% Tunnel Log: 
% Recall Log Version 2.0 debug seed: 1453748616
%
% SegEncNW { '0'=no panel, '1'=empty panel, '2'=player, '3'=match, '4'=nonmatch, '5'=obstacle, '6'=time warp }
% SegEncN
% SegEncNE
% SegEncE
% SegEncSE
% SegEncS
% SegEncSW
% SegEncW
% Event Number { 0, inf }
% Level Number { 0, inf }
% Task Type { 0=Recess, 1=Color/Sound, 2=Shape/Sound, 3=Sound, 4=AllFeatures }
% N-Back { 0, inf }
% Player Roll Base { 0, 359 }
% Player Roll Offset { 0, 359 }
% Player Roll Speed { -inf, inf }
% Player Fuel Timer { -inf, inf }
% Player Fuel Buffer { -inf, inf }
% Player Loc { 0=Northwest ... 7=West }
% Pod Loc { -1=N/A, 0=Northwest ... 7=West }
% Pod Color { -1=N/A, 0-3, 4=holdout, 5/6=special }
% Pod Shape { -1=N/A, 0-3, 4=holdout }
% Pod Sound { -1=N/A, 0-3, 4=holdout }
% Pod Match { -1=N/A, 0=No, 1=Yes }
% Pod Taken { -1=N/A, 0=No, 1=Yes }
% Pod Zapped { -1=N/A, 0=No, 1=Yes }
% Timestamp (ms)
% Num Obstacles { 0, inf }
% Level Ended { 0, 1 }
% Min Speed { 0, inf }
% Max Speed { 0, inf }
% Base Speed { 0, inf }
% Final Speed { 0, inf }
% Segment Direction { 0=Northwest ... 7=West }
% Segment Angle { 0, inf }
% Segment Panels { 0, inf }
%
% SegEncNW SecEncN SegEncNE SegEncE SegEncSE SegEncS SegEncSW SegEncW EventNumber LevelNumber TaskType N-Back PlayerRollBase PlayerRollOffset PlayerRollSpeed PlayerFuelTimer PlayerFuelBuffer PlayerLoc PodLoc PodColor PodShape PodSound PodMatch PodTaken PodZapped Timestamp NumObs LevelEnded MinSpeed MaxSpeed BaseSpeed FinalSpeed SegmentDir SegmentAngle SegmentPanels
0 0 0 0 1 2 1 0 0 0 0 0 353 1 55 29.9 0 5 -1 -1 -1 -1 -1 -1 -1 140834 0 0 10 40 15 60 6 2 3
0 0 0 0 1 2 1 0 0 0 0 0 353 0 11 29.7333 0 5 -1 -1 -1 -1 -1 -1 -1 141001 0 0 10 40 15 60 6 2 3
0 0 0 0 1 2 1 0 0 0 0 0 354 0 12 29.5667 0 5 -1 -1 -1 -1 -1 -1 -1 141167 0 0 10 40 15 60 6 2 3
0 0 0 0 1 2 1 0 0 0 0 0 357 0 15 29.4 0 5 -1 -1 -1 -1 -1 -1 -1 141334 0 0 10 40 15 51 6 2 3
0 0 0 0 1 2 1 0 0 0 0 0 9 -1 35 29.1333 0 5 -1 -1 -1 -1 -1 -1 -1 141601 0 0 10 40 15 27 6 0 3
0 0 0 0 1 2 1 0 0 0 0 0 343 1 59 28.5 0 5 -1 -1 -1 -1 -1 -1 -1 142234 0 0 10 40 15 15 6 0 3
0 0 0 0 2 1 1 0 0 0 0 0 315 1 39 27.8334 0 4 -1 -1 -1 -1 -1 -1 -1 142901 0 0 10 40 15 15 6 0 3
0 0 0 0 2 1 1 0 0 0 0 0 324 -1 42 27.1667 0 4 -1 -1 -1 -1 -1 -1 -1 143568 0 0 10 40 15 15 6 0 3
0 0 0 0 1 2 1 0 0 0 0 0 350 -1 38 26.5001 0 5 -1 -1 -1 -1 -1 -1 -1 144235 0 0 10 40 15 15 6 2 3
0 0 0 0 1 2 1 0 0 0 0 0 1 0 2 25.8334 0 5 -1 -1 -1 -1 -1 -1 -1 144902 0 0 10 40 15 15 6 2 3
0 0 0 0 1 3 1 0 0 0 0 0 346 1 39 25.1667 0 5 5 6 5 5 1 1 0 145568 0 0 10 40 15 15 6 2 3
0 0 0 0 2 1 1 0 0 0 0 0 336 0 3 27.1826 0 4 -1 -1 -1 -1 -1 -1 -1 146202 0 0 10 40 15.5 15.5 6 2 3
0 0 0 0 1 2 1 0 0 0 0 0 340 0 1 26.4937 0 5 -1 -1 -1 -1 -1 -1 -1 146869 0 0 10 40 15.5 15.5 7 0 3
0 0 0 0 2 1 1 0 0 0 0 0 321 0 4 25.8393 0 4 -1 -1 -1 -1 -1 -1 -1 147502 0 0 10 40 15.5 15.5 7 0 3
0 0 0 0 3 1 1 0 0 0 0 0 315 1 32 25.1504 0 4 4 6 5 5 1 1 0 148169 0 0 10 40 15.5 15.5 7 0 3
0 0 0 0 2 1 1 0 0 0 0 0 315 0 20 27.1807 0 4 -1 -1 -1 -1 -1 -1 -1 148769 0 0 10 40 16 16 7 0 3
0 0 0 0 2 1 1 0 0 0 0 0 316 0 19 26.5052 0 4 -1 -1 -1 -1 -1 -1 -1 149402 0 0 10 40 16 16 8 0 3
0 0 0 0 2 1 1 0 0 0 0 0 316 0 3 25.8296 0 4 -1 -1 -1 -1 -1 -1 -1 150036 0 0 10 40 16 16 6 2 3
0 0 0 0 3 1 1 0 0 0 0 0 315 0 8 25.1541 0 4 4 6 5 5 1 1 0 150669 0 0 10 40 16 16 6 2 3
0 0 0 0 2 1 1 0 0 0 0 0 323 -1 33 27.1644 0 4 -1 -1 -1 -1 -1 -1 -1 151270 0 0 10 40 16.5 16.5 6 2 3
0 0 0 0 1 2 1 0 0 0 0 0 358 -2 62 26.5044 0 5 -1 -1 -1 -1 -1 -1 -1 151870 0 0 10 40 16.5 16.5 6 2 3
0 0 0 0 1 1 2 0 0 0 0 0 38 -1 49 25.8444 0 6 -1 -1 -1 -1 -1 -1 -1 152470 0 0 10 40 16.5 16.5 6 0 3
0 0 0 0 1 1 3 0 0 0 0 0 40 1 35 25.1844 0 6 6 6 5 5 1 1 0 153070 0 0 10 40 16.5 16.5 6 0 3
0 0 0 0 1 2 1 0 0 0 0 0 11 1 52 27.1831 0 5 -1 -1 -1 -1 -1 -1 -1 153670 0 0 10 40 16.75 16.75 6 0 3
0 0 0 0 1 2 1 0 0 0 0 0 349 0 28 26.5131 0 5 -1 -1 -1 -1 -1 -1 -1 154270 0 0 10 40 16.75 16.75 6 0 3
0 0 0 0 1 2 1 0 0 0 0 0 351 0 17 25.8431 0 5 -1 -1 -1 -1 -1 -1 -1 154870 0 0 10 40 16.75 16.75 6 2 3
0 0 0 0 1 3 1 0 0 0 0 0 0 0 9 25.1731 0 5 5 6 5 5 1 1 0 155470 0 0 10 40 16.75 16.75 6 2 3
0 0 0 0 1 2 1 0 0 0 0 0 358 0 5 27.1618 0 5 -1 -1 -1 -1 -1 -1 -1 156071 0 0 10 40 17 17 6 2 3
0 0 0 0 1 2 1 0 0 0 0 0 357 0 1 26.5196 0 5 -1 -1 -1 -1 -1 -1 -1 156637 0 0 10 40 17 17 6 2 3
0 0 0 0 1 2 1 0 0 0 0 0 357 0 0 25.8396 0 5 -1 -1 -1 -1 -1 -1 -1 157237 0 0 10 40 17 17 7 0 3
0 0 0 0 1 3 1 0 0 0 0 0 0 0 10 25.1596 0 5 5 6 5 5 1 1 0 157838 0 0 10 40 17 17 7 0 3
0 0 0 0 1 2 1 0 0 0 0 0 10 0 22 27.1766 0 5 -1 -1 -1 -1 -1 -1 -1 158404 0 0 10 40 17.25 17.25 7 0 3
0 0 0 0 1 1 2 0 0 0 0 0 25 0 24 26.4866 0 6 -1 -1 -1 -1 -1 -1 -1 159005 0 0 10 40 17.25 17.25 7 0 3
0 0 0 0 1 1 2 0 0 0 0 0 40 0 20 25.8349 0 6 -1 -1 -1 -1 -1 -1 -1 159571 0 0 10 40 17.25 17.25 8 0 3
0 0 0 0 1 1 3 0 0 0 0 0 40 0 15 25.1832 0 6 6 6 5 5 1 1 0 160138 0 0 10 40 17.25 17.25 6 2 3
0 0 0 0 1 2 1 0 0 0 0 0 17 1 49 27.1519 0 5 -1 -1 -1 -1 -1 -1 -1 160738 0 0 10 40 17.5 17.5 6 2 3
0 0 0 0 1 2 1 0 0 0 0 0 345 1 46 26.4908 0 5 -1 -1 -1 -1 -1 -1 -1 161305 0 0 10 40 17.5 17.5 6 2 3
0 0 0 0 1 2 1 0 0 0 0 0 338 0 11 25.8297 0 5 -1 -1 -1 -1 -1 -1 -1 161872 0 0 10 40 17.5 17.5 6 2 3
0 0 0 0 1 3 1 0 0 0 0 0 344 0 15 25.1686 0 5 5 6 5 5 1 1 0 162439 0 0 10 40 17.5 17.5 6 0 3
0 0 0 0 1 2 1 0 0 0 0 0 343 0 8 27.1667 0 5 -1 -1 -1 -1 -1 -1 -1 163005 0 0 10 40 17.75 17.75 6 0 3
0 0 0 1 2 1 1 1 0 0 0 0 316 2 66 26.4961 0 4 -1 -1 -1 -1 -1 -1 -1 163572 0 0 10 40 17.75 17.75 6 0 5
0 0 0 1 2 1 1 1 0 0 0 0 302 0 26 25.8256 0 4 -1 -1 -1 -1 -1 -1 -1 164139 0 0 10 40 17.75 17.75 6 0 5
0 0 0 1 3 1 1 1 0 0 0 0 315 0 26 25.155 0 4 4 6 5 5 1 1 0 164706 0 0 10 40 17.75 17.75 6 2 5
0 0 0 1 2 1 1 1 0 0 0 0 329 0 33 27.1837 0 4 -1 -1 -1 -1 -1 -1 -1 165239 0 0 10 40 18 18 6 2 5
0 0 0 1 2 1 1 1 0 0 0 0 302 2 66 26.5037 0 4 -1 -1 -1 -1 -1 -1 -1 165806 0 0 10 40 18 18 6 2 5
0 0 0 2 1 1 1 1 0 0 0 0 271 1 52 25.8237 0 3 -1 -1 -1 -1 -1 -1 -1 166373 0 0 10 40 18 18 6 2 5
0 0 0 3 1 1 1 1 0 0 0 0 270 1 40 25.1837 0 3 3 6 5 5 1 1 0 166906 0 0 10 40 18 18 7 0 5
0 0 0 2 1 1 1 1 0 0 0 0 270 0 6 27.1629 0 3 -1 -1 -1 -1 -1 -1 -1 167473 0 0 10 40 18.25 18.25 7 0 5
0 0 0 2 1 1 1 1 0 0 0 0 270 0 23 26.514 0 3 -1 -1 -1 -1 -1 -1 -1 168006 0 0 10 40 18.25 18.25 7 0 5
0 0 0 2 1 1 1 1 0 0 0 0 270 0 21 25.8245 0 3 -1 -1 -1 -1 -1 -1 -1 168573 0 0 10 40 18.25 18.25 7 0 5
0 0 0 3 1 1 1 1 0 0 0 0 270 0 14 25.1756 0 3 3 6 5 5 1 1 0 169107 0 0 10 40 18.25 18.25 8 0 5
0 0 0 2 1 1 1 1 0 0 0 0 270 0 11 27.1865 0 3 -1 -1 -1 -1 -1 -1 -1 169640 0 0 10 40 18.5 18.5 6 2 5
0 0 0 2 1 1 1 1 0 0 0 0 270 0 15 26.4876 0 3 -1 -1 -1 -1 -1 -1 -1 170207 0 0 10 40 18.5 18.5 6 2 5
0 0 0 2 1 1 1 1 0 0 0 0 270 0 12 25.8298 0 3 -1 -1 -1 -1 -1 -1 -1 170740 0 0 10 40 18.5 18.5 6 2 5
0 0 0 3 1 1 1 1 0 0 0 0 270 0 17 25.1721 0 3 3 6 5 5 1 1 0 171274 0 0 10 40 18.5 18.5 6 2 5
0 0 0 2 1 1 1 1 0 0 0 0 270 0 24 27.1741 0 3 -1 -1 -1 -1 -1 -1 -1 171807 0 0 10 40 18.75 18.75 6 0 5
0 0 0 2 1 1 1 1 0 0 0 0 279 -2 62 26.5074 0 3 -1 -1 -1 -1 -1 -1 -1 172341 0 0 10 40 18.75 18.75 6 0 5
0 0 0 1 2 1 1 1 0 0 0 0 308 -2 62 25.8408 0 4 -1 -1 -1 -1 -1 -1 -1 172874 0 0 10 40 18.75 18.75 6 0 5
0 0 0 1 3 1 1 1 0 0 0 0 324 0 25 25.1741 0 4 4 6 5 5 1 1 0 173408 0 0 10 40 18.75 18.75 6 0 5
0 0 0 1 2 1 1 1 0 0 0 0 337 0 24 27.1672 0 4 -1 -1 -1 -1 -1 -1 -1 173941 0 0 10 40 19 19 6 2 5
0 0 0 1 1 2 1 1 0 0 0 0 348 0 14 26.4916 0 5 -1 -1 -1 -1 -1 -1 -1 174474 0 0 10 40 19 19 6 2 5
0 0 0 1 1 2 1 1 0 0 0 0 357 0 23 25.8583 0 5 -1 -1 -1 -1 -1 -1 -1 174975 0 0 10 40 19 19 6 2 5
0 0 0 1 1 3 1 1 0 0 0 0 3 0 4 25.1827 0 5 5 6 5 5 1 1 0 175508 0 0 10 40 19 19 6 2 5
0 0 0 1 1 2 1 1 0 0 0 0 8 0 16 27.167 0 5 -1 -1 -1 -1 -1 -1 -1 176041 0 0 10 40 19.25 19.25 7 0 5
0 0 0 1 1 2 1 1 0 0 0 0 346 1 54 26.5253 0 5 -1 -1 -1 -1 -1 -1 -1 176542 0 0 10 40 19.25 19.25 7 0 5
0 0 0 1 2 1 1 1 0 0 0 0 307 3 113 25.8408 0 4 -1 -1 -1 -1 -1 -1 -1 177075 0 0 10 40 19.25 19.25 7 0 5
0 0 0 3 1 1 1 1 0 0 0 0 270 2 60 25.1564 0 3 3 6 5 5 1 1 0 177608 0 0 10 40 19.25 19.25 7 0 5
0 0 0 2 1 1 1 1 0 0 0 0 270 1 53 27.1751 0 3 -1 -1 -1 -1 -1 -1 -1 178109 0 0 10 40 19.5 19.5 8 0 5
0 0 0 2 1 1 1 1 0 0 0 0 270 0 2 26.5251 0 3 -1 -1 -1 -1 -1 -1 -1 178609 0 0 10 40 19.5 19.5 6 2 5
0 0 0 2 1 1 1 1 0 0 0 0 287 -1 41 25.8317 0 3 -1 -1 -1 -1 -1 -1 -1 179142 0 0 10 40 19.5 19.5 6 2 5
0 0 0 1 3 1 1 1 0 0 0 0 311 -1 30 25.1817 0 4 4 6 5 5 1 1 0 179642 0 0 10 40 19.5 19.5 6 2 5
0 0 0 1 2 1 1 1 0 0 0 0 318 0 19 27.1921 0 4 -1 -1 -1 -1 -1 -1 -1 180142 0 0 10 40 19.75 19.75 6 2 5
0 0 0 1 1 2 1 1 0 0 0 0 341 -1 44 26.4899 0 5 -1 -1 -1 -1 -1 -1 -1 180676 0 0 10 40 19.75 19.75 6 0 5
0 0 0 1 1 2 1 1 0 0 0 0 358 0 20 25.8315 0 5 -1 -1 -1 -1 -1 -1 -1 181176 0 0 10 40 19.75 19.75 6 0 5
0 0 0 1 1 3 1 1 0 0 0 0 358 0 21 25.1732 0 5 5 6 5 5 1 1 0 181676 0 0 10 40 19.75 19.75 6 0 5
0 0 0 1 1 2 1 1 0 0 0 0 346 0 24 27.1752 0 5 -1 -1 -1 -1 -1 -1 -1 182176 0 0 10 40 20 20 6 0 5
0 0 0 1 2 1 1 1 0 0 0 0 323 1 39 26.5085 0 4 -1 -1 -1 -1 -1 -1 -1 182676 0 0 10 40 20 20 6 2 5
0 0 0 1 2 1 1 1 0 0 0 0 308 1 35 25.8419 0 4 -1 -1 -1 -1 -1 -1 -1 183176 0 0 10 40 20 20 6 2 5
0 0 0 1 3 1 1 1 0 0 0 0 304 0 19 25.1752 0 4 4 6 5 5 1 1 0 183676 0 0 10 40 20 20 6 2 5
0 0 0 1 2 1 1 1 0 0 0 0 300 0 19 27.1689 0 4 -1 -1 -1 -1 -1 -1 -1 184177 0 0 10 40 20.25 20.25 6 2 5
1 0 1 1 2 1 1 1 0 0 0 0 315 -1 37 26.4939 0 4 -1 -1 -1 -1 -1 -1 -1 184677 0 0 10 40 20.25 20.25 7 0 7
1 0 1 1 2 1 1 1 0 0 0 0 340 -1 57 25.8639 0 4 -1 -1 -1 -1 -1 -1 -1 185143 0 0 10 40 20.25 20.25 7 0 7
1 0 1 1 1 3 1 1 0 0 0 0 358 0 24 25.1889 0 5 5 6 5 5 1 1 0 185644 0 0 10 40 20.25 20.25 7 0 7
1 0 1 1 1 2 1 1 0 0 0 0 1 0 4 27.1742 0 5 -1 -1 -1 -1 -1 -1 -1 186144 0 0 10 40 20.5 20.5 7 0 7
1 0 1 1 1 2 1 1 0 0 0 0 20 -2 80 26.4909 0 5 -1 -1 -1 -1 -1 -1 -1 186644 0 0 10 40 20.5 20.5 8 0 7
1 0 1 1 1 1 2 1 0 0 0 0 55 -2 87 25.8531 0 6 -1 -1 -1 -1 -1 -1 -1 187111 0 0 10 40 20.5 20.5 6 2 7
1 0 1 1 1 1 1 3 0 0 0 0 100 -1 55 25.1698 0 7 7 6 5 5 1 1 0 187611 0 0 10 40 20.5 20.5 6 2 7
2 0 1 1 1 1 1 1 0 0 0 0 118 0 24 27.1929 0 0 -1 -1 -1 -1 -1 -1 -1 188077 0 0 10 40 20.75 20.75 6 2 7
1 0 1 1 1 1 1 2 0 0 0 0 101 1 46 26.5012 0 7 -1 -1 -1 -1 -1 -1 -1 188577 0 0 10 40 20.75 20.75 6 2 7
1 0 1 1 1 1 1 2 0 0 0 0 66 2 84 25.8556 0 7 -1 -1 -1 -1 -1 -1 -1 189044 0 0 10 40 20.75 20.75 6 0 7
1 0 1 1 1 1 3 1 0 0 0 0 32 1 46 25.1639 0 6 6 6 5 5 1 1 0 189544 0 0 10 40 20.75 20.75 6 0 7
1 0 1 1 1 2 1 1 0 0 0 0 5 1 50 27.1793 0 5 -1 -1 -1 -1 -1 -1 -1 190011 0 0 10 40 21 21 6 0 7
1 0 1 1 1 2 1 1 0 0 0 0 356 0 27 26.5259 0 5 -1 -1 -1 -1 -1 -1 -1 190478 0 0 10 40 21 21 6 0 7
1 0 1 1 1 1 2 1 0 0 0 0 49 -4 134 25.8259 0 6 -1 -1 -1 -1 -1 -1 -1 190978 0 0 10 40 21 21 6 2 7
3 0 1 1 1 1 1 2 0 0 0 0 128 -7 278 25.1726 0 7 0 6 5 5 1 0 0 191445 0 0 10 40 21 21 6 2 7
2 0 1 1 1 1 1 1 0 0 0 0 135 -2 61 24.5192 0 0 -1 -1 -1 -1 -1 -1 -1 191912 0 0 10 40 21 21 6 2 7
2 0 1 1 1 1 1 1 0 0 0 0 135 0 11 23.8659 0 0 -1 -1 -1 -1 -1 -1 -1 192378 0 0 10 40 21 21 6 2 7
1 0 1 1 1 1 1 2 0 0 0 0 108 1 42 23.1659 0 7 -1 -1 -1 -1 -1 -1 -1 192878 0 0 10 40 21 21 7 0 7
1 0 1 1 1 1 1 3 0 0 0 0 79 2 61 22.5126 0 7 7 6 5 5 1 1 0 193345 0 0 10 40 21 21 7 0 7
1 0 1 1 1 1 2 1 0 0 0 0 60 0 25 24.5201 0 6 -1 -1 -1 -1 -1 -1 -1 193812 0 0 10 40 21.25 21.25 7 0 7
1 0 1 1 1 1 2 1 0 0 0 0 69 -1 52 23.859 0 6 -1 -1 -1 -1 -1 -1 -1 194279 0 0 10 40 21.25 21.25 7 0 7
1 0 1 1 1 1 1 2 0 0 0 0 84 -1 31 23.1979 0 7 -1 -1 -1 -1 -1 -1 -1 194745 0 0 10 40 21.25 21.25 8 0 7
1 0 1 1 1 1 1 3 0 0 0 0 88 1 36 22.4896 0 7 7 6 5 5 1 1 0 195246 0 0 10 40 21.25 21.25 6 2 7
1 0 1 1 1 1 1 2 0 0 0 0 77 1 34 24.4893 0 7 -1 -1 -1 -1 -1 -1 -1 195712 0 0 10 40 21.5 21.5 6 2 7
1 0 1 1 1 1 2 1 0 0 0 0 54 1 50 23.8682 0 6 -1 -1 -1 -1 -1 -1 -1 196146 0 0 10 40 21.5 21.5 6 2 7
1 0 1 1 1 1 2 1 0 0 0 0 33 1 41 23.1994 0 6 -1 -1 -1 -1 -1 -1 -1 196613 0 0 10 40 21.5 21.5 6 2 7
1 0 1 1 1 1 3 1 0 0 0 0 34 0 13 22.5305 0 6 6 6 5 5 1 1 0 197079 0 0 10 40 21.5 21.5 6 0 7
1 0 1 1 1 1 2 1 0 0 0 0 34 0 5 24.5225 0 6 -1 -1 -1 -1 -1 -1 -1 197546 0 0 10 40 21.75 21.75 6 0 7
1 0 1 1 1 1 2 1 0 0 0 0 36 0 19 23.8458 0 6 -1 -1 -1 -1 -1 -1 -1 198013 0 0 10 40 21.75 21.75 6 0 7
1 0 1 1 1 1 2 1 0 0 0 0 44 0 6 23.1691 0 6 -1 -1 -1 -1 -1 -1 -1 198480 0 0 10 40 21.75 21.75 6 0 7
1 0 1 1 1 1 3 1 0 0 0 0 48 0 4 22.4924 0 6 6 6 5 5 1 1 0 198946 0 0 10 40 21.75 21.75 6 2 7
1 0 1 1 1 1 2 1 0 0 0 0 47 0 29 24.5255 0 6 -1 -1 -1 -1 -1 -1 -1 199380 0 0 10 40 22 22 6 2 7
1 0 1 1 1 2 1 1 0 0 0 0 15 2 82 23.8411 0 5 -1 -1 -1 -1 -1 -1 -1 199847 0 0 10 40 22 22 6 2 7
1 0 1 1 1 2 1 1 0 0 0 0 335 2 79 23.1566 0 5 -1 -1 -1 -1 -1 -1 -1 200313 0 0 10 40 22 22 6 2 7
1 0 1 1 3 1 1 1 0 0 0 0 303 2 68 22.5211 0 4 4 6 5 5 1 1 0 200747 0 0 10 40 22 22 7 0 7
1 0 1 1 2 1 1 1 0 0 0 0 298 0 13 24.4975 0 4 -1 -1 -1 -1 -1 -1 -1 201214 0 0 10 40 22.25 22.25 7 0 7
1 0 1 2 1 1 1 1 0 0 0 0 285 1 34 23.8548 0 3 -1 -1 -1 -1 -1 -1 -1 201647 0 0 10 40 22.25 22.25 7 0 7
1 0 1 2 1 1 1 1 0 0 0 0 271 0 24 23.1625 0 3 -1 -1 -1 -1 -1 -1 -1 202114 0 0 10 40 22.25 22.25 7 0 7
1 0 1 3 1 1 1 1 0 0 0 0 265 0 12 22.5198 0 3 3 6 5 5 1 1 0 202547 0 0 10 40 22.25 22.25 8 0 7
1 0 1 2 1 1 1 1 0 0 0 0 253 2 69 24.4884 0 3 -1 -1 -1 -1 -1 -1 -1 203014 0 0 10 40 22.5 22.5 6 2 7
1 1 2 1 1 1 1 1 0 0 0 0 231 1 42 23.8385 0 2 -1 -1 -1 -1 -1 -1 -1 203447 0 0 10 40 22.5 22.5 6 2 8
1 1 2 1 1 1 1 1 0 0 0 0 217 1 30 23.1885 0 2 -1 -1 -1 -1 -1 -1 -1 203881 0 0 10 40 22.5 22.5 6 2 8
1 1 3 1 1 1 1 1 0 0 0 0 225 0 26 22.4885 0 2 2 6 5 5 1 1 0 204348 0 0 10 40 22.5 22.5 6 2 8
1 1 2 1 1 1 1 1 0 0 0 0 235 0 16 24.4999 0 2 -1 -1 -1 -1 -1 -1 -1 204781 0 0 10 40 22.75 22.75 6 0 8
1 1 2 1 1 1 1 1 0 0 0 0 227 1 55 23.8427 0 2 -1 -1 -1 -1 -1 -1 -1 205214 0 0 10 40 22.75 22.75 6 0 8
1 2 1 1 1 1 1 1 0 0 0 0 173 6 184 23.1855 0 1 -1 -1 -1 -1 -1 -1 -1 205648 0 0 10 40 22.75 22.75 6 0 8
3 1 1 1 1 1 1 1 0 0 0 0 108 2 84 22.5282 0 0 0 6 5 5 1 1 0 206081 0 0 10 40 22.75 22.75 6 0 8
1 1 1 1 1 1 1 2 0 0 0 0 79 1 54 24.5324 0 7 -1 -1 -1 -1 -1 -1 -1 206515 0 0 10 40 23 23 6 2 8
1 1 1 1 1 1 2 1 0 0 0 0 63 0 13 23.868 0 6 -1 -1 -1 -1 -1 -1 -1 206948 0 0 10 40 23 23 6 2 8
1 1 1 1 1 1 1 2 0 0 0 0 79 0 22 23.2035 0 7 -1 -1 -1 -1 -1 -1 -1 207382 0 0 10 40 23 23 6 2 8
1 1 1 1 1 1 1 3 0 0 0 0 95 0 26 22.488 0 7 7 6 5 5 1 1 0 207848 0 0 10 40 23 23 6 2 8
1 1 1 1 1 1 1 2 0 0 0 0 94 0 13 24.5367 0 7 -1 -1 -1 -1 -1 -1 -1 208248 0 0 10 40 23.25 23.25 7 0 8
1 1 1 1 1 1 1 2 0 0 0 0 95 0 18 23.865 0 7 -1 -1 -1 -1 -1 -1 -1 208682 0 0 10 40 23.25 23.25 7 0 8
1 1 1 1 1 1 1 2 0 0 0 0 87 2 66 23.1933 0 7 -1 -1 -1 -1 -1 -1 -1 209115 0 0 10 40 23.25 23.25 7 0 8
1 1 1 1 1 1 1 3 0 0 0 0 74 0 24 22.5217 0 7 7 6 5 5 1 1 0 209549 0 0 10 40 23.25 23.25 7 0 8
1 1 1 1 1 1 2 1 0 0 0 0 63 0 19 24.5115 0 6 -1 -1 -1 -1 -1 -1 -1 209982 0 0 10 40 23.5 23.5 8 0 8
1 1 1 1 1 1 2 1 0 0 0 0 53 0 19 23.8326 0 6 -1 -1 -1 -1 -1 -1 -1 210415 0 0 10 40 23.5 23.5 6 2 8
1 1 1 1 1 1 2 1 0 0 0 0 46 0 21 23.1537 0 6 -1 -1 -1 -1 -1 -1 -1 210849 0 0 10 40 23.5 23.5 6 2 8
1 1 1 1 1 1 3 1 0 0 0 0 40 0 0 22.5271 0 6 6 6 5 5 1 1 0 211249 0 0 10 40 23.5 23.5 6 2 8
1 1 1 1 1 1 2 1 0 0 0 0 39 0 1 24.5096 0 6 -1 -1 -1 -1 -1 -1 -1 211682 0 0 10 40 23.75 23.75 6 2 8
1 1 1 1 1 1 2 1 0 0 0 0 46 0 10 23.8235 0 6 -1 -1 -1 -1 -1 -1 -1 212116 0 0 10 40 23.75 23.75 6 0 8
1 1 1 1 1 1 2 1 0 0 0 0 50 0 9 23.1902 0 6 -1 -1 -1 -1 -1 -1 -1 212516 0 0 10 40 23.75 23.75 6 0 8
1 1 1 1 1 1 3 1 0 0 0 0 51 0 0 22.504 0 6 6 6 5 5 1 1 0 212949 0 0 10 40 23.75 23.75 6 0 8
1 1 1 1 1 1 2 1 0 0 0 0 45 1 35 24.5327 0 6 -1 -1 -1 -1 -1 -1 -1 213349 0 0 10 40 24 24 6 0 8
1 1 1 1 1 1 2 1 0 0 0 0 45 -2 74 23.8394 0 6 -1 -1 -1 -1 -1 -1 -1 213783 0 0 10 40 24 24 6 2 8
1 1 1 1 1 1 1 2 0 0 0 0 96 -2 87 23.1994 0 7 -1 -1 -1 -1 -1 -1 -1 214183 0 0 10 40 24 24 6 2 8
3 1 1 1 1 1 1 1 0 0 0 0 145 -5 174 22.506 0 0 0 6 5 5 1 1 0 214616 0 0 10 40 24 24 6 2 8
1 2 1 1 1 1 1 1 0 0 0 0 179 -2 67 24.528 0 1 -1 -1 -1 -1 -1 -1 -1 215016 0 0 10 40 24.25 24.25 6 2 8
1 2 1 1 1 1 1 1 0 0 0 0 177 2 65 23.8275 0 1 -1 -1 -1 -1 -1 -1 -1 215450 0 0 10 40 24.25 24.25 7 0 8
2 1 1 1 1 1 1 1 0 0 0 0 153 1 56 23.1808 0 0 -1 -1 -1 -1 -1 -1 -1 215850 0 0 10 40 24.25 24.25 7 0 8
3 1 1 1 1 1 1 1 0 0 0 0 133 1 52 22.5342 0 0 0 6 5 5 1 1 0 216250 0 0 10 40 24.25 24.25 7 0 8
2 1 1 1 1 1 1 1 0 0 0 0 117 1 36 24.4951 0 0 -1 -1 -1 -1 -1 -1 -1 216683 0 0 10 40 24.5 24.5 7 0 8
2 1 1 1 1 1 1 1 0 0 0 0 117 -1 49 23.8417 0 0 -1 -1 -1 -1 -1 -1 -1 217084 0 0 10 40 24.5 24.5 8 0 8
1 2 1 1 1 1 1 1 0 0 0 0 171 -3 111 23.1884 0 1 -1 -1 -1 -1 -1 -1 -1 217484 0 0 10 40 24.5 24.5 6 2 8
1 1 3 1 1 1 1 1 0 0 0 0 231 -7 263 22.535 0 2 2 6 5 5 1 1 0 217884 0 0 10 40 24.5 24.5 6 2 8
1 1 1 2 1 1 1 1 0 0 0 0 279 -1 52 24.4887 0 3 -1 -1 -1 -1 -1 -1 -1 218317 0 0 10 40 24.75 24.75 6 2 8
1 1 1 2 1 1 1 1 0 0 0 0 272 3 111 23.8287 0 3 -1 -1 -1 -1 -1 -1 -1 218717 0 0 10 40 24.75 24.75 6 2 8
1 1 2 1 1 1 1 1 0 0 0 0 221 4 121 23.3337 0 2 -1 -1 -1 -1 -1 -1 -1 219051 0 1 10 40 24.75 60 6 0 8
3 1 2 1 1 1 1 1 0 0 0 0 221 4 129 23.3337 0 2 0 6 5 5 1 0 0 219217 0 1 10 40 24.75 60 6 0 8
1 1 2 1 1 1 1 1 0 0 0 0 221 6 264 23.3337 0 2 -1 -1 -1 -1 -1 -1 -1 219384 0 1 10 40 24.75 60 6 0 8
1 1 2 1 1 1 1 1 0 0 0 0 221 7 193 23.3337 0 2 -1 -1 -1 -1 -1 -1 -1 219551 0 1 10 40 24.75 60 6 0 8
1 1 2 1 1 1 1 1 0 0 0 0 221 6 189 23.3337 0 2 -1 -1 -1 -1 -1 -1 -1 219717 0 1 10 40 24.75 60 6 2 8
1 1 2 1 1 1 1 1 0 0 0 0 221 6 189 23.3337 0 2 -1 -1 -1 -1 -1 -1 -1 219884 0 1 10 40 24.75 60 6 2 8
1 1 2 1 1 1 1 1 0 0 0 0 221 5 155 23.3337 0 2 -1 -1 -1 -1 -1 -1 -1 220051 0 1 10 40 24.75 60 6 2 8
1 1 2 1 1 1 1 1 0 0 0 0 221 3 114 23.3337 0 2 -1 -1 -1 -1 -1 -1 -1 220218 0 1 10 40 24.75 60 6 2 8
1 1 2 1 1 1 1 1 0 0 0 0 221 2 85 23.3337 0 2 -1 -1 -1 -1 -1 -1 -1 220384 0 1 10 40 24.75 60 7 0 8
1 1 2 1 1 1 1 1 0 0 0 0 221 2 64 23.3337 0 2 -1 -1 -1 -1 -1 -1 -1 220551 0 1 10 40 24.75 60 7 0 8
1 1 2 1 1 1 1 1 0 0 0 0 221 2 64 23.3337 0 2 -1 -1 -1 -1 -1 -1 -1 220718 0 1 10 40 24.75 60 7 0 8
0 0 0 0 1 2 1 0 1 0 4 1 359 0 8 29.9 0 5 -1 -1 -1 -1 -1 -1 -1 260324 0 0 10 40 15 60 1 0 3
0 0 0 0 1 2 1 0 1 0 4 1 356 0 20 29.7333 0 5 -1 -1 -1 -1 -1 -1 -1 260491 0 0 10 40 15 60 1 0 3
0 0 0 0 1 2 1 0 1 0 4 1 353 0 23 29.5667 0 5 -1 -1 -1 -1 -1 -1 -1 260657 0 0 10 40 15 60 1 0 3
0 0 0 0 1 2 1 0 1 0 4 1 348 0 20 29.4 0 5 -1 -1 -1 -1 -1 -1 -1 260824 0 0 10 40 15 51 1 0 3
0 0 0 0 1 2 1 0 1 0 4 1 344 0 7 29.1333 0 5 -1 -1 -1 -1 -1 -1 -1 261091 0 0 10 40 15 27 5 1 3
0 0 0 0 1 2 1 0 1 0 4 1 346 0 17 28.5 0 5 -1 -1 -1 -1 -1 -1 -1 261724 0 0 10 40 15 15 5 1 3
0 0 0 0 1 2 1 0 1 0 4 1 359 0 20 27.8334 0 5 -1 -1 -1 -1 -1 -1 -1 262390 0 0 10 40 15 15 5 1 3
0 0 0 0 1 2 1 0 1 0 4 1 346 2 61 27.1667 0 5 -1 -1 -1 -1 -1 -1 -1 263057 0 0 10 40 15 15 5 1 3
0 0 0 0 2 1 1 0 1 0 4 1 315 1 34 26.5001 0 4 -1 -1 -1 -1 -1 -1 -1 263723 0 0 10 40 15 15 1 1 3
0 0 0 0 2 1 1 0 1 0 4 1 315 1 30 25.8334 0 4 -1 -1 -1 -1 -1 -1 -1 264390 0 0 10 40 15 15 1 1 3
0 0 0 0 4 1 1 0 1 0 4 1 315 0 13 25.1667 0 4 4 2 2 2 0 1 0 265056 0 0 10 40 15 15 1 1 3
0 0 0 0 2 1 1 0 1 0 4 1 322 0 24 29.4333 0 4 -1 -1 -1 -1 -1 -1 -1 265723 0 0 10 40 15 15 1 1 3
0 0 0 0 1 2 1 0 1 0 4 1 354 -1 53 28.7667 0 5 -1 -1 -1 -1 -1 -1 -1 272055 0 0 10 40 15 15 2 1 3
0 0 0 0 1 2 1 0 1 0 4 1 0 0 18 28.4334 2.32256 5 -1 -1 -1 -1 -1 -1 -1 272721 0 0 10 40 15.5 15.5 2 1 3
0 0 0 0 1 3 1 0 1 0 4 1 358 0 0 28.4334 1.66811 5 5 2 2 2 1 1 1 273354 0 0 10 40 15.5 15.5 2 1 3
0 0 0 0 1 2 1 0 1 0 4 1 358 0 3 28.4334 1.01367 5 -1 -1 -1 -1 -1 -1 -1 273988 0 0 10 40 15.5 15.5 2 1 3
0 0 0 0 1 2 1 0 1 0 4 1 357 0 5 28.4334 0.32478 5 -1 -1 -1 -1 -1 -1 -1 274654 0 0 10 40 15.5 15.5 8 0 3
0 0 0 0 1 2 1 0 1 0 4 1 354 0 8 28.143 0 5 -1 -1 -1 -1 -1 -1 -1 275287 0 0 10 40 15.5 15.5 1 0 3
0 0 0 0 1 4 1 0 1 0 4 1 353 0 2 27.4886 0 5 5 0 1 1 0 1 0 275920 0 0 10 40 15.5 15.5 1 0 3
0 0 0 0 1 2 1 0 1 0 4 1 346 1 36 29.4144 0 5 -1 -1 -1 -1 -1 -1 -1 276587 0 0 10 40 15.5 15.5 1 0 3
0 0 0 0 2 1 1 0 1 0 4 1 315 2 65 28.76 0 4 -1 -1 -1 -1 -1 -1 -1 277220 0 0 10 40 15.5 15.5 1 0 3
0 0 0 0 2 1 1 0 1 0 4 1 315 1 52 28.4155 2.347 4 -1 -1 -1 -1 -1 -1 -1 277853 0 0 10 40 16 16 5 1 3
0 0 0 0 3 1 1 0 1 0 4 1 315 1 30 28.4155 1.67144 4 4 0 1 1 1 1 1 278486 0 0 10 40 16 16 5 1 3
0 0 0 0 2 1 1 0 1 0 4 1 315 0 19 28.4155 0.995887 4 -1 -1 -1 -1 -1 -1 -1 279120 0 0 10 40 16 16 5 1 3
0 0 0 0 2 1 1 0 1 0 4 1 315 0 28 28.4155 0.355887 4 -1 -1 -1 -1 -1 -1 -1 279719 0 0 10 40 16 16 5 1 3
0 0 0 0 2 1 1 0 1 0 4 1 315 0 15 28.1663 0 4 -1 -1 -1 -1 -1 -1 -1 280353 0 0 10 40 16 16 1 1 3
0 0 0 0 4 1 1 0 1 0 4 1 316 0 13 27.4908 0 4 4 2 2 2 0 1 0 280986 0 0 10 40 16 16 1 1 3
0 0 0 0 1 2 1 0 1 0 4 1 342 -1 48 29.4311 0 5 -1 -1 -1 -1 -1 -1 -1 281619 0 0 10 40 16 16 1 1 3
0 0 0 0 1 2 1 0 1 0 4 1 3 -1 30 28.7911 0 5 -1 -1 -1 -1 -1 -1 -1 282219 0 0 10 40 16 16 1 1 3
0 0 0 0 1 2 1 0 1 0 4 1 3 0 8 28.1156 0 5 -1 -1 -1 -1 -1 -1 -1 282852 0 0 10 40 16 16 2 1 3
0 0 0 0 1 4 1 0 1 0 4 1 358 0 20 27.44 0 5 5 3 3 3 0 1 0 283485 0 0 10 40 16 16 2 1 3
0 0 0 0 1 2 1 0 1 0 4 1 354 0 25 29.4311 0 5 -1 -1 -1 -1 -1 -1 -1 284118 0 0 10 40 16 16 2 1 3
0 0 0 0 1 2 1 0 1 0 4 1 22 -1 47 28.7911 0 5 -1 -1 -1 -1 -1 -1 -1 284718 0 0 10 40 16 16 2 1 3
0 0 0 0 1 1 2 0 1 0 4 1 45 0 29 28.3289 2.447 6 -1 -1 -1 -1 -1 -1 -1 285351 0 0 10 40 16.5 16.5 8 0 3
0 0 0 0 1 1 3 0 1 0 4 1 45 0 23 28.3289 1.787 6 6 3 3 3 1 1 1 285951 0 0 10 40 16.5 16.5 1 0 3
0 0 0 0 1 1 2 0 1 0 4 1 22 1 54 28.3289 1.127 6 -1 -1 -1 -1 -1 -1 -1 286551 0 0 10 40 16.5 16.5 1 0 3
0 0 0 0 1 2 1 0 1 0 4 1 21 0 28 28.3289 0.430335 5 -1 -1 -1 -1 -1 -1 -1 287184 0 0 10 40 16.5 16.5 1 0 3
0 0 0 0 1 1 2 0 1 0 4 1 40 -1 31 28.2286 2.55533 6 -1 -1 -1 -1 -1 -1 -1 287784 0 0 10 40 16.75 16.75 1 0 3
0 0 0 0 1 1 3 0 1 0 4 1 45 0 24 28.2286 1.88533 6 6 3 3 3 1 1 1 288384 0 0 10 40 16.75 16.75 5 1 3
0 0 0 0 1 1 2 0 1 0 4 1 42 0 27 28.2286 1.21533 6 -1 -1 -1 -1 -1 -1 -1 288984 0 0 10 40 16.75 16.75 5 1 3
0 0 0 0 1 1 2 0 1 0 4 1 19 2 64 28.2286 0.582556 6 -1 -1 -1 -1 -1 -1 -1 289550 0 0 10 40 16.75 16.75 5 1 3
0 0 0 0 1 2 1 0 1 0 4 1 342 2 64 28.1671 0 5 -1 -1 -1 -1 -1 -1 -1 290150 0 0 10 40 16.75 16.75 5 1 3
0 0 0 0 1 4 1 0 1 0 4 1 341 0 15 27.4971 0 5 5 2 2 2 0 1 0 290750 0 0 10 40 16.75 16.75 1 1 3
0 0 0 0 2 1 1 0 1 0 4 1 336 0 3 29.4417 0 4 -1 -1 -1 -1 -1 -1 -1 291350 0 0 10 40 16.75 16.75 1 1 3
0 0 0 0 1 2 1 0 1 0 4 1 350 0 25 28.7717 0 5 -1 -1 -1 -1 -1 -1 -1 291950 0 0 10 40 16.75 16.75 1 1 3
0 0 0 0 1 2 1 0 1 0 4 1 1 0 3 28.1017 0 5 -1 -1 -1 -1 -1 -1 -1 292550 0 0 10 40 16.75 16.75 1 1 3
0 0 0 0 1 4 1 0 1 0 4 1 3 0 9 27.4322 0 5 5 3 3 3 0 1 1 293183 0 0 10 40 15.75 15.75 2 1 3
0 0 0 0 1 2 1 0 1 0 4 1 7 0 16 26.7672 0 5 -1 -1 -1 -1 -1 -1 -1 293816 0 0 10 40 15.75 15.75 2 1 3
0 0 0 0 1 2 1 0 1 0 4 1 17 0 1 26.1022 0 5 -1 -1 -1 -1 -1 -1 -1 294449 0 0 10 40 15.75 15.75 2 1 3
0 0 0 0 1 2 1 0 1 0 4 1 354 1 36 25.4373 0 5 -1 -1 -1 -1 -1 -1 -1 295082 0 0 10 40 15.75 15.75 2 1 3
0 0 0 0 1 4 1 0 1 0 4 1 344 0 7 24.7723 0 5 5 2 2 2 0 1 0 295716 0 0 10 40 15.75 15.75 8 0 3
0 0 0 0 1 2 1 0 1 0 4 1 342 0 20 29.44 0 5 -1 -1 -1 -1 -1 -1 -1 296349 0 0 10 40 15.75 15.75 1 0 3
0 0 0 0 1 2 1 0 1 0 4 1 9 -1 59 28.775 0 5 -1 -1 -1 -1 -1 -1 -1 296982 0 0 10 40 15.75 15.75 1 0 3
0 0 0 0 1 1 2 0 1 0 4 1 40 -1 34 28.11 0 6 -1 -1 -1 -1 -1 -1 -1 297615 0 0 10 40 15.75 15.75 1 0 3
0 0 0 0 1 1 3 0 1 0 4 1 45 0 21 27.935 2.16144 6 6 2 2 2 1 1 1 298248 0 0 10 40 16.25 16.25 1 0 3
0 0 0 0 1 1 2 0 1 0 4 1 40 0 2 27.935 1.51144 6 -1 -1 -1 -1 -1 -1 -1 298848 0 0 10 40 16.25 16.25 5 1 3
0 0 0 0 1 1 2 0 1 0 4 1 43 0 10 27.935 0.825333 6 -1 -1 -1 -1 -1 -1 -1 299481 0 0 10 40 16.25 16.25 5 1 3
0 0 0 0 1 1 2 0 1 0 4 1 34 0 3 27.935 0.175333 6 -1 -1 -1 -1 -1 -1 -1 300081 0 0 10 40 16.25 16.25 5 1 3
0 0 0 0 1 1 4 0 1 0 4 1 45 0 14 27.4347 0 6 6 0 1 1 0 1 0 300714 0 0 10 40 16.25 16.25 5 1 3
0 0 0 0 1 1 2 0 1 0 4 1 20 1 55 29.4583 0 6 -1 -1 -1 -1 -1 -1 -1 301314 0 0 10 40 16.25 16.25 1 1 3
0 0 0 0 1 2 1 0 1 0 4 1 352 0 8 28.8083 0 5 -1 -1 -1 -1 -1 -1 -1 301914 0 0 10 40 16.25 16.25 1 1 3
0 0 0 0 1 2 1 0 1 0 4 1 356 0 11 28.1222 0 5 -1 -1 -1 -1 -1 -1 -1 302547 0 0 10 40 16.25 16.25 1 1 3
0 0 0 0 1 4 1 0 1 0 4 1 358 0 5 27.4722 0 5 5 1 0 0 0 1 0 303147 0 0 10 40 16.25 16.25 1 1 3
0 0 0 0 1 2 1 0 1 0 4 1 348 1 57 29.4222 0 5 -1 -1 -1 -1 -1 -1 -1 303780 0 0 10 40 16.25 16.25 2 1 3
0 0 0 0 2 1 1 0 1 0 4 1 317 1 34 28.7722 0 4 -1 -1 -1 -1 -1 -1 -1 304380 0 0 10 40 16.25 16.25 2 1 3
0 0 0 0 2 1 1 0 1 0 4 1 315 1 31 28.375 2.37367 4 -1 -1 -1 -1 -1 -1 -1 305013 0 0 10 40 16.5 16.5 2 1 3
0 0 0 0 3 1 1 0 1 0 4 1 315 0 17 28.375 1.71367 4 4 1 0 0 1 1 1 305613 0 0 10 40 16.5 16.5 2 1 3
0 0 0 0 2 1 1 0 1 0 4 1 315 0 2 28.375 1.05367 4 -1 -1 -1 -1 -1 -1 -1 306213 0 0 10 40 16.5 16.5 8 0 3
0 0 0 0 1 2 1 0 1 0 4 1 351 -4 128 28.375 0.393668 5 -1 -1 -1 -1 -1 -1 -1 306813 0 0 10 40 16.5 16.5 1 0 3
0 0 0 0 1 1 2 0 1 0 4 1 38 -2 62 28.128 0 6 -1 -1 -1 -1 -1 -1 -1 307413 0 0 10 40 16.5 16.5 1 0 3
0 0 0 0 1 1 4 0 1 0 4 1 45 0 12 27.4313 0 6 6 2 2 2 0 1 0 308046 0 0 10 40 16.5 16.5 1 0 3
0 0 0 0 1 1 2 0 1 0 4 1 28 1 48 29.45 0 6 -1 -1 -1 -1 -1 -1 -1 308646 0 0 10 40 16.5 16.5 1 0 3
0 0 0 0 1 2 1 0 1 0 4 1 4 0 10 28.79 0 5 -1 -1 -1 -1 -1 -1 -1 309246 0 0 10 40 16.5 16.5 5 1 3
0 0 0 0 1 2 1 0 1 0 4 1 353 1 45 28.13 0 5 -1 -1 -1 -1 -1 -1 -1 309845 0 0 10 40 16.5 16.5 5 1 3
0 0 0 0 1 4 1 0 1 0 4 1 355 0 11 27.47 0 5 5 0 1 1 0 1 0 310445 0 0 10 40 16.5 16.5 5 1 3
0 0 0 0 1 2 1 0 1 0 4 1 358 0 17 29.45 0 5 -1 -1 -1 -1 -1 -1 -1 311045 0 0 10 40 16.5 16.5 5 1 3
0 0 0 0 1 1 2 0 1 0 4 1 26 -1 31 28.7533 0 6 -1 -1 -1 -1 -1 -1 -1 311678 0 0 10 40 16.5 16.5 1 1 3
0 0 0 0 1 1 2 0 1 0 4 1 44 0 28 28.0933 0 6 -1 -1 -1 -1 -1 -1 -1 312278 0 0 10 40 16.5 16.5 1 1 3
0 0 0 0 1 1 4 0 1 0 4 1 45 0 8 27.4333 0 6 6 2 2 2 0 1 0 312878 0 0 10 40 16.5 16.5 1 1 3
0 0 0 0 1 1 2 0 1 0 4 1 26 1 51 29.45 0 6 -1 -1 -1 -1 -1 -1 -1 313478 0 0 10 40 16.5 16.5 1 1 3
0 0 0 0 1 2 1 0 1 0 4 1 350 2 72 28.79 0 5 -1 -1 -1 -1 -1 -1 -1 314078 0 0 10 40 16.5 16.5 2 1 3
0 0 0 0 2 1 1 0 1 0 4 1 315 2 65 28.13 0 4 -1 -1 -1 -1 -1 -1 -1 314678 0 0 10 40 16.5 16.5 2 1 3
0 0 0 0 3 1 1 0 1 0 4 1 315 1 55 27.4333 0 4 4 2 2 2 1 1 0 315311 0 0 10 40 16.5 16.5 2 1 3
0 0 0 0 2 1 1 0 1 0 4 1 317 -1 40 26.7722 0 4 -1 -1 -1 -1 -1 -1 -1 315944 0 0 10 40 15.5 15.5 2 1 3
0 0 0 0 1 2 1 0 1 0 4 1 351 -1 51 26.1178 0 5 -1 -1 -1 -1 -1 -1 -1 316577 0 0 10 40 15.5 15.5 8 0 3
0 0 0 0 1 2 1 0 1 0 4 1 8 0 24 25.4633 0 5 -1 -1 -1 -1 -1 -1 -1 317210 0 0 10 40 15.5 15.5 1 0 3
0 0 0 0 1 3 1 0 1 0 4 1 0 1 33 25.2222 2.24033 5 5 2 2 2 1 1 1 317843 0 0 10 40 16 16 1 0 3
0 0 0 0 1 2 1 0 1 0 4 1 351 0 1 25.2222 1.56478 5 -1 -1 -1 -1 -1 -1 -1 318477 0 0 10 40 16 16 1 0 3
0 0 0 0 1 2 1 0 1 0 4 1 353 0 9 25.2222 0.88922 5 -1 -1 -1 -1 -1 -1 -1 319110 0 0 10 40 16 16 1 0 3
0 0 0 0 1 2 1 0 1 0 4 1 359 0 22 25.2222 0.213665 5 -1 -1 -1 -1 -1 -1 -1 319743 0 0 10 40 16 16 5 1 3
0 0 0 0 1 4 1 0 1 0 4 1 8 0 12 24.8663 0 5 5 0 1 1 0 1 0 320343 0 0 10 40 16 16 5 1 3
0 0 0 0 1 1 2 0 1 0 4 1 24 0 24 29.4311 0 6 -1 -1 -1 -1 -1 -1 -1 320976 0 0 10 40 16 16 5 1 3
0 0 0 0 1 1 2 0 1 0 4 1 35 -1 32 28.9689 2.63033 6 -1 -1 -1 -1 -1 -1 -1 321476 0 1 10 40 16.5 60 5 1 3
0 0 0 0 1 1 2 0 1 0 4 1 35 0 26 28.9689 2.63033 6 -1 -1 -1 -1 -1 -1 -1 321643 0 1 10 40 16.5 60 1 1 3
0 0 0 0 1 1 3 0 1 0 4 1 35 0 25 28.9689 2.63033 6 6 0 1 1 1 1 1 321809 0 1 10 40 16.5 60 1 1 3
0 0 0 0 1 1 2 0 1 0 4 1 35 0 24 28.9689 2.63033 6 -1 -1 -1 -1 -1 -1 -1 321976 0 1 10 40 16.5 60 1 1 3
0 0 0 0 1 1 2 0 1 0 4 1 35 0 24 28.9689 2.63033 6 -1 -1 -1 -1 -1 -1 -1 322142 0 1 10 40 16.5 60 1 1 3
0 0 0 0 1 1 2 0 1 0 4 1 35 0 14 28.9689 2.63033 6 -1 -1 -1 -1 -1 -1 -1 322309 0 1 10 40 16.5 60 2 1 3
0 0 0 0 1 1 2 0 1 0 4 1 35 0 23 28.9689 2.63033 6 -1 -1 -1 -1 -1 -1 -1 322476 0 1 10 40 16.5 60 2 1 3
0 0 0 0 1 1 2 0 1 0 4 1 35 1 50 28.9689 2.63033 6 -1 -1 -1 -1 -1 -1 -1 322642 0 1 10 40 16.5 60 2 1 3
0 0 0 0 1 1 2 0 1 0 4 1 35 1 36 28.9689 2.63033 6 -1 -1 -1 -1 -1 -1 -1 322809 0 1 10 40 16.5 60 2 1 3
0 0 0 0 1 1 2 0 1 0 4 1 35 1 42 28.9689 2.63033 6 -1 -1 -1 -1 -1 -1 -1 322976 0 1 10 40 16.5 60 8 0 3
0 0 0 0 1 1 2 0 1 0 4 1 35 1 35 28.9689 2.63033 6 -1 -1 -1 -1 -1 -1 -1 323142 0 1 10 40 16.5 60 1 0 3
0 0 0 0 1 1 2 0 1 0 4 1 35 1 32 28.9689 2.63033 6 -1 -1 -1 -1 -1 -1 -1 323309 0 1 10 40 16.5 60 1 0 3
0 0 0 0 1 2 1 0 2 0 2 1 357 0 24 29.9 0 5 -1 -1 -1 -1 -1 -1 -1 347070 0 0 10 40 15 60 3 3 3
0 0 0 0 1 2 1 0 2 0 2 1 353 0 22 29.7333 0 5 -1 -1 -1 -1 -1 -1 -1 347236 0 0 10 40 15 60 3 3 3
0 0 0 0 1 2 1 0 2 0 2 1 350 0 21 29.5667 0 5 -1 -1 -1 -1 -1 -1 -1 347403 0 0 10 40 15 60 3 3 3
0 0 0 0 1 2 1 0 2 0 2 1 346 0 17 29.4 0 5 -1 -1 -1 -1 -1 -1 -1 347570 0 0 10 40 15 51 3 3 3
0 0 0 0 1 2 1 0 2 0 2 1 339 0 21 29.1333 0 5 -1 -1 -1 -1 -1 -1 -1 347836 0 0 10 40 15 27 6 0 3
0 0 0 0 2 1 1 0 2 0 2 1 326 0 17 28.5 0 4 -1 -1 -1 -1 -1 -1 -1 348469 0 0 10 40 15 15 6 0 3
0 0 0 0 2 1 1 0 2 0 2 1 330 0 15 27.8334 0 4 -1 -1 -1 -1 -1 -1 -1 349136 0 0 10 40 15 15 6 0 3
0 0 0 0 1 2 1 0 2 0 2 1 338 0 5 27.1667 0 5 -1 -1 -1 -1 -1 -1 -1 349802 0 0 10 40 15 15 6 0 3
0 0 0 0 1 2 1 0 2 0 2 1 349 0 20 26.5001 0 5 -1 -1 -1 -1 -1 -1 -1 350469 0 0 10 40 15 15 2 2 3
0 0 0 0 1 2 1 0 2 0 2 1 4 0 9 25.8334 0 5 -1 -1 -1 -1 -1 -1 -1 351135 0 0 10 40 15 15 2 2 3
0 0 0 0 1 4 1 0 2 0 2 1 8 0 1 25.1667 0 5 5 7 1 1 0 1 0 351802 0 0 10 40 15 15 2 2 3
0 0 0 0 1 2 1 0 2 0 2 1 3 0 2 29.4333 0 5 -1 -1 -1 -1 -1 -1 -1 352468 0 0 10 40 15 15 2 2 3
0 0 0 0 1 1 2 0 2 0 2 1 38 -1 47 28.7667 0 6 -1 -1 -1 -1 -1 -1 -1 353135 0 0 10 40 15 15 1 1 3
0 0 0 0 1 1 2 0 2 0 2 1 45 0 27 28.1 0 6 -1 -1 -1 -1 -1 -1 -1 353801 0 0 10 40 15 15 1 1 3
0 0 0 0 1 1 4 0 2 0 2 1 45 0 25 27.4445 0 6 6 7 3 3 0 1 1 354468 0 0 10 40 14.5 14.5 1 1 3
0 0 0 0 1 1 2 0 2 0 2 1 22 2 71 26.7678 0 6 -1 -1 -1 -1 -1 -1 -1 355168 0 0 10 40 14.5 14.5 1 1 3
0 0 0 0 2 1 1 0 2 0 2 1 321 2 78 26.0933 0 4 -1 -1 -1 -1 -1 -1 -1 355868 0 0 10 40 14 14 8 0 3
0 0 0 0 2 1 1 0 2 0 2 1 315 1 53 25.44 0 4 -1 -1 -1 -1 -1 -1 -1 356567 0 0 10 40 14 14 3 3 3
0 0 0 0 4 1 1 0 2 0 2 1 315 1 36 24.7556 0 4 4 7 2 2 0 1 1 357301 0 0 10 40 14 14 3 3 3
0 0 0 0 2 1 1 0 2 0 2 1 315 0 6 24.1023 0 4 -1 -1 -1 -1 -1 -1 -1 358000 0 0 10 40 14 14 3 3 3
0 0 0 0 2 1 1 0 2 0 2 1 315 0 14 23.6667 2.44144 4 -1 -1 -1 -1 -1 -1 -1 358700 0 0 10 40 14.5 14.5 3 3 3
0 0 0 0 2 1 1 0 2 0 2 1 315 0 10 23.6667 1.76478 4 -1 -1 -1 -1 -1 -1 -1 359400 0 0 10 40 14.5 14.5 6 0 3
0 0 0 0 3 1 1 0 2 0 2 1 315 0 14 23.6667 1.08811 4 4 7 2 2 1 1 1 360100 0 0 10 40 14.5 14.5 6 0 3
0 0 0 0 2 1 1 0 2 0 2 1 333 -1 51 23.6667 0.443664 4 -1 -1 -1 -1 -1 -1 -1 360766 0 0 10 40 14.5 14.5 6 0 3
0 0 0 0 1 2 1 0 2 0 2 1 356 0 26 23.4486 0 5 -1 -1 -1 -1 -1 -1 -1 361466 0 0 10 40 14.5 14.5 6 0 3
0 0 0 0 1 2 1 0 2 0 2 1 7 0 23 23.4164 2.03367 5 -1 -1 -1 -1 -1 -1 -1 362133 0 0 10 40 15 15 2 2 3
0 0 0 0 1 3 1 0 2 0 2 1 354 0 13 23.4164 1.367 5 5 7 2 2 1 1 1 362799 0 0 10 40 15 15 2 2 3
0 0 0 0 1 2 1 0 2 0 2 1 8 -1 56 23.4164 0.700335 5 -1 -1 -1 -1 -1 -1 -1 363466 0 0 10 40 15 15 2 2 3
0 0 0 0 1 1 2 0 2 0 2 1 39 -1 37 23.4164 0.0336679 6 -1 -1 -1 -1 -1 -1 -1 364132 0 0 10 40 15 15 2 2 3
0 0 0 0 1 1 2 0 2 0 2 1 45 0 25 22.8494 0 6 -1 -1 -1 -1 -1 -1 -1 364799 0 0 10 40 15 15 1 1 3
0 0 0 0 1 1 4 0 2 0 2 1 45 0 0 22.1827 0 6 6 7 1 1 0 1 0 365465 0 0 10 40 15 15 1 1 3
0 0 0 0 1 1 2 0 2 0 2 1 23 1 51 27.5161 0 6 -1 -1 -1 -1 -1 -1 -1 366132 0 0 10 40 15 15 1 1 3
0 0 0 0 1 2 1 0 2 0 2 1 342 2 66 26.8494 0 5 -1 -1 -1 -1 -1 -1 -1 366798 0 0 10 40 15 15 1 1 3
0 0 0 0 2 1 1 0 2 0 2 1 315 1 53 26.1827 0 4 -1 -1 -1 -1 -1 -1 -1 367465 0 0 10 40 15 15 8 0 3
0 0 0 0 4 1 1 0 2 0 2 1 315 1 40 25.5161 0 4 4 7 2 2 0 1 0 368131 0 0 10 40 15 15 3 3 3
0 0 0 0 2 1 1 0 2 0 2 1 315 0 27 29.4333 0 4 -1 -1 -1 -1 -1 -1 -1 368798 0 0 10 40 15 15 3 3 3
0 0 0 0 2 1 1 0 2 0 2 1 315 1 35 28.7667 0 4 -1 -1 -1 -1 -1 -1 -1 369464 0 0 10 40 15 15 3 3 3
0 0 0 0 2 1 1 0 2 0 2 1 315 0 28 28.1 0 4 -1 -1 -1 -1 -1 -1 -1 370131 0 0 10 40 15 15 3 3 3
0 0 0 0 4 1 1 0 2 0 2 1 315 0 16 27.4334 0 4 4 7 0 0 0 1 0 370797 0 0 10 40 15 15 6 0 3
0 0 0 0 2 1 1 0 2 0 2 1 326 -1 44 29.4333 0 4 -1 -1 -1 -1 -1 -1 -1 371464 0 0 10 40 15 15 6 0 3
0 0 0 1 1 2 1 1 2 0 2 1 348 -1 46 28.7667 0 5 -1 -1 -1 -1 -1 -1 -1 372130 0 0 10 40 15 15 6 0 5
0 0 0 1 1 2 1 1 2 0 2 1 8 0 11 28.2334 2.52922 5 -1 -1 -1 -1 -1 -1 -1 372797 0 0 10 40 15.5 15.5 6 0 5
0 0 0 1 1 3 1 1 2 0 2 1 18 0 8 28.2334 1.87478 5 5 7 0 0 1 1 1 373430 0 0 10 40 15.5 15.5 2 2 5
0 0 0 1 1 2 1 1 2 0 2 1 352 1 55 28.2334 1.18589 5 -1 -1 -1 -1 -1 -1 -1 374096 0 0 10 40 15.5 15.5 2 2 5
0 0 0 1 2 1 1 1 2 0 2 1 315 1 56 28.2334 0.531446 4 -1 -1 -1 -1 -1 -1 -1 374730 0 0 10 40 15.5 15.5 2 2 5
0 0 0 1 2 1 1 1 2 0 2 1 300 0 11 28.2334 2.09811 4 -1 -1 -1 -1 -1 -1 -1 375363 0 0 10 40 16 16 2 2 5
0 0 0 1 3 1 1 1 2 0 2 1 309 0 22 28.2334 1.45811 4 4 7 0 0 1 1 1 375963 0 0 10 40 16 16 1 1 5
0 0 0 1 2 1 1 1 2 0 2 1 327 -1 53 28.2334 0.782554 4 -1 -1 -1 -1 -1 -1 -1 376596 0 0 10 40 16 16 1 1 5
0 0 0 1 1 2 1 1 2 0 2 1 347 0 28 28.2334 0.106998 5 -1 -1 -1 -1 -1 -1 -1 377229 0 0 10 40 16 16 1 1 5
0 0 0 1 1 2 1 1 2 0 2 1 1 0 5 27.7353 0 5 -1 -1 -1 -1 -1 -1 -1 377862 0 0 10 40 16 16 1 1 5
0 0 0 1 1 4 1 1 2 0 2 1 350 0 2 27.0953 0 5 5 7 2 2 0 1 0 378462 0 0 10 40 16 16 8 0 5
0 0 0 1 1 2 1 1 2 0 2 1 347 0 6 29.4311 0 5 -1 -1 -1 -1 -1 -1 -1 379095 0 0 10 40 16 16 3 3 5
0 0 0 1 2 1 1 1 2 0 2 1 326 2 65 28.7556 0 4 -1 -1 -1 -1 -1 -1 -1 379728 0 0 10 40 16 16 3 3 5
0 0 0 2 1 1 1 1 2 0 2 1 286 2 89 28.08 0 3 -1 -1 -1 -1 -1 -1 -1 380362 0 0 10 40 16 16 3 3 5
0 0 0 4 1 1 1 1 2 0 2 1 270 1 41 27.44 0 3 3 7 1 4 0 1 0 380961 0 0 10 40 16 16 3 3 5
0 0 0 2 1 1 1 1 2 0 2 1 277 -1 48 29.4311 0 3 -1 -1 -1 -1 -1 -1 -1 381595 0 0 10 40 16 16 6 0 5
0 0 0 1 2 1 1 1 2 0 2 1 298 -1 38 28.7556 0 4 -1 -1 -1 -1 -1 -1 -1 382228 0 0 10 40 16 16 6 0 5
0 0 0 1 2 1 1 1 2 0 2 1 316 0 25 28.2934 2.447 4 -1 -1 -1 -1 -1 -1 -1 382861 0 0 10 40 16.5 16.5 6 0 5
0 0 0 1 3 1 1 1 2 0 2 1 322 0 11 28.2934 1.787 4 4 7 1 1 1 1 1 383461 0 0 10 40 16.5 16.5 6 0 5
0 0 0 1 2 1 1 1 2 0 2 1 301 2 65 28.2934 1.127 4 -1 -1 -1 -1 -1 -1 -1 384061 0 0 10 40 16.5 16.5 2 2 5
0 0 0 2 1 1 1 1 2 0 2 1 270 2 72 28.2934 0.467001 3 -1 -1 -1 -1 -1 -1 -1 384660 0 0 10 40 16.5 16.5 2 2 5
0 0 0 2 1 1 1 1 2 0 2 1 270 1 56 28.1197 0 3 -1 -1 -1 -1 -1 -1 -1 385260 0 0 10 40 16.5 16.5 2 2 5
0 0 0 4 1 1 1 1 2 0 2 1 270 1 52 27.4597 0 3 3 7 0 0 0 1 0 385860 0 0 10 40 16.5 16.5 2 2 5
0 0 0 2 1 1 1 1 2 0 2 1 270 0 28 29.4133 0 3 -1 -1 -1 -1 -1 -1 -1 386493 0 0 10 40 16.5 16.5 1 1 5
0 0 0 2 1 1 1 1 2 0 2 1 285 -1 33 28.7533 0 3 -1 -1 -1 -1 -1 -1 -1 387093 0 0 10 40 16.5 16.5 1 1 5
0 0 0 1 2 1 1 1 2 0 2 1 307 0 24 28.0933 0 4 -1 -1 -1 -1 -1 -1 -1 387693 0 0 10 40 16.5 16.5 1 1 5
0 0 0 1 3 1 1 1 2 0 2 1 322 0 24 28.0567 2.03422 4 4 7 0 4 1 1 1 388293 0 0 10 40 16.75 16.75 1 1 5
0 0 0 1 2 1 1 1 2 0 2 1 327 0 21 28.0567 1.36422 4 -1 -1 -1 -1 -1 -1 -1 388893 0 0 10 40 16.75 16.75 8 0 5
0 0 0 1 2 1 1 1 2 0 2 1 308 0 27 28.0567 0.694223 4 -1 -1 -1 -1 -1 -1 -1 389493 0 0 10 40 16.75 16.75 3 3 5
0 0 0 1 2 1 1 1 2 0 2 1 310 0 10 28.0567 0.0242225 4 -1 -1 -1 -1 -1 -1 -1 390093 0 0 10 40 16.75 16.75 3 3 5
0 0 0 1 4 1 1 1 2 0 2 1 315 0 12 27.4741 0 4 4 7 3 3 0 1 0 390659 0 0 10 40 16.75 16.75 3 3 5
0 0 0 1 2 1 1 1 2 0 2 1 329 -1 52 29.4417 0 4 -1 -1 -1 -1 -1 -1 -1 391259 0 0 10 40 16.75 16.75 3 3 5
0 0 0 1 1 2 1 1 2 0 2 1 349 0 25 28.7717 0 5 -1 -1 -1 -1 -1 -1 -1 391859 0 0 10 40 16.75 16.75 6 0 5
0 0 0 1 1 2 1 1 2 0 2 1 359 0 4 28.1017 0 5 -1 -1 -1 -1 -1 -1 -1 392459 0 0 10 40 16.75 16.75 6 0 5
0 0 0 1 1 4 1 1 2 0 2 1 359 0 4 27.8806 0 5 5 7 1 4 0 1 1 392759 0 1 10 40 15.75 60 6 0 5
0 0 0 1 1 2 1 1 2 0 2 1 359 0 3 27.8806 0 5 -1 -1 -1 -1 -1 -1 -1 392925 0 1 10 40 15.75 60 6 0 5
0 0 0 1 1 2 1 1 2 0 2 1 359 0 5 27.8806 0 5 -1 -1 -1 -1 -1 -1 -1 393092 0 1 10 40 15.75 60 2 2 5
0 0 0 1 1 2 1 1 2 0 2 1 359 0 2 27.8806 0 5 -1 -1 -1 -1 -1 -1 -1 393258 0 1 10 40 15.75 60 2 2 5
0 0 0 1 1 2 1 1 2 0 2 1 359 0 4 27.8806 0 5 -1 -1 -1 -1 -1 -1 -1 393425 0 1 10 40 15.75 60 2 2 5
0 0 0 1 1 2 1 1 2 0 2 1 359 0 1 27.8806 0 5 -1 -1 -1 -1 -1 -1 -1 393592 0 1 10 40 15.75 60 2 2 5
0 0 0 0 1 2 1 0 2 0 2 1 359 0 10 27.8806 0 5 -1 -1 -1 -1 -1 -1 -1 393758 0 1 10 40 15.75 60 1 1 3
0 0 0 0 1 2 1 0 2 0 2 1 359 0 11 27.8806 0 5 -1 -1 -1 -1 -1 -1 -1 393925 0 1 10 40 15.75 60 1 1 3
0 0 0 0 1 2 1 0 2 0 2 1 359 0 10 27.8806 0 5 -1 -1 -1 -1 -1 -1 -1 394092 0 1 10 40 15.75 60 1 1 3
0 0 0 0 1 2 1 0 2 0 2 1 359 0 12 27.8806 0 5 -1 -1 -1 -1 -1 -1 -1 394258 0 1 10 40 15.75 60 1 1 3
0 0 0 0 1 2 1 0 3 0 2 1 3 0 26 29.9 0 5 -1 -1 -1 -1 -1 -1 -1 402056 0 0 10 40 15 60 5 2 3
0 0 0 0 1 2 1 0 3 0 2 1 8 0 23 29.7333 0 5 -1 -1 -1 -1 -1 -1 -1 402223 0 0 10 40 15 60 5 2 3
0 0 0 0 1 2 1 0 3 0 2 1 12 -1 30 29.5667 0 5 -1 -1 -1 -1 -1 -1 -1 402389 0 0 10 40 15 60 5 2 3
0 0 0 0 1 2 1 0 3 0 2 1 17 0 25 29.4 0 5 -1 -1 -1 -1 -1 -1 -1 402556 0 0 10 40 15 51 5 2 3
0 0 0 0 1 2 1 0 3 0 2 1 23 0 14 29.1333 0 5 -1 -1 -1 -1 -1 -1 -1 402823 0 0 10 40 15 27 4 0 3
0 0 0 0 1 2 1 0 3 0 2 1 354 1 52 28.5 0 5 -1 -1 -1 -1 -1 -1 -1 403456 0 0 10 40 15 15 4 0 3
0 0 0 0 2 1 1 0 3 0 2 1 334 1 30 27.8334 0 4 -1 -1 -1 -1 -1 -1 -1 404122 0 0 10 40 15 15 4 0 3
0 0 0 0 2 1 1 0 3 0 2 1 323 0 26 27.1667 0 4 -1 -1 -1 -1 -1 -1 -1 404789 0 0 10 40 15 15 4 0 3
0 0 0 0 2 1 1 0 3 0 2 1 315 1 37 26.5001 0 4 -1 -1 -1 -1 -1 -1 -1 405455 0 0 10 40 15 15 0 0 3
0 0 0 0 2 1 1 0 3 0 2 1 315 0 19 25.8334 0 4 -1 -1 -1 -1 -1 -1 -1 406122 0 0 10 40 15 15 0 0 3
0 0 0 0 4 1 1 0 3 0 2 1 315 0 12 25.1667 0 4 4 7 1 1 0 1 0 406788 0 0 10 40 15 15 0 0 3
0 0 0 0 2 1 1 0 3 0 2 1 327 -1 52 29.4333 0 4 -1 -1 -1 -1 -1 -1 -1 407455 0 0 10 40 15 15 0 0 3
0 0 0 0 1 2 1 0 3 0 2 1 353 0 25 28.7667 0 5 -1 -1 -1 -1 -1 -1 -1 408121 0 0 10 40 15 15 1 1 3
0 0 0 0 1 2 1 0 3 0 2 1 6 0 14 28.1 0 5 -1 -1 -1 -1 -1 -1 -1 408788 0 0 10 40 15 15 1 1 3
0 0 0 0 1 4 1 0 3 0 2 1 2 0 7 27.4334 0 5 5 7 3 3 0 1 0 409454 0 0 10 40 15 15 1 1 3
0 0 0 0 1 2 1 0 3 0 2 1 349 1 33 29.4333 0 5 -1 -1 -1 -1 -1 -1 -1 410121 0 0 10 40 15 15 1 1 3
0 0 0 0 2 1 1 0 3 0 2 1 328 1 41 28.7667 0 4 -1 -1 -1 -1 -1 -1 -1 410787 0 0 10 40 15 15 8 0 3
0 0 0 0 2 1 1 0 3 0 2 1 315 0 17 28.1 0 4 -1 -1 -1 -1 -1 -1 -1 411454 0 0 10 40 15 15 5 2 3
0 0 0 0 4 1 1 0 3 0 2 1 315 0 15 27.4334 0 4 4 7 1 1 0 1 0 412120 0 0 10 40 15 15 5 2 3
0 0 0 0 2 1 1 0 3 0 2 1 323 0 29 29.4333 0 4 -1 -1 -1 -1 -1 -1 -1 412787 0 0 10 40 15 15 5 2 3
0 0 0 0 1 2 1 0 3 0 2 1 342 -1 30 28.7667 0 5 -1 -1 -1 -1 -1 -1 -1 413453 0 0 10 40 15 15 5 2 3
0 0 0 0 1 2 1 0 3 0 2 1 356 0 14 28.1 0 5 -1 -1 -1 -1 -1 -1 -1 414120 0 0 10 40 15 15 4 0 3
0 0 0 0 1 4 1 0 3 0 2 1 1 0 20 27.4334 0 5 5 7 3 3 0 1 0 414786 0 0 10 40 15 15 4 0 3
0 0 0 0 1 2 1 0 3 0 2 1 352 0 9 29.4333 0 5 -1 -1 -1 -1 -1 -1 -1 415453 0 0 10 40 15 15 4 0 3
0 0 0 0 1 2 1 0 3 0 2 1 348 0 5 28.7667 0 5 -1 -1 -1 -1 -1 -1 -1 416119 0 0 10 40 15 15 4 0 3
0 0 0 0 1 2 1 0 3 0 2 1 357 0 15 28.1 0 5 -1 -1 -1 -1 -1 -1 -1 416786 0 0 10 40 15 15 0 0 3
0 0 0 0 1 4 1 0 3 0 2 1 4 0 10 27.4334 0 5 5 7 1 1 0 1 0 417452 0 0 10 40 15 15 0 0 3
0 0 0 0 1 2 1 0 3 0 2 1 6 0 1 29.4333 0 5 -1 -1 -1 -1 -1 -1 -1 418119 0 0 10 40 15 15 0 0 3
0 0 0 0 1 2 1 0 3 0 2 1 355 0 26 29.0333 2.39145 5 -1 -1 -1 -1 -1 -1 -1 418785 0 0 10 40 15.5 15.5 0 0 3
0 0 0 0 1 2 1 0 3 0 2 1 347 0 3 29.0333 1.737 5 -1 -1 -1 -1 -1 -1 -1 419419 0 0 10 40 15.5 15.5 1 1 3
0 0 0 0 1 3 1 0 3 0 2 1 352 0 20 29.0333 1.08256 5 5 7 1 1 1 1 1 420052 0 0 10 40 15.5 15.5 1 1 3
0 0 0 0 1 2 1 0 3 0 2 1 341 1 47 29.0333 0.393669 5 -1 -1 -1 -1 -1 -1 -1 420718 0 0 10 40 15.5 15.5 1 1 3
0 0 0 0 2 1 1 0 3 0 2 1 315 1 44 28.8463 2.63144 4 -1 -1 -1 -1 -1 -1 -1 421352 0 0 10 40 16 16 1 1 3
0 0 0 0 2 1 1 0 3 0 2 1 315 1 31 28.8463 1.95589 4 -1 -1 -1 -1 -1 -1 -1 421985 0 0 10 40 16 16 8 0 3
0 0 0 0 3 1 1 0 3 0 2 1 315 0 19 28.8463 1.28033 4 4 7 1 1 1 1 1 422618 0 0 10 40 16 16 5 2 3
0 0 0 0 2 1 1 0 3 0 2 1 315 0 9 28.8463 0.640331 4 -1 -1 -1 -1 -1 -1 -1 423218 0 0 10 40 16 16 5 2 3
0 0 0 0 2 1 1 0 3 0 2 1 315 0 9 28.8463 -0.0352242 4 -1 -1 -1 -1 -1 -1 -1 423851 0 0 10 40 16 16 5 2 3
0 0 0 0 2 1 1 0 3 0 2 1 315 0 10 28.206 0 4 -1 -1 -1 -1 -1 -1 -1 424484 0 0 10 40 16 16 5 2 3
0 0 0 0 4 1 1 0 3 0 2 1 315 0 4 27.5305 0 4 4 7 2 2 0 1 0 425117 0 0 10 40 16 16 4 0 3
0 0 0 0 2 1 1 0 3 0 2 1 315 0 7 29.4667 0 4 -1 -1 -1 -1 -1 -1 -1 425717 0 0 10 40 16 16 4 0 3
0 0 0 1 2 1 1 1 3 0 2 1 313 0 4 28.7911 0 4 -1 -1 -1 -1 -1 -1 -1 426350 0 0 10 40 16 16 4 0 5
0 0 0 1 2 1 1 1 3 0 2 1 310 0 2 28.1156 0 4 -1 -1 -1 -1 -1 -1 -1 426983 0 0 10 40 16 16 4 0 5
0 0 0 1 4 1 1 1 3 0 2 1 310 0 1 27.44 0 4 4 7 3 3 0 1 0 427617 0 0 10 40 16 16 0 0 5
0 0 0 1 2 1 1 1 3 0 2 1 325 -2 67 29.4667 0 4 -1 -1 -1 -1 -1 -1 -1 428217 0 0 10 40 16 16 0 0 5
0 0 0 1 1 2 1 1 3 0 2 1 8 -2 70 28.7911 0 5 -1 -1 -1 -1 -1 -1 -1 428850 0 0 10 40 16 16 0 0 5
0 0 0 1 1 1 2 1 3 0 2 1 42 -1 36 28.1156 0 6 -1 -1 -1 -1 -1 -1 -1 429483 0 0 10 40 16 16 0 0 5
0 0 0 1 1 1 3 1 3 0 2 1 47 0 1 27.44 0 6 6 7 3 3 1 1 0 430116 0 0 10 40 16 16 1 1 5
0 0 0 1 1 1 2 1 3 0 2 1 36 1 56 26.7823 0 6 -1 -1 -1 -1 -1 -1 -1 430749 0 0 10 40 15.5 15.5 1 1 5
0 0 0 1 1 2 1 1 3 0 2 1 349 2 67 26.1078 0 5 -1 -1 -1 -1 -1 -1 -1 431416 0 0 10 40 15 15 1 1 5
0 0 0 1 2 1 1 1 3 0 2 1 311 1 52 25.4412 0 4 -1 -1 -1 -1 -1 -1 -1 432082 0 0 10 40 15 15 1 1 5
0 0 0 1 4 1 1 1 3 0 2 1 299 0 17 24.7745 0 4 4 7 2 2 0 1 1 432749 0 0 10 40 15 15 8 0 5
0 0 0 1 2 1 1 1 3 0 2 1 308 0 22 24.1079 0 4 -1 -1 -1 -1 -1 -1 -1 433415 0 0 10 40 15 15 5 2 5
0 0 0 1 2 1 1 1 3 0 2 1 318 0 10 23.6412 2.49478 4 -1 -1 -1 -1 -1 -1 -1 434048 0 0 10 40 15.5 15.5 5 2 5
0 0 0 1 2 1 1 1 3 0 2 1 321 0 21 23.6412 1.80589 4 -1 -1 -1 -1 -1 -1 -1 434715 0 0 10 40 15.5 15.5 5 2 5
0 0 0 1 3 1 1 1 3 0 2 1 314 0 5 23.6412 1.15145 4 4 7 2 4 1 1 1 435348 0 0 10 40 15.5 15.5 5 2 5
0 0 0 1 2 1 1 1 3 0 2 1 325 0 14 23.6412 0.497002 4 -1 -1 -1 -1 -1 -1 -1 435981 0 0 10 40 15.5 15.5 4 0 5
0 0 0 1 2 1 1 1 3 0 2 1 338 0 20 23.4886 0 4 -1 -1 -1 -1 -1 -1 -1 436648 0 0 10 40 15.5 15.5 4 0 5
0 0 0 1 1 2 1 1 3 0 2 1 351 0 23 22.8342 0 5 -1 -1 -1 -1 -1 -1 -1 437281 0 0 10 40 15.5 15.5 4 0 5
0 0 0 1 1 4 1 1 3 0 2 1 358 1 33 22.1797 0 5 5 7 3 3 0 1 0 437914 0 0 10 40 15.5 15.5 4 0 5
0 0 0 1 2 1 1 1 3 0 2 1 335 0 25 27.4908 0 4 -1 -1 -1 -1 -1 -1 -1 438581 0 0 10 40 15.5 15.5 0 0 5
0 0 0 1 1 2 1 1 3 0 2 1 6 -3 116 26.8364 0 5 -1 -1 -1 -1 -1 -1 -1 439214 0 0 10 40 15.5 15.5 0 0 5
0 0 0 1 1 1 2 1 3 0 2 1 68 -2 88 26.1475 0 6 -1 -1 -1 -1 -1 -1 -1 439880 0 0 10 40 15.5 15.5 0 0 5
0 0 0 1 1 1 1 3 3 0 2 1 90 -2 70 25.8375 2.31144 7 7 7 3 3 1 1 1 440514 0 0 10 40 16 16 0 0 5
0 0 0 1 1 1 1 2 3 0 2 1 81 1 55 25.8375 1.67144 7 -1 -1 -1 -1 -1 -1 -1 441113 0 0 10 40 16 16 1 1 5
0 0 0 1 1 1 2 1 3 0 2 1 50 1 41 25.8375 0.995887 6 -1 -1 -1 -1 -1 -1 -1 441747 0 0 10 40 16 16 1 1 5
0 0 0 1 1 1 2 1 3 0 2 1 40 0 16 25.8375 0.320331 6 -1 -1 -1 -1 -1 -1 -1 442380 0 0 10 40 16 16 1 1 5
0 0 0 1 1 1 4 1 3 0 2 1 38 0 1 25.5527 0 6 6 7 1 1 0 1 0 443013 0 0 10 40 16 16 1 1 5
0 0 0 1 1 1 2 1 3 0 2 1 23 2 67 29.4667 0 6 -1 -1 -1 -1 -1 -1 -1 443613 0 0 10 40 16 16 8 0 5
0 0 0 1 1 2 1 1 3 0 2 1 345 2 70 28.7911 0 5 -1 -1 -1 -1 -1 -1 -1 444246 0 0 10 40 16 16 5 2 5
0 0 0 1 2 1 1 1 3 0 2 1 306 2 68 28.2934 2.48367 4 -1 -1 -1 -1 -1 -1 -1 444879 0 0 10 40 16.5 16.5 5 2 5
0 0 0 2 3 1 1 1 3 0 2 1 280 0 15 28.2934 1.82367 3 4 7 1 4 1 1 1 445479 0 0 10 40 16.5 16.5 5 2 5
0 0 0 2 1 1 1 1 3 0 2 1 280 0 20 28.2934 1.16367 3 -1 -1 -1 -1 -1 -1 -1 446079 0 0 10 40 16.5 16.5 5 2 5
0 0 0 1 2 1 1 1 3 0 2 1 315 -2 65 28.2934 0.503668 4 -1 -1 -1 -1 -1 -1 -1 446679 0 0 10 40 16.5 16.5 4 0 5
0 0 0 1 1 2 1 1 3 0 2 1 352 -1 59 28.1564 0 5 -1 -1 -1 -1 -1 -1 -1 447279 0 0 10 40 16.5 16.5 4 0 5
0 0 0 1 1 4 1 1 3 0 2 1 10 0 22 27.4597 0 5 5 7 0 0 0 1 0 447912 0 0 10 40 16.5 16.5 4 0 5
0 0 0 1 1 2 1 1 3 0 2 1 10 0 23 29.45 0 5 -1 -1 -1 -1 -1 -1 -1 448512 0 0 10 40 16.5 16.5 4 0 5
0 0 0 1 1 1 2 1 3 0 2 1 25 0 26 28.79 0 6 -1 -1 -1 -1 -1 -1 -1 449111 0 0 10 40 16.5 16.5 0 0 5
0 0 0 1 1 1 2 1 3 0 2 1 45 0 24 28.13 0 6 -1 -1 -1 -1 -1 -1 -1 449711 0 0 10 40 16.5 16.5 0 0 5
0 0 0 1 1 1 4 1 3 0 2 1 45 0 9 27.47 0 6 6 7 3 3 0 1 0 450311 0 0 10 40 16.5 16.5 0 0 5
0 0 0 1 1 1 2 1 3 0 2 1 30 1 31 29.45 0 6 -1 -1 -1 -1 -1 -1 -1 450911 0 0 10 40 16.5 16.5 0 0 5
0 0 0 0 1 2 1 0 3 0 2 1 7 0 7 28.7533 0 5 -1 -1 -1 -1 -1 -1 -1 451544 0 0 10 40 16.5 16.5 1 1 3
0 0 0 0 1 2 1 0 3 0 2 1 356 0 12 28.0933 0 5 -1 -1 -1 -1 -1 -1 -1 452144 0 0 10 40 16.5 16.5 1 1 3
0 0 0 0 1 4 1 0 3 0 2 1 0 0 4 27.4333 0 5 5 7 0 0 0 1 0 452744 0 0 10 40 16.5 16.5 1 1 3
0 0 0 0 1 2 1 0 3 0 2 1 17 -1 54 29.45 0 5 -1 -1 -1 -1 -1 -1 -1 453344 0 0 10 40 16.5 16.5 1 1 3
0 0 0 0 1 1 2 0 3 0 2 1 43 -1 33 28.79 0 6 -1 -1 -1 -1 -1 -1 -1 453944 0 0 10 40 16.5 16.5 8 0 3
0 0 0 0 1 1 2 0 3 0 2 1 45 0 23 28.0933 0 6 -1 -1 -1 -1 -1 -1 -1 454577 0 0 10 40 16.5 16.5 5 2 3
0 0 0 0 1 1 4 0 3 0 2 1 41 0 8 27.4333 0 6 6 7 1 1 0 1 0 455177 0 0 10 40 16.5 16.5 5 2 3
0 0 0 0 1 1 2 0 3 0 2 1 23 2 61 29.45 0 6 -1 -1 -1 -1 -1 -1 -1 455776 0 0 10 40 16.5 16.5 5 2 3
0 0 0 0 1 2 1 0 3 0 2 1 340 2 65 28.79 0 5 -1 -1 -1 -1 -1 -1 -1 456376 0 0 10 40 16.5 16.5 5 2 3
0 0 0 0 2 1 1 0 3 0 2 1 315 1 58 28.13 0 4 -1 -1 -1 -1 -1 -1 -1 456976 0 0 10 40 16.5 16.5 4 0 3
0 0 0 0 4 1 1 0 3 0 2 1 315 0 21 27.47 0 4 4 7 3 3 0 1 0 457576 0 0 10 40 16.5 16.5 4 0 3
0 0 0 0 2 1 1 0 3 0 2 1 326 -1 34 29.4133 0 4 -1 -1 -1 -1 -1 -1 -1 458209 0 0 10 40 16.5 16.5 4 0 3
0 0 0 0 1 2 1 0 3 0 2 1 345 0 25 28.7533 0 5 -1 -1 -1 -1 -1 -1 -1 458809 0 0 10 40 16.5 16.5 4 0 3
0 0 0 0 1 2 1 0 3 0 2 1 359 0 9 28.0933 0 5 -1 -1 -1 -1 -1 -1 -1 459409 0 0 10 40 16.5 16.5 0 0 3
0 0 0 0 1 4 1 0 3 0 2 1 4 0 12 27.4333 0 5 5 7 0 4 0 1 0 460009 0 0 10 40 16.5 16.5 0 0 3
0 0 0 0 1 2 1 0 3 0 2 1 9 0 3 29.45 0 5 -1 -1 -1 -1 -1 -1 -1 460609 0 0 10 40 16.5 16.5 0 0 3
0 0 0 0 1 2 1 0 3 0 2 1 3 0 17 28.79 0 5 -1 -1 -1 -1 -1 -1 -1 461208 0 0 10 40 16.5 16.5 0 0 3
0 0 0 0 1 2 1 0 3 0 2 1 356 0 6 28.0933 0 5 -1 -1 -1 -1 -1 -1 -1 461842 0 0 10 40 16.5 16.5 1 1 3
0 0 0 0 1 4 1 0 3 0 2 1 350 0 6 27.4333 0 5 5 7 3 3 0 1 0 462442 0 0 10 40 16.5 16.5 1 1 3
0 0 0 0 1 2 1 0 3 0 2 1 357 -1 48 29.45 0 5 -1 -1 -1 -1 -1 -1 -1 463041 0 0 10 40 16.5 16.5 1 1 3
0 0 0 0 1 1 2 0 3 0 2 1 31 -1 53 28.79 0 6 -1 -1 -1 -1 -1 -1 -1 463641 0 0 10 40 16.5 16.5 1 1 3
0 0 0 0 1 1 2 0 3 0 2 1 45 0 13 28.13 0 6 -1 -1 -1 -1 -1 -1 -1 464241 0 0 10 40 16.5 16.5 8 0 3
0 0 0 0 1 1 4 0 3 0 2 1 38 2 64 27.4333 0 6 6 7 0 4 0 1 0 464874 0 0 10 40 16.5 16.5 5 2 3
0 0 0 0 1 2 1 0 3 0 2 1 6 1 34 29.45 0 5 -1 -1 -1 -1 -1 -1 -1 465474 0 0 10 40 16.5 16.5 5 2 3
0 0 0 0 1 2 1 0 3 0 2 1 18 -1 41 28.79 0 5 -1 -1 -1 -1 -1 -1 -1 466074 0 0 10 40 16.5 16.5 5 2 3
0 0 0 0 1 1 2 0 3 0 2 1 37 0 27 28.13 0 6 -1 -1 -1 -1 -1 -1 -1 466674 0 0 10 40 16.5 16.5 5 2 3
0 0 0 0 1 1 3 0 3 0 2 1 43 0 27 27.47 0 6 6 7 0 0 1 1 0 467274 0 0 10 40 16.5 16.5 4 0 3
0 0 0 0 1 2 1 0 3 0 2 1 19 0 2 26.8089 0 5 -1 -1 -1 -1 -1 -1 -1 467907 0 0 10 40 15.5 15.5 4 0 3
0 0 0 0 1 1 2 0 3 0 2 1 26 0 23 26.12 0 6 -1 -1 -1 -1 -1 -1 -1 468573 0 0 10 40 15.5 15.5 4 0 3
0 0 0 0 1 1 2 0 3 0 2 1 43 0 24 25.4655 0 6 -1 -1 -1 -1 -1 -1 -1 469207 0 0 10 40 15.5 15.5 4 0 3
0 0 0 0 1 1 4 0 3 0 2 1 43 0 4 24.8111 0 6 6 7 1 1 0 1 0 469840 0 0 10 40 15.5 15.5 0 0 3
0 0 0 0 1 1 2 0 3 0 2 1 28 1 57 29.4144 0 6 -1 -1 -1 -1 -1 -1 -1 470506 0 0 10 40 15.5 15.5 0 0 3
0 0 0 0 1 2 1 0 3 0 2 1 3 1 42 28.76 0 5 -1 -1 -1 -1 -1 -1 -1 471139 0 0 10 40 15.5 15.5 0 0 3
0 0 0 0 1 2 1 0 3 0 2 1 0 0 5 28.0711 0 5 -1 -1 -1 -1 -1 -1 -1 471806 0 0 10 40 15.5 15.5 0 0 3
0 0 0 0 1 4 1 0 3 0 2 1 2 0 6 27.4166 0 5 5 7 3 3 0 1 0 472439 0 0 10 40 15.5 15.5 1 1 3
0 0 0 0 1 2 1 0 3 0 2 1 352 2 75 29.4489 0 5 -1 -1 -1 -1 -1 -1 -1 473072 0 0 10 40 15.5 15.5 1 1 3
0 0 0 0 2 1 1 0 3 0 2 1 315 2 62 28.76 0 4 -1 -1 -1 -1 -1 -1 -1 473739 0 0 10 40 15.5 15.5 1 1 3
0 0 0 0 2 1 1 0 3 0 2 1 315 1 40 28.1055 0 4 -1 -1 -1 -1 -1 -1 -1 474372 0 0 10 40 15.5 15.5 1 1 3
0 0 0 0 4 1 1 0 3 0 2 1 315 1 36 27.4511 0 4 4 7 0 0 0 1 0 475005 0 0 10 40 15.5 15.5 8 0 3
0 0 0 0 2 1 1 0 3 0 2 1 328 -1 49 29.4144 0 4 -1 -1 -1 -1 -1 -1 -1 475672 0 0 10 40 15.5 15.5 5 2 3
0 0 0 0 1 2 1 0 3 0 2 1 4 -1 46 28.76 0 5 -1 -1 -1 -1 -1 -1 -1 476305 0 0 10 40 15.5 15.5 5 2 3
0 0 0 0 1 1 2 0 3 0 2 1 36 -1 35 28.1055 0 6 -1 -1 -1 -1 -1 -1 -1 476938 0 0 10 40 15.5 15.5 5 2 3
0 0 0 0 1 1 3 0 3 0 2 1 43 0 8 27.4166 0 6 6 7 0 0 1 1 0 477604 0 0 10 40 15.5 15.5 5 2 3
0 0 0 0 1 1 2 0 3 0 2 1 24 1 49 26.7466 0 6 -1 -1 -1 -1 -1 -1 -1 478271 0 0 10 40 15 15 4 0 3
0 0 0 0 1 2 1 0 3 0 2 1 342 1 49 26.08 0 5 -1 -1 -1 -1 -1 -1 -1 478937 0 0 10 40 15 15 4 0 3
0 0 0 0 2 1 1 0 3 0 2 1 315 1 41 25.4133 0 4 -1 -1 -1 -1 -1 -1 -1 479604 0 0 10 40 15 15 4 0 3
0 0 0 0 4 1 1 0 3 0 2 1 315 0 17 24.7467 0 4 4 7 2 2 0 1 0 480270 0 0 10 40 15 15 4 0 3
0 0 0 0 2 1 1 0 3 0 2 1 333 -1 53 29.4333 0 4 -1 -1 -1 -1 -1 -1 -1 480937 0 0 10 40 15 15 0 0 3
0 0 0 0 1 2 1 0 3 0 2 1 12 -2 84 28.7667 0 5 -1 -1 -1 -1 -1 -1 -1 481603 0 0 10 40 15 15 0 0 3
0 0 0 0 1 1 2 0 3 0 2 1 45 -2 63 28.2667 2.52922 6 -1 -1 -1 -1 -1 -1 -1 482237 0 0 10 40 15.5 15.5 0 0 3
0 0 0 0 1 1 3 0 3 0 2 1 45 -1 47 28.2667 1.84034 6 6 7 2 4 1 1 1 482903 0 0 10 40 15.5 15.5 0 0 3
0 0 0 0 1 1 2 0 3 0 2 1 29 1 49 28.2667 1.18589 6 -1 -1 -1 -1 -1 -1 -1 483536 0 0 10 40 15.5 15.5 1 1 3
0 0 0 0 1 2 1 0 3 0 2 1 355 1 40 28.2667 0.531446 5 -1 -1 -1 -1 -1 -1 -1 484170 0 0 10 40 15.5 15.5 1 1 3
0 0 0 0 2 1 1 0 3 0 2 1 337 0 24 28.2667 2.09811 4 -1 -1 -1 -1 -1 -1 -1 484803 0 0 10 40 16 16 1 1 3
0 0 0 0 1 3 1 0 3 0 2 1 350 0 9 28.2667 1.42255 5 5 7 2 2 1 1 1 485436 0 0 10 40 16 16 1 1 3
0 0 0 0 1 2 1 0 3 0 2 1 2 0 24 28.2667 0.746998 5 -1 -1 -1 -1 -1 -1 -1 486069 0 0 10 40 16 16 8 0 3
0 0 0 0 1 2 1 0 3 0 2 1 5 0 3 28.2667 0.0714425 5 -1 -1 -1 -1 -1 -1 -1 486702 0 0 10 40 16 16 5 2 3
0 0 0 0 1 2 1 0 3 0 2 1 0 0 15 27.7686 0 5 -1 -1 -1 -1 -1 -1 -1 487302 0 0 10 40 16 16 5 2 3
0 0 0 0 1 4 1 0 3 0 2 1 355 0 1 27.0931 0 5 5 7 1 1 0 1 0 487935 0 0 10 40 16 16 5 2 3
0 0 0 0 1 2 1 0 3 0 2 1 5 -1 56 29.4311 0 5 -1 -1 -1 -1 -1 -1 -1 488568 0 0 10 40 16 16 5 2 3
0 0 0 0 1 1 2 0 3 0 2 1 40 -2 61 28.7556 0 6 -1 -1 -1 -1 -1 -1 -1 489202 0 0 10 40 16 16 4 0 3
0 0 0 0 1 1 2 0 3 0 2 1 45 0 29 28.1156 0 6 -1 -1 -1 -1 -1 -1 -1 489801 0 0 10 40 16 16 4 0 3
0 0 0 0 1 1 4 0 3 0 2 1 45 0 23 27.44 0 6 6 7 0 0 0 1 0 490435 0 0 10 40 16 16 4 0 3
0 0 0 0 1 1 2 0 3 0 2 1 23 1 52 29.4311 0 6 -1 -1 -1 -1 -1 -1 -1 491068 0 0 10 40 16 16 4 0 3
0 0 0 0 1 2 1 0 3 0 2 1 357 0 15 28.7556 0 5 -1 -1 -1 -1 -1 -1 -1 491701 0 0 10 40 16 16 0 0 3
0 0 0 0 1 2 1 0 3 0 2 1 356 0 0 28.1156 0 5 -1 -1 -1 -1 -1 -1 -1 492301 0 0 10 40 16 16 0 0 3
0 0 0 0 1 4 1 0 3 0 2 1 358 0 4 27.44 0 5 5 7 2 4 0 1 0 492934 0 0 10 40 16 16 0 0 3
0 0 0 0 1 2 1 0 3 0 2 1 13 -1 46 29.4311 0 5 -1 -1 -1 -1 -1 -1 -1 493567 0 0 10 40 16 16 0 0 3
0 0 0 0 1 1 2 0 3 0 2 1 44 -1 37 28.7556 0 6 -1 -1 -1 -1 -1 -1 -1 494200 0 0 10 40 16 16 1 1 3
0 0 0 0 1 1 2 0 3 0 2 1 45 0 28 28.1156 0 6 -1 -1 -1 -1 -1 -1 -1 494800 0 0 10 40 16 16 1 1 3
0 0 0 0 1 1 4 0 3 0 2 1 45 0 9 27.44 0 6 6 7 1 1 0 1 0 495433 0 0 10 40 16 16 1 1 3
0 0 0 0 1 1 2 0 3 0 2 1 38 0 6 29.4311 0 6 -1 -1 -1 -1 -1 -1 -1 496067 0 0 10 40 16 16 1 1 3
0 0 0 0 1 1 2 0 3 0 2 1 45 0 3 28.7556 0 6 -1 -1 -1 -1 -1 -1 -1 496700 0 0 10 40 16 16 8 0 3
0 0 0 0 1 1 2 0 3 0 2 1 45 0 5 28.1156 0 6 -1 -1 -1 -1 -1 -1 -1 497300 0 0 10 40 16 16 5 2 3
0 0 0 0 1 1 4 0 3 0 2 1 44 0 0 27.44 0 6 6 7 3 4 0 1 0 497933 0 0 10 40 16 16 5 2 3
0 0 0 0 1 1 2 0 3 0 2 1 20 2 77 29.4311 0 6 -1 -1 -1 -1 -1 -1 -1 498566 0 0 10 40 16 16 5 2 3
0 0 0 0 2 1 1 0 3 0 2 1 332 2 67 28.7556 0 4 -1 -1 -1 -1 -1 -1 -1 499199 0 0 10 40 16 16 5 2 3
0 0 0 0 2 1 1 0 3 0 2 1 315 1 51 28.1156 0 4 -1 -1 -1 -1 -1 -1 -1 499799 0 0 10 40 16 16 4 0 3
0 0 0 0 4 1 1 0 3 0 2 1 315 0 5 27.44 0 4 4 7 0 0 0 1 0 500432 0 0 10 40 16 16 4 0 3
0 0 0 0 2 1 1 0 3 0 2 1 329 0 4 29.4311 0 4 -1 -1 -1 -1 -1 -1 -1 501065 0 0 10 40 16 16 4 0 3
0 0 0 0 2 1 1 0 3 0 2 1 318 1 33 28.7556 0 4 -1 -1 -1 -1 -1 -1 -1 501699 0 0 10 40 16 16 4 0 3
0 0 0 0 2 1 1 0 3 0 2 1 315 0 22 28.1156 0 4 -1 -1 -1 -1 -1 -1 -1 502298 0 0 10 40 16 16 0 0 3
0 0 0 0 4 1 1 0 3 0 2 1 320 0 18 27.44 0 4 4 7 1 1 0 1 0 502932 0 0 10 40 16 16 0 0 3
0 0 0 0 2 1 1 0 3 0 2 1 340 -1 45 29.4311 0 4 -1 -1 -1 -1 -1 -1 -1 503565 0 0 10 40 16 16 0 0 3
0 0 0 0 1 2 1 0 3 0 2 1 356 0 26 28.7911 2.667 5 -1 -1 -1 -1 -1 -1 -1 504165 0 0 10 40 16.5 16 0 0 3
0 0 0 0 1 2 1 0 3 0 2 1 9 0 5 28.7911 1.97033 5 -1 -1 -1 -1 -1 -1 -1 504798 0 0 10 40 16.5 16.5 1 1 3
0 0 0 0 1 3 1 0 3 0 2 1 4 0 2 28.7911 1.31033 5 5 7 1 4 1 1 1 505398 0 0 10 40 16.5 16.5 1 1 3
0 0 0 0 1 2 1 0 3 0 2 1 3 0 1 28.7911 0.650335 5 -1 -1 -1 -1 -1 -1 -1 505998 0 0 10 40 16.5 16.5 1 1 3
0 0 0 0 1 2 1 0 3 0 2 1 6 -1 37 28.7911 -0.00966534 5 -1 -1 -1 -1 -1 -1 -1 506597 0 0 10 40 16.5 16.5 1 1 3
0 0 0 0 1 1 2 0 3 0 2 1 29 -1 34 28.2141 2.59256 6 -1 -1 -1 -1 -1 -1 -1 507197 0 0 10 40 16.75 16.75 8 0 3
0 0 0 0 1 1 3 0 3 0 2 1 38 1 31 28.2141 1.92256 6 6 7 1 1 1 1 1 507797 0 0 10 40 16.75 16.75 5 2 3
0 0 0 0 1 2 1 0 3 0 2 1 14 0 26 28.2141 1.25256 5 -1 -1 -1 -1 -1 -1 -1 508397 0 0 10 40 16.75 16.75 5 2 3
0 0 0 0 1 1 2 0 3 0 2 1 28 -1 32 28.2141 0.582556 6 -1 -1 -1 -1 -1 -1 -1 508997 0 0 10 40 16.75 16.75 5 2 3
0 0 0 0 1 1 2 0 3 0 2 1 43 0 16 28.2141 2.13811 6 -1 -1 -1 -1 -1 -1 -1 509597 0 0 10 40 17 17 5 2 3
0 0 0 0 1 1 3 0 3 0 2 1 33 1 36 28.2141 1.49589 6 6 7 1 1 1 1 1 510163 0 0 10 40 17 17 4 0 3
0 0 0 0 1 2 1 0 3 0 2 1 11 1 51 28.2141 0.815891 5 -1 -1 -1 -1 -1 -1 -1 510763 0 0 10 40 17 17 4 0 3
0 0 0 0 1 2 1 0 3 0 2 1 346 2 69 28.2141 0.287002 5 -1 -1 -1 -1 -1 -1 -1 511263 0 1 10 40 17 60 4 0 3
0 0 0 0 1 2 1 0 3 0 2 1 346 2 66 28.2141 0.287002 5 -1 -1 -1 -1 -1 -1 -1 511430 0 1 10 40 17 60 4 0 3
0 0 0 0 4 2 1 0 3 0 2 1 346 2 67 28.2141 0.287002 5 4 7 0 0 0 0 0 511596 0 1 10 40 17 60 0 0 3
0 0 0 0 1 2 1 0 3 0 2 1 346 1 44 28.2141 0.287002 5 -1 -1 -1 -1 -1 -1 -1 511763 0 1 10 40 17 60 0 0 3
0 0 0 0 1 2 1 0 3 0 2 1 346 2 83 28.2141 0.287002 5 -1 -1 -1 -1 -1 -1 -1 511929 0 1 10 40 17 60 0 0 3
0 0 0 0 1 2 1 0 3 0 2 1 346 3 106 28.2141 0.287002 5 -1 -1 -1 -1 -1 -1 -1 512096 0 1 10 40 17 60 0 0 3
0 0 0 0 1 2 1 0 3 0 2 1 346 2 62 28.2141 0.287002 5 -1 -1 -1 -1 -1 -1 -1 512263 0 1 10 40 17 60 1 1 3
0 0 0 0 1 2 1 0 3 0 2 1 346 1 59 28.2141 0.287002 5 -1 -1 -1 -1 -1 -1 -1 512429 0 1 10 40 17 60 1 1 3
0 0 0 0 1 2 1 0 3 0 2 1 346 1 46 28.2141 0.287002 5 -1 -1 -1 -1 -1 -1 -1 512596 0 1 10 40 17 60 1 1 3
0 0 0 0 1 2 1 0 3 0 2 1 346 2 60 28.2141 0.287002 5 -1 -1 -1 -1 -1 -1 -1 512763 0 1 10 40 17 60 1 1 3
0 0 0 0 1 2 1 0 3 0 2 1 346 1 55 28.2141 0.287002 5 -1 -1 -1 -1 -1 -1 -1 512929 0 1 10 40 17 60 8 0 3
0 0 0 0 1 2 1 0 3 0 2 1 346 1 51 28.2141 0.287002 5 -1 -1 -1 -1 -1 -1 -1 513096 0 1 10 40 17 60 5 2 3
0 0 0 0 1 2 1 0 4 0 2 1 3 -1 33 29.9 0 5 -1 -1 -1 -1 -1 -1 -1 524260 0 0 10 40 15 60 6 0 3
0 0 0 0 1 2 1 0 4 0 2 1 8 0 27 29.7333 0 5 -1 -1 -1 -1 -1 -1 -1 524426 0 0 10 40 15 60 6 0 3
0 0 0 0 1 2 1 0 4 0 2 1 14 -1 32 29.5667 0 5 -1 -1 -1 -1 -1 -1 -1 524593 0 0 10 40 15 60 6 0 3
0 0 0 0 1 2 1 0 4 0 2 1 19 -1 32 29.4 0 5 -1 -1 -1 -1 -1 -1 -1 524760 0 0 10 40 15 51 6 0 3
0 0 0 0 1 1 2 0 4 0 2 1 21 1 44 29.1333 0 6 -1 -1 -1 -1 -1 -1 -1 525026 0 0 10 40 15 27 5 3 3
0 0 0 0 1 2 1 0 4 0 2 1 346 1 57 28.5 0 5 -1 -1 -1 -1 -1 -1 -1 525659 0 0 10 40 15 15 5 3 3
0 0 0 0 2 1 1 0 4 0 2 1 332 0 12 27.8334 0 4 -1 -1 -1 -1 -1 -1 -1 526326 0 0 10 40 15 15 5 3 3
0 0 0 0 1 2 1 0 4 0 2 1 345 -1 52 27.1667 0 5 -1 -1 -1 -1 -1 -1 -1 526992 0 0 10 40 15 15 5 3 3
0 0 0 0 1 2 1 0 4 0 2 1 23 -1 58 26.5001 0 5 -1 -1 -1 -1 -1 -1 -1 527659 0 0 10 40 15 15 5 2 3
0 0 0 0 1 1 2 0 4 0 2 1 45 -1 35 25.8334 0 6 -1 -1 -1 -1 -1 -1 -1 528325 0 0 10 40 15 15 5 2 3
0 0 0 0 1 1 4 0 4 0 2 1 45 0 28 25.1667 0 6 6 7 2 2 0 1 0 528992 0 0 10 40 15 15 5 2 3
0 0 0 0 1 1 2 0 4 0 2 1 21 1 47 29.4333 0 6 -1 -1 -1 -1 -1 -1 -1 529658 0 0 10 40 15 15 5 2 3
0 0 0 0 1 2 1 0 4 0 2 1 345 2 60 28.7667 0 5 -1 -1 -1 -1 -1 -1 -1 530325 0 0 10 40 15 15 5 3 3
0 0 0 0 2 1 1 0 4 0 2 1 315 1 55 28.4334 2.32256 4 -1 -1 -1 -1 -1 -1 -1 530991 0 0 10 40 15.5 15.5 5 3 3
0 0 0 0 3 1 1 0 4 0 2 1 315 0 7 28.4334 1.66811 4 4 7 2 2 1 1 1 531625 0 0 10 40 15.5 15.5 5 3 3
0 0 0 0 2 1 1 0 4 0 2 1 322 0 1 28.4334 1.01367 4 -1 -1 -1 -1 -1 -1 -1 532258 0 0 10 40 15.5 15.5 5 3 3
0 0 0 0 2 1 1 0 4 0 2 1 317 0 18 28.4334 0.32478 4 -1 -1 -1 -1 -1 -1 -1 532924 0 0 10 40 15.5 15.5 8 0 3
0 0 0 0 2 1 1 0 4 0 2 1 315 0 11 28.143 0 4 -1 -1 -1 -1 -1 -1 -1 533558 0 0 10 40 15.5 15.5 6 0 3
0 0 0 0 4 1 1 0 4 0 2 1 315 0 1 27.4886 0 4 4 7 1 1 0 1 0 534191 0 0 10 40 15.5 15.5 6 0 3
0 0 0 0 2 1 1 0 4 0 2 1 330 -1 48 29.4144 0 4 -1 -1 -1 -1 -1 -1 -1 534857 0 0 10 40 15.5 15.5 6 0 3
0 0 0 0 1 2 1 0 4 0 2 1 357 -1 33 29.0011 2.41811 5 -1 -1 -1 -1 -1 -1 -1 535490 0 0 10 40 16 16 6 0 3
0 0 0 0 1 2 1 0 4 0 2 1 7 0 0 29.0011 1.74255 5 -1 -1 -1 -1 -1 -1 -1 536124 0 0 10 40 16 16 5 3 3
0 0 0 0 1 3 1 0 4 0 2 1 0 0 28 29.0011 1.10255 5 5 7 1 1 1 1 1 536723 0 0 10 40 16 16 5 3 3
0 0 0 0 1 2 1 0 4 0 2 1 343 1 53 29.0011 0.426998 5 -1 -1 -1 -1 -1 -1 -1 537357 0 0 10 40 16 16 5 3 3
0 0 0 0 2 1 1 0 4 0 2 1 315 1 40 28.823 0 4 -1 -1 -1 -1 -1 -1 -1 537990 0 0 10 40 16 16 5 3 3
0 0 0 0 2 1 1 0 4 0 2 1 315 1 37 28.1475 0 4 -1 -1 -1 -1 -1 -1 -1 538623 0 0 10 40 16 16 5 2 3
0 0 0 0 4 1 1 0 4 0 2 1 317 0 14 27.5075 0 4 4 7 0 0 0 1 0 539223 0 0 10 40 16 16 5 2 3
0 0 0 0 2 1 1 0 4 0 2 1 337 0 28 29.4311 0 4 -1 -1 -1 -1 -1 -1 -1 539856 0 0 10 40 16 16 5 2 3
0 0 0 0 1 2 1 0 4 0 2 1 353 0 18 28.7556 0 5 -1 -1 -1 -1 -1 -1 -1 540489 0 0 10 40 16 16 5 2 3
0 0 0 0 1 2 1 0 4 0 2 1 359 0 1 28.08 0 5 -1 -1 -1 -1 -1 -1 -1 541122 0 0 10 40 16 16 5 3 3
0 0 0 0 1 4 1 0 4 0 2 1 352 0 8 27.44 0 5 5 7 2 2 0 1 0 541722 0 0 10 40 16 16 5 3 3
0 0 0 0 1 2 1 0 4 0 2 1 2 -1 42 29.4311 0 5 -1 -1 -1 -1 -1 -1 -1 542355 0 0 10 40 16 16 5 3 3
0 0 0 0 1 1 2 0 4 0 2 1 26 0 29 28.7556 0 6 -1 -1 -1 -1 -1 -1 -1 542989 0 0 10 40 16 16 5 3 3
0 0 0 0 1 1 2 0 4 0 2 1 39 0 10 28.08 0 6 -1 -1 -1 -1 -1 -1 -1 543622 0 0 10 40 16 16 8 0 3
0 0 0 0 1 1 4 0 4 0 2 1 34 2 64 27.44 0 6 6 7 1 1 0 1 0 544222 0 0 10 40 16 16 6 0 3
0 0 0 0 1 2 1 0 4 0 2 1 8 0 1 29.4311 0 5 -1 -1 -1 -1 -1 -1 -1 544855 0 0 10 40 16 16 6 0 3
0 0 0 0 1 2 1 0 4 0 2 1 14 -1 42 28.7556 0 5 -1 -1 -1 -1 -1 -1 -1 545488 0 0 10 40 16 16 6 0 3
0 0 0 0 1 1 2 0 4 0 2 1 37 0 24 28.08 0 6 -1 -1 -1 -1 -1 -1 -1 546121 0 0 10 40 16 16 6 0 3
0 0 0 0 1 1 4 0 4 0 2 1 40 0 25 27.44 0 6 6 7 0 0 0 1 0 546721 0 0 10 40 16 16 5 3 3
0 0 0 0 1 1 2 0 4 0 2 1 24 1 57 29.4311 0 6 -1 -1 -1 -1 -1 -1 -1 547354 0 0 10 40 16 16 5 3 3
0 0 0 1 1 2 1 1 4 0 2 1 348 1 52 28.7556 0 5 -1 -1 -1 -1 -1 -1 -1 547987 0 0 10 40 16 16 5 3 5
0 0 0 1 2 1 1 1 4 0 2 1 315 1 39 28.08 0 4 -1 -1 -1 -1 -1 -1 -1 548621 0 0 10 40 16 16 5 3 5
0 0 0 1 4 1 1 1 4 0 2 1 303 0 3 27.44 0 4 4 7 2 2 0 1 0 549220 0 0 10 40 16 16 5 2 5
0 0 0 1 2 1 1 1 4 0 2 1 304 0 26 29.4311 0 4 -1 -1 -1 -1 -1 -1 -1 549854 0 0 10 40 16 16 5 2 5
0 0 0 2 1 1 1 1 4 0 2 1 288 1 35 28.9689 2.447 3 -1 -1 -1 -1 -1 -1 -1 550487 0 0 10 40 16.5 16.5 5 2 5
0 0 0 2 1 1 1 1 4 0 2 1 272 0 22 28.9689 1.787 3 -1 -1 -1 -1 -1 -1 -1 551087 0 0 10 40 16.5 16.5 5 2 5
0 0 0 3 1 1 1 1 4 0 2 1 273 0 21 28.9689 1.127 3 3 7 2 2 1 1 1 551686 0 0 10 40 16.5 16.5 5 3 5
0 0 0 2 1 1 1 1 4 0 2 1 289 0 1 28.9689 0.467001 3 -1 -1 -1 -1 -1 -1 -1 552286 0 0 10 40 16.5 16.5 5 3 5
0 0 0 2 1 1 1 1 4 0 2 1 279 1 32 28.8319 2.62978 3 -1 -1 -1 -1 -1 -1 -1 552886 0 0 10 40 16.75 16.75 5 3 5
0 0 0 2 1 1 1 1 4 0 2 1 270 0 6 28.8319 1.95978 3 -1 -1 -1 -1 -1 -1 -1 553486 0 0 10 40 16.75 16.75 5 3 5
0 0 0 3 1 1 1 1 4 0 2 1 271 0 16 28.8319 1.28978 3 3 7 2 2 1 1 1 554086 0 0 10 40 16.75 16.75 8 0 5
0 0 0 2 1 1 1 1 4 0 2 1 288 -1 41 28.8319 0.619778 3 -1 -1 -1 -1 -1 -1 -1 554686 0 0 10 40 16.75 16.75 6 0 5
0 0 0 1 2 1 1 1 4 0 2 1 306 -1 36 28.8077 0 4 -1 -1 -1 -1 -1 -1 -1 555286 0 0 10 40 16.75 16.75 6 0 5
0 0 0 1 2 1 1 1 4 0 2 1 319 0 4 28.1377 0 4 -1 -1 -1 -1 -1 -1 -1 555885 0 0 10 40 16.75 16.75 6 0 5
0 0 0 1 4 1 1 1 4 0 2 1 323 0 1 27.4677 0 4 4 7 1 1 0 1 0 556485 0 0 10 40 16.75 16.75 6 0 5
0 0 0 1 2 1 1 1 4 0 2 1 322 0 10 29.4417 0 4 -1 -1 -1 -1 -1 -1 -1 557085 0 0 10 40 16.75 16.75 5 3 5
0 0 0 1 2 1 1 1 4 0 2 1 315 0 12 28.7717 0 4 -1 -1 -1 -1 -1 -1 -1 557685 0 0 10 40 16.75 16.75 5 3 5
0 0 0 1 2 1 1 1 4 0 2 1 314 0 3 28.1017 0 4 -1 -1 -1 -1 -1 -1 -1 558285 0 0 10 40 16.75 16.75 5 3 5
0 0 0 1 4 1 1 1 4 0 2 1 315 0 2 27.4689 0 4 4 7 3 3 0 1 0 558851 0 0 10 40 16.75 16.75 5 3 5
0 0 0 1 2 1 1 1 4 0 2 1 317 0 3 29.4417 0 4 -1 -1 -1 -1 -1 -1 -1 559451 0 0 10 40 16.75 16.75 5 2 5
0 0 0 1 2 1 1 1 4 0 2 1 319 0 18 28.7717 0 4 -1 -1 -1 -1 -1 -1 -1 560051 0 0 10 40 16.75 16.75 5 2 5
0 0 0 1 2 1 1 1 4 0 2 1 309 0 15 28.1017 0 4 -1 -1 -1 -1 -1 -1 -1 560651 0 0 10 40 16.75 16.75 5 2 5
0 0 0 1 4 1 1 1 4 0 2 1 309 0 1 27.4317 0 4 4 7 2 4 0 1 0 561251 0 0 10 40 16.75 16.75 5 2 5
0 0 0 1 2 1 1 1 4 0 2 1 321 -1 33 29.4417 0 4 -1 -1 -1 -1 -1 -1 -1 561851 0 0 10 40 16.75 16.75 5 3 5
0 0 0 1 1 2 1 1 4 0 2 1 343 0 25 28.7717 0 5 -1 -1 -1 -1 -1 -1 -1 562450 0 0 10 40 16.75 16.75 5 3 5
0 0 0 1 1 2 1 1 4 0 2 1 356 0 15 28.1017 0 5 -1 -1 -1 -1 -1 -1 -1 563050 0 0 10 40 16.75 16.75 5 3 5
0 0 0 1 1 4 1 1 4 0 2 1 2 0 3 27.4317 0 5 5 7 1 1 0 1 0 563650 0 0 10 40 16.75 16.75 5 3 5
0 0 0 1 1 2 1 1 4 0 2 1 1 0 14 29.4417 0 5 -1 -1 -1 -1 -1 -1 -1 564250 0 0 10 40 16.75 16.75 8 0 5
0 0 0 1 2 1 1 1 4 0 2 1 302 4 131 28.7717 0 4 -1 -1 -1 -1 -1 -1 -1 564850 0 0 10 40 16.75 16.75 6 0 5
0 0 0 2 1 1 1 1 4 0 2 1 270 2 80 28.1389 0 3 -1 -1 -1 -1 -1 -1 -1 565416 0 0 10 40 16.75 16.75 6 0 5
0 0 0 4 1 1 1 1 4 0 2 1 270 2 64 27.4689 0 3 3 7 0 4 0 1 0 566016 0 0 10 40 16.75 16.75 6 0 5
0 0 0 2 1 1 1 1 4 0 2 1 274 -1 41 29.4417 0 3 -1 -1 -1 -1 -1 -1 -1 566616 0 0 10 40 16.75 16.75 6 0 5
0 0 0 2 1 1 1 1 4 0 2 1 292 -1 31 28.7717 0 3 -1 -1 -1 -1 -1 -1 -1 567216 0 0 10 40 16.75 16.75 5 3 5
0 0 0 1 2 1 1 1 4 0 2 1 308 0 15 28.5856 2.17589 4 -1 -1 -1 -1 -1 -1 -1 567816 0 0 10 40 17 17 5 3 5
0 0 0 1 3 1 1 1 4 0 2 1 317 0 10 28.5856 1.49589 4 4 7 0 0 1 1 1 568416 0 0 10 40 17 17 5 3 5
0 0 0 1 2 1 1 1 4 0 2 1 322 0 26 28.5856 0.853669 4 -1 -1 -1 -1 -1 -1 -1 568982 0 0 10 40 17 17 5 3 5
0 0 0 1 1 2 1 1 4 0 2 1 341 0 19 28.5856 0.173669 5 -1 -1 -1 -1 -1 -1 -1 569582 0 0 10 40 17 17 5 2 5
0 0 0 1 1 2 1 1 4 0 2 1 350 0 1 28.1475 0 5 -1 -1 -1 -1 -1 -1 -1 570149 0 0 10 40 17 17 5 2 5
0 0 0 1 1 4 1 1 4 0 2 1 352 0 0 27.4675 0 5 5 7 2 2 0 1 0 570748 0 0 10 40 17 17 5 2 5
0 0 0 1 1 2 1 1 4 0 2 1 353 0 5 29.4333 0 5 -1 -1 -1 -1 -1 -1 -1 571348 0 0 10 40 17 17 5 2 5
0 0 0 0 1 2 1 0 4 0 2 1 357 0 6 28.7911 0 5 -1 -1 -1 -1 -1 -1 -1 571915 0 0 10 40 17 17 5 3 3
0 0 0 0 1 2 1 0 4 0 2 1 358 0 2 28.1112 0 5 -1 -1 -1 -1 -1 -1 -1 572515 0 0 10 40 17 17 5 3 3
0 0 0 0 1 4 1 0 4 0 2 1 357 0 3 27.4312 0 5 5 7 0 0 0 1 0 573115 0 0 10 40 17 17 5 3 3
0 0 0 0 1 2 1 0 4 0 2 1 350 0 23 29.4711 0 5 -1 -1 -1 -1 -1 -1 -1 573681 0 0 10 40 17 17 5 3 3
0 0 0 0 1 2 1 0 4 0 2 1 22 -1 45 28.7911 0 5 -1 -1 -1 -1 -1 -1 -1 574281 0 0 10 40 17 17 8 0 3
0 0 0 0 1 1 2 0 4 0 2 1 45 0 23 28.64 2.16867 6 -1 -1 -1 -1 -1 -1 -1 574847 0 0 10 40 17.25 17.25 6 0 3
0 0 0 0 1 1 3 0 4 0 2 1 43 0 20 28.64 1.47867 6 6 7 0 4 1 1 1 575447 0 0 10 40 17.25 17.25 6 0 3
0 0 0 0 1 2 1 0 4 0 2 1 359 2 89 28.64 0.826999 5 -1 -1 -1 -1 -1 -1 -1 576014 0 0 10 40 17.25 17.25 6 0 3
0 0 0 0 2 1 1 0 4 0 2 1 315 2 82 28.64 2.62811 4 -1 -1 -1 -1 -1 -1 -1 576614 0 0 10 40 17.5 17.5 6 0 3
0 0 0 0 2 1 1 0 4 0 2 1 315 2 76 28.64 1.967 4 -1 -1 -1 -1 -1 -1 -1 577180 0 0 10 40 17.5 17.5 5 3 3
0 0 0 0 3 1 1 0 4 0 2 1 315 1 55 28.64 1.30589 4 4 7 0 0 1 1 1 577747 0 0 10 40 17.5 17.5 5 3 3
0 0 0 0 2 1 1 0 4 0 2 1 319 -2 66 28.64 0.644776 4 -1 -1 -1 -1 -1 -1 -1 578313 0 0 10 40 17.5 17.5 5 3 3
0 0 0 0 1 2 1 0 4 0 2 1 0 -2 75 28.64 -0.0163349 5 -1 -1 -1 -1 -1 -1 -1 578880 0 0 10 40 17.5 17.5 5 3 3
0 0 0 0 1 1 2 0 4 0 2 1 40 -1 56 27.9953 0 6 -1 -1 -1 -1 -1 -1 -1 579446 0 0 10 40 17.5 17.5 5 2 3
0 0 0 0 1 1 4 0 4 0 2 1 44 0 2 27.3341 0 6 6 7 1 1 0 1 0 580013 0 0 10 40 17.5 17.5 5 2 3
0 0 0 0 1 1 2 0 4 0 2 1 23 1 55 29.4167 0 6 -1 -1 -1 -1 -1 -1 -1 580613 0 0 10 40 17.5 17.5 5 2 3
0 0 0 0 1 2 1 0 4 0 2 1 357 0 25 28.7556 0 5 -1 -1 -1 -1 -1 -1 -1 581179 0 0 10 40 17.5 17.5 5 2 3
0 0 0 0 1 2 1 0 4 0 2 1 353 0 24 28.0944 0 5 -1 -1 -1 -1 -1 -1 -1 581746 0 0 10 40 17.5 17.5 5 3 3
0 0 0 0 1 4 1 0 4 0 2 1 1 0 8 27.4333 0 5 5 7 3 3 0 1 0 582312 0 0 10 40 17.5 17.5 5 3 3
0 0 0 0 1 2 1 0 4 0 2 1 9 -2 67 29.4556 0 5 -1 -1 -1 -1 -1 -1 -1 582879 0 0 10 40 17.5 17.5 5 3 3
0 0 0 0 1 1 2 0 4 0 2 1 44 -1 36 28.9111 2.54867 6 -1 -1 -1 -1 -1 -1 -1 583445 0 0 10 40 17.75 17.75 5 3 3
0 0 0 0 1 1 2 0 4 0 2 1 45 -1 30 28.9111 1.87811 6 -1 -1 -1 -1 -1 -1 -1 584012 0 0 10 40 17.75 17.75 8 0 3
0 0 0 0 1 1 3 0 4 0 2 1 44 0 4 28.9111 1.20756 6 6 7 3 4 1 1 1 584578 0 0 10 40 17.75 17.75 6 0 3
0 0 0 0 1 1 2 0 4 0 2 1 26 1 55 28.9111 0.537 6 -1 -1 -1 -1 -1 -1 -1 585145 0 0 10 40 17.75 17.75 6 0 3
0 0 0 0 1 2 1 0 4 0 2 1 352 2 85 28.808 0 5 -1 -1 -1 -1 -1 -1 -1 585711 0 0 10 40 17.75 17.75 6 0 3
0 0 0 0 2 1 1 0 4 0 2 1 315 2 65 28.1375 0 4 -1 -1 -1 -1 -1 -1 -1 586278 0 0 10 40 17.75 17.75 6 0 3
0 0 0 0 4 1 1 0 4 0 2 1 315 2 60 27.4669 0 4 4 7 2 2 0 1 0 586845 0 0 10 40 17.75 17.75 5 3 3
0 0 0 0 2 1 1 0 4 0 2 1 319 -1 59 29.4872 0 4 -1 -1 -1 -1 -1 -1 -1 587378 0 0 10 40 17.75 17.75 5 3 3
0 0 0 0 1 2 1 0 4 0 2 1 358 -2 76 28.8167 0 5 -1 -1 -1 -1 -1 -1 -1 587944 0 0 10 40 17.75 17.75 5 3 3
0 0 0 0 1 1 2 0 4 0 2 1 45 -2 77 28.1461 2.667 6 -1 -1 -1 -1 -1 -1 -1 588511 0 0 10 40 18 17.75 5 3 3
0 0 0 0 1 1 3 0 4 0 2 1 45 0 23 28.1461 1.987 6 6 7 2 4 1 1 1 589077 0 0 10 40 18 18 5 2 3
0 0 0 0 1 1 2 0 4 0 2 1 30 1 50 28.1461 1.307 6 -1 -1 -1 -1 -1 -1 -1 589644 0 0 10 40 18 18 5 2 3
0 0 0 0 1 2 1 0 4 0 2 1 1 2 69 28.1461 2.667 5 -1 -1 -1 -1 -1 -1 -1 590177 0 0 10 40 18.25 18 5 2 3
0 0 0 0 1 2 1 0 4 0 2 1 342 -1 31 28.1461 1.97756 5 -1 -1 -1 -1 -1 -1 -1 590744 0 0 10 40 18.25 18.25 5 2 3
0 0 0 0 1 3 1 0 4 0 2 1 358 0 11 28.1461 1.32867 5 5 7 2 2 1 1 1 591277 0 0 10 40 18.25 18.25 5 3 3
0 0 0 0 1 2 1 0 4 0 2 1 349 1 52 28.1461 0.639223 5 -1 -1 -1 -1 -1 -1 -1 591843 0 0 10 40 18.25 18.25 5 3 3
0 0 0 0 2 1 1 0 4 0 2 1 317 1 45 28.1461 -0.00966626 4 -1 -1 -1 -1 -1 -1 -1 592376 0 0 10 40 18.25 18.25 5 3 3
0 0 0 0 2 1 1 0 4 0 2 1 315 1 49 27.5069 0 4 -1 -1 -1 -1 -1 -1 -1 592910 0 0 10 40 18.25 18.25 5 3 3
0 0 0 0 4 1 1 0 4 0 2 1 315 0 11 26.8175 0 4 4 7 3 3 0 1 0 593476 0 0 10 40 18.25 18.25 8 0 3
0 0 0 0 2 1 1 0 4 0 2 1 329 -2 78 29.4728 0 4 -1 -1 -1 -1 -1 -1 -1 594009 0 0 10 40 18.25 18.25 6 0 3
0 0 0 0 1 2 1 0 4 0 2 1 24 -3 109 28.7833 0 5 -1 -1 -1 -1 -1 -1 -1 594576 0 0 10 40 18.25 18.25 6 0 3
0 0 0 0 1 1 2 0 4 0 2 1 45 -2 70 28.1344 0 6 -1 -1 -1 -1 -1 -1 -1 595109 0 0 10 40 18.25 18.25 6 0 3
0 0 0 0 1 1 4 0 4 0 2 1 45 0 10 27.445 0 6 6 7 1 1 0 1 0 595676 0 0 10 40 18.25 18.25 6 0 3
0 0 0 0 1 1 2 0 4 0 2 1 37 -1 32 29.4728 0 6 -1 -1 -1 -1 -1 -1 -1 596209 0 0 10 40 18.25 18.25 5 3 3
0 0 0 0 1 1 2 0 4 0 2 1 45 -1 38 28.8239 0 6 -1 -1 -1 -1 -1 -1 -1 596742 0 0 10 40 18.25 18.25 5 3 3
0 0 0 0 1 1 2 0 4 0 2 1 45 0 26 28.1344 0 6 -1 -1 -1 -1 -1 -1 -1 597309 0 0 10 40 18.25 18.25 5 3 3
0 0 0 0 1 1 4 0 4 0 2 1 45 0 15 27.4855 0 6 6 7 0 4 0 1 0 597842 0 0 10 40 18.25 18.25 5 3 3
0 0 0 0 1 1 2 0 4 0 2 1 15 4 133 29.4322 0 6 -1 -1 -1 -1 -1 -1 -1 598408 0 0 10 40 18.25 18.25 5 2 3
0 0 0 0 2 1 1 0 4 0 2 1 315 3 116 28.7833 0 4 -1 -1 -1 -1 -1 -1 -1 598942 0 0 10 40 18.25 18.25 5 2 3
0 0 0 0 2 1 1 0 4 0 2 1 315 2 85 28.0939 0 4 -1 -1 -1 -1 -1 -1 -1 599508 0 0 10 40 18.25 18.25 5 2 3
0 0 0 0 4 1 1 0 4 0 2 1 315 2 72 27.445 0 4 4 7 3 4 0 1 0 600041 0 0 10 40 18.25 18.25 5 2 3
0 0 0 0 2 1 1 0 4 0 2 1 315 0 25 29.4322 0 4 -1 -1 -1 -1 -1 -1 -1 600608 0 0 10 40 18.25 18.25 5 3 3
0 0 0 0 2 1 1 0 4 0 2 1 315 1 42 28.7833 0 4 -1 -1 -1 -1 -1 -1 -1 601141 0 0 10 40 18.25 18.25 5 3 3
0 0 0 0 2 1 1 0 4 0 2 1 315 1 47 28.1344 0 4 -1 -1 -1 -1 -1 -1 -1 601674 0 0 10 40 18.25 18.25 5 3 3
0 0 0 0 4 1 1 0 4 0 2 1 315 0 22 27.445 0 4 4 7 1 4 0 1 0 602241 0 0 10 40 18.25 18.25 5 3 3
0 0 0 0 2 1 1 0 4 0 2 1 324 -1 55 29.4728 0 4 -1 -1 -1 -1 -1 -1 -1 602774 0 0 10 40 18.25 18.25 8 0 3
0 0 0 0 1 2 1 0 4 0 2 1 26 -3 114 28.7833 0 5 -1 -1 -1 -1 -1 -1 -1 603340 0 0 10 40 18.25 18.25 6 0 3
0 0 0 0 1 1 2 0 4 0 2 1 45 -2 65 28.1344 0 6 -1 -1 -1 -1 -1 -1 -1 603874 0 0 10 40 18.25 18.25 6 0 3
0 0 0 0 1 1 4 0 4 0 2 1 45 -1 32 27.445 0 6 6 7 0 0 0 1 0 604440 0 0 10 40 18.25 18.25 6 0 3
0 0 0 0 1 1 2 0 4 0 2 1 27 4 127 29.4728 0 6 -1 -1 -1 -1 -1 -1 -1 604973 0 0 10 40 18.25 18.25 6 0 3
0 0 0 0 2 1 1 0 4 0 2 1 315 4 131 28.8239 0 4 -1 -1 -1 -1 -1 -1 -1 605507 0 0 10 40 18.25 18.25 5 3 3
0 0 0 0 2 1 1 0 4 0 2 1 315 2 88 28.1344 0 4 -1 -1 -1 -1 -1 -1 -1 606073 0 0 10 40 18.25 18.25 5 3 3
0 0 0 0 4 1 1 0 4 0 2 1 315 2 65 27.4855 0 4 4 7 3 3 0 1 0 606606 0 0 10 40 18.25 18.25 5 3 3
0 0 0 0 2 1 1 0 4 0 2 1 315 1 44 29.4322 0 4 -1 -1 -1 -1 -1 -1 -1 607173 0 0 10 40 18.25 18.25 5 3 3
0 0 0 0 2 1 1 0 4 0 2 1 315 2 64 28.905 2.54367 4 -1 -1 -1 -1 -1 -1 -1 607706 0 0 10 40 18.5 18.5 5 2 3
0 0 0 0 2 1 1 0 4 0 2 1 315 2 64 28.905 1.88589 4 -1 -1 -1 -1 -1 -1 -1 608239 0 0 10 40 18.5 18.5 5 2 3
0 0 0 0 3 1 1 0 4 0 2 1 315 1 46 28.905 1.187 4 4 7 3 4 1 1 1 608806 0 0 10 40 18.5 18.5 5 2 3
0 0 0 0 2 1 1 0 4 0 2 1 333 -2 71 28.905 0.52922 4 -1 -1 -1 -1 -1 -1 -1 609339 0 0 10 40 18.5 18.5 5 2 3
0 0 0 0 1 2 1 0 4 0 2 1 5 -1 47 28.7869 0 5 -1 -1 -1 -1 -1 -1 -1 609872 0 0 10 40 18.5 18.5 5 3 3
0 0 0 0 1 2 1 0 4 0 2 1 7 1 41 28.1291 0 5 -1 -1 -1 -1 -1 -1 -1 610405 0 0 10 40 18.5 18.5 5 3 3
0 0 0 0 1 4 1 0 4 0 2 1 344 1 36 27.4713 0 5 5 7 2 2 0 1 0 610939 0 0 10 40 18.5 18.5 5 3 3
0 0 0 0 2 1 1 0 4 0 2 1 339 -1 59 29.4244 0 4 -1 -1 -1 -1 -1 -1 -1 611505 0 0 10 40 18.5 18.5 5 3 3
0 0 0 0 1 2 1 0 4 0 2 1 11 -2 72 28.7667 0 5 -1 -1 -1 -1 -1 -1 -1 612038 0 0 10 40 18.5 18.5 8 0 3
0 0 0 0 1 1 2 0 4 0 2 1 43 -1 50 28.3967 2.37533 6 -1 -1 -1 -1 -1 -1 -1 612572 0 0 10 40 18.75 18.75 6 0 3
0 0 0 0 1 1 3 0 4 0 2 1 36 1 39 28.3967 1.70867 6 6 7 2 4 1 1 1 613105 0 0 10 40 18.75 18.75 6 0 3
0 0 0 0 1 2 1 0 4 0 2 1 5 2 65 28.3967 1.042 5 -1 -1 -1 -1 -1 -1 -1 613638 0 0 10 40 18.75 18.75 6 0 3
0 0 0 0 1 2 1 0 4 0 2 1 333 1 53 28.3967 0.375333 5 -1 -1 -1 -1 -1 -1 -1 614171 0 0 10 40 18.75 18.75 6 0 3
0 0 0 0 2 1 1 0 4 0 2 1 315 2 61 28.188 0 4 -1 -1 -1 -1 -1 -1 -1 614704 0 0 10 40 18.75 18.75 5 3 3
0 0 0 0 4 1 1 0 4 0 2 1 315 1 47 27.5214 0 4 4 7 0 4 0 1 0 615238 0 0 10 40 18.75 18.75 5 3 3
0 0 0 0 2 1 1 0 4 0 2 1 315 0 24 29.4583 0 4 -1 -1 -1 -1 -1 -1 -1 615771 0 0 10 40 18.75 18.75 5 3 3
0 0 0 0 2 1 1 0 4 0 2 1 315 0 20 28.7917 0 4 -1 -1 -1 -1 -1 -1 -1 616304 0 0 10 40 18.75 18.75 5 3 3
0 0 0 0 2 1 1 0 4 0 2 1 315 0 24 28.125 0 4 -1 -1 -1 -1 -1 -1 -1 616837 0 0 10 40 18.75 18.75 5 2 3
0 0 0 0 4 1 1 0 4 0 2 1 315 0 21 27.4584 0 4 4 7 1 4 0 1 0 617370 0 0 10 40 18.75 18.75 5 2 3
0 0 0 0 2 1 1 0 4 0 2 1 327 -3 113 29.4583 0 4 -1 -1 -1 -1 -1 -1 -1 617904 0 0 10 40 18.75 18.75 5 2 3
0 0 0 0 1 2 1 0 4 0 2 1 18 -2 80 28.7917 0 5 -1 -1 -1 -1 -1 -1 -1 618437 0 0 10 40 18.75 18.75 5 2 3
0 0 0 0 1 1 2 0 4 0 2 1 45 -1 45 28.125 0 6 -1 -1 -1 -1 -1 -1 -1 618970 0 0 10 40 18.75 18.75 5 3 3
0 0 0 0 1 1 3 0 4 0 2 1 45 0 24 27.4584 0 6 6 7 1 1 1 1 0 619503 0 0 10 40 18.75 18.75 5 3 3
0 0 0 0 1 1 2 0 4 0 2 1 32 1 58 26.7812 0 6 -1 -1 -1 -1 -1 -1 -1 620070 0 0 10 40 17.75 17.75 5 3 3
0 0 0 0 1 2 1 0 4 0 2 1 352 2 80 26.1501 0 5 -1 -1 -1 -1 -1 -1 -1 620603 0 0 10 40 17.75 17.75 5 3 3
0 0 0 0 2 1 1 0 4 0 2 1 319 2 62 25.6373 2.627 4 -1 -1 -1 -1 -1 -1 -1 621103 0 1 10 40 18 60 8 0 3
0 0 0 0 3 1 1 0 4 0 2 1 319 1 48 25.6373 2.627 4 4 7 1 4 1 1 1 621269 0 1 10 40 18 60 6 0 3
0 0 0 0 2 1 1 0 4 0 2 1 319 1 49 25.6373 2.627 4 -1 -1 -1 -1 -1 -1 -1 621436 0 1 10 40 18 60 6 0 3
0 0 0 0 2 1 1 0 4 0 2 1 319 1 48 25.6373 2.627 4 -1 -1 -1 -1 -1 -1 -1 621603 0 1 10 40 18 60 6 0 3
0 0 0 0 2 1 1 0 4 0 2 1 319 1 54 25.6373 2.627 4 -1 -1 -1 -1 -1 -1 -1 621769 0 1 10 40 18 60 6 0 3
0 0 0 0 2 1 1 0 4 0 2 1 319 1 45 25.6373 2.627 4 -1 -1 -1 -1 -1 -1 -1 621936 0 1 10 40 18 60 5 3 3
0 0 0 0 2 1 1 0 4 0 2 1 319 1 45 25.6373 2.627 4 -1 -1 -1 -1 -1 -1 -1 622103 0 1 10 40 18 60 5 3 3
0 0 0 0 2 1 1 0 4 0 2 1 319 2 72 25.6373 2.627 4 -1 -1 -1 -1 -1 -1 -1 622269 0 1 10 40 18 60 5 3 3
0 0 0 0 2 1 1 0 4 0 2 1 319 1 44 25.6373 2.627 4 -1 -1 -1 -1 -1 -1 -1 622436 0 1 10 40 18 60 5 3 3
0 0 0 0 2 1 1 0 4 0 2 1 319 2 68 25.6373 2.627 4 -1 -1 -1 -1 -1 -1 -1 622602 0 1 10 40 18 60 5 2 3
0 0 0 0 2 1 1 0 4 0 2 1 319 1 59 25.6373 2.627 4 -1 -1 -1 -1 -1 -1 -1 622769 0 1 10 40 18 60 5 2 3
0 0 0 1 1 2 1 1 5 0 1 1 2 0 17 29.8933 0 5 -1 -1 -1 -1 -1 -1 -1 641531 0 0 10 40 16 60 4 0 5
0 0 0 1 1 2 1 1 5 0 1 1 4 0 17 29.7156 0 5 -1 -1 -1 -1 -1 -1 -1 641698 0 0 10 40 16 60 4 0 5
0 0 0 1 1 2 1 1 5 0 1 1 7 0 12 29.5378 0 5 -1 -1 -1 -1 -1 -1 -1 641864 0 0 10 40 16 60 4 0 5
0 0 0 1 1 2 1 1 5 0 1 1 9 0 0 29.3245 0 5 -1 -1 -1 -1 -1 -1 -1 642064 0 0 10 40 16 44.5511 4 0 5
0 0 0 1 1 2 1 1 5 0 1 1 8 0 5 28.9689 0 5 -1 -1 -1 -1 -1 -1 -1 642398 0 0 10 40 16 16 5 2 5
0 0 0 1 1 2 1 1 5 0 1 1 3 0 7 28.3289 0 5 -1 -1 -1 -1 -1 -1 -1 642997 0 0 10 40 16 16 5 2 5
0 0 0 1 1 2 1 1 5 0 1 1 359 0 6 27.6534 0 5 -1 -1 -1 -1 -1 -1 -1 643631 0 0 10 40 16 16 5 2 5
0 0 0 1 1 2 1 1 5 0 1 1 355 0 0 26.9778 0 5 -1 -1 -1 -1 -1 -1 -1 644264 0 0 10 40 16 16 5 2 5
0 0 0 1 1 2 1 1 5 0 1 1 0 0 1 26.3023 0 5 -1 -1 -1 -1 -1 -1 -1 644897 0 0 10 40 16 16 7 1 5
0 0 0 1 1 2 1 1 5 0 1 1 358 0 7 25.6623 0 5 -1 -1 -1 -1 -1 -1 -1 645497 0 0 10 40 16 16 7 1 5
0 0 0 1 1 4 1 1 5 0 1 1 356 0 9 24.9868 0 5 5 0 5 1 0 1 0 646130 0 0 10 40 16 16 7 1 5
0 0 0 1 1 2 1 1 5 0 1 1 3 0 8 29.4311 0 5 -1 -1 -1 -1 -1 -1 -1 646763 0 0 10 40 16 16 7 1 5
0 0 0 1 1 2 1 1 5 0 1 1 1 0 29 28.7556 0 5 -1 -1 -1 -1 -1 -1 -1 647396 0 0 10 40 16 16 6 2 5
0 0 0 1 1 2 1 1 5 0 1 1 356 0 23 28.1156 0 5 -1 -1 -1 -1 -1 -1 -1 647996 0 0 10 40 16 16 6 2 5
0 0 0 1 1 4 1 1 5 0 1 1 353 0 10 27.44 0 5 5 2 5 2 0 1 0 648629 0 0 10 40 16 16 6 2 5
0 0 0 1 1 2 1 1 5 0 1 1 337 1 46 29.4311 0 5 -1 -1 -1 -1 -1 -1 -1 649263 0 0 10 40 16 16 6 2 5
0 0 0 1 2 1 1 1 5 0 1 1 296 2 69 28.7556 0 4 -1 -1 -1 -1 -1 -1 -1 649896 0 0 10 40 16 16 8 0 5
0 0 0 2 1 1 1 1 5 0 1 1 270 2 61 28.1156 0 3 -1 -1 -1 -1 -1 -1 -1 650496 0 0 10 40 16 16 4 0 5
0 0 0 4 1 1 1 1 5 0 1 1 270 1 47 27.44 0 3 3 3 5 3 0 1 0 651129 0 0 10 40 16 16 4 0 5
0 0 0 2 1 1 1 1 5 0 1 1 270 1 51 29.4311 0 3 -1 -1 -1 -1 -1 -1 -1 651762 0 0 10 40 16 16 4 0 5
0 0 0 2 1 1 1 1 5 0 1 1 270 2 69 28.7556 0 3 -1 -1 -1 -1 -1 -1 -1 652395 0 0 10 40 16 16 4 0 5
0 0 0 2 1 1 1 1 5 0 1 1 270 2 64 28.1156 0 3 -1 -1 -1 -1 -1 -1 -1 652995 0 0 10 40 16 16 5 2 5
0 0 0 4 1 1 1 1 5 0 1 1 270 1 51 27.44 0 3 3 1 5 0 0 1 0 653628 0 0 10 40 16 16 5 2 5
0 0 0 2 1 1 1 1 5 0 1 1 270 1 35 29.4311 0 3 -1 -1 -1 -1 -1 -1 -1 654261 0 0 10 40 16 16 5 2 5
0 0 0 2 1 1 1 1 5 0 1 1 270 1 32 28.7556 0 3 -1 -1 -1 -1 -1 -1 -1 654895 0 0 10 40 16 16 5 2 5
0 0 0 2 1 1 1 1 5 0 1 1 270 1 36 28.1156 0 3 -1 -1 -1 -1 -1 -1 -1 655494 0 0 10 40 16 16 7 1 5
0 0 0 4 1 1 1 1 5 0 1 1 270 1 34 27.44 0 3 3 3 5 3 0 1 0 656128 0 0 10 40 16 16 7 1 5
0 0 0 2 1 1 1 1 5 0 1 1 270 1 42 29.4311 0 3 -1 -1 -1 -1 -1 -1 -1 656761 0 0 10 40 16 16 7 1 5
0 0 0 2 1 1 1 1 5 0 1 1 270 2 61 28.8267 2.59367 3 -1 -1 -1 -1 -1 -1 -1 657394 0 0 10 40 16.5 16.5 7 1 5
0 0 0 2 1 1 1 1 5 0 1 1 270 1 44 28.8267 1.93367 3 -1 -1 -1 -1 -1 -1 -1 657994 0 0 10 40 16.5 16.5 6 2 5
0 0 0 3 1 1 1 1 5 0 1 1 270 1 36 28.8267 1.27367 3 3 3 5 3 1 1 1 658594 0 0 10 40 16.5 16.5 6 2 5
0 0 0 2 1 1 1 1 5 0 1 1 283 -3 110 28.8267 0.613668 3 -1 -1 -1 -1 -1 -1 -1 659194 0 0 10 40 16.5 16.5 6 2 5
0 0 0 1 2 1 1 1 5 0 1 1 330 -2 64 28.7997 0 4 -1 -1 -1 -1 -1 -1 -1 659793 0 0 10 40 16.5 16.5 6 2 5
0 0 0 1 1 2 1 1 5 0 1 1 5 -1 36 28.3964 2.40256 5 -1 -1 -1 -1 -1 -1 -1 660393 0 0 10 40 17 17 8 0 5
0 0 0 1 1 3 1 1 5 0 1 1 18 0 4 28.3964 1.72256 5 5 3 5 3 1 1 1 660993 0 0 10 40 17 17 4 0 5
0 0 0 1 1 2 1 1 5 0 1 1 349 1 47 28.3964 1.04256 5 -1 -1 -1 -1 -1 -1 -1 661593 0 0 10 40 17 17 4 0 5
0 0 0 1 1 2 1 1 5 0 1 1 343 0 3 28.3964 0.400335 5 -1 -1 -1 -1 -1 -1 -1 662159 0 0 10 40 17 17 4 0 5
0 0 0 1 1 2 1 1 5 0 1 1 355 0 9 28.1471 0 5 -1 -1 -1 -1 -1 -1 -1 662759 0 0 10 40 17 17 4 0 5
0 0 0 1 1 4 1 1 5 0 1 1 359 0 1 27.4671 0 5 5 0 5 1 0 1 0 663359 0 0 10 40 17 17 5 2 5
0 0 0 1 1 2 1 1 5 0 1 1 1 0 12 29.4711 0 5 -1 -1 -1 -1 -1 -1 -1 663926 0 0 10 40 17 17 5 2 5
0 0 0 0 1 2 1 0 5 0 1 1 3 0 4 28.7911 0 5 -1 -1 -1 -1 -1 -1 -1 664526 0 0 10 40 17 17 5 2 3
0 0 0 0 1 2 1 0 5 0 1 1 0 0 7 28.1489 0 5 -1 -1 -1 -1 -1 -1 -1 665092 0 0 10 40 17 17 5 2 3
0 0 0 0 1 4 1 0 5 0 1 1 355 0 5 27.4689 0 5 5 3 5 3 0 1 0 665692 0 0 10 40 17 17 7 1 3
0 0 0 0 1 2 1 0 5 0 1 1 352 0 3 29.4333 0 5 -1 -1 -1 -1 -1 -1 -1 666292 0 0 10 40 17 17 7 1 3
0 0 0 0 1 2 1 0 5 0 1 1 352 0 1 28.98 2.47256 5 -1 -1 -1 -1 -1 -1 -1 666858 0 0 10 40 17.5 17.5 7 1 3
0 0 0 0 1 2 1 0 5 0 1 1 352 0 0 28.98 1.81144 5 -1 -1 -1 -1 -1 -1 -1 667425 0 0 10 40 17.5 17.5 7 1 3
0 0 0 0 1 3 1 0 5 0 1 1 353 0 1 28.98 1.11144 5 5 3 5 3 1 1 1 668025 0 0 10 40 17.5 17.5 6 2 3
0 0 0 0 1 2 1 0 5 0 1 1 342 2 72 28.98 0.450332 5 -1 -1 -1 -1 -1 -1 -1 668591 0 0 10 40 17.5 17.5 6 2 3
0 0 0 0 2 1 1 0 5 0 1 1 315 2 61 28.8019 0 4 -1 -1 -1 -1 -1 -1 -1 669158 0 0 10 40 17.5 17.5 6 2 3
0 0 0 0 2 1 1 0 5 0 1 1 315 1 50 28.1408 0 4 -1 -1 -1 -1 -1 -1 -1 669724 0 0 10 40 17.5 17.5 6 2 3
0 0 0 0 4 1 1 0 5 0 1 1 315 1 52 27.4797 0 4 4 1 5 0 0 1 0 670291 0 0 10 40 17.5 17.5 8 0 3
0 0 0 0 2 1 1 0 5 0 1 1 315 1 46 29.4556 0 4 -1 -1 -1 -1 -1 -1 -1 670857 0 0 10 40 17.5 17.5 4 0 3
0 0 0 0 2 1 1 0 5 0 1 1 315 1 49 28.7944 0 4 -1 -1 -1 -1 -1 -1 -1 671424 0 0 10 40 17.5 17.5 4 0 3
0 0 0 0 2 1 1 0 5 0 1 1 315 1 50 28.0944 0 4 -1 -1 -1 -1 -1 -1 -1 672024 0 0 10 40 17.5 17.5 4 0 3
0 0 0 0 4 1 1 0 5 0 1 1 315 1 49 27.4333 0 4 4 0 5 1 0 1 0 672590 0 0 10 40 17.5 17.5 4 0 3
0 0 0 0 2 1 1 0 5 0 1 1 321 -1 59 29.4556 0 4 -1 -1 -1 -1 -1 -1 -1 673157 0 0 10 40 17.5 17.5 5 2 3
0 0 0 0 1 2 1 0 5 0 1 1 0 -2 71 28.7944 0 5 -1 -1 -1 -1 -1 -1 -1 673723 0 0 10 40 17.5 17.5 5 2 3
0 0 0 0 1 1 2 0 5 0 1 1 39 -1 57 28.1333 0 6 -1 -1 -1 -1 -1 -1 -1 674290 0 0 10 40 17.5 17.5 5 2 3
0 0 0 0 1 1 4 0 5 0 1 1 45 0 24 27.4722 0 6 6 3 5 3 0 1 0 674856 0 0 10 40 17.5 17.5 5 2 3
0 0 0 0 1 1 2 0 5 0 1 1 45 0 17 29.4556 0 6 -1 -1 -1 -1 -1 -1 -1 675423 0 0 10 40 17.5 17.5 7 1 3
0 0 0 0 1 1 2 0 5 0 1 1 45 0 18 28.95 2.50922 6 -1 -1 -1 -1 -1 -1 -1 675989 0 0 10 40 17.75 17.75 7 1 3
0 0 0 0 1 1 2 0 5 0 1 1 45 0 9 28.95 1.83867 6 -1 -1 -1 -1 -1 -1 -1 676556 0 0 10 40 17.75 17.75 7 1 3
0 0 0 0 1 1 3 0 5 0 1 1 43 0 19 28.95 1.16811 6 6 3 5 4 1 1 1 677122 0 0 10 40 17.75 17.75 7 1 3
0 0 0 0 1 2 1 0 5 0 1 1 14 2 67 28.95 0.497555 5 -1 -1 -1 -1 -1 -1 -1 677689 0 0 10 40 17.75 17.75 6 2 3
0 0 0 0 1 2 1 0 5 0 1 1 338 2 68 28.8074 0 5 -1 -1 -1 -1 -1 -1 -1 678256 0 0 10 40 17.75 17.75 6 2 3
0 0 0 0 2 1 1 0 5 0 1 1 315 2 70 28.7286 2.067 4 -1 -1 -1 -1 -1 -1 -1 678822 0 0 10 40 18 18 6 2 3
0 0 0 0 3 1 1 0 5 0 1 1 315 1 47 28.7286 1.427 4 4 3 5 3 1 1 1 679355 0 0 10 40 18 18 6 2 3
0 0 0 0 2 1 1 0 5 0 1 1 324 -1 49 28.7286 0.747001 4 -1 -1 -1 -1 -1 -1 -1 679922 0 0 10 40 18 18 8 0 3
0 0 0 0 1 2 1 0 5 0 1 1 3 -2 75 28.7286 0.0670014 5 -1 -1 -1 -1 -1 -1 -1 680488 0 0 10 40 18 18 4 0 3
0 0 0 0 1 1 2 0 5 0 1 1 38 -1 54 28.1815 0 6 -1 -1 -1 -1 -1 -1 -1 681022 0 0 10 40 18 18 4 0 3
0 0 0 0 1 1 4 0 5 0 1 1 44 0 10 27.5015 0 6 6 0 5 1 0 1 0 681588 0 0 10 40 18 18 4 0 3
0 0 0 0 1 1 2 0 5 0 1 1 30 1 48 29.44 0 6 -1 -1 -1 -1 -1 -1 -1 682155 0 0 10 40 18 18 4 0 3
0 0 0 0 1 2 1 0 5 0 1 1 359 2 61 28.8 0 5 -1 -1 -1 -1 -1 -1 -1 682688 0 0 10 40 18 18 5 2 3
0 0 0 0 2 1 1 0 5 0 1 1 326 1 54 28.12 0 4 -1 -1 -1 -1 -1 -1 -1 683254 0 0 10 40 18 18 5 2 3
0 0 0 0 4 1 1 0 5 0 1 1 315 0 26 27.4399 0 4 4 1 5 0 0 1 0 683821 0 0 10 40 18 18 5 2 3
0 0 0 0 2 1 1 0 5 0 1 1 315 0 17 29.48 0 4 -1 -1 -1 -1 -1 -1 -1 684354 0 0 10 40 18 18 5 2 3
0 0 0 0 2 1 1 0 5 0 1 1 315 0 17 28.8 0 4 -1 -1 -1 -1 -1 -1 -1 684921 0 0 10 40 18 18 7 1 3
0 0 0 0 2 1 1 0 5 0 1 1 315 0 22 28.12 0 4 -1 -1 -1 -1 -1 -1 -1 685487 0 0 10 40 18 18 7 1 3
0 0 0 0 4 1 1 0 5 0 1 1 315 0 10 27.4799 0 4 4 3 5 4 0 1 0 686020 0 0 10 40 18 18 7 1 3
0 0 0 0 2 1 1 0 5 0 1 1 326 -2 78 29.44 0 4 -1 -1 -1 -1 -1 -1 -1 686587 0 0 10 40 18 18 7 1 3
0 0 0 0 1 2 1 0 5 0 1 1 5 -2 61 28.76 0 5 -1 -1 -1 -1 -1 -1 -1 687153 0 0 10 40 18 18 6 2 3
0 0 0 0 1 1 2 0 5 0 1 1 36 -2 71 28.12 0 6 -1 -1 -1 -1 -1 -1 -1 687687 0 0 10 40 18 18 6 2 3
0 0 0 0 1 1 4 0 5 0 1 1 45 0 0 27.4399 0 6 6 0 5 1 0 1 0 688253 0 0 10 40 18 18 6 2 3
0 0 0 0 1 1 2 0 5 0 1 1 24 2 61 29.44 0 6 -1 -1 -1 -1 -1 -1 -1 688820 0 0 10 40 18 18 6 2 3
0 0 0 0 1 2 1 0 5 0 1 1 8 0 18 28.8 2.667 5 -1 -1 -1 -1 -1 -1 -1 689353 0 0 10 40 18.25 18 8 0 3
0 0 0 0 1 2 1 0 5 0 1 1 347 0 18 28.8 1.97756 5 -1 -1 -1 -1 -1 -1 -1 689919 0 0 10 40 18.25 18.25 4 0 3
0 0 0 0 1 3 1 0 5 0 1 1 349 0 7 28.8 1.32867 5 5 0 5 4 1 1 1 690453 0 0 10 40 18.25 18.25 4 0 3
0 0 0 0 1 2 1 0 5 0 1 1 337 1 36 28.8 0.639223 5 -1 -1 -1 -1 -1 -1 -1 691019 0 0 10 40 18.25 18.25 4 0 3
0 0 0 0 2 1 1 0 5 0 1 1 316 1 31 28.8 -0.00966626 4 -1 -1 -1 -1 -1 -1 -1 691552 0 0 10 40 18.25 18.25 4 0 3
0 0 0 0 2 1 1 0 5 0 1 1 315 0 26 28.1202 0 4 -1 -1 -1 -1 -1 -1 -1 692119 0 0 10 40 18.25 18.25 5 2 3
0 0 0 0 4 1 1 0 5 0 1 1 315 0 1 27.4713 0 4 4 3 5 4 0 1 0 692652 0 0 10 40 18.25 18.25 5 2 3
0 0 0 0 2 1 1 0 5 0 1 1 332 -2 69 29.4728 0 4 -1 -1 -1 -1 -1 -1 -1 693185 0 0 10 40 18.25 18.25 5 2 3
0 0 0 0 1 2 1 0 5 0 1 1 12 -2 71 28.7833 0 5 -1 -1 -1 -1 -1 -1 -1 693752 0 0 10 40 18.25 18.25 5 2 3
0 0 0 0 1 1 2 0 5 0 1 1 45 -1 55 28.1344 0 6 -1 -1 -1 -1 -1 -1 -1 694285 0 0 10 40 18.25 18.25 7 1 3
0 0 0 0 1 1 4 0 5 0 1 1 45 0 29 27.445 0 6 6 0 5 4 0 1 0 694851 0 0 10 40 18.25 18.25 7 1 3
0 0 0 0 1 1 2 0 5 0 1 1 40 0 21 29.4728 0 6 -1 -1 -1 -1 -1 -1 -1 695385 0 0 10 40 18.25 18.25 7 1 3
0 0 0 0 1 1 2 0 5 0 1 1 19 1 49 28.7833 0 6 -1 -1 -1 -1 -1 -1 -1 695951 0 0 10 40 18.25 18.25 7 1 3
0 0 0 0 1 2 1 0 5 0 1 1 5 0 15 28.1344 0 5 -1 -1 -1 -1 -1 -1 -1 696484 0 0 10 40 18.25 18.25 6 2 3
0 0 0 0 1 4 1 0 5 0 1 1 342 1 45 27.4855 0 5 5 2 5 2 0 1 0 697018 0 0 10 40 18.25 18.25 6 2 3
0 0 0 0 2 1 1 0 5 0 1 1 336 0 24 29.4322 0 4 -1 -1 -1 -1 -1 -1 -1 697584 0 0 10 40 18.25 18.25 6 2 3
0 0 0 0 1 2 1 0 5 0 1 1 8 -2 68 28.7833 0 5 -1 -1 -1 -1 -1 -1 -1 698117 0 0 10 40 18.25 18.25 6 2 3
0 0 0 0 1 1 2 0 5 0 1 1 42 -1 50 28.0939 0 6 -1 -1 -1 -1 -1 -1 -1 698684 0 0 10 40 18.25 18.25 8 0 3
0 0 0 0 1 1 4 0 5 0 1 1 42 0 6 27.445 0 6 6 1 5 4 0 1 0 699217 0 0 10 40 18.25 18.25 4 0 3
0 0 0 0 1 1 2 0 5 0 1 1 31 0 3 29.4322 0 6 -1 -1 -1 -1 -1 -1 -1 699784 0 0 10 40 18.25 18.25 4 0 3
0 0 0 0 1 1 2 0 5 0 1 1 36 0 10 28.7833 0 6 -1 -1 -1 -1 -1 -1 -1 700317 0 0 10 40 18.25 18.25 4 0 3
0 0 0 0 1 1 2 0 5 0 1 1 43 0 18 28.0939 0 6 -1 -1 -1 -1 -1 -1 -1 700883 0 0 10 40 18.25 18.25 4 0 3
0 0 0 0 1 1 4 0 5 0 1 1 39 0 14 27.445 0 6 6 0 5 1 0 1 0 701417 0 0 10 40 18.25 18.25 5 2 3
0 0 0 0 1 1 2 0 5 0 1 1 31 0 8 29.4728 0 6 -1 -1 -1 -1 -1 -1 -1 701950 0 0 10 40 18.25 18.25 5 2 3
0 0 0 0 1 1 2 0 5 0 1 1 32 0 4 28.7833 0 6 -1 -1 -1 -1 -1 -1 -1 702516 0 0 10 40 18.25 18.25 5 2 3
0 0 0 0 1 1 2 0 5 0 1 1 45 0 27 28.7022 2.09144 6 -1 -1 -1 -1 -1 -1 -1 703049 0 0 10 40 18.5 18.5 5 2 3
0 0 0 0 1 1 3 0 5 0 1 1 40 1 48 28.7022 1.43366 6 6 0 5 4 1 1 1 703583 0 0 10 40 18.5 18.5 7 1 3
0 0 0 0 1 2 1 0 5 0 1 1 6 2 71 28.7022 0.734776 5 -1 -1 -1 -1 -1 -1 -1 704149 0 0 10 40 18.5 18.5 7 1 3
0 0 0 0 1 2 1 0 5 0 1 1 335 2 67 28.7022 0.0769981 5 -1 -1 -1 -1 -1 -1 -1 704682 0 0 10 40 18.5 18.5 7 1 3
0 0 0 0 2 1 1 0 5 0 1 1 315 1 31 28.1319 0 4 -1 -1 -1 -1 -1 -1 -1 705216 0 0 10 40 18.5 18.5 7 1 3
0 0 0 0 4 1 1 0 5 0 1 1 315 0 20 27.4741 0 4 4 3 5 4 0 1 0 705749 0 0 10 40 18.5 18.5 6 2 3
0 0 0 0 2 1 1 0 5 0 1 1 319 -1 55 29.4656 0 4 -1 -1 -1 -1 -1 -1 -1 706282 0 0 10 40 18.5 18.5 6 2 3
0 0 0 0 1 2 1 0 5 0 1 1 10 -3 107 28.7667 0 5 -1 -1 -1 -1 -1 -1 -1 706849 0 0 10 40 18.5 18.5 6 2 3
0 0 0 0 1 1 2 0 5 0 1 1 45 -2 69 28.2322 2.62533 6 -1 -1 -1 -1 -1 -1 -1 707315 0 1 10 40 18.75 60 6 2 3
0 0 0 0 1 1 3 0 5 0 1 1 45 -1 46 28.2322 2.62533 6 6 3 5 3 1 1 1 707482 0 1 10 40 18.75 60 8 0 3
0 0 0 0 1 1 2 0 5 0 1 1 45 -1 40 28.2322 2.62533 6 -1 -1 -1 -1 -1 -1 -1 707648 0 1 10 40 18.75 60 4 0 3
0 0 0 0 1 1 2 0 5 0 1 1 45 -1 42 28.2322 2.62533 6 -1 -1 -1 -1 -1 -1 -1 707815 0 1 10 40 18.75 60 4 0 3
0 0 0 0 1 1 2 0 5 0 1 1 45 -1 36 28.2322 2.62533 6 -1 -1 -1 -1 -1 -1 -1 707982 0 1 10 40 18.75 60 4 0 3
0 0 0 0 1 1 2 0 5 0 1 1 45 -1 35 28.2322 2.62533 6 -1 -1 -1 -1 -1 -1 -1 708148 0 1 10 40 18.75 60 4 0 3
0 0 0 0 1 1 2 0 5 0 1 1 45 -1 40 28.2322 2.62533 6 -1 -1 -1 -1 -1 -1 -1 708315 0 1 10 40 18.75 60 5 2 3
0 0 0 0 1 1 2 0 5 0 1 1 45 -1 34 28.2322 2.62533 6 -1 -1 -1 -1 -1 -1 -1 708481 0 1 10 40 18.75 60 5 2 3
0 0 0 0 1 1 2 0 5 0 1 1 45 -1 37 28.2322 2.62533 6 -1 -1 -1 -1 -1 -1 -1 708648 0 1 10 40 18.75 60 5 2 3
0 0 0 0 1 1 2 0 5 0 1 1 45 0 28 28.2322 2.62533 6 -1 -1 -1 -1 -1 -1 -1 708815 0 1 10 40 18.75 60 5 2 3
0 0 0 0 1 1 2 0 5 0 1 1 45 0 28 28.2322 2.62533 6 -1 -1 -1 -1 -1 -1 -1 708981 0 1 10 40 18.75 60 7 1 3
0 0 0 0 1 2 1 0 6 0 4 1 359 0 4 29.9 0 5 -1 -1 -1 -1 -1 -1 -1 721578 0 0 10 40 15 60 4 0 3
0 0 0 0 1 2 1 0 6 0 4 1 358 0 7 29.7333 0 5 -1 -1 -1 -1 -1 -1 -1 721745 0 0 10 40 15 60 4 0 3
0 0 0 0 1 2 1 0 6 0 4 1 356 0 7 29.5667 0 5 -1 -1 -1 -1 -1 -1 -1 721912 0 0 10 40 15 60 4 0 3
0 0 0 0 1 2 1 0 6 0 4 1 355 0 10 29.4 0 5 -1 -1 -1 -1 -1 -1 -1 722078 0 0 10 40 15 51 4 0 3
0 0 0 0 1 2 1 0 6 0 4 1 353 0 5 29.1333 0 5 -1 -1 -1 -1 -1 -1 -1 722345 0 0 10 40 15 27 6 2 3
0 0 0 0 1 2 1 0 6 0 4 1 346 0 15 28.5 0 5 -1 -1 -1 -1 -1 -1 -1 722978 0 0 10 40 15 15 6 2 3
0 0 0 0 1 2 1 0 6 0 4 1 338 0 11 27.8334 0 5 -1 -1 -1 -1 -1 -1 -1 723644 0 0 10 40 15 15 6 2 3
0 0 0 0 1 2 1 0 6 0 4 1 341 -1 34 27.1667 0 5 -1 -1 -1 -1 -1 -1 -1 724311 0 0 10 40 15 15 6 2 3
0 0 0 0 1 2 1 0 6 0 4 1 357 0 17 26.5001 0 5 -1 -1 -1 -1 -1 -1 -1 724977 0 0 10 40 15 15 2 1 3
0 0 0 0 1 2 1 0 6 0 4 1 357 0 2 25.8334 0 5 -1 -1 -1 -1 -1 -1 -1 725644 0 0 10 40 15 15 2 1 3
0 0 0 0 1 4 1 0 6 0 4 1 357 0 0 25.1667 0 5 5 1 0 0 0 1 0 726310 0 0 10 40 15 15 2 1 3
0 0 0 0 1 2 1 0 6 0 4 1 0 0 25 29.4333 0 5 -1 -1 -1 -1 -1 -1 -1 726977 0 0 10 40 15 15 2 1 3
0 0 0 0 1 1 2 0 6 0 4 1 37 -1 42 28.7667 0 6 -1 -1 -1 -1 -1 -1 -1 727643 0 0 10 40 15 15 4 1 3
0 0 0 0 1 1 2 0 6 0 4 1 45 0 24 28.1 0 6 -1 -1 -1 -1 -1 -1 -1 728310 0 0 10 40 15 15 4 1 3
0 0 0 0 1 1 4 0 6 0 4 1 45 0 6 27.4334 0 6 6 3 3 3 0 1 0 728976 0 0 10 40 15 15 4 1 3
0 0 0 0 1 1 2 0 6 0 4 1 41 0 0 29.4333 0 6 -1 -1 -1 -1 -1 -1 -1 729643 0 0 10 40 15 15 4 1 3
0 0 0 0 1 1 2 0 6 0 4 1 43 0 4 28.7667 0 6 -1 -1 -1 -1 -1 -1 -1 730309 0 0 10 40 15 15 8 0 3
0 0 0 0 1 1 2 0 6 0 4 1 45 0 6 28.1 0 6 -1 -1 -1 -1 -1 -1 -1 730976 0 0 10 40 15 15 4 0 3
0 0 0 0 1 1 4 0 6 0 4 1 44 0 3 27.4334 0 6 6 2 2 2 0 1 0 731642 0 0 10 40 15 15 4 0 3
0 0 0 0 1 1 2 0 6 0 4 1 26 1 44 29.4333 0 6 -1 -1 -1 -1 -1 -1 -1 732309 0 0 10 40 15 15 4 0 3
0 0 0 0 1 2 1 0 6 0 4 1 346 1 56 28.7667 0 5 -1 -1 -1 -1 -1 -1 -1 732975 0 0 10 40 15 15 4 0 3
0 0 0 0 2 1 1 0 6 0 4 1 315 1 59 28.1 0 4 -1 -1 -1 -1 -1 -1 -1 733642 0 0 10 40 15 15 6 2 3
0 0 0 0 4 1 1 0 6 0 4 1 315 1 37 27.4334 0 4 4 3 3 3 0 1 0 734308 0 0 10 40 15 15 6 2 3
0 0 0 0 2 1 1 0 6 0 4 1 327 -1 30 29.4333 0 4 -1 -1 -1 -1 -1 -1 -1 734975 0 0 10 40 15 15 6 2 3
0 0 0 0 1 2 1 0 6 0 4 1 349 -1 32 28.7667 0 5 -1 -1 -1 -1 -1 -1 -1 735641 0 0 10 40 15 15 6 2 3
0 0 0 0 1 2 1 0 6 0 4 1 4 0 8 28.6667 2.11589 5 -1 -1 -1 -1 -1 -1 -1 736275 0 0 10 40 15.5 15.5 2 1 3
0 0 0 0 1 3 1 0 6 0 4 1 5 0 1 28.6667 1.427 5 5 3 3 3 1 1 1 736941 0 0 10 40 15.5 15.5 2 1 3
0 0 0 0 1 2 1 0 6 0 4 1 2 0 9 28.6667 0.772557 5 -1 -1 -1 -1 -1 -1 -1 737574 0 0 10 40 15.5 15.5 2 1 3
0 0 0 0 1 2 1 0 6 0 4 1 354 0 4 28.6667 0.118113 5 -1 -1 -1 -1 -1 -1 -1 738208 0 0 10 40 15.5 15.5 2 1 3
0 0 0 0 1 2 1 0 6 0 4 1 354 0 3 28.1352 0 5 -1 -1 -1 -1 -1 -1 -1 738874 0 0 10 40 15.5 15.5 4 1 3
0 0 0 0 1 4 1 0 6 0 4 1 358 0 7 27.4808 0 5 5 1 0 0 0 1 0 739507 0 0 10 40 15.5 15.5 4 1 3
0 0 0 0 1 2 1 0 6 0 4 1 347 1 55 29.4489 0 5 -1 -1 -1 -1 -1 -1 -1 740140 0 0 10 40 15.5 15.5 4 1 3
0 0 0 0 2 1 1 0 6 0 4 1 316 1 45 28.8978 2.52478 4 -1 -1 -1 -1 -1 -1 -1 740807 0 0 10 40 16 16 4 1 3
0 0 0 0 2 1 1 0 6 0 4 1 315 0 15 28.8978 1.88478 4 -1 -1 -1 -1 -1 -1 -1 741407 0 0 10 40 16 16 8 0 3
0 0 0 0 3 1 1 0 6 0 4 1 315 0 1 28.8978 1.20922 4 4 1 0 0 1 1 1 742040 0 0 10 40 16 16 4 0 3
0 0 0 0 2 1 1 0 6 0 4 1 335 -1 35 28.8978 0.533665 4 -1 -1 -1 -1 -1 -1 -1 742673 0 0 10 40 16 16 4 0 3
0 0 0 0 1 2 1 0 6 0 4 1 354 0 25 28.8978 2.52033 5 -1 -1 -1 -1 -1 -1 -1 743306 0 0 10 40 16.5 16.5 4 0 3
0 0 0 0 1 2 1 0 6 0 4 1 4 0 8 28.8978 1.86033 5 -1 -1 -1 -1 -1 -1 -1 743906 0 0 10 40 16.5 16.5 4 0 3
0 0 0 0 1 3 1 0 6 0 4 1 3 0 12 28.8978 1.20033 5 5 1 0 0 1 1 1 744506 0 0 10 40 16.5 16.5 6 2 3
0 0 0 0 1 2 1 0 6 0 4 1 351 0 26 28.8978 0.540335 5 -1 -1 -1 -1 -1 -1 -1 745106 0 0 10 40 16.5 16.5 6 2 3
0 0 0 0 2 1 1 0 6 0 4 1 328 1 37 28.8708 2.59256 4 -1 -1 -1 -1 -1 -1 -1 745706 0 0 10 40 16.75 16.75 6 2 3
0 0 0 0 2 1 1 0 6 0 4 1 315 0 7 28.8708 1.92256 4 -1 -1 -1 -1 -1 -1 -1 746306 0 0 10 40 16.75 16.75 6 2 3
0 0 0 0 3 1 1 0 6 0 4 1 315 0 9 28.8708 1.25256 4 4 1 0 0 1 1 1 746905 0 0 10 40 16.75 16.75 2 1 3
0 0 0 0 2 1 1 0 6 0 4 1 329 -1 38 28.8708 0.582556 4 -1 -1 -1 -1 -1 -1 -1 747505 0 0 10 40 16.75 16.75 2 1 3
0 0 0 0 1 2 1 0 6 0 4 1 347 0 25 28.8093 0 5 -1 -1 -1 -1 -1 -1 -1 748105 0 0 10 40 16.75 16.75 2 1 3
0 0 0 0 1 2 1 0 6 0 4 1 357 0 13 28.1393 0 5 -1 -1 -1 -1 -1 -1 -1 748705 0 0 10 40 16.75 16.75 2 1 3
0 0 0 0 1 4 1 0 6 0 4 1 358 0 15 27.4693 0 5 5 3 3 3 0 1 0 749305 0 0 10 40 16.75 16.75 4 1 3
0 0 0 0 1 2 1 0 6 0 4 1 351 0 29 29.4417 0 5 -1 -1 -1 -1 -1 -1 -1 749905 0 0 10 40 16.75 16.75 4 1 3
0 0 0 0 1 2 1 0 6 0 4 1 15 -1 47 28.7717 0 5 -1 -1 -1 -1 -1 -1 -1 750505 0 0 10 40 16.75 16.75 4 1 3
0 0 0 0 1 1 2 0 6 0 4 1 42 -1 36 28.1389 0 6 -1 -1 -1 -1 -1 -1 -1 751071 0 0 10 40 16.75 16.75 4 1 3
0 0 0 0 1 1 4 0 6 0 4 1 43 0 12 27.4689 0 6 6 1 0 0 0 1 0 751671 0 0 10 40 16.75 16.75 8 0 3
0 0 0 0 1 1 2 0 6 0 4 1 34 0 9 29.4417 0 6 -1 -1 -1 -1 -1 -1 -1 752271 0 0 10 40 16.75 16.75 4 0 3
0 0 0 0 1 1 2 0 6 0 4 1 37 0 7 29.0322 2.40256 6 -1 -1 -1 -1 -1 -1 -1 752871 0 0 10 40 17 17 4 0 3
0 0 0 0 1 1 2 0 6 0 4 1 40 0 6 29.0322 1.72256 6 -1 -1 -1 -1 -1 -1 -1 753470 0 0 10 40 17 17 4 0 3
0 0 0 0 1 1 3 0 6 0 4 1 40 0 11 29.0322 1.08034 6 6 1 0 0 1 1 1 754037 0 0 10 40 17 17 4 0 3
0 0 0 0 1 1 2 0 6 0 4 1 29 0 9 29.0322 0.400335 6 -1 -1 -1 -1 -1 -1 -1 754637 0 0 10 40 17 17 6 2 3
0 0 0 0 1 1 2 0 6 0 4 1 34 0 1 28.783 0 6 -1 -1 -1 -1 -1 -1 -1 755237 0 0 10 40 17 17 6 2 3
0 0 0 0 1 1 2 0 6 0 4 1 32 0 1 28.1408 0 6 -1 -1 -1 -1 -1 -1 -1 755803 0 0 10 40 17 17 6 2 3
0 0 0 0 1 1 4 0 6 0 4 1 45 0 22 27.4608 0 6 6 0 1 1 0 1 0 756403 0 0 10 40 17 17 6 2 3
0 0 0 0 1 1 2 0 6 0 4 1 30 1 42 29.4333 0 6 -1 -1 -1 -1 -1 -1 -1 757003 0 0 10 40 17 17 2 1 3
0 0 0 0 1 2 1 0 6 0 4 1 8 1 38 28.7911 0 5 -1 -1 -1 -1 -1 -1 -1 757569 0 0 10 40 17 17 2 1 3
0 0 0 0 1 2 1 0 6 0 4 1 354 0 13 28.1112 0 5 -1 -1 -1 -1 -1 -1 -1 758169 0 0 10 40 17 17 2 1 3
0 0 0 0 1 4 1 0 6 0 4 1 358 0 2 27.4312 0 5 5 3 3 3 0 1 0 758769 0 0 10 40 17 17 2 1 3
0 0 0 0 1 2 1 0 6 0 4 1 358 0 1 29.4711 0 5 -1 -1 -1 -1 -1 -1 -1 759336 0 0 10 40 17 17 4 1 3
0 0 0 0 1 2 1 0 6 0 4 1 355 0 2 28.7911 0 5 -1 -1 -1 -1 -1 -1 -1 759936 0 0 10 40 17 17 4 1 3
0 0 0 0 1 2 1 0 6 0 4 1 353 0 1 28.1489 0 5 -1 -1 -1 -1 -1 -1 -1 760502 0 0 10 40 17 17 4 1 3
0 0 0 0 1 3 1 0 6 0 4 1 357 0 11 27.96 2.16867 5 5 3 3 4 1 1 1 761102 0 0 10 40 17.25 17.25 4 1 3
0 0 0 0 1 2 1 0 6 0 4 1 358 1 34 27.96 1.517 5 -1 -1 -1 -1 -1 -1 -1 761668 0 0 10 40 17.25 17.25 8 0 3
0 0 0 0 2 1 1 0 6 0 4 1 324 2 62 27.96 0.826999 4 -1 -1 -1 -1 -1 -1 -1 762268 0 0 10 40 17.25 17.25 4 0 3
0 0 0 0 2 1 1 0 6 0 4 1 315 0 17 27.96 2.08367 4 -1 -1 -1 -1 -1 -1 -1 762835 0 0 10 40 17.5 17.5 4 0 3
0 0 0 0 3 1 1 0 6 0 4 1 315 0 17 27.96 1.42255 4 4 3 3 3 1 1 1 763401 0 0 10 40 17.5 17.5 4 0 3
0 0 0 0 2 1 1 0 6 0 4 1 315 0 7 27.96 0.761443 4 -1 -1 -1 -1 -1 -1 -1 763968 0 0 10 40 17.5 17.5 4 0 3
0 0 0 0 2 1 1 0 6 0 4 1 315 0 15 27.96 0.100332 4 -1 -1 -1 -1 -1 -1 -1 764534 0 0 10 40 17.5 17.5 6 2 3
0 0 0 0 2 1 1 0 6 0 4 1 315 0 13 27.4319 0 4 -1 -1 -1 -1 -1 -1 -1 765101 0 0 10 40 17.5 17.5 6 2 3
0 0 0 0 4 1 1 0 6 0 4 1 315 0 12 26.7319 0 4 4 1 0 4 0 1 0 765701 0 0 10 40 17.5 17.5 6 2 3
0 0 0 0 2 1 1 0 6 0 4 1 321 0 22 29.4556 0 4 -1 -1 -1 -1 -1 -1 -1 766267 0 0 10 40 17.5 17.5 6 2 3
0 0 0 0 2 1 1 0 6 0 4 1 318 0 19 28.7944 0 4 -1 -1 -1 -1 -1 -1 -1 766834 0 0 10 40 17.5 17.5 2 1 3
0 0 0 0 2 1 1 0 6 0 4 1 315 0 9 28.1333 0 4 -1 -1 -1 -1 -1 -1 -1 767400 0 0 10 40 17.5 17.5 2 1 3
0 0 0 0 4 1 1 0 6 0 4 1 315 0 3 27.4722 0 4 4 0 1 4 0 1 0 767967 0 0 10 40 17.5 17.5 2 1 3
0 0 0 0 2 1 1 0 6 0 4 1 323 0 13 29.4556 0 4 -1 -1 -1 -1 -1 -1 -1 768533 0 0 10 40 17.5 17.5 2 1 3
0 0 0 0 2 1 1 0 6 0 4 1 315 0 21 28.7944 0 4 -1 -1 -1 -1 -1 -1 -1 769100 0 0 10 40 17.5 17.5 4 1 3
0 0 0 0 2 1 1 0 6 0 4 1 315 0 23 28.7556 2.03589 4 -1 -1 -1 -1 -1 -1 -1 769667 0 0 10 40 17.75 17.75 4 1 3
0 0 0 0 3 1 1 0 6 0 4 1 315 0 17 28.7556 1.36533 4 4 0 1 1 1 1 1 770233 0 0 10 40 17.75 17.75 4 1 3
0 0 0 0 2 1 1 0 6 0 4 1 322 -1 45 28.7556 0.694778 4 -1 -1 -1 -1 -1 -1 -1 770800 0 0 10 40 17.75 17.75 4 1 3
0 0 0 0 1 2 1 0 6 0 4 1 353 -1 30 28.7556 0.0242221 5 -1 -1 -1 -1 -1 -1 -1 771366 0 0 10 40 17.75 17.75 8 0 3
0 0 0 0 1 2 1 0 6 0 4 1 4 0 9 28.1397 0 5 -1 -1 -1 -1 -1 -1 -1 771933 0 0 10 40 17.75 17.75 4 0 3
0 0 0 0 1 4 1 0 6 0 4 1 4 0 6 27.4691 0 5 5 2 2 4 0 1 0 772499 0 0 10 40 17.75 17.75 4 0 3
0 0 0 0 1 2 1 0 6 0 4 1 357 0 14 29.4478 0 5 -1 -1 -1 -1 -1 -1 -1 773066 0 0 10 40 17.75 17.75 4 0 3
0 0 0 0 1 2 1 0 6 0 4 1 14 -1 32 28.7772 0 5 -1 -1 -1 -1 -1 -1 -1 773632 0 0 10 40 17.75 17.75 4 0 3
0 0 0 0 1 1 2 0 6 0 4 1 31 0 28 28.1067 0 6 -1 -1 -1 -1 -1 -1 -1 774199 0 0 10 40 17.75 17.75 6 2 3
0 0 0 0 1 1 4 0 6 0 4 1 34 0 18 27.4756 0 6 6 0 1 4 0 1 0 774732 0 0 10 40 17.75 17.75 6 2 3
0 0 0 0 1 2 1 0 6 0 4 1 16 1 47 29.4478 0 5 -1 -1 -1 -1 -1 -1 -1 775298 0 0 10 40 17.75 17.75 6 2 3
0 0 0 0 1 2 1 0 6 0 4 1 341 1 54 28.7772 0 5 -1 -1 -1 -1 -1 -1 -1 775865 0 0 10 40 17.75 17.75 6 2 3
0 0 0 0 2 1 1 0 6 0 4 1 315 1 56 28.1067 0 4 -1 -1 -1 -1 -1 -1 -1 776432 0 0 10 40 17.75 17.75 2 1 3
0 0 0 0 4 1 1 0 6 0 4 1 315 0 6 27.4361 0 4 4 2 2 2 0 1 0 776998 0 0 10 40 17.75 17.75 2 1 3
0 0 0 0 2 1 1 0 6 0 4 1 326 0 0 29.4478 0 4 -1 -1 -1 -1 -1 -1 -1 777565 0 0 10 40 17.75 17.75 2 1 3
0 0 0 0 2 1 1 0 6 0 4 1 321 0 8 28.8561 2.587 4 -1 -1 -1 -1 -1 -1 -1 778131 0 0 10 40 18 18 2 1 3
0 0 0 0 2 1 1 0 6 0 4 1 315 0 11 28.8561 1.947 4 -1 -1 -1 -1 -1 -1 -1 778664 0 0 10 40 18 18 4 1 3
0 0 0 0 3 1 1 0 6 0 4 1 316 0 15 28.8561 1.267 4 4 2 2 2 1 1 1 779231 0 0 10 40 18 18 4 1 3
0 0 0 0 2 1 1 0 6 0 4 1 330 0 14 28.8561 0.587001 4 -1 -1 -1 -1 -1 -1 -1 779797 0 0 10 40 18 18 4 1 3
0 0 0 0 2 1 1 0 6 0 4 1 332 0 10 28.8291 0 4 -1 -1 -1 -1 -1 -1 -1 780331 0 0 10 40 18 18 4 1 3
0 0 0 0 2 1 1 0 6 0 4 1 317 0 23 28.1491 0 4 -1 -1 -1 -1 -1 -1 -1 780897 0 0 10 40 18 18 8 0 3
0 0 0 0 4 1 1 0 6 0 4 1 315 0 1 27.4691 0 4 4 1 0 4 0 1 0 781464 0 0 10 40 18 18 4 0 3
0 0 0 0 2 1 1 0 6 0 4 1 326 -1 47 29.48 0 4 -1 -1 -1 -1 -1 -1 -1 781997 0 0 10 40 18 18 4 0 3
0 0 0 0 1 2 1 0 6 0 4 1 358 -2 60 28.8 0 5 -1 -1 -1 -1 -1 -1 -1 782563 0 0 10 40 18 18 4 0 3
0 0 0 0 1 1 2 0 6 0 4 1 30 -2 64 28.12 0 6 -1 -1 -1 -1 -1 -1 -1 783130 0 0 10 40 18 18 4 0 3
0 0 0 0 1 1 4 0 6 0 4 1 44 0 1 27.4799 0 6 6 2 2 4 0 1 0 783663 0 0 10 40 18 18 6 2 3
0 0 0 0 1 1 2 0 6 0 4 1 24 1 45 29.44 0 6 -1 -1 -1 -1 -1 -1 -1 784230 0 0 10 40 18 18 6 2 3
0 0 0 0 1 2 1 0 6 0 4 1 353 1 58 28.76 0 5 -1 -1 -1 -1 -1 -1 -1 784796 0 0 10 40 18 18 6 2 3
0 0 0 0 2 1 1 0 6 0 4 1 322 1 49 28.12 0 4 -1 -1 -1 -1 -1 -1 -1 785329 0 0 10 40 18 18 6 2 3
0 0 0 0 4 1 1 0 6 0 4 1 315 1 42 27.4399 0 4 4 1 0 0 0 1 0 785896 0 0 10 40 18 18 2 1 3
0 0 0 0 2 1 1 0 6 0 4 1 318 -1 45 29.44 0 4 -1 -1 -1 -1 -1 -1 -1 786462 0 0 10 40 18 18 2 1 3
0 0 0 0 1 2 1 0 6 0 4 1 345 -1 54 28.8 0 5 -1 -1 -1 -1 -1 -1 -1 786996 0 0 10 40 18 18 2 1 3
0 0 0 0 1 2 1 0 6 0 4 1 22 -2 65 28.12 0 5 -1 -1 -1 -1 -1 -1 -1 787562 0 0 10 40 18 18 2 1 3
0 0 0 0 1 1 3 0 6 0 4 1 45 -1 37 28.08 2.05867 6 6 1 0 4 1 1 1 788095 0 0 10 40 18.25 18.25 4 1 3
0 0 0 0 1 1 2 0 6 0 4 1 36 0 2 28.08 1.36922 6 -1 -1 -1 -1 -1 -1 -1 788662 0 0 10 40 18.25 18.25 4 1 3
0 0 0 0 1 1 2 0 6 0 4 1 45 0 16 28.08 0.720334 6 -1 -1 -1 -1 -1 -1 -1 789195 0 0 10 40 18.25 18.25 4 1 3
0 0 0 0 1 1 2 0 6 0 4 1 45 0 17 28.08 0.0308893 6 -1 -1 -1 -1 -1 -1 -1 789762 0 0 10 40 18.25 18.25 4 1 3
0 0 0 0 1 1 4 0 6 0 4 1 45 0 2 27.4813 0 6 6 2 2 2 0 1 0 790295 0 0 10 40 18.25 18.25 8 0 3
0 0 0 0 1 1 2 0 6 0 4 1 43 0 5 29.4322 0 6 -1 -1 -1 -1 -1 -1 -1 790861 0 0 10 40 18.25 18.25 4 0 3
0 0 0 0 1 1 2 0 6 0 4 1 45 0 11 28.7833 0 6 -1 -1 -1 -1 -1 -1 -1 791395 0 0 10 40 18.25 18.25 4 0 3
0 0 0 0 1 1 2 0 6 0 4 1 44 0 0 28.1344 0 6 -1 -1 -1 -1 -1 -1 -1 791928 0 0 10 40 18.25 18.25 4 0 3
0 0 0 0 1 1 4 0 6 0 4 1 36 1 34 27.445 0 6 6 3 3 3 0 1 0 792494 0 0 10 40 18.25 18.25 4 0 3
0 0 0 0 1 2 1 0 6 0 4 1 12 1 58 29.4728 0 5 -1 -1 -1 -1 -1 -1 -1 793027 0 0 10 40 18.25 18.25 6 2 3
0 0 0 0 1 2 1 0 6 0 4 1 340 1 48 28.7833 0 5 -1 -1 -1 -1 -1 -1 -1 793594 0 0 10 40 18.25 18.25 6 2 3
0 0 0 0 2 1 1 0 6 0 4 1 315 1 56 28.1344 0 4 -1 -1 -1 -1 -1 -1 -1 794127 0 0 10 40 18.25 18.25 6 2 3
0 0 0 0 4 1 1 0 6 0 4 1 315 0 17 27.445 0 4 4 0 1 4 0 1 0 794694 0 0 10 40 18.25 18.25 6 2 3
0 0 0 0 2 1 1 0 6 0 4 1 324 -2 62 29.4728 0 4 -1 -1 -1 -1 -1 -1 -1 795227 0 0 10 40 18.25 18.25 2 1 3
0 0 0 0 1 2 1 0 6 0 4 1 355 -2 60 28.8239 0 5 -1 -1 -1 -1 -1 -1 -1 795760 0 0 10 40 18.25 18.25 2 1 3
0 0 0 0 1 1 2 0 6 0 4 1 35 -2 69 28.6617 2.13255 6 -1 -1 -1 -1 -1 -1 -1 796327 0 0 10 40 18.5 18.5 2 1 3
0 0 0 0 1 1 3 0 6 0 4 1 45 0 1 28.6617 1.47478 6 6 0 1 1 1 1 1 796860 0 0 10 40 18.5 18.5 2 1 3
0 0 0 0 1 1 2 0 6 0 4 1 33 0 19 28.6617 0.816998 6 -1 -1 -1 -1 -1 -1 -1 797393 0 0 10 40 18.5 18.5 4 1 3
0 0 0 0 1 1 2 0 6 0 4 1 44 0 13 28.6617 2.45867 6 -1 -1 -1 -1 -1 -1 -1 797926 0 0 10 40 18.75 18.75 4 1 3
0 0 0 0 1 1 2 0 6 0 4 1 45 0 14 28.6617 1.792 6 -1 -1 -1 -1 -1 -1 -1 798459 0 0 10 40 18.75 18.75 4 1 3
0 0 0 0 1 1 3 0 6 0 4 1 44 0 14 28.6617 1.12533 6 6 0 1 4 1 1 1 798993 0 0 10 40 18.75 18.75 4 1 3
0 0 0 0 1 1 2 0 6 0 4 1 19 1 47 28.6617 0.458666 6 -1 -1 -1 -1 -1 -1 -1 799526 0 0 10 40 18.75 18.75 8 0 3
0 0 0 0 1 2 1 0 6 0 4 1 353 0 25 28.5363 0 5 -1 -1 -1 -1 -1 -1 -1 800059 0 0 10 40 18.75 18.75 4 0 3
0 0 0 0 1 2 1 0 6 0 4 1 345 0 3 27.8697 0 5 -1 -1 -1 -1 -1 -1 -1 800592 0 0 10 40 18.75 18.75 4 0 3
0 0 0 0 1 4 1 0 6 0 4 1 5 -1 38 27.203 0 5 5 2 2 2 0 1 0 801126 0 0 10 40 18.75 18.75 4 0 3
0 0 0 0 1 2 1 0 6 0 4 1 14 0 23 29.4583 0 5 -1 -1 -1 -1 -1 -1 -1 801659 0 0 10 40 18.75 18.75 4 0 3
0 0 0 0 1 1 2 0 6 0 4 1 39 -1 34 28.7917 0 6 -1 -1 -1 -1 -1 -1 -1 802192 0 0 10 40 18.75 18.75 6 2 3
0 0 0 0 1 1 2 0 6 0 4 1 45 0 21 28.125 0 6 -1 -1 -1 -1 -1 -1 -1 802725 0 0 10 40 18.75 18.75 6 2 3
0 0 0 0 1 1 4 0 6 0 4 1 45 0 9 27.4584 0 6 6 1 0 0 0 1 0 803258 0 0 10 40 18.75 18.75 6 2 3
0 0 0 0 1 1 2 0 6 0 4 1 31 2 61 29.4583 0 6 -1 -1 -1 -1 -1 -1 -1 803792 0 0 10 40 18.75 18.75 6 2 3
0 0 0 0 1 2 1 0 6 0 4 1 3 1 37 28.8334 2.62478 5 -1 -1 -1 -1 -1 -1 -1 804325 0 1 10 40 19 60 2 1 3
0 0 0 0 1 2 1 0 6 0 4 1 3 0 16 28.8334 2.62478 5 -1 -1 -1 -1 -1 -1 -1 804491 0 1 10 40 19 60 2 1 3
0 0 0 0 1 3 1 0 6 0 4 1 3 0 21 28.8334 2.62478 5 5 1 0 4 1 1 1 804658 0 1 10 40 19 60 2 1 3
0 0 0 0 1 2 1 0 6 0 4 1 3 0 20 28.8334 2.62478 5 -1 -1 -1 -1 -1 -1 -1 804825 0 1 10 40 19 60 2 1 3
0 0 0 0 1 2 1 0 6 0 4 1 3 1 34 28.8334 2.62478 5 -1 -1 -1 -1 -1 -1 -1 804991 0 1 10 40 19 60 4 1 3
0 0 0 0 1 2 1 0 6 0 4 1 3 0 29 28.8334 2.62478 5 -1 -1 -1 -1 -1 -1 -1 805158 0 1 10 40 19 60 4 1 3
0 0 0 0 1 2 1 0 6 0 4 1 3 0 24 28.8334 2.62478 5 -1 -1 -1 -1 -1 -1 -1 805324 0 1 10 40 19 60 4 1 3
0 0 0 0 1 2 1 0 6 0 4 1 3 0 5 28.8334 2.62478 5 -1 -1 -1 -1 -1 -1 -1 805491 0 1 10 40 19 60 4 1 3
0 0 0 0 1 2 1 0 6 0 4 1 3 0 2 28.8334 2.62478 5 -1 -1 -1 -1 -1 -1 -1 805658 0 1 10 40 19 60 8 0 3
0 0 0 0 1 2 1 0 6 0 4 1 3 0 6 28.8334 2.62478 5 -1 -1 -1 -1 -1 -1 -1 805824 0 1 10 40 19 60 4 0 3
0 0 0 0 1 2 1 0 6 0 4 1 3 0 9 28.8334 2.62478 5 -1 -1 -1 -1 -1 -1 -1 805991 0 1 10 40 19 60 4 0 3
0 0 0 0 1 2 1 0 6 0 4 1 3 0 8 28.8334 2.62478 5 -1 -1 -1 -1 -1 -1 -1 806158 0 1 10 40 19 60 4 0 3
