% Tunnel Log: 
% Recall Log Version 2.0 debug seed: 1462896437
%
% SegEncNW { '0'=no panel, '1'=empty panel, '2'=player, '3'=match, '4'=nonmatch, '5'=obstacle, '6'=time warp }
% SegEncN
% SegEncNE
% SegEncE
% SegEncSE
% SegEncS
% SegEncSW
% SegEncW
% Event Number { 0, inf }
% Level Number { 0, inf }
% Task Type { 0=Recess, 1=Color/Sound, 2=Shape/Sound, 3=Sound, 4=AllFeatures }
% N-Back { 0, inf }
% Player Roll Base { 0, 359 }
% Player Roll Offset { 0, 359 }
% Player Roll Speed { -inf, inf }
% Player Fuel Timer { -inf, inf }
% Player Fuel Buffer { -inf, inf }
% Player Loc { 0=Northwest ... 7=West }
% Pod Loc { -1=N/A, 0=Northwest ... 7=West }
% Pod Color { -1=N/A, 0-3, 4=holdout, 5/6=special }
% Pod Shape { -1=N/A, 0-3, 4=holdout }
% Pod Sound { -1=N/A, 0-3, 4=holdout }
% Pod Match { -1=N/A, 0=No, 1=Yes }
% Pod Taken { -1=N/A, 0=No, 1=Yes }
% Pod Zapped { -1=N/A, 0=No, 1=Yes }
% Timestamp (ms)
% Num Obstacles { 0, inf }
% Level Ended { 0, 1 }
% Min Speed { 0, inf }
% Max Speed { 0, inf }
% Base Speed { 0, inf }
% Final Speed { 0, inf }
% Segment Direction { 0=Northwest ... 7=West }
% Segment Angle { 0, inf }
% Segment Panels { 0, inf }
%
% SegEncNW SecEncN SegEncNE SegEncE SegEncSE SegEncS SegEncSW SegEncW EventNumber LevelNumber TaskType N-Back PlayerRollBase PlayerRollOffset PlayerRollSpeed PlayerFuelTimer PlayerFuelBuffer PlayerLoc PodLoc PodColor PodShape PodSound PodMatch PodTaken PodZapped Timestamp NumObs LevelEnded MinSpeed MaxSpeed BaseSpeed FinalSpeed SegmentDir SegmentAngle SegmentPanels
0 0 0 1 1 2 1 1 0 0 3 1 0 0 0 29.8467 0 5 -1 -1 -1 -1 -1 -1 -1 32766 0 0 10 40 23 60 0 3 5
0 0 0 1 1 2 1 1 0 0 3 1 0 0 14 29.5911 0 5 -1 -1 -1 -1 -1 -1 -1 32933 0 0 10 40 23 60 0 3 5
0 0 0 1 1 2 1 1 0 0 3 1 0 0 7 29.2844 0 5 -1 -1 -1 -1 -1 -1 -1 33133 0 0 10 40 23 44.0489 0 3 5
0 0 0 1 1 2 1 1 0 0 3 1 0 0 5 28.7733 0 5 -1 -1 -1 -1 -1 -1 -1 33466 0 0 10 40 23 23 0 3 5
0 0 0 1 1 2 1 1 0 0 3 1 354 0 24 28.1089 0 5 -1 -1 -1 -1 -1 -1 -1 33899 0 0 10 40 23 23 4 3 5
0 0 0 1 1 2 1 1 0 0 3 1 353 0 4 27.4444 0 5 -1 -1 -1 -1 -1 -1 -1 34333 0 0 10 40 23 23 4 3 5
0 0 0 1 1 2 1 1 0 0 3 1 353 0 5 26.78 0 5 -1 -1 -1 -1 -1 -1 -1 34766 0 0 10 40 23 23 4 3 5
0 0 0 1 1 2 1 1 0 0 3 1 353 0 1 26.1155 0 5 -1 -1 -1 -1 -1 -1 -1 35199 0 0 10 40 23 23 4 3 5
0 0 0 1 1 2 1 1 0 0 3 1 353 0 1 25.4511 0 5 -1 -1 -1 -1 -1 -1 -1 35633 0 0 10 40 23 23 3 1 5
0 0 0 1 1 2 1 1 0 0 3 1 354 0 27 24.7867 0 5 -1 -1 -1 -1 -1 -1 -1 36066 0 0 10 40 23 23 3 1 5
0 0 0 1 4 2 1 1 0 0 3 1 9 -1 46 24.1222 0 5 4 5 5 0 0 0 0 36499 0 0 10 40 23 23 3 1 5
0 0 0 1 1 2 1 1 0 0 3 1 18 0 9 23.4578 0 5 -1 -1 -1 -1 -1 -1 -1 36933 0 0 10 40 23 23 3 1 5
0 0 0 1 1 2 1 1 0 0 3 1 3 3 96 22.7933 0 5 -1 -1 -1 -1 -1 -1 -1 37366 0 0 10 40 23 23 2 3 5
0 0 0 1 2 1 1 1 0 0 3 1 305 2 61 22.1289 0 4 -1 -1 -1 -1 -1 -1 -1 37799 0 0 10 40 23 23 2 3 5
0 0 0 4 2 1 1 1 0 0 3 1 310 0 49 21.4644 0 4 3 5 5 1 0 0 0 38233 0 0 10 40 23 23 2 3 5
0 0 0 1 2 1 1 1 0 0 3 1 328 -2 67 20.8 0 4 -1 -1 -1 -1 -1 -1 -1 38666 0 0 10 40 23 23 2 3 5
0 0 0 1 1 2 1 1 0 0 3 1 345 0 15 20.1355 0 5 -1 -1 -1 -1 -1 -1 -1 39099 0 0 10 40 23 23 8 0 5
0 0 0 1 1 2 1 1 0 0 3 1 355 0 23 19.4711 0 5 -1 -1 -1 -1 -1 -1 -1 39533 0 0 10 40 23 23 0 3 5
0 0 0 1 1 3 1 1 0 0 3 1 6 0 11 18.8066 0 5 5 5 5 1 1 1 0 39966 0 0 10 40 23 23 0 3 5
0 0 0 1 1 2 1 1 0 0 3 1 6 0 9 18.1533 0 5 -1 -1 -1 -1 -1 -1 -1 40399 0 0 10 40 22.5 22.5 0 3 5
0 0 0 1 1 2 1 1 0 0 3 1 16 -1 53 17.4533 0 5 -1 -1 -1 -1 -1 -1 -1 40866 0 0 10 40 22.5 22.5 0 3 5
0 0 0 1 1 1 2 1 0 0 3 1 41 -1 43 16.8033 0 6 -1 -1 -1 -1 -1 -1 -1 41299 0 0 10 40 22.5 22.5 4 3 5
0 0 0 1 1 1 2 4 0 0 3 1 51 0 20 16.1533 0 6 7 5 5 0 0 0 0 41733 0 0 10 40 22.5 22.5 4 3 5
0 0 0 1 1 1 2 1 0 0 3 1 54 0 20 15.4533 0 6 -1 -1 -1 -1 -1 -1 -1 42199 0 0 10 40 22.5 22.5 4 3 5
0 0 0 1 1 1 2 1 0 0 3 1 50 1 39 14.8033 0 6 -1 -1 -1 -1 -1 -1 -1 42633 0 0 10 40 22.5 22.5 4 3 5
0 0 0 1 1 1 2 1 0 0 3 1 43 0 0 14.1533 0 6 -1 -1 -1 -1 -1 -1 -1 43066 0 0 10 40 22.5 22.5 3 1 5
0 0 0 1 1 4 2 1 0 0 3 1 45 0 6 13.4533 0 6 5 5 5 2 0 0 0 43533 0 0 10 40 22.5 22.5 3 1 5
0 0 0 1 1 1 2 1 0 0 3 1 38 2 76 12.8033 0 6 -1 -1 -1 -1 -1 -1 -1 43966 0 0 10 40 22.5 22.5 3 1 5
0 0 0 1 1 2 1 1 0 0 3 1 346 3 102 12.1533 0 5 -1 -1 -1 -1 -1 -1 -1 44399 0 0 10 40 22.5 22.5 3 1 5
0 0 0 1 1 2 1 1 0 0 3 1 340 0 15 11.4533 0 5 -1 -1 -1 -1 -1 -1 -1 44866 0 0 10 40 22.5 22.5 2 3 5
0 0 0 1 4 2 1 1 0 0 3 1 347 -1 45 10.8033 0 5 4 5 5 0 0 0 0 45299 0 0 10 40 22.5 22.5 2 3 5
0 0 0 1 1 2 1 1 0 0 3 1 357 -2 68 10.1533 0 5 -1 -1 -1 -1 -1 -1 -1 45732 0 0 10 40 22.5 22.5 2 3 5
0 0 0 1 1 2 1 1 0 0 3 1 9 0 0 9.45332 0 5 -1 -1 -1 -1 -1 -1 -1 46199 0 0 10 40 22.5 22.5 2 3 5
0 0 0 1 1 2 1 1 0 0 3 1 359 1 46 8.80332 0 5 -1 -1 -1 -1 -1 -1 -1 46632 0 0 10 40 22.5 22.5 8 0 5
0 0 0 1 1 2 4 1 0 0 3 1 353 1 21 8.15332 0 5 6 5 5 1 0 0 0 47066 0 0 10 40 22.5 22.5 0 3 5
0 0 0 1 1 2 1 1 0 0 3 1 352 0 4 7.45332 0 5 -1 -1 -1 -1 -1 -1 -1 47532 0 0 10 40 22.5 22.5 0 3 5
0 0 0 1 1 2 1 1 0 0 3 1 354 -1 39 6.80331 0 5 -1 -1 -1 -1 -1 -1 -1 47966 0 0 10 40 22.5 22.5 0 3 5
0 0 0 1 1 2 1 1 0 0 3 1 23 -1 59 6.15331 0 5 -1 -1 -1 -1 -1 -1 -1 48399 0 0 10 40 22.5 22.5 0 3 5
0 0 0 1 1 1 3 1 0 0 3 1 45 -1 50 5.45331 0 6 6 5 5 1 1 1 0 48866 0 0 10 40 22.5 22.5 4 3 5
0 0 0 1 1 1 2 1 0 0 3 1 45 0 6 4.81442 0 6 -1 -1 -1 -1 -1 -1 -1 49299 0 0 10 40 22 22 4 3 5
0 0 0 0 1 1 2 0 0 0 3 1 35 1 49 4.12998 0 6 -1 -1 -1 -1 -1 -1 -1 49766 0 0 10 40 22 22 4 3 3
0 0 0 0 1 2 1 0 0 0 3 1 13 0 22 3.44554 0 5 -1 -1 -1 -1 -1 -1 -1 50232 0 0 10 40 22 22 4 3 3
0 0 0 0 4 2 1 0 0 0 3 1 12 0 19 2.80998 0 5 4 5 5 3 0 0 0 50666 0 0 10 40 22 22 3 1 3
0 0 0 0 1 2 1 0 0 0 3 1 1 0 28 2.12553 0 5 -1 -1 -1 -1 -1 -1 -1 51132 0 0 10 40 22 22 3 1 3
0 0 0 0 1 2 1 0 0 0 3 1 354 0 13 1.48998 2.667 5 -1 -1 -1 -1 -1 -1 -1 51566 0 0 10 40 22.5 22 3 1 3
0 0 0 0 1 2 1 0 0 0 3 1 354 0 5 1.48998 1.967 5 -1 -1 -1 -1 -1 -1 -1 52032 0 0 10 40 22.5 22.5 3 1 3
0 0 0 0 3 2 1 0 0 0 3 1 354 0 15 1.48998 1.317 5 4 5 5 3 1 1 1 52466 0 0 10 40 22.5 22.5 2 3 3
0 0 0 0 1 2 1 0 0 0 3 1 354 0 11 1.48998 0.667002 5 -1 -1 -1 -1 -1 -1 -1 52899 0 0 10 40 22.5 22.5 2 3 3
0 0 0 0 1 2 1 0 0 0 3 1 6 -1 42 1.48998 -0.0329986 5 -1 -1 -1 -1 -1 -1 -1 53366 0 0 10 40 22.5 22.5 2 3 3
0 0 0 0 1 1 2 0 0 0 3 1 42 -3 91 0.872978 0 6 -1 -1 -1 -1 -1 -1 -1 53799 0 0 10 40 22.5 22.5 2 3 3
0 0 0 0 1 1 4 0 0 0 3 1 45 -2 85 0.222978 0 6 6 5 5 0 0 1 0 54232 0 0 10 40 22.5 22.5 8 0 3
0 0 0 0 1 1 2 0 0 0 3 1 45 -1 0 5.52298 0 6 -1 -1 -1 -1 -1 -1 -1 54699 0 0 10 40 22.5 22.5 0 3 3
0 0 0 0 1 1 2 0 0 0 3 1 45 -1 17 4.87297 0 6 -1 -1 -1 -1 -1 -1 -1 55132 0 0 10 40 22.5 22.5 0 3 3
0 0 0 0 1 1 2 0 0 0 3 1 45 -1 0 4.22297 0 6 -1 -1 -1 -1 -1 -1 -1 55566 0 0 10 40 22.5 22.5 0 3 3
0 0 0 0 1 1 3 0 0 0 3 1 45 -1 0 4.07297 2.10478 6 6 5 5 0 1 1 1 56032 0 0 10 40 23 23 0 3 3
0 0 0 0 1 1 2 0 0 0 3 1 45 -1 4 4.07297 1.44033 6 -1 -1 -1 -1 -1 -1 -1 56466 0 0 10 40 23 23 4 3 3
0 0 0 0 1 1 2 0 0 0 3 1 45 -1 0 4.07297 0.775888 6 -1 -1 -1 -1 -1 -1 -1 56899 0 0 10 40 23 23 4 3 3
0 0 0 0 1 1 2 0 0 0 3 1 45 -1 0 4.07297 0.111443 6 -1 -1 -1 -1 -1 -1 -1 57332 0 0 10 40 23 23 4 3 3
0 0 0 0 1 1 4 0 0 0 3 1 45 -1 0 3.60375 0 6 6 5 5 1 0 1 0 57766 0 0 10 40 23 23 4 3 3
0 0 0 0 1 1 2 0 0 0 3 1 42 0 45 8.9393 0 6 -1 -1 -1 -1 -1 -1 -1 58199 0 0 10 40 23 23 3 1 3
0 0 0 0 1 2 1 0 0 0 3 1 3 3 114 8.27486 0 5 -1 -1 -1 -1 -1 -1 -1 58632 0 0 10 40 23 23 3 1 3
0 0 0 0 2 1 1 0 0 0 3 1 315 3 110 7.61041 0 4 -1 -1 -1 -1 -1 -1 -1 59066 0 0 10 40 23 23 3 1 3
0 0 0 0 4 1 1 0 0 0 3 1 315 1 35 6.94596 0 4 4 5 5 2 0 1 0 59499 0 0 10 40 23 23 3 1 3
0 0 0 0 2 1 1 0 0 0 3 1 321 -1 57 12.2815 0 4 -1 -1 -1 -1 -1 -1 -1 59932 0 0 10 40 23 23 2 3 3
0 0 0 0 1 2 1 0 0 0 3 1 356 -2 88 11.6171 0 5 -1 -1 -1 -1 -1 -1 -1 60366 0 0 10 40 23 23 2 3 3
0 0 0 0 1 1 2 0 0 0 3 1 32 -2 77 10.9526 0 6 -1 -1 -1 -1 -1 -1 -1 60799 0 0 10 40 23 23 2 3 3
0 0 0 0 1 1 4 0 0 0 3 1 45 -2 61 10.2882 0 6 6 5 5 3 0 1 0 61232 0 0 10 40 23 23 2 3 3
0 0 0 0 1 1 2 0 0 0 3 1 45 -1 17 15.6237 0 6 -1 -1 -1 -1 -1 -1 -1 61666 0 0 10 40 23 23 8 0 3
0 0 0 0 1 1 2 0 0 0 3 1 38 0 24 14.9593 0 6 -1 -1 -1 -1 -1 -1 -1 62099 0 0 10 40 23 23 0 3 3
0 0 0 0 1 2 1 0 0 0 3 1 4 2 68 14.2948 0 5 -1 -1 -1 -1 -1 -1 -1 62532 0 0 10 40 23 23 0 3 3
0 0 0 0 1 4 1 0 0 0 3 1 353 0 1 13.6304 0 5 5 5 5 0 0 1 0 62966 0 0 10 40 23 23 0 3 3
0 0 0 0 1 2 1 0 0 0 3 1 354 0 27 18.966 0 5 -1 -1 -1 -1 -1 -1 -1 63399 0 0 10 40 23 23 0 3 3
0 0 0 0 1 2 1 0 0 0 3 1 3 -1 16 18.3015 0 5 -1 -1 -1 -1 -1 -1 -1 63832 0 0 10 40 23 23 4 3 3
0 0 0 0 1 2 1 0 0 0 3 1 3 -1 3 17.8415 2.45811 5 -1 -1 -1 -1 -1 -1 -1 64266 0 0 10 40 23.5 23.5 4 3 3
0 0 0 0 1 3 1 0 0 0 3 1 3 -1 3 17.8415 1.77922 5 5 5 5 0 1 1 1 64699 0 0 10 40 23.5 23.5 4 3 3
0 0 0 0 1 2 1 0 0 0 3 1 3 -1 9 17.8415 1.10033 5 -1 -1 -1 -1 -1 -1 -1 65132 0 0 10 40 23.5 23.5 4 3 3
0 0 0 0 1 2 1 0 0 0 3 1 342 2 70 17.8415 0.421443 5 -1 -1 -1 -1 -1 -1 -1 65566 0 0 10 40 23.5 23.5 3 1 3
0 0 0 0 2 1 1 0 0 0 3 1 315 1 51 17.8415 2.24033 4 -1 -1 -1 -1 -1 -1 -1 65966 0 0 10 40 24 24 3 1 3
0 0 0 0 3 1 1 0 0 0 3 1 315 0 23 17.8415 1.547 4 4 5 5 0 1 1 1 66399 0 0 10 40 24 24 3 1 3
0 0 0 0 2 1 1 0 0 0 3 1 315 0 0 17.8415 0.907002 4 -1 -1 -1 -1 -1 -1 -1 66799 0 0 10 40 24 24 3 1 3
0 0 0 1 2 1 1 1 0 0 3 1 321 -2 60 17.8415 0.213668 4 -1 -1 -1 -1 -1 -1 -1 67232 0 0 10 40 24 24 2 3 5
0 0 0 1 1 2 1 1 0 0 3 1 348 -2 62 17.5212 0 5 -1 -1 -1 -1 -1 -1 -1 67632 0 0 10 40 24 24 2 3 5
0 0 0 1 1 4 1 1 0 0 3 1 1 0 20 16.8278 0 5 5 5 5 1 0 1 0 68065 0 0 10 40 24 24 2 3 5
0 0 0 1 1 2 1 1 0 0 3 1 2 0 24 22.1878 0 5 -1 -1 -1 -1 -1 -1 -1 68465 0 0 10 40 24 24 2 3 5
0 0 0 1 1 2 1 1 0 0 3 1 20 -1 41 21.4945 0 5 -1 -1 -1 -1 -1 -1 -1 68899 0 0 10 40 24 24 8 0 5
0 0 0 1 1 1 2 1 0 0 3 1 39 -1 38 20.8545 0 6 -1 -1 -1 -1 -1 -1 -1 69299 0 0 10 40 24 24 0 3 5
0 0 0 1 1 1 4 1 0 0 3 1 50 0 24 20.1612 0 6 6 5 5 0 0 1 0 69732 0 0 10 40 24 24 0 3 5
0 0 0 1 1 1 2 1 0 0 3 1 51 0 20 25.5212 0 6 -1 -1 -1 -1 -1 -1 -1 70132 0 0 10 40 24 24 0 3 5
0 0 0 1 1 1 2 1 0 0 3 1 27 2 85 24.8278 0 6 -1 -1 -1 -1 -1 -1 -1 70565 0 0 10 40 24 24 0 3 5
0 0 0 1 1 2 1 1 0 0 3 1 1 1 33 24.1878 0 5 -1 -1 -1 -1 -1 -1 -1 70965 0 0 10 40 24 24 4 3 5
0 0 0 1 1 4 1 1 0 0 3 1 357 0 7 23.4945 0 5 5 5 5 3 0 1 0 71399 0 0 10 40 24 24 4 3 5
0 0 0 1 1 2 1 1 0 0 3 1 357 0 4 28.8545 0 5 -1 -1 -1 -1 -1 -1 -1 71799 0 0 10 40 24 24 4 3 5
0 0 0 1 1 2 1 1 0 0 3 1 14 -2 62 28.1612 0 5 -1 -1 -1 -1 -1 -1 -1 72232 0 0 10 40 24 24 4 3 5
0 0 0 1 1 1 2 1 0 0 3 1 37 -1 20 28.0012 2.177 6 -1 -1 -1 -1 -1 -1 -1 72632 0 0 10 40 24.5 24.5 3 1 5
0 0 0 1 1 1 2 3 0 0 3 1 34 1 32 28.0012 1.52367 6 7 5 5 3 1 1 1 73032 0 0 10 40 24.5 24.5 3 1 5
0 0 0 1 1 2 1 1 0 0 3 1 20 0 1 28.0012 0.870332 5 -1 -1 -1 -1 -1 -1 -1 73432 0 0 10 40 24.5 24.5 3 1 5
0 0 0 1 1 1 2 1 0 0 3 1 28 -2 62 28.0012 0.162555 6 -1 -1 -1 -1 -1 -1 -1 73865 0 0 10 40 24.5 24.5 3 1 5
0 0 0 1 1 1 2 1 0 0 3 1 44 -2 11 27.5119 0 6 -1 -1 -1 -1 -1 -1 -1 74265 0 0 10 40 24.5 24.5 2 3 5
0 0 0 1 1 1 4 1 0 0 3 1 44 -2 0 26.8586 0 6 6 5 5 1 0 1 0 74665 0 0 10 40 24.5 24.5 2 3 5
0 0 0 1 1 1 2 1 0 0 3 1 43 0 32 29.51 0 6 -1 -1 -1 -1 -1 -1 -1 75065 0 0 10 40 24.5 24.5 2 3 5
0 0 0 1 1 2 1 1 0 0 3 1 6 4 123 28.8022 0 5 -1 -1 -1 -1 -1 -1 -1 75499 0 0 10 40 24.5 24.5 2 3 5
0 0 0 1 2 1 1 1 0 0 3 1 325 2 65 28.1489 0 4 -1 -1 -1 -1 -1 -1 -1 75899 0 0 10 40 24.5 24.5 8 0 5
0 0 0 1 4 1 1 1 0 0 3 1 309 0 24 27.4955 0 4 4 5 5 0 0 1 0 76299 0 0 10 40 24.5 24.5 0 3 5
0 0 0 1 2 1 1 1 0 0 3 1 309 0 0 29.51 0 4 -1 -1 -1 -1 -1 -1 -1 76699 0 0 10 40 24.5 24.5 0 3 5
0 0 0 1 2 1 1 1 0 0 3 1 325 -3 91 28.8022 0 4 -1 -1 -1 -1 -1 -1 -1 77132 0 0 10 40 24.5 24.5 0 3 5
0 0 0 1 1 2 1 1 0 0 3 1 7 -2 78 28.1489 0 5 -1 -1 -1 -1 -1 -1 -1 77532 0 0 10 40 24.5 24.5 0 3 5
0 0 0 1 1 1 4 1 0 0 3 1 24 0 21 27.4955 0 6 6 5 5 2 0 1 0 77932 0 0 10 40 24.5 24.5 4 3 5
0 0 0 1 1 1 2 1 0 0 3 1 24 0 13 29.51 0 6 -1 -1 -1 -1 -1 -1 -1 78332 0 0 10 40 24.5 24.5 4 3 5
0 0 0 1 1 1 2 1 0 0 3 1 38 -1 44 28.8022 0 6 -1 -1 -1 -1 -1 -1 -1 78765 0 0 10 40 24.5 24.5 4 3 5
0 0 0 1 1 1 2 1 0 0 3 1 64 -1 40 28.4755 2.337 6 -1 -1 -1 -1 -1 -1 -1 79165 0 0 10 40 24.75 24.75 4 3 5
0 0 0 1 1 1 2 3 0 0 3 1 60 1 44 28.4755 1.677 6 7 5 5 2 1 1 1 79565 0 0 10 40 24.75 24.75 3 1 5
0 0 0 1 1 1 2 1 0 0 3 1 45 0 10 28.4755 1.017 6 -1 -1 -1 -1 -1 -1 -1 79965 0 0 10 40 24.75 24.75 3 1 5
0 0 0 1 1 1 2 1 0 0 3 1 45 0 0 28.4755 0.357 6 -1 -1 -1 -1 -1 -1 -1 80365 0 0 10 40 24.75 24.75 3 1 5
0 0 0 1 1 1 2 1 0 0 3 1 45 0 0 28.2285 0 6 -1 -1 -1 -1 -1 -1 -1 80765 0 0 10 40 24.75 24.75 3 1 5
0 0 0 1 1 1 4 1 0 0 3 1 45 0 1 27.5685 0 6 6 5 5 3 0 1 0 81165 0 0 10 40 24.75 24.75 2 3 5
0 0 0 1 1 1 2 1 0 0 3 1 43 0 29 29.45 0 6 -1 -1 -1 -1 -1 -1 -1 81599 0 0 10 40 24.75 24.75 2 3 5
0 0 0 1 1 2 1 1 0 0 3 1 12 2 83 28.79 0 5 -1 -1 -1 -1 -1 -1 -1 81999 0 0 10 40 24.75 24.75 2 3 5
0 0 0 1 1 2 1 1 0 0 3 1 1 0 17 28.13 0 5 -1 -1 -1 -1 -1 -1 -1 82399 0 0 10 40 24.75 24.75 2 3 5
0 0 0 1 1 4 1 1 0 0 3 1 1 0 8 27.47 0 5 5 5 5 1 0 1 0 82799 0 0 10 40 24.75 24.75 8 0 5
0 0 0 1 1 2 1 1 0 0 3 1 1 0 9 29.505 0 5 -1 -1 -1 -1 -1 -1 -1 83199 0 0 10 40 24.75 24.75 0 3 5
0 0 0 0 1 2 1 0 0 0 3 1 1 0 11 28.845 0 5 -1 -1 -1 -1 -1 -1 -1 83599 0 0 10 40 24.75 24.75 0 3 3
0 0 0 0 1 2 1 0 0 0 3 1 1 0 12 28.185 0 5 -1 -1 -1 -1 -1 -1 -1 83999 0 0 10 40 24.75 24.75 0 3 3
0 0 0 0 1 4 1 0 0 0 3 1 1 0 11 27.525 0 5 5 5 5 3 0 1 0 84399 0 0 10 40 24.75 24.75 0 3 3
0 0 0 0 1 2 1 0 0 0 3 1 1 0 11 29.505 0 5 -1 -1 -1 -1 -1 -1 -1 84799 0 0 10 40 24.75 24.75 4 3 3
0 0 0 0 1 2 1 0 0 0 3 1 1 0 2 28.79 0 5 -1 -1 -1 -1 -1 -1 -1 85232 0 0 10 40 24.75 24.75 4 3 3
0 0 0 0 1 2 1 0 0 0 3 1 1 0 8 28.405 2.38922 5 -1 -1 -1 -1 -1 -1 -1 85632 0 0 10 40 25 25 4 3 3
0 0 0 0 1 2 3 0 0 0 3 1 1 0 5 28.405 1.72256 5 6 5 5 3 1 1 1 86032 0 0 10 40 25 25 4 3 3
0 0 0 0 1 2 1 0 0 0 3 1 1 0 0 28.405 1.05589 5 -1 -1 -1 -1 -1 -1 -1 86432 0 0 10 40 25 25 3 1 3
0 0 0 0 1 2 1 0 0 0 3 1 351 2 76 28.405 0.389221 5 -1 -1 -1 -1 -1 -1 -1 86832 0 0 10 40 25 25 3 1 3
0 0 0 0 2 1 1 0 0 0 3 1 315 3 114 28.238 0 4 -1 -1 -1 -1 -1 -1 -1 87232 0 0 10 40 25 25 3 1 3
0 0 0 0 4 1 1 0 0 0 3 1 315 3 102 27.5713 0 4 4 5 5 0 0 1 0 87632 0 0 10 40 25 25 3 1 3
0 0 0 0 2 1 1 0 0 0 3 1 315 0 6 29.5 0 4 -1 -1 -1 -1 -1 -1 -1 88032 0 0 10 40 25 25 2 3 3
0 0 0 0 2 1 1 0 0 0 3 1 334 -4 141 28.8333 0 4 -1 -1 -1 -1 -1 -1 -1 88432 0 0 10 40 25 25 2 3 3
0 0 0 0 1 1 2 0 0 0 3 1 35 -6 190 28.1667 0 6 -1 -1 -1 -1 -1 -1 -1 88832 0 0 10 40 25 25 2 3 3
0 0 0 0 1 1 4 0 0 0 3 1 45 -4 129 27.5 0 6 6 5 5 2 0 1 0 89232 0 0 10 40 25 25 2 3 3
0 0 0 0 1 1 2 0 0 0 3 1 45 -1 5 29.5 0 6 -1 -1 -1 -1 -1 -1 -1 89632 0 0 10 40 25 25 8 0 3
0 0 0 0 1 2 1 0 0 0 3 1 12 2 81 28.8889 2.61089 5 -1 -1 -1 -1 -1 -1 -1 90032 0 1 10 40 25.25 60 0 3 3
0 0 0 0 1 2 1 0 0 0 3 1 12 2 69 28.8889 2.61089 5 -1 -1 -1 -1 -1 -1 -1 90198 0 1 10 40 25.25 60 0 3 3
0 0 0 0 3 2 1 0 0 0 3 1 12 1 50 28.8889 2.61089 5 4 5 5 2 1 1 1 90365 0 1 10 40 25.25 60 0 3 3
0 0 0 0 1 2 1 0 0 0 3 1 12 1 37 28.8889 2.61089 5 -1 -1 -1 -1 -1 -1 -1 90532 0 1 10 40 25.25 60 0 3 3
0 0 0 0 1 2 1 0 0 0 3 1 12 1 53 28.8889 2.61089 5 -1 -1 -1 -1 -1 -1 -1 90698 0 1 10 40 25.25 60 4 3 3
0 0 0 0 1 2 1 0 0 0 3 1 12 1 47 28.8889 2.61089 5 -1 -1 -1 -1 -1 -1 -1 90865 0 1 10 40 25.25 60 4 3 3
0 0 0 0 1 2 1 0 0 0 3 1 12 1 37 28.8889 2.61089 5 -1 -1 -1 -1 -1 -1 -1 91032 0 1 10 40 25.25 60 4 3 3
0 0 0 0 1 2 1 0 0 0 3 1 12 1 47 28.8889 2.61089 5 -1 -1 -1 -1 -1 -1 -1 91198 0 1 10 40 25.25 60 4 3 3
0 0 0 0 1 2 1 0 0 0 3 1 12 1 37 28.8889 2.61089 5 -1 -1 -1 -1 -1 -1 -1 91365 0 1 10 40 25.25 60 3 1 3
0 0 0 0 1 2 1 0 0 0 3 1 12 1 42 28.8889 2.61089 5 -1 -1 -1 -1 -1 -1 -1 91532 0 1 10 40 25.25 60 3 1 3
0 0 0 0 1 2 1 0 0 0 3 1 12 1 33 28.8889 2.61089 5 -1 -1 -1 -1 -1 -1 -1 91698 0 1 10 40 25.25 60 3 1 3
0 0 0 0 1 2 1 0 0 0 3 1 12 1 34 28.8889 2.61089 5 -1 -1 -1 -1 -1 -1 -1 91865 0 1 10 40 25.25 60 3 1 3
0 0 0 0 1 2 1 0 1 0 2 2 0 1 7 29.8467 0 5 -1 -1 -1 -1 -1 -1 -1 108232 0 0 10 40 23 60 0 2 3
0 0 0 0 1 2 1 0 1 0 2 2 0 1 5 29.5911 0 5 -1 -1 -1 -1 -1 -1 -1 108398 0 0 10 40 23 60 0 2 3
0 0 0 0 1 2 1 0 1 0 2 2 0 1 8 29.2844 0 5 -1 -1 -1 -1 -1 -1 -1 108598 0 0 10 40 23 44.0489 0 2 3
0 0 0 0 1 2 1 0 1 0 2 2 0 1 8 28.7733 0 5 -1 -1 -1 -1 -1 -1 -1 108932 0 0 10 40 23 23 0 2 3
0 0 0 0 1 2 1 0 1 0 2 2 0 1 7 28.1089 0 5 -1 -1 -1 -1 -1 -1 -1 109365 0 0 10 40 23 23 1 2 3
0 0 0 0 1 2 1 0 1 0 2 2 0 1 7 27.4444 0 5 -1 -1 -1 -1 -1 -1 -1 109798 0 0 10 40 23 23 1 2 3
0 0 0 0 1 2 1 0 1 0 2 2 0 1 7 26.78 0 5 -1 -1 -1 -1 -1 -1 -1 110231 0 0 10 40 23 23 1 2 3
0 0 0 0 1 2 1 0 1 0 2 2 3 0 29 26.1155 0 5 -1 -1 -1 -1 -1 -1 -1 110665 0 0 10 40 23 23 1 2 3
0 0 0 0 1 2 1 0 1 0 2 2 14 -1 58 25.4511 0 5 -1 -1 -1 -1 -1 -1 -1 111098 0 0 10 40 23 23 2 3 3
0 0 0 0 1 1 2 0 1 0 2 2 42 -2 70 24.7867 0 6 -1 -1 -1 -1 -1 -1 -1 111531 0 0 10 40 23 23 2 3 3
0 0 0 0 1 1 4 0 1 0 2 2 45 -1 44 24.1222 0 6 6 7 2 2 0 1 0 111965 0 0 10 40 23 23 2 3 3
0 0 0 0 1 1 2 0 1 0 2 2 45 0 13 28.4578 0 6 -1 -1 -1 -1 -1 -1 -1 112398 0 0 10 40 23 23 2 3 3
0 0 0 0 1 1 2 0 1 0 2 2 22 2 78 27.7933 0 6 -1 -1 -1 -1 -1 -1 -1 112831 0 0 10 40 23 23 0 1 3
0 0 0 0 1 2 1 0 1 0 2 2 2 0 21 27.1289 0 5 -1 -1 -1 -1 -1 -1 -1 113265 0 0 10 40 23 23 0 1 3
0 0 0 0 1 4 1 0 1 0 2 2 359 0 9 26.4644 0 5 5 7 3 3 0 1 0 113698 0 0 10 40 23 23 0 1 3
0 0 0 0 1 2 1 0 1 0 2 2 359 0 13 29.4889 0 5 -1 -1 -1 -1 -1 -1 -1 114131 0 0 10 40 23 23 0 1 3
0 0 0 0 1 2 1 0 1 0 2 2 347 2 78 28.8244 0 5 -1 -1 -1 -1 -1 -1 -1 114565 0 0 10 40 23 23 8 0 3
0 0 0 0 2 1 1 0 1 0 2 2 315 3 98 28.16 0 4 -1 -1 -1 -1 -1 -1 -1 114998 0 0 10 40 23 23 0 2 3
0 0 0 0 4 1 1 0 1 0 2 2 315 2 71 27.4956 0 4 4 7 1 1 0 1 0 115431 0 0 10 40 23 23 0 2 3
0 0 0 0 2 1 1 0 1 0 2 2 315 1 13 29.4889 0 4 -1 -1 -1 -1 -1 -1 -1 115865 0 0 10 40 23 23 0 2 3
0 0 0 0 2 1 1 0 1 0 2 2 315 1 2 28.8244 0 4 -1 -1 -1 -1 -1 -1 -1 116298 0 0 10 40 23 23 0 2 3
0 0 0 0 2 1 1 0 1 0 2 2 315 1 1 28.16 0 4 -1 -1 -1 -1 -1 -1 -1 116731 0 0 10 40 23 23 1 2 3
0 0 0 0 4 1 1 0 1 0 2 2 315 1 4 27.4956 0 4 4 7 0 0 0 1 0 117165 0 0 10 40 23 23 1 2 3
0 0 0 0 2 1 1 0 1 0 2 2 315 1 8 29.4889 0 4 -1 -1 -1 -1 -1 -1 -1 117598 0 0 10 40 23 23 1 2 3
0 0 0 0 2 1 1 0 1 0 2 2 336 -3 96 28.7733 0 4 -1 -1 -1 -1 -1 -1 -1 118065 0 0 10 40 23 23 1 2 3
0 0 0 0 1 2 1 0 1 0 2 2 20 -2 87 28.2111 2.56256 5 -1 -1 -1 -1 -1 -1 -1 118498 0 0 10 40 23.5 23.5 2 3 3
0 0 0 0 1 1 3 0 1 0 2 2 35 0 9 28.2111 1.93589 6 6 7 1 1 1 1 1 118898 0 0 10 40 23.5 23.5 2 3 3
0 0 0 0 1 1 2 0 1 0 2 2 22 2 76 28.2111 1.257 6 -1 -1 -1 -1 -1 -1 -1 119331 0 0 10 40 23.5 23.5 2 3 3
0 0 0 0 1 2 1 0 1 0 2 2 13 0 3 28.2111 2.667 5 -1 -1 -1 -1 -1 -1 -1 119765 0 0 10 40 24 23.5 2 3 3
0 0 0 0 1 1 2 0 1 0 2 2 32 -2 61 28.2111 2.027 6 -1 -1 -1 -1 -1 -1 -1 120165 0 0 10 40 24 24 0 1 3
0 0 0 0 1 1 3 0 1 0 2 2 45 0 1 28.2111 1.33367 6 6 7 0 0 1 1 1 120598 0 0 10 40 24 24 0 1 3
0 0 0 0 1 1 2 0 1 0 2 2 31 2 72 28.2111 0.693668 6 -1 -1 -1 -1 -1 -1 -1 120998 0 0 10 40 24 24 0 1 3
0 0 0 0 1 2 1 0 1 0 2 2 357 1 41 28.2111 0.000334807 5 -1 -1 -1 -1 -1 -1 -1 121431 0 0 10 40 24 24 0 1 3
0 0 0 0 1 2 1 0 1 0 2 2 354 0 0 27.6774 0 5 -1 -1 -1 -1 -1 -1 -1 121831 0 0 10 40 24 24 8 0 3
0 0 0 0 1 4 1 0 1 0 2 2 354 0 8 26.9841 0 5 5 7 3 3 0 1 0 122265 0 0 10 40 24 24 0 2 3
0 0 0 0 1 2 1 0 1 0 2 2 355 0 27 29.52 0 5 -1 -1 -1 -1 -1 -1 -1 122665 0 0 10 40 24 24 0 2 3
0 0 0 0 1 2 1 0 1 0 2 2 16 -2 83 28.8267 0 5 -1 -1 -1 -1 -1 -1 -1 123098 0 0 10 40 24 24 0 2 3
0 0 0 0 1 1 2 0 1 0 2 2 45 -3 102 28.1867 0 6 -1 -1 -1 -1 -1 -1 -1 123498 0 0 10 40 24 24 0 2 3
0 0 0 0 1 1 4 0 1 0 2 2 45 -2 74 27.4933 0 6 6 7 1 1 0 1 0 123931 0 0 10 40 24 24 1 2 3
0 0 0 0 1 1 2 0 1 0 2 2 45 -1 6 29.52 0 6 -1 -1 -1 -1 -1 -1 -1 124331 0 0 10 40 24 24 1 2 3
0 0 0 1 1 1 2 1 1 0 2 2 29 2 64 28.8267 0 6 -1 -1 -1 -1 -1 -1 -1 124765 0 0 10 40 24 24 1 2 5
0 0 0 1 1 2 1 1 1 0 2 2 7 1 49 28.1867 0 5 -1 -1 -1 -1 -1 -1 -1 125165 0 0 10 40 24 24 1 2 5
0 0 0 1 1 4 1 1 1 0 2 2 359 0 11 27.4933 0 5 5 7 2 2 0 1 0 125598 0 0 10 40 24 24 2 3 5
0 0 0 1 1 2 1 1 1 0 2 2 359 0 15 29.52 0 5 -1 -1 -1 -1 -1 -1 -1 125998 0 0 10 40 24 24 2 3 5
0 0 0 1 1 2 1 1 1 0 2 2 337 2 77 28.8267 0 5 -1 -1 -1 -1 -1 -1 -1 126431 0 0 10 40 24 24 2 3 5
0 0 0 1 2 1 1 1 1 0 2 2 316 0 26 28.1867 0 4 -1 -1 -1 -1 -1 -1 -1 126831 0 0 10 40 24 24 2 3 5
0 0 0 1 4 1 1 1 1 0 2 2 310 0 16 27.4933 0 4 4 7 3 3 0 1 0 127265 0 0 10 40 24 24 0 1 5
0 0 0 1 2 1 1 1 1 0 2 2 310 0 26 29.52 0 4 -1 -1 -1 -1 -1 -1 -1 127665 0 0 10 40 24 24 0 1 5
0 0 0 1 2 1 1 1 1 0 2 2 321 0 17 28.9333 2.55811 4 -1 -1 -1 -1 -1 -1 -1 128098 0 0 10 40 24.5 24.5 0 1 5
0 0 0 1 2 1 1 1 1 0 2 2 321 0 6 28.9333 1.90478 4 -1 -1 -1 -1 -1 -1 -1 128498 0 0 10 40 24.5 24.5 0 1 5
0 0 0 1 3 1 1 1 1 0 2 2 321 0 3 28.9333 1.25144 4 4 7 2 2 1 1 1 128898 0 0 10 40 24.5 24.5 8 0 5
0 0 0 1 2 1 1 1 1 0 2 2 321 0 12 28.9333 0.59811 4 -1 -1 -1 -1 -1 -1 -1 129298 0 0 10 40 24.5 24.5 0 2 5
0 0 0 1 2 1 1 1 1 0 2 2 333 -1 34 28.8252 0 4 -1 -1 -1 -1 -1 -1 -1 129732 0 0 10 40 24.5 24.5 0 2 5
0 0 0 1 1 2 1 1 1 0 2 2 349 0 23 28.1719 0 5 -1 -1 -1 -1 -1 -1 -1 130132 0 0 10 40 24.5 24.5 0 2 5
0 0 0 1 1 4 1 1 1 0 2 2 349 0 8 27.5185 0 5 5 7 1 1 0 1 0 130532 0 0 10 40 24.5 24.5 0 2 5
0 0 0 1 1 2 1 1 1 0 2 2 351 -1 33 29.51 0 5 -1 -1 -1 -1 -1 -1 -1 130932 0 0 10 40 24.5 24.5 1 2 5
0 0 0 1 1 2 1 1 1 0 2 2 22 -2 82 28.8022 0 5 -1 -1 -1 -1 -1 -1 -1 131365 0 0 10 40 24.5 24.5 1 2 5
0 0 0 1 1 1 2 1 1 0 2 2 68 -3 113 28.1489 0 6 -1 -1 -1 -1 -1 -1 -1 131765 0 0 10 40 24.5 24.5 1 2 5
0 0 0 1 1 1 1 4 1 0 2 2 90 -2 81 27.4955 0 7 7 7 1 1 0 1 0 132165 0 0 10 40 24.5 24.5 1 2 5
0 0 0 1 1 1 1 2 1 0 2 2 90 0 25 29.51 0 7 -1 -1 -1 -1 -1 -1 -1 132566 0 0 10 40 24.5 24.5 2 3 5
0 0 0 1 1 1 1 2 1 0 2 2 90 0 10 29.02 2.447 7 -1 -1 -1 -1 -1 -1 -1 132999 0 0 10 40 24.75 24.75 2 3 5
0 0 0 1 1 1 1 2 1 0 2 2 90 0 9 29.02 1.787 7 -1 -1 -1 -1 -1 -1 -1 133399 0 0 10 40 24.75 24.75 2 3 5
0 0 0 1 1 1 1 3 1 0 2 2 90 0 11 29.02 1.127 7 7 7 1 1 1 1 1 133799 0 0 10 40 24.75 24.75 2 3 5
0 0 0 1 1 1 1 2 1 0 2 2 70 1 55 29.02 0.467 7 -1 -1 -1 -1 -1 -1 -1 134199 0 0 10 40 24.75 24.75 0 1 5
0 0 0 1 1 1 2 1 1 0 2 2 53 0 28 28.883 0 6 -1 -1 -1 -1 -1 -1 -1 134599 0 0 10 40 24.75 24.75 0 1 5
0 0 0 1 1 1 2 1 1 0 2 2 42 0 27 28.223 0 6 -1 -1 -1 -1 -1 -1 -1 134999 0 0 10 40 24.75 24.75 0 1 5
0 0 0 1 1 1 4 1 1 0 2 2 38 0 4 27.563 0 6 6 7 0 0 0 1 0 135399 0 0 10 40 24.75 24.75 0 1 5
0 0 0 1 1 1 2 1 1 0 2 2 38 0 11 29.505 0 6 -1 -1 -1 -1 -1 -1 -1 135800 0 0 10 40 24.75 24.75 8 0 5
0 0 0 1 1 1 2 1 1 0 2 2 29 1 48 28.79 0 6 -1 -1 -1 -1 -1 -1 -1 136233 0 0 10 40 24.75 24.75 0 2 5
0 0 0 1 1 2 1 1 1 0 2 2 9 1 33 28.13 0 5 -1 -1 -1 -1 -1 -1 -1 136633 0 0 10 40 24.75 24.75 0 2 5
0 0 0 1 1 4 1 1 1 0 2 2 356 0 21 27.47 0 5 5 7 2 2 0 1 0 137033 0 0 10 40 24.75 24.75 0 2 5
0 0 0 1 1 2 1 1 1 0 2 2 356 0 9 29.505 0 5 -1 -1 -1 -1 -1 -1 -1 137433 0 0 10 40 24.75 24.75 0 2 5
0 0 0 1 1 2 1 1 1 0 2 2 344 2 77 28.845 0 5 -1 -1 -1 -1 -1 -1 -1 137833 0 0 10 40 24.75 24.75 1 2 5
0 0 0 1 2 1 1 1 1 0 2 2 304 3 105 28.185 2.667 4 -1 -1 -1 -1 -1 -1 -1 138233 0 0 10 40 25 24.75 1 2 5
0 0 0 3 1 1 1 1 1 0 2 2 273 1 31 28.185 2.00033 3 3 7 0 0 1 1 1 138633 0 0 10 40 25 25 1 2 5
0 0 0 2 1 1 1 1 1 0 2 2 283 -2 64 28.185 1.33367 3 -1 -1 -1 -1 -1 -1 -1 139034 0 0 10 40 25 25 1 2 5
0 0 0 1 2 1 1 1 1 0 2 2 321 -3 99 28.185 0.666999 4 -1 -1 -1 -1 -1 -1 -1 139434 0 0 10 40 25 25 2 3 5
0 0 0 1 1 2 1 1 1 0 2 2 356 -2 61 28.185 0.000332378 5 -1 -1 -1 -1 -1 -1 -1 139834 0 0 10 40 25 25 2 3 5
0 0 0 1 1 4 1 1 1 0 2 2 6 0 9 27.6291 0 5 5 7 3 3 0 1 0 140234 0 0 10 40 25 25 2 3 5
0 0 0 1 1 2 1 1 1 0 2 2 6 0 7 29.5 0 5 -1 -1 -1 -1 -1 -1 -1 140634 0 0 10 40 25 25 2 3 5
0 0 0 1 1 2 1 1 1 0 2 2 6 0 1 28.8333 0 5 -1 -1 -1 -1 -1 -1 -1 141034 0 0 10 40 25 25 0 1 5
0 0 0 1 1 2 1 1 1 0 2 2 6 0 2 28.5556 2.27422 5 -1 -1 -1 -1 -1 -1 -1 141434 0 0 10 40 25.25 25.25 0 1 5
0 0 0 1 1 3 1 1 1 0 2 2 6 0 2 28.5556 1.60089 5 5 7 0 0 1 1 1 141834 0 0 10 40 25.25 25.25 0 1 5
0 0 0 1 1 2 1 1 1 0 2 2 6 0 8 28.5556 0.927556 5 -1 -1 -1 -1 -1 -1 -1 142234 0 0 10 40 25.25 25.25 0 1 5
0 0 0 1 1 2 1 1 1 0 2 2 16 -1 46 28.5556 0.254223 5 -1 -1 -1 -1 -1 -1 -1 142634 0 0 10 40 25.25 25.25 8 0 5
0 0 0 1 1 1 2 1 1 0 2 2 31 0 25 28.198 0 6 -1 -1 -1 -1 -1 -1 -1 143034 0 0 10 40 24.25 24.25 0 2 5
0 0 0 1 1 1 4 1 1 0 2 2 32 0 0 27.5513 0 6 6 7 2 2 0 1 1 143435 0 0 10 40 24.25 24.25 0 2 5
0 0 0 1 1 1 2 1 1 0 2 2 25 1 56 26.8508 0 6 -1 -1 -1 -1 -1 -1 -1 143868 0 0 10 40 24.25 24.25 0 2 5
0 0 0 1 1 2 1 1 1 0 2 2 3 1 33 26.2041 0 5 -1 -1 -1 -1 -1 -1 -1 144268 0 0 10 40 24.25 24.25 0 2 5
0 0 0 1 1 2 1 1 1 0 2 2 2 0 0 25.5575 0 5 -1 -1 -1 -1 -1 -1 -1 144668 0 0 10 40 24.25 24.25 1 2 5
0 0 0 1 1 3 1 1 1 0 2 2 2 0 1 24.8569 0 5 5 7 0 0 1 1 0 145102 0 0 10 40 24.25 24.25 1 2 5
0 0 0 1 1 2 1 1 1 0 2 2 2 0 3 24.1786 0 5 -1 -1 -1 -1 -1 -1 -1 145535 0 0 10 40 23.25 23.25 1 2 5
0 0 0 1 1 2 1 1 1 0 2 2 5 -1 65 23.5586 0 5 -1 -1 -1 -1 -1 -1 -1 145935 0 0 10 40 23.25 23.25 1 2 5
0 0 0 1 1 1 2 1 1 0 2 2 49 -4 141 22.8869 0 6 -1 -1 -1 -1 -1 -1 -1 146368 0 0 10 40 23.25 23.25 2 3 5
0 0 0 1 1 1 1 4 1 0 2 2 90 -3 112 22.2153 0 7 7 7 3 3 0 1 0 146802 0 0 10 40 23.25 23.25 2 3 5
0 0 0 1 1 1 1 2 1 0 2 2 90 0 5 26.5436 0 7 -1 -1 -1 -1 -1 -1 -1 147235 0 0 10 40 23.25 23.25 2 3 5
0 0 0 1 1 1 1 2 1 0 2 2 90 0 8 25.872 0 7 -1 -1 -1 -1 -1 -1 -1 147669 0 0 10 40 23.25 23.25 2 3 5
0 0 0 1 1 1 1 2 1 0 2 2 90 0 10 25.2003 0 7 -1 -1 -1 -1 -1 -1 -1 148102 0 0 10 40 23.25 23.25 0 1 5
0 0 0 1 1 1 1 3 1 0 2 2 90 0 4 24.9936 2.192 7 7 7 0 0 1 1 1 148536 0 0 10 40 23.75 23.75 0 1 5
0 0 0 1 1 1 1 2 1 0 2 2 81 1 51 24.9936 1.55867 7 -1 -1 -1 -1 -1 -1 -1 148936 0 0 10 40 23.75 23.75 0 1 5
0 0 0 1 1 1 2 1 1 0 2 2 55 1 44 24.9936 0.872556 6 -1 -1 -1 -1 -1 -1 -1 149369 0 0 10 40 23.75 23.75 0 1 5
0 0 0 1 1 1 2 1 1 0 2 2 47 0 12 24.9936 0.186445 6 -1 -1 -1 -1 -1 -1 -1 149803 0 0 10 40 23.75 23.75 8 0 5
0 0 0 1 1 1 4 1 1 0 2 2 47 0 9 24.5961 0 6 6 7 2 2 0 1 0 150203 0 0 10 40 23.75 23.75 0 2 5
0 0 0 1 1 1 2 1 1 0 2 2 45 1 42 28.91 0 6 -1 -1 -1 -1 -1 -1 -1 150636 0 0 10 40 23.75 23.75 0 2 5
0 0 0 1 1 1 2 1 1 0 2 2 22 3 98 28.2766 0 6 -1 -1 -1 -1 -1 -1 -1 151036 0 0 10 40 23.75 23.75 0 2 5
0 0 0 1 1 2 1 1 1 0 2 2 335 3 97 27.5905 0 5 -1 -1 -1 -1 -1 -1 -1 151470 0 0 10 40 23.75 23.75 0 2 5
0 0 0 1 4 1 1 1 1 0 2 2 309 1 37 26.9044 0 4 4 7 3 3 0 1 0 151903 0 0 10 40 23.75 23.75 1 2 5
0 0 0 1 2 1 1 1 1 0 2 2 305 0 0 29.525 0 4 -1 -1 -1 -1 -1 -1 -1 152303 0 0 10 40 23.75 23.75 1 2 5
0 0 0 1 2 1 1 1 1 0 2 2 306 0 19 28.8389 0 4 -1 -1 -1 -1 -1 -1 -1 152737 0 0 10 40 23.75 23.75 1 2 5
0 0 0 1 2 1 1 1 1 0 2 2 307 0 15 28.1528 0 4 -1 -1 -1 -1 -1 -1 -1 153170 0 0 10 40 23.75 23.75 1 2 5
0 0 0 1 4 1 1 1 1 0 2 2 315 0 28 27.5194 0 4 4 7 0 0 0 1 0 153570 0 0 10 40 23.75 23.75 2 3 5
0 0 0 1 2 1 1 1 1 0 2 2 322 0 17 29.4722 0 4 -1 -1 -1 -1 -1 -1 -1 154003 0 0 10 40 23.75 23.75 2 3 5
0 0 0 1 2 1 1 1 1 0 2 2 319 1 40 28.7861 0 4 -1 -1 -1 -1 -1 -1 -1 154437 0 0 10 40 23.75 23.75 2 3 5
0 0 0 1 2 1 1 1 1 0 2 2 296 4 130 28.2583 2.61311 4 -1 -1 -1 -1 -1 -1 -1 154804 0 1 10 40 24.25 60 2 3 5
0 0 0 3 2 1 1 1 1 0 2 2 296 3 96 28.2583 2.61311 4 3 7 3 3 1 1 1 154970 0 1 10 40 24.25 60 0 1 5
0 0 0 1 2 1 1 1 1 0 2 2 296 2 89 28.2583 2.61311 4 -1 -1 -1 -1 -1 -1 -1 155137 0 1 10 40 24.25 60 0 1 5
0 0 0 1 2 1 1 1 1 0 2 2 296 1 41 28.2583 2.61311 4 -1 -1 -1 -1 -1 -1 -1 155304 0 1 10 40 24.25 60 0 1 5
0 0 0 1 2 1 1 1 1 0 2 2 296 0 19 28.2583 2.61311 4 -1 -1 -1 -1 -1 -1 -1 155470 0 1 10 40 24.25 60 0 1 5
0 0 0 1 2 1 1 1 1 0 2 2 296 0 7 28.2583 2.61311 4 -1 -1 -1 -1 -1 -1 -1 155637 0 1 10 40 24.25 60 8 0 5
0 0 0 1 2 1 1 1 1 0 2 2 315 0 1 28.2583 2.61311 4 -1 -1 -1 -1 -1 -1 -1 155804 0 1 10 40 24.25 60 0 2 5
0 0 0 0 2 1 1 0 1 0 2 2 315 0 0 28.2583 2.61311 4 -1 -1 -1 -1 -1 -1 -1 155971 0 1 10 40 24.25 60 0 2 3
0 0 0 0 2 1 1 0 1 0 2 2 315 0 0 28.2583 2.61311 4 -1 -1 -1 -1 -1 -1 -1 156137 0 1 10 40 24.25 60 0 2 3
0 0 0 0 2 1 1 0 1 0 2 2 315 0 0 28.2583 2.61311 4 -1 -1 -1 -1 -1 -1 -1 156304 0 1 10 40 24.25 60 0 2 3
0 0 0 0 2 1 1 0 1 0 2 2 315 0 0 28.2583 2.61311 4 -1 -1 -1 -1 -1 -1 -1 156471 0 1 10 40 24.25 60 1 2 3
0 0 0 1 1 2 1 1 2 0 3 2 0 1 7 29.84 0 5 -1 -1 -1 -1 -1 -1 -1 172241 0 0 10 40 24 60 5 3 5
0 0 0 1 1 2 1 1 2 0 3 2 359 0 26 29.5733 0 5 -1 -1 -1 -1 -1 -1 -1 172407 0 0 10 40 24 60 5 3 5
0 0 0 1 1 2 1 1 2 0 3 2 352 0 21 29.2533 0 5 -1 -1 -1 -1 -1 -1 -1 172607 0 0 10 40 24 42.24 5 3 5
0 0 0 1 1 2 1 1 2 0 3 2 348 1 15 28.72 0 5 -1 -1 -1 -1 -1 -1 -1 172941 0 0 10 40 24 24 5 3 5
0 0 0 1 1 2 1 1 2 0 3 2 348 1 0 28.0267 0 5 -1 -1 -1 -1 -1 -1 -1 173374 0 0 10 40 24 24 0 0 5
0 0 0 1 1 2 1 1 2 0 3 2 348 1 0 27.3867 0 5 -1 -1 -1 -1 -1 -1 -1 173774 0 0 10 40 24 24 0 0 5
0 0 0 1 1 2 1 1 2 0 3 2 348 1 3 26.6933 0 5 -1 -1 -1 -1 -1 -1 -1 174208 0 0 10 40 24 24 0 0 5
0 0 0 1 1 2 1 1 2 0 3 2 348 1 0 26.0533 0 5 -1 -1 -1 -1 -1 -1 -1 174608 0 0 10 40 24 24 0 0 5
0 0 0 1 2 1 1 1 2 0 3 2 320 4 126 25.36 0 4 -1 -1 -1 -1 -1 -1 -1 175041 0 0 10 40 24 24 5 1 5
0 0 0 2 1 1 1 1 2 0 3 2 270 4 134 24.72 0 3 -1 -1 -1 -1 -1 -1 -1 175441 0 0 10 40 24 24 5 1 5
0 0 0 4 1 1 1 1 2 0 3 2 270 3 97 24.0267 0 3 3 5 5 1 0 1 0 175875 0 0 10 40 24 24 5 1 5
0 0 0 2 1 1 1 1 2 0 3 2 270 0 3 28.3867 0 3 -1 -1 -1 -1 -1 -1 -1 176275 0 0 10 40 24 24 5 1 5
0 0 0 2 1 1 1 1 2 0 3 2 270 0 5 27.6933 0 3 -1 -1 -1 -1 -1 -1 -1 176708 0 0 10 40 24 24 6 0 5
0 0 0 2 1 1 1 1 2 0 3 2 270 0 0 27.0533 0 3 -1 -1 -1 -1 -1 -1 -1 177108 0 0 10 40 24 24 6 0 5
0 0 0 4 1 1 1 1 2 0 3 2 270 0 0 26.36 0 3 3 5 5 3 0 1 0 177542 0 0 10 40 24 24 6 0 5
0 0 0 2 1 1 1 1 2 0 3 2 270 0 0 29.52 0 3 -1 -1 -1 -1 -1 -1 -1 177942 0 0 10 40 24 24 6 0 5
0 0 0 2 1 1 1 1 2 0 3 2 275 -1 43 28.8267 0 3 -1 -1 -1 -1 -1 -1 -1 178375 0 0 10 40 24 24 8 0 5
0 0 0 1 2 1 1 1 2 0 3 2 301 -1 56 28.1867 0 4 -1 -1 -1 -1 -1 -1 -1 178775 0 0 10 40 24 24 5 3 5
0 0 0 1 4 1 1 1 2 0 3 2 315 0 20 27.4933 0 4 4 5 5 0 0 1 0 179209 0 0 10 40 24 24 5 3 5
0 0 0 1 2 1 1 1 2 0 3 2 315 0 14 29.52 0 4 -1 -1 -1 -1 -1 -1 -1 179609 0 0 10 40 24 24 5 3 5
0 0 0 1 2 1 1 1 2 0 3 2 311 1 47 28.8267 0 4 -1 -1 -1 -1 -1 -1 -1 180042 0 0 10 40 24 24 5 3 5
0 0 0 2 1 1 1 1 2 0 3 2 276 3 100 28.1867 0 3 -1 -1 -1 -1 -1 -1 -1 180442 0 0 10 40 24 24 0 0 5
0 0 0 4 1 1 1 1 2 0 3 2 270 3 90 27.4933 0 3 3 5 5 2 0 1 0 180876 0 0 10 40 24 24 0 0 5
0 0 0 2 1 1 1 1 2 0 3 2 270 0 1 29.52 0 3 -1 -1 -1 -1 -1 -1 -1 181276 0 0 10 40 24 24 0 0 5
0 0 0 2 1 1 1 1 2 0 3 2 278 -1 55 28.8267 0 3 -1 -1 -1 -1 -1 -1 -1 181709 0 0 10 40 24 24 0 0 5
0 0 0 1 2 1 1 1 2 0 3 2 298 -1 40 28.1922 0 4 -1 -1 -1 -1 -1 -1 -1 182109 0 0 10 40 23.5 23.5 5 1 5
0 0 0 1 4 1 1 1 2 0 3 2 315 -1 40 27.5134 0 4 4 5 5 1 0 1 1 182543 0 0 10 40 23.5 23.5 5 1 5
0 0 0 1 2 1 1 1 2 0 3 2 332 -1 35 26.8345 0 4 -1 -1 -1 -1 -1 -1 -1 182976 0 0 10 40 23.5 23.5 5 1 5
0 0 0 1 2 1 1 1 2 0 3 2 328 1 55 26.1556 0 4 -1 -1 -1 -1 -1 -1 -1 183410 0 0 10 40 23.5 23.5 5 1 5
0 0 0 1 2 1 1 1 2 0 3 2 295 2 78 25.79 2.40033 4 -1 -1 -1 -1 -1 -1 -1 183810 0 0 10 40 24 24 6 0 5
0 0 0 3 1 1 1 1 2 0 3 2 278 0 3 25.79 1.707 3 3 5 5 2 1 1 1 184243 0 0 10 40 24 24 6 0 5
0 0 0 2 1 1 1 1 2 0 3 2 279 0 27 25.79 1.067 3 -1 -1 -1 -1 -1 -1 -1 184643 0 0 10 40 24 24 6 0 5
0 0 0 1 2 1 1 1 2 0 3 2 305 -2 78 25.79 0.373668 4 -1 -1 -1 -1 -1 -1 -1 185077 0 0 10 40 24 24 6 0 5
0 0 0 1 2 1 1 1 2 0 3 2 336 -2 82 25.6297 0 4 -1 -1 -1 -1 -1 -1 -1 185477 0 0 10 40 24 24 8 0 5
0 0 0 1 1 4 1 1 2 0 3 2 0 0 26 24.9364 0 5 5 5 5 0 0 1 0 185910 0 0 10 40 24 24 5 3 5
0 0 0 1 1 2 1 1 2 0 3 2 2 0 10 29.2964 0 5 -1 -1 -1 -1 -1 -1 -1 186310 0 0 10 40 24 24 5 3 5
0 0 0 1 1 2 1 1 2 0 3 2 350 2 75 28.603 0 5 -1 -1 -1 -1 -1 -1 -1 186744 0 0 10 40 24 24 5 3 5
0 0 0 1 2 1 1 1 2 0 3 2 325 1 47 28.2297 2.39478 4 -1 -1 -1 -1 -1 -1 -1 187144 0 0 10 40 24.5 24.5 5 3 5
0 0 0 3 2 1 1 1 2 0 3 2 319 0 2 28.2297 1.74144 4 3 5 5 2 1 1 1 187544 0 0 10 40 24.5 24.5 0 0 5
0 0 0 1 2 1 1 1 2 0 3 2 319 0 24 28.2297 1.03367 4 -1 -1 -1 -1 -1 -1 -1 187977 0 0 10 40 24.5 24.5 0 0 5
0 0 0 0 2 1 1 0 2 0 3 2 338 -2 72 28.2297 0.380332 4 -1 -1 -1 -1 -1 -1 -1 188377 0 0 10 40 24.5 24.5 0 0 3
0 0 0 0 1 2 1 0 2 0 3 2 1 -1 33 27.9583 0 5 -1 -1 -1 -1 -1 -1 -1 188778 0 0 10 40 24.5 24.5 0 0 3
0 0 0 0 1 4 1 0 2 0 3 2 4 0 8 27.3049 0 5 5 5 5 1 0 1 0 189178 0 0 10 40 24.5 24.5 5 1 3
0 0 0 0 1 2 1 0 2 0 3 2 4 0 8 29.4555 0 5 -1 -1 -1 -1 -1 -1 -1 189611 0 0 10 40 24.5 24.5 5 1 3
0 0 0 0 1 2 1 0 2 0 3 2 4 0 1 28.8022 0 5 -1 -1 -1 -1 -1 -1 -1 190011 0 0 10 40 24.5 24.5 5 1 3
0 0 0 0 1 2 1 0 2 0 3 2 4 0 13 28.1489 0 5 -1 -1 -1 -1 -1 -1 -1 190411 0 0 10 40 24.5 24.5 5 1 3
0 0 0 0 1 4 1 0 2 0 3 2 4 0 7 27.4955 0 5 5 5 5 3 0 1 0 190811 0 0 10 40 24.5 24.5 6 0 3
0 0 0 0 1 2 1 0 2 0 3 2 4 0 12 29.4555 0 5 -1 -1 -1 -1 -1 -1 -1 191245 0 0 10 40 24.5 24.5 6 0 3
0 0 0 0 1 2 1 0 2 0 3 2 350 3 93 28.8022 0 5 -1 -1 -1 -1 -1 -1 -1 191645 0 0 10 40 24.5 24.5 6 0 3
0 0 0 0 2 1 1 0 2 0 3 2 315 4 121 28.1489 0 4 -1 -1 -1 -1 -1 -1 -1 192045 0 0 10 40 24.5 24.5 6 0 3
0 0 0 0 4 1 1 0 2 0 3 2 315 3 99 27.5022 0 4 4 5 5 2 0 1 1 192445 0 0 10 40 24 24 8 0 3
0 0 0 0 2 1 1 0 2 0 3 2 315 1 36 26.8089 0 4 -1 -1 -1 -1 -1 -1 -1 192878 0 0 10 40 24 24 5 3 3
0 0 0 0 2 1 1 0 2 0 3 2 324 -2 72 26.1689 0 4 -1 -1 -1 -1 -1 -1 -1 193278 0 0 10 40 24 24 5 3 3
0 0 0 0 1 2 1 0 2 0 3 2 12 -4 129 25.4755 0 5 -1 -1 -1 -1 -1 -1 -1 193712 0 0 10 40 24 24 5 3 3
0 0 0 0 1 1 3 0 2 0 3 2 45 -2 73 25.3155 2.177 6 6 5 5 3 1 1 1 194112 0 0 10 40 24.5 24.5 5 3 3
0 0 0 0 1 1 2 0 2 0 3 2 45 0 0 25.3155 1.46922 6 -1 -1 -1 -1 -1 -1 -1 194545 0 0 10 40 24.5 24.5 0 0 3
0 0 0 0 1 1 2 0 2 0 3 2 45 0 0 25.3155 0.815888 6 -1 -1 -1 -1 -1 -1 -1 194946 0 0 10 40 24.5 24.5 0 0 3
0 0 0 0 1 1 2 0 2 0 3 2 45 0 4 25.3155 0.162555 6 -1 -1 -1 -1 -1 -1 -1 195346 0 0 10 40 24.5 24.5 0 0 3
0 0 0 0 1 1 3 0 2 0 3 2 45 0 1 25.3155 2.61144 6 6 5 5 2 1 1 1 195546 0 1 10 40 25 60 0 0 3
0 0 0 0 1 1 2 0 2 0 3 2 45 0 0 25.3155 2.61144 6 -1 -1 -1 -1 -1 -1 -1 195712 0 1 10 40 25 60 5 1 3
0 0 0 0 1 1 2 0 2 0 3 2 45 0 3 25.3155 2.61144 6 -1 -1 -1 -1 -1 -1 -1 195879 0 1 10 40 25 60 5 1 3
0 0 0 0 1 1 2 0 2 0 3 2 45 1 37 25.3155 2.61144 6 -1 -1 -1 -1 -1 -1 -1 196046 0 1 10 40 25 60 5 1 3
0 0 0 0 1 1 2 0 2 0 3 2 45 1 39 25.3155 2.61144 6 -1 -1 -1 -1 -1 -1 -1 196212 0 1 10 40 25 60 5 1 3
0 0 0 0 1 1 2 0 2 0 3 2 45 1 47 25.3155 2.61144 6 -1 -1 -1 -1 -1 -1 -1 196379 0 1 10 40 25 60 6 0 3
0 0 0 0 1 1 2 0 2 0 3 2 45 1 30 25.3155 2.61144 6 -1 -1 -1 -1 -1 -1 -1 196546 0 1 10 40 25 60 6 0 3
0 0 0 0 1 1 2 0 2 0 3 2 45 0 23 25.3155 2.61144 6 -1 -1 -1 -1 -1 -1 -1 196713 0 1 10 40 25 60 6 0 3
0 0 0 0 1 1 2 0 2 0 3 2 45 0 18 25.3155 2.61144 6 -1 -1 -1 -1 -1 -1 -1 196879 0 1 10 40 25 60 6 0 3
0 0 0 0 1 1 2 0 2 0 3 2 45 0 15 25.3155 2.61144 6 -1 -1 -1 -1 -1 -1 -1 197046 0 1 10 40 25 60 8 0 3
0 0 0 0 1 2 1 0 3 0 4 3 0 2 0 29.8333 0 5 -1 -1 -1 -1 -1 -1 -1 212116 0 0 10 40 25 60 1 3 3
0 0 0 0 1 2 1 0 3 0 4 3 0 2 4 29.5556 0 5 -1 -1 -1 -1 -1 -1 -1 212283 0 0 10 40 25 60 1 3 3
0 0 0 0 1 2 1 0 3 0 4 3 0 2 0 29.2222 0 5 -1 -1 -1 -1 -1 -1 -1 212483 0 0 10 40 25 40.5555 1 3 3
0 0 0 0 1 2 1 0 3 0 4 3 0 2 5 28.6111 0 5 -1 -1 -1 -1 -1 -1 -1 212849 0 0 10 40 25 25 1 3 3
0 0 0 0 1 2 1 0 3 0 4 3 0 2 10 27.9445 0 5 -1 -1 -1 -1 -1 -1 -1 213249 0 0 10 40 25 25 0 0 3
0 0 0 0 1 2 1 0 3 0 4 3 0 2 8 27.2778 0 5 -1 -1 -1 -1 -1 -1 -1 213650 0 0 10 40 25 25 0 0 3
0 0 0 0 1 2 1 0 3 0 4 3 0 2 9 26.6111 0 5 -1 -1 -1 -1 -1 -1 -1 214050 0 0 10 40 25 25 0 0 3
0 0 0 0 1 2 1 0 3 0 4 3 0 2 11 25.9445 0 5 -1 -1 -1 -1 -1 -1 -1 214450 0 0 10 40 25 25 0 0 3
0 0 0 0 1 2 1 0 3 0 4 3 330 3 106 25.2778 0 5 -1 -1 -1 -1 -1 -1 -1 214850 0 0 10 40 25 25 5 0 3
0 0 0 0 2 1 1 0 3 0 4 3 315 2 83 24.6111 0 4 -1 -1 -1 -1 -1 -1 -1 215250 0 0 10 40 25 25 5 0 3
0 0 0 0 4 1 1 0 3 0 4 3 315 2 67 23.9445 0 4 4 3 3 3 0 1 0 215650 0 0 10 40 25 25 5 0 3
0 0 0 0 2 1 1 0 3 0 4 3 315 1 16 27.2778 0 4 -1 -1 -1 -1 -1 -1 -1 216050 0 0 10 40 25 25 5 0 3
0 0 0 0 2 1 1 0 3 0 4 3 334 0 21 26.6111 0 4 -1 -1 -1 -1 -1 -1 -1 216450 0 0 10 40 25 25 6 1 3
0 0 0 0 1 2 1 0 3 0 4 3 340 -1 34 25.9445 0 5 -1 -1 -1 -1 -1 -1 -1 216850 0 0 10 40 25 25 6 1 3
0 0 0 0 1 4 1 0 3 0 4 3 351 -1 54 25.2778 0 5 5 2 2 2 0 1 0 217250 0 0 10 40 25 25 6 1 3
0 0 0 0 1 2 1 0 3 0 4 3 0 0 21 28.6111 0 5 -1 -1 -1 -1 -1 -1 -1 217650 0 0 10 40 25 25 6 1 3
0 0 0 0 1 2 1 0 3 0 4 3 0 0 2 27.9445 0 5 -1 -1 -1 -1 -1 -1 -1 218050 0 0 10 40 25 25 8 0 3
0 0 0 0 1 2 1 0 3 0 4 3 0 0 2 27.2778 0 5 -1 -1 -1 -1 -1 -1 -1 218451 0 0 10 40 25 25 1 3 3
0 0 0 0 1 4 1 0 3 0 4 3 0 0 2 26.6112 0 5 5 3 3 3 0 1 0 218851 0 0 10 40 25 25 1 3 3
0 0 0 0 1 2 1 0 3 0 4 3 0 0 8 29.5 0 5 -1 -1 -1 -1 -1 -1 -1 219251 0 0 10 40 25 25 1 3 3
0 0 0 0 1 2 1 0 3 0 4 3 14 -1 43 28.8333 0 5 -1 -1 -1 -1 -1 -1 -1 219651 0 0 10 40 25 25 1 3 3
0 0 0 0 1 1 2 0 3 0 4 3 45 -2 84 28.1667 0 6 -1 -1 -1 -1 -1 -1 -1 220051 0 0 10 40 25 25 0 0 3
0 0 0 0 1 1 4 0 3 0 4 3 45 -1 32 27.5 0 6 6 1 0 0 0 1 0 220451 0 0 10 40 25 25 0 0 3
0 0 0 0 1 1 2 0 3 0 4 3 43 0 28 29.5 0 6 -1 -1 -1 -1 -1 -1 -1 220851 0 0 10 40 25 25 0 0 3
0 0 0 0 1 2 1 0 3 0 4 3 13 2 86 28.8333 0 5 -1 -1 -1 -1 -1 -1 -1 221251 0 0 10 40 25 25 0 0 3
0 0 0 0 1 2 1 0 3 0 4 3 0 0 14 28.1667 0 5 -1 -1 -1 -1 -1 -1 -1 221651 0 0 10 40 25 25 5 0 3
0 0 0 0 1 4 1 0 3 0 4 3 0 0 3 27.5 0 5 5 3 3 3 0 1 0 222051 0 0 10 40 25 25 5 0 3
0 0 0 0 1 2 1 0 3 0 4 3 0 0 8 29.5 0 5 -1 -1 -1 -1 -1 -1 -1 222451 0 0 10 40 25 25 5 0 3
0 0 0 0 1 2 1 0 3 0 4 3 12 -2 78 28.8333 0 5 -1 -1 -1 -1 -1 -1 -1 222851 0 0 10 40 25 25 5 0 3
0 0 0 0 1 1 2 0 3 0 4 3 35 -1 48 28.6111 2.27033 6 -1 -1 -1 -1 -1 -1 -1 223218 0 0 10 40 25.5 25.5 6 1 3
0 0 0 0 1 1 3 0 3 0 4 3 45 0 8 28.6111 1.59033 6 6 3 3 3 1 1 1 223618 0 0 10 40 25.5 25.5 6 1 3
0 0 0 0 1 1 2 0 3 0 4 3 42 1 42 28.6111 0.910335 6 -1 -1 -1 -1 -1 -1 -1 224018 0 0 10 40 25.5 25.5 6 1 3
0 0 0 0 1 2 1 0 3 0 4 3 14 3 99 28.6111 0.230335 5 -1 -1 -1 -1 -1 -1 -1 224418 0 0 10 40 25.5 25.5 6 1 3
0 0 0 0 2 1 1 0 3 0 4 3 316 5 172 28.3241 0 4 -1 -1 -1 -1 -1 -1 -1 224785 0 0 10 40 25.5 25.5 8 0 3
0 0 0 0 4 1 1 0 3 0 4 3 315 0 0 27.6441 0 4 4 2 2 2 0 1 0 225185 0 0 10 40 25.5 25.5 1 3 3
0 0 0 0 2 1 1 0 3 0 4 3 321 -1 45 29.49 0 4 -1 -1 -1 -1 -1 -1 -1 225585 0 0 10 40 25.5 25.5 1 3 3
0 0 0 0 1 2 1 0 3 0 4 3 342 -1 43 28.81 0 5 -1 -1 -1 -1 -1 -1 -1 225985 0 0 10 40 25.5 25.5 1 3 3
0 0 0 0 1 2 1 0 3 0 4 3 352 0 18 28.3566 2.49367 5 -1 -1 -1 -1 -1 -1 -1 226352 0 0 10 40 26 26 1 3 3
0 0 0 0 1 3 1 0 3 0 4 3 353 0 13 28.3566 1.80033 5 5 3 3 3 1 1 1 226752 0 0 10 40 26 26 0 0 3
0 0 0 0 1 2 1 0 3 0 4 3 353 0 9 28.3566 1.107 5 -1 -1 -1 -1 -1 -1 -1 227152 0 0 10 40 26 26 0 0 3
0 0 0 0 1 2 1 0 3 0 4 3 353 0 9 28.3566 0.471444 5 -1 -1 -1 -1 -1 -1 -1 227519 0 0 10 40 26 26 0 0 3
0 0 0 0 1 2 1 0 3 0 4 3 353 0 3 28.2319 0 5 -1 -1 -1 -1 -1 -1 -1 227919 0 0 10 40 26 26 0 0 3
0 0 0 0 4 2 1 0 3 0 4 3 336 1 56 27.5963 0 5 4 1 0 0 0 0 0 228286 0 0 10 40 26 26 5 0 3
0 0 0 0 2 1 1 0 3 0 4 3 328 0 2 26.903 0 4 -1 -1 -1 -1 -1 -1 -1 228686 0 0 10 40 26 26 5 0 3
0 0 0 0 2 1 1 0 3 0 4 3 328 0 11 26.2674 0 4 -1 -1 -1 -1 -1 -1 -1 229053 0 0 10 40 26 26 5 0 3
0 0 0 0 2 1 1 0 3 0 4 3 329 0 22 25.5741 0 4 -1 -1 -1 -1 -1 -1 -1 229453 0 0 10 40 26 26 5 0 3
0 0 0 0 4 1 1 0 3 0 4 3 329 0 9 24.9386 0 4 4 0 1 1 0 1 0 229820 0 0 10 40 26 26 6 1 3
0 0 0 0 2 1 1 0 3 0 4 3 329 0 9 28.2452 0 4 -1 -1 -1 -1 -1 -1 -1 230220 0 0 10 40 26 26 6 1 3
0 0 0 0 2 1 1 0 3 0 4 3 329 0 3 27.6097 0 4 -1 -1 -1 -1 -1 -1 -1 230586 0 0 10 40 26 26 6 1 3
0 0 0 0 2 1 1 0 3 0 4 3 329 0 2 26.9163 0 4 -1 -1 -1 -1 -1 -1 -1 230987 0 0 10 40 26 26 6 1 3
0 0 0 0 4 1 1 0 3 0 4 3 329 0 0 26.2808 0 4 4 0 1 1 0 1 0 231353 0 0 10 40 26 26 8 0 3
0 0 0 0 2 1 1 0 3 0 4 3 329 0 9 29.48 0 4 -1 -1 -1 -1 -1 -1 -1 231753 0 0 10 40 26 26 1 3 3
0 0 0 0 2 1 1 0 3 0 4 3 336 0 29 28.8445 0 4 -1 -1 -1 -1 -1 -1 -1 232120 0 0 10 40 26 26 1 3 3
0 0 0 0 1 2 1 0 3 0 4 3 352 -1 34 28.1511 0 5 -1 -1 -1 -1 -1 -1 -1 232520 0 0 10 40 26 26 1 3 3
0 0 0 0 1 4 1 0 3 0 4 3 1 0 14 27.4578 0 5 5 2 2 2 0 1 0 232920 0 0 10 40 26 26 1 3 3
0 0 0 0 1 2 1 0 3 0 4 3 1 0 16 29.5378 0 5 -1 -1 -1 -1 -1 -1 -1 233287 0 0 10 40 26 26 0 0 3
0 0 0 0 1 2 1 0 3 0 4 3 3 0 17 29.2489 2.25478 5 -1 -1 -1 -1 -1 -1 -1 233687 0 0 10 40 26.5 26.5 0 0 3
0 0 0 0 1 2 1 0 3 0 4 3 3 0 13 29.2489 1.607 5 -1 -1 -1 -1 -1 -1 -1 234054 0 0 10 40 26.5 26.5 0 0 3
0 0 0 0 1 2 3 0 3 0 4 3 3 0 12 29.2489 0.959222 5 6 0 1 1 1 1 1 234421 0 0 10 40 26.5 26.5 0 0 3
0 0 0 0 1 2 1 0 3 0 4 3 3 0 11 29.2489 0.311444 5 -1 -1 -1 -1 -1 -1 -1 234787 0 0 10 40 26.5 26.5 5 0 3
0 0 0 0 1 2 1 0 3 0 4 3 3 0 0 28.9374 0 5 -1 -1 -1 -1 -1 -1 -1 235187 0 0 10 40 26.5 26.5 5 0 3
0 0 0 0 1 2 1 0 3 0 4 3 3 0 0 28.2897 0 5 -1 -1 -1 -1 -1 -1 -1 235554 0 0 10 40 26.5 26.5 5 0 3
0 0 0 0 4 2 1 0 3 0 4 3 3 0 0 27.6074 0 5 4 1 0 0 0 1 1 235954 0 0 10 40 25.5 25.5 5 0 3
0 0 0 0 1 2 1 0 3 0 4 3 3 0 0 26.9274 0 5 -1 -1 -1 -1 -1 -1 -1 236354 0 0 10 40 25.5 25.5 6 1 3
0 0 0 0 1 2 1 0 3 0 4 3 3 0 0 26.3041 0 5 -1 -1 -1 -1 -1 -1 -1 236721 0 0 10 40 25.5 25.5 6 1 3
0 0 0 0 1 2 1 0 3 0 4 3 3 0 0 25.6241 0 5 -1 -1 -1 -1 -1 -1 -1 237121 0 0 10 40 25.5 25.5 6 1 3
0 0 0 0 1 4 1 0 3 0 4 3 3 0 1 24.9441 0 5 5 1 0 0 0 1 0 237521 0 0 10 40 25.5 25.5 6 1 3
0 0 0 0 1 2 1 0 3 0 4 3 3 0 0 28.2641 0 5 -1 -1 -1 -1 -1 -1 -1 237921 0 0 10 40 25.5 25.5 8 0 3
0 0 0 0 1 2 1 0 3 0 4 3 3 0 0 28.1507 2.147 5 -1 -1 -1 -1 -1 -1 -1 238288 0 0 10 40 26 26 1 3 3
0 0 0 0 1 2 1 0 3 0 4 3 3 0 0 28.1507 1.45367 5 -1 -1 -1 -1 -1 -1 -1 238688 0 0 10 40 26 26 1 3 3
0 0 0 0 3 2 1 0 3 0 4 3 3 0 0 28.1507 0.81811 5 4 0 1 1 1 1 1 239055 0 0 10 40 26 26 1 3 3
0 0 0 0 1 2 1 0 3 0 4 3 3 0 1 28.1507 0.124777 5 -1 -1 -1 -1 -1 -1 -1 239455 0 0 10 40 26 26 1 3 3
0 0 0 0 1 2 1 0 3 0 4 3 3 0 1 27.7371 0 5 -1 -1 -1 -1 -1 -1 -1 239822 0 0 10 40 26 26 0 0 3
0 0 0 0 1 2 1 0 3 0 4 3 3 0 1 27.0437 0 5 -1 -1 -1 -1 -1 -1 -1 240222 0 0 10 40 26 26 0 0 3
0 0 0 0 1 2 4 0 3 0 4 3 3 0 2 26.3593 0 5 6 2 2 2 0 1 1 240622 0 0 10 40 25.5 25.5 0 0 3
0 0 0 0 1 2 1 0 3 0 4 3 3 0 0 25.7359 0 5 -1 -1 -1 -1 -1 -1 -1 240989 0 0 10 40 25.5 25.5 0 0 3
0 0 0 0 1 2 1 0 3 0 4 3 3 0 3 25.0559 0 5 -1 -1 -1 -1 -1 -1 -1 241389 0 0 10 40 25.5 25.5 5 0 3
0 0 0 0 1 2 1 0 3 0 4 3 3 0 1 24.6026 2.43589 5 -1 -1 -1 -1 -1 -1 -1 241789 0 0 10 40 26 26 5 0 3
0 0 0 0 1 2 3 0 3 0 4 3 3 0 0 24.6026 1.80033 5 6 1 0 0 1 1 1 242156 0 0 10 40 26 26 5 0 3
0 0 0 0 1 2 1 0 3 0 4 3 3 0 0 24.6026 1.107 5 -1 -1 -1 -1 -1 -1 -1 242556 0 0 10 40 26 26 5 0 3
0 0 0 0 1 2 1 0 3 0 4 3 357 1 54 24.6026 0.471444 5 -1 -1 -1 -1 -1 -1 -1 242922 0 0 10 40 26 26 6 1 3
0 0 0 0 2 1 1 0 3 0 4 3 324 3 90 24.4778 0 4 -1 -1 -1 -1 -1 -1 -1 243323 0 0 10 40 26 26 6 1 3
0 0 0 0 3 1 1 0 3 0 4 3 315 0 3 23.7845 0 4 4 0 1 1 1 1 0 243723 0 0 10 40 26 26 6 1 3
0 0 0 0 2 1 1 0 3 0 4 3 317 -1 38 23.1578 0 4 -1 -1 -1 -1 -1 -1 -1 244089 0 0 10 40 25.5 25.5 6 1 3
0 0 0 0 1 2 1 0 3 0 4 3 342 -2 75 22.4778 0 5 -1 -1 -1 -1 -1 -1 -1 244489 0 0 10 40 25.5 25.5 8 0 3
0 0 0 0 1 2 1 0 3 0 4 3 17 -2 79 21.7978 0 5 -1 -1 -1 -1 -1 -1 -1 244890 0 0 10 40 25.5 25.5 1 3 3
0 0 0 0 1 1 4 0 3 0 4 3 39 -1 36 21.1178 0 6 6 3 3 3 0 1 0 245290 0 0 10 40 25.5 25.5 1 3 3
0 0 0 0 1 1 2 0 3 0 4 3 44 0 9 24.4945 0 6 -1 -1 -1 -1 -1 -1 -1 245656 0 0 10 40 25.5 25.5 1 3 3
0 0 0 0 1 1 2 0 3 0 4 3 44 0 14 23.8144 0 6 -1 -1 -1 -1 -1 -1 -1 246056 0 0 10 40 25.5 25.5 1 3 3
0 0 0 0 1 1 2 0 3 0 4 3 31 1 31 23.1344 0 6 -1 -1 -1 -1 -1 -1 -1 246457 0 0 10 40 25.5 25.5 0 0 3
0 0 0 0 3 1 2 0 3 0 4 3 29 0 24 22.4544 0 6 4 1 0 0 1 0 0 246857 0 0 10 40 25.5 25.5 0 0 3
0 0 0 0 1 1 2 0 3 0 4 3 24 0 24 21.84 0 6 -1 -1 -1 -1 -1 -1 -1 247223 0 0 10 40 25 25 0 0 3
0 0 0 0 1 2 1 0 3 0 4 3 12 0 29 21.1733 0 5 -1 -1 -1 -1 -1 -1 -1 247623 0 0 10 40 25 25 0 0 3
0 0 0 0 1 2 1 0 3 0 4 3 3 0 14 20.5067 0 5 -1 -1 -1 -1 -1 -1 -1 248024 0 0 10 40 25 25 5 0 3
0 0 0 0 1 4 1 0 3 0 4 3 3 0 4 19.84 0 5 5 2 2 2 0 1 0 248424 0 0 10 40 25 25 5 0 3
0 0 0 0 1 2 1 0 3 0 4 3 3 0 0 23.1733 0 5 -1 -1 -1 -1 -1 -1 -1 248824 0 0 10 40 25 25 5 0 3
0 0 0 0 1 2 1 0 3 0 4 3 3 0 0 22.5067 0 5 -1 -1 -1 -1 -1 -1 -1 249224 0 0 10 40 25 25 5 0 3
0 0 0 0 1 2 1 0 3 0 4 3 3 0 0 21.84 0 5 -1 -1 -1 -1 -1 -1 -1 249624 0 0 10 40 25 25 6 1 3
0 0 0 0 1 4 1 0 3 0 4 3 3 0 0 21.1733 0 5 5 0 1 1 0 1 0 250024 0 0 10 40 25 25 6 1 3
0 0 0 0 1 2 1 0 3 0 4 3 3 0 0 24.5067 0 5 -1 -1 -1 -1 -1 -1 -1 250424 0 0 10 40 25 25 6 1 3
0 0 0 0 1 2 1 0 3 0 4 3 3 0 4 23.84 0 5 -1 -1 -1 -1 -1 -1 -1 250824 0 0 10 40 25 25 6 1 3
0 0 0 0 1 2 1 0 3 0 4 3 3 0 0 23.5078 0 5 -1 -1 -1 -1 -1 -1 -1 251091 0 1 10 40 24.5 60 8 0 3
0 0 0 0 1 2 4 0 3 0 4 3 3 0 0 23.5078 0 5 6 3 3 3 0 1 1 251258 0 1 10 40 24.5 60 1 3 3
0 0 0 0 1 2 1 0 3 0 4 3 3 0 0 23.5078 0 5 -1 -1 -1 -1 -1 -1 -1 251424 0 1 10 40 24.5 60 1 3 3
0 0 0 0 1 2 1 0 3 0 4 3 3 0 0 23.5078 0 5 -1 -1 -1 -1 -1 -1 -1 251591 0 1 10 40 24.5 60 1 3 3
0 0 0 0 1 2 1 0 3 0 4 3 3 0 0 23.5078 0 5 -1 -1 -1 -1 -1 -1 -1 251758 0 1 10 40 24.5 60 1 3 3
0 0 0 0 1 2 1 0 3 0 4 3 3 0 1 23.5078 0 5 -1 -1 -1 -1 -1 -1 -1 251924 0 1 10 40 24.5 60 0 0 3
0 0 0 0 1 2 1 0 3 0 4 3 3 0 3 23.5078 0 5 -1 -1 -1 -1 -1 -1 -1 252091 0 1 10 40 24.5 60 0 0 3
0 0 0 0 1 2 1 0 3 0 4 3 3 0 6 23.5078 0 5 -1 -1 -1 -1 -1 -1 -1 252258 0 1 10 40 24.5 60 0 0 3
0 0 0 0 1 2 1 0 3 0 4 3 3 0 2 23.5078 0 5 -1 -1 -1 -1 -1 -1 -1 252424 0 1 10 40 24.5 60 0 0 3
0 0 0 0 1 2 1 0 3 0 4 3 3 0 5 23.5078 0 5 -1 -1 -1 -1 -1 -1 -1 252591 0 1 10 40 24.5 60 5 0 3
0 0 0 0 1 2 1 0 3 0 4 3 3 0 3 23.5078 0 5 -1 -1 -1 -1 -1 -1 -1 252758 0 1 10 40 24.5 60 5 0 3
