% Tunnel Log: 
% debug seed: 1462406172
%
% SegEncNW { '0'=no panel, '1'=panel, '4'=obstacle, '5'=collided obstacle, '6'=player, '7'=player right, '8'=player wrong, '2'=target, '3'=fake }
% SegEncN
% SegEncNE
% SegEncE
% SegEncSE
% SegEncS
% SegEncSW
% SegEncW
% Event Number { 0, inf }
% Task Type { 0=Color/Sound, 1=Shape/Sound, 2=Sound, 3=Navigation, 4=Speed, 5=Training 6=Recess, 7=Special 2-Back }
% N-Back { 0, inf }
% Navigation Level { 0, inf }
% Player Loc { 0=Northwest ... 7=West }
% Pod Loc { -1=N/A, 0=Northwest ... 7=West }
% Pod Color { -1, inf }
% Pod Shape { -1, inf }
% Pod Sound { -1, inf }
% Pod Match { -1=N/A, 0=No, 1=Yes }
% Pod Taken { -1=N/A, 0=No, 1=Yes }
% Timestamp (ms)
% Num Obstacles { 0, inf }
% Min Speed { 0, inf }
% Max Speed { 0, inf }
% Base Speed { 0, inf }
% Final Speed { 0, inf }
% Navigation Score { 0, inf }
% Segment Direction { 0=Northwest ... 7=West }
% Segment Angle { 0, inf }
% Segment Panels { 0, inf }
%
% SegEncNW SecEncN SegEncNE SegEncE SegEncSE SegEncS SegEncSW SegEncW EventNumber TaskType N-Back Navigation PlayerLoc PodLoc PodColor PodShape PodSound PodMatch PodTaken Timestamp NumObs MinSpeed MaxSpeed BaseSpeed FinalSpeed NavScore SegmentDir SegmentAngle SegmentPanels
0 0 0 0 1 6 1 0 0 3 1 0 5 -1 -1 -1 -1 -1 -1 50566 0 15 40 19 60 2 8 0 3
0 0 0 0 1 6 1 0 0 3 1 0 5 -1 -1 -1 -1 -1 -1 50666 0 15 40 19 60 2 8 0 3
0 0 0 0 1 6 1 0 0 3 1 0 5 -1 -1 -1 -1 -1 -1 50832 0 15 40 19 60 2 8 0 3
0 0 0 0 1 6 1 0 0 3 1 0 5 -1 -1 -1 -1 -1 -1 50999 0 15 40 19 60 2 5 2 3
0 0 0 0 1 6 1 0 0 3 1 0 5 -1 -1 -1 -1 -1 -1 51166 0 15 40 19 52.2 2 5 2 3
0 0 0 0 1 6 1 0 0 3 1 0 5 -1 -1 -1 -1 -1 -1 51399 0 15 40 19 34 2 5 2 3
0 0 0 0 1 6 1 0 0 3 1 0 5 -1 -1 -1 -1 -1 -1 51832 0 15 40 19 21 2 5 2 3
0 0 0 0 1 6 1 0 0 3 1 0 5 -1 -1 -1 -1 -1 -1 52299 0 15 40 19 21 2 4 2 3
0 0 0 0 1 6 1 0 0 3 1 0 5 -1 -1 -1 -1 -1 -1 52799 0 15 40 19 21 2 4 2 3
0 0 0 0 1 6 1 0 0 3 1 0 5 -1 -1 -1 -1 -1 -1 53266 0 15 40 19 21 2 4 2 3
0 0 0 0 1 6 1 0 0 3 1 0 5 -1 -1 -1 -1 -1 -1 53732 0 15 40 19 21 2 4 2 3
0 0 0 0 1 7 1 0 0 3 1 0 5 5 5 4 4 1 1 54232 0 15 40 19 21 2 4 2 3
0 0 0 0 1 6 1 0 0 3 1 0 5 -1 -1 -1 -1 -1 -1 54699 0 15 40 19 21 2 4 2 3
0 0 0 0 1 6 1 0 0 3 1 0 5 -1 -1 -1 -1 -1 -1 55166 0 15 40 19 21 2 4 2 3
0 0 0 0 6 1 1 0 0 3 1 0 4 -1 -1 -1 -1 -1 -1 55632 0 15 40 19 21 2 4 2 3
0 0 0 0 7 1 1 0 0 3 1 0 4 4 5 4 4 1 1 56132 0 15 40 19 21 2 5 2 3
0 0 0 0 6 1 1 0 0 3 1 0 4 -1 -1 -1 -1 -1 -1 56599 0 15 40 20 22 2 5 2 3
0 0 0 0 6 1 1 0 0 3 1 0 4 -1 -1 -1 -1 -1 -1 57032 0 15 40 20 22 2 5 2 3
0 0 0 0 6 1 1 0 0 3 1 0 4 -1 -1 -1 -1 -1 -1 57499 0 15 40 20 22 2 5 2 3
0 0 0 0 7 1 1 0 0 3 1 0 4 4 5 4 4 1 1 57932 0 15 40 20 22 2 6 2 3
0 0 0 0 6 1 1 0 0 3 1 0 4 -1 -1 -1 -1 -1 -1 58399 0 15 40 20 22 2 6 2 3
0 0 0 0 1 6 1 0 0 3 1 0 5 -1 -1 -1 -1 -1 -1 58866 0 15 40 20 22 2 6 2 3
0 0 0 0 1 6 1 0 0 3 1 0 5 -1 -1 -1 -1 -1 -1 59299 0 15 40 20 22 2 6 2 3
0 0 0 0 1 7 1 0 0 3 1 0 5 5 5 4 4 1 1 59766 0 15 40 20 22 2 4 2 3
0 0 0 0 1 6 1 0 0 3 1 0 5 -1 -1 -1 -1 -1 -1 60199 0 15 40 21 23 2 4 2 3
0 0 0 0 6 1 1 0 0 3 1 0 4 -1 -1 -1 -1 -1 -1 60632 0 15 40 21 23 2 4 2 3
0 0 0 0 6 1 1 0 0 3 1 0 4 -1 -1 -1 -1 -1 -1 61066 0 15 40 21 23 2 4 2 3
0 0 0 0 7 1 1 0 0 3 1 0 4 4 5 4 4 1 1 61499 0 15 40 21 23 2 5 2 3
0 0 0 0 6 1 1 0 0 3 1 0 4 -1 -1 -1 -1 -1 -1 61932 0 15 40 21 23 2 5 2 3
0 0 0 0 1 6 1 0 0 3 1 0 5 -1 -1 -1 -1 -1 -1 62366 0 15 40 21 23 2 5 2 3
0 0 0 0 1 6 1 0 0 3 1 0 5 -1 -1 -1 -1 -1 -1 62799 0 15 40 21 23 2 5 2 3
0 0 0 1 1 7 1 1 0 3 1 0 5 5 5 4 4 1 1 63232 0 15 40 21 23 2 8 0 5
0 0 0 1 1 6 1 1 0 3 1 1 5 -1 -1 -1 -1 -1 -1 63666 0 15 40 22 24 2 8 0 5
0 0 0 1 1 6 1 1 0 3 1 1 5 -1 -1 -1 -1 -1 -1 64066 0 15 40 22 24 2 8 0 5
0 0 0 1 1 6 1 1 0 3 1 1 5 -1 -1 -1 -1 -1 -1 64499 0 15 40 22 24 2 8 0 5
0 0 0 1 1 7 1 1 0 3 1 1 5 5 5 4 4 1 1 64899 0 15 40 22 24 2 5 2 5
0 0 0 1 1 6 1 1 0 3 1 1 5 -1 -1 -1 -1 -1 -1 65332 0 15 40 22 24 2 5 2 5
0 0 0 1 1 1 6 1 0 3 1 1 6 -1 -1 -1 -1 -1 -1 65732 0 15 40 22 24 2 5 2 5
0 0 0 1 1 1 1 6 0 3 1 1 7 -1 -1 -1 -1 -1 -1 66166 0 15 40 22 24 2 5 2 5
0 0 0 1 1 1 1 7 0 3 1 1 7 7 5 4 4 1 1 66565 0 15 40 22 24 2 4 2 5
0 0 0 1 1 1 1 6 0 3 1 1 7 -1 -1 -1 -1 -1 -1 66999 0 15 40 23 25 2 4 2 5
0 0 0 1 1 1 1 6 0 3 1 1 7 -1 -1 -1 -1 -1 -1 67399 0 15 40 23 25 2 4 2 5
0 0 0 1 1 1 6 1 0 3 1 1 6 -1 -1 -1 -1 -1 -1 67799 0 15 40 23 25 2 4 2 5
0 0 0 1 1 1 7 1 0 3 1 1 6 6 5 4 4 1 1 68199 0 15 40 23 25 2 4 2 5
0 0 0 1 1 1 6 1 0 3 1 1 6 -1 -1 -1 -1 -1 -1 68599 0 15 40 23 25 2 4 2 5
0 0 0 1 1 6 1 1 0 3 1 1 5 -1 -1 -1 -1 -1 -1 68999 0 15 40 23 25 2 4 2 5
0 0 0 1 1 6 1 1 0 3 1 1 5 -1 -1 -1 -1 -1 -1 69399 0 15 40 23 25 2 4 2 5
0 0 0 1 1 7 1 1 0 3 1 1 5 5 5 4 4 1 1 69799 0 15 40 23 25 2 5 2 5
0 0 0 1 1 6 1 1 0 3 1 1 5 -1 -1 -1 -1 -1 -1 70165 0 15 40 24 25.5 2 5 2 5
0 0 0 1 1 6 1 1 0 3 1 1 5 -1 -1 -1 -1 -1 -1 70565 0 15 40 24 25.5 2 5 2 5
0 0 0 1 1 6 1 1 0 3 1 1 5 -1 -1 -1 -1 -1 -1 70965 0 15 40 24 25.5 2 5 2 5
0 0 0 1 1 7 1 1 0 3 1 1 5 5 5 4 4 1 1 71365 0 15 40 24 25.5 2 6 2 5
0 0 0 1 1 6 1 1 0 3 1 1 5 -1 -1 -1 -1 -1 -1 71732 0 15 40 24 25.5 2 6 2 5
0 0 0 1 1 1 6 1 0 3 1 1 6 -1 -1 -1 -1 -1 -1 72132 0 15 40 24 25.5 2 6 2 5
0 0 0 1 1 1 6 1 0 3 1 1 6 -1 -1 -1 -1 -1 -1 72532 0 15 40 24 25.5 2 6 2 5
0 0 0 1 1 1 7 1 0 3 1 1 6 6 5 4 4 1 1 72932 0 15 40 24 25.5 2 4 2 5
0 0 0 1 1 1 6 1 0 3 1 1 6 -1 -1 -1 -1 -1 -1 73299 0 15 40 25 26 2 4 2 5
0 0 0 1 1 1 1 6 0 3 1 1 7 -1 -1 -1 -1 -1 -1 73699 0 15 40 25 26 2 4 2 5
0 0 0 1 1 1 1 6 0 3 1 1 7 -1 -1 -1 -1 -1 -1 74065 0 15 40 25 26 2 4 2 5
0 0 0 1 1 1 1 7 0 3 1 1 7 7 5 4 4 1 1 74465 0 15 40 25 26 2 5 2 5
0 0 0 1 1 1 1 6 0 3 1 1 7 -1 -1 -1 -1 -1 -1 74832 0 15 40 25 26 2 5 2 5
0 0 0 1 1 1 1 6 0 3 1 1 7 -1 -1 -1 -1 -1 -1 75232 0 15 40 25 26 2 5 2 5
0 0 0 1 1 1 1 6 0 3 1 1 7 -1 -1 -1 -1 -1 -1 75599 0 15 40 25 26 2 5 2 5
0 0 0 1 1 1 1 7 0 3 1 1 7 7 5 4 4 1 1 75999 0 15 40 25 26 2 8 0 5
0 0 0 1 1 1 1 6 0 3 1 2 7 -1 -1 -1 -1 -1 -1 76365 0 15 40 26 26.5 2 8 0 5
0 0 0 1 1 1 1 6 0 3 1 2 7 -1 -1 -1 -1 -1 -1 76765 0 15 40 26 26.5 2 8 0 5
0 0 0 1 1 1 1 6 0 3 1 2 7 -1 -1 -1 -1 -1 -1 77132 0 15 40 26 26.5 2 8 0 5
0 0 0 1 1 1 1 7 0 3 1 2 7 7 5 4 4 1 1 77499 0 15 40 26 26.5 2 5 2 5
0 0 0 1 1 1 6 1 0 3 1 2 6 -1 -1 -1 -1 -1 -1 77899 0 15 40 26 26.5 2 5 2 5
0 0 0 1 1 1 6 4 0 3 1 2 6 -1 -1 -1 -1 -1 -1 78265 1 15 40 26 26.5 2 5 2 5
0 0 0 1 1 6 1 1 0 3 1 2 5 -1 -1 -1 -1 -1 -1 78632 0 15 40 26 26.5 2 5 2 5
0 0 0 1 1 7 1 1 0 3 1 2 5 5 5 4 4 1 1 79032 0 15 40 26 26.5 2 4 2 5
0 0 0 1 1 6 1 1 0 3 1 2 5 -1 -1 -1 -1 -1 -1 79399 0 15 40 27 27 2 4 2 5
0 0 0 1 1 6 4 1 0 3 1 2 5 -1 -1 -1 -1 -1 -1 79765 1 15 40 27 27 2 4 2 5
0 0 0 1 1 1 6 1 0 3 1 2 6 -1 -1 -1 -1 -1 -1 80132 0 15 40 27 27 2 4 2 5
0 0 0 1 1 1 7 1 0 3 1 2 6 6 5 4 4 1 1 80499 0 15 40 27 27 2 4 2 5
0 0 0 1 1 1 6 1 0 3 1 2 6 -1 -1 -1 -1 -1 -1 80865 0 15 40 27 27 2 4 2 5
0 0 0 4 1 6 1 1 0 3 1 2 5 -1 -1 -1 -1 -1 -1 81232 1 15 40 27 27 2 4 2 5
0 0 0 1 1 6 1 1 0 3 1 2 5 -1 -1 -1 -1 -1 -1 81599 0 15 40 27 27 2 4 2 5
0 0 0 1 1 7 1 1 0 3 1 2 5 5 5 4 4 1 1 81999 0 15 40 27 27 2 5 2 5
0 0 0 1 1 6 1 1 0 3 1 2 5 -1 -1 -1 -1 -1 -1 82365 0 15 40 28 27.5 2 5 2 5
0 0 0 1 1 6 4 1 0 3 1 2 5 -1 -1 -1 -1 -1 -1 82699 1 15 40 28 27.5 2 5 2 5
0 0 0 1 1 1 6 1 0 3 1 2 6 -1 -1 -1 -1 -1 -1 83065 0 15 40 28 27.5 2 5 2 5
0 0 0 1 1 1 1 7 0 3 1 2 7 7 5 4 4 1 1 83432 0 15 40 28 27.5 2 6 2 5
0 0 0 1 1 1 1 6 0 3 1 2 7 -1 -1 -1 -1 -1 -1 83799 0 15 40 28 27.5 2 6 2 5
0 0 0 1 4 1 6 1 0 3 1 2 6 -1 -1 -1 -1 -1 -1 84165 1 15 40 28 27.5 2 6 2 5
0 0 0 1 1 6 1 1 0 3 1 2 5 -1 -1 -1 -1 -1 -1 84532 0 15 40 28 27.5 2 6 2 5
0 0 0 1 1 7 1 1 0 3 1 2 5 5 5 4 4 1 1 84899 0 15 40 28 27.5 2 4 2 5
0 0 0 1 1 6 1 1 0 3 1 2 5 -1 -1 -1 -1 -1 -1 85265 0 15 40 29 28 2 4 2 5
0 0 0 1 1 6 4 1 0 3 1 2 5 -1 -1 -1 -1 -1 -1 85599 1 15 40 29 28 2 4 2 5
0 0 0 1 1 1 6 1 0 3 1 2 6 -1 -1 -1 -1 -1 -1 85965 0 15 40 29 28 2 4 2 5
0 0 0 1 1 1 7 1 0 3 1 2 6 6 5 4 4 1 1 86332 0 15 40 29 28 2 5 2 5
0 0 0 1 1 1 6 1 0 3 1 2 6 -1 -1 -1 -1 -1 -1 86665 0 15 40 29 28 2 5 2 5
0 0 0 4 1 6 1 1 0 3 1 2 5 -1 -1 -1 -1 -1 -1 87032 1 15 40 29 28 2 5 2 5
0 0 0 1 1 6 1 1 0 3 1 2 5 -1 -1 -1 -1 -1 -1 87399 0 15 40 29 28 2 5 2 5
0 0 0 1 1 7 1 1 0 3 1 2 5 5 5 4 4 1 1 87765 0 15 40 29 28 2 8 0 5
0 0 0 1 1 6 1 1 0 3 1 2 5 -1 -1 -1 -1 -1 -1 88099 0 15 40 30 28.5 2 8 0 5
0 0 0 1 4 6 1 1 0 3 1 2 5 -1 -1 -1 -1 -1 -1 88465 1 15 40 30 28.5 2 8 0 5
0 0 0 1 6 1 1 1 0 3 1 2 4 -1 -1 -1 -1 -1 -1 88798 0 15 40 30 28.5 2 8 0 5
0 0 0 1 7 1 1 1 0 3 1 2 4 4 5 4 4 1 1 89165 0 15 40 30 28.5 2 5 2 5
0 0 0 1 6 1 1 1 0 3 1 2 4 -1 -1 -1 -1 -1 -1 89498 0 15 40 30 28.5 2 5 2 5
0 0 0 1 1 6 1 4 0 3 1 2 5 -1 -1 -1 -1 -1 -1 89865 1 15 40 30 28.5 2 5 2 5
0 0 0 1 1 1 6 1 0 3 1 2 6 -1 -1 -1 -1 -1 -1 90198 0 15 40 30 28.5 2 5 2 5
0 0 0 1 1 1 7 1 0 3 1 2 6 6 5 4 4 1 1 90565 0 15 40 30 28.5 2 4 2 5
0 0 0 1 1 1 6 1 0 3 1 2 6 -1 -1 -1 -1 -1 -1 90898 0 15 40 31 29 2 4 2 5
0 0 0 4 1 1 6 1 0 3 1 2 6 -1 -1 -1 -1 -1 -1 91265 1 15 40 31 29 2 4 2 5
0 0 0 1 1 1 1 6 0 3 1 2 7 -1 -1 -1 -1 -1 -1 91598 0 15 40 31 29 2 4 2 5
0 0 0 1 1 1 1 7 0 3 1 2 7 7 5 4 4 1 1 91932 0 15 40 31 29 2 4 2 5
0 0 0 1 1 1 1 6 0 3 1 2 7 -1 -1 -1 -1 -1 -1 92298 0 15 40 31 29 2 4 2 5
0 0 0 4 1 1 6 1 0 3 1 2 6 -1 -1 -1 -1 -1 -1 92632 1 15 40 31 29 2 4 2 5
0 0 0 1 1 6 1 1 0 3 1 2 5 -1 -1 -1 -1 -1 -1 92965 0 15 40 31 29 2 4 2 5
0 0 0 1 1 7 1 1 0 3 1 2 5 5 5 4 4 1 1 93332 0 15 40 31 29 2 5 2 5
0 0 0 1 1 6 1 1 0 3 1 2 5 -1 -1 -1 -1 -1 -1 93665 0 15 40 32 29.5 2 5 2 5
0 0 0 4 1 1 6 1 0 3 1 2 6 -1 -1 -1 -1 -1 -1 93998 1 15 40 32 29.5 2 5 2 5
0 0 0 1 1 1 1 6 0 3 1 2 7 -1 -1 -1 -1 -1 -1 94332 0 15 40 32 29.5 2 5 2 5
0 0 0 1 1 1 1 7 0 3 1 2 7 7 5 4 4 1 1 94665 0 15 40 32 29.5 2 6 2 5
0 0 0 1 1 1 1 6 0 3 1 2 7 -1 -1 -1 -1 -1 -1 94998 0 15 40 32 29.5 2 6 2 5
0 0 0 1 1 4 1 6 0 3 1 2 7 -1 -1 -1 -1 -1 -1 95365 1 15 40 32 29.5 2 6 2 5
0 0 0 1 1 1 6 1 0 3 1 2 6 -1 -1 -1 -1 -1 -1 95698 0 15 40 32 29.5 2 6 2 5
0 0 0 1 1 1 7 1 0 3 1 2 6 6 5 4 4 1 1 96032 0 15 40 32 29.5 2 4 2 5
0 0 0 1 1 1 6 1 0 3 1 2 6 -1 -1 -1 -1 -1 -1 96365 0 15 40 33 30 2 4 2 5
0 0 0 4 1 6 1 1 0 3 1 2 5 -1 -1 -1 -1 -1 -1 96698 1 15 40 33 30 2 4 2 5
0 0 0 1 6 1 1 1 0 3 1 2 4 -1 -1 -1 -1 -1 -1 97032 0 15 40 33 30 2 4 2 5
0 0 0 1 7 1 1 1 0 3 1 2 4 4 5 4 4 1 1 97365 0 15 40 33 30 2 5 2 5
0 0 0 1 6 1 1 1 0 3 1 2 4 -1 -1 -1 -1 -1 -1 97698 0 15 40 33 30 2 5 2 5
0 0 0 4 1 6 1 1 0 3 1 2 5 -1 -1 -1 -1 -1 -1 98032 1 15 40 33 30 2 5 2 5
0 0 0 1 1 6 1 1 0 3 1 2 5 -1 -1 -1 -1 -1 -1 98365 0 15 40 33 30 2 5 2 5
0 0 0 1 1 7 1 1 0 3 1 2 5 5 5 4 4 1 1 98698 0 15 40 33 30 2 8 0 5
0 0 0 1 6 1 1 1 0 3 1 2 4 -1 -1 -1 -1 -1 -1 99032 0 15 40 34 30.5 2 8 0 5
0 0 0 1 6 4 1 1 0 3 1 2 4 -1 -1 -1 -1 -1 -1 99365 1 15 40 34 30.5 2 8 0 5
0 0 0 1 6 1 1 1 0 3 1 2 4 -1 -1 -1 -1 -1 -1 99698 0 15 40 34 30.5 2 8 0 5
0 0 0 1 7 1 1 1 0 3 1 2 4 4 5 4 4 1 1 99998 0 15 40 34 30.5 2 5 2 5
0 0 0 1 6 1 1 1 0 3 1 2 4 -1 -1 -1 -1 -1 -1 100332 0 15 40 34 30.5 2 5 2 5
0 0 0 1 1 6 1 4 0 3 1 2 5 -1 -1 -1 -1 -1 -1 100665 1 15 40 34 30.5 2 5 2 5
0 0 0 1 1 6 1 1 0 3 1 2 5 -1 -1 -1 -1 -1 -1 100998 0 15 40 34 30.5 2 5 2 5
0 0 0 1 1 7 1 1 0 3 1 2 5 5 5 4 4 1 1 101332 0 15 40 34 30.5 2 4 2 5
0 0 0 1 1 1 6 1 0 3 1 2 6 -1 -1 -1 -1 -1 -1 101632 0 15 40 35 31 2 4 2 5
0 0 0 1 1 4 6 1 0 3 1 2 6 -1 -1 -1 -1 -1 -1 101965 1 15 40 35 31 2 4 2 5
0 0 0 1 1 1 6 1 0 3 1 2 6 -1 -1 -1 -1 -1 -1 102298 0 15 40 35 31 2 4 2 5
0 0 0 1 1 1 7 1 0 3 1 2 6 6 5 4 4 1 1 102598 0 15 40 35 31 2 4 2 5
0 0 0 1 1 1 6 1 0 3 1 2 6 -1 -1 -1 -1 -1 -1 102932 0 15 40 35 31 2 4 2 5
0 0 0 1 4 6 1 1 0 3 1 2 5 -1 -1 -1 -1 -1 -1 103265 1 15 40 35 31 2 4 2 5
0 0 0 1 6 1 1 1 0 3 1 2 4 -1 -1 -1 -1 -1 -1 103565 0 15 40 35 31 2 4 2 5
0 0 0 1 7 1 1 1 0 3 1 2 4 4 5 4 4 1 1 103898 0 15 40 35 31 2 5 2 5
0 0 0 1 6 1 1 1 0 3 1 2 4 -1 -1 -1 -1 -1 -1 104232 0 15 40 36 31.5 2 5 2 5
0 0 0 4 1 6 1 1 0 3 1 2 5 -1 -1 -1 -1 -1 -1 104532 1 15 40 36 31.5 2 5 2 5
0 0 0 1 1 1 6 1 0 3 1 2 6 -1 -1 -1 -1 -1 -1 104865 0 15 40 36 31.5 2 5 2 5
0 0 0 1 1 1 7 1 0 3 1 2 6 6 5 4 4 1 1 105165 0 15 40 36 31.5 2 6 2 5
0 0 0 1 1 1 6 1 0 3 1 2 6 -1 -1 -1 -1 -1 -1 105498 0 15 40 36 31.5 2 6 2 5
0 0 0 1 1 4 6 1 0 3 1 2 6 -1 -1 -1 -1 -1 -1 105798 1 15 40 36 31.5 2 6 2 5
0 0 0 1 1 1 1 6 0 3 1 2 7 -1 -1 -1 -1 -1 -1 106132 0 15 40 36 31.5 2 6 2 5
0 0 0 1 1 1 1 7 0 3 1 2 7 7 5 4 4 1 1 106432 0 15 40 36 31.5 2 4 2 5
0 0 0 1 1 1 1 6 0 3 1 2 7 -1 -1 -1 -1 -1 -1 106765 0 15 40 37 32 2 4 2 5
0 0 0 1 4 1 6 1 0 3 1 2 6 -1 -1 -1 -1 -1 -1 107065 1 15 40 37 32 2 4 2 5
0 0 0 1 1 6 1 1 0 3 1 2 5 -1 -1 -1 -1 -1 -1 107365 0 15 40 37 32 2 4 2 5
0 0 0 1 1 7 1 1 0 3 1 2 5 5 5 4 4 1 1 107698 0 15 40 37 32 2 5 2 5
0 0 0 1 1 6 1 1 0 3 1 2 5 -1 -1 -1 -1 -1 -1 107998 0 15 40 37 32 2 5 2 5
0 0 0 4 1 6 1 1 0 3 1 2 5 -1 -1 -1 -1 -1 -1 108332 1 15 40 37 32 2 5 2 5
0 0 0 1 6 1 1 1 0 3 1 2 4 -1 -1 -1 -1 -1 -1 108632 0 15 40 37 32 2 5 2 5
0 0 0 7 1 1 1 1 0 3 1 2 3 3 5 4 4 1 1 108932 0 15 40 37 32 2 8 0 5
0 0 0 6 1 1 1 1 0 3 1 2 3 -1 -1 -1 -1 -1 -1 109265 0 15 40 38 32.5 2 8 0 5
0 0 0 6 1 1 1 4 0 3 1 2 3 -1 -1 -1 -1 -1 -1 109565 1 15 40 38 32.5 2 8 0 5
0 0 0 6 1 1 1 1 0 3 1 2 3 -1 -1 -1 -1 -1 -1 109865 0 15 40 38 32.5 2 8 0 5
0 0 0 7 1 1 1 1 0 3 1 2 3 3 5 4 4 1 1 110165 0 15 40 38 32.5 2 5 2 5
0 0 0 1 6 1 1 1 0 3 1 2 4 -1 -1 -1 -1 -1 -1 110498 0 15 40 38 32.5 2 5 2 5
0 0 0 0 1 6 1 0 1 4 1 0 5 -1 -1 -1 -1 -1 -1 119198 0 15 40 19 60 2 8 0 3
0 0 0 0 1 6 1 0 1 4 1 0 5 -1 -1 -1 -1 -1 -1 119365 0 15 40 19 60 2 8 0 3
0 0 0 0 1 6 1 0 1 4 1 0 5 -1 -1 -1 -1 -1 -1 119531 0 15 40 19 60 2 5 2 3
0 0 0 0 1 6 1 0 1 4 1 0 5 -1 -1 -1 -1 -1 -1 119698 0 15 40 19 52.2 2 5 2 3
0 0 0 0 1 6 1 0 1 4 1 0 5 -1 -1 -1 -1 -1 -1 119931 0 15 40 19 34 2 5 2 3
0 0 0 0 1 6 1 0 1 4 1 0 5 -1 -1 -1 -1 -1 -1 120365 0 15 40 19 21 2 5 2 3
0 0 0 0 1 6 1 0 1 4 1 0 5 -1 -1 -1 -1 -1 -1 120831 0 15 40 19 21 2 5 2 3
0 0 0 0 1 6 1 0 1 4 1 0 5 -1 -1 -1 -1 -1 -1 121331 0 15 40 19 21 2 5 2 3
0 0 0 0 1 6 1 0 1 4 1 0 5 -1 -1 -1 -1 -1 -1 121798 0 15 40 19 21 2 5 2 3
0 0 0 0 6 1 1 0 1 4 1 0 4 -1 -1 -1 -1 -1 -1 122265 0 15 40 19 21 2 5 2 3
0 0 0 0 6 3 1 0 1 4 1 0 4 5 2 5 0 0 0 122765 0 15 40 19 21 2 6 2 3
0 0 0 0 6 1 1 0 1 4 1 0 4 -1 -1 -1 -1 -1 -1 123231 0 15 40 19 21 2 6 2 3
0 0 0 0 6 1 1 0 1 4 1 0 4 -1 -1 -1 -1 -1 -1 123698 0 15 40 19 21 2 6 2 3
0 0 0 0 1 6 1 0 1 4 1 0 5 -1 -1 -1 -1 -1 -1 124165 0 15 40 19 21 2 6 2 3
0 0 0 0 1 6 3 0 1 4 1 0 5 6 1 7 2 0 0 124665 0 15 40 19 21 2 5 2 3
0 0 0 0 1 6 1 0 1 4 1 0 5 -1 -1 -1 -1 -1 -1 125131 0 15 40 19 21 2 5 2 3
0 0 0 0 6 1 1 0 1 4 1 0 4 -1 -1 -1 -1 -1 -1 125598 0 15 40 19 21 2 5 2 3
0 0 0 0 6 1 1 0 1 4 1 0 4 -1 -1 -1 -1 -1 -1 126098 0 15 40 19 21 2 5 2 3
0 0 0 0 7 1 1 0 1 4 1 0 4 4 1 7 2 1 1 126565 0 15 40 19 21 2 4 2 3
0 0 0 0 6 1 1 0 1 4 1 0 4 -1 -1 -1 -1 -1 -1 127031 0 15 40 19 21 2 4 2 3
0 0 0 0 6 1 1 0 1 4 1 0 4 -1 -1 -1 -1 -1 -1 127498 0 15 40 19 21 2 4 2 3
0 0 0 0 6 1 1 0 1 4 1 0 4 -1 -1 -1 -1 -1 -1 127998 0 15 40 19 21 2 4 2 3
0 0 0 0 6 3 1 0 1 4 1 0 4 5 0 6 1 0 0 128465 0 15 40 19 21 2 4 2 3
0 0 0 0 6 1 1 0 1 4 1 0 4 -1 -1 -1 -1 -1 -1 128931 0 15 40 19 21 2 4 2 3
0 0 0 0 1 6 1 0 1 4 1 0 5 -1 -1 -1 -1 -1 -1 129432 0 15 40 19 21 2 4 2 3
0 0 0 0 1 6 1 0 1 4 1 0 5 -1 -1 -1 -1 -1 -1 129898 0 15 40 19 21 2 4 2 3
0 0 0 0 1 7 1 0 1 4 1 0 5 5 0 6 1 1 1 130365 0 15 40 19 21 2 4 2 3
0 0 0 0 1 6 1 0 1 4 1 0 5 -1 -1 -1 -1 -1 -1 130832 0 15 40 20 22 2 4 2 3
0 0 0 0 1 6 1 0 1 4 1 0 5 -1 -1 -1 -1 -1 -1 131299 0 15 40 20 22 2 4 2 3
0 0 0 0 1 6 1 0 1 4 1 0 5 -1 -1 -1 -1 -1 -1 131732 0 15 40 20 22 2 4 2 3
0 0 0 0 1 6 3 0 1 4 1 0 5 6 3 8 3 0 0 132199 0 15 40 20 22 2 8 0 3
0 0 0 0 1 6 1 0 1 4 1 0 5 -1 -1 -1 -1 -1 -1 132632 0 15 40 20 22 2 8 0 3
0 0 0 0 1 6 1 0 1 4 1 0 5 -1 -1 -1 -1 -1 -1 133099 0 15 40 20 22 2 8 0 3
0 0 0 0 1 6 1 0 1 4 1 0 5 -1 -1 -1 -1 -1 -1 133566 0 15 40 20 22 2 8 0 3
0 0 0 1 1 6 3 1 1 4 1 0 5 6 1 7 2 0 0 133999 0 15 40 20 22 2 5 2 5
0 0 0 1 1 6 1 1 1 4 1 0 5 -1 -1 -1 -1 -1 -1 134466 0 15 40 20 22 2 5 2 5
0 0 0 1 1 6 1 1 1 4 1 0 5 -1 -1 -1 -1 -1 -1 134933 0 15 40 20 22 2 5 2 5
0 0 0 1 1 6 1 1 1 4 1 0 5 -1 -1 -1 -1 -1 -1 135366 0 15 40 20 22 2 5 2 5
0 0 0 1 1 6 3 1 1 4 1 0 5 6 2 5 0 0 0 135833 0 15 40 20 22 2 5 2 5
0 0 0 1 1 6 1 1 1 4 1 1 5 -1 -1 -1 -1 -1 -1 136266 0 15 40 20 22 2 5 2 5
0 0 0 1 1 1 6 1 1 4 1 1 6 -1 -1 -1 -1 -1 -1 136733 0 15 40 20 22 2 5 2 5
0 0 0 1 1 1 6 1 1 4 1 1 6 -1 -1 -1 -1 -1 -1 137200 0 15 40 20 22 2 5 2 5
0 0 0 1 1 1 7 1 1 4 1 1 6 6 2 5 0 1 1 137633 0 15 40 20 22 2 6 2 5
0 0 0 1 1 1 6 1 1 4 1 1 6 -1 -1 -1 -1 -1 -1 138100 0 15 40 20 22 2 6 2 5
0 0 0 1 1 1 6 1 1 4 1 1 6 -1 -1 -1 -1 -1 -1 138567 0 15 40 20 22 2 6 2 5
0 0 0 1 1 1 6 1 1 4 1 1 6 -1 -1 -1 -1 -1 -1 139000 0 15 40 20 22 2 6 2 5
0 0 0 1 1 3 6 1 1 4 1 1 6 5 1 7 2 0 0 139467 0 15 40 20 22 2 5 2 5
0 0 0 1 1 1 6 1 1 4 1 1 6 -1 -1 -1 -1 -1 -1 139934 0 15 40 20 22 2 5 2 5
0 0 0 1 1 1 6 1 1 4 1 1 6 -1 -1 -1 -1 -1 -1 140367 0 15 40 20 22 2 5 2 5
0 0 0 1 1 1 6 1 1 4 1 1 6 -1 -1 -1 -1 -1 -1 140834 0 15 40 20 22 2 5 2 5
0 0 0 1 1 3 6 1 1 4 1 1 6 5 3 8 3 0 0 141267 0 15 40 20 22 2 4 2 5
0 0 0 1 1 1 6 1 1 4 1 1 6 -1 -1 -1 -1 -1 -1 141734 0 15 40 20 22 2 4 2 5
0 0 0 1 1 6 1 1 1 4 1 1 5 -1 -1 -1 -1 -1 -1 142201 0 15 40 20 22 2 4 2 5
0 0 0 1 1 6 1 1 1 4 1 1 5 -1 -1 -1 -1 -1 -1 142634 0 15 40 20 22 2 4 2 5
0 0 0 3 1 6 1 1 1 4 1 1 5 3 1 7 2 0 0 143101 0 15 40 20 22 2 4 2 5
0 0 0 1 1 6 1 1 1 4 1 1 5 -1 -1 -1 -1 -1 -1 143568 0 15 40 20 22 2 4 2 5
0 0 0 1 1 6 1 1 1 4 1 1 5 -1 -1 -1 -1 -1 -1 144001 0 15 40 20 22 2 4 2 5
0 0 0 1 1 6 1 1 1 4 1 1 5 -1 -1 -1 -1 -1 -1 144468 0 15 40 20 22 2 4 2 5
0 0 0 3 1 6 1 1 1 4 1 1 5 3 0 6 1 0 0 144935 0 15 40 20 22 2 4 2 5
0 0 0 1 1 6 1 1 1 4 1 1 5 -1 -1 -1 -1 -1 -1 145368 0 15 40 20 22 2 4 2 5
0 0 0 1 1 1 6 1 1 4 1 1 6 -1 -1 -1 -1 -1 -1 145835 0 15 40 20 22 2 4 2 5
0 0 0 1 1 1 6 1 1 4 1 1 6 -1 -1 -1 -1 -1 -1 146268 0 15 40 20 22 2 4 2 5
0 0 0 1 1 3 6 1 1 4 1 1 6 5 2 5 0 0 0 146735 0 15 40 20 22 2 8 0 5
0 0 0 1 1 1 6 1 1 4 1 1 6 -1 -1 -1 -1 -1 -1 147202 0 15 40 20 22 2 8 0 5
0 0 0 1 1 1 6 1 1 4 1 1 6 -1 -1 -1 -1 -1 -1 147635 0 15 40 20 22 2 8 0 5
0 0 0 1 1 1 6 1 1 4 1 1 6 -1 -1 -1 -1 -1 -1 148102 0 15 40 20 22 2 8 0 5
0 0 0 1 1 3 6 1 1 4 1 1 6 5 0 6 1 0 0 148569 0 15 40 20 22 2 5 2 5
0 0 0 1 1 1 6 1 1 4 1 1 6 -1 -1 -1 -1 -1 -1 149002 0 15 40 20 22 2 5 2 5
0 0 0 1 1 6 1 1 1 4 1 1 5 -1 -1 -1 -1 -1 -1 149469 0 15 40 20 22 2 5 2 5
0 0 0 1 1 6 1 1 1 4 1 1 5 -1 -1 -1 -1 -1 -1 149936 0 15 40 20 22 2 5 2 5
0 0 0 1 1 6 1 3 1 4 1 1 5 7 3 8 3 0 0 150369 0 15 40 20 22 2 5 2 5
0 0 0 1 1 6 1 1 1 4 1 2 5 -1 -1 -1 -1 -1 -1 150836 0 15 40 20 22 2 5 2 5
0 0 0 1 1 6 1 1 1 4 1 2 5 -1 -1 -1 -1 -1 -1 151270 0 15 40 20 22 2 5 2 5
0 0 0 1 1 1 6 1 1 4 1 2 6 -1 -1 -1 -1 -1 -1 151736 0 15 40 20 22 2 5 2 5
0 0 0 1 1 3 1 6 1 4 1 2 7 5 1 7 2 0 0 152203 0 15 40 20 22 2 6 2 5
0 0 0 1 1 1 1 6 1 4 1 2 7 -1 -1 -1 -1 -1 -1 152636 0 15 40 20 22 2 6 2 5
0 0 0 1 1 1 4 6 1 4 1 2 7 -1 -1 -1 -1 -1 -1 153103 1 15 40 20 22 2 6 2 5
0 0 0 1 1 1 6 1 1 4 1 2 6 -1 -1 -1 -1 -1 -1 153570 0 15 40 20 22 2 6 2 5
0 0 0 1 1 7 1 1 1 4 1 2 5 5 1 7 2 1 1 154003 0 15 40 20 22 2 5 2 5
0 0 0 1 1 6 1 1 1 4 1 2 5 -1 -1 -1 -1 -1 -1 154437 0 15 40 21 23 2 5 2 5
0 0 0 1 1 6 4 1 1 4 1 2 5 -1 -1 -1 -1 -1 -1 154870 1 15 40 21 23 2 5 2 5
0 0 0 1 1 6 1 1 1 4 1 2 5 -1 -1 -1 -1 -1 -1 155304 0 15 40 21 23 2 5 2 5
0 0 0 1 1 7 1 1 1 4 1 2 5 5 1 7 2 1 1 155737 0 15 40 21 23 2 4 2 5
0 0 0 1 1 6 1 1 1 4 1 2 5 -1 -1 -1 -1 -1 -1 156204 0 15 40 21 23 2 4 2 5
0 0 0 4 1 6 1 1 1 4 1 2 5 -1 -1 -1 -1 -1 -1 156637 1 15 40 21 23 2 4 2 5
0 0 0 1 1 6 1 1 1 4 1 2 5 -1 -1 -1 -1 -1 -1 157071 0 15 40 21 23 2 4 2 5
0 0 0 1 3 6 1 1 1 4 1 2 5 4 0 6 1 0 0 157504 0 15 40 21 23 2 4 2 5
0 0 0 1 1 6 1 1 1 4 1 2 5 -1 -1 -1 -1 -1 -1 157938 0 15 40 21 23 2 4 2 5
0 0 0 1 4 6 1 1 1 4 1 2 5 -1 -1 -1 -1 -1 -1 158371 1 15 40 21 23 2 4 2 5
0 0 0 1 6 1 1 1 1 4 1 2 4 -1 -1 -1 -1 -1 -1 158804 0 15 40 21 23 2 4 2 5
0 0 0 3 6 1 1 1 1 4 1 2 4 3 1 7 2 0 0 159238 0 15 40 21 23 2 4 2 5
0 0 0 1 6 1 1 1 1 4 1 2 4 -1 -1 -1 -1 -1 -1 159671 0 15 40 21 23 2 4 2 5
0 0 0 1 6 4 1 1 1 4 1 2 4 -1 -1 -1 -1 -1 -1 160105 1 15 40 21 23 2 4 2 5
0 0 0 1 1 6 1 1 1 4 1 2 5 -1 -1 -1 -1 -1 -1 160538 0 15 40 21 23 2 4 2 5
0 0 0 1 3 6 1 1 1 4 1 2 5 4 2 5 0 0 0 160972 0 15 40 21 23 2 8 0 5
0 0 0 1 1 6 1 1 1 4 1 2 5 -1 -1 -1 -1 -1 -1 161405 0 15 40 21 23 2 8 0 5
0 0 0 1 1 1 6 4 1 4 1 2 6 -1 -1 -1 -1 -1 -1 161838 1 15 40 21 23 2 8 0 5
0 0 0 1 1 1 6 1 1 4 1 2 6 -1 -1 -1 -1 -1 -1 162272 0 15 40 21 23 2 8 0 5
0 0 0 1 1 1 7 1 1 4 1 2 6 6 2 5 0 1 1 162705 0 15 40 21 23 2 5 2 5
0 0 0 1 1 6 1 1 1 4 1 2 5 -1 -1 -1 -1 -1 -1 163139 0 15 40 22 24 2 5 2 5
0 0 0 1 1 6 1 4 1 4 1 2 5 -1 -1 -1 -1 -1 -1 163539 1 15 40 22 24 2 5 2 5
0 0 0 1 1 6 1 1 1 4 1 2 5 -1 -1 -1 -1 -1 -1 163972 0 15 40 22 24 2 5 2 5
0 0 0 1 3 6 1 1 1 4 1 2 5 4 3 8 3 0 0 164372 0 15 40 22 24 2 5 2 5
0 0 0 1 1 6 1 1 1 4 1 2 5 -1 -1 -1 -1 -1 -1 164806 0 15 40 22 24 2 5 2 5
0 0 0 1 1 6 4 1 1 4 1 2 5 -1 -1 -1 -1 -1 -1 165206 1 15 40 22 24 2 5 2 5
0 0 0 1 1 6 1 1 1 4 1 2 5 -1 -1 -1 -1 -1 -1 165639 0 15 40 22 24 2 5 2 5
0 0 0 3 1 6 1 1 1 4 1 2 5 3 2 5 0 0 0 166039 0 15 40 22 24 2 6 2 5
0 0 0 1 1 6 1 1 1 4 1 2 5 -1 -1 -1 -1 -1 -1 166473 0 15 40 22 24 2 6 2 5
0 0 0 1 1 6 4 1 1 4 1 2 5 -1 -1 -1 -1 -1 -1 166873 1 15 40 22 24 2 6 2 5
0 0 0 1 1 1 6 1 1 4 1 2 6 -1 -1 -1 -1 -1 -1 167306 0 15 40 22 24 2 6 2 5
0 0 0 1 1 3 6 1 1 4 1 2 6 5 3 8 3 0 0 167706 0 15 40 22 24 2 5 2 5
0 0 0 1 1 1 6 1 1 4 1 2 6 -1 -1 -1 -1 -1 -1 168140 0 15 40 22 24 2 5 2 5
0 0 0 1 1 1 6 4 1 4 1 2 6 -1 -1 -1 -1 -1 -1 168540 1 15 40 22 24 2 5 2 5
0 0 0 1 1 1 6 1 1 4 1 2 6 -1 -1 -1 -1 -1 -1 168973 0 15 40 22 24 2 5 2 5
0 0 0 1 1 3 6 1 1 4 1 2 6 5 1 7 2 0 0 169373 0 15 40 22 24 2 4 2 5
0 0 0 1 1 1 6 1 1 4 1 2 6 -1 -1 -1 -1 -1 -1 169807 0 15 40 22 24 2 4 2 5
0 0 0 1 4 6 1 1 1 4 1 2 5 -1 -1 -1 -1 -1 -1 170207 1 15 40 22 24 2 4 2 5
0 0 0 1 1 6 1 1 1 4 1 2 5 -1 -1 -1 -1 -1 -1 170640 0 15 40 22 24 2 4 2 5
0 0 0 1 1 6 1 3 1 4 1 2 5 7 3 8 3 0 0 171040 0 15 40 22 24 2 4 2 5
0 0 0 1 1 6 1 1 1 4 1 2 5 -1 -1 -1 -1 -1 -1 171474 0 15 40 22 24 2 4 2 5
0 0 0 4 1 1 6 1 1 4 1 2 6 -1 -1 -1 -1 -1 -1 171874 1 15 40 22 24 2 4 2 5
0 0 0 1 1 1 6 1 1 4 1 2 6 -1 -1 -1 -1 -1 -1 172307 0 15 40 22 24 2 4 2 5
0 0 0 1 1 1 7 1 1 4 1 2 6 6 3 8 3 1 1 172707 0 15 40 22 24 2 4 2 5
0 0 0 1 1 1 6 1 1 4 1 2 6 -1 -1 -1 -1 -1 -1 173141 0 15 40 22 24 2 4 2 5
0 0 0 1 1 4 6 1 1 4 1 2 6 -1 -1 -1 -1 -1 -1 173541 1 15 40 22 24 2 4 2 5
0 0 0 1 1 1 6 1 1 4 1 2 6 -1 -1 -1 -1 -1 -1 173974 0 15 40 22 24 2 4 2 5
0 0 0 1 3 1 6 1 1 4 1 2 6 4 0 6 1 0 0 174374 0 15 40 22 24 2 8 0 5
0 0 0 1 1 6 1 1 1 4 1 2 5 -1 -1 -1 -1 -1 -1 174808 0 15 40 22 24 2 8 0 5
0 0 0 1 1 6 1 4 1 4 1 2 5 -1 -1 -1 -1 -1 -1 175208 1 15 40 22 24 2 8 0 5
0 0 0 1 1 6 1 1 1 4 1 2 5 -1 -1 -1 -1 -1 -1 175641 0 15 40 22 24 2 8 0 5
0 0 0 1 1 7 1 1 1 4 1 2 5 5 0 6 1 1 1 176041 0 15 40 22 24 2 5 2 5
0 0 0 1 1 1 6 1 1 4 1 2 6 -1 -1 -1 -1 -1 -1 176442 0 15 40 23 25 2 5 2 5
0 0 0 1 1 4 6 1 1 4 1 2 6 -1 -1 -1 -1 -1 -1 176842 1 15 40 23 25 2 5 2 5
0 0 0 1 1 1 6 1 1 4 1 2 6 -1 -1 -1 -1 -1 -1 177242 0 15 40 23 25 2 5 2 5
0 0 0 1 1 3 6 1 1 4 1 2 6 5 3 8 3 0 0 177642 0 15 40 23 25 2 5 2 5
0 0 0 1 1 1 1 6 1 4 1 2 7 -1 -1 -1 -1 -1 -1 178042 0 15 40 23 25 2 5 2 5
0 0 0 1 1 1 4 6 1 4 1 2 7 -1 -1 -1 -1 -1 -1 178442 1 15 40 23 25 2 5 2 5
0 0 0 1 1 1 6 1 1 4 1 2 6 -1 -1 -1 -1 -1 -1 178842 0 15 40 23 25 2 5 2 5
0 0 0 3 1 6 1 1 1 4 1 2 5 3 0 6 1 0 0 179242 0 15 40 23 25 2 6 2 5
0 0 0 1 1 6 1 1 1 4 1 2 5 -1 -1 -1 -1 -1 -1 179642 0 15 40 23 25 2 6 2 5
0 0 0 1 6 1 4 1 1 4 1 2 4 -1 -1 -1 -1 -1 -1 180042 1 15 40 23 25 2 6 2 5
0 0 0 1 6 1 1 1 1 4 1 2 4 -1 -1 -1 -1 -1 -1 180442 0 15 40 23 25 2 6 2 5
0 0 0 1 7 1 1 1 1 4 1 2 4 4 0 6 1 1 1 180843 0 15 40 23 25 2 5 2 5
0 0 0 1 1 6 1 1 1 4 1 2 5 -1 -1 -1 -1 -1 -1 181243 0 15 40 23 25 2 5 2 5
0 0 0 1 4 6 1 1 1 4 1 2 5 -1 -1 -1 -1 -1 -1 181643 1 15 40 23 25 2 5 2 5
0 0 0 1 1 6 1 1 1 4 1 2 5 -1 -1 -1 -1 -1 -1 182043 0 15 40 23 25 2 5 2 5
0 0 0 1 3 6 1 1 1 4 1 2 5 4 3 8 3 0 0 182443 0 15 40 23 25 2 4 2 5
0 0 0 1 1 6 1 1 1 4 1 2 5 -1 -1 -1 -1 -1 -1 182843 0 15 40 23 25 2 4 2 5
0 0 0 1 1 6 1 1 2 0 2 1 5 -1 -1 -1 -1 -1 -1 195812 0 15 24 22 60 2 8 0 5
0 0 0 1 1 6 1 1 2 0 2 1 5 -1 -1 -1 -1 -1 -1 195979 0 15 24 22 60 2 8 0 5
0 0 0 1 1 6 1 1 2 0 2 1 5 -1 -1 -1 -1 -1 -1 196146 0 15 24 22 60 2 6 2 5
0 0 0 1 1 6 1 1 2 0 2 1 5 -1 -1 -1 -1 -1 -1 196312 0 15 24 22 52.8 2 6 2 5
0 0 0 1 1 6 1 1 2 0 2 1 5 -1 -1 -1 -1 -1 -1 196546 0 15 24 22 36 2 6 2 5
0 0 0 1 1 6 1 1 2 0 2 1 5 -1 -1 -1 -1 -1 -1 196913 0 15 24 22 24 2 6 2 5
0 0 0 1 1 6 1 1 2 0 2 1 5 -1 -1 -1 -1 -1 -1 197346 0 15 24 22 24 2 4 2 5
0 0 0 1 1 6 1 1 2 0 2 1 5 -1 -1 -1 -1 -1 -1 197746 0 15 24 22 24 2 4 2 5
0 0 0 1 1 6 1 1 2 0 2 1 5 -1 -1 -1 -1 -1 -1 198180 0 15 24 22 24 2 4 2 5
0 0 0 1 1 6 1 1 2 0 2 1 5 -1 -1 -1 -1 -1 -1 198580 0 15 24 22 24 2 4 2 5
0 0 0 1 3 6 1 1 2 0 2 1 5 4 1 4 2 0 0 199013 0 15 24 22 24 2 4 2 5
0 0 0 1 1 6 1 1 2 0 2 1 5 -1 -1 -1 -1 -1 -1 199413 0 15 24 22 24 2 4 2 5
0 0 0 1 1 6 1 1 2 0 2 1 5 -1 -1 -1 -1 -1 -1 199847 0 15 24 22 24 2 4 2 5
0 0 0 1 1 6 1 1 2 0 2 1 5 -1 -1 -1 -1 -1 -1 200247 0 15 24 22 24 2 4 2 5
0 0 0 3 1 6 1 1 2 0 2 1 5 3 3 4 3 0 0 200680 0 15 24 22 24 2 6 2 5
0 0 0 1 1 6 1 1 2 0 2 1 5 -1 -1 -1 -1 -1 -1 201080 0 15 24 22 24 2 6 2 5
0 0 0 1 6 1 1 1 2 0 2 1 4 -1 -1 -1 -1 -1 -1 201514 0 15 24 22 24 2 6 2 5
0 0 0 1 6 1 1 1 2 0 2 1 4 -1 -1 -1 -1 -1 -1 201914 0 15 24 22 24 2 6 2 5
0 0 0 1 6 3 1 1 2 0 2 1 4 5 0 4 1 0 0 202347 0 15 24 22 24 2 4 2 5
0 0 0 1 6 1 1 1 2 0 2 1 4 -1 -1 -1 -1 -1 -1 202747 0 15 24 22 24 2 4 2 5
0 0 0 1 1 6 1 1 2 0 2 1 5 -1 -1 -1 -1 -1 -1 203181 0 15 24 22 24 2 4 2 5
0 0 0 1 1 6 1 1 2 0 2 1 5 -1 -1 -1 -1 -1 -1 203581 0 15 24 22 24 2 4 2 5
0 0 0 1 1 6 3 1 2 0 2 1 5 6 2 4 0 0 0 204014 0 15 24 22 24 2 6 2 5
0 0 0 1 1 6 1 1 2 0 2 1 5 -1 -1 -1 -1 -1 -1 204414 0 15 24 22 24 2 6 2 5
0 0 0 1 1 1 6 1 2 0 2 1 6 -1 -1 -1 -1 -1 -1 204848 0 15 24 22 24 2 6 2 5
0 0 0 1 1 1 6 1 2 0 2 1 6 -1 -1 -1 -1 -1 -1 205248 0 15 24 22 24 2 6 2 5
0 0 0 1 1 1 6 3 2 0 2 1 6 7 3 4 3 0 0 205681 0 15 24 22 24 2 6 2 5
0 0 0 1 1 1 6 1 2 0 2 1 6 -1 -1 -1 -1 -1 -1 206081 0 15 24 22 24 2 6 2 5
0 0 0 1 1 6 1 1 2 0 2 1 5 -1 -1 -1 -1 -1 -1 206515 0 15 24 22 24 2 6 2 5
0 0 0 1 1 1 6 1 2 0 2 1 6 -1 -1 -1 -1 -1 -1 206915 0 15 24 22 24 2 6 2 5
0 0 0 1 1 3 6 1 2 0 2 1 6 5 1 4 2 0 0 207348 0 15 24 22 24 2 8 0 5
0 0 0 1 1 1 6 1 2 0 2 1 6 -1 -1 -1 -1 -1 -1 207748 0 15 24 22 24 2 8 0 5
0 0 0 1 1 6 1 1 2 0 2 1 5 -1 -1 -1 -1 -1 -1 208182 0 15 24 22 24 2 8 0 5
0 0 0 1 1 6 1 1 2 0 2 1 5 -1 -1 -1 -1 -1 -1 208582 0 15 24 22 24 2 8 0 5
0 0 0 1 1 3 6 1 2 0 2 1 6 5 0 4 1 0 0 209015 0 15 24 22 24 2 6 2 5
0 0 0 1 1 1 6 1 2 0 2 1 6 -1 -1 -1 -1 -1 -1 209415 0 15 24 22 24 2 6 2 5
0 0 0 1 1 6 1 1 2 0 2 1 5 -1 -1 -1 -1 -1 -1 209849 0 15 24 22 24 2 6 2 5
0 0 0 1 1 6 1 1 2 0 2 1 5 -1 -1 -1 -1 -1 -1 210249 0 15 24 22 24 2 6 2 5
0 0 0 1 1 7 1 1 2 0 2 1 5 5 1 4 2 1 1 210682 0 15 24 22 24 2 4 2 5
0 0 0 1 1 6 1 1 2 0 2 1 5 -1 -1 -1 -1 -1 -1 211082 0 15 24 22 24 2 4 2 5
0 0 0 1 1 1 6 1 2 0 2 1 6 -1 -1 -1 -1 -1 -1 211516 0 15 24 22 24 2 4 2 5
0 0 0 1 1 1 6 1 2 0 2 1 6 -1 -1 -1 -1 -1 -1 211916 0 15 24 22 24 2 4 2 5
0 0 0 1 1 3 6 1 2 0 2 1 6 5 2 4 0 0 0 212349 0 15 24 22 24 2 4 2 5
0 0 0 1 1 1 6 1 2 0 2 1 6 -1 -1 -1 -1 -1 -1 212749 0 15 24 22 24 2 4 2 5
0 0 0 1 1 1 6 1 2 0 2 1 6 -1 -1 -1 -1 -1 -1 213183 0 15 24 22 24 2 4 2 5
0 0 0 1 1 1 6 1 2 0 2 1 6 -1 -1 -1 -1 -1 -1 213583 0 15 24 22 24 2 4 2 5
0 0 0 1 1 1 7 1 2 0 2 1 6 6 1 4 2 1 1 214016 0 15 24 22 24 2 6 2 5
0 0 0 1 1 1 6 1 2 0 2 1 6 -1 -1 -1 -1 -1 -1 214416 0 15 24 23 25 2 6 2 5
0 0 0 1 1 6 1 1 2 0 2 1 5 -1 -1 -1 -1 -1 -1 214816 0 15 24 23 25 2 6 2 5
0 0 0 1 6 1 1 1 2 0 2 1 4 -1 -1 -1 -1 -1 -1 215217 0 15 24 23 25 2 6 2 5
0 0 0 1 7 1 1 1 2 0 2 1 4 4 2 4 0 1 1 215617 0 15 24 23 25 2 4 2 5
0 0 0 1 1 6 1 1 3 1 2 1 5 -1 -1 -1 -1 -1 -1 225285 0 15 24 22 60 2 8 0 5
0 0 0 1 1 6 1 1 3 1 2 1 5 -1 -1 -1 -1 -1 -1 225452 0 15 24 22 60 2 8 0 5
0 0 0 1 1 6 1 1 3 1 2 1 5 -1 -1 -1 -1 -1 -1 225619 0 15 24 22 60 2 6 2 5
0 0 0 1 1 6 1 1 3 1 2 1 5 -1 -1 -1 -1 -1 -1 225785 0 15 24 22 52.8 2 6 2 5
0 0 0 1 1 6 1 1 3 1 2 1 5 -1 -1 -1 -1 -1 -1 226019 0 15 24 22 36 2 6 2 5
0 0 0 1 1 6 1 1 3 1 2 1 5 -1 -1 -1 -1 -1 -1 226386 0 15 24 22 24 2 6 2 5
0 0 0 1 1 6 1 1 3 1 2 1 5 -1 -1 -1 -1 -1 -1 226819 0 15 24 22 24 2 5 2 5
0 0 0 1 1 6 1 1 3 1 2 1 5 -1 -1 -1 -1 -1 -1 227219 0 15 24 22 24 2 5 2 5
0 0 0 1 1 1 6 1 3 1 2 1 6 -1 -1 -1 -1 -1 -1 227653 0 15 24 22 24 2 5 2 5
0 0 0 1 1 1 6 1 3 1 2 1 6 -1 -1 -1 -1 -1 -1 228053 0 15 24 22 24 2 5 2 5
0 0 0 1 1 3 6 1 3 1 2 1 6 5 4 8 3 0 0 228486 0 15 24 22 24 2 5 2 5
0 0 0 1 1 1 6 1 3 1 2 1 6 -1 -1 -1 -1 -1 -1 228886 0 15 24 22 24 2 5 2 5
0 0 0 1 1 6 1 1 3 1 2 1 5 -1 -1 -1 -1 -1 -1 229320 0 15 24 22 24 2 5 2 5
0 0 0 1 1 6 1 1 3 1 2 1 5 -1 -1 -1 -1 -1 -1 229720 0 15 24 22 24 2 5 2 5
0 0 0 1 3 6 1 1 3 1 2 1 5 4 4 7 2 0 0 230153 0 15 24 22 24 2 4 2 5
0 0 0 1 1 6 1 1 3 1 2 1 5 -1 -1 -1 -1 -1 -1 230553 0 15 24 22 24 2 4 2 5
0 0 0 1 6 1 1 1 3 1 2 1 4 -1 -1 -1 -1 -1 -1 230987 0 15 24 22 24 2 4 2 5
0 0 0 6 1 1 1 1 3 1 2 1 3 -1 -1 -1 -1 -1 -1 231387 0 15 24 22 24 2 4 2 5
0 0 0 7 1 1 1 1 3 1 2 1 3 3 4 8 3 1 1 231820 0 15 24 22 24 2 6 2 5
0 0 0 6 1 1 1 1 3 1 2 1 3 -1 -1 -1 -1 -1 -1 232220 0 15 24 22 24 2 6 2 5
0 0 0 1 6 1 1 1 3 1 2 1 4 -1 -1 -1 -1 -1 -1 232654 0 15 24 22 24 2 6 2 5
0 0 0 1 1 6 1 1 3 1 2 1 5 -1 -1 -1 -1 -1 -1 233054 0 15 24 22 24 2 6 2 5
0 0 0 1 3 6 1 1 3 1 2 1 5 4 4 6 1 0 0 233487 0 15 24 22 24 2 5 2 5
0 0 0 1 1 6 1 1 3 1 2 1 5 -1 -1 -1 -1 -1 -1 233887 0 15 24 22 24 2 5 2 5
0 0 0 1 1 6 1 1 3 1 2 1 5 -1 -1 -1 -1 -1 -1 234321 0 15 24 22 24 2 5 2 5
0 0 0 1 1 6 1 1 3 1 2 1 5 -1 -1 -1 -1 -1 -1 234721 0 15 24 22 24 2 5 2 5
0 0 0 1 3 6 1 1 3 1 2 1 5 4 4 7 2 0 0 235154 0 15 24 22 24 2 6 2 5
0 0 0 1 1 6 1 1 3 1 2 1 5 -1 -1 -1 -1 -1 -1 235554 0 15 24 22 24 2 6 2 5
0 0 0 1 6 1 1 1 3 1 2 1 4 -1 -1 -1 -1 -1 -1 235988 0 15 24 22 24 2 6 2 5
0 0 0 1 6 1 1 1 3 1 2 1 4 -1 -1 -1 -1 -1 -1 236388 0 15 24 22 24 2 6 2 5
0 0 0 3 6 1 1 1 3 1 2 1 4 3 4 8 3 0 0 236821 0 15 24 22 24 2 8 0 5
0 0 0 1 6 1 1 1 3 1 2 1 4 -1 -1 -1 -1 -1 -1 237221 0 15 24 22 24 2 8 0 5
0 0 0 1 6 1 1 1 3 1 2 1 4 -1 -1 -1 -1 -1 -1 237655 0 15 24 22 24 2 8 0 5
0 0 0 1 1 6 1 1 3 1 2 1 5 -1 -1 -1 -1 -1 -1 238055 0 15 24 22 24 2 8 0 5
0 0 0 1 2 8 1 1 3 1 2 1 5 4 4 7 2 1 0 238488 0 15 24 22 24 2 6 2 5
0 0 0 1 1 6 1 1 3 1 2 1 5 -1 -1 -1 -1 -1 -1 238922 0 15 24 21 23 2 6 2 5
0 0 0 1 6 1 1 1 3 1 2 1 4 -1 -1 -1 -1 -1 -1 239355 0 15 24 21 23 2 6 2 5
0 0 0 1 6 1 1 1 3 1 2 1 4 -1 -1 -1 -1 -1 -1 239788 0 15 24 21 23 2 6 2 5
0 0 0 1 8 1 1 1 3 1 2 1 4 4 4 5 0 0 1 240222 0 15 24 21 23 2 5 2 5
0 0 0 1 6 1 1 1 3 1 2 1 4 -1 -1 -1 -1 -1 -1 240655 0 15 24 20 22 2 5 2 5
0 0 0 1 6 1 1 1 3 1 2 1 4 -1 -1 -1 -1 -1 -1 241122 0 15 24 20 22 2 5 2 5
0 0 0 1 1 6 1 1 3 1 2 1 5 -1 -1 -1 -1 -1 -1 241555 0 15 24 20 22 2 5 2 5
0 0 0 1 3 6 1 1 3 1 2 1 5 4 4 8 3 0 0 242022 0 15 24 20 22 2 5 2 5
0 0 0 1 1 6 1 1 3 1 2 1 5 -1 -1 -1 -1 -1 -1 242456 0 15 24 20 27.5 2 5 2 5
0 0 0 1 6 1 1 1 3 1 2 1 4 -1 -1 -1 -1 -1 -1 242822 0 15 24 20 27.5 2 5 2 5
0 0 0 1 6 1 1 1 3 1 2 1 4 -1 -1 -1 -1 -1 -1 243189 0 15 24 20 27.5 2 5 2 5
0 0 0 1 8 1 1 1 3 1 2 1 4 4 4 6 1 0 1 243556 0 15 24 20 27.5 2 4 2 5
0 0 0 1 6 1 1 1 3 1 2 1 4 -1 -1 -1 -1 -1 -1 243923 0 15 24 19 25.9 2 4 2 5
0 0 0 1 1 6 1 1 3 1 2 1 5 -1 -1 -1 -1 -1 -1 244356 0 15 24 19 21.35 2 4 2 5
0 0 0 1 1 1 6 1 3 1 2 1 6 -1 -1 -1 -1 -1 -1 244823 0 15 24 19 21 2 4 2 5
0 0 0 1 1 8 1 1 3 1 2 1 5 5 4 5 0 0 1 245290 0 15 24 19 21 2 6 2 5
0 0 0 1 1 6 1 1 3 1 2 1 5 -1 -1 -1 -1 -1 -1 245823 0 15 24 18 19 2 6 2 5
0 0 0 1 6 1 1 1 3 1 2 1 4 -1 -1 -1 -1 -1 -1 246357 0 15 24 18 19 2 6 2 5
0 0 0 1 6 1 1 1 3 1 2 1 4 -1 -1 -1 -1 -1 -1 246857 0 15 24 18 19 2 6 2 5
0 0 0 1 7 1 1 1 3 1 2 1 4 4 4 6 1 1 1 247390 0 15 24 18 19 2 5 2 5
0 0 0 1 6 1 1 1 3 1 2 1 4 -1 -1 -1 -1 -1 -1 247924 0 15 24 18 19 2 5 2 5
0 0 0 1 6 1 1 1 3 1 2 1 4 -1 -1 -1 -1 -1 -1 248457 0 15 24 18 19 2 5 2 5
0 0 0 1 6 1 1 1 3 1 2 1 4 -1 -1 -1 -1 -1 -1 248990 0 15 24 18 19 2 5 2 5
0 0 0 1 7 1 1 1 3 1 2 1 4 4 4 5 0 1 1 249491 0 15 24 18 19 2 6 2 5
0 0 0 1 6 1 1 1 3 1 2 1 4 -1 -1 -1 -1 -1 -1 249991 0 15 24 19 21 2 6 2 5
0 0 0 1 1 6 1 1 3 1 2 1 5 -1 -1 -1 -1 -1 -1 250457 0 15 24 19 21 2 6 2 5
0 0 0 1 1 6 1 1 3 1 2 1 5 -1 -1 -1 -1 -1 -1 250957 0 15 24 19 21 2 6 2 5
0 0 0 1 1 1 8 1 3 1 2 1 6 6 4 7 2 0 1 251424 0 15 24 19 21 2 8 0 5
0 0 0 1 1 1 6 1 3 1 2 1 6 -1 -1 -1 -1 -1 -1 251924 0 15 24 18 19 2 8 0 5
0 0 0 1 1 6 1 1 3 1 2 1 5 -1 -1 -1 -1 -1 -1 252458 0 15 24 18 19 2 8 0 5
0 0 0 1 6 1 1 1 3 1 2 1 4 -1 -1 -1 -1 -1 -1 252991 0 15 24 18 19 2 8 0 5
0 0 0 1 7 1 1 1 3 1 2 1 4 4 4 5 0 1 1 253525 0 15 24 18 19 2 6 2 5
0 0 0 1 6 1 1 1 3 1 2 1 4 -1 -1 -1 -1 -1 -1 254025 0 15 24 18 19 2 6 2 5
0 0 0 1 1 6 1 1 3 1 2 1 5 -1 -1 -1 -1 -1 -1 254558 0 15 24 18 19 2 6 2 5
0 0 0 1 1 6 1 1 3 1 2 1 5 -1 -1 -1 -1 -1 -1 255092 0 15 24 18 19 2 6 2 5
0 0 0 1 1 8 1 1 3 1 2 1 5 5 4 6 1 0 1 255625 0 15 24 18 19 2 5 2 5
0 0 0 1 1 6 1 1 3 1 2 1 5 -1 -1 -1 -1 -1 -1 256225 0 15 24 17 16 2 5 2 5
0 0 0 1 6 1 1 1 3 1 2 1 4 -1 -1 -1 -1 -1 -1 256825 0 15 24 17 16 2 5 2 5
0 0 0 6 1 1 1 1 3 1 2 1 3 -1 -1 -1 -1 -1 -1 257458 0 15 24 17 16 2 5 2 5
0 0 0 8 1 1 1 1 3 1 2 1 3 3 4 8 3 0 1 258091 0 15 24 17 16 2 5 2 5
0 0 0 6 1 1 1 1 3 1 2 1 3 -1 -1 -1 -1 -1 -1 258825 0 15 24 16 13 2 5 2 5
0 0 0 1 6 1 1 1 3 1 2 1 4 -1 -1 -1 -1 -1 -1 259591 0 15 24 16 13 2 5 2 5
0 0 0 1 6 1 1 1 3 1 2 1 4 -1 -1 -1 -1 -1 -1 260358 0 15 24 16 13 2 5 2 5
0 0 0 1 7 1 1 1 3 1 2 1 4 4 4 6 1 1 1 261124 0 15 24 16 13 2 4 2 5
0 0 0 1 6 1 1 1 3 1 2 1 4 -1 -1 -1 -1 -1 -1 261890 0 15 24 16 13 2 4 2 5
0 0 0 1 6 1 1 1 3 1 2 1 4 -1 -1 -1 -1 -1 -1 262657 0 15 24 16 13 2 4 2 5
0 0 0 1 1 6 1 1 3 1 2 1 5 -1 -1 -1 -1 -1 -1 263423 0 15 24 16 13 2 4 2 5
0 0 0 1 3 6 1 1 3 1 2 1 5 4 4 5 0 0 0 264190 0 15 24 16 13 2 6 2 5
0 0 0 1 6 1 1 1 3 1 2 1 4 -1 -1 -1 -1 -1 -1 264990 0 15 24 16 13 2 6 2 5
0 0 0 1 6 1 1 1 3 1 2 1 4 -1 -1 -1 -1 -1 -1 265756 0 15 24 16 13 2 6 2 5
0 0 0 6 1 1 1 1 3 1 2 1 3 -1 -1 -1 -1 -1 -1 266523 0 15 24 16 13 2 6 2 5
0 0 0 8 1 1 1 1 3 1 2 1 3 3 4 7 2 0 1 267289 0 15 24 16 13 2 5 2 5
0 0 0 1 6 1 1 1 3 1 2 1 4 -1 -1 -1 -1 -1 -1 268222 0 15 24 15 10 2 5 2 5
0 0 0 1 1 6 1 1 3 1 2 1 5 -1 -1 -1 -1 -1 -1 269222 0 15 24 15 10 2 5 2 5
0 0 0 1 1 6 1 1 3 1 2 1 5 -1 -1 -1 -1 -1 -1 270222 0 15 24 15 10 2 5 2 5
0 0 0 1 1 8 1 1 3 1 2 1 5 5 4 6 1 0 1 271222 0 15 24 15 10 2 6 2 5
0 0 0 1 1 1 6 1 3 1 2 1 6 -1 -1 -1 -1 -1 -1 272221 0 15 24 15 10 2 6 2 5
0 0 0 1 1 1 6 1 3 1 2 1 6 -1 -1 -1 -1 -1 -1 273221 0 15 24 15 10 2 6 2 5
0 0 0 1 1 1 6 1 3 1 2 1 6 -1 -1 -1 -1 -1 -1 274221 0 15 24 15 10 2 6 2 5
0 0 0 1 1 1 8 1 3 1 2 1 6 6 4 5 0 0 1 275221 0 15 24 15 10 2 8 0 5
0 0 0 1 1 1 6 1 3 1 2 1 6 -1 -1 -1 -1 -1 -1 276220 0 15 24 15 10 2 8 0 5
0 0 0 1 1 1 1 6 3 1 2 1 7 -1 -1 -1 -1 -1 -1 277220 0 15 24 15 10 2 8 0 5
0 0 0 1 1 1 6 1 3 1 2 1 6 -1 -1 -1 -1 -1 -1 278220 0 15 24 15 10 2 8 0 5
0 0 0 1 1 1 8 1 3 1 2 1 6 6 4 7 2 0 1 279220 0 15 24 15 10 2 6 2 5
0 0 0 1 1 1 6 1 3 1 2 1 6 -1 -1 -1 -1 -1 -1 280219 0 15 24 15 10 2 6 2 5
0 0 0 1 6 1 1 1 3 1 2 1 4 -1 -1 -1 -1 -1 -1 281219 0 15 24 15 10 2 6 2 5
0 0 0 1 6 1 1 1 3 1 2 1 4 -1 -1 -1 -1 -1 -1 282219 0 15 24 15 10 2 6 2 5
0 0 0 1 7 1 1 1 3 1 2 1 4 4 4 5 0 1 1 283219 0 15 24 15 10 2 5 2 5
0 0 0 1 6 1 1 1 3 1 2 1 4 -1 -1 -1 -1 -1 -1 284218 0 15 24 15 10 2 5 2 5
0 0 0 1 6 1 1 1 3 1 2 1 4 -1 -1 -1 -1 -1 -1 285218 0 15 24 15 10 2 5 2 5
0 0 0 1 1 6 1 1 3 1 2 1 5 -1 -1 -1 -1 -1 -1 286218 0 15 24 15 10 2 5 2 5
0 0 0 1 3 6 1 1 3 1 2 1 5 4 4 6 1 0 0 287218 0 15 24 15 10 2 5 2 5
0 0 0 1 1 6 1 1 3 1 2 1 5 -1 -1 -1 -1 -1 -1 288217 0 15 24 15 10 2 5 2 5
0 0 0 1 1 6 1 1 3 1 2 1 5 -1 -1 -1 -1 -1 -1 289217 0 15 24 15 10 2 5 2 5
0 0 0 1 1 6 1 1 3 1 2 1 5 -1 -1 -1 -1 -1 -1 290217 0 15 24 15 10 2 5 2 5
0 0 0 1 3 6 1 1 3 1 2 1 5 4 4 7 2 0 0 291217 0 15 24 15 10 2 4 2 5
0 0 0 1 1 6 1 1 3 1 2 1 5 -1 -1 -1 -1 -1 -1 292216 0 15 24 15 10 2 4 2 5
0 0 0 1 6 1 1 1 3 1 2 1 4 -1 -1 -1 -1 -1 -1 293216 0 15 24 15 10 2 4 2 5
0 0 0 1 6 1 1 1 3 1 2 1 4 -1 -1 -1 -1 -1 -1 294216 0 15 24 15 10 2 4 2 5
0 0 0 3 6 1 1 1 3 1 2 1 4 3 4 8 3 0 0 295216 0 15 24 15 10 2 6 2 5
0 0 0 1 6 1 1 1 3 1 2 1 4 -1 -1 -1 -1 -1 -1 296215 0 15 24 15 10 2 6 2 5
0 0 0 6 1 1 1 1 3 1 2 1 3 -1 -1 -1 -1 -1 -1 297215 0 15 24 15 10 2 6 2 5
0 0 0 1 6 1 1 1 3 1 2 1 4 -1 -1 -1 -1 -1 -1 298215 0 15 24 15 10 2 6 2 5
0 0 0 3 6 1 1 1 3 1 2 1 4 3 4 5 0 0 0 299215 0 15 24 15 10 2 5 2 5
0 0 0 1 1 6 1 1 3 1 2 1 5 -1 -1 -1 -1 -1 -1 300214 0 15 24 15 10 2 5 2 5
0 0 0 1 1 6 1 1 3 1 2 1 5 -1 -1 -1 -1 -1 -1 301214 0 15 24 15 10 2 5 2 5
0 0 0 1 1 6 1 1 3 1 2 1 5 -1 -1 -1 -1 -1 -1 302214 0 15 24 15 10 2 5 2 5
0 0 0 1 1 7 1 1 3 1 2 1 5 5 4 8 3 1 1 303214 0 15 24 15 10 2 6 2 5
0 0 0 1 1 6 1 1 3 1 2 1 5 -1 -1 -1 -1 -1 -1 304014 0 15 24 16 13 2 6 2 5
0 0 0 1 1 6 1 1 3 1 2 1 5 -1 -1 -1 -1 -1 -1 304813 0 15 24 16 13 2 6 2 5
0 0 0 1 1 6 1 1 3 1 2 1 5 -1 -1 -1 -1 -1 -1 305580 0 15 24 16 13 2 6 2 5
0 0 0 1 1 8 1 1 3 1 2 1 5 5 4 7 2 0 1 306346 0 15 24 16 13 2 8 0 5
0 0 0 1 6 1 1 1 3 1 2 1 4 -1 -1 -1 -1 -1 -1 307279 0 15 24 15 10 2 8 0 5
0 0 0 6 1 1 1 1 3 1 2 1 3 -1 -1 -1 -1 -1 -1 308279 0 15 24 15 10 2 8 0 5
0 0 0 6 1 1 1 1 3 1 2 1 3 -1 -1 -1 -1 -1 -1 309279 0 15 24 15 10 2 8 0 5
0 0 0 8 1 1 1 1 3 1 2 1 3 3 4 6 1 0 1 310279 0 15 24 15 10 2 6 2 5
0 0 0 6 1 1 1 1 3 1 2 1 3 -1 -1 -1 -1 -1 -1 311278 0 15 24 15 10 2 6 2 5
0 0 0 6 1 1 1 1 3 1 2 1 3 -1 -1 -1 -1 -1 -1 312278 0 15 24 15 10 2 6 2 5
0 0 0 6 1 1 1 1 3 1 2 1 3 -1 -1 -1 -1 -1 -1 313278 0 15 24 15 10 2 6 2 5
0 0 0 7 1 1 1 1 3 1 2 1 3 3 4 7 2 1 1 314278 0 15 24 15 10 2 5 2 5
0 0 0 6 1 1 1 1 3 1 2 1 3 -1 -1 -1 -1 -1 -1 315277 0 15 24 15 10 2 5 2 5
0 0 0 1 1 6 1 1 3 1 2 1 5 -1 -1 -1 -1 -1 -1 316277 0 15 24 15 10 2 5 2 5
0 0 0 1 1 6 1 1 3 1 2 1 5 -1 -1 -1 -1 -1 -1 317277 0 15 24 15 10 2 5 2 5
0 0 0 1 1 7 1 1 3 1 2 1 5 5 4 6 1 1 1 318277 0 15 24 15 10 2 5 2 5
0 0 0 1 1 6 1 1 3 1 2 1 5 -1 -1 -1 -1 -1 -1 319077 0 15 24 16 13 2 5 2 5
0 0 0 1 1 1 6 1 3 1 2 1 6 -1 -1 -1 -1 -1 -1 319876 0 15 24 16 13 2 5 2 5
0 0 0 1 1 1 6 1 3 1 2 1 6 -1 -1 -1 -1 -1 -1 320643 0 15 24 16 13 2 5 2 5
0 0 0 1 1 2 8 1 3 1 2 1 6 5 4 7 2 1 0 321409 0 15 24 16 13 2 4 2 5
0 0 0 1 1 6 1 1 3 1 2 1 5 -1 -1 -1 -1 -1 -1 322342 0 15 24 15 10 2 4 2 5
0 0 0 1 1 6 1 1 3 1 2 1 5 -1 -1 -1 -1 -1 -1 323342 0 15 24 15 10 2 4 2 5
0 0 0 1 1 6 1 1 3 1 2 1 5 -1 -1 -1 -1 -1 -1 324342 0 15 24 15 10 2 4 2 5
0 0 0 1 3 6 1 1 3 1 2 1 5 4 4 8 3 0 0 325342 0 15 24 15 10 2 6 2 5
0 0 0 1 6 1 1 1 3 1 2 1 4 -1 -1 -1 -1 -1 -1 326341 0 15 24 15 10 2 6 2 5
0 0 0 6 1 1 1 1 3 1 2 1 3 -1 -1 -1 -1 -1 -1 327341 0 15 24 15 10 2 6 2 5
0 0 0 6 1 1 1 1 3 1 2 1 3 -1 -1 -1 -1 -1 -1 328341 0 15 24 15 10 2 6 2 5
0 0 0 8 1 1 1 1 3 1 2 1 3 3 4 6 1 0 1 329341 0 15 24 15 10 2 5 2 5
0 0 0 1 6 1 1 1 3 1 2 1 4 -1 -1 -1 -1 -1 -1 330340 0 15 24 15 10 2 5 2 5
0 0 0 1 6 1 1 1 3 1 2 1 4 -1 -1 -1 -1 -1 -1 331340 0 15 24 15 10 2 5 2 5
0 0 0 1 6 1 1 1 3 1 2 1 4 -1 -1 -1 -1 -1 -1 332340 0 15 24 15 10 2 5 2 5
0 0 0 1 8 1 1 1 3 1 2 1 4 4 4 7 2 0 1 333340 0 15 24 15 10 2 6 2 5
0 0 0 1 1 6 1 1 3 1 2 1 5 -1 -1 -1 -1 -1 -1 334339 0 15 24 15 10 2 6 2 5
0 0 0 1 1 6 1 1 3 1 2 1 5 -1 -1 -1 -1 -1 -1 335339 0 15 24 15 10 2 6 2 5
0 0 0 1 1 6 1 1 3 1 2 1 5 -1 -1 -1 -1 -1 -1 336339 0 15 24 15 10 2 6 2 5
0 0 0 1 1 7 1 1 3 1 2 1 5 5 4 6 1 1 1 337339 0 15 24 15 10 2 8 0 5
0 0 0 1 1 6 1 1 3 1 2 1 5 -1 -1 -1 -1 -1 -1 338338 0 15 24 15 10 2 8 0 5
0 0 0 1 1 1 6 1 3 1 2 1 6 -1 -1 -1 -1 -1 -1 339338 0 15 24 15 10 2 8 0 5
0 0 0 1 1 1 6 1 3 1 2 1 6 -1 -1 -1 -1 -1 -1 340338 0 15 24 15 10 2 8 0 5
0 0 0 1 1 3 6 1 3 1 2 1 6 5 4 8 3 0 0 341338 0 15 24 15 10 2 6 2 5
0 0 0 1 1 6 1 1 3 1 2 1 5 -1 -1 -1 -1 -1 -1 342337 0 15 24 15 10 2 6 2 5
0 0 0 1 6 1 1 1 3 1 2 1 4 -1 -1 -1 -1 -1 -1 343337 0 15 24 15 10 2 6 2 5
0 0 0 1 6 1 1 1 3 1 2 1 4 -1 -1 -1 -1 -1 -1 344337 0 15 24 15 10 2 6 2 5
0 0 0 1 1 6 1 1 4 1 2 1 5 -1 -1 -1 -1 -1 -1 358234 0 15 24 15 60 2 8 0 5
0 0 0 1 1 6 1 1 4 1 2 1 5 -1 -1 -1 -1 -1 -1 358400 0 15 24 15 60 2 8 0 5
0 0 0 1 1 6 1 1 4 1 2 1 5 -1 -1 -1 -1 -1 -1 358567 0 15 24 15 60 2 4 2 5
0 0 0 1 1 6 1 1 4 1 2 1 5 -1 -1 -1 -1 -1 -1 358733 0 15 24 15 50 2 4 2 5
0 0 0 1 1 6 1 1 4 1 2 1 5 -1 -1 -1 -1 -1 -1 359033 0 15 24 15 20 2 4 2 5
0 0 0 1 1 6 1 1 4 1 2 1 5 -1 -1 -1 -1 -1 -1 359967 0 15 24 15 10 2 4 2 5
0 0 0 1 1 6 1 1 4 1 2 1 5 -1 -1 -1 -1 -1 -1 360966 0 15 24 15 10 2 6 2 5
0 0 0 1 1 6 1 1 4 1 2 1 5 -1 -1 -1 -1 -1 -1 361966 0 15 24 15 10 2 6 2 5
0 0 0 1 1 6 1 1 4 1 2 1 5 -1 -1 -1 -1 -1 -1 362966 0 15 24 15 10 2 6 2 5
0 0 0 1 1 6 1 1 4 1 2 1 5 -1 -1 -1 -1 -1 -1 363966 0 15 24 15 10 2 6 2 5
0 0 0 3 1 6 1 1 4 1 2 1 5 3 4 6 1 0 0 364965 0 15 24 15 10 2 5 2 5
0 0 0 1 1 6 1 1 4 1 2 1 5 -1 -1 -1 -1 -1 -1 365965 0 15 24 15 10 2 5 2 5
0 0 0 1 6 1 1 1 4 1 2 1 4 -1 -1 -1 -1 -1 -1 366965 0 15 24 15 10 2 5 2 5
0 0 0 1 6 1 1 1 4 1 2 1 4 -1 -1 -1 -1 -1 -1 367965 0 15 24 15 10 2 5 2 5
0 0 0 1 6 3 1 1 4 1 2 1 4 5 4 5 0 0 0 368964 0 15 24 15 10 2 4 2 5
0 0 0 1 6 1 1 1 4 1 2 1 4 -1 -1 -1 -1 -1 -1 369964 0 15 24 15 10 2 4 2 5
0 0 0 1 6 1 1 1 4 1 2 1 4 -1 -1 -1 -1 -1 -1 370964 0 15 24 15 10 2 4 2 5
0 0 0 1 6 1 1 1 4 1 2 1 4 -1 -1 -1 -1 -1 -1 371964 0 15 24 15 10 2 4 2 5
0 0 0 3 6 1 1 1 4 1 2 1 4 3 4 7 2 0 0 372963 0 15 24 15 10 2 5 2 5
0 0 0 1 6 1 1 1 4 1 2 1 4 -1 -1 -1 -1 -1 -1 373963 0 15 24 15 10 2 5 2 5
0 0 0 1 6 1 1 1 4 1 2 1 4 -1 -1 -1 -1 -1 -1 374963 0 15 24 15 10 2 5 2 5
0 0 0 1 6 1 1 1 4 1 2 1 4 -1 -1 -1 -1 -1 -1 375963 0 15 24 15 10 2 5 2 5
0 0 0 3 6 1 1 1 4 1 2 1 4 3 4 6 1 0 0 376962 0 15 24 15 10 2 5 2 5
0 0 0 1 1 6 1 1 4 1 2 1 5 -1 -1 -1 -1 -1 -1 377962 0 15 24 15 10 2 5 2 5
0 0 0 1 1 6 1 1 4 1 2 1 5 -1 -1 -1 -1 -1 -1 378962 0 15 24 15 10 2 5 2 5
0 0 0 1 1 6 1 1 4 1 2 1 5 -1 -1 -1 -1 -1 -1 379962 0 15 24 15 10 2 5 2 5
0 0 0 1 1 7 1 1 4 1 2 1 5 5 4 7 2 1 1 380961 0 15 24 15 10 2 4 2 5
0 0 0 1 6 1 1 1 4 1 2 1 4 -1 -1 -1 -1 -1 -1 381961 0 15 24 15 10 2 4 2 5
0 0 0 1 6 1 1 1 4 1 2 1 4 -1 -1 -1 -1 -1 -1 382961 0 15 24 15 10 2 4 2 5
0 0 0 1 6 1 1 1 4 1 2 1 4 -1 -1 -1 -1 -1 -1 383961 0 15 24 15 10 2 4 2 5
0 0 0 1 7 1 1 1 4 1 2 1 4 4 4 6 1 1 1 384960 0 15 24 15 10 2 8 0 5
0 0 0 1 1 6 1 1 4 1 2 1 5 -1 -1 -1 -1 -1 -1 385760 0 15 24 16 13 2 8 0 5
0 0 0 1 1 6 1 1 4 1 2 1 5 -1 -1 -1 -1 -1 -1 386527 0 15 24 16 13 2 8 0 5
0 0 0 1 1 6 1 1 4 1 2 1 5 -1 -1 -1 -1 -1 -1 387327 0 15 24 16 13 2 8 0 5
0 0 0 1 1 6 3 1 4 1 2 1 5 6 4 5 0 0 0 388093 0 15 24 16 13 2 4 2 5
0 0 0 1 1 6 1 1 4 1 2 1 5 -1 -1 -1 -1 -1 -1 388859 0 15 24 16 13 2 4 2 5
0 0 0 1 1 1 6 1 4 1 2 1 6 -1 -1 -1 -1 -1 -1 389626 0 15 24 16 13 2 4 2 5
0 0 0 1 1 1 6 1 4 1 2 1 6 -1 -1 -1 -1 -1 -1 390392 0 15 24 16 13 2 4 2 5
0 0 0 1 1 1 6 3 4 1 2 1 6 7 4 7 2 0 0 391159 0 15 24 16 13 2 6 2 5
0 0 0 1 1 1 6 1 4 1 2 1 6 -1 -1 -1 -1 -1 -1 391925 0 15 24 16 13 2 6 2 5
0 0 0 1 1 1 6 1 4 1 2 1 6 -1 -1 -1 -1 -1 -1 392692 0 15 24 16 13 2 6 2 5
0 0 0 1 1 1 6 1 4 1 2 1 6 -1 -1 -1 -1 -1 -1 393458 0 15 24 16 13 2 6 2 5
0 0 0 1 1 1 6 3 4 1 2 1 6 7 4 8 3 0 0 394225 0 15 24 16 13 2 5 2 5
0 0 0 1 1 6 1 1 4 1 2 1 5 -1 -1 -1 -1 -1 -1 394991 0 15 24 16 13 2 5 2 5
0 0 0 1 1 1 6 1 4 1 2 1 6 -1 -1 -1 -1 -1 -1 395758 0 15 24 16 13 2 5 2 5
0 0 0 1 1 1 6 1 4 1 2 1 6 -1 -1 -1 -1 -1 -1 396524 0 15 24 16 13 2 5 2 5
0 0 0 1 1 3 6 1 4 1 2 1 6 5 4 6 1 0 0 397291 0 15 24 16 13 2 4 2 5
0 0 0 1 1 1 6 1 4 1 2 1 6 -1 -1 -1 -1 -1 -1 398091 0 15 24 16 13 2 4 2 5
0 0 0 1 1 6 1 1 4 1 2 1 5 -1 -1 -1 -1 -1 -1 398857 0 15 24 16 13 2 4 2 5
0 0 0 1 1 6 1 1 4 1 2 1 5 -1 -1 -1 -1 -1 -1 399624 0 15 24 16 13 2 4 2 5
0 0 0 1 1 6 3 1 4 1 2 1 5 6 4 7 2 0 0 400390 0 15 24 16 13 2 5 2 5
0 0 0 1 1 6 1 1 4 1 2 1 5 -1 -1 -1 -1 -1 -1 401156 0 15 24 16 13 2 5 2 5
0 0 0 1 1 6 1 1 4 1 2 1 5 -1 -1 -1 -1 -1 -1 401923 0 15 24 16 13 2 5 2 5
0 0 0 1 1 6 1 1 4 1 2 1 5 -1 -1 -1 -1 -1 -1 402689 0 15 24 16 13 2 5 2 5
0 0 0 1 1 7 1 1 4 1 2 1 5 5 4 6 1 1 1 403456 0 15 24 16 13 2 5 2 5
0 0 0 0 1 6 1 0 5 2 2 0 5 -1 -1 -1 -1 -1 -1 414320 0 15 24 22 60 2 8 0 3
0 0 0 0 1 6 1 0 5 2 2 0 5 -1 -1 -1 -1 -1 -1 414487 0 15 24 22 60 2 8 0 3
0 0 0 0 1 6 1 0 5 2 2 0 5 -1 -1 -1 -1 -1 -1 414653 0 15 24 22 60 2 5 2 3
0 0 0 0 1 6 1 0 5 2 2 0 5 -1 -1 -1 -1 -1 -1 414820 0 15 24 22 52.8 2 5 2 3
0 0 0 0 1 6 1 0 5 2 2 0 5 -1 -1 -1 -1 -1 -1 415053 0 15 24 22 36 2 5 2 3
0 0 0 0 1 6 1 0 5 2 2 0 5 -1 -1 -1 -1 -1 -1 415420 0 15 24 22 24 2 5 2 3
0 0 0 0 1 6 1 0 5 2 2 0 5 -1 -1 -1 -1 -1 -1 415853 0 15 24 22 24 2 6 2 3
0 0 0 0 1 6 1 0 5 2 2 0 5 -1 -1 -1 -1 -1 -1 416253 0 15 24 22 24 2 6 2 3
0 0 0 0 1 6 1 0 5 2 2 0 5 -1 -1 -1 -1 -1 -1 416686 0 15 24 22 24 2 6 2 3
0 0 0 0 1 6 1 0 5 2 2 0 5 -1 -1 -1 -1 -1 -1 417086 0 15 24 22 24 2 6 2 3
0 0 0 0 1 6 3 0 5 2 2 0 5 6 5 4 2 0 0 417519 0 15 24 22 24 2 5 2 3
0 0 0 0 1 6 1 0 5 2 2 0 5 -1 -1 -1 -1 -1 -1 417919 0 15 24 22 24 2 5 2 3
0 0 0 0 1 6 1 0 5 2 2 0 5 -1 -1 -1 -1 -1 -1 418352 0 15 24 22 24 2 5 2 3
0 0 0 0 1 6 1 0 5 2 2 0 5 -1 -1 -1 -1 -1 -1 418752 0 15 24 22 24 2 5 2 3
0 0 0 0 3 6 1 0 5 2 2 0 5 4 5 4 3 0 0 419185 0 15 24 22 24 2 6 2 3
0 0 0 0 1 6 1 0 5 2 2 0 5 -1 -1 -1 -1 -1 -1 419585 0 15 24 22 24 2 6 2 3
0 0 0 0 1 6 1 0 5 2 2 0 5 -1 -1 -1 -1 -1 -1 420019 0 15 24 22 24 2 6 2 3
0 0 0 0 1 6 1 0 5 2 2 0 5 -1 -1 -1 -1 -1 -1 420418 0 15 24 22 24 2 6 2 3
0 0 0 0 1 6 3 0 5 2 2 0 5 6 5 4 0 0 0 420852 0 15 24 22 24 2 4 2 3
0 0 0 0 1 6 1 0 5 2 2 0 5 -1 -1 -1 -1 -1 -1 421252 0 15 24 22 24 2 4 2 3
0 0 0 0 1 6 1 0 5 2 2 0 5 -1 -1 -1 -1 -1 -1 421685 0 15 24 22 24 2 4 2 3
0 0 0 0 1 1 6 0 5 2 2 0 6 -1 -1 -1 -1 -1 -1 422085 0 15 24 22 24 2 4 2 3
0 0 0 0 1 6 3 0 5 2 2 0 5 6 5 4 2 0 0 422518 0 15 24 22 24 2 5 2 3
0 0 0 0 1 6 1 0 5 2 2 0 5 -1 -1 -1 -1 -1 -1 422918 0 15 24 22 24 2 5 2 3
0 0 0 0 1 6 1 0 5 2 2 0 5 -1 -1 -1 -1 -1 -1 423351 0 15 24 22 24 2 5 2 3
0 0 0 0 1 6 1 0 5 2 2 0 5 -1 -1 -1 -1 -1 -1 423751 0 15 24 22 24 2 5 2 3
0 0 0 0 1 6 3 0 5 2 2 0 5 6 5 4 1 0 0 424184 0 15 24 22 24 2 5 2 3
0 0 0 0 1 6 1 0 5 2 2 0 5 -1 -1 -1 -1 -1 -1 424584 0 15 24 22 24 2 5 2 3
0 0 0 0 1 6 1 0 5 2 2 0 5 -1 -1 -1 -1 -1 -1 425017 0 15 24 22 24 2 5 2 3
0 0 0 0 1 6 1 0 5 2 2 0 5 -1 -1 -1 -1 -1 -1 425417 0 15 24 22 24 2 5 2 3
0 0 0 0 3 6 1 0 5 2 2 0 5 4 5 4 0 0 0 425850 0 15 24 22 24 2 8 0 3
0 0 0 0 1 6 1 0 5 2 2 0 5 -1 -1 -1 -1 -1 -1 426250 0 15 24 22 24 2 8 0 3
0 0 0 0 1 6 1 0 5 2 2 0 5 -1 -1 -1 -1 -1 -1 426684 0 15 24 22 24 2 8 0 3
0 0 0 0 1 1 6 0 5 2 2 0 6 -1 -1 -1 -1 -1 -1 427083 0 15 24 22 24 2 8 0 3
0 0 0 0 1 3 6 0 5 2 2 0 6 5 5 4 2 0 0 427517 0 15 24 22 24 2 5 2 3
0 0 0 0 1 1 6 0 5 2 2 0 6 -1 -1 -1 -1 -1 -1 427917 0 15 24 22 24 2 5 2 3
0 0 0 0 1 6 1 0 5 2 2 0 5 -1 -1 -1 -1 -1 -1 428350 0 15 24 22 24 2 5 2 3
0 0 0 0 1 6 1 0 5 2 2 0 5 -1 -1 -1 -1 -1 -1 428750 0 15 24 22 24 2 5 2 3
0 0 0 0 1 6 3 0 5 2 2 0 5 6 5 4 3 0 0 429183 0 15 24 22 24 2 6 2 3
0 0 0 0 1 6 1 0 5 2 2 0 5 -1 -1 -1 -1 -1 -1 429583 0 15 24 22 24 2 6 2 3
0 0 0 0 1 1 6 0 5 2 2 0 6 -1 -1 -1 -1 -1 -1 430016 0 15 24 22 24 2 6 2 3
0 0 0 0 1 1 6 0 5 2 2 0 6 -1 -1 -1 -1 -1 -1 430416 0 15 24 22 24 2 6 2 3
0 0 0 0 1 3 6 0 5 2 2 0 6 5 5 4 0 0 0 430849 0 15 24 22 24 2 5 2 3
0 0 0 0 1 1 6 0 5 2 2 0 6 -1 -1 -1 -1 -1 -1 431249 0 15 24 22 24 2 5 2 3
0 0 0 0 1 6 1 0 5 2 2 0 5 -1 -1 -1 -1 -1 -1 431682 0 15 24 22 24 2 5 2 3
0 0 0 0 1 6 1 0 5 2 2 0 5 -1 -1 -1 -1 -1 -1 432082 0 15 24 22 24 2 5 2 3
0 0 0 0 1 7 1 0 5 2 2 0 5 5 5 4 3 1 1 432515 0 15 24 22 24 2 6 2 3
0 0 0 0 1 6 1 0 5 2 2 0 5 -1 -1 -1 -1 -1 -1 432915 0 15 24 22 24 2 6 2 3
0 0 0 0 1 6 1 0 5 2 2 0 5 -1 -1 -1 -1 -1 -1 433349 0 15 24 22 24 2 6 2 3
0 0 0 0 6 1 1 0 5 2 2 0 4 -1 -1 -1 -1 -1 -1 433749 0 15 24 22 24 2 6 2 3
0 0 0 0 7 1 1 0 5 2 2 0 4 4 5 4 0 1 1 434182 0 15 24 22 24 2 4 2 3
0 0 0 0 6 1 1 0 5 2 2 0 4 -1 -1 -1 -1 -1 -1 434582 0 15 24 23 25 2 4 2 3
0 0 0 0 1 6 1 0 5 2 2 0 5 -1 -1 -1 -1 -1 -1 434982 0 15 24 23 25 2 4 2 3
0 0 0 0 1 1 6 0 5 2 2 0 6 -1 -1 -1 -1 -1 -1 435381 0 15 24 23 25 2 4 2 3
0 0 0 0 1 1 7 0 5 2 2 0 6 6 5 4 3 1 1 435781 0 15 24 23 25 2 5 2 3
0 0 0 0 1 6 1 0 6 6 1 0 5 -1 -1 -1 -1 -1 -1 442413 0 15 40 19 60 2 8 0 3
0 0 0 0 1 6 1 0 6 6 1 0 5 -1 -1 -1 -1 -1 -1 442580 0 15 40 19 60 2 8 0 3
0 0 0 0 1 6 1 0 6 6 1 0 5 -1 -1 -1 -1 -1 -1 442746 0 15 40 19 60 2 5 2 3
0 0 0 0 1 6 1 0 6 6 1 0 5 -1 -1 -1 -1 -1 -1 442913 0 15 40 19 52.2 2 5 2 3
0 0 0 0 1 6 1 0 6 6 1 0 5 -1 -1 -1 -1 -1 -1 443146 0 15 40 19 34 2 5 2 3
0 0 0 0 1 6 1 0 6 6 1 0 5 -1 -1 -1 -1 -1 -1 443579 0 15 40 19 21 2 5 2 3
0 0 0 0 1 6 1 0 6 6 1 0 5 -1 -1 -1 -1 -1 -1 444046 0 15 40 19 21 2 5 2 3
0 0 0 0 1 1 6 0 6 6 1 0 6 -1 -1 -1 -1 -1 -1 444546 0 15 40 19 21 2 5 2 3
0 0 0 0 1 1 6 0 6 6 1 0 6 -1 -1 -1 -1 -1 -1 445012 0 15 40 19 21 2 5 2 3
0 0 0 0 1 1 6 0 6 6 1 0 6 -1 -1 -1 -1 -1 -1 445479 0 15 40 19 21 2 5 2 3
0 0 0 0 1 1 7 0 6 6 1 0 6 6 5 4 4 1 1 445979 0 15 40 19 21 2 4 2 3
0 0 0 0 1 1 6 0 6 6 1 0 6 -1 -1 -1 -1 -1 -1 446445 0 15 40 19 21 2 4 2 3
0 0 0 0 1 1 6 0 6 6 1 0 6 -1 -1 -1 -1 -1 -1 446912 0 15 40 19 21 2 4 2 3
0 0 0 0 1 1 6 0 6 6 1 0 6 -1 -1 -1 -1 -1 -1 447379 0 15 40 19 21 2 4 2 3
0 0 0 0 1 1 7 0 6 6 1 0 6 6 5 4 4 1 1 447878 0 15 40 19 21 2 4 2 3
0 0 0 0 1 1 6 0 6 6 1 0 6 -1 -1 -1 -1 -1 -1 448345 0 15 40 20 22 2 4 2 3
0 0 0 0 1 6 1 0 6 6 1 0 5 -1 -1 -1 -1 -1 -1 448778 0 15 40 20 22 2 4 2 3
0 0 0 0 6 1 1 0 6 6 1 0 4 -1 -1 -1 -1 -1 -1 449245 0 15 40 20 22 2 4 2 3
0 0 0 0 7 1 1 0 6 6 1 0 4 4 5 4 4 1 1 449678 0 15 40 20 22 2 6 2 3
0 0 0 0 6 1 1 0 6 6 1 0 4 -1 -1 -1 -1 -1 -1 450145 0 15 40 20 22 2 6 2 3
0 0 0 0 6 1 1 0 6 6 1 0 4 -1 -1 -1 -1 -1 -1 450611 0 15 40 20 22 2 6 2 3
0 0 0 0 6 1 1 0 6 6 1 0 4 -1 -1 -1 -1 -1 -1 451044 0 15 40 20 22 2 6 2 3
0 0 0 0 7 1 1 0 6 6 1 0 4 4 5 4 4 1 1 451511 0 15 40 20 22 2 6 2 3
0 0 0 0 6 1 1 0 6 6 1 0 4 -1 -1 -1 -1 -1 -1 451944 0 15 40 21 23 2 6 2 3
0 0 0 0 1 6 1 0 6 6 1 0 5 -1 -1 -1 -1 -1 -1 452377 0 15 40 21 23 2 6 2 3
0 0 0 0 1 1 6 0 6 6 1 0 6 -1 -1 -1 -1 -1 -1 452811 0 15 40 21 23 2 6 2 3
0 0 0 0 1 1 7 0 6 6 1 0 6 6 5 4 4 1 1 453244 0 15 40 21 23 2 5 2 3
0 0 0 0 1 1 6 0 6 6 1 0 6 -1 -1 -1 -1 -1 -1 453677 0 15 40 21 23 2 5 2 3
0 0 0 0 6 1 1 0 6 6 1 0 4 -1 -1 -1 -1 -1 -1 454110 0 15 40 21 23 2 5 2 3
0 0 0 0 6 1 1 0 6 6 1 0 4 -1 -1 -1 -1 -1 -1 454543 0 15 40 21 23 2 5 2 3
0 0 0 0 7 1 1 0 6 6 1 0 4 4 5 4 4 1 1 454977 0 15 40 21 23 2 8 0 3
0 0 0 0 6 1 1 0 6 6 1 0 4 -1 -1 -1 -1 -1 -1 455410 0 15 40 22 24 2 8 0 3
0 0 0 0 6 1 1 0 6 6 1 0 4 -1 -1 -1 -1 -1 -1 455810 0 15 40 22 24 2 8 0 3
0 0 0 0 6 1 1 0 6 6 1 0 4 -1 -1 -1 -1 -1 -1 456243 0 15 40 22 24 2 8 0 3
0 0 0 1 7 1 1 1 6 6 1 0 4 4 5 4 4 1 1 456643 0 15 40 22 24 2 5 2 5
0 0 0 1 6 1 1 1 6 6 1 0 4 -1 -1 -1 -1 -1 -1 457076 0 15 40 22 24 2 5 2 5
0 0 0 1 1 6 1 1 6 6 1 0 5 -1 -1 -1 -1 -1 -1 457476 0 15 40 22 24 2 5 2 5
0 0 0 1 1 6 1 1 6 6 1 0 5 -1 -1 -1 -1 -1 -1 457909 0 15 40 22 24 2 5 2 5
0 0 0 1 1 7 1 1 6 6 1 0 5 5 5 4 4 1 1 458309 0 15 40 22 24 2 5 2 5
0 0 0 1 1 6 1 1 6 6 1 1 5 -1 -1 -1 -1 -1 -1 458742 0 15 40 23 25 2 5 2 5
0 0 0 6 1 1 1 1 6 6 1 1 3 -1 -1 -1 -1 -1 -1 459142 0 15 40 23 25 2 5 2 5
0 0 0 6 1 1 1 1 6 6 1 1 3 -1 -1 -1 -1 -1 -1 459542 0 15 40 23 25 2 5 2 5
0 0 0 7 1 1 1 1 6 6 1 1 3 3 5 4 4 1 1 459942 0 15 40 23 25 2 4 2 5
0 0 0 6 1 1 1 1 6 6 1 1 3 -1 -1 -1 -1 -1 -1 460342 0 15 40 23 25 2 4 2 5
0 0 0 1 6 1 1 1 6 6 1 1 4 -1 -1 -1 -1 -1 -1 460742 0 15 40 23 25 2 4 2 5
0 0 0 1 6 1 1 1 6 6 1 1 4 -1 -1 -1 -1 -1 -1 461142 0 15 40 23 25 2 4 2 5
0 0 0 1 7 1 1 1 6 6 1 1 4 4 5 4 4 1 1 461542 0 15 40 23 25 2 4 2 5
0 0 0 1 6 1 1 1 6 6 1 1 4 -1 -1 -1 -1 -1 -1 461908 0 15 40 24 25.5 2 4 2 5
0 0 0 6 1 1 1 1 6 6 1 1 3 -1 -1 -1 -1 -1 -1 462308 0 15 40 24 25.5 2 4 2 5
0 0 0 6 1 1 1 1 6 6 1 1 3 -1 -1 -1 -1 -1 -1 462708 0 15 40 24 25.5 2 4 2 5
0 0 0 7 1 1 1 1 6 6 1 1 3 3 5 4 4 1 1 463108 0 15 40 24 25.5 2 6 2 5
0 0 0 6 1 1 1 1 6 6 1 1 3 -1 -1 -1 -1 -1 -1 463475 0 15 40 24 25.5 2 6 2 5
0 0 0 6 1 1 1 1 6 6 1 1 3 -1 -1 -1 -1 -1 -1 463874 0 15 40 24 25.5 2 6 2 5
0 0 0 6 1 1 1 1 6 6 1 1 3 -1 -1 -1 -1 -1 -1 464274 0 15 40 24 25.5 2 6 2 5
0 0 0 7 1 1 1 1 6 6 1 1 3 3 5 4 4 1 1 464674 0 15 40 24 25.5 2 6 2 5
0 0 0 6 1 1 1 1 6 6 1 1 3 -1 -1 -1 -1 -1 -1 465041 0 15 40 25 26 2 6 2 5
0 0 0 6 1 1 1 1 6 6 1 1 3 -1 -1 -1 -1 -1 -1 465441 0 15 40 25 26 2 6 2 5
0 0 0 6 1 1 1 1 6 6 1 1 3 -1 -1 -1 -1 -1 -1 465807 0 15 40 25 26 2 6 2 5
0 0 0 7 1 1 1 1 6 6 1 1 3 3 5 4 4 1 1 466207 0 15 40 25 26 2 5 2 5
0 0 0 6 1 1 1 1 6 6 1 1 3 -1 -1 -1 -1 -1 -1 466574 0 15 40 25 26 2 5 2 5
0 0 0 1 6 1 1 1 6 6 1 1 4 -1 -1 -1 -1 -1 -1 466974 0 15 40 25 26 2 5 2 5
0 0 0 1 1 6 1 1 6 6 1 1 5 -1 -1 -1 -1 -1 -1 467340 0 15 40 25 26 2 5 2 5
0 0 0 1 1 7 1 1 6 6 1 1 5 5 5 4 4 1 1 467740 0 15 40 25 26 2 8 0 5
0 0 0 1 1 6 1 1 6 6 1 1 5 -1 -1 -1 -1 -1 -1 468107 0 15 40 26 26.5 2 8 0 5
0 0 0 1 1 6 1 1 6 6 1 1 5 -1 -1 -1 -1 -1 -1 468507 0 15 40 26 26.5 2 8 0 5
0 0 0 1 1 6 1 1 6 6 1 1 5 -1 -1 -1 -1 -1 -1 468873 0 15 40 26 26.5 2 8 0 5
0 0 0 1 1 7 1 1 6 6 1 1 5 5 5 4 4 1 1 469240 0 15 40 26 26.5 2 5 2 5
0 0 0 1 1 6 1 1 6 6 1 1 5 -1 -1 -1 -1 -1 -1 469640 0 15 40 26 26.5 2 5 2 5
0 0 0 1 1 1 6 1 6 6 1 1 6 -1 -1 -1 -1 -1 -1 470006 0 15 40 26 26.5 2 5 2 5
0 0 0 1 1 1 6 1 6 6 1 1 6 -1 -1 -1 -1 -1 -1 470373 0 15 40 26 26.5 2 5 2 5
0 0 0 1 1 1 7 1 6 6 1 1 6 6 5 4 4 1 1 470773 0 15 40 26 26.5 2 5 2 5
0 0 0 1 1 1 6 1 6 6 1 2 6 -1 -1 -1 -1 -1 -1 471139 0 15 40 27 27 2 5 2 5
0 0 0 1 1 1 6 1 6 6 1 2 6 -1 -1 -1 -1 -1 -1 471506 0 15 40 27 27 2 5 2 5
0 0 0 1 1 1 6 1 6 6 1 2 6 -1 -1 -1 -1 -1 -1 471873 0 15 40 27 27 2 5 2 5
0 0 0 1 1 1 7 1 6 6 1 2 6 6 5 4 4 1 1 472239 0 15 40 27 27 2 4 2 5
0 0 0 1 1 1 6 1 6 6 1 2 6 -1 -1 -1 -1 -1 -1 472606 0 15 40 27 27 2 4 2 5
0 0 0 4 1 6 1 1 6 6 1 2 5 -1 -1 -1 -1 -1 -1 472972 1 15 40 27 27 2 4 2 5
0 0 0 1 6 1 1 1 6 6 1 2 4 -1 -1 -1 -1 -1 -1 473339 0 15 40 27 27 2 4 2 5
0 0 0 1 7 1 1 1 6 6 1 2 4 4 5 4 4 1 1 473739 0 15 40 27 27 2 4 2 5
0 0 0 1 6 1 1 1 6 6 1 2 4 -1 -1 -1 -1 -1 -1 474072 0 15 40 28 27.5 2 4 2 5
0 0 0 1 6 4 1 1 6 6 1 2 4 -1 -1 -1 -1 -1 -1 474439 1 15 40 28 27.5 2 4 2 5
0 0 0 1 1 6 1 1 6 6 1 2 5 -1 -1 -1 -1 -1 -1 474805 0 15 40 28 27.5 2 4 2 5
0 0 0 1 1 7 1 1 6 6 1 2 5 5 5 4 4 1 1 475172 0 15 40 28 27.5 2 6 2 5
0 0 0 1 1 6 1 1 6 6 1 2 5 -1 -1 -1 -1 -1 -1 475538 0 15 40 28 27.5 2 6 2 5
0 0 0 4 6 1 1 1 6 6 1 2 4 -1 -1 -1 -1 -1 -1 475905 1 15 40 28 27.5 2 6 2 5
0 0 0 6 1 1 1 1 6 6 1 2 3 -1 -1 -1 -1 -1 -1 476271 0 15 40 28 27.5 2 6 2 5
0 0 0 7 1 1 1 1 6 6 1 2 3 3 5 4 4 1 1 476638 0 15 40 28 27.5 2 6 2 5
0 0 0 6 1 1 1 1 6 6 1 2 3 -1 -1 -1 -1 -1 -1 477005 0 15 40 29 28 2 6 2 5
0 0 0 6 4 1 1 1 6 6 1 2 3 -1 -1 -1 -1 -1 -1 477338 1 15 40 29 28 2 6 2 5
0 0 0 6 1 1 1 1 6 6 1 2 3 -1 -1 -1 -1 -1 -1 477704 0 15 40 29 28 2 6 2 5
0 0 0 7 1 1 1 1 6 6 1 2 3 3 5 4 4 1 1 478071 0 15 40 29 28 2 5 2 5
0 0 0 6 1 1 1 1 6 6 1 2 3 -1 -1 -1 -1 -1 -1 478404 0 15 40 29 28 2 5 2 5
0 0 0 1 6 1 4 1 6 6 1 2 4 -1 -1 -1 -1 -1 -1 478771 1 15 40 29 28 2 5 2 5
0 0 0 1 1 6 1 1 6 6 1 2 5 -1 -1 -1 -1 -1 -1 479137 0 15 40 29 28 2 5 2 5
0 0 0 1 1 7 1 1 6 6 1 2 5 5 5 4 4 1 1 479504 0 15 40 29 28 2 8 0 5
0 0 0 1 1 6 1 1 6 6 1 2 5 -1 -1 -1 -1 -1 -1 479837 0 15 40 30 28.5 2 8 0 5
0 0 0 4 6 1 1 1 6 6 1 2 4 -1 -1 -1 -1 -1 -1 480204 1 15 40 30 28.5 2 8 0 5
0 0 0 1 6 1 1 1 6 6 1 2 4 -1 -1 -1 -1 -1 -1 480537 0 15 40 30 28.5 2 8 0 5
0 0 0 1 7 1 1 1 6 6 1 2 4 4 5 4 4 1 1 480904 0 15 40 30 28.5 2 5 2 5
0 0 0 1 6 1 1 1 6 6 1 2 4 -1 -1 -1 -1 -1 -1 481237 0 15 40 30 28.5 2 5 2 5
0 0 0 1 6 4 1 1 6 6 1 2 4 -1 -1 -1 -1 -1 -1 481603 1 15 40 30 28.5 2 5 2 5
0 0 0 1 1 6 1 1 6 6 1 2 5 -1 -1 -1 -1 -1 -1 481937 0 15 40 30 28.5 2 5 2 5
0 0 0 1 1 1 7 1 6 6 1 2 6 6 5 4 4 1 1 482303 0 15 40 30 28.5 2 5 2 5
0 0 0 1 1 1 6 1 6 6 1 2 6 -1 -1 -1 -1 -1 -1 482637 0 15 40 31 29 2 5 2 5
0 0 0 1 1 6 1 4 6 6 1 2 5 -1 -1 -1 -1 -1 -1 483003 1 15 40 31 29 2 5 2 5
0 0 0 1 1 1 6 1 6 6 1 2 6 -1 -1 -1 -1 -1 -1 483336 0 15 40 31 29 2 5 2 5
0 0 0 1 1 1 1 7 6 6 1 2 7 7 5 4 4 1 1 483670 0 15 40 31 29 2 4 2 5
0 0 0 1 1 1 1 6 6 6 1 2 7 -1 -1 -1 -1 -1 -1 484036 0 15 40 31 29 2 4 2 5
0 0 0 1 4 1 1 6 6 6 1 2 7 -1 -1 -1 -1 -1 -1 484369 1 15 40 31 29 2 4 2 5
0 0 0 1 1 1 1 6 6 6 1 2 7 -1 -1 -1 -1 -1 -1 484703 0 15 40 31 29 2 4 2 5
0 0 0 1 1 1 1 7 6 6 1 2 7 7 5 4 4 1 1 485069 0 15 40 31 29 2 4 2 5
0 0 0 1 1 1 1 6 6 6 1 2 7 -1 -1 -1 -1 -1 -1 485403 0 15 40 32 29.5 2 4 2 5
0 0 0 1 1 4 1 6 6 6 1 2 7 -1 -1 -1 -1 -1 -1 485736 1 15 40 32 29.5 2 4 2 5
0 0 0 1 1 1 6 1 6 6 1 2 6 -1 -1 -1 -1 -1 -1 486069 0 15 40 32 29.5 2 4 2 5
0 0 0 1 1 7 1 1 6 6 1 2 5 5 5 4 4 1 1 486402 0 15 40 32 29.5 2 6 2 5
0 0 0 1 1 6 1 1 6 6 1 2 5 -1 -1 -1 -1 -1 -1 486736 0 15 40 32 29.5 2 6 2 5
0 0 0 1 4 6 1 1 6 6 1 2 5 -1 -1 -1 -1 -1 -1 487102 1 15 40 32 29.5 2 6 2 5
0 0 0 1 6 1 1 1 6 6 1 2 4 -1 -1 -1 -1 -1 -1 487435 0 15 40 32 29.5 2 6 2 5
0 0 0 7 1 1 1 1 6 6 1 2 3 3 5 4 4 1 1 487769 0 15 40 32 29.5 2 6 2 5
0 0 0 1 1 6 1 1 7 0 2 2 5 -1 -1 -1 -1 -1 -1 494500 0 15 24 23 60 2 8 0 5
0 0 0 1 1 6 1 1 7 0 2 2 5 -1 -1 -1 -1 -1 -1 494667 0 15 24 23 60 2 8 0 5
0 0 0 1 1 6 1 1 7 0 2 2 5 -1 -1 -1 -1 -1 -1 494834 0 15 24 23 60 2 5 2 5
0 0 0 1 1 6 1 1 7 0 2 2 5 -1 -1 -1 -1 -1 -1 495000 0 15 24 23 53 2 5 2 5
0 0 0 1 1 6 1 1 7 0 2 2 5 -1 -1 -1 -1 -1 -1 495233 0 15 24 23 36.6666 2 5 2 5
0 0 0 1 1 6 1 1 7 0 2 2 5 -1 -1 -1 -1 -1 -1 495600 0 15 24 23 25 2 5 2 5
0 0 0 1 1 6 1 1 7 0 2 2 5 -1 -1 -1 -1 -1 -1 496000 0 15 24 23 25 2 5 2 5
0 0 0 1 1 6 1 1 7 0 2 2 5 -1 -1 -1 -1 -1 -1 496400 0 15 24 23 25 2 5 2 5
0 0 0 1 1 6 1 1 7 0 2 2 5 -1 -1 -1 -1 -1 -1 496800 0 15 24 23 25 2 5 2 5
0 0 0 1 1 6 1 1 7 0 2 2 5 -1 -1 -1 -1 -1 -1 497200 0 15 24 23 25 2 5 2 5
0 0 0 3 1 6 1 1 7 0 2 2 5 3 3 4 3 0 0 497600 0 15 24 23 25 2 6 2 5
0 0 0 1 1 6 1 1 7 0 2 2 5 -1 -1 -1 -1 -1 -1 497999 0 15 24 23 25 2 6 2 5
0 0 0 1 1 6 1 4 7 0 2 2 5 -1 -1 -1 -1 -1 -1 498399 1 15 24 23 25 2 6 2 5
0 0 0 1 1 6 1 1 7 0 2 2 5 -1 -1 -1 -1 -1 -1 498799 0 15 24 23 25 2 6 2 5
0 0 0 3 1 6 1 1 7 0 2 2 5 3 2 4 0 0 0 499199 0 15 24 23 25 2 4 2 5
0 0 0 1 1 6 1 1 7 0 2 2 5 -1 -1 -1 -1 -1 -1 499599 0 15 24 23 25 2 4 2 5
0 0 0 1 4 6 1 1 7 0 2 2 5 -1 -1 -1 -1 -1 -1 499999 1 15 24 23 25 2 4 2 5
0 0 0 1 1 6 1 1 7 0 2 2 5 -1 -1 -1 -1 -1 -1 500399 0 15 24 23 25 2 4 2 5
0 0 0 3 1 6 1 1 7 0 2 2 5 3 0 4 1 0 0 500799 0 15 24 23 25 2 4 2 5
0 0 0 1 1 6 1 1 7 0 2 2 5 -1 -1 -1 -1 -1 -1 501199 0 15 24 23 25 2 4 2 5
0 0 0 1 4 6 1 1 7 0 2 2 5 -1 -1 -1 -1 -1 -1 501599 1 15 24 23 25 2 4 2 5
0 0 0 1 6 1 1 1 7 0 2 2 4 -1 -1 -1 -1 -1 -1 501999 0 15 24 23 25 2 4 2 5
0 0 0 1 7 1 1 1 7 0 2 2 4 4 2 4 0 1 1 502398 0 15 24 23 25 2 6 2 5
0 0 0 1 6 1 1 1 7 0 2 2 4 -1 -1 -1 -1 -1 -1 502798 0 15 24 23 25 2 6 2 5
0 0 0 1 6 1 1 4 7 0 2 2 4 -1 -1 -1 -1 -1 -1 503198 1 15 24 23 25 2 6 2 5
0 0 0 1 6 1 1 1 7 0 2 2 4 -1 -1 -1 -1 -1 -1 503598 0 15 24 23 25 2 6 2 5
0 0 0 1 7 1 1 1 7 0 2 2 4 4 0 4 1 1 1 503998 0 15 24 23 25 2 4 2 5
0 0 0 1 6 1 1 1 7 0 2 2 4 -1 -1 -1 -1 -1 -1 504365 0 15 24 24 25.5 2 4 2 5
0 0 0 1 1 6 1 4 7 0 2 2 5 -1 -1 -1 -1 -1 -1 504764 1 15 24 24 25.5 2 4 2 5
0 0 0 1 1 6 1 1 7 0 2 2 5 -1 -1 -1 -1 -1 -1 505164 0 15 24 24 25.5 2 4 2 5
0 0 0 1 6 3 1 1 7 0 2 2 4 5 1 4 2 0 0 505564 0 15 24 24 25.5 2 8 0 5
0 0 0 1 6 1 1 1 7 0 2 2 4 -1 -1 -1 -1 -1 -1 505964 0 15 24 24 25.5 2 8 0 5
0 0 0 4 1 6 1 1 7 0 2 2 5 -1 -1 -1 -1 -1 -1 506331 1 15 24 24 25.5 2 8 0 5
0 0 0 1 1 6 1 1 7 0 2 2 5 -1 -1 -1 -1 -1 -1 506731 0 15 24 24 25.5 2 8 0 5
0 0 0 1 1 1 6 3 7 0 2 2 6 7 3 4 3 0 0 507131 0 15 24 24 25.5 2 5 2 5
0 0 0 1 1 1 6 1 7 0 2 2 6 -1 -1 -1 -1 -1 -1 507530 0 15 24 24 25.5 2 5 2 5
0 0 0 1 1 4 6 1 7 0 2 2 6 -1 -1 -1 -1 -1 -1 507897 1 15 24 24 25.5 2 5 2 5
0 0 0 1 1 1 1 6 7 0 2 2 7 -1 -1 -1 -1 -1 -1 508297 0 15 24 24 25.5 2 5 2 5
0 0 0 1 1 1 1 7 7 0 2 2 7 7 1 4 2 1 1 508697 0 15 24 24 25.5 2 5 2 5
0 0 0 1 1 1 1 6 7 0 2 2 7 -1 -1 -1 -1 -1 -1 509097 0 15 24 24 25.5 2 5 2 5
0 0 0 4 1 1 6 1 7 0 2 2 6 -1 -1 -1 -1 -1 -1 509463 1 15 24 24 25.5 2 5 2 5
0 0 0 1 1 6 1 1 7 0 2 2 5 -1 -1 -1 -1 -1 -1 509863 0 15 24 24 25.5 2 5 2 5
0 0 0 1 1 6 3 1 7 0 2 2 5 6 0 4 1 0 0 510263 0 15 24 24 25.5 2 6 2 5
0 0 0 1 1 6 1 1 7 0 2 2 5 -1 -1 -1 -1 -1 -1 510663 0 15 24 24 25.5 2 6 2 5
0 0 0 1 4 6 1 1 7 0 2 2 5 -1 -1 -1 -1 -1 -1 511030 1 15 24 24 25.5 2 6 2 5
0 0 0 1 1 6 1 1 7 0 2 2 5 -1 -1 -1 -1 -1 -1 511430 0 15 24 24 25.5 2 6 2 5
0 0 0 1 3 6 1 1 7 0 2 2 5 4 3 4 3 0 0 511829 0 15 24 24 25.5 2 4 2 5
0 0 0 1 1 6 1 1 7 0 2 2 5 -1 -1 -1 -1 -1 -1 512229 0 15 24 24 25.5 2 4 2 5
0 0 0 4 1 1 6 1 7 0 2 2 6 -1 -1 -1 -1 -1 -1 512596 1 15 24 24 25.5 2 4 2 5
0 0 0 1 1 1 6 1 7 0 2 2 6 -1 -1 -1 -1 -1 -1 512996 0 15 24 24 25.5 2 4 2 5
0 0 0 1 1 1 7 1 7 0 2 2 6 6 0 4 1 1 1 513396 0 15 24 24 25.5 2 4 2 5
0 0 0 1 1 1 6 1 7 0 2 2 6 -1 -1 -1 -1 -1 -1 513796 0 15 24 24 25.5 2 4 2 5
0 0 0 1 1 4 6 1 7 0 2 2 6 -1 -1 -1 -1 -1 -1 514196 1 15 24 24 25.5 2 4 2 5
0 0 0 1 1 6 1 1 7 0 2 2 5 -1 -1 -1 -1 -1 -1 514562 0 15 24 24 25.5 2 4 2 5
0 0 0 1 3 6 1 1 7 0 2 2 5 4 1 4 2 0 0 514962 0 15 24 24 25.5 2 6 2 5
0 0 0 1 1 6 1 1 7 0 2 2 5 -1 -1 -1 -1 -1 -1 515362 0 15 24 24 25.5 2 6 2 5
0 0 0 1 1 6 4 1 7 0 2 2 5 -1 -1 -1 -1 -1 -1 515762 1 15 24 24 25.5 2 6 2 5
0 0 0 1 1 6 1 1 7 0 2 2 5 -1 -1 -1 -1 -1 -1 516128 0 15 24 24 25.5 2 6 2 5
0 0 0 1 1 6 3 1 7 0 2 2 5 6 3 4 3 0 0 516528 0 15 24 24 25.5 2 4 2 5
0 0 0 1 1 6 1 1 7 0 2 2 5 -1 -1 -1 -1 -1 -1 516928 0 15 24 24 25.5 2 4 2 5
0 0 0 1 1 1 6 4 7 0 2 2 6 -1 -1 -1 -1 -1 -1 517328 1 15 24 24 25.5 2 4 2 5
0 0 0 1 1 6 1 1 7 0 2 2 5 -1 -1 -1 -1 -1 -1 517695 0 15 24 24 25.5 2 4 2 5
0 0 0 1 1 7 1 1 7 0 2 2 5 5 1 4 2 1 1 518095 0 15 24 24 25.5 2 8 0 5
0 0 0 1 1 6 1 1 8 1 2 1 5 -1 -1 -1 -1 -1 -1 525659 0 15 24 16 60 2 8 0 5
0 0 0 1 1 6 1 1 8 1 2 1 5 -1 -1 -1 -1 -1 -1 525826 0 15 24 16 60 2 8 0 5
0 0 0 1 1 6 1 1 8 1 2 1 5 -1 -1 -1 -1 -1 -1 525993 0 15 24 16 60 2 4 2 5
0 0 0 1 1 6 1 1 8 1 2 1 5 -1 -1 -1 -1 -1 -1 526159 0 15 24 16 50.6 2 4 2 5
0 0 0 1 1 6 1 1 8 1 2 1 5 -1 -1 -1 -1 -1 -1 526426 0 15 24 16 25.5333 2 4 2 5
0 0 0 1 1 6 1 1 8 1 2 1 5 -1 -1 -1 -1 -1 -1 527159 0 15 24 16 13 2 4 2 5
0 0 0 1 1 6 1 1 8 1 2 1 5 -1 -1 -1 -1 -1 -1 527926 0 15 24 16 13 2 4 2 5
0 0 0 1 1 6 1 1 8 1 2 1 5 -1 -1 -1 -1 -1 -1 528692 0 15 24 16 13 2 4 2 5
0 0 0 1 1 1 6 1 8 1 2 1 6 -1 -1 -1 -1 -1 -1 529459 0 15 24 16 13 2 4 2 5
0 0 0 1 1 1 6 1 8 1 2 1 6 -1 -1 -1 -1 -1 -1 530225 0 15 24 16 13 2 4 2 5
0 0 0 1 1 3 6 1 8 1 2 1 6 5 4 7 2 0 0 530991 0 15 24 16 13 2 6 2 5
0 0 0 1 1 1 6 1 8 1 2 1 6 -1 -1 -1 -1 -1 -1 531758 0 15 24 16 13 2 6 2 5
0 0 0 1 1 6 1 1 8 1 2 1 5 -1 -1 -1 -1 -1 -1 532524 0 15 24 16 13 2 6 2 5
0 0 0 1 1 6 1 1 8 1 2 1 5 -1 -1 -1 -1 -1 -1 533291 0 15 24 16 13 2 6 2 5
0 0 0 1 1 6 3 1 8 1 2 1 5 6 4 6 1 0 0 534057 0 15 24 16 13 2 5 2 5
0 0 0 1 1 6 1 1 8 1 2 1 5 -1 -1 -1 -1 -1 -1 534857 0 15 24 16 13 2 5 2 5
0 0 0 1 1 1 6 1 8 1 2 1 6 -1 -1 -1 -1 -1 -1 535624 0 15 24 16 13 2 5 2 5
0 0 0 1 1 1 6 1 8 1 2 1 6 -1 -1 -1 -1 -1 -1 536390 0 15 24 16 13 2 5 2 5
0 0 0 1 1 3 6 1 8 1 2 1 6 5 4 8 3 0 0 537157 0 15 24 16 13 2 4 2 5
0 0 0 1 1 1 6 1 8 1 2 1 6 -1 -1 -1 -1 -1 -1 537923 0 15 24 16 13 2 4 2 5
0 0 0 1 1 1 6 1 8 1 2 1 6 -1 -1 -1 -1 -1 -1 538690 0 15 24 16 13 2 4 2 5
0 0 0 1 1 1 6 1 8 1 2 1 6 -1 -1 -1 -1 -1 -1 539456 0 15 24 16 13 2 4 2 5
0 0 0 1 1 3 6 1 8 1 2 1 6 5 4 5 0 0 0 540223 0 15 24 16 13 2 5 2 5
0 0 0 1 1 6 1 1 8 1 2 1 5 -1 -1 -1 -1 -1 -1 540989 0 15 24 16 13 2 5 2 5
0 0 0 1 1 6 1 1 8 1 2 1 5 -1 -1 -1 -1 -1 -1 541756 0 15 24 16 13 2 5 2 5
0 0 0 1 1 6 1 1 8 1 2 1 5 -1 -1 -1 -1 -1 -1 542522 0 15 24 16 13 2 5 2 5
0 0 0 3 1 6 1 1 8 1 2 1 5 3 4 6 1 0 0 543288 0 15 24 16 13 2 6 2 5
0 0 0 1 6 1 1 1 8 1 2 1 4 -1 -1 -1 -1 -1 -1 544055 0 15 24 16 13 2 6 2 5
0 0 0 6 1 1 1 1 8 1 2 1 3 -1 -1 -1 -1 -1 -1 544855 0 15 24 16 13 2 6 2 5
0 0 0 6 1 1 1 1 8 1 2 1 3 -1 -1 -1 -1 -1 -1 545621 0 15 24 16 13 2 6 2 5
0 0 0 7 1 1 1 1 8 1 2 1 3 3 4 5 0 1 1 546388 0 15 24 16 13 2 8 0 5
0 0 0 6 1 1 1 1 8 1 2 1 3 -1 -1 -1 -1 -1 -1 547154 0 15 24 16 13 2 8 0 5
0 0 0 1 6 1 1 1 8 1 2 1 4 -1 -1 -1 -1 -1 -1 547921 0 15 24 16 13 2 8 0 5
0 0 0 1 6 1 1 1 8 1 2 1 4 -1 -1 -1 -1 -1 -1 548687 0 15 24 16 13 2 8 0 5
0 0 0 3 6 1 1 1 8 1 2 1 4 3 4 7 2 0 0 549454 0 15 24 16 13 2 4 2 5
0 0 0 1 6 1 1 1 8 1 2 1 4 -1 -1 -1 -1 -1 -1 550220 0 15 24 16 13 2 4 2 5
0 0 0 1 1 6 1 1 8 1 2 1 5 -1 -1 -1 -1 -1 -1 550987 0 15 24 16 13 2 4 2 5
0 0 0 1 1 6 1 1 8 1 2 1 5 -1 -1 -1 -1 -1 -1 551753 0 15 24 16 13 2 4 2 5
0 0 0 1 3 6 1 1 8 1 2 1 5 4 4 8 3 0 0 552520 0 15 24 16 13 2 4 2 5
0 0 0 1 6 1 1 1 8 1 2 1 4 -1 -1 -1 -1 -1 -1 553286 0 15 24 16 13 2 4 2 5
0 0 0 6 1 1 1 1 8 1 2 1 3 -1 -1 -1 -1 -1 -1 554053 0 15 24 16 13 2 4 2 5
0 0 0 6 1 1 1 1 8 1 2 1 3 -1 -1 -1 -1 -1 -1 554819 0 15 24 16 13 2 4 2 5
0 0 0 7 1 1 1 1 8 1 2 1 3 3 4 7 2 1 1 555619 0 15 24 16 13 2 6 2 5
0 0 0 6 1 1 1 1 8 1 2 1 3 -1 -1 -1 -1 -1 -1 556252 0 15 24 17 16 2 6 2 5
0 0 0 6 1 1 1 1 8 1 2 1 3 -1 -1 -1 -1 -1 -1 556885 0 15 24 17 16 2 6 2 5
0 0 0 6 1 1 1 1 8 1 2 1 3 -1 -1 -1 -1 -1 -1 557518 0 15 24 17 16 2 6 2 5
0 0 0 7 1 1 1 1 8 1 2 1 3 3 4 8 3 1 1 558118 0 15 24 17 16 2 5 2 5
0 0 0 6 1 1 1 1 8 1 2 1 3 -1 -1 -1 -1 -1 -1 558751 0 15 24 17 16 2 5 2 5
0 0 0 6 1 1 1 1 8 1 2 1 3 -1 -1 -1 -1 -1 -1 559385 0 15 24 17 16 2 5 2 5
0 0 0 1 6 1 1 1 8 1 2 1 4 -1 -1 -1 -1 -1 -1 560018 0 15 24 17 16 2 5 2 5
0 0 0 1 6 3 1 1 8 1 2 1 4 5 4 5 0 0 0 560618 0 15 24 17 16 2 4 2 5
0 0 0 1 6 1 1 1 8 1 2 1 4 -1 -1 -1 -1 -1 -1 561251 0 15 24 17 16 2 4 2 5
0 0 0 1 1 6 1 1 8 1 2 1 5 -1 -1 -1 -1 -1 -1 561884 0 15 24 17 16 2 4 2 5
0 0 0 1 1 6 1 1 8 1 2 1 5 -1 -1 -1 -1 -1 -1 562484 0 15 24 17 16 2 4 2 5
0 0 0 1 1 6 3 1 8 1 2 1 5 6 4 6 1 0 0 563117 0 15 24 17 16 2 5 2 5
0 0 0 1 1 6 1 1 8 1 2 1 5 -1 -1 -1 -1 -1 -1 563750 0 15 24 17 16 2 5 2 5
0 0 0 1 1 1 6 1 8 1 2 1 6 -1 -1 -1 -1 -1 -1 564383 0 15 24 17 16 2 5 2 5
0 0 0 1 1 1 6 1 8 1 2 1 6 -1 -1 -1 -1 -1 -1 564983 0 15 24 17 16 2 5 2 5
0 0 0 1 1 3 6 1 8 1 2 1 6 5 4 8 3 0 0 565616 0 15 24 17 16 2 6 2 5
0 0 0 1 1 1 6 1 8 1 2 1 6 -1 -1 -1 -1 -1 -1 566250 0 15 24 17 16 2 6 2 5
0 0 0 1 1 1 6 1 8 1 2 1 6 -1 -1 -1 -1 -1 -1 566883 0 15 24 17 16 2 6 2 5
0 0 0 1 1 1 6 1 8 1 2 1 6 -1 -1 -1 -1 -1 -1 567483 0 15 24 17 16 2 6 2 5
0 0 0 1 1 1 6 3 8 1 2 1 6 7 4 5 0 0 0 568116 0 15 24 17 16 2 8 0 5
0 0 0 1 1 1 1 6 8 1 2 1 7 -1 -1 -1 -1 -1 -1 568749 0 15 24 17 16 2 8 0 5
0 0 0 1 1 1 1 6 8 1 2 1 7 -1 -1 -1 -1 -1 -1 569382 0 15 24 17 16 2 8 0 5
0 0 0 1 1 1 1 6 8 1 2 1 7 -1 -1 -1 -1 -1 -1 569982 0 15 24 17 16 2 8 0 5
0 0 0 1 1 1 1 7 8 1 2 1 7 7 4 8 3 1 1 570615 0 15 24 17 16 2 4 2 5
0 0 0 1 1 1 1 6 8 1 2 1 7 -1 -1 -1 -1 -1 -1 571148 0 15 24 18 19 2 4 2 5
0 0 0 1 1 1 1 6 8 1 2 1 7 -1 -1 -1 -1 -1 -1 571682 0 15 24 18 19 2 4 2 5
0 0 0 1 1 1 1 6 8 1 2 1 7 -1 -1 -1 -1 -1 -1 572215 0 15 24 18 19 2 4 2 5
0 0 0 1 1 1 1 7 8 1 2 1 7 7 4 5 0 1 1 572748 0 15 24 18 19 2 4 2 5
0 0 0 1 1 6 1 1 8 1 2 1 5 -1 -1 -1 -1 -1 -1 525659 0 15 24 16 60 2 8 0 5
0 0 0 1 1 6 1 1 8 1 2 1 5 -1 -1 -1 -1 -1 -1 525826 0 15 24 16 60 2 8 0 5
0 0 0 1 1 6 1 1 8 1 2 1 5 -1 -1 -1 -1 -1 -1 525993 0 15 24 16 60 2 4 2 5
0 0 0 1 1 6 1 1 8 1 2 1 5 -1 -1 -1 -1 -1 -1 526159 0 15 24 16 50.6 2 4 2 5
0 0 0 1 1 6 1 1 8 1 2 1 5 -1 -1 -1 -1 -1 -1 526426 0 15 24 16 25.5333 2 4 2 5
0 0 0 1 1 6 1 1 8 1 2 1 5 -1 -1 -1 -1 -1 -1 527159 0 15 24 16 13 2 4 2 5
0 0 0 1 1 6 1 1 8 1 2 1 5 -1 -1 -1 -1 -1 -1 527926 0 15 24 16 13 2 4 2 5
0 0 0 1 1 6 1 1 8 1 2 1 5 -1 -1 -1 -1 -1 -1 528692 0 15 24 16 13 2 4 2 5
0 0 0 1 1 1 6 1 8 1 2 1 6 -1 -1 -1 -1 -1 -1 529459 0 15 24 16 13 2 4 2 5
0 0 0 1 1 1 6 1 8 1 2 1 6 -1 -1 -1 -1 -1 -1 530225 0 15 24 16 13 2 4 2 5
0 0 0 1 1 3 6 1 8 1 2 1 6 5 4 7 2 0 0 530991 0 15 24 16 13 2 6 2 5
0 0 0 1 1 1 6 1 8 1 2 1 6 -1 -1 -1 -1 -1 -1 531758 0 15 24 16 13 2 6 2 5
0 0 0 1 1 6 1 1 8 1 2 1 5 -1 -1 -1 -1 -1 -1 532524 0 15 24 16 13 2 6 2 5
0 0 0 1 1 6 1 1 8 1 2 1 5 -1 -1 -1 -1 -1 -1 533291 0 15 24 16 13 2 6 2 5
0 0 0 1 1 6 3 1 8 1 2 1 5 6 4 6 1 0 0 534057 0 15 24 16 13 2 5 2 5
0 0 0 1 1 6 1 1 8 1 2 1 5 -1 -1 -1 -1 -1 -1 534857 0 15 24 16 13 2 5 2 5
0 0 0 1 1 1 6 1 8 1 2 1 6 -1 -1 -1 -1 -1 -1 535624 0 15 24 16 13 2 5 2 5
0 0 0 1 1 1 6 1 8 1 2 1 6 -1 -1 -1 -1 -1 -1 536390 0 15 24 16 13 2 5 2 5
0 0 0 1 1 3 6 1 8 1 2 1 6 5 4 8 3 0 0 537157 0 15 24 16 13 2 4 2 5
0 0 0 1 1 1 6 1 8 1 2 1 6 -1 -1 -1 -1 -1 -1 537923 0 15 24 16 13 2 4 2 5
0 0 0 1 1 1 6 1 8 1 2 1 6 -1 -1 -1 -1 -1 -1 538690 0 15 24 16 13 2 4 2 5
0 0 0 1 1 1 6 1 8 1 2 1 6 -1 -1 -1 -1 -1 -1 539456 0 15 24 16 13 2 4 2 5
0 0 0 1 1 3 6 1 8 1 2 1 6 5 4 5 0 0 0 540223 0 15 24 16 13 2 5 2 5
0 0 0 1 1 6 1 1 8 1 2 1 5 -1 -1 -1 -1 -1 -1 540989 0 15 24 16 13 2 5 2 5
0 0 0 1 1 6 1 1 8 1 2 1 5 -1 -1 -1 -1 -1 -1 541756 0 15 24 16 13 2 5 2 5
0 0 0 1 1 6 1 1 8 1 2 1 5 -1 -1 -1 -1 -1 -1 542522 0 15 24 16 13 2 5 2 5
0 0 0 3 1 6 1 1 8 1 2 1 5 3 4 6 1 0 0 543288 0 15 24 16 13 2 6 2 5
0 0 0 1 6 1 1 1 8 1 2 1 4 -1 -1 -1 -1 -1 -1 544055 0 15 24 16 13 2 6 2 5
0 0 0 6 1 1 1 1 8 1 2 1 3 -1 -1 -1 -1 -1 -1 544855 0 15 24 16 13 2 6 2 5
0 0 0 6 1 1 1 1 8 1 2 1 3 -1 -1 -1 -1 -1 -1 545621 0 15 24 16 13 2 6 2 5
0 0 0 7 1 1 1 1 8 1 2 1 3 3 4 5 0 1 1 546388 0 15 24 16 13 2 8 0 5
0 0 0 6 1 1 1 1 8 1 2 1 3 -1 -1 -1 -1 -1 -1 547154 0 15 24 16 13 2 8 0 5
0 0 0 1 6 1 1 1 8 1 2 1 4 -1 -1 -1 -1 -1 -1 547921 0 15 24 16 13 2 8 0 5
0 0 0 1 6 1 1 1 8 1 2 1 4 -1 -1 -1 -1 -1 -1 548687 0 15 24 16 13 2 8 0 5
0 0 0 3 6 1 1 1 8 1 2 1 4 3 4 7 2 0 0 549454 0 15 24 16 13 2 4 2 5
0 0 0 1 6 1 1 1 8 1 2 1 4 -1 -1 -1 -1 -1 -1 550220 0 15 24 16 13 2 4 2 5
0 0 0 1 1 6 1 1 8 1 2 1 5 -1 -1 -1 -1 -1 -1 550987 0 15 24 16 13 2 4 2 5
0 0 0 1 1 6 1 1 8 1 2 1 5 -1 -1 -1 -1 -1 -1 551753 0 15 24 16 13 2 4 2 5
0 0 0 1 3 6 1 1 8 1 2 1 5 4 4 8 3 0 0 552520 0 15 24 16 13 2 4 2 5
0 0 0 1 6 1 1 1 8 1 2 1 4 -1 -1 -1 -1 -1 -1 553286 0 15 24 16 13 2 4 2 5
0 0 0 6 1 1 1 1 8 1 2 1 3 -1 -1 -1 -1 -1 -1 554053 0 15 24 16 13 2 4 2 5
0 0 0 6 1 1 1 1 8 1 2 1 3 -1 -1 -1 -1 -1 -1 554819 0 15 24 16 13 2 4 2 5
0 0 0 7 1 1 1 1 8 1 2 1 3 3 4 7 2 1 1 555619 0 15 24 16 13 2 6 2 5
0 0 0 6 1 1 1 1 8 1 2 1 3 -1 -1 -1 -1 -1 -1 556252 0 15 24 17 16 2 6 2 5
0 0 0 6 1 1 1 1 8 1 2 1 3 -1 -1 -1 -1 -1 -1 556885 0 15 24 17 16 2 6 2 5
0 0 0 6 1 1 1 1 8 1 2 1 3 -1 -1 -1 -1 -1 -1 557518 0 15 24 17 16 2 6 2 5
0 0 0 7 1 1 1 1 8 1 2 1 3 3 4 8 3 1 1 558118 0 15 24 17 16 2 5 2 5
0 0 0 6 1 1 1 1 8 1 2 1 3 -1 -1 -1 -1 -1 -1 558751 0 15 24 17 16 2 5 2 5
0 0 0 6 1 1 1 1 8 1 2 1 3 -1 -1 -1 -1 -1 -1 559385 0 15 24 17 16 2 5 2 5
0 0 0 1 6 1 1 1 8 1 2 1 4 -1 -1 -1 -1 -1 -1 560018 0 15 24 17 16 2 5 2 5
0 0 0 1 6 3 1 1 8 1 2 1 4 5 4 5 0 0 0 560618 0 15 24 17 16 2 4 2 5
0 0 0 1 6 1 1 1 8 1 2 1 4 -1 -1 -1 -1 -1 -1 561251 0 15 24 17 16 2 4 2 5
0 0 0 1 1 6 1 1 8 1 2 1 5 -1 -1 -1 -1 -1 -1 561884 0 15 24 17 16 2 4 2 5
0 0 0 1 1 6 1 1 8 1 2 1 5 -1 -1 -1 -1 -1 -1 562484 0 15 24 17 16 2 4 2 5
0 0 0 1 1 6 3 1 8 1 2 1 5 6 4 6 1 0 0 563117 0 15 24 17 16 2 5 2 5
0 0 0 1 1 6 1 1 8 1 2 1 5 -1 -1 -1 -1 -1 -1 563750 0 15 24 17 16 2 5 2 5
0 0 0 1 1 1 6 1 8 1 2 1 6 -1 -1 -1 -1 -1 -1 564383 0 15 24 17 16 2 5 2 5
0 0 0 1 1 1 6 1 8 1 2 1 6 -1 -1 -1 -1 -1 -1 564983 0 15 24 17 16 2 5 2 5
0 0 0 1 1 3 6 1 8 1 2 1 6 5 4 8 3 0 0 565616 0 15 24 17 16 2 6 2 5
0 0 0 1 1 1 6 1 8 1 2 1 6 -1 -1 -1 -1 -1 -1 566250 0 15 24 17 16 2 6 2 5
0 0 0 1 1 1 6 1 8 1 2 1 6 -1 -1 -1 -1 -1 -1 566883 0 15 24 17 16 2 6 2 5
0 0 0 1 1 1 6 1 8 1 2 1 6 -1 -1 -1 -1 -1 -1 567483 0 15 24 17 16 2 6 2 5
0 0 0 1 1 1 6 3 8 1 2 1 6 7 4 5 0 0 0 568116 0 15 24 17 16 2 8 0 5
0 0 0 1 1 1 1 6 8 1 2 1 7 -1 -1 -1 -1 -1 -1 568749 0 15 24 17 16 2 8 0 5
0 0 0 1 1 1 1 6 8 1 2 1 7 -1 -1 -1 -1 -1 -1 569382 0 15 24 17 16 2 8 0 5
0 0 0 1 1 1 1 6 8 1 2 1 7 -1 -1 -1 -1 -1 -1 569982 0 15 24 17 16 2 8 0 5
0 0 0 1 1 1 1 7 8 1 2 1 7 7 4 8 3 1 1 570615 0 15 24 17 16 2 4 2 5
0 0 0 1 1 1 1 6 8 1 2 1 7 -1 -1 -1 -1 -1 -1 571148 0 15 24 18 19 2 4 2 5
0 0 0 1 1 1 1 6 8 1 2 1 7 -1 -1 -1 -1 -1 -1 571682 0 15 24 18 19 2 4 2 5
0 0 0 1 1 1 1 6 8 1 2 1 7 -1 -1 -1 -1 -1 -1 572215 0 15 24 18 19 2 4 2 5
0 0 0 1 1 1 1 7 8 1 2 1 7 7 4 5 0 1 1 572748 0 15 24 18 19 2 4 2 5
