% Tunnel Log: 
% debug seed: 1462295832
%
% SegEncNW { '0'=no panel, '1'=panel, '4'=obstacle, '5'=collided obstacle, '6'=player, '7'=player right, '8'=player wrong, '2'=target, '3'=fake }
% SegEncN
% SegEncNE
% SegEncE
% SegEncSE
% SegEncS
% SegEncSW
% SegEncW
% Event Number { 0, inf }
% Task Type { 0=Color/Sound, 1=Shape/Sound, 2=Sound, 3=Navigation, 4=Speed, 5=Training 6=Recess, 7=Special 2-Back }
% N-Back { 0, inf }
% Navigation Level { 0, inf }
% Player Loc { 0=Northwest ... 7=West }
% Pod Loc { -1=N/A, 0=Northwest ... 7=West }
% Pod Color { -1, inf }
% Pod Shape { -1, inf }
% Pod Sound { -1, inf }
% Pod Match { -1=N/A, 0=No, 1=Yes }
% Pod Taken { -1=N/A, 0=No, 1=Yes }
% Timestamp (ms)
% Num Obstacles { 0, inf }
% Min Speed { 0, inf }
% Max Speed { 0, inf }
% Base Speed { 0, inf }
% Final Speed { 0, inf }
% Navigation Score { 0, inf }
% Segment Direction { 0=Northwest ... 7=West }
% Segment Angle { 0, inf }
% Segment Panels { 0, inf }
%
% SegEncNW SecEncN SegEncNE SegEncE SegEncSE SegEncS SegEncSW SegEncW EventNumber TaskType N-Back Navigation PlayerLoc PodLoc PodColor PodShape PodSound PodMatch PodTaken Timestamp NumObs MinSpeed MaxSpeed BaseSpeed FinalSpeed NavScore SegmentDir SegmentAngle SegmentPanels
0 0 0 0 1 6 1 0 0 3 1 0 5 -1 -1 -1 -1 -1 -1 12833 0 15 40 19 60 2 8 0 3
0 0 0 0 1 6 1 0 0 3 1 0 5 -1 -1 -1 -1 -1 -1 13000 0 15 40 19 60 2 8 0 3
0 0 0 0 1 6 1 0 0 3 1 0 5 -1 -1 -1 -1 -1 -1 13166 0 15 40 19 60 2 6 2 3
0 0 0 0 1 6 1 0 0 3 1 0 5 -1 -1 -1 -1 -1 -1 13333 0 15 40 19 52.2 2 6 2 3
0 0 0 0 1 6 1 0 0 3 1 0 5 -1 -1 -1 -1 -1 -1 13566 0 15 40 19 34 2 6 2 3
0 0 0 0 1 6 1 0 0 3 1 0 5 -1 -1 -1 -1 -1 -1 14000 0 15 40 19 21 2 6 2 3
0 0 0 0 1 6 1 0 0 3 1 0 5 -1 -1 -1 -1 -1 -1 14466 0 15 40 19 21 2 4 2 3
0 0 0 0 1 6 1 0 0 3 1 0 5 -1 -1 -1 -1 -1 -1 14966 0 15 40 19 21 2 4 2 3
0 0 0 0 6 1 1 0 0 3 1 0 4 -1 -1 -1 -1 -1 -1 15433 0 15 40 19 21 2 4 2 3
0 0 0 0 6 1 1 0 0 3 1 0 4 -1 -1 -1 -1 -1 -1 15900 0 15 40 19 21 2 4 2 3
0 0 0 0 7 1 1 0 0 3 1 0 4 4 5 4 4 1 1 16400 0 15 40 19 21 2 5 2 3
0 0 0 0 6 1 1 0 0 3 1 0 4 -1 -1 -1 -1 -1 -1 16866 0 15 40 19 21 2 5 2 3
0 0 0 0 6 1 1 0 0 3 1 0 4 -1 -1 -1 -1 -1 -1 17333 0 15 40 19 21 2 5 2 3
0 0 0 0 6 1 1 0 0 3 1 0 4 -1 -1 -1 -1 -1 -1 17800 0 15 40 19 21 2 5 2 3
0 0 0 0 7 1 1 0 0 3 1 0 4 4 5 4 4 1 1 18300 0 15 40 19 21 2 4 2 3
0 0 0 0 6 1 1 0 0 3 1 0 4 -1 -1 -1 -1 -1 -1 18766 0 15 40 20 22 2 4 2 3
0 0 0 0 1 6 1 0 0 3 1 0 5 -1 -1 -1 -1 -1 -1 19200 0 15 40 20 22 2 4 2 3
0 0 0 0 1 6 1 0 0 3 1 0 5 -1 -1 -1 -1 -1 -1 19666 0 15 40 20 22 2 4 2 3
0 0 0 0 1 7 1 0 0 3 1 0 5 5 5 4 4 1 1 20100 0 15 40 20 22 2 6 2 3
0 0 0 0 1 6 1 0 0 3 1 0 5 -1 -1 -1 -1 -1 -1 20566 0 15 40 20 22 2 6 2 3
0 0 0 0 1 1 6 0 0 3 1 0 6 -1 -1 -1 -1 -1 -1 21033 0 15 40 20 22 2 6 2 3
0 0 0 0 1 1 6 0 0 3 1 0 6 -1 -1 -1 -1 -1 -1 21466 0 15 40 20 22 2 6 2 3
0 0 0 0 1 1 7 0 0 3 1 0 6 6 5 4 4 1 1 21933 0 15 40 20 22 2 5 2 3
0 0 0 0 1 1 6 0 0 3 1 0 6 -1 -1 -1 -1 -1 -1 22366 0 15 40 21 23 2 5 2 3
0 0 0 0 1 6 1 0 0 3 1 0 5 -1 -1 -1 -1 -1 -1 22799 0 15 40 21 23 2 5 2 3
0 0 0 0 6 1 1 0 0 3 1 0 4 -1 -1 -1 -1 -1 -1 23233 0 15 40 21 23 2 5 2 3
0 0 0 0 7 1 1 0 0 3 1 0 4 4 5 4 4 1 1 23666 0 15 40 21 23 2 6 2 3
0 0 0 0 6 1 1 0 0 3 1 0 4 -1 -1 -1 -1 -1 -1 24099 0 15 40 21 23 2 6 2 3
0 0 0 0 1 6 1 0 0 3 1 0 5 -1 -1 -1 -1 -1 -1 24533 0 15 40 21 23 2 6 2 3
0 0 0 0 1 6 1 0 0 3 1 0 5 -1 -1 -1 -1 -1 -1 24966 0 15 40 21 23 2 6 2 3
0 0 0 1 1 7 1 1 0 3 1 0 5 5 5 4 4 1 1 25399 0 15 40 21 23 2 8 0 5
0 0 0 1 1 6 1 1 0 3 1 1 5 -1 -1 -1 -1 -1 -1 25833 0 15 40 22 24 2 8 0 5
0 0 0 1 1 6 1 1 0 3 1 1 5 -1 -1 -1 -1 -1 -1 26233 0 15 40 22 24 2 8 0 5
0 0 0 1 1 6 1 1 0 3 1 1 5 -1 -1 -1 -1 -1 -1 26666 0 15 40 22 24 2 8 0 5
0 0 0 1 1 7 1 1 0 3 1 1 5 5 5 4 4 1 1 27066 0 15 40 22 24 2 6 2 5
0 0 0 1 1 6 1 1 0 3 1 1 5 -1 -1 -1 -1 -1 -1 27499 0 15 40 22 24 2 6 2 5
0 0 0 1 1 1 6 1 0 3 1 1 6 -1 -1 -1 -1 -1 -1 27899 0 15 40 22 24 2 6 2 5
0 0 0 1 1 1 6 1 0 3 1 1 6 -1 -1 -1 -1 -1 -1 28333 0 15 40 22 24 2 6 2 5
0 0 0 1 1 1 7 1 0 3 1 1 6 6 5 4 4 1 1 28733 0 15 40 22 24 2 4 2 5
0 0 0 1 1 1 6 1 0 3 1 1 6 -1 -1 -1 -1 -1 -1 29166 0 15 40 23 25 2 4 2 5
0 0 0 1 1 6 1 1 0 3 1 1 5 -1 -1 -1 -1 -1 -1 29566 0 15 40 23 25 2 4 2 5
0 0 0 1 1 6 1 1 0 3 1 1 5 -1 -1 -1 -1 -1 -1 29966 0 15 40 23 25 2 4 2 5
0 0 0 1 1 7 1 1 0 3 1 1 5 5 5 4 4 1 1 30366 0 15 40 23 25 2 5 2 5
0 0 0 1 1 6 1 1 0 3 1 1 5 -1 -1 -1 -1 -1 -1 30766 0 15 40 23 25 2 5 2 5
0 0 0 1 1 1 6 1 0 3 1 1 6 -1 -1 -1 -1 -1 -1 31166 0 15 40 23 25 2 5 2 5
0 0 0 1 1 1 6 1 0 3 1 1 6 -1 -1 -1 -1 -1 -1 31566 0 15 40 23 25 2 5 2 5
0 0 0 1 1 1 7 1 0 3 1 1 6 6 5 4 4 1 1 31933 0 15 40 23 25 2 4 2 5
0 0 0 1 1 1 6 1 0 3 1 1 6 -1 -1 -1 -1 -1 -1 32333 0 15 40 24 25.5 2 4 2 5
0 0 0 1 6 1 1 1 0 3 1 1 4 -1 -1 -1 -1 -1 -1 32733 0 15 40 24 25.5 2 4 2 5
0 0 0 1 6 1 1 1 0 3 1 1 4 -1 -1 -1 -1 -1 -1 33133 0 15 40 24 25.5 2 4 2 5
0 0 0 1 7 1 1 1 0 3 1 1 4 4 5 4 4 1 1 33533 0 15 40 24 25.5 2 6 2 5
0 0 0 1 6 1 1 1 0 3 1 1 4 -1 -1 -1 -1 -1 -1 33899 0 15 40 24 25.5 2 6 2 5
0 0 0 1 6 1 1 1 0 3 1 1 4 -1 -1 -1 -1 -1 -1 34299 0 15 40 24 25.5 2 6 2 5
0 0 0 1 6 1 1 1 0 3 1 1 4 -1 -1 -1 -1 -1 -1 34699 0 15 40 24 25.5 2 6 2 5
0 0 0 1 7 1 1 1 0 3 1 1 4 4 5 4 4 1 1 35099 0 15 40 24 25.5 2 5 2 5
0 0 0 1 6 1 1 1 0 3 1 1 4 -1 -1 -1 -1 -1 -1 35466 0 15 40 25 26 2 5 2 5
0 0 0 6 1 1 1 1 0 3 1 1 3 -1 -1 -1 -1 -1 -1 35866 0 15 40 25 26 2 5 2 5
0 0 0 6 1 1 1 1 0 3 1 1 3 -1 -1 -1 -1 -1 -1 36233 0 15 40 25 26 2 5 2 5
0 0 0 7 1 1 1 1 0 3 1 1 3 3 5 4 4 1 1 36633 0 15 40 25 26 2 6 2 5
0 0 0 6 1 1 1 1 0 3 1 1 3 -1 -1 -1 -1 -1 -1 36999 0 15 40 25 26 2 6 2 5
0 0 0 1 6 1 1 1 0 3 1 1 4 -1 -1 -1 -1 -1 -1 37399 0 15 40 25 26 2 6 2 5
0 0 0 1 6 1 1 1 0 3 1 1 4 -1 -1 -1 -1 -1 -1 37766 0 15 40 25 26 2 6 2 5
0 0 0 1 7 1 1 1 0 3 1 1 4 4 5 4 4 1 1 38166 0 15 40 25 26 2 8 0 5
0 0 0 1 6 1 1 1 0 3 1 2 4 -1 -1 -1 -1 -1 -1 38533 0 15 40 26 26.5 2 8 0 5
0 0 0 6 1 1 1 1 0 3 1 2 3 -1 -1 -1 -1 -1 -1 38933 0 15 40 26 26.5 2 8 0 5
0 0 0 6 1 1 1 1 0 3 1 2 3 -1 -1 -1 -1 -1 -1 39299 0 15 40 26 26.5 2 8 0 5
0 0 0 7 1 1 1 1 0 3 1 2 3 3 5 4 4 1 1 39666 0 15 40 26 26.5 2 6 2 5
0 0 0 6 1 1 1 1 0 3 1 2 3 -1 -1 -1 -1 -1 -1 40066 0 15 40 26 26.5 2 6 2 5
0 0 0 1 6 1 4 1 0 3 1 2 4 -1 -1 -1 -1 -1 -1 40433 1 15 40 26 26.5 2 6 2 5
0 0 0 1 1 6 1 1 0 3 1 2 5 -1 -1 -1 -1 -1 -1 40799 0 15 40 26 26.5 2 6 2 5
0 0 0 1 1 7 1 1 0 3 1 2 5 5 5 4 4 1 1 41199 0 15 40 26 26.5 2 4 2 5
0 0 0 1 6 1 1 1 0 3 1 2 4 -1 -1 -1 -1 -1 -1 41566 0 15 40 27 27 2 4 2 5
0 0 0 1 6 4 1 1 0 3 1 2 4 -1 -1 -1 -1 -1 -1 41933 1 15 40 27 27 2 4 2 5
0 0 0 1 1 6 1 1 0 3 1 2 5 -1 -1 -1 -1 -1 -1 42299 0 15 40 27 27 2 4 2 5
0 0 0 1 1 1 7 1 0 3 1 2 6 6 5 4 4 1 1 42666 0 15 40 27 27 2 5 2 5
0 0 0 1 1 1 6 1 0 3 1 2 6 -1 -1 -1 -1 -1 -1 43033 0 15 40 27 27 2 5 2 5
0 0 0 1 1 6 1 4 0 3 1 2 5 -1 -1 -1 -1 -1 -1 43399 1 15 40 27 27 2 5 2 5
0 0 0 1 6 1 1 1 0 3 1 2 4 -1 -1 -1 -1 -1 -1 43766 0 15 40 27 27 2 5 2 5
0 0 0 1 7 1 1 1 0 3 1 2 4 4 5 4 4 1 1 44166 0 15 40 27 27 2 4 2 5
0 0 0 1 6 1 1 1 0 3 1 2 4 -1 -1 -1 -1 -1 -1 44499 0 15 40 28 27.5 2 4 2 5
0 0 0 1 6 4 1 1 0 3 1 2 4 -1 -1 -1 -1 -1 -1 44866 1 15 40 28 27.5 2 4 2 5
0 0 0 6 1 1 1 1 0 3 1 2 3 -1 -1 -1 -1 -1 -1 45232 0 15 40 28 27.5 2 4 2 5
0 0 0 7 1 1 1 1 0 3 1 2 3 3 5 4 4 1 1 45599 0 15 40 28 27.5 2 6 2 5
0 0 0 6 1 1 1 1 0 3 1 2 3 -1 -1 -1 -1 -1 -1 45966 0 15 40 28 27.5 2 6 2 5
0 0 0 6 4 1 1 1 0 3 1 2 3 -1 -1 -1 -1 -1 -1 46332 1 15 40 28 27.5 2 6 2 5
0 0 0 1 6 1 1 1 0 3 1 2 4 -1 -1 -1 -1 -1 -1 46699 0 15 40 28 27.5 2 6 2 5
0 0 0 1 7 1 1 1 0 3 1 2 4 4 5 4 4 1 1 47066 0 15 40 28 27.5 2 5 2 5
0 0 0 1 6 1 1 1 0 3 1 2 4 -1 -1 -1 -1 -1 -1 47432 0 15 40 29 28 2 5 2 5
0 0 0 6 1 1 1 4 0 3 1 2 3 -1 -1 -1 -1 -1 -1 47766 1 15 40 29 28 2 5 2 5
0 0 0 6 1 1 1 1 0 3 1 2 3 -1 -1 -1 -1 -1 -1 48132 0 15 40 29 28 2 5 2 5
0 0 0 7 1 1 1 1 0 3 1 2 3 3 5 4 4 1 1 48499 0 15 40 29 28 2 6 2 5
0 0 0 6 1 1 1 1 0 3 1 2 3 -1 -1 -1 -1 -1 -1 48832 0 15 40 29 28 2 6 2 5
0 0 0 6 1 1 4 1 0 3 1 2 3 -1 -1 -1 -1 -1 -1 49199 1 15 40 29 28 2 6 2 5
0 0 0 6 1 1 1 1 0 3 1 2 3 -1 -1 -1 -1 -1 -1 49566 0 15 40 29 28 2 6 2 5
0 0 0 7 1 1 1 1 0 3 1 2 3 3 5 4 4 1 1 49932 0 15 40 29 28 2 8 0 5
0 0 0 6 1 1 1 1 0 3 1 2 3 -1 -1 -1 -1 -1 -1 50266 0 15 40 30 28.5 2 8 0 5
0 0 0 1 6 1 4 1 0 3 1 2 4 -1 -1 -1 -1 -1 -1 50632 1 15 40 30 28.5 2 8 0 5
0 0 0 1 1 6 1 1 0 3 1 2 5 -1 -1 -1 -1 -1 -1 50966 0 15 40 30 28.5 2 8 0 5
0 0 0 1 1 7 1 1 0 3 1 2 5 5 5 4 4 1 1 51332 0 15 40 30 28.5 2 6 2 5
0 0 0 1 1 6 1 1 0 3 1 2 5 -1 -1 -1 -1 -1 -1 51666 0 15 40 30 28.5 2 6 2 5
0 0 0 1 6 1 1 4 0 3 1 2 4 -1 -1 -1 -1 -1 -1 52032 1 15 40 30 28.5 2 6 2 5
0 0 0 1 6 1 1 1 0 3 1 2 4 -1 -1 -1 -1 -1 -1 52366 0 15 40 30 28.5 2 6 2 5
0 0 0 1 7 1 1 1 0 3 1 2 4 4 5 4 4 1 1 52732 0 15 40 30 28.5 2 4 2 5
0 0 0 1 1 6 1 1 0 3 1 2 5 -1 -1 -1 -1 -1 -1 53066 0 15 40 31 29 2 4 2 5
0 0 0 4 1 6 1 1 0 3 1 2 5 -1 -1 -1 -1 -1 -1 53432 1 15 40 31 29 2 4 2 5
0 0 0 1 1 6 1 1 0 3 1 2 5 -1 -1 -1 -1 -1 -1 53766 0 15 40 31 29 2 4 2 5
0 0 0 1 1 7 1 1 0 3 1 2 5 5 5 4 4 1 1 54099 0 15 40 31 29 2 5 2 5
0 0 0 1 1 1 6 1 0 3 1 2 6 -1 -1 -1 -1 -1 -1 54466 0 15 40 31 29 2 5 2 5
0 0 0 1 1 4 6 1 0 3 1 2 6 -1 -1 -1 -1 -1 -1 54799 1 15 40 31 29 2 5 2 5
0 0 0 1 1 1 6 1 0 3 1 2 6 -1 -1 -1 -1 -1 -1 55132 0 15 40 31 29 2 5 2 5
0 0 0 1 1 1 7 1 0 3 1 2 6 6 5 4 4 1 1 55499 0 15 40 31 29 2 4 2 5
0 0 0 1 1 1 6 1 0 3 1 2 6 -1 -1 -1 -1 -1 -1 55832 0 15 40 32 29.5 2 4 2 5
0 0 0 1 1 4 1 6 0 3 1 2 7 -1 -1 -1 -1 -1 -1 56166 1 15 40 32 29.5 2 4 2 5
0 0 0 1 1 1 1 6 0 3 1 2 7 -1 -1 -1 -1 -1 -1 56499 0 15 40 32 29.5 2 4 2 5
0 0 0 1 1 1 1 7 0 3 1 2 7 7 5 4 4 1 1 56832 0 15 40 32 29.5 2 6 2 5
0 0 0 1 1 1 6 1 0 3 1 2 6 -1 -1 -1 -1 -1 -1 57166 0 15 40 32 29.5 2 6 2 5
0 0 0 1 1 1 6 4 0 3 1 2 6 -1 -1 -1 -1 -1 -1 57532 1 15 40 32 29.5 2 6 2 5
0 0 0 1 1 1 6 1 0 3 1 2 6 -1 -1 -1 -1 -1 -1 57866 0 15 40 32 29.5 2 6 2 5
0 0 0 1 1 1 7 1 0 3 1 2 6 6 5 4 4 1 1 58199 0 15 40 32 29.5 2 5 2 5
0 0 0 1 1 1 1 6 0 3 1 2 7 -1 -1 -1 -1 -1 -1 58532 0 15 40 33 30 2 5 2 5
0 0 0 1 1 1 4 6 0 3 1 2 7 -1 -1 -1 -1 -1 -1 58866 1 15 40 33 30 2 5 2 5
0 0 0 1 1 1 6 1 0 3 1 2 6 -1 -1 -1 -1 -1 -1 59199 0 15 40 33 30 2 5 2 5
0 0 0 1 1 7 1 1 0 3 1 2 5 5 5 4 4 1 1 59532 0 15 40 33 30 2 6 2 5
0 0 0 1 1 6 1 1 0 3 1 2 5 -1 -1 -1 -1 -1 -1 59866 0 15 40 33 30 2 6 2 5
0 0 0 1 1 6 1 4 0 3 1 2 5 -1 -1 -1 -1 -1 -1 60199 1 15 40 33 30 2 6 2 5
0 0 0 1 1 6 1 1 0 3 1 2 5 -1 -1 -1 -1 -1 -1 60532 0 15 40 33 30 2 6 2 5
0 0 0 1 1 7 1 1 0 3 1 2 5 5 5 4 4 1 1 60866 0 15 40 33 30 2 8 0 5
0 0 0 1 1 6 1 1 0 3 1 2 5 -1 -1 -1 -1 -1 -1 61199 0 15 40 34 30.5 2 8 0 5
0 0 0 1 4 6 1 1 0 3 1 2 5 -1 -1 -1 -1 -1 -1 61532 1 15 40 34 30.5 2 8 0 5
0 0 0 1 6 1 1 1 0 3 1 2 4 -1 -1 -1 -1 -1 -1 61832 0 15 40 34 30.5 2 8 0 5
0 0 0 1 7 1 1 1 0 3 1 2 4 4 5 4 4 1 1 62166 0 15 40 34 30.5 2 6 2 5
0 0 0 1 6 1 1 1 0 3 1 2 4 -1 -1 -1 -1 -1 -1 62499 0 15 40 34 30.5 2 6 2 5
0 0 0 1 1 6 1 4 0 3 1 2 5 -1 -1 -1 -1 -1 -1 62832 1 15 40 34 30.5 2 6 2 5
0 0 0 1 1 1 6 1 0 3 1 2 6 -1 -1 -1 -1 -1 -1 63166 0 15 40 34 30.5 2 6 2 5
0 0 0 1 1 1 7 1 0 3 1 2 6 6 5 4 4 1 1 63499 0 15 40 34 30.5 2 4 2 5
0 0 0 1 1 1 6 1 0 3 1 2 6 -1 -1 -1 -1 -1 -1 63799 0 15 40 35 31 2 4 2 5
0 0 0 1 4 1 6 1 0 3 1 2 6 -1 -1 -1 -1 -1 -1 64132 1 15 40 35 38.75 2 4 2 5
0 0 0 1 1 1 6 1 0 3 1 2 6 -1 -1 -1 -1 -1 -1 64399 0 15 40 35 38.75 2 4 2 5
0 0 0 1 1 1 7 1 0 3 1 2 6 6 5 4 4 1 1 64632 0 15 40 35 38.75 2 5 2 5
0 0 0 1 1 1 6 1 0 3 1 2 6 -1 -1 -1 -1 -1 -1 64899 0 15 40 35 38.75 2 5 2 5
0 0 0 1 4 1 6 1 0 3 1 2 6 -1 -1 -1 -1 -1 -1 65166 1 15 40 35 38.75 2 5 2 5
0 0 0 1 1 1 1 6 0 3 1 2 7 -1 -1 -1 -1 -1 -1 65432 0 15 40 35 38.75 2 5 2 5
0 0 0 1 1 1 1 7 0 3 1 2 7 7 5 4 4 1 1 65666 0 15 40 35 38.2333 2 4 2 5
0 0 0 1 1 1 1 6 0 3 1 2 7 -1 -1 -1 -1 -1 -1 65966 0 15 40 36 34.125 2 4 2 5
0 0 0 1 4 1 1 6 0 3 1 2 7 -1 -1 -1 -1 -1 -1 66266 1 15 40 36 31.5 2 4 2 5
0 0 0 1 1 1 6 1 0 3 1 2 6 -1 -1 -1 -1 -1 -1 66565 0 15 40 36 31.5 2 4 2 5
0 0 0 1 1 1 7 1 0 3 1 2 6 6 5 4 4 1 1 66899 0 15 40 36 31.5 2 6 2 5
0 0 0 1 1 1 6 1 0 3 1 2 6 -1 -1 -1 -1 -1 -1 67199 0 15 40 36 31.5 2 6 2 5
0 0 0 1 1 4 6 1 0 3 1 2 6 -1 -1 -1 -1 -1 -1 67532 1 15 40 36 31.5 2 6 2 5
0 0 0 1 1 6 1 1 0 3 1 2 5 -1 -1 -1 -1 -1 -1 67865 0 15 40 36 31.5 2 6 2 5
0 0 0 1 7 1 1 1 0 3 1 2 4 4 5 4 4 1 1 68165 0 15 40 36 31.5 2 5 2 5
0 0 0 1 6 1 1 1 0 3 1 2 4 -1 -1 -1 -1 -1 -1 68465 0 15 40 37 32 2 5 2 5
0 0 0 1 6 1 1 4 0 3 1 2 4 -1 -1 -1 -1 -1 -1 68799 1 15 40 37 32 2 5 2 5
0 0 0 6 1 1 1 1 0 3 1 2 3 -1 -1 -1 -1 -1 -1 69099 0 15 40 37 32 2 5 2 5
0 0 0 7 1 1 1 1 0 3 1 2 3 3 5 4 4 1 1 69432 0 15 40 37 32 2 6 2 5
0 0 0 6 1 1 1 1 0 3 1 2 3 -1 -1 -1 -1 -1 -1 69732 0 15 40 37 32 2 6 2 5
0 0 0 6 4 1 1 1 0 3 1 2 3 -1 -1 -1 -1 -1 -1 70032 1 15 40 37 32 2 6 2 5
0 0 0 6 1 1 1 1 0 3 1 2 3 -1 -1 -1 -1 -1 -1 70365 0 15 40 37 32 2 6 2 5
0 0 0 7 1 1 1 1 0 3 1 2 3 3 5 4 4 1 1 70665 0 15 40 37 32 2 8 0 5
0 0 0 6 1 1 1 1 0 3 1 2 3 -1 -1 -1 -1 -1 -1 70965 0 15 40 38 32.5 2 8 0 5
0 0 0 6 4 1 1 1 0 3 1 2 3 -1 -1 -1 -1 -1 -1 71299 1 15 40 38 32.5 2 8 0 5
0 0 0 6 1 1 1 1 0 3 1 2 3 -1 -1 -1 -1 -1 -1 71599 0 15 40 38 32.5 2 8 0 5
0 0 0 7 1 1 1 1 0 3 1 2 3 3 5 4 4 1 1 71899 0 15 40 38 32.5 2 6 2 5
0 0 0 1 6 1 1 1 0 3 1 2 4 -1 -1 -1 -1 -1 -1 72199 0 15 40 38 32.5 2 6 2 5
0 0 0 4 6 1 1 1 0 3 1 2 4 -1 -1 -1 -1 -1 -1 72499 1 15 40 38 32.5 2 6 2 5
0 0 0 0 1 6 1 0 1 4 1 0 5 -1 -1 -1 -1 -1 -1 85699 0 15 40 19 60 2 8 0 3
0 0 0 0 1 6 1 0 1 4 1 0 5 -1 -1 -1 -1 -1 -1 85865 0 15 40 19 60 2 8 0 3
0 0 0 0 1 6 1 0 1 4 1 0 5 -1 -1 -1 -1 -1 -1 86032 0 15 40 19 60 2 5 2 3
0 0 0 0 1 6 1 0 1 4 1 0 5 -1 -1 -1 -1 -1 -1 86199 0 15 40 19 52.2 2 5 2 3
0 0 0 0 1 6 1 0 1 4 1 0 5 -1 -1 -1 -1 -1 -1 86432 0 15 40 19 34 2 5 2 3
0 0 0 0 1 6 1 0 1 4 1 0 5 -1 -1 -1 -1 -1 -1 86865 0 15 40 19 21 2 5 2 3
0 0 0 0 1 6 1 0 1 4 1 0 5 -1 -1 -1 -1 -1 -1 87332 0 15 40 19 21 2 4 2 3
0 0 0 0 1 6 1 0 1 4 1 0 5 -1 -1 -1 -1 -1 -1 87832 0 15 40 19 21 2 4 2 3
0 0 0 0 1 6 1 0 1 4 1 0 5 -1 -1 -1 -1 -1 -1 88298 0 15 40 19 21 2 4 2 3
0 0 0 0 1 6 1 0 1 4 1 0 5 -1 -1 -1 -1 -1 -1 88765 0 15 40 19 21 2 4 2 3
0 0 0 0 3 6 1 0 1 4 1 0 5 4 0 6 1 0 0 89265 0 15 40 19 21 2 6 2 3
0 0 0 0 1 6 1 0 1 4 1 0 5 -1 -1 -1 -1 -1 -1 89732 0 15 40 19 21 2 6 2 3
0 0 0 0 1 1 6 0 1 4 1 0 6 -1 -1 -1 -1 -1 -1 90198 0 15 40 19 21 2 6 2 3
0 0 0 0 1 1 6 0 1 4 1 0 6 -1 -1 -1 -1 -1 -1 90665 0 15 40 19 21 2 6 2 3
0 0 0 0 1 1 7 0 1 4 1 0 6 6 0 6 1 1 1 91165 0 15 40 19 21 2 5 2 3
0 0 0 0 1 1 6 0 1 4 1 0 6 -1 -1 -1 -1 -1 -1 91632 0 15 40 19 21 2 5 2 3
0 0 0 0 1 6 1 0 1 4 1 0 5 -1 -1 -1 -1 -1 -1 92098 0 15 40 19 21 2 5 2 3
0 0 0 0 1 6 1 0 1 4 1 0 5 -1 -1 -1 -1 -1 -1 92598 0 15 40 19 21 2 5 2 3
0 0 0 0 3 6 1 0 1 4 1 0 5 4 3 8 3 0 0 93065 0 15 40 19 21 2 4 2 3
0 0 0 0 1 6 1 0 1 4 1 0 5 -1 -1 -1 -1 -1 -1 93532 0 15 40 19 21 2 4 2 3
0 0 0 0 1 6 1 0 1 4 1 0 5 -1 -1 -1 -1 -1 -1 93998 0 15 40 19 21 2 4 2 3
0 0 0 0 1 6 1 0 1 4 1 0 5 -1 -1 -1 -1 -1 -1 94498 0 15 40 19 21 2 4 2 3
0 0 0 0 3 6 1 0 1 4 1 0 5 4 2 5 0 0 0 94965 0 15 40 19 21 2 6 2 3
0 0 0 0 1 6 1 0 1 4 1 0 5 -1 -1 -1 -1 -1 -1 95432 0 15 40 19 21 2 6 2 3
0 0 0 0 1 1 6 0 1 4 1 0 6 -1 -1 -1 -1 -1 -1 95932 0 15 40 19 21 2 6 2 3
0 0 0 0 1 1 6 0 1 4 1 0 6 -1 -1 -1 -1 -1 -1 96398 0 15 40 19 21 2 6 2 3
0 0 0 0 1 1 7 0 1 4 1 0 6 6 2 5 0 1 1 96865 0 15 40 19 21 2 5 2 3
0 0 0 0 1 1 6 0 1 4 1 0 6 -1 -1 -1 -1 -1 -1 97332 0 15 40 20 22 2 5 2 3
0 0 0 0 1 6 1 0 1 4 1 0 5 -1 -1 -1 -1 -1 -1 97798 0 15 40 20 22 2 5 2 3
0 0 0 0 1 6 1 0 1 4 1 0 5 -1 -1 -1 -1 -1 -1 98232 0 15 40 20 22 2 5 2 3
0 0 0 1 1 6 3 1 1 4 1 0 5 6 0 6 1 0 0 98698 0 15 40 20 22 2 8 0 5
0 0 0 1 1 6 1 1 1 4 1 1 5 -1 -1 -1 -1 -1 -1 99132 0 15 40 20 22 2 8 0 5
0 0 0 1 1 1 6 1 1 4 1 1 6 -1 -1 -1 -1 -1 -1 99598 0 15 40 20 22 2 8 0 5
0 0 0 1 1 1 6 1 1 4 1 1 6 -1 -1 -1 -1 -1 -1 100065 0 15 40 20 22 2 8 0 5
0 0 0 1 1 3 6 1 1 4 1 1 6 5 1 7 2 0 0 100498 0 15 40 20 22 2 5 2 5
0 0 0 1 1 1 6 1 1 4 1 1 6 -1 -1 -1 -1 -1 -1 100965 0 15 40 20 22 2 5 2 5
0 0 0 1 1 1 1 6 1 4 1 1 7 -1 -1 -1 -1 -1 -1 101432 0 15 40 20 22 2 5 2 5
0 0 0 1 1 1 1 6 1 4 1 1 7 -1 -1 -1 -1 -1 -1 101865 0 15 40 20 22 2 5 2 5
0 0 0 1 1 1 1 7 1 4 1 1 7 7 1 7 2 1 1 102332 0 15 40 20 22 2 4 2 5
0 0 0 1 1 1 1 6 1 4 1 1 7 -1 -1 -1 -1 -1 -1 102765 0 15 40 20 22 2 4 2 5
0 0 0 1 1 1 6 1 1 4 1 1 6 -1 -1 -1 -1 -1 -1 103232 0 15 40 20 22 2 4 2 5
0 0 0 1 1 6 1 1 1 4 1 1 5 -1 -1 -1 -1 -1 -1 103698 0 15 40 20 22 2 4 2 5
0 0 0 1 1 6 3 1 1 4 1 1 5 6 0 6 1 0 0 104132 0 15 40 20 22 2 6 2 5
0 0 0 1 1 6 1 1 1 4 1 1 5 -1 -1 -1 -1 -1 -1 104598 0 15 40 20 22 2 6 2 5
0 0 0 1 1 6 1 1 1 4 1 1 5 -1 -1 -1 -1 -1 -1 105065 0 15 40 20 22 2 6 2 5
0 0 0 1 1 6 1 1 1 4 1 1 5 -1 -1 -1 -1 -1 -1 105498 0 15 40 20 22 2 6 2 5
0 0 0 1 1 6 3 1 1 4 1 1 5 6 3 8 3 0 0 105965 0 15 40 20 22 2 5 2 5
0 0 0 1 1 6 1 1 1 4 1 1 5 -1 -1 -1 -1 -1 -1 106432 0 15 40 20 22 2 5 2 5
0 0 0 1 1 1 6 1 1 4 1 1 6 -1 -1 -1 -1 -1 -1 106865 0 15 40 20 22 2 5 2 5
0 0 0 1 1 1 6 1 1 4 1 1 6 -1 -1 -1 -1 -1 -1 107332 0 15 40 20 22 2 5 2 5
0 0 0 1 1 3 6 1 1 4 1 1 6 5 1 7 2 0 0 107765 0 15 40 20 22 2 4 2 5
0 0 0 1 1 1 6 1 1 4 1 1 6 -1 -1 -1 -1 -1 -1 108232 0 15 40 20 22 2 4 2 5
0 0 0 1 1 6 1 1 1 4 1 1 5 -1 -1 -1 -1 -1 -1 108698 0 15 40 20 22 2 4 2 5
0 0 0 1 1 6 1 1 1 4 1 1 5 -1 -1 -1 -1 -1 -1 109132 0 15 40 20 22 2 4 2 5
0 0 0 1 1 7 1 1 1 4 1 1 5 5 1 7 2 1 1 109598 0 15 40 20 22 2 6 2 5
0 0 0 1 1 6 1 1 1 4 1 1 5 -1 -1 -1 -1 -1 -1 110032 0 15 40 21 23 2 6 2 5
0 0 0 1 1 6 1 1 1 4 1 1 5 -1 -1 -1 -1 -1 -1 110431 0 15 40 21 28.75 2 6 2 5
0 0 0 1 1 1 6 1 1 4 1 1 6 -1 -1 -1 -1 -1 -1 110765 0 15 40 21 28.75 2 6 2 5
0 0 0 1 1 1 7 1 1 4 1 1 6 6 1 7 2 1 1 111131 0 15 40 21 28.75 2 5 2 5
0 0 0 1 1 1 6 1 1 4 1 1 6 -1 -1 -1 -1 -1 -1 111465 0 15 40 21 28.75 2 5 2 5
0 0 0 1 1 1 6 1 1 4 1 1 6 -1 -1 -1 -1 -1 -1 111831 0 15 40 21 28.3667 2 5 2 5
0 0 0 1 1 6 1 1 1 4 1 1 5 -1 -1 -1 -1 -1 -1 112198 0 15 40 21 24.15 2 5 2 5
0 0 0 1 1 6 3 1 1 4 1 1 5 6 3 8 3 0 0 112631 0 15 40 21 23 2 8 0 5
0 0 0 1 1 6 1 1 1 4 1 2 5 -1 -1 -1 -1 -1 -1 113065 0 15 40 21 23 2 8 0 5
0 0 0 1 1 1 6 1 1 4 1 2 6 -1 -1 -1 -1 -1 -1 113498 0 15 40 21 23 2 8 0 5
0 0 0 1 1 1 6 1 1 4 1 2 6 -1 -1 -1 -1 -1 -1 113931 0 15 40 21 23 2 8 0 5
0 0 0 1 1 1 6 3 1 4 1 2 6 7 1 7 2 0 0 114365 0 15 40 21 23 2 5 2 5
0 0 0 1 1 1 6 1 1 4 1 2 6 -1 -1 -1 -1 -1 -1 114798 0 15 40 21 23 2 5 2 5
0 0 0 1 4 6 1 1 1 4 1 2 5 -1 -1 -1 -1 -1 -1 115231 1 15 40 21 23 2 5 2 5
0 0 0 1 1 6 1 1 1 4 1 2 5 -1 -1 -1 -1 -1 -1 115665 0 15 40 21 23 2 5 2 5
0 0 0 1 1 6 3 1 1 4 1 2 5 6 3 8 3 0 0 116131 0 15 40 21 23 2 4 2 5
0 0 0 1 1 6 1 1 1 4 1 2 5 -1 -1 -1 -1 -1 -1 116565 0 15 40 21 23 2 4 2 5
0 0 0 1 1 6 1 4 1 4 1 2 5 -1 -1 -1 -1 -1 -1 116998 1 15 40 21 23 2 4 2 5
0 0 0 1 1 6 1 1 1 4 1 2 5 -1 -1 -1 -1 -1 -1 117431 0 15 40 21 23 2 4 2 5
0 0 0 1 3 6 1 1 1 4 1 2 5 4 0 6 1 0 0 117865 0 15 40 21 23 2 6 2 5
0 0 0 1 1 6 1 1 1 4 1 2 5 -1 -1 -1 -1 -1 -1 118298 0 15 40 21 23 2 6 2 5
0 0 0 4 1 6 1 1 1 4 1 2 5 -1 -1 -1 -1 -1 -1 118731 1 15 40 21 23 2 6 2 5
0 0 0 1 1 6 1 1 1 4 1 2 5 -1 -1 -1 -1 -1 -1 119165 0 15 40 21 23 2 6 2 5
0 0 0 1 1 7 1 1 1 4 1 2 5 5 0 6 1 1 1 119598 0 15 40 21 23 2 5 2 5
0 0 0 1 1 6 1 1 1 4 1 2 5 -1 -1 -1 -1 -1 -1 119998 0 15 40 22 24 2 5 2 5
0 0 0 4 1 6 1 1 1 4 1 2 5 -1 -1 -1 -1 -1 -1 120431 1 15 40 22 24 2 5 2 5
0 0 0 1 1 6 1 1 1 4 1 2 5 -1 -1 -1 -1 -1 -1 120831 0 15 40 22 24 2 5 2 5
0 0 0 1 3 1 6 1 1 4 1 2 6 4 3 8 3 0 0 121265 0 15 40 22 24 2 4 2 5
0 0 0 1 1 1 6 1 1 4 1 2 6 -1 -1 -1 -1 -1 -1 121665 0 15 40 22 24 2 4 2 5
0 0 0 1 1 4 6 1 1 4 1 2 6 -1 -1 -1 -1 -1 -1 122098 1 15 40 22 24 2 4 2 5
0 0 0 1 1 6 1 1 1 4 1 2 5 -1 -1 -1 -1 -1 -1 122498 0 15 40 22 24 2 4 2 5
0 0 0 3 1 6 1 1 1 4 1 2 5 3 2 5 0 0 0 122931 0 15 40 22 24 2 6 2 5
0 0 0 1 1 1 6 1 1 4 1 2 6 -1 -1 -1 -1 -1 -1 123265 0 15 40 22 30 2 6 2 5
0 0 0 1 4 1 6 1 1 4 1 2 6 -1 -1 -1 -1 -1 -1 123598 1 15 40 22 30 2 6 2 5
0 0 0 1 1 1 6 1 1 4 1 2 6 -1 -1 -1 -1 -1 -1 123931 0 15 40 22 30 2 6 2 5
0 0 0 3 1 1 6 1 1 4 1 2 6 3 0 6 1 0 0 124265 0 15 40 22 30 2 5 2 5
0 0 0 1 1 6 1 1 1 4 1 2 5 -1 -1 -1 -1 -1 -1 124598 0 15 40 22 28.8 2 5 2 5
0 0 0 1 1 6 4 1 1 4 1 2 5 -1 -1 -1 -1 -1 -1 124998 1 15 40 22 24 2 5 2 5
0 0 0 1 6 1 1 1 1 4 1 2 4 -1 -1 -1 -1 -1 -1 125398 0 15 40 22 24 2 5 2 5
0 0 0 1 6 3 1 1 1 4 1 2 4 5 3 8 3 0 0 125831 0 15 40 22 24 2 8 0 5
0 0 0 1 6 1 1 1 1 4 1 2 4 -1 -1 -1 -1 -1 -1 126231 0 15 40 22 24 2 8 0 5
0 0 0 1 6 4 1 1 1 4 1 2 4 -1 -1 -1 -1 -1 -1 126665 1 15 40 22 24 2 8 0 5
0 0 0 1 1 6 1 1 1 4 1 2 5 -1 -1 -1 -1 -1 -1 126998 0 15 40 22 30 2 8 0 5
0 0 0 1 1 6 1 3 1 4 1 2 5 7 1 7 2 0 0 127331 0 15 40 22 30 2 5 2 5
0 0 0 1 1 6 1 1 1 4 1 2 5 -1 -1 -1 -1 -1 -1 127665 0 15 40 22 30 2 5 2 5
0 0 0 1 1 6 4 1 1 4 1 2 5 -1 -1 -1 -1 -1 -1 127998 1 15 40 22 30 2 5 2 5
0 0 0 1 1 1 6 1 1 4 1 2 6 -1 -1 -1 -1 -1 -1 128331 0 15 40 22 29.2 2 5 2 5
0 0 0 1 1 1 1 7 1 4 1 2 7 7 1 7 2 1 1 128698 0 15 40 22 24.8 2 4 2 5
0 0 0 1 1 1 1 6 1 4 1 2 7 -1 -1 -1 -1 -1 -1 129131 0 15 40 22 24 2 4 2 5
0 0 0 1 1 4 1 6 1 4 1 2 7 -1 -1 -1 -1 -1 -1 129532 1 15 40 22 24 2 4 2 5
0 0 0 1 1 1 6 1 1 4 1 2 6 -1 -1 -1 -1 -1 -1 129965 0 15 40 22 24 2 4 2 5
0 0 0 1 1 1 6 3 1 4 1 2 6 7 3 8 3 0 0 130365 0 15 40 22 24 2 6 2 5
0 0 0 1 1 1 6 1 1 4 1 2 6 -1 -1 -1 -1 -1 -1 130798 0 15 40 22 24 2 6 2 5
0 0 0 1 1 4 1 6 1 4 1 2 7 -1 -1 -1 -1 -1 -1 131199 1 15 40 22 24 2 6 2 5
0 0 0 1 1 1 1 6 1 4 1 2 7 -1 -1 -1 -1 -1 -1 131632 0 15 40 22 24 2 6 2 5
0 0 0 1 1 1 1 7 1 4 1 2 7 7 3 8 3 1 1 132032 0 15 40 22 24 2 5 2 5
0 0 0 1 1 1 6 1 1 4 1 2 6 -1 -1 -1 -1 -1 -1 132432 0 15 40 23 25 2 5 2 5
0 0 0 1 1 1 6 4 1 4 1 2 6 -1 -1 -1 -1 -1 -1 132832 1 15 40 23 25 2 5 2 5
0 0 0 1 1 1 6 1 1 4 1 2 6 -1 -1 -1 -1 -1 -1 133232 0 15 40 23 25 2 5 2 5
0 0 0 1 1 3 6 1 1 4 1 2 6 5 1 7 2 0 0 133632 0 15 40 23 25 2 4 2 5
0 0 0 1 1 1 6 1 1 4 1 2 6 -1 -1 -1 -1 -1 -1 134033 0 15 40 23 25 2 4 2 5
0 0 0 1 1 4 6 1 1 4 1 2 6 -1 -1 -1 -1 -1 -1 134433 1 15 40 23 25 2 4 2 5
0 0 0 1 1 6 1 1 1 4 1 2 5 -1 -1 -1 -1 -1 -1 134833 0 15 40 23 25 2 4 2 5
0 0 0 1 7 1 1 1 1 4 1 2 4 4 1 7 2 1 1 135233 0 15 40 23 25 2 6 2 5
0 0 0 1 6 1 1 1 1 4 1 2 4 -1 -1 -1 -1 -1 -1 135633 0 15 40 23 25 2 6 2 5
0 0 0 1 6 4 1 1 1 4 1 2 4 -1 -1 -1 -1 -1 -1 136033 1 15 40 23 25 2 6 2 5
0 0 0 1 6 1 1 1 1 4 1 2 4 -1 -1 -1 -1 -1 -1 136433 0 15 40 23 25 2 6 2 5
0 0 0 3 6 1 1 1 1 4 1 2 4 3 2 5 0 0 0 136833 0 15 40 23 25 2 5 2 5
0 0 0 1 6 1 1 1 1 4 1 2 4 -1 -1 -1 -1 -1 -1 137233 0 15 40 23 25 2 5 2 5
0 0 0 0 1 6 1 0 2 0 1 0 5 -1 -1 -1 -1 -1 -1 151336 0 15 24 16 60 2 8 0 3
0 0 0 0 1 6 1 0 2 0 1 0 5 -1 -1 -1 -1 -1 -1 151503 0 15 24 16 60 2 8 0 3
0 0 0 0 1 6 1 0 2 0 1 0 5 -1 -1 -1 -1 -1 -1 151670 0 15 24 16 60 2 6 2 3
0 0 0 0 1 6 1 0 2 0 1 0 5 -1 -1 -1 -1 -1 -1 151836 0 15 24 16 51.25 2 6 2 3
0 0 0 0 1 6 1 0 2 0 1 0 5 -1 -1 -1 -1 -1 -1 152103 0 15 24 16 27.9166 2 6 2 3
0 0 0 0 1 6 1 0 2 0 1 0 5 -1 -1 -1 -1 -1 -1 152670 0 15 24 16 14.3 2 6 2 3
0 0 0 0 1 6 1 0 2 0 1 0 5 -1 -1 -1 -1 -1 -1 153437 0 15 24 16 13 2 4 2 3
0 0 0 0 1 6 1 0 2 0 1 0 5 -1 -1 -1 -1 -1 -1 154103 0 15 24 16 16.25 2 4 2 3
0 0 0 0 1 6 1 0 2 0 1 0 5 -1 -1 -1 -1 -1 -1 154737 0 15 24 16 16.25 2 4 2 3
0 0 0 0 6 1 1 0 2 0 1 0 4 -1 -1 -1 -1 -1 -1 155337 0 15 24 16 15.8167 2 4 2 3
0 0 0 0 3 6 1 0 2 0 1 0 5 4 2 4 0 0 0 156071 0 15 24 16 13 2 5 2 3
0 0 0 0 1 1 6 0 2 0 1 0 6 -1 -1 -1 -1 -1 -1 156837 0 15 24 16 13 2 5 2 3
0 0 0 0 1 1 6 0 2 0 1 0 6 -1 -1 -1 -1 -1 -1 157604 0 15 24 16 13 2 5 2 3
0 0 0 0 1 1 6 0 2 0 1 0 6 -1 -1 -1 -1 -1 -1 158371 0 15 24 16 13 2 5 2 3
0 0 0 0 1 1 7 0 2 0 1 0 6 6 2 4 0 1 1 159171 0 15 24 16 13 2 5 2 3
0 0 0 0 1 1 6 0 2 0 1 0 6 -1 -1 -1 -1 -1 -1 159938 0 15 24 16 13 2 5 2 3
0 0 0 0 1 6 1 0 2 0 1 0 5 -1 -1 -1 -1 -1 -1 160705 0 15 24 16 13 2 5 2 3
0 0 0 0 1 6 1 0 2 0 1 0 5 -1 -1 -1 -1 -1 -1 161472 0 15 24 16 13 2 5 2 3
0 0 0 0 1 6 3 0 2 0 1 0 5 6 0 4 1 0 0 162239 0 15 24 16 13 2 5 2 3
0 0 0 0 1 6 1 0 2 0 1 0 5 -1 -1 -1 -1 -1 -1 163005 0 15 24 16 13 2 5 2 3
0 0 0 0 1 6 1 0 2 0 1 0 5 -1 -1 -1 -1 -1 -1 163772 0 15 24 16 13 2 5 2 3
0 0 0 0 1 6 1 0 2 0 1 0 5 -1 -1 -1 -1 -1 -1 164539 0 15 24 16 13 2 5 2 3
0 0 0 0 1 7 1 0 2 0 1 0 5 5 0 4 1 1 1 165306 0 15 24 16 13 2 4 2 3
0 0 0 0 1 6 1 0 2 0 1 0 5 -1 -1 -1 -1 -1 -1 165939 0 15 24 17 16 2 4 2 3
0 0 0 0 6 1 1 0 2 0 1 0 4 -1 -1 -1 -1 -1 -1 166573 0 15 24 17 16 2 4 2 3
0 0 0 0 6 1 1 0 2 0 1 0 4 -1 -1 -1 -1 -1 -1 167206 0 15 24 17 16 2 4 2 3
0 0 0 0 6 3 1 0 2 0 1 0 4 5 3 4 3 0 0 167840 0 15 24 17 16 2 4 2 3
0 0 0 0 6 1 1 0 2 0 1 0 4 -1 -1 -1 -1 -1 -1 168440 0 15 24 17 16 2 4 2 3
0 0 0 0 1 6 1 0 2 0 1 0 5 -1 -1 -1 -1 -1 -1 169073 0 15 24 17 16 2 4 2 3
0 0 0 0 1 6 1 0 2 0 1 0 5 -1 -1 -1 -1 -1 -1 169707 0 15 24 17 16 2 4 2 3
0 0 0 0 3 6 1 0 2 0 1 0 5 4 2 4 0 0 0 170340 0 15 24 17 16 2 8 0 3
0 0 0 0 1 6 1 0 2 0 1 0 5 -1 -1 -1 -1 -1 -1 170940 0 15 24 17 16 2 8 0 3
0 0 0 0 1 6 1 0 2 0 1 0 5 -1 -1 -1 -1 -1 -1 171574 0 15 24 17 16 2 8 0 3
0 0 0 0 1 6 1 0 2 0 1 0 5 -1 -1 -1 -1 -1 -1 172207 0 15 24 17 16 2 8 0 3
0 0 0 0 3 6 1 0 2 0 1 0 5 4 0 4 1 0 0 172841 0 15 24 17 16 2 6 2 3
0 0 0 0 1 6 1 0 2 0 1 0 5 -1 -1 -1 -1 -1 -1 173441 0 15 24 17 16 2 6 2 3
0 0 0 0 1 6 1 0 2 0 1 0 5 -1 -1 -1 -1 -1 -1 174074 0 15 24 17 16 2 6 2 3
0 0 0 0 1 6 1 0 2 0 1 0 5 -1 -1 -1 -1 -1 -1 174708 0 15 24 17 16 2 6 2 3
0 0 0 0 1 7 1 0 2 0 1 0 5 5 0 4 1 1 1 175341 0 15 24 17 16 2 4 2 3
0 0 0 0 1 6 1 0 2 0 1 0 5 -1 -1 -1 -1 -1 -1 175941 0 15 24 17 16 2 4 2 3
0 0 0 0 6 1 1 0 2 0 1 0 4 -1 -1 -1 -1 -1 -1 176575 0 15 24 17 16 2 4 2 3
0 0 0 0 6 1 1 0 2 0 1 0 4 -1 -1 -1 -1 -1 -1 177208 0 15 24 17 16 2 4 2 3
0 0 0 0 6 3 1 0 2 0 1 0 4 5 2 4 0 0 0 177842 0 15 24 17 16 2 5 2 3
0 0 0 0 1 6 1 0 2 0 1 0 5 -1 -1 -1 -1 -1 -1 178442 0 15 24 17 16 2 5 2 3
0 0 0 0 1 6 1 0 2 0 1 0 5 -1 -1 -1 -1 -1 -1 179075 0 15 24 17 16 2 5 2 3
0 0 0 0 1 6 1 0 2 0 1 0 5 -1 -1 -1 -1 -1 -1 179709 0 15 24 17 16 2 5 2 3
0 0 0 0 1 6 3 0 2 0 1 0 5 6 1 4 2 0 0 180342 0 15 24 17 16 2 5 2 3
0 0 0 0 1 6 1 0 2 0 1 0 5 -1 -1 -1 -1 -1 -1 180943 0 15 24 17 16 2 5 2 3
0 0 0 0 1 1 6 0 2 0 1 0 6 -1 -1 -1 -1 -1 -1 181576 0 15 24 17 16 2 5 2 3
0 0 0 0 1 1 6 0 2 0 1 0 6 -1 -1 -1 -1 -1 -1 182209 0 15 24 17 16 2 5 2 3
0 0 0 0 1 3 6 0 2 0 1 0 6 5 0 4 1 0 0 182843 0 15 24 17 16 2 5 2 3
0 0 0 0 1 6 1 0 2 0 1 0 5 -1 -1 -1 -1 -1 -1 183443 0 15 24 17 16 2 5 2 3
0 0 0 0 6 1 1 0 2 0 1 0 4 -1 -1 -1 -1 -1 -1 184077 0 15 24 17 16 2 5 2 3
0 0 0 0 6 1 1 0 2 0 1 0 4 -1 -1 -1 -1 -1 -1 184710 0 15 24 17 16 2 5 2 3
0 0 0 0 7 1 1 0 2 0 1 0 4 4 0 4 1 1 1 185343 0 15 24 17 16 2 4 2 3
0 0 0 0 6 1 1 0 2 0 1 0 4 -1 -1 -1 -1 -1 -1 185877 0 15 24 18 19 2 4 2 3
0 0 0 0 1 6 1 0 2 0 1 0 5 -1 -1 -1 -1 -1 -1 186410 0 15 24 18 19 2 4 2 3
0 0 0 0 1 1 6 0 2 0 1 0 6 -1 -1 -1 -1 -1 -1 186910 0 15 24 18 19 2 4 2 3
0 0 0 0 1 1 7 0 2 0 1 0 6 6 0 4 1 1 1 187444 0 15 24 18 19 2 4 2 3
0 0 0 1 1 6 1 1 3 1 1 2 5 -1 -1 -1 -1 -1 -1 194412 0 15 24 16 60 2 8 0 5
0 0 0 1 1 6 1 1 3 1 1 2 5 -1 -1 -1 -1 -1 -1 194579 0 15 24 16 60 2 8 0 5
0 0 0 1 1 6 1 1 3 1 1 2 5 -1 -1 -1 -1 -1 -1 194745 0 15 24 16 60 2 6 2 5
0 0 0 1 1 6 1 1 3 1 1 2 5 -1 -1 -1 -1 -1 -1 194912 0 15 24 16 50.6 2 6 2 5
0 0 0 1 1 6 1 1 3 1 1 2 5 -1 -1 -1 -1 -1 -1 195179 0 15 24 16 25.5333 2 6 2 5
0 0 0 1 1 6 1 1 3 1 1 2 5 -1 -1 -1 -1 -1 -1 195912 0 15 24 16 13 2 6 2 5
0 0 0 1 1 6 1 1 3 1 1 2 5 -1 -1 -1 -1 -1 -1 196679 0 15 24 16 13 2 4 2 5
0 0 0 1 1 6 1 1 3 1 1 2 5 -1 -1 -1 -1 -1 -1 197446 0 15 24 16 13 2 4 2 5
0 0 0 1 6 1 1 1 3 1 1 2 4 -1 -1 -1 -1 -1 -1 198213 0 15 24 16 13 2 4 2 5
0 0 0 1 1 6 1 1 3 1 1 2 5 -1 -1 -1 -1 -1 -1 198980 0 15 24 16 13 2 4 2 5
0 0 0 3 1 6 1 1 3 1 1 2 5 3 4 6 1 0 0 199747 0 15 24 16 13 2 5 2 5
0 0 0 1 1 6 1 1 3 1 1 2 5 -1 -1 -1 -1 -1 -1 200513 0 15 24 16 13 2 5 2 5
0 0 0 1 4 6 1 1 3 1 1 2 5 -1 -1 -1 -1 -1 -1 201280 1 15 24 16 13 2 5 2 5
0 0 0 1 1 6 1 1 3 1 1 2 5 -1 -1 -1 -1 -1 -1 202047 0 15 24 16 13 2 5 2 5
0 0 0 1 3 6 1 1 3 1 1 2 5 4 4 8 3 0 0 202847 0 15 24 16 13 2 5 2 5
0 0 0 1 1 6 1 1 3 1 1 2 5 -1 -1 -1 -1 -1 -1 203614 0 15 24 16 13 2 5 2 5
0 0 0 1 1 6 4 1 3 1 1 2 5 -1 -1 -1 -1 -1 -1 204381 1 15 24 16 13 2 5 2 5
0 0 0 1 1 6 1 1 3 1 1 2 5 -1 -1 -1 -1 -1 -1 205148 0 15 24 16 13 2 5 2 5
0 0 0 1 1 6 3 1 3 1 1 2 5 6 4 6 1 0 0 205915 0 15 24 16 13 2 6 2 5
0 0 0 1 1 6 1 1 3 1 1 2 5 -1 -1 -1 -1 -1 -1 206681 0 15 24 16 13 2 6 2 5
0 0 0 1 1 1 6 4 3 1 1 2 6 -1 -1 -1 -1 -1 -1 207448 1 15 24 16 13 2 6 2 5
0 0 0 1 1 1 6 1 3 1 1 2 6 -1 -1 -1 -1 -1 -1 208215 0 15 24 16 13 2 6 2 5
0 0 0 1 1 1 7 1 3 1 1 2 6 6 4 6 1 1 1 208982 0 15 24 16 13 2 4 2 5
0 0 0 1 1 1 6 1 3 1 1 2 6 -1 -1 -1 -1 -1 -1 209749 0 15 24 16 13 2 4 2 5
0 0 0 4 1 1 6 1 3 1 1 2 6 -1 -1 -1 -1 -1 -1 210516 1 15 24 16 13 2 4 2 5
0 0 0 1 1 1 6 1 3 1 1 2 6 -1 -1 -1 -1 -1 -1 211282 0 15 24 16 13 2 4 2 5
0 0 0 1 1 1 7 1 3 1 1 2 6 6 4 6 1 1 1 212049 0 15 24 16 13 2 5 2 5
0 0 0 1 1 1 6 1 3 1 1 2 6 -1 -1 -1 -1 -1 -1 212716 0 15 24 17 16 2 5 2 5
0 0 0 1 4 1 6 1 3 1 1 2 6 -1 -1 -1 -1 -1 -1 213316 1 15 24 17 16 2 5 2 5
0 0 0 1 1 6 1 1 3 1 1 2 5 -1 -1 -1 -1 -1 -1 213950 0 15 24 17 16 2 5 2 5
0 0 0 1 1 6 1 3 3 1 1 2 5 7 4 5 0 0 0 214583 0 15 24 17 16 2 8 0 5
0 0 0 1 1 6 1 1 3 1 1 2 5 -1 -1 -1 -1 -1 -1 215217 0 15 24 17 16 2 8 0 5
0 0 0 1 1 6 1 4 3 1 1 2 5 -1 -1 -1 -1 -1 -1 215817 1 15 24 17 16 2 8 0 5
0 0 0 1 1 6 1 1 3 1 1 2 5 -1 -1 -1 -1 -1 -1 216450 0 15 24 17 16 2 8 0 5
0 0 0 1 1 7 1 1 3 1 1 2 5 5 4 5 0 1 1 217084 0 15 24 17 16 2 6 2 5
0 0 0 1 1 6 1 1 3 1 1 2 5 -1 -1 -1 -1 -1 -1 217717 0 15 24 17 16 2 6 2 5
0 0 0 1 1 1 6 4 3 1 1 2 6 -1 -1 -1 -1 -1 -1 218317 1 15 24 17 16 2 6 2 5
0 0 0 1 1 1 6 1 3 1 1 2 6 -1 -1 -1 -1 -1 -1 218951 0 15 24 17 16 2 6 2 5
0 0 0 1 1 3 6 1 3 1 1 2 6 5 4 7 2 0 0 219584 0 15 24 17 16 2 4 2 5
0 0 0 1 1 1 6 1 3 1 1 2 6 -1 -1 -1 -1 -1 -1 220218 0 15 24 17 16 2 4 2 5
0 0 0 1 4 6 1 1 3 1 1 2 5 -1 -1 -1 -1 -1 -1 220818 1 15 24 17 16 2 4 2 5
0 0 0 1 1 6 1 1 3 1 1 2 5 -1 -1 -1 -1 -1 -1 221451 0 15 24 17 16 2 4 2 5
0 0 0 1 3 6 1 1 3 1 1 2 5 4 4 5 0 0 0 222085 0 15 24 17 16 2 5 2 5
0 0 0 1 1 6 1 1 3 1 1 2 5 -1 -1 -1 -1 -1 -1 222718 0 15 24 17 16 2 5 2 5
0 0 0 1 4 6 1 1 3 1 1 2 5 -1 -1 -1 -1 -1 -1 223318 1 15 24 17 16 2 5 2 5
0 0 0 1 1 6 1 1 3 1 1 2 5 -1 -1 -1 -1 -1 -1 223952 0 15 24 17 16 2 5 2 5
0 0 0 3 1 6 1 1 3 1 1 2 5 3 4 7 2 0 0 224585 0 15 24 17 16 2 5 2 5
0 0 0 1 1 6 1 1 3 1 1 2 5 -1 -1 -1 -1 -1 -1 225219 0 15 24 17 16 2 5 2 5
0 0 0 4 6 1 1 1 3 1 1 2 4 -1 -1 -1 -1 -1 -1 225819 1 15 24 17 16 2 5 2 5
0 0 0 1 6 1 1 1 3 1 1 2 4 -1 -1 -1 -1 -1 -1 226452 0 15 24 17 16 2 5 2 5
0 0 0 1 7 1 1 1 3 1 1 2 4 4 4 7 2 1 1 227086 0 15 24 17 16 2 6 2 5
0 0 0 1 6 1 1 1 3 1 1 2 4 -1 -1 -1 -1 -1 -1 227619 0 15 24 18 19 2 6 2 5
0 0 0 1 1 6 1 4 3 1 1 2 5 -1 -1 -1 -1 -1 -1 228153 1 15 24 18 19 2 6 2 5
0 0 0 1 1 1 6 1 3 1 1 2 6 -1 -1 -1 -1 -1 -1 228686 0 15 24 18 19 2 6 2 5
0 0 0 1 1 1 7 1 3 1 1 2 6 6 4 7 2 1 1 229186 0 15 24 18 19 2 4 2 5
0 0 0 1 1 6 1 1 4 2 1 1 5 -1 -1 -1 -1 -1 -1 236954 0 15 24 16 60 2 8 0 5
0 0 0 1 1 6 1 1 4 2 1 1 5 -1 -1 -1 -1 -1 -1 237121 0 15 24 16 60 2 8 0 5
0 0 0 1 1 6 1 1 4 2 1 1 5 -1 -1 -1 -1 -1 -1 237288 0 15 24 16 60 2 4 2 5
0 0 0 1 1 6 1 1 4 2 1 1 5 -1 -1 -1 -1 -1 -1 237455 0 15 24 16 50.6 2 4 2 5
0 0 0 1 1 6 1 1 4 2 1 1 5 -1 -1 -1 -1 -1 -1 237721 0 15 24 16 25.5333 2 4 2 5
0 0 0 1 1 6 1 1 4 2 1 1 5 -1 -1 -1 -1 -1 -1 238455 0 15 24 16 13 2 4 2 5
0 0 0 1 1 6 1 1 4 2 1 1 5 -1 -1 -1 -1 -1 -1 239222 0 15 24 16 13 2 5 2 5
0 0 0 1 1 6 1 1 4 2 1 1 5 -1 -1 -1 -1 -1 -1 239988 0 15 24 16 13 2 5 2 5
0 0 0 1 1 6 1 1 4 2 1 1 5 -1 -1 -1 -1 -1 -1 240755 0 15 24 16 13 2 5 2 5
0 0 0 1 1 6 1 1 4 2 1 1 5 -1 -1 -1 -1 -1 -1 241522 0 15 24 16 13 2 5 2 5
0 0 0 1 1 6 3 1 4 2 1 1 5 6 5 4 3 0 0 242289 0 15 24 16 13 2 5 2 5
0 0 0 1 1 6 1 1 4 2 1 1 5 -1 -1 -1 -1 -1 -1 243056 0 15 24 16 13 2 5 2 5
0 0 0 1 1 6 1 1 4 2 1 1 5 -1 -1 -1 -1 -1 -1 243823 0 15 24 16 13 2 5 2 5
0 0 0 1 1 6 1 1 4 2 1 1 5 -1 -1 -1 -1 -1 -1 244589 0 15 24 16 13 2 5 2 5
0 0 0 1 1 6 1 3 4 2 1 1 5 7 5 4 1 0 0 245390 0 15 24 16 13 2 6 2 5
0 0 0 1 1 6 1 1 4 2 1 1 5 -1 -1 -1 -1 -1 -1 246156 0 15 24 16 13 2 6 2 5
0 0 0 1 1 1 6 1 4 2 1 1 6 -1 -1 -1 -1 -1 -1 246923 0 15 24 16 13 2 6 2 5
0 0 0 1 1 1 6 1 4 2 1 1 6 -1 -1 -1 -1 -1 -1 247690 0 15 24 16 13 2 6 2 5
0 0 0 1 1 1 6 3 4 2 1 1 6 7 5 4 3 0 0 248457 0 15 24 16 13 2 5 2 5
0 0 0 1 1 1 6 1 4 2 1 1 6 -1 -1 -1 -1 -1 -1 249224 0 15 24 16 13 2 5 2 5
0 0 0 1 1 1 6 1 4 2 1 1 6 -1 -1 -1 -1 -1 -1 249991 0 15 24 16 13 2 5 2 5
0 0 0 1 1 1 6 1 4 2 1 1 6 -1 -1 -1 -1 -1 -1 250757 0 15 24 16 13 2 5 2 5
0 0 0 1 1 1 6 3 4 2 1 1 6 7 5 4 2 0 0 251524 0 15 24 16 13 2 6 2 5
0 0 0 1 1 1 6 1 4 2 1 1 6 -1 -1 -1 -1 -1 -1 252291 0 15 24 16 13 2 6 2 5
0 0 0 1 1 6 1 1 4 2 1 1 5 -1 -1 -1 -1 -1 -1 253058 0 15 24 16 13 2 6 2 5
0 0 0 1 1 6 1 1 4 2 1 1 5 -1 -1 -1 -1 -1 -1 253825 0 15 24 16 13 2 6 2 5
0 0 0 1 1 6 3 1 4 2 1 1 5 6 5 4 1 0 0 254592 0 15 24 16 13 2 5 2 5
0 0 0 1 1 6 1 1 4 2 1 1 5 -1 -1 -1 -1 -1 -1 255358 0 15 24 16 13 2 5 2 5
0 0 0 1 1 1 6 1 4 2 1 1 6 -1 -1 -1 -1 -1 -1 256159 0 15 24 16 13 2 5 2 5
0 0 0 1 1 1 6 1 4 2 1 1 6 -1 -1 -1 -1 -1 -1 256925 0 15 24 16 13 2 5 2 5
0 0 0 1 1 1 6 3 4 2 1 1 6 7 5 4 3 0 0 257691 0 15 24 16 13 2 8 0 5
0 0 0 1 1 6 1 1 4 2 1 1 5 -1 -1 -1 -1 -1 -1 258458 0 15 24 16 13 2 8 0 5
0 0 0 1 1 1 6 1 4 2 1 1 6 -1 -1 -1 -1 -1 -1 259224 0 15 24 16 13 2 8 0 5
0 0 0 1 1 1 6 1 4 2 1 1 6 -1 -1 -1 -1 -1 -1 259991 0 15 24 16 13 2 8 0 5
0 0 0 1 1 3 6 1 4 2 1 1 6 5 5 4 1 0 0 260757 0 15 24 16 13 2 4 2 5
0 0 0 1 1 6 1 1 4 2 1 1 5 -1 -1 -1 -1 -1 -1 261524 0 15 24 16 13 2 4 2 5
0 0 0 1 6 1 1 1 4 2 1 1 4 -1 -1 -1 -1 -1 -1 262290 0 15 24 16 13 2 4 2 5
0 0 0 1 6 1 1 1 4 2 1 1 4 -1 -1 -1 -1 -1 -1 263057 0 15 24 16 13 2 4 2 5
0 0 0 1 7 1 1 1 4 2 1 1 4 4 5 4 1 1 1 263823 0 15 24 16 13 2 5 2 5
0 0 0 1 1 6 1 1 4 2 1 1 5 -1 -1 -1 -1 -1 -1 264590 0 15 24 16 13 2 5 2 5
0 0 0 1 1 1 6 1 4 2 1 1 6 -1 -1 -1 -1 -1 -1 265356 0 15 24 16 13 2 5 2 5
0 0 0 1 1 1 6 1 4 2 1 1 6 -1 -1 -1 -1 -1 -1 266156 0 15 24 16 13 2 5 2 5
0 0 0 1 1 1 7 1 4 2 1 1 6 6 5 4 1 1 1 266923 0 15 24 16 13 2 5 2 5
0 0 0 1 1 1 6 1 4 2 1 1 6 -1 -1 -1 -1 -1 -1 267556 0 15 24 17 16 2 5 2 5
0 0 0 1 1 6 1 1 4 2 1 1 5 -1 -1 -1 -1 -1 -1 268189 0 15 24 17 16 2 5 2 5
0 0 0 1 1 6 1 1 4 2 1 1 5 -1 -1 -1 -1 -1 -1 268822 0 15 24 17 16 2 5 2 5
0 0 0 1 1 7 1 1 4 2 1 1 5 5 5 4 1 1 1 269422 0 15 24 17 16 2 6 2 5
0 0 0 1 1 6 1 1 4 2 1 1 5 -1 -1 -1 -1 -1 -1 270055 0 15 24 17 16 2 6 2 5
0 0 0 1 6 1 1 1 4 2 1 1 4 -1 -1 -1 -1 -1 -1 270688 0 15 24 17 16 2 6 2 5
0 0 0 1 6 1 1 1 4 2 1 1 4 -1 -1 -1 -1 -1 -1 271322 0 15 24 17 16 2 6 2 5
0 0 0 1 7 1 1 1 4 2 1 1 4 4 5 4 1 1 1 271921 0 15 24 17 16 2 5 2 5
0 0 0 1 6 1 1 1 4 2 1 1 4 -1 -1 -1 -1 -1 -1 272455 0 15 24 18 19 2 5 2 5
0 0 0 1 1 6 1 1 4 2 1 1 5 -1 -1 -1 -1 -1 -1 272988 0 15 24 18 19 2 5 2 5
0 0 0 1 1 6 1 1 4 2 1 1 5 -1 -1 -1 -1 -1 -1 273521 0 15 24 18 19 2 5 2 5
0 0 0 1 1 6 3 1 4 2 1 1 5 6 5 4 0 0 0 274054 0 15 24 18 19 2 6 2 5
0 0 0 1 1 6 1 1 4 2 1 1 5 -1 -1 -1 -1 -1 -1 274587 0 15 24 18 19 2 6 2 5
0 0 0 1 6 1 1 1 4 2 1 1 4 -1 -1 -1 -1 -1 -1 275087 0 15 24 18 19 2 6 2 5
0 0 0 1 6 1 1 1 4 2 1 1 4 -1 -1 -1 -1 -1 -1 275620 0 15 24 18 19 2 6 2 5
0 0 0 1 6 3 1 1 4 2 1 1 4 5 5 4 2 0 0 276154 0 15 24 18 19 2 5 2 5
0 0 0 1 6 1 1 1 4 2 1 1 4 -1 -1 -1 -1 -1 -1 276687 0 15 24 18 19 2 5 2 5
0 0 0 1 6 1 1 1 4 2 1 1 4 -1 -1 -1 -1 -1 -1 277187 0 15 24 18 19 2 5 2 5
0 0 0 1 1 6 1 1 4 2 1 1 5 -1 -1 -1 -1 -1 -1 277720 0 15 24 18 19 2 5 2 5
0 0 0 3 1 6 1 1 4 2 1 1 5 3 5 4 1 0 0 278253 0 15 24 18 19 2 8 0 5
0 0 0 1 1 6 1 1 4 2 1 1 5 -1 -1 -1 -1 -1 -1 278786 0 15 24 18 19 2 8 0 5
0 0 0 1 6 1 1 1 4 2 1 1 4 -1 -1 -1 -1 -1 -1 279320 0 15 24 18 19 2 8 0 5
0 0 0 1 6 1 1 1 4 2 1 1 4 -1 -1 -1 -1 -1 -1 279819 0 15 24 18 19 2 8 0 5
0 0 0 1 6 3 1 1 4 2 1 1 4 5 5 4 2 0 0 280353 0 15 24 18 19 2 4 2 5
0 0 0 1 6 1 1 1 4 2 1 1 4 -1 -1 -1 -1 -1 -1 280886 0 15 24 18 19 2 4 2 5
0 0 0 1 1 6 1 1 4 2 1 1 5 -1 -1 -1 -1 -1 -1 281419 0 15 24 18 19 2 4 2 5
0 0 0 1 1 6 1 1 4 2 1 1 5 -1 -1 -1 -1 -1 -1 281952 0 15 24 18 19 2 4 2 5
0 0 0 1 1 7 1 1 4 2 1 1 5 5 5 4 2 1 1 282452 0 15 24 18 19 2 5 2 5
0 0 0 0 1 6 1 0 5 6 1 0 5 -1 -1 -1 -1 -1 -1 291250 0 15 40 19 60 2 8 0 3
0 0 0 0 1 6 1 0 5 6 1 0 5 -1 -1 -1 -1 -1 -1 291417 0 15 40 19 60 2 8 0 3
0 0 0 0 1 6 1 0 5 6 1 0 5 -1 -1 -1 -1 -1 -1 291583 0 15 40 19 60 2 6 2 3
0 0 0 0 1 6 1 0 5 6 1 0 5 -1 -1 -1 -1 -1 -1 291750 0 15 40 19 52.2 2 6 2 3
0 0 0 0 1 6 1 0 5 6 1 0 5 -1 -1 -1 -1 -1 -1 291983 0 15 40 19 34 2 6 2 3
0 0 0 0 1 6 1 0 5 6 1 0 5 -1 -1 -1 -1 -1 -1 292416 0 15 40 19 21 2 6 2 3
0 0 0 0 1 6 1 0 5 6 1 0 5 -1 -1 -1 -1 -1 -1 292883 0 15 40 19 21 2 6 2 3
0 0 0 0 1 6 1 0 5 6 1 0 5 -1 -1 -1 -1 -1 -1 293383 0 15 40 19 21 2 6 2 3
0 0 0 0 6 1 1 0 5 6 1 0 4 -1 -1 -1 -1 -1 -1 293849 0 15 40 19 21 2 6 2 3
0 0 0 0 6 1 1 0 5 6 1 0 4 -1 -1 -1 -1 -1 -1 294316 0 15 40 19 21 2 6 2 3
0 0 0 0 7 1 1 0 5 6 1 0 4 4 5 4 4 1 1 294816 0 15 40 19 21 2 5 2 3
0 0 0 0 6 1 1 0 5 6 1 0 4 -1 -1 -1 -1 -1 -1 295282 0 15 40 19 21 2 5 2 3
0 0 0 0 1 6 1 0 5 6 1 0 5 -1 -1 -1 -1 -1 -1 295749 0 15 40 19 21 2 5 2 3
0 0 0 0 1 6 1 0 5 6 1 0 5 -1 -1 -1 -1 -1 -1 296215 0 15 40 19 21 2 5 2 3
0 0 0 0 1 7 1 0 5 6 1 0 5 5 5 4 4 1 1 296715 0 15 40 19 21 2 4 2 3
0 0 0 0 6 1 1 0 5 6 1 0 4 -1 -1 -1 -1 -1 -1 297182 0 15 40 20 22 2 4 2 3
0 0 0 0 6 1 1 0 5 6 1 0 4 -1 -1 -1 -1 -1 -1 297615 0 15 40 20 22 2 4 2 3
0 0 0 0 6 1 1 0 5 6 1 0 4 -1 -1 -1 -1 -1 -1 298082 0 15 40 20 22 2 4 2 3
0 0 0 0 7 1 1 0 5 6 1 0 4 4 5 4 4 1 1 298515 0 15 40 20 22 2 4 2 3
0 0 0 0 6 1 1 0 5 6 1 0 4 -1 -1 -1 -1 -1 -1 298981 0 15 40 20 22 2 4 2 3
0 0 0 0 1 6 1 0 5 6 1 0 5 -1 -1 -1 -1 -1 -1 299448 0 15 40 20 22 2 4 2 3
0 0 0 0 1 6 1 0 5 6 1 0 5 -1 -1 -1 -1 -1 -1 299848 0 15 40 20 27.5 2 4 2 3
0 0 0 0 1 7 1 0 5 6 1 0 5 5 5 4 4 1 1 300214 0 15 40 20 27.5 2 5 2 3
0 0 0 0 1 6 1 0 5 6 1 0 5 -1 -1 -1 -1 -1 -1 300548 0 15 40 21 28.75 2 5 2 3
0 0 0 0 1 1 6 0 5 6 1 0 6 -1 -1 -1 -1 -1 -1 300914 0 15 40 21 28.75 2 5 2 3
0 0 0 0 1 1 6 0 5 6 1 0 6 -1 -1 -1 -1 -1 -1 301248 0 15 40 21 27.6 2 5 2 3
0 0 0 0 1 1 7 0 5 6 1 0 6 6 5 4 4 1 1 301647 0 15 40 21 23 2 4 2 3
0 0 0 0 1 1 6 0 5 6 1 0 6 -1 -1 -1 -1 -1 -1 302081 0 15 40 21 23 2 4 2 3
0 0 0 0 1 6 1 0 5 6 1 0 5 -1 -1 -1 -1 -1 -1 302514 0 15 40 21 23 2 4 2 3
0 0 0 0 6 1 1 0 5 6 1 0 4 -1 -1 -1 -1 -1 -1 302947 0 15 40 21 23 2 4 2 3
0 0 0 1 7 1 1 1 5 6 1 0 4 4 5 4 4 1 1 303380 0 15 40 21 23 2 8 0 5
0 0 0 1 6 1 1 1 5 6 1 1 4 -1 -1 -1 -1 -1 -1 303814 0 15 40 22 24 2 8 0 5
0 0 0 1 6 1 1 1 5 6 1 1 4 -1 -1 -1 -1 -1 -1 304213 0 15 40 22 24 2 8 0 5
0 0 0 1 6 1 1 1 5 6 1 1 4 -1 -1 -1 -1 -1 -1 304647 0 15 40 22 24 2 8 0 5
0 0 0 1 7 1 1 1 5 6 1 1 4 4 5 4 4 1 1 305047 0 15 40 22 24 2 6 2 5
0 0 0 1 6 1 1 1 5 6 1 1 4 -1 -1 -1 -1 -1 -1 305480 0 15 40 22 24 2 6 2 5
0 0 0 1 6 1 1 1 5 6 1 1 4 -1 -1 -1 -1 -1 -1 305880 0 15 40 22 24 2 6 2 5
0 0 0 1 6 1 1 1 5 6 1 1 4 -1 -1 -1 -1 -1 -1 306313 0 15 40 22 24 2 6 2 5
0 0 0 1 7 1 1 1 5 6 1 1 4 4 5 4 4 1 1 306713 0 15 40 22 24 2 6 2 5
0 0 0 1 6 1 1 1 5 6 1 1 4 -1 -1 -1 -1 -1 -1 307113 0 15 40 23 25 2 6 2 5
0 0 0 1 1 6 1 1 5 6 1 1 5 -1 -1 -1 -1 -1 -1 307513 0 15 40 23 25 2 6 2 5
0 0 0 1 1 6 1 1 5 6 1 1 5 -1 -1 -1 -1 -1 -1 307913 0 15 40 23 25 2 6 2 5
0 0 0 1 1 1 7 1 5 6 1 1 6 6 5 4 4 1 1 308312 0 15 40 23 25 2 5 2 5
0 0 0 1 1 1 6 1 5 6 1 1 6 -1 -1 -1 -1 -1 -1 308712 0 15 40 23 25 2 5 2 5
0 0 0 1 1 1 6 1 5 6 1 1 6 -1 -1 -1 -1 -1 -1 309112 0 15 40 23 25 2 5 2 5
0 0 0 1 1 1 1 6 5 6 1 1 7 -1 -1 -1 -1 -1 -1 309512 0 15 40 23 25 2 5 2 5
0 0 0 1 1 1 1 7 5 6 1 1 7 7 5 4 4 1 1 309912 0 15 40 23 25 2 4 2 5
0 0 0 1 1 1 1 6 5 6 1 1 7 -1 -1 -1 -1 -1 -1 310312 0 15 40 24 25.5 2 4 2 5
0 0 0 1 1 1 6 1 5 6 1 1 6 -1 -1 -1 -1 -1 -1 310712 0 15 40 24 25.5 2 4 2 5
0 0 0 1 1 1 6 1 5 6 1 1 6 -1 -1 -1 -1 -1 -1 311112 0 15 40 24 25.5 2 4 2 5
0 0 0 1 1 1 7 1 5 6 1 1 6 6 5 4 4 1 1 311478 0 15 40 24 25.5 2 4 2 5
0 0 0 1 1 1 6 1 5 6 1 1 6 -1 -1 -1 -1 -1 -1 311878 0 15 40 24 25.5 2 4 2 5
0 0 0 1 1 6 1 1 5 6 1 1 5 -1 -1 -1 -1 -1 -1 312278 0 15 40 24 25.5 2 4 2 5
0 0 0 1 1 6 1 1 5 6 1 1 5 -1 -1 -1 -1 -1 -1 312678 0 15 40 24 25.5 2 4 2 5
0 0 0 1 1 7 1 1 5 6 1 1 5 5 5 4 4 1 1 313045 0 15 40 24 25.5 2 5 2 5
0 0 0 1 1 6 1 1 5 6 1 1 5 -1 -1 -1 -1 -1 -1 313445 0 15 40 25 26 2 5 2 5
0 0 0 1 6 1 1 1 5 6 1 1 4 -1 -1 -1 -1 -1 -1 313844 0 15 40 25 26 2 5 2 5
0 0 0 6 1 1 1 1 5 6 1 1 3 -1 -1 -1 -1 -1 -1 314211 0 15 40 25 26 2 5 2 5
0 0 0 7 1 1 1 1 5 6 1 1 3 3 5 4 4 1 1 314611 0 15 40 25 26 2 4 2 5
0 0 0 6 1 1 1 1 5 6 1 1 3 -1 -1 -1 -1 -1 -1 314978 0 15 40 25 26 2 4 2 5
0 0 0 6 1 1 1 1 5 6 1 1 3 -1 -1 -1 -1 -1 -1 315311 0 15 40 25 32.5 2 4 2 5
0 0 0 6 1 1 1 1 5 6 1 1 3 -1 -1 -1 -1 -1 -1 315611 0 15 40 25 32.5 2 4 2 5
0 0 0 7 1 1 1 1 5 6 1 1 3 3 5 4 4 1 1 315944 0 15 40 25 32.5 2 8 0 5
0 0 0 6 1 1 1 1 5 6 1 2 3 -1 -1 -1 -1 -1 -1 316244 0 15 40 26 33.125 2 8 0 5
0 0 0 6 1 1 1 1 5 6 1 2 3 -1 -1 -1 -1 -1 -1 316544 0 15 40 26 33.125 2 8 0 5
0 0 0 1 6 1 1 1 5 6 1 2 4 -1 -1 -1 -1 -1 -1 316844 0 15 40 26 30.0333 2 8 0 5
0 0 0 1 7 1 1 1 5 6 1 2 4 4 5 4 4 1 1 317210 0 15 40 26 26.5 2 6 2 5
0 0 0 1 6 1 1 1 5 6 1 2 4 -1 -1 -1 -1 -1 -1 317577 0 15 40 26 26.5 2 6 2 5
0 0 0 4 1 6 1 1 5 6 1 2 5 -1 -1 -1 -1 -1 -1 317943 1 15 40 26 26.5 2 6 2 5
0 0 0 1 1 1 6 1 5 6 1 2 6 -1 -1 -1 -1 -1 -1 318343 0 15 40 26 26.5 2 6 2 5
0 0 0 1 1 1 7 1 5 6 1 2 6 6 5 4 4 1 1 318710 0 15 40 26 26.5 2 6 2 5
0 0 0 1 1 6 1 1 5 6 1 2 5 -1 -1 -1 -1 -1 -1 319077 0 15 40 27 27 2 6 2 5
0 0 0 1 6 1 1 4 5 6 1 2 4 -1 -1 -1 -1 -1 -1 319443 1 15 40 27 27 2 6 2 5
0 0 0 1 6 1 1 1 5 6 1 2 4 -1 -1 -1 -1 -1 -1 319843 0 15 40 27 27 2 6 2 5
0 0 0 1 7 1 1 1 5 6 1 2 4 4 5 4 4 1 1 320210 0 15 40 27 27 2 5 2 5
0 0 0 1 1 6 1 1 5 6 1 2 5 -1 -1 -1 -1 -1 -1 320576 0 15 40 27 27 2 5 2 5
0 0 0 1 4 6 1 1 5 6 1 2 5 -1 -1 -1 -1 -1 -1 320943 1 15 40 27 27 2 5 2 5
0 0 0 1 1 6 1 1 5 6 1 2 5 -1 -1 -1 -1 -1 -1 321309 0 15 40 27 27 2 5 2 5
0 0 0 1 1 7 1 1 5 6 1 2 5 5 5 4 4 1 1 321676 0 15 40 27 27 2 4 2 5
0 0 0 1 1 6 1 1 5 6 1 2 5 -1 -1 -1 -1 -1 -1 322042 0 15 40 28 27.5 2 4 2 5
0 0 0 1 6 1 4 1 5 6 1 2 4 -1 -1 -1 -1 -1 -1 322409 1 15 40 28 27.5 2 4 2 5
0 0 0 1 6 1 1 1 5 6 1 2 4 -1 -1 -1 -1 -1 -1 322776 0 15 40 28 27.5 2 4 2 5
0 0 0 1 7 1 1 1 5 6 1 2 4 4 5 4 4 1 1 323142 0 15 40 28 27.5 2 4 2 5
0 0 0 1 6 1 1 1 5 6 1 2 4 -1 -1 -1 -1 -1 -1 323509 0 15 40 28 27.5 2 4 2 5
0 0 0 1 1 6 1 4 5 6 1 2 5 -1 -1 -1 -1 -1 -1 323875 1 15 40 28 27.5 2 4 2 5
0 0 0 1 1 6 1 1 5 6 1 2 5 -1 -1 -1 -1 -1 -1 324209 0 15 40 28 27.5 2 4 2 5
0 0 0 1 1 7 1 1 5 6 1 2 5 5 5 4 4 1 1 324575 0 15 40 28 27.5 2 5 2 5
0 0 0 1 1 1 6 1 5 6 1 2 6 -1 -1 -1 -1 -1 -1 324942 0 15 40 29 28 2 5 2 5
0 0 0 1 1 4 6 1 5 6 1 2 6 -1 -1 -1 -1 -1 -1 325308 1 15 40 29 28 2 5 2 5
0 0 0 1 1 6 1 1 5 6 1 2 5 -1 -1 -1 -1 -1 -1 325675 0 15 40 29 28 2 5 2 5
0 0 0 1 1 7 1 1 5 6 1 2 5 5 5 4 4 1 1 326008 0 15 40 29 28 2 4 2 5
0 0 0 1 1 6 1 1 5 6 1 2 5 -1 -1 -1 -1 -1 -1 326375 0 15 40 29 28 2 4 2 5
0 0 0 1 1 6 1 4 5 6 1 2 5 -1 -1 -1 -1 -1 -1 326741 1 15 40 29 28 2 4 2 5
0 0 0 1 1 6 1 1 5 6 1 2 5 -1 -1 -1 -1 -1 -1 327075 0 15 40 29 28 2 4 2 5
0 0 0 1 1 7 1 1 5 6 1 2 5 5 5 4 4 1 1 327441 0 15 40 29 28 2 8 0 5
0 0 0 1 1 6 1 1 5 6 1 2 5 -1 -1 -1 -1 -1 -1 327808 0 15 40 30 28.5 2 8 0 5
0 0 0 1 1 6 4 1 5 6 1 2 5 -1 -1 -1 -1 -1 -1 328141 1 15 40 30 28.5 2 8 0 5
0 0 0 1 1 6 1 1 5 6 1 2 5 -1 -1 -1 -1 -1 -1 328508 0 15 40 30 28.5 2 8 0 5
0 0 0 1 1 7 1 1 5 6 1 2 5 5 5 4 4 1 1 328841 0 15 40 30 28.5 2 6 2 5
0 0 0 1 1 6 1 1 5 6 1 2 5 -1 -1 -1 -1 -1 -1 329207 0 15 40 30 28.5 2 6 2 5
0 0 0 1 1 6 4 1 5 6 1 2 5 -1 -1 -1 -1 -1 -1 329541 1 15 40 30 28.5 2 6 2 5
0 0 0 1 1 6 1 1 5 6 1 2 5 -1 -1 -1 -1 -1 -1 329907 0 15 40 30 28.5 2 6 2 5
0 0 0 1 1 7 1 1 5 6 1 2 5 5 5 4 4 1 1 330240 0 15 40 30 28.5 2 6 2 5
0 0 0 1 1 6 1 1 5 6 1 2 5 -1 -1 -1 -1 -1 -1 330607 0 15 40 31 29 2 6 2 5
0 0 0 4 6 1 1 1 5 6 1 2 4 -1 -1 -1 -1 -1 -1 330940 1 15 40 31 29 2 6 2 5
0 0 0 1 6 1 1 1 5 6 1 2 4 -1 -1 -1 -1 -1 -1 331274 0 15 40 31 29 2 6 2 5
0 0 0 1 7 1 1 1 5 6 1 2 4 4 5 4 4 1 1 331640 0 15 40 31 29 2 5 2 5
0 0 0 1 6 1 1 1 5 6 1 2 4 -1 -1 -1 -1 -1 -1 331973 0 15 40 31 29 2 5 2 5
0 0 0 1 1 6 1 4 5 6 1 2 5 -1 -1 -1 -1 -1 -1 332307 1 15 40 31 29 2 5 2 5
0 0 0 1 1 6 1 1 5 6 1 2 5 -1 -1 -1 -1 -1 -1 332673 0 15 40 31 29 2 5 2 5
0 0 0 1 1 7 1 1 5 6 1 2 5 5 5 4 4 1 1 333006 0 15 40 31 29 2 4 2 5
0 0 0 1 1 1 6 1 5 6 1 2 6 -1 -1 -1 -1 -1 -1 333340 0 15 40 32 29.5 2 4 2 5
0 0 0 1 1 4 6 1 5 6 1 2 6 -1 -1 -1 -1 -1 -1 333673 1 15 40 32 29.5 2 4 2 5
0 0 0 1 1 6 1 1 5 6 1 2 5 -1 -1 -1 -1 -1 -1 334040 0 15 40 32 29.5 2 4 2 5
0 0 0 2 8 1 1 1 5 6 1 2 4 3 5 4 4 1 0 334373 0 15 40 32 29.5 2 4 2 5
0 0 0 1 6 1 1 1 5 6 1 2 4 -1 -1 -1 -1 -1 -1 334706 0 15 40 31 29 2 4 2 5
0 0 0 6 1 4 1 1 5 6 1 2 3 -1 -1 -1 -1 -1 -1 335039 1 15 40 31 29 2 4 2 5
0 0 0 1 6 1 1 1 5 6 1 2 4 -1 -1 -1 -1 -1 -1 335406 0 15 40 31 29 2 4 2 5
0 0 0 1 1 7 1 1 5 6 1 2 5 5 5 4 4 1 1 335739 0 15 40 31 29 2 5 2 5
0 0 0 1 1 6 1 1 5 6 1 2 5 -1 -1 -1 -1 -1 -1 336072 0 15 40 31 29 2 5 2 5
0 0 0 4 1 1 6 1 5 6 1 2 6 -1 -1 -1 -1 -1 -1 336439 1 15 40 31 29 2 5 2 5
0 0 0 1 1 1 6 1 5 6 1 2 6 -1 -1 -1 -1 -1 -1 336772 0 15 40 31 29 2 5 2 5
0 0 0 1 1 1 7 1 5 6 1 2 6 6 5 4 4 1 1 337105 0 15 40 31 29 2 4 2 5
0 0 0 1 1 6 1 1 6 2 1 2 5 -1 -1 -1 -1 -1 -1 347536 0 15 24 18 60 2 8 0 5
0 0 0 1 1 6 1 1 6 2 1 2 5 -1 -1 -1 -1 -1 -1 347703 0 15 24 18 60 2 8 0 5
0 0 0 1 1 6 1 1 6 2 1 2 5 -1 -1 -1 -1 -1 -1 347869 0 15 24 18 60 2 6 2 5
0 0 0 1 1 6 1 1 6 2 1 2 5 -1 -1 -1 -1 -1 -1 348036 0 15 24 18 51.8 2 6 2 5
0 0 0 1 1 6 1 1 6 2 1 2 5 -1 -1 -1 -1 -1 -1 348303 0 15 24 18 29.9333 2 6 2 5
0 0 0 1 1 6 1 1 6 2 1 2 5 -1 -1 -1 -1 -1 -1 348769 0 15 24 18 19 2 6 2 5
0 0 0 1 1 6 1 1 6 2 1 2 5 -1 -1 -1 -1 -1 -1 349302 0 15 24 18 19 2 4 2 5
0 0 0 1 1 6 1 1 6 2 1 2 5 -1 -1 -1 -1 -1 -1 349802 0 15 24 18 19 2 4 2 5
0 0 0 1 1 6 1 1 6 2 1 2 5 -1 -1 -1 -1 -1 -1 350336 0 15 24 18 19 2 4 2 5
0 0 0 1 1 6 1 1 6 2 1 2 5 -1 -1 -1 -1 -1 -1 350869 0 15 24 18 19 2 4 2 5
0 0 0 1 1 6 1 3 6 2 1 2 5 7 5 4 3 0 0 351402 0 15 24 18 19 2 4 2 5
0 0 0 1 1 6 1 1 6 2 1 2 5 -1 -1 -1 -1 -1 -1 351935 0 15 24 18 19 2 4 2 5
0 0 0 4 1 6 1 1 6 2 1 2 5 -1 -1 -1 -1 -1 -1 352402 1 15 24 18 23.75 2 4 2 5
0 0 0 1 1 6 1 1 6 2 1 2 5 -1 -1 -1 -1 -1 -1 352835 0 15 24 18 23.75 2 4 2 5
0 0 0 1 1 6 3 1 6 2 1 2 5 6 5 4 0 0 0 353235 0 15 24 18 23.75 2 4 2 5
0 0 0 1 1 6 1 1 6 2 1 2 5 -1 -1 -1 -1 -1 -1 353668 0 15 24 18 23.75 2 4 2 5
0 0 0 1 1 6 1 4 6 2 1 2 5 -1 -1 -1 -1 -1 -1 354101 1 15 24 18 20.2667 2 4 2 5
0 0 0 1 1 6 1 1 6 2 1 2 5 -1 -1 -1 -1 -1 -1 354634 0 15 24 18 19 2 4 2 5
0 0 0 1 1 6 3 1 6 2 1 2 5 6 5 4 1 0 0 355168 0 15 24 18 19 2 5 2 5
0 0 0 1 1 6 1 1 6 2 1 2 5 -1 -1 -1 -1 -1 -1 355701 0 15 24 18 19 2 5 2 5
0 0 0 4 1 6 1 1 6 2 1 2 5 -1 -1 -1 -1 -1 -1 356201 1 15 24 18 19 2 5 2 5
0 0 0 1 1 1 6 1 6 2 1 2 6 -1 -1 -1 -1 -1 -1 356734 0 15 24 18 19 2 5 2 5
0 0 0 1 1 3 6 1 6 2 1 2 6 5 5 4 2 0 0 357267 0 15 24 18 19 2 6 2 5
0 0 0 1 1 6 1 1 6 2 1 2 5 -1 -1 -1 -1 -1 -1 357800 0 15 24 18 19 2 6 2 5
0 0 0 1 1 6 1 4 6 2 1 2 5 -1 -1 -1 -1 -1 -1 358300 1 15 24 18 23.75 2 6 2 5
0 0 0 1 1 6 1 1 6 2 1 2 5 -1 -1 -1 -1 -1 -1 358700 0 15 24 18 23.75 2 6 2 5
0 0 0 1 1 6 1 3 6 2 1 2 5 7 5 4 3 0 0 359133 0 15 24 18 23.75 2 4 2 5
0 0 0 1 1 6 1 1 6 2 1 2 5 -1 -1 -1 -1 -1 -1 359533 0 15 24 18 23.75 2 4 2 5
0 0 0 4 1 6 1 1 6 2 1 2 5 -1 -1 -1 -1 -1 -1 359967 1 15 24 18 23.75 2 4 2 5
0 0 0 1 1 6 1 1 6 2 1 2 5 -1 -1 -1 -1 -1 -1 360400 0 15 24 18 23.75 2 4 2 5
0 0 0 1 1 6 3 1 6 2 1 2 5 6 5 4 0 0 0 360800 0 15 24 18 23.75 2 8 0 5
0 0 0 1 1 6 1 1 6 2 1 2 5 -1 -1 -1 -1 -1 -1 361233 0 15 24 18 23.75 2 8 0 5
0 0 0 4 1 6 1 1 6 2 1 2 5 -1 -1 -1 -1 -1 -1 361666 1 15 24 18 20.5833 2 8 0 5
0 0 0 1 1 6 1 1 6 2 1 2 5 -1 -1 -1 -1 -1 -1 362199 0 15 24 18 19 2 8 0 5
0 0 0 1 3 1 6 1 6 2 1 2 6 4 5 4 1 0 0 362733 0 15 24 18 19 2 6 2 5
0 0 0 1 1 1 6 1 6 2 1 2 6 -1 -1 -1 -1 -1 -1 363266 0 15 24 18 19 2 6 2 5
0 0 0 1 1 4 6 1 6 2 1 2 6 -1 -1 -1 -1 -1 -1 363766 1 15 24 18 19 2 6 2 5
0 0 0 1 1 1 6 1 6 2 1 2 6 -1 -1 -1 -1 -1 -1 364299 0 15 24 18 19 2 6 2 5
0 0 0 1 1 1 7 1 6 2 1 2 6 6 5 4 1 1 1 364832 0 15 24 18 19 2 4 2 5
0 0 0 1 1 1 6 1 6 2 1 2 6 -1 -1 -1 -1 -1 -1 365365 0 15 24 18 19 2 4 2 5
0 0 0 1 4 1 6 1 6 2 1 2 6 -1 -1 -1 -1 -1 -1 365898 1 15 24 18 19 2 4 2 5
0 0 0 1 1 6 1 1 6 2 1 2 5 -1 -1 -1 -1 -1 -1 366398 0 15 24 18 19 2 4 2 5
0 0 0 1 1 6 1 3 6 2 1 2 5 7 5 4 2 0 0 366931 0 15 24 18 19 2 4 2 5
0 0 0 1 1 6 1 1 6 2 1 2 5 -1 -1 -1 -1 -1 -1 367465 0 15 24 18 19 2 4 2 5
0 0 0 1 1 1 6 1 6 2 1 2 6 -1 -1 -1 -1 -1 -1 367998 0 15 24 18 19 2 4 2 5
0 0 0 1 1 1 6 1 6 2 1 2 6 -1 -1 -1 -1 -1 -1 368498 0 15 24 18 19 2 4 2 5
0 0 0 1 1 1 7 1 6 2 1 2 6 6 5 4 2 1 1 369031 0 15 24 18 19 2 4 2 5
0 0 0 1 1 1 6 1 6 2 1 2 6 -1 -1 -1 -1 -1 -1 369531 0 15 24 19 21 2 4 2 5
0 0 0 1 1 6 1 4 6 2 1 2 5 -1 -1 -1 -1 -1 -1 369997 1 15 24 19 21 2 4 2 5
0 0 0 1 6 1 1 1 6 2 1 2 4 -1 -1 -1 -1 -1 -1 370464 0 15 24 19 21 2 4 2 5
0 0 0 1 7 1 1 1 6 2 1 2 4 4 5 4 2 1 1 370964 0 15 24 19 21 2 5 2 5
0 0 0 1 1 6 1 1 6 2 1 2 5 -1 -1 -1 -1 -1 -1 371430 0 15 24 19 21 2 5 2 5
0 0 0 1 4 6 1 1 6 2 1 2 5 -1 -1 -1 -1 -1 -1 371897 1 15 24 19 21 2 5 2 5
0 0 0 1 1 6 1 1 6 2 1 2 5 -1 -1 -1 -1 -1 -1 372363 0 15 24 19 21 2 5 2 5
0 0 0 1 3 1 6 1 6 2 1 2 6 4 5 4 3 0 0 372863 0 15 24 19 21 2 6 2 5
0 0 0 1 1 1 6 1 6 2 1 2 6 -1 -1 -1 -1 -1 -1 373330 0 15 24 19 21 2 6 2 5
0 0 0 1 4 6 1 1 6 2 1 2 5 -1 -1 -1 -1 -1 -1 373796 1 15 24 19 21 2 6 2 5
0 0 0 1 1 1 6 1 6 2 1 2 6 -1 -1 -1 -1 -1 -1 374296 0 15 24 19 21 2 6 2 5
0 0 0 1 1 3 6 1 6 2 1 2 6 5 5 4 0 0 0 374763 0 15 24 19 21 2 4 2 5
0 0 0 1 1 1 6 1 6 2 1 2 6 -1 -1 -1 -1 -1 -1 375229 0 15 24 19 21 2 4 2 5
0 0 0 4 1 6 1 1 6 2 1 2 5 -1 -1 -1 -1 -1 -1 375696 1 15 24 19 21 2 4 2 5
0 0 0 1 1 6 1 1 6 2 1 2 5 -1 -1 -1 -1 -1 -1 376196 0 15 24 19 21 2 4 2 5
0 0 0 1 1 7 1 1 6 2 1 2 5 5 5 4 0 1 1 376662 0 15 24 19 21 2 8 0 5
0 0 0 1 1 1 6 1 6 2 1 2 6 -1 -1 -1 -1 -1 -1 377129 0 15 24 20 22 2 8 0 5
0 0 0 1 1 4 6 1 6 2 1 2 6 -1 -1 -1 -1 -1 -1 377562 1 15 24 20 22 2 8 0 5
0 0 0 1 1 6 1 1 6 2 1 2 5 -1 -1 -1 -1 -1 -1 378029 0 15 24 20 22 2 8 0 5
0 0 0 1 1 7 1 1 6 2 1 2 5 5 5 4 0 1 1 378495 0 15 24 20 22 2 6 2 5
0 0 0 1 1 6 1 1 6 2 1 2 5 -1 -1 -1 -1 -1 -1 378929 0 15 24 20 22 2 6 2 5
0 0 0 4 1 6 1 1 6 2 1 2 5 -1 -1 -1 -1 -1 -1 379395 1 15 24 20 22 2 6 2 5
0 0 0 1 1 6 1 1 6 2 1 2 5 -1 -1 -1 -1 -1 -1 379862 0 15 24 20 22 2 6 2 5
0 0 0 1 3 6 1 1 6 2 1 2 5 4 5 4 3 0 0 380295 0 15 24 20 22 2 4 2 5
0 0 0 1 1 6 1 1 6 2 1 2 5 -1 -1 -1 -1 -1 -1 380761 0 15 24 20 22 2 4 2 5
0 0 0 1 1 6 4 1 6 2 1 2 5 -1 -1 -1 -1 -1 -1 381195 1 15 24 20 22 2 4 2 5
0 0 0 1 1 6 1 1 6 2 1 2 5 -1 -1 -1 -1 -1 -1 381661 0 15 24 20 22 2 4 2 5
0 0 0 1 1 6 3 1 6 2 1 2 5 6 5 4 0 0 0 382128 0 15 24 20 22 2 4 2 5
0 0 0 1 1 6 1 1 6 2 1 2 5 -1 -1 -1 -1 -1 -1 382561 0 15 24 20 22 2 4 2 5
0 0 0 1 1 6 1 4 6 2 1 2 5 -1 -1 -1 -1 -1 -1 383028 1 15 24 20 22 2 4 2 5
0 0 0 1 1 1 6 1 6 2 1 2 6 -1 -1 -1 -1 -1 -1 383494 0 15 24 20 22 2 4 2 5
0 0 0 1 1 6 1 3 6 2 1 2 5 7 5 4 3 0 0 383927 0 15 24 20 22 2 4 2 5
0 0 0 1 1 6 1 1 6 2 1 2 5 -1 -1 -1 -1 -1 -1 384394 0 15 24 20 22 2 4 2 5
0 0 0 1 1 6 4 1 6 2 1 2 5 -1 -1 -1 -1 -1 -1 384860 1 15 24 20 22 2 4 2 5
0 0 0 1 1 1 6 1 6 2 1 2 6 -1 -1 -1 -1 -1 -1 385294 0 15 24 20 22 2 4 2 5
0 0 0 1 1 3 1 6 6 2 1 2 7 5 5 4 1 0 0 385760 0 15 24 20 22 2 5 2 5
0 0 0 1 1 1 1 6 6 2 1 2 7 -1 -1 -1 -1 -1 -1 386193 0 15 24 20 22 2 5 2 5
0 0 0 1 1 1 4 6 6 2 1 2 7 -1 -1 -1 -1 -1 -1 386660 1 15 24 20 22 2 5 2 5
0 0 0 1 1 1 1 6 6 2 1 2 7 -1 -1 -1 -1 -1 -1 387127 0 15 24 20 22 2 5 2 5
0 0 0 1 1 1 3 6 6 2 1 2 7 6 5 4 0 0 0 387560 0 15 24 20 22 2 6 2 5
0 0 0 1 1 1 1 6 6 2 1 2 7 -1 -1 -1 -1 -1 -1 388026 0 15 24 20 22 2 6 2 5
0 0 0 1 4 1 6 1 6 2 1 2 6 -1 -1 -1 -1 -1 -1 388493 1 15 24 20 22 2 6 2 5
0 0 0 1 1 6 1 1 6 2 1 2 5 -1 -1 -1 -1 -1 -1 388926 0 15 24 20 22 2 6 2 5
0 0 0 1 1 1 7 1 6 2 1 2 6 6 5 4 0 1 1 389393 0 15 24 20 22 2 4 2 5
0 0 0 1 1 1 6 1 6 2 1 2 6 -1 -1 -1 -1 -1 -1 389826 0 15 24 21 23 2 4 2 5
0 0 0 1 1 1 4 6 6 2 1 2 7 -1 -1 -1 -1 -1 -1 390259 1 15 24 21 23 2 4 2 5
0 0 0 1 1 1 1 6 6 2 1 2 7 -1 -1 -1 -1 -1 -1 390692 0 15 24 21 23 2 4 2 5
0 0 0 1 1 1 3 6 6 2 1 2 7 6 5 4 2 0 0 391126 0 15 24 21 23 2 8 0 5
0 0 0 1 1 1 1 6 6 2 1 2 7 -1 -1 -1 -1 -1 -1 391559 0 15 24 21 23 2 8 0 5
0 0 0 1 1 4 1 6 6 2 1 2 7 -1 -1 -1 -1 -1 -1 391992 1 15 24 21 23 2 8 0 5
0 0 0 1 1 1 6 1 6 2 1 2 6 -1 -1 -1 -1 -1 -1 392425 0 15 24 21 23 2 8 0 5
0 0 0 1 1 7 1 1 6 2 1 2 5 5 5 4 2 1 1 392858 0 15 24 21 23 2 6 2 5
0 0 0 1 1 1 6 1 6 2 1 2 6 -1 -1 -1 -1 -1 -1 393292 0 15 24 21 23 2 6 2 5
0 0 0 1 1 4 6 1 6 2 1 2 6 -1 -1 -1 -1 -1 -1 393725 1 15 24 21 23 2 6 2 5
0 0 0 1 1 1 6 1 6 2 1 2 6 -1 -1 -1 -1 -1 -1 394158 0 15 24 21 23 2 6 2 5
0 0 0 1 1 1 6 3 6 2 1 2 6 7 5 4 0 0 0 394591 0 15 24 21 23 2 4 2 5
0 0 0 1 1 1 6 1 6 2 1 2 6 -1 -1 -1 -1 -1 -1 395058 0 15 24 21 23 2 4 2 5
0 0 0 1 1 4 6 1 6 2 1 2 6 -1 -1 -1 -1 -1 -1 395491 1 15 24 21 23 2 4 2 5
0 0 0 1 1 1 1 6 6 2 1 2 7 -1 -1 -1 -1 -1 -1 395924 0 15 24 21 23 2 4 2 5
0 0 0 1 1 1 3 6 6 2 1 2 7 6 5 4 1 0 0 396358 0 15 24 21 23 2 4 2 5
0 0 0 1 1 1 1 6 6 2 1 2 7 -1 -1 -1 -1 -1 -1 396791 0 15 24 21 23 2 4 2 5
0 0 0 4 1 1 6 1 6 2 1 2 6 -1 -1 -1 -1 -1 -1 397224 1 15 24 21 23 2 4 2 5
0 0 0 1 1 1 6 1 6 2 1 2 6 -1 -1 -1 -1 -1 -1 397657 0 15 24 21 23 2 4 2 5
0 0 0 1 1 1 6 3 6 2 1 2 6 7 5 4 3 0 0 398091 0 15 24 21 23 2 4 2 5
0 0 0 1 1 1 1 6 6 2 1 2 7 -1 -1 -1 -1 -1 -1 398524 0 15 24 21 23 2 4 2 5
0 0 0 1 1 1 4 6 6 2 1 2 7 -1 -1 -1 -1 -1 -1 398957 1 15 24 21 23 2 4 2 5
0 0 0 1 1 1 6 1 6 2 1 2 6 -1 -1 -1 -1 -1 -1 399390 0 15 24 21 23 2 4 2 5
0 0 0 1 1 7 1 1 6 2 1 2 5 5 5 4 3 1 1 399823 0 15 24 21 23 2 5 2 5
0 0 0 0 1 6 1 0 7 1 1 0 5 -1 -1 -1 -1 -1 -1 408721 0 15 24 18 60 2 8 0 3
0 0 0 0 1 6 1 0 7 1 1 0 5 -1 -1 -1 -1 -1 -1 408888 0 15 24 18 60 2 8 0 3
0 0 0 0 1 6 1 0 7 1 1 0 5 -1 -1 -1 -1 -1 -1 409055 0 15 24 18 60 2 4 2 3
0 0 0 0 1 6 1 0 7 1 1 0 5 -1 -1 -1 -1 -1 -1 409221 0 15 24 18 51.8 2 4 2 3
0 0 0 0 1 6 1 0 7 1 1 0 5 -1 -1 -1 -1 -1 -1 409488 0 15 24 18 29.9333 2 4 2 3
0 0 0 0 1 6 1 0 7 1 1 0 5 -1 -1 -1 -1 -1 -1 409954 0 15 24 18 19 2 4 2 3
0 0 0 0 1 6 1 0 7 1 1 0 5 -1 -1 -1 -1 -1 -1 410488 0 15 24 18 19 2 6 2 3
0 0 0 0 1 6 1 0 7 1 1 0 5 -1 -1 -1 -1 -1 -1 410987 0 15 24 18 19 2 6 2 3
0 0 0 0 1 1 6 0 7 1 1 0 6 -1 -1 -1 -1 -1 -1 411521 0 15 24 18 19 2 6 2 3
0 0 0 0 1 1 6 0 7 1 1 0 6 -1 -1 -1 -1 -1 -1 412054 0 15 24 18 19 2 6 2 3
0 0 0 0 1 3 6 0 7 1 1 0 6 5 4 7 2 0 0 412587 0 15 24 18 19 2 6 2 3
0 0 0 0 1 1 6 0 7 1 1 0 6 -1 -1 -1 -1 -1 -1 413120 0 15 24 18 19 2 6 2 3
0 0 0 0 1 1 6 0 7 1 1 0 6 -1 -1 -1 -1 -1 -1 413620 0 15 24 18 19 2 6 2 3
0 0 0 0 1 1 6 0 7 1 1 0 6 -1 -1 -1 -1 -1 -1 414153 0 15 24 18 19 2 6 2 3
0 0 0 0 3 1 6 0 7 1 1 0 6 4 4 6 1 0 0 414686 0 15 24 18 19 2 6 2 3
0 0 0 0 1 1 6 0 7 1 1 0 6 -1 -1 -1 -1 -1 -1 415220 0 15 24 18 19 2 6 2 3
0 0 0 0 1 1 6 0 7 1 1 0 6 -1 -1 -1 -1 -1 -1 415720 0 15 24 18 19 2 6 2 3
0 0 0 0 1 1 6 0 7 1 1 0 6 -1 -1 -1 -1 -1 -1 416253 0 15 24 18 19 2 6 2 3
0 0 0 0 1 1 7 0 7 1 1 0 6 6 4 6 1 1 1 416786 0 15 24 18 19 2 6 2 3
0 0 0 0 1 1 6 0 7 1 1 0 6 -1 -1 -1 -1 -1 -1 417319 0 15 24 18 19 2 6 2 3
0 0 0 0 1 6 1 0 7 1 1 0 5 -1 -1 -1 -1 -1 -1 417852 0 15 24 18 19 2 6 2 3
0 0 0 0 1 6 1 0 7 1 1 0 5 -1 -1 -1 -1 -1 -1 418352 0 15 24 18 19 2 6 2 3
0 0 0 0 1 6 3 0 7 1 1 0 5 6 4 7 2 0 0 418885 0 15 24 18 19 2 6 2 3
0 0 0 0 1 6 1 0 7 1 1 0 5 -1 -1 -1 -1 -1 -1 419419 0 15 24 18 19 2 6 2 3
0 0 0 0 1 1 6 0 7 1 1 0 6 -1 -1 -1 -1 -1 -1 419952 0 15 24 18 19 2 6 2 3
0 0 0 0 1 1 6 0 7 1 1 0 6 -1 -1 -1 -1 -1 -1 420485 0 15 24 18 19 2 6 2 3
0 0 0 0 1 3 6 0 7 1 1 0 6 5 4 5 0 0 0 420985 0 15 24 18 19 2 5 2 3
0 0 0 0 1 1 6 0 7 1 1 0 6 -1 -1 -1 -1 -1 -1 421518 0 15 24 18 19 2 5 2 3
0 0 0 0 1 6 1 0 7 1 1 0 5 -1 -1 -1 -1 -1 -1 422051 0 15 24 18 19 2 5 2 3
0 0 0 0 1 6 1 0 7 1 1 0 5 -1 -1 -1 -1 -1 -1 422585 0 15 24 18 19 2 5 2 3
0 0 0 0 1 6 3 0 7 1 1 0 5 6 4 7 2 0 0 423084 0 15 24 18 19 2 8 0 3
0 0 0 0 1 6 1 0 7 1 1 0 5 -1 -1 -1 -1 -1 -1 423618 0 15 24 18 19 2 8 0 3
0 0 0 0 1 1 6 0 7 1 1 0 6 -1 -1 -1 -1 -1 -1 424151 0 15 24 18 19 2 8 0 3
0 0 0 0 1 1 6 0 7 1 1 0 6 -1 -1 -1 -1 -1 -1 424684 0 15 24 18 19 2 8 0 3
0 0 0 0 1 1 7 0 7 1 1 0 6 6 4 7 2 1 1 425217 0 15 24 18 19 2 4 2 3
0 0 0 0 1 1 6 0 7 1 1 0 6 -1 -1 -1 -1 -1 -1 425684 0 15 24 19 21 2 4 2 3
0 0 0 0 1 6 1 0 7 1 1 0 5 -1 -1 -1 -1 -1 -1 426150 0 15 24 19 21 2 4 2 3
0 0 0 0 1 6 1 0 7 1 1 0 5 -1 -1 -1 -1 -1 -1 426650 0 15 24 19 21 2 4 2 3
0 0 0 0 1 6 3 0 7 1 1 0 5 6 4 8 3 0 0 427117 0 15 24 19 21 2 6 2 3
0 0 0 0 1 6 1 0 7 1 1 0 5 -1 -1 -1 -1 -1 -1 427583 0 15 24 19 21 2 6 2 3
0 0 0 0 1 6 1 0 7 1 1 0 5 -1 -1 -1 -1 -1 -1 428083 0 15 24 19 21 2 6 2 3
0 0 0 0 1 6 1 0 7 1 1 0 5 -1 -1 -1 -1 -1 -1 428550 0 15 24 19 21 2 6 2 3
0 0 0 0 3 6 1 0 7 1 1 0 5 4 4 6 1 0 0 429016 0 15 24 19 21 2 6 2 3
0 0 0 0 1 6 1 0 7 1 1 0 5 -1 -1 -1 -1 -1 -1 429483 0 15 24 19 21 2 6 2 3
0 0 0 0 1 6 1 0 7 1 1 0 5 -1 -1 -1 -1 -1 -1 429983 0 15 24 19 21 2 6 2 3
0 0 0 0 1 6 1 0 7 1 1 0 5 -1 -1 -1 -1 -1 -1 430449 0 15 24 19 21 2 6 2 3
0 0 0 0 1 6 3 0 7 1 1 0 5 6 4 7 2 0 0 430916 0 15 24 19 21 2 6 2 3
0 0 0 0 1 6 1 0 7 1 1 0 5 -1 -1 -1 -1 -1 -1 431416 0 15 24 19 21 2 6 2 3
0 0 0 0 1 6 1 0 7 1 1 0 5 -1 -1 -1 -1 -1 -1 431882 0 15 24 19 21 2 6 2 3
0 0 0 0 1 6 1 0 7 1 1 0 5 -1 -1 -1 -1 -1 -1 432349 0 15 24 19 21 2 6 2 3
0 0 0 0 1 7 1 0 7 1 1 0 5 5 4 7 2 1 1 432815 0 15 24 19 21 2 6 2 3
0 0 0 0 1 6 1 0 7 1 1 0 5 -1 -1 -1 -1 -1 -1 433315 0 15 24 19 21 2 6 2 3
0 0 0 0 1 6 1 0 7 1 1 0 5 -1 -1 -1 -1 -1 -1 433782 0 15 24 19 21 2 6 2 3
0 0 0 0 1 6 1 0 7 1 1 0 5 -1 -1 -1 -1 -1 -1 434248 0 15 24 19 21 2 6 2 3
0 0 0 0 1 7 1 0 7 1 1 0 5 5 4 7 2 1 1 434748 0 15 24 19 21 2 6 2 3
0 0 0 0 1 6 1 0 7 1 1 0 5 -1 -1 -1 -1 -1 -1 435181 0 15 24 20 22 2 6 2 3
0 0 0 0 6 1 1 0 7 1 1 0 4 -1 -1 -1 -1 -1 -1 435648 0 15 24 20 22 2 6 2 3
0 0 0 0 6 1 1 0 7 1 1 0 4 -1 -1 -1 -1 -1 -1 436115 0 15 24 20 22 2 6 2 3
0 0 0 0 6 3 1 0 7 1 1 0 4 5 4 5 0 0 0 436548 0 15 24 20 22 2 5 2 3
0 0 0 0 6 1 1 0 7 1 1 0 4 -1 -1 -1 -1 -1 -1 437014 0 15 24 20 22 2 5 2 3
0 0 0 0 1 6 1 0 7 1 1 0 5 -1 -1 -1 -1 -1 -1 437481 0 15 24 20 22 2 5 2 3
0 0 0 0 1 6 1 0 7 1 1 0 5 -1 -1 -1 -1 -1 -1 437914 0 15 24 20 22 2 5 2 3
0 0 0 0 1 6 3 0 7 1 1 0 5 6 4 6 1 0 0 438381 0 15 24 20 22 2 8 0 3
0 0 0 0 1 6 1 0 7 1 1 0 5 -1 -1 -1 -1 -1 -1 438814 0 15 24 20 22 2 8 0 3
0 0 0 0 1 6 1 0 7 1 1 0 5 -1 -1 -1 -1 -1 -1 439280 0 15 24 20 22 2 8 0 3
0 0 0 0 1 6 1 0 7 1 1 0 5 -1 -1 -1 -1 -1 -1 439747 0 15 24 20 22 2 8 0 3
0 0 0 0 1 7 1 0 7 1 1 0 5 5 4 6 1 1 1 440180 0 15 24 20 22 2 4 2 3
0 0 0 0 1 6 1 0 7 1 1 0 5 -1 -1 -1 -1 -1 -1 440647 0 15 24 20 22 2 4 2 3
0 0 0 0 1 6 1 0 7 1 1 0 5 -1 -1 -1 -1 -1 -1 441113 0 15 24 20 22 2 4 2 3
0 0 0 0 1 6 1 0 7 1 1 0 5 -1 -1 -1 -1 -1 -1 441547 0 15 24 20 22 2 4 2 3
0 0 0 0 3 6 1 0 7 1 1 0 5 4 4 5 0 0 0 442013 0 15 24 20 22 2 6 2 3
0 0 0 0 1 6 1 0 7 1 1 0 5 -1 -1 -1 -1 -1 -1 442446 0 15 24 20 22 2 6 2 3
0 0 0 0 1 6 1 0 7 1 1 0 5 -1 -1 -1 -1 -1 -1 442913 0 15 24 20 22 2 6 2 3
0 0 0 0 1 6 1 0 7 1 1 0 5 -1 -1 -1 -1 -1 -1 443379 0 15 24 20 22 2 6 2 3
0 0 0 0 1 6 3 0 7 1 1 0 5 6 4 7 2 0 0 443813 0 15 24 20 22 2 6 2 3
0 0 0 0 1 6 1 0 7 1 1 0 5 -1 -1 -1 -1 -1 -1 444279 0 15 24 20 22 2 6 2 3
0 0 0 0 1 6 1 0 7 1 1 0 5 -1 -1 -1 -1 -1 -1 444746 0 15 24 20 22 2 6 2 3
0 0 0 0 1 6 1 0 7 1 1 0 5 -1 -1 -1 -1 -1 -1 445179 0 15 24 20 22 2 6 2 3
0 0 0 0 1 6 3 0 7 1 1 0 5 6 4 8 3 0 0 445646 0 15 24 20 22 2 6 2 3
0 0 0 0 1 6 1 0 7 1 1 0 5 -1 -1 -1 -1 -1 -1 446112 0 15 24 20 22 2 6 2 3
0 0 0 0 1 6 1 0 7 1 1 0 5 -1 -1 -1 -1 -1 -1 446545 0 15 24 20 22 2 6 2 3
0 0 0 0 1 6 1 0 7 1 1 0 5 -1 -1 -1 -1 -1 -1 447012 0 15 24 20 22 2 6 2 3
0 0 0 0 3 6 1 0 7 1 1 0 5 4 4 5 0 0 0 447445 0 15 24 20 22 2 6 2 3
0 0 0 0 1 6 1 0 7 1 1 0 5 -1 -1 -1 -1 -1 -1 447912 0 15 24 20 22 2 6 2 3
0 0 0 0 1 1 6 0 7 1 1 0 6 -1 -1 -1 -1 -1 -1 448378 0 15 24 20 22 2 6 2 3
0 0 0 0 1 1 6 0 7 1 1 0 6 -1 -1 -1 -1 -1 -1 448811 0 15 24 20 22 2 6 2 3
0 0 0 0 1 3 6 0 7 1 1 0 6 5 4 8 3 0 0 449278 0 15 24 20 22 2 6 2 3
0 0 0 0 1 1 6 0 7 1 1 0 6 -1 -1 -1 -1 -1 -1 449745 0 15 24 20 22 2 6 2 3
0 0 0 0 1 6 1 0 7 1 1 0 5 -1 -1 -1 -1 -1 -1 450178 0 15 24 20 22 2 6 2 3
0 0 0 0 1 6 1 0 7 1 1 0 5 -1 -1 -1 -1 -1 -1 450644 0 15 24 20 22 2 6 2 3
0 0 0 0 1 7 1 0 7 1 1 0 5 5 4 8 3 1 1 451111 0 15 24 20 22 2 5 2 3
0 0 0 0 1 6 1 0 7 1 1 0 5 -1 -1 -1 -1 -1 -1 451544 0 15 24 21 23 2 5 2 3
0 0 0 0 6 1 1 0 7 1 1 0 4 -1 -1 -1 -1 -1 -1 451977 0 15 24 21 23 2 5 2 3
0 0 0 0 6 1 1 0 7 1 1 0 4 -1 -1 -1 -1 -1 -1 452411 0 15 24 21 23 2 5 2 3
0 0 0 0 6 3 1 0 7 1 1 0 4 5 4 7 2 0 0 452844 0 15 24 21 23 2 8 0 3
0 0 0 0 6 1 1 0 7 1 1 0 4 -1 -1 -1 -1 -1 -1 453277 0 15 24 21 23 2 8 0 3
0 0 0 0 1 6 1 0 7 1 1 0 5 -1 -1 -1 -1 -1 -1 453710 0 15 24 21 23 2 8 0 3
0 0 0 0 1 6 1 0 7 1 1 0 5 -1 -1 -1 -1 -1 -1 454144 0 15 24 21 23 2 8 0 3
0 0 0 0 3 6 1 0 7 1 1 0 5 4 4 5 0 0 0 454577 0 15 24 21 23 2 4 2 3
0 0 0 0 1 6 1 0 7 1 1 0 5 -1 -1 -1 -1 -1 -1 455010 0 15 24 21 23 2 4 2 3
0 0 0 0 6 1 1 0 7 1 1 0 4 -1 -1 -1 -1 -1 -1 455443 0 15 24 21 23 2 4 2 3
0 0 0 0 6 1 1 0 7 1 1 0 4 -1 -1 -1 -1 -1 -1 455876 0 15 24 21 23 2 4 2 3
0 0 0 0 7 1 1 0 7 1 1 0 4 4 4 5 0 1 1 456310 0 15 24 21 23 2 6 2 3
0 0 0 0 6 1 1 0 7 1 1 0 4 -1 -1 -1 -1 -1 -1 456743 0 15 24 21 23 2 6 2 3
0 0 0 0 1 6 1 0 7 1 1 0 5 -1 -1 -1 -1 -1 -1 457176 0 15 24 21 23 2 6 2 3
0 0 0 0 1 6 1 0 7 1 1 0 5 -1 -1 -1 -1 -1 -1 457609 0 15 24 21 23 2 6 2 3
0 0 0 0 1 6 3 0 7 1 1 0 5 6 4 8 3 0 0 458043 0 15 24 21 23 2 6 2 3
0 0 0 0 1 6 1 0 7 1 1 0 5 -1 -1 -1 -1 -1 -1 458476 0 15 24 21 23 2 6 2 3
0 0 0 0 1 6 1 0 7 1 1 0 5 -1 -1 -1 -1 -1 -1 458909 0 15 24 21 23 2 6 2 3
0 0 0 0 1 6 1 0 7 1 1 0 5 -1 -1 -1 -1 -1 -1 459342 0 15 24 21 23 2 6 2 3
0 0 0 0 1 6 3 0 7 1 1 0 5 6 4 7 2 0 0 459775 0 15 24 21 23 2 6 2 3
0 0 0 0 1 6 1 0 7 1 1 0 5 -1 -1 -1 -1 -1 -1 460242 0 15 24 21 23 2 6 2 3
0 0 0 0 1 6 1 0 7 1 1 0 5 -1 -1 -1 -1 -1 -1 460675 0 15 24 21 23 2 6 2 3
0 0 0 0 1 6 1 0 7 1 1 0 5 -1 -1 -1 -1 -1 -1 461108 0 15 24 21 23 2 6 2 3
0 0 0 0 1 7 1 0 7 1 1 0 5 5 4 7 2 1 1 461542 0 15 24 21 23 2 6 2 3
0 0 0 0 1 6 1 0 8 0 1 0 5 -1 -1 -1 -1 -1 -1 472672 0 15 24 18 60 2 8 0 3
0 0 0 0 1 6 1 0 8 0 1 0 5 -1 -1 -1 -1 -1 -1 472839 0 15 24 18 60 2 8 0 3
0 0 0 0 1 6 1 0 8 0 1 0 5 -1 -1 -1 -1 -1 -1 473006 0 15 24 18 60 2 6 2 3
0 0 0 0 1 6 1 0 8 0 1 0 5 -1 -1 -1 -1 -1 -1 473172 0 15 24 18 51.8 2 6 2 3
0 0 0 0 1 6 1 0 8 0 1 0 5 -1 -1 -1 -1 -1 -1 473439 0 15 24 18 29.9333 2 6 2 3
0 0 0 0 1 6 1 0 8 0 1 0 5 -1 -1 -1 -1 -1 -1 473905 0 15 24 18 19 2 6 2 3
0 0 0 0 1 6 1 0 8 0 1 0 5 -1 -1 -1 -1 -1 -1 474439 0 15 24 18 19 2 6 2 3
0 0 0 0 1 6 1 0 8 0 1 0 5 -1 -1 -1 -1 -1 -1 474938 0 15 24 18 19 2 6 2 3
0 0 0 0 1 6 1 0 8 0 1 0 5 -1 -1 -1 -1 -1 -1 475472 0 15 24 18 19 2 6 2 3
0 0 0 0 1 6 1 0 8 0 1 0 5 -1 -1 -1 -1 -1 -1 476005 0 15 24 18 19 2 6 2 3
0 0 0 0 1 6 3 0 8 0 1 0 5 6 2 4 0 0 0 476538 0 15 24 18 19 2 5 2 3
0 0 0 0 1 6 1 0 8 0 1 0 5 -1 -1 -1 -1 -1 -1 477071 0 15 24 18 19 2 5 2 3
0 0 0 0 1 1 6 0 8 0 1 0 6 -1 -1 -1 -1 -1 -1 477571 0 15 24 18 19 2 5 2 3
0 0 0 0 1 1 6 0 8 0 1 0 6 -1 -1 -1 -1 -1 -1 478104 0 15 24 18 19 2 5 2 3
0 0 0 0 1 1 7 0 8 0 1 0 6 6 2 4 0 1 1 478638 0 15 24 18 19 2 6 2 3
0 0 0 0 1 1 6 0 8 0 1 0 6 -1 -1 -1 -1 -1 -1 479171 0 15 24 18 19 2 6 2 3
0 0 0 0 1 1 6 0 8 0 1 0 6 -1 -1 -1 -1 -1 -1 479704 0 15 24 18 19 2 6 2 3
0 0 0 0 1 1 6 0 8 0 1 0 6 -1 -1 -1 -1 -1 -1 480204 0 15 24 18 19 2 6 2 3
0 0 0 0 1 1 7 0 8 0 1 0 6 6 2 4 0 1 1 480737 0 15 24 18 19 2 6 2 3
0 0 0 0 1 1 6 0 8 0 1 0 6 -1 -1 -1 -1 -1 -1 481237 0 15 24 19 21 2 6 2 3
0 0 0 0 1 1 6 0 8 0 1 0 6 -1 -1 -1 -1 -1 -1 481703 0 15 24 19 21 2 6 2 3
0 0 0 0 1 1 6 0 8 0 1 0 6 -1 -1 -1 -1 -1 -1 482170 0 15 24 19 21 2 6 2 3
0 0 0 0 1 3 6 0 8 0 1 0 6 5 3 4 3 0 0 482637 0 15 24 19 21 2 5 2 3
0 0 0 0 1 1 6 0 8 0 1 0 6 -1 -1 -1 -1 -1 -1 483136 0 15 24 19 21 2 5 2 3
0 0 0 0 1 6 1 0 8 0 1 0 5 -1 -1 -1 -1 -1 -1 483603 0 15 24 19 21 2 5 2 3
0 0 0 0 1 6 1 0 8 0 1 0 5 -1 -1 -1 -1 -1 -1 484070 0 15 24 19 21 2 5 2 3
0 0 0 0 1 6 3 0 8 0 1 0 5 6 2 4 0 0 0 484569 0 15 24 19 21 2 4 2 3
0 0 0 0 1 6 1 0 8 0 1 0 5 -1 -1 -1 -1 -1 -1 485036 0 15 24 19 21 2 4 2 3
0 0 0 0 1 6 1 0 8 0 1 0 5 -1 -1 -1 -1 -1 -1 485503 0 15 24 19 21 2 4 2 3
0 0 0 0 1 6 1 0 8 0 1 0 5 -1 -1 -1 -1 -1 -1 485969 0 15 24 19 21 2 4 2 3
0 0 0 0 3 6 1 0 8 0 1 0 5 4 1 4 2 0 0 486469 0 15 24 19 21 2 8 0 3
0 0 0 0 1 6 1 0 8 0 1 0 5 -1 -1 -1 -1 -1 -1 486936 0 15 24 19 21 2 8 0 3
0 0 0 0 1 1 6 0 8 0 1 0 6 -1 -1 -1 -1 -1 -1 487402 0 15 24 19 21 2 8 0 3
0 0 0 0 1 1 6 0 8 0 1 0 6 -1 -1 -1 -1 -1 -1 487902 0 15 24 19 21 2 8 0 3
0 0 0 0 1 1 7 0 8 0 1 0 6 6 1 4 2 1 1 488369 0 15 24 19 21 2 6 2 3
0 0 0 0 1 1 6 0 8 0 1 0 6 -1 -1 -1 -1 -1 -1 488835 0 15 24 19 21 2 6 2 3
0 0 0 0 1 6 1 0 8 0 1 0 5 -1 -1 -1 -1 -1 -1 489302 0 15 24 19 21 2 6 2 3
0 0 0 0 1 6 1 0 8 0 1 0 5 -1 -1 -1 -1 -1 -1 489801 0 15 24 19 21 2 6 2 3
0 0 0 0 3 6 1 0 8 0 1 0 5 4 0 4 1 0 0 490268 0 15 24 19 21 2 6 2 3
0 0 0 0 1 6 1 0 8 0 1 0 5 -1 -1 -1 -1 -1 -1 490735 0 15 24 19 21 2 6 2 3
0 0 0 0 1 1 6 0 8 0 1 0 6 -1 -1 -1 -1 -1 -1 491234 0 15 24 19 21 2 6 2 3
0 0 0 0 1 1 6 0 8 0 1 0 6 -1 -1 -1 -1 -1 -1 491701 0 15 24 19 21 2 6 2 3
0 0 0 0 1 3 6 0 8 0 1 0 6 5 2 4 0 0 0 492168 0 15 24 19 21 2 5 2 3
0 0 0 0 1 1 6 0 8 0 1 0 6 -1 -1 -1 -1 -1 -1 492634 0 15 24 19 21 2 5 2 3
0 0 0 0 1 6 1 0 8 0 1 0 5 -1 -1 -1 -1 -1 -1 493134 0 15 24 19 21 2 5 2 3
0 0 0 0 1 6 1 0 8 0 1 0 5 -1 -1 -1 -1 -1 -1 493601 0 15 24 19 21 2 5 2 3
0 0 0 0 1 6 3 0 8 0 1 0 5 6 1 4 2 0 0 494067 0 15 24 19 21 2 6 2 3
0 0 0 0 1 6 1 0 8 0 1 0 5 -1 -1 -1 -1 -1 -1 494567 0 15 24 19 21 2 6 2 3
0 0 0 0 1 6 1 0 8 0 1 0 5 -1 -1 -1 -1 -1 -1 495034 0 15 24 19 21 2 6 2 3
0 0 0 0 1 6 1 0 8 0 1 0 5 -1 -1 -1 -1 -1 -1 495500 0 15 24 19 21 2 6 2 3
0 0 0 0 1 7 1 0 8 0 1 0 5 5 1 4 2 1 1 495967 0 15 24 19 21 2 6 2 3
0 0 0 0 1 6 1 0 8 0 1 0 5 -1 -1 -1 -1 -1 -1 496433 0 15 24 20 22 2 6 2 3
0 0 0 0 1 6 1 0 8 0 1 0 5 -1 -1 -1 -1 -1 -1 496900 0 15 24 20 22 2 6 2 3
0 0 0 0 1 6 1 0 8 0 1 0 5 -1 -1 -1 -1 -1 -1 497333 0 15 24 20 22 2 6 2 3
0 0 0 0 1 7 1 0 8 0 1 0 5 5 1 4 2 1 1 497800 0 15 24 20 22 2 5 2 3
0 0 0 0 1 6 1 0 8 0 1 0 5 -1 -1 -1 -1 -1 -1 498266 0 15 24 20 22 2 5 2 3
0 0 0 0 1 6 1 0 8 0 1 0 5 -1 -1 -1 -1 -1 -1 498699 0 15 24 20 22 2 5 2 3
0 0 0 0 1 6 1 0 8 0 1 0 5 -1 -1 -1 -1 -1 -1 499166 0 15 24 20 22 2 5 2 3
0 0 0 0 1 6 3 0 8 0 1 0 5 6 0 4 1 0 0 499632 0 15 24 20 22 2 4 2 3
0 0 0 0 1 6 1 0 8 0 1 0 5 -1 -1 -1 -1 -1 -1 500066 0 15 24 20 22 2 4 2 3
0 0 0 0 1 1 6 0 8 0 1 0 6 -1 -1 -1 -1 -1 -1 500532 0 15 24 20 22 2 4 2 3
0 0 0 0 1 1 6 0 8 0 1 0 6 -1 -1 -1 -1 -1 -1 500965 0 15 24 20 22 2 4 2 3
0 0 0 0 1 1 7 0 8 0 1 0 6 6 0 4 1 1 1 501432 0 15 24 20 22 2 8 0 3
0 0 0 0 1 1 6 0 8 0 1 0 6 -1 -1 -1 -1 -1 -1 501865 0 15 24 21 23 2 8 0 3
0 0 0 0 1 1 6 0 8 0 1 0 6 -1 -1 -1 -1 -1 -1 502298 0 15 24 21 23 2 8 0 3
0 0 0 0 1 1 6 0 8 0 1 0 6 -1 -1 -1 -1 -1 -1 502732 0 15 24 21 23 2 8 0 3
0 0 0 0 1 1 7 0 8 0 1 0 6 6 0 4 1 1 1 503165 0 15 24 21 23 2 6 2 3
0 0 0 0 1 1 6 0 8 0 1 0 6 -1 -1 -1 -1 -1 -1 503598 0 15 24 21 23 2 6 2 3
0 0 0 0 1 6 1 0 8 0 1 0 5 -1 -1 -1 -1 -1 -1 504031 0 15 24 21 23 2 6 2 3
0 0 0 0 1 6 1 0 8 0 1 0 5 -1 -1 -1 -1 -1 -1 504465 0 15 24 21 23 2 6 2 3
0 0 0 0 3 6 1 0 8 0 1 0 5 4 1 4 2 0 0 504898 0 15 24 21 23 2 6 2 3
0 0 0 0 1 6 1 0 8 0 1 0 5 -1 -1 -1 -1 -1 -1 505364 0 15 24 21 23 2 6 2 3
0 0 0 0 1 6 1 0 8 0 1 0 5 -1 -1 -1 -1 -1 -1 505798 0 15 24 21 23 2 6 2 3
0 0 0 0 1 6 1 0 8 0 1 0 5 -1 -1 -1 -1 -1 -1 506231 0 15 24 21 23 2 6 2 3
0 0 0 0 3 6 1 0 8 0 1 0 5 4 0 4 1 0 0 506664 0 15 24 21 23 2 5 2 3
0 0 0 0 1 6 1 0 8 0 1 0 5 -1 -1 -1 -1 -1 -1 507097 0 15 24 21 23 2 5 2 3
0 0 0 0 1 6 1 0 8 0 1 0 5 -1 -1 -1 -1 -1 -1 507530 0 15 24 21 23 2 5 2 3
0 0 0 0 1 1 6 0 8 0 1 0 6 -1 -1 -1 -1 -1 -1 507964 0 15 24 21 23 2 5 2 3
0 0 0 0 1 3 6 0 8 0 1 0 6 5 2 4 0 0 0 508397 0 15 24 21 23 2 6 2 3
0 0 0 0 1 1 6 0 8 0 1 0 6 -1 -1 -1 -1 -1 -1 508830 0 15 24 21 23 2 6 2 3
0 0 0 0 1 6 1 0 8 0 1 0 5 -1 -1 -1 -1 -1 -1 509263 0 15 24 21 23 2 6 2 3
0 0 0 0 1 6 1 0 8 0 1 0 5 -1 -1 -1 -1 -1 -1 509697 0 15 24 21 23 2 6 2 3
0 0 0 0 3 6 1 0 8 0 1 0 5 4 3 4 3 0 0 510130 0 15 24 21 23 2 6 2 3
0 0 0 0 1 6 1 0 8 0 1 0 5 -1 -1 -1 -1 -1 -1 510563 0 15 24 21 23 2 6 2 3
0 0 0 0 1 1 6 0 8 0 1 0 6 -1 -1 -1 -1 -1 -1 510996 0 15 24 21 23 2 6 2 3
0 0 0 0 1 1 6 0 8 0 1 0 6 -1 -1 -1 -1 -1 -1 511430 0 15 24 21 23 2 6 2 3
0 0 0 0 1 1 7 0 8 0 1 0 6 6 3 4 3 1 1 511863 0 15 24 21 23 2 5 2 3
0 0 0 0 1 6 1 0 8 0 1 0 5 -1 -1 -1 -1 -1 -1 472672 0 15 24 18 60 2 8 0 3
0 0 0 0 1 6 1 0 8 0 1 0 5 -1 -1 -1 -1 -1 -1 472839 0 15 24 18 60 2 8 0 3
0 0 0 0 1 6 1 0 8 0 1 0 5 -1 -1 -1 -1 -1 -1 473006 0 15 24 18 60 2 6 2 3
0 0 0 0 1 6 1 0 8 0 1 0 5 -1 -1 -1 -1 -1 -1 473172 0 15 24 18 51.8 2 6 2 3
0 0 0 0 1 6 1 0 8 0 1 0 5 -1 -1 -1 -1 -1 -1 473439 0 15 24 18 29.9333 2 6 2 3
0 0 0 0 1 6 1 0 8 0 1 0 5 -1 -1 -1 -1 -1 -1 473905 0 15 24 18 19 2 6 2 3
0 0 0 0 1 6 1 0 8 0 1 0 5 -1 -1 -1 -1 -1 -1 474439 0 15 24 18 19 2 6 2 3
0 0 0 0 1 6 1 0 8 0 1 0 5 -1 -1 -1 -1 -1 -1 474938 0 15 24 18 19 2 6 2 3
0 0 0 0 1 6 1 0 8 0 1 0 5 -1 -1 -1 -1 -1 -1 475472 0 15 24 18 19 2 6 2 3
0 0 0 0 1 6 1 0 8 0 1 0 5 -1 -1 -1 -1 -1 -1 476005 0 15 24 18 19 2 6 2 3
0 0 0 0 1 6 3 0 8 0 1 0 5 6 2 4 0 0 0 476538 0 15 24 18 19 2 5 2 3
0 0 0 0 1 6 1 0 8 0 1 0 5 -1 -1 -1 -1 -1 -1 477071 0 15 24 18 19 2 5 2 3
0 0 0 0 1 1 6 0 8 0 1 0 6 -1 -1 -1 -1 -1 -1 477571 0 15 24 18 19 2 5 2 3
0 0 0 0 1 1 6 0 8 0 1 0 6 -1 -1 -1 -1 -1 -1 478104 0 15 24 18 19 2 5 2 3
0 0 0 0 1 1 7 0 8 0 1 0 6 6 2 4 0 1 1 478638 0 15 24 18 19 2 6 2 3
0 0 0 0 1 1 6 0 8 0 1 0 6 -1 -1 -1 -1 -1 -1 479171 0 15 24 18 19 2 6 2 3
0 0 0 0 1 1 6 0 8 0 1 0 6 -1 -1 -1 -1 -1 -1 479704 0 15 24 18 19 2 6 2 3
0 0 0 0 1 1 6 0 8 0 1 0 6 -1 -1 -1 -1 -1 -1 480204 0 15 24 18 19 2 6 2 3
0 0 0 0 1 1 7 0 8 0 1 0 6 6 2 4 0 1 1 480737 0 15 24 18 19 2 6 2 3
0 0 0 0 1 1 6 0 8 0 1 0 6 -1 -1 -1 -1 -1 -1 481237 0 15 24 19 21 2 6 2 3
0 0 0 0 1 1 6 0 8 0 1 0 6 -1 -1 -1 -1 -1 -1 481703 0 15 24 19 21 2 6 2 3
0 0 0 0 1 1 6 0 8 0 1 0 6 -1 -1 -1 -1 -1 -1 482170 0 15 24 19 21 2 6 2 3
0 0 0 0 1 3 6 0 8 0 1 0 6 5 3 4 3 0 0 482637 0 15 24 19 21 2 5 2 3
0 0 0 0 1 1 6 0 8 0 1 0 6 -1 -1 -1 -1 -1 -1 483136 0 15 24 19 21 2 5 2 3
0 0 0 0 1 6 1 0 8 0 1 0 5 -1 -1 -1 -1 -1 -1 483603 0 15 24 19 21 2 5 2 3
0 0 0 0 1 6 1 0 8 0 1 0 5 -1 -1 -1 -1 -1 -1 484070 0 15 24 19 21 2 5 2 3
0 0 0 0 1 6 3 0 8 0 1 0 5 6 2 4 0 0 0 484569 0 15 24 19 21 2 4 2 3
0 0 0 0 1 6 1 0 8 0 1 0 5 -1 -1 -1 -1 -1 -1 485036 0 15 24 19 21 2 4 2 3
0 0 0 0 1 6 1 0 8 0 1 0 5 -1 -1 -1 -1 -1 -1 485503 0 15 24 19 21 2 4 2 3
0 0 0 0 1 6 1 0 8 0 1 0 5 -1 -1 -1 -1 -1 -1 485969 0 15 24 19 21 2 4 2 3
0 0 0 0 3 6 1 0 8 0 1 0 5 4 1 4 2 0 0 486469 0 15 24 19 21 2 8 0 3
0 0 0 0 1 6 1 0 8 0 1 0 5 -1 -1 -1 -1 -1 -1 486936 0 15 24 19 21 2 8 0 3
0 0 0 0 1 1 6 0 8 0 1 0 6 -1 -1 -1 -1 -1 -1 487402 0 15 24 19 21 2 8 0 3
0 0 0 0 1 1 6 0 8 0 1 0 6 -1 -1 -1 -1 -1 -1 487902 0 15 24 19 21 2 8 0 3
0 0 0 0 1 1 7 0 8 0 1 0 6 6 1 4 2 1 1 488369 0 15 24 19 21 2 6 2 3
0 0 0 0 1 1 6 0 8 0 1 0 6 -1 -1 -1 -1 -1 -1 488835 0 15 24 19 21 2 6 2 3
0 0 0 0 1 6 1 0 8 0 1 0 5 -1 -1 -1 -1 -1 -1 489302 0 15 24 19 21 2 6 2 3
0 0 0 0 1 6 1 0 8 0 1 0 5 -1 -1 -1 -1 -1 -1 489801 0 15 24 19 21 2 6 2 3
0 0 0 0 3 6 1 0 8 0 1 0 5 4 0 4 1 0 0 490268 0 15 24 19 21 2 6 2 3
0 0 0 0 1 6 1 0 8 0 1 0 5 -1 -1 -1 -1 -1 -1 490735 0 15 24 19 21 2 6 2 3
0 0 0 0 1 1 6 0 8 0 1 0 6 -1 -1 -1 -1 -1 -1 491234 0 15 24 19 21 2 6 2 3
0 0 0 0 1 1 6 0 8 0 1 0 6 -1 -1 -1 -1 -1 -1 491701 0 15 24 19 21 2 6 2 3
0 0 0 0 1 3 6 0 8 0 1 0 6 5 2 4 0 0 0 492168 0 15 24 19 21 2 5 2 3
0 0 0 0 1 1 6 0 8 0 1 0 6 -1 -1 -1 -1 -1 -1 492634 0 15 24 19 21 2 5 2 3
0 0 0 0 1 6 1 0 8 0 1 0 5 -1 -1 -1 -1 -1 -1 493134 0 15 24 19 21 2 5 2 3
0 0 0 0 1 6 1 0 8 0 1 0 5 -1 -1 -1 -1 -1 -1 493601 0 15 24 19 21 2 5 2 3
0 0 0 0 1 6 3 0 8 0 1 0 5 6 1 4 2 0 0 494067 0 15 24 19 21 2 6 2 3
0 0 0 0 1 6 1 0 8 0 1 0 5 -1 -1 -1 -1 -1 -1 494567 0 15 24 19 21 2 6 2 3
0 0 0 0 1 6 1 0 8 0 1 0 5 -1 -1 -1 -1 -1 -1 495034 0 15 24 19 21 2 6 2 3
0 0 0 0 1 6 1 0 8 0 1 0 5 -1 -1 -1 -1 -1 -1 495500 0 15 24 19 21 2 6 2 3
0 0 0 0 1 7 1 0 8 0 1 0 5 5 1 4 2 1 1 495967 0 15 24 19 21 2 6 2 3
0 0 0 0 1 6 1 0 8 0 1 0 5 -1 -1 -1 -1 -1 -1 496433 0 15 24 20 22 2 6 2 3
0 0 0 0 1 6 1 0 8 0 1 0 5 -1 -1 -1 -1 -1 -1 496900 0 15 24 20 22 2 6 2 3
0 0 0 0 1 6 1 0 8 0 1 0 5 -1 -1 -1 -1 -1 -1 497333 0 15 24 20 22 2 6 2 3
0 0 0 0 1 7 1 0 8 0 1 0 5 5 1 4 2 1 1 497800 0 15 24 20 22 2 5 2 3
0 0 0 0 1 6 1 0 8 0 1 0 5 -1 -1 -1 -1 -1 -1 498266 0 15 24 20 22 2 5 2 3
0 0 0 0 1 6 1 0 8 0 1 0 5 -1 -1 -1 -1 -1 -1 498699 0 15 24 20 22 2 5 2 3
0 0 0 0 1 6 1 0 8 0 1 0 5 -1 -1 -1 -1 -1 -1 499166 0 15 24 20 22 2 5 2 3
0 0 0 0 1 6 3 0 8 0 1 0 5 6 0 4 1 0 0 499632 0 15 24 20 22 2 4 2 3
0 0 0 0 1 6 1 0 8 0 1 0 5 -1 -1 -1 -1 -1 -1 500066 0 15 24 20 22 2 4 2 3
0 0 0 0 1 1 6 0 8 0 1 0 6 -1 -1 -1 -1 -1 -1 500532 0 15 24 20 22 2 4 2 3
0 0 0 0 1 1 6 0 8 0 1 0 6 -1 -1 -1 -1 -1 -1 500965 0 15 24 20 22 2 4 2 3
0 0 0 0 1 1 7 0 8 0 1 0 6 6 0 4 1 1 1 501432 0 15 24 20 22 2 8 0 3
0 0 0 0 1 1 6 0 8 0 1 0 6 -1 -1 -1 -1 -1 -1 501865 0 15 24 21 23 2 8 0 3
0 0 0 0 1 1 6 0 8 0 1 0 6 -1 -1 -1 -1 -1 -1 502298 0 15 24 21 23 2 8 0 3
0 0 0 0 1 1 6 0 8 0 1 0 6 -1 -1 -1 -1 -1 -1 502732 0 15 24 21 23 2 8 0 3
0 0 0 0 1 1 7 0 8 0 1 0 6 6 0 4 1 1 1 503165 0 15 24 21 23 2 6 2 3
0 0 0 0 1 1 6 0 8 0 1 0 6 -1 -1 -1 -1 -1 -1 503598 0 15 24 21 23 2 6 2 3
0 0 0 0 1 6 1 0 8 0 1 0 5 -1 -1 -1 -1 -1 -1 504031 0 15 24 21 23 2 6 2 3
0 0 0 0 1 6 1 0 8 0 1 0 5 -1 -1 -1 -1 -1 -1 504465 0 15 24 21 23 2 6 2 3
0 0 0 0 3 6 1 0 8 0 1 0 5 4 1 4 2 0 0 504898 0 15 24 21 23 2 6 2 3
0 0 0 0 1 6 1 0 8 0 1 0 5 -1 -1 -1 -1 -1 -1 505364 0 15 24 21 23 2 6 2 3
0 0 0 0 1 6 1 0 8 0 1 0 5 -1 -1 -1 -1 -1 -1 505798 0 15 24 21 23 2 6 2 3
0 0 0 0 1 6 1 0 8 0 1 0 5 -1 -1 -1 -1 -1 -1 506231 0 15 24 21 23 2 6 2 3
0 0 0 0 3 6 1 0 8 0 1 0 5 4 0 4 1 0 0 506664 0 15 24 21 23 2 5 2 3
0 0 0 0 1 6 1 0 8 0 1 0 5 -1 -1 -1 -1 -1 -1 507097 0 15 24 21 23 2 5 2 3
0 0 0 0 1 6 1 0 8 0 1 0 5 -1 -1 -1 -1 -1 -1 507530 0 15 24 21 23 2 5 2 3
0 0 0 0 1 1 6 0 8 0 1 0 6 -1 -1 -1 -1 -1 -1 507964 0 15 24 21 23 2 5 2 3
0 0 0 0 1 3 6 0 8 0 1 0 6 5 2 4 0 0 0 508397 0 15 24 21 23 2 6 2 3
0 0 0 0 1 1 6 0 8 0 1 0 6 -1 -1 -1 -1 -1 -1 508830 0 15 24 21 23 2 6 2 3
0 0 0 0 1 6 1 0 8 0 1 0 5 -1 -1 -1 -1 -1 -1 509263 0 15 24 21 23 2 6 2 3
0 0 0 0 1 6 1 0 8 0 1 0 5 -1 -1 -1 -1 -1 -1 509697 0 15 24 21 23 2 6 2 3
0 0 0 0 3 6 1 0 8 0 1 0 5 4 3 4 3 0 0 510130 0 15 24 21 23 2 6 2 3
0 0 0 0 1 6 1 0 8 0 1 0 5 -1 -1 -1 -1 -1 -1 510563 0 15 24 21 23 2 6 2 3
0 0 0 0 1 1 6 0 8 0 1 0 6 -1 -1 -1 -1 -1 -1 510996 0 15 24 21 23 2 6 2 3
0 0 0 0 1 1 6 0 8 0 1 0 6 -1 -1 -1 -1 -1 -1 511430 0 15 24 21 23 2 6 2 3
0 0 0 0 1 1 7 0 8 0 1 0 6 6 3 4 3 1 1 511863 0 15 24 21 23 2 5 2 3
