% Tunnel Log: 
% debug seed: 1462471833
%
% SegEncNW { '0'=no panel, '1'=panel, '4'=obstacle, '5'=collided obstacle, '6'=player, '7'=player right, '8'=player wrong, '2'=target, '3'=fake }
% SegEncN
% SegEncNE
% SegEncE
% SegEncSE
% SegEncS
% SegEncSW
% SegEncW
% Event Number { 0, inf }
% Task Type { 0=Color/Sound, 1=Shape/Sound, 2=Sound, 3=Navigation, 4=Speed, 5=Training 6=Recess, 7=Special 2-Back }
% N-Back { 0, inf }
% Navigation Level { 0, inf }
% Player Loc { 0=Northwest ... 7=West }
% Pod Loc { -1=N/A, 0=Northwest ... 7=West }
% Pod Color { -1, inf }
% Pod Shape { -1, inf }
% Pod Sound { -1, inf }
% Pod Match { -1=N/A, 0=No, 1=Yes }
% Pod Taken { -1=N/A, 0=No, 1=Yes }
% Timestamp (ms)
% Num Obstacles { 0, inf }
% Min Speed { 0, inf }
% Max Speed { 0, inf }
% Base Speed { 0, inf }
% Final Speed { 0, inf }
% Navigation Score { 0, inf }
% Segment Direction { 0=Northwest ... 7=West }
% Segment Angle { 0, inf }
% Segment Panels { 0, inf }
%
% SegEncNW SecEncN SegEncNE SegEncE SegEncSE SegEncS SegEncSW SegEncW EventNumber TaskType N-Back Navigation PlayerLoc PodLoc PodColor PodShape PodSound PodMatch PodTaken Timestamp NumObs MinSpeed MaxSpeed BaseSpeed FinalSpeed NavScore SegmentDir SegmentAngle SegmentPanels
0 0 0 0 1 6 1 0 0 3 2 0 5 -1 -1 -1 -1 -1 -1 16866 0 15 40 15 60 2 8 0 3
0 0 0 0 1 6 1 0 0 3 2 0 5 -1 -1 -1 -1 -1 -1 16966 0 15 40 15 60 2 8 0 3
0 0 0 0 1 6 1 0 0 3 2 0 5 -1 -1 -1 -1 -1 -1 17133 0 15 40 15 60 2 8 0 3
0 0 0 0 1 6 1 0 0 3 2 0 5 -1 -1 -1 -1 -1 -1 17300 0 15 40 15 60 2 5 2 3
0 0 0 0 1 6 1 0 0 3 2 0 5 -1 -1 -1 -1 -1 -1 17466 0 15 40 15 50 2 5 2 3
0 0 0 0 1 6 1 0 0 3 2 0 5 -1 -1 -1 -1 -1 -1 17766 0 15 40 15 20 2 5 2 3
0 0 0 0 1 6 1 0 0 3 2 0 5 -1 -1 -1 -1 -1 -1 18700 0 15 40 15 10 2 5 2 3
0 0 0 0 1 6 1 0 0 3 2 0 5 -1 -1 -1 -1 -1 -1 19700 0 15 40 15 10 2 4 2 3
0 0 0 0 1 6 1 0 0 3 2 0 5 -1 -1 -1 -1 -1 -1 20700 0 15 40 15 10 2 4 2 3
0 0 0 0 1 1 6 0 0 3 2 0 6 -1 -1 -1 -1 -1 -1 21700 0 15 40 15 10 2 4 2 3
0 0 0 0 1 1 6 0 0 3 2 0 6 -1 -1 -1 -1 -1 -1 22699 0 15 40 15 10 2 4 2 3
0 0 0 0 1 1 7 0 0 3 2 0 6 6 5 4 4 1 1 23699 0 15 40 15 10 2 6 2 3
0 0 0 0 1 1 6 0 0 3 2 0 6 -1 -1 -1 -1 -1 -1 24699 0 15 40 15 10 2 6 2 3
0 0 0 0 1 6 1 0 0 3 2 0 5 -1 -1 -1 -1 -1 -1 25699 0 15 40 15 10 2 6 2 3
0 0 0 0 1 6 1 0 0 3 2 0 5 -1 -1 -1 -1 -1 -1 26699 0 15 40 15 10 2 6 2 3
0 0 0 0 1 7 1 0 0 3 2 0 5 5 5 4 4 1 1 27699 0 15 40 15 10 2 4 2 3
0 0 0 0 1 6 1 0 0 3 2 0 5 -1 -1 -1 -1 -1 -1 28499 0 15 40 16 13 2 4 2 3
0 0 0 0 1 6 1 0 0 3 2 0 5 -1 -1 -1 -1 -1 -1 29299 0 15 40 16 13 2 4 2 3
0 0 0 0 1 6 1 0 0 3 2 0 5 -1 -1 -1 -1 -1 -1 30066 0 15 40 16 13 2 4 2 3
0 0 0 0 1 7 1 0 0 3 2 0 5 5 5 4 4 1 1 30833 0 15 40 16 13 2 6 2 3
0 0 0 0 1 1 6 0 0 3 2 0 6 -1 -1 -1 -1 -1 -1 31599 0 15 40 16 13 2 6 2 3
0 0 0 0 1 1 6 0 0 3 2 0 6 -1 -1 -1 -1 -1 -1 32366 0 15 40 16 13 2 6 2 3
0 0 0 0 1 1 6 0 0 3 2 0 6 -1 -1 -1 -1 -1 -1 33133 0 15 40 16 13 2 6 2 3
0 0 0 1 1 1 7 1 0 3 2 0 6 6 5 4 4 1 1 33899 0 15 40 16 13 2 6 2 5
0 0 0 1 1 1 6 1 0 3 2 1 6 -1 -1 -1 -1 -1 -1 34533 0 15 40 17 16 2 6 2 5
0 0 0 1 1 1 6 1 0 3 2 1 6 -1 -1 -1 -1 -1 -1 35166 0 15 40 17 16 2 6 2 5
0 0 0 1 1 1 6 1 0 3 2 1 6 -1 -1 -1 -1 -1 -1 35799 0 15 40 17 16 2 6 2 5
0 0 0 1 1 1 7 1 0 3 2 1 6 6 5 4 4 1 1 36433 0 15 40 17 16 2 6 2 5
0 0 0 1 1 1 6 1 0 3 2 1 6 -1 -1 -1 -1 -1 -1 37033 0 15 40 17 16 2 6 2 5
0 0 0 1 1 1 6 1 0 3 2 1 6 -1 -1 -1 -1 -1 -1 37666 0 15 40 17 16 2 6 2 5
0 0 0 1 1 1 6 1 0 3 2 1 6 -1 -1 -1 -1 -1 -1 38299 0 15 40 17 16 2 6 2 5
0 0 0 1 1 1 7 1 0 3 2 1 6 6 5 4 4 1 1 38933 0 15 40 17 16 2 8 0 5
0 0 0 1 1 1 6 1 0 3 2 1 6 -1 -1 -1 -1 -1 -1 39466 0 15 40 18 19 2 8 0 5
0 0 0 1 1 1 6 1 0 3 2 1 6 -1 -1 -1 -1 -1 -1 39999 0 15 40 18 19 2 8 0 5
0 0 0 1 1 1 1 6 0 3 2 1 7 -1 -1 -1 -1 -1 -1 40499 0 15 40 18 19 2 8 0 5
0 0 0 1 1 1 1 7 0 3 2 1 7 7 5 4 4 1 1 41033 0 15 40 18 19 2 5 2 5
0 0 0 1 1 1 6 1 0 3 2 1 6 -1 -1 -1 -1 -1 -1 41566 0 15 40 18 19 2 5 2 5
0 0 0 1 1 6 1 1 0 3 2 1 5 -1 -1 -1 -1 -1 -1 42099 0 15 40 18 19 2 5 2 5
0 0 0 1 1 6 1 1 0 3 2 1 5 -1 -1 -1 -1 -1 -1 42633 0 15 40 18 19 2 5 2 5
0 0 0 1 1 7 1 1 0 3 2 1 5 5 5 4 4 1 1 43133 0 15 40 18 19 2 4 2 5
0 0 0 1 1 6 1 1 0 3 2 1 5 -1 -1 -1 -1 -1 -1 43633 0 15 40 19 21 2 4 2 5
0 0 0 1 1 1 6 1 0 3 2 1 6 -1 -1 -1 -1 -1 -1 44099 0 15 40 19 21 2 4 2 5
0 0 0 1 1 1 6 1 0 3 2 1 6 -1 -1 -1 -1 -1 -1 44566 0 15 40 19 21 2 4 2 5
0 0 0 1 1 1 7 1 0 3 2 1 6 6 5 4 4 1 1 45066 0 15 40 19 21 2 6 2 5
0 0 0 1 1 1 6 1 0 3 2 1 6 -1 -1 -1 -1 -1 -1 45532 0 15 40 19 21 2 6 2 5
0 0 0 1 6 1 1 1 0 3 2 1 4 -1 -1 -1 -1 -1 -1 45999 0 15 40 19 21 2 6 2 5
0 0 0 1 6 1 1 1 0 3 2 1 4 -1 -1 -1 -1 -1 -1 46499 0 15 40 19 21 2 6 2 5
0 0 0 1 7 1 1 1 0 3 2 1 4 4 5 4 4 1 1 46966 0 15 40 19 21 2 4 2 5
0 0 0 1 1 6 1 1 0 3 2 2 5 -1 -1 -1 -1 -1 -1 47432 0 15 40 20 22 2 4 2 5
0 0 0 1 1 1 6 1 0 3 2 2 6 -1 -1 -1 -1 -1 -1 47866 0 15 40 20 22 2 4 2 5
0 0 0 1 1 1 6 1 0 3 2 2 6 -1 -1 -1 -1 -1 -1 48332 0 15 40 20 22 2 4 2 5
0 0 0 1 1 1 7 1 0 3 2 2 6 6 5 4 4 1 1 48766 0 15 40 20 22 2 6 2 5
0 0 0 1 1 1 6 1 0 3 2 2 6 -1 -1 -1 -1 -1 -1 49232 0 15 40 20 22 2 6 2 5
0 0 0 1 4 1 6 1 0 3 2 2 6 -1 -1 -1 -1 -1 -1 49699 1 15 40 20 22 2 6 2 5
0 0 0 1 1 1 6 1 0 3 2 2 6 -1 -1 -1 -1 -1 -1 50132 0 15 40 20 22 2 6 2 5
0 0 0 1 1 1 7 1 0 3 2 2 6 6 5 4 4 1 1 50599 0 15 40 20 22 2 6 2 5
0 0 0 1 1 1 6 1 0 3 2 2 6 -1 -1 -1 -1 -1 -1 51032 0 15 40 21 23 2 6 2 5
0 0 0 4 6 1 1 1 0 3 2 2 4 -1 -1 -1 -1 -1 -1 51466 1 15 40 21 23 2 6 2 5
0 0 0 1 6 1 1 1 0 3 2 2 4 -1 -1 -1 -1 -1 -1 51899 0 15 40 21 23 2 6 2 5
0 0 0 1 7 1 1 1 0 3 2 2 4 4 5 4 4 1 1 52332 0 15 40 21 23 2 6 2 5
0 0 0 1 6 1 1 1 0 3 2 2 4 -1 -1 -1 -1 -1 -1 52766 0 15 40 21 23 2 6 2 5
0 0 0 1 6 4 1 1 0 3 2 2 4 -1 -1 -1 -1 -1 -1 53199 1 15 40 21 23 2 6 2 5
0 0 0 1 6 1 1 1 0 3 2 2 4 -1 -1 -1 -1 -1 -1 53632 0 15 40 21 23 2 6 2 5
0 0 0 1 7 1 1 1 0 3 2 2 4 4 5 4 4 1 1 54066 0 15 40 21 23 2 8 0 5
0 0 0 1 6 1 1 1 0 3 2 2 4 -1 -1 -1 -1 -1 -1 54499 0 15 40 22 24 2 8 0 5
0 0 0 1 6 1 1 4 0 3 2 2 4 -1 -1 -1 -1 -1 -1 54899 1 15 40 22 24 2 8 0 5
0 0 0 1 6 1 1 1 0 3 2 2 4 -1 -1 -1 -1 -1 -1 55332 0 15 40 22 24 2 8 0 5
0 0 0 1 7 1 1 1 0 3 2 2 4 4 5 4 4 1 1 55732 0 15 40 22 24 2 5 2 5
0 0 0 1 6 1 1 1 0 3 2 2 4 -1 -1 -1 -1 -1 -1 56166 0 15 40 22 24 2 5 2 5
0 0 0 1 6 4 1 1 0 3 2 2 4 -1 -1 -1 -1 -1 -1 56566 1 15 40 22 24 2 5 2 5
0 0 0 1 1 6 1 1 0 3 2 2 5 -1 -1 -1 -1 -1 -1 56999 0 15 40 22 24 2 5 2 5
0 0 0 1 1 7 1 1 0 3 2 2 5 5 5 4 4 1 1 57399 0 15 40 22 24 2 4 2 5
0 0 0 1 1 6 1 1 0 3 2 2 5 -1 -1 -1 -1 -1 -1 57799 0 15 40 23 25 2 4 2 5
0 0 0 1 1 6 4 1 0 3 2 2 5 -1 -1 -1 -1 -1 -1 58199 1 15 40 23 25 2 4 2 5
0 0 0 1 1 1 1 6 0 3 2 2 7 -1 -1 -1 -1 -1 -1 58599 0 15 40 23 25 2 4 2 5
0 0 0 1 1 1 1 7 0 3 2 2 7 7 5 4 4 1 1 58999 0 15 40 23 25 2 6 2 5
0 0 0 1 1 1 6 1 0 3 2 2 6 -1 -1 -1 -1 -1 -1 59399 0 15 40 23 25 2 6 2 5
0 0 0 1 1 1 6 4 0 3 2 2 6 -1 -1 -1 -1 -1 -1 59799 1 15 40 23 25 2 6 2 5
0 0 0 1 1 1 6 1 0 3 2 2 6 -1 -1 -1 -1 -1 -1 60199 0 15 40 23 25 2 6 2 5
0 0 0 1 1 1 7 1 0 3 2 2 6 6 5 4 4 1 1 60599 0 15 40 23 25 2 4 2 5
0 0 0 1 1 1 6 1 0 3 2 2 6 -1 -1 -1 -1 -1 -1 60999 0 15 40 24 25.5 2 4 2 5
0 0 0 1 4 1 1 6 0 3 2 2 7 -1 -1 -1 -1 -1 -1 61399 1 15 40 24 25.5 2 4 2 5
0 0 0 1 1 1 1 6 0 3 2 2 7 -1 -1 -1 -1 -1 -1 61799 0 15 40 24 25.5 2 4 2 5
0 0 0 1 1 1 1 7 0 3 2 2 7 7 5 4 4 1 1 62199 0 15 40 24 25.5 2 6 2 5
0 0 0 1 1 1 6 1 0 3 2 2 6 -1 -1 -1 -1 -1 -1 62566 0 15 40 24 25.5 2 6 2 5
0 0 0 1 1 1 6 4 0 3 2 2 6 -1 -1 -1 -1 -1 -1 62966 1 15 40 24 25.5 2 6 2 5
0 0 0 1 1 1 1 6 0 3 2 2 7 -1 -1 -1 -1 -1 -1 63366 0 15 40 24 25.5 2 6 2 5
0 0 0 1 1 1 1 7 0 3 2 2 7 7 5 4 4 1 1 63766 0 15 40 24 25.5 2 6 2 5
0 0 0 1 1 1 1 6 0 3 2 2 7 -1 -1 -1 -1 -1 -1 64132 0 15 40 25 26 2 6 2 5
0 0 0 1 4 1 1 6 0 3 2 2 7 -1 -1 -1 -1 -1 -1 64532 1 15 40 25 26 2 6 2 5
0 0 0 1 1 1 1 6 0 3 2 2 7 -1 -1 -1 -1 -1 -1 64899 0 15 40 25 26 2 6 2 5
0 0 0 1 1 1 1 7 0 3 2 2 7 7 5 4 4 1 1 65299 0 15 40 25 26 2 6 2 5
0 0 0 1 1 1 1 6 0 3 2 2 7 -1 -1 -1 -1 -1 -1 65666 0 15 40 25 26 2 6 2 5
0 0 0 4 1 1 6 1 0 3 2 2 6 -1 -1 -1 -1 -1 -1 66066 1 15 40 25 26 2 6 2 5
0 0 0 1 1 6 1 1 0 3 2 2 5 -1 -1 -1 -1 -1 -1 66432 0 15 40 25 26 2 6 2 5
0 0 0 1 1 7 1 1 0 3 2 2 5 5 5 4 4 1 1 66832 0 15 40 25 26 2 8 0 5
0 0 0 1 1 1 6 1 0 3 2 2 6 -1 -1 -1 -1 -1 -1 67199 0 15 40 26 26.5 2 8 0 5
0 0 0 1 1 4 6 1 0 3 2 2 6 -1 -1 -1 -1 -1 -1 67599 1 15 40 26 26.5 2 8 0 5
0 0 0 1 1 6 1 1 0 3 2 2 5 -1 -1 -1 -1 -1 -1 67965 0 15 40 26 26.5 2 8 0 5
0 0 0 2 8 1 1 1 0 3 2 2 4 3 5 4 4 1 0 68332 0 15 40 26 26.5 2 5 2 5
0 0 0 6 1 1 1 1 0 3 2 2 3 -1 -1 -1 -1 -1 -1 68732 0 15 40 25 26 2 5 2 5
0 0 0 1 6 1 1 4 0 3 2 2 4 -1 -1 -1 -1 -1 -1 69099 1 15 40 25 26 2 5 2 5
0 0 0 1 6 1 1 1 0 3 2 2 4 -1 -1 -1 -1 -1 -1 69499 0 15 40 25 26 2 5 2 5
0 0 0 1 7 1 1 1 0 3 2 2 4 4 5 4 4 1 1 69865 0 15 40 25 26 2 4 2 5
0 0 0 1 1 6 1 1 0 3 2 2 5 -1 -1 -1 -1 -1 -1 70265 0 15 40 25 26 2 4 2 5
0 0 0 4 1 6 1 1 0 3 2 2 5 -1 -1 -1 -1 -1 -1 70632 1 15 40 25 26 2 4 2 5
0 0 0 1 6 1 1 1 0 3 2 2 4 -1 -1 -1 -1 -1 -1 71032 0 15 40 25 26 2 4 2 5
0 0 0 1 7 1 1 1 0 3 2 2 4 4 5 4 4 1 1 71399 0 15 40 25 26 2 6 2 5
0 0 0 1 1 6 1 1 0 3 2 2 5 -1 -1 -1 -1 -1 -1 71799 0 15 40 26 26.5 2 6 2 5
0 0 0 1 4 6 1 1 0 3 2 2 5 -1 -1 -1 -1 -1 -1 72165 1 15 40 26 26.5 2 6 2 5
0 0 0 1 1 6 1 1 0 3 2 2 5 -1 -1 -1 -1 -1 -1 72532 0 15 40 26 26.5 2 6 2 5
0 0 0 1 1 7 1 1 0 3 2 2 5 5 5 4 4 1 1 72932 0 15 40 26 26.5 2 4 2 5
0 0 0 1 1 6 1 1 0 3 2 2 5 -1 -1 -1 -1 -1 -1 73299 0 15 40 26 26.5 2 4 2 5
0 0 0 1 1 1 6 4 0 3 2 2 6 -1 -1 -1 -1 -1 -1 73665 1 15 40 26 26.5 2 4 2 5
0 0 0 1 1 1 6 1 0 3 2 2 6 -1 -1 -1 -1 -1 -1 74065 0 15 40 26 26.5 2 4 2 5
0 0 0 1 1 1 7 1 0 3 2 2 6 6 5 4 4 1 1 74432 0 15 40 26 26.5 2 6 2 5
0 0 0 1 1 1 6 1 0 3 2 2 6 -1 -1 -1 -1 -1 -1 74799 0 15 40 27 27 2 6 2 5
0 0 0 1 1 4 6 1 0 3 2 2 6 -1 -1 -1 -1 -1 -1 75165 1 15 40 27 27 2 6 2 5
0 0 0 1 1 1 6 1 0 3 2 2 6 -1 -1 -1 -1 -1 -1 75532 0 15 40 27 27 2 6 2 5
0 0 0 1 1 1 7 1 0 3 2 2 6 6 5 4 4 1 1 75932 0 15 40 27 27 2 6 2 5
0 0 0 1 1 1 6 1 0 3 2 2 6 -1 -1 -1 -1 -1 -1 76299 0 15 40 27 27 2 6 2 5
0 0 0 1 1 4 6 1 0 3 2 2 6 -1 -1 -1 -1 -1 -1 76665 1 15 40 27 27 2 6 2 5
0 0 0 0 1 6 1 0 1 4 2 0 5 -1 -1 -1 -1 -1 -1 82799 0 15 40 15 60 2 8 0 3
0 0 0 0 1 6 1 0 1 4 2 0 5 -1 -1 -1 -1 -1 -1 82965 0 15 40 15 60 2 8 0 3
0 0 0 0 1 6 1 0 1 4 2 0 5 -1 -1 -1 -1 -1 -1 83132 0 15 40 15 60 2 6 2 3
0 0 0 0 1 6 1 0 1 4 2 0 5 -1 -1 -1 -1 -1 -1 83299 0 15 40 15 50 2 6 2 3
0 0 0 0 1 6 1 0 1 4 2 0 5 -1 -1 -1 -1 -1 -1 83599 0 15 40 15 20 2 6 2 3
0 0 0 0 1 6 1 0 1 4 2 0 5 -1 -1 -1 -1 -1 -1 84532 0 15 40 15 10 2 6 2 3
0 0 0 0 1 6 1 0 1 4 2 0 5 -1 -1 -1 -1 -1 -1 85532 0 15 40 15 10 2 4 2 3
0 0 0 0 1 6 1 0 1 4 2 0 5 -1 -1 -1 -1 -1 -1 86532 0 15 40 15 10 2 4 2 3
0 0 0 0 1 6 1 0 1 4 2 0 5 -1 -1 -1 -1 -1 -1 87532 0 15 40 15 10 2 4 2 3
0 0 0 0 1 6 1 0 1 4 2 0 5 -1 -1 -1 -1 -1 -1 88532 0 15 40 15 10 2 4 2 3
0 0 0 0 1 6 3 0 1 4 2 0 5 6 0 6 1 0 0 89532 0 15 40 15 10 2 4 2 3
0 0 0 0 1 6 1 0 1 4 2 0 5 -1 -1 -1 -1 -1 -1 90532 0 15 40 15 10 2 4 2 3
0 0 0 0 6 1 1 0 1 4 2 0 4 -1 -1 -1 -1 -1 -1 91532 0 15 40 15 10 2 4 2 3
0 0 0 0 6 1 1 0 1 4 2 0 4 -1 -1 -1 -1 -1 -1 92532 0 15 40 15 10 2 4 2 3
0 0 0 0 6 3 1 0 1 4 2 0 4 5 3 8 3 0 0 93532 0 15 40 15 10 2 5 2 3
0 0 0 0 6 1 1 0 1 4 2 0 4 -1 -1 -1 -1 -1 -1 94532 0 15 40 15 10 2 5 2 3
0 0 0 0 6 1 1 0 1 4 2 0 4 -1 -1 -1 -1 -1 -1 95532 0 15 40 15 10 2 5 2 3
0 0 0 0 6 1 1 0 1 4 2 0 4 -1 -1 -1 -1 -1 -1 96532 0 15 40 15 10 2 5 2 3
0 0 0 0 7 1 1 0 1 4 2 0 4 4 0 6 1 1 1 97532 0 15 40 15 10 2 4 2 3
0 0 0 0 1 6 1 0 1 4 2 0 5 -1 -1 -1 -1 -1 -1 98532 0 15 40 15 10 2 4 2 3
0 0 0 0 1 6 1 0 1 4 2 0 5 -1 -1 -1 -1 -1 -1 99532 0 15 40 15 10 2 4 2 3
0 0 0 0 1 6 1 0 1 4 2 0 5 -1 -1 -1 -1 -1 -1 100532 0 15 40 15 10 2 4 2 3
0 0 0 0 1 6 3 0 1 4 2 0 5 6 2 5 0 0 0 101532 0 15 40 15 10 2 6 2 3
0 0 0 0 6 1 1 0 1 4 2 0 4 -1 -1 -1 -1 -1 -1 102532 0 15 40 15 10 2 6 2 3
0 0 0 0 6 1 1 0 1 4 2 0 4 -1 -1 -1 -1 -1 -1 103532 0 15 40 15 10 2 6 2 3
0 0 0 0 6 1 1 0 1 4 2 0 4 -1 -1 -1 -1 -1 -1 104532 0 15 40 15 10 2 6 2 3
0 0 0 0 7 1 1 0 1 4 2 0 4 4 0 6 1 1 1 105532 0 15 40 15 10 2 6 2 3
0 0 0 0 6 1 1 0 1 4 2 0 4 -1 -1 -1 -1 -1 -1 106332 0 15 40 16 13 2 6 2 3
0 0 0 0 1 6 1 0 1 4 2 0 5 -1 -1 -1 -1 -1 -1 107098 0 15 40 16 13 2 6 2 3
0 0 0 0 1 6 1 0 1 4 2 0 5 -1 -1 -1 -1 -1 -1 107898 0 15 40 16 13 2 6 2 3
0 0 0 0 3 6 1 0 1 4 2 0 5 4 3 8 3 0 0 108665 0 15 40 16 13 2 8 0 3
0 0 0 0 1 6 1 0 1 4 2 0 5 -1 -1 -1 -1 -1 -1 109432 0 15 40 16 13 2 8 0 3
0 0 0 0 1 6 1 0 1 4 2 0 5 -1 -1 -1 -1 -1 -1 110198 0 15 40 16 13 2 8 0 3
0 0 0 0 1 6 1 0 1 4 2 0 5 -1 -1 -1 -1 -1 -1 110965 0 15 40 16 13 2 8 0 3
0 0 0 0 3 6 1 0 1 4 2 0 5 4 1 7 2 0 0 111731 0 15 40 16 13 2 6 2 3
0 0 0 0 1 6 1 0 1 4 2 0 5 -1 -1 -1 -1 -1 -1 112498 0 15 40 16 13 2 6 2 3
0 0 0 0 1 6 1 0 1 4 2 0 5 -1 -1 -1 -1 -1 -1 113265 0 15 40 16 13 2 6 2 3
0 0 0 0 1 6 1 0 1 4 2 0 5 -1 -1 -1 -1 -1 -1 114031 0 15 40 16 13 2 6 2 3
0 0 0 1 1 6 3 1 1 4 2 0 5 6 2 5 0 0 0 114798 0 15 40 16 13 2 4 2 5
0 0 0 1 1 6 1 1 1 4 2 0 5 -1 -1 -1 -1 -1 -1 115565 0 15 40 16 13 2 4 2 5
0 0 0 1 1 1 6 1 1 4 2 0 6 -1 -1 -1 -1 -1 -1 116331 0 15 40 16 13 2 4 2 5
0 0 0 1 1 1 6 1 1 4 2 0 6 -1 -1 -1 -1 -1 -1 117098 0 15 40 16 13 2 4 2 5
0 0 0 1 1 1 7 1 1 4 2 0 6 6 1 7 2 1 1 117865 0 15 40 16 13 2 4 2 5
0 0 0 1 1 1 6 1 1 4 2 1 6 -1 -1 -1 -1 -1 -1 118665 0 15 40 16 13 2 4 2 5
0 0 0 1 1 6 1 1 1 4 2 1 5 -1 -1 -1 -1 -1 -1 119431 0 15 40 16 13 2 4 2 5
0 0 0 1 1 6 1 1 1 4 2 1 5 -1 -1 -1 -1 -1 -1 120198 0 15 40 16 13 2 4 2 5
0 0 0 1 1 6 3 1 1 4 2 1 5 6 0 6 1 0 0 120965 0 15 40 16 13 2 5 2 5
0 0 0 1 1 6 1 1 1 4 2 1 5 -1 -1 -1 -1 -1 -1 121731 0 15 40 16 13 2 5 2 5
0 0 0 1 1 6 1 1 1 4 2 1 5 -1 -1 -1 -1 -1 -1 122498 0 15 40 16 13 2 5 2 5
0 0 0 1 1 6 1 1 1 4 2 1 5 -1 -1 -1 -1 -1 -1 123265 0 15 40 16 13 2 5 2 5
0 0 0 1 1 6 3 1 1 4 2 1 5 6 3 8 3 0 0 124031 0 15 40 16 13 2 4 2 5
0 0 0 1 1 6 1 1 1 4 2 1 5 -1 -1 -1 -1 -1 -1 124798 0 15 40 16 13 2 4 2 5
0 0 0 1 1 6 1 1 1 4 2 1 5 -1 -1 -1 -1 -1 -1 125565 0 15 40 16 13 2 4 2 5
0 0 0 1 1 6 1 1 1 4 2 1 5 -1 -1 -1 -1 -1 -1 126331 0 15 40 16 13 2 4 2 5
0 0 0 1 3 6 1 1 1 4 2 1 5 4 2 5 0 0 0 127098 0 15 40 16 13 2 6 2 5
0 0 0 1 1 6 1 1 1 4 2 1 5 -1 -1 -1 -1 -1 -1 127865 0 15 40 16 13 2 6 2 5
0 0 0 1 1 6 1 1 1 4 2 1 5 -1 -1 -1 -1 -1 -1 128631 0 15 40 16 13 2 6 2 5
0 0 0 1 1 6 1 1 1 4 2 1 5 -1 -1 -1 -1 -1 -1 129432 0 15 40 16 13 2 6 2 5
0 0 0 1 1 6 3 1 1 4 2 1 5 6 1 7 2 0 0 130198 0 15 40 16 13 2 6 2 5
0 0 0 1 1 6 1 1 1 4 2 1 5 -1 -1 -1 -1 -1 -1 130965 0 15 40 16 13 2 6 2 5
0 0 0 1 1 1 1 6 1 4 2 1 7 -1 -1 -1 -1 -1 -1 131732 0 15 40 16 13 2 6 2 5
0 0 0 1 1 1 1 6 1 4 2 1 7 -1 -1 -1 -1 -1 -1 132499 0 15 40 16 13 2 6 2 5
0 0 0 1 1 1 1 7 1 4 2 1 7 7 2 5 0 1 1 133266 0 15 40 16 13 2 8 0 5
0 0 0 1 1 1 1 6 1 4 2 1 7 -1 -1 -1 -1 -1 -1 133899 0 15 40 17 16 2 8 0 5
0 0 0 1 1 1 6 1 1 4 2 1 6 -1 -1 -1 -1 -1 -1 134533 0 15 40 17 16 2 8 0 5
0 0 0 1 1 1 6 1 1 4 2 1 6 -1 -1 -1 -1 -1 -1 135166 0 15 40 17 16 2 8 0 5
0 0 0 1 1 1 7 1 1 4 2 1 6 6 1 7 2 1 1 135800 0 15 40 17 16 2 6 2 5
0 0 0 1 1 1 6 1 1 4 2 1 6 -1 -1 -1 -1 -1 -1 136400 0 15 40 17 16 2 6 2 5
0 0 0 1 1 1 6 1 1 4 2 1 6 -1 -1 -1 -1 -1 -1 137033 0 15 40 17 16 2 6 2 5
0 0 0 1 1 1 6 1 1 4 2 1 6 -1 -1 -1 -1 -1 -1 137667 0 15 40 17 16 2 6 2 5
0 0 0 1 1 3 6 1 1 4 2 1 6 5 0 6 1 0 0 138300 0 15 40 17 16 2 4 2 5
0 0 0 1 1 1 6 1 1 4 2 1 6 -1 -1 -1 -1 -1 -1 138900 0 15 40 17 16 2 4 2 5
0 0 0 1 1 1 6 1 1 4 2 1 6 -1 -1 -1 -1 -1 -1 139534 0 15 40 17 16 2 4 2 5
0 0 0 1 1 1 6 1 1 4 2 1 6 -1 -1 -1 -1 -1 -1 140167 0 15 40 17 16 2 4 2 5
0 0 0 1 1 1 7 1 1 4 2 1 6 6 1 7 2 1 1 140801 0 15 40 17 16 2 4 2 5
0 0 0 1 1 1 6 1 1 4 2 1 6 -1 -1 -1 -1 -1 -1 141334 0 15 40 18 19 2 4 2 5
0 0 0 1 1 6 1 1 1 4 2 1 5 -1 -1 -1 -1 -1 -1 141868 0 15 40 18 19 2 4 2 5
0 0 0 1 1 6 1 1 1 4 2 1 5 -1 -1 -1 -1 -1 -1 142368 0 15 40 18 19 2 4 2 5
0 0 0 1 1 6 3 1 1 4 2 1 5 6 2 5 0 0 0 142901 0 15 40 18 19 2 5 2 5
0 0 0 1 1 6 1 1 1 4 2 2 5 -1 -1 -1 -1 -1 -1 143435 0 15 40 18 19 2 5 2 5
0 0 0 1 1 6 1 1 1 4 2 2 5 -1 -1 -1 -1 -1 -1 143968 0 15 40 18 19 2 5 2 5
0 0 0 1 1 6 1 1 1 4 2 2 5 -1 -1 -1 -1 -1 -1 144501 0 15 40 18 19 2 5 2 5
0 0 0 1 3 1 6 1 1 4 2 2 6 4 0 6 1 0 0 145002 0 15 40 18 19 2 4 2 5
0 0 0 1 1 1 6 1 1 4 2 2 6 -1 -1 -1 -1 -1 -1 145535 0 15 40 18 19 2 4 2 5
0 0 0 1 1 4 6 1 1 4 2 2 6 -1 -1 -1 -1 -1 -1 146068 1 15 40 18 19 2 4 2 5
0 0 0 1 6 1 1 1 1 4 2 2 4 -1 -1 -1 -1 -1 -1 146602 0 15 40 18 19 2 4 2 5
0 0 0 7 1 1 1 1 1 4 2 2 3 3 2 5 0 1 1 147102 0 15 40 18 19 2 6 2 5
0 0 0 1 6 1 1 1 1 4 2 2 4 -1 -1 -1 -1 -1 -1 147635 0 15 40 18 19 2 6 2 5
0 0 0 1 6 1 4 1 1 4 2 2 4 -1 -1 -1 -1 -1 -1 148169 1 15 40 18 19 2 6 2 5
0 0 0 1 6 1 1 1 1 4 2 2 4 -1 -1 -1 -1 -1 -1 148702 0 15 40 18 19 2 6 2 5
0 0 0 1 6 3 1 1 1 4 2 2 4 5 1 7 2 0 0 149236 0 15 40 18 19 2 6 2 5
0 0 0 1 6 1 1 1 1 4 2 2 4 -1 -1 -1 -1 -1 -1 149736 0 15 40 18 19 2 6 2 5
0 0 0 1 1 6 1 4 1 4 2 2 5 -1 -1 -1 -1 -1 -1 150269 1 15 40 18 19 2 6 2 5
0 0 0 1 1 6 1 1 1 4 2 2 5 -1 -1 -1 -1 -1 -1 150803 0 15 40 18 19 2 6 2 5
0 0 0 1 1 6 3 1 1 4 2 2 5 6 0 6 1 0 0 151336 0 15 40 18 19 2 8 0 5
0 0 0 1 1 6 1 1 1 4 2 2 5 -1 -1 -1 -1 -1 -1 151870 0 15 40 18 19 2 8 0 5
0 0 0 1 6 1 1 4 1 4 2 2 4 -1 -1 -1 -1 -1 -1 152370 1 15 40 18 19 2 8 0 5
0 0 0 1 6 1 1 1 1 4 2 2 4 -1 -1 -1 -1 -1 -1 152903 0 15 40 18 19 2 8 0 5
0 0 0 1 7 1 1 1 1 4 2 2 4 4 1 7 2 1 1 153437 0 15 40 18 19 2 6 2 5
0 0 0 1 1 6 1 1 1 4 2 2 5 -1 -1 -1 -1 -1 -1 153903 0 15 40 19 21 2 6 2 5
0 0 0 1 4 6 1 1 1 4 2 2 5 -1 -1 -1 -1 -1 -1 154404 1 15 40 19 21 2 6 2 5
0 0 0 1 1 6 1 1 1 4 2 2 5 -1 -1 -1 -1 -1 -1 154870 0 15 40 19 21 2 6 2 5
0 0 0 1 3 6 1 1 1 4 2 2 5 4 3 8 3 0 0 155337 0 15 40 19 21 2 4 2 5
0 0 0 1 1 6 1 1 1 4 2 2 5 -1 -1 -1 -1 -1 -1 155837 0 15 40 19 21 2 4 2 5
0 0 0 1 4 6 1 1 1 4 2 2 5 -1 -1 -1 -1 -1 -1 156304 1 15 40 19 21 2 4 2 5
0 0 0 1 6 1 1 1 1 4 2 2 4 -1 -1 -1 -1 -1 -1 156771 0 15 40 19 21 2 4 2 5
0 0 0 1 6 3 1 1 1 4 2 2 4 5 2 5 0 0 0 157237 0 15 40 19 21 2 4 2 5
0 0 0 1 6 1 1 1 1 4 2 2 4 -1 -1 -1 -1 -1 -1 157738 0 15 40 19 21 2 4 2 5
0 0 0 1 6 4 1 1 1 4 2 2 4 -1 -1 -1 -1 -1 -1 158204 1 15 40 19 21 2 4 2 5
0 0 0 1 6 1 1 1 1 4 2 2 4 -1 -1 -1 -1 -1 -1 158671 0 15 40 19 21 2 4 2 5
0 0 0 1 6 3 1 1 1 4 2 2 4 5 1 7 2 0 0 159171 0 15 40 19 21 2 5 2 5
0 0 0 1 6 1 1 1 1 4 2 2 4 -1 -1 -1 -1 -1 -1 159638 0 15 40 19 21 2 5 2 5
0 0 0 1 6 4 1 1 1 4 2 2 4 -1 -1 -1 -1 -1 -1 160105 1 15 40 19 21 2 5 2 5
0 0 0 1 1 1 6 1 1 4 2 2 6 -1 -1 -1 -1 -1 -1 160572 0 15 40 19 21 2 5 2 5
0 0 0 1 1 1 7 1 1 4 2 2 6 6 2 5 0 1 1 161072 0 15 40 19 21 2 4 2 5
0 0 0 1 1 1 6 1 1 4 2 2 6 -1 -1 -1 -1 -1 -1 161538 0 15 40 19 21 2 4 2 5
0 0 0 1 1 4 6 1 1 4 2 2 6 -1 -1 -1 -1 -1 -1 162005 1 15 40 19 21 2 4 2 5
0 0 0 1 6 1 1 1 1 4 2 2 4 -1 -1 -1 -1 -1 -1 162505 0 15 40 19 21 2 4 2 5
0 0 0 1 7 1 1 1 1 4 2 2 4 4 1 7 2 1 1 162972 0 15 40 19 21 2 6 2 5
0 0 0 1 6 1 1 1 1 4 2 2 4 -1 -1 -1 -1 -1 -1 163439 0 15 40 20 22 2 6 2 5
0 0 0 4 6 1 1 1 1 4 2 2 4 -1 -1 -1 -1 -1 -1 163872 1 15 40 20 22 2 6 2 5
0 0 0 1 6 1 1 1 1 4 2 2 4 -1 -1 -1 -1 -1 -1 164339 0 15 40 20 22 2 6 2 5
0 0 0 3 6 1 1 1 1 4 2 2 4 3 3 8 3 0 0 164772 0 15 40 20 22 2 6 2 5
0 0 0 1 6 1 1 1 1 4 2 2 4 -1 -1 -1 -1 -1 -1 165239 0 15 40 20 22 2 6 2 5
0 0 0 4 1 6 1 1 1 4 2 2 5 -1 -1 -1 -1 -1 -1 165706 1 15 40 20 22 2 6 2 5
0 0 0 1 1 6 1 1 1 4 2 2 5 -1 -1 -1 -1 -1 -1 166139 0 15 40 20 22 2 6 2 5
0 0 0 1 3 6 1 1 1 4 2 2 5 4 0 6 1 0 0 166606 0 15 40 20 22 2 8 0 5
0 0 0 1 1 6 1 1 1 4 2 2 5 -1 -1 -1 -1 -1 -1 167073 0 15 40 20 22 2 8 0 5
0 0 0 4 1 6 1 1 1 4 2 2 5 -1 -1 -1 -1 -1 -1 167506 1 15 40 20 22 2 8 0 5
0 0 0 1 1 6 1 1 1 4 2 2 5 -1 -1 -1 -1 -1 -1 167973 0 15 40 20 22 2 8 0 5
0 0 0 3 1 6 1 1 1 4 2 2 5 3 1 7 2 0 0 168440 0 15 40 20 22 2 6 2 5
0 0 0 1 1 6 1 1 1 4 2 2 5 -1 -1 -1 -1 -1 -1 168873 0 15 40 20 22 2 6 2 5
0 0 0 1 4 6 1 1 1 4 2 2 5 -1 -1 -1 -1 -1 -1 169340 1 15 40 20 22 2 6 2 5
0 0 0 1 1 6 1 1 1 4 2 2 5 -1 -1 -1 -1 -1 -1 169773 0 15 40 20 22 2 6 2 5
0 0 0 1 3 6 1 1 1 4 2 2 5 4 2 5 0 0 0 170240 0 15 40 20 22 2 4 2 5
0 0 0 1 1 6 1 1 1 4 2 2 5 -1 -1 -1 -1 -1 -1 170707 0 15 40 20 22 2 4 2 5
0 0 0 1 1 6 1 4 1 4 2 2 5 -1 -1 -1 -1 -1 -1 171140 1 15 40 20 22 2 4 2 5
0 0 0 1 1 6 1 1 1 4 2 2 5 -1 -1 -1 -1 -1 -1 171607 0 15 40 20 22 2 4 2 5
0 0 0 3 1 6 1 1 1 4 2 2 5 3 0 6 1 0 0 172074 0 15 40 20 22 2 4 2 5
0 0 0 1 6 1 1 1 1 4 2 2 4 -1 -1 -1 -1 -1 -1 172507 0 15 40 20 22 2 4 2 5
0 0 0 1 6 4 1 1 1 4 2 2 4 -1 -1 -1 -1 -1 -1 172974 1 15 40 20 22 2 4 2 5
0 0 0 1 6 1 1 1 1 4 2 2 4 -1 -1 -1 -1 -1 -1 173441 0 15 40 20 22 2 4 2 5
0 0 0 1 7 1 1 1 1 4 2 2 4 4 2 5 0 1 1 173874 0 15 40 20 22 2 5 2 5
0 0 0 1 6 1 1 1 1 4 2 2 4 -1 -1 -1 -1 -1 -1 174341 0 15 40 20 22 2 5 2 5
0 0 0 1 6 1 1 4 1 4 2 2 4 -1 -1 -1 -1 -1 -1 174775 1 15 40 20 22 2 5 2 5
0 0 0 1 1 6 1 1 1 4 2 2 5 -1 -1 -1 -1 -1 -1 175241 0 15 40 20 22 2 5 2 5
0 0 0 1 1 6 3 1 1 4 2 2 5 6 3 8 3 0 0 175708 0 15 40 20 22 2 4 2 5
0 0 0 1 1 6 1 1 1 4 2 2 5 -1 -1 -1 -1 -1 -1 176142 0 15 40 20 22 2 4 2 5
0 0 0 4 1 6 1 1 1 4 2 2 5 -1 -1 -1 -1 -1 -1 176608 1 15 40 20 22 2 4 2 5
0 0 0 1 1 6 1 1 1 4 2 2 5 -1 -1 -1 -1 -1 -1 177075 0 15 40 20 22 2 4 2 5
0 0 0 1 1 7 1 1 1 4 2 2 5 5 2 5 0 1 1 177508 0 15 40 20 22 2 6 2 5
0 0 0 1 1 6 1 1 1 4 2 2 5 -1 -1 -1 -1 -1 -1 177942 0 15 40 21 23 2 6 2 5
0 0 0 1 6 4 1 1 1 4 2 2 4 -1 -1 -1 -1 -1 -1 178375 1 15 40 21 23 2 6 2 5
0 0 0 0 1 6 1 0 2 0 3 0 5 -1 -1 -1 -1 -1 -1 187811 0 15 19 19 60 2 8 0 3
0 0 0 0 1 6 1 0 2 0 3 0 5 -1 -1 -1 -1 -1 -1 187977 0 15 19 19 60 2 8 0 3
0 0 0 0 1 6 1 0 2 0 3 0 5 -1 -1 -1 -1 -1 -1 188144 0 15 19 19 60 2 6 2 3
0 0 0 0 1 6 1 0 2 0 3 0 5 -1 -1 -1 -1 -1 -1 188311 0 15 19 19 52.2 2 6 2 3
0 0 0 0 1 6 1 0 2 0 3 0 5 -1 -1 -1 -1 -1 -1 188544 0 15 19 19 34 2 6 2 3
0 0 0 0 1 6 1 0 2 0 3 0 5 -1 -1 -1 -1 -1 -1 188978 0 15 19 19 21 2 6 2 3
0 0 0 0 1 6 1 0 2 0 3 0 5 -1 -1 -1 -1 -1 -1 189444 0 15 19 19 21 2 6 2 3
0 0 0 0 1 6 1 0 2 0 3 0 5 -1 -1 -1 -1 -1 -1 189944 0 15 19 19 21 2 6 2 3
0 0 0 0 1 6 1 0 2 0 3 0 5 -1 -1 -1 -1 -1 -1 190411 0 15 19 19 21 2 6 2 3
0 0 0 0 1 6 1 0 2 0 3 0 5 -1 -1 -1 -1 -1 -1 190878 0 15 19 19 21 2 6 2 3
0 0 0 0 6 3 1 0 2 0 3 0 4 5 2 4 0 0 0 191378 0 15 19 19 21 2 4 2 3
0 0 0 0 6 1 1 0 2 0 3 0 4 -1 -1 -1 -1 -1 -1 191845 0 15 19 19 21 2 4 2 3
0 0 0 0 1 6 1 0 2 0 3 0 5 -1 -1 -1 -1 -1 -1 192312 0 15 19 19 21 2 4 2 3
0 0 0 0 1 6 1 0 2 0 3 0 5 -1 -1 -1 -1 -1 -1 192778 0 15 19 19 21 2 4 2 3
0 0 0 0 1 6 3 0 2 0 3 0 5 6 0 4 1 0 0 193278 0 15 19 19 21 2 4 2 3
0 0 0 0 1 6 1 0 2 0 3 0 5 -1 -1 -1 -1 -1 -1 193745 0 15 19 19 21 2 4 2 3
0 0 0 0 1 6 1 0 2 0 3 0 5 -1 -1 -1 -1 -1 -1 194212 0 15 19 19 21 2 4 2 3
0 0 0 0 1 6 1 0 2 0 3 0 5 -1 -1 -1 -1 -1 -1 194712 0 15 19 19 21 2 4 2 3
0 0 0 0 1 6 3 0 2 0 3 0 5 6 2 4 0 0 0 195179 0 15 19 19 21 2 4 2 3
0 0 0 0 1 6 1 0 2 0 3 0 5 -1 -1 -1 -1 -1 -1 195646 0 15 19 19 21 2 4 2 3
0 0 0 0 1 6 1 0 2 0 3 0 5 -1 -1 -1 -1 -1 -1 196112 0 15 19 19 21 2 4 2 3
0 0 0 0 1 6 1 0 2 0 3 0 5 -1 -1 -1 -1 -1 -1 196613 0 15 19 19 21 2 4 2 3
0 0 0 0 1 7 1 0 2 0 3 0 5 5 2 4 0 1 1 197079 0 15 19 19 21 2 4 2 3
0 0 0 0 1 6 1 0 2 0 3 0 5 -1 -1 -1 -1 -1 -1 197546 0 15 19 19 21 2 4 2 3
0 0 0 0 1 6 1 0 2 0 3 0 5 -1 -1 -1 -1 -1 -1 198046 0 15 19 19 21 2 4 2 3
0 0 0 0 1 1 6 0 2 0 3 0 6 -1 -1 -1 -1 -1 -1 198513 0 15 19 19 21 2 4 2 3
0 0 0 0 1 1 7 0 2 0 3 0 6 6 0 4 1 1 1 198980 0 15 19 19 21 2 6 2 3
0 0 0 0 1 1 6 0 2 0 3 0 6 -1 -1 -1 -1 -1 -1 199446 0 15 19 19 21 2 6 2 3
0 0 0 0 1 6 1 0 2 0 3 0 5 -1 -1 -1 -1 -1 -1 199947 0 15 19 19 21 2 6 2 3
0 0 0 0 1 6 1 0 2 0 3 0 5 -1 -1 -1 -1 -1 -1 200413 0 15 19 19 21 2 6 2 3
0 0 0 0 1 6 3 0 2 0 3 0 5 6 1 4 2 0 0 200880 0 15 19 19 21 2 8 0 3
0 0 0 0 1 6 1 0 2 0 3 0 5 -1 -1 -1 -1 -1 -1 201380 0 15 19 19 21 2 8 0 3
0 0 0 0 6 1 1 0 2 0 3 0 4 -1 -1 -1 -1 -1 -1 201847 0 15 19 19 21 2 8 0 3
0 0 0 0 6 1 1 0 2 0 3 0 4 -1 -1 -1 -1 -1 -1 202314 0 15 19 19 21 2 8 0 3
0 0 0 0 7 1 1 0 2 0 3 0 4 4 2 4 0 1 1 202781 0 15 19 19 21 2 6 2 3
0 0 0 1 1 6 1 1 3 1 3 2 5 -1 -1 -1 -1 -1 -1 208082 0 15 19 19 60 2 8 0 5
0 0 0 1 1 6 1 1 3 1 3 2 5 -1 -1 -1 -1 -1 -1 208248 0 15 19 19 60 2 8 0 5
0 0 0 1 1 6 1 1 3 1 3 2 5 -1 -1 -1 -1 -1 -1 208415 0 15 19 19 60 2 5 2 5
0 0 0 1 1 6 1 1 3 1 3 2 5 -1 -1 -1 -1 -1 -1 208582 0 15 19 19 52.2 2 5 2 5
0 0 0 1 1 6 1 1 3 1 3 2 5 -1 -1 -1 -1 -1 -1 208815 0 15 19 19 34 2 5 2 5
0 0 0 1 1 6 1 1 3 1 3 2 5 -1 -1 -1 -1 -1 -1 209249 0 15 19 19 21 2 5 2 5
0 0 0 1 1 6 1 1 3 1 3 2 5 -1 -1 -1 -1 -1 -1 209715 0 15 19 19 21 2 4 2 5
0 0 0 1 1 6 1 1 3 1 3 2 5 -1 -1 -1 -1 -1 -1 210215 0 15 19 19 21 2 4 2 5
0 0 0 1 1 6 1 1 3 1 3 2 5 -1 -1 -1 -1 -1 -1 210682 0 15 19 19 21 2 4 2 5
0 0 0 1 1 6 1 1 3 1 3 2 5 -1 -1 -1 -1 -1 -1 211149 0 15 19 19 21 2 4 2 5
0 0 0 1 3 6 1 1 3 1 3 2 5 4 4 8 3 0 0 211649 0 15 19 19 21 2 5 2 5
0 0 0 1 1 6 1 1 3 1 3 2 5 -1 -1 -1 -1 -1 -1 212116 0 15 19 19 21 2 5 2 5
0 0 0 1 4 6 1 1 3 1 3 2 5 -1 -1 -1 -1 -1 -1 212583 1 15 19 19 21 2 5 2 5
0 0 0 1 1 6 1 1 3 1 3 2 5 -1 -1 -1 -1 -1 -1 213049 0 15 19 19 21 2 5 2 5
0 0 0 1 3 6 1 1 3 1 3 2 5 4 4 5 0 0 0 213549 0 15 19 19 21 2 6 2 5
0 0 0 1 1 6 1 1 3 1 3 2 5 -1 -1 -1 -1 -1 -1 214016 0 15 19 19 21 2 6 2 5
0 0 0 1 4 1 6 1 3 1 3 2 6 -1 -1 -1 -1 -1 -1 214483 1 15 19 19 21 2 6 2 5
0 0 0 1 1 1 6 1 3 1 3 2 6 -1 -1 -1 -1 -1 -1 214983 0 15 19 19 21 2 6 2 5
0 0 0 1 1 3 6 1 3 1 3 2 6 5 4 7 2 0 0 215450 0 15 19 19 21 2 6 2 5
0 0 0 1 1 1 6 1 3 1 3 2 6 -1 -1 -1 -1 -1 -1 215917 0 15 19 19 21 2 6 2 5
0 0 0 1 1 4 6 1 3 1 3 2 6 -1 -1 -1 -1 -1 -1 216383 1 15 19 19 21 2 6 2 5
0 0 0 1 1 6 1 1 3 1 3 2 5 -1 -1 -1 -1 -1 -1 216884 0 15 19 19 21 2 6 2 5
0 0 0 1 1 6 1 3 3 1 3 2 5 7 4 6 1 0 0 217350 0 15 19 19 21 2 4 2 5
0 0 0 1 6 1 1 1 3 1 3 2 4 -1 -1 -1 -1 -1 -1 217817 0 15 19 19 21 2 4 2 5
0 0 0 1 1 6 4 1 3 1 3 2 5 -1 -1 -1 -1 -1 -1 218317 1 15 19 19 21 2 4 2 5
0 0 0 1 1 1 6 1 3 1 3 2 6 -1 -1 -1 -1 -1 -1 218784 0 15 19 19 21 2 4 2 5
0 0 0 1 1 1 7 1 3 1 3 2 6 6 4 5 0 1 1 219251 0 15 19 19 21 2 4 2 5
0 0 0 1 1 1 6 1 3 1 3 2 6 -1 -1 -1 -1 -1 -1 219717 0 15 19 19 21 2 4 2 5
0 0 0 1 1 4 6 1 3 1 3 2 6 -1 -1 -1 -1 -1 -1 220218 1 15 19 19 21 2 4 2 5
0 0 0 1 1 1 6 1 3 1 3 2 6 -1 -1 -1 -1 -1 -1 220684 0 15 19 19 21 2 4 2 5
0 0 0 1 1 1 7 1 3 1 3 2 6 6 4 7 2 1 1 221151 0 15 19 19 21 2 8 0 5
0 0 0 1 1 6 1 1 3 1 3 2 5 -1 -1 -1 -1 -1 -1 221651 0 15 19 19 21 2 8 0 5
0 0 0 4 1 6 1 1 3 1 3 2 5 -1 -1 -1 -1 -1 -1 222118 1 15 19 19 21 2 8 0 5
0 0 0 1 6 1 1 1 3 1 3 2 4 -1 -1 -1 -1 -1 -1 222585 0 15 19 19 21 2 8 0 5
0 0 0 1 7 1 1 1 3 1 3 2 4 4 4 6 1 1 1 223052 0 15 19 19 21 2 5 2 5
0 0 0 1 1 6 1 1 4 2 3 2 5 -1 -1 -1 -1 -1 -1 228453 0 15 19 17 60 2 8 0 5
0 0 0 1 1 6 1 1 4 2 3 2 5 -1 -1 -1 -1 -1 -1 228619 0 15 19 17 60 2 8 0 5
0 0 0 1 1 6 1 1 4 2 3 2 5 -1 -1 -1 -1 -1 -1 228786 0 15 19 17 60 2 5 2 5
0 0 0 1 1 6 1 1 4 2 3 2 5 -1 -1 -1 -1 -1 -1 228953 0 15 19 17 51.2 2 5 2 5
0 0 0 1 1 6 1 1 4 2 3 2 5 -1 -1 -1 -1 -1 -1 229220 0 15 19 17 27.7333 2 5 2 5
0 0 0 1 1 6 1 1 4 2 3 2 5 -1 -1 -1 -1 -1 -1 229786 0 15 19 17 16 2 5 2 5
0 0 0 1 1 6 1 1 4 2 3 2 5 -1 -1 -1 -1 -1 -1 230420 0 15 19 17 16 2 5 2 5
0 0 0 1 1 6 1 1 4 2 3 2 5 -1 -1 -1 -1 -1 -1 231053 0 15 19 17 16 2 5 2 5
0 0 0 1 1 1 6 1 4 2 3 2 6 -1 -1 -1 -1 -1 -1 231653 0 15 19 17 16 2 5 2 5
0 0 0 1 1 6 1 1 4 2 3 2 5 -1 -1 -1 -1 -1 -1 232287 0 15 19 17 16 2 5 2 5
0 0 0 1 1 6 3 1 4 2 3 2 5 6 5 4 1 0 0 232920 0 15 19 17 16 2 5 2 5
0 0 0 1 1 6 1 1 4 2 3 2 5 -1 -1 -1 -1 -1 -1 233554 0 15 19 17 16 2 5 2 5
0 0 0 4 1 6 1 1 4 2 3 2 5 -1 -1 -1 -1 -1 -1 234154 1 15 19 17 16 2 5 2 5
0 0 0 1 1 6 1 1 4 2 3 2 5 -1 -1 -1 -1 -1 -1 234787 0 15 19 17 16 2 5 2 5
0 0 0 1 1 6 3 1 4 2 3 2 5 6 5 4 3 0 0 235421 0 15 19 17 16 2 6 2 5
0 0 0 1 1 6 1 1 4 2 3 2 5 -1 -1 -1 -1 -1 -1 236054 0 15 19 17 16 2 6 2 5
0 0 0 1 1 6 1 4 4 2 3 2 5 -1 -1 -1 -1 -1 -1 236654 1 15 19 17 16 2 6 2 5
0 0 0 1 1 6 1 1 4 2 3 2 5 -1 -1 -1 -1 -1 -1 237288 0 15 19 17 16 2 6 2 5
0 0 0 1 3 1 6 1 4 2 3 2 6 4 5 4 0 0 0 237921 0 15 19 17 16 2 6 2 5
0 0 0 1 1 1 6 1 4 2 3 2 6 -1 -1 -1 -1 -1 -1 238555 0 15 19 17 16 2 6 2 5
0 0 0 1 1 4 6 1 4 2 3 2 6 -1 -1 -1 -1 -1 -1 239155 1 15 19 17 16 2 6 2 5
0 0 0 1 6 1 1 1 4 2 3 2 4 -1 -1 -1 -1 -1 -1 239788 0 15 19 17 16 2 6 2 5
0 0 0 1 7 1 1 1 4 2 3 2 4 4 5 4 1 1 1 240422 0 15 19 17 16 2 6 2 5
0 0 0 1 6 1 1 1 4 2 3 2 4 -1 -1 -1 -1 -1 -1 241055 0 15 19 17 16 2 6 2 5
0 0 0 1 6 4 1 1 4 2 3 2 4 -1 -1 -1 -1 -1 -1 241655 1 15 19 17 16 2 6 2 5
0 0 0 1 1 6 1 1 4 2 3 2 5 -1 -1 -1 -1 -1 -1 242289 0 15 19 17 16 2 6 2 5
0 0 0 1 8 1 1 1 4 2 3 2 4 4 5 4 2 0 1 242922 0 15 19 17 16 2 5 2 5
0 0 0 1 1 6 1 1 4 2 3 2 5 -1 -1 -1 -1 -1 -1 243656 0 15 19 16 13 2 5 2 5
0 0 0 4 1 6 1 1 4 2 3 2 5 -1 -1 -1 -1 -1 -1 244423 1 15 19 16 13 2 5 2 5
0 0 0 1 1 1 6 1 4 2 3 2 6 -1 -1 -1 -1 -1 -1 245190 0 15 19 16 13 2 5 2 5
0 0 0 1 1 1 7 1 4 2 3 2 6 6 5 4 0 1 1 245956 0 15 19 16 13 2 8 0 5
0 0 0 1 1 6 1 1 4 2 3 2 5 -1 -1 -1 -1 -1 -1 246723 0 15 19 16 13 2 8 0 5
0 0 0 4 1 6 1 1 4 2 3 2 5 -1 -1 -1 -1 -1 -1 247490 1 15 19 16 13 2 8 0 5
0 0 0 1 6 1 1 1 4 2 3 2 4 -1 -1 -1 -1 -1 -1 248257 0 15 19 16 13 2 8 0 5
0 0 0 1 6 3 1 1 4 2 3 2 4 5 5 4 0 0 0 249024 0 15 19 16 13 2 5 2 5
0 0 0 1 6 1 1 1 4 2 3 2 4 -1 -1 -1 -1 -1 -1 249824 0 15 19 16 13 2 5 2 5
0 0 0 4 6 1 1 1 4 2 3 2 4 -1 -1 -1 -1 -1 -1 250591 1 15 19 16 13 2 5 2 5
0 0 0 1 6 1 1 1 4 2 3 2 4 -1 -1 -1 -1 -1 -1 251358 0 15 19 16 13 2 5 2 5
0 0 0 1 6 3 1 1 4 2 3 2 4 5 5 4 1 0 0 252124 0 15 19 16 13 2 5 2 5
0 0 0 1 1 6 1 1 4 2 3 2 5 -1 -1 -1 -1 -1 -1 252891 0 15 19 16 13 2 5 2 5
0 0 0 1 4 6 1 1 4 2 3 2 5 -1 -1 -1 -1 -1 -1 253658 1 15 19 16 13 2 5 2 5
0 0 0 1 6 1 1 1 4 2 3 2 4 -1 -1 -1 -1 -1 -1 254425 0 15 19 16 13 2 5 2 5
0 0 0 1 3 6 1 1 4 2 3 2 5 4 5 4 2 0 0 255192 0 15 19 16 13 2 5 2 5
0 0 0 1 1 6 1 1 4 2 3 2 5 -1 -1 -1 -1 -1 -1 255959 0 15 19 16 13 2 5 2 5
0 0 0 1 4 6 1 1 4 2 3 2 5 -1 -1 -1 -1 -1 -1 256725 1 15 19 16 13 2 5 2 5
0 0 0 1 1 1 6 1 4 2 3 2 6 -1 -1 -1 -1 -1 -1 257492 0 15 19 16 13 2 5 2 5
0 0 0 1 1 1 7 1 4 2 3 2 6 6 5 4 0 1 1 258258 0 15 19 16 13 2 6 2 5
0 0 0 1 1 6 1 1 4 2 3 2 5 -1 -1 -1 -1 -1 -1 258925 0 15 19 17 16 2 6 2 5
0 0 0 4 1 6 1 1 4 2 3 2 5 -1 -1 -1 -1 -1 -1 259524 1 15 19 17 16 2 6 2 5
0 0 0 1 1 6 1 1 4 2 3 2 5 -1 -1 -1 -1 -1 -1 260158 0 15 19 17 16 2 6 2 5
0 0 0 1 1 6 1 3 4 2 3 2 5 7 5 4 2 0 0 260791 0 15 19 17 16 2 6 2 5
0 0 0 1 1 6 1 1 4 2 3 2 5 -1 -1 -1 -1 -1 -1 261424 0 15 19 17 16 2 6 2 5
0 0 0 1 1 6 4 1 4 2 3 2 5 -1 -1 -1 -1 -1 -1 262024 1 15 19 17 16 2 6 2 5
0 0 0 1 1 6 1 1 4 2 3 2 5 -1 -1 -1 -1 -1 -1 262657 0 15 19 17 16 2 6 2 5
0 0 0 1 1 6 1 3 4 2 3 2 5 7 5 4 3 0 0 263290 0 15 19 17 16 2 6 2 5
0 0 0 1 1 6 1 1 4 2 3 2 5 -1 -1 -1 -1 -1 -1 263923 0 15 19 17 16 2 6 2 5
0 0 0 1 1 6 1 4 4 2 3 2 5 -1 -1 -1 -1 -1 -1 264523 1 15 19 17 16 2 6 2 5
0 0 0 1 1 1 6 1 4 2 3 2 6 -1 -1 -1 -1 -1 -1 265156 0 15 19 17 16 2 6 2 5
0 0 0 1 1 3 6 1 4 2 3 2 6 5 5 4 2 0 0 265790 0 15 19 17 16 2 5 2 5
0 0 0 1 1 1 6 1 4 2 3 2 6 -1 -1 -1 -1 -1 -1 266423 0 15 19 17 16 2 5 2 5
0 0 0 1 1 4 6 1 4 2 3 2 6 -1 -1 -1 -1 -1 -1 267023 1 15 19 17 16 2 5 2 5
0 0 0 1 1 6 1 1 4 2 3 2 5 -1 -1 -1 -1 -1 -1 267656 0 15 19 17 16 2 5 2 5
0 0 0 1 1 6 3 1 4 2 3 2 5 6 5 4 3 0 0 268289 0 15 19 17 16 2 8 0 5
0 0 0 1 1 6 1 1 4 2 3 2 5 -1 -1 -1 -1 -1 -1 268922 0 15 19 17 16 2 8 0 5
0 0 0 1 1 6 1 4 4 2 3 2 5 -1 -1 -1 -1 -1 -1 269522 1 15 19 17 16 2 8 0 5
0 0 0 1 1 6 1 1 4 2 3 2 5 -1 -1 -1 -1 -1 -1 270155 0 15 19 17 16 2 8 0 5
0 0 0 1 1 6 3 1 4 2 3 2 5 6 5 4 0 0 0 270788 0 15 19 17 16 2 5 2 5
0 0 0 1 1 6 1 1 4 2 3 2 5 -1 -1 -1 -1 -1 -1 271421 0 15 19 17 16 2 5 2 5
0 0 0 1 1 6 4 1 4 2 3 2 5 -1 -1 -1 -1 -1 -1 272021 1 15 19 17 16 2 5 2 5
0 0 0 1 1 6 1 1 4 2 3 2 5 -1 -1 -1 -1 -1 -1 272655 0 15 19 17 16 2 5 2 5
0 0 0 1 1 6 3 1 4 2 3 2 5 6 5 4 3 0 0 273288 0 15 19 17 16 2 5 2 5
0 0 0 1 1 6 1 1 4 2 3 2 5 -1 -1 -1 -1 -1 -1 273921 0 15 19 17 16 2 5 2 5
0 0 0 4 6 1 1 1 4 2 3 2 4 -1 -1 -1 -1 -1 -1 274521 1 15 19 17 16 2 5 2 5
0 0 0 1 6 1 1 1 4 2 3 2 4 -1 -1 -1 -1 -1 -1 275154 0 15 19 17 16 2 5 2 5
0 0 0 1 6 3 1 1 4 2 3 2 4 5 5 4 1 0 0 275787 0 15 19 17 16 2 5 2 5
0 0 0 1 6 1 1 1 4 2 3 2 4 -1 -1 -1 -1 -1 -1 276420 0 15 19 17 16 2 5 2 5
0 0 0 1 1 6 4 1 4 2 3 2 5 -1 -1 -1 -1 -1 -1 277020 1 15 19 17 16 2 5 2 5
0 0 0 1 1 1 6 1 4 2 3 2 6 -1 -1 -1 -1 -1 -1 277653 0 15 19 17 16 2 5 2 5
0 0 0 1 1 1 7 1 4 2 3 2 6 6 5 4 0 1 1 278286 0 15 19 17 16 2 6 2 5
0 0 0 1 1 6 1 1 4 2 3 2 5 -1 -1 -1 -1 -1 -1 278920 0 15 19 17 16 2 6 2 5
0 0 0 4 1 6 1 1 4 2 3 2 5 -1 -1 -1 -1 -1 -1 279520 1 15 19 17 16 2 6 2 5
0 0 0 1 1 6 1 1 4 2 3 2 5 -1 -1 -1 -1 -1 -1 280153 0 15 19 17 16 2 6 2 5
0 0 0 1 2 8 1 1 4 2 3 2 5 4 5 4 3 1 0 280786 0 15 19 17 16 2 6 2 5
0 0 0 1 1 6 1 1 4 2 3 2 5 -1 -1 -1 -1 -1 -1 281519 0 15 19 16 13 2 6 2 5
0 0 0 1 6 1 4 1 4 2 3 2 4 -1 -1 -1 -1 -1 -1 282285 1 15 19 16 13 2 6 2 5
0 0 0 1 6 1 1 1 4 2 3 2 4 -1 -1 -1 -1 -1 -1 283052 0 15 19 16 13 2 6 2 5
0 0 0 1 6 3 1 1 4 2 3 2 4 5 5 4 2 0 0 283818 0 15 19 16 13 2 6 2 5
0 0 0 1 6 1 1 1 4 2 3 2 4 -1 -1 -1 -1 -1 -1 284585 0 15 19 16 13 2 6 2 5
0 0 0 4 6 1 1 1 4 2 3 2 4 -1 -1 -1 -1 -1 -1 285351 1 15 19 16 13 2 6 2 5
0 0 0 1 6 1 1 1 4 2 3 2 4 -1 -1 -1 -1 -1 -1 286118 0 15 19 16 13 2 6 2 5
0 0 0 7 1 1 1 1 4 2 3 2 3 3 5 4 0 1 1 286918 0 15 19 16 13 2 5 2 5
0 0 0 1 6 1 1 1 4 2 3 2 4 -1 -1 -1 -1 -1 -1 287684 0 15 19 16 13 2 5 2 5
0 0 0 1 6 4 1 1 4 2 3 2 4 -1 -1 -1 -1 -1 -1 288451 1 15 19 16 13 2 5 2 5
0 0 0 1 1 6 1 1 4 2 3 2 5 -1 -1 -1 -1 -1 -1 289217 0 15 19 16 13 2 5 2 5
0 0 0 1 3 6 1 1 4 2 3 2 5 4 5 4 2 0 0 289984 0 15 19 16 13 2 8 0 5
0 0 0 1 1 6 1 1 4 2 3 2 5 -1 -1 -1 -1 -1 -1 290750 0 15 19 16 13 2 8 0 5
0 0 0 1 1 6 1 4 4 2 3 2 5 -1 -1 -1 -1 -1 -1 291517 1 15 19 16 13 2 8 0 5
0 0 0 1 6 1 1 1 4 2 3 2 4 -1 -1 -1 -1 -1 -1 292283 0 15 19 16 13 2 8 0 5
0 0 0 1 6 3 1 1 4 2 3 2 4 5 5 4 0 0 0 293050 0 15 19 16 13 2 5 2 5
0 0 0 1 6 1 1 1 4 2 3 2 4 -1 -1 -1 -1 -1 -1 293816 0 15 19 16 13 2 5 2 5
0 0 0 4 1 6 1 1 4 2 3 2 5 -1 -1 -1 -1 -1 -1 294582 1 15 19 16 13 2 5 2 5
0 0 0 1 1 6 1 1 4 2 3 2 5 -1 -1 -1 -1 -1 -1 295349 0 15 19 16 13 2 5 2 5
0 0 0 1 1 6 1 3 4 2 3 2 5 7 5 4 1 0 0 296115 0 15 19 16 13 2 5 2 5
0 0 0 1 1 6 1 1 4 2 3 2 5 -1 -1 -1 -1 -1 -1 296882 0 15 19 16 13 2 5 2 5
0 0 0 1 4 6 1 1 4 2 3 2 5 -1 -1 -1 -1 -1 -1 297682 1 15 19 16 13 2 5 2 5
0 0 0 1 1 6 1 1 4 2 3 2 5 -1 -1 -1 -1 -1 -1 298448 0 15 19 16 13 2 5 2 5
0 0 0 1 1 6 1 3 4 2 3 2 5 7 5 4 1 0 0 299215 0 15 19 16 13 2 5 2 5
0 0 0 1 1 6 1 1 4 2 3 2 5 -1 -1 -1 -1 -1 -1 299981 0 15 19 16 13 2 5 2 5
0 0 0 4 1 6 1 1 4 2 3 2 5 -1 -1 -1 -1 -1 -1 300748 1 15 19 16 13 2 5 2 5
0 0 0 1 1 6 1 1 4 2 3 2 5 -1 -1 -1 -1 -1 -1 301514 0 15 19 16 13 2 5 2 5
0 0 0 1 1 6 1 3 4 2 3 2 5 7 5 4 2 0 0 302281 0 15 19 16 13 2 6 2 5
0 0 0 1 1 6 1 1 4 2 3 2 5 -1 -1 -1 -1 -1 -1 303047 0 15 19 16 13 2 6 2 5
0 0 0 4 6 1 1 1 4 2 3 2 4 -1 -1 -1 -1 -1 -1 303814 1 15 19 16 13 2 6 2 5
0 0 0 1 6 1 1 1 4 2 3 2 4 -1 -1 -1 -1 -1 -1 304580 0 15 19 16 13 2 6 2 5
0 0 0 1 6 3 1 1 4 2 3 2 4 5 5 4 0 0 0 305347 0 15 19 16 13 2 6 2 5
0 0 0 1 1 6 1 1 4 2 3 2 5 -1 -1 -1 -1 -1 -1 306113 0 15 19 16 13 2 6 2 5
0 0 0 1 4 6 1 1 4 2 3 2 5 -1 -1 -1 -1 -1 -1 306879 1 15 19 16 13 2 6 2 5
0 0 0 1 1 6 1 1 4 2 3 2 5 -1 -1 -1 -1 -1 -1 307679 0 15 19 16 13 2 6 2 5
0 0 0 1 1 6 3 1 4 2 3 2 5 6 5 4 3 0 0 308446 0 15 19 16 13 2 6 2 5
0 0 0 1 1 6 1 1 4 2 3 2 5 -1 -1 -1 -1 -1 -1 309212 0 15 19 16 13 2 6 2 5
0 0 0 4 1 6 1 1 4 2 3 2 5 -1 -1 -1 -1 -1 -1 309979 1 15 19 16 13 2 6 2 5
0 0 0 1 6 1 1 1 4 2 3 2 4 -1 -1 -1 -1 -1 -1 310745 0 15 19 16 13 2 6 2 5
0 0 0 1 6 3 1 1 4 2 3 2 4 5 5 4 0 0 0 311512 0 15 19 16 13 2 5 2 5
0 0 0 1 6 1 1 1 4 2 3 2 4 -1 -1 -1 -1 -1 -1 312278 0 15 19 16 13 2 5 2 5
0 0 0 1 6 1 4 1 4 2 3 2 4 -1 -1 -1 -1 -1 -1 313045 1 15 19 16 13 2 5 2 5
0 0 0 1 6 1 1 1 4 2 3 2 4 -1 -1 -1 -1 -1 -1 313811 0 15 19 16 13 2 5 2 5
0 0 0 1 6 3 1 1 4 2 3 2 4 5 5 4 3 0 0 314578 0 15 19 16 13 2 8 0 5
0 0 0 1 1 6 1 1 4 2 3 2 5 -1 -1 -1 -1 -1 -1 315344 0 15 19 16 13 2 8 0 5
0 0 0 1 4 6 1 1 4 2 3 2 5 -1 -1 -1 -1 -1 -1 316111 1 15 19 16 13 2 8 0 5
0 0 0 1 1 1 1 6 4 2 3 2 7 -1 -1 -1 -1 -1 -1 316877 0 15 19 16 13 2 8 0 5
0 0 0 1 1 1 1 7 4 2 3 2 7 7 5 4 3 1 1 317644 0 15 19 16 13 2 5 2 5
0 0 0 1 1 1 6 1 4 2 3 2 6 -1 -1 -1 -1 -1 -1 318310 0 15 19 17 16 2 5 2 5
0 0 0 4 1 1 6 1 4 2 3 2 6 -1 -1 -1 -1 -1 -1 318943 1 15 19 17 16 2 5 2 5
0 0 0 1 1 6 1 1 4 2 3 2 5 -1 -1 -1 -1 -1 -1 319543 0 15 19 17 16 2 5 2 5
0 0 0 1 1 1 7 1 4 2 3 2 6 6 5 4 0 1 1 320176 0 15 19 17 16 2 5 2 5
0 0 0 0 1 6 1 0 5 6 2 0 5 -1 -1 -1 -1 -1 -1 325108 0 15 40 16 60 2 8 0 3
0 0 0 0 1 6 1 0 5 6 2 0 5 -1 -1 -1 -1 -1 -1 325275 0 15 40 16 60 2 8 0 3
0 0 0 0 1 6 1 0 5 6 2 0 5 -1 -1 -1 -1 -1 -1 325442 0 15 40 16 60 2 4 2 3
0 0 0 0 1 6 1 0 5 6 2 0 5 -1 -1 -1 -1 -1 -1 325608 0 15 40 16 50.6 2 4 2 3
0 0 0 0 1 6 1 0 5 6 2 0 5 -1 -1 -1 -1 -1 -1 325875 0 15 40 16 25.5333 2 4 2 3
0 0 0 0 1 6 1 0 5 6 2 0 5 -1 -1 -1 -1 -1 -1 326608 0 15 40 16 13 2 4 2 3
0 0 0 0 1 6 1 0 5 6 2 0 5 -1 -1 -1 -1 -1 -1 327374 0 15 40 16 13 2 4 2 3
0 0 0 0 1 6 1 0 5 6 2 0 5 -1 -1 -1 -1 -1 -1 328141 0 15 40 16 13 2 4 2 3
0 0 0 0 1 1 6 0 5 6 2 0 6 -1 -1 -1 -1 -1 -1 328907 0 15 40 16 13 2 4 2 3
0 0 0 0 1 1 6 0 5 6 2 0 6 -1 -1 -1 -1 -1 -1 329674 0 15 40 16 13 2 4 2 3
0 0 0 0 1 1 7 0 5 6 2 0 6 6 5 4 4 1 1 330440 0 15 40 16 13 2 6 2 3
0 0 0 0 1 6 1 0 5 6 2 0 5 -1 -1 -1 -1 -1 -1 331207 0 15 40 16 13 2 6 2 3
0 0 0 0 1 6 1 0 5 6 2 0 5 -1 -1 -1 -1 -1 -1 331973 0 15 40 16 13 2 6 2 3
0 0 0 0 1 6 1 0 5 6 2 0 5 -1 -1 -1 -1 -1 -1 332740 0 15 40 16 13 2 6 2 3
0 0 0 0 1 7 1 0 5 6 2 0 5 5 5 4 4 1 1 333506 0 15 40 16 13 2 4 2 3
0 0 0 0 1 6 1 0 5 6 2 0 5 -1 -1 -1 -1 -1 -1 334173 0 15 40 17 16 2 4 2 3
0 0 0 0 6 1 1 0 5 6 2 0 4 -1 -1 -1 -1 -1 -1 334806 0 15 40 17 16 2 4 2 3
0 0 0 0 6 1 1 0 5 6 2 0 4 -1 -1 -1 -1 -1 -1 335406 0 15 40 17 16 2 4 2 3
0 0 0 0 7 1 1 0 5 6 2 0 4 4 5 4 4 1 1 336039 0 15 40 17 16 2 6 2 3
0 0 0 0 1 6 1 0 5 6 2 0 5 -1 -1 -1 -1 -1 -1 336672 0 15 40 17 16 2 6 2 3
0 0 0 0 1 6 1 0 5 6 2 0 5 -1 -1 -1 -1 -1 -1 337305 0 15 40 17 16 2 6 2 3
0 0 0 0 1 1 6 0 5 6 2 0 6 -1 -1 -1 -1 -1 -1 337905 0 15 40 17 16 2 6 2 3
0 0 0 0 1 1 7 0 5 6 2 0 6 6 5 4 4 1 1 338538 0 15 40 17 16 2 5 2 3
0 0 0 0 1 1 6 0 5 6 2 0 6 -1 -1 -1 -1 -1 -1 339072 0 15 40 18 19 2 5 2 3
0 0 0 0 6 1 1 0 5 6 2 0 4 -1 -1 -1 -1 -1 -1 339605 0 15 40 18 19 2 5 2 3
0 0 0 0 6 1 1 0 5 6 2 0 4 -1 -1 -1 -1 -1 -1 340138 0 15 40 18 19 2 5 2 3
0 0 0 0 7 1 1 0 5 6 2 0 4 4 5 4 4 1 1 340671 0 15 40 18 19 2 4 2 3
0 0 0 0 1 6 1 0 5 6 2 0 5 -1 -1 -1 -1 -1 -1 341171 0 15 40 18 19 2 4 2 3
0 0 0 0 1 6 1 0 5 6 2 0 5 -1 -1 -1 -1 -1 -1 341704 0 15 40 18 19 2 4 2 3
0 0 0 0 1 6 1 0 5 6 2 0 5 -1 -1 -1 -1 -1 -1 342238 0 15 40 18 19 2 4 2 3
0 0 0 0 1 7 1 0 5 6 2 0 5 5 5 4 4 1 1 342771 0 15 40 18 19 2 8 0 3
0 0 0 0 1 6 1 0 5 6 2 0 5 -1 -1 -1 -1 -1 -1 343237 0 15 40 19 21 2 8 0 3
0 0 0 0 1 6 1 0 5 6 2 0 5 -1 -1 -1 -1 -1 -1 343737 0 15 40 19 21 2 8 0 3
0 0 0 0 1 6 1 0 5 6 2 0 5 -1 -1 -1 -1 -1 -1 344204 0 15 40 19 21 2 8 0 3
0 0 0 0 1 7 1 0 5 6 2 0 5 5 5 4 4 1 1 344670 0 15 40 19 21 2 4 2 3
0 0 0 0 1 6 1 0 5 6 2 0 5 -1 -1 -1 -1 -1 -1 345137 0 15 40 19 21 2 4 2 3
0 0 0 0 1 6 1 0 5 6 2 0 5 -1 -1 -1 -1 -1 -1 345637 0 15 40 19 21 2 4 2 3
0 0 0 0 1 6 1 0 5 6 2 0 5 -1 -1 -1 -1 -1 -1 346103 0 15 40 19 21 2 4 2 3
0 0 0 1 1 7 1 1 5 6 2 0 5 5 5 4 4 1 1 346570 0 15 40 19 21 2 4 2 5
0 0 0 1 1 6 1 1 5 6 2 0 5 -1 -1 -1 -1 -1 -1 347036 0 15 40 20 22 2 4 2 5
0 0 0 1 1 6 1 1 5 6 2 0 5 -1 -1 -1 -1 -1 -1 347503 0 15 40 20 22 2 4 2 5
0 0 0 1 1 6 1 1 5 6 2 0 5 -1 -1 -1 -1 -1 -1 347936 0 15 40 20 22 2 4 2 5
0 0 0 1 1 7 1 1 5 6 2 0 5 5 5 4 4 1 1 348403 0 15 40 20 22 2 6 2 5
0 0 0 1 1 6 1 1 5 6 2 1 5 -1 -1 -1 -1 -1 -1 348869 0 15 40 20 22 2 6 2 5
0 0 0 1 6 1 1 1 5 6 2 1 4 -1 -1 -1 -1 -1 -1 349302 0 15 40 20 22 2 6 2 5
0 0 0 1 6 1 1 1 5 6 2 1 4 -1 -1 -1 -1 -1 -1 349769 0 15 40 20 22 2 6 2 5
0 0 0 1 7 1 1 1 5 6 2 1 4 4 5 4 4 1 1 350202 0 15 40 20 22 2 4 2 5
0 0 0 1 6 1 1 1 5 6 2 1 4 -1 -1 -1 -1 -1 -1 350669 0 15 40 21 23 2 4 2 5
0 0 0 1 6 1 1 1 5 6 2 1 4 -1 -1 -1 -1 -1 -1 351102 0 15 40 21 23 2 4 2 5
0 0 0 6 1 1 1 1 5 6 2 1 3 -1 -1 -1 -1 -1 -1 351535 0 15 40 21 23 2 4 2 5
0 0 0 7 1 1 1 1 5 6 2 1 3 3 5 4 4 1 1 351968 0 15 40 21 23 2 6 2 5
0 0 0 1 6 1 1 1 5 6 2 1 4 -1 -1 -1 -1 -1 -1 352402 0 15 40 21 23 2 6 2 5
0 0 0 1 1 6 1 1 5 6 2 1 5 -1 -1 -1 -1 -1 -1 352835 0 15 40 21 23 2 6 2 5
0 0 0 1 1 6 1 1 5 6 2 1 5 -1 -1 -1 -1 -1 -1 353268 0 15 40 21 23 2 6 2 5
0 0 0 1 1 7 1 1 5 6 2 1 5 5 5 4 4 1 1 353701 0 15 40 21 23 2 5 2 5
0 0 0 1 1 6 1 1 5 6 2 1 5 -1 -1 -1 -1 -1 -1 354101 0 15 40 22 24 2 5 2 5
0 0 0 1 6 1 1 1 5 6 2 1 4 -1 -1 -1 -1 -1 -1 354535 0 15 40 22 24 2 5 2 5
0 0 0 6 1 1 1 1 5 6 2 1 3 -1 -1 -1 -1 -1 -1 354934 0 15 40 22 24 2 5 2 5
0 0 0 7 1 1 1 1 5 6 2 1 3 3 5 4 4 1 1 355368 0 15 40 22 24 2 4 2 5
0 0 0 1 6 1 1 1 5 6 2 1 4 -1 -1 -1 -1 -1 -1 355768 0 15 40 22 24 2 4 2 5
0 0 0 1 1 6 1 1 5 6 2 1 5 -1 -1 -1 -1 -1 -1 356201 0 15 40 22 24 2 4 2 5
0 0 0 1 1 6 1 1 5 6 2 1 5 -1 -1 -1 -1 -1 -1 356601 0 15 40 22 24 2 4 2 5
0 0 0 1 1 7 1 1 5 6 2 1 5 5 5 4 4 1 1 357034 0 15 40 22 24 2 8 0 5
0 0 0 1 1 6 1 1 5 6 2 1 5 -1 -1 -1 -1 -1 -1 357434 0 15 40 23 25 2 8 0 5
0 0 0 6 1 1 1 1 5 6 2 1 3 -1 -1 -1 -1 -1 -1 357834 0 15 40 23 25 2 8 0 5
0 0 0 6 1 1 1 1 5 6 2 1 3 -1 -1 -1 -1 -1 -1 358234 0 15 40 23 25 2 8 0 5
0 0 0 7 1 1 1 1 5 6 2 1 3 3 5 4 4 1 1 358634 0 15 40 23 25 2 4 2 5
0 0 0 6 1 1 1 1 5 6 2 1 3 -1 -1 -1 -1 -1 -1 359033 0 15 40 23 25 2 4 2 5
0 0 0 1 1 6 1 1 5 6 2 1 5 -1 -1 -1 -1 -1 -1 359433 0 15 40 23 25 2 4 2 5
0 0 0 1 1 6 1 1 5 6 2 1 5 -1 -1 -1 -1 -1 -1 359833 0 15 40 23 25 2 4 2 5
0 0 0 1 1 7 1 1 5 6 2 1 5 5 5 4 4 1 1 360233 0 15 40 23 25 2 4 2 5
0 0 0 1 1 6 1 1 5 6 2 1 5 -1 -1 -1 -1 -1 -1 360633 0 15 40 24 25.5 2 4 2 5
0 0 0 1 1 1 1 6 5 6 2 1 7 -1 -1 -1 -1 -1 -1 361033 0 15 40 24 25.5 2 4 2 5
0 0 0 1 1 1 1 6 5 6 2 1 7 -1 -1 -1 -1 -1 -1 361400 0 15 40 24 25.5 2 4 2 5
0 0 0 1 1 1 1 7 5 6 2 1 7 7 5 4 4 1 1 361799 0 15 40 24 25.5 2 6 2 5
0 0 0 1 1 1 1 6 5 6 2 1 7 -1 -1 -1 -1 -1 -1 362199 0 15 40 24 25.5 2 6 2 5
0 0 0 1 1 1 6 1 5 6 2 1 6 -1 -1 -1 -1 -1 -1 362599 0 15 40 24 25.5 2 6 2 5
0 0 0 1 1 1 6 1 5 6 2 1 6 -1 -1 -1 -1 -1 -1 362966 0 15 40 24 25.5 2 6 2 5
0 0 0 1 1 1 7 1 5 6 2 1 6 6 5 4 4 1 1 363366 0 15 40 24 25.5 2 4 2 5
0 0 0 1 1 1 6 1 5 6 2 2 6 -1 -1 -1 -1 -1 -1 363766 0 15 40 25 26 2 4 2 5
0 0 0 1 6 1 1 1 5 6 2 2 4 -1 -1 -1 -1 -1 -1 364132 0 15 40 25 26 2 4 2 5
0 0 0 1 6 1 1 1 5 6 2 2 4 -1 -1 -1 -1 -1 -1 364532 0 15 40 25 26 2 4 2 5
0 0 0 1 7 1 1 1 5 6 2 2 4 4 5 4 4 1 1 364899 0 15 40 25 26 2 6 2 5
0 0 0 1 1 6 1 1 5 6 2 2 5 -1 -1 -1 -1 -1 -1 365299 0 15 40 25 26 2 6 2 5
0 0 0 1 4 6 1 1 5 6 2 2 5 -1 -1 -1 -1 -1 -1 365665 1 15 40 25 26 2 6 2 5
0 0 0 6 1 1 1 1 5 6 2 2 3 -1 -1 -1 -1 -1 -1 366065 0 15 40 25 26 2 6 2 5
0 0 0 7 1 1 1 1 5 6 2 2 3 3 5 4 4 1 1 366432 0 15 40 25 26 2 5 2 5
0 0 0 6 1 1 1 1 5 6 2 2 3 -1 -1 -1 -1 -1 -1 366832 0 15 40 26 26.5 2 5 2 5
0 0 0 1 6 1 1 4 5 6 2 2 4 -1 -1 -1 -1 -1 -1 367198 1 15 40 26 26.5 2 5 2 5
0 0 0 6 1 1 1 1 5 6 2 2 3 -1 -1 -1 -1 -1 -1 367565 0 15 40 26 26.5 2 5 2 5
0 0 0 7 1 1 1 1 5 6 2 2 3 3 5 4 4 1 1 367965 0 15 40 26 26.5 2 4 2 5
0 0 0 6 1 1 1 1 5 6 2 2 3 -1 -1 -1 -1 -1 -1 368331 0 15 40 26 26.5 2 4 2 5
0 0 0 6 4 1 1 1 5 6 2 2 3 -1 -1 -1 -1 -1 -1 368698 1 15 40 26 26.5 2 4 2 5
0 0 0 6 1 1 1 1 5 6 2 2 3 -1 -1 -1 -1 -1 -1 369098 0 15 40 26 26.5 2 4 2 5
0 0 0 7 1 1 1 1 5 6 2 2 3 3 5 4 4 1 1 369464 0 15 40 26 26.5 2 8 0 5
0 0 0 6 1 1 1 1 5 6 2 2 3 -1 -1 -1 -1 -1 -1 369831 0 15 40 27 27 2 8 0 5
0 0 0 4 6 1 1 1 5 6 2 2 4 -1 -1 -1 -1 -1 -1 370197 1 15 40 27 27 2 8 0 5
0 0 0 1 6 1 1 1 5 6 2 2 4 -1 -1 -1 -1 -1 -1 370564 0 15 40 27 27 2 8 0 5
0 0 0 1 7 1 1 1 5 6 2 2 4 4 5 4 4 1 1 370931 0 15 40 27 27 2 4 2 5
0 0 0 1 6 1 1 1 5 6 2 2 4 -1 -1 -1 -1 -1 -1 371330 0 15 40 27 27 2 4 2 5
0 0 0 1 1 6 4 1 5 6 2 2 5 -1 -1 -1 -1 -1 -1 371697 1 15 40 27 27 2 4 2 5
0 0 0 1 1 6 1 1 5 6 2 2 5 -1 -1 -1 -1 -1 -1 372064 0 15 40 27 27 2 4 2 5
0 0 0 1 1 7 1 1 5 6 2 2 5 5 5 4 4 1 1 372430 0 15 40 27 27 2 4 2 5
0 0 0 1 1 6 1 1 6 1 3 2 5 -1 -1 -1 -1 -1 -1 378462 0 15 19 19 60 2 8 0 5
0 0 0 1 1 6 1 1 6 1 3 2 5 -1 -1 -1 -1 -1 -1 378629 0 15 19 19 60 2 8 0 5
0 0 0 1 1 6 1 1 6 1 3 2 5 -1 -1 -1 -1 -1 -1 378795 0 15 19 19 60 2 5 2 5
0 0 0 1 1 6 1 1 6 1 3 2 5 -1 -1 -1 -1 -1 -1 378962 0 15 19 19 52.2 2 5 2 5
0 0 0 1 1 6 1 1 6 1 3 2 5 -1 -1 -1 -1 -1 -1 379195 0 15 19 19 34 2 5 2 5
0 0 0 1 1 6 1 1 6 1 3 2 5 -1 -1 -1 -1 -1 -1 379628 0 15 19 19 21 2 5 2 5
0 0 0 1 1 6 1 1 6 1 3 2 5 -1 -1 -1 -1 -1 -1 380095 0 15 19 19 21 2 4 2 5
0 0 0 1 1 6 1 1 6 1 3 2 5 -1 -1 -1 -1 -1 -1 380595 0 15 19 19 21 2 4 2 5
0 0 0 1 1 6 1 1 6 1 3 2 5 -1 -1 -1 -1 -1 -1 381061 0 15 19 19 21 2 4 2 5
0 0 0 1 1 6 1 1 6 1 3 2 5 -1 -1 -1 -1 -1 -1 381528 0 15 19 19 21 2 4 2 5
0 0 0 1 6 1 3 1 6 1 3 2 4 6 4 5 0 0 0 382028 0 15 19 19 21 2 6 2 5
0 0 0 1 6 1 1 1 6 1 3 2 4 -1 -1 -1 -1 -1 -1 382494 0 15 19 19 21 2 6 2 5
0 0 0 1 6 4 1 1 6 1 3 2 4 -1 -1 -1 -1 -1 -1 382961 1 15 19 19 21 2 6 2 5
0 0 0 1 6 1 1 1 6 1 3 2 4 -1 -1 -1 -1 -1 -1 383427 0 15 19 19 21 2 6 2 5
0 0 0 1 6 3 1 1 6 1 3 2 4 5 4 8 3 0 0 383927 0 15 19 19 21 2 4 2 5
0 0 0 1 6 1 1 1 6 1 3 2 4 -1 -1 -1 -1 -1 -1 384394 0 15 19 19 21 2 4 2 5
0 0 0 1 6 1 1 4 6 1 3 2 4 -1 -1 -1 -1 -1 -1 384860 1 15 19 19 21 2 4 2 5
0 0 0 1 1 6 1 1 6 1 3 2 5 -1 -1 -1 -1 -1 -1 385360 0 15 19 19 21 2 4 2 5
0 0 0 1 1 6 1 3 6 1 3 2 5 7 4 8 3 0 0 385827 0 15 19 19 21 2 6 2 5
0 0 0 1 1 6 1 1 6 1 3 2 5 -1 -1 -1 -1 -1 -1 386293 0 15 19 19 21 2 6 2 5
0 0 0 4 1 6 1 1 6 1 3 2 5 -1 -1 -1 -1 -1 -1 386760 1 15 19 19 21 2 6 2 5
0 0 0 1 1 6 1 1 6 1 3 2 5 -1 -1 -1 -1 -1 -1 387260 0 15 19 19 21 2 6 2 5
0 0 0 1 1 7 1 1 6 1 3 2 5 5 4 5 0 1 1 387726 0 15 19 19 21 2 4 2 5
0 0 0 1 1 6 1 1 6 1 3 2 5 -1 -1 -1 -1 -1 -1 388193 0 15 19 19 21 2 4 2 5
0 0 0 1 1 6 4 1 6 1 3 2 5 -1 -1 -1 -1 -1 -1 388693 1 15 19 19 21 2 4 2 5
0 0 0 1 1 6 1 1 6 1 3 2 5 -1 -1 -1 -1 -1 -1 389159 0 15 19 19 21 2 4 2 5
0 0 0 1 1 7 1 1 6 1 3 2 5 5 4 8 3 1 1 389626 0 15 19 19 21 2 6 2 5
0 0 0 1 1 6 1 1 6 1 3 2 5 -1 -1 -1 -1 -1 -1 390093 0 15 19 19 21 2 6 2 5
0 0 0 1 4 6 1 1 6 1 3 2 5 -1 -1 -1 -1 -1 -1 390592 1 15 19 19 21 2 6 2 5
0 0 0 1 1 6 1 1 6 1 3 2 5 -1 -1 -1 -1 -1 -1 391059 0 15 19 19 21 2 6 2 5
0 0 0 1 3 6 1 1 6 1 3 2 5 4 4 6 1 0 0 391525 0 15 19 19 21 2 8 0 5
0 0 0 1 1 6 1 1 6 1 3 2 5 -1 -1 -1 -1 -1 -1 392025 0 15 19 19 21 2 8 0 5
0 0 0 1 1 6 1 4 6 1 3 2 5 -1 -1 -1 -1 -1 -1 392492 1 15 19 19 21 2 8 0 5
0 0 0 1 1 6 1 1 6 1 3 2 5 -1 -1 -1 -1 -1 -1 392958 0 15 19 19 21 2 8 0 5
0 0 0 3 1 6 1 1 6 1 3 2 5 3 4 8 3 0 0 393425 0 15 19 19 21 2 5 2 5
0 0 0 1 1 6 1 1 6 1 3 2 5 -1 -1 -1 -1 -1 -1 393925 0 15 19 19 21 2 5 2 5
0 0 0 1 4 6 1 1 6 1 3 2 5 -1 -1 -1 -1 -1 -1 394391 1 15 19 19 21 2 5 2 5
0 0 0 1 6 1 1 1 6 1 3 2 4 -1 -1 -1 -1 -1 -1 394858 0 15 19 19 21 2 5 2 5
0 0 0 1 6 3 1 1 6 1 3 2 4 5 4 6 1 0 0 395358 0 15 19 19 21 2 4 2 5
0 0 0 1 6 1 1 1 6 1 3 2 4 -1 -1 -1 -1 -1 -1 395824 0 15 19 19 21 2 4 2 5
0 0 0 1 6 1 1 4 6 1 3 2 4 -1 -1 -1 -1 -1 -1 396291 1 15 19 19 21 2 4 2 5
0 0 0 1 6 1 1 1 6 1 3 2 4 -1 -1 -1 -1 -1 -1 396758 0 15 19 19 21 2 4 2 5
0 0 0 1 8 1 1 1 6 1 3 2 4 4 4 8 3 0 1 397257 0 15 19 19 21 2 6 2 5
0 0 0 1 6 1 1 1 6 1 3 2 4 -1 -1 -1 -1 -1 -1 397757 0 15 19 18 19 2 6 2 5
0 0 0 1 6 1 1 4 6 1 3 2 4 -1 -1 -1 -1 -1 -1 398291 1 15 19 18 19 2 6 2 5
0 0 0 6 1 1 1 1 6 1 3 2 3 -1 -1 -1 -1 -1 -1 398824 0 15 19 18 19 2 6 2 5
0 0 0 7 1 1 1 1 6 1 3 2 3 3 4 8 3 1 1 399357 0 15 19 18 19 2 4 2 5
0 0 0 6 1 1 1 1 6 1 3 2 3 -1 -1 -1 -1 -1 -1 399857 0 15 19 18 19 2 4 2 5
0 0 0 1 6 1 4 1 6 1 3 2 4 -1 -1 -1 -1 -1 -1 400390 1 15 19 18 19 2 4 2 5
0 0 0 1 1 6 1 1 6 1 3 2 5 -1 -1 -1 -1 -1 -1 400923 0 15 19 18 19 2 4 2 5
0 0 0 1 3 6 1 1 6 1 3 2 5 4 4 5 0 0 0 401456 0 15 19 18 19 2 6 2 5
0 0 0 1 1 6 1 1 6 1 3 2 5 -1 -1 -1 -1 -1 -1 401956 0 15 19 18 19 2 6 2 5
0 0 0 1 6 1 4 1 6 1 3 2 4 -1 -1 -1 -1 -1 -1 402489 1 15 19 18 19 2 6 2 5
0 0 0 1 6 1 1 1 6 1 3 2 4 -1 -1 -1 -1 -1 -1 403023 0 15 19 18 19 2 6 2 5
0 0 0 3 6 1 1 1 6 1 3 2 4 3 4 6 1 0 0 403556 0 15 19 18 19 2 4 2 5
0 0 0 1 6 1 1 1 6 1 3 2 4 -1 -1 -1 -1 -1 -1 404089 0 15 19 18 19 2 4 2 5
0 0 0 1 6 4 1 1 6 1 3 2 4 -1 -1 -1 -1 -1 -1 404589 1 15 19 18 19 2 4 2 5
0 0 0 1 6 1 1 1 6 1 3 2 4 -1 -1 -1 -1 -1 -1 405122 0 15 19 18 19 2 4 2 5
0 0 0 1 3 6 1 1 6 1 3 2 5 4 4 5 0 0 0 405655 0 15 19 18 19 2 6 2 5
0 0 0 1 1 6 1 1 6 1 3 2 5 -1 -1 -1 -1 -1 -1 406189 0 15 19 18 19 2 6 2 5
0 0 0 1 1 6 1 4 6 1 3 2 5 -1 -1 -1 -1 -1 -1 406722 1 15 19 18 19 2 6 2 5
0 0 0 1 1 6 1 1 6 1 3 2 5 -1 -1 -1 -1 -1 -1 407222 0 15 19 18 19 2 6 2 5
0 0 0 1 1 6 3 1 6 1 3 2 5 6 4 7 2 0 0 407755 0 15 19 18 19 2 8 0 5
0 0 0 1 1 1 6 1 6 1 3 2 6 -1 -1 -1 -1 -1 -1 408288 0 15 19 18 19 2 8 0 5
0 0 0 1 1 4 6 1 6 1 3 2 6 -1 -1 -1 -1 -1 -1 408821 1 15 19 18 19 2 8 0 5
0 0 0 1 1 6 1 1 6 1 3 2 5 -1 -1 -1 -1 -1 -1 409321 0 15 19 18 19 2 8 0 5
0 0 0 1 1 6 3 1 6 1 3 2 5 6 4 8 3 0 0 409854 0 15 19 18 19 2 5 2 5
0 0 0 1 1 1 6 1 6 1 3 2 6 -1 -1 -1 -1 -1 -1 410388 0 15 19 18 19 2 5 2 5
0 0 0 1 1 4 6 1 6 1 3 2 6 -1 -1 -1 -1 -1 -1 410921 1 15 19 18 19 2 5 2 5
0 0 0 1 1 6 1 1 6 1 3 2 5 -1 -1 -1 -1 -1 -1 411454 0 15 19 18 19 2 5 2 5
0 0 0 1 1 6 3 1 6 1 3 2 5 6 4 7 2 0 0 411954 0 15 19 18 19 2 4 2 5
0 0 0 1 1 6 1 1 6 1 3 2 5 -1 -1 -1 -1 -1 -1 412487 0 15 19 18 19 2 4 2 5
0 0 0 1 1 6 4 1 6 1 3 2 5 -1 -1 -1 -1 -1 -1 413020 1 15 19 18 19 2 4 2 5
0 0 0 1 6 1 1 1 6 1 3 2 4 -1 -1 -1 -1 -1 -1 413553 0 15 19 18 19 2 4 2 5
0 0 0 1 7 1 1 1 6 1 3 2 4 4 4 7 2 1 1 414087 0 15 19 18 19 2 6 2 5
0 0 0 1 6 1 1 1 6 1 3 2 4 -1 -1 -1 -1 -1 -1 414553 0 15 19 19 21 2 6 2 5
0 0 0 1 1 6 1 4 6 1 3 2 5 -1 -1 -1 -1 -1 -1 415020 1 15 19 19 21 2 6 2 5
0 0 0 6 1 1 1 1 6 1 3 2 3 -1 -1 -1 -1 -1 -1 415520 0 15 19 19 21 2 6 2 5
0 0 0 7 1 1 1 1 6 1 3 2 3 3 4 8 3 1 1 415986 0 15 19 19 21 2 4 2 5
0 0 0 6 1 1 1 1 6 1 3 2 3 -1 -1 -1 -1 -1 -1 416453 0 15 19 19 21 2 4 2 5
0 0 0 1 6 1 1 4 6 1 3 2 4 -1 -1 -1 -1 -1 -1 416953 1 15 19 19 21 2 4 2 5
0 0 0 1 6 1 1 1 6 1 3 2 4 -1 -1 -1 -1 -1 -1 417419 0 15 19 19 21 2 4 2 5
0 0 0 1 6 3 1 1 6 1 3 2 4 5 4 5 0 0 0 417886 0 15 19 19 21 2 6 2 5
0 0 0 1 1 6 1 1 6 1 3 2 5 -1 -1 -1 -1 -1 -1 418352 0 15 19 19 21 2 6 2 5
0 0 0 1 4 6 1 1 6 1 3 2 5 -1 -1 -1 -1 -1 -1 418852 1 15 19 19 21 2 6 2 5
0 0 0 1 1 6 1 1 6 1 3 2 5 -1 -1 -1 -1 -1 -1 419319 0 15 19 19 21 2 6 2 5
0 0 0 1 3 6 1 1 6 1 3 2 5 4 4 8 3 0 0 419785 0 15 19 19 21 2 4 2 5
0 0 0 1 1 6 1 1 6 1 3 2 5 -1 -1 -1 -1 -1 -1 420252 0 15 19 19 21 2 4 2 5
0 0 0 1 4 6 1 1 6 1 3 2 5 -1 -1 -1 -1 -1 -1 420752 1 15 19 19 21 2 4 2 5
0 0 0 1 1 6 1 1 6 1 3 2 5 -1 -1 -1 -1 -1 -1 421218 0 15 19 19 21 2 4 2 5
0 0 0 1 3 6 1 1 6 1 3 2 5 4 4 6 1 0 0 421685 0 15 19 19 21 2 6 2 5
0 0 0 1 1 6 1 1 6 1 3 2 5 -1 -1 -1 -1 -1 -1 422185 0 15 19 19 21 2 6 2 5
0 0 0 4 1 6 1 1 6 1 3 2 5 -1 -1 -1 -1 -1 -1 422651 1 15 19 19 21 2 6 2 5
0 0 0 1 1 6 1 1 6 1 3 2 5 -1 -1 -1 -1 -1 -1 423118 0 15 19 19 21 2 6 2 5
0 0 0 3 1 6 1 1 6 1 3 2 5 3 4 8 3 0 0 423584 0 15 19 19 21 2 8 0 5
0 0 0 1 1 6 1 1 6 1 3 2 5 -1 -1 -1 -1 -1 -1 424084 0 15 19 19 21 2 8 0 5
0 0 0 4 1 6 1 1 6 1 3 2 5 -1 -1 -1 -1 -1 -1 424551 1 15 19 19 21 2 8 0 5
0 0 0 1 1 6 1 1 6 1 3 2 5 -1 -1 -1 -1 -1 -1 425017 0 15 19 19 21 2 8 0 5
0 0 0 2 1 8 1 1 6 1 3 2 5 3 4 8 3 1 0 425517 0 15 19 19 21 2 5 2 5
0 0 0 1 1 6 1 1 6 1 3 2 5 -1 -1 -1 -1 -1 -1 426017 0 15 19 18 19 2 5 2 5
0 0 0 1 4 6 1 1 6 1 3 2 5 -1 -1 -1 -1 -1 -1 426550 1 15 19 18 19 2 5 2 5
0 0 0 1 1 6 1 1 6 1 3 2 5 -1 -1 -1 -1 -1 -1 427083 0 15 19 18 19 2 5 2 5
0 0 0 1 6 3 1 1 6 1 3 2 4 5 4 7 2 0 0 427583 0 15 19 18 19 2 4 2 5
0 0 0 1 1 6 1 1 6 1 3 2 5 -1 -1 -1 -1 -1 -1 428117 0 15 19 18 19 2 4 2 5
0 0 0 4 1 6 1 1 6 1 3 2 5 -1 -1 -1 -1 -1 -1 428650 1 15 19 18 19 2 4 2 5
0 0 0 6 1 1 1 1 6 1 3 2 3 -1 -1 -1 -1 -1 -1 429183 0 15 19 18 19 2 4 2 5
0 0 0 7 1 1 1 1 6 1 3 2 3 3 4 8 3 1 1 429716 0 15 19 18 19 2 6 2 5
0 0 0 6 1 1 1 1 6 1 3 2 3 -1 -1 -1 -1 -1 -1 430216 0 15 19 18 19 2 6 2 5
0 0 0 1 6 1 1 4 6 1 3 2 4 -1 -1 -1 -1 -1 -1 430749 1 15 19 18 19 2 6 2 5
0 0 0 1 6 1 1 1 6 1 3 2 4 -1 -1 -1 -1 -1 -1 431282 0 15 19 18 19 2 6 2 5
0 0 0 1 8 1 1 1 6 1 3 2 4 4 4 7 2 0 1 431816 0 15 19 18 19 2 4 2 5
0 0 0 1 6 1 1 1 6 1 3 2 4 -1 -1 -1 -1 -1 -1 432416 0 15 19 17 16 2 4 2 5
0 0 0 1 6 1 1 4 6 1 3 2 4 -1 -1 -1 -1 -1 -1 433049 1 15 19 17 16 2 4 2 5
0 0 0 1 6 1 1 1 6 1 3 2 4 -1 -1 -1 -1 -1 -1 433649 0 15 19 17 16 2 4 2 5
0 0 0 1 7 1 1 1 6 1 3 2 4 4 4 7 2 1 1 434282 0 15 19 17 16 2 6 2 5
0 0 0 1 6 1 1 1 6 1 3 2 4 -1 -1 -1 -1 -1 -1 434915 0 15 19 17 16 2 6 2 5
0 0 0 1 6 1 1 4 6 1 3 2 4 -1 -1 -1 -1 -1 -1 435548 1 15 19 17 16 2 6 2 5
0 0 0 1 6 1 1 1 6 1 3 2 4 -1 -1 -1 -1 -1 -1 436148 0 15 19 17 16 2 6 2 5
0 0 0 1 6 3 1 1 6 1 3 2 4 5 4 5 0 0 0 436781 0 15 19 17 16 2 4 2 5
0 0 0 1 1 6 1 1 6 1 3 2 5 -1 -1 -1 -1 -1 -1 437414 0 15 19 17 16 2 4 2 5
0 0 0 1 4 6 1 1 6 1 3 2 5 -1 -1 -1 -1 -1 -1 438047 1 15 19 17 16 2 4 2 5
0 0 0 1 1 6 1 1 6 1 3 2 5 -1 -1 -1 -1 -1 -1 438647 0 15 19 17 16 2 4 2 5
0 0 0 1 1 6 3 1 6 1 3 2 5 6 4 6 1 0 0 439280 0 15 19 17 16 2 6 2 5
0 0 0 1 1 6 1 1 6 1 3 2 5 -1 -1 -1 -1 -1 -1 439914 0 15 19 17 16 2 6 2 5
0 0 0 4 1 1 6 1 6 1 3 2 6 -1 -1 -1 -1 -1 -1 440547 1 15 19 17 16 2 6 2 5
0 0 0 1 1 1 6 1 6 1 3 2 6 -1 -1 -1 -1 -1 -1 441147 0 15 19 17 16 2 6 2 5
0 0 0 1 1 1 7 1 6 1 3 2 6 6 4 7 2 1 1 441780 0 15 19 17 16 2 8 0 5
0 0 0 1 1 6 1 1 7 2 3 2 5 -1 -1 -1 -1 -1 -1 448545 0 15 19 17 60 2 8 0 5
0 0 0 1 1 6 1 1 7 2 3 2 5 -1 -1 -1 -1 -1 -1 448712 0 15 19 17 60 2 8 0 5
0 0 0 1 1 6 1 1 7 2 3 2 5 -1 -1 -1 -1 -1 -1 448878 0 15 19 17 60 2 6 2 5
0 0 0 1 1 6 1 1 7 2 3 2 5 -1 -1 -1 -1 -1 -1 449045 0 15 19 17 51.2 2 6 2 5
0 0 0 1 1 6 1 1 7 2 3 2 5 -1 -1 -1 -1 -1 -1 449311 0 15 19 17 27.7333 2 6 2 5
0 0 0 1 1 6 1 1 7 2 3 2 5 -1 -1 -1 -1 -1 -1 449878 0 15 19 17 16 2 6 2 5
0 0 0 1 1 6 1 1 7 2 3 2 5 -1 -1 -1 -1 -1 -1 450511 0 15 19 17 16 2 5 2 5
0 0 0 1 1 6 1 1 7 2 3 2 5 -1 -1 -1 -1 -1 -1 451144 0 15 19 17 16 2 5 2 5
0 0 0 1 1 6 1 1 7 2 3 2 5 -1 -1 -1 -1 -1 -1 451744 0 15 19 17 16 2 5 2 5
0 0 0 1 1 6 1 1 7 2 3 2 5 -1 -1 -1 -1 -1 -1 452377 0 15 19 17 16 2 5 2 5
0 0 0 3 1 6 1 1 7 2 3 2 5 3 5 4 1 0 0 453010 0 15 19 17 16 2 5 2 5
0 0 0 1 1 6 1 1 7 2 3 2 5 -1 -1 -1 -1 -1 -1 453644 0 15 19 17 16 2 5 2 5
0 0 0 1 1 6 4 1 7 2 3 2 5 -1 -1 -1 -1 -1 -1 454244 1 15 19 17 16 2 5 2 5
0 0 0 1 1 6 1 1 7 2 3 2 5 -1 -1 -1 -1 -1 -1 454877 0 15 19 17 16 2 5 2 5
0 0 0 3 1 6 1 1 7 2 3 2 5 3 5 4 3 0 0 455510 0 15 19 17 16 2 6 2 5
0 0 0 1 1 6 1 1 7 2 3 2 5 -1 -1 -1 -1 -1 -1 456143 0 15 19 17 16 2 6 2 5
0 0 0 1 1 6 4 1 7 2 3 2 5 -1 -1 -1 -1 -1 -1 456743 1 15 19 17 16 2 6 2 5
0 0 0 1 1 6 1 1 7 2 3 2 5 -1 -1 -1 -1 -1 -1 457376 0 15 19 17 16 2 6 2 5
0 0 0 1 3 6 1 1 7 2 3 2 5 4 5 4 2 0 0 458009 0 15 19 17 16 2 5 2 5
0 0 0 1 1 6 1 1 7 2 3 2 5 -1 -1 -1 -1 -1 -1 458642 0 15 19 17 16 2 5 2 5
0 0 0 1 6 1 1 4 7 2 3 2 4 -1 -1 -1 -1 -1 -1 459242 1 15 19 17 16 2 5 2 5
0 0 0 1 1 6 1 1 7 2 3 2 5 -1 -1 -1 -1 -1 -1 459875 0 15 19 17 16 2 5 2 5
0 0 0 3 1 6 1 1 7 2 3 2 5 3 5 4 0 0 0 460509 0 15 19 17 16 2 6 2 5
0 0 0 1 1 6 1 1 7 2 3 2 5 -1 -1 -1 -1 -1 -1 461142 0 15 19 17 16 2 6 2 5
0 0 0 1 1 6 1 4 7 2 3 2 5 -1 -1 -1 -1 -1 -1 461742 1 15 19 17 16 2 6 2 5
0 0 0 1 1 6 1 1 7 2 3 2 5 -1 -1 -1 -1 -1 -1 462375 0 15 19 17 16 2 6 2 5
0 0 0 1 3 6 1 1 7 2 3 2 5 4 5 4 2 0 0 463008 0 15 19 17 16 2 4 2 5
0 0 0 1 1 6 1 1 7 2 3 2 5 -1 -1 -1 -1 -1 -1 463641 0 15 19 17 16 2 4 2 5
0 0 0 1 4 6 1 1 7 2 3 2 5 -1 -1 -1 -1 -1 -1 464241 1 15 19 17 16 2 4 2 5
0 0 0 6 1 1 1 1 7 2 3 2 3 -1 -1 -1 -1 -1 -1 464874 0 15 19 17 16 2 4 2 5
0 0 0 7 1 1 1 1 7 2 3 2 3 3 5 4 2 1 1 465507 0 15 19 17 16 2 8 0 5
0 0 0 1 6 1 1 1 7 2 3 2 4 -1 -1 -1 -1 -1 -1 466141 0 15 19 17 16 2 8 0 5
0 0 0 1 6 1 4 1 7 2 3 2 4 -1 -1 -1 -1 -1 -1 466740 1 15 19 17 16 2 8 0 5
0 0 0 1 6 1 1 1 7 2 3 2 4 -1 -1 -1 -1 -1 -1 467374 0 15 19 17 16 2 8 0 5
0 0 0 1 8 1 1 1 7 2 3 2 4 4 5 4 3 0 1 468007 0 15 19 17 16 2 6 2 5
0 0 0 1 1 6 1 1 7 2 3 2 5 -1 -1 -1 -1 -1 -1 468740 0 15 19 16 13 2 6 2 5
0 0 0 1 4 6 1 1 7 2 3 2 5 -1 -1 -1 -1 -1 -1 469506 1 15 19 16 13 2 6 2 5
0 0 0 1 1 6 1 1 7 2 3 2 5 -1 -1 -1 -1 -1 -1 470273 0 15 19 16 13 2 6 2 5
0 0 0 1 3 6 1 1 7 2 3 2 5 4 5 4 1 0 0 471039 0 15 19 16 13 2 5 2 5
0 0 0 1 6 1 1 1 7 2 3 2 4 -1 -1 -1 -1 -1 -1 471806 0 15 19 16 13 2 5 2 5
0 0 0 1 6 4 1 1 7 2 3 2 4 -1 -1 -1 -1 -1 -1 472572 1 15 19 16 13 2 5 2 5
0 0 0 1 1 6 1 1 7 2 3 2 5 -1 -1 -1 -1 -1 -1 473339 0 15 19 16 13 2 5 2 5
0 0 0 1 1 6 3 1 7 2 3 2 5 6 5 4 0 0 0 474105 0 15 19 16 13 2 5 2 5
0 0 0 1 1 6 1 1 7 2 3 2 5 -1 -1 -1 -1 -1 -1 474905 0 15 19 16 13 2 5 2 5
0 0 0 1 4 6 1 1 7 2 3 2 5 -1 -1 -1 -1 -1 -1 475672 1 15 19 16 13 2 5 2 5
0 0 0 1 1 6 1 1 7 2 3 2 5 -1 -1 -1 -1 -1 -1 476438 0 15 19 16 13 2 5 2 5
0 0 0 1 1 8 1 1 7 2 3 2 5 5 5 4 2 0 1 477205 0 15 19 16 13 2 6 2 5
0 0 0 1 1 6 1 1 7 2 3 2 5 -1 -1 -1 -1 -1 -1 478171 0 15 19 15 10 2 6 2 5
0 0 0 1 1 6 4 1 7 2 3 2 5 -1 -1 -1 -1 -1 -1 479171 1 15 19 15 10 2 6 2 5
0 0 0 1 1 1 6 1 7 2 3 2 6 -1 -1 -1 -1 -1 -1 480171 0 15 19 15 10 2 6 2 5
0 0 0 1 1 1 1 8 7 2 3 2 7 7 5 4 0 0 1 481170 0 15 19 15 10 2 5 2 5
0 0 0 1 1 1 6 1 7 2 3 2 6 -1 -1 -1 -1 -1 -1 482170 0 15 19 15 10 2 5 2 5
0 0 0 1 4 6 1 1 7 2 3 2 5 -1 -1 -1 -1 -1 -1 483170 1 15 19 15 10 2 5 2 5
0 0 0 1 1 6 1 1 7 2 3 2 5 -1 -1 -1 -1 -1 -1 484170 0 15 19 15 10 2 5 2 5
0 0 0 1 1 7 1 1 7 2 3 2 5 5 5 4 0 1 1 485169 0 15 19 15 10 2 6 2 5
0 0 0 1 1 6 1 1 7 2 3 2 5 -1 -1 -1 -1 -1 -1 486169 0 15 19 15 10 2 6 2 5
0 0 0 1 4 6 1 1 7 2 3 2 5 -1 -1 -1 -1 -1 -1 487169 1 15 19 15 10 2 6 2 5
0 0 0 1 6 1 1 1 7 2 3 2 4 -1 -1 -1 -1 -1 -1 488169 0 15 19 15 10 2 6 2 5
0 0 0 1 7 1 1 1 7 2 3 2 4 4 5 4 2 1 1 489168 0 15 19 15 10 2 4 2 5
0 0 0 1 1 6 1 1 7 2 3 2 5 -1 -1 -1 -1 -1 -1 489968 0 15 19 16 13 2 4 2 5
0 0 0 1 4 6 1 1 7 2 3 2 5 -1 -1 -1 -1 -1 -1 490735 1 15 19 16 13 2 4 2 5
0 0 0 1 6 1 1 1 7 2 3 2 4 -1 -1 -1 -1 -1 -1 491501 0 15 19 16 13 2 4 2 5
0 0 0 1 6 3 1 1 7 2 3 2 4 5 5 4 3 0 0 492268 0 15 19 16 13 2 8 0 5
0 0 0 1 1 6 1 1 7 2 3 2 5 -1 -1 -1 -1 -1 -1 493034 0 15 19 16 13 2 8 0 5
0 0 0 1 4 6 1 1 7 2 3 2 5 -1 -1 -1 -1 -1 -1 493801 1 15 19 16 13 2 8 0 5
0 0 0 1 6 1 1 1 7 2 3 2 4 -1 -1 -1 -1 -1 -1 494567 0 15 19 16 13 2 8 0 5
0 0 0 3 6 1 1 1 7 2 3 2 4 3 5 4 1 0 0 495333 0 15 19 16 13 2 6 2 5
0 0 0 1 6 1 1 1 7 2 3 2 4 -1 -1 -1 -1 -1 -1 496133 0 15 19 16 13 2 6 2 5
0 0 0 6 1 1 4 1 7 2 3 2 3 -1 -1 -1 -1 -1 -1 496900 1 15 19 16 13 2 6 2 5
0 0 0 6 1 1 1 1 7 2 3 2 3 -1 -1 -1 -1 -1 -1 497666 0 15 19 16 13 2 6 2 5
0 0 0 7 1 1 1 1 7 2 3 2 3 3 5 4 2 1 1 498433 0 15 19 16 13 2 5 2 5
0 0 0 1 6 1 1 1 7 2 3 2 4 -1 -1 -1 -1 -1 -1 499199 0 15 19 16 13 2 5 2 5
0 0 0 1 6 1 4 1 7 2 3 2 4 -1 -1 -1 -1 -1 -1 499966 1 15 19 16 13 2 5 2 5
0 0 0 1 6 1 1 1 7 2 3 2 4 -1 -1 -1 -1 -1 -1 500732 0 15 19 16 13 2 5 2 5
0 0 0 1 8 1 1 1 7 2 3 2 4 4 5 4 0 0 1 501499 0 15 19 16 13 2 5 2 5
0 0 0 1 1 6 1 1 7 2 3 2 5 -1 -1 -1 -1 -1 -1 502465 0 15 19 15 10 2 5 2 5
0 0 0 1 4 6 1 1 7 2 3 2 5 -1 -1 -1 -1 -1 -1 503465 1 15 19 15 10 2 5 2 5
0 0 0 1 6 1 1 1 7 2 3 2 4 -1 -1 -1 -1 -1 -1 504465 0 15 19 15 10 2 5 2 5
0 0 0 1 6 3 1 1 7 2 3 2 4 5 5 4 3 0 0 505464 0 15 19 15 10 2 6 2 5
0 0 0 1 6 1 1 1 7 2 3 2 4 -1 -1 -1 -1 -1 -1 506464 0 15 19 15 10 2 6 2 5
0 0 0 1 1 6 4 1 7 2 3 2 5 -1 -1 -1 -1 -1 -1 507464 1 15 19 15 10 2 6 2 5
0 0 0 1 1 6 1 1 7 2 3 2 5 -1 -1 -1 -1 -1 -1 508464 0 15 19 15 10 2 6 2 5
0 0 0 1 1 7 1 1 7 2 3 2 5 5 5 4 2 1 1 509463 0 15 19 15 10 2 5 2 5
0 0 0 1 1 6 1 1 7 2 3 2 5 -1 -1 -1 -1 -1 -1 510463 0 15 19 15 10 2 5 2 5
0 0 0 4 1 6 1 1 7 2 3 2 5 -1 -1 -1 -1 -1 -1 511463 1 15 19 15 10 2 5 2 5
0 0 0 1 1 6 1 1 7 2 3 2 5 -1 -1 -1 -1 -1 -1 512463 0 15 19 15 10 2 5 2 5
0 0 0 1 3 6 1 1 7 2 3 2 5 4 5 4 1 0 0 513462 0 15 19 15 10 2 6 2 5
0 0 0 1 1 6 1 1 7 2 3 2 5 -1 -1 -1 -1 -1 -1 514462 0 15 19 15 10 2 6 2 5
0 0 0 1 1 6 1 4 7 2 3 2 5 -1 -1 -1 -1 -1 -1 515462 1 15 19 15 10 2 6 2 5
0 0 0 1 1 6 1 1 7 2 3 2 5 -1 -1 -1 -1 -1 -1 516462 0 15 19 15 10 2 6 2 5
0 0 0 1 1 6 3 1 7 2 3 2 5 6 5 4 0 0 0 517461 0 15 19 15 10 2 4 2 5
0 0 0 1 1 6 1 1 7 2 3 2 5 -1 -1 -1 -1 -1 -1 518461 0 15 19 15 10 2 4 2 5
0 0 0 1 1 1 6 4 7 2 3 2 6 -1 -1 -1 -1 -1 -1 519461 1 15 19 15 10 2 4 2 5
0 0 0 1 1 1 1 6 7 2 3 2 7 -1 -1 -1 -1 -1 -1 520461 0 15 19 15 10 2 4 2 5
0 0 0 1 1 1 1 7 7 2 3 2 7 7 5 4 2 1 1 521460 0 15 19 15 10 2 8 0 5
0 0 0 1 1 1 6 1 7 2 3 2 6 -1 -1 -1 -1 -1 -1 522260 0 15 19 16 13 2 8 0 5
0 0 0 1 1 1 6 4 7 2 3 2 6 -1 -1 -1 -1 -1 -1 523027 1 15 19 16 13 2 8 0 5
0 0 0 1 1 1 6 1 7 2 3 2 6 -1 -1 -1 -1 -1 -1 523793 0 15 19 16 13 2 8 0 5
0 0 0 1 1 3 6 1 7 2 3 2 6 5 5 4 0 0 0 524593 0 15 19 16 13 2 6 2 5
0 0 0 1 1 6 1 1 7 2 3 2 5 -1 -1 -1 -1 -1 -1 525360 0 15 19 16 13 2 6 2 5
0 0 0 1 1 6 4 1 7 2 3 2 5 -1 -1 -1 -1 -1 -1 526126 1 15 19 16 13 2 6 2 5
0 0 0 1 1 6 1 1 7 2 3 2 5 -1 -1 -1 -1 -1 -1 526892 0 15 19 16 13 2 6 2 5
0 0 0 1 1 6 3 1 7 2 3 2 5 6 5 4 2 0 0 527659 0 15 19 16 13 2 5 2 5
0 0 0 1 1 6 1 1 7 2 3 2 5 -1 -1 -1 -1 -1 -1 528425 0 15 19 16 13 2 5 2 5
0 0 0 1 1 6 4 1 7 2 3 2 5 -1 -1 -1 -1 -1 -1 529192 1 15 19 16 13 2 5 2 5
0 0 0 1 1 1 1 6 7 2 3 2 7 -1 -1 -1 -1 -1 -1 529958 0 15 19 16 13 2 5 2 5
0 0 0 1 1 1 1 7 7 2 3 2 7 7 5 4 2 1 1 530725 0 15 19 16 13 2 5 2 5
0 0 0 1 1 1 6 1 7 2 3 2 6 -1 -1 -1 -1 -1 -1 531491 0 15 19 16 13 2 5 2 5
0 0 0 1 4 1 6 1 7 2 3 2 6 -1 -1 -1 -1 -1 -1 532258 1 15 19 16 13 2 5 2 5
0 0 0 1 1 1 6 1 7 2 3 2 6 -1 -1 -1 -1 -1 -1 533024 0 15 19 16 13 2 5 2 5
0 0 0 1 1 1 7 1 7 2 3 2 6 6 5 4 0 1 1 533791 0 15 19 16 13 2 6 2 5
0 0 0 1 1 1 6 1 7 2 3 2 6 -1 -1 -1 -1 -1 -1 534457 0 15 19 17 16 2 6 2 5
0 0 0 1 1 4 6 1 7 2 3 2 6 -1 -1 -1 -1 -1 -1 535057 1 15 19 17 16 2 6 2 5
0 0 0 1 1 6 1 1 7 2 3 2 5 -1 -1 -1 -1 -1 -1 535690 0 15 19 17 16 2 6 2 5
0 0 0 1 3 6 1 1 7 2 3 2 5 4 5 4 3 0 0 536324 0 15 19 17 16 2 5 2 5
0 0 0 1 6 1 1 1 7 2 3 2 4 -1 -1 -1 -1 -1 -1 536957 0 15 19 17 16 2 5 2 5
0 0 0 1 6 4 1 1 7 2 3 2 4 -1 -1 -1 -1 -1 -1 537557 1 15 19 17 16 2 5 2 5
0 0 0 1 6 1 1 1 7 2 3 2 4 -1 -1 -1 -1 -1 -1 538190 0 15 19 17 16 2 5 2 5
0 0 0 1 6 3 1 1 7 2 3 2 4 5 5 4 3 0 0 538823 0 15 19 17 16 2 6 2 5
0 0 0 1 6 1 1 1 7 2 3 2 4 -1 -1 -1 -1 -1 -1 539456 0 15 19 17 16 2 6 2 5
0 0 0 1 6 4 1 1 7 2 3 2 4 -1 -1 -1 -1 -1 -1 540056 1 15 19 17 16 2 6 2 5
0 0 0 1 1 6 1 1 7 2 3 2 5 -1 -1 -1 -1 -1 -1 540689 0 15 19 17 16 2 6 2 5
0 0 0 1 1 7 1 1 7 2 3 2 5 5 5 4 0 1 1 541322 0 15 19 17 16 2 4 2 5
0 0 0 1 1 6 1 1 7 2 3 2 5 -1 -1 -1 -1 -1 -1 541955 0 15 19 17 16 2 4 2 5
0 0 0 1 4 6 1 1 7 2 3 2 5 -1 -1 -1 -1 -1 -1 542555 1 15 19 17 16 2 4 2 5
0 0 0 6 1 1 1 1 7 2 3 2 3 -1 -1 -1 -1 -1 -1 543188 0 15 19 17 16 2 4 2 5
0 0 0 7 1 1 1 1 7 2 3 2 3 3 5 4 3 1 1 543822 0 15 19 17 16 2 8 0 5
0 0 0 6 1 1 1 1 7 2 3 2 3 -1 -1 -1 -1 -1 -1 544355 0 15 19 18 19 2 8 0 5
0 0 0 1 6 1 1 4 7 2 3 2 4 -1 -1 -1 -1 -1 -1 544888 1 15 19 18 19 2 8 0 5
0 0 0 1 6 1 1 1 7 2 3 2 4 -1 -1 -1 -1 -1 -1 545421 0 15 19 18 19 2 8 0 5
0 0 0 1 6 3 1 1 7 2 3 2 4 5 5 4 2 0 0 545954 0 15 19 18 19 2 6 2 5
0 0 0 1 1 6 1 1 7 2 3 2 5 -1 -1 -1 -1 -1 -1 546454 0 15 19 18 19 2 6 2 5
0 0 0 4 1 6 1 1 7 2 3 2 5 -1 -1 -1 -1 -1 -1 546988 1 15 19 18 19 2 6 2 5
0 0 0 1 1 6 1 1 7 2 3 2 5 -1 -1 -1 -1 -1 -1 547521 0 15 19 18 19 2 6 2 5
0 0 0 1 1 6 3 1 7 2 3 2 5 6 5 4 3 0 0 548054 0 15 19 18 19 2 5 2 5
0 0 0 1 1 6 1 1 7 2 3 2 5 -1 -1 -1 -1 -1 -1 548587 0 15 19 18 19 2 5 2 5
0 0 0 1 1 6 1 4 7 2 3 2 5 -1 -1 -1 -1 -1 -1 549087 1 15 19 18 19 2 5 2 5
0 0 0 1 1 6 1 1 7 2 3 2 5 -1 -1 -1 -1 -1 -1 549620 0 15 19 18 19 2 5 2 5
0 0 0 1 1 6 3 1 7 2 3 2 5 6 5 4 0 0 0 550153 0 15 19 18 19 2 5 2 5
0 0 0 1 1 6 1 1 7 2 3 2 5 -1 -1 -1 -1 -1 -1 550687 0 15 19 18 19 2 5 2 5
0 0 0 1 4 6 1 1 7 2 3 2 5 -1 -1 -1 -1 -1 -1 551220 1 15 19 18 19 2 5 2 5
0 0 0 1 6 1 1 1 7 2 3 2 4 -1 -1 -1 -1 -1 -1 551720 0 15 19 18 19 2 5 2 5
0 0 0 1 6 3 1 1 7 2 3 2 4 5 5 4 3 0 0 552253 0 15 19 18 19 2 6 2 5
0 0 0 1 1 6 1 1 7 2 3 2 5 -1 -1 -1 -1 -1 -1 552786 0 15 19 18 19 2 6 2 5
0 0 0 1 4 6 1 1 7 2 3 2 5 -1 -1 -1 -1 -1 -1 553319 1 15 19 18 19 2 6 2 5
0 0 0 1 1 6 1 1 7 2 3 2 5 -1 -1 -1 -1 -1 -1 553819 0 15 19 18 19 2 6 2 5
0 0 0 1 1 6 1 3 7 2 3 2 5 7 5 4 1 0 0 554352 0 15 19 18 19 2 5 2 5
0 0 0 1 1 6 1 1 7 2 3 2 5 -1 -1 -1 -1 -1 -1 554886 0 15 19 18 19 2 5 2 5
0 0 0 4 1 6 1 1 7 2 3 2 5 -1 -1 -1 -1 -1 -1 555419 1 15 19 18 19 2 5 2 5
0 0 0 1 1 6 1 1 7 2 3 2 5 -1 -1 -1 -1 -1 -1 555952 0 15 19 18 19 2 5 2 5
0 0 0 1 1 7 1 1 7 2 3 2 5 5 5 4 0 1 1 556452 0 15 19 18 19 2 6 2 5
0 0 0 1 1 6 1 1 7 2 3 2 5 -1 -1 -1 -1 -1 -1 556985 0 15 19 18 19 2 6 2 5
0 0 0 4 1 6 1 1 7 2 3 2 5 -1 -1 -1 -1 -1 -1 557518 1 15 19 18 19 2 6 2 5
0 0 0 1 1 6 1 1 7 2 3 2 5 -1 -1 -1 -1 -1 -1 558052 0 15 19 18 19 2 6 2 5
0 0 0 3 1 6 1 1 7 2 3 2 5 3 5 4 2 0 0 558585 0 15 19 18 19 2 4 2 5
0 0 0 1 1 6 1 1 7 2 3 2 5 -1 -1 -1 -1 -1 -1 559085 0 15 19 18 19 2 4 2 5
0 0 0 1 4 6 1 1 7 2 3 2 5 -1 -1 -1 -1 -1 -1 559618 1 15 19 18 19 2 4 2 5
0 0 0 1 6 1 1 1 7 2 3 2 4 -1 -1 -1 -1 -1 -1 560151 0 15 19 18 19 2 4 2 5
0 0 0 1 6 3 1 1 7 2 3 2 4 5 5 4 3 0 0 560684 0 15 19 18 19 2 8 0 5
0 0 0 1 1 6 1 1 7 2 3 2 5 -1 -1 -1 -1 -1 -1 561184 0 15 19 18 19 2 8 0 5
0 0 0 4 1 6 1 1 7 2 3 2 5 -1 -1 -1 -1 -1 -1 561717 1 15 19 18 19 2 8 0 5
0 0 0 1 1 6 1 1 7 2 3 2 5 -1 -1 -1 -1 -1 -1 562251 0 15 19 18 19 2 8 0 5
0 0 0 1 3 6 1 1 7 2 3 2 5 4 5 4 1 0 0 562784 0 15 19 18 19 2 6 2 5
0 0 0 1 1 6 1 1 7 2 3 2 5 -1 -1 -1 -1 -1 -1 563317 0 15 19 18 19 2 6 2 5
0 0 0 1 1 6 4 1 7 2 3 2 5 -1 -1 -1 -1 -1 -1 563817 1 15 19 18 19 2 6 2 5
0 0 0 1 1 6 1 1 7 2 3 2 5 -1 -1 -1 -1 -1 -1 564350 0 15 19 18 19 2 6 2 5
0 0 0 1 1 6 3 1 7 2 3 2 5 6 5 4 0 0 0 564883 0 15 19 18 19 2 5 2 5
0 0 0 1 1 1 6 1 7 2 3 2 6 -1 -1 -1 -1 -1 -1 565416 0 15 19 18 19 2 5 2 5
0 0 0 1 1 4 6 1 7 2 3 2 6 -1 -1 -1 -1 -1 -1 565950 1 15 19 18 19 2 5 2 5
0 0 0 1 1 1 6 1 7 2 3 2 6 -1 -1 -1 -1 -1 -1 566449 0 15 19 18 19 2 5 2 5
0 0 0 1 1 3 6 1 7 2 3 2 6 5 5 4 2 0 0 566983 0 15 19 18 19 2 5 2 5
0 0 0 1 1 1 6 1 7 2 3 2 6 -1 -1 -1 -1 -1 -1 567516 0 15 19 18 19 2 5 2 5
0 0 0 1 1 4 6 1 7 2 3 2 6 -1 -1 -1 -1 -1 -1 568049 1 15 19 18 19 2 5 2 5
0 0 0 0 1 6 1 0 8 0 3 0 5 -1 -1 -1 -1 -1 -1 575814 0 15 19 19 60 2 8 0 3
0 0 0 0 1 6 1 0 8 0 3 0 5 -1 -1 -1 -1 -1 -1 575980 0 15 19 19 60 2 8 0 3
0 0 0 0 1 6 1 0 8 0 3 0 5 -1 -1 -1 -1 -1 -1 576147 0 15 19 19 60 2 5 2 3
0 0 0 0 1 6 1 0 8 0 3 0 5 -1 -1 -1 -1 -1 -1 576314 0 15 19 19 52.2 2 5 2 3
0 0 0 0 1 6 1 0 8 0 3 0 5 -1 -1 -1 -1 -1 -1 576547 0 15 19 19 34 2 5 2 3
0 0 0 0 1 6 1 0 8 0 3 0 5 -1 -1 -1 -1 -1 -1 576980 0 15 19 19 21 2 5 2 3
0 0 0 0 1 6 1 0 8 0 3 0 5 -1 -1 -1 -1 -1 -1 577447 0 15 19 19 21 2 5 2 3
0 0 0 0 1 6 1 0 8 0 3 0 5 -1 -1 -1 -1 -1 -1 577947 0 15 19 19 21 2 5 2 3
0 0 0 0 1 6 1 0 8 0 3 0 5 -1 -1 -1 -1 -1 -1 578413 0 15 19 19 21 2 5 2 3
0 0 0 0 6 1 1 0 8 0 3 0 4 -1 -1 -1 -1 -1 -1 578880 0 15 19 19 21 2 5 2 3
0 0 0 0 6 3 1 0 8 0 3 0 4 5 2 4 0 0 0 579380 0 15 19 19 21 2 6 2 3
0 0 0 0 1 6 1 0 8 0 3 0 5 -1 -1 -1 -1 -1 -1 579846 0 15 19 19 21 2 6 2 3
0 0 0 0 6 1 1 0 8 0 3 0 4 -1 -1 -1 -1 -1 -1 580313 0 15 19 19 21 2 6 2 3
0 0 0 0 6 1 1 0 8 0 3 0 4 -1 -1 -1 -1 -1 -1 580779 0 15 19 19 21 2 6 2 3
0 0 0 0 6 3 1 0 8 0 3 0 4 5 0 4 1 0 0 581279 0 15 19 19 21 2 4 2 3
0 0 0 0 1 6 1 0 8 0 3 0 5 -1 -1 -1 -1 -1 -1 581746 0 15 19 19 21 2 4 2 3
0 0 0 0 1 6 1 0 8 0 3 0 5 -1 -1 -1 -1 -1 -1 582212 0 15 19 19 21 2 4 2 3
0 0 0 0 1 6 1 0 8 0 3 0 5 -1 -1 -1 -1 -1 -1 582712 0 15 19 19 21 2 4 2 3
0 0 0 0 1 6 3 0 8 0 3 0 5 6 2 4 0 0 0 583179 0 15 19 19 21 2 5 2 3
0 0 0 0 1 6 1 0 8 0 3 0 5 -1 -1 -1 -1 -1 -1 583645 0 15 19 19 21 2 5 2 3
0 0 0 0 1 6 1 0 8 0 3 0 5 -1 -1 -1 -1 -1 -1 584112 0 15 19 19 21 2 5 2 3
0 0 0 0 1 6 1 0 8 0 3 0 5 -1 -1 -1 -1 -1 -1 584612 0 15 19 19 21 2 5 2 3
0 0 0 0 3 6 1 0 8 0 3 0 5 4 1 4 2 0 0 585078 0 15 19 19 21 2 5 2 3
0 0 0 0 1 6 1 0 8 0 3 0 5 -1 -1 -1 -1 -1 -1 585545 0 15 19 19 21 2 5 2 3
0 0 0 0 1 6 1 0 8 0 3 0 5 -1 -1 -1 -1 -1 -1 586045 0 15 19 19 21 2 5 2 3
0 0 0 0 1 1 6 0 8 0 3 0 6 -1 -1 -1 -1 -1 -1 586511 0 15 19 19 21 2 5 2 3
0 0 0 0 1 1 7 0 8 0 3 0 6 6 0 4 1 1 1 586978 0 15 19 19 21 2 6 2 3
0 0 0 0 1 1 6 0 8 0 3 0 6 -1 -1 -1 -1 -1 -1 587444 0 15 19 19 21 2 6 2 3
0 0 0 0 1 6 1 0 8 0 3 0 5 -1 -1 -1 -1 -1 -1 587944 0 15 19 19 21 2 6 2 3
0 0 0 0 1 6 1 0 8 0 3 0 5 -1 -1 -1 -1 -1 -1 588411 0 15 19 19 21 2 6 2 3
0 0 0 0 3 6 1 0 8 0 3 0 5 4 1 4 2 0 0 588877 0 15 19 19 21 2 8 0 3
0 0 0 0 1 6 1 0 8 0 3 0 5 -1 -1 -1 -1 -1 -1 589377 0 15 19 19 21 2 8 0 3
0 0 0 0 1 6 1 0 8 0 3 0 5 -1 -1 -1 -1 -1 -1 589844 0 15 19 19 21 2 8 0 3
0 0 0 0 1 6 1 0 8 0 3 0 5 -1 -1 -1 -1 -1 -1 590310 0 15 19 19 21 2 8 0 3
0 0 0 0 7 1 1 0 8 0 3 0 4 4 1 4 2 1 1 590777 0 15 19 19 21 2 5 2 3
0 0 0 0 1 6 1 0 8 0 3 0 5 -1 -1 -1 -1 -1 -1 591277 0 15 19 19 21 2 5 2 3
0 0 0 0 1 6 1 0 8 0 3 0 5 -1 -1 -1 -1 -1 -1 591743 0 15 19 19 21 2 5 2 3
0 0 0 0 1 6 1 0 8 0 3 0 5 -1 -1 -1 -1 -1 -1 592210 0 15 19 19 21 2 5 2 3
0 0 0 0 3 6 1 0 8 0 3 0 5 4 3 4 3 0 0 592710 0 15 19 19 21 2 5 2 3
0 0 0 0 1 6 1 0 8 0 3 0 5 -1 -1 -1 -1 -1 -1 593176 0 15 19 19 21 2 5 2 3
0 0 0 0 1 6 1 0 8 0 3 0 5 -1 -1 -1 -1 -1 -1 593643 0 15 19 19 21 2 5 2 3
0 0 0 0 6 1 1 0 8 0 3 0 4 -1 -1 -1 -1 -1 -1 594109 0 15 19 19 21 2 5 2 3
0 0 0 0 6 3 1 0 8 0 3 0 4 5 3 4 3 0 0 594609 0 15 19 19 21 2 6 2 3
0 0 0 0 1 6 1 0 8 0 3 0 5 -1 -1 -1 -1 -1 -1 595076 0 15 19 19 21 2 6 2 3
0 0 0 0 1 6 1 0 8 0 3 0 5 -1 -1 -1 -1 -1 -1 595542 0 15 19 19 21 2 6 2 3
0 0 0 0 1 6 1 0 8 0 3 0 5 -1 -1 -1 -1 -1 -1 596042 0 15 19 19 21 2 6 2 3
0 0 0 0 1 7 1 0 8 0 3 0 5 5 1 4 2 1 1 596509 0 15 19 19 21 2 4 2 3
0 0 0 0 1 6 1 0 8 0 3 0 5 -1 -1 -1 -1 -1 -1 596975 0 15 19 19 21 2 4 2 3
0 0 0 0 1 6 1 0 8 0 3 0 5 -1 -1 -1 -1 -1 -1 597442 0 15 19 19 21 2 4 2 3
0 0 0 0 1 6 1 0 8 0 3 0 5 -1 -1 -1 -1 -1 -1 597942 0 15 19 19 21 2 4 2 3
0 0 0 0 3 6 1 0 8 0 3 0 5 4 2 4 0 0 0 598408 0 15 19 19 21 2 5 2 3
0 0 0 0 1 6 1 0 8 0 3 0 5 -1 -1 -1 -1 -1 -1 598875 0 15 19 19 21 2 5 2 3
0 0 0 0 1 1 6 0 8 0 3 0 6 -1 -1 -1 -1 -1 -1 599375 0 15 19 19 21 2 5 2 3
0 0 0 0 1 1 6 0 8 0 3 0 6 -1 -1 -1 -1 -1 -1 599841 0 15 19 19 21 2 5 2 3
0 0 0 0 1 1 7 0 8 0 3 0 6 6 3 4 3 1 1 600308 0 15 19 19 21 2 5 2 3
0 0 0 0 1 6 1 0 8 0 3 0 5 -1 -1 -1 -1 -1 -1 600774 0 15 19 19 21 2 5 2 3
0 0 0 0 1 6 1 0 8 0 3 0 5 -1 -1 -1 -1 -1 -1 601274 0 15 19 19 21 2 5 2 3
0 0 0 0 1 6 1 0 8 0 3 0 5 -1 -1 -1 -1 -1 -1 601741 0 15 19 19 21 2 5 2 3
0 0 0 0 3 6 1 0 8 0 3 0 5 4 0 4 1 0 0 602207 0 15 19 19 21 2 6 2 3
0 0 0 0 1 6 1 0 8 0 3 0 5 -1 -1 -1 -1 -1 -1 602674 0 15 19 19 21 2 6 2 3
0 0 0 0 1 6 1 0 8 0 3 0 5 -1 -1 -1 -1 -1 -1 603174 0 15 19 19 21 2 6 2 3
0 0 0 0 1 6 1 0 8 0 3 0 5 -1 -1 -1 -1 -1 -1 603640 0 15 19 19 21 2 6 2 3
0 0 0 0 3 6 1 0 8 0 3 0 5 4 3 4 3 0 0 604107 0 15 19 19 21 2 8 0 3
0 0 0 0 1 6 1 0 8 0 3 0 5 -1 -1 -1 -1 -1 -1 604607 0 15 19 19 21 2 8 0 3
0 0 0 0 1 6 1 0 8 0 3 0 5 -1 -1 -1 -1 -1 -1 605073 0 15 19 19 21 2 8 0 3
0 0 0 0 1 6 1 0 8 0 3 0 5 -1 -1 -1 -1 -1 -1 605540 0 15 19 19 21 2 8 0 3
0 0 0 0 1 6 3 0 8 0 3 0 5 6 1 4 2 0 0 606006 0 15 19 19 21 2 5 2 3
0 0 0 0 1 6 1 0 8 0 3 0 5 -1 -1 -1 -1 -1 -1 606506 0 15 19 19 21 2 5 2 3
0 0 0 0 1 1 6 0 8 0 3 0 6 -1 -1 -1 -1 -1 -1 606973 0 15 19 19 21 2 5 2 3
0 0 0 0 1 1 6 0 8 0 3 0 6 -1 -1 -1 -1 -1 -1 607439 0 15 19 19 21 2 5 2 3
0 0 0 0 1 1 7 0 8 0 3 0 6 6 0 4 1 1 1 607939 0 15 19 19 21 2 5 2 3
0 0 0 0 1 6 1 0 9 6 2 0 5 -1 -1 -1 -1 -1 -1 613571 0 15 40 16 60 2 8 0 3
0 0 0 0 1 6 1 0 9 6 2 0 5 -1 -1 -1 -1 -1 -1 613738 0 15 40 16 60 2 8 0 3
0 0 0 0 1 6 1 0 9 6 2 0 5 -1 -1 -1 -1 -1 -1 613905 0 15 40 16 60 2 5 2 3
0 0 0 0 1 6 1 0 9 6 2 0 5 -1 -1 -1 -1 -1 -1 614071 0 15 40 16 50.6 2 5 2 3
0 0 0 0 1 6 1 0 9 6 2 0 5 -1 -1 -1 -1 -1 -1 614338 0 15 40 16 25.5333 2 5 2 3
0 0 0 0 1 6 1 0 9 6 2 0 5 -1 -1 -1 -1 -1 -1 615071 0 15 40 16 13 2 5 2 3
0 0 0 0 1 6 1 0 9 6 2 0 5 -1 -1 -1 -1 -1 -1 615837 0 15 40 16 13 2 5 2 3
0 0 0 0 6 1 1 0 9 6 2 0 4 -1 -1 -1 -1 -1 -1 616604 0 15 40 16 13 2 5 2 3
0 0 0 0 6 1 1 0 9 6 2 0 4 -1 -1 -1 -1 -1 -1 617370 0 15 40 16 13 2 5 2 3
0 0 0 0 6 1 1 0 9 6 2 0 4 -1 -1 -1 -1 -1 -1 618137 0 15 40 16 13 2 5 2 3
0 0 0 0 7 1 1 0 9 6 2 0 4 4 5 4 4 1 1 618903 0 15 40 16 13 2 6 2 3
0 0 0 0 6 1 1 0 9 6 2 0 4 -1 -1 -1 -1 -1 -1 619670 0 15 40 16 13 2 6 2 3
0 0 0 0 6 1 1 0 9 6 2 0 4 -1 -1 -1 -1 -1 -1 620436 0 15 40 16 13 2 6 2 3
0 0 0 0 6 1 1 0 9 6 2 0 4 -1 -1 -1 -1 -1 -1 621203 0 15 40 16 13 2 6 2 3
0 0 0 0 7 1 1 0 9 6 2 0 4 4 5 4 4 1 1 622003 0 15 40 16 13 2 5 2 3
0 0 0 0 6 1 1 0 9 6 2 0 4 -1 -1 -1 -1 -1 -1 622636 0 15 40 17 16 2 5 2 3
0 0 0 0 6 1 1 0 9 6 2 0 4 -1 -1 -1 -1 -1 -1 623269 0 15 40 17 16 2 5 2 3
0 0 0 0 6 1 1 0 9 6 2 0 4 -1 -1 -1 -1 -1 -1 623902 0 15 40 17 16 2 5 2 3
0 0 0 0 7 1 1 0 9 6 2 0 4 4 5 4 4 1 1 624502 0 15 40 17 16 2 6 2 3
0 0 0 0 1 6 1 0 9 6 2 0 5 -1 -1 -1 -1 -1 -1 625135 0 15 40 17 16 2 6 2 3
0 0 0 0 1 1 6 0 9 6 2 0 6 -1 -1 -1 -1 -1 -1 625768 0 15 40 17 16 2 6 2 3
0 0 0 0 1 1 6 0 9 6 2 0 6 -1 -1 -1 -1 -1 -1 626402 0 15 40 17 16 2 6 2 3
0 0 0 0 1 1 7 0 9 6 2 0 6 6 5 4 4 1 1 627001 0 15 40 17 16 2 6 2 3
0 0 0 0 1 6 1 0 9 6 2 0 5 -1 -1 -1 -1 -1 -1 627535 0 15 40 18 19 2 6 2 3
0 0 0 0 6 1 1 0 9 6 2 0 4 -1 -1 -1 -1 -1 -1 628068 0 15 40 18 19 2 6 2 3
0 0 0 0 6 1 1 0 9 6 2 0 4 -1 -1 -1 -1 -1 -1 628601 0 15 40 18 19 2 6 2 3
0 0 0 0 7 1 1 0 9 6 2 0 4 4 5 4 4 1 1 629134 0 15 40 18 19 2 6 2 3
0 0 0 0 6 1 1 0 9 6 2 0 4 -1 -1 -1 -1 -1 -1 629667 0 15 40 18 19 2 6 2 3
0 0 0 0 6 1 1 0 9 6 2 0 4 -1 -1 -1 -1 -1 -1 630167 0 15 40 18 19 2 6 2 3
0 0 0 0 6 1 1 0 9 6 2 0 4 -1 -1 -1 -1 -1 -1 630700 0 15 40 18 19 2 6 2 3
0 0 0 0 7 1 1 0 9 6 2 0 4 4 5 4 4 1 1 631234 0 15 40 18 19 2 8 0 3
0 0 0 0 6 1 1 0 9 6 2 0 4 -1 -1 -1 -1 -1 -1 631700 0 15 40 19 21 2 8 0 3
0 0 0 0 1 6 1 0 9 6 2 0 5 -1 -1 -1 -1 -1 -1 632200 0 15 40 19 21 2 8 0 3
0 0 0 0 1 6 1 0 9 6 2 0 5 -1 -1 -1 -1 -1 -1 632667 0 15 40 19 21 2 8 0 3
0 0 0 0 1 7 1 0 9 6 2 0 5 5 5 4 4 1 1 633133 0 15 40 19 21 2 5 2 3
0 0 0 0 1 6 1 0 9 6 2 0 5 -1 -1 -1 -1 -1 -1 633633 0 15 40 19 21 2 5 2 3
0 0 0 0 1 1 6 0 9 6 2 0 6 -1 -1 -1 -1 -1 -1 634100 0 15 40 19 21 2 5 2 3
0 0 0 0 1 1 6 0 9 6 2 0 6 -1 -1 -1 -1 -1 -1 634566 0 15 40 19 21 2 5 2 3
0 0 0 1 1 1 7 1 9 6 2 0 6 6 5 4 4 1 1 635033 0 15 40 19 21 2 5 2 5
0 0 0 1 1 1 6 1 9 6 2 0 6 -1 -1 -1 -1 -1 -1 635499 0 15 40 20 22 2 5 2 5
0 0 0 1 1 1 6 1 9 6 2 0 6 -1 -1 -1 -1 -1 -1 635966 0 15 40 20 22 2 5 2 5
0 0 0 1 1 1 6 1 9 6 2 0 6 -1 -1 -1 -1 -1 -1 636399 0 15 40 20 22 2 5 2 5
0 0 0 1 1 1 7 1 9 6 2 0 6 6 5 4 4 1 1 636866 0 15 40 20 22 2 6 2 5
0 0 0 1 1 1 6 1 9 6 2 1 6 -1 -1 -1 -1 -1 -1 637332 0 15 40 20 22 2 6 2 5
0 0 0 1 1 6 1 1 9 6 2 1 5 -1 -1 -1 -1 -1 -1 637765 0 15 40 20 22 2 6 2 5
0 0 0 1 1 6 1 1 9 6 2 1 5 -1 -1 -1 -1 -1 -1 638232 0 15 40 20 22 2 6 2 5
0 0 0 1 1 7 1 1 9 6 2 1 5 5 5 4 4 1 1 638699 0 15 40 20 22 2 5 2 5
0 0 0 1 1 6 1 1 9 6 2 1 5 -1 -1 -1 -1 -1 -1 639132 0 15 40 21 23 2 5 2 5
0 0 0 1 1 1 1 6 9 6 2 1 7 -1 -1 -1 -1 -1 -1 639565 0 15 40 21 23 2 5 2 5
0 0 0 1 1 1 1 6 9 6 2 1 7 -1 -1 -1 -1 -1 -1 639998 0 15 40 21 23 2 5 2 5
0 0 0 1 1 1 1 7 9 6 2 1 7 7 5 4 4 1 1 640431 0 15 40 21 23 2 6 2 5
0 0 0 1 1 1 6 1 9 6 2 1 6 -1 -1 -1 -1 -1 -1 640865 0 15 40 21 23 2 6 2 5
0 0 0 1 1 1 1 6 9 6 2 1 7 -1 -1 -1 -1 -1 -1 641298 0 15 40 21 23 2 6 2 5
0 0 0 1 1 1 1 6 9 6 2 1 7 -1 -1 -1 -1 -1 -1 641731 0 15 40 21 23 2 6 2 5
0 0 0 1 1 1 1 7 9 6 2 1 7 7 5 4 4 1 1 642164 0 15 40 21 23 2 6 2 5
0 0 0 1 1 1 6 1 9 6 2 1 6 -1 -1 -1 -1 -1 -1 642598 0 15 40 22 24 2 6 2 5
0 0 0 1 1 6 1 1 9 6 2 1 5 -1 -1 -1 -1 -1 -1 642997 0 15 40 22 24 2 6 2 5
0 0 0 1 1 6 1 1 9 6 2 1 5 -1 -1 -1 -1 -1 -1 643431 0 15 40 22 24 2 6 2 5
0 0 0 1 1 7 1 1 9 6 2 1 5 5 5 4 4 1 1 643831 0 15 40 22 24 2 6 2 5
0 0 0 1 1 6 1 1 9 6 2 1 5 -1 -1 -1 -1 -1 -1 644264 0 15 40 22 24 2 6 2 5
0 0 0 1 1 6 1 1 9 6 2 1 5 -1 -1 -1 -1 -1 -1 644664 0 15 40 22 24 2 6 2 5
0 0 0 1 1 6 1 1 9 6 2 1 5 -1 -1 -1 -1 -1 -1 645097 0 15 40 22 24 2 6 2 5
0 0 0 1 1 7 1 1 9 6 2 1 5 5 5 4 4 1 1 645497 0 15 40 22 24 2 8 0 5
0 0 0 1 1 6 1 1 9 6 2 1 5 -1 -1 -1 -1 -1 -1 645897 0 15 40 23 25 2 8 0 5
0 0 0 1 1 1 6 1 9 6 2 1 6 -1 -1 -1 -1 -1 -1 646297 0 15 40 23 25 2 8 0 5
0 0 0 1 1 1 1 6 9 6 2 1 7 -1 -1 -1 -1 -1 -1 646697 0 15 40 23 25 2 8 0 5
0 0 0 1 1 1 1 7 9 6 2 1 7 7 5 4 4 1 1 647096 0 15 40 23 25 2 5 2 5
0 0 0 1 1 1 6 1 9 6 2 1 6 -1 -1 -1 -1 -1 -1 647496 0 15 40 23 25 2 5 2 5
0 0 0 1 1 1 1 6 9 6 2 1 7 -1 -1 -1 -1 -1 -1 647896 0 15 40 23 25 2 5 2 5
0 0 0 1 1 1 1 6 9 6 2 1 7 -1 -1 -1 -1 -1 -1 648296 0 15 40 23 25 2 5 2 5
0 0 0 1 1 1 1 7 9 6 2 1 7 7 5 4 4 1 1 648696 0 15 40 23 25 2 5 2 5
0 0 0 1 1 1 6 1 9 6 2 1 6 -1 -1 -1 -1 -1 -1 649096 0 15 40 24 25.5 2 5 2 5
0 0 0 1 1 1 6 1 9 6 2 1 6 -1 -1 -1 -1 -1 -1 649496 0 15 40 24 25.5 2 5 2 5
0 0 0 1 1 1 6 1 9 6 2 1 6 -1 -1 -1 -1 -1 -1 649862 0 15 40 24 25.5 2 5 2 5
0 0 0 1 1 1 7 1 9 6 2 1 6 6 5 4 4 1 1 650262 0 15 40 24 25.5 2 6 2 5
0 0 0 1 1 6 1 1 9 6 2 1 5 -1 -1 -1 -1 -1 -1 650662 0 15 40 24 25.5 2 6 2 5
0 0 0 1 1 1 6 1 9 6 2 1 6 -1 -1 -1 -1 -1 -1 651062 0 15 40 24 25.5 2 6 2 5
0 0 0 1 1 1 1 6 9 6 2 1 7 -1 -1 -1 -1 -1 -1 651462 0 15 40 24 25.5 2 6 2 5
0 0 0 1 1 1 1 7 9 6 2 1 7 7 5 4 4 1 1 651829 0 15 40 24 25.5 2 5 2 5
0 0 0 1 1 1 6 1 9 6 2 2 6 -1 -1 -1 -1 -1 -1 652229 0 15 40 25 26 2 5 2 5
0 0 0 1 1 1 1 6 9 6 2 2 7 -1 -1 -1 -1 -1 -1 652595 0 15 40 25 26 2 5 2 5
0 0 0 1 1 1 1 6 9 6 2 2 7 -1 -1 -1 -1 -1 -1 652995 0 15 40 25 26 2 5 2 5
0 0 0 1 1 1 1 7 9 6 2 2 7 7 5 4 4 1 1 653362 0 15 40 25 26 2 6 2 5
0 0 0 1 1 1 6 1 9 6 2 2 6 -1 -1 -1 -1 -1 -1 653761 0 15 40 25 26 2 6 2 5
0 0 0 1 1 1 6 4 9 6 2 2 6 -1 -1 -1 -1 -1 -1 654161 1 15 40 25 26 2 6 2 5
0 0 0 1 1 1 1 6 9 6 2 2 7 -1 -1 -1 -1 -1 -1 654528 0 15 40 25 26 2 6 2 5
0 0 0 1 1 1 1 7 9 6 2 2 7 7 5 4 4 1 1 654928 0 15 40 25 26 2 6 2 5
0 0 0 1 1 1 1 6 9 6 2 2 7 -1 -1 -1 -1 -1 -1 655294 0 15 40 26 26.5 2 6 2 5
0 0 0 4 1 1 1 6 9 6 2 2 7 -1 -1 -1 -1 -1 -1 655661 1 15 40 26 26.5 2 6 2 5
0 0 0 1 1 1 1 6 9 6 2 2 7 -1 -1 -1 -1 -1 -1 656061 0 15 40 26 26.5 2 6 2 5
0 0 0 1 1 1 1 7 9 6 2 2 7 7 5 4 4 1 1 656428 0 15 40 26 26.5 2 6 2 5
0 0 0 1 1 1 1 6 9 6 2 2 7 -1 -1 -1 -1 -1 -1 656794 0 15 40 26 26.5 2 6 2 5
0 0 0 4 1 6 1 1 9 6 2 2 5 -1 -1 -1 -1 -1 -1 657194 1 15 40 26 26.5 2 6 2 5
0 0 0 1 1 6 1 1 9 6 2 2 5 -1 -1 -1 -1 -1 -1 657561 0 15 40 26 26.5 2 6 2 5
0 0 0 1 1 7 1 1 9 6 2 2 5 5 5 4 4 1 1 657927 0 15 40 26 26.5 2 8 0 5
0 0 0 1 6 1 1 1 9 6 2 2 4 -1 -1 -1 -1 -1 -1 658294 0 15 40 27 27 2 8 0 5
0 0 0 1 6 4 1 1 9 6 2 2 4 -1 -1 -1 -1 -1 -1 658660 1 15 40 27 27 2 8 0 5
0 0 0 1 6 1 1 1 9 6 2 2 4 -1 -1 -1 -1 -1 -1 659060 0 15 40 27 27 2 8 0 5
0 0 0 1 7 1 1 1 9 6 2 2 4 4 5 4 4 1 1 659427 0 15 40 27 27 2 5 2 5
0 0 0 1 6 1 1 1 9 6 2 2 4 -1 -1 -1 -1 -1 -1 659793 0 15 40 27 27 2 5 2 5
0 0 0 4 1 6 1 1 9 6 2 2 5 -1 -1 -1 -1 -1 -1 660160 1 15 40 27 27 2 5 2 5
0 0 0 1 1 1 6 1 9 6 2 2 6 -1 -1 -1 -1 -1 -1 660527 0 15 40 27 27 2 5 2 5
0 0 0 1 1 1 7 1 9 6 2 2 6 6 5 4 4 1 1 660893 0 15 40 27 27 2 5 2 5
0 0 0 0 1 6 1 0 10 1 3 0 5 -1 -1 -1 -1 -1 -1 666592 0 15 19 18 60 2 8 0 3
0 0 0 0 1 6 1 0 10 1 3 0 5 -1 -1 -1 -1 -1 -1 666758 0 15 19 18 60 2 8 0 3
0 0 0 0 1 6 1 0 10 1 3 0 5 -1 -1 -1 -1 -1 -1 666925 0 15 19 18 60 2 4 2 3
0 0 0 0 1 6 1 0 10 1 3 0 5 -1 -1 -1 -1 -1 -1 667092 0 15 19 18 51.8 2 4 2 3
0 0 0 0 1 6 1 0 10 1 3 0 5 -1 -1 -1 -1 -1 -1 667358 0 15 19 18 29.9333 2 4 2 3
0 0 0 0 1 6 1 0 10 1 3 0 5 -1 -1 -1 -1 -1 -1 667825 0 15 19 18 19 2 4 2 3
0 0 0 0 1 6 1 0 10 1 3 0 5 -1 -1 -1 -1 -1 -1 668358 0 15 19 18 19 2 6 2 3
0 0 0 0 1 6 1 0 10 1 3 0 5 -1 -1 -1 -1 -1 -1 668858 0 15 19 18 19 2 6 2 3
0 0 0 0 1 6 1 0 10 1 3 0 5 -1 -1 -1 -1 -1 -1 669391 0 15 19 18 19 2 6 2 3
0 0 0 0 1 1 6 0 10 1 3 0 6 -1 -1 -1 -1 -1 -1 669924 0 15 19 18 19 2 6 2 3
0 0 0 0 1 3 6 0 10 1 3 0 6 5 4 7 2 0 0 670457 0 15 19 18 19 2 6 2 3
0 0 0 0 1 6 1 0 10 1 3 0 5 -1 -1 -1 -1 -1 -1 670991 0 15 19 18 19 2 6 2 3
0 0 0 0 1 6 1 0 10 1 3 0 5 -1 -1 -1 -1 -1 -1 671490 0 15 19 18 19 2 6 2 3
0 0 0 0 1 6 1 0 10 1 3 0 5 -1 -1 -1 -1 -1 -1 672024 0 15 19 18 19 2 6 2 3
0 0 0 0 1 6 3 0 10 1 3 0 5 6 4 6 1 0 0 672557 0 15 19 18 19 2 6 2 3
0 0 0 0 1 6 1 0 10 1 3 0 5 -1 -1 -1 -1 -1 -1 673090 0 15 19 18 19 2 6 2 3
0 0 0 0 1 6 1 0 10 1 3 0 5 -1 -1 -1 -1 -1 -1 673590 0 15 19 18 19 2 6 2 3
0 0 0 0 1 1 6 0 10 1 3 0 6 -1 -1 -1 -1 -1 -1 674123 0 15 19 18 19 2 6 2 3
0 0 0 0 1 3 6 0 10 1 3 0 6 5 4 7 2 0 0 674656 0 15 19 18 19 2 5 2 3
0 0 0 0 1 1 6 0 10 1 3 0 6 -1 -1 -1 -1 -1 -1 675190 0 15 19 18 19 2 5 2 3
0 0 0 0 1 6 1 0 10 1 3 0 5 -1 -1 -1 -1 -1 -1 675723 0 15 19 18 19 2 5 2 3
0 0 0 0 1 6 1 0 10 1 3 0 5 -1 -1 -1 -1 -1 -1 676223 0 15 19 18 19 2 5 2 3
0 0 0 0 1 6 3 0 10 1 3 0 5 6 4 5 0 0 0 676756 0 15 19 18 19 2 5 2 3
0 0 0 0 1 6 1 0 10 1 3 0 5 -1 -1 -1 -1 -1 -1 677289 0 15 19 18 19 2 5 2 3
0 0 0 0 1 6 1 0 10 1 3 0 5 -1 -1 -1 -1 -1 -1 677822 0 15 19 18 19 2 5 2 3
0 0 0 0 1 6 1 0 10 1 3 0 5 -1 -1 -1 -1 -1 -1 678355 0 15 19 18 19 2 5 2 3
0 0 0 0 7 1 1 0 10 1 3 0 4 4 4 6 1 1 1 678855 0 15 19 18 19 2 5 2 3
0 0 0 0 1 6 1 0 10 1 3 0 5 -1 -1 -1 -1 -1 -1 679389 0 15 19 18 19 2 5 2 3
0 0 0 0 1 6 1 0 10 1 3 0 5 -1 -1 -1 -1 -1 -1 679922 0 15 19 18 19 2 5 2 3
0 0 0 0 1 6 1 0 10 1 3 0 5 -1 -1 -1 -1 -1 -1 680455 0 15 19 18 19 2 5 2 3
0 0 0 0 1 7 1 0 10 1 3 0 5 5 4 7 2 1 1 680988 0 15 19 18 19 2 8 0 3
0 0 0 0 1 6 1 0 10 1 3 0 5 -1 -1 -1 -1 -1 -1 681455 0 15 19 19 21 2 8 0 3
0 0 0 0 1 6 1 0 10 1 3 0 5 -1 -1 -1 -1 -1 -1 681921 0 15 19 19 21 2 8 0 3
0 0 0 0 6 1 1 0 10 1 3 0 4 -1 -1 -1 -1 -1 -1 682421 0 15 19 19 21 2 8 0 3
0 0 0 0 6 3 1 0 10 1 3 0 4 5 4 6 1 0 0 682888 0 15 19 19 21 2 4 2 3
0 0 0 0 6 1 1 0 10 1 3 0 4 -1 -1 -1 -1 -1 -1 683354 0 15 19 19 21 2 4 2 3
0 0 0 0 1 6 1 0 10 1 3 0 5 -1 -1 -1 -1 -1 -1 683854 0 15 19 19 21 2 4 2 3
0 0 0 0 1 6 1 0 10 1 3 0 5 -1 -1 -1 -1 -1 -1 684321 0 15 19 19 21 2 4 2 3
0 0 0 0 1 6 3 0 10 1 3 0 5 6 4 7 2 0 0 684787 0 15 19 19 21 2 6 2 3
0 0 0 0 1 6 1 0 10 1 3 0 5 -1 -1 -1 -1 -1 -1 685254 0 15 19 19 21 2 6 2 3
0 0 0 0 1 6 1 0 10 1 3 0 5 -1 -1 -1 -1 -1 -1 685754 0 15 19 19 21 2 6 2 3
0 0 0 0 1 6 1 0 10 1 3 0 5 -1 -1 -1 -1 -1 -1 686220 0 15 19 19 21 2 6 2 3
0 0 0 0 1 7 1 0 10 1 3 0 5 5 4 7 2 1 1 686687 0 15 19 19 21 2 6 2 3
0 0 0 0 1 6 1 0 10 1 3 0 5 -1 -1 -1 -1 -1 -1 687153 0 15 19 19 21 2 6 2 3
0 0 0 0 1 6 1 0 10 1 3 0 5 -1 -1 -1 -1 -1 -1 687653 0 15 19 19 21 2 6 2 3
0 0 0 0 6 1 1 0 10 1 3 0 4 -1 -1 -1 -1 -1 -1 688120 0 15 19 19 21 2 6 2 3
0 0 0 0 6 3 1 0 10 1 3 0 4 5 4 8 3 0 0 688586 0 15 19 19 21 2 6 2 3
0 0 0 0 1 6 1 0 10 1 3 0 5 -1 -1 -1 -1 -1 -1 689086 0 15 19 19 21 2 6 2 3
0 0 0 0 1 6 1 0 10 1 3 0 5 -1 -1 -1 -1 -1 -1 689553 0 15 19 19 21 2 6 2 3
0 0 0 0 1 6 1 0 10 1 3 0 5 -1 -1 -1 -1 -1 -1 690019 0 15 19 19 21 2 6 2 3
0 0 0 0 1 6 3 0 10 1 3 0 5 6 4 5 0 0 0 690486 0 15 19 19 21 2 5 2 3
0 0 0 0 1 6 1 0 10 1 3 0 5 -1 -1 -1 -1 -1 -1 690986 0 15 19 19 21 2 5 2 3
0 0 0 0 1 6 1 0 10 1 3 0 5 -1 -1 -1 -1 -1 -1 691452 0 15 19 19 21 2 5 2 3
0 0 0 0 1 6 1 0 10 1 3 0 5 -1 -1 -1 -1 -1 -1 691919 0 15 19 19 21 2 5 2 3
0 0 0 0 1 6 3 0 10 1 3 0 5 6 4 6 1 0 0 692419 0 15 19 19 21 2 5 2 3
0 0 0 0 1 6 1 0 10 1 3 0 5 -1 -1 -1 -1 -1 -1 692885 0 15 19 19 21 2 5 2 3
0 0 0 0 1 6 1 0 10 1 3 0 5 -1 -1 -1 -1 -1 -1 693352 0 15 19 19 21 2 5 2 3
0 0 0 0 1 6 1 0 10 1 3 0 5 -1 -1 -1 -1 -1 -1 693818 0 15 19 19 21 2 5 2 3
0 0 0 0 3 6 1 0 10 1 3 0 5 4 4 7 2 0 0 694318 0 15 19 19 21 2 5 2 3
0 0 0 0 1 6 1 0 10 1 3 0 5 -1 -1 -1 -1 -1 -1 694785 0 15 19 19 21 2 5 2 3
0 0 0 0 1 6 1 0 10 1 3 0 5 -1 -1 -1 -1 -1 -1 695251 0 15 19 19 21 2 5 2 3
0 0 0 0 6 1 1 0 10 1 3 0 4 -1 -1 -1 -1 -1 -1 695751 0 15 19 19 21 2 5 2 3
0 0 0 0 6 3 1 0 10 1 3 0 4 5 4 7 2 0 0 696218 0 15 19 19 21 2 8 0 3
0 0 0 0 6 1 1 0 10 1 3 0 4 -1 -1 -1 -1 -1 -1 696684 0 15 19 19 21 2 8 0 3
0 0 0 0 1 6 1 0 10 1 3 0 5 -1 -1 -1 -1 -1 -1 697151 0 15 19 19 21 2 8 0 3
0 0 0 0 1 1 6 0 10 1 3 0 6 -1 -1 -1 -1 -1 -1 697651 0 15 19 19 21 2 8 0 3
0 0 0 0 1 1 7 0 10 1 3 0 6 6 4 6 1 1 1 698117 0 15 19 19 21 2 4 2 3
0 0 0 0 1 1 6 0 10 1 3 0 6 -1 -1 -1 -1 -1 -1 698584 0 15 19 19 21 2 4 2 3
0 0 0 0 1 6 1 0 10 1 3 0 5 -1 -1 -1 -1 -1 -1 699084 0 15 19 19 21 2 4 2 3
0 0 0 0 1 6 1 0 10 1 3 0 5 -1 -1 -1 -1 -1 -1 699550 0 15 19 19 21 2 4 2 3
0 0 0 0 1 7 1 0 10 1 3 0 5 5 4 7 2 1 1 700017 0 15 19 19 21 2 6 2 3
0 0 0 0 1 6 1 0 10 1 3 0 5 -1 -1 -1 -1 -1 -1 700483 0 15 19 19 21 2 6 2 3
0 0 0 0 1 6 1 0 10 1 3 0 5 -1 -1 -1 -1 -1 -1 700917 0 15 19 19 26.25 2 6 2 3
0 0 0 0 1 6 1 0 10 1 3 0 5 -1 -1 -1 -1 -1 -1 701317 0 15 19 19 26.25 2 6 2 3
0 0 0 0 3 6 1 0 10 1 3 0 5 4 4 6 1 0 0 701683 0 15 19 19 26.25 2 6 2 3
0 0 0 0 1 6 1 0 10 1 3 0 5 -1 -1 -1 -1 -1 -1 702083 0 15 19 19 26.25 2 6 2 3
0 0 0 0 1 6 1 0 10 1 3 0 5 -1 -1 -1 -1 -1 -1 702450 0 15 19 19 24.5 2 6 2 3
0 0 0 0 6 1 1 0 10 1 3 0 4 -1 -1 -1 -1 -1 -1 702916 0 15 19 19 21 2 6 2 3
0 0 0 0 8 1 1 0 10 1 3 0 4 4 4 7 2 0 1 703383 0 15 19 19 21 2 6 2 3
0 0 0 0 6 1 1 0 10 1 3 0 4 -1 -1 -1 -1 -1 -1 703916 0 15 19 18 19 2 6 2 3
0 0 0 0 1 6 1 0 10 1 3 0 5 -1 -1 -1 -1 -1 -1 704416 0 15 19 18 19 2 6 2 3
0 0 0 0 6 1 1 0 10 1 3 0 4 -1 -1 -1 -1 -1 -1 704949 0 15 19 18 19 2 6 2 3
0 0 0 0 3 6 1 0 10 1 3 0 5 4 4 6 1 0 0 705482 0 15 19 18 19 2 5 2 3
0 0 0 0 1 6 1 0 10 1 3 0 5 -1 -1 -1 -1 -1 -1 706015 0 15 19 18 19 2 5 2 3
0 0 0 0 1 6 1 0 10 1 3 0 5 -1 -1 -1 -1 -1 -1 706549 0 15 19 18 19 2 5 2 3
0 0 0 0 1 6 1 0 10 1 3 0 5 -1 -1 -1 -1 -1 -1 707048 0 15 19 18 19 2 5 2 3
0 0 0 0 1 7 1 0 10 1 3 0 5 5 4 6 1 1 1 707582 0 15 19 18 19 2 5 2 3
0 0 0 0 1 6 1 0 10 1 3 0 5 -1 -1 -1 -1 -1 -1 708115 0 15 19 18 19 2 5 2 3
0 0 0 0 6 1 1 0 10 1 3 0 4 -1 -1 -1 -1 -1 -1 708648 0 15 19 18 19 2 5 2 3
0 0 0 0 6 1 1 0 10 1 3 0 4 -1 -1 -1 -1 -1 -1 709181 0 15 19 18 19 2 5 2 3
0 0 0 0 6 3 1 0 10 1 3 0 4 5 4 5 0 0 0 709681 0 15 19 18 19 2 5 2 3
0 0 0 0 1 6 1 0 10 1 3 0 5 -1 -1 -1 -1 -1 -1 710214 0 15 19 18 19 2 5 2 3
0 0 0 0 1 6 1 0 10 1 3 0 5 -1 -1 -1 -1 -1 -1 710748 0 15 19 18 19 2 5 2 3
0 0 0 0 1 6 1 0 10 1 3 0 5 -1 -1 -1 -1 -1 -1 711281 0 15 19 18 19 2 5 2 3
0 0 0 0 3 6 1 0 10 1 3 0 5 4 4 8 3 0 0 711781 0 15 19 18 19 2 8 0 3
0 0 0 0 1 6 1 0 10 1 3 0 5 -1 -1 -1 -1 -1 -1 712314 0 15 19 18 19 2 8 0 3
0 0 0 0 6 1 1 0 10 1 3 0 4 -1 -1 -1 -1 -1 -1 712847 0 15 19 18 19 2 8 0 3
0 0 0 0 6 1 1 0 10 1 3 0 4 -1 -1 -1 -1 -1 -1 713380 0 15 19 18 19 2 8 0 3
0 0 0 0 6 3 1 0 10 1 3 0 4 5 4 7 2 0 0 713913 0 15 19 18 19 2 4 2 3
0 0 0 0 6 1 1 0 10 1 3 0 4 -1 -1 -1 -1 -1 -1 714413 0 15 19 18 19 2 4 2 3
0 0 0 0 6 1 1 0 10 1 3 0 4 -1 -1 -1 -1 -1 -1 714947 0 15 19 18 19 2 4 2 3
0 0 0 0 1 6 1 0 10 1 3 0 5 -1 -1 -1 -1 -1 -1 715480 0 15 19 18 19 2 4 2 3
0 0 0 0 3 6 1 0 10 1 3 0 5 4 4 8 3 0 0 716013 0 15 19 18 19 2 6 2 3
0 0 0 0 1 6 1 0 10 1 3 0 5 -1 -1 -1 -1 -1 -1 716546 0 15 19 18 19 2 6 2 3
0 0 0 0 1 6 1 0 10 1 3 0 5 -1 -1 -1 -1 -1 -1 717046 0 15 19 18 19 2 6 2 3
0 0 0 0 6 1 1 0 10 1 3 0 4 -1 -1 -1 -1 -1 -1 717579 0 15 19 18 19 2 6 2 3
0 0 0 0 6 3 1 0 10 1 3 0 4 5 4 5 0 0 0 718112 0 15 19 18 19 2 6 2 3
0 0 0 0 1 6 1 0 10 1 3 0 5 -1 -1 -1 -1 -1 -1 718646 0 15 19 18 19 2 6 2 3
0 0 0 0 1 6 1 0 10 1 3 0 5 -1 -1 -1 -1 -1 -1 719179 0 15 19 18 19 2 6 2 3
0 0 0 0 1 6 1 0 10 1 3 0 5 -1 -1 -1 -1 -1 -1 719679 0 15 19 18 19 2 6 2 3
0 0 0 0 1 6 3 0 10 1 3 0 5 6 4 6 1 0 0 720212 0 15 19 18 19 2 6 2 3
0 0 0 0 1 6 1 0 10 1 3 0 5 -1 -1 -1 -1 -1 -1 720745 0 15 19 18 19 2 6 2 3
0 0 0 0 1 6 1 0 10 1 3 0 5 -1 -1 -1 -1 -1 -1 721278 0 15 19 18 19 2 6 2 3
0 0 0 0 1 6 1 0 10 1 3 0 5 -1 -1 -1 -1 -1 -1 721778 0 15 19 18 19 2 6 2 3
0 0 0 0 3 6 1 0 10 1 3 0 5 4 4 5 0 0 0 722311 0 15 19 18 19 2 5 2 3
0 0 0 0 1 6 1 0 10 1 3 0 5 -1 -1 -1 -1 -1 -1 722845 0 15 19 18 19 2 5 2 3
0 0 0 0 1 6 1 0 10 1 3 0 5 -1 -1 -1 -1 -1 -1 723378 0 15 19 18 19 2 5 2 3
0 0 0 0 1 1 6 0 10 1 3 0 6 -1 -1 -1 -1 -1 -1 723911 0 15 19 18 19 2 5 2 3
0 0 0 0 1 1 7 0 10 1 3 0 6 6 4 5 0 1 1 724411 0 15 19 18 19 2 5 2 3
0 0 0 0 1 6 1 0 10 1 3 0 5 -1 -1 -1 -1 -1 -1 724911 0 15 19 19 21 2 5 2 3
0 0 0 0 1 6 1 0 10 1 3 0 5 -1 -1 -1 -1 -1 -1 725377 0 15 19 19 21 2 5 2 3
0 0 0 0 1 6 1 0 10 1 3 0 5 -1 -1 -1 -1 -1 -1 725844 0 15 19 19 21 2 5 2 3
0 0 0 0 3 6 1 0 10 1 3 0 5 4 4 7 2 0 0 726344 0 15 19 19 21 2 5 2 3
0 0 0 0 1 6 1 0 10 1 3 0 5 -1 -1 -1 -1 -1 -1 726810 0 15 19 19 21 2 5 2 3
0 0 0 0 1 6 1 0 10 1 3 0 5 -1 -1 -1 -1 -1 -1 727277 0 15 19 19 21 2 5 2 3
0 0 0 0 6 1 1 0 10 1 3 0 4 -1 -1 -1 -1 -1 -1 727777 0 15 19 19 21 2 5 2 3
0 0 0 0 6 3 1 0 10 1 3 0 4 5 4 8 3 0 0 728243 0 15 19 19 21 2 8 0 3
0 0 0 0 6 1 1 0 10 1 3 0 4 -1 -1 -1 -1 -1 -1 728710 0 15 19 19 21 2 8 0 3
0 0 0 0 1 6 1 0 10 1 3 0 5 -1 -1 -1 -1 -1 -1 729176 0 15 19 19 21 2 8 0 3
0 0 0 0 1 6 1 0 10 1 3 0 5 -1 -1 -1 -1 -1 -1 729676 0 15 19 19 21 2 8 0 3
0 0 0 0 1 7 1 0 10 1 3 0 5 5 4 5 0 1 1 730143 0 15 19 19 21 2 4 2 3
0 0 0 0 1 6 1 0 10 1 3 0 5 -1 -1 -1 -1 -1 -1 730609 0 15 19 19 21 2 4 2 3
0 0 0 0 1 1 6 0 10 1 3 0 6 -1 -1 -1 -1 -1 -1 731109 0 15 19 19 21 2 4 2 3
0 0 0 0 1 1 6 0 10 1 3 0 6 -1 -1 -1 -1 -1 -1 731576 0 15 19 19 21 2 4 2 3
0 0 0 0 1 1 7 0 10 1 3 0 6 6 4 7 2 1 1 732042 0 15 19 19 21 2 6 2 3
0 0 0 0 1 6 1 0 10 1 3 0 5 -1 -1 -1 -1 -1 -1 666592 0 15 19 18 60 2 8 0 3
0 0 0 0 1 6 1 0 10 1 3 0 5 -1 -1 -1 -1 -1 -1 666758 0 15 19 18 60 2 8 0 3
0 0 0 0 1 6 1 0 10 1 3 0 5 -1 -1 -1 -1 -1 -1 666925 0 15 19 18 60 2 4 2 3
0 0 0 0 1 6 1 0 10 1 3 0 5 -1 -1 -1 -1 -1 -1 667092 0 15 19 18 51.8 2 4 2 3
0 0 0 0 1 6 1 0 10 1 3 0 5 -1 -1 -1 -1 -1 -1 667358 0 15 19 18 29.9333 2 4 2 3
0 0 0 0 1 6 1 0 10 1 3 0 5 -1 -1 -1 -1 -1 -1 667825 0 15 19 18 19 2 4 2 3
0 0 0 0 1 6 1 0 10 1 3 0 5 -1 -1 -1 -1 -1 -1 668358 0 15 19 18 19 2 6 2 3
0 0 0 0 1 6 1 0 10 1 3 0 5 -1 -1 -1 -1 -1 -1 668858 0 15 19 18 19 2 6 2 3
0 0 0 0 1 6 1 0 10 1 3 0 5 -1 -1 -1 -1 -1 -1 669391 0 15 19 18 19 2 6 2 3
0 0 0 0 1 1 6 0 10 1 3 0 6 -1 -1 -1 -1 -1 -1 669924 0 15 19 18 19 2 6 2 3
0 0 0 0 1 3 6 0 10 1 3 0 6 5 4 7 2 0 0 670457 0 15 19 18 19 2 6 2 3
0 0 0 0 1 6 1 0 10 1 3 0 5 -1 -1 -1 -1 -1 -1 670991 0 15 19 18 19 2 6 2 3
0 0 0 0 1 6 1 0 10 1 3 0 5 -1 -1 -1 -1 -1 -1 671490 0 15 19 18 19 2 6 2 3
0 0 0 0 1 6 1 0 10 1 3 0 5 -1 -1 -1 -1 -1 -1 672024 0 15 19 18 19 2 6 2 3
0 0 0 0 1 6 3 0 10 1 3 0 5 6 4 6 1 0 0 672557 0 15 19 18 19 2 6 2 3
0 0 0 0 1 6 1 0 10 1 3 0 5 -1 -1 -1 -1 -1 -1 673090 0 15 19 18 19 2 6 2 3
0 0 0 0 1 6 1 0 10 1 3 0 5 -1 -1 -1 -1 -1 -1 673590 0 15 19 18 19 2 6 2 3
0 0 0 0 1 1 6 0 10 1 3 0 6 -1 -1 -1 -1 -1 -1 674123 0 15 19 18 19 2 6 2 3
0 0 0 0 1 3 6 0 10 1 3 0 6 5 4 7 2 0 0 674656 0 15 19 18 19 2 5 2 3
0 0 0 0 1 1 6 0 10 1 3 0 6 -1 -1 -1 -1 -1 -1 675190 0 15 19 18 19 2 5 2 3
0 0 0 0 1 6 1 0 10 1 3 0 5 -1 -1 -1 -1 -1 -1 675723 0 15 19 18 19 2 5 2 3
0 0 0 0 1 6 1 0 10 1 3 0 5 -1 -1 -1 -1 -1 -1 676223 0 15 19 18 19 2 5 2 3
0 0 0 0 1 6 3 0 10 1 3 0 5 6 4 5 0 0 0 676756 0 15 19 18 19 2 5 2 3
0 0 0 0 1 6 1 0 10 1 3 0 5 -1 -1 -1 -1 -1 -1 677289 0 15 19 18 19 2 5 2 3
0 0 0 0 1 6 1 0 10 1 3 0 5 -1 -1 -1 -1 -1 -1 677822 0 15 19 18 19 2 5 2 3
0 0 0 0 1 6 1 0 10 1 3 0 5 -1 -1 -1 -1 -1 -1 678355 0 15 19 18 19 2 5 2 3
0 0 0 0 7 1 1 0 10 1 3 0 4 4 4 6 1 1 1 678855 0 15 19 18 19 2 5 2 3
0 0 0 0 1 6 1 0 10 1 3 0 5 -1 -1 -1 -1 -1 -1 679389 0 15 19 18 19 2 5 2 3
0 0 0 0 1 6 1 0 10 1 3 0 5 -1 -1 -1 -1 -1 -1 679922 0 15 19 18 19 2 5 2 3
0 0 0 0 1 6 1 0 10 1 3 0 5 -1 -1 -1 -1 -1 -1 680455 0 15 19 18 19 2 5 2 3
0 0 0 0 1 7 1 0 10 1 3 0 5 5 4 7 2 1 1 680988 0 15 19 18 19 2 8 0 3
0 0 0 0 1 6 1 0 10 1 3 0 5 -1 -1 -1 -1 -1 -1 681455 0 15 19 19 21 2 8 0 3
0 0 0 0 1 6 1 0 10 1 3 0 5 -1 -1 -1 -1 -1 -1 681921 0 15 19 19 21 2 8 0 3
0 0 0 0 6 1 1 0 10 1 3 0 4 -1 -1 -1 -1 -1 -1 682421 0 15 19 19 21 2 8 0 3
0 0 0 0 6 3 1 0 10 1 3 0 4 5 4 6 1 0 0 682888 0 15 19 19 21 2 4 2 3
0 0 0 0 6 1 1 0 10 1 3 0 4 -1 -1 -1 -1 -1 -1 683354 0 15 19 19 21 2 4 2 3
0 0 0 0 1 6 1 0 10 1 3 0 5 -1 -1 -1 -1 -1 -1 683854 0 15 19 19 21 2 4 2 3
0 0 0 0 1 6 1 0 10 1 3 0 5 -1 -1 -1 -1 -1 -1 684321 0 15 19 19 21 2 4 2 3
0 0 0 0 1 6 3 0 10 1 3 0 5 6 4 7 2 0 0 684787 0 15 19 19 21 2 6 2 3
0 0 0 0 1 6 1 0 10 1 3 0 5 -1 -1 -1 -1 -1 -1 685254 0 15 19 19 21 2 6 2 3
0 0 0 0 1 6 1 0 10 1 3 0 5 -1 -1 -1 -1 -1 -1 685754 0 15 19 19 21 2 6 2 3
0 0 0 0 1 6 1 0 10 1 3 0 5 -1 -1 -1 -1 -1 -1 686220 0 15 19 19 21 2 6 2 3
0 0 0 0 1 7 1 0 10 1 3 0 5 5 4 7 2 1 1 686687 0 15 19 19 21 2 6 2 3
0 0 0 0 1 6 1 0 10 1 3 0 5 -1 -1 -1 -1 -1 -1 687153 0 15 19 19 21 2 6 2 3
0 0 0 0 1 6 1 0 10 1 3 0 5 -1 -1 -1 -1 -1 -1 687653 0 15 19 19 21 2 6 2 3
0 0 0 0 6 1 1 0 10 1 3 0 4 -1 -1 -1 -1 -1 -1 688120 0 15 19 19 21 2 6 2 3
0 0 0 0 6 3 1 0 10 1 3 0 4 5 4 8 3 0 0 688586 0 15 19 19 21 2 6 2 3
0 0 0 0 1 6 1 0 10 1 3 0 5 -1 -1 -1 -1 -1 -1 689086 0 15 19 19 21 2 6 2 3
0 0 0 0 1 6 1 0 10 1 3 0 5 -1 -1 -1 -1 -1 -1 689553 0 15 19 19 21 2 6 2 3
0 0 0 0 1 6 1 0 10 1 3 0 5 -1 -1 -1 -1 -1 -1 690019 0 15 19 19 21 2 6 2 3
0 0 0 0 1 6 3 0 10 1 3 0 5 6 4 5 0 0 0 690486 0 15 19 19 21 2 5 2 3
0 0 0 0 1 6 1 0 10 1 3 0 5 -1 -1 -1 -1 -1 -1 690986 0 15 19 19 21 2 5 2 3
0 0 0 0 1 6 1 0 10 1 3 0 5 -1 -1 -1 -1 -1 -1 691452 0 15 19 19 21 2 5 2 3
0 0 0 0 1 6 1 0 10 1 3 0 5 -1 -1 -1 -1 -1 -1 691919 0 15 19 19 21 2 5 2 3
0 0 0 0 1 6 3 0 10 1 3 0 5 6 4 6 1 0 0 692419 0 15 19 19 21 2 5 2 3
0 0 0 0 1 6 1 0 10 1 3 0 5 -1 -1 -1 -1 -1 -1 692885 0 15 19 19 21 2 5 2 3
0 0 0 0 1 6 1 0 10 1 3 0 5 -1 -1 -1 -1 -1 -1 693352 0 15 19 19 21 2 5 2 3
0 0 0 0 1 6 1 0 10 1 3 0 5 -1 -1 -1 -1 -1 -1 693818 0 15 19 19 21 2 5 2 3
0 0 0 0 3 6 1 0 10 1 3 0 5 4 4 7 2 0 0 694318 0 15 19 19 21 2 5 2 3
0 0 0 0 1 6 1 0 10 1 3 0 5 -1 -1 -1 -1 -1 -1 694785 0 15 19 19 21 2 5 2 3
0 0 0 0 1 6 1 0 10 1 3 0 5 -1 -1 -1 -1 -1 -1 695251 0 15 19 19 21 2 5 2 3
0 0 0 0 6 1 1 0 10 1 3 0 4 -1 -1 -1 -1 -1 -1 695751 0 15 19 19 21 2 5 2 3
0 0 0 0 6 3 1 0 10 1 3 0 4 5 4 7 2 0 0 696218 0 15 19 19 21 2 8 0 3
0 0 0 0 6 1 1 0 10 1 3 0 4 -1 -1 -1 -1 -1 -1 696684 0 15 19 19 21 2 8 0 3
0 0 0 0 1 6 1 0 10 1 3 0 5 -1 -1 -1 -1 -1 -1 697151 0 15 19 19 21 2 8 0 3
0 0 0 0 1 1 6 0 10 1 3 0 6 -1 -1 -1 -1 -1 -1 697651 0 15 19 19 21 2 8 0 3
0 0 0 0 1 1 7 0 10 1 3 0 6 6 4 6 1 1 1 698117 0 15 19 19 21 2 4 2 3
0 0 0 0 1 1 6 0 10 1 3 0 6 -1 -1 -1 -1 -1 -1 698584 0 15 19 19 21 2 4 2 3
0 0 0 0 1 6 1 0 10 1 3 0 5 -1 -1 -1 -1 -1 -1 699084 0 15 19 19 21 2 4 2 3
0 0 0 0 1 6 1 0 10 1 3 0 5 -1 -1 -1 -1 -1 -1 699550 0 15 19 19 21 2 4 2 3
0 0 0 0 1 7 1 0 10 1 3 0 5 5 4 7 2 1 1 700017 0 15 19 19 21 2 6 2 3
0 0 0 0 1 6 1 0 10 1 3 0 5 -1 -1 -1 -1 -1 -1 700483 0 15 19 19 21 2 6 2 3
0 0 0 0 1 6 1 0 10 1 3 0 5 -1 -1 -1 -1 -1 -1 700917 0 15 19 19 26.25 2 6 2 3
0 0 0 0 1 6 1 0 10 1 3 0 5 -1 -1 -1 -1 -1 -1 701317 0 15 19 19 26.25 2 6 2 3
0 0 0 0 3 6 1 0 10 1 3 0 5 4 4 6 1 0 0 701683 0 15 19 19 26.25 2 6 2 3
0 0 0 0 1 6 1 0 10 1 3 0 5 -1 -1 -1 -1 -1 -1 702083 0 15 19 19 26.25 2 6 2 3
0 0 0 0 1 6 1 0 10 1 3 0 5 -1 -1 -1 -1 -1 -1 702450 0 15 19 19 24.5 2 6 2 3
0 0 0 0 6 1 1 0 10 1 3 0 4 -1 -1 -1 -1 -1 -1 702916 0 15 19 19 21 2 6 2 3
0 0 0 0 8 1 1 0 10 1 3 0 4 4 4 7 2 0 1 703383 0 15 19 19 21 2 6 2 3
0 0 0 0 6 1 1 0 10 1 3 0 4 -1 -1 -1 -1 -1 -1 703916 0 15 19 18 19 2 6 2 3
0 0 0 0 1 6 1 0 10 1 3 0 5 -1 -1 -1 -1 -1 -1 704416 0 15 19 18 19 2 6 2 3
0 0 0 0 6 1 1 0 10 1 3 0 4 -1 -1 -1 -1 -1 -1 704949 0 15 19 18 19 2 6 2 3
0 0 0 0 3 6 1 0 10 1 3 0 5 4 4 6 1 0 0 705482 0 15 19 18 19 2 5 2 3
0 0 0 0 1 6 1 0 10 1 3 0 5 -1 -1 -1 -1 -1 -1 706015 0 15 19 18 19 2 5 2 3
0 0 0 0 1 6 1 0 10 1 3 0 5 -1 -1 -1 -1 -1 -1 706549 0 15 19 18 19 2 5 2 3
0 0 0 0 1 6 1 0 10 1 3 0 5 -1 -1 -1 -1 -1 -1 707048 0 15 19 18 19 2 5 2 3
0 0 0 0 1 7 1 0 10 1 3 0 5 5 4 6 1 1 1 707582 0 15 19 18 19 2 5 2 3
0 0 0 0 1 6 1 0 10 1 3 0 5 -1 -1 -1 -1 -1 -1 708115 0 15 19 18 19 2 5 2 3
0 0 0 0 6 1 1 0 10 1 3 0 4 -1 -1 -1 -1 -1 -1 708648 0 15 19 18 19 2 5 2 3
0 0 0 0 6 1 1 0 10 1 3 0 4 -1 -1 -1 -1 -1 -1 709181 0 15 19 18 19 2 5 2 3
0 0 0 0 6 3 1 0 10 1 3 0 4 5 4 5 0 0 0 709681 0 15 19 18 19 2 5 2 3
0 0 0 0 1 6 1 0 10 1 3 0 5 -1 -1 -1 -1 -1 -1 710214 0 15 19 18 19 2 5 2 3
0 0 0 0 1 6 1 0 10 1 3 0 5 -1 -1 -1 -1 -1 -1 710748 0 15 19 18 19 2 5 2 3
0 0 0 0 1 6 1 0 10 1 3 0 5 -1 -1 -1 -1 -1 -1 711281 0 15 19 18 19 2 5 2 3
0 0 0 0 3 6 1 0 10 1 3 0 5 4 4 8 3 0 0 711781 0 15 19 18 19 2 8 0 3
0 0 0 0 1 6 1 0 10 1 3 0 5 -1 -1 -1 -1 -1 -1 712314 0 15 19 18 19 2 8 0 3
0 0 0 0 6 1 1 0 10 1 3 0 4 -1 -1 -1 -1 -1 -1 712847 0 15 19 18 19 2 8 0 3
0 0 0 0 6 1 1 0 10 1 3 0 4 -1 -1 -1 -1 -1 -1 713380 0 15 19 18 19 2 8 0 3
0 0 0 0 6 3 1 0 10 1 3 0 4 5 4 7 2 0 0 713913 0 15 19 18 19 2 4 2 3
0 0 0 0 6 1 1 0 10 1 3 0 4 -1 -1 -1 -1 -1 -1 714413 0 15 19 18 19 2 4 2 3
0 0 0 0 6 1 1 0 10 1 3 0 4 -1 -1 -1 -1 -1 -1 714947 0 15 19 18 19 2 4 2 3
0 0 0 0 1 6 1 0 10 1 3 0 5 -1 -1 -1 -1 -1 -1 715480 0 15 19 18 19 2 4 2 3
0 0 0 0 3 6 1 0 10 1 3 0 5 4 4 8 3 0 0 716013 0 15 19 18 19 2 6 2 3
0 0 0 0 1 6 1 0 10 1 3 0 5 -1 -1 -1 -1 -1 -1 716546 0 15 19 18 19 2 6 2 3
0 0 0 0 1 6 1 0 10 1 3 0 5 -1 -1 -1 -1 -1 -1 717046 0 15 19 18 19 2 6 2 3
0 0 0 0 6 1 1 0 10 1 3 0 4 -1 -1 -1 -1 -1 -1 717579 0 15 19 18 19 2 6 2 3
0 0 0 0 6 3 1 0 10 1 3 0 4 5 4 5 0 0 0 718112 0 15 19 18 19 2 6 2 3
0 0 0 0 1 6 1 0 10 1 3 0 5 -1 -1 -1 -1 -1 -1 718646 0 15 19 18 19 2 6 2 3
0 0 0 0 1 6 1 0 10 1 3 0 5 -1 -1 -1 -1 -1 -1 719179 0 15 19 18 19 2 6 2 3
0 0 0 0 1 6 1 0 10 1 3 0 5 -1 -1 -1 -1 -1 -1 719679 0 15 19 18 19 2 6 2 3
0 0 0 0 1 6 3 0 10 1 3 0 5 6 4 6 1 0 0 720212 0 15 19 18 19 2 6 2 3
0 0 0 0 1 6 1 0 10 1 3 0 5 -1 -1 -1 -1 -1 -1 720745 0 15 19 18 19 2 6 2 3
0 0 0 0 1 6 1 0 10 1 3 0 5 -1 -1 -1 -1 -1 -1 721278 0 15 19 18 19 2 6 2 3
0 0 0 0 1 6 1 0 10 1 3 0 5 -1 -1 -1 -1 -1 -1 721778 0 15 19 18 19 2 6 2 3
0 0 0 0 3 6 1 0 10 1 3 0 5 4 4 5 0 0 0 722311 0 15 19 18 19 2 5 2 3
0 0 0 0 1 6 1 0 10 1 3 0 5 -1 -1 -1 -1 -1 -1 722845 0 15 19 18 19 2 5 2 3
0 0 0 0 1 6 1 0 10 1 3 0 5 -1 -1 -1 -1 -1 -1 723378 0 15 19 18 19 2 5 2 3
0 0 0 0 1 1 6 0 10 1 3 0 6 -1 -1 -1 -1 -1 -1 723911 0 15 19 18 19 2 5 2 3
0 0 0 0 1 1 7 0 10 1 3 0 6 6 4 5 0 1 1 724411 0 15 19 18 19 2 5 2 3
0 0 0 0 1 6 1 0 10 1 3 0 5 -1 -1 -1 -1 -1 -1 724911 0 15 19 19 21 2 5 2 3
0 0 0 0 1 6 1 0 10 1 3 0 5 -1 -1 -1 -1 -1 -1 725377 0 15 19 19 21 2 5 2 3
0 0 0 0 1 6 1 0 10 1 3 0 5 -1 -1 -1 -1 -1 -1 725844 0 15 19 19 21 2 5 2 3
0 0 0 0 3 6 1 0 10 1 3 0 5 4 4 7 2 0 0 726344 0 15 19 19 21 2 5 2 3
0 0 0 0 1 6 1 0 10 1 3 0 5 -1 -1 -1 -1 -1 -1 726810 0 15 19 19 21 2 5 2 3
0 0 0 0 1 6 1 0 10 1 3 0 5 -1 -1 -1 -1 -1 -1 727277 0 15 19 19 21 2 5 2 3
0 0 0 0 6 1 1 0 10 1 3 0 4 -1 -1 -1 -1 -1 -1 727777 0 15 19 19 21 2 5 2 3
0 0 0 0 6 3 1 0 10 1 3 0 4 5 4 8 3 0 0 728243 0 15 19 19 21 2 8 0 3
0 0 0 0 6 1 1 0 10 1 3 0 4 -1 -1 -1 -1 -1 -1 728710 0 15 19 19 21 2 8 0 3
0 0 0 0 1 6 1 0 10 1 3 0 5 -1 -1 -1 -1 -1 -1 729176 0 15 19 19 21 2 8 0 3
0 0 0 0 1 6 1 0 10 1 3 0 5 -1 -1 -1 -1 -1 -1 729676 0 15 19 19 21 2 8 0 3
0 0 0 0 1 7 1 0 10 1 3 0 5 5 4 5 0 1 1 730143 0 15 19 19 21 2 4 2 3
0 0 0 0 1 6 1 0 10 1 3 0 5 -1 -1 -1 -1 -1 -1 730609 0 15 19 19 21 2 4 2 3
0 0 0 0 1 1 6 0 10 1 3 0 6 -1 -1 -1 -1 -1 -1 731109 0 15 19 19 21 2 4 2 3
0 0 0 0 1 1 6 0 10 1 3 0 6 -1 -1 -1 -1 -1 -1 731576 0 15 19 19 21 2 4 2 3
0 0 0 0 1 1 7 0 10 1 3 0 6 6 4 7 2 1 1 732042 0 15 19 19 21 2 6 2 3
