% Tunnel Log: 
% debug seed: 1462299294
%
% SegEncNW { '0'=no panel, '1'=panel, '4'=obstacle, '5'=collided obstacle, '6'=player, '7'=player right, '8'=player wrong, '2'=target, '3'=fake }
% SegEncN
% SegEncNE
% SegEncE
% SegEncSE
% SegEncS
% SegEncSW
% SegEncW
% Event Number { 0, inf }
% Task Type { 0=Color/Sound, 1=Shape/Sound, 2=Sound, 3=Navigation, 4=Speed, 5=Training 6=Recess, 7=Special 2-Back }
% N-Back { 0, inf }
% Navigation Level { 0, inf }
% Player Loc { 0=Northwest ... 7=West }
% Pod Loc { -1=N/A, 0=Northwest ... 7=West }
% Pod Color { -1, inf }
% Pod Shape { -1, inf }
% Pod Sound { -1, inf }
% Pod Match { -1=N/A, 0=No, 1=Yes }
% Pod Taken { -1=N/A, 0=No, 1=Yes }
% Timestamp (ms)
% Num Obstacles { 0, inf }
% Min Speed { 0, inf }
% Max Speed { 0, inf }
% Base Speed { 0, inf }
% Final Speed { 0, inf }
% Navigation Score { 0, inf }
% Segment Direction { 0=Northwest ... 7=West }
% Segment Angle { 0, inf }
% Segment Panels { 0, inf }
%
% SegEncNW SecEncN SegEncNE SegEncE SegEncSE SegEncS SegEncSW SegEncW EventNumber TaskType N-Back Navigation PlayerLoc PodLoc PodColor PodShape PodSound PodMatch PodTaken Timestamp NumObs MinSpeed MaxSpeed BaseSpeed FinalSpeed NavScore SegmentDir SegmentAngle SegmentPanels
0 0 0 0 1 6 1 0 0 3 1 0 5 -1 -1 -1 -1 -1 -1 74332 0 15 40 17 60 2 8 0 3
0 0 0 0 1 6 1 0 0 3 1 0 5 -1 -1 -1 -1 -1 -1 74499 0 15 40 17 60 2 8 0 3
0 0 0 0 1 6 1 0 0 3 1 0 5 -1 -1 -1 -1 -1 -1 74665 0 15 40 17 60 2 6 2 3
0 0 0 0 1 6 1 0 0 3 1 0 5 -1 -1 -1 -1 -1 -1 74832 0 15 40 17 51.2 2 6 2 3
0 0 0 0 1 6 1 0 0 3 1 0 5 -1 -1 -1 -1 -1 -1 75099 0 15 40 17 27.7333 2 6 2 3
0 0 0 0 1 6 1 0 0 3 1 0 5 -1 -1 -1 -1 -1 -1 75665 0 15 40 17 16 2 6 2 3
0 0 0 0 1 6 1 0 0 3 1 0 5 -1 -1 -1 -1 -1 -1 76299 0 15 40 17 16 2 5 2 3
0 0 0 0 1 6 1 0 0 3 1 0 5 -1 -1 -1 -1 -1 -1 76932 0 15 40 17 16 2 5 2 3
0 0 0 0 1 6 1 0 0 3 1 0 5 -1 -1 -1 -1 -1 -1 77532 0 15 40 17 16 2 5 2 3
0 0 0 0 1 1 6 0 0 3 1 0 6 -1 -1 -1 -1 -1 -1 78165 0 15 40 17 16 2 5 2 3
0 0 0 0 1 1 7 0 0 3 1 0 6 6 5 4 4 1 1 78799 0 15 40 17 16 2 4 2 3
0 0 0 0 1 6 1 0 0 3 1 0 5 -1 -1 -1 -1 -1 -1 79432 0 15 40 17 16 2 4 2 3
0 0 0 0 6 1 1 0 0 3 1 0 4 -1 -1 -1 -1 -1 -1 80032 0 15 40 17 16 2 4 2 3
0 0 0 0 6 1 1 0 0 3 1 0 4 -1 -1 -1 -1 -1 -1 80665 0 15 40 17 16 2 4 2 3
0 0 0 0 7 1 1 0 0 3 1 0 4 4 5 4 4 1 1 81299 0 15 40 17 16 2 4 2 3
0 0 0 0 1 6 1 0 0 3 1 0 5 -1 -1 -1 -1 -1 -1 81832 0 15 40 18 19 2 4 2 3
0 0 0 0 6 1 1 0 0 3 1 0 4 -1 -1 -1 -1 -1 -1 82365 0 15 40 18 19 2 4 2 3
0 0 0 0 6 1 1 0 0 3 1 0 4 -1 -1 -1 -1 -1 -1 82899 0 15 40 18 19 2 4 2 3
0 0 0 0 7 1 1 0 0 3 1 0 4 4 5 4 4 1 1 83432 0 15 40 18 19 2 4 2 3
0 0 0 0 6 1 1 0 0 3 1 0 4 -1 -1 -1 -1 -1 -1 83932 0 15 40 18 19 2 4 2 3
0 0 0 0 1 6 1 0 0 3 1 0 5 -1 -1 -1 -1 -1 -1 84465 0 15 40 18 19 2 4 2 3
0 0 0 0 1 6 1 0 0 3 1 0 5 -1 -1 -1 -1 -1 -1 84999 0 15 40 18 19 2 4 2 3
0 0 0 0 1 7 1 0 0 3 1 0 5 5 5 4 4 1 1 85532 0 15 40 18 19 2 4 2 3
0 0 0 0 1 6 1 0 0 3 1 0 5 -1 -1 -1 -1 -1 -1 85999 0 15 40 19 21 2 4 2 3
0 0 0 0 6 1 1 0 0 3 1 0 4 -1 -1 -1 -1 -1 -1 86499 0 15 40 19 21 2 4 2 3
0 0 0 0 6 1 1 0 0 3 1 0 4 -1 -1 -1 -1 -1 -1 86965 0 15 40 19 21 2 4 2 3
0 0 0 1 7 1 1 1 0 3 1 0 4 4 5 4 4 1 1 87432 0 15 40 19 21 2 4 2 5
0 0 0 1 6 1 1 1 0 3 1 1 4 -1 -1 -1 -1 -1 -1 87899 0 15 40 19 21 2 4 2 5
0 0 0 1 6 1 1 1 0 3 1 1 4 -1 -1 -1 -1 -1 -1 88398 0 15 40 19 21 2 4 2 5
0 0 0 1 6 1 1 1 0 3 1 1 4 -1 -1 -1 -1 -1 -1 88865 0 15 40 19 21 2 4 2 5
0 0 0 1 7 1 1 1 0 3 1 1 4 4 5 4 4 1 1 89332 0 15 40 19 21 2 8 0 5
0 0 0 1 6 1 1 1 0 3 1 1 4 -1 -1 -1 -1 -1 -1 89798 0 15 40 20 22 2 8 0 5
0 0 0 1 6 1 1 1 0 3 1 1 4 -1 -1 -1 -1 -1 -1 90265 0 15 40 20 22 2 8 0 5
0 0 0 1 6 1 1 1 0 3 1 1 4 -1 -1 -1 -1 -1 -1 90698 0 15 40 20 22 2 8 0 5
0 0 0 1 7 1 1 1 0 3 1 1 4 4 5 4 4 1 1 91165 0 15 40 20 22 2 6 2 5
0 0 0 1 6 1 1 1 0 3 1 1 4 -1 -1 -1 -1 -1 -1 91598 0 15 40 20 22 2 6 2 5
0 0 0 1 1 6 1 1 0 3 1 1 5 -1 -1 -1 -1 -1 -1 92065 0 15 40 20 22 2 6 2 5
0 0 0 1 1 6 1 1 0 3 1 1 5 -1 -1 -1 -1 -1 -1 92532 0 15 40 20 22 2 6 2 5
0 0 0 1 1 7 1 1 0 3 1 1 5 5 5 4 4 1 1 92965 0 15 40 20 22 2 5 2 5
0 0 0 1 1 6 1 1 0 3 1 1 5 -1 -1 -1 -1 -1 -1 93432 0 15 40 21 23 2 5 2 5
0 0 0 1 6 1 1 1 0 3 1 1 4 -1 -1 -1 -1 -1 -1 93865 0 15 40 21 23 2 5 2 5
0 0 0 1 6 1 1 1 0 3 1 1 4 -1 -1 -1 -1 -1 -1 94298 0 15 40 21 23 2 5 2 5
0 0 0 1 7 1 1 1 0 3 1 1 4 4 5 4 4 1 1 94732 0 15 40 21 23 2 4 2 5
0 0 0 1 6 1 1 1 0 3 1 1 4 -1 -1 -1 -1 -1 -1 95165 0 15 40 21 23 2 4 2 5
0 0 0 1 1 6 1 1 0 3 1 1 5 -1 -1 -1 -1 -1 -1 95598 0 15 40 21 23 2 4 2 5
0 0 0 1 1 6 1 1 0 3 1 1 5 -1 -1 -1 -1 -1 -1 96032 0 15 40 21 23 2 4 2 5
0 0 0 1 1 7 1 1 0 3 1 1 5 5 5 4 4 1 1 96465 0 15 40 21 23 2 4 2 5
0 0 0 1 1 6 1 1 0 3 1 1 5 -1 -1 -1 -1 -1 -1 96865 0 15 40 22 24 2 4 2 5
0 0 0 1 1 1 6 1 0 3 1 1 6 -1 -1 -1 -1 -1 -1 97298 0 15 40 22 24 2 4 2 5
0 0 0 1 1 1 6 1 0 3 1 1 6 -1 -1 -1 -1 -1 -1 97698 0 15 40 22 24 2 4 2 5
0 0 0 1 1 1 7 1 0 3 1 1 6 6 5 4 4 1 1 98132 0 15 40 22 24 2 4 2 5
0 0 0 1 1 1 6 1 0 3 1 1 6 -1 -1 -1 -1 -1 -1 98532 0 15 40 22 24 2 4 2 5
0 0 0 1 1 6 1 1 0 3 1 1 5 -1 -1 -1 -1 -1 -1 98965 0 15 40 22 24 2 4 2 5
0 0 0 1 1 6 1 1 0 3 1 1 5 -1 -1 -1 -1 -1 -1 99365 0 15 40 22 24 2 4 2 5
0 0 0 1 1 7 1 1 0 3 1 1 5 5 5 4 4 1 1 99798 0 15 40 22 24 2 4 2 5
0 0 0 1 1 6 1 1 0 3 1 2 5 -1 -1 -1 -1 -1 -1 100198 0 15 40 23 25 2 4 2 5
0 0 0 1 1 1 6 1 0 3 1 2 6 -1 -1 -1 -1 -1 -1 100598 0 15 40 23 25 2 4 2 5
0 0 0 1 1 1 1 6 0 3 1 2 7 -1 -1 -1 -1 -1 -1 100998 0 15 40 23 25 2 4 2 5
0 0 0 1 1 1 1 7 0 3 1 2 7 7 5 4 4 1 1 101398 0 15 40 23 25 2 4 2 5
0 0 0 1 1 1 1 6 0 3 1 2 7 -1 -1 -1 -1 -1 -1 101798 0 15 40 23 25 2 4 2 5
0 0 0 4 1 6 1 1 0 3 1 2 5 -1 -1 -1 -1 -1 -1 102198 1 15 40 23 25 2 4 2 5
0 0 0 1 1 6 1 1 0 3 1 2 5 -1 -1 -1 -1 -1 -1 102598 0 15 40 23 25 2 4 2 5
0 0 0 1 1 7 1 1 0 3 1 2 5 5 5 4 4 1 1 102998 0 15 40 23 25 2 8 0 5
0 0 0 1 1 6 1 1 0 3 1 2 5 -1 -1 -1 -1 -1 -1 103398 0 15 40 24 25.5 2 8 0 5
0 0 0 1 1 6 4 1 0 3 1 2 5 -1 -1 -1 -1 -1 -1 103798 1 15 40 24 25.5 2 8 0 5
0 0 0 1 1 1 6 1 0 3 1 2 6 -1 -1 -1 -1 -1 -1 104165 0 15 40 24 25.5 2 8 0 5
0 0 0 1 1 1 7 1 0 3 1 2 6 6 5 4 4 1 1 104565 0 15 40 24 25.5 2 6 2 5
0 0 0 1 1 1 6 1 0 3 1 2 6 -1 -1 -1 -1 -1 -1 104965 0 15 40 24 25.5 2 6 2 5
0 0 0 4 1 6 1 1 0 3 1 2 5 -1 -1 -1 -1 -1 -1 105365 1 15 40 24 25.5 2 6 2 5
0 0 0 1 1 6 1 1 0 3 1 2 5 -1 -1 -1 -1 -1 -1 105732 0 15 40 24 25.5 2 6 2 5
0 0 0 1 1 7 1 1 0 3 1 2 5 5 5 4 4 1 1 106132 0 15 40 24 25.5 2 5 2 5
0 0 0 1 1 6 1 1 0 3 1 2 5 -1 -1 -1 -1 -1 -1 106532 0 15 40 25 26 2 5 2 5
0 0 0 4 1 1 6 1 0 3 1 2 6 -1 -1 -1 -1 -1 -1 106898 1 15 40 25 26 2 5 2 5
0 0 0 1 1 1 6 1 0 3 1 2 6 -1 -1 -1 -1 -1 -1 107298 0 15 40 25 26 2 5 2 5
0 0 0 1 1 1 7 1 0 3 1 2 6 6 5 4 4 1 1 107665 0 15 40 25 26 2 4 2 5
0 0 0 1 1 1 6 1 0 3 1 2 6 -1 -1 -1 -1 -1 -1 108065 0 15 40 25 26 2 4 2 5
0 0 0 1 1 4 6 1 0 3 1 2 6 -1 -1 -1 -1 -1 -1 108432 1 15 40 25 26 2 4 2 5
0 0 0 1 1 6 1 1 0 3 1 2 5 -1 -1 -1 -1 -1 -1 108832 0 15 40 25 26 2 4 2 5
0 0 0 1 7 1 1 1 0 3 1 2 4 4 5 4 4 1 1 109198 0 15 40 25 26 2 4 2 5
0 0 0 1 6 1 1 1 0 3 1 2 4 -1 -1 -1 -1 -1 -1 109598 0 15 40 26 26.5 2 4 2 5
0 0 0 1 6 1 4 1 0 3 1 2 4 -1 -1 -1 -1 -1 -1 109965 1 15 40 26 26.5 2 4 2 5
0 0 0 1 6 1 1 1 0 3 1 2 4 -1 -1 -1 -1 -1 -1 110331 0 15 40 26 26.5 2 4 2 5
0 0 0 1 7 1 1 1 0 3 1 2 4 4 5 4 4 1 1 110731 0 15 40 26 26.5 2 4 2 5
0 0 0 1 6 1 1 1 0 3 1 2 4 -1 -1 -1 -1 -1 -1 111098 0 15 40 26 26.5 2 4 2 5
0 0 0 1 6 4 1 1 0 3 1 2 4 -1 -1 -1 -1 -1 -1 111465 1 15 40 26 26.5 2 4 2 5
0 0 0 1 1 6 1 1 0 3 1 2 5 -1 -1 -1 -1 -1 -1 111865 0 15 40 26 26.5 2 4 2 5
0 0 0 1 1 1 7 1 0 3 1 2 6 6 5 4 4 1 1 112231 0 15 40 26 26.5 2 4 2 5
0 0 0 1 1 1 6 1 0 3 1 2 6 -1 -1 -1 -1 -1 -1 112598 0 15 40 27 27 2 4 2 5
0 0 0 1 1 6 1 4 0 3 1 2 5 -1 -1 -1 -1 -1 -1 112965 1 15 40 27 27 2 4 2 5
0 0 0 1 1 6 1 1 0 3 1 2 5 -1 -1 -1 -1 -1 -1 113331 0 15 40 27 27 2 4 2 5
0 0 0 1 1 7 1 1 0 3 1 2 5 5 5 4 4 1 1 113698 0 15 40 27 27 2 4 2 5
0 0 0 1 1 6 1 1 0 3 1 2 5 -1 -1 -1 -1 -1 -1 114098 0 15 40 27 27 2 4 2 5
0 0 0 1 1 6 1 4 0 3 1 2 5 -1 -1 -1 -1 -1 -1 114465 1 15 40 27 27 2 4 2 5
0 0 0 1 1 6 1 1 0 3 1 2 5 -1 -1 -1 -1 -1 -1 114831 0 15 40 27 27 2 4 2 5
0 0 0 1 1 7 1 1 0 3 1 2 5 5 5 4 4 1 1 115198 0 15 40 27 27 2 8 0 5
0 0 0 1 1 1 6 1 0 3 1 2 6 -1 -1 -1 -1 -1 -1 115565 0 15 40 28 27.5 2 8 0 5
0 0 0 1 1 4 6 1 0 3 1 2 6 -1 -1 -1 -1 -1 -1 115931 1 15 40 28 27.5 2 8 0 5
0 0 0 1 1 1 1 6 0 3 1 2 7 -1 -1 -1 -1 -1 -1 116298 0 15 40 28 27.5 2 8 0 5
0 0 0 1 1 1 1 7 0 3 1 2 7 7 5 4 4 1 1 116665 0 15 40 28 27.5 2 6 2 5
0 0 0 1 1 1 1 6 0 3 1 2 7 -1 -1 -1 -1 -1 -1 116998 0 15 40 28 27.5 2 6 2 5
0 0 0 1 1 1 4 6 0 3 1 2 7 -1 -1 -1 -1 -1 -1 117365 1 15 40 28 27.5 2 6 2 5
0 0 0 1 1 1 6 1 0 3 1 2 6 -1 -1 -1 -1 -1 -1 117731 0 15 40 28 27.5 2 6 2 5
0 0 0 1 1 1 7 1 0 3 1 2 6 6 5 4 4 1 1 118098 0 15 40 28 27.5 2 5 2 5
0 0 0 1 1 1 6 1 0 3 1 2 6 -1 -1 -1 -1 -1 -1 118465 0 15 40 29 28 2 5 2 5
0 0 0 4 1 1 6 1 0 3 1 2 6 -1 -1 -1 -1 -1 -1 118831 1 15 40 29 28 2 5 2 5
0 0 0 1 1 1 6 1 0 3 1 2 6 -1 -1 -1 -1 -1 -1 119165 0 15 40 29 28 2 5 2 5
0 0 0 1 1 1 7 1 0 3 1 2 6 6 5 4 4 1 1 119531 0 15 40 29 28 2 4 2 5
0 0 0 1 1 6 1 1 0 3 1 2 5 -1 -1 -1 -1 -1 -1 119898 0 15 40 29 28 2 4 2 5
0 0 0 1 1 6 4 1 0 3 1 2 5 -1 -1 -1 -1 -1 -1 120231 1 15 40 29 28 2 4 2 5
0 0 0 1 1 1 6 1 0 3 1 2 6 -1 -1 -1 -1 -1 -1 120598 0 15 40 29 28 2 4 2 5
0 0 0 1 1 1 7 1 0 3 1 2 6 6 5 4 4 1 1 120965 0 15 40 29 28 2 4 2 5
0 0 0 1 1 1 6 1 0 3 1 2 6 -1 -1 -1 -1 -1 -1 121298 0 15 40 30 28.5 2 4 2 5
0 0 0 1 1 1 6 4 0 3 1 2 6 -1 -1 -1 -1 -1 -1 121665 1 15 40 30 28.5 2 4 2 5
0 0 0 1 1 1 1 6 0 3 1 2 7 -1 -1 -1 -1 -1 -1 122031 0 15 40 30 28.5 2 4 2 5
0 0 0 1 1 1 1 7 0 3 1 2 7 7 5 4 4 1 1 122365 0 15 40 30 28.5 2 4 2 5
0 0 0 1 1 1 6 1 0 3 1 2 6 -1 -1 -1 -1 -1 -1 122731 0 15 40 30 28.5 2 4 2 5
0 0 0 1 4 6 1 1 0 3 1 2 5 -1 -1 -1 -1 -1 -1 123065 1 15 40 30 28.5 2 4 2 5
0 0 0 1 1 6 1 1 0 3 1 2 5 -1 -1 -1 -1 -1 -1 123431 0 15 40 30 28.5 2 4 2 5
0 0 0 1 1 7 1 1 0 3 1 2 5 5 5 4 4 1 1 123765 0 15 40 30 28.5 2 4 2 5
0 0 0 1 1 6 1 1 0 3 1 2 5 -1 -1 -1 -1 -1 -1 124131 0 15 40 31 29 2 4 2 5
0 0 0 1 6 1 1 4 0 3 1 2 4 -1 -1 -1 -1 -1 -1 124465 1 15 40 31 29 2 4 2 5
0 0 0 6 1 1 1 1 0 3 1 2 3 -1 -1 -1 -1 -1 -1 124798 0 15 40 31 29 2 4 2 5
0 0 0 7 1 1 1 1 0 3 1 2 3 3 5 4 4 1 1 125165 0 15 40 31 29 2 4 2 5
0 0 0 6 1 1 1 1 0 3 1 2 3 -1 -1 -1 -1 -1 -1 125498 0 15 40 31 29 2 4 2 5
0 0 0 6 1 4 1 1 0 3 1 2 3 -1 -1 -1 -1 -1 -1 125831 1 15 40 31 29 2 4 2 5
0 0 0 6 1 1 1 1 0 3 1 2 3 -1 -1 -1 -1 -1 -1 126198 0 15 40 31 29 2 4 2 5
0 0 0 7 1 1 1 1 0 3 1 2 3 3 5 4 4 1 1 126531 0 15 40 31 29 2 8 0 5
0 0 0 1 6 1 1 1 0 3 1 2 4 -1 -1 -1 -1 -1 -1 126865 0 15 40 32 29.5 2 8 0 5
0 0 0 4 6 1 1 1 0 3 1 2 4 -1 -1 -1 -1 -1 -1 127198 1 15 40 32 29.5 2 8 0 5
0 0 0 6 1 1 1 1 0 3 1 2 3 -1 -1 -1 -1 -1 -1 127531 0 15 40 32 29.5 2 8 0 5
0 0 0 7 1 1 1 1 0 3 1 2 3 3 5 4 4 1 1 127898 0 15 40 32 29.5 2 6 2 5
0 0 0 1 6 1 1 1 0 3 1 2 4 -1 -1 -1 -1 -1 -1 128231 0 15 40 32 29.5 2 6 2 5
0 0 0 4 6 1 1 1 0 3 1 2 4 -1 -1 -1 -1 -1 -1 128565 1 15 40 32 29.5 2 6 2 5
0 0 0 6 1 1 1 1 0 3 1 2 3 -1 -1 -1 -1 -1 -1 128898 0 15 40 32 29.5 2 6 2 5
0 0 0 7 1 1 1 1 0 3 1 2 3 3 5 4 4 1 1 129231 0 15 40 32 29.5 2 5 2 5
0 0 0 1 6 1 1 1 0 3 1 2 4 -1 -1 -1 -1 -1 -1 129565 0 15 40 33 30 2 5 2 5
0 0 0 4 6 1 1 1 0 3 1 2 4 -1 -1 -1 -1 -1 -1 129898 1 15 40 33 30 2 5 2 5
0 0 0 1 6 1 1 1 0 3 1 2 4 -1 -1 -1 -1 -1 -1 130232 0 15 40 33 30 2 5 2 5
0 0 0 1 7 1 1 1 0 3 1 2 4 4 5 4 4 1 1 130565 0 15 40 33 30 2 4 2 5
0 0 0 6 1 1 1 1 0 3 1 2 3 -1 -1 -1 -1 -1 -1 130899 0 15 40 33 30 2 4 2 5
0 0 0 6 4 1 1 1 0 3 1 2 3 -1 -1 -1 -1 -1 -1 131232 1 15 40 33 30 2 4 2 5
0 0 0 1 6 1 1 1 0 3 1 2 4 -1 -1 -1 -1 -1 -1 131565 0 15 40 33 30 2 4 2 5
0 0 0 1 1 1 7 1 0 3 1 2 6 6 5 4 4 1 1 131899 0 15 40 33 30 2 4 2 5
0 0 0 1 1 1 6 1 0 3 1 2 6 -1 -1 -1 -1 -1 -1 132232 0 15 40 34 30.5 2 4 2 5
0 0 0 1 1 4 6 1 0 3 1 2 6 -1 -1 -1 -1 -1 -1 132566 1 15 40 34 30.5 2 4 2 5
0 0 0 1 1 6 1 1 0 3 1 2 5 -1 -1 -1 -1 -1 -1 132899 0 15 40 34 30.5 2 4 2 5
0 0 0 1 7 1 1 1 0 3 1 2 4 4 5 4 4 1 1 133232 0 15 40 34 30.5 2 4 2 5
0 0 0 1 6 1 1 1 0 3 1 2 4 -1 -1 -1 -1 -1 -1 133532 0 15 40 34 30.5 2 4 2 5
0 0 0 4 6 1 1 1 0 3 1 2 4 -1 -1 -1 -1 -1 -1 133866 1 15 40 34 30.5 2 4 2 5
0 0 0 1 6 1 1 1 0 3 1 2 4 -1 -1 -1 -1 -1 -1 134199 0 15 40 34 30.5 2 4 2 5
0 0 0 0 1 6 1 0 1 4 1 0 5 -1 -1 -1 -1 -1 -1 143234 0 15 40 17 60 2 8 0 3
0 0 0 0 1 6 1 0 1 4 1 0 5 -1 -1 -1 -1 -1 -1 143401 0 15 40 17 60 2 8 0 3
0 0 0 0 1 6 1 0 1 4 1 0 5 -1 -1 -1 -1 -1 -1 143568 0 15 40 17 60 2 6 2 3
0 0 0 0 1 6 1 0 1 4 1 0 5 -1 -1 -1 -1 -1 -1 143735 0 15 40 17 51.2 2 6 2 3
0 0 0 0 1 6 1 0 1 4 1 0 5 -1 -1 -1 -1 -1 -1 144001 0 15 40 17 27.7333 2 6 2 3
0 0 0 0 1 6 1 0 1 4 1 0 5 -1 -1 -1 -1 -1 -1 144568 0 15 40 17 16 2 6 2 3
0 0 0 0 1 6 1 0 1 4 1 0 5 -1 -1 -1 -1 -1 -1 145202 0 15 40 17 16 2 6 2 3
0 0 0 0 1 6 1 0 1 4 1 0 5 -1 -1 -1 -1 -1 -1 145835 0 15 40 17 16 2 6 2 3
0 0 0 0 1 6 1 0 1 4 1 0 5 -1 -1 -1 -1 -1 -1 146435 0 15 40 17 16 2 6 2 3
0 0 0 0 1 6 1 0 1 4 1 0 5 -1 -1 -1 -1 -1 -1 147069 0 15 40 17 16 2 6 2 3
0 0 0 0 1 6 3 0 1 4 1 0 5 6 1 7 2 0 0 147702 0 15 40 17 16 2 5 2 3
0 0 0 0 1 6 1 0 1 4 1 0 5 -1 -1 -1 -1 -1 -1 148336 0 15 40 17 16 2 5 2 3
0 0 0 0 1 1 6 0 1 4 1 0 6 -1 -1 -1 -1 -1 -1 148936 0 15 40 17 16 2 5 2 3
0 0 0 0 1 1 6 0 1 4 1 0 6 -1 -1 -1 -1 -1 -1 149569 0 15 40 17 16 2 5 2 3
0 0 0 0 1 3 6 0 1 4 1 0 6 5 2 5 0 0 0 150203 0 15 40 17 16 2 5 2 3
0 0 0 0 1 6 1 0 1 4 1 0 5 -1 -1 -1 -1 -1 -1 150836 0 15 40 17 16 2 5 2 3
0 0 0 0 1 6 1 0 1 4 1 0 5 -1 -1 -1 -1 -1 -1 151436 0 15 40 17 16 2 5 2 3
0 0 0 0 1 6 1 0 1 4 1 0 5 -1 -1 -1 -1 -1 -1 152070 0 15 40 17 16 2 5 2 3
0 0 0 0 1 6 3 0 1 4 1 0 5 6 0 6 1 0 0 152703 0 15 40 17 16 2 6 2 3
0 0 0 0 1 6 1 0 1 4 1 0 5 -1 -1 -1 -1 -1 -1 153337 0 15 40 17 16 2 6 2 3
0 0 0 0 1 1 6 0 1 4 1 0 6 -1 -1 -1 -1 -1 -1 153937 0 15 40 17 16 2 6 2 3
0 0 0 0 1 1 6 0 1 4 1 0 6 -1 -1 -1 -1 -1 -1 154570 0 15 40 17 16 2 6 2 3
0 0 0 0 1 3 6 0 1 4 1 0 6 5 2 5 0 0 0 155204 0 15 40 17 16 2 6 2 3
0 0 0 0 1 1 6 0 1 4 1 0 6 -1 -1 -1 -1 -1 -1 155837 0 15 40 17 16 2 6 2 3
0 0 0 0 1 6 1 0 1 4 1 0 5 -1 -1 -1 -1 -1 -1 156437 0 15 40 17 16 2 6 2 3
0 0 0 0 1 6 1 0 1 4 1 0 5 -1 -1 -1 -1 -1 -1 157071 0 15 40 17 16 2 6 2 3
0 0 0 1 1 7 1 1 1 4 1 0 5 5 2 5 0 1 1 157704 0 15 40 17 16 2 6 2 5
0 0 0 1 1 6 1 1 1 4 1 1 5 -1 -1 -1 -1 -1 -1 158338 0 15 40 17 16 2 6 2 5
0 0 0 1 1 6 1 1 1 4 1 1 5 -1 -1 -1 -1 -1 -1 158938 0 15 40 17 16 2 6 2 5
0 0 0 1 1 6 1 1 1 4 1 1 5 -1 -1 -1 -1 -1 -1 159571 0 15 40 17 16 2 6 2 5
0 0 0 1 3 6 1 1 1 4 1 1 5 4 1 7 2 0 0 160205 0 15 40 17 16 2 8 0 5
0 0 0 1 1 6 1 1 1 4 1 1 5 -1 -1 -1 -1 -1 -1 160805 0 15 40 17 16 2 8 0 5
0 0 0 1 1 6 1 1 1 4 1 1 5 -1 -1 -1 -1 -1 -1 161438 0 15 40 17 16 2 8 0 5
0 0 0 1 1 6 1 1 1 4 1 1 5 -1 -1 -1 -1 -1 -1 162072 0 15 40 17 16 2 8 0 5
0 0 0 1 1 6 3 1 1 4 1 1 5 6 3 8 3 0 0 162705 0 15 40 17 16 2 6 2 5
0 0 0 1 1 6 1 1 1 4 1 1 5 -1 -1 -1 -1 -1 -1 163305 0 15 40 17 16 2 6 2 5
0 0 0 1 1 6 1 1 1 4 1 1 5 -1 -1 -1 -1 -1 -1 163939 0 15 40 17 16 2 6 2 5
0 0 0 1 1 6 1 1 1 4 1 1 5 -1 -1 -1 -1 -1 -1 164572 0 15 40 17 16 2 6 2 5
0 0 0 1 1 7 1 1 1 4 1 1 5 5 3 8 3 1 1 165206 0 15 40 17 16 2 6 2 5
0 0 0 1 1 6 1 1 1 4 1 1 5 -1 -1 -1 -1 -1 -1 165739 0 15 40 18 19 2 6 2 5
0 0 0 1 1 6 1 1 1 4 1 1 5 -1 -1 -1 -1 -1 -1 166273 0 15 40 18 19 2 6 2 5
0 0 0 1 1 6 1 1 1 4 1 1 5 -1 -1 -1 -1 -1 -1 166806 0 15 40 18 19 2 6 2 5
0 0 0 1 1 7 1 1 1 4 1 1 5 5 3 8 3 1 1 167306 0 15 40 18 19 2 5 2 5
0 0 0 1 1 6 1 1 1 4 1 1 5 -1 -1 -1 -1 -1 -1 167840 0 15 40 18 19 2 5 2 5
0 0 0 1 1 6 1 1 1 4 1 1 5 -1 -1 -1 -1 -1 -1 168373 0 15 40 18 19 2 5 2 5
0 0 0 1 1 6 1 1 1 4 1 1 5 -1 -1 -1 -1 -1 -1 168907 0 15 40 18 19 2 5 2 5
0 0 0 3 1 6 1 1 1 4 1 1 5 3 0 6 1 0 0 169440 0 15 40 18 19 2 5 2 5
0 0 0 1 1 6 1 1 1 4 1 1 5 -1 -1 -1 -1 -1 -1 169940 0 15 40 18 19 2 5 2 5
0 0 0 1 1 6 1 1 1 4 1 1 5 -1 -1 -1 -1 -1 -1 170474 0 15 40 18 19 2 5 2 5
0 0 0 1 1 6 1 1 1 4 1 1 5 -1 -1 -1 -1 -1 -1 171007 0 15 40 18 19 2 5 2 5
0 0 0 3 1 6 1 1 1 4 1 1 5 3 1 7 2 0 0 171541 0 15 40 18 19 2 6 2 5
0 0 0 1 1 6 1 1 1 4 1 1 5 -1 -1 -1 -1 -1 -1 172074 0 15 40 18 19 2 6 2 5
0 0 0 1 1 6 1 1 1 4 1 1 5 -1 -1 -1 -1 -1 -1 172574 0 15 40 18 19 2 6 2 5
0 0 0 1 1 6 1 1 1 4 1 1 5 -1 -1 -1 -1 -1 -1 173108 0 15 40 18 19 2 6 2 5
0 0 0 3 1 6 1 1 1 4 1 1 5 3 0 6 1 0 0 173641 0 15 40 18 19 2 6 2 5
0 0 0 1 1 6 1 1 1 4 1 2 5 -1 -1 -1 -1 -1 -1 174174 0 15 40 18 19 2 6 2 5
0 0 0 1 1 6 1 1 1 4 1 2 5 -1 -1 -1 -1 -1 -1 174675 0 15 40 18 19 2 6 2 5
0 0 0 1 1 6 1 1 1 4 1 2 5 -1 -1 -1 -1 -1 -1 175208 0 15 40 18 19 2 6 2 5
0 0 0 3 1 6 1 1 1 4 1 2 5 3 3 8 3 0 0 175741 0 15 40 18 19 2 6 2 5
0 0 0 1 1 6 1 1 1 4 1 2 5 -1 -1 -1 -1 -1 -1 176275 0 15 40 18 19 2 6 2 5
0 0 0 1 1 6 1 4 1 4 1 2 5 -1 -1 -1 -1 -1 -1 176808 1 15 40 18 19 2 6 2 5
0 0 0 1 1 6 1 1 1 4 1 2 5 -1 -1 -1 -1 -1 -1 177308 0 15 40 18 19 2 6 2 5
0 0 0 1 3 6 1 1 1 4 1 2 5 4 0 6 1 0 0 177842 0 15 40 18 19 2 8 0 5
0 0 0 1 1 6 1 1 1 4 1 2 5 -1 -1 -1 -1 -1 -1 178375 0 15 40 18 19 2 8 0 5
0 0 0 1 1 6 1 4 1 4 1 2 5 -1 -1 -1 -1 -1 -1 178909 1 15 40 18 19 2 8 0 5
0 0 0 1 1 6 1 1 1 4 1 2 5 -1 -1 -1 -1 -1 -1 179442 0 15 40 18 19 2 8 0 5
0 0 0 1 1 7 1 1 1 4 1 2 5 5 0 6 1 1 1 179942 0 15 40 18 19 2 6 2 5
0 0 0 1 1 1 6 1 1 4 1 2 6 -1 -1 -1 -1 -1 -1 180442 0 15 40 19 21 2 6 2 5
0 0 0 1 1 4 6 1 1 4 1 2 6 -1 -1 -1 -1 -1 -1 180909 1 15 40 19 21 2 6 2 5
0 0 0 1 1 6 1 1 1 4 1 2 5 -1 -1 -1 -1 -1 -1 181376 0 15 40 19 21 2 6 2 5
0 0 0 1 1 6 3 1 1 4 1 2 5 6 3 8 3 0 0 181876 0 15 40 19 21 2 6 2 5
0 0 0 1 1 6 1 1 1 4 1 2 5 -1 -1 -1 -1 -1 -1 182343 0 15 40 19 21 2 6 2 5
0 0 0 4 1 1 6 1 1 4 1 2 6 -1 -1 -1 -1 -1 -1 182810 1 15 40 19 21 2 6 2 5
0 0 0 1 1 1 6 1 1 4 1 2 6 -1 -1 -1 -1 -1 -1 183310 0 15 40 19 21 2 6 2 5
0 0 0 1 1 1 7 1 1 4 1 2 6 6 3 8 3 1 1 183776 0 15 40 19 21 2 5 2 5
0 0 0 1 1 6 1 1 1 4 1 2 5 -1 -1 -1 -1 -1 -1 184243 0 15 40 19 21 2 5 2 5
0 0 0 1 1 6 4 1 1 4 1 2 5 -1 -1 -1 -1 -1 -1 184710 1 15 40 19 21 2 5 2 5
0 0 0 1 1 6 1 1 1 4 1 2 5 -1 -1 -1 -1 -1 -1 185210 0 15 40 19 21 2 5 2 5
0 0 0 1 1 6 3 1 1 4 1 2 5 6 0 6 1 0 0 185677 0 15 40 19 21 2 5 2 5
0 0 0 1 1 1 6 1 1 4 1 2 6 -1 -1 -1 -1 -1 -1 186144 0 15 40 19 21 2 5 2 5
0 0 0 1 1 4 6 1 1 4 1 2 6 -1 -1 -1 -1 -1 -1 186644 1 15 40 19 21 2 5 2 5
0 0 0 1 1 6 1 1 1 4 1 2 5 -1 -1 -1 -1 -1 -1 187111 0 15 40 19 21 2 5 2 5
0 0 0 1 3 6 1 1 1 4 1 2 5 4 1 7 2 0 0 187577 0 15 40 19 21 2 6 2 5
0 0 0 1 1 6 1 1 1 4 1 2 5 -1 -1 -1 -1 -1 -1 188044 0 15 40 19 21 2 6 2 5
0 0 0 1 1 6 4 1 1 4 1 2 5 -1 -1 -1 -1 -1 -1 188544 1 15 40 19 21 2 6 2 5
0 0 0 1 1 6 1 1 1 4 1 2 5 -1 -1 -1 -1 -1 -1 189011 0 15 40 19 21 2 6 2 5
0 0 0 1 3 6 1 1 1 4 1 2 5 4 2 5 0 0 0 189478 0 15 40 19 21 2 6 2 5
0 0 0 1 1 6 1 1 1 4 1 2 5 -1 -1 -1 -1 -1 -1 189944 0 15 40 19 21 2 6 2 5
0 0 0 1 1 6 1 4 1 4 1 2 5 -1 -1 -1 -1 -1 -1 190445 1 15 40 19 21 2 6 2 5
0 0 0 1 1 6 1 1 1 4 1 2 5 -1 -1 -1 -1 -1 -1 190911 0 15 40 19 21 2 6 2 5
0 0 0 1 3 6 1 1 1 4 1 2 5 4 3 8 3 0 0 191378 0 15 40 19 21 2 6 2 5
0 0 0 1 1 6 1 1 1 4 1 2 5 -1 -1 -1 -1 -1 -1 191878 0 15 40 19 21 2 6 2 5
0 0 0 1 6 1 4 1 1 4 1 2 4 -1 -1 -1 -1 -1 -1 192345 1 15 40 19 21 2 6 2 5
0 0 0 6 1 1 1 1 1 4 1 2 3 -1 -1 -1 -1 -1 -1 192812 0 15 40 19 21 2 6 2 5
0 0 0 7 1 1 1 1 1 4 1 2 3 3 3 8 3 1 1 193278 0 15 40 19 21 2 8 0 5
0 0 0 1 6 1 1 1 1 4 1 2 4 -1 -1 -1 -1 -1 -1 193745 0 15 40 20 22 2 8 0 5
0 0 0 4 1 6 1 1 1 4 1 2 5 -1 -1 -1 -1 -1 -1 194212 1 15 40 20 22 2 8 0 5
0 0 0 1 1 6 1 1 1 4 1 2 5 -1 -1 -1 -1 -1 -1 194645 0 15 40 20 22 2 8 0 5
0 0 0 1 3 6 1 1 1 4 1 2 5 4 0 6 1 0 0 195112 0 15 40 20 22 2 6 2 5
0 0 0 1 1 6 1 1 1 4 1 2 5 -1 -1 -1 -1 -1 -1 195579 0 15 40 20 22 2 6 2 5
0 0 0 1 4 6 1 1 1 4 1 2 5 -1 -1 -1 -1 -1 -1 196012 1 15 40 20 22 2 6 2 5
0 0 0 1 1 6 1 1 1 4 1 2 5 -1 -1 -1 -1 -1 -1 196479 0 15 40 20 22 2 6 2 5
0 0 0 3 1 6 1 1 1 4 1 2 5 3 3 8 3 0 0 196946 0 15 40 20 22 2 6 2 5
0 0 0 1 1 6 1 1 1 4 1 2 5 -1 -1 -1 -1 -1 -1 197379 0 15 40 20 22 2 6 2 5
0 0 0 4 1 6 1 1 1 4 1 2 5 -1 -1 -1 -1 -1 -1 197846 1 15 40 20 22 2 6 2 5
0 0 0 1 1 6 1 1 1 4 1 2 5 -1 -1 -1 -1 -1 -1 198313 0 15 40 20 22 2 6 2 5
0 0 0 3 1 6 1 1 1 4 1 2 5 3 2 5 0 0 0 198746 0 15 40 20 22 2 5 2 5
0 0 0 1 1 6 1 1 1 4 1 2 5 -1 -1 -1 -1 -1 -1 199213 0 15 40 20 22 2 5 2 5
0 0 0 1 4 6 1 1 1 4 1 2 5 -1 -1 -1 -1 -1 -1 199647 1 15 40 20 22 2 5 2 5
0 0 0 1 1 1 6 1 1 4 1 2 6 -1 -1 -1 -1 -1 -1 200113 0 15 40 20 22 2 5 2 5
0 0 0 1 1 3 6 1 1 4 1 2 6 5 1 7 2 0 0 200580 0 15 40 20 22 2 5 2 5
0 0 0 1 1 1 6 1 1 4 1 2 6 -1 -1 -1 -1 -1 -1 201013 0 15 40 20 22 2 5 2 5
0 0 0 1 1 6 1 1 2 0 1 2 5 -1 -1 -1 -1 -1 -1 220218 0 15 20 16 60 2 8 0 5
0 0 0 1 1 6 1 1 2 0 1 2 5 -1 -1 -1 -1 -1 -1 220384 0 15 20 16 60 2 8 0 5
0 0 0 1 1 6 1 1 2 0 1 2 5 -1 -1 -1 -1 -1 -1 220551 0 15 20 16 60 2 6 2 5
0 0 0 1 1 6 1 1 2 0 1 2 5 -1 -1 -1 -1 -1 -1 220718 0 15 20 16 50.6 2 6 2 5
0 0 0 1 1 6 1 1 2 0 1 2 5 -1 -1 -1 -1 -1 -1 220984 0 15 20 16 25.5333 2 6 2 5
0 0 0 1 1 6 1 1 2 0 1 2 5 -1 -1 -1 -1 -1 -1 221718 0 15 20 16 13 2 6 2 5
0 0 0 1 1 6 1 1 2 0 1 2 5 -1 -1 -1 -1 -1 -1 222485 0 15 20 16 13 2 6 2 5
0 0 0 1 1 6 1 1 2 0 1 2 5 -1 -1 -1 -1 -1 -1 223252 0 15 20 16 13 2 6 2 5
0 0 0 1 1 6 1 1 2 0 1 2 5 -1 -1 -1 -1 -1 -1 224018 0 15 20 16 13 2 6 2 5
0 0 0 1 1 6 1 1 2 0 1 2 5 -1 -1 -1 -1 -1 -1 224785 0 15 20 16 13 2 6 2 5
0 0 0 3 1 6 1 1 2 0 1 2 5 3 3 4 3 0 0 225552 0 15 20 16 13 2 6 2 5
0 0 0 1 1 6 1 1 2 0 1 2 5 -1 -1 -1 -1 -1 -1 226319 0 15 20 16 13 2 6 2 5
0 0 0 1 4 6 1 1 2 0 1 2 5 -1 -1 -1 -1 -1 -1 227086 1 15 20 16 13 2 6 2 5
0 0 0 1 6 1 1 1 2 0 1 2 4 -1 -1 -1 -1 -1 -1 227853 0 15 20 16 13 2 6 2 5
0 0 0 1 6 3 1 1 2 0 1 2 4 5 1 4 2 0 0 228619 0 15 20 16 13 2 5 2 5
0 0 0 1 1 6 1 1 2 0 1 2 5 -1 -1 -1 -1 -1 -1 229420 0 15 20 16 13 2 5 2 5
0 0 0 1 4 1 1 6 2 0 1 2 7 -1 -1 -1 -1 -1 -1 230186 1 15 20 16 13 2 5 2 5
0 0 0 1 1 1 1 6 2 0 1 2 7 -1 -1 -1 -1 -1 -1 230953 0 15 20 16 13 2 5 2 5
0 0 0 1 1 1 1 7 2 0 1 2 7 7 1 4 2 1 1 231720 0 15 20 16 13 2 5 2 5
0 0 0 1 1 6 1 1 2 0 1 2 5 -1 -1 -1 -1 -1 -1 232487 0 15 20 16 13 2 5 2 5
0 0 0 1 1 6 4 1 2 0 1 2 5 -1 -1 -1 -1 -1 -1 233254 1 15 20 16 13 2 5 2 5
0 0 0 1 1 1 6 1 2 0 1 2 6 -1 -1 -1 -1 -1 -1 234021 0 15 20 16 13 2 5 2 5
0 0 0 1 1 1 7 1 2 0 1 2 6 6 1 4 2 1 1 234787 0 15 20 16 13 2 5 2 5
0 0 0 1 1 1 6 1 2 0 1 2 6 -1 -1 -1 -1 -1 -1 235421 0 15 20 17 16 2 5 2 5
0 0 0 4 1 6 1 1 2 0 1 2 5 -1 -1 -1 -1 -1 -1 236054 1 15 20 17 16 2 5 2 5
0 0 0 1 1 6 1 1 2 0 1 2 5 -1 -1 -1 -1 -1 -1 236688 0 15 20 17 16 2 5 2 5
0 0 0 1 1 6 1 3 2 0 1 2 5 7 3 4 3 0 0 237321 0 15 20 17 16 2 5 2 5
0 0 0 1 1 6 1 1 2 0 1 2 5 -1 -1 -1 -1 -1 -1 237921 0 15 20 17 16 2 5 2 5
0 0 0 4 1 6 1 1 2 0 1 2 5 -1 -1 -1 -1 -1 -1 238555 1 15 20 17 16 2 5 2 5
0 0 0 1 1 6 1 1 2 0 1 2 5 -1 -1 -1 -1 -1 -1 239188 0 15 20 17 16 2 5 2 5
0 0 0 1 1 6 3 1 2 0 1 2 5 6 0 4 1 0 0 239822 0 15 20 17 16 2 8 0 5
0 0 0 1 1 6 1 1 2 0 1 2 5 -1 -1 -1 -1 -1 -1 240422 0 15 20 17 16 2 8 0 5
0 0 0 4 1 6 1 1 2 0 1 2 5 -1 -1 -1 -1 -1 -1 241055 1 15 20 17 16 2 8 0 5
0 0 0 1 1 6 1 1 2 0 1 2 5 -1 -1 -1 -1 -1 -1 241689 0 15 20 17 16 2 8 0 5
0 0 0 1 3 6 1 1 2 0 1 2 5 4 1 4 2 0 0 242322 0 15 20 17 16 2 6 2 5
0 0 0 1 1 6 1 1 2 0 1 2 5 -1 -1 -1 -1 -1 -1 242922 0 15 20 17 16 2 6 2 5
0 0 0 1 4 1 1 6 2 0 1 2 7 -1 -1 -1 -1 -1 -1 243556 1 15 20 17 16 2 6 2 5
0 0 0 1 1 1 6 1 2 0 1 2 6 -1 -1 -1 -1 -1 -1 244189 0 15 20 17 16 2 6 2 5
0 0 0 1 1 1 7 1 2 0 1 2 6 6 1 4 2 1 1 244823 0 15 20 17 16 2 6 2 5
0 0 0 1 1 1 6 1 2 0 1 2 6 -1 -1 -1 -1 -1 -1 245423 0 15 20 17 16 2 6 2 5
0 0 0 1 1 4 6 1 2 0 1 2 6 -1 -1 -1 -1 -1 -1 246056 1 15 20 17 16 2 6 2 5
0 0 0 1 1 6 1 1 2 0 1 2 5 -1 -1 -1 -1 -1 -1 246690 0 15 20 17 16 2 6 2 5
0 0 0 1 1 6 1 3 2 0 1 2 5 7 0 4 1 0 0 247323 0 15 20 17 16 2 6 2 5
0 0 0 1 1 6 1 1 2 0 1 2 5 -1 -1 -1 -1 -1 -1 247924 0 15 20 17 16 2 6 2 5
0 0 0 1 4 6 1 1 2 0 1 2 5 -1 -1 -1 -1 -1 -1 248557 1 15 20 17 16 2 6 2 5
0 0 0 1 6 1 1 1 2 0 1 2 4 -1 -1 -1 -1 -1 -1 249190 0 15 20 17 16 2 6 2 5
0 0 0 1 6 3 1 1 2 0 1 2 4 5 3 4 3 0 0 249824 0 15 20 17 16 2 5 2 5
0 0 0 1 1 6 1 1 2 0 1 2 5 -1 -1 -1 -1 -1 -1 250424 0 15 20 17 16 2 5 2 5
0 0 0 1 4 6 1 1 2 0 1 2 5 -1 -1 -1 -1 -1 -1 251058 1 15 20 17 16 2 5 2 5
0 0 0 1 6 1 1 1 2 0 1 2 4 -1 -1 -1 -1 -1 -1 251691 0 15 20 17 16 2 5 2 5
0 0 0 1 6 3 1 1 2 0 1 2 4 5 0 4 1 0 0 252324 0 15 20 17 16 2 5 2 5
0 0 0 1 6 1 1 1 2 0 1 2 4 -1 -1 -1 -1 -1 -1 252925 0 15 20 17 16 2 5 2 5
0 0 0 1 6 4 1 1 2 0 1 2 4 -1 -1 -1 -1 -1 -1 253558 1 15 20 17 16 2 5 2 5
0 0 0 1 6 1 1 1 2 0 1 2 4 -1 -1 -1 -1 -1 -1 254192 0 15 20 17 16 2 5 2 5
0 0 0 1 6 3 1 1 2 0 1 2 4 5 1 4 2 0 0 254825 0 15 20 17 16 2 5 2 5
0 0 0 1 6 1 1 1 2 0 1 2 4 -1 -1 -1 -1 -1 -1 255425 0 15 20 17 16 2 5 2 5
0 0 0 1 1 6 1 4 2 0 1 2 5 -1 -1 -1 -1 -1 -1 256059 1 15 20 17 16 2 5 2 5
0 0 0 1 1 6 1 1 2 0 1 2 5 -1 -1 -1 -1 -1 -1 256692 0 15 20 17 16 2 5 2 5
0 0 0 1 3 6 1 1 2 0 1 2 5 4 2 4 0 0 0 257325 0 15 20 17 16 2 5 2 5
0 0 0 1 1 6 1 1 2 0 1 2 5 -1 -1 -1 -1 -1 -1 257925 0 15 20 17 16 2 5 2 5
0 0 0 4 1 6 1 1 2 0 1 2 5 -1 -1 -1 -1 -1 -1 258558 1 15 20 17 16 2 5 2 5
0 0 0 1 1 6 1 1 2 0 1 2 5 -1 -1 -1 -1 -1 -1 259191 0 15 20 17 16 2 5 2 5
0 0 0 3 1 6 1 1 2 0 1 2 5 3 0 4 1 0 0 259824 0 15 20 17 16 2 8 0 5
0 0 0 1 1 6 1 1 2 0 1 2 5 -1 -1 -1 -1 -1 -1 260424 0 15 20 17 16 2 8 0 5
0 0 0 4 6 1 1 1 2 0 1 2 4 -1 -1 -1 -1 -1 -1 261057 1 15 20 17 16 2 8 0 5
0 0 0 1 6 1 1 1 2 0 1 2 4 -1 -1 -1 -1 -1 -1 261691 0 15 20 17 16 2 8 0 5
0 0 0 1 7 1 1 1 2 0 1 2 4 4 0 4 1 1 1 262324 0 15 20 17 16 2 6 2 5
0 0 0 1 1 6 1 1 2 0 1 2 5 -1 -1 -1 -1 -1 -1 262857 0 15 20 18 19 2 6 2 5
0 0 0 1 4 6 1 1 2 0 1 2 5 -1 -1 -1 -1 -1 -1 263390 1 15 20 18 19 2 6 2 5
0 0 0 1 6 1 1 1 2 0 1 2 4 -1 -1 -1 -1 -1 -1 263890 0 15 20 18 19 2 6 2 5
0 0 0 3 6 1 1 1 2 0 1 2 4 3 2 4 0 0 0 264423 0 15 20 18 19 2 6 2 5
0 0 0 1 6 1 1 1 2 0 1 2 4 -1 -1 -1 -1 -1 -1 264956 0 15 20 18 19 2 6 2 5
0 0 0 1 6 4 1 1 2 0 1 2 4 -1 -1 -1 -1 -1 -1 265490 1 15 20 18 19 2 6 2 5
0 0 0 1 6 1 1 1 2 0 1 2 4 -1 -1 -1 -1 -1 -1 266023 0 15 20 18 19 2 6 2 5
0 0 0 1 6 3 1 1 2 0 1 2 4 5 0 4 1 0 0 266523 0 15 20 18 19 2 6 2 5
0 0 0 1 6 1 1 1 2 0 1 2 4 -1 -1 -1 -1 -1 -1 267056 0 15 20 18 19 2 6 2 5
0 0 0 1 6 1 4 1 2 0 1 2 4 -1 -1 -1 -1 -1 -1 267589 1 15 20 18 19 2 6 2 5
0 0 0 1 6 1 1 1 2 0 1 2 4 -1 -1 -1 -1 -1 -1 268122 0 15 20 18 19 2 6 2 5
0 0 0 1 6 1 3 1 2 0 1 2 4 6 2 4 0 0 0 268622 0 15 20 18 19 2 5 2 5
0 0 0 1 6 1 1 1 2 0 1 2 4 -1 -1 -1 -1 -1 -1 269155 0 15 20 18 19 2 5 2 5
0 0 0 1 6 1 4 1 2 0 1 2 4 -1 -1 -1 -1 -1 -1 269689 1 15 20 18 19 2 5 2 5
0 0 0 1 6 1 1 1 2 0 1 2 4 -1 -1 -1 -1 -1 -1 270222 0 15 20 18 19 2 5 2 5
0 0 0 1 6 1 1 3 2 0 1 2 4 7 1 4 2 0 0 270755 0 15 20 18 19 2 5 2 5
0 0 0 1 6 1 1 1 2 0 1 2 4 -1 -1 -1 -1 -1 -1 271255 0 15 20 18 19 2 5 2 5
0 0 0 1 1 1 6 4 2 0 1 2 6 -1 -1 -1 -1 -1 -1 271788 1 15 20 18 19 2 5 2 5
0 0 0 1 1 1 6 1 2 0 1 2 6 -1 -1 -1 -1 -1 -1 272321 0 15 20 18 19 2 5 2 5
0 0 0 1 1 1 7 1 2 0 1 2 6 6 1 4 2 1 1 272854 0 15 20 18 19 2 5 2 5
0 0 0 0 1 6 1 0 3 1 1 0 5 -1 -1 -1 -1 -1 -1 279020 0 15 20 16 60 2 8 0 3
0 0 0 0 1 6 1 0 3 1 1 0 5 -1 -1 -1 -1 -1 -1 279186 0 15 20 16 60 2 8 0 3
0 0 0 0 1 6 1 0 3 1 1 0 5 -1 -1 -1 -1 -1 -1 279353 0 15 20 16 60 2 5 2 3
0 0 0 0 1 6 1 0 3 1 1 0 5 -1 -1 -1 -1 -1 -1 279520 0 15 20 16 50.6 2 5 2 3
0 0 0 0 1 6 1 0 3 1 1 0 5 -1 -1 -1 -1 -1 -1 279786 0 15 20 16 25.5333 2 5 2 3
0 0 0 0 1 6 1 0 3 1 1 0 5 -1 -1 -1 -1 -1 -1 280519 0 15 20 16 13 2 5 2 3
0 0 0 0 1 6 1 0 3 1 1 0 5 -1 -1 -1 -1 -1 -1 281286 0 15 20 16 13 2 4 2 3
0 0 0 0 1 6 1 0 3 1 1 0 5 -1 -1 -1 -1 -1 -1 282052 0 15 20 16 13 2 4 2 3
0 0 0 0 1 6 1 0 3 1 1 0 5 -1 -1 -1 -1 -1 -1 282819 0 15 20 16 13 2 4 2 3
0 0 0 0 1 6 1 0 3 1 1 0 5 -1 -1 -1 -1 -1 -1 283585 0 15 20 16 13 2 4 2 3
0 0 0 0 1 6 3 0 3 1 1 0 5 6 4 7 2 0 0 284352 0 15 20 16 13 2 4 2 3
0 0 0 0 1 6 1 0 3 1 1 0 5 -1 -1 -1 -1 -1 -1 285118 0 15 20 16 13 2 4 2 3
0 0 0 0 1 6 1 0 3 1 1 0 5 -1 -1 -1 -1 -1 -1 285885 0 15 20 16 13 2 4 2 3
0 0 0 0 6 1 1 0 3 1 1 0 4 -1 -1 -1 -1 -1 -1 286651 0 15 20 16 13 2 4 2 3
0 0 0 0 6 3 1 0 3 1 1 0 4 5 4 5 0 0 0 287451 0 15 20 16 13 2 5 2 3
0 0 0 0 1 6 1 0 3 1 1 0 5 -1 -1 -1 -1 -1 -1 288217 0 15 20 16 13 2 5 2 3
0 0 0 0 1 6 1 0 3 1 1 0 5 -1 -1 -1 -1 -1 -1 288984 0 15 20 16 13 2 5 2 3
0 0 0 0 1 6 1 0 3 1 1 0 5 -1 -1 -1 -1 -1 -1 289750 0 15 20 16 13 2 5 2 3
0 0 0 0 3 6 1 0 3 1 1 0 5 4 4 6 1 0 0 290517 0 15 20 16 13 2 5 2 3
0 0 0 0 1 6 1 0 3 1 1 0 5 -1 -1 -1 -1 -1 -1 291283 0 15 20 16 13 2 5 2 3
0 0 0 0 1 6 1 0 3 1 1 0 5 -1 -1 -1 -1 -1 -1 292050 0 15 20 16 13 2 5 2 3
0 0 0 0 1 6 1 0 3 1 1 0 5 -1 -1 -1 -1 -1 -1 292816 0 15 20 16 13 2 5 2 3
0 0 0 0 3 6 1 0 3 1 1 0 5 4 4 8 3 0 0 293583 0 15 20 16 13 2 6 2 3
0 0 0 0 1 6 1 0 3 1 1 0 5 -1 -1 -1 -1 -1 -1 294349 0 15 20 16 13 2 6 2 3
0 0 0 0 1 6 1 0 3 1 1 0 5 -1 -1 -1 -1 -1 -1 295116 0 15 20 16 13 2 6 2 3
0 0 0 0 6 1 1 0 3 1 1 0 4 -1 -1 -1 -1 -1 -1 295882 0 15 20 16 13 2 6 2 3
0 0 0 0 6 3 1 0 3 1 1 0 4 5 4 5 0 0 0 296649 0 15 20 16 13 2 4 2 3
0 0 0 0 1 6 1 0 3 1 1 0 5 -1 -1 -1 -1 -1 -1 297415 0 15 20 16 13 2 4 2 3
0 0 0 0 6 1 1 0 3 1 1 0 4 -1 -1 -1 -1 -1 -1 298215 0 15 20 16 13 2 4 2 3
0 0 0 0 6 1 1 0 3 1 1 0 4 -1 -1 -1 -1 -1 -1 298981 0 15 20 16 13 2 4 2 3
0 0 0 0 7 1 1 0 3 1 1 0 4 4 4 5 0 1 1 299748 0 15 20 16 13 2 8 0 3
0 0 0 0 6 1 1 0 3 1 1 0 4 -1 -1 -1 -1 -1 -1 300514 0 15 20 16 13 2 8 0 3
0 0 0 0 1 6 1 0 3 1 1 0 5 -1 -1 -1 -1 -1 -1 301281 0 15 20 16 13 2 8 0 3
0 0 0 0 1 6 1 0 3 1 1 0 5 -1 -1 -1 -1 -1 -1 302047 0 15 20 16 13 2 8 0 3
0 0 0 0 1 7 1 0 3 1 1 0 5 5 4 5 0 1 1 302814 0 15 20 16 13 2 5 2 3
0 0 0 0 1 6 1 0 3 1 1 0 5 -1 -1 -1 -1 -1 -1 303447 0 15 20 17 16 2 5 2 3
0 0 0 0 1 6 1 0 3 1 1 0 5 -1 -1 -1 -1 -1 -1 304080 0 15 20 17 16 2 5 2 3
0 0 0 0 1 6 1 0 3 1 1 0 5 -1 -1 -1 -1 -1 -1 304713 0 15 20 17 16 2 5 2 3
0 0 0 0 3 6 1 0 3 1 1 0 5 4 4 7 2 0 0 305347 0 15 20 17 16 2 4 2 3
0 0 0 0 1 6 1 0 3 1 1 0 5 -1 -1 -1 -1 -1 -1 305946 0 15 20 17 16 2 4 2 3
0 0 0 0 1 6 1 0 3 1 1 0 5 -1 -1 -1 -1 -1 -1 306580 0 15 20 17 16 2 4 2 3
0 0 0 0 1 6 1 0 3 1 1 0 5 -1 -1 -1 -1 -1 -1 307213 0 15 20 17 16 2 4 2 3
0 0 0 0 1 7 1 0 3 1 1 0 5 5 4 7 2 1 1 307846 0 15 20 17 16 2 4 2 3
0 0 0 0 1 6 1 0 3 1 1 0 5 -1 -1 -1 -1 -1 -1 308446 0 15 20 17 16 2 4 2 3
0 0 0 0 1 6 1 0 3 1 1 0 5 -1 -1 -1 -1 -1 -1 309079 0 15 20 17 16 2 4 2 3
0 0 0 0 6 1 1 0 3 1 1 0 4 -1 -1 -1 -1 -1 -1 309712 0 15 20 17 16 2 4 2 3
0 0 0 0 7 1 1 0 3 1 1 0 4 4 4 7 2 1 1 310345 0 15 20 17 16 2 5 2 3
0 0 0 0 6 1 1 0 3 1 1 0 4 -1 -1 -1 -1 -1 -1 310879 0 15 20 18 19 2 5 2 3
0 0 0 0 1 6 1 0 3 1 1 0 5 -1 -1 -1 -1 -1 -1 311412 0 15 20 18 19 2 5 2 3
0 0 0 0 1 6 1 0 3 1 1 0 5 -1 -1 -1 -1 -1 -1 311912 0 15 20 18 19 2 5 2 3
0 0 0 0 3 6 1 0 3 1 1 0 5 4 4 8 3 0 0 312445 0 15 20 18 19 2 5 2 3
0 0 0 0 1 6 1 0 3 1 1 0 5 -1 -1 -1 -1 -1 -1 312978 0 15 20 18 19 2 5 2 3
0 0 0 0 1 1 6 0 3 1 1 0 6 -1 -1 -1 -1 -1 -1 313511 0 15 20 18 19 2 5 2 3
0 0 0 0 1 1 6 0 3 1 1 0 6 -1 -1 -1 -1 -1 -1 314044 0 15 20 18 19 2 5 2 3
0 0 0 0 1 1 7 0 3 1 1 0 6 6 4 8 3 1 1 314544 0 15 20 18 19 2 6 2 3
0 0 0 1 1 6 1 1 4 2 1 1 5 -1 -1 -1 -1 -1 -1 321976 0 15 20 17 60 2 8 0 5
0 0 0 1 1 6 1 1 4 2 1 1 5 -1 -1 -1 -1 -1 -1 322142 0 15 20 17 60 2 8 0 5
0 0 0 1 1 6 1 1 4 2 1 1 5 -1 -1 -1 -1 -1 -1 322309 0 15 20 17 60 2 6 2 5
0 0 0 1 1 6 1 1 4 2 1 1 5 -1 -1 -1 -1 -1 -1 322476 0 15 20 17 51.2 2 6 2 5
0 0 0 1 1 6 1 1 4 2 1 1 5 -1 -1 -1 -1 -1 -1 322742 0 15 20 17 27.7333 2 6 2 5
0 0 0 1 1 6 1 1 4 2 1 1 5 -1 -1 -1 -1 -1 -1 323309 0 15 20 17 16 2 6 2 5
0 0 0 1 1 6 1 1 4 2 1 1 5 -1 -1 -1 -1 -1 -1 323942 0 15 20 17 16 2 4 2 5
0 0 0 1 1 6 1 1 4 2 1 1 5 -1 -1 -1 -1 -1 -1 324575 0 15 20 17 16 2 4 2 5
0 0 0 1 6 1 1 1 4 2 1 1 4 -1 -1 -1 -1 -1 -1 325175 0 15 20 17 16 2 4 2 5
0 0 0 1 6 1 1 1 4 2 1 1 4 -1 -1 -1 -1 -1 -1 325808 0 15 20 17 16 2 4 2 5
0 0 0 1 8 1 1 1 4 2 1 1 4 4 5 4 3 0 1 326441 0 15 20 17 16 2 5 2 5
0 0 0 1 1 6 1 1 4 2 1 1 5 -1 -1 -1 -1 -1 -1 327175 0 15 20 16 13 2 5 2 5
0 0 0 1 1 6 1 1 4 2 1 1 5 -1 -1 -1 -1 -1 -1 327941 0 15 20 16 13 2 5 2 5
0 0 0 1 1 6 1 1 4 2 1 1 5 -1 -1 -1 -1 -1 -1 328707 0 15 20 16 13 2 5 2 5
0 0 0 1 1 6 3 1 4 2 1 1 5 6 5 4 0 0 0 329474 0 15 20 16 13 2 4 2 5
0 0 0 1 1 6 1 1 4 2 1 1 5 -1 -1 -1 -1 -1 -1 330240 0 15 20 16 13 2 4 2 5
0 0 0 1 1 6 1 1 4 2 1 1 5 -1 -1 -1 -1 -1 -1 331007 0 15 20 16 13 2 4 2 5
0 0 0 1 6 1 1 1 4 2 1 1 4 -1 -1 -1 -1 -1 -1 331807 0 15 20 16 13 2 4 2 5
0 0 0 1 6 3 1 1 4 2 1 1 4 5 5 4 3 0 0 332573 0 15 20 16 13 2 5 2 5
0 0 0 1 6 1 1 1 4 2 1 1 4 -1 -1 -1 -1 -1 -1 333340 0 15 20 16 13 2 5 2 5
0 0 0 1 6 1 1 1 4 2 1 1 4 -1 -1 -1 -1 -1 -1 334106 0 15 20 16 13 2 5 2 5
0 0 0 1 6 1 1 1 4 2 1 1 4 -1 -1 -1 -1 -1 -1 334873 0 15 20 16 13 2 5 2 5
0 0 0 1 6 3 1 1 4 2 1 1 4 5 5 4 0 0 0 335639 0 15 20 16 13 2 5 2 5
0 0 0 1 6 1 1 1 4 2 1 1 4 -1 -1 -1 -1 -1 -1 336406 0 15 20 16 13 2 5 2 5
0 0 0 1 1 1 6 1 4 2 1 1 6 -1 -1 -1 -1 -1 -1 337172 0 15 20 16 13 2 5 2 5
0 0 0 1 1 1 6 1 4 2 1 1 6 -1 -1 -1 -1 -1 -1 337939 0 15 20 16 13 2 5 2 5
0 0 0 1 1 1 7 1 4 2 1 1 6 6 5 4 0 1 1 338705 0 15 20 16 13 2 5 2 5
0 0 0 1 1 1 6 1 4 2 1 1 6 -1 -1 -1 -1 -1 -1 339472 0 15 20 16 13 2 5 2 5
0 0 0 1 1 1 6 1 4 2 1 1 6 -1 -1 -1 -1 -1 -1 340238 0 15 20 16 13 2 5 2 5
0 0 0 1 1 1 6 1 4 2 1 1 6 -1 -1 -1 -1 -1 -1 341004 0 15 20 16 13 2 5 2 5
0 0 0 1 1 1 6 3 4 2 1 1 6 7 5 4 3 0 0 341771 0 15 20 16 13 2 8 0 5
0 0 0 1 1 1 6 1 4 2 1 1 6 -1 -1 -1 -1 -1 -1 342571 0 15 20 16 13 2 8 0 5
0 0 0 1 1 6 1 1 4 2 1 1 5 -1 -1 -1 -1 -1 -1 343337 0 15 20 16 13 2 8 0 5
0 0 0 1 1 6 1 1 4 2 1 1 5 -1 -1 -1 -1 -1 -1 344104 0 15 20 16 13 2 8 0 5
0 0 0 1 1 6 3 1 4 2 1 1 5 6 5 4 2 0 0 344870 0 15 20 16 13 2 6 2 5
0 0 0 1 1 6 1 1 4 2 1 1 5 -1 -1 -1 -1 -1 -1 345637 0 15 20 16 13 2 6 2 5
0 0 0 1 1 1 6 1 4 2 1 1 6 -1 -1 -1 -1 -1 -1 346403 0 15 20 16 13 2 6 2 5
0 0 0 1 1 1 6 1 4 2 1 1 6 -1 -1 -1 -1 -1 -1 347170 0 15 20 16 13 2 6 2 5
0 0 0 1 1 1 7 1 4 2 1 1 6 6 5 4 2 1 1 347936 0 15 20 16 13 2 4 2 5
0 0 0 1 1 1 6 1 4 2 1 1 6 -1 -1 -1 -1 -1 -1 348569 0 15 20 17 16 2 4 2 5
0 0 0 1 1 6 1 1 4 2 1 1 5 -1 -1 -1 -1 -1 -1 349202 0 15 20 17 16 2 4 2 5
0 0 0 1 6 1 1 1 4 2 1 1 4 -1 -1 -1 -1 -1 -1 349836 0 15 20 17 16 2 4 2 5
0 0 0 1 7 1 1 1 4 2 1 1 4 4 5 4 2 1 1 350469 0 15 20 17 16 2 5 2 5
0 0 0 1 6 1 1 1 4 2 1 1 4 -1 -1 -1 -1 -1 -1 351069 0 15 20 17 16 2 5 2 5
0 0 0 1 1 6 1 1 4 2 1 1 5 -1 -1 -1 -1 -1 -1 351702 0 15 20 17 16 2 5 2 5
0 0 0 1 1 6 1 1 4 2 1 1 5 -1 -1 -1 -1 -1 -1 352335 0 15 20 17 16 2 5 2 5
0 0 0 1 1 6 3 1 4 2 1 1 5 6 5 4 1 0 0 352968 0 15 20 17 16 2 4 2 5
0 0 0 1 1 6 1 1 4 2 1 1 5 -1 -1 -1 -1 -1 -1 353568 0 15 20 17 16 2 4 2 5
0 0 0 1 6 1 1 1 4 2 1 1 4 -1 -1 -1 -1 -1 -1 354201 0 15 20 17 16 2 4 2 5
0 0 0 1 6 1 1 1 4 2 1 1 4 -1 -1 -1 -1 -1 -1 354834 0 15 20 17 16 2 4 2 5
0 0 0 1 8 1 1 1 4 2 1 1 4 4 5 4 3 0 1 355468 0 15 20 17 16 2 5 2 5
0 0 0 1 1 6 1 1 4 2 1 1 5 -1 -1 -1 -1 -1 -1 356201 0 15 20 16 13 2 5 2 5
0 0 0 1 1 6 1 1 4 2 1 1 5 -1 -1 -1 -1 -1 -1 356967 0 15 20 16 13 2 5 2 5
0 0 0 1 1 6 1 1 4 2 1 1 5 -1 -1 -1 -1 -1 -1 357734 0 15 20 16 13 2 5 2 5
0 0 0 1 1 7 1 1 4 2 1 1 5 5 5 4 3 1 1 358500 0 15 20 16 13 2 5 2 5
0 0 0 1 1 6 1 1 4 2 1 1 5 -1 -1 -1 -1 -1 -1 359267 0 15 20 16 13 2 5 2 5
0 0 0 1 1 6 1 1 4 2 1 1 5 -1 -1 -1 -1 -1 -1 360033 0 15 20 16 13 2 5 2 5
0 0 0 1 6 1 1 1 4 2 1 1 4 -1 -1 -1 -1 -1 -1 360800 0 15 20 16 13 2 5 2 5
0 0 0 3 6 1 1 1 4 2 1 1 4 3 5 4 1 0 0 361566 0 15 20 16 13 2 5 2 5
0 0 0 1 6 1 1 1 4 2 1 1 4 -1 -1 -1 -1 -1 -1 362333 0 15 20 16 13 2 5 2 5
0 0 0 6 1 1 1 1 4 2 1 1 3 -1 -1 -1 -1 -1 -1 363099 0 15 20 16 13 2 5 2 5
0 0 0 6 1 1 1 1 4 2 1 1 3 -1 -1 -1 -1 -1 -1 363899 0 15 20 16 13 2 5 2 5
0 0 0 7 1 1 1 1 4 2 1 1 3 3 5 4 1 1 1 364665 0 15 20 16 13 2 8 0 5
0 0 0 6 1 1 1 1 4 2 1 1 3 -1 -1 -1 -1 -1 -1 365299 0 15 20 17 16 2 8 0 5
0 0 0 1 6 1 1 1 4 2 1 1 4 -1 -1 -1 -1 -1 -1 365932 0 15 20 17 16 2 8 0 5
0 0 0 1 1 6 1 1 4 2 1 1 5 -1 -1 -1 -1 -1 -1 366565 0 15 20 17 16 2 8 0 5
0 0 0 3 1 6 1 1 4 2 1 1 5 3 5 4 0 0 0 367165 0 15 20 17 16 2 6 2 5
0 0 0 1 1 6 1 1 4 2 1 1 5 -1 -1 -1 -1 -1 -1 367798 0 15 20 17 16 2 6 2 5
0 0 0 1 6 1 1 1 4 2 1 1 4 -1 -1 -1 -1 -1 -1 368431 0 15 20 17 16 2 6 2 5
0 0 0 1 1 6 1 1 4 2 1 1 5 -1 -1 -1 -1 -1 -1 369064 0 15 20 17 16 2 6 2 5
0 0 0 3 1 6 1 1 4 2 1 1 5 3 5 4 1 0 0 369664 0 15 20 17 16 2 4 2 5
0 0 0 1 1 6 1 1 4 2 1 1 5 -1 -1 -1 -1 -1 -1 370297 0 15 20 17 16 2 4 2 5
0 0 0 1 1 1 6 1 4 2 1 1 6 -1 -1 -1 -1 -1 -1 370931 0 15 20 17 16 2 4 2 5
0 0 0 1 1 1 6 1 4 2 1 1 6 -1 -1 -1 -1 -1 -1 371564 0 15 20 17 16 2 4 2 5
0 0 0 1 1 3 6 1 4 2 1 1 6 5 5 4 2 0 0 372164 0 15 20 17 16 2 5 2 5
0 0 0 1 1 6 1 1 4 2 1 1 5 -1 -1 -1 -1 -1 -1 372797 0 15 20 17 16 2 5 2 5
0 0 0 1 1 6 1 1 4 2 1 1 5 -1 -1 -1 -1 -1 -1 373430 0 15 20 17 16 2 5 2 5
0 0 0 1 1 6 1 1 4 2 1 1 5 -1 -1 -1 -1 -1 -1 374063 0 15 20 17 16 2 5 2 5
0 0 0 1 1 6 3 1 4 2 1 1 5 6 5 4 0 0 0 374663 0 15 20 17 16 2 4 2 5
0 0 0 1 1 6 1 1 4 2 1 1 5 -1 -1 -1 -1 -1 -1 375296 0 15 20 17 16 2 4 2 5
0 0 0 1 1 6 1 1 4 2 1 1 5 -1 -1 -1 -1 -1 -1 375929 0 15 20 17 16 2 4 2 5
0 0 0 1 1 6 1 1 4 2 1 1 5 -1 -1 -1 -1 -1 -1 376562 0 15 20 17 16 2 4 2 5
0 0 0 1 1 6 1 3 4 2 1 1 5 7 5 4 3 0 0 377162 0 15 20 17 16 2 5 2 5
0 0 0 1 1 6 1 1 4 2 1 1 5 -1 -1 -1 -1 -1 -1 377796 0 15 20 17 16 2 5 2 5
0 0 0 1 1 6 1 1 4 2 1 1 5 -1 -1 -1 -1 -1 -1 378429 0 15 20 17 16 2 5 2 5
0 0 0 1 1 6 1 1 4 2 1 1 5 -1 -1 -1 -1 -1 -1 379029 0 15 20 17 16 2 5 2 5
0 0 0 1 1 7 1 1 4 2 1 1 5 5 5 4 3 1 1 379662 0 15 20 17 16 2 5 2 5
0 0 0 1 1 6 1 1 4 2 1 1 5 -1 -1 -1 -1 -1 -1 380295 0 15 20 17 16 2 5 2 5
0 0 0 1 1 1 6 1 4 2 1 1 6 -1 -1 -1 -1 -1 -1 380928 0 15 20 17 16 2 5 2 5
0 0 0 1 1 1 6 1 4 2 1 1 6 -1 -1 -1 -1 -1 -1 381528 0 15 20 17 16 2 5 2 5
0 0 0 1 1 1 7 1 4 2 1 1 6 6 5 4 3 1 1 382161 0 15 20 17 16 2 5 2 5
0 0 0 0 1 6 1 0 5 6 1 0 5 -1 -1 -1 -1 -1 -1 395824 0 15 40 16 60 2 8 0 3
0 0 0 0 1 6 1 0 5 6 1 0 5 -1 -1 -1 -1 -1 -1 395991 0 15 40 16 60 2 8 0 3
0 0 0 0 1 6 1 0 5 6 1 0 5 -1 -1 -1 -1 -1 -1 396158 0 15 40 16 60 2 5 2 3
0 0 0 0 1 6 1 0 5 6 1 0 5 -1 -1 -1 -1 -1 -1 396324 0 15 40 16 50.6 2 5 2 3
0 0 0 0 1 6 1 0 5 6 1 0 5 -1 -1 -1 -1 -1 -1 396591 0 15 40 16 25.5333 2 5 2 3
0 0 0 0 1 6 1 0 5 6 1 0 5 -1 -1 -1 -1 -1 -1 397324 0 15 40 16 13 2 5 2 3
0 0 0 0 1 6 1 0 5 6 1 0 5 -1 -1 -1 -1 -1 -1 398091 0 15 40 16 13 2 6 2 3
0 0 0 0 1 1 6 0 5 6 1 0 6 -1 -1 -1 -1 -1 -1 398857 0 15 40 16 13 2 6 2 3
0 0 0 0 1 6 1 0 5 6 1 0 5 -1 -1 -1 -1 -1 -1 399624 0 15 40 16 13 2 6 2 3
0 0 0 0 6 1 1 0 5 6 1 0 4 -1 -1 -1 -1 -1 -1 400390 0 15 40 16 13 2 6 2 3
0 0 0 0 7 1 1 0 5 6 1 0 4 4 5 4 4 1 1 401156 0 15 40 16 13 2 5 2 3
0 0 0 0 6 1 1 0 5 6 1 0 4 -1 -1 -1 -1 -1 -1 401923 0 15 40 16 13 2 5 2 3
0 0 0 0 6 1 1 0 5 6 1 0 4 -1 -1 -1 -1 -1 -1 402689 0 15 40 16 13 2 5 2 3
0 0 0 0 6 1 1 0 5 6 1 0 4 -1 -1 -1 -1 -1 -1 403456 0 15 40 16 13 2 5 2 3
0 0 0 0 7 1 1 0 5 6 1 0 4 4 5 4 4 1 1 404256 0 15 40 16 13 2 4 2 3
0 0 0 0 6 1 1 0 5 6 1 0 4 -1 -1 -1 -1 -1 -1 404889 0 15 40 17 16 2 4 2 3
0 0 0 0 6 1 1 0 5 6 1 0 4 -1 -1 -1 -1 -1 -1 405522 0 15 40 17 16 2 4 2 3
0 0 0 0 6 1 1 0 5 6 1 0 4 -1 -1 -1 -1 -1 -1 406155 0 15 40 17 16 2 4 2 3
0 0 0 0 7 1 1 0 5 6 1 0 4 4 5 4 4 1 1 406755 0 15 40 17 16 2 5 2 3
0 0 0 0 6 1 1 0 5 6 1 0 4 -1 -1 -1 -1 -1 -1 407388 0 15 40 17 16 2 5 2 3
0 0 0 0 6 1 1 0 5 6 1 0 4 -1 -1 -1 -1 -1 -1 408021 0 15 40 17 16 2 5 2 3
0 0 0 0 6 1 1 0 5 6 1 0 4 -1 -1 -1 -1 -1 -1 408655 0 15 40 17 16 2 5 2 3
0 0 0 0 7 1 1 0 5 6 1 0 4 4 5 4 4 1 1 409254 0 15 40 17 16 2 5 2 3
0 0 0 0 6 1 1 0 5 6 1 0 4 -1 -1 -1 -1 -1 -1 409788 0 15 40 18 19 2 5 2 3
0 0 0 0 6 1 1 0 5 6 1 0 4 -1 -1 -1 -1 -1 -1 410321 0 15 40 18 19 2 5 2 3
0 0 0 0 1 6 1 0 5 6 1 0 5 -1 -1 -1 -1 -1 -1 410854 0 15 40 18 19 2 5 2 3
0 0 0 1 1 7 1 1 5 6 1 0 5 5 5 4 4 1 1 411387 0 15 40 18 19 2 6 2 5
0 0 0 1 1 6 1 1 5 6 1 1 5 -1 -1 -1 -1 -1 -1 411921 0 15 40 18 19 2 6 2 5
0 0 0 1 1 6 1 1 5 6 1 1 5 -1 -1 -1 -1 -1 -1 412420 0 15 40 18 19 2 6 2 5
0 0 0 1 1 6 1 1 5 6 1 1 5 -1 -1 -1 -1 -1 -1 412954 0 15 40 18 19 2 6 2 5
0 0 0 1 1 7 1 1 5 6 1 1 5 5 5 4 4 1 1 413487 0 15 40 18 19 2 8 0 5
0 0 0 1 1 6 1 1 5 6 1 1 5 -1 -1 -1 -1 -1 -1 413953 0 15 40 19 21 2 8 0 5
0 0 0 1 1 6 1 1 5 6 1 1 5 -1 -1 -1 -1 -1 -1 414453 0 15 40 19 21 2 8 0 5
0 0 0 1 1 1 6 1 5 6 1 1 6 -1 -1 -1 -1 -1 -1 414920 0 15 40 19 21 2 8 0 5
0 0 0 1 1 1 7 1 5 6 1 1 6 6 5 4 4 1 1 415386 0 15 40 19 21 2 5 2 5
0 0 0 1 1 1 6 1 5 6 1 1 6 -1 -1 -1 -1 -1 -1 415886 0 15 40 19 21 2 5 2 5
0 0 0 1 1 1 6 1 5 6 1 1 6 -1 -1 -1 -1 -1 -1 416353 0 15 40 19 21 2 5 2 5
0 0 0 1 1 1 6 1 5 6 1 1 6 -1 -1 -1 -1 -1 -1 416819 0 15 40 19 21 2 5 2 5
0 0 0 1 1 1 7 1 5 6 1 1 6 6 5 4 4 1 1 417286 0 15 40 19 21 2 6 2 5
0 0 0 1 1 1 6 1 5 6 1 1 6 -1 -1 -1 -1 -1 -1 417752 0 15 40 20 22 2 6 2 5
0 0 0 1 1 6 1 1 5 6 1 1 5 -1 -1 -1 -1 -1 -1 418219 0 15 40 20 22 2 6 2 5
0 0 0 1 1 6 1 1 5 6 1 1 5 -1 -1 -1 -1 -1 -1 418652 0 15 40 20 22 2 6 2 5
0 0 0 1 1 7 1 1 5 6 1 1 5 5 5 4 4 1 1 419119 0 15 40 20 22 2 5 2 5
0 0 0 1 1 6 1 1 5 6 1 1 5 -1 -1 -1 -1 -1 -1 419585 0 15 40 20 22 2 5 2 5
0 0 0 1 1 6 1 1 5 6 1 1 5 -1 -1 -1 -1 -1 -1 420019 0 15 40 20 22 2 5 2 5
0 0 0 1 1 6 1 1 5 6 1 1 5 -1 -1 -1 -1 -1 -1 420485 0 15 40 20 22 2 5 2 5
0 0 0 1 1 7 1 1 5 6 1 1 5 5 5 4 4 1 1 420952 0 15 40 20 22 2 4 2 5
0 0 0 1 1 6 1 1 5 6 1 1 5 -1 -1 -1 -1 -1 -1 421385 0 15 40 21 23 2 4 2 5
0 0 0 1 1 1 1 6 5 6 1 1 7 -1 -1 -1 -1 -1 -1 421818 0 15 40 21 23 2 4 2 5
0 0 0 1 1 1 1 6 5 6 1 1 7 -1 -1 -1 -1 -1 -1 422251 0 15 40 21 23 2 4 2 5
0 0 0 1 1 1 1 7 5 6 1 1 7 7 5 4 4 1 1 422685 0 15 40 21 23 2 5 2 5
0 0 0 1 1 1 1 6 5 6 1 1 7 -1 -1 -1 -1 -1 -1 423118 0 15 40 21 23 2 5 2 5
0 0 0 1 1 1 6 1 5 6 1 1 6 -1 -1 -1 -1 -1 -1 423551 0 15 40 21 23 2 5 2 5
0 0 0 1 1 1 6 1 5 6 1 1 6 -1 -1 -1 -1 -1 -1 423984 0 15 40 21 23 2 5 2 5
0 0 0 1 1 1 7 1 5 6 1 1 6 6 5 4 4 1 1 424417 0 15 40 21 23 2 5 2 5
0 0 0 1 1 1 6 1 5 6 1 2 6 -1 -1 -1 -1 -1 -1 424851 0 15 40 22 24 2 5 2 5
0 0 0 1 6 1 1 1 5 6 1 2 4 -1 -1 -1 -1 -1 -1 425251 0 15 40 22 24 2 5 2 5
0 0 0 1 6 1 1 1 5 6 1 2 4 -1 -1 -1 -1 -1 -1 425684 0 15 40 22 24 2 5 2 5
0 0 0 1 7 1 1 1 5 6 1 2 4 4 5 4 4 1 1 426084 0 15 40 22 24 2 6 2 5
0 0 0 1 6 1 1 1 5 6 1 2 4 -1 -1 -1 -1 -1 -1 426517 0 15 40 22 24 2 6 2 5
0 0 0 6 1 1 1 4 5 6 1 2 3 -1 -1 -1 -1 -1 -1 426917 1 15 40 22 24 2 6 2 5
0 0 0 6 1 1 1 1 5 6 1 2 3 -1 -1 -1 -1 -1 -1 427350 0 15 40 22 24 2 6 2 5
0 0 0 7 1 1 1 1 5 6 1 2 3 3 5 4 4 1 1 427750 0 15 40 22 24 2 8 0 5
0 0 0 6 1 1 1 1 5 6 1 2 3 -1 -1 -1 -1 -1 -1 428150 0 15 40 23 25 2 8 0 5
0 0 0 1 6 4 1 1 5 6 1 2 4 -1 -1 -1 -1 -1 -1 428550 1 15 40 23 25 2 8 0 5
0 0 0 1 6 1 1 1 5 6 1 2 4 -1 -1 -1 -1 -1 -1 428950 0 15 40 23 25 2 8 0 5
0 0 0 1 7 1 1 1 5 6 1 2 4 4 5 4 4 1 1 429350 0 15 40 23 25 2 5 2 5
0 0 0 1 6 1 1 1 5 6 1 2 4 -1 -1 -1 -1 -1 -1 429749 0 15 40 23 25 2 5 2 5
0 0 0 6 1 1 4 1 5 6 1 2 3 -1 -1 -1 -1 -1 -1 430149 1 15 40 23 25 2 5 2 5
0 0 0 6 1 1 1 1 5 6 1 2 3 -1 -1 -1 -1 -1 -1 430549 0 15 40 23 25 2 5 2 5
0 0 0 7 1 1 1 1 5 6 1 2 3 3 5 4 4 1 1 430949 0 15 40 23 25 2 6 2 5
0 0 0 6 1 1 1 1 5 6 1 2 3 -1 -1 -1 -1 -1 -1 431349 0 15 40 24 25.5 2 6 2 5
0 0 0 1 1 6 1 4 5 6 1 2 5 -1 -1 -1 -1 -1 -1 431749 1 15 40 24 25.5 2 6 2 5
0 0 0 1 1 6 1 1 5 6 1 2 5 -1 -1 -1 -1 -1 -1 432116 0 15 40 24 25.5 2 6 2 5
0 0 0 1 1 7 1 1 5 6 1 2 5 5 5 4 4 1 1 432515 0 15 40 24 25.5 2 5 2 5
0 0 0 1 6 1 1 1 5 6 1 2 4 -1 -1 -1 -1 -1 -1 432915 0 15 40 24 25.5 2 5 2 5
0 0 0 1 6 4 1 1 5 6 1 2 4 -1 -1 -1 -1 -1 -1 433315 1 15 40 24 25.5 2 5 2 5
0 0 0 1 1 6 1 1 5 6 1 2 5 -1 -1 -1 -1 -1 -1 433715 0 15 40 24 25.5 2 5 2 5
0 0 0 1 1 1 7 1 5 6 1 2 6 6 5 4 4 1 1 434082 0 15 40 24 25.5 2 4 2 5
0 0 0 1 1 6 1 1 5 6 1 2 5 -1 -1 -1 -1 -1 -1 434482 0 15 40 25 26 2 4 2 5
0 0 0 1 1 6 1 4 5 6 1 2 5 -1 -1 -1 -1 -1 -1 434848 1 15 40 25 26 2 4 2 5
0 0 0 1 1 1 1 6 5 6 1 2 7 -1 -1 -1 -1 -1 -1 435248 0 15 40 25 26 2 4 2 5
0 0 0 1 1 1 1 7 5 6 1 2 7 7 5 4 4 1 1 435615 0 15 40 25 26 2 5 2 5
0 0 0 1 1 1 6 1 5 6 1 2 6 -1 -1 -1 -1 -1 -1 436015 0 15 40 25 26 2 5 2 5
0 0 0 4 1 1 6 1 5 6 1 2 6 -1 -1 -1 -1 -1 -1 436415 1 15 40 25 26 2 5 2 5
0 0 0 1 1 1 6 1 5 6 1 2 6 -1 -1 -1 -1 -1 -1 436781 0 15 40 25 26 2 5 2 5
0 0 0 1 1 1 7 1 5 6 1 2 6 6 5 4 4 1 1 437181 0 15 40 25 26 2 5 2 5
0 0 0 1 1 6 1 1 5 6 1 2 5 -1 -1 -1 -1 -1 -1 437548 0 15 40 26 26.5 2 5 2 5
0 0 0 1 1 6 1 4 5 6 1 2 5 -1 -1 -1 -1 -1 -1 437914 1 15 40 26 26.5 2 5 2 5
0 0 0 1 6 1 1 1 5 6 1 2 4 -1 -1 -1 -1 -1 -1 438314 0 15 40 26 26.5 2 5 2 5
0 0 0 1 7 1 1 1 5 6 1 2 4 4 5 4 4 1 1 438681 0 15 40 26 26.5 2 6 2 5
0 0 0 1 1 6 1 1 5 6 1 2 5 -1 -1 -1 -1 -1 -1 439047 0 15 40 26 26.5 2 6 2 5
0 0 0 1 4 6 1 1 5 6 1 2 5 -1 -1 -1 -1 -1 -1 439447 1 15 40 26 26.5 2 6 2 5
0 0 0 1 6 1 1 1 5 6 1 2 4 -1 -1 -1 -1 -1 -1 439814 0 15 40 26 26.5 2 6 2 5
0 0 0 1 7 1 1 1 5 6 1 2 4 4 5 4 4 1 1 440180 0 15 40 26 26.5 2 8 0 5
0 0 0 1 1 6 1 1 5 6 1 2 5 -1 -1 -1 -1 -1 -1 440547 0 15 40 27 27 2 8 0 5
0 0 0 1 4 6 1 1 5 6 1 2 5 -1 -1 -1 -1 -1 -1 440913 1 15 40 27 27 2 8 0 5
0 0 0 1 1 6 1 1 5 6 1 2 5 -1 -1 -1 -1 -1 -1 441313 0 15 40 27 27 2 8 0 5
0 0 0 1 1 7 1 1 5 6 1 2 5 5 5 4 4 1 1 441680 0 15 40 27 27 2 5 2 5
0 0 0 1 1 6 1 1 5 6 1 2 5 -1 -1 -1 -1 -1 -1 442046 0 15 40 27 27 2 5 2 5
0 0 0 4 1 6 1 1 5 6 1 2 5 -1 -1 -1 -1 -1 -1 442413 1 15 40 27 27 2 5 2 5
0 0 0 1 1 6 1 1 5 6 1 2 5 -1 -1 -1 -1 -1 -1 442780 0 15 40 27 27 2 5 2 5
0 0 0 1 1 7 1 1 5 6 1 2 5 5 5 4 4 1 1 443146 0 15 40 27 27 2 6 2 5
0 0 0 1 1 6 1 1 6 2 1 1 5 -1 -1 -1 -1 -1 -1 452844 0 15 20 18 60 2 8 0 5
0 0 0 1 1 6 1 1 6 2 1 1 5 -1 -1 -1 -1 -1 -1 453010 0 15 20 18 60 2 8 0 5
0 0 0 1 1 6 1 1 6 2 1 1 5 -1 -1 -1 -1 -1 -1 453177 0 15 20 18 60 2 6 2 5
0 0 0 1 1 6 1 1 6 2 1 1 5 -1 -1 -1 -1 -1 -1 453344 0 15 20 18 51.8 2 6 2 5
0 0 0 1 1 6 1 1 6 2 1 1 5 -1 -1 -1 -1 -1 -1 453610 0 15 20 18 29.9333 2 6 2 5
0 0 0 1 1 6 1 1 6 2 1 1 5 -1 -1 -1 -1 -1 -1 454077 0 15 20 18 19 2 6 2 5
0 0 0 1 1 6 1 1 6 2 1 1 5 -1 -1 -1 -1 -1 -1 454610 0 15 20 18 19 2 4 2 5
0 0 0 1 1 6 1 1 6 2 1 1 5 -1 -1 -1 -1 -1 -1 455110 0 15 20 18 19 2 4 2 5
0 0 0 1 1 6 1 1 6 2 1 1 5 -1 -1 -1 -1 -1 -1 455643 0 15 20 18 19 2 4 2 5
0 0 0 1 1 6 1 1 6 2 1 1 5 -1 -1 -1 -1 -1 -1 456176 0 15 20 18 19 2 4 2 5
0 0 0 1 1 6 1 3 6 2 1 1 5 7 5 4 3 0 0 456710 0 15 20 18 19 2 6 2 5
0 0 0 1 1 6 1 1 6 2 1 1 5 -1 -1 -1 -1 -1 -1 457243 0 15 20 18 19 2 6 2 5
0 0 0 1 1 6 1 1 6 2 1 1 5 -1 -1 -1 -1 -1 -1 457743 0 15 20 18 19 2 6 2 5
0 0 0 1 1 6 1 1 6 2 1 1 5 -1 -1 -1 -1 -1 -1 458276 0 15 20 18 19 2 6 2 5
0 0 0 1 1 6 3 1 6 2 1 1 5 6 5 4 2 0 0 458809 0 15 20 18 19 2 4 2 5
0 0 0 1 1 6 1 1 6 2 1 1 5 -1 -1 -1 -1 -1 -1 459342 0 15 20 18 19 2 4 2 5
0 0 0 1 1 6 1 1 6 2 1 1 5 -1 -1 -1 -1 -1 -1 459842 0 15 20 18 19 2 4 2 5
0 0 0 1 1 6 1 1 6 2 1 1 5 -1 -1 -1 -1 -1 -1 460375 0 15 20 18 19 2 4 2 5
0 0 0 1 1 7 1 1 6 2 1 1 5 5 5 4 2 1 1 460909 0 15 20 18 19 2 4 2 5
0 0 0 1 1 6 1 1 6 2 1 1 5 -1 -1 -1 -1 -1 -1 461442 0 15 20 18 19 2 4 2 5
0 0 0 1 1 6 1 1 6 2 1 1 5 -1 -1 -1 -1 -1 -1 461975 0 15 20 18 19 2 4 2 5
0 0 0 1 6 1 1 1 6 2 1 1 4 -1 -1 -1 -1 -1 -1 462475 0 15 20 18 19 2 4 2 5
0 0 0 1 6 3 1 1 6 2 1 1 4 5 5 4 0 0 0 463008 0 15 20 18 19 2 4 2 5
0 0 0 1 1 6 1 1 6 2 1 1 5 -1 -1 -1 -1 -1 -1 463541 0 15 20 18 19 2 4 2 5
0 0 0 1 1 6 1 1 6 2 1 1 5 -1 -1 -1 -1 -1 -1 464074 0 15 20 18 19 2 4 2 5
0 0 0 1 6 1 1 1 6 2 1 1 4 -1 -1 -1 -1 -1 -1 464608 0 15 20 18 19 2 4 2 5
0 0 0 1 6 3 1 1 6 2 1 1 4 5 5 4 2 0 0 465108 0 15 20 18 19 2 4 2 5
0 0 0 1 6 1 1 1 6 2 1 1 4 -1 -1 -1 -1 -1 -1 465641 0 15 20 18 19 2 4 2 5
0 0 0 1 1 6 1 1 6 2 1 1 5 -1 -1 -1 -1 -1 -1 466174 0 15 20 18 19 2 4 2 5
0 0 0 1 1 6 1 1 6 2 1 1 5 -1 -1 -1 -1 -1 -1 466707 0 15 20 18 19 2 4 2 5
0 0 0 1 1 6 3 1 6 2 1 1 5 6 5 4 3 0 0 467207 0 15 20 18 19 2 8 0 5
0 0 0 1 1 6 1 1 6 2 1 1 5 -1 -1 -1 -1 -1 -1 467740 0 15 20 18 19 2 8 0 5
0 0 0 1 1 6 1 1 6 2 1 1 5 -1 -1 -1 -1 -1 -1 468273 0 15 20 18 19 2 8 0 5
0 0 0 1 1 6 1 1 6 2 1 1 5 -1 -1 -1 -1 -1 -1 468807 0 15 20 18 19 2 8 0 5
0 0 0 1 1 6 3 1 6 2 1 1 5 6 5 4 0 0 0 469340 0 15 20 18 19 2 6 2 5
0 0 0 1 1 6 1 1 6 2 1 1 5 -1 -1 -1 -1 -1 -1 469840 0 15 20 18 19 2 6 2 5
0 0 0 1 1 1 6 1 6 2 1 1 6 -1 -1 -1 -1 -1 -1 470373 0 15 20 18 19 2 6 2 5
0 0 0 1 1 1 6 1 6 2 1 1 6 -1 -1 -1 -1 -1 -1 470906 0 15 20 18 19 2 6 2 5
0 0 0 1 1 1 7 1 6 2 1 1 6 6 5 4 0 1 1 471439 0 15 20 18 19 2 4 2 5
0 0 0 1 1 6 1 1 6 2 1 1 5 -1 -1 -1 -1 -1 -1 471906 0 15 20 19 21 2 4 2 5
0 0 0 1 1 6 1 1 6 2 1 1 5 -1 -1 -1 -1 -1 -1 472406 0 15 20 19 21 2 4 2 5
0 0 0 1 1 6 1 1 6 2 1 1 5 -1 -1 -1 -1 -1 -1 472872 0 15 20 19 21 2 4 2 5
0 0 0 1 1 6 3 1 6 2 1 1 5 6 5 4 2 0 0 473339 0 15 20 19 21 2 6 2 5
0 0 0 1 1 6 1 1 6 2 1 1 5 -1 -1 -1 -1 -1 -1 473805 0 15 20 19 21 2 6 2 5
0 0 0 1 1 6 1 1 6 2 1 1 5 -1 -1 -1 -1 -1 -1 474305 0 15 20 19 21 2 6 2 5
0 0 0 1 1 6 1 1 6 2 1 1 5 -1 -1 -1 -1 -1 -1 474772 0 15 20 19 21 2 6 2 5
0 0 0 1 1 7 1 1 6 2 1 1 5 5 5 4 2 1 1 475238 0 15 20 19 21 2 4 2 5
0 0 0 1 1 6 1 1 6 2 1 1 5 -1 -1 -1 -1 -1 -1 475738 0 15 20 19 21 2 4 2 5
0 0 0 1 1 1 6 1 6 2 1 1 6 -1 -1 -1 -1 -1 -1 476205 0 15 20 19 21 2 4 2 5
0 0 0 1 1 1 6 1 6 2 1 1 6 -1 -1 -1 -1 -1 -1 476671 0 15 20 19 21 2 4 2 5
0 0 0 1 1 1 6 3 6 2 1 1 6 7 5 4 0 0 0 477138 0 15 20 19 21 2 4 2 5
0 0 0 1 1 1 6 1 6 2 1 1 6 -1 -1 -1 -1 -1 -1 477638 0 15 20 19 21 2 4 2 5
0 0 0 1 1 6 1 1 6 2 1 1 5 -1 -1 -1 -1 -1 -1 478104 0 15 20 19 21 2 4 2 5
0 0 0 1 1 6 1 1 6 2 1 1 5 -1 -1 -1 -1 -1 -1 478571 0 15 20 19 21 2 4 2 5
0 0 0 1 1 7 1 1 6 2 1 1 5 5 5 4 0 1 1 479071 0 15 20 19 21 2 4 2 5
0 0 0 1 1 6 1 1 6 2 1 1 5 -1 -1 -1 -1 -1 -1 479504 0 15 20 20 22 2 4 2 5
0 0 0 1 1 6 1 1 6 2 1 1 5 -1 -1 -1 -1 -1 -1 479971 0 15 20 20 22 2 4 2 5
0 0 0 1 1 1 6 1 6 2 1 1 6 -1 -1 -1 -1 -1 -1 480437 0 15 20 20 22 2 4 2 5
0 0 0 1 1 3 6 1 6 2 1 1 6 5 5 4 1 0 0 480870 0 15 20 20 22 2 4 2 5
0 0 0 1 1 6 1 1 6 2 1 1 5 -1 -1 -1 -1 -1 -1 481337 0 15 20 20 22 2 4 2 5
0 0 0 1 6 1 1 1 6 2 1 1 4 -1 -1 -1 -1 -1 -1 481803 0 15 20 20 22 2 4 2 5
0 0 0 6 1 1 1 1 6 2 1 1 3 -1 -1 -1 -1 -1 -1 482237 0 15 20 20 22 2 4 2 5
0 0 0 7 1 1 1 1 6 2 1 1 3 3 5 4 1 1 1 482703 0 15 20 20 22 2 8 0 5
0 0 0 1 6 1 1 1 6 2 1 1 4 -1 -1 -1 -1 -1 -1 483136 0 15 20 20 22 2 8 0 5
0 0 0 1 6 1 1 1 6 2 1 1 4 -1 -1 -1 -1 -1 -1 483603 0 15 20 20 22 2 8 0 5
0 0 0 1 1 6 1 1 6 2 1 1 5 -1 -1 -1 -1 -1 -1 484070 0 15 20 20 22 2 8 0 5
0 0 0 1 3 6 1 1 6 2 1 1 5 4 5 4 2 0 0 484503 0 15 20 20 22 2 6 2 5
0 0 0 1 1 6 1 1 6 2 1 1 5 -1 -1 -1 -1 -1 -1 484969 0 15 20 20 22 2 6 2 5
0 0 0 1 1 6 1 1 6 2 1 1 5 -1 -1 -1 -1 -1 -1 485436 0 15 20 20 22 2 6 2 5
0 0 0 1 1 6 1 1 6 2 1 1 5 -1 -1 -1 -1 -1 -1 485869 0 15 20 20 22 2 6 2 5
0 0 0 1 1 7 1 1 6 2 1 1 5 5 5 4 2 1 1 486336 0 15 20 20 22 2 4 2 5
0 0 0 1 1 6 1 1 6 2 1 1 5 -1 -1 -1 -1 -1 -1 486769 0 15 20 20 22 2 4 2 5
0 0 0 1 1 6 1 1 6 2 1 1 5 -1 -1 -1 -1 -1 -1 487235 0 15 20 20 22 2 4 2 5
0 0 0 1 1 6 1 1 6 2 1 1 5 -1 -1 -1 -1 -1 -1 487702 0 15 20 20 22 2 4 2 5
0 0 0 3 1 6 1 1 6 2 1 1 5 3 5 4 0 0 0 488135 0 15 20 20 22 2 6 2 5
0 0 0 1 1 6 1 1 6 2 1 1 5 -1 -1 -1 -1 -1 -1 488602 0 15 20 20 22 2 6 2 5
0 0 0 1 1 6 1 1 6 2 1 1 5 -1 -1 -1 -1 -1 -1 489068 0 15 20 20 22 2 6 2 5
0 0 0 1 6 1 1 1 6 2 1 1 4 -1 -1 -1 -1 -1 -1 489502 0 15 20 20 22 2 6 2 5
0 0 0 1 6 3 1 1 6 2 1 1 4 5 5 4 3 0 0 489968 0 15 20 20 22 2 4 2 5
0 0 0 1 1 6 1 1 6 2 1 1 5 -1 -1 -1 -1 -1 -1 490435 0 15 20 20 22 2 4 2 5
0 0 0 1 1 6 1 1 6 2 1 1 5 -1 -1 -1 -1 -1 -1 490868 0 15 20 20 22 2 4 2 5
0 0 0 1 1 6 1 1 6 2 1 1 5 -1 -1 -1 -1 -1 -1 491334 0 15 20 20 22 2 4 2 5
0 0 0 3 1 6 1 1 6 2 1 1 5 3 5 4 2 0 0 491768 0 15 20 20 22 2 4 2 5
0 0 0 1 1 6 1 1 6 2 1 1 5 -1 -1 -1 -1 -1 -1 492234 0 15 20 20 22 2 4 2 5
0 0 0 1 6 1 1 1 6 2 1 1 4 -1 -1 -1 -1 -1 -1 492701 0 15 20 20 22 2 4 2 5
0 0 0 1 1 6 1 1 6 2 1 1 5 -1 -1 -1 -1 -1 -1 493134 0 15 20 20 22 2 4 2 5
0 0 0 1 3 6 1 1 6 2 1 1 5 4 5 4 3 0 0 493601 0 15 20 20 22 2 4 2 5
0 0 0 1 1 6 1 1 6 2 1 1 5 -1 -1 -1 -1 -1 -1 494067 0 15 20 20 22 2 4 2 5
0 0 0 1 1 6 1 1 6 2 1 1 5 -1 -1 -1 -1 -1 -1 494500 0 15 20 20 22 2 4 2 5
0 0 0 1 1 6 1 1 6 2 1 1 5 -1 -1 -1 -1 -1 -1 494967 0 15 20 20 22 2 4 2 5
0 0 0 1 1 6 3 1 6 2 1 1 5 6 5 4 1 0 0 495433 0 15 20 20 22 2 4 2 5
0 0 0 1 1 6 1 1 6 2 1 1 5 -1 -1 -1 -1 -1 -1 495867 0 15 20 20 22 2 4 2 5
0 0 0 1 1 6 1 1 6 2 1 1 5 -1 -1 -1 -1 -1 -1 496333 0 15 20 20 22 2 4 2 5
0 0 0 1 1 6 1 1 6 2 1 1 5 -1 -1 -1 -1 -1 -1 496766 0 15 20 20 22 2 4 2 5
0 0 0 1 3 6 1 1 6 2 1 1 5 4 5 4 3 0 0 497233 0 15 20 20 22 2 8 0 5
0 0 0 1 1 6 1 1 6 2 1 1 5 -1 -1 -1 -1 -1 -1 497700 0 15 20 20 22 2 8 0 5
0 0 0 1 6 1 1 1 6 2 1 1 4 -1 -1 -1 -1 -1 -1 498133 0 15 20 20 22 2 8 0 5
0 0 0 1 6 1 1 1 6 2 1 1 4 -1 -1 -1 -1 -1 -1 498599 0 15 20 20 22 2 8 0 5
0 0 0 1 7 1 1 1 6 2 1 1 4 4 5 4 3 1 1 499066 0 15 20 20 22 2 6 2 5
0 0 0 1 6 1 1 1 6 2 1 1 4 -1 -1 -1 -1 -1 -1 499499 0 15 20 20 22 2 6 2 5
0 0 0 1 1 6 1 1 6 2 1 1 5 -1 -1 -1 -1 -1 -1 499966 0 15 20 20 22 2 6 2 5
0 0 0 1 6 1 1 1 6 2 1 1 4 -1 -1 -1 -1 -1 -1 500432 0 15 20 20 22 2 6 2 5
0 0 0 1 1 7 1 1 6 2 1 1 5 5 5 4 3 1 1 500865 0 15 20 20 22 2 4 2 5
0 0 0 1 1 6 1 1 6 2 1 1 5 -1 -1 -1 -1 -1 -1 452844 0 15 20 18 60 2 8 0 5
0 0 0 1 1 6 1 1 6 2 1 1 5 -1 -1 -1 -1 -1 -1 453010 0 15 20 18 60 2 8 0 5
0 0 0 1 1 6 1 1 6 2 1 1 5 -1 -1 -1 -1 -1 -1 453177 0 15 20 18 60 2 6 2 5
0 0 0 1 1 6 1 1 6 2 1 1 5 -1 -1 -1 -1 -1 -1 453344 0 15 20 18 51.8 2 6 2 5
0 0 0 1 1 6 1 1 6 2 1 1 5 -1 -1 -1 -1 -1 -1 453610 0 15 20 18 29.9333 2 6 2 5
0 0 0 1 1 6 1 1 6 2 1 1 5 -1 -1 -1 -1 -1 -1 454077 0 15 20 18 19 2 6 2 5
0 0 0 1 1 6 1 1 6 2 1 1 5 -1 -1 -1 -1 -1 -1 454610 0 15 20 18 19 2 4 2 5
0 0 0 1 1 6 1 1 6 2 1 1 5 -1 -1 -1 -1 -1 -1 455110 0 15 20 18 19 2 4 2 5
0 0 0 1 1 6 1 1 6 2 1 1 5 -1 -1 -1 -1 -1 -1 455643 0 15 20 18 19 2 4 2 5
0 0 0 1 1 6 1 1 6 2 1 1 5 -1 -1 -1 -1 -1 -1 456176 0 15 20 18 19 2 4 2 5
0 0 0 1 1 6 1 3 6 2 1 1 5 7 5 4 3 0 0 456710 0 15 20 18 19 2 6 2 5
0 0 0 1 1 6 1 1 6 2 1 1 5 -1 -1 -1 -1 -1 -1 457243 0 15 20 18 19 2 6 2 5
0 0 0 1 1 6 1 1 6 2 1 1 5 -1 -1 -1 -1 -1 -1 457743 0 15 20 18 19 2 6 2 5
0 0 0 1 1 6 1 1 6 2 1 1 5 -1 -1 -1 -1 -1 -1 458276 0 15 20 18 19 2 6 2 5
0 0 0 1 1 6 3 1 6 2 1 1 5 6 5 4 2 0 0 458809 0 15 20 18 19 2 4 2 5
0 0 0 1 1 6 1 1 6 2 1 1 5 -1 -1 -1 -1 -1 -1 459342 0 15 20 18 19 2 4 2 5
0 0 0 1 1 6 1 1 6 2 1 1 5 -1 -1 -1 -1 -1 -1 459842 0 15 20 18 19 2 4 2 5
0 0 0 1 1 6 1 1 6 2 1 1 5 -1 -1 -1 -1 -1 -1 460375 0 15 20 18 19 2 4 2 5
0 0 0 1 1 7 1 1 6 2 1 1 5 5 5 4 2 1 1 460909 0 15 20 18 19 2 4 2 5
0 0 0 1 1 6 1 1 6 2 1 1 5 -1 -1 -1 -1 -1 -1 461442 0 15 20 18 19 2 4 2 5
0 0 0 1 1 6 1 1 6 2 1 1 5 -1 -1 -1 -1 -1 -1 461975 0 15 20 18 19 2 4 2 5
0 0 0 1 6 1 1 1 6 2 1 1 4 -1 -1 -1 -1 -1 -1 462475 0 15 20 18 19 2 4 2 5
0 0 0 1 6 3 1 1 6 2 1 1 4 5 5 4 0 0 0 463008 0 15 20 18 19 2 4 2 5
0 0 0 1 1 6 1 1 6 2 1 1 5 -1 -1 -1 -1 -1 -1 463541 0 15 20 18 19 2 4 2 5
0 0 0 1 1 6 1 1 6 2 1 1 5 -1 -1 -1 -1 -1 -1 464074 0 15 20 18 19 2 4 2 5
0 0 0 1 6 1 1 1 6 2 1 1 4 -1 -1 -1 -1 -1 -1 464608 0 15 20 18 19 2 4 2 5
0 0 0 1 6 3 1 1 6 2 1 1 4 5 5 4 2 0 0 465108 0 15 20 18 19 2 4 2 5
0 0 0 1 6 1 1 1 6 2 1 1 4 -1 -1 -1 -1 -1 -1 465641 0 15 20 18 19 2 4 2 5
0 0 0 1 1 6 1 1 6 2 1 1 5 -1 -1 -1 -1 -1 -1 466174 0 15 20 18 19 2 4 2 5
0 0 0 1 1 6 1 1 6 2 1 1 5 -1 -1 -1 -1 -1 -1 466707 0 15 20 18 19 2 4 2 5
0 0 0 1 1 6 3 1 6 2 1 1 5 6 5 4 3 0 0 467207 0 15 20 18 19 2 8 0 5
0 0 0 1 1 6 1 1 6 2 1 1 5 -1 -1 -1 -1 -1 -1 467740 0 15 20 18 19 2 8 0 5
0 0 0 1 1 6 1 1 6 2 1 1 5 -1 -1 -1 -1 -1 -1 468273 0 15 20 18 19 2 8 0 5
0 0 0 1 1 6 1 1 6 2 1 1 5 -1 -1 -1 -1 -1 -1 468807 0 15 20 18 19 2 8 0 5
0 0 0 1 1 6 3 1 6 2 1 1 5 6 5 4 0 0 0 469340 0 15 20 18 19 2 6 2 5
0 0 0 1 1 6 1 1 6 2 1 1 5 -1 -1 -1 -1 -1 -1 469840 0 15 20 18 19 2 6 2 5
0 0 0 1 1 1 6 1 6 2 1 1 6 -1 -1 -1 -1 -1 -1 470373 0 15 20 18 19 2 6 2 5
0 0 0 1 1 1 6 1 6 2 1 1 6 -1 -1 -1 -1 -1 -1 470906 0 15 20 18 19 2 6 2 5
0 0 0 1 1 1 7 1 6 2 1 1 6 6 5 4 0 1 1 471439 0 15 20 18 19 2 4 2 5
0 0 0 1 1 6 1 1 6 2 1 1 5 -1 -1 -1 -1 -1 -1 471906 0 15 20 19 21 2 4 2 5
0 0 0 1 1 6 1 1 6 2 1 1 5 -1 -1 -1 -1 -1 -1 472406 0 15 20 19 21 2 4 2 5
0 0 0 1 1 6 1 1 6 2 1 1 5 -1 -1 -1 -1 -1 -1 472872 0 15 20 19 21 2 4 2 5
0 0 0 1 1 6 3 1 6 2 1 1 5 6 5 4 2 0 0 473339 0 15 20 19 21 2 6 2 5
0 0 0 1 1 6 1 1 6 2 1 1 5 -1 -1 -1 -1 -1 -1 473805 0 15 20 19 21 2 6 2 5
0 0 0 1 1 6 1 1 6 2 1 1 5 -1 -1 -1 -1 -1 -1 474305 0 15 20 19 21 2 6 2 5
0 0 0 1 1 6 1 1 6 2 1 1 5 -1 -1 -1 -1 -1 -1 474772 0 15 20 19 21 2 6 2 5
0 0 0 1 1 7 1 1 6 2 1 1 5 5 5 4 2 1 1 475238 0 15 20 19 21 2 4 2 5
0 0 0 1 1 6 1 1 6 2 1 1 5 -1 -1 -1 -1 -1 -1 475738 0 15 20 19 21 2 4 2 5
0 0 0 1 1 1 6 1 6 2 1 1 6 -1 -1 -1 -1 -1 -1 476205 0 15 20 19 21 2 4 2 5
0 0 0 1 1 1 6 1 6 2 1 1 6 -1 -1 -1 -1 -1 -1 476671 0 15 20 19 21 2 4 2 5
0 0 0 1 1 1 6 3 6 2 1 1 6 7 5 4 0 0 0 477138 0 15 20 19 21 2 4 2 5
0 0 0 1 1 1 6 1 6 2 1 1 6 -1 -1 -1 -1 -1 -1 477638 0 15 20 19 21 2 4 2 5
0 0 0 1 1 6 1 1 6 2 1 1 5 -1 -1 -1 -1 -1 -1 478104 0 15 20 19 21 2 4 2 5
0 0 0 1 1 6 1 1 6 2 1 1 5 -1 -1 -1 -1 -1 -1 478571 0 15 20 19 21 2 4 2 5
0 0 0 1 1 7 1 1 6 2 1 1 5 5 5 4 0 1 1 479071 0 15 20 19 21 2 4 2 5
0 0 0 1 1 6 1 1 6 2 1 1 5 -1 -1 -1 -1 -1 -1 479504 0 15 20 20 22 2 4 2 5
0 0 0 1 1 6 1 1 6 2 1 1 5 -1 -1 -1 -1 -1 -1 479971 0 15 20 20 22 2 4 2 5
0 0 0 1 1 1 6 1 6 2 1 1 6 -1 -1 -1 -1 -1 -1 480437 0 15 20 20 22 2 4 2 5
0 0 0 1 1 3 6 1 6 2 1 1 6 5 5 4 1 0 0 480870 0 15 20 20 22 2 4 2 5
0 0 0 1 1 6 1 1 6 2 1 1 5 -1 -1 -1 -1 -1 -1 481337 0 15 20 20 22 2 4 2 5
0 0 0 1 6 1 1 1 6 2 1 1 4 -1 -1 -1 -1 -1 -1 481803 0 15 20 20 22 2 4 2 5
0 0 0 6 1 1 1 1 6 2 1 1 3 -1 -1 -1 -1 -1 -1 482237 0 15 20 20 22 2 4 2 5
0 0 0 7 1 1 1 1 6 2 1 1 3 3 5 4 1 1 1 482703 0 15 20 20 22 2 8 0 5
0 0 0 1 6 1 1 1 6 2 1 1 4 -1 -1 -1 -1 -1 -1 483136 0 15 20 20 22 2 8 0 5
0 0 0 1 6 1 1 1 6 2 1 1 4 -1 -1 -1 -1 -1 -1 483603 0 15 20 20 22 2 8 0 5
0 0 0 1 1 6 1 1 6 2 1 1 5 -1 -1 -1 -1 -1 -1 484070 0 15 20 20 22 2 8 0 5
0 0 0 1 3 6 1 1 6 2 1 1 5 4 5 4 2 0 0 484503 0 15 20 20 22 2 6 2 5
0 0 0 1 1 6 1 1 6 2 1 1 5 -1 -1 -1 -1 -1 -1 484969 0 15 20 20 22 2 6 2 5
0 0 0 1 1 6 1 1 6 2 1 1 5 -1 -1 -1 -1 -1 -1 485436 0 15 20 20 22 2 6 2 5
0 0 0 1 1 6 1 1 6 2 1 1 5 -1 -1 -1 -1 -1 -1 485869 0 15 20 20 22 2 6 2 5
0 0 0 1 1 7 1 1 6 2 1 1 5 5 5 4 2 1 1 486336 0 15 20 20 22 2 4 2 5
0 0 0 1 1 6 1 1 6 2 1 1 5 -1 -1 -1 -1 -1 -1 486769 0 15 20 20 22 2 4 2 5
0 0 0 1 1 6 1 1 6 2 1 1 5 -1 -1 -1 -1 -1 -1 487235 0 15 20 20 22 2 4 2 5
0 0 0 1 1 6 1 1 6 2 1 1 5 -1 -1 -1 -1 -1 -1 487702 0 15 20 20 22 2 4 2 5
0 0 0 3 1 6 1 1 6 2 1 1 5 3 5 4 0 0 0 488135 0 15 20 20 22 2 6 2 5
0 0 0 1 1 6 1 1 6 2 1 1 5 -1 -1 -1 -1 -1 -1 488602 0 15 20 20 22 2 6 2 5
0 0 0 1 1 6 1 1 6 2 1 1 5 -1 -1 -1 -1 -1 -1 489068 0 15 20 20 22 2 6 2 5
0 0 0 1 6 1 1 1 6 2 1 1 4 -1 -1 -1 -1 -1 -1 489502 0 15 20 20 22 2 6 2 5
0 0 0 1 6 3 1 1 6 2 1 1 4 5 5 4 3 0 0 489968 0 15 20 20 22 2 4 2 5
0 0 0 1 1 6 1 1 6 2 1 1 5 -1 -1 -1 -1 -1 -1 490435 0 15 20 20 22 2 4 2 5
0 0 0 1 1 6 1 1 6 2 1 1 5 -1 -1 -1 -1 -1 -1 490868 0 15 20 20 22 2 4 2 5
0 0 0 1 1 6 1 1 6 2 1 1 5 -1 -1 -1 -1 -1 -1 491334 0 15 20 20 22 2 4 2 5
0 0 0 3 1 6 1 1 6 2 1 1 5 3 5 4 2 0 0 491768 0 15 20 20 22 2 4 2 5
0 0 0 1 1 6 1 1 6 2 1 1 5 -1 -1 -1 -1 -1 -1 492234 0 15 20 20 22 2 4 2 5
0 0 0 1 6 1 1 1 6 2 1 1 4 -1 -1 -1 -1 -1 -1 492701 0 15 20 20 22 2 4 2 5
0 0 0 1 1 6 1 1 6 2 1 1 5 -1 -1 -1 -1 -1 -1 493134 0 15 20 20 22 2 4 2 5
0 0 0 1 3 6 1 1 6 2 1 1 5 4 5 4 3 0 0 493601 0 15 20 20 22 2 4 2 5
0 0 0 1 1 6 1 1 6 2 1 1 5 -1 -1 -1 -1 -1 -1 494067 0 15 20 20 22 2 4 2 5
0 0 0 1 1 6 1 1 6 2 1 1 5 -1 -1 -1 -1 -1 -1 494500 0 15 20 20 22 2 4 2 5
0 0 0 1 1 6 1 1 6 2 1 1 5 -1 -1 -1 -1 -1 -1 494967 0 15 20 20 22 2 4 2 5
0 0 0 1 1 6 3 1 6 2 1 1 5 6 5 4 1 0 0 495433 0 15 20 20 22 2 4 2 5
0 0 0 1 1 6 1 1 6 2 1 1 5 -1 -1 -1 -1 -1 -1 495867 0 15 20 20 22 2 4 2 5
0 0 0 1 1 6 1 1 6 2 1 1 5 -1 -1 -1 -1 -1 -1 496333 0 15 20 20 22 2 4 2 5
0 0 0 1 1 6 1 1 6 2 1 1 5 -1 -1 -1 -1 -1 -1 496766 0 15 20 20 22 2 4 2 5
0 0 0 1 3 6 1 1 6 2 1 1 5 4 5 4 3 0 0 497233 0 15 20 20 22 2 8 0 5
0 0 0 1 1 6 1 1 6 2 1 1 5 -1 -1 -1 -1 -1 -1 497700 0 15 20 20 22 2 8 0 5
0 0 0 1 6 1 1 1 6 2 1 1 4 -1 -1 -1 -1 -1 -1 498133 0 15 20 20 22 2 8 0 5
0 0 0 1 6 1 1 1 6 2 1 1 4 -1 -1 -1 -1 -1 -1 498599 0 15 20 20 22 2 8 0 5
0 0 0 1 7 1 1 1 6 2 1 1 4 4 5 4 3 1 1 499066 0 15 20 20 22 2 6 2 5
0 0 0 1 6 1 1 1 6 2 1 1 4 -1 -1 -1 -1 -1 -1 499499 0 15 20 20 22 2 6 2 5
0 0 0 1 1 6 1 1 6 2 1 1 5 -1 -1 -1 -1 -1 -1 499966 0 15 20 20 22 2 6 2 5
0 0 0 1 6 1 1 1 6 2 1 1 4 -1 -1 -1 -1 -1 -1 500432 0 15 20 20 22 2 6 2 5
0 0 0 1 1 7 1 1 6 2 1 1 5 5 5 4 3 1 1 500865 0 15 20 20 22 2 4 2 5
