% Tunnel Log: 
% debug seed: 1462375039
%
% SegEncNW { '0'=no panel, '1'=panel, '4'=obstacle, '5'=collided obstacle, '6'=player, '7'=player right, '8'=player wrong, '2'=target, '3'=fake }
% SegEncN
% SegEncNE
% SegEncE
% SegEncSE
% SegEncS
% SegEncSW
% SegEncW
% Event Number { 0, inf }
% Task Type { 0=Color/Sound, 1=Shape/Sound, 2=Sound, 3=Navigation, 4=Speed, 5=Training 6=Recess, 7=Special 2-Back }
% N-Back { 0, inf }
% Navigation Level { 0, inf }
% Player Loc { 0=Northwest ... 7=West }
% Pod Loc { -1=N/A, 0=Northwest ... 7=West }
% Pod Color { -1, inf }
% Pod Shape { -1, inf }
% Pod Sound { -1, inf }
% Pod Match { -1=N/A, 0=No, 1=Yes }
% Pod Taken { -1=N/A, 0=No, 1=Yes }
% Timestamp (ms)
% Num Obstacles { 0, inf }
% Min Speed { 0, inf }
% Max Speed { 0, inf }
% Base Speed { 0, inf }
% Final Speed { 0, inf }
% Navigation Score { 0, inf }
% Segment Direction { 0=Northwest ... 7=West }
% Segment Angle { 0, inf }
% Segment Panels { 0, inf }
%
% SegEncNW SecEncN SegEncNE SegEncE SegEncSE SegEncS SegEncSW SegEncW EventNumber TaskType N-Back Navigation PlayerLoc PodLoc PodColor PodShape PodSound PodMatch PodTaken Timestamp NumObs MinSpeed MaxSpeed BaseSpeed FinalSpeed NavScore SegmentDir SegmentAngle SegmentPanels
0 0 0 0 1 6 1 0 0 3 1 0 5 -1 -1 -1 -1 -1 -1 19866 0 15 40 16 60 2 8 0 3
0 0 0 0 1 6 1 0 0 3 1 0 5 -1 -1 -1 -1 -1 -1 20033 0 15 40 16 60 2 8 0 3
0 0 0 0 1 6 1 0 0 3 1 0 5 -1 -1 -1 -1 -1 -1 20200 0 15 40 16 60 2 6 2 3
0 0 0 0 1 6 1 0 0 3 1 0 5 -1 -1 -1 -1 -1 -1 20366 0 15 40 16 50.6 2 6 2 3
0 0 0 0 1 6 1 0 0 3 1 0 5 -1 -1 -1 -1 -1 -1 20633 0 15 40 16 25.5333 2 6 2 3
0 0 0 0 1 6 1 0 0 3 1 0 5 -1 -1 -1 -1 -1 -1 21366 0 15 40 16 13 2 6 2 3
0 0 0 0 1 6 1 0 0 3 1 0 5 -1 -1 -1 -1 -1 -1 22133 0 15 40 16 13 2 6 2 3
0 0 0 0 1 6 1 0 0 3 1 0 5 -1 -1 -1 -1 -1 -1 22899 0 15 40 16 13 2 6 2 3
0 0 0 0 6 1 1 0 0 3 1 0 4 -1 -1 -1 -1 -1 -1 23666 0 15 40 16 13 2 6 2 3
0 0 0 0 6 1 1 0 0 3 1 0 4 -1 -1 -1 -1 -1 -1 24433 0 15 40 16 13 2 6 2 3
0 0 0 0 7 1 1 0 0 3 1 0 4 4 5 4 4 1 1 25199 0 15 40 16 13 2 4 2 3
0 0 0 0 6 1 1 0 0 3 1 0 4 -1 -1 -1 -1 -1 -1 25966 0 15 40 16 13 2 4 2 3
0 0 0 0 1 1 6 0 0 3 1 0 6 -1 -1 -1 -1 -1 -1 26733 0 15 40 16 13 2 4 2 3
0 0 0 0 1 1 6 0 0 3 1 0 6 -1 -1 -1 -1 -1 -1 27499 0 15 40 16 13 2 4 2 3
0 0 0 0 1 1 7 0 0 3 1 0 6 6 5 4 4 1 1 28266 0 15 40 16 13 2 5 2 3
0 0 0 0 1 6 1 0 0 3 1 0 5 -1 -1 -1 -1 -1 -1 28933 0 15 40 17 16 2 5 2 3
0 0 0 0 6 1 1 0 0 3 1 0 4 -1 -1 -1 -1 -1 -1 29566 0 15 40 17 16 2 5 2 3
0 0 0 0 6 1 1 0 0 3 1 0 4 -1 -1 -1 -1 -1 -1 30166 0 15 40 17 16 2 5 2 3
0 0 0 0 7 1 1 0 0 3 1 0 4 4 5 4 4 1 1 30799 0 15 40 17 16 2 6 2 3
0 0 0 0 6 1 1 0 0 3 1 0 4 -1 -1 -1 -1 -1 -1 31433 0 15 40 17 16 2 6 2 3
0 0 0 0 1 6 1 0 0 3 1 0 5 -1 -1 -1 -1 -1 -1 32066 0 15 40 17 16 2 6 2 3
0 0 0 0 1 6 1 0 0 3 1 0 5 -1 -1 -1 -1 -1 -1 32666 0 15 40 17 16 2 6 2 3
0 0 0 0 1 7 1 0 0 3 1 0 5 5 5 4 4 1 1 33299 0 15 40 17 16 2 5 2 3
0 0 0 0 1 6 1 0 0 3 1 0 5 -1 -1 -1 -1 -1 -1 33833 0 15 40 18 19 2 5 2 3
0 0 0 0 6 1 1 0 0 3 1 0 4 -1 -1 -1 -1 -1 -1 34366 0 15 40 18 19 2 5 2 3
0 0 0 0 6 1 1 0 0 3 1 0 4 -1 -1 -1 -1 -1 -1 34899 0 15 40 18 19 2 5 2 3
0 0 0 1 7 1 1 1 0 3 1 0 4 4 5 4 4 1 1 35433 0 15 40 18 19 2 6 2 5
0 0 0 1 6 1 1 1 0 3 1 1 4 -1 -1 -1 -1 -1 -1 65366 0 15 40 18 19 2 6 2 5
0 0 0 1 6 1 1 1 0 3 1 1 4 -1 -1 -1 -1 -1 -1 65899 0 15 40 18 19 2 6 2 5
0 0 0 1 6 1 1 1 0 3 1 1 4 -1 -1 -1 -1 -1 -1 66432 0 15 40 18 19 2 6 2 5
0 0 0 1 7 1 1 1 0 3 1 1 4 4 5 4 4 1 1 66965 0 15 40 18 19 2 8 0 5
0 0 0 1 6 1 1 1 0 3 1 1 4 -1 -1 -1 -1 -1 -1 67432 0 15 40 19 21 2 8 0 5
0 0 0 1 6 1 1 1 0 3 1 1 4 -1 -1 -1 -1 -1 -1 67932 0 15 40 19 21 2 8 0 5
0 0 0 1 6 1 1 1 0 3 1 1 4 -1 -1 -1 -1 -1 -1 68399 0 15 40 19 21 2 8 0 5
0 0 0 1 7 1 1 1 0 3 1 1 4 4 5 4 4 1 1 68865 0 15 40 19 21 2 6 2 5
0 0 0 1 6 1 1 1 0 3 1 1 4 -1 -1 -1 -1 -1 -1 69332 0 15 40 19 21 2 6 2 5
0 0 0 1 1 1 6 1 0 3 1 1 6 -1 -1 -1 -1 -1 -1 69832 0 15 40 19 21 2 6 2 5
0 0 0 1 1 1 6 1 0 3 1 1 6 -1 -1 -1 -1 -1 -1 70299 0 15 40 19 21 2 6 2 5
0 0 0 1 1 1 7 1 0 3 1 1 6 6 5 4 4 1 1 70765 0 15 40 19 21 2 6 2 5
0 0 0 1 1 1 6 1 0 3 1 1 6 -1 -1 -1 -1 -1 -1 71232 0 15 40 20 22 2 6 2 5
0 0 0 1 1 6 1 1 0 3 1 1 5 -1 -1 -1 -1 -1 -1 71699 0 15 40 20 22 2 6 2 5
0 0 0 1 1 6 1 1 0 3 1 1 5 -1 -1 -1 -1 -1 -1 72132 0 15 40 20 22 2 6 2 5
0 0 0 1 1 7 1 1 0 3 1 1 5 5 5 4 4 1 1 72599 0 15 40 20 22 2 4 2 5
0 0 0 1 1 6 1 1 0 3 1 1 5 -1 -1 -1 -1 -1 -1 73065 0 15 40 20 22 2 4 2 5
0 0 0 6 1 1 1 1 0 3 1 1 3 -1 -1 -1 -1 -1 -1 73499 0 15 40 20 22 2 4 2 5
0 0 0 6 1 1 1 1 0 3 1 1 3 -1 -1 -1 -1 -1 -1 73965 0 15 40 20 22 2 4 2 5
0 0 0 7 1 1 1 1 0 3 1 1 3 3 5 4 4 1 1 74399 0 15 40 20 22 2 5 2 5
0 0 0 1 6 1 1 1 0 3 1 1 4 -1 -1 -1 -1 -1 -1 74865 0 15 40 21 23 2 5 2 5
0 0 0 6 1 1 1 1 0 3 1 1 3 -1 -1 -1 -1 -1 -1 75299 0 15 40 21 23 2 5 2 5
0 0 0 6 1 1 1 1 0 3 1 1 3 -1 -1 -1 -1 -1 -1 75732 0 15 40 21 23 2 5 2 5
0 0 0 7 1 1 1 1 0 3 1 1 3 3 5 4 4 1 1 76165 0 15 40 21 23 2 6 2 5
0 0 0 6 1 1 1 1 0 3 1 1 3 -1 -1 -1 -1 -1 -1 76599 0 15 40 21 23 2 6 2 5
0 0 0 1 6 1 1 1 0 3 1 1 4 -1 -1 -1 -1 -1 -1 77032 0 15 40 21 23 2 6 2 5
0 0 0 1 6 1 1 1 0 3 1 1 4 -1 -1 -1 -1 -1 -1 77465 0 15 40 21 23 2 6 2 5
0 0 0 1 7 1 1 1 0 3 1 1 4 4 5 4 4 1 1 77899 0 15 40 21 23 2 5 2 5
0 0 0 1 6 1 1 1 0 3 1 2 4 -1 -1 -1 -1 -1 -1 78299 0 15 40 22 24 2 5 2 5
0 0 0 1 1 6 1 1 0 3 1 2 5 -1 -1 -1 -1 -1 -1 78732 0 15 40 22 24 2 5 2 5
0 0 0 1 1 6 1 1 0 3 1 2 5 -1 -1 -1 -1 -1 -1 79132 0 15 40 22 24 2 5 2 5
0 0 0 1 1 7 1 1 0 3 1 2 5 5 5 4 4 1 1 79565 0 15 40 22 24 2 6 2 5
0 0 0 1 1 6 1 1 0 3 1 2 5 -1 -1 -1 -1 -1 -1 79965 0 15 40 22 24 2 6 2 5
0 0 0 4 1 6 1 1 0 3 1 2 5 -1 -1 -1 -1 -1 -1 80399 1 15 40 22 24 2 6 2 5
0 0 0 6 1 1 1 1 0 3 1 2 3 -1 -1 -1 -1 -1 -1 80799 0 15 40 22 24 2 6 2 5
0 0 0 7 1 1 1 1 0 3 1 2 3 3 5 4 4 1 1 81232 0 15 40 22 24 2 8 0 5
0 0 0 1 6 1 1 1 0 3 1 2 4 -1 -1 -1 -1 -1 -1 81632 0 15 40 23 25 2 8 0 5
0 0 0 1 1 6 1 4 0 3 1 2 5 -1 -1 -1 -1 -1 -1 82032 1 15 40 23 25 2 8 0 5
0 0 0 1 1 6 1 1 0 3 1 2 5 -1 -1 -1 -1 -1 -1 82432 0 15 40 23 25 2 8 0 5
0 0 0 1 1 7 1 1 0 3 1 2 5 5 5 4 4 1 1 82832 0 15 40 23 25 2 6 2 5
0 0 0 1 1 6 1 1 0 3 1 2 5 -1 -1 -1 -1 -1 -1 83232 0 15 40 23 25 2 6 2 5
0 0 0 1 4 1 6 1 0 3 1 2 6 -1 -1 -1 -1 -1 -1 83632 1 15 40 23 25 2 6 2 5
0 0 0 1 1 1 6 1 0 3 1 2 6 -1 -1 -1 -1 -1 -1 84032 0 15 40 23 25 2 6 2 5
0 0 0 1 1 1 7 1 0 3 1 2 6 6 5 4 4 1 1 84432 0 15 40 23 25 2 6 2 5
0 0 0 1 1 6 1 1 0 3 1 2 5 -1 -1 -1 -1 -1 -1 84832 0 15 40 24 25.5 2 6 2 5
0 0 0 1 1 6 1 4 0 3 1 2 5 -1 -1 -1 -1 -1 -1 85232 1 15 40 24 25.5 2 6 2 5
0 0 0 1 1 1 1 6 0 3 1 2 7 -1 -1 -1 -1 -1 -1 85599 0 15 40 24 25.5 2 6 2 5
0 0 0 1 1 1 1 7 0 3 1 2 7 7 5 4 4 1 1 85999 0 15 40 24 25.5 2 4 2 5
0 0 0 1 1 1 6 1 0 3 1 2 6 -1 -1 -1 -1 -1 -1 86399 0 15 40 24 25.5 2 4 2 5
0 0 0 4 1 6 1 1 0 3 1 2 5 -1 -1 -1 -1 -1 -1 86799 1 15 40 24 25.5 2 4 2 5
0 0 0 1 1 6 1 1 0 3 1 2 5 -1 -1 -1 -1 -1 -1 87165 0 15 40 24 25.5 2 4 2 5
0 0 0 1 1 7 1 1 0 3 1 2 5 5 5 4 4 1 1 87565 0 15 40 24 25.5 2 5 2 5
0 0 0 1 1 6 1 1 0 3 1 2 5 -1 -1 -1 -1 -1 -1 87965 0 15 40 25 26 2 5 2 5
0 0 0 4 1 1 6 1 0 3 1 2 6 -1 -1 -1 -1 -1 -1 88332 1 15 40 25 26 2 5 2 5
0 0 0 1 1 1 1 6 0 3 1 2 7 -1 -1 -1 -1 -1 -1 88732 0 15 40 25 26 2 5 2 5
0 0 0 1 1 1 1 7 0 3 1 2 7 7 5 4 4 1 1 89098 0 15 40 25 26 2 6 2 5
0 0 0 1 1 1 1 6 0 3 1 2 7 -1 -1 -1 -1 -1 -1 89498 0 15 40 25 26 2 6 2 5
0 0 0 1 4 6 1 1 0 3 1 2 5 -1 -1 -1 -1 -1 -1 89865 1 15 40 25 26 2 6 2 5
0 0 0 1 1 6 1 1 0 3 1 2 5 -1 -1 -1 -1 -1 -1 90265 0 15 40 25 26 2 6 2 5
0 0 0 1 1 7 1 1 0 3 1 2 5 5 5 4 4 1 1 90632 0 15 40 25 26 2 5 2 5
0 0 0 1 1 6 1 1 0 3 1 2 5 -1 -1 -1 -1 -1 -1 91032 0 15 40 26 26.5 2 5 2 5
0 0 0 1 6 1 1 4 0 3 1 2 4 -1 -1 -1 -1 -1 -1 91398 1 15 40 26 26.5 2 5 2 5
0 0 0 1 6 1 1 1 0 3 1 2 4 -1 -1 -1 -1 -1 -1 91765 0 15 40 26 26.5 2 5 2 5
0 0 0 1 7 1 1 1 0 3 1 2 4 4 5 4 4 1 1 92165 0 15 40 26 26.5 2 6 2 5
0 0 0 1 6 1 1 1 0 3 1 2 4 -1 -1 -1 -1 -1 -1 92532 0 15 40 26 26.5 2 6 2 5
0 0 0 1 6 1 4 1 0 3 1 2 4 -1 -1 -1 -1 -1 -1 92898 1 15 40 26 26.5 2 6 2 5
0 0 0 1 6 1 1 1 0 3 1 2 4 -1 -1 -1 -1 -1 -1 93298 0 15 40 26 26.5 2 6 2 5
0 0 0 1 7 1 1 1 0 3 1 2 4 4 5 4 4 1 1 93665 0 15 40 26 26.5 2 8 0 5
0 0 0 1 1 6 1 1 0 3 1 2 5 -1 -1 -1 -1 -1 -1 94032 0 15 40 27 27 2 8 0 5
0 0 0 1 4 6 1 1 0 3 1 2 5 -1 -1 -1 -1 -1 -1 94398 1 15 40 27 27 2 8 0 5
0 0 0 6 1 1 1 1 0 3 1 2 3 -1 -1 -1 -1 -1 -1 94765 0 15 40 27 27 2 8 0 5
0 0 0 7 1 1 1 1 0 3 1 2 3 3 5 4 4 1 1 95132 0 15 40 27 27 2 6 2 5
0 0 0 1 6 1 1 1 0 3 1 2 4 -1 -1 -1 -1 -1 -1 95532 0 15 40 27 27 2 6 2 5
0 0 0 1 1 6 4 1 0 3 1 2 5 -1 -1 -1 -1 -1 -1 95898 1 15 40 27 27 2 6 2 5
0 0 0 1 1 6 1 1 0 3 1 2 5 -1 -1 -1 -1 -1 -1 96265 0 15 40 27 27 2 6 2 5
0 0 0 1 1 7 1 1 0 3 1 2 5 5 5 4 4 1 1 96632 0 15 40 27 27 2 6 2 5
0 0 0 1 1 6 1 1 0 3 1 2 5 -1 -1 -1 -1 -1 -1 96998 0 15 40 28 27.5 2 6 2 5
0 0 0 4 1 6 1 1 0 3 1 2 5 -1 -1 -1 -1 -1 -1 97365 1 15 40 28 27.5 2 6 2 5
0 0 0 1 1 6 1 1 0 3 1 2 5 -1 -1 -1 -1 -1 -1 97732 0 15 40 28 27.5 2 6 2 5
0 0 0 1 1 7 1 1 0 3 1 2 5 5 5 4 4 1 1 98098 0 15 40 28 27.5 2 4 2 5
0 0 0 1 1 6 1 1 0 3 1 2 5 -1 -1 -1 -1 -1 -1 98432 0 15 40 28 27.5 2 4 2 5
0 0 0 1 4 6 1 1 0 3 1 2 5 -1 -1 -1 -1 -1 -1 98798 1 15 40 28 27.5 2 4 2 5
0 0 0 1 6 1 1 1 0 3 1 2 4 -1 -1 -1 -1 -1 -1 99165 0 15 40 28 27.5 2 4 2 5
0 0 0 1 7 1 1 1 0 3 1 2 4 4 5 4 4 1 1 99532 0 15 40 28 27.5 2 5 2 5
0 0 0 1 1 6 1 1 0 3 1 2 5 -1 -1 -1 -1 -1 -1 99898 0 15 40 29 28 2 5 2 5
0 0 0 1 6 1 1 4 0 3 1 2 4 -1 -1 -1 -1 -1 -1 100265 1 15 40 29 28 2 5 2 5
0 0 0 6 1 1 1 1 0 3 1 2 3 -1 -1 -1 -1 -1 -1 100598 0 15 40 29 28 2 5 2 5
0 0 0 7 1 1 1 1 0 3 1 2 3 3 5 4 4 1 1 100965 0 15 40 29 28 2 6 2 5
0 0 0 1 6 1 1 1 0 3 1 2 4 -1 -1 -1 -1 -1 -1 101332 0 15 40 29 28 2 6 2 5
0 0 0 4 1 6 1 1 0 3 1 2 5 -1 -1 -1 -1 -1 -1 101665 1 15 40 29 28 2 6 2 5
0 0 0 1 6 1 1 1 0 3 1 2 4 -1 -1 -1 -1 -1 -1 102032 0 15 40 29 28 2 6 2 5
0 0 0 1 7 1 1 1 0 3 1 2 4 4 5 4 4 1 1 102398 0 15 40 29 28 2 5 2 5
0 0 0 1 1 6 1 1 0 3 1 2 5 -1 -1 -1 -1 -1 -1 102732 0 15 40 30 28.5 2 5 2 5
0 0 0 1 1 6 1 4 0 3 1 2 5 -1 -1 -1 -1 -1 -1 103098 1 15 40 30 28.5 2 5 2 5
0 0 0 1 1 6 1 1 0 3 1 2 5 -1 -1 -1 -1 -1 -1 103432 0 15 40 30 28.5 2 5 2 5
0 0 0 1 1 7 1 1 0 3 1 2 5 5 5 4 4 1 1 103798 0 15 40 30 28.5 2 6 2 5
0 0 0 1 1 1 6 1 0 3 1 2 6 -1 -1 -1 -1 -1 -1 104165 0 15 40 30 28.5 2 6 2 5
0 0 0 1 1 4 6 1 0 3 1 2 6 -1 -1 -1 -1 -1 -1 104498 1 15 40 30 28.5 2 6 2 5
0 0 0 1 1 6 1 1 0 3 1 2 5 -1 -1 -1 -1 -1 -1 104865 0 15 40 30 28.5 2 6 2 5
0 0 0 1 7 1 1 1 0 3 1 2 4 4 5 4 4 1 1 105198 0 15 40 30 28.5 2 8 0 5
0 0 0 1 6 1 1 1 0 3 1 2 4 -1 -1 -1 -1 -1 -1 105532 0 15 40 31 29 2 8 0 5
0 0 0 1 6 4 1 1 0 3 1 2 4 -1 -1 -1 -1 -1 -1 105898 1 15 40 31 29 2 8 0 5
0 0 0 1 1 6 1 1 0 3 1 2 5 -1 -1 -1 -1 -1 -1 106232 0 15 40 31 29 2 8 0 5
0 0 0 1 1 7 1 1 0 3 1 2 5 5 5 4 4 1 1 106598 0 15 40 31 29 2 6 2 5
0 0 0 1 1 6 1 1 0 3 1 2 5 -1 -1 -1 -1 -1 -1 106932 0 15 40 31 29 2 6 2 5
0 0 0 1 1 1 6 4 0 3 1 2 6 -1 -1 -1 -1 -1 -1 107265 1 15 40 31 29 2 6 2 5
0 0 0 1 1 1 6 1 0 3 1 2 6 -1 -1 -1 -1 -1 -1 107632 0 15 40 31 29 2 6 2 5
0 0 0 1 1 1 7 1 0 3 1 2 6 6 5 4 4 1 1 107965 0 15 40 31 29 2 6 2 5
0 0 0 1 1 1 6 1 0 3 1 2 6 -1 -1 -1 -1 -1 -1 108298 0 15 40 32 29.5 2 6 2 5
0 0 0 4 1 1 6 1 0 3 1 2 6 -1 -1 -1 -1 -1 -1 108632 1 15 40 32 29.5 2 6 2 5
0 0 0 1 1 1 1 6 0 3 1 2 7 -1 -1 -1 -1 -1 -1 108965 0 15 40 32 29.5 2 6 2 5
0 0 0 0 1 6 1 0 1 4 1 0 5 -1 -1 -1 -1 -1 -1 115231 0 15 40 16 60 2 8 0 3
0 0 0 0 1 6 1 0 1 4 1 0 5 -1 -1 -1 -1 -1 -1 115398 0 15 40 16 60 2 8 0 3
0 0 0 0 1 6 1 0 1 4 1 0 5 -1 -1 -1 -1 -1 -1 115565 0 15 40 16 60 2 5 2 3
0 0 0 0 1 6 1 0 1 4 1 0 5 -1 -1 -1 -1 -1 -1 115731 0 15 40 16 50.6 2 5 2 3
0 0 0 0 1 6 1 0 1 4 1 0 5 -1 -1 -1 -1 -1 -1 115998 0 15 40 16 25.5333 2 5 2 3
0 0 0 0 1 6 1 0 1 4 1 0 5 -1 -1 -1 -1 -1 -1 116731 0 15 40 16 13 2 5 2 3
0 0 0 0 1 6 1 0 1 4 1 0 5 -1 -1 -1 -1 -1 -1 117498 0 15 40 16 13 2 5 2 3
0 0 0 0 1 6 1 0 1 4 1 0 5 -1 -1 -1 -1 -1 -1 118265 0 15 40 16 13 2 5 2 3
0 0 0 0 1 6 1 0 1 4 1 0 5 -1 -1 -1 -1 -1 -1 119031 0 15 40 16 13 2 5 2 3
0 0 0 0 1 6 1 0 1 4 1 0 5 -1 -1 -1 -1 -1 -1 119798 0 15 40 16 13 2 5 2 3
0 0 0 0 3 6 1 0 1 4 1 0 5 4 0 6 1 0 0 120565 0 15 40 16 13 2 6 2 3
0 0 0 0 1 6 1 0 1 4 1 0 5 -1 -1 -1 -1 -1 -1 121331 0 15 40 16 13 2 6 2 3
0 0 0 0 1 6 1 0 1 4 1 0 5 -1 -1 -1 -1 -1 -1 122098 0 15 40 16 13 2 6 2 3
0 0 0 0 1 6 1 0 1 4 1 0 5 -1 -1 -1 -1 -1 -1 122865 0 15 40 16 13 2 6 2 3
0 0 0 0 3 6 1 0 1 4 1 0 5 4 1 7 2 0 0 123665 0 15 40 16 13 2 4 2 3
0 0 0 0 1 6 1 0 1 4 1 0 5 -1 -1 -1 -1 -1 -1 124431 0 15 40 16 13 2 4 2 3
0 0 0 0 6 1 1 0 1 4 1 0 4 -1 -1 -1 -1 -1 -1 125198 0 15 40 16 13 2 4 2 3
0 0 0 0 6 1 1 0 1 4 1 0 4 -1 -1 -1 -1 -1 -1 125965 0 15 40 16 13 2 4 2 3
0 0 0 0 6 3 1 0 1 4 1 0 4 5 0 6 1 0 0 126731 0 15 40 16 13 2 6 2 3
0 0 0 0 6 1 1 0 1 4 1 0 4 -1 -1 -1 -1 -1 -1 127498 0 15 40 16 13 2 6 2 3
0 0 0 0 1 6 1 0 1 4 1 0 5 -1 -1 -1 -1 -1 -1 128265 0 15 40 16 13 2 6 2 3
0 0 0 0 6 1 1 0 1 4 1 0 4 -1 -1 -1 -1 -1 -1 129031 0 15 40 16 13 2 6 2 3
0 0 0 0 3 6 1 0 1 4 1 0 5 4 1 7 2 0 0 129798 0 15 40 16 13 2 5 2 3
0 0 0 0 1 6 1 0 1 4 1 0 5 -1 -1 -1 -1 -1 -1 130565 0 15 40 16 13 2 5 2 3
0 0 0 0 1 6 1 0 1 4 1 0 5 -1 -1 -1 -1 -1 -1 131332 0 15 40 16 13 2 5 2 3
0 0 0 0 1 6 1 0 1 4 1 0 5 -1 -1 -1 -1 -1 -1 132099 0 15 40 16 13 2 5 2 3
0 0 0 0 1 7 1 0 1 4 1 0 5 5 1 7 2 1 1 132866 0 15 40 16 13 2 6 2 3
0 0 0 0 1 6 1 0 1 4 1 0 5 -1 -1 -1 -1 -1 -1 133632 0 15 40 16 13 2 6 2 3
0 0 0 0 1 6 1 0 1 4 1 0 5 -1 -1 -1 -1 -1 -1 134433 0 15 40 16 13 2 6 2 3
0 0 0 0 1 6 1 0 1 4 1 0 5 -1 -1 -1 -1 -1 -1 135199 0 15 40 16 13 2 6 2 3
0 0 0 1 3 6 1 1 1 4 1 0 5 4 2 5 0 0 0 135966 0 15 40 16 13 2 8 0 5
0 0 0 1 1 6 1 1 1 4 1 1 5 -1 -1 -1 -1 -1 -1 136733 0 15 40 16 13 2 8 0 5
0 0 0 1 1 6 1 1 1 4 1 1 5 -1 -1 -1 -1 -1 -1 137500 0 15 40 16 13 2 8 0 5
0 0 0 1 1 6 1 1 1 4 1 1 5 -1 -1 -1 -1 -1 -1 138267 0 15 40 16 13 2 8 0 5
0 0 0 1 1 7 1 1 1 4 1 1 5 5 2 5 0 1 1 139034 0 15 40 16 13 2 5 2 5
0 0 0 1 1 6 1 1 1 4 1 1 5 -1 -1 -1 -1 -1 -1 139667 0 15 40 17 16 2 5 2 5
0 0 0 1 1 6 1 1 1 4 1 1 5 -1 -1 -1 -1 -1 -1 140301 0 15 40 17 16 2 5 2 5
0 0 0 1 1 6 1 1 1 4 1 1 5 -1 -1 -1 -1 -1 -1 140934 0 15 40 17 16 2 5 2 5
0 0 0 1 1 6 3 1 1 4 1 1 5 6 0 6 1 0 0 141567 0 15 40 17 16 2 5 2 5
0 0 0 1 1 6 1 1 1 4 1 1 5 -1 -1 -1 -1 -1 -1 142168 0 15 40 17 16 2 5 2 5
0 0 0 1 1 6 1 1 1 4 1 1 5 -1 -1 -1 -1 -1 -1 142801 0 15 40 17 16 2 5 2 5
0 0 0 1 1 6 1 1 1 4 1 1 5 -1 -1 -1 -1 -1 -1 143435 0 15 40 17 16 2 5 2 5
0 0 0 1 1 6 3 1 1 4 1 1 5 6 2 5 0 0 0 144068 0 15 40 17 16 2 6 2 5
0 0 0 1 1 6 1 1 1 4 1 1 5 -1 -1 -1 -1 -1 -1 144668 0 15 40 17 16 2 6 2 5
0 0 0 1 1 1 6 1 1 4 1 1 6 -1 -1 -1 -1 -1 -1 145302 0 15 40 17 16 2 6 2 5
0 0 0 1 6 1 1 1 1 4 1 1 4 -1 -1 -1 -1 -1 -1 145935 0 15 40 17 16 2 6 2 5
0 0 0 1 7 1 1 1 1 4 1 1 4 4 2 5 0 1 1 146569 0 15 40 17 16 2 4 2 5
0 0 0 1 6 1 1 1 1 4 1 1 4 -1 -1 -1 -1 -1 -1 147169 0 15 40 17 16 2 4 2 5
0 0 0 1 1 6 1 1 1 4 1 1 5 -1 -1 -1 -1 -1 -1 147802 0 15 40 17 16 2 4 2 5
0 0 0 1 1 6 1 1 1 4 1 1 5 -1 -1 -1 -1 -1 -1 148436 0 15 40 17 16 2 4 2 5
0 0 0 3 1 6 1 1 1 4 1 1 5 3 0 6 1 0 0 149069 0 15 40 17 16 2 6 2 5
0 0 0 1 1 6 1 1 1 4 1 1 5 -1 -1 -1 -1 -1 -1 149669 0 15 40 17 16 2 6 2 5
0 0 0 1 1 6 1 1 1 4 1 1 5 -1 -1 -1 -1 -1 -1 150303 0 15 40 17 16 2 6 2 5
0 0 0 1 1 6 1 1 1 4 1 1 5 -1 -1 -1 -1 -1 -1 150936 0 15 40 17 16 2 6 2 5
0 0 0 1 3 6 1 1 1 4 1 1 5 4 3 8 3 0 0 151570 0 15 40 17 16 2 5 2 5
0 0 0 1 1 6 1 1 1 4 1 1 5 -1 -1 -1 -1 -1 -1 152170 0 15 40 17 16 2 5 2 5
0 0 0 1 1 1 6 1 1 4 1 1 6 -1 -1 -1 -1 -1 -1 152803 0 15 40 17 16 2 5 2 5
0 0 0 1 1 1 6 1 1 4 1 1 6 -1 -1 -1 -1 -1 -1 153437 0 15 40 17 16 2 5 2 5
0 0 0 1 1 3 6 1 1 4 1 1 6 5 2 5 0 0 0 154070 0 15 40 17 16 2 6 2 5
0 0 0 1 1 1 6 1 1 4 1 1 6 -1 -1 -1 -1 -1 -1 154670 0 15 40 17 16 2 6 2 5
0 0 0 1 1 1 6 1 1 4 1 1 6 -1 -1 -1 -1 -1 -1 155304 0 15 40 17 16 2 6 2 5
0 0 0 1 1 1 6 1 1 4 1 1 6 -1 -1 -1 -1 -1 -1 155937 0 15 40 17 16 2 6 2 5
0 0 0 1 1 1 6 3 1 4 1 1 6 7 1 7 2 0 0 156571 0 15 40 17 16 2 8 0 5
0 0 0 1 1 1 1 6 1 4 1 2 7 -1 -1 -1 -1 -1 -1 157171 0 15 40 17 16 2 8 0 5
0 0 0 1 1 1 1 6 1 4 1 2 7 -1 -1 -1 -1 -1 -1 157804 0 15 40 17 16 2 8 0 5
0 0 0 1 1 1 1 6 1 4 1 2 7 -1 -1 -1 -1 -1 -1 158438 0 15 40 17 16 2 8 0 5
0 0 0 1 1 1 1 7 1 4 1 2 7 7 1 7 2 1 1 159038 0 15 40 17 16 2 5 2 5
0 0 0 1 1 1 1 6 1 4 1 2 7 -1 -1 -1 -1 -1 -1 159605 0 15 40 18 19 2 5 2 5
0 0 0 1 1 4 1 6 1 4 1 2 7 -1 -1 -1 -1 -1 -1 160105 1 15 40 18 19 2 5 2 5
0 0 0 1 1 1 6 1 1 4 1 2 6 -1 -1 -1 -1 -1 -1 160638 0 15 40 18 19 2 5 2 5
0 0 0 1 1 3 6 1 1 4 1 2 6 5 0 6 1 0 0 161172 0 15 40 18 19 2 5 2 5
0 0 0 1 1 1 6 1 1 4 1 2 6 -1 -1 -1 -1 -1 -1 161705 0 15 40 18 19 2 5 2 5
0 0 0 1 1 4 6 1 1 4 1 2 6 -1 -1 -1 -1 -1 -1 162239 1 15 40 18 19 2 5 2 5
0 0 0 1 1 1 6 1 1 4 1 2 6 -1 -1 -1 -1 -1 -1 162739 0 15 40 18 19 2 5 2 5
0 0 0 1 1 1 7 1 1 4 1 2 6 6 0 6 1 1 1 163272 0 15 40 18 19 2 6 2 5
0 0 0 1 1 1 6 1 1 4 1 2 6 -1 -1 -1 -1 -1 -1 163806 0 15 40 18 19 2 6 2 5
0 0 0 1 1 1 6 1 1 4 1 2 6 -1 -1 -1 -1 -1 -1 164339 0 15 40 17 4 2 6 2 5
0 0 0 1 1 1 6 1 1 4 1 2 6 -1 -1 -1 -1 -1 -1 166006 0 15 40 17 8 2 6 2 5
0 0 0 1 1 3 6 1 1 4 1 2 6 5 2 5 0 0 0 167073 0 15 40 17 10.56 2 4 2 5
0 0 0 1 1 6 1 1 1 4 1 2 5 -1 -1 -1 -1 -1 -1 167940 0 15 40 17 12.64 2 4 2 5
0 0 0 4 1 6 1 1 1 4 1 2 5 -1 -1 -1 -1 -1 -1 168673 1 15 40 17 14.4 2 4 2 5
0 0 0 1 1 6 1 1 1 4 1 2 5 -1 -1 -1 -1 -1 -1 169340 0 15 40 17 16 2 4 2 5
0 0 0 1 1 7 1 1 1 4 1 2 5 5 2 5 0 1 1 169974 0 15 40 17 16 2 6 2 5
0 0 0 1 1 6 1 1 1 4 1 2 5 -1 -1 -1 -1 -1 -1 170507 0 15 40 18 19 2 6 2 5
0 0 0 1 1 6 1 4 1 4 1 2 5 -1 -1 -1 -1 -1 -1 171040 1 15 40 18 19 2 6 2 5
0 0 0 1 1 6 1 1 1 4 1 2 5 -1 -1 -1 -1 -1 -1 171574 0 15 40 18 19 2 6 2 5
0 0 0 1 1 6 1 3 1 4 1 2 5 7 3 8 3 0 0 172074 0 15 40 18 19 2 5 2 5
0 0 0 1 1 1 6 1 1 4 1 2 6 -1 -1 -1 -1 -1 -1 172607 0 15 40 18 19 2 5 2 5
0 0 0 1 4 1 6 1 1 4 1 2 6 -1 -1 -1 -1 -1 -1 173141 1 15 40 18 19 2 5 2 5
0 0 0 1 1 1 6 1 1 4 1 2 6 -1 -1 -1 -1 -1 -1 173674 0 15 40 18 19 2 5 2 5
0 0 0 1 1 3 6 1 1 4 1 2 6 5 0 6 1 0 0 174208 0 15 40 18 19 2 6 2 5
0 0 0 1 1 1 6 1 1 4 1 2 6 -1 -1 -1 -1 -1 -1 174708 0 15 40 18 19 2 6 2 5
0 0 0 4 6 1 1 1 1 4 1 2 4 -1 -1 -1 -1 -1 -1 175241 1 15 40 18 19 2 6 2 5
0 0 0 1 6 1 1 1 1 4 1 2 4 -1 -1 -1 -1 -1 -1 175775 0 15 40 18 19 2 6 2 5
0 0 0 1 6 3 1 1 1 4 1 2 4 5 1 7 2 0 0 176308 0 15 40 18 19 2 8 0 5
0 0 0 1 6 1 1 1 1 4 1 2 4 -1 -1 -1 -1 -1 -1 176808 0 15 40 18 19 2 8 0 5
0 0 0 1 6 1 4 1 1 4 1 2 4 -1 -1 -1 -1 -1 -1 177342 1 15 40 18 19 2 8 0 5
0 0 0 1 1 1 6 1 1 4 1 2 6 -1 -1 -1 -1 -1 -1 177875 0 15 40 18 19 2 8 0 5
0 0 0 1 1 1 7 1 1 4 1 2 6 6 1 7 2 1 1 178409 0 15 40 18 19 2 5 2 5
0 0 0 1 1 1 6 1 1 4 1 2 6 -1 -1 -1 -1 -1 -1 178942 0 15 40 18 19 2 5 2 5
0 0 0 1 4 1 6 1 1 4 1 2 6 -1 -1 -1 -1 -1 -1 179442 1 15 40 18 19 2 5 2 5
0 0 0 1 1 1 6 1 1 4 1 2 6 -1 -1 -1 -1 -1 -1 179976 0 15 40 18 19 2 5 2 5
0 0 0 1 1 1 7 1 1 4 1 2 6 6 1 7 2 1 1 180509 0 15 40 18 19 2 5 2 5
0 0 0 1 1 1 6 1 1 4 1 2 6 -1 -1 -1 -1 -1 -1 180976 0 15 40 19 21 2 5 2 5
0 0 0 1 1 1 6 4 1 4 1 2 6 -1 -1 -1 -1 -1 -1 181476 1 15 40 19 21 2 5 2 5
0 0 0 1 1 6 1 1 1 4 1 2 5 -1 -1 -1 -1 -1 -1 181943 0 15 40 19 21 2 5 2 5
0 0 0 1 1 6 1 3 1 4 1 2 5 7 0 6 1 0 0 182410 0 15 40 19 21 2 6 2 5
0 0 0 1 1 6 1 1 1 4 1 2 5 -1 -1 -1 -1 -1 -1 182910 0 15 40 19 21 2 6 2 5
0 0 0 4 1 6 1 1 1 4 1 2 5 -1 -1 -1 -1 -1 -1 183376 1 15 40 19 21 2 6 2 5
0 0 0 1 6 1 1 1 1 4 1 2 4 -1 -1 -1 -1 -1 -1 183843 0 15 40 19 21 2 6 2 5
0 0 0 1 6 3 1 1 1 4 1 2 4 5 3 8 3 0 0 184310 0 15 40 19 21 2 4 2 5
0 0 0 1 1 6 1 1 1 4 1 2 5 -1 -1 -1 -1 -1 -1 184810 0 15 40 19 21 2 4 2 5
0 0 0 4 1 6 1 1 1 4 1 2 5 -1 -1 -1 -1 -1 -1 185277 1 15 40 19 21 2 4 2 5
0 0 0 1 1 6 1 1 1 4 1 2 5 -1 -1 -1 -1 -1 -1 185744 0 15 40 19 21 2 4 2 5
0 0 0 1 1 6 3 1 1 4 1 2 5 6 2 5 0 0 0 186244 0 15 40 19 21 2 6 2 5
0 0 0 1 1 6 1 1 1 4 1 2 5 -1 -1 -1 -1 -1 -1 186710 0 15 40 19 21 2 6 2 5
0 0 0 1 1 6 1 1 2 0 1 1 5 -1 -1 -1 -1 -1 -1 198946 0 15 19 18 60 2 8 0 5
0 0 0 1 1 6 1 1 2 0 1 1 5 -1 -1 -1 -1 -1 -1 199113 0 15 19 18 60 2 8 0 5
0 0 0 1 1 6 1 1 2 0 1 1 5 -1 -1 -1 -1 -1 -1 199280 0 15 19 18 60 2 4 2 5
0 0 0 1 1 6 1 1 2 0 1 1 5 -1 -1 -1 -1 -1 -1 199446 0 15 19 18 51.8 2 4 2 5
0 0 0 1 1 6 1 1 2 0 1 1 5 -1 -1 -1 -1 -1 -1 199713 0 15 19 18 29.9333 2 4 2 5
0 0 0 1 1 6 1 1 2 0 1 1 5 -1 -1 -1 -1 -1 -1 200180 0 15 19 18 19 2 4 2 5
0 0 0 1 1 6 1 1 2 0 1 1 5 -1 -1 -1 -1 -1 -1 200713 0 15 19 18 19 2 5 2 5
0 0 0 1 1 6 1 1 2 0 1 1 5 -1 -1 -1 -1 -1 -1 201214 0 15 19 18 19 2 5 2 5
0 0 0 1 1 6 1 1 2 0 1 1 5 -1 -1 -1 -1 -1 -1 201747 0 15 19 18 19 2 5 2 5
0 0 0 1 1 6 1 1 2 0 1 1 5 -1 -1 -1 -1 -1 -1 202280 0 15 19 18 19 2 5 2 5
0 0 0 3 1 6 1 1 2 0 1 1 5 3 0 4 1 0 0 202814 0 15 19 18 19 2 4 2 5
0 0 0 1 1 6 1 1 2 0 1 1 5 -1 -1 -1 -1 -1 -1 203347 0 15 19 18 19 2 4 2 5
0 0 0 1 1 6 1 1 2 0 1 1 5 -1 -1 -1 -1 -1 -1 203847 0 15 19 18 19 2 4 2 5
0 0 0 1 1 6 1 1 2 0 1 1 5 -1 -1 -1 -1 -1 -1 204381 0 15 19 18 19 2 4 2 5
0 0 0 1 3 6 1 1 2 0 1 1 5 4 1 4 2 0 0 204914 0 15 19 18 19 2 4 2 5
0 0 0 1 1 6 1 1 2 0 1 1 5 -1 -1 -1 -1 -1 -1 205448 0 15 19 18 19 2 4 2 5
0 0 0 1 1 6 1 1 2 0 1 1 5 -1 -1 -1 -1 -1 -1 205981 0 15 19 18 19 2 4 2 5
0 0 0 1 1 6 1 1 2 0 1 1 5 -1 -1 -1 -1 -1 -1 206481 0 15 19 18 19 2 4 2 5
0 0 0 1 1 7 1 1 2 0 1 1 5 5 1 4 2 1 1 207015 0 15 19 18 19 2 4 2 5
0 0 0 1 1 6 1 1 2 0 1 1 5 -1 -1 -1 -1 -1 -1 207548 0 15 19 18 19 2 4 2 5
0 0 0 1 1 6 1 1 2 0 1 1 5 -1 -1 -1 -1 -1 -1 208082 0 15 19 18 19 2 4 2 5
0 0 0 1 1 6 1 1 2 0 1 1 5 -1 -1 -1 -1 -1 -1 208582 0 15 19 18 19 2 4 2 5
0 0 0 3 1 6 1 1 2 0 1 1 5 3 3 4 3 0 0 209115 0 15 19 18 19 2 6 2 5
0 0 0 1 1 6 1 1 2 0 1 1 5 -1 -1 -1 -1 -1 -1 209649 0 15 19 18 19 2 6 2 5
0 0 0 1 1 6 1 1 2 0 1 1 5 -1 -1 -1 -1 -1 -1 210182 0 15 19 18 19 2 6 2 5
0 0 0 1 1 6 1 1 2 0 1 1 5 -1 -1 -1 -1 -1 -1 210716 0 15 19 18 19 2 6 2 5
0 0 0 3 1 6 1 1 2 0 1 1 5 3 1 4 2 0 0 211216 0 15 19 18 19 2 4 2 5
0 0 0 1 1 6 1 1 2 0 1 1 5 -1 -1 -1 -1 -1 -1 211749 0 15 19 18 19 2 4 2 5
0 0 0 1 1 6 1 1 2 0 1 1 5 -1 -1 -1 -1 -1 -1 212283 0 15 19 18 19 2 4 2 5
0 0 0 1 1 6 1 1 2 0 1 1 5 -1 -1 -1 -1 -1 -1 212816 0 15 19 18 19 2 4 2 5
0 0 0 3 1 6 1 1 2 0 1 1 5 3 0 4 1 0 0 213316 0 15 19 18 19 2 8 0 5
0 0 0 1 1 6 1 1 2 0 1 1 5 -1 -1 -1 -1 -1 -1 213850 0 15 19 18 19 2 8 0 5
0 0 0 1 1 6 1 1 2 0 1 1 5 -1 -1 -1 -1 -1 -1 214383 0 15 19 18 19 2 8 0 5
0 0 0 1 1 6 1 1 2 0 1 1 5 -1 -1 -1 -1 -1 -1 214916 0 15 19 18 19 2 8 0 5
0 0 0 3 1 6 1 1 2 0 1 1 5 3 3 4 3 0 0 215450 0 15 19 18 19 2 4 2 5
0 0 0 1 1 6 1 1 2 0 1 1 5 -1 -1 -1 -1 -1 -1 215950 0 15 19 18 19 2 4 2 5
0 0 0 6 1 1 1 1 2 0 1 1 3 -1 -1 -1 -1 -1 -1 216483 0 15 19 18 19 2 4 2 5
0 0 0 6 1 1 1 1 2 0 1 1 3 -1 -1 -1 -1 -1 -1 217017 0 15 19 18 19 2 4 2 5
0 0 0 7 1 1 1 1 2 0 1 1 3 3 3 4 3 1 1 217550 0 15 19 18 19 2 5 2 5
0 0 0 1 6 1 1 1 2 0 1 1 4 -1 -1 -1 -1 -1 -1 218017 0 15 19 19 21 2 5 2 5
0 0 0 1 6 1 1 1 2 0 1 1 4 -1 -1 -1 -1 -1 -1 218517 0 15 19 19 21 2 5 2 5
0 0 0 1 1 6 1 1 2 0 1 1 5 -1 -1 -1 -1 -1 -1 218984 0 15 19 19 21 2 5 2 5
0 0 0 3 1 6 1 1 2 0 1 1 5 3 2 4 0 0 0 219451 0 15 19 19 21 2 4 2 5
0 0 0 1 1 6 1 1 2 0 1 1 5 -1 -1 -1 -1 -1 -1 219918 0 15 19 19 21 2 4 2 5
0 0 0 1 6 1 1 1 2 0 1 1 4 -1 -1 -1 -1 -1 -1 220418 0 15 19 19 21 2 4 2 5
0 0 0 1 6 1 1 1 2 0 1 1 4 -1 -1 -1 -1 -1 -1 220884 0 15 19 19 21 2 4 2 5
0 0 0 1 7 1 1 1 2 0 1 1 4 4 2 4 0 1 1 221351 0 15 19 19 21 2 4 2 5
0 0 0 1 1 6 1 1 2 0 1 1 5 -1 -1 -1 -1 -1 -1 221851 0 15 19 19 21 2 4 2 5
0 0 0 1 1 6 1 1 2 0 1 1 5 -1 -1 -1 -1 -1 -1 222318 0 15 19 19 21 2 4 2 5
0 0 0 1 1 6 1 1 2 0 1 1 5 -1 -1 -1 -1 -1 -1 222785 0 15 19 19 21 2 4 2 5
0 0 0 1 3 6 1 1 2 0 1 1 5 4 1 4 2 0 0 223252 0 15 19 19 21 2 4 2 5
0 0 0 1 1 6 1 1 2 0 1 1 5 -1 -1 -1 -1 -1 -1 223752 0 15 19 19 21 2 4 2 5
0 0 0 1 1 1 6 1 2 0 1 1 6 -1 -1 -1 -1 -1 -1 224218 0 15 19 19 21 2 4 2 5
0 0 0 1 1 1 6 1 2 0 1 1 6 -1 -1 -1 -1 -1 -1 224685 0 15 19 19 21 2 4 2 5
0 0 0 1 1 1 7 1 2 0 1 1 6 6 1 4 2 1 1 225185 0 15 19 19 21 2 6 2 5
0 0 0 1 1 1 6 1 2 0 1 1 6 -1 -1 -1 -1 -1 -1 225652 0 15 19 19 21 2 6 2 5
0 0 0 1 1 1 6 1 2 0 1 1 6 -1 -1 -1 -1 -1 -1 226119 0 15 19 19 21 2 6 2 5
0 0 0 1 1 1 6 1 2 0 1 1 6 -1 -1 -1 -1 -1 -1 226586 0 15 19 19 21 2 6 2 5
0 0 0 1 1 3 6 1 2 0 1 1 6 5 3 4 3 0 0 227086 0 15 19 19 21 2 4 2 5
0 0 0 1 1 1 6 1 2 0 1 1 6 -1 -1 -1 -1 -1 -1 227552 0 15 19 19 21 2 4 2 5
0 0 0 1 1 1 6 1 2 0 1 1 6 -1 -1 -1 -1 -1 -1 228019 0 15 19 19 21 2 4 2 5
0 0 0 1 1 1 6 1 2 0 1 1 6 -1 -1 -1 -1 -1 -1 228519 0 15 19 19 21 2 4 2 5
0 0 0 1 1 3 6 1 2 0 1 1 6 5 0 4 1 0 0 228986 0 15 19 19 21 2 8 0 5
0 0 0 1 1 1 6 1 2 0 1 1 6 -1 -1 -1 -1 -1 -1 229453 0 15 19 19 21 2 8 0 5
0 0 0 1 1 1 6 1 2 0 1 1 6 -1 -1 -1 -1 -1 -1 229920 0 15 19 19 21 2 8 0 5
0 0 0 1 1 1 6 1 2 0 1 1 6 -1 -1 -1 -1 -1 -1 230420 0 15 19 19 21 2 8 0 5
0 0 0 1 1 3 6 1 2 0 1 1 6 5 2 4 0 0 0 230887 0 15 19 19 21 2 4 2 5
0 0 0 1 1 1 6 1 2 0 1 1 6 -1 -1 -1 -1 -1 -1 231353 0 15 19 19 21 2 4 2 5
0 0 0 1 6 1 1 1 2 0 1 1 4 -1 -1 -1 -1 -1 -1 231853 0 15 19 19 21 2 4 2 5
0 0 0 1 6 1 1 1 2 0 1 1 4 -1 -1 -1 -1 -1 -1 232320 0 15 19 19 21 2 4 2 5
0 0 0 3 1 6 1 1 2 0 1 1 5 3 1 4 2 0 0 232787 0 15 19 19 21 2 5 2 5
0 0 0 1 1 6 1 1 2 0 1 1 5 -1 -1 -1 -1 -1 -1 233254 0 15 19 19 21 2 5 2 5
0 0 0 1 1 6 1 1 2 0 1 1 5 -1 -1 -1 -1 -1 -1 233754 0 15 19 19 21 2 5 2 5
0 0 0 1 1 6 1 1 2 0 1 1 5 -1 -1 -1 -1 -1 -1 234221 0 15 19 19 21 2 5 2 5
0 0 0 3 1 6 1 1 2 0 1 1 5 3 2 4 0 0 0 234687 0 15 19 19 21 2 4 2 5
0 0 0 1 1 6 1 1 2 0 1 1 5 -1 -1 -1 -1 -1 -1 235187 0 15 19 19 21 2 4 2 5
0 0 0 6 1 1 1 1 2 0 1 1 3 -1 -1 -1 -1 -1 -1 235654 0 15 19 19 21 2 4 2 5
0 0 0 6 1 1 1 1 2 0 1 1 3 -1 -1 -1 -1 -1 -1 236121 0 15 19 19 21 2 4 2 5
0 0 0 7 1 1 1 1 2 0 1 1 3 3 2 4 0 1 1 236588 0 15 19 19 21 2 4 2 5
0 0 0 1 6 1 1 1 2 0 1 1 4 -1 -1 -1 -1 -1 -1 237088 0 15 19 19 21 2 4 2 5
0 0 0 1 1 6 1 1 2 0 1 1 5 -1 -1 -1 -1 -1 -1 237555 0 15 19 19 21 2 4 2 5
0 0 0 1 1 6 1 1 2 0 1 1 5 -1 -1 -1 -1 -1 -1 238021 0 15 19 19 21 2 4 2 5
0 0 0 1 1 7 1 1 2 0 1 1 5 5 2 4 0 1 1 238488 0 15 19 19 21 2 4 2 5
0 0 0 1 1 6 1 1 2 0 1 1 5 -1 -1 -1 -1 -1 -1 238988 0 15 19 19 21 2 4 2 5
0 0 0 1 1 6 1 1 2 0 1 1 5 -1 -1 -1 -1 -1 -1 239455 0 15 19 19 21 2 4 2 5
0 0 0 1 6 1 1 1 2 0 1 1 4 -1 -1 -1 -1 -1 -1 239922 0 15 19 19 21 2 4 2 5
0 0 0 3 6 1 1 1 2 0 1 1 4 3 0 4 1 0 0 240422 0 15 19 19 21 2 6 2 5
0 0 0 1 6 1 1 1 2 0 1 1 4 -1 -1 -1 -1 -1 -1 240889 0 15 19 19 21 2 6 2 5
0 0 0 1 6 1 1 1 2 0 1 1 4 -1 -1 -1 -1 -1 -1 241355 0 15 19 19 21 2 6 2 5
0 0 0 1 1 6 1 1 2 0 1 1 5 -1 -1 -1 -1 -1 -1 241822 0 15 19 19 21 2 6 2 5
0 0 0 1 3 6 1 1 2 0 1 1 5 4 2 4 0 0 0 242322 0 15 19 19 21 2 4 2 5
0 0 0 1 1 6 1 1 2 0 1 1 5 -1 -1 -1 -1 -1 -1 242789 0 15 19 19 21 2 4 2 5
0 0 0 1 1 6 1 1 2 0 1 1 5 -1 -1 -1 -1 -1 -1 243256 0 15 19 19 21 2 4 2 5
0 0 0 1 1 6 1 1 2 0 1 1 5 -1 -1 -1 -1 -1 -1 243756 0 15 19 19 21 2 4 2 5
0 0 0 3 1 6 1 1 2 0 1 1 5 3 0 4 1 0 0 244223 0 15 19 19 21 2 8 0 5
0 0 0 1 1 6 1 1 2 0 1 1 5 -1 -1 -1 -1 -1 -1 244689 0 15 19 19 21 2 8 0 5
0 0 0 1 1 6 1 1 2 0 1 1 5 -1 -1 -1 -1 -1 -1 245156 0 15 19 19 21 2 8 0 5
0 0 0 1 1 6 1 1 2 0 1 1 5 -1 -1 -1 -1 -1 -1 245656 0 15 19 19 21 2 8 0 5
0 0 0 3 1 6 1 1 2 0 1 1 5 3 1 4 2 0 0 246123 0 15 19 19 21 2 4 2 5
0 0 0 1 1 6 1 1 2 0 1 1 5 -1 -1 -1 -1 -1 -1 246590 0 15 19 19 21 2 4 2 5
0 0 0 1 1 6 1 1 2 0 1 1 5 -1 -1 -1 -1 -1 -1 247090 0 15 19 19 21 2 4 2 5
0 0 0 1 1 6 1 1 2 0 1 1 5 -1 -1 -1 -1 -1 -1 247557 0 15 19 19 21 2 4 2 5
0 0 0 1 1 7 1 1 2 0 1 1 5 5 1 4 2 1 1 248024 0 15 19 19 21 2 5 2 5
0 0 0 1 1 6 1 1 2 0 1 1 5 -1 -1 -1 -1 -1 -1 248490 0 15 19 19 21 2 5 2 5
0 0 0 1 1 6 1 1 2 0 1 1 5 -1 -1 -1 -1 -1 -1 248990 0 15 19 19 21 2 5 2 5
0 0 0 1 1 6 1 1 2 0 1 1 5 -1 -1 -1 -1 -1 -1 249457 0 15 19 19 21 2 5 2 5
0 0 0 1 1 6 3 1 2 0 1 1 5 6 0 4 1 0 0 249924 0 15 19 19 21 2 4 2 5
0 0 0 1 1 6 1 1 2 0 1 1 5 -1 -1 -1 -1 -1 -1 250424 0 15 19 19 21 2 4 2 5
0 0 0 1 1 6 1 1 2 0 1 1 5 -1 -1 -1 -1 -1 -1 250891 0 15 19 19 21 2 4 2 5
0 0 0 1 1 6 1 1 2 0 1 1 5 -1 -1 -1 -1 -1 -1 251358 0 15 19 19 21 2 4 2 5
0 0 0 1 1 6 1 3 2 0 1 1 5 7 3 4 3 0 0 251824 0 15 19 19 21 2 4 2 5
0 0 0 1 1 6 1 1 2 0 1 1 5 -1 -1 -1 -1 -1 -1 252324 0 15 19 19 21 2 4 2 5
0 0 0 1 1 6 1 1 2 0 1 1 5 -1 -1 -1 -1 -1 -1 252791 0 15 19 19 21 2 4 2 5
0 0 0 1 1 6 1 1 2 0 1 1 5 -1 -1 -1 -1 -1 -1 253258 0 15 19 19 21 2 4 2 5
0 0 0 1 1 7 1 1 2 0 1 1 5 5 3 4 3 1 1 253758 0 15 19 19 21 2 4 2 5
0 0 0 0 1 6 1 0 3 1 1 0 5 -1 -1 -1 -1 -1 -1 262924 0 15 19 18 60 2 8 0 3
0 0 0 0 1 6 1 0 3 1 1 0 5 -1 -1 -1 -1 -1 -1 263090 0 15 19 18 60 2 8 0 3
0 0 0 0 1 6 1 0 3 1 1 0 5 -1 -1 -1 -1 -1 -1 263257 0 15 19 18 60 2 5 2 3
0 0 0 0 1 6 1 0 3 1 1 0 5 -1 -1 -1 -1 -1 -1 263423 0 15 19 18 51.8 2 5 2 3
0 0 0 0 1 6 1 0 3 1 1 0 5 -1 -1 -1 -1 -1 -1 263690 0 15 19 18 29.9333 2 5 2 3
0 0 0 0 1 6 1 0 3 1 1 0 5 -1 -1 -1 -1 -1 -1 264157 0 15 19 18 19 2 5 2 3
0 0 0 0 1 6 1 0 3 1 1 0 5 -1 -1 -1 -1 -1 -1 264690 0 15 19 18 19 2 4 2 3
0 0 0 0 1 6 1 0 3 1 1 0 5 -1 -1 -1 -1 -1 -1 265190 0 15 19 18 19 2 4 2 3
0 0 0 0 1 6 1 0 3 1 1 0 5 -1 -1 -1 -1 -1 -1 265723 0 15 19 18 19 2 4 2 3
0 0 0 0 1 6 1 0 3 1 1 0 5 -1 -1 -1 -1 -1 -1 266256 0 15 19 18 19 2 4 2 3
0 0 0 0 1 6 3 0 3 1 1 0 5 6 4 5 0 0 0 266789 0 15 19 18 19 2 6 2 3
0 0 0 0 1 6 1 0 3 1 1 0 5 -1 -1 -1 -1 -1 -1 267322 0 15 19 18 19 2 6 2 3
0 0 0 0 6 1 1 0 3 1 1 0 4 -1 -1 -1 -1 -1 -1 267822 0 15 19 18 19 2 6 2 3
0 0 0 0 6 1 1 0 3 1 1 0 4 -1 -1 -1 -1 -1 -1 268356 0 15 19 18 19 2 6 2 3
0 0 0 0 6 3 1 0 3 1 1 0 4 5 4 6 1 0 0 268889 0 15 19 18 19 2 4 2 3
0 0 0 0 6 1 1 0 3 1 1 0 4 -1 -1 -1 -1 -1 -1 269422 0 15 19 18 19 2 4 2 3
0 0 0 0 1 1 6 0 3 1 1 0 6 -1 -1 -1 -1 -1 -1 269955 0 15 19 18 19 2 4 2 3
0 0 0 0 1 1 6 0 3 1 1 0 6 -1 -1 -1 -1 -1 -1 270455 0 15 19 18 19 2 4 2 3
0 0 0 0 1 1 7 0 3 1 1 0 6 6 4 6 1 1 1 270988 0 15 19 18 19 2 5 2 3
0 0 0 0 1 1 6 0 3 1 1 0 6 -1 -1 -1 -1 -1 -1 271521 0 15 19 18 19 2 5 2 3
0 0 0 0 1 1 6 0 3 1 1 0 6 -1 -1 -1 -1 -1 -1 272055 0 15 19 18 19 2 5 2 3
0 0 0 0 1 6 1 0 3 1 1 0 5 -1 -1 -1 -1 -1 -1 272555 0 15 19 18 19 2 5 2 3
0 0 0 0 1 6 3 0 3 1 1 0 5 6 4 7 2 0 0 273088 0 15 19 18 19 2 4 2 3
0 0 0 0 1 6 1 0 3 1 1 0 5 -1 -1 -1 -1 -1 -1 273621 0 15 19 18 19 2 4 2 3
0 0 0 0 1 1 6 0 3 1 1 0 6 -1 -1 -1 -1 -1 -1 274154 0 15 19 18 19 2 4 2 3
0 0 0 0 1 1 6 0 3 1 1 0 6 -1 -1 -1 -1 -1 -1 274687 0 15 19 18 19 2 4 2 3
0 0 0 0 1 1 7 0 3 1 1 0 6 6 4 7 2 1 1 275187 0 15 19 18 19 2 5 2 3
0 0 0 0 1 1 6 0 3 1 1 0 6 -1 -1 -1 -1 -1 -1 275687 0 15 19 19 21 2 5 2 3
0 0 0 0 1 6 1 0 3 1 1 0 5 -1 -1 -1 -1 -1 -1 276154 0 15 19 19 21 2 5 2 3
0 0 0 0 1 6 1 0 3 1 1 0 5 -1 -1 -1 -1 -1 -1 276620 0 15 19 19 21 2 5 2 3
0 0 0 0 1 6 3 0 3 1 1 0 5 6 4 6 1 0 0 277120 0 15 19 19 21 2 8 0 3
0 0 0 0 1 6 1 0 3 1 1 0 5 -1 -1 -1 -1 -1 -1 277587 0 15 19 19 21 2 8 0 3
0 0 0 0 1 6 1 0 3 1 1 0 5 -1 -1 -1 -1 -1 -1 278053 0 15 19 19 21 2 8 0 3
0 0 0 0 1 6 1 0 3 1 1 0 5 -1 -1 -1 -1 -1 -1 278553 0 15 19 19 21 2 8 0 3
0 0 0 0 1 6 3 0 3 1 1 0 5 6 4 7 2 0 0 279020 0 15 19 19 21 2 5 2 3
0 0 0 0 1 6 1 0 3 1 1 0 5 -1 -1 -1 -1 -1 -1 279486 0 15 19 19 21 2 5 2 3
0 0 0 0 1 6 1 0 3 1 1 0 5 -1 -1 -1 -1 -1 -1 279953 0 15 19 19 21 2 5 2 3
0 0 0 0 1 6 1 0 3 1 1 0 5 -1 -1 -1 -1 -1 -1 280453 0 15 19 19 21 2 5 2 3
0 0 0 0 1 7 1 0 3 1 1 0 5 5 4 7 2 1 1 280919 0 15 19 19 21 2 4 2 3
0 0 0 0 1 6 1 0 3 1 1 0 5 -1 -1 -1 -1 -1 -1 281386 0 15 19 19 21 2 4 2 3
0 0 0 0 1 6 1 0 3 1 1 0 5 -1 -1 -1 -1 -1 -1 281886 0 15 19 19 21 2 4 2 3
0 0 0 0 1 6 1 0 3 1 1 0 5 -1 -1 -1 -1 -1 -1 282352 0 15 19 19 21 2 4 2 3
0 0 0 0 3 6 1 0 3 1 1 0 5 4 4 6 1 0 0 282819 0 15 19 19 21 2 6 2 3
0 0 0 0 1 6 1 0 3 1 1 0 5 -1 -1 -1 -1 -1 -1 283285 0 15 19 19 21 2 6 2 3
0 0 0 0 6 1 1 0 3 1 1 0 4 -1 -1 -1 -1 -1 -1 283785 0 15 19 19 21 2 6 2 3
0 0 0 0 6 1 1 0 3 1 1 0 4 -1 -1 -1 -1 -1 -1 284252 0 15 19 19 21 2 6 2 3
0 0 0 0 6 3 1 0 3 1 1 0 4 5 4 7 2 0 0 284718 0 15 19 19 21 2 4 2 3
0 0 0 0 6 1 1 0 3 1 1 0 4 -1 -1 -1 -1 -1 -1 285218 0 15 19 19 21 2 4 2 3
0 0 0 0 1 6 1 0 3 1 1 0 5 -1 -1 -1 -1 -1 -1 285685 0 15 19 19 21 2 4 2 3
0 0 0 0 1 6 1 0 3 1 1 0 5 -1 -1 -1 -1 -1 -1 286151 0 15 19 19 21 2 4 2 3
0 0 0 0 1 6 3 0 3 1 1 0 5 6 4 5 0 0 0 286618 0 15 19 19 21 2 5 2 3
0 0 0 0 1 6 1 0 3 1 1 0 5 -1 -1 -1 -1 -1 -1 287118 0 15 19 19 21 2 5 2 3
0 0 0 0 1 6 1 0 3 1 1 0 5 -1 -1 -1 -1 -1 -1 287584 0 15 19 19 21 2 5 2 3
0 0 0 0 1 6 1 0 3 1 1 0 5 -1 -1 -1 -1 -1 -1 288051 0 15 19 19 21 2 5 2 3
0 0 0 0 3 6 1 0 3 1 1 0 5 4 4 7 2 0 0 288517 0 15 19 19 21 2 4 2 3
0 0 0 0 1 6 1 0 3 1 1 0 5 -1 -1 -1 -1 -1 -1 289017 0 15 19 19 21 2 4 2 3
0 0 0 0 1 6 1 0 3 1 1 0 5 -1 -1 -1 -1 -1 -1 289484 0 15 19 19 21 2 4 2 3
0 0 0 0 1 6 1 0 3 1 1 0 5 -1 -1 -1 -1 -1 -1 289950 0 15 19 19 21 2 4 2 3
0 0 0 0 1 6 3 0 3 1 1 0 5 6 4 6 1 0 0 290450 0 15 19 19 21 2 5 2 3
0 0 0 0 1 6 1 0 3 1 1 0 5 -1 -1 -1 -1 -1 -1 290917 0 15 19 19 21 2 5 2 3
0 0 0 0 6 1 1 0 3 1 1 0 4 -1 -1 -1 -1 -1 -1 291383 0 15 19 19 21 2 5 2 3
0 0 0 0 6 1 1 0 3 1 1 0 4 -1 -1 -1 -1 -1 -1 291850 0 15 19 19 21 2 5 2 3
0 0 0 0 7 1 1 0 3 1 1 0 4 4 4 6 1 1 1 292350 0 15 19 19 21 2 8 0 3
0 0 0 0 6 1 1 0 3 1 1 0 4 -1 -1 -1 -1 -1 -1 292816 0 15 19 19 21 2 8 0 3
0 0 0 0 6 1 1 0 3 1 1 0 4 -1 -1 -1 -1 -1 -1 293283 0 15 19 19 21 2 8 0 3
0 0 0 0 6 1 1 0 3 1 1 0 4 -1 -1 -1 -1 -1 -1 293783 0 15 19 19 21 2 8 0 3
0 0 0 0 6 3 1 0 3 1 1 0 4 5 4 8 3 0 0 294249 0 15 19 19 21 2 5 2 3
0 0 0 0 6 1 1 0 3 1 1 0 4 -1 -1 -1 -1 -1 -1 294716 0 15 19 19 21 2 5 2 3
0 0 0 0 6 1 1 0 3 1 1 0 4 -1 -1 -1 -1 -1 -1 295182 0 15 19 19 21 2 5 2 3
0 0 0 0 6 1 1 0 3 1 1 0 4 -1 -1 -1 -1 -1 -1 295682 0 15 19 19 21 2 5 2 3
0 0 0 0 6 3 1 0 3 1 1 0 4 5 4 5 0 0 0 296149 0 15 19 19 21 2 4 2 3
0 0 0 0 6 1 1 0 3 1 1 0 4 -1 -1 -1 -1 -1 -1 296615 0 15 19 19 21 2 4 2 3
0 0 0 0 6 1 1 0 3 1 1 0 4 -1 -1 -1 -1 -1 -1 297115 0 15 19 19 21 2 4 2 3
0 0 0 0 6 1 1 0 3 1 1 0 4 -1 -1 -1 -1 -1 -1 297582 0 15 19 19 21 2 4 2 3
0 0 0 0 6 3 1 0 3 1 1 0 4 5 4 6 1 0 0 298048 0 15 19 19 21 2 6 2 3
0 0 0 0 6 1 1 0 3 1 1 0 4 -1 -1 -1 -1 -1 -1 298515 0 15 19 19 21 2 6 2 3
0 0 0 0 6 1 1 0 3 1 1 0 4 -1 -1 -1 -1 -1 -1 299015 0 15 19 19 21 2 6 2 3
0 0 0 0 6 1 1 0 3 1 1 0 4 -1 -1 -1 -1 -1 -1 299481 0 15 19 19 21 2 6 2 3
0 0 0 0 6 1 3 0 3 1 1 0 4 6 4 5 0 0 0 299948 0 15 19 19 21 2 4 2 3
0 0 0 0 6 1 1 0 3 1 1 0 4 -1 -1 -1 -1 -1 -1 300448 0 15 19 19 21 2 4 2 3
0 0 0 0 6 1 1 0 3 1 1 0 4 -1 -1 -1 -1 -1 -1 300914 0 15 19 19 21 2 4 2 3
0 0 0 0 6 1 1 0 3 1 1 0 4 -1 -1 -1 -1 -1 -1 301381 0 15 19 19 21 2 4 2 3
0 0 0 0 6 3 1 0 3 1 1 0 4 5 4 8 3 0 0 301847 0 15 19 19 21 2 5 2 3
0 0 0 0 6 1 1 0 3 1 1 0 4 -1 -1 -1 -1 -1 -1 302347 0 15 19 19 21 2 5 2 3
0 0 0 0 6 1 1 0 3 1 1 0 4 -1 -1 -1 -1 -1 -1 302814 0 15 19 19 21 2 5 2 3
0 0 0 0 6 1 1 0 3 1 1 0 4 -1 -1 -1 -1 -1 -1 303280 0 15 19 19 21 2 5 2 3
0 0 0 0 7 1 1 0 3 1 1 0 4 4 4 8 3 1 1 303780 0 15 19 19 21 2 4 2 3
0 0 0 0 6 1 1 0 3 1 1 0 4 -1 -1 -1 -1 -1 -1 304247 0 15 19 19 21 2 4 2 3
0 0 0 0 6 1 1 0 3 1 1 0 4 -1 -1 -1 -1 -1 -1 304713 0 15 19 19 21 2 4 2 3
0 0 0 0 1 6 1 0 3 1 1 0 5 -1 -1 -1 -1 -1 -1 305180 0 15 19 19 21 2 4 2 3
0 0 0 0 1 7 1 0 3 1 1 0 5 5 4 8 3 1 1 305680 0 15 19 19 21 2 5 2 3
0 0 0 0 1 6 1 0 3 1 1 0 5 -1 -1 -1 -1 -1 -1 306146 0 15 19 19 21 2 5 2 3
0 0 0 0 1 6 1 0 3 1 1 0 5 -1 -1 -1 -1 -1 -1 306613 0 15 19 19 21 2 5 2 3
0 0 0 0 6 1 1 0 3 1 1 0 4 -1 -1 -1 -1 -1 -1 307113 0 15 19 19 21 2 5 2 3
0 0 0 0 6 3 1 0 3 1 1 0 4 5 4 5 0 0 0 307579 0 15 19 19 21 2 8 0 3
0 0 0 0 6 1 1 0 3 1 1 0 4 -1 -1 -1 -1 -1 -1 308046 0 15 19 19 21 2 8 0 3
0 0 0 0 1 6 1 0 3 1 1 0 5 -1 -1 -1 -1 -1 -1 308512 0 15 19 19 21 2 8 0 3
0 0 0 0 1 6 1 0 3 1 1 0 5 -1 -1 -1 -1 -1 -1 309012 0 15 19 19 21 2 8 0 3
0 0 0 0 3 6 1 0 3 1 1 0 5 4 4 7 2 0 0 309479 0 15 19 19 21 2 5 2 3
0 0 0 0 1 6 1 0 3 1 1 0 5 -1 -1 -1 -1 -1 -1 309945 0 15 19 19 21 2 5 2 3
0 0 0 0 1 6 1 0 3 1 1 0 5 -1 -1 -1 -1 -1 -1 310412 0 15 19 19 21 2 5 2 3
0 0 0 0 1 6 1 0 3 1 1 0 5 -1 -1 -1 -1 -1 -1 310912 0 15 19 19 21 2 5 2 3
0 0 0 0 3 6 1 0 3 1 1 0 5 4 4 6 1 0 0 311378 0 15 19 19 21 2 4 2 3
0 0 0 0 1 6 1 0 3 1 1 0 5 -1 -1 -1 -1 -1 -1 311845 0 15 19 19 21 2 4 2 3
0 0 0 0 1 6 1 0 3 1 1 0 5 -1 -1 -1 -1 -1 -1 312345 0 15 19 19 21 2 4 2 3
0 0 0 0 1 6 1 0 3 1 1 0 5 -1 -1 -1 -1 -1 -1 312811 0 15 19 19 21 2 4 2 3
0 0 0 0 1 7 1 0 3 1 1 0 5 5 4 6 1 1 1 313278 0 15 19 19 21 2 6 2 3
0 0 0 0 1 6 1 0 3 1 1 0 5 -1 -1 -1 -1 -1 -1 313744 0 15 19 19 21 2 6 2 3
0 0 0 0 1 6 1 0 3 1 1 0 5 -1 -1 -1 -1 -1 -1 314244 0 15 19 19 21 2 6 2 3
0 0 0 0 6 1 1 0 3 1 1 0 4 -1 -1 -1 -1 -1 -1 314711 0 15 19 19 21 2 6 2 3
0 0 0 0 6 3 1 0 3 1 1 0 4 5 4 8 3 0 0 315177 0 15 19 19 21 2 4 2 3
0 0 0 0 6 1 1 0 3 1 1 0 4 -1 -1 -1 -1 -1 -1 315677 0 15 19 19 21 2 4 2 3
0 0 0 0 1 6 1 0 3 1 1 0 5 -1 -1 -1 -1 -1 -1 316144 0 15 19 19 21 2 4 2 3
0 0 0 0 1 1 6 0 3 1 1 0 6 -1 -1 -1 -1 -1 -1 316610 0 15 19 19 21 2 4 2 3
0 0 0 0 1 1 7 0 3 1 1 0 6 6 4 8 3 1 1 317077 0 15 19 19 21 2 5 2 3
0 0 0 1 1 6 1 1 4 2 2 1 5 -1 -1 -1 -1 -1 -1 325642 0 15 19 19 60 2 8 0 5
0 0 0 1 1 6 1 1 4 2 2 1 5 -1 -1 -1 -1 -1 -1 325808 0 15 19 19 60 2 8 0 5
0 0 0 1 1 6 1 1 4 2 2 1 5 -1 -1 -1 -1 -1 -1 325975 0 15 19 19 60 2 6 2 5
0 0 0 1 1 6 1 1 4 2 2 1 5 -1 -1 -1 -1 -1 -1 326141 0 15 19 19 52.2 2 6 2 5
0 0 0 1 1 6 1 1 4 2 2 1 5 -1 -1 -1 -1 -1 -1 326375 0 15 19 19 34 2 6 2 5
0 0 0 1 1 6 1 1 4 2 2 1 5 -1 -1 -1 -1 -1 -1 326808 0 15 19 19 21 2 6 2 5
0 0 0 1 1 6 1 1 4 2 2 1 5 -1 -1 -1 -1 -1 -1 327275 0 15 19 19 21 2 4 2 5
0 0 0 1 1 6 1 1 4 2 2 1 5 -1 -1 -1 -1 -1 -1 327774 0 15 19 19 21 2 4 2 5
0 0 0 1 1 6 1 1 4 2 2 1 5 -1 -1 -1 -1 -1 -1 328241 0 15 19 19 21 2 4 2 5
0 0 0 1 1 6 1 1 4 2 2 1 5 -1 -1 -1 -1 -1 -1 328707 0 15 19 19 21 2 4 2 5
0 0 0 1 3 6 1 1 4 2 2 1 5 4 5 4 3 0 0 329207 0 15 19 19 21 2 5 2 5
0 0 0 1 1 6 1 1 4 2 2 1 5 -1 -1 -1 -1 -1 -1 329674 0 15 19 19 21 2 5 2 5
0 0 0 1 1 6 1 1 4 2 2 1 5 -1 -1 -1 -1 -1 -1 330140 0 15 19 19 21 2 5 2 5
0 0 0 1 1 6 1 1 4 2 2 1 5 -1 -1 -1 -1 -1 -1 330607 0 15 19 19 21 2 5 2 5
0 0 0 3 1 6 1 1 4 2 2 1 5 3 5 4 2 0 0 331107 0 15 19 19 21 2 6 2 5
0 0 0 1 1 6 1 1 4 2 2 1 5 -1 -1 -1 -1 -1 -1 331573 0 15 19 19 21 2 6 2 5
0 0 0 1 1 6 1 1 4 2 2 1 5 -1 -1 -1 -1 -1 -1 332040 0 15 19 19 21 2 6 2 5
0 0 0 1 1 6 1 1 4 2 2 1 5 -1 -1 -1 -1 -1 -1 332540 0 15 19 19 21 2 6 2 5
0 0 0 3 1 6 1 1 4 2 2 1 5 3 5 4 1 0 0 333006 0 15 19 19 21 2 4 2 5
0 0 0 1 1 6 1 1 4 2 2 1 5 -1 -1 -1 -1 -1 -1 333473 0 15 19 19 21 2 4 2 5
0 0 0 1 1 6 1 1 4 2 2 1 5 -1 -1 -1 -1 -1 -1 333940 0 15 19 19 21 2 4 2 5
0 0 0 1 1 6 1 1 4 2 2 1 5 -1 -1 -1 -1 -1 -1 334439 0 15 19 19 21 2 4 2 5
0 0 0 1 3 6 1 1 4 2 2 1 5 4 5 4 0 0 0 334906 0 15 19 19 21 2 4 2 5
0 0 0 1 1 6 1 1 4 2 2 1 5 -1 -1 -1 -1 -1 -1 335373 0 15 19 19 21 2 4 2 5
0 0 0 1 6 1 1 1 4 2 2 1 4 -1 -1 -1 -1 -1 -1 335872 0 15 19 19 21 2 4 2 5
0 0 0 6 1 1 1 1 4 2 2 1 3 -1 -1 -1 -1 -1 -1 336339 0 15 19 19 21 2 4 2 5
0 0 0 7 1 1 1 1 4 2 2 1 3 3 5 4 1 1 1 336806 0 15 19 19 21 2 5 2 5
0 0 0 1 6 1 1 1 4 2 2 1 4 -1 -1 -1 -1 -1 -1 337272 0 15 19 19 21 2 5 2 5
0 0 0 1 6 1 1 1 4 2 2 1 4 -1 -1 -1 -1 -1 -1 337772 0 15 19 19 21 2 5 2 5
0 0 0 6 1 1 1 1 4 2 2 1 3 -1 -1 -1 -1 -1 -1 338238 0 15 19 19 21 2 5 2 5
0 0 0 7 1 1 1 1 4 2 2 1 3 3 5 4 0 1 1 338705 0 15 19 19 21 2 8 0 5
0 0 0 1 6 1 1 1 4 2 2 1 4 -1 -1 -1 -1 -1 -1 339205 0 15 19 19 21 2 8 0 5
0 0 0 1 6 1 1 1 4 2 2 1 4 -1 -1 -1 -1 -1 -1 339671 0 15 19 19 21 2 8 0 5
0 0 0 1 6 1 1 1 4 2 2 1 4 -1 -1 -1 -1 -1 -1 340138 0 15 19 19 21 2 8 0 5
0 0 0 1 6 3 1 1 4 2 2 1 4 5 5 4 3 0 0 340605 0 15 19 19 21 2 6 2 5
0 0 0 1 6 1 1 1 4 2 2 1 4 -1 -1 -1 -1 -1 -1 341104 0 15 19 19 21 2 6 2 5
0 0 0 1 6 1 1 1 4 2 2 1 4 -1 -1 -1 -1 -1 -1 341571 0 15 19 19 21 2 6 2 5
0 0 0 1 6 1 1 1 4 2 2 1 4 -1 -1 -1 -1 -1 -1 342038 0 15 19 19 21 2 6 2 5
0 0 0 3 6 1 1 1 4 2 2 1 4 3 5 4 1 0 0 342537 0 15 19 19 21 2 4 2 5
0 0 0 1 6 1 1 1 4 2 2 1 4 -1 -1 -1 -1 -1 -1 343004 0 15 19 19 21 2 4 2 5
0 0 0 6 1 1 1 1 4 2 2 1 3 -1 -1 -1 -1 -1 -1 343471 0 15 19 19 21 2 4 2 5
0 0 0 6 1 1 1 1 4 2 2 1 3 -1 -1 -1 -1 -1 -1 343937 0 15 19 19 21 2 4 2 5
0 0 0 7 1 1 1 1 4 2 2 1 3 3 5 4 3 1 1 344437 0 15 19 19 21 2 5 2 5
0 0 0 0 1 6 1 0 5 6 1 0 5 -1 -1 -1 -1 -1 -1 350935 0 15 40 15 60 2 8 0 3
0 0 0 0 1 6 1 0 5 6 1 0 5 -1 -1 -1 -1 -1 -1 351102 0 15 40 15 60 2 8 0 3
0 0 0 0 1 6 1 0 5 6 1 0 5 -1 -1 -1 -1 -1 -1 351269 0 15 40 15 60 2 6 2 3
0 0 0 0 1 6 1 0 5 6 1 0 5 -1 -1 -1 -1 -1 -1 351435 0 15 40 15 50 2 6 2 3
0 0 0 0 1 6 1 0 5 6 1 0 5 -1 -1 -1 -1 -1 -1 351735 0 15 40 15 20 2 6 2 3
0 0 0 0 1 6 1 0 5 6 1 0 5 -1 -1 -1 -1 -1 -1 352668 0 15 40 15 10 2 6 2 3
0 0 0 0 1 6 1 0 5 6 1 0 5 -1 -1 -1 -1 -1 -1 353668 0 15 40 15 10 2 4 2 3
0 0 0 0 1 6 1 0 5 6 1 0 5 -1 -1 -1 -1 -1 -1 354668 0 15 40 15 10 2 4 2 3
0 0 0 0 1 6 1 0 5 6 1 0 5 -1 -1 -1 -1 -1 -1 355668 0 15 40 15 10 2 4 2 3
0 0 0 0 1 6 1 0 5 6 1 0 5 -1 -1 -1 -1 -1 -1 356667 0 15 40 15 10 2 4 2 3
0 0 0 0 1 7 1 0 5 6 1 0 5 5 5 4 4 1 1 357667 0 15 40 15 10 2 4 2 3
0 0 0 0 1 6 1 0 5 6 1 0 5 -1 -1 -1 -1 -1 -1 358667 0 15 40 15 10 2 4 2 3
0 0 0 0 6 1 1 0 5 6 1 0 4 -1 -1 -1 -1 -1 -1 359667 0 15 40 15 10 2 4 2 3
0 0 0 0 6 1 1 0 5 6 1 0 4 -1 -1 -1 -1 -1 -1 360666 0 15 40 15 10 2 4 2 3
0 0 0 0 7 1 1 0 5 6 1 0 4 4 5 4 4 1 1 361666 0 15 40 15 10 2 6 2 3
0 0 0 0 1 6 1 0 5 6 1 0 5 -1 -1 -1 -1 -1 -1 362466 0 15 40 16 13 2 6 2 3
0 0 0 0 1 6 1 0 5 6 1 0 5 -1 -1 -1 -1 -1 -1 363232 0 15 40 16 13 2 6 2 3
0 0 0 0 1 6 1 0 5 6 1 0 5 -1 -1 -1 -1 -1 -1 364032 0 15 40 16 13 2 6 2 3
0 0 0 0 1 7 1 0 5 6 1 0 5 5 5 4 4 1 1 364799 0 15 40 16 13 2 4 2 3
0 0 0 0 1 6 1 0 5 6 1 0 5 -1 -1 -1 -1 -1 -1 365565 0 15 40 16 13 2 4 2 3
0 0 0 0 1 6 1 0 5 6 1 0 5 -1 -1 -1 -1 -1 -1 366332 0 15 40 16 13 2 4 2 3
0 0 0 0 1 6 1 0 5 6 1 0 5 -1 -1 -1 -1 -1 -1 367098 0 15 40 16 13 2 4 2 3
0 0 0 0 1 7 1 0 5 6 1 0 5 5 5 4 4 1 1 367865 0 15 40 16 13 2 6 2 3
0 0 0 0 1 6 1 0 5 6 1 0 5 -1 -1 -1 -1 -1 -1 368498 0 15 40 17 16 2 6 2 3
0 0 0 0 1 1 6 0 5 6 1 0 6 -1 -1 -1 -1 -1 -1 369131 0 15 40 17 16 2 6 2 3
0 0 0 0 1 1 6 0 5 6 1 0 6 -1 -1 -1 -1 -1 -1 369764 0 15 40 17 16 2 6 2 3
0 0 0 0 1 1 7 0 5 6 1 0 6 6 5 4 4 1 1 370397 0 15 40 17 16 2 5 2 3
0 0 0 0 1 1 6 0 5 6 1 0 6 -1 -1 -1 -1 -1 -1 370997 0 15 40 17 16 2 5 2 3
0 0 0 0 1 6 1 0 5 6 1 0 5 -1 -1 -1 -1 -1 -1 371630 0 15 40 17 16 2 5 2 3
0 0 0 0 6 1 1 0 5 6 1 0 4 -1 -1 -1 -1 -1 -1 372264 0 15 40 17 16 2 5 2 3
0 0 0 1 7 1 1 1 5 6 1 0 4 4 5 4 4 1 1 372897 0 15 40 17 16 2 8 0 5
0 0 0 1 6 1 1 1 5 6 1 1 4 -1 -1 -1 -1 -1 -1 373430 0 15 40 18 19 2 8 0 5
0 0 0 1 1 1 6 1 5 6 1 1 6 -1 -1 -1 -1 -1 -1 373963 0 15 40 18 19 2 8 0 5
0 0 0 1 1 1 6 1 5 6 1 1 6 -1 -1 -1 -1 -1 -1 374463 0 15 40 18 19 2 8 0 5
0 0 0 1 1 1 7 1 5 6 1 1 6 6 5 4 4 1 1 374996 0 15 40 18 19 2 6 2 5
0 0 0 1 1 1 6 1 5 6 1 1 6 -1 -1 -1 -1 -1 -1 375529 0 15 40 18 19 2 6 2 5
0 0 0 1 1 1 6 1 5 6 1 1 6 -1 -1 -1 -1 -1 -1 376063 0 15 40 18 19 2 6 2 5
0 0 0 1 1 6 1 1 5 6 1 1 5 -1 -1 -1 -1 -1 -1 376596 0 15 40 18 19 2 6 2 5
0 0 0 1 1 7 1 1 5 6 1 1 5 5 5 4 4 1 1 377096 0 15 40 18 19 2 4 2 5
0 0 0 1 1 6 1 1 5 6 1 1 5 -1 -1 -1 -1 -1 -1 377596 0 15 40 19 21 2 4 2 5
0 0 0 1 6 1 1 1 5 6 1 1 4 -1 -1 -1 -1 -1 -1 378062 0 15 40 19 21 2 4 2 5
0 0 0 1 6 1 1 1 5 6 1 1 4 -1 -1 -1 -1 -1 -1 378529 0 15 40 19 21 2 4 2 5
0 0 0 1 7 1 1 1 5 6 1 1 4 4 5 4 4 1 1 379029 0 15 40 19 21 2 4 2 5
0 0 0 1 6 1 1 1 5 6 1 1 4 -1 -1 -1 -1 -1 -1 379495 0 15 40 19 21 2 4 2 5
0 0 0 1 1 1 6 1 5 6 1 1 6 -1 -1 -1 -1 -1 -1 379962 0 15 40 19 21 2 4 2 5
0 0 0 1 1 1 6 1 5 6 1 1 6 -1 -1 -1 -1 -1 -1 380462 0 15 40 19 21 2 4 2 5
0 0 0 1 1 1 7 1 5 6 1 1 6 6 5 4 4 1 1 380928 0 15 40 19 21 2 6 2 5
0 0 0 1 1 1 6 1 5 6 1 1 6 -1 -1 -1 -1 -1 -1 381395 0 15 40 20 22 2 6 2 5
0 0 0 1 1 1 6 1 5 6 1 1 6 -1 -1 -1 -1 -1 -1 381828 0 15 40 20 22 2 6 2 5
0 0 0 1 1 1 1 6 5 6 1 1 7 -1 -1 -1 -1 -1 -1 382294 0 15 40 20 22 2 6 2 5
0 0 0 1 1 1 1 7 5 6 1 1 7 7 5 4 4 1 1 382728 0 15 40 20 22 2 4 2 5
0 0 0 1 1 1 1 6 5 6 1 1 7 -1 -1 -1 -1 -1 -1 383194 0 15 40 20 22 2 4 2 5
0 0 0 1 1 1 1 6 5 6 1 1 7 -1 -1 -1 -1 -1 -1 383661 0 15 40 20 22 2 4 2 5
0 0 0 1 1 1 1 6 5 6 1 1 7 -1 -1 -1 -1 -1 -1 384094 0 15 40 20 22 2 4 2 5
0 0 0 1 1 1 1 7 5 6 1 1 7 7 5 4 4 1 1 384561 0 15 40 20 22 2 6 2 5
0 0 0 1 1 1 1 6 5 6 1 1 7 -1 -1 -1 -1 -1 -1 384994 0 15 40 21 23 2 6 2 5
0 0 0 1 1 1 1 6 5 6 1 1 7 -1 -1 -1 -1 -1 -1 385427 0 15 40 21 23 2 6 2 5
0 0 0 1 1 1 1 6 5 6 1 1 7 -1 -1 -1 -1 -1 -1 385860 0 15 40 21 23 2 6 2 5
0 0 0 1 1 1 1 7 5 6 1 1 7 7 5 4 4 1 1 386293 0 15 40 21 23 2 5 2 5
0 0 0 1 1 1 1 6 5 6 1 1 7 -1 -1 -1 -1 -1 -1 386727 0 15 40 21 23 2 5 2 5
0 0 0 1 1 1 1 6 5 6 1 1 7 -1 -1 -1 -1 -1 -1 387160 0 15 40 21 23 2 5 2 5
0 0 0 1 1 1 1 6 5 6 1 1 7 -1 -1 -1 -1 -1 -1 387593 0 15 40 21 23 2 5 2 5
0 0 0 1 1 1 1 7 5 6 1 1 7 7 5 4 4 1 1 388026 0 15 40 21 23 2 8 0 5
0 0 0 1 1 1 1 6 5 6 1 2 7 -1 -1 -1 -1 -1 -1 388460 0 15 40 22 24 2 8 0 5
0 0 0 1 1 1 1 6 5 6 1 2 7 -1 -1 -1 -1 -1 -1 388859 0 15 40 22 24 2 8 0 5
0 0 0 1 1 1 1 6 5 6 1 2 7 -1 -1 -1 -1 -1 -1 389293 0 15 40 22 24 2 8 0 5
0 0 0 1 1 1 1 7 5 6 1 2 7 7 5 4 4 1 1 389693 0 15 40 22 24 2 6 2 5
0 0 0 1 1 1 1 6 5 6 1 2 7 -1 -1 -1 -1 -1 -1 390126 0 15 40 22 24 2 6 2 5
0 0 0 4 1 1 6 1 5 6 1 2 6 -1 -1 -1 -1 -1 -1 390526 1 15 40 22 24 2 6 2 5
0 0 0 1 1 6 1 1 5 6 1 2 5 -1 -1 -1 -1 -1 -1 390959 0 15 40 22 24 2 6 2 5
0 0 0 1 1 7 1 1 5 6 1 2 5 5 5 4 4 1 1 391359 0 15 40 22 24 2 4 2 5
0 0 0 1 1 6 1 1 5 6 1 2 5 -1 -1 -1 -1 -1 -1 391759 0 15 40 23 25 2 4 2 5
0 0 0 1 1 6 1 4 5 6 1 2 5 -1 -1 -1 -1 -1 -1 392159 1 15 40 23 25 2 4 2 5
0 0 0 1 1 6 1 1 5 6 1 2 5 -1 -1 -1 -1 -1 -1 392559 0 15 40 23 25 2 4 2 5
0 0 0 1 1 7 1 1 5 6 1 2 5 5 5 4 4 1 1 392958 0 15 40 23 25 2 4 2 5
0 0 0 1 6 1 1 1 5 6 1 2 4 -1 -1 -1 -1 -1 -1 393358 0 15 40 23 25 2 4 2 5
0 0 0 1 6 4 1 1 5 6 1 2 4 -1 -1 -1 -1 -1 -1 393758 1 15 40 23 25 2 4 2 5
0 0 0 1 6 1 1 1 5 6 1 2 4 -1 -1 -1 -1 -1 -1 394158 0 15 40 23 25 2 4 2 5
0 0 0 1 7 1 1 1 5 6 1 2 4 4 5 4 4 1 1 394558 0 15 40 23 25 2 6 2 5
0 0 0 1 6 1 1 1 5 6 1 2 4 -1 -1 -1 -1 -1 -1 394958 0 15 40 24 25.5 2 6 2 5
0 0 0 1 1 6 1 4 5 6 1 2 5 -1 -1 -1 -1 -1 -1 395358 1 15 40 24 25.5 2 6 2 5
0 0 0 1 1 1 6 1 5 6 1 2 6 -1 -1 -1 -1 -1 -1 395758 0 15 40 24 25.5 2 6 2 5
0 0 0 1 1 1 7 1 5 6 1 2 6 6 5 4 4 1 1 396158 0 15 40 24 25.5 2 4 2 5
0 0 0 1 1 1 6 1 5 6 1 2 6 -1 -1 -1 -1 -1 -1 396524 0 15 40 24 25.5 2 4 2 5
0 0 0 1 4 1 6 1 5 6 1 2 6 -1 -1 -1 -1 -1 -1 396924 1 15 40 24 25.5 2 4 2 5
0 0 0 1 6 1 1 1 5 6 1 2 4 -1 -1 -1 -1 -1 -1 397324 0 15 40 24 25.5 2 4 2 5
0 0 0 1 7 1 1 1 5 6 1 2 4 4 5 4 4 1 1 397724 0 15 40 24 25.5 2 6 2 5
0 0 0 1 6 1 1 1 5 6 1 2 4 -1 -1 -1 -1 -1 -1 398091 0 15 40 25 26 2 6 2 5
0 0 0 6 1 1 1 4 5 6 1 2 3 -1 -1 -1 -1 -1 -1 398490 1 15 40 25 26 2 6 2 5
0 0 0 6 1 1 1 1 5 6 1 2 3 -1 -1 -1 -1 -1 -1 398857 0 15 40 25 26 2 6 2 5
0 0 0 7 1 1 1 1 5 6 1 2 3 3 5 4 4 1 1 399257 0 15 40 25 26 2 5 2 5
0 0 0 6 1 1 1 1 5 6 1 2 3 -1 -1 -1 -1 -1 -1 399624 0 15 40 25 26 2 5 2 5
0 0 0 6 1 1 1 4 5 6 1 2 3 -1 -1 -1 -1 -1 -1 400023 1 15 40 25 26 2 5 2 5
0 0 0 6 1 1 1 1 5 6 1 2 3 -1 -1 -1 -1 -1 -1 400390 0 15 40 25 26 2 5 2 5
0 0 0 7 1 1 1 1 5 6 1 2 3 3 5 4 4 1 1 400790 0 15 40 25 26 2 8 0 5
0 0 0 0 1 6 1 0 6 0 2 0 5 -1 -1 -1 -1 -1 -1 409421 0 15 19 19 60 2 8 0 3
0 0 0 0 1 6 1 0 6 0 2 0 5 -1 -1 -1 -1 -1 -1 409588 0 15 19 19 60 2 8 0 3
0 0 0 0 1 6 1 0 6 0 2 0 5 -1 -1 -1 -1 -1 -1 409754 0 15 19 19 60 2 5 2 3
0 0 0 0 1 6 1 0 6 0 2 0 5 -1 -1 -1 -1 -1 -1 409921 0 15 19 19 52.2 2 5 2 3
0 0 0 0 1 6 1 0 6 0 2 0 5 -1 -1 -1 -1 -1 -1 410154 0 15 19 19 34 2 5 2 3
0 0 0 0 1 6 1 0 6 0 2 0 5 -1 -1 -1 -1 -1 -1 410587 0 15 19 19 21 2 5 2 3
0 0 0 0 1 6 1 0 6 0 2 0 5 -1 -1 -1 -1 -1 -1 411054 0 15 19 19 21 2 6 2 3
0 0 0 0 1 6 1 0 6 0 2 0 5 -1 -1 -1 -1 -1 -1 411554 0 15 19 19 21 2 6 2 3
0 0 0 0 1 6 1 0 6 0 2 0 5 -1 -1 -1 -1 -1 -1 412020 0 15 19 19 21 2 6 2 3
0 0 0 0 1 6 1 0 6 0 2 0 5 -1 -1 -1 -1 -1 -1 412487 0 15 19 19 21 2 6 2 3
0 0 0 0 3 6 1 0 6 0 2 0 5 4 1 4 2 0 0 412987 0 15 19 19 21 2 5 2 3
0 0 0 0 1 6 1 0 6 0 2 0 5 -1 -1 -1 -1 -1 -1 413453 0 15 19 19 21 2 5 2 3
0 0 0 0 1 6 1 0 6 0 2 0 5 -1 -1 -1 -1 -1 -1 413920 0 15 19 19 21 2 5 2 3
0 0 0 0 1 6 1 0 6 0 2 0 5 -1 -1 -1 -1 -1 -1 414387 0 15 19 19 21 2 5 2 3
0 0 0 0 3 6 1 0 6 0 2 0 5 4 2 4 0 0 0 414886 0 15 19 19 21 2 5 2 3
0 0 0 0 1 6 1 0 6 0 2 0 5 -1 -1 -1 -1 -1 -1 415353 0 15 19 19 21 2 5 2 3
0 0 0 0 6 1 1 0 6 0 2 0 4 -1 -1 -1 -1 -1 -1 415820 0 15 19 19 21 2 5 2 3
0 0 0 0 6 1 1 0 6 0 2 0 4 -1 -1 -1 -1 -1 -1 416319 0 15 19 19 21 2 5 2 3
0 0 0 0 6 3 1 0 6 0 2 0 4 5 0 4 1 0 0 416786 0 15 19 19 21 2 5 2 3
0 0 0 0 6 1 1 0 6 0 2 0 4 -1 -1 -1 -1 -1 -1 417253 0 15 19 19 21 2 5 2 3
0 0 0 0 1 6 1 0 6 0 2 0 5 -1 -1 -1 -1 -1 -1 417719 0 15 19 19 21 2 5 2 3
0 0 0 0 1 6 1 0 6 0 2 0 5 -1 -1 -1 -1 -1 -1 418219 0 15 19 19 21 2 5 2 3
0 0 0 0 3 6 1 0 6 0 2 0 5 4 3 4 3 0 0 418686 0 15 19 19 21 2 6 2 3
0 0 0 0 1 6 1 0 6 0 2 0 5 -1 -1 -1 -1 -1 -1 419152 0 15 19 19 21 2 6 2 3
0 0 0 0 1 6 1 0 6 0 2 0 5 -1 -1 -1 -1 -1 -1 419652 0 15 19 19 21 2 6 2 3
0 0 0 0 1 6 1 0 6 0 2 0 5 -1 -1 -1 -1 -1 -1 420119 0 15 19 19 21 2 6 2 3
0 0 0 0 1 7 1 0 6 0 2 0 5 5 0 4 1 1 1 420585 0 15 19 19 21 2 4 2 3
0 0 0 0 1 6 1 0 6 0 2 0 5 -1 -1 -1 -1 -1 -1 421052 0 15 19 19 21 2 4 2 3
0 0 0 0 1 6 1 0 6 0 2 0 5 -1 -1 -1 -1 -1 -1 421551 0 15 19 19 21 2 4 2 3
0 0 0 0 1 6 1 0 6 0 2 0 5 -1 -1 -1 -1 -1 -1 422018 0 15 19 19 21 2 4 2 3
0 0 0 0 1 6 3 0 6 0 2 0 5 6 1 4 2 0 0 422485 0 15 19 19 21 2 8 0 3
0 0 0 0 1 6 1 0 6 0 2 0 5 -1 -1 -1 -1 -1 -1 422984 0 15 19 19 21 2 8 0 3
0 0 0 0 1 6 1 0 6 0 2 0 5 -1 -1 -1 -1 -1 -1 423451 0 15 19 19 21 2 8 0 3
0 0 0 0 1 6 1 0 6 0 2 0 5 -1 -1 -1 -1 -1 -1 423918 0 15 19 19 21 2 8 0 3
0 0 0 0 3 6 1 0 6 0 2 0 5 4 3 4 3 0 0 424384 0 15 19 19 21 2 5 2 3
0 0 0 0 1 6 1 0 6 0 2 0 5 -1 -1 -1 -1 -1 -1 424884 0 15 19 19 21 2 5 2 3
0 0 0 0 1 6 1 0 6 0 2 0 5 -1 -1 -1 -1 -1 -1 425351 0 15 19 19 21 2 5 2 3
0 0 0 0 1 6 1 0 6 0 2 0 5 -1 -1 -1 -1 -1 -1 425817 0 15 19 19 21 2 5 2 3
0 0 0 0 1 6 3 0 6 0 2 0 5 6 0 4 1 0 0 426317 0 15 19 19 21 2 6 2 3
0 0 0 0 1 6 1 0 6 0 2 0 5 -1 -1 -1 -1 -1 -1 426784 0 15 19 19 21 2 6 2 3
0 0 0 0 1 6 1 0 6 0 2 0 5 -1 -1 -1 -1 -1 -1 427250 0 15 19 19 21 2 6 2 3
0 0 0 0 1 6 1 0 6 0 2 0 5 -1 -1 -1 -1 -1 -1 427717 0 15 19 19 21 2 6 2 3
0 0 0 0 6 3 1 0 6 0 2 0 4 5 2 4 0 0 0 428217 0 15 19 19 21 2 5 2 3
0 0 0 0 1 6 1 0 6 0 2 0 5 -1 -1 -1 -1 -1 -1 428683 0 15 19 19 21 2 5 2 3
0 0 0 0 1 6 1 0 6 0 2 0 5 -1 -1 -1 -1 -1 -1 429150 0 15 19 19 21 2 5 2 3
0 0 0 0 1 6 1 0 6 0 2 0 5 -1 -1 -1 -1 -1 -1 429650 0 15 19 19 21 2 5 2 3
0 0 0 0 1 7 1 0 6 0 2 0 5 5 0 4 1 1 1 430116 0 15 19 19 21 2 5 2 3
0 0 0 0 1 6 1 0 6 0 2 0 5 -1 -1 -1 -1 -1 -1 430583 0 15 19 19 21 2 5 2 3
0 0 0 0 1 6 1 0 6 0 2 0 5 -1 -1 -1 -1 -1 -1 431049 0 15 19 19 21 2 5 2 3
0 0 0 0 1 6 1 0 6 0 2 0 5 -1 -1 -1 -1 -1 -1 431549 0 15 19 19 21 2 5 2 3
0 0 0 0 1 7 1 0 6 0 2 0 5 5 2 4 0 1 1 432016 0 15 19 19 21 2 5 2 3
0 0 0 0 1 6 1 0 7 2 2 0 5 -1 -1 -1 -1 -1 -1 438147 0 15 19 19 60 2 8 0 3
0 0 0 0 1 6 1 0 7 2 2 0 5 -1 -1 -1 -1 -1 -1 438314 0 15 19 19 60 2 8 0 3
0 0 0 0 1 6 1 0 7 2 2 0 5 -1 -1 -1 -1 -1 -1 438481 0 15 19 19 60 2 4 2 3
0 0 0 0 1 6 1 0 7 2 2 0 5 -1 -1 -1 -1 -1 -1 438647 0 15 19 19 52.2 2 4 2 3
0 0 0 0 1 6 1 0 7 2 2 0 5 -1 -1 -1 -1 -1 -1 438881 0 15 19 19 34 2 4 2 3
0 0 0 0 1 6 1 0 7 2 2 0 5 -1 -1 -1 -1 -1 -1 439314 0 15 19 19 21 2 4 2 3
0 0 0 0 1 6 1 0 7 2 2 0 5 -1 -1 -1 -1 -1 -1 439780 0 15 19 19 21 2 5 2 3
0 0 0 0 1 6 1 0 7 2 2 0 5 -1 -1 -1 -1 -1 -1 440280 0 15 19 19 21 2 5 2 3
0 0 0 0 1 6 1 0 7 2 2 0 5 -1 -1 -1 -1 -1 -1 440747 0 15 19 19 21 2 5 2 3
0 0 0 0 6 1 1 0 7 2 2 0 4 -1 -1 -1 -1 -1 -1 441213 0 15 19 19 21 2 5 2 3
0 0 0 0 6 3 1 0 7 2 2 0 4 5 5 4 0 0 0 441713 0 15 19 19 21 2 6 2 3
0 0 0 0 1 6 1 0 7 2 2 0 5 -1 -1 -1 -1 -1 -1 442180 0 15 19 19 21 2 6 2 3
0 0 0 0 1 6 1 0 7 2 2 0 5 -1 -1 -1 -1 -1 -1 442646 0 15 19 19 21 2 6 2 3
0 0 0 0 1 6 1 0 7 2 2 0 5 -1 -1 -1 -1 -1 -1 443113 0 15 19 19 21 2 6 2 3
0 0 0 0 3 6 1 0 7 2 2 0 5 4 5 4 3 0 0 443613 0 15 19 19 21 2 4 2 3
0 0 0 0 1 6 1 0 7 2 2 0 5 -1 -1 -1 -1 -1 -1 444079 0 15 19 19 21 2 4 2 3
0 0 0 0 1 6 1 0 7 2 2 0 5 -1 -1 -1 -1 -1 -1 444546 0 15 19 19 21 2 4 2 3
0 0 0 0 1 6 1 0 7 2 2 0 5 -1 -1 -1 -1 -1 -1 445046 0 15 19 19 21 2 4 2 3
0 0 0 0 3 6 1 0 7 2 2 0 5 4 5 4 1 0 0 445512 0 15 19 19 21 2 5 2 3
0 0 0 0 1 6 1 0 7 2 2 0 5 -1 -1 -1 -1 -1 -1 445979 0 15 19 19 21 2 5 2 3
0 0 0 0 1 6 1 0 7 2 2 0 5 -1 -1 -1 -1 -1 -1 446445 0 15 19 19 21 2 5 2 3
0 0 0 0 1 6 1 0 7 2 2 0 5 -1 -1 -1 -1 -1 -1 446945 0 15 19 19 21 2 5 2 3
0 0 0 0 1 6 3 0 7 2 2 0 5 6 5 4 2 0 0 447412 0 15 19 19 21 2 4 2 3
0 0 0 0 1 6 1 0 7 2 2 0 5 -1 -1 -1 -1 -1 -1 447878 0 15 19 19 21 2 4 2 3
0 0 0 0 1 6 1 0 7 2 2 0 5 -1 -1 -1 -1 -1 -1 448378 0 15 19 19 21 2 4 2 3
0 0 0 0 1 6 1 0 7 2 2 0 5 -1 -1 -1 -1 -1 -1 448845 0 15 19 19 21 2 4 2 3
0 0 0 0 1 7 1 0 7 2 2 0 5 5 5 4 1 1 1 449311 0 15 19 19 21 2 4 2 3
0 0 0 0 1 6 1 0 7 2 2 0 5 -1 -1 -1 -1 -1 -1 449778 0 15 19 19 21 2 4 2 3
0 0 0 0 1 6 1 0 7 2 2 0 5 -1 -1 -1 -1 -1 -1 450278 0 15 19 19 21 2 4 2 3
0 0 0 0 1 6 1 0 7 2 2 0 5 -1 -1 -1 -1 -1 -1 450744 0 15 19 19 21 2 4 2 3
0 0 0 0 1 7 1 0 7 2 2 0 5 5 5 4 2 1 1 451211 0 15 19 19 21 2 8 0 3
0 0 0 0 1 6 1 0 7 2 2 0 5 -1 -1 -1 -1 -1 -1 451711 0 15 19 19 21 2 8 0 3
0 0 0 0 1 6 1 0 7 2 2 0 5 -1 -1 -1 -1 -1 -1 452177 0 15 19 19 21 2 8 0 3
0 0 0 0 6 1 1 0 7 2 2 0 4 -1 -1 -1 -1 -1 -1 452644 0 15 19 19 21 2 8 0 3
0 0 0 0 6 3 1 0 7 2 2 0 4 5 5 4 3 0 0 453110 0 15 19 19 21 2 4 2 3
0 0 0 0 1 6 1 0 7 2 2 0 5 -1 -1 -1 -1 -1 -1 453610 0 15 19 19 21 2 4 2 3
0 0 0 0 1 6 1 0 7 2 2 0 5 -1 -1 -1 -1 -1 -1 454077 0 15 19 19 21 2 4 2 3
0 0 0 0 1 6 1 0 7 2 2 0 5 -1 -1 -1 -1 -1 -1 454543 0 15 19 19 21 2 4 2 3
0 0 0 0 1 1 7 0 7 2 2 0 6 6 5 4 2 1 1 455043 0 15 19 19 21 2 5 2 3
0 0 0 0 1 6 1 0 7 2 2 0 5 -1 -1 -1 -1 -1 -1 455510 0 15 19 19 21 2 5 2 3
0 0 0 0 1 6 1 0 7 2 2 0 5 -1 -1 -1 -1 -1 -1 455976 0 15 19 19 21 2 5 2 3
0 0 0 0 1 6 1 0 7 2 2 0 5 -1 -1 -1 -1 -1 -1 456443 0 15 19 19 21 2 5 2 3
0 0 0 0 3 6 1 0 7 2 2 0 5 4 5 4 0 0 0 456943 0 15 19 19 21 2 6 2 3
0 0 0 0 1 6 1 0 7 2 2 0 5 -1 -1 -1 -1 -1 -1 457409 0 15 19 19 21 2 6 2 3
0 0 0 0 1 6 1 0 7 2 2 0 5 -1 -1 -1 -1 -1 -1 457876 0 15 19 19 21 2 6 2 3
0 0 0 0 6 1 1 0 7 2 2 0 4 -1 -1 -1 -1 -1 -1 458376 0 15 19 19 21 2 6 2 3
0 0 0 0 6 3 1 0 7 2 2 0 4 5 5 4 3 0 0 458842 0 15 19 19 21 2 4 2 3
0 0 0 0 1 6 1 0 7 2 2 0 5 -1 -1 -1 -1 -1 -1 459309 0 15 19 19 21 2 4 2 3
0 0 0 0 1 6 1 0 7 2 2 0 5 -1 -1 -1 -1 -1 -1 459775 0 15 19 19 21 2 4 2 3
0 0 0 0 1 6 1 0 7 2 2 0 5 -1 -1 -1 -1 -1 -1 460275 0 15 19 19 21 2 4 2 3
0 0 0 0 3 6 1 0 7 2 2 0 5 4 5 4 1 0 0 460742 0 15 19 19 21 2 5 2 3
0 0 0 0 1 6 1 0 7 2 2 0 5 -1 -1 -1 -1 -1 -1 461208 0 15 19 19 21 2 5 2 3
0 0 0 0 1 6 1 0 7 2 2 0 5 -1 -1 -1 -1 -1 -1 461708 0 15 19 19 21 2 5 2 3
0 0 0 0 1 6 1 0 7 2 2 0 5 -1 -1 -1 -1 -1 -1 462175 0 15 19 19 21 2 5 2 3
0 0 0 0 1 6 3 0 7 2 2 0 5 6 5 4 2 0 0 462641 0 15 19 19 21 2 4 2 3
0 0 0 0 1 6 1 0 7 2 2 0 5 -1 -1 -1 -1 -1 -1 463108 0 15 19 19 21 2 4 2 3
0 0 0 0 1 6 1 0 7 2 2 0 5 -1 -1 -1 -1 -1 -1 463608 0 15 19 19 21 2 4 2 3
0 0 0 0 1 6 1 0 7 2 2 0 5 -1 -1 -1 -1 -1 -1 464074 0 15 19 19 21 2 4 2 3
0 0 0 0 1 6 3 0 7 2 2 0 5 6 5 4 0 0 0 464541 0 15 19 19 21 2 4 2 3
0 0 0 0 1 6 1 0 7 2 2 0 5 -1 -1 -1 -1 -1 -1 465008 0 15 19 19 21 2 4 2 3
0 0 0 0 1 6 1 0 7 2 2 0 5 -1 -1 -1 -1 -1 -1 465507 0 15 19 19 21 2 4 2 3
0 0 0 0 1 6 1 0 7 2 2 0 5 -1 -1 -1 -1 -1 -1 465974 0 15 19 19 21 2 4 2 3
0 0 0 0 1 6 3 0 7 2 2 0 5 6 5 4 3 0 0 466441 0 15 19 19 21 2 8 0 3
0 0 0 0 1 6 1 0 7 2 2 0 5 -1 -1 -1 -1 -1 -1 466940 0 15 19 19 21 2 8 0 3
0 0 0 0 6 1 1 0 7 2 2 0 4 -1 -1 -1 -1 -1 -1 467407 0 15 19 19 21 2 8 0 3
0 0 0 0 6 1 1 0 7 2 2 0 4 -1 -1 -1 -1 -1 -1 467874 0 15 19 19 21 2 8 0 3
0 0 0 0 7 1 1 0 7 2 2 0 4 4 5 4 0 1 1 468340 0 15 19 19 21 2 4 2 3
0 0 0 0 6 1 1 0 7 2 2 0 4 -1 -1 -1 -1 -1 -1 468840 0 15 19 19 21 2 4 2 3
0 0 0 0 1 6 1 0 7 2 2 0 5 -1 -1 -1 -1 -1 -1 469306 0 15 19 19 21 2 4 2 3
0 0 0 0 1 6 1 0 7 2 2 0 5 -1 -1 -1 -1 -1 -1 469773 0 15 19 19 21 2 4 2 3
0 0 0 0 1 6 3 0 7 2 2 0 5 6 5 4 1 0 0 470273 0 15 19 19 21 2 5 2 3
0 0 0 0 1 6 1 0 7 2 2 0 5 -1 -1 -1 -1 -1 -1 470739 0 15 19 19 21 2 5 2 3
0 0 0 0 1 6 1 0 7 2 2 0 5 -1 -1 -1 -1 -1 -1 471206 0 15 19 19 21 2 5 2 3
0 0 0 0 6 1 1 0 7 2 2 0 4 -1 -1 -1 -1 -1 -1 471673 0 15 19 19 21 2 5 2 3
0 0 0 0 6 3 1 0 7 2 2 0 4 5 5 4 3 0 0 472172 0 15 19 19 21 2 6 2 3
0 0 0 0 1 6 1 0 7 2 2 0 5 -1 -1 -1 -1 -1 -1 472639 0 15 19 19 21 2 6 2 3
0 0 0 0 1 6 1 0 7 2 2 0 5 -1 -1 -1 -1 -1 -1 473106 0 15 19 19 21 2 6 2 3
0 0 0 0 6 1 1 0 7 2 2 0 4 -1 -1 -1 -1 -1 -1 473605 0 15 19 19 21 2 6 2 3
0 0 0 0 6 3 1 0 7 2 2 0 4 5 5 4 2 0 0 474072 0 15 19 19 21 2 4 2 3
0 0 0 0 1 6 1 0 7 2 2 0 5 -1 -1 -1 -1 -1 -1 474539 0 15 19 19 21 2 4 2 3
0 0 0 0 6 1 1 0 7 2 2 0 4 -1 -1 -1 -1 -1 -1 475005 0 15 19 19 21 2 4 2 3
0 0 0 0 6 1 1 0 7 2 2 0 4 -1 -1 -1 -1 -1 -1 475505 0 15 19 19 21 2 4 2 3
0 0 0 0 7 1 1 0 7 2 2 0 4 4 5 4 3 1 1 475972 0 15 19 19 21 2 5 2 3
0 0 0 1 1 6 1 1 8 1 2 1 5 -1 -1 -1 -1 -1 -1 481737 0 15 19 19 60 2 8 0 5
0 0 0 1 1 6 1 1 8 1 2 1 5 -1 -1 -1 -1 -1 -1 481903 0 15 19 19 60 2 8 0 5
0 0 0 1 1 6 1 1 8 1 2 1 5 -1 -1 -1 -1 -1 -1 482070 0 15 19 19 60 2 5 2 5
0 0 0 1 1 6 1 1 8 1 2 1 5 -1 -1 -1 -1 -1 -1 482237 0 15 19 19 52.2 2 5 2 5
0 0 0 1 1 6 1 1 8 1 2 1 5 -1 -1 -1 -1 -1 -1 482470 0 15 19 19 34 2 5 2 5
0 0 0 1 1 6 1 1 8 1 2 1 5 -1 -1 -1 -1 -1 -1 482903 0 15 19 19 21 2 5 2 5
0 0 0 1 1 6 1 1 8 1 2 1 5 -1 -1 -1 -1 -1 -1 483370 0 15 19 19 21 2 5 2 5
0 0 0 1 1 6 1 1 8 1 2 1 5 -1 -1 -1 -1 -1 -1 483870 0 15 19 19 21 2 5 2 5
0 0 0 1 1 6 1 1 8 1 2 1 5 -1 -1 -1 -1 -1 -1 484336 0 15 19 19 21 2 5 2 5
0 0 0 1 1 6 1 1 8 1 2 1 5 -1 -1 -1 -1 -1 -1 484803 0 15 19 19 21 2 5 2 5
0 0 0 1 1 6 1 3 8 1 2 1 5 7 4 8 3 0 0 485303 0 15 19 19 21 2 4 2 5
0 0 0 1 1 6 1 1 8 1 2 1 5 -1 -1 -1 -1 -1 -1 485769 0 15 19 19 21 2 4 2 5
0 0 0 1 1 6 1 1 8 1 2 1 5 -1 -1 -1 -1 -1 -1 486236 0 15 19 19 21 2 4 2 5
0 0 0 1 1 6 1 1 8 1 2 1 5 -1 -1 -1 -1 -1 -1 486702 0 15 19 19 21 2 4 2 5
0 0 0 1 1 6 3 1 8 1 2 1 5 6 4 7 2 0 0 487202 0 15 19 19 21 2 4 2 5
0 0 0 1 1 6 1 1 8 1 2 1 5 -1 -1 -1 -1 -1 -1 487669 0 15 19 19 21 2 4 2 5
0 0 0 1 6 1 1 1 8 1 2 1 4 -1 -1 -1 -1 -1 -1 488135 0 15 19 19 21 2 4 2 5
0 0 0 1 6 1 1 1 8 1 2 1 4 -1 -1 -1 -1 -1 -1 488635 0 15 19 19 21 2 4 2 5
0 0 0 1 6 3 1 1 8 1 2 1 4 5 4 5 0 0 0 489102 0 15 19 19 21 2 5 2 5
0 0 0 1 6 1 1 1 8 1 2 1 4 -1 -1 -1 -1 -1 -1 489568 0 15 19 19 21 2 5 2 5
0 0 0 1 1 6 1 1 8 1 2 1 5 -1 -1 -1 -1 -1 -1 490035 0 15 19 19 21 2 5 2 5
0 0 0 1 6 1 1 1 8 1 2 1 4 -1 -1 -1 -1 -1 -1 490535 0 15 19 19 21 2 5 2 5
0 0 0 1 6 3 1 1 8 1 2 1 4 5 4 6 1 0 0 491001 0 15 19 19 21 2 5 2 5
0 0 0 1 6 1 1 1 8 1 2 1 4 -1 -1 -1 -1 -1 -1 491468 0 15 19 19 21 2 5 2 5
0 0 0 1 6 1 1 1 8 1 2 1 4 -1 -1 -1 -1 -1 -1 491968 0 15 19 19 21 2 5 2 5
0 0 0 1 6 1 1 1 8 1 2 1 4 -1 -1 -1 -1 -1 -1 492434 0 15 19 19 21 2 5 2 5
0 0 0 3 1 6 1 1 8 1 2 1 5 3 4 7 2 0 0 492901 0 15 19 19 21 2 5 2 5
0 0 0 1 1 6 1 1 8 1 2 1 5 -1 -1 -1 -1 -1 -1 493367 0 15 19 19 21 2 5 2 5
0 0 0 1 1 6 1 1 8 1 2 1 5 -1 -1 -1 -1 -1 -1 493867 0 15 19 19 21 2 5 2 5
0 0 0 6 1 1 1 1 8 1 2 1 3 -1 -1 -1 -1 -1 -1 494334 0 15 19 19 21 2 5 2 5
0 0 0 7 1 1 1 1 8 1 2 1 3 3 4 6 1 1 1 494800 0 15 19 19 21 2 8 0 5
0 0 0 1 6 1 1 1 8 1 2 1 4 -1 -1 -1 -1 -1 -1 495300 0 15 19 19 21 2 8 0 5
0 0 0 1 6 1 1 1 8 1 2 1 4 -1 -1 -1 -1 -1 -1 495767 0 15 19 19 21 2 8 0 5
0 0 0 1 6 1 1 1 8 1 2 1 4 -1 -1 -1 -1 -1 -1 496233 0 15 19 19 21 2 8 0 5
0 0 0 3 6 1 1 1 8 1 2 1 4 3 4 8 3 0 0 496700 0 15 19 19 21 2 5 2 5
0 0 0 1 6 1 1 1 8 1 2 1 4 -1 -1 -1 -1 -1 -1 497200 0 15 19 19 21 2 5 2 5
0 0 0 1 6 1 1 1 8 1 2 1 4 -1 -1 -1 -1 -1 -1 497666 0 15 19 19 21 2 5 2 5
0 0 0 1 6 1 1 1 8 1 2 1 4 -1 -1 -1 -1 -1 -1 498133 0 15 19 19 21 2 5 2 5
0 0 0 1 7 1 1 1 8 1 2 1 4 4 4 6 1 1 1 498633 0 15 19 19 21 2 5 2 5
0 0 0 1 6 1 1 1 8 1 2 1 4 -1 -1 -1 -1 -1 -1 499099 0 15 19 19 21 2 5 2 5
0 0 0 1 6 1 1 1 8 1 2 1 4 -1 -1 -1 -1 -1 -1 499566 0 15 19 19 21 2 5 2 5
0 0 0 1 1 6 1 1 8 1 2 1 5 -1 -1 -1 -1 -1 -1 500032 0 15 19 19 21 2 5 2 5
0 0 0 1 3 6 1 1 8 1 2 1 5 4 4 7 2 0 0 500532 0 15 19 19 21 2 4 2 5
0 0 0 1 1 6 1 1 8 1 2 1 5 -1 -1 -1 -1 -1 -1 500999 0 15 19 19 21 2 4 2 5
0 0 0 1 1 1 6 1 8 1 2 1 6 -1 -1 -1 -1 -1 -1 501465 0 15 19 19 21 2 4 2 5
0 0 0 1 1 1 6 1 8 1 2 1 6 -1 -1 -1 -1 -1 -1 501965 0 15 19 19 21 2 4 2 5
0 0 0 1 1 1 7 1 8 1 2 1 6 6 4 6 1 1 1 502432 0 15 19 19 21 2 4 2 5
0 0 0 0 1 6 1 0 9 6 1 0 5 -1 -1 -1 -1 -1 -1 508497 0 15 40 15 60 2 8 0 3
0 0 0 0 1 6 1 0 9 6 1 0 5 -1 -1 -1 -1 -1 -1 508664 0 15 40 15 60 2 8 0 3
0 0 0 0 1 6 1 0 9 6 1 0 5 -1 -1 -1 -1 -1 -1 508830 0 15 40 15 60 2 4 2 3
0 0 0 0 1 6 1 0 9 6 1 0 5 -1 -1 -1 -1 -1 -1 508997 0 15 40 15 50 2 4 2 3
0 0 0 0 1 6 1 0 9 6 1 0 5 -1 -1 -1 -1 -1 -1 509297 0 15 40 15 20 2 4 2 3
0 0 0 0 1 6 1 0 9 6 1 0 5 -1 -1 -1 -1 -1 -1 510230 0 15 40 15 10 2 4 2 3
0 0 0 0 1 6 1 0 9 6 1 0 5 -1 -1 -1 -1 -1 -1 511230 0 15 40 15 10 2 5 2 3
0 0 0 0 1 1 6 0 9 6 1 0 6 -1 -1 -1 -1 -1 -1 512229 0 15 40 15 10 2 5 2 3
0 0 0 0 1 1 6 0 9 6 1 0 6 -1 -1 -1 -1 -1 -1 513229 0 15 40 15 10 2 5 2 3
0 0 0 0 1 1 6 0 9 6 1 0 6 -1 -1 -1 -1 -1 -1 514229 0 15 40 15 10 2 5 2 3
0 0 0 0 1 1 7 0 9 6 1 0 6 6 5 4 4 1 1 515229 0 15 40 15 10 2 6 2 3
0 0 0 0 1 6 1 0 9 6 1 0 5 -1 -1 -1 -1 -1 -1 516228 0 15 40 15 10 2 6 2 3
0 0 0 0 1 6 1 0 9 6 1 0 5 -1 -1 -1 -1 -1 -1 517228 0 15 40 15 10 2 6 2 3
0 0 0 0 1 6 1 0 9 6 1 0 5 -1 -1 -1 -1 -1 -1 518228 0 15 40 15 10 2 6 2 3
0 0 0 0 1 7 1 0 9 6 1 0 5 5 5 4 4 1 1 519228 0 15 40 15 10 2 5 2 3
0 0 0 0 1 6 1 0 9 6 1 0 5 -1 -1 -1 -1 -1 -1 520027 0 15 40 16 13 2 5 2 3
0 0 0 0 1 6 1 0 9 6 1 0 5 -1 -1 -1 -1 -1 -1 520827 0 15 40 16 13 2 5 2 3
0 0 0 0 1 1 6 0 9 6 1 0 6 -1 -1 -1 -1 -1 -1 521594 0 15 40 16 13 2 5 2 3
0 0 0 0 1 1 7 0 9 6 1 0 6 6 5 4 4 1 1 522360 0 15 40 16 13 2 6 2 3
0 0 0 0 1 1 6 0 9 6 1 0 6 -1 -1 -1 -1 -1 -1 523127 0 15 40 16 13 2 6 2 3
0 0 0 0 1 1 6 0 9 6 1 0 6 -1 -1 -1 -1 -1 -1 523893 0 15 40 16 13 2 6 2 3
0 0 0 0 1 1 6 0 9 6 1 0 6 -1 -1 -1 -1 -1 -1 524660 0 15 40 16 13 2 6 2 3
0 0 0 0 1 1 7 0 9 6 1 0 6 6 5 4 4 1 1 525426 0 15 40 16 13 2 4 2 3
0 0 0 0 1 1 6 0 9 6 1 0 6 -1 -1 -1 -1 -1 -1 526059 0 15 40 17 16 2 4 2 3
0 0 0 0 1 1 6 0 9 6 1 0 6 -1 -1 -1 -1 -1 -1 526693 0 15 40 17 16 2 4 2 3
0 0 0 0 1 1 6 0 9 6 1 0 6 -1 -1 -1 -1 -1 -1 527326 0 15 40 17 16 2 4 2 3
0 0 0 0 1 1 7 0 9 6 1 0 6 6 5 4 4 1 1 527959 0 15 40 17 16 2 4 2 3
0 0 0 0 1 1 6 0 9 6 1 0 6 -1 -1 -1 -1 -1 -1 528559 0 15 40 17 16 2 4 2 3
0 0 0 0 1 1 6 0 9 6 1 0 6 -1 -1 -1 -1 -1 -1 529192 0 15 40 17 16 2 4 2 3
0 0 0 0 1 6 1 0 9 6 1 0 5 -1 -1 -1 -1 -1 -1 529825 0 15 40 17 16 2 4 2 3
0 0 0 1 1 7 1 1 9 6 1 0 5 5 5 4 4 1 1 530458 0 15 40 17 16 2 8 0 5
0 0 0 1 1 6 1 1 9 6 1 1 5 -1 -1 -1 -1 -1 -1 530991 0 15 40 18 19 2 8 0 5
0 0 0 1 1 6 1 1 9 6 1 1 5 -1 -1 -1 -1 -1 -1 531525 0 15 40 18 19 2 8 0 5
0 0 0 1 1 6 1 1 9 6 1 1 5 -1 -1 -1 -1 -1 -1 532025 0 15 40 18 19 2 8 0 5
0 0 0 1 1 7 1 1 9 6 1 1 5 5 5 4 4 1 1 532558 0 15 40 18 19 2 4 2 5
0 0 0 1 1 6 1 1 9 6 1 1 5 -1 -1 -1 -1 -1 -1 533091 0 15 40 18 19 2 4 2 5
0 0 0 1 6 1 1 1 9 6 1 1 4 -1 -1 -1 -1 -1 -1 533624 0 15 40 18 19 2 4 2 5
0 0 0 6 1 1 1 1 9 6 1 1 3 -1 -1 -1 -1 -1 -1 534157 0 15 40 18 19 2 4 2 5
0 0 0 7 1 1 1 1 9 6 1 1 3 3 5 4 4 1 1 534657 0 15 40 18 19 2 5 2 5
0 0 0 1 6 1 1 1 9 6 1 1 4 -1 -1 -1 -1 -1 -1 535157 0 15 40 19 21 2 5 2 5
0 0 0 6 1 1 1 1 9 6 1 1 3 -1 -1 -1 -1 -1 -1 535624 0 15 40 19 21 2 5 2 5
0 0 0 6 1 1 1 1 9 6 1 1 3 -1 -1 -1 -1 -1 -1 536090 0 15 40 19 21 2 5 2 5
0 0 0 7 1 1 1 1 9 6 1 1 3 3 5 4 4 1 1 536590 0 15 40 19 21 2 6 2 5
0 0 0 6 1 1 1 1 9 6 1 1 3 -1 -1 -1 -1 -1 -1 537057 0 15 40 19 21 2 6 2 5
0 0 0 6 1 1 1 1 9 6 1 1 3 -1 -1 -1 -1 -1 -1 537523 0 15 40 19 21 2 6 2 5
0 0 0 6 1 1 1 1 9 6 1 1 3 -1 -1 -1 -1 -1 -1 538023 0 15 40 19 21 2 6 2 5
0 0 0 7 1 1 1 1 9 6 1 1 3 3 5 4 4 1 1 538490 0 15 40 19 21 2 5 2 5
0 0 0 6 1 1 1 1 9 6 1 1 3 -1 -1 -1 -1 -1 -1 538956 0 15 40 20 22 2 5 2 5
0 0 0 6 1 1 1 1 9 6 1 1 3 -1 -1 -1 -1 -1 -1 539389 0 15 40 20 22 2 5 2 5
0 0 0 6 1 1 1 1 9 6 1 1 3 -1 -1 -1 -1 -1 -1 539856 0 15 40 20 22 2 5 2 5
0 0 0 7 1 1 1 1 9 6 1 1 3 3 5 4 4 1 1 540289 0 15 40 20 22 2 6 2 5
0 0 0 6 1 1 1 1 9 6 1 1 3 -1 -1 -1 -1 -1 -1 540756 0 15 40 20 22 2 6 2 5
0 0 0 1 6 1 1 1 9 6 1 1 4 -1 -1 -1 -1 -1 -1 541222 0 15 40 20 22 2 6 2 5
0 0 0 1 6 1 1 1 9 6 1 1 4 -1 -1 -1 -1 -1 -1 541656 0 15 40 20 22 2 6 2 5
0 0 0 1 1 7 1 1 9 6 1 1 5 5 5 4 4 1 1 542122 0 15 40 20 22 2 4 2 5
0 0 0 1 1 1 6 1 9 6 1 1 6 -1 -1 -1 -1 -1 -1 542555 0 15 40 21 23 2 4 2 5
0 0 0 1 1 6 1 1 9 6 1 1 5 -1 -1 -1 -1 -1 -1 542989 0 15 40 21 23 2 4 2 5
0 0 0 1 1 6 1 1 9 6 1 1 5 -1 -1 -1 -1 -1 -1 543422 0 15 40 21 23 2 4 2 5
0 0 0 1 1 7 1 1 9 6 1 1 5 5 5 4 4 1 1 543855 0 15 40 21 23 2 4 2 5
0 0 0 1 1 6 1 1 9 6 1 1 5 -1 -1 -1 -1 -1 -1 544288 0 15 40 21 23 2 4 2 5
0 0 0 1 1 1 6 1 9 6 1 1 6 -1 -1 -1 -1 -1 -1 544721 0 15 40 21 23 2 4 2 5
0 0 0 1 1 1 6 1 9 6 1 1 6 -1 -1 -1 -1 -1 -1 545155 0 15 40 21 23 2 4 2 5
0 0 0 1 1 1 7 1 9 6 1 1 6 6 5 4 4 1 1 545588 0 15 40 21 23 2 8 0 5
0 0 0 1 1 1 6 1 9 6 1 2 6 -1 -1 -1 -1 -1 -1 546021 0 15 40 22 24 2 8 0 5
0 0 0 1 1 1 1 6 9 6 1 2 7 -1 -1 -1 -1 -1 -1 546421 0 15 40 22 24 2 8 0 5
0 0 0 1 1 1 1 6 9 6 1 2 7 -1 -1 -1 -1 -1 -1 546854 0 15 40 22 24 2 8 0 5
0 0 0 1 1 1 1 7 9 6 1 2 7 7 5 4 4 1 1 547254 0 15 40 22 24 2 4 2 5
0 0 0 1 1 1 1 6 9 6 1 2 7 -1 -1 -1 -1 -1 -1 547687 0 15 40 22 24 2 4 2 5
0 0 0 4 1 1 1 6 9 6 1 2 7 -1 -1 -1 -1 -1 -1 548087 1 15 40 22 24 2 4 2 5
0 0 0 1 1 1 1 6 9 6 1 2 7 -1 -1 -1 -1 -1 -1 548521 0 15 40 22 24 2 4 2 5
0 0 0 1 1 1 1 7 9 6 1 2 7 7 5 4 4 1 1 548920 0 15 40 22 24 2 5 2 5
0 0 0 1 1 1 1 6 9 6 1 2 7 -1 -1 -1 -1 -1 -1 549320 0 15 40 23 25 2 5 2 5
0 0 0 1 1 4 1 6 9 6 1 2 7 -1 -1 -1 -1 -1 -1 549720 1 15 40 23 25 2 5 2 5
0 0 0 1 1 1 1 6 9 6 1 2 7 -1 -1 -1 -1 -1 -1 550120 0 15 40 23 25 2 5 2 5
0 0 0 1 1 1 1 7 9 6 1 2 7 7 5 4 4 1 1 550520 0 15 40 23 25 2 6 2 5
0 0 0 1 1 1 1 6 9 6 1 2 7 -1 -1 -1 -1 -1 -1 550920 0 15 40 23 25 2 6 2 5
0 0 0 1 4 1 6 1 9 6 1 2 6 -1 -1 -1 -1 -1 -1 551320 1 15 40 23 25 2 6 2 5
0 0 0 1 1 1 6 1 9 6 1 2 6 -1 -1 -1 -1 -1 -1 551720 0 15 40 23 25 2 6 2 5
0 0 0 1 1 1 7 1 9 6 1 2 6 6 5 4 4 1 1 552120 0 15 40 23 25 2 5 2 5
0 0 0 1 1 1 6 1 9 6 1 2 6 -1 -1 -1 -1 -1 -1 552520 0 15 40 24 25.5 2 5 2 5
0 0 0 4 1 1 6 1 9 6 1 2 6 -1 -1 -1 -1 -1 -1 552919 1 15 40 24 25.5 2 5 2 5
0 0 0 1 1 1 6 1 9 6 1 2 6 -1 -1 -1 -1 -1 -1 553319 0 15 40 24 25.5 2 5 2 5
0 0 0 1 1 1 7 1 9 6 1 2 6 6 5 4 4 1 1 553719 0 15 40 24 25.5 2 6 2 5
0 0 0 1 1 6 1 1 9 6 1 2 5 -1 -1 -1 -1 -1 -1 554086 0 15 40 24 25.5 2 6 2 5
0 0 0 1 6 1 4 1 9 6 1 2 4 -1 -1 -1 -1 -1 -1 554486 1 15 40 24 25.5 2 6 2 5
0 0 0 1 6 1 1 1 9 6 1 2 4 -1 -1 -1 -1 -1 -1 554886 0 15 40 24 25.5 2 6 2 5
0 0 0 1 7 1 1 1 9 6 1 2 4 4 5 4 4 1 1 555286 0 15 40 24 25.5 2 4 2 5
0 0 0 1 6 1 1 1 9 6 1 2 4 -1 -1 -1 -1 -1 -1 555652 0 15 40 25 26 2 4 2 5
0 0 0 1 1 6 1 4 9 6 1 2 5 -1 -1 -1 -1 -1 -1 556052 1 15 40 25 26 2 4 2 5
0 0 0 1 1 6 1 1 9 6 1 2 5 -1 -1 -1 -1 -1 -1 556419 0 15 40 25 26 2 4 2 5
0 0 0 1 1 7 1 1 9 6 1 2 5 5 5 4 4 1 1 556819 0 15 40 25 26 2 4 2 5
0 0 0 1 1 6 1 1 9 6 1 2 5 -1 -1 -1 -1 -1 -1 557185 0 15 40 25 26 2 4 2 5
0 0 0 1 1 6 4 1 9 6 1 2 5 -1 -1 -1 -1 -1 -1 557585 1 15 40 25 26 2 4 2 5
0 0 0 1 1 1 6 1 9 6 1 2 6 -1 -1 -1 -1 -1 -1 557952 0 15 40 25 26 2 4 2 5
0 0 0 1 1 1 1 7 9 6 1 2 7 7 5 4 4 1 1 558351 0 15 40 25 26 2 8 0 5
0 0 0 0 1 6 1 0 9 6 1 0 5 -1 -1 -1 -1 -1 -1 508497 0 15 40 15 60 2 8 0 3
0 0 0 0 1 6 1 0 9 6 1 0 5 -1 -1 -1 -1 -1 -1 508664 0 15 40 15 60 2 8 0 3
0 0 0 0 1 6 1 0 9 6 1 0 5 -1 -1 -1 -1 -1 -1 508830 0 15 40 15 60 2 4 2 3
0 0 0 0 1 6 1 0 9 6 1 0 5 -1 -1 -1 -1 -1 -1 508997 0 15 40 15 50 2 4 2 3
0 0 0 0 1 6 1 0 9 6 1 0 5 -1 -1 -1 -1 -1 -1 509297 0 15 40 15 20 2 4 2 3
0 0 0 0 1 6 1 0 9 6 1 0 5 -1 -1 -1 -1 -1 -1 510230 0 15 40 15 10 2 4 2 3
0 0 0 0 1 6 1 0 9 6 1 0 5 -1 -1 -1 -1 -1 -1 511230 0 15 40 15 10 2 5 2 3
0 0 0 0 1 1 6 0 9 6 1 0 6 -1 -1 -1 -1 -1 -1 512229 0 15 40 15 10 2 5 2 3
0 0 0 0 1 1 6 0 9 6 1 0 6 -1 -1 -1 -1 -1 -1 513229 0 15 40 15 10 2 5 2 3
0 0 0 0 1 1 6 0 9 6 1 0 6 -1 -1 -1 -1 -1 -1 514229 0 15 40 15 10 2 5 2 3
0 0 0 0 1 1 7 0 9 6 1 0 6 6 5 4 4 1 1 515229 0 15 40 15 10 2 6 2 3
0 0 0 0 1 6 1 0 9 6 1 0 5 -1 -1 -1 -1 -1 -1 516228 0 15 40 15 10 2 6 2 3
0 0 0 0 1 6 1 0 9 6 1 0 5 -1 -1 -1 -1 -1 -1 517228 0 15 40 15 10 2 6 2 3
0 0 0 0 1 6 1 0 9 6 1 0 5 -1 -1 -1 -1 -1 -1 518228 0 15 40 15 10 2 6 2 3
0 0 0 0 1 7 1 0 9 6 1 0 5 5 5 4 4 1 1 519228 0 15 40 15 10 2 5 2 3
0 0 0 0 1 6 1 0 9 6 1 0 5 -1 -1 -1 -1 -1 -1 520027 0 15 40 16 13 2 5 2 3
0 0 0 0 1 6 1 0 9 6 1 0 5 -1 -1 -1 -1 -1 -1 520827 0 15 40 16 13 2 5 2 3
0 0 0 0 1 1 6 0 9 6 1 0 6 -1 -1 -1 -1 -1 -1 521594 0 15 40 16 13 2 5 2 3
0 0 0 0 1 1 7 0 9 6 1 0 6 6 5 4 4 1 1 522360 0 15 40 16 13 2 6 2 3
0 0 0 0 1 1 6 0 9 6 1 0 6 -1 -1 -1 -1 -1 -1 523127 0 15 40 16 13 2 6 2 3
0 0 0 0 1 1 6 0 9 6 1 0 6 -1 -1 -1 -1 -1 -1 523893 0 15 40 16 13 2 6 2 3
0 0 0 0 1 1 6 0 9 6 1 0 6 -1 -1 -1 -1 -1 -1 524660 0 15 40 16 13 2 6 2 3
0 0 0 0 1 1 7 0 9 6 1 0 6 6 5 4 4 1 1 525426 0 15 40 16 13 2 4 2 3
0 0 0 0 1 1 6 0 9 6 1 0 6 -1 -1 -1 -1 -1 -1 526059 0 15 40 17 16 2 4 2 3
0 0 0 0 1 1 6 0 9 6 1 0 6 -1 -1 -1 -1 -1 -1 526693 0 15 40 17 16 2 4 2 3
0 0 0 0 1 1 6 0 9 6 1 0 6 -1 -1 -1 -1 -1 -1 527326 0 15 40 17 16 2 4 2 3
0 0 0 0 1 1 7 0 9 6 1 0 6 6 5 4 4 1 1 527959 0 15 40 17 16 2 4 2 3
0 0 0 0 1 1 6 0 9 6 1 0 6 -1 -1 -1 -1 -1 -1 528559 0 15 40 17 16 2 4 2 3
0 0 0 0 1 1 6 0 9 6 1 0 6 -1 -1 -1 -1 -1 -1 529192 0 15 40 17 16 2 4 2 3
0 0 0 0 1 6 1 0 9 6 1 0 5 -1 -1 -1 -1 -1 -1 529825 0 15 40 17 16 2 4 2 3
0 0 0 1 1 7 1 1 9 6 1 0 5 5 5 4 4 1 1 530458 0 15 40 17 16 2 8 0 5
0 0 0 1 1 6 1 1 9 6 1 1 5 -1 -1 -1 -1 -1 -1 530991 0 15 40 18 19 2 8 0 5
0 0 0 1 1 6 1 1 9 6 1 1 5 -1 -1 -1 -1 -1 -1 531525 0 15 40 18 19 2 8 0 5
0 0 0 1 1 6 1 1 9 6 1 1 5 -1 -1 -1 -1 -1 -1 532025 0 15 40 18 19 2 8 0 5
0 0 0 1 1 7 1 1 9 6 1 1 5 5 5 4 4 1 1 532558 0 15 40 18 19 2 4 2 5
0 0 0 1 1 6 1 1 9 6 1 1 5 -1 -1 -1 -1 -1 -1 533091 0 15 40 18 19 2 4 2 5
0 0 0 1 6 1 1 1 9 6 1 1 4 -1 -1 -1 -1 -1 -1 533624 0 15 40 18 19 2 4 2 5
0 0 0 6 1 1 1 1 9 6 1 1 3 -1 -1 -1 -1 -1 -1 534157 0 15 40 18 19 2 4 2 5
0 0 0 7 1 1 1 1 9 6 1 1 3 3 5 4 4 1 1 534657 0 15 40 18 19 2 5 2 5
0 0 0 1 6 1 1 1 9 6 1 1 4 -1 -1 -1 -1 -1 -1 535157 0 15 40 19 21 2 5 2 5
0 0 0 6 1 1 1 1 9 6 1 1 3 -1 -1 -1 -1 -1 -1 535624 0 15 40 19 21 2 5 2 5
0 0 0 6 1 1 1 1 9 6 1 1 3 -1 -1 -1 -1 -1 -1 536090 0 15 40 19 21 2 5 2 5
0 0 0 7 1 1 1 1 9 6 1 1 3 3 5 4 4 1 1 536590 0 15 40 19 21 2 6 2 5
0 0 0 6 1 1 1 1 9 6 1 1 3 -1 -1 -1 -1 -1 -1 537057 0 15 40 19 21 2 6 2 5
0 0 0 6 1 1 1 1 9 6 1 1 3 -1 -1 -1 -1 -1 -1 537523 0 15 40 19 21 2 6 2 5
0 0 0 6 1 1 1 1 9 6 1 1 3 -1 -1 -1 -1 -1 -1 538023 0 15 40 19 21 2 6 2 5
0 0 0 7 1 1 1 1 9 6 1 1 3 3 5 4 4 1 1 538490 0 15 40 19 21 2 5 2 5
0 0 0 6 1 1 1 1 9 6 1 1 3 -1 -1 -1 -1 -1 -1 538956 0 15 40 20 22 2 5 2 5
0 0 0 6 1 1 1 1 9 6 1 1 3 -1 -1 -1 -1 -1 -1 539389 0 15 40 20 22 2 5 2 5
0 0 0 6 1 1 1 1 9 6 1 1 3 -1 -1 -1 -1 -1 -1 539856 0 15 40 20 22 2 5 2 5
0 0 0 7 1 1 1 1 9 6 1 1 3 3 5 4 4 1 1 540289 0 15 40 20 22 2 6 2 5
0 0 0 6 1 1 1 1 9 6 1 1 3 -1 -1 -1 -1 -1 -1 540756 0 15 40 20 22 2 6 2 5
0 0 0 1 6 1 1 1 9 6 1 1 4 -1 -1 -1 -1 -1 -1 541222 0 15 40 20 22 2 6 2 5
0 0 0 1 6 1 1 1 9 6 1 1 4 -1 -1 -1 -1 -1 -1 541656 0 15 40 20 22 2 6 2 5
0 0 0 1 1 7 1 1 9 6 1 1 5 5 5 4 4 1 1 542122 0 15 40 20 22 2 4 2 5
0 0 0 1 1 1 6 1 9 6 1 1 6 -1 -1 -1 -1 -1 -1 542555 0 15 40 21 23 2 4 2 5
0 0 0 1 1 6 1 1 9 6 1 1 5 -1 -1 -1 -1 -1 -1 542989 0 15 40 21 23 2 4 2 5
0 0 0 1 1 6 1 1 9 6 1 1 5 -1 -1 -1 -1 -1 -1 543422 0 15 40 21 23 2 4 2 5
0 0 0 1 1 7 1 1 9 6 1 1 5 5 5 4 4 1 1 543855 0 15 40 21 23 2 4 2 5
0 0 0 1 1 6 1 1 9 6 1 1 5 -1 -1 -1 -1 -1 -1 544288 0 15 40 21 23 2 4 2 5
0 0 0 1 1 1 6 1 9 6 1 1 6 -1 -1 -1 -1 -1 -1 544721 0 15 40 21 23 2 4 2 5
0 0 0 1 1 1 6 1 9 6 1 1 6 -1 -1 -1 -1 -1 -1 545155 0 15 40 21 23 2 4 2 5
0 0 0 1 1 1 7 1 9 6 1 1 6 6 5 4 4 1 1 545588 0 15 40 21 23 2 8 0 5
0 0 0 1 1 1 6 1 9 6 1 2 6 -1 -1 -1 -1 -1 -1 546021 0 15 40 22 24 2 8 0 5
0 0 0 1 1 1 1 6 9 6 1 2 7 -1 -1 -1 -1 -1 -1 546421 0 15 40 22 24 2 8 0 5
0 0 0 1 1 1 1 6 9 6 1 2 7 -1 -1 -1 -1 -1 -1 546854 0 15 40 22 24 2 8 0 5
0 0 0 1 1 1 1 7 9 6 1 2 7 7 5 4 4 1 1 547254 0 15 40 22 24 2 4 2 5
0 0 0 1 1 1 1 6 9 6 1 2 7 -1 -1 -1 -1 -1 -1 547687 0 15 40 22 24 2 4 2 5
0 0 0 4 1 1 1 6 9 6 1 2 7 -1 -1 -1 -1 -1 -1 548087 1 15 40 22 24 2 4 2 5
0 0 0 1 1 1 1 6 9 6 1 2 7 -1 -1 -1 -1 -1 -1 548521 0 15 40 22 24 2 4 2 5
0 0 0 1 1 1 1 7 9 6 1 2 7 7 5 4 4 1 1 548920 0 15 40 22 24 2 5 2 5
0 0 0 1 1 1 1 6 9 6 1 2 7 -1 -1 -1 -1 -1 -1 549320 0 15 40 23 25 2 5 2 5
0 0 0 1 1 4 1 6 9 6 1 2 7 -1 -1 -1 -1 -1 -1 549720 1 15 40 23 25 2 5 2 5
0 0 0 1 1 1 1 6 9 6 1 2 7 -1 -1 -1 -1 -1 -1 550120 0 15 40 23 25 2 5 2 5
0 0 0 1 1 1 1 7 9 6 1 2 7 7 5 4 4 1 1 550520 0 15 40 23 25 2 6 2 5
0 0 0 1 1 1 1 6 9 6 1 2 7 -1 -1 -1 -1 -1 -1 550920 0 15 40 23 25 2 6 2 5
0 0 0 1 4 1 6 1 9 6 1 2 6 -1 -1 -1 -1 -1 -1 551320 1 15 40 23 25 2 6 2 5
0 0 0 1 1 1 6 1 9 6 1 2 6 -1 -1 -1 -1 -1 -1 551720 0 15 40 23 25 2 6 2 5
0 0 0 1 1 1 7 1 9 6 1 2 6 6 5 4 4 1 1 552120 0 15 40 23 25 2 5 2 5
0 0 0 1 1 1 6 1 9 6 1 2 6 -1 -1 -1 -1 -1 -1 552520 0 15 40 24 25.5 2 5 2 5
0 0 0 4 1 1 6 1 9 6 1 2 6 -1 -1 -1 -1 -1 -1 552919 1 15 40 24 25.5 2 5 2 5
0 0 0 1 1 1 6 1 9 6 1 2 6 -1 -1 -1 -1 -1 -1 553319 0 15 40 24 25.5 2 5 2 5
0 0 0 1 1 1 7 1 9 6 1 2 6 6 5 4 4 1 1 553719 0 15 40 24 25.5 2 6 2 5
0 0 0 1 1 6 1 1 9 6 1 2 5 -1 -1 -1 -1 -1 -1 554086 0 15 40 24 25.5 2 6 2 5
0 0 0 1 6 1 4 1 9 6 1 2 4 -1 -1 -1 -1 -1 -1 554486 1 15 40 24 25.5 2 6 2 5
0 0 0 1 6 1 1 1 9 6 1 2 4 -1 -1 -1 -1 -1 -1 554886 0 15 40 24 25.5 2 6 2 5
0 0 0 1 7 1 1 1 9 6 1 2 4 4 5 4 4 1 1 555286 0 15 40 24 25.5 2 4 2 5
0 0 0 1 6 1 1 1 9 6 1 2 4 -1 -1 -1 -1 -1 -1 555652 0 15 40 25 26 2 4 2 5
0 0 0 1 1 6 1 4 9 6 1 2 5 -1 -1 -1 -1 -1 -1 556052 1 15 40 25 26 2 4 2 5
0 0 0 1 1 6 1 1 9 6 1 2 5 -1 -1 -1 -1 -1 -1 556419 0 15 40 25 26 2 4 2 5
0 0 0 1 1 7 1 1 9 6 1 2 5 5 5 4 4 1 1 556819 0 15 40 25 26 2 4 2 5
0 0 0 1 1 6 1 1 9 6 1 2 5 -1 -1 -1 -1 -1 -1 557185 0 15 40 25 26 2 4 2 5
0 0 0 1 1 6 4 1 9 6 1 2 5 -1 -1 -1 -1 -1 -1 557585 1 15 40 25 26 2 4 2 5
0 0 0 1 1 1 6 1 9 6 1 2 6 -1 -1 -1 -1 -1 -1 557952 0 15 40 25 26 2 4 2 5
0 0 0 1 1 1 1 7 9 6 1 2 7 7 5 4 4 1 1 558351 0 15 40 25 26 2 8 0 5
