% Tunnel Log: 
% debug seed: 1462375645
%
% SegEncNW { '0'=no panel, '1'=panel, '4'=obstacle, '5'=collided obstacle, '6'=player, '7'=player right, '8'=player wrong, '2'=target, '3'=fake }
% SegEncN
% SegEncNE
% SegEncE
% SegEncSE
% SegEncS
% SegEncSW
% SegEncW
% Event Number { 0, inf }
% Task Type { 0=Color/Sound, 1=Shape/Sound, 2=Sound, 3=Navigation, 4=Speed, 5=Training 6=Recess, 7=Special 2-Back }
% N-Back { 0, inf }
% Navigation Level { 0, inf }
% Player Loc { 0=Northwest ... 7=West }
% Pod Loc { -1=N/A, 0=Northwest ... 7=West }
% Pod Color { -1, inf }
% Pod Shape { -1, inf }
% Pod Sound { -1, inf }
% Pod Match { -1=N/A, 0=No, 1=Yes }
% Pod Taken { -1=N/A, 0=No, 1=Yes }
% Timestamp (ms)
% Num Obstacles { 0, inf }
% Min Speed { 0, inf }
% Max Speed { 0, inf }
% Base Speed { 0, inf }
% Final Speed { 0, inf }
% Navigation Score { 0, inf }
% Segment Direction { 0=Northwest ... 7=West }
% Segment Angle { 0, inf }
% Segment Panels { 0, inf }
%
% SegEncNW SecEncN SegEncNE SegEncE SegEncSE SegEncS SegEncSW SegEncW EventNumber TaskType N-Back Navigation PlayerLoc PodLoc PodColor PodShape PodSound PodMatch PodTaken Timestamp NumObs MinSpeed MaxSpeed BaseSpeed FinalSpeed NavScore SegmentDir SegmentAngle SegmentPanels
0 0 0 0 1 6 1 0 0 3 1 0 5 -1 -1 -1 -1 -1 -1 26133 0 15 40 15 60 2 8 0 3
0 0 0 0 1 6 1 0 0 3 1 0 5 -1 -1 -1 -1 -1 -1 26233 0 15 40 15 60 2 8 0 3
0 0 0 0 1 6 1 0 0 3 1 0 5 -1 -1 -1 -1 -1 -1 26399 0 15 40 15 60 2 8 0 3
0 0 0 0 1 6 1 0 0 3 1 0 5 -1 -1 -1 -1 -1 -1 26566 0 15 40 15 60 2 5 2 3
0 0 0 0 1 6 1 0 0 3 1 0 5 -1 -1 -1 -1 -1 -1 26733 0 15 40 15 50 2 5 2 3
0 0 0 0 1 6 1 0 0 3 1 0 5 -1 -1 -1 -1 -1 -1 27033 0 15 40 15 20 2 5 2 3
0 0 0 0 1 6 1 0 0 3 1 0 5 -1 -1 -1 -1 -1 -1 27966 0 15 40 15 10 2 5 2 3
0 0 0 0 1 6 1 0 0 3 1 0 5 -1 -1 -1 -1 -1 -1 28966 0 15 40 15 10 2 5 2 3
0 0 0 0 6 1 1 0 0 3 1 0 4 -1 -1 -1 -1 -1 -1 29966 0 15 40 15 10 2 5 2 3
0 0 0 0 6 1 1 0 0 3 1 0 4 -1 -1 -1 -1 -1 -1 30966 0 15 40 15 10 2 5 2 3
0 0 0 0 6 1 1 0 0 3 1 0 4 -1 -1 -1 -1 -1 -1 31966 0 15 40 15 10 2 5 2 3
0 0 0 0 7 1 1 0 0 3 1 0 4 4 5 4 4 1 1 32966 0 15 40 15 10 2 6 2 3
0 0 0 0 1 6 1 0 0 3 1 0 5 -1 -1 -1 -1 -1 -1 33966 0 15 40 15 10 2 6 2 3
0 0 0 0 1 6 1 0 0 3 1 0 5 -1 -1 -1 -1 -1 -1 34966 0 15 40 15 10 2 6 2 3
0 0 0 0 1 6 1 0 0 3 1 0 5 -1 -1 -1 -1 -1 -1 35966 0 15 40 15 10 2 6 2 3
0 0 0 0 1 7 1 0 0 3 1 0 5 5 5 4 4 1 1 36966 0 15 40 15 10 2 5 2 3
0 0 0 0 6 1 1 0 0 3 1 0 4 -1 -1 -1 -1 -1 -1 37766 0 15 40 16 13 2 5 2 3
0 0 0 0 6 1 1 0 0 3 1 0 4 -1 -1 -1 -1 -1 -1 38566 0 15 40 16 13 2 5 2 3
0 0 0 0 6 1 1 0 0 3 1 0 4 -1 -1 -1 -1 -1 -1 39333 0 15 40 16 13 2 5 2 3
0 0 0 0 7 1 1 0 0 3 1 0 4 4 5 4 4 1 1 40099 0 15 40 16 13 2 6 2 3
0 0 0 0 6 1 1 0 0 3 1 0 4 -1 -1 -1 -1 -1 -1 40866 0 15 40 16 13 2 6 2 3
0 0 0 0 1 6 1 0 0 3 1 0 5 -1 -1 -1 -1 -1 -1 41633 0 15 40 16 13 2 6 2 3
0 0 0 0 1 6 1 0 0 3 1 0 5 -1 -1 -1 -1 -1 -1 42399 0 15 40 16 13 2 6 2 3
0 0 0 1 1 7 1 1 0 3 1 0 5 5 5 4 4 1 1 43166 0 15 40 16 13 2 6 2 5
0 0 0 1 1 6 1 1 0 3 1 1 5 -1 -1 -1 -1 -1 -1 43799 0 15 40 17 16 2 6 2 5
0 0 0 1 1 6 1 1 0 3 1 1 5 -1 -1 -1 -1 -1 -1 44433 0 15 40 17 16 2 6 2 5
0 0 0 1 1 6 1 1 0 3 1 1 5 -1 -1 -1 -1 -1 -1 45066 0 15 40 17 16 2 6 2 5
0 0 0 1 1 7 1 1 0 3 1 1 5 5 5 4 4 1 1 45699 0 15 40 17 16 2 4 2 5
0 0 0 1 6 1 1 1 0 3 1 1 4 -1 -1 -1 -1 -1 -1 46299 0 15 40 17 16 2 4 2 5
0 0 0 1 6 1 1 1 0 3 1 1 4 -1 -1 -1 -1 -1 -1 46932 0 15 40 17 16 2 4 2 5
0 0 0 1 6 1 1 1 0 3 1 1 4 -1 -1 -1 -1 -1 -1 47566 0 15 40 17 16 2 4 2 5
0 0 0 1 7 1 1 1 0 3 1 1 4 4 5 4 4 1 1 48199 0 15 40 17 16 2 8 0 5
0 0 0 1 6 1 1 1 0 3 1 1 4 -1 -1 -1 -1 -1 -1 48732 0 15 40 18 19 2 8 0 5
0 0 0 6 1 1 1 1 0 3 1 1 3 -1 -1 -1 -1 -1 -1 49266 0 15 40 18 19 2 8 0 5
0 0 0 6 1 1 1 1 0 3 1 1 3 -1 -1 -1 -1 -1 -1 49766 0 15 40 18 19 2 8 0 5
0 0 0 7 1 1 1 1 0 3 1 1 3 3 5 4 4 1 1 50299 0 15 40 18 19 2 5 2 5
0 0 0 6 1 1 1 1 0 3 1 1 3 -1 -1 -1 -1 -1 -1 50832 0 15 40 18 19 2 5 2 5
0 0 0 1 1 6 1 1 0 3 1 1 5 -1 -1 -1 -1 -1 -1 51366 0 15 40 18 19 2 5 2 5
0 0 0 1 1 6 1 1 0 3 1 1 5 -1 -1 -1 -1 -1 -1 51899 0 15 40 18 19 2 5 2 5
0 0 0 1 1 7 1 1 0 3 1 1 5 5 5 4 4 1 1 52399 0 15 40 18 19 2 5 2 5
0 0 0 1 1 6 1 1 0 3 1 1 5 -1 -1 -1 -1 -1 -1 52899 0 15 40 19 21 2 5 2 5
0 0 0 1 1 1 6 1 0 3 1 1 6 -1 -1 -1 -1 -1 -1 53366 0 15 40 19 21 2 5 2 5
0 0 0 1 1 1 1 6 0 3 1 1 7 -1 -1 -1 -1 -1 -1 53832 0 15 40 19 21 2 5 2 5
0 0 0 1 1 1 1 7 0 3 1 1 7 7 5 4 4 1 1 54332 0 15 40 19 21 2 6 2 5
0 0 0 1 1 1 1 6 0 3 1 1 7 -1 -1 -1 -1 -1 -1 54799 0 15 40 19 21 2 6 2 5
0 0 0 1 1 6 1 1 0 3 1 1 5 -1 -1 -1 -1 -1 -1 55266 0 15 40 19 21 2 6 2 5
0 0 0 1 1 6 1 1 0 3 1 1 5 -1 -1 -1 -1 -1 -1 55766 0 15 40 19 21 2 6 2 5
0 0 0 1 1 7 1 1 0 3 1 1 5 5 5 4 4 1 1 56232 0 15 40 19 21 2 5 2 5
0 0 0 1 1 6 1 1 0 3 1 2 5 -1 -1 -1 -1 -1 -1 56699 0 15 40 20 22 2 5 2 5
0 0 0 6 1 1 1 1 0 3 1 2 3 -1 -1 -1 -1 -1 -1 57132 0 15 40 20 22 2 5 2 5
0 0 0 1 6 1 1 1 0 3 1 2 4 -1 -1 -1 -1 -1 -1 57599 0 15 40 20 22 2 5 2 5
0 0 0 1 7 1 1 1 0 3 1 2 4 4 5 4 4 1 1 58032 0 15 40 20 22 2 6 2 5
0 0 0 1 6 1 1 1 0 3 1 2 4 -1 -1 -1 -1 -1 -1 58499 0 15 40 20 22 2 6 2 5
0 0 0 1 1 6 1 4 0 3 1 2 5 -1 -1 -1 -1 -1 -1 58966 1 15 40 20 22 2 6 2 5
0 0 0 1 1 6 1 1 0 3 1 2 5 -1 -1 -1 -1 -1 -1 59399 0 15 40 20 22 2 6 2 5
0 0 0 1 1 7 1 1 0 3 1 2 5 5 5 4 4 1 1 59866 0 15 40 20 22 2 6 2 5
0 0 0 1 1 6 1 1 0 3 1 2 5 -1 -1 -1 -1 -1 -1 60299 0 15 40 21 23 2 6 2 5
0 0 0 4 1 1 1 6 0 3 1 2 7 -1 -1 -1 -1 -1 -1 60732 1 15 40 21 23 2 6 2 5
0 0 0 1 1 1 1 6 0 3 1 2 7 -1 -1 -1 -1 -1 -1 61166 0 15 40 21 23 2 6 2 5
0 0 0 1 1 1 1 7 0 3 1 2 7 7 5 4 4 1 1 61599 0 15 40 21 23 2 4 2 5
0 0 0 1 1 1 1 6 0 3 1 2 7 -1 -1 -1 -1 -1 -1 62032 0 15 40 21 23 2 4 2 5
0 0 0 1 4 1 1 6 0 3 1 2 7 -1 -1 -1 -1 -1 -1 62466 1 15 40 21 23 2 4 2 5
0 0 0 1 1 1 1 6 0 3 1 2 7 -1 -1 -1 -1 -1 -1 62899 0 15 40 21 23 2 4 2 5
0 0 0 1 1 1 1 7 0 3 1 2 7 7 5 4 4 1 1 63332 0 15 40 21 23 2 8 0 5
0 0 0 1 1 1 1 6 0 3 1 2 7 -1 -1 -1 -1 -1 -1 63766 0 15 40 22 24 2 8 0 5
0 0 0 1 4 1 1 6 0 3 1 2 7 -1 -1 -1 -1 -1 -1 64166 1 15 40 22 24 2 8 0 5
0 0 0 1 1 1 1 6 0 3 1 2 7 -1 -1 -1 -1 -1 -1 64599 0 15 40 22 24 2 8 0 5
0 0 0 1 1 1 1 7 0 3 1 2 7 7 5 4 4 1 1 64999 0 15 40 22 24 2 5 2 5
0 0 0 1 1 1 1 6 0 3 1 2 7 -1 -1 -1 -1 -1 -1 65432 0 15 40 22 24 2 5 2 5
0 0 0 1 1 4 1 6 0 3 1 2 7 -1 -1 -1 -1 -1 -1 65832 1 15 40 22 24 2 5 2 5
0 0 0 1 1 6 1 1 0 3 1 2 5 -1 -1 -1 -1 -1 -1 66266 0 15 40 22 24 2 5 2 5
0 0 0 1 1 7 1 1 0 3 1 2 5 5 5 4 4 1 1 66665 0 15 40 22 24 2 5 2 5
0 0 0 1 1 6 1 1 0 3 1 2 5 -1 -1 -1 -1 -1 -1 67065 0 15 40 23 25 2 5 2 5
0 0 0 1 4 1 6 1 0 3 1 2 6 -1 -1 -1 -1 -1 -1 67465 1 15 40 23 25 2 5 2 5
0 0 0 1 1 1 1 6 0 3 1 2 7 -1 -1 -1 -1 -1 -1 67865 0 15 40 23 25 2 5 2 5
0 0 0 1 1 1 1 7 0 3 1 2 7 7 5 4 4 1 1 68265 0 15 40 23 25 2 6 2 5
0 0 0 1 1 1 1 6 0 3 1 2 7 -1 -1 -1 -1 -1 -1 68665 0 15 40 23 25 2 6 2 5
0 0 0 1 4 6 1 1 0 3 1 2 5 -1 -1 -1 -1 -1 -1 69065 1 15 40 23 25 2 6 2 5
0 0 0 1 1 6 1 1 0 3 1 2 5 -1 -1 -1 -1 -1 -1 69465 0 15 40 23 25 2 6 2 5
0 0 0 1 1 7 1 1 0 3 1 2 5 5 5 4 4 1 1 69865 0 15 40 23 25 2 5 2 5
0 0 0 1 1 6 1 1 0 3 1 2 5 -1 -1 -1 -1 -1 -1 70265 0 15 40 24 25.5 2 5 2 5
0 0 0 1 1 6 4 1 0 3 1 2 5 -1 -1 -1 -1 -1 -1 70665 1 15 40 24 25.5 2 5 2 5
0 0 0 1 1 6 1 1 0 3 1 2 5 -1 -1 -1 -1 -1 -1 71065 0 15 40 24 25.5 2 5 2 5
0 0 0 1 1 7 1 1 0 3 1 2 5 5 5 4 4 1 1 71465 0 15 40 24 25.5 2 6 2 5
0 0 0 1 6 1 1 1 0 3 1 2 4 -1 -1 -1 -1 -1 -1 71832 0 15 40 24 25.5 2 6 2 5
0 0 0 1 6 4 1 1 0 3 1 2 4 -1 -1 -1 -1 -1 -1 72232 1 15 40 24 25.5 2 6 2 5
0 0 0 1 6 1 1 1 0 3 1 2 4 -1 -1 -1 -1 -1 -1 72632 0 15 40 24 25.5 2 6 2 5
0 0 0 1 7 1 1 1 0 3 1 2 4 4 5 4 4 1 1 73032 0 15 40 24 25.5 2 6 2 5
0 0 0 1 6 1 1 1 0 3 1 2 4 -1 -1 -1 -1 -1 -1 73399 0 15 40 25 26 2 6 2 5
0 0 0 4 6 1 1 1 0 3 1 2 4 -1 -1 -1 -1 -1 -1 73799 1 15 40 25 26 2 6 2 5
0 0 0 6 1 1 1 1 0 3 1 2 3 -1 -1 -1 -1 -1 -1 74165 0 15 40 25 26 2 6 2 5
0 0 0 7 1 1 1 1 0 3 1 2 3 3 5 4 4 1 1 74565 0 15 40 25 26 2 4 2 5
0 0 0 1 6 1 1 1 0 3 1 2 4 -1 -1 -1 -1 -1 -1 74932 0 15 40 25 26 2 4 2 5
0 0 0 4 6 1 1 1 0 3 1 2 4 -1 -1 -1 -1 -1 -1 75332 1 15 40 25 26 2 4 2 5
0 0 0 1 6 1 1 1 0 3 1 2 4 -1 -1 -1 -1 -1 -1 75699 0 15 40 25 26 2 4 2 5
0 0 0 1 7 1 1 1 0 3 1 2 4 4 5 4 4 1 1 76099 0 15 40 25 26 2 8 0 5
0 0 0 1 1 6 1 1 0 3 1 2 5 -1 -1 -1 -1 -1 -1 76465 0 15 40 26 26.5 2 8 0 5
0 0 0 1 4 6 1 1 0 3 1 2 5 -1 -1 -1 -1 -1 -1 76865 1 15 40 26 26.5 2 8 0 5
0 0 0 1 6 1 1 1 0 3 1 2 4 -1 -1 -1 -1 -1 -1 77232 0 15 40 26 26.5 2 8 0 5
0 0 0 1 7 1 1 1 0 3 1 2 4 4 5 4 4 1 1 77599 0 15 40 26 26.5 2 5 2 5
0 0 0 1 1 6 1 1 0 3 1 2 5 -1 -1 -1 -1 -1 -1 77999 0 15 40 26 26.5 2 5 2 5
0 0 0 1 1 6 1 4 0 3 1 2 5 -1 -1 -1 -1 -1 -1 78365 1 15 40 26 26.5 2 5 2 5
0 0 0 1 1 6 1 1 0 3 1 2 5 -1 -1 -1 -1 -1 -1 78732 0 15 40 26 26.5 2 5 2 5
0 0 0 1 1 7 1 1 0 3 1 2 5 5 5 4 4 1 1 79099 0 15 40 26 26.5 2 5 2 5
0 0 0 1 1 6 1 1 0 3 1 2 5 -1 -1 -1 -1 -1 -1 79499 0 15 40 27 27 2 5 2 5
0 0 0 4 6 1 1 1 0 3 1 2 4 -1 -1 -1 -1 -1 -1 79865 1 15 40 27 27 2 5 2 5
0 0 0 6 1 1 1 1 0 3 1 2 3 -1 -1 -1 -1 -1 -1 80232 0 15 40 27 27 2 5 2 5
0 0 0 7 1 1 1 1 0 3 1 2 3 3 5 4 4 1 1 80599 0 15 40 27 27 2 6 2 5
0 0 0 1 6 1 1 1 0 3 1 2 4 -1 -1 -1 -1 -1 -1 80965 0 15 40 27 27 2 6 2 5
0 0 0 1 6 1 1 4 0 3 1 2 4 -1 -1 -1 -1 -1 -1 81332 1 15 40 27 27 2 6 2 5
0 0 0 1 6 1 1 1 0 3 1 2 4 -1 -1 -1 -1 -1 -1 81699 0 15 40 27 27 2 6 2 5
0 0 0 1 7 1 1 1 0 3 1 2 4 4 5 4 4 1 1 82065 0 15 40 27 27 2 5 2 5
0 0 0 1 6 1 1 1 0 3 1 2 4 -1 -1 -1 -1 -1 -1 82432 0 15 40 28 27.5 2 5 2 5
0 0 0 1 6 4 1 1 0 3 1 2 4 -1 -1 -1 -1 -1 -1 82799 1 15 40 28 27.5 2 5 2 5
0 0 0 1 1 6 1 1 0 3 1 2 5 -1 -1 -1 -1 -1 -1 83165 0 15 40 28 27.5 2 5 2 5
0 0 0 1 1 1 7 1 0 3 1 2 6 6 5 4 4 1 1 83532 0 15 40 28 27.5 2 6 2 5
0 0 0 1 1 6 1 1 0 3 1 2 5 -1 -1 -1 -1 -1 -1 83899 0 15 40 28 27.5 2 6 2 5
0 0 0 1 1 6 4 1 0 3 1 2 5 -1 -1 -1 -1 -1 -1 84265 1 15 40 28 27.5 2 6 2 5
0 0 0 1 1 1 6 1 0 3 1 2 6 -1 -1 -1 -1 -1 -1 84632 0 15 40 28 27.5 2 6 2 5
0 0 0 1 1 1 7 1 0 3 1 2 6 6 5 4 4 1 1 84999 0 15 40 28 27.5 2 6 2 5
0 0 0 1 1 6 1 1 0 3 1 2 5 -1 -1 -1 -1 -1 -1 85332 0 15 40 29 28 2 6 2 5
0 0 0 4 1 6 1 1 0 3 1 2 5 -1 -1 -1 -1 -1 -1 85699 1 15 40 29 28 2 6 2 5
0 0 0 1 6 1 1 1 0 3 1 2 4 -1 -1 -1 -1 -1 -1 86065 0 15 40 29 28 2 6 2 5
0 0 0 0 1 6 1 0 1 4 1 0 5 -1 -1 -1 -1 -1 -1 92032 0 15 40 15 60 2 8 0 3
0 0 0 0 1 6 1 0 1 4 1 0 5 -1 -1 -1 -1 -1 -1 92198 0 15 40 15 60 2 8 0 3
0 0 0 0 1 6 1 0 1 4 1 0 5 -1 -1 -1 -1 -1 -1 92365 0 15 40 15 60 2 4 2 3
0 0 0 0 1 6 1 0 1 4 1 0 5 -1 -1 -1 -1 -1 -1 92532 0 15 40 15 50 2 4 2 3
0 0 0 0 1 6 1 0 1 4 1 0 5 -1 -1 -1 -1 -1 -1 92832 0 15 40 15 20 2 4 2 3
0 0 0 0 1 6 1 0 1 4 1 0 5 -1 -1 -1 -1 -1 -1 93765 0 15 40 15 10 2 4 2 3
0 0 0 0 1 6 1 0 1 4 1 0 5 -1 -1 -1 -1 -1 -1 94765 0 15 40 15 10 2 4 2 3
0 0 0 0 1 6 1 0 1 4 1 0 5 -1 -1 -1 -1 -1 -1 95765 0 15 40 15 10 2 4 2 3
0 0 0 0 1 6 1 0 1 4 1 0 5 -1 -1 -1 -1 -1 -1 96765 0 15 40 15 10 2 4 2 3
0 0 0 0 1 6 1 0 1 4 1 0 5 -1 -1 -1 -1 -1 -1 97765 0 15 40 15 10 2 4 2 3
0 0 0 0 3 6 1 0 1 4 1 0 5 4 0 6 1 0 0 98765 0 15 40 15 10 2 5 2 3
0 0 0 0 1 6 1 0 1 4 1 0 5 -1 -1 -1 -1 -1 -1 99765 0 15 40 15 10 2 5 2 3
0 0 0 0 1 6 1 0 1 4 1 0 5 -1 -1 -1 -1 -1 -1 100765 0 15 40 15 10 2 5 2 3
0 0 0 0 1 6 1 0 1 4 1 0 5 -1 -1 -1 -1 -1 -1 101765 0 15 40 15 10 2 5 2 3
0 0 0 0 1 7 1 0 1 4 1 0 5 5 0 6 1 1 1 102765 0 15 40 15 10 2 4 2 3
0 0 0 0 1 6 1 0 1 4 1 0 5 -1 -1 -1 -1 -1 -1 103765 0 15 40 15 10 2 4 2 3
0 0 0 0 1 6 1 0 1 4 1 0 5 -1 -1 -1 -1 -1 -1 104765 0 15 40 15 10 2 4 2 3
0 0 0 0 1 6 1 0 1 4 1 0 5 -1 -1 -1 -1 -1 -1 105765 0 15 40 15 10 2 4 2 3
0 0 0 0 3 6 1 0 1 4 1 0 5 4 2 5 0 0 0 106765 0 15 40 15 10 2 6 2 3
0 0 0 0 6 1 1 0 1 4 1 0 4 -1 -1 -1 -1 -1 -1 107765 0 15 40 15 10 2 6 2 3
0 0 0 0 6 1 1 0 1 4 1 0 4 -1 -1 -1 -1 -1 -1 108765 0 15 40 15 10 2 6 2 3
0 0 0 0 6 1 1 0 1 4 1 0 4 -1 -1 -1 -1 -1 -1 109765 0 15 40 15 10 2 6 2 3
0 0 0 0 6 3 1 0 1 4 1 0 4 5 1 7 2 0 0 110765 0 15 40 15 10 2 4 2 3
0 0 0 0 1 6 1 0 1 4 1 0 5 -1 -1 -1 -1 -1 -1 111765 0 15 40 15 10 2 4 2 3
0 0 0 0 1 6 1 0 1 4 1 0 5 -1 -1 -1 -1 -1 -1 112765 0 15 40 15 10 2 4 2 3
0 0 0 0 1 6 1 0 1 4 1 0 5 -1 -1 -1 -1 -1 -1 113765 0 15 40 15 10 2 4 2 3
0 0 0 0 1 7 1 0 1 4 1 0 5 5 1 7 2 1 1 114765 0 15 40 15 10 2 4 2 3
0 0 0 0 6 1 1 0 1 4 1 0 4 -1 -1 -1 -1 -1 -1 115565 0 15 40 16 13 2 4 2 3
0 0 0 0 6 1 1 0 1 4 1 0 4 -1 -1 -1 -1 -1 -1 116331 0 15 40 16 13 2 4 2 3
0 0 0 0 6 1 1 0 1 4 1 0 4 -1 -1 -1 -1 -1 -1 117131 0 15 40 16 13 2 4 2 3
0 0 0 1 6 3 1 1 1 4 1 0 4 5 0 6 1 0 0 117898 0 15 40 16 13 2 8 0 5
0 0 0 1 1 6 1 1 1 4 1 1 5 -1 -1 -1 -1 -1 -1 118665 0 15 40 16 13 2 8 0 5
0 0 0 1 1 6 1 1 1 4 1 1 5 -1 -1 -1 -1 -1 -1 119431 0 15 40 16 13 2 8 0 5
0 0 0 1 1 6 1 1 1 4 1 1 5 -1 -1 -1 -1 -1 -1 120198 0 15 40 16 13 2 8 0 5
0 0 0 1 1 6 3 1 1 4 1 1 5 6 1 7 2 0 0 120965 0 15 40 16 13 2 4 2 5
0 0 0 1 1 6 1 1 1 4 1 1 5 -1 -1 -1 -1 -1 -1 121731 0 15 40 16 13 2 4 2 5
0 0 0 1 1 6 1 1 1 4 1 1 5 -1 -1 -1 -1 -1 -1 122498 0 15 40 16 13 2 4 2 5
0 0 0 1 1 6 1 1 1 4 1 1 5 -1 -1 -1 -1 -1 -1 123265 0 15 40 16 13 2 4 2 5
0 0 0 1 1 6 3 1 1 4 1 1 5 6 3 8 3 0 0 124031 0 15 40 16 13 2 4 2 5
0 0 0 1 1 6 1 1 1 4 1 1 5 -1 -1 -1 -1 -1 -1 124798 0 15 40 16 13 2 4 2 5
0 0 0 1 6 1 1 1 1 4 1 1 4 -1 -1 -1 -1 -1 -1 125565 0 15 40 16 13 2 4 2 5
0 0 0 1 6 1 1 1 1 4 1 1 4 -1 -1 -1 -1 -1 -1 126331 0 15 40 16 13 2 4 2 5
0 0 0 1 6 3 1 1 1 4 1 1 4 5 2 5 0 0 0 127098 0 15 40 16 13 2 5 2 5
0 0 0 1 1 6 1 1 1 4 1 1 5 -1 -1 -1 -1 -1 -1 127898 0 15 40 16 13 2 5 2 5
0 0 0 1 1 6 1 1 1 4 1 1 5 -1 -1 -1 -1 -1 -1 128665 0 15 40 16 13 2 5 2 5
0 0 0 1 1 6 1 1 1 4 1 1 5 -1 -1 -1 -1 -1 -1 129432 0 15 40 16 13 2 5 2 5
0 0 0 1 1 7 1 1 1 4 1 1 5 5 2 5 0 1 1 130198 0 15 40 16 13 2 4 2 5
0 0 0 1 1 6 1 1 1 4 1 1 5 -1 -1 -1 -1 -1 -1 130965 0 15 40 16 13 2 4 2 5
0 0 0 1 1 6 1 1 1 4 1 1 5 -1 -1 -1 -1 -1 -1 131732 0 15 40 16 13 2 4 2 5
0 0 0 1 1 6 1 1 1 4 1 1 5 -1 -1 -1 -1 -1 -1 132499 0 15 40 16 13 2 4 2 5
0 0 0 1 1 6 3 1 1 4 1 1 5 6 3 8 3 0 0 133266 0 15 40 16 13 2 6 2 5
0 0 0 1 1 6 1 1 1 4 1 1 5 -1 -1 -1 -1 -1 -1 134033 0 15 40 16 13 2 6 2 5
0 0 0 1 1 6 1 1 1 4 1 1 5 -1 -1 -1 -1 -1 -1 134799 0 15 40 16 13 2 6 2 5
0 0 0 1 1 6 1 1 1 4 1 1 5 -1 -1 -1 -1 -1 -1 135566 0 15 40 16 13 2 6 2 5
0 0 0 1 1 6 3 1 1 4 1 1 5 6 2 5 0 0 0 136333 0 15 40 16 13 2 4 2 5
0 0 0 1 1 6 1 1 1 4 1 1 5 -1 -1 -1 -1 -1 -1 137100 0 15 40 16 13 2 4 2 5
0 0 0 1 1 6 1 1 1 4 1 1 5 -1 -1 -1 -1 -1 -1 137867 0 15 40 16 13 2 4 2 5
0 0 0 1 1 6 1 1 1 4 1 1 5 -1 -1 -1 -1 -1 -1 138667 0 15 40 16 13 2 4 2 5
0 0 0 1 1 6 1 3 1 4 1 1 5 7 3 8 3 0 0 139434 0 15 40 16 13 2 4 2 5
0 0 0 1 1 6 1 1 1 4 1 1 5 -1 -1 -1 -1 -1 -1 140200 0 15 40 16 13 2 4 2 5
0 0 0 1 1 6 1 1 1 4 1 1 5 -1 -1 -1 -1 -1 -1 140967 0 15 40 16 13 2 4 2 5
0 0 0 1 1 6 1 1 1 4 1 1 5 -1 -1 -1 -1 -1 -1 141734 0 15 40 16 13 2 4 2 5
0 0 0 1 1 6 1 3 1 4 1 1 5 7 2 5 0 0 0 142501 0 15 40 16 13 2 8 0 5
0 0 0 1 1 1 6 1 1 4 1 2 6 -1 -1 -1 -1 -1 -1 143268 0 15 40 16 13 2 8 0 5
0 0 0 1 1 1 6 1 1 4 1 2 6 -1 -1 -1 -1 -1 -1 144035 0 15 40 16 13 2 8 0 5
0 0 0 1 1 1 6 1 1 4 1 2 6 -1 -1 -1 -1 -1 -1 144801 0 15 40 16 13 2 8 0 5
0 0 0 1 1 1 7 1 1 4 1 2 6 6 2 5 0 1 1 145568 0 15 40 16 13 2 4 2 5
0 0 0 1 1 1 6 1 1 4 1 2 6 -1 -1 -1 -1 -1 -1 146235 0 15 40 17 16 2 4 2 5
0 0 0 1 1 4 6 1 1 4 1 2 6 -1 -1 -1 -1 -1 -1 146835 1 15 40 17 16 2 4 2 5
0 0 0 1 1 1 1 6 1 4 1 2 7 -1 -1 -1 -1 -1 -1 147469 0 15 40 17 16 2 4 2 5
0 0 0 1 1 1 1 7 1 4 1 2 7 7 2 5 0 1 1 148102 0 15 40 17 16 2 4 2 5
0 0 0 1 1 1 1 6 1 4 1 2 7 -1 -1 -1 -1 -1 -1 148736 0 15 40 17 16 2 4 2 5
0 0 0 1 1 1 4 6 1 4 1 2 7 -1 -1 -1 -1 -1 -1 149336 1 15 40 17 16 2 4 2 5
0 0 0 1 1 1 6 1 1 4 1 2 6 -1 -1 -1 -1 -1 -1 149969 0 15 40 17 16 2 4 2 5
0 0 0 1 1 1 7 1 1 4 1 2 6 6 2 5 0 1 1 150603 0 15 40 17 16 2 5 2 5
0 0 0 1 1 6 1 1 1 4 1 2 5 -1 -1 -1 -1 -1 -1 151136 0 15 40 18 19 2 5 2 5
0 0 0 1 1 6 4 1 1 4 1 2 5 -1 -1 -1 -1 -1 -1 151670 1 15 40 18 19 2 5 2 5
0 0 0 1 1 6 1 1 1 4 1 2 5 -1 -1 -1 -1 -1 -1 152203 0 15 40 18 19 2 5 2 5
0 0 0 1 3 6 1 1 1 4 1 2 5 4 1 7 2 0 0 152703 0 15 40 18 19 2 4 2 5
0 0 0 1 1 6 1 1 1 4 1 2 5 -1 -1 -1 -1 -1 -1 153237 0 15 40 18 19 2 4 2 5
0 0 0 1 1 6 1 4 1 4 1 2 5 -1 -1 -1 -1 -1 -1 153770 1 15 40 18 19 2 4 2 5
0 0 0 1 1 6 1 1 1 4 1 2 5 -1 -1 -1 -1 -1 -1 154304 0 15 40 18 19 2 4 2 5
0 0 0 1 1 6 3 1 1 4 1 2 5 6 0 6 1 0 0 154804 0 15 40 18 19 2 6 2 5
0 0 0 1 1 6 1 1 1 4 1 2 5 -1 -1 -1 -1 -1 -1 155337 0 15 40 18 19 2 6 2 5
0 0 0 1 1 6 1 4 1 4 1 2 5 -1 -1 -1 -1 -1 -1 155871 1 15 40 18 19 2 6 2 5
0 0 0 1 1 6 1 1 1 4 1 2 5 -1 -1 -1 -1 -1 -1 156404 0 15 40 18 19 2 6 2 5
0 0 0 1 6 1 3 1 1 4 1 2 4 6 1 7 2 0 0 156937 0 15 40 18 19 2 4 2 5
0 0 0 1 6 1 1 1 1 4 1 2 4 -1 -1 -1 -1 -1 -1 157438 0 15 40 18 19 2 4 2 5
0 0 0 1 6 4 1 1 1 4 1 2 4 -1 -1 -1 -1 -1 -1 157971 1 15 40 18 19 2 4 2 5
0 0 0 1 1 6 1 1 1 4 1 2 5 -1 -1 -1 -1 -1 -1 158504 0 15 40 18 19 2 4 2 5
0 0 0 1 1 6 3 1 1 4 1 2 5 6 2 5 0 0 0 159038 0 15 40 18 19 2 4 2 5
0 0 0 1 1 6 1 1 1 4 1 2 5 -1 -1 -1 -1 -1 -1 159571 0 15 40 18 19 2 4 2 5
0 0 0 1 1 6 4 1 1 4 1 2 5 -1 -1 -1 -1 -1 -1 160071 1 15 40 18 19 2 4 2 5
0 0 0 1 1 1 6 1 1 4 1 2 6 -1 -1 -1 -1 -1 -1 160605 0 15 40 18 19 2 4 2 5
0 0 0 1 1 3 6 1 1 4 1 2 6 5 0 6 1 0 0 161138 0 15 40 18 19 2 8 0 5
0 0 0 1 1 6 1 1 1 4 1 2 5 -1 -1 -1 -1 -1 -1 161672 0 15 40 18 19 2 8 0 5
0 0 0 1 1 6 1 4 1 4 1 2 5 -1 -1 -1 -1 -1 -1 162172 1 15 40 18 19 2 8 0 5
0 0 0 1 1 6 1 1 1 4 1 2 5 -1 -1 -1 -1 -1 -1 162705 0 15 40 18 19 2 8 0 5
0 0 0 3 1 6 1 1 1 4 1 2 5 3 1 7 2 0 0 163239 0 15 40 18 19 2 4 2 5
0 0 0 1 1 6 1 1 1 4 1 2 5 -1 -1 -1 -1 -1 -1 163772 0 15 40 18 19 2 4 2 5
0 0 0 4 6 1 1 1 1 4 1 2 4 -1 -1 -1 -1 -1 -1 164306 1 15 40 18 19 2 4 2 5
0 0 0 1 6 1 1 1 1 4 1 2 4 -1 -1 -1 -1 -1 -1 164806 0 15 40 18 19 2 4 2 5
0 0 0 1 6 3 1 1 1 4 1 2 4 5 2 5 0 0 0 165339 0 15 40 18 19 2 4 2 5
0 0 0 1 6 1 1 1 1 4 1 2 4 -1 -1 -1 -1 -1 -1 165873 0 15 40 18 19 2 4 2 5
0 0 0 1 1 6 4 1 1 4 1 2 5 -1 -1 -1 -1 -1 -1 166406 1 15 40 18 19 2 4 2 5
0 0 0 1 1 6 1 1 1 4 1 2 5 -1 -1 -1 -1 -1 -1 166940 0 15 40 18 19 2 4 2 5
0 0 0 1 1 6 1 3 1 4 1 2 5 7 3 8 3 0 0 167440 0 15 40 18 19 2 5 2 5
0 0 0 1 1 6 1 1 1 4 1 2 5 -1 -1 -1 -1 -1 -1 167973 0 15 40 18 19 2 5 2 5
0 0 0 1 1 6 4 1 1 4 1 2 5 -1 -1 -1 -1 -1 -1 168507 1 15 40 18 19 2 5 2 5
0 0 0 1 1 1 6 1 1 4 1 2 6 -1 -1 -1 -1 -1 -1 169040 0 15 40 18 19 2 5 2 5
0 0 0 1 1 3 6 1 1 4 1 2 6 5 2 5 0 0 0 169540 0 15 40 18 19 2 4 2 5
0 0 0 1 1 6 1 1 1 4 1 2 5 -1 -1 -1 -1 -1 -1 170074 0 15 40 18 19 2 4 2 5
0 0 0 1 1 6 1 4 1 4 1 2 5 -1 -1 -1 -1 -1 -1 170607 1 15 40 18 19 2 4 2 5
0 0 0 1 1 1 1 6 1 4 1 2 7 -1 -1 -1 -1 -1 -1 171140 0 15 40 18 19 2 4 2 5
0 0 0 1 1 1 1 7 1 4 1 2 7 7 2 5 0 1 1 171674 0 15 40 18 19 2 6 2 5
0 0 0 1 1 1 6 1 1 4 1 2 6 -1 -1 -1 -1 -1 -1 172174 0 15 40 18 19 2 6 2 5
0 0 0 4 1 6 1 1 1 4 1 2 5 -1 -1 -1 -1 -1 -1 172707 1 15 40 18 19 2 6 2 5
0 0 0 1 1 6 1 1 1 4 1 2 5 -1 -1 -1 -1 -1 -1 173241 0 15 40 18 19 2 6 2 5
0 0 0 1 1 7 1 1 1 4 1 2 5 5 2 5 0 1 1 173774 0 15 40 18 19 2 4 2 5
0 0 0 1 1 6 1 1 1 4 1 2 5 -1 -1 -1 -1 -1 -1 174241 0 15 40 19 21 2 4 2 5
0 0 0 4 1 1 6 1 1 4 1 2 6 -1 -1 -1 -1 -1 -1 174741 1 15 40 19 21 2 4 2 5
0 0 0 1 1 1 6 1 1 4 1 2 6 -1 -1 -1 -1 -1 -1 175208 0 15 40 19 21 2 4 2 5
0 0 0 1 1 3 6 1 1 4 1 2 6 5 1 7 2 0 0 175675 0 15 40 19 21 2 4 2 5
0 0 0 1 1 6 1 1 2 0 2 2 5 -1 -1 -1 -1 -1 -1 185043 0 15 19 19 60 2 8 0 5
0 0 0 1 1 6 1 1 2 0 2 2 5 -1 -1 -1 -1 -1 -1 185210 0 15 19 19 60 2 8 0 5
0 0 0 1 1 6 1 1 2 0 2 2 5 -1 -1 -1 -1 -1 -1 185377 0 15 19 19 60 2 4 2 5
0 0 0 1 1 6 1 1 2 0 2 2 5 -1 -1 -1 -1 -1 -1 185544 0 15 19 19 52.2 2 4 2 5
0 0 0 1 1 6 1 1 2 0 2 2 5 -1 -1 -1 -1 -1 -1 185777 0 15 19 19 34 2 4 2 5
0 0 0 1 1 6 1 1 2 0 2 2 5 -1 -1 -1 -1 -1 -1 186210 0 15 19 19 21 2 4 2 5
0 0 0 1 1 6 1 1 2 0 2 2 5 -1 -1 -1 -1 -1 -1 186677 0 15 19 19 21 2 6 2 5
0 0 0 1 1 6 1 1 2 0 2 2 5 -1 -1 -1 -1 -1 -1 187177 0 15 19 19 21 2 6 2 5
0 0 0 1 1 6 1 1 2 0 2 2 5 -1 -1 -1 -1 -1 -1 187644 0 15 19 19 21 2 6 2 5
0 0 0 1 1 6 1 1 2 0 2 2 5 -1 -1 -1 -1 -1 -1 188111 0 15 19 19 21 2 6 2 5
0 0 0 1 1 6 1 3 2 0 2 2 5 7 0 4 1 0 0 188611 0 15 19 19 21 2 5 2 5
0 0 0 1 1 6 1 1 2 0 2 2 5 -1 -1 -1 -1 -1 -1 189078 0 15 19 19 21 2 5 2 5
0 0 0 1 1 6 4 1 2 0 2 2 5 -1 -1 -1 -1 -1 -1 189544 1 15 19 19 21 2 5 2 5
0 0 0 1 1 1 6 1 2 0 2 2 6 -1 -1 -1 -1 -1 -1 190011 0 15 19 19 21 2 5 2 5
0 0 0 1 1 3 6 1 2 0 2 2 6 5 2 4 0 0 0 190511 0 15 19 19 21 2 6 2 5
0 0 0 1 1 1 6 1 2 0 2 2 6 -1 -1 -1 -1 -1 -1 190978 0 15 19 19 21 2 6 2 5
0 0 0 1 1 4 6 1 2 0 2 2 6 -1 -1 -1 -1 -1 -1 191445 1 15 19 19 21 2 6 2 5
0 0 0 1 1 6 1 1 2 0 2 2 5 -1 -1 -1 -1 -1 -1 191945 0 15 19 19 21 2 6 2 5
0 0 0 1 1 6 1 3 2 0 2 2 5 7 3 4 3 0 0 192412 0 15 19 19 21 2 4 2 5
0 0 0 1 1 6 1 1 2 0 2 2 5 -1 -1 -1 -1 -1 -1 192878 0 15 19 19 21 2 4 2 5
0 0 0 1 4 6 1 1 2 0 2 2 5 -1 -1 -1 -1 -1 -1 193345 1 15 19 19 21 2 4 2 5
0 0 0 1 1 6 1 1 2 0 2 2 5 -1 -1 -1 -1 -1 -1 193845 0 15 19 19 21 2 4 2 5
0 0 0 1 1 6 3 1 2 0 2 2 5 6 1 4 2 0 0 194312 0 15 19 19 21 2 5 2 5
0 0 0 1 1 6 1 1 2 0 2 2 5 -1 -1 -1 -1 -1 -1 194779 0 15 19 19 21 2 5 2 5
0 0 0 4 1 1 6 1 2 0 2 2 6 -1 -1 -1 -1 -1 -1 195279 1 15 19 19 21 2 5 2 5
0 0 0 1 1 1 6 1 2 0 2 2 6 -1 -1 -1 -1 -1 -1 195746 0 15 19 19 21 2 5 2 5
0 0 0 1 1 1 7 1 2 0 2 2 6 6 3 4 3 1 1 196212 0 15 19 19 21 2 5 2 5
0 0 0 1 1 1 6 1 2 0 2 2 6 -1 -1 -1 -1 -1 -1 196679 0 15 19 19 21 2 5 2 5
0 0 0 4 1 1 6 1 2 0 2 2 6 -1 -1 -1 -1 -1 -1 197179 1 15 19 19 21 2 5 2 5
0 0 0 1 1 1 6 1 2 0 2 2 6 -1 -1 -1 -1 -1 -1 197646 0 15 19 19 21 2 5 2 5
0 0 0 1 1 1 7 1 2 0 2 2 6 6 1 4 2 1 1 198113 0 15 19 19 21 2 8 0 5
0 0 0 1 1 1 6 1 2 0 2 2 6 -1 -1 -1 -1 -1 -1 198613 0 15 19 19 21 2 8 0 5
0 0 0 1 1 4 6 1 2 0 2 2 6 -1 -1 -1 -1 -1 -1 199080 1 15 19 19 21 2 8 0 5
0 0 0 1 1 6 1 1 2 0 2 2 5 -1 -1 -1 -1 -1 -1 199547 0 15 19 19 21 2 8 0 5
0 0 0 1 1 6 1 3 2 0 2 2 5 7 2 4 0 0 0 200013 0 15 19 19 21 2 4 2 5
0 0 0 1 1 1 6 1 2 0 2 2 6 -1 -1 -1 -1 -1 -1 200513 0 15 19 19 21 2 4 2 5
0 0 0 1 1 4 6 1 2 0 2 2 6 -1 -1 -1 -1 -1 -1 200980 1 15 19 19 21 2 4 2 5
0 0 0 1 1 1 6 1 2 0 2 2 6 -1 -1 -1 -1 -1 -1 201447 0 15 19 19 21 2 4 2 5
0 0 0 1 1 3 6 1 2 0 2 2 6 5 0 4 1 0 0 201947 0 15 19 19 21 2 6 2 5
0 0 0 1 1 1 6 1 2 0 2 2 6 -1 -1 -1 -1 -1 -1 202414 0 15 19 19 21 2 6 2 5
0 0 0 4 1 6 1 1 2 0 2 2 5 -1 -1 -1 -1 -1 -1 202881 1 15 19 19 21 2 6 2 5
0 0 0 1 1 6 1 1 2 0 2 2 5 -1 -1 -1 -1 -1 -1 203347 0 15 19 19 21 2 6 2 5
0 0 0 1 1 6 3 1 2 0 2 2 5 6 3 4 3 0 0 203847 0 15 19 19 21 2 5 2 5
0 0 0 1 1 6 1 1 2 0 2 2 5 -1 -1 -1 -1 -1 -1 204314 0 15 19 19 21 2 5 2 5
0 0 0 1 1 6 4 1 2 0 2 2 5 -1 -1 -1 -1 -1 -1 204781 1 15 19 19 21 2 5 2 5
0 0 0 1 1 1 6 1 2 0 2 2 6 -1 -1 -1 -1 -1 -1 205281 0 15 19 19 21 2 5 2 5
0 0 0 1 1 1 7 1 2 0 2 2 6 6 0 4 1 1 1 205748 0 15 19 19 21 2 6 2 5
0 0 0 1 1 6 1 1 2 0 2 2 5 -1 -1 -1 -1 -1 -1 206215 0 15 19 19 21 2 6 2 5
0 0 0 1 1 6 4 1 2 0 2 2 5 -1 -1 -1 -1 -1 -1 206681 1 15 19 19 21 2 6 2 5
0 0 0 1 1 6 1 1 2 0 2 2 5 -1 -1 -1 -1 -1 -1 207181 0 15 19 19 21 2 6 2 5
0 0 0 1 1 6 3 1 2 0 2 2 5 6 2 4 0 0 0 207648 0 15 19 19 21 2 4 2 5
0 0 0 1 1 6 1 1 2 0 2 2 5 -1 -1 -1 -1 -1 -1 208115 0 15 19 19 21 2 4 2 5
0 0 0 1 1 6 1 4 2 0 2 2 5 -1 -1 -1 -1 -1 -1 208615 1 15 19 19 21 2 4 2 5
0 0 0 1 1 6 1 1 2 0 2 2 5 -1 -1 -1 -1 -1 -1 209082 0 15 19 19 21 2 4 2 5
0 0 0 1 3 6 1 1 2 0 2 2 5 4 1 4 2 0 0 209549 0 15 19 19 21 2 5 2 5
0 0 0 1 1 6 1 1 2 0 2 2 5 -1 -1 -1 -1 -1 -1 210015 0 15 19 19 21 2 5 2 5
0 0 0 1 1 6 1 4 2 0 2 2 5 -1 -1 -1 -1 -1 -1 210516 1 15 19 19 21 2 5 2 5
0 0 0 1 1 6 1 1 2 0 2 2 5 -1 -1 -1 -1 -1 -1 210982 0 15 19 19 21 2 5 2 5
0 0 0 1 1 6 3 1 2 0 2 2 5 6 0 4 1 0 0 211449 0 15 19 19 21 2 5 2 5
0 0 0 1 1 6 1 1 2 0 2 2 5 -1 -1 -1 -1 -1 -1 211916 0 15 19 19 21 2 5 2 5
0 0 0 1 1 1 6 4 2 0 2 2 6 -1 -1 -1 -1 -1 -1 212416 1 15 19 19 21 2 5 2 5
0 0 0 1 1 1 6 1 2 0 2 2 6 -1 -1 -1 -1 -1 -1 212883 0 15 19 19 21 2 5 2 5
0 0 0 1 1 1 7 1 2 0 2 2 6 6 1 4 2 1 1 213349 0 15 19 19 21 2 8 0 5
0 0 0 1 1 1 6 1 2 0 2 2 6 -1 -1 -1 -1 -1 -1 213850 0 15 19 19 21 2 8 0 5
0 0 0 4 1 1 6 1 2 0 2 2 6 -1 -1 -1 -1 -1 -1 214316 1 15 19 19 21 2 8 0 5
0 0 0 1 1 6 1 1 2 0 2 2 5 -1 -1 -1 -1 -1 -1 214783 0 15 19 19 21 2 8 0 5
0 0 0 1 1 6 1 3 2 0 2 2 5 7 3 4 3 0 0 215250 0 15 19 19 21 2 4 2 5
0 0 0 1 1 6 1 1 2 0 2 2 5 -1 -1 -1 -1 -1 -1 215750 0 15 19 19 21 2 4 2 5
0 0 0 1 1 6 4 1 2 0 2 2 5 -1 -1 -1 -1 -1 -1 216217 1 15 19 19 21 2 4 2 5
0 0 0 1 1 1 1 6 2 0 2 2 7 -1 -1 -1 -1 -1 -1 216683 0 15 19 19 21 2 4 2 5
0 0 0 1 1 1 1 7 2 0 2 2 7 7 1 4 2 1 1 217184 0 15 19 19 21 2 6 2 5
0 0 0 0 1 6 1 0 3 1 2 0 5 -1 -1 -1 -1 -1 -1 222551 0 15 19 19 60 2 8 0 3
0 0 0 0 1 6 1 0 3 1 2 0 5 -1 -1 -1 -1 -1 -1 222718 0 15 19 19 60 2 8 0 3
0 0 0 0 1 6 1 0 3 1 2 0 5 -1 -1 -1 -1 -1 -1 222885 0 15 19 19 60 2 6 2 3
0 0 0 0 1 6 1 0 3 1 2 0 5 -1 -1 -1 -1 -1 -1 223052 0 15 19 19 52.2 2 6 2 3
0 0 0 0 1 6 1 0 3 1 2 0 5 -1 -1 -1 -1 -1 -1 223285 0 15 19 19 34 2 6 2 3
0 0 0 0 1 6 1 0 3 1 2 0 5 -1 -1 -1 -1 -1 -1 223718 0 15 19 19 21 2 6 2 3
0 0 0 0 1 6 1 0 3 1 2 0 5 -1 -1 -1 -1 -1 -1 224185 0 15 19 19 21 2 5 2 3
0 0 0 0 1 6 1 0 3 1 2 0 5 -1 -1 -1 -1 -1 -1 224685 0 15 19 19 21 2 5 2 3
0 0 0 0 1 6 1 0 3 1 2 0 5 -1 -1 -1 -1 -1 -1 225152 0 15 19 19 21 2 5 2 3
0 0 0 0 1 1 6 0 3 1 2 0 6 -1 -1 -1 -1 -1 -1 225619 0 15 19 19 21 2 5 2 3
0 0 0 0 1 3 6 0 3 1 2 0 6 5 4 5 0 0 0 226119 0 15 19 19 21 2 6 2 3
0 0 0 0 1 6 1 0 3 1 2 0 5 -1 -1 -1 -1 -1 -1 226586 0 15 19 19 21 2 6 2 3
0 0 0 0 1 6 1 0 3 1 2 0 5 -1 -1 -1 -1 -1 -1 227052 0 15 19 19 21 2 6 2 3
0 0 0 0 1 6 1 0 3 1 2 0 5 -1 -1 -1 -1 -1 -1 227519 0 15 19 19 21 2 6 2 3
0 0 0 0 1 6 3 0 3 1 2 0 5 6 4 6 1 0 0 228019 0 15 19 19 21 2 4 2 3
0 0 0 0 1 6 1 0 3 1 2 0 5 -1 -1 -1 -1 -1 -1 228486 0 15 19 19 21 2 4 2 3
0 0 0 0 1 6 1 0 3 1 2 0 5 -1 -1 -1 -1 -1 -1 228953 0 15 19 19 21 2 4 2 3
0 0 0 0 1 6 1 0 3 1 2 0 5 -1 -1 -1 -1 -1 -1 229453 0 15 19 19 21 2 4 2 3
0 0 0 0 1 6 3 0 3 1 2 0 5 6 4 8 3 0 0 229920 0 15 19 19 21 2 5 2 3
0 0 0 0 1 6 1 0 3 1 2 0 5 -1 -1 -1 -1 -1 -1 230386 0 15 19 19 21 2 5 2 3
0 0 0 0 1 6 1 0 3 1 2 0 5 -1 -1 -1 -1 -1 -1 230853 0 15 19 19 21 2 5 2 3
0 0 0 0 1 6 1 0 3 1 2 0 5 -1 -1 -1 -1 -1 -1 231353 0 15 19 19 21 2 5 2 3
0 0 0 0 1 7 1 0 3 1 2 0 5 5 4 6 1 1 1 231820 0 15 19 19 21 2 5 2 3
0 0 0 0 1 6 1 0 3 1 2 0 5 -1 -1 -1 -1 -1 -1 232287 0 15 19 19 21 2 5 2 3
0 0 0 0 1 6 1 0 3 1 2 0 5 -1 -1 -1 -1 -1 -1 232787 0 15 19 19 21 2 5 2 3
0 0 0 0 6 1 1 0 3 1 2 0 4 -1 -1 -1 -1 -1 -1 233254 0 15 19 19 21 2 5 2 3
0 0 0 0 7 1 1 0 3 1 2 0 4 4 4 8 3 1 1 233720 0 15 19 19 21 2 5 2 3
0 0 0 0 6 1 1 0 3 1 2 0 4 -1 -1 -1 -1 -1 -1 234187 0 15 19 19 21 2 5 2 3
0 0 0 0 1 6 1 0 3 1 2 0 5 -1 -1 -1 -1 -1 -1 234687 0 15 19 19 21 2 5 2 3
0 0 0 0 1 6 1 0 3 1 2 0 5 -1 -1 -1 -1 -1 -1 235154 0 15 19 19 21 2 5 2 3
0 0 0 0 1 6 3 0 3 1 2 0 5 6 4 7 2 0 0 235621 0 15 19 19 21 2 8 0 3
0 0 0 0 1 6 1 0 3 1 2 0 5 -1 -1 -1 -1 -1 -1 236121 0 15 19 19 21 2 8 0 3
0 0 0 0 1 6 1 0 3 1 2 0 5 -1 -1 -1 -1 -1 -1 236588 0 15 19 19 21 2 8 0 3
0 0 0 0 1 6 1 0 3 1 2 0 5 -1 -1 -1 -1 -1 -1 237055 0 15 19 19 21 2 8 0 3
0 0 0 0 1 6 3 0 3 1 2 0 5 6 4 5 0 0 0 237521 0 15 19 19 21 2 6 2 3
0 0 0 0 1 6 1 0 3 1 2 0 5 -1 -1 -1 -1 -1 -1 238021 0 15 19 19 21 2 6 2 3
0 0 0 0 1 1 6 0 3 1 2 0 6 -1 -1 -1 -1 -1 -1 238488 0 15 19 19 21 2 6 2 3
0 0 0 0 1 1 6 0 3 1 2 0 6 -1 -1 -1 -1 -1 -1 238955 0 15 19 19 21 2 6 2 3
0 0 0 0 1 1 7 0 3 1 2 0 6 6 4 7 2 1 1 239455 0 15 19 19 21 2 5 2 3
0 0 0 0 1 1 6 0 3 1 2 0 6 -1 -1 -1 -1 -1 -1 239922 0 15 19 19 21 2 5 2 3
0 0 0 0 1 6 1 0 3 1 2 0 5 -1 -1 -1 -1 -1 -1 240389 0 15 19 19 21 2 5 2 3
0 0 0 0 1 6 1 0 3 1 2 0 5 -1 -1 -1 -1 -1 -1 240855 0 15 19 19 21 2 5 2 3
0 0 0 0 3 6 1 0 3 1 2 0 5 4 4 8 3 0 0 241355 0 15 19 19 21 2 6 2 3
0 0 0 0 1 6 1 0 3 1 2 0 5 -1 -1 -1 -1 -1 -1 241822 0 15 19 19 21 2 6 2 3
0 0 0 0 1 6 1 0 3 1 2 0 5 -1 -1 -1 -1 -1 -1 242289 0 15 19 19 21 2 6 2 3
0 0 0 0 1 6 1 0 3 1 2 0 5 -1 -1 -1 -1 -1 -1 242789 0 15 19 19 21 2 6 2 3
0 0 0 0 3 6 1 0 3 1 2 0 5 4 4 6 1 0 0 243256 0 15 19 19 21 2 4 2 3
0 0 0 0 1 6 1 0 3 1 2 0 5 -1 -1 -1 -1 -1 -1 243723 0 15 19 19 21 2 4 2 3
0 0 0 0 1 6 1 0 3 1 2 0 5 -1 -1 -1 -1 -1 -1 244189 0 15 19 19 21 2 4 2 3
0 0 0 0 1 6 1 0 3 1 2 0 5 -1 -1 -1 -1 -1 -1 244689 0 15 19 19 21 2 4 2 3
0 0 0 0 1 6 3 0 3 1 2 0 5 6 4 5 0 0 0 245156 0 15 19 19 21 2 5 2 3
0 0 0 0 1 6 1 0 3 1 2 0 5 -1 -1 -1 -1 -1 -1 245623 0 15 19 19 21 2 5 2 3
0 0 0 0 1 6 1 0 3 1 2 0 5 -1 -1 -1 -1 -1 -1 246123 0 15 19 19 21 2 5 2 3
0 0 0 0 1 6 1 0 3 1 2 0 5 -1 -1 -1 -1 -1 -1 246590 0 15 19 19 21 2 5 2 3
0 0 0 0 3 6 1 0 3 1 2 0 5 4 4 7 2 0 0 247057 0 15 19 19 21 2 5 2 3
0 0 0 0 1 6 1 0 3 1 2 0 5 -1 -1 -1 -1 -1 -1 247523 0 15 19 19 21 2 5 2 3
0 0 0 0 1 6 1 0 3 1 2 0 5 -1 -1 -1 -1 -1 -1 248024 0 15 19 19 21 2 5 2 3
0 0 0 0 1 1 6 0 3 1 2 0 6 -1 -1 -1 -1 -1 -1 248490 0 15 19 19 21 2 5 2 3
0 0 0 0 1 3 6 0 3 1 2 0 6 5 4 8 3 0 0 248957 0 15 19 19 21 2 5 2 3
0 0 0 0 1 1 6 0 3 1 2 0 6 -1 -1 -1 -1 -1 -1 249424 0 15 19 19 21 2 5 2 3
0 0 0 0 1 6 1 0 3 1 2 0 5 -1 -1 -1 -1 -1 -1 249924 0 15 19 19 21 2 5 2 3
0 0 0 0 1 6 1 0 3 1 2 0 5 -1 -1 -1 -1 -1 -1 250391 0 15 19 19 21 2 5 2 3
0 0 0 0 1 6 3 0 3 1 2 0 5 6 4 6 1 0 0 250857 0 15 19 19 21 2 8 0 3
0 0 0 0 1 6 1 0 3 1 2 0 5 -1 -1 -1 -1 -1 -1 251358 0 15 19 19 21 2 8 0 3
0 0 0 0 1 6 1 0 3 1 2 0 5 -1 -1 -1 -1 -1 -1 251824 0 15 19 19 21 2 8 0 3
0 0 0 0 1 6 1 0 3 1 2 0 5 -1 -1 -1 -1 -1 -1 252291 0 15 19 19 21 2 8 0 3
0 0 0 0 1 7 1 0 3 1 2 0 5 5 4 8 3 1 1 252758 0 15 19 19 21 2 6 2 3
0 0 0 0 1 6 1 0 3 1 2 0 5 -1 -1 -1 -1 -1 -1 253258 0 15 19 19 21 2 6 2 3
0 0 0 0 1 6 1 0 3 1 2 0 5 -1 -1 -1 -1 -1 -1 253725 0 15 19 19 21 2 6 2 3
0 0 0 0 1 6 1 0 3 1 2 0 5 -1 -1 -1 -1 -1 -1 254192 0 15 19 19 21 2 6 2 3
0 0 0 0 1 6 3 0 3 1 2 0 5 6 4 5 0 0 0 254692 0 15 19 19 21 2 5 2 3
0 0 0 0 1 6 1 0 3 1 2 0 5 -1 -1 -1 -1 -1 -1 255158 0 15 19 19 21 2 5 2 3
0 0 0 0 1 6 1 0 3 1 2 0 5 -1 -1 -1 -1 -1 -1 255625 0 15 19 19 21 2 5 2 3
0 0 0 0 1 6 1 0 3 1 2 0 5 -1 -1 -1 -1 -1 -1 256092 0 15 19 19 21 2 5 2 3
0 0 0 0 1 7 1 0 3 1 2 0 5 5 4 8 3 1 1 256592 0 15 19 19 21 2 6 2 3
0 0 0 1 1 6 1 1 4 2 2 1 5 -1 -1 -1 -1 -1 -1 262857 0 15 19 19 60 2 8 0 5
0 0 0 1 1 6 1 1 4 2 2 1 5 -1 -1 -1 -1 -1 -1 263024 0 15 19 19 60 2 8 0 5
0 0 0 1 1 6 1 1 4 2 2 1 5 -1 -1 -1 -1 -1 -1 263190 0 15 19 19 60 2 4 2 5
0 0 0 1 1 6 1 1 4 2 2 1 5 -1 -1 -1 -1 -1 -1 263357 0 15 19 19 52.2 2 4 2 5
0 0 0 1 1 6 1 1 4 2 2 1 5 -1 -1 -1 -1 -1 -1 263590 0 15 19 19 34 2 4 2 5
0 0 0 1 1 6 1 1 4 2 2 1 5 -1 -1 -1 -1 -1 -1 264023 0 15 19 19 21 2 4 2 5
0 0 0 1 1 6 1 1 4 2 2 1 5 -1 -1 -1 -1 -1 -1 264490 0 15 19 19 21 2 6 2 5
0 0 0 1 1 6 1 1 4 2 2 1 5 -1 -1 -1 -1 -1 -1 264990 0 15 19 19 21 2 6 2 5
0 0 0 1 1 6 1 1 4 2 2 1 5 -1 -1 -1 -1 -1 -1 265456 0 15 19 19 21 2 6 2 5
0 0 0 1 1 6 1 1 4 2 2 1 5 -1 -1 -1 -1 -1 -1 265923 0 15 19 19 21 2 6 2 5
0 0 0 1 1 6 1 3 4 2 2 1 5 7 5 4 1 0 0 266423 0 15 19 19 21 2 4 2 5
0 0 0 1 1 6 1 1 4 2 2 1 5 -1 -1 -1 -1 -1 -1 266889 0 15 19 19 21 2 4 2 5
0 0 0 1 1 1 6 1 4 2 2 1 6 -1 -1 -1 -1 -1 -1 267356 0 15 19 19 21 2 4 2 5
0 0 0 1 1 1 6 1 4 2 2 1 6 -1 -1 -1 -1 -1 -1 267822 0 15 19 19 21 2 4 2 5
0 0 0 1 1 3 6 1 4 2 2 1 6 5 5 4 2 0 0 268322 0 15 19 19 21 2 6 2 5
0 0 0 1 1 6 1 1 4 2 2 1 5 -1 -1 -1 -1 -1 -1 268789 0 15 19 19 21 2 6 2 5
0 0 0 1 6 1 1 1 4 2 2 1 4 -1 -1 -1 -1 -1 -1 269255 0 15 19 19 21 2 6 2 5
0 0 0 1 6 1 1 1 4 2 2 1 4 -1 -1 -1 -1 -1 -1 269755 0 15 19 19 21 2 6 2 5
0 0 0 1 7 1 1 1 4 2 2 1 4 4 5 4 1 1 1 270222 0 15 19 19 21 2 6 2 5
0 0 0 1 6 1 1 1 4 2 2 1 4 -1 -1 -1 -1 -1 -1 270688 0 15 19 19 21 2 6 2 5
0 0 0 1 1 6 1 1 4 2 2 1 5 -1 -1 -1 -1 -1 -1 271155 0 15 19 19 21 2 6 2 5
0 0 0 1 1 1 6 1 4 2 2 1 6 -1 -1 -1 -1 -1 -1 271655 0 15 19 19 21 2 6 2 5
0 0 0 1 1 1 7 1 4 2 2 1 6 6 5 4 2 1 1 272121 0 15 19 19 21 2 5 2 5
0 0 0 1 1 1 6 1 4 2 2 1 6 -1 -1 -1 -1 -1 -1 272588 0 15 19 19 21 2 5 2 5
0 0 0 1 1 6 1 1 4 2 2 1 5 -1 -1 -1 -1 -1 -1 273088 0 15 19 19 21 2 5 2 5
0 0 0 1 1 6 1 1 4 2 2 1 5 -1 -1 -1 -1 -1 -1 273554 0 15 19 19 21 2 5 2 5
0 0 0 1 1 6 3 1 4 2 2 1 5 6 5 4 3 0 0 274021 0 15 19 19 21 2 6 2 5
0 0 0 1 1 6 1 1 4 2 2 1 5 -1 -1 -1 -1 -1 -1 274487 0 15 19 19 21 2 6 2 5
0 0 0 1 1 6 1 1 4 2 2 1 5 -1 -1 -1 -1 -1 -1 274987 0 15 19 19 21 2 6 2 5
0 0 0 1 1 6 1 1 4 2 2 1 5 -1 -1 -1 -1 -1 -1 275454 0 15 19 19 21 2 6 2 5
0 0 0 1 3 6 1 1 4 2 2 1 5 4 5 4 0 0 0 275920 0 15 19 19 21 2 8 0 5
0 0 0 1 1 6 1 1 4 2 2 1 5 -1 -1 -1 -1 -1 -1 276420 0 15 19 19 21 2 8 0 5
0 0 0 1 1 6 1 1 4 2 2 1 5 -1 -1 -1 -1 -1 -1 276887 0 15 19 19 21 2 8 0 5
0 0 0 1 1 6 1 1 4 2 2 1 5 -1 -1 -1 -1 -1 -1 277353 0 15 19 19 21 2 8 0 5
0 0 0 3 1 6 1 1 4 2 2 1 5 3 5 4 1 0 0 277820 0 15 19 19 21 2 4 2 5
0 0 0 1 1 6 1 1 4 2 2 1 5 -1 -1 -1 -1 -1 -1 278320 0 15 19 19 21 2 4 2 5
0 0 0 1 6 1 1 1 4 2 2 1 4 -1 -1 -1 -1 -1 -1 278786 0 15 19 19 21 2 4 2 5
0 0 0 1 6 1 1 1 4 2 2 1 4 -1 -1 -1 -1 -1 -1 279253 0 15 19 19 21 2 4 2 5
0 0 0 1 7 1 1 1 4 2 2 1 4 4 5 4 0 1 1 279753 0 15 19 19 21 2 6 2 5
0 0 0 1 6 1 1 1 4 2 2 1 4 -1 -1 -1 -1 -1 -1 280219 0 15 19 19 21 2 6 2 5
0 0 0 1 1 6 1 1 4 2 2 1 5 -1 -1 -1 -1 -1 -1 280686 0 15 19 19 21 2 6 2 5
0 0 0 1 1 6 1 1 4 2 2 1 5 -1 -1 -1 -1 -1 -1 281152 0 15 19 19 21 2 6 2 5
0 0 0 1 1 6 3 1 4 2 2 1 5 6 5 4 2 0 0 281652 0 15 19 19 21 2 4 2 5
0 0 0 1 1 6 1 1 4 2 2 1 5 -1 -1 -1 -1 -1 -1 282119 0 15 19 19 21 2 4 2 5
0 0 0 1 1 1 6 1 4 2 2 1 6 -1 -1 -1 -1 -1 -1 282585 0 15 19 19 21 2 4 2 5
0 0 0 1 1 1 6 1 4 2 2 1 6 -1 -1 -1 -1 -1 -1 283085 0 15 19 19 21 2 4 2 5
0 0 0 1 1 3 6 1 4 2 2 1 6 5 5 4 1 0 0 283552 0 15 19 19 21 2 6 2 5
0 0 0 1 1 1 6 1 4 2 2 1 6 -1 -1 -1 -1 -1 -1 284018 0 15 19 19 21 2 6 2 5
0 0 0 1 1 1 6 1 4 2 2 1 6 -1 -1 -1 -1 -1 -1 284485 0 15 19 19 21 2 6 2 5
0 0 0 1 1 1 6 1 4 2 2 1 6 -1 -1 -1 -1 -1 -1 284985 0 15 19 19 21 2 6 2 5
0 0 0 1 1 3 6 1 4 2 2 1 6 5 5 4 3 0 0 285451 0 15 19 19 21 2 6 2 5
0 0 0 1 1 1 6 1 4 2 2 1 6 -1 -1 -1 -1 -1 -1 285918 0 15 19 19 21 2 6 2 5
0 0 0 1 1 1 6 1 4 2 2 1 6 -1 -1 -1 -1 -1 -1 286384 0 15 19 19 21 2 6 2 5
0 0 0 1 1 1 6 1 4 2 2 1 6 -1 -1 -1 -1 -1 -1 286884 0 15 19 19 21 2 6 2 5
0 0 0 1 1 1 6 3 4 2 2 1 6 7 5 4 0 0 0 287351 0 15 19 19 21 2 5 2 5
0 0 0 1 1 1 6 1 4 2 2 1 6 -1 -1 -1 -1 -1 -1 287817 0 15 19 19 21 2 5 2 5
0 0 0 1 1 6 1 1 4 2 2 1 5 -1 -1 -1 -1 -1 -1 288317 0 15 19 19 21 2 5 2 5
0 0 0 1 1 6 1 1 4 2 2 1 5 -1 -1 -1 -1 -1 -1 288784 0 15 19 19 21 2 5 2 5
0 0 0 1 1 7 1 1 4 2 2 1 5 5 5 4 3 1 1 289250 0 15 19 19 21 2 6 2 5
0 0 0 1 1 6 1 1 4 2 2 1 5 -1 -1 -1 -1 -1 -1 289717 0 15 19 19 21 2 6 2 5
0 0 0 1 1 1 6 1 4 2 2 1 6 -1 -1 -1 -1 -1 -1 290217 0 15 19 19 21 2 6 2 5
0 0 0 1 1 1 1 6 4 2 2 1 7 -1 -1 -1 -1 -1 -1 290683 0 15 19 19 21 2 6 2 5
0 0 0 1 1 1 1 7 4 2 2 1 7 7 5 4 0 1 1 291150 0 15 19 19 21 2 8 0 5
0 0 0 1 1 1 6 1 4 2 2 1 6 -1 -1 -1 -1 -1 -1 291650 0 15 19 19 21 2 8 0 5
0 0 0 1 1 1 6 1 4 2 2 1 6 -1 -1 -1 -1 -1 -1 292116 0 15 19 19 21 2 8 0 5
0 0 0 1 1 1 6 1 4 2 2 1 6 -1 -1 -1 -1 -1 -1 292583 0 15 19 19 21 2 8 0 5
0 0 0 1 1 3 6 1 4 2 2 1 6 5 5 4 1 0 0 293050 0 15 19 19 21 2 4 2 5
0 0 0 1 1 1 6 1 4 2 2 1 6 -1 -1 -1 -1 -1 -1 293549 0 15 19 19 21 2 4 2 5
0 0 0 1 1 6 1 1 4 2 2 1 5 -1 -1 -1 -1 -1 -1 294016 0 15 19 19 21 2 4 2 5
0 0 0 1 1 6 1 1 4 2 2 1 5 -1 -1 -1 -1 -1 -1 294483 0 15 19 19 21 2 4 2 5
0 0 0 1 1 6 3 1 4 2 2 1 5 6 5 4 2 0 0 294982 0 15 19 19 21 2 6 2 5
0 0 0 1 1 6 1 1 4 2 2 1 5 -1 -1 -1 -1 -1 -1 295449 0 15 19 19 21 2 6 2 5
0 0 0 1 1 6 1 1 4 2 2 1 5 -1 -1 -1 -1 -1 -1 295916 0 15 19 19 21 2 6 2 5
0 0 0 1 1 6 1 1 4 2 2 1 5 -1 -1 -1 -1 -1 -1 296382 0 15 19 19 21 2 6 2 5
0 0 0 1 1 6 3 1 4 2 2 1 5 6 5 4 3 0 0 296882 0 15 19 19 21 2 4 2 5
0 0 0 1 1 6 1 1 4 2 2 1 5 -1 -1 -1 -1 -1 -1 297348 0 15 19 19 21 2 4 2 5
0 0 0 1 1 6 1 1 4 2 2 1 5 -1 -1 -1 -1 -1 -1 297815 0 15 19 19 21 2 4 2 5
0 0 0 1 1 6 1 1 4 2 2 1 5 -1 -1 -1 -1 -1 -1 298315 0 15 19 19 21 2 4 2 5
0 0 0 1 3 6 1 1 4 2 2 1 5 4 5 4 1 0 0 298781 0 15 19 19 21 2 6 2 5
0 0 0 1 1 6 1 1 4 2 2 1 5 -1 -1 -1 -1 -1 -1 299248 0 15 19 19 21 2 6 2 5
0 0 0 1 1 6 1 1 4 2 2 1 5 -1 -1 -1 -1 -1 -1 299715 0 15 19 19 21 2 6 2 5
0 0 0 1 6 1 1 1 4 2 2 1 4 -1 -1 -1 -1 -1 -1 300214 0 15 19 19 21 2 6 2 5
0 0 0 1 6 3 1 1 4 2 2 1 4 5 5 4 2 0 0 300681 0 15 19 19 21 2 6 2 5
0 0 0 1 6 1 1 1 4 2 2 1 4 -1 -1 -1 -1 -1 -1 301148 0 15 19 19 21 2 6 2 5
0 0 0 1 6 1 1 1 4 2 2 1 4 -1 -1 -1 -1 -1 -1 301647 0 15 19 19 21 2 6 2 5
0 0 0 1 6 1 1 1 4 2 2 1 4 -1 -1 -1 -1 -1 -1 302114 0 15 19 19 21 2 6 2 5
0 0 0 1 6 3 1 1 4 2 2 1 4 5 5 4 0 0 0 302581 0 15 19 19 21 2 5 2 5
0 0 0 1 6 1 1 1 4 2 2 1 4 -1 -1 -1 -1 -1 -1 303047 0 15 19 19 21 2 5 2 5
0 0 0 1 6 1 1 1 4 2 2 1 4 -1 -1 -1 -1 -1 -1 303547 0 15 19 19 21 2 5 2 5
0 0 0 1 6 1 1 1 4 2 2 1 4 -1 -1 -1 -1 -1 -1 304014 0 15 19 19 21 2 5 2 5
0 0 0 1 6 3 1 1 4 2 2 1 4 5 5 4 1 0 0 304480 0 15 19 19 21 2 6 2 5
0 0 0 1 6 1 1 1 4 2 2 1 4 -1 -1 -1 -1 -1 -1 304980 0 15 19 19 21 2 6 2 5
0 0 0 1 6 1 1 1 4 2 2 1 4 -1 -1 -1 -1 -1 -1 305447 0 15 19 19 21 2 6 2 5
0 0 0 1 6 1 1 1 4 2 2 1 4 -1 -1 -1 -1 -1 -1 305913 0 15 19 19 21 2 6 2 5
0 0 0 1 7 1 1 1 4 2 2 1 4 4 5 4 0 1 1 306380 0 15 19 19 21 2 8 0 5
0 0 0 1 6 1 1 1 4 2 2 1 4 -1 -1 -1 -1 -1 -1 306879 0 15 19 19 21 2 8 0 5
0 0 0 1 1 6 1 1 4 2 2 1 5 -1 -1 -1 -1 -1 -1 307346 0 15 19 19 21 2 8 0 5
0 0 0 1 1 1 6 1 4 2 2 1 6 -1 -1 -1 -1 -1 -1 307813 0 15 19 19 21 2 8 0 5
0 0 0 1 1 1 7 1 4 2 2 1 6 6 5 4 1 1 1 308279 0 15 19 19 21 2 4 2 5
0 0 0 1 1 1 6 1 4 2 2 1 6 -1 -1 -1 -1 -1 -1 308779 0 15 19 19 21 2 4 2 5
0 0 0 1 1 1 1 6 4 2 2 1 7 -1 -1 -1 -1 -1 -1 309246 0 15 19 19 21 2 4 2 5
0 0 0 1 1 1 1 6 4 2 2 1 7 -1 -1 -1 -1 -1 -1 309712 0 15 19 19 21 2 4 2 5
0 0 0 1 1 1 1 7 4 2 2 1 7 7 5 4 0 1 1 310212 0 15 19 19 21 2 6 2 5
0 0 0 0 1 6 1 0 5 6 1 0 5 -1 -1 -1 -1 -1 -1 316111 0 15 40 15 60 2 8 0 3
0 0 0 0 1 6 1 0 5 6 1 0 5 -1 -1 -1 -1 -1 -1 316277 0 15 40 15 60 2 8 0 3
0 0 0 0 1 6 1 0 5 6 1 0 5 -1 -1 -1 -1 -1 -1 316444 0 15 40 15 60 2 6 2 3
0 0 0 0 1 6 1 0 5 6 1 0 5 -1 -1 -1 -1 -1 -1 316610 0 15 40 15 50 2 6 2 3
0 0 0 0 1 6 1 0 5 6 1 0 5 -1 -1 -1 -1 -1 -1 316910 0 15 40 15 20 2 6 2 3
0 0 0 0 1 6 1 0 5 6 1 0 5 -1 -1 -1 -1 -1 -1 317843 0 15 40 15 10 2 6 2 3
0 0 0 0 1 6 1 0 5 6 1 0 5 -1 -1 -1 -1 -1 -1 318843 0 15 40 15 10 2 6 2 3
0 0 0 0 6 1 1 0 5 6 1 0 4 -1 -1 -1 -1 -1 -1 319843 0 15 40 15 10 2 6 2 3
0 0 0 0 1 1 6 0 5 6 1 0 6 -1 -1 -1 -1 -1 -1 320843 0 15 40 15 10 2 6 2 3
0 0 0 0 1 6 1 0 5 6 1 0 5 -1 -1 -1 -1 -1 -1 321843 0 15 40 15 10 2 6 2 3
0 0 0 0 1 7 1 0 5 6 1 0 5 5 5 4 4 1 1 322842 0 15 40 15 10 2 6 2 3
0 0 0 0 1 1 6 0 5 6 1 0 6 -1 -1 -1 -1 -1 -1 323842 0 15 40 15 10 2 6 2 3
0 0 0 0 1 1 6 0 5 6 1 0 6 -1 -1 -1 -1 -1 -1 324842 0 15 40 15 10 2 6 2 3
0 0 0 0 1 1 6 0 5 6 1 0 6 -1 -1 -1 -1 -1 -1 325842 0 15 40 15 10 2 6 2 3
0 0 0 0 1 1 7 0 5 6 1 0 6 6 5 4 4 1 1 326841 0 15 40 15 10 2 6 2 3
0 0 0 0 1 1 6 0 5 6 1 0 6 -1 -1 -1 -1 -1 -1 327641 0 15 40 16 16.25 2 6 2 3
0 0 0 0 1 6 1 0 5 6 1 0 5 -1 -1 -1 -1 -1 -1 328241 0 15 40 16 16.25 2 6 2 3
0 0 0 0 1 1 6 0 5 6 1 0 6 -1 -1 -1 -1 -1 -1 328874 0 15 40 16 16.25 2 6 2 3
0 0 0 0 1 1 7 0 5 6 1 0 6 6 5 4 4 1 1 329507 0 15 40 16 13.2167 2 5 2 3
0 0 0 0 1 6 1 0 5 6 1 0 5 -1 -1 -1 -1 -1 -1 330274 0 15 40 16 13 2 5 2 3
0 0 0 0 6 1 1 0 5 6 1 0 4 -1 -1 -1 -1 -1 -1 331074 0 15 40 16 13 2 5 2 3
0 0 0 0 6 1 1 0 5 6 1 0 4 -1 -1 -1 -1 -1 -1 331840 0 15 40 16 13 2 5 2 3
0 0 0 0 7 1 1 0 5 6 1 0 4 4 5 4 4 1 1 332607 0 15 40 16 13 2 4 2 3
0 0 0 0 6 1 1 0 5 6 1 0 4 -1 -1 -1 -1 -1 -1 333240 0 15 40 17 16 2 4 2 3
0 0 0 0 1 6 1 0 5 6 1 0 5 -1 -1 -1 -1 -1 -1 333873 0 15 40 17 16 2 4 2 3
0 0 0 0 1 1 6 0 5 6 1 0 6 -1 -1 -1 -1 -1 -1 334506 0 15 40 17 16 2 4 2 3
0 0 0 0 1 1 7 0 5 6 1 0 6 6 5 4 4 1 1 335106 0 15 40 17 16 2 4 2 3
0 0 0 0 1 1 6 0 5 6 1 0 6 -1 -1 -1 -1 -1 -1 335739 0 15 40 17 16 2 4 2 3
0 0 0 0 1 1 6 0 5 6 1 0 6 -1 -1 -1 -1 -1 -1 336372 0 15 40 17 16 2 4 2 3
0 0 0 0 1 1 6 0 5 6 1 0 6 -1 -1 -1 -1 -1 -1 337005 0 15 40 17 16 2 4 2 3
0 0 0 1 1 1 7 1 5 6 1 0 6 6 5 4 4 1 1 337605 0 15 40 17 16 2 8 0 5
0 0 0 1 1 6 1 1 5 6 1 1 5 -1 -1 -1 -1 -1 -1 338139 0 15 40 18 19 2 8 0 5
0 0 0 1 6 1 1 1 5 6 1 1 4 -1 -1 -1 -1 -1 -1 338672 0 15 40 18 19 2 8 0 5
0 0 0 1 6 1 1 1 5 6 1 1 4 -1 -1 -1 -1 -1 -1 339205 0 15 40 18 19 2 8 0 5
0 0 0 1 7 1 1 1 5 6 1 1 4 4 5 4 4 1 1 339738 0 15 40 18 19 2 6 2 5
0 0 0 1 1 6 1 1 5 6 1 1 5 -1 -1 -1 -1 -1 -1 340271 0 15 40 18 19 2 6 2 5
0 0 0 1 1 6 1 1 5 6 1 1 5 -1 -1 -1 -1 -1 -1 340771 0 15 40 18 19 2 6 2 5
0 0 0 1 1 6 1 1 5 6 1 1 5 -1 -1 -1 -1 -1 -1 341304 0 15 40 18 19 2 6 2 5
0 0 0 1 1 7 1 1 5 6 1 1 5 5 5 4 4 1 1 341838 0 15 40 18 19 2 6 2 5
0 0 0 1 1 6 1 1 5 6 1 1 5 -1 -1 -1 -1 -1 -1 342337 0 15 40 19 21 2 6 2 5
0 0 0 1 1 6 1 1 5 6 1 1 5 -1 -1 -1 -1 -1 -1 342804 0 15 40 19 21 2 6 2 5
0 0 0 1 1 6 1 1 5 6 1 1 5 -1 -1 -1 -1 -1 -1 343271 0 15 40 19 21 2 6 2 5
0 0 0 1 1 7 1 1 5 6 1 1 5 5 5 4 4 1 1 343737 0 15 40 19 21 2 6 2 5
0 0 0 1 1 6 1 1 5 6 1 1 5 -1 -1 -1 -1 -1 -1 344237 0 15 40 19 21 2 6 2 5
0 0 0 1 6 1 1 1 5 6 1 1 4 -1 -1 -1 -1 -1 -1 344704 0 15 40 19 21 2 6 2 5
0 0 0 6 1 1 1 1 5 6 1 1 3 -1 -1 -1 -1 -1 -1 345170 0 15 40 19 21 2 6 2 5
0 0 0 7 1 1 1 1 5 6 1 1 3 3 5 4 4 1 1 345637 0 15 40 19 21 2 6 2 5
0 0 0 1 6 1 1 1 5 6 1 1 4 -1 -1 -1 -1 -1 -1 346103 0 15 40 20 22 2 6 2 5
0 0 0 1 6 1 1 1 5 6 1 1 4 -1 -1 -1 -1 -1 -1 346570 0 15 40 20 22 2 6 2 5
0 0 0 1 6 1 1 1 5 6 1 1 4 -1 -1 -1 -1 -1 -1 347003 0 15 40 20 22 2 6 2 5
0 0 0 1 7 1 1 1 5 6 1 1 4 4 5 4 4 1 1 347470 0 15 40 20 22 2 5 2 5
0 0 0 1 6 1 1 1 5 6 1 1 4 -1 -1 -1 -1 -1 -1 347936 0 15 40 20 22 2 5 2 5
0 0 0 6 1 1 1 1 5 6 1 1 3 -1 -1 -1 -1 -1 -1 348369 0 15 40 20 22 2 5 2 5
0 0 0 6 1 1 1 1 5 6 1 1 3 -1 -1 -1 -1 -1 -1 348836 0 15 40 20 22 2 5 2 5
0 0 0 7 1 1 1 1 5 6 1 1 3 3 5 4 4 1 1 349302 0 15 40 20 22 2 4 2 5
0 0 0 1 6 1 1 1 5 6 1 1 4 -1 -1 -1 -1 -1 -1 349736 0 15 40 21 23 2 4 2 5
0 0 0 6 1 1 1 1 5 6 1 1 3 -1 -1 -1 -1 -1 -1 350169 0 15 40 21 23 2 4 2 5
0 0 0 6 1 1 1 1 5 6 1 1 3 -1 -1 -1 -1 -1 -1 350602 0 15 40 21 23 2 4 2 5
0 0 0 7 1 1 1 1 5 6 1 1 3 3 5 4 4 1 1 351035 0 15 40 21 23 2 4 2 5
0 0 0 6 1 1 1 1 5 6 1 1 3 -1 -1 -1 -1 -1 -1 351469 0 15 40 21 23 2 4 2 5
0 0 0 1 6 1 1 1 5 6 1 1 4 -1 -1 -1 -1 -1 -1 351902 0 15 40 21 23 2 4 2 5
0 0 0 6 1 1 1 1 5 6 1 1 3 -1 -1 -1 -1 -1 -1 352335 0 15 40 21 23 2 4 2 5
0 0 0 7 1 1 1 1 5 6 1 1 3 3 5 4 4 1 1 352768 0 15 40 21 23 2 8 0 5
0 0 0 6 1 1 1 1 5 6 1 2 3 -1 -1 -1 -1 -1 -1 353202 0 15 40 22 24 2 8 0 5
0 0 0 1 1 6 1 1 5 6 1 2 5 -1 -1 -1 -1 -1 -1 353601 0 15 40 22 24 2 8 0 5
0 0 0 1 1 6 1 1 5 6 1 2 5 -1 -1 -1 -1 -1 -1 354035 0 15 40 22 24 2 8 0 5
0 0 0 1 1 7 1 1 5 6 1 2 5 5 5 4 4 1 1 354435 0 15 40 22 24 2 6 2 5
0 0 0 1 1 6 1 1 5 6 1 2 5 -1 -1 -1 -1 -1 -1 354868 0 15 40 22 24 2 6 2 5
0 0 0 4 6 1 1 1 5 6 1 2 4 -1 -1 -1 -1 -1 -1 355268 1 15 40 22 24 2 6 2 5
0 0 0 1 6 1 1 1 5 6 1 2 4 -1 -1 -1 -1 -1 -1 355701 0 15 40 22 24 2 6 2 5
0 0 0 1 7 1 1 1 5 6 1 2 4 4 5 4 4 1 1 356101 0 15 40 22 24 2 6 2 5
0 0 0 1 6 1 1 1 5 6 1 2 4 -1 -1 -1 -1 -1 -1 356501 0 15 40 23 25 2 6 2 5
0 0 0 1 1 6 4 1 5 6 1 2 5 -1 -1 -1 -1 -1 -1 356901 1 15 40 23 25 2 6 2 5
0 0 0 1 1 1 6 1 5 6 1 2 6 -1 -1 -1 -1 -1 -1 357301 0 15 40 23 25 2 6 2 5
0 0 0 1 1 1 7 1 5 6 1 2 6 6 5 4 4 1 1 357700 0 15 40 23 25 2 6 2 5
0 0 0 1 1 1 6 1 5 6 1 2 6 -1 -1 -1 -1 -1 -1 358100 0 15 40 23 25 2 6 2 5
0 0 0 1 1 4 1 6 5 6 1 2 7 -1 -1 -1 -1 -1 -1 358500 1 15 40 23 25 2 6 2 5
0 0 0 1 1 1 1 6 5 6 1 2 7 -1 -1 -1 -1 -1 -1 358900 0 15 40 23 25 2 6 2 5
0 0 0 1 1 1 1 7 5 6 1 2 7 7 5 4 4 1 1 359300 0 15 40 23 25 2 6 2 5
0 0 0 1 1 1 1 6 5 6 1 2 7 -1 -1 -1 -1 -1 -1 359700 0 15 40 24 25.5 2 6 2 5
0 0 0 1 4 6 1 1 5 6 1 2 5 -1 -1 -1 -1 -1 -1 360100 1 15 40 24 25.5 2 6 2 5
0 0 0 1 1 6 1 1 5 6 1 2 5 -1 -1 -1 -1 -1 -1 360466 0 15 40 24 25.5 2 6 2 5
0 0 0 1 1 7 1 1 5 6 1 2 5 5 5 4 4 1 1 360866 0 15 40 24 25.5 2 5 2 5
0 0 0 1 1 6 1 1 5 6 1 2 5 -1 -1 -1 -1 -1 -1 361266 0 15 40 24 25.5 2 5 2 5
0 0 0 1 4 6 1 1 5 6 1 2 5 -1 -1 -1 -1 -1 -1 361666 1 15 40 24 25.5 2 5 2 5
0 0 0 1 1 6 1 1 5 6 1 2 5 -1 -1 -1 -1 -1 -1 362066 0 15 40 24 25.5 2 5 2 5
0 0 0 1 1 7 1 1 5 6 1 2 5 5 5 4 4 1 1 362433 0 15 40 24 25.5 2 4 2 5
0 0 0 1 1 6 1 1 5 6 1 2 5 -1 -1 -1 -1 -1 -1 362832 0 15 40 25 26 2 4 2 5
0 0 0 4 1 6 1 1 5 6 1 2 5 -1 -1 -1 -1 -1 -1 363199 1 15 40 25 26 2 4 2 5
0 0 0 1 1 6 1 1 5 6 1 2 5 -1 -1 -1 -1 -1 -1 363599 0 15 40 25 26 2 4 2 5
0 0 0 1 1 7 1 1 5 6 1 2 5 5 5 4 4 1 1 363966 0 15 40 25 26 2 4 2 5
0 0 0 1 1 6 1 1 5 6 1 2 5 -1 -1 -1 -1 -1 -1 364365 0 15 40 25 26 2 4 2 5
0 0 0 4 6 1 1 1 5 6 1 2 4 -1 -1 -1 -1 -1 -1 364765 1 15 40 25 26 2 4 2 5
0 0 0 1 6 1 1 1 5 6 1 2 4 -1 -1 -1 -1 -1 -1 365132 0 15 40 25 26 2 4 2 5
0 0 0 1 7 1 1 1 5 6 1 2 4 4 5 4 4 1 1 365532 0 15 40 25 26 2 8 0 5
0 0 0 0 1 6 1 0 6 0 2 0 5 -1 -1 -1 -1 -1 -1 372863 0 15 19 19 60 2 8 0 3
0 0 0 0 1 6 1 0 6 0 2 0 5 -1 -1 -1 -1 -1 -1 373030 0 15 19 19 60 2 8 0 3
0 0 0 0 1 6 1 0 6 0 2 0 5 -1 -1 -1 -1 -1 -1 373197 0 15 19 19 60 2 5 2 3
0 0 0 0 1 6 1 0 6 0 2 0 5 -1 -1 -1 -1 -1 -1 373363 0 15 19 19 52.2 2 5 2 3
0 0 0 0 1 6 1 0 6 0 2 0 5 -1 -1 -1 -1 -1 -1 373597 0 15 19 19 34 2 5 2 3
0 0 0 0 1 6 1 0 6 0 2 0 5 -1 -1 -1 -1 -1 -1 374030 0 15 19 19 21 2 5 2 3
0 0 0 0 1 6 1 0 6 0 2 0 5 -1 -1 -1 -1 -1 -1 374496 0 15 19 19 21 2 6 2 3
0 0 0 0 1 6 1 0 6 0 2 0 5 -1 -1 -1 -1 -1 -1 374996 0 15 19 19 21 2 6 2 3
0 0 0 0 1 6 1 0 6 0 2 0 5 -1 -1 -1 -1 -1 -1 375463 0 15 19 19 21 2 6 2 3
0 0 0 0 1 6 1 0 6 0 2 0 5 -1 -1 -1 -1 -1 -1 375929 0 15 19 19 21 2 6 2 3
0 0 0 0 1 6 3 0 6 0 2 0 5 6 3 4 3 0 0 376429 0 15 19 19 21 2 6 2 3
0 0 0 0 1 6 1 0 6 0 2 0 5 -1 -1 -1 -1 -1 -1 376896 0 15 19 19 21 2 6 2 3
0 0 0 0 1 6 1 0 6 0 2 0 5 -1 -1 -1 -1 -1 -1 377362 0 15 19 19 21 2 6 2 3
0 0 0 0 1 6 1 0 6 0 2 0 5 -1 -1 -1 -1 -1 -1 377829 0 15 19 19 21 2 6 2 3
0 0 0 0 1 6 3 0 6 0 2 0 5 6 1 4 2 0 0 378329 0 15 19 19 21 2 4 2 3
0 0 0 0 1 6 1 0 6 0 2 0 5 -1 -1 -1 -1 -1 -1 378795 0 15 19 19 21 2 4 2 3
0 0 0 0 1 6 1 0 6 0 2 0 5 -1 -1 -1 -1 -1 -1 379262 0 15 19 19 21 2 4 2 3
0 0 0 0 1 6 1 0 6 0 2 0 5 -1 -1 -1 -1 -1 -1 379762 0 15 19 19 21 2 4 2 3
0 0 0 0 3 6 1 0 6 0 2 0 5 4 2 4 0 0 0 380228 0 15 19 19 21 2 6 2 3
0 0 0 0 1 6 1 0 6 0 2 0 5 -1 -1 -1 -1 -1 -1 380695 0 15 19 19 21 2 6 2 3
0 0 0 0 1 6 1 0 6 0 2 0 5 -1 -1 -1 -1 -1 -1 381161 0 15 19 19 21 2 6 2 3
0 0 0 0 1 6 1 0 6 0 2 0 5 -1 -1 -1 -1 -1 -1 381661 0 15 19 19 21 2 6 2 3
0 0 0 0 1 7 1 0 6 0 2 0 5 5 1 4 2 1 1 382128 0 15 19 19 21 2 5 2 3
0 0 0 0 1 6 1 0 6 0 2 0 5 -1 -1 -1 -1 -1 -1 382594 0 15 19 19 21 2 5 2 3
0 0 0 0 1 6 1 0 6 0 2 0 5 -1 -1 -1 -1 -1 -1 383094 0 15 19 19 21 2 5 2 3
0 0 0 0 1 6 1 0 6 0 2 0 5 -1 -1 -1 -1 -1 -1 383561 0 15 19 19 21 2 5 2 3
0 0 0 0 1 6 3 0 6 0 2 0 5 6 0 4 1 0 0 384027 0 15 19 19 21 2 6 2 3
0 0 0 0 1 6 1 0 6 0 2 0 5 -1 -1 -1 -1 -1 -1 384494 0 15 19 19 21 2 6 2 3
0 0 0 0 1 6 1 0 6 0 2 0 5 -1 -1 -1 -1 -1 -1 384994 0 15 19 19 21 2 6 2 3
0 0 0 0 1 6 1 0 6 0 2 0 5 -1 -1 -1 -1 -1 -1 385460 0 15 19 19 21 2 6 2 3
0 0 0 0 1 7 1 0 6 0 2 0 5 5 1 4 2 1 1 385927 0 15 19 19 21 2 8 0 3
0 0 0 0 1 6 1 0 6 0 2 0 5 -1 -1 -1 -1 -1 -1 386427 0 15 19 19 21 2 8 0 3
0 0 0 0 1 6 1 0 6 0 2 0 5 -1 -1 -1 -1 -1 -1 386893 0 15 19 19 21 2 8 0 3
0 0 0 0 1 6 1 0 6 0 2 0 5 -1 -1 -1 -1 -1 -1 387360 0 15 19 19 21 2 8 0 3
0 0 0 0 1 6 3 0 6 0 2 0 5 6 2 4 0 0 0 387826 0 15 19 19 21 2 5 2 3
0 0 0 0 1 6 1 0 6 0 2 0 5 -1 -1 -1 -1 -1 -1 388326 0 15 19 19 21 2 5 2 3
0 0 0 0 1 6 1 0 6 0 2 0 5 -1 -1 -1 -1 -1 -1 388793 0 15 19 19 21 2 5 2 3
0 0 0 0 1 6 1 0 6 0 2 0 5 -1 -1 -1 -1 -1 -1 389259 0 15 19 19 21 2 5 2 3
0 0 0 0 1 6 3 0 6 0 2 0 5 6 3 4 3 0 0 389759 0 15 19 19 21 2 6 2 3
0 0 0 0 1 6 1 0 6 0 2 0 5 -1 -1 -1 -1 -1 -1 390226 0 15 19 19 21 2 6 2 3
0 0 0 0 1 6 1 0 6 0 2 0 5 -1 -1 -1 -1 -1 -1 390692 0 15 19 19 21 2 6 2 3
0 0 0 0 1 6 1 0 6 0 2 0 5 -1 -1 -1 -1 -1 -1 391159 0 15 19 19 21 2 6 2 3
0 0 0 0 3 6 1 0 6 0 2 0 5 4 0 4 1 0 0 391659 0 15 19 19 21 2 6 2 3
0 0 0 0 1 6 1 0 6 0 2 0 5 -1 -1 -1 -1 -1 -1 392125 0 15 19 19 21 2 6 2 3
0 0 0 0 1 1 6 0 6 0 2 0 6 -1 -1 -1 -1 -1 -1 392592 0 15 19 19 21 2 6 2 3
0 0 0 0 1 1 6 0 6 0 2 0 6 -1 -1 -1 -1 -1 -1 393092 0 15 19 19 21 2 6 2 3
0 0 0 0 1 3 6 0 6 0 2 0 6 5 1 4 2 0 0 393558 0 15 19 19 21 2 4 2 3
0 0 0 0 1 1 6 0 6 0 2 0 6 -1 -1 -1 -1 -1 -1 394025 0 15 19 19 21 2 4 2 3
0 0 0 0 1 1 6 0 6 0 2 0 6 -1 -1 -1 -1 -1 -1 394458 0 15 19 19 26.25 2 4 2 3
0 0 0 0 1 1 6 0 6 0 2 0 6 -1 -1 -1 -1 -1 -1 394825 0 15 19 19 26.25 2 4 2 3
0 0 0 0 1 1 7 0 6 0 2 0 6 6 0 4 1 1 1 395191 0 15 19 19 26.25 2 6 2 3
0 0 0 0 1 1 6 0 6 0 2 0 6 -1 -1 -1 -1 -1 -1 395591 0 15 19 19 26.25 2 6 2 3
0 0 0 0 1 1 6 0 6 0 2 0 6 -1 -1 -1 -1 -1 -1 395991 0 15 19 19 23.45 2 6 2 3
0 0 0 0 1 6 1 0 6 0 2 0 5 -1 -1 -1 -1 -1 -1 396458 0 15 19 19 21 2 6 2 3
0 0 0 0 1 6 3 0 6 0 2 0 5 6 3 4 3 0 0 396924 0 15 19 19 21 2 5 2 3
0 0 0 0 1 6 1 0 6 0 2 0 5 -1 -1 -1 -1 -1 -1 397391 0 15 19 19 21 2 5 2 3
0 0 0 0 1 1 6 0 6 0 2 0 6 -1 -1 -1 -1 -1 -1 397857 0 15 19 19 21 2 5 2 3
0 0 0 0 1 1 6 0 6 0 2 0 6 -1 -1 -1 -1 -1 -1 398357 0 15 19 19 21 2 5 2 3
0 0 0 0 1 3 6 0 6 0 2 0 6 5 1 4 2 0 0 398824 0 15 19 19 21 2 6 2 3
0 0 0 0 1 6 1 0 6 0 2 0 5 -1 -1 -1 -1 -1 -1 399290 0 15 19 19 21 2 6 2 3
0 0 0 0 1 6 1 0 6 0 2 0 5 -1 -1 -1 -1 -1 -1 399790 0 15 19 19 21 2 6 2 3
0 0 0 0 1 6 1 0 6 0 2 0 5 -1 -1 -1 -1 -1 -1 400257 0 15 19 19 21 2 6 2 3
0 0 0 0 1 6 3 0 6 0 2 0 5 6 0 4 1 0 0 400723 0 15 19 19 21 2 8 0 3
0 0 0 0 1 6 1 0 6 0 2 0 5 -1 -1 -1 -1 -1 -1 401190 0 15 19 19 21 2 8 0 3
0 0 0 0 1 6 1 0 6 0 2 0 5 -1 -1 -1 -1 -1 -1 401690 0 15 19 19 21 2 8 0 3
0 0 0 0 1 6 1 0 6 0 2 0 5 -1 -1 -1 -1 -1 -1 402156 0 15 19 19 21 2 8 0 3
0 0 0 0 3 6 1 0 6 0 2 0 5 4 3 4 3 0 0 402623 0 15 19 19 21 2 5 2 3
0 0 0 0 1 6 1 0 6 0 2 0 5 -1 -1 -1 -1 -1 -1 403089 0 15 19 19 21 2 5 2 3
0 0 0 0 6 1 1 0 6 0 2 0 4 -1 -1 -1 -1 -1 -1 403589 0 15 19 19 21 2 5 2 3
0 0 0 0 6 1 1 0 6 0 2 0 4 -1 -1 -1 -1 -1 -1 404056 0 15 19 19 21 2 5 2 3
0 0 0 0 7 1 1 0 6 0 2 0 4 4 0 4 1 1 1 404522 0 15 19 19 21 2 6 2 3
0 0 0 0 1 6 1 0 6 0 2 0 5 -1 -1 -1 -1 -1 -1 405022 0 15 19 19 21 2 6 2 3
0 0 0 0 1 6 1 0 6 0 2 0 5 -1 -1 -1 -1 -1 -1 405489 0 15 19 19 21 2 6 2 3
0 0 0 0 1 6 1 0 6 0 2 0 5 -1 -1 -1 -1 -1 -1 405955 0 15 19 19 21 2 6 2 3
0 0 0 0 1 6 3 0 6 0 2 0 5 6 2 4 0 0 0 406422 0 15 19 19 21 2 6 2 3
0 0 0 0 1 6 1 0 6 0 2 0 5 -1 -1 -1 -1 -1 -1 406922 0 15 19 19 21 2 6 2 3
0 0 0 0 6 1 1 0 6 0 2 0 4 -1 -1 -1 -1 -1 -1 407388 0 15 19 19 21 2 6 2 3
0 0 0 0 6 1 1 0 6 0 2 0 4 -1 -1 -1 -1 -1 -1 407855 0 15 19 19 21 2 6 2 3
0 0 0 0 6 3 1 0 6 0 2 0 4 5 3 4 3 0 0 408355 0 15 19 19 21 2 4 2 3
0 0 0 0 1 6 1 0 6 0 2 0 5 -1 -1 -1 -1 -1 -1 408821 0 15 19 19 21 2 4 2 3
0 0 0 0 6 1 1 0 6 0 2 0 4 -1 -1 -1 -1 -1 -1 409288 0 15 19 19 21 2 4 2 3
0 0 0 0 6 1 1 0 6 0 2 0 4 -1 -1 -1 -1 -1 -1 409754 0 15 19 19 21 2 4 2 3
0 0 0 0 7 1 1 0 6 0 2 0 4 4 2 4 0 1 1 410254 0 15 19 19 21 2 6 2 3
0 0 0 0 1 6 1 0 6 0 2 0 5 -1 -1 -1 -1 -1 -1 410721 0 15 19 19 21 2 6 2 3
0 0 0 0 6 1 1 0 6 0 2 0 4 -1 -1 -1 -1 -1 -1 411187 0 15 19 19 21 2 6 2 3
0 0 0 0 6 1 1 0 6 0 2 0 4 -1 -1 -1 -1 -1 -1 411687 0 15 19 19 21 2 6 2 3
0 0 0 0 7 1 1 0 6 0 2 0 4 4 3 4 3 1 1 412154 0 15 19 19 21 2 5 2 3
0 0 0 0 6 1 1 0 6 0 2 0 4 -1 -1 -1 -1 -1 -1 412620 0 15 19 19 21 2 5 2 3
0 0 0 0 1 6 1 0 6 0 2 0 5 -1 -1 -1 -1 -1 -1 413087 0 15 19 19 21 2 5 2 3
0 0 0 0 1 6 1 0 6 0 2 0 5 -1 -1 -1 -1 -1 -1 413587 0 15 19 19 21 2 5 2 3
0 0 0 0 3 6 1 0 6 0 2 0 5 4 1 4 2 0 0 414053 0 15 19 19 21 2 6 2 3
0 0 0 0 1 6 1 0 6 0 2 0 5 -1 -1 -1 -1 -1 -1 414520 0 15 19 19 21 2 6 2 3
0 0 0 0 1 6 1 0 6 0 2 0 5 -1 -1 -1 -1 -1 -1 415020 0 15 19 19 21 2 6 2 3
0 0 0 0 1 6 1 0 6 0 2 0 5 -1 -1 -1 -1 -1 -1 415486 0 15 19 19 21 2 6 2 3
0 0 0 0 3 6 1 0 6 0 2 0 5 4 2 4 0 0 0 415953 0 15 19 19 21 2 8 0 3
0 0 0 0 1 6 1 0 6 0 2 0 5 -1 -1 -1 -1 -1 -1 416419 0 15 19 19 21 2 8 0 3
0 0 0 0 6 1 1 0 6 0 2 0 4 -1 -1 -1 -1 -1 -1 416919 0 15 19 19 21 2 8 0 3
0 0 0 0 6 1 1 0 6 0 2 0 4 -1 -1 -1 -1 -1 -1 417386 0 15 19 19 21 2 8 0 3
0 0 0 0 6 3 1 0 6 0 2 0 4 5 0 4 1 0 0 417852 0 15 19 19 21 2 5 2 3
0 0 0 0 1 6 1 0 6 0 2 0 5 -1 -1 -1 -1 -1 -1 418352 0 15 19 19 21 2 5 2 3
0 0 0 0 1 6 1 0 6 0 2 0 5 -1 -1 -1 -1 -1 -1 418819 0 15 19 19 21 2 5 2 3
0 0 0 0 1 6 1 0 6 0 2 0 5 -1 -1 -1 -1 -1 -1 419285 0 15 19 19 21 2 5 2 3
0 0 0 0 1 6 3 0 6 0 2 0 5 6 3 4 3 0 0 419752 0 15 19 19 21 2 6 2 3
0 0 0 0 1 6 1 0 6 0 2 0 5 -1 -1 -1 -1 -1 -1 420252 0 15 19 19 21 2 6 2 3
0 0 0 0 1 6 1 0 6 0 2 0 5 -1 -1 -1 -1 -1 -1 420718 0 15 19 19 21 2 6 2 3
0 0 0 0 6 1 1 0 6 0 2 0 4 -1 -1 -1 -1 -1 -1 421185 0 15 19 19 21 2 6 2 3
0 0 0 0 6 3 1 0 6 0 2 0 4 5 2 4 0 0 0 421685 0 15 19 19 21 2 6 2 3
0 0 0 0 6 1 1 0 6 0 2 0 4 -1 -1 -1 -1 -1 -1 422151 0 15 19 19 21 2 6 2 3
0 0 0 0 6 1 1 0 6 0 2 0 4 -1 -1 -1 -1 -1 -1 422618 0 15 19 19 21 2 6 2 3
0 0 0 0 6 1 1 0 6 0 2 0 4 -1 -1 -1 -1 -1 -1 423084 0 15 19 19 21 2 6 2 3
0 0 0 0 6 3 1 0 6 0 2 0 4 5 1 4 2 0 0 423584 0 15 19 19 21 2 4 2 3
0 0 0 0 1 6 1 0 6 0 2 0 5 -1 -1 -1 -1 -1 -1 424051 0 15 19 19 21 2 4 2 3
0 0 0 0 1 1 6 0 6 0 2 0 6 -1 -1 -1 -1 -1 -1 424517 0 15 19 19 21 2 4 2 3
0 0 0 0 1 1 6 0 6 0 2 0 6 -1 -1 -1 -1 -1 -1 425017 0 15 19 19 21 2 4 2 3
0 0 0 0 1 1 7 0 6 0 2 0 6 6 2 4 0 1 1 425484 0 15 19 19 21 2 6 2 3
0 0 0 0 1 1 6 0 6 0 2 0 6 -1 -1 -1 -1 -1 -1 425950 0 15 19 19 21 2 6 2 3
0 0 0 0 1 6 1 0 6 0 2 0 5 -1 -1 -1 -1 -1 -1 426417 0 15 19 19 21 2 6 2 3
0 0 0 0 1 6 1 0 6 0 2 0 5 -1 -1 -1 -1 -1 -1 426917 0 15 19 19 21 2 6 2 3
0 0 0 0 1 6 3 0 6 0 2 0 5 6 0 4 1 0 0 427383 0 15 19 19 21 2 5 2 3
0 0 0 0 1 6 1 0 6 0 2 0 5 -1 -1 -1 -1 -1 -1 427850 0 15 19 19 21 2 5 2 3
0 0 0 0 1 1 6 0 6 0 2 0 6 -1 -1 -1 -1 -1 -1 428317 0 15 19 19 21 2 5 2 3
0 0 0 0 1 1 6 0 6 0 2 0 6 -1 -1 -1 -1 -1 -1 428816 0 15 19 19 21 2 5 2 3
0 0 0 0 1 3 6 0 6 0 2 0 6 5 1 4 2 0 0 429283 0 15 19 19 21 2 6 2 3
0 0 0 0 1 1 6 0 6 0 2 0 6 -1 -1 -1 -1 -1 -1 429749 0 15 19 19 21 2 6 2 3
0 0 0 0 1 6 1 0 6 0 2 0 5 -1 -1 -1 -1 -1 -1 430249 0 15 19 19 21 2 6 2 3
0 0 0 0 1 6 1 0 6 0 2 0 5 -1 -1 -1 -1 -1 -1 430716 0 15 19 19 21 2 6 2 3
0 0 0 0 1 7 1 0 6 0 2 0 5 5 0 4 1 1 1 431182 0 15 19 19 21 2 8 0 3
0 0 0 0 1 6 1 0 7 2 3 0 5 -1 -1 -1 -1 -1 -1 437548 0 15 19 19 60 2 8 0 3
0 0 0 0 1 6 1 0 7 2 3 0 5 -1 -1 -1 -1 -1 -1 437714 0 15 19 19 60 2 8 0 3
0 0 0 0 1 6 1 0 7 2 3 0 5 -1 -1 -1 -1 -1 -1 437881 0 15 19 19 60 2 4 2 3
0 0 0 0 1 6 1 0 7 2 3 0 5 -1 -1 -1 -1 -1 -1 438047 0 15 19 19 52.2 2 4 2 3
0 0 0 0 1 6 1 0 7 2 3 0 5 -1 -1 -1 -1 -1 -1 438281 0 15 19 19 34 2 4 2 3
0 0 0 0 1 6 1 0 7 2 3 0 5 -1 -1 -1 -1 -1 -1 438714 0 15 19 19 21 2 4 2 3
0 0 0 0 1 6 1 0 7 2 3 0 5 -1 -1 -1 -1 -1 -1 439181 0 15 19 19 21 2 4 2 3
0 0 0 0 1 6 1 0 7 2 3 0 5 -1 -1 -1 -1 -1 -1 439680 0 15 19 19 21 2 4 2 3
0 0 0 0 1 6 1 0 7 2 3 0 5 -1 -1 -1 -1 -1 -1 440147 0 15 19 19 21 2 4 2 3
0 0 0 0 1 1 6 0 7 2 3 0 6 -1 -1 -1 -1 -1 -1 440613 0 15 19 19 21 2 4 2 3
0 0 0 0 1 6 3 0 7 2 3 0 5 6 5 4 2 0 0 441113 0 15 19 19 21 2 5 2 3
0 0 0 0 1 6 1 0 7 2 3 0 5 -1 -1 -1 -1 -1 -1 441580 0 15 19 19 21 2 5 2 3
0 0 0 0 1 1 6 0 7 2 3 0 6 -1 -1 -1 -1 -1 -1 442046 0 15 19 19 21 2 5 2 3
0 0 0 0 1 1 6 0 7 2 3 0 6 -1 -1 -1 -1 -1 -1 442513 0 15 19 19 21 2 5 2 3
0 0 0 0 1 3 6 0 7 2 3 0 6 5 5 4 0 0 0 443013 0 15 19 19 21 2 6 2 3
0 0 0 0 1 6 1 0 7 2 3 0 5 -1 -1 -1 -1 -1 -1 443479 0 15 19 19 21 2 6 2 3
0 0 0 0 1 6 1 0 7 2 3 0 5 -1 -1 -1 -1 -1 -1 443946 0 15 19 19 21 2 6 2 3
0 0 0 0 1 6 1 0 7 2 3 0 5 -1 -1 -1 -1 -1 -1 444446 0 15 19 19 21 2 6 2 3
0 0 0 0 1 6 3 0 7 2 3 0 5 6 5 4 0 0 0 444912 0 15 19 19 21 2 6 2 3
0 0 0 0 1 6 1 0 7 2 3 0 5 -1 -1 -1 -1 -1 -1 445379 0 15 19 19 21 2 6 2 3
0 0 0 0 1 6 1 0 7 2 3 0 5 -1 -1 -1 -1 -1 -1 445846 0 15 19 19 21 2 6 2 3
0 0 0 0 1 6 1 0 7 2 3 0 5 -1 -1 -1 -1 -1 -1 446345 0 15 19 19 21 2 6 2 3
0 0 0 0 1 6 3 0 7 2 3 0 5 6 5 4 1 0 0 446812 0 15 19 19 21 2 5 2 3
0 0 0 0 1 6 1 0 7 2 3 0 5 -1 -1 -1 -1 -1 -1 447279 0 15 19 19 21 2 5 2 3
0 0 0 0 1 6 1 0 7 2 3 0 5 -1 -1 -1 -1 -1 -1 447778 0 15 19 19 21 2 5 2 3
0 0 0 0 1 6 1 0 7 2 3 0 5 -1 -1 -1 -1 -1 -1 448245 0 15 19 19 21 2 5 2 3
0 0 0 0 3 6 1 0 7 2 3 0 5 4 5 4 3 0 0 448712 0 15 19 19 21 2 6 2 3
0 0 0 0 1 6 1 0 7 2 3 0 5 -1 -1 -1 -1 -1 -1 449178 0 15 19 19 21 2 6 2 3
0 0 0 0 6 1 1 0 7 2 3 0 4 -1 -1 -1 -1 -1 -1 449678 0 15 19 19 21 2 6 2 3
0 0 0 0 6 1 1 0 7 2 3 0 4 -1 -1 -1 -1 -1 -1 450145 0 15 19 19 21 2 6 2 3
0 0 0 0 7 1 1 0 7 2 3 0 4 4 5 4 0 1 1 450611 0 15 19 19 21 2 8 0 3
0 0 0 0 1 6 1 0 7 2 3 0 5 -1 -1 -1 -1 -1 -1 451111 0 15 19 19 21 2 8 0 3
0 0 0 0 1 6 1 0 7 2 3 0 5 -1 -1 -1 -1 -1 -1 451577 0 15 19 19 21 2 8 0 3
0 0 0 0 6 1 1 0 7 2 3 0 4 -1 -1 -1 -1 -1 -1 452044 0 15 19 19 21 2 8 0 3
0 0 0 0 6 3 1 0 7 2 3 0 4 5 5 4 2 0 0 452511 0 15 19 19 21 2 4 2 3
0 0 0 0 1 6 1 0 7 2 3 0 5 -1 -1 -1 -1 -1 -1 453010 0 15 19 19 21 2 4 2 3
0 0 0 0 1 6 1 0 7 2 3 0 5 -1 -1 -1 -1 -1 -1 453477 0 15 19 19 21 2 4 2 3
0 0 0 0 6 1 1 0 7 2 3 0 4 -1 -1 -1 -1 -1 -1 453944 0 15 19 19 21 2 4 2 3
0 0 0 0 6 3 1 0 7 2 3 0 4 5 5 4 0 0 0 454443 0 15 19 19 21 2 4 2 3
0 0 0 0 1 6 1 0 7 2 3 0 5 -1 -1 -1 -1 -1 -1 454910 0 15 19 19 21 2 4 2 3
0 0 0 0 1 6 1 0 7 2 3 0 5 -1 -1 -1 -1 -1 -1 455377 0 15 19 19 21 2 4 2 3
0 0 0 0 1 6 1 0 7 2 3 0 5 -1 -1 -1 -1 -1 -1 455843 0 15 19 19 21 2 4 2 3
0 0 0 0 1 6 3 0 7 2 3 0 5 6 5 4 3 0 0 456343 0 15 19 19 21 2 5 2 3
0 0 0 0 1 6 1 0 7 2 3 0 5 -1 -1 -1 -1 -1 -1 456810 0 15 19 19 21 2 5 2 3
0 0 0 0 1 6 1 0 7 2 3 0 5 -1 -1 -1 -1 -1 -1 457276 0 15 19 19 21 2 5 2 3
0 0 0 0 1 6 1 0 7 2 3 0 5 -1 -1 -1 -1 -1 -1 457776 0 15 19 19 21 2 5 2 3
0 0 0 0 1 6 3 0 7 2 3 0 5 6 5 4 1 0 0 458243 0 15 19 19 21 2 6 2 3
0 0 0 0 1 6 1 0 7 2 3 0 5 -1 -1 -1 -1 -1 -1 458709 0 15 19 19 21 2 6 2 3
0 0 0 0 1 1 6 0 7 2 3 0 6 -1 -1 -1 -1 -1 -1 459176 0 15 19 19 21 2 6 2 3
0 0 0 0 1 1 6 0 7 2 3 0 6 -1 -1 -1 -1 -1 -1 459676 0 15 19 19 21 2 6 2 3
0 0 0 0 1 1 7 0 7 2 3 0 6 6 5 4 0 1 1 460142 0 15 19 19 21 2 6 2 3
0 0 0 0 1 6 1 0 7 2 3 0 5 -1 -1 -1 -1 -1 -1 460609 0 15 19 19 21 2 6 2 3
0 0 0 0 1 6 1 0 7 2 3 0 5 -1 -1 -1 -1 -1 -1 461108 0 15 19 19 21 2 6 2 3
0 0 0 0 6 1 1 0 7 2 3 0 4 -1 -1 -1 -1 -1 -1 461575 0 15 19 19 21 2 6 2 3
0 0 0 0 8 2 1 0 7 2 3 0 4 5 5 4 3 1 0 462042 0 15 19 19 21 2 5 2 3
0 0 0 0 1 6 1 0 7 2 3 0 5 -1 -1 -1 -1 -1 -1 462575 0 15 19 18 19 2 5 2 3
0 0 0 0 1 6 1 0 7 2 3 0 5 -1 -1 -1 -1 -1 -1 463075 0 15 19 18 19 2 5 2 3
0 0 0 0 1 6 1 0 7 2 3 0 5 -1 -1 -1 -1 -1 -1 463608 0 15 19 18 19 2 5 2 3
0 0 0 0 1 6 3 0 7 2 3 0 5 6 5 4 0 0 0 464141 0 15 19 18 19 2 6 2 3
0 0 0 0 1 6 1 0 7 2 3 0 5 -1 -1 -1 -1 -1 -1 464674 0 15 19 18 19 2 6 2 3
0 0 0 0 1 6 1 0 7 2 3 0 5 -1 -1 -1 -1 -1 -1 465207 0 15 19 18 19 2 6 2 3
0 0 0 0 1 6 1 0 7 2 3 0 5 -1 -1 -1 -1 -1 -1 465707 0 15 19 18 19 2 6 2 3
0 0 0 0 1 7 1 0 7 2 3 0 5 5 5 4 0 1 1 466241 0 15 19 18 19 2 8 0 3
0 0 0 0 1 6 1 0 7 2 3 0 5 -1 -1 -1 -1 -1 -1 466774 0 15 19 18 19 2 8 0 3
0 0 0 0 1 6 1 0 7 2 3 0 5 -1 -1 -1 -1 -1 -1 467307 0 15 19 18 19 2 8 0 3
0 0 0 0 1 6 1 0 7 2 3 0 5 -1 -1 -1 -1 -1 -1 467807 0 15 19 18 19 2 8 0 3
0 0 0 0 1 6 3 0 7 2 3 0 5 6 5 4 1 0 0 468340 0 15 19 18 19 2 4 2 3
0 0 0 0 1 6 1 0 7 2 3 0 5 -1 -1 -1 -1 -1 -1 468873 0 15 19 18 19 2 4 2 3
0 0 0 0 1 6 1 0 7 2 3 0 5 -1 -1 -1 -1 -1 -1 469406 0 15 19 18 19 2 4 2 3
0 0 0 0 6 1 1 0 7 2 3 0 4 -1 -1 -1 -1 -1 -1 469940 0 15 19 18 19 2 4 2 3
0 0 0 0 6 3 1 0 7 2 3 0 4 5 5 4 2 0 0 470440 0 15 19 18 19 2 4 2 3
0 0 0 0 1 6 1 0 7 2 3 0 5 -1 -1 -1 -1 -1 -1 470973 0 15 19 18 19 2 4 2 3
0 0 0 0 1 6 1 0 7 2 3 0 5 -1 -1 -1 -1 -1 -1 471506 0 15 19 18 19 2 4 2 3
0 0 0 0 1 6 1 0 7 2 3 0 5 -1 -1 -1 -1 -1 -1 472039 0 15 19 18 19 2 4 2 3
0 0 0 0 1 6 3 0 7 2 3 0 5 6 5 4 1 0 0 472572 0 15 19 18 19 2 5 2 3
0 0 0 0 1 6 1 0 7 2 3 0 5 -1 -1 -1 -1 -1 -1 473072 0 15 19 18 19 2 5 2 3
0 0 0 0 1 6 1 0 7 2 3 0 5 -1 -1 -1 -1 -1 -1 473605 0 15 19 18 19 2 5 2 3
0 0 0 0 1 6 1 0 7 2 3 0 5 -1 -1 -1 -1 -1 -1 474139 0 15 19 18 19 2 5 2 3
0 0 0 0 1 8 1 0 7 2 3 0 5 5 5 4 0 0 1 474672 0 15 19 18 19 2 6 2 3
0 0 0 0 1 6 1 0 7 2 3 0 5 -1 -1 -1 -1 -1 -1 475272 0 15 19 17 16 2 6 2 3
0 0 0 0 1 6 1 0 7 2 3 0 5 -1 -1 -1 -1 -1 -1 475905 0 15 19 17 16 2 6 2 3
0 0 0 0 1 6 1 0 7 2 3 0 5 -1 -1 -1 -1 -1 -1 476505 0 15 19 17 16 2 6 2 3
0 0 0 0 3 6 1 0 7 2 3 0 5 4 5 4 3 0 0 477138 0 15 19 17 16 2 6 2 3
0 0 0 0 1 6 1 0 7 2 3 0 5 -1 -1 -1 -1 -1 -1 477771 0 15 19 17 16 2 6 2 3
0 0 0 0 1 6 1 0 7 2 3 0 5 -1 -1 -1 -1 -1 -1 478404 0 15 19 17 16 2 6 2 3
0 0 0 0 6 1 1 0 7 2 3 0 4 -1 -1 -1 -1 -1 -1 479004 0 15 19 17 16 2 6 2 3
0 0 0 0 8 2 1 0 7 2 3 0 4 5 5 4 1 1 0 479637 0 15 19 17 16 2 5 2 3
0 0 0 0 6 1 1 0 7 2 3 0 4 -1 -1 -1 -1 -1 -1 480370 0 15 19 16 13 2 5 2 3
0 0 0 0 1 6 1 0 7 2 3 0 5 -1 -1 -1 -1 -1 -1 481137 0 15 19 16 13 2 5 2 3
0 0 0 0 6 1 1 0 7 2 3 0 4 -1 -1 -1 -1 -1 -1 481937 0 15 19 16 13 2 5 2 3
0 0 0 0 6 3 1 0 7 2 3 0 4 5 5 4 2 0 0 482703 0 15 19 16 13 2 6 2 3
0 0 0 0 1 6 1 0 7 2 3 0 5 -1 -1 -1 -1 -1 -1 483470 0 15 19 16 13 2 6 2 3
0 0 0 0 1 6 1 0 7 2 3 0 5 -1 -1 -1 -1 -1 -1 484236 0 15 19 16 13 2 6 2 3
0 0 0 0 1 6 1 0 7 2 3 0 5 -1 -1 -1 -1 -1 -1 485003 0 15 19 16 13 2 6 2 3
0 0 0 0 1 7 1 0 7 2 3 0 5 5 5 4 3 1 1 485769 0 15 19 16 13 2 8 0 3
0 0 0 0 1 6 1 0 7 2 3 0 5 -1 -1 -1 -1 -1 -1 486536 0 15 19 16 13 2 8 0 3
0 0 0 0 1 6 1 0 7 2 3 0 5 -1 -1 -1 -1 -1 -1 487302 0 15 19 16 13 2 8 0 3
0 0 0 0 1 6 1 0 7 2 3 0 5 -1 -1 -1 -1 -1 -1 488069 0 15 19 16 13 2 8 0 3
0 0 0 0 2 8 1 0 7 2 3 0 5 4 5 4 1 1 0 488835 0 15 19 16 13 2 4 2 3
0 0 0 0 1 6 1 0 7 2 3 0 5 -1 -1 -1 -1 -1 -1 489801 0 15 19 15 10 2 4 2 3
0 0 0 0 6 1 1 0 7 2 3 0 4 -1 -1 -1 -1 -1 -1 490801 0 15 19 15 10 2 4 2 3
0 0 0 0 6 1 1 0 7 2 3 0 4 -1 -1 -1 -1 -1 -1 491801 0 15 19 15 10 2 4 2 3
0 0 0 0 6 3 1 0 7 2 3 0 4 5 5 4 0 0 0 492801 0 15 19 15 10 2 4 2 3
0 0 0 0 6 1 1 0 7 2 3 0 4 -1 -1 -1 -1 -1 -1 493801 0 15 19 15 10 2 4 2 3
0 0 0 0 1 6 1 0 7 2 3 0 5 -1 -1 -1 -1 -1 -1 494800 0 15 19 15 10 2 4 2 3
0 0 0 0 1 6 1 0 7 2 3 0 5 -1 -1 -1 -1 -1 -1 495800 0 15 19 15 10 2 4 2 3
0 0 0 0 2 8 1 0 7 2 3 0 5 4 5 4 3 1 0 496800 0 15 19 15 10 2 5 2 3
0 0 0 0 1 6 1 0 7 2 3 0 5 -1 -1 -1 -1 -1 -1 497800 0 15 19 15 10 2 5 2 3
0 0 0 0 1 6 1 0 7 2 3 0 5 -1 -1 -1 -1 -1 -1 498799 0 15 19 15 10 2 5 2 3
0 0 0 0 1 1 6 0 7 2 3 0 6 -1 -1 -1 -1 -1 -1 499799 0 15 19 15 10 2 5 2 3
0 0 0 0 1 1 7 0 7 2 3 0 6 6 5 4 1 1 1 500799 0 15 19 15 10 2 6 2 3
0 0 0 0 1 6 1 0 7 2 3 0 5 -1 -1 -1 -1 -1 -1 501799 0 15 19 15 10 2 6 2 3
0 0 0 0 1 6 1 0 7 2 3 0 5 -1 -1 -1 -1 -1 -1 502798 0 15 19 15 10 2 6 2 3
0 0 0 0 1 6 1 0 7 2 3 0 5 -1 -1 -1 -1 -1 -1 503798 0 15 19 15 10 2 6 2 3
0 0 0 0 1 7 1 0 7 2 3 0 5 5 5 4 0 1 1 504798 0 15 19 15 10 2 6 2 3
0 0 0 0 1 6 1 0 7 2 3 0 5 -1 -1 -1 -1 -1 -1 505598 0 15 19 16 13 2 6 2 3
0 0 0 0 1 6 1 0 7 2 3 0 5 -1 -1 -1 -1 -1 -1 506364 0 15 19 16 13 2 6 2 3
0 0 0 0 6 1 1 0 7 2 3 0 4 -1 -1 -1 -1 -1 -1 507131 0 15 19 16 13 2 6 2 3
0 0 0 0 6 3 1 0 7 2 3 0 4 5 5 4 2 0 0 507897 0 15 19 16 13 2 5 2 3
0 0 0 0 1 6 1 0 7 2 3 0 5 -1 -1 -1 -1 -1 -1 508697 0 15 19 16 13 2 5 2 3
0 0 0 0 1 6 1 0 7 2 3 0 5 -1 -1 -1 -1 -1 -1 509463 0 15 19 16 13 2 5 2 3
0 0 0 0 1 1 6 0 7 2 3 0 6 -1 -1 -1 -1 -1 -1 510230 0 15 19 16 13 2 5 2 3
0 0 0 0 1 1 8 0 7 2 3 0 6 6 5 4 3 0 1 510996 0 15 19 16 13 2 6 2 3
0 0 0 0 1 6 1 0 7 2 3 0 5 -1 -1 -1 -1 -1 -1 511929 0 15 19 15 10 2 6 2 3
0 0 0 0 1 6 1 0 7 2 3 0 5 -1 -1 -1 -1 -1 -1 512929 0 15 19 15 10 2 6 2 3
0 0 0 0 1 6 1 0 7 2 3 0 5 -1 -1 -1 -1 -1 -1 513929 0 15 19 15 10 2 6 2 3
0 0 0 0 1 8 1 0 7 2 3 0 5 5 5 4 1 0 1 514929 0 15 19 15 10 2 8 0 3
0 0 0 0 1 6 1 0 7 2 3 0 5 -1 -1 -1 -1 -1 -1 515928 0 15 19 15 10 2 8 0 3
0 0 0 0 1 6 1 0 7 2 3 0 5 -1 -1 -1 -1 -1 -1 516928 0 15 19 15 10 2 8 0 3
0 0 0 0 6 1 1 0 7 2 3 0 4 -1 -1 -1 -1 -1 -1 517928 0 15 19 15 10 2 8 0 3
0 0 0 0 8 1 1 0 7 2 3 0 4 4 5 4 0 0 1 518928 0 15 19 15 10 2 4 2 3
0 0 0 0 1 6 1 0 7 2 3 0 5 -1 -1 -1 -1 -1 -1 519927 0 15 19 15 10 2 4 2 3
0 0 0 0 1 6 1 0 7 2 3 0 5 -1 -1 -1 -1 -1 -1 520927 0 15 19 15 10 2 4 2 3
0 0 0 0 6 1 1 0 7 2 3 0 4 -1 -1 -1 -1 -1 -1 521927 0 15 19 15 10 2 4 2 3
0 0 0 0 8 1 1 0 7 2 3 0 4 4 5 4 1 0 1 522927 0 15 19 15 10 2 4 2 3
0 0 0 0 6 1 1 0 7 2 3 0 4 -1 -1 -1 -1 -1 -1 523927 0 15 19 15 10 2 4 2 3
0 0 0 0 1 1 6 0 7 2 3 0 6 -1 -1 -1 -1 -1 -1 524926 0 15 19 15 10 2 4 2 3
0 0 0 0 1 1 6 0 7 2 3 0 6 -1 -1 -1 -1 -1 -1 525926 0 15 19 15 10 2 4 2 3
0 0 0 0 1 1 7 0 7 2 3 0 6 6 5 4 1 1 1 526926 0 15 19 15 10 2 5 2 3
0 0 0 0 1 1 6 0 7 2 3 0 6 -1 -1 -1 -1 -1 -1 527926 0 15 19 15 10 2 5 2 3
0 0 0 0 1 6 1 0 7 2 3 0 5 -1 -1 -1 -1 -1 -1 528925 0 15 19 15 10 2 5 2 3
0 0 0 0 1 6 1 0 7 2 3 0 5 -1 -1 -1 -1 -1 -1 529925 0 15 19 15 10 2 5 2 3
0 0 0 0 8 1 1 0 7 2 3 0 4 4 5 4 2 0 1 530925 0 15 19 15 10 2 6 2 3
0 0 0 0 1 6 1 0 7 2 3 0 5 -1 -1 -1 -1 -1 -1 531925 0 15 19 15 10 2 6 2 3
0 0 0 0 1 6 1 0 7 2 3 0 5 -1 -1 -1 -1 -1 -1 532924 0 15 19 15 10 2 6 2 3
0 0 0 0 1 6 1 0 7 2 3 0 5 -1 -1 -1 -1 -1 -1 533924 0 15 19 15 10 2 6 2 3
0 0 0 0 1 8 1 0 7 2 3 0 5 5 5 4 0 0 1 534924 0 15 19 15 10 2 6 2 3
0 0 0 0 1 6 1 0 7 2 3 0 5 -1 -1 -1 -1 -1 -1 535924 0 15 19 15 10 2 6 2 3
0 0 0 0 1 6 1 0 7 2 3 0 5 -1 -1 -1 -1 -1 -1 536923 0 15 19 15 10 2 6 2 3
0 0 0 0 1 6 1 0 7 2 3 0 5 -1 -1 -1 -1 -1 -1 537923 0 15 19 15 10 2 6 2 3
0 0 0 0 1 7 1 0 7 2 3 0 5 5 5 4 1 1 1 538923 0 15 19 15 10 2 5 2 3
0 0 0 0 1 6 1 0 7 2 3 0 5 -1 -1 -1 -1 -1 -1 539923 0 15 19 15 10 2 5 2 3
0 0 0 0 1 1 6 0 7 2 3 0 6 -1 -1 -1 -1 -1 -1 540922 0 15 19 15 10 2 5 2 3
0 0 0 0 1 1 6 0 7 2 3 0 6 -1 -1 -1 -1 -1 -1 541922 0 15 19 15 10 2 5 2 3
0 0 0 0 1 1 7 0 7 2 3 0 6 6 5 4 2 1 1 542922 0 15 19 15 10 2 6 2 3
0 0 0 0 1 6 1 0 7 2 3 0 5 -1 -1 -1 -1 -1 -1 543722 0 15 19 16 13 2 6 2 3
0 0 0 0 1 6 1 0 7 2 3 0 5 -1 -1 -1 -1 -1 -1 544522 0 15 19 16 13 2 6 2 3
0 0 0 0 6 1 1 0 7 2 3 0 4 -1 -1 -1 -1 -1 -1 545288 0 15 19 16 13 2 6 2 3
0 0 0 0 6 3 1 0 7 2 3 0 4 5 5 4 1 0 0 546054 0 15 19 16 13 2 8 0 3
0 0 0 0 1 6 1 0 7 2 3 0 5 -1 -1 -1 -1 -1 -1 546821 0 15 19 16 13 2 8 0 3
0 0 0 0 1 6 1 0 7 2 3 0 5 -1 -1 -1 -1 -1 -1 547587 0 15 19 16 13 2 8 0 3
0 0 0 0 1 6 1 0 7 2 3 0 5 -1 -1 -1 -1 -1 -1 548354 0 15 19 16 13 2 8 0 3
0 0 0 0 3 6 1 0 7 2 3 0 5 4 5 4 3 0 0 549120 0 15 19 16 13 2 4 2 3
0 0 0 0 1 6 1 0 7 2 3 0 5 -1 -1 -1 -1 -1 -1 549887 0 15 19 16 13 2 4 2 3
0 0 0 0 1 6 1 0 7 2 3 0 5 -1 -1 -1 -1 -1 -1 550653 0 15 19 16 13 2 4 2 3
0 0 0 0 1 6 1 0 7 2 3 0 5 -1 -1 -1 -1 -1 -1 551420 0 15 19 16 13 2 4 2 3
0 0 0 0 3 6 1 0 7 2 3 0 5 4 5 4 3 0 0 552186 0 15 19 16 13 2 4 2 3
0 0 0 0 1 6 1 0 7 2 3 0 5 -1 -1 -1 -1 -1 -1 552953 0 15 19 16 13 2 4 2 3
0 0 0 0 1 6 1 0 7 2 3 0 5 -1 -1 -1 -1 -1 -1 553719 0 15 19 16 13 2 4 2 3
0 0 0 0 1 6 1 0 7 2 3 0 5 -1 -1 -1 -1 -1 -1 554486 0 15 19 16 13 2 4 2 3
0 0 0 0 3 6 1 0 7 2 3 0 5 4 5 4 2 0 0 555286 0 15 19 16 13 2 5 2 3
0 0 0 0 1 6 1 0 7 2 3 0 5 -1 -1 -1 -1 -1 -1 556052 0 15 19 16 13 2 5 2 3
0 0 0 0 1 6 1 0 7 2 3 0 5 -1 -1 -1 -1 -1 -1 556819 0 15 19 16 13 2 5 2 3
0 0 0 0 1 6 1 0 8 2 3 0 5 -1 -1 -1 -1 -1 -1 566350 0 15 19 16 60 2 8 0 3
0 0 0 0 1 6 1 0 8 2 3 0 5 -1 -1 -1 -1 -1 -1 566516 0 15 19 16 60 2 8 0 3
0 0 0 0 1 6 1 0 8 2 3 0 5 -1 -1 -1 -1 -1 -1 566683 0 15 19 16 60 2 4 2 3
0 0 0 0 1 6 1 0 8 2 3 0 5 -1 -1 -1 -1 -1 -1 566849 0 15 19 16 50.6 2 4 2 3
0 0 0 0 1 6 1 0 8 2 3 0 5 -1 -1 -1 -1 -1 -1 567116 0 15 19 16 25.5333 2 4 2 3
0 0 0 0 1 6 1 0 8 2 3 0 5 -1 -1 -1 -1 -1 -1 567849 0 15 19 16 13 2 4 2 3
0 0 0 0 1 6 1 0 8 2 3 0 5 -1 -1 -1 -1 -1 -1 568616 0 15 19 16 13 2 5 2 3
0 0 0 0 1 6 1 0 8 2 3 0 5 -1 -1 -1 -1 -1 -1 569382 0 15 19 16 13 2 5 2 3
0 0 0 0 1 6 1 0 8 2 3 0 5 -1 -1 -1 -1 -1 -1 570149 0 15 19 16 13 2 5 2 3
0 0 0 0 6 1 1 0 8 2 3 0 4 -1 -1 -1 -1 -1 -1 570915 0 15 19 16 13 2 5 2 3
0 0 0 0 6 3 1 0 8 2 3 0 4 5 5 4 1 0 0 571682 0 15 19 16 13 2 6 2 3
0 0 0 0 1 6 1 0 8 2 3 0 5 -1 -1 -1 -1 -1 -1 572448 0 15 19 16 13 2 6 2 3
0 0 0 0 1 6 1 0 8 2 3 0 5 -1 -1 -1 -1 -1 -1 573214 0 15 19 16 13 2 6 2 3
0 0 0 0 1 1 6 0 8 2 3 0 6 -1 -1 -1 -1 -1 -1 573981 0 15 19 16 13 2 6 2 3
0 0 0 0 1 3 6 0 8 2 3 0 6 5 5 4 3 0 0 574747 0 15 19 16 13 2 6 2 3
0 0 0 0 1 1 6 0 8 2 3 0 6 -1 -1 -1 -1 -1 -1 575547 0 15 19 16 13 2 6 2 3
0 0 0 0 1 1 6 0 8 2 3 0 6 -1 -1 -1 -1 -1 -1 576314 0 15 19 16 13 2 6 2 3
0 0 0 0 1 1 6 0 8 2 3 0 6 -1 -1 -1 -1 -1 -1 577080 0 15 19 16 13 2 6 2 3
0 0 0 0 1 3 6 0 8 2 3 0 6 5 5 4 3 0 0 577847 0 15 19 16 13 2 5 2 3
0 0 0 0 1 1 6 0 8 2 3 0 6 -1 -1 -1 -1 -1 -1 578613 0 15 19 16 13 2 5 2 3
0 0 0 0 1 6 1 0 8 2 3 0 5 -1 -1 -1 -1 -1 -1 579380 0 15 19 16 13 2 5 2 3
0 0 0 0 1 6 1 0 8 2 3 0 5 -1 -1 -1 -1 -1 -1 580146 0 15 19 16 13 2 5 2 3
0 0 0 0 1 6 3 0 8 2 3 0 5 6 5 4 2 0 0 580913 0 15 19 16 13 2 5 2 3
0 0 0 0 1 6 1 0 8 2 3 0 5 -1 -1 -1 -1 -1 -1 581679 0 15 19 16 13 2 5 2 3
0 0 0 0 1 6 1 0 8 2 3 0 5 -1 -1 -1 -1 -1 -1 582446 0 15 19 16 13 2 5 2 3
0 0 0 0 1 6 1 0 8 2 3 0 5 -1 -1 -1 -1 -1 -1 583212 0 15 19 16 13 2 5 2 3
0 0 0 0 1 7 1 0 8 2 3 0 5 5 5 4 3 1 1 583979 0 15 19 16 13 2 4 2 3
0 0 0 0 1 6 1 0 8 2 3 0 5 -1 -1 -1 -1 -1 -1 584745 0 15 19 16 13 2 4 2 3
0 0 0 0 6 1 1 0 8 2 3 0 4 -1 -1 -1 -1 -1 -1 585545 0 15 19 16 13 2 4 2 3
0 0 0 0 6 1 1 0 8 2 3 0 4 -1 -1 -1 -1 -1 -1 586311 0 15 19 16 13 2 4 2 3
0 0 0 0 6 3 1 0 8 2 3 0 4 5 5 4 1 0 0 587078 0 15 19 16 13 2 8 0 3
0 0 0 0 6 1 1 0 8 2 3 0 4 -1 -1 -1 -1 -1 -1 587844 0 15 19 16 13 2 8 0 3
0 0 0 0 6 1 1 0 8 2 3 0 4 -1 -1 -1 -1 -1 -1 588611 0 15 19 16 13 2 8 0 3
0 0 0 0 6 1 1 0 8 2 3 0 4 -1 -1 -1 -1 -1 -1 589377 0 15 19 16 13 2 8 0 3
0 0 0 0 7 1 1 0 8 2 3 0 4 4 5 4 2 1 1 590144 0 15 19 16 13 2 4 2 3
0 0 0 0 6 1 1 0 8 2 3 0 4 -1 -1 -1 -1 -1 -1 590777 0 15 19 17 16 2 4 2 3
0 0 0 0 1 6 1 0 8 2 3 0 5 -1 -1 -1 -1 -1 -1 591410 0 15 19 17 16 2 4 2 3
0 0 0 0 1 6 1 0 8 2 3 0 5 -1 -1 -1 -1 -1 -1 592043 0 15 19 17 16 2 4 2 3
0 0 0 0 1 6 3 0 8 2 3 0 5 6 5 4 1 0 0 592676 0 15 19 17 16 2 5 2 3
0 0 0 0 1 6 1 0 8 2 3 0 5 -1 -1 -1 -1 -1 -1 593276 0 15 19 17 16 2 5 2 3
0 0 0 0 1 1 6 0 8 2 3 0 6 -1 -1 -1 -1 -1 -1 593909 0 15 19 17 16 2 5 2 3
0 0 0 0 1 1 6 0 8 2 3 0 6 -1 -1 -1 -1 -1 -1 594543 0 15 19 17 16 2 5 2 3
0 0 0 0 1 1 7 0 8 2 3 0 6 6 5 4 1 1 1 595176 0 15 19 17 16 2 6 2 3
0 0 0 1 1 6 1 1 9 1 2 1 5 -1 -1 -1 -1 -1 -1 601441 0 15 19 19 60 2 8 0 5
0 0 0 1 1 6 1 1 9 1 2 1 5 -1 -1 -1 -1 -1 -1 601608 0 15 19 19 60 2 8 0 5
0 0 0 1 1 6 1 1 9 1 2 1 5 -1 -1 -1 -1 -1 -1 601774 0 15 19 19 60 2 5 2 5
0 0 0 1 1 6 1 1 9 1 2 1 5 -1 -1 -1 -1 -1 -1 601941 0 15 19 19 52.2 2 5 2 5
0 0 0 1 1 6 1 1 9 1 2 1 5 -1 -1 -1 -1 -1 -1 602174 0 15 19 19 34 2 5 2 5
0 0 0 1 1 6 1 1 9 1 2 1 5 -1 -1 -1 -1 -1 -1 602607 0 15 19 19 21 2 5 2 5
0 0 0 1 1 6 1 1 9 1 2 1 5 -1 -1 -1 -1 -1 -1 603074 0 15 19 19 21 2 5 2 5
0 0 0 1 1 6 1 1 9 1 2 1 5 -1 -1 -1 -1 -1 -1 603574 0 15 19 19 21 2 5 2 5
0 0 0 1 1 6 1 1 9 1 2 1 5 -1 -1 -1 -1 -1 -1 604040 0 15 19 19 21 2 5 2 5
0 0 0 1 1 6 1 1 9 1 2 1 5 -1 -1 -1 -1 -1 -1 604507 0 15 19 19 21 2 5 2 5
0 0 0 1 1 6 3 1 9 1 2 1 5 6 4 8 3 0 0 605007 0 15 19 19 21 2 5 2 5
0 0 0 1 1 6 1 1 9 1 2 1 5 -1 -1 -1 -1 -1 -1 605473 0 15 19 19 21 2 5 2 5
0 0 0 1 1 6 1 1 9 1 2 1 5 -1 -1 -1 -1 -1 -1 605940 0 15 19 19 21 2 5 2 5
0 0 0 1 1 6 1 1 9 1 2 1 5 -1 -1 -1 -1 -1 -1 606406 0 15 19 19 21 2 5 2 5
0 0 0 1 3 6 1 1 9 1 2 1 5 4 4 7 2 0 0 606906 0 15 19 19 21 2 4 2 5
0 0 0 1 1 6 1 1 9 1 2 1 5 -1 -1 -1 -1 -1 -1 607373 0 15 19 19 21 2 4 2 5
0 0 0 1 1 6 1 1 9 1 2 1 5 -1 -1 -1 -1 -1 -1 607839 0 15 19 19 21 2 4 2 5
0 0 0 1 1 6 1 1 9 1 2 1 5 -1 -1 -1 -1 -1 -1 608339 0 15 19 19 21 2 4 2 5
0 0 0 3 1 6 1 1 9 1 2 1 5 3 4 5 0 0 0 608806 0 15 19 19 21 2 6 2 5
0 0 0 1 1 6 1 1 9 1 2 1 5 -1 -1 -1 -1 -1 -1 609272 0 15 19 19 21 2 6 2 5
0 0 0 1 6 1 1 1 9 1 2 1 4 -1 -1 -1 -1 -1 -1 609739 0 15 19 19 21 2 6 2 5
0 0 0 1 1 6 1 1 9 1 2 1 5 -1 -1 -1 -1 -1 -1 610239 0 15 19 19 21 2 6 2 5
0 0 0 1 3 6 1 1 9 1 2 1 5 4 4 6 1 0 0 610705 0 15 19 19 21 2 6 2 5
0 0 0 1 1 6 1 1 9 1 2 1 5 -1 -1 -1 -1 -1 -1 611172 0 15 19 19 21 2 6 2 5
0 0 0 1 1 6 1 1 9 1 2 1 5 -1 -1 -1 -1 -1 -1 611672 0 15 19 19 21 2 6 2 5
0 0 0 1 1 1 6 1 9 1 2 1 6 -1 -1 -1 -1 -1 -1 612138 0 15 19 19 21 2 6 2 5
0 0 0 1 1 1 7 1 9 1 2 1 6 6 4 5 0 1 1 612605 0 15 19 19 21 2 4 2 5
0 0 0 1 1 6 1 1 9 1 2 1 5 -1 -1 -1 -1 -1 -1 613071 0 15 19 19 21 2 4 2 5
0 0 0 1 1 6 1 1 9 1 2 1 5 -1 -1 -1 -1 -1 -1 613571 0 15 19 19 21 2 4 2 5
0 0 0 1 1 6 1 1 9 1 2 1 5 -1 -1 -1 -1 -1 -1 614038 0 15 19 19 21 2 4 2 5
0 0 0 1 1 8 1 2 9 1 2 1 5 7 4 6 1 1 0 614504 0 15 19 19 21 2 8 0 5
0 0 0 1 1 6 1 1 9 1 2 1 5 -1 -1 -1 -1 -1 -1 615038 0 15 19 18 19 2 8 0 5
0 0 0 1 1 6 1 1 9 1 2 1 5 -1 -1 -1 -1 -1 -1 615571 0 15 19 18 19 2 8 0 5
0 0 0 1 1 1 6 1 9 1 2 1 6 -1 -1 -1 -1 -1 -1 616071 0 15 19 18 19 2 8 0 5
0 0 0 1 1 7 1 1 9 1 2 1 5 5 4 5 0 1 1 616604 0 15 19 18 19 2 5 2 5
0 0 0 1 1 6 1 1 9 1 2 1 5 -1 -1 -1 -1 -1 -1 617137 0 15 19 18 19 2 5 2 5
0 0 0 1 1 6 1 1 9 1 2 1 5 -1 -1 -1 -1 -1 -1 617670 0 15 19 18 19 2 5 2 5
0 0 0 1 6 1 1 1 9 1 2 1 4 -1 -1 -1 -1 -1 -1 618204 0 15 19 18 19 2 5 2 5
0 0 0 1 6 3 1 1 9 1 2 1 4 5 4 8 3 0 0 618703 0 15 19 18 19 2 5 2 5
0 0 0 1 1 6 1 1 9 1 2 1 5 -1 -1 -1 -1 -1 -1 619237 0 15 19 18 19 2 5 2 5
0 0 0 1 1 6 1 1 9 1 2 1 5 -1 -1 -1 -1 -1 -1 619770 0 15 19 18 19 2 5 2 5
0 0 0 1 1 6 1 1 9 1 2 1 5 -1 -1 -1 -1 -1 -1 620303 0 15 19 18 19 2 5 2 5
0 0 0 1 1 6 1 3 9 1 2 1 5 7 4 7 2 0 0 620803 0 15 19 18 19 2 5 2 5
0 0 0 1 1 6 1 1 9 1 2 1 5 -1 -1 -1 -1 -1 -1 621336 0 15 19 18 19 2 5 2 5
0 0 0 1 1 6 1 1 9 1 2 1 5 -1 -1 -1 -1 -1 -1 621869 0 15 19 18 19 2 5 2 5
0 0 0 1 1 6 1 1 9 1 2 1 5 -1 -1 -1 -1 -1 -1 622402 0 15 19 18 19 2 5 2 5
0 0 0 1 1 6 3 1 9 1 2 1 5 6 4 6 1 0 0 622936 0 15 19 18 19 2 4 2 5
0 0 0 1 1 6 1 1 9 1 2 1 5 -1 -1 -1 -1 -1 -1 623436 0 15 19 18 19 2 4 2 5
0 0 0 1 1 6 1 1 9 1 2 1 5 -1 -1 -1 -1 -1 -1 623969 0 15 19 18 19 2 4 2 5
0 0 0 1 1 6 1 1 9 1 2 1 5 -1 -1 -1 -1 -1 -1 624502 0 15 19 18 19 2 4 2 5
0 0 0 1 3 6 1 1 9 1 2 1 5 4 4 8 3 0 0 625035 0 15 19 18 19 2 6 2 5
0 0 0 1 1 6 1 1 9 1 2 1 5 -1 -1 -1 -1 -1 -1 625568 0 15 19 18 19 2 6 2 5
0 0 0 1 1 6 1 1 9 1 2 1 5 -1 -1 -1 -1 -1 -1 626068 0 15 19 18 19 2 6 2 5
0 0 0 1 1 6 1 1 9 1 2 1 5 -1 -1 -1 -1 -1 -1 626601 0 15 19 18 19 2 6 2 5
0 0 0 3 1 6 1 1 9 1 2 1 5 3 4 7 2 0 0 627135 0 15 19 18 19 2 6 2 5
0 0 0 1 1 6 1 1 9 1 2 1 5 -1 -1 -1 -1 -1 -1 627668 0 15 19 18 19 2 6 2 5
0 0 0 1 1 6 1 1 9 1 2 1 5 -1 -1 -1 -1 -1 -1 628168 0 15 19 18 19 2 6 2 5
0 0 0 1 6 1 1 1 9 1 2 1 4 -1 -1 -1 -1 -1 -1 628701 0 15 19 18 19 2 6 2 5
0 0 0 1 6 3 1 1 9 1 2 1 4 5 4 6 1 0 0 629234 0 15 19 18 19 2 4 2 5
0 0 0 1 1 6 1 1 9 1 2 1 5 -1 -1 -1 -1 -1 -1 629767 0 15 19 18 19 2 4 2 5
0 0 0 1 1 6 1 1 9 1 2 1 5 -1 -1 -1 -1 -1 -1 630301 0 15 19 18 19 2 4 2 5
0 0 0 1 1 6 1 1 9 1 2 1 5 -1 -1 -1 -1 -1 -1 630800 0 15 19 18 19 2 4 2 5
0 0 0 3 1 6 1 1 9 1 2 1 5 3 4 8 3 0 0 631334 0 15 19 18 19 2 8 0 5
0 0 0 1 1 6 1 1 9 1 2 1 5 -1 -1 -1 -1 -1 -1 631867 0 15 19 18 19 2 8 0 5
0 0 0 1 6 1 1 1 9 1 2 1 4 -1 -1 -1 -1 -1 -1 632400 0 15 19 18 19 2 8 0 5
0 0 0 1 6 1 1 1 9 1 2 1 4 -1 -1 -1 -1 -1 -1 632933 0 15 19 18 19 2 8 0 5
0 0 0 1 7 1 1 1 9 1 2 1 4 4 4 6 1 1 1 633433 0 15 19 18 19 2 5 2 5
0 0 0 1 1 6 1 1 9 1 2 1 5 -1 -1 -1 -1 -1 -1 633933 0 15 19 19 21 2 5 2 5
0 0 0 1 1 6 1 1 9 1 2 1 5 -1 -1 -1 -1 -1 -1 634400 0 15 19 19 21 2 5 2 5
0 0 0 1 1 1 6 1 9 1 2 1 6 -1 -1 -1 -1 -1 -1 634866 0 15 19 19 21 2 5 2 5
0 0 0 1 1 1 7 1 9 1 2 1 6 6 4 8 3 1 1 635366 0 15 19 19 21 2 5 2 5
0 0 0 1 1 1 6 1 9 1 2 1 6 -1 -1 -1 -1 -1 -1 635833 0 15 19 19 21 2 5 2 5
0 0 0 1 1 1 6 1 9 1 2 1 6 -1 -1 -1 -1 -1 -1 636299 0 15 19 19 21 2 5 2 5
0 0 0 1 1 6 1 1 9 1 2 1 5 -1 -1 -1 -1 -1 -1 636799 0 15 19 19 21 2 5 2 5
0 0 0 1 1 7 1 1 9 1 2 1 5 5 4 6 1 1 1 637266 0 15 19 19 21 2 5 2 5
0 0 0 1 1 6 1 1 9 1 2 1 5 -1 -1 -1 -1 -1 -1 637732 0 15 19 19 21 2 5 2 5
0 0 0 1 1 6 1 1 9 1 2 1 5 -1 -1 -1 -1 -1 -1 638199 0 15 19 19 21 2 5 2 5
0 0 0 1 1 6 1 1 9 1 2 1 5 -1 -1 -1 -1 -1 -1 638699 0 15 19 19 21 2 5 2 5
0 0 0 3 1 6 1 1 9 1 2 1 5 3 4 7 2 0 0 639165 0 15 19 19 21 2 4 2 5
0 0 0 1 1 6 1 1 9 1 2 1 5 -1 -1 -1 -1 -1 -1 639632 0 15 19 19 21 2 4 2 5
0 0 0 1 1 6 1 1 9 1 2 1 5 -1 -1 -1 -1 -1 -1 640131 0 15 19 19 21 2 4 2 5
0 0 0 1 1 6 1 1 9 1 2 1 5 -1 -1 -1 -1 -1 -1 640598 0 15 19 19 21 2 4 2 5
0 0 0 3 1 6 1 1 9 1 2 1 5 3 4 8 3 0 0 641065 0 15 19 19 21 2 6 2 5
0 0 0 1 1 6 1 1 9 1 2 1 5 -1 -1 -1 -1 -1 -1 641531 0 15 19 19 21 2 6 2 5
0 0 0 1 1 6 1 1 9 1 2 1 5 -1 -1 -1 -1 -1 -1 642031 0 15 19 19 21 2 6 2 5
0 0 0 1 6 1 1 1 9 1 2 1 4 -1 -1 -1 -1 -1 -1 642498 0 15 19 19 21 2 6 2 5
0 0 0 1 6 3 1 1 9 1 2 1 4 5 4 6 1 0 0 642964 0 15 19 19 21 2 6 2 5
0 0 0 1 1 6 1 1 9 1 2 1 5 -1 -1 -1 -1 -1 -1 643464 0 15 19 19 21 2 6 2 5
0 0 0 1 1 6 1 1 9 1 2 1 5 -1 -1 -1 -1 -1 -1 643931 0 15 19 19 21 2 6 2 5
0 0 0 1 1 6 1 1 9 1 2 1 5 -1 -1 -1 -1 -1 -1 644397 0 15 19 19 21 2 6 2 5
0 0 0 3 1 6 1 1 9 1 2 1 5 3 4 7 2 0 0 644864 0 15 19 19 21 2 4 2 5
0 0 0 1 1 6 1 1 9 1 2 1 5 -1 -1 -1 -1 -1 -1 645364 0 15 19 19 21 2 4 2 5
0 0 0 1 1 6 1 1 9 1 2 1 5 -1 -1 -1 -1 -1 -1 645830 0 15 19 19 21 2 4 2 5
0 0 0 6 1 1 1 1 9 1 2 1 3 -1 -1 -1 -1 -1 -1 646297 0 15 19 19 21 2 4 2 5
0 0 0 7 1 1 1 1 9 1 2 1 3 3 4 6 1 1 1 646763 0 15 19 19 21 2 8 0 5
0 0 0 1 6 1 1 1 9 1 2 1 4 -1 -1 -1 -1 -1 -1 647263 0 15 19 19 21 2 8 0 5
0 0 0 1 6 1 1 1 9 1 2 1 4 -1 -1 -1 -1 -1 -1 647730 0 15 19 19 21 2 8 0 5
0 0 0 1 6 1 1 1 9 1 2 1 4 -1 -1 -1 -1 -1 -1 648196 0 15 19 19 21 2 8 0 5
0 0 0 1 6 3 1 1 9 1 2 1 4 5 4 8 3 0 0 648696 0 15 19 19 21 2 5 2 5
0 0 0 1 6 1 1 1 9 1 2 1 4 -1 -1 -1 -1 -1 -1 649163 0 15 19 19 21 2 5 2 5
0 0 0 1 1 6 1 1 9 1 2 1 5 -1 -1 -1 -1 -1 -1 649629 0 15 19 19 21 2 5 2 5
0 0 0 1 1 1 6 1 9 1 2 1 6 -1 -1 -1 -1 -1 -1 650096 0 15 19 19 21 2 5 2 5
0 0 0 1 1 1 1 7 9 1 2 1 7 7 4 6 1 1 1 650596 0 15 19 19 21 2 5 2 5
0 0 0 1 1 1 1 6 9 1 2 1 7 -1 -1 -1 -1 -1 -1 651062 0 15 19 19 21 2 5 2 5
0 0 0 1 1 1 6 1 9 1 2 1 6 -1 -1 -1 -1 -1 -1 651529 0 15 19 19 21 2 5 2 5
0 0 0 1 1 1 6 1 9 1 2 1 6 -1 -1 -1 -1 -1 -1 652029 0 15 19 19 21 2 5 2 5
0 0 0 1 1 1 7 1 9 1 2 1 6 6 4 8 3 1 1 652495 0 15 19 19 21 2 5 2 5
0 0 0 1 1 1 6 1 9 1 2 1 6 -1 -1 -1 -1 -1 -1 652962 0 15 19 19 21 2 5 2 5
0 0 0 1 1 6 1 1 9 1 2 1 5 -1 -1 -1 -1 -1 -1 653428 0 15 19 19 21 2 5 2 5
0 0 0 1 1 6 1 1 9 1 2 1 5 -1 -1 -1 -1 -1 -1 653928 0 15 19 19 21 2 5 2 5
0 0 0 1 3 6 1 1 9 1 2 1 5 4 4 7 2 0 0 654395 0 15 19 19 21 2 4 2 5
0 0 0 1 1 6 1 1 9 1 2 1 5 -1 -1 -1 -1 -1 -1 654861 0 15 19 19 21 2 4 2 5
0 0 0 1 1 6 1 1 9 1 2 1 5 -1 -1 -1 -1 -1 -1 655361 0 15 19 19 21 2 4 2 5
0 0 0 1 1 6 1 1 9 1 2 1 5 -1 -1 -1 -1 -1 -1 655828 0 15 19 19 21 2 4 2 5
0 0 0 1 3 6 1 1 9 1 2 1 5 4 4 6 1 0 0 656294 0 15 19 19 21 2 6 2 5
0 0 0 1 1 6 1 1 9 1 2 1 5 -1 -1 -1 -1 -1 -1 656761 0 15 19 19 21 2 6 2 5
0 0 0 1 1 6 1 1 9 1 2 1 5 -1 -1 -1 -1 -1 -1 657261 0 15 19 19 21 2 6 2 5
0 0 0 1 1 6 1 1 9 1 2 1 5 -1 -1 -1 -1 -1 -1 657727 0 15 19 19 21 2 6 2 5
0 0 0 1 1 7 1 1 9 1 2 1 5 5 4 7 2 1 1 658194 0 15 19 19 21 2 6 2 5
0 0 0 1 1 6 1 1 9 1 2 1 5 -1 -1 -1 -1 -1 -1 601441 0 15 19 19 60 2 8 0 5
0 0 0 1 1 6 1 1 9 1 2 1 5 -1 -1 -1 -1 -1 -1 601608 0 15 19 19 60 2 8 0 5
0 0 0 1 1 6 1 1 9 1 2 1 5 -1 -1 -1 -1 -1 -1 601774 0 15 19 19 60 2 5 2 5
0 0 0 1 1 6 1 1 9 1 2 1 5 -1 -1 -1 -1 -1 -1 601941 0 15 19 19 52.2 2 5 2 5
0 0 0 1 1 6 1 1 9 1 2 1 5 -1 -1 -1 -1 -1 -1 602174 0 15 19 19 34 2 5 2 5
0 0 0 1 1 6 1 1 9 1 2 1 5 -1 -1 -1 -1 -1 -1 602607 0 15 19 19 21 2 5 2 5
0 0 0 1 1 6 1 1 9 1 2 1 5 -1 -1 -1 -1 -1 -1 603074 0 15 19 19 21 2 5 2 5
0 0 0 1 1 6 1 1 9 1 2 1 5 -1 -1 -1 -1 -1 -1 603574 0 15 19 19 21 2 5 2 5
0 0 0 1 1 6 1 1 9 1 2 1 5 -1 -1 -1 -1 -1 -1 604040 0 15 19 19 21 2 5 2 5
0 0 0 1 1 6 1 1 9 1 2 1 5 -1 -1 -1 -1 -1 -1 604507 0 15 19 19 21 2 5 2 5
0 0 0 1 1 6 3 1 9 1 2 1 5 6 4 8 3 0 0 605007 0 15 19 19 21 2 5 2 5
0 0 0 1 1 6 1 1 9 1 2 1 5 -1 -1 -1 -1 -1 -1 605473 0 15 19 19 21 2 5 2 5
0 0 0 1 1 6 1 1 9 1 2 1 5 -1 -1 -1 -1 -1 -1 605940 0 15 19 19 21 2 5 2 5
0 0 0 1 1 6 1 1 9 1 2 1 5 -1 -1 -1 -1 -1 -1 606406 0 15 19 19 21 2 5 2 5
0 0 0 1 3 6 1 1 9 1 2 1 5 4 4 7 2 0 0 606906 0 15 19 19 21 2 4 2 5
0 0 0 1 1 6 1 1 9 1 2 1 5 -1 -1 -1 -1 -1 -1 607373 0 15 19 19 21 2 4 2 5
0 0 0 1 1 6 1 1 9 1 2 1 5 -1 -1 -1 -1 -1 -1 607839 0 15 19 19 21 2 4 2 5
0 0 0 1 1 6 1 1 9 1 2 1 5 -1 -1 -1 -1 -1 -1 608339 0 15 19 19 21 2 4 2 5
0 0 0 3 1 6 1 1 9 1 2 1 5 3 4 5 0 0 0 608806 0 15 19 19 21 2 6 2 5
0 0 0 1 1 6 1 1 9 1 2 1 5 -1 -1 -1 -1 -1 -1 609272 0 15 19 19 21 2 6 2 5
0 0 0 1 6 1 1 1 9 1 2 1 4 -1 -1 -1 -1 -1 -1 609739 0 15 19 19 21 2 6 2 5
0 0 0 1 1 6 1 1 9 1 2 1 5 -1 -1 -1 -1 -1 -1 610239 0 15 19 19 21 2 6 2 5
0 0 0 1 3 6 1 1 9 1 2 1 5 4 4 6 1 0 0 610705 0 15 19 19 21 2 6 2 5
0 0 0 1 1 6 1 1 9 1 2 1 5 -1 -1 -1 -1 -1 -1 611172 0 15 19 19 21 2 6 2 5
0 0 0 1 1 6 1 1 9 1 2 1 5 -1 -1 -1 -1 -1 -1 611672 0 15 19 19 21 2 6 2 5
0 0 0 1 1 1 6 1 9 1 2 1 6 -1 -1 -1 -1 -1 -1 612138 0 15 19 19 21 2 6 2 5
0 0 0 1 1 1 7 1 9 1 2 1 6 6 4 5 0 1 1 612605 0 15 19 19 21 2 4 2 5
0 0 0 1 1 6 1 1 9 1 2 1 5 -1 -1 -1 -1 -1 -1 613071 0 15 19 19 21 2 4 2 5
0 0 0 1 1 6 1 1 9 1 2 1 5 -1 -1 -1 -1 -1 -1 613571 0 15 19 19 21 2 4 2 5
0 0 0 1 1 6 1 1 9 1 2 1 5 -1 -1 -1 -1 -1 -1 614038 0 15 19 19 21 2 4 2 5
0 0 0 1 1 8 1 2 9 1 2 1 5 7 4 6 1 1 0 614504 0 15 19 19 21 2 8 0 5
0 0 0 1 1 6 1 1 9 1 2 1 5 -1 -1 -1 -1 -1 -1 615038 0 15 19 18 19 2 8 0 5
0 0 0 1 1 6 1 1 9 1 2 1 5 -1 -1 -1 -1 -1 -1 615571 0 15 19 18 19 2 8 0 5
0 0 0 1 1 1 6 1 9 1 2 1 6 -1 -1 -1 -1 -1 -1 616071 0 15 19 18 19 2 8 0 5
0 0 0 1 1 7 1 1 9 1 2 1 5 5 4 5 0 1 1 616604 0 15 19 18 19 2 5 2 5
0 0 0 1 1 6 1 1 9 1 2 1 5 -1 -1 -1 -1 -1 -1 617137 0 15 19 18 19 2 5 2 5
0 0 0 1 1 6 1 1 9 1 2 1 5 -1 -1 -1 -1 -1 -1 617670 0 15 19 18 19 2 5 2 5
0 0 0 1 6 1 1 1 9 1 2 1 4 -1 -1 -1 -1 -1 -1 618204 0 15 19 18 19 2 5 2 5
0 0 0 1 6 3 1 1 9 1 2 1 4 5 4 8 3 0 0 618703 0 15 19 18 19 2 5 2 5
0 0 0 1 1 6 1 1 9 1 2 1 5 -1 -1 -1 -1 -1 -1 619237 0 15 19 18 19 2 5 2 5
0 0 0 1 1 6 1 1 9 1 2 1 5 -1 -1 -1 -1 -1 -1 619770 0 15 19 18 19 2 5 2 5
0 0 0 1 1 6 1 1 9 1 2 1 5 -1 -1 -1 -1 -1 -1 620303 0 15 19 18 19 2 5 2 5
0 0 0 1 1 6 1 3 9 1 2 1 5 7 4 7 2 0 0 620803 0 15 19 18 19 2 5 2 5
0 0 0 1 1 6 1 1 9 1 2 1 5 -1 -1 -1 -1 -1 -1 621336 0 15 19 18 19 2 5 2 5
0 0 0 1 1 6 1 1 9 1 2 1 5 -1 -1 -1 -1 -1 -1 621869 0 15 19 18 19 2 5 2 5
0 0 0 1 1 6 1 1 9 1 2 1 5 -1 -1 -1 -1 -1 -1 622402 0 15 19 18 19 2 5 2 5
0 0 0 1 1 6 3 1 9 1 2 1 5 6 4 6 1 0 0 622936 0 15 19 18 19 2 4 2 5
0 0 0 1 1 6 1 1 9 1 2 1 5 -1 -1 -1 -1 -1 -1 623436 0 15 19 18 19 2 4 2 5
0 0 0 1 1 6 1 1 9 1 2 1 5 -1 -1 -1 -1 -1 -1 623969 0 15 19 18 19 2 4 2 5
0 0 0 1 1 6 1 1 9 1 2 1 5 -1 -1 -1 -1 -1 -1 624502 0 15 19 18 19 2 4 2 5
0 0 0 1 3 6 1 1 9 1 2 1 5 4 4 8 3 0 0 625035 0 15 19 18 19 2 6 2 5
0 0 0 1 1 6 1 1 9 1 2 1 5 -1 -1 -1 -1 -1 -1 625568 0 15 19 18 19 2 6 2 5
0 0 0 1 1 6 1 1 9 1 2 1 5 -1 -1 -1 -1 -1 -1 626068 0 15 19 18 19 2 6 2 5
0 0 0 1 1 6 1 1 9 1 2 1 5 -1 -1 -1 -1 -1 -1 626601 0 15 19 18 19 2 6 2 5
0 0 0 3 1 6 1 1 9 1 2 1 5 3 4 7 2 0 0 627135 0 15 19 18 19 2 6 2 5
0 0 0 1 1 6 1 1 9 1 2 1 5 -1 -1 -1 -1 -1 -1 627668 0 15 19 18 19 2 6 2 5
0 0 0 1 1 6 1 1 9 1 2 1 5 -1 -1 -1 -1 -1 -1 628168 0 15 19 18 19 2 6 2 5
0 0 0 1 6 1 1 1 9 1 2 1 4 -1 -1 -1 -1 -1 -1 628701 0 15 19 18 19 2 6 2 5
0 0 0 1 6 3 1 1 9 1 2 1 4 5 4 6 1 0 0 629234 0 15 19 18 19 2 4 2 5
0 0 0 1 1 6 1 1 9 1 2 1 5 -1 -1 -1 -1 -1 -1 629767 0 15 19 18 19 2 4 2 5
0 0 0 1 1 6 1 1 9 1 2 1 5 -1 -1 -1 -1 -1 -1 630301 0 15 19 18 19 2 4 2 5
0 0 0 1 1 6 1 1 9 1 2 1 5 -1 -1 -1 -1 -1 -1 630800 0 15 19 18 19 2 4 2 5
0 0 0 3 1 6 1 1 9 1 2 1 5 3 4 8 3 0 0 631334 0 15 19 18 19 2 8 0 5
0 0 0 1 1 6 1 1 9 1 2 1 5 -1 -1 -1 -1 -1 -1 631867 0 15 19 18 19 2 8 0 5
0 0 0 1 6 1 1 1 9 1 2 1 4 -1 -1 -1 -1 -1 -1 632400 0 15 19 18 19 2 8 0 5
0 0 0 1 6 1 1 1 9 1 2 1 4 -1 -1 -1 -1 -1 -1 632933 0 15 19 18 19 2 8 0 5
0 0 0 1 7 1 1 1 9 1 2 1 4 4 4 6 1 1 1 633433 0 15 19 18 19 2 5 2 5
0 0 0 1 1 6 1 1 9 1 2 1 5 -1 -1 -1 -1 -1 -1 633933 0 15 19 19 21 2 5 2 5
0 0 0 1 1 6 1 1 9 1 2 1 5 -1 -1 -1 -1 -1 -1 634400 0 15 19 19 21 2 5 2 5
0 0 0 1 1 1 6 1 9 1 2 1 6 -1 -1 -1 -1 -1 -1 634866 0 15 19 19 21 2 5 2 5
0 0 0 1 1 1 7 1 9 1 2 1 6 6 4 8 3 1 1 635366 0 15 19 19 21 2 5 2 5
0 0 0 1 1 1 6 1 9 1 2 1 6 -1 -1 -1 -1 -1 -1 635833 0 15 19 19 21 2 5 2 5
0 0 0 1 1 1 6 1 9 1 2 1 6 -1 -1 -1 -1 -1 -1 636299 0 15 19 19 21 2 5 2 5
0 0 0 1 1 6 1 1 9 1 2 1 5 -1 -1 -1 -1 -1 -1 636799 0 15 19 19 21 2 5 2 5
0 0 0 1 1 7 1 1 9 1 2 1 5 5 4 6 1 1 1 637266 0 15 19 19 21 2 5 2 5
0 0 0 1 1 6 1 1 9 1 2 1 5 -1 -1 -1 -1 -1 -1 637732 0 15 19 19 21 2 5 2 5
0 0 0 1 1 6 1 1 9 1 2 1 5 -1 -1 -1 -1 -1 -1 638199 0 15 19 19 21 2 5 2 5
0 0 0 1 1 6 1 1 9 1 2 1 5 -1 -1 -1 -1 -1 -1 638699 0 15 19 19 21 2 5 2 5
0 0 0 3 1 6 1 1 9 1 2 1 5 3 4 7 2 0 0 639165 0 15 19 19 21 2 4 2 5
0 0 0 1 1 6 1 1 9 1 2 1 5 -1 -1 -1 -1 -1 -1 639632 0 15 19 19 21 2 4 2 5
0 0 0 1 1 6 1 1 9 1 2 1 5 -1 -1 -1 -1 -1 -1 640131 0 15 19 19 21 2 4 2 5
0 0 0 1 1 6 1 1 9 1 2 1 5 -1 -1 -1 -1 -1 -1 640598 0 15 19 19 21 2 4 2 5
0 0 0 3 1 6 1 1 9 1 2 1 5 3 4 8 3 0 0 641065 0 15 19 19 21 2 6 2 5
0 0 0 1 1 6 1 1 9 1 2 1 5 -1 -1 -1 -1 -1 -1 641531 0 15 19 19 21 2 6 2 5
0 0 0 1 1 6 1 1 9 1 2 1 5 -1 -1 -1 -1 -1 -1 642031 0 15 19 19 21 2 6 2 5
0 0 0 1 6 1 1 1 9 1 2 1 4 -1 -1 -1 -1 -1 -1 642498 0 15 19 19 21 2 6 2 5
0 0 0 1 6 3 1 1 9 1 2 1 4 5 4 6 1 0 0 642964 0 15 19 19 21 2 6 2 5
0 0 0 1 1 6 1 1 9 1 2 1 5 -1 -1 -1 -1 -1 -1 643464 0 15 19 19 21 2 6 2 5
0 0 0 1 1 6 1 1 9 1 2 1 5 -1 -1 -1 -1 -1 -1 643931 0 15 19 19 21 2 6 2 5
0 0 0 1 1 6 1 1 9 1 2 1 5 -1 -1 -1 -1 -1 -1 644397 0 15 19 19 21 2 6 2 5
0 0 0 3 1 6 1 1 9 1 2 1 5 3 4 7 2 0 0 644864 0 15 19 19 21 2 4 2 5
0 0 0 1 1 6 1 1 9 1 2 1 5 -1 -1 -1 -1 -1 -1 645364 0 15 19 19 21 2 4 2 5
0 0 0 1 1 6 1 1 9 1 2 1 5 -1 -1 -1 -1 -1 -1 645830 0 15 19 19 21 2 4 2 5
0 0 0 6 1 1 1 1 9 1 2 1 3 -1 -1 -1 -1 -1 -1 646297 0 15 19 19 21 2 4 2 5
0 0 0 7 1 1 1 1 9 1 2 1 3 3 4 6 1 1 1 646763 0 15 19 19 21 2 8 0 5
0 0 0 1 6 1 1 1 9 1 2 1 4 -1 -1 -1 -1 -1 -1 647263 0 15 19 19 21 2 8 0 5
0 0 0 1 6 1 1 1 9 1 2 1 4 -1 -1 -1 -1 -1 -1 647730 0 15 19 19 21 2 8 0 5
0 0 0 1 6 1 1 1 9 1 2 1 4 -1 -1 -1 -1 -1 -1 648196 0 15 19 19 21 2 8 0 5
0 0 0 1 6 3 1 1 9 1 2 1 4 5 4 8 3 0 0 648696 0 15 19 19 21 2 5 2 5
0 0 0 1 6 1 1 1 9 1 2 1 4 -1 -1 -1 -1 -1 -1 649163 0 15 19 19 21 2 5 2 5
0 0 0 1 1 6 1 1 9 1 2 1 5 -1 -1 -1 -1 -1 -1 649629 0 15 19 19 21 2 5 2 5
0 0 0 1 1 1 6 1 9 1 2 1 6 -1 -1 -1 -1 -1 -1 650096 0 15 19 19 21 2 5 2 5
0 0 0 1 1 1 1 7 9 1 2 1 7 7 4 6 1 1 1 650596 0 15 19 19 21 2 5 2 5
0 0 0 1 1 1 1 6 9 1 2 1 7 -1 -1 -1 -1 -1 -1 651062 0 15 19 19 21 2 5 2 5
0 0 0 1 1 1 6 1 9 1 2 1 6 -1 -1 -1 -1 -1 -1 651529 0 15 19 19 21 2 5 2 5
0 0 0 1 1 1 6 1 9 1 2 1 6 -1 -1 -1 -1 -1 -1 652029 0 15 19 19 21 2 5 2 5
0 0 0 1 1 1 7 1 9 1 2 1 6 6 4 8 3 1 1 652495 0 15 19 19 21 2 5 2 5
0 0 0 1 1 1 6 1 9 1 2 1 6 -1 -1 -1 -1 -1 -1 652962 0 15 19 19 21 2 5 2 5
0 0 0 1 1 6 1 1 9 1 2 1 5 -1 -1 -1 -1 -1 -1 653428 0 15 19 19 21 2 5 2 5
0 0 0 1 1 6 1 1 9 1 2 1 5 -1 -1 -1 -1 -1 -1 653928 0 15 19 19 21 2 5 2 5
0 0 0 1 3 6 1 1 9 1 2 1 5 4 4 7 2 0 0 654395 0 15 19 19 21 2 4 2 5
0 0 0 1 1 6 1 1 9 1 2 1 5 -1 -1 -1 -1 -1 -1 654861 0 15 19 19 21 2 4 2 5
0 0 0 1 1 6 1 1 9 1 2 1 5 -1 -1 -1 -1 -1 -1 655361 0 15 19 19 21 2 4 2 5
0 0 0 1 1 6 1 1 9 1 2 1 5 -1 -1 -1 -1 -1 -1 655828 0 15 19 19 21 2 4 2 5
0 0 0 1 3 6 1 1 9 1 2 1 5 4 4 6 1 0 0 656294 0 15 19 19 21 2 6 2 5
0 0 0 1 1 6 1 1 9 1 2 1 5 -1 -1 -1 -1 -1 -1 656761 0 15 19 19 21 2 6 2 5
0 0 0 1 1 6 1 1 9 1 2 1 5 -1 -1 -1 -1 -1 -1 657261 0 15 19 19 21 2 6 2 5
0 0 0 1 1 6 1 1 9 1 2 1 5 -1 -1 -1 -1 -1 -1 657727 0 15 19 19 21 2 6 2 5
0 0 0 1 1 7 1 1 9 1 2 1 5 5 4 7 2 1 1 658194 0 15 19 19 21 2 6 2 5
