% Tunnel Log: 
% debug seed: 1417028759
%
% SegEncNW { '0'=no panel, '1'=empty panel, '2'=player, '3'=match, '4'=nonmatch, '5'=obstacle, '6'=time warp }
% SegEncN
% SegEncNE
% SegEncE
% SegEncSE
% SegEncS
% SegEncSW
% SegEncW
% Event Number { 0, inf }
% Level Number { 0, inf }
% Task Type { 0=Color/Sound, 1=Shape/Sound, 2=Sound, 3=Holdout, 4=Recess }
% N-Back { 0, inf }
% Player Roll Base { 0, 359 }
% Player Roll Offset { 0, 359 }
% Player Roll Speed { -inf, inf }
% Player Loc { 0=Northwest ... 7=West }
% Pod Loc { -1=N/A, 0=Northwest ... 7=West }
% Pod Color { -1, inf }
% Pod Shape { -1, inf }
% Pod Sound { -1, inf }
% Pod Match { -1=N/A, 0=No, 1=Yes }
% Pod Taken { -1=N/A, 0=No, 1=Yes }
% Pod Zapped { -1=N/A, 0=No, 1=Yes }
% Timestamp (ms)
% Num Obstacles { 0, inf }
% Min Speed { 0, inf }
% Max Speed { 0, inf }
% Base Speed { 0, inf }
% Final Speed { 0, inf }
% Segment Direction { 0=Northwest ... 7=West }
% Segment Angle { 0, inf }
% Segment Panels { 0, inf }
%
% SegEncNW SecEncN SegEncNE SegEncE SegEncSE SegEncS SegEncSW SegEncW EventNumber LevelNumber TaskType N-Back PlayerRollBase PlayerRollOffset PlayerRollSpeed PlayerLoc PodLoc PodColor PodShape PodSound PodMatch PodTaken PodZapped Timestamp NumObs MinSpeed MaxSpeed BaseSpeed FinalSpeed SegmentDir SegmentAngle SegmentPanels
1 1 1 1 1 2 1 1 0 0 3 3 0 0 0 5 -1 -1 -1 -1 -1 -1 -1 489568 0 10 40 26 60 3 1 8
1 1 1 1 1 2 1 1 0 0 3 3 0 0 0 5 -1 -1 -1 -1 -1 -1 -1 489735 0 10 40 26 60 3 1 8
1 1 1 1 1 2 1 1 0 0 3 3 0 0 0 5 -1 -1 -1 -1 -1 -1 -1 489935 0 10 40 26 38.9956 3 1 8
1 1 1 1 1 2 1 1 0 0 3 3 0 0 0 5 -1 -1 -1 -1 -1 -1 -1 490301 0 10 40 26 26 3 1 8
1 1 1 1 1 2 1 1 0 0 3 3 0 0 0 5 -1 -1 -1 -1 -1 -1 -1 490668 0 10 40 26 26 0 3 8
1 1 1 1 1 2 1 1 0 0 3 3 0 0 0 5 -1 -1 -1 -1 -1 -1 -1 491068 0 10 40 26 26 0 3 8
1 1 1 1 1 2 1 1 0 0 3 3 0 0 0 5 -1 -1 -1 -1 -1 -1 -1 491434 0 10 40 26 26 0 3 8
1 1 1 1 1 2 1 1 0 0 3 3 0 0 0 5 -1 -1 -1 -1 -1 -1 -1 491834 0 10 40 26 26 0 3 8
1 1 1 1 1 2 1 1 0 0 3 3 0 0 0 5 -1 -1 -1 -1 -1 -1 -1 492201 0 10 40 26 26 5 1 8
1 1 1 1 1 2 1 1 0 0 3 3 0 0 0 5 -1 -1 -1 -1 -1 -1 -1 492601 0 10 40 26 26 5 1 8
1 1 1 1 1 2 4 1 0 0 3 3 0 0 0 5 6 0 0 0 0 0 0 493001 0 10 40 26 26 5 1 8
1 1 1 1 2 1 1 1 0 0 3 3 -23 0 0 4 -1 -1 -1 -1 -1 -1 -1 493367 0 10 40 26 26 5 1 8
5 1 5 5 2 5 5 5 0 0 3 3 -51 0 0 4 -1 -1 -1 -1 -1 -1 -1 493767 6 10 40 26 26 4 1 8
1 1 1 1 1 2 1 1 0 0 3 3 -4 1 0 5 -1 -1 -1 -1 -1 -1 -1 494134 0 10 40 26 26 4 1 8
1 1 1 1 1 4 1 1 0 0 3 3 3 0 0 5 5 1 1 1 0 1 0 494534 0 10 40 26 26 4 1 8
1 1 1 1 1 2 1 1 0 0 3 3 21 0 0 5 -1 -1 -1 -1 -1 -1 -1 494900 0 10 40 26 26 4 1 8
5 5 5 5 5 5 2 1 0 0 3 3 31 0 0 6 -1 -1 -1 -1 -1 -1 -1 495300 6 10 40 26 26 8 0 8
1 1 1 1 1 1 2 1 0 0 3 3 31 0 0 6 -1 -1 -1 -1 -1 -1 -1 495667 0 10 40 26 26 3 1 8
1 1 1 1 1 1 4 1 0 0 3 3 31 0 0 6 6 3 3 3 0 1 0 496067 0 10 40 26 26 3 1 8
1 1 1 1 1 1 2 1 0 0 3 3 27 -1 0 6 -1 -1 -1 -1 -1 -1 -1 496433 0 10 40 26 26 3 1 8
5 1 5 5 2 5 5 5 0 0 3 3 -61 -3 0 4 -1 -1 -1 -1 -1 -1 -1 496833 6 10 40 26 26 3 1 8
1 1 1 2 1 1 1 1 0 0 3 3 -66 -1 0 3 -1 -1 -1 -1 -1 -1 -1 497200 0 10 40 26 26 0 3 8
1 1 1 2 1 3 1 1 0 0 3 3 -83 -3 0 3 5 0 0 0 1 1 1 497600 0 10 40 27 27 0 3 8
1 1 1 2 1 1 1 1 0 0 3 3 -106 0 0 3 -1 -1 -1 -1 -1 -1 -1 497966 0 10 40 27 27 0 3 8
5 5 5 2 5 5 5 1 0 0 3 3 -90 0 0 3 -1 -1 -1 -1 -1 -1 -1 498333 6 10 40 27 27 0 3 8
1 1 1 1 1 1 2 1 0 0 3 3 23 6 190 6 -1 -1 -1 -1 -1 -1 -1 498699 0 10 40 27 27 5 1 8
1 1 1 1 1 1 4 1 0 0 3 3 28 0 0 6 6 3 3 3 0 1 0 499066 0 10 40 27 27 5 1 8
1 1 1 1 1 2 1 1 0 0 3 3 3 0 0 5 -1 -1 -1 -1 -1 -1 -1 499432 0 10 40 27 27 5 1 8
1 5 5 5 5 2 5 5 0 0 3 3 10 2 0 5 -1 -1 -1 -1 -1 -1 -1 499799 6 10 40 27 27 5 1 8
1 1 1 1 1 1 2 1 0 0 3 3 24 0 0 6 -1 -1 -1 -1 -1 -1 -1 500166 0 10 40 27 27 4 1 8
1 1 1 1 1 2 3 1 0 0 3 3 0 -2 0 5 6 3 3 3 1 1 1 500532 0 10 40 28 28 4 1 8
1 1 1 1 2 1 1 1 0 0 3 3 -33 0 0 4 -1 -1 -1 -1 -1 -1 -1 500899 0 10 40 28 28 4 1 8
1 5 5 5 2 5 5 5 0 0 3 3 -37 0 0 4 -1 -1 -1 -1 -1 -1 -1 501265 6 10 40 28 28 4 1 8
1 1 1 1 1 2 1 1 0 0 3 3 0 0 0 5 -1 -1 -1 -1 -1 -1 -1 501599 0 10 40 28 28 8 0 8
1 1 1 1 1 4 1 1 0 0 3 3 7 2 0 5 5 2 2 2 0 1 0 501965 0 10 40 28 28 3 1 8
1 1 1 1 1 1 1 2 0 0 3 3 73 4 146 7 -1 -1 -1 -1 -1 -1 -1 502332 0 10 40 28 28 3 1 8
2 5 1 5 5 5 5 5 0 0 3 3 119 2 0 0 -1 -1 -1 -1 -1 -1 -1 502665 6 10 40 28 28 3 1 8
2 1 1 1 1 1 1 1 0 0 3 3 119 -1 0 0 -1 -1 -1 -1 -1 -1 -1 503032 0 10 40 28 28 3 1 8
1 1 1 1 1 1 3 2 0 0 3 3 105 0 0 7 6 3 3 3 1 1 1 503398 0 10 40 28.5 28.5 0 3 8
1 2 1 1 1 1 1 1 0 0 3 3 165 5 155 1 -1 -1 -1 -1 -1 -1 -1 503731 0 10 40 28.5 28.5 0 3 8
5 2 1 5 5 5 5 5 0 0 3 3 181 -1 0 1 -1 -1 -1 -1 -1 -1 -1 504098 6 10 40 28.5 28.5 0 3 8
1 1 1 1 1 1 1 2 0 0 3 3 94 -2 60 7 -1 -1 -1 -1 -1 -1 -1 504431 0 10 40 28.5 28.5 0 3 8
1 1 1 1 1 1 1 4 0 0 3 3 81 0 0 7 7 0 0 0 0 1 0 504798 0 10 40 28.5 28.5 5 1 8
1 1 1 1 1 1 2 1 0 0 3 3 26 -1 0 6 -1 -1 -1 -1 -1 -1 -1 505131 0 10 40 28.5 28.5 5 1 8
5 5 1 5 5 2 5 5 0 0 3 3 11 0 0 5 -1 -1 -1 -1 -1 -1 -1 505498 6 10 40 28.5 28.5 5 1 8
1 1 1 1 1 1 2 1 0 0 3 3 49 1 46 6 -1 -1 -1 -1 -1 -1 -1 505864 0 10 40 28.5 28.5 5 1 8
4 1 1 1 1 1 2 1 0 0 3 3 43 -1 0 6 0 3 3 3 0 1 1 506197 0 10 40 26.5 26.5 4 1 8
1 1 1 1 1 2 1 1 0 0 3 3 9 0 0 5 -1 -1 -1 -1 -1 -1 -1 506597 0 10 40 26.5 26.5 4 1 8
5 5 5 5 1 2 5 1 0 0 3 3 14 2 0 5 -1 -1 -1 -1 -1 -1 -1 506964 5 10 40 26.5 26.5 4 1 8
1 1 1 1 1 1 1 2 0 0 3 3 89 2 82 7 -1 -1 -1 -1 -1 -1 -1 507331 0 10 40 26.5 26.5 4 1 8
1 1 1 1 1 1 1 4 0 0 3 3 91 1 0 7 7 1 1 1 0 1 0 507730 0 10 40 26.5 26.5 8 0 8
2 1 1 1 1 1 1 1 0 0 3 3 130 3 104 0 -1 -1 -1 -1 -1 -1 -1 508097 0 10 40 26.5 26.5 3 1 8
2 1 5 5 5 5 1 5 0 0 3 3 136 1 0 0 -1 -1 -1 -1 -1 -1 -1 508464 5 10 40 26.5 26.5 3 1 8
2 1 1 1 1 1 1 1 0 0 3 3 136 1 0 0 -1 -1 -1 -1 -1 -1 -1 508863 0 10 40 26.5 26.5 3 1 8
1 1 1 1 1 1 1 4 0 0 3 3 92 0 0 7 7 3 3 3 0 1 0 509230 0 10 40 26.5 26.5 3 1 8
1 1 1 1 1 1 1 2 0 0 3 3 78 0 0 7 -1 -1 -1 -1 -1 -1 -1 509597 0 10 40 26.5 26.5 0 3 8
1 5 5 5 5 5 1 2 0 0 3 3 71 -1 0 7 -1 -1 -1 -1 -1 -1 -1 509997 5 10 40 26.5 26.5 0 3 8
1 1 1 1 1 1 1 2 0 0 3 3 71 -1 0 7 -1 -1 -1 -1 -1 -1 -1 510363 0 10 40 26.5 26.5 0 3 8
1 1 1 1 1 1 4 2 0 0 3 3 71 -1 0 7 6 1 1 1 0 0 0 510730 0 10 40 26.5 26.5 0 3 8
1 1 1 1 1 1 1 2 0 0 3 3 71 -1 0 7 -1 -1 -1 -1 -1 -1 -1 511130 0 10 40 26.5 26.5 5 1 8
5 1 1 5 5 5 5 1 0 0 3 3 65 -1 0 6 -1 -1 -1 -1 -1 -1 -1 511496 5 10 40 26.5 26.5 5 1 8
1 1 1 1 1 2 1 1 0 0 3 3 19 -1 0 5 -1 -1 -1 -1 -1 -1 -1 511863 0 10 40 26.5 26.5 5 1 8
1 1 1 1 1 4 1 1 0 0 3 3 -8 -2 0 5 5 3 3 3 0 1 0 512263 0 10 40 26.5 26.5 5 1 8
1 1 1 1 1 2 1 1 0 0 3 3 342 0 0 5 -1 -1 -1 -1 -1 -1 -1 512629 0 10 40 26.5 26.5 4 1 8
5 1 1 5 2 5 5 5 0 0 3 3 311 0 0 4 -1 -1 -1 -1 -1 -1 -1 512996 5 10 40 26.5 26.5 4 1 8
1 1 1 1 1 2 1 1 0 0 3 3 374 3 0 5 -1 -1 -1 -1 -1 -1 -1 513362 0 10 40 26.5 26.5 4 1 8
1 1 1 1 1 1 4 1 0 0 3 3 35 0 0 6 6 2 2 2 0 1 0 513762 0 10 40 26.5 26.5 4 1 8
2 1 1 1 1 1 1 1 0 0 3 3 131 6 207 0 -1 -1 -1 -1 -1 -1 -1 514129 0 10 40 26.5 26.5 8 0 8
1 2 1 5 5 5 5 5 0 0 3 3 178 2 78 1 -1 -1 -1 -1 -1 -1 -1 514495 5 10 40 26.5 26.5 3 1 8
1 2 1 1 1 1 1 1 0 0 3 3 180 0 0 1 -1 -1 -1 -1 -1 -1 -1 514862 0 10 40 27.5 27.5 3 1 8
1 2 1 1 1 1 3 1 0 0 3 3 180 0 0 1 6 1 1 1 1 1 1 515229 0 10 40 27.5 27.5 3 1 8
1 2 1 1 1 1 1 1 0 0 3 3 180 0 0 1 -1 -1 -1 -1 -1 -1 -1 515595 0 10 40 27.5 27.5 3 1 8
5 2 1 1 5 5 5 5 0 0 3 3 180 0 0 1 -1 -1 -1 -1 -1 -1 -1 515962 5 10 40 27.5 27.5 0 3 8
1 2 1 1 1 1 1 1 0 0 3 3 180 0 0 1 -1 -1 -1 -1 -1 -1 -1 516328 0 10 40 28 28 0 3 8
1 2 1 1 1 3 1 1 0 0 3 3 167 -2 0 1 5 3 3 3 1 1 1 516695 0 10 40 28 28 0 3 8
2 1 1 1 1 1 1 1 0 0 3 3 136 0 0 0 -1 -1 -1 -1 -1 -1 -1 517028 0 10 40 28 28 0 3 8
2 5 5 5 1 5 1 5 0 0 3 3 134 0 0 0 -1 -1 -1 -1 -1 -1 -1 517395 5 10 40 28 28 5 1 8
1 1 1 1 1 1 1 2 0 0 3 3 74 -4 122 7 -1 -1 -1 -1 -1 -1 -1 517761 0 10 40 28 28 5 1 8
1 1 1 1 1 1 4 1 0 0 3 3 44 -1 0 6 6 0 0 0 0 1 0 518095 0 10 40 28 28 5 1 8
1 1 1 1 1 1 2 1 0 0 3 3 43 0 0 6 -1 -1 -1 -1 -1 -1 -1 518461 0 10 40 28 28 5 1 8
5 1 1 5 5 5 2 5 0 0 3 3 44 0 0 6 -1 -1 -1 -1 -1 -1 -1 518828 5 10 40 28 28 4 1 8
1 1 1 1 1 2 1 1 0 0 3 3 9 0 0 5 -1 -1 -1 -1 -1 -1 -1 519194 0 10 40 28 28 4 1 8
1 1 1 1 1 4 1 1 0 0 3 3 8 0 0 5 5 0 0 0 0 1 0 519528 0 10 40 28 28 4 1 8
1 1 1 1 1 2 1 1 0 0 3 3 -20 0 0 5 -1 -1 -1 -1 -1 -1 -1 519894 0 10 40 28 28 4 1 8
5 5 5 1 2 5 1 5 0 0 3 3 -32 0 0 4 -1 -1 -1 -1 -1 -1 -1 520261 5 10 40 28 28 8 0 8
1 1 1 1 1 2 1 1 0 0 3 3 -1 1 0 5 -1 -1 -1 -1 -1 -1 -1 520594 0 10 40 28 28 3 1 8
1 1 1 1 1 1 4 1 0 0 3 3 62 0 0 6 6 1 1 1 0 1 0 520961 0 10 40 28 28 3 1 8
1 1 1 1 1 1 2 1 0 0 3 3 50 -1 0 6 -1 -1 -1 -1 -1 -1 -1 521327 0 10 40 28 28 3 1 8
1 5 5 5 5 5 2 5 0 0 3 3 38 0 0 6 -1 -1 -1 -1 -1 -1 -1 521694 6 10 40 28 28 3 1 8
1 1 1 1 1 1 2 1 0 0 3 3 38 0 0 6 -1 -1 -1 -1 -1 -1 -1 522027 0 10 40 28.5 28.5 0 3 8
1 1 1 1 1 2 3 1 0 0 3 3 4 -4 0 5 6 0 0 0 1 1 1 522394 0 10 40 28.5 28.5 0 3 8
1 1 1 1 2 1 1 1 0 0 3 3 331 0 0 4 -1 -1 -1 -1 -1 -1 -1 522727 0 10 40 28.5 28.5 0 3 8
5 5 5 1 2 5 5 5 0 0 3 3 317 1 0 4 -1 -1 -1 -1 -1 -1 -1 523093 6 10 40 28.5 28.5 0 3 8
1 1 1 1 1 2 1 1 0 0 3 3 18 2 64 5 -1 -1 -1 -1 -1 -1 -1 523427 0 10 40 28.5 28.5 5 1 8
1 1 1 1 1 1 4 1 0 0 3 3 25 -1 0 6 6 1 1 1 0 1 0 523793 0 10 40 28.5 28.5 5 1 8
1 1 1 1 2 1 1 1 0 0 3 3 -29 0 0 4 -1 -1 -1 -1 -1 -1 -1 524126 0 10 40 28.5 28.5 5 1 8
1 5 5 5 2 5 5 5 0 0 3 3 -36 0 0 4 -1 -1 -1 -1 -1 -1 -1 524493 6 10 40 28.5 28.5 5 1 8
1 1 1 1 1 2 1 1 0 0 3 3 -11 0 0 5 -1 -1 -1 -1 -1 -1 -1 524826 0 10 40 28.5 28.5 4 1 8
1 1 1 1 1 4 1 1 0 0 3 3 -11 0 0 5 5 3 3 3 0 1 0 525193 0 10 40 28.5 28.5 4 1 8
1 1 1 1 2 1 1 1 0 0 3 3 -29 0 0 4 -1 -1 -1 -1 -1 -1 -1 525559 0 10 40 28.5 28.5 4 1 8
5 5 5 5 2 5 5 1 0 0 3 3 -35 0 0 4 -1 -1 -1 -1 -1 -1 -1 525893 6 10 40 28.5 28.5 4 1 8
1 1 1 1 2 1 1 1 0 0 3 3 -32 0 0 4 -1 -1 -1 -1 -1 -1 -1 526259 0 10 40 28.5 28.5 8 0 8
1 1 1 1 1 1 4 1 0 0 3 3 37 3 111 6 6 1 1 1 0 1 0 526593 0 10 40 28.5 28.5 3 1 8
2 1 1 1 1 1 1 1 0 0 3 3 115 4 223 0 -1 -1 -1 -1 -1 -1 -1 526959 0 10 40 28.5 28.5 3 1 8
5 2 5 1 5 5 5 5 0 0 3 3 183 4 136 1 -1 -1 -1 -1 -1 -1 -1 527292 6 10 40 28.5 28.5 3 1 8
2 1 1 1 1 1 1 1 0 0 3 3 119 -3 111 0 -1 -1 -1 -1 -1 -1 -1 527659 0 10 40 28.5 28.5 3 1 8
1 1 1 1 1 1 4 2 0 0 3 3 85 0 0 7 6 2 2 2 0 0 0 527992 0 10 40 28.5 28.5 0 3 8
2 1 1 1 1 1 1 1 0 0 3 3 117 4 0 0 -1 -1 -1 -1 -1 -1 -1 528359 0 10 40 28.5 28.5 0 3 8
2 5 5 5 1 5 5 5 0 0 3 3 132 0 0 0 -1 -1 -1 -1 -1 -1 -1 528692 6 10 40 28.5 28.5 0 3 8
2 1 1 1 1 1 1 1 0 0 3 3 131 0 0 0 -1 -1 -1 -1 -1 -1 -1 529059 0 10 40 28.5 28.5 0 3 8
2 1 1 1 1 3 1 1 0 0 3 3 117 -3 0 0 5 3 3 3 1 1 1 529392 0 10 40 29 29 5 1 8
1 1 1 1 1 1 1 2 0 0 3 3 78 0 0 7 -1 -1 -1 -1 -1 -1 -1 529758 0 10 40 29 29 5 1 8
5 5 5 5 1 5 5 2 0 0 3 3 80 0 0 7 -1 -1 -1 -1 -1 -1 -1 530092 6 10 40 29 29 5 1 8
1 1 1 1 1 1 2 1 0 0 3 3 43 -1 0 6 -1 -1 -1 -1 -1 -1 -1 530425 0 10 40 29 29 5 1 8
1 1 1 1 1 4 2 1 0 0 3 3 27 -3 0 6 5 2 2 2 0 0 0 530792 0 10 40 29 29 4 1 8
1 1 1 1 2 1 1 1 0 0 3 3 315 -3 97 4 -1 -1 -1 -1 -1 -1 -1 531125 0 10 40 29 29 4 1 8
5 1 5 2 5 5 5 5 0 0 3 3 265 0 0 3 -1 -1 -1 -1 -1 -1 -1 531458 6 10 40 29 29 4 1 8
1 1 1 2 1 1 1 1 0 0 3 3 265 0 0 3 -1 -1 -1 -1 -1 -1 -1 531825 0 10 40 29 29 4 1 8
1 1 1 2 1 3 1 1 0 0 3 3 265 0 0 3 5 2 2 2 1 1 1 532158 0 10 40 29.5 29.5 8 0 8
2 1 1 1 1 1 1 1 0 0 3 3 153 -7 252 0 -1 -1 -1 -1 -1 -1 -1 532491 0 10 40 29.5 29.5 3 1 8
1 5 5 5 5 5 5 2 0 0 3 3 92 -3 0 7 -1 -1 -1 -1 -1 -1 -1 532824 6 10 40 29.5 29.5 3 1 8
1 1 1 1 1 1 2 1 0 0 3 3 43 -1 33 6 -1 -1 -1 -1 -1 -1 -1 533158 0 10 40 29.5 29.5 3 1 8
1 1 1 1 4 1 1 1 0 0 3 3 313 -6 216 4 4 0 0 0 0 1 0 533491 0 10 40 29.5 29.5 3 1 8
1 1 1 1 2 1 1 1 0 0 3 3 294 0 0 4 -1 -1 -1 -1 -1 -1 -1 533857 0 10 40 29.5 29.5 0 3 8
5 5 1 5 2 5 5 5 0 0 3 3 321 0 0 4 -1 -1 -1 -1 -1 -1 -1 534191 6 10 40 29.5 29.5 0 3 8
1 1 1 1 2 1 1 1 0 0 3 3 309 0 0 4 -1 -1 -1 -1 -1 -1 -1 534524 0 10 40 29.5 29.5 0 3 8
1 1 1 3 2 1 1 1 0 0 3 3 309 0 0 4 3 2 2 2 1 1 1 534857 0 10 40 30 30 0 3 8
1 1 2 1 1 1 1 1 0 0 3 3 240 -2 0 2 -1 -1 -1 -1 -1 -1 -1 535190 0 10 40 30 30 5 1 8
1 1 2 5 5 5 5 1 0 0 3 3 226 1 0 2 -1 -1 -1 -1 -1 -1 -1 535524 4 10 40 30 30 5 1 8
1 1 1 2 1 1 1 1 0 0 3 3 259 0 0 3 -1 -1 -1 -1 -1 -1 -1 535857 0 10 40 30 30 5 1 8
1 1 1 4 1 1 1 1 0 0 3 3 259 0 0 3 3 1 1 1 0 1 0 536190 0 10 40 30 30 5 1 8
1 1 1 2 1 1 1 1 0 0 3 3 259 0 0 3 -1 -1 -1 -1 -1 -1 -1 536523 0 10 40 30 30 4 1 8
1 5 5 2 5 5 1 1 0 0 3 3 259 0 0 3 -1 -1 -1 -1 -1 -1 -1 536857 4 10 40 30 30 4 1 8
1 1 1 2 1 1 1 1 0 0 3 3 263 1 0 3 -1 -1 -1 -1 -1 -1 -1 537190 0 10 40 30 30 4 1 8
1 1 1 4 1 1 1 1 0 0 3 3 267 0 0 3 3 2 2 2 0 1 0 537523 0 10 40 30 30 4 1 8
1 1 2 1 1 1 1 1 0 0 3 3 243 -1 0 2 -1 -1 -1 -1 -1 -1 -1 537856 0 10 40 30 30 8 0 8
5 5 2 5 1 5 1 1 0 0 3 3 218 0 0 2 -1 -1 -1 -1 -1 -1 -1 538190 4 10 40 30 30 3 1 8
1 1 2 1 1 1 1 1 0 0 3 3 222 0 0 2 -1 -1 -1 -1 -1 -1 -1 538523 0 10 40 30 30 3 1 8
1 1 4 1 1 1 1 1 0 0 3 3 223 0 0 2 2 1 1 1 0 1 0 538856 0 10 40 30 30 3 1 8
1 1 2 1 1 1 1 1 0 0 3 3 223 0 0 2 -1 -1 -1 -1 -1 -1 -1 539189 0 10 40 30 30 3 1 8
5 5 2 5 5 1 1 1 0 0 3 3 230 1 0 2 -1 -1 -1 -1 -1 -1 -1 539523 4 10 40 30 30 0 3 8
1 1 2 1 1 1 1 1 0 0 3 3 242 0 0 2 -1 -1 -1 -1 -1 -1 -1 539856 0 10 40 30 30 0 3 8
1 1 2 3 1 1 1 1 0 0 3 3 245 1 0 2 3 1 1 1 1 1 1 540189 0 10 40 30.5 30.5 0 3 8
1 1 1 2 1 1 1 1 0 0 3 3 265 0 0 3 -1 -1 -1 -1 -1 -1 -1 540522 0 10 40 30.5 30.5 0 3 8
5 1 5 2 5 1 1 5 0 0 3 3 273 0 0 3 -1 -1 -1 -1 -1 -1 -1 540856 4 10 40 30.5 30.5 5 1 8
1 1 1 2 1 1 1 1 0 0 3 3 274 0 0 3 -1 -1 -1 -1 -1 -1 -1 541156 0 10 40 30.5 30.5 5 1 8
1 1 1 2 3 1 1 1 0 0 3 3 274 0 0 3 4 2 2 2 1 1 1 541489 0 10 40 31 31 5 1 8
1 1 1 2 1 1 1 1 0 0 3 3 274 0 0 3 -1 -1 -1 -1 -1 -1 -1 541822 0 10 40 31 31 5 1 8
1 1 5 2 1 5 5 5 0 0 3 3 274 0 0 3 -1 -1 -1 -1 -1 -1 -1 542155 4 10 40 31 31 4 1 8
1 1 1 1 2 1 1 1 0 0 3 3 299 3 0 4 -1 -1 -1 -1 -1 -1 -1 542455 0 10 40 31 31 4 1 8
1 1 1 1 1 4 1 1 0 0 3 3 348 3 95 5 5 0 0 0 0 1 0 542789 0 10 40 31 31 4 1 8
1 1 1 1 1 2 1 1 0 0 3 3 6 0 28 5 -1 -1 -1 -1 -1 -1 -1 543122 0 10 40 31 31 4 1 8
1 5 1 5 5 2 5 1 0 0 3 3 0 0 0 5 -1 -1 -1 -1 -1 -1 -1 543422 4 10 40 31 31 8 0 8
1 1 1 1 1 2 1 1 0 0 3 3 -4 0 0 5 -1 -1 -1 -1 -1 -1 -1 543755 0 10 40 31 31 3 1 8
1 1 1 1 1 3 1 1 0 0 3 3 -4 0 0 5 5 1 1 1 1 1 1 544088 0 10 40 31.5 31.5 3 1 8
1 1 1 1 1 2 1 1 0 0 3 3 11 0 0 5 -1 -1 -1 -1 -1 -1 -1 544388 0 10 40 31.5 31.5 3 1 8
5 1 5 5 5 1 2 1 0 0 3 3 22 1 0 6 -1 -1 -1 -1 -1 -1 -1 544721 4 10 40 31.5 31.5 3 1 8
1 1 1 1 1 1 2 1 0 0 3 3 26 0 0 6 -1 -1 -1 -1 -1 -1 -1 545021 0 10 40 31.5 31.5 0 3 8
1 0 1 1 1 2 1 1 1 0 1 3 0 0 0 5 -1 -1 -1 -1 -1 -1 -1 662593 0 10 40 25 60 6 3 7
1 0 1 1 1 2 1 1 1 0 1 3 0 0 0 5 -1 -1 -1 -1 -1 -1 -1 662759 0 10 40 25 60 6 3 7
1 0 1 1 1 2 1 1 1 0 1 3 0 0 0 5 -1 -1 -1 -1 -1 -1 -1 662959 0 10 40 25 40.5555 6 3 7
1 0 1 1 1 2 1 1 1 0 1 3 0 0 0 5 -1 -1 -1 -1 -1 -1 -1 663326 0 10 40 25 25 6 3 7
1 0 1 1 1 2 1 1 1 0 1 3 0 0 0 5 -1 -1 -1 -1 -1 -1 -1 663726 0 10 40 25 25 0 2 7
1 0 1 1 1 2 1 1 1 0 1 3 0 0 0 5 -1 -1 -1 -1 -1 -1 -1 664126 0 10 40 25 25 0 2 7
1 0 1 1 1 2 1 1 1 0 1 3 0 0 0 5 -1 -1 -1 -1 -1 -1 -1 664526 0 10 40 25 25 0 2 7
1 0 1 1 1 2 1 1 1 0 1 3 0 0 0 5 -1 -1 -1 -1 -1 -1 -1 664925 0 10 40 25 25 0 2 7
1 0 1 1 1 2 1 1 1 0 1 3 0 0 0 5 -1 -1 -1 -1 -1 -1 -1 665325 0 10 40 25 25 1 0 7
1 0 1 1 1 1 2 1 1 0 1 3 33 0 0 6 -1 -1 -1 -1 -1 -1 -1 665725 0 10 40 25 25 1 0 7
1 0 1 1 1 1 4 1 1 0 1 3 43 0 0 6 6 6 3 3 0 1 0 666125 0 10 40 25 25 1 0 7
1 0 1 1 1 1 2 1 1 0 1 3 56 1 0 6 -1 -1 -1 -1 -1 -1 -1 666525 0 10 40 25 25 1 0 7
5 0 1 5 5 5 1 2 1 0 1 3 81 0 0 7 -1 -1 -1 -1 -1 -1 -1 666925 4 10 40 25 25 0 1 7
1 0 1 1 1 1 1 2 1 0 1 3 93 0 0 7 -1 -1 -1 -1 -1 -1 -1 667325 0 10 40 25 25 0 1 7
1 0 1 1 1 1 1 4 1 0 1 3 78 -1 0 7 7 6 2 2 0 1 0 667725 0 10 40 25 25 0 1 7
1 0 1 1 1 2 1 1 1 0 1 3 13 0 0 5 -1 -1 -1 -1 -1 -1 -1 668125 0 10 40 25 25 0 1 7
5 0 1 1 5 1 5 5 1 0 1 3 20 1 0 6 -1 -1 -1 -1 -1 -1 -1 668525 4 10 40 25 25 8 0 7
1 0 1 1 1 1 2 1 1 0 1 3 47 0 0 6 -1 -1 -1 -1 -1 -1 -1 668924 0 10 40 25 25 6 3 7
1 0 1 1 1 1 4 1 1 0 1 3 49 0 0 6 6 6 1 1 0 1 0 669324 0 10 40 25 25 6 3 7
1 0 1 1 1 1 1 2 1 0 1 3 98 1 0 7 -1 -1 -1 -1 -1 -1 -1 669724 0 10 40 25 25 6 3 7
1 0 5 1 5 5 5 2 1 0 1 3 100 -2 0 7 -1 -1 -1 -1 -1 -1 -1 670124 4 10 40 25 25 6 3 7
1 0 1 1 1 1 2 1 1 0 1 3 48 -1 31 6 -1 -1 -1 -1 -1 -1 -1 670524 0 10 40 25 25 0 2 7
1 0 1 1 1 4 1 2 1 0 1 3 65 2 0 7 5 6 2 2 0 1 1 670924 0 10 40 24 24 0 2 7
1 0 1 1 1 1 1 2 1 0 1 3 91 0 0 7 -1 -1 -1 -1 -1 -1 -1 671324 0 10 40 24 24 0 2 7
1 0 1 5 5 5 5 2 1 0 1 3 105 0 27 7 -1 -1 -1 -1 -1 -1 -1 671757 4 10 40 24 24 0 2 7
1 0 1 1 1 1 1 2 1 0 1 3 105 0 0 7 -1 -1 -1 -1 -1 -1 -1 672157 0 10 40 25 25 1 0 7
1 0 1 1 1 1 3 2 1 0 1 3 95 0 0 7 6 6 2 2 1 1 1 672557 0 10 40 25 25 1 0 7
1 0 1 1 1 1 1 2 1 0 1 3 94 0 0 7 -1 -1 -1 -1 -1 -1 -1 672957 0 10 40 25 25 1 0 7
5 0 5 1 5 1 5 2 1 0 1 3 93 0 0 7 -1 -1 -1 -1 -1 -1 -1 673357 4 10 40 25 25 1 0 7
1 0 1 1 1 1 1 2 1 0 1 3 92 0 0 7 -1 -1 -1 -1 -1 -1 -1 673757 0 10 40 25 25 0 1 7
1 0 1 1 1 1 1 4 1 0 1 3 81 -1 0 7 7 6 3 3 0 1 0 674157 0 10 40 25 25 0 1 7
1 0 1 1 1 1 2 1 1 0 1 3 29 -1 0 6 -1 -1 -1 -1 -1 -1 -1 674556 0 10 40 25 25 0 1 7
5 0 1 5 5 1 2 5 1 0 1 3 42 1 0 6 -1 -1 -1 -1 -1 -1 -1 674956 4 10 40 25 25 0 1 7
1 0 1 1 1 1 1 2 1 0 1 3 77 0 0 7 -1 -1 -1 -1 -1 -1 -1 675356 0 10 40 25 25 8 0 7
1 0 1 1 1 1 1 4 1 0 1 3 104 1 0 7 7 6 0 0 0 1 0 675756 0 10 40 25 25 6 3 7
2 0 1 1 1 1 1 1 1 0 1 3 135 0 0 0 -1 -1 -1 -1 -1 -1 -1 676156 0 10 40 25 25 6 3 7
2 0 5 1 5 5 1 5 1 0 1 3 135 0 0 0 -1 -1 -1 -1 -1 -1 -1 676556 4 10 40 25 25 6 3 7
2 0 1 1 1 1 1 1 1 0 1 3 135 0 0 0 -1 -1 -1 -1 -1 -1 -1 676956 0 10 40 25 25 6 3 7
4 0 1 1 1 1 1 1 1 0 1 3 129 -1 0 0 0 6 3 3 0 1 0 677356 0 10 40 25 25 0 2 7
1 0 1 1 1 1 1 2 1 0 1 3 81 0 0 7 -1 -1 -1 -1 -1 -1 -1 677756 0 10 40 25 25 0 2 7
5 1 5 5 1 5 1 2 1 0 1 3 84 1 0 7 -1 -1 -1 -1 -1 -1 -1 678156 4 10 40 25 25 0 2 8
2 1 1 1 1 1 1 1 1 0 1 3 120 0 0 0 -1 -1 -1 -1 -1 -1 -1 678555 0 10 40 25 25 0 2 8
4 1 1 1 1 1 1 1 1 0 1 3 128 0 0 0 0 6 0 0 0 1 0 678955 0 10 40 25 25 1 0 8
1 1 1 1 1 1 1 2 1 0 1 3 84 0 0 7 -1 -1 -1 -1 -1 -1 -1 679355 0 10 40 25 25 1 0 8
5 5 5 1 5 1 1 2 1 0 1 3 76 0 0 7 -1 -1 -1 -1 -1 -1 -1 679755 4 10 40 25 25 1 0 8
1 1 1 1 1 1 2 1 1 0 1 3 65 0 0 6 -1 -1 -1 -1 -1 -1 -1 680155 0 10 40 25 25 1 0 8
1 1 1 1 1 1 1 4 1 0 1 3 96 1 0 7 7 6 2 2 0 1 0 680555 0 10 40 25 25 0 1 8
2 1 1 1 1 1 1 1 1 0 1 3 120 0 0 0 -1 -1 -1 -1 -1 -1 -1 680955 0 10 40 25 25 0 1 8
2 5 1 1 5 1 5 5 1 0 1 3 135 0 0 0 -1 -1 -1 -1 -1 -1 -1 681355 4 10 40 25 25 0 1 8
2 1 1 1 1 1 1 1 1 0 1 3 135 0 0 0 -1 -1 -1 -1 -1 -1 -1 681755 0 10 40 26 26 0 1 8
1 1 1 1 1 1 1 3 1 0 1 3 103 -1 0 7 7 6 3 3 1 1 1 682121 0 10 40 26 26 8 0 8
1 1 1 1 1 1 1 2 1 0 1 3 77 0 0 7 -1 -1 -1 -1 -1 -1 -1 682521 0 10 40 26 26 6 3 8
5 5 1 5 5 1 2 1 1 0 1 3 54 -1 0 6 -1 -1 -1 -1 -1 -1 -1 682921 4 10 40 26 26 6 3 8
1 1 1 1 1 1 2 1 1 0 1 3 52 0 0 6 -1 -1 -1 -1 -1 -1 -1 683288 0 10 40 26 26 6 3 8
1 1 1 1 1 1 4 1 1 0 1 3 52 0 0 6 6 6 2 2 0 1 0 683688 0 10 40 26 26 6 3 8
1 1 1 1 1 2 1 1 1 0 1 3 2 -1 0 5 -1 -1 -1 -1 -1 -1 -1 684054 0 10 40 26 26 0 2 8
1 1 1 5 5 2 5 5 1 0 1 3 0 0 0 5 -1 -1 -1 -1 -1 -1 -1 684454 4 10 40 26 26 0 2 8
1 1 1 1 1 2 1 1 1 0 1 3 0 0 0 5 -1 -1 -1 -1 -1 -1 -1 684821 0 10 40 27 27 0 2 8
1 1 1 1 1 3 1 1 1 0 1 3 7 0 0 5 5 6 2 2 1 1 1 685187 0 10 40 27 27 0 2 8
1 1 1 1 1 1 2 1 1 0 1 3 42 0 0 6 -1 -1 -1 -1 -1 -1 -1 685554 0 10 40 27 27 1 0 8
5 1 1 5 1 5 2 5 1 0 1 3 41 -1 0 6 -1 -1 -1 -1 -1 -1 -1 685954 4 10 40 27 27 1 0 8
1 1 1 1 1 2 1 1 1 0 1 3 -4 -1 0 5 -1 -1 -1 -1 -1 -1 -1 686320 0 10 40 27 27 1 0 8
1 1 1 1 1 4 1 1 1 0 1 3 -13 0 0 5 5 6 1 4 0 1 0 686687 0 10 40 27 27 1 0 8
1 1 1 1 1 1 2 1 1 0 1 3 42 0 0 6 -1 -1 -1 -1 -1 -1 -1 687053 0 10 40 27 27 0 1 8
5 5 1 5 1 5 2 1 1 0 1 3 53 0 0 6 -1 -1 -1 -1 -1 -1 -1 687420 4 10 40 27 27 0 1 8
1 1 1 1 1 1 2 1 1 0 1 3 53 0 0 6 -1 -1 -1 -1 -1 -1 -1 687787 0 10 40 27.5 27.5 0 1 8
1 1 1 1 3 1 1 2 1 0 1 3 79 2 0 7 4 6 2 2 1 1 1 688153 0 10 40 27.5 27.5 0 1 8
2 1 1 1 1 1 1 1 1 0 1 3 149 3 0 0 -1 -1 -1 -1 -1 -1 -1 688520 0 10 40 27.5 27.5 8 0 8
1 2 1 1 5 5 5 5 1 0 1 3 171 3 0 1 -1 -1 -1 -1 -1 -1 -1 688886 4 10 40 27.5 27.5 6 3 8
1 1 1 2 1 1 1 1 1 0 1 3 270 7 119 3 -1 -1 -1 -1 -1 -1 -1 689253 0 10 40 27.5 27.5 6 3 8
1 1 1 4 1 1 1 1 1 0 1 3 271 0 0 3 3 6 0 0 0 1 0 689619 0 10 40 27.5 27.5 6 3 8
1 1 2 1 1 1 1 1 1 0 1 3 242 -1 0 2 -1 -1 -1 -1 -1 -1 -1 689953 0 10 40 27.5 27.5 6 3 8
1 5 2 5 1 5 5 1 1 0 1 3 224 0 0 2 -1 -1 -1 -1 -1 -1 -1 690319 4 10 40 27.5 27.5 0 2 8
1 1 1 2 1 1 1 1 1 0 1 3 267 0 27 3 -1 -1 -1 -1 -1 -1 -1 690686 0 10 40 27.5 27.5 0 2 8
1 1 1 2 3 1 1 1 1 0 1 3 268 0 0 3 4 6 1 1 1 1 1 691052 0 10 40 28 28 0 2 8
1 1 1 2 1 1 1 1 1 0 1 3 287 0 0 3 -1 -1 -1 -1 -1 -1 -1 691419 0 10 40 28 28 0 2 8
1 1 5 2 1 5 5 5 1 0 1 3 289 0 0 3 -1 -1 -1 -1 -1 -1 -1 691786 4 10 40 28 28 1 0 8
1 1 1 2 1 1 1 1 1 0 1 3 283 0 0 3 -1 -1 -1 -1 -1 -1 -1 692119 0 10 40 28 28 1 0 8
1 1 1 4 1 1 1 1 1 0 1 3 272 0 0 3 3 6 0 0 0 1 0 692485 0 10 40 28 28 1 0 8
1 1 1 2 1 1 1 1 1 0 1 3 270 0 0 3 -1 -1 -1 -1 -1 -1 -1 692852 0 10 40 28 28 1 0 8
1 1 5 2 5 5 1 5 1 0 1 3 270 0 0 3 -1 -1 -1 -1 -1 -1 -1 693185 4 10 40 28 28 0 1 8
1 1 2 1 1 1 1 1 1 0 1 3 246 0 0 2 -1 -1 -1 -1 -1 -1 -1 693552 0 10 40 28 28 0 1 8
1 1 3 2 1 1 1 1 1 0 1 3 250 1 0 3 2 6 4 0 1 1 1 693918 0 10 40 28.5 28.5 0 1 8
1 1 1 2 1 1 1 1 1 0 1 3 263 0 0 3 -1 -1 -1 -1 -1 -1 -1 694252 0 10 40 28.5 28.5 0 1 8
1 5 5 2 5 5 1 1 1 0 1 3 259 -2 0 3 -1 -1 -1 -1 -1 -1 -1 694618 4 10 40 28.5 28.5 8 0 8
1 1 2 1 1 1 1 1 1 0 1 3 205 -1 50 2 -1 -1 -1 -1 -1 -1 -1 694951 0 10 40 28.5 28.5 6 3 8
1 4 1 1 1 1 1 1 1 0 1 3 183 0 0 1 1 6 4 3 0 1 0 695318 0 10 40 28.5 28.5 6 3 8
1 2 1 1 1 1 1 1 1 0 1 3 172 0 0 1 -1 -1 -1 -1 -1 -1 -1 695651 0 10 40 28.5 28.5 6 3 8
5 2 5 5 1 5 5 5 1 0 1 3 179 0 0 1 -1 -1 -1 -1 -1 -1 -1 696018 6 10 40 28.5 28.5 6 3 8
1 2 1 1 1 1 1 1 1 0 1 3 176 0 0 1 -1 -1 -1 -1 -1 -1 -1 696351 0 10 40 28.5 28.5 0 2 8
4 1 1 1 1 1 1 1 1 0 1 3 144 0 0 0 0 6 1 1 0 1 0 696718 0 10 40 28.5 28.5 0 2 8
2 1 1 1 1 1 1 1 1 0 1 3 141 0 0 0 -1 -1 -1 -1 -1 -1 -1 697051 0 10 40 28.5 28.5 0 2 8
2 5 5 5 5 1 5 5 1 0 1 3 136 0 0 0 -1 -1 -1 -1 -1 -1 -1 697418 6 10 40 28.5 28.5 0 2 8
2 1 1 1 1 1 1 1 1 0 1 3 136 0 0 0 -1 -1 -1 -1 -1 -1 -1 697751 0 10 40 28.5 28.5 1 0 8
4 1 1 1 1 1 1 1 1 0 1 3 151 1 0 0 0 6 3 3 0 1 0 698117 0 10 40 28.5 28.5 1 0 8
1 1 2 1 1 1 1 1 1 0 1 3 219 3 117 2 -1 -1 -1 -1 -1 -1 -1 698451 0 10 40 28.5 28.5 1 0 8
5 5 2 5 5 5 1 5 1 0 1 3 222 0 0 2 -1 -1 -1 -1 -1 -1 -1 698817 6 10 40 28.5 28.5 1 0 8
1 1 2 1 1 1 1 1 1 0 1 3 205 0 0 2 -1 -1 -1 -1 -1 -1 -1 699184 0 10 40 28.5 28.5 0 1 8
1 1 2 1 1 1 1 3 1 0 1 3 216 2 0 2 7 6 3 4 1 1 1 699517 0 10 40 29 29 0 1 8
1 1 1 2 1 1 1 1 1 0 1 3 271 3 57 3 -1 -1 -1 -1 -1 -1 -1 699850 0 10 40 29 29 0 1 8
5 5 5 2 5 5 5 1 1 0 1 3 272 0 0 3 -1 -1 -1 -1 -1 -1 -1 700217 6 10 40 29 29 0 1 8
1 1 1 1 2 1 1 1 1 0 1 3 327 3 109 4 -1 -1 -1 -1 -1 -1 -1 700550 0 10 40 29 29 8 0 8
1 1 1 1 1 2 3 1 1 0 1 3 353 0 0 5 6 6 4 1 1 1 1 700883 0 10 40 29.5 29.5 6 3 8
1 1 1 1 1 1 1 2 1 0 1 3 71 5 168 7 -1 -1 -1 -1 -1 -1 -1 701217 0 10 40 29.5 29.5 6 3 8
1 5 5 5 5 5 5 2 1 0 1 3 91 1 0 7 -1 -1 -1 -1 -1 -1 -1 701583 6 10 40 29.5 29.5 6 3 8
1 1 1 1 1 1 1 2 1 0 1 3 91 1 0 7 -1 -1 -1 -1 -1 -1 -1 701916 0 10 40 30 30 6 3 8
1 1 1 1 1 3 1 2 1 0 1 3 90 0 0 7 5 6 3 3 1 1 1 702250 0 10 40 30 30 0 2 8
2 1 1 1 1 1 1 1 1 0 1 3 129 2 66 0 -1 -1 -1 -1 -1 -1 -1 702583 0 10 40 30 30 0 2 8
2 5 5 5 1 5 5 5 1 0 1 3 134 0 0 0 -1 -1 -1 -1 -1 -1 -1 702916 6 10 40 30 30 0 2 8
2 1 1 1 1 1 1 1 1 0 1 3 129 0 0 0 -1 -1 -1 -1 -1 -1 -1 703249 0 10 40 30.5 30.5 0 2 8
2 1 1 1 1 3 1 1 1 0 1 3 129 0 0 0 5 6 3 3 1 1 1 703549 0 10 40 30.5 30.5 1 0 8
1 1 1 1 1 1 1 2 1 0 1 3 92 -1 0 7 -1 -1 -1 -1 -1 -1 -1 703883 0 10 40 30.5 30.5 1 0 8
5 5 5 5 5 5 2 1 1 0 1 3 61 -1 31 6 -1 -1 -1 -1 -1 -1 -1 704216 6 10 40 30.5 30.5 1 0 8
1 1 1 1 1 1 2 1 1 0 1 3 46 -2 0 6 -1 -1 -1 -1 -1 -1 -1 704549 0 10 40 30.5 30.5 1 0 8
1 1 1 1 1 4 1 1 1 0 1 3 9 -1 0 5 5 6 4 2 0 1 0 704882 0 10 40 30.5 30.5 0 1 8
1 1 1 1 1 2 1 1 1 0 1 3 -7 0 0 5 -1 -1 -1 -1 -1 -1 -1 705216 0 10 40 30.5 30.5 0 1 8
5 5 1 5 5 2 5 5 1 0 1 3 -7 0 0 5 -1 -1 -1 -1 -1 -1 -1 705516 6 10 40 30.5 30.5 0 1 8
1 1 1 1 1 2 1 1 1 0 1 3 -7 0 0 5 -1 -1 -1 -1 -1 -1 -1 705849 0 10 40 30.5 30.5 0 1 8
1 1 1 1 3 2 1 1 1 0 1 3 -15 -1 0 5 4 6 3 4 1 1 1 706182 0 10 40 31 31 8 0 8
1 1 1 1 2 1 1 1 1 0 1 3 -42 0 0 4 -1 -1 -1 -1 -1 -1 -1 706515 0 10 40 31 31 6 3 8
5 5 5 5 2 5 1 5 1 0 1 3 -46 0 0 4 -1 -1 -1 -1 -1 -1 -1 706815 6 10 40 31 31 6 3 8
1 1 1 2 1 1 1 1 1 0 1 3 -78 -1 0 3 -1 -1 -1 -1 -1 -1 -1 707148 0 10 40 31 31 6 3 8
1 1 1 4 1 1 1 1 1 0 1 3 278 0 0 3 3 6 0 0 0 1 0 707482 0 10 40 31 31 6 3 8
1 1 1 1 2 1 1 1 1 0 1 3 309 0 0 4 -1 -1 -1 -1 -1 -1 -1 707782 0 10 40 31 31 0 2 8
5 5 5 5 2 5 1 5 1 0 1 3 298 -2 0 4 -1 -1 -1 -1 -1 -1 -1 708115 6 10 40 31 31 0 2 8
1 1 1 2 1 1 1 1 1 0 1 3 281 0 0 3 -1 -1 -1 -1 -1 -1 -1 708448 0 10 40 31 31 0 2 8
1 1 1 4 1 1 1 1 1 0 1 3 271 0 0 3 3 6 1 1 0 1 0 708748 0 10 40 31 31 0 2 8
1 1 1 1 2 1 1 1 1 0 1 3 296 0 0 4 -1 -1 -1 -1 -1 -1 -1 709081 0 10 40 31 31 1 0 8
5 1 5 1 2 1 5 5 1 0 1 3 303 0 0 4 -1 -1 -1 -1 -1 -1 -1 709415 4 10 40 31 31 1 0 8
1 1 1 1 2 1 1 1 1 0 1 3 301 0 0 4 -1 -1 -1 -1 -1 -1 -1 709714 0 10 40 31 31 1 0 8
1 1 1 4 1 1 1 1 1 0 1 3 272 -1 0 3 3 6 0 0 0 1 0 710048 0 10 40 31 31 1 0 8
1 1 1 2 1 1 1 1 1 0 1 3 277 1 0 3 -1 -1 -1 -1 -1 -1 -1 710381 0 10 40 31 31 0 1 8
1 5 5 1 2 5 1 5 1 0 1 3 293 0 0 4 -1 -1 -1 -1 -1 -1 -1 710681 4 10 40 31 31 0 1 8
1 1 1 2 1 1 1 1 1 0 1 3 267 -1 0 3 -1 -1 -1 -1 -1 -1 -1 711014 0 10 40 31 31 0 1 8
1 1 4 1 1 1 1 1 1 0 1 3 244 0 0 2 2 6 1 1 0 1 0 711347 0 10 40 31 31 0 1 8
1 1 2 1 1 1 1 1 1 0 1 3 230 0 0 2 -1 -1 -1 -1 -1 -1 -1 711681 0 10 40 31 31 8 0 8
1 5 2 5 1 5 1 5 1 0 1 3 226 0 0 2 -1 -1 -1 -1 -1 -1 -1 711981 4 10 40 31 31 6 3 8
1 1 2 1 1 1 1 1 1 0 1 3 226 0 0 2 -1 -1 -1 -1 -1 -1 -1 712314 0 10 40 31 31 6 3 8
1 4 1 1 1 1 1 1 1 0 1 3 186 0 0 1 1 6 0 0 0 1 0 712647 0 10 40 31 31 6 3 8
1 1 2 1 1 1 1 1 1 0 1 3 204 1 0 2 -1 -1 -1 -1 -1 -1 -1 712947 0 10 40 31 31 6 3 8
5 1 2 1 5 5 5 1 1 0 1 3 220 0 0 2 -1 -1 -1 -1 -1 -1 -1 713280 4 10 40 31 31 0 2 8
1 1 2 1 1 1 1 1 1 0 1 3 222 0 0 2 -1 -1 -1 -1 -1 -1 -1 713614 0 10 40 31 31 0 2 8
1 1 4 1 1 1 1 1 1 0 1 3 227 1 0 2 2 6 2 2 0 1 0 713913 0 10 40 31 31 0 2 8
1 1 1 2 1 1 1 1 1 0 1 3 264 1 0 3 -1 -1 -1 -1 -1 -1 -1 714247 0 10 40 31 31 0 2 8
5 5 5 2 1 5 1 1 1 0 1 3 272 0 0 3 -1 -1 -1 -1 -1 -1 -1 714580 4 10 40 31 31 1 0 8
1 1 1 2 1 1 1 1 1 0 1 3 272 0 0 3 -1 -1 -1 -1 -1 -1 -1 714880 0 10 40 31.5 31.5 1 0 8
1 3 1 2 1 1 1 1 1 0 1 3 275 1 0 3 1 6 1 1 1 1 1 715213 0 10 40 31.5 31.5 1 0 8
1 1 1 2 1 1 1 1 1 0 1 3 291 0 0 3 -1 -1 -1 -1 -1 -1 -1 715513 0 10 40 31.5 31.5 1 0 8
5 5 5 2 1 1 5 1 1 0 1 3 275 0 0 3 -1 -1 -1 -1 -1 -1 -1 715846 4 10 40 31.5 31.5 0 1 8
1 1 1 2 1 1 1 1 1 0 1 3 274 0 0 3 -1 -1 -1 -1 -1 -1 -1 716146 0 10 40 32 31.5 0 1 8
1 1 1 1 1 2 1 1 2 0 1 4 0 0 0 5 -1 -1 -1 -1 -1 -1 -1 867343 0 10 40 25 60 6 0 8
1 1 1 1 1 2 1 1 2 0 1 4 0 0 0 5 -1 -1 -1 -1 -1 -1 -1 867509 0 10 40 25 60 6 0 8
1 1 1 1 1 2 1 1 2 0 1 4 0 0 0 5 -1 -1 -1 -1 -1 -1 -1 867709 0 10 40 25 40.5555 6 0 8
1 1 1 1 1 2 1 1 2 0 1 4 0 0 0 5 -1 -1 -1 -1 -1 -1 -1 868076 0 10 40 25 25 6 0 8
1 1 1 1 1 2 1 1 2 0 1 4 0 0 0 5 -1 -1 -1 -1 -1 -1 -1 868476 0 10 40 25 25 0 3 8
1 1 1 1 1 2 1 1 2 0 1 4 0 0 0 5 -1 -1 -1 -1 -1 -1 -1 868876 0 10 40 25 25 0 3 8
1 1 1 1 1 2 1 1 2 0 1 4 0 0 0 5 -1 -1 -1 -1 -1 -1 -1 869276 0 10 40 25 25 0 3 8
1 1 1 1 1 2 1 1 2 0 1 4 0 0 0 5 -1 -1 -1 -1 -1 -1 -1 869675 0 10 40 25 25 0 3 8
1 1 1 1 1 2 1 1 2 0 1 4 0 0 0 5 -1 -1 -1 -1 -1 -1 -1 870075 0 10 40 25 25 0 1 8
1 1 1 1 1 1 2 1 2 0 1 4 31 0 0 6 -1 -1 -1 -1 -1 -1 -1 870475 0 10 40 25 25 0 1 8
1 1 1 1 1 1 4 1 2 0 1 4 62 1 42 6 6 6 0 0 0 1 0 870875 0 10 40 25 25 0 1 8
1 1 1 1 1 1 1 2 2 0 1 4 66 0 0 7 -1 -1 -1 -1 -1 -1 -1 871275 0 10 40 25 25 0 1 8
1 5 1 1 1 1 1 2 2 0 1 4 92 3 0 7 -1 -1 -1 -1 -1 -1 -1 871675 1 10 40 25 25 2 0 8
1 1 1 1 1 1 1 2 2 0 1 4 103 0 0 7 -1 -1 -1 -1 -1 -1 -1 872075 0 10 40 25 25 2 0 8
1 1 1 1 1 1 1 4 2 0 1 4 89 0 0 7 7 6 3 3 0 1 0 872475 0 10 40 25 25 2 0 8
1 1 1 1 1 1 1 2 2 0 1 4 72 -2 0 7 -1 -1 -1 -1 -1 -1 -1 872875 0 10 40 25 25 2 0 8
1 1 1 5 1 1 2 1 2 0 1 4 47 -1 0 6 -1 -1 -1 -1 -1 -1 -1 873275 1 10 40 25 25 8 0 8
1 1 1 1 1 1 2 1 2 0 1 4 30 0 0 6 -1 -1 -1 -1 -1 -1 -1 873674 0 10 40 25 25 6 0 8
1 1 1 1 1 1 4 1 2 0 1 4 30 0 0 6 6 6 0 0 0 1 0 874074 0 10 40 25 25 6 0 8
1 1 1 1 1 2 1 1 2 0 1 4 19 0 0 5 -1 -1 -1 -1 -1 -1 -1 874474 0 10 40 25 25 6 0 8
1 1 1 1 1 2 1 5 2 0 1 4 3 0 0 5 -1 -1 -1 -1 -1 -1 -1 874874 1 10 40 25 25 6 0 8
1 1 1 1 1 2 1 1 2 0 1 4 3 0 0 5 -1 -1 -1 -1 -1 -1 -1 875274 0 10 40 25 25 0 3 8
1 1 1 1 1 4 1 1 2 0 1 4 -6 0 0 5 5 6 2 2 0 1 0 875674 0 10 40 25 25 0 3 8
1 1 1 1 1 2 1 1 2 0 1 4 -19 0 0 5 -1 -1 -1 -1 -1 -1 -1 876074 0 10 40 25 25 0 3 8
5 1 1 1 1 2 1 1 2 0 1 4 7 0 0 5 -1 -1 -1 -1 -1 -1 -1 876474 1 10 40 26 25 0 3 8
1 1 1 1 1 2 1 1 2 0 1 4 7 0 0 5 -1 -1 -1 -1 -1 -1 -1 876840 0 10 40 26 26 0 1 8
1 1 1 1 1 2 3 1 2 0 1 4 -4 0 0 5 6 6 0 0 1 1 1 877240 0 10 40 26 26 0 1 8
1 1 1 1 1 2 1 1 2 0 1 4 4 1 0 5 -1 -1 -1 -1 -1 -1 -1 877607 0 10 40 26 26 0 1 8
1 5 1 1 1 1 2 1 2 0 1 4 30 0 0 6 -1 -1 -1 -1 -1 -1 -1 878007 1 10 40 26 26 0 1 8
1 1 1 1 1 1 2 1 2 0 1 4 35 1 0 6 -1 -1 -1 -1 -1 -1 -1 878373 0 10 40 26 26 2 0 8
1 1 1 1 1 1 4 1 2 0 1 4 43 0 0 6 6 6 1 1 0 1 0 878773 0 10 40 26 26 2 0 8
1 1 1 1 1 1 2 1 2 0 1 4 60 0 0 6 -1 -1 -1 -1 -1 -1 -1 879140 0 10 40 26 26 2 0 8
1 1 1 1 1 5 2 1 2 0 1 4 60 0 0 6 -1 -1 -1 -1 -1 -1 -1 879540 1 10 40 26 26 2 0 8
1 1 1 1 1 1 2 1 2 0 1 4 60 0 0 6 -1 -1 -1 -1 -1 -1 -1 879906 0 10 40 25 26 8 0 8
1 1 1 1 1 4 2 1 2 0 1 4 60 0 0 6 5 6 2 2 0 1 1 880306 0 10 40 25 25 6 0 8
1 1 1 1 1 1 2 1 2 0 1 4 60 0 0 6 -1 -1 -1 -1 -1 -1 -1 880706 0 10 40 25 25 6 0 8
5 1 1 1 1 1 2 1 2 0 1 4 60 0 0 6 -1 -1 -1 -1 -1 -1 -1 881106 1 10 40 25 25 6 0 8
1 1 1 1 1 2 1 1 2 0 1 4 356 -1 53 5 -1 -1 -1 -1 -1 -1 -1 881506 0 10 40 25 25 6 0 8
1 1 1 1 4 1 1 1 2 0 1 4 314 0 0 4 4 6 3 3 0 1 0 881906 0 10 40 25 25 0 3 8
1 1 1 1 2 1 1 1 2 0 1 4 318 0 0 4 -1 -1 -1 -1 -1 -1 -1 882306 0 10 40 25 25 0 3 8
1 1 5 1 1 2 1 1 2 0 1 4 351 1 0 5 -1 -1 -1 -1 -1 -1 -1 882706 1 10 40 25 25 0 3 8
1 1 1 1 1 2 1 1 2 0 1 4 351 1 0 5 -1 -1 -1 -1 -1 -1 -1 883105 0 10 40 25 25 0 3 8
1 1 1 1 1 4 1 1 2 0 1 4 351 1 0 5 5 6 4 2 0 1 0 883505 0 10 40 25 25 0 1 8
1 1 1 1 1 2 1 1 2 0 1 4 351 1 0 5 -1 -1 -1 -1 -1 -1 -1 883905 0 10 40 25 25 0 1 8
1 5 1 1 1 2 1 1 2 0 1 4 351 1 0 5 -1 -1 -1 -1 -1 -1 -1 884305 1 10 40 25 25 0 1 8
1 1 1 1 1 2 1 1 2 0 1 4 351 1 0 5 -1 -1 -1 -1 -1 -1 -1 884705 0 10 40 26 26 0 1 8
1 1 1 1 3 2 1 1 2 0 1 4 351 1 0 5 4 6 1 1 1 1 1 885105 0 10 40 26 26 2 0 8
1 1 1 1 1 2 1 1 2 0 1 4 351 1 0 5 -1 -1 -1 -1 -1 -1 -1 885472 0 10 40 26 26 2 0 8
1 5 1 1 1 2 1 1 2 0 1 4 351 1 0 5 -1 -1 -1 -1 -1 -1 -1 885871 1 10 40 26 26 2 0 8
1 1 1 1 1 2 1 1 2 0 1 4 351 1 0 5 -1 -1 -1 -1 -1 -1 -1 886238 0 10 40 26 26 2 0 8
1 1 1 3 1 2 1 1 2 0 1 4 351 1 0 5 3 6 2 2 1 1 1 886638 0 10 40 27 27 8 0 8
1 1 1 1 1 2 1 1 2 0 1 4 351 1 0 5 -1 -1 -1 -1 -1 -1 -1 887005 0 10 40 27 27 6 0 8
1 1 1 5 1 2 1 1 2 0 1 4 351 1 0 5 -1 -1 -1 -1 -1 -1 -1 887371 1 10 40 27 27 6 0 8
1 1 1 1 2 1 1 1 2 0 1 4 310 -3 0 4 -1 -1 -1 -1 -1 -1 -1 887738 0 10 40 27 27 6 0 8
1 1 1 4 1 1 1 1 2 0 1 4 268 -1 0 3 3 6 1 1 0 1 0 888104 0 10 40 27 27 6 0 8
1 1 1 2 1 1 1 1 2 0 1 4 257 0 0 3 -1 -1 -1 -1 -1 -1 -1 888471 0 10 40 27 27 0 3 8
1 1 1 2 5 1 1 1 2 0 1 4 265 0 0 3 -1 -1 -1 -1 -1 -1 -1 888837 1 10 40 27 27 0 3 8
1 1 1 2 1 1 1 1 2 0 1 4 272 0 0 3 -1 -1 -1 -1 -1 -1 -1 889204 0 10 40 27 27 0 3 8
1 1 1 3 1 1 1 1 2 0 1 4 272 0 0 3 3 6 2 2 1 1 1 889571 0 10 40 27.5 27.5 0 3 8
1 1 1 2 1 1 1 1 2 0 1 4 272 0 0 3 -1 -1 -1 -1 -1 -1 -1 889937 0 10 40 27.5 27.5 0 1 8
1 1 1 2 5 1 1 1 2 0 1 4 272 0 0 3 -1 -1 -1 -1 -1 -1 -1 890304 1 10 40 27.5 27.5 0 1 8
1 1 2 1 1 1 1 1 2 0 1 4 234 0 0 2 -1 -1 -1 -1 -1 -1 -1 890670 0 10 40 27.5 27.5 0 1 8
1 1 4 1 1 1 1 1 2 0 1 4 234 0 0 2 2 6 4 3 0 1 0 891037 0 10 40 27.5 27.5 0 1 8
1 1 1 2 1 1 1 1 2 0 1 4 252 1 0 3 -1 -1 -1 -1 -1 -1 -1 891403 0 10 40 27.5 27.5 2 0 8
1 1 1 2 1 1 1 5 2 0 1 4 260 0 0 3 -1 -1 -1 -1 -1 -1 -1 891770 1 10 40 27.5 27.5 2 0 8
1 1 1 2 1 1 1 1 2 0 1 4 260 0 0 3 -1 -1 -1 -1 -1 -1 -1 892137 0 10 40 27.5 27.5 2 0 8
1 1 1 4 1 1 1 1 2 0 1 4 260 0 0 3 3 6 4 1 0 1 1 892503 0 10 40 25.5 25.5 2 0 8
1 1 1 2 1 1 1 1 2 0 1 4 260 0 0 3 -1 -1 -1 -1 -1 -1 -1 892903 0 10 40 25.5 25.5 8 0 8
1 1 1 2 1 1 5 1 2 0 1 4 260 0 0 3 -1 -1 -1 -1 -1 -1 -1 893303 1 10 40 25.5 25.5 6 0 8
1 1 1 2 1 1 1 1 2 0 1 4 260 0 0 3 -1 -1 -1 -1 -1 -1 -1 893670 0 10 40 26.5 26.5 6 0 8
1 1 1 2 3 1 1 1 2 0 1 4 260 0 0 3 4 6 1 1 1 1 1 894069 0 10 40 26.5 26.5 6 0 8
1 1 1 2 1 1 1 1 2 0 1 4 260 0 0 3 -1 -1 -1 -1 -1 -1 -1 894436 0 10 40 26.5 26.5 6 0 8
1 5 1 2 1 1 1 1 2 0 1 4 260 0 0 3 -1 -1 -1 -1 -1 -1 -1 894803 1 10 40 26.5 26.5 0 3 8
1 1 1 2 1 1 1 1 2 0 1 4 260 0 0 3 -1 -1 -1 -1 -1 -1 -1 895203 0 10 40 26.5 26.5 0 3 8
1 1 1 4 1 1 1 1 2 0 1 4 260 0 0 3 3 6 1 4 0 1 0 895569 0 10 40 26.5 26.5 0 3 8
1 1 1 2 1 1 1 1 2 0 1 4 260 0 0 3 -1 -1 -1 -1 -1 -1 -1 895936 0 10 40 26.5 26.5 0 3 8
1 1 1 2 1 1 5 1 2 0 1 4 260 0 0 3 -1 -1 -1 -1 -1 -1 -1 896336 1 10 40 26.5 26.5 0 1 8
1 1 1 1 2 1 1 1 2 0 1 4 293 1 39 4 -1 -1 -1 -1 -1 -1 -1 896702 0 10 40 26.5 26.5 0 1 8
1 1 1 1 4 1 1 1 2 0 1 4 301 1 0 4 4 6 0 0 0 1 0 897069 0 10 40 26.5 26.5 0 1 8
1 1 1 1 2 1 1 1 2 0 1 4 321 0 0 4 -1 -1 -1 -1 -1 -1 -1 897469 0 10 40 26.5 26.5 0 1 8
0 0 0 1 1 2 1 5 2 0 1 4 336 0 0 5 -1 -1 -1 -1 -1 -1 -1 897835 1 10 40 26.5 26.5 2 0 5
0 0 0 1 1 2 1 1 2 0 1 4 336 0 0 5 -1 -1 -1 -1 -1 -1 -1 898202 0 10 40 27 27 2 0 5
0 0 0 1 1 3 1 1 2 0 1 4 348 1 0 5 5 6 1 1 1 1 1 898568 0 10 40 27 27 2 0 5
0 0 0 1 1 2 1 1 2 0 1 4 13 0 0 5 -1 -1 -1 -1 -1 -1 -1 898935 0 10 40 27 27 2 0 5
0 0 0 1 5 2 1 1 2 0 1 4 13 0 0 5 -1 -1 -1 -1 -1 -1 -1 899302 1 10 40 27 27 8 0 5
0 0 0 1 1 2 1 1 2 0 1 4 13 0 0 5 -1 -1 -1 -1 -1 -1 -1 899701 0 10 40 27.5 27.5 6 0 5
0 0 0 1 3 2 1 1 2 0 1 4 13 0 0 5 4 6 4 1 1 1 1 900035 0 10 40 27.5 27.5 6 0 5
0 0 0 1 1 2 1 1 2 0 1 4 -18 0 0 5 -1 -1 -1 -1 -1 -1 -1 900401 0 10 40 27.5 27.5 6 0 5
0 0 0 1 1 2 5 5 2 0 1 4 -11 1 0 5 -1 -1 -1 -1 -1 -1 -1 900768 2 10 40 27.5 27.5 6 0 5
0 0 0 1 1 2 1 1 2 0 1 4 -4 1 0 5 -1 -1 -1 -1 -1 -1 -1 901134 0 10 40 27.5 27.5 0 3 5
0 0 0 1 1 4 1 1 2 0 1 4 -4 1 0 5 5 6 0 0 0 1 0 901501 0 10 40 27.5 27.5 0 3 5
0 0 0 1 1 2 1 1 2 0 1 4 -4 1 0 5 -1 -1 -1 -1 -1 -1 -1 901868 0 10 40 27.5 27.5 0 3 5
0 0 0 5 1 2 5 1 2 0 1 4 -4 1 0 5 -1 -1 -1 -1 -1 -1 -1 902234 2 10 40 27.5 27.5 0 3 5
0 0 0 1 2 1 1 1 2 0 1 4 -39 0 0 4 -1 -1 -1 -1 -1 -1 -1 902601 0 10 40 27.5 27.5 0 1 5
0 0 0 1 4 1 1 1 2 0 1 4 -38 1 0 4 4 6 2 4 0 1 0 902967 0 10 40 27.5 27.5 0 1 5
0 0 0 1 1 2 1 1 2 0 1 4 -9 0 0 5 -1 -1 -1 -1 -1 -1 -1 903334 0 10 40 27.5 27.5 0 1 5
0 0 0 1 5 2 5 1 2 0 1 4 0 0 0 5 -1 -1 -1 -1 -1 -1 -1 903667 2 10 40 27.5 27.5 0 1 5
0 0 0 1 1 2 1 1 2 0 1 4 0 0 0 5 -1 -1 -1 -1 -1 -1 -1 904034 0 10 40 27.5 27.5 2 0 5
0 0 0 1 1 4 1 1 2 0 1 4 -5 0 0 5 5 6 0 0 0 1 0 904400 0 10 40 27.5 27.5 2 0 5
0 0 0 1 1 2 1 1 2 0 1 4 -5 0 0 5 -1 -1 -1 -1 -1 -1 -1 904767 0 10 40 27.5 27.5 2 0 5
0 0 0 1 5 2 5 1 2 0 1 4 -16 0 0 5 -1 -1 -1 -1 -1 -1 -1 905133 2 10 40 27.5 27.5 2 0 5
0 0 0 1 2 1 1 1 2 0 1 4 322 -1 35 4 -1 -1 -1 -1 -1 -1 -1 905500 0 10 40 27.5 27.5 8 0 5
0 0 0 1 3 1 1 1 2 0 1 4 312 -1 0 4 4 6 1 1 1 1 0 905867 0 10 40 27.5 27.5 6 0 5
0 0 0 2 1 1 1 1 2 0 1 4 272 -1 0 3 -1 -1 -1 -1 -1 -1 -1 906233 0 10 40 25.5 25.5 6 0 5
0 0 0 2 5 1 5 1 2 0 1 4 270 0 0 3 -1 -1 -1 -1 -1 -1 -1 906633 2 10 40 25.5 25.5 6 0 5
0 0 0 2 1 1 1 1 2 0 1 4 270 0 0 3 -1 -1 -1 -1 -1 -1 -1 907033 0 10 40 25.5 25.5 6 0 5
0 0 0 1 1 2 1 1 3 0 3 4 0 0 0 5 -1 -1 -1 -1 -1 -1 -1 985480 0 10 40 27 60 2 2 5
0 0 0 1 1 2 1 1 3 0 3 4 0 0 0 5 -1 -1 -1 -1 -1 -1 -1 985647 0 10 40 27 60 2 2 5
0 0 0 1 1 2 1 1 3 0 3 4 0 0 0 5 -1 -1 -1 -1 -1 -1 -1 985847 0 10 40 27 37.56 2 2 5
0 0 0 1 1 2 1 1 3 0 3 4 0 0 0 5 -1 -1 -1 -1 -1 -1 -1 986214 0 10 40 27 27 2 2 5
0 0 0 1 1 2 1 1 3 0 3 4 0 0 0 5 -1 -1 -1 -1 -1 -1 -1 986580 0 10 40 27 27 7 0 5
0 0 0 1 1 2 1 1 3 0 3 4 0 0 0 5 -1 -1 -1 -1 -1 -1 -1 986947 0 10 40 27 27 7 0 5
0 0 0 1 1 2 1 1 3 0 3 4 0 0 0 5 -1 -1 -1 -1 -1 -1 -1 987313 0 10 40 27 27 7 0 5
0 0 0 1 1 2 1 1 3 0 3 4 0 0 0 5 -1 -1 -1 -1 -1 -1 -1 987680 0 10 40 27 27 7 0 5
0 0 0 1 1 2 1 1 3 0 3 4 0 0 0 5 -1 -1 -1 -1 -1 -1 -1 988080 0 10 40 27 27 4 3 5
0 0 0 1 1 2 1 1 3 0 3 4 0 0 0 5 -1 -1 -1 -1 -1 -1 -1 988446 0 10 40 27 27 4 3 5
0 0 0 1 1 4 1 1 3 0 3 4 4 0 0 5 5 2 2 2 0 1 0 988813 0 10 40 27 27 4 3 5
0 0 0 1 1 2 1 1 3 0 3 4 2 0 0 5 -1 -1 -1 -1 -1 -1 -1 989180 0 10 40 27 27 4 3 5
0 0 0 5 2 1 1 1 3 0 3 4 -26 -1 0 4 -1 -1 -1 -1 -1 -1 -1 989546 1 10 40 27 27 7 0 5
0 0 0 1 2 1 1 1 3 0 3 4 -35 0 0 4 -1 -1 -1 -1 -1 -1 -1 989913 0 10 40 27 27 7 0 5
0 0 0 1 4 1 1 1 3 0 3 4 -37 0 0 4 4 0 0 0 0 1 0 990279 0 10 40 27 27 7 0 5
0 0 0 1 2 1 1 1 3 0 3 4 -30 0 0 4 -1 -1 -1 -1 -1 -1 -1 990646 0 10 40 27 27 7 0 5
0 0 0 5 1 2 1 1 3 0 3 4 -19 0 0 5 -1 -1 -1 -1 -1 -1 -1 991012 1 10 40 27 27 8 0 5
0 0 0 1 2 1 1 1 3 0 3 4 297 -1 48 4 -1 -1 -1 -1 -1 -1 -1 991412 0 10 40 27 27 2 2 5
0 0 0 4 1 1 1 1 3 0 3 4 270 -1 0 3 3 2 2 2 0 1 0 991779 0 10 40 27 27 2 2 5
0 0 0 1 2 1 1 1 3 0 3 4 321 2 0 4 -1 -1 -1 -1 -1 -1 -1 992146 0 10 40 27 27 2 2 5
0 0 0 5 2 1 1 1 3 0 3 4 321 0 0 4 -1 -1 -1 -1 -1 -1 -1 992512 1 10 40 27 27 2 2 5
0 0 0 1 2 1 1 1 3 0 3 4 318 0 0 4 -1 -1 -1 -1 -1 -1 -1 992879 0 10 40 27 27 7 0 5
0 0 0 1 4 1 1 1 3 0 3 4 314 0 0 4 4 3 3 3 0 1 0 993245 0 10 40 27 27 7 0 5
0 0 0 2 1 1 1 1 3 0 3 4 270 0 0 3 -1 -1 -1 -1 -1 -1 -1 993612 0 10 40 27 27 7 0 5
0 0 0 2 5 1 1 1 3 0 3 4 270 0 0 3 -1 -1 -1 -1 -1 -1 -1 993978 1 10 40 27 27 7 0 5
0 0 0 2 1 1 1 1 3 0 3 4 270 0 0 3 -1 -1 -1 -1 -1 -1 -1 994345 0 10 40 28 28 4 3 5
0 0 0 3 2 1 1 1 3 0 3 4 291 0 0 4 3 2 2 2 1 1 1 994712 0 10 40 28 28 4 3 5
0 0 0 1 2 1 1 1 3 0 3 4 304 0 0 4 -1 -1 -1 -1 -1 -1 -1 995078 0 10 40 28 28 4 3 5
0 0 0 1 2 1 5 1 3 0 3 4 309 0 0 4 -1 -1 -1 -1 -1 -1 -1 995411 1 10 40 28 28 4 3 5
0 0 0 1 2 1 1 1 3 0 3 4 309 0 0 4 -1 -1 -1 -1 -1 -1 -1 995778 0 10 40 29 29 7 0 5
0 0 0 1 3 1 1 1 3 0 3 4 309 0 0 4 4 0 0 0 1 1 1 996111 0 10 40 29 29 7 0 5
0 0 0 1 2 1 1 1 3 0 3 4 309 0 0 4 -1 -1 -1 -1 -1 -1 -1 996444 0 10 40 29 29 7 0 5
0 0 0 1 2 1 1 5 3 0 3 4 309 0 0 4 -1 -1 -1 -1 -1 -1 -1 996811 1 10 40 29 29 7 0 5
0 0 0 2 1 1 1 1 3 0 3 4 271 -1 0 3 -1 -1 -1 -1 -1 -1 -1 997144 0 10 40 29 29 8 0 5
0 0 0 4 1 1 1 1 3 0 3 4 271 0 0 3 3 3 3 3 0 1 0 997511 0 10 40 29 29 2 2 5
0 0 0 2 1 1 1 1 3 0 3 4 287 1 0 3 -1 -1 -1 -1 -1 -1 -1 997844 0 10 40 29 29 2 2 5
0 0 0 1 2 1 5 1 3 0 3 4 306 0 0 4 -1 -1 -1 -1 -1 -1 -1 998177 1 10 40 29 29 2 2 5
0 0 0 1 2 1 1 1 3 0 3 4 311 0 0 4 -1 -1 -1 -1 -1 -1 -1 998544 0 10 40 29 29 2 2 5
0 0 0 1 4 1 1 1 3 0 3 4 311 0 0 4 4 2 2 2 0 1 1 998877 0 10 40 27 27 7 0 5
0 0 0 1 2 1 1 1 3 0 3 4 311 0 0 4 -1 -1 -1 -1 -1 -1 -1 999277 0 10 40 27 27 7 0 5
5 0 1 1 2 1 1 1 3 0 3 4 311 0 0 4 -1 -1 -1 -1 -1 -1 -1 999644 1 10 40 28 28 7 0 7
1 0 1 1 2 1 1 1 3 0 3 4 311 0 0 4 -1 -1 -1 -1 -1 -1 -1 999977 0 10 40 28 28 7 0 7
1 0 1 3 2 1 1 1 3 0 3 4 311 0 0 4 3 2 2 2 1 1 1 1000344 0 10 40 28 28 4 3 7
1 0 1 1 2 1 1 1 3 0 3 4 311 0 0 4 -1 -1 -1 -1 -1 -1 -1 1000710 0 10 40 28 28 4 3 7
1 0 1 5 2 1 1 1 3 0 3 4 311 0 0 4 -1 -1 -1 -1 -1 -1 -1 1001043 1 10 40 28 28 4 3 7
1 0 1 1 2 1 1 1 3 0 3 4 311 0 0 4 -1 -1 -1 -1 -1 -1 -1 1001410 0 10 40 28 28 4 3 7
1 0 1 4 1 1 1 1 3 0 3 4 275 0 0 3 3 5 3 4 0 1 0 1001777 0 10 40 28 28 7 0 7
1 0 1 2 1 1 1 1 3 0 3 4 277 1 0 3 -1 -1 -1 -1 -1 -1 -1 1002143 0 10 40 28 28 7 0 7
1 0 1 1 2 1 1 1 3 0 3 4 292 0 0 4 -1 -1 -1 -1 -1 -1 -1 1002476 0 10 40 28 28 7 0 7
1 0 1 1 2 1 1 1 3 0 3 4 292 0 0 4 -1 -1 -1 -1 -1 -1 -1 1002843 0 10 40 28 28 7 0 7
1 0 1 4 2 1 1 1 3 0 3 4 292 0 0 4 3 2 2 2 0 1 1 1003209 0 10 40 27 27 8 0 7
1 0 1 1 2 1 1 1 3 0 3 4 292 0 0 4 -1 -1 -1 -1 -1 -1 -1 1003576 0 10 40 27 27 2 2 7
1 0 1 1 2 1 1 1 3 0 3 4 292 0 0 4 -1 -1 -1 -1 -1 -1 -1 1003943 0 10 40 28 27 2 2 7
1 0 1 1 2 1 1 1 3 0 3 4 292 0 0 4 -1 -1 -1 -1 -1 -1 -1 1004309 0 10 40 28 28 2 2 7
1 0 3 1 2 1 1 1 3 0 3 4 292 0 0 4 2 2 2 2 1 1 1 1004676 0 10 40 28 28 2 2 7
1 0 1 1 2 1 1 1 3 0 3 4 292 0 0 4 -1 -1 -1 -1 -1 -1 -1 1005009 0 10 40 28 28 7 0 7
1 0 1 1 2 1 1 1 3 0 3 4 292 0 0 4 -1 -1 -1 -1 -1 -1 -1 1005376 0 10 40 28 28 7 0 7
1 0 1 2 1 1 1 1 3 0 3 4 279 0 0 3 -1 -1 -1 -1 -1 -1 -1 1005742 0 10 40 28 28 7 0 7
1 0 1 4 1 1 1 1 3 0 3 4 274 0 0 3 3 0 0 0 0 1 0 1006075 0 10 40 28 28 7 0 7
1 0 1 2 1 1 1 1 3 0 3 4 285 0 0 3 -1 -1 -1 -1 -1 -1 -1 1006442 0 10 40 28 28 4 3 7
1 0 1 1 2 1 1 1 3 0 3 4 304 0 23 4 -1 -1 -1 -1 -1 -1 -1 1006809 0 10 40 28 28 4 3 7
1 0 1 1 2 1 1 1 3 0 3 4 304 0 0 4 -1 -1 -1 -1 -1 -1 -1 1007175 0 10 40 28 28 4 3 7
1 0 1 1 4 1 1 1 3 0 3 4 304 0 0 4 4 2 2 4 0 1 0 1007508 0 10 40 28 28 4 3 7
1 0 1 1 2 1 1 1 3 0 3 4 304 0 0 4 -1 -1 -1 -1 -1 -1 -1 1007875 0 10 40 28 28 7 0 7
1 0 1 1 2 1 1 1 3 0 3 4 304 0 0 4 -1 -1 -1 -1 -1 -1 -1 1008242 0 10 40 28 28 7 0 7
1 0 1 1 2 1 1 1 3 0 3 4 297 -1 0 4 -1 -1 -1 -1 -1 -1 -1 1008575 0 10 40 28 28 7 0 7
1 0 1 4 1 1 1 1 3 0 3 4 271 0 0 3 3 0 0 0 0 1 0 1008941 0 10 40 28 28 7 0 7
1 0 1 2 1 1 1 1 3 0 3 4 288 1 0 3 -1 -1 -1 -1 -1 -1 -1 1009308 0 10 40 28 28 8 0 7
1 0 1 1 2 1 1 1 3 0 3 4 300 0 0 4 -1 -1 -1 -1 -1 -1 -1 1009675 0 10 40 28 28 2 2 7
1 0 1 1 2 1 1 1 3 0 3 4 296 -1 0 4 -1 -1 -1 -1 -1 -1 -1 1010008 0 10 40 28 28 2 2 7
1 0 1 4 1 1 1 1 3 0 3 4 274 0 0 3 3 1 1 4 0 1 0 1010374 0 10 40 28 28 2 2 7
1 0 1 2 1 1 1 1 3 0 3 4 278 1 0 3 -1 -1 -1 -1 -1 -1 -1 1010741 0 10 40 28 28 2 2 7
1 0 1 1 2 1 1 1 3 0 3 4 308 1 34 4 -1 -1 -1 -1 -1 -1 -1 1011074 0 10 40 28 28 7 0 7
1 0 1 1 2 1 1 1 3 0 3 4 309 0 0 4 -1 -1 -1 -1 -1 -1 -1 1011441 0 10 40 28 28 7 0 7
1 0 1 1 3 1 1 1 3 0 3 4 309 0 0 4 4 0 0 0 1 1 1 1011807 0 10 40 29 29 7 0 7
1 0 1 1 2 1 1 1 3 0 3 4 309 0 0 4 -1 -1 -1 -1 -1 -1 -1 1012141 0 10 40 29 29 7 0 7
1 0 1 1 2 1 1 1 3 0 3 4 309 0 0 4 -1 -1 -1 -1 -1 -1 -1 1012474 0 10 40 29 29 4 3 7
1 0 1 1 2 1 1 1 3 0 3 4 309 0 0 4 -1 -1 -1 -1 -1 -1 -1 1012840 0 10 40 29.5 29.5 4 3 7
1 0 1 1 2 3 1 1 3 0 3 4 309 0 0 4 5 2 2 4 1 1 1 1013174 0 10 40 29.5 29.5 4 3 7
1 0 1 1 2 1 1 1 3 0 3 4 309 0 0 4 -1 -1 -1 -1 -1 -1 -1 1013507 0 10 40 29.5 29.5 4 3 7
1 1 1 1 2 1 1 1 3 0 3 4 309 0 0 4 -1 -1 -1 -1 -1 -1 -1 1013840 0 10 40 29.5 29.5 7 0 8
1 1 1 1 2 1 1 1 3 0 3 4 309 0 0 4 -1 -1 -1 -1 -1 -1 -1 1014173 0 10 40 29.5 29.5 7 0 8
1 1 1 1 2 3 1 1 3 0 3 4 309 0 0 4 5 0 0 0 1 1 1 1014507 0 10 40 30 30 7 0 8
1 1 1 1 2 1 1 1 3 0 3 4 309 0 0 4 -1 -1 -1 -1 -1 -1 -1 1014840 0 10 40 30 30 7 0 8
1 1 1 1 2 1 1 1 3 0 3 4 309 0 0 4 -1 -1 -1 -1 -1 -1 -1 1015173 0 10 40 30 30 8 0 8
0 0 0 1 1 2 1 1 4 0 3 4 0 0 0 5 -1 -1 -1 -1 -1 -1 -1 1329896 0 10 40 27 60 0 3 5
0 0 0 1 1 2 1 1 4 0 3 4 0 0 0 5 -1 -1 -1 -1 -1 -1 -1 1330063 0 10 40 27 60 0 3 5
0 0 0 1 1 2 1 1 4 0 3 4 0 0 0 5 -1 -1 -1 -1 -1 -1 -1 1330263 0 10 40 27 37.56 0 3 5
0 0 0 1 1 2 1 1 4 0 3 4 0 0 0 5 -1 -1 -1 -1 -1 -1 -1 1330630 0 10 40 27 27 0 3 5
0 0 0 1 1 2 1 1 4 0 3 4 0 0 0 5 -1 -1 -1 -1 -1 -1 -1 1330996 0 10 40 27 27 3 0 5
0 0 0 1 1 2 1 1 4 0 3 4 0 0 0 5 -1 -1 -1 -1 -1 -1 -1 1331363 0 10 40 27 27 3 0 5
0 0 0 1 1 2 1 1 4 0 3 4 0 0 0 5 -1 -1 -1 -1 -1 -1 -1 1331729 0 10 40 27 27 3 0 5
0 0 0 1 1 2 1 1 4 0 3 4 0 0 0 5 -1 -1 -1 -1 -1 -1 -1 1332096 0 10 40 27 27 3 0 5
0 0 0 1 1 2 1 1 4 0 3 4 0 0 0 5 -1 -1 -1 -1 -1 -1 -1 1332496 0 10 40 27 27 5 1 5
0 0 0 1 1 2 1 1 4 0 3 4 16 1 0 5 -1 -1 -1 -1 -1 -1 -1 1332862 0 10 40 27 27 5 1 5
0 0 0 1 1 1 4 1 4 0 3 4 42 0 0 6 6 0 0 0 0 1 0 1333229 0 10 40 27 27 5 1 5
0 0 0 1 1 1 1 2 4 0 3 4 85 3 118 7 -1 -1 -1 -1 -1 -1 -1 1333596 0 10 40 27 27 5 1 5
0 0 0 1 1 1 5 2 4 0 3 4 90 1 0 7 -1 -1 -1 -1 -1 -1 -1 1333962 1 10 40 27 27 7 3 5
0 0 0 1 1 1 1 2 4 0 3 4 90 1 0 7 -1 -1 -1 -1 -1 -1 -1 1334329 0 10 40 27 27 7 3 5
0 0 0 1 1 1 1 4 4 0 3 4 88 0 0 7 7 1 1 1 0 1 0 1334695 0 10 40 27 27 7 3 5
0 0 0 1 1 1 2 1 4 0 3 4 45 -1 0 6 -1 -1 -1 -1 -1 -1 -1 1335062 0 10 40 27 27 7 3 5
0 0 0 1 1 1 2 5 4 0 3 4 27 0 0 6 -1 -1 -1 -1 -1 -1 -1 1335428 1 10 40 27 27 8 0 5
0 0 0 1 1 1 1 2 4 0 3 4 88 2 0 7 -1 -1 -1 -1 -1 -1 -1 1335828 0 10 40 27 27 0 3 5
0 0 0 1 1 1 1 4 4 0 3 4 89 0 0 7 7 1 1 1 0 1 0 1336195 0 10 40 27 27 0 3 5
0 0 0 1 1 1 1 2 4 0 3 4 84 0 0 7 -1 -1 -1 -1 -1 -1 -1 1336561 0 10 40 27 27 0 3 5
0 0 0 1 1 5 2 1 4 0 3 4 66 0 0 6 -1 -1 -1 -1 -1 -1 -1 1336928 1 10 40 27 27 0 3 5
0 0 0 1 1 1 1 2 4 0 3 4 78 1 0 7 -1 -1 -1 -1 -1 -1 -1 1337295 0 10 40 27 27 3 0 5
0 0 0 1 1 1 1 4 4 0 3 4 89 0 0 7 7 3 3 3 0 1 0 1337661 0 10 40 27 27 3 0 5
0 0 0 1 1 1 1 2 4 0 3 4 84 0 0 7 -1 -1 -1 -1 -1 -1 -1 1338028 0 10 40 27 27 3 0 5
0 0 0 5 1 1 1 2 4 0 3 4 76 0 0 7 -1 -1 -1 -1 -1 -1 -1 1338394 1 10 40 27 27 3 0 5
0 0 0 1 1 1 1 2 4 0 3 4 80 0 0 7 -1 -1 -1 -1 -1 -1 -1 1338761 0 10 40 27 27 5 1 5
0 0 0 1 1 1 1 4 4 0 3 4 89 0 0 7 7 2 2 2 0 1 0 1339127 0 10 40 27 27 5 1 5
0 0 0 1 1 1 1 2 4 0 3 4 89 0 0 7 -1 -1 -1 -1 -1 -1 -1 1339527 0 10 40 27 27 5 1 5
0 0 0 1 5 1 1 2 4 0 3 4 89 0 0 7 -1 -1 -1 -1 -1 -1 -1 1339894 1 10 40 27 27 5 1 5
0 0 0 1 1 1 1 2 4 0 3 4 89 0 0 7 -1 -1 -1 -1 -1 -1 -1 1340261 0 10 40 27 27 7 3 5
0 0 0 1 1 1 1 4 4 0 3 4 89 0 0 7 7 0 0 0 0 1 0 1340627 0 10 40 27 27 7 3 5
0 0 0 1 1 1 1 2 4 0 3 4 89 0 0 7 -1 -1 -1 -1 -1 -1 -1 1340994 0 10 40 27 27 7 3 5
0 0 0 1 5 1 1 2 4 0 3 4 89 0 0 7 -1 -1 -1 -1 -1 -1 -1 1341360 1 10 40 27 27 7 3 5
0 0 0 1 1 1 1 2 4 0 3 4 89 0 0 7 -1 -1 -1 -1 -1 -1 -1 1341727 0 10 40 28 28 8 0 5
0 0 0 1 1 1 3 2 4 0 3 4 70 0 0 7 6 1 1 1 1 1 1 1342093 0 10 40 28 28 0 3 5
0 0 0 1 1 1 2 1 4 0 3 4 65 0 0 6 -1 -1 -1 -1 -1 -1 -1 1342427 0 10 40 28 28 0 3 5
0 0 0 1 1 5 2 1 4 0 3 4 42 -1 0 6 -1 -1 -1 -1 -1 -1 -1 1342793 1 10 40 28 28 0 3 5
0 0 0 1 1 2 1 1 4 0 3 4 10 0 22 5 -1 -1 -1 -1 -1 -1 -1 1343160 0 10 40 28 28 0 3 5
0 0 0 1 1 4 1 1 4 0 3 4 -4 0 0 5 5 0 0 0 0 1 0 1343526 0 10 40 28 28 3 0 5
0 0 0 1 2 1 1 1 4 0 3 4 -25 0 0 4 -1 -1 -1 -1 -1 -1 -1 1343860 0 10 40 28 28 3 0 5
1 0 1 1 1 2 1 5 4 0 3 4 7 2 0 5 -1 -1 -1 -1 -1 -1 -1 1344226 1 10 40 28 28 3 0 7
1 0 1 1 1 1 2 1 4 0 3 4 29 0 0 6 -1 -1 -1 -1 -1 -1 -1 1344593 0 10 40 28 28 3 0 7
1 0 1 1 1 1 4 1 4 0 3 4 44 0 0 6 6 1 1 1 0 1 0 1344926 0 10 40 28 28 5 1 7
1 0 1 1 1 1 2 1 4 0 3 4 49 0 0 6 -1 -1 -1 -1 -1 -1 -1 1345293 0 10 40 28 28 5 1 7
5 0 1 1 1 2 1 1 4 0 3 4 16 -2 0 5 -1 -1 -1 -1 -1 -1 -1 1345659 1 10 40 28 28 5 1 7
1 0 1 1 1 2 1 1 4 0 3 4 16 0 0 5 -1 -1 -1 -1 -1 -1 -1 1346026 0 10 40 29 29 5 1 7
1 0 1 1 1 3 1 1 4 0 3 4 10 -1 0 5 5 0 0 0 1 1 1 1346359 0 10 40 29 29 7 3 7
1 0 1 1 1 2 1 1 4 0 3 4 -8 -1 0 5 -1 -1 -1 -1 -1 -1 -1 1346692 0 10 40 29 29 7 3 7
1 0 1 1 1 2 1 1 4 0 3 4 11 1 38 5 -1 -1 -1 -1 -1 -1 -1 1347059 0 10 40 29 29 7 3 7
1 0 1 1 1 2 1 1 4 0 3 4 14 0 0 5 -1 -1 -1 -1 -1 -1 -1 1347392 0 10 40 29.5 29.5 7 3 7
1 0 1 1 1 1 3 1 4 0 3 4 24 0 0 6 6 1 1 4 1 1 1 1347725 0 10 40 29.5 29.5 8 0 7
1 0 1 1 1 1 2 1 4 0 3 4 37 0 0 6 -1 -1 -1 -1 -1 -1 -1 1348059 0 10 40 29.5 29.5 0 3 7
1 0 1 1 1 1 2 1 4 0 3 4 54 0 23 6 -1 -1 -1 -1 -1 -1 -1 1348392 0 10 40 29.5 29.5 0 3 7
1 0 1 1 1 1 2 1 4 0 3 4 54 0 0 6 -1 -1 -1 -1 -1 -1 -1 1348758 0 10 40 30 30 0 3 7
1 0 1 1 1 1 2 3 4 0 3 4 54 0 0 6 7 0 0 0 1 1 1 1349092 0 10 40 30 30 0 3 7
1 0 1 1 1 1 2 1 4 0 3 4 54 0 0 6 -1 -1 -1 -1 -1 -1 -1 1349425 0 10 40 30 30 3 0 7
1 0 1 1 1 1 2 1 4 0 3 4 54 0 0 6 -1 -1 -1 -1 -1 -1 -1 1349758 0 10 40 30 30 3 0 7
1 0 1 1 1 1 1 2 4 0 3 4 80 0 0 7 -1 -1 -1 -1 -1 -1 -1 1350091 0 10 40 30 30 3 0 7
1 0 1 1 1 1 1 4 4 0 3 4 92 0 0 7 7 3 4 3 0 1 0 1350425 0 10 40 30 30 3 0 7
1 0 1 1 1 1 1 2 4 0 3 4 91 -1 0 7 -1 -1 -1 -1 -1 -1 -1 1350758 0 10 40 30 30 5 1 7
1 0 1 1 1 1 2 1 4 0 3 4 50 -1 0 6 -1 -1 -1 -1 -1 -1 -1 1351091 0 10 40 30 30 5 1 7
1 0 1 1 1 1 2 1 4 0 3 4 50 0 0 6 -1 -1 -1 -1 -1 -1 -1 1351424 0 10 40 30 30 5 1 7
1 0 1 1 1 1 4 1 4 0 3 4 37 0 0 6 6 1 1 1 0 1 0 1351758 0 10 40 30 30 5 1 7
1 0 1 1 1 2 1 1 4 0 3 4 17 -1 0 5 -1 -1 -1 -1 -1 -1 -1 1352091 0 10 40 30 30 7 3 7
1 0 1 1 1 2 1 1 4 0 3 4 8 0 0 5 -1 -1 -1 -1 -1 -1 -1 1352424 0 10 40 30 30 7 3 7
1 0 1 1 1 2 1 1 4 0 3 4 8 0 0 5 -1 -1 -1 -1 -1 -1 -1 1352757 0 10 40 28 30 7 3 7
1 0 1 1 1 2 4 1 4 0 3 4 8 0 0 5 6 0 0 0 0 1 1 1353091 0 10 40 28 28 7 3 7
1 0 1 1 1 2 1 1 4 0 3 4 8 0 0 5 -1 -1 -1 -1 -1 -1 -1 1353457 0 10 40 28 28 8 0 7
1 0 1 1 1 2 1 1 4 0 3 4 8 0 0 5 -1 -1 -1 -1 -1 -1 -1 1353824 0 10 40 28 28 0 3 7
1 0 1 1 1 2 1 1 4 0 3 4 -8 0 0 5 -1 -1 -1 -1 -1 -1 -1 1354157 0 10 40 28 28 0 3 7
1 0 1 1 1 4 1 1 4 0 3 4 -3 1 0 5 5 5 2 2 0 1 0 1354524 0 10 40 28 28 0 3 7
1 0 1 1 1 2 1 1 4 0 3 4 21 0 0 5 -1 -1 -1 -1 -1 -1 -1 1354890 0 10 40 28 28 0 3 7
1 0 1 1 2 1 1 1 4 0 3 4 -22 -2 0 4 -1 -1 -1 -1 -1 -1 -1 1355224 0 10 40 28 28 3 0 7
1 0 1 1 2 1 1 1 4 0 3 4 325 0 0 4 -1 -1 -1 -1 -1 -1 -1 1355590 0 10 40 28 28 3 0 7
1 0 1 1 3 1 1 1 4 0 3 4 325 0 0 4 4 3 3 3 1 1 1 1355957 0 10 40 29 29 3 0 7
1 0 1 1 2 1 1 1 4 0 3 4 325 0 0 4 -1 -1 -1 -1 -1 -1 -1 1356290 0 10 40 29 29 3 0 7
1 0 1 1 2 1 1 1 4 0 3 4 325 0 0 4 -1 -1 -1 -1 -1 -1 -1 1356623 0 10 40 29 29 5 1 7
1 0 1 1 2 1 1 1 4 0 3 4 304 0 0 4 -1 -1 -1 -1 -1 -1 -1 1356990 0 10 40 29 29 5 1 7
1 0 1 1 4 1 1 1 4 0 3 4 309 1 0 4 4 2 2 4 0 1 0 1357323 0 10 40 29 29 5 1 7
1 0 1 1 2 1 1 1 4 0 3 4 327 0 0 4 -1 -1 -1 -1 -1 -1 -1 1357656 0 10 40 29 29 5 1 7
1 1 1 1 2 1 1 1 4 0 3 4 297 0 0 4 -1 -1 -1 -1 -1 -1 -1 1358023 0 10 40 29 29 7 3 8
1 1 1 1 2 1 1 1 4 0 3 4 297 0 0 4 -1 -1 -1 -1 -1 -1 -1 1358356 0 10 40 29 29 7 3 8
1 1 1 1 3 1 1 1 4 0 3 4 315 0 0 4 4 0 0 0 1 1 0 1358689 0 10 40 29 29 7 3 8
1 1 1 1 2 1 1 1 4 0 3 4 326 0 0 4 -1 -1 -1 -1 -1 -1 -1 1359056 0 10 40 27 27 7 3 8
1 1 1 1 1 2 1 1 4 0 3 4 342 1 33 5 -1 -1 -1 -1 -1 -1 -1 1359423 0 10 40 27 27 8 0 8
1 1 1 1 1 2 1 1 4 0 3 4 343 0 0 5 -1 -1 -1 -1 -1 -1 -1 1359789 0 10 40 27 27 0 3 8
1 1 1 1 1 4 1 1 4 0 3 4 366 0 0 5 5 5 3 3 0 1 0 1360189 0 10 40 27 27 0 3 8
1 1 1 1 1 1 2 1 4 0 3 4 22 1 32 6 -1 -1 -1 -1 -1 -1 -1 1360556 0 10 40 27 27 0 3 8
1 1 1 1 1 1 2 1 4 0 3 4 24 0 0 6 -1 -1 -1 -1 -1 -1 -1 1360922 0 10 40 27 27 0 3 8
1 1 1 1 1 1 2 1 4 0 3 4 24 0 0 6 -1 -1 -1 -1 -1 -1 -1 1361289 0 10 40 27 27 3 0 8
1 1 1 1 1 4 1 1 4 0 3 4 2 -1 0 5 5 0 0 0 0 1 0 1361655 0 10 40 27 27 3 0 8
1 1 1 1 1 2 1 1 4 0 3 4 -8 0 0 5 -1 -1 -1 -1 -1 -1 -1 1362022 0 10 40 27 27 3 0 8
1 1 1 1 1 2 1 1 4 0 3 4 -21 0 0 5 -1 -1 -1 -1 -1 -1 -1 1362388 0 10 40 27 27 3 0 8
1 1 1 1 2 1 1 1 4 0 3 4 -30 -1 0 4 -1 -1 -1 -1 -1 -1 -1 1362755 0 10 40 27 27 5 1 8
1 1 1 1 3 1 1 1 4 0 3 4 -38 0 0 4 4 2 2 2 1 1 0 1363122 0 10 40 27 27 5 1 8
1 1 1 1 2 1 1 1 4 0 3 4 -35 1 0 4 -1 -1 -1 -1 -1 -1 -1 1363522 0 10 40 26 26 5 1 8
1 1 1 1 1 2 1 1 4 0 3 4 -13 0 0 5 -1 -1 -1 -1 -1 -1 -1 1363888 0 10 40 26 26 5 1 8
1 1 1 1 1 2 1 1 4 0 3 4 -13 0 0 5 -1 -1 -1 -1 -1 -1 -1 1364288 0 10 40 26 26 7 3 8
1 1 1 1 1 3 1 1 4 0 3 4 -13 0 0 5 5 0 0 0 1 1 1 1364655 0 10 40 27 27 7 3 8
1 1 1 1 1 2 1 1 4 0 3 4 -13 0 0 5 -1 -1 -1 -1 -1 -1 -1 1365021 0 10 40 27 27 7 3 8
1 1 1 1 1 2 1 1 4 0 3 4 -13 0 0 5 -1 -1 -1 -1 -1 -1 -1 1365388 0 10 40 27 27 7 3 8
1 1 1 1 2 1 1 1 4 0 3 4 -30 0 0 4 -1 -1 -1 -1 -1 -1 -1 1365754 0 10 40 27 27 8 0 8
1 1 1 1 4 1 1 1 4 0 3 4 -41 -1 0 4 4 1 4 4 0 1 0 1366154 0 10 40 27 27 0 3 8
1 1 1 1 2 1 1 1 4 0 3 4 -40 1 0 4 -1 -1 -1 -1 -1 -1 -1 1366521 0 10 40 27 27 0 3 8
1 1 1 1 1 2 1 1 4 0 3 4 -11 0 0 5 -1 -1 -1 -1 -1 -1 -1 1366887 0 10 40 27 27 0 3 8
1 1 1 1 1 2 1 1 4 0 3 4 354 0 0 5 -1 -1 -1 -1 -1 -1 -1 1367254 0 10 40 27 27 0 3 8
1 1 1 1 1 4 1 1 4 0 3 4 354 0 0 5 5 1 4 1 0 1 0 1367621 0 10 40 27 27 3 0 8
1 1 1 1 1 2 1 1 4 0 3 4 354 0 0 5 -1 -1 -1 -1 -1 -1 -1 1367987 0 10 40 27 27 3 0 8
1 1 1 1 1 2 1 1 4 0 3 4 354 0 0 5 -1 -1 -1 -1 -1 -1 -1 1368354 0 10 40 27 27 3 0 8
1 1 1 1 1 2 1 1 4 0 3 4 354 0 0 5 -1 -1 -1 -1 -1 -1 -1 1368720 0 10 40 26 26 3 0 8
1 1 1 1 1 4 1 1 4 0 3 4 354 0 0 5 5 0 0 4 0 1 1 1369120 0 10 40 26 26 5 1 8
1 1 1 1 1 2 1 1 4 0 3 4 354 0 0 5 -1 -1 -1 -1 -1 -1 -1 1369487 0 10 40 26 26 5 1 8
1 1 1 1 1 2 1 1 4 0 3 4 354 0 0 5 -1 -1 -1 -1 -1 -1 -1 1369887 0 10 40 26 26 5 1 8
1 1 1 1 1 2 1 1 4 0 3 4 354 0 0 5 -1 -1 -1 -1 -1 -1 -1 1370253 0 10 40 27 27 5 1 8
1 1 1 1 3 2 1 1 4 0 3 4 354 0 0 5 4 5 0 4 1 1 1 1370620 0 10 40 27 27 7 3 8
1 1 1 1 1 2 1 1 4 0 3 4 354 0 0 5 -1 -1 -1 -1 -1 -1 -1 1370986 0 10 40 27 27 7 3 8
1 1 1 1 1 2 1 1 4 0 3 4 352 0 0 5 -1 -1 -1 -1 -1 -1 -1 1371353 0 10 40 27 27 7 3 8
1 1 1 2 1 1 1 1 4 0 3 4 270 -2 75 3 -1 -1 -1 -1 -1 -1 -1 1371753 0 10 40 27 27 7 3 8
1 1 1 4 1 1 1 1 4 0 3 4 275 0 0 3 3 5 4 3 0 1 0 1372119 0 10 40 27 27 8 0 8
1 1 1 2 1 1 1 1 4 0 3 4 283 1 0 3 -1 -1 -1 -1 -1 -1 -1 1372486 0 10 40 27 27 0 3 8
0 0 0 1 2 1 1 1 4 0 3 4 295 0 0 4 -1 -1 -1 -1 -1 -1 -1 1372853 0 10 40 27 27 0 3 5
0 0 0 1 1 2 1 1 5 0 3 4 0 0 0 5 -1 -1 -1 -1 -1 -1 -1 1469796 0 10 40 27 60 4 2 5
0 0 0 1 1 2 1 1 5 0 3 4 0 0 0 5 -1 -1 -1 -1 -1 -1 -1 1469962 0 10 40 27 60 4 2 5
0 0 0 1 1 2 1 1 5 0 3 4 0 0 0 5 -1 -1 -1 -1 -1 -1 -1 1470162 0 10 40 27 37.56 4 2 5
0 0 0 1 1 2 1 1 5 0 3 4 0 0 0 5 -1 -1 -1 -1 -1 -1 -1 1470529 0 10 40 27 27 4 2 5
0 0 0 1 1 2 1 1 5 0 3 4 0 0 0 5 -1 -1 -1 -1 -1 -1 -1 1470895 0 10 40 27 27 6 2 5
0 0 0 1 1 2 1 1 5 0 3 4 0 0 0 5 -1 -1 -1 -1 -1 -1 -1 1471262 0 10 40 27 27 6 2 5
0 0 0 1 1 2 1 1 5 0 3 4 0 0 0 5 -1 -1 -1 -1 -1 -1 -1 1471628 0 10 40 27 27 6 2 5
0 0 0 1 1 2 1 1 5 0 3 4 0 0 0 5 -1 -1 -1 -1 -1 -1 -1 1471995 0 10 40 27 27 6 2 5
0 0 0 1 1 2 1 1 5 0 3 4 0 0 0 5 -1 -1 -1 -1 -1 -1 -1 1472395 0 10 40 27 27 2 0 5
0 0 0 1 2 1 1 1 5 0 3 4 -32 -1 0 4 -1 -1 -1 -1 -1 -1 -1 1472762 0 10 40 27 27 2 0 5
0 0 0 1 4 1 1 1 5 0 3 4 -42 0 0 4 4 3 3 3 0 1 0 1473128 0 10 40 27 27 2 0 5
0 0 0 1 2 1 1 1 5 0 3 4 -44 0 0 4 -1 -1 -1 -1 -1 -1 -1 1473495 0 10 40 27 27 2 0 5
0 0 0 1 2 5 5 1 5 0 3 4 -54 0 0 4 -1 -1 -1 -1 -1 -1 -1 1473861 2 10 40 27 27 1 0 5
0 0 0 1 2 1 1 1 5 0 3 4 -54 0 0 4 -1 -1 -1 -1 -1 -1 -1 1474228 0 10 40 27 27 1 0 5
0 0 0 1 4 1 1 1 5 0 3 4 -53 0 0 4 4 1 1 1 0 1 0 1474594 0 10 40 27 27 1 0 5
0 0 0 1 2 1 1 1 5 0 3 4 -56 0 0 4 -1 -1 -1 -1 -1 -1 -1 1474961 0 10 40 27 27 1 0 5
0 0 0 1 2 5 1 5 5 0 3 4 -63 0 0 4 -1 -1 -1 -1 -1 -1 -1 1475328 2 10 40 27 27 8 0 5
0 0 0 1 2 1 1 1 5 0 3 4 -58 0 0 4 -1 -1 -1 -1 -1 -1 -1 1475727 0 10 40 27 27 4 2 5
0 0 0 1 4 1 1 1 5 0 3 4 -47 0 0 4 4 1 1 1 0 1 0 1476094 0 10 40 27 27 4 2 5
0 0 0 1 2 1 1 1 5 0 3 4 -47 0 0 4 -1 -1 -1 -1 -1 -1 -1 1476461 0 10 40 27 27 4 2 5
0 0 0 5 2 5 1 1 5 0 3 4 -42 0 0 4 -1 -1 -1 -1 -1 -1 -1 1476827 2 10 40 27 27 4 2 5
0 0 0 1 2 1 1 1 5 0 3 4 -62 0 0 4 -1 -1 -1 -1 -1 -1 -1 1477194 0 10 40 27 27 6 2 5
0 0 0 4 1 1 1 1 5 0 3 4 -79 0 0 3 3 2 2 2 0 1 0 1477560 0 10 40 27 27 6 2 5
0 0 0 2 1 1 1 1 5 0 3 4 -82 0 0 3 -1 -1 -1 -1 -1 -1 -1 1477927 0 10 40 27 27 6 2 5
0 0 0 2 5 1 1 5 5 0 3 4 -83 0 0 3 -1 -1 -1 -1 -1 -1 -1 1478294 2 10 40 27 27 6 2 5
0 0 0 2 1 1 1 1 5 0 3 4 276 0 0 3 -1 -1 -1 -1 -1 -1 -1 1478660 0 10 40 27 27 2 0 5
0 0 0 4 1 1 1 1 5 0 3 4 278 0 0 3 3 2 2 2 0 1 0 1479060 0 10 40 27 27 2 0 5
0 0 0 1 2 1 1 1 5 0 3 4 308 2 0 4 -1 -1 -1 -1 -1 -1 -1 1479427 0 10 40 27 27 2 0 5
0 0 0 5 2 1 1 5 5 0 3 4 326 0 0 4 -1 -1 -1 -1 -1 -1 -1 1479793 2 10 40 27 27 2 0 5
0 0 0 1 2 1 1 1 5 0 3 4 313 0 0 4 -1 -1 -1 -1 -1 -1 -1 1480160 0 10 40 27 27 1 0 5
0 0 0 1 4 1 1 1 5 0 3 4 309 0 0 4 4 2 2 2 0 1 0 1480526 0 10 40 27 27 1 0 5
0 0 0 1 2 1 1 1 5 0 3 4 294 0 0 4 -1 -1 -1 -1 -1 -1 -1 1480893 0 10 40 27 27 1 0 5
0 0 0 1 2 5 1 5 5 0 3 4 301 0 0 4 -1 -1 -1 -1 -1 -1 -1 1481259 2 10 40 27 27 1 0 5
0 0 0 1 2 1 1 1 5 0 3 4 332 1 44 4 -1 -1 -1 -1 -1 -1 -1 1481626 0 10 40 27 27 8 0 5
0 0 0 1 1 3 1 1 5 0 3 4 343 1 0 5 5 1 1 1 1 1 0 1481993 0 10 40 27 27 4 2 5
0 0 0 1 1 2 1 1 5 0 3 4 355 0 0 5 -1 -1 -1 -1 -1 -1 -1 1482393 0 10 40 26 26 4 2 5
0 0 0 5 2 1 5 1 5 0 3 4 330 0 0 4 -1 -1 -1 -1 -1 -1 -1 1482759 2 10 40 26 26 4 2 5
0 0 0 1 2 1 1 1 5 0 3 4 312 0 0 4 -1 -1 -1 -1 -1 -1 -1 1483159 0 10 40 26 26 4 2 5
0 0 0 1 4 1 1 1 5 0 3 4 315 0 0 4 4 1 1 1 0 1 1 1483526 0 10 40 25 25 6 2 5
0 0 0 1 1 2 1 1 5 0 3 4 356 2 0 5 -1 -1 -1 -1 -1 -1 -1 1483925 0 10 40 25 25 6 2 5
0 0 0 0 5 2 5 0 5 0 3 4 363 0 0 5 -1 -1 -1 -1 -1 -1 -1 1484325 2 10 40 25 25 6 2 3
0 0 0 0 1 2 1 0 5 0 3 4 354 0 0 5 -1 -1 -1 -1 -1 -1 -1 1484725 0 10 40 26 26 6 2 3
0 0 0 0 1 3 2 0 5 0 3 4 45 3 111 6 5 2 2 2 1 1 1 1485125 0 10 40 26 26 2 0 3
0 0 0 0 1 1 2 0 5 0 3 4 45 1 0 6 -1 -1 -1 -1 -1 -1 -1 1485525 0 10 40 26 26 2 0 3
0 0 0 0 5 5 2 0 5 0 3 4 45 1 0 6 -1 -1 -1 -1 -1 -1 -1 1485892 2 10 40 26 26 2 0 3
0 0 0 0 1 1 2 0 5 0 3 4 45 1 0 6 -1 -1 -1 -1 -1 -1 -1 1486292 0 10 40 26 26 2 0 3
0 0 0 0 1 1 4 0 5 0 3 4 27 -1 0 6 6 3 3 3 0 1 0 1486658 0 10 40 26 26 1 0 3
0 0 0 0 1 2 1 0 5 0 3 4 2 0 0 5 -1 -1 -1 -1 -1 -1 -1 1487058 0 10 40 26 26 1 0 3
0 0 0 0 5 2 5 0 5 0 3 4 2 0 0 5 -1 -1 -1 -1 -1 -1 -1 1487425 2 10 40 26 26 1 0 3
0 0 0 0 1 1 2 0 5 0 3 4 44 0 0 6 -1 -1 -1 -1 -1 -1 -1 1487825 0 10 40 26 26 1 0 3
0 0 0 0 1 1 4 0 5 0 3 4 44 0 0 6 6 0 0 0 0 1 0 1488191 0 10 40 26 26 8 0 3
0 0 0 0 1 1 2 0 5 0 3 4 44 0 0 6 -1 -1 -1 -1 -1 -1 -1 1488591 0 10 40 26 26 4 2 3
0 0 0 0 5 5 2 0 5 0 3 4 39 0 0 6 -1 -1 -1 -1 -1 -1 -1 1488958 2 10 40 26 26 4 2 3
0 0 0 0 1 2 1 0 5 0 3 4 7 0 0 5 -1 -1 -1 -1 -1 -1 -1 1489357 0 10 40 26 26 4 2 3
0 0 0 0 1 3 1 0 5 0 3 4 -4 -1 0 5 5 1 1 1 1 1 1 1489724 0 10 40 27 27 4 2 3
0 0 0 0 2 1 1 0 5 0 3 4 -36 0 0 4 -1 -1 -1 -1 -1 -1 -1 1490091 0 10 40 27 27 6 2 3
0 0 0 0 2 5 5 0 5 0 3 4 -44 0 0 4 -1 -1 -1 -1 -1 -1 -1 1490457 2 10 40 27 27 6 2 3
0 0 0 0 2 1 1 0 5 0 3 4 -44 0 0 4 -1 -1 -1 -1 -1 -1 -1 1490824 0 10 40 27 27 6 2 3
0 0 0 0 4 2 1 0 5 0 3 4 -22 2 0 5 4 3 3 3 0 1 1 1491224 0 10 40 26 26 6 2 3
0 0 0 0 1 2 1 0 5 0 3 4 -8 0 0 5 -1 -1 -1 -1 -1 -1 -1 1491590 0 10 40 26 26 2 0 3
0 0 0 0 5 2 5 0 5 0 3 4 -7 0 0 5 -1 -1 -1 -1 -1 -1 -1 1491990 2 10 40 26 26 2 0 3
0 0 0 0 1 2 1 0 5 0 3 4 -7 0 0 5 -1 -1 -1 -1 -1 -1 -1 1492357 0 10 40 27 27 2 0 3
0 0 0 0 1 3 1 0 5 0 3 4 -7 0 0 5 5 3 3 3 1 1 1 1492723 0 10 40 27 27 2 0 3
0 0 0 0 1 2 1 0 5 0 3 4 -7 0 0 5 -1 -1 -1 -1 -1 -1 -1 1493090 0 10 40 27 27 1 0 3
0 0 0 0 5 2 5 0 5 0 3 4 -7 0 0 5 -1 -1 -1 -1 -1 -1 -1 1493456 2 10 40 27 27 1 0 3
0 0 0 0 1 1 2 0 5 0 3 4 45 2 44 6 -1 -1 -1 -1 -1 -1 -1 1493856 0 10 40 27 27 1 0 3
0 0 0 0 1 1 4 0 5 0 3 4 43 0 0 6 6 1 1 1 0 1 0 1494223 0 10 40 27 27 1 0 3
0 0 0 0 1 2 1 0 5 0 3 4 11 0 0 5 -1 -1 -1 -1 -1 -1 -1 1494590 0 10 40 27 27 8 0 3
0 0 0 0 5 2 5 0 5 0 3 4 0 0 0 5 -1 -1 -1 -1 -1 -1 -1 1494956 2 10 40 27 27 4 2 3
0 0 0 0 1 2 1 0 5 0 3 4 19 0 0 5 -1 -1 -1 -1 -1 -1 -1 1495323 0 10 40 27 27 4 2 3
