% Tunnel Log: 
% debug seed: 1416855913
%
% SegEncNW { '0'=no panel, '1'=empty panel, '2'=player, '3'=match, '4'=nonmatch, '5'=obstacle, '6'=time warp }
% SegEncN
% SegEncNE
% SegEncE
% SegEncSE
% SegEncS
% SegEncSW
% SegEncW
% Event Number { 0, inf }
% Level Number { 0, inf }
% Task Type { 0=Color/Sound, 1=Shape/Sound, 2=Sound, 3=Holdout, 4=Recess }
% N-Back { 0, inf }
% Player Roll Base { 0, 359 }
% Player Roll Offset { 0, 359 }
% Player Roll Speed { -inf, inf }
% Player Loc { 0=Northwest ... 7=West }
% Pod Loc { -1=N/A, 0=Northwest ... 7=West }
% Pod Color { -1, inf }
% Pod Shape { -1, inf }
% Pod Sound { -1, inf }
% Pod Match { -1=N/A, 0=No, 1=Yes }
% Pod Taken { -1=N/A, 0=No, 1=Yes }
% Pod Zapped { -1=N/A, 0=No, 1=Yes }
% Timestamp (ms)
% Num Obstacles { 0, inf }
% Min Speed { 0, inf }
% Max Speed { 0, inf }
% Base Speed { 0, inf }
% Final Speed { 0, inf }
% Segment Direction { 0=Northwest ... 7=West }
% Segment Angle { 0, inf }
% Segment Panels { 0, inf }
%
% SegEncNW SecEncN SegEncNE SegEncE SegEncSE SegEncS SegEncSW SegEncW EventNumber LevelNumber TaskType N-Back PlayerRollBase PlayerRollOffset PlayerRollSpeed PlayerLoc PodLoc PodColor PodShape PodSound PodMatch PodTaken PodZapped Timestamp NumObs MinSpeed MaxSpeed BaseSpeed FinalSpeed SegmentDir SegmentAngle SegmentPanels
0 0 0 1 1 2 1 1 0 0 0 4 0 0 0 5 -1 -1 -1 -1 -1 -1 -1 162339 0 10 40 25 60 0 1 5
0 0 0 1 1 2 1 1 0 0 0 4 0 0 0 5 -1 -1 -1 -1 -1 -1 -1 162505 0 10 40 25 60 0 1 5
0 0 0 1 1 2 1 1 0 0 0 4 0 0 0 5 -1 -1 -1 -1 -1 -1 -1 162705 0 10 40 25 40.5555 0 1 5
0 0 0 1 1 2 1 1 0 0 0 4 0 0 0 5 -1 -1 -1 -1 -1 -1 -1 163072 0 10 40 25 25 0 1 5
0 0 0 1 1 2 1 1 0 0 0 4 0 0 0 5 -1 -1 -1 -1 -1 -1 -1 163472 0 10 40 25 25 4 3 5
0 0 0 1 1 2 1 1 0 0 0 4 0 0 0 5 -1 -1 -1 -1 -1 -1 -1 163872 0 10 40 25 25 4 3 5
0 0 0 1 1 2 1 1 0 0 0 4 0 0 0 5 -1 -1 -1 -1 -1 -1 -1 164272 0 10 40 25 25 4 3 5
0 0 0 1 1 2 1 1 0 0 0 4 0 0 0 5 -1 -1 -1 -1 -1 -1 -1 164672 0 10 40 25 25 4 3 5
0 0 0 1 1 2 1 1 0 0 0 4 4 0 0 5 -1 -1 -1 -1 -1 -1 -1 165072 0 10 40 25 25 6 2 5
0 0 0 1 1 1 2 1 0 0 0 4 39 0 0 6 -1 -1 -1 -1 -1 -1 -1 165473 0 10 40 25 25 6 2 5
0 0 0 1 1 1 4 1 0 0 0 4 45 0 0 6 6 3 5 3 0 1 0 165873 0 10 40 25 25 6 2 5
0 0 0 1 1 1 2 1 0 0 0 4 44 0 0 6 -1 -1 -1 -1 -1 -1 -1 166273 0 10 40 25 25 6 2 5
0 0 0 1 1 5 2 5 0 0 0 4 44 0 0 6 -1 -1 -1 -1 -1 -1 -1 166673 2 10 40 25 25 4 2 5
0 0 0 1 1 1 2 1 0 0 0 4 62 1 0 6 -1 -1 -1 -1 -1 -1 -1 167073 0 10 40 25 25 4 2 5
0 0 0 1 1 1 1 4 0 0 0 4 75 0 0 7 7 1 5 1 0 1 0 167473 0 10 40 25 25 4 2 5
0 0 0 1 1 1 1 2 0 0 0 4 76 0 0 7 -1 -1 -1 -1 -1 -1 -1 167873 0 10 40 25 25 4 2 5
0 0 0 1 5 5 1 2 0 0 0 4 73 0 0 7 -1 -1 -1 -1 -1 -1 -1 168273 2 10 40 25 25 8 0 5
0 0 0 1 1 1 1 2 0 0 0 4 81 1 37 7 -1 -1 -1 -1 -1 -1 -1 168673 0 10 40 25 25 0 1 5
0 0 0 1 1 1 1 4 0 0 0 4 82 0 0 7 7 3 5 3 0 1 0 169073 0 10 40 25 25 0 1 5
0 0 0 1 1 1 2 1 0 0 0 4 31 -1 0 6 -1 -1 -1 -1 -1 -1 -1 169473 0 10 40 25 25 0 1 5
0 0 0 5 1 1 2 5 0 0 0 4 28 1 0 6 -1 -1 -1 -1 -1 -1 -1 169874 2 10 40 25 25 0 1 5
0 0 0 1 1 1 2 1 0 0 0 4 45 0 0 6 -1 -1 -1 -1 -1 -1 -1 170274 0 10 40 25 25 4 3 5
0 0 0 1 1 1 4 1 0 0 0 4 51 1 0 6 6 3 5 3 0 1 0 170674 0 10 40 25 25 4 3 5
0 0 0 1 1 1 1 2 0 0 0 4 89 1 0 7 -1 -1 -1 -1 -1 -1 -1 171074 0 10 40 25 25 4 3 5
0 0 0 1 5 1 5 2 0 0 0 4 89 0 0 7 -1 -1 -1 -1 -1 -1 -1 171474 2 10 40 25 25 4 3 5
0 0 0 1 1 1 1 2 0 0 0 4 88 0 0 7 -1 -1 -1 -1 -1 -1 -1 171874 0 10 40 25 25 6 2 5
0 0 0 1 1 1 4 1 0 0 0 4 32 -1 0 6 6 1 5 1 0 1 0 172274 0 10 40 25 25 6 2 5
0 0 0 1 1 2 1 1 0 0 0 4 4 0 0 5 -1 -1 -1 -1 -1 -1 -1 172674 0 10 40 25 25 6 2 5
0 0 0 1 1 2 5 5 0 0 0 4 0 0 0 5 -1 -1 -1 -1 -1 -1 -1 173074 2 10 40 25 25 6 2 5
0 0 0 1 1 2 1 1 0 0 0 4 0 0 0 5 -1 -1 -1 -1 -1 -1 -1 173441 0 10 40 26 26 4 2 5
0 0 0 1 1 1 3 1 0 0 0 4 31 1 0 6 6 1 5 1 1 1 1 173841 0 10 40 26 26 4 2 5
0 0 0 1 1 1 1 2 0 0 0 4 72 3 90 7 -1 -1 -1 -1 -1 -1 -1 174208 0 10 40 26 26 4 2 5
0 0 0 1 5 5 1 2 0 0 0 4 89 0 0 7 -1 -1 -1 -1 -1 -1 -1 174608 2 10 40 26 26 4 2 5
0 0 0 1 1 1 2 1 0 0 0 4 48 -1 0 6 -1 -1 -1 -1 -1 -1 -1 175008 0 10 40 26 26 8 0 5
0 0 0 1 1 1 4 1 0 0 0 4 38 0 0 6 6 0 5 0 0 1 0 175375 0 10 40 26 26 0 1 5
0 0 0 1 1 1 2 1 0 0 0 4 26 0 0 6 -1 -1 -1 -1 -1 -1 -1 175775 0 10 40 26 26 0 1 5
0 0 0 1 5 2 1 5 0 0 0 4 2 -1 30 5 -1 -1 -1 -1 -1 -1 -1 176142 2 10 40 26 26 0 1 5
0 0 0 1 1 2 1 1 0 0 0 4 1 0 0 5 -1 -1 -1 -1 -1 -1 -1 176542 0 10 40 26 26 0 1 5
0 0 0 1 1 1 4 1 0 0 0 4 43 0 0 6 6 1 5 1 0 1 0 176908 0 10 40 26 26 4 3 5
0 0 0 1 1 1 2 1 0 0 0 4 32 0 0 6 -1 -1 -1 -1 -1 -1 -1 177308 0 10 40 26 26 4 3 5
0 0 0 1 5 1 2 5 0 0 0 4 32 0 0 6 -1 -1 -1 -1 -1 -1 -1 177675 2 10 40 26 26 4 3 5
0 0 0 1 1 1 2 1 0 0 0 4 32 0 0 6 -1 -1 -1 -1 -1 -1 -1 178075 0 10 40 26 26 4 3 5
0 0 0 1 1 1 3 1 0 0 0 4 32 0 0 6 6 1 5 1 1 1 1 178442 0 10 40 27 27 6 2 5
0 0 0 1 1 1 2 1 0 0 0 4 35 0 0 6 -1 -1 -1 -1 -1 -1 -1 178809 0 10 40 27 27 6 2 5
0 0 0 1 5 5 2 1 0 0 0 4 56 0 0 6 -1 -1 -1 -1 -1 -1 -1 179175 2 10 40 27 27 6 2 5
0 0 0 1 1 1 2 1 0 0 0 4 52 0 0 6 -1 -1 -1 -1 -1 -1 -1 179576 0 10 40 27 27 6 2 5
0 0 0 1 1 1 4 1 0 0 0 4 41 0 0 6 6 0 5 0 0 1 0 179942 0 10 40 27 27 4 2 5
0 0 0 1 1 1 2 1 0 0 0 4 54 0 0 6 -1 -1 -1 -1 -1 -1 -1 180309 0 10 40 27 27 4 2 5
0 0 0 5 1 5 2 1 0 0 0 4 65 0 0 6 -1 -1 -1 -1 -1 -1 -1 180676 2 10 40 27 27 4 2 5
0 0 0 1 1 1 2 1 0 0 0 4 66 0 0 6 -1 -1 -1 -1 -1 -1 -1 181043 0 10 40 27 27 4 2 5
0 0 0 1 1 1 1 3 0 0 0 4 72 1 0 7 7 5 5 0 1 0 0 181409 0 10 40 27 27 8 0 5
0 0 0 1 1 1 1 2 0 0 0 4 89 0 0 7 -1 -1 -1 -1 -1 -1 -1 181809 0 10 40 25 25 0 1 5
0 0 0 1 5 1 5 2 0 0 0 4 89 0 0 7 -1 -1 -1 -1 -1 -1 -1 182209 2 10 40 25 25 0 1 5
0 0 0 1 1 1 2 1 0 0 0 4 67 -2 0 6 -1 -1 -1 -1 -1 -1 -1 182610 0 10 40 25 25 0 1 5
0 0 0 1 1 1 4 1 0 0 0 4 46 0 0 6 6 3 5 3 0 1 0 183010 0 10 40 25 25 0 1 5
0 0 0 1 1 1 2 1 0 0 0 4 42 0 0 6 -1 -1 -1 -1 -1 -1 -1 183410 0 10 40 25 25 4 3 5
0 0 0 1 1 5 2 5 0 0 0 4 43 0 0 6 -1 -1 -1 -1 -1 -1 -1 183810 2 10 40 25 25 4 3 5
0 0 0 1 1 1 1 2 0 0 0 4 82 0 0 7 -1 -1 -1 -1 -1 -1 -1 184210 0 10 40 25 25 4 3 5
0 0 0 1 1 1 1 4 0 0 0 4 89 0 0 7 7 2 5 2 0 1 0 184610 0 10 40 25 25 4 3 5
0 0 0 1 1 1 1 2 0 0 0 4 85 0 0 7 -1 -1 -1 -1 -1 -1 -1 185010 0 10 40 25 25 6 2 5
0 0 0 5 1 5 1 2 0 0 0 4 79 0 0 7 -1 -1 -1 -1 -1 -1 -1 185410 2 10 40 25 25 6 2 5
0 0 0 1 1 1 1 2 0 0 0 4 79 0 0 7 -1 -1 -1 -1 -1 -1 -1 185810 0 10 40 25 25 6 2 5
0 0 0 1 1 1 1 4 0 0 0 4 82 0 0 7 7 3 5 4 0 1 0 186210 0 10 40 25 25 6 2 5
0 0 0 1 1 1 1 2 0 0 0 4 87 0 0 7 -1 -1 -1 -1 -1 -1 -1 186610 0 10 40 25 25 4 2 5
0 0 0 5 1 5 1 2 0 0 0 4 89 0 0 7 -1 -1 -1 -1 -1 -1 -1 187010 2 10 40 25 25 4 2 5
0 0 0 1 1 1 1 2 0 0 0 4 89 0 0 7 -1 -1 -1 -1 -1 -1 -1 187411 0 10 40 25 25 4 2 5
0 0 0 1 1 1 1 3 0 0 0 4 80 -1 0 7 7 0 5 4 1 1 1 187777 0 10 40 26 26 4 2 5
0 0 0 1 1 1 1 2 0 0 0 4 68 0 0 7 -1 -1 -1 -1 -1 -1 -1 188177 0 10 40 26 26 8 0 5
0 0 0 5 1 5 1 2 0 0 0 4 78 0 0 7 -1 -1 -1 -1 -1 -1 -1 188577 2 10 40 26 26 0 1 5
0 0 0 1 1 1 1 2 0 0 0 4 78 0 0 7 -1 -1 -1 -1 -1 -1 -1 188944 0 10 40 26 26 0 1 5
0 0 0 1 1 1 3 2 0 0 0 4 75 0 0 7 6 3 5 3 1 1 1 189311 0 10 40 27 27 0 1 5
0 0 0 1 1 1 2 1 0 0 0 4 64 0 0 6 -1 -1 -1 -1 -1 -1 -1 189678 0 10 40 27 27 0 1 5
0 0 0 5 1 5 1 2 0 0 0 4 76 0 0 7 -1 -1 -1 -1 -1 -1 -1 190078 2 10 40 27 27 4 3 5
0 0 0 1 1 1 1 2 0 0 0 4 83 0 0 7 -1 -1 -1 -1 -1 -1 -1 190445 0 10 40 27 27 4 3 5
0 0 0 1 1 1 1 3 0 0 0 4 80 -1 0 7 7 2 5 4 1 1 0 190811 0 10 40 27 27 4 3 5
0 0 0 1 1 1 2 1 0 0 0 4 47 0 0 6 -1 -1 -1 -1 -1 -1 -1 191178 0 10 40 25 25 4 3 5
0 0 0 1 1 5 2 5 0 0 0 4 53 0 0 6 -1 -1 -1 -1 -1 -1 -1 191578 2 10 40 25 25 6 2 5
0 0 0 1 1 1 1 2 0 0 0 4 71 0 0 7 -1 -1 -1 -1 -1 -1 -1 191978 0 10 40 25 25 6 2 5
0 0 0 1 1 1 1 4 0 0 0 4 86 0 0 7 7 1 5 1 0 1 0 192378 0 10 40 25 25 6 2 5
0 0 0 1 1 1 1 2 0 0 0 4 89 0 0 7 -1 -1 -1 -1 -1 -1 -1 192778 0 10 40 25 25 6 2 5
5 1 1 1 1 1 5 2 0 0 0 4 89 0 0 7 -1 -1 -1 -1 -1 -1 -1 193178 2 10 40 25 25 4 2 8
1 1 1 1 1 1 1 2 0 0 0 4 89 0 0 7 -1 -1 -1 -1 -1 -1 -1 193579 0 10 40 25 25 4 2 8
1 1 1 1 1 1 1 4 0 0 0 4 75 0 0 7 7 2 5 2 0 1 1 194012 0 10 40 24 24 4 2 8
1 1 1 1 1 1 1 2 0 0 0 4 74 1 0 7 -1 -1 -1 -1 -1 -1 -1 194412 0 10 40 24 24 4 2 8
2 5 1 1 5 1 1 1 0 0 0 4 112 0 27 0 -1 -1 -1 -1 -1 -1 -1 194846 2 10 40 24 24 8 0 8
2 1 1 1 1 1 1 1 0 0 0 4 119 1 0 0 -1 -1 -1 -1 -1 -1 -1 195246 0 10 40 24 24 0 1 8
4 1 1 1 1 1 1 1 0 0 0 4 132 0 0 0 0 0 5 0 0 1 0 195679 0 10 40 24 24 0 1 8
1 1 1 1 1 1 1 2 0 0 0 4 101 0 0 7 -1 -1 -1 -1 -1 -1 -1 196079 0 10 40 24 24 0 1 8
1 5 1 1 1 1 1 2 0 0 0 4 91 0 0 7 -1 -1 -1 -1 -1 -1 -1 196513 1 10 40 24 24 0 1 8
1 1 1 1 1 1 1 2 0 0 0 4 91 0 0 7 -1 -1 -1 -1 -1 -1 -1 196913 0 10 40 24 24 4 3 8
1 1 1 1 1 1 1 4 0 0 0 4 91 0 0 7 7 5 5 0 0 1 0 197346 0 10 40 24 24 4 3 8
1 1 1 1 1 1 1 2 0 0 0 4 91 0 0 7 -1 -1 -1 -1 -1 -1 -1 197746 0 10 40 24 24 4 3 8
1 1 1 1 5 1 1 2 0 0 0 4 91 0 0 7 -1 -1 -1 -1 -1 -1 -1 198180 1 10 40 24 24 4 3 8
1 1 1 1 1 1 1 2 0 0 0 4 91 0 0 7 -1 -1 -1 -1 -1 -1 -1 198580 0 10 40 24 24 6 2 8
1 1 1 1 1 1 1 3 0 0 0 4 91 0 0 7 7 5 5 1 1 1 1 198980 0 10 40 25 25 6 2 8
1 1 1 1 1 1 1 2 0 0 0 4 91 0 0 7 -1 -1 -1 -1 -1 -1 -1 199380 0 10 40 25 25 6 2 8
1 5 1 1 1 1 1 2 0 0 0 4 91 0 0 7 -1 -1 -1 -1 -1 -1 -1 199780 1 10 40 25 25 6 2 8
1 1 1 1 1 1 1 2 0 0 0 4 91 0 0 7 -1 -1 -1 -1 -1 -1 -1 200180 0 10 40 25 25 4 2 8
1 1 1 1 1 2 4 1 0 0 0 4 23 -1 0 5 6 0 5 4 0 1 0 200580 0 10 40 25 25 4 2 8
1 1 1 1 1 2 1 1 0 0 0 4 346 -1 46 5 -1 -1 -1 -1 -1 -1 -1 200980 0 10 40 25 25 4 2 8
1 1 1 1 1 2 5 1 0 0 0 4 342 0 0 5 -1 -1 -1 -1 -1 -1 -1 201380 1 10 40 25 25 4 2 8
1 1 1 1 1 2 1 1 0 0 0 4 369 3 0 5 -1 -1 -1 -1 -1 -1 -1 201780 0 10 40 25 25 8 0 8
1 1 1 1 1 1 4 1 0 0 0 4 394 0 0 6 6 2 5 4 0 1 0 202180 0 10 40 25 25 0 1 8
1 1 1 1 1 1 2 1 0 0 0 4 395 0 0 6 -1 -1 -1 -1 -1 -1 -1 202580 0 10 40 25 25 0 1 8
5 1 1 1 1 1 2 1 0 0 0 4 395 0 0 6 -1 -1 -1 -1 -1 -1 -1 202981 1 10 40 25 25 0 1 8
1 1 1 1 1 1 2 1 0 0 0 4 395 0 0 6 -1 -1 -1 -1 -1 -1 -1 203381 0 10 40 26 25 0 1 8
1 1 1 1 1 3 2 1 0 0 0 4 395 0 0 6 5 5 5 0 1 1 1 203781 0 10 40 26 26 4 3 8
1 1 1 1 1 1 2 1 0 0 0 4 395 0 0 6 -1 -1 -1 -1 -1 -1 -1 204181 0 10 40 26 26 4 3 8
1 1 1 1 1 1 2 5 0 0 0 4 395 0 0 6 -1 -1 -1 -1 -1 -1 -1 204548 1 10 40 26 26 4 3 8
1 1 1 1 1 1 2 1 0 0 0 4 395 0 0 6 -1 -1 -1 -1 -1 -1 -1 204948 0 10 40 26 26 4 3 8
1 1 1 1 1 1 4 1 0 0 0 4 395 0 0 6 6 5 5 2 0 1 0 205314 0 10 40 26 26 6 2 8
1 1 1 1 1 1 2 1 0 0 0 4 395 0 0 6 -1 -1 -1 -1 -1 -1 -1 205714 0 10 40 26 26 6 2 8
1 1 5 1 1 1 2 1 0 0 0 4 395 0 0 6 -1 -1 -1 -1 -1 -1 -1 206081 1 10 40 26 26 6 2 8
1 1 1 1 1 1 2 1 0 0 0 4 395 0 0 6 -1 -1 -1 -1 -1 -1 -1 206481 0 10 40 26 26 6 2 8
1 1 1 1 1 1 2 3 0 0 0 4 395 0 0 6 7 5 5 0 1 1 1 206848 0 10 40 27 27 4 2 8
1 1 1 1 1 1 2 1 0 0 0 4 395 0 0 6 -1 -1 -1 -1 -1 -1 -1 207215 0 10 40 27 27 4 2 8
1 1 1 1 1 5 1 2 0 0 0 4 433 3 0 7 -1 -1 -1 -1 -1 -1 -1 207582 1 10 40 27 27 4 2 8
2 1 1 1 1 1 1 1 0 0 0 4 118 2 75 0 -1 -1 -1 -1 -1 -1 -1 207948 0 10 40 27 27 4 2 8
4 1 1 1 1 1 1 2 0 0 0 4 114 -1 0 7 0 5 5 1 0 1 0 208315 0 10 40 27 27 8 0 8
1 1 1 1 1 1 1 2 0 0 0 4 73 0 0 7 -1 -1 -1 -1 -1 -1 -1 208715 0 10 40 27 27 0 1 8
0 0 0 5 1 1 1 2 0 0 0 4 73 0 0 7 -1 -1 -1 -1 -1 -1 -1 209082 1 10 40 27 27 0 1 5
0 0 0 1 1 1 1 2 0 0 0 4 73 0 0 7 -1 -1 -1 -1 -1 -1 -1 209449 0 10 40 27 27 0 1 5
0 0 0 1 1 1 2 4 0 0 0 4 48 -3 0 6 7 2 5 4 0 1 1 209815 0 10 40 25 25 0 1 5
0 0 0 1 1 2 1 1 0 0 0 4 6 0 0 5 -1 -1 -1 -1 -1 -1 -1 210215 0 10 40 25 25 4 3 5
0 0 0 1 1 2 1 5 0 0 0 4 6 0 0 5 -1 -1 -1 -1 -1 -1 -1 210616 1 10 40 25 25 4 3 5
0 0 0 1 1 2 1 1 1 0 2 3 0 0 0 5 -1 -1 -1 -1 -1 -1 -1 267489 0 10 40 26 60 1 2 5
0 0 0 1 1 2 1 1 1 0 2 3 0 0 0 5 -1 -1 -1 -1 -1 -1 -1 267656 0 10 40 26 60 1 2 5
0 0 0 1 1 2 1 1 1 0 2 3 0 0 0 5 -1 -1 -1 -1 -1 -1 -1 267856 0 10 40 26 38.9956 1 2 5
0 0 0 1 1 2 1 1 1 0 2 3 0 0 0 5 -1 -1 -1 -1 -1 -1 -1 268222 0 10 40 26 26 1 2 5
0 0 0 1 1 2 1 1 1 0 2 3 0 0 0 5 -1 -1 -1 -1 -1 -1 -1 268589 0 10 40 26 26 4 3 5
0 0 0 1 1 2 1 1 1 0 2 3 0 0 0 5 -1 -1 -1 -1 -1 -1 -1 268989 0 10 40 26 26 4 3 5
0 0 0 1 1 2 1 1 1 0 2 3 0 0 0 5 -1 -1 -1 -1 -1 -1 -1 269355 0 10 40 26 26 4 3 5
0 0 0 1 1 2 1 1 1 0 2 3 0 0 0 5 -1 -1 -1 -1 -1 -1 -1 269755 0 10 40 26 26 4 3 5
0 0 0 1 1 2 1 1 1 0 2 3 19 1 0 5 -1 -1 -1 -1 -1 -1 -1 270155 0 10 40 26 26 0 0 5
0 0 0 1 1 1 2 1 1 0 2 3 34 0 0 6 -1 -1 -1 -1 -1 -1 -1 270522 0 10 40 26 26 0 0 5
0 0 0 1 1 1 4 1 1 0 2 3 43 0 0 6 6 5 5 1 0 1 0 270922 0 10 40 26 26 0 0 5
0 0 0 1 1 1 2 1 1 0 2 3 43 0 0 6 -1 -1 -1 -1 -1 -1 -1 271288 0 10 40 26 26 0 0 5
0 0 0 1 1 1 2 5 1 0 2 3 43 0 0 6 -1 -1 -1 -1 -1 -1 -1 271688 1 10 40 26 26 0 0 5
0 0 0 1 1 1 2 1 1 0 2 3 43 0 0 6 -1 -1 -1 -1 -1 -1 -1 272055 0 10 40 26 26 0 0 5
0 0 0 1 1 1 4 1 1 0 2 3 43 0 0 6 6 5 5 0 0 1 0 272455 0 10 40 26 26 0 0 5
0 0 0 1 1 1 2 1 1 0 2 3 43 0 0 6 -1 -1 -1 -1 -1 -1 -1 272821 0 10 40 26 26 0 0 5
0 0 0 5 1 1 2 1 1 0 2 3 43 0 0 6 -1 -1 -1 -1 -1 -1 -1 273221 1 10 40 26 26 8 0 5
0 0 0 1 1 1 2 1 1 0 2 3 43 0 0 6 -1 -1 -1 -1 -1 -1 -1 273588 0 10 40 26 26 1 2 5
0 0 0 1 1 1 4 1 1 0 2 3 43 0 0 6 6 5 5 1 0 1 0 273988 0 10 40 26 26 1 2 5
0 0 0 1 1 1 2 1 1 0 2 3 43 0 0 6 -1 -1 -1 -1 -1 -1 -1 274354 0 10 40 26 26 1 2 5
0 0 0 5 1 1 2 1 1 0 2 3 40 0 0 6 -1 -1 -1 -1 -1 -1 -1 274754 1 10 40 26 26 1 2 5
0 0 0 1 1 2 1 1 1 0 2 3 7 0 0 5 -1 -1 -1 -1 -1 -1 -1 275154 0 10 40 26 26 4 3 5
0 0 0 1 1 4 1 1 1 0 2 3 -2 0 0 5 5 5 5 2 0 1 0 275520 0 10 40 26 26 4 3 5
0 0 0 1 1 2 1 1 1 0 2 3 -8 0 0 5 -1 -1 -1 -1 -1 -1 -1 275920 0 10 40 26 26 4 3 5
0 0 0 1 1 1 2 5 1 0 2 3 29 1 0 6 -1 -1 -1 -1 -1 -1 -1 276287 1 10 40 26 26 4 3 5
0 0 0 1 1 1 2 1 1 0 2 3 39 0 0 6 -1 -1 -1 -1 -1 -1 -1 276687 0 10 40 26 26 0 0 5
0 0 0 1 1 1 4 1 1 0 2 3 37 -1 0 6 6 5 5 3 0 1 0 277053 0 10 40 26 26 0 0 5
0 0 0 1 1 2 1 1 1 0 2 3 -10 -2 0 5 -1 -1 -1 -1 -1 -1 -1 277453 0 10 40 26 26 0 0 5
0 0 0 1 2 1 5 1 1 0 2 3 -23 0 0 4 -1 -1 -1 -1 -1 -1 -1 277820 1 10 40 26 26 0 0 5
0 0 0 1 2 1 1 1 1 0 2 3 -23 0 0 4 -1 -1 -1 -1 -1 -1 -1 278220 0 10 40 27 27 0 0 5
0 0 0 1 1 3 1 1 1 0 2 3 -12 0 0 5 5 5 5 1 1 1 1 278586 0 10 40 27 27 0 0 5
0 0 0 1 1 2 1 1 1 0 2 3 -5 0 0 5 -1 -1 -1 -1 -1 -1 -1 278953 0 10 40 27 27 0 0 5
0 0 0 5 1 2 1 1 1 0 2 3 11 0 25 5 -1 -1 -1 -1 -1 -1 -1 279320 1 10 40 27 27 0 0 5
0 0 0 1 1 1 2 1 1 0 2 3 28 1 0 6 -1 -1 -1 -1 -1 -1 -1 279686 0 10 40 27 27 8 0 5
0 0 0 1 1 1 4 1 1 0 2 3 41 0 0 6 6 5 5 3 0 1 0 280053 0 10 40 27 27 1 2 5
0 0 0 1 1 1 2 1 1 0 2 3 44 0 0 6 -1 -1 -1 -1 -1 -1 -1 280419 0 10 40 27 27 1 2 5
0 0 0 5 1 1 2 1 1 0 2 3 44 0 0 6 -1 -1 -1 -1 -1 -1 -1 280786 1 10 40 27 27 1 2 5
0 0 0 1 1 1 2 1 1 0 2 3 44 0 0 6 -1 -1 -1 -1 -1 -1 -1 281186 0 10 40 27 27 1 2 5
0 0 0 1 1 1 1 4 1 0 2 3 85 2 74 7 7 5 5 2 0 1 0 281552 0 10 40 27 27 4 3 5
0 0 0 1 1 1 1 2 1 0 2 3 90 1 0 7 -1 -1 -1 -1 -1 -1 -1 281919 0 10 40 27 27 4 3 5
0 0 0 1 1 1 5 2 1 0 2 3 90 1 0 7 -1 -1 -1 -1 -1 -1 -1 282285 1 10 40 27 27 4 3 5
0 0 0 1 1 1 1 2 1 0 2 3 90 1 0 7 -1 -1 -1 -1 -1 -1 -1 282652 0 10 40 27 27 4 3 5
0 0 0 1 1 1 3 2 1 0 2 3 81 -1 0 7 6 5 5 1 1 1 1 283019 0 10 40 28 28 0 0 5
0 0 0 1 1 1 1 2 1 0 2 3 85 2 0 7 -1 -1 -1 -1 -1 -1 -1 283385 0 10 40 28 28 0 0 5
0 0 0 1 1 1 5 2 1 0 2 3 89 0 0 7 -1 -1 -1 -1 -1 -1 -1 283718 1 10 40 28 28 0 0 5
0 0 0 1 1 2 1 1 1 0 2 3 9 -3 92 5 -1 -1 -1 -1 -1 -1 -1 284085 0 10 40 28 28 0 0 5
0 0 0 1 1 4 1 1 1 0 2 3 344 -1 0 5 5 5 5 1 0 1 0 284452 0 10 40 28 28 0 0 5
0 0 0 1 2 1 1 1 1 0 2 3 324 -1 0 4 -1 -1 -1 -1 -1 -1 -1 284785 0 10 40 28 28 0 0 5
0 0 0 1 1 2 1 1 1 0 2 3 348 1 0 5 -1 -1 -1 -1 -1 -1 -1 285151 0 10 40 28 28 0 0 5
0 0 0 1 1 2 1 1 1 0 2 3 359 0 0 5 -1 -1 -1 -1 -1 -1 -1 285518 0 10 40 28 28 0 0 5
0 0 0 1 1 4 1 1 1 0 2 3 348 -1 0 5 5 5 5 0 0 1 0 285851 0 10 40 28 28 8 0 5
0 0 0 1 2 1 1 1 1 0 2 3 314 -2 0 4 -1 -1 -1 -1 -1 -1 -1 286218 0 10 40 28 28 1 2 5
0 0 0 1 2 1 1 1 1 0 2 3 303 0 0 4 -1 -1 -1 -1 -1 -1 -1 286584 0 10 40 28 28 1 2 5
0 0 0 1 2 1 1 1 1 0 2 3 306 0 0 4 -1 -1 -1 -1 -1 -1 -1 286951 0 10 40 28.5 28.5 1 2 5
0 0 0 1 3 1 1 1 1 0 2 3 325 0 0 4 4 5 5 1 1 1 1 287284 0 10 40 28.5 28.5 1 2 5
0 0 0 1 2 1 1 1 1 0 2 3 328 0 0 4 -1 -1 -1 -1 -1 -1 -1 287651 0 10 40 28.5 28.5 4 3 5
0 0 0 1 2 1 1 1 1 0 2 3 311 -1 0 4 -1 -1 -1 -1 -1 -1 -1 287984 0 10 40 28.5 28.5 4 3 5
0 0 0 1 2 1 1 1 1 0 2 3 309 0 0 4 -1 -1 -1 -1 -1 -1 -1 288351 0 10 40 28.5 28.5 4 3 5
0 0 0 1 4 1 1 1 1 0 2 3 313 0 0 4 4 5 5 2 0 1 0 288684 0 10 40 28.5 28.5 4 3 5
0 0 0 1 2 1 1 1 1 0 2 3 327 0 0 4 -1 -1 -1 -1 -1 -1 -1 289051 0 10 40 28.5 28.5 0 0 5
0 0 0 1 2 1 1 1 1 0 2 3 318 -1 0 4 -1 -1 -1 -1 -1 -1 -1 289384 0 10 40 28.5 28.5 0 0 5
0 0 0 1 2 1 1 1 1 0 2 3 302 0 0 4 -1 -1 -1 -1 -1 -1 -1 289750 0 10 40 28.5 28.5 0 0 5
0 0 0 4 2 1 1 1 1 0 2 3 302 0 0 4 3 5 5 1 0 1 1 290084 0 10 40 26.5 26.5 0 0 5
0 0 0 2 1 1 1 1 1 0 2 3 290 0 0 3 -1 -1 -1 -1 -1 -1 -1 290483 0 10 40 26.5 26.5 0 0 5
0 0 0 1 2 1 1 1 1 0 2 3 298 1 0 4 -1 -1 -1 -1 -1 -1 -1 290850 0 10 40 26.5 26.5 0 0 5
0 0 0 1 2 1 1 1 1 0 2 3 308 0 0 4 -1 -1 -1 -1 -1 -1 -1 291217 0 10 40 26.5 26.5 0 0 5
0 0 0 1 4 1 1 1 1 0 2 3 312 0 0 4 4 5 5 3 0 1 0 291617 0 10 40 26.5 26.5 0 0 5
0 0 0 1 2 1 1 1 1 0 2 3 317 0 0 4 -1 -1 -1 -1 -1 -1 -1 291983 0 10 40 26.5 26.5 8 0 5
0 0 0 2 1 1 1 1 1 0 2 3 270 -2 73 3 -1 -1 -1 -1 -1 -1 -1 292350 0 10 40 26.5 26.5 1 2 5
0 0 0 2 1 1 1 1 1 0 2 3 270 -1 0 3 -1 -1 -1 -1 -1 -1 -1 292750 0 10 40 26.5 26.5 1 2 5
0 0 0 3 1 1 1 1 1 0 2 3 270 0 0 3 3 5 5 2 1 1 1 293116 0 10 40 27.5 27.5 1 2 5
0 0 0 2 1 1 1 1 1 0 2 3 280 1 0 3 -1 -1 -1 -1 -1 -1 -1 293483 0 10 40 27.5 27.5 1 2 5
0 0 0 1 2 1 1 1 1 0 2 3 305 1 45 4 -1 -1 -1 -1 -1 -1 -1 293816 0 10 40 27.5 27.5 4 3 5
0 0 0 1 2 1 1 1 1 0 2 3 309 0 0 4 -1 -1 -1 -1 -1 -1 -1 294183 0 10 40 27.5 27.5 4 3 5
0 0 0 1 3 1 1 1 1 0 2 3 309 0 0 4 4 5 5 1 1 1 1 294549 0 10 40 28 28 4 3 5
0 0 0 1 2 1 1 1 1 0 2 3 329 0 0 4 -1 -1 -1 -1 -1 -1 -1 294916 0 10 40 28 28 4 3 5
0 0 0 1 1 2 1 1 1 0 2 3 339 0 0 5 -1 -1 -1 -1 -1 -1 -1 295282 0 10 40 28 28 0 0 5
0 0 0 1 1 2 1 1 1 0 2 3 363 0 0 5 -1 -1 -1 -1 -1 -1 -1 295616 0 10 40 28 28 0 0 5
0 0 0 1 1 4 1 1 1 0 2 3 370 0 0 5 5 5 5 0 0 1 0 295982 0 10 40 28 28 0 0 5
0 0 0 1 1 2 1 1 1 0 2 3 355 0 0 5 -1 -1 -1 -1 -1 -1 -1 296349 0 10 40 28 28 0 0 5
0 0 0 1 1 2 1 1 1 0 2 3 348 0 0 5 -1 -1 -1 -1 -1 -1 -1 296682 0 10 40 28 28 0 0 5
0 0 0 1 1 2 1 1 1 0 2 3 347 0 0 5 -1 -1 -1 -1 -1 -1 -1 297049 0 10 40 28 28 0 0 5
0 0 0 1 1 3 1 1 1 0 2 3 347 0 0 5 5 5 5 2 1 1 1 297415 0 10 40 28.5 28.5 0 0 5
0 0 0 1 2 1 1 1 1 0 2 3 329 0 0 4 -1 -1 -1 -1 -1 -1 -1 297748 0 10 40 28.5 28.5 0 0 5
0 0 0 1 1 2 1 1 1 0 2 3 350 0 0 5 -1 -1 -1 -1 -1 -1 -1 298115 0 10 40 28.5 28.5 8 0 5
0 0 0 1 1 2 1 1 1 0 2 3 359 0 0 5 -1 -1 -1 -1 -1 -1 -1 298448 0 10 40 28.5 28.5 1 2 5
0 0 0 1 1 4 1 1 1 0 2 3 359 0 0 5 5 5 5 0 0 1 0 298815 0 10 40 28.5 28.5 1 2 5
0 0 0 1 1 2 1 1 1 0 2 3 370 0 0 5 -1 -1 -1 -1 -1 -1 -1 299148 0 10 40 28.5 28.5 1 2 5
0 0 0 5 1 1 2 1 1 0 2 3 21 0 0 6 -1 -1 -1 -1 -1 -1 -1 299515 1 10 40 28.5 28.5 1 2 5
0 0 0 1 1 2 1 1 1 0 2 3 13 -1 0 5 -1 -1 -1 -1 -1 -1 -1 299848 0 10 40 28.5 28.5 4 3 5
0 0 0 1 1 4 1 1 1 0 2 3 0 0 0 5 5 5 5 3 0 1 0 300214 0 10 40 28.5 28.5 4 3 5
0 0 0 1 1 1 2 1 1 0 2 3 48 0 0 6 -1 -1 -1 -1 -1 -1 -1 300581 0 10 40 28.5 28.5 4 3 5
0 0 0 1 1 5 2 1 1 0 2 3 49 0 0 6 -1 -1 -1 -1 -1 -1 -1 300914 1 10 40 28.5 28.5 4 3 5
0 0 0 1 1 1 2 1 1 0 2 3 36 0 0 6 -1 -1 -1 -1 -1 -1 -1 301281 0 10 40 28.5 28.5 0 0 5
0 0 0 1 1 3 2 1 1 0 2 3 36 0 0 6 5 5 5 2 1 1 1 301614 0 10 40 29 29 0 0 5
0 0 0 1 1 2 1 1 1 0 2 3 13 0 0 5 -1 -1 -1 -1 -1 -1 -1 301947 0 10 40 29 29 0 0 5
0 0 0 5 1 2 1 1 1 0 2 3 345 0 0 5 -1 -1 -1 -1 -1 -1 -1 302314 1 10 40 29 29 0 0 5
0 0 0 1 1 2 1 1 1 0 2 3 345 0 0 5 -1 -1 -1 -1 -1 -1 -1 302647 0 10 40 29 29 0 0 5
0 0 0 1 1 4 1 1 1 0 2 3 345 0 0 5 5 5 5 1 0 1 0 302980 0 10 40 29 29 0 0 5
0 0 0 2 1 1 1 1 1 0 2 3 291 -1 0 3 -1 -1 -1 -1 -1 -1 -1 303347 0 10 40 29 29 0 0 5
0 0 0 2 1 5 1 1 1 0 2 3 288 0 0 3 -1 -1 -1 -1 -1 -1 -1 303680 1 10 40 29 29 0 0 5
0 0 0 2 1 1 1 1 1 0 2 3 288 0 0 3 -1 -1 -1 -1 -1 -1 -1 304014 0 10 40 29 29 8 0 5
0 0 0 1 4 1 1 1 1 0 2 3 295 1 0 4 4 5 5 2 0 0 0 304380 0 10 40 29 29 1 2 5
0 0 0 1 2 1 1 1 1 0 2 3 315 0 0 4 -1 -1 -1 -1 -1 -1 -1 304713 0 10 40 29 29 1 2 5
0 0 0 1 2 1 1 5 1 0 2 3 315 0 0 4 -1 -1 -1 -1 -1 -1 -1 305047 1 10 40 29 29 1 2 5
0 0 0 1 2 1 1 1 1 0 2 3 315 0 0 4 -1 -1 -1 -1 -1 -1 -1 305413 0 10 40 29.5 29 1 2 5
0 0 0 1 3 2 1 1 1 0 2 3 338 1 0 5 4 5 5 2 1 1 1 305746 0 10 40 29.5 29.5 4 3 5
0 0 0 1 1 2 1 1 1 0 2 3 8 1 48 5 -1 -1 -1 -1 -1 -1 -1 306080 0 10 40 29.5 29.5 4 3 5
0 0 0 1 5 2 1 1 1 0 2 3 13 0 0 5 -1 -1 -1 -1 -1 -1 -1 306413 1 10 40 29.5 29.5 4 3 5
0 0 0 1 2 1 1 1 1 0 2 3 298 -3 106 4 -1 -1 -1 -1 -1 -1 -1 306746 0 10 40 29.5 29.5 4 3 5
0 0 0 4 1 1 1 1 1 0 2 3 270 -2 0 3 3 5 5 0 0 1 0 307113 0 10 40 29.5 29.5 0 0 5
0 0 0 2 1 1 1 1 1 0 2 3 283 0 0 3 -1 -1 -1 -1 -1 -1 -1 307446 0 10 40 29.5 29.5 0 0 5
0 0 0 1 2 5 1 1 1 0 2 3 296 0 0 4 -1 -1 -1 -1 -1 -1 -1 307779 1 10 40 29.5 29.5 0 0 5
0 0 0 1 2 1 1 1 1 0 2 3 298 0 0 4 -1 -1 -1 -1 -1 -1 -1 308113 0 10 40 29.5 29.5 0 0 5
0 0 0 1 4 1 1 1 1 0 2 3 298 0 0 4 4 5 5 3 0 1 0 308446 0 10 40 29.5 29.5 0 0 5
0 0 0 1 2 1 1 1 1 0 2 3 298 0 0 4 -1 -1 -1 -1 -1 -1 -1 308779 0 10 40 29.5 29.5 0 0 5
0 0 0 1 2 1 5 1 1 0 2 3 298 0 0 4 -1 -1 -1 -1 -1 -1 -1 309146 1 10 40 29.5 29.5 0 0 5
0 0 0 1 2 1 1 1 1 0 2 3 329 2 0 4 -1 -1 -1 -1 -1 -1 -1 309479 0 10 40 29.5 29.5 0 0 5
0 0 0 1 1 4 1 1 1 0 2 3 350 1 45 5 5 5 5 1 0 1 0 309812 0 10 40 29.5 29.5 8 0 5
0 0 0 1 1 2 1 1 1 0 2 3 354 0 0 5 -1 -1 -1 -1 -1 -1 -1 310145 0 10 40 29.5 29.5 1 2 5
0 0 0 5 1 2 1 1 1 0 2 3 354 0 0 5 -1 -1 -1 -1 -1 -1 -1 310479 1 10 40 29.5 29.5 1 2 5
0 0 0 1 1 2 1 1 1 0 2 3 354 0 0 5 -1 -1 -1 -1 -1 -1 -1 310812 0 10 40 29.5 29.5 1 2 5
0 0 0 1 1 4 1 1 1 0 2 3 354 0 0 5 5 5 5 3 0 1 0 311178 0 10 40 29.5 29.5 1 2 5
0 0 0 1 1 1 2 1 1 0 2 3 397 0 0 6 -1 -1 -1 -1 -1 -1 -1 311512 0 10 40 29.5 29.5 4 3 5
0 0 0 1 1 5 2 1 1 0 2 3 45 1 0 6 -1 -1 -1 -1 -1 -1 -1 311845 1 10 40 29.5 29.5 4 3 5
0 0 0 1 1 1 2 1 1 0 2 3 45 1 0 6 -1 -1 -1 -1 -1 -1 -1 312178 0 10 40 30 30 4 3 5
0 0 0 1 1 1 3 1 1 0 2 3 28 0 0 6 6 5 5 3 1 1 1 312511 0 10 40 30 30 4 3 5
0 0 0 1 1 2 1 1 1 0 2 3 12 -1 0 5 -1 -1 -1 -1 -1 -1 -1 312845 0 10 40 30 30 0 0 5
0 0 0 5 1 2 1 1 1 0 2 3 338 0 0 5 -1 -1 -1 -1 -1 -1 -1 313178 1 10 40 30 30 0 0 5
0 0 0 1 1 2 1 1 1 0 2 3 338 0 0 5 -1 -1 -1 -1 -1 -1 -1 313511 0 10 40 30.5 30.5 0 0 5
0 0 0 1 2 3 1 1 1 0 2 3 317 0 0 4 5 5 5 1 1 1 1 313844 0 10 40 30.5 30.5 0 0 5
0 0 0 1 2 1 1 1 1 0 2 3 324 0 0 4 -1 -1 -1 -1 -1 -1 -1 314178 0 10 40 30.5 30.5 0 0 5
0 0 0 1 2 1 1 5 1 0 2 3 332 0 0 4 -1 -1 -1 -1 -1 -1 -1 314511 1 10 40 30.5 30.5 0 0 5
0 0 0 1 2 1 1 1 1 0 2 3 331 0 0 4 -1 -1 -1 -1 -1 -1 -1 314811 0 10 40 30.5 30.5 0 0 5
0 0 0 1 4 1 1 1 1 0 2 3 308 0 0 4 4 5 5 0 0 1 0 315144 0 10 40 30.5 30.5 0 0 5
0 0 0 2 1 1 1 1 1 0 2 3 288 0 0 3 -1 -1 -1 -1 -1 -1 -1 315477 0 10 40 30.5 30.5 8 0 5
0 0 0 2 1 5 1 1 1 0 2 3 288 0 0 3 -1 -1 -1 -1 -1 -1 -1 315811 1 10 40 30.5 30.5 1 2 5
0 0 0 2 1 1 1 1 1 0 2 3 288 0 0 3 -1 -1 -1 -1 -1 -1 -1 316144 0 10 40 30.5 30.5 1 2 5
0 0 0 1 4 1 1 1 1 0 2 3 298 0 0 4 4 5 5 1 0 1 1 316477 0 10 40 28.5 28.5 1 2 5
0 0 0 1 2 1 1 1 1 0 2 3 313 0 0 4 -1 -1 -1 -1 -1 -1 -1 316844 0 10 40 28.5 28.5 1 2 5
0 0 0 5 2 1 1 1 1 0 2 3 322 0 0 4 -1 -1 -1 -1 -1 -1 -1 317177 1 10 40 28.5 28.5 4 3 5
0 0 0 1 2 1 1 1 1 0 2 3 310 -2 0 4 -1 -1 -1 -1 -1 -1 -1 317544 0 10 40 29 29 4 3 5
0 0 0 3 1 1 1 1 1 0 2 3 270 -1 0 3 3 5 5 1 1 1 1 317877 0 10 40 29 29 4 3 5
0 0 0 2 1 1 1 1 1 0 2 3 270 0 0 3 -1 -1 -1 -1 -1 -1 -1 318210 0 10 40 29 29 4 3 5
0 0 0 2 5 1 1 1 1 0 2 3 270 0 0 3 -1 -1 -1 -1 -1 -1 -1 318577 1 10 40 29 29 0 0 5
0 0 0 2 1 1 1 1 1 0 2 3 270 0 0 3 -1 -1 -1 -1 -1 -1 -1 318910 0 10 40 29 29 0 0 5
0 0 0 3 1 1 1 1 1 0 2 3 270 0 0 3 3 5 5 0 1 1 1 319243 0 10 40 29.5 29.5 0 0 5
0 0 0 2 1 1 1 1 1 0 2 3 270 0 0 3 -1 -1 -1 -1 -1 -1 -1 319576 0 10 40 29.5 29.5 0 0 5
0 0 0 2 1 1 1 5 1 0 2 3 270 0 0 3 -1 -1 -1 -1 -1 -1 -1 319943 1 10 40 29.5 29.5 0 0 5
0 0 0 1 2 1 1 1 1 0 2 3 297 2 0 4 -1 -1 -1 -1 -1 -1 -1 320276 0 10 40 29.5 29.5 0 0 5
0 0 0 1 4 1 1 1 1 0 2 3 312 0 0 4 4 5 5 3 0 1 0 320609 0 10 40 29.5 29.5 0 0 5
0 0 0 1 2 1 1 1 1 0 2 3 328 0 29 4 -1 -1 -1 -1 -1 -1 -1 320943 0 10 40 29.5 29.5 0 0 5
0 0 0 5 2 1 1 1 1 0 2 3 329 0 0 4 -1 -1 -1 -1 -1 -1 -1 321276 1 10 40 29.5 29.5 8 0 5
0 0 0 1 2 1 1 1 1 0 2 3 329 0 0 4 -1 -1 -1 -1 -1 -1 -1 321609 0 10 40 29.5 29.5 1 2 5
0 0 0 1 4 1 1 1 1 0 2 3 304 0 0 4 4 5 5 3 0 1 0 321976 0 10 40 29.5 29.5 1 2 5
0 0 0 2 1 1 1 1 1 0 2 3 271 -3 0 3 -1 -1 -1 -1 -1 -1 -1 322309 0 10 40 29.5 29.5 1 2 5
0 0 0 2 5 1 1 1 1 0 2 3 270 0 0 3 -1 -1 -1 -1 -1 -1 -1 322642 1 10 40 29.5 29.5 1 2 5
0 0 0 1 2 1 1 1 1 0 2 3 326 3 111 4 -1 -1 -1 -1 -1 -1 -1 322976 0 10 40 29.5 29.5 4 3 5
0 0 0 1 1 4 2 1 1 0 2 3 19 3 29 6 5 5 5 1 0 0 0 323309 0 10 40 29.5 29.5 4 3 5
0 0 0 1 2 1 1 1 1 0 2 3 -51 0 0 4 -1 -1 -1 -1 -1 -1 -1 323642 0 10 40 29.5 29.5 4 3 5
0 0 0 1 2 1 5 1 1 0 2 3 -24 0 0 4 -1 -1 -1 -1 -1 -1 -1 324009 1 10 40 29.5 29.5 4 3 5
0 0 0 1 1 2 1 1 1 0 2 3 3 1 0 5 -1 -1 -1 -1 -1 -1 -1 324342 0 10 40 29.5 29.5 0 0 5
0 0 0 1 1 4 1 1 1 0 2 3 3 0 0 5 5 5 5 1 0 1 0 324675 0 10 40 29.5 29.5 0 0 5
0 0 0 1 1 2 1 1 1 0 2 3 20 0 0 5 -1 -1 -1 -1 -1 -1 -1 325008 0 10 40 29.5 29.5 0 0 5
0 0 0 1 5 2 1 1 1 0 2 3 11 0 0 5 -1 -1 -1 -1 -1 -1 -1 325342 1 10 40 29.5 29.5 0 0 5
0 0 0 1 1 2 1 1 1 0 2 3 11 0 0 5 -1 -1 -1 -1 -1 -1 -1 325675 0 10 40 29.5 29.5 0 0 5
1 1 1 1 1 2 1 1 2 0 2 2 0 0 0 5 -1 -1 -1 -1 -1 -1 -1 485836 0 10 40 26 60 6 2 8
1 1 1 1 1 2 1 1 2 0 2 2 0 0 0 5 -1 -1 -1 -1 -1 -1 -1 486002 0 10 40 26 60 6 2 8
1 1 1 1 1 2 1 1 2 0 2 2 0 0 0 5 -1 -1 -1 -1 -1 -1 -1 486202 0 10 40 26 38.9956 6 2 8
1 1 1 1 1 2 1 1 2 0 2 2 0 0 0 5 -1 -1 -1 -1 -1 -1 -1 486569 0 10 40 26 26 6 2 8
1 1 1 1 1 2 1 1 2 0 2 2 0 0 0 5 -1 -1 -1 -1 -1 -1 -1 486936 0 10 40 26 26 5 2 8
1 1 1 1 1 2 1 1 2 0 2 2 0 0 0 5 -1 -1 -1 -1 -1 -1 -1 487335 0 10 40 26 26 5 2 8
1 1 1 1 1 2 1 1 2 0 2 2 0 0 0 5 -1 -1 -1 -1 -1 -1 -1 487702 0 10 40 26 26 5 2 8
1 1 1 1 1 2 1 1 2 0 2 2 0 0 0 5 -1 -1 -1 -1 -1 -1 -1 488102 0 10 40 26 26 5 2 8
1 1 1 1 1 2 1 1 2 0 2 2 -13 0 0 5 -1 -1 -1 -1 -1 -1 -1 488502 0 10 40 26 26 6 3 8
1 1 1 1 1 2 1 1 2 0 2 2 -6 0 0 5 -1 -1 -1 -1 -1 -1 -1 488868 0 10 40 26 26 6 3 8
1 1 1 1 1 4 1 1 2 0 2 2 -4 0 0 5 5 5 5 3 0 1 0 489268 0 10 40 26 26 6 3 8
1 1 1 1 2 1 1 1 2 0 2 2 -25 0 0 4 -1 -1 -1 -1 -1 -1 -1 489635 0 10 40 26 26 6 3 8
1 5 5 5 2 5 1 5 2 0 2 2 -41 0 0 4 -1 -1 -1 -1 -1 -1 -1 490035 5 10 40 26 26 7 0 8
1 1 1 1 1 2 1 1 2 0 2 2 18 3 115 5 -1 -1 -1 -1 -1 -1 -1 490401 0 10 40 26 26 7 0 8
1 1 1 1 1 1 4 1 2 0 2 2 49 1 0 6 6 5 5 2 0 1 0 490801 0 10 40 26 26 7 0 8
1 1 1 1 1 1 1 2 2 0 2 2 72 0 26 7 -1 -1 -1 -1 -1 -1 -1 491168 0 10 40 26 26 7 0 8
5 1 5 5 1 5 5 2 2 0 2 2 72 0 0 7 -1 -1 -1 -1 -1 -1 -1 491568 5 10 40 26 26 8 0 8
1 1 1 1 1 1 1 2 2 0 2 2 72 0 0 7 -1 -1 -1 -1 -1 -1 -1 491934 0 10 40 27 27 6 2 8
1 1 1 1 1 3 2 1 2 0 2 2 45 0 0 6 5 5 5 3 1 1 1 492301 0 10 40 27 27 6 2 8
1 1 1 1 1 1 2 1 2 0 2 2 29 0 0 6 -1 -1 -1 -1 -1 -1 -1 492667 0 10 40 27 27 6 2 8
5 5 1 5 5 2 1 5 2 0 2 2 15 0 0 5 -1 -1 -1 -1 -1 -1 -1 493034 5 10 40 27 27 6 2 8
1 1 1 1 1 2 1 1 2 0 2 2 13 -1 0 5 -1 -1 -1 -1 -1 -1 -1 493401 0 10 40 27 27 5 2 8
1 1 1 1 1 4 1 1 2 0 2 2 5 1 0 5 5 5 5 1 0 1 0 493801 0 10 40 27 27 5 2 8
1 1 1 1 1 1 2 1 2 0 2 2 35 0 0 6 -1 -1 -1 -1 -1 -1 -1 494167 0 10 40 27 27 5 2 8
1 5 5 1 5 5 2 5 2 0 2 2 44 0 0 6 -1 -1 -1 -1 -1 -1 -1 494534 5 10 40 27 27 5 2 8
1 1 1 1 1 1 2 1 2 0 2 2 44 0 0 6 -1 -1 -1 -1 -1 -1 -1 494900 0 10 40 27 27 6 3 8
1 1 1 1 1 1 4 1 2 0 2 2 44 0 0 6 6 5 5 0 0 1 0 495267 0 10 40 27 27 6 3 8
1 1 1 1 1 2 1 1 2 0 2 2 11 -1 0 5 -1 -1 -1 -1 -1 -1 -1 495633 0 10 40 27 27 6 3 8
5 5 5 1 5 2 5 1 2 0 2 2 0 0 0 5 -1 -1 -1 -1 -1 -1 -1 496000 5 10 40 27 27 6 3 8
1 1 1 1 1 1 1 2 2 0 2 2 84 5 152 7 -1 -1 -1 -1 -1 -1 -1 496367 0 10 40 27 27 7 0 8
1 1 1 1 1 1 1 4 2 0 2 2 91 0 0 7 7 5 5 3 0 1 0 496733 0 10 40 27 27 7 0 8
1 1 1 1 1 1 1 2 2 0 2 2 87 0 0 7 -1 -1 -1 -1 -1 -1 -1 497133 0 10 40 27 27 7 0 8
5 5 1 5 5 1 5 2 2 0 2 2 88 0 0 7 -1 -1 -1 -1 -1 -1 -1 497500 5 10 40 27 27 7 0 8
2 1 1 1 1 1 1 1 2 0 2 2 123 2 68 0 -1 -1 -1 -1 -1 -1 -1 497866 0 10 40 27 27 8 0 8
4 1 1 1 1 1 1 1 2 0 2 2 147 0 0 0 0 5 5 1 0 1 0 498233 0 10 40 27 27 6 2 8
2 1 1 1 1 1 1 1 2 0 2 2 121 -2 0 0 -1 -1 -1 -1 -1 -1 -1 498599 0 10 40 27 27 6 2 8
5 1 5 5 1 5 5 2 2 0 2 2 91 0 0 7 -1 -1 -1 -1 -1 -1 -1 498966 5 10 40 27 27 6 2 8
1 1 1 1 1 1 1 2 2 0 2 2 99 0 0 7 -1 -1 -1 -1 -1 -1 -1 499332 0 10 40 28 28 6 2 8
3 1 1 1 1 1 2 1 2 0 2 2 37 -3 0 6 0 5 5 3 1 1 1 499699 0 10 40 28 28 5 2 8
1 1 1 1 1 2 1 1 2 0 2 2 4 -2 0 5 -1 -1 -1 -1 -1 -1 -1 500066 0 10 40 28 28 5 2 8
5 0 5 1 5 2 5 5 2 0 2 2 10 2 0 5 -1 -1 -1 -1 -1 -1 -1 500399 5 10 40 28 28 5 2 7
1 0 1 1 1 1 2 1 2 0 2 2 63 2 63 6 -1 -1 -1 -1 -1 -1 -1 500765 0 10 40 28 28 5 2 7
1 0 1 1 1 1 1 4 2 0 2 2 78 -1 0 7 7 5 5 3 0 1 0 501132 0 10 40 28 28 6 3 7
1 0 1 1 1 1 2 1 2 0 2 2 30 0 0 6 -1 -1 -1 -1 -1 -1 -1 501465 0 10 40 28 28 6 3 7
5 0 5 5 1 5 2 5 2 0 2 2 49 0 0 6 -1 -1 -1 -1 -1 -1 -1 501832 5 10 40 28 28 6 3 7
1 0 1 1 1 1 2 1 2 0 2 2 44 0 0 6 -1 -1 -1 -1 -1 -1 -1 502198 0 10 40 28 28 6 3 7
1 0 1 1 1 1 4 1 2 0 2 2 40 -1 0 6 6 5 5 0 0 1 0 502565 0 10 40 28 28 7 0 7
1 0 1 1 1 2 1 1 2 0 2 2 -3 -1 0 5 -1 -1 -1 -1 -1 -1 -1 502898 0 10 40 28 28 7 0 7
1 0 5 5 1 2 5 5 2 0 2 2 -9 0 0 5 -1 -1 -1 -1 -1 -1 -1 503265 4 10 40 28 28 7 0 7
1 0 1 1 1 2 1 1 2 0 2 2 7 1 0 5 -1 -1 -1 -1 -1 -1 -1 503631 0 10 40 28.5 28.5 7 0 7
1 0 1 1 1 2 1 3 2 0 2 2 9 0 0 5 7 5 5 3 1 1 1 503965 0 10 40 28.5 28.5 8 0 7
1 0 1 1 1 2 1 1 2 0 2 2 -15 0 0 5 -1 -1 -1 -1 -1 -1 -1 504331 0 10 40 28.5 28.5 6 2 7
5 0 1 5 1 2 5 5 2 0 2 2 -12 1 0 5 -1 -1 -1 -1 -1 -1 -1 504665 4 10 40 28.5 28.5 6 2 7
2 0 1 1 1 1 1 1 2 0 2 2 129 9 295 0 -1 -1 -1 -1 -1 -1 -1 505031 0 10 40 28.5 28.5 6 2 7
4 0 1 1 1 1 1 1 2 0 2 2 130 0 0 0 0 5 5 2 0 1 0 505364 0 10 40 28.5 28.5 6 2 7
1 0 1 1 1 1 2 1 2 0 2 2 68 -1 0 6 -1 -1 -1 -1 -1 -1 -1 505731 0 10 40 28.5 28.5 5 2 7
5 0 5 5 1 1 2 5 2 0 2 2 49 0 0 6 -1 -1 -1 -1 -1 -1 -1 506064 4 10 40 28.5 28.5 5 2 7
1 0 1 1 1 1 1 2 2 0 2 2 96 1 0 7 -1 -1 -1 -1 -1 -1 -1 506431 0 10 40 28.5 28.5 5 2 7
4 0 1 1 1 1 1 1 2 0 2 2 134 0 0 0 0 5 5 0 0 1 0 506764 0 10 40 28.5 28.5 5 2 7
1 0 1 1 1 1 1 2 2 0 2 2 81 -1 0 7 -1 -1 -1 -1 -1 -1 -1 507131 0 10 40 28.5 28.5 6 3 7
5 0 5 5 5 1 2 1 2 0 2 2 66 0 0 6 -1 -1 -1 -1 -1 -1 -1 507464 4 10 40 28.5 28.5 6 3 7
1 0 1 1 1 1 2 1 2 0 2 2 66 0 0 6 -1 -1 -1 -1 -1 -1 -1 507830 0 10 40 28.5 28.5 6 3 7
1 0 1 1 1 1 1 4 2 0 2 2 80 0 0 7 7 5 5 3 0 1 0 508164 0 10 40 28.5 28.5 6 3 7
1 0 1 1 1 1 1 2 2 0 2 2 83 0 0 7 -1 -1 -1 -1 -1 -1 -1 508530 0 10 40 28.5 28.5 7 0 7
5 0 1 5 5 5 1 2 2 0 2 2 83 0 0 7 -1 -1 -1 -1 -1 -1 -1 508863 4 10 40 28.5 28.5 7 0 7
2 0 1 1 1 1 1 1 2 0 2 2 135 6 188 0 -1 -1 -1 -1 -1 -1 -1 509230 0 10 40 28.5 28.5 7 0 7
4 0 1 1 1 1 1 1 2 0 2 2 135 1 0 0 0 5 5 2 0 1 0 509597 0 10 40 28.5 28.5 7 0 7
2 0 1 1 1 1 1 1 2 0 2 2 135 1 0 0 -1 -1 -1 -1 -1 -1 -1 509930 0 10 40 28.5 28.5 8 0 7
2 0 5 5 1 5 1 5 2 0 2 2 135 1 0 0 -1 -1 -1 -1 -1 -1 -1 510296 4 10 40 28.5 28.5 6 2 7
1 0 1 1 1 1 1 2 2 0 2 2 112 -2 0 7 -1 -1 -1 -1 -1 -1 -1 510630 0 10 40 28.5 28.5 6 2 7
1 0 1 1 1 1 1 4 2 0 2 2 97 0 0 7 7 5 5 1 0 1 0 510996 0 10 40 28.5 28.5 6 2 7
2 0 1 1 1 1 1 1 2 0 2 2 134 1 0 0 -1 -1 -1 -1 -1 -1 -1 511330 0 10 40 28.5 28.5 6 2 7
2 0 5 5 5 1 1 5 2 0 2 2 135 1 0 0 -1 -1 -1 -1 -1 -1 -1 511696 4 10 40 28.5 28.5 5 2 7
1 0 1 1 1 1 1 2 2 0 2 2 105 -4 0 7 -1 -1 -1 -1 -1 -1 -1 512029 0 10 40 28.5 28.5 5 2 7
1 0 1 1 1 1 4 1 2 0 2 2 40 0 29 6 6 5 5 0 0 1 0 512396 0 10 40 28.5 28.5 5 2 7
1 0 1 1 1 1 2 1 2 0 2 2 23 -1 0 6 -1 -1 -1 -1 -1 -1 -1 512729 0 10 40 28.5 28.5 5 2 7
1 0 5 5 1 2 5 5 2 0 2 2 -13 0 0 5 -1 -1 -1 -1 -1 -1 -1 513096 4 10 40 28.5 28.5 6 3 7
1 0 1 1 1 2 1 1 2 0 2 2 -16 0 0 5 -1 -1 -1 -1 -1 -1 -1 513429 0 10 40 28.5 28.5 6 3 7
1 0 1 1 1 3 1 1 2 0 2 2 0 1 0 5 5 5 5 1 1 1 1 513796 0 10 40 29 29 6 3 7
1 0 1 1 1 2 1 1 2 0 2 2 14 0 0 5 -1 -1 -1 -1 -1 -1 -1 514129 0 10 40 29 29 6 3 7
5 0 5 1 5 2 1 5 2 0 2 2 14 0 0 5 -1 -1 -1 -1 -1 -1 -1 514462 4 10 40 29 29 7 0 7
1 0 1 1 1 2 1 1 2 0 2 2 14 0 0 5 -1 -1 -1 -1 -1 -1 -1 514829 0 10 40 29.5 29.5 7 0 7
1 0 1 1 2 3 1 1 2 0 2 2 -29 -1 0 4 5 5 5 0 1 1 1 515162 0 10 40 29.5 29.5 7 0 7
1 0 1 1 2 1 1 1 2 0 2 2 -42 0 0 4 -1 -1 -1 -1 -1 -1 -1 515495 0 10 40 29.5 29.5 7 0 7
1 0 1 5 2 5 5 5 2 0 2 2 -42 0 0 4 -1 -1 -1 -1 -1 -1 -1 515828 4 10 40 29.5 29.5 8 0 7
1 0 1 1 2 1 1 1 2 0 2 2 -42 0 0 4 -1 -1 -1 -1 -1 -1 -1 516162 0 10 40 30 30 6 2 7
1 0 1 1 3 1 1 1 2 0 2 2 -47 0 0 4 4 5 5 1 1 1 1 516495 0 10 40 30 30 6 2 7
1 0 1 1 2 1 1 1 2 0 2 2 -49 0 0 4 -1 -1 -1 -1 -1 -1 -1 516828 0 10 40 30 30 6 2 7
5 0 5 5 2 5 1 1 2 0 2 2 -47 0 0 4 -1 -1 -1 -1 -1 -1 -1 517162 4 10 40 30 30 6 2 7
1 0 1 1 2 1 1 1 2 0 2 2 -46 0 0 4 -1 -1 -1 -1 -1 -1 -1 517495 0 10 40 30 30 5 2 7
1 0 1 1 4 1 1 1 2 0 2 2 -49 0 0 4 4 5 5 2 0 1 0 517828 0 10 40 30 30 5 2 7
1 0 1 2 1 1 1 1 2 0 2 2 -86 -1 0 3 -1 -1 -1 -1 -1 -1 -1 518161 0 10 40 30 30 5 2 7
5 0 1 2 5 5 1 5 2 0 2 2 -103 0 0 3 -1 -1 -1 -1 -1 -1 -1 518495 4 10 40 30 30 5 2 7
1 0 1 2 1 1 1 1 2 0 2 2 -71 2 0 3 -1 -1 -1 -1 -1 -1 -1 518828 0 10 40 30 30 6 3 7
1 0 1 1 4 1 1 1 2 0 2 2 315 1 42 4 4 5 5 3 0 1 0 519161 0 10 40 30 30 6 3 7
1 0 1 2 1 1 1 1 2 0 2 2 252 -4 0 3 -1 -1 -1 -1 -1 -1 -1 519494 0 10 40 30 30 6 3 7
1 0 2 5 5 5 1 5 2 0 2 2 225 -1 0 2 -1 -1 -1 -1 -1 -1 -1 519828 4 10 40 30 30 6 3 7
1 0 1 2 1 1 1 1 2 0 2 2 262 1 0 3 -1 -1 -1 -1 -1 -1 -1 520161 0 10 40 30 30 7 0 7
1 0 1 2 4 1 1 1 2 0 2 2 279 2 0 3 4 5 5 1 0 0 0 520494 0 10 40 30 30 7 0 7
1 0 1 2 1 1 1 1 2 0 2 2 292 0 0 3 -1 -1 -1 -1 -1 -1 -1 520827 0 10 40 30 30 7 0 7
5 0 5 2 5 5 1 1 2 0 2 2 276 0 0 3 -1 -1 -1 -1 -1 -1 -1 521161 4 10 40 30 30 7 0 7
1 0 1 1 2 1 1 1 2 0 2 2 303 1 46 4 -1 -1 -1 -1 -1 -1 -1 521494 0 10 40 30 30 8 0 7
1 0 1 1 4 1 1 1 2 0 2 2 312 1 0 4 4 5 5 2 0 1 0 521827 0 10 40 30 30 6 2 7
1 0 1 1 1 2 1 1 2 0 2 2 347 2 87 5 -1 -1 -1 -1 -1 -1 -1 522160 0 10 40 30 30 6 2 7
5 0 1 5 5 2 1 5 2 0 2 2 4 0 24 5 -1 -1 -1 -1 -1 -1 -1 522494 4 10 40 30 30 6 2 7
1 0 1 1 1 2 1 1 2 0 2 2 4 0 0 5 -1 -1 -1 -1 -1 -1 -1 522827 0 10 40 30 30 6 2 7
1 0 1 1 1 3 1 1 2 0 2 2 -13 -2 0 5 5 5 5 1 1 1 1 523160 0 10 40 30.5 30.5 5 2 7
1 0 1 1 2 1 1 1 2 0 2 2 -54 0 0 4 -1 -1 -1 -1 -1 -1 -1 523493 0 10 40 30.5 30.5 5 2 7
5 0 5 5 2 5 1 1 2 0 2 2 -45 0 0 4 -1 -1 -1 -1 -1 -1 -1 523827 4 10 40 30.5 30.5 5 2 7
1 0 1 1 2 1 1 1 2 0 2 2 -37 0 0 4 -1 -1 -1 -1 -1 -1 -1 524160 0 10 40 30.5 30.5 5 2 7
1 0 1 1 4 1 1 1 2 0 2 2 -45 0 0 4 4 5 5 3 0 1 0 524460 0 10 40 30.5 30.5 6 3 7
1 0 1 1 2 1 1 1 2 0 2 2 -52 0 0 4 -1 -1 -1 -1 -1 -1 -1 524793 0 10 40 30.5 30.5 6 3 7
1 0 5 5 2 5 5 1 2 0 2 2 -52 0 0 4 -1 -1 -1 -1 -1 -1 -1 525126 4 10 40 30.5 30.5 6 3 7
1 0 1 1 2 1 1 1 2 0 2 2 -52 0 0 4 -1 -1 -1 -1 -1 -1 -1 525459 0 10 40 30.5 30.5 6 3 7
1 0 1 1 4 1 1 1 2 0 2 2 -52 0 0 4 4 5 5 0 0 1 0 525793 0 10 40 30.5 30.5 7 0 7
1 0 1 1 2 1 1 1 2 0 2 2 -52 0 0 4 -1 -1 -1 -1 -1 -1 -1 526126 0 10 40 30.5 30.5 7 0 7
5 0 5 5 2 5 1 1 2 0 2 2 -52 0 0 4 -1 -1 -1 -1 -1 -1 -1 526426 4 10 40 30.5 30.5 7 0 7
1 0 1 1 2 1 1 1 2 0 2 2 -57 -1 0 4 -1 -1 -1 -1 -1 -1 -1 526759 0 10 40 30.5 30.5 7 0 7
1 0 1 4 1 1 1 1 2 0 2 2 -86 0 0 3 3 5 5 2 0 1 0 527092 0 10 40 30.5 30.5 8 0 7
1 0 1 1 2 1 1 1 2 0 2 2 -68 1 0 4 -1 -1 -1 -1 -1 -1 -1 527426 0 10 40 30.5 30.5 6 2 7
1 5 5 2 1 1 5 5 2 0 2 2 -73 -2 0 3 -1 -1 -1 -1 -1 -1 -1 527759 4 10 40 30.5 30.5 6 2 8
1 1 1 2 1 1 1 1 2 0 2 2 254 0 0 3 -1 -1 -1 -1 -1 -1 -1 528092 0 10 40 30.5 30.5 6 2 8
1 1 3 2 1 1 1 1 2 0 2 2 251 0 0 3 2 5 5 0 1 1 1 528392 0 10 40 31 31 6 2 8
1 1 2 1 1 1 1 1 2 0 2 2 224 0 0 2 -1 -1 -1 -1 -1 -1 -1 528725 0 10 40 31 31 5 2 8
5 5 2 5 5 1 1 1 2 0 2 2 219 0 0 2 -1 -1 -1 -1 -1 -1 -1 529059 4 10 40 31 31 5 2 8
1 1 2 1 1 1 1 1 2 0 2 2 219 0 0 2 -1 -1 -1 -1 -1 -1 -1 529359 0 10 40 31 31 5 2 8
1 1 4 1 1 1 1 1 2 0 2 2 220 0 0 2 2 5 5 0 0 1 0 529692 0 10 40 31 31 5 2 8
1 1 2 1 1 1 1 1 2 0 2 2 218 0 0 2 -1 -1 -1 -1 -1 -1 -1 530025 0 10 40 31 31 6 3 8
5 1 2 5 5 1 5 1 2 0 2 2 219 0 0 2 -1 -1 -1 -1 -1 -1 -1 530325 4 10 40 31 31 6 3 8
1 1 1 2 1 1 1 1 2 0 2 2 259 0 0 3 -1 -1 -1 -1 -1 -1 -1 530658 0 10 40 31 31 6 3 8
1 1 1 4 1 1 1 1 2 0 2 2 266 0 0 3 3 5 5 3 0 1 0 530991 0 10 40 31 31 6 3 8
1 1 2 1 1 1 1 1 2 0 2 2 231 -1 0 2 -1 -1 -1 -1 -1 -1 -1 531325 0 10 40 31 31 7 0 8
5 5 2 5 1 1 5 1 2 0 2 2 222 0 0 2 -1 -1 -1 -1 -1 -1 -1 531625 4 10 40 31 31 7 0 8
1 1 2 1 1 1 1 1 2 0 2 2 221 0 0 2 -1 -1 -1 -1 -1 -1 -1 531958 0 10 40 31 31 7 0 8
1 1 3 1 1 1 1 1 2 0 2 2 223 0 0 2 2 5 5 0 1 1 1 532258 0 10 40 31.5 31.5 7 0 8
1 1 2 1 1 1 1 1 2 0 2 2 232 0 0 2 -1 -1 -1 -1 -1 -1 -1 532591 0 10 40 31.5 31.5 8 0 8
5 5 2 1 5 1 1 5 2 0 2 2 237 0 0 2 -1 -1 -1 -1 -1 -1 -1 532891 4 10 40 31.5 31.5 6 2 8
1 1 2 1 1 1 1 1 2 0 2 2 229 0 0 2 -1 -1 -1 -1 -1 -1 -1 533224 0 10 40 31.5 31.5 6 2 8
1 1 4 1 1 1 1 1 2 0 2 2 224 0 0 2 2 5 5 1 0 1 0 533558 0 10 40 31.5 31.5 6 2 8
1 1 2 1 1 1 1 1 2 0 2 2 228 0 0 2 -1 -1 -1 -1 -1 -1 -1 533857 0 10 40 31.5 31.5 6 2 8
1 5 1 2 5 5 1 5 2 0 2 2 251 1 32 3 -1 -1 -1 -1 -1 -1 -1 534191 4 10 40 31.5 31.5 5 2 8
1 1 1 2 1 1 1 1 2 0 2 2 253 0 0 3 -1 -1 -1 -1 -1 -1 -1 534491 0 10 40 32 32 5 2 8
1 1 2 3 1 1 1 1 2 0 2 2 241 0 0 2 3 5 5 0 1 1 1 534791 0 10 40 32 32 5 2 8
1 1 2 1 1 1 1 1 2 0 2 2 237 0 0 2 -1 -1 -1 -1 -1 -1 -1 535124 0 10 40 32 32 5 2 8
1 5 1 2 5 1 5 5 2 0 2 2 255 0 0 3 -1 -1 -1 -1 -1 -1 -1 535424 4 10 40 32 32 6 3 8
1 1 1 2 1 1 1 1 2 0 2 2 267 0 0 3 -1 -1 -1 -1 -1 -1 -1 535757 0 10 40 32 32 6 3 8
1 1 1 4 1 1 1 1 2 0 2 2 267 0 0 3 3 5 5 3 0 1 0 536057 0 10 40 32 32 6 3 8
1 1 1 2 1 1 1 1 2 0 2 2 275 0 0 3 -1 -1 -1 -1 -1 -1 -1 536357 0 10 40 32 32 6 3 8
1 5 5 2 1 5 5 1 2 0 2 2 290 0 24 3 -1 -1 -1 -1 -1 -1 -1 536690 4 10 40 32 32 7 0 8
1 1 1 2 1 1 1 1 2 0 2 2 290 0 0 3 -1 -1 -1 -1 -1 -1 -1 536990 0 10 40 32.5 32.5 7 0 8
1 1 1 2 3 1 1 1 2 0 2 2 287 0 0 3 4 5 5 0 1 1 1 537290 0 10 40 32.5 32.5 7 0 8
1 1 1 1 2 1 1 1 2 0 2 2 311 0 0 4 -1 -1 -1 -1 -1 -1 -1 537590 0 10 40 32.5 32.5 7 0 8
1 5 1 5 2 5 1 5 2 0 2 2 316 0 0 4 -1 -1 -1 -1 -1 -1 -1 537923 4 10 40 32.5 32.5 8 0 8
1 1 1 1 2 1 1 1 2 0 2 2 300 0 28 4 -1 -1 -1 -1 -1 -1 -1 538223 0 10 40 32.5 32.5 6 2 8
1 1 1 4 1 1 1 1 2 0 2 2 293 -1 0 3 3 5 5 1 0 0 0 538523 0 10 40 32.5 32.5 6 2 8
1 1 1 2 1 1 1 1 2 0 2 2 258 -1 0 3 -1 -1 -1 -1 -1 -1 -1 538823 0 10 40 32.5 32.5 6 2 8
1 5 1 2 1 5 5 5 2 0 2 2 256 0 0 3 -1 -1 -1 -1 -1 -1 -1 539156 4 10 40 32.5 32.5 6 2 8
1 1 1 2 1 1 1 1 2 0 2 2 256 0 0 3 -1 -1 -1 -1 -1 -1 -1 539456 0 10 40 32.5 32.5 5 2 8
1 1 1 4 1 1 1 1 2 0 2 2 275 0 0 3 3 5 5 3 0 1 0 539756 0 10 40 32.5 32.5 5 2 8
1 1 1 2 1 1 1 1 2 0 2 2 271 0 0 3 -1 -1 -1 -1 -1 -1 -1 540056 0 10 40 32.5 32.5 5 2 8
1 5 1 2 5 1 5 5 2 0 2 2 269 0 0 3 -1 -1 -1 -1 -1 -1 -1 540389 4 10 40 32.5 32.5 5 2 8
1 1 1 1 2 1 1 1 2 0 2 2 304 2 60 4 -1 -1 -1 -1 -1 -1 -1 540689 0 10 40 32.5 32.5 6 3 8
1 1 1 1 3 1 1 1 2 0 2 2 308 -1 0 4 4 5 5 1 1 1 1 540989 0 10 40 33 33 6 3 8
1 1 1 2 1 1 1 1 2 0 2 2 273 -1 0 3 -1 -1 -1 -1 -1 -1 -1 541289 0 10 40 33 33 6 3 8
1 5 1 2 5 1 5 5 2 0 2 2 263 0 0 3 -1 -1 -1 -1 -1 -1 -1 541589 4 10 40 33 33 6 3 8
1 1 1 1 1 2 1 1 2 0 2 2 334 4 123 5 -1 -1 -1 -1 -1 -1 -1 541889 0 10 40 33 33 7 0 8
1 1 1 1 1 4 1 1 2 0 2 2 358 1 48 5 5 5 5 0 0 1 0 542189 0 10 40 33 33 7 0 8
1 1 1 1 2 1 1 1 2 0 2 2 328 -1 0 4 -1 -1 -1 -1 -1 -1 -1 542489 0 10 40 33 33 7 0 8
5 1 1 5 2 5 5 5 2 0 2 2 316 0 0 4 -1 -1 -1 -1 -1 -1 -1 542789 5 10 40 33 33 7 0 8
1 1 1 1 2 1 1 1 2 0 2 2 307 0 0 4 -1 -1 -1 -1 -1 -1 -1 543122 0 10 40 33 33 8 0 8
1 1 1 1 4 1 1 1 2 0 2 2 314 0 0 4 4 5 5 2 0 1 0 543422 0 10 40 33 33 6 2 8
1 1 1 1 2 1 1 1 2 0 2 2 314 0 0 4 -1 -1 -1 -1 -1 -1 -1 543722 0 10 40 33 33 6 2 8
5 5 1 5 2 5 1 5 2 0 2 2 314 0 0 4 -1 -1 -1 -1 -1 -1 -1 544022 5 10 40 33 33 6 2 8
1 1 1 1 2 1 1 1 2 0 2 2 314 0 0 4 -1 -1 -1 -1 -1 -1 -1 544322 0 10 40 33 33 6 2 8
1 1 1 4 1 1 1 1 2 0 2 2 287 -3 0 3 3 5 5 3 0 1 1 544621 0 10 40 31 31 5 2 8
1 1 2 1 1 1 1 1 2 0 2 2 242 0 0 2 -1 -1 -1 -1 -1 -1 -1 544955 0 10 40 31 31 5 2 8
1 5 2 5 5 5 5 1 2 0 2 2 232 0 0 2 -1 -1 -1 -1 -1 -1 -1 545288 5 10 40 31 31 5 2 8
1 1 2 1 1 1 1 1 2 0 2 2 232 0 0 2 -1 -1 -1 -1 -1 -1 -1 545588 0 10 40 31 31 5 2 8
1 0 1 1 1 2 1 1 3 0 2 3 0 0 0 5 -1 -1 -1 -1 -1 -1 -1 1135544 0 10 40 28 60 1 0 7
1 0 1 1 1 2 1 1 3 0 2 3 0 0 0 5 -1 -1 -1 -1 -1 -1 -1 1135711 0 10 40 28 60 1 0 7
1 0 1 1 1 2 1 1 3 0 2 3 0 0 0 5 -1 -1 -1 -1 -1 -1 -1 1135944 0 10 40 28 32.2667 1 0 7
1 0 1 1 1 2 1 1 3 0 2 3 0 0 0 5 -1 -1 -1 -1 -1 -1 -1 1136277 0 10 40 28 28 1 0 7
1 0 1 1 1 2 1 1 3 0 2 3 0 0 0 5 -1 -1 -1 -1 -1 -1 -1 1136644 0 10 40 28 28 1 3 7
1 0 1 1 1 2 1 1 3 0 2 3 0 0 0 5 -1 -1 -1 -1 -1 -1 -1 1136977 0 10 40 28 28 1 3 7
1 0 1 1 1 2 1 1 3 0 2 3 0 0 0 5 -1 -1 -1 -1 -1 -1 -1 1137343 0 10 40 28 28 1 3 7
1 0 1 1 1 2 1 1 3 0 2 3 0 0 0 5 -1 -1 -1 -1 -1 -1 -1 1137710 0 10 40 28 28 1 3 7
1 0 1 1 1 2 1 1 3 0 2 3 -5 -1 0 5 -1 -1 -1 -1 -1 -1 -1 1138077 0 10 40 28 28 0 3 7
1 0 1 1 2 1 1 1 3 0 2 3 -22 0 0 4 -1 -1 -1 -1 -1 -1 -1 1138410 0 10 40 28 28 0 3 7
1 0 1 1 4 1 1 1 3 0 2 3 -45 0 0 4 4 5 5 1 0 1 0 1138776 0 10 40 28 28 0 3 7
1 0 1 1 2 1 1 1 3 0 2 3 -33 0 0 4 -1 -1 -1 -1 -1 -1 -1 1139143 0 10 40 28 28 0 3 7
1 0 1 1 2 1 1 1 3 0 2 3 -62 0 0 4 -1 -1 -1 -1 -1 -1 -1 1139476 0 10 40 28 28 2 2 7
1 0 1 1 2 1 1 1 3 0 2 3 -62 0 0 4 -1 -1 -1 -1 -1 -1 -1 1139843 0 10 40 28 28 2 2 7
1 0 1 1 4 1 1 1 3 0 2 3 -45 0 0 4 4 5 5 0 0 1 0 1140209 0 10 40 28 28 2 2 7
1 0 1 1 2 1 1 1 3 0 2 3 -34 0 0 4 -1 -1 -1 -1 -1 -1 -1 1140576 0 10 40 28 28 2 2 7
1 0 1 1 2 1 1 1 3 0 2 3 -63 -1 0 4 -1 -1 -1 -1 -1 -1 -1 1140909 0 10 40 28 28 8 0 7
1 0 1 2 1 1 1 1 3 0 2 3 -79 0 0 3 -1 -1 -1 -1 -1 -1 -1 1141276 0 10 40 28 28 1 0 7
1 0 1 4 1 1 1 1 3 0 2 3 -83 0 0 3 3 5 5 1 0 1 0 1141642 0 10 40 28 28 1 0 7
1 0 1 1 2 1 1 1 3 0 2 3 -66 0 0 4 -1 -1 -1 -1 -1 -1 -1 1141976 0 10 40 28 28 1 0 7
1 0 1 1 2 1 1 1 3 0 2 3 304 0 0 4 -1 -1 -1 -1 -1 -1 -1 1142342 0 10 40 28 28 1 0 7
1 0 1 1 2 1 1 1 3 0 2 3 306 0 0 4 -1 -1 -1 -1 -1 -1 -1 1142709 0 10 40 29 29 1 3 7
1 0 1 1 3 1 1 1 3 0 2 3 316 0 0 4 4 5 5 1 1 1 1 1143042 0 10 40 29 29 1 3 7
1 0 1 1 2 1 1 1 3 0 2 3 333 0 0 4 -1 -1 -1 -1 -1 -1 -1 1143375 0 10 40 29 29 1 3 7
1 0 1 1 2 1 1 1 3 0 2 3 331 0 0 4 -1 -1 -1 -1 -1 -1 -1 1143742 0 10 40 29 29 1 3 7
1 0 1 1 2 1 1 1 3 0 2 3 318 0 0 4 -1 -1 -1 -1 -1 -1 -1 1144075 0 10 40 29 29 0 3 7
1 0 1 1 4 1 1 1 3 0 2 3 316 0 0 4 4 5 5 2 0 1 0 1144408 0 10 40 29 29 0 3 7
1 0 1 1 1 2 1 1 3 0 2 3 336 1 32 5 -1 -1 -1 -1 -1 -1 -1 1144775 0 10 40 29 29 0 3 7
1 0 1 1 1 2 1 1 3 0 2 3 338 0 0 5 -1 -1 -1 -1 -1 -1 -1 1145108 0 10 40 29 29 0 3 7
1 0 1 1 1 2 1 1 3 0 2 3 338 0 0 5 -1 -1 -1 -1 -1 -1 -1 1145441 0 10 40 30 30 2 2 7
1 0 1 3 1 2 1 1 3 0 2 3 338 0 0 5 3 5 5 1 1 1 1 1145775 0 10 40 30 30 2 2 7
1 0 1 1 1 2 1 1 3 0 2 3 338 0 0 5 -1 -1 -1 -1 -1 -1 -1 1146108 0 10 40 30 30 2 2 7
1 0 1 1 1 2 1 1 3 0 2 3 338 0 0 5 -1 -1 -1 -1 -1 -1 -1 1146441 0 10 40 30 30 2 2 7
1 0 1 1 1 2 1 1 3 0 2 3 338 0 0 5 -1 -1 -1 -1 -1 -1 -1 1146774 0 10 40 30 30 8 0 7
1 0 1 1 3 2 1 1 3 0 2 3 338 0 0 5 4 5 5 1 1 1 1 1147108 0 10 40 30.5 30.5 1 0 7
1 0 1 1 1 2 1 1 3 0 2 3 338 0 0 5 -1 -1 -1 -1 -1 -1 -1 1147441 0 10 40 30.5 30.5 1 0 7
1 0 1 1 2 1 1 1 3 0 2 3 336 0 0 4 -1 -1 -1 -1 -1 -1 -1 1147774 0 10 40 30.5 30.5 1 0 7
1 0 1 2 1 1 1 1 3 0 2 3 265 0 0 3 -1 -1 -1 -1 -1 -1 -1 1148107 0 10 40 30.5 30.5 1 0 7
1 0 1 4 1 1 1 1 3 0 2 3 269 0 0 3 3 5 5 3 0 1 0 1148407 0 10 40 30.5 30.5 1 3 7
1 0 1 1 2 1 1 1 3 0 2 3 296 0 0 4 -1 -1 -1 -1 -1 -1 -1 1148741 0 10 40 30.5 30.5 1 3 7
0 0 0 1 2 1 1 1 3 0 2 3 309 0 0 4 -1 -1 -1 -1 -1 -1 -1 1149074 0 10 40 30.5 30.5 1 3 5
0 0 0 1 2 1 1 1 3 0 2 3 312 0 0 4 -1 -1 -1 -1 -1 -1 -1 1149407 0 10 40 30.5 30.5 1 3 5
0 0 0 1 4 1 1 1 3 0 2 3 313 0 0 4 4 5 5 0 0 1 0 1149740 0 10 40 30.5 30.5 0 3 5
0 0 0 1 2 1 1 1 3 0 2 3 322 0 0 4 -1 -1 -1 -1 -1 -1 -1 1150074 0 10 40 30.5 30.5 0 3 5
0 0 0 1 2 1 1 1 3 0 2 3 324 0 0 4 -1 -1 -1 -1 -1 -1 -1 1150374 0 10 40 30.5 30.5 0 3 5
0 0 0 1 2 1 1 1 3 0 2 3 324 0 0 4 -1 -1 -1 -1 -1 -1 -1 1150707 0 10 40 31 31 0 3 5
0 0 0 3 2 1 1 1 3 0 2 3 319 0 0 4 3 5 5 1 1 1 1 1151040 0 10 40 31 31 2 2 5
0 0 0 1 2 1 1 1 3 0 2 3 313 0 0 4 -1 -1 -1 -1 -1 -1 -1 1151373 0 10 40 31 31 2 2 5
0 0 0 1 2 1 1 1 3 0 2 3 307 0 0 4 -1 -1 -1 -1 -1 -1 -1 1151673 0 10 40 31 31 2 2 5
0 0 0 1 2 1 1 1 3 0 2 3 307 0 0 4 -1 -1 -1 -1 -1 -1 -1 1152007 0 10 40 31 31 2 2 5
0 0 0 1 4 1 1 1 3 0 2 3 309 0 0 4 4 5 5 0 0 1 0 1152340 0 10 40 31 31 8 0 5
0 0 0 1 2 1 1 1 3 0 2 3 317 0 0 4 -1 -1 -1 -1 -1 -1 -1 1152640 0 10 40 31 31 1 0 5
0 0 0 1 1 2 1 1 3 0 2 3 337 1 0 5 -1 -1 -1 -1 -1 -1 -1 1152973 0 10 40 31 31 1 0 5
0 0 0 1 1 2 1 1 3 0 2 3 341 0 0 5 -1 -1 -1 -1 -1 -1 -1 1153306 0 10 40 31 31 1 0 5
0 0 0 1 1 4 1 1 3 0 2 3 341 0 0 5 5 5 5 2 0 1 0 1153606 0 10 40 31 31 1 0 5
0 0 0 1 1 2 1 1 3 0 2 3 362 0 0 5 -1 -1 -1 -1 -1 -1 -1 1153939 0 10 40 31 31 1 3 5
0 0 0 1 1 2 1 1 3 0 2 3 367 0 0 5 -1 -1 -1 -1 -1 -1 -1 1154273 0 10 40 31 31 1 3 5
0 0 0 1 1 2 1 1 3 0 2 3 367 0 0 5 -1 -1 -1 -1 -1 -1 -1 1154573 0 10 40 31 31 1 3 5
0 0 0 1 4 1 1 1 3 0 2 3 317 -2 0 4 4 5 5 2 0 1 0 1154906 0 10 40 31 31 1 3 5
0 0 0 1 2 1 1 1 3 0 2 3 312 0 0 4 -1 -1 -1 -1 -1 -1 -1 1155239 0 10 40 31 31 0 3 5
0 0 0 1 2 1 1 1 3 0 2 3 323 0 0 4 -1 -1 -1 -1 -1 -1 -1 1155539 0 10 40 31 31 0 3 5
0 0 0 1 2 1 1 1 3 0 2 3 324 1 0 4 -1 -1 -1 -1 -1 -1 -1 1155872 0 10 40 31 31 0 3 5
0 0 0 1 3 1 1 1 3 0 2 3 324 1 0 4 4 5 5 0 1 1 1 1156205 0 10 40 31.5 31.5 0 3 5
0 0 0 1 2 1 1 1 3 0 2 3 320 0 0 4 -1 -1 -1 -1 -1 -1 -1 1156505 0 10 40 31.5 31.5 2 2 5
0 0 0 1 2 1 1 1 3 0 2 3 330 0 0 4 -1 -1 -1 -1 -1 -1 -1 1156839 0 10 40 31.5 31.5 2 2 5
0 0 0 1 2 1 1 1 3 0 2 3 329 0 0 4 -1 -1 -1 -1 -1 -1 -1 1157139 0 10 40 31.5 31.5 2 2 5
0 0 0 1 4 1 1 1 3 0 2 3 316 0 0 4 4 5 5 1 0 1 0 1157472 0 10 40 31.5 31.5 2 2 5
0 0 0 1 2 1 1 1 3 0 2 3 323 0 0 4 -1 -1 -1 -1 -1 -1 -1 1157772 0 10 40 31.5 31.5 8 0 5
0 0 0 1 2 1 1 1 3 0 2 3 304 -1 0 4 -1 -1 -1 -1 -1 -1 -1 1158105 0 10 40 31.5 31.5 1 0 5
0 0 0 1 2 1 1 1 3 0 2 3 300 0 0 4 -1 -1 -1 -1 -1 -1 -1 1158405 0 10 40 31.5 31.5 1 0 5
0 0 0 3 2 1 1 1 3 0 2 3 297 -1 0 4 3 5 5 2 1 1 1 1158738 0 10 40 32 32 1 0 5
0 0 0 2 1 1 1 1 3 0 2 3 283 0 0 3 -1 -1 -1 -1 -1 -1 -1 1159038 0 10 40 32 32 1 0 5
0 0 0 1 2 1 1 1 3 0 2 3 296 0 0 4 -1 -1 -1 -1 -1 -1 -1 1159371 0 10 40 32 32 1 3 5
0 0 0 1 2 1 1 1 3 0 2 3 303 0 0 4 -1 -1 -1 -1 -1 -1 -1 1159671 0 10 40 32 32 1 3 5
0 0 0 1 3 1 1 1 3 0 2 3 304 0 0 4 4 5 5 0 1 1 0 1159971 0 10 40 32 32 1 3 5
0 0 0 1 2 1 1 1 3 0 2 3 314 0 0 4 -1 -1 -1 -1 -1 -1 -1 1160304 0 10 40 30 30 1 3 5
0 0 0 1 2 1 1 1 3 0 2 3 335 0 29 4 -1 -1 -1 -1 -1 -1 -1 1160638 0 10 40 30 30 0 3 5
0 0 0 1 2 1 1 1 3 0 2 3 336 0 0 4 -1 -1 -1 -1 -1 -1 -1 1160971 0 10 40 30 30 0 3 5
0 0 0 1 1 4 1 1 3 0 2 3 341 1 0 5 5 5 5 2 0 1 0 1161304 0 10 40 30 30 0 3 5
0 0 0 1 1 2 1 1 3 0 2 3 354 0 0 5 -1 -1 -1 -1 -1 -1 -1 1161638 0 10 40 30 30 0 3 5
1 0 1 1 1 2 1 1 3 0 2 3 359 0 0 5 -1 -1 -1 -1 -1 -1 -1 1161971 0 10 40 30 30 2 2 7
1 0 1 1 1 2 1 1 3 0 2 3 359 0 0 5 -1 -1 -1 -1 -1 -1 -1 1162304 0 10 40 30 30 2 2 7
1 0 1 1 1 4 1 1 3 0 2 3 359 0 0 5 5 5 5 3 0 1 0 1162637 0 10 40 30 30 2 2 7
1 0 1 1 1 2 1 1 3 0 2 3 359 0 0 5 -1 -1 -1 -1 -1 -1 -1 1162971 0 10 40 30 30 2 2 7
1 0 1 1 1 2 1 1 3 0 2 3 359 0 0 5 -1 -1 -1 -1 -1 -1 -1 1163304 0 10 40 30 30 8 0 7
1 0 1 1 1 2 1 1 3 0 2 3 359 0 0 5 -1 -1 -1 -1 -1 -1 -1 1163637 0 10 40 30 30 1 0 7
1 0 1 1 1 4 1 1 3 0 2 3 357 0 0 5 5 5 5 1 0 1 0 1163970 0 10 40 30 30 1 0 7
1 0 1 1 1 2 1 1 3 0 2 3 350 0 0 5 -1 -1 -1 -1 -1 -1 -1 1164304 0 10 40 30 30 1 0 7
1 0 1 1 1 1 2 1 3 0 2 3 23 1 37 6 -1 -1 -1 -1 -1 -1 -1 1164637 0 10 40 30 30 1 0 7
1 0 1 1 1 1 2 1 3 0 2 3 25 0 0 6 -1 -1 -1 -1 -1 -1 -1 1164970 0 10 40 30 30 1 3 7
1 0 1 1 1 1 4 1 3 0 2 3 45 0 0 6 6 5 5 0 0 1 0 1165303 0 10 40 30 30 1 3 7
1 0 1 1 1 1 2 1 3 0 2 3 39 0 0 6 -1 -1 -1 -1 -1 -1 -1 1165637 0 10 40 30 30 1 3 7
1 0 1 1 1 1 2 1 3 0 2 3 37 0 0 6 -1 -1 -1 -1 -1 -1 -1 1165970 0 10 40 30 30 1 3 7
1 0 1 1 1 1 2 1 3 0 2 3 37 0 0 6 -1 -1 -1 -1 -1 -1 -1 1166303 0 10 40 30 30 0 3 7
1 0 1 1 1 1 4 1 3 0 2 3 37 0 0 6 6 5 5 1 0 1 0 1166636 0 10 40 30 30 0 3 7
1 0 1 1 1 1 2 1 3 0 2 3 37 0 0 6 -1 -1 -1 -1 -1 -1 -1 1166970 0 10 40 30 30 0 3 7
1 0 1 1 1 1 2 1 3 0 2 3 37 0 0 6 -1 -1 -1 -1 -1 -1 -1 1167303 0 10 40 30.5 30 0 3 7
1 0 1 1 1 1 2 1 3 0 2 3 37 0 0 6 -1 -1 -1 -1 -1 -1 -1 1167636 0 10 40 30.5 30.5 2 2 7
1 0 1 1 1 1 3 1 3 0 2 3 48 0 0 6 6 5 5 1 1 1 1 1167969 0 10 40 30.5 30.5 2 2 7
1 0 1 1 1 1 2 1 3 0 2 3 51 0 0 6 -1 -1 -1 -1 -1 -1 -1 1168303 0 10 40 30.5 30.5 2 2 7
1 0 1 1 1 1 1 2 3 0 2 3 73 1 44 7 -1 -1 -1 -1 -1 -1 -1 1168602 0 10 40 30.5 30.5 2 2 7
1 0 1 1 1 1 1 2 3 0 2 3 77 0 0 7 -1 -1 -1 -1 -1 -1 -1 1168936 0 10 40 30.5 30.5 8 0 7
1 0 1 1 1 1 1 4 3 0 2 3 84 0 0 7 7 5 5 2 0 1 0 1169269 0 10 40 30.5 30.5 1 0 7
1 0 1 1 1 1 1 2 3 0 2 3 73 0 0 7 -1 -1 -1 -1 -1 -1 -1 1169602 0 10 40 30.5 30.5 1 0 7
1 0 1 1 1 1 1 2 3 0 2 3 89 0 0 7 -1 -1 -1 -1 -1 -1 -1 1169935 0 10 40 30.5 30.5 1 0 7
1 0 1 1 1 1 1 2 3 0 2 3 85 0 0 7 -1 -1 -1 -1 -1 -1 -1 1170269 0 10 40 30.5 30.5 1 0 7
1 0 1 1 1 1 1 4 3 0 2 3 80 0 0 7 7 5 5 3 0 1 0 1170569 0 10 40 30.5 30.5 1 3 7
1 0 1 1 1 1 2 1 3 0 2 3 54 0 0 6 -1 -1 -1 -1 -1 -1 -1 1170902 0 10 40 30.5 30.5 1 3 7
1 0 1 1 1 1 2 1 3 0 2 3 39 0 0 6 -1 -1 -1 -1 -1 -1 -1 1171235 0 10 40 30.5 30.5 1 3 7
1 0 1 1 1 1 2 1 3 0 2 3 39 0 0 6 -1 -1 -1 -1 -1 -1 -1 1171568 0 10 40 30.5 30.5 1 3 7
1 0 1 1 1 1 4 1 3 0 2 3 39 0 0 6 6 5 5 2 0 1 0 1171902 0 10 40 30.5 30.5 0 3 7
1 0 1 1 1 1 2 1 3 0 2 3 39 0 0 6 -1 -1 -1 -1 -1 -1 -1 1172235 0 10 40 30.5 30.5 0 3 7
1 0 1 1 1 1 2 1 3 0 2 3 39 0 0 6 -1 -1 -1 -1 -1 -1 -1 1172535 0 10 40 30.5 30.5 0 3 7
1 0 1 1 1 1 2 1 3 0 2 3 39 0 0 6 -1 -1 -1 -1 -1 -1 -1 1172868 0 10 40 30.5 30.5 0 3 7
1 0 1 1 1 1 4 1 3 0 2 3 39 0 0 6 6 5 5 0 0 1 0 1173201 0 10 40 30.5 30.5 2 2 7
1 0 1 1 1 1 2 1 3 0 2 3 39 0 0 6 -1 -1 -1 -1 -1 -1 -1 1173535 0 10 40 30.5 30.5 2 2 7
1 0 1 1 1 1 2 1 3 0 2 3 39 0 0 6 -1 -1 -1 -1 -1 -1 -1 1173868 0 10 40 30.5 30.5 2 2 7
1 0 1 1 1 1 2 1 3 0 2 3 39 0 0 6 -1 -1 -1 -1 -1 -1 -1 1174201 0 10 40 30.5 30.5 2 2 7
1 0 1 1 1 1 4 1 3 0 2 3 39 0 0 6 6 5 5 1 0 1 0 1174501 0 10 40 30.5 30.5 8 0 7
1 0 1 1 1 1 2 1 3 0 2 3 39 0 0 6 -1 -1 -1 -1 -1 -1 -1 1174834 0 10 40 30.5 30.5 1 0 7
1 0 1 1 1 1 2 1 3 0 2 3 39 0 0 6 -1 -1 -1 -1 -1 -1 -1 1175168 0 10 40 30.5 30.5 1 0 7
1 0 1 1 1 1 2 1 3 0 2 3 39 0 0 6 -1 -1 -1 -1 -1 -1 -1 1175501 0 10 40 30.5 30.5 1 0 7
1 0 1 1 1 1 1 3 3 0 2 3 79 3 111 7 7 5 5 2 1 1 0 1175834 0 10 40 30.5 30.5 1 0 7
1 0 1 1 1 1 1 2 3 0 2 3 91 1 0 7 -1 -1 -1 -1 -1 -1 -1 1176167 0 10 40 28.5 28.5 1 3 7
1 0 1 1 1 1 1 2 3 0 2 3 91 1 0 7 -1 -1 -1 -1 -1 -1 -1 1176534 0 10 40 28.5 28.5 1 3 7
1 0 1 1 1 1 1 2 3 0 2 3 91 1 0 7 -1 -1 -1 -1 -1 -1 -1 1176867 0 10 40 28.5 28.5 1 3 7
1 0 1 1 1 2 1 1 4 0 0 4 0 1 0 5 -1 -1 -1 -1 -1 -1 -1 1337728 0 10 40 25 60 2 2 7
1 0 1 1 1 2 1 1 4 0 0 4 0 1 0 5 -1 -1 -1 -1 -1 -1 -1 1337894 0 10 40 25 60 2 2 7
1 0 1 1 1 2 1 1 4 0 0 4 0 1 0 5 -1 -1 -1 -1 -1 -1 -1 1338094 0 10 40 25 40.5555 2 2 7
1 0 1 1 1 2 1 1 4 0 0 4 0 1 0 5 -1 -1 -1 -1 -1 -1 -1 1338461 0 10 40 25 25 2 2 7
1 0 1 1 1 2 1 1 4 0 0 4 0 1 0 5 -1 -1 -1 -1 -1 -1 -1 1338861 0 10 40 25 25 0 0 7
1 0 1 1 1 2 1 1 4 0 0 4 0 1 0 5 -1 -1 -1 -1 -1 -1 -1 1339261 0 10 40 25 25 0 0 7
1 0 1 1 1 2 1 1 4 0 0 4 0 1 0 5 -1 -1 -1 -1 -1 -1 -1 1339661 0 10 40 25 25 0 0 7
1 0 1 1 1 2 1 1 4 0 0 4 0 1 0 5 -1 -1 -1 -1 -1 -1 -1 1340061 0 10 40 25 25 0 0 7
1 0 1 1 1 2 1 1 4 0 0 4 0 1 0 5 -1 -1 -1 -1 -1 -1 -1 1340461 0 10 40 25 25 5 2 7
1 0 1 1 1 1 2 1 4 0 0 4 29 1 0 6 -1 -1 -1 -1 -1 -1 -1 1340860 0 10 40 25 25 5 2 7
1 0 1 1 1 1 4 1 4 0 0 4 47 0 0 6 6 0 5 0 0 1 0 1341260 0 10 40 25 25 5 2 7
1 0 1 1 1 1 2 1 4 0 0 4 50 0 0 6 -1 -1 -1 -1 -1 -1 -1 1341660 0 10 40 25 25 5 2 7
1 0 1 1 1 1 2 1 4 0 0 4 44 0 0 6 -1 -1 -1 -1 -1 -1 -1 1342060 0 10 40 25 25 7 3 7
1 0 1 1 1 1 2 1 4 0 0 4 40 0 0 6 -1 -1 -1 -1 -1 -1 -1 1342460 0 10 40 25 25 7 3 7
1 0 1 1 1 1 4 1 4 0 0 4 39 0 0 6 6 3 5 3 0 1 0 1342860 0 10 40 25 25 7 3 7
1 0 1 1 1 1 2 1 4 0 0 4 37 0 0 6 -1 -1 -1 -1 -1 -1 -1 1343260 0 10 40 25 25 7 3 7
1 0 1 1 1 1 2 1 4 0 0 4 65 2 65 6 -1 -1 -1 -1 -1 -1 -1 1343660 0 10 40 25 25 8 0 7
1 0 1 1 1 1 1 2 4 0 0 4 74 0 0 7 -1 -1 -1 -1 -1 -1 -1 1344060 0 10 40 25 25 2 2 7
1 0 1 1 1 1 1 4 4 0 0 4 85 0 0 7 7 3 5 3 0 1 0 1344460 0 10 40 25 25 2 2 7
1 0 1 1 1 1 1 2 4 0 0 4 92 0 0 7 -1 -1 -1 -1 -1 -1 -1 1344859 0 10 40 25 25 2 2 7
1 0 1 1 1 1 1 2 4 0 0 4 93 0 0 7 -1 -1 -1 -1 -1 -1 -1 1345259 0 10 40 25 25 2 2 7
1 0 1 1 1 1 1 2 4 0 0 4 90 0 0 7 -1 -1 -1 -1 -1 -1 -1 1345659 0 10 40 25 25 0 0 7
1 0 1 1 1 1 1 4 4 0 0 4 84 0 0 7 7 1 5 1 0 1 0 1346059 0 10 40 25 25 0 0 7
1 0 1 1 1 1 1 2 4 0 0 4 80 0 0 7 -1 -1 -1 -1 -1 -1 -1 1346459 0 10 40 25 25 0 0 7
1 0 1 1 1 1 1 2 4 0 0 4 90 0 0 7 -1 -1 -1 -1 -1 -1 -1 1346859 0 10 40 25 25 0 0 7
2 0 1 1 1 1 1 1 4 0 0 4 121 1 38 0 -1 -1 -1 -1 -1 -1 -1 1347259 0 10 40 25 25 5 2 7
4 0 1 1 1 1 1 1 4 0 0 4 123 0 0 0 0 1 5 1 0 1 0 1347659 0 10 40 25 25 5 2 7
2 0 1 1 1 1 1 1 4 0 0 4 123 0 0 0 -1 -1 -1 -1 -1 -1 -1 1348059 0 10 40 25 25 5 2 7
2 0 1 1 1 1 1 1 4 0 0 4 123 0 0 0 -1 -1 -1 -1 -1 -1 -1 1348459 0 10 40 25 25 5 2 7
2 0 1 1 1 1 1 1 4 0 0 4 123 0 0 0 -1 -1 -1 -1 -1 -1 -1 1348858 0 10 40 25 25 7 3 7
4 0 1 1 1 1 1 1 4 0 0 4 123 0 0 0 0 0 5 0 0 1 0 1349258 0 10 40 25 25 7 3 7
2 0 1 1 1 1 1 1 4 0 0 4 123 0 0 0 -1 -1 -1 -1 -1 -1 -1 1349658 0 10 40 25 25 7 3 7
2 0 1 1 1 1 1 1 4 0 0 4 123 0 0 0 -1 -1 -1 -1 -1 -1 -1 1350058 0 10 40 25 25 7 3 7
2 0 1 1 1 1 1 1 4 0 0 4 123 0 0 0 -1 -1 -1 -1 -1 -1 -1 1350458 0 10 40 24 24 8 0 7
2 0 1 1 1 1 1 4 4 0 0 4 123 0 0 0 7 1 5 1 0 1 1 1350858 0 10 40 24 24 2 2 7
2 0 1 1 1 1 1 1 4 0 0 4 123 0 0 0 -1 -1 -1 -1 -1 -1 -1 1351291 0 10 40 24 24 2 2 7
2 0 1 1 1 1 1 1 4 0 0 4 123 0 0 0 -1 -1 -1 -1 -1 -1 -1 1351691 0 10 40 24 24 2 2 7
2 0 1 1 1 1 1 1 4 0 0 4 123 0 0 0 -1 -1 -1 -1 -1 -1 -1 1352091 0 10 40 25 25 2 2 7
3 0 1 1 1 1 1 1 4 0 0 4 123 0 0 0 0 1 5 1 1 1 1 1352491 0 10 40 25 25 0 0 7
2 0 1 1 1 1 1 1 4 0 0 4 123 0 0 0 -1 -1 -1 -1 -1 -1 -1 1352891 0 10 40 25 25 0 0 7
2 0 1 1 1 1 1 1 4 0 0 4 123 0 0 0 -1 -1 -1 -1 -1 -1 -1 1353291 0 10 40 25 25 0 0 7
2 0 1 1 1 1 1 1 4 0 0 4 119 -1 0 0 -1 -1 -1 -1 -1 -1 -1 1353691 0 10 40 25 25 0 0 7
1 0 1 1 1 1 1 4 4 0 0 4 92 -1 0 7 7 3 5 3 0 1 0 1354091 0 10 40 25 25 5 2 7
1 0 1 1 1 1 1 2 4 0 0 4 79 0 0 7 -1 -1 -1 -1 -1 -1 -1 1354490 0 10 40 25 25 5 2 7
1 0 1 1 1 1 1 2 4 0 0 4 79 0 0 7 -1 -1 -1 -1 -1 -1 -1 1354890 0 10 40 25 25 5 2 7
1 0 1 1 1 1 1 2 4 0 0 4 79 0 0 7 -1 -1 -1 -1 -1 -1 -1 1355290 0 10 40 24 24 5 2 7
4 0 1 1 1 1 1 2 4 0 0 4 79 0 0 7 0 1 5 1 0 1 1 1355723 0 10 40 24 24 7 3 7
1 0 1 1 1 1 1 2 4 0 0 4 79 0 0 7 -1 -1 -1 -1 -1 -1 -1 1356123 0 10 40 24 24 7 3 7
1 0 1 1 1 1 1 2 4 0 0 4 79 0 0 7 -1 -1 -1 -1 -1 -1 -1 1356557 0 10 40 25 24 7 3 7
1 0 1 1 1 1 1 2 4 0 0 4 79 0 0 7 -1 -1 -1 -1 -1 -1 -1 1356956 0 10 40 25 25 7 3 7
1 0 1 1 1 1 1 3 4 0 0 4 79 0 0 7 7 1 5 1 1 1 1 1357356 0 10 40 25 25 8 0 7
1 0 1 1 1 1 1 2 4 0 0 4 79 0 0 7 -1 -1 -1 -1 -1 -1 -1 1357756 0 10 40 25 25 2 2 7
1 0 1 1 1 1 1 2 4 0 0 4 79 0 0 7 -1 -1 -1 -1 -1 -1 -1 1358156 0 10 40 25 25 2 2 7
1 0 1 1 1 1 1 2 4 0 0 4 71 -1 0 7 -1 -1 -1 -1 -1 -1 -1 1358556 0 10 40 25 25 2 2 7
1 0 1 1 1 1 4 1 4 0 0 4 53 -1 0 6 6 2 5 2 0 1 0 1358956 0 10 40 25 25 2 2 7
1 0 1 1 1 1 2 1 4 0 0 4 38 0 0 6 -1 -1 -1 -1 -1 -1 -1 1359356 0 10 40 25 25 0 0 7
1 0 1 1 1 1 2 1 4 0 0 4 63 0 0 6 -1 -1 -1 -1 -1 -1 -1 1359756 0 10 40 25 25 0 0 7
1 0 1 1 1 1 2 1 4 0 0 4 64 0 0 6 -1 -1 -1 -1 -1 -1 -1 1360156 0 10 40 26 26 0 0 7
1 0 1 1 1 1 1 3 4 0 0 4 71 0 0 7 7 3 5 3 1 1 1 1360522 0 10 40 26 26 0 0 7
1 0 1 1 1 1 1 2 4 0 0 4 75 0 0 7 -1 -1 -1 -1 -1 -1 -1 1360922 0 10 40 26 26 5 2 7
2 0 1 1 1 1 1 1 4 0 0 4 115 2 74 0 -1 -1 -1 -1 -1 -1 -1 1361289 0 10 40 26 26 5 2 7
0 0 0 1 1 2 1 1 5 0 1 4 0 0 0 5 -1 -1 -1 -1 -1 -1 -1 1526615 0 10 40 26 60 2 1 5
0 0 0 1 1 2 1 1 5 0 1 4 0 0 0 5 -1 -1 -1 -1 -1 -1 -1 1526782 0 10 40 26 60 2 1 5
0 0 0 1 1 2 1 1 5 0 1 4 0 0 0 5 -1 -1 -1 -1 -1 -1 -1 1526982 0 10 40 26 38.9956 2 1 5
0 0 0 1 1 2 1 1 5 0 1 4 0 0 0 5 -1 -1 -1 -1 -1 -1 -1 1527348 0 10 40 26 26 2 1 5
0 0 0 1 1 2 1 1 5 0 1 4 0 0 0 5 -1 -1 -1 -1 -1 -1 -1 1527715 0 10 40 26 26 6 0 5
0 0 0 1 1 2 1 1 5 0 1 4 0 0 0 5 -1 -1 -1 -1 -1 -1 -1 1528115 0 10 40 26 26 6 0 5
0 0 0 1 1 2 1 1 5 0 1 4 0 0 0 5 -1 -1 -1 -1 -1 -1 -1 1528481 0 10 40 26 26 6 0 5
0 0 0 1 1 2 1 1 5 0 1 4 0 0 0 5 -1 -1 -1 -1 -1 -1 -1 1528881 0 10 40 26 26 6 0 5
0 0 0 1 1 2 1 1 5 0 1 4 0 0 0 5 -1 -1 -1 -1 -1 -1 -1 1529281 0 10 40 26 26 4 1 5
0 0 0 1 2 1 1 1 5 0 1 4 -29 -2 0 4 -1 -1 -1 -1 -1 -1 -1 1529648 0 10 40 26 26 4 1 5
0 0 0 1 4 1 1 1 5 0 1 4 -56 0 0 4 4 6 3 3 0 1 0 1530048 0 10 40 26 26 4 1 5
0 0 0 2 1 1 1 1 5 0 1 4 -86 -1 0 3 -1 -1 -1 -1 -1 -1 -1 1530414 0 10 40 26 26 4 1 5
0 0 0 2 5 1 1 1 5 0 1 4 -87 1 0 3 -1 -1 -1 -1 -1 -1 -1 1530814 1 10 40 26 26 6 2 5
0 0 0 1 2 1 1 1 5 0 1 4 -57 1 0 4 -1 -1 -1 -1 -1 -1 -1 1531181 0 10 40 26 26 6 2 5
0 0 0 1 4 1 1 1 5 0 1 4 -34 2 0 4 4 6 2 2 0 1 0 1531580 0 10 40 26 26 6 2 5
0 0 0 1 1 2 1 1 5 0 1 4 15 0 0 5 -1 -1 -1 -1 -1 -1 -1 1531947 0 10 40 26 26 6 2 5
0 0 0 1 5 2 1 1 5 0 1 4 13 0 0 5 -1 -1 -1 -1 -1 -1 -1 1532347 1 10 40 26 26 8 0 5
0 0 0 2 1 1 1 1 5 0 1 4 284 -3 96 3 -1 -1 -1 -1 -1 -1 -1 1532714 0 10 40 26 26 2 1 5
0 0 0 4 1 1 1 1 5 0 1 4 270 -1 0 3 3 6 0 0 0 1 0 1533113 0 10 40 26 26 2 1 5
0 0 0 2 1 1 1 1 5 0 1 4 270 -1 0 3 -1 -1 -1 -1 -1 -1 -1 1533480 0 10 40 26 26 2 1 5
0 0 0 2 1 5 1 1 5 0 1 4 270 -1 0 3 -1 -1 -1 -1 -1 -1 -1 1533880 1 10 40 26 26 2 1 5
0 0 0 2 1 1 1 1 5 0 1 4 270 -1 0 3 -1 -1 -1 -1 -1 -1 -1 1534280 0 10 40 26 26 6 0 5
0 0 0 4 1 1 1 1 5 0 1 4 270 -1 0 3 3 6 3 3 0 1 0 1534646 0 10 40 26 26 6 0 5
0 0 0 2 1 1 1 1 5 0 1 4 270 -1 0 3 -1 -1 -1 -1 -1 -1 -1 1535046 0 10 40 26 26 6 0 5
0 0 0 2 1 1 5 1 5 0 1 4 270 -1 0 3 -1 -1 -1 -1 -1 -1 -1 1535413 1 10 40 26 26 6 0 5
0 0 0 2 1 1 1 1 5 0 1 4 270 -1 0 3 -1 -1 -1 -1 -1 -1 -1 1535813 0 10 40 26 26 4 1 5
0 0 0 4 1 1 1 1 5 0 1 4 270 -1 0 3 3 6 1 1 0 1 0 1536179 0 10 40 26 26 4 1 5
0 0 0 2 1 1 1 1 5 0 1 4 270 -1 0 3 -1 -1 -1 -1 -1 -1 -1 1536579 0 10 40 26 26 4 1 5
0 0 0 2 5 1 1 1 5 0 1 4 270 -1 0 3 -1 -1 -1 -1 -1 -1 -1 1536946 1 10 40 26 26 4 1 5
0 0 0 2 1 1 1 1 5 0 1 4 270 -1 0 3 -1 -1 -1 -1 -1 -1 -1 1537346 0 10 40 25 25 6 2 5
0 0 0 4 1 1 1 1 5 0 1 4 288 1 0 3 3 6 0 0 0 1 1 1537746 0 10 40 25 25 6 2 5
0 0 0 1 2 1 1 1 5 0 1 4 306 0 0 4 -1 -1 -1 -1 -1 -1 -1 1538146 0 10 40 25 25 6 2 5
0 0 0 5 2 1 1 1 5 0 1 4 306 0 0 4 -1 -1 -1 -1 -1 -1 -1 1538545 1 10 40 25 25 6 2 5
0 0 0 1 2 1 1 1 5 0 1 4 306 0 0 4 -1 -1 -1 -1 -1 -1 -1 1538945 0 10 40 24 24 8 0 5
0 0 0 1 4 1 1 1 5 0 1 4 306 0 0 4 4 6 1 1 0 1 1 1539379 0 10 40 24 24 2 1 5
0 0 0 1 2 1 1 1 5 0 1 4 306 0 0 4 -1 -1 -1 -1 -1 -1 -1 1539778 0 10 40 24 24 2 1 5
0 0 0 1 2 1 1 5 5 0 1 4 306 0 0 4 -1 -1 -1 -1 -1 -1 -1 1540212 1 10 40 24 24 2 1 5
0 0 0 1 2 1 1 1 5 0 1 4 306 0 0 4 -1 -1 -1 -1 -1 -1 -1 1540612 0 10 40 25 25 2 1 5
0 0 0 1 2 3 1 1 5 0 1 4 306 0 0 4 5 6 3 3 1 1 1 1541012 0 10 40 25 25 6 0 5
0 0 0 1 2 1 1 1 5 0 1 4 306 0 0 4 -1 -1 -1 -1 -1 -1 -1 1541411 0 10 40 25 25 6 0 5
0 0 0 1 2 5 1 1 5 0 1 4 306 0 0 4 -1 -1 -1 -1 -1 -1 -1 1541811 1 10 40 25 25 6 0 5
0 0 0 1 2 1 1 1 5 0 1 4 306 0 0 4 -1 -1 -1 -1 -1 -1 -1 1542211 0 10 40 26 26 6 0 5
0 0 0 1 2 1 3 1 5 0 1 4 306 0 0 4 6 6 1 1 1 1 1 1542578 0 10 40 26 26 4 1 5
0 0 0 1 2 1 1 1 5 0 1 4 306 0 0 4 -1 -1 -1 -1 -1 -1 -1 1542978 0 10 40 26 26 4 1 5
0 0 0 1 2 1 5 1 5 0 1 4 306 0 0 4 -1 -1 -1 -1 -1 -1 -1 1543344 1 10 40 26 26 4 1 5
0 0 0 1 1 1 2 1 5 0 1 4 35 7 289 6 -1 -1 -1 -1 -1 -1 -1 1543744 0 10 40 26 26 4 1 5
0 0 0 1 1 1 1 4 5 0 1 4 90 2 0 7 7 6 1 1 0 1 0 1544111 0 10 40 26 26 6 2 5
0 0 0 1 1 1 1 2 5 0 1 4 90 1 0 7 -1 -1 -1 -1 -1 -1 -1 1544511 0 10 40 26 26 6 2 5
0 0 0 1 1 1 1 2 5 0 1 4 90 1 0 7 -1 -1 -1 -1 -1 -1 -1 1544877 0 10 40 26 26 6 2 5
0 0 0 1 1 1 1 2 5 0 1 4 90 1 0 7 -1 -1 -1 -1 -1 -1 -1 1545277 0 10 40 26 26 6 2 5
0 0 0 1 1 1 3 1 5 0 1 4 43 0 0 6 6 6 1 1 1 1 0 1545677 0 10 40 26 26 8 0 5
0 0 0 1 1 1 2 1 5 0 1 4 37 0 0 6 -1 -1 -1 -1 -1 -1 -1 1546044 0 10 40 25 25 2 1 5
0 0 0 1 1 1 2 1 5 0 1 4 37 0 0 6 -1 -1 -1 -1 -1 -1 -1 1546444 0 10 40 25 25 2 1 5
0 0 0 1 1 1 2 1 5 0 1 4 37 0 0 6 -1 -1 -1 -1 -1 -1 -1 1546843 0 10 40 25 25 2 1 5
0 0 0 1 1 1 3 1 5 0 1 4 37 0 0 6 6 6 3 3 1 1 1 1547243 0 10 40 26 26 2 1 5
0 0 0 1 1 1 2 1 5 0 1 4 37 0 0 6 -1 -1 -1 -1 -1 -1 -1 1547643 0 10 40 26 26 6 0 5
0 0 0 1 1 1 2 1 5 0 1 4 37 0 0 6 -1 -1 -1 -1 -1 -1 -1 1548010 0 10 40 26 26 6 0 5
0 0 0 1 1 1 1 2 5 0 1 4 65 2 0 7 -1 -1 -1 -1 -1 -1 -1 1548410 0 10 40 26 26 6 0 5
0 0 0 1 1 1 1 4 5 0 1 4 90 1 0 7 7 6 3 3 0 1 0 1548776 0 10 40 26 26 6 0 5
0 0 0 1 1 1 1 2 5 0 1 4 90 1 0 7 -1 -1 -1 -1 -1 -1 -1 1549176 0 10 40 26 26 4 1 5
0 0 0 1 1 1 1 2 5 0 1 4 90 1 0 7 -1 -1 -1 -1 -1 -1 -1 1549543 0 10 40 26 26 4 1 5
0 0 0 1 1 1 2 1 5 0 1 4 57 0 0 6 -1 -1 -1 -1 -1 -1 -1 1549943 0 10 40 26 26 4 1 5
0 0 0 1 1 1 4 1 5 0 1 4 51 0 0 6 6 6 0 0 0 1 0 1550309 0 10 40 26 26 4 1 5
0 0 0 1 1 1 2 1 5 0 1 4 40 0 0 6 -1 -1 -1 -1 -1 -1 -1 1550709 0 10 40 26 26 6 2 5
0 0 0 1 1 1 2 1 5 0 1 4 33 0 0 6 -1 -1 -1 -1 -1 -1 -1 1551076 0 10 40 26 26 6 2 5
0 0 0 1 1 1 2 1 5 0 1 4 37 0 0 6 -1 -1 -1 -1 -1 -1 -1 1551476 0 10 40 26 26 6 2 5
0 0 0 1 1 1 4 1 5 0 1 4 40 0 0 6 6 6 2 2 0 1 0 1551876 0 10 40 26 26 6 2 5
0 0 0 1 1 1 2 1 5 0 1 4 48 0 0 6 -1 -1 -1 -1 -1 -1 -1 1552242 0 10 40 26 26 8 0 5
0 0 0 1 1 1 2 1 5 0 1 4 48 0 0 6 -1 -1 -1 -1 -1 -1 -1 1552642 0 10 40 26 26 2 1 5
