% Tunnel Log: 
% debug seed: 1417460819
%
% SegEncNW { '0'=no panel, '1'=empty panel, '2'=player, '3'=match, '4'=nonmatch, '5'=obstacle, '6'=time warp }
% SegEncN
% SegEncNE
% SegEncE
% SegEncSE
% SegEncS
% SegEncSW
% SegEncW
% Event Number { 0, inf }
% Level Number { 0, inf }
% Task Type { 0=Color/Sound, 1=Shape/Sound, 2=Sound, 3=Holdout, 4=Recess }
% N-Back { 0, inf }
% Player Roll Base { 0, 359 }
% Player Roll Offset { 0, 359 }
% Player Roll Speed { -inf, inf }
% Player Loc { 0=Northwest ... 7=West }
% Pod Loc { -1=N/A, 0=Northwest ... 7=West }
% Pod Color { -1, inf }
% Pod Shape { -1, inf }
% Pod Sound { -1, inf }
% Pod Match { -1=N/A, 0=No, 1=Yes }
% Pod Taken { -1=N/A, 0=No, 1=Yes }
% Pod Zapped { -1=N/A, 0=No, 1=Yes }
% Timestamp (ms)
% Num Obstacles { 0, inf }
% Min Speed { 0, inf }
% Max Speed { 0, inf }
% Base Speed { 0, inf }
% Final Speed { 0, inf }
% Segment Direction { 0=Northwest ... 7=West }
% Segment Angle { 0, inf }
% Segment Panels { 0, inf }
%
% SegEncNW SecEncN SegEncNE SegEncE SegEncSE SegEncS SegEncSW SegEncW EventNumber LevelNumber TaskType N-Back PlayerRollBase PlayerRollOffset PlayerRollSpeed PlayerLoc PodLoc PodColor PodShape PodSound PodMatch PodTaken PodZapped Timestamp NumObs MinSpeed MaxSpeed BaseSpeed FinalSpeed SegmentDir SegmentAngle SegmentPanels
1 1 1 1 1 2 1 1 0 0 1 3 0 0 0 5 -1 -1 -1 -1 -1 -1 -1 638165 0 10 40 26 60 5 0 8
1 1 1 1 1 2 1 1 0 0 1 3 0 0 0 5 -1 -1 -1 -1 -1 -1 -1 638332 0 10 40 26 60 5 0 8
1 1 1 1 1 2 1 1 0 0 1 3 0 0 0 5 -1 -1 -1 -1 -1 -1 -1 638532 0 10 40 26 38.9956 5 0 8
1 1 1 1 1 2 1 1 0 0 1 3 0 0 0 5 -1 -1 -1 -1 -1 -1 -1 638898 0 10 40 26 26 5 0 8
1 1 1 1 1 2 1 1 0 0 1 3 0 0 0 5 -1 -1 -1 -1 -1 -1 -1 639265 0 10 40 26 26 5 2 8
1 1 1 1 1 2 1 1 0 0 1 3 0 0 0 5 -1 -1 -1 -1 -1 -1 -1 639665 0 10 40 26 26 5 2 8
1 1 1 1 1 2 1 1 0 0 1 3 0 0 0 5 -1 -1 -1 -1 -1 -1 -1 640032 0 10 40 26 26 5 2 8
1 1 1 1 1 2 1 1 0 0 1 3 0 0 0 5 -1 -1 -1 -1 -1 -1 -1 640431 0 10 40 26 26 5 2 8
1 1 1 1 1 2 1 1 0 0 1 3 0 0 0 5 -1 -1 -1 -1 -1 -1 -1 640798 0 10 40 26 26 0 3 8
1 1 1 1 1 2 1 1 0 0 1 3 0 0 0 5 -1 -1 -1 -1 -1 -1 -1 641198 0 10 40 26 26 0 3 8
1 1 1 1 1 4 1 1 0 0 1 3 -2 -1 0 5 5 6 2 2 0 1 0 641598 0 10 40 26 26 0 3 8
1 1 1 1 2 1 1 1 0 0 1 3 -39 0 0 4 -1 -1 -1 -1 -1 -1 -1 641964 0 10 40 26 26 0 3 8
5 5 5 1 2 5 1 1 0 0 1 3 -28 1 0 4 -1 -1 -1 -1 -1 -1 -1 642364 4 10 40 26 26 3 0 8
1 1 1 1 1 1 2 1 0 0 1 3 22 2 63 6 -1 -1 -1 -1 -1 -1 -1 642731 0 10 40 26 26 3 0 8
1 1 1 1 1 1 4 1 0 0 1 3 39 0 0 6 6 6 0 0 0 1 0 643131 0 10 40 26 26 3 0 8
1 1 1 1 1 1 2 1 0 0 1 3 29 0 0 6 -1 -1 -1 -1 -1 -1 -1 643497 0 10 40 26 26 3 0 8
1 5 5 1 5 1 2 5 0 0 1 3 38 0 0 6 -1 -1 -1 -1 -1 -1 -1 643897 4 10 40 26 26 8 0 8
1 1 1 1 1 1 2 1 0 0 1 3 53 0 0 6 -1 -1 -1 -1 -1 -1 -1 644264 0 10 40 26 26 5 0 8
1 1 1 1 1 1 4 1 0 0 1 3 46 -1 0 6 6 6 1 1 0 1 0 644664 0 10 40 26 26 5 0 8
1 1 1 1 1 2 1 1 0 0 1 3 20 -1 0 5 -1 -1 -1 -1 -1 -1 -1 645030 0 10 40 26 26 5 0 8
5 1 1 1 5 2 5 5 0 0 1 3 2 0 0 5 -1 -1 -1 -1 -1 -1 -1 645430 4 10 40 26 26 5 0 8
1 1 1 1 1 2 1 1 0 0 1 3 2 0 0 5 -1 -1 -1 -1 -1 -1 -1 645797 0 10 40 27 27 5 2 8
1 1 1 1 1 1 2 3 0 0 1 3 23 0 0 6 7 6 2 2 1 1 1 646163 0 10 40 27 27 5 2 8
1 1 1 1 1 1 2 1 0 0 1 3 42 0 0 6 -1 -1 -1 -1 -1 -1 -1 646563 0 10 40 27 27 5 2 8
5 1 5 5 5 1 2 1 0 0 1 3 53 0 0 6 -1 -1 -1 -1 -1 -1 -1 646930 4 10 40 27 27 5 2 8
1 1 1 1 1 1 2 1 0 0 1 3 53 0 0 6 -1 -1 -1 -1 -1 -1 -1 647263 0 10 40 28 28 0 3 8
1 1 1 1 1 2 1 3 0 0 1 3 22 -1 0 5 7 6 0 0 1 1 1 647630 0 10 40 28 28 0 3 8
1 1 1 1 1 2 1 1 0 0 1 3 -4 0 0 5 -1 -1 -1 -1 -1 -1 -1 647996 0 10 40 28 28 0 3 8
1 1 1 5 5 1 5 5 0 0 1 3 22 1 56 6 -1 -1 -1 -1 -1 -1 -1 648363 4 10 40 28 28 0 3 8
1 1 1 1 1 1 2 1 0 0 1 3 30 0 0 6 -1 -1 -1 -1 -1 -1 -1 648696 0 10 40 28.5 28.5 3 0 8
1 1 1 1 1 1 1 3 0 0 1 3 67 2 87 7 7 6 1 1 1 1 1 649063 0 10 40 28.5 28.5 3 0 8
1 1 1 1 1 1 1 2 0 0 1 3 84 0 0 7 -1 -1 -1 -1 -1 -1 -1 649396 0 10 40 28.5 28.5 3 0 8
5 5 1 1 1 5 5 2 0 0 1 3 91 0 0 7 -1 -1 -1 -1 -1 -1 -1 649762 4 10 40 28.5 28.5 3 0 8
1 1 1 1 1 1 1 2 0 0 1 3 110 0 27 7 -1 -1 -1 -1 -1 -1 -1 650096 0 10 40 28.5 28.5 8 0 8
4 1 1 1 1 1 1 1 0 0 1 3 130 0 0 0 0 6 0 0 0 1 0 650462 0 10 40 28.5 28.5 5 0 8
1 1 1 1 1 1 1 2 0 0 1 3 92 -2 0 7 -1 -1 -1 -1 -1 -1 -1 650796 0 10 40 28.5 28.5 5 0 8
5 5 5 1 1 5 1 2 0 0 1 3 100 2 0 7 -1 -1 -1 -1 -1 -1 -1 651162 4 10 40 28.5 28.5 5 0 8
2 1 1 1 1 1 1 1 0 0 1 3 131 0 22 0 -1 -1 -1 -1 -1 -1 -1 651495 0 10 40 28.5 28.5 5 0 8
4 1 1 1 1 1 1 1 0 0 1 3 132 0 0 0 0 6 2 2 0 1 0 651862 0 10 40 28.5 28.5 5 2 8
2 1 1 1 1 1 1 1 0 0 1 3 132 0 0 0 -1 -1 -1 -1 -1 -1 -1 652229 0 10 40 28.5 28.5 5 2 8
2 0 5 1 5 1 5 5 0 0 1 3 134 1 0 0 -1 -1 -1 -1 -1 -1 -1 652562 4 10 40 28.5 28.5 5 2 7
2 0 1 1 1 1 1 1 0 0 1 3 134 0 0 0 -1 -1 -1 -1 -1 -1 -1 652928 0 10 40 28.5 28.5 5 2 7
4 0 1 1 1 1 1 1 0 0 1 3 134 0 0 0 0 6 0 0 0 1 0 653262 0 10 40 28.5 28.5 0 3 7
2 0 1 1 1 1 1 1 0 0 1 3 134 0 0 0 -1 -1 -1 -1 -1 -1 -1 653628 0 10 40 28.5 28.5 0 3 7
2 0 5 1 1 5 5 5 0 0 1 3 133 0 0 0 -1 -1 -1 -1 -1 -1 -1 653961 4 10 40 28.5 28.5 0 3 7
1 0 1 1 1 1 1 2 0 0 1 3 91 0 0 7 -1 -1 -1 -1 -1 -1 -1 654328 0 10 40 28.5 28.5 0 3 7
1 0 1 1 1 1 1 4 0 0 1 3 91 0 0 7 7 6 3 3 0 1 0 654661 0 10 40 28.5 28.5 3 0 7
2 0 1 1 1 1 1 1 0 0 1 3 129 2 73 0 -1 -1 -1 -1 -1 -1 -1 655028 0 10 40 28.5 28.5 3 0 7
2 0 5 1 5 5 1 5 0 0 1 3 135 1 0 0 -1 -1 -1 -1 -1 -1 -1 655361 4 10 40 28.5 28.5 3 0 7
2 0 1 1 1 1 1 1 0 0 1 3 133 0 0 0 -1 -1 -1 -1 -1 -1 -1 655728 0 10 40 28.5 28.5 3 0 7
1 0 1 1 1 1 1 4 0 0 1 3 98 0 0 7 7 6 0 0 0 1 0 656061 0 10 40 28.5 28.5 8 0 7
2 0 1 1 1 1 1 1 0 0 1 3 134 1 0 0 -1 -1 -1 -1 -1 -1 -1 656428 0 10 40 28.5 28.5 5 0 7
2 0 1 1 5 5 5 5 0 0 1 3 135 0 0 0 -1 -1 -1 -1 -1 -1 -1 656761 4 10 40 28.5 28.5 5 0 7
2 0 1 1 1 1 1 1 0 0 1 3 135 0 0 0 -1 -1 -1 -1 -1 -1 -1 657127 0 10 40 28.5 28.5 5 0 7
4 0 1 1 1 1 1 1 0 0 1 3 135 0 0 0 0 6 3 4 0 1 0 657461 0 10 40 28.5 28.5 5 0 7
2 0 1 1 1 1 1 1 0 0 1 3 135 0 0 0 -1 -1 -1 -1 -1 -1 -1 657827 0 10 40 28.5 28.5 5 2 7
2 0 5 1 5 5 5 1 0 0 1 3 135 0 0 0 -1 -1 -1 -1 -1 -1 -1 658160 4 10 40 28.5 28.5 5 2 7
2 0 1 1 1 1 1 1 0 0 1 3 135 0 0 0 -1 -1 -1 -1 -1 -1 -1 658527 0 10 40 28.5 28.5 5 2 7
4 0 1 1 1 1 1 1 0 0 1 3 135 0 0 0 0 6 0 0 0 1 0 658860 0 10 40 28.5 28.5 5 2 7
2 0 1 1 1 1 1 1 0 0 1 3 135 0 0 0 -1 -1 -1 -1 -1 -1 -1 659227 0 10 40 28.5 28.5 0 3 7
2 0 5 5 5 5 1 1 0 0 1 3 135 0 0 0 -1 -1 -1 -1 -1 -1 -1 659593 4 10 40 29 28.5 0 3 7
2 0 1 1 1 1 1 1 0 0 1 3 135 0 0 0 -1 -1 -1 -1 -1 -1 -1 659927 0 10 40 29 29 0 3 7
3 0 1 1 1 1 1 2 0 0 1 3 110 -3 0 7 0 6 0 0 1 1 1 660260 0 10 40 29 29 0 3 7
1 0 1 1 1 1 1 2 0 0 1 3 89 0 0 7 -1 -1 -1 -1 -1 -1 -1 660626 0 10 40 29 29 3 0 7
5 0 5 5 1 1 5 2 0 0 1 3 90 0 0 7 -1 -1 -1 -1 -1 -1 -1 660960 4 10 40 29 29 3 0 7
2 0 1 1 1 1 1 1 0 0 1 3 119 1 0 0 -1 -1 -1 -1 -1 -1 -1 661293 0 10 40 29 29 3 0 7
4 0 1 1 1 1 1 1 0 0 1 3 129 0 0 0 0 6 2 2 0 1 0 661660 0 10 40 29 29 3 0 7
1 0 1 1 1 2 1 1 0 0 1 3 9 -7 286 5 -1 -1 -1 -1 -1 -1 -1 661993 0 10 40 29 29 8 0 7
5 0 5 1 2 1 5 5 0 0 1 3 311 -3 29 4 -1 -1 -1 -1 -1 -1 -1 662326 4 10 40 29 29 5 0 7
1 0 1 1 1 1 2 1 0 0 1 3 34 4 123 6 -1 -1 -1 -1 -1 -1 -1 662693 0 10 40 29 29 5 0 7
1 0 1 1 1 1 1 4 0 0 1 3 68 3 0 7 7 6 3 3 0 0 0 663026 0 10 40 29 29 5 0 7
1 0 1 1 1 2 1 1 0 0 1 3 6 -5 0 5 -1 -1 -1 -1 -1 -1 -1 663359 0 10 40 29 29 5 0 7
1 0 1 5 5 2 5 5 0 0 1 3 -3 3 0 5 -1 -1 -1 -1 -1 -1 -1 663726 4 10 40 29 29 5 2 7
1 0 1 1 1 1 2 1 0 0 1 3 53 1 0 6 -1 -1 -1 -1 -1 -1 -1 664059 0 10 40 29 29 5 2 7
1 0 1 1 1 1 1 4 0 0 1 3 87 1 45 7 7 6 3 3 0 1 0 664392 0 10 40 29 29 5 2 7
1 0 1 1 1 2 1 1 0 0 1 3 -3 -2 0 5 -1 -1 -1 -1 -1 -1 -1 664759 0 10 40 29 29 5 2 7
5 0 5 1 1 2 5 5 0 0 1 3 -12 0 0 5 -1 -1 -1 -1 -1 -1 -1 665092 4 10 40 29 29 0 3 7
1 0 1 1 1 1 2 1 0 0 1 3 36 1 0 6 -1 -1 -1 -1 -1 -1 -1 665425 0 10 40 29 29 0 3 7
1 0 1 1 1 1 4 1 0 0 1 3 49 1 0 6 6 6 0 0 0 1 0 665792 0 10 40 29 29 0 3 7
2 0 1 1 1 1 1 1 0 0 1 3 114 4 174 0 -1 -1 -1 -1 -1 -1 -1 666125 0 10 40 29 29 0 3 7
2 1 5 5 1 5 5 1 0 0 1 3 135 1 0 0 -1 -1 -1 -1 -1 -1 -1 666458 4 10 40 29 29 3 0 8
1 1 1 1 1 1 1 2 0 0 1 3 99 -4 0 7 -1 -1 -1 -1 -1 -1 -1 666825 0 10 40 29 29 3 0 8
1 1 1 1 1 4 2 1 0 0 1 3 43 -1 0 6 5 6 4 0 0 0 0 667158 0 10 40 29 29 3 0 8
1 1 1 1 1 1 2 1 0 0 1 3 33 0 0 6 -1 -1 -1 -1 -1 -1 -1 667491 0 10 40 29 29 3 0 8
1 5 1 5 1 5 2 5 0 0 1 3 49 0 0 6 -1 -1 -1 -1 -1 -1 -1 667858 4 10 40 29 29 8 0 8
1 1 1 1 1 1 2 1 0 0 1 3 50 0 0 6 -1 -1 -1 -1 -1 -1 -1 668191 0 10 40 29 29 5 0 8
1 1 1 1 1 1 3 1 0 0 1 3 45 -1 0 6 6 6 4 3 1 1 1 668525 0 10 40 29.5 29.5 5 0 8
1 1 1 1 1 1 2 1 0 0 1 3 22 0 0 6 -1 -1 -1 -1 -1 -1 -1 668891 0 10 40 29.5 29.5 5 0 8
1 5 5 5 5 2 1 5 0 0 1 3 2 -1 0 5 -1 -1 -1 -1 -1 -1 -1 669224 5 10 40 29.5 29.5 5 0 8
1 1 1 1 1 2 1 1 0 0 1 3 0 0 0 5 -1 -1 -1 -1 -1 -1 -1 669558 0 10 40 29.5 29.5 5 2 8
1 1 1 1 1 4 1 1 0 0 1 3 -16 -1 0 5 5 6 2 2 0 1 0 669891 0 10 40 29.5 29.5 5 2 8
1 1 1 1 2 1 1 1 0 0 1 3 -32 0 0 4 -1 -1 -1 -1 -1 -1 -1 670224 0 10 40 29.5 29.5 5 2 8
5 1 5 5 2 5 5 1 0 0 1 3 -38 0 0 4 -1 -1 -1 -1 -1 -1 -1 670557 5 10 40 29.5 29.5 5 2 8
1 1 1 1 2 1 1 1 0 0 1 3 -45 0 0 4 -1 -1 -1 -1 -1 -1 -1 670924 0 10 40 29.5 29.5 0 3 8
1 1 1 1 3 1 1 1 0 0 1 3 -45 0 0 4 4 6 4 0 1 1 1 671257 0 10 40 30 30 0 3 8
1 1 2 1 1 1 1 1 0 0 1 3 235 -2 69 2 -1 -1 -1 -1 -1 -1 -1 671590 0 10 40 30 30 0 3 8
1 5 2 5 5 5 5 1 0 0 1 3 224 0 0 2 -1 -1 -1 -1 -1 -1 -1 671924 5 10 40 30 30 0 3 8
1 1 2 1 1 1 1 1 0 0 1 3 240 0 0 2 -1 -1 -1 -1 -1 -1 -1 672257 0 10 40 30 30 3 0 8
1 1 1 4 1 1 1 1 0 0 1 3 264 0 0 3 3 6 1 1 0 1 0 672590 0 10 40 30 30 3 0 8
1 1 1 2 1 1 1 1 0 0 1 3 255 0 0 3 -1 -1 -1 -1 -1 -1 -1 672923 0 10 40 30 30 3 0 8
5 5 1 2 5 5 1 5 0 0 1 3 258 1 0 3 -1 -1 -1 -1 -1 -1 -1 673257 5 10 40 30 30 3 0 8
1 1 1 2 1 1 1 1 0 0 1 3 268 0 0 3 -1 -1 -1 -1 -1 -1 -1 673590 0 10 40 30 30 8 0 8
1 1 1 3 1 1 1 1 0 0 1 3 268 0 0 3 3 6 2 2 1 1 1 673923 0 10 40 30.5 30.5 5 0 8
1 1 1 1 2 1 1 1 0 0 1 3 299 1 0 4 -1 -1 -1 -1 -1 -1 -1 674223 0 10 40 30.5 30.5 5 0 8
5 1 5 5 2 5 5 1 0 0 1 3 304 0 0 4 -1 -1 -1 -1 -1 -1 -1 674556 5 10 40 30.5 30.5 5 0 8
1 1 1 2 1 1 1 1 0 0 1 3 275 -1 0 3 -1 -1 -1 -1 -1 -1 -1 674890 0 10 40 30.5 30.5 5 0 8
1 1 1 4 1 1 1 1 0 0 1 3 262 -2 0 3 3 6 4 3 0 1 0 675223 0 10 40 30.5 30.5 5 2 8
1 1 2 1 1 1 1 1 0 0 1 3 210 -1 0 2 -1 -1 -1 -1 -1 -1 -1 675556 0 10 40 30.5 30.5 5 2 8
1 1 2 5 5 5 5 5 0 0 1 3 222 1 0 2 -1 -1 -1 -1 -1 -1 -1 675889 5 10 40 30.5 30.5 5 2 8
1 1 1 2 1 1 1 1 0 0 1 3 259 0 0 3 -1 -1 -1 -1 -1 -1 -1 676223 0 10 40 30.5 30.5 5 2 8
1 1 1 3 1 1 1 1 0 0 1 3 264 0 0 3 3 6 1 1 1 1 0 676523 0 10 40 30.5 30.5 0 3 8
1 1 1 2 1 1 1 1 0 0 1 3 251 0 0 3 -1 -1 -1 -1 -1 -1 -1 676889 0 10 40 28.5 28.5 0 3 8
1 5 1 2 5 5 5 5 0 0 1 3 262 0 0 3 -1 -1 -1 -1 -1 -1 -1 677222 5 10 40 28.5 28.5 0 3 8
1 1 1 2 1 1 1 1 0 0 1 3 267 0 0 3 -1 -1 -1 -1 -1 -1 -1 677589 0 10 40 28.5 28.5 0 3 8
1 1 1 4 1 1 1 1 0 0 1 3 271 0 0 3 3 6 1 4 0 1 0 677922 0 10 40 28.5 28.5 3 0 8
1 1 1 1 2 1 1 1 0 0 1 3 307 0 0 4 -1 -1 -1 -1 -1 -1 -1 678289 0 10 40 28.5 28.5 3 0 8
5 5 5 5 2 1 1 5 0 0 1 3 314 0 0 4 -1 -1 -1 -1 -1 -1 -1 678622 5 10 40 28.5 28.5 3 0 8
1 1 1 1 2 1 1 1 0 0 1 3 314 0 0 4 -1 -1 -1 -1 -1 -1 -1 678989 0 10 40 28.5 28.5 3 0 8
1 1 1 1 3 1 1 1 0 0 1 3 301 -1 0 4 4 6 3 3 1 1 1 679322 0 10 40 29 29 8 0 8
1 1 1 2 1 1 1 1 0 0 1 3 277 -1 0 3 -1 -1 -1 -1 -1 -1 -1 679688 0 10 40 29 29 5 0 8
1 0 5 2 5 5 5 5 0 0 1 3 270 0 0 3 -1 -1 -1 -1 -1 -1 -1 680022 5 10 40 29 29 5 0 7
1 0 1 2 1 1 1 1 0 0 1 3 276 0 0 3 -1 -1 -1 -1 -1 -1 -1 680355 0 10 40 29 29 5 0 7
1 0 1 4 1 1 1 1 0 0 1 3 287 1 0 3 3 6 0 0 0 1 0 680722 0 10 40 29 29 5 0 7
1 0 1 1 1 1 1 2 0 0 1 3 80 10 385 7 -1 -1 -1 -1 -1 -1 -1 681055 0 10 40 29 29 5 2 7
2 0 5 5 5 5 5 1 0 0 1 3 135 3 0 0 -1 -1 -1 -1 -1 -1 -1 681388 5 10 40 29 29 5 2 7
1 0 1 1 1 1 2 1 0 0 1 3 45 -5 163 6 -1 -1 -1 -1 -1 -1 -1 681755 0 10 40 29 29 5 2 7
1 0 1 1 4 2 1 1 0 0 1 3 22 0 0 5 4 6 3 3 0 1 1 682088 0 10 40 27 27 5 2 7
1 0 1 1 1 2 1 1 0 0 1 3 0 -2 0 5 -1 -1 -1 -1 -1 -1 -1 682454 0 10 40 27 27 0 3 7
5 0 5 1 5 2 5 1 0 0 1 3 -8 1 0 5 -1 -1 -1 -1 -1 -1 -1 682821 4 10 40 27 27 0 3 7
1 0 1 1 1 2 1 1 0 0 1 3 -1 -1 0 5 -1 -1 -1 -1 -1 -1 -1 683188 0 10 40 27 27 0 3 7
1 0 1 1 4 1 1 1 0 0 1 3 -33 0 0 4 4 6 1 1 0 1 0 683554 0 10 40 27 27 0 3 7
1 0 1 1 1 2 1 1 0 0 1 3 1 0 0 5 -1 -1 -1 -1 -1 -1 -1 683921 0 10 40 27 27 3 0 7
1 0 5 5 5 2 5 1 0 0 1 3 1 0 0 5 -1 -1 -1 -1 -1 -1 -1 684321 4 10 40 27 27 3 0 7
1 0 1 1 2 1 1 1 0 0 1 3 320 0 0 4 -1 -1 -1 -1 -1 -1 -1 684687 0 10 40 27 27 3 0 7
1 0 1 1 4 1 1 1 0 0 1 3 304 -3 0 4 4 6 3 3 0 1 0 685054 0 10 40 27 27 3 0 7
1 0 1 2 1 1 1 1 0 0 1 3 275 0 0 3 -1 -1 -1 -1 -1 -1 -1 685420 0 10 40 27 27 8 0 7
1 0 5 2 5 5 1 5 0 0 1 3 271 0 0 3 -1 -1 -1 -1 -1 -1 -1 685787 4 10 40 27 27 5 0 7
1 0 1 2 1 1 1 1 0 0 1 3 271 0 0 3 -1 -1 -1 -1 -1 -1 -1 686154 0 10 40 28 28 5 0 7
1 0 2 3 1 1 1 1 0 0 1 3 226 -1 0 2 3 6 4 3 1 1 1 686520 0 10 40 28 28 5 0 7
1 0 2 1 1 1 1 1 0 0 1 3 225 -1 0 2 -1 -1 -1 -1 -1 -1 -1 686853 0 10 40 28 28 5 0 7
5 0 2 5 5 1 1 5 0 0 1 3 225 0 0 2 -1 -1 -1 -1 -1 -1 -1 687220 4 10 40 28 28 5 2 7
1 0 1 2 1 1 1 1 0 0 1 3 256 1 0 3 -1 -1 -1 -1 -1 -1 -1 687587 0 10 40 28 28 5 2 7
1 0 1 4 1 1 1 1 0 0 1 3 277 1 0 3 3 6 4 0 0 1 0 687953 0 10 40 28 28 5 2 7
1 0 1 1 2 1 1 1 0 0 1 3 298 1 0 4 -1 -1 -1 -1 -1 -1 -1 688286 0 10 40 28 28 5 2 7
1 0 5 5 2 5 5 1 0 0 1 3 311 0 0 4 -1 -1 -1 -1 -1 -1 -1 688653 4 10 40 28 28 0 3 7
1 0 1 1 2 1 1 1 0 0 1 3 312 0 0 4 -1 -1 -1 -1 -1 -1 -1 689020 0 10 40 28 28 0 3 7
1 0 1 1 4 1 1 1 0 0 1 3 303 -1 0 4 4 6 4 1 0 1 1 689386 0 10 40 26 26 0 3 7
1 0 1 1 2 1 1 1 0 0 1 3 295 0 0 4 -1 -1 -1 -1 -1 -1 -1 689753 0 10 40 26 26 0 3 7
5 0 5 2 1 5 5 1 0 0 1 3 290 -1 0 3 -1 -1 -1 -1 -1 -1 -1 690153 4 10 40 26 26 3 0 7
1 0 1 2 1 1 1 1 0 0 1 3 281 0 0 3 -1 -1 -1 -1 -1 -1 -1 690519 0 10 40 26 26 3 0 7
1 0 1 3 2 1 1 1 0 0 1 3 307 2 0 4 3 6 3 4 1 1 1 690919 0 10 40 27 27 3 0 7
1 0 1 1 1 2 1 1 0 0 1 3 344 1 30 5 -1 -1 -1 -1 -1 -1 -1 691286 0 10 40 27 27 3 0 7
1 0 5 5 5 2 1 5 0 0 1 3 360 0 0 5 -1 -1 -1 -1 -1 -1 -1 691652 4 10 40 27 27 8 0 7
1 0 1 2 1 1 1 1 0 0 1 3 286 -2 75 3 -1 -1 -1 -1 -1 -1 -1 692019 0 10 40 27 27 5 0 7
1 0 4 1 1 1 1 1 0 0 1 3 241 -1 0 2 2 6 4 1 0 1 0 692385 0 10 40 27 27 5 0 7
1 0 1 1 2 1 1 1 0 0 1 3 295 0 0 4 -1 -1 -1 -1 -1 -1 -1 692752 0 10 40 27 27 5 0 7
5 0 5 5 2 5 1 1 0 0 1 3 306 0 0 4 -1 -1 -1 -1 -1 -1 -1 693119 4 10 40 27 27 5 0 7
1 0 1 2 1 1 1 1 0 0 1 3 286 -1 0 3 -1 -1 -1 -1 -1 -1 -1 693485 0 10 40 27 27 5 2 7
1 0 4 1 1 1 1 1 0 0 1 3 231 0 0 2 2 6 4 2 0 1 0 693852 0 10 40 27 27 5 2 7
1 0 1 2 1 1 1 1 0 0 1 3 269 1 0 3 -1 -1 -1 -1 -1 -1 -1 694252 0 10 40 27 27 5 2 7
1 1 5 2 5 1 5 5 0 0 1 3 270 0 0 3 -1 -1 -1 -1 -1 -1 -1 694618 4 10 40 27 27 5 2 8
1 1 2 1 1 1 1 1 0 0 1 3 244 0 0 2 -1 -1 -1 -1 -1 -1 -1 694985 0 10 40 27 27 0 3 8
1 1 3 1 1 1 1 1 0 0 1 3 238 -1 0 2 2 6 3 4 1 1 0 695351 0 10 40 27 27 0 3 8
1 2 1 1 1 1 1 1 0 0 1 3 193 -1 0 1 -1 -1 -1 -1 -1 -1 -1 695718 0 10 40 26 26 0 3 8
1 2 5 5 1 5 5 1 0 0 1 3 179 0 0 1 -1 -1 -1 -1 -1 -1 -1 696118 4 10 40 26 26 0 3 8
1 2 1 1 1 1 1 1 0 0 1 3 179 0 0 1 -1 -1 -1 -1 -1 -1 -1 696484 0 10 40 26 26 3 0 8
1 4 1 1 1 1 1 1 0 0 1 3 179 0 0 1 1 6 4 0 0 1 0 696884 0 10 40 26 26 3 0 8
1 1 2 1 1 1 1 1 0 0 1 3 209 1 0 2 -1 -1 -1 -1 -1 -1 -1 697251 0 10 40 26 26 3 0 8
5 2 1 1 5 5 5 1 0 0 1 3 200 -1 0 1 -1 -1 -1 -1 -1 -1 -1 697651 4 10 40 26 26 3 0 8
1 2 1 1 1 1 1 1 0 0 1 3 184 0 0 1 -1 -1 -1 -1 -1 -1 -1 698051 0 10 40 26 26 8 0 8
1 4 1 1 1 1 1 1 0 0 1 3 184 0 0 1 1 6 4 3 0 1 0 698417 0 10 40 26 26 5 0 8
1 1 2 1 1 1 1 1 0 0 1 3 208 0 0 2 -1 -1 -1 -1 -1 -1 -1 698817 0 10 40 26 26 5 0 8
5 2 1 5 1 5 5 1 0 0 1 3 184 -1 0 1 -1 -1 -1 -1 -1 -1 -1 699184 4 10 40 26 26 5 0 8
1 2 1 1 1 1 1 1 0 0 1 3 174 0 0 1 -1 -1 -1 -1 -1 -1 -1 699584 0 10 40 27 26 5 0 8
3 1 1 1 1 1 1 1 0 0 1 3 152 -1 0 0 0 6 3 4 1 1 1 699950 0 10 40 27 27 5 2 8
2 1 1 1 1 1 1 1 0 0 1 3 135 0 0 0 -1 -1 -1 -1 -1 -1 -1 700317 0 10 40 27 27 5 2 8
2 5 1 5 1 1 5 5 0 0 1 3 135 0 0 0 -1 -1 -1 -1 -1 -1 -1 700683 4 10 40 27 27 5 2 8
2 1 1 1 1 1 1 1 0 0 1 3 135 0 0 0 -1 -1 -1 -1 -1 -1 -1 701050 0 10 40 27 27 5 2 8
3 1 1 1 1 1 1 1 0 0 1 3 135 0 0 0 0 6 0 4 1 1 0 701417 0 10 40 27 27 0 3 8
1 2 1 1 1 1 1 1 0 0 1 3 158 0 0 1 -1 -1 -1 -1 -1 -1 -1 701816 0 10 40 26 26 0 3 8
2 1 1 5 5 5 1 5 0 0 1 3 153 -2 0 0 -1 -1 -1 -1 -1 -1 -1 702183 4 10 40 26 26 0 3 8
2 1 1 1 1 1 1 1 0 0 1 3 124 0 0 0 -1 -1 -1 -1 -1 -1 -1 702583 0 10 40 26 26 0 3 8
2 1 1 1 1 1 1 3 0 0 1 3 116 0 0 0 7 6 3 4 1 1 1 702949 0 10 40 27 27 3 0 8
0 0 0 1 1 2 1 1 1 0 2 4 0 0 0 5 -1 -1 -1 -1 -1 -1 -1 918364 0 10 40 27 60 2 0 5
0 0 0 1 1 2 1 1 1 0 2 4 0 0 0 5 -1 -1 -1 -1 -1 -1 -1 918530 0 10 40 27 60 2 0 5
0 0 0 1 1 2 1 1 1 0 2 4 0 0 0 5 -1 -1 -1 -1 -1 -1 -1 918730 0 10 40 27 37.56 2 0 5
0 0 0 1 1 2 1 1 1 0 2 4 0 0 0 5 -1 -1 -1 -1 -1 -1 -1 919097 0 10 40 27 27 2 0 5
0 0 0 1 1 2 1 1 1 0 2 4 0 0 0 5 -1 -1 -1 -1 -1 -1 -1 919463 0 10 40 27 27 3 0 5
0 0 0 1 1 2 1 1 1 0 2 4 0 0 0 5 -1 -1 -1 -1 -1 -1 -1 919830 0 10 40 27 27 3 0 5
0 0 0 1 1 2 1 1 1 0 2 4 0 0 0 5 -1 -1 -1 -1 -1 -1 -1 920196 0 10 40 27 27 3 0 5
0 0 0 1 1 2 1 1 1 0 2 4 0 0 0 5 -1 -1 -1 -1 -1 -1 -1 920563 0 10 40 27 27 3 0 5
0 0 0 1 1 2 1 1 1 0 2 4 0 0 0 5 -1 -1 -1 -1 -1 -1 -1 920963 0 10 40 27 27 3 0 5
0 0 0 1 1 1 2 1 1 0 2 4 33 0 0 6 -1 -1 -1 -1 -1 -1 -1 921329 0 10 40 27 27 3 0 5
0 0 0 1 1 1 4 1 1 0 2 4 44 0 0 6 6 5 5 0 0 1 0 921696 0 10 40 27 27 3 0 5
0 0 0 1 1 1 2 1 1 0 2 4 33 0 0 6 -1 -1 -1 -1 -1 -1 -1 922063 0 10 40 27 27 3 0 5
0 0 0 1 1 2 1 5 1 0 2 4 21 0 0 5 -1 -1 -1 -1 -1 -1 -1 922429 1 10 40 27 27 3 0 5
0 0 0 1 1 2 1 1 1 0 2 4 0 0 0 5 -1 -1 -1 -1 -1 -1 -1 922796 0 10 40 27 27 3 0 5
0 0 0 1 1 4 1 1 1 0 2 4 0 0 0 5 5 5 5 1 0 1 0 923162 0 10 40 27 27 3 0 5
0 0 0 1 1 2 1 1 1 0 2 4 -2 0 0 5 -1 -1 -1 -1 -1 -1 -1 923529 0 10 40 27 27 3 0 5
0 0 0 1 1 2 1 5 1 0 2 4 6 1 0 5 -1 -1 -1 -1 -1 -1 -1 923896 1 10 40 27 27 8 0 5
0 0 0 1 1 1 2 1 1 0 2 4 40 0 0 6 -1 -1 -1 -1 -1 -1 -1 924295 0 10 40 27 27 2 0 5
0 0 0 1 1 1 4 1 1 0 2 4 41 0 0 6 6 5 5 3 0 1 0 924662 0 10 40 27 27 2 0 5
0 0 0 1 1 1 2 1 1 0 2 4 28 0 0 6 -1 -1 -1 -1 -1 -1 -1 925029 0 10 40 27 27 2 0 5
0 0 0 5 1 2 1 1 1 0 2 4 18 0 0 5 -1 -1 -1 -1 -1 -1 -1 925395 1 10 40 27 27 2 0 5
0 0 0 1 1 2 1 1 1 0 2 4 6 0 0 5 -1 -1 -1 -1 -1 -1 -1 925762 0 10 40 27 27 3 0 5
0 0 0 1 1 4 1 1 1 0 2 4 0 0 0 5 5 5 5 0 0 1 0 926128 0 10 40 27 27 3 0 5
0 0 0 1 1 2 1 1 1 0 2 4 19 0 0 5 -1 -1 -1 -1 -1 -1 -1 926495 0 10 40 27 27 3 0 5
0 0 0 1 5 1 2 1 1 0 2 4 30 0 0 6 -1 -1 -1 -1 -1 -1 -1 926861 1 10 40 27 27 3 0 5
0 0 0 1 1 2 1 1 1 0 2 4 11 0 0 5 -1 -1 -1 -1 -1 -1 -1 927228 0 10 40 27 27 3 0 5
0 0 0 1 1 4 1 1 1 0 2 4 2 0 0 5 5 5 5 3 0 1 0 927595 0 10 40 27 27 3 0 5
0 0 0 1 1 2 1 1 1 0 2 4 0 0 0 5 -1 -1 -1 -1 -1 -1 -1 927995 0 10 40 27 27 3 0 5
0 0 0 5 1 2 1 1 1 0 2 4 11 0 0 5 -1 -1 -1 -1 -1 -1 -1 928361 1 10 40 27 27 3 0 5
0 0 0 1 1 2 1 1 1 0 2 4 352 -1 34 5 -1 -1 -1 -1 -1 -1 -1 928728 0 10 40 27 27 3 0 5
0 0 0 1 3 2 1 1 1 0 2 4 350 0 0 5 4 5 5 1 1 1 1 929094 0 10 40 28 28 3 0 5
0 0 0 1 1 2 1 1 1 0 2 4 338 0 0 5 -1 -1 -1 -1 -1 -1 -1 929461 0 10 40 28 28 3 0 5
0 0 0 5 1 2 1 1 1 0 2 4 343 1 0 5 -1 -1 -1 -1 -1 -1 -1 929794 1 10 40 28 28 3 0 5
0 0 0 1 1 2 1 1 1 0 2 4 351 0 0 5 -1 -1 -1 -1 -1 -1 -1 930161 0 10 40 28 28 8 0 5
0 0 0 1 1 4 1 1 1 0 2 4 367 2 0 5 5 5 5 2 0 1 0 930527 0 10 40 28 28 2 0 5
0 0 0 1 1 1 2 1 1 0 2 4 46 1 0 6 -1 -1 -1 -1 -1 -1 -1 930860 0 10 40 28 28 2 0 5
0 0 0 1 1 5 2 1 1 0 2 4 44 0 0 6 -1 -1 -1 -1 -1 -1 -1 931227 1 10 40 28 28 2 0 5
0 0 0 1 1 1 2 1 1 0 2 4 25 0 0 6 -1 -1 -1 -1 -1 -1 -1 931594 0 10 40 28 28 2 0 5
0 0 0 1 1 4 1 1 1 0 2 4 19 -1 0 5 5 5 5 3 0 1 1 931960 0 10 40 27 27 3 0 5
0 0 0 1 1 2 1 1 1 0 2 4 -4 0 0 5 -1 -1 -1 -1 -1 -1 -1 932327 0 10 40 27 27 3 0 5
0 0 0 1 1 2 5 1 1 0 2 4 -16 0 0 5 -1 -1 -1 -1 -1 -1 -1 932693 1 10 40 27 27 3 0 5
0 0 0 1 1 2 1 1 1 0 2 4 -16 0 0 5 -1 -1 -1 -1 -1 -1 -1 933060 0 10 40 28 28 3 0 5
0 0 0 1 1 3 1 1 1 0 2 4 -6 1 0 5 5 5 5 3 1 1 1 933427 0 10 40 28 28 3 0 5
0 0 0 1 1 2 1 1 1 0 2 4 19 0 0 5 -1 -1 -1 -1 -1 -1 -1 933760 0 10 40 28 28 3 0 5
0 0 0 1 5 2 1 1 1 0 2 4 9 -1 0 5 -1 -1 -1 -1 -1 -1 -1 934126 1 10 40 28 28 3 0 5
0 0 0 1 1 2 1 1 1 0 2 4 3 0 0 5 -1 -1 -1 -1 -1 -1 -1 934493 0 10 40 28 28 3 0 5
0 0 0 1 1 4 1 1 1 0 2 4 3 0 0 5 5 5 5 0 0 1 0 934826 0 10 40 28 28 3 0 5
0 0 0 1 1 2 1 1 1 0 2 4 3 0 0 5 -1 -1 -1 -1 -1 -1 -1 935193 0 10 40 28 28 3 0 5
0 0 0 1 1 2 1 1 1 0 2 4 3 0 0 5 -1 -1 -1 -1 -1 -1 -1 935559 0 10 40 28 28 3 0 5
0 0 0 1 1 2 1 1 1 0 2 4 3 0 0 5 -1 -1 -1 -1 -1 -1 -1 935926 0 10 40 28 28 3 0 5
0 0 0 1 4 2 1 1 1 0 2 4 3 0 0 5 4 5 5 3 0 1 1 936293 0 10 40 27 27 8 0 5
0 0 0 1 1 2 1 1 1 0 2 4 -2 -1 0 5 -1 -1 -1 -1 -1 -1 -1 936659 0 10 40 27 27 2 0 5
0 0 0 2 1 1 1 1 1 0 2 4 274 -4 120 3 -1 -1 -1 -1 -1 -1 -1 937026 0 10 40 27 27 2 0 5
0 0 0 2 1 1 1 1 1 0 2 4 270 -1 0 3 -1 -1 -1 -1 -1 -1 -1 937392 0 10 40 27 27 2 0 5
0 0 0 4 1 1 1 1 1 0 2 4 270 -1 0 3 3 5 5 2 0 1 0 937759 0 10 40 27 27 2 0 5
0 0 0 2 1 1 1 1 1 0 2 4 276 0 0 3 -1 -1 -1 -1 -1 -1 -1 938125 0 10 40 27 27 3 0 5
0 0 0 1 2 1 1 1 1 0 2 4 308 1 35 4 -1 -1 -1 -1 -1 -1 -1 938492 0 10 40 27 27 3 0 5
0 0 0 1 2 1 1 1 1 0 2 4 309 0 0 4 -1 -1 -1 -1 -1 -1 -1 938859 0 10 40 27 27 3 0 5
0 0 0 1 4 1 1 1 1 0 2 4 309 0 0 4 4 5 5 1 0 1 0 939225 0 10 40 27 27 3 0 5
0 0 0 1 2 1 1 1 1 0 2 4 309 0 0 4 -1 -1 -1 -1 -1 -1 -1 939625 0 10 40 27 27 3 0 5
0 0 0 1 2 1 1 1 1 0 2 4 309 0 0 4 -1 -1 -1 -1 -1 -1 -1 939992 0 10 40 27 27 3 0 5
0 0 0 1 2 1 1 1 1 0 2 4 309 0 0 4 -1 -1 -1 -1 -1 -1 -1 940358 0 10 40 28 28 3 0 5
0 0 0 1 3 1 1 1 1 0 2 4 309 0 0 4 4 5 5 0 1 1 1 940691 0 10 40 28 28 3 0 5
0 0 0 1 2 1 1 1 1 0 2 4 309 0 0 4 -1 -1 -1 -1 -1 -1 -1 941058 0 10 40 28 28 3 0 5
0 0 0 1 2 1 1 1 1 0 2 4 309 0 0 4 -1 -1 -1 -1 -1 -1 -1 941425 0 10 40 28 28 3 0 5
0 0 0 1 1 2 1 1 2 0 3 4 0 0 0 5 -1 -1 -1 -1 -1 -1 -1 974816 0 10 40 26 60 2 2 5
0 0 0 1 1 2 1 1 2 0 3 4 0 0 0 5 -1 -1 -1 -1 -1 -1 -1 974983 0 10 40 26 60 2 2 5
0 0 0 1 1 2 1 1 2 0 3 4 0 0 0 5 -1 -1 -1 -1 -1 -1 -1 975183 0 10 40 26 38.9956 2 2 5
0 0 0 1 1 2 1 1 2 0 3 4 0 0 0 5 -1 -1 -1 -1 -1 -1 -1 975550 0 10 40 26 26 2 2 5
0 0 0 1 1 2 1 1 2 0 3 4 0 0 0 5 -1 -1 -1 -1 -1 -1 -1 975916 0 10 40 26 26 7 0 5
0 0 0 1 1 2 1 1 2 0 3 4 0 0 0 5 -1 -1 -1 -1 -1 -1 -1 976316 0 10 40 26 26 7 0 5
0 0 0 1 1 2 1 1 2 0 3 4 0 0 0 5 -1 -1 -1 -1 -1 -1 -1 976683 0 10 40 26 26 7 0 5
0 0 0 1 1 2 1 1 2 0 3 4 0 0 0 5 -1 -1 -1 -1 -1 -1 -1 977083 0 10 40 26 26 7 0 5
0 0 0 1 1 2 1 1 2 0 3 4 0 0 0 5 -1 -1 -1 -1 -1 -1 -1 977482 0 10 40 26 26 2 1 5
0 0 0 1 1 2 1 1 2 0 3 4 0 0 0 5 -1 -1 -1 -1 -1 -1 -1 977849 0 10 40 26 26 2 1 5
0 0 0 1 1 4 1 1 2 0 3 4 0 0 0 5 5 0 0 0 0 1 0 978249 0 10 40 26 26 2 1 5
0 0 0 1 1 1 2 1 2 0 3 4 28 0 0 6 -1 -1 -1 -1 -1 -1 -1 978615 0 10 40 26 26 2 1 5
0 0 0 1 5 1 2 1 2 0 3 4 36 0 0 6 -1 -1 -1 -1 -1 -1 -1 979015 1 10 40 26 26 4 1 5
0 0 0 1 1 1 2 1 2 0 3 4 41 0 0 6 -1 -1 -1 -1 -1 -1 -1 979382 0 10 40 26 26 4 1 5
0 0 0 1 1 1 4 1 2 0 3 4 44 0 0 6 6 2 2 2 0 1 0 979782 0 10 40 26 26 4 1 5
0 0 0 1 1 1 2 1 2 0 3 4 60 0 0 6 -1 -1 -1 -1 -1 -1 -1 980148 0 10 40 26 26 4 1 5
0 0 0 1 1 5 2 1 2 0 3 4 58 0 0 6 -1 -1 -1 -1 -1 -1 -1 980548 1 10 40 26 26 8 0 5
0 0 0 1 1 1 2 1 2 0 3 4 34 -2 0 6 -1 -1 -1 -1 -1 -1 -1 980915 0 10 40 26 26 2 2 5
0 0 0 1 1 4 1 1 2 0 3 4 -5 0 0 5 5 1 1 1 0 1 0 981315 0 10 40 26 26 2 2 5
0 0 0 1 1 2 1 1 2 0 3 4 -14 0 0 5 -1 -1 -1 -1 -1 -1 -1 981681 0 10 40 26 26 2 2 5
0 0 0 1 1 2 1 5 2 0 3 4 -6 0 0 5 -1 -1 -1 -1 -1 -1 -1 982081 1 10 40 26 26 2 2 5
0 0 0 1 1 2 1 1 2 0 3 4 1 0 0 5 -1 -1 -1 -1 -1 -1 -1 982481 0 10 40 26 26 7 0 5
0 0 0 1 1 4 1 1 2 0 3 4 7 0 0 5 5 3 3 3 0 1 0 982848 0 10 40 26 26 7 0 5
0 0 0 1 1 2 1 1 2 0 3 4 20 0 0 5 -1 -1 -1 -1 -1 -1 -1 983248 0 10 40 26 26 7 0 5
0 0 0 5 1 1 2 1 2 0 3 4 39 0 0 6 -1 -1 -1 -1 -1 -1 -1 983614 1 10 40 26 26 7 0 5
0 0 0 1 1 1 2 1 2 0 3 4 49 0 0 6 -1 -1 -1 -1 -1 -1 -1 984014 0 10 40 26 26 2 1 5
0 0 0 1 1 1 4 1 2 0 3 4 47 0 0 6 6 2 2 2 0 1 0 984381 0 10 40 26 26 2 1 5
0 0 0 1 1 2 1 1 2 0 3 4 16 -1 0 5 -1 -1 -1 -1 -1 -1 -1 984781 0 10 40 26 26 2 1 5
0 0 0 1 1 2 5 1 2 0 3 4 -5 0 0 5 -1 -1 -1 -1 -1 -1 -1 985147 1 10 40 26 26 2 1 5
0 0 0 1 1 1 2 1 2 0 3 4 32 0 29 6 -1 -1 -1 -1 -1 -1 -1 985547 0 10 40 26 26 4 1 5
0 0 0 1 1 1 4 1 2 0 3 4 35 0 0 6 6 1 1 1 0 1 0 985914 0 10 40 26 26 4 1 5
0 0 0 1 1 1 2 1 2 0 3 4 55 0 0 6 -1 -1 -1 -1 -1 -1 -1 986314 0 10 40 26 26 4 1 5
0 0 0 1 5 1 2 1 2 0 3 4 40 -2 0 6 -1 -1 -1 -1 -1 -1 -1 986680 1 10 40 26 26 4 1 5
0 0 0 1 1 1 2 1 2 0 3 4 31 0 0 6 -1 -1 -1 -1 -1 -1 -1 987080 0 10 40 26 26 8 0 5
0 0 0 1 1 4 2 1 2 0 3 4 26 0 0 6 5 2 2 2 0 1 1 987480 0 10 40 25 25 2 2 5
0 0 0 1 1 2 1 1 2 0 3 4 2 0 0 5 -1 -1 -1 -1 -1 -1 -1 987880 0 10 40 25 25 2 2 5
0 0 0 1 1 2 5 1 2 0 3 4 14 2 0 5 -1 -1 -1 -1 -1 -1 -1 988280 1 10 40 25 25 2 2 5
0 0 0 1 1 1 2 1 2 0 3 4 23 0 0 6 -1 -1 -1 -1 -1 -1 -1 988680 0 10 40 26 26 2 2 5
0 0 0 1 1 1 3 1 2 0 3 4 32 0 0 6 6 3 3 3 1 1 1 989046 0 10 40 26 26 7 0 5
0 0 0 1 1 1 2 1 2 0 3 4 44 0 0 6 -1 -1 -1 -1 -1 -1 -1 989446 0 10 40 26 26 7 0 5
0 0 0 1 5 1 2 1 2 0 3 4 49 0 0 6 -1 -1 -1 -1 -1 -1 -1 989813 1 10 40 26 26 7 0 5
0 0 0 1 1 1 2 1 2 0 3 4 49 0 0 6 -1 -1 -1 -1 -1 -1 -1 990213 0 10 40 27 27 7 0 5
0 0 0 1 1 1 3 1 2 0 3 4 49 0 0 6 6 2 2 2 1 1 1 990579 0 10 40 27 27 2 1 5
0 0 0 1 1 1 2 1 2 0 3 4 28 0 0 6 -1 -1 -1 -1 -1 -1 -1 990946 0 10 40 27 27 2 1 5
0 0 0 1 1 1 2 5 2 0 3 4 25 1 0 6 -1 -1 -1 -1 -1 -1 -1 991312 1 10 40 27 27 2 1 5
0 0 0 1 1 1 2 1 2 0 3 4 37 1 0 6 -1 -1 -1 -1 -1 -1 -1 991679 0 10 40 27 27 2 1 5
0 0 0 1 1 2 3 1 2 0 3 4 24 -1 0 5 6 1 1 1 1 1 1 992046 0 10 40 28 28 4 1 5
0 0 0 1 1 2 1 1 2 0 3 4 -19 -1 0 5 -1 -1 -1 -1 -1 -1 -1 992412 0 10 40 28 28 4 1 5
0 0 0 1 1 2 5 1 2 0 3 4 -20 1 0 5 -1 -1 -1 -1 -1 -1 -1 992745 1 10 40 28 28 4 1 5
0 0 0 1 1 1 2 1 2 0 3 4 39 1 0 6 -1 -1 -1 -1 -1 -1 -1 993112 0 10 40 28 28 4 1 5
0 0 0 1 1 1 4 1 2 0 3 4 42 0 0 6 6 0 0 0 0 1 0 993479 0 10 40 28 28 8 0 5
0 0 0 1 1 1 2 1 2 0 3 4 51 0 0 6 -1 -1 -1 -1 -1 -1 -1 993812 0 10 40 28 28 2 2 5
0 0 0 1 5 1 1 2 2 0 3 4 72 1 36 7 -1 -1 -1 -1 -1 -1 -1 994178 1 10 40 28 28 2 2 5
0 0 0 1 1 1 1 2 2 0 3 4 74 0 0 7 -1 -1 -1 -1 -1 -1 -1 994545 0 10 40 26 26 2 2 5
0 0 0 1 1 1 1 4 2 0 3 4 74 0 0 7 7 2 2 2 0 1 1 994912 0 10 40 26 26 2 2 5
0 0 0 1 1 1 2 1 2 0 3 4 41 0 0 6 -1 -1 -1 -1 -1 -1 -1 995311 0 10 40 26 26 7 0 5
0 0 0 1 1 1 2 5 2 0 3 4 53 1 0 6 -1 -1 -1 -1 -1 -1 -1 995678 1 10 40 26 26 7 0 5
0 0 0 1 1 1 1 2 2 0 3 4 78 1 0 7 -1 -1 -1 -1 -1 -1 -1 996078 0 10 40 26 26 7 0 5
0 0 0 1 1 1 1 4 2 0 3 4 83 0 0 7 7 1 1 1 0 1 0 996478 0 10 40 26 26 7 0 5
0 0 0 1 1 1 2 1 2 0 3 4 61 0 0 6 -1 -1 -1 -1 -1 -1 -1 996844 0 10 40 26 26 2 1 5
0 0 0 1 5 1 1 2 2 0 3 4 80 0 22 7 -1 -1 -1 -1 -1 -1 -1 997244 1 10 40 26 26 2 1 5
0 0 0 1 1 2 1 1 3 0 3 4 0 -2 0 5 -1 -1 -1 -1 -1 -1 -1 1157772 0 10 40 26 60 2 1 5
0 0 0 1 1 2 1 1 3 0 3 4 0 -2 0 5 -1 -1 -1 -1 -1 -1 -1 1157938 0 10 40 26 60 2 1 5
0 0 0 1 1 2 1 1 3 0 3 4 0 -2 0 5 -1 -1 -1 -1 -1 -1 -1 1158138 0 10 40 26 38.9956 2 1 5
0 0 0 1 1 2 1 1 3 0 3 4 0 -2 0 5 -1 -1 -1 -1 -1 -1 -1 1158505 0 10 40 26 26 2 1 5
0 0 0 1 1 2 1 1 3 0 3 4 0 -2 0 5 -1 -1 -1 -1 -1 -1 -1 1158872 0 10 40 26 26 3 2 5
0 0 0 1 1 2 1 1 3 0 3 4 0 -2 0 5 -1 -1 -1 -1 -1 -1 -1 1159271 0 10 40 26 26 3 2 5
0 0 0 1 1 2 1 1 3 0 3 4 0 -2 0 5 -1 -1 -1 -1 -1 -1 -1 1159638 0 10 40 26 26 3 2 5
0 0 0 1 1 2 1 1 3 0 3 4 0 -2 0 5 -1 -1 -1 -1 -1 -1 -1 1160038 0 10 40 26 26 3 2 5
0 0 0 1 1 2 1 1 3 0 3 4 0 -2 0 5 -1 -1 -1 -1 -1 -1 -1 1160438 0 10 40 26 26 3 1 5
0 0 0 1 1 2 1 1 3 0 3 4 -14 -3 0 5 -1 -1 -1 -1 -1 -1 -1 1160804 0 10 40 26 26 3 1 5
0 0 0 1 4 1 1 1 3 0 3 4 -55 0 0 4 4 0 0 0 0 1 0 1161204 0 10 40 26 26 3 1 5
0 0 0 1 2 1 1 1 3 0 3 4 -48 0 0 4 -1 -1 -1 -1 -1 -1 -1 1161571 0 10 40 26 26 3 1 5
0 0 0 5 2 5 1 1 3 0 3 4 -43 0 0 4 -1 -1 -1 -1 -1 -1 -1 1161971 2 10 40 26 26 6 2 5
0 0 0 1 2 1 1 1 3 0 3 4 -42 0 0 4 -1 -1 -1 -1 -1 -1 -1 1162337 0 10 40 26 26 6 2 5
0 0 0 1 4 1 1 1 3 0 3 4 -42 0 0 4 4 1 1 1 0 1 0 1162737 0 10 40 26 26 6 2 5
0 0 0 1 2 1 1 1 3 0 3 4 -61 0 0 4 -1 -1 -1 -1 -1 -1 -1 1163104 0 10 40 26 26 6 2 5
0 0 0 2 1 5 5 1 3 0 3 4 289 1 50 3 -1 -1 -1 -1 -1 -1 -1 1163504 2 10 40 26 26 8 0 5
0 0 0 1 2 1 1 1 3 0 3 4 292 0 0 4 -1 -1 -1 -1 -1 -1 -1 1163870 0 10 40 26 26 2 1 5
0 0 0 4 1 1 1 1 3 0 3 4 270 0 0 3 3 0 0 0 0 1 0 1164270 0 10 40 26 26 2 1 5
0 0 0 1 2 1 1 1 3 0 3 4 296 1 0 4 -1 -1 -1 -1 -1 -1 -1 1164637 0 10 40 26 26 2 1 5
0 0 0 5 2 1 5 1 3 0 3 4 321 0 0 4 -1 -1 -1 -1 -1 -1 -1 1165037 2 10 40 26 26 2 1 5
0 0 0 2 1 1 1 1 3 0 3 4 274 0 0 3 -1 -1 -1 -1 -1 -1 -1 1165403 0 10 40 26 26 3 2 5
0 0 0 4 1 1 1 1 3 0 3 4 283 1 0 3 3 0 0 0 0 1 0 1165803 0 10 40 26 26 3 2 5
0 0 0 1 2 1 1 1 3 0 3 4 312 1 0 4 -1 -1 -1 -1 -1 -1 -1 1166203 0 10 40 26 26 3 2 5
0 0 0 5 2 1 1 5 3 0 3 4 314 -2 0 4 -1 -1 -1 -1 -1 -1 -1 1166570 2 10 40 26 26 3 2 5
0 0 0 2 1 1 1 1 3 0 3 4 270 0 0 3 -1 -1 -1 -1 -1 -1 -1 1166970 0 10 40 26 26 3 1 5
0 0 0 4 1 1 1 1 3 0 3 4 270 0 0 3 3 2 2 2 0 1 0 1167336 0 10 40 26 26 3 1 5
0 0 0 2 1 1 1 1 3 0 3 4 270 0 0 3 -1 -1 -1 -1 -1 -1 -1 1167736 0 10 40 26 26 3 1 5
0 0 0 2 5 1 1 5 3 0 3 4 270 0 0 3 -1 -1 -1 -1 -1 -1 -1 1168103 2 10 40 26 26 3 1 5
0 0 0 1 2 1 1 1 3 0 3 4 301 1 0 4 -1 -1 -1 -1 -1 -1 -1 1168502 0 10 40 26 26 6 2 5
0 0 0 1 4 1 1 1 3 0 3 4 319 0 0 4 4 3 3 3 0 1 0 1168869 0 10 40 26 26 6 2 5
0 0 0 1 2 1 1 1 3 0 3 4 333 0 0 4 -1 -1 -1 -1 -1 -1 -1 1169269 0 10 40 26 26 6 2 5
0 0 0 5 2 1 1 5 3 0 3 4 326 -1 0 4 -1 -1 -1 -1 -1 -1 -1 1169636 2 10 40 26 26 6 2 5
0 0 0 1 2 1 1 1 3 0 3 4 319 0 0 4 -1 -1 -1 -1 -1 -1 -1 1170035 0 10 40 26 26 8 0 5
0 0 0 3 1 2 1 1 3 0 3 4 341 2 0 5 3 0 0 0 1 1 1 1170402 0 10 40 27 27 2 1 5
0 0 0 1 1 1 2 1 3 0 3 4 22 2 69 6 -1 -1 -1 -1 -1 -1 -1 1170769 0 10 40 27 27 2 1 5
0 0 0 5 5 2 1 1 3 0 3 4 12 -2 0 5 -1 -1 -1 -1 -1 -1 -1 1171135 2 10 40 27 27 2 1 5
0 0 0 1 2 1 1 1 3 0 3 4 335 -1 41 4 -1 -1 -1 -1 -1 -1 -1 1171502 0 10 40 27 27 2 1 5
0 0 0 1 4 1 1 1 3 0 3 4 332 0 0 4 4 1 1 1 0 1 1 1171902 0 10 40 26 26 3 2 5
0 0 0 1 1 2 1 1 3 0 3 4 357 0 0 5 -1 -1 -1 -1 -1 -1 -1 1172268 0 10 40 26 26 3 2 5
0 0 0 0 5 2 5 0 3 0 3 4 356 0 0 5 -1 -1 -1 -1 -1 -1 -1 1172668 2 10 40 26 26 3 2 3
0 0 0 0 2 1 1 0 3 0 3 4 322 0 0 4 -1 -1 -1 -1 -1 -1 -1 1173035 0 10 40 26 26 3 2 3
0 0 0 0 3 1 1 0 3 0 3 4 322 0 0 4 4 2 2 2 1 1 0 1173435 0 10 40 26 26 3 1 3
0 0 0 0 2 1 1 0 3 0 3 4 322 0 0 4 -1 -1 -1 -1 -1 -1 -1 1173835 0 10 40 25 25 3 1 3
0 0 0 0 2 5 5 0 3 0 3 4 322 0 0 4 -1 -1 -1 -1 -1 -1 -1 1174234 2 10 40 25 25 3 1 3
0 0 0 0 2 1 1 0 3 0 3 4 322 0 0 4 -1 -1 -1 -1 -1 -1 -1 1174634 0 10 40 24 24 3 1 3
0 0 0 0 1 4 2 0 3 0 3 4 39 6 223 6 5 0 0 0 0 1 1 1175034 0 10 40 24 24 6 2 3
0 0 0 0 1 1 2 0 3 0 3 4 45 1 0 6 -1 -1 -1 -1 -1 -1 -1 1175467 0 10 40 24 24 6 2 3
0 0 0 0 5 5 2 0 3 0 3 4 45 1 0 6 -1 -1 -1 -1 -1 -1 -1 1175867 2 10 40 25 25 6 2 3
0 0 0 0 1 1 2 0 3 0 3 4 45 1 0 6 -1 -1 -1 -1 -1 -1 -1 1176267 0 10 40 25 25 6 2 3
0 0 0 0 1 3 1 0 3 0 3 4 15 -1 0 5 5 0 0 0 1 1 1 1176667 0 10 40 25 25 8 0 3
0 0 0 0 1 2 1 0 3 0 3 4 8 0 0 5 -1 -1 -1 -1 -1 -1 -1 1177067 0 10 40 25 25 2 1 3
0 0 0 0 5 2 5 0 3 0 3 4 4 0 0 5 -1 -1 -1 -1 -1 -1 -1 1177467 2 10 40 25 25 2 1 3
0 0 0 0 1 2 1 0 3 0 3 4 4 0 0 5 -1 -1 -1 -1 -1 -1 -1 1177867 0 10 40 25 25 2 1 3
0 0 0 0 1 4 1 0 3 0 3 4 4 0 0 5 5 3 3 3 0 1 0 1178267 0 10 40 25 25 2 1 3
0 0 0 0 1 2 1 0 3 0 3 4 4 0 0 5 -1 -1 -1 -1 -1 -1 -1 1178667 0 10 40 25 25 3 2 3
0 0 0 0 5 2 5 0 3 0 3 4 4 0 0 5 -1 -1 -1 -1 -1 -1 -1 1179067 2 10 40 25 25 3 2 3
0 0 0 0 1 2 1 0 3 0 3 4 4 0 0 5 -1 -1 -1 -1 -1 -1 -1 1179466 0 10 40 25 25 3 2 3
0 0 0 0 4 2 1 0 3 0 3 4 -16 -3 0 5 4 1 1 1 0 0 0 1179866 0 10 40 25 25 3 2 3
0 0 0 0 2 1 1 0 3 0 3 4 -43 -2 0 4 -1 -1 -1 -1 -1 -1 -1 1180266 0 10 40 25 25 3 1 3
0 0 0 0 2 5 5 0 3 0 3 4 -38 0 0 4 -1 -1 -1 -1 -1 -1 -1 1180666 2 10 40 25 25 3 1 3
0 0 0 0 2 1 1 0 3 0 3 4 -38 0 0 4 -1 -1 -1 -1 -1 -1 -1 1181066 0 10 40 25 25 3 1 3
0 0 0 0 4 1 1 0 3 0 3 4 -38 0 0 4 4 2 2 2 0 1 0 1181466 0 10 40 25 25 3 1 3
0 0 0 0 2 1 1 0 3 0 3 4 -44 0 0 4 -1 -1 -1 -1 -1 -1 -1 1181866 0 10 40 25 25 6 2 3
0 0 0 0 2 5 5 0 3 0 3 4 -44 0 0 4 -1 -1 -1 -1 -1 -1 -1 1182266 2 10 40 25 25 6 2 3
0 0 0 0 2 1 1 0 3 0 3 4 -44 0 0 4 -1 -1 -1 -1 -1 -1 -1 1182666 0 10 40 26 26 6 2 3
0 0 0 0 3 1 1 0 3 0 3 4 -44 0 0 4 4 0 0 0 1 1 1 1183032 0 10 40 26 26 6 2 3
0 0 0 0 1 1 2 0 3 0 3 4 31 6 195 6 -1 -1 -1 -1 -1 -1 -1 1183432 0 10 40 26 26 8 0 3
0 0 0 0 5 5 2 0 3 0 3 4 45 0 0 6 -1 -1 -1 -1 -1 -1 -1 1183799 2 10 40 26 26 2 1 3
0 0 0 0 1 2 1 0 3 0 3 4 -5 -3 0 5 -1 -1 -1 -1 -1 -1 -1 1184199 0 10 40 26 26 2 1 3
0 0 0 0 4 1 1 0 3 0 3 4 316 -1 47 4 4 2 2 2 0 1 0 1184599 0 10 40 26 26 2 1 3
0 0 0 0 2 1 1 0 3 0 3 4 315 -1 0 4 -1 -1 -1 -1 -1 -1 -1 1184965 0 10 40 26 26 2 1 3
0 0 0 0 2 5 5 0 3 0 3 4 315 -1 0 4 -1 -1 -1 -1 -1 -1 -1 1185365 2 10 40 26 26 3 2 3
0 0 0 0 2 1 1 0 3 0 3 4 315 -1 0 4 -1 -1 -1 -1 -1 -1 -1 1185732 0 10 40 26 26 3 2 3
0 0 0 0 3 1 1 0 3 0 3 4 315 -1 0 4 4 1 1 1 1 1 1 1186132 0 10 40 27 27 3 2 3
0 0 0 0 2 1 1 0 3 0 3 4 315 -1 0 4 -1 -1 -1 -1 -1 -1 -1 1186498 0 10 40 27 27 3 2 3
0 0 0 0 2 5 5 0 3 0 3 4 315 -1 0 4 -1 -1 -1 -1 -1 -1 -1 1186865 2 10 40 27 27 3 1 3
0 0 0 0 2 1 1 0 3 0 3 4 315 -1 0 4 -1 -1 -1 -1 -1 -1 -1 1187231 0 10 40 27 27 3 1 3
0 0 0 0 4 1 1 0 3 0 3 4 315 -1 0 4 4 3 3 3 0 1 0 1187598 0 10 40 27 27 3 1 3
0 0 0 0 1 2 1 0 3 0 3 4 344 0 0 5 -1 -1 -1 -1 -1 -1 -1 1187964 0 10 40 27 27 3 1 3
0 0 0 1 1 2 5 5 3 0 3 4 345 0 0 5 -1 -1 -1 -1 -1 -1 -1 1188331 2 10 40 27 27 6 2 5
0 0 0 1 1 2 1 1 3 0 3 4 349 0 0 5 -1 -1 -1 -1 -1 -1 -1 1188698 0 10 40 27 27 6 2 5
0 0 0 1 1 4 1 1 3 0 3 4 367 2 0 5 5 3 3 3 0 1 0 1189097 0 10 40 27 27 6 2 5
0 0 0 1 1 1 2 1 3 0 3 4 32 1 30 6 -1 -1 -1 -1 -1 -1 -1 1189464 0 10 40 27 27 6 2 5
0 0 0 1 5 1 2 5 3 0 3 4 32 0 0 6 -1 -1 -1 -1 -1 -1 -1 1189831 2 10 40 27 27 8 0 5
0 0 0 1 1 1 2 1 3 0 3 4 32 0 0 6 -1 -1 -1 -1 -1 -1 -1 1190197 0 10 40 27 27 2 1 5
1 1 1 1 1 2 1 1 4 0 0 3 0 0 0 5 -1 -1 -1 -1 -1 -1 -1 1327664 0 10 40 26 60 0 1 8
1 1 1 1 1 2 1 1 4 0 0 3 0 0 0 5 -1 -1 -1 -1 -1 -1 -1 1327830 0 10 40 26 60 0 1 8
1 1 1 1 1 2 1 1 4 0 0 3 0 0 0 5 -1 -1 -1 -1 -1 -1 -1 1328030 0 10 40 26 38.9956 0 1 8
1 1 1 1 1 2 1 1 4 0 0 3 0 0 0 5 -1 -1 -1 -1 -1 -1 -1 1328397 0 10 40 26 26 0 1 8
1 1 1 1 1 2 1 1 4 0 0 3 0 0 0 5 -1 -1 -1 -1 -1 -1 -1 1328763 0 10 40 26 26 4 1 8
1 1 1 1 1 2 1 1 4 0 0 3 0 0 0 5 -1 -1 -1 -1 -1 -1 -1 1329163 0 10 40 26 26 4 1 8
1 1 1 1 1 2 1 1 4 0 0 3 0 0 0 5 -1 -1 -1 -1 -1 -1 -1 1329530 0 10 40 26 26 4 1 8
1 1 1 1 1 2 1 1 4 0 0 3 0 0 0 5 -1 -1 -1 -1 -1 -1 -1 1329930 0 10 40 26 26 4 1 8
1 1 1 1 1 2 1 1 4 0 0 3 0 0 0 5 -1 -1 -1 -1 -1 -1 -1 1330330 0 10 40 26 26 2 2 8
1 1 1 1 1 1 2 1 4 0 0 3 57 0 0 6 -1 -1 -1 -1 -1 -1 -1 1330696 0 10 40 26 26 2 2 8
1 1 1 1 1 1 4 1 4 0 0 3 58 0 0 6 6 2 5 2 0 1 0 1331096 0 10 40 26 26 2 2 8
1 1 1 1 1 1 1 2 4 0 0 3 67 0 0 7 -1 -1 -1 -1 -1 -1 -1 1331463 0 10 40 26 26 2 2 8
5 5 5 1 5 5 5 2 4 0 0 3 75 0 0 7 -1 -1 -1 -1 -1 -1 -1 1331863 6 10 40 26 26 4 1 8
1 1 1 1 1 1 2 1 4 0 0 3 55 -1 0 6 -1 -1 -1 -1 -1 -1 -1 1332229 0 10 40 26 26 4 1 8
1 1 1 1 1 1 4 1 4 0 0 3 43 0 0 6 6 0 5 0 0 1 0 1332629 0 10 40 26 26 4 1 8
1 1 1 1 1 2 1 1 4 0 0 3 -9 -1 0 5 -1 -1 -1 -1 -1 -1 -1 1332996 0 10 40 26 26 4 1 8
5 5 5 5 5 2 5 1 4 0 0 3 4 1 0 5 -1 -1 -1 -1 -1 -1 -1 1333396 6 10 40 26 26 8 0 8
1 1 1 1 1 1 2 1 4 0 0 3 51 1 31 6 -1 -1 -1 -1 -1 -1 -1 1333762 0 10 40 26 26 0 1 8
1 1 1 1 1 1 4 1 4 0 0 3 53 0 0 6 6 1 5 1 0 1 0 1334162 0 10 40 26 26 0 1 8
1 1 1 1 1 1 1 2 4 0 0 3 89 0 0 7 -1 -1 -1 -1 -1 -1 -1 1334529 0 10 40 26 26 0 1 8
5 5 5 1 5 5 5 2 4 0 0 3 84 0 0 7 -1 -1 -1 -1 -1 -1 -1 1334929 6 10 40 26 26 0 1 8
1 1 1 1 1 1 1 2 4 0 0 3 84 0 0 7 -1 -1 -1 -1 -1 -1 -1 1335295 0 10 40 27 27 4 1 8
1 1 1 1 1 1 3 1 4 0 0 3 51 -1 0 6 6 2 5 2 1 1 1 1335695 0 10 40 27 27 4 1 8
1 1 1 1 1 1 2 1 4 0 0 3 41 0 0 6 -1 -1 -1 -1 -1 -1 -1 1336062 0 10 40 27 27 4 1 8
5 5 1 5 5 5 2 5 4 0 0 3 41 0 0 6 -1 -1 -1 -1 -1 -1 -1 1336428 6 10 40 27 27 4 1 8
1 1 1 1 1 1 2 1 4 0 0 3 42 0 0 6 -1 -1 -1 -1 -1 -1 -1 1336795 0 10 40 27 27 2 2 8
1 1 1 1 1 1 4 1 4 0 0 3 43 0 0 6 6 1 5 1 0 1 0 1337161 0 10 40 27 27 2 2 8
1 1 1 1 1 1 1 2 4 0 0 3 70 0 0 7 -1 -1 -1 -1 -1 -1 -1 1337528 0 10 40 27 27 2 2 8
5 5 5 5 5 5 2 1 4 0 0 3 68 -1 0 6 -1 -1 -1 -1 -1 -1 -1 1337894 6 10 40 27 27 2 2 8
1 1 1 1 1 1 2 1 4 0 0 3 47 0 0 6 -1 -1 -1 -1 -1 -1 -1 1338261 0 10 40 27 27 4 1 8
1 1 1 1 1 1 4 1 4 0 0 3 56 0 0 6 6 0 5 0 0 1 0 1338628 0 10 40 27 27 4 1 8
1 2 1 1 1 1 1 1 4 0 0 3 167 6 204 1 -1 -1 -1 -1 -1 -1 -1 1339028 0 10 40 27 27 4 1 8
5 2 1 5 5 5 5 5 4 0 0 3 184 0 0 1 -1 -1 -1 -1 -1 -1 -1 1339394 6 10 40 27 27 4 1 8
1 1 1 1 1 1 1 2 4 0 0 3 77 -4 149 7 -1 -1 -1 -1 -1 -1 -1 1339761 0 10 40 27 27 8 0 8
1 1 1 1 1 3 2 1 4 0 0 3 65 0 0 6 5 2 5 2 1 1 1 1340127 0 10 40 28 28 0 1 8
1 1 1 1 1 1 1 2 4 0 0 3 75 0 0 7 -1 -1 -1 -1 -1 -1 -1 1340461 0 10 40 28 28 0 1 8
5 1 5 5 5 5 5 2 4 0 0 3 92 0 0 7 -1 -1 -1 -1 -1 -1 -1 1340827 6 10 40 28 28 0 1 8
1 1 1 1 1 1 2 1 4 0 0 3 65 -2 0 6 -1 -1 -1 -1 -1 -1 -1 1341194 0 10 40 28 28 0 1 8
1 1 1 1 1 2 4 1 4 0 0 3 24 -4 0 5 6 0 5 0 0 1 0 1341560 0 10 40 28 28 4 1 8
1 1 1 1 2 1 1 1 4 0 0 3 332 -1 39 4 -1 -1 -1 -1 -1 -1 -1 1341893 0 10 40 28 28 4 1 8
1 5 5 2 5 5 5 5 4 0 0 3 288 0 0 3 -1 -1 -1 -1 -1 -1 -1 1342260 6 10 40 28 28 4 1 8
1 1 1 1 2 1 1 1 4 0 0 3 331 3 0 4 -1 -1 -1 -1 -1 -1 -1 1342627 0 10 40 28 28 4 1 8
1 1 1 1 1 4 1 1 4 0 0 3 342 1 0 5 5 3 5 3 0 1 0 1342960 0 10 40 28 28 2 2 8
2 1 1 1 1 1 1 1 4 0 0 3 104 8 253 0 -1 -1 -1 -1 -1 -1 -1 1343326 0 10 40 28 28 2 2 8
1 2 5 5 5 5 5 5 4 0 0 3 166 0 0 1 -1 -1 -1 -1 -1 -1 -1 1343693 6 10 40 28 28 2 2 8
1 1 1 1 1 1 2 1 4 0 0 3 54 -6 198 6 -1 -1 -1 -1 -1 -1 -1 1344060 0 10 40 28 28 2 2 8
1 1 1 1 1 1 4 1 4 0 0 3 36 0 0 6 6 1 5 1 0 1 0 1344393 0 10 40 28 28 4 1 8
1 1 1 1 1 1 2 1 4 0 0 3 38 0 0 6 -1 -1 -1 -1 -1 -1 -1 1344759 0 10 40 28 28 4 1 8
5 1 1 5 1 5 2 5 4 0 0 3 54 0 0 6 -1 -1 -1 -1 -1 -1 -1 1345126 4 10 40 28 28 4 1 8
1 1 1 1 1 2 1 1 4 0 0 3 19 -1 0 5 -1 -1 -1 -1 -1 -1 -1 1345459 0 10 40 28 28 4 1 8
1 1 1 1 1 4 1 1 4 0 0 3 -14 -2 0 5 5 3 5 3 0 1 0 1345826 0 10 40 28 28 8 0 8
1 1 1 1 2 1 1 1 4 0 0 3 -32 0 0 4 -1 -1 -1 -1 -1 -1 -1 1346192 0 10 40 28 28 0 1 8
5 1 5 1 2 5 1 5 4 0 0 3 -37 0 0 4 -1 -1 -1 -1 -1 -1 -1 1346526 4 10 40 28 28 0 1 8
1 1 1 1 2 1 1 1 4 0 0 3 -37 0 0 4 -1 -1 -1 -1 -1 -1 -1 1346892 0 10 40 28.5 28 0 1 8
1 1 1 1 2 1 3 1 4 0 0 3 -46 -1 0 4 6 3 5 3 1 1 1 1347259 0 10 40 28.5 28.5 0 1 8
1 1 1 1 2 1 1 1 4 0 0 3 -58 0 0 4 -1 -1 -1 -1 -1 -1 -1 1347592 0 10 40 28.5 28.5 4 1 8
5 5 1 1 2 5 1 5 4 0 0 3 -49 1 0 4 -1 -1 -1 -1 -1 -1 -1 1347959 4 10 40 28.5 28.5 4 1 8
1 1 1 1 2 1 1 1 4 0 0 3 -39 0 0 4 -1 -1 -1 -1 -1 -1 -1 1348292 0 10 40 28.5 28.5 4 1 8
1 1 1 1 2 3 1 1 4 0 0 3 -39 0 0 4 5 1 5 1 1 1 1 1348658 0 10 40 29 29 4 1 8
1 1 1 1 2 1 1 1 4 0 0 3 -39 0 0 4 -1 -1 -1 -1 -1 -1 -1 1348992 0 10 40 29 29 2 2 8
1 5 1 5 2 5 1 5 4 0 0 3 -39 0 0 4 -1 -1 -1 -1 -1 -1 -1 1349325 4 10 40 29 29 2 2 8
1 1 1 1 2 1 1 1 4 0 0 3 -39 0 0 4 -1 -1 -1 -1 -1 -1 -1 1349692 0 10 40 29 29 2 2 8
1 1 1 1 4 1 1 1 4 0 0 3 -37 0 0 4 4 0 5 0 0 1 0 1350025 0 10 40 29 29 2 2 8
1 1 1 1 1 1 2 1 4 0 0 3 30 3 117 6 -1 -1 -1 -1 -1 -1 -1 1350358 0 10 40 29 29 4 1 8
5 1 1 5 5 5 2 1 4 0 0 3 48 0 0 6 -1 -1 -1 -1 -1 -1 -1 1350725 4 10 40 29 29 4 1 8
1 1 1 1 2 1 1 1 4 0 0 3 331 -3 100 4 -1 -1 -1 -1 -1 -1 -1 1351058 0 10 40 29 29 4 1 8
1 1 1 4 2 1 1 1 4 0 0 3 297 -2 0 4 3 1 5 4 0 0 0 1351391 0 10 40 29 29 4 1 8
1 1 1 2 1 1 1 1 4 0 0 3 273 0 0 3 -1 -1 -1 -1 -1 -1 -1 1351758 0 10 40 29 29 8 0 8
5 1 1 2 5 5 1 5 4 0 0 3 266 0 0 3 -1 -1 -1 -1 -1 -1 -1 1352091 4 10 40 29 29 0 1 8
1 1 1 2 1 1 1 1 4 0 0 3 265 0 0 3 -1 -1 -1 -1 -1 -1 -1 1352424 0 10 40 29.5 29.5 0 1 8
1 1 1 3 2 1 1 1 4 0 0 3 298 2 84 4 3 1 5 4 1 1 1 1352791 0 10 40 29.5 29.5 0 1 8
1 1 1 1 2 1 1 1 4 0 0 3 323 1 0 4 -1 -1 -1 -1 -1 -1 -1 1353124 0 10 40 29.5 29.5 0 1 8
5 1 5 5 2 1 1 5 4 0 0 3 321 0 0 4 -1 -1 -1 -1 -1 -1 -1 1353457 4 10 40 29.5 29.5 4 1 8
1 1 1 1 2 1 1 1 4 0 0 3 314 0 0 4 -1 -1 -1 -1 -1 -1 -1 1353791 0 10 40 29.5 29.5 4 1 8
1 1 1 1 4 1 1 1 4 0 0 3 297 -2 0 4 4 3 5 3 0 1 0 1354124 0 10 40 29.5 29.5 4 1 8
1 1 1 2 1 1 1 1 4 0 0 3 262 -1 0 3 -1 -1 -1 -1 -1 -1 -1 1354457 0 10 40 29.5 29.5 4 1 8
1 5 1 2 5 5 5 1 4 0 0 3 264 1 0 3 -1 -1 -1 -1 -1 -1 -1 1354824 4 10 40 29.5 29.5 2 2 8
1 1 1 1 2 1 1 1 4 0 0 3 300 1 37 4 -1 -1 -1 -1 -1 -1 -1 1355157 0 10 40 29.5 29.5 2 2 8
1 1 1 1 2 3 1 1 4 0 0 3 295 -1 0 4 5 1 5 1 1 1 1 1355490 0 10 40 30 30 2 2 8
1 1 1 2 1 1 1 1 4 0 0 3 286 0 0 3 -1 -1 -1 -1 -1 -1 -1 1355823 0 10 40 30 30 2 2 8
5 5 1 1 2 1 5 5 4 0 0 3 316 3 0 4 -1 -1 -1 -1 -1 -1 -1 1356157 4 10 40 30 30 4 1 8
1 1 1 1 1 2 1 1 4 0 0 3 343 0 27 5 -1 -1 -1 -1 -1 -1 -1 1356490 0 10 40 30 30 4 1 8
1 1 1 1 1 1 4 1 4 0 0 3 26 1 51 6 6 3 5 3 0 1 0 1356823 0 10 40 30 30 4 1 8
1 1 1 1 1 1 2 1 4 0 0 3 51 0 0 6 -1 -1 -1 -1 -1 -1 -1 1357156 0 10 40 30 30 4 1 8
5 5 5 1 5 1 2 1 4 0 0 3 58 0 0 6 -1 -1 -1 -1 -1 -1 -1 1357490 4 10 40 30 30 8 0 8
1 1 1 1 1 1 2 1 4 0 0 3 48 0 0 6 -1 -1 -1 -1 -1 -1 -1 1357823 0 10 40 30 30 0 1 8
1 1 1 1 1 1 3 1 4 0 0 3 36 -1 0 6 6 3 5 3 1 1 1 1358156 0 10 40 30.5 30.5 0 1 8
1 1 1 1 1 2 1 1 4 0 0 3 0 -1 0 5 -1 -1 -1 -1 -1 -1 -1 1358489 0 10 40 30.5 30.5 0 1 8
5 1 1 5 5 2 5 1 4 0 0 3 0 1 0 5 -1 -1 -1 -1 -1 -1 -1 1358789 4 10 40 30.5 30.5 0 1 8
1 1 1 1 1 1 2 1 4 0 0 3 23 0 0 6 -1 -1 -1 -1 -1 -1 -1 1359123 0 10 40 30.5 30.5 4 1 8
1 1 1 1 1 1 4 1 4 0 0 3 47 0 0 6 6 5 5 0 0 1 0 1359456 0 10 40 30.5 30.5 4 1 8
1 1 1 1 1 1 1 2 4 0 0 3 99 4 146 7 -1 -1 -1 -1 -1 -1 -1 1359789 0 10 40 30.5 30.5 4 1 8
1 1 5 5 5 1 5 2 4 0 0 3 101 -1 0 7 -1 -1 -1 -1 -1 -1 -1 1360122 4 10 40 30.5 30.5 4 1 8
1 1 1 1 1 1 2 1 4 0 0 3 42 -2 22 6 -1 -1 -1 -1 -1 -1 -1 1360456 0 10 40 30.5 30.5 2 2 8
1 1 1 1 1 4 1 1 4 0 0 3 20 -3 0 5 5 0 5 4 0 0 0 1360756 0 10 40 30.5 30.5 2 2 8
1 1 1 1 1 2 1 1 4 0 0 3 -14 0 0 5 -1 -1 -1 -1 -1 -1 -1 1361089 0 10 40 30.5 30.5 2 2 8
5 1 5 5 1 2 5 1 4 0 0 3 -4 1 0 5 -1 -1 -1 -1 -1 -1 -1 1361422 4 10 40 30.5 30.5 2 2 8
1 1 1 1 1 2 1 1 4 0 0 3 8 0 0 5 -1 -1 -1 -1 -1 -1 -1 1361755 0 10 40 30.5 30.5 4 1 8
1 1 1 1 1 2 4 1 4 0 0 3 8 0 0 5 6 1 5 1 0 1 1 1362089 0 10 40 28.5 28.5 4 1 8
1 1 1 1 1 1 2 1 4 0 0 3 45 0 0 6 -1 -1 -1 -1 -1 -1 -1 1362422 0 10 40 28.5 28.5 4 1 8
1 1 5 1 5 5 2 5 4 0 0 3 47 0 0 6 -1 -1 -1 -1 -1 -1 -1 1362788 4 10 40 28.5 28.5 4 1 8
1 1 1 1 1 1 2 1 4 0 0 3 53 1 0 6 -1 -1 -1 -1 -1 -1 -1 1363122 0 10 40 28.5 28.5 8 0 8
1 1 1 1 1 1 1 4 4 0 0 3 86 0 0 7 7 2 5 2 0 1 0 1363488 0 10 40 28.5 28.5 0 1 8
2 1 1 1 1 1 1 1 4 0 0 3 119 2 65 0 -1 -1 -1 -1 -1 -1 -1 1363855 0 10 40 28.5 28.5 0 1 8
2 5 5 1 1 1 5 5 4 0 0 3 139 0 0 0 -1 -1 -1 -1 -1 -1 -1 1364188 4 10 40 28.5 28.5 0 1 8
1 1 1 1 1 1 1 2 4 0 0 3 93 -1 42 7 -1 -1 -1 -1 -1 -1 -1 1364555 0 10 40 28.5 28.5 0 1 8
1 1 1 1 1 1 1 4 4 0 0 3 100 1 0 7 7 3 5 4 0 1 0 1364888 0 10 40 28.5 28.5 4 1 8
2 1 1 1 1 1 1 1 4 0 0 3 133 0 0 0 -1 -1 -1 -1 -1 -1 -1 1365254 0 10 40 28.5 28.5 4 1 8
2 5 1 5 1 1 5 5 4 0 0 3 123 -1 0 0 -1 -1 -1 -1 -1 -1 -1 1365588 4 10 40 28.5 28.5 4 1 8
1 1 1 1 1 1 2 1 4 0 0 3 53 -1 54 6 -1 -1 -1 -1 -1 -1 -1 1365954 0 10 40 28.5 28.5 4 1 8
1 1 1 1 1 1 3 1 4 0 0 3 40 -1 0 6 6 5 5 1 1 1 0 1366288 0 10 40 28.5 28.5 2 2 8
1 1 1 1 1 2 1 1 4 0 0 3 6 0 0 5 -1 -1 -1 -1 -1 -1 -1 1366654 0 10 40 26.5 26.5 2 2 8
1 1 1 5 5 2 5 5 4 0 0 3 10 0 0 5 -1 -1 -1 -1 -1 -1 -1 1367054 4 10 40 26.5 26.5 2 2 8
1 1 1 1 1 2 1 1 4 0 0 3 10 0 0 5 -1 -1 -1 -1 -1 -1 -1 1367421 0 10 40 26.5 26.5 2 2 8
1 1 1 1 1 4 1 1 4 0 0 3 10 0 0 5 5 0 5 0 0 1 1 1367787 0 10 40 25.5 25.5 4 1 8
1 1 1 1 1 2 1 1 4 0 0 3 10 0 0 5 -1 -1 -1 -1 -1 -1 -1 1368187 0 10 40 25.5 25.5 4 1 8
5 1 1 5 5 2 1 5 4 0 0 3 10 0 0 5 -1 -1 -1 -1 -1 -1 -1 1368587 4 10 40 25.5 25.5 4 1 8
1 1 1 1 1 2 1 1 4 0 0 3 10 0 0 5 -1 -1 -1 -1 -1 -1 -1 1368954 0 10 40 26.5 26.5 4 1 8
1 1 1 1 3 2 1 1 4 0 0 3 9 0 0 5 4 3 5 3 1 1 1 1369353 0 10 40 26.5 26.5 8 0 8
1 1 1 1 1 2 1 1 4 0 0 3 -17 0 0 5 -1 -1 -1 -1 -1 -1 -1 1369720 0 10 40 26.5 26.5 0 1 8
1 5 5 5 2 1 5 1 4 0 0 3 307 -1 49 4 -1 -1 -1 -1 -1 -1 -1 1370087 4 10 40 26.5 26.5 0 1 8
1 1 1 2 1 1 1 1 4 0 0 3 289 -1 0 3 -1 -1 -1 -1 -1 -1 -1 1370487 0 10 40 26.5 26.5 0 1 8
1 1 1 3 1 1 1 1 4 0 0 3 276 0 0 3 3 1 5 1 1 1 0 1370853 0 10 40 26.5 26.5 0 1 8
1 1 1 2 1 1 1 1 4 0 0 3 274 0 0 3 -1 -1 -1 -1 -1 -1 -1 1371253 0 10 40 25.5 25.5 4 1 8
1 5 5 2 5 1 5 1 4 0 0 3 274 0 0 3 -1 -1 -1 -1 -1 -1 -1 1371620 4 10 40 25.5 25.5 4 1 8
1 1 2 1 1 1 1 1 4 0 0 3 235 -1 47 2 -1 -1 -1 -1 -1 -1 -1 1372019 0 10 40 25.5 25.5 4 1 8
1 1 4 1 1 1 1 1 4 0 0 3 210 0 0 2 2 2 5 2 0 1 0 1372419 0 10 40 25.5 25.5 4 1 8
1 1 1 1 2 1 1 1 4 0 0 3 305 5 173 4 -1 -1 -1 -1 -1 -1 -1 1372819 0 10 40 25.5 25.5 2 2 8
5 5 5 5 2 5 5 1 4 0 0 3 298 -3 0 4 -1 -1 -1 -1 -1 -1 -1 1373186 6 10 40 25.5 25.5 2 2 8
1 1 2 1 1 1 1 1 4 0 0 3 233 -2 64 2 -1 -1 -1 -1 -1 -1 -1 1373586 0 10 40 25.5 25.5 2 2 8
1 2 4 1 1 1 1 1 4 0 0 3 199 -3 0 1 2 5 5 1 0 1 0 1373986 0 10 40 25.5 25.5 2 2 8
2 1 1 1 1 1 1 1 4 0 0 3 151 0 0 0 -1 -1 -1 -1 -1 -1 -1 1374386 0 10 40 25.5 25.5 4 1 8
2 5 5 5 5 1 5 5 4 0 0 3 148 0 0 0 -1 -1 -1 -1 -1 -1 -1 1374785 6 10 40 25.5 25.5 4 1 8
2 1 1 1 1 1 1 1 4 0 0 3 148 0 0 0 -1 -1 -1 -1 -1 -1 -1 1375152 0 10 40 25.5 25.5 4 1 8
1 1 1 1 1 2 1 1 5 0 0 3 0 0 0 5 -1 -1 -1 -1 -1 -1 -1 1664148 0 10 40 25 60 7 3 8
1 1 1 1 1 2 1 1 5 0 0 3 0 0 0 5 -1 -1 -1 -1 -1 -1 -1 1664315 0 10 40 25 60 7 3 8
1 1 1 1 1 2 1 1 5 0 0 3 0 0 0 5 -1 -1 -1 -1 -1 -1 -1 1664515 0 10 40 25 40.5555 7 3 8
1 1 1 1 1 2 1 1 5 0 0 3 0 0 0 5 -1 -1 -1 -1 -1 -1 -1 1664881 0 10 40 25 25 7 3 8
1 1 1 1 1 2 1 1 5 0 0 3 0 0 0 5 -1 -1 -1 -1 -1 -1 -1 1665281 0 10 40 25 25 1 2 8
1 1 1 1 1 2 1 1 5 0 0 3 0 0 0 5 -1 -1 -1 -1 -1 -1 -1 1665681 0 10 40 25 25 1 2 8
1 1 1 1 1 2 1 1 5 0 0 3 0 0 0 5 -1 -1 -1 -1 -1 -1 -1 1666081 0 10 40 25 25 1 2 8
1 1 1 1 1 2 1 1 5 0 0 3 0 0 0 5 -1 -1 -1 -1 -1 -1 -1 1666481 0 10 40 25 25 1 2 8
1 1 1 1 1 2 1 1 5 0 0 3 18 1 0 5 -1 -1 -1 -1 -1 -1 -1 1666881 0 10 40 25 25 5 3 8
1 1 1 1 1 1 2 1 5 0 0 3 45 0 0 6 -1 -1 -1 -1 -1 -1 -1 1667281 0 10 40 25 25 5 3 8
1 1 1 1 1 1 4 2 5 0 0 3 74 1 0 7 6 1 5 1 0 1 0 1667681 0 10 40 25 25 5 3 8
1 1 1 1 1 1 1 2 5 0 0 3 102 3 0 7 -1 -1 -1 -1 -1 -1 -1 1668080 0 10 40 25 25 5 3 8
2 5 5 1 5 5 5 5 5 0 0 3 129 0 0 0 -1 -1 -1 -1 -1 -1 -1 1668480 6 10 40 25 25 1 2 8
1 1 1 1 1 1 2 1 5 0 0 3 65 -3 0 6 -1 -1 -1 -1 -1 -1 -1 1668880 0 10 40 25 25 1 2 8
1 1 1 1 1 1 4 1 5 0 0 3 46 0 0 6 6 2 5 2 0 1 0 1669280 0 10 40 25 25 1 2 8
1 1 1 1 1 1 2 1 5 0 0 3 29 -1 0 6 -1 -1 -1 -1 -1 -1 -1 1669680 0 10 40 25 25 1 2 8
5 5 5 5 5 1 2 5 5 0 0 3 22 0 0 6 -1 -1 -1 -1 -1 -1 -1 1670080 6 10 40 25 25 8 0 8
1 1 1 1 1 1 1 2 5 0 0 3 83 1 0 7 -1 -1 -1 -1 -1 -1 -1 1670480 0 10 40 25 25 7 3 8
1 1 1 1 1 1 1 4 5 0 0 3 80 0 0 7 7 0 5 0 0 1 0 1670880 0 10 40 25 25 7 3 8
1 1 1 1 1 2 1 1 5 0 0 3 12 -4 0 5 -1 -1 -1 -1 -1 -1 -1 1671280 0 10 40 25 25 7 3 8
5 5 5 5 1 2 5 5 5 0 0 3 3 3 0 5 -1 -1 -1 -1 -1 -1 -1 1671680 6 10 40 25 25 7 3 8
1 1 1 1 1 1 1 2 5 0 0 3 106 3 104 7 -1 -1 -1 -1 -1 -1 -1 1672080 0 10 40 25 25 1 2 8
3 1 1 1 1 1 1 2 5 0 0 3 107 -1 0 7 0 1 5 1 1 1 1 1672446 0 10 40 26 26 1 2 8
1 1 1 1 1 2 1 1 5 0 0 3 351 -6 194 5 -1 -1 -1 -1 -1 -1 -1 1672846 0 10 40 26 26 1 2 8
5 5 1 5 5 2 5 5 5 0 0 3 377 2 0 5 -1 -1 -1 -1 -1 -1 -1 1673313 6 10 40 25.5 6.7575 1 2 8
1 2 1 1 1 1 1 1 5 0 0 3 162 -2 0 1 -1 -1 -1 -1 -1 -1 -1 1674412 0 10 40 25.5 10.965 5 3 8
1 4 1 1 1 1 1 1 5 0 0 3 175 0 0 1 1 3 5 3 0 1 0 1675212 0 10 40 25.5 14.025 5 3 8
1 2 1 1 1 1 1 1 5 0 0 3 189 0 0 1 -1 -1 -1 -1 -1 -1 -1 1675879 0 10 40 25.5 16.575 5 3 8
5 2 5 5 1 5 5 5 5 0 0 3 175 -2 0 1 -1 -1 -1 -1 -1 -1 -1 1676445 6 10 40 25.5 18.7425 5 3 8
2 1 1 1 1 1 1 1 5 0 0 3 142 0 0 0 -1 -1 -1 -1 -1 -1 -1 1676945 0 10 40 25.5 20.655 1 2 8
4 1 1 1 1 1 1 1 5 0 0 3 152 1 0 0 0 3 5 3 0 1 0 1677412 0 10 40 25.5 22.44 1 2 8
1 1 1 1 2 1 1 1 5 0 0 3 305 9 284 4 -1 -1 -1 -1 -1 -1 -1 1677845 0 10 40 25.5 24.0975 1 2 8
5 5 5 2 1 5 5 5 5 0 0 3 291 -2 0 3 -1 -1 -1 -1 -1 -1 -1 1678245 6 10 40 25.5 25.5 1 2 8
1 1 2 1 1 1 1 1 5 0 0 3 231 -1 48 2 -1 -1 -1 -1 -1 -1 -1 1678645 0 10 40 25.5 25.5 8 0 8
1 3 1 1 1 1 1 1 5 0 0 3 186 0 0 1 1 1 5 1 1 1 0 1679044 0 10 40 25.5 25.5 7 3 8
1 2 1 1 1 1 1 1 5 0 0 3 184 0 0 1 -1 -1 -1 -1 -1 -1 -1 1679444 0 10 40 24.5 24.5 7 3 8
5 2 5 5 5 5 1 5 5 0 0 3 184 0 0 1 -1 -1 -1 -1 -1 -1 -1 1679844 6 10 40 24.5 24.5 7 3 8
1 2 1 1 1 1 1 1 5 0 0 3 182 0 0 1 -1 -1 -1 -1 -1 -1 -1 1680244 0 10 40 25.5 25.5 7 3 8
1 3 1 1 1 1 1 1 5 0 0 3 176 0 0 1 1 3 5 3 1 1 1 1680644 0 10 40 25.5 25.5 1 2 8
1 2 1 1 1 1 1 1 5 0 0 3 177 0 0 1 -1 -1 -1 -1 -1 -1 -1 1681011 0 10 40 25.5 25.5 1 2 8
5 2 5 1 5 5 5 5 5 0 0 3 177 0 0 1 -1 -1 -1 -1 -1 -1 -1 1681411 6 10 40 25.5 25.5 1 2 8
1 1 2 1 1 1 1 1 5 0 0 3 231 4 125 2 -1 -1 -1 -1 -1 -1 -1 1681810 0 10 40 25.5 25.5 1 2 8
1 1 4 1 1 1 1 1 5 0 0 3 233 -1 0 2 2 0 5 0 0 1 0 1682210 0 10 40 25.5 25.5 5 3 8
2 1 1 1 1 1 1 1 5 0 0 3 144 -1 0 0 -1 -1 -1 -1 -1 -1 -1 1682577 0 10 40 25.5 25.5 5 3 8
2 5 5 5 5 5 5 1 5 0 0 3 139 0 0 0 -1 -1 -1 -1 -1 -1 -1 1682977 6 10 40 25.5 25.5 5 3 8
1 2 1 1 1 1 1 1 5 0 0 3 195 3 0 1 -1 -1 -1 -1 -1 -1 -1 1683377 0 10 40 25.5 25.5 5 3 8
1 1 2 4 1 1 1 1 5 0 0 3 224 0 0 2 3 5 5 2 0 0 0 1683777 0 10 40 25.5 25.5 1 2 8
1 1 2 1 1 1 1 1 5 0 0 3 223 0 0 2 -1 -1 -1 -1 -1 -1 -1 1684143 0 10 40 25.5 25.5 1 2 8
1 5 2 5 5 5 1 1 5 0 0 3 223 0 0 2 -1 -1 -1 -1 -1 -1 -1 1684543 4 10 40 25.5 25.5 1 2 8
1 1 2 1 1 1 1 1 5 0 0 3 223 0 0 2 -1 -1 -1 -1 -1 -1 -1 1684943 0 10 40 25.5 25.5 1 2 8
1 1 4 1 1 1 1 1 5 0 0 3 217 0 0 2 2 0 5 0 0 1 0 1685343 0 10 40 25.5 25.5 8 0 8
1 1 2 1 1 1 1 1 5 0 0 3 208 0 0 2 -1 -1 -1 -1 -1 -1 -1 1685743 0 10 40 25.5 25.5 7 3 8
5 1 2 5 5 1 1 5 5 0 0 3 217 0 0 2 -1 -1 -1 -1 -1 -1 -1 1686109 4 10 40 25.5 25.5 7 3 8
1 1 2 1 1 1 1 1 5 0 0 3 236 0 0 2 -1 -1 -1 -1 -1 -1 -1 1686509 0 10 40 25.5 25.5 7 3 8
1 1 4 1 1 1 1 1 5 0 0 3 231 -1 0 2 2 3 5 3 0 1 0 1686909 0 10 40 25.5 25.5 7 3 8
1 1 2 1 1 1 1 1 5 0 0 3 205 0 0 2 -1 -1 -1 -1 -1 -1 -1 1687309 0 10 40 25.5 25.5 1 2 8
5 1 2 1 5 1 5 5 5 0 0 3 236 1 0 2 -1 -1 -1 -1 -1 -1 -1 1687676 4 10 40 25.5 25.5 1 2 8
1 1 1 2 1 1 1 1 5 0 0 3 247 0 0 3 -1 -1 -1 -1 -1 -1 -1 1688076 0 10 40 25.5 25.5 1 2 8
1 1 2 4 1 1 1 1 5 0 0 3 240 0 0 2 3 1 5 1 0 0 0 1688476 0 10 40 25.5 25.5 1 2 8
1 1 2 1 1 1 1 1 5 0 0 3 236 0 0 2 -1 -1 -1 -1 -1 -1 -1 1688875 0 10 40 25.5 25.5 5 3 8
5 1 1 2 5 1 5 5 5 0 0 3 247 1 0 3 -1 -1 -1 -1 -1 -1 -1 1689242 4 10 40 25.5 25.5 5 3 8
1 1 1 2 1 1 1 1 5 0 0 3 274 0 0 3 -1 -1 -1 -1 -1 -1 -1 1689642 0 10 40 25.5 25.5 5 3 8
1 1 1 4 1 1 1 1 5 0 0 3 274 0 0 3 3 2 5 4 0 1 0 1690042 0 10 40 25.5 25.5 5 3 8
1 1 1 2 1 1 1 1 5 0 0 3 274 0 0 3 -1 -1 -1 -1 -1 -1 -1 1690442 0 10 40 25.5 25.5 1 2 8
5 1 5 2 5 1 5 1 5 0 0 3 274 0 0 3 -1 -1 -1 -1 -1 -1 -1 1690808 4 10 40 25.5 25.5 1 2 8
1 1 1 2 1 1 1 1 5 0 0 3 274 0 0 3 -1 -1 -1 -1 -1 -1 -1 1691208 0 10 40 25.5 25.5 1 2 8
1 1 1 3 1 1 1 1 5 0 0 3 274 0 0 3 3 5 5 3 1 1 1 1691608 0 10 40 26.5 26.5 1 2 8
1 1 1 2 1 1 1 1 5 0 0 3 264 0 0 3 -1 -1 -1 -1 -1 -1 -1 1691975 0 10 40 26.5 26.5 8 0 8
5 5 5 2 5 1 1 1 5 0 0 3 267 0 0 3 -1 -1 -1 -1 -1 -1 -1 1692341 4 10 40 26.5 26.5 7 3 8
1 1 1 2 1 1 1 1 5 0 0 3 283 1 0 3 -1 -1 -1 -1 -1 -1 -1 1692741 0 10 40 27 27 7 3 8
1 1 1 3 1 1 1 1 5 0 0 3 284 0 0 3 3 1 5 1 1 1 1 1693108 0 10 40 27 27 7 3 8
1 1 1 1 2 1 1 1 5 0 0 3 303 0 0 4 -1 -1 -1 -1 -1 -1 -1 1693474 0 10 40 27 27 7 3 8
1 1 5 5 2 5 5 1 5 0 0 3 314 0 0 4 -1 -1 -1 -1 -1 -1 -1 1693841 4 10 40 27 27 1 2 8
1 1 1 1 2 1 1 1 5 0 0 3 314 0 0 4 -1 -1 -1 -1 -1 -1 -1 1694207 0 10 40 27 27 1 2 8
1 1 1 1 3 1 1 1 5 0 0 3 297 -2 0 4 4 5 5 2 1 1 1 1694574 0 10 40 27.5 27.5 1 2 8
1 1 1 2 1 1 1 1 5 0 0 3 258 0 0 3 -1 -1 -1 -1 -1 -1 -1 1694941 0 10 40 27.5 27.5 1 2 8
5 5 1 2 5 1 1 5 5 0 0 3 287 1 0 3 -1 -1 -1 -1 -1 -1 -1 1695307 4 10 40 27.5 27.5 5 3 8
1 1 1 1 2 1 1 1 5 0 0 3 294 -1 0 4 -1 -1 -1 -1 -1 -1 -1 1695674 0 10 40 27.5 27.5 5 3 8
1 1 1 4 1 1 1 1 5 0 0 3 268 0 0 3 3 0 5 0 0 1 0 1696040 0 10 40 27.5 27.5 5 3 8
1 1 1 2 1 1 1 1 5 0 0 3 283 0 0 3 -1 -1 -1 -1 -1 -1 -1 1696407 0 10 40 27.5 27.5 5 3 8
5 1 5 2 1 5 1 5 5 0 0 3 277 -1 0 3 -1 -1 -1 -1 -1 -1 -1 1696740 4 10 40 27.5 27.5 1 2 8
1 1 1 2 1 1 1 1 5 0 0 3 266 0 0 3 -1 -1 -1 -1 -1 -1 -1 1697107 0 10 40 27.5 27.5 1 2 8
1 1 1 4 1 1 1 1 5 0 0 3 270 0 0 3 3 3 5 4 0 1 1 1697507 0 10 40 25.5 25.5 1 2 8
1 1 1 1 2 1 1 1 5 0 0 3 315 2 66 4 -1 -1 -1 -1 -1 -1 -1 1697873 0 10 40 25.5 25.5 1 2 8
1 1 5 5 2 5 5 1 5 0 0 3 311 -1 0 4 -1 -1 -1 -1 -1 -1 -1 1698273 4 10 40 25.5 25.5 8 0 8
1 1 1 2 1 1 1 1 5 0 0 3 260 -1 40 3 -1 -1 -1 -1 -1 -1 -1 1698673 0 10 40 25.5 25.5 7 3 8
1 1 4 1 1 1 1 1 5 0 0 3 243 -2 0 2 2 1 5 1 0 1 1 1699073 0 10 40 24.5 24.5 7 3 8
1 1 2 1 1 1 1 1 5 0 0 3 218 0 0 2 -1 -1 -1 -1 -1 -1 -1 1699473 0 10 40 24.5 24.5 7 3 8
5 5 2 5 1 5 1 1 5 0 0 3 226 0 0 2 -1 -1 -1 -1 -1 -1 -1 1699873 4 10 40 24.5 24.5 7 3 8
1 1 2 1 1 1 1 1 5 0 0 3 225 0 0 2 -1 -1 -1 -1 -1 -1 -1 1700306 0 10 40 24.5 24.5 1 2 8
