% Tunnel Log: 
% debug seed: 1462472288
%
% SegEncNW { '0'=no panel, '1'=panel, '4'=obstacle, '5'=collided obstacle, '6'=player, '7'=player right, '8'=player wrong, '2'=target, '3'=fake }
% SegEncN
% SegEncNE
% SegEncE
% SegEncSE
% SegEncS
% SegEncSW
% SegEncW
% Event Number { 0, inf }
% Task Type { 0=Color/Sound, 1=Shape/Sound, 2=Sound, 3=Navigation, 4=Speed, 5=Training 6=Recess, 7=Special 2-Back }
% N-Back { 0, inf }
% Navigation Level { 0, inf }
% Player Loc { 0=Northwest ... 7=West }
% Pod Loc { -1=N/A, 0=Northwest ... 7=West }
% Pod Color { -1, inf }
% Pod Shape { -1, inf }
% Pod Sound { -1, inf }
% Pod Match { -1=N/A, 0=No, 1=Yes }
% Pod Taken { -1=N/A, 0=No, 1=Yes }
% Timestamp (ms)
% Num Obstacles { 0, inf }
% Min Speed { 0, inf }
% Max Speed { 0, inf }
% Base Speed { 0, inf }
% Final Speed { 0, inf }
% Navigation Score { 0, inf }
% Segment Direction { 0=Northwest ... 7=West }
% Segment Angle { 0, inf }
% Segment Panels { 0, inf }
%
% SegEncNW SecEncN SegEncNE SegEncE SegEncSE SegEncS SegEncSW SegEncW EventNumber TaskType N-Back Navigation PlayerLoc PodLoc PodColor PodShape PodSound PodMatch PodTaken Timestamp NumObs MinSpeed MaxSpeed BaseSpeed FinalSpeed NavScore SegmentDir SegmentAngle SegmentPanels
0 0 0 0 1 6 1 0 0 3 2 0 5 -1 -1 -1 -1 -1 -1 20533 0 15 40 16 60 2 8 0 3
0 0 0 0 1 6 1 0 0 3 2 0 5 -1 -1 -1 -1 -1 -1 20633 0 15 40 16 60 2 8 0 3
0 0 0 0 1 6 1 0 0 3 2 0 5 -1 -1 -1 -1 -1 -1 20800 0 15 40 16 60 2 8 0 3
0 0 0 0 1 6 1 0 0 3 2 0 5 -1 -1 -1 -1 -1 -1 20966 0 15 40 16 60 2 6 2 3
0 0 0 0 1 6 1 0 0 3 2 0 5 -1 -1 -1 -1 -1 -1 21133 0 15 40 16 50.6 2 6 2 3
0 0 0 0 1 6 1 0 0 3 2 0 5 -1 -1 -1 -1 -1 -1 21400 0 15 40 16 25.5333 2 6 2 3
0 0 0 0 1 6 1 0 0 3 2 0 5 -1 -1 -1 -1 -1 -1 22133 0 15 40 16 13 2 6 2 3
0 0 0 0 1 6 1 0 0 3 2 0 5 -1 -1 -1 -1 -1 -1 22899 0 15 40 16 13 2 4 2 3
0 0 0 0 1 6 1 0 0 3 2 0 5 -1 -1 -1 -1 -1 -1 23666 0 15 40 16 13 2 4 2 3
0 0 0 0 1 6 1 0 0 3 2 0 5 -1 -1 -1 -1 -1 -1 24433 0 15 40 16 13 2 4 2 3
0 0 0 0 1 6 1 0 0 3 2 0 5 -1 -1 -1 -1 -1 -1 25199 0 15 40 16 13 2 4 2 3
0 0 0 0 1 7 1 0 0 3 2 0 5 5 5 4 4 1 1 25966 0 15 40 16 13 2 4 2 3
0 0 0 0 1 6 1 0 0 3 2 0 5 -1 -1 -1 -1 -1 -1 26733 0 15 40 16 13 2 4 2 3
0 0 0 0 1 6 1 0 0 3 2 0 5 -1 -1 -1 -1 -1 -1 27499 0 15 40 16 13 2 4 2 3
0 0 0 0 1 6 1 0 0 3 2 0 5 -1 -1 -1 -1 -1 -1 28266 0 15 40 16 13 2 4 2 3
0 0 0 0 1 7 1 0 0 3 2 0 5 5 5 4 4 1 1 29033 0 15 40 16 13 2 5 2 3
0 0 0 0 1 1 6 0 0 3 2 0 6 -1 -1 -1 -1 -1 -1 29699 0 15 40 17 16 2 5 2 3
0 0 0 0 1 1 6 0 0 3 2 0 6 -1 -1 -1 -1 -1 -1 30333 0 15 40 17 16 2 5 2 3
0 0 0 0 1 1 6 0 0 3 2 0 6 -1 -1 -1 -1 -1 -1 30933 0 15 40 17 16 2 5 2 3
0 0 0 0 1 1 7 0 0 3 2 0 6 6 5 4 4 1 1 31566 0 15 40 17 16 2 6 2 3
0 0 0 0 1 1 6 0 0 3 2 0 6 -1 -1 -1 -1 -1 -1 32199 0 15 40 17 16 2 6 2 3
0 0 0 0 6 1 1 0 0 3 2 0 4 -1 -1 -1 -1 -1 -1 32833 0 15 40 17 16 2 6 2 3
0 0 0 0 6 1 1 0 0 3 2 0 4 -1 -1 -1 -1 -1 -1 33433 0 15 40 17 16 2 6 2 3
0 0 0 0 7 1 1 0 0 3 2 0 4 4 5 4 4 1 1 34066 0 15 40 17 16 2 5 2 3
0 0 0 0 6 1 1 0 0 3 2 0 4 -1 -1 -1 -1 -1 -1 34599 0 15 40 18 19 2 5 2 3
0 0 0 0 6 1 1 0 0 3 2 0 4 -1 -1 -1 -1 -1 -1 35133 0 15 40 18 19 2 5 2 3
0 0 0 0 6 1 1 0 0 3 2 0 4 -1 -1 -1 -1 -1 -1 35666 0 15 40 18 19 2 5 2 3
0 0 0 1 7 1 1 1 0 3 2 0 4 4 5 4 4 1 1 36199 0 15 40 18 19 2 4 2 5
0 0 0 1 6 1 1 1 0 3 2 1 4 -1 -1 -1 -1 -1 -1 36699 0 15 40 18 19 2 4 2 5
0 0 0 1 1 1 6 1 0 3 2 1 6 -1 -1 -1 -1 -1 -1 37233 0 15 40 18 19 2 4 2 5
0 0 0 1 1 1 6 1 0 3 2 1 6 -1 -1 -1 -1 -1 -1 37766 0 15 40 18 19 2 4 2 5
0 0 0 1 1 1 7 1 0 3 2 1 6 6 5 4 4 1 1 38299 0 15 40 18 19 2 8 0 5
0 0 0 1 1 1 6 1 0 3 2 1 6 -1 -1 -1 -1 -1 -1 38766 0 15 40 19 21 2 8 0 5
0 0 0 1 1 6 1 1 0 3 2 1 5 -1 -1 -1 -1 -1 -1 39266 0 15 40 19 21 2 8 0 5
0 0 0 1 1 6 1 1 0 3 2 1 5 -1 -1 -1 -1 -1 -1 39733 0 15 40 19 21 2 8 0 5
0 0 0 1 1 7 1 1 0 3 2 1 5 5 5 4 4 1 1 40199 0 15 40 19 21 2 6 2 5
0 0 0 1 1 6 1 1 0 3 2 1 5 -1 -1 -1 -1 -1 -1 40666 0 15 40 19 21 2 6 2 5
0 0 0 6 1 1 1 1 0 3 2 1 3 -1 -1 -1 -1 -1 -1 41166 0 15 40 19 21 2 6 2 5
0 0 0 6 1 1 1 1 0 3 2 1 3 -1 -1 -1 -1 -1 -1 41633 0 15 40 19 21 2 6 2 5
0 0 0 7 1 1 1 1 0 3 2 1 3 3 5 4 4 1 1 42099 0 15 40 19 21 2 4 2 5
0 0 0 6 1 1 1 1 0 3 2 1 3 -1 -1 -1 -1 -1 -1 42566 0 15 40 20 22 2 4 2 5
0 0 0 1 6 1 1 1 0 3 2 1 4 -1 -1 -1 -1 -1 -1 43033 0 15 40 20 22 2 4 2 5
0 0 0 1 6 1 1 1 0 3 2 1 4 -1 -1 -1 -1 -1 -1 43466 0 15 40 20 22 2 4 2 5
0 0 0 1 7 1 1 1 0 3 2 1 4 4 5 4 4 1 1 43933 0 15 40 20 22 2 4 2 5
0 0 0 1 1 6 1 1 0 3 2 1 5 -1 -1 -1 -1 -1 -1 44399 0 15 40 20 22 2 4 2 5
0 0 0 1 1 1 6 1 0 3 2 1 6 -1 -1 -1 -1 -1 -1 44832 0 15 40 20 22 2 4 2 5
0 0 0 1 1 1 6 1 0 3 2 1 6 -1 -1 -1 -1 -1 -1 45299 0 15 40 20 22 2 4 2 5
0 0 0 1 1 1 7 1 0 3 2 1 6 6 5 4 4 1 1 45732 0 15 40 20 22 2 5 2 5
0 0 0 1 1 1 6 1 0 3 2 1 6 -1 -1 -1 -1 -1 -1 46199 0 15 40 21 23 2 5 2 5
0 0 0 1 1 1 1 6 0 3 2 1 7 -1 -1 -1 -1 -1 -1 46632 0 15 40 21 23 2 5 2 5
0 0 0 1 1 1 1 6 0 3 2 1 7 -1 -1 -1 -1 -1 -1 47066 0 15 40 21 23 2 5 2 5
0 0 0 1 1 1 1 7 0 3 2 1 7 7 5 4 4 1 1 47499 0 15 40 21 23 2 6 2 5
0 0 0 1 1 1 1 6 0 3 2 1 7 -1 -1 -1 -1 -1 -1 47932 0 15 40 21 23 2 6 2 5
0 0 0 1 1 1 1 6 0 3 2 1 7 -1 -1 -1 -1 -1 -1 48366 0 15 40 21 23 2 6 2 5
0 0 0 1 1 1 1 6 0 3 2 1 7 -1 -1 -1 -1 -1 -1 48799 0 15 40 21 23 2 6 2 5
0 0 0 1 1 1 1 7 0 3 2 1 7 7 5 4 4 1 1 49232 0 15 40 21 23 2 5 2 5
0 0 0 1 1 1 1 6 0 3 2 2 7 -1 -1 -1 -1 -1 -1 49632 0 15 40 22 24 2 5 2 5
0 0 0 1 1 1 1 6 0 3 2 2 7 -1 -1 -1 -1 -1 -1 50066 0 15 40 22 24 2 5 2 5
0 0 0 1 1 1 1 6 0 3 2 2 7 -1 -1 -1 -1 -1 -1 50466 0 15 40 22 24 2 5 2 5
0 0 0 1 1 1 1 7 0 3 2 2 7 7 5 4 4 1 1 50899 0 15 40 22 24 2 4 2 5
0 0 0 1 1 1 1 6 0 3 2 2 7 -1 -1 -1 -1 -1 -1 51299 0 15 40 22 24 2 4 2 5
0 0 0 4 1 1 1 6 0 3 2 2 7 -1 -1 -1 -1 -1 -1 51732 1 15 40 22 24 2 4 2 5
0 0 0 1 1 1 1 6 0 3 2 2 7 -1 -1 -1 -1 -1 -1 52132 0 15 40 22 24 2 4 2 5
0 0 0 1 1 1 1 7 0 3 2 2 7 7 5 4 4 1 1 52566 0 15 40 22 24 2 8 0 5
0 0 0 1 1 1 1 6 0 3 2 2 7 -1 -1 -1 -1 -1 -1 52966 0 15 40 23 25 2 8 0 5
0 0 0 4 1 1 6 1 0 3 2 2 6 -1 -1 -1 -1 -1 -1 53366 1 15 40 23 25 2 8 0 5
0 0 0 1 1 1 6 1 0 3 2 2 6 -1 -1 -1 -1 -1 -1 53766 0 15 40 23 25 2 8 0 5
0 0 0 1 1 1 7 1 0 3 2 2 6 6 5 4 4 1 1 54166 0 15 40 23 25 2 6 2 5
0 0 0 1 1 6 1 1 0 3 2 2 5 -1 -1 -1 -1 -1 -1 54566 0 15 40 23 25 2 6 2 5
0 0 0 1 6 1 4 1 0 3 2 2 4 -1 -1 -1 -1 -1 -1 54966 1 15 40 23 25 2 6 2 5
0 0 0 1 6 1 1 1 0 3 2 2 4 -1 -1 -1 -1 -1 -1 55366 0 15 40 23 25 2 6 2 5
0 0 0 1 7 1 1 1 0 3 2 2 4 4 5 4 4 1 1 55766 0 15 40 23 25 2 4 2 5
0 0 0 1 1 6 1 1 0 3 2 2 5 -1 -1 -1 -1 -1 -1 56166 0 15 40 24 25.5 2 4 2 5
0 0 0 1 4 1 6 1 0 3 2 2 6 -1 -1 -1 -1 -1 -1 56566 1 15 40 24 25.5 2 4 2 5
0 0 0 1 1 6 1 1 0 3 2 2 5 -1 -1 -1 -1 -1 -1 56932 0 15 40 24 25.5 2 4 2 5
0 0 0 1 1 7 1 1 0 3 2 2 5 5 5 4 4 1 1 57332 0 15 40 24 25.5 2 4 2 5
0 0 0 1 1 6 1 1 0 3 2 2 5 -1 -1 -1 -1 -1 -1 57732 0 15 40 24 25.5 2 4 2 5
0 0 0 1 1 6 1 4 0 3 2 2 5 -1 -1 -1 -1 -1 -1 58132 1 15 40 24 25.5 2 4 2 5
0 0 0 1 1 6 1 1 0 3 2 2 5 -1 -1 -1 -1 -1 -1 58499 0 15 40 24 25.5 2 4 2 5
0 0 0 1 1 7 1 1 0 3 2 2 5 5 5 4 4 1 1 58899 0 15 40 24 25.5 2 5 2 5
0 0 0 1 1 1 6 1 0 3 2 2 6 -1 -1 -1 -1 -1 -1 59299 0 15 40 25 26 2 5 2 5
0 0 0 1 1 4 6 1 0 3 2 2 6 -1 -1 -1 -1 -1 -1 59666 1 15 40 25 26 2 5 2 5
0 0 0 1 1 1 6 1 0 3 2 2 6 -1 -1 -1 -1 -1 -1 60066 0 15 40 25 26 2 5 2 5
0 0 0 1 1 1 7 1 0 3 2 2 6 6 5 4 4 1 1 60432 0 15 40 25 26 2 6 2 5
0 0 0 1 1 1 6 1 0 3 2 2 6 -1 -1 -1 -1 -1 -1 60832 0 15 40 25 26 2 6 2 5
0 0 0 4 1 6 1 1 0 3 2 2 5 -1 -1 -1 -1 -1 -1 61199 1 15 40 25 26 2 6 2 5
0 0 0 1 6 1 1 1 0 3 2 2 4 -1 -1 -1 -1 -1 -1 61599 0 15 40 25 26 2 6 2 5
0 0 0 1 7 1 1 1 0 3 2 2 4 4 5 4 4 1 1 61966 0 15 40 25 26 2 5 2 5
0 0 0 1 6 1 1 1 0 3 2 2 4 -1 -1 -1 -1 -1 -1 62366 0 15 40 26 26.5 2 5 2 5
0 0 0 6 1 1 1 4 0 3 2 2 3 -1 -1 -1 -1 -1 -1 62732 1 15 40 26 26.5 2 5 2 5
0 0 0 6 1 1 1 1 0 3 2 2 3 -1 -1 -1 -1 -1 -1 63099 0 15 40 26 26.5 2 5 2 5
0 0 0 7 1 1 1 1 0 3 2 2 3 3 5 4 4 1 1 63499 0 15 40 26 26.5 2 4 2 5
0 0 0 6 1 1 1 1 0 3 2 2 3 -1 -1 -1 -1 -1 -1 63866 0 15 40 26 26.5 2 4 2 5
0 0 0 6 4 1 1 1 0 3 2 2 3 -1 -1 -1 -1 -1 -1 64232 1 15 40 26 26.5 2 4 2 5
0 0 0 1 6 1 1 1 0 3 2 2 4 -1 -1 -1 -1 -1 -1 64632 0 15 40 26 26.5 2 4 2 5
0 0 0 1 1 7 1 1 0 3 2 2 5 5 5 4 4 1 1 64999 0 15 40 26 26.5 2 8 0 5
0 0 0 1 1 1 6 1 0 3 2 2 6 -1 -1 -1 -1 -1 -1 65366 0 15 40 27 27 2 8 0 5
0 0 0 1 1 4 6 1 0 3 2 2 6 -1 -1 -1 -1 -1 -1 65732 1 15 40 27 27 2 8 0 5
0 0 0 1 1 6 1 1 0 3 2 2 5 -1 -1 -1 -1 -1 -1 66099 0 15 40 27 27 2 8 0 5
0 0 0 1 1 7 1 1 0 3 2 2 5 5 5 4 4 1 1 66465 0 15 40 27 27 2 6 2 5
0 0 0 1 6 1 1 1 0 3 2 2 4 -1 -1 -1 -1 -1 -1 66865 0 15 40 27 27 2 6 2 5
0 0 0 1 6 4 1 1 0 3 2 2 4 -1 -1 -1 -1 -1 -1 67232 1 15 40 27 27 2 6 2 5
0 0 0 1 1 6 1 1 0 3 2 2 5 -1 -1 -1 -1 -1 -1 67599 0 15 40 27 27 2 6 2 5
0 0 0 1 1 7 1 1 0 3 2 2 5 5 5 4 4 1 1 67965 0 15 40 27 27 2 4 2 5
0 0 0 1 1 6 1 1 0 3 2 2 5 -1 -1 -1 -1 -1 -1 68332 0 15 40 28 27.5 2 4 2 5
0 0 0 4 1 1 6 1 0 3 2 2 6 -1 -1 -1 -1 -1 -1 68699 1 15 40 28 27.5 2 4 2 5
0 0 0 1 1 1 6 1 0 3 2 2 6 -1 -1 -1 -1 -1 -1 69065 0 15 40 28 27.5 2 4 2 5
0 0 0 1 1 1 7 1 0 3 2 2 6 6 5 4 4 1 1 69432 0 15 40 28 27.5 2 4 2 5
0 0 0 1 1 1 6 1 0 3 2 2 6 -1 -1 -1 -1 -1 -1 69765 0 15 40 28 27.5 2 4 2 5
0 0 0 1 1 6 1 4 0 3 2 2 5 -1 -1 -1 -1 -1 -1 70132 1 15 40 28 27.5 2 4 2 5
0 0 0 1 6 1 1 1 0 3 2 2 4 -1 -1 -1 -1 -1 -1 70499 0 15 40 28 27.5 2 4 2 5
0 0 0 1 7 1 1 1 0 3 2 2 4 4 5 4 4 1 1 70865 0 15 40 28 27.5 2 5 2 5
0 0 0 1 6 1 1 1 0 3 2 2 4 -1 -1 -1 -1 -1 -1 71232 0 15 40 29 28 2 5 2 5
0 0 0 6 1 1 1 4 0 3 2 2 3 -1 -1 -1 -1 -1 -1 71599 1 15 40 29 28 2 5 2 5
0 0 0 6 1 1 1 1 0 3 2 2 3 -1 -1 -1 -1 -1 -1 71932 0 15 40 29 28 2 5 2 5
0 0 0 7 1 1 1 1 0 3 2 2 3 3 5 4 4 1 1 72299 0 15 40 29 28 2 6 2 5
0 0 0 6 1 1 1 1 0 3 2 2 3 -1 -1 -1 -1 -1 -1 72665 0 15 40 29 28 2 6 2 5
0 0 0 1 6 1 1 4 0 3 2 2 4 -1 -1 -1 -1 -1 -1 72999 1 15 40 29 28 2 6 2 5
0 0 0 1 6 1 1 1 0 3 2 2 4 -1 -1 -1 -1 -1 -1 73365 0 15 40 29 28 2 6 2 5
0 0 0 1 7 1 1 1 0 3 2 2 4 4 5 4 4 1 1 73732 0 15 40 29 28 2 5 2 5
0 0 0 1 6 1 1 1 0 3 2 2 4 -1 -1 -1 -1 -1 -1 74065 0 15 40 30 28.5 2 5 2 5
0 0 0 1 6 4 1 1 0 3 2 2 4 -1 -1 -1 -1 -1 -1 74432 1 15 40 30 28.5 2 5 2 5
0 0 0 1 1 6 1 1 0 3 2 2 5 -1 -1 -1 -1 -1 -1 74799 0 15 40 30 28.5 2 5 2 5
0 0 0 1 1 1 7 1 0 3 2 2 6 6 5 4 4 1 1 75132 0 15 40 30 28.5 2 4 2 5
0 0 0 1 1 1 6 1 0 3 2 2 6 -1 -1 -1 -1 -1 -1 75499 0 15 40 30 28.5 2 4 2 5
0 0 0 1 1 4 1 6 0 3 2 2 7 -1 -1 -1 -1 -1 -1 75832 1 15 40 30 28.5 2 4 2 5
0 0 0 1 1 1 1 6 0 3 2 2 7 -1 -1 -1 -1 -1 -1 76199 0 15 40 30 28.5 2 4 2 5
0 0 0 1 1 1 1 7 0 3 2 2 7 7 5 4 4 1 1 76532 0 15 40 30 28.5 2 8 0 5
0 0 0 1 1 1 6 1 0 3 2 2 6 -1 -1 -1 -1 -1 -1 76865 0 15 40 31 29 2 8 0 5
0 0 0 1 1 1 6 4 0 3 2 2 6 -1 -1 -1 -1 -1 -1 77232 1 15 40 31 29 2 8 0 5
0 0 0 1 1 6 1 1 0 3 2 2 5 -1 -1 -1 -1 -1 -1 77565 0 15 40 31 29 2 8 0 5
0 0 0 1 1 7 1 1 0 3 2 2 5 5 5 4 4 1 1 77932 0 15 40 31 29 2 6 2 5
0 0 0 1 1 6 1 1 0 3 2 2 5 -1 -1 -1 -1 -1 -1 78265 0 15 40 31 29 2 6 2 5
0 0 0 1 1 6 1 4 0 3 2 2 5 -1 -1 -1 -1 -1 -1 78599 1 15 40 31 29 2 6 2 5
0 0 0 1 1 6 1 1 0 3 2 2 5 -1 -1 -1 -1 -1 -1 78965 0 15 40 31 29 2 6 2 5
0 0 0 1 1 7 1 1 0 3 2 2 5 5 5 4 4 1 1 79299 0 15 40 31 29 2 4 2 5
0 0 0 1 1 6 1 1 0 3 2 2 5 -1 -1 -1 -1 -1 -1 79632 0 15 40 32 29.5 2 4 2 5
0 0 0 1 6 1 4 1 0 3 2 2 4 -1 -1 -1 -1 -1 -1 79965 1 15 40 32 29.5 2 4 2 5
0 0 0 1 6 1 1 1 0 3 2 2 4 -1 -1 -1 -1 -1 -1 80299 0 15 40 32 29.5 2 4 2 5
0 0 0 0 1 6 1 0 1 4 2 0 5 -1 -1 -1 -1 -1 -1 88265 0 15 40 16 60 2 8 0 3
0 0 0 0 1 6 1 0 1 4 2 0 5 -1 -1 -1 -1 -1 -1 88432 0 15 40 16 60 2 8 0 3
0 0 0 0 1 6 1 0 1 4 2 0 5 -1 -1 -1 -1 -1 -1 88598 0 15 40 16 60 2 5 2 3
0 0 0 0 1 6 1 0 1 4 2 0 5 -1 -1 -1 -1 -1 -1 88765 0 15 40 16 50.6 2 5 2 3
0 0 0 0 1 6 1 0 1 4 2 0 5 -1 -1 -1 -1 -1 -1 89032 0 15 40 16 25.5333 2 5 2 3
0 0 0 0 1 6 1 0 1 4 2 0 5 -1 -1 -1 -1 -1 -1 89765 0 15 40 16 13 2 5 2 3
0 0 0 0 1 6 1 0 1 4 2 0 5 -1 -1 -1 -1 -1 -1 90532 0 15 40 16 13 2 4 2 3
0 0 0 0 1 6 1 0 1 4 2 0 5 -1 -1 -1 -1 -1 -1 91298 0 15 40 16 13 2 4 2 3
0 0 0 0 1 1 6 0 1 4 2 0 6 -1 -1 -1 -1 -1 -1 92065 0 15 40 16 13 2 4 2 3
0 0 0 0 1 1 6 0 1 4 2 0 6 -1 -1 -1 -1 -1 -1 92832 0 15 40 16 13 2 4 2 3
0 0 0 0 3 6 1 0 1 4 2 0 5 4 1 7 2 0 0 93598 0 15 40 16 13 2 5 2 3
0 0 0 0 6 1 1 0 1 4 2 0 4 -1 -1 -1 -1 -1 -1 94365 0 15 40 16 13 2 5 2 3
0 0 0 0 6 1 1 0 1 4 2 0 4 -1 -1 -1 -1 -1 -1 95132 0 15 40 16 13 2 5 2 3
0 0 0 0 6 1 1 0 1 4 2 0 4 -1 -1 -1 -1 -1 -1 95898 0 15 40 16 13 2 5 2 3
0 0 0 0 6 3 1 0 1 4 2 0 4 5 2 5 0 0 0 96698 0 15 40 16 13 2 4 2 3
0 0 0 0 6 1 1 0 1 4 2 0 4 -1 -1 -1 -1 -1 -1 97465 0 15 40 16 13 2 4 2 3
0 0 0 0 6 1 1 0 1 4 2 0 4 -1 -1 -1 -1 -1 -1 98232 0 15 40 16 13 2 4 2 3
0 0 0 0 6 1 1 0 1 4 2 0 4 -1 -1 -1 -1 -1 -1 98998 0 15 40 16 13 2 4 2 3
0 0 0 0 6 3 1 0 1 4 2 0 4 5 0 6 1 0 0 99765 0 15 40 16 13 2 6 2 3
0 0 0 0 6 1 1 0 1 4 2 0 4 -1 -1 -1 -1 -1 -1 100532 0 15 40 16 13 2 6 2 3
0 0 0 0 1 1 6 0 1 4 2 0 6 -1 -1 -1 -1 -1 -1 101298 0 15 40 16 13 2 6 2 3
0 0 0 0 1 1 6 0 1 4 2 0 6 -1 -1 -1 -1 -1 -1 102065 0 15 40 16 13 2 6 2 3
0 0 0 0 1 1 7 0 1 4 2 0 6 6 2 5 0 1 1 102832 0 15 40 16 13 2 6 2 3
0 0 0 0 1 6 1 0 1 4 2 0 5 -1 -1 -1 -1 -1 -1 103598 0 15 40 16 13 2 6 2 3
0 0 0 0 1 6 1 0 1 4 2 0 5 -1 -1 -1 -1 -1 -1 104365 0 15 40 16 13 2 6 2 3
0 0 0 0 1 6 1 0 1 4 2 0 5 -1 -1 -1 -1 -1 -1 105132 0 15 40 16 13 2 6 2 3
0 0 0 0 3 6 1 0 1 4 2 0 5 4 1 7 2 0 0 105898 0 15 40 16 13 2 4 2 3
0 0 0 0 1 6 1 0 1 4 2 0 5 -1 -1 -1 -1 -1 -1 106665 0 15 40 16 13 2 4 2 3
0 0 0 0 1 6 1 0 1 4 2 0 5 -1 -1 -1 -1 -1 -1 107465 0 15 40 16 13 2 4 2 3
0 0 0 0 1 6 1 0 1 4 2 0 5 -1 -1 -1 -1 -1 -1 108232 0 15 40 16 13 2 4 2 3
0 0 0 0 1 6 3 0 1 4 2 0 5 6 3 8 3 0 0 108998 0 15 40 16 13 2 8 0 3
0 0 0 0 1 6 1 0 1 4 2 0 5 -1 -1 -1 -1 -1 -1 109765 0 15 40 16 13 2 8 0 3
0 0 0 0 1 6 1 0 1 4 2 0 5 -1 -1 -1 -1 -1 -1 110531 0 15 40 16 13 2 8 0 3
0 0 0 0 1 6 1 0 1 4 2 0 5 -1 -1 -1 -1 -1 -1 111298 0 15 40 16 13 2 8 0 3
0 0 0 0 1 7 1 0 1 4 2 0 5 5 1 7 2 1 1 112065 0 15 40 16 13 2 5 2 3
0 0 0 0 1 6 1 0 1 4 2 0 5 -1 -1 -1 -1 -1 -1 112698 0 15 40 17 16 2 5 2 3
0 0 0 0 1 1 6 0 1 4 2 0 6 -1 -1 -1 -1 -1 -1 113331 0 15 40 17 16 2 5 2 3
0 0 0 0 1 1 6 0 1 4 2 0 6 -1 -1 -1 -1 -1 -1 113965 0 15 40 17 16 2 5 2 3
0 0 0 1 1 3 6 1 1 4 2 0 6 5 2 5 0 0 0 114598 0 15 40 17 16 2 4 2 5
0 0 0 1 1 6 1 1 1 4 2 0 5 -1 -1 -1 -1 -1 -1 115198 0 15 40 17 16 2 4 2 5
0 0 0 1 6 1 1 1 1 4 2 0 4 -1 -1 -1 -1 -1 -1 115831 0 15 40 17 16 2 4 2 5
0 0 0 1 6 1 1 1 1 4 2 0 4 -1 -1 -1 -1 -1 -1 116465 0 15 40 17 16 2 4 2 5
0 0 0 1 7 1 1 1 1 4 2 0 4 4 1 7 2 1 1 117098 0 15 40 17 16 2 5 2 5
0 0 0 1 6 1 1 1 1 4 2 1 4 -1 -1 -1 -1 -1 -1 117698 0 15 40 17 16 2 5 2 5
0 0 0 1 6 1 1 1 1 4 2 1 4 -1 -1 -1 -1 -1 -1 118331 0 15 40 17 16 2 5 2 5
0 0 0 1 6 1 1 1 1 4 2 1 4 -1 -1 -1 -1 -1 -1 118965 0 15 40 17 16 2 5 2 5
0 0 0 3 6 1 1 1 1 4 2 1 4 3 3 8 3 0 0 119598 0 15 40 17 16 2 4 2 5
0 0 0 1 6 1 1 1 1 4 2 1 4 -1 -1 -1 -1 -1 -1 120198 0 15 40 17 16 2 4 2 5
0 0 0 1 6 1 1 1 1 4 2 1 4 -1 -1 -1 -1 -1 -1 120831 0 15 40 17 16 2 4 2 5
0 0 0 1 6 1 1 1 1 4 2 1 4 -1 -1 -1 -1 -1 -1 121465 0 15 40 17 16 2 4 2 5
0 0 0 3 1 6 1 1 1 4 2 1 5 3 2 5 0 0 0 122098 0 15 40 17 16 2 6 2 5
0 0 0 1 1 6 1 1 1 4 2 1 5 -1 -1 -1 -1 -1 -1 122698 0 15 40 17 16 2 6 2 5
0 0 0 1 1 1 6 1 1 4 2 1 6 -1 -1 -1 -1 -1 -1 123331 0 15 40 17 16 2 6 2 5
0 0 0 1 1 1 6 1 1 4 2 1 6 -1 -1 -1 -1 -1 -1 123965 0 15 40 17 16 2 6 2 5
0 0 0 1 1 3 6 1 1 4 2 1 6 5 1 7 2 0 0 124598 0 15 40 17 16 2 6 2 5
0 0 0 1 1 1 6 1 1 4 2 1 6 -1 -1 -1 -1 -1 -1 125198 0 15 40 17 16 2 6 2 5
0 0 0 1 1 6 1 1 1 4 2 1 5 -1 -1 -1 -1 -1 -1 125831 0 15 40 17 16 2 6 2 5
0 0 0 1 1 6 1 1 1 4 2 1 5 -1 -1 -1 -1 -1 -1 126465 0 15 40 17 16 2 6 2 5
0 0 0 1 1 6 3 1 1 4 2 1 5 6 3 8 3 0 0 127098 0 15 40 17 16 2 4 2 5
0 0 0 1 1 1 6 1 1 4 2 1 6 -1 -1 -1 -1 -1 -1 127698 0 15 40 17 16 2 4 2 5
0 0 0 1 1 1 1 6 1 4 2 1 7 -1 -1 -1 -1 -1 -1 128331 0 15 40 17 16 2 4 2 5
0 0 0 1 1 1 1 6 1 4 2 1 7 -1 -1 -1 -1 -1 -1 128965 0 15 40 17 16 2 4 2 5
0 0 0 1 1 1 1 7 1 4 2 1 7 7 1 7 2 1 1 129565 0 15 40 17 16 2 8 0 5
0 0 0 1 1 1 1 6 1 4 2 1 7 -1 -1 -1 -1 -1 -1 130132 0 15 40 18 19 2 8 0 5
0 0 0 1 1 6 1 1 1 4 2 1 5 -1 -1 -1 -1 -1 -1 130632 0 15 40 18 19 2 8 0 5
0 0 0 1 1 6 1 1 1 4 2 1 5 -1 -1 -1 -1 -1 -1 131165 0 15 40 18 19 2 8 0 5
0 0 0 1 1 6 3 1 1 4 2 1 5 6 0 6 1 0 0 131699 0 15 40 18 19 2 5 2 5
0 0 0 1 1 6 1 1 1 4 2 1 5 -1 -1 -1 -1 -1 -1 132232 0 15 40 18 19 2 5 2 5
0 0 0 1 1 6 1 1 1 4 2 1 5 -1 -1 -1 -1 -1 -1 132766 0 15 40 18 19 2 5 2 5
0 0 0 1 1 6 1 1 1 4 2 1 5 -1 -1 -1 -1 -1 -1 133266 0 15 40 18 19 2 5 2 5
0 0 0 1 1 6 1 3 1 4 2 1 5 7 2 5 0 0 0 133799 0 15 40 18 19 2 4 2 5
0 0 0 1 1 6 1 1 1 4 2 1 5 -1 -1 -1 -1 -1 -1 134333 0 15 40 18 19 2 4 2 5
0 0 0 1 1 6 1 1 1 4 2 1 5 -1 -1 -1 -1 -1 -1 134866 0 15 40 18 19 2 4 2 5
0 0 0 1 1 6 1 1 1 4 2 1 5 -1 -1 -1 -1 -1 -1 135366 0 15 40 18 19 2 4 2 5
0 0 0 1 1 7 1 1 1 4 2 1 5 5 0 6 1 1 1 135900 0 15 40 18 19 2 5 2 5
0 0 0 1 1 6 1 1 1 4 2 1 5 -1 -1 -1 -1 -1 -1 136433 0 15 40 18 19 2 5 2 5
0 0 0 1 1 6 1 1 1 4 2 1 5 -1 -1 -1 -1 -1 -1 136966 0 15 40 18 19 2 5 2 5
0 0 0 1 1 6 1 1 1 4 2 1 5 -1 -1 -1 -1 -1 -1 137500 0 15 40 18 19 2 5 2 5
0 0 0 3 1 6 1 1 1 4 2 1 5 3 3 8 3 0 0 138000 0 15 40 18 19 2 4 2 5
0 0 0 1 1 6 1 1 1 4 2 2 5 -1 -1 -1 -1 -1 -1 138533 0 15 40 18 19 2 4 2 5
0 0 0 1 1 6 1 1 1 4 2 2 5 -1 -1 -1 -1 -1 -1 139067 0 15 40 18 19 2 4 2 5
0 0 0 1 1 6 1 1 1 4 2 2 5 -1 -1 -1 -1 -1 -1 139600 0 15 40 18 19 2 4 2 5
0 0 0 1 3 6 1 1 1 4 2 2 5 4 2 5 0 0 0 140134 0 15 40 18 19 2 6 2 5
0 0 0 1 1 6 1 1 1 4 2 2 5 -1 -1 -1 -1 -1 -1 140634 0 15 40 18 19 2 6 2 5
0 0 0 1 1 4 6 1 1 4 2 2 6 -1 -1 -1 -1 -1 -1 141167 1 15 40 18 19 2 6 2 5
0 0 0 1 1 6 1 1 1 4 2 2 5 -1 -1 -1 -1 -1 -1 141701 0 15 40 18 19 2 6 2 5
0 0 0 3 1 6 1 1 1 4 2 2 5 3 1 7 2 0 0 142234 0 15 40 18 19 2 6 2 5
0 0 0 1 6 1 1 1 1 4 2 2 4 -1 -1 -1 -1 -1 -1 142734 0 15 40 18 19 2 6 2 5
0 0 0 1 1 6 4 1 1 4 2 2 5 -1 -1 -1 -1 -1 -1 143268 1 15 40 18 19 2 6 2 5
0 0 0 1 1 6 1 1 1 4 2 2 5 -1 -1 -1 -1 -1 -1 143801 0 15 40 18 19 2 6 2 5
0 0 0 1 1 7 1 1 1 4 2 2 5 5 2 5 0 1 1 144335 0 15 40 18 19 2 4 2 5
0 0 0 1 1 6 1 1 1 4 2 2 5 -1 -1 -1 -1 -1 -1 144801 0 15 40 19 21 2 4 2 5
0 0 0 1 1 6 1 4 1 4 2 2 5 -1 -1 -1 -1 -1 -1 145302 1 15 40 19 21 2 4 2 5
0 0 0 1 1 6 1 1 1 4 2 2 5 -1 -1 -1 -1 -1 -1 145768 0 15 40 19 21 2 4 2 5
0 0 0 3 1 1 6 1 1 4 2 2 6 3 0 6 1 0 0 146235 0 15 40 19 21 2 8 0 5
0 0 0 1 1 1 6 1 1 4 2 2 6 -1 -1 -1 -1 -1 -1 146735 0 15 40 19 21 2 8 0 5
0 0 0 1 1 4 6 1 1 4 2 2 6 -1 -1 -1 -1 -1 -1 147202 1 15 40 19 21 2 8 0 5
0 0 0 1 1 6 1 1 1 4 2 2 5 -1 -1 -1 -1 -1 -1 147669 0 15 40 19 21 2 8 0 5
0 0 0 3 1 6 1 1 1 4 2 2 5 3 3 8 3 0 0 148136 0 15 40 19 21 2 5 2 5
0 0 0 1 1 1 6 1 1 4 2 2 6 -1 -1 -1 -1 -1 -1 148636 0 15 40 19 21 2 5 2 5
0 0 0 4 1 6 1 1 1 4 2 2 5 -1 -1 -1 -1 -1 -1 149102 1 15 40 19 21 2 5 2 5
0 0 0 6 1 1 1 1 1 4 2 2 3 -1 -1 -1 -1 -1 -1 149569 0 15 40 19 21 2 5 2 5
0 0 0 7 1 1 1 1 1 4 2 2 3 3 0 6 1 1 1 150036 0 15 40 19 21 2 4 2 5
0 0 0 1 6 1 1 1 1 4 2 2 4 -1 -1 -1 -1 -1 -1 150536 0 15 40 19 21 2 4 2 5
0 0 0 4 1 6 1 1 1 4 2 2 5 -1 -1 -1 -1 -1 -1 151003 1 15 40 19 21 2 4 2 5
0 0 0 1 1 6 1 1 1 4 2 2 5 -1 -1 -1 -1 -1 -1 151470 0 15 40 19 21 2 4 2 5
0 0 0 1 3 6 1 1 1 4 2 2 5 4 2 5 0 0 0 151970 0 15 40 19 21 2 5 2 5
0 0 0 1 1 6 1 1 1 4 2 2 5 -1 -1 -1 -1 -1 -1 152436 0 15 40 19 21 2 5 2 5
0 0 0 1 1 6 4 1 1 4 2 2 5 -1 -1 -1 -1 -1 -1 152903 1 15 40 19 21 2 5 2 5
0 0 0 1 1 6 1 1 1 4 2 2 5 -1 -1 -1 -1 -1 -1 153370 0 15 40 19 21 2 5 2 5
0 0 0 3 6 1 1 1 1 4 2 2 4 3 3 8 3 0 0 153870 0 15 40 19 21 2 4 2 5
0 0 0 1 6 1 1 1 1 4 2 2 4 -1 -1 -1 -1 -1 -1 154337 0 15 40 19 21 2 4 2 5
0 0 0 1 6 4 1 1 1 4 2 2 4 -1 -1 -1 -1 -1 -1 154804 1 15 40 19 21 2 4 2 5
0 0 0 1 1 6 1 1 1 4 2 2 5 -1 -1 -1 -1 -1 -1 155304 0 15 40 19 21 2 4 2 5
0 0 0 3 1 6 1 1 1 4 2 2 5 3 0 6 1 0 0 155770 0 15 40 19 21 2 6 2 5
0 0 0 1 1 6 1 1 1 4 2 2 5 -1 -1 -1 -1 -1 -1 156237 0 15 40 19 21 2 6 2 5
0 0 0 1 1 6 4 1 1 4 2 2 5 -1 -1 -1 -1 -1 -1 156704 1 15 40 19 21 2 6 2 5
0 0 0 1 1 6 1 1 1 4 2 2 5 -1 -1 -1 -1 -1 -1 157204 0 15 40 19 21 2 6 2 5
0 0 0 3 1 6 1 1 1 4 2 2 5 3 2 5 0 0 0 157671 0 15 40 19 21 2 6 2 5
0 0 0 1 1 6 1 1 1 4 2 2 5 -1 -1 -1 -1 -1 -1 158138 0 15 40 19 21 2 6 2 5
0 0 0 1 4 1 6 1 1 4 2 2 6 -1 -1 -1 -1 -1 -1 158638 1 15 40 19 21 2 6 2 5
0 0 0 1 1 1 6 1 1 4 2 2 6 -1 -1 -1 -1 -1 -1 159105 0 15 40 19 21 2 6 2 5
0 0 0 1 1 3 6 1 1 4 2 2 6 5 3 8 3 0 0 159571 0 15 40 19 21 2 4 2 5
0 0 0 1 1 1 6 1 1 4 2 2 6 -1 -1 -1 -1 -1 -1 160038 0 15 40 19 21 2 4 2 5
0 0 0 1 1 4 6 1 1 4 2 2 6 -1 -1 -1 -1 -1 -1 160538 1 15 40 19 21 2 4 2 5
0 0 0 1 1 6 1 1 1 4 2 2 5 -1 -1 -1 -1 -1 -1 161005 0 15 40 19 21 2 4 2 5
0 0 0 1 1 7 1 1 1 4 2 2 5 5 2 5 0 1 1 161472 0 15 40 19 21 2 8 0 5
0 0 0 1 1 6 1 1 1 4 2 2 5 -1 -1 -1 -1 -1 -1 161938 0 15 40 20 22 2 8 0 5
0 0 0 1 4 6 1 1 1 4 2 2 5 -1 -1 -1 -1 -1 -1 162405 1 15 40 20 22 2 8 0 5
0 0 0 1 1 6 1 1 1 4 2 2 5 -1 -1 -1 -1 -1 -1 162839 0 15 40 20 22 2 8 0 5
0 0 0 1 1 6 1 3 1 4 2 2 5 7 0 6 1 0 0 163305 0 15 40 20 22 2 5 2 5
0 0 0 1 1 6 1 1 1 4 2 2 5 -1 -1 -1 -1 -1 -1 163772 0 15 40 20 22 2 5 2 5
0 0 0 1 4 1 6 1 1 4 2 2 6 -1 -1 -1 -1 -1 -1 164206 1 15 40 20 22 2 5 2 5
0 0 0 1 1 1 6 1 1 4 2 2 6 -1 -1 -1 -1 -1 -1 164672 0 15 40 20 22 2 5 2 5
0 0 0 1 1 3 6 1 1 4 2 2 6 5 1 7 2 0 0 165106 0 15 40 20 22 2 4 2 5
0 0 0 1 1 6 1 1 1 4 2 2 5 -1 -1 -1 -1 -1 -1 165573 0 15 40 20 22 2 4 2 5
0 0 0 1 6 1 1 4 1 4 2 2 4 -1 -1 -1 -1 -1 -1 166039 1 15 40 20 22 2 4 2 5
0 0 0 1 6 1 1 1 1 4 2 2 4 -1 -1 -1 -1 -1 -1 166473 0 15 40 20 22 2 4 2 5
0 0 0 1 7 1 1 1 1 4 2 2 4 4 0 6 1 1 1 166940 0 15 40 20 22 2 5 2 5
0 0 0 1 6 1 1 1 1 4 2 2 4 -1 -1 -1 -1 -1 -1 167406 0 15 40 20 22 2 5 2 5
0 0 0 1 6 1 4 1 1 4 2 2 4 -1 -1 -1 -1 -1 -1 167840 1 15 40 20 22 2 5 2 5
0 0 0 1 1 6 1 1 1 4 2 2 5 -1 -1 -1 -1 -1 -1 168306 0 15 40 20 22 2 5 2 5
0 0 0 1 1 6 3 1 1 4 2 2 5 6 2 5 0 0 0 168740 0 15 40 20 22 2 4 2 5
0 0 0 1 1 6 1 1 1 4 2 2 5 -1 -1 -1 -1 -1 -1 169207 0 15 40 20 22 2 4 2 5
0 0 0 4 1 6 1 1 1 4 2 2 5 -1 -1 -1 -1 -1 -1 169673 1 15 40 20 22 2 4 2 5
0 0 0 1 1 6 1 1 1 4 2 2 5 -1 -1 -1 -1 -1 -1 170107 0 15 40 20 22 2 4 2 5
0 0 0 1 1 6 1 3 1 4 2 2 5 7 1 7 2 0 0 170574 0 15 40 20 22 2 6 2 5
0 0 0 1 1 6 1 1 1 4 2 2 5 -1 -1 -1 -1 -1 -1 171040 0 15 40 20 22 2 6 2 5
0 0 0 1 1 6 4 1 1 4 2 2 5 -1 -1 -1 -1 -1 -1 171474 1 15 40 20 22 2 6 2 5
0 0 0 1 1 6 1 1 1 4 2 2 5 -1 -1 -1 -1 -1 -1 171941 0 15 40 20 22 2 6 2 5
0 0 0 1 1 1 6 3 1 4 2 2 6 7 3 8 3 0 0 172407 0 15 40 20 22 2 6 2 5
0 0 0 1 1 1 6 1 1 4 2 2 6 -1 -1 -1 -1 -1 -1 172841 0 15 40 20 22 2 6 2 5
0 0 0 1 1 4 6 1 1 4 2 2 6 -1 -1 -1 -1 -1 -1 173308 1 15 40 20 22 2 6 2 5
0 0 0 1 1 6 1 1 1 4 2 2 5 -1 -1 -1 -1 -1 -1 173741 0 15 40 20 22 2 6 2 5
0 0 0 1 1 7 1 1 1 4 2 2 5 5 1 7 2 1 1 174208 0 15 40 20 22 2 4 2 5
0 0 0 1 1 1 6 1 1 4 2 2 6 -1 -1 -1 -1 -1 -1 174641 0 15 40 21 23 2 4 2 5
0 0 0 1 1 4 6 1 1 4 2 2 6 -1 -1 -1 -1 -1 -1 175075 1 15 40 21 23 2 4 2 5
0 0 0 1 1 6 1 1 1 4 2 2 5 -1 -1 -1 -1 -1 -1 175508 0 15 40 21 23 2 4 2 5
0 0 0 1 8 1 1 1 1 4 2 2 4 4 2 5 0 0 1 175941 0 15 40 21 23 2 8 0 5
0 0 0 1 6 1 1 1 1 4 2 2 4 -1 -1 -1 -1 -1 -1 176408 0 15 40 20 22 2 8 0 5
0 0 0 1 6 4 1 1 1 4 2 2 4 -1 -1 -1 -1 -1 -1 176875 1 15 40 20 22 2 8 0 5
0 0 0 1 6 1 1 1 1 4 2 2 4 -1 -1 -1 -1 -1 -1 177308 0 15 40 20 22 2 8 0 5
0 0 0 1 6 1 3 1 1 4 2 2 4 6 0 6 1 0 0 177775 0 15 40 20 22 2 5 2 5
0 0 0 1 1 6 1 1 1 4 2 2 5 -1 -1 -1 -1 -1 -1 178209 0 15 40 20 22 2 5 2 5
0 0 0 1 1 1 6 4 1 4 2 2 6 -1 -1 -1 -1 -1 -1 178675 1 15 40 20 22 2 5 2 5
0 0 0 1 1 1 6 1 1 4 2 2 6 -1 -1 -1 -1 -1 -1 179142 0 15 40 20 22 2 5 2 5
0 0 0 1 3 6 1 1 1 4 2 2 5 4 3 8 3 0 0 179576 0 15 40 20 22 2 4 2 5
0 0 0 1 1 6 1 1 1 4 2 2 5 -1 -1 -1 -1 -1 -1 180042 0 15 40 20 22 2 4 2 5
0 0 0 1 1 6 1 1 2 0 3 1 5 -1 -1 -1 -1 -1 -1 189711 0 15 20 20 60 2 8 0 5
0 0 0 1 1 6 1 1 2 0 3 1 5 -1 -1 -1 -1 -1 -1 189878 0 15 20 20 60 2 8 0 5
0 0 0 1 1 6 1 1 2 0 3 1 5 -1 -1 -1 -1 -1 -1 190044 0 15 20 20 60 2 6 2 5
0 0 0 1 1 6 1 1 2 0 3 1 5 -1 -1 -1 -1 -1 -1 190211 0 15 20 20 52.4 2 6 2 5
0 0 0 1 1 6 1 1 2 0 3 1 5 -1 -1 -1 -1 -1 -1 190445 0 15 20 20 34.6666 2 6 2 5
0 0 0 1 1 6 1 1 2 0 3 1 5 -1 -1 -1 -1 -1 -1 190845 0 15 20 20 22 2 6 2 5
0 0 0 1 1 6 1 1 2 0 3 1 5 -1 -1 -1 -1 -1 -1 191311 0 15 20 20 22 2 4 2 5
0 0 0 1 1 6 1 1 2 0 3 1 5 -1 -1 -1 -1 -1 -1 191778 0 15 20 20 22 2 4 2 5
0 0 0 1 1 6 1 1 2 0 3 1 5 -1 -1 -1 -1 -1 -1 192212 0 15 20 20 22 2 4 2 5
0 0 0 1 1 6 1 1 2 0 3 1 5 -1 -1 -1 -1 -1 -1 192678 0 15 20 20 22 2 4 2 5
0 0 0 1 1 6 1 3 2 0 3 1 5 7 0 4 1 0 0 193145 0 15 20 20 22 2 4 2 5
0 0 0 1 1 6 1 1 2 0 3 1 5 -1 -1 -1 -1 -1 -1 193579 0 15 20 20 22 2 4 2 5
0 0 0 1 1 1 6 1 2 0 3 1 6 -1 -1 -1 -1 -1 -1 194045 0 15 20 20 22 2 4 2 5
0 0 0 1 1 1 6 1 2 0 3 1 6 -1 -1 -1 -1 -1 -1 194512 0 15 20 20 22 2 4 2 5
0 0 0 1 1 3 6 1 2 0 3 1 6 5 1 4 2 0 0 194946 0 15 20 20 22 2 6 2 5
0 0 0 1 1 1 6 1 2 0 3 1 6 -1 -1 -1 -1 -1 -1 195412 0 15 20 20 22 2 6 2 5
0 0 0 1 1 1 6 1 2 0 3 1 6 -1 -1 -1 -1 -1 -1 195846 0 15 20 20 22 2 6 2 5
0 0 0 1 1 1 6 1 2 0 3 1 6 -1 -1 -1 -1 -1 -1 196312 0 15 20 20 22 2 6 2 5
0 0 0 1 3 6 1 1 2 0 3 1 5 4 2 4 0 0 0 196779 0 15 20 20 22 2 5 2 5
0 0 0 1 1 6 1 1 2 0 3 1 5 -1 -1 -1 -1 -1 -1 197213 0 15 20 20 22 2 5 2 5
0 0 0 1 6 1 1 1 2 0 3 1 4 -1 -1 -1 -1 -1 -1 197679 0 15 20 20 22 2 5 2 5
0 0 0 1 1 6 1 1 2 0 3 1 5 -1 -1 -1 -1 -1 -1 198146 0 15 20 20 22 2 5 2 5
0 0 0 3 1 6 1 1 2 0 3 1 5 3 1 4 2 0 0 198580 0 15 20 20 22 2 5 2 5
0 0 0 1 1 6 1 1 2 0 3 1 5 -1 -1 -1 -1 -1 -1 199046 0 15 20 20 22 2 5 2 5
0 0 0 1 1 6 1 1 2 0 3 1 5 -1 -1 -1 -1 -1 -1 199513 0 15 20 20 22 2 5 2 5
0 0 0 1 1 6 1 1 2 0 3 1 5 -1 -1 -1 -1 -1 -1 199947 0 15 20 20 22 2 5 2 5
0 0 0 1 1 7 1 1 2 0 3 1 5 5 1 4 2 1 1 200413 0 15 20 20 22 2 6 2 5
0 0 0 1 1 6 1 1 2 0 3 1 5 -1 -1 -1 -1 -1 -1 200847 0 15 20 20 22 2 6 2 5
0 0 0 1 1 1 6 1 2 0 3 1 6 -1 -1 -1 -1 -1 -1 201314 0 15 20 20 22 2 6 2 5
0 0 0 1 1 1 6 1 2 0 3 1 6 -1 -1 -1 -1 -1 -1 201780 0 15 20 20 22 2 6 2 5
0 0 0 1 1 3 6 1 2 0 3 1 6 5 0 4 1 0 0 202214 0 15 20 20 22 2 8 0 5
0 0 0 1 1 1 6 1 2 0 3 1 6 -1 -1 -1 -1 -1 -1 202681 0 15 20 20 22 2 8 0 5
0 0 0 1 1 1 6 1 2 0 3 1 6 -1 -1 -1 -1 -1 -1 203147 0 15 20 20 22 2 8 0 5
0 0 0 1 1 1 6 1 2 0 3 1 6 -1 -1 -1 -1 -1 -1 203581 0 15 20 20 22 2 8 0 5
0 0 0 1 1 1 7 1 2 0 3 1 6 6 1 4 2 1 1 204047 0 15 20 20 22 2 6 2 5
0 0 0 1 1 1 6 1 2 0 3 1 6 -1 -1 -1 -1 -1 -1 204481 0 15 20 20 22 2 6 2 5
0 0 0 1 1 6 1 1 2 0 3 1 5 -1 -1 -1 -1 -1 -1 204948 0 15 20 20 22 2 6 2 5
0 0 0 1 1 6 1 1 2 0 3 1 5 -1 -1 -1 -1 -1 -1 205414 0 15 20 20 22 2 6 2 5
0 0 0 1 3 6 1 1 2 0 3 1 5 4 2 4 0 0 0 205848 0 15 20 20 22 2 4 2 5
0 0 0 1 1 6 1 1 2 0 3 1 5 -1 -1 -1 -1 -1 -1 206315 0 15 20 20 22 2 4 2 5
0 0 0 1 1 6 1 1 2 0 3 1 5 -1 -1 -1 -1 -1 -1 206781 0 15 20 20 22 2 4 2 5
0 0 0 1 1 6 1 1 2 0 3 1 5 -1 -1 -1 -1 -1 -1 207215 0 15 20 20 22 2 4 2 5
0 0 0 1 1 6 3 1 2 0 3 1 5 6 3 4 3 0 0 207682 0 15 20 20 22 2 4 2 5
0 0 0 1 1 6 1 1 2 0 3 1 5 -1 -1 -1 -1 -1 -1 208148 0 15 20 20 22 2 4 2 5
0 0 0 1 1 6 1 1 2 0 3 1 5 -1 -1 -1 -1 -1 -1 208582 0 15 20 20 22 2 4 2 5
0 0 0 1 1 6 1 1 2 0 3 1 5 -1 -1 -1 -1 -1 -1 209049 0 15 20 20 22 2 4 2 5
0 0 0 1 3 6 1 1 2 0 3 1 5 4 2 4 0 0 0 209482 0 15 20 20 22 2 6 2 5
0 0 0 1 1 6 1 1 2 0 3 1 5 -1 -1 -1 -1 -1 -1 209949 0 15 20 20 22 2 6 2 5
0 0 0 1 6 1 1 1 2 0 3 1 4 -1 -1 -1 -1 -1 -1 210415 0 15 20 20 22 2 6 2 5
0 0 0 1 6 1 1 1 2 0 3 1 4 -1 -1 -1 -1 -1 -1 210849 0 15 20 20 22 2 6 2 5
0 0 0 1 7 1 1 1 2 0 3 1 4 4 2 4 0 1 1 211316 0 15 20 20 22 2 5 2 5
0 0 0 1 6 1 1 1 2 0 3 1 4 -1 -1 -1 -1 -1 -1 211782 0 15 20 20 22 2 5 2 5
0 0 0 1 1 6 1 1 2 0 3 1 5 -1 -1 -1 -1 -1 -1 212216 0 15 20 20 22 2 5 2 5
0 0 0 1 1 6 1 1 2 0 3 1 5 -1 -1 -1 -1 -1 -1 212683 0 15 20 20 22 2 5 2 5
0 0 0 1 1 6 3 1 2 0 3 1 5 6 1 4 2 0 0 213149 0 15 20 20 22 2 5 2 5
0 0 0 1 1 6 1 1 2 0 3 1 5 -1 -1 -1 -1 -1 -1 213583 0 15 20 20 22 2 5 2 5
0 0 0 1 1 6 1 1 2 0 3 1 5 -1 -1 -1 -1 -1 -1 214050 0 15 20 20 22 2 5 2 5
0 0 0 1 1 6 1 1 2 0 3 1 5 -1 -1 -1 -1 -1 -1 214483 0 15 20 20 22 2 5 2 5
0 0 0 1 1 6 1 3 2 0 3 1 5 7 3 4 3 0 0 214950 0 15 20 20 22 2 6 2 5
0 0 0 1 1 6 1 1 2 0 3 1 5 -1 -1 -1 -1 -1 -1 215417 0 15 20 20 22 2 6 2 5
0 0 0 1 1 1 6 1 2 0 3 1 6 -1 -1 -1 -1 -1 -1 215850 0 15 20 20 22 2 6 2 5
0 0 0 1 1 1 6 1 2 0 3 1 6 -1 -1 -1 -1 -1 -1 216317 0 15 20 20 22 2 6 2 5
0 0 0 1 1 3 6 1 2 0 3 1 6 5 0 4 1 0 0 216784 0 15 20 20 22 2 8 0 5
0 0 0 1 1 1 6 1 2 0 3 1 6 -1 -1 -1 -1 -1 -1 217217 0 15 20 20 22 2 8 0 5
0 0 0 1 6 1 1 1 2 0 3 1 4 -1 -1 -1 -1 -1 -1 217684 0 15 20 20 22 2 8 0 5
0 0 0 1 6 1 1 1 2 0 3 1 4 -1 -1 -1 -1 -1 -1 218150 0 15 20 20 22 2 8 0 5
0 0 0 1 6 3 1 1 2 0 3 1 4 5 2 4 0 0 0 218584 0 15 20 20 22 2 6 2 5
0 0 0 1 6 1 1 1 2 0 3 1 4 -1 -1 -1 -1 -1 -1 219051 0 15 20 20 22 2 6 2 5
0 0 0 1 1 6 1 1 2 0 3 1 5 -1 -1 -1 -1 -1 -1 219484 0 15 20 20 22 2 6 2 5
0 0 0 1 1 1 6 1 2 0 3 1 6 -1 -1 -1 -1 -1 -1 219951 0 15 20 20 22 2 6 2 5
0 0 0 1 1 6 1 3 2 0 3 1 5 7 0 4 1 0 0 220418 0 15 20 20 22 2 4 2 5
0 0 0 1 1 6 1 1 2 0 3 1 5 -1 -1 -1 -1 -1 -1 220851 0 15 20 20 22 2 4 2 5
0 0 0 1 1 6 1 1 2 0 3 1 5 -1 -1 -1 -1 -1 -1 221318 0 15 20 20 22 2 4 2 5
0 0 0 1 1 6 1 1 2 0 3 1 5 -1 -1 -1 -1 -1 -1 221785 0 15 20 20 22 2 4 2 5
0 0 0 1 1 6 3 1 2 0 3 1 5 6 1 4 2 0 0 222218 0 15 20 20 22 2 4 2 5
0 0 0 1 1 6 1 1 2 0 3 1 5 -1 -1 -1 -1 -1 -1 222685 0 15 20 20 22 2 4 2 5
0 0 0 1 1 1 6 1 2 0 3 1 6 -1 -1 -1 -1 -1 -1 223118 0 15 20 20 22 2 4 2 5
0 0 0 1 1 1 1 6 2 0 3 1 7 -1 -1 -1 -1 -1 -1 223585 0 15 20 20 22 2 4 2 5
0 0 0 1 1 1 1 7 2 0 3 1 7 7 2 4 0 1 1 224052 0 15 20 20 22 2 6 2 5
0 0 0 1 1 1 1 6 2 0 3 1 7 -1 -1 -1 -1 -1 -1 224485 0 15 20 20 22 2 6 2 5
0 0 0 1 1 1 6 1 2 0 3 1 6 -1 -1 -1 -1 -1 -1 224952 0 15 20 20 22 2 6 2 5
0 0 0 1 1 1 6 1 2 0 3 1 6 -1 -1 -1 -1 -1 -1 225419 0 15 20 20 22 2 6 2 5
0 0 0 1 1 1 1 8 2 0 3 1 7 7 1 4 2 0 1 225852 0 15 20 20 22 2 5 2 5
0 0 0 1 1 1 1 6 2 0 3 1 7 -1 -1 -1 -1 -1 -1 226319 0 15 20 19 21 2 5 2 5
0 0 0 1 1 1 6 1 2 0 3 1 6 -1 -1 -1 -1 -1 -1 226819 0 15 20 19 21 2 5 2 5
0 0 0 1 1 6 1 1 2 0 3 1 5 -1 -1 -1 -1 -1 -1 227286 0 15 20 19 21 2 5 2 5
0 0 0 1 1 6 3 1 2 0 3 1 5 6 3 4 3 0 0 227753 0 15 20 19 21 2 5 2 5
0 0 0 1 1 6 1 1 2 0 3 1 5 -1 -1 -1 -1 -1 -1 228253 0 15 20 19 21 2 5 2 5
0 0 0 1 1 6 1 1 2 0 3 1 5 -1 -1 -1 -1 -1 -1 228719 0 15 20 19 21 2 5 2 5
0 0 0 1 1 6 1 1 2 0 3 1 5 -1 -1 -1 -1 -1 -1 229186 0 15 20 19 21 2 5 2 5
0 0 0 1 1 7 1 1 2 0 3 1 5 5 2 4 0 1 1 229653 0 15 20 19 21 2 6 2 5
0 0 0 1 1 6 1 1 2 0 3 1 5 -1 -1 -1 -1 -1 -1 230153 0 15 20 19 21 2 6 2 5
0 0 0 1 1 1 6 1 2 0 3 1 6 -1 -1 -1 -1 -1 -1 230620 0 15 20 19 21 2 6 2 5
0 0 0 1 1 1 6 1 2 0 3 1 6 -1 -1 -1 -1 -1 -1 231087 0 15 20 19 21 2 6 2 5
0 0 0 1 1 8 1 2 2 0 3 1 5 7 1 4 2 1 0 231587 0 15 20 19 21 2 8 0 5
0 0 0 1 1 6 1 1 2 0 3 1 5 -1 -1 -1 -1 -1 -1 232087 0 15 20 18 19 2 8 0 5
0 0 0 1 1 1 6 1 2 0 3 1 6 -1 -1 -1 -1 -1 -1 232620 0 15 20 18 19 2 8 0 5
0 0 0 1 1 1 6 1 2 0 3 1 6 -1 -1 -1 -1 -1 -1 233154 0 15 20 18 19 2 8 0 5
0 0 0 1 1 3 6 1 2 0 3 1 6 5 0 4 1 0 0 233654 0 15 20 18 19 2 6 2 5
0 0 0 1 1 1 6 1 2 0 3 1 6 -1 -1 -1 -1 -1 -1 234187 0 15 20 18 19 2 6 2 5
0 0 0 1 1 1 6 1 2 0 3 1 6 -1 -1 -1 -1 -1 -1 234721 0 15 20 18 19 2 6 2 5
0 0 0 1 1 1 6 1 2 0 3 1 6 -1 -1 -1 -1 -1 -1 235254 0 15 20 18 19 2 6 2 5
0 0 0 1 1 1 7 1 2 0 3 1 6 6 2 4 0 1 1 235788 0 15 20 18 19 2 4 2 5
0 0 0 1 1 1 6 1 2 0 3 1 6 -1 -1 -1 -1 -1 -1 236288 0 15 20 18 19 2 4 2 5
0 0 0 1 1 1 6 1 2 0 3 1 6 -1 -1 -1 -1 -1 -1 236821 0 15 20 18 19 2 4 2 5
0 0 0 1 1 1 6 1 2 0 3 1 6 -1 -1 -1 -1 -1 -1 237355 0 15 20 18 19 2 4 2 5
0 0 0 1 1 3 6 1 2 0 3 1 6 5 0 4 1 0 0 237888 0 15 20 18 19 2 4 2 5
0 0 0 1 1 6 1 1 2 0 3 1 5 -1 -1 -1 -1 -1 -1 238421 0 15 20 18 19 2 4 2 5
0 0 0 1 1 6 1 1 2 0 3 1 5 -1 -1 -1 -1 -1 -1 238922 0 15 20 18 19 2 4 2 5
0 0 0 1 1 6 1 1 2 0 3 1 5 -1 -1 -1 -1 -1 -1 239455 0 15 20 18 19 2 4 2 5
0 0 0 1 3 6 1 1 2 0 3 1 5 4 2 4 0 0 0 239988 0 15 20 18 19 2 6 2 5
0 0 0 1 1 6 1 1 2 0 3 1 5 -1 -1 -1 -1 -1 -1 240522 0 15 20 18 19 2 6 2 5
0 0 0 1 6 1 1 1 2 0 3 1 4 -1 -1 -1 -1 -1 -1 241022 0 15 20 18 19 2 6 2 5
0 0 0 1 6 1 1 1 2 0 3 1 4 -1 -1 -1 -1 -1 -1 241555 0 15 20 18 19 2 6 2 5
0 0 0 1 7 1 1 1 2 0 3 1 4 4 2 4 0 1 1 242089 0 15 20 18 19 2 5 2 5
0 0 0 1 1 6 1 1 3 1 3 2 5 -1 -1 -1 -1 -1 -1 248257 0 15 20 16 60 2 8 0 5
0 0 0 1 1 6 1 1 3 1 3 2 5 -1 -1 -1 -1 -1 -1 248424 0 15 20 16 60 2 8 0 5
0 0 0 1 1 6 1 1 3 1 3 2 5 -1 -1 -1 -1 -1 -1 248590 0 15 20 16 60 2 4 2 5
0 0 0 1 1 6 1 1 3 1 3 2 5 -1 -1 -1 -1 -1 -1 248757 0 15 20 16 50.6 2 4 2 5
0 0 0 1 1 6 1 1 3 1 3 2 5 -1 -1 -1 -1 -1 -1 249024 0 15 20 16 25.5333 2 4 2 5
0 0 0 1 1 6 1 1 3 1 3 2 5 -1 -1 -1 -1 -1 -1 249757 0 15 20 16 13 2 4 2 5
0 0 0 1 1 6 1 1 3 1 3 2 5 -1 -1 -1 -1 -1 -1 250524 0 15 20 16 13 2 6 2 5
0 0 0 1 1 6 1 1 3 1 3 2 5 -1 -1 -1 -1 -1 -1 251291 0 15 20 16 13 2 6 2 5
0 0 0 1 1 6 1 1 3 1 3 2 5 -1 -1 -1 -1 -1 -1 252058 0 15 20 16 13 2 6 2 5
0 0 0 1 1 6 1 1 3 1 3 2 5 -1 -1 -1 -1 -1 -1 252825 0 15 20 16 13 2 6 2 5
0 0 0 3 1 6 1 1 3 1 3 2 5 3 4 6 1 0 0 253591 0 15 20 16 13 2 5 2 5
0 0 0 1 1 6 1 1 3 1 3 2 5 -1 -1 -1 -1 -1 -1 254358 0 15 20 16 13 2 5 2 5
0 0 0 1 1 1 6 4 3 1 3 2 6 -1 -1 -1 -1 -1 -1 255125 1 15 20 16 13 2 5 2 5
0 0 0 1 1 1 6 1 3 1 3 2 6 -1 -1 -1 -1 -1 -1 255892 0 15 20 16 13 2 5 2 5
0 0 0 1 1 3 6 1 3 1 3 2 6 5 4 7 2 0 0 256692 0 15 20 16 13 2 5 2 5
0 0 0 1 1 1 6 1 3 1 3 2 6 -1 -1 -1 -1 -1 -1 257458 0 15 20 16 13 2 5 2 5
0 0 0 1 1 1 6 4 3 1 3 2 6 -1 -1 -1 -1 -1 -1 258225 1 15 20 16 13 2 5 2 5
0 0 0 1 1 1 6 1 3 1 3 2 6 -1 -1 -1 -1 -1 -1 258991 0 15 20 16 13 2 5 2 5
0 0 0 1 1 3 6 1 3 1 3 2 6 5 4 7 2 0 0 259758 0 15 20 16 13 2 6 2 5
0 0 0 1 1 1 6 1 3 1 3 2 6 -1 -1 -1 -1 -1 -1 260524 0 15 20 16 13 2 6 2 5
0 0 0 1 4 6 1 1 3 1 3 2 5 -1 -1 -1 -1 -1 -1 261291 1 15 20 16 13 2 6 2 5
0 0 0 1 1 6 1 1 3 1 3 2 5 -1 -1 -1 -1 -1 -1 262057 0 15 20 16 13 2 6 2 5
0 0 0 1 1 6 3 1 3 1 3 2 5 6 4 8 3 0 0 262824 0 15 20 16 13 2 6 2 5
0 0 0 1 1 6 1 1 3 1 3 2 5 -1 -1 -1 -1 -1 -1 263590 0 15 20 16 13 2 6 2 5
0 0 0 1 1 6 1 4 3 1 3 2 5 -1 -1 -1 -1 -1 -1 264357 1 15 20 16 13 2 6 2 5
0 0 0 1 1 6 1 1 3 1 3 2 5 -1 -1 -1 -1 -1 -1 265123 0 15 20 16 13 2 6 2 5
0 0 0 1 1 6 3 1 3 1 3 2 5 6 4 5 0 0 0 265889 0 15 20 16 13 2 6 2 5
0 0 0 1 1 1 6 1 3 1 3 2 6 -1 -1 -1 -1 -1 -1 266656 0 15 20 16 13 2 6 2 5
0 0 0 4 6 1 1 1 3 1 3 2 4 -1 -1 -1 -1 -1 -1 267456 1 15 20 16 13 2 6 2 5
0 0 0 1 1 6 1 1 3 1 3 2 5 -1 -1 -1 -1 -1 -1 268222 0 15 20 16 13 2 6 2 5
0 0 0 1 1 6 3 1 3 1 3 2 5 6 4 5 0 0 0 268989 0 15 20 16 13 2 8 0 5
0 0 0 1 1 6 1 1 3 1 3 2 5 -1 -1 -1 -1 -1 -1 269755 0 15 20 16 13 2 8 0 5
0 0 0 1 4 6 1 1 3 1 3 2 5 -1 -1 -1 -1 -1 -1 270522 1 15 20 16 13 2 8 0 5
0 0 0 1 6 1 1 1 3 1 3 2 4 -1 -1 -1 -1 -1 -1 271288 0 15 20 16 13 2 8 0 5
0 0 0 1 7 1 1 1 3 1 3 2 4 4 4 8 3 1 1 272055 0 15 20 16 13 2 4 2 5
0 0 0 1 6 1 1 1 3 1 3 2 4 -1 -1 -1 -1 -1 -1 272821 0 15 20 16 13 2 4 2 5
0 0 0 1 6 4 1 1 3 1 3 2 4 -1 -1 -1 -1 -1 -1 273588 1 15 20 16 13 2 4 2 5
0 0 0 1 6 1 1 1 3 1 3 2 4 -1 -1 -1 -1 -1 -1 274354 0 15 20 16 13 2 4 2 5
0 0 0 1 6 3 1 1 3 1 3 2 4 5 4 7 2 0 0 275121 0 15 20 16 13 2 6 2 5
0 0 0 1 6 1 1 1 3 1 3 2 4 -1 -1 -1 -1 -1 -1 275887 0 15 20 16 13 2 6 2 5
0 0 0 1 6 4 1 1 3 1 3 2 4 -1 -1 -1 -1 -1 -1 276654 1 15 20 16 13 2 6 2 5
0 0 0 1 1 1 6 1 3 1 3 2 6 -1 -1 -1 -1 -1 -1 277420 0 15 20 16 13 2 6 2 5
0 0 0 1 1 1 7 1 3 1 3 2 6 6 4 5 0 1 1 278220 0 15 20 16 13 2 5 2 5
0 0 0 1 1 1 6 1 3 1 3 2 6 -1 -1 -1 -1 -1 -1 278853 0 15 20 17 16 2 5 2 5
0 0 0 4 1 6 1 1 3 1 3 2 5 -1 -1 -1 -1 -1 -1 279486 1 15 20 17 16 2 5 2 5
0 0 0 1 1 6 1 1 3 1 3 2 5 -1 -1 -1 -1 -1 -1 280119 0 15 20 17 16 2 5 2 5
0 0 0 1 2 8 1 1 3 1 3 2 5 4 4 8 3 1 0 280719 0 15 20 17 16 2 5 2 5
0 0 0 1 6 1 1 1 3 1 3 2 4 -1 -1 -1 -1 -1 -1 281486 0 15 20 16 13 2 5 2 5
0 0 0 1 6 4 1 1 3 1 3 2 4 -1 -1 -1 -1 -1 -1 282252 1 15 20 16 13 2 5 2 5
0 0 0 1 1 6 1 1 3 1 3 2 5 -1 -1 -1 -1 -1 -1 283019 0 15 20 16 13 2 5 2 5
0 0 0 1 1 6 3 1 3 1 3 2 5 6 4 5 0 0 0 283785 0 15 20 16 13 2 6 2 5
0 0 0 1 1 6 1 1 3 1 3 2 5 -1 -1 -1 -1 -1 -1 284552 0 15 20 16 13 2 6 2 5
0 0 0 1 4 6 1 1 3 1 3 2 5 -1 -1 -1 -1 -1 -1 285318 1 15 20 16 13 2 6 2 5
0 0 0 1 1 1 6 1 3 1 3 2 6 -1 -1 -1 -1 -1 -1 286085 0 15 20 16 13 2 6 2 5
0 0 0 1 3 1 6 1 3 1 3 2 6 4 4 6 1 0 0 286851 0 15 20 16 13 2 6 2 5
0 0 0 1 1 1 6 1 3 1 3 2 6 -1 -1 -1 -1 -1 -1 287618 0 15 20 16 13 2 6 2 5
0 0 0 1 1 4 6 1 3 1 3 2 6 -1 -1 -1 -1 -1 -1 288384 1 15 20 16 13 2 6 2 5
0 0 0 1 1 6 1 1 3 1 3 2 5 -1 -1 -1 -1 -1 -1 289184 0 15 20 16 13 2 6 2 5
0 0 0 3 6 1 1 1 3 1 3 2 4 3 4 5 0 0 0 289950 0 15 20 16 13 2 6 2 5
0 0 0 1 6 1 1 1 3 1 3 2 4 -1 -1 -1 -1 -1 -1 290717 0 15 20 16 13 2 6 2 5
0 0 0 1 6 1 4 1 3 1 3 2 4 -1 -1 -1 -1 -1 -1 291483 1 15 20 16 13 2 6 2 5
0 0 0 1 6 1 1 1 3 1 3 2 4 -1 -1 -1 -1 -1 -1 292250 0 15 20 16 13 2 6 2 5
0 0 0 1 7 1 1 1 3 1 3 2 4 4 4 5 0 1 1 293016 0 15 20 16 13 2 8 0 5
0 0 0 1 6 1 1 1 3 1 3 2 4 -1 -1 -1 -1 -1 -1 293783 0 15 20 16 13 2 8 0 5
0 0 0 1 6 1 4 1 3 1 3 2 4 -1 -1 -1 -1 -1 -1 294549 1 15 20 16 13 2 8 0 5
0 0 0 1 1 1 6 1 3 1 3 2 6 -1 -1 -1 -1 -1 -1 295316 0 15 20 16 13 2 8 0 5
0 0 0 1 1 1 2 7 3 1 3 2 7 6 4 6 1 1 1 296082 0 15 20 16 13 2 4 2 5
0 0 0 1 1 1 1 6 3 1 3 2 7 -1 -1 -1 -1 -1 -1 296749 0 15 20 17 16 2 4 2 5
0 0 0 1 1 1 4 6 3 1 3 2 7 -1 -1 -1 -1 -1 -1 297348 1 15 20 17 16 2 4 2 5
0 0 0 1 1 1 6 1 3 1 3 2 6 -1 -1 -1 -1 -1 -1 297982 0 15 20 17 16 2 4 2 5
0 0 0 1 1 6 1 3 3 1 3 2 5 7 4 8 3 0 0 298615 0 15 20 17 16 2 6 2 5
0 0 0 1 1 6 1 1 3 1 3 2 5 -1 -1 -1 -1 -1 -1 299248 0 15 20 17 16 2 6 2 5
0 0 0 1 4 1 6 1 3 1 3 2 6 -1 -1 -1 -1 -1 -1 299848 1 15 20 17 16 2 6 2 5
0 0 0 1 1 1 6 1 3 1 3 2 6 -1 -1 -1 -1 -1 -1 300481 0 15 20 17 16 2 6 2 5
0 0 0 1 1 3 6 1 3 1 3 2 6 5 4 6 1 0 0 301114 0 15 20 17 16 2 5 2 5
0 0 0 1 1 1 6 1 3 1 3 2 6 -1 -1 -1 -1 -1 -1 301747 0 15 20 17 16 2 5 2 5
0 0 0 1 4 6 1 1 3 1 3 2 5 -1 -1 -1 -1 -1 -1 302347 1 15 20 17 16 2 5 2 5
0 0 0 1 1 6 1 1 3 1 3 2 5 -1 -1 -1 -1 -1 -1 302980 0 15 20 17 16 2 5 2 5
0 0 0 3 1 6 1 1 3 1 3 2 5 3 4 8 3 0 0 303614 0 15 20 17 16 2 5 2 5
0 0 0 1 6 1 1 1 3 1 3 2 4 -1 -1 -1 -1 -1 -1 304247 0 15 20 17 16 2 5 2 5
0 0 0 1 6 1 4 1 3 1 3 2 4 -1 -1 -1 -1 -1 -1 304847 1 15 20 17 16 2 5 2 5
0 0 0 1 6 1 1 1 3 1 3 2 4 -1 -1 -1 -1 -1 -1 305480 0 15 20 17 16 2 5 2 5
0 0 0 1 7 1 1 1 3 1 3 2 4 4 4 8 3 1 1 306113 0 15 20 17 16 2 6 2 5
0 0 0 1 6 1 1 1 3 1 3 2 4 -1 -1 -1 -1 -1 -1 306746 0 15 20 17 16 2 6 2 5
0 0 0 4 1 6 1 1 3 1 3 2 5 -1 -1 -1 -1 -1 -1 307346 1 15 20 17 16 2 6 2 5
0 0 0 1 1 6 1 1 3 1 3 2 5 -1 -1 -1 -1 -1 -1 307979 0 15 20 17 16 2 6 2 5
0 0 0 1 1 6 3 1 3 1 3 2 5 6 4 5 0 0 0 308612 0 15 20 17 16 2 6 2 5
0 0 0 1 1 6 1 1 3 1 3 2 5 -1 -1 -1 -1 -1 -1 309212 0 15 20 17 16 2 6 2 5
0 0 0 4 1 6 1 1 3 1 3 2 5 -1 -1 -1 -1 -1 -1 309845 1 15 20 17 16 2 6 2 5
0 0 0 1 1 6 1 1 3 1 3 2 5 -1 -1 -1 -1 -1 -1 310479 0 15 20 17 16 2 6 2 5
0 0 0 1 3 6 1 1 3 1 3 2 5 4 4 7 2 0 0 311112 0 15 20 17 16 2 6 2 5
0 0 0 1 1 6 1 1 3 1 3 2 5 -1 -1 -1 -1 -1 -1 311712 0 15 20 17 16 2 6 2 5
0 0 0 4 1 1 6 1 3 1 3 2 6 -1 -1 -1 -1 -1 -1 312345 1 15 20 17 16 2 6 2 5
0 0 0 1 1 1 6 1 3 1 3 2 6 -1 -1 -1 -1 -1 -1 312978 0 15 20 17 16 2 6 2 5
0 0 0 1 1 3 6 1 3 1 3 2 6 5 4 6 1 0 0 313611 0 15 20 17 16 2 8 0 5
0 0 0 1 1 1 6 1 3 1 3 2 6 -1 -1 -1 -1 -1 -1 314211 0 15 20 17 16 2 8 0 5
0 0 0 4 1 6 1 1 3 1 3 2 5 -1 -1 -1 -1 -1 -1 314844 1 15 20 17 16 2 8 0 5
0 0 0 1 1 6 1 1 3 1 3 2 5 -1 -1 -1 -1 -1 -1 315477 0 15 20 17 16 2 8 0 5
0 0 0 1 3 6 1 1 3 1 3 2 5 4 4 6 1 0 0 316111 0 15 20 17 16 2 4 2 5
0 0 0 1 1 6 1 1 3 1 3 2 5 -1 -1 -1 -1 -1 -1 316710 0 15 20 17 16 2 4 2 5
0 0 0 1 1 6 1 4 3 1 3 2 5 -1 -1 -1 -1 -1 -1 317344 1 15 20 17 16 2 4 2 5
0 0 0 1 1 6 1 1 3 1 3 2 5 -1 -1 -1 -1 -1 -1 317977 0 15 20 17 16 2 4 2 5
0 0 0 3 1 6 1 1 3 1 3 2 5 3 4 8 3 0 0 318610 0 15 20 17 16 2 6 2 5
0 0 0 1 1 6 1 1 3 1 3 2 5 -1 -1 -1 -1 -1 -1 319210 0 15 20 17 16 2 6 2 5
0 0 0 4 1 6 1 1 3 1 3 2 5 -1 -1 -1 -1 -1 -1 319843 1 15 20 17 16 2 6 2 5
0 0 0 1 1 6 1 1 3 1 3 2 5 -1 -1 -1 -1 -1 -1 320476 0 15 20 17 16 2 6 2 5
0 0 0 3 1 6 1 1 3 1 3 2 5 3 4 7 2 0 0 321109 0 15 20 17 16 2 5 2 5
0 0 0 1 1 6 1 1 3 1 3 2 5 -1 -1 -1 -1 -1 -1 321709 0 15 20 17 16 2 5 2 5
0 0 0 4 1 6 1 1 3 1 3 2 5 -1 -1 -1 -1 -1 -1 322342 1 15 20 17 16 2 5 2 5
0 0 0 1 1 6 1 1 3 1 3 2 5 -1 -1 -1 -1 -1 -1 322976 0 15 20 17 16 2 5 2 5
0 0 0 1 1 7 1 1 3 1 3 2 5 5 4 6 1 1 1 323609 0 15 20 17 16 2 5 2 5
0 0 0 1 1 6 1 1 4 2 3 2 5 -1 -1 -1 -1 -1 -1 333773 0 15 20 19 60 2 8 0 5
0 0 0 1 1 6 1 1 4 2 3 2 5 -1 -1 -1 -1 -1 -1 333940 0 15 20 19 60 2 8 0 5
0 0 0 1 1 6 1 1 4 2 3 2 5 -1 -1 -1 -1 -1 -1 334106 0 15 20 19 60 2 4 2 5
0 0 0 1 1 6 1 1 4 2 3 2 5 -1 -1 -1 -1 -1 -1 334273 0 15 20 19 52.2 2 4 2 5
0 0 0 1 1 6 1 1 4 2 3 2 5 -1 -1 -1 -1 -1 -1 334506 0 15 20 19 34 2 4 2 5
0 0 0 1 1 6 1 1 4 2 3 2 5 -1 -1 -1 -1 -1 -1 334939 0 15 20 19 21 2 4 2 5
0 0 0 1 1 6 1 1 4 2 3 2 5 -1 -1 -1 -1 -1 -1 335406 0 15 20 19 21 2 4 2 5
0 0 0 1 1 6 1 1 4 2 3 2 5 -1 -1 -1 -1 -1 -1 335906 0 15 20 19 21 2 4 2 5
0 0 0 1 1 6 1 1 4 2 3 2 5 -1 -1 -1 -1 -1 -1 336372 0 15 20 19 21 2 4 2 5
0 0 0 1 6 1 1 1 4 2 3 2 4 -1 -1 -1 -1 -1 -1 336839 0 15 20 19 21 2 4 2 5
0 0 0 1 6 3 1 1 4 2 3 2 4 5 5 4 3 0 0 337339 0 15 20 19 21 2 4 2 5
0 0 0 1 6 1 1 1 4 2 3 2 4 -1 -1 -1 -1 -1 -1 337805 0 15 20 19 21 2 4 2 5
0 0 0 1 6 1 1 4 4 2 3 2 4 -1 -1 -1 -1 -1 -1 338272 1 15 20 19 21 2 4 2 5
0 0 0 1 1 6 1 1 4 2 3 2 5 -1 -1 -1 -1 -1 -1 338738 0 15 20 19 21 2 4 2 5
0 0 0 1 6 1 1 3 4 2 3 2 4 7 5 4 0 0 0 339238 0 15 20 19 21 2 6 2 5
0 0 0 1 6 1 1 1 4 2 3 2 4 -1 -1 -1 -1 -1 -1 339705 0 15 20 19 21 2 6 2 5
0 0 0 1 6 1 4 1 4 2 3 2 4 -1 -1 -1 -1 -1 -1 340171 1 15 20 19 21 2 6 2 5
0 0 0 1 1 6 1 1 4 2 3 2 5 -1 -1 -1 -1 -1 -1 340671 0 15 20 19 21 2 6 2 5
0 0 0 1 1 6 1 3 4 2 3 2 5 7 5 4 3 0 0 341138 0 15 20 19 21 2 5 2 5
0 0 0 1 1 6 1 1 4 2 3 2 5 -1 -1 -1 -1 -1 -1 341604 0 15 20 19 21 2 5 2 5
0 0 0 1 1 6 1 4 4 2 3 2 5 -1 -1 -1 -1 -1 -1 342071 1 15 20 19 21 2 5 2 5
0 0 0 1 1 6 1 1 4 2 3 2 5 -1 -1 -1 -1 -1 -1 342571 0 15 20 19 21 2 5 2 5
0 0 0 1 1 1 6 3 4 2 3 2 6 7 5 4 1 0 0 343037 0 15 20 19 21 2 4 2 5
0 0 0 1 1 1 6 1 4 2 3 2 6 -1 -1 -1 -1 -1 -1 343504 0 15 20 19 21 2 4 2 5
0 0 0 1 1 4 6 1 4 2 3 2 6 -1 -1 -1 -1 -1 -1 344004 1 15 20 19 21 2 4 2 5
0 0 0 1 1 6 1 1 4 2 3 2 5 -1 -1 -1 -1 -1 -1 344470 0 15 20 19 21 2 4 2 5
0 0 0 1 1 8 1 1 4 2 3 2 5 5 5 4 3 0 1 344937 0 15 20 19 21 2 5 2 5
0 0 0 1 6 1 1 1 4 2 3 2 4 -1 -1 -1 -1 -1 -1 345470 0 15 20 18 19 2 5 2 5
0 0 0 1 6 4 1 1 4 2 3 2 4 -1 -1 -1 -1 -1 -1 345970 1 15 20 18 19 2 5 2 5
0 0 0 1 6 1 1 1 4 2 3 2 4 -1 -1 -1 -1 -1 -1 346503 0 15 20 18 19 2 5 2 5
0 0 0 3 6 1 1 1 4 2 3 2 4 3 5 4 0 0 0 347036 0 15 20 18 19 2 8 0 5
0 0 0 1 1 6 1 1 4 2 3 2 5 -1 -1 -1 -1 -1 -1 347570 0 15 20 18 19 2 8 0 5
0 0 0 1 1 6 4 1 4 2 3 2 5 -1 -1 -1 -1 -1 -1 348103 1 15 20 18 19 2 8 0 5
0 0 0 1 6 1 1 1 4 2 3 2 4 -1 -1 -1 -1 -1 -1 348603 0 15 20 18 19 2 8 0 5
0 0 0 1 8 1 1 1 4 2 3 2 4 4 5 4 3 0 1 349136 0 15 20 18 19 2 4 2 5
0 0 0 1 6 1 1 1 4 2 3 2 4 -1 -1 -1 -1 -1 -1 349736 0 15 20 17 16 2 4 2 5
0 0 0 1 1 6 1 4 4 2 3 2 5 -1 -1 -1 -1 -1 -1 350369 1 15 20 17 16 2 4 2 5
0 0 0 1 1 6 1 1 4 2 3 2 5 -1 -1 -1 -1 -1 -1 351002 0 15 20 17 16 2 4 2 5
0 0 0 2 1 8 1 1 4 2 3 2 5 3 5 4 3 1 0 351635 0 15 20 17 16 2 4 2 5
0 0 0 1 1 6 1 1 4 2 3 2 5 -1 -1 -1 -1 -1 -1 352368 0 15 20 16 13 2 4 2 5
0 0 0 1 1 1 6 4 4 2 3 2 6 -1 -1 -1 -1 -1 -1 353135 1 15 20 16 13 2 4 2 5
0 0 0 1 1 1 6 1 4 2 3 2 6 -1 -1 -1 -1 -1 -1 353901 0 15 20 16 13 2 4 2 5
0 0 0 1 1 3 6 1 4 2 3 2 6 5 5 4 1 0 0 354668 0 15 20 16 13 2 4 2 5
0 0 0 1 1 1 6 1 4 2 3 2 6 -1 -1 -1 -1 -1 -1 355434 0 15 20 16 13 2 4 2 5
0 0 0 1 4 1 6 1 4 2 3 2 6 -1 -1 -1 -1 -1 -1 356201 1 15 20 16 13 2 4 2 5
0 0 0 1 1 1 6 1 4 2 3 2 6 -1 -1 -1 -1 -1 -1 356967 0 15 20 16 13 2 4 2 5
0 0 0 1 1 1 7 1 4 2 3 2 6 6 5 4 3 1 1 357734 0 15 20 16 13 2 6 2 5
0 0 0 1 1 6 1 1 4 2 3 2 5 -1 -1 -1 -1 -1 -1 358534 0 15 20 16 13 2 6 2 5
0 0 0 1 6 1 1 4 4 2 3 2 4 -1 -1 -1 -1 -1 -1 359300 1 15 20 16 13 2 6 2 5
0 0 0 1 6 1 1 1 4 2 3 2 4 -1 -1 -1 -1 -1 -1 360067 0 15 20 16 13 2 6 2 5
0 0 0 6 1 3 1 1 4 2 3 2 3 5 5 4 1 0 0 360833 0 15 20 16 13 2 5 2 5
0 0 0 6 1 1 1 1 4 2 3 2 3 -1 -1 -1 -1 -1 -1 361599 0 15 20 16 13 2 5 2 5
0 0 0 6 4 1 1 1 4 2 3 2 3 -1 -1 -1 -1 -1 -1 362366 1 15 20 16 13 2 5 2 5
0 0 0 1 6 1 1 1 4 2 3 2 4 -1 -1 -1 -1 -1 -1 363132 0 15 20 16 13 2 5 2 5
0 0 0 1 3 6 1 1 4 2 3 2 5 4 5 4 3 0 0 363899 0 15 20 16 13 2 4 2 5
0 0 0 1 1 6 1 1 4 2 3 2 5 -1 -1 -1 -1 -1 -1 364665 0 15 20 16 13 2 4 2 5
0 0 0 1 1 1 6 4 4 2 3 2 6 -1 -1 -1 -1 -1 -1 365432 1 15 20 16 13 2 4 2 5
0 0 0 1 1 1 6 1 4 2 3 2 6 -1 -1 -1 -1 -1 -1 366198 0 15 20 16 13 2 4 2 5
0 0 0 1 1 1 7 1 4 2 3 2 6 6 5 4 3 1 1 366965 0 15 20 16 13 2 5 2 5
0 0 0 1 1 6 1 1 4 2 3 2 5 -1 -1 -1 -1 -1 -1 367631 0 15 20 17 16 2 5 2 5
0 0 0 1 1 6 4 1 4 2 3 2 5 -1 -1 -1 -1 -1 -1 368264 1 15 20 17 16 2 5 2 5
0 0 0 1 1 6 1 1 4 2 3 2 5 -1 -1 -1 -1 -1 -1 368864 0 15 20 17 16 2 5 2 5
0 0 0 1 1 6 3 1 4 2 3 2 5 6 5 4 0 0 0 369498 0 15 20 17 16 2 8 0 5
0 0 0 1 1 6 1 1 4 2 3 2 5 -1 -1 -1 -1 -1 -1 370131 0 15 20 17 16 2 8 0 5
0 0 0 1 1 6 4 1 4 2 3 2 5 -1 -1 -1 -1 -1 -1 370764 1 15 20 17 16 2 8 0 5
0 0 0 1 1 1 1 6 4 2 3 2 7 -1 -1 -1 -1 -1 -1 371364 0 15 20 17 16 2 8 0 5
0 0 0 1 1 1 1 7 4 2 3 2 7 7 5 4 3 1 1 371997 0 15 20 17 16 2 4 2 5
0 0 0 1 1 1 1 6 4 2 3 2 7 -1 -1 -1 -1 -1 -1 372630 0 15 20 17 16 2 4 2 5
0 0 0 1 1 1 4 6 4 2 3 2 7 -1 -1 -1 -1 -1 -1 373263 1 15 20 17 16 2 4 2 5
0 0 0 1 1 1 6 1 4 2 3 2 6 -1 -1 -1 -1 -1 -1 373863 0 15 20 17 16 2 4 2 5
0 0 0 1 1 8 1 1 4 2 3 2 5 5 5 4 1 0 1 374496 0 15 20 17 16 2 4 2 5
0 0 0 1 6 1 1 1 4 2 3 2 4 -1 -1 -1 -1 -1 -1 375229 0 15 20 16 13 2 4 2 5
0 0 0 1 6 4 1 1 4 2 3 2 4 -1 -1 -1 -1 -1 -1 375996 1 15 20 16 13 2 4 2 5
0 0 0 1 1 6 1 1 4 2 3 2 5 -1 -1 -1 -1 -1 -1 376762 0 15 20 16 13 2 4 2 5
0 0 0 1 2 8 1 1 4 2 3 2 5 4 5 4 0 1 0 377529 0 15 20 16 13 2 4 2 5
0 0 0 1 1 6 1 1 4 2 3 2 5 -1 -1 -1 -1 -1 -1 378495 0 15 20 15 10 2 4 2 5
0 0 0 1 1 6 4 1 4 2 3 2 5 -1 -1 -1 -1 -1 -1 379495 1 15 20 15 10 2 4 2 5
0 0 0 1 1 6 1 1 4 2 3 2 5 -1 -1 -1 -1 -1 -1 380495 0 15 20 15 10 2 4 2 5
0 0 0 1 3 6 1 1 4 2 3 2 5 4 5 4 2 0 0 381495 0 15 20 15 10 2 6 2 5
0 0 0 1 1 6 1 1 4 2 3 2 5 -1 -1 -1 -1 -1 -1 382494 0 15 20 15 10 2 6 2 5
0 0 0 4 1 1 6 1 4 2 3 2 6 -1 -1 -1 -1 -1 -1 383494 1 15 20 15 10 2 6 2 5
0 0 0 1 1 1 6 1 4 2 3 2 6 -1 -1 -1 -1 -1 -1 384494 0 15 20 15 10 2 6 2 5
0 0 0 1 1 3 6 1 4 2 3 2 6 5 5 4 3 0 0 385494 0 15 20 15 10 2 5 2 5
0 0 0 1 1 1 6 1 4 2 3 2 6 -1 -1 -1 -1 -1 -1 386493 0 15 20 15 10 2 5 2 5
0 0 0 1 1 4 6 1 4 2 3 2 6 -1 -1 -1 -1 -1 -1 387493 1 15 20 15 10 2 5 2 5
0 0 0 1 1 6 1 1 4 2 3 2 5 -1 -1 -1 -1 -1 -1 388493 0 15 20 15 10 2 5 2 5
0 0 0 1 3 6 1 1 4 2 3 2 5 4 5 4 2 0 0 389493 0 15 20 15 10 2 4 2 5
0 0 0 1 1 6 1 1 4 2 3 2 5 -1 -1 -1 -1 -1 -1 390492 0 15 20 15 10 2 4 2 5
0 0 0 4 1 6 1 1 4 2 3 2 5 -1 -1 -1 -1 -1 -1 391492 1 15 20 15 10 2 4 2 5
0 0 0 1 6 1 1 1 4 2 3 2 4 -1 -1 -1 -1 -1 -1 392492 0 15 20 15 10 2 4 2 5
0 0 0 1 6 1 3 1 4 2 3 2 4 6 5 4 0 0 0 393492 0 15 20 15 10 2 5 2 5
0 0 0 1 6 1 1 1 4 2 3 2 4 -1 -1 -1 -1 -1 -1 394491 0 15 20 15 10 2 5 2 5
0 0 0 1 6 4 1 1 4 2 3 2 4 -1 -1 -1 -1 -1 -1 395491 1 15 20 15 10 2 5 2 5
0 0 0 1 1 1 6 1 4 2 3 2 6 -1 -1 -1 -1 -1 -1 396491 0 15 20 15 10 2 5 2 5
0 0 0 1 1 1 7 1 4 2 3 2 6 6 5 4 3 1 1 397491 0 15 20 15 10 2 8 0 5
0 0 0 1 1 1 6 1 4 2 3 2 6 -1 -1 -1 -1 -1 -1 398490 0 15 20 15 10 2 8 0 5
0 0 0 1 4 1 6 1 4 2 3 2 6 -1 -1 -1 -1 -1 -1 399490 1 15 20 15 10 2 8 0 5
0 0 0 1 1 1 6 1 4 2 3 2 6 -1 -1 -1 -1 -1 -1 400490 0 15 20 15 10 2 8 0 5
0 0 0 1 1 1 8 1 4 2 3 2 6 6 5 4 1 0 1 401490 0 15 20 15 10 2 4 2 5
0 0 0 1 1 6 1 1 4 2 3 2 5 -1 -1 -1 -1 -1 -1 402489 0 15 20 15 10 2 4 2 5
0 0 0 1 4 6 1 1 4 2 3 2 5 -1 -1 -1 -1 -1 -1 403489 1 15 20 15 10 2 4 2 5
0 0 0 1 6 1 1 1 4 2 3 2 4 -1 -1 -1 -1 -1 -1 404489 0 15 20 15 10 2 4 2 5
0 0 0 1 6 3 1 1 4 2 3 2 4 5 5 4 2 0 0 405489 0 15 20 15 10 2 4 2 5
0 0 0 1 1 6 1 1 4 2 3 2 5 -1 -1 -1 -1 -1 -1 406488 0 15 20 15 10 2 4 2 5
0 0 0 4 1 6 1 1 4 2 3 2 5 -1 -1 -1 -1 -1 -1 407488 1 15 20 15 10 2 4 2 5
0 0 0 1 1 6 1 1 4 2 3 2 5 -1 -1 -1 -1 -1 -1 408488 0 15 20 15 10 2 4 2 5
0 0 0 1 3 1 6 1 4 2 3 2 6 4 5 4 2 0 0 409488 0 15 20 15 10 2 4 2 5
0 0 0 1 1 6 1 1 4 2 3 2 5 -1 -1 -1 -1 -1 -1 410488 0 15 20 15 10 2 4 2 5
0 0 0 1 4 1 6 1 4 2 3 2 6 -1 -1 -1 -1 -1 -1 411487 1 15 20 15 10 2 4 2 5
0 0 0 1 1 1 6 1 4 2 3 2 6 -1 -1 -1 -1 -1 -1 412487 0 15 20 15 10 2 4 2 5
0 0 0 1 1 1 7 1 4 2 3 2 6 6 5 4 1 1 1 413487 0 15 20 15 10 2 6 2 5
0 0 0 1 1 1 6 1 4 2 3 2 6 -1 -1 -1 -1 -1 -1 414487 0 15 20 15 10 2 6 2 5
0 0 0 1 1 4 6 1 4 2 3 2 6 -1 -1 -1 -1 -1 -1 415486 1 15 20 15 10 2 6 2 5
0 0 0 1 1 6 1 1 4 2 3 2 5 -1 -1 -1 -1 -1 -1 416486 0 15 20 15 10 2 6 2 5
0 0 0 1 3 6 1 1 4 2 3 2 5 4 5 4 0 0 0 417486 0 15 20 15 10 2 5 2 5
0 0 0 1 1 6 1 1 4 2 3 2 5 -1 -1 -1 -1 -1 -1 418486 0 15 20 15 10 2 5 2 5
0 0 0 4 1 6 1 1 4 2 3 2 5 -1 -1 -1 -1 -1 -1 419485 1 15 20 15 10 2 5 2 5
0 0 0 1 1 6 1 1 4 2 3 2 5 -1 -1 -1 -1 -1 -1 420485 0 15 20 15 10 2 5 2 5
0 0 0 3 1 6 1 1 4 2 3 2 5 3 5 4 3 0 0 421485 0 15 20 15 10 2 4 2 5
0 0 0 1 1 6 1 1 4 2 3 2 5 -1 -1 -1 -1 -1 -1 422485 0 15 20 15 10 2 4 2 5
0 0 0 1 1 6 1 4 4 2 3 2 5 -1 -1 -1 -1 -1 -1 423484 1 15 20 15 10 2 4 2 5
0 0 0 1 1 6 1 1 4 2 3 2 5 -1 -1 -1 -1 -1 -1 424484 0 15 20 15 10 2 4 2 5
0 0 0 2 1 8 1 1 4 2 3 2 5 3 5 4 1 1 0 425484 0 15 20 15 10 2 5 2 5
0 0 0 1 1 6 1 1 4 2 3 2 5 -1 -1 -1 -1 -1 -1 426484 0 15 20 15 10 2 5 2 5
0 0 0 1 4 6 1 1 4 2 3 2 5 -1 -1 -1 -1 -1 -1 427483 1 15 20 15 10 2 5 2 5
0 0 0 1 1 6 1 1 4 2 3 2 5 -1 -1 -1 -1 -1 -1 428483 0 15 20 15 10 2 5 2 5
0 0 0 1 1 8 1 1 4 2 3 2 5 5 5 4 2 0 1 429483 0 15 20 15 10 2 8 0 5
0 0 0 1 1 6 1 1 4 2 3 2 5 -1 -1 -1 -1 -1 -1 430483 0 15 20 15 10 2 8 0 5
0 0 0 1 6 1 4 1 4 2 3 2 4 -1 -1 -1 -1 -1 -1 431482 1 15 20 15 10 2 8 0 5
0 0 0 1 1 6 1 1 4 2 3 2 5 -1 -1 -1 -1 -1 -1 432482 0 15 20 15 10 2 8 0 5
0 0 0 1 3 6 1 1 4 2 3 2 5 4 5 4 1 0 0 433482 0 15 20 15 10 2 4 2 5
0 0 0 1 1 6 1 1 4 2 3 2 5 -1 -1 -1 -1 -1 -1 434482 0 15 20 15 10 2 4 2 5
0 0 0 1 4 6 1 1 4 2 3 2 5 -1 -1 -1 -1 -1 -1 435481 1 15 20 15 10 2 4 2 5
0 0 0 6 1 1 1 1 4 2 3 2 3 -1 -1 -1 -1 -1 -1 436481 0 15 20 15 10 2 4 2 5
0 0 0 7 1 1 1 1 4 2 3 2 3 3 5 4 1 1 1 437481 0 15 20 15 10 2 4 2 5
0 0 0 6 1 1 1 1 4 2 3 2 3 -1 -1 -1 -1 -1 -1 438481 0 15 20 15 10 2 4 2 5
0 0 0 6 1 4 1 1 4 2 3 2 3 -1 -1 -1 -1 -1 -1 439480 1 15 20 15 10 2 4 2 5
0 0 0 6 1 1 1 1 4 2 3 2 3 -1 -1 -1 -1 -1 -1 440480 0 15 20 15 10 2 4 2 5
0 0 0 6 1 3 1 1 4 2 3 2 3 5 5 4 3 0 0 441480 0 15 20 15 10 2 4 2 5
0 0 0 1 6 1 1 1 4 2 3 2 4 -1 -1 -1 -1 -1 -1 442480 0 15 20 15 10 2 4 2 5
0 0 0 1 1 6 1 4 4 2 3 2 5 -1 -1 -1 -1 -1 -1 443479 1 15 20 15 10 2 4 2 5
0 0 0 1 1 6 1 1 4 2 3 2 5 -1 -1 -1 -1 -1 -1 444479 0 15 20 15 10 2 4 2 5
0 0 0 3 1 6 1 1 4 2 3 2 5 3 5 4 0 0 0 445479 0 15 20 15 10 2 6 2 5
0 0 0 1 6 1 1 1 4 2 3 2 4 -1 -1 -1 -1 -1 -1 446479 0 15 20 15 10 2 6 2 5
0 0 0 1 1 6 1 4 4 2 3 2 5 -1 -1 -1 -1 -1 -1 447478 1 15 20 15 10 2 6 2 5
0 0 0 1 1 6 1 1 4 2 3 2 5 -1 -1 -1 -1 -1 -1 448478 0 15 20 15 10 2 6 2 5
0 0 0 1 3 1 6 1 4 2 3 2 6 4 5 4 2 0 0 449478 0 15 20 15 10 2 5 2 5
0 0 0 1 1 1 6 1 4 2 3 2 6 -1 -1 -1 -1 -1 -1 450478 0 15 20 15 10 2 5 2 5
0 0 0 1 1 4 6 1 4 2 3 2 6 -1 -1 -1 -1 -1 -1 451478 1 15 20 15 10 2 5 2 5
0 0 0 1 6 1 1 1 4 2 3 2 4 -1 -1 -1 -1 -1 -1 452477 0 15 20 15 10 2 5 2 5
0 0 0 7 1 1 1 1 4 2 3 2 3 3 5 4 3 1 1 453477 0 15 20 15 10 2 4 2 5
0 0 0 0 1 6 1 0 5 6 1 0 5 -1 -1 -1 -1 -1 -1 465307 0 15 40 17 60 2 8 0 3
0 0 0 0 1 6 1 0 5 6 1 0 5 -1 -1 -1 -1 -1 -1 465474 0 15 40 17 60 2 8 0 3
0 0 0 0 1 6 1 0 5 6 1 0 5 -1 -1 -1 -1 -1 -1 465641 0 15 40 17 60 2 6 2 3
0 0 0 0 1 6 1 0 5 6 1 0 5 -1 -1 -1 -1 -1 -1 465807 0 15 40 17 51.2 2 6 2 3
0 0 0 0 1 6 1 0 5 6 1 0 5 -1 -1 -1 -1 -1 -1 466074 0 15 40 17 27.7333 2 6 2 3
0 0 0 0 1 6 1 0 5 6 1 0 5 -1 -1 -1 -1 -1 -1 466640 0 15 40 17 16 2 6 2 3
0 0 0 0 1 6 1 0 5 6 1 0 5 -1 -1 -1 -1 -1 -1 467274 0 15 40 17 16 2 6 2 3
0 0 0 0 1 6 1 0 5 6 1 0 5 -1 -1 -1 -1 -1 -1 467907 0 15 40 17 16 2 6 2 3
0 0 0 0 1 6 1 0 5 6 1 0 5 -1 -1 -1 -1 -1 -1 468507 0 15 40 17 16 2 6 2 3
0 0 0 0 1 6 1 0 5 6 1 0 5 -1 -1 -1 -1 -1 -1 469140 0 15 40 17 16 2 6 2 3
0 0 0 0 1 7 1 0 5 6 1 0 5 5 5 4 4 1 1 469773 0 15 40 17 16 2 4 2 3
0 0 0 0 1 6 1 0 5 6 1 0 5 -1 -1 -1 -1 -1 -1 470406 0 15 40 17 16 2 4 2 3
0 0 0 0 6 1 1 0 5 6 1 0 4 -1 -1 -1 -1 -1 -1 471006 0 15 40 17 16 2 4 2 3
0 0 0 0 6 1 1 0 5 6 1 0 4 -1 -1 -1 -1 -1 -1 471639 0 15 40 17 16 2 4 2 3
0 0 0 0 7 1 1 0 5 6 1 0 4 4 5 4 4 1 1 472272 0 15 40 17 16 2 4 2 3
0 0 0 0 6 1 1 0 5 6 1 0 4 -1 -1 -1 -1 -1 -1 472806 0 15 40 18 19 2 4 2 3
0 0 0 0 1 6 1 0 5 6 1 0 5 -1 -1 -1 -1 -1 -1 473339 0 15 40 18 19 2 4 2 3
0 0 0 0 1 6 1 0 5 6 1 0 5 -1 -1 -1 -1 -1 -1 473872 0 15 40 18 19 2 4 2 3
0 0 0 0 1 7 1 0 5 6 1 0 5 5 5 4 4 1 1 474405 0 15 40 18 19 2 6 2 3
0 0 0 0 1 6 1 0 5 6 1 0 5 -1 -1 -1 -1 -1 -1 474905 0 15 40 18 19 2 6 2 3
0 0 0 0 6 1 1 0 5 6 1 0 4 -1 -1 -1 -1 -1 -1 475438 0 15 40 18 19 2 6 2 3
0 0 0 0 6 1 1 0 5 6 1 0 4 -1 -1 -1 -1 -1 -1 475972 0 15 40 18 19 2 6 2 3
0 0 0 0 7 1 1 0 5 6 1 0 4 4 5 4 4 1 1 476505 0 15 40 18 19 2 6 2 3
0 0 0 0 6 1 1 0 5 6 1 0 4 -1 -1 -1 -1 -1 -1 476971 0 15 40 19 21 2 6 2 3
0 0 0 0 1 6 1 0 5 6 1 0 5 -1 -1 -1 -1 -1 -1 477471 0 15 40 19 21 2 6 2 3
0 0 0 0 1 6 1 0 5 6 1 0 5 -1 -1 -1 -1 -1 -1 477938 0 15 40 19 21 2 6 2 3
0 0 0 0 1 7 1 0 5 6 1 0 5 5 5 4 4 1 1 478404 0 15 40 19 21 2 6 2 3
0 0 0 0 1 6 1 0 5 6 1 0 5 -1 -1 -1 -1 -1 -1 478871 0 15 40 19 21 2 6 2 3
0 0 0 0 1 6 1 0 5 6 1 0 5 -1 -1 -1 -1 -1 -1 479371 0 15 40 19 21 2 6 2 3
0 0 0 0 1 6 1 0 5 6 1 0 5 -1 -1 -1 -1 -1 -1 479837 0 15 40 19 21 2 6 2 3
0 0 0 0 1 7 1 0 5 6 1 0 5 5 5 4 4 1 1 480304 0 15 40 19 21 2 8 0 3
0 0 0 0 1 6 1 0 5 6 1 0 5 -1 -1 -1 -1 -1 -1 480770 0 15 40 20 22 2 8 0 3
0 0 0 0 6 1 1 0 5 6 1 0 4 -1 -1 -1 -1 -1 -1 481237 0 15 40 20 22 2 8 0 3
0 0 0 0 6 1 1 0 5 6 1 0 4 -1 -1 -1 -1 -1 -1 481670 0 15 40 20 22 2 8 0 3
0 0 0 0 7 1 1 0 5 6 1 0 4 4 5 4 4 1 1 482137 0 15 40 20 22 2 6 2 3
0 0 0 0 6 1 1 0 5 6 1 0 4 -1 -1 -1 -1 -1 -1 482570 0 15 40 20 22 2 6 2 3
0 0 0 0 1 6 1 0 5 6 1 0 5 -1 -1 -1 -1 -1 -1 483036 0 15 40 20 22 2 6 2 3
0 0 0 0 1 6 1 0 5 6 1 0 5 -1 -1 -1 -1 -1 -1 483503 0 15 40 20 22 2 6 2 3
0 0 0 1 1 7 1 1 5 6 1 0 5 5 5 4 4 1 1 483936 0 15 40 20 22 2 6 2 5
0 0 0 1 1 6 1 1 5 6 1 0 5 -1 -1 -1 -1 -1 -1 484403 0 15 40 21 23 2 6 2 5
0 0 0 1 1 1 6 1 5 6 1 0 6 -1 -1 -1 -1 -1 -1 484836 0 15 40 21 23 2 6 2 5
0 0 0 1 1 1 6 1 5 6 1 0 6 -1 -1 -1 -1 -1 -1 485269 0 15 40 21 23 2 6 2 5
0 0 0 1 1 1 7 1 5 6 1 0 6 6 5 4 4 1 1 485702 0 15 40 21 23 2 4 2 5
0 0 0 1 1 6 1 1 5 6 1 1 5 -1 -1 -1 -1 -1 -1 486136 0 15 40 21 23 2 4 2 5
0 0 0 1 6 1 1 1 5 6 1 1 4 -1 -1 -1 -1 -1 -1 486569 0 15 40 21 23 2 4 2 5
0 0 0 1 6 1 1 1 5 6 1 1 4 -1 -1 -1 -1 -1 -1 487002 0 15 40 21 23 2 4 2 5
0 0 0 1 7 1 1 1 5 6 1 1 4 4 5 4 4 1 1 487435 0 15 40 21 23 2 4 2 5
0 0 0 1 6 1 1 1 5 6 1 1 4 -1 -1 -1 -1 -1 -1 487835 0 15 40 22 24 2 4 2 5
0 0 0 1 6 1 1 1 5 6 1 1 4 -1 -1 -1 -1 -1 -1 488269 0 15 40 22 24 2 4 2 5
0 0 0 1 6 1 1 1 5 6 1 1 4 -1 -1 -1 -1 -1 -1 488668 0 15 40 22 24 2 4 2 5
0 0 0 1 7 1 1 1 5 6 1 1 4 4 5 4 4 1 1 489102 0 15 40 22 24 2 6 2 5
0 0 0 1 6 1 1 1 5 6 1 1 4 -1 -1 -1 -1 -1 -1 489502 0 15 40 22 24 2 6 2 5
0 0 0 1 1 6 1 1 5 6 1 1 5 -1 -1 -1 -1 -1 -1 489935 0 15 40 22 24 2 6 2 5
0 0 0 1 1 6 1 1 5 6 1 1 5 -1 -1 -1 -1 -1 -1 490335 0 15 40 22 24 2 6 2 5
0 0 0 1 1 7 1 1 5 6 1 1 5 5 5 4 4 1 1 490768 0 15 40 22 24 2 6 2 5
0 0 0 1 1 6 1 1 5 6 1 1 5 -1 -1 -1 -1 -1 -1 491168 0 15 40 23 25 2 6 2 5
0 0 0 1 1 1 6 1 5 6 1 1 6 -1 -1 -1 -1 -1 -1 491568 0 15 40 23 25 2 6 2 5
0 0 0 1 1 1 6 1 5 6 1 1 6 -1 -1 -1 -1 -1 -1 491968 0 15 40 23 25 2 6 2 5
0 0 0 1 1 1 7 1 5 6 1 1 6 6 5 4 4 1 1 492368 0 15 40 23 25 2 6 2 5
0 0 0 1 1 6 1 1 5 6 1 1 5 -1 -1 -1 -1 -1 -1 492767 0 15 40 23 25 2 6 2 5
0 0 0 1 6 1 1 1 5 6 1 1 4 -1 -1 -1 -1 -1 -1 493167 0 15 40 23 25 2 6 2 5
0 0 0 1 6 1 1 1 5 6 1 1 4 -1 -1 -1 -1 -1 -1 493567 0 15 40 23 25 2 6 2 5
0 0 0 1 7 1 1 1 5 6 1 1 4 4 5 4 4 1 1 493967 0 15 40 23 25 2 8 0 5
0 0 0 1 6 1 1 1 5 6 1 1 4 -1 -1 -1 -1 -1 -1 494367 0 15 40 24 25.5 2 8 0 5
0 0 0 1 6 1 1 1 5 6 1 1 4 -1 -1 -1 -1 -1 -1 494767 0 15 40 24 25.5 2 8 0 5
0 0 0 1 6 1 1 1 5 6 1 1 4 -1 -1 -1 -1 -1 -1 495134 0 15 40 24 25.5 2 8 0 5
0 0 0 1 7 1 1 1 5 6 1 1 4 4 5 4 4 1 1 495533 0 15 40 24 25.5 2 6 2 5
0 0 0 1 6 1 1 1 5 6 1 1 4 -1 -1 -1 -1 -1 -1 495933 0 15 40 24 25.5 2 6 2 5
0 0 0 1 1 6 1 1 5 6 1 1 5 -1 -1 -1 -1 -1 -1 496333 0 15 40 24 25.5 2 6 2 5
0 0 0 1 1 6 1 1 5 6 1 1 5 -1 -1 -1 -1 -1 -1 496700 0 15 40 24 25.5 2 6 2 5
0 0 0 1 1 7 1 1 5 6 1 1 5 5 5 4 4 1 1 497100 0 15 40 24 25.5 2 6 2 5
0 0 0 1 1 6 1 1 5 6 1 1 5 -1 -1 -1 -1 -1 -1 497500 0 15 40 25 26 2 6 2 5
0 0 0 1 6 1 1 1 5 6 1 1 4 -1 -1 -1 -1 -1 -1 497866 0 15 40 25 26 2 6 2 5
0 0 0 6 1 1 1 1 5 6 1 1 3 -1 -1 -1 -1 -1 -1 498266 0 15 40 25 26 2 6 2 5
0 0 0 7 1 1 1 1 5 6 1 1 3 3 5 4 4 1 1 498633 0 15 40 25 26 2 4 2 5
0 0 0 6 1 1 1 1 5 6 1 1 3 -1 -1 -1 -1 -1 -1 499033 0 15 40 25 26 2 4 2 5
0 0 0 1 6 1 1 1 5 6 1 1 4 -1 -1 -1 -1 -1 -1 499399 0 15 40 25 26 2 4 2 5
0 0 0 1 6 1 1 1 5 6 1 1 4 -1 -1 -1 -1 -1 -1 499799 0 15 40 25 26 2 4 2 5
0 0 0 1 7 1 1 1 5 6 1 1 4 4 5 4 4 1 1 500166 0 15 40 25 26 2 4 2 5
0 0 0 1 6 1 1 1 5 6 1 2 4 -1 -1 -1 -1 -1 -1 500566 0 15 40 26 26.5 2 4 2 5
0 0 0 1 1 6 1 1 5 6 1 2 5 -1 -1 -1 -1 -1 -1 500932 0 15 40 26 26.5 2 4 2 5
0 0 0 1 1 1 6 1 5 6 1 2 6 -1 -1 -1 -1 -1 -1 501299 0 15 40 26 26.5 2 4 2 5
0 0 0 1 1 1 7 1 5 6 1 2 6 6 5 4 4 1 1 501699 0 15 40 26 26.5 2 6 2 5
0 0 0 1 1 1 6 1 5 6 1 2 6 -1 -1 -1 -1 -1 -1 502065 0 15 40 26 26.5 2 6 2 5
0 0 0 1 4 1 6 1 5 6 1 2 6 -1 -1 -1 -1 -1 -1 502432 1 15 40 26 26.5 2 6 2 5
0 0 0 1 6 1 1 1 5 6 1 2 4 -1 -1 -1 -1 -1 -1 502832 0 15 40 26 26.5 2 6 2 5
0 0 0 1 7 1 1 1 5 6 1 2 4 4 5 4 4 1 1 503198 0 15 40 26 26.5 2 6 2 5
0 0 0 6 1 1 1 1 5 6 1 2 3 -1 -1 -1 -1 -1 -1 503565 0 15 40 27 27 2 6 2 5
0 0 0 6 4 1 1 1 5 6 1 2 3 -1 -1 -1 -1 -1 -1 503931 1 15 40 27 27 2 6 2 5
0 0 0 1 6 1 1 1 5 6 1 2 4 -1 -1 -1 -1 -1 -1 504298 0 15 40 27 27 2 6 2 5
0 0 0 1 1 7 1 1 5 6 1 2 5 5 5 4 4 1 1 504665 0 15 40 27 27 2 6 2 5
0 0 0 1 1 6 1 1 5 6 1 2 5 -1 -1 -1 -1 -1 -1 505064 0 15 40 27 27 2 6 2 5
0 0 0 1 1 6 1 1 5 6 1 2 5 -1 -1 -1 -1 -1 -1 505431 0 15 40 26 6.625 2 6 2 5
0 0 0 1 1 6 1 1 5 6 1 2 5 -1 -1 -1 -1 -1 -1 506564 0 15 40 26 11.13 2 6 2 5
0 0 0 1 1 7 1 1 5 6 1 2 5 5 5 4 4 1 1 507364 0 15 40 26 14.31 2 8 0 5
0 0 0 1 1 1 6 1 5 6 1 2 6 -1 -1 -1 -1 -1 -1 507997 0 15 40 27 17.145 2 8 0 5
0 0 0 1 4 1 6 1 5 6 1 2 6 -1 -1 -1 -1 -1 -1 508530 1 15 40 27 19.305 2 8 0 5
0 0 0 1 1 1 6 1 5 6 1 2 6 -1 -1 -1 -1 -1 -1 509030 0 15 40 27 21.33 2 8 0 5
0 0 0 1 1 1 7 1 5 6 1 2 6 6 5 4 4 1 1 509463 0 15 40 27 23.085 2 6 2 5
0 0 0 1 1 1 6 1 5 6 1 2 6 -1 -1 -1 -1 -1 -1 509897 0 15 40 27 24.84 2 6 2 5
0 0 0 1 1 4 1 6 5 6 1 2 7 -1 -1 -1 -1 -1 -1 510296 1 15 40 27 26.46 2 6 2 5
0 0 0 1 1 1 1 6 5 6 1 2 7 -1 -1 -1 -1 -1 -1 510663 0 15 40 27 27 2 6 2 5
0 0 0 1 1 1 1 7 5 6 1 2 7 7 5 4 4 1 1 511030 0 15 40 27 27 2 6 2 5
0 0 0 1 1 1 1 6 5 6 1 2 7 -1 -1 -1 -1 -1 -1 511396 0 15 40 28 27.5 2 6 2 5
0 0 0 1 1 4 1 6 5 6 1 2 7 -1 -1 -1 -1 -1 -1 511763 1 15 40 28 27.5 2 6 2 5
0 0 0 1 1 1 1 6 5 6 1 2 7 -1 -1 -1 -1 -1 -1 512129 0 15 40 28 27.5 2 6 2 5
0 0 0 1 1 1 1 7 5 6 1 2 7 7 5 4 4 1 1 512496 0 15 40 28 27.5 2 4 2 5
0 0 0 1 1 6 1 1 6 2 2 1 5 -1 -1 -1 -1 -1 -1 520361 0 15 20 16 60 2 8 0 5
0 0 0 1 1 6 1 1 6 2 2 1 5 -1 -1 -1 -1 -1 -1 520527 0 15 20 16 60 2 8 0 5
0 0 0 1 1 6 1 1 6 2 2 1 5 -1 -1 -1 -1 -1 -1 520694 0 15 20 16 60 2 4 2 5
0 0 0 1 1 6 1 1 6 2 2 1 5 -1 -1 -1 -1 -1 -1 520861 0 15 20 16 50.6 2 4 2 5
0 0 0 1 1 6 1 1 6 2 2 1 5 -1 -1 -1 -1 -1 -1 521127 0 15 20 16 25.5333 2 4 2 5
0 0 0 1 1 6 1 1 6 2 2 1 5 -1 -1 -1 -1 -1 -1 521860 0 15 20 16 13 2 4 2 5
0 0 0 1 1 6 1 1 6 2 2 1 5 -1 -1 -1 -1 -1 -1 522627 0 15 20 16 13 2 5 2 5
0 0 0 1 1 6 1 1 6 2 2 1 5 -1 -1 -1 -1 -1 -1 523393 0 15 20 16 13 2 5 2 5
0 0 0 1 1 1 6 1 6 2 2 1 6 -1 -1 -1 -1 -1 -1 524160 0 15 20 16 13 2 5 2 5
0 0 0 1 1 1 6 1 6 2 2 1 6 -1 -1 -1 -1 -1 -1 524926 0 15 20 16 13 2 5 2 5
0 0 0 1 1 3 6 1 6 2 2 1 6 5 5 4 1 0 0 525693 0 15 20 16 13 2 5 2 5
0 0 0 1 1 1 6 1 6 2 2 1 6 -1 -1 -1 -1 -1 -1 526459 0 15 20 16 13 2 5 2 5
0 0 0 1 1 6 1 1 6 2 2 1 5 -1 -1 -1 -1 -1 -1 527226 0 15 20 16 13 2 5 2 5
0 0 0 1 1 6 1 1 6 2 2 1 5 -1 -1 -1 -1 -1 -1 527992 0 15 20 16 13 2 5 2 5
0 0 0 1 1 6 1 3 6 2 2 1 5 7 5 4 3 0 0 528792 0 15 20 16 13 2 6 2 5
0 0 0 1 1 6 1 1 6 2 2 1 5 -1 -1 -1 -1 -1 -1 529558 0 15 20 16 13 2 6 2 5
0 0 0 1 1 6 1 1 6 2 2 1 5 -1 -1 -1 -1 -1 -1 530325 0 15 20 16 13 2 6 2 5
0 0 0 1 1 6 1 1 6 2 2 1 5 -1 -1 -1 -1 -1 -1 531091 0 15 20 16 13 2 6 2 5
0 0 0 1 1 7 1 1 6 2 2 1 5 5 5 4 1 1 1 531858 0 15 20 16 13 2 6 2 5
0 0 0 1 1 6 1 1 6 2 2 1 5 -1 -1 -1 -1 -1 -1 532624 0 15 20 16 13 2 6 2 5
0 0 0 1 1 6 1 1 6 2 2 1 5 -1 -1 -1 -1 -1 -1 533391 0 15 20 16 13 2 6 2 5
0 0 0 1 1 6 1 1 6 2 2 1 5 -1 -1 -1 -1 -1 -1 534157 0 15 20 16 13 2 6 2 5
0 0 0 1 1 6 3 1 6 2 2 1 5 6 5 4 0 0 0 534924 0 15 20 16 13 2 6 2 5
0 0 0 1 1 6 1 1 6 2 2 1 5 -1 -1 -1 -1 -1 -1 535690 0 15 20 16 13 2 6 2 5
0 0 0 1 1 6 1 1 6 2 2 1 5 -1 -1 -1 -1 -1 -1 536457 0 15 20 16 13 2 6 2 5
0 0 0 1 1 6 1 1 6 2 2 1 5 -1 -1 -1 -1 -1 -1 537223 0 15 20 16 13 2 6 2 5
0 0 0 1 1 6 3 1 6 2 2 1 5 6 5 4 3 0 0 537990 0 15 20 16 13 2 5 2 5
0 0 0 1 1 6 1 1 6 2 2 1 5 -1 -1 -1 -1 -1 -1 538756 0 15 20 16 13 2 5 2 5
0 0 0 1 1 1 6 1 6 2 2 1 6 -1 -1 -1 -1 -1 -1 539556 0 15 20 16 13 2 5 2 5
0 0 0 1 1 1 6 1 6 2 2 1 6 -1 -1 -1 -1 -1 -1 540323 0 15 20 16 13 2 5 2 5
0 0 0 1 1 1 8 1 6 2 2 1 6 6 5 4 1 0 1 541089 0 15 20 16 13 2 8 0 5
0 0 0 1 1 1 6 1 6 2 2 1 6 -1 -1 -1 -1 -1 -1 542055 0 15 20 15 10 2 8 0 5
0 0 0 1 1 6 1 1 6 2 2 1 5 -1 -1 -1 -1 -1 -1 543055 0 15 20 15 10 2 8 0 5
0 0 0 1 1 6 1 1 6 2 2 1 5 -1 -1 -1 -1 -1 -1 544055 0 15 20 15 10 2 8 0 5
0 0 0 1 1 6 3 1 6 2 2 1 5 6 5 4 2 0 0 545055 0 15 20 15 10 2 4 2 5
0 0 0 1 1 6 1 1 6 2 2 1 5 -1 -1 -1 -1 -1 -1 546054 0 15 20 15 10 2 4 2 5
0 0 0 1 1 1 1 6 6 2 2 1 7 -1 -1 -1 -1 -1 -1 547054 0 15 20 15 10 2 4 2 5
0 0 0 1 1 1 1 6 6 2 2 1 7 -1 -1 -1 -1 -1 -1 548054 0 15 20 15 10 2 4 2 5
0 0 0 1 1 1 1 8 6 2 2 1 7 7 5 4 3 0 1 549020 0 15 20 15 10 2 5 2 5
0 0 0 1 1 1 6 1 6 2 2 1 6 -1 -1 -1 -1 -1 -1 550020 0 15 20 15 10 2 5 2 5
0 0 0 1 1 6 1 1 6 2 2 1 5 -1 -1 -1 -1 -1 -1 551020 0 15 20 15 10 2 5 2 5
0 0 0 1 1 6 1 1 6 2 2 1 5 -1 -1 -1 -1 -1 -1 552020 0 15 20 15 10 2 5 2 5
0 0 0 1 1 6 1 3 6 2 2 1 5 7 5 4 0 0 0 553019 0 15 20 15 10 2 5 2 5
0 0 0 1 1 6 1 1 6 2 2 1 5 -1 -1 -1 -1 -1 -1 554019 0 15 20 15 10 2 5 2 5
0 0 0 1 1 1 6 1 6 2 2 1 6 -1 -1 -1 -1 -1 -1 555019 0 15 20 15 10 2 5 2 5
0 0 0 1 1 1 6 1 6 2 2 1 6 -1 -1 -1 -1 -1 -1 556019 0 15 20 15 10 2 5 2 5
0 0 0 1 1 1 7 1 6 2 2 1 6 6 5 4 3 1 1 557018 0 15 20 15 10 2 6 2 5
0 0 0 1 1 6 1 1 6 2 2 1 5 -1 -1 -1 -1 -1 -1 558018 0 15 20 15 10 2 6 2 5
0 0 0 1 1 6 1 1 6 2 2 1 5 -1 -1 -1 -1 -1 -1 559018 0 15 20 15 10 2 6 2 5
0 0 0 1 1 6 1 1 6 2 2 1 5 -1 -1 -1 -1 -1 -1 560018 0 15 20 15 10 2 6 2 5
0 0 0 1 8 1 1 1 6 2 2 1 4 4 5 4 1 0 1 561017 0 15 20 15 10 2 6 2 5
0 0 0 1 6 1 1 1 6 2 2 1 4 -1 -1 -1 -1 -1 -1 562017 0 15 20 15 10 2 6 2 5
0 0 0 1 1 6 1 1 6 2 2 1 5 -1 -1 -1 -1 -1 -1 563017 0 15 20 15 10 2 6 2 5
0 0 0 1 1 1 6 1 6 2 2 1 6 -1 -1 -1 -1 -1 -1 564017 0 15 20 15 10 2 6 2 5
0 0 0 1 1 2 8 1 6 2 2 1 6 5 5 4 3 1 0 565016 0 15 20 15 10 2 6 2 5
0 0 0 1 1 6 1 1 6 2 2 1 5 -1 -1 -1 -1 -1 -1 566016 0 15 20 15 10 2 6 2 5
0 0 0 6 1 1 1 1 6 2 2 1 3 -1 -1 -1 -1 -1 -1 567016 0 15 20 15 10 2 6 2 5
0 0 0 6 1 1 1 1 6 2 2 1 3 -1 -1 -1 -1 -1 -1 568016 0 15 20 15 10 2 6 2 5
0 0 0 7 1 1 1 1 6 2 2 1 3 3 5 4 1 1 1 569016 0 15 20 15 10 2 5 2 5
0 0 0 6 1 1 1 1 6 2 2 1 3 -1 -1 -1 -1 -1 -1 570015 0 15 20 15 10 2 5 2 5
0 0 0 1 1 6 1 1 6 2 2 1 5 -1 -1 -1 -1 -1 -1 571015 0 15 20 15 10 2 5 2 5
0 0 0 1 1 1 6 1 6 2 2 1 6 -1 -1 -1 -1 -1 -1 572015 0 15 20 15 10 2 5 2 5
0 0 0 1 1 3 6 1 6 2 2 1 6 5 5 4 2 0 0 573015 0 15 20 15 10 2 8 0 5
0 0 0 1 1 1 6 1 6 2 2 1 6 -1 -1 -1 -1 -1 -1 574014 0 15 20 15 10 2 8 0 5
0 0 0 1 1 1 6 1 6 2 2 1 6 -1 -1 -1 -1 -1 -1 575014 0 15 20 15 10 2 8 0 5
0 0 0 1 1 1 6 1 6 2 2 1 6 -1 -1 -1 -1 -1 -1 576014 0 15 20 15 10 2 8 0 5
0 0 0 1 1 1 8 2 6 2 2 1 6 7 5 4 1 1 0 577014 0 15 20 15 10 2 4 2 5
0 0 0 1 1 1 6 1 6 2 2 1 6 -1 -1 -1 -1 -1 -1 578013 0 15 20 15 10 2 4 2 5
0 0 0 1 1 1 6 1 6 2 2 1 6 -1 -1 -1 -1 -1 -1 579013 0 15 20 15 10 2 4 2 5
0 0 0 1 1 1 6 1 6 2 2 1 6 -1 -1 -1 -1 -1 -1 580013 0 15 20 15 10 2 4 2 5
0 0 0 1 1 1 6 3 6 2 2 1 6 7 5 4 3 0 0 581013 0 15 20 15 10 2 5 2 5
0 0 0 1 1 1 6 1 6 2 2 1 6 -1 -1 -1 -1 -1 -1 582012 0 15 20 15 10 2 5 2 5
0 0 0 1 1 1 6 1 6 2 2 1 6 -1 -1 -1 -1 -1 -1 583012 0 15 20 15 10 2 5 2 5
0 0 0 1 1 1 6 1 6 2 2 1 6 -1 -1 -1 -1 -1 -1 584012 0 15 20 15 10 2 5 2 5
0 0 0 1 1 1 6 3 6 2 2 1 6 7 5 4 2 0 0 585012 0 15 20 15 10 2 5 2 5
0 0 0 1 1 1 6 1 6 2 2 1 6 -1 -1 -1 -1 -1 -1 586011 0 15 20 15 10 2 5 2 5
0 0 0 1 1 1 6 1 6 2 2 1 6 -1 -1 -1 -1 -1 -1 587011 0 15 20 15 10 2 5 2 5
0 0 0 1 1 6 1 1 6 2 2 1 5 -1 -1 -1 -1 -1 -1 588011 0 15 20 15 10 2 5 2 5
0 0 0 1 1 6 3 1 6 2 2 1 5 6 5 4 1 0 0 589011 0 15 20 15 10 2 6 2 5
0 0 0 1 1 6 1 1 6 2 2 1 5 -1 -1 -1 -1 -1 -1 590010 0 15 20 15 10 2 6 2 5
0 0 0 1 1 1 6 1 6 2 2 1 6 -1 -1 -1 -1 -1 -1 591010 0 15 20 15 10 2 6 2 5
0 0 0 1 1 1 6 1 6 2 2 1 6 -1 -1 -1 -1 -1 -1 592010 0 15 20 15 10 2 6 2 5
0 0 0 1 1 3 6 1 6 2 2 1 6 5 5 4 3 0 0 593010 0 15 20 15 10 2 6 2 5
0 0 0 1 1 6 1 1 6 2 2 1 5 -1 -1 -1 -1 -1 -1 594009 0 15 20 15 10 2 6 2 5
0 0 0 6 1 1 1 1 6 2 2 1 3 -1 -1 -1 -1 -1 -1 595009 0 15 20 15 10 2 6 2 5
0 0 0 6 1 1 1 1 6 2 2 1 3 -1 -1 -1 -1 -1 -1 596009 0 15 20 15 10 2 6 2 5
0 0 0 7 1 1 1 1 6 2 2 1 3 3 5 4 1 1 1 597009 0 15 20 15 10 2 6 2 5
0 0 0 6 1 1 1 1 6 2 2 1 3 -1 -1 -1 -1 -1 -1 598008 0 15 20 15 10 2 6 2 5
0 0 0 6 1 1 1 1 6 2 2 1 3 -1 -1 -1 -1 -1 -1 599008 0 15 20 15 10 2 6 2 5
0 0 0 1 6 1 1 1 6 2 2 1 4 -1 -1 -1 -1 -1 -1 600008 0 15 20 15 10 2 6 2 5
0 0 0 3 1 6 1 1 6 2 2 1 5 3 5 4 2 0 0 601008 0 15 20 15 10 2 5 2 5
0 0 0 1 1 6 1 1 6 2 2 1 5 -1 -1 -1 -1 -1 -1 602007 0 15 20 15 10 2 5 2 5
0 0 0 1 1 6 1 1 6 2 2 1 5 -1 -1 -1 -1 -1 -1 603007 0 15 20 15 10 2 5 2 5
0 0 0 1 1 6 1 1 6 2 2 1 5 -1 -1 -1 -1 -1 -1 604007 0 15 20 15 10 2 5 2 5
0 0 0 3 1 6 1 1 6 2 2 1 5 3 5 4 0 0 0 605007 0 15 20 15 10 2 8 0 5
0 0 0 1 1 6 1 1 6 2 2 1 5 -1 -1 -1 -1 -1 -1 606006 0 15 20 15 10 2 8 0 5
0 0 0 1 1 6 1 1 6 2 2 1 5 -1 -1 -1 -1 -1 -1 607006 0 15 20 15 10 2 8 0 5
0 0 0 1 1 6 1 1 6 2 2 1 5 -1 -1 -1 -1 -1 -1 608006 0 15 20 15 10 2 8 0 5
0 0 0 1 3 6 1 1 6 2 2 1 5 4 5 4 3 0 0 609006 0 15 20 15 10 2 4 2 5
0 0 0 1 1 6 1 1 6 2 2 1 5 -1 -1 -1 -1 -1 -1 610006 0 15 20 15 10 2 4 2 5
0 0 0 1 1 6 1 1 6 2 2 1 5 -1 -1 -1 -1 -1 -1 611005 0 15 20 15 10 2 4 2 5
0 0 0 1 1 6 1 1 6 2 2 1 5 -1 -1 -1 -1 -1 -1 612005 0 15 20 15 10 2 4 2 5
0 0 0 1 1 6 3 1 6 2 2 1 5 6 5 4 1 0 0 613005 0 15 20 15 10 2 5 2 5
0 0 0 1 1 6 1 1 6 2 2 1 5 -1 -1 -1 -1 -1 -1 614005 0 15 20 15 10 2 5 2 5
0 0 0 1 1 1 6 1 6 2 2 1 6 -1 -1 -1 -1 -1 -1 615004 0 15 20 15 10 2 5 2 5
0 0 0 1 1 1 6 1 6 2 2 1 6 -1 -1 -1 -1 -1 -1 616004 0 15 20 15 10 2 5 2 5
0 0 0 1 1 3 6 1 6 2 2 1 6 5 5 4 0 0 0 617004 0 15 20 15 10 2 5 2 5
0 0 0 1 1 1 6 1 6 2 2 1 6 -1 -1 -1 -1 -1 -1 618004 0 15 20 15 10 2 5 2 5
0 0 0 1 1 6 1 1 6 2 2 1 5 -1 -1 -1 -1 -1 -1 619003 0 15 20 15 10 2 5 2 5
0 0 0 1 1 6 1 1 6 2 2 1 5 -1 -1 -1 -1 -1 -1 620003 0 15 20 15 10 2 5 2 5
0 0 0 1 3 6 1 1 6 2 2 1 5 4 5 4 2 0 0 621003 0 15 20 15 10 2 6 2 5
0 0 0 1 1 6 1 1 6 2 2 1 5 -1 -1 -1 -1 -1 -1 622003 0 15 20 15 10 2 6 2 5
0 0 0 1 6 1 1 1 6 2 2 1 4 -1 -1 -1 -1 -1 -1 623002 0 15 20 15 10 2 6 2 5
0 0 0 1 6 1 1 1 6 2 2 1 4 -1 -1 -1 -1 -1 -1 624002 0 15 20 15 10 2 6 2 5
0 0 0 1 7 1 1 1 6 2 2 1 4 4 5 4 0 1 1 624802 0 15 20 15 12.5 2 6 2 5
0 0 0 1 6 1 1 1 6 2 2 1 4 -1 -1 -1 -1 -1 -1 625468 0 15 20 16 16.25 2 6 2 5
0 0 0 1 6 1 1 1 6 2 2 1 4 -1 -1 -1 -1 -1 -1 626135 0 15 20 16 13 2 6 2 5
0 0 0 1 1 6 1 1 6 2 2 1 5 -1 -1 -1 -1 -1 -1 626901 0 15 20 16 13 2 6 2 5
0 0 0 1 3 6 1 1 6 2 2 1 5 4 5 4 1 0 0 627668 0 15 20 16 13 2 6 2 5
0 0 0 1 1 6 1 1 6 2 2 1 5 -1 -1 -1 -1 -1 -1 628434 0 15 20 16 13 2 6 2 5
0 0 0 6 1 1 1 1 6 2 2 1 3 -1 -1 -1 -1 -1 -1 629201 0 15 20 16 13 2 6 2 5
0 0 0 6 1 1 1 1 6 2 2 1 3 -1 -1 -1 -1 -1 -1 629967 0 15 20 16 13 2 6 2 5
0 0 0 7 1 1 1 1 6 2 2 1 3 3 5 4 0 1 1 630734 0 15 20 16 13 2 5 2 5
0 0 0 6 1 1 1 1 6 2 2 1 3 -1 -1 -1 -1 -1 -1 631500 0 15 20 16 13 2 5 2 5
0 0 0 1 6 1 1 1 6 2 2 1 4 -1 -1 -1 -1 -1 -1 632267 0 15 20 16 13 2 5 2 5
0 0 0 1 6 1 1 1 6 2 2 1 4 -1 -1 -1 -1 -1 -1 632967 0 15 20 16 16.25 2 5 2 5
0 0 0 3 6 1 1 1 6 2 2 1 4 3 5 4 2 0 0 633600 0 15 20 16 16.25 2 8 0 5
0 0 0 1 6 1 1 1 6 2 2 1 4 -1 -1 -1 -1 -1 -1 634200 0 15 20 16 16.0333 2 8 0 5
0 0 0 1 6 1 1 1 6 2 2 1 4 -1 -1 -1 -1 -1 -1 634899 0 15 20 16 13 2 8 0 5
0 0 0 1 6 1 1 1 6 2 2 1 4 -1 -1 -1 -1 -1 -1 635699 0 15 20 16 13 2 8 0 5
0 0 0 8 1 1 1 1 6 2 2 1 3 3 5 4 1 0 1 636466 0 15 20 16 13 2 4 2 5
0 0 0 1 6 1 1 1 6 2 2 1 4 -1 -1 -1 -1 -1 -1 637399 0 15 20 15 10 2 4 2 5
0 0 0 1 6 1 1 1 6 2 2 1 4 -1 -1 -1 -1 -1 -1 638399 0 15 20 15 10 2 4 2 5
0 0 0 1 6 1 1 1 6 2 2 1 4 -1 -1 -1 -1 -1 -1 639265 0 15 20 15 12.5 2 4 2 5
0 0 0 1 7 1 1 1 6 2 2 1 4 4 5 4 2 1 1 640065 0 15 20 15 12.5 2 5 2 5
0 0 0 0 1 6 1 0 7 1 3 0 5 -1 -1 -1 -1 -1 -1 648796 0 15 20 18 60 2 8 0 3
0 0 0 0 1 6 1 0 7 1 3 0 5 -1 -1 -1 -1 -1 -1 648963 0 15 20 18 60 2 8 0 3
0 0 0 0 1 6 1 0 7 1 3 0 5 -1 -1 -1 -1 -1 -1 649129 0 15 20 18 60 2 4 2 3
0 0 0 0 1 6 1 0 7 1 3 0 5 -1 -1 -1 -1 -1 -1 649296 0 15 20 18 51.8 2 4 2 3
0 0 0 0 1 6 1 0 7 1 3 0 5 -1 -1 -1 -1 -1 -1 649563 0 15 20 18 29.9333 2 4 2 3
0 0 0 0 1 6 1 0 7 1 3 0 5 -1 -1 -1 -1 -1 -1 650029 0 15 20 18 19 2 4 2 3
0 0 0 0 1 6 1 0 7 1 3 0 5 -1 -1 -1 -1 -1 -1 650562 0 15 20 18 19 2 6 2 3
0 0 0 0 1 6 1 0 7 1 3 0 5 -1 -1 -1 -1 -1 -1 651062 0 15 20 18 19 2 6 2 3
0 0 0 0 1 6 1 0 7 1 3 0 5 -1 -1 -1 -1 -1 -1 651595 0 15 20 18 19 2 6 2 3
0 0 0 0 1 6 1 0 7 1 3 0 5 -1 -1 -1 -1 -1 -1 652129 0 15 20 18 19 2 6 2 3
0 0 0 0 3 6 1 0 7 1 3 0 5 4 4 5 0 0 0 652662 0 15 20 18 19 2 5 2 3
0 0 0 0 1 6 1 0 7 1 3 0 5 -1 -1 -1 -1 -1 -1 653195 0 15 20 18 19 2 5 2 3
0 0 0 0 1 6 1 0 7 1 3 0 5 -1 -1 -1 -1 -1 -1 653695 0 15 20 18 19 2 5 2 3
0 0 0 0 1 6 1 0 7 1 3 0 5 -1 -1 -1 -1 -1 -1 654228 0 15 20 18 19 2 5 2 3
0 0 0 0 3 6 1 0 7 1 3 0 5 4 4 8 3 0 0 654761 0 15 20 18 19 2 6 2 3
0 0 0 0 1 6 1 0 7 1 3 0 5 -1 -1 -1 -1 -1 -1 655294 0 15 20 18 19 2 6 2 3
0 0 0 0 1 1 6 0 7 1 3 0 6 -1 -1 -1 -1 -1 -1 655828 0 15 20 18 19 2 6 2 3
0 0 0 0 1 1 6 0 7 1 3 0 6 -1 -1 -1 -1 -1 -1 656328 0 15 20 18 19 2 6 2 3
0 0 0 0 1 3 6 0 7 1 3 0 6 5 4 7 2 0 0 656861 0 15 20 18 19 2 6 2 3
0 0 0 0 1 1 6 0 7 1 3 0 6 -1 -1 -1 -1 -1 -1 657394 0 15 20 18 19 2 6 2 3
0 0 0 0 1 6 1 0 7 1 3 0 5 -1 -1 -1 -1 -1 -1 657927 0 15 20 18 19 2 6 2 3
0 0 0 0 1 6 1 0 7 1 3 0 5 -1 -1 -1 -1 -1 -1 658427 0 15 20 18 19 2 6 2 3
0 0 0 0 1 6 3 0 7 1 3 0 5 6 4 6 1 0 0 658960 0 15 20 18 19 2 5 2 3
0 0 0 0 1 6 1 0 7 1 3 0 5 -1 -1 -1 -1 -1 -1 659493 0 15 20 18 19 2 5 2 3
0 0 0 0 1 6 1 0 7 1 3 0 5 -1 -1 -1 -1 -1 -1 660027 0 15 20 18 19 2 5 2 3
0 0 0 0 1 6 1 0 7 1 3 0 5 -1 -1 -1 -1 -1 -1 660560 0 15 20 18 19 2 5 2 3
0 0 0 0 1 6 3 0 7 1 3 0 5 6 4 5 0 0 0 661060 0 15 20 18 19 2 6 2 3
0 0 0 0 1 6 1 0 7 1 3 0 5 -1 -1 -1 -1 -1 -1 661593 0 15 20 18 19 2 6 2 3
0 0 0 0 6 1 1 0 7 1 3 0 4 -1 -1 -1 -1 -1 -1 662126 0 15 20 18 19 2 6 2 3
0 0 0 0 6 1 1 0 7 1 3 0 4 -1 -1 -1 -1 -1 -1 662659 0 15 20 18 19 2 6 2 3
0 0 0 0 7 1 1 0 7 1 3 0 4 4 4 7 2 1 1 663159 0 15 20 18 19 2 8 0 3
0 0 0 0 6 1 1 0 7 1 3 0 4 -1 -1 -1 -1 -1 -1 663692 0 15 20 18 19 2 8 0 3
0 0 0 0 1 6 1 0 7 1 3 0 5 -1 -1 -1 -1 -1 -1 664226 0 15 20 18 19 2 8 0 3
0 0 0 0 1 6 1 0 7 1 3 0 5 -1 -1 -1 -1 -1 -1 664759 0 15 20 18 19 2 8 0 3
0 0 0 0 1 7 1 0 7 1 3 0 5 5 4 6 1 1 1 665292 0 15 20 18 19 2 4 2 3
0 0 0 0 1 6 1 0 7 1 3 0 5 -1 -1 -1 -1 -1 -1 665759 0 15 20 19 21 2 4 2 3
0 0 0 0 6 1 1 0 7 1 3 0 4 -1 -1 -1 -1 -1 -1 666225 0 15 20 19 21 2 4 2 3
0 0 0 0 6 1 1 0 7 1 3 0 4 -1 -1 -1 -1 -1 -1 666725 0 15 20 19 21 2 4 2 3
0 0 0 0 6 3 1 0 7 1 3 0 4 5 4 7 2 0 0 667192 0 15 20 19 21 2 6 2 3
0 0 0 0 6 1 1 0 7 1 3 0 4 -1 -1 -1 -1 -1 -1 667658 0 15 20 19 21 2 6 2 3
0 0 0 0 6 1 1 0 7 1 3 0 4 -1 -1 -1 -1 -1 -1 668158 0 15 20 19 21 2 6 2 3
0 0 0 0 6 1 1 0 7 1 3 0 4 -1 -1 -1 -1 -1 -1 668625 0 15 20 19 21 2 6 2 3
0 0 0 0 8 1 2 0 7 1 3 0 4 6 4 7 2 1 0 669091 0 15 20 19 21 2 5 2 3
0 0 0 0 6 1 1 0 7 1 3 0 4 -1 -1 -1 -1 -1 -1 669624 0 15 20 18 19 2 5 2 3
0 0 0 0 1 6 1 0 7 1 3 0 5 -1 -1 -1 -1 -1 -1 670157 0 15 20 18 19 2 5 2 3
0 0 0 0 1 6 1 0 7 1 3 0 5 -1 -1 -1 -1 -1 -1 670657 0 15 20 18 19 2 5 2 3
0 0 0 0 1 8 2 0 7 1 3 0 5 6 4 6 1 1 0 671191 0 15 20 18 19 2 6 2 3
0 0 0 0 1 6 1 0 7 1 3 0 5 -1 -1 -1 -1 -1 -1 671790 0 15 20 17 16 2 6 2 3
0 0 0 0 6 1 1 0 7 1 3 0 4 -1 -1 -1 -1 -1 -1 672424 0 15 20 17 16 2 6 2 3
0 0 0 0 6 1 1 0 7 1 3 0 4 -1 -1 -1 -1 -1 -1 673057 0 15 20 17 16 2 6 2 3
0 0 0 0 6 3 1 0 7 1 3 0 4 5 4 8 3 0 0 673690 0 15 20 17 16 2 6 2 3
0 0 0 0 6 1 1 0 7 1 3 0 4 -1 -1 -1 -1 -1 -1 674290 0 15 20 17 16 2 6 2 3
0 0 0 0 6 1 1 0 7 1 3 0 4 -1 -1 -1 -1 -1 -1 674923 0 15 20 17 16 2 6 2 3
0 0 0 0 6 1 1 0 7 1 3 0 4 -1 -1 -1 -1 -1 -1 675556 0 15 20 17 16 2 6 2 3
0 0 0 0 6 3 1 0 7 1 3 0 4 5 4 5 0 0 0 676189 0 15 20 17 16 2 5 2 3
0 0 0 0 6 1 1 0 7 1 3 0 4 -1 -1 -1 -1 -1 -1 676789 0 15 20 17 16 2 5 2 3
0 0 0 0 1 6 1 0 7 1 3 0 5 -1 -1 -1 -1 -1 -1 677422 0 15 20 17 16 2 5 2 3
0 0 0 0 1 6 1 0 7 1 3 0 5 -1 -1 -1 -1 -1 -1 678056 0 15 20 17 16 2 5 2 3
0 0 0 0 3 6 1 0 7 1 3 0 5 4 4 8 3 0 0 678689 0 15 20 17 16 2 6 2 3
0 0 0 0 1 6 1 0 7 1 3 0 5 -1 -1 -1 -1 -1 -1 679289 0 15 20 17 16 2 6 2 3
0 0 0 0 1 6 1 0 7 1 3 0 5 -1 -1 -1 -1 -1 -1 679922 0 15 20 17 16 2 6 2 3
0 0 0 0 1 6 1 0 7 1 3 0 5 -1 -1 -1 -1 -1 -1 680555 0 15 20 17 16 2 6 2 3
0 0 0 0 3 6 1 0 7 1 3 0 5 4 4 5 0 0 0 681188 0 15 20 17 16 2 8 0 3
0 0 0 0 6 1 1 0 7 1 3 0 4 -1 -1 -1 -1 -1 -1 681788 0 15 20 17 16 2 8 0 3
0 0 0 0 6 1 1 0 7 1 3 0 4 -1 -1 -1 -1 -1 -1 682388 0 15 20 17 20 2 8 0 3
0 0 0 0 6 1 1 0 7 1 3 0 4 -1 -1 -1 -1 -1 -1 682888 0 15 20 17 20 2 8 0 3
0 0 0 0 7 1 1 0 7 1 3 0 4 4 4 5 0 1 1 683388 0 15 20 17 20 2 4 2 3
0 0 0 0 6 1 1 0 7 1 3 0 4 -1 -1 -1 -1 -1 -1 683887 0 15 20 17 18.9333 2 4 2 3
0 0 0 0 6 1 1 0 7 1 3 0 4 -1 -1 -1 -1 -1 -1 684487 0 15 20 17 16 2 4 2 3
0 0 0 0 6 1 1 0 7 1 3 0 4 -1 -1 -1 -1 -1 -1 685021 0 15 20 17 20 2 4 2 3
0 0 0 0 7 1 1 0 7 1 3 0 4 4 4 8 3 1 1 685520 0 15 20 17 20 2 6 2 3
0 0 0 0 6 1 1 0 7 1 3 0 4 -1 -1 -1 -1 -1 -1 685954 0 15 20 18 23.75 2 6 2 3
0 0 0 0 1 6 1 0 7 1 3 0 5 -1 -1 -1 -1 -1 -1 686387 0 15 20 18 21.2167 2 6 2 3
0 0 0 0 1 6 1 0 7 1 3 0 5 -1 -1 -1 -1 -1 -1 686887 0 15 20 18 19 2 6 2 3
0 0 0 0 3 6 1 0 7 1 3 0 5 4 4 7 2 0 0 687420 0 15 20 18 19 2 5 2 3
0 0 0 0 1 6 1 0 7 1 3 0 5 -1 -1 -1 -1 -1 -1 687953 0 15 20 18 19 2 5 2 3
0 0 0 0 6 1 1 0 7 1 3 0 4 -1 -1 -1 -1 -1 -1 688453 0 15 20 18 19 2 5 2 3
0 0 0 0 6 1 1 0 7 1 3 0 4 -1 -1 -1 -1 -1 -1 688953 0 15 20 18 23.75 2 5 2 3
0 0 0 0 7 1 1 0 7 1 3 0 4 4 4 5 0 1 1 689353 0 15 20 18 23.75 2 6 2 3
0 0 0 0 6 1 1 0 7 1 3 0 4 -1 -1 -1 -1 -1 -1 689786 0 15 20 18 23.75 2 6 2 3
0 0 0 0 6 1 1 0 7 1 3 0 4 -1 -1 -1 -1 -1 -1 690186 0 15 20 18 23.75 2 6 2 3
0 0 0 0 6 1 1 0 7 1 3 0 4 -1 -1 -1 -1 -1 -1 690652 0 15 20 18 19.95 2 6 2 3
0 0 0 0 6 3 1 0 7 1 3 0 4 5 4 7 2 0 0 691186 0 15 20 18 19 2 6 2 3
0 0 0 0 1 6 1 0 7 1 3 0 5 -1 -1 -1 -1 -1 -1 691719 0 15 20 18 19 2 6 2 3
0 0 0 0 1 6 1 0 7 1 3 0 5 -1 -1 -1 -1 -1 -1 692219 0 15 20 18 19 2 6 2 3
0 0 0 0 1 6 1 0 7 1 3 0 5 -1 -1 -1 -1 -1 -1 692752 0 15 20 18 19 2 6 2 3
0 0 0 0 3 6 1 0 7 1 3 0 5 4 4 6 1 0 0 693285 0 15 20 18 19 2 5 2 3
0 0 0 0 1 6 1 0 7 1 3 0 5 -1 -1 -1 -1 -1 -1 693818 0 15 20 18 19 2 5 2 3
0 0 0 0 1 6 1 0 7 1 3 0 5 -1 -1 -1 -1 -1 -1 694352 0 15 20 18 19 2 5 2 3
0 0 0 0 1 6 1 0 7 1 3 0 5 -1 -1 -1 -1 -1 -1 694851 0 15 20 18 19 2 5 2 3
0 0 0 0 1 6 3 0 7 1 3 0 5 6 4 7 2 0 0 695385 0 15 20 18 19 2 6 2 3
0 0 0 0 1 6 1 0 7 1 3 0 5 -1 -1 -1 -1 -1 -1 695918 0 15 20 18 19 2 6 2 3
0 0 0 0 1 6 1 0 7 1 3 0 5 -1 -1 -1 -1 -1 -1 696451 0 15 20 18 19 2 6 2 3
0 0 0 0 1 1 6 0 7 1 3 0 6 -1 -1 -1 -1 -1 -1 696951 0 15 20 18 19 2 6 2 3
0 0 0 0 1 6 3 0 7 1 3 0 5 6 4 5 0 0 0 697484 0 15 20 18 19 2 8 0 3
0 0 0 0 1 6 1 0 7 1 3 0 5 -1 -1 -1 -1 -1 -1 698017 0 15 20 18 19 2 8 0 3
0 0 0 0 1 1 6 0 7 1 3 0 6 -1 -1 -1 -1 -1 -1 698551 0 15 20 18 19 2 8 0 3
0 0 0 0 1 1 6 0 7 1 3 0 6 -1 -1 -1 -1 -1 -1 699017 0 15 20 18 23.75 2 8 0 3
0 0 0 0 1 1 8 0 7 1 3 0 6 6 4 7 2 0 1 699450 0 15 20 18 23.75 2 4 2 3
0 0 0 0 1 1 6 0 7 1 3 0 6 -1 -1 -1 -1 -1 -1 699917 0 15 20 17 20 2 4 2 3
0 0 0 0 1 6 1 0 7 1 3 0 5 -1 -1 -1 -1 -1 -1 700417 0 15 20 17 19.4667 2 4 2 3
0 0 0 0 1 6 1 0 7 1 3 0 5 -1 -1 -1 -1 -1 -1 701017 0 15 20 17 16 2 4 2 3
0 0 0 0 1 6 3 0 7 1 3 0 5 6 4 8 3 0 0 701616 0 15 20 17 16 2 6 2 3
0 0 0 0 1 6 1 0 7 1 3 0 5 -1 -1 -1 -1 -1 -1 702250 0 15 20 17 16 2 6 2 3
0 0 0 0 1 6 1 0 7 1 3 0 5 -1 -1 -1 -1 -1 -1 702883 0 15 20 17 16 2 6 2 3
0 0 0 0 1 6 1 0 7 1 3 0 5 -1 -1 -1 -1 -1 -1 703516 0 15 20 17 16 2 6 2 3
0 0 0 0 1 6 3 0 7 1 3 0 5 6 4 8 3 0 0 704116 0 15 20 17 16 2 5 2 3
0 0 0 0 1 6 1 0 7 1 3 0 5 -1 -1 -1 -1 -1 -1 704749 0 15 20 17 16 2 5 2 3
0 0 0 0 1 6 1 0 7 1 3 0 5 -1 -1 -1 -1 -1 -1 705382 0 15 20 17 16 2 5 2 3
0 0 0 0 1 6 1 0 7 1 3 0 5 -1 -1 -1 -1 -1 -1 706015 0 15 20 17 16 2 5 2 3
0 0 0 0 3 6 1 0 7 1 3 0 5 4 4 6 1 0 0 706615 0 15 20 17 16 2 6 2 3
0 0 0 0 1 6 1 0 7 1 3 0 5 -1 -1 -1 -1 -1 -1 707248 0 15 20 17 16 2 6 2 3
0 0 0 0 1 1 6 0 7 1 3 0 6 -1 -1 -1 -1 -1 -1 707848 0 15 20 17 20 2 6 2 3
0 0 0 0 1 1 6 0 7 1 3 0 6 -1 -1 -1 -1 -1 -1 708348 0 15 20 17 20 2 6 2 3
0 0 0 0 1 1 7 0 7 1 3 0 6 6 4 8 3 1 1 708848 0 15 20 17 20 2 6 2 3
0 0 0 0 1 1 6 0 7 1 3 0 6 -1 -1 -1 -1 -1 -1 709348 0 15 20 17 19.4667 2 6 2 3
0 0 0 0 1 6 1 0 7 1 3 0 5 -1 -1 -1 -1 -1 -1 709948 0 15 20 17 16 2 6 2 3
0 0 0 0 1 1 6 0 7 1 3 0 6 -1 -1 -1 -1 -1 -1 710548 0 15 20 17 16 2 6 2 3
0 0 0 0 2 8 1 0 7 1 3 0 5 4 4 8 3 1 0 711181 0 15 20 17 16 2 5 2 3
0 0 0 0 1 6 1 0 7 1 3 0 5 -1 -1 -1 -1 -1 -1 711914 0 15 20 16 13 2 5 2 3
0 0 0 0 1 6 1 0 7 1 3 0 5 -1 -1 -1 -1 -1 -1 712714 0 15 20 16 13 2 5 2 3
0 0 0 0 1 6 1 0 7 1 3 0 5 -1 -1 -1 -1 -1 -1 713380 0 15 20 16 16.25 2 5 2 3
0 0 0 0 3 6 1 0 7 1 3 0 5 4 4 7 2 0 0 713980 0 15 20 16 16.25 2 6 2 3
0 0 0 0 1 6 1 0 7 1 3 0 5 -1 -1 -1 -1 -1 -1 714613 0 15 20 16 15.6 2 6 2 3
0 0 0 0 1 6 1 0 7 1 3 0 5 -1 -1 -1 -1 -1 -1 715346 0 15 20 16 13 2 6 2 3
0 0 0 0 1 6 1 0 7 1 3 0 5 -1 -1 -1 -1 -1 -1 716113 0 15 20 16 13 2 6 2 3
0 0 0 0 6 1 3 0 7 1 3 0 4 6 4 5 0 0 0 716879 0 15 20 16 13 2 8 0 3
0 0 0 0 1 6 1 0 7 1 3 0 5 -1 -1 -1 -1 -1 -1 717646 0 15 20 16 13 2 8 0 3
0 0 0 0 1 6 1 0 7 1 3 0 5 -1 -1 -1 -1 -1 -1 718412 0 15 20 16 13 2 8 0 3
0 0 0 0 1 6 1 0 7 1 3 0 5 -1 -1 -1 -1 -1 -1 719146 0 15 20 16 16.25 2 8 0 3
0 0 0 0 1 7 1 0 7 1 3 0 5 5 4 8 3 1 1 719779 0 15 20 16 16.25 2 4 2 3
0 0 0 0 1 6 1 0 7 1 3 0 5 -1 -1 -1 -1 -1 -1 720379 0 15 20 16 16.25 2 4 2 3
0 0 0 0 1 6 1 0 7 1 3 0 5 -1 -1 -1 -1 -1 -1 721045 0 15 20 16 13 2 4 2 3
0 0 0 0 1 6 1 0 7 1 3 0 5 -1 -1 -1 -1 -1 -1 721812 0 15 20 16 13 2 4 2 3
0 0 0 0 3 6 1 0 7 1 3 0 5 4 4 5 0 0 0 722578 0 15 20 16 13 2 6 2 3
0 0 0 0 1 6 1 0 7 1 3 0 5 -1 -1 -1 -1 -1 -1 723345 0 15 20 16 13 2 6 2 3
0 0 0 0 1 1 6 0 7 1 3 0 6 -1 -1 -1 -1 -1 -1 724111 0 15 20 16 13 2 6 2 3
0 0 0 0 1 6 1 0 7 1 3 0 5 -1 -1 -1 -1 -1 -1 724877 0 15 20 16 13 2 6 2 3
0 0 0 0 1 6 3 0 7 1 3 0 5 6 4 7 2 0 0 725644 0 15 20 16 13 2 5 2 3
0 0 0 0 1 6 1 0 7 1 3 0 5 -1 -1 -1 -1 -1 -1 726410 0 15 20 16 13 2 5 2 3
0 0 0 0 1 1 6 0 7 1 3 0 6 -1 -1 -1 -1 -1 -1 727177 0 15 20 16 16.25 2 5 2 3
0 0 0 0 1 1 6 0 7 1 3 0 6 -1 -1 -1 -1 -1 -1 727777 0 15 20 16 16.25 2 5 2 3
0 0 0 0 1 1 8 0 7 1 3 0 6 6 4 5 0 0 1 728377 0 15 20 16 16.25 2 6 2 3
0 0 0 0 1 6 1 0 7 1 3 0 5 -1 -1 -1 -1 -1 -1 729243 0 15 20 15 10 2 6 2 3
0 0 0 0 1 1 6 0 7 1 3 0 6 -1 -1 -1 -1 -1 -1 730243 0 15 20 15 10 2 6 2 3
0 0 0 0 1 1 6 0 7 1 3 0 6 -1 -1 -1 -1 -1 -1 731176 0 15 20 15 12.5 2 6 2 3
0 0 0 0 1 3 6 0 7 1 3 0 6 5 4 7 2 0 0 731976 0 15 20 15 12.5 2 6 2 3
0 0 0 0 1 1 6 0 7 1 3 0 6 -1 -1 -1 -1 -1 -1 732809 0 15 20 15 10.5 2 6 2 3
0 0 0 0 1 1 6 0 7 1 3 0 6 -1 -1 -1 -1 -1 -1 733809 0 15 20 15 10 2 6 2 3
0 0 0 0 1 1 6 0 7 1 3 0 6 -1 -1 -1 -1 -1 -1 734808 0 15 20 15 10 2 6 2 3
0 0 0 0 1 3 6 0 7 1 3 0 6 5 4 5 0 0 0 735808 0 15 20 15 10 2 5 2 3
0 0 0 0 1 1 6 0 7 1 3 0 6 -1 -1 -1 -1 -1 -1 736608 0 15 20 15 12.5 2 5 2 3
0 0 0 0 1 1 6 0 7 1 3 0 6 -1 -1 -1 -1 -1 -1 737408 0 15 20 15 12.5 2 5 2 3
0 0 0 0 1 1 6 0 7 1 3 0 6 -1 -1 -1 -1 -1 -1 738374 0 15 20 15 10 2 5 2 3
0 0 0 0 1 2 8 0 7 1 3 0 6 5 4 5 0 1 0 739174 0 15 20 15 12.5 2 6 2 3
0 0 0 0 1 1 6 0 7 1 3 0 6 -1 -1 -1 -1 -1 -1 739974 0 15 20 15 12.5 2 6 2 3
0 0 0 0 1 1 6 0 7 1 3 0 6 -1 -1 -1 -1 -1 -1 740907 0 15 20 15 10 2 6 2 3
0 0 0 0 1 1 6 0 7 1 3 0 6 -1 -1 -1 -1 -1 -1 741807 0 15 20 15 12.5 2 6 2 3
0 0 0 0 1 1 7 0 7 1 3 0 6 6 4 7 2 1 1 742606 0 15 20 15 12.5 2 8 0 3
0 0 0 0 1 1 6 0 7 1 3 0 6 -1 -1 -1 -1 -1 -1 743473 0 15 20 15 10 2 8 0 3
0 0 0 0 1 6 1 0 7 1 3 0 5 -1 -1 -1 -1 -1 -1 744473 0 15 20 15 12.5 2 8 0 3
0 0 0 0 1 6 1 0 7 1 3 0 5 -1 -1 -1 -1 -1 -1 745272 0 15 20 15 12.5 2 8 0 3
0 0 0 0 1 6 3 0 7 1 3 0 5 6 4 8 3 0 0 746072 0 15 20 15 12 2 4 2 3
0 0 0 0 1 6 1 0 7 1 3 0 5 -1 -1 -1 -1 -1 -1 747039 0 15 20 15 10 2 4 2 3
0 0 0 0 1 6 1 0 7 1 3 0 5 -1 -1 -1 -1 -1 -1 748038 0 15 20 15 10 2 4 2 3
0 0 0 0 1 6 1 0 7 1 3 0 5 -1 -1 -1 -1 -1 -1 748905 0 15 20 15 12.5 2 4 2 3
0 0 0 0 1 6 3 0 7 1 3 0 5 6 4 6 1 0 0 749705 0 15 20 15 12.5 2 6 2 3
0 0 0 0 1 6 1 0 7 1 3 0 5 -1 -1 -1 -1 -1 -1 750605 0 15 20 15 10 2 6 2 3
0 0 0 0 1 6 1 0 7 1 3 0 5 -1 -1 -1 -1 -1 -1 751604 0 15 20 15 10 2 6 2 3
0 0 0 0 1 6 1 0 7 1 3 0 5 -1 -1 -1 -1 -1 -1 752404 0 15 20 15 12.5 2 6 2 3
0 0 0 0 1 6 3 0 7 1 3 0 5 6 4 8 3 0 0 753204 0 15 20 15 12.3333 2 5 2 3
0 0 0 0 1 6 1 0 7 1 3 0 5 -1 -1 -1 -1 -1 -1 754137 0 15 20 15 10 2 5 2 3
0 0 0 0 1 6 1 0 7 1 3 0 5 -1 -1 -1 -1 -1 -1 755070 0 15 20 15 12.5 2 5 2 3
0 0 0 0 1 6 1 0 7 1 3 0 5 -1 -1 -1 -1 -1 -1 755870 0 15 20 15 12.5 2 5 2 3
0 0 0 0 3 6 1 0 7 1 3 0 5 4 4 6 1 0 0 756703 0 15 20 15 10.6667 2 6 2 3
0 0 0 0 1 6 1 0 7 1 3 0 5 -1 -1 -1 -1 -1 -1 757703 0 15 20 15 10 2 6 2 3
0 0 0 0 1 6 1 0 7 1 3 0 5 -1 -1 -1 -1 -1 -1 758703 0 15 20 15 10 2 6 2 3
0 0 0 0 1 6 1 0 7 1 3 0 5 -1 -1 -1 -1 -1 -1 759702 0 15 20 15 10 2 6 2 3
0 0 0 0 1 7 1 0 7 1 3 0 5 5 4 6 1 1 1 760569 0 15 20 15 12.5 2 6 2 3
0 0 0 0 1 6 1 0 7 1 3 0 5 -1 -1 -1 -1 -1 -1 761202 0 15 20 16 16.25 2 6 2 3
0 0 0 0 1 6 1 0 7 1 3 0 5 -1 -1 -1 -1 -1 -1 761835 0 15 20 16 13.8667 2 6 2 3
0 0 0 0 1 6 1 0 7 1 3 0 5 -1 -1 -1 -1 -1 -1 762602 0 15 20 16 13 2 6 2 3
0 0 0 0 1 6 3 0 7 1 3 0 5 6 4 5 0 0 0 763368 0 15 20 16 16.25 2 5 2 3
0 0 0 0 1 6 1 0 7 1 3 0 5 -1 -1 -1 -1 -1 -1 763968 0 15 20 16 16.25 2 5 2 3
0 0 0 0 1 6 1 0 7 1 3 0 5 -1 -1 -1 -1 -1 -1 764568 0 15 20 16 16.25 2 5 2 3
0 0 0 0 1 6 1 0 7 1 3 0 5 -1 -1 -1 -1 -1 -1 765234 0 15 20 16 13 2 5 2 3
0 0 0 0 3 6 1 0 7 1 3 0 5 4 4 7 2 0 0 765934 0 15 20 16 16.25 2 6 2 3
0 0 0 0 1 6 1 0 7 1 3 0 5 -1 -1 -1 -1 -1 -1 766567 0 15 20 16 16.25 2 6 2 3
0 0 0 0 1 6 1 0 7 1 3 0 5 -1 -1 -1 -1 -1 -1 767167 0 15 20 16 16.25 2 6 2 3
0 0 0 0 1 1 6 0 7 1 3 0 6 -1 -1 -1 -1 -1 -1 767900 0 15 20 16 13 2 6 2 3
0 0 0 0 1 6 1 0 8 1 3 0 5 -1 -1 -1 -1 -1 -1 778964 0 15 20 16 60 2 8 0 3
0 0 0 0 1 6 1 0 8 1 3 0 5 -1 -1 -1 -1 -1 -1 779131 0 15 20 16 60 2 8 0 3
0 0 0 0 1 6 1 0 8 1 3 0 5 -1 -1 -1 -1 -1 -1 779298 0 15 20 16 60 2 4 2 3
0 0 0 0 1 6 1 0 8 1 3 0 5 -1 -1 -1 -1 -1 -1 779464 0 15 20 16 50.6 2 4 2 3
0 0 0 0 1 6 1 0 8 1 3 0 5 -1 -1 -1 -1 -1 -1 779731 0 15 20 16 25.5333 2 4 2 3
0 0 0 0 1 6 1 0 8 1 3 0 5 -1 -1 -1 -1 -1 -1 780464 0 15 20 16 13 2 4 2 3
0 0 0 0 1 6 1 0 8 1 3 0 5 -1 -1 -1 -1 -1 -1 781230 0 15 20 16 13 2 4 2 3
0 0 0 0 1 6 1 0 8 1 3 0 5 -1 -1 -1 -1 -1 -1 781997 0 15 20 16 13 2 4 2 3
0 0 0 0 1 1 6 0 8 1 3 0 6 -1 -1 -1 -1 -1 -1 782763 0 15 20 16 13 2 4 2 3
0 0 0 0 1 1 6 0 8 1 3 0 6 -1 -1 -1 -1 -1 -1 783530 0 15 20 16 13 2 4 2 3
0 0 0 0 1 3 6 0 8 1 3 0 6 5 4 8 3 0 0 784296 0 15 20 16 13 2 5 2 3
0 0 0 0 1 1 6 0 8 1 3 0 6 -1 -1 -1 -1 -1 -1 785063 0 15 20 16 13 2 5 2 3
0 0 0 0 1 1 6 0 8 1 3 0 6 -1 -1 -1 -1 -1 -1 785829 0 15 20 16 13 2 5 2 3
0 0 0 0 1 1 6 0 8 1 3 0 6 -1 -1 -1 -1 -1 -1 786596 0 15 20 16 13 2 5 2 3
0 0 0 0 1 3 6 0 8 1 3 0 6 5 4 5 0 0 0 787396 0 15 20 16 13 2 5 2 3
0 0 0 0 1 6 1 0 8 1 3 0 5 -1 -1 -1 -1 -1 -1 788162 0 15 20 16 13 2 5 2 3
0 0 0 0 1 6 1 0 8 1 3 0 5 -1 -1 -1 -1 -1 -1 788928 0 15 20 16 13 2 5 2 3
0 0 0 0 1 6 1 0 8 1 3 0 5 -1 -1 -1 -1 -1 -1 789695 0 15 20 16 13 2 5 2 3
0 0 0 0 1 6 3 0 8 1 3 0 5 6 4 5 0 0 0 790461 0 15 20 16 13 2 6 2 3
0 0 0 0 1 1 6 0 8 1 3 0 6 -1 -1 -1 -1 -1 -1 791228 0 15 20 16 13 2 6 2 3
0 0 0 0 1 1 6 0 8 1 3 0 6 -1 -1 -1 -1 -1 -1 791994 0 15 20 16 13 2 6 2 3
0 0 0 0 1 1 6 0 8 1 3 0 6 -1 -1 -1 -1 -1 -1 792761 0 15 20 16 13 2 6 2 3
0 0 0 0 1 3 6 0 8 1 3 0 6 5 4 7 2 0 0 793527 0 15 20 16 13 2 6 2 3
0 0 0 0 1 1 6 0 8 1 3 0 6 -1 -1 -1 -1 -1 -1 794294 0 15 20 16 13 2 6 2 3
0 0 0 0 1 6 1 0 8 1 3 0 5 -1 -1 -1 -1 -1 -1 795060 0 15 20 16 13 2 6 2 3
0 0 0 0 1 6 1 0 8 1 3 0 5 -1 -1 -1 -1 -1 -1 795827 0 15 20 16 13 2 6 2 3
0 0 0 0 1 6 3 0 8 1 3 0 5 6 4 6 1 0 0 796593 0 15 20 16 13 2 5 2 3
0 0 0 0 1 6 1 0 8 1 3 0 5 -1 -1 -1 -1 -1 -1 797360 0 15 20 16 13 2 5 2 3
0 0 0 0 1 6 1 0 8 1 3 0 5 -1 -1 -1 -1 -1 -1 798160 0 15 20 16 13 2 5 2 3
0 0 0 0 1 6 1 0 8 1 3 0 5 -1 -1 -1 -1 -1 -1 798793 0 15 20 16 16.25 2 5 2 3
0 0 0 0 1 7 1 0 8 1 3 0 5 5 4 5 0 1 1 799393 0 15 20 16 16.25 2 8 0 3
0 0 0 0 1 6 1 0 8 1 3 0 5 -1 -1 -1 -1 -1 -1 800026 0 15 20 16 14.5167 2 8 0 3
0 0 0 0 1 6 1 0 8 1 3 0 5 -1 -1 -1 -1 -1 -1 800792 0 15 20 16 13 2 8 0 3
0 0 0 0 1 6 1 0 8 1 3 0 5 -1 -1 -1 -1 -1 -1 801559 0 15 20 16 13 2 8 0 3
0 0 0 0 1 1 7 0 8 1 3 0 6 6 4 7 2 1 1 802325 0 15 20 16 13 2 4 2 3
0 0 0 0 1 1 6 0 8 1 3 0 6 -1 -1 -1 -1 -1 -1 802958 0 15 20 17 16 2 4 2 3
0 0 0 0 1 1 6 0 8 1 3 0 6 -1 -1 -1 -1 -1 -1 803592 0 15 20 17 16 2 4 2 3
0 0 0 0 1 1 6 0 8 1 3 0 6 -1 -1 -1 -1 -1 -1 804225 0 15 20 17 16 2 4 2 3
0 0 0 0 1 3 6 0 8 1 3 0 6 5 4 5 0 0 0 804725 0 15 20 17 20 2 4 2 3
0 0 0 0 1 1 6 0 8 1 3 0 6 -1 -1 -1 -1 -1 -1 805225 0 15 20 17 20 2 4 2 3
0 0 0 0 1 6 1 0 8 1 3 0 5 -1 -1 -1 -1 -1 -1 805724 0 15 20 17 20 2 4 2 3
0 0 0 0 1 6 1 0 8 1 3 0 5 -1 -1 -1 -1 -1 -1 806258 0 15 20 17 16.2667 2 4 2 3
0 0 0 0 1 7 1 0 8 1 3 0 5 5 4 5 0 1 1 806891 0 15 20 17 16 2 5 2 3
0 0 0 0 1 6 1 0 8 1 3 0 5 -1 -1 -1 -1 -1 -1 807391 0 15 20 17 20 2 5 2 3
0 0 0 0 1 6 1 0 8 1 3 0 5 -1 -1 -1 -1 -1 -1 807891 0 15 20 17 20 2 5 2 3
0 0 0 0 1 6 1 0 8 1 3 0 5 -1 -1 -1 -1 -1 -1 808390 0 15 20 17 20 2 5 2 3
0 0 0 0 1 7 1 0 8 1 3 0 5 5 4 7 2 1 1 808890 0 15 20 17 20 2 5 2 3
0 0 0 0 1 6 1 0 8 1 3 0 5 -1 -1 -1 -1 -1 -1 809324 0 15 20 18 23.75 2 5 2 3
0 0 0 0 1 1 6 0 8 1 3 0 6 -1 -1 -1 -1 -1 -1 809757 0 15 20 18 23.75 2 5 2 3
0 0 0 0 1 1 6 0 8 1 3 0 6 -1 -1 -1 -1 -1 -1 810190 0 15 20 18 21.85 2 5 2 3
0 0 0 0 1 3 6 0 8 1 3 0 6 5 4 6 1 0 0 810690 0 15 20 18 19 2 6 2 3
0 0 0 0 1 1 6 0 8 1 3 0 6 -1 -1 -1 -1 -1 -1 811223 0 15 20 18 19 2 6 2 3
0 0 0 0 1 1 6 0 8 1 3 0 6 -1 -1 -1 -1 -1 -1 811723 0 15 20 18 19 2 6 2 3
0 0 0 0 1 1 6 0 8 1 3 0 6 -1 -1 -1 -1 -1 -1 812256 0 15 20 18 19 2 6 2 3
0 0 0 0 1 3 6 0 8 1 3 0 6 5 4 8 3 0 0 812789 0 15 20 18 19 2 6 2 3
0 0 0 0 1 1 6 0 8 1 3 0 6 -1 -1 -1 -1 -1 -1 813323 0 15 20 18 19 2 6 2 3
0 0 0 0 1 1 6 0 8 1 3 0 6 -1 -1 -1 -1 -1 -1 813822 0 15 20 18 19 2 6 2 3
0 0 0 0 1 1 6 0 8 1 3 0 6 -1 -1 -1 -1 -1 -1 814356 0 15 20 18 19 2 6 2 3
0 0 0 0 1 3 6 0 8 1 3 0 6 5 4 5 0 0 0 814889 0 15 20 18 19 2 5 2 3
0 0 0 0 1 1 6 0 8 1 3 0 6 -1 -1 -1 -1 -1 -1 815422 0 15 20 18 19 2 5 2 3
0 0 0 0 1 1 6 0 8 1 3 0 6 -1 -1 -1 -1 -1 -1 815955 0 15 20 18 19 2 5 2 3
0 0 0 0 1 1 6 0 8 1 3 0 6 -1 -1 -1 -1 -1 -1 816455 0 15 20 18 19 2 5 2 3
0 0 0 0 1 3 6 0 8 1 3 0 6 5 4 5 0 0 0 816988 0 15 20 18 23.75 2 8 0 3
0 0 0 0 1 1 6 0 8 1 3 0 6 -1 -1 -1 -1 -1 -1 817422 0 15 20 18 23.75 2 8 0 3
0 0 0 0 1 6 1 0 8 1 3 0 5 -1 -1 -1 -1 -1 -1 817821 0 15 20 18 23.75 2 8 0 3
0 0 0 0 6 1 1 0 8 1 3 0 4 -1 -1 -1 -1 -1 -1 818255 0 15 20 18 23.75 2 8 0 3
0 0 0 0 7 1 1 0 8 1 3 0 4 4 4 8 3 1 1 818688 0 15 20 18 21.85 2 4 2 3
0 0 0 0 6 1 1 0 8 1 3 0 4 -1 -1 -1 -1 -1 -1 819188 0 15 20 18 19 2 4 2 3
0 0 0 0 6 1 1 0 8 1 3 0 4 -1 -1 -1 -1 -1 -1 819721 0 15 20 18 19 2 4 2 3
0 0 0 0 6 1 1 0 8 1 3 0 4 -1 -1 -1 -1 -1 -1 820221 0 15 20 18 19 2 4 2 3
0 0 0 0 6 3 1 0 8 1 3 0 4 5 4 7 2 0 0 820754 0 15 20 18 19 2 4 2 3
0 0 0 0 6 1 1 0 8 1 3 0 4 -1 -1 -1 -1 -1 -1 821287 0 15 20 18 19 2 4 2 3
0 0 0 0 1 6 1 0 8 1 3 0 5 -1 -1 -1 -1 -1 -1 821820 0 15 20 18 19 2 4 2 3
0 0 0 0 1 6 1 0 8 1 3 0 5 -1 -1 -1 -1 -1 -1 822354 0 15 20 18 19 2 4 2 3
0 0 0 0 3 6 1 0 8 1 3 0 5 4 4 8 3 0 0 822854 0 15 20 18 19 2 5 2 3
0 0 0 0 1 6 1 0 8 1 3 0 5 -1 -1 -1 -1 -1 -1 823387 0 15 20 18 19 2 5 2 3
0 0 0 0 1 6 1 0 8 1 3 0 5 -1 -1 -1 -1 -1 -1 823853 0 15 20 18 23.75 2 5 2 3
0 0 0 0 1 6 1 0 8 1 3 0 5 -1 -1 -1 -1 -1 -1 824287 0 15 20 18 23.75 2 5 2 3
0 0 0 0 1 7 1 0 8 1 3 0 5 5 4 8 3 1 1 824686 0 15 20 18 23.75 2 5 2 3
0 0 0 0 1 6 1 0 8 1 3 0 5 -1 -1 -1 -1 -1 -1 825086 0 15 20 19 26.25 2 5 2 3
0 0 0 0 1 6 1 0 8 1 3 0 5 -1 -1 -1 -1 -1 -1 825486 0 15 20 19 22.4 2 5 2 3
0 0 0 0 1 6 1 0 8 1 3 0 5 -1 -1 -1 -1 -1 -1 825953 0 15 20 19 21 2 5 2 3
0 0 0 0 1 6 3 0 8 1 3 0 5 6 4 6 1 0 0 826453 0 15 20 19 21 2 6 2 3
0 0 0 0 1 6 1 0 8 1 3 0 5 -1 -1 -1 -1 -1 -1 826919 0 15 20 19 21 2 6 2 3
0 0 0 0 1 6 1 0 8 1 3 0 5 -1 -1 -1 -1 -1 -1 827386 0 15 20 19 21 2 6 2 3
0 0 0 0 1 1 6 0 8 1 3 0 6 -1 -1 -1 -1 -1 -1 827886 0 15 20 19 21 2 6 2 3
0 0 0 0 1 3 6 0 8 1 3 0 6 5 4 5 0 0 0 828352 0 15 20 19 21 2 6 2 3
0 0 0 0 1 1 6 0 8 1 3 0 6 -1 -1 -1 -1 -1 -1 828819 0 15 20 19 21 2 6 2 3
0 0 0 0 1 6 1 0 8 1 3 0 5 -1 -1 -1 -1 -1 -1 829285 0 15 20 19 21 2 6 2 3
0 0 0 0 1 6 1 0 8 1 3 0 5 -1 -1 -1 -1 -1 -1 829719 0 15 20 19 26.25 2 6 2 3
0 0 0 0 1 7 1 0 8 1 3 0 5 5 4 8 3 1 1 830118 0 15 20 19 26.25 2 5 2 3
0 0 0 0 1 6 1 0 8 1 3 0 5 -1 -1 -1 -1 -1 -1 830485 0 15 20 19 26.25 2 5 2 3
0 0 0 0 1 6 1 0 8 1 3 0 5 -1 -1 -1 -1 -1 -1 830885 0 15 20 19 26.25 2 5 2 3
0 0 0 0 1 6 1 0 8 1 3 0 5 -1 -1 -1 -1 -1 -1 831251 0 15 20 19 24.5 2 5 2 3
0 0 0 0 7 1 1 0 8 1 3 0 4 4 4 6 1 1 1 831718 0 15 20 19 21 2 8 0 3
0 0 0 0 1 6 1 0 8 1 3 0 5 -1 -1 -1 -1 -1 -1 778964 0 15 20 16 60 2 8 0 3
0 0 0 0 1 6 1 0 8 1 3 0 5 -1 -1 -1 -1 -1 -1 779131 0 15 20 16 60 2 8 0 3
0 0 0 0 1 6 1 0 8 1 3 0 5 -1 -1 -1 -1 -1 -1 779298 0 15 20 16 60 2 4 2 3
0 0 0 0 1 6 1 0 8 1 3 0 5 -1 -1 -1 -1 -1 -1 779464 0 15 20 16 50.6 2 4 2 3
0 0 0 0 1 6 1 0 8 1 3 0 5 -1 -1 -1 -1 -1 -1 779731 0 15 20 16 25.5333 2 4 2 3
0 0 0 0 1 6 1 0 8 1 3 0 5 -1 -1 -1 -1 -1 -1 780464 0 15 20 16 13 2 4 2 3
0 0 0 0 1 6 1 0 8 1 3 0 5 -1 -1 -1 -1 -1 -1 781230 0 15 20 16 13 2 4 2 3
0 0 0 0 1 6 1 0 8 1 3 0 5 -1 -1 -1 -1 -1 -1 781997 0 15 20 16 13 2 4 2 3
0 0 0 0 1 1 6 0 8 1 3 0 6 -1 -1 -1 -1 -1 -1 782763 0 15 20 16 13 2 4 2 3
0 0 0 0 1 1 6 0 8 1 3 0 6 -1 -1 -1 -1 -1 -1 783530 0 15 20 16 13 2 4 2 3
0 0 0 0 1 3 6 0 8 1 3 0 6 5 4 8 3 0 0 784296 0 15 20 16 13 2 5 2 3
0 0 0 0 1 1 6 0 8 1 3 0 6 -1 -1 -1 -1 -1 -1 785063 0 15 20 16 13 2 5 2 3
0 0 0 0 1 1 6 0 8 1 3 0 6 -1 -1 -1 -1 -1 -1 785829 0 15 20 16 13 2 5 2 3
0 0 0 0 1 1 6 0 8 1 3 0 6 -1 -1 -1 -1 -1 -1 786596 0 15 20 16 13 2 5 2 3
0 0 0 0 1 3 6 0 8 1 3 0 6 5 4 5 0 0 0 787396 0 15 20 16 13 2 5 2 3
0 0 0 0 1 6 1 0 8 1 3 0 5 -1 -1 -1 -1 -1 -1 788162 0 15 20 16 13 2 5 2 3
0 0 0 0 1 6 1 0 8 1 3 0 5 -1 -1 -1 -1 -1 -1 788928 0 15 20 16 13 2 5 2 3
0 0 0 0 1 6 1 0 8 1 3 0 5 -1 -1 -1 -1 -1 -1 789695 0 15 20 16 13 2 5 2 3
0 0 0 0 1 6 3 0 8 1 3 0 5 6 4 5 0 0 0 790461 0 15 20 16 13 2 6 2 3
0 0 0 0 1 1 6 0 8 1 3 0 6 -1 -1 -1 -1 -1 -1 791228 0 15 20 16 13 2 6 2 3
0 0 0 0 1 1 6 0 8 1 3 0 6 -1 -1 -1 -1 -1 -1 791994 0 15 20 16 13 2 6 2 3
0 0 0 0 1 1 6 0 8 1 3 0 6 -1 -1 -1 -1 -1 -1 792761 0 15 20 16 13 2 6 2 3
0 0 0 0 1 3 6 0 8 1 3 0 6 5 4 7 2 0 0 793527 0 15 20 16 13 2 6 2 3
0 0 0 0 1 1 6 0 8 1 3 0 6 -1 -1 -1 -1 -1 -1 794294 0 15 20 16 13 2 6 2 3
0 0 0 0 1 6 1 0 8 1 3 0 5 -1 -1 -1 -1 -1 -1 795060 0 15 20 16 13 2 6 2 3
0 0 0 0 1 6 1 0 8 1 3 0 5 -1 -1 -1 -1 -1 -1 795827 0 15 20 16 13 2 6 2 3
0 0 0 0 1 6 3 0 8 1 3 0 5 6 4 6 1 0 0 796593 0 15 20 16 13 2 5 2 3
0 0 0 0 1 6 1 0 8 1 3 0 5 -1 -1 -1 -1 -1 -1 797360 0 15 20 16 13 2 5 2 3
0 0 0 0 1 6 1 0 8 1 3 0 5 -1 -1 -1 -1 -1 -1 798160 0 15 20 16 13 2 5 2 3
0 0 0 0 1 6 1 0 8 1 3 0 5 -1 -1 -1 -1 -1 -1 798793 0 15 20 16 16.25 2 5 2 3
0 0 0 0 1 7 1 0 8 1 3 0 5 5 4 5 0 1 1 799393 0 15 20 16 16.25 2 8 0 3
0 0 0 0 1 6 1 0 8 1 3 0 5 -1 -1 -1 -1 -1 -1 800026 0 15 20 16 14.5167 2 8 0 3
0 0 0 0 1 6 1 0 8 1 3 0 5 -1 -1 -1 -1 -1 -1 800792 0 15 20 16 13 2 8 0 3
0 0 0 0 1 6 1 0 8 1 3 0 5 -1 -1 -1 -1 -1 -1 801559 0 15 20 16 13 2 8 0 3
0 0 0 0 1 1 7 0 8 1 3 0 6 6 4 7 2 1 1 802325 0 15 20 16 13 2 4 2 3
0 0 0 0 1 1 6 0 8 1 3 0 6 -1 -1 -1 -1 -1 -1 802958 0 15 20 17 16 2 4 2 3
0 0 0 0 1 1 6 0 8 1 3 0 6 -1 -1 -1 -1 -1 -1 803592 0 15 20 17 16 2 4 2 3
0 0 0 0 1 1 6 0 8 1 3 0 6 -1 -1 -1 -1 -1 -1 804225 0 15 20 17 16 2 4 2 3
0 0 0 0 1 3 6 0 8 1 3 0 6 5 4 5 0 0 0 804725 0 15 20 17 20 2 4 2 3
0 0 0 0 1 1 6 0 8 1 3 0 6 -1 -1 -1 -1 -1 -1 805225 0 15 20 17 20 2 4 2 3
0 0 0 0 1 6 1 0 8 1 3 0 5 -1 -1 -1 -1 -1 -1 805724 0 15 20 17 20 2 4 2 3
0 0 0 0 1 6 1 0 8 1 3 0 5 -1 -1 -1 -1 -1 -1 806258 0 15 20 17 16.2667 2 4 2 3
0 0 0 0 1 7 1 0 8 1 3 0 5 5 4 5 0 1 1 806891 0 15 20 17 16 2 5 2 3
0 0 0 0 1 6 1 0 8 1 3 0 5 -1 -1 -1 -1 -1 -1 807391 0 15 20 17 20 2 5 2 3
0 0 0 0 1 6 1 0 8 1 3 0 5 -1 -1 -1 -1 -1 -1 807891 0 15 20 17 20 2 5 2 3
0 0 0 0 1 6 1 0 8 1 3 0 5 -1 -1 -1 -1 -1 -1 808390 0 15 20 17 20 2 5 2 3
0 0 0 0 1 7 1 0 8 1 3 0 5 5 4 7 2 1 1 808890 0 15 20 17 20 2 5 2 3
0 0 0 0 1 6 1 0 8 1 3 0 5 -1 -1 -1 -1 -1 -1 809324 0 15 20 18 23.75 2 5 2 3
0 0 0 0 1 1 6 0 8 1 3 0 6 -1 -1 -1 -1 -1 -1 809757 0 15 20 18 23.75 2 5 2 3
0 0 0 0 1 1 6 0 8 1 3 0 6 -1 -1 -1 -1 -1 -1 810190 0 15 20 18 21.85 2 5 2 3
0 0 0 0 1 3 6 0 8 1 3 0 6 5 4 6 1 0 0 810690 0 15 20 18 19 2 6 2 3
0 0 0 0 1 1 6 0 8 1 3 0 6 -1 -1 -1 -1 -1 -1 811223 0 15 20 18 19 2 6 2 3
0 0 0 0 1 1 6 0 8 1 3 0 6 -1 -1 -1 -1 -1 -1 811723 0 15 20 18 19 2 6 2 3
0 0 0 0 1 1 6 0 8 1 3 0 6 -1 -1 -1 -1 -1 -1 812256 0 15 20 18 19 2 6 2 3
0 0 0 0 1 3 6 0 8 1 3 0 6 5 4 8 3 0 0 812789 0 15 20 18 19 2 6 2 3
0 0 0 0 1 1 6 0 8 1 3 0 6 -1 -1 -1 -1 -1 -1 813323 0 15 20 18 19 2 6 2 3
0 0 0 0 1 1 6 0 8 1 3 0 6 -1 -1 -1 -1 -1 -1 813822 0 15 20 18 19 2 6 2 3
0 0 0 0 1 1 6 0 8 1 3 0 6 -1 -1 -1 -1 -1 -1 814356 0 15 20 18 19 2 6 2 3
0 0 0 0 1 3 6 0 8 1 3 0 6 5 4 5 0 0 0 814889 0 15 20 18 19 2 5 2 3
0 0 0 0 1 1 6 0 8 1 3 0 6 -1 -1 -1 -1 -1 -1 815422 0 15 20 18 19 2 5 2 3
0 0 0 0 1 1 6 0 8 1 3 0 6 -1 -1 -1 -1 -1 -1 815955 0 15 20 18 19 2 5 2 3
0 0 0 0 1 1 6 0 8 1 3 0 6 -1 -1 -1 -1 -1 -1 816455 0 15 20 18 19 2 5 2 3
0 0 0 0 1 3 6 0 8 1 3 0 6 5 4 5 0 0 0 816988 0 15 20 18 23.75 2 8 0 3
0 0 0 0 1 1 6 0 8 1 3 0 6 -1 -1 -1 -1 -1 -1 817422 0 15 20 18 23.75 2 8 0 3
0 0 0 0 1 6 1 0 8 1 3 0 5 -1 -1 -1 -1 -1 -1 817821 0 15 20 18 23.75 2 8 0 3
0 0 0 0 6 1 1 0 8 1 3 0 4 -1 -1 -1 -1 -1 -1 818255 0 15 20 18 23.75 2 8 0 3
0 0 0 0 7 1 1 0 8 1 3 0 4 4 4 8 3 1 1 818688 0 15 20 18 21.85 2 4 2 3
0 0 0 0 6 1 1 0 8 1 3 0 4 -1 -1 -1 -1 -1 -1 819188 0 15 20 18 19 2 4 2 3
0 0 0 0 6 1 1 0 8 1 3 0 4 -1 -1 -1 -1 -1 -1 819721 0 15 20 18 19 2 4 2 3
0 0 0 0 6 1 1 0 8 1 3 0 4 -1 -1 -1 -1 -1 -1 820221 0 15 20 18 19 2 4 2 3
0 0 0 0 6 3 1 0 8 1 3 0 4 5 4 7 2 0 0 820754 0 15 20 18 19 2 4 2 3
0 0 0 0 6 1 1 0 8 1 3 0 4 -1 -1 -1 -1 -1 -1 821287 0 15 20 18 19 2 4 2 3
0 0 0 0 1 6 1 0 8 1 3 0 5 -1 -1 -1 -1 -1 -1 821820 0 15 20 18 19 2 4 2 3
0 0 0 0 1 6 1 0 8 1 3 0 5 -1 -1 -1 -1 -1 -1 822354 0 15 20 18 19 2 4 2 3
0 0 0 0 3 6 1 0 8 1 3 0 5 4 4 8 3 0 0 822854 0 15 20 18 19 2 5 2 3
0 0 0 0 1 6 1 0 8 1 3 0 5 -1 -1 -1 -1 -1 -1 823387 0 15 20 18 19 2 5 2 3
0 0 0 0 1 6 1 0 8 1 3 0 5 -1 -1 -1 -1 -1 -1 823853 0 15 20 18 23.75 2 5 2 3
0 0 0 0 1 6 1 0 8 1 3 0 5 -1 -1 -1 -1 -1 -1 824287 0 15 20 18 23.75 2 5 2 3
0 0 0 0 1 7 1 0 8 1 3 0 5 5 4 8 3 1 1 824686 0 15 20 18 23.75 2 5 2 3
0 0 0 0 1 6 1 0 8 1 3 0 5 -1 -1 -1 -1 -1 -1 825086 0 15 20 19 26.25 2 5 2 3
0 0 0 0 1 6 1 0 8 1 3 0 5 -1 -1 -1 -1 -1 -1 825486 0 15 20 19 22.4 2 5 2 3
0 0 0 0 1 6 1 0 8 1 3 0 5 -1 -1 -1 -1 -1 -1 825953 0 15 20 19 21 2 5 2 3
0 0 0 0 1 6 3 0 8 1 3 0 5 6 4 6 1 0 0 826453 0 15 20 19 21 2 6 2 3
0 0 0 0 1 6 1 0 8 1 3 0 5 -1 -1 -1 -1 -1 -1 826919 0 15 20 19 21 2 6 2 3
0 0 0 0 1 6 1 0 8 1 3 0 5 -1 -1 -1 -1 -1 -1 827386 0 15 20 19 21 2 6 2 3
0 0 0 0 1 1 6 0 8 1 3 0 6 -1 -1 -1 -1 -1 -1 827886 0 15 20 19 21 2 6 2 3
0 0 0 0 1 3 6 0 8 1 3 0 6 5 4 5 0 0 0 828352 0 15 20 19 21 2 6 2 3
0 0 0 0 1 1 6 0 8 1 3 0 6 -1 -1 -1 -1 -1 -1 828819 0 15 20 19 21 2 6 2 3
0 0 0 0 1 6 1 0 8 1 3 0 5 -1 -1 -1 -1 -1 -1 829285 0 15 20 19 21 2 6 2 3
0 0 0 0 1 6 1 0 8 1 3 0 5 -1 -1 -1 -1 -1 -1 829719 0 15 20 19 26.25 2 6 2 3
0 0 0 0 1 7 1 0 8 1 3 0 5 5 4 8 3 1 1 830118 0 15 20 19 26.25 2 5 2 3
0 0 0 0 1 6 1 0 8 1 3 0 5 -1 -1 -1 -1 -1 -1 830485 0 15 20 19 26.25 2 5 2 3
0 0 0 0 1 6 1 0 8 1 3 0 5 -1 -1 -1 -1 -1 -1 830885 0 15 20 19 26.25 2 5 2 3
0 0 0 0 1 6 1 0 8 1 3 0 5 -1 -1 -1 -1 -1 -1 831251 0 15 20 19 24.5 2 5 2 3
0 0 0 0 7 1 1 0 8 1 3 0 4 4 4 6 1 1 1 831718 0 15 20 19 21 2 8 0 3
