% Tunnel Log: 
% debug seed: 1462389497
%
% SegEncNW { '0'=no panel, '1'=panel, '4'=obstacle, '5'=collided obstacle, '6'=player, '7'=player right, '8'=player wrong, '2'=target, '3'=fake }
% SegEncN
% SegEncNE
% SegEncE
% SegEncSE
% SegEncS
% SegEncSW
% SegEncW
% Event Number { 0, inf }
% Task Type { 0=Color/Sound, 1=Shape/Sound, 2=Sound, 3=Navigation, 4=Speed, 5=Training 6=Recess, 7=Special 2-Back }
% N-Back { 0, inf }
% Navigation Level { 0, inf }
% Player Loc { 0=Northwest ... 7=West }
% Pod Loc { -1=N/A, 0=Northwest ... 7=West }
% Pod Color { -1, inf }
% Pod Shape { -1, inf }
% Pod Sound { -1, inf }
% Pod Match { -1=N/A, 0=No, 1=Yes }
% Pod Taken { -1=N/A, 0=No, 1=Yes }
% Timestamp (ms)
% Num Obstacles { 0, inf }
% Min Speed { 0, inf }
% Max Speed { 0, inf }
% Base Speed { 0, inf }
% Final Speed { 0, inf }
% Navigation Score { 0, inf }
% Segment Direction { 0=Northwest ... 7=West }
% Segment Angle { 0, inf }
% Segment Panels { 0, inf }
%
% SegEncNW SecEncN SegEncNE SegEncE SegEncSE SegEncS SegEncSW SegEncW EventNumber TaskType N-Back Navigation PlayerLoc PodLoc PodColor PodShape PodSound PodMatch PodTaken Timestamp NumObs MinSpeed MaxSpeed BaseSpeed FinalSpeed NavScore SegmentDir SegmentAngle SegmentPanels
0 0 0 0 1 6 1 0 0 3 1 0 5 -1 -1 -1 -1 -1 -1 10533 0 15 40 16 60 2 8 0 3
0 0 0 0 1 6 1 0 0 3 1 0 5 -1 -1 -1 -1 -1 -1 10633 0 15 40 16 60 2 8 0 3
0 0 0 0 1 6 1 0 0 3 1 0 5 -1 -1 -1 -1 -1 -1 10800 0 15 40 16 60 2 8 0 3
0 0 0 0 1 6 1 0 0 3 1 0 5 -1 -1 -1 -1 -1 -1 10966 0 15 40 16 60 2 4 2 3
0 0 0 0 1 6 1 0 0 3 1 0 5 -1 -1 -1 -1 -1 -1 11133 0 15 40 16 50.6 2 4 2 3
0 0 0 0 1 6 1 0 0 3 1 0 5 -1 -1 -1 -1 -1 -1 11400 0 15 40 16 25.5333 2 4 2 3
0 0 0 0 1 6 1 0 0 3 1 0 5 -1 -1 -1 -1 -1 -1 12133 0 15 40 16 13 2 4 2 3
0 0 0 0 1 6 1 0 0 3 1 0 5 -1 -1 -1 -1 -1 -1 12900 0 15 40 16 13 2 6 2 3
0 0 0 0 6 1 1 0 0 3 1 0 4 -1 -1 -1 -1 -1 -1 13666 0 15 40 16 13 2 6 2 3
0 0 0 0 6 1 1 0 0 3 1 0 4 -1 -1 -1 -1 -1 -1 14433 0 15 40 16 13 2 6 2 3
0 0 0 0 6 1 1 0 0 3 1 0 4 -1 -1 -1 -1 -1 -1 15200 0 15 40 16 13 2 6 2 3
0 0 0 0 7 1 1 0 0 3 1 0 4 4 5 4 4 1 1 15966 0 15 40 16 13 2 5 2 3
0 0 0 0 1 6 1 0 0 3 1 0 5 -1 -1 -1 -1 -1 -1 16733 0 15 40 16 13 2 5 2 3
0 0 0 0 1 6 1 0 0 3 1 0 5 -1 -1 -1 -1 -1 -1 17500 0 15 40 16 13 2 5 2 3
0 0 0 0 1 6 1 0 0 3 1 0 5 -1 -1 -1 -1 -1 -1 18266 0 15 40 16 13 2 5 2 3
0 0 0 0 1 7 1 0 0 3 1 0 5 5 5 4 4 1 1 19066 0 15 40 16 13 2 5 2 3
0 0 0 0 1 6 1 0 0 3 1 0 5 -1 -1 -1 -1 -1 -1 19700 0 15 40 17 16 2 5 2 3
0 0 0 0 1 6 1 0 0 3 1 0 5 -1 -1 -1 -1 -1 -1 20333 0 15 40 17 16 2 5 2 3
0 0 0 0 1 6 1 0 0 3 1 0 5 -1 -1 -1 -1 -1 -1 20966 0 15 40 17 16 2 5 2 3
0 0 0 0 1 7 1 0 0 3 1 0 5 5 5 4 4 1 1 21566 0 15 40 17 16 2 4 2 3
0 0 0 0 1 6 1 0 0 3 1 0 5 -1 -1 -1 -1 -1 -1 22200 0 15 40 17 16 2 4 2 3
0 0 0 0 1 1 6 0 0 3 1 0 6 -1 -1 -1 -1 -1 -1 22833 0 15 40 17 16 2 4 2 3
0 0 0 0 1 1 6 0 0 3 1 0 6 -1 -1 -1 -1 -1 -1 23433 0 15 40 17 16 2 4 2 3
0 0 0 0 1 1 7 0 0 3 1 0 6 6 5 4 4 1 1 24066 0 15 40 17 16 2 6 2 3
0 0 0 0 1 1 6 0 0 3 1 0 6 -1 -1 -1 -1 -1 -1 24599 0 15 40 18 19 2 6 2 3
0 0 0 0 1 6 1 0 0 3 1 0 5 -1 -1 -1 -1 -1 -1 25133 0 15 40 18 19 2 6 2 3
0 0 0 0 1 6 1 0 0 3 1 0 5 -1 -1 -1 -1 -1 -1 25666 0 15 40 18 19 2 6 2 3
0 0 0 1 1 7 1 1 0 3 1 0 5 5 5 4 4 1 1 26199 0 15 40 18 19 2 5 2 5
0 0 0 1 1 6 1 1 0 3 1 1 5 -1 -1 -1 -1 -1 -1 26733 0 15 40 18 19 2 5 2 5
0 0 0 1 1 1 6 1 0 3 1 1 6 -1 -1 -1 -1 -1 -1 27233 0 15 40 18 19 2 5 2 5
0 0 0 1 1 1 6 1 0 3 1 1 6 -1 -1 -1 -1 -1 -1 27766 0 15 40 18 19 2 5 2 5
0 0 0 1 1 1 7 1 0 3 1 1 6 6 5 4 4 1 1 28299 0 15 40 18 19 2 8 0 5
0 0 0 1 1 1 6 1 0 3 1 1 6 -1 -1 -1 -1 -1 -1 28766 0 15 40 19 21 2 8 0 5
0 0 0 1 6 1 1 1 0 3 1 1 4 -1 -1 -1 -1 -1 -1 29266 0 15 40 19 21 2 8 0 5
0 0 0 1 6 1 1 1 0 3 1 1 4 -1 -1 -1 -1 -1 -1 29733 0 15 40 19 21 2 8 0 5
0 0 0 1 7 1 1 1 0 3 1 1 4 4 5 4 4 1 1 30199 0 15 40 19 21 2 4 2 5
0 0 0 1 6 1 1 1 0 3 1 1 4 -1 -1 -1 -1 -1 -1 30699 0 15 40 19 21 2 4 2 5
0 0 0 1 1 6 1 1 0 3 1 1 5 -1 -1 -1 -1 -1 -1 31166 0 15 40 19 21 2 4 2 5
0 0 0 1 1 6 1 1 0 3 1 1 5 -1 -1 -1 -1 -1 -1 31633 0 15 40 19 21 2 4 2 5
0 0 0 1 1 7 1 1 0 3 1 1 5 5 5 4 4 1 1 32099 0 15 40 19 21 2 6 2 5
0 0 0 1 1 6 1 1 0 3 1 1 5 -1 -1 -1 -1 -1 -1 32566 0 15 40 20 22 2 6 2 5
0 0 0 1 1 6 1 1 0 3 1 1 5 -1 -1 -1 -1 -1 -1 33033 0 15 40 20 22 2 6 2 5
0 0 0 1 1 6 1 1 0 3 1 1 5 -1 -1 -1 -1 -1 -1 33466 0 15 40 20 22 2 6 2 5
0 0 0 1 1 7 1 1 0 3 1 1 5 5 5 4 4 1 1 33933 0 15 40 20 22 2 5 2 5
0 0 0 1 1 6 1 1 0 3 1 1 5 -1 -1 -1 -1 -1 -1 34399 0 15 40 20 22 2 5 2 5
0 0 0 6 1 1 1 1 0 3 1 1 3 -1 -1 -1 -1 -1 -1 34833 0 15 40 20 22 2 5 2 5
0 0 0 6 1 1 1 1 0 3 1 1 3 -1 -1 -1 -1 -1 -1 35299 0 15 40 20 22 2 5 2 5
0 0 0 7 1 1 1 1 0 3 1 1 3 3 5 4 4 1 1 35766 0 15 40 20 22 2 5 2 5
0 0 0 6 1 1 1 1 0 3 1 1 3 -1 -1 -1 -1 -1 -1 36199 0 15 40 21 23 2 5 2 5
0 0 0 6 1 1 1 1 0 3 1 1 3 -1 -1 -1 -1 -1 -1 36633 0 15 40 21 23 2 5 2 5
0 0 0 6 1 1 1 1 0 3 1 1 3 -1 -1 -1 -1 -1 -1 37066 0 15 40 21 23 2 5 2 5
0 0 0 7 1 1 1 1 0 3 1 1 3 3 5 4 4 1 1 37499 0 15 40 21 23 2 4 2 5
0 0 0 6 1 1 1 1 0 3 1 1 3 -1 -1 -1 -1 -1 -1 37933 0 15 40 21 23 2 4 2 5
0 0 0 1 6 1 1 1 0 3 1 1 4 -1 -1 -1 -1 -1 -1 38366 0 15 40 21 23 2 4 2 5
0 0 0 1 6 1 1 1 0 3 1 1 4 -1 -1 -1 -1 -1 -1 38799 0 15 40 21 23 2 4 2 5
0 0 0 1 7 1 1 1 0 3 1 1 4 4 5 4 4 1 1 39233 0 15 40 21 23 2 6 2 5
0 0 0 1 6 1 1 1 0 3 1 2 4 -1 -1 -1 -1 -1 -1 39666 0 15 40 22 24 2 6 2 5
0 0 0 1 6 1 1 1 0 3 1 2 4 -1 -1 -1 -1 -1 -1 40066 0 15 40 22 24 2 6 2 5
0 0 0 1 6 1 1 1 0 3 1 2 4 -1 -1 -1 -1 -1 -1 40499 0 15 40 22 24 2 6 2 5
0 0 0 1 7 1 1 1 0 3 1 2 4 4 5 4 4 1 1 40899 0 15 40 22 24 2 5 2 5
0 0 0 1 6 1 1 1 0 3 1 2 4 -1 -1 -1 -1 -1 -1 41333 0 15 40 22 24 2 5 2 5
0 0 0 4 6 1 1 1 0 3 1 2 4 -1 -1 -1 -1 -1 -1 41733 1 15 40 22 24 2 5 2 5
0 0 0 6 1 1 1 1 0 3 1 2 3 -1 -1 -1 -1 -1 -1 42166 0 15 40 22 24 2 5 2 5
0 0 0 7 1 1 1 1 0 3 1 2 3 3 5 4 4 1 1 42566 0 15 40 22 24 2 8 0 5
0 0 0 6 1 1 1 1 0 3 1 2 3 -1 -1 -1 -1 -1 -1 42966 0 15 40 23 25 2 8 0 5
0 0 0 1 6 1 4 1 0 3 1 2 4 -1 -1 -1 -1 -1 -1 43366 1 15 40 23 25 2 8 0 5
0 0 0 1 6 1 1 1 0 3 1 2 4 -1 -1 -1 -1 -1 -1 43766 0 15 40 23 25 2 8 0 5
0 0 0 1 7 1 1 1 0 3 1 2 4 4 5 4 4 1 1 44166 0 15 40 23 25 2 4 2 5
0 0 0 1 6 1 1 1 0 3 1 2 4 -1 -1 -1 -1 -1 -1 44566 0 15 40 23 25 2 4 2 5
0 0 0 1 6 4 1 1 0 3 1 2 4 -1 -1 -1 -1 -1 -1 44966 1 15 40 23 25 2 4 2 5
0 0 0 1 1 6 1 1 0 3 1 2 5 -1 -1 -1 -1 -1 -1 45366 0 15 40 23 25 2 4 2 5
0 0 0 1 1 1 7 1 0 3 1 2 6 6 5 4 4 1 1 45766 0 15 40 23 25 2 6 2 5
0 0 0 1 1 1 6 1 0 3 1 2 6 -1 -1 -1 -1 -1 -1 46166 0 15 40 24 25.5 2 6 2 5
0 0 0 1 1 4 6 1 0 3 1 2 6 -1 -1 -1 -1 -1 -1 46566 1 15 40 24 25.5 2 6 2 5
0 0 0 1 1 6 1 1 0 3 1 2 5 -1 -1 -1 -1 -1 -1 46932 0 15 40 24 25.5 2 6 2 5
0 0 0 1 7 1 1 1 0 3 1 2 4 4 5 4 4 1 1 47332 0 15 40 24 25.5 2 5 2 5
0 0 0 1 1 6 1 1 0 3 1 2 5 -1 -1 -1 -1 -1 -1 47732 0 15 40 24 25.5 2 5 2 5
0 0 0 1 4 1 6 1 0 3 1 2 6 -1 -1 -1 -1 -1 -1 48132 1 15 40 24 25.5 2 5 2 5
0 0 0 1 1 1 6 1 0 3 1 2 6 -1 -1 -1 -1 -1 -1 48532 0 15 40 24 25.5 2 5 2 5
0 0 0 1 1 1 7 1 0 3 1 2 6 6 5 4 4 1 1 48899 0 15 40 24 25.5 2 5 2 5
0 0 0 1 1 1 6 1 0 3 1 2 6 -1 -1 -1 -1 -1 -1 49299 0 15 40 25 26 2 5 2 5
0 0 0 4 1 1 1 6 0 3 1 2 7 -1 -1 -1 -1 -1 -1 49666 1 15 40 25 26 2 5 2 5
0 0 0 1 1 1 1 6 0 3 1 2 7 -1 -1 -1 -1 -1 -1 50066 0 15 40 25 26 2 5 2 5
0 0 0 1 1 1 1 7 0 3 1 2 7 7 5 4 4 1 1 50432 0 15 40 25 26 2 4 2 5
0 0 0 1 1 1 1 6 0 3 1 2 7 -1 -1 -1 -1 -1 -1 50832 0 15 40 25 26 2 4 2 5
0 0 0 1 1 1 4 6 0 3 1 2 7 -1 -1 -1 -1 -1 -1 51232 1 15 40 25 26 2 4 2 5
0 0 0 1 1 1 1 6 0 3 1 2 7 -1 -1 -1 -1 -1 -1 51599 0 15 40 25 26 2 4 2 5
0 0 0 1 1 1 1 7 0 3 1 2 7 7 5 4 4 1 1 51999 0 15 40 25 26 2 6 2 5
0 0 0 1 1 1 1 6 0 3 1 2 7 -1 -1 -1 -1 -1 -1 52366 0 15 40 26 26.5 2 6 2 5
0 0 0 4 1 1 1 6 0 3 1 2 7 -1 -1 -1 -1 -1 -1 52732 1 15 40 26 26.5 2 6 2 5
0 0 0 1 1 1 1 6 0 3 1 2 7 -1 -1 -1 -1 -1 -1 53132 0 15 40 26 26.5 2 6 2 5
0 0 0 1 1 1 1 7 0 3 1 2 7 7 5 4 4 1 1 53499 0 15 40 26 26.5 2 5 2 5
0 0 0 1 1 1 1 6 0 3 1 2 7 -1 -1 -1 -1 -1 -1 53866 0 15 40 26 26.5 2 5 2 5
0 0 0 1 1 1 4 6 0 3 1 2 7 -1 -1 -1 -1 -1 -1 54266 1 15 40 26 26.5 2 5 2 5
0 0 0 1 1 1 1 6 0 3 1 2 7 -1 -1 -1 -1 -1 -1 54632 0 15 40 26 26.5 2 5 2 5
0 0 0 1 1 1 1 7 0 3 1 2 7 7 5 4 4 1 1 54999 0 15 40 26 26.5 2 8 0 5
0 0 0 1 1 1 1 6 0 3 1 2 7 -1 -1 -1 -1 -1 -1 55366 0 15 40 27 27 2 8 0 5
0 0 0 1 4 1 1 6 0 3 1 2 7 -1 -1 -1 -1 -1 -1 55732 1 15 40 27 27 2 8 0 5
0 0 0 1 1 1 1 6 0 3 1 2 7 -1 -1 -1 -1 -1 -1 56132 0 15 40 27 27 2 8 0 5
0 0 0 1 1 1 1 7 0 3 1 2 7 7 5 4 4 1 1 56499 0 15 40 27 27 2 4 2 5
0 0 0 1 1 1 1 6 0 3 1 2 7 -1 -1 -1 -1 -1 -1 56866 0 15 40 27 27 2 4 2 5
0 0 0 1 1 4 6 1 0 3 1 2 6 -1 -1 -1 -1 -1 -1 57232 1 15 40 27 27 2 4 2 5
0 0 0 1 1 1 6 1 0 3 1 2 6 -1 -1 -1 -1 -1 -1 57599 0 15 40 27 27 2 4 2 5
0 0 0 1 1 1 7 1 0 3 1 2 6 6 5 4 4 1 1 57966 0 15 40 27 27 2 6 2 5
0 0 0 1 1 1 6 1 0 3 1 2 6 -1 -1 -1 -1 -1 -1 58332 0 15 40 28 27.5 2 6 2 5
0 0 0 1 1 6 1 4 0 3 1 2 5 -1 -1 -1 -1 -1 -1 58699 1 15 40 28 27.5 2 6 2 5
0 0 0 1 1 6 1 1 0 3 1 2 5 -1 -1 -1 -1 -1 -1 59066 0 15 40 28 27.5 2 6 2 5
0 0 0 1 1 7 1 1 0 3 1 2 5 5 5 4 4 1 1 59432 0 15 40 28 27.5 2 5 2 5
0 0 0 1 1 6 1 1 0 3 1 2 5 -1 -1 -1 -1 -1 -1 59799 0 15 40 28 27.5 2 5 2 5
0 0 0 1 6 1 1 4 0 3 1 2 4 -1 -1 -1 -1 -1 -1 60166 1 15 40 28 27.5 2 5 2 5
0 0 0 1 6 1 1 1 0 3 1 2 4 -1 -1 -1 -1 -1 -1 60499 0 15 40 28 27.5 2 5 2 5
0 0 0 1 7 1 1 1 0 3 1 2 4 4 5 4 4 1 1 60866 0 15 40 28 27.5 2 5 2 5
0 0 0 1 6 1 1 1 0 3 1 2 4 -1 -1 -1 -1 -1 -1 61232 0 15 40 29 28 2 5 2 5
0 0 0 1 6 1 4 1 0 3 1 2 4 -1 -1 -1 -1 -1 -1 61599 1 15 40 29 28 2 5 2 5
0 0 0 1 6 1 1 1 0 3 1 2 4 -1 -1 -1 -1 -1 -1 61966 0 15 40 29 28 2 5 2 5
0 0 0 1 7 1 1 1 0 3 1 2 4 4 5 4 4 1 1 62299 0 15 40 29 28 2 4 2 5
0 0 0 1 6 1 1 1 0 3 1 2 4 -1 -1 -1 -1 -1 -1 62666 0 15 40 29 28 2 4 2 5
0 0 0 4 1 6 1 1 0 3 1 2 5 -1 -1 -1 -1 -1 -1 63032 1 15 40 29 28 2 4 2 5
0 0 0 1 1 1 6 1 0 3 1 2 6 -1 -1 -1 -1 -1 -1 63366 0 15 40 29 28 2 4 2 5
0 0 0 1 1 1 7 1 0 3 1 2 6 6 5 4 4 1 1 63732 0 15 40 29 28 2 6 2 5
0 0 0 1 1 1 6 1 0 3 1 2 6 -1 -1 -1 -1 -1 -1 64099 0 15 40 30 28.5 2 6 2 5
0 0 0 1 1 4 6 1 0 3 1 2 6 -1 -1 -1 -1 -1 -1 64432 1 15 40 30 28.5 2 6 2 5
0 0 0 1 1 1 1 6 0 3 1 2 7 -1 -1 -1 -1 -1 -1 64799 0 15 40 30 28.5 2 6 2 5
0 0 0 1 1 1 1 7 0 3 1 2 7 7 5 4 4 1 1 65132 0 15 40 30 28.5 2 5 2 5
0 0 0 1 1 1 1 6 0 3 1 2 7 -1 -1 -1 -1 -1 -1 65499 0 15 40 30 28.5 2 5 2 5
0 0 0 1 4 1 6 1 0 3 1 2 6 -1 -1 -1 -1 -1 -1 65832 1 15 40 30 28.5 2 5 2 5
0 0 0 1 1 6 1 1 0 3 1 2 5 -1 -1 -1 -1 -1 -1 66199 0 15 40 30 28.5 2 5 2 5
0 0 0 1 1 7 1 1 0 3 1 2 5 5 5 4 4 1 1 66532 0 15 40 30 28.5 2 8 0 5
0 0 0 1 1 6 1 1 0 3 1 2 5 -1 -1 -1 -1 -1 -1 66899 0 15 40 31 29 2 8 0 5
0 0 0 1 1 6 1 1 0 3 1 2 5 -1 -1 -1 -1 -1 -1 67299 0 15 40 30 7.41 2 8 0 5
0 0 0 1 1 1 1 6 0 3 1 2 7 -1 -1 -1 -1 -1 -1 68332 0 15 40 30 11.8275 2 8 0 5
0 0 0 1 1 1 1 7 0 3 1 2 7 7 5 4 4 1 1 69065 0 15 40 30 14.9625 2 4 2 5
0 0 0 1 1 1 1 6 0 3 1 2 7 -1 -1 -1 -1 -1 -1 69699 0 15 40 30 17.67 2 4 2 5
0 0 0 1 1 1 4 6 0 3 1 2 7 -1 -1 -1 -1 -1 -1 70232 1 15 40 30 19.95 2 4 2 5
0 0 0 0 1 6 1 0 1 4 1 0 5 -1 -1 -1 -1 -1 -1 82632 0 15 40 16 60 2 8 0 3
0 0 0 0 1 6 1 0 1 4 1 0 5 -1 -1 -1 -1 -1 -1 82799 0 15 40 16 60 2 8 0 3
0 0 0 0 1 6 1 0 1 4 1 0 5 -1 -1 -1 -1 -1 -1 82965 0 15 40 16 60 2 5 2 3
0 0 0 0 1 6 1 0 1 4 1 0 5 -1 -1 -1 -1 -1 -1 83132 0 15 40 16 50.6 2 5 2 3
0 0 0 0 1 6 1 0 1 4 1 0 5 -1 -1 -1 -1 -1 -1 83399 0 15 40 16 25.5333 2 5 2 3
0 0 0 0 1 6 1 0 1 4 1 0 5 -1 -1 -1 -1 -1 -1 84132 0 15 40 16 13 2 5 2 3
0 0 0 0 1 6 1 0 1 4 1 0 5 -1 -1 -1 -1 -1 -1 84899 0 15 40 16 13 2 5 2 3
0 0 0 0 1 6 1 0 1 4 1 0 5 -1 -1 -1 -1 -1 -1 85665 0 15 40 16 13 2 5 2 3
0 0 0 0 1 6 1 0 1 4 1 0 5 -1 -1 -1 -1 -1 -1 86432 0 15 40 16 13 2 5 2 3
0 0 0 0 1 6 1 0 1 4 1 0 5 -1 -1 -1 -1 -1 -1 87199 0 15 40 16 13 2 5 2 3
0 0 0 0 1 6 3 0 1 4 1 0 5 6 0 6 1 0 0 87965 0 15 40 16 13 2 5 2 3
0 0 0 0 1 6 1 0 1 4 1 0 5 -1 -1 -1 -1 -1 -1 88732 0 15 40 16 13 2 5 2 3
0 0 0 0 1 6 1 0 1 4 1 0 5 -1 -1 -1 -1 -1 -1 89498 0 15 40 16 13 2 5 2 3
0 0 0 0 1 6 1 0 1 4 1 0 5 -1 -1 -1 -1 -1 -1 90265 0 15 40 16 13 2 5 2 3
0 0 0 0 1 6 3 0 1 4 1 0 5 6 3 8 3 0 0 91065 0 15 40 16 13 2 4 2 3
0 0 0 0 1 6 1 0 1 4 1 0 5 -1 -1 -1 -1 -1 -1 91832 0 15 40 16 13 2 4 2 3
0 0 0 0 1 6 1 0 1 4 1 0 5 -1 -1 -1 -1 -1 -1 92598 0 15 40 16 13 2 4 2 3
0 0 0 0 1 6 1 0 1 4 1 0 5 -1 -1 -1 -1 -1 -1 93365 0 15 40 16 13 2 4 2 3
0 0 0 0 1 6 3 0 1 4 1 0 5 6 1 7 2 0 0 94132 0 15 40 16 13 2 5 2 3
0 0 0 0 1 6 1 0 1 4 1 0 5 -1 -1 -1 -1 -1 -1 94898 0 15 40 16 13 2 5 2 3
0 0 0 0 1 6 1 0 1 4 1 0 5 -1 -1 -1 -1 -1 -1 95665 0 15 40 16 13 2 5 2 3
0 0 0 0 1 6 1 0 1 4 1 0 5 -1 -1 -1 -1 -1 -1 96432 0 15 40 16 13 2 5 2 3
0 0 0 0 3 6 1 0 1 4 1 0 5 4 2 5 0 0 0 97198 0 15 40 16 13 2 6 2 3
0 0 0 0 1 6 1 0 1 4 1 0 5 -1 -1 -1 -1 -1 -1 97965 0 15 40 16 13 2 6 2 3
0 0 0 0 6 1 1 0 1 4 1 0 4 -1 -1 -1 -1 -1 -1 98732 0 15 40 16 13 2 6 2 3
0 0 0 0 6 1 1 0 1 4 1 0 4 -1 -1 -1 -1 -1 -1 99498 0 15 40 16 13 2 6 2 3
0 0 0 0 6 3 1 0 1 4 1 0 4 5 1 7 2 0 0 100265 0 15 40 16 13 2 4 2 3
0 0 0 0 1 6 1 0 1 4 1 0 5 -1 -1 -1 -1 -1 -1 101032 0 15 40 16 13 2 4 2 3
0 0 0 0 1 1 6 0 1 4 1 0 6 -1 -1 -1 -1 -1 -1 101832 0 15 40 16 13 2 4 2 3
0 0 0 0 1 1 6 0 1 4 1 0 6 -1 -1 -1 -1 -1 -1 102598 0 15 40 16 13 2 4 2 3
0 0 0 0 1 1 7 0 1 4 1 0 6 6 1 7 2 1 1 103365 0 15 40 16 13 2 8 0 3
0 0 0 0 1 1 6 0 1 4 1 0 6 -1 -1 -1 -1 -1 -1 104132 0 15 40 16 13 2 8 0 3
0 0 0 0 1 1 6 0 1 4 1 0 6 -1 -1 -1 -1 -1 -1 104898 0 15 40 16 13 2 8 0 3
0 0 0 0 1 1 6 0 1 4 1 0 6 -1 -1 -1 -1 -1 -1 105665 0 15 40 16 13 2 8 0 3
0 0 0 1 1 3 6 1 1 4 1 0 6 5 0 6 1 0 0 106432 0 15 40 16 13 2 5 2 5
0 0 0 1 1 1 6 1 1 4 1 0 6 -1 -1 -1 -1 -1 -1 107198 0 15 40 16 13 2 5 2 5
0 0 0 1 1 1 6 1 1 4 1 0 6 -1 -1 -1 -1 -1 -1 107965 0 15 40 16 13 2 5 2 5
0 0 0 1 1 1 6 1 1 4 1 0 6 -1 -1 -1 -1 -1 -1 108732 0 15 40 16 13 2 5 2 5
0 0 0 1 1 1 7 1 1 4 1 0 6 6 0 6 1 1 1 109498 0 15 40 16 13 2 5 2 5
0 0 0 1 1 1 6 1 1 4 1 1 6 -1 -1 -1 -1 -1 -1 110165 0 15 40 17 16 2 5 2 5
0 0 0 1 1 1 6 1 1 4 1 1 6 -1 -1 -1 -1 -1 -1 110765 0 15 40 17 16 2 5 2 5
0 0 0 1 1 1 6 1 1 4 1 1 6 -1 -1 -1 -1 -1 -1 111398 0 15 40 17 16 2 5 2 5
0 0 0 1 1 1 7 1 1 4 1 1 6 6 0 6 1 1 1 112031 0 15 40 17 16 2 5 2 5
0 0 0 1 1 1 6 1 1 4 1 1 6 -1 -1 -1 -1 -1 -1 112665 0 15 40 17 16 2 5 2 5
0 0 0 1 1 1 6 1 1 4 1 1 6 -1 -1 -1 -1 -1 -1 113265 0 15 40 17 16 2 5 2 5
0 0 0 1 1 1 6 1 1 4 1 1 6 -1 -1 -1 -1 -1 -1 113898 0 15 40 17 16 2 5 2 5
0 0 0 1 1 6 1 3 1 4 1 1 5 7 1 7 2 0 0 114531 0 15 40 17 16 2 4 2 5
0 0 0 1 1 6 1 1 1 4 1 1 5 -1 -1 -1 -1 -1 -1 115165 0 15 40 17 16 2 4 2 5
0 0 0 1 1 6 1 1 1 4 1 1 5 -1 -1 -1 -1 -1 -1 115765 0 15 40 17 16 2 4 2 5
0 0 0 1 1 6 1 1 1 4 1 1 5 -1 -1 -1 -1 -1 -1 116398 0 15 40 17 16 2 4 2 5
0 0 0 1 1 6 3 1 1 4 1 1 5 6 2 5 0 0 0 117031 0 15 40 17 16 2 5 2 5
0 0 0 1 1 6 1 1 1 4 1 1 5 -1 -1 -1 -1 -1 -1 117665 0 15 40 17 16 2 5 2 5
0 0 0 1 1 1 6 1 1 4 1 1 6 -1 -1 -1 -1 -1 -1 118265 0 15 40 17 16 2 5 2 5
0 0 0 1 1 1 6 1 1 4 1 1 6 -1 -1 -1 -1 -1 -1 118898 0 15 40 17 16 2 5 2 5
0 0 0 1 1 1 7 1 1 4 1 1 6 6 2 5 0 1 1 119531 0 15 40 17 16 2 6 2 5
0 0 0 1 1 1 6 1 1 4 1 1 6 -1 -1 -1 -1 -1 -1 120065 0 15 40 18 19 2 6 2 5
0 0 0 1 1 1 6 1 1 4 1 1 6 -1 -1 -1 -1 -1 -1 120598 0 15 40 18 19 2 6 2 5
0 0 0 1 1 1 6 1 1 4 1 1 6 -1 -1 -1 -1 -1 -1 121131 0 15 40 18 19 2 6 2 5
0 0 0 1 3 1 6 1 1 4 1 1 6 4 0 6 1 0 0 121631 0 15 40 18 19 2 4 2 5
0 0 0 1 1 1 6 1 1 4 1 1 6 -1 -1 -1 -1 -1 -1 122165 0 15 40 18 19 2 4 2 5
0 0 0 1 1 1 6 1 1 4 1 1 6 -1 -1 -1 -1 -1 -1 122698 0 15 40 18 19 2 4 2 5
0 0 0 1 1 1 6 1 1 4 1 1 6 -1 -1 -1 -1 -1 -1 123231 0 15 40 18 19 2 4 2 5
0 0 0 1 1 3 6 1 1 4 1 1 6 5 2 5 0 0 0 123731 0 15 40 18 19 2 8 0 5
0 0 0 1 1 1 6 1 1 4 1 1 6 -1 -1 -1 -1 -1 -1 124265 0 15 40 18 19 2 8 0 5
0 0 0 1 1 1 6 1 1 4 1 1 6 -1 -1 -1 -1 -1 -1 124798 0 15 40 18 19 2 8 0 5
0 0 0 1 1 1 6 1 1 4 1 1 6 -1 -1 -1 -1 -1 -1 125331 0 15 40 18 19 2 8 0 5
0 0 0 1 1 1 7 1 1 4 1 1 6 6 2 5 0 1 1 125865 0 15 40 18 19 2 5 2 5
0 0 0 1 1 1 6 1 1 4 1 1 6 -1 -1 -1 -1 -1 -1 126365 0 15 40 18 19 2 5 2 5
0 0 0 1 1 6 1 1 1 4 1 1 5 -1 -1 -1 -1 -1 -1 126898 0 15 40 18 19 2 5 2 5
0 0 0 1 1 6 1 1 1 4 1 1 5 -1 -1 -1 -1 -1 -1 127431 0 15 40 18 19 2 5 2 5
0 0 0 1 1 6 3 1 1 4 1 1 5 6 0 6 1 0 0 127965 0 15 40 18 19 2 5 2 5
0 0 0 1 1 6 1 1 1 4 1 2 5 -1 -1 -1 -1 -1 -1 128498 0 15 40 18 19 2 5 2 5
0 0 0 1 1 1 6 1 1 4 1 2 6 -1 -1 -1 -1 -1 -1 128998 0 15 40 18 19 2 5 2 5
0 0 0 1 1 1 6 1 1 4 1 2 6 -1 -1 -1 -1 -1 -1 129532 0 15 40 18 19 2 5 2 5
0 0 0 1 1 3 6 1 1 4 1 2 6 5 3 8 3 0 0 130065 0 15 40 18 19 2 5 2 5
0 0 0 1 1 1 6 1 1 4 1 2 6 -1 -1 -1 -1 -1 -1 130598 0 15 40 18 19 2 5 2 5
0 0 0 1 1 4 6 1 1 4 1 2 6 -1 -1 -1 -1 -1 -1 131132 1 15 40 18 19 2 5 2 5
0 0 0 1 1 6 1 1 1 4 1 2 5 -1 -1 -1 -1 -1 -1 131632 0 15 40 18 19 2 5 2 5
0 0 0 1 6 1 1 3 1 4 1 2 4 7 2 5 0 0 0 132165 0 15 40 18 19 2 4 2 5
0 0 0 1 6 1 1 1 1 4 1 2 4 -1 -1 -1 -1 -1 -1 132699 0 15 40 18 19 2 4 2 5
0 0 0 1 1 6 4 1 1 4 1 2 5 -1 -1 -1 -1 -1 -1 133232 1 15 40 18 19 2 4 2 5
0 0 0 1 1 6 1 1 1 4 1 2 5 -1 -1 -1 -1 -1 -1 133732 0 15 40 18 19 2 4 2 5
0 0 0 1 1 6 1 3 1 4 1 2 5 7 0 6 1 0 0 134266 0 15 40 18 19 2 5 2 5
0 0 0 1 1 6 1 1 1 4 1 2 5 -1 -1 -1 -1 -1 -1 134799 0 15 40 18 19 2 5 2 5
0 0 0 4 1 6 1 1 1 4 1 2 5 -1 -1 -1 -1 -1 -1 135333 1 15 40 18 19 2 5 2 5
0 0 0 1 1 6 1 1 1 4 1 2 5 -1 -1 -1 -1 -1 -1 135866 0 15 40 18 19 2 5 2 5
0 0 0 1 1 6 1 3 1 4 1 2 5 7 2 5 0 0 0 136366 0 15 40 18 19 2 6 2 5
0 0 0 1 1 6 1 1 1 4 1 2 5 -1 -1 -1 -1 -1 -1 136900 0 15 40 18 19 2 6 2 5
0 0 0 1 4 6 1 1 1 4 1 2 5 -1 -1 -1 -1 -1 -1 137433 1 15 40 18 19 2 6 2 5
0 0 0 1 1 6 1 1 1 4 1 2 5 -1 -1 -1 -1 -1 -1 137967 0 15 40 18 19 2 6 2 5
0 0 0 1 1 6 1 3 1 4 1 2 5 7 0 6 1 0 0 138500 0 15 40 18 19 2 4 2 5
0 0 0 1 1 6 1 1 1 4 1 2 5 -1 -1 -1 -1 -1 -1 139000 0 15 40 18 19 2 4 2 5
0 0 0 4 1 6 1 1 1 4 1 2 5 -1 -1 -1 -1 -1 -1 139534 1 15 40 18 19 2 4 2 5
0 0 0 1 1 6 1 1 1 4 1 2 5 -1 -1 -1 -1 -1 -1 140067 0 15 40 18 19 2 4 2 5
0 0 0 1 1 6 1 3 1 4 1 2 5 7 1 7 2 0 0 140601 0 15 40 18 19 2 8 0 5
0 0 0 1 1 6 1 1 1 4 1 2 5 -1 -1 -1 -1 -1 -1 141101 0 15 40 18 19 2 8 0 5
0 0 0 1 1 6 1 4 1 4 1 2 5 -1 -1 -1 -1 -1 -1 141634 1 15 40 18 19 2 8 0 5
0 0 0 1 1 6 1 1 1 4 1 2 5 -1 -1 -1 -1 -1 -1 142168 0 15 40 18 19 2 8 0 5
0 0 0 1 1 6 3 1 1 4 1 2 5 6 0 6 1 0 0 142701 0 15 40 18 19 2 5 2 5
0 0 0 1 1 6 1 1 1 4 1 2 5 -1 -1 -1 -1 -1 -1 143234 0 15 40 18 19 2 5 2 5
0 0 0 1 1 6 1 4 1 4 1 2 5 -1 -1 -1 -1 -1 -1 143735 1 15 40 18 19 2 5 2 5
0 0 0 1 1 6 1 1 1 4 1 2 5 -1 -1 -1 -1 -1 -1 144268 0 15 40 18 19 2 5 2 5
0 0 0 1 1 7 1 1 1 4 1 2 5 5 0 6 1 1 1 144801 0 15 40 18 19 2 5 2 5
0 0 0 1 1 6 1 1 1 4 1 2 5 -1 -1 -1 -1 -1 -1 145268 0 15 40 19 21 2 5 2 5
0 0 0 1 1 6 4 1 1 4 1 2 5 -1 -1 -1 -1 -1 -1 145768 1 15 40 19 21 2 5 2 5
0 0 0 1 1 6 1 1 1 4 1 2 5 -1 -1 -1 -1 -1 -1 146235 0 15 40 19 21 2 5 2 5
0 0 0 1 1 6 1 3 1 4 1 2 5 7 3 8 3 0 0 146702 0 15 40 19 21 2 5 2 5
0 0 0 1 1 6 1 1 1 4 1 2 5 -1 -1 -1 -1 -1 -1 147202 0 15 40 19 21 2 5 2 5
0 0 0 4 1 1 1 6 1 4 1 2 7 -1 -1 -1 -1 -1 -1 147669 1 15 40 19 21 2 5 2 5
0 0 0 1 1 1 1 6 1 4 1 2 7 -1 -1 -1 -1 -1 -1 148136 0 15 40 19 21 2 5 2 5
0 0 0 1 1 1 1 7 1 4 1 2 7 7 3 8 3 1 1 148602 0 15 40 19 21 2 4 2 5
0 0 0 1 1 1 1 6 1 4 1 2 7 -1 -1 -1 -1 -1 -1 149102 0 15 40 19 21 2 4 2 5
0 0 0 4 1 1 6 1 1 4 1 2 6 -1 -1 -1 -1 -1 -1 149569 1 15 40 19 21 2 4 2 5
0 0 0 1 1 6 1 1 1 4 1 2 5 -1 -1 -1 -1 -1 -1 150036 0 15 40 19 21 2 4 2 5
0 0 0 1 1 6 1 3 1 4 1 2 5 7 1 7 2 0 0 150536 0 15 40 19 21 2 5 2 5
0 0 0 1 1 6 1 1 1 4 1 2 5 -1 -1 -1 -1 -1 -1 151003 0 15 40 19 21 2 5 2 5
0 0 0 4 1 6 1 1 1 4 1 2 5 -1 -1 -1 -1 -1 -1 151470 1 15 40 19 21 2 5 2 5
0 0 0 1 1 6 1 1 1 4 1 2 5 -1 -1 -1 -1 -1 -1 151936 0 15 40 19 21 2 5 2 5
0 0 0 1 1 6 1 3 1 4 1 2 5 7 0 6 1 0 0 152436 0 15 40 19 21 2 6 2 5
0 0 0 1 1 6 1 1 1 4 1 2 5 -1 -1 -1 -1 -1 -1 152903 0 15 40 19 21 2 6 2 5
0 0 0 4 1 6 1 1 1 4 1 2 5 -1 -1 -1 -1 -1 -1 153370 1 15 40 19 21 2 6 2 5
0 0 0 1 1 6 1 1 1 4 1 2 5 -1 -1 -1 -1 -1 -1 153870 0 15 40 19 21 2 6 2 5
0 0 0 1 6 1 3 1 1 4 1 2 4 6 1 7 2 0 0 154337 0 15 40 19 21 2 4 2 5
0 0 0 1 6 1 1 1 1 4 1 2 4 -1 -1 -1 -1 -1 -1 154804 0 15 40 19 21 2 4 2 5
0 0 0 1 6 4 1 1 1 4 1 2 4 -1 -1 -1 -1 -1 -1 155270 1 15 40 19 21 2 4 2 5
0 0 0 1 6 1 1 1 1 4 1 2 4 -1 -1 -1 -1 -1 -1 155770 0 15 40 19 21 2 4 2 5
0 0 0 1 6 3 1 1 1 4 1 2 4 5 2 5 0 0 0 156237 0 15 40 19 21 2 8 0 5
0 0 0 1 1 6 1 1 1 4 1 2 5 -1 -1 -1 -1 -1 -1 156704 0 15 40 19 21 2 8 0 5
0 0 0 1 4 6 1 1 1 4 1 2 5 -1 -1 -1 -1 -1 -1 157204 1 15 40 19 21 2 8 0 5
0 0 0 1 6 1 1 1 1 4 1 2 4 -1 -1 -1 -1 -1 -1 157671 0 15 40 19 21 2 8 0 5
0 0 0 1 7 1 1 1 1 4 1 2 4 4 2 5 0 1 1 158138 0 15 40 19 21 2 5 2 5
0 0 0 1 6 1 1 1 1 4 1 2 4 -1 -1 -1 -1 -1 -1 158604 0 15 40 20 22 2 5 2 5
0 0 0 1 1 6 1 4 1 4 1 2 5 -1 -1 -1 -1 -1 -1 159071 1 15 40 20 22 2 5 2 5
0 0 0 1 1 6 1 1 1 4 1 2 5 -1 -1 -1 -1 -1 -1 159505 0 15 40 20 22 2 5 2 5
0 0 0 1 3 6 1 1 1 4 1 2 5 4 0 6 1 0 0 159971 0 15 40 20 22 2 5 2 5
0 0 0 1 1 6 1 1 1 4 1 2 5 -1 -1 -1 -1 -1 -1 160405 0 15 40 20 22 2 5 2 5
0 0 0 4 1 1 6 1 1 4 1 2 6 -1 -1 -1 -1 -1 -1 160872 1 15 40 20 22 2 5 2 5
0 0 0 1 1 1 6 1 1 4 1 2 6 -1 -1 -1 -1 -1 -1 161338 0 15 40 20 22 2 5 2 5
0 0 0 1 1 3 6 1 1 4 1 2 6 5 2 5 0 0 0 161772 0 15 40 20 22 2 5 2 5
0 0 0 1 1 1 6 1 1 4 1 2 6 -1 -1 -1 -1 -1 -1 162239 0 15 40 20 22 2 5 2 5
0 0 0 1 4 6 1 1 1 4 1 2 5 -1 -1 -1 -1 -1 -1 162705 1 15 40 20 22 2 5 2 5
0 0 0 1 1 6 1 1 1 4 1 2 5 -1 -1 -1 -1 -1 -1 163139 0 15 40 20 22 2 5 2 5
0 0 0 3 1 6 1 1 1 4 1 2 5 3 1 7 2 0 0 163605 0 15 40 20 22 2 4 2 5
0 0 0 1 1 6 1 1 1 4 1 2 5 -1 -1 -1 -1 -1 -1 164039 0 15 40 20 22 2 4 2 5
0 0 0 0 1 6 1 0 2 0 3 0 5 -1 -1 -1 -1 -1 -1 171974 0 15 20 20 60 2 8 0 3
0 0 0 0 1 6 1 0 2 0 3 0 5 -1 -1 -1 -1 -1 -1 172141 0 15 20 20 60 2 8 0 3
0 0 0 0 1 6 1 0 2 0 3 0 5 -1 -1 -1 -1 -1 -1 172307 0 15 20 20 60 2 6 2 3
0 0 0 0 1 6 1 0 2 0 3 0 5 -1 -1 -1 -1 -1 -1 172474 0 15 20 20 52.4 2 6 2 3
0 0 0 0 1 6 1 0 2 0 3 0 5 -1 -1 -1 -1 -1 -1 172707 0 15 20 20 34.6666 2 6 2 3
0 0 0 0 1 6 1 0 2 0 3 0 5 -1 -1 -1 -1 -1 -1 173108 0 15 20 20 22 2 6 2 3
0 0 0 0 1 6 1 0 2 0 3 0 5 -1 -1 -1 -1 -1 -1 173574 0 15 20 20 22 2 4 2 3
0 0 0 0 1 6 1 0 2 0 3 0 5 -1 -1 -1 -1 -1 -1 174041 0 15 20 20 22 2 4 2 3
0 0 0 0 1 6 1 0 2 0 3 0 5 -1 -1 -1 -1 -1 -1 174474 0 15 20 20 22 2 4 2 3
0 0 0 0 1 6 1 0 2 0 3 0 5 -1 -1 -1 -1 -1 -1 174941 0 15 20 20 22 2 4 2 3
0 0 0 0 3 6 1 0 2 0 3 0 5 4 1 4 2 0 0 175408 0 15 20 20 22 2 6 2 3
0 0 0 0 1 6 1 0 2 0 3 0 5 -1 -1 -1 -1 -1 -1 175841 0 15 20 20 22 2 6 2 3
0 0 0 0 1 1 6 0 2 0 3 0 6 -1 -1 -1 -1 -1 -1 176308 0 15 20 20 22 2 6 2 3
0 0 0 0 1 1 6 0 2 0 3 0 6 -1 -1 -1 -1 -1 -1 176775 0 15 20 20 22 2 6 2 3
0 0 0 0 1 3 6 0 2 0 3 0 6 5 3 4 3 0 0 177208 0 15 20 20 22 2 5 2 3
0 0 0 0 1 1 6 0 2 0 3 0 6 -1 -1 -1 -1 -1 -1 177675 0 15 20 20 22 2 5 2 3
0 0 0 0 1 6 1 0 2 0 3 0 5 -1 -1 -1 -1 -1 -1 178109 0 15 20 20 22 2 5 2 3
0 0 0 0 1 6 1 0 2 0 3 0 5 -1 -1 -1 -1 -1 -1 178575 0 15 20 20 22 2 5 2 3
0 0 0 0 1 6 3 0 2 0 3 0 5 6 1 4 2 0 0 179042 0 15 20 20 22 2 4 2 3
0 0 0 0 1 6 1 0 2 0 3 0 5 -1 -1 -1 -1 -1 -1 179476 0 15 20 20 22 2 4 2 3
0 0 0 0 1 6 1 0 2 0 3 0 5 -1 -1 -1 -1 -1 -1 179942 0 15 20 20 22 2 4 2 3
0 0 0 0 1 6 1 0 2 0 3 0 5 -1 -1 -1 -1 -1 -1 180409 0 15 20 20 22 2 4 2 3
0 0 0 0 1 6 3 0 2 0 3 0 5 6 2 4 0 0 0 180843 0 15 20 20 22 2 4 2 3
0 0 0 0 1 6 1 0 2 0 3 0 5 -1 -1 -1 -1 -1 -1 181309 0 15 20 20 22 2 4 2 3
0 0 0 0 1 6 1 0 2 0 3 0 5 -1 -1 -1 -1 -1 -1 181776 0 15 20 20 22 2 4 2 3
0 0 0 0 1 6 1 0 2 0 3 0 5 -1 -1 -1 -1 -1 -1 182209 0 15 20 20 22 2 4 2 3
0 0 0 0 1 6 3 0 2 0 3 0 5 6 0 4 1 0 0 182676 0 15 20 20 22 2 5 2 3
0 0 0 0 1 6 1 0 2 0 3 0 5 -1 -1 -1 -1 -1 -1 183110 0 15 20 20 22 2 5 2 3
0 0 0 0 1 6 1 0 2 0 3 0 5 -1 -1 -1 -1 -1 -1 183576 0 15 20 20 22 2 5 2 3
0 0 0 0 1 6 1 0 2 0 3 0 5 -1 -1 -1 -1 -1 -1 184043 0 15 20 20 22 2 5 2 3
0 0 0 0 1 6 3 0 2 0 3 0 5 6 0 4 1 0 0 184477 0 15 20 20 22 2 8 0 3
0 0 0 0 1 6 1 0 2 0 3 0 5 -1 -1 -1 -1 -1 -1 184943 0 15 20 20 22 2 8 0 3
0 0 0 0 1 1 6 0 2 0 3 0 6 -1 -1 -1 -1 -1 -1 185410 0 15 20 20 22 2 8 0 3
0 0 0 0 1 1 6 0 2 0 3 0 6 -1 -1 -1 -1 -1 -1 185844 0 15 20 20 22 2 8 0 3
0 0 0 0 1 3 6 0 2 0 3 0 6 5 3 4 3 0 0 186310 0 15 20 20 22 2 6 2 3
0 0 0 0 1 1 6 0 2 0 3 0 6 -1 -1 -1 -1 -1 -1 186744 0 15 20 20 22 2 6 2 3
0 0 0 0 6 1 1 0 2 0 3 0 4 -1 -1 -1 -1 -1 -1 187211 0 15 20 20 22 2 6 2 3
0 0 0 0 6 1 1 0 2 0 3 0 4 -1 -1 -1 -1 -1 -1 187677 0 15 20 20 22 2 6 2 3
0 0 0 0 7 1 1 0 2 0 3 0 4 4 0 4 1 1 1 188111 0 15 20 20 22 2 4 2 3
0 0 0 0 6 1 1 0 2 0 3 0 4 -1 -1 -1 -1 -1 -1 188577 0 15 20 20 22 2 4 2 3
0 0 0 0 6 1 1 0 2 0 3 0 4 -1 -1 -1 -1 -1 -1 189044 0 15 20 20 22 2 4 2 3
0 0 0 0 6 1 1 0 2 0 3 0 4 -1 -1 -1 -1 -1 -1 189478 0 15 20 20 22 2 4 2 3
0 0 0 0 2 1 8 0 2 0 3 0 6 4 0 4 1 1 0 189944 0 15 20 20 22 2 6 2 3
0 0 0 0 1 6 1 0 2 0 3 0 5 -1 -1 -1 -1 -1 -1 190411 0 15 20 19 21 2 6 2 3
0 0 0 0 1 6 1 0 2 0 3 0 5 -1 -1 -1 -1 -1 -1 190878 0 15 20 19 21 2 6 2 3
0 0 0 0 1 6 1 0 2 0 3 0 5 -1 -1 -1 -1 -1 -1 191378 0 15 20 19 21 2 6 2 3
0 0 0 0 1 6 3 0 2 0 3 0 5 6 2 4 0 0 0 191845 0 15 20 19 21 2 5 2 3
0 0 0 0 1 6 1 0 2 0 3 0 5 -1 -1 -1 -1 -1 -1 192312 0 15 20 19 21 2 5 2 3
0 0 0 0 1 6 1 0 2 0 3 0 5 -1 -1 -1 -1 -1 -1 192812 0 15 20 19 21 2 5 2 3
0 0 0 0 1 6 1 0 2 0 3 0 5 -1 -1 -1 -1 -1 -1 193278 0 15 20 19 21 2 5 2 3
0 0 0 0 1 6 3 0 2 0 3 0 5 6 1 4 2 0 0 193745 0 15 20 19 21 2 4 2 3
0 0 0 0 1 6 1 0 2 0 3 0 5 -1 -1 -1 -1 -1 -1 194212 0 15 20 19 21 2 4 2 3
0 0 0 0 1 6 1 0 2 0 3 0 5 -1 -1 -1 -1 -1 -1 194712 0 15 20 19 21 2 4 2 3
0 0 0 0 6 1 1 0 2 0 3 0 4 -1 -1 -1 -1 -1 -1 195179 0 15 20 19 21 2 4 2 3
0 0 0 0 7 1 1 0 2 0 3 0 4 4 0 4 1 1 1 195646 0 15 20 19 21 2 4 2 3
0 0 0 0 6 1 1 0 2 0 3 0 4 -1 -1 -1 -1 -1 -1 196112 0 15 20 19 21 2 4 2 3
0 0 0 0 1 6 1 0 2 0 3 0 5 -1 -1 -1 -1 -1 -1 196613 0 15 20 19 21 2 4 2 3
0 0 0 0 6 1 1 0 2 0 3 0 4 -1 -1 -1 -1 -1 -1 197079 0 15 20 19 21 2 4 2 3
0 0 0 0 6 3 1 0 2 0 3 0 4 5 3 4 3 0 0 197546 0 15 20 19 21 2 5 2 3
0 0 0 0 6 1 1 0 2 0 3 0 4 -1 -1 -1 -1 -1 -1 198046 0 15 20 19 21 2 5 2 3
0 0 0 0 1 6 1 0 2 0 3 0 5 -1 -1 -1 -1 -1 -1 198513 0 15 20 19 21 2 5 2 3
0 0 0 0 1 1 6 0 2 0 3 0 6 -1 -1 -1 -1 -1 -1 198980 0 15 20 19 21 2 5 2 3
0 0 0 0 1 1 7 0 2 0 3 0 6 6 1 4 2 1 1 199446 0 15 20 19 21 2 8 0 3
0 0 0 0 1 1 6 0 2 0 3 0 6 -1 -1 -1 -1 -1 -1 199913 0 15 20 20 22 2 8 0 3
0 0 0 0 1 6 1 0 2 0 3 0 5 -1 -1 -1 -1 -1 -1 200380 0 15 20 20 22 2 8 0 3
0 0 0 0 1 1 6 0 2 0 3 0 6 -1 -1 -1 -1 -1 -1 200813 0 15 20 20 22 2 8 0 3
0 0 0 0 3 1 6 0 2 0 3 0 6 4 3 4 3 0 0 201280 0 15 20 20 22 2 6 2 3
0 0 0 0 1 6 1 0 2 0 3 0 5 -1 -1 -1 -1 -1 -1 201747 0 15 20 20 22 2 6 2 3
0 0 0 0 1 6 1 0 2 0 3 0 5 -1 -1 -1 -1 -1 -1 202180 0 15 20 20 22 2 6 2 3
0 0 0 0 1 6 1 0 2 0 3 0 5 -1 -1 -1 -1 -1 -1 202647 0 15 20 20 22 2 6 2 3
0 0 0 0 3 6 1 0 2 0 3 0 5 4 1 4 2 0 0 203114 0 15 20 20 22 2 4 2 3
0 0 0 0 1 6 1 0 2 0 3 0 5 -1 -1 -1 -1 -1 -1 203547 0 15 20 20 22 2 4 2 3
0 0 0 0 6 1 1 0 2 0 3 0 4 -1 -1 -1 -1 -1 -1 204014 0 15 20 20 22 2 4 2 3
0 0 0 0 6 1 1 0 2 0 3 0 4 -1 -1 -1 -1 -1 -1 204481 0 15 20 20 22 2 4 2 3
0 0 0 0 6 3 1 0 2 0 3 0 4 5 2 4 0 0 0 204914 0 15 20 20 22 2 6 2 3
0 0 0 0 6 1 1 0 2 0 3 0 4 -1 -1 -1 -1 -1 -1 205381 0 15 20 20 22 2 6 2 3
0 0 0 0 1 6 1 0 2 0 3 0 5 -1 -1 -1 -1 -1 -1 205815 0 15 20 20 22 2 6 2 3
0 0 0 0 1 6 1 0 2 0 3 0 5 -1 -1 -1 -1 -1 -1 206281 0 15 20 20 22 2 6 2 3
0 0 0 0 3 6 1 0 2 0 3 0 5 4 1 4 2 0 0 206748 0 15 20 20 22 2 5 2 3
0 0 0 0 1 6 1 0 2 0 3 0 5 -1 -1 -1 -1 -1 -1 207181 0 15 20 20 22 2 5 2 3
0 0 0 0 1 6 1 0 2 0 3 0 5 -1 -1 -1 -1 -1 -1 207648 0 15 20 20 22 2 5 2 3
0 0 0 0 1 6 1 0 2 0 3 0 5 -1 -1 -1 -1 -1 -1 208115 0 15 20 20 22 2 5 2 3
0 0 0 0 1 6 3 0 2 0 3 0 5 6 2 4 0 0 0 208548 0 15 20 20 22 2 4 2 3
0 0 0 0 1 6 1 0 2 0 3 0 5 -1 -1 -1 -1 -1 -1 209015 0 15 20 20 22 2 4 2 3
0 0 0 0 6 1 1 0 2 0 3 0 4 -1 -1 -1 -1 -1 -1 209449 0 15 20 20 22 2 4 2 3
0 0 0 0 6 1 1 0 2 0 3 0 4 -1 -1 -1 -1 -1 -1 209915 0 15 20 20 22 2 4 2 3
0 0 0 0 7 1 1 0 2 0 3 0 4 4 2 4 0 1 1 210382 0 15 20 20 22 2 4 2 3
0 0 0 1 1 6 1 1 3 1 2 2 5 -1 -1 -1 -1 -1 -1 217350 0 15 20 20 60 2 8 0 5
0 0 0 1 1 6 1 1 3 1 2 2 5 -1 -1 -1 -1 -1 -1 217517 0 15 20 20 60 2 8 0 5
0 0 0 1 1 6 1 1 3 1 2 2 5 -1 -1 -1 -1 -1 -1 217684 0 15 20 20 60 2 4 2 5
0 0 0 1 1 6 1 1 3 1 2 2 5 -1 -1 -1 -1 -1 -1 217850 0 15 20 20 52.4 2 4 2 5
0 0 0 1 1 6 1 1 3 1 2 2 5 -1 -1 -1 -1 -1 -1 218084 0 15 20 20 34.6666 2 4 2 5
0 0 0 1 1 6 1 1 3 1 2 2 5 -1 -1 -1 -1 -1 -1 218484 0 15 20 20 22 2 4 2 5
0 0 0 1 1 6 1 1 3 1 2 2 5 -1 -1 -1 -1 -1 -1 218951 0 15 20 20 22 2 4 2 5
0 0 0 1 1 6 1 1 3 1 2 2 5 -1 -1 -1 -1 -1 -1 219417 0 15 20 20 22 2 4 2 5
0 0 0 1 1 6 1 1 3 1 2 2 5 -1 -1 -1 -1 -1 -1 219851 0 15 20 20 22 2 4 2 5
0 0 0 1 1 6 1 1 3 1 2 2 5 -1 -1 -1 -1 -1 -1 220318 0 15 20 20 22 2 4 2 5
0 0 0 1 1 6 3 1 3 1 2 2 5 6 4 6 1 0 0 220784 0 15 20 20 22 2 6 2 5
0 0 0 1 1 6 1 1 3 1 2 2 5 -1 -1 -1 -1 -1 -1 221218 0 15 20 20 22 2 6 2 5
0 0 0 4 1 1 6 1 3 1 2 2 6 -1 -1 -1 -1 -1 -1 221685 1 15 20 20 22 2 6 2 5
0 0 0 1 1 1 6 1 3 1 2 2 6 -1 -1 -1 -1 -1 -1 222151 0 15 20 20 22 2 6 2 5
0 0 0 1 1 3 6 1 3 1 2 2 6 5 4 8 3 0 0 222585 0 15 20 20 22 2 5 2 5
0 0 0 1 1 1 1 6 3 1 2 2 7 -1 -1 -1 -1 -1 -1 223052 0 15 20 20 22 2 5 2 5
0 0 0 1 1 1 4 6 3 1 2 2 7 -1 -1 -1 -1 -1 -1 223485 1 15 20 20 22 2 5 2 5
0 0 0 1 1 1 1 6 3 1 2 2 7 -1 -1 -1 -1 -1 -1 223952 0 15 20 20 22 2 5 2 5
0 0 0 1 1 1 3 6 3 1 2 2 7 6 4 5 0 0 0 224418 0 15 20 20 22 2 4 2 5
0 0 0 1 1 1 1 6 3 1 2 2 7 -1 -1 -1 -1 -1 -1 224852 0 15 20 20 22 2 4 2 5
0 0 0 1 1 1 4 6 3 1 2 2 7 -1 -1 -1 -1 -1 -1 225319 1 15 20 20 22 2 4 2 5
0 0 0 1 1 1 1 6 3 1 2 2 7 -1 -1 -1 -1 -1 -1 225785 0 15 20 20 22 2 4 2 5
0 0 0 1 1 1 3 6 3 1 2 2 7 6 4 6 1 0 0 226219 0 15 20 20 22 2 5 2 5
0 0 0 1 1 1 6 1 3 1 2 2 6 -1 -1 -1 -1 -1 -1 226686 0 15 20 20 22 2 5 2 5
0 0 0 1 1 6 1 4 3 1 2 2 5 -1 -1 -1 -1 -1 -1 227152 1 15 20 20 22 2 5 2 5
0 0 0 1 1 6 1 1 3 1 2 2 5 -1 -1 -1 -1 -1 -1 227586 0 15 20 20 22 2 5 2 5
0 0 0 1 3 1 6 1 3 1 2 2 6 4 4 8 3 0 0 228053 0 15 20 20 22 2 6 2 5
0 0 0 1 1 1 6 1 3 1 2 2 6 -1 -1 -1 -1 -1 -1 228486 0 15 20 20 22 2 6 2 5
0 0 0 1 1 4 6 1 3 1 2 2 6 -1 -1 -1 -1 -1 -1 228953 1 15 20 20 22 2 6 2 5
0 0 0 1 1 6 1 1 3 1 2 2 5 -1 -1 -1 -1 -1 -1 229420 0 15 20 20 22 2 6 2 5
0 0 0 3 1 6 1 1 3 1 2 2 5 3 4 5 0 0 0 229853 0 15 20 20 22 2 8 0 5
0 0 0 1 1 6 1 1 3 1 2 2 5 -1 -1 -1 -1 -1 -1 230320 0 15 20 20 22 2 8 0 5
0 0 0 1 1 6 1 4 3 1 2 2 5 -1 -1 -1 -1 -1 -1 230787 1 15 20 20 22 2 8 0 5
0 0 0 1 1 6 1 1 3 1 2 2 5 -1 -1 -1 -1 -1 -1 231220 0 15 20 20 22 2 8 0 5
0 0 0 1 1 7 1 1 3 1 2 2 5 5 4 8 3 1 1 231687 0 15 20 20 22 2 4 2 5
0 0 0 1 1 1 6 1 3 1 2 2 6 -1 -1 -1 -1 -1 -1 232120 0 15 20 20 22 2 4 2 5
0 0 0 1 1 4 6 1 3 1 2 2 6 -1 -1 -1 -1 -1 -1 232587 1 15 20 20 22 2 4 2 5
0 0 0 1 1 6 1 1 3 1 2 2 5 -1 -1 -1 -1 -1 -1 233054 0 15 20 20 22 2 4 2 5
0 0 0 1 3 1 6 1 3 1 2 2 6 4 4 6 1 0 0 233487 0 15 20 20 22 2 4 2 5
0 0 0 1 1 1 6 1 3 1 2 2 6 -1 -1 -1 -1 -1 -1 233954 0 15 20 20 22 2 4 2 5
0 0 0 1 1 4 6 1 3 1 2 2 6 -1 -1 -1 -1 -1 -1 234421 1 15 20 20 22 2 4 2 5
0 0 0 1 1 6 1 1 3 1 2 2 5 -1 -1 -1 -1 -1 -1 234854 0 15 20 20 22 2 4 2 5
0 0 0 1 1 6 3 1 3 1 2 2 5 6 4 5 0 0 0 235321 0 15 20 20 22 2 6 2 5
0 0 0 1 1 6 1 1 3 1 2 2 5 -1 -1 -1 -1 -1 -1 235788 0 15 20 20 22 2 6 2 5
0 0 0 1 1 1 6 4 3 1 2 2 6 -1 -1 -1 -1 -1 -1 236221 1 15 20 20 22 2 6 2 5
0 0 0 1 1 1 6 1 3 1 2 2 6 -1 -1 -1 -1 -1 -1 236688 0 15 20 20 22 2 6 2 5
0 0 0 1 1 1 8 2 3 1 2 2 6 7 4 6 1 1 0 237121 0 15 20 20 22 2 5 2 5
0 0 0 1 1 1 6 1 3 1 2 2 6 -1 -1 -1 -1 -1 -1 237621 0 15 20 19 21 2 5 2 5
0 0 0 1 1 4 6 1 3 1 2 2 6 -1 -1 -1 -1 -1 -1 238088 1 15 20 19 21 2 5 2 5
0 0 0 1 1 1 6 1 3 1 2 2 6 -1 -1 -1 -1 -1 -1 238555 0 15 20 19 21 2 5 2 5
0 0 0 1 1 3 1 6 3 1 2 2 7 5 4 8 3 0 0 239022 0 15 20 19 21 2 4 2 5
0 0 0 1 1 1 1 6 3 1 2 2 7 -1 -1 -1 -1 -1 -1 239522 0 15 20 19 21 2 4 2 5
0 0 0 1 1 1 4 6 3 1 2 2 7 -1 -1 -1 -1 -1 -1 239988 1 15 20 19 21 2 4 2 5
0 0 0 1 1 1 6 1 3 1 2 2 6 -1 -1 -1 -1 -1 -1 240455 0 15 20 19 21 2 4 2 5
0 0 0 2 1 8 1 1 3 1 2 2 5 3 4 6 1 1 0 240955 0 15 20 19 21 2 5 2 5
0 0 0 1 1 6 1 1 3 1 2 2 5 -1 -1 -1 -1 -1 -1 241455 0 15 20 18 19 2 5 2 5
0 0 0 1 1 6 1 4 3 1 2 2 5 -1 -1 -1 -1 -1 -1 241989 1 15 20 18 19 2 5 2 5
0 0 0 1 1 6 1 1 3 1 2 2 5 -1 -1 -1 -1 -1 -1 242522 0 15 20 18 19 2 5 2 5
0 0 0 1 1 7 1 1 3 1 2 2 5 5 4 8 3 1 1 243022 0 15 20 18 19 2 6 2 5
0 0 0 1 1 6 1 1 3 1 2 2 5 -1 -1 -1 -1 -1 -1 243556 0 15 20 18 19 2 6 2 5
0 0 0 1 1 6 4 1 3 1 2 2 5 -1 -1 -1 -1 -1 -1 244089 1 15 20 18 19 2 6 2 5
0 0 0 1 1 6 1 1 3 1 2 2 5 -1 -1 -1 -1 -1 -1 244623 0 15 20 18 19 2 6 2 5
0 0 0 2 8 1 1 1 3 1 2 2 4 3 4 6 1 1 0 245156 0 15 20 18 19 2 8 0 5
0 0 0 1 6 1 1 1 3 1 2 2 4 -1 -1 -1 -1 -1 -1 245756 0 15 20 17 16 2 8 0 5
0 0 0 1 6 1 4 1 3 1 2 2 4 -1 -1 -1 -1 -1 -1 246357 1 15 20 17 16 2 8 0 5
0 0 0 6 1 1 1 1 3 1 2 2 3 -1 -1 -1 -1 -1 -1 246990 0 15 20 17 16 2 8 0 5
0 0 0 7 1 1 1 1 3 1 2 2 3 3 4 8 3 1 1 247623 0 15 20 17 16 2 4 2 5
0 0 0 1 6 1 1 1 3 1 2 2 4 -1 -1 -1 -1 -1 -1 248257 0 15 20 17 16 2 4 2 5
0 0 0 4 1 6 1 1 3 1 2 2 5 -1 -1 -1 -1 -1 -1 248857 1 15 20 17 16 2 4 2 5
0 0 0 1 1 6 1 1 3 1 2 2 5 -1 -1 -1 -1 -1 -1 249491 0 15 20 17 16 2 4 2 5
0 0 0 3 1 6 1 1 3 1 2 2 5 3 4 7 2 0 0 250124 0 15 20 17 16 2 4 2 5
0 0 0 1 1 6 1 1 3 1 2 2 5 -1 -1 -1 -1 -1 -1 250757 0 15 20 17 16 2 4 2 5
0 0 0 1 1 1 6 4 3 1 2 2 6 -1 -1 -1 -1 -1 -1 251358 1 15 20 17 16 2 4 2 5
0 0 0 1 1 1 6 1 3 1 2 2 6 -1 -1 -1 -1 -1 -1 251991 0 15 20 17 16 2 4 2 5
0 0 0 1 1 3 6 1 3 1 2 2 6 5 4 6 1 0 0 252625 0 15 20 17 16 2 6 2 5
0 0 0 1 1 1 6 1 3 1 2 2 6 -1 -1 -1 -1 -1 -1 253258 0 15 20 17 16 2 6 2 5
0 0 0 1 1 4 6 1 3 1 2 2 6 -1 -1 -1 -1 -1 -1 253858 1 15 20 17 16 2 6 2 5
0 0 0 1 6 1 1 1 3 1 2 2 4 -1 -1 -1 -1 -1 -1 254492 0 15 20 17 16 2 6 2 5
0 0 0 1 7 1 1 1 3 1 2 2 4 4 4 7 2 1 1 255125 0 15 20 17 16 2 5 2 5
0 0 0 1 6 1 1 1 3 1 2 2 4 -1 -1 -1 -1 -1 -1 255658 0 15 20 18 19 2 5 2 5
0 0 0 1 6 4 1 1 3 1 2 2 4 -1 -1 -1 -1 -1 -1 256192 1 15 20 18 19 2 5 2 5
0 0 0 1 6 1 1 1 3 1 2 2 4 -1 -1 -1 -1 -1 -1 256725 0 15 20 18 19 2 5 2 5
0 0 0 3 6 1 1 1 3 1 2 2 4 3 4 5 0 0 0 257258 0 15 20 18 19 2 4 2 5
0 0 0 1 6 1 1 1 3 1 2 2 4 -1 -1 -1 -1 -1 -1 257758 0 15 20 18 19 2 4 2 5
0 0 0 1 6 4 1 1 3 1 2 2 4 -1 -1 -1 -1 -1 -1 258291 1 15 20 18 19 2 4 2 5
0 0 0 1 6 1 1 1 3 1 2 2 4 -1 -1 -1 -1 -1 -1 258825 0 15 20 18 19 2 4 2 5
0 0 0 3 6 1 1 1 3 1 2 2 4 3 4 8 3 0 0 259358 0 15 20 18 19 2 5 2 5
0 0 0 1 6 1 1 1 3 1 2 2 4 -1 -1 -1 -1 -1 -1 259858 0 15 20 18 19 2 5 2 5
0 0 0 1 6 4 1 1 3 1 2 2 4 -1 -1 -1 -1 -1 -1 260391 1 15 20 18 19 2 5 2 5
0 0 0 1 1 6 1 1 3 1 2 2 5 -1 -1 -1 -1 -1 -1 260924 0 15 20 18 19 2 5 2 5
0 0 0 1 3 6 1 1 3 1 2 2 5 4 4 7 2 0 0 261457 0 15 20 18 19 2 6 2 5
0 0 0 1 1 6 1 1 3 1 2 2 5 -1 -1 -1 -1 -1 -1 261990 0 15 20 18 19 2 6 2 5
0 0 0 1 1 6 4 1 3 1 2 2 5 -1 -1 -1 -1 -1 -1 262490 1 15 20 18 19 2 6 2 5
0 0 0 1 1 6 1 1 3 1 2 2 5 -1 -1 -1 -1 -1 -1 263024 0 15 20 18 19 2 6 2 5
0 0 0 1 1 6 3 1 3 1 2 2 5 6 4 5 0 0 0 263557 0 15 20 18 19 2 8 0 5
0 0 0 1 1 6 1 1 3 1 2 2 5 -1 -1 -1 -1 -1 -1 264090 0 15 20 18 19 2 8 0 5
0 0 0 4 1 6 1 1 3 1 2 2 5 -1 -1 -1 -1 -1 -1 264623 1 15 20 18 19 2 8 0 5
0 0 0 1 6 1 1 1 3 1 2 2 4 -1 -1 -1 -1 -1 -1 265123 0 15 20 18 19 2 8 0 5
0 0 0 1 7 1 1 1 3 1 2 2 4 4 4 7 2 1 1 265656 0 15 20 18 19 2 4 2 5
0 0 0 1 6 1 1 1 3 1 2 2 4 -1 -1 -1 -1 -1 -1 266189 0 15 20 18 19 2 4 2 5
0 0 0 1 6 1 1 4 3 1 2 2 4 -1 -1 -1 -1 -1 -1 266723 1 15 20 18 19 2 4 2 5
0 0 0 1 1 1 6 1 3 1 2 2 6 -1 -1 -1 -1 -1 -1 267223 0 15 20 18 19 2 4 2 5
0 0 0 3 1 1 6 1 3 1 2 2 6 3 4 8 3 0 0 267756 0 15 20 18 19 2 4 2 5
0 0 0 1 1 1 6 1 3 1 2 2 6 -1 -1 -1 -1 -1 -1 268289 0 15 20 18 19 2 4 2 5
0 0 0 1 1 4 6 1 3 1 2 2 6 -1 -1 -1 -1 -1 -1 268822 1 15 20 18 19 2 4 2 5
0 0 0 1 1 6 1 1 3 1 2 2 5 -1 -1 -1 -1 -1 -1 269355 0 15 20 18 19 2 4 2 5
0 0 0 3 1 6 1 1 3 1 2 2 5 3 4 5 0 0 0 269855 0 15 20 18 19 2 6 2 5
0 0 0 1 1 6 1 1 3 1 2 2 5 -1 -1 -1 -1 -1 -1 270388 0 15 20 18 19 2 6 2 5
0 0 0 1 6 1 4 1 3 1 2 2 4 -1 -1 -1 -1 -1 -1 270922 1 15 20 18 19 2 6 2 5
0 0 0 1 6 1 1 1 3 1 2 2 4 -1 -1 -1 -1 -1 -1 271455 0 15 20 18 19 2 6 2 5
0 0 0 1 7 1 1 1 3 1 2 2 4 4 4 8 3 1 1 271988 0 15 20 18 19 2 5 2 5
0 0 0 1 1 6 1 1 3 1 2 2 5 -1 -1 -1 -1 -1 -1 272455 0 15 20 19 21 2 5 2 5
0 0 0 1 4 6 1 1 3 1 2 2 5 -1 -1 -1 -1 -1 -1 272954 1 15 20 19 21 2 5 2 5
0 0 0 1 1 6 1 1 3 1 2 2 5 -1 -1 -1 -1 -1 -1 273421 0 15 20 19 21 2 5 2 5
0 0 0 3 1 6 1 1 3 1 2 2 5 3 4 6 1 0 0 273888 0 15 20 19 21 2 4 2 5
0 0 0 1 1 6 1 1 3 1 2 2 5 -1 -1 -1 -1 -1 -1 274354 0 15 20 19 21 2 4 2 5
0 0 0 1 6 1 1 4 3 1 2 2 4 -1 -1 -1 -1 -1 -1 274854 1 15 20 19 21 2 4 2 5
0 0 0 1 6 1 1 1 3 1 2 2 4 -1 -1 -1 -1 -1 -1 275321 0 15 20 19 21 2 4 2 5
0 0 0 1 6 3 1 1 3 1 2 2 4 5 4 7 2 0 0 275787 0 15 20 19 21 2 5 2 5
0 0 0 1 6 1 1 1 3 1 2 2 4 -1 -1 -1 -1 -1 -1 276254 0 15 20 19 21 2 5 2 5
0 0 0 1 6 4 1 1 3 1 2 2 4 -1 -1 -1 -1 -1 -1 276754 1 15 20 19 21 2 5 2 5
0 0 0 1 1 6 1 1 3 1 2 2 5 -1 -1 -1 -1 -1 -1 277220 0 15 20 19 21 2 5 2 5
0 0 0 1 1 1 8 1 3 1 2 2 6 6 4 8 3 0 1 277687 0 15 20 19 21 2 6 2 5
0 0 0 1 1 1 6 1 3 1 2 2 6 -1 -1 -1 -1 -1 -1 278220 0 15 20 18 19 2 6 2 5
0 0 0 1 4 6 1 1 3 1 2 2 5 -1 -1 -1 -1 -1 -1 278753 1 15 20 18 19 2 6 2 5
0 0 0 1 1 6 1 1 3 1 2 2 5 -1 -1 -1 -1 -1 -1 279253 0 15 20 18 19 2 6 2 5
0 0 0 1 1 6 3 1 3 1 2 2 5 6 4 6 1 0 0 279786 0 15 20 18 19 2 8 0 5
0 0 0 1 1 6 1 1 3 1 2 2 5 -1 -1 -1 -1 -1 -1 280319 0 15 20 18 19 2 8 0 5
0 0 0 4 1 6 1 1 3 1 2 2 5 -1 -1 -1 -1 -1 -1 280853 1 15 20 18 19 2 8 0 5
0 0 0 1 1 6 1 1 3 1 2 2 5 -1 -1 -1 -1 -1 -1 281386 0 15 20 18 19 2 8 0 5
0 0 0 1 1 6 3 1 3 1 2 2 5 6 4 7 2 0 0 281886 0 15 20 18 19 2 4 2 5
0 0 0 1 1 6 1 1 3 1 2 2 5 -1 -1 -1 -1 -1 -1 282419 0 15 20 18 19 2 4 2 5
0 0 0 4 1 1 6 1 3 1 2 2 6 -1 -1 -1 -1 -1 -1 282952 1 15 20 18 19 2 4 2 5
0 0 0 1 1 1 6 1 3 1 2 2 6 -1 -1 -1 -1 -1 -1 283485 0 15 20 18 19 2 4 2 5
0 0 0 1 1 1 7 1 3 1 2 2 6 6 4 6 1 1 1 284018 0 15 20 18 19 2 4 2 5
0 0 0 1 1 1 6 1 3 1 2 2 6 -1 -1 -1 -1 -1 -1 284518 0 15 20 18 19 2 4 2 5
0 0 0 4 1 1 6 1 3 1 2 2 6 -1 -1 -1 -1 -1 -1 285051 1 15 20 18 19 2 4 2 5
0 0 0 1 1 1 6 1 3 1 2 2 6 -1 -1 -1 -1 -1 -1 285585 0 15 20 18 19 2 4 2 5
0 0 0 1 1 3 6 1 3 1 2 2 6 5 4 8 3 0 0 286118 0 15 20 18 19 2 6 2 5
0 0 0 1 1 1 6 1 3 1 2 2 6 -1 -1 -1 -1 -1 -1 286618 0 15 20 18 19 2 6 2 5
0 0 0 1 6 1 1 4 3 1 2 2 4 -1 -1 -1 -1 -1 -1 287151 1 15 20 18 19 2 6 2 5
0 0 0 1 6 1 1 1 3 1 2 2 4 -1 -1 -1 -1 -1 -1 287684 0 15 20 18 19 2 6 2 5
0 0 0 1 6 3 1 1 3 1 2 2 4 5 4 5 0 0 0 288217 0 15 20 18 19 2 5 2 5
0 0 0 1 6 1 1 1 3 1 2 2 4 -1 -1 -1 -1 -1 -1 288751 0 15 20 18 19 2 5 2 5
0 0 0 1 6 4 1 1 3 1 2 2 4 -1 -1 -1 -1 -1 -1 289250 1 15 20 18 19 2 5 2 5
0 0 0 1 6 1 1 1 3 1 2 2 4 -1 -1 -1 -1 -1 -1 289784 0 15 20 18 19 2 5 2 5
0 0 0 1 6 1 3 1 3 1 2 2 4 6 4 7 2 0 0 290317 0 15 20 18 19 2 4 2 5
0 0 0 1 6 1 1 1 3 1 2 2 4 -1 -1 -1 -1 -1 -1 290850 0 15 20 18 19 2 4 2 5
0 0 0 1 1 6 1 4 3 1 2 2 5 -1 -1 -1 -1 -1 -1 291383 1 15 20 18 19 2 4 2 5
0 0 0 1 1 1 6 1 3 1 2 2 6 -1 -1 -1 -1 -1 -1 291883 0 15 20 18 19 2 4 2 5
0 0 0 1 1 3 6 1 3 1 2 2 6 5 4 8 3 0 0 292416 0 15 20 18 19 2 5 2 5
0 0 0 1 1 1 6 1 3 1 2 2 6 -1 -1 -1 -1 -1 -1 292950 0 15 20 18 19 2 5 2 5
0 0 0 1 4 6 1 1 3 1 2 2 5 -1 -1 -1 -1 -1 -1 293483 1 15 20 18 19 2 5 2 5
0 0 0 1 6 1 1 1 3 1 2 2 4 -1 -1 -1 -1 -1 -1 294016 0 15 20 18 19 2 5 2 5
0 0 0 1 7 1 1 1 3 1 2 2 4 4 4 7 2 1 1 294516 0 15 20 18 19 2 6 2 5
0 0 0 1 6 1 1 1 3 1 2 2 4 -1 -1 -1 -1 -1 -1 295016 0 15 20 19 21 2 6 2 5
0 0 0 1 6 1 4 1 3 1 2 2 4 -1 -1 -1 -1 -1 -1 295482 1 15 20 19 21 2 6 2 5
0 0 0 1 1 6 1 1 3 1 2 2 5 -1 -1 -1 -1 -1 -1 295949 0 15 20 19 21 2 6 2 5
0 0 0 1 1 1 7 1 3 1 2 2 6 6 4 8 3 1 1 296449 0 15 20 19 21 2 8 0 5
0 0 0 1 1 1 6 1 3 1 2 2 6 -1 -1 -1 -1 -1 -1 296915 0 15 20 19 21 2 8 0 5
0 0 0 4 1 6 1 1 3 1 2 2 5 -1 -1 -1 -1 -1 -1 297382 1 15 20 19 21 2 8 0 5
0 0 0 1 6 1 1 1 3 1 2 2 4 -1 -1 -1 -1 -1 -1 297882 0 15 20 19 21 2 8 0 5
0 0 0 1 6 1 3 1 3 1 2 2 4 6 4 5 0 0 0 298348 0 15 20 19 21 2 4 2 5
0 0 0 1 6 1 1 1 3 1 2 2 4 -1 -1 -1 -1 -1 -1 298815 0 15 20 19 21 2 4 2 5
0 0 0 1 6 4 1 1 3 1 2 2 4 -1 -1 -1 -1 -1 -1 299281 1 15 20 19 21 2 4 2 5
0 0 0 1 1 6 1 1 3 1 2 2 5 -1 -1 -1 -1 -1 -1 299781 0 15 20 19 21 2 4 2 5
0 0 0 1 3 6 1 1 3 1 2 2 5 4 4 7 2 0 0 300248 0 15 20 19 21 2 4 2 5
0 0 0 1 1 6 1 1 3 1 2 2 5 -1 -1 -1 -1 -1 -1 300714 0 15 20 19 21 2 4 2 5
0 0 0 4 1 6 1 1 3 1 2 2 5 -1 -1 -1 -1 -1 -1 301214 1 15 20 19 21 2 4 2 5
0 0 0 1 1 6 1 1 3 1 2 2 5 -1 -1 -1 -1 -1 -1 301681 0 15 20 19 21 2 4 2 5
0 0 0 1 1 6 3 1 3 1 2 2 5 6 4 6 1 0 0 302147 0 15 20 19 21 2 6 2 5
0 0 0 1 1 6 1 1 3 1 2 2 5 -1 -1 -1 -1 -1 -1 302614 0 15 20 19 21 2 6 2 5
0 0 0 4 1 1 6 1 3 1 2 2 6 -1 -1 -1 -1 -1 -1 303114 1 15 20 19 21 2 6 2 5
0 0 0 1 1 6 1 1 3 1 2 2 5 -1 -1 -1 -1 -1 -1 303580 0 15 20 19 21 2 6 2 5
0 0 0 1 1 7 1 1 3 1 2 2 5 5 4 7 2 1 1 304047 0 15 20 19 21 2 5 2 5
0 0 0 1 1 6 1 1 3 1 2 2 5 -1 -1 -1 -1 -1 -1 304513 0 15 20 20 22 2 5 2 5
0 0 0 4 1 6 1 1 3 1 2 2 5 -1 -1 -1 -1 -1 -1 304980 1 15 20 20 22 2 5 2 5
0 0 0 1 6 1 1 1 3 1 2 2 4 -1 -1 -1 -1 -1 -1 305413 0 15 20 20 22 2 5 2 5
0 0 0 1 7 1 1 1 3 1 2 2 4 4 4 6 1 1 1 305880 0 15 20 20 22 2 4 2 5
0 0 0 1 6 1 1 1 3 1 2 2 4 -1 -1 -1 -1 -1 -1 306346 0 15 20 20 22 2 4 2 5
0 0 0 1 6 1 4 1 3 1 2 2 4 -1 -1 -1 -1 -1 -1 306780 1 15 20 20 22 2 4 2 5
0 0 0 1 1 6 1 1 3 1 2 2 5 -1 -1 -1 -1 -1 -1 307246 0 15 20 20 22 2 4 2 5
0 0 0 3 1 6 1 1 3 1 2 2 5 3 4 5 0 0 0 307679 0 15 20 20 22 2 5 2 5
0 0 0 1 1 6 1 1 3 1 2 2 5 -1 -1 -1 -1 -1 -1 308146 0 15 20 20 22 2 5 2 5
0 0 0 1 1 6 1 4 3 1 2 2 5 -1 -1 -1 -1 -1 -1 308612 1 15 20 20 22 2 5 2 5
0 0 0 1 1 6 1 1 3 1 2 2 5 -1 -1 -1 -1 -1 -1 309046 0 15 20 20 22 2 5 2 5
0 0 0 1 3 6 1 1 3 1 2 2 5 4 4 7 2 0 0 309512 0 15 20 20 22 2 6 2 5
0 0 0 1 1 6 1 1 3 1 2 2 5 -1 -1 -1 -1 -1 -1 309979 0 15 20 20 22 2 6 2 5
0 0 0 1 1 6 4 1 3 1 2 2 5 -1 -1 -1 -1 -1 -1 310412 1 15 20 20 22 2 6 2 5
0 0 0 1 6 1 1 1 3 1 2 2 4 -1 -1 -1 -1 -1 -1 310879 0 15 20 20 22 2 6 2 5
0 0 0 1 6 3 1 1 3 1 2 2 4 5 4 6 1 0 0 311312 0 15 20 20 22 2 8 0 5
0 0 0 1 1 6 1 1 3 1 2 2 5 -1 -1 -1 -1 -1 -1 311778 0 15 20 20 22 2 8 0 5
0 0 0 4 1 6 1 1 3 1 2 2 5 -1 -1 -1 -1 -1 -1 312245 1 15 20 20 22 2 8 0 5
0 0 0 1 1 6 1 1 3 1 2 2 5 -1 -1 -1 -1 -1 -1 312678 0 15 20 20 22 2 8 0 5
0 0 0 1 6 1 3 1 3 1 2 2 4 6 4 5 0 0 0 313145 0 15 20 20 22 2 4 2 5
0 0 0 1 6 1 1 1 3 1 2 2 4 -1 -1 -1 -1 -1 -1 313611 0 15 20 20 22 2 4 2 5
0 0 0 1 6 4 1 1 3 1 2 2 4 -1 -1 -1 -1 -1 -1 314044 1 15 20 20 22 2 4 2 5
0 0 0 1 1 6 1 1 3 1 2 2 5 -1 -1 -1 -1 -1 -1 314511 0 15 20 20 22 2 4 2 5
0 0 0 1 1 1 7 1 3 1 2 2 6 6 4 6 1 1 1 314978 0 15 20 20 22 2 4 2 5
0 0 0 1 1 6 1 1 4 2 2 1 5 -1 -1 -1 -1 -1 -1 322342 0 15 20 20 60 2 8 0 5
0 0 0 1 1 6 1 1 4 2 2 1 5 -1 -1 -1 -1 -1 -1 322509 0 15 20 20 60 2 8 0 5
0 0 0 1 1 6 1 1 4 2 2 1 5 -1 -1 -1 -1 -1 -1 322676 0 15 20 20 60 2 5 2 5
0 0 0 1 1 6 1 1 4 2 2 1 5 -1 -1 -1 -1 -1 -1 322842 0 15 20 20 52.4 2 5 2 5
0 0 0 1 1 6 1 1 4 2 2 1 5 -1 -1 -1 -1 -1 -1 323076 0 15 20 20 34.6666 2 5 2 5
0 0 0 1 1 6 1 1 4 2 2 1 5 -1 -1 -1 -1 -1 -1 323475 0 15 20 20 22 2 5 2 5
0 0 0 1 1 6 1 1 4 2 2 1 5 -1 -1 -1 -1 -1 -1 323942 0 15 20 20 22 2 6 2 5
0 0 0 1 1 6 1 1 4 2 2 1 5 -1 -1 -1 -1 -1 -1 324409 0 15 20 20 22 2 6 2 5
0 0 0 1 1 6 1 1 4 2 2 1 5 -1 -1 -1 -1 -1 -1 324842 0 15 20 20 22 2 6 2 5
0 0 0 1 1 1 6 1 4 2 2 1 6 -1 -1 -1 -1 -1 -1 325308 0 15 20 20 22 2 6 2 5
0 0 0 1 1 3 6 1 4 2 2 1 6 5 5 4 2 0 0 325775 0 15 20 20 22 2 6 2 5
0 0 0 1 1 1 6 1 4 2 2 1 6 -1 -1 -1 -1 -1 -1 326208 0 15 20 20 22 2 6 2 5
0 0 0 1 1 1 6 1 4 2 2 1 6 -1 -1 -1 -1 -1 -1 326675 0 15 20 20 22 2 6 2 5
0 0 0 1 1 1 6 1 4 2 2 1 6 -1 -1 -1 -1 -1 -1 327141 0 15 20 20 22 2 6 2 5
0 0 0 1 1 3 6 1 4 2 2 1 6 5 5 4 0 0 0 327574 0 15 20 20 22 2 6 2 5
0 0 0 1 1 1 6 1 4 2 2 1 6 -1 -1 -1 -1 -1 -1 328041 0 15 20 20 22 2 6 2 5
0 0 0 1 1 6 1 1 4 2 2 1 5 -1 -1 -1 -1 -1 -1 328474 0 15 20 20 22 2 6 2 5
0 0 0 1 1 6 1 1 4 2 2 1 5 -1 -1 -1 -1 -1 -1 328941 0 15 20 20 22 2 6 2 5
0 0 0 1 1 6 3 1 4 2 2 1 5 6 5 4 1 0 0 329407 0 15 20 20 22 2 5 2 5
0 0 0 1 1 6 1 1 4 2 2 1 5 -1 -1 -1 -1 -1 -1 329841 0 15 20 20 22 2 5 2 5
0 0 0 1 1 6 1 1 4 2 2 1 5 -1 -1 -1 -1 -1 -1 330307 0 15 20 20 22 2 5 2 5
0 0 0 1 1 1 6 1 4 2 2 1 6 -1 -1 -1 -1 -1 -1 330774 0 15 20 20 22 2 5 2 5
0 0 0 1 1 3 6 1 4 2 2 1 6 5 5 4 2 0 0 331207 0 15 20 20 22 2 6 2 5
0 0 0 1 1 6 1 1 4 2 2 1 5 -1 -1 -1 -1 -1 -1 331673 0 15 20 20 22 2 6 2 5
0 0 0 1 1 6 1 1 4 2 2 1 5 -1 -1 -1 -1 -1 -1 332140 0 15 20 20 22 2 6 2 5
0 0 0 1 6 1 1 1 4 2 2 1 4 -1 -1 -1 -1 -1 -1 332573 0 15 20 20 22 2 6 2 5
0 0 0 1 6 3 1 1 4 2 2 1 4 5 5 4 3 0 0 333040 0 15 20 20 22 2 6 2 5
0 0 0 1 6 1 1 1 4 2 2 1 4 -1 -1 -1 -1 -1 -1 333473 0 15 20 20 22 2 6 2 5
0 0 0 6 1 1 1 1 4 2 2 1 3 -1 -1 -1 -1 -1 -1 333940 0 15 20 20 22 2 6 2 5
0 0 0 6 1 1 1 1 4 2 2 1 3 -1 -1 -1 -1 -1 -1 334406 0 15 20 20 22 2 6 2 5
0 0 0 7 1 1 1 1 4 2 2 1 3 3 5 4 2 1 1 334839 0 15 20 20 22 2 8 0 5
0 0 0 6 1 1 1 1 4 2 2 1 3 -1 -1 -1 -1 -1 -1 335306 0 15 20 20 22 2 8 0 5
0 0 0 1 6 1 1 1 4 2 2 1 4 -1 -1 -1 -1 -1 -1 335772 0 15 20 20 22 2 8 0 5
0 0 0 1 6 1 1 1 4 2 2 1 4 -1 -1 -1 -1 -1 -1 336206 0 15 20 20 22 2 8 0 5
0 0 0 1 6 3 1 1 4 2 2 1 4 5 5 4 0 0 0 336672 0 15 20 20 22 2 5 2 5
0 0 0 1 6 1 1 1 4 2 2 1 4 -1 -1 -1 -1 -1 -1 337105 0 15 20 20 22 2 5 2 5
0 0 0 1 1 6 1 1 4 2 2 1 5 -1 -1 -1 -1 -1 -1 337572 0 15 20 20 22 2 5 2 5
0 0 0 1 6 1 1 1 4 2 2 1 4 -1 -1 -1 -1 -1 -1 338039 0 15 20 20 22 2 5 2 5
0 0 0 1 1 6 1 3 4 2 2 1 5 7 5 4 3 0 0 338472 0 15 20 20 22 2 6 2 5
0 0 0 1 1 6 1 1 4 2 2 1 5 -1 -1 -1 -1 -1 -1 338938 0 15 20 20 22 2 6 2 5
0 0 0 1 1 6 1 1 4 2 2 1 5 -1 -1 -1 -1 -1 -1 339405 0 15 20 20 22 2 6 2 5
0 0 0 1 6 1 1 1 4 2 2 1 4 -1 -1 -1 -1 -1 -1 339838 0 15 20 20 22 2 6 2 5
0 0 0 1 6 1 3 1 4 2 2 1 4 6 5 4 1 0 0 340305 0 15 20 20 22 2 6 2 5
0 0 0 1 1 6 1 1 4 2 2 1 5 -1 -1 -1 -1 -1 -1 340771 0 15 20 20 22 2 6 2 5
0 0 0 1 1 6 1 1 4 2 2 1 5 -1 -1 -1 -1 -1 -1 341204 0 15 20 20 22 2 6 2 5
0 0 0 1 1 1 6 1 4 2 2 1 6 -1 -1 -1 -1 -1 -1 341671 0 15 20 20 22 2 6 2 5
0 0 0 1 1 1 7 1 4 2 2 1 6 6 5 4 3 1 1 342104 0 15 20 20 22 2 6 2 5
0 0 0 1 1 1 6 1 4 2 2 1 6 -1 -1 -1 -1 -1 -1 342571 0 15 20 20 22 2 6 2 5
0 0 0 1 1 6 1 1 4 2 2 1 5 -1 -1 -1 -1 -1 -1 343037 0 15 20 20 22 2 6 2 5
0 0 0 1 1 1 6 1 4 2 2 1 6 -1 -1 -1 -1 -1 -1 343471 0 15 20 20 22 2 6 2 5
0 0 0 1 1 3 6 1 4 2 2 1 6 5 5 4 0 0 0 343937 0 15 20 20 22 2 5 2 5
0 0 0 1 1 6 1 1 4 2 2 1 5 -1 -1 -1 -1 -1 -1 344404 0 15 20 20 22 2 5 2 5
0 0 0 1 6 1 1 1 4 2 2 1 4 -1 -1 -1 -1 -1 -1 344837 0 15 20 20 22 2 5 2 5
0 0 0 1 6 1 1 1 4 2 2 1 4 -1 -1 -1 -1 -1 -1 345303 0 15 20 20 22 2 5 2 5
0 0 0 1 7 1 1 1 4 2 2 1 4 4 5 4 3 1 1 345770 0 15 20 20 22 2 6 2 5
0 0 0 1 6 1 1 1 4 2 2 1 4 -1 -1 -1 -1 -1 -1 346203 0 15 20 20 22 2 6 2 5
0 0 0 6 1 1 1 1 4 2 2 1 3 -1 -1 -1 -1 -1 -1 346670 0 15 20 20 22 2 6 2 5
0 0 0 6 1 1 1 1 4 2 2 1 3 -1 -1 -1 -1 -1 -1 347103 0 15 20 20 22 2 6 2 5
0 0 0 7 1 1 1 1 4 2 2 1 3 3 5 4 0 1 1 347570 0 15 20 20 22 2 6 2 5
0 0 0 6 1 1 1 1 4 2 2 1 3 -1 -1 -1 -1 -1 -1 348036 0 15 20 20 22 2 6 2 5
0 0 0 1 6 1 1 1 4 2 2 1 4 -1 -1 -1 -1 -1 -1 348469 0 15 20 20 22 2 6 2 5
0 0 0 1 6 1 1 1 4 2 2 1 4 -1 -1 -1 -1 -1 -1 348936 0 15 20 20 22 2 6 2 5
0 0 0 1 7 1 1 1 4 2 2 1 4 4 5 4 3 1 1 349402 0 15 20 20 22 2 8 0 5
0 0 0 0 1 6 1 0 5 6 1 0 5 -1 -1 -1 -1 -1 -1 357800 0 15 40 16 60 2 8 0 3
0 0 0 0 1 6 1 0 5 6 1 0 5 -1 -1 -1 -1 -1 -1 357967 0 15 40 16 60 2 8 0 3
0 0 0 0 1 6 1 0 5 6 1 0 5 -1 -1 -1 -1 -1 -1 358134 0 15 40 16 60 2 4 2 3
0 0 0 0 1 6 1 0 5 6 1 0 5 -1 -1 -1 -1 -1 -1 358300 0 15 40 16 50.6 2 4 2 3
0 0 0 0 1 6 1 0 5 6 1 0 5 -1 -1 -1 -1 -1 -1 358567 0 15 40 16 25.5333 2 4 2 3
0 0 0 0 1 6 1 0 5 6 1 0 5 -1 -1 -1 -1 -1 -1 359300 0 15 40 16 13 2 4 2 3
0 0 0 0 1 6 1 0 5 6 1 0 5 -1 -1 -1 -1 -1 -1 360067 0 15 40 16 13 2 4 2 3
0 0 0 0 1 6 1 0 5 6 1 0 5 -1 -1 -1 -1 -1 -1 360833 0 15 40 16 13 2 4 2 3
0 0 0 0 1 6 1 0 5 6 1 0 5 -1 -1 -1 -1 -1 -1 361599 0 15 40 16 13 2 4 2 3
0 0 0 0 1 6 1 0 5 6 1 0 5 -1 -1 -1 -1 -1 -1 362366 0 15 40 16 13 2 4 2 3
0 0 0 0 1 7 1 0 5 6 1 0 5 5 5 4 4 1 1 363132 0 15 40 16 13 2 4 2 3
0 0 0 0 6 1 1 0 5 6 1 0 4 -1 -1 -1 -1 -1 -1 363899 0 15 40 16 13 2 4 2 3
0 0 0 0 6 1 1 0 5 6 1 0 4 -1 -1 -1 -1 -1 -1 364665 0 15 40 16 13 2 4 2 3
0 0 0 0 6 1 1 0 5 6 1 0 4 -1 -1 -1 -1 -1 -1 365432 0 15 40 16 13 2 4 2 3
0 0 0 0 7 1 1 0 5 6 1 0 4 4 5 4 4 1 1 366198 0 15 40 16 13 2 4 2 3
0 0 0 0 1 6 1 0 5 6 1 0 5 -1 -1 -1 -1 -1 -1 366865 0 15 40 17 16 2 4 2 3
0 0 0 0 1 1 6 0 5 6 1 0 6 -1 -1 -1 -1 -1 -1 367498 0 15 40 17 16 2 4 2 3
0 0 0 0 1 1 6 0 5 6 1 0 6 -1 -1 -1 -1 -1 -1 368098 0 15 40 17 16 2 4 2 3
0 0 0 0 1 1 7 0 5 6 1 0 6 6 5 4 4 1 1 368731 0 15 40 17 16 2 5 2 3
0 0 0 0 1 6 1 0 5 6 1 0 5 -1 -1 -1 -1 -1 -1 369364 0 15 40 17 16 2 5 2 3
0 0 0 0 1 6 1 0 5 6 1 0 5 -1 -1 -1 -1 -1 -1 369997 0 15 40 17 16 2 5 2 3
0 0 0 0 1 6 1 0 5 6 1 0 5 -1 -1 -1 -1 -1 -1 370597 0 15 40 17 16 2 5 2 3
0 0 0 0 1 7 1 0 5 6 1 0 5 5 5 4 4 1 1 371230 0 15 40 17 16 2 6 2 3
0 0 0 0 1 6 1 0 5 6 1 0 5 -1 -1 -1 -1 -1 -1 371764 0 15 40 18 19 2 6 2 3
0 0 0 0 6 1 1 0 5 6 1 0 4 -1 -1 -1 -1 -1 -1 372297 0 15 40 18 19 2 6 2 3
0 0 0 0 6 1 1 0 5 6 1 0 4 -1 -1 -1 -1 -1 -1 372830 0 15 40 18 19 2 6 2 3
0 0 0 0 7 1 1 0 5 6 1 0 4 4 5 4 4 1 1 373363 0 15 40 18 19 2 6 2 3
0 0 0 0 6 1 1 0 5 6 1 0 4 -1 -1 -1 -1 -1 -1 373863 0 15 40 18 19 2 6 2 3
0 0 0 0 1 1 6 0 5 6 1 0 6 -1 -1 -1 -1 -1 -1 374396 0 15 40 18 19 2 6 2 3
0 0 0 0 1 1 6 0 5 6 1 0 6 -1 -1 -1 -1 -1 -1 374930 0 15 40 18 19 2 6 2 3
0 0 0 0 1 1 7 0 5 6 1 0 6 6 5 4 4 1 1 375463 0 15 40 18 19 2 8 0 3
0 0 0 0 1 1 6 0 5 6 1 0 6 -1 -1 -1 -1 -1 -1 375929 0 15 40 19 21 2 8 0 3
0 0 0 0 1 6 1 0 5 6 1 0 5 -1 -1 -1 -1 -1 -1 376429 0 15 40 19 21 2 8 0 3
0 0 0 0 1 6 1 0 5 6 1 0 5 -1 -1 -1 -1 -1 -1 376896 0 15 40 19 21 2 8 0 3
0 0 0 1 1 7 1 1 5 6 1 0 5 5 5 4 4 1 1 377362 0 15 40 19 21 2 4 2 5
0 0 0 1 1 6 1 1 5 6 1 0 5 -1 -1 -1 -1 -1 -1 377829 0 15 40 19 21 2 4 2 5
0 0 0 1 1 6 1 1 5 6 1 0 5 -1 -1 -1 -1 -1 -1 378329 0 15 40 19 21 2 4 2 5
0 0 0 1 1 6 1 1 5 6 1 0 5 -1 -1 -1 -1 -1 -1 378795 0 15 40 19 21 2 4 2 5
0 0 0 1 1 7 1 1 5 6 1 0 5 5 5 4 4 1 1 379262 0 15 40 19 21 2 4 2 5
0 0 0 1 1 6 1 1 5 6 1 1 5 -1 -1 -1 -1 -1 -1 379728 0 15 40 20 22 2 4 2 5
0 0 0 1 6 1 1 1 5 6 1 1 4 -1 -1 -1 -1 -1 -1 380195 0 15 40 20 22 2 4 2 5
0 0 0 6 1 1 1 1 5 6 1 1 3 -1 -1 -1 -1 -1 -1 380628 0 15 40 20 22 2 4 2 5
0 0 0 7 1 1 1 1 5 6 1 1 3 3 5 4 4 1 1 381095 0 15 40 20 22 2 4 2 5
0 0 0 6 1 1 1 1 5 6 1 1 3 -1 -1 -1 -1 -1 -1 381561 0 15 40 20 22 2 4 2 5
0 0 0 1 6 1 1 1 5 6 1 1 4 -1 -1 -1 -1 -1 -1 381994 0 15 40 20 22 2 4 2 5
0 0 0 1 6 1 1 1 5 6 1 1 4 -1 -1 -1 -1 -1 -1 382461 0 15 40 20 22 2 4 2 5
0 0 0 1 2 8 1 1 5 6 1 1 5 4 5 4 4 1 0 382894 0 15 40 20 22 2 4 2 5
0 0 0 1 6 1 1 1 5 6 1 1 4 -1 -1 -1 -1 -1 -1 383394 0 15 40 19 21 2 4 2 5
0 0 0 1 6 1 1 1 5 6 1 1 4 -1 -1 -1 -1 -1 -1 383861 0 15 40 19 21 2 4 2 5
0 0 0 1 6 1 1 1 5 6 1 1 4 -1 -1 -1 -1 -1 -1 384327 0 15 40 19 21 2 4 2 5
0 0 0 1 7 1 1 1 5 6 1 1 4 4 5 4 4 1 1 384794 0 15 40 19 21 2 5 2 5
0 0 0 1 1 6 1 1 5 6 1 1 5 -1 -1 -1 -1 -1 -1 385294 0 15 40 19 21 2 5 2 5
0 0 0 1 6 1 1 1 5 6 1 1 4 -1 -1 -1 -1 -1 -1 385760 0 15 40 19 21 2 5 2 5
0 0 0 6 1 1 1 1 5 6 1 1 3 -1 -1 -1 -1 -1 -1 386227 0 15 40 19 21 2 5 2 5
0 0 0 7 1 1 1 1 5 6 1 1 3 3 5 4 4 1 1 386727 0 15 40 19 21 2 6 2 5
0 0 0 6 1 1 1 1 5 6 1 1 3 -1 -1 -1 -1 -1 -1 387160 0 15 40 20 22 2 6 2 5
0 0 0 1 1 6 1 1 5 6 1 1 5 -1 -1 -1 -1 -1 -1 387626 0 15 40 20 22 2 6 2 5
0 0 0 1 1 6 1 1 5 6 1 1 5 -1 -1 -1 -1 -1 -1 388093 0 15 40 20 22 2 6 2 5
0 0 0 1 1 7 1 1 5 6 1 1 5 5 5 4 4 1 1 388526 0 15 40 20 22 2 6 2 5
0 0 0 1 1 6 1 1 5 6 1 1 5 -1 -1 -1 -1 -1 -1 388993 0 15 40 20 22 2 6 2 5
0 0 0 6 1 1 1 1 5 6 1 1 3 -1 -1 -1 -1 -1 -1 389459 0 15 40 20 22 2 6 2 5
0 0 0 6 1 1 1 1 5 6 1 1 3 -1 -1 -1 -1 -1 -1 389893 0 15 40 20 22 2 6 2 5
0 0 0 7 1 1 1 1 5 6 1 1 3 3 5 4 4 1 1 390359 0 15 40 20 22 2 8 0 5
0 0 0 1 6 1 1 1 5 6 1 1 4 -1 -1 -1 -1 -1 -1 390792 0 15 40 21 23 2 8 0 5
0 0 0 1 6 1 1 1 5 6 1 1 4 -1 -1 -1 -1 -1 -1 391226 0 15 40 21 23 2 8 0 5
0 0 0 1 6 1 1 1 5 6 1 1 4 -1 -1 -1 -1 -1 -1 391659 0 15 40 21 23 2 8 0 5
0 0 0 1 7 1 1 1 5 6 1 1 4 4 5 4 4 1 1 392092 0 15 40 21 23 2 4 2 5
0 0 0 1 6 1 1 1 5 6 1 1 4 -1 -1 -1 -1 -1 -1 392525 0 15 40 21 23 2 4 2 5
0 0 0 1 6 1 1 1 5 6 1 1 4 -1 -1 -1 -1 -1 -1 392958 0 15 40 21 23 2 4 2 5
0 0 0 1 6 1 1 1 5 6 1 1 4 -1 -1 -1 -1 -1 -1 393392 0 15 40 21 23 2 4 2 5
0 0 0 1 7 1 1 1 5 6 1 1 4 4 5 4 4 1 1 393825 0 15 40 21 23 2 4 2 5
0 0 0 1 6 1 1 1 5 6 1 2 4 -1 -1 -1 -1 -1 -1 394258 0 15 40 22 24 2 4 2 5
0 0 0 1 6 1 1 1 5 6 1 2 4 -1 -1 -1 -1 -1 -1 394658 0 15 40 22 24 2 4 2 5
0 0 0 1 6 1 1 1 5 6 1 2 4 -1 -1 -1 -1 -1 -1 395091 0 15 40 22 24 2 4 2 5
0 0 0 1 7 1 1 1 5 6 1 2 4 4 5 4 4 1 1 395491 0 15 40 22 24 2 4 2 5
0 0 0 1 1 6 1 1 5 6 1 2 5 -1 -1 -1 -1 -1 -1 395924 0 15 40 22 24 2 4 2 5
0 0 0 1 1 1 6 4 5 6 1 2 6 -1 -1 -1 -1 -1 -1 396324 1 15 40 22 24 2 4 2 5
0 0 0 1 1 1 6 1 5 6 1 2 6 -1 -1 -1 -1 -1 -1 396758 0 15 40 22 24 2 4 2 5
0 0 0 1 1 1 7 1 5 6 1 2 6 6 5 4 4 1 1 397157 0 15 40 22 24 2 4 2 5
0 0 0 1 1 6 1 1 5 6 1 2 5 -1 -1 -1 -1 -1 -1 397557 0 15 40 23 25 2 4 2 5
0 0 0 1 1 6 1 4 5 6 1 2 5 -1 -1 -1 -1 -1 -1 397957 1 15 40 23 25 2 4 2 5
0 0 0 1 1 1 6 1 5 6 1 2 6 -1 -1 -1 -1 -1 -1 398357 0 15 40 23 25 2 4 2 5
0 0 0 1 1 1 1 7 5 6 1 2 7 7 5 4 4 1 1 398757 0 15 40 23 25 2 5 2 5
0 0 0 1 1 1 1 6 5 6 1 2 7 -1 -1 -1 -1 -1 -1 399157 0 15 40 23 25 2 5 2 5
0 0 0 4 1 1 6 1 5 6 1 2 6 -1 -1 -1 -1 -1 -1 399557 1 15 40 23 25 2 5 2 5
0 0 0 1 1 1 6 1 5 6 1 2 6 -1 -1 -1 -1 -1 -1 399957 0 15 40 23 25 2 5 2 5
0 0 0 1 1 1 7 1 5 6 1 2 6 6 5 4 4 1 1 400357 0 15 40 23 25 2 6 2 5
0 0 0 1 1 1 6 1 5 6 1 2 6 -1 -1 -1 -1 -1 -1 400757 0 15 40 24 25.5 2 6 2 5
0 0 0 1 1 4 1 6 5 6 1 2 7 -1 -1 -1 -1 -1 -1 401156 1 15 40 24 25.5 2 6 2 5
0 0 0 1 1 1 1 6 5 6 1 2 7 -1 -1 -1 -1 -1 -1 401556 0 15 40 24 25.5 2 6 2 5
0 0 0 1 1 1 1 7 5 6 1 2 7 7 5 4 4 1 1 401923 0 15 40 24 25.5 2 6 2 5
0 0 0 1 1 1 1 6 5 6 1 2 7 -1 -1 -1 -1 -1 -1 402323 0 15 40 24 25.5 2 6 2 5
0 0 0 1 4 1 6 1 5 6 1 2 6 -1 -1 -1 -1 -1 -1 402723 1 15 40 24 25.5 2 6 2 5
0 0 0 1 1 6 1 1 5 6 1 2 5 -1 -1 -1 -1 -1 -1 403123 0 15 40 24 25.5 2 6 2 5
0 0 0 1 1 7 1 1 5 6 1 2 5 5 5 4 4 1 1 403489 0 15 40 24 25.5 2 8 0 5
0 0 0 1 1 1 6 1 5 6 1 2 6 -1 -1 -1 -1 -1 -1 403889 0 15 40 25 26 2 8 0 5
0 0 0 1 1 4 1 6 5 6 1 2 7 -1 -1 -1 -1 -1 -1 404289 1 15 40 25 26 2 8 0 5
0 0 0 1 1 1 1 6 5 6 1 2 7 -1 -1 -1 -1 -1 -1 404656 0 15 40 25 26 2 8 0 5
0 0 0 1 1 1 1 7 5 6 1 2 7 7 5 4 4 1 1 405056 0 15 40 25 26 2 4 2 5
0 0 0 1 1 1 1 6 5 6 1 2 7 -1 -1 -1 -1 -1 -1 405422 0 15 40 25 26 2 4 2 5
0 0 0 1 1 4 1 6 5 6 1 2 7 -1 -1 -1 -1 -1 -1 405822 1 15 40 25 26 2 4 2 5
0 0 0 1 1 1 6 1 5 6 1 2 6 -1 -1 -1 -1 -1 -1 406189 0 15 40 25 26 2 4 2 5
0 0 0 1 8 2 1 1 5 6 1 2 4 5 5 4 4 1 0 406588 0 15 40 25 26 2 4 2 5
0 0 0 1 6 1 1 1 5 6 1 2 4 -1 -1 -1 -1 -1 -1 406955 0 15 40 24 25.5 2 4 2 5
0 0 0 1 4 6 1 1 5 6 1 2 5 -1 -1 -1 -1 -1 -1 407355 1 15 40 24 25.5 2 4 2 5
0 0 0 1 1 1 6 1 5 6 1 2 6 -1 -1 -1 -1 -1 -1 407755 0 15 40 24 25.5 2 4 2 5
0 0 0 1 1 1 7 1 5 6 1 2 6 6 5 4 4 1 1 408155 0 15 40 24 25.5 2 4 2 5
0 0 0 1 1 1 6 1 5 6 1 2 6 -1 -1 -1 -1 -1 -1 408555 0 15 40 24 25.5 2 4 2 5
0 0 0 1 1 4 1 6 5 6 1 2 7 -1 -1 -1 -1 -1 -1 408921 1 15 40 24 25.5 2 4 2 5
0 0 0 1 1 1 1 6 5 6 1 2 7 -1 -1 -1 -1 -1 -1 409321 0 15 40 24 25.5 2 4 2 5
0 0 0 1 1 1 1 7 5 6 1 2 7 7 5 4 4 1 1 409721 0 15 40 24 25.5 2 4 2 5
0 0 0 0 1 6 1 0 6 1 3 0 5 -1 -1 -1 -1 -1 -1 416386 0 15 20 20 60 2 8 0 3
0 0 0 0 1 6 1 0 6 1 3 0 5 -1 -1 -1 -1 -1 -1 416553 0 15 20 20 60 2 8 0 3
0 0 0 0 1 6 1 0 6 1 3 0 5 -1 -1 -1 -1 -1 -1 416719 0 15 20 20 60 2 6 2 3
0 0 0 0 1 6 1 0 6 1 3 0 5 -1 -1 -1 -1 -1 -1 416886 0 15 20 20 52.4 2 6 2 3
0 0 0 0 1 6 1 0 6 1 3 0 5 -1 -1 -1 -1 -1 -1 417119 0 15 20 20 34.6666 2 6 2 3
0 0 0 0 1 6 1 0 6 1 3 0 5 -1 -1 -1 -1 -1 -1 417519 0 15 20 20 22 2 6 2 3
0 0 0 0 1 6 1 0 6 1 3 0 5 -1 -1 -1 -1 -1 -1 417986 0 15 20 20 22 2 6 2 3
0 0 0 0 1 6 1 0 6 1 3 0 5 -1 -1 -1 -1 -1 -1 418452 0 15 20 20 22 2 6 2 3
0 0 0 0 1 6 1 0 6 1 3 0 5 -1 -1 -1 -1 -1 -1 418885 0 15 20 20 22 2 6 2 3
0 0 0 0 1 1 6 0 6 1 3 0 6 -1 -1 -1 -1 -1 -1 419352 0 15 20 20 22 2 6 2 3
0 0 0 0 1 3 6 0 6 1 3 0 6 5 4 8 3 0 0 419819 0 15 20 20 22 2 5 2 3
0 0 0 0 1 1 6 0 6 1 3 0 6 -1 -1 -1 -1 -1 -1 420252 0 15 20 20 22 2 5 2 3
0 0 0 0 1 6 1 0 6 1 3 0 5 -1 -1 -1 -1 -1 -1 420718 0 15 20 20 22 2 5 2 3
0 0 0 0 1 6 1 0 6 1 3 0 5 -1 -1 -1 -1 -1 -1 421185 0 15 20 20 22 2 5 2 3
0 0 0 0 1 6 3 0 6 1 3 0 5 6 4 6 1 0 0 421618 0 15 20 20 22 2 4 2 3
0 0 0 0 1 6 1 0 6 1 3 0 5 -1 -1 -1 -1 -1 -1 422085 0 15 20 20 22 2 4 2 3
0 0 0 0 1 6 1 0 6 1 3 0 5 -1 -1 -1 -1 -1 -1 422518 0 15 20 20 22 2 4 2 3
0 0 0 0 1 6 1 0 6 1 3 0 5 -1 -1 -1 -1 -1 -1 422984 0 15 20 20 22 2 4 2 3
0 0 0 0 1 6 3 0 6 1 3 0 5 6 4 8 3 0 0 423451 0 15 20 20 22 2 5 2 3
0 0 0 0 1 6 1 0 6 1 3 0 5 -1 -1 -1 -1 -1 -1 423884 0 15 20 20 22 2 5 2 3
0 0 0 0 6 1 1 0 6 1 3 0 4 -1 -1 -1 -1 -1 -1 424351 0 15 20 20 22 2 5 2 3
0 0 0 0 6 1 1 0 6 1 3 0 4 -1 -1 -1 -1 -1 -1 424817 0 15 20 20 22 2 5 2 3
0 0 0 0 6 3 1 0 6 1 3 0 4 5 4 6 1 0 0 425251 0 15 20 20 22 2 4 2 3
0 0 0 0 6 1 1 0 6 1 3 0 4 -1 -1 -1 -1 -1 -1 425717 0 15 20 20 22 2 4 2 3
0 0 0 0 1 6 1 0 6 1 3 0 5 -1 -1 -1 -1 -1 -1 426184 0 15 20 20 22 2 4 2 3
0 0 0 0 1 6 1 0 6 1 3 0 5 -1 -1 -1 -1 -1 -1 426617 0 15 20 20 22 2 4 2 3
0 0 0 0 1 8 1 0 6 1 3 0 5 5 4 8 3 0 1 427083 0 15 20 20 22 2 5 2 3
0 0 0 0 1 6 1 0 6 1 3 0 5 -1 -1 -1 -1 -1 -1 427550 0 15 20 19 21 2 5 2 3
0 0 0 0 1 1 6 0 6 1 3 0 6 -1 -1 -1 -1 -1 -1 428017 0 15 20 19 21 2 5 2 3
0 0 0 0 1 1 6 0 6 1 3 0 6 -1 -1 -1 -1 -1 -1 428516 0 15 20 19 21 2 5 2 3
0 0 0 0 1 3 6 0 6 1 3 0 6 5 4 5 0 0 0 428983 0 15 20 19 21 2 8 0 3
0 0 0 0 1 1 6 0 6 1 3 0 6 -1 -1 -1 -1 -1 -1 429450 0 15 20 19 21 2 8 0 3
0 0 0 0 1 6 1 0 6 1 3 0 5 -1 -1 -1 -1 -1 -1 429916 0 15 20 19 21 2 8 0 3
0 0 0 0 1 1 6 0 6 1 3 0 6 -1 -1 -1 -1 -1 -1 430416 0 15 20 19 21 2 8 0 3
0 0 0 0 1 3 6 0 6 1 3 0 6 5 4 8 3 0 0 430883 0 15 20 19 21 2 6 2 3
0 0 0 0 1 1 6 0 6 1 3 0 6 -1 -1 -1 -1 -1 -1 431349 0 15 20 19 21 2 6 2 3
0 0 0 0 6 1 1 0 6 1 3 0 4 -1 -1 -1 -1 -1 -1 431849 0 15 20 19 21 2 6 2 3
0 0 0 0 6 1 1 0 6 1 3 0 4 -1 -1 -1 -1 -1 -1 432316 0 15 20 19 21 2 6 2 3
0 0 0 0 7 1 1 0 6 1 3 0 4 4 4 8 3 1 1 432782 0 15 20 19 21 2 6 2 3
0 0 0 0 6 1 1 0 6 1 3 0 4 -1 -1 -1 -1 -1 -1 433249 0 15 20 19 21 2 6 2 3
0 0 0 0 6 1 1 0 6 1 3 0 4 -1 -1 -1 -1 -1 -1 433749 0 15 20 19 21 2 6 2 3
0 0 0 0 6 1 1 0 6 1 3 0 4 -1 -1 -1 -1 -1 -1 434182 0 15 20 19 26.25 2 6 2 3
0 0 0 0 6 1 3 0 6 1 3 0 4 6 4 7 2 0 0 434548 0 15 20 19 26.25 2 5 2 3
0 0 0 0 1 6 1 0 6 1 3 0 5 -1 -1 -1 -1 -1 -1 434948 0 15 20 19 26.25 2 5 2 3
0 0 0 0 1 6 1 0 6 1 3 0 5 -1 -1 -1 -1 -1 -1 435315 0 15 20 19 26.25 2 5 2 3
0 0 0 0 1 1 6 0 6 1 3 0 6 -1 -1 -1 -1 -1 -1 435715 0 15 20 19 24.85 2 5 2 3
0 0 0 0 1 2 8 0 6 1 3 0 6 5 4 8 3 1 0 436148 0 15 20 19 21 2 4 2 3
0 0 0 0 1 1 6 0 6 1 3 0 6 -1 -1 -1 -1 -1 -1 436681 0 15 20 18 19 2 4 2 3
0 0 0 0 1 1 6 0 6 1 3 0 6 -1 -1 -1 -1 -1 -1 437181 0 15 20 18 19 2 4 2 3
0 0 0 0 1 6 1 0 6 1 3 0 5 -1 -1 -1 -1 -1 -1 437714 0 15 20 18 19 2 4 2 3
0 0 0 0 3 1 6 0 6 1 3 0 6 4 4 7 2 0 0 438247 0 15 20 18 19 2 5 2 3
0 0 0 0 1 6 1 0 6 1 3 0 5 -1 -1 -1 -1 -1 -1 438781 0 15 20 18 19 2 5 2 3
0 0 0 0 1 6 1 0 6 1 3 0 5 -1 -1 -1 -1 -1 -1 439314 0 15 20 18 19 2 5 2 3
0 0 0 0 1 1 6 0 6 1 3 0 6 -1 -1 -1 -1 -1 -1 439814 0 15 20 18 19 2 5 2 3
0 0 0 0 1 1 8 0 6 1 3 0 6 6 4 8 3 0 1 440347 0 15 20 18 19 2 4 2 3
0 0 0 0 1 1 6 0 6 1 3 0 6 -1 -1 -1 -1 -1 -1 440947 0 15 20 17 16 2 4 2 3
0 0 0 0 1 6 1 0 6 1 3 0 5 -1 -1 -1 -1 -1 -1 441580 0 15 20 17 16 2 4 2 3
0 0 0 0 1 6 1 0 6 1 3 0 5 -1 -1 -1 -1 -1 -1 442213 0 15 20 17 16 2 4 2 3
0 0 0 0 2 8 1 0 6 1 3 0 5 4 4 8 3 1 0 442813 0 15 20 17 16 2 5 2 3
0 0 0 0 1 6 1 0 6 1 3 0 5 -1 -1 -1 -1 -1 -1 443579 0 15 20 16 13 2 5 2 3
0 0 0 0 1 1 6 0 6 1 3 0 6 -1 -1 -1 -1 -1 -1 444346 0 15 20 16 13 2 5 2 3
0 0 0 0 1 1 6 0 6 1 3 0 6 -1 -1 -1 -1 -1 -1 445112 0 15 20 16 13 2 5 2 3
0 0 0 0 1 1 8 0 6 1 3 0 6 6 4 6 1 0 1 445879 0 15 20 16 13 2 8 0 3
0 0 0 0 1 6 1 0 6 1 3 0 5 -1 -1 -1 -1 -1 -1 446845 0 15 20 15 10 2 8 0 3
0 0 0 0 1 6 1 0 6 1 3 0 5 -1 -1 -1 -1 -1 -1 447845 0 15 20 15 10 2 8 0 3
0 0 0 0 1 6 1 0 6 1 3 0 5 -1 -1 -1 -1 -1 -1 448845 0 15 20 15 10 2 8 0 3
0 0 0 0 1 6 3 0 6 1 3 0 5 6 4 7 2 0 0 449845 0 15 20 15 10 2 6 2 3
0 0 0 0 1 6 1 0 6 1 3 0 5 -1 -1 -1 -1 -1 -1 450844 0 15 20 15 10 2 6 2 3
0 0 0 0 1 6 1 0 6 1 3 0 5 -1 -1 -1 -1 -1 -1 451844 0 15 20 15 10 2 6 2 3
0 0 0 0 1 6 1 0 6 1 3 0 5 -1 -1 -1 -1 -1 -1 452844 0 15 20 15 10 2 6 2 3
0 0 0 0 3 6 1 0 6 1 3 0 5 4 4 6 1 0 0 453844 0 15 20 15 10 2 6 2 3
0 0 0 0 1 6 1 0 6 1 3 0 5 -1 -1 -1 -1 -1 -1 454843 0 15 20 15 10 2 6 2 3
0 0 0 0 1 6 1 0 6 1 3 0 5 -1 -1 -1 -1 -1 -1 455843 0 15 20 15 10 2 6 2 3
0 0 0 0 1 1 6 0 6 1 3 0 6 -1 -1 -1 -1 -1 -1 456843 0 15 20 15 10 2 6 2 3
0 0 0 0 1 1 7 0 6 1 3 0 6 6 4 6 1 1 1 457843 0 15 20 15 10 2 5 2 3
0 0 0 0 1 1 6 0 6 1 3 0 6 -1 -1 -1 -1 -1 -1 458842 0 15 20 15 10 2 5 2 3
0 0 0 0 1 1 6 0 6 1 3 0 6 -1 -1 -1 -1 -1 -1 459842 0 15 20 15 10 2 5 2 3
0 0 0 0 1 1 6 0 6 1 3 0 6 -1 -1 -1 -1 -1 -1 460842 0 15 20 15 10 2 5 2 3
0 0 0 0 2 1 8 0 6 1 3 0 6 4 4 7 2 1 0 461842 0 15 20 15 10 2 4 2 3
0 0 0 0 1 6 1 0 6 1 3 0 5 -1 -1 -1 -1 -1 -1 462841 0 15 20 15 10 2 4 2 3
0 0 0 0 1 6 1 0 6 1 3 0 5 -1 -1 -1 -1 -1 -1 463841 0 15 20 15 10 2 4 2 3
0 0 0 0 1 6 1 0 6 1 3 0 5 -1 -1 -1 -1 -1 -1 464841 0 15 20 15 10 2 4 2 3
0 0 0 0 1 7 1 0 6 1 3 0 5 5 4 6 1 1 1 465841 0 15 20 15 10 2 5 2 3
0 0 0 0 1 1 6 0 6 1 3 0 6 -1 -1 -1 -1 -1 -1 466840 0 15 20 15 10 2 5 2 3
0 0 0 0 1 1 6 0 6 1 3 0 6 -1 -1 -1 -1 -1 -1 467840 0 15 20 15 10 2 5 2 3
0 0 0 0 1 1 6 0 6 1 3 0 6 -1 -1 -1 -1 -1 -1 468840 0 15 20 15 10 2 5 2 3
0 0 0 0 1 3 6 0 6 1 3 0 6 5 4 7 2 0 0 469840 0 15 20 15 10 2 4 2 3
0 0 0 0 1 1 6 0 6 1 3 0 6 -1 -1 -1 -1 -1 -1 470839 0 15 20 15 10 2 4 2 3
0 0 0 0 1 1 6 0 6 1 3 0 6 -1 -1 -1 -1 -1 -1 471839 0 15 20 15 10 2 4 2 3
0 0 0 0 1 1 6 0 6 1 3 0 6 -1 -1 -1 -1 -1 -1 472839 0 15 20 15 10 2 4 2 3
0 0 0 0 1 3 6 0 6 1 3 0 6 5 4 5 0 0 0 473839 0 15 20 15 10 2 5 2 3
0 0 0 0 1 6 1 0 6 1 3 0 5 -1 -1 -1 -1 -1 -1 474838 0 15 20 15 10 2 5 2 3
0 0 0 0 6 1 1 0 6 1 3 0 4 -1 -1 -1 -1 -1 -1 475838 0 15 20 15 10 2 5 2 3
0 0 0 0 6 1 1 0 6 1 3 0 4 -1 -1 -1 -1 -1 -1 476838 0 15 20 15 10 2 5 2 3
0 0 0 0 6 3 1 0 6 1 3 0 4 5 4 7 2 0 0 477838 0 15 20 15 10 2 8 0 3
0 0 0 0 1 6 1 0 6 1 3 0 5 -1 -1 -1 -1 -1 -1 478837 0 15 20 15 10 2 8 0 3
0 0 0 0 1 6 1 0 6 1 3 0 5 -1 -1 -1 -1 -1 -1 479837 0 15 20 15 10 2 8 0 3
0 0 0 0 1 6 1 0 6 1 3 0 5 -1 -1 -1 -1 -1 -1 480837 0 15 20 15 10 2 8 0 3
0 0 0 0 1 7 1 0 6 1 3 0 5 5 4 7 2 1 1 481803 0 15 20 15 10 2 6 2 3
0 0 0 0 1 6 1 0 6 1 3 0 5 -1 -1 -1 -1 -1 -1 482637 0 15 20 16 13 2 6 2 3
0 0 0 0 1 1 6 0 6 1 3 0 6 -1 -1 -1 -1 -1 -1 483403 0 15 20 16 13 2 6 2 3
0 0 0 0 1 1 6 0 6 1 3 0 6 -1 -1 -1 -1 -1 -1 484170 0 15 20 16 13 2 6 2 3
0 0 0 0 3 1 6 0 6 1 3 0 6 4 4 6 1 0 0 484936 0 15 20 16 13 2 6 2 3
0 0 0 0 1 6 1 0 6 1 3 0 5 -1 -1 -1 -1 -1 -1 485702 0 15 20 16 13 2 6 2 3
0 0 0 0 6 1 1 0 6 1 3 0 4 -1 -1 -1 -1 -1 -1 486469 0 15 20 16 13 2 6 2 3
0 0 0 0 6 1 1 0 6 1 3 0 4 -1 -1 -1 -1 -1 -1 487235 0 15 20 16 13 2 6 2 3
0 0 0 0 6 3 1 0 6 1 3 0 4 5 4 6 1 0 0 488002 0 15 20 16 13 2 5 2 3
0 0 0 0 1 6 1 0 6 1 3 0 5 -1 -1 -1 -1 -1 -1 488802 0 15 20 16 13 2 5 2 3
0 0 0 0 6 1 1 0 6 1 3 0 4 -1 -1 -1 -1 -1 -1 489568 0 15 20 16 13 2 5 2 3
0 0 0 0 1 6 1 0 6 1 3 0 5 -1 -1 -1 -1 -1 -1 490335 0 15 20 16 13 2 5 2 3
0 0 0 0 1 6 3 0 6 1 3 0 5 6 4 8 3 0 0 491101 0 15 20 16 13 2 4 2 3
0 0 0 0 1 6 1 0 6 1 3 0 5 -1 -1 -1 -1 -1 -1 491868 0 15 20 16 13 2 4 2 3
0 0 0 0 1 6 1 0 6 1 3 0 5 -1 -1 -1 -1 -1 -1 492634 0 15 20 16 13 2 4 2 3
0 0 0 0 1 6 1 0 6 1 3 0 5 -1 -1 -1 -1 -1 -1 493401 0 15 20 16 13 2 4 2 3
0 0 0 0 3 6 1 0 6 1 3 0 5 4 4 5 0 0 0 494167 0 15 20 16 13 2 5 2 3
0 0 0 0 1 6 1 0 6 1 3 0 5 -1 -1 -1 -1 -1 -1 494934 0 15 20 16 13 2 5 2 3
0 0 0 0 1 6 1 0 6 1 3 0 5 -1 -1 -1 -1 -1 -1 495700 0 15 20 16 13 2 5 2 3
0 0 0 0 1 6 1 0 6 1 3 0 5 -1 -1 -1 -1 -1 -1 496467 0 15 20 16 13 2 5 2 3
0 0 0 0 1 7 1 0 6 1 3 0 5 5 4 6 1 1 1 497233 0 15 20 16 13 2 4 2 3
0 0 0 0 1 1 6 0 6 1 3 0 6 -1 -1 -1 -1 -1 -1 497999 0 15 20 16 13 2 4 2 3
0 0 0 0 1 1 6 0 6 1 3 0 6 -1 -1 -1 -1 -1 -1 498766 0 15 20 16 13 2 4 2 3
0 0 0 0 1 1 6 0 6 1 3 0 6 -1 -1 -1 -1 -1 -1 499566 0 15 20 16 13 2 4 2 3
0 0 0 0 1 1 7 0 6 1 3 0 6 6 4 8 3 1 1 500332 0 15 20 16 13 2 5 2 3
0 0 0 0 1 1 6 0 6 1 3 0 6 -1 -1 -1 -1 -1 -1 500965 0 15 20 17 16 2 5 2 3
0 0 0 0 1 1 6 0 6 1 3 0 6 -1 -1 -1 -1 -1 -1 501599 0 15 20 17 16 2 5 2 3
0 0 0 0 1 1 6 0 6 1 3 0 6 -1 -1 -1 -1 -1 -1 502232 0 15 20 17 16 2 5 2 3
0 0 0 0 1 3 6 0 6 1 3 0 6 5 4 6 1 0 0 502865 0 15 20 17 16 2 8 0 3
0 0 0 0 1 1 6 0 6 1 3 0 6 -1 -1 -1 -1 -1 -1 503465 0 15 20 17 16 2 8 0 3
0 0 0 0 1 6 1 0 6 1 3 0 5 -1 -1 -1 -1 -1 -1 504098 0 15 20 17 16 2 8 0 3
0 0 0 0 1 6 1 0 6 1 3 0 5 -1 -1 -1 -1 -1 -1 504731 0 15 20 17 16 2 8 0 3
0 0 0 0 1 6 3 0 6 1 3 0 5 6 4 8 3 0 0 505364 0 15 20 17 16 2 6 2 3
0 0 0 0 1 6 1 0 6 1 3 0 5 -1 -1 -1 -1 -1 -1 505964 0 15 20 17 16 2 6 2 3
0 0 0 0 1 6 1 0 6 1 3 0 5 -1 -1 -1 -1 -1 -1 506597 0 15 20 17 16 2 6 2 3
0 0 0 0 1 6 1 0 6 1 3 0 5 -1 -1 -1 -1 -1 -1 507231 0 15 20 17 16 2 6 2 3
0 0 0 0 3 6 1 0 6 1 3 0 5 4 4 6 1 0 0 507830 0 15 20 17 16 2 6 2 3
0 0 0 0 1 6 1 0 6 1 3 0 5 -1 -1 -1 -1 -1 -1 508464 0 15 20 17 16 2 6 2 3
0 0 0 0 1 6 1 0 6 1 3 0 5 -1 -1 -1 -1 -1 -1 509097 0 15 20 17 16 2 6 2 3
0 0 0 0 1 6 1 0 6 1 3 0 5 -1 -1 -1 -1 -1 -1 509730 0 15 20 17 16 2 6 2 3
0 0 0 0 1 7 1 0 6 1 3 0 5 5 4 6 1 1 1 510330 0 15 20 17 16 2 5 2 3
0 0 0 0 1 6 1 0 6 1 3 0 5 -1 -1 -1 -1 -1 -1 510963 0 15 20 17 16 2 5 2 3
0 0 0 0 1 6 1 0 6 1 3 0 5 -1 -1 -1 -1 -1 -1 511596 0 15 20 17 16 2 5 2 3
0 0 0 0 1 6 1 0 6 1 3 0 5 -1 -1 -1 -1 -1 -1 512229 0 15 20 17 16 2 5 2 3
0 0 0 0 1 6 3 0 6 1 3 0 5 6 4 5 0 0 0 512829 0 15 20 17 16 2 4 2 3
0 0 0 0 1 6 1 0 6 1 3 0 5 -1 -1 -1 -1 -1 -1 513462 0 15 20 17 16 2 4 2 3
0 0 0 0 1 6 1 0 6 1 3 0 5 -1 -1 -1 -1 -1 -1 514096 0 15 20 17 16 2 4 2 3
0 0 0 0 1 6 1 0 6 1 3 0 5 -1 -1 -1 -1 -1 -1 514729 0 15 20 17 16 2 4 2 3
0 0 0 0 3 6 1 0 6 1 3 0 5 4 4 5 0 0 0 515329 0 15 20 17 16 2 5 2 3
0 0 0 0 1 6 1 0 6 1 3 0 5 -1 -1 -1 -1 -1 -1 515962 0 15 20 17 16 2 5 2 3
0 0 0 0 6 1 1 0 6 1 3 0 4 -1 -1 -1 -1 -1 -1 516595 0 15 20 17 16 2 5 2 3
0 0 0 0 6 1 1 0 6 1 3 0 4 -1 -1 -1 -1 -1 -1 517228 0 15 20 17 16 2 5 2 3
0 0 0 0 6 3 1 0 6 1 3 0 4 5 4 7 2 0 0 517828 0 15 20 17 16 2 4 2 3
0 0 0 0 1 6 1 0 6 1 3 0 5 -1 -1 -1 -1 -1 -1 518461 0 15 20 17 16 2 4 2 3
0 0 0 0 1 6 1 0 6 1 3 0 5 -1 -1 -1 -1 -1 -1 519094 0 15 20 17 16 2 4 2 3
0 0 0 0 1 6 1 0 6 1 3 0 5 -1 -1 -1 -1 -1 -1 519728 0 15 20 17 16 2 4 2 3
0 0 0 0 2 8 1 0 6 1 3 0 5 4 4 5 0 1 0 520327 0 15 20 17 16 2 5 2 3
0 0 0 0 1 6 1 0 6 1 3 0 5 -1 -1 -1 -1 -1 -1 521094 0 15 20 16 13 2 5 2 3
0 0 0 0 1 6 1 0 6 1 3 0 5 -1 -1 -1 -1 -1 -1 521860 0 15 20 16 13 2 5 2 3
0 0 0 0 1 6 1 0 6 1 3 0 5 -1 -1 -1 -1 -1 -1 522627 0 15 20 16 13 2 5 2 3
0 0 0 0 1 6 3 0 6 1 3 0 5 6 4 7 2 0 0 523393 0 15 20 16 13 2 8 0 3
0 0 0 0 1 6 1 0 6 1 3 0 5 -1 -1 -1 -1 -1 -1 524160 0 15 20 16 13 2 8 0 3
0 0 0 0 1 6 1 0 6 1 3 0 5 -1 -1 -1 -1 -1 -1 524926 0 15 20 16 13 2 8 0 3
0 0 0 0 1 6 1 0 6 1 3 0 5 -1 -1 -1 -1 -1 -1 525693 0 15 20 16 13 2 8 0 3
0 0 0 0 1 8 2 0 6 1 3 0 5 6 4 7 2 1 0 526459 0 15 20 16 13 2 6 2 3
0 0 0 0 1 6 1 0 6 1 3 0 5 -1 -1 -1 -1 -1 -1 527426 0 15 20 15 10 2 6 2 3
0 0 0 0 1 6 1 0 6 1 3 0 5 -1 -1 -1 -1 -1 -1 528425 0 15 20 15 10 2 6 2 3
0 0 0 0 1 6 1 0 6 1 3 0 5 -1 -1 -1 -1 -1 -1 529425 0 15 20 15 10 2 6 2 3
0 0 0 0 1 6 3 0 6 1 3 0 5 6 4 8 3 0 0 530425 0 15 20 15 10 2 6 2 3
0 0 0 0 1 1 6 0 6 1 3 0 6 -1 -1 -1 -1 -1 -1 531425 0 15 20 15 10 2 6 2 3
0 0 0 0 1 1 6 0 6 1 3 0 6 -1 -1 -1 -1 -1 -1 532424 0 15 20 15 10 2 6 2 3
0 0 0 0 1 1 6 0 6 1 3 0 6 -1 -1 -1 -1 -1 -1 533424 0 15 20 15 10 2 6 2 3
0 0 0 0 1 1 7 0 6 1 3 0 6 6 4 7 2 1 1 534424 0 15 20 15 10 2 5 2 3
0 0 0 0 1 1 6 0 6 1 3 0 6 -1 -1 -1 -1 -1 -1 535424 0 15 20 15 10 2 5 2 3
0 0 0 0 1 6 1 0 7 1 3 0 5 -1 -1 -1 -1 -1 -1 549254 0 15 20 15 60 2 8 0 3
0 0 0 0 1 6 1 0 7 1 3 0 5 -1 -1 -1 -1 -1 -1 549420 0 15 20 15 60 2 8 0 3
0 0 0 0 1 6 1 0 7 1 3 0 5 -1 -1 -1 -1 -1 -1 549587 0 15 20 15 60 2 5 2 3
0 0 0 0 1 6 1 0 7 1 3 0 5 -1 -1 -1 -1 -1 -1 549754 0 15 20 15 50 2 5 2 3
0 0 0 0 1 6 1 0 7 1 3 0 5 -1 -1 -1 -1 -1 -1 550053 0 15 20 15 20 2 5 2 3
0 0 0 0 1 6 1 0 7 1 3 0 5 -1 -1 -1 -1 -1 -1 550987 0 15 20 15 10 2 5 2 3
0 0 0 0 1 6 1 0 7 1 3 0 5 -1 -1 -1 -1 -1 -1 551986 0 15 20 15 10 2 6 2 3
0 0 0 0 1 6 1 0 7 1 3 0 5 -1 -1 -1 -1 -1 -1 552986 0 15 20 15 10 2 6 2 3
0 0 0 0 1 6 1 0 7 1 3 0 5 -1 -1 -1 -1 -1 -1 553986 0 15 20 15 10 2 6 2 3
0 0 0 0 1 6 1 0 7 1 3 0 5 -1 -1 -1 -1 -1 -1 554986 0 15 20 15 10 2 6 2 3
0 0 0 0 3 6 1 0 7 1 3 0 5 4 4 6 1 0 0 555985 0 15 20 15 10 2 5 2 3
0 0 0 0 1 6 1 0 7 1 3 0 5 -1 -1 -1 -1 -1 -1 556985 0 15 20 15 10 2 5 2 3
0 0 0 0 6 1 1 0 7 1 3 0 4 -1 -1 -1 -1 -1 -1 557985 0 15 20 15 10 2 5 2 3
0 0 0 0 6 1 1 0 7 1 3 0 4 -1 -1 -1 -1 -1 -1 558985 0 15 20 15 10 2 5 2 3
0 0 0 0 6 3 1 0 7 1 3 0 4 5 4 8 3 0 0 559984 0 15 20 15 10 2 4 2 3
0 0 0 0 6 1 1 0 7 1 3 0 4 -1 -1 -1 -1 -1 -1 560984 0 15 20 15 10 2 4 2 3
0 0 0 0 1 6 1 0 7 1 3 0 5 -1 -1 -1 -1 -1 -1 561984 0 15 20 15 10 2 4 2 3
0 0 0 0 1 6 1 0 7 1 3 0 5 -1 -1 -1 -1 -1 -1 562984 0 15 20 15 10 2 4 2 3
0 0 0 0 1 6 3 0 7 1 3 0 5 6 4 7 2 0 0 563983 0 15 20 15 10 2 4 2 3
0 0 0 0 6 1 1 0 7 1 3 0 4 -1 -1 -1 -1 -1 -1 564983 0 15 20 15 10 2 4 2 3
0 0 0 0 6 1 1 0 7 1 3 0 4 -1 -1 -1 -1 -1 -1 565983 0 15 20 15 10 2 4 2 3
0 0 0 0 6 1 1 0 7 1 3 0 4 -1 -1 -1 -1 -1 -1 566983 0 15 20 15 10 2 4 2 3
0 0 0 0 6 3 1 0 7 1 3 0 4 5 4 5 0 0 0 567982 0 15 20 15 10 2 4 2 3
0 0 0 0 1 6 1 0 7 1 3 0 5 -1 -1 -1 -1 -1 -1 568982 0 15 20 15 10 2 4 2 3
0 0 0 0 1 6 1 0 7 1 3 0 5 -1 -1 -1 -1 -1 -1 569982 0 15 20 15 10 2 4 2 3
0 0 0 0 1 6 1 0 7 1 3 0 5 -1 -1 -1 -1 -1 -1 570982 0 15 20 15 10 2 4 2 3
0 0 0 0 1 6 3 0 7 1 3 0 5 6 4 7 2 0 0 571981 0 15 20 15 10 2 5 2 3
0 0 0 0 1 6 1 0 7 1 3 0 5 -1 -1 -1 -1 -1 -1 572981 0 15 20 15 10 2 5 2 3
0 0 0 0 1 6 1 0 7 1 3 0 5 -1 -1 -1 -1 -1 -1 573981 0 15 20 15 10 2 5 2 3
0 0 0 0 1 6 1 0 7 1 3 0 5 -1 -1 -1 -1 -1 -1 574981 0 15 20 15 10 2 5 2 3
0 0 0 0 1 6 3 0 7 1 3 0 5 6 4 8 3 0 0 575980 0 15 20 15 10 2 8 0 3
0 0 0 0 1 6 1 0 7 1 3 0 5 -1 -1 -1 -1 -1 -1 576980 0 15 20 15 10 2 8 0 3
0 0 0 0 1 6 1 0 7 1 3 0 5 -1 -1 -1 -1 -1 -1 577980 0 15 20 15 10 2 8 0 3
0 0 0 0 1 6 1 0 7 1 3 0 5 -1 -1 -1 -1 -1 -1 578980 0 15 20 15 10 2 8 0 3
0 0 0 0 1 6 3 0 7 1 3 0 5 6 4 7 2 0 0 579980 0 15 20 15 10 2 5 2 3
0 0 0 0 1 6 1 0 7 1 3 0 5 -1 -1 -1 -1 -1 -1 580979 0 15 20 15 10 2 5 2 3
0 0 0 0 1 6 1 0 7 1 3 0 5 -1 -1 -1 -1 -1 -1 581979 0 15 20 15 10 2 5 2 3
0 0 0 0 1 6 1 0 7 1 3 0 5 -1 -1 -1 -1 -1 -1 582979 0 15 20 15 10 2 5 2 3
0 0 0 0 1 7 1 0 7 1 3 0 5 5 4 7 2 1 1 583979 0 15 20 15 10 2 6 2 3
0 0 0 0 1 6 1 0 7 1 3 0 5 -1 -1 -1 -1 -1 -1 584978 0 15 20 15 10 2 6 2 3
0 0 0 0 1 6 1 0 7 1 3 0 5 -1 -1 -1 -1 -1 -1 585978 0 15 20 15 10 2 6 2 3
0 0 0 0 1 6 1 0 7 1 3 0 5 -1 -1 -1 -1 -1 -1 586978 0 15 20 15 10 2 6 2 3
0 0 0 0 3 6 1 0 7 1 3 0 5 4 4 6 1 0 0 587978 0 15 20 15 10 2 5 2 3
0 0 0 0 1 6 1 0 7 1 3 0 5 -1 -1 -1 -1 -1 -1 588977 0 15 20 15 10 2 5 2 3
0 0 0 0 1 6 1 0 7 1 3 0 5 -1 -1 -1 -1 -1 -1 589977 0 15 20 15 10 2 5 2 3
0 0 0 0 1 6 1 0 7 1 3 0 5 -1 -1 -1 -1 -1 -1 590977 0 15 20 15 10 2 5 2 3
0 0 0 0 1 7 1 0 7 1 3 0 5 5 4 7 2 1 1 591977 0 15 20 15 10 2 4 2 3
0 0 0 0 1 6 1 0 7 1 3 0 5 -1 -1 -1 -1 -1 -1 592776 0 15 20 16 13 2 4 2 3
0 0 0 0 1 1 6 0 7 1 3 0 6 -1 -1 -1 -1 -1 -1 593543 0 15 20 16 13 2 4 2 3
0 0 0 0 1 1 6 0 7 1 3 0 6 -1 -1 -1 -1 -1 -1 594309 0 15 20 16 13 2 4 2 3
0 0 0 0 1 1 7 0 7 1 3 0 6 6 4 7 2 1 1 595076 0 15 20 16 13 2 4 2 3
0 0 0 0 1 6 1 0 8 2 2 0 5 -1 -1 -1 -1 -1 -1 601574 0 15 20 20 60 2 8 0 3
0 0 0 0 1 6 1 0 8 2 2 0 5 -1 -1 -1 -1 -1 -1 601741 0 15 20 20 60 2 8 0 3
0 0 0 0 1 6 1 0 8 2 2 0 5 -1 -1 -1 -1 -1 -1 601907 0 15 20 20 60 2 6 2 3
0 0 0 0 1 6 1 0 8 2 2 0 5 -1 -1 -1 -1 -1 -1 602074 0 15 20 20 52.4 2 6 2 3
0 0 0 0 1 6 1 0 8 2 2 0 5 -1 -1 -1 -1 -1 -1 602307 0 15 20 20 34.6666 2 6 2 3
0 0 0 0 1 6 1 0 8 2 2 0 5 -1 -1 -1 -1 -1 -1 602707 0 15 20 20 22 2 6 2 3
0 0 0 0 1 6 1 0 8 2 2 0 5 -1 -1 -1 -1 -1 -1 603174 0 15 20 20 22 2 6 2 3
0 0 0 0 1 6 1 0 8 2 2 0 5 -1 -1 -1 -1 -1 -1 603640 0 15 20 20 22 2 6 2 3
0 0 0 0 1 6 1 0 8 2 2 0 5 -1 -1 -1 -1 -1 -1 604074 0 15 20 20 22 2 6 2 3
0 0 0 0 1 6 1 0 8 2 2 0 5 -1 -1 -1 -1 -1 -1 604540 0 15 20 20 22 2 6 2 3
0 0 0 0 3 6 1 0 8 2 2 0 5 4 5 4 3 0 0 605007 0 15 20 20 22 2 6 2 3
0 0 0 0 1 6 1 0 8 2 2 0 5 -1 -1 -1 -1 -1 -1 605440 0 15 20 20 22 2 6 2 3
0 0 0 0 1 1 6 0 8 2 2 0 6 -1 -1 -1 -1 -1 -1 605907 0 15 20 20 22 2 6 2 3
0 0 0 0 1 1 6 0 8 2 2 0 6 -1 -1 -1 -1 -1 -1 606373 0 15 20 20 22 2 6 2 3
0 0 0 0 1 3 6 0 8 2 2 0 6 5 5 4 1 0 0 606806 0 15 20 20 22 2 5 2 3
0 0 0 0 1 1 6 0 8 2 2 0 6 -1 -1 -1 -1 -1 -1 607273 0 15 20 20 22 2 5 2 3
0 0 0 0 1 1 6 0 8 2 2 0 6 -1 -1 -1 -1 -1 -1 607706 0 15 20 20 22 2 5 2 3
0 0 0 0 1 1 6 0 8 2 2 0 6 -1 -1 -1 -1 -1 -1 608173 0 15 20 20 22 2 5 2 3
0 0 0 0 1 1 7 0 8 2 2 0 6 6 5 4 3 1 1 608639 0 15 20 20 22 2 5 2 3
0 0 0 0 1 1 6 0 8 2 2 0 6 -1 -1 -1 -1 -1 -1 609072 0 15 20 20 22 2 5 2 3
0 0 0 0 1 6 1 0 8 2 2 0 5 -1 -1 -1 -1 -1 -1 609539 0 15 20 20 22 2 5 2 3
0 0 0 0 1 6 1 0 8 2 2 0 5 -1 -1 -1 -1 -1 -1 610006 0 15 20 20 22 2 5 2 3
0 0 0 0 1 6 3 0 8 2 2 0 5 6 5 4 0 0 0 610439 0 15 20 20 22 2 5 2 3
0 0 0 0 1 6 1 0 8 2 2 0 5 -1 -1 -1 -1 -1 -1 610905 0 15 20 20 22 2 5 2 3
0 0 0 0 6 1 1 0 8 2 2 0 4 -1 -1 -1 -1 -1 -1 611372 0 15 20 20 22 2 5 2 3
0 0 0 0 6 1 1 0 8 2 2 0 4 -1 -1 -1 -1 -1 -1 611805 0 15 20 20 22 2 5 2 3
0 0 0 0 6 3 1 0 8 2 2 0 4 5 5 4 1 0 0 612272 0 15 20 20 22 2 4 2 3
0 0 0 0 6 1 1 0 8 2 2 0 4 -1 -1 -1 -1 -1 -1 612705 0 15 20 20 22 2 4 2 3
0 0 0 0 1 6 1 0 8 2 2 0 5 -1 -1 -1 -1 -1 -1 613171 0 15 20 20 22 2 4 2 3
0 0 0 0 1 6 1 0 8 2 2 0 5 -1 -1 -1 -1 -1 -1 613638 0 15 20 20 22 2 4 2 3
0 0 0 0 1 6 3 0 8 2 2 0 5 6 5 4 3 0 0 614071 0 15 20 20 22 2 8 0 3
0 0 0 0 1 6 1 0 8 2 2 0 5 -1 -1 -1 -1 -1 -1 614538 0 15 20 20 22 2 8 0 3
0 0 0 0 6 1 1 0 8 2 2 0 4 -1 -1 -1 -1 -1 -1 615004 0 15 20 20 22 2 8 0 3
0 0 0 0 6 1 1 0 8 2 2 0 4 -1 -1 -1 -1 -1 -1 615438 0 15 20 20 22 2 8 0 3
0 0 0 0 7 1 1 0 8 2 2 0 4 4 5 4 1 1 1 615904 0 15 20 20 22 2 6 2 3
0 0 0 0 6 1 1 0 8 2 2 0 4 -1 -1 -1 -1 -1 -1 616337 0 15 20 20 22 2 6 2 3
0 0 0 0 1 6 1 0 8 2 2 0 5 -1 -1 -1 -1 -1 -1 616804 0 15 20 20 22 2 6 2 3
0 0 0 0 1 6 1 0 8 2 2 0 5 -1 -1 -1 -1 -1 -1 617270 0 15 20 20 22 2 6 2 3
0 0 0 0 3 6 1 0 8 2 2 0 5 4 5 4 2 0 0 617704 0 15 20 20 22 2 6 2 3
0 0 0 0 1 6 1 0 8 2 2 0 5 -1 -1 -1 -1 -1 -1 618170 0 15 20 20 22 2 6 2 3
0 0 0 0 1 1 6 0 8 2 2 0 6 -1 -1 -1 -1 -1 -1 618637 0 15 20 20 22 2 6 2 3
0 0 0 0 1 1 6 0 8 2 2 0 6 -1 -1 -1 -1 -1 -1 619070 0 15 20 20 22 2 6 2 3
0 0 0 0 1 3 6 0 8 2 2 0 6 5 5 4 0 0 0 619537 0 15 20 20 22 2 6 2 3
0 0 0 0 1 1 6 0 8 2 2 0 6 -1 -1 -1 -1 -1 -1 620003 0 15 20 20 22 2 6 2 3
0 0 0 0 1 6 1 0 8 2 2 0 5 -1 -1 -1 -1 -1 -1 620436 0 15 20 20 22 2 6 2 3
0 0 0 0 1 6 1 0 8 2 2 0 5 -1 -1 -1 -1 -1 -1 620903 0 15 20 20 22 2 6 2 3
0 0 0 0 1 6 3 0 8 2 2 0 5 6 5 4 1 0 0 621336 0 15 20 20 22 2 5 2 3
0 0 0 0 1 6 1 0 8 2 2 0 5 -1 -1 -1 -1 -1 -1 621803 0 15 20 20 22 2 5 2 3
0 0 0 0 6 1 1 0 8 2 2 0 4 -1 -1 -1 -1 -1 -1 622269 0 15 20 20 22 2 5 2 3
0 0 0 0 6 1 1 0 8 2 2 0 4 -1 -1 -1 -1 -1 -1 622702 0 15 20 20 22 2 5 2 3
0 0 0 0 3 6 1 0 8 2 2 0 5 4 5 4 2 0 0 623169 0 15 20 20 22 2 5 2 3
0 0 0 0 1 6 1 0 8 2 2 0 5 -1 -1 -1 -1 -1 -1 623636 0 15 20 20 22 2 5 2 3
0 0 0 0 1 6 1 0 8 2 2 0 5 -1 -1 -1 -1 -1 -1 624069 0 15 20 20 22 2 5 2 3
0 0 0 0 6 1 1 0 8 2 2 0 4 -1 -1 -1 -1 -1 -1 624535 0 15 20 20 22 2 5 2 3
0 0 0 0 7 1 1 0 8 2 2 0 4 4 5 4 1 1 1 625002 0 15 20 20 22 2 5 2 3
0 0 0 0 6 1 1 0 8 2 2 0 4 -1 -1 -1 -1 -1 -1 625435 0 15 20 20 22 2 5 2 3
0 0 0 0 1 1 6 0 8 2 2 0 6 -1 -1 -1 -1 -1 -1 625902 0 15 20 20 22 2 5 2 3
0 0 0 0 1 1 6 0 8 2 2 0 6 -1 -1 -1 -1 -1 -1 626335 0 15 20 20 22 2 5 2 3
0 0 0 0 1 1 7 0 8 2 2 0 6 6 5 4 2 1 1 626801 0 15 20 20 22 2 4 2 3
0 0 0 0 1 1 6 0 8 2 2 0 6 -1 -1 -1 -1 -1 -1 627268 0 15 20 20 22 2 4 2 3
0 0 0 0 1 1 6 0 8 2 2 0 6 -1 -1 -1 -1 -1 -1 627701 0 15 20 20 22 2 4 2 3
0 0 0 0 6 1 1 0 8 2 2 0 4 -1 -1 -1 -1 -1 -1 628168 0 15 20 20 22 2 4 2 3
0 0 0 0 7 1 1 0 8 2 2 0 4 4 5 4 1 1 1 628634 0 15 20 20 22 2 8 0 3
0 0 0 0 6 1 1 0 8 2 2 0 4 -1 -1 -1 -1 -1 -1 629068 0 15 20 20 22 2 8 0 3
0 0 0 0 1 6 1 0 8 2 2 0 5 -1 -1 -1 -1 -1 -1 629534 0 15 20 20 22 2 8 0 3
0 0 0 0 1 6 1 0 8 2 2 0 5 -1 -1 -1 -1 -1 -1 630001 0 15 20 20 22 2 8 0 3
0 0 0 0 1 6 3 0 8 2 2 0 5 6 5 4 3 0 0 630434 0 15 20 20 22 2 6 2 3
0 0 0 0 1 6 1 0 8 2 2 0 5 -1 -1 -1 -1 -1 -1 630900 0 15 20 20 22 2 6 2 3
0 0 0 0 1 6 1 0 8 2 2 0 5 -1 -1 -1 -1 -1 -1 631334 0 15 20 20 22 2 6 2 3
0 0 0 0 1 6 1 0 8 2 2 0 5 -1 -1 -1 -1 -1 -1 631800 0 15 20 20 22 2 6 2 3
0 0 0 0 3 6 1 0 8 2 2 0 5 4 5 4 0 0 0 632267 0 15 20 20 22 2 6 2 3
0 0 0 0 1 6 1 0 8 2 2 0 5 -1 -1 -1 -1 -1 -1 632700 0 15 20 20 22 2 6 2 3
0 0 0 0 1 6 1 0 8 2 2 0 5 -1 -1 -1 -1 -1 -1 633167 0 15 20 20 22 2 6 2 3
0 0 0 0 1 6 1 0 8 2 2 0 5 -1 -1 -1 -1 -1 -1 633633 0 15 20 20 22 2 6 2 3
0 0 0 0 3 6 1 0 8 2 2 0 5 4 5 4 2 0 0 634066 0 15 20 20 22 2 6 2 3
0 0 0 0 1 6 1 0 8 2 2 0 5 -1 -1 -1 -1 -1 -1 634533 0 15 20 20 22 2 6 2 3
0 0 0 0 6 1 1 0 8 2 2 0 4 -1 -1 -1 -1 -1 -1 634966 0 15 20 20 22 2 6 2 3
0 0 0 0 6 1 1 0 8 2 2 0 4 -1 -1 -1 -1 -1 -1 635433 0 15 20 20 22 2 6 2 3
0 0 0 0 6 3 1 0 8 2 2 0 4 5 5 4 3 0 0 635899 0 15 20 20 22 2 5 2 3
0 0 0 0 6 1 1 0 8 2 2 0 4 -1 -1 -1 -1 -1 -1 636332 0 15 20 20 22 2 5 2 3
0 0 0 0 1 1 6 0 8 2 2 0 6 -1 -1 -1 -1 -1 -1 636799 0 15 20 20 22 2 5 2 3
0 0 0 0 1 1 6 0 8 2 2 0 6 -1 -1 -1 -1 -1 -1 637266 0 15 20 20 22 2 5 2 3
0 0 0 0 1 1 7 0 8 2 2 0 6 6 5 4 2 1 1 637699 0 15 20 20 22 2 5 2 3
0 0 0 0 1 1 6 0 8 2 2 0 6 -1 -1 -1 -1 -1 -1 638165 0 15 20 20 22 2 5 2 3
0 0 0 0 1 6 1 0 8 2 2 0 5 -1 -1 -1 -1 -1 -1 638632 0 15 20 20 22 2 5 2 3
0 0 0 0 1 6 1 0 8 2 2 0 5 -1 -1 -1 -1 -1 -1 639065 0 15 20 20 22 2 5 2 3
0 0 0 0 1 6 3 0 8 2 2 0 5 6 5 4 1 0 0 639532 0 15 20 20 22 2 5 2 3
0 0 0 0 1 6 1 0 8 2 2 0 5 -1 -1 -1 -1 -1 -1 639965 0 15 20 20 22 2 5 2 3
0 0 0 0 1 6 1 0 8 2 2 0 5 -1 -1 -1 -1 -1 -1 640431 0 15 20 20 22 2 5 2 3
0 0 0 0 1 6 1 0 8 2 2 0 5 -1 -1 -1 -1 -1 -1 640898 0 15 20 20 22 2 5 2 3
0 0 0 0 1 6 3 0 8 2 2 0 5 6 5 4 3 0 0 641331 0 15 20 20 22 2 4 2 3
0 0 0 0 1 6 1 0 8 2 2 0 5 -1 -1 -1 -1 -1 -1 641798 0 15 20 20 22 2 4 2 3
0 0 0 0 1 6 1 0 8 2 2 0 5 -1 -1 -1 -1 -1 -1 642231 0 15 20 20 27.5 2 4 2 3
0 0 0 0 1 6 1 0 8 2 2 0 5 -1 -1 -1 -1 -1 -1 642598 0 15 20 20 27.5 2 4 2 3
0 0 0 0 3 6 1 0 8 2 2 0 5 4 5 4 2 0 0 642964 0 15 20 20 27.5 2 8 0 3
0 0 0 0 1 6 1 0 8 2 2 0 5 -1 -1 -1 -1 -1 -1 643331 0 15 20 20 27.5 2 8 0 3
0 0 0 0 1 6 1 0 8 2 2 0 5 -1 -1 -1 -1 -1 -1 643697 0 15 20 20 27.5 2 8 0 3
0 0 0 0 1 1 6 0 8 2 2 0 6 -1 -1 -1 -1 -1 -1 644097 0 15 20 20 23.4667 2 8 0 3
0 0 0 0 1 1 8 0 8 2 2 0 6 6 5 4 1 0 1 644530 0 15 20 20 22 2 6 2 3
0 0 0 0 1 1 6 0 8 2 2 0 6 -1 -1 -1 -1 -1 -1 644997 0 15 20 19 21 2 6 2 3
0 0 0 0 1 1 6 0 8 2 2 0 6 -1 -1 -1 -1 -1 -1 645497 0 15 20 19 21 2 6 2 3
0 0 0 0 1 1 6 0 8 2 2 0 6 -1 -1 -1 -1 -1 -1 645963 0 15 20 19 21 2 6 2 3
0 0 0 0 1 3 6 0 8 2 2 0 6 5 5 4 3 0 0 646430 0 15 20 19 21 2 6 2 3
0 0 0 0 1 6 1 0 8 2 2 0 5 -1 -1 -1 -1 -1 -1 646897 0 15 20 19 21 2 6 2 3
0 0 0 0 1 6 1 0 8 2 2 0 5 -1 -1 -1 -1 -1 -1 647330 0 15 20 19 26.25 2 6 2 3
0 0 0 0 1 1 6 0 8 2 2 0 6 -1 -1 -1 -1 -1 -1 647696 0 15 20 19 26.25 2 6 2 3
0 0 0 0 1 1 7 0 8 2 2 0 6 6 5 4 1 1 1 648096 0 15 20 19 26.25 2 6 2 3
0 0 0 0 1 1 6 0 8 2 2 0 6 -1 -1 -1 -1 -1 -1 648463 0 15 20 19 26.25 2 6 2 3
0 0 0 0 1 1 6 0 8 2 2 0 6 -1 -1 -1 -1 -1 -1 648863 0 15 20 19 23.1 2 6 2 3
0 0 0 0 1 6 1 0 8 2 2 0 5 -1 -1 -1 -1 -1 -1 649329 0 15 20 19 21 2 6 2 3
0 0 0 0 3 6 1 0 8 2 2 0 5 4 5 4 0 0 0 649796 0 15 20 19 21 2 5 2 3
0 0 0 0 1 6 1 0 8 2 2 0 5 -1 -1 -1 -1 -1 -1 650262 0 15 20 19 21 2 5 2 3
0 0 0 0 1 6 1 0 8 2 2 0 5 -1 -1 -1 -1 -1 -1 650762 0 15 20 19 21 2 5 2 3
0 0 0 0 1 6 1 0 8 2 2 0 5 -1 -1 -1 -1 -1 -1 651229 0 15 20 19 21 2 5 2 3
0 0 0 0 1 6 3 0 8 2 2 0 5 6 5 4 3 0 0 651695 0 15 20 19 21 2 5 2 3
0 0 0 0 1 6 1 0 8 2 2 0 5 -1 -1 -1 -1 -1 -1 652195 0 15 20 19 21 2 5 2 3
0 0 0 0 1 6 1 0 8 2 2 0 5 -1 -1 -1 -1 -1 -1 652662 0 15 20 19 21 2 5 2 3
0 0 0 0 6 1 1 0 8 2 2 0 4 -1 -1 -1 -1 -1 -1 653128 0 15 20 19 21 2 5 2 3
0 0 0 0 8 1 1 0 8 2 2 0 4 4 5 4 1 0 1 653595 0 15 20 19 21 2 5 2 3
0 0 0 0 6 1 1 0 8 2 2 0 4 -1 -1 -1 -1 -1 -1 654128 0 15 20 18 19 2 5 2 3
0 0 0 0 1 6 1 0 8 2 2 0 5 -1 -1 -1 -1 -1 -1 654661 0 15 20 18 19 2 5 2 3
0 0 0 0 1 1 6 0 8 2 2 0 6 -1 -1 -1 -1 -1 -1 655194 0 15 20 18 19 2 5 2 3
0 0 0 0 1 1 7 0 8 2 2 0 6 6 5 4 3 1 1 655694 0 15 20 18 19 2 4 2 3
0 0 0 0 1 1 6 0 8 2 2 0 6 -1 -1 -1 -1 -1 -1 656228 0 15 20 18 19 2 4 2 3
0 0 0 0 1 6 1 0 8 2 2 0 5 -1 -1 -1 -1 -1 -1 656761 0 15 20 18 19 2 4 2 3
0 0 0 0 1 6 1 0 8 2 2 0 5 -1 -1 -1 -1 -1 -1 657294 0 15 20 18 19 2 4 2 3
0 0 0 0 3 6 1 0 8 2 2 0 5 4 5 4 0 0 0 657827 0 15 20 18 19 2 8 0 3
0 0 0 0 1 6 1 0 8 2 2 0 5 -1 -1 -1 -1 -1 -1 658327 0 15 20 18 19 2 8 0 3
0 0 0 0 1 6 1 0 8 2 2 0 5 -1 -1 -1 -1 -1 -1 658860 0 15 20 18 19 2 8 0 3
0 0 0 0 1 6 1 0 8 2 2 0 5 -1 -1 -1 -1 -1 -1 659393 0 15 20 18 19 2 8 0 3
0 0 0 0 1 7 1 0 8 2 2 0 5 5 5 4 3 1 1 659927 0 15 20 18 19 2 6 2 3
0 0 0 0 1 6 1 0 8 2 2 0 5 -1 -1 -1 -1 -1 -1 660393 0 15 20 19 21 2 6 2 3
0 0 0 0 1 6 1 0 8 2 2 0 5 -1 -1 -1 -1 -1 -1 660893 0 15 20 19 21 2 6 2 3
0 0 0 0 1 6 1 0 8 2 2 0 5 -1 -1 -1 -1 -1 -1 661360 0 15 20 19 21 2 6 2 3
0 0 0 0 1 8 1 0 8 2 2 0 5 5 5 4 1 0 1 661826 0 15 20 19 21 2 6 2 3
0 0 0 0 1 6 1 0 8 2 2 0 5 -1 -1 -1 -1 -1 -1 662359 0 15 20 18 19 2 6 2 3
0 0 0 0 1 6 1 0 8 2 2 0 5 -1 -1 -1 -1 -1 -1 662893 0 15 20 18 19 2 6 2 3
0 0 0 0 1 6 1 0 8 2 2 0 5 -1 -1 -1 -1 -1 -1 663392 0 15 20 18 19 2 6 2 3
0 0 0 0 3 6 1 0 8 2 2 0 5 4 5 4 2 0 0 663926 0 15 20 18 19 2 6 2 3
0 0 0 0 1 6 1 0 8 2 2 0 5 -1 -1 -1 -1 -1 -1 664459 0 15 20 18 19 2 6 2 3
0 0 0 0 1 1 6 0 8 2 2 0 6 -1 -1 -1 -1 -1 -1 664992 0 15 20 18 19 2 6 2 3
0 0 0 0 1 1 6 0 8 2 2 0 6 -1 -1 -1 -1 -1 -1 665492 0 15 20 18 19 2 6 2 3
0 0 0 0 1 3 6 0 8 2 2 0 6 5 5 4 3 0 0 666025 0 15 20 18 19 2 5 2 3
0 0 0 0 1 1 6 0 8 2 2 0 6 -1 -1 -1 -1 -1 -1 666558 0 15 20 18 19 2 5 2 3
0 0 0 0 1 6 1 0 8 2 2 0 5 -1 -1 -1 -1 -1 -1 667092 0 15 20 18 19 2 5 2 3
0 0 0 0 1 6 1 0 8 2 2 0 5 -1 -1 -1 -1 -1 -1 667625 0 15 20 18 19 2 5 2 3
0 0 0 0 3 6 1 0 8 2 2 0 5 4 5 4 1 0 0 668125 0 15 20 18 19 2 5 2 3
0 0 0 0 1 6 1 0 8 2 2 0 5 -1 -1 -1 -1 -1 -1 668558 0 15 20 18 23.75 2 5 2 3
0 0 0 0 1 6 1 0 8 2 2 0 5 -1 -1 -1 -1 -1 -1 668991 0 15 20 18 23.75 2 5 2 3
0 0 0 0 1 6 1 0 8 2 2 0 5 -1 -1 -1 -1 -1 -1 669391 0 15 20 18 23.75 2 5 2 3
0 0 0 0 7 1 1 0 8 2 2 0 4 4 5 4 3 1 1 669824 0 15 20 18 22.4833 2 5 2 3
0 0 0 0 6 1 1 0 8 2 2 0 4 -1 -1 -1 -1 -1 -1 670324 0 15 20 18 19 2 5 2 3
0 0 0 0 1 6 1 0 8 2 2 0 5 -1 -1 -1 -1 -1 -1 670857 0 15 20 18 19 2 5 2 3
0 0 0 0 1 1 6 0 8 2 2 0 6 -1 -1 -1 -1 -1 -1 671391 0 15 20 18 19 2 5 2 3
0 0 0 0 1 1 7 0 8 2 2 0 6 6 5 4 1 1 1 671890 0 15 20 18 19 2 4 2 3
0 0 0 0 1 6 1 0 8 2 2 0 5 -1 -1 -1 -1 -1 -1 601574 0 15 20 20 60 2 8 0 3
0 0 0 0 1 6 1 0 8 2 2 0 5 -1 -1 -1 -1 -1 -1 601741 0 15 20 20 60 2 8 0 3
0 0 0 0 1 6 1 0 8 2 2 0 5 -1 -1 -1 -1 -1 -1 601907 0 15 20 20 60 2 6 2 3
0 0 0 0 1 6 1 0 8 2 2 0 5 -1 -1 -1 -1 -1 -1 602074 0 15 20 20 52.4 2 6 2 3
0 0 0 0 1 6 1 0 8 2 2 0 5 -1 -1 -1 -1 -1 -1 602307 0 15 20 20 34.6666 2 6 2 3
0 0 0 0 1 6 1 0 8 2 2 0 5 -1 -1 -1 -1 -1 -1 602707 0 15 20 20 22 2 6 2 3
0 0 0 0 1 6 1 0 8 2 2 0 5 -1 -1 -1 -1 -1 -1 603174 0 15 20 20 22 2 6 2 3
0 0 0 0 1 6 1 0 8 2 2 0 5 -1 -1 -1 -1 -1 -1 603640 0 15 20 20 22 2 6 2 3
0 0 0 0 1 6 1 0 8 2 2 0 5 -1 -1 -1 -1 -1 -1 604074 0 15 20 20 22 2 6 2 3
0 0 0 0 1 6 1 0 8 2 2 0 5 -1 -1 -1 -1 -1 -1 604540 0 15 20 20 22 2 6 2 3
0 0 0 0 3 6 1 0 8 2 2 0 5 4 5 4 3 0 0 605007 0 15 20 20 22 2 6 2 3
0 0 0 0 1 6 1 0 8 2 2 0 5 -1 -1 -1 -1 -1 -1 605440 0 15 20 20 22 2 6 2 3
0 0 0 0 1 1 6 0 8 2 2 0 6 -1 -1 -1 -1 -1 -1 605907 0 15 20 20 22 2 6 2 3
0 0 0 0 1 1 6 0 8 2 2 0 6 -1 -1 -1 -1 -1 -1 606373 0 15 20 20 22 2 6 2 3
0 0 0 0 1 3 6 0 8 2 2 0 6 5 5 4 1 0 0 606806 0 15 20 20 22 2 5 2 3
0 0 0 0 1 1 6 0 8 2 2 0 6 -1 -1 -1 -1 -1 -1 607273 0 15 20 20 22 2 5 2 3
0 0 0 0 1 1 6 0 8 2 2 0 6 -1 -1 -1 -1 -1 -1 607706 0 15 20 20 22 2 5 2 3
0 0 0 0 1 1 6 0 8 2 2 0 6 -1 -1 -1 -1 -1 -1 608173 0 15 20 20 22 2 5 2 3
0 0 0 0 1 1 7 0 8 2 2 0 6 6 5 4 3 1 1 608639 0 15 20 20 22 2 5 2 3
0 0 0 0 1 1 6 0 8 2 2 0 6 -1 -1 -1 -1 -1 -1 609072 0 15 20 20 22 2 5 2 3
0 0 0 0 1 6 1 0 8 2 2 0 5 -1 -1 -1 -1 -1 -1 609539 0 15 20 20 22 2 5 2 3
0 0 0 0 1 6 1 0 8 2 2 0 5 -1 -1 -1 -1 -1 -1 610006 0 15 20 20 22 2 5 2 3
0 0 0 0 1 6 3 0 8 2 2 0 5 6 5 4 0 0 0 610439 0 15 20 20 22 2 5 2 3
0 0 0 0 1 6 1 0 8 2 2 0 5 -1 -1 -1 -1 -1 -1 610905 0 15 20 20 22 2 5 2 3
0 0 0 0 6 1 1 0 8 2 2 0 4 -1 -1 -1 -1 -1 -1 611372 0 15 20 20 22 2 5 2 3
0 0 0 0 6 1 1 0 8 2 2 0 4 -1 -1 -1 -1 -1 -1 611805 0 15 20 20 22 2 5 2 3
0 0 0 0 6 3 1 0 8 2 2 0 4 5 5 4 1 0 0 612272 0 15 20 20 22 2 4 2 3
0 0 0 0 6 1 1 0 8 2 2 0 4 -1 -1 -1 -1 -1 -1 612705 0 15 20 20 22 2 4 2 3
0 0 0 0 1 6 1 0 8 2 2 0 5 -1 -1 -1 -1 -1 -1 613171 0 15 20 20 22 2 4 2 3
0 0 0 0 1 6 1 0 8 2 2 0 5 -1 -1 -1 -1 -1 -1 613638 0 15 20 20 22 2 4 2 3
0 0 0 0 1 6 3 0 8 2 2 0 5 6 5 4 3 0 0 614071 0 15 20 20 22 2 8 0 3
0 0 0 0 1 6 1 0 8 2 2 0 5 -1 -1 -1 -1 -1 -1 614538 0 15 20 20 22 2 8 0 3
0 0 0 0 6 1 1 0 8 2 2 0 4 -1 -1 -1 -1 -1 -1 615004 0 15 20 20 22 2 8 0 3
0 0 0 0 6 1 1 0 8 2 2 0 4 -1 -1 -1 -1 -1 -1 615438 0 15 20 20 22 2 8 0 3
0 0 0 0 7 1 1 0 8 2 2 0 4 4 5 4 1 1 1 615904 0 15 20 20 22 2 6 2 3
0 0 0 0 6 1 1 0 8 2 2 0 4 -1 -1 -1 -1 -1 -1 616337 0 15 20 20 22 2 6 2 3
0 0 0 0 1 6 1 0 8 2 2 0 5 -1 -1 -1 -1 -1 -1 616804 0 15 20 20 22 2 6 2 3
0 0 0 0 1 6 1 0 8 2 2 0 5 -1 -1 -1 -1 -1 -1 617270 0 15 20 20 22 2 6 2 3
0 0 0 0 3 6 1 0 8 2 2 0 5 4 5 4 2 0 0 617704 0 15 20 20 22 2 6 2 3
0 0 0 0 1 6 1 0 8 2 2 0 5 -1 -1 -1 -1 -1 -1 618170 0 15 20 20 22 2 6 2 3
0 0 0 0 1 1 6 0 8 2 2 0 6 -1 -1 -1 -1 -1 -1 618637 0 15 20 20 22 2 6 2 3
0 0 0 0 1 1 6 0 8 2 2 0 6 -1 -1 -1 -1 -1 -1 619070 0 15 20 20 22 2 6 2 3
0 0 0 0 1 3 6 0 8 2 2 0 6 5 5 4 0 0 0 619537 0 15 20 20 22 2 6 2 3
0 0 0 0 1 1 6 0 8 2 2 0 6 -1 -1 -1 -1 -1 -1 620003 0 15 20 20 22 2 6 2 3
0 0 0 0 1 6 1 0 8 2 2 0 5 -1 -1 -1 -1 -1 -1 620436 0 15 20 20 22 2 6 2 3
0 0 0 0 1 6 1 0 8 2 2 0 5 -1 -1 -1 -1 -1 -1 620903 0 15 20 20 22 2 6 2 3
0 0 0 0 1 6 3 0 8 2 2 0 5 6 5 4 1 0 0 621336 0 15 20 20 22 2 5 2 3
0 0 0 0 1 6 1 0 8 2 2 0 5 -1 -1 -1 -1 -1 -1 621803 0 15 20 20 22 2 5 2 3
0 0 0 0 6 1 1 0 8 2 2 0 4 -1 -1 -1 -1 -1 -1 622269 0 15 20 20 22 2 5 2 3
0 0 0 0 6 1 1 0 8 2 2 0 4 -1 -1 -1 -1 -1 -1 622702 0 15 20 20 22 2 5 2 3
0 0 0 0 3 6 1 0 8 2 2 0 5 4 5 4 2 0 0 623169 0 15 20 20 22 2 5 2 3
0 0 0 0 1 6 1 0 8 2 2 0 5 -1 -1 -1 -1 -1 -1 623636 0 15 20 20 22 2 5 2 3
0 0 0 0 1 6 1 0 8 2 2 0 5 -1 -1 -1 -1 -1 -1 624069 0 15 20 20 22 2 5 2 3
0 0 0 0 6 1 1 0 8 2 2 0 4 -1 -1 -1 -1 -1 -1 624535 0 15 20 20 22 2 5 2 3
0 0 0 0 7 1 1 0 8 2 2 0 4 4 5 4 1 1 1 625002 0 15 20 20 22 2 5 2 3
0 0 0 0 6 1 1 0 8 2 2 0 4 -1 -1 -1 -1 -1 -1 625435 0 15 20 20 22 2 5 2 3
0 0 0 0 1 1 6 0 8 2 2 0 6 -1 -1 -1 -1 -1 -1 625902 0 15 20 20 22 2 5 2 3
0 0 0 0 1 1 6 0 8 2 2 0 6 -1 -1 -1 -1 -1 -1 626335 0 15 20 20 22 2 5 2 3
0 0 0 0 1 1 7 0 8 2 2 0 6 6 5 4 2 1 1 626801 0 15 20 20 22 2 4 2 3
0 0 0 0 1 1 6 0 8 2 2 0 6 -1 -1 -1 -1 -1 -1 627268 0 15 20 20 22 2 4 2 3
0 0 0 0 1 1 6 0 8 2 2 0 6 -1 -1 -1 -1 -1 -1 627701 0 15 20 20 22 2 4 2 3
0 0 0 0 6 1 1 0 8 2 2 0 4 -1 -1 -1 -1 -1 -1 628168 0 15 20 20 22 2 4 2 3
0 0 0 0 7 1 1 0 8 2 2 0 4 4 5 4 1 1 1 628634 0 15 20 20 22 2 8 0 3
0 0 0 0 6 1 1 0 8 2 2 0 4 -1 -1 -1 -1 -1 -1 629068 0 15 20 20 22 2 8 0 3
0 0 0 0 1 6 1 0 8 2 2 0 5 -1 -1 -1 -1 -1 -1 629534 0 15 20 20 22 2 8 0 3
0 0 0 0 1 6 1 0 8 2 2 0 5 -1 -1 -1 -1 -1 -1 630001 0 15 20 20 22 2 8 0 3
0 0 0 0 1 6 3 0 8 2 2 0 5 6 5 4 3 0 0 630434 0 15 20 20 22 2 6 2 3
0 0 0 0 1 6 1 0 8 2 2 0 5 -1 -1 -1 -1 -1 -1 630900 0 15 20 20 22 2 6 2 3
0 0 0 0 1 6 1 0 8 2 2 0 5 -1 -1 -1 -1 -1 -1 631334 0 15 20 20 22 2 6 2 3
0 0 0 0 1 6 1 0 8 2 2 0 5 -1 -1 -1 -1 -1 -1 631800 0 15 20 20 22 2 6 2 3
0 0 0 0 3 6 1 0 8 2 2 0 5 4 5 4 0 0 0 632267 0 15 20 20 22 2 6 2 3
0 0 0 0 1 6 1 0 8 2 2 0 5 -1 -1 -1 -1 -1 -1 632700 0 15 20 20 22 2 6 2 3
0 0 0 0 1 6 1 0 8 2 2 0 5 -1 -1 -1 -1 -1 -1 633167 0 15 20 20 22 2 6 2 3
0 0 0 0 1 6 1 0 8 2 2 0 5 -1 -1 -1 -1 -1 -1 633633 0 15 20 20 22 2 6 2 3
0 0 0 0 3 6 1 0 8 2 2 0 5 4 5 4 2 0 0 634066 0 15 20 20 22 2 6 2 3
0 0 0 0 1 6 1 0 8 2 2 0 5 -1 -1 -1 -1 -1 -1 634533 0 15 20 20 22 2 6 2 3
0 0 0 0 6 1 1 0 8 2 2 0 4 -1 -1 -1 -1 -1 -1 634966 0 15 20 20 22 2 6 2 3
0 0 0 0 6 1 1 0 8 2 2 0 4 -1 -1 -1 -1 -1 -1 635433 0 15 20 20 22 2 6 2 3
0 0 0 0 6 3 1 0 8 2 2 0 4 5 5 4 3 0 0 635899 0 15 20 20 22 2 5 2 3
0 0 0 0 6 1 1 0 8 2 2 0 4 -1 -1 -1 -1 -1 -1 636332 0 15 20 20 22 2 5 2 3
0 0 0 0 1 1 6 0 8 2 2 0 6 -1 -1 -1 -1 -1 -1 636799 0 15 20 20 22 2 5 2 3
0 0 0 0 1 1 6 0 8 2 2 0 6 -1 -1 -1 -1 -1 -1 637266 0 15 20 20 22 2 5 2 3
0 0 0 0 1 1 7 0 8 2 2 0 6 6 5 4 2 1 1 637699 0 15 20 20 22 2 5 2 3
0 0 0 0 1 1 6 0 8 2 2 0 6 -1 -1 -1 -1 -1 -1 638165 0 15 20 20 22 2 5 2 3
0 0 0 0 1 6 1 0 8 2 2 0 5 -1 -1 -1 -1 -1 -1 638632 0 15 20 20 22 2 5 2 3
0 0 0 0 1 6 1 0 8 2 2 0 5 -1 -1 -1 -1 -1 -1 639065 0 15 20 20 22 2 5 2 3
0 0 0 0 1 6 3 0 8 2 2 0 5 6 5 4 1 0 0 639532 0 15 20 20 22 2 5 2 3
0 0 0 0 1 6 1 0 8 2 2 0 5 -1 -1 -1 -1 -1 -1 639965 0 15 20 20 22 2 5 2 3
0 0 0 0 1 6 1 0 8 2 2 0 5 -1 -1 -1 -1 -1 -1 640431 0 15 20 20 22 2 5 2 3
0 0 0 0 1 6 1 0 8 2 2 0 5 -1 -1 -1 -1 -1 -1 640898 0 15 20 20 22 2 5 2 3
0 0 0 0 1 6 3 0 8 2 2 0 5 6 5 4 3 0 0 641331 0 15 20 20 22 2 4 2 3
0 0 0 0 1 6 1 0 8 2 2 0 5 -1 -1 -1 -1 -1 -1 641798 0 15 20 20 22 2 4 2 3
0 0 0 0 1 6 1 0 8 2 2 0 5 -1 -1 -1 -1 -1 -1 642231 0 15 20 20 27.5 2 4 2 3
0 0 0 0 1 6 1 0 8 2 2 0 5 -1 -1 -1 -1 -1 -1 642598 0 15 20 20 27.5 2 4 2 3
0 0 0 0 3 6 1 0 8 2 2 0 5 4 5 4 2 0 0 642964 0 15 20 20 27.5 2 8 0 3
0 0 0 0 1 6 1 0 8 2 2 0 5 -1 -1 -1 -1 -1 -1 643331 0 15 20 20 27.5 2 8 0 3
0 0 0 0 1 6 1 0 8 2 2 0 5 -1 -1 -1 -1 -1 -1 643697 0 15 20 20 27.5 2 8 0 3
0 0 0 0 1 1 6 0 8 2 2 0 6 -1 -1 -1 -1 -1 -1 644097 0 15 20 20 23.4667 2 8 0 3
0 0 0 0 1 1 8 0 8 2 2 0 6 6 5 4 1 0 1 644530 0 15 20 20 22 2 6 2 3
0 0 0 0 1 1 6 0 8 2 2 0 6 -1 -1 -1 -1 -1 -1 644997 0 15 20 19 21 2 6 2 3
0 0 0 0 1 1 6 0 8 2 2 0 6 -1 -1 -1 -1 -1 -1 645497 0 15 20 19 21 2 6 2 3
0 0 0 0 1 1 6 0 8 2 2 0 6 -1 -1 -1 -1 -1 -1 645963 0 15 20 19 21 2 6 2 3
0 0 0 0 1 3 6 0 8 2 2 0 6 5 5 4 3 0 0 646430 0 15 20 19 21 2 6 2 3
0 0 0 0 1 6 1 0 8 2 2 0 5 -1 -1 -1 -1 -1 -1 646897 0 15 20 19 21 2 6 2 3
0 0 0 0 1 6 1 0 8 2 2 0 5 -1 -1 -1 -1 -1 -1 647330 0 15 20 19 26.25 2 6 2 3
0 0 0 0 1 1 6 0 8 2 2 0 6 -1 -1 -1 -1 -1 -1 647696 0 15 20 19 26.25 2 6 2 3
0 0 0 0 1 1 7 0 8 2 2 0 6 6 5 4 1 1 1 648096 0 15 20 19 26.25 2 6 2 3
0 0 0 0 1 1 6 0 8 2 2 0 6 -1 -1 -1 -1 -1 -1 648463 0 15 20 19 26.25 2 6 2 3
0 0 0 0 1 1 6 0 8 2 2 0 6 -1 -1 -1 -1 -1 -1 648863 0 15 20 19 23.1 2 6 2 3
0 0 0 0 1 6 1 0 8 2 2 0 5 -1 -1 -1 -1 -1 -1 649329 0 15 20 19 21 2 6 2 3
0 0 0 0 3 6 1 0 8 2 2 0 5 4 5 4 0 0 0 649796 0 15 20 19 21 2 5 2 3
0 0 0 0 1 6 1 0 8 2 2 0 5 -1 -1 -1 -1 -1 -1 650262 0 15 20 19 21 2 5 2 3
0 0 0 0 1 6 1 0 8 2 2 0 5 -1 -1 -1 -1 -1 -1 650762 0 15 20 19 21 2 5 2 3
0 0 0 0 1 6 1 0 8 2 2 0 5 -1 -1 -1 -1 -1 -1 651229 0 15 20 19 21 2 5 2 3
0 0 0 0 1 6 3 0 8 2 2 0 5 6 5 4 3 0 0 651695 0 15 20 19 21 2 5 2 3
0 0 0 0 1 6 1 0 8 2 2 0 5 -1 -1 -1 -1 -1 -1 652195 0 15 20 19 21 2 5 2 3
0 0 0 0 1 6 1 0 8 2 2 0 5 -1 -1 -1 -1 -1 -1 652662 0 15 20 19 21 2 5 2 3
0 0 0 0 6 1 1 0 8 2 2 0 4 -1 -1 -1 -1 -1 -1 653128 0 15 20 19 21 2 5 2 3
0 0 0 0 8 1 1 0 8 2 2 0 4 4 5 4 1 0 1 653595 0 15 20 19 21 2 5 2 3
0 0 0 0 6 1 1 0 8 2 2 0 4 -1 -1 -1 -1 -1 -1 654128 0 15 20 18 19 2 5 2 3
0 0 0 0 1 6 1 0 8 2 2 0 5 -1 -1 -1 -1 -1 -1 654661 0 15 20 18 19 2 5 2 3
0 0 0 0 1 1 6 0 8 2 2 0 6 -1 -1 -1 -1 -1 -1 655194 0 15 20 18 19 2 5 2 3
0 0 0 0 1 1 7 0 8 2 2 0 6 6 5 4 3 1 1 655694 0 15 20 18 19 2 4 2 3
0 0 0 0 1 1 6 0 8 2 2 0 6 -1 -1 -1 -1 -1 -1 656228 0 15 20 18 19 2 4 2 3
0 0 0 0 1 6 1 0 8 2 2 0 5 -1 -1 -1 -1 -1 -1 656761 0 15 20 18 19 2 4 2 3
0 0 0 0 1 6 1 0 8 2 2 0 5 -1 -1 -1 -1 -1 -1 657294 0 15 20 18 19 2 4 2 3
0 0 0 0 3 6 1 0 8 2 2 0 5 4 5 4 0 0 0 657827 0 15 20 18 19 2 8 0 3
0 0 0 0 1 6 1 0 8 2 2 0 5 -1 -1 -1 -1 -1 -1 658327 0 15 20 18 19 2 8 0 3
0 0 0 0 1 6 1 0 8 2 2 0 5 -1 -1 -1 -1 -1 -1 658860 0 15 20 18 19 2 8 0 3
0 0 0 0 1 6 1 0 8 2 2 0 5 -1 -1 -1 -1 -1 -1 659393 0 15 20 18 19 2 8 0 3
0 0 0 0 1 7 1 0 8 2 2 0 5 5 5 4 3 1 1 659927 0 15 20 18 19 2 6 2 3
0 0 0 0 1 6 1 0 8 2 2 0 5 -1 -1 -1 -1 -1 -1 660393 0 15 20 19 21 2 6 2 3
0 0 0 0 1 6 1 0 8 2 2 0 5 -1 -1 -1 -1 -1 -1 660893 0 15 20 19 21 2 6 2 3
0 0 0 0 1 6 1 0 8 2 2 0 5 -1 -1 -1 -1 -1 -1 661360 0 15 20 19 21 2 6 2 3
0 0 0 0 1 8 1 0 8 2 2 0 5 5 5 4 1 0 1 661826 0 15 20 19 21 2 6 2 3
0 0 0 0 1 6 1 0 8 2 2 0 5 -1 -1 -1 -1 -1 -1 662359 0 15 20 18 19 2 6 2 3
0 0 0 0 1 6 1 0 8 2 2 0 5 -1 -1 -1 -1 -1 -1 662893 0 15 20 18 19 2 6 2 3
0 0 0 0 1 6 1 0 8 2 2 0 5 -1 -1 -1 -1 -1 -1 663392 0 15 20 18 19 2 6 2 3
0 0 0 0 3 6 1 0 8 2 2 0 5 4 5 4 2 0 0 663926 0 15 20 18 19 2 6 2 3
0 0 0 0 1 6 1 0 8 2 2 0 5 -1 -1 -1 -1 -1 -1 664459 0 15 20 18 19 2 6 2 3
0 0 0 0 1 1 6 0 8 2 2 0 6 -1 -1 -1 -1 -1 -1 664992 0 15 20 18 19 2 6 2 3
0 0 0 0 1 1 6 0 8 2 2 0 6 -1 -1 -1 -1 -1 -1 665492 0 15 20 18 19 2 6 2 3
0 0 0 0 1 3 6 0 8 2 2 0 6 5 5 4 3 0 0 666025 0 15 20 18 19 2 5 2 3
0 0 0 0 1 1 6 0 8 2 2 0 6 -1 -1 -1 -1 -1 -1 666558 0 15 20 18 19 2 5 2 3
0 0 0 0 1 6 1 0 8 2 2 0 5 -1 -1 -1 -1 -1 -1 667092 0 15 20 18 19 2 5 2 3
0 0 0 0 1 6 1 0 8 2 2 0 5 -1 -1 -1 -1 -1 -1 667625 0 15 20 18 19 2 5 2 3
0 0 0 0 3 6 1 0 8 2 2 0 5 4 5 4 1 0 0 668125 0 15 20 18 19 2 5 2 3
0 0 0 0 1 6 1 0 8 2 2 0 5 -1 -1 -1 -1 -1 -1 668558 0 15 20 18 23.75 2 5 2 3
0 0 0 0 1 6 1 0 8 2 2 0 5 -1 -1 -1 -1 -1 -1 668991 0 15 20 18 23.75 2 5 2 3
0 0 0 0 1 6 1 0 8 2 2 0 5 -1 -1 -1 -1 -1 -1 669391 0 15 20 18 23.75 2 5 2 3
0 0 0 0 7 1 1 0 8 2 2 0 4 4 5 4 3 1 1 669824 0 15 20 18 22.4833 2 5 2 3
0 0 0 0 6 1 1 0 8 2 2 0 4 -1 -1 -1 -1 -1 -1 670324 0 15 20 18 19 2 5 2 3
0 0 0 0 1 6 1 0 8 2 2 0 5 -1 -1 -1 -1 -1 -1 670857 0 15 20 18 19 2 5 2 3
0 0 0 0 1 1 6 0 8 2 2 0 6 -1 -1 -1 -1 -1 -1 671391 0 15 20 18 19 2 5 2 3
0 0 0 0 1 1 7 0 8 2 2 0 6 6 5 4 1 1 1 671890 0 15 20 18 19 2 4 2 3
