% Tunnel Log: 
% debug seed: 1462388891
%
% SegEncNW { '0'=no panel, '1'=panel, '4'=obstacle, '5'=collided obstacle, '6'=player, '7'=player right, '8'=player wrong, '2'=target, '3'=fake }
% SegEncN
% SegEncNE
% SegEncE
% SegEncSE
% SegEncS
% SegEncSW
% SegEncW
% Event Number { 0, inf }
% Task Type { 0=Color/Sound, 1=Shape/Sound, 2=Sound, 3=Navigation, 4=Speed, 5=Training 6=Recess, 7=Special 2-Back }
% N-Back { 0, inf }
% Navigation Level { 0, inf }
% Player Loc { 0=Northwest ... 7=West }
% Pod Loc { -1=N/A, 0=Northwest ... 7=West }
% Pod Color { -1, inf }
% Pod Shape { -1, inf }
% Pod Sound { -1, inf }
% Pod Match { -1=N/A, 0=No, 1=Yes }
% Pod Taken { -1=N/A, 0=No, 1=Yes }
% Timestamp (ms)
% Num Obstacles { 0, inf }
% Min Speed { 0, inf }
% Max Speed { 0, inf }
% Base Speed { 0, inf }
% Final Speed { 0, inf }
% Navigation Score { 0, inf }
% Segment Direction { 0=Northwest ... 7=West }
% Segment Angle { 0, inf }
% Segment Panels { 0, inf }
%
% SegEncNW SecEncN SegEncNE SegEncE SegEncSE SegEncS SegEncSW SegEncW EventNumber TaskType N-Back Navigation PlayerLoc PodLoc PodColor PodShape PodSound PodMatch PodTaken Timestamp NumObs MinSpeed MaxSpeed BaseSpeed FinalSpeed NavScore SegmentDir SegmentAngle SegmentPanels
0 0 0 0 1 6 1 0 0 3 1 0 5 -1 -1 -1 -1 -1 -1 19733 0 15 40 16 60 2 8 0 3
0 0 0 0 1 6 1 0 0 3 1 0 5 -1 -1 -1 -1 -1 -1 19833 0 15 40 16 60 2 8 0 3
0 0 0 0 1 6 1 0 0 3 1 0 5 -1 -1 -1 -1 -1 -1 20000 0 15 40 16 60 2 8 0 3
0 0 0 0 1 6 1 0 0 3 1 0 5 -1 -1 -1 -1 -1 -1 20166 0 15 40 16 60 2 6 2 3
0 0 0 0 1 6 1 0 0 3 1 0 5 -1 -1 -1 -1 -1 -1 20333 0 15 40 16 50.6 2 6 2 3
0 0 0 0 1 6 1 0 0 3 1 0 5 -1 -1 -1 -1 -1 -1 20600 0 15 40 16 25.5333 2 6 2 3
0 0 0 0 1 6 1 0 0 3 1 0 5 -1 -1 -1 -1 -1 -1 21333 0 15 40 16 13 2 6 2 3
0 0 0 0 1 6 1 0 0 3 1 0 5 -1 -1 -1 -1 -1 -1 22100 0 15 40 16 13 2 5 2 3
0 0 0 0 1 6 1 0 0 3 1 0 5 -1 -1 -1 -1 -1 -1 22866 0 15 40 16 13 2 5 2 3
0 0 0 0 1 6 1 0 0 3 1 0 5 -1 -1 -1 -1 -1 -1 23633 0 15 40 16 13 2 5 2 3
0 0 0 0 1 6 1 0 0 3 1 0 5 -1 -1 -1 -1 -1 -1 24399 0 15 40 16 13 2 5 2 3
0 0 0 0 1 7 1 0 0 3 1 0 5 5 5 4 4 1 1 25166 0 15 40 16 13 2 5 2 3
0 0 0 0 1 6 1 0 0 3 1 0 5 -1 -1 -1 -1 -1 -1 25933 0 15 40 16 13 2 5 2 3
0 0 0 0 1 1 6 0 0 3 1 0 6 -1 -1 -1 -1 -1 -1 26699 0 15 40 16 13 2 5 2 3
0 0 0 0 1 1 6 0 0 3 1 0 6 -1 -1 -1 -1 -1 -1 27466 0 15 40 16 13 2 5 2 3
0 0 0 0 1 1 7 0 0 3 1 0 6 6 5 4 4 1 1 28266 0 15 40 16 13 2 5 2 3
0 0 0 0 1 1 6 0 0 3 1 0 6 -1 -1 -1 -1 -1 -1 28899 0 15 40 17 16 2 5 2 3
0 0 0 0 6 1 1 0 0 3 1 0 4 -1 -1 -1 -1 -1 -1 29533 0 15 40 17 16 2 5 2 3
0 0 0 0 6 1 1 0 0 3 1 0 4 -1 -1 -1 -1 -1 -1 30166 0 15 40 17 16 2 5 2 3
0 0 0 0 7 1 1 0 0 3 1 0 4 4 5 4 4 1 1 30766 0 15 40 17 16 2 4 2 3
0 0 0 0 1 6 1 0 0 3 1 0 5 -1 -1 -1 -1 -1 -1 31399 0 15 40 17 16 2 4 2 3
0 0 0 0 1 6 1 0 0 3 1 0 5 -1 -1 -1 -1 -1 -1 32033 0 15 40 17 16 2 4 2 3
0 0 0 0 1 1 6 0 0 3 1 0 6 -1 -1 -1 -1 -1 -1 32666 0 15 40 17 16 2 4 2 3
0 0 0 0 1 1 7 0 0 3 1 0 6 6 5 4 4 1 1 33266 0 15 40 17 16 2 4 2 3
0 0 0 0 1 1 6 0 0 3 1 0 6 -1 -1 -1 -1 -1 -1 33799 0 15 40 18 19 2 4 2 3
0 0 0 0 6 1 1 0 0 3 1 0 4 -1 -1 -1 -1 -1 -1 34333 0 15 40 18 19 2 4 2 3
0 0 0 0 6 1 1 0 0 3 1 0 4 -1 -1 -1 -1 -1 -1 34866 0 15 40 18 19 2 4 2 3
0 0 0 1 7 1 1 1 0 3 1 0 4 4 5 4 4 1 1 35399 0 15 40 18 19 2 4 2 5
0 0 0 1 1 6 1 1 0 3 1 1 5 -1 -1 -1 -1 -1 -1 35933 0 15 40 18 19 2 4 2 5
0 0 0 1 1 1 6 1 0 3 1 1 6 -1 -1 -1 -1 -1 -1 36433 0 15 40 18 19 2 4 2 5
0 0 0 1 1 1 6 1 0 3 1 1 6 -1 -1 -1 -1 -1 -1 36966 0 15 40 18 19 2 4 2 5
0 0 0 1 1 1 7 1 0 3 1 1 6 6 5 4 4 1 1 37499 0 15 40 18 19 2 8 0 5
0 0 0 1 1 1 6 1 0 3 1 1 6 -1 -1 -1 -1 -1 -1 37966 0 15 40 19 21 2 8 0 5
0 0 0 1 1 1 6 1 0 3 1 1 6 -1 -1 -1 -1 -1 -1 38466 0 15 40 19 21 2 8 0 5
0 0 0 1 1 1 6 1 0 3 1 1 6 -1 -1 -1 -1 -1 -1 38933 0 15 40 19 21 2 8 0 5
0 0 0 1 1 1 7 1 0 3 1 1 6 6 5 4 4 1 1 39399 0 15 40 19 21 2 6 2 5
0 0 0 1 1 1 6 1 0 3 1 1 6 -1 -1 -1 -1 -1 -1 39899 0 15 40 19 21 2 6 2 5
0 0 0 1 1 6 1 1 0 3 1 1 5 -1 -1 -1 -1 -1 -1 40366 0 15 40 19 21 2 6 2 5
0 0 0 1 1 6 1 1 0 3 1 1 5 -1 -1 -1 -1 -1 -1 40833 0 15 40 19 21 2 6 2 5
0 0 0 1 1 7 1 1 0 3 1 1 5 5 5 4 4 1 1 41299 0 15 40 19 21 2 5 2 5
0 0 0 1 1 6 1 1 0 3 1 1 5 -1 -1 -1 -1 -1 -1 41766 0 15 40 20 22 2 5 2 5
0 0 0 6 1 1 1 1 0 3 1 1 3 -1 -1 -1 -1 -1 -1 42233 0 15 40 20 22 2 5 2 5
0 0 0 6 1 1 1 1 0 3 1 1 3 -1 -1 -1 -1 -1 -1 42666 0 15 40 20 22 2 5 2 5
0 0 0 7 1 1 1 1 0 3 1 1 3 3 5 4 4 1 1 43133 0 15 40 20 22 2 5 2 5
0 0 0 1 6 1 1 1 0 3 1 1 4 -1 -1 -1 -1 -1 -1 43599 0 15 40 20 22 2 5 2 5
0 0 0 1 1 6 1 1 0 3 1 1 5 -1 -1 -1 -1 -1 -1 44033 0 15 40 20 22 2 5 2 5
0 0 0 1 1 6 1 1 0 3 1 1 5 -1 -1 -1 -1 -1 -1 44499 0 15 40 20 22 2 5 2 5
0 0 0 1 1 7 1 1 0 3 1 1 5 5 5 4 4 1 1 44966 0 15 40 20 22 2 5 2 5
0 0 0 1 1 6 1 1 0 3 1 1 5 -1 -1 -1 -1 -1 -1 45399 0 15 40 21 23 2 5 2 5
0 0 0 1 1 1 6 1 0 3 1 1 6 -1 -1 -1 -1 -1 -1 45832 0 15 40 21 23 2 5 2 5
0 0 0 1 1 1 6 1 0 3 1 1 6 -1 -1 -1 -1 -1 -1 46266 0 15 40 21 23 2 5 2 5
0 0 0 1 1 1 7 1 0 3 1 1 6 6 5 4 4 1 1 46699 0 15 40 21 23 2 4 2 5
0 0 0 1 1 1 6 1 0 3 1 1 6 -1 -1 -1 -1 -1 -1 47132 0 15 40 21 23 2 4 2 5
0 0 0 1 6 1 1 1 0 3 1 1 4 -1 -1 -1 -1 -1 -1 47566 0 15 40 21 23 2 4 2 5
0 0 0 1 6 1 1 1 0 3 1 1 4 -1 -1 -1 -1 -1 -1 47999 0 15 40 21 23 2 4 2 5
0 0 0 1 7 1 1 1 0 3 1 1 4 4 5 4 4 1 1 48432 0 15 40 21 23 2 4 2 5
0 0 0 1 6 1 1 1 0 3 1 2 4 -1 -1 -1 -1 -1 -1 48866 0 15 40 22 24 2 4 2 5
0 0 0 6 1 1 1 1 0 3 1 2 3 -1 -1 -1 -1 -1 -1 49266 0 15 40 22 24 2 4 2 5
0 0 0 6 1 1 1 1 0 3 1 2 3 -1 -1 -1 -1 -1 -1 49699 0 15 40 22 24 2 4 2 5
0 0 0 7 1 1 1 1 0 3 1 2 3 3 5 4 4 1 1 50099 0 15 40 22 24 2 4 2 5
0 0 0 1 6 1 1 1 0 3 1 2 4 -1 -1 -1 -1 -1 -1 50532 0 15 40 22 24 2 4 2 5
0 0 0 1 6 1 1 4 0 3 1 2 4 -1 -1 -1 -1 -1 -1 50932 1 15 40 22 24 2 4 2 5
0 0 0 1 6 1 1 1 0 3 1 2 4 -1 -1 -1 -1 -1 -1 51366 0 15 40 22 24 2 4 2 5
0 0 0 1 7 1 1 1 0 3 1 2 4 4 5 4 4 1 1 51766 0 15 40 22 24 2 8 0 5
0 0 0 1 1 6 1 1 0 3 1 2 5 -1 -1 -1 -1 -1 -1 52166 0 15 40 23 25 2 8 0 5
0 0 0 1 1 6 4 1 0 3 1 2 5 -1 -1 -1 -1 -1 -1 52566 1 15 40 23 25 2 8 0 5
0 0 0 1 1 6 1 1 0 3 1 2 5 -1 -1 -1 -1 -1 -1 52966 0 15 40 23 25 2 8 0 5
0 0 0 1 1 7 1 1 0 3 1 2 5 5 5 4 4 1 1 53366 0 15 40 23 25 2 6 2 5
0 0 0 1 1 1 6 1 0 3 1 2 6 -1 -1 -1 -1 -1 -1 53766 0 15 40 23 25 2 6 2 5
0 0 0 1 1 4 6 1 0 3 1 2 6 -1 -1 -1 -1 -1 -1 54166 1 15 40 23 25 2 6 2 5
0 0 0 1 1 6 1 1 0 3 1 2 5 -1 -1 -1 -1 -1 -1 54566 0 15 40 23 25 2 6 2 5
0 0 0 1 1 7 1 1 0 3 1 2 5 5 5 4 4 1 1 54966 0 15 40 23 25 2 5 2 5
0 0 0 1 1 6 1 1 0 3 1 2 5 -1 -1 -1 -1 -1 -1 55366 0 15 40 24 25.5 2 5 2 5
0 0 0 4 1 1 6 1 0 3 1 2 6 -1 -1 -1 -1 -1 -1 55766 1 15 40 24 25.5 2 5 2 5
0 0 0 1 1 1 6 1 0 3 1 2 6 -1 -1 -1 -1 -1 -1 56132 0 15 40 24 25.5 2 5 2 5
0 0 0 1 1 1 7 1 0 3 1 2 6 6 5 4 4 1 1 56532 0 15 40 24 25.5 2 5 2 5
0 0 0 1 1 6 1 1 0 3 1 2 5 -1 -1 -1 -1 -1 -1 56932 0 15 40 24 25.5 2 5 2 5
0 0 0 1 1 6 4 1 0 3 1 2 5 -1 -1 -1 -1 -1 -1 57332 1 15 40 24 25.5 2 5 2 5
0 0 0 1 1 1 6 1 0 3 1 2 6 -1 -1 -1 -1 -1 -1 57732 0 15 40 24 25.5 2 5 2 5
0 0 0 1 1 1 1 7 0 3 1 2 7 7 5 4 4 1 1 58099 0 15 40 24 25.5 2 5 2 5
0 0 0 1 1 1 6 1 0 3 1 2 6 -1 -1 -1 -1 -1 -1 58499 0 15 40 25 26 2 5 2 5
0 0 0 4 1 6 1 1 0 3 1 2 5 -1 -1 -1 -1 -1 -1 58866 1 15 40 25 26 2 5 2 5
0 0 0 1 1 6 1 1 0 3 1 2 5 -1 -1 -1 -1 -1 -1 59266 0 15 40 25 26 2 5 2 5
0 0 0 1 1 7 1 1 0 3 1 2 5 5 5 4 4 1 1 59632 0 15 40 25 26 2 4 2 5
0 0 0 1 1 6 1 1 0 3 1 2 5 -1 -1 -1 -1 -1 -1 60032 0 15 40 25 26 2 4 2 5
0 0 0 1 1 1 6 4 0 3 1 2 6 -1 -1 -1 -1 -1 -1 60432 1 15 40 25 26 2 4 2 5
0 0 0 1 1 1 6 1 0 3 1 2 6 -1 -1 -1 -1 -1 -1 60799 0 15 40 25 26 2 4 2 5
0 0 0 1 1 1 7 1 0 3 1 2 6 6 5 4 4 1 1 61199 0 15 40 25 26 2 4 2 5
0 0 0 1 1 6 1 1 0 3 1 2 5 -1 -1 -1 -1 -1 -1 61566 0 15 40 26 26.5 2 4 2 5
0 0 0 1 1 6 1 4 0 3 1 2 5 -1 -1 -1 -1 -1 -1 61932 1 15 40 26 26.5 2 4 2 5
0 0 0 1 1 6 1 1 0 3 1 2 5 -1 -1 -1 -1 -1 -1 62332 0 15 40 26 26.5 2 4 2 5
0 0 0 1 1 7 1 1 0 3 1 2 5 5 5 4 4 1 1 62699 0 15 40 26 26.5 2 4 2 5
0 0 0 1 1 6 1 1 0 3 1 2 5 -1 -1 -1 -1 -1 -1 63066 0 15 40 26 26.5 2 4 2 5
0 0 0 1 1 6 4 1 0 3 1 2 5 -1 -1 -1 -1 -1 -1 63466 1 15 40 26 26.5 2 4 2 5
0 0 0 1 1 1 1 6 0 3 1 2 7 -1 -1 -1 -1 -1 -1 63832 0 15 40 26 26.5 2 4 2 5
0 0 0 1 1 1 1 7 0 3 1 2 7 7 5 4 4 1 1 64199 0 15 40 26 26.5 2 8 0 5
0 0 0 1 1 1 1 6 0 3 1 2 7 -1 -1 -1 -1 -1 -1 64566 0 15 40 27 27 2 8 0 5
0 0 0 1 4 1 1 6 0 3 1 2 7 -1 -1 -1 -1 -1 -1 64932 1 15 40 27 27 2 8 0 5
0 0 0 1 1 1 1 6 0 3 1 2 7 -1 -1 -1 -1 -1 -1 65332 0 15 40 27 27 2 8 0 5
0 0 0 1 1 1 1 7 0 3 1 2 7 7 5 4 4 1 1 65699 0 15 40 27 27 2 6 2 5
0 0 0 1 1 1 1 6 0 3 1 2 7 -1 -1 -1 -1 -1 -1 66066 0 15 40 27 27 2 6 2 5
0 0 0 4 1 1 1 6 0 3 1 2 7 -1 -1 -1 -1 -1 -1 66432 1 15 40 27 27 2 6 2 5
0 0 0 1 1 1 1 6 0 3 1 2 7 -1 -1 -1 -1 -1 -1 66799 0 15 40 27 27 2 6 2 5
0 0 0 1 1 1 1 7 0 3 1 2 7 7 5 4 4 1 1 67165 0 15 40 27 27 2 5 2 5
0 0 0 1 1 1 1 6 0 3 1 2 7 -1 -1 -1 -1 -1 -1 67532 0 15 40 28 27.5 2 5 2 5
0 0 0 4 1 1 6 1 0 3 1 2 6 -1 -1 -1 -1 -1 -1 67899 1 15 40 28 27.5 2 5 2 5
0 0 0 1 1 1 6 1 0 3 1 2 6 -1 -1 -1 -1 -1 -1 68265 0 15 40 28 27.5 2 5 2 5
0 0 0 1 1 1 7 1 0 3 1 2 6 6 5 4 4 1 1 68632 0 15 40 28 27.5 2 5 2 5
0 0 0 1 1 1 6 1 0 3 1 2 6 -1 -1 -1 -1 -1 -1 68999 0 15 40 28 27.5 2 5 2 5
0 0 0 1 4 6 1 1 0 3 1 2 5 -1 -1 -1 -1 -1 -1 69365 1 15 40 28 27.5 2 5 2 5
0 0 0 1 1 6 1 1 0 3 1 2 5 -1 -1 -1 -1 -1 -1 69699 0 15 40 28 27.5 2 5 2 5
0 0 0 1 1 7 1 1 0 3 1 2 5 5 5 4 4 1 1 70065 0 15 40 28 27.5 2 5 2 5
0 0 0 1 1 6 1 1 0 3 1 2 5 -1 -1 -1 -1 -1 -1 70432 0 15 40 29 28 2 5 2 5
0 0 0 1 6 1 1 4 0 3 1 2 4 -1 -1 -1 -1 -1 -1 70799 1 15 40 29 28 2 5 2 5
0 0 0 6 1 1 1 1 0 3 1 2 3 -1 -1 -1 -1 -1 -1 71165 0 15 40 29 28 2 5 2 5
0 0 0 7 1 1 1 1 0 3 1 2 3 3 5 4 4 1 1 71499 0 15 40 29 28 2 4 2 5
0 0 0 6 1 1 1 1 0 3 1 2 3 -1 -1 -1 -1 -1 -1 71865 0 15 40 29 28 2 4 2 5
0 0 0 1 6 1 1 4 0 3 1 2 4 -1 -1 -1 -1 -1 -1 72232 1 15 40 29 28 2 4 2 5
0 0 0 1 6 1 1 1 0 3 1 2 4 -1 -1 -1 -1 -1 -1 72565 0 15 40 29 28 2 4 2 5
0 0 0 1 7 1 1 1 0 3 1 2 4 4 5 4 4 1 1 72932 0 15 40 29 28 2 4 2 5
0 0 0 1 6 1 1 1 0 3 1 2 4 -1 -1 -1 -1 -1 -1 73299 0 15 40 30 28.5 2 4 2 5
0 0 0 4 1 6 1 1 0 3 1 2 5 -1 -1 -1 -1 -1 -1 73632 1 15 40 30 28.5 2 4 2 5
0 0 0 1 1 1 6 1 0 3 1 2 6 -1 -1 -1 -1 -1 -1 73999 0 15 40 30 28.5 2 4 2 5
0 0 0 1 1 1 7 1 0 3 1 2 6 6 5 4 4 1 1 74332 0 15 40 30 28.5 2 4 2 5
0 0 0 1 1 1 6 1 0 3 1 2 6 -1 -1 -1 -1 -1 -1 74699 0 15 40 30 28.5 2 4 2 5
0 0 0 1 1 6 1 4 0 3 1 2 5 -1 -1 -1 -1 -1 -1 75032 1 15 40 30 28.5 2 4 2 5
0 0 0 1 1 6 1 1 0 3 1 2 5 -1 -1 -1 -1 -1 -1 75399 0 15 40 30 28.5 2 4 2 5
0 0 0 1 1 7 1 1 0 3 1 2 5 5 5 4 4 1 1 75732 0 15 40 30 28.5 2 8 0 5
0 0 0 1 1 1 6 1 0 3 1 2 6 -1 -1 -1 -1 -1 -1 76099 0 15 40 31 29 2 8 0 5
0 0 0 1 1 4 6 1 0 3 1 2 6 -1 -1 -1 -1 -1 -1 76432 1 15 40 31 29 2 8 0 5
0 0 0 1 1 6 1 1 0 3 1 2 5 -1 -1 -1 -1 -1 -1 76765 0 15 40 31 29 2 8 0 5
0 0 0 1 7 1 1 1 0 3 1 2 4 4 5 4 4 1 1 77132 0 15 40 31 29 2 6 2 5
0 0 0 1 6 1 1 1 0 3 1 2 4 -1 -1 -1 -1 -1 -1 77465 0 15 40 31 29 2 6 2 5
0 0 0 1 6 1 4 1 0 3 1 2 4 -1 -1 -1 -1 -1 -1 77799 1 15 40 31 29 2 6 2 5
0 0 0 6 1 1 1 1 0 3 1 2 3 -1 -1 -1 -1 -1 -1 78165 0 15 40 31 29 2 6 2 5
0 0 0 7 1 1 1 1 0 3 1 2 3 3 5 4 4 1 1 78499 0 15 40 31 29 2 5 2 5
0 0 0 6 1 1 1 1 0 3 1 2 3 -1 -1 -1 -1 -1 -1 78832 0 15 40 32 29.5 2 5 2 5
0 0 0 1 6 1 4 1 0 3 1 2 4 -1 -1 -1 -1 -1 -1 79165 1 15 40 32 29.5 2 5 2 5
0 0 0 1 1 6 1 1 0 3 1 2 5 -1 -1 -1 -1 -1 -1 79532 0 15 40 32 29.5 2 5 2 5
0 0 0 0 1 6 1 0 1 4 1 0 5 -1 -1 -1 -1 -1 -1 87765 0 15 40 16 60 2 8 0 3
0 0 0 0 1 6 1 0 1 4 1 0 5 -1 -1 -1 -1 -1 -1 87932 0 15 40 16 60 2 8 0 3
0 0 0 0 1 6 1 0 1 4 1 0 5 -1 -1 -1 -1 -1 -1 88099 0 15 40 16 60 2 4 2 3
0 0 0 0 1 6 1 0 1 4 1 0 5 -1 -1 -1 -1 -1 -1 88265 0 15 40 16 50.6 2 4 2 3
0 0 0 0 1 6 1 0 1 4 1 0 5 -1 -1 -1 -1 -1 -1 88532 0 15 40 16 25.5333 2 4 2 3
0 0 0 0 1 6 1 0 1 4 1 0 5 -1 -1 -1 -1 -1 -1 89265 0 15 40 16 13 2 4 2 3
0 0 0 0 1 6 1 0 1 4 1 0 5 -1 -1 -1 -1 -1 -1 90032 0 15 40 16 13 2 6 2 3
0 0 0 0 1 6 1 0 1 4 1 0 5 -1 -1 -1 -1 -1 -1 90798 0 15 40 16 13 2 6 2 3
0 0 0 0 1 6 1 0 1 4 1 0 5 -1 -1 -1 -1 -1 -1 91565 0 15 40 16 13 2 6 2 3
0 0 0 0 1 6 1 0 1 4 1 0 5 -1 -1 -1 -1 -1 -1 92332 0 15 40 16 13 2 6 2 3
0 0 0 0 3 6 1 0 1 4 1 0 5 4 0 6 1 0 0 93098 0 15 40 16 13 2 5 2 3
0 0 0 0 1 6 1 0 1 4 1 0 5 -1 -1 -1 -1 -1 -1 93865 0 15 40 16 13 2 5 2 3
0 0 0 0 1 6 1 0 1 4 1 0 5 -1 -1 -1 -1 -1 -1 94632 0 15 40 16 13 2 5 2 3
0 0 0 0 1 6 1 0 1 4 1 0 5 -1 -1 -1 -1 -1 -1 95398 0 15 40 16 13 2 5 2 3
0 0 0 0 3 6 1 0 1 4 1 0 5 4 1 7 2 0 0 96198 0 15 40 16 13 2 5 2 3
0 0 0 0 1 6 1 0 1 4 1 0 5 -1 -1 -1 -1 -1 -1 96965 0 15 40 16 13 2 5 2 3
0 0 0 0 1 6 1 0 1 4 1 0 5 -1 -1 -1 -1 -1 -1 97732 0 15 40 16 13 2 5 2 3
0 0 0 0 1 6 1 0 1 4 1 0 5 -1 -1 -1 -1 -1 -1 98498 0 15 40 16 13 2 5 2 3
0 0 0 0 1 6 3 0 1 4 1 0 5 6 2 5 0 0 0 99265 0 15 40 16 13 2 5 2 3
0 0 0 0 1 6 1 0 1 4 1 0 5 -1 -1 -1 -1 -1 -1 100032 0 15 40 16 13 2 5 2 3
0 0 0 0 1 6 1 0 1 4 1 0 5 -1 -1 -1 -1 -1 -1 100798 0 15 40 16 13 2 5 2 3
0 0 0 0 1 6 1 0 1 4 1 0 5 -1 -1 -1 -1 -1 -1 101565 0 15 40 16 13 2 5 2 3
0 0 0 0 1 7 1 0 1 4 1 0 5 5 2 5 0 1 1 102332 0 15 40 16 13 2 5 2 3
0 0 0 0 1 6 1 0 1 4 1 0 5 -1 -1 -1 -1 -1 -1 103098 0 15 40 16 13 2 5 2 3
0 0 0 0 1 6 1 0 1 4 1 0 5 -1 -1 -1 -1 -1 -1 103865 0 15 40 16 13 2 5 2 3
0 0 0 0 1 6 1 0 1 4 1 0 5 -1 -1 -1 -1 -1 -1 104632 0 15 40 16 13 2 5 2 3
0 0 0 0 3 6 1 0 1 4 1 0 5 4 0 6 1 0 0 105398 0 15 40 16 13 2 6 2 3
0 0 0 0 1 6 1 0 1 4 1 0 5 -1 -1 -1 -1 -1 -1 106165 0 15 40 16 13 2 6 2 3
0 0 0 0 1 6 1 0 1 4 1 0 5 -1 -1 -1 -1 -1 -1 106965 0 15 40 16 13 2 6 2 3
0 0 0 0 1 6 1 0 1 4 1 0 5 -1 -1 -1 -1 -1 -1 107732 0 15 40 16 13 2 6 2 3
0 0 0 1 3 6 1 1 1 4 1 0 5 4 3 8 3 0 0 108498 0 15 40 16 13 2 8 0 5
0 0 0 1 1 6 1 1 1 4 1 1 5 -1 -1 -1 -1 -1 -1 109265 0 15 40 16 13 2 8 0 5
0 0 0 1 1 6 1 1 1 4 1 1 5 -1 -1 -1 -1 -1 -1 110032 0 15 40 16 13 2 8 0 5
0 0 0 1 1 6 1 1 1 4 1 1 5 -1 -1 -1 -1 -1 -1 110798 0 15 40 16 13 2 8 0 5
0 0 0 1 1 7 1 1 1 4 1 1 5 5 3 8 3 1 1 111565 0 15 40 16 13 2 4 2 5
0 0 0 1 1 6 1 1 1 4 1 1 5 -1 -1 -1 -1 -1 -1 112198 0 15 40 17 16 2 4 2 5
0 0 0 1 1 6 1 1 1 4 1 1 5 -1 -1 -1 -1 -1 -1 112831 0 15 40 17 16 2 4 2 5
0 0 0 1 1 6 1 1 1 4 1 1 5 -1 -1 -1 -1 -1 -1 113465 0 15 40 17 16 2 4 2 5
0 0 0 1 1 6 3 1 1 4 1 1 5 6 2 5 0 0 0 114098 0 15 40 17 16 2 6 2 5
0 0 0 1 1 6 1 1 1 4 1 1 5 -1 -1 -1 -1 -1 -1 114698 0 15 40 17 16 2 6 2 5
0 0 0 1 1 6 1 1 1 4 1 1 5 -1 -1 -1 -1 -1 -1 115331 0 15 40 17 16 2 6 2 5
0 0 0 1 1 6 1 1 1 4 1 1 5 -1 -1 -1 -1 -1 -1 115965 0 15 40 17 16 2 6 2 5
0 0 0 1 1 7 1 1 1 4 1 1 5 5 2 5 0 1 1 116598 0 15 40 17 16 2 5 2 5
0 0 0 1 1 6 1 1 1 4 1 1 5 -1 -1 -1 -1 -1 -1 117198 0 15 40 17 16 2 5 2 5
0 0 0 1 1 6 1 1 1 4 1 1 5 -1 -1 -1 -1 -1 -1 117831 0 15 40 17 16 2 5 2 5
0 0 0 1 1 1 6 1 1 4 1 1 6 -1 -1 -1 -1 -1 -1 118465 0 15 40 17 16 2 5 2 5
0 0 0 1 1 1 7 1 1 4 1 1 6 6 2 5 0 1 1 119098 0 15 40 17 16 2 5 2 5
0 0 0 1 1 1 6 1 1 4 1 1 6 -1 -1 -1 -1 -1 -1 119631 0 15 40 18 19 2 5 2 5
0 0 0 1 1 6 1 1 1 4 1 1 5 -1 -1 -1 -1 -1 -1 120165 0 15 40 18 19 2 5 2 5
0 0 0 1 1 6 1 1 1 4 1 1 5 -1 -1 -1 -1 -1 -1 120665 0 15 40 18 19 2 5 2 5
0 0 0 1 3 6 1 1 1 4 1 1 5 4 0 6 1 0 0 121198 0 15 40 18 19 2 5 2 5
0 0 0 1 1 6 1 1 1 4 1 1 5 -1 -1 -1 -1 -1 -1 121731 0 15 40 18 19 2 5 2 5
0 0 0 1 1 6 1 1 1 4 1 1 5 -1 -1 -1 -1 -1 -1 122265 0 15 40 18 19 2 5 2 5
0 0 0 1 1 6 1 1 1 4 1 1 5 -1 -1 -1 -1 -1 -1 122798 0 15 40 18 19 2 5 2 5
0 0 0 1 1 7 1 1 1 4 1 1 5 5 0 6 1 1 1 123298 0 15 40 18 19 2 5 2 5
0 0 0 1 1 6 1 1 1 4 1 1 5 -1 -1 -1 -1 -1 -1 123831 0 15 40 18 19 2 5 2 5
0 0 0 1 1 6 1 1 1 4 1 1 5 -1 -1 -1 -1 -1 -1 124365 0 15 40 18 19 2 5 2 5
0 0 0 1 1 6 1 1 1 4 1 1 5 -1 -1 -1 -1 -1 -1 124898 0 15 40 18 19 2 5 2 5
0 0 0 3 1 6 1 1 1 4 1 1 5 3 3 8 3 0 0 125398 0 15 40 18 19 2 6 2 5
0 0 0 1 1 6 1 1 1 4 1 1 5 -1 -1 -1 -1 -1 -1 125931 0 15 40 18 19 2 6 2 5
0 0 0 1 1 1 6 1 1 4 1 1 6 -1 -1 -1 -1 -1 -1 126465 0 15 40 18 19 2 6 2 5
0 0 0 1 1 1 6 1 1 4 1 1 6 -1 -1 -1 -1 -1 -1 126998 0 15 40 18 19 2 6 2 5
0 0 0 1 1 3 6 1 1 4 1 1 6 5 0 6 1 0 0 127531 0 15 40 18 19 2 8 0 5
0 0 0 1 1 1 6 1 1 4 1 2 6 -1 -1 -1 -1 -1 -1 128031 0 15 40 18 19 2 8 0 5
0 0 0 1 1 1 1 6 1 4 1 2 7 -1 -1 -1 -1 -1 -1 128565 0 15 40 18 19 2 8 0 5
0 0 0 1 1 1 1 6 1 4 1 2 7 -1 -1 -1 -1 -1 -1 129098 0 15 40 18 19 2 8 0 5
0 0 0 1 1 1 1 7 1 4 1 2 7 7 0 6 1 1 1 129632 0 15 40 18 19 2 4 2 5
0 0 0 1 1 1 6 1 1 4 1 2 6 -1 -1 -1 -1 -1 -1 130098 0 15 40 19 21 2 4 2 5
0 0 0 1 4 1 6 1 1 4 1 2 6 -1 -1 -1 -1 -1 -1 130598 1 15 40 19 21 2 4 2 5
0 0 0 1 1 6 1 1 1 4 1 2 5 -1 -1 -1 -1 -1 -1 131065 0 15 40 19 21 2 4 2 5
0 0 0 1 1 6 1 3 1 4 1 2 5 7 3 8 3 0 0 131532 0 15 40 19 21 2 6 2 5
0 0 0 1 1 6 1 1 1 4 1 2 5 -1 -1 -1 -1 -1 -1 131999 0 15 40 19 21 2 6 2 5
0 0 0 1 1 1 6 1 1 4 1 2 6 -1 -1 -1 -1 -1 -1 132499 0 15 40 19 21 2 6 2 5
0 0 0 1 1 1 1 6 1 4 1 2 7 -1 -1 -1 -1 -1 -1 132966 0 15 40 19 21 2 6 2 5
0 0 0 1 1 1 1 7 1 4 1 2 7 7 3 8 3 1 1 133432 0 15 40 19 21 2 5 2 5
0 0 0 1 1 1 1 6 1 4 1 2 7 -1 -1 -1 -1 -1 -1 133932 0 15 40 19 21 2 5 2 5
0 0 0 1 1 1 4 6 1 4 1 2 7 -1 -1 -1 -1 -1 -1 134399 1 15 40 19 21 2 5 2 5
0 0 0 1 1 1 6 1 1 4 1 2 6 -1 -1 -1 -1 -1 -1 134866 0 15 40 19 21 2 5 2 5
0 0 0 1 1 6 1 3 1 4 1 2 5 7 2 5 0 0 0 135333 0 15 40 19 21 2 5 2 5
0 0 0 1 1 6 1 1 1 4 1 2 5 -1 -1 -1 -1 -1 -1 135833 0 15 40 19 21 2 5 2 5
0 0 0 4 1 1 6 1 1 4 1 2 6 -1 -1 -1 -1 -1 -1 136300 1 15 40 19 21 2 5 2 5
0 0 0 1 1 1 6 1 1 4 1 2 6 -1 -1 -1 -1 -1 -1 136766 0 15 40 19 21 2 5 2 5
0 0 0 1 1 3 6 1 1 4 1 2 6 5 3 8 3 0 0 137267 0 15 40 19 21 2 5 2 5
0 0 0 1 1 1 6 1 1 4 1 2 6 -1 -1 -1 -1 -1 -1 137733 0 15 40 19 21 2 5 2 5
0 0 0 1 1 6 1 4 1 4 1 2 5 -1 -1 -1 -1 -1 -1 138200 1 15 40 19 21 2 5 2 5
0 0 0 1 1 1 6 1 1 4 1 2 6 -1 -1 -1 -1 -1 -1 138667 0 15 40 19 21 2 5 2 5
0 0 0 1 1 3 6 1 1 4 1 2 6 5 2 5 0 0 0 139167 0 15 40 19 21 2 5 2 5
0 0 0 1 1 1 6 1 1 4 1 2 6 -1 -1 -1 -1 -1 -1 139634 0 15 40 19 21 2 5 2 5
0 0 0 1 1 4 6 1 1 4 1 2 6 -1 -1 -1 -1 -1 -1 140100 1 15 40 19 21 2 5 2 5
0 0 0 1 1 6 1 1 1 4 1 2 5 -1 -1 -1 -1 -1 -1 140601 0 15 40 19 21 2 5 2 5
0 0 0 1 6 1 1 3 1 4 1 2 4 7 1 7 2 0 0 141067 0 15 40 19 21 2 6 2 5
0 0 0 1 6 1 1 1 1 4 1 2 4 -1 -1 -1 -1 -1 -1 141534 0 15 40 19 21 2 6 2 5
0 0 0 1 1 6 4 1 1 4 1 2 5 -1 -1 -1 -1 -1 -1 142001 1 15 40 19 21 2 6 2 5
0 0 0 1 1 6 1 1 1 4 1 2 5 -1 -1 -1 -1 -1 -1 142501 0 15 40 19 21 2 6 2 5
0 0 0 1 1 6 3 1 1 4 1 2 5 6 0 6 1 0 0 142968 0 15 40 19 21 2 8 0 5
0 0 0 1 1 6 1 1 1 4 1 2 5 -1 -1 -1 -1 -1 -1 143435 0 15 40 19 21 2 8 0 5
0 0 0 1 1 6 4 1 1 4 1 2 5 -1 -1 -1 -1 -1 -1 143935 1 15 40 19 21 2 8 0 5
0 0 0 1 6 1 1 1 1 4 1 2 4 -1 -1 -1 -1 -1 -1 144401 0 15 40 19 21 2 8 0 5
0 0 0 1 6 1 3 1 1 4 1 2 4 6 2 5 0 0 0 144868 0 15 40 19 21 2 4 2 5
0 0 0 1 6 1 1 1 1 4 1 2 4 -1 -1 -1 -1 -1 -1 145335 0 15 40 19 21 2 4 2 5
0 0 0 1 6 4 1 1 1 4 1 2 4 -1 -1 -1 -1 -1 -1 145835 1 15 40 19 21 2 4 2 5
0 0 0 1 1 6 1 1 1 4 1 2 5 -1 -1 -1 -1 -1 -1 146302 0 15 40 19 21 2 4 2 5
0 0 0 1 1 6 1 3 1 4 1 2 5 7 1 7 2 0 0 146769 0 15 40 19 21 2 6 2 5
0 0 0 1 1 6 1 1 1 4 1 2 5 -1 -1 -1 -1 -1 -1 147235 0 15 40 19 21 2 6 2 5
0 0 0 1 1 6 1 4 1 4 1 2 5 -1 -1 -1 -1 -1 -1 147735 1 15 40 19 21 2 6 2 5
0 0 0 1 1 6 1 1 1 4 1 2 5 -1 -1 -1 -1 -1 -1 148202 0 15 40 19 21 2 6 2 5
0 0 0 1 1 6 1 3 1 4 1 2 5 7 2 5 0 0 0 148669 0 15 40 19 21 2 5 2 5
0 0 0 1 1 6 1 1 1 4 1 2 5 -1 -1 -1 -1 -1 -1 149169 0 15 40 19 21 2 5 2 5
0 0 0 1 1 1 6 4 1 4 1 2 6 -1 -1 -1 -1 -1 -1 149636 1 15 40 19 21 2 5 2 5
0 0 0 1 1 1 1 6 1 4 1 2 7 -1 -1 -1 -1 -1 -1 150103 0 15 40 19 21 2 5 2 5
0 0 0 1 1 1 1 7 1 4 1 2 7 7 2 5 0 1 1 150569 0 15 40 19 21 2 5 2 5
0 0 0 1 1 1 6 1 1 4 1 2 6 -1 -1 -1 -1 -1 -1 151036 0 15 40 20 22 2 5 2 5
0 0 0 1 1 6 1 4 1 4 1 2 5 -1 -1 -1 -1 -1 -1 151503 1 15 40 20 22 2 5 2 5
0 0 0 1 1 6 1 1 1 4 1 2 5 -1 -1 -1 -1 -1 -1 151936 0 15 40 20 22 2 5 2 5
0 0 0 1 6 1 3 1 1 4 1 2 4 6 1 7 2 0 0 152403 0 15 40 20 22 2 5 2 5
0 0 0 1 6 1 1 1 1 4 1 2 4 -1 -1 -1 -1 -1 -1 152870 0 15 40 20 22 2 5 2 5
0 0 0 1 6 4 1 1 1 4 1 2 4 -1 -1 -1 -1 -1 -1 153303 1 15 40 20 22 2 5 2 5
0 0 0 1 6 1 1 1 1 4 1 2 4 -1 -1 -1 -1 -1 -1 153770 0 15 40 20 22 2 5 2 5
0 0 0 1 6 3 1 1 1 4 1 2 4 5 3 8 3 0 0 154237 0 15 40 20 22 2 5 2 5
0 0 0 1 6 1 1 1 1 4 1 2 4 -1 -1 -1 -1 -1 -1 154670 0 15 40 20 22 2 5 2 5
0 0 0 1 1 6 4 1 1 4 1 2 5 -1 -1 -1 -1 -1 -1 155137 1 15 40 20 22 2 5 2 5
0 0 0 1 6 1 1 1 1 4 1 2 4 -1 -1 -1 -1 -1 -1 155604 0 15 40 20 22 2 5 2 5
0 0 0 1 6 3 1 1 1 4 1 2 4 5 2 5 0 0 0 156037 0 15 40 20 22 2 6 2 5
0 0 0 1 6 1 1 1 1 4 1 2 4 -1 -1 -1 -1 -1 -1 156504 0 15 40 20 22 2 6 2 5
0 0 0 1 1 6 1 1 2 0 2 1 5 -1 -1 -1 -1 -1 -1 167773 0 15 20 20 60 2 8 0 5
0 0 0 1 1 6 1 1 2 0 2 1 5 -1 -1 -1 -1 -1 -1 167940 0 15 20 20 60 2 8 0 5
0 0 0 1 1 6 1 1 2 0 2 1 5 -1 -1 -1 -1 -1 -1 168106 0 15 20 20 60 2 4 2 5
0 0 0 1 1 6 1 1 2 0 2 1 5 -1 -1 -1 -1 -1 -1 168273 0 15 20 20 52.4 2 4 2 5
0 0 0 1 1 6 1 1 2 0 2 1 5 -1 -1 -1 -1 -1 -1 168507 0 15 20 20 34.6666 2 4 2 5
0 0 0 1 1 6 1 1 2 0 2 1 5 -1 -1 -1 -1 -1 -1 168907 0 15 20 20 22 2 4 2 5
0 0 0 1 1 6 1 1 2 0 2 1 5 -1 -1 -1 -1 -1 -1 169373 0 15 20 20 22 2 5 2 5
0 0 0 1 1 6 1 1 2 0 2 1 5 -1 -1 -1 -1 -1 -1 169840 0 15 20 20 22 2 5 2 5
0 0 0 1 1 6 1 1 2 0 2 1 5 -1 -1 -1 -1 -1 -1 170274 0 15 20 20 22 2 5 2 5
0 0 0 1 1 6 1 1 2 0 2 1 5 -1 -1 -1 -1 -1 -1 170740 0 15 20 20 22 2 5 2 5
0 0 0 3 1 6 1 1 2 0 2 1 5 3 3 4 3 0 0 171207 0 15 20 20 22 2 5 2 5
0 0 0 1 1 6 1 1 2 0 2 1 5 -1 -1 -1 -1 -1 -1 171641 0 15 20 20 22 2 5 2 5
0 0 0 1 1 6 1 1 2 0 2 1 5 -1 -1 -1 -1 -1 -1 172107 0 15 20 20 22 2 5 2 5
0 0 0 1 1 6 1 1 2 0 2 1 5 -1 -1 -1 -1 -1 -1 172574 0 15 20 20 22 2 5 2 5
0 0 0 3 1 6 1 1 2 0 2 1 5 3 0 4 1 0 0 173008 0 15 20 20 22 2 6 2 5
0 0 0 1 1 6 1 1 2 0 2 1 5 -1 -1 -1 -1 -1 -1 173474 0 15 20 20 22 2 6 2 5
0 0 0 1 1 6 1 1 2 0 2 1 5 -1 -1 -1 -1 -1 -1 173908 0 15 20 20 22 2 6 2 5
0 0 0 1 1 6 1 1 2 0 2 1 5 -1 -1 -1 -1 -1 -1 174374 0 15 20 20 22 2 6 2 5
0 0 0 3 1 6 1 1 2 0 2 1 5 3 2 4 0 0 0 174841 0 15 20 20 22 2 4 2 5
0 0 0 1 1 6 1 1 2 0 2 1 5 -1 -1 -1 -1 -1 -1 175275 0 15 20 20 22 2 4 2 5
0 0 0 1 6 1 1 1 2 0 2 1 4 -1 -1 -1 -1 -1 -1 175741 0 15 20 20 22 2 4 2 5
0 0 0 6 1 1 1 1 2 0 2 1 3 -1 -1 -1 -1 -1 -1 176208 0 15 20 20 22 2 4 2 5
0 0 0 7 1 1 1 1 2 0 2 1 3 3 0 4 1 1 1 176642 0 15 20 20 22 2 4 2 5
0 0 0 6 1 1 1 1 2 0 2 1 3 -1 -1 -1 -1 -1 -1 177108 0 15 20 20 22 2 4 2 5
0 0 0 1 6 1 1 1 2 0 2 1 4 -1 -1 -1 -1 -1 -1 177575 0 15 20 20 22 2 4 2 5
0 0 0 1 1 6 1 1 2 0 2 1 5 -1 -1 -1 -1 -1 -1 178009 0 15 20 20 22 2 4 2 5
0 0 0 1 3 6 1 1 2 0 2 1 5 4 1 4 2 0 0 178475 0 15 20 20 22 2 6 2 5
0 0 0 1 1 6 1 1 2 0 2 1 5 -1 -1 -1 -1 -1 -1 178909 0 15 20 20 22 2 6 2 5
0 0 0 1 1 1 6 1 2 0 2 1 6 -1 -1 -1 -1 -1 -1 179376 0 15 20 20 22 2 6 2 5
0 0 0 1 1 1 6 1 2 0 2 1 6 -1 -1 -1 -1 -1 -1 179842 0 15 20 20 22 2 6 2 5
0 0 0 1 1 1 7 1 2 0 2 1 6 6 0 4 1 1 1 180276 0 15 20 20 22 2 8 0 5
0 0 0 1 1 1 6 1 2 0 2 1 6 -1 -1 -1 -1 -1 -1 180742 0 15 20 20 22 2 8 0 5
0 0 0 1 1 6 1 1 2 0 2 1 5 -1 -1 -1 -1 -1 -1 181209 0 15 20 20 22 2 8 0 5
0 0 0 1 1 6 1 1 2 0 2 1 5 -1 -1 -1 -1 -1 -1 181643 0 15 20 20 22 2 8 0 5
0 0 0 1 1 6 3 1 2 0 2 1 5 6 3 4 3 0 0 182109 0 15 20 20 22 2 4 2 5
0 0 0 1 1 6 1 1 2 0 2 1 5 -1 -1 -1 -1 -1 -1 182543 0 15 20 20 22 2 4 2 5
0 0 0 1 1 6 1 1 2 0 2 1 5 -1 -1 -1 -1 -1 -1 183010 0 15 20 20 22 2 4 2 5
0 0 0 1 1 6 1 1 2 0 2 1 5 -1 -1 -1 -1 -1 -1 183476 0 15 20 20 22 2 4 2 5
0 0 0 1 1 7 1 1 2 0 2 1 5 5 0 4 1 1 1 183910 0 15 20 20 22 2 5 2 5
0 0 0 1 1 6 1 1 3 1 2 2 5 -1 -1 -1 -1 -1 -1 190811 0 15 20 20 60 2 8 0 5
0 0 0 1 1 6 1 1 3 1 2 2 5 -1 -1 -1 -1 -1 -1 190978 0 15 20 20 60 2 8 0 5
0 0 0 1 1 6 1 1 3 1 2 2 5 -1 -1 -1 -1 -1 -1 191145 0 15 20 20 60 2 6 2 5
0 0 0 1 1 6 1 1 3 1 2 2 5 -1 -1 -1 -1 -1 -1 191311 0 15 20 20 52.4 2 6 2 5
0 0 0 1 1 6 1 1 3 1 2 2 5 -1 -1 -1 -1 -1 -1 191545 0 15 20 20 34.6666 2 6 2 5
0 0 0 1 1 6 1 1 3 1 2 2 5 -1 -1 -1 -1 -1 -1 191945 0 15 20 20 22 2 6 2 5
0 0 0 1 1 6 1 1 3 1 2 2 5 -1 -1 -1 -1 -1 -1 192412 0 15 20 20 22 2 6 2 5
0 0 0 1 1 6 1 1 3 1 2 2 5 -1 -1 -1 -1 -1 -1 192878 0 15 20 20 22 2 6 2 5
0 0 0 1 1 6 1 1 3 1 2 2 5 -1 -1 -1 -1 -1 -1 193312 0 15 20 20 22 2 6 2 5
0 0 0 1 1 6 1 1 3 1 2 2 5 -1 -1 -1 -1 -1 -1 193779 0 15 20 20 22 2 6 2 5
0 0 0 1 1 6 1 3 3 1 2 2 5 7 4 8 3 0 0 194245 0 15 20 20 22 2 5 2 5
0 0 0 1 1 6 1 1 3 1 2 2 5 -1 -1 -1 -1 -1 -1 194679 0 15 20 20 22 2 5 2 5
0 0 0 4 1 6 1 1 3 1 2 2 5 -1 -1 -1 -1 -1 -1 195146 1 15 20 20 22 2 5 2 5
0 0 0 1 1 6 1 1 3 1 2 2 5 -1 -1 -1 -1 -1 -1 195612 0 15 20 20 22 2 5 2 5
0 0 0 1 1 6 1 3 3 1 2 2 5 7 4 6 1 0 0 196046 0 15 20 20 22 2 4 2 5
0 0 0 1 1 6 1 1 3 1 2 2 5 -1 -1 -1 -1 -1 -1 196513 0 15 20 20 22 2 4 2 5
0 0 0 4 1 6 1 1 3 1 2 2 5 -1 -1 -1 -1 -1 -1 196946 1 15 20 20 22 2 4 2 5
0 0 0 1 1 6 1 1 3 1 2 2 5 -1 -1 -1 -1 -1 -1 197413 0 15 20 20 22 2 4 2 5
0 0 0 1 1 7 1 1 3 1 2 2 5 5 4 8 3 1 1 197879 0 15 20 20 22 2 6 2 5
0 0 0 1 1 6 1 1 3 1 2 2 5 -1 -1 -1 -1 -1 -1 198313 0 15 20 20 22 2 6 2 5
0 0 0 1 4 6 1 1 3 1 2 2 5 -1 -1 -1 -1 -1 -1 198780 1 15 20 20 22 2 6 2 5
0 0 0 1 1 6 1 1 3 1 2 2 5 -1 -1 -1 -1 -1 -1 199246 0 15 20 20 22 2 6 2 5
0 0 0 3 1 6 1 1 3 1 2 2 5 3 4 5 0 0 0 199680 0 15 20 20 22 2 6 2 5
0 0 0 1 1 6 1 1 3 1 2 2 5 -1 -1 -1 -1 -1 -1 200147 0 15 20 20 22 2 6 2 5
0 0 0 1 1 6 1 4 3 1 2 2 5 -1 -1 -1 -1 -1 -1 200613 1 15 20 20 22 2 6 2 5
0 0 0 1 1 6 1 1 3 1 2 2 5 -1 -1 -1 -1 -1 -1 201047 0 15 20 20 22 2 6 2 5
0 0 0 1 3 6 1 1 3 1 2 2 5 4 4 7 2 0 0 201514 0 15 20 20 22 2 6 2 5
0 0 0 1 1 6 1 1 3 1 2 2 5 -1 -1 -1 -1 -1 -1 201947 0 15 20 20 22 2 6 2 5
0 0 0 4 1 6 1 1 3 1 2 2 5 -1 -1 -1 -1 -1 -1 202414 1 15 20 20 22 2 6 2 5
0 0 0 1 1 6 1 1 3 1 2 2 5 -1 -1 -1 -1 -1 -1 202881 0 15 20 20 22 2 6 2 5
0 0 0 1 3 6 1 1 3 1 2 2 5 4 4 6 1 0 0 203314 0 15 20 20 22 2 8 0 5
0 0 0 1 1 6 1 1 3 1 2 2 5 -1 -1 -1 -1 -1 -1 203781 0 15 20 20 22 2 8 0 5
0 0 0 1 1 6 1 4 3 1 2 2 5 -1 -1 -1 -1 -1 -1 204248 1 15 20 20 22 2 8 0 5
0 0 0 1 1 6 1 1 3 1 2 2 5 -1 -1 -1 -1 -1 -1 204681 0 15 20 20 22 2 8 0 5
0 0 0 1 1 7 1 1 3 1 2 2 5 5 4 7 2 1 1 205148 0 15 20 20 22 2 6 2 5
0 0 0 1 1 6 1 1 3 1 2 2 5 -1 -1 -1 -1 -1 -1 205581 0 15 20 20 22 2 6 2 5
0 0 0 1 4 1 1 6 3 1 2 2 7 -1 -1 -1 -1 -1 -1 206048 1 15 20 20 22 2 6 2 5
0 0 0 1 1 1 1 6 3 1 2 2 7 -1 -1 -1 -1 -1 -1 206515 0 15 20 20 22 2 6 2 5
0 0 0 1 1 1 1 7 3 1 2 2 7 7 4 6 1 1 1 206948 0 15 20 20 22 2 6 2 5
0 0 0 1 1 6 1 1 4 2 1 2 5 -1 -1 -1 -1 -1 -1 216850 0 15 20 18 60 2 8 0 5
0 0 0 1 1 6 1 1 4 2 1 2 5 -1 -1 -1 -1 -1 -1 217017 0 15 20 18 60 2 8 0 5
0 0 0 1 1 6 1 1 4 2 1 2 5 -1 -1 -1 -1 -1 -1 217184 0 15 20 18 60 2 5 2 5
0 0 0 1 1 6 1 1 4 2 1 2 5 -1 -1 -1 -1 -1 -1 217350 0 15 20 18 51.8 2 5 2 5
0 0 0 1 1 6 1 1 4 2 1 2 5 -1 -1 -1 -1 -1 -1 217617 0 15 20 18 29.9333 2 5 2 5
0 0 0 1 1 6 1 1 4 2 1 2 5 -1 -1 -1 -1 -1 -1 218084 0 15 20 18 19 2 5 2 5
0 0 0 1 1 6 1 1 4 2 1 2 5 -1 -1 -1 -1 -1 -1 218617 0 15 20 18 19 2 4 2 5
0 0 0 1 1 6 1 1 4 2 1 2 5 -1 -1 -1 -1 -1 -1 219117 0 15 20 18 19 2 4 2 5
0 0 0 1 1 6 1 1 4 2 1 2 5 -1 -1 -1 -1 -1 -1 219651 0 15 20 18 19 2 4 2 5
0 0 0 1 1 6 1 1 4 2 1 2 5 -1 -1 -1 -1 -1 -1 220184 0 15 20 18 19 2 4 2 5
0 0 0 1 1 6 1 3 4 2 1 2 5 7 5 4 3 0 0 220718 0 15 20 18 19 2 6 2 5
0 0 0 1 1 6 1 1 4 2 1 2 5 -1 -1 -1 -1 -1 -1 221251 0 15 20 18 19 2 6 2 5
0 0 0 1 4 1 6 1 4 2 1 2 6 -1 -1 -1 -1 -1 -1 221751 1 15 20 18 19 2 6 2 5
0 0 0 1 1 1 1 6 4 2 1 2 7 -1 -1 -1 -1 -1 -1 222285 0 15 20 18 19 2 6 2 5
0 0 0 1 1 1 1 7 4 2 1 2 7 7 5 4 3 1 1 222818 0 15 20 18 19 2 5 2 5
0 0 0 1 1 1 1 6 4 2 1 2 7 -1 -1 -1 -1 -1 -1 223352 0 15 20 18 19 2 5 2 5
0 0 0 1 4 1 6 1 4 2 1 2 6 -1 -1 -1 -1 -1 -1 223885 1 15 20 18 19 2 5 2 5
0 0 0 1 1 1 6 1 4 2 1 2 6 -1 -1 -1 -1 -1 -1 224385 0 15 20 18 19 2 5 2 5
0 0 0 1 1 1 6 3 4 2 1 2 6 7 5 4 1 0 0 224919 0 15 20 18 19 2 4 2 5
0 0 0 1 1 1 6 1 4 2 1 2 6 -1 -1 -1 -1 -1 -1 225452 0 15 20 18 19 2 4 2 5
0 0 0 1 1 4 6 1 4 2 1 2 6 -1 -1 -1 -1 -1 -1 225985 1 15 20 18 19 2 4 2 5
0 0 0 1 1 6 1 1 4 2 1 2 5 -1 -1 -1 -1 -1 -1 226486 0 15 20 18 19 2 4 2 5
0 0 0 1 1 6 3 1 4 2 1 2 5 6 5 4 2 0 0 227019 0 15 20 18 19 2 6 2 5
0 0 0 1 1 6 1 1 4 2 1 2 5 -1 -1 -1 -1 -1 -1 227552 0 15 20 18 19 2 6 2 5
0 0 0 4 1 1 6 1 4 2 1 2 6 -1 -1 -1 -1 -1 -1 228086 1 15 20 18 19 2 6 2 5
0 0 0 1 1 1 6 1 4 2 1 2 6 -1 -1 -1 -1 -1 -1 228619 0 15 20 18 19 2 6 2 5
0 0 0 1 1 3 6 1 4 2 1 2 6 5 5 4 3 0 0 229119 0 15 20 18 19 2 6 2 5
0 0 0 1 1 6 1 1 4 2 1 2 5 -1 -1 -1 -1 -1 -1 229653 0 15 20 18 19 2 6 2 5
0 0 0 1 1 6 1 4 4 2 1 2 5 -1 -1 -1 -1 -1 -1 230186 1 15 20 18 19 2 6 2 5
0 0 0 1 1 6 1 1 4 2 1 2 5 -1 -1 -1 -1 -1 -1 230720 0 15 20 18 19 2 6 2 5
0 0 0 1 1 6 3 1 4 2 1 2 5 6 5 4 0 0 0 231220 0 15 20 18 19 2 8 0 5
0 0 0 1 1 6 1 1 4 2 1 2 5 -1 -1 -1 -1 -1 -1 231753 0 15 20 18 19 2 8 0 5
0 0 0 4 1 1 6 1 4 2 1 2 6 -1 -1 -1 -1 -1 -1 232287 1 15 20 18 19 2 8 0 5
0 0 0 1 1 1 1 6 4 2 1 2 7 -1 -1 -1 -1 -1 -1 232820 0 15 20 18 19 2 8 0 5
0 0 0 1 1 1 1 7 4 2 1 2 7 7 5 4 0 1 1 233354 0 15 20 18 19 2 5 2 5
0 0 0 1 1 1 1 6 4 2 1 2 7 -1 -1 -1 -1 -1 -1 233820 0 15 20 19 21 2 5 2 5
0 0 0 1 4 1 6 1 4 2 1 2 6 -1 -1 -1 -1 -1 -1 234287 1 15 20 19 21 2 5 2 5
0 0 0 1 1 1 6 1 4 2 1 2 6 -1 -1 -1 -1 -1 -1 234787 0 15 20 19 21 2 5 2 5
0 0 0 1 1 3 6 1 4 2 1 2 6 5 5 4 2 0 0 235254 0 15 20 19 21 2 4 2 5
0 0 0 1 1 1 6 1 4 2 1 2 6 -1 -1 -1 -1 -1 -1 235721 0 15 20 19 21 2 4 2 5
0 0 0 1 4 6 1 1 4 2 1 2 5 -1 -1 -1 -1 -1 -1 236221 1 15 20 19 21 2 4 2 5
0 0 0 1 1 6 1 1 4 2 1 2 5 -1 -1 -1 -1 -1 -1 236688 0 15 20 19 21 2 4 2 5
0 0 0 1 3 6 1 1 4 2 1 2 5 4 5 4 1 0 0 237155 0 15 20 19 21 2 6 2 5
0 0 0 1 1 6 1 1 4 2 1 2 5 -1 -1 -1 -1 -1 -1 237621 0 15 20 19 21 2 6 2 5
0 0 0 1 1 1 6 4 4 2 1 2 6 -1 -1 -1 -1 -1 -1 238121 1 15 20 19 21 2 6 2 5
0 0 0 1 1 1 6 1 4 2 1 2 6 -1 -1 -1 -1 -1 -1 238588 0 15 20 19 21 2 6 2 5
0 0 0 1 1 1 7 1 4 2 1 2 6 6 5 4 1 1 1 239055 0 15 20 19 21 2 5 2 5
0 0 0 1 1 6 1 1 4 2 1 2 5 -1 -1 -1 -1 -1 -1 239555 0 15 20 19 21 2 5 2 5
0 0 0 1 1 6 4 1 4 2 1 2 5 -1 -1 -1 -1 -1 -1 240022 1 15 20 19 21 2 5 2 5
0 0 0 1 1 6 1 1 4 2 1 2 5 -1 -1 -1 -1 -1 -1 240489 0 15 20 19 21 2 5 2 5
0 0 0 1 1 6 1 3 4 2 1 2 5 7 5 4 2 0 0 240955 0 15 20 19 21 2 4 2 5
0 0 0 1 1 6 1 1 4 2 1 2 5 -1 -1 -1 -1 -1 -1 241455 0 15 20 19 21 2 4 2 5
0 0 0 1 1 1 6 4 4 2 1 2 6 -1 -1 -1 -1 -1 -1 241922 1 15 20 19 21 2 4 2 5
0 0 0 1 1 1 1 6 4 2 1 2 7 -1 -1 -1 -1 -1 -1 242389 0 15 20 19 21 2 4 2 5
0 0 0 1 1 1 1 7 4 2 1 2 7 7 5 4 2 1 1 242889 0 15 20 19 21 2 6 2 5
0 0 0 1 1 1 1 6 4 2 1 2 7 -1 -1 -1 -1 -1 -1 243323 0 15 20 20 22 2 6 2 5
0 0 0 1 1 4 6 1 4 2 1 2 6 -1 -1 -1 -1 -1 -1 243789 1 15 20 20 22 2 6 2 5
0 0 0 1 1 6 1 1 4 2 1 2 5 -1 -1 -1 -1 -1 -1 244256 0 15 20 20 22 2 6 2 5
0 0 0 1 1 7 1 1 4 2 1 2 5 5 5 4 2 1 1 244689 0 15 20 20 22 2 6 2 5
0 0 0 1 1 6 1 1 4 2 1 2 5 -1 -1 -1 -1 -1 -1 245156 0 15 20 20 22 2 6 2 5
0 0 0 1 1 6 4 1 4 2 1 2 5 -1 -1 -1 -1 -1 -1 245623 1 15 20 20 22 2 6 2 5
0 0 0 1 1 6 1 1 4 2 1 2 5 -1 -1 -1 -1 -1 -1 246056 0 15 20 20 22 2 6 2 5
0 0 0 1 1 6 3 1 4 2 1 2 5 6 5 4 1 0 0 246523 0 15 20 20 22 2 8 0 5
0 0 0 1 1 6 1 1 4 2 1 2 5 -1 -1 -1 -1 -1 -1 246957 0 15 20 20 22 2 8 0 5
0 0 0 1 4 6 1 1 4 2 1 2 5 -1 -1 -1 -1 -1 -1 247423 1 15 20 20 22 2 8 0 5
0 0 0 1 6 1 1 1 4 2 1 2 4 -1 -1 -1 -1 -1 -1 247890 0 15 20 20 22 2 8 0 5
0 0 0 1 7 1 1 1 4 2 1 2 4 4 5 4 1 1 1 248324 0 15 20 20 22 2 5 2 5
0 0 0 1 6 1 1 1 4 2 1 2 4 -1 -1 -1 -1 -1 -1 248790 0 15 20 20 22 2 5 2 5
0 0 0 1 6 4 1 1 4 2 1 2 4 -1 -1 -1 -1 -1 -1 249257 1 15 20 20 22 2 5 2 5
0 0 0 1 1 6 1 1 4 2 1 2 5 -1 -1 -1 -1 -1 -1 249691 0 15 20 20 22 2 5 2 5
0 0 0 1 1 7 1 1 4 2 1 2 5 5 5 4 1 1 1 250157 0 15 20 20 22 2 4 2 5
0 0 0 1 1 6 1 1 4 2 1 2 5 -1 -1 -1 -1 -1 -1 250591 0 15 20 20 22 2 4 2 5
0 0 0 1 1 6 4 1 4 2 1 2 5 -1 -1 -1 -1 -1 -1 251058 1 15 20 20 22 2 4 2 5
0 0 0 1 1 6 1 1 4 2 1 2 5 -1 -1 -1 -1 -1 -1 251524 0 15 20 20 22 2 4 2 5
0 0 0 3 1 6 1 1 4 2 1 2 5 3 5 4 2 0 0 251958 0 15 20 20 22 2 6 2 5
0 0 0 1 1 6 1 1 4 2 1 2 5 -1 -1 -1 -1 -1 -1 252424 0 15 20 20 22 2 6 2 5
0 0 0 4 1 6 1 1 4 2 1 2 5 -1 -1 -1 -1 -1 -1 252891 1 15 20 20 22 2 6 2 5
0 0 0 1 1 6 1 1 4 2 1 2 5 -1 -1 -1 -1 -1 -1 253325 0 15 20 20 22 2 6 2 5
0 0 0 1 3 6 1 1 4 2 1 2 5 4 5 4 3 0 0 253791 0 15 20 20 22 2 5 2 5
0 0 0 1 1 6 1 1 4 2 1 2 5 -1 -1 -1 -1 -1 -1 254258 0 15 20 20 22 2 5 2 5
0 0 0 1 4 6 1 1 4 2 1 2 5 -1 -1 -1 -1 -1 -1 254692 1 15 20 20 22 2 5 2 5
0 0 0 1 1 6 1 1 4 2 1 2 5 -1 -1 -1 -1 -1 -1 255158 0 15 20 20 22 2 5 2 5
0 0 0 3 1 6 1 1 4 2 1 2 5 3 5 4 1 0 0 255592 0 15 20 20 22 2 4 2 5
0 0 0 1 1 6 1 1 4 2 1 2 5 -1 -1 -1 -1 -1 -1 256059 0 15 20 20 22 2 4 2 5
0 0 0 1 1 6 4 1 4 2 1 2 5 -1 -1 -1 -1 -1 -1 256525 1 15 20 20 22 2 4 2 5
0 0 0 1 1 1 6 1 4 2 1 2 6 -1 -1 -1 -1 -1 -1 256958 0 15 20 20 22 2 4 2 5
0 0 0 1 1 3 1 6 4 2 1 2 7 5 5 4 2 0 0 257425 0 15 20 20 22 2 6 2 5
0 0 0 1 1 1 1 6 4 2 1 2 7 -1 -1 -1 -1 -1 -1 257891 0 15 20 20 22 2 6 2 5
0 0 0 1 1 4 6 1 4 2 1 2 6 -1 -1 -1 -1 -1 -1 258325 1 15 20 20 22 2 6 2 5
0 0 0 1 1 6 1 1 4 2 1 2 5 -1 -1 -1 -1 -1 -1 258791 0 15 20 20 22 2 6 2 5
0 0 0 1 1 6 3 1 4 2 1 2 5 6 5 4 0 0 0 259258 0 15 20 20 22 2 6 2 5
0 0 0 1 1 6 1 1 4 2 1 2 5 -1 -1 -1 -1 -1 -1 259691 0 15 20 20 22 2 6 2 5
0 0 0 4 1 1 6 1 4 2 1 2 6 -1 -1 -1 -1 -1 -1 260158 1 15 20 20 22 2 6 2 5
0 0 0 1 1 6 1 1 4 2 1 2 5 -1 -1 -1 -1 -1 -1 260591 0 15 20 20 22 2 6 2 5
0 0 0 1 1 6 1 3 4 2 1 2 5 7 5 4 2 0 0 261057 0 15 20 20 22 2 8 0 5
0 0 0 1 1 6 1 1 4 2 1 2 5 -1 -1 -1 -1 -1 -1 261524 0 15 20 20 22 2 8 0 5
0 0 0 4 1 1 6 1 4 2 1 2 6 -1 -1 -1 -1 -1 -1 261957 1 15 20 20 22 2 8 0 5
0 0 0 1 1 1 1 6 4 2 1 2 7 -1 -1 -1 -1 -1 -1 262424 0 15 20 20 22 2 8 0 5
0 0 0 1 1 1 1 7 4 2 1 2 7 7 5 4 2 1 1 262890 0 15 20 20 22 2 5 2 5
0 0 0 0 1 6 1 0 5 6 1 0 5 -1 -1 -1 -1 -1 -1 270388 0 15 40 16 60 2 8 0 3
0 0 0 0 1 6 1 0 5 6 1 0 5 -1 -1 -1 -1 -1 -1 270555 0 15 40 16 60 2 8 0 3
0 0 0 0 1 6 1 0 5 6 1 0 5 -1 -1 -1 -1 -1 -1 270722 0 15 40 16 60 2 6 2 3
0 0 0 0 1 6 1 0 5 6 1 0 5 -1 -1 -1 -1 -1 -1 270888 0 15 40 16 50.6 2 6 2 3
0 0 0 0 1 6 1 0 5 6 1 0 5 -1 -1 -1 -1 -1 -1 271155 0 15 40 16 25.5333 2 6 2 3
0 0 0 0 1 6 1 0 5 6 1 0 5 -1 -1 -1 -1 -1 -1 271888 0 15 40 16 13 2 6 2 3
0 0 0 0 1 6 1 0 5 6 1 0 5 -1 -1 -1 -1 -1 -1 272655 0 15 40 16 13 2 4 2 3
0 0 0 0 1 6 1 0 5 6 1 0 5 -1 -1 -1 -1 -1 -1 273421 0 15 40 16 13 2 4 2 3
0 0 0 0 1 1 6 0 5 6 1 0 6 -1 -1 -1 -1 -1 -1 274187 0 15 40 16 13 2 4 2 3
0 0 0 0 1 1 6 0 5 6 1 0 6 -1 -1 -1 -1 -1 -1 274954 0 15 40 16 13 2 4 2 3
0 0 0 0 1 1 7 0 5 6 1 0 6 6 5 4 4 1 1 275720 0 15 40 16 13 2 6 2 3
0 0 0 0 1 6 1 0 5 6 1 0 5 -1 -1 -1 -1 -1 -1 276487 0 15 40 16 13 2 6 2 3
0 0 0 0 6 1 1 0 5 6 1 0 4 -1 -1 -1 -1 -1 -1 277253 0 15 40 16 13 2 6 2 3
0 0 0 0 6 1 1 0 5 6 1 0 4 -1 -1 -1 -1 -1 -1 278020 0 15 40 16 13 2 6 2 3
0 0 0 0 7 1 1 0 5 6 1 0 4 4 5 4 4 1 1 278820 0 15 40 16 13 2 5 2 3
0 0 0 0 6 1 1 0 5 6 1 0 4 -1 -1 -1 -1 -1 -1 279453 0 15 40 17 16 2 5 2 3
0 0 0 0 1 6 1 0 5 6 1 0 5 -1 -1 -1 -1 -1 -1 280086 0 15 40 17 16 2 5 2 3
0 0 0 0 1 6 1 0 5 6 1 0 5 -1 -1 -1 -1 -1 -1 280719 0 15 40 17 16 2 5 2 3
0 0 0 0 1 7 1 0 5 6 1 0 5 5 5 4 4 1 1 281319 0 15 40 17 16 2 5 2 3
0 0 0 0 1 6 1 0 5 6 1 0 5 -1 -1 -1 -1 -1 -1 281952 0 15 40 17 16 2 5 2 3
0 0 0 0 6 1 1 0 5 6 1 0 4 -1 -1 -1 -1 -1 -1 282585 0 15 40 17 16 2 5 2 3
0 0 0 0 6 1 1 0 5 6 1 0 4 -1 -1 -1 -1 -1 -1 283185 0 15 40 17 16 2 5 2 3
0 0 0 0 7 1 1 0 5 6 1 0 4 4 5 4 4 1 1 283818 0 15 40 17 16 2 4 2 3
0 0 0 0 6 1 1 0 5 6 1 0 4 -1 -1 -1 -1 -1 -1 284352 0 15 40 18 19 2 4 2 3
0 0 0 0 6 1 1 0 5 6 1 0 4 -1 -1 -1 -1 -1 -1 284885 0 15 40 18 19 2 4 2 3
0 0 0 0 6 1 1 0 5 6 1 0 4 -1 -1 -1 -1 -1 -1 285418 0 15 40 18 19 2 4 2 3
0 0 0 0 7 1 1 0 5 6 1 0 4 4 5 4 4 1 1 285951 0 15 40 18 19 2 6 2 3
0 0 0 0 6 1 1 0 5 6 1 0 4 -1 -1 -1 -1 -1 -1 286484 0 15 40 18 19 2 6 2 3
0 0 0 0 6 1 1 0 5 6 1 0 4 -1 -1 -1 -1 -1 -1 286984 0 15 40 18 19 2 6 2 3
0 0 0 0 6 1 1 0 5 6 1 0 4 -1 -1 -1 -1 -1 -1 287518 0 15 40 18 19 2 6 2 3
0 0 0 1 7 1 1 1 5 6 1 0 4 4 5 4 4 1 1 288051 0 15 40 18 19 2 8 0 5
0 0 0 1 1 6 1 1 5 6 1 1 5 -1 -1 -1 -1 -1 -1 288517 0 15 40 19 21 2 8 0 5
0 0 0 1 1 1 6 1 5 6 1 1 6 -1 -1 -1 -1 -1 -1 289017 0 15 40 19 21 2 8 0 5
0 0 0 1 1 1 6 1 5 6 1 1 6 -1 -1 -1 -1 -1 -1 289484 0 15 40 19 21 2 8 0 5
0 0 0 1 1 1 7 1 5 6 1 1 6 6 5 4 4 1 1 289950 0 15 40 19 21 2 6 2 5
0 0 0 1 1 1 6 1 5 6 1 1 6 -1 -1 -1 -1 -1 -1 290450 0 15 40 19 21 2 6 2 5
0 0 0 1 6 1 1 1 5 6 1 1 4 -1 -1 -1 -1 -1 -1 290917 0 15 40 19 21 2 6 2 5
0 0 0 1 6 1 1 1 5 6 1 1 4 -1 -1 -1 -1 -1 -1 291383 0 15 40 19 21 2 6 2 5
0 0 0 1 7 1 1 1 5 6 1 1 4 4 5 4 4 1 1 291850 0 15 40 19 21 2 4 2 5
0 0 0 1 6 1 1 1 5 6 1 1 4 -1 -1 -1 -1 -1 -1 292316 0 15 40 20 22 2 4 2 5
0 0 0 1 1 6 1 1 5 6 1 1 5 -1 -1 -1 -1 -1 -1 292783 0 15 40 20 22 2 4 2 5
0 0 0 1 1 6 1 1 5 6 1 1 5 -1 -1 -1 -1 -1 -1 293216 0 15 40 20 22 2 4 2 5
0 0 0 1 1 7 1 1 5 6 1 1 5 5 5 4 4 1 1 293683 0 15 40 20 22 2 6 2 5
0 0 0 1 1 6 1 1 5 6 1 1 5 -1 -1 -1 -1 -1 -1 294149 0 15 40 20 22 2 6 2 5
0 0 0 6 1 1 1 1 5 6 1 1 3 -1 -1 -1 -1 -1 -1 294582 0 15 40 20 22 2 6 2 5
0 0 0 6 1 1 1 1 5 6 1 1 3 -1 -1 -1 -1 -1 -1 295049 0 15 40 20 22 2 6 2 5
0 0 0 7 1 1 1 1 5 6 1 1 3 3 5 4 4 1 1 295516 0 15 40 20 22 2 5 2 5
0 0 0 1 6 1 1 1 5 6 1 1 4 -1 -1 -1 -1 -1 -1 295949 0 15 40 21 23 2 5 2 5
0 0 0 1 1 6 1 1 5 6 1 1 5 -1 -1 -1 -1 -1 -1 296382 0 15 40 21 23 2 5 2 5
0 0 0 1 1 6 1 1 5 6 1 1 5 -1 -1 -1 -1 -1 -1 296815 0 15 40 21 23 2 5 2 5
0 0 0 1 1 7 1 1 5 6 1 1 5 5 5 4 4 1 1 297249 0 15 40 21 23 2 5 2 5
0 0 0 1 1 6 1 1 5 6 1 1 5 -1 -1 -1 -1 -1 -1 297682 0 15 40 21 23 2 5 2 5
0 0 0 1 1 6 1 1 5 6 1 1 5 -1 -1 -1 -1 -1 -1 298115 0 15 40 21 23 2 5 2 5
0 0 0 1 1 6 1 1 5 6 1 1 5 -1 -1 -1 -1 -1 -1 298548 0 15 40 21 23 2 5 2 5
0 0 0 1 1 7 1 1 5 6 1 1 5 5 5 4 4 1 1 298981 0 15 40 21 23 2 4 2 5
0 0 0 1 1 6 1 1 5 6 1 1 5 -1 -1 -1 -1 -1 -1 299415 0 15 40 22 24 2 4 2 5
0 0 0 1 1 6 1 1 5 6 1 1 5 -1 -1 -1 -1 -1 -1 299815 0 15 40 22 24 2 4 2 5
0 0 0 1 1 6 1 1 5 6 1 1 5 -1 -1 -1 -1 -1 -1 300248 0 15 40 22 24 2 4 2 5
0 0 0 1 1 7 1 1 5 6 1 1 5 5 5 4 4 1 1 300648 0 15 40 22 24 2 6 2 5
0 0 0 1 1 6 1 1 5 6 1 1 5 -1 -1 -1 -1 -1 -1 301081 0 15 40 22 24 2 6 2 5
0 0 0 1 1 1 1 6 5 6 1 1 7 -1 -1 -1 -1 -1 -1 301481 0 15 40 22 24 2 6 2 5
0 0 0 1 1 1 1 6 5 6 1 1 7 -1 -1 -1 -1 -1 -1 301914 0 15 40 22 24 2 6 2 5
0 0 0 1 1 1 1 7 5 6 1 1 7 7 5 4 4 1 1 302314 0 15 40 22 24 2 8 0 5
0 0 0 1 1 1 1 6 5 6 1 2 7 -1 -1 -1 -1 -1 -1 302714 0 15 40 23 25 2 8 0 5
0 0 0 1 1 1 1 6 5 6 1 2 7 -1 -1 -1 -1 -1 -1 303114 0 15 40 23 25 2 8 0 5
0 0 0 1 1 1 1 6 5 6 1 2 7 -1 -1 -1 -1 -1 -1 303514 0 15 40 23 25 2 8 0 5
0 0 0 1 1 1 1 7 5 6 1 2 7 7 5 4 4 1 1 303914 0 15 40 23 25 2 6 2 5
0 0 0 1 1 1 1 6 5 6 1 2 7 -1 -1 -1 -1 -1 -1 304313 0 15 40 23 25 2 6 2 5
0 0 0 1 1 1 4 6 5 6 1 2 7 -1 -1 -1 -1 -1 -1 304713 1 15 40 23 25 2 6 2 5
0 0 0 1 1 1 6 1 5 6 1 2 6 -1 -1 -1 -1 -1 -1 305113 0 15 40 23 25 2 6 2 5
0 0 0 1 1 1 7 1 5 6 1 2 6 6 5 4 4 1 1 305513 0 15 40 23 25 2 4 2 5
0 0 0 1 1 1 6 1 5 6 1 2 6 -1 -1 -1 -1 -1 -1 305913 0 15 40 24 25.5 2 4 2 5
0 0 0 1 4 6 1 1 5 6 1 2 5 -1 -1 -1 -1 -1 -1 306313 1 15 40 24 25.5 2 4 2 5
0 0 0 1 6 1 1 1 5 6 1 2 4 -1 -1 -1 -1 -1 -1 306680 0 15 40 24 25.5 2 4 2 5
0 0 0 1 7 1 1 1 5 6 1 2 4 4 5 4 4 1 1 307079 0 15 40 24 25.5 2 6 2 5
0 0 0 1 1 6 1 1 5 6 1 2 5 -1 -1 -1 -1 -1 -1 307479 0 15 40 24 25.5 2 6 2 5
0 0 0 1 4 6 1 1 5 6 1 2 5 -1 -1 -1 -1 -1 -1 307879 1 15 40 24 25.5 2 6 2 5
0 0 0 1 1 6 1 1 5 6 1 2 5 -1 -1 -1 -1 -1 -1 308246 0 15 40 24 25.5 2 6 2 5
0 0 0 1 1 7 1 1 5 6 1 2 5 5 5 4 4 1 1 308646 0 15 40 24 25.5 2 5 2 5
0 0 0 1 1 1 6 1 5 6 1 2 6 -1 -1 -1 -1 -1 -1 309046 0 15 40 25 26 2 5 2 5
0 0 0 1 1 4 6 1 5 6 1 2 6 -1 -1 -1 -1 -1 -1 309412 1 15 40 25 26 2 5 2 5
0 0 0 1 1 6 1 1 5 6 1 2 5 -1 -1 -1 -1 -1 -1 309812 0 15 40 25 26 2 5 2 5
0 0 0 1 1 7 1 1 5 6 1 2 5 5 5 4 4 1 1 310179 0 15 40 25 26 2 5 2 5
0 0 0 1 1 6 1 1 5 6 1 2 5 -1 -1 -1 -1 -1 -1 310579 0 15 40 25 26 2 5 2 5
0 0 0 1 1 6 1 4 5 6 1 2 5 -1 -1 -1 -1 -1 -1 310945 1 15 40 25 26 2 5 2 5
0 0 0 1 1 1 1 6 5 6 1 2 7 -1 -1 -1 -1 -1 -1 311345 0 15 40 25 26 2 5 2 5
0 0 0 1 1 1 1 7 5 6 1 2 7 7 5 4 4 1 1 311745 0 15 40 25 26 2 4 2 5
0 0 0 1 1 1 1 6 5 6 1 2 7 -1 -1 -1 -1 -1 -1 312112 0 15 40 26 26.5 2 4 2 5
0 0 0 1 4 1 6 1 5 6 1 2 6 -1 -1 -1 -1 -1 -1 312478 1 15 40 26 26.5 2 4 2 5
0 0 0 1 1 1 6 1 5 6 1 2 6 -1 -1 -1 -1 -1 -1 312878 0 15 40 26 26.5 2 4 2 5
0 0 0 1 1 1 7 1 5 6 1 2 6 6 5 4 4 1 1 313245 0 15 40 26 26.5 2 6 2 5
0 0 0 1 1 1 6 1 5 6 1 2 6 -1 -1 -1 -1 -1 -1 313611 0 15 40 26 26.5 2 6 2 5
0 0 0 1 4 6 1 1 5 6 1 2 5 -1 -1 -1 -1 -1 -1 314011 1 15 40 26 26.5 2 6 2 5
0 0 0 1 1 6 1 1 5 6 1 2 5 -1 -1 -1 -1 -1 -1 314378 0 15 40 26 26.5 2 6 2 5
0 0 0 1 1 7 1 1 5 6 1 2 5 5 5 4 4 1 1 314744 0 15 40 26 26.5 2 8 0 5
0 0 0 1 6 1 1 1 5 6 1 2 4 -1 -1 -1 -1 -1 -1 315111 0 15 40 27 27 2 8 0 5
0 0 0 1 6 4 1 1 5 6 1 2 4 -1 -1 -1 -1 -1 -1 315477 1 15 40 27 27 2 8 0 5
0 0 0 1 6 1 1 1 5 6 1 2 4 -1 -1 -1 -1 -1 -1 315877 0 15 40 27 27 2 8 0 5
0 0 0 1 7 1 1 1 5 6 1 2 4 4 5 4 4 1 1 316244 0 15 40 27 27 2 6 2 5
0 0 0 1 6 1 1 1 5 6 1 2 4 -1 -1 -1 -1 -1 -1 316610 0 15 40 27 27 2 6 2 5
0 0 0 1 1 6 4 1 5 6 1 2 5 -1 -1 -1 -1 -1 -1 316977 1 15 40 27 27 2 6 2 5
0 0 0 1 1 1 6 1 5 6 1 2 6 -1 -1 -1 -1 -1 -1 317344 0 15 40 27 27 2 6 2 5
0 0 0 1 1 1 7 1 5 6 1 2 6 6 5 4 4 1 1 317710 0 15 40 27 27 2 4 2 5
0 0 0 0 1 6 1 0 6 0 2 0 5 -1 -1 -1 -1 -1 -1 326875 0 15 20 20 60 2 8 0 3
0 0 0 0 1 6 1 0 6 0 2 0 5 -1 -1 -1 -1 -1 -1 327041 0 15 20 20 60 2 8 0 3
0 0 0 0 1 6 1 0 6 0 2 0 5 -1 -1 -1 -1 -1 -1 327208 0 15 20 20 60 2 5 2 3
0 0 0 0 1 6 1 0 6 0 2 0 5 -1 -1 -1 -1 -1 -1 327374 0 15 20 20 52.4 2 5 2 3
0 0 0 0 1 6 1 0 6 0 2 0 5 -1 -1 -1 -1 -1 -1 327608 0 15 20 20 34.6666 2 5 2 3
0 0 0 0 1 6 1 0 6 0 2 0 5 -1 -1 -1 -1 -1 -1 328008 0 15 20 20 22 2 5 2 3
0 0 0 0 1 6 1 0 6 0 2 0 5 -1 -1 -1 -1 -1 -1 328474 0 15 20 20 22 2 5 2 3
0 0 0 0 1 6 1 0 6 0 2 0 5 -1 -1 -1 -1 -1 -1 328941 0 15 20 20 22 2 5 2 3
0 0 0 0 1 1 6 0 6 0 2 0 6 -1 -1 -1 -1 -1 -1 329374 0 15 20 20 22 2 5 2 3
0 0 0 0 1 1 6 0 6 0 2 0 6 -1 -1 -1 -1 -1 -1 329841 0 15 20 20 22 2 5 2 3
0 0 0 0 1 3 6 0 6 0 2 0 6 5 3 4 3 0 0 330307 0 15 20 20 22 2 4 2 3
0 0 0 0 1 6 1 0 6 0 2 0 5 -1 -1 -1 -1 -1 -1 330740 0 15 20 20 22 2 4 2 3
0 0 0 0 1 6 1 0 6 0 2 0 5 -1 -1 -1 -1 -1 -1 331207 0 15 20 20 22 2 4 2 3
0 0 0 0 6 1 1 0 6 0 2 0 4 -1 -1 -1 -1 -1 -1 331673 0 15 20 20 22 2 4 2 3
0 0 0 0 6 1 3 0 6 0 2 0 4 6 0 4 1 0 0 332107 0 15 20 20 22 2 6 2 3
0 0 0 0 6 1 1 0 6 0 2 0 4 -1 -1 -1 -1 -1 -1 332573 0 15 20 20 22 2 6 2 3
0 0 0 0 1 6 1 0 6 0 2 0 5 -1 -1 -1 -1 -1 -1 333006 0 15 20 20 22 2 6 2 3
0 0 0 0 1 1 6 0 6 0 2 0 6 -1 -1 -1 -1 -1 -1 333473 0 15 20 20 22 2 6 2 3
0 0 0 0 1 1 7 0 6 0 2 0 6 6 3 4 3 1 1 333940 0 15 20 20 22 2 6 2 3
0 0 0 0 1 1 6 0 6 0 2 0 6 -1 -1 -1 -1 -1 -1 334373 0 15 20 20 22 2 6 2 3
0 0 0 0 1 1 6 0 6 0 2 0 6 -1 -1 -1 -1 -1 -1 334839 0 15 20 20 22 2 6 2 3
0 0 0 0 1 1 6 0 6 0 2 0 6 -1 -1 -1 -1 -1 -1 335306 0 15 20 20 22 2 6 2 3
0 0 0 0 3 6 1 0 6 0 2 0 5 4 2 4 0 0 0 335739 0 15 20 20 22 2 6 2 3
0 0 0 0 1 6 1 0 6 0 2 0 5 -1 -1 -1 -1 -1 -1 336206 0 15 20 20 22 2 6 2 3
0 0 0 0 1 1 6 0 6 0 2 0 6 -1 -1 -1 -1 -1 -1 336672 0 15 20 20 22 2 6 2 3
0 0 0 0 1 1 6 0 6 0 2 0 6 -1 -1 -1 -1 -1 -1 337105 0 15 20 20 22 2 6 2 3
0 0 0 0 1 3 6 0 6 0 2 0 6 5 1 4 2 0 0 337572 0 15 20 20 22 2 6 2 3
0 0 0 0 1 1 6 0 6 0 2 0 6 -1 -1 -1 -1 -1 -1 338005 0 15 20 20 22 2 6 2 3
0 0 0 0 1 6 1 0 6 0 2 0 5 -1 -1 -1 -1 -1 -1 338472 0 15 20 20 22 2 6 2 3
0 0 0 0 1 6 1 0 6 0 2 0 5 -1 -1 -1 -1 -1 -1 338938 0 15 20 20 22 2 6 2 3
0 0 0 0 3 6 1 0 6 0 2 0 5 4 0 4 1 0 0 339372 0 15 20 20 22 2 8 0 3
0 0 0 0 1 6 1 0 6 0 2 0 5 -1 -1 -1 -1 -1 -1 339838 0 15 20 20 22 2 8 0 3
0 0 0 0 1 6 1 0 6 0 2 0 5 -1 -1 -1 -1 -1 -1 340305 0 15 20 20 22 2 8 0 3
0 0 0 0 1 6 1 0 6 0 2 0 5 -1 -1 -1 -1 -1 -1 340738 0 15 20 20 22 2 8 0 3
0 0 0 0 3 6 1 0 6 0 2 0 5 4 2 4 0 0 0 341204 0 15 20 20 22 2 5 2 3
0 0 0 0 1 6 1 0 6 0 2 0 5 -1 -1 -1 -1 -1 -1 341638 0 15 20 20 22 2 5 2 3
0 0 0 0 1 6 1 0 6 0 2 0 5 -1 -1 -1 -1 -1 -1 342104 0 15 20 20 22 2 5 2 3
0 0 0 0 1 6 1 0 6 0 2 0 5 -1 -1 -1 -1 -1 -1 342571 0 15 20 20 22 2 5 2 3
0 0 0 0 1 7 1 0 6 0 2 0 5 5 0 4 1 1 1 343004 0 15 20 20 22 2 5 2 3
0 0 0 0 1 6 1 0 6 0 2 0 5 -1 -1 -1 -1 -1 -1 343471 0 15 20 20 22 2 5 2 3
0 0 0 0 1 6 1 0 6 0 2 0 5 -1 -1 -1 -1 -1 -1 343937 0 15 20 20 22 2 5 2 3
0 0 0 0 1 6 1 0 6 0 2 0 5 -1 -1 -1 -1 -1 -1 344370 0 15 20 20 22 2 5 2 3
0 0 0 0 1 6 3 0 6 0 2 0 5 6 1 4 2 0 0 344837 0 15 20 20 22 2 4 2 3
0 0 0 0 1 6 1 0 6 0 2 0 5 -1 -1 -1 -1 -1 -1 345303 0 15 20 20 22 2 4 2 3
0 0 0 0 1 6 1 0 6 0 2 0 5 -1 -1 -1 -1 -1 -1 345737 0 15 20 20 22 2 4 2 3
0 0 0 0 1 6 1 0 6 0 2 0 5 -1 -1 -1 -1 -1 -1 346203 0 15 20 20 22 2 4 2 3
0 0 0 0 1 6 3 0 6 0 2 0 5 6 2 4 0 0 0 346636 0 15 20 20 22 2 6 2 3
0 0 0 0 1 6 1 0 6 0 2 0 5 -1 -1 -1 -1 -1 -1 347103 0 15 20 20 22 2 6 2 3
0 0 0 0 6 1 1 0 6 0 2 0 4 -1 -1 -1 -1 -1 -1 347570 0 15 20 20 22 2 6 2 3
0 0 0 0 6 1 1 0 6 0 2 0 4 -1 -1 -1 -1 -1 -1 348003 0 15 20 20 22 2 6 2 3
0 0 0 0 7 1 1 0 6 0 2 0 4 4 1 4 2 1 1 348469 0 15 20 20 22 2 6 2 3
0 0 0 0 6 1 1 0 6 0 2 0 4 -1 -1 -1 -1 -1 -1 348936 0 15 20 20 22 2 6 2 3
0 0 0 0 1 6 1 0 6 0 2 0 5 -1 -1 -1 -1 -1 -1 349369 0 15 20 20 22 2 6 2 3
0 0 0 0 1 6 1 0 6 0 2 0 5 -1 -1 -1 -1 -1 -1 349836 0 15 20 20 22 2 6 2 3
0 0 0 0 1 6 3 0 6 0 2 0 5 6 0 4 1 0 0 350302 0 15 20 20 22 2 6 2 3
0 0 0 0 1 6 1 0 6 0 2 0 5 -1 -1 -1 -1 -1 -1 350735 0 15 20 20 22 2 6 2 3
0 0 0 0 1 1 6 0 6 0 2 0 6 -1 -1 -1 -1 -1 -1 351202 0 15 20 20 22 2 6 2 3
0 0 0 0 1 1 6 0 6 0 2 0 6 -1 -1 -1 -1 -1 -1 351635 0 15 20 20 22 2 6 2 3
0 0 0 0 1 3 6 0 6 0 2 0 6 5 2 4 0 0 0 352102 0 15 20 20 22 2 6 2 3
0 0 0 0 1 1 6 0 6 0 2 0 6 -1 -1 -1 -1 -1 -1 352568 0 15 20 20 22 2 6 2 3
0 0 0 0 1 6 1 0 6 0 2 0 5 -1 -1 -1 -1 -1 -1 353002 0 15 20 20 22 2 6 2 3
0 0 0 0 1 6 1 0 6 0 2 0 5 -1 -1 -1 -1 -1 -1 353468 0 15 20 20 22 2 6 2 3
0 0 0 0 1 6 3 0 6 0 2 0 5 6 3 4 3 0 0 353935 0 15 20 20 22 2 8 0 3
0 0 0 0 1 6 1 0 6 0 2 0 5 -1 -1 -1 -1 -1 -1 354368 0 15 20 20 22 2 8 0 3
0 0 0 0 1 6 1 0 6 0 2 0 5 -1 -1 -1 -1 -1 -1 354834 0 15 20 20 22 2 8 0 3
0 0 0 0 1 6 1 0 6 0 2 0 5 -1 -1 -1 -1 -1 -1 355301 0 15 20 20 22 2 8 0 3
0 0 0 0 1 6 3 0 6 0 2 0 5 6 0 4 1 0 0 355734 0 15 20 20 22 2 5 2 3
0 0 0 0 1 6 1 0 6 0 2 0 5 -1 -1 -1 -1 -1 -1 356201 0 15 20 20 22 2 5 2 3
0 0 0 0 1 1 6 0 6 0 2 0 6 -1 -1 -1 -1 -1 -1 356634 0 15 20 20 22 2 5 2 3
0 0 0 0 1 1 6 0 6 0 2 0 6 -1 -1 -1 -1 -1 -1 357101 0 15 20 20 22 2 5 2 3
0 0 0 0 1 1 7 0 6 0 2 0 6 6 3 4 3 1 1 357567 0 15 20 20 22 2 5 2 3
0 0 0 0 1 1 6 0 6 0 2 0 6 -1 -1 -1 -1 -1 -1 358000 0 15 20 20 22 2 5 2 3
0 0 0 0 1 6 1 0 6 0 2 0 5 -1 -1 -1 -1 -1 -1 358467 0 15 20 20 22 2 5 2 3
0 0 0 0 1 6 1 0 6 0 2 0 5 -1 -1 -1 -1 -1 -1 358933 0 15 20 20 22 2 5 2 3
0 0 0 0 1 7 1 0 6 0 2 0 5 5 0 4 1 1 1 359367 0 15 20 20 22 2 4 2 3
0 0 0 1 1 6 1 1 7 2 2 2 5 -1 -1 -1 -1 -1 -1 366432 0 15 20 20 60 2 8 0 5
0 0 0 1 1 6 1 1 7 2 2 2 5 -1 -1 -1 -1 -1 -1 366598 0 15 20 20 60 2 8 0 5
0 0 0 1 1 6 1 1 7 2 2 2 5 -1 -1 -1 -1 -1 -1 366765 0 15 20 20 60 2 6 2 5
0 0 0 1 1 6 1 1 7 2 2 2 5 -1 -1 -1 -1 -1 -1 366931 0 15 20 20 52.4 2 6 2 5
0 0 0 1 1 6 1 1 7 2 2 2 5 -1 -1 -1 -1 -1 -1 367165 0 15 20 20 34.6666 2 6 2 5
0 0 0 1 1 6 1 1 7 2 2 2 5 -1 -1 -1 -1 -1 -1 367565 0 15 20 20 22 2 6 2 5
0 0 0 1 1 6 1 1 7 2 2 2 5 -1 -1 -1 -1 -1 -1 368031 0 15 20 20 22 2 5 2 5
0 0 0 1 1 6 1 1 7 2 2 2 5 -1 -1 -1 -1 -1 -1 368498 0 15 20 20 22 2 5 2 5
0 0 0 1 1 6 1 1 7 2 2 2 5 -1 -1 -1 -1 -1 -1 368931 0 15 20 20 22 2 5 2 5
0 0 0 1 1 6 1 1 7 2 2 2 5 -1 -1 -1 -1 -1 -1 369398 0 15 20 20 22 2 5 2 5
0 0 0 1 1 6 3 1 7 2 2 2 5 6 5 4 0 0 0 369864 0 15 20 20 22 2 6 2 5
0 0 0 1 1 6 1 1 7 2 2 2 5 -1 -1 -1 -1 -1 -1 370297 0 15 20 20 22 2 6 2 5
0 0 0 4 1 1 6 1 7 2 2 2 6 -1 -1 -1 -1 -1 -1 370764 1 15 20 20 22 2 6 2 5
0 0 0 1 1 1 6 1 7 2 2 2 6 -1 -1 -1 -1 -1 -1 371230 0 15 20 20 22 2 6 2 5
0 0 0 1 1 3 6 1 7 2 2 2 6 5 5 4 1 0 0 371664 0 15 20 20 22 2 6 2 5
0 0 0 1 1 1 6 1 7 2 2 2 6 -1 -1 -1 -1 -1 -1 372130 0 15 20 20 22 2 6 2 5
0 0 0 1 1 4 6 1 7 2 2 2 6 -1 -1 -1 -1 -1 -1 372563 1 15 20 20 22 2 6 2 5
0 0 0 1 1 6 1 1 7 2 2 2 5 -1 -1 -1 -1 -1 -1 373030 0 15 20 20 22 2 6 2 5
0 0 0 1 3 6 1 1 7 2 2 2 5 4 5 4 3 0 0 373497 0 15 20 20 22 2 4 2 5
0 0 0 1 1 6 1 1 7 2 2 2 5 -1 -1 -1 -1 -1 -1 373930 0 15 20 20 22 2 4 2 5
0 0 0 1 4 6 1 1 7 2 2 2 5 -1 -1 -1 -1 -1 -1 374396 1 15 20 20 22 2 4 2 5
0 0 0 1 1 6 1 1 7 2 2 2 5 -1 -1 -1 -1 -1 -1 374863 0 15 20 20 22 2 4 2 5
0 0 0 1 1 6 3 1 7 2 2 2 5 6 5 4 0 0 0 375296 0 15 20 20 22 2 4 2 5
0 0 0 1 1 6 1 1 7 2 2 2 5 -1 -1 -1 -1 -1 -1 375763 0 15 20 20 22 2 4 2 5
0 0 0 1 1 6 1 4 7 2 2 2 5 -1 -1 -1 -1 -1 -1 376229 1 15 20 20 22 2 4 2 5
0 0 0 1 1 6 1 1 7 2 2 2 5 -1 -1 -1 -1 -1 -1 376662 0 15 20 20 22 2 4 2 5
0 0 0 1 1 6 1 3 7 2 2 2 5 7 5 4 1 0 0 377129 0 15 20 20 22 2 5 2 5
0 0 0 1 1 6 1 1 7 2 2 2 5 -1 -1 -1 -1 -1 -1 377562 0 15 20 20 22 2 5 2 5
0 0 0 4 1 6 1 1 7 2 2 2 5 -1 -1 -1 -1 -1 -1 378029 1 15 20 20 22 2 5 2 5
0 0 0 1 1 6 1 1 7 2 2 2 5 -1 -1 -1 -1 -1 -1 378495 0 15 20 20 22 2 5 2 5
0 0 0 1 1 6 1 3 7 2 2 2 5 7 5 4 2 0 0 378929 0 15 20 20 22 2 8 0 5
0 0 0 1 1 6 1 1 7 2 2 2 5 -1 -1 -1 -1 -1 -1 379395 0 15 20 20 22 2 8 0 5
0 0 0 1 1 6 1 4 7 2 2 2 5 -1 -1 -1 -1 -1 -1 379862 1 15 20 20 22 2 8 0 5
0 0 0 1 6 1 1 1 7 2 2 2 4 -1 -1 -1 -1 -1 -1 380295 0 15 20 20 22 2 8 0 5
0 0 0 1 6 3 1 1 7 2 2 2 4 5 5 4 0 0 0 380761 0 15 20 20 22 2 6 2 5
0 0 0 1 1 6 1 1 7 2 2 2 5 -1 -1 -1 -1 -1 -1 381195 0 15 20 20 22 2 6 2 5
0 0 0 4 1 1 6 1 7 2 2 2 6 -1 -1 -1 -1 -1 -1 381661 1 15 20 20 22 2 6 2 5
0 0 0 1 1 1 6 1 7 2 2 2 6 -1 -1 -1 -1 -1 -1 382128 0 15 20 20 22 2 6 2 5
0 0 0 1 1 3 6 1 7 2 2 2 6 5 5 4 1 0 0 382561 0 15 20 20 22 2 5 2 5
0 0 0 1 1 1 6 1 7 2 2 2 6 -1 -1 -1 -1 -1 -1 383028 0 15 20 20 22 2 5 2 5
0 0 0 4 1 6 1 1 7 2 2 2 5 -1 -1 -1 -1 -1 -1 383494 1 15 20 20 22 2 5 2 5
0 0 0 1 6 1 1 1 7 2 2 2 4 -1 -1 -1 -1 -1 -1 383927 0 15 20 20 22 2 5 2 5
0 0 0 1 7 1 1 1 7 2 2 2 4 4 5 4 0 1 1 384394 0 15 20 20 22 2 6 2 5
0 0 0 1 6 1 1 1 7 2 2 2 4 -1 -1 -1 -1 -1 -1 384860 0 15 20 20 22 2 6 2 5
0 0 0 1 6 4 1 1 7 2 2 2 4 -1 -1 -1 -1 -1 -1 385294 1 15 20 20 22 2 6 2 5
0 0 0 6 1 1 1 1 7 2 2 2 3 -1 -1 -1 -1 -1 -1 385760 0 15 20 20 22 2 6 2 5
0 0 0 7 1 1 1 1 7 2 2 2 3 3 5 4 1 1 1 386193 0 15 20 20 22 2 6 2 5
0 0 0 6 1 1 1 1 7 2 2 2 3 -1 -1 -1 -1 -1 -1 386660 0 15 20 20 22 2 6 2 5
0 0 0 6 4 1 1 1 7 2 2 2 3 -1 -1 -1 -1 -1 -1 387127 1 15 20 20 22 2 6 2 5
0 0 0 6 1 1 1 1 7 2 2 2 3 -1 -1 -1 -1 -1 -1 387560 0 15 20 20 22 2 6 2 5
0 0 0 7 1 1 1 1 7 2 2 2 3 3 5 4 0 1 1 388026 0 15 20 20 22 2 4 2 5
0 0 0 1 1 6 1 1 8 1 2 1 5 -1 -1 -1 -1 -1 -1 395058 0 15 20 20 60 2 8 0 5
0 0 0 1 1 6 1 1 8 1 2 1 5 -1 -1 -1 -1 -1 -1 395225 0 15 20 20 60 2 8 0 5
0 0 0 1 1 6 1 1 8 1 2 1 5 -1 -1 -1 -1 -1 -1 395391 0 15 20 20 60 2 4 2 5
0 0 0 1 1 6 1 1 8 1 2 1 5 -1 -1 -1 -1 -1 -1 395558 0 15 20 20 52.4 2 4 2 5
0 0 0 1 1 6 1 1 8 1 2 1 5 -1 -1 -1 -1 -1 -1 395791 0 15 20 20 34.6666 2 4 2 5
0 0 0 1 1 6 1 1 8 1 2 1 5 -1 -1 -1 -1 -1 -1 396191 0 15 20 20 22 2 4 2 5
0 0 0 1 1 6 1 1 8 1 2 1 5 -1 -1 -1 -1 -1 -1 396658 0 15 20 20 22 2 5 2 5
0 0 0 1 1 6 1 1 8 1 2 1 5 -1 -1 -1 -1 -1 -1 397124 0 15 20 20 22 2 5 2 5
0 0 0 1 1 6 1 1 8 1 2 1 5 -1 -1 -1 -1 -1 -1 397557 0 15 20 20 22 2 5 2 5
0 0 0 1 1 6 1 1 8 1 2 1 5 -1 -1 -1 -1 -1 -1 398024 0 15 20 20 22 2 5 2 5
0 0 0 1 1 6 3 1 8 1 2 1 5 6 4 7 2 0 0 398490 0 15 20 20 22 2 6 2 5
0 0 0 1 1 6 1 1 8 1 2 1 5 -1 -1 -1 -1 -1 -1 398924 0 15 20 20 22 2 6 2 5
0 0 0 1 1 6 1 1 8 1 2 1 5 -1 -1 -1 -1 -1 -1 399390 0 15 20 20 22 2 6 2 5
0 0 0 1 1 6 1 1 8 1 2 1 5 -1 -1 -1 -1 -1 -1 399857 0 15 20 20 22 2 6 2 5
0 0 0 1 1 6 1 3 8 1 2 1 5 7 4 5 0 0 0 400290 0 15 20 20 22 2 6 2 5
0 0 0 1 1 6 1 1 8 1 2 1 5 -1 -1 -1 -1 -1 -1 400757 0 15 20 20 22 2 6 2 5
0 0 0 1 1 6 1 1 8 1 2 1 5 -1 -1 -1 -1 -1 -1 401190 0 15 20 20 22 2 6 2 5
0 0 0 1 1 6 1 1 8 1 2 1 5 -1 -1 -1 -1 -1 -1 401656 0 15 20 20 22 2 6 2 5
0 0 0 1 1 6 1 3 8 1 2 1 5 7 4 6 1 0 0 402123 0 15 20 20 22 2 4 2 5
0 0 0 1 1 6 1 1 8 1 2 1 5 -1 -1 -1 -1 -1 -1 402556 0 15 20 20 22 2 4 2 5
0 0 0 1 1 6 1 1 8 1 2 1 5 -1 -1 -1 -1 -1 -1 403023 0 15 20 20 22 2 4 2 5
0 0 0 1 1 6 1 1 8 1 2 1 5 -1 -1 -1 -1 -1 -1 403489 0 15 20 20 22 2 4 2 5
0 0 0 1 1 6 3 1 8 1 2 1 5 6 4 8 3 0 0 403922 0 15 20 20 22 2 4 2 5
0 0 0 1 1 6 1 1 8 1 2 1 5 -1 -1 -1 -1 -1 -1 404389 0 15 20 20 22 2 4 2 5
0 0 0 1 6 1 1 1 8 1 2 1 4 -1 -1 -1 -1 -1 -1 404856 0 15 20 20 22 2 4 2 5
0 0 0 1 6 1 1 1 8 1 2 1 4 -1 -1 -1 -1 -1 -1 405289 0 15 20 20 22 2 4 2 5
0 0 0 1 1 8 1 1 8 1 2 1 5 5 4 5 0 0 1 405755 0 15 20 20 22 2 4 2 5
0 0 0 1 1 6 1 1 8 1 2 1 5 -1 -1 -1 -1 -1 -1 406222 0 15 20 19 21 2 4 2 5
0 0 0 1 1 6 1 1 8 1 2 1 5 -1 -1 -1 -1 -1 -1 406688 0 15 20 19 21 2 4 2 5
0 0 0 1 1 6 1 1 8 1 2 1 5 -1 -1 -1 -1 -1 -1 407155 0 15 20 19 26.25 2 4 2 5
0 0 0 1 1 8 2 1 8 1 2 1 5 6 4 8 3 1 0 407555 0 15 20 19 26.25 2 8 0 5
0 0 0 1 1 6 1 1 8 1 2 1 5 -1 -1 -1 -1 -1 -1 407955 0 15 20 18 23.75 2 8 0 5
0 0 0 1 1 1 6 1 8 1 2 1 6 -1 -1 -1 -1 -1 -1 408388 0 15 20 18 23.75 2 8 0 5
0 0 0 1 1 1 6 1 8 1 2 1 6 -1 -1 -1 -1 -1 -1 408788 0 15 20 18 22.4833 2 8 0 5
0 0 0 1 1 7 1 1 8 1 2 1 5 5 4 5 0 1 1 409288 0 15 20 18 19 2 4 2 5
0 0 0 1 1 6 1 1 8 1 2 1 5 -1 -1 -1 -1 -1 -1 409821 0 15 20 18 19 2 4 2 5
0 0 0 1 1 6 1 1 8 1 2 1 5 -1 -1 -1 -1 -1 -1 410354 0 15 20 18 19 2 4 2 5
0 0 0 1 1 6 1 1 8 1 2 1 5 -1 -1 -1 -1 -1 -1 410887 0 15 20 18 19 2 4 2 5
0 0 0 1 1 7 1 1 8 1 2 1 5 5 4 8 3 1 1 411387 0 15 20 18 19 2 5 2 5
0 0 0 1 1 6 1 1 8 1 2 1 5 -1 -1 -1 -1 -1 -1 411887 0 15 20 19 21 2 5 2 5
0 0 0 1 1 6 1 1 8 1 2 1 5 -1 -1 -1 -1 -1 -1 412354 0 15 20 19 21 2 5 2 5
0 0 0 1 1 6 1 1 8 1 2 1 5 -1 -1 -1 -1 -1 -1 412854 0 15 20 19 21 2 5 2 5
0 0 0 1 1 6 1 3 8 1 2 1 5 7 4 7 2 0 0 413320 0 15 20 19 21 2 6 2 5
0 0 0 1 1 6 1 1 8 1 2 1 5 -1 -1 -1 -1 -1 -1 413787 0 15 20 19 21 2 6 2 5
0 0 0 1 1 6 1 1 8 1 2 1 5 -1 -1 -1 -1 -1 -1 414253 0 15 20 19 21 2 6 2 5
0 0 0 1 1 6 1 1 8 1 2 1 5 -1 -1 -1 -1 -1 -1 414753 0 15 20 19 21 2 6 2 5
0 0 0 1 1 6 1 3 8 1 2 1 5 7 4 6 1 0 0 415220 0 15 20 19 21 2 6 2 5
0 0 0 1 1 6 1 1 8 1 2 1 5 -1 -1 -1 -1 -1 -1 415686 0 15 20 19 21 2 6 2 5
0 0 0 1 1 6 1 1 8 1 2 1 5 -1 -1 -1 -1 -1 -1 416186 0 15 20 19 21 2 6 2 5
0 0 0 1 1 6 1 1 8 1 2 1 5 -1 -1 -1 -1 -1 -1 416653 0 15 20 19 21 2 6 2 5
0 0 0 1 1 8 1 1 8 1 2 1 5 5 4 8 3 0 1 417119 0 15 20 19 21 2 4 2 5
0 0 0 1 1 6 1 1 8 1 2 1 5 -1 -1 -1 -1 -1 -1 417652 0 15 20 18 19 2 4 2 5
0 0 0 1 1 6 1 1 8 1 2 1 5 -1 -1 -1 -1 -1 -1 418152 0 15 20 18 19 2 4 2 5
0 0 0 1 6 1 1 1 8 1 2 1 4 -1 -1 -1 -1 -1 -1 418619 0 15 20 18 23.75 2 4 2 5
0 0 0 1 6 1 3 1 8 1 2 1 4 6 4 7 2 0 0 419052 0 15 20 18 23.75 2 4 2 5
0 0 0 1 1 6 1 1 8 1 2 1 5 -1 -1 -1 -1 -1 -1 419485 0 15 20 18 23.75 2 4 2 5
0 0 0 1 1 1 6 1 8 1 2 1 6 -1 -1 -1 -1 -1 -1 419885 0 15 20 18 23.75 2 4 2 5
0 0 0 1 1 1 6 1 8 1 2 1 6 -1 -1 -1 -1 -1 -1 420352 0 15 20 18 19.3167 2 4 2 5
0 0 0 1 1 1 1 7 8 1 2 1 7 7 4 8 3 1 1 420885 0 15 20 18 19 2 4 2 5
0 0 0 1 1 1 1 6 8 1 2 1 7 -1 -1 -1 -1 -1 -1 421418 0 15 20 18 19 2 4 2 5
0 0 0 1 1 1 1 6 8 1 2 1 7 -1 -1 -1 -1 -1 -1 421951 0 15 20 18 19 2 4 2 5
0 0 0 1 1 1 1 6 8 1 2 1 7 -1 -1 -1 -1 -1 -1 422451 0 15 20 18 19 2 4 2 5
0 0 0 1 1 3 1 6 8 1 2 1 7 5 4 6 1 0 0 422984 0 15 20 18 19 2 8 0 5
0 0 0 1 1 1 6 1 8 1 2 1 6 -1 -1 -1 -1 -1 -1 423518 0 15 20 18 19 2 8 0 5
0 0 0 1 1 6 1 1 8 1 2 1 5 -1 -1 -1 -1 -1 -1 424051 0 15 20 18 19 2 8 0 5
0 0 0 1 6 1 1 1 8 1 2 1 4 -1 -1 -1 -1 -1 -1 424551 0 15 20 18 19 2 8 0 5
0 0 0 1 6 1 3 1 8 1 2 1 4 6 4 7 2 0 0 425084 0 15 20 18 19 2 4 2 5
0 0 0 1 6 1 1 1 8 1 2 1 4 -1 -1 -1 -1 -1 -1 425617 0 15 20 18 19 2 4 2 5
0 0 0 1 6 1 1 1 8 1 2 1 4 -1 -1 -1 -1 -1 -1 426150 0 15 20 18 19 2 4 2 5
0 0 0 1 1 6 1 1 8 1 2 1 5 -1 -1 -1 -1 -1 -1 426684 0 15 20 18 19 2 4 2 5
0 0 0 1 1 6 3 1 8 1 2 1 5 6 4 8 3 0 0 427183 0 15 20 18 19 2 5 2 5
0 0 0 1 1 6 1 1 8 1 2 1 5 -1 -1 -1 -1 -1 -1 427717 0 15 20 18 19 2 5 2 5
0 0 0 1 1 6 1 1 8 1 2 1 5 -1 -1 -1 -1 -1 -1 428250 0 15 20 18 19 2 5 2 5
0 0 0 1 1 6 1 1 8 1 2 1 5 -1 -1 -1 -1 -1 -1 428783 0 15 20 18 19 2 5 2 5
0 0 0 1 1 6 1 3 8 1 2 1 5 7 4 5 0 0 0 429316 0 15 20 18 19 2 6 2 5
0 0 0 1 1 6 1 1 8 1 2 1 5 -1 -1 -1 -1 -1 -1 429816 0 15 20 18 19 2 6 2 5
0 0 0 1 1 1 6 1 8 1 2 1 6 -1 -1 -1 -1 -1 -1 430349 0 15 20 18 19 2 6 2 5
0 0 0 1 1 1 6 1 8 1 2 1 6 -1 -1 -1 -1 -1 -1 430883 0 15 20 18 19 2 6 2 5
0 0 0 1 1 1 6 3 8 1 2 1 6 7 4 7 2 0 0 431416 0 15 20 18 19 2 6 2 5
0 0 0 1 1 1 6 1 8 1 2 1 6 -1 -1 -1 -1 -1 -1 431916 0 15 20 18 19 2 6 2 5
0 0 0 1 1 1 1 6 8 1 2 1 7 -1 -1 -1 -1 -1 -1 432449 0 15 20 18 19 2 6 2 5
0 0 0 1 1 1 1 6 8 1 2 1 7 -1 -1 -1 -1 -1 -1 432982 0 15 20 18 19 2 6 2 5
0 0 0 1 1 1 1 7 8 1 2 1 7 7 4 5 0 1 1 433515 0 15 20 18 19 2 4 2 5
0 0 0 1 1 1 1 6 8 1 2 1 7 -1 -1 -1 -1 -1 -1 433982 0 15 20 19 21 2 4 2 5
0 0 0 1 1 1 6 1 8 1 2 1 6 -1 -1 -1 -1 -1 -1 434482 0 15 20 19 21 2 4 2 5
0 0 0 1 1 6 1 1 8 1 2 1 5 -1 -1 -1 -1 -1 -1 434948 0 15 20 19 21 2 4 2 5
0 0 0 1 1 6 3 1 8 1 2 1 5 6 4 8 3 0 0 435415 0 15 20 19 21 2 4 2 5
0 0 0 1 1 6 1 1 8 1 2 1 5 -1 -1 -1 -1 -1 -1 435915 0 15 20 19 21 2 4 2 5
0 0 0 1 6 1 1 1 8 1 2 1 4 -1 -1 -1 -1 -1 -1 436381 0 15 20 19 21 2 4 2 5
0 0 0 1 1 6 1 1 8 1 2 1 5 -1 -1 -1 -1 -1 -1 436848 0 15 20 19 21 2 4 2 5
0 0 0 1 3 6 1 1 8 1 2 1 5 4 4 7 2 0 0 437314 0 15 20 19 21 2 4 2 5
0 0 0 1 1 6 1 1 8 1 2 1 5 -1 -1 -1 -1 -1 -1 437814 0 15 20 19 21 2 4 2 5
0 0 0 1 1 1 6 1 8 1 2 1 6 -1 -1 -1 -1 -1 -1 438281 0 15 20 19 21 2 4 2 5
0 0 0 1 1 1 6 1 8 1 2 1 6 -1 -1 -1 -1 -1 -1 438747 0 15 20 19 21 2 4 2 5
0 0 0 1 1 1 7 1 8 1 2 1 6 6 4 8 3 1 1 439247 0 15 20 19 21 2 8 0 5
0 0 0 1 1 1 6 1 8 1 2 1 6 -1 -1 -1 -1 -1 -1 439714 0 15 20 19 21 2 8 0 5
0 0 0 1 1 6 1 1 8 1 2 1 5 -1 -1 -1 -1 -1 -1 440180 0 15 20 19 21 2 8 0 5
0 0 0 1 1 6 1 1 8 1 2 1 5 -1 -1 -1 -1 -1 -1 440647 0 15 20 19 21 2 8 0 5
0 0 0 1 3 6 1 1 8 1 2 1 5 4 4 6 1 0 0 441147 0 15 20 19 21 2 4 2 5
0 0 0 1 1 6 1 1 8 1 2 1 5 -1 -1 -1 -1 -1 -1 441613 0 15 20 19 21 2 4 2 5
0 0 0 1 6 1 1 1 8 1 2 1 4 -1 -1 -1 -1 -1 -1 442080 0 15 20 19 21 2 4 2 5
0 0 0 1 6 1 1 1 8 1 2 1 4 -1 -1 -1 -1 -1 -1 442580 0 15 20 19 21 2 4 2 5
0 0 0 1 6 3 1 1 8 1 2 1 4 5 4 5 0 0 0 443046 0 15 20 19 21 2 5 2 5
0 0 0 1 6 1 1 1 8 1 2 1 4 -1 -1 -1 -1 -1 -1 443513 0 15 20 19 21 2 5 2 5
0 0 0 1 1 6 1 1 8 1 2 1 5 -1 -1 -1 -1 -1 -1 443979 0 15 20 19 21 2 5 2 5
0 0 0 1 1 6 1 1 8 1 2 1 5 -1 -1 -1 -1 -1 -1 444479 0 15 20 19 21 2 5 2 5
0 0 0 1 3 6 1 1 8 1 2 1 5 4 4 7 2 0 0 444946 0 15 20 19 21 2 6 2 5
0 0 0 1 1 6 1 1 8 1 2 1 5 -1 -1 -1 -1 -1 -1 445412 0 15 20 19 21 2 6 2 5
0 0 0 1 1 1 6 1 8 1 2 1 6 -1 -1 -1 -1 -1 -1 445912 0 15 20 19 21 2 6 2 5
0 0 0 1 1 1 6 1 8 1 2 1 6 -1 -1 -1 -1 -1 -1 446379 0 15 20 19 21 2 6 2 5
0 0 0 1 1 1 7 1 8 1 2 1 6 6 4 5 0 1 1 446845 0 15 20 19 21 2 6 2 5
0 0 0 1 1 1 6 1 8 1 2 1 6 -1 -1 -1 -1 -1 -1 447312 0 15 20 20 22 2 6 2 5
0 0 0 1 1 6 1 1 8 1 2 1 5 -1 -1 -1 -1 -1 -1 447745 0 15 20 20 22 2 6 2 5
0 0 0 1 1 6 1 1 8 1 2 1 5 -1 -1 -1 -1 -1 -1 448212 0 15 20 20 22 2 6 2 5
0 0 0 1 1 6 3 1 8 1 2 1 5 6 4 8 3 0 0 448678 0 15 20 20 22 2 4 2 5
0 0 0 1 1 6 1 1 8 1 2 1 5 -1 -1 -1 -1 -1 -1 449111 0 15 20 20 22 2 4 2 5
0 0 0 1 1 6 1 1 8 1 2 1 5 -1 -1 -1 -1 -1 -1 449578 0 15 20 20 22 2 4 2 5
0 0 0 1 1 6 1 1 8 1 2 1 5 -1 -1 -1 -1 -1 -1 450045 0 15 20 20 22 2 4 2 5
0 0 0 1 1 6 1 3 8 1 2 1 5 7 4 6 1 0 0 450478 0 15 20 20 22 2 4 2 5
0 0 0 1 1 6 1 1 8 1 2 1 5 -1 -1 -1 -1 -1 -1 450944 0 15 20 20 22 2 4 2 5
0 0 0 1 1 1 6 1 8 1 2 1 6 -1 -1 -1 -1 -1 -1 451411 0 15 20 20 22 2 4 2 5
0 0 0 1 1 1 1 6 8 1 2 1 7 -1 -1 -1 -1 -1 -1 451844 0 15 20 20 22 2 4 2 5
0 0 0 1 1 1 1 7 8 1 2 1 7 7 4 8 3 1 1 452311 0 15 20 20 22 2 4 2 5
0 0 0 1 1 1 1 6 8 1 2 1 7 -1 -1 -1 -1 -1 -1 452744 0 15 20 20 22 2 4 2 5
0 0 0 1 1 1 1 6 8 1 2 1 7 -1 -1 -1 -1 -1 -1 453210 0 15 20 20 22 2 4 2 5
0 0 0 1 1 1 1 6 8 1 2 1 7 -1 -1 -1 -1 -1 -1 453677 0 15 20 20 22 2 4 2 5
0 0 0 1 1 1 1 7 8 1 2 1 7 7 4 6 1 1 1 454110 0 15 20 20 22 2 8 0 5
0 0 0 0 1 6 1 0 9 6 1 0 5 -1 -1 -1 -1 -1 -1 460309 0 15 40 16 60 2 8 0 3
0 0 0 0 1 6 1 0 9 6 1 0 5 -1 -1 -1 -1 -1 -1 460475 0 15 40 16 60 2 8 0 3
0 0 0 0 1 6 1 0 9 6 1 0 5 -1 -1 -1 -1 -1 -1 460642 0 15 40 16 60 2 5 2 3
0 0 0 0 1 6 1 0 9 6 1 0 5 -1 -1 -1 -1 -1 -1 460809 0 15 40 16 50.6 2 5 2 3
0 0 0 0 1 6 1 0 9 6 1 0 5 -1 -1 -1 -1 -1 -1 461075 0 15 40 16 25.5333 2 5 2 3
0 0 0 0 1 6 1 0 9 6 1 0 5 -1 -1 -1 -1 -1 -1 461808 0 15 40 16 13 2 5 2 3
0 0 0 0 1 6 1 0 9 6 1 0 5 -1 -1 -1 -1 -1 -1 462575 0 15 40 16 13 2 6 2 3
0 0 0 0 1 1 6 0 9 6 1 0 6 -1 -1 -1 -1 -1 -1 463341 0 15 40 16 13 2 6 2 3
0 0 0 0 1 1 6 0 9 6 1 0 6 -1 -1 -1 -1 -1 -1 464108 0 15 40 16 13 2 6 2 3
0 0 0 0 1 1 6 0 9 6 1 0 6 -1 -1 -1 -1 -1 -1 464874 0 15 40 16 13 2 6 2 3
0 0 0 0 1 1 7 0 9 6 1 0 6 6 5 4 4 1 1 465641 0 15 40 16 13 2 4 2 3
0 0 0 0 1 6 1 0 9 6 1 0 5 -1 -1 -1 -1 -1 -1 466407 0 15 40 16 13 2 4 2 3
0 0 0 0 6 1 1 0 9 6 1 0 4 -1 -1 -1 -1 -1 -1 467174 0 15 40 16 13 2 4 2 3
0 0 0 0 6 1 1 0 9 6 1 0 4 -1 -1 -1 -1 -1 -1 467940 0 15 40 16 13 2 4 2 3
0 0 0 0 7 1 1 0 9 6 1 0 4 4 5 4 4 1 1 468707 0 15 40 16 13 2 4 2 3
0 0 0 0 1 6 1 0 9 6 1 0 5 -1 -1 -1 -1 -1 -1 469373 0 15 40 17 16 2 4 2 3
0 0 0 0 1 1 6 0 9 6 1 0 6 -1 -1 -1 -1 -1 -1 470006 0 15 40 17 16 2 4 2 3
0 0 0 0 1 1 6 0 9 6 1 0 6 -1 -1 -1 -1 -1 -1 470606 0 15 40 17 16 2 4 2 3
0 0 0 0 1 1 7 0 9 6 1 0 6 6 5 4 4 1 1 471239 0 15 40 17 16 2 4 2 3
0 0 0 0 1 1 6 0 9 6 1 0 6 -1 -1 -1 -1 -1 -1 471873 0 15 40 17 16 2 4 2 3
0 0 0 0 1 1 6 0 9 6 1 0 6 -1 -1 -1 -1 -1 -1 472506 0 15 40 17 16 2 4 2 3
0 0 0 0 1 1 6 0 9 6 1 0 6 -1 -1 -1 -1 -1 -1 473106 0 15 40 17 16 2 4 2 3
0 0 0 0 1 1 7 0 9 6 1 0 6 6 5 4 4 1 1 473739 0 15 40 17 16 2 5 2 3
0 0 0 0 1 1 6 0 9 6 1 0 6 -1 -1 -1 -1 -1 -1 474272 0 15 40 18 19 2 5 2 3
0 0 0 0 1 1 6 0 9 6 1 0 6 -1 -1 -1 -1 -1 -1 474805 0 15 40 18 19 2 5 2 3
0 0 0 0 1 1 6 0 9 6 1 0 6 -1 -1 -1 -1 -1 -1 475338 0 15 40 18 19 2 5 2 3
0 0 0 0 1 1 7 0 9 6 1 0 6 6 5 4 4 1 1 475872 0 15 40 18 19 2 6 2 3
0 0 0 0 1 1 6 0 9 6 1 0 6 -1 -1 -1 -1 -1 -1 476371 0 15 40 18 19 2 6 2 3
0 0 0 0 1 6 1 0 9 6 1 0 5 -1 -1 -1 -1 -1 -1 476905 0 15 40 18 19 2 6 2 3
0 0 0 0 1 6 1 0 9 6 1 0 5 -1 -1 -1 -1 -1 -1 477438 0 15 40 18 19 2 6 2 3
0 0 0 1 1 7 1 1 9 6 1 0 5 5 5 4 4 1 1 477971 0 15 40 18 19 2 8 0 5
0 0 0 1 1 6 1 1 9 6 1 1 5 -1 -1 -1 -1 -1 -1 478438 0 15 40 19 21 2 8 0 5
0 0 0 1 6 1 1 1 9 6 1 1 4 -1 -1 -1 -1 -1 -1 478937 0 15 40 19 21 2 8 0 5
0 0 0 1 6 1 1 1 9 6 1 1 4 -1 -1 -1 -1 -1 -1 479404 0 15 40 19 21 2 8 0 5
0 0 0 1 7 1 1 1 9 6 1 1 4 4 5 4 4 1 1 479871 0 15 40 19 21 2 5 2 5
0 0 0 1 6 1 1 1 9 6 1 1 4 -1 -1 -1 -1 -1 -1 480337 0 15 40 19 21 2 5 2 5
0 0 0 1 6 1 1 1 9 6 1 1 4 -1 -1 -1 -1 -1 -1 480837 0 15 40 19 21 2 5 2 5
0 0 0 1 6 1 1 1 9 6 1 1 4 -1 -1 -1 -1 -1 -1 481304 0 15 40 19 21 2 5 2 5
0 0 0 1 7 1 1 1 9 6 1 1 4 4 5 4 4 1 1 481770 0 15 40 19 21 2 6 2 5
0 0 0 1 6 1 1 1 9 6 1 1 4 -1 -1 -1 -1 -1 -1 482237 0 15 40 20 22 2 6 2 5
0 0 0 1 1 6 1 1 9 6 1 1 5 -1 -1 -1 -1 -1 -1 482703 0 15 40 20 22 2 6 2 5
0 0 0 1 1 6 1 1 9 6 1 1 5 -1 -1 -1 -1 -1 -1 483136 0 15 40 20 22 2 6 2 5
0 0 0 1 1 7 1 1 9 6 1 1 5 5 5 4 4 1 1 483603 0 15 40 20 22 2 4 2 5
0 0 0 1 1 6 1 1 9 6 1 1 5 -1 -1 -1 -1 -1 -1 484070 0 15 40 20 22 2 4 2 5
0 0 0 1 6 1 1 1 9 6 1 1 4 -1 -1 -1 -1 -1 -1 484503 0 15 40 20 22 2 4 2 5
0 0 0 6 1 1 1 1 9 6 1 1 3 -1 -1 -1 -1 -1 -1 484969 0 15 40 20 22 2 4 2 5
0 0 0 7 1 1 1 1 9 6 1 1 3 3 5 4 4 1 1 485403 0 15 40 20 22 2 4 2 5
0 0 0 6 1 1 1 1 9 6 1 1 3 -1 -1 -1 -1 -1 -1 485869 0 15 40 21 23 2 4 2 5
0 0 0 1 6 1 1 1 9 6 1 1 4 -1 -1 -1 -1 -1 -1 486302 0 15 40 21 23 2 4 2 5
0 0 0 1 6 1 1 1 9 6 1 1 4 -1 -1 -1 -1 -1 -1 486736 0 15 40 21 23 2 4 2 5
0 0 0 1 7 1 1 1 9 6 1 1 4 4 5 4 4 1 1 487169 0 15 40 21 23 2 4 2 5
0 0 0 1 6 1 1 1 9 6 1 1 4 -1 -1 -1 -1 -1 -1 487602 0 15 40 21 23 2 4 2 5
0 0 0 1 6 1 1 1 9 6 1 1 4 -1 -1 -1 -1 -1 -1 488035 0 15 40 21 23 2 4 2 5
0 0 0 1 6 1 1 1 9 6 1 1 4 -1 -1 -1 -1 -1 -1 488468 0 15 40 21 23 2 4 2 5
0 0 0 1 7 1 1 1 9 6 1 1 4 4 5 4 4 1 1 488902 0 15 40 21 23 2 5 2 5
0 0 0 1 6 1 1 1 9 6 1 1 4 -1 -1 -1 -1 -1 -1 489302 0 15 40 22 24 2 5 2 5
0 0 0 1 1 6 1 1 9 6 1 1 5 -1 -1 -1 -1 -1 -1 489735 0 15 40 22 24 2 5 2 5
0 0 0 1 1 6 1 1 9 6 1 1 5 -1 -1 -1 -1 -1 -1 490135 0 15 40 22 24 2 5 2 5
0 0 0 1 1 7 1 1 9 6 1 1 5 5 5 4 4 1 1 490568 0 15 40 22 24 2 6 2 5
0 0 0 1 1 6 1 1 9 6 1 1 5 -1 -1 -1 -1 -1 -1 490968 0 15 40 22 24 2 6 2 5
0 0 0 1 6 1 1 1 9 6 1 1 4 -1 -1 -1 -1 -1 -1 491401 0 15 40 22 24 2 6 2 5
0 0 0 6 1 1 1 1 9 6 1 1 3 -1 -1 -1 -1 -1 -1 491801 0 15 40 22 24 2 6 2 5
0 0 0 7 1 1 1 1 9 6 1 1 3 3 5 4 4 1 1 492234 0 15 40 22 24 2 8 0 5
0 0 0 6 1 1 1 1 9 6 1 2 3 -1 -1 -1 -1 -1 -1 492634 0 15 40 23 25 2 8 0 5
0 0 0 1 6 1 1 1 9 6 1 2 4 -1 -1 -1 -1 -1 -1 493034 0 15 40 23 25 2 8 0 5
0 0 0 1 6 1 1 1 9 6 1 2 4 -1 -1 -1 -1 -1 -1 493434 0 15 40 23 25 2 8 0 5
0 0 0 1 7 1 1 1 9 6 1 2 4 4 5 4 4 1 1 493834 0 15 40 23 25 2 5 2 5
0 0 0 1 6 1 1 1 9 6 1 2 4 -1 -1 -1 -1 -1 -1 494234 0 15 40 23 25 2 5 2 5
0 0 0 6 1 1 1 4 9 6 1 2 3 -1 -1 -1 -1 -1 -1 494634 1 15 40 23 25 2 5 2 5
0 0 0 6 1 1 1 1 9 6 1 2 3 -1 -1 -1 -1 -1 -1 495034 0 15 40 23 25 2 5 2 5
0 0 0 7 1 1 1 1 9 6 1 2 3 3 5 4 4 1 1 495433 0 15 40 23 25 2 6 2 5
0 0 0 6 1 1 1 1 9 6 1 2 3 -1 -1 -1 -1 -1 -1 495833 0 15 40 24 25.5 2 6 2 5
0 0 0 6 1 1 4 1 9 6 1 2 3 -1 -1 -1 -1 -1 -1 496233 1 15 40 24 25.5 2 6 2 5
0 0 0 1 6 1 1 1 9 6 1 2 4 -1 -1 -1 -1 -1 -1 496600 0 15 40 24 25.5 2 6 2 5
0 0 0 1 7 1 1 1 9 6 1 2 4 4 5 4 4 1 1 497000 0 15 40 24 25.5 2 4 2 5
0 0 0 1 1 6 1 1 9 6 1 2 5 -1 -1 -1 -1 -1 -1 497400 0 15 40 24 25.5 2 4 2 5
0 0 0 1 4 6 1 1 9 6 1 2 5 -1 -1 -1 -1 -1 -1 497800 1 15 40 24 25.5 2 4 2 5
0 0 0 1 1 6 1 1 9 6 1 2 5 -1 -1 -1 -1 -1 -1 498166 0 15 40 24 25.5 2 4 2 5
0 0 0 1 1 7 1 1 9 6 1 2 5 5 5 4 4 1 1 498566 0 15 40 24 25.5 2 4 2 5
0 0 0 1 1 6 1 1 9 6 1 2 5 -1 -1 -1 -1 -1 -1 498966 0 15 40 25 26 2 4 2 5
0 0 0 4 6 1 1 1 9 6 1 2 4 -1 -1 -1 -1 -1 -1 499332 1 15 40 25 26 2 4 2 5
0 0 0 1 6 1 1 1 9 6 1 2 4 -1 -1 -1 -1 -1 -1 499732 0 15 40 25 26 2 4 2 5
0 0 0 1 7 1 1 1 9 6 1 2 4 4 5 4 4 1 1 500099 0 15 40 25 26 2 4 2 5
0 0 0 1 1 6 1 1 9 6 1 2 5 -1 -1 -1 -1 -1 -1 500499 0 15 40 25 26 2 4 2 5
0 0 0 1 4 1 6 1 9 6 1 2 6 -1 -1 -1 -1 -1 -1 500865 1 15 40 25 26 2 4 2 5
0 0 0 1 1 1 6 1 9 6 1 2 6 -1 -1 -1 -1 -1 -1 501265 0 15 40 25 26 2 4 2 5
0 0 0 1 1 1 7 1 9 6 1 2 6 6 5 4 4 1 1 501632 0 15 40 25 26 2 5 2 5
0 0 0 1 1 6 1 1 9 6 1 2 5 -1 -1 -1 -1 -1 -1 502032 0 15 40 26 26.5 2 5 2 5
0 0 0 1 1 6 4 1 9 6 1 2 5 -1 -1 -1 -1 -1 -1 502398 1 15 40 26 26.5 2 5 2 5
0 0 0 1 1 6 1 1 9 6 1 2 5 -1 -1 -1 -1 -1 -1 502765 0 15 40 26 26.5 2 5 2 5
0 0 0 1 1 7 1 1 9 6 1 2 5 5 5 4 4 1 1 503165 0 15 40 26 26.5 2 6 2 5
0 0 0 1 1 1 6 1 9 6 1 2 6 -1 -1 -1 -1 -1 -1 503531 0 15 40 26 26.5 2 6 2 5
0 0 0 1 1 4 1 6 9 6 1 2 7 -1 -1 -1 -1 -1 -1 503898 1 15 40 26 26.5 2 6 2 5
0 0 0 1 1 1 1 6 9 6 1 2 7 -1 -1 -1 -1 -1 -1 504298 0 15 40 26 26.5 2 6 2 5
0 0 0 1 1 1 1 7 9 6 1 2 7 7 5 4 4 1 1 504665 0 15 40 26 26.5 2 8 0 5
0 0 0 1 1 1 6 1 9 6 1 2 6 -1 -1 -1 -1 -1 -1 505031 0 15 40 27 27 2 8 0 5
0 0 0 1 4 1 6 1 9 6 1 2 6 -1 -1 -1 -1 -1 -1 505398 1 15 40 27 27 2 8 0 5
0 0 0 1 1 1 6 1 9 6 1 2 6 -1 -1 -1 -1 -1 -1 505764 0 15 40 27 27 2 8 0 5
0 0 0 1 1 1 7 1 9 6 1 2 6 6 5 4 4 1 1 506131 0 15 40 27 27 2 5 2 5
0 0 0 1 1 6 1 1 9 6 1 2 5 -1 -1 -1 -1 -1 -1 506531 0 15 40 27 27 2 5 2 5
0 0 0 1 6 1 1 4 9 6 1 2 4 -1 -1 -1 -1 -1 -1 506897 1 15 40 27 27 2 5 2 5
0 0 0 1 6 1 1 1 9 6 1 2 4 -1 -1 -1 -1 -1 -1 507264 0 15 40 27 27 2 5 2 5
0 0 0 1 7 1 1 1 9 6 1 2 4 4 5 4 4 1 1 507630 0 15 40 27 27 2 6 2 5
0 0 0 1 1 6 1 1 10 0 2 1 5 -1 -1 -1 -1 -1 -1 514429 0 15 20 20 60 2 8 0 5
0 0 0 1 1 6 1 1 10 0 2 1 5 -1 -1 -1 -1 -1 -1 514595 0 15 20 20 60 2 8 0 5
0 0 0 1 1 6 1 1 10 0 2 1 5 -1 -1 -1 -1 -1 -1 514762 0 15 20 20 60 2 4 2 5
0 0 0 1 1 6 1 1 10 0 2 1 5 -1 -1 -1 -1 -1 -1 514929 0 15 20 20 52.4 2 4 2 5
0 0 0 1 1 6 1 1 10 0 2 1 5 -1 -1 -1 -1 -1 -1 515162 0 15 20 20 34.6666 2 4 2 5
0 0 0 1 1 6 1 1 10 0 2 1 5 -1 -1 -1 -1 -1 -1 515562 0 15 20 20 22 2 4 2 5
0 0 0 1 1 6 1 1 10 0 2 1 5 -1 -1 -1 -1 -1 -1 516028 0 15 20 20 22 2 4 2 5
0 0 0 1 1 6 1 1 10 0 2 1 5 -1 -1 -1 -1 -1 -1 516495 0 15 20 20 22 2 4 2 5
0 0 0 1 1 6 1 1 10 0 2 1 5 -1 -1 -1 -1 -1 -1 516928 0 15 20 20 22 2 4 2 5
0 0 0 1 1 6 1 1 10 0 2 1 5 -1 -1 -1 -1 -1 -1 517395 0 15 20 20 22 2 4 2 5
0 0 0 1 1 6 1 3 10 0 2 1 5 7 1 4 2 0 0 517861 0 15 20 20 22 2 5 2 5
0 0 0 1 1 6 1 1 10 0 2 1 5 -1 -1 -1 -1 -1 -1 518295 0 15 20 20 22 2 5 2 5
0 0 0 1 1 6 1 1 10 0 2 1 5 -1 -1 -1 -1 -1 -1 518761 0 15 20 20 22 2 5 2 5
0 0 0 1 1 6 1 1 10 0 2 1 5 -1 -1 -1 -1 -1 -1 519228 0 15 20 20 22 2 5 2 5
0 0 0 1 1 6 1 3 10 0 2 1 5 7 3 4 3 0 0 519661 0 15 20 20 22 2 6 2 5
0 0 0 1 1 6 1 1 10 0 2 1 5 -1 -1 -1 -1 -1 -1 520127 0 15 20 20 22 2 6 2 5
0 0 0 1 1 6 1 1 10 0 2 1 5 -1 -1 -1 -1 -1 -1 520561 0 15 20 20 22 2 6 2 5
0 0 0 1 1 6 1 1 10 0 2 1 5 -1 -1 -1 -1 -1 -1 521027 0 15 20 20 22 2 6 2 5
0 0 0 1 1 7 1 1 10 0 2 1 5 5 1 4 2 1 1 521494 0 15 20 20 22 2 4 2 5
0 0 0 1 1 6 1 1 10 0 2 1 5 -1 -1 -1 -1 -1 -1 521927 0 15 20 20 22 2 4 2 5
0 0 0 1 1 6 1 1 10 0 2 1 5 -1 -1 -1 -1 -1 -1 522394 0 15 20 20 22 2 4 2 5
0 0 0 1 1 6 1 1 10 0 2 1 5 -1 -1 -1 -1 -1 -1 522860 0 15 20 20 22 2 4 2 5
0 0 0 1 3 6 1 1 10 0 2 1 5 4 0 4 1 0 0 523293 0 15 20 20 22 2 6 2 5
0 0 0 1 1 6 1 1 10 0 2 1 5 -1 -1 -1 -1 -1 -1 523760 0 15 20 20 22 2 6 2 5
0 0 0 1 1 6 1 1 10 0 2 1 5 -1 -1 -1 -1 -1 -1 524226 0 15 20 20 22 2 6 2 5
0 0 0 1 1 6 1 1 10 0 2 1 5 -1 -1 -1 -1 -1 -1 524660 0 15 20 20 22 2 6 2 5
0 0 0 1 3 6 1 1 10 0 2 1 5 4 2 4 0 0 0 525126 0 15 20 20 22 2 4 2 5
0 0 0 1 1 6 1 1 10 0 2 1 5 -1 -1 -1 -1 -1 -1 525559 0 15 20 20 22 2 4 2 5
0 0 0 1 1 6 1 1 10 0 2 1 5 -1 -1 -1 -1 -1 -1 526026 0 15 20 20 22 2 4 2 5
0 0 0 1 1 6 1 1 10 0 2 1 5 -1 -1 -1 -1 -1 -1 526493 0 15 20 20 22 2 4 2 5
0 0 0 3 1 6 1 1 10 0 2 1 5 3 1 4 2 0 0 526926 0 15 20 20 22 2 8 0 5
0 0 0 1 1 6 1 1 10 0 2 1 5 -1 -1 -1 -1 -1 -1 527392 0 15 20 20 22 2 8 0 5
0 0 0 1 1 6 1 1 10 0 2 1 5 -1 -1 -1 -1 -1 -1 527859 0 15 20 20 22 2 8 0 5
0 0 0 1 1 6 1 1 10 0 2 1 5 -1 -1 -1 -1 -1 -1 528292 0 15 20 20 22 2 8 0 5
0 0 0 1 1 7 1 1 10 0 2 1 5 5 2 4 0 1 1 528759 0 15 20 20 22 2 4 2 5
0 0 0 1 1 6 1 1 10 0 2 1 5 -1 -1 -1 -1 -1 -1 529192 0 15 20 20 22 2 4 2 5
0 0 0 1 1 6 1 1 10 0 2 1 5 -1 -1 -1 -1 -1 -1 529658 0 15 20 20 22 2 4 2 5
0 0 0 1 1 6 1 1 10 0 2 1 5 -1 -1 -1 -1 -1 -1 530125 0 15 20 20 22 2 4 2 5
0 0 0 1 1 6 3 1 10 0 2 1 5 6 0 4 1 0 0 530558 0 15 20 20 22 2 4 2 5
0 0 0 1 1 6 1 1 10 0 2 1 5 -1 -1 -1 -1 -1 -1 531025 0 15 20 20 22 2 4 2 5
0 0 0 1 1 6 1 1 10 0 2 1 5 -1 -1 -1 -1 -1 -1 531491 0 15 20 20 22 2 4 2 5
0 0 0 1 1 6 1 1 10 0 2 1 5 -1 -1 -1 -1 -1 -1 531925 0 15 20 20 22 2 4 2 5
0 0 0 1 3 6 1 1 10 0 2 1 5 4 3 4 3 0 0 532391 0 15 20 20 22 2 5 2 5
0 0 0 1 1 6 1 1 10 0 2 1 5 -1 -1 -1 -1 -1 -1 532858 0 15 20 20 22 2 5 2 5
0 0 0 1 1 6 1 1 10 0 2 1 5 -1 -1 -1 -1 -1 -1 533291 0 15 20 20 22 2 5 2 5
0 0 0 1 1 6 1 1 10 0 2 1 5 -1 -1 -1 -1 -1 -1 533757 0 15 20 20 22 2 5 2 5
0 0 0 1 1 6 3 1 10 0 2 1 5 6 1 4 2 0 0 534191 0 15 20 20 22 2 6 2 5
0 0 0 1 1 6 1 1 10 0 2 1 5 -1 -1 -1 -1 -1 -1 534657 0 15 20 20 22 2 6 2 5
0 0 0 1 1 1 1 6 10 0 2 1 7 -1 -1 -1 -1 -1 -1 535124 0 15 20 20 22 2 6 2 5
0 0 0 1 1 1 1 6 10 0 2 1 7 -1 -1 -1 -1 -1 -1 535557 0 15 20 20 22 2 6 2 5
0 0 0 1 1 1 1 7 10 0 2 1 7 7 3 4 3 1 1 536024 0 15 20 20 22 2 4 2 5
0 0 0 1 1 1 1 6 10 0 2 1 7 -1 -1 -1 -1 -1 -1 536490 0 15 20 20 22 2 4 2 5
0 0 0 1 1 1 6 1 10 0 2 1 6 -1 -1 -1 -1 -1 -1 536923 0 15 20 20 22 2 4 2 5
0 0 0 1 1 6 1 1 10 0 2 1 5 -1 -1 -1 -1 -1 -1 537390 0 15 20 20 22 2 4 2 5
0 0 0 1 1 6 3 1 10 0 2 1 5 6 0 4 1 0 0 537856 0 15 20 20 22 2 6 2 5
0 0 0 1 1 6 1 1 10 0 2 1 5 -1 -1 -1 -1 -1 -1 538290 0 15 20 20 22 2 6 2 5
0 0 0 1 6 1 1 1 10 0 2 1 4 -1 -1 -1 -1 -1 -1 538756 0 15 20 20 22 2 6 2 5
0 0 0 1 6 1 1 1 10 0 2 1 4 -1 -1 -1 -1 -1 -1 539189 0 15 20 20 22 2 6 2 5
0 0 0 1 6 3 1 1 10 0 2 1 4 5 2 4 0 0 0 539656 0 15 20 20 22 2 4 2 5
0 0 0 1 6 1 1 1 10 0 2 1 4 -1 -1 -1 -1 -1 -1 540123 0 15 20 20 22 2 4 2 5
0 0 0 1 1 6 1 1 10 0 2 1 5 -1 -1 -1 -1 -1 -1 540556 0 15 20 20 22 2 4 2 5
0 0 0 1 1 1 6 1 10 0 2 1 6 -1 -1 -1 -1 -1 -1 541022 0 15 20 20 22 2 4 2 5
0 0 0 1 1 3 6 1 10 0 2 1 6 5 3 4 3 0 0 541489 0 15 20 20 22 2 8 0 5
0 0 0 1 1 1 6 1 10 0 2 1 6 -1 -1 -1 -1 -1 -1 541922 0 15 20 20 22 2 8 0 5
0 0 0 1 1 6 1 1 10 0 2 1 5 -1 -1 -1 -1 -1 -1 542389 0 15 20 20 22 2 8 0 5
0 0 0 1 1 6 1 1 10 0 2 1 5 -1 -1 -1 -1 -1 -1 542855 0 15 20 20 22 2 8 0 5
0 0 0 3 1 6 1 1 10 0 2 1 5 3 1 4 2 0 0 543288 0 15 20 20 22 2 4 2 5
0 0 0 1 1 6 1 1 10 0 2 1 5 -1 -1 -1 -1 -1 -1 543755 0 15 20 20 22 2 4 2 5
0 0 0 1 1 6 1 1 10 0 2 1 5 -1 -1 -1 -1 -1 -1 544188 0 15 20 20 22 2 4 2 5
0 0 0 1 1 6 1 1 10 0 2 1 5 -1 -1 -1 -1 -1 -1 544655 0 15 20 20 22 2 4 2 5
0 0 0 3 1 6 1 1 10 0 2 1 5 3 0 4 1 0 0 545121 0 15 20 20 22 2 4 2 5
0 0 0 1 1 6 1 1 10 0 2 1 5 -1 -1 -1 -1 -1 -1 545555 0 15 20 20 22 2 4 2 5
0 0 0 1 6 1 1 1 10 0 2 1 4 -1 -1 -1 -1 -1 -1 546021 0 15 20 20 22 2 4 2 5
0 0 0 6 1 1 1 1 10 0 2 1 3 -1 -1 -1 -1 -1 -1 546488 0 15 20 20 22 2 4 2 5
0 0 0 7 1 1 1 1 10 0 2 1 3 3 1 4 2 1 1 546921 0 15 20 20 22 2 5 2 5
0 0 0 6 1 1 1 1 10 0 2 1 3 -1 -1 -1 -1 -1 -1 547387 0 15 20 20 22 2 5 2 5
0 0 0 1 6 1 1 1 10 0 2 1 4 -1 -1 -1 -1 -1 -1 547821 0 15 20 20 22 2 5 2 5
0 0 0 1 6 1 1 1 10 0 2 1 4 -1 -1 -1 -1 -1 -1 548287 0 15 20 20 22 2 5 2 5
0 0 0 1 7 1 1 1 10 0 2 1 4 4 0 4 1 1 1 548754 0 15 20 20 22 2 6 2 5
0 0 0 1 6 1 1 1 10 0 2 1 4 -1 -1 -1 -1 -1 -1 549187 0 15 20 20 22 2 6 2 5
0 0 0 1 1 6 1 1 10 0 2 1 5 -1 -1 -1 -1 -1 -1 549654 0 15 20 20 22 2 6 2 5
0 0 0 1 1 6 1 1 10 0 2 1 5 -1 -1 -1 -1 -1 -1 550120 0 15 20 20 22 2 6 2 5
0 0 0 1 1 6 3 1 10 0 2 1 5 6 3 4 3 0 0 550553 0 15 20 20 22 2 4 2 5
0 0 0 1 1 6 1 1 10 0 2 1 5 -1 -1 -1 -1 -1 -1 551020 0 15 20 20 22 2 4 2 5
0 0 0 1 1 6 1 1 10 0 2 1 5 -1 -1 -1 -1 -1 -1 551486 0 15 20 20 22 2 4 2 5
0 0 0 1 1 6 1 1 10 0 2 1 5 -1 -1 -1 -1 -1 -1 551920 0 15 20 20 22 2 4 2 5
0 0 0 1 1 6 1 3 10 0 2 1 5 7 2 4 0 0 0 552386 0 15 20 20 22 2 6 2 5
0 0 0 1 1 6 1 1 10 0 2 1 5 -1 -1 -1 -1 -1 -1 552819 0 15 20 20 22 2 6 2 5
0 0 0 1 1 1 6 1 10 0 2 1 6 -1 -1 -1 -1 -1 -1 553286 0 15 20 20 22 2 6 2 5
0 0 0 1 1 1 6 1 10 0 2 1 6 -1 -1 -1 -1 -1 -1 553753 0 15 20 20 22 2 6 2 5
0 0 0 1 1 1 7 1 10 0 2 1 6 6 3 4 3 1 1 554186 0 15 20 20 22 2 4 2 5
0 0 0 1 1 1 6 1 10 0 2 1 6 -1 -1 -1 -1 -1 -1 554652 0 15 20 20 22 2 4 2 5
0 0 0 1 1 1 6 1 10 0 2 1 6 -1 -1 -1 -1 -1 -1 555119 0 15 20 20 22 2 4 2 5
0 0 0 1 1 1 6 1 10 0 2 1 6 -1 -1 -1 -1 -1 -1 555552 0 15 20 20 22 2 4 2 5
0 0 0 1 1 3 6 1 10 0 2 1 6 5 0 4 1 0 0 556019 0 15 20 20 22 2 8 0 5
0 0 0 1 1 1 6 1 10 0 2 1 6 -1 -1 -1 -1 -1 -1 556485 0 15 20 20 22 2 8 0 5
0 0 0 1 1 6 1 1 10 0 2 1 5 -1 -1 -1 -1 -1 -1 556918 0 15 20 20 22 2 8 0 5
0 0 0 1 1 6 1 1 10 0 2 1 5 -1 -1 -1 -1 -1 -1 557385 0 15 20 20 22 2 8 0 5
0 0 0 1 1 7 1 1 10 0 2 1 5 5 3 4 3 1 1 557818 0 15 20 20 22 2 4 2 5
0 0 0 1 1 6 1 1 10 0 2 1 5 -1 -1 -1 -1 -1 -1 558285 0 15 20 20 22 2 4 2 5
0 0 0 1 1 6 1 1 10 0 2 1 5 -1 -1 -1 -1 -1 -1 558751 0 15 20 20 22 2 4 2 5
0 0 0 1 1 6 1 1 10 0 2 1 5 -1 -1 -1 -1 -1 -1 559185 0 15 20 20 22 2 4 2 5
0 0 0 3 1 6 1 1 10 0 2 1 5 3 2 4 0 0 0 559651 0 15 20 20 22 2 4 2 5
0 0 0 1 1 6 1 1 10 0 2 1 5 -1 -1 -1 -1 -1 -1 560118 0 15 20 20 22 2 4 2 5
0 0 0 1 6 1 1 1 10 0 2 1 4 -1 -1 -1 -1 -1 -1 560551 0 15 20 20 22 2 4 2 5
0 0 0 1 6 1 1 1 10 0 2 1 4 -1 -1 -1 -1 -1 -1 561017 0 15 20 20 22 2 4 2 5
0 0 0 1 6 3 1 1 10 0 2 1 4 5 0 4 1 0 0 561451 0 15 20 20 22 2 5 2 5
0 0 0 1 6 1 1 1 10 0 2 1 4 -1 -1 -1 -1 -1 -1 561917 0 15 20 20 22 2 5 2 5
0 0 0 1 1 1 6 1 10 0 2 1 6 -1 -1 -1 -1 -1 -1 562384 0 15 20 20 22 2 5 2 5
0 0 0 1 1 1 6 1 10 0 2 1 6 -1 -1 -1 -1 -1 -1 562817 0 15 20 20 22 2 5 2 5
0 0 0 1 1 3 6 1 10 0 2 1 6 5 1 4 2 0 0 563284 0 15 20 20 22 2 6 2 5
0 0 0 1 1 1 6 1 10 0 2 1 6 -1 -1 -1 -1 -1 -1 563750 0 15 20 20 22 2 6 2 5
0 0 0 1 1 6 1 1 10 0 2 1 5 -1 -1 -1 -1 -1 -1 564183 0 15 20 20 22 2 6 2 5
0 0 0 1 1 1 1 6 10 0 2 1 7 -1 -1 -1 -1 -1 -1 564650 0 15 20 20 22 2 6 2 5
0 0 0 1 1 1 1 7 10 0 2 1 7 7 0 4 1 1 1 565116 0 15 20 20 22 2 4 2 5
0 0 0 1 1 6 1 1 10 0 2 1 5 -1 -1 -1 -1 -1 -1 514429 0 15 20 20 60 2 8 0 5
0 0 0 1 1 6 1 1 10 0 2 1 5 -1 -1 -1 -1 -1 -1 514595 0 15 20 20 60 2 8 0 5
0 0 0 1 1 6 1 1 10 0 2 1 5 -1 -1 -1 -1 -1 -1 514762 0 15 20 20 60 2 4 2 5
0 0 0 1 1 6 1 1 10 0 2 1 5 -1 -1 -1 -1 -1 -1 514929 0 15 20 20 52.4 2 4 2 5
0 0 0 1 1 6 1 1 10 0 2 1 5 -1 -1 -1 -1 -1 -1 515162 0 15 20 20 34.6666 2 4 2 5
0 0 0 1 1 6 1 1 10 0 2 1 5 -1 -1 -1 -1 -1 -1 515562 0 15 20 20 22 2 4 2 5
0 0 0 1 1 6 1 1 10 0 2 1 5 -1 -1 -1 -1 -1 -1 516028 0 15 20 20 22 2 4 2 5
0 0 0 1 1 6 1 1 10 0 2 1 5 -1 -1 -1 -1 -1 -1 516495 0 15 20 20 22 2 4 2 5
0 0 0 1 1 6 1 1 10 0 2 1 5 -1 -1 -1 -1 -1 -1 516928 0 15 20 20 22 2 4 2 5
0 0 0 1 1 6 1 1 10 0 2 1 5 -1 -1 -1 -1 -1 -1 517395 0 15 20 20 22 2 4 2 5
0 0 0 1 1 6 1 3 10 0 2 1 5 7 1 4 2 0 0 517861 0 15 20 20 22 2 5 2 5
0 0 0 1 1 6 1 1 10 0 2 1 5 -1 -1 -1 -1 -1 -1 518295 0 15 20 20 22 2 5 2 5
0 0 0 1 1 6 1 1 10 0 2 1 5 -1 -1 -1 -1 -1 -1 518761 0 15 20 20 22 2 5 2 5
0 0 0 1 1 6 1 1 10 0 2 1 5 -1 -1 -1 -1 -1 -1 519228 0 15 20 20 22 2 5 2 5
0 0 0 1 1 6 1 3 10 0 2 1 5 7 3 4 3 0 0 519661 0 15 20 20 22 2 6 2 5
0 0 0 1 1 6 1 1 10 0 2 1 5 -1 -1 -1 -1 -1 -1 520127 0 15 20 20 22 2 6 2 5
0 0 0 1 1 6 1 1 10 0 2 1 5 -1 -1 -1 -1 -1 -1 520561 0 15 20 20 22 2 6 2 5
0 0 0 1 1 6 1 1 10 0 2 1 5 -1 -1 -1 -1 -1 -1 521027 0 15 20 20 22 2 6 2 5
0 0 0 1 1 7 1 1 10 0 2 1 5 5 1 4 2 1 1 521494 0 15 20 20 22 2 4 2 5
0 0 0 1 1 6 1 1 10 0 2 1 5 -1 -1 -1 -1 -1 -1 521927 0 15 20 20 22 2 4 2 5
0 0 0 1 1 6 1 1 10 0 2 1 5 -1 -1 -1 -1 -1 -1 522394 0 15 20 20 22 2 4 2 5
0 0 0 1 1 6 1 1 10 0 2 1 5 -1 -1 -1 -1 -1 -1 522860 0 15 20 20 22 2 4 2 5
0 0 0 1 3 6 1 1 10 0 2 1 5 4 0 4 1 0 0 523293 0 15 20 20 22 2 6 2 5
0 0 0 1 1 6 1 1 10 0 2 1 5 -1 -1 -1 -1 -1 -1 523760 0 15 20 20 22 2 6 2 5
0 0 0 1 1 6 1 1 10 0 2 1 5 -1 -1 -1 -1 -1 -1 524226 0 15 20 20 22 2 6 2 5
0 0 0 1 1 6 1 1 10 0 2 1 5 -1 -1 -1 -1 -1 -1 524660 0 15 20 20 22 2 6 2 5
0 0 0 1 3 6 1 1 10 0 2 1 5 4 2 4 0 0 0 525126 0 15 20 20 22 2 4 2 5
0 0 0 1 1 6 1 1 10 0 2 1 5 -1 -1 -1 -1 -1 -1 525559 0 15 20 20 22 2 4 2 5
0 0 0 1 1 6 1 1 10 0 2 1 5 -1 -1 -1 -1 -1 -1 526026 0 15 20 20 22 2 4 2 5
0 0 0 1 1 6 1 1 10 0 2 1 5 -1 -1 -1 -1 -1 -1 526493 0 15 20 20 22 2 4 2 5
0 0 0 3 1 6 1 1 10 0 2 1 5 3 1 4 2 0 0 526926 0 15 20 20 22 2 8 0 5
0 0 0 1 1 6 1 1 10 0 2 1 5 -1 -1 -1 -1 -1 -1 527392 0 15 20 20 22 2 8 0 5
0 0 0 1 1 6 1 1 10 0 2 1 5 -1 -1 -1 -1 -1 -1 527859 0 15 20 20 22 2 8 0 5
0 0 0 1 1 6 1 1 10 0 2 1 5 -1 -1 -1 -1 -1 -1 528292 0 15 20 20 22 2 8 0 5
0 0 0 1 1 7 1 1 10 0 2 1 5 5 2 4 0 1 1 528759 0 15 20 20 22 2 4 2 5
0 0 0 1 1 6 1 1 10 0 2 1 5 -1 -1 -1 -1 -1 -1 529192 0 15 20 20 22 2 4 2 5
0 0 0 1 1 6 1 1 10 0 2 1 5 -1 -1 -1 -1 -1 -1 529658 0 15 20 20 22 2 4 2 5
0 0 0 1 1 6 1 1 10 0 2 1 5 -1 -1 -1 -1 -1 -1 530125 0 15 20 20 22 2 4 2 5
0 0 0 1 1 6 3 1 10 0 2 1 5 6 0 4 1 0 0 530558 0 15 20 20 22 2 4 2 5
0 0 0 1 1 6 1 1 10 0 2 1 5 -1 -1 -1 -1 -1 -1 531025 0 15 20 20 22 2 4 2 5
0 0 0 1 1 6 1 1 10 0 2 1 5 -1 -1 -1 -1 -1 -1 531491 0 15 20 20 22 2 4 2 5
0 0 0 1 1 6 1 1 10 0 2 1 5 -1 -1 -1 -1 -1 -1 531925 0 15 20 20 22 2 4 2 5
0 0 0 1 3 6 1 1 10 0 2 1 5 4 3 4 3 0 0 532391 0 15 20 20 22 2 5 2 5
0 0 0 1 1 6 1 1 10 0 2 1 5 -1 -1 -1 -1 -1 -1 532858 0 15 20 20 22 2 5 2 5
0 0 0 1 1 6 1 1 10 0 2 1 5 -1 -1 -1 -1 -1 -1 533291 0 15 20 20 22 2 5 2 5
0 0 0 1 1 6 1 1 10 0 2 1 5 -1 -1 -1 -1 -1 -1 533757 0 15 20 20 22 2 5 2 5
0 0 0 1 1 6 3 1 10 0 2 1 5 6 1 4 2 0 0 534191 0 15 20 20 22 2 6 2 5
0 0 0 1 1 6 1 1 10 0 2 1 5 -1 -1 -1 -1 -1 -1 534657 0 15 20 20 22 2 6 2 5
0 0 0 1 1 1 1 6 10 0 2 1 7 -1 -1 -1 -1 -1 -1 535124 0 15 20 20 22 2 6 2 5
0 0 0 1 1 1 1 6 10 0 2 1 7 -1 -1 -1 -1 -1 -1 535557 0 15 20 20 22 2 6 2 5
0 0 0 1 1 1 1 7 10 0 2 1 7 7 3 4 3 1 1 536024 0 15 20 20 22 2 4 2 5
0 0 0 1 1 1 1 6 10 0 2 1 7 -1 -1 -1 -1 -1 -1 536490 0 15 20 20 22 2 4 2 5
0 0 0 1 1 1 6 1 10 0 2 1 6 -1 -1 -1 -1 -1 -1 536923 0 15 20 20 22 2 4 2 5
0 0 0 1 1 6 1 1 10 0 2 1 5 -1 -1 -1 -1 -1 -1 537390 0 15 20 20 22 2 4 2 5
0 0 0 1 1 6 3 1 10 0 2 1 5 6 0 4 1 0 0 537856 0 15 20 20 22 2 6 2 5
0 0 0 1 1 6 1 1 10 0 2 1 5 -1 -1 -1 -1 -1 -1 538290 0 15 20 20 22 2 6 2 5
0 0 0 1 6 1 1 1 10 0 2 1 4 -1 -1 -1 -1 -1 -1 538756 0 15 20 20 22 2 6 2 5
0 0 0 1 6 1 1 1 10 0 2 1 4 -1 -1 -1 -1 -1 -1 539189 0 15 20 20 22 2 6 2 5
0 0 0 1 6 3 1 1 10 0 2 1 4 5 2 4 0 0 0 539656 0 15 20 20 22 2 4 2 5
0 0 0 1 6 1 1 1 10 0 2 1 4 -1 -1 -1 -1 -1 -1 540123 0 15 20 20 22 2 4 2 5
0 0 0 1 1 6 1 1 10 0 2 1 5 -1 -1 -1 -1 -1 -1 540556 0 15 20 20 22 2 4 2 5
0 0 0 1 1 1 6 1 10 0 2 1 6 -1 -1 -1 -1 -1 -1 541022 0 15 20 20 22 2 4 2 5
0 0 0 1 1 3 6 1 10 0 2 1 6 5 3 4 3 0 0 541489 0 15 20 20 22 2 8 0 5
0 0 0 1 1 1 6 1 10 0 2 1 6 -1 -1 -1 -1 -1 -1 541922 0 15 20 20 22 2 8 0 5
0 0 0 1 1 6 1 1 10 0 2 1 5 -1 -1 -1 -1 -1 -1 542389 0 15 20 20 22 2 8 0 5
0 0 0 1 1 6 1 1 10 0 2 1 5 -1 -1 -1 -1 -1 -1 542855 0 15 20 20 22 2 8 0 5
0 0 0 3 1 6 1 1 10 0 2 1 5 3 1 4 2 0 0 543288 0 15 20 20 22 2 4 2 5
0 0 0 1 1 6 1 1 10 0 2 1 5 -1 -1 -1 -1 -1 -1 543755 0 15 20 20 22 2 4 2 5
0 0 0 1 1 6 1 1 10 0 2 1 5 -1 -1 -1 -1 -1 -1 544188 0 15 20 20 22 2 4 2 5
0 0 0 1 1 6 1 1 10 0 2 1 5 -1 -1 -1 -1 -1 -1 544655 0 15 20 20 22 2 4 2 5
0 0 0 3 1 6 1 1 10 0 2 1 5 3 0 4 1 0 0 545121 0 15 20 20 22 2 4 2 5
0 0 0 1 1 6 1 1 10 0 2 1 5 -1 -1 -1 -1 -1 -1 545555 0 15 20 20 22 2 4 2 5
0 0 0 1 6 1 1 1 10 0 2 1 4 -1 -1 -1 -1 -1 -1 546021 0 15 20 20 22 2 4 2 5
0 0 0 6 1 1 1 1 10 0 2 1 3 -1 -1 -1 -1 -1 -1 546488 0 15 20 20 22 2 4 2 5
0 0 0 7 1 1 1 1 10 0 2 1 3 3 1 4 2 1 1 546921 0 15 20 20 22 2 5 2 5
0 0 0 6 1 1 1 1 10 0 2 1 3 -1 -1 -1 -1 -1 -1 547387 0 15 20 20 22 2 5 2 5
0 0 0 1 6 1 1 1 10 0 2 1 4 -1 -1 -1 -1 -1 -1 547821 0 15 20 20 22 2 5 2 5
0 0 0 1 6 1 1 1 10 0 2 1 4 -1 -1 -1 -1 -1 -1 548287 0 15 20 20 22 2 5 2 5
0 0 0 1 7 1 1 1 10 0 2 1 4 4 0 4 1 1 1 548754 0 15 20 20 22 2 6 2 5
0 0 0 1 6 1 1 1 10 0 2 1 4 -1 -1 -1 -1 -1 -1 549187 0 15 20 20 22 2 6 2 5
0 0 0 1 1 6 1 1 10 0 2 1 5 -1 -1 -1 -1 -1 -1 549654 0 15 20 20 22 2 6 2 5
0 0 0 1 1 6 1 1 10 0 2 1 5 -1 -1 -1 -1 -1 -1 550120 0 15 20 20 22 2 6 2 5
0 0 0 1 1 6 3 1 10 0 2 1 5 6 3 4 3 0 0 550553 0 15 20 20 22 2 4 2 5
0 0 0 1 1 6 1 1 10 0 2 1 5 -1 -1 -1 -1 -1 -1 551020 0 15 20 20 22 2 4 2 5
0 0 0 1 1 6 1 1 10 0 2 1 5 -1 -1 -1 -1 -1 -1 551486 0 15 20 20 22 2 4 2 5
0 0 0 1 1 6 1 1 10 0 2 1 5 -1 -1 -1 -1 -1 -1 551920 0 15 20 20 22 2 4 2 5
0 0 0 1 1 6 1 3 10 0 2 1 5 7 2 4 0 0 0 552386 0 15 20 20 22 2 6 2 5
0 0 0 1 1 6 1 1 10 0 2 1 5 -1 -1 -1 -1 -1 -1 552819 0 15 20 20 22 2 6 2 5
0 0 0 1 1 1 6 1 10 0 2 1 6 -1 -1 -1 -1 -1 -1 553286 0 15 20 20 22 2 6 2 5
0 0 0 1 1 1 6 1 10 0 2 1 6 -1 -1 -1 -1 -1 -1 553753 0 15 20 20 22 2 6 2 5
0 0 0 1 1 1 7 1 10 0 2 1 6 6 3 4 3 1 1 554186 0 15 20 20 22 2 4 2 5
0 0 0 1 1 1 6 1 10 0 2 1 6 -1 -1 -1 -1 -1 -1 554652 0 15 20 20 22 2 4 2 5
0 0 0 1 1 1 6 1 10 0 2 1 6 -1 -1 -1 -1 -1 -1 555119 0 15 20 20 22 2 4 2 5
0 0 0 1 1 1 6 1 10 0 2 1 6 -1 -1 -1 -1 -1 -1 555552 0 15 20 20 22 2 4 2 5
0 0 0 1 1 3 6 1 10 0 2 1 6 5 0 4 1 0 0 556019 0 15 20 20 22 2 8 0 5
0 0 0 1 1 1 6 1 10 0 2 1 6 -1 -1 -1 -1 -1 -1 556485 0 15 20 20 22 2 8 0 5
0 0 0 1 1 6 1 1 10 0 2 1 5 -1 -1 -1 -1 -1 -1 556918 0 15 20 20 22 2 8 0 5
0 0 0 1 1 6 1 1 10 0 2 1 5 -1 -1 -1 -1 -1 -1 557385 0 15 20 20 22 2 8 0 5
0 0 0 1 1 7 1 1 10 0 2 1 5 5 3 4 3 1 1 557818 0 15 20 20 22 2 4 2 5
0 0 0 1 1 6 1 1 10 0 2 1 5 -1 -1 -1 -1 -1 -1 558285 0 15 20 20 22 2 4 2 5
0 0 0 1 1 6 1 1 10 0 2 1 5 -1 -1 -1 -1 -1 -1 558751 0 15 20 20 22 2 4 2 5
0 0 0 1 1 6 1 1 10 0 2 1 5 -1 -1 -1 -1 -1 -1 559185 0 15 20 20 22 2 4 2 5
0 0 0 3 1 6 1 1 10 0 2 1 5 3 2 4 0 0 0 559651 0 15 20 20 22 2 4 2 5
0 0 0 1 1 6 1 1 10 0 2 1 5 -1 -1 -1 -1 -1 -1 560118 0 15 20 20 22 2 4 2 5
0 0 0 1 6 1 1 1 10 0 2 1 4 -1 -1 -1 -1 -1 -1 560551 0 15 20 20 22 2 4 2 5
0 0 0 1 6 1 1 1 10 0 2 1 4 -1 -1 -1 -1 -1 -1 561017 0 15 20 20 22 2 4 2 5
0 0 0 1 6 3 1 1 10 0 2 1 4 5 0 4 1 0 0 561451 0 15 20 20 22 2 5 2 5
0 0 0 1 6 1 1 1 10 0 2 1 4 -1 -1 -1 -1 -1 -1 561917 0 15 20 20 22 2 5 2 5
0 0 0 1 1 1 6 1 10 0 2 1 6 -1 -1 -1 -1 -1 -1 562384 0 15 20 20 22 2 5 2 5
0 0 0 1 1 1 6 1 10 0 2 1 6 -1 -1 -1 -1 -1 -1 562817 0 15 20 20 22 2 5 2 5
0 0 0 1 1 3 6 1 10 0 2 1 6 5 1 4 2 0 0 563284 0 15 20 20 22 2 6 2 5
0 0 0 1 1 1 6 1 10 0 2 1 6 -1 -1 -1 -1 -1 -1 563750 0 15 20 20 22 2 6 2 5
0 0 0 1 1 6 1 1 10 0 2 1 5 -1 -1 -1 -1 -1 -1 564183 0 15 20 20 22 2 6 2 5
0 0 0 1 1 1 1 6 10 0 2 1 7 -1 -1 -1 -1 -1 -1 564650 0 15 20 20 22 2 6 2 5
0 0 0 1 1 1 1 7 10 0 2 1 7 7 0 4 1 1 1 565116 0 15 20 20 22 2 4 2 5
