% Tunnel Log: 
% debug seed: 1462406498
%
% SegEncNW { '0'=no panel, '1'=panel, '4'=obstacle, '5'=collided obstacle, '6'=player, '7'=player right, '8'=player wrong, '2'=target, '3'=fake }
% SegEncN
% SegEncNE
% SegEncE
% SegEncSE
% SegEncS
% SegEncSW
% SegEncW
% Event Number { 0, inf }
% Task Type { 0=Color/Sound, 1=Shape/Sound, 2=Sound, 3=Navigation, 4=Speed, 5=Training 6=Recess, 7=Special 2-Back }
% N-Back { 0, inf }
% Navigation Level { 0, inf }
% Player Loc { 0=Northwest ... 7=West }
% Pod Loc { -1=N/A, 0=Northwest ... 7=West }
% Pod Color { -1, inf }
% Pod Shape { -1, inf }
% Pod Sound { -1, inf }
% Pod Match { -1=N/A, 0=No, 1=Yes }
% Pod Taken { -1=N/A, 0=No, 1=Yes }
% Timestamp (ms)
% Num Obstacles { 0, inf }
% Min Speed { 0, inf }
% Max Speed { 0, inf }
% Base Speed { 0, inf }
% Final Speed { 0, inf }
% Navigation Score { 0, inf }
% Segment Direction { 0=Northwest ... 7=West }
% Segment Angle { 0, inf }
% Segment Panels { 0, inf }
%
% SegEncNW SecEncN SegEncNE SegEncE SegEncSE SegEncS SegEncSW SegEncW EventNumber TaskType N-Back Navigation PlayerLoc PodLoc PodColor PodShape PodSound PodMatch PodTaken Timestamp NumObs MinSpeed MaxSpeed BaseSpeed FinalSpeed NavScore SegmentDir SegmentAngle SegmentPanels
0 0 0 0 1 6 1 0 0 3 1 0 5 -1 -1 -1 -1 -1 -1 13900 0 15 40 15 60 2 8 0 3
0 0 0 0 1 6 1 0 0 3 1 0 5 -1 -1 -1 -1 -1 -1 14000 0 15 40 15 60 2 8 0 3
0 0 0 0 1 6 1 0 0 3 1 0 5 -1 -1 -1 -1 -1 -1 14166 0 15 40 15 60 2 8 0 3
0 0 0 0 1 6 1 0 0 3 1 0 5 -1 -1 -1 -1 -1 -1 14333 0 15 40 15 60 2 4 2 3
0 0 0 0 1 6 1 0 0 3 1 0 5 -1 -1 -1 -1 -1 -1 14500 0 15 40 15 50 2 4 2 3
0 0 0 0 1 6 1 0 0 3 1 0 5 -1 -1 -1 -1 -1 -1 14800 0 15 40 15 20 2 4 2 3
0 0 0 0 1 6 1 0 0 3 1 0 5 -1 -1 -1 -1 -1 -1 15733 0 15 40 15 10 2 4 2 3
0 0 0 0 1 6 1 0 0 3 1 0 5 -1 -1 -1 -1 -1 -1 16733 0 15 40 15 10 2 6 2 3
0 0 0 0 1 6 1 0 0 3 1 0 5 -1 -1 -1 -1 -1 -1 17733 0 15 40 15 10 2 6 2 3
0 0 0 0 1 6 1 0 0 3 1 0 5 -1 -1 -1 -1 -1 -1 18733 0 15 40 15 10 2 6 2 3
0 0 0 0 1 6 1 0 0 3 1 0 5 -1 -1 -1 -1 -1 -1 20766 0 15 40 15 10 2 6 2 3
0 0 0 0 2 8 1 0 0 3 1 0 5 4 5 4 4 1 0 21766 0 15 40 15 10 2 6 2 3
0 0 0 0 1 6 1 0 0 3 1 0 5 -1 -1 -1 -1 -1 -1 22766 0 15 40 15 10 2 6 2 3
0 0 0 0 1 6 1 0 0 3 1 0 5 -1 -1 -1 -1 -1 -1 23766 0 15 40 15 10 2 6 2 3
0 0 0 0 1 6 1 0 0 3 1 0 5 -1 -1 -1 -1 -1 -1 24766 0 15 40 15 10 2 6 2 3
0 0 0 0 1 7 1 0 0 3 1 0 5 5 5 4 4 1 1 25766 0 15 40 15 10 2 5 2 3
0 0 0 0 1 6 1 0 0 3 1 0 5 -1 -1 -1 -1 -1 -1 26766 0 15 40 15 10 2 5 2 3
0 0 0 0 1 1 6 0 0 3 1 0 6 -1 -1 -1 -1 -1 -1 27766 0 15 40 15 10 2 5 2 3
0 0 0 0 1 1 6 0 0 3 1 0 6 -1 -1 -1 -1 -1 -1 28766 0 15 40 15 10 2 5 2 3
0 0 0 0 1 1 7 0 0 3 1 0 6 6 5 4 4 1 1 29766 0 15 40 15 10 2 6 2 3
0 0 0 0 1 6 1 0 0 3 1 0 5 -1 -1 -1 -1 -1 -1 30566 0 15 40 16 13 2 6 2 3
0 0 0 0 6 1 1 0 0 3 1 0 4 -1 -1 -1 -1 -1 -1 31333 0 15 40 16 13 2 6 2 3
0 0 0 0 6 1 1 0 0 3 1 0 4 -1 -1 -1 -1 -1 -1 32133 0 15 40 16 13 2 6 2 3
0 0 0 1 7 1 1 1 0 3 1 0 4 4 5 4 4 1 1 32899 0 15 40 16 13 2 5 2 5
0 0 0 1 1 6 1 1 0 3 1 1 5 -1 -1 -1 -1 -1 -1 33666 0 15 40 16 13 2 5 2 5
0 0 0 1 1 6 1 1 0 3 1 1 5 -1 -1 -1 -1 -1 -1 34433 0 15 40 16 13 2 5 2 5
0 0 0 1 1 6 1 1 0 3 1 1 5 -1 -1 -1 -1 -1 -1 35199 0 15 40 16 13 2 5 2 5
0 0 0 1 1 7 1 1 0 3 1 1 5 5 5 4 4 1 1 35966 0 15 40 16 13 2 6 2 5
0 0 0 1 1 1 6 1 0 3 1 1 6 -1 -1 -1 -1 -1 -1 36599 0 15 40 17 16 2 6 2 5
0 0 0 1 1 1 1 6 0 3 1 1 7 -1 -1 -1 -1 -1 -1 37233 0 15 40 17 16 2 6 2 5
0 0 0 1 1 1 1 6 0 3 1 1 7 -1 -1 -1 -1 -1 -1 37866 0 15 40 17 16 2 6 2 5
0 0 0 1 1 1 1 7 0 3 1 1 7 7 5 4 4 1 1 38499 0 15 40 17 16 2 8 0 5
0 0 0 1 1 1 6 1 0 3 1 1 6 -1 -1 -1 -1 -1 -1 39099 0 15 40 17 16 2 8 0 5
0 0 0 1 1 6 1 1 0 3 1 1 5 -1 -1 -1 -1 -1 -1 39733 0 15 40 17 16 2 8 0 5
0 0 0 1 1 6 1 1 0 3 1 1 5 -1 -1 -1 -1 -1 -1 40366 0 15 40 17 16 2 8 0 5
0 0 0 1 1 7 1 1 0 3 1 1 5 5 5 4 4 1 1 40999 0 15 40 17 16 2 4 2 5
0 0 0 1 1 1 6 1 0 3 1 1 6 -1 -1 -1 -1 -1 -1 41533 0 15 40 18 19 2 4 2 5
0 0 0 1 1 1 1 6 0 3 1 1 7 -1 -1 -1 -1 -1 -1 42066 0 15 40 18 19 2 4 2 5
0 0 0 1 1 1 1 6 0 3 1 1 7 -1 -1 -1 -1 -1 -1 42566 0 15 40 18 19 2 4 2 5
0 0 0 1 1 1 1 7 0 3 1 1 7 7 5 4 4 1 1 43099 0 15 40 18 19 2 6 2 5
0 0 0 1 1 1 1 6 0 3 1 1 7 -1 -1 -1 -1 -1 -1 43633 0 15 40 18 19 2 6 2 5
0 0 0 1 1 1 6 1 0 3 1 1 6 -1 -1 -1 -1 -1 -1 44166 0 15 40 18 19 2 6 2 5
0 0 0 1 1 1 6 1 0 3 1 1 6 -1 -1 -1 -1 -1 -1 44699 0 15 40 18 19 2 6 2 5
0 0 0 1 1 1 7 1 0 3 1 1 6 6 5 4 4 1 1 45199 0 15 40 18 19 2 6 2 5
0 0 0 1 1 6 1 1 0 3 1 1 5 -1 -1 -1 -1 -1 -1 45699 0 15 40 19 21 2 6 2 5
0 0 0 1 1 1 6 1 0 3 1 1 6 -1 -1 -1 -1 -1 -1 46166 0 15 40 19 21 2 6 2 5
0 0 0 1 1 1 6 1 0 3 1 1 6 -1 -1 -1 -1 -1 -1 46632 0 15 40 19 21 2 6 2 5
0 0 0 1 1 1 7 1 0 3 1 1 6 6 5 4 4 1 1 47132 0 15 40 19 21 2 5 2 5
0 0 0 1 1 1 6 1 0 3 1 2 6 -1 -1 -1 -1 -1 -1 47599 0 15 40 19 21 2 5 2 5
0 0 0 1 1 1 6 1 0 3 1 2 6 -1 -1 -1 -1 -1 -1 48066 0 15 40 19 21 2 5 2 5
0 0 0 1 1 1 6 1 0 3 1 2 6 -1 -1 -1 -1 -1 -1 48566 0 15 40 19 21 2 5 2 5
0 0 0 1 1 1 7 1 0 3 1 2 6 6 5 4 4 1 1 49032 0 15 40 19 21 2 6 2 5
0 0 0 1 1 1 6 1 0 3 1 2 6 -1 -1 -1 -1 -1 -1 49499 0 15 40 20 22 2 6 2 5
0 0 0 1 1 1 6 4 0 3 1 2 6 -1 -1 -1 -1 -1 -1 49932 1 15 40 20 22 2 6 2 5
0 0 0 1 1 6 1 1 0 3 1 2 5 -1 -1 -1 -1 -1 -1 50399 0 15 40 20 22 2 6 2 5
0 0 0 1 1 7 1 1 0 3 1 2 5 5 5 4 4 1 1 50832 0 15 40 20 22 2 5 2 5
0 0 0 1 1 6 1 1 0 3 1 2 5 -1 -1 -1 -1 -1 -1 51299 0 15 40 20 22 2 5 2 5
0 0 0 4 6 1 1 1 0 3 1 2 4 -1 -1 -1 -1 -1 -1 51766 1 15 40 20 22 2 5 2 5
0 0 0 6 1 1 1 1 0 3 1 2 3 -1 -1 -1 -1 -1 -1 52199 0 15 40 20 22 2 5 2 5
0 0 0 7 1 1 1 1 0 3 1 2 3 3 5 4 4 1 1 52666 0 15 40 20 22 2 6 2 5
0 0 0 6 1 1 1 1 0 3 1 2 3 -1 -1 -1 -1 -1 -1 53099 0 15 40 21 23 2 6 2 5
0 0 0 6 4 1 1 1 0 3 1 2 3 -1 -1 -1 -1 -1 -1 53532 1 15 40 21 23 2 6 2 5
0 0 0 6 1 1 1 1 0 3 1 2 3 -1 -1 -1 -1 -1 -1 53966 0 15 40 21 23 2 6 2 5
0 0 0 7 1 1 1 1 0 3 1 2 3 3 5 4 4 1 1 54399 0 15 40 21 23 2 8 0 5
0 0 0 6 1 1 1 1 0 3 1 2 3 -1 -1 -1 -1 -1 -1 54832 0 15 40 21 23 2 8 0 5
0 0 0 6 1 4 1 1 0 3 1 2 3 -1 -1 -1 -1 -1 -1 55266 1 15 40 21 23 2 8 0 5
0 0 0 1 6 1 1 1 0 3 1 2 4 -1 -1 -1 -1 -1 -1 55699 0 15 40 21 23 2 8 0 5
0 0 0 1 1 7 1 1 0 3 1 2 5 5 5 4 4 1 1 56132 0 15 40 21 23 2 4 2 5
0 0 0 1 1 6 1 1 0 3 1 2 5 -1 -1 -1 -1 -1 -1 56566 0 15 40 22 24 2 4 2 5
0 0 0 4 1 1 6 1 0 3 1 2 6 -1 -1 -1 -1 -1 -1 56966 1 15 40 22 24 2 4 2 5
0 0 0 1 1 1 6 1 0 3 1 2 6 -1 -1 -1 -1 -1 -1 57399 0 15 40 22 24 2 4 2 5
0 0 0 1 1 1 7 1 0 3 1 2 6 6 5 4 4 1 1 57799 0 15 40 22 24 2 6 2 5
0 0 0 1 1 6 1 1 0 3 1 2 5 -1 -1 -1 -1 -1 -1 58232 0 15 40 22 24 2 6 2 5
0 0 0 1 1 6 1 4 0 3 1 2 5 -1 -1 -1 -1 -1 -1 58632 1 15 40 22 24 2 6 2 5
0 0 0 1 1 1 6 1 0 3 1 2 6 -1 -1 -1 -1 -1 -1 59066 0 15 40 22 24 2 6 2 5
0 0 0 1 1 1 7 1 0 3 1 2 6 6 5 4 4 1 1 59466 0 15 40 22 24 2 6 2 5
0 0 0 1 1 1 6 1 0 3 1 2 6 -1 -1 -1 -1 -1 -1 59866 0 15 40 23 25 2 6 2 5
0 0 0 4 1 1 6 1 0 3 1 2 6 -1 -1 -1 -1 -1 -1 60266 1 15 40 23 25 2 6 2 5
0 0 0 1 1 1 6 1 0 3 1 2 6 -1 -1 -1 -1 -1 -1 60666 0 15 40 23 25 2 6 2 5
0 0 0 1 1 1 7 1 0 3 1 2 6 6 5 4 4 1 1 61066 0 15 40 23 25 2 5 2 5
0 0 0 1 1 6 1 1 0 3 1 2 5 -1 -1 -1 -1 -1 -1 61466 0 15 40 23 25 2 5 2 5
0 0 0 1 6 1 1 4 0 3 1 2 4 -1 -1 -1 -1 -1 -1 61866 1 15 40 23 25 2 5 2 5
0 0 0 1 6 1 1 1 0 3 1 2 4 -1 -1 -1 -1 -1 -1 62266 0 15 40 23 25 2 5 2 5
0 0 0 1 7 1 1 1 0 3 1 2 4 4 5 4 4 1 1 62666 0 15 40 23 25 2 6 2 5
0 0 0 1 6 1 1 1 0 3 1 2 4 -1 -1 -1 -1 -1 -1 63066 0 15 40 24 25.5 2 6 2 5
0 0 0 1 1 6 1 4 0 3 1 2 5 -1 -1 -1 -1 -1 -1 63466 1 15 40 24 25.5 2 6 2 5
0 0 0 1 1 1 6 1 0 3 1 2 6 -1 -1 -1 -1 -1 -1 63866 0 15 40 24 25.5 2 6 2 5
0 0 0 1 1 1 7 1 0 3 1 2 6 6 5 4 4 1 1 64266 0 15 40 24 25.5 2 5 2 5
0 0 0 1 1 1 6 1 0 3 1 2 6 -1 -1 -1 -1 -1 -1 64632 0 15 40 24 25.5 2 5 2 5
0 0 0 4 1 6 1 1 0 3 1 2 5 -1 -1 -1 -1 -1 -1 65032 1 15 40 24 25.5 2 5 2 5
0 0 0 1 1 6 1 1 0 3 1 2 5 -1 -1 -1 -1 -1 -1 65432 0 15 40 24 25.5 2 5 2 5
0 0 0 1 1 7 1 1 0 3 1 2 5 5 5 4 4 1 1 65832 0 15 40 24 25.5 2 6 2 5
0 0 0 1 1 6 1 1 0 3 1 2 5 -1 -1 -1 -1 -1 -1 66199 0 15 40 25 26 2 6 2 5
0 0 0 1 6 1 4 1 0 3 1 2 4 -1 -1 -1 -1 -1 -1 66599 1 15 40 25 26 2 6 2 5
0 0 0 1 6 1 1 1 0 3 1 2 4 -1 -1 -1 -1 -1 -1 66965 0 15 40 25 26 2 6 2 5
0 0 0 1 7 1 1 1 0 3 1 2 4 4 5 4 4 1 1 67365 0 15 40 25 26 2 8 0 5
0 0 0 1 6 1 1 1 0 3 1 2 4 -1 -1 -1 -1 -1 -1 67732 0 15 40 25 26 2 8 0 5
0 0 0 1 1 6 1 4 0 3 1 2 5 -1 -1 -1 -1 -1 -1 68132 1 15 40 25 26 2 8 0 5
0 0 0 1 1 1 6 1 0 3 1 2 6 -1 -1 -1 -1 -1 -1 68499 0 15 40 25 26 2 8 0 5
0 0 0 1 1 1 7 1 0 3 1 2 6 6 5 4 4 1 1 68899 0 15 40 25 26 2 4 2 5
0 0 0 1 1 1 6 1 0 3 1 2 6 -1 -1 -1 -1 -1 -1 69265 0 15 40 26 26.5 2 4 2 5
0 0 0 1 4 6 1 1 0 3 1 2 5 -1 -1 -1 -1 -1 -1 69665 1 15 40 26 26.5 2 4 2 5
0 0 0 1 1 6 1 1 0 3 1 2 5 -1 -1 -1 -1 -1 -1 70032 0 15 40 26 26.5 2 4 2 5
0 0 0 1 1 7 1 1 0 3 1 2 5 5 5 4 4 1 1 70399 0 15 40 26 26.5 2 6 2 5
0 0 0 1 1 1 6 1 0 3 1 2 6 -1 -1 -1 -1 -1 -1 70799 0 15 40 26 26.5 2 6 2 5
0 0 0 1 1 4 6 1 0 3 1 2 6 -1 -1 -1 -1 -1 -1 71165 1 15 40 26 26.5 2 6 2 5
0 0 0 1 1 1 6 1 0 3 1 2 6 -1 -1 -1 -1 -1 -1 71532 0 15 40 26 26.5 2 6 2 5
0 0 0 1 1 1 7 1 0 3 1 2 6 6 5 4 4 1 1 71899 0 15 40 26 26.5 2 6 2 5
0 0 0 1 1 6 1 1 0 3 1 2 5 -1 -1 -1 -1 -1 -1 72299 0 15 40 27 27 2 6 2 5
0 0 0 1 6 1 1 4 0 3 1 2 4 -1 -1 -1 -1 -1 -1 72665 1 15 40 27 27 2 6 2 5
0 0 0 1 6 1 1 1 0 3 1 2 4 -1 -1 -1 -1 -1 -1 73032 0 15 40 27 27 2 6 2 5
0 0 0 1 7 1 1 1 0 3 1 2 4 4 5 4 4 1 1 73399 0 15 40 27 27 2 5 2 5
0 0 0 1 6 1 1 1 0 3 1 2 4 -1 -1 -1 -1 -1 -1 73765 0 15 40 27 27 2 5 2 5
0 0 0 6 1 1 4 1 0 3 1 2 3 -1 -1 -1 -1 -1 -1 74132 1 15 40 27 27 2 5 2 5
0 0 0 6 1 1 1 1 0 3 1 2 3 -1 -1 -1 -1 -1 -1 74499 0 15 40 27 27 2 5 2 5
0 0 0 7 1 1 1 1 0 3 1 2 3 3 5 4 4 1 1 74865 0 15 40 27 27 2 6 2 5
0 0 0 0 1 6 1 0 1 4 1 0 5 -1 -1 -1 -1 -1 -1 80499 0 15 40 15 60 2 8 0 3
0 0 0 0 1 6 1 0 1 4 1 0 5 -1 -1 -1 -1 -1 -1 80665 0 15 40 15 60 2 8 0 3
0 0 0 0 1 6 1 0 1 4 1 0 5 -1 -1 -1 -1 -1 -1 80832 0 15 40 15 60 2 5 2 3
0 0 0 0 1 6 1 0 1 4 1 0 5 -1 -1 -1 -1 -1 -1 80999 0 15 40 15 50 2 5 2 3
0 0 0 0 1 6 1 0 1 4 1 0 5 -1 -1 -1 -1 -1 -1 81299 0 15 40 15 20 2 5 2 3
0 0 0 0 1 6 1 0 1 4 1 0 5 -1 -1 -1 -1 -1 -1 82232 0 15 40 15 10 2 5 2 3
0 0 0 0 1 6 1 0 1 4 1 0 5 -1 -1 -1 -1 -1 -1 83232 0 15 40 15 10 2 4 2 3
0 0 0 0 1 6 1 0 1 4 1 0 5 -1 -1 -1 -1 -1 -1 84232 0 15 40 15 10 2 4 2 3
0 0 0 0 1 6 1 0 1 4 1 0 5 -1 -1 -1 -1 -1 -1 85232 0 15 40 15 10 2 4 2 3
0 0 0 0 1 6 1 0 1 4 1 0 5 -1 -1 -1 -1 -1 -1 86232 0 15 40 15 10 2 4 2 3
0 0 0 0 1 6 3 0 1 4 1 0 5 6 3 8 3 0 0 87232 0 15 40 15 10 2 4 2 3
0 0 0 0 1 6 1 0 1 4 1 0 5 -1 -1 -1 -1 -1 -1 88232 0 15 40 15 10 2 4 2 3
0 0 0 0 1 6 1 0 1 4 1 0 5 -1 -1 -1 -1 -1 -1 89232 0 15 40 15 10 2 4 2 3
0 0 0 0 1 6 1 0 1 4 1 0 5 -1 -1 -1 -1 -1 -1 90232 0 15 40 15 10 2 4 2 3
0 0 0 0 1 6 3 0 1 4 1 0 5 6 0 6 1 0 0 91232 0 15 40 15 10 2 6 2 3
0 0 0 0 6 1 1 0 1 4 1 0 4 -1 -1 -1 -1 -1 -1 92232 0 15 40 15 10 2 6 2 3
0 0 0 0 6 1 1 0 1 4 1 0 4 -1 -1 -1 -1 -1 -1 93232 0 15 40 15 10 2 6 2 3
0 0 0 0 6 1 1 0 1 4 1 0 4 -1 -1 -1 -1 -1 -1 94232 0 15 40 15 10 2 6 2 3
0 0 0 0 7 1 1 0 1 4 1 0 4 4 0 6 1 1 1 95232 0 15 40 15 10 2 4 2 3
0 0 0 0 1 6 1 0 1 4 1 0 5 -1 -1 -1 -1 -1 -1 96232 0 15 40 15 10 2 4 2 3
0 0 0 0 1 6 1 0 1 4 1 0 5 -1 -1 -1 -1 -1 -1 97232 0 15 40 15 10 2 4 2 3
0 0 0 0 1 6 1 0 1 4 1 0 5 -1 -1 -1 -1 -1 -1 98232 0 15 40 15 10 2 4 2 3
0 0 0 1 1 6 3 1 1 4 1 0 5 6 1 7 2 0 0 99232 0 15 40 15 10 2 5 2 5
0 0 0 1 1 6 1 1 1 4 1 1 5 -1 -1 -1 -1 -1 -1 100232 0 15 40 15 10 2 5 2 5
0 0 0 1 1 6 1 1 1 4 1 1 5 -1 -1 -1 -1 -1 -1 101232 0 15 40 15 10 2 5 2 5
0 0 0 1 1 6 1 1 1 4 1 1 5 -1 -1 -1 -1 -1 -1 102232 0 15 40 15 10 2 5 2 5
0 0 0 1 3 6 1 1 1 4 1 1 5 4 2 5 0 0 0 103232 0 15 40 15 10 2 5 2 5
0 0 0 1 1 6 1 1 1 4 1 1 5 -1 -1 -1 -1 -1 -1 104232 0 15 40 15 10 2 5 2 5
0 0 0 1 1 6 1 1 1 4 1 1 5 -1 -1 -1 -1 -1 -1 105232 0 15 40 15 10 2 5 2 5
0 0 0 1 1 6 1 1 1 4 1 1 5 -1 -1 -1 -1 -1 -1 106232 0 15 40 15 10 2 5 2 5
0 0 0 1 3 6 1 1 1 4 1 1 5 4 3 8 3 0 0 107232 0 15 40 15 10 2 8 0 5
0 0 0 1 1 6 1 1 1 4 1 1 5 -1 -1 -1 -1 -1 -1 108232 0 15 40 15 10 2 8 0 5
0 0 0 1 1 6 1 1 1 4 1 1 5 -1 -1 -1 -1 -1 -1 109232 0 15 40 15 10 2 8 0 5
0 0 0 1 1 1 6 1 1 4 1 1 6 -1 -1 -1 -1 -1 -1 110231 0 15 40 15 10 2 8 0 5
0 0 0 1 1 7 1 1 1 4 1 1 5 5 3 8 3 1 1 111231 0 15 40 15 10 2 5 2 5
0 0 0 1 1 6 1 1 1 4 1 1 5 -1 -1 -1 -1 -1 -1 112031 0 15 40 16 13 2 5 2 5
0 0 0 1 1 6 1 1 1 4 1 1 5 -1 -1 -1 -1 -1 -1 112798 0 15 40 16 13 2 5 2 5
0 0 0 1 1 6 1 1 1 4 1 1 5 -1 -1 -1 -1 -1 -1 113565 0 15 40 16 13 2 5 2 5
0 0 0 1 3 6 1 1 1 4 1 1 5 4 2 5 0 0 0 114365 0 15 40 16 13 2 4 2 5
0 0 0 1 1 6 1 1 1 4 1 1 5 -1 -1 -1 -1 -1 -1 115131 0 15 40 16 13 2 4 2 5
0 0 0 1 1 6 1 1 1 4 1 1 5 -1 -1 -1 -1 -1 -1 115898 0 15 40 16 13 2 4 2 5
0 0 0 1 1 6 1 1 1 4 1 1 5 -1 -1 -1 -1 -1 -1 116665 0 15 40 16 13 2 4 2 5
0 0 0 1 3 6 1 1 1 4 1 1 5 4 1 7 2 0 0 117431 0 15 40 16 13 2 4 2 5
0 0 0 1 1 6 1 1 1 4 1 1 5 -1 -1 -1 -1 -1 -1 118198 0 15 40 16 13 2 4 2 5
0 0 0 1 1 6 1 1 1 4 1 1 5 -1 -1 -1 -1 -1 -1 118965 0 15 40 16 13 2 4 2 5
0 0 0 1 1 6 1 1 1 4 1 1 5 -1 -1 -1 -1 -1 -1 119731 0 15 40 16 13 2 4 2 5
0 0 0 1 1 7 1 1 1 4 1 1 5 5 1 7 2 1 1 120498 0 15 40 16 13 2 6 2 5
0 0 0 1 1 6 1 1 1 4 1 2 5 -1 -1 -1 -1 -1 -1 121265 0 15 40 16 13 2 6 2 5
0 0 0 1 1 6 1 1 1 4 1 2 5 -1 -1 -1 -1 -1 -1 122031 0 15 40 16 13 2 6 2 5
0 0 0 1 1 6 1 1 1 4 1 2 5 -1 -1 -1 -1 -1 -1 122798 0 15 40 16 13 2 6 2 5
0 0 0 1 1 6 1 3 1 4 1 2 5 7 2 5 0 0 0 123565 0 15 40 16 13 2 4 2 5
0 0 0 1 1 6 1 1 1 4 1 2 5 -1 -1 -1 -1 -1 -1 124365 0 15 40 16 13 2 4 2 5
0 0 0 4 1 6 1 1 1 4 1 2 5 -1 -1 -1 -1 -1 -1 125131 1 15 40 16 13 2 4 2 5
0 0 0 1 6 1 1 1 1 4 1 2 4 -1 -1 -1 -1 -1 -1 125898 0 15 40 16 13 2 4 2 5
0 0 0 1 6 3 1 1 1 4 1 2 4 5 3 8 3 0 0 126665 0 15 40 16 13 2 5 2 5
0 0 0 1 6 1 1 1 1 4 1 2 4 -1 -1 -1 -1 -1 -1 127431 0 15 40 16 13 2 5 2 5
0 0 0 1 1 6 4 1 1 4 1 2 5 -1 -1 -1 -1 -1 -1 128198 1 15 40 16 13 2 5 2 5
0 0 0 1 1 6 1 1 1 4 1 2 5 -1 -1 -1 -1 -1 -1 128965 0 15 40 16 13 2 5 2 5
0 0 0 1 1 6 1 3 1 4 1 2 5 7 0 6 1 0 0 129732 0 15 40 16 13 2 5 2 5
0 0 0 1 1 1 6 1 1 4 1 2 6 -1 -1 -1 -1 -1 -1 130498 0 15 40 16 13 2 5 2 5
0 0 0 1 1 4 6 1 1 4 1 2 6 -1 -1 -1 -1 -1 -1 131265 1 15 40 16 13 2 5 2 5
0 0 0 1 1 6 1 1 1 4 1 2 5 -1 -1 -1 -1 -1 -1 132032 0 15 40 16 13 2 5 2 5
0 0 0 1 1 7 1 1 1 4 1 2 5 5 0 6 1 1 1 132799 0 15 40 16 13 2 8 0 5
0 0 0 1 1 6 1 1 1 4 1 2 5 -1 -1 -1 -1 -1 -1 133466 0 15 40 17 16 2 8 0 5
0 0 0 1 1 6 4 1 1 4 1 2 5 -1 -1 -1 -1 -1 -1 134066 1 15 40 17 16 2 8 0 5
0 0 0 1 6 1 1 1 1 4 1 2 4 -1 -1 -1 -1 -1 -1 134699 0 15 40 17 16 2 8 0 5
0 0 0 1 6 1 1 3 1 4 1 2 4 7 1 7 2 0 0 135333 0 15 40 17 16 2 5 2 5
0 0 0 1 6 1 1 1 1 4 1 2 4 -1 -1 -1 -1 -1 -1 135966 0 15 40 17 16 2 5 2 5
0 0 0 1 6 4 1 1 1 4 1 2 4 -1 -1 -1 -1 -1 -1 136566 1 15 40 17 16 2 5 2 5
0 0 0 1 1 6 1 1 1 4 1 2 5 -1 -1 -1 -1 -1 -1 137200 0 15 40 17 16 2 5 2 5
0 0 0 1 1 1 7 1 1 4 1 2 6 6 1 7 2 1 1 137833 0 15 40 17 16 2 4 2 5
0 0 0 1 1 1 6 1 1 4 1 2 6 -1 -1 -1 -1 -1 -1 138467 0 15 40 17 16 2 4 2 5
0 0 0 1 4 1 6 1 1 4 1 2 6 -1 -1 -1 -1 -1 -1 139067 1 15 40 17 16 2 4 2 5
0 0 0 1 1 1 6 1 1 4 1 2 6 -1 -1 -1 -1 -1 -1 139700 0 15 40 17 16 2 4 2 5
0 0 0 1 1 3 6 1 1 4 1 2 6 5 2 5 0 0 0 140334 0 15 40 17 16 2 4 2 5
0 0 0 1 1 6 1 1 2 0 1 1 5 -1 -1 -1 -1 -1 -1 146702 0 15 18 16 60 2 8 0 5
0 0 0 1 1 6 1 1 2 0 1 1 5 -1 -1 -1 -1 -1 -1 146869 0 15 18 16 60 2 8 0 5
0 0 0 1 1 6 1 1 2 0 1 1 5 -1 -1 -1 -1 -1 -1 147035 0 15 18 16 60 2 4 2 5
0 0 0 1 1 6 1 1 2 0 1 1 5 -1 -1 -1 -1 -1 -1 147202 0 15 18 16 50.6 2 4 2 5
0 0 0 1 1 6 1 1 2 0 1 1 5 -1 -1 -1 -1 -1 -1 147469 0 15 18 16 25.5333 2 4 2 5
0 0 0 1 1 6 1 1 2 0 1 1 5 -1 -1 -1 -1 -1 -1 148202 0 15 18 16 13 2 4 2 5
0 0 0 1 1 6 1 1 2 0 1 1 5 -1 -1 -1 -1 -1 -1 148969 0 15 18 16 13 2 4 2 5
0 0 0 1 1 6 1 1 2 0 1 1 5 -1 -1 -1 -1 -1 -1 149736 0 15 18 16 13 2 4 2 5
0 0 0 1 1 6 1 1 2 0 1 1 5 -1 -1 -1 -1 -1 -1 150503 0 15 18 16 13 2 4 2 5
0 0 0 1 1 6 1 1 2 0 1 1 5 -1 -1 -1 -1 -1 -1 151270 0 15 18 16 13 2 4 2 5
0 0 0 3 1 6 1 1 2 0 1 1 5 3 1 4 2 0 0 152036 0 15 18 16 13 2 6 2 5
0 0 0 1 6 1 1 1 2 0 1 1 4 -1 -1 -1 -1 -1 -1 152803 0 15 18 16 13 2 6 2 5
0 0 0 6 1 1 1 1 2 0 1 1 3 -1 -1 -1 -1 -1 -1 153570 0 15 18 16 13 2 6 2 5
0 0 0 6 1 1 1 1 2 0 1 1 3 -1 -1 -1 -1 -1 -1 154337 0 15 18 16 13 2 6 2 5
0 0 0 7 1 1 1 1 2 0 1 1 3 3 1 4 2 1 1 155104 0 15 18 16 13 2 5 2 5
0 0 0 1 6 1 1 1 2 0 1 1 4 -1 -1 -1 -1 -1 -1 155904 0 15 18 16 13 2 5 2 5
0 0 0 1 1 6 1 1 2 0 1 1 5 -1 -1 -1 -1 -1 -1 156671 0 15 18 16 13 2 5 2 5
0 0 0 1 1 6 1 1 2 0 1 1 5 -1 -1 -1 -1 -1 -1 157438 0 15 18 16 13 2 5 2 5
0 0 0 1 1 7 1 1 2 0 1 1 5 5 1 4 2 1 1 158204 0 15 18 16 13 2 4 2 5
0 0 0 1 1 1 6 1 2 0 1 1 6 -1 -1 -1 -1 -1 -1 158838 0 15 18 17 16 2 4 2 5
0 0 0 1 1 1 1 6 2 0 1 1 7 -1 -1 -1 -1 -1 -1 159471 0 15 18 17 16 2 4 2 5
0 0 0 1 1 1 1 6 2 0 1 1 7 -1 -1 -1 -1 -1 -1 160105 0 15 18 17 16 2 4 2 5
0 0 0 1 1 1 1 7 2 0 1 1 7 7 1 4 2 1 1 160705 0 15 18 17 16 2 4 2 5
0 0 0 1 1 1 6 1 2 0 1 1 6 -1 -1 -1 -1 -1 -1 161338 0 15 18 17 16 2 4 2 5
0 0 0 1 1 6 1 1 2 0 1 1 5 -1 -1 -1 -1 -1 -1 161972 0 15 18 17 16 2 4 2 5
0 0 0 1 6 1 1 1 2 0 1 1 4 -1 -1 -1 -1 -1 -1 162605 0 15 18 17 16 2 4 2 5
0 0 0 1 6 3 1 1 2 0 1 1 4 5 0 4 1 0 0 163205 0 15 18 17 16 2 4 2 5
0 0 0 1 6 1 1 1 2 0 1 1 4 -1 -1 -1 -1 -1 -1 163839 0 15 18 17 16 2 4 2 5
0 0 0 1 1 6 1 1 2 0 1 1 5 -1 -1 -1 -1 -1 -1 164472 0 15 18 17 16 2 4 2 5
0 0 0 1 1 6 1 1 2 0 1 1 5 -1 -1 -1 -1 -1 -1 165106 0 15 18 17 16 2 4 2 5
0 0 0 3 1 6 1 1 2 0 1 1 5 3 1 4 2 0 0 165706 0 15 18 17 16 2 8 0 5
0 0 0 1 1 6 1 1 2 0 1 1 5 -1 -1 -1 -1 -1 -1 166339 0 15 18 17 16 2 8 0 5
0 0 0 6 1 1 1 1 2 0 1 1 3 -1 -1 -1 -1 -1 -1 166973 0 15 18 17 16 2 8 0 5
0 0 0 6 1 1 1 1 2 0 1 1 3 -1 -1 -1 -1 -1 -1 167606 0 15 18 17 16 2 8 0 5
0 0 0 7 1 1 1 1 2 0 1 1 3 3 1 4 2 1 1 168206 0 15 18 17 16 2 4 2 5
0 0 0 1 6 1 1 1 2 0 1 1 4 -1 -1 -1 -1 -1 -1 168773 0 15 18 18 19 2 4 2 5
0 0 0 1 6 1 1 1 2 0 1 1 4 -1 -1 -1 -1 -1 -1 169273 0 15 18 18 19 2 4 2 5
0 0 0 1 6 1 1 1 2 0 1 1 4 -1 -1 -1 -1 -1 -1 169807 0 15 18 18 19 2 4 2 5
0 0 0 1 6 3 1 1 2 0 1 1 4 5 3 4 3 0 0 170340 0 15 18 18 19 2 4 2 5
0 0 0 1 6 1 1 1 2 0 1 1 4 -1 -1 -1 -1 -1 -1 170874 0 15 18 18 19 2 4 2 5
0 0 0 1 1 6 1 1 2 0 1 1 5 -1 -1 -1 -1 -1 -1 171374 0 15 18 18 19 2 4 2 5
0 0 0 1 1 6 1 1 2 0 1 1 5 -1 -1 -1 -1 -1 -1 171907 0 15 18 18 19 2 4 2 5
0 0 0 1 1 6 1 3 2 0 1 1 5 7 1 4 2 0 0 172441 0 15 18 18 19 2 6 2 5
0 0 0 1 1 6 1 1 2 0 1 1 5 -1 -1 -1 -1 -1 -1 172974 0 15 18 18 19 2 6 2 5
0 0 0 1 1 6 1 1 2 0 1 1 5 -1 -1 -1 -1 -1 -1 173508 0 15 18 18 19 2 6 2 5
0 0 0 1 6 1 1 1 2 0 1 1 4 -1 -1 -1 -1 -1 -1 174008 0 15 18 18 19 2 6 2 5
0 0 0 1 6 3 1 1 2 0 1 1 4 5 2 4 0 0 0 174541 0 15 18 18 19 2 5 2 5
0 0 0 1 6 1 1 1 2 0 1 1 4 -1 -1 -1 -1 -1 -1 175075 0 15 18 18 19 2 5 2 5
0 0 0 1 1 6 1 1 2 0 1 1 5 -1 -1 -1 -1 -1 -1 175608 0 15 18 18 19 2 5 2 5
0 0 0 1 6 1 1 1 2 0 1 1 4 -1 -1 -1 -1 -1 -1 176142 0 15 18 18 19 2 5 2 5
0 0 0 1 6 3 1 1 2 0 1 1 4 5 1 4 2 0 0 176642 0 15 18 18 19 2 4 2 5
0 0 0 1 6 1 1 1 2 0 1 1 4 -1 -1 -1 -1 -1 -1 177175 0 15 18 18 19 2 4 2 5
0 0 0 1 6 1 1 1 2 0 1 1 4 -1 -1 -1 -1 -1 -1 177709 0 15 18 18 19 2 4 2 5
0 0 0 1 6 1 1 1 2 0 1 1 4 -1 -1 -1 -1 -1 -1 178242 0 15 18 18 19 2 4 2 5
0 0 0 1 6 3 1 1 2 0 1 1 4 5 2 4 0 0 0 178742 0 15 18 18 19 2 4 2 5
0 0 0 1 6 1 1 1 2 0 1 1 4 -1 -1 -1 -1 -1 -1 179276 0 15 18 18 19 2 4 2 5
0 0 0 1 1 6 1 1 2 0 1 1 5 -1 -1 -1 -1 -1 -1 179809 0 15 18 18 19 2 4 2 5
0 0 0 1 1 6 1 1 2 0 1 1 5 -1 -1 -1 -1 -1 -1 180342 0 15 18 18 19 2 4 2 5
0 0 0 3 1 6 1 1 2 0 1 1 5 3 3 4 3 0 0 180876 0 15 18 18 19 2 4 2 5
0 0 0 1 1 6 1 1 2 0 1 1 5 -1 -1 -1 -1 -1 -1 181376 0 15 18 18 19 2 4 2 5
0 0 0 1 6 1 1 1 2 0 1 1 4 -1 -1 -1 -1 -1 -1 181909 0 15 18 18 19 2 4 2 5
0 0 0 1 6 1 1 1 2 0 1 1 4 -1 -1 -1 -1 -1 -1 182443 0 15 18 18 19 2 4 2 5
0 0 0 1 7 1 1 1 2 0 1 1 4 4 3 4 3 1 1 182976 0 15 18 18 19 2 8 0 5
0 0 0 1 1 6 1 1 3 1 1 1 5 -1 -1 -1 -1 -1 -1 189378 0 15 18 16 60 2 8 0 5
0 0 0 1 1 6 1 1 3 1 1 1 5 -1 -1 -1 -1 -1 -1 189544 0 15 18 16 60 2 8 0 5
0 0 0 1 1 6 1 1 3 1 1 1 5 -1 -1 -1 -1 -1 -1 189711 0 15 18 16 60 2 6 2 5
0 0 0 1 1 6 1 1 3 1 1 1 5 -1 -1 -1 -1 -1 -1 189878 0 15 18 16 50.6 2 6 2 5
0 0 0 1 1 6 1 1 3 1 1 1 5 -1 -1 -1 -1 -1 -1 190144 0 15 18 16 25.5333 2 6 2 5
0 0 0 1 1 6 1 1 3 1 1 1 5 -1 -1 -1 -1 -1 -1 190878 0 15 18 16 13 2 6 2 5
0 0 0 1 1 6 1 1 3 1 1 1 5 -1 -1 -1 -1 -1 -1 191645 0 15 18 16 13 2 5 2 5
0 0 0 1 1 6 1 1 3 1 1 1 5 -1 -1 -1 -1 -1 -1 192412 0 15 18 16 13 2 5 2 5
0 0 0 1 1 6 1 1 3 1 1 1 5 -1 -1 -1 -1 -1 -1 193178 0 15 18 16 13 2 5 2 5
0 0 0 1 1 6 1 1 3 1 1 1 5 -1 -1 -1 -1 -1 -1 193945 0 15 18 16 13 2 5 2 5
0 0 0 1 1 6 3 1 3 1 1 1 5 6 4 7 2 0 0 194712 0 15 18 16 13 2 5 2 5
0 0 0 1 1 6 1 1 3 1 1 1 5 -1 -1 -1 -1 -1 -1 195446 0 15 18 16 16.25 2 5 2 5
0 0 0 1 1 6 1 1 3 1 1 1 5 -1 -1 -1 -1 -1 -1 196079 0 15 18 16 16.25 2 5 2 5
0 0 0 1 1 6 1 1 3 1 1 1 5 -1 -1 -1 -1 -1 -1 196679 0 15 18 16 16.25 2 5 2 5
0 0 0 1 1 6 1 3 3 1 1 1 5 7 4 6 1 0 0 197346 0 15 18 16 13 2 6 2 5
0 0 0 1 1 6 1 1 3 1 1 1 5 -1 -1 -1 -1 -1 -1 198113 0 15 18 16 13 2 6 2 5
0 0 0 1 1 6 1 1 3 1 1 1 5 -1 -1 -1 -1 -1 -1 198880 0 15 18 16 13 2 6 2 5
0 0 0 1 1 6 1 1 3 1 1 1 5 -1 -1 -1 -1 -1 -1 199647 0 15 18 16 13 2 6 2 5
0 0 0 1 1 6 1 3 3 1 1 1 5 7 4 8 3 0 0 200447 0 15 18 16 13 2 4 2 5
0 0 0 1 1 6 1 1 3 1 1 1 5 -1 -1 -1 -1 -1 -1 201214 0 15 18 16 13 2 4 2 5
0 0 0 1 1 6 1 1 3 1 1 1 5 -1 -1 -1 -1 -1 -1 201980 0 15 18 16 13 2 4 2 5
0 0 0 1 1 6 1 1 3 1 1 1 5 -1 -1 -1 -1 -1 -1 202747 0 15 18 16 13 2 4 2 5
0 0 0 1 1 6 3 1 3 1 1 1 5 6 4 7 2 0 0 203514 0 15 18 16 13 2 6 2 5
0 0 0 1 1 6 1 1 3 1 1 1 5 -1 -1 -1 -1 -1 -1 204281 0 15 18 16 13 2 6 2 5
0 0 0 1 1 6 1 1 3 1 1 1 5 -1 -1 -1 -1 -1 -1 205048 0 15 18 16 13 2 6 2 5
0 0 0 1 1 6 1 1 3 1 1 1 5 -1 -1 -1 -1 -1 -1 205815 0 15 18 16 13 2 6 2 5
0 0 0 1 1 6 1 3 3 1 1 1 5 7 4 5 0 0 0 206581 0 15 18 16 13 2 6 2 5
0 0 0 1 1 1 6 1 3 1 1 1 6 -1 -1 -1 -1 -1 -1 207348 0 15 18 16 13 2 6 2 5
0 0 0 1 1 1 1 6 3 1 1 1 7 -1 -1 -1 -1 -1 -1 208115 0 15 18 16 13 2 6 2 5
0 0 0 1 1 1 1 6 3 1 1 1 7 -1 -1 -1 -1 -1 -1 208882 0 15 18 16 13 2 6 2 5
0 0 0 1 1 1 1 7 3 1 1 1 7 7 4 5 0 1 1 209649 0 15 18 16 13 2 8 0 5
0 0 0 1 1 1 1 6 3 1 1 1 7 -1 -1 -1 -1 -1 -1 210415 0 15 18 16 13 2 8 0 5
0 0 0 1 1 1 6 1 3 1 1 1 6 -1 -1 -1 -1 -1 -1 211216 0 15 18 16 13 2 8 0 5
0 0 0 1 1 6 1 1 3 1 1 1 5 -1 -1 -1 -1 -1 -1 211982 0 15 18 16 13 2 8 0 5
0 0 0 1 1 6 1 3 3 1 1 1 5 7 4 7 2 0 0 212749 0 15 18 16 13 2 6 2 5
0 0 0 1 1 1 6 1 3 1 1 1 6 -1 -1 -1 -1 -1 -1 213516 0 15 18 16 13 2 6 2 5
0 0 0 1 1 1 1 6 3 1 1 1 7 -1 -1 -1 -1 -1 -1 214283 0 15 18 16 13 2 6 2 5
0 0 0 1 1 1 1 6 3 1 1 1 7 -1 -1 -1 -1 -1 -1 215050 0 15 18 16 13 2 6 2 5
0 0 0 1 1 1 1 7 3 1 1 1 7 7 4 7 2 1 1 215817 0 15 18 16 13 2 5 2 5
0 0 0 1 1 1 1 6 3 1 1 1 7 -1 -1 -1 -1 -1 -1 216450 0 15 18 17 16 2 5 2 5
0 0 0 1 1 1 6 1 3 1 1 1 6 -1 -1 -1 -1 -1 -1 217084 0 15 18 17 16 2 5 2 5
0 0 0 1 1 6 1 1 3 1 1 1 5 -1 -1 -1 -1 -1 -1 217717 0 15 18 17 16 2 5 2 5
0 0 0 1 1 8 1 1 3 1 1 1 5 5 4 5 0 0 1 218351 0 15 18 17 16 2 5 2 5
0 0 0 1 1 6 1 1 3 1 1 1 5 -1 -1 -1 -1 -1 -1 219084 0 15 18 16 13 2 5 2 5
0 0 0 1 1 1 6 1 3 1 1 1 6 -1 -1 -1 -1 -1 -1 219851 0 15 18 16 13 2 5 2 5
0 0 0 1 1 1 6 1 3 1 1 1 6 -1 -1 -1 -1 -1 -1 220618 0 15 18 16 13 2 5 2 5
0 0 0 1 1 1 7 1 3 1 1 1 6 6 4 5 0 1 1 221385 0 15 18 16 13 2 6 2 5
0 0 0 1 1 1 6 1 3 1 1 1 6 -1 -1 -1 -1 -1 -1 222151 0 15 18 16 13 2 6 2 5
0 0 0 1 1 6 1 1 3 1 1 1 5 -1 -1 -1 -1 -1 -1 222918 0 15 18 16 13 2 6 2 5
0 0 0 1 1 1 6 1 3 1 1 1 6 -1 -1 -1 -1 -1 -1 223685 0 15 18 16 13 2 6 2 5
0 0 0 1 3 1 6 1 3 1 1 1 6 4 4 6 1 0 0 224485 0 15 18 16 13 2 4 2 5
0 0 0 1 1 6 1 1 3 1 1 1 5 -1 -1 -1 -1 -1 -1 225252 0 15 18 16 13 2 4 2 5
0 0 0 1 1 6 1 1 3 1 1 1 5 -1 -1 -1 -1 -1 -1 226019 0 15 18 16 13 2 4 2 5
0 0 0 1 1 1 6 1 3 1 1 1 6 -1 -1 -1 -1 -1 -1 226786 0 15 18 16 13 2 4 2 5
0 0 0 1 1 3 6 1 3 1 1 1 6 5 4 8 3 0 0 227552 0 15 18 16 13 2 6 2 5
0 0 0 1 1 1 6 1 3 1 1 1 6 -1 -1 -1 -1 -1 -1 228319 0 15 18 16 13 2 6 2 5
0 0 0 1 1 1 6 1 3 1 1 1 6 -1 -1 -1 -1 -1 -1 229086 0 15 18 16 13 2 6 2 5
0 0 0 1 1 1 6 1 3 1 1 1 6 -1 -1 -1 -1 -1 -1 229853 0 15 18 16 13 2 6 2 5
0 0 0 1 1 1 7 1 3 1 1 1 6 6 4 8 3 1 1 230620 0 15 18 16 13 2 6 2 5
0 0 0 1 1 1 6 1 3 1 1 1 6 -1 -1 -1 -1 -1 -1 231287 0 15 18 17 16 2 6 2 5
0 0 0 1 1 6 1 1 3 1 1 1 5 -1 -1 -1 -1 -1 -1 231887 0 15 18 17 16 2 6 2 5
0 0 0 1 1 6 1 1 3 1 1 1 5 -1 -1 -1 -1 -1 -1 232520 0 15 18 17 16 2 6 2 5
0 0 0 1 1 6 1 3 3 1 1 1 5 7 4 6 1 0 0 233154 0 15 18 17 16 2 8 0 5
0 0 0 1 1 6 1 1 3 1 1 1 5 -1 -1 -1 -1 -1 -1 233787 0 15 18 17 16 2 8 0 5
0 0 0 1 6 1 1 1 3 1 1 1 4 -1 -1 -1 -1 -1 -1 234387 0 15 18 17 16 2 8 0 5
0 0 0 1 6 1 1 1 3 1 1 1 4 -1 -1 -1 -1 -1 -1 235021 0 15 18 17 16 2 8 0 5
0 0 0 1 6 3 1 1 3 1 1 1 4 5 4 7 2 0 0 235654 0 15 18 17 16 2 6 2 5
0 0 0 1 1 6 1 1 3 1 1 1 5 -1 -1 -1 -1 -1 -1 236254 0 15 18 17 16 2 6 2 5
0 0 0 1 1 6 1 1 3 1 1 1 5 -1 -1 -1 -1 -1 -1 236888 0 15 18 17 16 2 6 2 5
0 0 0 1 1 6 1 1 3 1 1 1 5 -1 -1 -1 -1 -1 -1 237521 0 15 18 17 16 2 6 2 5
0 0 0 1 1 6 3 1 3 1 1 1 5 6 4 6 1 0 0 238155 0 15 18 17 16 2 5 2 5
0 0 0 1 1 6 1 1 3 1 1 1 5 -1 -1 -1 -1 -1 -1 238755 0 15 18 17 16 2 5 2 5
0 0 0 1 1 6 1 1 3 1 1 1 5 -1 -1 -1 -1 -1 -1 239388 0 15 18 17 16 2 5 2 5
0 0 0 1 1 6 1 1 3 1 1 1 5 -1 -1 -1 -1 -1 -1 240022 0 15 18 17 16 2 5 2 5
0 0 0 1 1 6 1 3 3 1 1 1 5 7 4 5 0 0 0 240655 0 15 18 17 16 2 5 2 5
0 0 0 1 1 1 6 1 3 1 1 1 6 -1 -1 -1 -1 -1 -1 241255 0 15 18 17 16 2 5 2 5
0 0 0 1 1 1 1 6 3 1 1 1 7 -1 -1 -1 -1 -1 -1 241889 0 15 18 17 16 2 5 2 5
0 0 0 1 1 1 1 6 3 1 1 1 7 -1 -1 -1 -1 -1 -1 242522 0 15 18 17 16 2 5 2 5
0 0 0 1 1 1 1 7 3 1 1 1 7 7 4 5 0 1 1 243156 0 15 18 17 16 2 6 2 5
0 0 0 1 1 1 1 6 3 1 1 1 7 -1 -1 -1 -1 -1 -1 243756 0 15 18 17 16 2 6 2 5
0 0 0 1 1 1 1 6 3 1 1 1 7 -1 -1 -1 -1 -1 -1 244389 0 15 18 17 16 2 6 2 5
0 0 0 1 1 1 1 6 3 1 1 1 7 -1 -1 -1 -1 -1 -1 245023 0 15 18 17 16 2 6 2 5
0 0 0 1 1 1 2 8 3 1 1 1 7 6 4 5 0 1 0 245656 0 15 18 17 16 2 4 2 5
0 0 0 1 1 1 1 6 3 1 1 1 7 -1 -1 -1 -1 -1 -1 246390 0 15 18 16 13 2 4 2 5
0 0 0 1 1 6 1 1 3 1 1 1 5 -1 -1 -1 -1 -1 -1 247157 0 15 18 16 13 2 4 2 5
0 0 0 1 1 6 1 1 3 1 1 1 5 -1 -1 -1 -1 -1 -1 247924 0 15 18 16 13 2 4 2 5
0 0 0 1 3 1 6 1 3 1 1 1 6 4 4 8 3 0 0 248690 0 15 18 16 13 2 6 2 5
0 0 0 1 1 6 1 1 3 1 1 1 5 -1 -1 -1 -1 -1 -1 249457 0 15 18 16 13 2 6 2 5
0 0 0 1 1 6 1 1 3 1 1 1 5 -1 -1 -1 -1 -1 -1 250224 0 15 18 16 13 2 6 2 5
0 0 0 1 1 6 1 1 3 1 1 1 5 -1 -1 -1 -1 -1 -1 251024 0 15 18 16 13 2 6 2 5
0 0 0 3 1 6 1 1 3 1 1 1 5 3 4 7 2 0 0 251791 0 15 18 16 13 2 6 2 5
0 0 0 1 6 1 1 1 3 1 1 1 4 -1 -1 -1 -1 -1 -1 252558 0 15 18 16 13 2 6 2 5
0 0 0 1 1 6 1 1 3 1 1 1 5 -1 -1 -1 -1 -1 -1 253325 0 15 18 16 13 2 6 2 5
0 0 0 1 1 6 1 1 3 1 1 1 5 -1 -1 -1 -1 -1 -1 254091 0 15 18 16 13 2 6 2 5
0 0 0 3 1 6 1 1 3 1 1 1 5 3 4 5 0 0 0 254858 0 15 18 16 13 2 8 0 5
0 0 0 1 1 6 1 1 3 1 1 1 5 -1 -1 -1 -1 -1 -1 255625 0 15 18 16 13 2 8 0 5
0 0 0 1 1 6 1 1 3 1 1 1 5 -1 -1 -1 -1 -1 -1 256392 0 15 18 16 13 2 8 0 5
0 0 0 1 1 6 1 1 3 1 1 1 5 -1 -1 -1 -1 -1 -1 257158 0 15 18 16 13 2 8 0 5
0 0 0 1 3 6 1 1 3 1 1 1 5 4 4 6 1 0 0 257925 0 15 18 16 13 2 6 2 5
0 0 0 1 1 6 1 1 3 1 1 1 5 -1 -1 -1 -1 -1 -1 258691 0 15 18 16 13 2 6 2 5
0 0 0 1 1 6 1 1 3 1 1 1 5 -1 -1 -1 -1 -1 -1 259458 0 15 18 16 13 2 6 2 5
0 0 0 1 1 6 1 1 3 1 1 1 5 -1 -1 -1 -1 -1 -1 260224 0 15 18 16 13 2 6 2 5
0 0 0 1 1 6 3 1 3 1 1 1 5 6 4 8 3 0 0 260991 0 15 18 16 13 2 5 2 5
0 0 0 1 1 6 1 1 3 1 1 1 5 -1 -1 -1 -1 -1 -1 261790 0 15 18 16 13 2 5 2 5
0 0 0 1 1 6 1 1 3 1 1 1 5 -1 -1 -1 -1 -1 -1 262557 0 15 18 16 13 2 5 2 5
0 0 0 1 1 6 1 1 3 1 1 1 5 -1 -1 -1 -1 -1 -1 263323 0 15 18 16 13 2 5 2 5
0 0 0 1 3 6 1 1 3 1 1 1 5 4 4 7 2 0 0 264090 0 15 18 16 13 2 5 2 5
0 0 0 1 1 6 1 1 3 1 1 1 5 -1 -1 -1 -1 -1 -1 264856 0 15 18 16 13 2 5 2 5
0 0 0 1 1 1 6 1 3 1 1 1 6 -1 -1 -1 -1 -1 -1 265623 0 15 18 16 13 2 5 2 5
0 0 0 1 1 1 6 1 3 1 1 1 6 -1 -1 -1 -1 -1 -1 266389 0 15 18 16 13 2 5 2 5
0 0 0 1 1 3 6 1 3 1 1 1 6 5 4 6 1 0 0 267156 0 15 18 16 13 2 6 2 5
0 0 0 1 1 1 6 1 3 1 1 1 6 -1 -1 -1 -1 -1 -1 267922 0 15 18 16 13 2 6 2 5
0 0 0 1 1 1 6 1 3 1 1 1 6 -1 -1 -1 -1 -1 -1 268689 0 15 18 16 13 2 6 2 5
0 0 0 1 1 6 1 1 3 1 1 1 5 -1 -1 -1 -1 -1 -1 269455 0 15 18 16 13 2 6 2 5
0 0 0 1 1 6 3 1 3 1 1 1 5 6 4 8 3 0 0 270222 0 15 18 16 13 2 4 2 5
0 0 0 1 1 1 6 1 3 1 1 1 6 -1 -1 -1 -1 -1 -1 270988 0 15 18 16 13 2 4 2 5
0 0 0 1 1 1 1 6 3 1 1 1 7 -1 -1 -1 -1 -1 -1 271755 0 15 18 16 13 2 4 2 5
0 0 0 1 1 1 1 6 3 1 1 1 7 -1 -1 -1 -1 -1 -1 272555 0 15 18 16 13 2 4 2 5
0 0 0 1 1 1 1 7 3 1 1 1 7 7 4 8 3 1 1 273321 0 15 18 16 13 2 6 2 5
0 0 0 1 1 1 1 6 3 1 1 1 7 -1 -1 -1 -1 -1 -1 274087 0 15 18 16 13 2 6 2 5
0 0 0 1 1 1 1 6 3 1 1 1 7 -1 -1 -1 -1 -1 -1 274854 0 15 18 16 13 2 6 2 5
0 0 0 1 1 1 1 6 3 1 1 1 7 -1 -1 -1 -1 -1 -1 275620 0 15 18 16 13 2 6 2 5
0 0 0 1 1 1 1 7 3 1 1 1 7 7 4 8 3 1 1 276387 0 15 18 16 13 2 6 2 5
0 0 0 1 1 6 1 1 4 2 1 1 5 -1 -1 -1 -1 -1 -1 282519 0 15 18 17 60 2 8 0 5
0 0 0 1 1 6 1 1 4 2 1 1 5 -1 -1 -1 -1 -1 -1 282685 0 15 18 17 60 2 8 0 5
0 0 0 1 1 6 1 1 4 2 1 1 5 -1 -1 -1 -1 -1 -1 282852 0 15 18 17 60 2 5 2 5
0 0 0 1 1 6 1 1 4 2 1 1 5 -1 -1 -1 -1 -1 -1 283019 0 15 18 17 51.2 2 5 2 5
0 0 0 1 1 6 1 1 4 2 1 1 5 -1 -1 -1 -1 -1 -1 283285 0 15 18 17 27.7333 2 5 2 5
0 0 0 1 1 6 1 1 4 2 1 1 5 -1 -1 -1 -1 -1 -1 283852 0 15 18 17 16 2 5 2 5
0 0 0 1 1 6 1 1 4 2 1 1 5 -1 -1 -1 -1 -1 -1 284485 0 15 18 17 16 2 4 2 5
0 0 0 1 1 6 1 1 4 2 1 1 5 -1 -1 -1 -1 -1 -1 285118 0 15 18 17 16 2 4 2 5
0 0 0 1 1 6 1 1 4 2 1 1 5 -1 -1 -1 -1 -1 -1 285718 0 15 18 17 16 2 4 2 5
0 0 0 1 1 6 1 1 4 2 1 1 5 -1 -1 -1 -1 -1 -1 286351 0 15 18 17 16 2 4 2 5
0 0 0 1 3 6 1 1 4 2 1 1 5 4 5 4 0 0 0 286984 0 15 18 17 16 2 6 2 5
0 0 0 1 1 6 1 1 4 2 1 1 5 -1 -1 -1 -1 -1 -1 287618 0 15 18 17 16 2 6 2 5
0 0 0 1 1 1 6 1 4 2 1 1 6 -1 -1 -1 -1 -1 -1 288217 0 15 18 17 16 2 6 2 5
0 0 0 1 1 1 6 1 4 2 1 1 6 -1 -1 -1 -1 -1 -1 288851 0 15 18 17 16 2 6 2 5
0 0 0 1 1 1 7 1 4 2 1 1 6 6 5 4 0 1 1 289484 0 15 18 17 16 2 4 2 5
0 0 0 1 1 1 6 1 4 2 1 1 6 -1 -1 -1 -1 -1 -1 290117 0 15 18 17 16 2 4 2 5
0 0 0 1 1 6 1 1 4 2 1 1 5 -1 -1 -1 -1 -1 -1 290717 0 15 18 17 16 2 4 2 5
0 0 0 1 1 6 1 1 4 2 1 1 5 -1 -1 -1 -1 -1 -1 291350 0 15 18 17 16 2 4 2 5
0 0 0 1 3 6 1 1 4 2 1 1 5 4 5 4 3 0 0 291983 0 15 18 17 16 2 5 2 5
0 0 0 1 1 6 1 1 4 2 1 1 5 -1 -1 -1 -1 -1 -1 292616 0 15 18 17 16 2 5 2 5
0 0 0 1 1 6 1 1 4 2 1 1 5 -1 -1 -1 -1 -1 -1 293216 0 15 18 17 16 2 5 2 5
0 0 0 1 1 6 1 1 4 2 1 1 5 -1 -1 -1 -1 -1 -1 293849 0 15 18 17 16 2 5 2 5
0 0 0 1 3 6 1 1 4 2 1 1 5 4 5 4 0 0 0 294483 0 15 18 17 16 2 5 2 5
0 0 0 1 1 6 1 1 4 2 1 1 5 -1 -1 -1 -1 -1 -1 295116 0 15 18 17 16 2 5 2 5
0 0 0 1 6 1 1 1 4 2 1 1 4 -1 -1 -1 -1 -1 -1 295716 0 15 18 17 16 2 5 2 5
0 0 0 6 1 1 1 1 4 2 1 1 3 -1 -1 -1 -1 -1 -1 296349 0 15 18 17 16 2 5 2 5
0 0 0 7 1 1 1 1 4 2 1 1 3 3 5 4 0 1 1 296982 0 15 18 17 16 2 4 2 5
0 0 0 6 1 1 1 1 4 2 1 1 3 -1 -1 -1 -1 -1 -1 297515 0 15 18 18 19 2 4 2 5
0 0 0 1 6 1 1 1 4 2 1 1 4 -1 -1 -1 -1 -1 -1 298048 0 15 18 18 19 2 4 2 5
0 0 0 1 1 6 1 1 4 2 1 1 5 -1 -1 -1 -1 -1 -1 298582 0 15 18 18 19 2 4 2 5
0 0 0 1 6 3 1 1 4 2 1 1 4 5 5 4 3 0 0 299115 0 15 18 18 19 2 8 0 5
0 0 0 1 6 1 1 1 4 2 1 1 4 -1 -1 -1 -1 -1 -1 299615 0 15 18 18 19 2 8 0 5
0 0 0 1 6 1 1 1 4 2 1 1 4 -1 -1 -1 -1 -1 -1 300148 0 15 18 18 19 2 8 0 5
0 0 0 1 6 1 1 1 4 2 1 1 4 -1 -1 -1 -1 -1 -1 300681 0 15 18 18 19 2 8 0 5
0 0 0 3 1 6 1 1 4 2 1 1 5 3 5 4 0 0 0 301214 0 15 18 18 19 2 5 2 5
0 0 0 1 1 6 1 1 4 2 1 1 5 -1 -1 -1 -1 -1 -1 301714 0 15 18 18 19 2 5 2 5
0 0 0 1 1 6 1 1 4 2 1 1 5 -1 -1 -1 -1 -1 -1 302247 0 15 18 18 19 2 5 2 5
0 0 0 1 1 6 1 1 4 2 1 1 5 -1 -1 -1 -1 -1 -1 302780 0 15 18 18 19 2 5 2 5
0 0 0 3 1 6 1 1 4 2 1 1 5 3 5 4 1 0 0 303314 0 15 18 18 19 2 4 2 5
0 0 0 1 1 6 1 1 4 2 1 1 5 -1 -1 -1 -1 -1 -1 303847 0 15 18 18 19 2 4 2 5
0 0 0 1 1 6 1 1 4 2 1 1 5 -1 -1 -1 -1 -1 -1 304347 0 15 18 18 19 2 4 2 5
0 0 0 1 1 6 1 1 4 2 1 1 5 -1 -1 -1 -1 -1 -1 304880 0 15 18 18 19 2 4 2 5
0 0 0 1 3 6 1 1 4 2 1 1 5 4 5 4 2 0 0 305413 0 15 18 18 19 2 6 2 5
0 0 0 1 1 6 1 1 4 2 1 1 5 -1 -1 -1 -1 -1 -1 305946 0 15 18 18 19 2 6 2 5
0 0 0 1 1 6 1 1 4 2 1 1 5 -1 -1 -1 -1 -1 -1 306480 0 15 18 18 19 2 6 2 5
0 0 0 1 6 1 1 1 4 2 1 1 4 -1 -1 -1 -1 -1 -1 306979 0 15 18 18 19 2 6 2 5
0 0 0 1 3 6 1 1 4 2 1 1 5 4 5 4 3 0 0 307513 0 15 18 18 19 2 4 2 5
0 0 0 1 1 6 1 1 4 2 1 1 5 -1 -1 -1 -1 -1 -1 308046 0 15 18 18 19 2 4 2 5
0 0 0 1 6 1 1 1 4 2 1 1 4 -1 -1 -1 -1 -1 -1 308579 0 15 18 18 19 2 4 2 5
0 0 0 1 6 1 1 1 4 2 1 1 4 -1 -1 -1 -1 -1 -1 309079 0 15 18 18 19 2 4 2 5
0 0 0 1 7 1 1 1 4 2 1 1 4 4 5 4 3 1 1 309612 0 15 18 18 19 2 5 2 5
0 0 0 1 6 1 1 1 4 2 1 1 4 -1 -1 -1 -1 -1 -1 310145 0 15 18 18 19 2 5 2 5
0 0 0 1 1 6 1 1 4 2 1 1 5 -1 -1 -1 -1 -1 -1 310679 0 15 18 18 19 2 5 2 5
0 0 0 1 1 6 1 1 4 2 1 1 5 -1 -1 -1 -1 -1 -1 311212 0 15 18 18 19 2 5 2 5
0 0 0 1 1 6 3 1 4 2 1 1 5 6 5 4 1 0 0 311712 0 15 18 18 19 2 5 2 5
0 0 0 1 1 6 1 1 4 2 1 1 5 -1 -1 -1 -1 -1 -1 312245 0 15 18 18 19 2 5 2 5
0 0 0 1 6 1 1 1 4 2 1 1 4 -1 -1 -1 -1 -1 -1 312778 0 15 18 18 19 2 5 2 5
0 0 0 1 6 1 1 1 4 2 1 1 4 -1 -1 -1 -1 -1 -1 313311 0 15 18 18 19 2 5 2 5
0 0 0 1 7 1 1 1 4 2 1 1 4 4 5 4 1 1 1 313844 0 15 18 18 19 2 4 2 5
0 0 0 1 6 1 1 1 4 2 1 1 4 -1 -1 -1 -1 -1 -1 314344 0 15 18 18 19 2 4 2 5
0 0 0 1 1 6 1 1 4 2 1 1 5 -1 -1 -1 -1 -1 -1 314878 0 15 18 18 19 2 4 2 5
0 0 0 1 1 1 6 1 4 2 1 1 6 -1 -1 -1 -1 -1 -1 315411 0 15 18 18 19 2 4 2 5
0 0 0 1 1 3 6 1 4 2 1 1 6 5 5 4 0 0 0 315944 0 15 18 18 19 2 8 0 5
0 0 0 1 1 1 6 1 4 2 1 1 6 -1 -1 -1 -1 -1 -1 316444 0 15 18 18 19 2 8 0 5
0 0 0 1 1 1 6 1 4 2 1 1 6 -1 -1 -1 -1 -1 -1 316977 0 15 18 18 19 2 8 0 5
0 0 0 1 1 1 6 1 4 2 1 1 6 -1 -1 -1 -1 -1 -1 317510 0 15 18 18 19 2 8 0 5
0 0 0 1 1 1 6 3 4 2 1 1 6 7 5 4 2 0 0 318043 0 15 18 18 19 2 5 2 5
0 0 0 1 1 1 6 1 4 2 1 1 6 -1 -1 -1 -1 -1 -1 318577 0 15 18 18 19 2 5 2 5
0 0 0 1 1 1 6 1 4 2 1 1 6 -1 -1 -1 -1 -1 -1 319077 0 15 18 18 19 2 5 2 5
0 0 0 1 1 6 1 1 4 2 1 1 5 -1 -1 -1 -1 -1 -1 319610 0 15 18 18 19 2 5 2 5
0 0 0 1 1 6 1 3 4 2 1 1 5 7 5 4 1 0 0 320143 0 15 18 18 19 2 4 2 5
0 0 0 1 1 6 1 1 4 2 1 1 5 -1 -1 -1 -1 -1 -1 320676 0 15 18 18 19 2 4 2 5
0 0 0 1 1 1 6 1 4 2 1 1 6 -1 -1 -1 -1 -1 -1 321209 0 15 18 18 19 2 4 2 5
0 0 0 1 1 1 6 1 4 2 1 1 6 -1 -1 -1 -1 -1 -1 321709 0 15 18 18 19 2 4 2 5
0 0 0 1 1 6 3 1 4 2 1 1 5 6 5 4 0 0 0 322242 0 15 18 18 19 2 6 2 5
0 0 0 1 1 6 1 1 4 2 1 1 5 -1 -1 -1 -1 -1 -1 322776 0 15 18 18 19 2 6 2 5
0 0 0 1 1 6 1 1 4 2 1 1 5 -1 -1 -1 -1 -1 -1 323309 0 15 18 18 19 2 6 2 5
0 0 0 1 1 6 1 1 4 2 1 1 5 -1 -1 -1 -1 -1 -1 323809 0 15 18 18 19 2 6 2 5
0 0 0 1 3 6 1 1 4 2 1 1 5 4 5 4 1 0 0 324342 0 15 18 18 19 2 4 2 5
0 0 0 1 1 6 1 1 4 2 1 1 5 -1 -1 -1 -1 -1 -1 324875 0 15 18 18 19 2 4 2 5
0 0 0 1 6 1 1 1 4 2 1 1 4 -1 -1 -1 -1 -1 -1 325408 0 15 18 18 19 2 4 2 5
0 0 0 1 6 1 1 1 4 2 1 1 4 -1 -1 -1 -1 -1 -1 325942 0 15 18 18 19 2 4 2 5
0 0 0 1 7 1 1 1 4 2 1 1 4 4 5 4 1 1 1 326441 0 15 18 18 19 2 5 2 5
0 0 0 0 1 6 1 0 5 6 1 0 5 -1 -1 -1 -1 -1 -1 336739 0 15 40 15 60 2 8 0 3
0 0 0 0 1 6 1 0 5 6 1 0 5 -1 -1 -1 -1 -1 -1 336905 0 15 40 15 60 2 8 0 3
0 0 0 0 1 6 1 0 5 6 1 0 5 -1 -1 -1 -1 -1 -1 337072 0 15 40 15 60 2 6 2 3
0 0 0 0 1 6 1 0 5 6 1 0 5 -1 -1 -1 -1 -1 -1 337239 0 15 40 15 50 2 6 2 3
0 0 0 0 1 6 1 0 5 6 1 0 5 -1 -1 -1 -1 -1 -1 337539 0 15 40 15 20 2 6 2 3
0 0 0 0 1 6 1 0 5 6 1 0 5 -1 -1 -1 -1 -1 -1 338472 0 15 40 15 10 2 6 2 3
0 0 0 0 1 6 1 0 5 6 1 0 5 -1 -1 -1 -1 -1 -1 339472 0 15 40 15 10 2 5 2 3
0 0 0 0 1 6 1 0 5 6 1 0 5 -1 -1 -1 -1 -1 -1 340471 0 15 40 15 10 2 5 2 3
0 0 0 0 1 1 6 0 5 6 1 0 6 -1 -1 -1 -1 -1 -1 341471 0 15 40 15 10 2 5 2 3
0 0 0 0 1 1 6 0 5 6 1 0 6 -1 -1 -1 -1 -1 -1 342471 0 15 40 15 10 2 5 2 3
0 0 0 0 1 1 7 0 5 6 1 0 6 6 5 4 4 1 1 343471 0 15 40 15 10 2 6 2 3
0 0 0 0 1 1 6 0 5 6 1 0 6 -1 -1 -1 -1 -1 -1 344470 0 15 40 15 10 2 6 2 3
0 0 0 0 1 1 6 0 5 6 1 0 6 -1 -1 -1 -1 -1 -1 345470 0 15 40 15 10 2 6 2 3
0 0 0 0 1 1 6 0 5 6 1 0 6 -1 -1 -1 -1 -1 -1 346470 0 15 40 15 10 2 6 2 3
0 0 0 0 1 1 7 0 5 6 1 0 6 6 5 4 4 1 1 347470 0 15 40 15 10 2 6 2 3
0 0 0 0 1 6 1 0 5 6 1 0 5 -1 -1 -1 -1 -1 -1 348269 0 15 40 16 13 2 6 2 3
0 0 0 0 1 6 1 0 5 6 1 0 5 -1 -1 -1 -1 -1 -1 349069 0 15 40 16 13 2 6 2 3
0 0 0 0 1 6 1 0 5 6 1 0 5 -1 -1 -1 -1 -1 -1 349836 0 15 40 16 13 2 6 2 3
0 0 0 0 1 7 1 0 5 6 1 0 5 5 5 4 4 1 1 350602 0 15 40 16 13 2 5 2 3
0 0 0 0 1 1 6 0 5 6 1 0 6 -1 -1 -1 -1 -1 -1 351369 0 15 40 16 13 2 5 2 3
0 0 0 0 1 1 6 0 5 6 1 0 6 -1 -1 -1 -1 -1 -1 352135 0 15 40 16 13 2 5 2 3
0 0 0 0 1 1 6 0 5 6 1 0 6 -1 -1 -1 -1 -1 -1 352902 0 15 40 16 13 2 5 2 3
0 0 0 1 1 1 7 1 5 6 1 0 6 6 5 4 4 1 1 353668 0 15 40 16 13 2 6 2 5
0 0 0 1 1 6 1 1 5 6 1 1 5 -1 -1 -1 -1 -1 -1 354301 0 15 40 17 16 2 6 2 5
0 0 0 1 1 6 1 1 5 6 1 1 5 -1 -1 -1 -1 -1 -1 354934 0 15 40 17 16 2 6 2 5
0 0 0 1 1 6 1 1 5 6 1 1 5 -1 -1 -1 -1 -1 -1 355568 0 15 40 17 16 2 6 2 5
0 0 0 1 1 7 1 1 5 6 1 1 5 5 5 4 4 1 1 356201 0 15 40 17 16 2 6 2 5
0 0 0 1 6 1 1 1 5 6 1 1 4 -1 -1 -1 -1 -1 -1 356801 0 15 40 17 16 2 6 2 5
0 0 0 6 1 1 1 1 5 6 1 1 3 -1 -1 -1 -1 -1 -1 357434 0 15 40 17 16 2 6 2 5
0 0 0 6 1 1 1 1 5 6 1 1 3 -1 -1 -1 -1 -1 -1 358067 0 15 40 17 16 2 6 2 5
0 0 0 7 1 1 1 1 5 6 1 1 3 3 5 4 4 1 1 358700 0 15 40 17 16 2 8 0 5
0 0 0 6 1 1 1 1 5 6 1 1 3 -1 -1 -1 -1 -1 -1 359233 0 15 40 18 19 2 8 0 5
0 0 0 1 6 1 1 1 5 6 1 1 4 -1 -1 -1 -1 -1 -1 359767 0 15 40 18 19 2 8 0 5
0 0 0 1 6 1 1 1 5 6 1 1 4 -1 -1 -1 -1 -1 -1 360266 0 15 40 18 19 2 8 0 5
0 0 0 1 7 1 1 1 5 6 1 1 4 4 5 4 4 1 1 360800 0 15 40 18 19 2 6 2 5
0 0 0 1 6 1 1 1 5 6 1 1 4 -1 -1 -1 -1 -1 -1 361333 0 15 40 18 19 2 6 2 5
0 0 0 1 6 1 1 1 5 6 1 1 4 -1 -1 -1 -1 -1 -1 361866 0 15 40 18 19 2 6 2 5
0 0 0 1 6 1 1 1 5 6 1 1 4 -1 -1 -1 -1 -1 -1 362399 0 15 40 18 19 2 6 2 5
0 0 0 1 7 1 1 1 5 6 1 1 4 4 5 4 4 1 1 362899 0 15 40 18 19 2 5 2 5
0 0 0 1 6 1 1 1 5 6 1 1 4 -1 -1 -1 -1 -1 -1 363399 0 15 40 19 21 2 5 2 5
0 0 0 6 1 1 1 1 5 6 1 1 3 -1 -1 -1 -1 -1 -1 363866 0 15 40 19 21 2 5 2 5
0 0 0 6 1 1 1 1 5 6 1 1 3 -1 -1 -1 -1 -1 -1 364332 0 15 40 19 21 2 5 2 5
0 0 0 7 1 1 1 1 5 6 1 1 3 3 5 4 4 1 1 364832 0 15 40 19 21 2 6 2 5
0 0 0 6 1 1 1 1 5 6 1 1 3 -1 -1 -1 -1 -1 -1 365299 0 15 40 19 21 2 6 2 5
0 0 0 6 1 1 1 1 5 6 1 1 3 -1 -1 -1 -1 -1 -1 365765 0 15 40 19 21 2 6 2 5
0 0 0 6 1 1 1 1 5 6 1 1 3 -1 -1 -1 -1 -1 -1 366265 0 15 40 19 21 2 6 2 5
0 0 0 7 1 1 1 1 5 6 1 1 3 3 5 4 4 1 1 366732 0 15 40 19 21 2 6 2 5
0 0 0 6 1 1 1 1 5 6 1 2 3 -1 -1 -1 -1 -1 -1 367198 0 15 40 20 22 2 6 2 5
0 0 0 6 1 1 1 1 5 6 1 2 3 -1 -1 -1 -1 -1 -1 367631 0 15 40 20 22 2 6 2 5
0 0 0 6 1 1 1 1 5 6 1 2 3 -1 -1 -1 -1 -1 -1 368098 0 15 40 20 22 2 6 2 5
0 0 0 7 1 1 1 1 5 6 1 2 3 3 5 4 4 1 1 368531 0 15 40 20 22 2 5 2 5
0 0 0 6 1 1 1 1 5 6 1 2 3 -1 -1 -1 -1 -1 -1 368998 0 15 40 20 22 2 5 2 5
0 0 0 6 1 1 4 1 5 6 1 2 3 -1 -1 -1 -1 -1 -1 369464 1 15 40 20 22 2 5 2 5
0 0 0 6 1 1 1 1 5 6 1 2 3 -1 -1 -1 -1 -1 -1 369897 0 15 40 20 22 2 5 2 5
0 0 0 7 1 1 1 1 5 6 1 2 3 3 5 4 4 1 1 370364 0 15 40 20 22 2 6 2 5
0 0 0 6 1 1 1 1 5 6 1 2 3 -1 -1 -1 -1 -1 -1 370797 0 15 40 21 23 2 6 2 5
0 0 0 6 4 1 1 1 5 6 1 2 3 -1 -1 -1 -1 -1 -1 371230 1 15 40 21 23 2 6 2 5
0 0 0 1 6 1 1 1 5 6 1 2 4 -1 -1 -1 -1 -1 -1 371664 0 15 40 21 23 2 6 2 5
0 0 0 1 8 2 1 1 5 6 1 2 4 5 5 4 4 1 0 372097 0 15 40 21 23 2 6 2 5
0 0 0 1 1 6 1 1 5 6 1 2 5 -1 -1 -1 -1 -1 -1 372563 0 15 40 20 22 2 6 2 5
0 0 0 1 6 1 1 4 5 6 1 2 4 -1 -1 -1 -1 -1 -1 372997 1 15 40 20 22 2 6 2 5
0 0 0 1 6 1 1 1 5 6 1 2 4 -1 -1 -1 -1 -1 -1 373463 0 15 40 20 22 2 6 2 5
0 0 0 1 7 1 1 1 5 6 1 2 4 4 5 4 4 1 1 373930 0 15 40 20 22 2 8 0 5
0 0 0 1 1 6 1 1 5 6 1 2 5 -1 -1 -1 -1 -1 -1 374363 0 15 40 20 22 2 8 0 5
0 0 0 1 4 6 1 1 5 6 1 2 5 -1 -1 -1 -1 -1 -1 374830 1 15 40 20 22 2 8 0 5
0 0 0 1 6 1 1 1 5 6 1 2 4 -1 -1 -1 -1 -1 -1 375296 0 15 40 20 22 2 8 0 5
0 0 0 7 1 1 1 1 5 6 1 2 3 3 5 4 4 1 1 375729 0 15 40 20 22 2 6 2 5
0 0 0 6 1 1 1 1 5 6 1 2 3 -1 -1 -1 -1 -1 -1 376163 0 15 40 21 23 2 6 2 5
0 0 0 6 1 1 4 1 5 6 1 2 3 -1 -1 -1 -1 -1 -1 376596 1 15 40 21 23 2 6 2 5
0 0 0 6 1 1 1 1 5 6 1 2 3 -1 -1 -1 -1 -1 -1 377062 0 15 40 21 23 2 6 2 5
0 0 0 7 1 1 1 1 5 6 1 2 3 3 5 4 4 1 1 377496 0 15 40 21 23 2 5 2 5
0 0 0 1 6 1 1 1 5 6 1 2 4 -1 -1 -1 -1 -1 -1 377929 0 15 40 21 23 2 5 2 5
0 0 0 4 1 6 1 1 5 6 1 2 5 -1 -1 -1 -1 -1 -1 378362 1 15 40 21 23 2 5 2 5
0 0 0 1 6 1 1 1 5 6 1 2 4 -1 -1 -1 -1 -1 -1 378795 0 15 40 21 23 2 5 2 5
0 0 0 7 1 1 1 1 5 6 1 2 3 3 5 4 4 1 1 379228 0 15 40 21 23 2 6 2 5
0 0 0 6 1 1 1 1 5 6 1 2 3 -1 -1 -1 -1 -1 -1 379628 0 15 40 22 24 2 6 2 5
0 0 0 1 6 1 1 4 5 6 1 2 4 -1 -1 -1 -1 -1 -1 380062 1 15 40 22 24 2 6 2 5
0 0 0 1 1 6 1 1 5 6 1 2 5 -1 -1 -1 -1 -1 -1 380462 0 15 40 22 24 2 6 2 5
0 0 0 1 1 7 1 1 5 6 1 2 5 5 5 4 4 1 1 380895 0 15 40 22 24 2 6 2 5
0 0 0 1 1 6 1 1 5 6 1 2 5 -1 -1 -1 -1 -1 -1 381295 0 15 40 22 24 2 6 2 5
0 0 0 1 4 1 6 1 5 6 1 2 6 -1 -1 -1 -1 -1 -1 381728 1 15 40 22 24 2 6 2 5
0 0 0 1 1 1 6 1 5 6 1 2 6 -1 -1 -1 -1 -1 -1 382128 0 15 40 22 24 2 6 2 5
0 0 0 1 1 1 7 1 5 6 1 2 6 6 5 4 4 1 1 382561 0 15 40 22 24 2 5 2 5
0 0 0 1 1 1 6 1 5 6 1 2 6 -1 -1 -1 -1 -1 -1 382961 0 15 40 23 25 2 5 2 5
0 0 0 1 4 6 1 1 5 6 1 2 5 -1 -1 -1 -1 -1 -1 383361 1 15 40 23 25 2 5 2 5
0 0 0 1 1 6 1 1 5 6 1 2 5 -1 -1 -1 -1 -1 -1 383761 0 15 40 23 25 2 5 2 5
0 0 0 1 1 7 1 1 5 6 1 2 5 5 5 4 4 1 1 384161 0 15 40 23 25 2 6 2 5
0 0 0 1 1 6 1 1 5 6 1 2 5 -1 -1 -1 -1 -1 -1 384561 0 15 40 23 25 2 6 2 5
0 0 0 1 1 6 4 1 5 6 1 2 5 -1 -1 -1 -1 -1 -1 384960 1 15 40 23 25 2 6 2 5
0 0 0 1 1 1 6 1 5 6 1 2 6 -1 -1 -1 -1 -1 -1 385360 0 15 40 23 25 2 6 2 5
0 0 0 1 1 1 1 7 5 6 1 2 7 7 5 4 4 1 1 385760 0 15 40 23 25 2 6 2 5
0 0 0 1 1 1 6 1 5 6 1 2 6 -1 -1 -1 -1 -1 -1 386160 0 15 40 24 25.5 2 6 2 5
0 0 0 4 1 1 6 1 5 6 1 2 6 -1 -1 -1 -1 -1 -1 386527 1 15 40 24 25.5 2 6 2 5
0 0 0 1 1 6 1 1 5 6 1 2 5 -1 -1 -1 -1 -1 -1 386927 0 15 40 24 25.5 2 6 2 5
0 0 0 1 1 7 1 1 5 6 1 2 5 5 5 4 4 1 1 387327 0 15 40 24 25.5 2 8 0 5
0 0 0 1 1 1 6 1 5 6 1 2 6 -1 -1 -1 -1 -1 -1 387726 0 15 40 24 25.5 2 8 0 5
0 0 0 1 1 4 6 1 5 6 1 2 6 -1 -1 -1 -1 -1 -1 388093 1 15 40 24 25.5 2 8 0 5
0 0 0 1 1 1 6 1 5 6 1 2 6 -1 -1 -1 -1 -1 -1 388493 0 15 40 24 25.5 2 8 0 5
0 0 0 1 1 1 7 1 5 6 1 2 6 6 5 4 4 1 1 388893 0 15 40 24 25.5 2 6 2 5
0 0 0 0 1 6 1 0 6 2 1 0 5 -1 -1 -1 -1 -1 -1 398824 0 15 18 18 60 2 8 0 3
0 0 0 0 1 6 1 0 6 2 1 0 5 -1 -1 -1 -1 -1 -1 398990 0 15 18 18 60 2 8 0 3
0 0 0 0 1 6 1 0 6 2 1 0 5 -1 -1 -1 -1 -1 -1 399157 0 15 18 18 60 2 4 2 3
0 0 0 0 1 6 1 0 6 2 1 0 5 -1 -1 -1 -1 -1 -1 399324 0 15 18 18 51.8 2 4 2 3
0 0 0 0 1 6 1 0 6 2 1 0 5 -1 -1 -1 -1 -1 -1 399590 0 15 18 18 29.9333 2 4 2 3
0 0 0 0 1 6 1 0 6 2 1 0 5 -1 -1 -1 -1 -1 -1 400057 0 15 18 18 19 2 4 2 3
0 0 0 0 1 6 1 0 6 2 1 0 5 -1 -1 -1 -1 -1 -1 400590 0 15 18 18 19 2 5 2 3
0 0 0 0 1 6 1 0 6 2 1 0 5 -1 -1 -1 -1 -1 -1 401090 0 15 18 18 19 2 5 2 3
0 0 0 0 1 6 1 0 6 2 1 0 5 -1 -1 -1 -1 -1 -1 401623 0 15 18 18 19 2 5 2 3
0 0 0 0 1 6 1 0 6 2 1 0 5 -1 -1 -1 -1 -1 -1 402156 0 15 18 18 19 2 5 2 3
0 0 0 0 1 6 3 0 6 2 1 0 5 6 5 4 2 0 0 402689 0 15 18 18 19 2 5 2 3
0 0 0 0 1 6 1 0 6 2 1 0 5 -1 -1 -1 -1 -1 -1 403223 0 15 18 18 19 2 5 2 3
0 0 0 0 1 1 6 0 6 2 1 0 6 -1 -1 -1 -1 -1 -1 403723 0 15 18 18 19 2 5 2 3
0 0 0 0 1 1 6 0 6 2 1 0 6 -1 -1 -1 -1 -1 -1 404256 0 15 18 18 19 2 5 2 3
0 0 0 0 1 3 6 0 6 2 1 0 6 5 5 4 3 0 0 404789 0 15 18 18 19 2 6 2 3
0 0 0 0 1 1 6 0 6 2 1 0 6 -1 -1 -1 -1 -1 -1 405322 0 15 18 18 19 2 6 2 3
0 0 0 0 1 6 1 0 6 2 1 0 5 -1 -1 -1 -1 -1 -1 405855 0 15 18 18 19 2 6 2 3
0 0 0 0 1 6 1 0 6 2 1 0 5 -1 -1 -1 -1 -1 -1 406355 0 15 18 18 19 2 6 2 3
0 0 0 0 3 6 1 0 6 2 1 0 5 4 5 4 1 0 0 406888 0 15 18 18 19 2 4 2 3
0 0 0 0 1 6 1 0 6 2 1 0 5 -1 -1 -1 -1 -1 -1 407422 0 15 18 18 19 2 4 2 3
0 0 0 0 1 6 1 0 6 2 1 0 5 -1 -1 -1 -1 -1 -1 407955 0 15 18 18 19 2 4 2 3
0 0 0 0 1 6 1 0 6 2 1 0 5 -1 -1 -1 -1 -1 -1 408455 0 15 18 18 19 2 4 2 3
0 0 0 0 1 6 3 0 6 2 1 0 5 6 5 4 2 0 0 408988 0 15 18 18 19 2 5 2 3
0 0 0 0 1 6 1 0 6 2 1 0 5 -1 -1 -1 -1 -1 -1 409521 0 15 18 18 19 2 5 2 3
0 0 0 0 1 6 1 0 6 2 1 0 5 -1 -1 -1 -1 -1 -1 410054 0 15 18 18 19 2 5 2 3
0 0 0 0 1 6 1 0 6 2 1 0 5 -1 -1 -1 -1 -1 -1 410587 0 15 18 18 19 2 5 2 3
0 0 0 0 1 6 3 0 6 2 1 0 5 6 5 4 1 0 0 411087 0 15 18 18 19 2 4 2 3
0 0 0 0 1 6 1 0 6 2 1 0 5 -1 -1 -1 -1 -1 -1 411621 0 15 18 18 19 2 4 2 3
0 0 0 0 1 1 6 0 6 2 1 0 6 -1 -1 -1 -1 -1 -1 412154 0 15 18 18 19 2 4 2 3
0 0 0 0 1 1 6 0 6 2 1 0 6 -1 -1 -1 -1 -1 -1 412687 0 15 18 18 19 2 4 2 3
0 0 0 0 1 1 7 0 6 2 1 0 6 6 5 4 1 1 1 413220 0 15 18 18 19 2 8 0 3
0 0 0 0 1 6 1 0 6 2 1 0 5 -1 -1 -1 -1 -1 -1 413720 0 15 18 18 19 2 8 0 3
0 0 0 0 1 6 1 0 6 2 1 0 5 -1 -1 -1 -1 -1 -1 414253 0 15 18 18 19 2 8 0 3
0 0 0 0 6 1 1 0 6 2 1 0 4 -1 -1 -1 -1 -1 -1 414786 0 15 18 18 19 2 8 0 3
0 0 0 0 7 1 1 0 6 2 1 0 4 4 5 4 1 1 1 415320 0 15 18 18 19 2 4 2 3
0 0 0 0 1 6 1 0 6 2 1 0 5 -1 -1 -1 -1 -1 -1 415820 0 15 18 18 19 2 4 2 3
0 0 0 0 1 1 6 0 6 2 1 0 6 -1 -1 -1 -1 -1 -1 416353 0 15 18 18 19 2 4 2 3
0 0 0 0 1 1 6 0 6 2 1 0 6 -1 -1 -1 -1 -1 -1 416886 0 15 18 18 19 2 4 2 3
0 0 0 0 1 1 7 0 6 2 1 0 6 6 5 4 1 1 1 417419 0 15 18 18 19 2 5 2 3
0 0 0 0 1 1 6 0 6 2 1 0 6 -1 -1 -1 -1 -1 -1 417952 0 15 18 18 19 2 5 2 3
0 0 0 0 1 6 1 0 6 2 1 0 5 -1 -1 -1 -1 -1 -1 418452 0 15 18 18 19 2 5 2 3
0 0 0 0 1 6 1 0 6 2 1 0 5 -1 -1 -1 -1 -1 -1 418985 0 15 18 18 19 2 5 2 3
0 0 0 0 1 6 3 0 6 2 1 0 5 6 5 4 3 0 0 419519 0 15 18 18 19 2 5 2 3
0 0 0 0 1 6 1 0 6 2 1 0 5 -1 -1 -1 -1 -1 -1 420052 0 15 18 18 19 2 5 2 3
0 0 0 0 1 6 1 0 6 2 1 0 5 -1 -1 -1 -1 -1 -1 420585 0 15 18 18 19 2 5 2 3
0 0 0 0 1 6 1 0 6 2 1 0 5 -1 -1 -1 -1 -1 -1 421085 0 15 18 18 19 2 5 2 3
0 0 0 0 3 6 1 0 6 2 1 0 5 4 5 4 1 0 0 421618 0 15 18 18 19 2 6 2 3
0 0 0 0 1 6 1 0 6 2 1 0 5 -1 -1 -1 -1 -1 -1 422151 0 15 18 18 19 2 6 2 3
0 0 0 0 1 6 1 0 6 2 1 0 5 -1 -1 -1 -1 -1 -1 422685 0 15 18 18 19 2 6 2 3
0 0 0 0 1 6 1 0 6 2 1 0 5 -1 -1 -1 -1 -1 -1 423184 0 15 18 18 19 2 6 2 3
0 0 0 0 3 6 1 0 6 2 1 0 5 4 5 4 2 0 0 423718 0 15 18 18 19 2 4 2 3
0 0 0 0 1 6 1 0 6 2 1 0 5 -1 -1 -1 -1 -1 -1 424251 0 15 18 18 19 2 4 2 3
0 0 0 0 1 6 1 0 6 2 1 0 5 -1 -1 -1 -1 -1 -1 424784 0 15 18 18 19 2 4 2 3
0 0 0 0 1 6 1 0 6 2 1 0 5 -1 -1 -1 -1 -1 -1 425317 0 15 18 18 19 2 4 2 3
0 0 0 0 3 6 1 0 6 2 1 0 5 4 5 4 1 0 0 425817 0 15 18 18 19 2 5 2 3
0 0 0 0 1 6 1 0 6 2 1 0 5 -1 -1 -1 -1 -1 -1 426350 0 15 18 18 19 2 5 2 3
0 0 0 0 1 6 1 0 6 2 1 0 5 -1 -1 -1 -1 -1 -1 426884 0 15 18 18 19 2 5 2 3
0 0 0 0 1 6 1 0 6 2 1 0 5 -1 -1 -1 -1 -1 -1 427417 0 15 18 18 19 2 5 2 3
0 0 0 0 3 6 1 0 6 2 1 0 5 4 5 4 3 0 0 427950 0 15 18 18 19 2 4 2 3
0 0 0 0 1 6 1 0 6 2 1 0 5 -1 -1 -1 -1 -1 -1 428450 0 15 18 18 19 2 4 2 3
0 0 0 0 1 6 1 0 6 2 1 0 5 -1 -1 -1 -1 -1 -1 428983 0 15 18 18 19 2 4 2 3
0 0 0 0 6 1 1 0 6 2 1 0 4 -1 -1 -1 -1 -1 -1 429516 0 15 18 18 19 2 4 2 3
0 0 0 0 6 3 1 0 6 2 1 0 4 5 5 4 1 0 0 430049 0 15 18 18 19 2 8 0 3
0 0 0 0 6 1 1 0 6 2 1 0 4 -1 -1 -1 -1 -1 -1 430549 0 15 18 18 19 2 8 0 3
0 0 0 0 1 6 1 0 6 2 1 0 5 -1 -1 -1 -1 -1 -1 431082 0 15 18 18 19 2 8 0 3
0 0 0 0 1 6 1 0 6 2 1 0 5 -1 -1 -1 -1 -1 -1 431616 0 15 18 18 19 2 8 0 3
0 0 0 0 3 6 1 0 6 2 1 0 5 4 5 4 2 0 0 432149 0 15 18 18 19 2 4 2 3
0 0 0 0 1 6 1 0 6 2 1 0 5 -1 -1 -1 -1 -1 -1 432682 0 15 18 18 19 2 4 2 3
0 0 0 0 1 6 1 0 6 2 1 0 5 -1 -1 -1 -1 -1 -1 433182 0 15 18 18 19 2 4 2 3
0 0 0 0 6 1 1 0 6 2 1 0 4 -1 -1 -1 -1 -1 -1 433715 0 15 18 18 19 2 4 2 3
0 0 0 0 7 1 1 0 6 2 1 0 4 4 5 4 2 1 1 434248 0 15 18 18 19 2 5 2 3
0 0 0 0 1 6 1 0 6 2 1 0 5 -1 -1 -1 -1 -1 -1 434782 0 15 18 18 19 2 5 2 3
0 0 0 0 1 6 1 0 6 2 1 0 5 -1 -1 -1 -1 -1 -1 435315 0 15 18 18 19 2 5 2 3
0 0 0 0 1 6 1 0 6 2 1 0 5 -1 -1 -1 -1 -1 -1 435815 0 15 18 18 19 2 5 2 3
0 0 0 0 1 7 1 0 6 2 1 0 5 5 5 4 2 1 1 436348 0 15 18 18 19 2 5 2 3
0 0 0 0 1 6 1 0 6 2 1 0 5 -1 -1 -1 -1 -1 -1 436881 0 15 18 18 19 2 5 2 3
0 0 0 0 1 6 1 0 6 2 1 0 5 -1 -1 -1 -1 -1 -1 437414 0 15 18 18 19 2 5 2 3
0 0 0 0 1 6 1 0 6 2 1 0 5 -1 -1 -1 -1 -1 -1 437914 0 15 18 18 19 2 5 2 3
0 0 0 0 3 6 1 0 6 2 1 0 5 4 5 4 3 0 0 438447 0 15 18 18 19 2 6 2 3
0 0 0 0 1 6 1 0 6 2 1 0 5 -1 -1 -1 -1 -1 -1 438981 0 15 18 18 19 2 6 2 3
0 0 0 0 6 1 1 0 6 2 1 0 4 -1 -1 -1 -1 -1 -1 439514 0 15 18 18 19 2 6 2 3
0 0 0 0 6 1 1 0 6 2 1 0 4 -1 -1 -1 -1 -1 -1 440047 0 15 18 18 19 2 6 2 3
0 0 0 0 7 1 1 0 6 2 1 0 4 4 5 4 3 1 1 440547 0 15 18 18 19 2 4 2 3
0 0 0 0 6 1 1 0 6 2 1 0 4 -1 -1 -1 -1 -1 -1 441080 0 15 18 18 19 2 4 2 3
0 0 0 0 1 6 1 0 6 2 1 0 5 -1 -1 -1 -1 -1 -1 441613 0 15 18 18 19 2 4 2 3
0 0 0 0 6 1 1 0 6 2 1 0 4 -1 -1 -1 -1 -1 -1 442146 0 15 18 18 19 2 4 2 3
0 0 0 0 6 3 1 0 6 2 1 0 4 5 5 4 1 0 0 442680 0 15 18 18 19 2 5 2 3
0 0 0 0 1 6 1 0 6 2 1 0 5 -1 -1 -1 -1 -1 -1 443180 0 15 18 18 19 2 5 2 3
0 0 0 0 1 6 1 0 6 2 1 0 5 -1 -1 -1 -1 -1 -1 443713 0 15 18 18 19 2 5 2 3
0 0 0 0 6 1 1 0 6 2 1 0 4 -1 -1 -1 -1 -1 -1 444246 0 15 18 18 19 2 5 2 3
0 0 0 0 6 3 1 0 6 2 1 0 4 5 5 4 0 0 0 444779 0 15 18 18 19 2 4 2 3
0 0 0 0 6 1 1 0 6 2 1 0 4 -1 -1 -1 -1 -1 -1 445279 0 15 18 18 19 2 4 2 3
0 0 0 0 1 6 1 0 6 2 1 0 5 -1 -1 -1 -1 -1 -1 445812 0 15 18 18 19 2 4 2 3
0 0 0 0 6 1 1 0 6 2 1 0 4 -1 -1 -1 -1 -1 -1 446345 0 15 18 18 19 2 4 2 3
0 0 0 0 7 1 1 0 6 2 1 0 4 4 5 4 0 1 1 446879 0 15 18 18 19 2 8 0 3
0 0 0 0 6 1 1 0 6 2 1 0 4 -1 -1 -1 -1 -1 -1 447412 0 15 18 18 19 2 8 0 3
0 0 0 0 1 6 1 0 6 2 1 0 5 -1 -1 -1 -1 -1 -1 447912 0 15 18 18 19 2 8 0 3
0 0 0 0 1 6 1 0 6 2 1 0 5 -1 -1 -1 -1 -1 -1 448445 0 15 18 18 19 2 8 0 3
0 0 0 0 1 7 1 0 6 2 1 0 5 5 5 4 0 1 1 448978 0 15 18 18 19 2 4 2 3
0 0 0 1 1 6 1 1 7 1 1 2 5 -1 -1 -1 -1 -1 -1 462508 0 15 18 17 60 2 8 0 5
0 0 0 1 1 6 1 1 7 1 1 2 5 -1 -1 -1 -1 -1 -1 462675 0 15 18 17 60 2 8 0 5
0 0 0 1 1 6 1 1 7 1 1 2 5 -1 -1 -1 -1 -1 -1 462841 0 15 18 17 60 2 5 2 5
0 0 0 1 1 6 1 1 7 1 1 2 5 -1 -1 -1 -1 -1 -1 463008 0 15 18 17 51.2 2 5 2 5
0 0 0 1 1 6 1 1 7 1 1 2 5 -1 -1 -1 -1 -1 -1 463275 0 15 18 17 27.7333 2 5 2 5
0 0 0 1 1 6 1 1 7 1 1 2 5 -1 -1 -1 -1 -1 -1 463841 0 15 18 17 16 2 5 2 5
0 0 0 1 1 6 1 1 7 1 1 2 5 -1 -1 -1 -1 -1 -1 464474 0 15 18 17 16 2 4 2 5
0 0 0 1 1 6 1 1 7 1 1 2 5 -1 -1 -1 -1 -1 -1 465108 0 15 18 17 16 2 4 2 5
0 0 0 1 1 1 6 1 7 1 1 2 6 -1 -1 -1 -1 -1 -1 465707 0 15 18 17 16 2 4 2 5
0 0 0 1 1 1 6 1 7 1 1 2 6 -1 -1 -1 -1 -1 -1 466341 0 15 18 17 16 2 4 2 5
0 0 0 1 1 3 6 1 7 1 1 2 6 5 4 7 2 0 0 466974 0 15 18 17 16 2 6 2 5
0 0 0 1 1 1 6 1 7 1 1 2 6 -1 -1 -1 -1 -1 -1 467607 0 15 18 17 16 2 6 2 5
0 0 0 1 1 4 6 1 7 1 1 2 6 -1 -1 -1 -1 -1 -1 468207 1 15 18 17 16 2 6 2 5
0 0 0 1 1 6 1 1 7 1 1 2 5 -1 -1 -1 -1 -1 -1 468840 0 15 18 17 16 2 6 2 5
0 0 0 1 1 6 3 1 7 1 1 2 5 6 4 8 3 0 0 469473 0 15 18 17 16 2 4 2 5
0 0 0 1 1 6 1 1 7 1 1 2 5 -1 -1 -1 -1 -1 -1 470106 0 15 18 17 16 2 4 2 5
0 0 0 1 1 1 6 4 7 1 1 2 6 -1 -1 -1 -1 -1 -1 470706 1 15 18 17 16 2 4 2 5
0 0 0 1 1 1 6 1 7 1 1 2 6 -1 -1 -1 -1 -1 -1 471339 0 15 18 17 16 2 4 2 5
0 0 0 1 1 1 7 1 7 1 1 2 6 6 4 8 3 1 1 471973 0 15 18 17 16 2 6 2 5
0 0 0 1 1 1 6 1 7 1 1 2 6 -1 -1 -1 -1 -1 -1 472606 0 15 18 17 16 2 6 2 5
0 0 0 1 4 6 1 1 7 1 1 2 5 -1 -1 -1 -1 -1 -1 473206 1 15 18 17 16 2 6 2 5
0 0 0 1 1 6 1 1 7 1 1 2 5 -1 -1 -1 -1 -1 -1 473839 0 15 18 17 16 2 6 2 5
0 0 0 1 3 6 1 1 7 1 1 2 5 4 4 5 0 0 0 474472 0 15 18 17 16 2 5 2 5
0 0 0 1 1 6 1 1 7 1 1 2 5 -1 -1 -1 -1 -1 -1 475105 0 15 18 17 16 2 5 2 5
0 0 0 4 1 6 1 1 7 1 1 2 5 -1 -1 -1 -1 -1 -1 475705 1 15 18 17 16 2 5 2 5
0 0 0 1 1 6 1 1 7 1 1 2 5 -1 -1 -1 -1 -1 -1 476338 0 15 18 17 16 2 5 2 5
0 0 0 3 1 6 1 1 7 1 1 2 5 3 4 7 2 0 0 476971 0 15 18 17 16 2 6 2 5
0 0 0 1 6 1 1 1 7 1 1 2 4 -1 -1 -1 -1 -1 -1 477604 0 15 18 17 16 2 6 2 5
0 0 0 1 6 4 1 1 7 1 1 2 4 -1 -1 -1 -1 -1 -1 478204 1 15 18 17 16 2 6 2 5
0 0 0 1 1 6 1 1 7 1 1 2 5 -1 -1 -1 -1 -1 -1 478837 0 15 18 17 16 2 6 2 5
0 0 0 1 3 6 1 1 7 1 1 2 5 4 4 8 3 0 0 479471 0 15 18 17 16 2 8 0 5
0 0 0 1 6 1 1 1 7 1 1 2 4 -1 -1 -1 -1 -1 -1 480104 0 15 18 17 16 2 8 0 5
0 0 0 1 6 4 1 1 7 1 1 2 4 -1 -1 -1 -1 -1 -1 480704 1 15 18 17 16 2 8 0 5
0 0 0 1 1 6 1 1 7 1 1 2 5 -1 -1 -1 -1 -1 -1 481337 0 15 18 17 16 2 8 0 5
0 0 0 1 1 6 3 1 7 1 1 2 5 6 4 6 1 0 0 481970 0 15 18 17 16 2 5 2 5
0 0 0 1 1 6 1 1 7 1 1 2 5 -1 -1 -1 -1 -1 -1 482570 0 15 18 17 16 2 5 2 5
0 0 0 1 4 6 1 1 7 1 1 2 5 -1 -1 -1 -1 -1 -1 483203 1 15 18 17 16 2 5 2 5
0 0 0 1 6 1 1 1 7 1 1 2 4 -1 -1 -1 -1 -1 -1 483836 0 15 18 17 16 2 5 2 5
0 0 0 1 7 1 1 1 7 1 1 2 4 4 4 6 1 1 1 484469 0 15 18 17 16 2 4 2 5
0 0 0 1 1 6 1 1 7 1 1 2 5 -1 -1 -1 -1 -1 -1 485003 0 15 18 18 19 2 4 2 5
0 0 0 4 1 6 1 1 7 1 1 2 5 -1 -1 -1 -1 -1 -1 485536 1 15 18 18 19 2 4 2 5
0 0 0 1 1 6 1 1 7 1 1 2 5 -1 -1 -1 -1 -1 -1 486069 0 15 18 18 19 2 4 2 5
0 0 0 3 1 6 1 1 7 1 1 2 5 3 4 5 0 0 0 486569 0 15 18 18 19 2 6 2 5
0 0 0 1 1 6 1 1 7 1 1 2 5 -1 -1 -1 -1 -1 -1 487102 0 15 18 18 19 2 6 2 5
0 0 0 6 1 1 4 1 7 1 1 2 3 -1 -1 -1 -1 -1 -1 487635 1 15 18 18 19 2 6 2 5
0 0 0 6 1 1 1 1 7 1 1 2 3 -1 -1 -1 -1 -1 -1 488169 0 15 18 18 19 2 6 2 5
0 0 0 7 1 1 1 1 7 1 1 2 3 3 4 5 0 1 1 488702 0 15 18 18 19 2 4 2 5
0 0 0 1 6 1 1 1 7 1 1 2 4 -1 -1 -1 -1 -1 -1 489202 0 15 18 18 19 2 4 2 5
0 0 0 4 1 6 1 1 7 1 1 2 5 -1 -1 -1 -1 -1 -1 489735 1 15 18 18 19 2 4 2 5
0 0 0 1 6 1 1 1 7 1 1 2 4 -1 -1 -1 -1 -1 -1 490268 0 15 18 18 19 2 4 2 5
0 0 0 7 1 1 1 1 7 1 1 2 3 3 4 5 0 1 1 490801 0 15 18 18 19 2 6 2 5
0 0 0 1 6 1 1 1 7 1 1 2 4 -1 -1 -1 -1 -1 -1 491334 0 15 18 18 19 2 6 2 5
0 0 0 4 1 6 1 1 7 1 1 2 5 -1 -1 -1 -1 -1 -1 491834 1 15 18 18 19 2 6 2 5
0 0 0 1 1 6 1 1 7 1 1 2 5 -1 -1 -1 -1 -1 -1 492368 0 15 18 18 19 2 6 2 5
0 0 0 1 3 6 1 1 7 1 1 2 5 4 4 6 1 0 0 492901 0 15 18 18 19 2 5 2 5
0 0 0 1 1 6 1 1 7 1 1 2 5 -1 -1 -1 -1 -1 -1 493434 0 15 18 18 19 2 5 2 5
0 0 0 1 6 1 4 1 7 1 1 2 4 -1 -1 -1 -1 -1 -1 493934 1 15 18 18 19 2 5 2 5
0 0 0 1 6 1 1 1 7 1 1 2 4 -1 -1 -1 -1 -1 -1 494467 0 15 18 18 19 2 5 2 5
0 0 0 1 6 3 1 1 7 1 1 2 4 5 4 5 0 0 0 495000 0 15 18 18 19 2 6 2 5
0 0 0 1 1 6 1 1 7 1 1 2 5 -1 -1 -1 -1 -1 -1 495533 0 15 18 18 19 2 6 2 5
0 0 0 1 4 6 1 1 7 1 1 2 5 -1 -1 -1 -1 -1 -1 496067 1 15 18 18 19 2 6 2 5
0 0 0 1 6 1 1 1 7 1 1 2 4 -1 -1 -1 -1 -1 -1 496567 0 15 18 18 19 2 6 2 5
0 0 0 1 6 3 1 1 7 1 1 2 4 5 4 7 2 0 0 497100 0 15 18 18 19 2 8 0 5
0 0 0 1 6 1 1 1 7 1 1 2 4 -1 -1 -1 -1 -1 -1 497633 0 15 18 18 19 2 8 0 5
0 0 0 1 6 4 1 1 7 1 1 2 4 -1 -1 -1 -1 -1 -1 498166 1 15 18 18 19 2 8 0 5
0 0 0 1 1 6 1 1 7 1 1 2 5 -1 -1 -1 -1 -1 -1 498699 0 15 18 18 19 2 8 0 5
0 0 0 1 1 7 1 1 7 1 1 2 5 5 4 7 2 1 1 499199 0 15 18 18 19 2 5 2 5
0 0 0 1 1 6 1 1 7 1 1 2 5 -1 -1 -1 -1 -1 -1 499732 0 15 18 18 19 2 5 2 5
0 0 0 1 1 6 4 1 7 1 1 2 5 -1 -1 -1 -1 -1 -1 500266 1 15 18 18 19 2 5 2 5
0 0 0 1 1 1 6 1 7 1 1 2 6 -1 -1 -1 -1 -1 -1 500799 0 15 18 18 19 2 5 2 5
0 0 0 1 1 1 7 1 7 1 1 2 6 6 4 7 2 1 1 501299 0 15 18 18 19 2 4 2 5
0 0 0 1 1 1 6 1 7 1 1 2 6 -1 -1 -1 -1 -1 -1 501832 0 15 18 18 19 2 4 2 5
0 0 0 1 1 4 6 1 7 1 1 2 6 -1 -1 -1 -1 -1 -1 502365 1 15 18 18 19 2 4 2 5
0 0 0 1 1 6 1 1 7 1 1 2 5 -1 -1 -1 -1 -1 -1 502898 0 15 18 18 19 2 4 2 5
0 0 0 1 6 1 3 1 7 1 1 2 4 6 4 8 3 0 0 503431 0 15 18 18 19 2 6 2 5
0 0 0 1 6 1 1 1 7 1 1 2 4 -1 -1 -1 -1 -1 -1 503931 0 15 18 18 19 2 6 2 5
0 0 0 1 6 4 1 1 7 1 1 2 4 -1 -1 -1 -1 -1 -1 504465 1 15 18 18 19 2 6 2 5
0 0 0 1 1 6 1 1 7 1 1 2 5 -1 -1 -1 -1 -1 -1 504998 0 15 18 18 19 2 6 2 5
0 0 0 1 1 7 1 1 7 1 1 2 5 5 4 8 3 1 1 505531 0 15 18 18 19 2 4 2 5
0 0 0 1 1 6 1 1 7 1 1 2 5 -1 -1 -1 -1 -1 -1 506064 0 15 18 18 19 2 4 2 5
0 0 0 1 1 6 1 4 7 1 1 2 5 -1 -1 -1 -1 -1 -1 506564 1 15 18 18 19 2 4 2 5
0 0 0 1 1 6 1 1 7 1 1 2 5 -1 -1 -1 -1 -1 -1 507097 0 15 18 18 19 2 4 2 5
0 0 0 1 3 6 1 1 7 1 1 2 5 4 4 6 1 0 0 507630 0 15 18 18 19 2 6 2 5
0 0 0 1 6 1 1 1 7 1 1 2 4 -1 -1 -1 -1 -1 -1 508164 0 15 18 18 19 2 6 2 5
0 0 0 1 6 4 1 1 7 1 1 2 4 -1 -1 -1 -1 -1 -1 508697 1 15 18 18 19 2 6 2 5
0 0 0 1 1 6 1 1 7 1 1 2 5 -1 -1 -1 -1 -1 -1 509197 0 15 18 18 19 2 6 2 5
0 0 0 1 1 6 3 1 7 1 1 2 5 6 4 7 2 0 0 509730 0 15 18 18 19 2 5 2 5
0 0 0 1 1 6 1 1 7 1 1 2 5 -1 -1 -1 -1 -1 -1 510263 0 15 18 18 19 2 5 2 5
0 0 0 1 4 6 1 1 7 1 1 2 5 -1 -1 -1 -1 -1 -1 510796 1 15 18 18 19 2 5 2 5
0 0 0 1 1 6 1 1 7 1 1 2 5 -1 -1 -1 -1 -1 -1 511296 0 15 18 18 19 2 5 2 5
0 0 0 1 1 6 3 1 7 1 1 2 5 6 4 5 0 0 0 511829 0 15 18 18 19 2 6 2 5
0 0 0 1 1 6 1 1 7 1 1 2 5 -1 -1 -1 -1 -1 -1 512363 0 15 18 18 19 2 6 2 5
0 0 0 1 1 6 4 1 7 1 1 2 5 -1 -1 -1 -1 -1 -1 512896 1 15 18 18 19 2 6 2 5
0 0 0 1 1 6 1 1 7 1 1 2 5 -1 -1 -1 -1 -1 -1 513429 0 15 18 18 19 2 6 2 5
0 0 0 1 1 1 6 1 7 1 1 2 6 6 4 7 2 0 0 513929 0 15 18 18 19 2 8 0 5
0 0 0 1 1 1 6 1 7 1 1 2 6 -1 -1 -1 -1 -1 -1 514462 0 15 18 18 19 2 8 0 5
0 0 0 1 4 6 1 1 7 1 1 2 5 -1 -1 -1 -1 -1 -1 514995 1 15 18 18 19 2 8 0 5
0 0 0 1 1 6 1 1 7 1 1 2 5 -1 -1 -1 -1 -1 -1 515529 0 15 18 18 19 2 8 0 5
0 0 0 1 1 6 1 3 7 1 1 2 5 7 4 6 1 0 0 516062 0 15 18 18 19 2 5 2 5
0 0 0 1 1 6 1 1 7 1 1 2 5 -1 -1 -1 -1 -1 -1 516562 0 15 18 18 19 2 5 2 5
0 0 0 4 6 1 1 1 7 1 1 2 4 -1 -1 -1 -1 -1 -1 517095 1 15 18 18 19 2 5 2 5
0 0 0 1 6 1 1 1 7 1 1 2 4 -1 -1 -1 -1 -1 -1 517628 0 15 18 18 19 2 5 2 5
0 0 0 1 6 3 1 1 7 1 1 2 4 5 4 5 0 0 0 518161 0 15 18 18 19 2 4 2 5
0 0 0 1 6 1 1 1 7 1 1 2 4 -1 -1 -1 -1 -1 -1 518661 0 15 18 18 19 2 4 2 5
0 0 0 1 1 6 4 1 7 1 1 2 5 -1 -1 -1 -1 -1 -1 519194 1 15 18 18 19 2 4 2 5
0 0 0 1 1 6 1 1 7 1 1 2 5 -1 -1 -1 -1 -1 -1 519728 0 15 18 18 19 2 4 2 5
0 0 0 1 6 1 3 1 7 1 1 2 4 6 4 6 1 0 0 520261 0 15 18 18 19 2 6 2 5
0 0 0 1 6 1 1 1 7 1 1 2 4 -1 -1 -1 -1 -1 -1 520794 0 15 18 18 19 2 6 2 5
0 0 0 1 6 4 1 1 7 1 1 2 4 -1 -1 -1 -1 -1 -1 521294 1 15 18 18 19 2 6 2 5
0 0 0 1 6 1 1 1 7 1 1 2 4 -1 -1 -1 -1 -1 -1 521827 0 15 18 18 19 2 6 2 5
0 0 0 1 7 1 1 1 7 1 1 2 4 4 4 6 1 1 1 522360 0 15 18 18 19 2 4 2 5
0 0 0 1 1 6 1 1 7 1 1 2 5 -1 -1 -1 -1 -1 -1 462508 0 15 18 17 60 2 8 0 5
0 0 0 1 1 6 1 1 7 1 1 2 5 -1 -1 -1 -1 -1 -1 462675 0 15 18 17 60 2 8 0 5
0 0 0 1 1 6 1 1 7 1 1 2 5 -1 -1 -1 -1 -1 -1 462841 0 15 18 17 60 2 5 2 5
0 0 0 1 1 6 1 1 7 1 1 2 5 -1 -1 -1 -1 -1 -1 463008 0 15 18 17 51.2 2 5 2 5
0 0 0 1 1 6 1 1 7 1 1 2 5 -1 -1 -1 -1 -1 -1 463275 0 15 18 17 27.7333 2 5 2 5
0 0 0 1 1 6 1 1 7 1 1 2 5 -1 -1 -1 -1 -1 -1 463841 0 15 18 17 16 2 5 2 5
0 0 0 1 1 6 1 1 7 1 1 2 5 -1 -1 -1 -1 -1 -1 464474 0 15 18 17 16 2 4 2 5
0 0 0 1 1 6 1 1 7 1 1 2 5 -1 -1 -1 -1 -1 -1 465108 0 15 18 17 16 2 4 2 5
0 0 0 1 1 1 6 1 7 1 1 2 6 -1 -1 -1 -1 -1 -1 465707 0 15 18 17 16 2 4 2 5
0 0 0 1 1 1 6 1 7 1 1 2 6 -1 -1 -1 -1 -1 -1 466341 0 15 18 17 16 2 4 2 5
0 0 0 1 1 3 6 1 7 1 1 2 6 5 4 7 2 0 0 466974 0 15 18 17 16 2 6 2 5
0 0 0 1 1 1 6 1 7 1 1 2 6 -1 -1 -1 -1 -1 -1 467607 0 15 18 17 16 2 6 2 5
0 0 0 1 1 4 6 1 7 1 1 2 6 -1 -1 -1 -1 -1 -1 468207 1 15 18 17 16 2 6 2 5
0 0 0 1 1 6 1 1 7 1 1 2 5 -1 -1 -1 -1 -1 -1 468840 0 15 18 17 16 2 6 2 5
0 0 0 1 1 6 3 1 7 1 1 2 5 6 4 8 3 0 0 469473 0 15 18 17 16 2 4 2 5
0 0 0 1 1 6 1 1 7 1 1 2 5 -1 -1 -1 -1 -1 -1 470106 0 15 18 17 16 2 4 2 5
0 0 0 1 1 1 6 4 7 1 1 2 6 -1 -1 -1 -1 -1 -1 470706 1 15 18 17 16 2 4 2 5
0 0 0 1 1 1 6 1 7 1 1 2 6 -1 -1 -1 -1 -1 -1 471339 0 15 18 17 16 2 4 2 5
0 0 0 1 1 1 7 1 7 1 1 2 6 6 4 8 3 1 1 471973 0 15 18 17 16 2 6 2 5
0 0 0 1 1 1 6 1 7 1 1 2 6 -1 -1 -1 -1 -1 -1 472606 0 15 18 17 16 2 6 2 5
0 0 0 1 4 6 1 1 7 1 1 2 5 -1 -1 -1 -1 -1 -1 473206 1 15 18 17 16 2 6 2 5
0 0 0 1 1 6 1 1 7 1 1 2 5 -1 -1 -1 -1 -1 -1 473839 0 15 18 17 16 2 6 2 5
0 0 0 1 3 6 1 1 7 1 1 2 5 4 4 5 0 0 0 474472 0 15 18 17 16 2 5 2 5
0 0 0 1 1 6 1 1 7 1 1 2 5 -1 -1 -1 -1 -1 -1 475105 0 15 18 17 16 2 5 2 5
0 0 0 4 1 6 1 1 7 1 1 2 5 -1 -1 -1 -1 -1 -1 475705 1 15 18 17 16 2 5 2 5
0 0 0 1 1 6 1 1 7 1 1 2 5 -1 -1 -1 -1 -1 -1 476338 0 15 18 17 16 2 5 2 5
0 0 0 3 1 6 1 1 7 1 1 2 5 3 4 7 2 0 0 476971 0 15 18 17 16 2 6 2 5
0 0 0 1 6 1 1 1 7 1 1 2 4 -1 -1 -1 -1 -1 -1 477604 0 15 18 17 16 2 6 2 5
0 0 0 1 6 4 1 1 7 1 1 2 4 -1 -1 -1 -1 -1 -1 478204 1 15 18 17 16 2 6 2 5
0 0 0 1 1 6 1 1 7 1 1 2 5 -1 -1 -1 -1 -1 -1 478837 0 15 18 17 16 2 6 2 5
0 0 0 1 3 6 1 1 7 1 1 2 5 4 4 8 3 0 0 479471 0 15 18 17 16 2 8 0 5
0 0 0 1 6 1 1 1 7 1 1 2 4 -1 -1 -1 -1 -1 -1 480104 0 15 18 17 16 2 8 0 5
0 0 0 1 6 4 1 1 7 1 1 2 4 -1 -1 -1 -1 -1 -1 480704 1 15 18 17 16 2 8 0 5
0 0 0 1 1 6 1 1 7 1 1 2 5 -1 -1 -1 -1 -1 -1 481337 0 15 18 17 16 2 8 0 5
0 0 0 1 1 6 3 1 7 1 1 2 5 6 4 6 1 0 0 481970 0 15 18 17 16 2 5 2 5
0 0 0 1 1 6 1 1 7 1 1 2 5 -1 -1 -1 -1 -1 -1 482570 0 15 18 17 16 2 5 2 5
0 0 0 1 4 6 1 1 7 1 1 2 5 -1 -1 -1 -1 -1 -1 483203 1 15 18 17 16 2 5 2 5
0 0 0 1 6 1 1 1 7 1 1 2 4 -1 -1 -1 -1 -1 -1 483836 0 15 18 17 16 2 5 2 5
0 0 0 1 7 1 1 1 7 1 1 2 4 4 4 6 1 1 1 484469 0 15 18 17 16 2 4 2 5
0 0 0 1 1 6 1 1 7 1 1 2 5 -1 -1 -1 -1 -1 -1 485003 0 15 18 18 19 2 4 2 5
0 0 0 4 1 6 1 1 7 1 1 2 5 -1 -1 -1 -1 -1 -1 485536 1 15 18 18 19 2 4 2 5
0 0 0 1 1 6 1 1 7 1 1 2 5 -1 -1 -1 -1 -1 -1 486069 0 15 18 18 19 2 4 2 5
0 0 0 3 1 6 1 1 7 1 1 2 5 3 4 5 0 0 0 486569 0 15 18 18 19 2 6 2 5
0 0 0 1 1 6 1 1 7 1 1 2 5 -1 -1 -1 -1 -1 -1 487102 0 15 18 18 19 2 6 2 5
0 0 0 6 1 1 4 1 7 1 1 2 3 -1 -1 -1 -1 -1 -1 487635 1 15 18 18 19 2 6 2 5
0 0 0 6 1 1 1 1 7 1 1 2 3 -1 -1 -1 -1 -1 -1 488169 0 15 18 18 19 2 6 2 5
0 0 0 7 1 1 1 1 7 1 1 2 3 3 4 5 0 1 1 488702 0 15 18 18 19 2 4 2 5
0 0 0 1 6 1 1 1 7 1 1 2 4 -1 -1 -1 -1 -1 -1 489202 0 15 18 18 19 2 4 2 5
0 0 0 4 1 6 1 1 7 1 1 2 5 -1 -1 -1 -1 -1 -1 489735 1 15 18 18 19 2 4 2 5
0 0 0 1 6 1 1 1 7 1 1 2 4 -1 -1 -1 -1 -1 -1 490268 0 15 18 18 19 2 4 2 5
0 0 0 7 1 1 1 1 7 1 1 2 3 3 4 5 0 1 1 490801 0 15 18 18 19 2 6 2 5
0 0 0 1 6 1 1 1 7 1 1 2 4 -1 -1 -1 -1 -1 -1 491334 0 15 18 18 19 2 6 2 5
0 0 0 4 1 6 1 1 7 1 1 2 5 -1 -1 -1 -1 -1 -1 491834 1 15 18 18 19 2 6 2 5
0 0 0 1 1 6 1 1 7 1 1 2 5 -1 -1 -1 -1 -1 -1 492368 0 15 18 18 19 2 6 2 5
0 0 0 1 3 6 1 1 7 1 1 2 5 4 4 6 1 0 0 492901 0 15 18 18 19 2 5 2 5
0 0 0 1 1 6 1 1 7 1 1 2 5 -1 -1 -1 -1 -1 -1 493434 0 15 18 18 19 2 5 2 5
0 0 0 1 6 1 4 1 7 1 1 2 4 -1 -1 -1 -1 -1 -1 493934 1 15 18 18 19 2 5 2 5
0 0 0 1 6 1 1 1 7 1 1 2 4 -1 -1 -1 -1 -1 -1 494467 0 15 18 18 19 2 5 2 5
0 0 0 1 6 3 1 1 7 1 1 2 4 5 4 5 0 0 0 495000 0 15 18 18 19 2 6 2 5
0 0 0 1 1 6 1 1 7 1 1 2 5 -1 -1 -1 -1 -1 -1 495533 0 15 18 18 19 2 6 2 5
0 0 0 1 4 6 1 1 7 1 1 2 5 -1 -1 -1 -1 -1 -1 496067 1 15 18 18 19 2 6 2 5
0 0 0 1 6 1 1 1 7 1 1 2 4 -1 -1 -1 -1 -1 -1 496567 0 15 18 18 19 2 6 2 5
0 0 0 1 6 3 1 1 7 1 1 2 4 5 4 7 2 0 0 497100 0 15 18 18 19 2 8 0 5
0 0 0 1 6 1 1 1 7 1 1 2 4 -1 -1 -1 -1 -1 -1 497633 0 15 18 18 19 2 8 0 5
0 0 0 1 6 4 1 1 7 1 1 2 4 -1 -1 -1 -1 -1 -1 498166 1 15 18 18 19 2 8 0 5
0 0 0 1 1 6 1 1 7 1 1 2 5 -1 -1 -1 -1 -1 -1 498699 0 15 18 18 19 2 8 0 5
0 0 0 1 1 7 1 1 7 1 1 2 5 5 4 7 2 1 1 499199 0 15 18 18 19 2 5 2 5
0 0 0 1 1 6 1 1 7 1 1 2 5 -1 -1 -1 -1 -1 -1 499732 0 15 18 18 19 2 5 2 5
0 0 0 1 1 6 4 1 7 1 1 2 5 -1 -1 -1 -1 -1 -1 500266 1 15 18 18 19 2 5 2 5
0 0 0 1 1 1 6 1 7 1 1 2 6 -1 -1 -1 -1 -1 -1 500799 0 15 18 18 19 2 5 2 5
0 0 0 1 1 1 7 1 7 1 1 2 6 6 4 7 2 1 1 501299 0 15 18 18 19 2 4 2 5
0 0 0 1 1 1 6 1 7 1 1 2 6 -1 -1 -1 -1 -1 -1 501832 0 15 18 18 19 2 4 2 5
0 0 0 1 1 4 6 1 7 1 1 2 6 -1 -1 -1 -1 -1 -1 502365 1 15 18 18 19 2 4 2 5
0 0 0 1 1 6 1 1 7 1 1 2 5 -1 -1 -1 -1 -1 -1 502898 0 15 18 18 19 2 4 2 5
0 0 0 1 6 1 3 1 7 1 1 2 4 6 4 8 3 0 0 503431 0 15 18 18 19 2 6 2 5
0 0 0 1 6 1 1 1 7 1 1 2 4 -1 -1 -1 -1 -1 -1 503931 0 15 18 18 19 2 6 2 5
0 0 0 1 6 4 1 1 7 1 1 2 4 -1 -1 -1 -1 -1 -1 504465 1 15 18 18 19 2 6 2 5
0 0 0 1 1 6 1 1 7 1 1 2 5 -1 -1 -1 -1 -1 -1 504998 0 15 18 18 19 2 6 2 5
0 0 0 1 1 7 1 1 7 1 1 2 5 5 4 8 3 1 1 505531 0 15 18 18 19 2 4 2 5
0 0 0 1 1 6 1 1 7 1 1 2 5 -1 -1 -1 -1 -1 -1 506064 0 15 18 18 19 2 4 2 5
0 0 0 1 1 6 1 4 7 1 1 2 5 -1 -1 -1 -1 -1 -1 506564 1 15 18 18 19 2 4 2 5
0 0 0 1 1 6 1 1 7 1 1 2 5 -1 -1 -1 -1 -1 -1 507097 0 15 18 18 19 2 4 2 5
0 0 0 1 3 6 1 1 7 1 1 2 5 4 4 6 1 0 0 507630 0 15 18 18 19 2 6 2 5
0 0 0 1 6 1 1 1 7 1 1 2 4 -1 -1 -1 -1 -1 -1 508164 0 15 18 18 19 2 6 2 5
0 0 0 1 6 4 1 1 7 1 1 2 4 -1 -1 -1 -1 -1 -1 508697 1 15 18 18 19 2 6 2 5
0 0 0 1 1 6 1 1 7 1 1 2 5 -1 -1 -1 -1 -1 -1 509197 0 15 18 18 19 2 6 2 5
0 0 0 1 1 6 3 1 7 1 1 2 5 6 4 7 2 0 0 509730 0 15 18 18 19 2 5 2 5
0 0 0 1 1 6 1 1 7 1 1 2 5 -1 -1 -1 -1 -1 -1 510263 0 15 18 18 19 2 5 2 5
0 0 0 1 4 6 1 1 7 1 1 2 5 -1 -1 -1 -1 -1 -1 510796 1 15 18 18 19 2 5 2 5
0 0 0 1 1 6 1 1 7 1 1 2 5 -1 -1 -1 -1 -1 -1 511296 0 15 18 18 19 2 5 2 5
0 0 0 1 1 6 3 1 7 1 1 2 5 6 4 5 0 0 0 511829 0 15 18 18 19 2 6 2 5
0 0 0 1 1 6 1 1 7 1 1 2 5 -1 -1 -1 -1 -1 -1 512363 0 15 18 18 19 2 6 2 5
0 0 0 1 1 6 4 1 7 1 1 2 5 -1 -1 -1 -1 -1 -1 512896 1 15 18 18 19 2 6 2 5
0 0 0 1 1 6 1 1 7 1 1 2 5 -1 -1 -1 -1 -1 -1 513429 0 15 18 18 19 2 6 2 5
0 0 0 1 1 1 6 1 7 1 1 2 6 6 4 7 2 0 0 513929 0 15 18 18 19 2 8 0 5
0 0 0 1 1 1 6 1 7 1 1 2 6 -1 -1 -1 -1 -1 -1 514462 0 15 18 18 19 2 8 0 5
0 0 0 1 4 6 1 1 7 1 1 2 5 -1 -1 -1 -1 -1 -1 514995 1 15 18 18 19 2 8 0 5
0 0 0 1 1 6 1 1 7 1 1 2 5 -1 -1 -1 -1 -1 -1 515529 0 15 18 18 19 2 8 0 5
0 0 0 1 1 6 1 3 7 1 1 2 5 7 4 6 1 0 0 516062 0 15 18 18 19 2 5 2 5
0 0 0 1 1 6 1 1 7 1 1 2 5 -1 -1 -1 -1 -1 -1 516562 0 15 18 18 19 2 5 2 5
0 0 0 4 6 1 1 1 7 1 1 2 4 -1 -1 -1 -1 -1 -1 517095 1 15 18 18 19 2 5 2 5
0 0 0 1 6 1 1 1 7 1 1 2 4 -1 -1 -1 -1 -1 -1 517628 0 15 18 18 19 2 5 2 5
0 0 0 1 6 3 1 1 7 1 1 2 4 5 4 5 0 0 0 518161 0 15 18 18 19 2 4 2 5
0 0 0 1 6 1 1 1 7 1 1 2 4 -1 -1 -1 -1 -1 -1 518661 0 15 18 18 19 2 4 2 5
0 0 0 1 1 6 4 1 7 1 1 2 5 -1 -1 -1 -1 -1 -1 519194 1 15 18 18 19 2 4 2 5
0 0 0 1 1 6 1 1 7 1 1 2 5 -1 -1 -1 -1 -1 -1 519728 0 15 18 18 19 2 4 2 5
0 0 0 1 6 1 3 1 7 1 1 2 4 6 4 6 1 0 0 520261 0 15 18 18 19 2 6 2 5
0 0 0 1 6 1 1 1 7 1 1 2 4 -1 -1 -1 -1 -1 -1 520794 0 15 18 18 19 2 6 2 5
0 0 0 1 6 4 1 1 7 1 1 2 4 -1 -1 -1 -1 -1 -1 521294 1 15 18 18 19 2 6 2 5
0 0 0 1 6 1 1 1 7 1 1 2 4 -1 -1 -1 -1 -1 -1 521827 0 15 18 18 19 2 6 2 5
0 0 0 1 7 1 1 1 7 1 1 2 4 4 4 6 1 1 1 522360 0 15 18 18 19 2 4 2 5
