% Tunnel Log: 
% debug seed: 1462572449
%
% SegEncNW { '0'=no panel, '1'=panel, '4'=obstacle, '5'=collided obstacle, '6'=player, '7'=player right, '8'=player wrong, '2'=target, '3'=fake }
% SegEncN
% SegEncNE
% SegEncE
% SegEncSE
% SegEncS
% SegEncSW
% SegEncW
% Event Number { 0, inf }
% Task Type { 0=Color/Sound, 1=Shape/Sound, 2=Sound, 3=Navigation, 4=Speed, 5=Training 6=Recess, 7=Special 2-Back }
% N-Back { 0, inf }
% Navigation Level { 0, inf }
% Player Loc { 0=Northwest ... 7=West }
% Pod Loc { -1=N/A, 0=Northwest ... 7=West }
% Pod Color { -1, inf }
% Pod Shape { -1, inf }
% Pod Sound { -1, inf }
% Pod Match { -1=N/A, 0=No, 1=Yes }
% Pod Taken { -1=N/A, 0=No, 1=Yes }
% Timestamp (ms)
% Num Obstacles { 0, inf }
% Min Speed { 0, inf }
% Max Speed { 0, inf }
% Base Speed { 0, inf }
% Final Speed { 0, inf }
% Navigation Score { 0, inf }
% Segment Direction { 0=Northwest ... 7=West }
% Segment Angle { 0, inf }
% Segment Panels { 0, inf }
%
% SegEncNW SecEncN SegEncNE SegEncE SegEncSE SegEncS SegEncSW SegEncW EventNumber TaskType N-Back Navigation PlayerLoc PodLoc PodColor PodShape PodSound PodMatch PodTaken Timestamp NumObs MinSpeed MaxSpeed BaseSpeed FinalSpeed NavScore SegmentDir SegmentAngle SegmentPanels
0 0 0 0 1 6 1 0 0 3 1 0 5 -1 -1 -1 -1 -1 -1 27433 0 15 40 16 60 2 8 0 3
0 0 0 0 1 6 1 0 0 3 1 0 5 -1 -1 -1 -1 -1 -1 27599 0 15 40 16 60 2 8 0 3
0 0 0 0 1 6 1 0 0 3 1 0 5 -1 -1 -1 -1 -1 -1 27766 0 15 40 16 60 2 4 2 3
0 0 0 0 1 6 1 0 0 3 1 0 5 -1 -1 -1 -1 -1 -1 27933 0 15 40 16 50.6 2 4 2 3
0 0 0 0 1 6 1 0 0 3 1 0 5 -1 -1 -1 -1 -1 -1 28199 0 15 40 16 25.5333 2 4 2 3
0 0 0 0 1 6 1 0 0 3 1 0 5 -1 -1 -1 -1 -1 -1 28933 0 15 40 16 13 2 4 2 3
0 0 0 0 1 6 1 0 0 3 1 0 5 -1 -1 -1 -1 -1 -1 29699 0 15 40 16 13 2 5 2 3
0 0 0 0 1 6 1 0 0 3 1 0 5 -1 -1 -1 -1 -1 -1 30466 0 15 40 16 13 2 5 2 3
0 0 0 0 6 1 1 0 0 3 1 0 4 -1 -1 -1 -1 -1 -1 31233 0 15 40 16 13 2 5 2 3
0 0 0 0 6 1 1 0 0 3 1 0 4 -1 -1 -1 -1 -1 -1 31999 0 15 40 16 13 2 5 2 3
0 0 0 0 7 1 1 0 0 3 1 0 4 4 5 4 4 1 1 32766 0 15 40 16 13 2 6 2 3
0 0 0 0 6 1 1 0 0 3 1 0 4 -1 -1 -1 -1 -1 -1 33533 0 15 40 16 13 2 6 2 3
0 0 0 0 6 1 1 0 0 3 1 0 4 -1 -1 -1 -1 -1 -1 34299 0 15 40 16 13 2 6 2 3
0 0 0 0 6 1 1 0 0 3 1 0 4 -1 -1 -1 -1 -1 -1 35066 0 15 40 16 13 2 6 2 3
0 0 0 0 7 1 1 0 0 3 1 0 4 4 5 4 4 1 1 35866 0 15 40 16 13 2 5 2 3
0 0 0 0 6 1 1 0 0 3 1 0 4 -1 -1 -1 -1 -1 -1 36499 0 15 40 17 16 2 5 2 3
0 0 0 0 6 1 1 0 0 3 1 0 4 -1 -1 -1 -1 -1 -1 37133 0 15 40 17 16 2 5 2 3
0 0 0 0 6 1 1 0 0 3 1 0 4 -1 -1 -1 -1 -1 -1 37766 0 15 40 17 16 2 5 2 3
0 0 0 0 7 1 1 0 0 3 1 0 4 4 5 4 4 1 1 38366 0 15 40 17 16 2 5 2 3
0 0 0 0 1 6 1 0 0 3 1 0 5 -1 -1 -1 -1 -1 -1 38999 0 15 40 17 16 2 5 2 3
0 0 0 0 1 6 1 0 0 3 1 0 5 -1 -1 -1 -1 -1 -1 39633 0 15 40 17 16 2 5 2 3
0 0 0 0 1 6 1 0 0 3 1 0 5 -1 -1 -1 -1 -1 -1 40266 0 15 40 17 16 2 5 2 3
0 0 0 0 1 7 1 0 0 3 1 0 5 5 5 4 4 1 1 40866 0 15 40 17 16 2 5 2 3
0 0 0 0 1 6 1 0 0 3 1 0 5 -1 -1 -1 -1 -1 -1 41399 0 15 40 18 19 2 5 2 3
0 0 0 0 6 1 1 0 0 3 1 0 4 -1 -1 -1 -1 -1 -1 41933 0 15 40 18 19 2 5 2 3
0 0 0 0 6 1 1 0 0 3 1 0 4 -1 -1 -1 -1 -1 -1 42466 0 15 40 18 19 2 5 2 3
0 0 0 1 7 1 1 1 0 3 1 0 4 4 5 4 4 1 1 42999 0 15 40 18 19 2 4 2 5
0 0 0 1 1 6 1 1 0 3 1 1 5 -1 -1 -1 -1 -1 -1 43533 0 15 40 18 19 2 4 2 5
0 0 0 1 1 6 1 1 0 3 1 1 5 -1 -1 -1 -1 -1 -1 44033 0 15 40 18 19 2 4 2 5
0 0 0 1 1 6 1 1 0 3 1 1 5 -1 -1 -1 -1 -1 -1 44566 0 15 40 18 19 2 4 2 5
0 0 0 1 1 7 1 1 0 3 1 1 5 5 5 4 4 1 1 45099 0 15 40 18 19 2 8 0 5
0 0 0 1 1 6 1 1 0 3 1 1 5 -1 -1 -1 -1 -1 -1 45566 0 15 40 19 21 2 8 0 5
0 0 0 1 6 1 1 1 0 3 1 1 4 -1 -1 -1 -1 -1 -1 46066 0 15 40 19 21 2 8 0 5
0 0 0 6 1 1 1 1 0 3 1 1 3 -1 -1 -1 -1 -1 -1 46532 0 15 40 19 21 2 8 0 5
0 0 0 7 1 1 1 1 0 3 1 1 3 3 5 4 4 1 1 46999 0 15 40 19 21 2 4 2 5
0 0 0 6 1 1 1 1 0 3 1 1 3 -1 -1 -1 -1 -1 -1 47499 0 15 40 19 21 2 4 2 5
0 0 0 1 6 1 1 1 0 3 1 1 4 -1 -1 -1 -1 -1 -1 47966 0 15 40 19 21 2 4 2 5
0 0 0 1 6 1 1 1 0 3 1 1 4 -1 -1 -1 -1 -1 -1 48432 0 15 40 19 21 2 4 2 5
0 0 0 1 7 1 1 1 0 3 1 1 4 4 5 4 4 1 1 48899 0 15 40 19 21 2 5 2 5
0 0 0 1 1 6 1 1 0 3 1 1 5 -1 -1 -1 -1 -1 -1 49366 0 15 40 20 22 2 5 2 5
0 0 0 1 1 1 6 1 0 3 1 1 6 -1 -1 -1 -1 -1 -1 49832 0 15 40 20 22 2 5 2 5
0 0 0 1 1 1 6 1 0 3 1 1 6 -1 -1 -1 -1 -1 -1 50266 0 15 40 20 22 2 5 2 5
0 0 0 1 1 1 7 1 0 3 1 1 6 6 5 4 4 1 1 50732 0 15 40 20 22 2 6 2 5
0 0 0 1 1 6 1 1 0 3 1 1 5 -1 -1 -1 -1 -1 -1 51199 0 15 40 20 22 2 6 2 5
0 0 0 1 1 6 1 1 0 3 1 1 5 -1 -1 -1 -1 -1 -1 51632 0 15 40 20 22 2 6 2 5
0 0 0 1 1 6 1 1 0 3 1 1 5 -1 -1 -1 -1 -1 -1 52099 0 15 40 20 22 2 6 2 5
0 0 0 1 1 7 1 1 0 3 1 1 5 5 5 4 4 1 1 52566 0 15 40 20 22 2 5 2 5
0 0 0 1 1 6 1 1 0 3 1 1 5 -1 -1 -1 -1 -1 -1 52999 0 15 40 21 23 2 5 2 5
0 0 0 1 6 1 1 1 0 3 1 1 4 -1 -1 -1 -1 -1 -1 53432 0 15 40 21 23 2 5 2 5
0 0 0 6 1 1 1 1 0 3 1 1 3 -1 -1 -1 -1 -1 -1 53866 0 15 40 21 23 2 5 2 5
0 0 0 7 1 1 1 1 0 3 1 1 3 3 5 4 4 1 1 54299 0 15 40 21 23 2 5 2 5
0 0 0 1 6 1 1 1 0 3 1 1 4 -1 -1 -1 -1 -1 -1 54732 0 15 40 21 23 2 5 2 5
0 0 0 1 6 1 1 1 0 3 1 1 4 -1 -1 -1 -1 -1 -1 55166 0 15 40 21 23 2 5 2 5
0 0 0 1 6 1 1 1 0 3 1 1 4 -1 -1 -1 -1 -1 -1 55599 0 15 40 21 23 2 5 2 5
0 0 0 1 7 1 1 1 0 3 1 1 4 4 5 4 4 1 1 56032 0 15 40 21 23 2 5 2 5
0 0 0 1 6 1 1 1 0 3 1 2 4 -1 -1 -1 -1 -1 -1 56466 0 15 40 22 24 2 5 2 5
0 0 0 1 1 6 1 1 0 3 1 2 5 -1 -1 -1 -1 -1 -1 56866 0 15 40 22 24 2 5 2 5
0 0 0 1 1 6 1 1 0 3 1 2 5 -1 -1 -1 -1 -1 -1 57299 0 15 40 22 24 2 5 2 5
0 0 0 1 1 7 1 1 0 3 1 2 5 5 5 4 4 1 1 57699 0 15 40 22 24 2 4 2 5
0 0 0 1 1 6 1 1 0 3 1 2 5 -1 -1 -1 -1 -1 -1 58132 0 15 40 22 24 2 4 2 5
0 0 0 1 4 1 6 1 0 3 1 2 6 -1 -1 -1 -1 -1 -1 58532 1 15 40 22 24 2 4 2 5
0 0 0 1 1 1 1 6 0 3 1 2 7 -1 -1 -1 -1 -1 -1 58966 0 15 40 22 24 2 4 2 5
0 0 0 1 1 1 1 7 0 3 1 2 7 7 5 4 4 1 1 59366 0 15 40 22 24 2 8 0 5
0 0 0 1 1 1 1 6 0 3 1 2 7 -1 -1 -1 -1 -1 -1 59766 0 15 40 23 25 2 8 0 5
0 0 0 1 1 4 1 6 0 3 1 2 7 -1 -1 -1 -1 -1 -1 60166 1 15 40 23 25 2 8 0 5
0 0 0 1 1 1 6 1 0 3 1 2 6 -1 -1 -1 -1 -1 -1 60566 0 15 40 23 25 2 8 0 5
0 0 0 1 1 7 1 1 0 3 1 2 5 5 5 4 4 1 1 60966 0 15 40 23 25 2 4 2 5
0 0 0 1 1 6 1 1 0 3 1 2 5 -1 -1 -1 -1 -1 -1 61366 0 15 40 23 25 2 4 2 5
0 0 0 1 4 1 6 1 0 3 1 2 6 -1 -1 -1 -1 -1 -1 61766 1 15 40 23 25 2 4 2 5
0 0 0 1 1 1 1 6 0 3 1 2 7 -1 -1 -1 -1 -1 -1 62166 0 15 40 23 25 2 4 2 5
0 0 0 1 1 1 1 7 0 3 1 2 7 7 5 4 4 1 1 62566 0 15 40 23 25 2 5 2 5
0 0 0 1 1 1 6 1 0 3 1 2 6 -1 -1 -1 -1 -1 -1 62966 0 15 40 24 25.5 2 5 2 5
0 0 0 1 4 1 6 1 0 3 1 2 6 -1 -1 -1 -1 -1 -1 63366 1 15 40 24 25.5 2 5 2 5
0 0 0 1 1 6 1 1 0 3 1 2 5 -1 -1 -1 -1 -1 -1 63732 0 15 40 24 25.5 2 5 2 5
0 0 0 1 1 7 1 1 0 3 1 2 5 5 5 4 4 1 1 64132 0 15 40 24 25.5 2 6 2 5
0 0 0 1 1 6 1 1 0 3 1 2 5 -1 -1 -1 -1 -1 -1 64532 0 15 40 24 25.5 2 6 2 5
0 0 0 1 4 6 1 1 0 3 1 2 5 -1 -1 -1 -1 -1 -1 64932 1 15 40 24 25.5 2 6 2 5
0 0 0 1 6 1 1 1 0 3 1 2 4 -1 -1 -1 -1 -1 -1 65332 0 15 40 24 25.5 2 6 2 5
0 0 0 8 1 1 1 1 0 3 1 2 3 3 5 4 4 1 0 65699 0 15 40 24 25.5 2 5 2 5
0 0 0 6 1 1 1 1 0 3 1 2 3 -1 -1 -1 -1 -1 -1 66099 0 15 40 23 25 2 5 2 5
0 0 0 6 1 4 1 1 0 3 1 2 3 -1 -1 -1 -1 -1 -1 66499 1 15 40 23 31.25 2 5 2 5
0 0 0 1 6 1 1 1 0 3 1 2 4 -1 -1 -1 -1 -1 -1 66799 0 15 40 23 31.25 2 5 2 5
0 0 0 1 7 1 1 1 0 3 1 2 4 4 5 4 4 1 1 67132 0 15 40 23 31.25 2 5 2 5
0 0 0 1 1 6 1 1 0 3 1 2 5 -1 -1 -1 -1 -1 -1 67432 0 15 40 23 31.25 2 5 2 5
0 0 0 1 4 6 1 1 0 3 1 2 5 -1 -1 -1 -1 -1 -1 67765 1 15 40 23 31.25 2 5 2 5
0 0 0 1 1 6 1 1 0 3 1 2 5 -1 -1 -1 -1 -1 -1 68099 0 15 40 23 29.1667 2 5 2 5
0 0 0 1 1 7 1 1 0 3 1 2 5 5 5 4 4 1 1 68465 0 15 40 23 25 2 5 2 5
0 0 0 1 1 6 1 1 0 3 1 2 5 -1 -1 -1 -1 -1 -1 68865 0 15 40 24 25.5 2 5 2 5
0 0 0 4 6 1 1 1 0 3 1 2 4 -1 -1 -1 -1 -1 -1 69265 1 15 40 24 25.5 2 5 2 5
0 0 0 6 1 1 1 1 0 3 1 2 3 -1 -1 -1 -1 -1 -1 69632 0 15 40 24 25.5 2 5 2 5
0 0 0 7 1 1 1 1 0 3 1 2 3 3 5 4 4 1 1 70032 0 15 40 24 25.5 2 4 2 5
0 0 0 1 6 1 1 1 0 3 1 2 4 -1 -1 -1 -1 -1 -1 70432 0 15 40 24 25.5 2 4 2 5
0 0 0 4 1 6 1 1 0 3 1 2 5 -1 -1 -1 -1 -1 -1 70832 1 15 40 24 25.5 2 4 2 5
0 0 0 1 6 1 1 1 0 3 1 2 4 -1 -1 -1 -1 -1 -1 71199 0 15 40 24 25.5 2 4 2 5
0 0 0 7 1 1 1 1 0 3 1 2 3 3 5 4 4 1 1 71599 0 15 40 24 25.5 2 8 0 5
0 0 0 6 1 1 1 1 0 3 1 2 3 -1 -1 -1 -1 -1 -1 71999 0 15 40 25 26 2 8 0 5
0 0 0 6 4 1 1 1 0 3 1 2 3 -1 -1 -1 -1 -1 -1 72365 1 15 40 25 26 2 8 0 5
0 0 0 1 6 1 1 1 0 3 1 2 4 -1 -1 -1 -1 -1 -1 72765 0 15 40 25 26 2 8 0 5
0 0 0 1 1 7 1 1 0 3 1 2 5 5 5 4 4 1 1 73132 0 15 40 25 26 2 4 2 5
0 0 0 1 1 6 1 1 0 3 1 2 5 -1 -1 -1 -1 -1 -1 73532 0 15 40 25 26 2 4 2 5
0 0 0 1 1 6 1 4 0 3 1 2 5 -1 -1 -1 -1 -1 -1 73899 1 15 40 25 26 2 4 2 5
0 0 0 1 1 6 1 1 0 3 1 2 5 -1 -1 -1 -1 -1 -1 74299 0 15 40 25 26 2 4 2 5
0 0 0 1 1 7 1 1 0 3 1 2 5 5 5 4 4 1 1 74665 0 15 40 25 26 2 5 2 5
0 0 0 1 1 6 1 1 0 3 1 2 5 -1 -1 -1 -1 -1 -1 75065 0 15 40 26 26.5 2 5 2 5
0 0 0 4 1 1 6 1 0 3 1 2 6 -1 -1 -1 -1 -1 -1 75432 1 15 40 26 26.5 2 5 2 5
0 0 0 1 1 1 1 6 0 3 1 2 7 -1 -1 -1 -1 -1 -1 75799 0 15 40 26 26.5 2 5 2 5
0 0 0 1 1 1 1 7 0 3 1 2 7 7 5 4 4 1 1 76199 0 15 40 26 26.5 2 6 2 5
0 0 0 1 1 1 6 1 0 3 1 2 6 -1 -1 -1 -1 -1 -1 76565 0 15 40 26 26.5 2 6 2 5
0 0 0 1 1 1 6 4 0 3 1 2 6 -1 -1 -1 -1 -1 -1 76932 1 15 40 26 26.5 2 6 2 5
0 0 0 1 1 1 1 6 0 3 1 2 7 -1 -1 -1 -1 -1 -1 77332 0 15 40 26 26.5 2 6 2 5
0 0 0 1 1 1 1 7 0 3 1 2 7 7 5 4 4 1 1 77699 0 15 40 26 26.5 2 5 2 5
0 0 0 1 1 1 6 1 0 3 1 2 6 -1 -1 -1 -1 -1 -1 78065 0 15 40 27 27 2 5 2 5
0 0 0 1 1 1 6 4 0 3 1 2 6 -1 -1 -1 -1 -1 -1 78432 1 15 40 27 27 2 5 2 5
0 0 0 1 1 1 6 1 0 3 1 2 6 -1 -1 -1 -1 -1 -1 78799 0 15 40 27 27 2 5 2 5
0 0 0 1 1 1 7 1 0 3 1 2 6 6 5 4 4 1 1 79165 0 15 40 27 27 2 5 2 5
0 0 0 1 1 6 1 1 0 3 1 2 5 -1 -1 -1 -1 -1 -1 79565 0 15 40 27 27 2 5 2 5
0 0 0 1 1 6 4 1 0 3 1 2 5 -1 -1 -1 -1 -1 -1 79932 1 15 40 27 27 2 5 2 5
0 0 0 1 1 1 6 1 0 3 1 2 6 -1 -1 -1 -1 -1 -1 80299 0 15 40 27 27 2 5 2 5
0 0 0 1 1 1 1 7 0 3 1 2 7 7 5 4 4 1 1 80665 0 15 40 27 27 2 5 2 5
0 0 0 1 1 1 6 1 0 3 1 2 6 -1 -1 -1 -1 -1 -1 81032 0 15 40 28 27.5 2 5 2 5
0 0 0 1 1 6 1 4 0 3 1 2 5 -1 -1 -1 -1 -1 -1 81399 1 15 40 28 27.5 2 5 2 5
0 0 0 1 1 6 1 1 0 3 1 2 5 -1 -1 -1 -1 -1 -1 81765 0 15 40 28 27.5 2 5 2 5
0 0 0 1 1 7 1 1 0 3 1 2 5 5 5 4 4 1 1 82132 0 15 40 28 27.5 2 4 2 5
0 0 0 1 1 1 6 1 0 3 1 2 6 -1 -1 -1 -1 -1 -1 82465 0 15 40 28 27.5 2 4 2 5
0 0 0 1 1 4 6 1 0 3 1 2 6 -1 -1 -1 -1 -1 -1 82832 1 15 40 28 27.5 2 4 2 5
0 0 0 1 1 1 1 6 0 3 1 2 7 -1 -1 -1 -1 -1 -1 83199 0 15 40 28 27.5 2 4 2 5
0 0 0 1 1 1 1 7 0 3 1 2 7 7 5 4 4 1 1 83565 0 15 40 28 27.5 2 8 0 5
0 0 0 1 1 1 6 1 0 3 1 2 6 -1 -1 -1 -1 -1 -1 83932 0 15 40 29 28 2 8 0 5
0 0 0 1 4 1 6 1 0 3 1 2 6 -1 -1 -1 -1 -1 -1 84299 1 15 40 29 28 2 8 0 5
0 0 0 1 1 1 1 6 0 3 1 2 7 -1 -1 -1 -1 -1 -1 84632 0 15 40 29 28 2 8 0 5
0 0 0 1 1 1 1 7 0 3 1 2 7 7 5 4 4 1 1 84999 0 15 40 29 28 2 4 2 5
0 0 0 1 1 1 1 6 0 3 1 2 7 -1 -1 -1 -1 -1 -1 85365 0 15 40 29 28 2 4 2 5
0 0 0 1 1 4 6 1 0 3 1 2 6 -1 -1 -1 -1 -1 -1 85699 1 15 40 29 28 2 4 2 5
0 0 0 1 1 1 6 1 0 3 1 2 6 -1 -1 -1 -1 -1 -1 86065 0 15 40 29 28 2 4 2 5
0 0 0 1 1 7 1 1 0 3 1 2 5 5 5 4 4 1 1 86432 0 15 40 29 28 2 5 2 5
0 0 0 1 1 6 1 1 0 3 1 2 5 -1 -1 -1 -1 -1 -1 86765 0 15 40 30 28.5 2 5 2 5
0 0 0 1 6 1 1 4 0 3 1 2 4 -1 -1 -1 -1 -1 -1 87132 1 15 40 30 28.5 2 5 2 5
0 0 0 0 1 6 1 0 1 4 1 0 5 -1 -1 -1 -1 -1 -1 103865 0 15 40 16 60 2 8 0 3
0 0 0 0 1 6 1 0 1 4 1 0 5 -1 -1 -1 -1 -1 -1 104032 0 15 40 16 60 2 8 0 3
0 0 0 0 1 6 1 0 1 4 1 0 5 -1 -1 -1 -1 -1 -1 104198 0 15 40 16 60 2 6 2 3
0 0 0 0 1 6 1 0 1 4 1 0 5 -1 -1 -1 -1 -1 -1 104365 0 15 40 16 50.6 2 6 2 3
0 0 0 0 1 6 1 0 1 4 1 0 5 -1 -1 -1 -1 -1 -1 104632 0 15 40 16 25.5333 2 6 2 3
0 0 0 0 1 6 1 0 1 4 1 0 5 -1 -1 -1 -1 -1 -1 105365 0 15 40 16 13 2 6 2 3
0 0 0 0 1 6 1 0 1 4 1 0 5 -1 -1 -1 -1 -1 -1 106132 0 15 40 16 13 2 4 2 3
0 0 0 0 1 6 1 0 1 4 1 0 5 -1 -1 -1 -1 -1 -1 106898 0 15 40 16 13 2 4 2 3
0 0 0 0 1 6 1 0 1 4 1 0 5 -1 -1 -1 -1 -1 -1 107532 0 15 40 16 16.25 2 4 2 3
0 0 0 0 1 6 1 0 1 4 1 0 5 -1 -1 -1 -1 -1 -1 108165 0 15 40 16 16.25 2 4 2 3
0 0 0 0 1 6 3 0 1 4 1 0 5 6 3 8 3 0 0 108765 0 15 40 16 14.7333 2 6 2 3
0 0 0 0 1 6 1 0 1 4 1 0 5 -1 -1 -1 -1 -1 -1 109532 0 15 40 16 13 2 6 2 3
0 0 0 0 1 6 1 0 1 4 1 0 5 -1 -1 -1 -1 -1 -1 110298 0 15 40 16 13 2 6 2 3
0 0 0 0 1 6 1 0 1 4 1 0 5 -1 -1 -1 -1 -1 -1 111065 0 15 40 16 13 2 6 2 3
0 0 0 0 1 7 1 0 1 4 1 0 5 5 3 8 3 1 1 111831 0 15 40 16 13 2 4 2 3
0 0 0 0 1 6 1 0 1 4 1 0 5 -1 -1 -1 -1 -1 -1 112598 0 15 40 16 13 2 4 2 3
0 0 0 0 1 6 1 0 1 4 1 0 5 -1 -1 -1 -1 -1 -1 113365 0 15 40 16 13 2 4 2 3
0 0 0 0 1 6 1 0 1 4 1 0 5 -1 -1 -1 -1 -1 -1 114131 0 15 40 16 13 2 4 2 3
0 0 0 0 3 6 1 0 1 4 1 0 5 4 0 6 1 0 0 114931 0 15 40 16 13 2 5 2 3
0 0 0 0 1 6 1 0 1 4 1 0 5 -1 -1 -1 -1 -1 -1 115698 0 15 40 16 13 2 5 2 3
0 0 0 0 1 6 1 0 1 4 1 0 5 -1 -1 -1 -1 -1 -1 116465 0 15 40 16 13 2 5 2 3
0 0 0 0 1 6 1 0 1 4 1 0 5 -1 -1 -1 -1 -1 -1 117231 0 15 40 16 13 2 5 2 3
0 0 0 0 1 6 3 0 1 4 1 0 5 6 1 7 2 0 0 117998 0 15 40 16 13 2 4 2 3
0 0 0 0 1 6 1 0 1 4 1 0 5 -1 -1 -1 -1 -1 -1 118765 0 15 40 16 13 2 4 2 3
0 0 0 0 1 6 1 0 1 4 1 0 5 -1 -1 -1 -1 -1 -1 119531 0 15 40 16 13 2 4 2 3
0 0 0 0 1 6 1 0 1 4 1 0 5 -1 -1 -1 -1 -1 -1 120298 0 15 40 16 13 2 4 2 3
0 0 0 0 3 6 1 0 1 4 1 0 5 4 2 5 0 0 0 121065 0 15 40 16 13 2 5 2 3
0 0 0 0 1 6 1 0 1 4 1 0 5 -1 -1 -1 -1 -1 -1 121831 0 15 40 16 13 2 5 2 3
0 0 0 0 1 6 1 0 1 4 1 0 5 -1 -1 -1 -1 -1 -1 122598 0 15 40 16 13 2 5 2 3
0 0 0 0 1 6 1 0 1 4 1 0 5 -1 -1 -1 -1 -1 -1 123365 0 15 40 16 13 2 5 2 3
0 0 0 0 1 6 3 0 1 4 1 0 5 6 3 8 3 0 0 124131 0 15 40 16 13 2 8 0 3
0 0 0 0 1 6 1 0 1 4 1 0 5 -1 -1 -1 -1 -1 -1 124898 0 15 40 16 13 2 8 0 3
0 0 0 0 1 6 1 0 1 4 1 0 5 -1 -1 -1 -1 -1 -1 125698 0 15 40 16 13 2 8 0 3
0 0 0 0 1 6 1 0 1 4 1 0 5 -1 -1 -1 -1 -1 -1 126465 0 15 40 16 13 2 8 0 3
0 0 0 0 3 6 1 0 1 4 1 0 5 4 0 6 1 0 0 127231 0 15 40 16 13 2 6 2 3
0 0 0 0 1 6 1 0 1 4 1 0 5 -1 -1 -1 -1 -1 -1 127998 0 15 40 16 13 2 6 2 3
0 0 0 0 1 6 1 0 1 4 1 0 5 -1 -1 -1 -1 -1 -1 128765 0 15 40 16 13 2 6 2 3
0 0 0 0 1 6 1 0 1 4 1 0 5 -1 -1 -1 -1 -1 -1 129532 0 15 40 16 13 2 6 2 3
0 0 0 1 1 6 3 1 1 4 1 0 5 6 1 7 2 0 0 130298 0 15 40 16 13 2 4 2 5
0 0 0 1 1 6 1 1 1 4 1 0 5 -1 -1 -1 -1 -1 -1 131065 0 15 40 16 13 2 4 2 5
0 0 0 1 1 6 1 1 1 4 1 0 5 -1 -1 -1 -1 -1 -1 131832 0 15 40 16 13 2 4 2 5
0 0 0 1 1 6 1 1 1 4 1 0 5 -1 -1 -1 -1 -1 -1 132599 0 15 40 16 13 2 4 2 5
0 0 0 1 1 7 1 1 1 4 1 0 5 5 1 7 2 1 1 133366 0 15 40 16 13 2 6 2 5
0 0 0 1 6 1 1 1 1 4 1 1 4 -1 -1 -1 -1 -1 -1 134033 0 15 40 17 16 2 6 2 5
0 0 0 6 1 1 1 1 1 4 1 1 3 -1 -1 -1 -1 -1 -1 134633 0 15 40 17 16 2 6 2 5
0 0 0 6 1 1 1 1 1 4 1 1 3 -1 -1 -1 -1 -1 -1 135266 0 15 40 17 16 2 6 2 5
0 0 0 7 1 1 1 1 1 4 1 1 3 3 1 7 2 1 1 135900 0 15 40 17 16 2 4 2 5
0 0 0 1 6 1 1 1 1 4 1 1 4 -1 -1 -1 -1 -1 -1 136533 0 15 40 17 16 2 4 2 5
0 0 0 1 1 6 1 1 1 4 1 1 5 -1 -1 -1 -1 -1 -1 137133 0 15 40 17 16 2 4 2 5
0 0 0 1 1 1 6 1 1 4 1 1 6 -1 -1 -1 -1 -1 -1 137767 0 15 40 17 16 2 4 2 5
0 0 0 1 1 3 6 1 1 4 1 1 6 5 3 8 3 0 0 138400 0 15 40 17 16 2 5 2 5
0 0 0 1 1 6 1 1 1 4 1 1 5 -1 -1 -1 -1 -1 -1 139034 0 15 40 17 16 2 5 2 5
0 0 0 1 1 6 1 1 1 4 1 1 5 -1 -1 -1 -1 -1 -1 139634 0 15 40 17 16 2 5 2 5
0 0 0 1 1 6 1 1 1 4 1 1 5 -1 -1 -1 -1 -1 -1 140267 0 15 40 17 16 2 5 2 5
0 0 0 3 1 6 1 1 1 4 1 1 5 3 0 6 1 0 0 140901 0 15 40 17 16 2 4 2 5
0 0 0 1 1 6 1 1 1 4 1 1 5 -1 -1 -1 -1 -1 -1 141534 0 15 40 17 16 2 4 2 5
0 0 0 1 1 6 1 1 1 4 1 1 5 -1 -1 -1 -1 -1 -1 142134 0 15 40 17 16 2 4 2 5
0 0 0 1 1 6 1 1 1 4 1 1 5 -1 -1 -1 -1 -1 -1 142768 0 15 40 17 16 2 4 2 5
0 0 0 1 3 6 1 1 1 4 1 1 5 4 1 7 2 0 0 143401 0 15 40 17 16 2 5 2 5
0 0 0 1 1 6 1 1 1 4 1 1 5 -1 -1 -1 -1 -1 -1 144035 0 15 40 17 16 2 5 2 5
0 0 0 1 1 6 1 1 1 4 1 1 5 -1 -1 -1 -1 -1 -1 144635 0 15 40 17 16 2 5 2 5
0 0 0 1 1 6 1 1 1 4 1 1 5 -1 -1 -1 -1 -1 -1 145268 0 15 40 17 16 2 5 2 5
0 0 0 1 3 6 1 1 1 4 1 1 5 4 0 6 1 0 0 145902 0 15 40 17 16 2 8 0 5
0 0 0 1 1 1 6 1 1 4 1 1 6 -1 -1 -1 -1 -1 -1 146535 0 15 40 17 16 2 8 0 5
0 0 0 1 1 1 6 1 1 4 1 1 6 -1 -1 -1 -1 -1 -1 147135 0 15 40 17 16 2 8 0 5
0 0 0 1 1 1 6 1 1 4 1 1 6 -1 -1 -1 -1 -1 -1 147769 0 15 40 17 16 2 8 0 5
0 0 0 1 1 1 7 1 1 4 1 1 6 6 0 6 1 1 1 148402 0 15 40 17 16 2 6 2 5
0 0 0 1 1 6 1 1 1 4 1 1 5 -1 -1 -1 -1 -1 -1 148936 0 15 40 18 19 2 6 2 5
0 0 0 1 1 6 1 1 1 4 1 1 5 -1 -1 -1 -1 -1 -1 149469 0 15 40 18 19 2 6 2 5
0 0 0 1 1 6 1 1 1 4 1 1 5 -1 -1 -1 -1 -1 -1 150003 0 15 40 18 19 2 6 2 5
0 0 0 1 1 7 1 1 1 4 1 1 5 5 0 6 1 1 1 150503 0 15 40 18 19 2 4 2 5
0 0 0 1 1 6 1 1 1 4 1 1 5 -1 -1 -1 -1 -1 -1 151036 0 15 40 18 19 2 4 2 5
0 0 0 1 1 1 6 1 1 4 1 1 6 -1 -1 -1 -1 -1 -1 151570 0 15 40 18 19 2 4 2 5
0 0 0 1 1 6 1 1 1 4 1 1 5 -1 -1 -1 -1 -1 -1 152103 0 15 40 18 19 2 4 2 5
0 0 0 1 1 6 1 3 1 4 1 1 5 7 1 7 2 0 0 152636 0 15 40 18 19 2 6 2 5
0 0 0 1 1 6 1 1 1 4 1 1 5 -1 -1 -1 -1 -1 -1 153137 0 15 40 18 19 2 6 2 5
0 0 0 1 1 6 1 1 1 4 1 1 5 -1 -1 -1 -1 -1 -1 153670 0 15 40 18 19 2 6 2 5
0 0 0 1 1 6 1 1 1 4 1 1 5 -1 -1 -1 -1 -1 -1 154203 0 15 40 18 19 2 6 2 5
0 0 0 1 1 6 3 1 1 4 1 1 5 6 0 6 1 0 0 154737 0 15 40 18 19 2 4 2 5
0 0 0 1 1 6 1 1 1 4 1 2 5 -1 -1 -1 -1 -1 -1 155237 0 15 40 18 19 2 4 2 5
0 0 0 1 1 6 1 1 1 4 1 2 5 -1 -1 -1 -1 -1 -1 155770 0 15 40 18 19 2 4 2 5
0 0 0 1 1 6 1 1 1 4 1 2 5 -1 -1 -1 -1 -1 -1 156304 0 15 40 18 19 2 4 2 5
0 0 0 1 1 6 3 1 1 4 1 2 5 6 3 8 3 0 0 156837 0 15 40 18 19 2 5 2 5
0 0 0 1 1 6 1 1 1 4 1 2 5 -1 -1 -1 -1 -1 -1 157371 0 15 40 18 19 2 5 2 5
0 0 0 4 1 1 6 1 1 4 1 2 6 -1 -1 -1 -1 -1 -1 157871 1 15 40 18 19 2 5 2 5
0 0 0 1 1 1 6 1 1 4 1 2 6 -1 -1 -1 -1 -1 -1 158404 0 15 40 18 19 2 5 2 5
0 0 0 1 1 3 6 1 1 4 1 2 6 5 0 6 1 0 0 158938 0 15 40 18 19 2 4 2 5
0 0 0 1 1 1 6 1 1 4 1 2 6 -1 -1 -1 -1 -1 -1 159471 0 15 40 18 19 2 4 2 5
0 0 0 1 1 4 6 1 1 4 1 2 6 -1 -1 -1 -1 -1 -1 160005 1 15 40 18 19 2 4 2 5
0 0 0 1 1 6 1 1 1 4 1 2 5 -1 -1 -1 -1 -1 -1 160505 0 15 40 18 19 2 4 2 5
0 0 0 1 1 6 3 1 1 4 1 2 5 6 1 7 2 0 0 161038 0 15 40 18 19 2 5 2 5
0 0 0 1 1 6 1 1 1 4 1 2 5 -1 -1 -1 -1 -1 -1 161572 0 15 40 18 19 2 5 2 5
0 0 0 4 1 6 1 1 1 4 1 2 5 -1 -1 -1 -1 -1 -1 162105 1 15 40 18 19 2 5 2 5
0 0 0 1 1 6 1 1 1 4 1 2 5 -1 -1 -1 -1 -1 -1 162605 0 15 40 18 19 2 5 2 5
0 0 0 1 3 6 1 1 1 4 1 2 5 4 3 8 3 0 0 163139 0 15 40 18 19 2 8 0 5
0 0 0 1 1 6 1 1 1 4 1 2 5 -1 -1 -1 -1 -1 -1 163672 0 15 40 18 19 2 8 0 5
0 0 0 1 1 1 6 4 1 4 1 2 6 -1 -1 -1 -1 -1 -1 164206 1 15 40 18 19 2 8 0 5
0 0 0 1 1 1 6 1 1 4 1 2 6 -1 -1 -1 -1 -1 -1 164739 0 15 40 18 19 2 8 0 5
0 0 0 1 1 3 6 1 1 4 1 2 6 5 0 6 1 0 0 165239 0 15 40 18 19 2 6 2 5
0 0 0 1 1 1 6 1 1 4 1 2 6 -1 -1 -1 -1 -1 -1 165773 0 15 40 18 19 2 6 2 5
0 0 0 1 1 4 6 1 1 4 1 2 6 -1 -1 -1 -1 -1 -1 166306 1 15 40 18 19 2 6 2 5
0 0 0 1 1 1 6 1 1 4 1 2 6 -1 -1 -1 -1 -1 -1 166840 0 15 40 18 19 2 6 2 5
0 0 0 1 1 1 7 1 1 4 1 2 6 6 0 6 1 1 1 167373 0 15 40 18 19 2 4 2 5
0 0 0 1 1 1 6 1 1 4 1 2 6 -1 -1 -1 -1 -1 -1 167840 0 15 40 19 21 2 4 2 5
0 0 0 1 1 4 6 1 1 4 1 2 6 -1 -1 -1 -1 -1 -1 168306 1 15 40 19 21 2 4 2 5
0 0 0 1 1 1 6 1 1 4 1 2 6 -1 -1 -1 -1 -1 -1 168807 0 15 40 19 21 2 4 2 5
0 0 0 1 1 3 6 1 1 4 1 2 6 5 3 8 3 0 0 169273 0 15 40 19 21 2 6 2 5
0 0 0 1 1 6 1 1 1 4 1 2 5 -1 -1 -1 -1 -1 -1 169740 0 15 40 19 21 2 6 2 5
0 0 0 1 1 6 4 1 1 4 1 2 5 -1 -1 -1 -1 -1 -1 170240 1 15 40 19 21 2 6 2 5
0 0 0 1 1 1 6 1 1 4 1 2 6 -1 -1 -1 -1 -1 -1 170640 0 15 40 19 26.25 2 6 2 5
0 0 0 1 1 1 7 1 1 4 1 2 6 6 3 8 3 1 1 171007 0 15 40 19 26.25 2 4 2 5
0 0 0 1 1 1 6 1 1 4 1 2 6 -1 -1 -1 -1 -1 -1 171407 0 15 40 19 26.25 2 4 2 5
0 0 0 4 1 6 1 1 1 4 1 2 5 -1 -1 -1 -1 -1 -1 171774 1 15 40 19 26.25 2 4 2 5
0 0 0 1 1 6 1 1 1 4 1 2 5 -1 -1 -1 -1 -1 -1 172174 0 15 40 19 23.1 2 4 2 5
0 0 0 1 1 6 3 1 1 4 1 2 5 6 2 5 0 0 0 172641 0 15 40 19 21 2 5 2 5
0 0 0 1 1 6 1 1 1 4 1 2 5 -1 -1 -1 -1 -1 -1 173108 0 15 40 19 21 2 5 2 5
0 0 0 1 4 6 1 1 1 4 1 2 5 -1 -1 -1 -1 -1 -1 173608 1 15 40 19 21 2 5 2 5
0 0 0 1 6 1 1 1 1 4 1 2 4 -1 -1 -1 -1 -1 -1 174074 0 15 40 19 21 2 5 2 5
0 0 0 1 7 1 1 1 1 4 1 2 4 4 2 5 0 1 1 174541 0 15 40 19 21 2 4 2 5
0 0 0 1 6 1 1 1 1 4 1 2 4 -1 -1 -1 -1 -1 -1 175008 0 15 40 20 22 2 4 2 5
0 0 0 1 6 4 1 1 1 4 1 2 4 -1 -1 -1 -1 -1 -1 175441 1 15 40 20 22 2 4 2 5
0 0 0 1 6 1 1 1 1 4 1 2 4 -1 -1 -1 -1 -1 -1 175908 0 15 40 20 22 2 4 2 5
0 0 0 1 6 3 1 1 1 4 1 2 4 5 0 6 1 0 0 176375 0 15 40 20 22 2 5 2 5
0 0 0 1 1 6 1 1 1 4 1 2 5 -1 -1 -1 -1 -1 -1 176808 0 15 40 20 22 2 5 2 5
0 0 0 1 4 6 1 1 1 4 1 2 5 -1 -1 -1 -1 -1 -1 177275 1 15 40 20 22 2 5 2 5
0 0 0 1 1 1 6 1 1 4 1 2 6 -1 -1 -1 -1 -1 -1 177742 0 15 40 20 22 2 5 2 5
0 0 0 1 3 6 1 1 1 4 1 2 5 4 1 7 2 0 0 178175 0 15 40 20 22 2 8 0 5
0 0 0 1 1 6 1 1 1 4 1 2 5 -1 -1 -1 -1 -1 -1 178642 0 15 40 20 22 2 8 0 5
0 0 0 1 1 6 4 1 1 4 1 2 5 -1 -1 -1 -1 -1 -1 179042 1 15 40 20 27.5 2 8 0 5
0 0 0 1 1 6 1 1 1 4 1 2 5 -1 -1 -1 -1 -1 -1 179409 0 15 40 20 27.5 2 8 0 5
0 0 0 1 3 6 1 1 1 4 1 2 5 4 2 5 0 0 0 179776 0 15 40 20 27.5 2 6 2 5
0 0 0 1 1 6 1 1 1 4 1 2 5 -1 -1 -1 -1 -1 -1 180109 0 15 40 20 27.5 2 6 2 5
0 0 0 1 4 6 1 1 1 4 1 2 5 -1 -1 -1 -1 -1 -1 180509 1 15 40 20 25.3 2 6 2 5
0 0 0 1 1 6 1 1 1 4 1 2 5 -1 -1 -1 -1 -1 -1 180909 0 15 40 20 22 2 6 2 5
0 0 0 3 1 1 6 1 1 4 1 2 6 3 3 8 3 0 0 181376 0 15 40 20 22 2 4 2 5
0 0 0 1 1 1 6 1 1 4 1 2 6 -1 -1 -1 -1 -1 -1 181843 0 15 40 20 22 2 4 2 5
0 0 0 1 1 4 6 1 1 4 1 2 6 -1 -1 -1 -1 -1 -1 182276 1 15 40 20 22 2 4 2 5
0 0 0 1 1 6 1 1 1 4 1 2 5 -1 -1 -1 -1 -1 -1 182743 0 15 40 20 22 2 4 2 5
0 0 0 1 3 6 1 1 1 4 1 2 5 4 2 5 0 0 0 183210 0 15 40 20 22 2 6 2 5
0 0 0 1 1 6 1 1 1 4 1 2 5 -1 -1 -1 -1 -1 -1 183643 0 15 40 20 22 2 6 2 5
0 0 0 1 1 6 4 1 1 4 1 2 5 -1 -1 -1 -1 -1 -1 184110 1 15 40 20 22 2 6 2 5
0 0 0 1 1 6 1 1 1 4 1 2 5 -1 -1 -1 -1 -1 -1 184577 0 15 40 20 22 2 6 2 5
0 0 0 1 1 7 1 1 1 4 1 2 5 5 2 5 0 1 1 185010 0 15 40 20 22 2 4 2 5
0 0 0 1 6 1 1 1 1 4 1 2 4 -1 -1 -1 -1 -1 -1 185477 0 15 40 20 22 2 4 2 5
0 0 0 6 1 4 1 1 1 4 1 2 3 -1 -1 -1 -1 -1 -1 185910 1 15 40 20 22 2 4 2 5
0 0 0 6 1 1 1 1 1 4 1 2 3 -1 -1 -1 -1 -1 -1 186377 0 15 40 20 22 2 4 2 5
0 0 0 7 1 1 1 1 1 4 1 2 3 3 2 5 0 1 1 186844 0 15 40 20 22 2 5 2 5
0 0 0 1 6 1 1 1 1 4 1 2 4 -1 -1 -1 -1 -1 -1 187277 0 15 40 21 23 2 5 2 5
0 0 0 1 4 6 1 1 1 4 1 2 5 -1 -1 -1 -1 -1 -1 187711 1 15 40 21 23 2 5 2 5
0 0 0 1 6 1 1 1 1 4 1 2 4 -1 -1 -1 -1 -1 -1 188144 0 15 40 21 23 2 5 2 5
0 0 0 1 6 3 1 1 1 4 1 2 4 5 0 6 1 0 0 188577 0 15 40 21 23 2 4 2 5
0 0 0 1 1 6 1 1 1 4 1 2 5 -1 -1 -1 -1 -1 -1 189011 0 15 40 21 23 2 4 2 5
0 0 0 4 1 6 1 1 1 4 1 2 5 -1 -1 -1 -1 -1 -1 189444 1 15 40 21 23 2 4 2 5
0 0 0 1 1 6 1 1 1 4 1 2 5 -1 -1 -1 -1 -1 -1 189878 0 15 40 21 23 2 4 2 5
0 0 0 1 1 6 1 3 1 4 1 2 5 7 1 7 2 0 0 190311 0 15 40 21 23 2 5 2 5
0 0 0 1 1 6 1 1 1 4 1 2 5 -1 -1 -1 -1 -1 -1 190745 0 15 40 21 23 2 5 2 5
0 0 0 4 1 1 6 1 1 4 1 2 6 -1 -1 -1 -1 -1 -1 191178 1 15 40 21 23 2 5 2 5
0 0 0 1 1 1 6 1 1 4 1 2 6 -1 -1 -1 -1 -1 -1 191611 0 15 40 21 23 2 5 2 5
0 0 0 1 1 3 6 1 1 4 1 2 6 5 3 8 3 0 0 192045 0 15 40 21 23 2 8 0 5
0 0 0 1 1 1 6 1 1 4 1 2 6 -1 -1 -1 -1 -1 -1 192478 0 15 40 21 23 2 8 0 5
0 0 0 1 4 6 1 1 1 4 1 2 5 -1 -1 -1 -1 -1 -1 192912 1 15 40 21 23 2 8 0 5
0 0 0 1 1 6 1 1 1 4 1 2 5 -1 -1 -1 -1 -1 -1 193345 0 15 40 21 23 2 8 0 5
0 0 0 3 1 6 1 1 1 4 1 2 5 3 1 7 2 0 0 193779 0 15 40 21 23 2 6 2 5
0 0 0 1 1 6 1 1 1 4 1 2 5 -1 -1 -1 -1 -1 -1 194212 0 15 40 21 23 2 6 2 5
0 0 0 0 1 6 1 0 2 0 2 0 5 -1 -1 -1 -1 -1 -1 226886 0 15 18 18 60 2 8 0 3
0 0 0 0 1 6 1 0 2 0 2 0 5 -1 -1 -1 -1 -1 -1 227052 0 15 18 18 60 2 8 0 3
0 0 0 0 1 6 1 0 2 0 2 0 5 -1 -1 -1 -1 -1 -1 227219 0 15 18 18 60 2 4 2 3
0 0 0 0 1 6 1 0 2 0 2 0 5 -1 -1 -1 -1 -1 -1 227386 0 15 18 18 51.8 2 4 2 3
0 0 0 0 1 6 1 0 2 0 2 0 5 -1 -1 -1 -1 -1 -1 227653 0 15 18 18 29.9333 2 4 2 3
0 0 0 0 1 6 1 0 2 0 2 0 5 -1 -1 -1 -1 -1 -1 228119 0 15 18 18 19 2 4 2 3
0 0 0 0 1 6 1 0 2 0 2 0 5 -1 -1 -1 -1 -1 -1 228653 0 15 18 18 19 2 6 2 3
0 0 0 0 1 6 1 0 2 0 2 0 5 -1 -1 -1 -1 -1 -1 229153 0 15 18 18 19 2 6 2 3
0 0 0 0 1 1 6 0 2 0 2 0 6 -1 -1 -1 -1 -1 -1 229686 0 15 18 18 19 2 6 2 3
0 0 0 0 1 1 6 0 2 0 2 0 6 -1 -1 -1 -1 -1 -1 230220 0 15 18 18 19 2 6 2 3
0 0 0 0 1 3 6 0 2 0 2 0 6 5 0 4 1 0 0 230753 0 15 18 18 19 2 6 2 3
0 0 0 0 1 6 1 0 2 0 2 0 5 -1 -1 -1 -1 -1 -1 231287 0 15 18 18 19 2 6 2 3
0 0 0 0 1 6 1 0 2 0 2 0 5 -1 -1 -1 -1 -1 -1 231787 0 15 18 18 19 2 6 2 3
0 0 0 0 1 6 1 0 2 0 2 0 5 -1 -1 -1 -1 -1 -1 232320 0 15 18 18 19 2 6 2 3
0 0 0 0 1 6 3 0 2 0 2 0 5 6 1 4 2 0 0 232854 0 15 18 18 19 2 4 2 3
0 0 0 0 1 6 1 0 2 0 2 0 5 -1 -1 -1 -1 -1 -1 233387 0 15 18 18 19 2 4 2 3
0 0 0 0 6 1 1 0 2 0 2 0 4 -1 -1 -1 -1 -1 -1 233887 0 15 18 18 19 2 4 2 3
0 0 0 0 6 1 1 0 2 0 2 0 4 -1 -1 -1 -1 -1 -1 234421 0 15 18 18 19 2 4 2 3
0 0 0 0 6 3 1 0 2 0 2 0 4 5 3 4 3 0 0 234954 0 15 18 18 19 2 5 2 3
0 0 0 0 1 6 1 0 2 0 2 0 5 -1 -1 -1 -1 -1 -1 235488 0 15 18 18 19 2 5 2 3
0 0 0 0 1 6 1 0 2 0 2 0 5 -1 -1 -1 -1 -1 -1 236021 0 15 18 18 19 2 5 2 3
0 0 0 0 1 6 1 0 2 0 2 0 5 -1 -1 -1 -1 -1 -1 236521 0 15 18 18 19 2 5 2 3
0 0 0 0 2 8 1 0 2 0 2 0 5 4 1 4 2 1 0 237055 0 15 18 18 19 2 6 2 3
0 0 0 0 1 6 1 0 2 0 2 0 5 -1 -1 -1 -1 -1 -1 237688 0 15 18 17 16 2 6 2 3
0 0 0 0 1 6 1 0 2 0 2 0 5 -1 -1 -1 -1 -1 -1 238288 0 15 18 17 16 2 6 2 3
0 0 0 0 1 6 1 0 2 0 2 0 5 -1 -1 -1 -1 -1 -1 238922 0 15 18 17 16 2 6 2 3
0 0 0 0 1 6 3 0 2 0 2 0 5 6 2 4 0 0 0 239555 0 15 18 17 16 2 6 2 3
0 0 0 0 1 6 1 0 2 0 2 0 5 -1 -1 -1 -1 -1 -1 240189 0 15 18 17 16 2 6 2 3
0 0 0 0 1 6 1 0 2 0 2 0 5 -1 -1 -1 -1 -1 -1 240789 0 15 18 17 16 2 6 2 3
0 0 0 0 1 6 1 0 2 0 2 0 5 -1 -1 -1 -1 -1 -1 241422 0 15 18 17 16 2 6 2 3
0 0 0 0 2 8 1 0 2 0 2 0 5 4 1 4 2 1 0 242056 0 15 18 17 16 2 8 0 3
0 0 0 0 1 6 1 0 2 0 2 0 5 -1 -1 -1 -1 -1 -1 242789 0 15 18 16 13 2 8 0 3
0 0 0 0 6 1 1 0 2 0 2 0 4 -1 -1 -1 -1 -1 -1 243556 0 15 18 16 13 2 8 0 3
0 0 0 0 6 1 1 0 2 0 2 0 4 -1 -1 -1 -1 -1 -1 244323 0 15 18 16 13 2 8 0 3
0 0 0 0 6 3 1 0 2 0 2 0 4 5 3 4 3 0 0 245090 0 15 18 16 13 2 4 2 3
0 0 0 0 1 6 1 0 2 0 2 0 5 -1 -1 -1 -1 -1 -1 245856 0 15 18 16 13 2 4 2 3
0 0 0 0 1 6 1 0 2 0 2 0 5 -1 -1 -1 -1 -1 -1 246623 0 15 18 16 13 2 4 2 3
0 0 0 0 1 6 1 0 2 0 2 0 5 -1 -1 -1 -1 -1 -1 247390 0 15 18 16 13 2 4 2 3
0 0 0 0 6 3 1 0 2 0 2 0 4 5 2 4 0 0 0 248157 0 15 18 16 13 2 6 2 3
0 0 0 0 1 6 1 0 2 0 2 0 5 -1 -1 -1 -1 -1 -1 248957 0 15 18 16 13 2 6 2 3
0 0 0 0 1 6 1 0 2 0 2 0 5 -1 -1 -1 -1 -1 -1 249724 0 15 18 16 13 2 6 2 3
0 0 0 0 1 6 1 0 2 0 2 0 5 -1 -1 -1 -1 -1 -1 250491 0 15 18 16 13 2 6 2 3
0 0 0 0 1 8 2 0 2 0 2 0 5 6 3 4 3 1 0 252058 0 15 18 16 13 2 6 2 3
0 0 0 0 1 6 1 0 2 0 2 0 5 -1 -1 -1 -1 -1 -1 252991 0 15 18 15 10 2 6 2 3
0 0 0 0 1 6 1 0 2 0 2 0 5 -1 -1 -1 -1 -1 -1 253991 0 15 18 15 10 2 6 2 3
0 0 0 0 1 6 1 0 2 0 2 0 5 -1 -1 -1 -1 -1 -1 254992 0 15 18 15 10 2 6 2 3
0 0 0 0 1 6 3 0 2 0 2 0 5 6 1 4 2 0 0 255992 0 15 18 15 10 2 4 2 3
0 0 0 0 1 6 1 0 2 0 2 0 5 -1 -1 -1 -1 -1 -1 256992 0 15 18 15 10 2 4 2 3
0 0 0 0 1 6 1 0 2 0 2 0 5 -1 -1 -1 -1 -1 -1 257991 0 15 18 15 10 2 4 2 3
0 0 0 0 1 6 1 0 2 0 2 0 5 -1 -1 -1 -1 -1 -1 258991 0 15 18 15 10 2 4 2 3
0 0 0 0 3 6 1 0 2 0 2 0 5 4 0 4 1 0 0 259991 0 15 18 15 10 2 5 2 3
0 0 0 0 1 6 1 0 2 0 2 0 5 -1 -1 -1 -1 -1 -1 260991 0 15 18 15 10 2 5 2 3
0 0 0 0 1 6 1 0 2 0 2 0 5 -1 -1 -1 -1 -1 -1 261990 0 15 18 15 10 2 5 2 3
0 0 0 0 1 6 1 0 2 0 2 0 5 -1 -1 -1 -1 -1 -1 262990 0 15 18 15 10 2 5 2 3
0 0 0 0 3 6 1 0 2 0 2 0 5 4 2 4 0 0 0 263990 0 15 18 15 10 2 6 2 3
0 0 0 0 1 6 1 0 2 0 2 0 5 -1 -1 -1 -1 -1 -1 264990 0 15 18 15 10 2 6 2 3
0 0 0 0 1 6 1 0 2 0 2 0 5 -1 -1 -1 -1 -1 -1 265989 0 15 18 15 10 2 6 2 3
0 0 0 0 1 6 1 0 2 0 2 0 5 -1 -1 -1 -1 -1 -1 266989 0 15 18 15 10 2 6 2 3
0 0 0 0 1 6 3 0 2 0 2 0 5 6 1 4 2 0 0 267989 0 15 18 15 10 2 6 2 3
0 0 0 0 6 1 1 0 2 0 2 0 4 -1 -1 -1 -1 -1 -1 268989 0 15 18 15 10 2 6 2 3
0 0 0 0 6 1 1 0 2 0 2 0 4 -1 -1 -1 -1 -1 -1 269988 0 15 18 15 10 2 6 2 3
0 0 0 0 6 1 1 0 2 0 2 0 4 -1 -1 -1 -1 -1 -1 270988 0 15 18 15 10 2 6 2 3
0 0 0 0 6 3 1 0 2 0 2 0 4 5 3 4 3 0 0 271988 0 15 18 15 10 2 8 0 3
0 0 0 0 1 6 1 0 2 0 2 0 5 -1 -1 -1 -1 -1 -1 272988 0 15 18 15 10 2 8 0 3
0 0 0 0 1 1 6 0 2 0 2 0 6 -1 -1 -1 -1 -1 -1 273988 0 15 18 15 10 2 8 0 3
0 0 0 0 1 1 6 0 2 0 2 0 6 -1 -1 -1 -1 -1 -1 274987 0 15 18 15 10 2 8 0 3
0 0 0 0 1 3 6 0 2 0 2 0 6 5 0 4 1 0 0 275987 0 15 18 15 10 2 4 2 3
0 0 0 0 1 6 1 0 2 0 2 0 5 -1 -1 -1 -1 -1 -1 276987 0 15 18 15 10 2 4 2 3
0 0 0 0 1 6 1 0 2 0 2 0 5 -1 -1 -1 -1 -1 -1 277987 0 15 18 15 10 2 4 2 3
0 0 0 0 1 6 1 0 2 0 2 0 5 -1 -1 -1 -1 -1 -1 278986 0 15 18 15 10 2 4 2 3
0 0 0 0 1 6 3 0 2 0 2 0 5 6 2 4 0 0 0 279986 0 15 18 15 10 2 6 2 3
0 0 0 0 6 1 1 0 2 0 2 0 4 -1 -1 -1 -1 -1 -1 280986 0 15 18 15 10 2 6 2 3
0 0 0 0 6 1 1 0 2 0 2 0 4 -1 -1 -1 -1 -1 -1 281986 0 15 18 15 10 2 6 2 3
0 0 0 0 6 1 1 0 2 0 2 0 4 -1 -1 -1 -1 -1 -1 282985 0 15 18 15 10 2 6 2 3
0 0 0 0 7 1 1 0 2 0 2 0 4 4 0 4 1 1 1 283985 0 15 18 15 10 2 6 2 3
0 0 0 0 1 6 1 0 2 0 2 0 5 -1 -1 -1 -1 -1 -1 284985 0 15 18 15 10 2 6 2 3
0 0 0 0 1 1 6 0 2 0 2 0 6 -1 -1 -1 -1 -1 -1 285985 0 15 18 15 10 2 6 2 3
0 0 0 0 1 1 6 0 2 0 2 0 6 -1 -1 -1 -1 -1 -1 286984 0 15 18 15 10 2 6 2 3
0 0 0 0 1 1 7 0 2 0 2 0 6 6 2 4 0 1 1 287984 0 15 18 15 10 2 4 2 3
0 0 0 0 1 6 1 0 2 0 2 0 5 -1 -1 -1 -1 -1 -1 288784 0 15 18 16 13 2 4 2 3
0 0 0 0 1 6 1 0 2 0 2 0 5 -1 -1 -1 -1 -1 -1 289584 0 15 18 16 13 2 4 2 3
0 0 0 0 1 6 1 0 2 0 2 0 5 -1 -1 -1 -1 -1 -1 290350 0 15 18 16 13 2 4 2 3
0 0 0 0 1 6 3 0 2 0 2 0 5 6 3 4 3 0 0 291117 0 15 18 16 13 2 5 2 3
0 0 0 0 1 6 1 0 2 0 2 0 5 -1 -1 -1 -1 -1 -1 291883 0 15 18 16 13 2 5 2 3
0 0 0 0 1 6 1 0 2 0 2 0 5 -1 -1 -1 -1 -1 -1 292650 0 15 18 16 13 2 5 2 3
0 0 0 0 1 6 1 0 2 0 2 0 5 -1 -1 -1 -1 -1 -1 293416 0 15 18 16 13 2 5 2 3
0 0 0 0 1 6 3 0 2 0 2 0 5 6 0 4 1 0 0 294183 0 15 18 16 13 2 6 2 3
0 0 0 0 1 1 6 0 2 0 2 0 6 -1 -1 -1 -1 -1 -1 294949 0 15 18 16 13 2 6 2 3
0 0 0 0 1 1 6 0 2 0 2 0 6 -1 -1 -1 -1 -1 -1 295716 0 15 18 16 13 2 6 2 3
0 0 0 0 1 1 6 0 2 0 2 0 6 -1 -1 -1 -1 -1 -1 296482 0 15 18 16 13 2 6 2 3
0 0 0 0 1 1 7 0 2 0 2 0 6 6 3 4 3 1 1 297249 0 15 18 16 13 2 6 2 3
0 0 0 0 1 1 6 0 2 0 2 0 6 -1 -1 -1 -1 -1 -1 298015 0 15 18 16 13 2 6 2 3
0 0 0 0 1 1 6 0 2 0 2 0 6 -1 -1 -1 -1 -1 -1 298781 0 15 18 16 13 2 6 2 3
0 0 0 0 1 1 6 0 2 0 2 0 6 -1 -1 -1 -1 -1 -1 299548 0 15 18 16 13 2 6 2 3
0 0 0 0 1 3 6 0 2 0 2 0 6 5 2 4 0 0 0 300348 0 15 18 16 13 2 8 0 3
0 0 0 0 1 1 6 0 2 0 2 0 6 -1 -1 -1 -1 -1 -1 301114 0 15 18 16 13 2 8 0 3
0 0 0 0 1 1 6 0 2 0 2 0 6 -1 -1 -1 -1 -1 -1 301881 0 15 18 16 13 2 8 0 3
0 0 0 0 1 6 1 0 2 0 2 0 5 -1 -1 -1 -1 -1 -1 302647 0 15 18 16 13 2 8 0 3
0 0 0 0 3 6 1 0 2 0 2 0 5 4 1 4 2 0 0 303414 0 15 18 16 13 2 4 2 3
0 0 0 0 1 6 1 0 2 0 2 0 5 -1 -1 -1 -1 -1 -1 304180 0 15 18 16 13 2 4 2 3
0 0 0 0 1 6 1 0 2 0 2 0 5 -1 -1 -1 -1 -1 -1 304947 0 15 18 16 13 2 4 2 3
0 0 0 0 1 6 1 0 2 0 2 0 5 -1 -1 -1 -1 -1 -1 305713 0 15 18 16 13 2 4 2 3
0 0 0 0 1 8 1 0 2 0 2 0 5 5 3 4 3 0 1 306480 0 15 18 16 13 2 6 2 3
0 0 0 0 1 6 1 0 2 0 2 0 5 -1 -1 -1 -1 -1 -1 307446 0 15 18 15 10 2 6 2 3
0 0 0 0 1 6 1 0 2 0 2 0 5 -1 -1 -1 -1 -1 -1 308446 0 15 18 15 10 2 6 2 3
0 0 0 0 1 6 1 0 2 0 2 0 5 -1 -1 -1 -1 -1 -1 309446 0 15 18 15 10 2 6 2 3
0 0 0 0 1 6 3 0 2 0 2 0 5 6 0 4 1 0 0 310445 0 15 18 15 10 2 6 2 3
0 0 0 0 1 6 1 0 2 0 2 0 5 -1 -1 -1 -1 -1 -1 311445 0 15 18 15 10 2 6 2 3
0 0 0 0 1 6 1 0 2 0 2 0 5 -1 -1 -1 -1 -1 -1 312445 0 15 18 15 10 2 6 2 3
0 0 0 0 1 1 6 0 2 0 2 0 6 -1 -1 -1 -1 -1 -1 313445 0 15 18 15 10 2 6 2 3
0 0 0 0 1 3 6 0 2 0 2 0 6 5 2 4 0 0 0 314444 0 15 18 15 10 2 4 2 3
0 0 0 0 1 6 1 0 2 0 2 0 5 -1 -1 -1 -1 -1 -1 315444 0 15 18 15 10 2 4 2 3
0 0 0 0 1 6 1 0 2 0 2 0 5 -1 -1 -1 -1 -1 -1 316444 0 15 18 15 10 2 4 2 3
0 0 0 0 1 6 1 0 2 0 2 0 5 -1 -1 -1 -1 -1 -1 317444 0 15 18 15 10 2 4 2 3
0 0 0 0 1 7 1 0 2 0 2 0 5 5 0 4 1 1 1 318443 0 15 18 15 10 2 5 2 3
0 0 0 0 1 6 1 0 2 0 2 0 5 -1 -1 -1 -1 -1 -1 319443 0 15 18 15 10 2 5 2 3
0 0 0 0 1 6 1 0 2 0 2 0 5 -1 -1 -1 -1 -1 -1 320443 0 15 18 15 10 2 5 2 3
0 0 0 0 1 6 1 0 2 0 2 0 5 -1 -1 -1 -1 -1 -1 321443 0 15 18 15 10 2 5 2 3
0 0 0 0 3 6 1 0 2 0 2 0 5 4 1 4 2 0 0 322442 0 15 18 15 10 2 6 2 3
0 0 0 0 6 1 1 0 2 0 2 0 4 -1 -1 -1 -1 -1 -1 323442 0 15 18 15 10 2 6 2 3
0 0 0 0 6 1 1 0 2 0 2 0 4 -1 -1 -1 -1 -1 -1 324442 0 15 18 15 10 2 6 2 3
0 0 0 0 6 1 1 0 2 0 2 0 4 -1 -1 -1 -1 -1 -1 325442 0 15 18 15 10 2 6 2 3
0 0 0 0 7 1 1 0 2 0 2 0 4 4 0 4 1 1 1 326441 0 15 18 15 10 2 6 2 3
0 0 0 0 6 1 1 0 2 0 2 0 4 -1 -1 -1 -1 -1 -1 327241 0 15 18 16 13 2 6 2 3
0 0 0 0 1 6 1 0 2 0 2 0 5 -1 -1 -1 -1 -1 -1 328008 0 15 18 16 13 2 6 2 3
0 0 0 0 1 6 1 0 2 0 2 0 5 -1 -1 -1 -1 -1 -1 328774 0 15 18 16 13 2 6 2 3
0 0 0 0 1 6 3 0 2 0 2 0 5 6 3 4 3 0 0 329541 0 15 18 16 13 2 8 0 3
0 0 0 0 1 6 1 0 2 0 2 0 5 -1 -1 -1 -1 -1 -1 330307 0 15 18 16 13 2 8 0 3
0 0 0 0 1 6 1 0 2 0 2 0 5 -1 -1 -1 -1 -1 -1 331074 0 15 18 16 13 2 8 0 3
0 0 0 0 1 6 1 0 2 0 2 0 5 -1 -1 -1 -1 -1 -1 331873 0 15 18 16 13 2 8 0 3
0 0 0 0 8 2 1 0 2 0 2 0 4 5 0 4 1 1 0 332640 0 15 18 16 13 2 4 2 3
0 0 0 0 1 6 1 0 2 0 2 0 5 -1 -1 -1 -1 -1 -1 333573 0 15 18 15 10 2 4 2 3
0 0 0 0 1 6 1 0 2 0 2 0 5 -1 -1 -1 -1 -1 -1 334573 0 15 18 15 10 2 4 2 3
0 0 0 0 1 6 1 0 2 0 2 0 5 -1 -1 -1 -1 -1 -1 335572 0 15 18 15 10 2 4 2 3
0 0 0 0 1 6 3 0 2 0 2 0 5 6 2 4 0 0 0 336572 0 15 18 15 10 2 6 2 3
0 0 0 0 1 6 1 0 2 0 2 0 5 -1 -1 -1 -1 -1 -1 337572 0 15 18 15 10 2 6 2 3
0 0 0 0 1 6 1 0 2 0 2 0 5 -1 -1 -1 -1 -1 -1 338572 0 15 18 15 10 2 6 2 3
0 0 0 0 1 6 1 0 2 0 2 0 5 -1 -1 -1 -1 -1 -1 339572 0 15 18 15 10 2 6 2 3
0 0 0 0 3 6 1 0 2 0 2 0 5 4 3 4 3 0 0 340571 0 15 18 15 10 2 6 2 3
0 0 0 0 1 6 1 0 2 0 2 0 5 -1 -1 -1 -1 -1 -1 341571 0 15 18 15 10 2 6 2 3
0 0 0 0 1 6 1 0 2 0 2 0 5 -1 -1 -1 -1 -1 -1 342571 0 15 18 15 10 2 6 2 3
0 0 0 0 1 6 1 0 2 0 2 0 5 -1 -1 -1 -1 -1 -1 343571 0 15 18 15 10 2 6 2 3
0 0 0 0 3 6 1 0 2 0 2 0 5 4 0 4 1 0 0 344570 0 15 18 15 10 2 4 2 3
0 0 0 0 1 6 1 0 2 0 2 0 5 -1 -1 -1 -1 -1 -1 345570 0 15 18 15 10 2 4 2 3
0 0 0 0 1 1 6 0 2 0 2 0 6 -1 -1 -1 -1 -1 -1 346570 0 15 18 15 10 2 4 2 3
0 0 0 1 1 6 1 1 3 1 3 1 5 -1 -1 -1 -1 -1 -1 359800 0 15 18 18 60 2 8 0 5
0 0 0 1 1 6 1 1 3 1 3 1 5 -1 -1 -1 -1 -1 -1 359967 0 15 18 18 60 2 8 0 5
0 0 0 1 1 6 1 1 3 1 3 1 5 -1 -1 -1 -1 -1 -1 360133 0 15 18 18 60 2 4 2 5
0 0 0 1 1 6 1 1 3 1 3 1 5 -1 -1 -1 -1 -1 -1 360300 0 15 18 18 51.8 2 4 2 5
0 0 0 1 1 6 1 1 3 1 3 1 5 -1 -1 -1 -1 -1 -1 360566 0 15 18 18 29.9333 2 4 2 5
0 0 0 1 1 6 1 1 3 1 3 1 5 -1 -1 -1 -1 -1 -1 361033 0 15 18 18 19 2 4 2 5
0 0 0 1 1 6 1 1 3 1 3 1 5 -1 -1 -1 -1 -1 -1 361566 0 15 18 18 19 2 4 2 5
0 0 0 1 1 6 1 1 3 1 3 1 5 -1 -1 -1 -1 -1 -1 362066 0 15 18 18 19 2 4 2 5
0 0 0 1 1 6 1 1 3 1 3 1 5 -1 -1 -1 -1 -1 -1 362599 0 15 18 18 19 2 4 2 5
0 0 0 1 1 6 1 1 3 1 3 1 5 -1 -1 -1 -1 -1 -1 363132 0 15 18 18 19 2 4 2 5
0 0 0 1 1 6 3 1 3 1 3 1 5 6 4 5 0 0 0 363666 0 15 18 18 19 2 5 2 5
0 0 0 1 1 6 1 1 3 1 3 1 5 -1 -1 -1 -1 -1 -1 364199 0 15 18 18 19 2 5 2 5
0 0 0 1 1 6 1 1 3 1 3 1 5 -1 -1 -1 -1 -1 -1 364699 0 15 18 18 19 2 5 2 5
0 0 0 1 1 6 1 1 3 1 3 1 5 -1 -1 -1 -1 -1 -1 365232 0 15 18 18 19 2 5 2 5
0 0 0 1 1 6 3 1 3 1 3 1 5 6 4 8 3 0 0 365765 0 15 18 18 19 2 4 2 5
0 0 0 1 1 6 1 1 3 1 3 1 5 -1 -1 -1 -1 -1 -1 366298 0 15 18 18 19 2 4 2 5
0 0 0 1 1 6 1 1 3 1 3 1 5 -1 -1 -1 -1 -1 -1 366832 0 15 18 18 19 2 4 2 5
0 0 0 1 1 6 1 1 3 1 3 1 5 -1 -1 -1 -1 -1 -1 367331 0 15 18 18 19 2 4 2 5
0 0 0 1 1 6 1 3 3 1 3 1 5 7 4 7 2 0 0 367865 0 15 18 18 19 2 4 2 5
0 0 0 1 1 6 1 1 3 1 3 1 5 -1 -1 -1 -1 -1 -1 368398 0 15 18 18 19 2 4 2 5
0 0 0 1 1 6 1 1 3 1 3 1 5 -1 -1 -1 -1 -1 -1 368931 0 15 18 18 19 2 4 2 5
0 0 0 1 1 6 1 1 3 1 3 1 5 -1 -1 -1 -1 -1 -1 369431 0 15 18 18 19 2 4 2 5
0 0 0 1 1 6 1 3 3 1 3 1 5 7 4 8 3 0 0 369964 0 15 18 18 19 2 5 2 5
0 0 0 1 1 6 1 1 3 1 3 1 5 -1 -1 -1 -1 -1 -1 370497 0 15 18 18 19 2 5 2 5
0 0 0 1 1 6 1 1 3 1 3 1 5 -1 -1 -1 -1 -1 -1 371030 0 15 18 18 19 2 5 2 5
0 0 0 1 1 6 1 1 3 1 3 1 5 -1 -1 -1 -1 -1 -1 371564 0 15 18 18 19 2 5 2 5
0 0 0 1 1 6 3 1 3 1 3 1 5 6 4 6 1 0 0 372064 0 15 18 18 19 2 6 2 5
0 0 0 1 1 6 1 1 3 1 3 1 5 -1 -1 -1 -1 -1 -1 372597 0 15 18 18 19 2 6 2 5
0 0 0 1 1 6 1 1 3 1 3 1 5 -1 -1 -1 -1 -1 -1 373130 0 15 18 18 19 2 6 2 5
0 0 0 1 1 6 1 1 3 1 3 1 5 -1 -1 -1 -1 -1 -1 373663 0 15 18 18 19 2 6 2 5
0 0 0 1 1 8 1 1 3 1 3 1 5 5 4 5 0 0 1 374163 0 15 18 18 19 2 8 0 5
0 0 0 1 1 6 1 1 3 1 3 1 5 -1 -1 -1 -1 -1 -1 374796 0 15 18 17 16 2 8 0 5
0 0 0 1 1 6 1 1 3 1 3 1 5 -1 -1 -1 -1 -1 -1 375429 0 15 18 17 16 2 8 0 5
0 0 0 1 1 6 1 1 3 1 3 1 5 -1 -1 -1 -1 -1 -1 376029 0 15 18 17 16 2 8 0 5
0 0 0 1 1 7 1 1 3 1 3 1 5 5 4 8 3 1 1 376662 0 15 18 17 16 2 4 2 5
0 0 0 1 1 6 1 1 3 1 3 1 5 -1 -1 -1 -1 -1 -1 377296 0 15 18 17 16 2 4 2 5
0 0 0 1 1 6 1 1 3 1 3 1 5 -1 -1 -1 -1 -1 -1 377929 0 15 18 17 16 2 4 2 5
0 0 0 1 1 6 1 1 3 1 3 1 5 -1 -1 -1 -1 -1 -1 378529 0 15 18 17 16 2 4 2 5
0 0 0 1 1 6 3 1 3 1 3 1 5 6 4 7 2 0 0 379162 0 15 18 17 16 2 4 2 5
0 0 0 1 1 6 1 1 3 1 3 1 5 -1 -1 -1 -1 -1 -1 379795 0 15 18 17 16 2 4 2 5
0 0 0 1 1 6 1 1 3 1 3 1 5 -1 -1 -1 -1 -1 -1 380428 0 15 18 17 16 2 4 2 5
0 0 0 1 1 1 6 1 3 1 3 1 6 -1 -1 -1 -1 -1 -1 381028 0 15 18 17 16 2 4 2 5
0 0 0 1 1 1 8 1 3 1 3 1 6 6 4 6 1 0 1 381661 0 15 18 17 16 2 5 2 5
0 0 0 1 1 6 1 1 3 1 3 1 5 -1 -1 -1 -1 -1 -1 382394 0 15 18 16 13 2 5 2 5
0 0 0 1 1 6 1 1 3 1 3 1 5 -1 -1 -1 -1 -1 -1 383161 0 15 18 16 13 2 5 2 5
0 0 0 1 1 6 1 1 3 1 3 1 5 -1 -1 -1 -1 -1 -1 383961 0 15 18 16 13 2 5 2 5
0 0 0 1 1 8 1 2 3 1 3 1 5 7 4 8 3 1 0 384727 0 15 18 16 13 2 4 2 5
0 0 0 1 1 6 1 1 3 1 3 1 5 -1 -1 -1 -1 -1 -1 385660 0 15 18 15 10 2 4 2 5
0 0 0 1 1 6 1 1 3 1 3 1 5 -1 -1 -1 -1 -1 -1 386660 0 15 18 15 10 2 4 2 5
0 0 0 1 1 6 1 1 3 1 3 1 5 -1 -1 -1 -1 -1 -1 387660 0 15 18 15 10 2 4 2 5
0 0 0 1 1 1 7 1 3 1 3 1 6 6 4 7 2 1 1 388660 0 15 18 15 10 2 4 2 5
0 0 0 1 1 6 1 1 3 1 3 1 5 -1 -1 -1 -1 -1 -1 389659 0 15 18 15 10 2 4 2 5
0 0 0 1 1 1 6 1 3 1 3 1 6 -1 -1 -1 -1 -1 -1 390659 0 15 18 15 10 2 4 2 5
0 0 0 1 1 1 6 1 3 1 3 1 6 -1 -1 -1 -1 -1 -1 391659 0 15 18 15 10 2 4 2 5
0 0 0 1 1 3 6 1 3 1 3 1 6 5 4 7 2 0 0 392659 0 15 18 15 10 2 5 2 5
0 0 0 1 1 1 6 1 3 1 3 1 6 -1 -1 -1 -1 -1 -1 393658 0 15 18 15 10 2 5 2 5
0 0 0 1 1 6 1 1 3 1 3 1 5 -1 -1 -1 -1 -1 -1 394658 0 15 18 15 10 2 5 2 5
0 0 0 1 1 6 1 1 3 1 3 1 5 -1 -1 -1 -1 -1 -1 395658 0 15 18 15 10 2 5 2 5
0 0 0 1 1 8 1 1 3 1 3 1 5 5 4 6 1 0 1 396658 0 15 18 15 10 2 6 2 5
0 0 0 1 1 6 1 1 3 1 3 1 5 -1 -1 -1 -1 -1 -1 397657 0 15 18 15 10 2 6 2 5
0 0 0 1 1 6 1 1 3 1 3 1 5 -1 -1 -1 -1 -1 -1 398657 0 15 18 15 10 2 6 2 5
0 0 0 1 1 6 1 1 3 1 3 1 5 -1 -1 -1 -1 -1 -1 399657 0 15 18 15 10 2 6 2 5
0 0 0 1 3 6 1 1 3 1 3 1 5 4 4 8 3 0 0 400657 0 15 18 15 10 2 8 0 5
0 0 0 1 1 6 1 1 3 1 3 1 5 -1 -1 -1 -1 -1 -1 401656 0 15 18 15 10 2 8 0 5
0 0 0 1 1 1 6 1 3 1 3 1 6 -1 -1 -1 -1 -1 -1 402656 0 15 18 15 10 2 8 0 5
0 0 0 1 1 1 6 1 3 1 3 1 6 -1 -1 -1 -1 -1 -1 403656 0 15 18 15 10 2 8 0 5
0 0 0 1 1 3 6 1 3 1 3 1 6 5 4 5 0 0 0 404656 0 15 18 15 10 2 4 2 5
0 0 0 1 1 1 6 1 3 1 3 1 6 -1 -1 -1 -1 -1 -1 405655 0 15 18 15 10 2 4 2 5
0 0 0 1 1 6 1 1 3 1 3 1 5 -1 -1 -1 -1 -1 -1 406655 0 15 18 15 10 2 4 2 5
0 0 0 1 1 6 1 1 3 1 3 1 5 -1 -1 -1 -1 -1 -1 407655 0 15 18 15 10 2 4 2 5
0 0 0 1 1 6 1 3 3 1 3 1 5 7 4 5 0 0 0 408655 0 15 18 15 10 2 4 2 5
0 0 0 1 1 1 6 1 3 1 3 1 6 -1 -1 -1 -1 -1 -1 409654 0 15 18 15 10 2 4 2 5
0 0 0 1 1 1 1 6 3 1 3 1 7 -1 -1 -1 -1 -1 -1 410654 0 15 18 15 10 2 4 2 5
0 0 0 1 1 1 1 6 3 1 3 1 7 -1 -1 -1 -1 -1 -1 411654 0 15 18 15 10 2 4 2 5
0 0 0 1 1 1 1 8 3 1 3 1 7 7 4 6 1 0 1 412654 0 15 18 15 10 2 5 2 5
0 0 0 1 1 1 6 1 3 1 3 1 6 -1 -1 -1 -1 -1 -1 413653 0 15 18 15 10 2 5 2 5
0 0 0 1 1 1 1 6 3 1 3 1 7 -1 -1 -1 -1 -1 -1 414553 0 15 18 15 12.5 2 5 2 5
0 0 0 1 1 1 1 6 3 1 3 1 7 -1 -1 -1 -1 -1 -1 415353 0 15 18 15 12.5 2 5 2 5
0 0 0 1 1 1 1 7 3 1 3 1 7 7 4 5 0 1 1 416219 0 15 18 15 10 2 4 2 5
0 0 0 1 1 1 6 1 3 1 3 1 6 -1 -1 -1 -1 -1 -1 417219 0 15 18 15 10 2 4 2 5
0 0 0 1 1 1 1 6 3 1 3 1 7 -1 -1 -1 -1 -1 -1 418219 0 15 18 15 10 2 4 2 5
0 0 0 1 1 1 1 6 3 1 3 1 7 -1 -1 -1 -1 -1 -1 419219 0 15 18 15 10 2 4 2 5
0 0 0 1 1 1 1 7 3 1 3 1 7 7 4 5 0 1 1 420218 0 15 18 15 10 2 4 2 5
0 0 0 1 1 1 6 1 3 1 3 1 6 -1 -1 -1 -1 -1 -1 421018 0 15 18 16 13 2 4 2 5
0 0 0 1 1 6 1 1 3 1 3 1 5 -1 -1 -1 -1 -1 -1 421785 0 15 18 16 13 2 4 2 5
0 0 0 1 1 6 1 1 3 1 3 1 5 -1 -1 -1 -1 -1 -1 422551 0 15 18 16 13 2 4 2 5
0 0 0 1 1 6 1 3 3 1 3 1 5 7 4 7 2 0 0 423318 0 15 18 16 13 2 5 2 5
0 0 0 1 1 6 1 1 3 1 3 1 5 -1 -1 -1 -1 -1 -1 424084 0 15 18 16 13 2 5 2 5
0 0 0 1 1 1 6 1 3 1 3 1 6 -1 -1 -1 -1 -1 -1 424851 0 15 18 16 13 2 5 2 5
0 0 0 1 1 1 6 1 3 1 3 1 6 -1 -1 -1 -1 -1 -1 425584 0 15 18 16 16.25 2 5 2 5
0 0 0 1 1 3 6 1 3 1 3 1 6 5 4 6 1 0 0 426217 0 15 18 16 16.25 2 6 2 5
0 0 0 1 1 1 6 1 3 1 3 1 6 -1 -1 -1 -1 -1 -1 426817 0 15 18 16 16.25 2 6 2 5
0 0 0 1 1 6 1 1 3 1 3 1 5 -1 -1 -1 -1 -1 -1 427483 0 15 18 16 13 2 6 2 5
0 0 0 1 6 1 1 1 3 1 3 1 4 -1 -1 -1 -1 -1 -1 428283 0 15 18 16 13 2 6 2 5
0 0 0 1 6 3 1 1 3 1 3 1 4 5 4 7 2 0 0 429050 0 15 18 16 13 2 8 0 5
0 0 0 1 6 1 1 1 3 1 3 1 4 -1 -1 -1 -1 -1 -1 429816 0 15 18 16 13 2 8 0 5
0 0 0 1 6 1 1 1 3 1 3 1 4 -1 -1 -1 -1 -1 -1 430583 0 15 18 16 13 2 8 0 5
0 0 0 1 1 6 1 1 3 1 3 1 5 -1 -1 -1 -1 -1 -1 431349 0 15 18 16 13 2 8 0 5
0 0 0 1 2 8 1 1 3 1 3 1 5 4 4 7 2 1 0 432116 0 15 18 16 13 2 4 2 5
0 0 0 1 1 6 1 1 3 1 3 1 5 -1 -1 -1 -1 -1 -1 433049 0 15 18 15 10 2 4 2 5
0 0 0 1 1 1 6 1 3 1 3 1 6 -1 -1 -1 -1 -1 -1 434048 0 15 18 15 10 2 4 2 5
0 0 0 1 1 1 6 1 3 1 3 1 6 -1 -1 -1 -1 -1 -1 435048 0 15 18 15 10 2 4 2 5
0 0 0 1 1 3 6 1 3 1 3 1 6 5 4 8 3 0 0 436048 0 15 18 15 10 2 4 2 5
0 0 0 1 1 6 1 1 3 1 3 1 5 -1 -1 -1 -1 -1 -1 437048 0 15 18 15 10 2 4 2 5
0 0 0 1 6 1 1 1 3 1 3 1 4 -1 -1 -1 -1 -1 -1 438047 0 15 18 15 10 2 4 2 5
0 0 0 1 6 1 1 1 3 1 3 1 4 -1 -1 -1 -1 -1 -1 439047 0 15 18 15 10 2 4 2 5
0 0 0 1 7 1 1 1 3 1 3 1 4 4 4 7 2 1 1 440047 0 15 18 15 10 2 5 2 5
0 0 0 1 1 6 1 1 3 1 3 1 5 -1 -1 -1 -1 -1 -1 441047 0 15 18 15 10 2 5 2 5
0 0 0 1 1 1 6 1 3 1 3 1 6 -1 -1 -1 -1 -1 -1 442046 0 15 18 15 10 2 5 2 5
0 0 0 1 1 1 6 1 3 1 3 1 6 -1 -1 -1 -1 -1 -1 443046 0 15 18 15 10 2 5 2 5
0 0 0 1 1 1 7 1 3 1 3 1 6 6 4 7 2 1 1 444046 0 15 18 15 10 2 4 2 5
0 0 0 1 1 1 6 1 3 1 3 1 6 -1 -1 -1 -1 -1 -1 444879 0 15 18 16 13 2 4 2 5
0 0 0 1 1 1 6 1 3 1 3 1 6 -1 -1 -1 -1 -1 -1 445646 0 15 18 16 13 2 4 2 5
0 0 0 1 1 1 6 1 3 1 3 1 6 -1 -1 -1 -1 -1 -1 446412 0 15 18 16 13 2 4 2 5
0 0 0 1 1 1 6 3 3 1 3 1 6 7 4 5 0 0 0 447179 0 15 18 16 13 2 4 2 5
0 0 0 1 1 1 6 1 3 1 3 1 6 -1 -1 -1 -1 -1 -1 447945 0 15 18 16 13 2 4 2 5
0 0 0 1 1 1 1 6 3 1 3 1 7 -1 -1 -1 -1 -1 -1 448712 0 15 18 16 13 2 4 2 5
0 0 0 1 1 1 1 6 3 1 3 1 7 -1 -1 -1 -1 -1 -1 449478 0 15 18 16 13 2 4 2 5
0 0 0 1 1 1 1 8 3 1 3 1 7 7 4 8 3 0 1 450244 0 15 18 16 13 2 5 2 5
0 0 0 1 1 1 6 1 3 1 3 1 6 -1 -1 -1 -1 -1 -1 451211 0 15 18 15 10 2 5 2 5
0 0 0 1 1 6 1 1 3 1 3 1 5 -1 -1 -1 -1 -1 -1 452211 0 15 18 15 10 2 5 2 5
0 0 0 1 1 6 1 1 3 1 3 1 5 -1 -1 -1 -1 -1 -1 453210 0 15 18 15 10 2 5 2 5
0 0 0 1 1 7 1 1 3 1 3 1 5 5 4 7 2 1 1 454210 0 15 18 15 10 2 6 2 5
0 0 0 1 1 6 1 1 3 1 3 1 5 -1 -1 -1 -1 -1 -1 455210 0 15 18 15 10 2 6 2 5
0 0 0 1 1 1 6 1 3 1 3 1 6 -1 -1 -1 -1 -1 -1 456210 0 15 18 15 10 2 6 2 5
0 0 0 1 1 1 6 1 3 1 3 1 6 -1 -1 -1 -1 -1 -1 457209 0 15 18 15 10 2 6 2 5
0 0 0 1 1 3 6 1 3 1 3 1 6 5 4 8 3 0 0 458209 0 15 18 15 10 2 8 0 5
0 0 0 1 1 1 6 1 3 1 3 1 6 -1 -1 -1 -1 -1 -1 459209 0 15 18 15 10 2 8 0 5
0 0 0 1 1 6 1 1 3 1 3 1 5 -1 -1 -1 -1 -1 -1 460209 0 15 18 15 10 2 8 0 5
0 0 0 1 1 6 1 1 3 1 3 1 5 -1 -1 -1 -1 -1 -1 461208 0 15 18 15 10 2 8 0 5
0 0 0 1 1 8 1 1 3 1 3 1 5 5 4 5 0 0 1 462208 0 15 18 15 10 2 4 2 5
0 0 0 1 1 6 1 1 3 1 3 1 5 -1 -1 -1 -1 -1 -1 463208 0 15 18 15 10 2 4 2 5
0 0 0 1 1 1 6 1 3 1 3 1 6 -1 -1 -1 -1 -1 -1 464208 0 15 18 15 10 2 4 2 5
0 0 0 1 1 1 6 1 3 1 3 1 6 -1 -1 -1 -1 -1 -1 465207 0 15 18 15 10 2 4 2 5
0 0 0 1 1 1 7 1 3 1 3 1 6 6 4 7 2 1 1 466207 0 15 18 15 10 2 4 2 5
0 0 0 1 1 1 6 1 3 1 3 1 6 -1 -1 -1 -1 -1 -1 467207 0 15 18 15 10 2 4 2 5
0 0 0 1 1 1 6 1 3 1 3 1 6 -1 -1 -1 -1 -1 -1 468207 0 15 18 15 10 2 4 2 5
0 0 0 1 1 6 1 1 3 1 3 1 5 -1 -1 -1 -1 -1 -1 469207 0 15 18 15 10 2 4 2 5
0 0 0 1 1 6 3 1 3 1 3 1 5 6 4 6 1 0 0 470206 0 15 18 15 10 2 5 2 5
0 0 0 1 1 6 1 1 3 1 3 1 5 -1 -1 -1 -1 -1 -1 471206 0 15 18 15 10 2 5 2 5
0 0 0 1 1 6 1 1 3 1 3 1 5 -1 -1 -1 -1 -1 -1 472206 0 15 18 15 10 2 5 2 5
0 0 0 1 1 6 1 1 3 1 3 1 5 -1 -1 -1 -1 -1 -1 473206 0 15 18 15 10 2 5 2 5
0 0 0 1 1 6 3 1 3 1 3 1 5 6 4 8 3 0 0 474205 0 15 18 15 10 2 4 2 5
0 0 0 1 1 6 1 1 3 1 3 1 5 -1 -1 -1 -1 -1 -1 475205 0 15 18 15 10 2 4 2 5
0 0 0 1 1 6 1 1 3 1 3 1 5 -1 -1 -1 -1 -1 -1 476205 0 15 18 15 10 2 4 2 5
0 0 0 1 1 6 1 1 3 1 3 1 5 -1 -1 -1 -1 -1 -1 477205 0 15 18 15 10 2 4 2 5
0 0 0 1 1 7 1 1 3 1 3 1 5 5 4 7 2 1 1 478204 0 15 18 15 10 2 4 2 5
0 0 0 1 1 6 1 1 3 1 3 1 5 -1 -1 -1 -1 -1 -1 479004 0 15 18 16 13 2 4 2 5
0 0 0 1 1 6 1 1 4 1 3 1 5 -1 -1 -1 -1 -1 -1 487402 0 15 18 16 60 2 8 0 5
0 0 0 1 1 6 1 1 4 1 3 1 5 -1 -1 -1 -1 -1 -1 487569 0 15 18 16 60 2 8 0 5
0 0 0 1 1 6 1 1 4 1 3 1 5 -1 -1 -1 -1 -1 -1 487735 0 15 18 16 60 2 5 2 5
0 0 0 1 1 6 1 1 4 1 3 1 5 -1 -1 -1 -1 -1 -1 487902 0 15 18 16 50.6 2 5 2 5
0 0 0 1 1 6 1 1 4 1 3 1 5 -1 -1 -1 -1 -1 -1 488169 0 15 18 16 25.5333 2 5 2 5
0 0 0 1 1 6 1 1 4 1 3 1 5 -1 -1 -1 -1 -1 -1 488902 0 15 18 16 13 2 5 2 5
0 0 0 1 1 6 1 1 4 1 3 1 5 -1 -1 -1 -1 -1 -1 489668 0 15 18 16 13 2 6 2 5
0 0 0 1 1 6 1 1 4 1 3 1 5 -1 -1 -1 -1 -1 -1 490435 0 15 18 16 13 2 6 2 5
0 0 0 1 1 6 1 1 4 1 3 1 5 -1 -1 -1 -1 -1 -1 491201 0 15 18 16 13 2 6 2 5
0 0 0 1 1 6 1 1 4 1 3 1 5 -1 -1 -1 -1 -1 -1 491968 0 15 18 16 13 2 6 2 5
0 0 0 1 3 6 1 1 4 1 3 1 5 4 4 5 0 0 0 492734 0 15 18 16 13 2 5 2 5
0 0 0 1 1 6 1 1 4 1 3 1 5 -1 -1 -1 -1 -1 -1 493501 0 15 18 16 13 2 5 2 5
0 0 0 1 1 6 1 1 4 1 3 1 5 -1 -1 -1 -1 -1 -1 494267 0 15 18 16 13 2 5 2 5
0 0 0 1 1 6 1 1 4 1 3 1 5 -1 -1 -1 -1 -1 -1 495034 0 15 18 16 13 2 5 2 5
0 0 0 1 3 6 1 1 4 1 3 1 5 4 4 8 3 0 0 495833 0 15 18 16 13 2 5 2 5
0 0 0 1 1 6 1 1 4 1 3 1 5 -1 -1 -1 -1 -1 -1 496600 0 15 18 16 13 2 5 2 5
0 0 0 1 1 1 6 1 4 1 3 1 6 -1 -1 -1 -1 -1 -1 497366 0 15 18 16 13 2 5 2 5
0 0 0 1 1 1 6 1 4 1 3 1 6 -1 -1 -1 -1 -1 -1 498133 0 15 18 16 13 2 5 2 5
0 0 0 1 1 3 6 1 4 1 3 1 6 5 4 6 1 0 0 498899 0 15 18 16 13 2 6 2 5
0 0 0 1 1 1 6 1 4 1 3 1 6 -1 -1 -1 -1 -1 -1 499666 0 15 18 16 13 2 6 2 5
0 0 0 1 1 6 1 1 4 1 3 1 5 -1 -1 -1 -1 -1 -1 500432 0 15 18 16 13 2 6 2 5
0 0 0 1 1 6 1 1 4 1 3 1 5 -1 -1 -1 -1 -1 -1 501199 0 15 18 16 13 2 6 2 5
0 0 0 3 1 6 1 1 4 1 3 1 5 3 4 8 3 0 0 501965 0 15 18 16 13 2 4 2 5
0 0 0 1 1 6 1 1 4 1 3 1 5 -1 -1 -1 -1 -1 -1 502732 0 15 18 16 13 2 4 2 5
0 0 0 1 6 1 1 1 4 1 3 1 4 -1 -1 -1 -1 -1 -1 503498 0 15 18 16 13 2 4 2 5
0 0 0 1 6 1 1 1 4 1 3 1 4 -1 -1 -1 -1 -1 -1 504265 0 15 18 16 13 2 4 2 5
0 0 0 1 3 6 1 1 4 1 3 1 5 4 4 5 0 0 0 504898 0 15 18 16 16.25 2 5 2 5
0 0 0 1 1 6 1 1 4 1 3 1 5 -1 -1 -1 -1 -1 -1 505531 0 15 18 16 16.25 2 5 2 5
0 0 0 1 6 1 1 1 4 1 3 1 4 -1 -1 -1 -1 -1 -1 506164 0 15 18 16 14.3 2 5 2 5
0 0 0 1 1 6 1 1 4 1 3 1 5 -1 -1 -1 -1 -1 -1 506831 0 15 18 16 16.25 2 5 2 5
0 0 0 3 1 6 1 1 4 1 3 1 5 3 4 7 2 0 0 507464 0 15 18 16 16.25 2 8 0 5
0 0 0 1 1 6 1 1 4 1 3 1 5 -1 -1 -1 -1 -1 -1 508064 0 15 18 16 16.25 2 8 0 5
0 0 0 1 1 6 1 1 4 1 3 1 5 -1 -1 -1 -1 -1 -1 508764 0 15 18 16 13 2 8 0 5
0 0 0 1 1 6 1 1 4 1 3 1 5 -1 -1 -1 -1 -1 -1 509530 0 15 18 16 13 2 8 0 5
0 0 0 1 3 6 1 1 4 1 3 1 5 4 4 5 0 0 0 510296 0 15 18 16 13 2 5 2 5
0 0 0 1 1 6 1 1 4 1 3 1 5 -1 -1 -1 -1 -1 -1 511096 0 15 18 16 13 2 5 2 5
0 0 0 6 1 1 1 1 4 1 3 1 3 -1 -1 -1 -1 -1 -1 511863 0 15 18 16 13 2 5 2 5
0 0 0 6 1 1 1 1 4 1 3 1 3 -1 -1 -1 -1 -1 -1 512629 0 15 18 16 13 2 5 2 5
0 0 0 7 1 1 1 1 4 1 3 1 3 3 4 5 0 1 1 513396 0 15 18 16 13 2 6 2 5
0 0 0 6 1 1 1 1 4 1 3 1 3 -1 -1 -1 -1 -1 -1 514162 0 15 18 16 13 2 6 2 5
0 0 0 1 6 1 1 1 4 1 3 1 4 -1 -1 -1 -1 -1 -1 514929 0 15 18 16 13 2 6 2 5
0 0 0 1 1 6 1 1 4 1 3 1 5 -1 -1 -1 -1 -1 -1 515695 0 15 18 16 13 2 6 2 5
0 0 0 3 1 6 1 1 4 1 3 1 5 3 4 6 1 0 0 516462 0 15 18 16 13 2 5 2 5
0 0 0 1 1 6 1 1 4 1 3 1 5 -1 -1 -1 -1 -1 -1 517228 0 15 18 16 13 2 5 2 5
0 0 0 1 1 6 1 1 4 1 3 1 5 -1 -1 -1 -1 -1 -1 517995 0 15 18 16 13 2 5 2 5
0 0 0 1 1 6 1 1 4 1 3 1 5 -1 -1 -1 -1 -1 -1 518761 0 15 18 16 13 2 5 2 5
0 0 0 1 8 2 1 1 4 1 3 1 4 5 4 5 0 1 0 519528 0 15 18 16 13 2 5 2 5
0 0 0 1 1 6 1 1 4 1 3 1 5 -1 -1 -1 -1 -1 -1 520494 0 15 18 15 10 2 5 2 5
0 0 0 1 1 6 1 1 4 1 3 1 5 -1 -1 -1 -1 -1 -1 521494 0 15 18 15 10 2 5 2 5
0 0 0 1 1 6 1 1 4 1 3 1 5 -1 -1 -1 -1 -1 -1 522494 0 15 18 15 10 2 5 2 5
0 0 0 1 3 6 1 1 4 1 3 1 5 4 4 7 2 0 0 523493 0 15 18 15 10 2 6 2 5
0 0 0 1 1 1 6 1 4 1 3 1 6 -1 -1 -1 -1 -1 -1 524493 0 15 18 15 10 2 6 2 5
0 0 0 1 1 1 6 1 4 1 3 1 6 -1 -1 -1 -1 -1 -1 525493 0 15 18 15 10 2 6 2 5
0 0 0 1 1 1 6 1 4 1 3 1 6 -1 -1 -1 -1 -1 -1 526493 0 15 18 15 10 2 6 2 5
0 0 0 1 1 1 7 1 4 1 3 1 6 6 4 6 1 1 1 527492 0 15 18 15 10 2 4 2 5
0 0 0 1 1 6 1 1 4 1 3 1 5 -1 -1 -1 -1 -1 -1 528492 0 15 18 15 10 2 4 2 5
0 0 0 1 1 6 1 1 4 1 3 1 5 -1 -1 -1 -1 -1 -1 529492 0 15 18 15 10 2 4 2 5
0 0 0 1 1 6 1 1 4 1 3 1 5 -1 -1 -1 -1 -1 -1 530492 0 15 18 15 10 2 4 2 5
0 0 0 1 2 8 1 1 4 1 3 1 5 4 4 5 0 1 0 531491 0 15 18 15 10 2 5 2 5
0 0 0 1 6 1 1 1 4 1 3 1 4 -1 -1 -1 -1 -1 -1 532324 0 15 18 15 12.5 2 5 2 5
0 0 0 6 1 1 1 1 4 1 3 1 3 -1 -1 -1 -1 -1 -1 533124 0 15 18 15 12.1667 2 5 2 5
0 0 0 6 1 1 1 1 4 1 3 1 3 -1 -1 -1 -1 -1 -1 534057 0 15 18 15 10 2 5 2 5
0 0 0 7 1 1 1 1 4 1 3 1 3 3 4 7 2 1 1 535057 0 15 18 15 10 2 8 0 5
0 0 0 6 1 1 1 1 4 1 3 1 3 -1 -1 -1 -1 -1 -1 536057 0 15 18 15 10 2 8 0 5
0 0 0 1 1 6 1 1 4 1 3 1 5 -1 -1 -1 -1 -1 -1 537057 0 15 18 15 10 2 8 0 5
0 0 0 1 1 6 1 1 4 1 3 1 5 -1 -1 -1 -1 -1 -1 538056 0 15 18 15 10 2 8 0 5
0 0 0 1 1 7 1 1 4 1 3 1 5 5 4 6 1 1 1 538890 0 15 18 15 12.5 2 5 2 5
0 0 0 1 1 6 1 1 4 1 3 1 5 -1 -1 -1 -1 -1 -1 539523 0 15 18 16 16.25 2 5 2 5
0 0 0 1 1 6 1 1 4 1 3 1 5 -1 -1 -1 -1 -1 -1 540189 0 15 18 16 13 2 5 2 5
0 0 0 1 6 1 1 1 4 1 3 1 4 -1 -1 -1 -1 -1 -1 540956 0 15 18 16 13 2 5 2 5
0 0 0 1 6 3 1 1 4 1 3 1 4 5 4 8 3 0 0 541722 0 15 18 16 13 2 6 2 5
0 0 0 1 6 1 1 1 4 1 3 1 4 -1 -1 -1 -1 -1 -1 542489 0 15 18 16 13 2 6 2 5
0 0 0 1 6 1 1 1 4 1 3 1 4 -1 -1 -1 -1 -1 -1 543255 0 15 18 16 13 2 6 2 5
0 0 0 1 1 6 1 1 4 1 3 1 5 -1 -1 -1 -1 -1 -1 544022 0 15 18 16 13 2 6 2 5
0 0 0 1 1 6 3 1 4 1 3 1 5 6 4 6 1 0 0 544788 0 15 18 16 13 2 5 2 5
0 0 0 1 1 6 1 1 4 1 3 1 5 -1 -1 -1 -1 -1 -1 545588 0 15 18 16 13 2 5 2 5
0 0 0 1 1 1 6 1 4 1 3 1 6 -1 -1 -1 -1 -1 -1 546354 0 15 18 16 13 2 5 2 5
0 0 0 1 1 1 1 6 4 1 3 1 7 -1 -1 -1 -1 -1 -1 547121 0 15 18 16 13 2 5 2 5
0 0 0 1 1 1 1 8 4 1 3 1 7 7 4 8 3 0 1 547887 0 15 18 16 13 2 5 2 5
0 0 0 1 1 1 6 1 4 1 3 1 6 -1 -1 -1 -1 -1 -1 548854 0 15 18 15 10 2 5 2 5
0 0 0 1 1 6 1 1 4 1 3 1 5 -1 -1 -1 -1 -1 -1 549854 0 15 18 15 10 2 5 2 5
0 0 0 1 1 6 1 1 4 1 3 1 5 -1 -1 -1 -1 -1 -1 550853 0 15 18 15 10 2 5 2 5
0 0 0 1 1 3 6 1 4 1 3 1 6 5 4 7 2 0 0 551853 0 15 18 15 10 2 6 2 5
0 0 0 1 1 1 6 1 4 1 3 1 6 -1 -1 -1 -1 -1 -1 552853 0 15 18 15 10 2 6 2 5
0 0 0 1 1 1 6 1 4 1 3 1 6 -1 -1 -1 -1 -1 -1 553853 0 15 18 15 10 2 6 2 5
0 0 0 1 1 1 6 1 4 1 3 1 6 -1 -1 -1 -1 -1 -1 554852 0 15 18 15 10 2 6 2 5
0 0 0 1 1 1 6 3 4 1 3 1 6 7 4 5 0 0 0 555852 0 15 18 15 10 2 4 2 5
0 0 0 1 1 6 1 1 4 1 3 1 5 -1 -1 -1 -1 -1 -1 556852 0 15 18 15 10 2 4 2 5
0 0 0 1 1 6 1 1 4 1 3 1 5 -1 -1 -1 -1 -1 -1 557852 0 15 18 15 10 2 4 2 5
0 0 0 1 1 6 1 1 4 1 3 1 5 -1 -1 -1 -1 -1 -1 558851 0 15 18 15 10 2 4 2 5
0 0 0 1 1 6 3 1 4 1 3 1 5 6 4 6 1 0 0 559851 0 15 18 15 10 2 5 2 5
0 0 0 1 1 6 1 1 4 1 3 1 5 -1 -1 -1 -1 -1 -1 560851 0 15 18 15 10 2 5 2 5
0 0 0 1 1 6 1 1 4 1 3 1 5 -1 -1 -1 -1 -1 -1 561851 0 15 18 15 10 2 5 2 5
0 0 0 1 1 6 1 1 4 1 3 1 5 -1 -1 -1 -1 -1 -1 562850 0 15 18 15 10 2 5 2 5
0 0 0 1 1 8 2 1 4 1 3 1 5 6 4 7 2 1 0 563850 0 15 18 15 10 2 8 0 5
0 0 0 1 1 6 1 1 4 1 3 1 5 -1 -1 -1 -1 -1 -1 564717 0 15 18 15 12.5 2 8 0 5
0 0 0 1 1 6 1 1 4 1 3 1 5 -1 -1 -1 -1 -1 -1 565516 0 15 18 15 12.5 2 8 0 5
0 0 0 1 1 1 6 1 4 1 3 1 6 -1 -1 -1 -1 -1 -1 566383 0 15 18 15 10 2 8 0 5
0 0 0 1 1 1 8 1 4 1 3 1 6 6 4 7 2 0 1 567383 0 15 18 15 10 2 5 2 5
0 0 0 1 1 6 1 1 4 1 3 1 5 -1 -1 -1 -1 -1 -1 568382 0 15 18 15 10 2 5 2 5
0 0 0 1 1 6 1 1 4 1 3 1 5 -1 -1 -1 -1 -1 -1 569382 0 15 18 15 10 2 5 2 5
0 0 0 1 1 1 6 1 4 1 3 1 6 -1 -1 -1 -1 -1 -1 570382 0 15 18 15 10 2 5 2 5
0 0 0 1 1 2 8 1 4 1 3 1 6 5 4 6 1 1 0 571382 0 15 18 15 10 2 6 2 5
0 0 0 1 1 1 6 1 4 1 3 1 6 -1 -1 -1 -1 -1 -1 572381 0 15 18 15 10 2 6 2 5
0 0 0 1 1 6 1 1 4 1 3 1 5 -1 -1 -1 -1 -1 -1 573381 0 15 18 15 10 2 6 2 5
0 0 0 1 1 1 6 1 4 1 3 1 6 -1 -1 -1 -1 -1 -1 574381 0 15 18 15 10 2 6 2 5
0 0 0 1 1 3 6 1 4 1 3 1 6 5 4 8 3 0 0 575381 0 15 18 15 10 2 5 2 5
0 0 0 1 1 6 1 1 4 1 3 1 5 -1 -1 -1 -1 -1 -1 576380 0 15 18 15 10 2 5 2 5
0 0 0 1 6 1 1 1 4 1 3 1 4 -1 -1 -1 -1 -1 -1 577380 0 15 18 15 10 2 5 2 5
0 0 0 1 6 1 1 1 4 1 3 1 4 -1 -1 -1 -1 -1 -1 578380 0 15 18 15 10 2 5 2 5
0 0 0 1 8 1 1 1 4 1 3 1 4 4 4 5 0 0 1 579380 0 15 18 15 10 2 5 2 5
0 0 0 1 1 6 1 1 4 1 3 1 5 -1 -1 -1 -1 -1 -1 580379 0 15 18 15 10 2 5 2 5
0 0 0 1 1 6 1 1 4 1 3 1 5 -1 -1 -1 -1 -1 -1 581379 0 15 18 15 10 2 5 2 5
0 0 0 1 1 6 1 1 4 1 3 1 5 -1 -1 -1 -1 -1 -1 582379 0 15 18 15 10 2 5 2 5
0 0 0 2 1 8 1 1 4 1 3 1 5 3 4 6 1 1 0 583379 0 15 18 15 10 2 6 2 5
0 0 0 1 1 6 1 1 4 1 3 1 5 -1 -1 -1 -1 -1 -1 584378 0 15 18 15 10 2 6 2 5
0 0 0 1 1 6 1 1 4 1 3 1 5 -1 -1 -1 -1 -1 -1 585378 0 15 18 15 10 2 6 2 5
0 0 0 1 1 6 1 1 4 1 3 1 5 -1 -1 -1 -1 -1 -1 586378 0 15 18 15 10 2 6 2 5
0 0 0 3 1 6 1 1 4 1 3 1 5 3 4 5 0 0 0 587378 0 15 18 15 10 2 4 2 5
0 0 0 1 1 6 1 1 4 1 3 1 5 -1 -1 -1 -1 -1 -1 588377 0 15 18 15 10 2 4 2 5
0 0 0 1 1 6 1 1 4 1 3 1 5 -1 -1 -1 -1 -1 -1 589377 0 15 18 15 10 2 4 2 5
0 0 0 1 1 6 1 1 4 1 3 1 5 -1 -1 -1 -1 -1 -1 590377 0 15 18 15 10 2 4 2 5
0 0 0 1 3 6 1 1 4 1 3 1 5 4 4 8 3 0 0 591377 0 15 18 15 10 2 5 2 5
0 0 0 1 1 6 1 1 4 1 3 1 5 -1 -1 -1 -1 -1 -1 592376 0 15 18 15 10 2 5 2 5
0 0 0 1 1 1 6 1 4 1 3 1 6 -1 -1 -1 -1 -1 -1 593376 0 15 18 15 10 2 5 2 5
0 0 0 1 1 1 6 1 4 1 3 1 6 -1 -1 -1 -1 -1 -1 594376 0 15 18 15 10 2 5 2 5
0 0 0 1 1 1 8 1 4 1 3 1 6 6 4 7 2 0 1 595376 0 15 18 15 10 2 8 0 5
0 0 0 1 1 1 6 1 4 1 3 1 6 -1 -1 -1 -1 -1 -1 596376 0 15 18 15 10 2 8 0 5
0 0 0 1 1 1 1 6 4 1 3 1 7 -1 -1 -1 -1 -1 -1 597375 0 15 18 15 10 2 8 0 5
0 0 0 1 1 1 1 6 4 1 3 1 7 -1 -1 -1 -1 -1 -1 598375 0 15 18 15 10 2 8 0 5
0 0 0 1 1 1 1 7 4 1 3 1 7 7 4 5 0 1 1 599375 0 15 18 15 10 2 5 2 5
0 0 0 1 1 1 1 6 4 1 3 1 7 -1 -1 -1 -1 -1 -1 600375 0 15 18 15 10 2 5 2 5
0 0 0 1 1 6 1 1 4 1 3 1 5 -1 -1 -1 -1 -1 -1 601374 0 15 18 15 10 2 5 2 5
0 0 0 1 1 1 6 1 4 1 3 1 6 -1 -1 -1 -1 -1 -1 602374 0 15 18 15 10 2 5 2 5
0 0 0 1 1 1 1 8 4 1 3 1 7 7 4 7 2 0 1 603374 0 15 18 15 10 2 6 2 5
0 0 0 1 1 1 6 1 4 1 3 1 6 -1 -1 -1 -1 -1 -1 604374 0 15 18 15 10 2 6 2 5
0 0 0 1 1 6 1 1 4 1 3 1 5 -1 -1 -1 -1 -1 -1 605373 0 15 18 15 10 2 6 2 5
0 0 0 1 1 6 1 1 4 1 3 1 5 -1 -1 -1 -1 -1 -1 606373 0 15 18 15 10 2 6 2 5
0 0 0 1 1 6 1 1 5 2 2 1 5 -1 -1 -1 -1 -1 -1 614105 0 15 18 17 60 2 8 0 5
0 0 0 1 1 6 1 1 5 2 2 1 5 -1 -1 -1 -1 -1 -1 614271 0 15 18 17 60 2 8 0 5
0 0 0 1 1 6 1 1 5 2 2 1 5 -1 -1 -1 -1 -1 -1 614438 0 15 18 17 60 2 4 2 5
0 0 0 1 1 6 1 1 5 2 2 1 5 -1 -1 -1 -1 -1 -1 614604 0 15 18 17 51.2 2 4 2 5
0 0 0 1 1 6 1 1 5 2 2 1 5 -1 -1 -1 -1 -1 -1 614871 0 15 18 17 27.7333 2 4 2 5
0 0 0 1 1 6 1 1 5 2 2 1 5 -1 -1 -1 -1 -1 -1 615438 0 15 18 17 16 2 4 2 5
0 0 0 1 1 6 1 1 5 2 2 1 5 -1 -1 -1 -1 -1 -1 616071 0 15 18 17 16 2 4 2 5
0 0 0 1 1 6 1 1 5 2 2 1 5 -1 -1 -1 -1 -1 -1 616704 0 15 18 17 16 2 4 2 5
0 0 0 1 1 6 1 1 5 2 2 1 5 -1 -1 -1 -1 -1 -1 617304 0 15 18 17 16 2 4 2 5
0 0 0 1 1 6 1 1 5 2 2 1 5 -1 -1 -1 -1 -1 -1 617937 0 15 18 17 16 2 4 2 5
0 0 0 1 1 6 3 1 5 2 2 1 5 6 5 4 1 0 0 618570 0 15 18 17 16 2 4 2 5
0 0 0 1 1 6 1 1 5 2 2 1 5 -1 -1 -1 -1 -1 -1 619203 0 15 18 17 16 2 4 2 5
0 0 0 1 1 6 1 1 5 2 2 1 5 -1 -1 -1 -1 -1 -1 619803 0 15 18 17 16 2 4 2 5
0 0 0 1 1 6 1 1 5 2 2 1 5 -1 -1 -1 -1 -1 -1 620436 0 15 18 17 16 2 4 2 5
0 0 0 1 3 6 1 1 5 2 2 1 5 4 5 4 0 0 0 621069 0 15 18 17 16 2 4 2 5
0 0 0 1 1 6 1 1 5 2 2 1 5 -1 -1 -1 -1 -1 -1 621703 0 15 18 17 16 2 4 2 5
0 0 0 1 1 6 1 1 5 2 2 1 5 -1 -1 -1 -1 -1 -1 622303 0 15 18 17 16 2 4 2 5
0 0 0 1 1 6 1 1 5 2 2 1 5 -1 -1 -1 -1 -1 -1 622936 0 15 18 17 16 2 4 2 5
0 0 0 1 3 6 1 1 5 2 2 1 5 4 5 4 2 0 0 623569 0 15 18 17 16 2 5 2 5
0 0 0 1 1 6 1 1 5 2 2 1 5 -1 -1 -1 -1 -1 -1 624202 0 15 18 17 16 2 5 2 5
0 0 0 1 6 1 1 1 5 2 2 1 4 -1 -1 -1 -1 -1 -1 624802 0 15 18 17 16 2 5 2 5
0 0 0 1 6 1 1 1 5 2 2 1 4 -1 -1 -1 -1 -1 -1 625435 0 15 18 17 16 2 5 2 5
0 0 0 1 7 1 1 1 5 2 2 1 4 4 5 4 0 1 1 626068 0 15 18 17 16 2 4 2 5
0 0 0 1 1 6 1 1 5 2 2 1 5 -1 -1 -1 -1 -1 -1 626701 0 15 18 17 16 2 4 2 5
0 0 0 1 1 1 6 1 5 2 2 1 6 -1 -1 -1 -1 -1 -1 627301 0 15 18 17 16 2 4 2 5
0 0 0 1 1 1 6 1 5 2 2 1 6 -1 -1 -1 -1 -1 -1 627934 0 15 18 17 16 2 4 2 5
0 0 0 1 1 1 7 1 5 2 2 1 6 6 5 4 2 1 1 628568 0 15 18 17 16 2 5 2 5
0 0 0 1 1 6 1 1 5 2 2 1 5 -1 -1 -1 -1 -1 -1 629101 0 15 18 18 19 2 5 2 5
0 0 0 1 1 6 1 1 5 2 2 1 5 -1 -1 -1 -1 -1 -1 629634 0 15 18 18 19 2 5 2 5
0 0 0 1 1 6 1 1 5 2 2 1 5 -1 -1 -1 -1 -1 -1 630167 0 15 18 18 19 2 5 2 5
0 0 0 1 1 6 3 1 5 2 2 1 5 6 5 4 1 0 0 630700 0 15 18 18 19 2 8 0 5
0 0 0 1 1 6 1 1 5 2 2 1 5 -1 -1 -1 -1 -1 -1 631200 0 15 18 18 19 2 8 0 5
0 0 0 1 1 6 1 1 5 2 2 1 5 -1 -1 -1 -1 -1 -1 631734 0 15 18 18 19 2 8 0 5
0 0 0 1 1 1 6 1 5 2 2 1 6 -1 -1 -1 -1 -1 -1 632267 0 15 18 18 19 2 8 0 5
0 0 0 1 1 3 6 1 5 2 2 1 6 5 5 4 0 0 0 632800 0 15 18 18 19 2 4 2 5
0 0 0 1 1 1 6 1 5 2 2 1 6 -1 -1 -1 -1 -1 -1 633300 0 15 18 18 19 2 4 2 5
0 0 0 1 1 1 6 1 5 2 2 1 6 -1 -1 -1 -1 -1 -1 633833 0 15 18 18 19 2 4 2 5
0 0 0 1 1 6 1 1 5 2 2 1 5 -1 -1 -1 -1 -1 -1 634366 0 15 18 18 19 2 4 2 5
0 0 0 1 1 6 3 1 5 2 2 1 5 6 5 4 2 0 0 634899 0 15 18 18 19 2 4 2 5
0 0 0 1 1 6 1 1 5 2 2 1 5 -1 -1 -1 -1 -1 -1 635433 0 15 18 18 19 2 4 2 5
0 0 0 1 1 6 1 1 5 2 2 1 5 -1 -1 -1 -1 -1 -1 635933 0 15 18 18 19 2 4 2 5
0 0 0 1 1 6 1 1 5 2 2 1 5 -1 -1 -1 -1 -1 -1 636466 0 15 18 18 19 2 4 2 5
0 0 0 1 1 8 1 1 5 2 2 1 5 5 5 4 1 0 1 636999 0 15 18 18 19 2 4 2 5
0 0 0 1 1 6 1 1 5 2 2 1 5 -1 -1 -1 -1 -1 -1 637599 0 15 18 17 16 2 4 2 5
0 0 0 1 1 6 1 1 5 2 2 1 5 -1 -1 -1 -1 -1 -1 638232 0 15 18 17 16 2 4 2 5
0 0 0 1 1 1 6 1 5 2 2 1 6 -1 -1 -1 -1 -1 -1 638865 0 15 18 17 16 2 4 2 5
0 0 0 1 1 1 8 1 5 2 2 1 6 6 5 4 0 0 1 639465 0 15 18 17 16 2 4 2 5
0 0 0 1 1 1 6 1 5 2 2 1 6 -1 -1 -1 -1 -1 -1 640231 0 15 18 16 13 2 4 2 5
0 0 0 1 1 6 1 1 5 2 2 1 5 -1 -1 -1 -1 -1 -1 640998 0 15 18 16 13 2 4 2 5
0 0 0 1 1 6 1 1 5 2 2 1 5 -1 -1 -1 -1 -1 -1 641764 0 15 18 16 13 2 4 2 5
0 0 0 1 1 6 3 1 5 2 2 1 5 6 5 4 3 0 0 642531 0 15 18 16 13 2 5 2 5
0 0 0 1 1 6 1 1 5 2 2 1 5 -1 -1 -1 -1 -1 -1 643297 0 15 18 16 13 2 5 2 5
0 0 0 1 6 1 1 1 5 2 2 1 4 -1 -1 -1 -1 -1 -1 644064 0 15 18 16 13 2 5 2 5
0 0 0 1 6 1 1 1 5 2 2 1 4 -1 -1 -1 -1 -1 -1 644830 0 15 18 16 13 2 5 2 5
0 0 0 1 7 1 1 1 5 2 2 1 4 4 5 4 0 1 1 645597 0 15 18 16 13 2 4 2 5
0 0 0 1 6 1 1 1 5 2 2 1 4 -1 -1 -1 -1 -1 -1 646363 0 15 18 16 13 2 4 2 5
0 0 0 1 6 1 1 1 5 2 2 1 4 -1 -1 -1 -1 -1 -1 647130 0 15 18 16 13 2 4 2 5
0 0 0 1 1 6 1 1 5 2 2 1 5 -1 -1 -1 -1 -1 -1 647930 0 15 18 16 13 2 4 2 5
0 0 0 3 1 6 1 1 5 2 2 1 5 3 5 4 2 0 0 648696 0 15 18 16 13 2 5 2 5
0 0 0 1 1 6 1 1 5 2 2 1 5 -1 -1 -1 -1 -1 -1 649463 0 15 18 16 13 2 5 2 5
0 0 0 1 1 6 1 1 5 2 2 1 5 -1 -1 -1 -1 -1 -1 650229 0 15 18 16 13 2 5 2 5
0 0 0 1 1 6 1 1 5 2 2 1 5 -1 -1 -1 -1 -1 -1 650996 0 15 18 16 13 2 5 2 5
0 0 0 1 1 7 1 1 5 2 2 1 5 5 5 4 0 1 1 651762 0 15 18 16 13 2 8 0 5
0 0 0 1 1 6 1 1 5 2 2 1 5 -1 -1 -1 -1 -1 -1 652395 0 15 18 17 16 2 8 0 5
0 0 0 1 1 6 1 1 5 2 2 1 5 -1 -1 -1 -1 -1 -1 653028 0 15 18 17 16 2 8 0 5
0 0 0 1 1 6 1 1 5 2 2 1 5 -1 -1 -1 -1 -1 -1 653662 0 15 18 17 16 2 8 0 5
0 0 0 1 3 6 1 1 5 2 2 1 5 4 5 4 3 0 0 654295 0 15 18 17 16 2 4 2 5
0 0 0 1 1 6 1 1 5 2 2 1 5 -1 -1 -1 -1 -1 -1 654895 0 15 18 17 16 2 4 2 5
0 0 0 1 1 6 1 1 5 2 2 1 5 -1 -1 -1 -1 -1 -1 655528 0 15 18 17 16 2 4 2 5
0 0 0 1 1 6 1 1 5 2 2 1 5 -1 -1 -1 -1 -1 -1 656161 0 15 18 17 16 2 4 2 5
0 0 0 1 1 6 3 1 5 2 2 1 5 6 5 4 2 0 0 656794 0 15 18 17 16 2 4 2 5
0 0 0 1 1 6 1 1 5 2 2 1 5 -1 -1 -1 -1 -1 -1 657394 0 15 18 17 16 2 4 2 5
0 0 0 1 1 6 1 1 5 2 2 1 5 -1 -1 -1 -1 -1 -1 658027 0 15 18 17 16 2 4 2 5
0 0 0 1 6 1 1 1 5 2 2 1 4 -1 -1 -1 -1 -1 -1 658660 0 15 18 17 16 2 4 2 5
0 0 0 1 6 3 1 1 5 2 2 1 4 5 5 4 1 0 0 659293 0 15 18 17 16 2 4 2 5
0 0 0 1 6 1 1 1 5 2 2 1 4 -1 -1 -1 -1 -1 -1 659893 0 15 18 17 16 2 4 2 5
0 0 0 1 1 6 1 1 5 2 2 1 5 -1 -1 -1 -1 -1 -1 660527 0 15 18 17 16 2 4 2 5
0 0 0 1 1 1 6 1 5 2 2 1 6 -1 -1 -1 -1 -1 -1 661160 0 15 18 17 16 2 4 2 5
0 0 0 1 1 3 6 1 5 2 2 1 6 5 5 4 0 0 0 661793 0 15 18 17 16 2 4 2 5
0 0 0 1 1 1 6 1 5 2 2 1 6 -1 -1 -1 -1 -1 -1 662393 0 15 18 17 16 2 4 2 5
0 0 0 1 1 1 6 1 5 2 2 1 6 -1 -1 -1 -1 -1 -1 663026 0 15 18 17 16 2 4 2 5
0 0 0 1 1 6 1 1 5 2 2 1 5 -1 -1 -1 -1 -1 -1 663659 0 15 18 17 16 2 4 2 5
0 0 0 1 1 6 3 1 5 2 2 1 5 6 5 4 2 0 0 664259 0 15 18 17 16 2 5 2 5
0 0 0 1 1 6 1 1 5 2 2 1 5 -1 -1 -1 -1 -1 -1 664892 0 15 18 17 16 2 5 2 5
0 0 0 1 1 1 6 1 5 2 2 1 6 -1 -1 -1 -1 -1 -1 665525 0 15 18 17 16 2 5 2 5
0 0 0 1 1 1 1 6 5 2 2 1 7 -1 -1 -1 -1 -1 -1 666158 0 15 18 17 16 2 5 2 5
0 0 0 1 1 1 1 7 5 2 2 1 7 7 5 4 0 1 1 666758 0 15 18 17 16 2 4 2 5
0 0 0 1 1 1 6 1 5 2 2 1 6 -1 -1 -1 -1 -1 -1 667391 0 15 18 17 16 2 4 2 5
0 0 0 1 1 6 1 1 5 2 2 1 5 -1 -1 -1 -1 -1 -1 668025 0 15 18 17 16 2 4 2 5
0 0 0 1 1 6 1 1 5 2 2 1 5 -1 -1 -1 -1 -1 -1 668658 0 15 18 17 16 2 4 2 5
0 0 0 1 1 1 8 1 5 2 2 1 6 6 5 4 1 0 1 669258 0 15 18 17 16 2 5 2 5
0 0 0 1 1 1 6 1 5 2 2 1 6 -1 -1 -1 -1 -1 -1 670024 0 15 18 16 13 2 5 2 5
0 0 0 1 1 6 1 1 5 2 2 1 5 -1 -1 -1 -1 -1 -1 670791 0 15 18 16 13 2 5 2 5
0 0 0 1 1 1 6 1 5 2 2 1 6 -1 -1 -1 -1 -1 -1 671557 0 15 18 16 13 2 5 2 5
0 0 0 1 1 1 7 1 5 2 2 1 6 6 5 4 0 1 1 672324 0 15 18 16 13 2 8 0 5
0 0 0 1 1 6 1 1 5 2 2 1 5 -1 -1 -1 -1 -1 -1 673090 0 15 18 16 13 2 8 0 5
0 0 0 1 1 6 1 1 5 2 2 1 5 -1 -1 -1 -1 -1 -1 673857 0 15 18 16 13 2 8 0 5
0 0 0 1 1 6 1 1 5 2 2 1 5 -1 -1 -1 -1 -1 -1 674623 0 15 18 16 13 2 8 0 5
0 0 0 1 1 7 1 1 5 2 2 1 5 5 5 4 1 1 1 675390 0 15 18 16 13 2 4 2 5
0 0 0 1 1 6 1 1 5 2 2 1 5 -1 -1 -1 -1 -1 -1 676056 0 15 18 17 16 2 4 2 5
0 0 0 1 1 6 1 1 5 2 2 1 5 -1 -1 -1 -1 -1 -1 676623 0 15 18 17 20 2 4 2 5
0 0 0 1 1 6 1 1 5 2 2 1 5 -1 -1 -1 -1 -1 -1 677122 0 15 18 17 20 2 4 2 5
0 0 0 1 1 6 1 3 5 2 2 1 5 7 5 4 3 0 0 677622 0 15 18 17 20 2 4 2 5
0 0 0 1 1 6 1 1 5 2 2 1 5 -1 -1 -1 -1 -1 -1 678156 0 15 18 17 18.9333 2 4 2 5
0 0 0 1 1 6 1 1 5 2 2 1 5 -1 -1 -1 -1 -1 -1 678722 0 15 18 17 16 2 4 2 5
0 0 0 1 1 6 1 1 5 2 2 1 5 -1 -1 -1 -1 -1 -1 679355 0 15 18 17 16 2 4 2 5
0 0 0 1 1 6 3 1 5 2 2 1 5 6 5 4 2 0 0 679988 0 15 18 17 16 2 4 2 5
0 0 0 1 1 6 1 1 5 2 2 1 5 -1 -1 -1 -1 -1 -1 680588 0 15 18 17 16 2 4 2 5
0 0 0 1 1 1 6 1 5 2 2 1 6 -1 -1 -1 -1 -1 -1 681221 0 15 18 17 16 2 4 2 5
0 0 0 1 1 1 6 1 5 2 2 1 6 -1 -1 -1 -1 -1 -1 681855 0 15 18 17 16 2 4 2 5
0 0 0 1 1 1 7 1 5 2 2 1 6 6 5 4 3 1 1 682488 0 15 18 17 16 2 4 2 5
0 0 0 1 1 1 6 1 5 2 2 1 6 -1 -1 -1 -1 -1 -1 683088 0 15 18 17 16 2 4 2 5
0 0 0 1 1 6 1 1 5 2 2 1 5 -1 -1 -1 -1 -1 -1 683721 0 15 18 17 16 2 4 2 5
0 0 0 1 1 1 6 1 5 2 2 1 6 -1 -1 -1 -1 -1 -1 684354 0 15 18 17 16 2 4 2 5
0 0 0 1 1 3 6 1 5 2 2 1 6 5 5 4 1 0 0 684987 0 15 18 17 16 2 5 2 5
0 0 0 1 1 6 1 1 5 2 2 1 5 -1 -1 -1 -1 -1 -1 685587 0 15 18 17 16 2 5 2 5
0 0 0 1 6 1 1 1 5 2 2 1 4 -1 -1 -1 -1 -1 -1 686220 0 15 18 17 16 2 5 2 5
0 0 0 6 1 1 1 1 5 2 2 1 3 -1 -1 -1 -1 -1 -1 686853 0 15 18 17 16 2 5 2 5
0 0 0 7 1 1 1 1 5 2 2 1 3 3 5 4 3 1 1 687487 0 15 18 17 16 2 4 2 5
0 0 0 6 1 1 1 1 5 2 2 1 3 -1 -1 -1 -1 -1 -1 688020 0 15 18 18 19 2 4 2 5
0 0 0 1 6 1 1 1 5 2 2 1 4 -1 -1 -1 -1 -1 -1 688553 0 15 18 18 19 2 4 2 5
0 0 0 1 6 1 1 1 5 2 2 1 4 -1 -1 -1 -1 -1 -1 689086 0 15 18 18 19 2 4 2 5
0 0 0 3 6 1 1 1 5 2 2 1 4 3 5 4 2 0 0 689586 0 15 18 18 19 2 5 2 5
0 0 0 1 6 1 1 1 5 2 2 1 4 -1 -1 -1 -1 -1 -1 690119 0 15 18 18 19 2 5 2 5
0 0 0 1 6 1 1 1 5 2 2 1 4 -1 -1 -1 -1 -1 -1 690652 0 15 18 18 19 2 5 2 5
0 0 0 1 6 1 1 1 5 2 2 1 4 -1 -1 -1 -1 -1 -1 691186 0 15 18 18 19 2 5 2 5
0 0 0 1 7 1 1 1 5 2 2 1 4 4 5 4 3 1 1 691719 0 15 18 18 19 2 8 0 5
0 0 0 1 6 1 1 1 5 2 2 1 4 -1 -1 -1 -1 -1 -1 692219 0 15 18 18 19 2 8 0 5
0 0 0 1 1 6 1 1 5 2 2 1 5 -1 -1 -1 -1 -1 -1 692752 0 15 18 18 19 2 8 0 5
0 0 0 1 1 1 6 1 5 2 2 1 6 -1 -1 -1 -1 -1 -1 693285 0 15 18 18 19 2 8 0 5
0 0 0 1 1 3 6 1 5 2 2 1 6 5 5 4 0 0 0 693818 0 15 18 18 19 2 4 2 5
0 0 0 1 1 1 6 1 5 2 2 1 6 -1 -1 -1 -1 -1 -1 694318 0 15 18 18 19 2 4 2 5
0 0 0 1 1 6 1 1 5 2 2 1 5 -1 -1 -1 -1 -1 -1 694851 0 15 18 18 19 2 4 2 5
0 0 0 1 6 1 1 1 5 2 2 1 4 -1 -1 -1 -1 -1 -1 695385 0 15 18 18 19 2 4 2 5
0 0 0 3 1 6 1 1 5 2 2 1 5 3 5 4 1 0 0 695918 0 15 18 18 19 2 4 2 5
0 0 0 1 1 6 1 1 5 2 2 1 5 -1 -1 -1 -1 -1 -1 696451 0 15 18 18 19 2 4 2 5
0 0 0 1 6 1 1 1 5 2 2 1 4 -1 -1 -1 -1 -1 -1 696951 0 15 18 18 19 2 4 2 5
0 0 0 6 1 1 1 1 5 2 2 1 3 -1 -1 -1 -1 -1 -1 697484 0 15 18 18 19 2 4 2 5
0 0 0 3 6 1 1 1 5 2 2 1 4 3 5 4 3 0 0 698017 0 15 18 18 19 2 4 2 5
0 0 0 1 6 1 1 1 5 2 2 1 4 -1 -1 -1 -1 -1 -1 698551 0 15 18 18 19 2 4 2 5
0 0 0 1 1 6 1 1 5 2 2 1 5 -1 -1 -1 -1 -1 -1 699084 0 15 18 18 19 2 4 2 5
0 0 0 1 1 6 1 1 5 2 2 1 5 -1 -1 -1 -1 -1 -1 699584 0 15 18 18 19 2 4 2 5
0 0 0 1 1 7 1 1 5 2 2 1 5 5 5 4 1 1 1 700117 0 15 18 18 19 2 4 2 5
0 0 0 1 1 6 1 1 5 2 2 1 5 -1 -1 -1 -1 -1 -1 614105 0 15 18 17 60 2 8 0 5
0 0 0 1 1 6 1 1 5 2 2 1 5 -1 -1 -1 -1 -1 -1 614271 0 15 18 17 60 2 8 0 5
0 0 0 1 1 6 1 1 5 2 2 1 5 -1 -1 -1 -1 -1 -1 614438 0 15 18 17 60 2 4 2 5
0 0 0 1 1 6 1 1 5 2 2 1 5 -1 -1 -1 -1 -1 -1 614604 0 15 18 17 51.2 2 4 2 5
0 0 0 1 1 6 1 1 5 2 2 1 5 -1 -1 -1 -1 -1 -1 614871 0 15 18 17 27.7333 2 4 2 5
0 0 0 1 1 6 1 1 5 2 2 1 5 -1 -1 -1 -1 -1 -1 615438 0 15 18 17 16 2 4 2 5
0 0 0 1 1 6 1 1 5 2 2 1 5 -1 -1 -1 -1 -1 -1 616071 0 15 18 17 16 2 4 2 5
0 0 0 1 1 6 1 1 5 2 2 1 5 -1 -1 -1 -1 -1 -1 616704 0 15 18 17 16 2 4 2 5
0 0 0 1 1 6 1 1 5 2 2 1 5 -1 -1 -1 -1 -1 -1 617304 0 15 18 17 16 2 4 2 5
0 0 0 1 1 6 1 1 5 2 2 1 5 -1 -1 -1 -1 -1 -1 617937 0 15 18 17 16 2 4 2 5
0 0 0 1 1 6 3 1 5 2 2 1 5 6 5 4 1 0 0 618570 0 15 18 17 16 2 4 2 5
0 0 0 1 1 6 1 1 5 2 2 1 5 -1 -1 -1 -1 -1 -1 619203 0 15 18 17 16 2 4 2 5
0 0 0 1 1 6 1 1 5 2 2 1 5 -1 -1 -1 -1 -1 -1 619803 0 15 18 17 16 2 4 2 5
0 0 0 1 1 6 1 1 5 2 2 1 5 -1 -1 -1 -1 -1 -1 620436 0 15 18 17 16 2 4 2 5
0 0 0 1 3 6 1 1 5 2 2 1 5 4 5 4 0 0 0 621069 0 15 18 17 16 2 4 2 5
0 0 0 1 1 6 1 1 5 2 2 1 5 -1 -1 -1 -1 -1 -1 621703 0 15 18 17 16 2 4 2 5
0 0 0 1 1 6 1 1 5 2 2 1 5 -1 -1 -1 -1 -1 -1 622303 0 15 18 17 16 2 4 2 5
0 0 0 1 1 6 1 1 5 2 2 1 5 -1 -1 -1 -1 -1 -1 622936 0 15 18 17 16 2 4 2 5
0 0 0 1 3 6 1 1 5 2 2 1 5 4 5 4 2 0 0 623569 0 15 18 17 16 2 5 2 5
0 0 0 1 1 6 1 1 5 2 2 1 5 -1 -1 -1 -1 -1 -1 624202 0 15 18 17 16 2 5 2 5
0 0 0 1 6 1 1 1 5 2 2 1 4 -1 -1 -1 -1 -1 -1 624802 0 15 18 17 16 2 5 2 5
0 0 0 1 6 1 1 1 5 2 2 1 4 -1 -1 -1 -1 -1 -1 625435 0 15 18 17 16 2 5 2 5
0 0 0 1 7 1 1 1 5 2 2 1 4 4 5 4 0 1 1 626068 0 15 18 17 16 2 4 2 5
0 0 0 1 1 6 1 1 5 2 2 1 5 -1 -1 -1 -1 -1 -1 626701 0 15 18 17 16 2 4 2 5
0 0 0 1 1 1 6 1 5 2 2 1 6 -1 -1 -1 -1 -1 -1 627301 0 15 18 17 16 2 4 2 5
0 0 0 1 1 1 6 1 5 2 2 1 6 -1 -1 -1 -1 -1 -1 627934 0 15 18 17 16 2 4 2 5
0 0 0 1 1 1 7 1 5 2 2 1 6 6 5 4 2 1 1 628568 0 15 18 17 16 2 5 2 5
0 0 0 1 1 6 1 1 5 2 2 1 5 -1 -1 -1 -1 -1 -1 629101 0 15 18 18 19 2 5 2 5
0 0 0 1 1 6 1 1 5 2 2 1 5 -1 -1 -1 -1 -1 -1 629634 0 15 18 18 19 2 5 2 5
0 0 0 1 1 6 1 1 5 2 2 1 5 -1 -1 -1 -1 -1 -1 630167 0 15 18 18 19 2 5 2 5
0 0 0 1 1 6 3 1 5 2 2 1 5 6 5 4 1 0 0 630700 0 15 18 18 19 2 8 0 5
0 0 0 1 1 6 1 1 5 2 2 1 5 -1 -1 -1 -1 -1 -1 631200 0 15 18 18 19 2 8 0 5
0 0 0 1 1 6 1 1 5 2 2 1 5 -1 -1 -1 -1 -1 -1 631734 0 15 18 18 19 2 8 0 5
0 0 0 1 1 1 6 1 5 2 2 1 6 -1 -1 -1 -1 -1 -1 632267 0 15 18 18 19 2 8 0 5
0 0 0 1 1 3 6 1 5 2 2 1 6 5 5 4 0 0 0 632800 0 15 18 18 19 2 4 2 5
0 0 0 1 1 1 6 1 5 2 2 1 6 -1 -1 -1 -1 -1 -1 633300 0 15 18 18 19 2 4 2 5
0 0 0 1 1 1 6 1 5 2 2 1 6 -1 -1 -1 -1 -1 -1 633833 0 15 18 18 19 2 4 2 5
0 0 0 1 1 6 1 1 5 2 2 1 5 -1 -1 -1 -1 -1 -1 634366 0 15 18 18 19 2 4 2 5
0 0 0 1 1 6 3 1 5 2 2 1 5 6 5 4 2 0 0 634899 0 15 18 18 19 2 4 2 5
0 0 0 1 1 6 1 1 5 2 2 1 5 -1 -1 -1 -1 -1 -1 635433 0 15 18 18 19 2 4 2 5
0 0 0 1 1 6 1 1 5 2 2 1 5 -1 -1 -1 -1 -1 -1 635933 0 15 18 18 19 2 4 2 5
0 0 0 1 1 6 1 1 5 2 2 1 5 -1 -1 -1 -1 -1 -1 636466 0 15 18 18 19 2 4 2 5
0 0 0 1 1 8 1 1 5 2 2 1 5 5 5 4 1 0 1 636999 0 15 18 18 19 2 4 2 5
0 0 0 1 1 6 1 1 5 2 2 1 5 -1 -1 -1 -1 -1 -1 637599 0 15 18 17 16 2 4 2 5
0 0 0 1 1 6 1 1 5 2 2 1 5 -1 -1 -1 -1 -1 -1 638232 0 15 18 17 16 2 4 2 5
0 0 0 1 1 1 6 1 5 2 2 1 6 -1 -1 -1 -1 -1 -1 638865 0 15 18 17 16 2 4 2 5
0 0 0 1 1 1 8 1 5 2 2 1 6 6 5 4 0 0 1 639465 0 15 18 17 16 2 4 2 5
0 0 0 1 1 1 6 1 5 2 2 1 6 -1 -1 -1 -1 -1 -1 640231 0 15 18 16 13 2 4 2 5
0 0 0 1 1 6 1 1 5 2 2 1 5 -1 -1 -1 -1 -1 -1 640998 0 15 18 16 13 2 4 2 5
0 0 0 1 1 6 1 1 5 2 2 1 5 -1 -1 -1 -1 -1 -1 641764 0 15 18 16 13 2 4 2 5
0 0 0 1 1 6 3 1 5 2 2 1 5 6 5 4 3 0 0 642531 0 15 18 16 13 2 5 2 5
0 0 0 1 1 6 1 1 5 2 2 1 5 -1 -1 -1 -1 -1 -1 643297 0 15 18 16 13 2 5 2 5
0 0 0 1 6 1 1 1 5 2 2 1 4 -1 -1 -1 -1 -1 -1 644064 0 15 18 16 13 2 5 2 5
0 0 0 1 6 1 1 1 5 2 2 1 4 -1 -1 -1 -1 -1 -1 644830 0 15 18 16 13 2 5 2 5
0 0 0 1 7 1 1 1 5 2 2 1 4 4 5 4 0 1 1 645597 0 15 18 16 13 2 4 2 5
0 0 0 1 6 1 1 1 5 2 2 1 4 -1 -1 -1 -1 -1 -1 646363 0 15 18 16 13 2 4 2 5
0 0 0 1 6 1 1 1 5 2 2 1 4 -1 -1 -1 -1 -1 -1 647130 0 15 18 16 13 2 4 2 5
0 0 0 1 1 6 1 1 5 2 2 1 5 -1 -1 -1 -1 -1 -1 647930 0 15 18 16 13 2 4 2 5
0 0 0 3 1 6 1 1 5 2 2 1 5 3 5 4 2 0 0 648696 0 15 18 16 13 2 5 2 5
0 0 0 1 1 6 1 1 5 2 2 1 5 -1 -1 -1 -1 -1 -1 649463 0 15 18 16 13 2 5 2 5
0 0 0 1 1 6 1 1 5 2 2 1 5 -1 -1 -1 -1 -1 -1 650229 0 15 18 16 13 2 5 2 5
0 0 0 1 1 6 1 1 5 2 2 1 5 -1 -1 -1 -1 -1 -1 650996 0 15 18 16 13 2 5 2 5
0 0 0 1 1 7 1 1 5 2 2 1 5 5 5 4 0 1 1 651762 0 15 18 16 13 2 8 0 5
0 0 0 1 1 6 1 1 5 2 2 1 5 -1 -1 -1 -1 -1 -1 652395 0 15 18 17 16 2 8 0 5
0 0 0 1 1 6 1 1 5 2 2 1 5 -1 -1 -1 -1 -1 -1 653028 0 15 18 17 16 2 8 0 5
0 0 0 1 1 6 1 1 5 2 2 1 5 -1 -1 -1 -1 -1 -1 653662 0 15 18 17 16 2 8 0 5
0 0 0 1 3 6 1 1 5 2 2 1 5 4 5 4 3 0 0 654295 0 15 18 17 16 2 4 2 5
0 0 0 1 1 6 1 1 5 2 2 1 5 -1 -1 -1 -1 -1 -1 654895 0 15 18 17 16 2 4 2 5
0 0 0 1 1 6 1 1 5 2 2 1 5 -1 -1 -1 -1 -1 -1 655528 0 15 18 17 16 2 4 2 5
0 0 0 1 1 6 1 1 5 2 2 1 5 -1 -1 -1 -1 -1 -1 656161 0 15 18 17 16 2 4 2 5
0 0 0 1 1 6 3 1 5 2 2 1 5 6 5 4 2 0 0 656794 0 15 18 17 16 2 4 2 5
0 0 0 1 1 6 1 1 5 2 2 1 5 -1 -1 -1 -1 -1 -1 657394 0 15 18 17 16 2 4 2 5
0 0 0 1 1 6 1 1 5 2 2 1 5 -1 -1 -1 -1 -1 -1 658027 0 15 18 17 16 2 4 2 5
0 0 0 1 6 1 1 1 5 2 2 1 4 -1 -1 -1 -1 -1 -1 658660 0 15 18 17 16 2 4 2 5
0 0 0 1 6 3 1 1 5 2 2 1 4 5 5 4 1 0 0 659293 0 15 18 17 16 2 4 2 5
0 0 0 1 6 1 1 1 5 2 2 1 4 -1 -1 -1 -1 -1 -1 659893 0 15 18 17 16 2 4 2 5
0 0 0 1 1 6 1 1 5 2 2 1 5 -1 -1 -1 -1 -1 -1 660527 0 15 18 17 16 2 4 2 5
0 0 0 1 1 1 6 1 5 2 2 1 6 -1 -1 -1 -1 -1 -1 661160 0 15 18 17 16 2 4 2 5
0 0 0 1 1 3 6 1 5 2 2 1 6 5 5 4 0 0 0 661793 0 15 18 17 16 2 4 2 5
0 0 0 1 1 1 6 1 5 2 2 1 6 -1 -1 -1 -1 -1 -1 662393 0 15 18 17 16 2 4 2 5
0 0 0 1 1 1 6 1 5 2 2 1 6 -1 -1 -1 -1 -1 -1 663026 0 15 18 17 16 2 4 2 5
0 0 0 1 1 6 1 1 5 2 2 1 5 -1 -1 -1 -1 -1 -1 663659 0 15 18 17 16 2 4 2 5
0 0 0 1 1 6 3 1 5 2 2 1 5 6 5 4 2 0 0 664259 0 15 18 17 16 2 5 2 5
0 0 0 1 1 6 1 1 5 2 2 1 5 -1 -1 -1 -1 -1 -1 664892 0 15 18 17 16 2 5 2 5
0 0 0 1 1 1 6 1 5 2 2 1 6 -1 -1 -1 -1 -1 -1 665525 0 15 18 17 16 2 5 2 5
0 0 0 1 1 1 1 6 5 2 2 1 7 -1 -1 -1 -1 -1 -1 666158 0 15 18 17 16 2 5 2 5
0 0 0 1 1 1 1 7 5 2 2 1 7 7 5 4 0 1 1 666758 0 15 18 17 16 2 4 2 5
0 0 0 1 1 1 6 1 5 2 2 1 6 -1 -1 -1 -1 -1 -1 667391 0 15 18 17 16 2 4 2 5
0 0 0 1 1 6 1 1 5 2 2 1 5 -1 -1 -1 -1 -1 -1 668025 0 15 18 17 16 2 4 2 5
0 0 0 1 1 6 1 1 5 2 2 1 5 -1 -1 -1 -1 -1 -1 668658 0 15 18 17 16 2 4 2 5
0 0 0 1 1 1 8 1 5 2 2 1 6 6 5 4 1 0 1 669258 0 15 18 17 16 2 5 2 5
0 0 0 1 1 1 6 1 5 2 2 1 6 -1 -1 -1 -1 -1 -1 670024 0 15 18 16 13 2 5 2 5
0 0 0 1 1 6 1 1 5 2 2 1 5 -1 -1 -1 -1 -1 -1 670791 0 15 18 16 13 2 5 2 5
0 0 0 1 1 1 6 1 5 2 2 1 6 -1 -1 -1 -1 -1 -1 671557 0 15 18 16 13 2 5 2 5
0 0 0 1 1 1 7 1 5 2 2 1 6 6 5 4 0 1 1 672324 0 15 18 16 13 2 8 0 5
0 0 0 1 1 6 1 1 5 2 2 1 5 -1 -1 -1 -1 -1 -1 673090 0 15 18 16 13 2 8 0 5
0 0 0 1 1 6 1 1 5 2 2 1 5 -1 -1 -1 -1 -1 -1 673857 0 15 18 16 13 2 8 0 5
0 0 0 1 1 6 1 1 5 2 2 1 5 -1 -1 -1 -1 -1 -1 674623 0 15 18 16 13 2 8 0 5
0 0 0 1 1 7 1 1 5 2 2 1 5 5 5 4 1 1 1 675390 0 15 18 16 13 2 4 2 5
0 0 0 1 1 6 1 1 5 2 2 1 5 -1 -1 -1 -1 -1 -1 676056 0 15 18 17 16 2 4 2 5
0 0 0 1 1 6 1 1 5 2 2 1 5 -1 -1 -1 -1 -1 -1 676623 0 15 18 17 20 2 4 2 5
0 0 0 1 1 6 1 1 5 2 2 1 5 -1 -1 -1 -1 -1 -1 677122 0 15 18 17 20 2 4 2 5
0 0 0 1 1 6 1 3 5 2 2 1 5 7 5 4 3 0 0 677622 0 15 18 17 20 2 4 2 5
0 0 0 1 1 6 1 1 5 2 2 1 5 -1 -1 -1 -1 -1 -1 678156 0 15 18 17 18.9333 2 4 2 5
0 0 0 1 1 6 1 1 5 2 2 1 5 -1 -1 -1 -1 -1 -1 678722 0 15 18 17 16 2 4 2 5
0 0 0 1 1 6 1 1 5 2 2 1 5 -1 -1 -1 -1 -1 -1 679355 0 15 18 17 16 2 4 2 5
0 0 0 1 1 6 3 1 5 2 2 1 5 6 5 4 2 0 0 679988 0 15 18 17 16 2 4 2 5
0 0 0 1 1 6 1 1 5 2 2 1 5 -1 -1 -1 -1 -1 -1 680588 0 15 18 17 16 2 4 2 5
0 0 0 1 1 1 6 1 5 2 2 1 6 -1 -1 -1 -1 -1 -1 681221 0 15 18 17 16 2 4 2 5
0 0 0 1 1 1 6 1 5 2 2 1 6 -1 -1 -1 -1 -1 -1 681855 0 15 18 17 16 2 4 2 5
0 0 0 1 1 1 7 1 5 2 2 1 6 6 5 4 3 1 1 682488 0 15 18 17 16 2 4 2 5
0 0 0 1 1 1 6 1 5 2 2 1 6 -1 -1 -1 -1 -1 -1 683088 0 15 18 17 16 2 4 2 5
0 0 0 1 1 6 1 1 5 2 2 1 5 -1 -1 -1 -1 -1 -1 683721 0 15 18 17 16 2 4 2 5
0 0 0 1 1 1 6 1 5 2 2 1 6 -1 -1 -1 -1 -1 -1 684354 0 15 18 17 16 2 4 2 5
0 0 0 1 1 3 6 1 5 2 2 1 6 5 5 4 1 0 0 684987 0 15 18 17 16 2 5 2 5
0 0 0 1 1 6 1 1 5 2 2 1 5 -1 -1 -1 -1 -1 -1 685587 0 15 18 17 16 2 5 2 5
0 0 0 1 6 1 1 1 5 2 2 1 4 -1 -1 -1 -1 -1 -1 686220 0 15 18 17 16 2 5 2 5
0 0 0 6 1 1 1 1 5 2 2 1 3 -1 -1 -1 -1 -1 -1 686853 0 15 18 17 16 2 5 2 5
0 0 0 7 1 1 1 1 5 2 2 1 3 3 5 4 3 1 1 687487 0 15 18 17 16 2 4 2 5
0 0 0 6 1 1 1 1 5 2 2 1 3 -1 -1 -1 -1 -1 -1 688020 0 15 18 18 19 2 4 2 5
0 0 0 1 6 1 1 1 5 2 2 1 4 -1 -1 -1 -1 -1 -1 688553 0 15 18 18 19 2 4 2 5
0 0 0 1 6 1 1 1 5 2 2 1 4 -1 -1 -1 -1 -1 -1 689086 0 15 18 18 19 2 4 2 5
0 0 0 3 6 1 1 1 5 2 2 1 4 3 5 4 2 0 0 689586 0 15 18 18 19 2 5 2 5
0 0 0 1 6 1 1 1 5 2 2 1 4 -1 -1 -1 -1 -1 -1 690119 0 15 18 18 19 2 5 2 5
0 0 0 1 6 1 1 1 5 2 2 1 4 -1 -1 -1 -1 -1 -1 690652 0 15 18 18 19 2 5 2 5
0 0 0 1 6 1 1 1 5 2 2 1 4 -1 -1 -1 -1 -1 -1 691186 0 15 18 18 19 2 5 2 5
0 0 0 1 7 1 1 1 5 2 2 1 4 4 5 4 3 1 1 691719 0 15 18 18 19 2 8 0 5
0 0 0 1 6 1 1 1 5 2 2 1 4 -1 -1 -1 -1 -1 -1 692219 0 15 18 18 19 2 8 0 5
0 0 0 1 1 6 1 1 5 2 2 1 5 -1 -1 -1 -1 -1 -1 692752 0 15 18 18 19 2 8 0 5
0 0 0 1 1 1 6 1 5 2 2 1 6 -1 -1 -1 -1 -1 -1 693285 0 15 18 18 19 2 8 0 5
0 0 0 1 1 3 6 1 5 2 2 1 6 5 5 4 0 0 0 693818 0 15 18 18 19 2 4 2 5
0 0 0 1 1 1 6 1 5 2 2 1 6 -1 -1 -1 -1 -1 -1 694318 0 15 18 18 19 2 4 2 5
0 0 0 1 1 6 1 1 5 2 2 1 5 -1 -1 -1 -1 -1 -1 694851 0 15 18 18 19 2 4 2 5
0 0 0 1 6 1 1 1 5 2 2 1 4 -1 -1 -1 -1 -1 -1 695385 0 15 18 18 19 2 4 2 5
0 0 0 3 1 6 1 1 5 2 2 1 5 3 5 4 1 0 0 695918 0 15 18 18 19 2 4 2 5
0 0 0 1 1 6 1 1 5 2 2 1 5 -1 -1 -1 -1 -1 -1 696451 0 15 18 18 19 2 4 2 5
0 0 0 1 6 1 1 1 5 2 2 1 4 -1 -1 -1 -1 -1 -1 696951 0 15 18 18 19 2 4 2 5
0 0 0 6 1 1 1 1 5 2 2 1 3 -1 -1 -1 -1 -1 -1 697484 0 15 18 18 19 2 4 2 5
0 0 0 3 6 1 1 1 5 2 2 1 4 3 5 4 3 0 0 698017 0 15 18 18 19 2 4 2 5
0 0 0 1 6 1 1 1 5 2 2 1 4 -1 -1 -1 -1 -1 -1 698551 0 15 18 18 19 2 4 2 5
0 0 0 1 1 6 1 1 5 2 2 1 5 -1 -1 -1 -1 -1 -1 699084 0 15 18 18 19 2 4 2 5
0 0 0 1 1 6 1 1 5 2 2 1 5 -1 -1 -1 -1 -1 -1 699584 0 15 18 18 19 2 4 2 5
0 0 0 1 1 7 1 1 5 2 2 1 5 5 5 4 1 1 1 700117 0 15 18 18 19 2 4 2 5
