% Tunnel Log: 
% debug seed: 1462487115
%
% SegEncNW { '0'=no panel, '1'=panel, '4'=obstacle, '5'=collided obstacle, '6'=player, '7'=player right, '8'=player wrong, '2'=target, '3'=fake }
% SegEncN
% SegEncNE
% SegEncE
% SegEncSE
% SegEncS
% SegEncSW
% SegEncW
% Event Number { 0, inf }
% Task Type { 0=Color/Sound, 1=Shape/Sound, 2=Sound, 3=Navigation, 4=Speed, 5=Training 6=Recess, 7=Special 2-Back }
% N-Back { 0, inf }
% Navigation Level { 0, inf }
% Player Loc { 0=Northwest ... 7=West }
% Pod Loc { -1=N/A, 0=Northwest ... 7=West }
% Pod Color { -1, inf }
% Pod Shape { -1, inf }
% Pod Sound { -1, inf }
% Pod Match { -1=N/A, 0=No, 1=Yes }
% Pod Taken { -1=N/A, 0=No, 1=Yes }
% Timestamp (ms)
% Num Obstacles { 0, inf }
% Min Speed { 0, inf }
% Max Speed { 0, inf }
% Base Speed { 0, inf }
% Final Speed { 0, inf }
% Navigation Score { 0, inf }
% Segment Direction { 0=Northwest ... 7=West }
% Segment Angle { 0, inf }
% Segment Panels { 0, inf }
%
% SegEncNW SecEncN SegEncNE SegEncE SegEncSE SegEncS SegEncSW SegEncW EventNumber TaskType N-Back Navigation PlayerLoc PodLoc PodColor PodShape PodSound PodMatch PodTaken Timestamp NumObs MinSpeed MaxSpeed BaseSpeed FinalSpeed NavScore SegmentDir SegmentAngle SegmentPanels
0 0 0 0 1 6 1 0 0 3 1 0 5 -1 -1 -1 -1 -1 -1 15200 0 15 40 15 60 2 8 0 3
0 0 0 0 1 6 1 0 0 3 1 0 5 -1 -1 -1 -1 -1 -1 15300 0 15 40 15 60 2 8 0 3
0 0 0 0 1 6 1 0 0 3 1 0 5 -1 -1 -1 -1 -1 -1 15466 0 15 40 15 60 2 8 0 3
0 0 0 0 1 6 1 0 0 3 1 0 5 -1 -1 -1 -1 -1 -1 15633 0 15 40 15 60 2 5 2 3
0 0 0 0 1 6 1 0 0 3 1 0 5 -1 -1 -1 -1 -1 -1 15800 0 15 40 15 50 2 5 2 3
0 0 0 0 1 6 1 0 0 3 1 0 5 -1 -1 -1 -1 -1 -1 16100 0 15 40 15 20 2 5 2 3
0 0 0 0 1 6 1 0 0 3 1 0 5 -1 -1 -1 -1 -1 -1 17033 0 15 40 15 10 2 5 2 3
0 0 0 0 1 6 1 0 0 3 1 0 5 -1 -1 -1 -1 -1 -1 18033 0 15 40 15 10 2 6 2 3
0 0 0 0 1 6 1 0 0 3 1 0 5 -1 -1 -1 -1 -1 -1 19033 0 15 40 15 10 2 6 2 3
0 0 0 0 1 6 1 0 0 3 1 0 5 -1 -1 -1 -1 -1 -1 20033 0 15 40 15 10 2 6 2 3
0 0 0 0 1 6 1 0 0 3 1 0 5 -1 -1 -1 -1 -1 -1 21033 0 15 40 15 10 2 6 2 3
0 0 0 0 1 7 1 0 0 3 1 0 5 5 5 4 4 1 1 22033 0 15 40 15 10 2 6 2 3
0 0 0 0 6 1 1 0 0 3 1 0 4 -1 -1 -1 -1 -1 -1 23033 0 15 40 15 10 2 6 2 3
0 0 0 0 6 1 1 0 0 3 1 0 4 -1 -1 -1 -1 -1 -1 24033 0 15 40 15 10 2 6 2 3
0 0 0 0 6 1 1 0 0 3 1 0 4 -1 -1 -1 -1 -1 -1 25033 0 15 40 15 10 2 6 2 3
0 0 0 0 7 1 1 0 0 3 1 0 4 4 5 4 4 1 1 26033 0 15 40 15 10 2 4 2 3
0 0 0 0 6 1 1 0 0 3 1 0 4 -1 -1 -1 -1 -1 -1 26833 0 15 40 16 13 2 4 2 3
0 0 0 0 6 1 1 0 0 3 1 0 4 -1 -1 -1 -1 -1 -1 27633 0 15 40 16 13 2 4 2 3
0 0 0 0 6 1 1 0 0 3 1 0 4 -1 -1 -1 -1 -1 -1 28399 0 15 40 16 13 2 4 2 3
0 0 0 0 7 1 1 0 0 3 1 0 4 4 5 4 4 1 1 29166 0 15 40 16 13 2 6 2 3
0 0 0 0 1 6 1 0 0 3 1 0 5 -1 -1 -1 -1 -1 -1 29933 0 15 40 16 13 2 6 2 3
0 0 0 0 1 6 1 0 0 3 1 0 5 -1 -1 -1 -1 -1 -1 30699 0 15 40 16 13 2 6 2 3
0 0 0 0 1 6 1 0 0 3 1 0 5 -1 -1 -1 -1 -1 -1 31466 0 15 40 16 13 2 6 2 3
0 0 0 1 1 7 1 1 0 3 1 0 5 5 5 4 4 1 1 32233 0 15 40 16 13 2 6 2 5
0 0 0 1 1 6 1 1 0 3 1 1 5 -1 -1 -1 -1 -1 -1 32866 0 15 40 17 16 2 6 2 5
0 0 0 1 1 6 1 1 0 3 1 1 5 -1 -1 -1 -1 -1 -1 33499 0 15 40 17 16 2 6 2 5
0 0 0 1 1 6 1 1 0 3 1 1 5 -1 -1 -1 -1 -1 -1 34133 0 15 40 17 16 2 6 2 5
0 0 0 1 1 7 1 1 0 3 1 1 5 5 5 4 4 1 1 34766 0 15 40 17 16 2 5 2 5
0 0 0 1 1 1 6 1 0 3 1 1 6 -1 -1 -1 -1 -1 -1 35366 0 15 40 17 16 2 5 2 5
0 0 0 1 1 1 6 1 0 3 1 1 6 -1 -1 -1 -1 -1 -1 35999 0 15 40 17 16 2 5 2 5
0 0 0 1 1 1 6 1 0 3 1 1 6 -1 -1 -1 -1 -1 -1 36633 0 15 40 17 16 2 5 2 5
0 0 0 1 1 1 7 1 0 3 1 1 6 6 5 4 4 1 1 37266 0 15 40 17 16 2 8 0 5
0 0 0 1 1 1 6 1 0 3 1 1 6 -1 -1 -1 -1 -1 -1 37799 0 15 40 18 19 2 8 0 5
0 0 0 1 1 1 1 6 0 3 1 1 7 -1 -1 -1 -1 -1 -1 38333 0 15 40 18 19 2 8 0 5
0 0 0 1 1 1 1 6 0 3 1 1 7 -1 -1 -1 -1 -1 -1 38833 0 15 40 18 19 2 8 0 5
0 0 0 1 1 1 1 7 0 3 1 1 7 7 5 4 4 1 1 39366 0 15 40 18 19 2 5 2 5
0 0 0 1 1 1 6 1 0 3 1 1 6 -1 -1 -1 -1 -1 -1 39899 0 15 40 18 19 2 5 2 5
0 0 0 1 1 1 6 1 0 3 1 1 6 -1 -1 -1 -1 -1 -1 40433 0 15 40 18 19 2 5 2 5
0 0 0 1 1 1 6 1 0 3 1 1 6 -1 -1 -1 -1 -1 -1 40966 0 15 40 18 19 2 5 2 5
0 0 0 1 1 1 7 1 0 3 1 1 6 6 5 4 4 1 1 41466 0 15 40 18 19 2 6 2 5
0 0 0 1 1 6 1 1 0 3 1 1 5 -1 -1 -1 -1 -1 -1 41966 0 15 40 19 21 2 6 2 5
0 0 0 1 6 1 1 1 0 3 1 1 4 -1 -1 -1 -1 -1 -1 42433 0 15 40 19 21 2 6 2 5
0 0 0 1 6 1 1 1 0 3 1 1 4 -1 -1 -1 -1 -1 -1 42899 0 15 40 19 21 2 6 2 5
0 0 0 1 7 1 1 1 0 3 1 1 4 4 5 4 4 1 1 43399 0 15 40 19 21 2 6 2 5
0 0 0 1 6 1 1 1 0 3 1 1 4 -1 -1 -1 -1 -1 -1 43866 0 15 40 19 21 2 6 2 5
0 0 0 1 6 1 1 1 0 3 1 1 4 -1 -1 -1 -1 -1 -1 44333 0 15 40 19 21 2 6 2 5
0 0 0 1 6 1 1 1 0 3 1 1 4 -1 -1 -1 -1 -1 -1 44832 0 15 40 19 21 2 6 2 5
0 0 0 1 7 1 1 1 0 3 1 1 4 4 5 4 4 1 1 45299 0 15 40 19 21 2 4 2 5
0 0 0 1 6 1 1 1 0 3 1 2 4 -1 -1 -1 -1 -1 -1 45766 0 15 40 20 22 2 4 2 5
0 0 0 6 1 1 1 1 0 3 1 2 3 -1 -1 -1 -1 -1 -1 46199 0 15 40 20 22 2 4 2 5
0 0 0 6 1 1 1 1 0 3 1 2 3 -1 -1 -1 -1 -1 -1 46666 0 15 40 20 22 2 4 2 5
0 0 0 7 1 1 1 1 0 3 1 2 3 3 5 4 4 1 1 47099 0 15 40 20 22 2 6 2 5
0 0 0 1 6 1 1 1 0 3 1 2 4 -1 -1 -1 -1 -1 -1 47566 0 15 40 20 22 2 6 2 5
0 0 0 4 1 6 1 1 0 3 1 2 5 -1 -1 -1 -1 -1 -1 48032 1 15 40 20 22 2 6 2 5
0 0 0 1 1 6 1 1 0 3 1 2 5 -1 -1 -1 -1 -1 -1 48466 0 15 40 20 22 2 6 2 5
0 0 0 1 1 7 1 1 0 3 1 2 5 5 5 4 4 1 1 48932 0 15 40 20 22 2 6 2 5
0 0 0 1 1 6 1 1 0 3 1 2 5 -1 -1 -1 -1 -1 -1 49366 0 15 40 21 23 2 6 2 5
0 0 0 4 6 1 1 1 0 3 1 2 4 -1 -1 -1 -1 -1 -1 49799 1 15 40 21 23 2 6 2 5
0 0 0 1 6 1 1 1 0 3 1 2 4 -1 -1 -1 -1 -1 -1 50232 0 15 40 21 23 2 6 2 5
0 0 0 1 7 1 1 1 0 3 1 2 4 4 5 4 4 1 1 50666 0 15 40 21 23 2 5 2 5
0 0 0 1 6 1 1 1 0 3 1 2 4 -1 -1 -1 -1 -1 -1 51099 0 15 40 21 23 2 5 2 5
0 0 0 1 6 1 4 1 0 3 1 2 4 -1 -1 -1 -1 -1 -1 51532 1 15 40 21 23 2 5 2 5
0 0 0 1 6 1 1 1 0 3 1 2 4 -1 -1 -1 -1 -1 -1 51966 0 15 40 21 23 2 5 2 5
0 0 0 1 7 1 1 1 0 3 1 2 4 4 5 4 4 1 1 52399 0 15 40 21 23 2 8 0 5
0 0 0 1 6 1 1 1 0 3 1 2 4 -1 -1 -1 -1 -1 -1 52832 0 15 40 22 24 2 8 0 5
0 0 0 1 6 4 1 1 0 3 1 2 4 -1 -1 -1 -1 -1 -1 53232 1 15 40 22 24 2 8 0 5
0 0 0 1 6 1 1 1 0 3 1 2 4 -1 -1 -1 -1 -1 -1 53666 0 15 40 22 24 2 8 0 5
0 0 0 1 7 1 1 1 0 3 1 2 4 4 5 4 4 1 1 54066 0 15 40 22 24 2 5 2 5
0 0 0 1 1 6 1 1 0 3 1 2 5 -1 -1 -1 -1 -1 -1 54499 0 15 40 22 24 2 5 2 5
0 0 0 4 1 6 1 1 0 3 1 2 5 -1 -1 -1 -1 -1 -1 54899 1 15 40 22 24 2 5 2 5
0 0 0 1 1 6 1 1 0 3 1 2 5 -1 -1 -1 -1 -1 -1 55332 0 15 40 22 24 2 5 2 5
0 0 0 1 1 7 1 1 0 3 1 2 5 5 5 4 4 1 1 55732 0 15 40 22 24 2 6 2 5
0 0 0 1 1 6 1 1 0 3 1 2 5 -1 -1 -1 -1 -1 -1 56132 0 15 40 23 25 2 6 2 5
0 0 0 4 1 1 6 1 0 3 1 2 6 -1 -1 -1 -1 -1 -1 56532 1 15 40 23 25 2 6 2 5
0 0 0 1 1 1 6 1 0 3 1 2 6 -1 -1 -1 -1 -1 -1 56932 0 15 40 23 25 2 6 2 5
0 0 0 1 1 1 7 1 0 3 1 2 6 6 5 4 4 1 1 57332 0 15 40 23 25 2 6 2 5
0 0 0 1 1 6 1 1 0 3 1 2 5 -1 -1 -1 -1 -1 -1 57732 0 15 40 23 25 2 6 2 5
0 0 0 1 6 1 4 1 0 3 1 2 4 -1 -1 -1 -1 -1 -1 58132 1 15 40 23 25 2 6 2 5
0 0 0 1 6 1 1 1 0 3 1 2 4 -1 -1 -1 -1 -1 -1 58532 0 15 40 23 25 2 6 2 5
0 0 0 1 7 1 1 1 0 3 1 2 4 4 5 4 4 1 1 58932 0 15 40 23 25 2 4 2 5
0 0 0 1 6 1 1 1 0 3 1 2 4 -1 -1 -1 -1 -1 -1 59332 0 15 40 24 25.5 2 4 2 5
0 0 0 1 6 4 1 1 0 3 1 2 4 -1 -1 -1 -1 -1 -1 59732 1 15 40 24 25.5 2 4 2 5
0 0 0 1 6 1 1 1 0 3 1 2 4 -1 -1 -1 -1 -1 -1 60132 0 15 40 24 25.5 2 4 2 5
0 0 0 1 7 1 1 1 0 3 1 2 4 4 5 4 4 1 1 60532 0 15 40 24 25.5 2 6 2 5
0 0 0 1 6 1 1 1 0 3 1 2 4 -1 -1 -1 -1 -1 -1 60899 0 15 40 24 25.5 2 6 2 5
0 0 0 6 1 1 1 4 0 3 1 2 3 -1 -1 -1 -1 -1 -1 61299 1 15 40 24 25.5 2 6 2 5
0 0 0 6 1 1 1 1 0 3 1 2 3 -1 -1 -1 -1 -1 -1 61699 0 15 40 24 25.5 2 6 2 5
0 0 0 7 1 1 1 1 0 3 1 2 3 3 5 4 4 1 1 62099 0 15 40 24 25.5 2 6 2 5
0 0 0 1 6 1 1 1 0 3 1 2 4 -1 -1 -1 -1 -1 -1 62466 0 15 40 25 26 2 6 2 5
0 0 0 1 6 1 4 1 0 3 1 2 4 -1 -1 -1 -1 -1 -1 62866 1 15 40 25 26 2 6 2 5
0 0 0 1 1 6 1 1 0 3 1 2 5 -1 -1 -1 -1 -1 -1 63232 0 15 40 25 26 2 6 2 5
0 0 0 1 1 7 1 1 0 3 1 2 5 5 5 4 4 1 1 63632 0 15 40 25 26 2 5 2 5
0 0 0 1 1 6 1 1 0 3 1 2 5 -1 -1 -1 -1 -1 -1 63999 0 15 40 25 26 2 5 2 5
0 0 0 1 6 1 1 4 0 3 1 2 4 -1 -1 -1 -1 -1 -1 64399 1 15 40 25 26 2 5 2 5
0 0 0 1 6 1 1 1 0 3 1 2 4 -1 -1 -1 -1 -1 -1 64766 0 15 40 25 26 2 5 2 5
0 0 0 1 7 1 1 1 0 3 1 2 4 4 5 4 4 1 1 65166 0 15 40 25 26 2 8 0 5
0 0 0 1 1 6 1 1 0 3 1 2 5 -1 -1 -1 -1 -1 -1 65532 0 15 40 26 26.5 2 8 0 5
0 0 0 1 4 6 1 1 0 3 1 2 5 -1 -1 -1 -1 -1 -1 65932 1 15 40 26 26.5 2 8 0 5
0 0 0 1 1 6 1 1 0 3 1 2 5 -1 -1 -1 -1 -1 -1 66299 0 15 40 26 26.5 2 8 0 5
0 0 0 1 1 7 1 1 0 3 1 2 5 5 5 4 4 1 1 66665 0 15 40 26 26.5 2 5 2 5
0 0 0 1 1 6 1 1 0 3 1 2 5 -1 -1 -1 -1 -1 -1 67065 0 15 40 26 26.5 2 5 2 5
0 0 0 1 4 1 6 1 0 3 1 2 6 -1 -1 -1 -1 -1 -1 67432 1 15 40 26 26.5 2 5 2 5
0 0 0 1 1 6 1 1 0 3 1 2 5 -1 -1 -1 -1 -1 -1 67799 0 15 40 26 26.5 2 5 2 5
0 0 0 2 8 1 1 1 0 3 1 2 4 3 5 4 4 1 0 68165 0 15 40 26 26.5 2 6 2 5
0 0 0 6 1 1 1 1 0 3 1 2 3 -1 -1 -1 -1 -1 -1 68565 0 15 40 25 26 2 6 2 5
0 0 0 6 1 1 1 4 0 3 1 2 3 -1 -1 -1 -1 -1 -1 68965 1 15 40 25 26 2 6 2 5
0 0 0 6 1 1 1 1 0 3 1 2 3 -1 -1 -1 -1 -1 -1 69332 0 15 40 25 26 2 6 2 5
0 0 0 7 1 1 1 1 0 3 1 2 3 3 5 4 4 1 1 69732 0 15 40 25 26 2 6 2 5
0 0 0 6 1 1 1 1 0 3 1 2 3 -1 -1 -1 -1 -1 -1 70099 0 15 40 25 26 2 6 2 5
0 0 0 1 6 4 1 1 0 3 1 2 4 -1 -1 -1 -1 -1 -1 70499 1 15 40 25 26 2 6 2 5
0 0 0 1 6 1 1 1 0 3 1 2 4 -1 -1 -1 -1 -1 -1 70865 0 15 40 25 26 2 6 2 5
0 0 0 1 7 1 1 1 0 3 1 2 4 4 5 4 4 1 1 71265 0 15 40 25 26 2 4 2 5
0 0 0 1 6 1 1 1 0 3 1 2 4 -1 -1 -1 -1 -1 -1 71632 0 15 40 26 26.5 2 4 2 5
0 0 0 1 6 1 1 4 0 3 1 2 4 -1 -1 -1 -1 -1 -1 71999 1 15 40 26 26.5 2 4 2 5
0 0 0 1 6 1 1 1 0 3 1 2 4 -1 -1 -1 -1 -1 -1 72399 0 15 40 26 26.5 2 4 2 5
0 0 0 1 7 1 1 1 0 3 1 2 4 4 5 4 4 1 1 72765 0 15 40 26 26.5 2 6 2 5
0 0 0 1 6 1 1 1 0 3 1 2 4 -1 -1 -1 -1 -1 -1 73132 0 15 40 26 26.5 2 6 2 5
0 0 0 1 1 6 1 4 0 3 1 2 5 -1 -1 -1 -1 -1 -1 73532 1 15 40 26 26.5 2 6 2 5
0 0 0 1 1 6 1 1 0 3 1 2 5 -1 -1 -1 -1 -1 -1 73899 0 15 40 26 26.5 2 6 2 5
0 0 0 1 1 7 1 1 0 3 1 2 5 5 5 4 4 1 1 74265 0 15 40 26 26.5 2 6 2 5
0 0 0 1 6 1 1 1 0 3 1 2 4 -1 -1 -1 -1 -1 -1 74632 0 15 40 27 27 2 6 2 5
0 0 0 1 6 4 1 1 0 3 1 2 4 -1 -1 -1 -1 -1 -1 75032 1 15 40 27 27 2 6 2 5
0 0 0 0 1 6 1 0 1 4 1 0 5 -1 -1 -1 -1 -1 -1 81832 0 15 40 15 60 2 8 0 3
0 0 0 0 1 6 1 0 1 4 1 0 5 -1 -1 -1 -1 -1 -1 81999 0 15 40 15 60 2 8 0 3
0 0 0 0 1 6 1 0 1 4 1 0 5 -1 -1 -1 -1 -1 -1 82165 0 15 40 15 60 2 6 2 3
0 0 0 0 1 6 1 0 1 4 1 0 5 -1 -1 -1 -1 -1 -1 82332 0 15 40 15 50 2 6 2 3
0 0 0 0 1 6 1 0 1 4 1 0 5 -1 -1 -1 -1 -1 -1 82632 0 15 40 15 20 2 6 2 3
0 0 0 0 1 6 1 0 1 4 1 0 5 -1 -1 -1 -1 -1 -1 83565 0 15 40 15 10 2 6 2 3
0 0 0 0 1 6 1 0 1 4 1 0 5 -1 -1 -1 -1 -1 -1 84565 0 15 40 15 10 2 5 2 3
0 0 0 0 1 6 1 0 1 4 1 0 5 -1 -1 -1 -1 -1 -1 85565 0 15 40 15 10 2 5 2 3
0 0 0 0 1 6 1 0 1 4 1 0 5 -1 -1 -1 -1 -1 -1 86565 0 15 40 15 10 2 5 2 3
0 0 0 0 1 6 1 0 1 4 1 0 5 -1 -1 -1 -1 -1 -1 87565 0 15 40 15 10 2 5 2 3
0 0 0 0 1 6 3 0 1 4 1 0 5 6 3 8 3 0 0 88565 0 15 40 15 10 2 6 2 3
0 0 0 0 1 6 1 0 1 4 1 0 5 -1 -1 -1 -1 -1 -1 89565 0 15 40 15 10 2 6 2 3
0 0 0 0 1 6 1 0 1 4 1 0 5 -1 -1 -1 -1 -1 -1 90565 0 15 40 15 10 2 6 2 3
0 0 0 0 1 6 1 0 1 4 1 0 5 -1 -1 -1 -1 -1 -1 91565 0 15 40 15 10 2 6 2 3
0 0 0 0 3 6 1 0 1 4 1 0 5 4 2 5 0 0 0 92565 0 15 40 15 10 2 4 2 3
0 0 0 0 6 1 1 0 1 4 1 0 4 -1 -1 -1 -1 -1 -1 93565 0 15 40 15 10 2 4 2 3
0 0 0 0 6 1 1 0 1 4 1 0 4 -1 -1 -1 -1 -1 -1 94565 0 15 40 15 10 2 4 2 3
0 0 0 0 6 1 1 0 1 4 1 0 4 -1 -1 -1 -1 -1 -1 95565 0 15 40 15 10 2 4 2 3
0 0 0 0 7 1 1 0 1 4 1 0 4 4 2 5 0 1 1 96565 0 15 40 15 10 2 5 2 3
0 0 0 0 6 1 1 0 1 4 1 0 4 -1 -1 -1 -1 -1 -1 97565 0 15 40 15 10 2 5 2 3
0 0 0 0 1 6 1 0 1 4 1 0 5 -1 -1 -1 -1 -1 -1 98565 0 15 40 15 10 2 5 2 3
0 0 0 0 1 6 1 0 1 4 1 0 5 -1 -1 -1 -1 -1 -1 99565 0 15 40 15 10 2 5 2 3
0 0 0 0 1 6 3 0 1 4 1 0 5 6 0 6 1 0 0 100565 0 15 40 15 10 2 6 2 3
0 0 0 0 1 6 1 0 1 4 1 0 5 -1 -1 -1 -1 -1 -1 101565 0 15 40 15 10 2 6 2 3
0 0 0 0 1 6 1 0 1 4 1 0 5 -1 -1 -1 -1 -1 -1 102565 0 15 40 15 10 2 6 2 3
0 0 0 0 1 6 1 0 1 4 1 0 5 -1 -1 -1 -1 -1 -1 103565 0 15 40 15 10 2 6 2 3
0 0 0 0 1 6 3 0 1 4 1 0 5 6 2 5 0 0 0 104565 0 15 40 15 10 2 5 2 3
0 0 0 0 1 1 6 0 1 4 1 0 6 -1 -1 -1 -1 -1 -1 105565 0 15 40 15 10 2 5 2 3
0 0 0 0 1 1 6 0 1 4 1 0 6 -1 -1 -1 -1 -1 -1 106565 0 15 40 15 10 2 5 2 3
0 0 0 0 1 1 6 0 1 4 1 0 6 -1 -1 -1 -1 -1 -1 107565 0 15 40 15 10 2 5 2 3
0 0 0 1 1 1 7 1 1 4 1 0 6 6 2 5 0 1 1 108565 0 15 40 15 10 2 8 0 5
0 0 0 1 1 6 1 1 1 4 1 1 5 -1 -1 -1 -1 -1 -1 109365 0 15 40 16 13 2 8 0 5
0 0 0 1 1 6 1 1 1 4 1 1 5 -1 -1 -1 -1 -1 -1 110132 0 15 40 16 13 2 8 0 5
0 0 0 1 1 1 6 1 1 4 1 1 6 -1 -1 -1 -1 -1 -1 110931 0 15 40 16 13 2 8 0 5
0 0 0 1 3 1 6 1 1 4 1 1 6 4 0 6 1 0 0 111698 0 15 40 16 13 2 6 2 5
0 0 0 1 1 1 6 1 1 4 1 1 6 -1 -1 -1 -1 -1 -1 112465 0 15 40 16 13 2 6 2 5
0 0 0 1 1 6 1 1 1 4 1 1 5 -1 -1 -1 -1 -1 -1 113231 0 15 40 16 13 2 6 2 5
0 0 0 1 1 6 1 1 1 4 1 1 5 -1 -1 -1 -1 -1 -1 113998 0 15 40 16 13 2 6 2 5
0 0 0 1 6 1 3 1 1 4 1 1 4 6 1 7 2 0 0 114765 0 15 40 16 13 2 5 2 5
0 0 0 1 6 1 1 1 1 4 1 1 4 -1 -1 -1 -1 -1 -1 115531 0 15 40 16 13 2 5 2 5
0 0 0 1 1 6 1 1 1 4 1 1 5 -1 -1 -1 -1 -1 -1 116298 0 15 40 16 13 2 5 2 5
0 0 0 1 1 6 1 1 1 4 1 1 5 -1 -1 -1 -1 -1 -1 117065 0 15 40 16 13 2 5 2 5
0 0 0 1 3 6 1 1 1 4 1 1 5 4 3 8 3 0 0 117831 0 15 40 16 13 2 6 2 5
0 0 0 1 1 6 1 1 1 4 1 1 5 -1 -1 -1 -1 -1 -1 118598 0 15 40 16 13 2 6 2 5
0 0 0 1 1 6 1 1 1 4 1 1 5 -1 -1 -1 -1 -1 -1 119365 0 15 40 16 13 2 6 2 5
0 0 0 1 1 6 1 1 1 4 1 1 5 -1 -1 -1 -1 -1 -1 120131 0 15 40 16 13 2 6 2 5
0 0 0 3 1 6 1 1 1 4 1 1 5 3 0 6 1 0 0 120898 0 15 40 16 13 2 4 2 5
0 0 0 1 6 1 1 1 1 4 1 1 4 -1 -1 -1 -1 -1 -1 121698 0 15 40 16 13 2 4 2 5
0 0 0 6 1 1 1 1 1 4 1 1 3 -1 -1 -1 -1 -1 -1 122465 0 15 40 16 13 2 4 2 5
0 0 0 6 1 1 1 1 1 4 1 1 3 -1 -1 -1 -1 -1 -1 123231 0 15 40 16 13 2 4 2 5
0 0 0 7 1 1 1 1 1 4 1 1 3 3 0 6 1 1 1 123998 0 15 40 16 13 2 5 2 5
0 0 0 1 6 1 1 1 1 4 1 1 4 -1 -1 -1 -1 -1 -1 124765 0 15 40 16 13 2 5 2 5
0 0 0 1 1 6 1 1 1 4 1 1 5 -1 -1 -1 -1 -1 -1 125531 0 15 40 16 13 2 5 2 5
0 0 0 1 1 6 1 1 1 4 1 1 5 -1 -1 -1 -1 -1 -1 126298 0 15 40 16 13 2 5 2 5
0 0 0 3 1 6 1 1 1 4 1 1 5 3 2 5 0 0 0 127065 0 15 40 16 13 2 6 2 5
0 0 0 1 1 6 1 1 1 4 1 1 5 -1 -1 -1 -1 -1 -1 127831 0 15 40 16 13 2 6 2 5
0 0 0 1 6 1 1 1 1 4 1 1 4 -1 -1 -1 -1 -1 -1 128598 0 15 40 16 13 2 6 2 5
0 0 0 1 6 1 1 1 1 4 1 1 4 -1 -1 -1 -1 -1 -1 129365 0 15 40 16 13 2 6 2 5
0 0 0 1 6 3 1 1 1 4 1 1 4 5 3 8 3 0 0 130132 0 15 40 16 13 2 5 2 5
0 0 0 1 6 1 1 1 1 4 1 1 4 -1 -1 -1 -1 -1 -1 130899 0 15 40 16 13 2 5 2 5
0 0 0 1 1 6 1 1 1 4 1 1 5 -1 -1 -1 -1 -1 -1 131665 0 15 40 16 13 2 5 2 5
0 0 0 1 1 6 1 1 1 4 1 1 5 -1 -1 -1 -1 -1 -1 132466 0 15 40 16 13 2 5 2 5
0 0 0 1 3 6 1 1 1 4 1 1 5 4 1 7 2 0 0 133232 0 15 40 16 13 2 8 0 5
0 0 0 1 1 6 1 1 1 4 1 2 5 -1 -1 -1 -1 -1 -1 133999 0 15 40 16 13 2 8 0 5
0 0 0 1 1 6 1 1 1 4 1 2 5 -1 -1 -1 -1 -1 -1 134766 0 15 40 16 13 2 8 0 5
0 0 0 1 1 6 1 1 1 4 1 2 5 -1 -1 -1 -1 -1 -1 135533 0 15 40 16 13 2 8 0 5
0 0 0 1 1 6 3 1 1 4 1 2 5 6 0 6 1 0 0 136300 0 15 40 16 13 2 6 2 5
0 0 0 1 1 1 6 1 1 4 1 2 6 -1 -1 -1 -1 -1 -1 137066 0 15 40 16 13 2 6 2 5
0 0 0 1 4 1 1 6 1 4 1 2 7 -1 -1 -1 -1 -1 -1 137833 1 15 40 16 13 2 6 2 5
0 0 0 1 1 1 1 6 1 4 1 2 7 -1 -1 -1 -1 -1 -1 138600 0 15 40 16 13 2 6 2 5
0 0 0 1 1 1 1 7 1 4 1 2 7 7 0 6 1 1 1 139367 0 15 40 16 13 2 5 2 5
0 0 0 1 1 1 1 6 1 4 1 2 7 -1 -1 -1 -1 -1 -1 140034 0 15 40 17 16 2 5 2 5
0 0 0 1 1 4 1 6 1 4 1 2 7 -1 -1 -1 -1 -1 -1 140634 1 15 40 17 16 2 5 2 5
0 0 0 1 1 1 1 6 1 4 1 2 7 -1 -1 -1 -1 -1 -1 141267 0 15 40 17 16 2 5 2 5
0 0 0 1 1 3 6 1 1 4 1 2 6 5 3 8 3 0 0 141901 0 15 40 17 16 2 6 2 5
0 0 0 1 1 6 1 1 1 4 1 2 5 -1 -1 -1 -1 -1 -1 142534 0 15 40 17 16 2 6 2 5
0 0 0 1 1 6 1 4 1 4 1 2 5 -1 -1 -1 -1 -1 -1 143134 1 15 40 17 16 2 6 2 5
0 0 0 1 6 1 1 1 1 4 1 2 4 -1 -1 -1 -1 -1 -1 143768 0 15 40 17 16 2 6 2 5
0 0 0 1 6 3 1 1 1 4 1 2 4 5 2 5 0 0 0 144401 0 15 40 17 16 2 4 2 5
0 0 0 1 6 1 1 1 1 4 1 2 4 -1 -1 -1 -1 -1 -1 145035 0 15 40 17 16 2 4 2 5
0 0 0 1 1 6 1 4 1 4 1 2 5 -1 -1 -1 -1 -1 -1 145635 1 15 40 17 16 2 4 2 5
0 0 0 1 1 6 1 1 1 4 1 2 5 -1 -1 -1 -1 -1 -1 146268 0 15 40 17 16 2 4 2 5
0 0 0 3 1 6 1 1 1 4 1 2 5 3 1 7 2 0 0 146902 0 15 40 17 16 2 5 2 5
0 0 0 1 1 6 1 1 1 4 1 2 5 -1 -1 -1 -1 -1 -1 147535 0 15 40 17 16 2 5 2 5
0 0 0 1 1 6 4 1 1 4 1 2 5 -1 -1 -1 -1 -1 -1 148136 1 15 40 17 16 2 5 2 5
0 0 0 1 1 6 1 1 1 4 1 2 5 -1 -1 -1 -1 -1 -1 148769 0 15 40 17 16 2 5 2 5
0 0 0 1 1 7 1 1 1 4 1 2 5 5 1 7 2 1 1 149402 0 15 40 17 16 2 6 2 5
0 0 0 1 1 6 1 1 1 4 1 2 5 -1 -1 -1 -1 -1 -1 150003 0 15 40 17 16 2 6 2 5
0 0 0 1 1 4 6 1 1 4 1 2 6 -1 -1 -1 -1 -1 -1 150636 1 15 40 17 16 2 6 2 5
0 0 0 1 6 1 1 1 1 4 1 2 4 -1 -1 -1 -1 -1 -1 151270 0 15 40 17 16 2 6 2 5
0 0 0 7 1 1 1 1 1 4 1 2 3 3 1 7 2 1 1 151903 0 15 40 17 16 2 5 2 5
0 0 0 6 1 1 1 1 1 4 1 2 3 -1 -1 -1 -1 -1 -1 152436 0 15 40 18 19 2 5 2 5
0 0 0 4 6 1 1 1 1 4 1 2 4 -1 -1 -1 -1 -1 -1 152970 1 15 40 18 19 2 5 2 5
0 0 0 1 6 1 1 1 1 4 1 2 4 -1 -1 -1 -1 -1 -1 153503 0 15 40 18 19 2 5 2 5
0 0 0 1 7 1 1 1 1 4 1 2 4 4 1 7 2 1 1 154003 0 15 40 18 19 2 8 0 5
0 0 0 1 6 1 1 1 1 4 1 2 4 -1 -1 -1 -1 -1 -1 154537 0 15 40 18 19 2 8 0 5
0 0 0 1 6 4 1 1 1 4 1 2 4 -1 -1 -1 -1 -1 -1 155070 1 15 40 18 19 2 8 0 5
0 0 0 1 6 1 1 1 1 4 1 2 4 -1 -1 -1 -1 -1 -1 155604 0 15 40 18 19 2 8 0 5
0 0 0 1 1 6 3 1 1 4 1 2 5 6 2 5 0 0 0 156104 0 15 40 18 19 2 6 2 5
0 0 0 1 1 6 1 1 1 4 1 2 5 -1 -1 -1 -1 -1 -1 156637 0 15 40 18 19 2 6 2 5
0 0 0 1 1 6 1 4 1 4 1 2 5 -1 -1 -1 -1 -1 -1 157171 1 15 40 18 19 2 6 2 5
0 0 0 1 1 6 1 1 1 4 1 2 5 -1 -1 -1 -1 -1 -1 157704 0 15 40 18 19 2 6 2 5
0 0 0 1 3 6 1 1 1 4 1 2 5 4 1 7 2 0 0 158238 0 15 40 18 19 2 5 2 5
0 0 0 1 1 6 1 1 1 4 1 2 5 -1 -1 -1 -1 -1 -1 158738 0 15 40 18 19 2 5 2 5
0 0 0 1 1 6 4 1 1 4 1 2 5 -1 -1 -1 -1 -1 -1 159271 1 15 40 18 19 2 5 2 5
0 0 0 1 1 6 1 1 1 4 1 2 5 -1 -1 -1 -1 -1 -1 159805 0 15 40 18 19 2 5 2 5
0 0 0 1 1 7 1 1 1 4 1 2 5 5 1 7 2 1 1 160338 0 15 40 18 19 2 6 2 5
0 0 0 1 1 6 1 1 1 4 1 2 5 -1 -1 -1 -1 -1 -1 160805 0 15 40 19 21 2 6 2 5
0 0 0 1 4 6 1 1 1 4 1 2 5 -1 -1 -1 -1 -1 -1 161305 1 15 40 19 21 2 6 2 5
0 0 0 1 6 1 1 1 1 4 1 2 4 -1 -1 -1 -1 -1 -1 161772 0 15 40 19 21 2 6 2 5
0 0 0 1 6 3 1 1 1 4 1 2 4 5 2 5 0 0 0 162239 0 15 40 19 21 2 4 2 5
0 0 0 1 1 6 1 1 1 4 1 2 5 -1 -1 -1 -1 -1 -1 162705 0 15 40 19 21 2 4 2 5
0 0 0 1 4 1 6 1 1 4 1 2 6 -1 -1 -1 -1 -1 -1 163205 1 15 40 19 21 2 4 2 5
0 0 0 1 1 1 1 6 1 4 1 2 7 -1 -1 -1 -1 -1 -1 163672 0 15 40 19 21 2 4 2 5
0 0 0 1 1 1 1 7 1 4 1 2 7 7 2 5 0 1 1 164139 0 15 40 19 21 2 5 2 5
0 0 0 1 1 1 6 1 1 4 1 2 6 -1 -1 -1 -1 -1 -1 164639 0 15 40 19 21 2 5 2 5
0 0 0 1 1 6 4 1 1 4 1 2 5 -1 -1 -1 -1 -1 -1 165106 1 15 40 19 21 2 5 2 5
0 0 0 1 1 6 1 1 1 4 1 2 5 -1 -1 -1 -1 -1 -1 165573 0 15 40 19 21 2 5 2 5
0 0 0 0 1 6 1 0 2 0 2 0 5 -1 -1 -1 -1 -1 -1 174608 0 15 18 18 60 2 8 0 3
0 0 0 0 1 6 1 0 2 0 2 0 5 -1 -1 -1 -1 -1 -1 174775 0 15 18 18 60 2 8 0 3
0 0 0 0 1 6 1 0 2 0 2 0 5 -1 -1 -1 -1 -1 -1 174941 0 15 18 18 60 2 5 2 3
0 0 0 0 1 6 1 0 2 0 2 0 5 -1 -1 -1 -1 -1 -1 175108 0 15 18 18 51.8 2 5 2 3
0 0 0 0 1 6 1 0 2 0 2 0 5 -1 -1 -1 -1 -1 -1 175375 0 15 18 18 29.9333 2 5 2 3
0 0 0 0 1 6 1 0 2 0 2 0 5 -1 -1 -1 -1 -1 -1 175841 0 15 18 18 19 2 5 2 3
0 0 0 0 1 6 1 0 2 0 2 0 5 -1 -1 -1 -1 -1 -1 176375 0 15 18 18 19 2 5 2 3
0 0 0 0 1 6 1 0 2 0 2 0 5 -1 -1 -1 -1 -1 -1 176875 0 15 18 18 19 2 5 2 3
0 0 0 0 1 6 1 0 2 0 2 0 5 -1 -1 -1 -1 -1 -1 177408 0 15 18 18 19 2 5 2 3
0 0 0 0 1 6 1 0 2 0 2 0 5 -1 -1 -1 -1 -1 -1 177942 0 15 18 18 19 2 5 2 3
0 0 0 0 3 6 1 0 2 0 2 0 5 4 0 4 1 0 0 178475 0 15 18 18 19 2 6 2 3
0 0 0 0 1 6 1 0 2 0 2 0 5 -1 -1 -1 -1 -1 -1 179009 0 15 18 18 19 2 6 2 3
0 0 0 0 1 6 1 0 2 0 2 0 5 -1 -1 -1 -1 -1 -1 179509 0 15 18 18 19 2 6 2 3
0 0 0 0 1 6 1 0 2 0 2 0 5 -1 -1 -1 -1 -1 -1 180042 0 15 18 18 19 2 6 2 3
0 0 0 0 3 6 1 0 2 0 2 0 5 4 3 4 3 0 0 180576 0 15 18 18 19 2 5 2 3
0 0 0 0 1 6 1 0 2 0 2 0 5 -1 -1 -1 -1 -1 -1 181109 0 15 18 18 19 2 5 2 3
0 0 0 0 6 1 1 0 2 0 2 0 4 -1 -1 -1 -1 -1 -1 181643 0 15 18 18 19 2 5 2 3
0 0 0 0 6 1 1 0 2 0 2 0 4 -1 -1 -1 -1 -1 -1 182143 0 15 18 18 19 2 5 2 3
0 0 0 0 6 3 1 0 2 0 2 0 4 5 2 4 0 0 0 182676 0 15 18 18 19 2 5 2 3
0 0 0 0 6 1 1 0 2 0 2 0 4 -1 -1 -1 -1 -1 -1 183210 0 15 18 18 19 2 5 2 3
0 0 0 0 1 1 6 0 2 0 2 0 6 -1 -1 -1 -1 -1 -1 183743 0 15 18 18 19 2 5 2 3
0 0 0 0 1 1 6 0 2 0 2 0 6 -1 -1 -1 -1 -1 -1 184243 0 15 18 18 19 2 5 2 3
0 0 0 0 1 1 7 0 2 0 2 0 6 6 3 4 3 1 1 184777 0 15 18 18 19 2 5 2 3
0 0 0 0 1 1 6 0 2 0 2 0 6 -1 -1 -1 -1 -1 -1 185310 0 15 18 18 19 2 5 2 3
0 0 0 0 1 6 1 0 2 0 2 0 5 -1 -1 -1 -1 -1 -1 185844 0 15 18 18 19 2 5 2 3
0 0 0 0 1 6 1 0 2 0 2 0 5 -1 -1 -1 -1 -1 -1 186377 0 15 18 18 19 2 5 2 3
0 0 0 0 1 7 1 0 2 0 2 0 5 5 2 4 0 1 1 186877 0 15 18 18 19 2 4 2 3
0 0 0 0 1 6 1 0 2 0 2 0 5 -1 -1 -1 -1 -1 -1 187411 0 15 18 18 19 2 4 2 3
0 0 0 0 1 6 1 0 2 0 2 0 5 -1 -1 -1 -1 -1 -1 187944 0 15 18 18 19 2 4 2 3
0 0 0 0 1 6 1 0 2 0 2 0 5 -1 -1 -1 -1 -1 -1 188477 0 15 18 18 19 2 4 2 3
0 0 0 0 1 6 3 0 2 0 2 0 5 6 1 4 2 0 0 189011 0 15 18 18 19 2 8 0 3
0 0 0 0 1 6 1 0 2 0 2 0 5 -1 -1 -1 -1 -1 -1 189511 0 15 18 18 19 2 8 0 3
0 0 0 0 6 1 1 0 2 0 2 0 4 -1 -1 -1 -1 -1 -1 190044 0 15 18 18 19 2 8 0 3
0 0 0 0 1 6 1 0 2 0 2 0 5 -1 -1 -1 -1 -1 -1 190578 0 15 18 18 19 2 8 0 3
0 0 0 0 3 6 1 0 2 0 2 0 5 4 0 4 1 0 0 191111 0 15 18 18 19 2 5 2 3
0 0 0 0 1 6 1 0 2 0 2 0 5 -1 -1 -1 -1 -1 -1 191611 0 15 18 18 19 2 5 2 3
0 0 0 0 1 6 1 0 2 0 2 0 5 -1 -1 -1 -1 -1 -1 192145 0 15 18 18 19 2 5 2 3
0 0 0 0 1 6 1 0 2 0 2 0 5 -1 -1 -1 -1 -1 -1 192678 0 15 18 18 19 2 5 2 3
0 0 0 0 3 6 1 0 2 0 2 0 5 4 3 4 3 0 0 193212 0 15 18 18 19 2 5 2 3
0 0 0 0 1 6 1 0 2 0 2 0 5 -1 -1 -1 -1 -1 -1 193745 0 15 18 18 19 2 5 2 3
0 0 0 0 1 1 6 0 2 0 2 0 6 -1 -1 -1 -1 -1 -1 194245 0 15 18 18 19 2 5 2 3
0 0 0 0 1 1 6 0 2 0 2 0 6 -1 -1 -1 -1 -1 -1 194779 0 15 18 18 19 2 5 2 3
0 0 0 0 1 1 7 0 2 0 2 0 6 6 0 4 1 1 1 195312 0 15 18 18 19 2 6 2 3
0 0 0 1 1 6 1 1 3 1 2 1 5 -1 -1 -1 -1 -1 -1 202247 0 15 18 17 60 2 8 0 5
0 0 0 1 1 6 1 1 3 1 2 1 5 -1 -1 -1 -1 -1 -1 202414 0 15 18 17 60 2 8 0 5
0 0 0 1 1 6 1 1 3 1 2 1 5 -1 -1 -1 -1 -1 -1 202580 0 15 18 17 60 2 4 2 5
0 0 0 1 1 6 1 1 3 1 2 1 5 -1 -1 -1 -1 -1 -1 202747 0 15 18 17 51.2 2 4 2 5
0 0 0 1 1 6 1 1 3 1 2 1 5 -1 -1 -1 -1 -1 -1 203014 0 15 18 17 27.7333 2 4 2 5
0 0 0 1 1 6 1 1 3 1 2 1 5 -1 -1 -1 -1 -1 -1 203581 0 15 18 17 16 2 4 2 5
0 0 0 1 1 6 1 1 3 1 2 1 5 -1 -1 -1 -1 -1 -1 204214 0 15 18 17 16 2 5 2 5
0 0 0 1 1 6 1 1 3 1 2 1 5 -1 -1 -1 -1 -1 -1 204848 0 15 18 17 16 2 5 2 5
0 0 0 1 1 6 1 1 3 1 2 1 5 -1 -1 -1 -1 -1 -1 205448 0 15 18 17 16 2 5 2 5
0 0 0 1 1 6 1 1 3 1 2 1 5 -1 -1 -1 -1 -1 -1 206081 0 15 18 17 16 2 5 2 5
0 0 0 1 1 6 3 1 3 1 2 1 5 6 4 6 1 0 0 206715 0 15 18 17 16 2 6 2 5
0 0 0 1 1 6 1 1 3 1 2 1 5 -1 -1 -1 -1 -1 -1 207348 0 15 18 17 16 2 6 2 5
0 0 0 1 6 1 1 1 3 1 2 1 4 -1 -1 -1 -1 -1 -1 207948 0 15 18 17 16 2 6 2 5
0 0 0 1 6 1 1 1 3 1 2 1 4 -1 -1 -1 -1 -1 -1 208582 0 15 18 17 16 2 6 2 5
0 0 0 1 6 3 1 1 3 1 2 1 4 5 4 5 0 0 0 209215 0 15 18 17 16 2 5 2 5
0 0 0 1 6 1 1 1 3 1 2 1 4 -1 -1 -1 -1 -1 -1 209849 0 15 18 17 16 2 5 2 5
0 0 0 1 1 6 1 1 3 1 2 1 5 -1 -1 -1 -1 -1 -1 210449 0 15 18 17 16 2 5 2 5
0 0 0 1 1 6 1 1 3 1 2 1 5 -1 -1 -1 -1 -1 -1 211049 0 15 18 17 20 2 5 2 5
0 0 0 1 1 6 3 1 3 1 2 1 5 6 4 8 3 0 0 211549 0 15 18 17 20 2 5 2 5
0 0 0 1 1 6 1 1 3 1 2 1 5 -1 -1 -1 -1 -1 -1 212049 0 15 18 17 20 2 5 2 5
0 0 0 1 1 6 1 1 3 1 2 1 5 -1 -1 -1 -1 -1 -1 212549 0 15 18 17 18.6667 2 5 2 5
0 0 0 1 1 6 1 1 3 1 2 1 5 -1 -1 -1 -1 -1 -1 213149 0 15 18 17 16 2 5 2 5
0 0 0 1 1 6 3 1 3 1 2 1 5 6 4 6 1 0 0 213783 0 15 18 17 16 2 5 2 5
0 0 0 1 1 6 1 1 3 1 2 1 5 -1 -1 -1 -1 -1 -1 214383 0 15 18 17 16 2 5 2 5
0 0 0 1 6 1 1 1 3 1 2 1 4 -1 -1 -1 -1 -1 -1 215016 0 15 18 17 16 2 5 2 5
0 0 0 1 6 1 1 1 3 1 2 1 4 -1 -1 -1 -1 -1 -1 215650 0 15 18 17 16 2 5 2 5
0 0 0 1 7 1 1 1 3 1 2 1 4 4 4 8 3 1 1 216283 0 15 18 17 16 2 6 2 5
0 0 0 1 1 6 1 1 3 1 2 1 5 -1 -1 -1 -1 -1 -1 216884 0 15 18 17 16 2 6 2 5
0 0 0 1 6 1 1 1 3 1 2 1 4 -1 -1 -1 -1 -1 -1 217517 0 15 18 17 16 2 6 2 5
0 0 0 1 1 6 1 1 3 1 2 1 5 -1 -1 -1 -1 -1 -1 218150 0 15 18 17 16 2 6 2 5
0 0 0 1 1 6 3 1 3 1 2 1 5 6 4 7 2 0 0 218784 0 15 18 17 16 2 8 0 5
0 0 0 1 1 6 1 1 3 1 2 1 5 -1 -1 -1 -1 -1 -1 219384 0 15 18 17 16 2 8 0 5
0 0 0 1 1 1 6 1 3 1 2 1 6 -1 -1 -1 -1 -1 -1 220018 0 15 18 17 16 2 8 0 5
0 0 0 1 1 1 6 1 3 1 2 1 6 -1 -1 -1 -1 -1 -1 220651 0 15 18 17 16 2 8 0 5
0 0 0 1 1 1 7 1 3 1 2 1 6 6 4 8 3 1 1 221284 0 15 18 17 16 2 4 2 5
0 0 0 1 1 1 6 1 3 1 2 1 6 -1 -1 -1 -1 -1 -1 221818 0 15 18 18 19 2 4 2 5
0 0 0 1 1 6 1 1 3 1 2 1 5 -1 -1 -1 -1 -1 -1 222351 0 15 18 18 19 2 4 2 5
0 0 0 1 6 1 1 1 3 1 2 1 4 -1 -1 -1 -1 -1 -1 222885 0 15 18 18 19 2 4 2 5
0 0 0 1 3 6 1 1 3 1 2 1 5 4 4 5 0 0 0 223385 0 15 18 18 19 2 5 2 5
0 0 0 1 1 6 1 1 3 1 2 1 5 -1 -1 -1 -1 -1 -1 223918 0 15 18 18 19 2 5 2 5
0 0 0 1 6 1 1 1 3 1 2 1 4 -1 -1 -1 -1 -1 -1 224452 0 15 18 18 19 2 5 2 5
0 0 0 6 1 1 1 1 3 1 2 1 3 -1 -1 -1 -1 -1 -1 224985 0 15 18 18 19 2 5 2 5
0 0 0 7 1 1 1 1 3 1 2 1 3 3 4 8 3 1 1 225485 0 15 18 18 19 2 6 2 5
0 0 0 1 6 1 1 1 3 1 2 1 4 -1 -1 -1 -1 -1 -1 226019 0 15 18 18 19 2 6 2 5
0 0 0 1 1 6 1 1 3 1 2 1 5 -1 -1 -1 -1 -1 -1 226552 0 15 18 18 19 2 6 2 5
0 0 0 1 1 1 6 1 3 1 2 1 6 -1 -1 -1 -1 -1 -1 227086 0 15 18 18 19 2 6 2 5
0 0 0 1 1 3 6 1 3 1 2 1 6 5 4 7 2 0 0 227619 0 15 18 18 19 2 5 2 5
0 0 0 1 1 1 6 1 3 1 2 1 6 -1 -1 -1 -1 -1 -1 228119 0 15 18 18 19 2 5 2 5
0 0 0 1 1 6 1 1 3 1 2 1 5 -1 -1 -1 -1 -1 -1 228653 0 15 18 18 19 2 5 2 5
0 0 0 1 1 6 1 1 3 1 2 1 5 -1 -1 -1 -1 -1 -1 229186 0 15 18 18 19 2 5 2 5
0 0 0 1 1 6 3 1 3 1 2 1 5 6 4 5 0 0 0 229720 0 15 18 18 19 2 5 2 5
0 0 0 1 1 6 1 1 3 1 2 1 5 -1 -1 -1 -1 -1 -1 230253 0 15 18 18 19 2 5 2 5
0 0 0 1 1 6 1 1 3 1 2 1 5 -1 -1 -1 -1 -1 -1 230753 0 15 18 18 19 2 5 2 5
0 0 0 1 1 6 1 1 3 1 2 1 5 -1 -1 -1 -1 -1 -1 231287 0 15 18 18 19 2 5 2 5
0 0 0 1 1 6 1 3 3 1 2 1 5 7 4 6 1 0 0 231820 0 15 18 18 19 2 5 2 5
0 0 0 1 1 6 1 1 3 1 2 1 5 -1 -1 -1 -1 -1 -1 232354 0 15 18 18 19 2 5 2 5
0 0 0 1 6 1 1 1 3 1 2 1 4 -1 -1 -1 -1 -1 -1 232854 0 15 18 18 19 2 5 2 5
0 0 0 1 6 1 1 1 3 1 2 1 4 -1 -1 -1 -1 -1 -1 233387 0 15 18 18 19 2 5 2 5
0 0 0 1 6 3 1 1 3 1 2 1 4 5 4 7 2 0 0 233921 0 15 18 18 19 2 6 2 5
0 0 0 1 6 1 1 1 3 1 2 1 4 -1 -1 -1 -1 -1 -1 234454 0 15 18 18 19 2 6 2 5
0 0 0 1 1 6 1 1 3 1 2 1 5 -1 -1 -1 -1 -1 -1 234987 0 15 18 18 19 2 6 2 5
0 0 0 1 1 6 1 1 3 1 2 1 5 -1 -1 -1 -1 -1 -1 235488 0 15 18 18 19 2 6 2 5
0 0 0 3 1 6 1 1 3 1 2 1 5 3 4 8 3 0 0 236021 0 15 18 18 19 2 8 0 5
0 0 0 1 1 6 1 1 3 1 2 1 5 -1 -1 -1 -1 -1 -1 236554 0 15 18 18 19 2 8 0 5
0 0 0 1 1 6 1 1 3 1 2 1 5 -1 -1 -1 -1 -1 -1 237088 0 15 18 18 19 2 8 0 5
0 0 0 1 1 6 1 1 3 1 2 1 5 -1 -1 -1 -1 -1 -1 237621 0 15 18 18 19 2 8 0 5
0 0 0 3 1 6 1 1 3 1 2 1 5 3 4 6 1 0 0 238121 0 15 18 18 19 2 4 2 5
0 0 0 1 1 6 1 1 3 1 2 1 5 -1 -1 -1 -1 -1 -1 238655 0 15 18 18 19 2 4 2 5
0 0 0 1 6 1 1 1 3 1 2 1 4 -1 -1 -1 -1 -1 -1 239188 0 15 18 18 19 2 4 2 5
0 0 0 1 6 1 1 1 3 1 2 1 4 -1 -1 -1 -1 -1 -1 239722 0 15 18 18 19 2 4 2 5
0 0 0 1 7 1 1 1 3 1 2 1 4 4 4 8 3 1 1 240222 0 15 18 18 19 2 5 2 5
0 0 0 1 6 1 1 1 3 1 2 1 4 -1 -1 -1 -1 -1 -1 240755 0 15 18 18 19 2 5 2 5
0 0 0 1 6 1 1 1 3 1 2 1 4 -1 -1 -1 -1 -1 -1 241289 0 15 18 18 19 2 5 2 5
0 0 0 1 1 6 1 1 3 1 2 1 5 -1 -1 -1 -1 -1 -1 241822 0 15 18 18 19 2 5 2 5
0 0 0 3 1 6 1 1 3 1 2 1 5 3 4 5 0 0 0 242356 0 15 18 18 19 2 6 2 5
0 0 0 1 1 6 1 1 3 1 2 1 5 -1 -1 -1 -1 -1 -1 242856 0 15 18 18 19 2 6 2 5
0 0 0 1 1 6 1 1 3 1 2 1 5 -1 -1 -1 -1 -1 -1 243389 0 15 18 18 19 2 6 2 5
0 0 0 1 6 1 1 1 3 1 2 1 4 -1 -1 -1 -1 -1 -1 243923 0 15 18 18 19 2 6 2 5
0 0 0 1 7 1 1 1 3 1 2 1 4 4 4 8 3 1 1 244456 0 15 18 18 19 2 5 2 5
0 0 0 1 6 1 1 1 3 1 2 1 4 -1 -1 -1 -1 -1 -1 244990 0 15 18 18 19 2 5 2 5
0 0 0 1 1 6 1 1 3 1 2 1 5 -1 -1 -1 -1 -1 -1 245490 0 15 18 18 19 2 5 2 5
0 0 0 1 6 1 1 1 3 1 2 1 4 -1 -1 -1 -1 -1 -1 246023 0 15 18 18 19 2 5 2 5
0 0 0 7 1 1 1 1 3 1 2 1 3 3 4 5 0 1 1 246557 0 15 18 18 19 2 5 2 5
0 0 0 6 1 1 1 1 3 1 2 1 3 -1 -1 -1 -1 -1 -1 247090 0 15 18 18 19 2 5 2 5
0 0 0 1 6 1 1 1 3 1 2 1 4 -1 -1 -1 -1 -1 -1 247590 0 15 18 18 19 2 5 2 5
0 0 0 1 1 6 1 1 3 1 2 1 5 -1 -1 -1 -1 -1 -1 248124 0 15 18 18 19 2 5 2 5
0 0 0 1 3 6 1 1 3 1 2 1 5 4 4 7 2 0 0 248657 0 15 18 18 19 2 5 2 5
0 0 0 1 1 6 1 1 3 1 2 1 5 -1 -1 -1 -1 -1 -1 249190 0 15 18 18 19 2 5 2 5
0 0 0 1 1 6 1 1 3 1 2 1 5 -1 -1 -1 -1 -1 -1 249724 0 15 18 18 19 2 5 2 5
0 0 0 1 1 6 1 1 3 1 2 1 5 -1 -1 -1 -1 -1 -1 250224 0 15 18 18 19 2 5 2 5
0 0 0 3 1 6 1 1 3 1 2 1 5 3 4 8 3 0 0 250757 0 15 18 18 19 2 6 2 5
0 0 0 1 1 6 1 1 3 1 2 1 5 -1 -1 -1 -1 -1 -1 251291 0 15 18 18 19 2 6 2 5
0 0 0 1 1 6 1 1 3 1 2 1 5 -1 -1 -1 -1 -1 -1 251824 0 15 18 18 19 2 6 2 5
0 0 0 1 1 6 1 1 3 1 2 1 5 -1 -1 -1 -1 -1 -1 252358 0 15 18 18 19 2 6 2 5
0 0 0 3 1 6 1 1 3 1 2 1 5 3 4 6 1 0 0 252858 0 15 18 18 19 2 8 0 5
0 0 0 1 1 6 1 1 3 1 2 1 5 -1 -1 -1 -1 -1 -1 253391 0 15 18 18 19 2 8 0 5
0 0 0 1 1 6 1 1 3 1 2 1 5 -1 -1 -1 -1 -1 -1 253925 0 15 18 18 19 2 8 0 5
0 0 0 1 1 6 1 1 3 1 2 1 5 -1 -1 -1 -1 -1 -1 254458 0 15 18 18 19 2 8 0 5
0 0 0 3 1 6 1 1 3 1 2 1 5 3 4 7 2 0 0 254958 0 15 18 18 19 2 4 2 5
0 0 0 1 1 6 1 1 3 1 2 1 5 -1 -1 -1 -1 -1 -1 255492 0 15 18 18 19 2 4 2 5
0 0 0 1 1 6 1 1 3 1 2 1 5 -1 -1 -1 -1 -1 -1 256025 0 15 18 18 19 2 4 2 5
0 0 0 1 6 1 1 1 3 1 2 1 4 -1 -1 -1 -1 -1 -1 256558 0 15 18 18 19 2 4 2 5
0 0 0 1 6 3 1 1 3 1 2 1 4 5 4 8 3 0 0 257092 0 15 18 18 19 2 5 2 5
0 0 0 1 6 1 1 1 3 1 2 1 4 -1 -1 -1 -1 -1 -1 257592 0 15 18 18 19 2 5 2 5
0 0 0 1 1 1 6 1 3 1 2 1 6 -1 -1 -1 -1 -1 -1 258125 0 15 18 18 19 2 5 2 5
0 0 0 1 1 1 6 1 3 1 2 1 6 -1 -1 -1 -1 -1 -1 258658 0 15 18 18 19 2 5 2 5
0 0 0 1 1 1 7 1 3 1 2 1 6 6 4 7 2 1 1 259191 0 15 18 18 19 2 6 2 5
0 0 0 1 1 1 6 1 3 1 2 1 6 -1 -1 -1 -1 -1 -1 259724 0 15 18 18 19 2 6 2 5
0 0 0 1 1 1 6 1 3 1 2 1 6 -1 -1 -1 -1 -1 -1 260224 0 15 18 18 19 2 6 2 5
0 0 0 1 1 1 6 1 3 1 2 1 6 -1 -1 -1 -1 -1 -1 260757 0 15 18 18 19 2 6 2 5
0 0 0 1 1 1 7 1 3 1 2 1 6 6 4 8 3 1 1 261291 0 15 18 18 19 2 5 2 5
0 0 0 1 1 6 1 1 4 2 2 2 5 -1 -1 -1 -1 -1 -1 269922 0 15 18 15 60 2 8 0 5
0 0 0 1 1 6 1 1 4 2 2 2 5 -1 -1 -1 -1 -1 -1 270088 0 15 18 15 60 2 8 0 5
0 0 0 1 1 6 1 1 4 2 2 2 5 -1 -1 -1 -1 -1 -1 270255 0 15 18 15 60 2 4 2 5
0 0 0 1 1 6 1 1 4 2 2 2 5 -1 -1 -1 -1 -1 -1 270422 0 15 18 15 50 2 4 2 5
0 0 0 1 1 6 1 1 4 2 2 2 5 -1 -1 -1 -1 -1 -1 270722 0 15 18 15 20 2 4 2 5
0 0 0 1 1 6 1 1 4 2 2 2 5 -1 -1 -1 -1 -1 -1 271655 0 15 18 15 10 2 4 2 5
0 0 0 1 1 6 1 1 4 2 2 2 5 -1 -1 -1 -1 -1 -1 272655 0 15 18 15 10 2 5 2 5
0 0 0 1 1 6 1 1 4 2 2 2 5 -1 -1 -1 -1 -1 -1 273654 0 15 18 15 10 2 5 2 5
0 0 0 1 1 6 1 1 4 2 2 2 5 -1 -1 -1 -1 -1 -1 274654 0 15 18 15 10 2 5 2 5
0 0 0 1 1 6 1 1 4 2 2 2 5 -1 -1 -1 -1 -1 -1 275654 0 15 18 15 10 2 5 2 5
0 0 0 1 3 6 1 1 4 2 2 2 5 4 5 4 2 0 0 276654 0 15 18 15 10 2 4 2 5
0 0 0 1 1 6 1 1 4 2 2 2 5 -1 -1 -1 -1 -1 -1 277653 0 15 18 15 10 2 4 2 5
0 0 0 1 4 6 1 1 4 2 2 2 5 -1 -1 -1 -1 -1 -1 278653 1 15 18 15 10 2 4 2 5
0 0 0 1 1 6 1 1 4 2 2 2 5 -1 -1 -1 -1 -1 -1 279653 0 15 18 15 10 2 4 2 5
0 0 0 3 1 6 1 1 4 2 2 2 5 3 5 4 1 0 0 280653 0 15 18 15 10 2 4 2 5
0 0 0 1 1 6 1 1 4 2 2 2 5 -1 -1 -1 -1 -1 -1 281652 0 15 18 15 10 2 4 2 5
0 0 0 4 1 6 1 1 4 2 2 2 5 -1 -1 -1 -1 -1 -1 282652 1 15 18 15 10 2 4 2 5
0 0 0 1 1 1 6 1 4 2 2 2 6 -1 -1 -1 -1 -1 -1 283652 0 15 18 15 10 2 4 2 5
0 0 0 1 1 3 6 1 4 2 2 2 6 5 5 4 0 0 0 284652 0 15 18 15 10 2 6 2 5
0 0 0 1 1 1 6 1 4 2 2 2 6 -1 -1 -1 -1 -1 -1 285651 0 15 18 15 10 2 6 2 5
0 0 0 4 1 6 1 1 4 2 2 2 5 -1 -1 -1 -1 -1 -1 286651 1 15 18 15 10 2 6 2 5
0 0 0 1 1 6 1 1 4 2 2 2 5 -1 -1 -1 -1 -1 -1 287618 0 15 18 15 12.5 2 6 2 5
0 0 0 1 1 8 2 1 4 2 2 2 5 6 5 4 1 1 0 288417 0 15 18 15 12.5 2 5 2 5
0 0 0 1 1 6 1 1 4 2 2 2 5 -1 -1 -1 -1 -1 -1 289250 0 15 18 15 11.3333 2 5 2 5
0 0 0 1 1 6 4 1 4 2 2 2 5 -1 -1 -1 -1 -1 -1 290217 1 15 18 15 10 2 5 2 5
0 0 0 1 1 6 1 1 4 2 2 2 5 -1 -1 -1 -1 -1 -1 291217 0 15 18 15 10 2 5 2 5
0 0 0 1 1 6 1 3 4 2 2 2 5 7 5 4 3 0 0 292216 0 15 18 15 10 2 4 2 5
0 0 0 1 1 6 1 1 4 2 2 2 5 -1 -1 -1 -1 -1 -1 293216 0 15 18 15 10 2 4 2 5
0 0 0 1 4 6 1 1 4 2 2 2 5 -1 -1 -1 -1 -1 -1 294216 1 15 18 15 10 2 4 2 5
0 0 0 1 1 6 1 1 4 2 2 2 5 -1 -1 -1 -1 -1 -1 295216 0 15 18 15 10 2 4 2 5
0 0 0 1 1 6 1 3 4 2 2 2 5 7 5 4 0 0 0 296215 0 15 18 15 10 2 8 0 5
0 0 0 1 1 6 1 1 4 2 2 2 5 -1 -1 -1 -1 -1 -1 297082 0 15 18 15 12.5 2 8 0 5
0 0 0 1 4 6 1 1 4 2 2 2 5 -1 -1 -1 -1 -1 -1 297882 1 15 18 15 12.5 2 8 0 5
0 0 0 1 1 6 1 1 4 2 2 2 5 -1 -1 -1 -1 -1 -1 298781 0 15 18 15 10 2 8 0 5
0 0 0 1 1 7 1 1 4 2 2 2 5 5 5 4 3 1 1 299781 0 15 18 15 10 2 4 2 5
0 0 0 6 1 1 1 1 4 2 2 2 3 -1 -1 -1 -1 -1 -1 300781 0 15 18 15 10 2 4 2 5
0 0 0 6 1 1 4 1 4 2 2 2 3 -1 -1 -1 -1 -1 -1 301647 1 15 18 15 12.5 2 4 2 5
0 0 0 1 6 1 1 1 4 2 2 2 4 -1 -1 -1 -1 -1 -1 302447 0 15 18 15 12.5 2 4 2 5
0 0 0 1 6 3 1 1 4 2 2 2 4 5 5 4 1 0 0 303314 0 15 18 15 10 2 5 2 5
0 0 0 1 6 1 1 1 4 2 2 2 4 -1 -1 -1 -1 -1 -1 304147 0 15 18 15 12.5 2 5 2 5
0 0 0 4 1 6 1 1 4 2 2 2 5 -1 -1 -1 -1 -1 -1 304947 1 15 18 15 12.5 2 5 2 5
0 0 0 1 1 6 1 1 4 2 2 2 5 -1 -1 -1 -1 -1 -1 305880 0 15 18 15 10 2 5 2 5
0 0 0 1 3 6 1 1 4 2 2 2 5 4 5 4 2 0 0 306846 0 15 18 15 12.5 2 4 2 5
0 0 0 1 1 6 1 1 4 2 2 2 5 -1 -1 -1 -1 -1 -1 307646 0 15 18 15 12.5 2 4 2 5
0 0 0 1 1 6 1 4 4 2 2 2 5 -1 -1 -1 -1 -1 -1 308446 1 15 18 15 11 2 4 2 5
0 0 0 1 6 1 1 1 4 2 2 2 4 -1 -1 -1 -1 -1 -1 309446 0 15 18 15 10 2 4 2 5
0 0 0 1 6 1 3 1 4 2 2 2 4 6 5 4 3 0 0 310445 0 15 18 15 10 2 4 2 5
0 0 0 1 6 1 1 1 4 2 2 2 4 -1 -1 -1 -1 -1 -1 311445 0 15 18 15 10 2 4 2 5
0 0 0 1 6 4 1 1 4 2 2 2 4 -1 -1 -1 -1 -1 -1 312445 1 15 18 15 12.5 2 4 2 5
0 0 0 1 1 6 1 1 4 2 2 2 5 -1 -1 -1 -1 -1 -1 313245 0 15 18 15 12.5 2 4 2 5
0 0 0 1 3 1 6 1 4 2 2 2 6 4 5 4 1 0 0 314044 0 15 18 15 12 2 6 2 5
0 0 0 1 1 1 6 1 4 2 2 2 6 -1 -1 -1 -1 -1 -1 315011 0 15 18 15 10 2 6 2 5
0 0 0 1 1 4 6 1 4 2 2 2 6 -1 -1 -1 -1 -1 -1 316011 1 15 18 15 10 2 6 2 5
0 0 0 1 1 6 1 1 4 2 2 2 5 -1 -1 -1 -1 -1 -1 316810 0 15 18 15 12.5 2 6 2 5
0 0 0 1 1 7 1 1 4 2 2 2 5 5 5 4 3 1 1 317610 0 15 18 15 12.5 2 5 2 5
0 0 0 1 1 6 1 1 4 2 2 2 5 -1 -1 -1 -1 -1 -1 318343 0 15 18 16 13 2 5 2 5
0 0 0 1 6 1 1 4 4 2 2 2 4 -1 -1 -1 -1 -1 -1 319010 1 15 18 16 16.25 2 5 2 5
0 0 0 1 1 6 1 1 4 2 2 2 5 -1 -1 -1 -1 -1 -1 319610 0 15 18 16 16.25 2 5 2 5
0 0 0 3 1 6 1 1 4 2 2 2 5 3 5 4 2 0 0 320243 0 15 18 16 14.7333 2 4 2 5
0 0 0 1 1 6 1 1 4 2 2 2 5 -1 -1 -1 -1 -1 -1 320976 0 15 18 16 13 2 4 2 5
0 0 0 1 1 6 4 1 4 2 2 2 5 -1 -1 -1 -1 -1 -1 321776 1 15 18 16 13 2 4 2 5
0 0 0 1 6 1 1 1 4 2 2 2 4 -1 -1 -1 -1 -1 -1 322542 0 15 18 16 13 2 4 2 5
0 0 0 6 1 3 1 1 4 2 2 2 3 5 5 4 0 0 0 323309 0 15 18 16 13 2 8 0 5
0 0 0 6 1 1 1 1 4 2 2 2 3 -1 -1 -1 -1 -1 -1 324075 0 15 18 16 13 2 8 0 5
0 0 0 6 4 1 1 1 4 2 2 2 3 -1 -1 -1 -1 -1 -1 324808 1 15 18 16 16.25 2 8 0 5
0 0 0 6 1 1 1 1 4 2 2 2 3 -1 -1 -1 -1 -1 -1 325408 0 15 18 16 16.25 2 8 0 5
0 0 0 6 1 3 1 1 4 2 2 2 3 5 5 4 1 0 0 326008 0 15 18 16 16.25 2 4 2 5
0 0 0 6 1 1 1 1 4 2 2 2 3 -1 -1 -1 -1 -1 -1 326708 0 15 18 16 13 2 4 2 5
0 0 0 6 4 1 1 1 4 2 2 2 3 -1 -1 -1 -1 -1 -1 327474 1 15 18 16 13 2 4 2 5
0 0 0 1 6 1 1 1 4 2 2 2 4 -1 -1 -1 -1 -1 -1 328241 0 15 18 16 13 2 4 2 5
0 0 0 1 2 8 1 1 4 2 2 2 5 4 5 4 0 1 0 329007 0 15 18 16 13 2 5 2 5
0 0 0 1 6 1 1 1 4 2 2 2 4 -1 -1 -1 -1 -1 -1 329974 0 15 18 15 10 2 5 2 5
0 0 0 1 6 4 1 1 4 2 2 2 4 -1 -1 -1 -1 -1 -1 330974 1 15 18 15 10 2 5 2 5
0 0 0 1 1 6 1 1 4 2 2 2 5 -1 -1 -1 -1 -1 -1 331973 0 15 18 15 10 2 5 2 5
0 0 0 1 3 6 1 1 4 2 2 2 5 4 5 4 2 0 0 332973 0 15 18 15 10 2 4 2 5
0 0 0 1 1 6 1 1 4 2 2 2 5 -1 -1 -1 -1 -1 -1 333973 0 15 18 15 10 2 4 2 5
0 0 0 4 6 1 1 1 4 2 2 2 4 -1 -1 -1 -1 -1 -1 334973 1 15 18 15 10 2 4 2 5
0 0 0 1 6 1 1 1 4 2 2 2 4 -1 -1 -1 -1 -1 -1 335972 0 15 18 15 10 2 4 2 5
0 0 0 1 7 1 1 1 4 2 2 2 4 4 5 4 0 1 1 336972 0 15 18 15 10 2 4 2 5
0 0 0 1 6 1 1 1 4 2 2 2 4 -1 -1 -1 -1 -1 -1 337972 0 15 18 15 10 2 4 2 5
0 0 0 1 1 6 4 1 4 2 2 2 5 -1 -1 -1 -1 -1 -1 338972 1 15 18 15 10 2 4 2 5
0 0 0 1 1 1 6 1 4 2 2 2 6 -1 -1 -1 -1 -1 -1 339971 0 15 18 15 10 2 4 2 5
0 0 0 1 1 1 7 1 4 2 2 2 6 6 5 4 2 1 1 340971 0 15 18 15 10 2 6 2 5
0 0 0 1 1 6 1 1 4 2 2 2 5 -1 -1 -1 -1 -1 -1 341771 0 15 18 16 16.25 2 6 2 5
0 0 0 1 1 6 1 4 4 2 2 2 5 -1 -1 -1 -1 -1 -1 342371 1 15 18 16 16.25 2 6 2 5
0 0 0 1 1 6 1 1 4 2 2 2 5 -1 -1 -1 -1 -1 -1 343004 0 15 18 16 16.25 2 6 2 5
0 0 0 1 1 6 1 3 4 2 2 2 5 7 5 4 1 0 0 343637 0 15 18 16 13.8667 2 5 2 5
0 0 0 1 1 6 1 1 4 2 2 2 5 -1 -1 -1 -1 -1 -1 344404 0 15 18 16 13 2 5 2 5
0 0 0 1 1 6 1 4 4 2 2 2 5 -1 -1 -1 -1 -1 -1 345070 1 15 18 16 16.25 2 5 2 5
0 0 0 1 1 6 1 1 4 2 2 2 5 -1 -1 -1 -1 -1 -1 345703 0 15 18 16 16.25 2 5 2 5
0 0 0 1 1 1 6 3 4 2 2 2 6 7 5 4 3 0 0 346303 0 15 18 16 15.6 2 4 2 5
0 0 0 1 1 1 6 1 4 2 2 2 6 -1 -1 -1 -1 -1 -1 346970 0 15 18 16 16.25 2 4 2 5
0 0 0 1 4 1 6 1 4 2 2 2 6 -1 -1 -1 -1 -1 -1 347603 1 15 18 16 16.25 2 4 2 5
0 0 0 1 1 1 6 1 4 2 2 2 6 -1 -1 -1 -1 -1 -1 348203 0 15 18 16 16.25 2 4 2 5
0 0 0 1 1 3 6 1 4 2 2 2 6 5 5 4 0 0 0 348903 0 15 18 16 13 2 8 0 5
0 0 0 1 1 1 6 1 4 2 2 2 6 -1 -1 -1 -1 -1 -1 349669 0 15 18 16 13 2 8 0 5
0 0 0 1 1 4 6 1 4 2 2 2 6 -1 -1 -1 -1 -1 -1 350436 1 15 18 16 13 2 8 0 5
0 0 0 1 1 1 6 1 4 2 2 2 6 -1 -1 -1 -1 -1 -1 351202 0 15 18 16 13 2 8 0 5
0 0 0 1 1 3 6 1 4 2 2 2 6 5 5 4 1 0 0 351968 0 15 18 16 16.25 2 4 2 5
0 0 0 1 1 1 6 1 4 2 2 2 6 -1 -1 -1 -1 -1 -1 352568 0 15 18 16 16.25 2 4 2 5
0 0 0 1 4 6 1 1 4 2 2 2 5 -1 -1 -1 -1 -1 -1 353168 1 15 18 16 16.25 2 4 2 5
0 0 0 1 1 6 1 1 4 2 2 2 5 -1 -1 -1 -1 -1 -1 353835 0 15 18 16 13.2167 2 4 2 5
0 0 0 1 3 6 1 1 4 2 2 2 5 4 5 4 2 0 0 354601 0 15 18 16 13 2 5 2 5
0 0 0 1 1 6 1 1 4 2 2 2 5 -1 -1 -1 -1 -1 -1 355368 0 15 18 16 13 2 5 2 5
0 0 0 4 6 1 1 1 4 2 2 2 4 -1 -1 -1 -1 -1 -1 356134 1 15 18 16 13 2 5 2 5
0 0 0 6 1 1 1 1 4 2 2 2 3 -1 -1 -1 -1 -1 -1 356934 0 15 18 16 13 2 5 2 5
0 0 0 7 1 1 1 1 4 2 2 2 3 3 5 4 1 1 1 357700 0 15 18 16 13 2 4 2 5
0 0 0 0 1 6 1 0 5 6 1 0 5 -1 -1 -1 -1 -1 -1 365432 0 15 40 16 60 2 8 0 3
0 0 0 0 1 6 1 0 5 6 1 0 5 -1 -1 -1 -1 -1 -1 365598 0 15 40 16 60 2 8 0 3
0 0 0 0 1 6 1 0 5 6 1 0 5 -1 -1 -1 -1 -1 -1 365765 0 15 40 16 60 2 5 2 3
0 0 0 0 1 6 1 0 5 6 1 0 5 -1 -1 -1 -1 -1 -1 365932 0 15 40 16 50.6 2 5 2 3
0 0 0 0 1 6 1 0 5 6 1 0 5 -1 -1 -1 -1 -1 -1 366198 0 15 40 16 25.5333 2 5 2 3
0 0 0 0 1 6 1 0 5 6 1 0 5 -1 -1 -1 -1 -1 -1 366931 0 15 40 16 13 2 5 2 3
0 0 0 0 1 6 1 0 5 6 1 0 5 -1 -1 -1 -1 -1 -1 367631 0 15 40 16 16.25 2 4 2 3
0 0 0 0 1 6 1 0 5 6 1 0 5 -1 -1 -1 -1 -1 -1 368231 0 15 40 16 16.25 2 4 2 3
0 0 0 0 1 1 6 0 5 6 1 0 6 -1 -1 -1 -1 -1 -1 368864 0 15 40 16 16.25 2 4 2 3
0 0 0 0 1 1 6 0 5 6 1 0 6 -1 -1 -1 -1 -1 -1 369564 0 15 40 16 13 2 4 2 3
0 0 0 0 1 1 7 0 5 6 1 0 6 6 5 4 4 1 1 370331 0 15 40 16 13 2 5 2 3
0 0 0 0 1 1 6 0 5 6 1 0 6 -1 -1 -1 -1 -1 -1 371097 0 15 40 16 13 2 5 2 3
0 0 0 0 1 1 6 0 5 6 1 0 6 -1 -1 -1 -1 -1 -1 371864 0 15 40 16 13 2 5 2 3
0 0 0 0 1 1 6 0 5 6 1 0 6 -1 -1 -1 -1 -1 -1 372630 0 15 40 16 13 2 5 2 3
0 0 0 0 1 1 7 0 5 6 1 0 6 6 5 4 4 1 1 373397 0 15 40 16 13 2 5 2 3
0 0 0 0 1 1 6 0 5 6 1 0 6 -1 -1 -1 -1 -1 -1 374063 0 15 40 17 16 2 5 2 3
0 0 0 0 1 1 6 0 5 6 1 0 6 -1 -1 -1 -1 -1 -1 374630 0 15 40 17 20 2 5 2 3
0 0 0 0 1 1 6 0 5 6 1 0 6 -1 -1 -1 -1 -1 -1 375129 0 15 40 17 20 2 5 2 3
0 0 0 0 1 1 7 0 5 6 1 0 6 6 5 4 4 1 1 375629 0 15 40 17 20 2 5 2 3
0 0 0 0 1 1 6 0 5 6 1 0 6 -1 -1 -1 -1 -1 -1 376129 0 15 40 17 18.9333 2 5 2 3
0 0 0 0 1 6 1 0 5 6 1 0 5 -1 -1 -1 -1 -1 -1 376729 0 15 40 17 16 2 5 2 3
0 0 0 0 1 6 1 0 5 6 1 0 5 -1 -1 -1 -1 -1 -1 377362 0 15 40 17 16 2 5 2 3
0 0 0 0 1 7 1 0 5 6 1 0 5 5 5 4 4 1 1 377995 0 15 40 17 16 2 5 2 3
0 0 0 0 1 6 1 0 5 6 1 0 5 -1 -1 -1 -1 -1 -1 378529 0 15 40 18 19 2 5 2 3
0 0 0 0 1 1 6 0 5 6 1 0 6 -1 -1 -1 -1 -1 -1 379062 0 15 40 18 19 2 5 2 3
0 0 0 0 1 1 6 0 5 6 1 0 6 -1 -1 -1 -1 -1 -1 379562 0 15 40 18 19 2 5 2 3
0 0 0 0 1 1 7 0 5 6 1 0 6 6 5 4 4 1 1 380095 0 15 40 18 19 2 6 2 3
0 0 0 0 1 6 1 0 5 6 1 0 5 -1 -1 -1 -1 -1 -1 380628 0 15 40 18 19 2 6 2 3
0 0 0 0 1 1 6 0 5 6 1 0 6 -1 -1 -1 -1 -1 -1 381161 0 15 40 18 19 2 6 2 3
0 0 0 0 1 1 6 0 5 6 1 0 6 -1 -1 -1 -1 -1 -1 381695 0 15 40 18 19 2 6 2 3
0 0 0 1 1 1 7 1 5 6 1 0 6 6 5 4 4 1 1 382194 0 15 40 18 19 2 8 0 5
0 0 0 1 1 1 6 1 5 6 1 1 6 -1 -1 -1 -1 -1 -1 382694 0 15 40 19 21 2 8 0 5
0 0 0 1 1 1 6 1 5 6 1 1 6 -1 -1 -1 -1 -1 -1 383161 0 15 40 19 21 2 8 0 5
0 0 0 1 1 1 6 1 5 6 1 1 6 -1 -1 -1 -1 -1 -1 383627 0 15 40 19 21 2 8 0 5
0 0 0 1 1 1 7 1 5 6 1 1 6 6 5 4 4 1 1 384127 0 15 40 19 21 2 5 2 5
0 0 0 1 1 1 6 1 5 6 1 1 6 -1 -1 -1 -1 -1 -1 384594 0 15 40 19 21 2 5 2 5
0 0 0 1 1 1 1 6 5 6 1 1 7 -1 -1 -1 -1 -1 -1 385060 0 15 40 19 21 2 5 2 5
0 0 0 1 1 1 1 6 5 6 1 1 7 -1 -1 -1 -1 -1 -1 385560 0 15 40 19 21 2 5 2 5
0 0 0 1 1 1 1 7 5 6 1 1 7 7 5 4 4 1 1 386027 0 15 40 19 21 2 4 2 5
0 0 0 1 1 1 1 6 5 6 1 1 7 -1 -1 -1 -1 -1 -1 386493 0 15 40 20 22 2 4 2 5
0 0 0 1 1 1 1 6 5 6 1 1 7 -1 -1 -1 -1 -1 -1 386927 0 15 40 20 22 2 4 2 5
0 0 0 1 1 1 1 6 5 6 1 1 7 -1 -1 -1 -1 -1 -1 387393 0 15 40 20 22 2 4 2 5
0 0 0 1 1 1 1 7 5 6 1 1 7 7 5 4 4 1 1 387826 0 15 40 20 22 2 5 2 5
0 0 0 1 1 1 1 6 5 6 1 1 7 -1 -1 -1 -1 -1 -1 388293 0 15 40 20 22 2 5 2 5
0 0 0 1 1 1 6 1 5 6 1 1 6 -1 -1 -1 -1 -1 -1 388759 0 15 40 20 22 2 5 2 5
0 0 0 1 1 1 6 1 5 6 1 1 6 -1 -1 -1 -1 -1 -1 389193 0 15 40 20 22 2 5 2 5
0 0 0 1 1 1 7 1 5 6 1 1 6 6 5 4 4 1 1 389659 0 15 40 20 22 2 5 2 5
0 0 0 1 1 1 6 1 5 6 1 1 6 -1 -1 -1 -1 -1 -1 390093 0 15 40 21 23 2 5 2 5
0 0 0 1 1 1 6 1 5 6 1 1 6 -1 -1 -1 -1 -1 -1 390526 0 15 40 21 23 2 5 2 5
0 0 0 1 1 1 6 1 5 6 1 1 6 -1 -1 -1 -1 -1 -1 390959 0 15 40 21 23 2 5 2 5
0 0 0 1 1 1 7 1 5 6 1 1 6 6 5 4 4 1 1 391392 0 15 40 21 23 2 5 2 5
0 0 0 1 1 1 6 1 5 6 1 1 6 -1 -1 -1 -1 -1 -1 391792 0 15 40 21 28.75 2 5 2 5
0 0 0 1 1 1 6 1 5 6 1 1 6 -1 -1 -1 -1 -1 -1 392125 0 15 40 21 28.75 2 5 2 5
0 0 0 1 1 1 6 1 5 6 1 1 6 -1 -1 -1 -1 -1 -1 392492 0 15 40 21 28.75 2 5 2 5
0 0 0 1 1 1 7 1 5 6 1 1 6 6 5 4 4 1 1 392825 0 15 40 21 28.75 2 5 2 5
0 0 0 1 1 1 6 1 5 6 1 1 6 -1 -1 -1 -1 -1 -1 393158 0 15 40 22 29.2 2 5 2 5
0 0 0 1 1 6 1 1 5 6 1 1 5 -1 -1 -1 -1 -1 -1 393525 0 15 40 22 24.8 2 5 2 5
0 0 0 1 6 1 1 1 5 6 1 1 4 -1 -1 -1 -1 -1 -1 393958 0 15 40 22 24 2 5 2 5
0 0 0 1 7 1 1 1 5 6 1 1 4 4 5 4 4 1 1 394358 0 15 40 22 24 2 6 2 5
0 0 0 1 1 6 1 1 5 6 1 1 5 -1 -1 -1 -1 -1 -1 394791 0 15 40 22 24 2 6 2 5
0 0 0 1 1 1 6 1 5 6 1 1 6 -1 -1 -1 -1 -1 -1 395191 0 15 40 22 24 2 6 2 5
0 0 0 1 1 1 6 1 5 6 1 1 6 -1 -1 -1 -1 -1 -1 395624 0 15 40 22 24 2 6 2 5
0 0 0 1 1 1 7 1 5 6 1 1 6 6 5 4 4 1 1 396024 0 15 40 22 24 2 8 0 5
0 0 0 1 1 1 6 1 5 6 1 2 6 -1 -1 -1 -1 -1 -1 396424 0 15 40 23 31.25 2 8 0 5
0 0 0 1 1 1 6 1 5 6 1 2 6 -1 -1 -1 -1 -1 -1 396724 0 15 40 23 31.25 2 8 0 5
0 0 0 1 1 1 6 1 5 6 1 2 6 -1 -1 -1 -1 -1 -1 397057 0 15 40 23 31.25 2 8 0 5
0 0 0 1 1 1 7 1 5 6 1 2 6 6 5 4 4 1 1 397357 0 15 40 23 31.25 2 5 2 5
0 0 0 1 1 6 1 1 5 6 1 2 5 -1 -1 -1 -1 -1 -1 397691 0 15 40 23 31.25 2 5 2 5
0 0 0 1 1 6 4 1 5 6 1 2 5 -1 -1 -1 -1 -1 -1 398024 1 15 40 23 28.75 2 5 2 5
0 0 0 1 1 1 6 1 5 6 1 2 6 -1 -1 -1 -1 -1 -1 398390 0 15 40 23 25 2 5 2 5
0 0 0 1 1 1 8 2 5 6 1 2 6 7 5 4 4 1 0 398790 0 15 40 23 31.25 2 4 2 5
0 0 0 1 1 1 6 1 5 6 1 2 6 -1 -1 -1 -1 -1 -1 399090 0 15 40 22 30 2 4 2 5
0 0 0 4 1 1 6 1 5 6 1 2 6 -1 -1 -1 -1 -1 -1 399424 1 15 40 22 30 2 4 2 5
0 0 0 1 1 6 1 1 5 6 1 2 5 -1 -1 -1 -1 -1 -1 399757 0 15 40 22 30 2 4 2 5
0 0 0 1 1 7 1 1 5 6 1 2 5 5 5 4 4 1 1 400090 0 15 40 22 30 2 5 2 5
0 0 0 1 1 6 1 1 5 6 1 2 5 -1 -1 -1 -1 -1 -1 400457 0 15 40 22 27.2 2 5 2 5
0 0 0 1 6 1 1 4 5 6 1 2 4 -1 -1 -1 -1 -1 -1 400857 1 15 40 22 24 2 5 2 5
0 0 0 6 1 1 1 1 5 6 1 2 3 -1 -1 -1 -1 -1 -1 401256 0 15 40 22 24 2 5 2 5
0 0 0 7 1 1 1 1 5 6 1 2 3 3 5 4 4 1 1 401690 0 15 40 22 24 2 5 2 5
0 0 0 6 1 1 1 1 5 6 1 2 3 -1 -1 -1 -1 -1 -1 402090 0 15 40 23 25 2 5 2 5
0 0 0 6 4 1 1 1 5 6 1 2 3 -1 -1 -1 -1 -1 -1 402489 1 15 40 23 25 2 5 2 5
0 0 0 6 1 1 1 1 5 6 1 2 3 -1 -1 -1 -1 -1 -1 402889 0 15 40 23 25 2 5 2 5
0 0 0 7 1 1 1 1 5 6 1 2 3 3 5 4 4 1 1 403256 0 15 40 23 31.25 2 5 2 5
0 0 0 6 1 1 1 1 5 6 1 2 3 -1 -1 -1 -1 -1 -1 403556 0 15 40 23 31.25 2 5 2 5
0 0 0 6 1 1 1 4 5 6 1 2 3 -1 -1 -1 -1 -1 -1 403889 1 15 40 23 31.25 2 5 2 5
0 0 0 6 1 1 1 1 5 6 1 2 3 -1 -1 -1 -1 -1 -1 404189 0 15 40 23 31.25 2 5 2 5
0 0 0 7 1 1 1 1 5 6 1 2 3 3 5 4 4 1 1 404522 0 15 40 23 31.25 2 5 2 5
0 0 0 6 1 1 1 1 5 6 1 2 3 -1 -1 -1 -1 -1 -1 404856 0 15 40 24 28.9 2 5 2 5
0 0 0 1 6 1 1 4 5 6 1 2 4 -1 -1 -1 -1 -1 -1 405222 1 15 40 24 25.5 2 5 2 5
0 0 0 1 1 6 1 1 5 6 1 2 5 -1 -1 -1 -1 -1 -1 405622 0 15 40 24 25.5 2 5 2 5
0 0 0 1 1 7 1 1 5 6 1 2 5 5 5 4 4 1 1 406022 0 15 40 24 25.5 2 6 2 5
0 0 0 1 6 1 1 1 5 6 1 2 4 -1 -1 -1 -1 -1 -1 406389 0 15 40 24 25.5 2 6 2 5
0 0 0 1 6 4 1 1 5 6 1 2 4 -1 -1 -1 -1 -1 -1 406788 1 15 40 24 25.5 2 6 2 5
0 0 0 1 6 1 1 1 5 6 1 2 4 -1 -1 -1 -1 -1 -1 407188 0 15 40 24 25.5 2 6 2 5
0 0 0 1 1 7 1 1 5 6 1 2 5 5 5 4 4 1 1 407588 0 15 40 24 25.5 2 8 0 5
0 0 0 1 1 1 6 1 5 6 1 2 6 -1 -1 -1 -1 -1 -1 407955 0 15 40 25 26 2 8 0 5
0 0 0 1 1 4 6 1 5 6 1 2 6 -1 -1 -1 -1 -1 -1 408355 1 15 40 25 26 2 8 0 5
0 0 0 1 1 6 1 1 5 6 1 2 5 -1 -1 -1 -1 -1 -1 408721 0 15 40 25 26 2 8 0 5
0 0 0 1 1 7 1 1 5 6 1 2 5 5 5 4 4 1 1 409121 0 15 40 25 26 2 5 2 5
0 0 0 1 1 6 1 1 5 6 1 2 5 -1 -1 -1 -1 -1 -1 409488 0 15 40 25 26 2 5 2 5
0 0 0 1 6 1 1 4 5 6 1 2 4 -1 -1 -1 -1 -1 -1 409888 1 15 40 25 26 2 5 2 5
0 0 0 6 1 1 1 1 5 6 1 2 3 -1 -1 -1 -1 -1 -1 410254 0 15 40 25 26 2 5 2 5
0 0 0 7 1 1 1 1 5 6 1 2 3 3 5 4 4 1 1 410654 0 15 40 25 26 2 4 2 5
0 0 0 6 1 1 1 1 5 6 1 2 3 -1 -1 -1 -1 -1 -1 411021 0 15 40 26 26.5 2 4 2 5
0 0 0 1 6 1 1 4 5 6 1 2 4 -1 -1 -1 -1 -1 -1 411421 1 15 40 26 26.5 2 4 2 5
0 0 0 1 1 6 1 1 5 6 1 2 5 -1 -1 -1 -1 -1 -1 411787 0 15 40 26 26.5 2 4 2 5
0 0 0 1 1 7 1 1 5 6 1 2 5 5 5 4 4 1 1 412154 0 15 40 26 26.5 2 5 2 5
0 0 0 0 1 6 1 0 6 2 2 0 5 -1 -1 -1 -1 -1 -1 419185 0 15 18 16 60 2 8 0 3
0 0 0 0 1 6 1 0 6 2 2 0 5 -1 -1 -1 -1 -1 -1 419352 0 15 18 16 60 2 8 0 3
0 0 0 0 1 6 1 0 6 2 2 0 5 -1 -1 -1 -1 -1 -1 419519 0 15 18 16 60 2 4 2 3
0 0 0 0 1 6 1 0 6 2 2 0 5 -1 -1 -1 -1 -1 -1 419685 0 15 18 16 51.25 2 4 2 3
0 0 0 0 1 6 1 0 6 2 2 0 5 -1 -1 -1 -1 -1 -1 419952 0 15 18 16 27.9166 2 4 2 3
0 0 0 0 1 6 1 0 6 2 2 0 5 -1 -1 -1 -1 -1 -1 420518 0 15 18 16 16.0333 2 4 2 3
0 0 0 0 1 6 1 0 6 2 2 0 5 -1 -1 -1 -1 -1 -1 421218 0 15 18 16 13 2 5 2 3
0 0 0 0 1 6 1 0 6 2 2 0 5 -1 -1 -1 -1 -1 -1 421985 0 15 18 16 13 2 5 2 3
0 0 0 0 1 6 1 0 6 2 2 0 5 -1 -1 -1 -1 -1 -1 422751 0 15 18 16 13 2 5 2 3
0 0 0 0 1 6 1 0 6 2 2 0 5 -1 -1 -1 -1 -1 -1 423518 0 15 18 16 13 2 5 2 3
0 0 0 0 3 6 1 0 6 2 2 0 5 4 5 4 0 0 0 424284 0 15 18 16 13 2 5 2 3
0 0 0 0 1 6 1 0 6 2 2 0 5 -1 -1 -1 -1 -1 -1 425084 0 15 18 16 13 2 5 2 3
0 0 0 0 1 6 1 0 6 2 2 0 5 -1 -1 -1 -1 -1 -1 425850 0 15 18 16 13 2 5 2 3
0 0 0 0 1 6 1 0 6 2 2 0 5 -1 -1 -1 -1 -1 -1 426617 0 15 18 16 13 2 5 2 3
0 0 0 0 6 3 1 0 6 2 2 0 4 5 5 4 3 0 0 427383 0 15 18 16 13 2 5 2 3
0 0 0 0 6 1 1 0 6 2 2 0 4 -1 -1 -1 -1 -1 -1 428150 0 15 18 16 13 2 5 2 3
0 0 0 0 1 1 6 0 6 2 2 0 6 -1 -1 -1 -1 -1 -1 428916 0 15 18 16 13 2 5 2 3
0 0 0 0 1 1 6 0 6 2 2 0 6 -1 -1 -1 -1 -1 -1 429683 0 15 18 16 13 2 5 2 3
0 0 0 0 1 1 7 0 6 2 2 0 6 6 5 4 0 1 1 430449 0 15 18 16 13 2 4 2 3
0 0 0 0 1 6 1 0 6 2 2 0 5 -1 -1 -1 -1 -1 -1 431216 0 15 18 16 13 2 4 2 3
0 0 0 0 1 6 1 0 6 2 2 0 5 -1 -1 -1 -1 -1 -1 431882 0 15 18 16 16.25 2 4 2 3
0 0 0 0 6 1 1 0 6 2 2 0 4 -1 -1 -1 -1 -1 -1 432515 0 15 18 16 16.25 2 4 2 3
0 0 0 0 6 1 3 0 6 2 2 0 4 6 5 4 1 0 0 433115 0 15 18 16 15.8167 2 4 2 3
0 0 0 0 1 6 1 0 6 2 2 0 5 -1 -1 -1 -1 -1 -1 433848 0 15 18 16 13 2 4 2 3
0 0 0 0 1 6 1 0 6 2 2 0 5 -1 -1 -1 -1 -1 -1 434615 0 15 18 16 13 2 4 2 3
0 0 0 0 1 6 1 0 6 2 2 0 5 -1 -1 -1 -1 -1 -1 435381 0 15 18 16 13 2 4 2 3
0 0 0 0 3 1 6 0 6 2 2 0 6 4 5 4 3 0 0 436148 0 15 18 16 13 2 6 2 3
0 0 0 0 1 6 1 0 6 2 2 0 5 -1 -1 -1 -1 -1 -1 436914 0 15 18 16 13 2 6 2 3
0 0 0 0 1 6 1 0 6 2 2 0 5 -1 -1 -1 -1 -1 -1 437714 0 15 18 16 13 2 6 2 3
0 0 0 0 1 6 1 0 6 2 2 0 5 -1 -1 -1 -1 -1 -1 438481 0 15 18 16 13 2 6 2 3
0 0 0 0 1 6 3 0 6 2 2 0 5 6 5 4 2 0 0 439247 0 15 18 16 13 2 8 0 3
0 0 0 0 1 6 1 0 6 2 2 0 5 -1 -1 -1 -1 -1 -1 440014 0 15 18 16 13 2 8 0 3
0 0 0 0 1 6 1 0 6 2 2 0 5 -1 -1 -1 -1 -1 -1 440780 0 15 18 16 13 2 8 0 3
0 0 0 0 1 6 1 0 6 2 2 0 5 -1 -1 -1 -1 -1 -1 441547 0 15 18 16 13 2 8 0 3
0 0 0 0 3 6 1 0 6 2 2 0 5 4 5 4 0 0 0 442313 0 15 18 16 13 2 4 2 3
0 0 0 0 1 6 1 0 6 2 2 0 5 -1 -1 -1 -1 -1 -1 443080 0 15 18 16 13 2 4 2 3
0 0 0 0 1 6 1 0 6 2 2 0 5 -1 -1 -1 -1 -1 -1 443846 0 15 18 16 13 2 4 2 3
0 0 0 0 1 6 1 0 6 2 2 0 5 -1 -1 -1 -1 -1 -1 444579 0 15 18 16 16.25 2 4 2 3
0 0 0 0 1 6 3 0 6 2 2 0 5 6 5 4 1 0 0 445179 0 15 18 16 16.25 2 5 2 3
0 0 0 0 1 6 1 0 6 2 2 0 5 -1 -1 -1 -1 -1 -1 445812 0 15 18 16 16.25 2 5 2 3
0 0 0 0 1 1 6 0 6 2 2 0 6 -1 -1 -1 -1 -1 -1 446479 0 15 18 16 13 2 5 2 3
0 0 0 0 1 1 6 0 6 2 2 0 6 -1 -1 -1 -1 -1 -1 447245 0 15 18 16 13 2 5 2 3
0 0 0 0 1 1 7 0 6 2 2 0 6 6 5 4 0 1 1 448012 0 15 18 16 13 2 5 2 3
0 0 0 0 1 1 6 0 6 2 2 0 6 -1 -1 -1 -1 -1 -1 448678 0 15 18 17 16 2 5 2 3
0 0 0 0 1 6 1 0 6 2 2 0 5 -1 -1 -1 -1 -1 -1 449278 0 15 18 17 16 2 5 2 3
0 0 0 0 6 1 1 0 6 2 2 0 4 -1 -1 -1 -1 -1 -1 449911 0 15 18 17 16 2 5 2 3
0 0 0 0 6 3 1 0 6 2 2 0 4 5 5 4 2 0 0 450544 0 15 18 17 16 2 5 2 3
0 0 0 0 1 6 1 0 6 2 2 0 5 -1 -1 -1 -1 -1 -1 451178 0 15 18 17 16 2 5 2 3
0 0 0 0 1 6 1 0 6 2 2 0 5 -1 -1 -1 -1 -1 -1 451777 0 15 18 17 16 2 5 2 3
0 0 0 0 1 6 1 0 6 2 2 0 5 -1 -1 -1 -1 -1 -1 452411 0 15 18 17 16 2 5 2 3
0 0 0 0 1 8 2 0 6 2 2 0 5 6 5 4 0 1 0 453044 0 15 18 17 16 2 4 2 3
0 0 0 0 1 6 1 0 6 2 2 0 5 -1 -1 -1 -1 -1 -1 453777 0 15 18 16 13 2 4 2 3
0 0 0 0 1 6 1 0 6 2 2 0 5 -1 -1 -1 -1 -1 -1 454543 0 15 18 16 13 2 4 2 3
0 0 0 0 1 1 6 0 6 2 2 0 6 -1 -1 -1 -1 -1 -1 455310 0 15 18 16 13 2 4 2 3
0 0 0 0 1 3 6 0 6 2 2 0 6 5 5 4 3 0 0 456110 0 15 18 16 13 2 4 2 3
0 0 0 0 1 6 1 0 6 2 2 0 5 -1 -1 -1 -1 -1 -1 456876 0 15 18 16 13 2 4 2 3
0 0 0 0 6 1 1 0 6 2 2 0 4 -1 -1 -1 -1 -1 -1 457643 0 15 18 16 13 2 4 2 3
0 0 0 0 6 1 1 0 6 2 2 0 4 -1 -1 -1 -1 -1 -1 458409 0 15 18 16 13 2 4 2 3
0 0 0 0 6 3 1 0 6 2 2 0 4 5 5 4 1 0 0 459176 0 15 18 16 13 2 6 2 3
0 0 0 0 1 6 1 0 6 2 2 0 5 -1 -1 -1 -1 -1 -1 459942 0 15 18 16 13 2 6 2 3
0 0 0 0 1 6 1 0 6 2 2 0 5 -1 -1 -1 -1 -1 -1 460709 0 15 18 16 13 2 6 2 3
0 0 0 0 1 6 1 0 6 2 2 0 5 -1 -1 -1 -1 -1 -1 461342 0 15 18 16 16.25 2 6 2 3
0 0 0 0 1 8 2 0 6 2 2 0 5 6 5 4 3 1 0 461975 0 15 18 16 16.25 2 8 0 3
0 0 0 0 1 6 1 0 6 2 2 0 5 -1 -1 -1 -1 -1 -1 462775 0 15 18 15 10.3333 2 8 0 3
0 0 0 0 1 6 1 0 6 2 2 0 5 -1 -1 -1 -1 -1 -1 463775 0 15 18 15 10 2 8 0 3
0 0 0 0 6 1 1 0 6 2 2 0 4 -1 -1 -1 -1 -1 -1 464774 0 15 18 15 10 2 8 0 3
0 0 0 0 6 3 1 0 6 2 2 0 4 5 5 4 0 0 0 465741 0 15 18 15 12.5 2 4 2 3
0 0 0 0 6 1 1 0 6 2 2 0 4 -1 -1 -1 -1 -1 -1 466541 0 15 18 15 12.5 2 4 2 3
0 0 0 0 1 6 1 0 6 2 2 0 5 -1 -1 -1 -1 -1 -1 467340 0 15 18 15 11.8333 2 4 2 3
0 0 0 0 1 6 1 0 6 2 2 0 5 -1 -1 -1 -1 -1 -1 468340 0 15 18 15 10 2 4 2 3
0 0 0 0 3 6 1 0 6 2 2 0 5 4 5 4 2 0 0 469173 0 15 18 15 12.5 2 5 2 3
0 0 0 0 1 6 1 0 6 2 2 0 5 -1 -1 -1 -1 -1 -1 469973 0 15 18 15 12.5 2 5 2 3
0 0 0 0 1 6 1 0 6 2 2 0 5 -1 -1 -1 -1 -1 -1 470839 0 15 18 15 12.5 2 5 2 3
0 0 0 0 1 6 1 0 6 2 2 0 5 -1 -1 -1 -1 -1 -1 471639 0 15 18 15 12.5 2 5 2 3
0 0 0 0 1 6 3 0 6 2 2 0 5 6 5 4 1 0 0 472439 0 15 18 15 11.1667 2 5 2 3
0 0 0 0 1 6 1 0 6 2 2 0 5 -1 -1 -1 -1 -1 -1 473306 0 15 18 15 12.5 2 5 2 3
0 0 0 0 1 6 1 0 6 2 2 0 5 -1 -1 -1 -1 -1 -1 474105 0 15 18 15 12.5 2 5 2 3
0 0 0 0 1 6 1 0 6 2 2 0 5 -1 -1 -1 -1 -1 -1 475005 0 15 18 15 10 2 5 2 3
0 0 0 0 1 6 3 0 6 2 2 0 5 6 5 4 3 0 0 476005 0 15 18 15 10 2 5 2 3
0 0 0 0 1 6 1 0 6 2 2 0 5 -1 -1 -1 -1 -1 -1 477005 0 15 18 15 10 2 5 2 3
0 0 0 0 1 6 1 0 6 2 2 0 5 -1 -1 -1 -1 -1 -1 478004 0 15 18 15 10 2 5 2 3
0 0 0 0 1 1 6 0 6 2 2 0 6 -1 -1 -1 -1 -1 -1 479004 0 15 18 15 10 2 5 2 3
0 0 0 0 1 1 8 0 6 2 2 0 6 6 5 4 2 0 1 480004 0 15 18 15 10 2 4 2 3
0 0 0 0 1 1 6 0 6 2 2 0 6 -1 -1 -1 -1 -1 -1 481004 0 15 18 15 10 2 4 2 3
0 0 0 0 1 6 1 0 6 2 2 0 5 -1 -1 -1 -1 -1 -1 482003 0 15 18 15 10 2 4 2 3
0 0 0 0 1 6 1 0 6 2 2 0 5 -1 -1 -1 -1 -1 -1 483003 0 15 18 15 10 2 4 2 3
0 0 0 0 1 7 1 0 6 2 2 0 5 5 5 4 3 1 1 484003 0 15 18 15 10 2 4 2 3
0 0 0 0 1 6 1 0 6 2 2 0 5 -1 -1 -1 -1 -1 -1 485003 0 15 18 15 10 2 4 2 3
0 0 0 0 1 6 1 0 6 2 2 0 5 -1 -1 -1 -1 -1 -1 486002 0 15 18 15 10 2 4 2 3
0 0 0 0 1 6 1 0 6 2 2 0 5 -1 -1 -1 -1 -1 -1 487002 0 15 18 15 10 2 4 2 3
0 0 0 0 3 6 1 0 6 2 2 0 5 4 5 4 1 0 0 488002 0 15 18 15 10 2 6 2 3
0 0 0 0 1 6 1 0 6 2 2 0 5 -1 -1 -1 -1 -1 -1 488868 0 15 18 15 12.5 2 6 2 3
0 0 0 0 1 6 1 0 6 2 2 0 5 -1 -1 -1 -1 -1 -1 489668 0 15 18 15 12.5 2 6 2 3
0 0 0 0 1 6 1 0 6 2 2 0 5 -1 -1 -1 -1 -1 -1 490535 0 15 18 15 10 2 6 2 3
0 0 0 0 1 8 2 0 6 2 2 0 5 6 5 4 3 1 0 491534 0 15 18 15 10 2 8 0 3
0 0 0 0 1 6 1 0 6 2 2 0 5 -1 -1 -1 -1 -1 -1 492534 0 15 18 15 10 2 8 0 3
0 0 0 0 1 6 1 0 6 2 2 0 5 -1 -1 -1 -1 -1 -1 493534 0 15 18 15 10 2 8 0 3
0 0 0 0 1 6 1 0 6 2 2 0 5 -1 -1 -1 -1 -1 -1 494534 0 15 18 15 10 2 8 0 3
0 0 0 0 3 6 1 0 6 2 2 0 5 4 5 4 0 0 0 495533 0 15 18 15 10 2 4 2 3
0 0 0 0 1 6 1 0 6 2 2 0 5 -1 -1 -1 -1 -1 -1 496533 0 15 18 15 10 2 4 2 3
0 0 0 0 6 1 1 0 6 2 2 0 4 -1 -1 -1 -1 -1 -1 497533 0 15 18 15 10 2 4 2 3
0 0 0 0 6 1 1 0 6 2 2 0 4 -1 -1 -1 -1 -1 -1 498533 0 15 18 15 10 2 4 2 3
0 0 0 0 8 1 1 0 6 2 2 0 4 4 5 4 1 0 1 499532 0 15 18 15 10 2 5 2 3
0 0 0 0 6 1 1 0 6 2 2 0 4 -1 -1 -1 -1 -1 -1 500532 0 15 18 15 10 2 5 2 3
0 0 0 0 1 1 6 0 6 2 2 0 6 -1 -1 -1 -1 -1 -1 501532 0 15 18 15 10 2 5 2 3
0 0 0 0 1 1 6 0 6 2 2 0 6 -1 -1 -1 -1 -1 -1 502532 0 15 18 15 10 2 5 2 3
0 0 0 0 1 1 7 0 6 2 2 0 6 6 5 4 0 1 1 503531 0 15 18 15 10 2 5 2 3
0 0 0 0 1 1 6 0 6 2 2 0 6 -1 -1 -1 -1 -1 -1 504531 0 15 18 15 10 2 5 2 3
0 0 0 0 1 1 6 0 6 2 2 0 6 -1 -1 -1 -1 -1 -1 505531 0 15 18 15 10 2 5 2 3
0 0 0 0 1 6 1 0 6 2 2 0 5 -1 -1 -1 -1 -1 -1 506531 0 15 18 15 10 2 5 2 3
0 0 0 0 1 6 3 0 6 2 2 0 5 6 5 4 2 0 0 507530 0 15 18 15 10 2 5 2 3
0 0 0 0 1 6 1 0 6 2 2 0 5 -1 -1 -1 -1 -1 -1 508530 0 15 18 15 10 2 5 2 3
0 0 0 0 1 6 1 0 6 2 2 0 5 -1 -1 -1 -1 -1 -1 509397 0 15 18 15 12.5 2 5 2 3
0 0 0 0 1 6 1 0 6 2 2 0 5 -1 -1 -1 -1 -1 -1 510197 0 15 18 15 12.5 2 5 2 3
0 0 0 0 3 6 1 0 6 2 2 0 5 4 5 4 1 0 0 511096 0 15 18 15 10 2 4 2 3
0 0 0 0 1 6 1 0 6 2 2 0 5 -1 -1 -1 -1 -1 -1 512096 0 15 18 15 10 2 4 2 3
0 0 0 0 6 1 1 0 6 2 2 0 4 -1 -1 -1 -1 -1 -1 513096 0 15 18 15 10 2 4 2 3
0 0 0 0 6 1 1 0 6 2 2 0 4 -1 -1 -1 -1 -1 -1 514096 0 15 18 15 10 2 4 2 3
0 0 0 0 7 1 1 0 6 2 2 0 4 4 5 4 2 1 1 515095 0 15 18 15 10 2 4 2 3
0 0 0 0 6 1 1 0 6 2 2 0 4 -1 -1 -1 -1 -1 -1 515895 0 15 18 16 13 2 4 2 3
0 0 0 0 6 1 1 0 6 2 2 0 4 -1 -1 -1 -1 -1 -1 516662 0 15 18 16 13 2 4 2 3
0 0 0 0 1 6 1 0 6 2 2 0 5 -1 -1 -1 -1 -1 -1 517428 0 15 18 16 13 2 4 2 3
0 0 0 0 1 1 8 0 6 2 2 0 6 6 5 4 0 0 1 518195 0 15 18 16 16.25 2 6 2 3
0 0 0 0 1 1 6 0 6 2 2 0 6 -1 -1 -1 -1 -1 -1 518961 0 15 18 15 12.5 2 6 2 3
0 0 0 0 1 1 6 0 6 2 2 0 6 -1 -1 -1 -1 -1 -1 519761 0 15 18 15 12.1667 2 6 2 3
0 0 0 0 6 1 1 0 6 2 2 0 4 -1 -1 -1 -1 -1 -1 520727 0 15 18 15 10 2 6 2 3
0 0 0 0 7 1 1 0 6 2 2 0 4 4 5 4 2 1 1 521727 0 15 18 15 10 2 8 0 3
0 0 0 0 1 6 1 0 6 2 2 0 5 -1 -1 -1 -1 -1 -1 522727 0 15 18 15 10 2 8 0 3
0 0 0 0 1 6 1 0 6 2 2 0 5 -1 -1 -1 -1 -1 -1 523727 0 15 18 15 10 2 8 0 3
0 0 0 0 1 6 1 0 6 2 2 0 5 -1 -1 -1 -1 -1 -1 524626 0 15 18 15 12.5 2 8 0 3
0 0 0 0 1 8 2 0 6 2 2 0 5 6 5 4 0 1 0 525426 0 15 18 15 12.5 2 4 2 3
0 0 0 0 1 6 1 0 6 2 2 0 5 -1 -1 -1 -1 -1 -1 526293 0 15 18 15 10 2 4 2 3
0 0 0 0 1 6 1 0 6 2 2 0 5 -1 -1 -1 -1 -1 -1 527292 0 15 18 15 10 2 4 2 3
0 0 0 0 1 6 1 0 6 2 2 0 5 -1 -1 -1 -1 -1 -1 528292 0 15 18 15 10 2 4 2 3
0 0 0 0 1 6 3 0 6 2 2 0 5 6 5 4 3 0 0 529292 0 15 18 15 10 2 5 2 3
0 0 0 0 1 6 1 0 6 2 2 0 5 -1 -1 -1 -1 -1 -1 530292 0 15 18 15 10 2 5 2 3
0 0 0 0 6 1 1 0 6 2 2 0 4 -1 -1 -1 -1 -1 -1 531291 0 15 18 15 10 2 5 2 3
0 0 0 0 6 1 1 0 6 2 2 0 4 -1 -1 -1 -1 -1 -1 532291 0 15 18 15 10 2 5 2 3
0 0 0 0 6 3 1 0 6 2 2 0 4 5 5 4 2 0 0 533291 0 15 18 15 10 2 5 2 3
0 0 0 0 6 1 1 0 6 2 2 0 4 -1 -1 -1 -1 -1 -1 534224 0 15 18 15 12.5 2 5 2 3
0 0 0 0 1 6 1 0 6 2 2 0 5 -1 -1 -1 -1 -1 -1 535024 0 15 18 15 12.5 2 5 2 3
0 0 0 0 1 6 1 0 6 2 2 0 5 -1 -1 -1 -1 -1 -1 535857 0 15 18 15 10.3333 2 5 2 3
0 0 0 0 3 6 1 0 6 2 2 0 5 4 5 4 0 0 0 536857 0 15 18 15 10 2 5 2 3
0 0 0 0 1 6 1 0 6 2 2 0 5 -1 -1 -1 -1 -1 -1 537856 0 15 18 15 10 2 5 2 3
0 0 0 0 1 6 1 0 6 2 2 0 5 -1 -1 -1 -1 -1 -1 538856 0 15 18 15 10 2 5 2 3
0 0 0 0 1 6 1 0 7 2 2 0 5 -1 -1 -1 -1 -1 -1 549387 0 15 18 15 60 2 8 0 3
0 0 0 0 1 6 1 0 7 2 2 0 5 -1 -1 -1 -1 -1 -1 549554 0 15 18 15 60 2 8 0 3
0 0 0 0 1 6 1 0 7 2 2 0 5 -1 -1 -1 -1 -1 -1 549720 0 15 18 15 60 2 4 2 3
0 0 0 0 1 6 1 0 7 2 2 0 5 -1 -1 -1 -1 -1 -1 549887 0 15 18 15 50 2 4 2 3
0 0 0 0 1 6 1 0 7 2 2 0 5 -1 -1 -1 -1 -1 -1 550187 0 15 18 15 20 2 4 2 3
0 0 0 0 1 6 1 0 7 2 2 0 5 -1 -1 -1 -1 -1 -1 551120 0 15 18 15 10 2 4 2 3
0 0 0 0 1 6 1 0 7 2 2 0 5 -1 -1 -1 -1 -1 -1 552120 0 15 18 15 10 2 6 2 3
0 0 0 0 1 6 1 0 7 2 2 0 5 -1 -1 -1 -1 -1 -1 553119 0 15 18 15 10 2 6 2 3
0 0 0 0 1 1 6 0 7 2 2 0 6 -1 -1 -1 -1 -1 -1 554119 0 15 18 15 10 2 6 2 3
0 0 0 0 1 1 6 0 7 2 2 0 6 -1 -1 -1 -1 -1 -1 555119 0 15 18 15 10 2 6 2 3
0 0 0 0 1 3 6 0 7 2 2 0 6 5 5 4 1 0 0 556119 0 15 18 15 10 2 6 2 3
0 0 0 0 1 1 6 0 7 2 2 0 6 -1 -1 -1 -1 -1 -1 557118 0 15 18 15 10 2 6 2 3
0 0 0 0 1 6 1 0 7 2 2 0 5 -1 -1 -1 -1 -1 -1 558118 0 15 18 15 10 2 6 2 3
0 0 0 0 1 6 1 0 7 2 2 0 5 -1 -1 -1 -1 -1 -1 559118 0 15 18 15 10 2 6 2 3
0 0 0 0 1 6 3 0 7 2 2 0 5 6 5 4 3 0 0 560118 0 15 18 15 10 2 6 2 3
0 0 0 0 1 6 1 0 7 2 2 0 5 -1 -1 -1 -1 -1 -1 561117 0 15 18 15 10 2 6 2 3
0 0 0 0 1 6 1 0 7 2 2 0 5 -1 -1 -1 -1 -1 -1 562117 0 15 18 15 10 2 6 2 3
0 0 0 0 1 6 1 0 7 2 2 0 5 -1 -1 -1 -1 -1 -1 563117 0 15 18 15 10 2 6 2 3
0 0 0 0 3 6 1 0 7 2 2 0 5 4 5 4 2 0 0 564117 0 15 18 15 10 2 6 2 3
0 0 0 0 1 6 1 0 7 2 2 0 5 -1 -1 -1 -1 -1 -1 565116 0 15 18 15 10 2 6 2 3
0 0 0 0 1 6 1 0 7 2 2 0 5 -1 -1 -1 -1 -1 -1 566116 0 15 18 15 10 2 6 2 3
0 0 0 0 1 6 1 0 7 2 2 0 5 -1 -1 -1 -1 -1 -1 567116 0 15 18 15 10 2 6 2 3
0 0 0 0 3 6 1 0 7 2 2 0 5 4 5 4 0 0 0 568116 0 15 18 15 10 2 5 2 3
0 0 0 0 1 6 1 0 7 2 2 0 5 -1 -1 -1 -1 -1 -1 569115 0 15 18 15 10 2 5 2 3
0 0 0 0 6 1 1 0 7 2 2 0 4 -1 -1 -1 -1 -1 -1 570115 0 15 18 15 10 2 5 2 3
0 0 0 0 6 1 1 0 7 2 2 0 4 -1 -1 -1 -1 -1 -1 571115 0 15 18 15 10 2 5 2 3
0 0 0 0 7 1 1 0 7 2 2 0 4 4 5 4 2 1 1 572115 0 15 18 15 10 2 5 2 3
0 0 0 0 1 6 1 0 7 2 2 0 5 -1 -1 -1 -1 -1 -1 573115 0 15 18 15 10 2 5 2 3
0 0 0 0 1 6 1 0 7 2 2 0 5 -1 -1 -1 -1 -1 -1 574114 0 15 18 15 10 2 5 2 3
0 0 0 0 1 6 1 0 7 2 2 0 5 -1 -1 -1 -1 -1 -1 575114 0 15 18 15 10 2 5 2 3
0 0 0 0 3 6 1 0 7 2 2 0 5 4 5 4 1 0 0 576114 0 15 18 15 10 2 8 0 3
0 0 0 0 1 6 1 0 7 2 2 0 5 -1 -1 -1 -1 -1 -1 577114 0 15 18 15 10 2 8 0 3
0 0 0 0 1 6 1 0 7 2 2 0 5 -1 -1 -1 -1 -1 -1 578113 0 15 18 15 10 2 8 0 3
0 0 0 0 1 6 1 0 7 2 2 0 5 -1 -1 -1 -1 -1 -1 579113 0 15 18 15 10 2 8 0 3
0 0 0 0 1 7 1 0 7 2 2 0 5 5 5 4 2 1 1 580113 0 15 18 15 10 2 4 2 3
0 0 0 0 1 6 1 0 7 2 2 0 5 -1 -1 -1 -1 -1 -1 580913 0 15 18 16 13 2 4 2 3
0 0 0 0 1 1 6 0 7 2 2 0 6 -1 -1 -1 -1 -1 -1 581679 0 15 18 16 13 2 4 2 3
0 0 0 0 1 1 6 0 7 2 2 0 6 -1 -1 -1 -1 -1 -1 582446 0 15 18 16 13 2 4 2 3
0 0 0 0 1 1 8 0 7 2 2 0 6 6 5 4 0 0 1 583245 0 15 18 16 13 2 6 2 3
0 0 0 0 1 6 1 0 7 2 2 0 5 -1 -1 -1 -1 -1 -1 584178 0 15 18 15 10 2 6 2 3
0 0 0 0 6 1 1 0 7 2 2 0 4 -1 -1 -1 -1 -1 -1 585178 0 15 18 15 10 2 6 2 3
0 0 0 0 1 6 1 0 7 2 2 0 5 -1 -1 -1 -1 -1 -1 586178 0 15 18 15 10 2 6 2 3
0 0 0 0 3 6 1 0 7 2 2 0 5 4 5 4 3 0 0 587178 0 15 18 15 10 2 6 2 3
0 0 0 0 1 6 1 0 7 2 2 0 5 -1 -1 -1 -1 -1 -1 588178 0 15 18 15 10 2 6 2 3
0 0 0 0 6 1 1 0 7 2 2 0 4 -1 -1 -1 -1 -1 -1 589177 0 15 18 15 10 2 6 2 3
0 0 0 0 6 1 1 0 7 2 2 0 4 -1 -1 -1 -1 -1 -1 590110 0 15 18 15 12.5 2 6 2 3
0 0 0 0 8 1 1 0 7 2 2 0 4 4 5 4 2 0 1 590910 0 15 18 15 12.5 2 6 2 3
0 0 0 0 1 6 1 0 7 2 2 0 5 -1 -1 -1 -1 -1 -1 591743 0 15 18 15 10 2 6 2 3
0 0 0 0 1 6 1 0 7 2 2 0 5 -1 -1 -1 -1 -1 -1 592743 0 15 18 15 10 2 6 2 3
0 0 0 0 1 6 1 0 7 2 2 0 5 -1 -1 -1 -1 -1 -1 593743 0 15 18 15 10 2 6 2 3
0 0 0 0 1 7 1 0 7 2 2 0 5 5 5 4 3 1 1 594743 0 15 18 15 10 2 6 2 3
0 0 0 0 1 6 1 0 7 2 2 0 5 -1 -1 -1 -1 -1 -1 595742 0 15 18 15 12.5 2 6 2 3
0 0 0 0 6 1 1 0 7 2 2 0 4 -1 -1 -1 -1 -1 -1 596542 0 15 18 15 12.5 2 6 2 3
0 0 0 0 1 1 6 0 7 2 2 0 6 -1 -1 -1 -1 -1 -1 597342 0 15 18 15 11.8333 2 6 2 3
0 0 0 0 1 1 7 0 7 2 2 0 6 6 5 4 2 1 1 598308 0 15 18 15 10 2 5 2 3
0 0 0 0 1 6 1 0 7 2 2 0 5 -1 -1 -1 -1 -1 -1 599108 0 15 18 16 13 2 5 2 3
0 0 0 0 1 1 6 0 7 2 2 0 6 -1 -1 -1 -1 -1 -1 599875 0 15 18 16 13 2 5 2 3
0 0 0 0 1 1 6 0 7 2 2 0 6 -1 -1 -1 -1 -1 -1 600641 0 15 18 16 13 2 5 2 3
0 0 0 0 1 3 6 0 7 2 2 0 6 5 5 4 1 0 0 601408 0 15 18 16 13 2 5 2 3
0 0 0 0 1 1 6 0 7 2 2 0 6 -1 -1 -1 -1 -1 -1 602174 0 15 18 16 13 2 5 2 3
0 0 0 0 1 6 1 0 7 2 2 0 5 -1 -1 -1 -1 -1 -1 602941 0 15 18 16 13 2 5 2 3
0 0 0 0 1 6 1 0 7 2 2 0 5 -1 -1 -1 -1 -1 -1 603707 0 15 18 16 13 2 5 2 3
0 0 0 0 1 7 1 0 7 2 2 0 5 5 5 4 2 1 1 604474 0 15 18 16 13 2 8 0 3
0 0 0 0 1 6 1 0 7 2 2 0 5 -1 -1 -1 -1 -1 -1 605273 0 15 18 16 13 2 8 0 3
0 0 0 0 1 6 1 0 7 2 2 0 5 -1 -1 -1 -1 -1 -1 606040 0 15 18 16 13 2 8 0 3
0 0 0 0 6 1 1 0 7 2 2 0 4 -1 -1 -1 -1 -1 -1 606706 0 15 18 16 16.25 2 8 0 3
0 0 0 0 6 3 1 0 7 2 2 0 4 5 5 4 3 0 0 607306 0 15 18 16 16.25 2 4 2 3
0 0 0 0 1 6 1 0 7 2 2 0 5 -1 -1 -1 -1 -1 -1 607939 0 15 18 16 15.6 2 4 2 3
0 0 0 0 1 6 1 0 7 2 2 0 5 -1 -1 -1 -1 -1 -1 608673 0 15 18 16 13 2 4 2 3
0 0 0 0 1 6 1 0 7 2 2 0 5 -1 -1 -1 -1 -1 -1 609439 0 15 18 16 13 2 4 2 3
0 0 0 0 1 6 3 0 7 2 2 0 5 6 5 4 1 0 0 610205 0 15 18 16 13 2 6 2 3
0 0 0 0 1 6 1 0 7 2 2 0 5 -1 -1 -1 -1 -1 -1 610972 0 15 18 16 13 2 6 2 3
0 0 0 0 6 1 1 0 7 2 2 0 4 -1 -1 -1 -1 -1 -1 611738 0 15 18 16 13 2 6 2 3
0 0 0 0 6 1 1 0 7 2 2 0 4 -1 -1 -1 -1 -1 -1 612505 0 15 18 16 13 2 6 2 3
0 0 0 0 7 1 1 0 7 2 2 0 4 4 5 4 3 1 1 613271 0 15 18 16 13 2 6 2 3
0 0 0 0 1 6 1 0 7 2 2 0 5 -1 -1 -1 -1 -1 -1 613905 0 15 18 17 16 2 6 2 3
0 0 0 0 1 6 1 0 7 2 2 0 5 -1 -1 -1 -1 -1 -1 614538 0 15 18 17 16 2 6 2 3
0 0 0 0 1 6 1 0 7 2 2 0 5 -1 -1 -1 -1 -1 -1 615171 0 15 18 17 16 2 6 2 3
0 0 0 0 1 1 7 0 7 2 2 0 6 6 5 4 1 1 1 615804 0 15 18 17 16 2 6 2 3
0 0 0 0 1 6 1 0 7 2 2 0 5 -1 -1 -1 -1 -1 -1 549387 0 15 18 15 60 2 8 0 3
0 0 0 0 1 6 1 0 7 2 2 0 5 -1 -1 -1 -1 -1 -1 549554 0 15 18 15 60 2 8 0 3
0 0 0 0 1 6 1 0 7 2 2 0 5 -1 -1 -1 -1 -1 -1 549720 0 15 18 15 60 2 4 2 3
0 0 0 0 1 6 1 0 7 2 2 0 5 -1 -1 -1 -1 -1 -1 549887 0 15 18 15 50 2 4 2 3
0 0 0 0 1 6 1 0 7 2 2 0 5 -1 -1 -1 -1 -1 -1 550187 0 15 18 15 20 2 4 2 3
0 0 0 0 1 6 1 0 7 2 2 0 5 -1 -1 -1 -1 -1 -1 551120 0 15 18 15 10 2 4 2 3
0 0 0 0 1 6 1 0 7 2 2 0 5 -1 -1 -1 -1 -1 -1 552120 0 15 18 15 10 2 6 2 3
0 0 0 0 1 6 1 0 7 2 2 0 5 -1 -1 -1 -1 -1 -1 553119 0 15 18 15 10 2 6 2 3
0 0 0 0 1 1 6 0 7 2 2 0 6 -1 -1 -1 -1 -1 -1 554119 0 15 18 15 10 2 6 2 3
0 0 0 0 1 1 6 0 7 2 2 0 6 -1 -1 -1 -1 -1 -1 555119 0 15 18 15 10 2 6 2 3
0 0 0 0 1 3 6 0 7 2 2 0 6 5 5 4 1 0 0 556119 0 15 18 15 10 2 6 2 3
0 0 0 0 1 1 6 0 7 2 2 0 6 -1 -1 -1 -1 -1 -1 557118 0 15 18 15 10 2 6 2 3
0 0 0 0 1 6 1 0 7 2 2 0 5 -1 -1 -1 -1 -1 -1 558118 0 15 18 15 10 2 6 2 3
0 0 0 0 1 6 1 0 7 2 2 0 5 -1 -1 -1 -1 -1 -1 559118 0 15 18 15 10 2 6 2 3
0 0 0 0 1 6 3 0 7 2 2 0 5 6 5 4 3 0 0 560118 0 15 18 15 10 2 6 2 3
0 0 0 0 1 6 1 0 7 2 2 0 5 -1 -1 -1 -1 -1 -1 561117 0 15 18 15 10 2 6 2 3
0 0 0 0 1 6 1 0 7 2 2 0 5 -1 -1 -1 -1 -1 -1 562117 0 15 18 15 10 2 6 2 3
0 0 0 0 1 6 1 0 7 2 2 0 5 -1 -1 -1 -1 -1 -1 563117 0 15 18 15 10 2 6 2 3
0 0 0 0 3 6 1 0 7 2 2 0 5 4 5 4 2 0 0 564117 0 15 18 15 10 2 6 2 3
0 0 0 0 1 6 1 0 7 2 2 0 5 -1 -1 -1 -1 -1 -1 565116 0 15 18 15 10 2 6 2 3
0 0 0 0 1 6 1 0 7 2 2 0 5 -1 -1 -1 -1 -1 -1 566116 0 15 18 15 10 2 6 2 3
0 0 0 0 1 6 1 0 7 2 2 0 5 -1 -1 -1 -1 -1 -1 567116 0 15 18 15 10 2 6 2 3
0 0 0 0 3 6 1 0 7 2 2 0 5 4 5 4 0 0 0 568116 0 15 18 15 10 2 5 2 3
0 0 0 0 1 6 1 0 7 2 2 0 5 -1 -1 -1 -1 -1 -1 569115 0 15 18 15 10 2 5 2 3
0 0 0 0 6 1 1 0 7 2 2 0 4 -1 -1 -1 -1 -1 -1 570115 0 15 18 15 10 2 5 2 3
0 0 0 0 6 1 1 0 7 2 2 0 4 -1 -1 -1 -1 -1 -1 571115 0 15 18 15 10 2 5 2 3
0 0 0 0 7 1 1 0 7 2 2 0 4 4 5 4 2 1 1 572115 0 15 18 15 10 2 5 2 3
0 0 0 0 1 6 1 0 7 2 2 0 5 -1 -1 -1 -1 -1 -1 573115 0 15 18 15 10 2 5 2 3
0 0 0 0 1 6 1 0 7 2 2 0 5 -1 -1 -1 -1 -1 -1 574114 0 15 18 15 10 2 5 2 3
0 0 0 0 1 6 1 0 7 2 2 0 5 -1 -1 -1 -1 -1 -1 575114 0 15 18 15 10 2 5 2 3
0 0 0 0 3 6 1 0 7 2 2 0 5 4 5 4 1 0 0 576114 0 15 18 15 10 2 8 0 3
0 0 0 0 1 6 1 0 7 2 2 0 5 -1 -1 -1 -1 -1 -1 577114 0 15 18 15 10 2 8 0 3
0 0 0 0 1 6 1 0 7 2 2 0 5 -1 -1 -1 -1 -1 -1 578113 0 15 18 15 10 2 8 0 3
0 0 0 0 1 6 1 0 7 2 2 0 5 -1 -1 -1 -1 -1 -1 579113 0 15 18 15 10 2 8 0 3
0 0 0 0 1 7 1 0 7 2 2 0 5 5 5 4 2 1 1 580113 0 15 18 15 10 2 4 2 3
0 0 0 0 1 6 1 0 7 2 2 0 5 -1 -1 -1 -1 -1 -1 580913 0 15 18 16 13 2 4 2 3
0 0 0 0 1 1 6 0 7 2 2 0 6 -1 -1 -1 -1 -1 -1 581679 0 15 18 16 13 2 4 2 3
0 0 0 0 1 1 6 0 7 2 2 0 6 -1 -1 -1 -1 -1 -1 582446 0 15 18 16 13 2 4 2 3
0 0 0 0 1 1 8 0 7 2 2 0 6 6 5 4 0 0 1 583245 0 15 18 16 13 2 6 2 3
0 0 0 0 1 6 1 0 7 2 2 0 5 -1 -1 -1 -1 -1 -1 584178 0 15 18 15 10 2 6 2 3
0 0 0 0 6 1 1 0 7 2 2 0 4 -1 -1 -1 -1 -1 -1 585178 0 15 18 15 10 2 6 2 3
0 0 0 0 1 6 1 0 7 2 2 0 5 -1 -1 -1 -1 -1 -1 586178 0 15 18 15 10 2 6 2 3
0 0 0 0 3 6 1 0 7 2 2 0 5 4 5 4 3 0 0 587178 0 15 18 15 10 2 6 2 3
0 0 0 0 1 6 1 0 7 2 2 0 5 -1 -1 -1 -1 -1 -1 588178 0 15 18 15 10 2 6 2 3
0 0 0 0 6 1 1 0 7 2 2 0 4 -1 -1 -1 -1 -1 -1 589177 0 15 18 15 10 2 6 2 3
0 0 0 0 6 1 1 0 7 2 2 0 4 -1 -1 -1 -1 -1 -1 590110 0 15 18 15 12.5 2 6 2 3
0 0 0 0 8 1 1 0 7 2 2 0 4 4 5 4 2 0 1 590910 0 15 18 15 12.5 2 6 2 3
0 0 0 0 1 6 1 0 7 2 2 0 5 -1 -1 -1 -1 -1 -1 591743 0 15 18 15 10 2 6 2 3
0 0 0 0 1 6 1 0 7 2 2 0 5 -1 -1 -1 -1 -1 -1 592743 0 15 18 15 10 2 6 2 3
0 0 0 0 1 6 1 0 7 2 2 0 5 -1 -1 -1 -1 -1 -1 593743 0 15 18 15 10 2 6 2 3
0 0 0 0 1 7 1 0 7 2 2 0 5 5 5 4 3 1 1 594743 0 15 18 15 10 2 6 2 3
0 0 0 0 1 6 1 0 7 2 2 0 5 -1 -1 -1 -1 -1 -1 595742 0 15 18 15 12.5 2 6 2 3
0 0 0 0 6 1 1 0 7 2 2 0 4 -1 -1 -1 -1 -1 -1 596542 0 15 18 15 12.5 2 6 2 3
0 0 0 0 1 1 6 0 7 2 2 0 6 -1 -1 -1 -1 -1 -1 597342 0 15 18 15 11.8333 2 6 2 3
0 0 0 0 1 1 7 0 7 2 2 0 6 6 5 4 2 1 1 598308 0 15 18 15 10 2 5 2 3
0 0 0 0 1 6 1 0 7 2 2 0 5 -1 -1 -1 -1 -1 -1 599108 0 15 18 16 13 2 5 2 3
0 0 0 0 1 1 6 0 7 2 2 0 6 -1 -1 -1 -1 -1 -1 599875 0 15 18 16 13 2 5 2 3
0 0 0 0 1 1 6 0 7 2 2 0 6 -1 -1 -1 -1 -1 -1 600641 0 15 18 16 13 2 5 2 3
0 0 0 0 1 3 6 0 7 2 2 0 6 5 5 4 1 0 0 601408 0 15 18 16 13 2 5 2 3
0 0 0 0 1 1 6 0 7 2 2 0 6 -1 -1 -1 -1 -1 -1 602174 0 15 18 16 13 2 5 2 3
0 0 0 0 1 6 1 0 7 2 2 0 5 -1 -1 -1 -1 -1 -1 602941 0 15 18 16 13 2 5 2 3
0 0 0 0 1 6 1 0 7 2 2 0 5 -1 -1 -1 -1 -1 -1 603707 0 15 18 16 13 2 5 2 3
0 0 0 0 1 7 1 0 7 2 2 0 5 5 5 4 2 1 1 604474 0 15 18 16 13 2 8 0 3
0 0 0 0 1 6 1 0 7 2 2 0 5 -1 -1 -1 -1 -1 -1 605273 0 15 18 16 13 2 8 0 3
0 0 0 0 1 6 1 0 7 2 2 0 5 -1 -1 -1 -1 -1 -1 606040 0 15 18 16 13 2 8 0 3
0 0 0 0 6 1 1 0 7 2 2 0 4 -1 -1 -1 -1 -1 -1 606706 0 15 18 16 16.25 2 8 0 3
0 0 0 0 6 3 1 0 7 2 2 0 4 5 5 4 3 0 0 607306 0 15 18 16 16.25 2 4 2 3
0 0 0 0 1 6 1 0 7 2 2 0 5 -1 -1 -1 -1 -1 -1 607939 0 15 18 16 15.6 2 4 2 3
0 0 0 0 1 6 1 0 7 2 2 0 5 -1 -1 -1 -1 -1 -1 608673 0 15 18 16 13 2 4 2 3
0 0 0 0 1 6 1 0 7 2 2 0 5 -1 -1 -1 -1 -1 -1 609439 0 15 18 16 13 2 4 2 3
0 0 0 0 1 6 3 0 7 2 2 0 5 6 5 4 1 0 0 610205 0 15 18 16 13 2 6 2 3
0 0 0 0 1 6 1 0 7 2 2 0 5 -1 -1 -1 -1 -1 -1 610972 0 15 18 16 13 2 6 2 3
0 0 0 0 6 1 1 0 7 2 2 0 4 -1 -1 -1 -1 -1 -1 611738 0 15 18 16 13 2 6 2 3
0 0 0 0 6 1 1 0 7 2 2 0 4 -1 -1 -1 -1 -1 -1 612505 0 15 18 16 13 2 6 2 3
0 0 0 0 7 1 1 0 7 2 2 0 4 4 5 4 3 1 1 613271 0 15 18 16 13 2 6 2 3
0 0 0 0 1 6 1 0 7 2 2 0 5 -1 -1 -1 -1 -1 -1 613905 0 15 18 17 16 2 6 2 3
0 0 0 0 1 6 1 0 7 2 2 0 5 -1 -1 -1 -1 -1 -1 614538 0 15 18 17 16 2 6 2 3
0 0 0 0 1 6 1 0 7 2 2 0 5 -1 -1 -1 -1 -1 -1 615171 0 15 18 17 16 2 6 2 3
0 0 0 0 1 1 7 0 7 2 2 0 6 6 5 4 1 1 1 615804 0 15 18 17 16 2 6 2 3
