% Tunnel Log: 
% debug seed: 1462573228
%
% SegEncNW { '0'=no panel, '1'=panel, '4'=obstacle, '5'=collided obstacle, '6'=player, '7'=player right, '8'=player wrong, '2'=target, '3'=fake }
% SegEncN
% SegEncNE
% SegEncE
% SegEncSE
% SegEncS
% SegEncSW
% SegEncW
% Event Number { 0, inf }
% Task Type { 0=Color/Sound, 1=Shape/Sound, 2=Sound, 3=Navigation, 4=Speed, 5=Training 6=Recess, 7=Special 2-Back }
% N-Back { 0, inf }
% Navigation Level { 0, inf }
% Player Loc { 0=Northwest ... 7=West }
% Pod Loc { -1=N/A, 0=Northwest ... 7=West }
% Pod Color { -1, inf }
% Pod Shape { -1, inf }
% Pod Sound { -1, inf }
% Pod Match { -1=N/A, 0=No, 1=Yes }
% Pod Taken { -1=N/A, 0=No, 1=Yes }
% Timestamp (ms)
% Num Obstacles { 0, inf }
% Min Speed { 0, inf }
% Max Speed { 0, inf }
% Base Speed { 0, inf }
% Final Speed { 0, inf }
% Navigation Score { 0, inf }
% Segment Direction { 0=Northwest ... 7=West }
% Segment Angle { 0, inf }
% Segment Panels { 0, inf }
%
% SegEncNW SecEncN SegEncNE SegEncE SegEncSE SegEncS SegEncSW SegEncW EventNumber TaskType N-Back Navigation PlayerLoc PodLoc PodColor PodShape PodSound PodMatch PodTaken Timestamp NumObs MinSpeed MaxSpeed BaseSpeed FinalSpeed NavScore SegmentDir SegmentAngle SegmentPanels
0 0 0 0 1 6 1 0 0 3 1 0 5 -1 -1 -1 -1 -1 -1 21100 0 15 40 16 60 2 8 0 3
0 0 0 0 1 6 1 0 0 3 1 0 5 -1 -1 -1 -1 -1 -1 21266 0 15 40 16 60 2 8 0 3
0 0 0 0 1 6 1 0 0 3 1 0 5 -1 -1 -1 -1 -1 -1 21433 0 15 40 16 60 2 4 2 3
0 0 0 0 1 6 1 0 0 3 1 0 5 -1 -1 -1 -1 -1 -1 21600 0 15 40 16 50.6 2 4 2 3
0 0 0 0 1 6 1 0 0 3 1 0 5 -1 -1 -1 -1 -1 -1 21866 0 15 40 16 25.5333 2 4 2 3
0 0 0 0 1 6 1 0 0 3 1 0 5 -1 -1 -1 -1 -1 -1 22599 0 15 40 16 13 2 4 2 3
0 0 0 0 1 6 1 0 0 3 1 0 5 -1 -1 -1 -1 -1 -1 23366 0 15 40 16 13 2 6 2 3
0 0 0 0 1 6 1 0 0 3 1 0 5 -1 -1 -1 -1 -1 -1 24133 0 15 40 16 13 2 6 2 3
0 0 0 0 1 6 1 0 0 3 1 0 5 -1 -1 -1 -1 -1 -1 24899 0 15 40 16 13 2 6 2 3
0 0 0 0 1 1 6 0 0 3 1 0 6 -1 -1 -1 -1 -1 -1 25666 0 15 40 16 13 2 6 2 3
0 0 0 0 1 1 7 0 0 3 1 0 6 6 5 4 4 1 1 26433 0 15 40 16 13 2 5 2 3
0 0 0 0 1 1 6 0 0 3 1 0 6 -1 -1 -1 -1 -1 -1 27199 0 15 40 16 13 2 5 2 3
0 0 0 0 1 6 1 0 0 3 1 0 5 -1 -1 -1 -1 -1 -1 27966 0 15 40 16 13 2 5 2 3
0 0 0 0 6 1 1 0 0 3 1 0 4 -1 -1 -1 -1 -1 -1 28733 0 15 40 16 13 2 5 2 3
0 0 0 0 7 1 1 0 0 3 1 0 4 4 5 4 4 1 1 29499 0 15 40 16 13 2 6 2 3
0 0 0 0 6 1 1 0 0 3 1 0 4 -1 -1 -1 -1 -1 -1 30166 0 15 40 17 16 2 6 2 3
0 0 0 0 1 6 1 0 0 3 1 0 5 -1 -1 -1 -1 -1 -1 30799 0 15 40 17 16 2 6 2 3
0 0 0 0 1 1 6 0 0 3 1 0 6 -1 -1 -1 -1 -1 -1 31399 0 15 40 17 16 2 6 2 3
0 0 0 0 1 1 7 0 0 3 1 0 6 6 5 4 4 1 1 32033 0 15 40 17 16 2 5 2 3
0 0 0 0 1 6 1 0 0 3 1 0 5 -1 -1 -1 -1 -1 -1 32666 0 15 40 17 16 2 5 2 3
0 0 0 0 1 6 1 0 0 3 1 0 5 -1 -1 -1 -1 -1 -1 33299 0 15 40 17 16 2 5 2 3
0 0 0 0 1 6 1 0 0 3 1 0 5 -1 -1 -1 -1 -1 -1 33899 0 15 40 17 16 2 5 2 3
0 0 0 0 1 7 1 0 0 3 1 0 5 5 5 4 4 1 1 34533 0 15 40 17 16 2 6 2 3
0 0 0 0 1 6 1 0 0 3 1 0 5 -1 -1 -1 -1 -1 -1 35066 0 15 40 18 19 2 6 2 3
0 0 0 0 6 1 1 0 0 3 1 0 4 -1 -1 -1 -1 -1 -1 35599 0 15 40 18 19 2 6 2 3
0 0 0 0 6 1 1 0 0 3 1 0 4 -1 -1 -1 -1 -1 -1 36133 0 15 40 18 19 2 6 2 3
0 0 0 1 7 1 1 1 0 3 1 0 4 4 5 4 4 1 1 36666 0 15 40 18 19 2 6 2 5
0 0 0 1 1 6 1 1 0 3 1 1 5 -1 -1 -1 -1 -1 -1 37166 0 15 40 18 19 2 6 2 5
0 0 0 1 1 6 1 1 0 3 1 1 5 -1 -1 -1 -1 -1 -1 37699 0 15 40 18 19 2 6 2 5
0 0 0 1 1 6 1 1 0 3 1 1 5 -1 -1 -1 -1 -1 -1 38233 0 15 40 18 19 2 6 2 5
0 0 0 1 1 7 1 1 0 3 1 1 5 5 5 4 4 1 1 38766 0 15 40 18 19 2 8 0 5
0 0 0 1 1 6 1 1 0 3 1 1 5 -1 -1 -1 -1 -1 -1 39233 0 15 40 19 21 2 8 0 5
0 0 0 1 1 6 1 1 0 3 1 1 5 -1 -1 -1 -1 -1 -1 39733 0 15 40 19 21 2 8 0 5
0 0 0 1 1 6 1 1 0 3 1 1 5 -1 -1 -1 -1 -1 -1 40199 0 15 40 19 21 2 8 0 5
0 0 0 1 1 7 1 1 0 3 1 1 5 5 5 4 4 1 1 40666 0 15 40 19 21 2 4 2 5
0 0 0 1 1 6 1 1 0 3 1 1 5 -1 -1 -1 -1 -1 -1 41133 0 15 40 19 21 2 4 2 5
0 0 0 1 1 1 6 1 0 3 1 1 6 -1 -1 -1 -1 -1 -1 41633 0 15 40 19 21 2 4 2 5
0 0 0 1 1 1 6 1 0 3 1 1 6 -1 -1 -1 -1 -1 -1 42099 0 15 40 19 21 2 4 2 5
0 0 0 1 1 1 7 1 0 3 1 1 6 6 5 4 4 1 1 42566 0 15 40 19 21 2 6 2 5
0 0 0 1 1 1 6 1 0 3 1 1 6 -1 -1 -1 -1 -1 -1 43033 0 15 40 20 22 2 6 2 5
0 0 0 1 1 1 1 6 0 3 1 1 7 -1 -1 -1 -1 -1 -1 43499 0 15 40 20 22 2 6 2 5
0 0 0 1 1 1 1 6 0 3 1 1 7 -1 -1 -1 -1 -1 -1 43933 0 15 40 20 22 2 6 2 5
0 0 0 1 1 1 1 7 0 3 1 1 7 7 5 4 4 1 1 44399 0 15 40 20 22 2 5 2 5
0 0 0 1 1 1 6 1 0 3 1 1 6 -1 -1 -1 -1 -1 -1 44866 0 15 40 20 22 2 5 2 5
0 0 0 1 1 6 1 1 0 3 1 1 5 -1 -1 -1 -1 -1 -1 45299 0 15 40 20 22 2 5 2 5
0 0 0 1 1 6 1 1 0 3 1 1 5 -1 -1 -1 -1 -1 -1 45766 0 15 40 20 22 2 5 2 5
0 0 0 1 1 7 1 1 0 3 1 1 5 5 5 4 4 1 1 46199 0 15 40 20 22 2 6 2 5
0 0 0 1 1 6 1 1 0 3 1 1 5 -1 -1 -1 -1 -1 -1 46666 0 15 40 21 23 2 6 2 5
0 0 0 1 1 1 6 1 0 3 1 1 6 -1 -1 -1 -1 -1 -1 47099 0 15 40 21 23 2 6 2 5
0 0 0 1 1 1 6 1 0 3 1 1 6 -1 -1 -1 -1 -1 -1 47532 0 15 40 21 23 2 6 2 5
0 0 0 1 1 1 7 1 0 3 1 1 6 6 5 4 4 1 1 47966 0 15 40 21 23 2 5 2 5
0 0 0 1 1 1 6 1 0 3 1 1 6 -1 -1 -1 -1 -1 -1 48399 0 15 40 21 23 2 5 2 5
0 0 0 1 6 1 1 1 0 3 1 1 4 -1 -1 -1 -1 -1 -1 48832 0 15 40 21 23 2 5 2 5
0 0 0 1 6 1 1 1 0 3 1 1 4 -1 -1 -1 -1 -1 -1 49266 0 15 40 21 23 2 5 2 5
0 0 0 1 7 1 1 1 0 3 1 1 4 4 5 4 4 1 1 49699 0 15 40 21 23 2 6 2 5
0 0 0 1 1 6 1 1 0 3 1 2 5 -1 -1 -1 -1 -1 -1 50099 0 15 40 22 24 2 6 2 5
0 0 0 1 1 6 1 1 0 3 1 2 5 -1 -1 -1 -1 -1 -1 50532 0 15 40 22 24 2 6 2 5
0 0 0 1 1 6 1 1 0 3 1 2 5 -1 -1 -1 -1 -1 -1 50932 0 15 40 22 24 2 6 2 5
0 0 0 1 1 7 1 1 0 3 1 2 5 5 5 4 4 1 1 51366 0 15 40 22 24 2 6 2 5
0 0 0 1 1 1 6 1 0 3 1 2 6 -1 -1 -1 -1 -1 -1 51766 0 15 40 22 24 2 6 2 5
0 0 0 1 1 4 6 1 0 3 1 2 6 -1 -1 -1 -1 -1 -1 52199 1 15 40 22 24 2 6 2 5
0 0 0 1 1 1 6 1 0 3 1 2 6 -1 -1 -1 -1 -1 -1 52599 0 15 40 22 24 2 6 2 5
0 0 0 1 1 1 7 1 0 3 1 2 6 6 5 4 4 1 1 53032 0 15 40 22 24 2 8 0 5
0 0 0 1 1 6 1 1 0 3 1 2 5 -1 -1 -1 -1 -1 -1 53432 0 15 40 23 25 2 8 0 5
0 0 0 1 4 6 1 1 0 3 1 2 5 -1 -1 -1 -1 -1 -1 53832 1 15 40 23 25 2 8 0 5
0 0 0 1 1 6 1 1 0 3 1 2 5 -1 -1 -1 -1 -1 -1 54232 0 15 40 23 25 2 8 0 5
0 0 0 1 1 7 1 1 0 3 1 2 5 5 5 4 4 1 1 54632 0 15 40 23 25 2 4 2 5
0 0 0 1 6 1 1 1 0 3 1 2 4 -1 -1 -1 -1 -1 -1 55032 0 15 40 23 25 2 4 2 5
0 0 0 1 6 4 1 1 0 3 1 2 4 -1 -1 -1 -1 -1 -1 55432 1 15 40 23 25 2 4 2 5
0 0 0 1 1 6 1 1 0 3 1 2 5 -1 -1 -1 -1 -1 -1 55832 0 15 40 23 25 2 4 2 5
0 0 0 1 1 7 1 1 0 3 1 2 5 5 5 4 4 1 1 56232 0 15 40 23 25 2 6 2 5
0 0 0 1 1 1 6 1 0 3 1 2 6 -1 -1 -1 -1 -1 -1 56632 0 15 40 24 25.5 2 6 2 5
0 0 0 1 1 4 6 1 0 3 1 2 6 -1 -1 -1 -1 -1 -1 57032 1 15 40 24 25.5 2 6 2 5
0 0 0 1 1 1 6 1 0 3 1 2 6 -1 -1 -1 -1 -1 -1 57399 0 15 40 24 25.5 2 6 2 5
0 0 0 1 1 1 7 1 0 3 1 2 6 6 5 4 4 1 1 57799 0 15 40 24 25.5 2 5 2 5
0 0 0 1 1 6 1 1 0 3 1 2 5 -1 -1 -1 -1 -1 -1 58199 0 15 40 24 25.5 2 5 2 5
0 0 0 1 4 1 6 1 0 3 1 2 6 -1 -1 -1 -1 -1 -1 58599 1 15 40 24 25.5 2 5 2 5
0 0 0 1 1 1 1 6 0 3 1 2 7 -1 -1 -1 -1 -1 -1 58966 0 15 40 24 25.5 2 5 2 5
0 0 0 1 1 1 1 7 0 3 1 2 7 7 5 4 4 1 1 59366 0 15 40 24 25.5 2 6 2 5
0 0 0 1 1 1 6 1 0 3 1 2 6 -1 -1 -1 -1 -1 -1 59766 0 15 40 25 26 2 6 2 5
0 0 0 4 1 1 6 1 0 3 1 2 6 -1 -1 -1 -1 -1 -1 60132 1 15 40 25 26 2 6 2 5
0 0 0 1 1 1 1 6 0 3 1 2 7 -1 -1 -1 -1 -1 -1 60532 0 15 40 25 26 2 6 2 5
0 0 0 1 1 1 1 7 0 3 1 2 7 7 5 4 4 1 1 60899 0 15 40 25 26 2 5 2 5
0 0 0 1 1 1 1 6 0 3 1 2 7 -1 -1 -1 -1 -1 -1 61299 0 15 40 25 26 2 5 2 5
0 0 0 1 4 1 1 6 0 3 1 2 7 -1 -1 -1 -1 -1 -1 61666 1 15 40 25 26 2 5 2 5
0 0 0 1 1 1 1 6 0 3 1 2 7 -1 -1 -1 -1 -1 -1 62066 0 15 40 25 26 2 5 2 5
0 0 0 1 1 1 1 7 0 3 1 2 7 7 5 4 4 1 1 62432 0 15 40 25 26 2 6 2 5
0 0 0 1 1 1 1 6 0 3 1 2 7 -1 -1 -1 -1 -1 -1 62832 0 15 40 26 26.5 2 6 2 5
0 0 0 1 4 1 6 1 0 3 1 2 6 -1 -1 -1 -1 -1 -1 63199 1 15 40 26 26.5 2 6 2 5
0 0 0 1 1 1 6 1 0 3 1 2 6 -1 -1 -1 -1 -1 -1 63566 0 15 40 26 26.5 2 6 2 5
0 0 0 1 1 1 7 1 0 3 1 2 6 6 5 4 4 1 1 63966 0 15 40 26 26.5 2 6 2 5
0 0 0 1 1 1 6 1 0 3 1 2 6 -1 -1 -1 -1 -1 -1 64332 0 15 40 26 26.5 2 6 2 5
0 0 0 1 1 4 6 1 0 3 1 2 6 -1 -1 -1 -1 -1 -1 64699 1 15 40 26 26.5 2 6 2 5
0 0 0 1 1 6 1 1 0 3 1 2 5 -1 -1 -1 -1 -1 -1 65099 0 15 40 26 26.5 2 6 2 5
0 0 0 1 1 7 1 1 0 3 1 2 5 5 5 4 4 1 1 65466 0 15 40 26 26.5 2 8 0 5
0 0 0 1 1 6 1 1 0 3 1 2 5 -1 -1 -1 -1 -1 -1 65832 0 15 40 27 27 2 8 0 5
0 0 0 1 1 1 6 4 0 3 1 2 6 -1 -1 -1 -1 -1 -1 66199 1 15 40 27 27 2 8 0 5
0 0 0 1 1 1 1 6 0 3 1 2 7 -1 -1 -1 -1 -1 -1 66565 0 15 40 27 27 2 8 0 5
0 0 0 1 1 1 1 7 0 3 1 2 7 7 5 4 4 1 1 66932 0 15 40 27 27 2 4 2 5
0 0 0 1 1 1 6 1 0 3 1 2 6 -1 -1 -1 -1 -1 -1 67332 0 15 40 27 27 2 4 2 5
0 0 0 1 1 1 6 4 0 3 1 2 6 -1 -1 -1 -1 -1 -1 67699 1 15 40 27 33.75 2 4 2 5
0 0 0 1 1 1 6 1 0 3 1 2 6 -1 -1 -1 -1 -1 -1 67999 0 15 40 27 33.75 2 4 2 5
0 0 0 1 1 1 7 1 0 3 1 2 6 6 5 4 4 1 1 68265 0 15 40 27 33.75 2 6 2 5
0 0 0 1 1 1 6 1 0 3 1 2 6 -1 -1 -1 -1 -1 -1 68565 0 15 40 28 34.375 2 6 2 5
0 0 0 4 1 6 1 1 0 3 1 2 5 -1 -1 -1 -1 -1 -1 68865 1 15 40 28 34.375 2 6 2 5
0 0 0 1 1 6 1 1 0 3 1 2 5 -1 -1 -1 -1 -1 -1 69165 0 15 40 28 34.375 2 6 2 5
0 0 0 1 1 7 1 1 0 3 1 2 5 5 5 4 4 1 1 69465 0 15 40 28 30.7083 2 5 2 5
0 0 0 1 1 6 1 1 0 3 1 2 5 -1 -1 -1 -1 -1 -1 69799 0 15 40 28 27.5 2 5 2 5
0 0 0 1 1 1 6 4 0 3 1 2 6 -1 -1 -1 -1 -1 -1 70165 1 15 40 28 27.5 2 5 2 5
0 0 0 1 1 1 6 1 0 3 1 2 6 -1 -1 -1 -1 -1 -1 70532 0 15 40 28 27.5 2 5 2 5
0 0 0 1 1 1 7 1 0 3 1 2 6 6 5 4 4 1 1 70899 0 15 40 28 27.5 2 6 2 5
0 0 0 1 1 6 1 1 0 3 1 2 5 -1 -1 -1 -1 -1 -1 71265 0 15 40 29 28 2 6 2 5
0 0 0 1 1 6 4 1 0 3 1 2 5 -1 -1 -1 -1 -1 -1 71599 1 15 40 29 28 2 6 2 5
0 0 0 1 6 1 1 1 0 3 1 2 4 -1 -1 -1 -1 -1 -1 71965 0 15 40 29 28 2 6 2 5
0 0 0 1 7 1 1 1 0 3 1 2 4 4 5 4 4 1 1 72332 0 15 40 29 28 2 5 2 5
0 0 0 1 6 1 1 1 0 3 1 2 4 -1 -1 -1 -1 -1 -1 72699 0 15 40 29 28 2 5 2 5
0 0 0 6 1 1 4 1 0 3 1 2 3 -1 -1 -1 -1 -1 -1 73032 1 15 40 29 28 2 5 2 5
0 0 0 6 1 1 1 1 0 3 1 2 3 -1 -1 -1 -1 -1 -1 73399 0 15 40 29 28 2 5 2 5
0 0 0 7 1 1 1 1 0 3 1 2 3 3 5 4 4 1 1 73765 0 15 40 29 28 2 6 2 5
0 0 0 6 1 1 1 1 0 3 1 2 3 -1 -1 -1 -1 -1 -1 74099 0 15 40 30 28.5 2 6 2 5
0 0 0 6 1 4 1 1 0 3 1 2 3 -1 -1 -1 -1 -1 -1 74399 1 15 40 30 35.625 2 6 2 5
0 0 0 1 6 1 1 1 0 3 1 2 4 -1 -1 -1 -1 -1 -1 74699 0 15 40 30 35.625 2 6 2 5
0 0 0 1 7 1 1 1 0 3 1 2 4 4 5 4 4 1 1 74965 0 15 40 30 35.625 2 6 2 5
0 0 0 1 6 1 1 1 0 3 1 2 4 -1 -1 -1 -1 -1 -1 75265 0 15 40 30 35.625 2 6 2 5
0 0 0 1 6 1 4 1 0 3 1 2 4 -1 -1 -1 -1 -1 -1 75532 1 15 40 30 35.625 2 6 2 5
0 0 0 6 1 1 1 1 0 3 1 2 3 -1 -1 -1 -1 -1 -1 75799 0 15 40 30 34.675 2 6 2 5
0 0 0 7 1 1 1 1 0 3 1 2 3 3 5 4 4 1 1 76132 0 15 40 30 29.925 2 8 0 5
0 0 0 6 1 1 1 1 0 3 1 2 3 -1 -1 -1 -1 -1 -1 76465 0 15 40 31 29 2 8 0 5
0 0 0 1 6 4 1 1 0 3 1 2 4 -1 -1 -1 -1 -1 -1 76799 1 15 40 31 29 2 8 0 5
0 0 0 6 1 1 1 1 0 3 1 2 3 -1 -1 -1 -1 -1 -1 77165 0 15 40 31 29 2 8 0 5
0 0 0 7 1 1 1 1 0 3 1 2 3 3 5 4 4 1 1 77499 0 15 40 31 29 2 4 2 5
0 0 0 1 6 1 1 1 0 3 1 2 4 -1 -1 -1 -1 -1 -1 77832 0 15 40 31 29 2 4 2 5
0 0 0 4 1 6 1 1 0 3 1 2 5 -1 -1 -1 -1 -1 -1 78199 1 15 40 31 29 2 4 2 5
0 0 0 1 1 6 1 1 0 3 1 2 5 -1 -1 -1 -1 -1 -1 78532 0 15 40 31 29 2 4 2 5
0 0 0 1 1 7 1 1 0 3 1 2 5 5 5 4 4 1 1 78865 0 15 40 31 29 2 6 2 5
0 0 0 1 6 1 1 1 0 3 1 2 4 -1 -1 -1 -1 -1 -1 79232 0 15 40 32 29.5 2 6 2 5
0 0 0 1 6 4 1 1 0 3 1 2 4 -1 -1 -1 -1 -1 -1 79565 1 15 40 32 29.5 2 6 2 5
0 0 0 1 1 6 1 1 0 3 1 2 5 -1 -1 -1 -1 -1 -1 79899 0 15 40 32 29.5 2 6 2 5
0 0 0 1 1 1 8 2 0 3 1 2 6 7 5 4 4 1 0 80232 0 15 40 32 29.5 2 5 2 5
0 0 0 1 1 1 1 6 0 3 1 2 7 -1 -1 -1 -1 -1 -1 80565 0 15 40 31 29 2 5 2 5
0 0 0 1 1 1 4 6 0 3 1 2 7 -1 -1 -1 -1 -1 -1 80932 1 15 40 31 29 2 5 2 5
0 0 0 0 1 6 1 0 1 4 1 0 5 -1 -1 -1 -1 -1 -1 87599 0 15 40 16 60 2 8 0 3
0 0 0 0 1 6 1 0 1 4 1 0 5 -1 -1 -1 -1 -1 -1 87765 0 15 40 16 60 2 8 0 3
0 0 0 0 1 6 1 0 1 4 1 0 5 -1 -1 -1 -1 -1 -1 87932 0 15 40 16 60 2 6 2 3
0 0 0 0 1 6 1 0 1 4 1 0 5 -1 -1 -1 -1 -1 -1 88099 0 15 40 16 50.6 2 6 2 3
0 0 0 0 1 6 1 0 1 4 1 0 5 -1 -1 -1 -1 -1 -1 88365 0 15 40 16 25.5333 2 6 2 3
0 0 0 0 1 6 1 0 1 4 1 0 5 -1 -1 -1 -1 -1 -1 89098 0 15 40 16 13 2 6 2 3
0 0 0 0 1 6 1 0 1 4 1 0 5 -1 -1 -1 -1 -1 -1 89865 0 15 40 16 13 2 4 2 3
0 0 0 0 1 6 1 0 1 4 1 0 5 -1 -1 -1 -1 -1 -1 90632 0 15 40 16 13 2 4 2 3
0 0 0 0 6 1 1 0 1 4 1 0 4 -1 -1 -1 -1 -1 -1 91398 0 15 40 16 13 2 4 2 3
0 0 0 0 6 1 1 0 1 4 1 0 4 -1 -1 -1 -1 -1 -1 92165 0 15 40 16 13 2 4 2 3
0 0 0 0 8 1 1 0 1 4 1 0 4 4 3 8 3 0 1 92932 0 15 40 16 13 2 5 2 3
0 0 0 0 6 1 1 0 1 4 1 0 4 -1 -1 -1 -1 -1 -1 93898 0 15 40 15 10 2 5 2 3
0 0 0 0 1 6 1 0 1 4 1 0 5 -1 -1 -1 -1 -1 -1 94898 0 15 40 15 10 2 5 2 3
0 0 0 0 1 1 6 0 1 4 1 0 6 -1 -1 -1 -1 -1 -1 95898 0 15 40 15 10 2 5 2 3
0 0 0 0 3 1 6 0 1 4 1 0 6 4 0 6 1 0 0 96898 0 15 40 15 10 2 6 2 3
0 0 0 0 1 1 6 0 1 4 1 0 6 -1 -1 -1 -1 -1 -1 97898 0 15 40 15 10 2 6 2 3
0 0 0 0 1 6 1 0 1 4 1 0 5 -1 -1 -1 -1 -1 -1 98898 0 15 40 15 10 2 6 2 3
0 0 0 0 1 6 1 0 1 4 1 0 5 -1 -1 -1 -1 -1 -1 99898 0 15 40 15 10 2 6 2 3
0 0 0 0 1 6 3 0 1 4 1 0 5 6 2 5 0 0 0 100898 0 15 40 15 10 2 6 2 3
0 0 0 0 1 6 1 0 1 4 1 0 5 -1 -1 -1 -1 -1 -1 101898 0 15 40 15 10 2 6 2 3
0 0 0 0 1 6 1 0 1 4 1 0 5 -1 -1 -1 -1 -1 -1 102898 0 15 40 15 10 2 6 2 3
0 0 0 0 1 6 1 0 1 4 1 0 5 -1 -1 -1 -1 -1 -1 103898 0 15 40 15 10 2 6 2 3
0 0 0 0 1 6 3 0 1 4 1 0 5 6 1 7 2 0 0 104898 0 15 40 15 10 2 4 2 3
0 0 0 0 1 6 1 0 1 4 1 0 5 -1 -1 -1 -1 -1 -1 105898 0 15 40 15 10 2 4 2 3
0 0 0 0 1 6 1 0 1 4 1 0 5 -1 -1 -1 -1 -1 -1 106898 0 15 40 15 10 2 4 2 3
0 0 0 0 1 6 1 0 1 4 1 0 5 -1 -1 -1 -1 -1 -1 107898 0 15 40 15 10 2 4 2 3
0 0 0 0 1 6 3 0 1 4 1 0 5 6 2 5 0 0 0 108898 0 15 40 15 10 2 4 2 3
0 0 0 0 1 6 1 0 1 4 1 0 5 -1 -1 -1 -1 -1 -1 109898 0 15 40 15 10 2 4 2 3
0 0 0 0 1 6 1 0 1 4 1 0 5 -1 -1 -1 -1 -1 -1 110898 0 15 40 15 10 2 4 2 3
0 0 0 0 1 6 1 0 1 4 1 0 5 -1 -1 -1 -1 -1 -1 111898 0 15 40 15 10 2 4 2 3
0 0 0 0 1 6 3 0 1 4 1 0 5 6 0 6 1 0 0 112898 0 15 40 15 10 2 8 0 3
0 0 0 0 1 6 1 0 1 4 1 0 5 -1 -1 -1 -1 -1 -1 113898 0 15 40 15 10 2 8 0 3
0 0 0 0 1 6 1 0 1 4 1 0 5 -1 -1 -1 -1 -1 -1 114898 0 15 40 15 10 2 8 0 3
0 0 0 0 1 6 1 0 1 4 1 0 5 -1 -1 -1 -1 -1 -1 115898 0 15 40 15 10 2 8 0 3
0 0 0 0 1 7 1 0 1 4 1 0 5 5 0 6 1 1 1 116898 0 15 40 15 10 2 6 2 3
0 0 0 0 1 6 1 0 1 4 1 0 5 -1 -1 -1 -1 -1 -1 117898 0 15 40 15 10 2 6 2 3
0 0 0 0 1 6 1 0 1 4 1 0 5 -1 -1 -1 -1 -1 -1 118898 0 15 40 15 10 2 6 2 3
0 0 0 0 1 6 1 0 1 4 1 0 5 -1 -1 -1 -1 -1 -1 119898 0 15 40 15 10 2 6 2 3
0 0 0 0 1 7 1 0 1 4 1 0 5 5 0 6 1 1 1 120898 0 15 40 15 10 2 4 2 3
0 0 0 0 1 6 1 0 1 4 1 0 5 -1 -1 -1 -1 -1 -1 121698 0 15 40 16 13 2 4 2 3
0 0 0 0 1 6 1 0 1 4 1 0 5 -1 -1 -1 -1 -1 -1 122465 0 15 40 16 13 2 4 2 3
0 0 0 0 1 6 1 0 1 4 1 0 5 -1 -1 -1 -1 -1 -1 123231 0 15 40 16 13 2 4 2 3
0 0 0 1 1 7 1 1 1 4 1 0 5 5 0 6 1 1 1 123998 0 15 40 16 13 2 5 2 5
0 0 0 1 1 6 1 1 1 4 1 0 5 -1 -1 -1 -1 -1 -1 124765 0 15 40 16 13 2 5 2 5
0 0 0 1 1 1 6 1 1 4 1 0 6 -1 -1 -1 -1 -1 -1 125565 0 15 40 16 13 2 5 2 5
0 0 0 1 1 1 6 1 1 4 1 0 6 -1 -1 -1 -1 -1 -1 126331 0 15 40 16 13 2 5 2 5
0 0 0 1 1 3 6 1 1 4 1 0 6 5 2 5 0 0 0 127098 0 15 40 16 13 2 6 2 5
0 0 0 1 1 1 6 1 1 4 1 1 6 -1 -1 -1 -1 -1 -1 127865 0 15 40 16 13 2 6 2 5
0 0 0 1 1 6 1 1 1 4 1 1 5 -1 -1 -1 -1 -1 -1 128631 0 15 40 16 13 2 6 2 5
0 0 0 1 1 6 1 1 1 4 1 1 5 -1 -1 -1 -1 -1 -1 129398 0 15 40 16 13 2 6 2 5
0 0 0 1 1 6 1 3 1 4 1 1 5 7 3 8 3 0 0 130165 0 15 40 16 13 2 6 2 5
0 0 0 1 1 6 1 1 1 4 1 1 5 -1 -1 -1 -1 -1 -1 130932 0 15 40 16 13 2 6 2 5
0 0 0 1 1 6 1 1 1 4 1 1 5 -1 -1 -1 -1 -1 -1 131699 0 15 40 16 13 2 6 2 5
0 0 0 1 1 6 1 1 1 4 1 1 5 -1 -1 -1 -1 -1 -1 132466 0 15 40 16 13 2 6 2 5
0 0 0 1 1 6 3 1 1 4 1 1 5 6 0 6 1 0 0 133232 0 15 40 16 13 2 4 2 5
0 0 0 1 1 6 1 1 1 4 1 1 5 -1 -1 -1 -1 -1 -1 133999 0 15 40 16 13 2 4 2 5
0 0 0 1 1 6 1 1 1 4 1 1 5 -1 -1 -1 -1 -1 -1 134766 0 15 40 16 13 2 4 2 5
0 0 0 1 1 6 1 1 1 4 1 1 5 -1 -1 -1 -1 -1 -1 135533 0 15 40 16 13 2 4 2 5
0 0 0 1 3 6 1 1 1 4 1 1 5 4 2 5 0 0 0 136333 0 15 40 16 13 2 4 2 5
0 0 0 1 6 1 1 1 1 4 1 1 4 -1 -1 -1 -1 -1 -1 137100 0 15 40 16 13 2 4 2 5
0 0 0 6 1 1 1 1 1 4 1 1 3 -1 -1 -1 -1 -1 -1 137867 0 15 40 16 13 2 4 2 5
0 0 0 6 1 1 1 1 1 4 1 1 3 -1 -1 -1 -1 -1 -1 138633 0 15 40 16 13 2 4 2 5
0 0 0 7 1 1 1 1 1 4 1 1 3 3 2 5 0 1 1 139400 0 15 40 16 13 2 8 0 5
0 0 0 1 6 1 1 1 1 4 1 1 4 -1 -1 -1 -1 -1 -1 140034 0 15 40 17 16 2 8 0 5
0 0 0 1 6 1 1 1 1 4 1 1 4 -1 -1 -1 -1 -1 -1 140667 0 15 40 17 16 2 8 0 5
0 0 0 1 6 1 1 1 1 4 1 1 4 -1 -1 -1 -1 -1 -1 141301 0 15 40 17 16 2 8 0 5
0 0 0 1 7 1 1 1 1 4 1 1 4 4 2 5 0 1 1 141934 0 15 40 17 16 2 6 2 5
0 0 0 1 1 6 1 1 1 4 1 1 5 -1 -1 -1 -1 -1 -1 142534 0 15 40 17 16 2 6 2 5
0 0 0 1 1 1 6 1 1 4 1 1 6 -1 -1 -1 -1 -1 -1 143168 0 15 40 17 16 2 6 2 5
0 0 0 1 1 1 6 1 1 4 1 1 6 -1 -1 -1 -1 -1 -1 143801 0 15 40 17 16 2 6 2 5
0 0 0 1 1 1 7 1 1 4 1 1 6 6 2 5 0 1 1 144401 0 15 40 17 16 2 4 2 5
0 0 0 1 1 6 1 1 1 4 1 1 5 -1 -1 -1 -1 -1 -1 144968 0 15 40 18 19 2 4 2 5
0 0 0 1 1 6 1 1 1 4 1 1 5 -1 -1 -1 -1 -1 -1 145468 0 15 40 18 19 2 4 2 5
0 0 0 1 1 6 1 1 1 4 1 1 5 -1 -1 -1 -1 -1 -1 146002 0 15 40 18 19 2 4 2 5
0 0 0 1 1 7 1 1 1 4 1 1 5 5 2 5 0 1 1 146535 0 15 40 18 19 2 5 2 5
0 0 0 1 1 6 1 1 1 4 1 1 5 -1 -1 -1 -1 -1 -1 147069 0 15 40 18 19 2 5 2 5
0 0 0 1 1 6 1 1 1 4 1 1 5 -1 -1 -1 -1 -1 -1 147602 0 15 40 18 19 2 5 2 5
0 0 0 1 1 6 1 1 1 4 1 1 5 -1 -1 -1 -1 -1 -1 148102 0 15 40 18 19 2 5 2 5
0 0 0 1 3 6 1 1 1 4 1 1 5 4 0 6 1 0 0 148636 0 15 40 18 19 2 6 2 5
0 0 0 1 1 6 1 1 1 4 1 1 5 -1 -1 -1 -1 -1 -1 149169 0 15 40 18 19 2 6 2 5
0 0 0 1 1 6 1 1 1 4 1 1 5 -1 -1 -1 -1 -1 -1 149703 0 15 40 18 19 2 6 2 5
0 0 0 1 1 6 1 1 1 4 1 1 5 -1 -1 -1 -1 -1 -1 150203 0 15 40 18 19 2 6 2 5
0 0 0 1 3 6 1 1 1 4 1 1 5 4 3 8 3 0 0 150736 0 15 40 18 19 2 6 2 5
0 0 0 1 1 6 1 1 1 4 1 1 5 -1 -1 -1 -1 -1 -1 151270 0 15 40 18 19 2 6 2 5
0 0 0 1 1 6 1 1 1 4 1 1 5 -1 -1 -1 -1 -1 -1 151803 0 15 40 18 19 2 6 2 5
0 0 0 1 1 6 1 1 1 4 1 1 5 -1 -1 -1 -1 -1 -1 152336 0 15 40 18 19 2 6 2 5
0 0 0 1 3 6 1 1 1 4 1 1 5 4 1 7 2 0 0 152837 0 15 40 18 19 2 4 2 5
0 0 0 1 1 6 1 1 1 4 1 2 5 -1 -1 -1 -1 -1 -1 153370 0 15 40 18 19 2 4 2 5
0 0 0 1 6 1 1 1 1 4 1 2 4 -1 -1 -1 -1 -1 -1 153903 0 15 40 18 19 2 4 2 5
0 0 0 1 6 1 1 1 1 4 1 2 4 -1 -1 -1 -1 -1 -1 154437 0 15 40 18 19 2 4 2 5
0 0 0 1 6 3 1 1 1 4 1 2 4 5 0 6 1 0 0 154970 0 15 40 18 19 2 4 2 5
0 0 0 1 6 1 1 1 1 4 1 2 4 -1 -1 -1 -1 -1 -1 155470 0 15 40 18 19 2 4 2 5
0 0 0 1 1 6 1 4 1 4 1 2 5 -1 -1 -1 -1 -1 -1 156004 1 15 40 18 19 2 4 2 5
0 0 0 1 1 1 6 1 1 4 1 2 6 -1 -1 -1 -1 -1 -1 156537 0 15 40 18 19 2 4 2 5
0 0 0 1 1 1 7 1 1 4 1 2 6 6 0 6 1 1 1 157071 0 15 40 18 19 2 8 0 5
0 0 0 1 1 1 6 1 1 4 1 2 6 -1 -1 -1 -1 -1 -1 157538 0 15 40 19 21 2 8 0 5
0 0 0 1 1 4 6 1 1 4 1 2 6 -1 -1 -1 -1 -1 -1 158038 1 15 40 19 21 2 8 0 5
0 0 0 1 1 6 1 1 1 4 1 2 5 -1 -1 -1 -1 -1 -1 158504 0 15 40 19 21 2 8 0 5
0 0 0 1 1 6 3 1 1 4 1 2 5 6 2 5 0 0 0 158971 0 15 40 19 21 2 6 2 5
0 0 0 1 1 6 1 1 1 4 1 2 5 -1 -1 -1 -1 -1 -1 159438 0 15 40 19 21 2 6 2 5
0 0 0 1 1 6 4 1 1 4 1 2 5 -1 -1 -1 -1 -1 -1 159938 1 15 40 19 21 2 6 2 5
0 0 0 1 1 6 1 1 1 4 1 2 5 -1 -1 -1 -1 -1 -1 160405 0 15 40 19 21 2 6 2 5
0 0 0 1 3 6 1 1 1 4 1 2 5 4 1 7 2 0 0 160872 0 15 40 19 21 2 4 2 5
0 0 0 1 1 6 1 1 1 4 1 2 5 -1 -1 -1 -1 -1 -1 161338 0 15 40 19 21 2 4 2 5
0 0 0 1 1 6 4 1 1 4 1 2 5 -1 -1 -1 -1 -1 -1 161838 1 15 40 19 21 2 4 2 5
0 0 0 1 1 6 1 1 1 4 1 2 5 -1 -1 -1 -1 -1 -1 162305 0 15 40 19 21 2 4 2 5
0 0 0 1 1 6 3 1 1 4 1 2 5 6 0 6 1 0 0 162772 0 15 40 19 21 2 5 2 5
0 0 0 1 1 6 1 1 1 4 1 2 5 -1 -1 -1 -1 -1 -1 163272 0 15 40 19 21 2 5 2 5
0 0 0 1 4 6 1 1 1 4 1 2 5 -1 -1 -1 -1 -1 -1 163739 1 15 40 19 21 2 5 2 5
0 0 0 1 1 6 1 1 1 4 1 2 5 -1 -1 -1 -1 -1 -1 164206 0 15 40 19 21 2 5 2 5
0 0 0 1 3 6 1 1 1 4 1 2 5 4 2 5 0 0 0 164672 0 15 40 19 21 2 6 2 5
0 0 0 1 1 6 1 1 1 4 1 2 5 -1 -1 -1 -1 -1 -1 165172 0 15 40 19 21 2 6 2 5
0 0 0 1 1 6 4 1 1 4 1 2 5 -1 -1 -1 -1 -1 -1 165639 1 15 40 19 21 2 6 2 5
0 0 0 1 1 1 6 1 1 4 1 2 6 -1 -1 -1 -1 -1 -1 166106 0 15 40 19 21 2 6 2 5
0 0 0 1 1 1 7 1 1 4 1 2 6 6 2 5 0 1 1 166606 0 15 40 19 21 2 6 2 5
0 0 0 1 1 1 6 1 1 4 1 2 6 -1 -1 -1 -1 -1 -1 167073 0 15 40 19 21 2 6 2 5
0 0 0 1 4 6 1 1 1 4 1 2 5 -1 -1 -1 -1 -1 -1 167540 1 15 40 19 21 2 6 2 5
0 0 0 1 1 6 1 1 1 4 1 2 5 -1 -1 -1 -1 -1 -1 168006 0 15 40 19 21 2 6 2 5
0 0 0 1 3 6 1 1 1 4 1 2 5 4 3 8 3 0 0 168507 0 15 40 19 21 2 4 2 5
0 0 0 1 1 6 1 1 1 4 1 2 5 -1 -1 -1 -1 -1 -1 168973 0 15 40 19 21 2 4 2 5
0 0 0 1 1 6 1 4 1 4 1 2 5 -1 -1 -1 -1 -1 -1 169440 1 15 40 19 21 2 4 2 5
0 0 0 1 1 6 1 1 1 4 1 2 5 -1 -1 -1 -1 -1 -1 169940 0 15 40 19 21 2 4 2 5
0 0 0 1 3 6 1 1 1 4 1 2 5 4 0 6 1 0 0 170407 0 15 40 19 21 2 4 2 5
0 0 0 1 1 6 1 1 1 4 1 2 5 -1 -1 -1 -1 -1 -1 170874 0 15 40 19 21 2 4 2 5
0 0 0 1 1 6 4 1 1 4 1 2 5 -1 -1 -1 -1 -1 -1 171340 1 15 40 19 21 2 4 2 5
0 0 0 1 1 6 1 1 1 4 1 2 5 -1 -1 -1 -1 -1 -1 171841 0 15 40 19 21 2 4 2 5
0 0 0 3 1 6 1 1 1 4 1 2 5 3 1 7 2 0 0 172307 0 15 40 19 21 2 8 0 5
0 0 0 1 1 6 1 1 1 4 1 2 5 -1 -1 -1 -1 -1 -1 172774 0 15 40 19 21 2 8 0 5
0 0 0 1 6 1 1 4 1 4 1 2 4 -1 -1 -1 -1 -1 -1 173274 1 15 40 19 21 2 8 0 5
0 0 0 6 1 1 1 1 1 4 1 2 3 -1 -1 -1 -1 -1 -1 173741 0 15 40 19 21 2 8 0 5
0 0 0 7 1 1 1 1 1 4 1 2 3 3 1 7 2 1 1 174208 0 15 40 19 21 2 6 2 5
0 0 0 1 6 1 1 1 1 4 1 2 4 -1 -1 -1 -1 -1 -1 174675 0 15 40 20 22 2 6 2 5
0 0 0 1 1 6 1 4 1 4 1 2 5 -1 -1 -1 -1 -1 -1 175141 1 15 40 20 22 2 6 2 5
0 0 0 1 1 6 1 1 1 4 1 2 5 -1 -1 -1 -1 -1 -1 175575 0 15 40 20 22 2 6 2 5
0 0 0 1 3 6 1 1 1 4 1 2 5 4 3 8 3 0 0 176041 0 15 40 20 22 2 4 2 5
0 0 0 1 1 6 1 1 1 4 1 2 5 -1 -1 -1 -1 -1 -1 176475 0 15 40 20 22 2 4 2 5
0 0 0 4 1 6 1 1 1 4 1 2 5 -1 -1 -1 -1 -1 -1 176942 1 15 40 20 22 2 4 2 5
0 0 0 1 6 1 1 1 1 4 1 2 4 -1 -1 -1 -1 -1 -1 177408 0 15 40 20 22 2 4 2 5
0 0 0 1 6 3 1 1 1 4 1 2 4 5 1 7 2 0 0 177842 0 15 40 20 22 2 5 2 5
0 0 0 1 1 6 1 1 1 4 1 2 5 -1 -1 -1 -1 -1 -1 178309 0 15 40 20 22 2 5 2 5
0 0 0 1 4 6 1 1 1 4 1 2 5 -1 -1 -1 -1 -1 -1 178775 1 15 40 20 22 2 5 2 5
0 0 0 1 1 6 1 1 1 4 1 2 5 -1 -1 -1 -1 -1 -1 179209 0 15 40 20 22 2 5 2 5
0 0 0 3 1 6 1 1 1 4 1 2 5 3 3 8 3 0 0 179676 0 15 40 20 22 2 6 2 5
0 0 0 1 1 6 1 1 1 4 1 2 5 -1 -1 -1 -1 -1 -1 180109 0 15 40 20 22 2 6 2 5
0 0 0 4 1 6 1 1 1 4 1 2 5 -1 -1 -1 -1 -1 -1 180576 1 15 40 20 22 2 6 2 5
0 0 0 1 1 6 1 1 1 4 1 2 5 -1 -1 -1 -1 -1 -1 181043 0 15 40 20 22 2 6 2 5
0 0 0 3 1 6 1 1 1 4 1 2 5 3 2 5 0 0 0 181476 0 15 40 20 22 2 6 2 5
0 0 0 1 1 6 1 1 1 4 1 2 5 -1 -1 -1 -1 -1 -1 181943 0 15 40 20 22 2 6 2 5
0 0 0 1 1 6 1 4 1 4 1 2 5 -1 -1 -1 -1 -1 -1 182410 1 15 40 20 22 2 6 2 5
0 0 0 1 6 1 1 1 1 4 1 2 4 -1 -1 -1 -1 -1 -1 182843 0 15 40 20 22 2 6 2 5
0 0 0 1 6 3 1 1 1 4 1 2 4 5 3 8 3 0 0 183310 0 15 40 20 22 2 4 2 5
0 0 0 1 6 1 1 1 1 4 1 2 4 -1 -1 -1 -1 -1 -1 183776 0 15 40 20 22 2 4 2 5
0 0 0 1 6 4 1 1 1 4 1 2 4 -1 -1 -1 -1 -1 -1 184210 1 15 40 20 22 2 4 2 5
0 0 0 1 6 1 1 1 1 4 1 2 4 -1 -1 -1 -1 -1 -1 184677 0 15 40 20 22 2 4 2 5
0 0 0 1 7 1 1 1 1 4 1 2 4 4 3 8 3 1 1 185110 0 15 40 20 22 2 4 2 5
0 0 0 1 1 6 1 1 1 4 1 2 5 -1 -1 -1 -1 -1 -1 185577 0 15 40 20 22 2 4 2 5
0 0 0 4 1 6 1 1 1 4 1 2 5 -1 -1 -1 -1 -1 -1 186044 1 15 40 20 22 2 4 2 5
0 0 0 1 1 6 1 1 1 4 1 2 5 -1 -1 -1 -1 -1 -1 186477 0 15 40 20 22 2 4 2 5
0 0 0 1 3 6 1 1 1 4 1 2 5 4 1 7 2 0 0 186944 0 15 40 20 22 2 8 0 5
0 0 0 1 1 6 1 1 1 4 1 2 5 -1 -1 -1 -1 -1 -1 187411 0 15 40 20 22 2 8 0 5
0 0 0 1 1 6 4 1 1 4 1 2 5 -1 -1 -1 -1 -1 -1 187844 1 15 40 20 22 2 8 0 5
0 0 0 1 1 6 1 1 1 4 1 2 5 -1 -1 -1 -1 -1 -1 188311 0 15 40 20 22 2 8 0 5
0 0 0 3 1 6 1 1 1 4 1 2 5 3 3 8 3 0 0 188744 0 15 40 20 22 2 6 2 5
0 0 0 1 1 6 1 1 1 4 1 2 5 -1 -1 -1 -1 -1 -1 189211 0 15 40 20 22 2 6 2 5
0 0 0 1 1 6 4 1 1 4 1 2 5 -1 -1 -1 -1 -1 -1 189678 1 15 40 20 22 2 6 2 5
0 0 0 1 1 6 1 1 1 4 1 2 5 -1 -1 -1 -1 -1 -1 190111 0 15 40 20 22 2 6 2 5
0 0 0 1 1 7 1 1 1 4 1 2 5 5 3 8 3 1 1 190578 0 15 40 20 22 2 4 2 5
0 0 0 1 1 6 1 1 1 4 1 2 5 -1 -1 -1 -1 -1 -1 191011 0 15 40 21 23 2 4 2 5
0 0 0 1 1 6 4 1 1 4 1 2 5 -1 -1 -1 -1 -1 -1 191445 1 15 40 21 23 2 4 2 5
0 0 0 1 1 1 6 1 1 4 1 2 6 -1 -1 -1 -1 -1 -1 191878 0 15 40 21 23 2 4 2 5
0 0 0 1 1 1 7 1 1 4 1 2 6 6 3 8 3 1 1 192312 0 15 40 21 23 2 5 2 5
0 0 0 1 1 1 6 1 1 4 1 2 6 -1 -1 -1 -1 -1 -1 192745 0 15 40 21 23 2 5 2 5
0 0 0 4 1 1 6 1 1 4 1 2 6 -1 -1 -1 -1 -1 -1 193178 1 15 40 21 23 2 5 2 5
0 0 0 1 1 1 6 1 1 4 1 2 6 -1 -1 -1 -1 -1 -1 193612 0 15 40 21 23 2 5 2 5
0 0 0 1 1 1 7 1 1 4 1 2 6 6 3 8 3 1 1 194045 0 15 40 21 23 2 6 2 5
0 0 0 1 1 1 6 1 1 4 1 2 6 -1 -1 -1 -1 -1 -1 194479 0 15 40 22 24 2 6 2 5
0 0 0 1 4 1 6 1 1 4 1 2 6 -1 -1 -1 -1 -1 -1 194912 1 15 40 22 24 2 6 2 5
0 0 0 1 1 1 6 1 1 4 1 2 6 -1 -1 -1 -1 -1 -1 195312 0 15 40 22 24 2 6 2 5
0 0 0 0 1 6 1 0 2 0 2 0 5 -1 -1 -1 -1 -1 -1 202847 0 15 18 15 60 2 8 0 3
0 0 0 0 1 6 1 0 2 0 2 0 5 -1 -1 -1 -1 -1 -1 203014 0 15 18 15 60 2 8 0 3
0 0 0 0 1 6 1 0 2 0 2 0 5 -1 -1 -1 -1 -1 -1 203181 0 15 18 15 60 2 6 2 3
0 0 0 0 1 6 1 0 2 0 2 0 5 -1 -1 -1 -1 -1 -1 203347 0 15 18 15 50 2 6 2 3
0 0 0 0 1 6 1 0 2 0 2 0 5 -1 -1 -1 -1 -1 -1 203647 0 15 18 15 20 2 6 2 3
0 0 0 0 1 6 1 0 2 0 2 0 5 -1 -1 -1 -1 -1 -1 204581 0 15 18 15 10 2 6 2 3
0 0 0 0 1 6 1 0 2 0 2 0 5 -1 -1 -1 -1 -1 -1 205581 0 15 18 15 10 2 6 2 3
0 0 0 0 1 6 1 0 2 0 2 0 5 -1 -1 -1 -1 -1 -1 206581 0 15 18 15 10 2 6 2 3
0 0 0 0 1 6 1 0 2 0 2 0 5 -1 -1 -1 -1 -1 -1 207582 0 15 18 15 10 2 6 2 3
0 0 0 0 1 6 1 0 2 0 2 0 5 -1 -1 -1 -1 -1 -1 208582 0 15 18 15 10 2 6 2 3
0 0 0 0 3 6 1 0 2 0 2 0 5 4 3 4 3 0 0 209582 0 15 18 15 10 2 4 2 3
0 0 0 0 1 6 1 0 2 0 2 0 5 -1 -1 -1 -1 -1 -1 210582 0 15 18 15 10 2 4 2 3
0 0 0 0 1 6 1 0 2 0 2 0 5 -1 -1 -1 -1 -1 -1 211582 0 15 18 15 10 2 4 2 3
0 0 0 0 1 6 1 0 2 0 2 0 5 -1 -1 -1 -1 -1 -1 212583 0 15 18 15 10 2 4 2 3
0 0 0 0 1 6 3 0 2 0 2 0 5 6 1 4 2 0 0 213583 0 15 18 15 10 2 6 2 3
0 0 0 0 1 6 1 0 2 0 2 0 5 -1 -1 -1 -1 -1 -1 214583 0 15 18 15 10 2 6 2 3
0 0 0 0 1 6 1 0 2 0 2 0 5 -1 -1 -1 -1 -1 -1 215583 0 15 18 15 10 2 6 2 3
0 0 0 0 1 6 1 0 2 0 2 0 5 -1 -1 -1 -1 -1 -1 216583 0 15 18 15 10 2 6 2 3
0 0 0 0 1 7 1 0 2 0 2 0 5 5 3 4 3 1 1 217584 0 15 18 15 10 2 6 2 3
0 0 0 0 1 6 1 0 2 0 2 0 5 -1 -1 -1 -1 -1 -1 218584 0 15 18 15 10 2 6 2 3
0 0 0 0 1 6 1 0 2 0 2 0 5 -1 -1 -1 -1 -1 -1 219584 0 15 18 15 10 2 6 2 3
0 0 0 0 1 6 1 0 2 0 2 0 5 -1 -1 -1 -1 -1 -1 220584 0 15 18 15 10 2 6 2 3
0 0 0 0 1 6 3 0 2 0 2 0 5 6 0 4 1 0 0 221585 0 15 18 15 10 2 6 2 3
0 0 0 0 1 6 1 0 2 0 2 0 5 -1 -1 -1 -1 -1 -1 222585 0 15 18 15 10 2 6 2 3
0 0 0 0 1 6 1 0 2 0 2 0 5 -1 -1 -1 -1 -1 -1 223585 0 15 18 15 10 2 6 2 3
0 0 0 0 1 6 1 0 2 0 2 0 5 -1 -1 -1 -1 -1 -1 224585 0 15 18 15 10 2 6 2 3
0 0 0 0 3 6 1 0 2 0 2 0 5 4 1 4 2 0 0 225585 0 15 18 15 10 2 5 2 3
0 0 0 0 1 6 1 0 2 0 2 0 5 -1 -1 -1 -1 -1 -1 226586 0 15 18 15 10 2 5 2 3
0 0 0 0 1 6 1 0 2 0 2 0 5 -1 -1 -1 -1 -1 -1 227586 0 15 18 15 10 2 5 2 3
0 0 0 0 1 1 6 0 2 0 2 0 6 -1 -1 -1 -1 -1 -1 228586 0 15 18 15 10 2 5 2 3
0 0 0 0 1 3 6 0 2 0 2 0 6 5 2 4 0 0 0 229586 0 15 18 15 10 2 8 0 3
0 0 0 0 1 1 6 0 2 0 2 0 6 -1 -1 -1 -1 -1 -1 230586 0 15 18 15 10 2 8 0 3
0 0 0 0 1 6 1 0 2 0 2 0 5 -1 -1 -1 -1 -1 -1 231587 0 15 18 15 10 2 8 0 3
0 0 0 0 1 6 1 0 2 0 2 0 5 -1 -1 -1 -1 -1 -1 232587 0 15 18 15 10 2 8 0 3
0 0 0 0 3 6 1 0 2 0 2 0 5 4 0 4 1 0 0 233587 0 15 18 15 10 2 6 2 3
0 0 0 0 1 6 1 0 2 0 2 0 5 -1 -1 -1 -1 -1 -1 234587 0 15 18 15 10 2 6 2 3
0 0 0 0 1 6 1 0 2 0 2 0 5 -1 -1 -1 -1 -1 -1 235588 0 15 18 15 10 2 6 2 3
0 0 0 0 1 1 6 0 2 0 2 0 6 -1 -1 -1 -1 -1 -1 236588 0 15 18 15 10 2 6 2 3
0 0 0 0 1 3 6 0 2 0 2 0 6 5 3 4 3 0 0 237588 0 15 18 15 10 2 6 2 3
0 0 0 0 1 6 1 0 2 0 2 0 5 -1 -1 -1 -1 -1 -1 238588 0 15 18 15 10 2 6 2 3
0 0 0 0 1 6 1 0 2 0 2 0 5 -1 -1 -1 -1 -1 -1 239588 0 15 18 15 10 2 6 2 3
0 0 0 0 1 6 1 0 2 0 2 0 5 -1 -1 -1 -1 -1 -1 240589 0 15 18 15 10 2 6 2 3
0 0 0 0 1 7 1 0 2 0 2 0 5 5 0 4 1 1 1 241589 0 15 18 15 10 2 4 2 3
0 0 0 0 1 6 1 0 2 0 2 0 5 -1 -1 -1 -1 -1 -1 242389 0 15 18 16 13 2 4 2 3
0 0 0 0 1 6 1 0 2 0 2 0 5 -1 -1 -1 -1 -1 -1 243156 0 15 18 16 13 2 4 2 3
0 0 0 0 1 6 1 0 2 0 2 0 5 -1 -1 -1 -1 -1 -1 243923 0 15 18 16 13 2 4 2 3
0 0 0 0 1 6 3 0 2 0 2 0 5 6 2 4 0 0 0 244689 0 15 18 16 13 2 6 2 3
0 0 0 0 1 6 1 0 2 0 2 0 5 -1 -1 -1 -1 -1 -1 245490 0 15 18 16 13 2 6 2 3
0 0 0 0 1 6 1 0 2 0 2 0 5 -1 -1 -1 -1 -1 -1 246256 0 15 18 16 13 2 6 2 3
0 0 0 0 1 6 1 0 2 0 2 0 5 -1 -1 -1 -1 -1 -1 247023 0 15 18 16 13 2 6 2 3
0 0 0 0 1 7 1 0 2 0 2 0 5 5 0 4 1 1 1 247790 0 15 18 16 13 2 6 2 3
0 0 0 1 1 6 1 1 3 1 3 2 5 -1 -1 -1 -1 -1 -1 254492 0 15 18 15 60 2 8 0 5
0 0 0 1 1 6 1 1 3 1 3 2 5 -1 -1 -1 -1 -1 -1 254658 0 15 18 15 60 2 8 0 5
0 0 0 1 1 6 1 1 3 1 3 2 5 -1 -1 -1 -1 -1 -1 254825 0 15 18 15 60 2 5 2 5
0 0 0 1 1 6 1 1 3 1 3 2 5 -1 -1 -1 -1 -1 -1 254992 0 15 18 15 50 2 5 2 5
0 0 0 1 1 6 1 1 3 1 3 2 5 -1 -1 -1 -1 -1 -1 255292 0 15 18 15 20 2 5 2 5
0 0 0 1 1 6 1 1 3 1 3 2 5 -1 -1 -1 -1 -1 -1 256225 0 15 18 15 10 2 5 2 5
0 0 0 1 1 6 1 1 3 1 3 2 5 -1 -1 -1 -1 -1 -1 257225 0 15 18 15 10 2 4 2 5
0 0 0 1 1 6 1 1 3 1 3 2 5 -1 -1 -1 -1 -1 -1 258225 0 15 18 15 10 2 4 2 5
0 0 0 1 1 6 1 1 3 1 3 2 5 -1 -1 -1 -1 -1 -1 259224 0 15 18 15 10 2 4 2 5
0 0 0 1 1 6 1 1 3 1 3 2 5 -1 -1 -1 -1 -1 -1 260224 0 15 18 15 10 2 4 2 5
0 0 0 1 1 6 1 3 3 1 3 2 5 7 4 8 3 0 0 261224 0 15 18 15 10 2 6 2 5
0 0 0 1 1 6 1 1 3 1 3 2 5 -1 -1 -1 -1 -1 -1 262224 0 15 18 15 10 2 6 2 5
0 0 0 1 1 6 1 4 3 1 3 2 5 -1 -1 -1 -1 -1 -1 263223 1 15 18 15 10 2 6 2 5
0 0 0 1 1 6 1 1 3 1 3 2 5 -1 -1 -1 -1 -1 -1 264223 0 15 18 15 10 2 6 2 5
0 0 0 1 1 6 1 3 3 1 3 2 5 7 4 5 0 0 0 265223 0 15 18 15 10 2 5 2 5
0 0 0 1 1 6 1 1 3 1 3 2 5 -1 -1 -1 -1 -1 -1 266223 0 15 18 15 10 2 5 2 5
0 0 0 1 1 6 1 4 3 1 3 2 5 -1 -1 -1 -1 -1 -1 267223 1 15 18 15 10 2 5 2 5
0 0 0 1 6 1 1 1 3 1 3 2 4 -1 -1 -1 -1 -1 -1 268222 0 15 18 15 10 2 5 2 5
0 0 0 1 6 3 1 1 3 1 3 2 4 5 4 8 3 0 0 269222 0 15 18 15 10 2 4 2 5
0 0 0 1 6 1 1 1 3 1 3 2 4 -1 -1 -1 -1 -1 -1 270222 0 15 18 15 10 2 4 2 5
0 0 0 1 6 1 4 1 3 1 3 2 4 -1 -1 -1 -1 -1 -1 271222 1 15 18 15 10 2 4 2 5
0 0 0 1 1 6 1 1 3 1 3 2 5 -1 -1 -1 -1 -1 -1 272221 0 15 18 15 10 2 4 2 5
0 0 0 1 3 6 1 1 3 1 3 2 5 4 4 7 2 0 0 273221 0 15 18 15 10 2 5 2 5
0 0 0 1 1 6 1 1 3 1 3 2 5 -1 -1 -1 -1 -1 -1 274221 0 15 18 15 10 2 5 2 5
0 0 0 1 1 6 4 1 3 1 3 2 5 -1 -1 -1 -1 -1 -1 275221 1 15 18 15 10 2 5 2 5
0 0 0 1 1 6 1 1 3 1 3 2 5 -1 -1 -1 -1 -1 -1 276220 0 15 18 15 10 2 5 2 5
0 0 0 1 1 8 1 1 3 1 3 2 5 5 4 8 3 0 1 277220 0 15 18 15 10 2 4 2 5
0 0 0 1 1 1 6 1 3 1 3 2 6 -1 -1 -1 -1 -1 -1 278220 0 15 18 15 10 2 4 2 5
0 0 0 4 1 1 1 6 3 1 3 2 7 -1 -1 -1 -1 -1 -1 279220 1 15 18 15 10 2 4 2 5
0 0 0 1 1 1 1 6 3 1 3 2 7 -1 -1 -1 -1 -1 -1 280219 0 15 18 15 10 2 4 2 5
0 0 0 1 1 1 1 7 3 1 3 2 7 7 4 8 3 1 1 281219 0 15 18 15 10 2 8 0 5
0 0 0 1 1 1 6 1 3 1 3 2 6 -1 -1 -1 -1 -1 -1 282219 0 15 18 15 10 2 8 0 5
0 0 0 1 1 6 1 4 3 1 3 2 5 -1 -1 -1 -1 -1 -1 283219 1 15 18 15 10 2 8 0 5
0 0 0 1 1 1 1 6 3 1 3 2 7 -1 -1 -1 -1 -1 -1 284218 0 15 18 15 10 2 8 0 5
0 0 0 1 1 1 1 7 3 1 3 2 7 7 4 7 2 1 1 285218 0 15 18 15 10 2 5 2 5
0 0 0 1 1 1 6 1 3 1 3 2 6 -1 -1 -1 -1 -1 -1 286018 0 15 18 16 13 2 5 2 5
0 0 0 4 1 1 6 1 3 1 3 2 6 -1 -1 -1 -1 -1 -1 286784 1 15 18 16 13 2 5 2 5
0 0 0 1 1 1 6 1 3 1 3 2 6 -1 -1 -1 -1 -1 -1 287584 0 15 18 16 13 2 5 2 5
0 0 0 1 1 1 1 7 3 1 3 2 7 7 4 8 3 1 1 288351 0 15 18 16 13 2 4 2 5
0 0 0 1 1 1 1 6 3 1 3 2 7 -1 -1 -1 -1 -1 -1 289117 0 15 18 16 13 2 4 2 5
0 0 0 1 4 1 6 1 3 1 3 2 6 -1 -1 -1 -1 -1 -1 289884 1 15 18 16 13 2 4 2 5
0 0 0 1 1 6 1 1 3 1 3 2 5 -1 -1 -1 -1 -1 -1 290650 0 15 18 16 13 2 4 2 5
0 0 0 1 1 6 3 1 3 1 3 2 5 6 4 7 2 0 0 291417 0 15 18 16 13 2 6 2 5
0 0 0 1 1 6 1 1 3 1 3 2 5 -1 -1 -1 -1 -1 -1 292183 0 15 18 16 13 2 6 2 5
0 0 0 1 6 1 4 1 3 1 3 2 4 -1 -1 -1 -1 -1 -1 292950 1 15 18 16 13 2 6 2 5
0 0 0 1 1 6 1 1 3 1 3 2 5 -1 -1 -1 -1 -1 -1 293716 0 15 18 16 13 2 6 2 5
0 0 0 1 3 6 1 1 3 1 3 2 5 4 4 6 1 0 0 294483 0 15 18 16 13 2 5 2 5
0 0 0 1 1 6 1 1 3 1 3 2 5 -1 -1 -1 -1 -1 -1 295249 0 15 18 16 13 2 5 2 5
0 0 0 1 4 6 1 1 3 1 3 2 5 -1 -1 -1 -1 -1 -1 296015 1 15 18 16 13 2 5 2 5
0 0 0 1 6 1 1 1 3 1 3 2 4 -1 -1 -1 -1 -1 -1 296782 0 15 18 16 13 2 5 2 5
0 0 0 1 6 3 1 1 3 1 3 2 4 5 4 7 2 0 0 297548 0 15 18 16 13 2 4 2 5
0 0 0 1 1 6 1 1 3 1 3 2 5 -1 -1 -1 -1 -1 -1 298348 0 15 18 16 13 2 4 2 5
0 0 0 4 1 6 1 1 3 1 3 2 5 -1 -1 -1 -1 -1 -1 299115 1 15 18 16 13 2 4 2 5
0 0 0 1 1 6 1 1 3 1 3 2 5 -1 -1 -1 -1 -1 -1 299881 0 15 18 16 13 2 4 2 5
0 0 0 1 3 6 1 1 3 1 3 2 5 4 4 8 3 0 0 300648 0 15 18 16 13 2 5 2 5
0 0 0 1 1 1 6 1 3 1 3 2 6 -1 -1 -1 -1 -1 -1 301414 0 15 18 16 13 2 5 2 5
0 0 0 1 1 1 6 4 3 1 3 2 6 -1 -1 -1 -1 -1 -1 302181 1 15 18 16 13 2 5 2 5
0 0 0 1 1 1 6 1 3 1 3 2 6 -1 -1 -1 -1 -1 -1 302947 0 15 18 16 13 2 5 2 5
0 0 0 1 1 1 7 1 3 1 3 2 6 6 4 6 1 1 1 303714 0 15 18 16 13 2 4 2 5
0 0 0 1 1 6 1 1 4 2 3 2 5 -1 -1 -1 -1 -1 -1 311245 0 15 18 18 60 2 8 0 5
0 0 0 1 1 6 1 1 4 2 3 2 5 -1 -1 -1 -1 -1 -1 311412 0 15 18 18 60 2 8 0 5
0 0 0 1 1 6 1 1 4 2 3 2 5 -1 -1 -1 -1 -1 -1 311578 0 15 18 18 60 2 4 2 5
0 0 0 1 1 6 1 1 4 2 3 2 5 -1 -1 -1 -1 -1 -1 311745 0 15 18 18 51.8 2 4 2 5
0 0 0 1 1 6 1 1 4 2 3 2 5 -1 -1 -1 -1 -1 -1 312012 0 15 18 18 29.9333 2 4 2 5
0 0 0 1 1 6 1 1 4 2 3 2 5 -1 -1 -1 -1 -1 -1 312478 0 15 18 18 19 2 4 2 5
0 0 0 1 1 6 1 1 4 2 3 2 5 -1 -1 -1 -1 -1 -1 313011 0 15 18 18 19 2 4 2 5
0 0 0 1 1 6 1 1 4 2 3 2 5 -1 -1 -1 -1 -1 -1 313511 0 15 18 18 19 2 4 2 5
0 0 0 1 1 6 1 1 4 2 3 2 5 -1 -1 -1 -1 -1 -1 314044 0 15 18 18 19 2 4 2 5
0 0 0 1 6 1 1 1 4 2 3 2 4 -1 -1 -1 -1 -1 -1 314578 0 15 18 18 19 2 4 2 5
0 0 0 1 6 3 1 1 4 2 3 2 4 5 5 4 3 0 0 315111 0 15 18 18 19 2 4 2 5
0 0 0 1 1 6 1 1 4 2 3 2 5 -1 -1 -1 -1 -1 -1 315644 0 15 18 18 19 2 4 2 5
0 0 0 4 1 6 1 1 4 2 3 2 5 -1 -1 -1 -1 -1 -1 316144 1 15 18 18 19 2 4 2 5
0 0 0 1 1 6 1 1 4 2 3 2 5 -1 -1 -1 -1 -1 -1 316677 0 15 18 18 19 2 4 2 5
0 0 0 1 3 6 1 1 4 2 3 2 5 4 5 4 0 0 0 317210 0 15 18 18 19 2 6 2 5
0 0 0 1 1 6 1 1 4 2 3 2 5 -1 -1 -1 -1 -1 -1 317744 0 15 18 18 19 2 6 2 5
0 0 0 4 1 6 1 1 4 2 3 2 5 -1 -1 -1 -1 -1 -1 318243 1 15 18 18 19 2 6 2 5
0 0 0 1 1 6 1 1 4 2 3 2 5 -1 -1 -1 -1 -1 -1 318777 0 15 18 18 19 2 6 2 5
0 0 0 1 1 6 3 1 4 2 3 2 5 6 5 4 2 0 0 319310 0 15 18 18 19 2 6 2 5
0 0 0 1 1 6 1 1 4 2 3 2 5 -1 -1 -1 -1 -1 -1 319843 0 15 18 18 19 2 6 2 5
0 0 0 1 1 6 1 4 4 2 3 2 5 -1 -1 -1 -1 -1 -1 320376 1 15 18 18 19 2 6 2 5
0 0 0 1 1 6 1 1 4 2 3 2 5 -1 -1 -1 -1 -1 -1 320876 0 15 18 18 19 2 6 2 5
0 0 0 1 1 6 1 3 4 2 3 2 5 7 5 4 1 0 0 321409 0 15 18 18 19 2 4 2 5
0 0 0 1 1 6 1 1 4 2 3 2 5 -1 -1 -1 -1 -1 -1 321942 0 15 18 18 19 2 4 2 5
0 0 0 1 1 6 1 4 4 2 3 2 5 -1 -1 -1 -1 -1 -1 322476 1 15 18 18 19 2 4 2 5
0 0 0 1 1 6 1 1 4 2 3 2 5 -1 -1 -1 -1 -1 -1 323009 0 15 18 18 19 2 4 2 5
0 0 0 1 1 8 2 1 4 2 3 2 5 6 5 4 0 1 0 323509 0 15 18 18 19 2 6 2 5
0 0 0 1 1 6 1 1 4 2 3 2 5 -1 -1 -1 -1 -1 -1 324142 0 15 18 17 16 2 6 2 5
0 0 0 1 1 6 4 1 4 2 3 2 5 -1 -1 -1 -1 -1 -1 324742 1 15 18 17 16 2 6 2 5
0 0 0 1 1 1 6 1 4 2 3 2 6 -1 -1 -1 -1 -1 -1 325375 0 15 18 17 16 2 6 2 5
0 0 0 1 1 1 7 1 4 2 3 2 6 6 5 4 2 1 1 326008 0 15 18 17 16 2 8 0 5
0 0 0 1 1 1 6 1 4 2 3 2 6 -1 -1 -1 -1 -1 -1 326641 0 15 18 17 16 2 8 0 5
0 0 0 4 1 6 1 1 4 2 3 2 5 -1 -1 -1 -1 -1 -1 327241 1 15 18 17 16 2 8 0 5
0 0 0 1 1 6 1 1 4 2 3 2 5 -1 -1 -1 -1 -1 -1 327874 0 15 18 17 16 2 8 0 5
0 0 0 1 2 8 1 1 4 2 3 2 5 4 5 4 1 1 0 328508 0 15 18 17 16 2 4 2 5
0 0 0 1 1 6 1 1 4 2 3 2 5 -1 -1 -1 -1 -1 -1 329241 0 15 18 16 13 2 4 2 5
0 0 0 1 6 1 4 1 4 2 3 2 4 -1 -1 -1 -1 -1 -1 330007 1 15 18 16 13 2 4 2 5
0 0 0 1 6 1 1 1 4 2 3 2 4 -1 -1 -1 -1 -1 -1 330674 0 15 18 16 16.25 2 4 2 5
0 0 0 8 1 1 1 1 4 2 3 2 3 3 5 4 2 0 1 331307 0 15 18 16 16.25 2 4 2 5
0 0 0 1 6 1 1 1 4 2 3 2 4 -1 -1 -1 -1 -1 -1 332073 0 15 18 15 11.1667 2 4 2 5
0 0 0 6 1 4 1 1 4 2 3 2 3 -1 -1 -1 -1 -1 -1 333073 1 15 18 15 10 2 4 2 5
0 0 0 6 1 1 1 1 4 2 3 2 3 -1 -1 -1 -1 -1 -1 334073 0 15 18 15 10 2 4 2 5
0 0 0 7 1 1 1 1 4 2 3 2 3 3 5 4 2 1 1 335073 0 15 18 15 10 2 4 2 5
0 0 0 1 1 6 1 1 4 2 3 2 5 -1 -1 -1 -1 -1 -1 336072 0 15 18 15 10 2 4 2 5
0 0 0 4 1 6 1 1 4 2 3 2 5 -1 -1 -1 -1 -1 -1 337072 1 15 18 15 10 2 4 2 5
0 0 0 1 1 6 1 1 4 2 3 2 5 -1 -1 -1 -1 -1 -1 338072 0 15 18 15 10 2 4 2 5
0 0 0 1 3 6 1 1 4 2 3 2 5 4 5 4 0 0 0 339072 0 15 18 15 10 2 6 2 5
0 0 0 6 1 1 1 1 4 2 3 2 3 -1 -1 -1 -1 -1 -1 340071 0 15 18 15 10 2 6 2 5
0 0 0 6 1 4 1 1 4 2 3 2 3 -1 -1 -1 -1 -1 -1 341071 1 15 18 15 10 2 6 2 5
0 0 0 1 1 6 1 1 4 2 3 2 5 -1 -1 -1 -1 -1 -1 342071 0 15 18 15 10 2 6 2 5
0 0 0 3 1 6 1 1 4 2 3 2 5 3 5 4 3 0 0 343071 0 15 18 15 10 2 6 2 5
0 0 0 1 1 6 1 1 4 2 3 2 5 -1 -1 -1 -1 -1 -1 344070 0 15 18 15 10 2 6 2 5
0 0 0 1 1 6 1 4 4 2 3 2 5 -1 -1 -1 -1 -1 -1 345070 1 15 18 15 10 2 6 2 5
0 0 0 1 1 6 1 1 4 2 3 2 5 -1 -1 -1 -1 -1 -1 346070 0 15 18 15 10 2 6 2 5
0 0 0 1 3 6 1 1 4 2 3 2 5 4 5 4 0 0 0 347070 0 15 18 15 10 2 4 2 5
0 0 0 1 1 6 1 1 4 2 3 2 5 -1 -1 -1 -1 -1 -1 348036 0 15 18 15 12.5 2 4 2 5
0 0 0 1 6 1 1 4 4 2 3 2 4 -1 -1 -1 -1 -1 -1 348836 1 15 18 15 12.5 2 4 2 5
0 0 0 6 1 1 1 1 4 2 3 2 3 -1 -1 -1 -1 -1 -1 349636 0 15 18 15 11.5 2 4 2 5
0 0 0 8 1 1 1 1 4 2 3 2 3 3 5 4 2 0 1 350602 0 15 18 15 10 2 6 2 5
0 0 0 1 6 1 1 1 4 2 3 2 4 -1 -1 -1 -1 -1 -1 351602 0 15 18 15 10 2 6 2 5
0 0 0 4 1 6 1 1 4 2 3 2 5 -1 -1 -1 -1 -1 -1 352602 1 15 18 15 10 2 6 2 5
0 0 0 1 1 6 1 1 4 2 3 2 5 -1 -1 -1 -1 -1 -1 353601 0 15 18 15 10 2 6 2 5
0 0 0 1 1 7 1 1 4 2 3 2 5 5 5 4 3 1 1 354601 0 15 18 15 10 2 8 0 5
0 0 0 1 1 1 6 1 4 2 3 2 6 -1 -1 -1 -1 -1 -1 355601 0 15 18 15 10 2 8 0 5
0 0 0 1 1 4 6 1 4 2 3 2 6 -1 -1 -1 -1 -1 -1 356601 1 15 18 15 10 2 8 0 5
0 0 0 1 1 1 6 1 4 2 3 2 6 -1 -1 -1 -1 -1 -1 357600 0 15 18 15 10 2 8 0 5
0 0 0 1 1 3 6 1 4 2 3 2 6 5 5 4 3 0 0 358600 0 15 18 15 10 2 4 2 5
0 0 0 1 1 6 1 1 4 2 3 2 5 -1 -1 -1 -1 -1 -1 359600 0 15 18 15 10 2 4 2 5
0 0 0 1 6 1 1 4 4 2 3 2 4 -1 -1 -1 -1 -1 -1 360600 1 15 18 15 10 2 4 2 5
0 0 0 1 6 1 1 1 4 2 3 2 4 -1 -1 -1 -1 -1 -1 361599 0 15 18 15 10 2 4 2 5
0 0 0 1 7 1 1 1 4 2 3 2 4 4 5 4 2 1 1 362599 0 15 18 15 10 2 4 2 5
0 0 0 1 6 1 1 1 4 2 3 2 4 -1 -1 -1 -1 -1 -1 363432 0 15 18 16 13 2 4 2 5
0 0 0 1 6 1 4 1 4 2 3 2 4 -1 -1 -1 -1 -1 -1 364199 1 15 18 16 13 2 4 2 5
0 0 0 1 6 1 1 1 4 2 3 2 4 -1 -1 -1 -1 -1 -1 364965 0 15 18 16 13 2 4 2 5
0 0 0 3 1 6 1 1 4 2 3 2 5 3 5 4 1 0 0 365732 0 15 18 16 13 2 4 2 5
0 0 0 1 1 6 1 1 4 2 3 2 5 -1 -1 -1 -1 -1 -1 366498 0 15 18 16 13 2 4 2 5
0 0 0 1 1 6 1 4 4 2 3 2 5 -1 -1 -1 -1 -1 -1 367265 1 15 18 16 13 2 4 2 5
0 0 0 1 1 6 1 1 4 2 3 2 5 -1 -1 -1 -1 -1 -1 368031 0 15 18 16 13 2 4 2 5
0 0 0 1 1 3 6 1 4 2 3 2 6 5 5 4 2 0 0 368798 0 15 18 16 13 2 6 2 5
0 0 0 1 1 1 6 1 4 2 3 2 6 -1 -1 -1 -1 -1 -1 369564 0 15 18 16 13 2 6 2 5
0 0 0 1 4 1 6 1 4 2 3 2 6 -1 -1 -1 -1 -1 -1 370331 1 15 18 16 13 2 6 2 5
0 0 0 1 1 1 6 1 4 2 3 2 6 -1 -1 -1 -1 -1 -1 371097 0 15 18 16 16.25 2 6 2 5
0 0 0 1 1 1 6 3 4 2 3 2 6 7 5 4 3 0 0 371697 0 15 18 16 16.25 2 6 2 5
0 0 0 1 1 1 6 1 4 2 3 2 6 -1 -1 -1 -1 -1 -1 372297 0 15 18 16 16.25 2 6 2 5
0 0 0 4 1 6 1 1 4 2 3 2 5 -1 -1 -1 -1 -1 -1 372963 1 15 18 16 13.2167 2 6 2 5
0 0 0 1 6 1 1 1 4 2 3 2 4 -1 -1 -1 -1 -1 -1 373730 0 15 18 16 13 2 6 2 5
0 0 0 1 6 3 1 1 4 2 3 2 4 5 5 4 2 0 0 374496 0 15 18 16 13 2 4 2 5
0 0 0 1 1 6 1 1 4 2 3 2 5 -1 -1 -1 -1 -1 -1 375296 0 15 18 16 13 2 4 2 5
0 0 0 4 6 1 1 1 4 2 3 2 4 -1 -1 -1 -1 -1 -1 376063 1 15 18 16 13 2 4 2 5
0 0 0 1 6 1 1 1 4 2 3 2 4 -1 -1 -1 -1 -1 -1 376829 0 15 18 16 13 2 4 2 5
0 0 0 8 1 1 1 1 4 2 3 2 3 3 5 4 1 0 1 377596 0 15 18 16 13 2 6 2 5
0 0 0 6 1 1 1 1 4 2 3 2 3 -1 -1 -1 -1 -1 -1 378529 0 15 18 15 10 2 6 2 5
0 0 0 1 6 4 1 1 4 2 3 2 4 -1 -1 -1 -1 -1 -1 379528 1 15 18 15 10 2 6 2 5
0 0 0 6 1 1 1 1 4 2 3 2 3 -1 -1 -1 -1 -1 -1 380528 0 15 18 15 10 2 6 2 5
0 0 0 8 1 1 1 1 4 2 3 2 3 3 5 4 0 0 1 381528 0 15 18 15 10 2 8 0 5
0 0 0 1 6 1 1 1 4 2 3 2 4 -1 -1 -1 -1 -1 -1 382528 0 15 18 15 10 2 8 0 5
0 0 0 1 6 1 4 1 4 2 3 2 4 -1 -1 -1 -1 -1 -1 383527 1 15 18 15 10 2 8 0 5
0 0 0 1 6 1 1 1 4 2 3 2 4 -1 -1 -1 -1 -1 -1 384527 0 15 18 15 10 2 8 0 5
0 0 0 1 7 1 1 1 4 2 3 2 4 4 5 4 2 1 1 385527 0 15 18 15 10 2 4 2 5
0 0 0 1 6 1 1 1 4 2 3 2 4 -1 -1 -1 -1 -1 -1 386527 0 15 18 15 10 2 4 2 5
0 0 0 1 6 4 1 1 4 2 3 2 4 -1 -1 -1 -1 -1 -1 387526 1 15 18 15 10 2 4 2 5
0 0 0 1 6 1 1 1 4 2 3 2 4 -1 -1 -1 -1 -1 -1 388526 0 15 18 15 10 2 4 2 5
0 0 0 1 8 1 1 1 4 2 3 2 4 4 5 4 0 0 1 389526 0 15 18 15 10 2 4 2 5
0 0 0 1 6 1 1 1 4 2 3 2 4 -1 -1 -1 -1 -1 -1 390526 0 15 18 15 10 2 4 2 5
0 0 0 1 6 4 1 1 4 2 3 2 4 -1 -1 -1 -1 -1 -1 391525 1 15 18 15 10 2 4 2 5
0 0 0 1 1 1 6 1 4 2 3 2 6 -1 -1 -1 -1 -1 -1 392525 0 15 18 15 10 2 4 2 5
0 0 0 1 3 1 6 1 4 2 3 2 6 4 5 4 3 0 0 393525 0 15 18 15 10 2 4 2 5
0 0 0 1 1 1 6 1 4 2 3 2 6 -1 -1 -1 -1 -1 -1 394525 0 15 18 15 10 2 4 2 5
0 0 0 1 1 4 6 1 4 2 3 2 6 -1 -1 -1 -1 -1 -1 395525 1 15 18 15 10 2 4 2 5
0 0 0 1 1 1 6 1 4 2 3 2 6 -1 -1 -1 -1 -1 -1 396524 0 15 18 15 10 2 4 2 5
0 0 0 1 1 3 6 1 4 2 3 2 6 5 5 4 1 0 0 397524 0 15 18 15 10 2 6 2 5
0 0 0 1 1 1 6 1 4 2 3 2 6 -1 -1 -1 -1 -1 -1 398524 0 15 18 15 10 2 6 2 5
0 0 0 1 4 1 6 1 4 2 3 2 6 -1 -1 -1 -1 -1 -1 399524 1 15 18 15 10 2 6 2 5
0 0 0 1 1 1 6 1 4 2 3 2 6 -1 -1 -1 -1 -1 -1 400523 0 15 18 15 10 2 6 2 5
0 0 0 1 2 1 8 1 4 2 3 2 6 4 5 4 0 1 0 401523 0 15 18 15 10 2 6 2 5
0 0 0 1 1 1 6 1 4 2 3 2 6 -1 -1 -1 -1 -1 -1 402523 0 15 18 15 10 2 6 2 5
0 0 0 4 1 6 1 1 4 2 3 2 5 -1 -1 -1 -1 -1 -1 403523 1 15 18 15 10 2 6 2 5
0 0 0 1 1 6 1 1 4 2 3 2 5 -1 -1 -1 -1 -1 -1 404522 0 15 18 15 10 2 6 2 5
0 0 0 3 6 1 1 1 4 2 3 2 4 3 5 4 2 0 0 405522 0 15 18 15 10 2 4 2 5
0 0 0 1 6 1 1 1 4 2 3 2 4 -1 -1 -1 -1 -1 -1 406522 0 15 18 15 10 2 4 2 5
0 0 0 1 6 1 4 1 4 2 3 2 4 -1 -1 -1 -1 -1 -1 407522 1 15 18 15 10 2 4 2 5
0 0 0 1 6 1 1 1 4 2 3 2 4 -1 -1 -1 -1 -1 -1 408521 0 15 18 15 10 2 4 2 5
0 0 0 2 8 1 1 1 4 2 3 2 4 3 5 4 1 1 0 409521 0 15 18 15 10 2 6 2 5
0 0 0 1 6 1 1 1 4 2 3 2 4 -1 -1 -1 -1 -1 -1 410521 0 15 18 15 10 2 6 2 5
0 0 0 1 6 1 4 1 4 2 3 2 4 -1 -1 -1 -1 -1 -1 411521 1 15 18 15 10 2 6 2 5
0 0 0 1 6 1 1 1 4 2 3 2 4 -1 -1 -1 -1 -1 -1 412520 0 15 18 15 10 2 6 2 5
0 0 0 8 1 1 1 1 4 2 3 2 3 3 5 4 2 0 1 413520 0 15 18 15 10 2 8 0 5
0 0 0 6 1 1 1 1 4 2 3 2 3 -1 -1 -1 -1 -1 -1 414520 0 15 18 15 10 2 8 0 5
0 0 0 1 6 4 1 1 4 2 3 2 4 -1 -1 -1 -1 -1 -1 415520 1 15 18 15 10 2 8 0 5
0 0 0 1 1 1 6 1 4 2 3 2 6 -1 -1 -1 -1 -1 -1 416519 0 15 18 15 10 2 8 0 5
0 0 0 1 1 7 1 1 4 2 3 2 5 5 5 4 2 1 1 417519 0 15 18 15 10 2 4 2 5
0 0 0 1 1 6 1 1 4 2 3 2 5 -1 -1 -1 -1 -1 -1 418519 0 15 18 15 10 2 4 2 5
0 0 0 4 1 6 1 1 4 2 3 2 5 -1 -1 -1 -1 -1 -1 419519 1 15 18 15 10 2 4 2 5
0 0 0 1 6 1 1 1 4 2 3 2 4 -1 -1 -1 -1 -1 -1 420518 0 15 18 15 10 2 4 2 5
0 0 0 1 6 3 1 1 4 2 3 2 4 5 5 4 3 0 0 421518 0 15 18 15 10 2 4 2 5
0 0 0 1 6 1 1 1 4 2 3 2 4 -1 -1 -1 -1 -1 -1 422518 0 15 18 15 10 2 4 2 5
0 0 0 1 1 6 1 4 4 2 3 2 5 -1 -1 -1 -1 -1 -1 423518 1 15 18 15 10 2 4 2 5
0 0 0 1 1 6 1 1 4 2 3 2 5 -1 -1 -1 -1 -1 -1 424517 0 15 18 15 10 2 4 2 5
0 0 0 1 1 6 3 1 4 2 3 2 5 6 5 4 0 0 0 425517 0 15 18 15 10 2 4 2 5
0 0 0 1 1 6 1 1 4 2 3 2 5 -1 -1 -1 -1 -1 -1 426517 0 15 18 15 10 2 4 2 5
0 0 0 1 4 6 1 1 4 2 3 2 5 -1 -1 -1 -1 -1 -1 427517 1 15 18 15 10 2 4 2 5
0 0 0 1 6 1 1 1 4 2 3 2 4 -1 -1 -1 -1 -1 -1 428516 0 15 18 15 10 2 4 2 5
0 0 0 1 6 3 1 1 4 2 3 2 4 5 5 4 1 0 0 429516 0 15 18 15 10 2 6 2 5
0 0 0 1 1 6 1 1 4 2 3 2 5 -1 -1 -1 -1 -1 -1 430516 0 15 18 15 10 2 6 2 5
0 0 0 1 1 6 1 1 5 2 3 2 5 -1 -1 -1 -1 -1 -1 439714 0 15 18 15 60 2 8 0 5
0 0 0 1 1 6 1 1 5 2 3 2 5 -1 -1 -1 -1 -1 -1 439880 0 15 18 15 60 2 8 0 5
0 0 0 1 1 6 1 1 5 2 3 2 5 -1 -1 -1 -1 -1 -1 440047 0 15 18 15 60 2 4 2 5
0 0 0 1 1 6 1 1 5 2 3 2 5 -1 -1 -1 -1 -1 -1 440214 0 15 18 15 50 2 4 2 5
0 0 0 1 1 6 1 1 5 2 3 2 5 -1 -1 -1 -1 -1 -1 440514 0 15 18 15 20 2 4 2 5
0 0 0 1 1 6 1 1 5 2 3 2 5 -1 -1 -1 -1 -1 -1 441447 0 15 18 15 10 2 4 2 5
0 0 0 1 1 6 1 1 5 2 3 2 5 -1 -1 -1 -1 -1 -1 442446 0 15 18 15 10 2 6 2 5
0 0 0 1 1 6 1 1 5 2 3 2 5 -1 -1 -1 -1 -1 -1 443446 0 15 18 15 10 2 6 2 5
0 0 0 1 1 6 1 1 5 2 3 2 5 -1 -1 -1 -1 -1 -1 444446 0 15 18 15 10 2 6 2 5
0 0 0 1 1 6 1 1 5 2 3 2 5 -1 -1 -1 -1 -1 -1 445446 0 15 18 15 10 2 6 2 5
0 0 0 3 1 6 1 1 5 2 3 2 5 3 5 4 2 0 0 446445 0 15 18 15 10 2 4 2 5
0 0 0 1 1 6 1 1 5 2 3 2 5 -1 -1 -1 -1 -1 -1 447445 0 15 18 15 10 2 4 2 5
0 0 0 1 1 6 4 1 5 2 3 2 5 -1 -1 -1 -1 -1 -1 448445 1 15 18 15 10 2 4 2 5
0 0 0 1 1 6 1 1 5 2 3 2 5 -1 -1 -1 -1 -1 -1 449445 0 15 18 15 10 2 4 2 5
0 0 0 1 6 3 1 1 5 2 3 2 4 5 5 4 3 0 0 450444 0 15 18 15 10 2 4 2 5
0 0 0 1 6 1 1 1 5 2 3 2 4 -1 -1 -1 -1 -1 -1 451444 0 15 18 15 10 2 4 2 5
0 0 0 1 6 1 1 4 5 2 3 2 4 -1 -1 -1 -1 -1 -1 452444 1 15 18 15 10 2 4 2 5
0 0 0 1 6 1 1 1 5 2 3 2 4 -1 -1 -1 -1 -1 -1 453444 0 15 18 15 10 2 4 2 5
0 0 0 1 6 3 1 1 5 2 3 2 4 5 5 4 0 0 0 454443 0 15 18 15 10 2 5 2 5
0 0 0 1 6 1 1 1 5 2 3 2 4 -1 -1 -1 -1 -1 -1 455443 0 15 18 15 10 2 5 2 5
0 0 0 1 6 1 1 4 5 2 3 2 4 -1 -1 -1 -1 -1 -1 456443 1 15 18 15 10 2 5 2 5
0 0 0 1 6 1 1 1 5 2 3 2 4 -1 -1 -1 -1 -1 -1 457443 0 15 18 15 10 2 5 2 5
0 0 0 1 6 3 1 1 5 2 3 2 4 5 5 4 3 0 0 458442 0 15 18 15 10 2 4 2 5
0 0 0 1 6 1 1 1 5 2 3 2 4 -1 -1 -1 -1 -1 -1 459442 0 15 18 15 10 2 4 2 5
0 0 0 1 6 4 1 1 5 2 3 2 4 -1 -1 -1 -1 -1 -1 460442 1 15 18 15 10 2 4 2 5
0 0 0 1 1 6 1 1 5 2 3 2 5 -1 -1 -1 -1 -1 -1 461442 0 15 18 15 10 2 4 2 5
0 0 0 1 3 6 1 1 5 2 3 2 5 4 5 4 1 0 0 462442 0 15 18 15 10 2 6 2 5
0 0 0 1 1 6 1 1 5 2 3 2 5 -1 -1 -1 -1 -1 -1 463441 0 15 18 15 10 2 6 2 5
0 0 0 1 1 6 1 4 5 2 3 2 5 -1 -1 -1 -1 -1 -1 464441 1 15 18 15 10 2 6 2 5
0 0 0 1 1 6 1 1 5 2 3 2 5 -1 -1 -1 -1 -1 -1 465441 0 15 18 15 10 2 6 2 5
0 0 0 1 1 7 1 1 5 2 3 2 5 5 5 4 0 1 1 466441 0 15 18 15 10 2 8 0 5
0 0 0 1 1 1 6 1 5 2 3 2 6 -1 -1 -1 -1 -1 -1 467440 0 15 18 15 10 2 8 0 5
0 0 0 1 1 4 6 1 5 2 3 2 6 -1 -1 -1 -1 -1 -1 468440 1 15 18 15 10 2 8 0 5
0 0 0 1 1 1 6 1 5 2 3 2 6 -1 -1 -1 -1 -1 -1 469440 0 15 18 15 10 2 8 0 5
0 0 0 1 1 3 6 1 5 2 3 2 6 5 5 4 1 0 0 470440 0 15 18 15 10 2 4 2 5
0 0 0 1 1 6 1 1 5 2 3 2 5 -1 -1 -1 -1 -1 -1 471439 0 15 18 15 10 2 4 2 5
0 0 0 1 1 6 1 4 5 2 3 2 5 -1 -1 -1 -1 -1 -1 472439 1 15 18 15 10 2 4 2 5
0 0 0 1 1 6 1 1 5 2 3 2 5 -1 -1 -1 -1 -1 -1 473439 0 15 18 15 10 2 4 2 5
0 0 0 1 1 7 1 1 5 2 3 2 5 5 5 4 1 1 1 474439 0 15 18 15 10 2 6 2 5
0 0 0 1 1 6 1 1 5 2 3 2 5 -1 -1 -1 -1 -1 -1 475238 0 15 18 16 13 2 6 2 5
0 0 0 1 4 6 1 1 5 2 3 2 5 -1 -1 -1 -1 -1 -1 476005 1 15 18 16 13 2 6 2 5
0 0 0 1 1 6 1 1 5 2 3 2 5 -1 -1 -1 -1 -1 -1 476771 0 15 18 16 13 2 6 2 5
0 0 0 1 3 6 1 1 5 2 3 2 5 4 5 4 2 0 0 477538 0 15 18 16 16.25 2 4 2 5
0 0 0 1 1 6 1 1 5 2 3 2 5 -1 -1 -1 -1 -1 -1 478171 0 15 18 16 16.25 2 4 2 5
0 0 0 1 1 6 1 4 5 2 3 2 5 -1 -1 -1 -1 -1 -1 478771 1 15 18 16 16.25 2 4 2 5
0 0 0 1 1 1 6 1 5 2 3 2 6 -1 -1 -1 -1 -1 -1 479437 0 15 18 16 13.4333 2 4 2 5
0 0 0 1 1 2 8 1 5 2 3 2 6 5 5 4 1 1 0 480204 0 15 18 16 13 2 4 2 5
0 0 0 1 1 6 1 1 5 2 3 2 5 -1 -1 -1 -1 -1 -1 481137 0 15 18 15 10 2 4 2 5
0 0 0 1 1 6 1 4 5 2 3 2 5 -1 -1 -1 -1 -1 -1 482137 1 15 18 15 10 2 4 2 5
0 0 0 6 1 1 1 1 5 2 3 2 3 -1 -1 -1 -1 -1 -1 483136 0 15 18 15 10 2 4 2 5
0 0 0 1 8 1 1 1 5 2 3 2 4 4 5 4 3 0 1 484136 0 15 18 15 10 2 5 2 5
0 0 0 1 6 1 1 1 5 2 3 2 4 -1 -1 -1 -1 -1 -1 485136 0 15 18 15 10 2 5 2 5
0 0 0 1 6 1 1 4 5 2 3 2 4 -1 -1 -1 -1 -1 -1 486136 1 15 18 15 10 2 5 2 5
0 0 0 6 1 1 1 1 5 2 3 2 3 -1 -1 -1 -1 -1 -1 487135 0 15 18 15 10 2 5 2 5
0 0 0 7 1 1 1 1 5 2 3 2 3 3 5 4 2 1 1 488135 0 15 18 15 10 2 4 2 5
0 0 0 1 6 1 1 1 5 2 3 2 4 -1 -1 -1 -1 -1 -1 489135 0 15 18 15 10 2 4 2 5
0 0 0 1 1 6 1 4 5 2 3 2 5 -1 -1 -1 -1 -1 -1 490135 1 15 18 15 10 2 4 2 5
0 0 0 1 1 6 1 1 5 2 3 2 5 -1 -1 -1 -1 -1 -1 491134 0 15 18 15 10 2 4 2 5
0 0 0 1 3 6 1 1 5 2 3 2 5 4 5 4 0 0 0 492134 0 15 18 15 10 2 6 2 5
0 0 0 1 1 6 1 1 5 2 3 2 5 -1 -1 -1 -1 -1 -1 493134 0 15 18 15 10 2 6 2 5
0 0 0 1 1 6 1 4 5 2 3 2 5 -1 -1 -1 -1 -1 -1 494134 1 15 18 15 10 2 6 2 5
0 0 0 1 1 1 6 1 5 2 3 2 6 -1 -1 -1 -1 -1 -1 495134 0 15 18 15 10 2 6 2 5
0 0 0 1 1 1 7 1 5 2 3 2 6 6 5 4 3 1 1 496133 0 15 18 15 10 2 8 0 5
0 0 0 1 1 6 1 1 5 2 3 2 5 -1 -1 -1 -1 -1 -1 496933 0 15 18 16 13 2 8 0 5
0 0 0 1 1 6 4 1 5 2 3 2 5 -1 -1 -1 -1 -1 -1 497666 1 15 18 16 16.25 2 8 0 5
0 0 0 1 6 1 1 1 5 2 3 2 4 -1 -1 -1 -1 -1 -1 498299 0 15 18 16 16.25 2 8 0 5
0 0 0 1 6 3 1 1 5 2 3 2 4 5 5 4 1 0 0 498899 0 15 18 16 16.25 2 4 2 5
0 0 0 1 1 6 1 1 5 2 3 2 5 -1 -1 -1 -1 -1 -1 499566 0 15 18 16 13 2 4 2 5
0 0 0 4 1 6 1 1 5 2 3 2 5 -1 -1 -1 -1 -1 -1 500332 1 15 18 16 13 2 4 2 5
0 0 0 1 1 1 6 1 5 2 3 2 6 -1 -1 -1 -1 -1 -1 501132 0 15 18 16 13 2 4 2 5
0 0 0 1 1 1 1 8 5 2 3 2 7 7 5 4 2 0 1 501899 0 15 18 16 13 2 6 2 5
0 0 0 1 1 1 6 1 5 2 3 2 6 -1 -1 -1 -1 -1 -1 502832 0 15 18 15 10 2 6 2 5
0 0 0 1 1 6 1 4 5 2 3 2 5 -1 -1 -1 -1 -1 -1 503831 1 15 18 15 10 2 6 2 5
0 0 0 1 1 6 1 1 5 2 3 2 5 -1 -1 -1 -1 -1 -1 504831 0 15 18 15 10 2 6 2 5
0 0 0 1 1 8 1 1 5 2 3 2 5 5 5 4 1 0 1 505831 0 15 18 15 10 2 4 2 5
0 0 0 1 1 1 6 1 5 2 3 2 6 -1 -1 -1 -1 -1 -1 506831 0 15 18 15 10 2 4 2 5
0 0 0 1 4 1 6 1 5 2 3 2 6 -1 -1 -1 -1 -1 -1 507830 1 15 18 15 10 2 4 2 5
0 0 0 1 1 1 6 1 5 2 3 2 6 -1 -1 -1 -1 -1 -1 508830 0 15 18 15 10 2 4 2 5
0 0 0 1 1 1 7 1 5 2 3 2 6 6 5 4 1 1 1 509830 0 15 18 15 10 2 4 2 5
0 0 0 1 1 1 6 1 5 2 3 2 6 -1 -1 -1 -1 -1 -1 510796 0 15 18 15 12.5 2 4 2 5
0 0 0 4 6 1 1 1 5 2 3 2 4 -1 -1 -1 -1 -1 -1 511596 1 15 18 15 12.5 2 4 2 5
0 0 0 1 6 1 1 1 5 2 3 2 4 -1 -1 -1 -1 -1 -1 512429 0 15 18 15 11.3333 2 4 2 5
0 0 0 1 8 2 1 1 5 2 3 2 4 5 5 4 2 1 0 513396 0 15 18 15 10 2 5 2 5
0 0 0 1 1 6 1 1 5 2 3 2 5 -1 -1 -1 -1 -1 -1 514396 0 15 18 15 10 2 5 2 5
0 0 0 1 4 6 1 1 5 2 3 2 5 -1 -1 -1 -1 -1 -1 515395 1 15 18 15 10 2 5 2 5
0 0 0 1 1 1 6 1 5 2 3 2 6 -1 -1 -1 -1 -1 -1 516395 0 15 18 15 10 2 5 2 5
0 0 0 1 1 2 8 1 5 2 3 2 6 5 5 4 1 1 0 517395 0 15 18 15 10 2 4 2 5
0 0 0 1 1 1 6 1 5 2 3 2 6 -1 -1 -1 -1 -1 -1 518395 0 15 18 15 10 2 4 2 5
0 0 0 1 1 4 6 1 5 2 3 2 6 -1 -1 -1 -1 -1 -1 519394 1 15 18 15 10 2 4 2 5
0 0 0 1 1 1 6 1 5 2 3 2 6 -1 -1 -1 -1 -1 -1 520394 0 15 18 15 10 2 4 2 5
0 0 0 1 1 1 8 1 5 2 3 2 6 6 5 4 3 0 1 521394 0 15 18 15 10 2 6 2 5
0 0 0 1 1 6 1 1 5 2 3 2 5 -1 -1 -1 -1 -1 -1 522394 0 15 18 15 10 2 6 2 5
0 0 0 1 6 1 1 1 5 2 3 2 4 -1 -1 -1 -1 -1 -1 523527 0 15 18 15 2.75 2 6 2 5
0 0 0 1 6 1 1 1 5 2 3 2 4 -1 -1 -1 -1 -1 -1 525793 0 15 18 15 6.15 2 6 2 5
0 0 0 1 1 8 1 1 5 2 3 2 5 5 5 4 0 0 1 527159 0 15 18 15 8.2 2 8 0 5
0 0 0 1 1 1 6 1 5 2 3 2 6 -1 -1 -1 -1 -1 -1 528292 0 15 18 15 9.89999 2 8 0 5
0 0 0 4 1 1 6 1 5 2 3 2 6 -1 -1 -1 -1 -1 -1 529292 1 15 18 15 10 2 8 0 5
0 0 0 1 1 1 6 1 5 2 3 2 6 -1 -1 -1 -1 -1 -1 530292 0 15 18 15 10 2 8 0 5
0 0 0 1 1 1 8 1 5 2 3 2 6 6 5 4 3 0 1 531291 0 15 18 15 10 2 4 2 5
0 0 0 1 1 1 6 1 5 2 3 2 6 -1 -1 -1 -1 -1 -1 532291 0 15 18 15 10 2 4 2 5
0 0 0 4 1 1 6 1 5 2 3 2 6 -1 -1 -1 -1 -1 -1 533291 1 15 18 15 10 2 4 2 5
0 0 0 1 1 1 6 1 5 2 3 2 6 -1 -1 -1 -1 -1 -1 534291 0 15 18 15 10 2 4 2 5
0 0 0 1 1 1 7 1 5 2 3 2 6 6 5 4 3 1 1 535290 0 15 18 15 10 2 6 2 5
0 0 0 1 1 1 6 1 5 2 3 2 6 -1 -1 -1 -1 -1 -1 536290 0 15 18 15 10 2 6 2 5
0 0 0 4 1 1 6 1 5 2 3 2 6 -1 -1 -1 -1 -1 -1 537290 1 15 18 15 10 2 6 2 5
0 0 0 1 1 1 1 6 5 2 3 2 7 -1 -1 -1 -1 -1 -1 538290 0 15 18 15 10 2 6 2 5
0 0 0 1 1 1 1 7 5 2 3 2 7 7 5 4 0 1 1 539289 0 15 18 15 10 2 4 2 5
0 0 0 1 1 1 1 6 5 2 3 2 7 -1 -1 -1 -1 -1 -1 540089 0 15 18 16 13 2 4 2 5
0 0 0 4 1 1 6 1 5 2 3 2 6 -1 -1 -1 -1 -1 -1 540856 1 15 18 16 13 2 4 2 5
0 0 0 1 1 1 6 1 5 2 3 2 6 -1 -1 -1 -1 -1 -1 541622 0 15 18 16 13 2 4 2 5
0 0 0 1 1 1 7 1 5 2 3 2 6 6 5 4 3 1 1 542389 0 15 18 16 13 2 4 2 5
0 0 0 1 1 6 1 1 5 2 3 2 5 -1 -1 -1 -1 -1 -1 543155 0 15 18 16 13 2 4 2 5
0 0 0 1 1 6 4 1 5 2 3 2 5 -1 -1 -1 -1 -1 -1 543922 1 15 18 16 13 2 4 2 5
0 0 0 1 1 6 1 1 5 2 3 2 5 -1 -1 -1 -1 -1 -1 544688 0 15 18 16 13 2 4 2 5
0 0 0 1 1 6 3 1 5 2 3 2 5 6 5 4 0 0 0 545455 0 15 18 16 13 2 5 2 5
0 0 0 1 1 6 1 1 5 2 3 2 5 -1 -1 -1 -1 -1 -1 546221 0 15 18 16 13 2 5 2 5
0 0 0 1 1 6 1 4 5 2 3 2 5 -1 -1 -1 -1 -1 -1 546988 1 15 18 16 13 2 5 2 5
0 0 0 1 1 1 6 1 5 2 3 2 6 -1 -1 -1 -1 -1 -1 547787 0 15 18 16 13 2 5 2 5
0 0 0 1 1 3 6 1 5 2 3 2 6 5 5 4 1 0 0 548554 0 15 18 16 13 2 4 2 5
0 0 0 1 1 6 1 1 5 2 3 2 5 -1 -1 -1 -1 -1 -1 549320 0 15 18 16 13 2 4 2 5
0 0 0 4 1 6 1 1 5 2 3 2 5 -1 -1 -1 -1 -1 -1 550087 1 15 18 16 13 2 4 2 5
0 0 0 1 1 6 1 1 5 2 3 2 5 -1 -1 -1 -1 -1 -1 550853 0 15 18 16 13 2 4 2 5
0 0 0 3 1 6 1 1 5 2 3 2 5 3 5 4 2 0 0 551620 0 15 18 16 13 2 6 2 5
0 0 0 1 1 6 1 1 5 2 3 2 5 -1 -1 -1 -1 -1 -1 552386 0 15 18 16 13 2 6 2 5
0 0 0 6 1 1 1 4 5 2 3 2 3 -1 -1 -1 -1 -1 -1 553153 1 15 18 16 13 2 6 2 5
0 0 0 1 6 1 1 1 5 2 3 2 4 -1 -1 -1 -1 -1 -1 553919 0 15 18 16 13 2 6 2 5
0 0 0 1 7 1 1 1 5 2 3 2 4 4 5 4 0 1 1 554686 0 15 18 16 13 2 8 0 5
0 0 0 1 6 1 1 1 5 2 3 2 4 -1 -1 -1 -1 -1 -1 555352 0 15 18 17 16 2 8 0 5
0 0 0 1 6 1 4 1 5 2 3 2 4 -1 -1 -1 -1 -1 -1 555952 1 15 18 17 16 2 8 0 5
0 0 0 1 1 6 1 1 5 2 3 2 5 -1 -1 -1 -1 -1 -1 556585 0 15 18 17 16 2 8 0 5
0 0 0 3 1 1 6 1 5 2 3 2 6 3 5 4 2 0 0 557218 0 15 18 17 16 2 4 2 5
0 0 0 1 1 1 6 1 5 2 3 2 6 -1 -1 -1 -1 -1 -1 557852 0 15 18 17 16 2 4 2 5
0 0 0 1 4 6 1 1 5 2 3 2 5 -1 -1 -1 -1 -1 -1 558418 1 15 18 17 20 2 4 2 5
0 0 0 1 1 6 1 1 5 2 3 2 5 -1 -1 -1 -1 -1 -1 558918 0 15 18 17 20 2 4 2 5
0 0 0 3 1 1 6 1 5 2 3 2 6 3 5 4 0 0 0 559418 0 15 18 17 20 2 6 2 5
0 0 0 0 1 6 1 0 6 6 1 0 5 -1 -1 -1 -1 -1 -1 566183 0 15 40 17 60 2 8 0 3
0 0 0 0 1 6 1 0 6 6 1 0 5 -1 -1 -1 -1 -1 -1 566350 0 15 40 17 60 2 8 0 3
0 0 0 0 1 6 1 0 6 6 1 0 5 -1 -1 -1 -1 -1 -1 566516 0 15 40 17 60 2 4 2 3
0 0 0 0 1 6 1 0 6 6 1 0 5 -1 -1 -1 -1 -1 -1 566683 0 15 40 17 51.2 2 4 2 3
0 0 0 0 1 6 1 0 6 6 1 0 5 -1 -1 -1 -1 -1 -1 566949 0 15 40 17 27.7333 2 4 2 3
0 0 0 0 1 6 1 0 6 6 1 0 5 -1 -1 -1 -1 -1 -1 567516 0 15 40 17 16 2 4 2 3
0 0 0 0 1 6 1 0 6 6 1 0 5 -1 -1 -1 -1 -1 -1 568149 0 15 40 17 16 2 4 2 3
0 0 0 0 1 6 1 0 6 6 1 0 5 -1 -1 -1 -1 -1 -1 568782 0 15 40 17 16 2 4 2 3
0 0 0 0 1 6 1 0 6 6 1 0 5 -1 -1 -1 -1 -1 -1 569382 0 15 40 17 16 2 4 2 3
0 0 0 0 1 6 1 0 6 6 1 0 5 -1 -1 -1 -1 -1 -1 570015 0 15 40 17 16 2 4 2 3
0 0 0 0 1 7 1 0 6 6 1 0 5 5 5 4 4 1 1 570648 0 15 40 17 16 2 4 2 3
0 0 0 0 1 6 1 0 6 6 1 0 5 -1 -1 -1 -1 -1 -1 571282 0 15 40 17 16 2 4 2 3
0 0 0 0 1 6 1 0 6 6 1 0 5 -1 -1 -1 -1 -1 -1 571881 0 15 40 17 16 2 4 2 3
0 0 0 0 1 6 1 0 6 6 1 0 5 -1 -1 -1 -1 -1 -1 572515 0 15 40 17 16 2 4 2 3
0 0 0 0 1 7 1 0 6 6 1 0 5 5 5 4 4 1 1 573148 0 15 40 17 16 2 4 2 3
0 0 0 0 1 6 1 0 6 6 1 0 5 -1 -1 -1 -1 -1 -1 573681 0 15 40 18 19 2 4 2 3
0 0 0 0 1 6 1 0 6 6 1 0 5 -1 -1 -1 -1 -1 -1 574214 0 15 40 18 19 2 4 2 3
0 0 0 0 1 6 1 0 6 6 1 0 5 -1 -1 -1 -1 -1 -1 574747 0 15 40 18 19 2 4 2 3
0 0 0 0 1 7 1 0 6 6 1 0 5 5 5 4 4 1 1 575281 0 15 40 18 19 2 4 2 3
0 0 0 0 1 6 1 0 6 6 1 0 5 -1 -1 -1 -1 -1 -1 575781 0 15 40 18 19 2 4 2 3
0 0 0 0 1 6 1 0 6 6 1 0 5 -1 -1 -1 -1 -1 -1 576314 0 15 40 18 19 2 4 2 3
0 0 0 0 1 1 6 0 6 6 1 0 6 -1 -1 -1 -1 -1 -1 576847 0 15 40 18 19 2 4 2 3
0 0 0 0 1 1 7 0 6 6 1 0 6 6 5 4 4 1 1 577380 0 15 40 18 19 2 4 2 3
0 0 0 0 1 1 6 0 6 6 1 0 6 -1 -1 -1 -1 -1 -1 577847 0 15 40 19 21 2 4 2 3
0 0 0 0 6 1 1 0 6 6 1 0 4 -1 -1 -1 -1 -1 -1 578347 0 15 40 19 21 2 4 2 3
0 0 0 0 6 1 1 0 6 6 1 0 4 -1 -1 -1 -1 -1 -1 578813 0 15 40 19 21 2 4 2 3
0 0 0 0 7 1 1 0 6 6 1 0 4 4 5 4 4 1 1 579280 0 15 40 19 21 2 6 2 3
0 0 0 0 6 1 1 0 6 6 1 0 4 -1 -1 -1 -1 -1 -1 579746 0 15 40 19 21 2 6 2 3
0 0 0 0 6 1 1 0 6 6 1 0 4 -1 -1 -1 -1 -1 -1 580246 0 15 40 19 21 2 6 2 3
0 0 0 0 6 1 1 0 6 6 1 0 4 -1 -1 -1 -1 -1 -1 580713 0 15 40 19 21 2 6 2 3
0 0 0 0 7 1 1 0 6 6 1 0 4 4 5 4 4 1 1 581179 0 15 40 19 21 2 8 0 3
0 0 0 0 6 1 1 0 6 6 1 0 4 -1 -1 -1 -1 -1 -1 581646 0 15 40 20 22 2 8 0 3
0 0 0 0 1 6 1 0 6 6 1 0 5 -1 -1 -1 -1 -1 -1 582112 0 15 40 20 22 2 8 0 3
0 0 0 0 1 6 1 0 6 6 1 0 5 -1 -1 -1 -1 -1 -1 582546 0 15 40 20 22 2 8 0 3
0 0 0 0 1 7 1 0 6 6 1 0 5 5 5 4 4 1 1 583012 0 15 40 20 22 2 4 2 3
0 0 0 0 1 6 1 0 6 6 1 0 5 -1 -1 -1 -1 -1 -1 583445 0 15 40 20 22 2 4 2 3
0 0 0 0 6 1 1 0 6 6 1 0 4 -1 -1 -1 -1 -1 -1 583912 0 15 40 20 22 2 4 2 3
0 0 0 0 6 1 1 0 6 6 1 0 4 -1 -1 -1 -1 -1 -1 584378 0 15 40 20 22 2 4 2 3
0 0 0 0 7 1 1 0 6 6 1 0 4 4 5 4 4 1 1 584812 0 15 40 20 22 2 4 2 3
0 0 0 0 6 1 1 0 6 6 1 0 4 -1 -1 -1 -1 -1 -1 585278 0 15 40 21 23 2 4 2 3
0 0 0 0 1 6 1 0 6 6 1 0 5 -1 -1 -1 -1 -1 -1 585711 0 15 40 21 23 2 4 2 3
0 0 0 0 1 1 6 0 6 6 1 0 6 -1 -1 -1 -1 -1 -1 586145 0 15 40 21 23 2 4 2 3
0 0 0 1 1 1 7 1 6 6 1 0 6 6 5 4 4 1 1 586578 0 15 40 21 23 2 4 2 5
0 0 0 1 1 6 1 1 6 6 1 0 5 -1 -1 -1 -1 -1 -1 587011 0 15 40 21 23 2 4 2 5
0 0 0 1 1 6 1 1 6 6 1 0 5 -1 -1 -1 -1 -1 -1 587444 0 15 40 21 23 2 4 2 5
0 0 0 1 1 6 1 1 6 6 1 0 5 -1 -1 -1 -1 -1 -1 587878 0 15 40 21 23 2 4 2 5
0 0 0 1 1 7 1 1 6 6 1 0 5 5 5 4 4 1 1 588311 0 15 40 21 23 2 4 2 5
0 0 0 1 1 6 1 1 6 6 1 1 5 -1 -1 -1 -1 -1 -1 588711 0 15 40 22 24 2 4 2 5
0 0 0 1 1 1 6 1 6 6 1 1 6 -1 -1 -1 -1 -1 -1 589144 0 15 40 22 24 2 4 2 5
0 0 0 1 1 1 6 1 6 6 1 1 6 -1 -1 -1 -1 -1 -1 589544 0 15 40 22 24 2 4 2 5
0 0 0 1 1 1 7 1 6 6 1 1 6 6 5 4 4 1 1 589977 0 15 40 22 24 2 4 2 5
0 0 0 1 1 1 6 1 6 6 1 1 6 -1 -1 -1 -1 -1 -1 590377 0 15 40 22 24 2 4 2 5
0 0 0 1 1 1 1 6 6 6 1 1 7 -1 -1 -1 -1 -1 -1 590810 0 15 40 22 24 2 4 2 5
0 0 0 1 1 1 1 6 6 6 1 1 7 -1 -1 -1 -1 -1 -1 591210 0 15 40 22 24 2 4 2 5
0 0 0 1 1 1 1 7 6 6 1 1 7 7 5 4 4 1 1 591643 0 15 40 22 24 2 4 2 5
0 0 0 1 1 1 1 6 6 6 1 1 7 -1 -1 -1 -1 -1 -1 592043 0 15 40 23 25 2 4 2 5
0 0 0 1 1 1 6 1 6 6 1 1 6 -1 -1 -1 -1 -1 -1 592443 0 15 40 23 25 2 4 2 5
0 0 0 1 1 1 6 1 6 6 1 1 6 -1 -1 -1 -1 -1 -1 592843 0 15 40 23 25 2 4 2 5
0 0 0 1 1 1 7 1 6 6 1 1 6 6 5 4 4 1 1 593243 0 15 40 23 25 2 6 2 5
0 0 0 1 1 1 6 1 6 6 1 1 6 -1 -1 -1 -1 -1 -1 593643 0 15 40 23 25 2 6 2 5
0 0 0 1 1 6 1 1 6 6 1 1 5 -1 -1 -1 -1 -1 -1 594043 0 15 40 23 25 2 6 2 5
0 0 0 1 1 6 1 1 6 6 1 1 5 -1 -1 -1 -1 -1 -1 594443 0 15 40 23 25 2 6 2 5
0 0 0 1 1 7 1 1 6 6 1 1 5 5 5 4 4 1 1 594843 0 15 40 23 25 2 8 0 5
0 0 0 1 1 6 1 1 6 6 1 1 5 -1 -1 -1 -1 -1 -1 595242 0 15 40 24 25.5 2 8 0 5
0 0 0 1 1 1 6 1 6 6 1 1 6 -1 -1 -1 -1 -1 -1 595642 0 15 40 24 25.5 2 8 0 5
0 0 0 1 1 1 6 1 6 6 1 1 6 -1 -1 -1 -1 -1 -1 596009 0 15 40 24 25.5 2 8 0 5
0 0 0 1 1 1 7 1 6 6 1 1 6 6 5 4 4 1 1 596409 0 15 40 24 25.5 2 4 2 5
0 0 0 1 1 1 6 1 6 6 1 1 6 -1 -1 -1 -1 -1 -1 596809 0 15 40 24 25.5 2 4 2 5
0 0 0 1 1 1 1 6 6 6 1 1 7 -1 -1 -1 -1 -1 -1 597209 0 15 40 24 25.5 2 4 2 5
0 0 0 1 1 1 1 6 6 6 1 1 7 -1 -1 -1 -1 -1 -1 597575 0 15 40 24 25.5 2 4 2 5
0 0 0 1 1 1 1 7 6 6 1 1 7 7 5 4 4 1 1 597975 0 15 40 24 25.5 2 4 2 5
0 0 0 1 1 1 6 1 6 6 1 1 6 -1 -1 -1 -1 -1 -1 598375 0 15 40 25 26 2 4 2 5
0 0 0 1 1 1 6 1 6 6 1 1 6 -1 -1 -1 -1 -1 -1 598742 0 15 40 25 26 2 4 2 5
0 0 0 1 1 1 6 1 6 6 1 1 6 -1 -1 -1 -1 -1 -1 599141 0 15 40 25 26 2 4 2 5
0 0 0 1 1 1 7 1 6 6 1 1 6 6 5 4 4 1 1 599508 0 15 40 25 26 2 4 2 5
0 0 0 1 1 1 6 1 6 6 1 1 6 -1 -1 -1 -1 -1 -1 599908 0 15 40 25 26 2 4 2 5
0 0 0 1 1 6 1 1 6 6 1 1 5 -1 -1 -1 -1 -1 -1 600275 0 15 40 25 26 2 4 2 5
0 0 0 1 6 1 1 1 6 6 1 1 4 -1 -1 -1 -1 -1 -1 600674 0 15 40 25 26 2 4 2 5
0 0 0 1 7 1 1 1 6 6 1 1 4 4 5 4 4 1 1 601041 0 15 40 25 26 2 4 2 5
0 0 0 1 6 1 1 1 6 6 1 1 4 -1 -1 -1 -1 -1 -1 601441 0 15 40 26 26.5 2 4 2 5
0 0 0 6 1 1 1 1 6 6 1 1 3 -1 -1 -1 -1 -1 -1 601808 0 15 40 26 26.5 2 4 2 5
0 0 0 6 1 1 1 1 6 6 1 1 3 -1 -1 -1 -1 -1 -1 602174 0 15 40 26 26.5 2 4 2 5
0 0 0 7 1 1 1 1 6 6 1 1 3 3 5 4 4 1 1 602574 0 15 40 26 26.5 2 4 2 5
0 0 0 6 1 1 1 1 6 6 1 1 3 -1 -1 -1 -1 -1 -1 602941 0 15 40 26 26.5 2 4 2 5
0 0 0 1 6 1 1 1 6 6 1 1 4 -1 -1 -1 -1 -1 -1 603307 0 15 40 26 26.5 2 4 2 5
0 0 0 6 1 1 1 1 6 6 1 1 3 -1 -1 -1 -1 -1 -1 603707 0 15 40 26 26.5 2 4 2 5
0 0 0 7 1 1 1 1 6 6 1 1 3 3 5 4 4 1 1 604074 0 15 40 26 26.5 2 4 2 5
0 0 0 6 1 1 1 1 6 6 1 2 3 -1 -1 -1 -1 -1 -1 604440 0 15 40 27 27 2 4 2 5
0 0 0 1 6 1 1 1 6 6 1 2 4 -1 -1 -1 -1 -1 -1 604807 0 15 40 27 27 2 4 2 5
0 0 0 1 1 6 1 1 6 6 1 2 5 -1 -1 -1 -1 -1 -1 605173 0 15 40 27 27 2 4 2 5
0 0 0 1 1 7 1 1 6 6 1 2 5 5 5 4 4 1 1 605540 0 15 40 27 27 2 6 2 5
0 0 0 1 6 1 1 1 6 6 1 2 4 -1 -1 -1 -1 -1 -1 605940 0 15 40 27 27 2 6 2 5
0 0 0 1 6 4 1 1 6 6 1 2 4 -1 -1 -1 -1 -1 -1 606306 1 15 40 27 27 2 6 2 5
0 0 0 1 1 6 1 1 6 6 1 2 5 -1 -1 -1 -1 -1 -1 606673 0 15 40 27 27 2 6 2 5
0 0 0 1 1 1 1 8 6 6 1 2 7 7 5 4 4 1 0 607040 0 15 40 27 27 2 8 0 5
0 0 0 1 1 1 1 6 6 6 1 2 7 -1 -1 -1 -1 -1 -1 607406 0 15 40 26 26.5 2 8 0 5
0 0 0 4 1 1 6 1 6 6 1 2 6 -1 -1 -1 -1 -1 -1 607806 1 15 40 26 26.5 2 8 0 5
0 0 0 1 1 6 1 1 6 6 1 2 5 -1 -1 -1 -1 -1 -1 608173 0 15 40 26 26.5 2 8 0 5
0 0 0 1 1 7 1 1 6 6 1 2 5 5 5 4 4 1 1 608539 0 15 40 26 26.5 2 4 2 5
0 0 0 1 1 1 6 1 6 6 1 2 6 -1 -1 -1 -1 -1 -1 608906 0 15 40 26 26.5 2 4 2 5
0 0 0 1 1 4 6 1 6 6 1 2 6 -1 -1 -1 -1 -1 -1 609306 1 15 40 26 26.5 2 4 2 5
0 0 0 1 1 6 1 1 6 6 1 2 5 -1 -1 -1 -1 -1 -1 609672 0 15 40 26 26.5 2 4 2 5
0 0 0 1 7 1 1 1 6 6 1 2 4 4 5 4 4 1 1 610039 0 15 40 26 26.5 2 4 2 5
0 0 0 1 6 1 1 1 6 6 1 2 4 -1 -1 -1 -1 -1 -1 610439 0 15 40 27 27 2 4 2 5
0 0 0 4 1 6 1 1 6 6 1 2 5 -1 -1 -1 -1 -1 -1 610805 1 15 40 27 27 2 4 2 5
0 0 0 1 6 1 1 1 6 6 1 2 4 -1 -1 -1 -1 -1 -1 611172 0 15 40 27 27 2 4 2 5
0 0 0 1 2 7 1 1 6 6 1 2 5 4 5 4 4 1 1 611538 0 15 40 27 27 2 4 2 5
0 0 0 1 1 6 1 1 6 6 1 2 5 -1 -1 -1 -1 -1 -1 611905 0 15 40 27 27 2 4 2 5
0 0 0 1 4 6 1 1 6 6 1 2 5 -1 -1 -1 -1 -1 -1 612272 1 15 40 27 27 2 4 2 5
0 0 0 1 6 1 1 1 6 6 1 2 4 -1 -1 -1 -1 -1 -1 612638 0 15 40 27 27 2 4 2 5
0 0 0 7 1 1 1 1 6 6 1 2 3 3 5 4 4 1 1 613005 0 15 40 27 27 2 4 2 5
0 0 0 1 1 6 1 1 7 0 2 2 5 -1 -1 -1 -1 -1 -1 619170 0 15 18 16 60 2 8 0 5
0 0 0 1 1 6 1 1 7 0 2 2 5 -1 -1 -1 -1 -1 -1 619337 0 15 18 16 60 2 8 0 5
0 0 0 1 1 6 1 1 7 0 2 2 5 -1 -1 -1 -1 -1 -1 619503 0 15 18 16 60 2 6 2 5
0 0 0 1 1 6 1 1 7 0 2 2 5 -1 -1 -1 -1 -1 -1 619670 0 15 18 16 50.6 2 6 2 5
0 0 0 1 1 6 1 1 7 0 2 2 5 -1 -1 -1 -1 -1 -1 619936 0 15 18 16 25.5333 2 6 2 5
0 0 0 1 1 6 1 1 7 0 2 2 5 -1 -1 -1 -1 -1 -1 620670 0 15 18 16 13 2 6 2 5
0 0 0 1 1 6 1 1 7 0 2 2 5 -1 -1 -1 -1 -1 -1 621436 0 15 18 16 13 2 6 2 5
0 0 0 1 1 6 1 1 7 0 2 2 5 -1 -1 -1 -1 -1 -1 622203 0 15 18 16 13 2 6 2 5
0 0 0 1 1 6 1 1 7 0 2 2 5 -1 -1 -1 -1 -1 -1 622969 0 15 18 16 13 2 6 2 5
0 0 0 1 1 6 1 1 7 0 2 2 5 -1 -1 -1 -1 -1 -1 623735 0 15 18 16 13 2 6 2 5
0 0 0 1 1 6 3 1 7 0 2 2 5 6 3 4 3 0 0 624502 0 15 18 16 13 2 5 2 5
0 0 0 1 1 6 1 1 7 0 2 2 5 -1 -1 -1 -1 -1 -1 625268 0 15 18 16 13 2 5 2 5
0 0 0 1 4 6 1 1 7 0 2 2 5 -1 -1 -1 -1 -1 -1 626035 1 15 18 16 13 2 5 2 5
0 0 0 1 1 6 1 1 7 0 2 2 5 -1 -1 -1 -1 -1 -1 626801 0 15 18 16 13 2 5 2 5
0 0 0 1 3 6 1 1 7 0 2 2 5 4 1 4 2 0 0 627568 0 15 18 16 13 2 4 2 5
0 0 0 1 1 6 1 1 7 0 2 2 5 -1 -1 -1 -1 -1 -1 628368 0 15 18 16 13 2 4 2 5
0 0 0 1 1 6 1 4 7 0 2 2 5 -1 -1 -1 -1 -1 -1 629134 1 15 18 16 13 2 4 2 5
0 0 0 1 1 1 6 1 7 0 2 2 6 -1 -1 -1 -1 -1 -1 629901 0 15 18 16 13 2 4 2 5
0 0 0 1 1 3 6 1 7 0 2 2 6 5 0 4 1 0 0 630667 0 15 18 16 13 2 5 2 5
0 0 0 1 1 1 6 1 7 0 2 2 6 -1 -1 -1 -1 -1 -1 631434 0 15 18 16 13 2 5 2 5
0 0 0 4 1 1 6 1 7 0 2 2 6 -1 -1 -1 -1 -1 -1 632200 1 15 18 16 13 2 5 2 5
0 0 0 1 1 1 6 1 7 0 2 2 6 -1 -1 -1 -1 -1 -1 632967 0 15 18 16 13 2 5 2 5
0 0 0 1 1 1 7 1 7 0 2 2 6 6 1 4 2 1 1 633733 0 15 18 16 13 2 5 2 5
0 0 0 1 1 6 1 1 7 0 2 2 5 -1 -1 -1 -1 -1 -1 634500 0 15 18 16 13 2 5 2 5
0 0 0 1 1 6 4 1 7 0 2 2 5 -1 -1 -1 -1 -1 -1 635266 1 15 18 16 13 2 5 2 5
0 0 0 1 1 6 1 1 7 0 2 2 5 -1 -1 -1 -1 -1 -1 636032 0 15 18 16 13 2 5 2 5
0 0 0 1 1 6 3 1 7 0 2 2 5 6 2 4 0 0 0 636799 0 15 18 16 13 2 4 2 5
0 0 0 1 1 1 1 6 7 0 2 2 7 -1 -1 -1 -1 -1 -1 637565 0 15 18 16 13 2 4 2 5
0 0 0 1 1 4 1 6 7 0 2 2 7 -1 -1 -1 -1 -1 -1 638365 1 15 18 16 13 2 4 2 5
0 0 0 1 1 6 1 1 7 0 2 2 5 -1 -1 -1 -1 -1 -1 639132 0 15 18 16 13 2 4 2 5
0 0 0 1 1 6 3 1 7 0 2 2 5 6 3 4 3 0 0 639898 0 15 18 16 13 2 8 0 5
0 0 0 1 1 6 1 1 7 0 2 2 5 -1 -1 -1 -1 -1 -1 640665 0 15 18 16 13 2 8 0 5
0 0 0 1 1 6 1 4 7 0 2 2 5 -1 -1 -1 -1 -1 -1 641431 1 15 18 16 13 2 8 0 5
0 0 0 1 1 6 1 1 7 0 2 2 5 -1 -1 -1 -1 -1 -1 642198 0 15 18 16 13 2 8 0 5
0 0 0 1 3 6 1 1 7 0 2 2 5 4 0 4 1 0 0 642964 0 15 18 16 13 2 6 2 5
0 0 0 1 6 1 1 1 7 0 2 2 4 -1 -1 -1 -1 -1 -1 643731 0 15 18 16 13 2 6 2 5
0 0 0 1 6 1 4 1 7 0 2 2 4 -1 -1 -1 -1 -1 -1 644497 1 15 18 16 13 2 6 2 5
0 0 0 1 1 6 1 1 7 0 2 2 5 -1 -1 -1 -1 -1 -1 645264 0 15 18 16 13 2 6 2 5
0 0 0 1 3 6 1 1 7 0 2 2 5 4 1 4 2 0 0 646030 0 15 18 16 13 2 6 2 5
0 0 0 1 1 6 1 1 7 0 2 2 5 -1 -1 -1 -1 -1 -1 646797 0 15 18 16 13 2 6 2 5
0 0 0 1 1 6 1 4 7 0 2 2 5 -1 -1 -1 -1 -1 -1 647563 1 15 18 16 13 2 6 2 5
0 0 0 1 1 6 1 1 7 0 2 2 5 -1 -1 -1 -1 -1 -1 648329 0 15 18 16 13 2 6 2 5
0 0 0 3 1 6 1 1 7 0 2 2 5 3 2 4 0 0 0 649129 0 15 18 16 13 2 5 2 5
0 0 0 1 1 6 1 1 7 0 2 2 5 -1 -1 -1 -1 -1 -1 649896 0 15 18 16 13 2 5 2 5
0 0 0 1 4 6 1 1 7 0 2 2 5 -1 -1 -1 -1 -1 -1 650662 1 15 18 16 13 2 5 2 5
0 0 0 1 6 1 1 1 7 0 2 2 4 -1 -1 -1 -1 -1 -1 651429 0 15 18 16 13 2 5 2 5
0 0 0 7 1 1 1 1 7 0 2 2 3 3 1 4 2 1 1 652195 0 15 18 16 13 2 4 2 5
0 0 0 1 6 1 1 1 7 0 2 2 4 -1 -1 -1 -1 -1 -1 652828 0 15 18 17 16 2 4 2 5
0 0 0 6 1 1 1 4 7 0 2 2 3 -1 -1 -1 -1 -1 -1 653462 1 15 18 17 16 2 4 2 5
0 0 0 6 1 1 1 1 7 0 2 2 3 -1 -1 -1 -1 -1 -1 654095 0 15 18 17 16 2 4 2 5
0 0 0 7 1 1 1 1 7 0 2 2 3 3 2 4 0 1 1 654695 0 15 18 17 16 2 5 2 5
0 0 0 1 6 1 1 1 7 0 2 2 4 -1 -1 -1 -1 -1 -1 655328 0 15 18 17 16 2 5 2 5
0 0 0 1 1 6 1 4 7 0 2 2 5 -1 -1 -1 -1 -1 -1 655961 1 15 18 17 16 2 5 2 5
0 0 0 1 1 1 6 1 7 0 2 2 6 -1 -1 -1 -1 -1 -1 656594 0 15 18 17 16 2 5 2 5
0 0 0 1 1 3 6 1 7 0 2 2 6 5 3 4 3 0 0 657194 0 15 18 17 16 2 5 2 5
0 0 0 1 1 6 1 1 7 0 2 2 5 -1 -1 -1 -1 -1 -1 657827 0 15 18 17 16 2 5 2 5
0 0 0 4 1 6 1 1 7 0 2 2 5 -1 -1 -1 -1 -1 -1 658460 1 15 18 17 16 2 5 2 5
0 0 0 1 1 6 1 1 7 0 2 2 5 -1 -1 -1 -1 -1 -1 659094 0 15 18 17 16 2 5 2 5
0 0 0 1 6 3 1 1 7 0 2 2 4 5 0 4 1 0 0 659693 0 15 18 17 16 2 4 2 5
0 0 0 1 1 6 1 1 7 0 2 2 5 -1 -1 -1 -1 -1 -1 660260 0 15 18 17 20 2 4 2 5
0 0 0 4 1 6 1 1 7 0 2 2 5 -1 -1 -1 -1 -1 -1 660760 1 15 18 17 20 2 4 2 5
0 0 0 1 1 1 6 1 7 0 2 2 6 -1 -1 -1 -1 -1 -1 661260 0 15 18 17 20 2 4 2 5
0 0 0 1 1 3 6 1 7 0 2 2 6 5 2 4 0 0 0 661760 0 15 18 17 17.6 2 8 0 5
0 0 0 1 1 6 1 1 7 0 2 2 5 -1 -1 -1 -1 -1 -1 662393 0 15 18 17 16 2 8 0 5
0 0 0 1 1 1 6 4 7 0 2 2 6 -1 -1 -1 -1 -1 -1 663026 1 15 18 17 16 2 8 0 5
0 0 0 1 1 1 6 1 7 0 2 2 6 -1 -1 -1 -1 -1 -1 663626 0 15 18 17 16 2 8 0 5
0 0 0 1 1 1 7 1 7 0 2 2 6 6 0 4 1 1 1 664259 0 15 18 17 16 2 6 2 5
0 0 0 1 1 6 1 1 7 0 2 2 5 -1 -1 -1 -1 -1 -1 664792 0 15 18 18 19 2 6 2 5
0 0 0 1 6 1 4 1 7 0 2 2 4 -1 -1 -1 -1 -1 -1 665325 1 15 18 18 19 2 6 2 5
0 0 0 1 6 1 1 1 7 0 2 2 4 -1 -1 -1 -1 -1 -1 665859 0 15 18 18 19 2 6 2 5
0 0 0 1 7 1 1 1 7 0 2 2 4 4 2 4 0 1 1 666392 0 15 18 18 19 2 6 2 5
0 0 0 1 1 6 1 1 8 2 3 1 5 -1 -1 -1 -1 -1 -1 672324 0 15 18 17 60 2 8 0 5
0 0 0 1 1 6 1 1 8 2 3 1 5 -1 -1 -1 -1 -1 -1 672490 0 15 18 17 60 2 8 0 5
0 0 0 1 1 6 1 1 8 2 3 1 5 -1 -1 -1 -1 -1 -1 672657 0 15 18 17 60 2 4 2 5
0 0 0 1 1 6 1 1 8 2 3 1 5 -1 -1 -1 -1 -1 -1 672824 0 15 18 17 51.2 2 4 2 5
0 0 0 1 1 6 1 1 8 2 3 1 5 -1 -1 -1 -1 -1 -1 673090 0 15 18 17 27.7333 2 4 2 5
0 0 0 1 1 6 1 1 8 2 3 1 5 -1 -1 -1 -1 -1 -1 673657 0 15 18 17 16 2 4 2 5
0 0 0 1 1 6 1 1 8 2 3 1 5 -1 -1 -1 -1 -1 -1 674290 0 15 18 17 16 2 6 2 5
0 0 0 1 1 6 1 1 8 2 3 1 5 -1 -1 -1 -1 -1 -1 674923 0 15 18 17 16 2 6 2 5
0 0 0 1 1 6 1 1 8 2 3 1 5 -1 -1 -1 -1 -1 -1 675523 0 15 18 17 16 2 6 2 5
0 0 0 1 1 6 1 1 8 2 3 1 5 -1 -1 -1 -1 -1 -1 676156 0 15 18 17 16 2 6 2 5
0 0 0 1 3 6 1 1 8 2 3 1 5 4 5 4 1 0 0 676789 0 15 18 17 16 2 5 2 5
0 0 0 1 1 6 1 1 8 2 3 1 5 -1 -1 -1 -1 -1 -1 677422 0 15 18 17 16 2 5 2 5
0 0 0 1 1 6 1 1 8 2 3 1 5 -1 -1 -1 -1 -1 -1 678022 0 15 18 17 16 2 5 2 5
0 0 0 1 1 6 1 1 8 2 3 1 5 -1 -1 -1 -1 -1 -1 678655 0 15 18 17 16 2 5 2 5
0 0 0 1 3 6 1 1 8 2 3 1 5 4 5 4 3 0 0 679289 0 15 18 17 16 2 5 2 5
0 0 0 1 1 6 1 1 8 2 3 1 5 -1 -1 -1 -1 -1 -1 679922 0 15 18 17 16 2 5 2 5
0 0 0 1 1 6 1 1 8 2 3 1 5 -1 -1 -1 -1 -1 -1 680522 0 15 18 17 16 2 5 2 5
0 0 0 1 6 1 1 1 8 2 3 1 4 -1 -1 -1 -1 -1 -1 681155 0 15 18 17 16 2 5 2 5
0 0 0 1 6 3 1 1 8 2 3 1 4 5 5 4 1 0 0 681788 0 15 18 17 16 2 4 2 5
0 0 0 1 6 1 1 1 8 2 3 1 4 -1 -1 -1 -1 -1 -1 682421 0 15 18 17 16 2 4 2 5
0 0 0 1 1 6 1 1 8 2 3 1 5 -1 -1 -1 -1 -1 -1 683021 0 15 18 17 16 2 4 2 5
0 0 0 1 1 6 1 1 8 2 3 1 5 -1 -1 -1 -1 -1 -1 683654 0 15 18 17 16 2 4 2 5
0 0 0 1 1 8 2 1 8 2 3 1 5 6 5 4 1 1 0 684287 0 15 18 17 16 2 5 2 5
0 0 0 1 1 6 1 1 8 2 3 1 5 -1 -1 -1 -1 -1 -1 685021 0 15 18 16 13 2 5 2 5
0 0 0 1 1 6 1 1 8 2 3 1 5 -1 -1 -1 -1 -1 -1 685787 0 15 18 16 13 2 5 2 5
0 0 0 1 1 6 1 1 8 2 3 1 5 -1 -1 -1 -1 -1 -1 686553 0 15 18 16 13 2 5 2 5
0 0 0 1 1 6 3 1 8 2 3 1 5 6 5 4 0 0 0 687320 0 15 18 16 13 2 5 2 5
0 0 0 1 1 6 1 1 8 2 3 1 5 -1 -1 -1 -1 -1 -1 688086 0 15 18 16 13 2 5 2 5
0 0 0 1 1 6 1 1 8 2 3 1 5 -1 -1 -1 -1 -1 -1 688853 0 15 18 16 13 2 5 2 5
0 0 0 1 1 6 1 1 8 2 3 1 5 -1 -1 -1 -1 -1 -1 689619 0 15 18 16 13 2 5 2 5
0 0 0 1 1 8 1 1 8 2 3 1 5 5 5 4 3 0 1 690419 0 15 18 16 13 2 8 0 5
0 0 0 1 1 6 1 1 8 2 3 1 5 -1 -1 -1 -1 -1 -1 691352 0 15 18 15 10 2 8 0 5
0 0 0 1 1 1 6 1 8 2 3 1 6 -1 -1 -1 -1 -1 -1 692352 0 15 18 15 10 2 8 0 5
0 0 0 1 1 1 6 1 8 2 3 1 6 -1 -1 -1 -1 -1 -1 693352 0 15 18 15 10 2 8 0 5
0 0 0 1 1 1 8 1 8 2 3 1 6 6 5 4 3 0 1 694352 0 15 18 15 10 2 4 2 5
0 0 0 1 1 1 6 1 8 2 3 1 6 -1 -1 -1 -1 -1 -1 695351 0 15 18 15 10 2 4 2 5
0 0 0 1 1 6 1 1 8 2 3 1 5 -1 -1 -1 -1 -1 -1 696351 0 15 18 15 10 2 4 2 5
0 0 0 1 1 6 1 1 8 2 3 1 5 -1 -1 -1 -1 -1 -1 697351 0 15 18 15 10 2 4 2 5
0 0 0 1 1 6 3 1 8 2 3 1 5 6 5 4 2 0 0 698351 0 15 18 15 10 2 6 2 5
0 0 0 1 1 6 1 1 8 2 3 1 5 -1 -1 -1 -1 -1 -1 699350 0 15 18 15 10 2 6 2 5
0 0 0 1 1 6 1 1 8 2 3 1 5 -1 -1 -1 -1 -1 -1 700350 0 15 18 15 10 2 6 2 5
0 0 0 1 1 6 1 1 8 2 3 1 5 -1 -1 -1 -1 -1 -1 701350 0 15 18 15 10 2 6 2 5
0 0 0 1 1 6 3 1 8 2 3 1 5 6 5 4 0 0 0 702350 0 15 18 15 10 2 5 2 5
0 0 0 1 1 6 1 1 8 2 3 1 5 -1 -1 -1 -1 -1 -1 703349 0 15 18 15 10 2 5 2 5
0 0 0 1 1 6 1 1 8 2 3 1 5 -1 -1 -1 -1 -1 -1 704349 0 15 18 15 10 2 5 2 5
0 0 0 1 1 6 1 1 8 2 3 1 5 -1 -1 -1 -1 -1 -1 705349 0 15 18 15 10 2 5 2 5
0 0 0 1 1 6 3 1 8 2 3 1 5 6 5 4 1 0 0 706349 0 15 18 15 10 2 5 2 5
0 0 0 1 1 6 1 1 8 2 3 1 5 -1 -1 -1 -1 -1 -1 707348 0 15 18 15 10 2 5 2 5
0 0 0 1 1 6 1 1 8 2 3 1 5 -1 -1 -1 -1 -1 -1 708348 0 15 18 15 10 2 5 2 5
0 0 0 1 1 6 1 1 8 2 3 1 5 -1 -1 -1 -1 -1 -1 709348 0 15 18 15 10 2 5 2 5
0 0 0 1 1 7 1 1 8 2 3 1 5 5 5 4 2 1 1 710348 0 15 18 15 10 2 4 2 5
0 0 0 1 1 6 1 1 8 2 3 1 5 -1 -1 -1 -1 -1 -1 711347 0 15 18 15 10 2 4 2 5
0 0 0 1 1 6 1 1 8 2 3 1 5 -1 -1 -1 -1 -1 -1 712347 0 15 18 15 10 2 4 2 5
0 0 0 1 1 6 1 1 8 2 3 1 5 -1 -1 -1 -1 -1 -1 713347 0 15 18 15 10 2 4 2 5
0 0 0 1 1 7 1 1 8 2 3 1 5 5 5 4 0 1 1 714347 0 15 18 15 10 2 5 2 5
0 0 0 1 1 6 1 1 8 2 3 1 5 -1 -1 -1 -1 -1 -1 715147 0 15 18 16 13 2 5 2 5
0 0 0 1 1 6 1 1 8 2 3 1 5 -1 -1 -1 -1 -1 -1 715946 0 15 18 16 13 2 5 2 5
0 0 0 1 1 6 1 1 8 2 3 1 5 -1 -1 -1 -1 -1 -1 716713 0 15 18 16 13 2 5 2 5
0 0 0 1 1 6 3 1 8 2 3 1 5 6 5 4 3 0 0 717479 0 15 18 16 13 2 5 2 5
0 0 0 1 1 6 1 1 8 2 3 1 5 -1 -1 -1 -1 -1 -1 718246 0 15 18 16 13 2 5 2 5
0 0 0 1 1 6 1 1 8 2 3 1 5 -1 -1 -1 -1 -1 -1 719012 0 15 18 16 13 2 5 2 5
0 0 0 1 1 6 1 1 8 2 3 1 5 -1 -1 -1 -1 -1 -1 719779 0 15 18 16 13 2 5 2 5
0 0 0 1 1 6 1 3 8 2 3 1 5 7 5 4 0 0 0 720545 0 15 18 16 13 2 8 0 5
0 0 0 1 1 6 1 1 8 2 3 1 5 -1 -1 -1 -1 -1 -1 721312 0 15 18 16 13 2 8 0 5
0 0 0 1 1 6 1 1 8 2 3 1 5 -1 -1 -1 -1 -1 -1 722078 0 15 18 16 13 2 8 0 5
0 0 0 1 1 6 1 1 8 2 3 1 5 -1 -1 -1 -1 -1 -1 722845 0 15 18 16 13 2 8 0 5
0 0 0 1 1 1 8 1 8 2 3 1 6 6 5 4 2 0 1 723611 0 15 18 16 13 2 4 2 5
0 0 0 1 1 1 6 1 8 2 3 1 6 -1 -1 -1 -1 -1 -1 724578 0 15 18 15 10 2 4 2 5
0 0 0 1 1 6 1 1 8 2 3 1 5 -1 -1 -1 -1 -1 -1 725577 0 15 18 15 10 2 4 2 5
0 0 0 1 1 1 6 1 8 2 3 1 6 -1 -1 -1 -1 -1 -1 726577 0 15 18 15 10 2 4 2 5
0 0 0 1 1 1 2 8 8 2 3 1 7 6 5 4 3 1 0 727577 0 15 18 15 10 2 6 2 5
0 0 0 1 1 1 6 1 8 2 3 1 6 -1 -1 -1 -1 -1 -1 728577 0 15 18 15 10 2 6 2 5
0 0 0 1 1 1 6 1 8 2 3 1 6 -1 -1 -1 -1 -1 -1 729576 0 15 18 15 10 2 6 2 5
0 0 0 1 1 1 6 1 8 2 3 1 6 -1 -1 -1 -1 -1 -1 730576 0 15 18 15 10 2 6 2 5
0 0 0 1 1 1 1 8 8 2 3 1 7 7 5 4 2 0 1 731576 0 15 18 15 10 2 5 2 5
0 0 0 1 1 1 6 1 8 2 3 1 6 -1 -1 -1 -1 -1 -1 732576 0 15 18 15 10 2 5 2 5
0 0 0 1 1 1 6 1 8 2 3 1 6 -1 -1 -1 -1 -1 -1 733575 0 15 18 15 10 2 5 2 5
0 0 0 1 1 1 1 6 8 2 3 1 7 -1 -1 -1 -1 -1 -1 734575 0 15 18 15 10 2 5 2 5
0 0 0 1 1 1 1 7 8 2 3 1 7 7 5 4 2 1 1 735575 0 15 18 15 10 2 5 2 5
0 0 0 1 1 1 6 1 8 2 3 1 6 -1 -1 -1 -1 -1 -1 736475 0 15 18 15 12.5 2 5 2 5
0 0 0 1 1 1 6 1 8 2 3 1 6 -1 -1 -1 -1 -1 -1 737274 0 15 18 15 12.5 2 5 2 5
0 0 0 1 1 6 1 1 8 2 3 1 5 -1 -1 -1 -1 -1 -1 738141 0 15 18 15 10 2 5 2 5
0 0 0 1 1 8 2 1 8 2 3 1 5 6 5 4 3 1 0 739141 0 15 18 15 10 2 4 2 5
0 0 0 1 1 6 1 1 8 2 3 1 5 -1 -1 -1 -1 -1 -1 740140 0 15 18 15 10 2 4 2 5
0 0 0 1 1 6 1 1 8 2 3 1 5 -1 -1 -1 -1 -1 -1 741140 0 15 18 15 10 2 4 2 5
0 0 0 1 1 6 1 1 8 2 3 1 5 -1 -1 -1 -1 -1 -1 742140 0 15 18 15 10 2 4 2 5
0 0 0 1 1 6 1 3 8 2 3 1 5 7 5 4 1 0 0 743140 0 15 18 15 10 2 5 2 5
0 0 0 1 1 6 1 1 8 2 3 1 5 -1 -1 -1 -1 -1 -1 744139 0 15 18 15 10 2 5 2 5
0 0 0 1 1 6 1 1 8 2 3 1 5 -1 -1 -1 -1 -1 -1 745139 0 15 18 15 10 2 5 2 5
0 0 0 1 1 1 6 1 8 2 3 1 6 -1 -1 -1 -1 -1 -1 746139 0 15 18 15 10 2 5 2 5
0 0 0 1 1 1 8 1 8 2 3 1 6 6 5 4 2 1 0 747139 0 15 18 15 10 2 5 2 5
0 0 0 1 1 6 1 1 8 2 3 1 5 -1 -1 -1 -1 -1 -1 748138 0 15 18 15 10 2 5 2 5
0 0 0 1 1 6 1 1 8 2 3 1 5 -1 -1 -1 -1 -1 -1 749138 0 15 18 15 10 2 5 2 5
0 0 0 1 1 6 1 1 8 2 3 1 5 -1 -1 -1 -1 -1 -1 750138 0 15 18 15 10 2 5 2 5
0 0 0 1 3 6 1 1 8 2 3 1 5 4 5 4 1 0 0 751138 0 15 18 15 10 2 8 0 5
0 0 0 1 1 6 1 1 8 2 3 1 5 -1 -1 -1 -1 -1 -1 752137 0 15 18 15 10 2 8 0 5
0 0 0 1 1 6 1 1 8 2 3 1 5 -1 -1 -1 -1 -1 -1 753137 0 15 18 15 10 2 8 0 5
0 0 0 1 1 6 1 1 8 2 3 1 5 -1 -1 -1 -1 -1 -1 754137 0 15 18 15 10 2 8 0 5
0 0 0 1 1 3 6 1 8 2 3 1 6 5 5 4 2 0 0 754970 0 15 18 15 12.5 2 4 2 5
0 0 0 1 1 1 6 1 8 2 3 1 6 -1 -1 -1 -1 -1 -1 755770 0 15 18 15 12.5 2 4 2 5
0 0 0 1 6 1 1 1 8 2 3 1 4 -1 -1 -1 -1 -1 -1 756703 0 15 18 15 10 2 4 2 5
0 0 0 1 6 1 1 1 8 2 3 1 4 -1 -1 -1 -1 -1 -1 757703 0 15 18 15 10 2 4 2 5
0 0 0 1 8 1 1 1 8 2 3 1 4 4 5 4 1 0 1 758703 0 15 18 15 10 2 6 2 5
0 0 0 1 6 1 1 1 8 2 3 1 4 -1 -1 -1 -1 -1 -1 759702 0 15 18 15 10 2 6 2 5
0 0 0 6 1 1 1 1 8 2 3 1 3 -1 -1 -1 -1 -1 -1 760702 0 15 18 15 10 2 6 2 5
0 0 0 6 1 1 1 1 8 2 3 1 3 -1 -1 -1 -1 -1 -1 761702 0 15 18 15 10 2 6 2 5
0 0 0 8 1 1 1 1 8 2 3 1 3 3 5 4 2 0 1 762702 0 15 18 15 10 2 5 2 5
0 0 0 1 6 1 1 1 8 2 3 1 4 -1 -1 -1 -1 -1 -1 763701 0 15 18 15 10 2 5 2 5
0 0 0 1 6 1 1 1 8 2 3 1 4 -1 -1 -1 -1 -1 -1 764701 0 15 18 15 10 2 5 2 5
0 0 0 1 6 1 1 1 8 2 3 1 4 -1 -1 -1 -1 -1 -1 765701 0 15 18 15 10 2 5 2 5
0 0 0 1 8 1 1 1 8 2 3 1 4 4 5 4 3 0 1 766701 0 15 18 15 10 2 5 2 5
0 0 0 1 6 1 1 1 8 2 3 1 4 -1 -1 -1 -1 -1 -1 767700 0 15 18 15 10 2 5 2 5
0 0 0 1 6 1 1 1 8 2 3 1 4 -1 -1 -1 -1 -1 -1 768700 0 15 18 15 10 2 5 2 5
0 0 0 1 6 1 1 1 8 2 3 1 4 -1 -1 -1 -1 -1 -1 769700 0 15 18 15 10 2 5 2 5
0 0 0 1 7 1 1 1 8 2 3 1 4 4 5 4 1 1 1 770666 0 15 18 15 10 2 4 2 5
0 0 0 1 6 1 1 1 8 2 3 1 4 -1 -1 -1 -1 -1 -1 771666 0 15 18 15 10 2 4 2 5
0 0 0 1 6 1 1 1 8 2 3 1 4 -1 -1 -1 -1 -1 -1 772666 0 15 18 15 10 2 4 2 5
0 0 0 6 1 1 1 1 8 2 3 1 3 -1 -1 -1 -1 -1 -1 773666 0 15 18 15 10 2 4 2 5
0 0 0 8 1 1 1 1 8 2 3 1 3 3 5 4 0 0 1 774665 0 15 18 15 10 2 5 2 5
0 0 0 6 1 1 1 1 8 2 3 1 3 -1 -1 -1 -1 -1 -1 775665 0 15 18 15 10 2 5 2 5
0 0 0 6 1 1 1 1 8 2 3 1 3 -1 -1 -1 -1 -1 -1 776665 0 15 18 15 10 2 5 2 5
0 0 0 6 1 1 1 1 8 2 3 1 3 -1 -1 -1 -1 -1 -1 777665 0 15 18 15 10 2 5 2 5
0 0 0 7 1 1 1 1 8 2 3 1 3 3 5 4 3 1 1 778664 0 15 18 15 10 2 5 2 5
0 0 0 6 1 1 1 1 8 2 3 1 3 -1 -1 -1 -1 -1 -1 779664 0 15 18 15 10 2 5 2 5
0 0 0 1 1 6 1 1 8 2 3 1 5 -1 -1 -1 -1 -1 -1 780664 0 15 18 15 10 2 5 2 5
0 0 0 1 1 6 1 1 8 2 3 1 5 -1 -1 -1 -1 -1 -1 781664 0 15 18 15 10 2 5 2 5
0 0 0 1 1 7 1 1 8 2 3 1 5 5 5 4 1 1 1 782663 0 15 18 15 10 2 8 0 5
0 0 0 1 1 6 1 1 8 2 3 1 5 -1 -1 -1 -1 -1 -1 783496 0 15 18 16 13 2 8 0 5
0 0 0 1 1 6 1 1 8 2 3 1 5 -1 -1 -1 -1 -1 -1 784263 0 15 18 16 13 2 8 0 5
0 0 0 1 1 6 1 1 8 2 3 1 5 -1 -1 -1 -1 -1 -1 785029 0 15 18 16 13 2 8 0 5
0 0 0 1 1 6 1 3 8 2 3 1 5 7 5 4 2 0 0 785796 0 15 18 16 13 2 4 2 5
0 0 0 1 1 6 1 1 8 2 3 1 5 -1 -1 -1 -1 -1 -1 786562 0 15 18 16 13 2 4 2 5
0 0 0 1 6 1 1 1 8 2 3 1 4 -1 -1 -1 -1 -1 -1 787329 0 15 18 16 13 2 4 2 5
0 0 0 1 1 6 1 1 8 2 3 1 5 -1 -1 -1 -1 -1 -1 788095 0 15 18 16 13 2 4 2 5
0 0 0 1 1 8 1 1 8 2 3 1 5 5 5 4 1 0 1 788862 0 15 18 16 13 2 6 2 5
0 0 0 1 1 6 1 1 8 2 3 1 5 -1 -1 -1 -1 -1 -1 789828 0 15 18 15 10 2 6 2 5
0 0 0 6 1 1 1 1 8 2 3 1 3 -1 -1 -1 -1 -1 -1 790828 0 15 18 15 10 2 6 2 5
0 0 0 6 1 1 1 1 8 2 3 1 3 -1 -1 -1 -1 -1 -1 791828 0 15 18 15 10 2 6 2 5
0 0 0 1 1 6 1 1 9 2 3 1 5 -1 -1 -1 -1 -1 -1 799693 0 15 18 15 60 2 8 0 5
0 0 0 1 1 6 1 1 9 2 3 1 5 -1 -1 -1 -1 -1 -1 799859 0 15 18 15 60 2 8 0 5
0 0 0 1 1 6 1 1 9 2 3 1 5 -1 -1 -1 -1 -1 -1 800026 0 15 18 15 60 2 4 2 5
0 0 0 1 1 6 1 1 9 2 3 1 5 -1 -1 -1 -1 -1 -1 800192 0 15 18 15 50 2 4 2 5
0 0 0 1 1 6 1 1 9 2 3 1 5 -1 -1 -1 -1 -1 -1 800492 0 15 18 15 20 2 4 2 5
0 0 0 1 1 6 1 1 9 2 3 1 5 -1 -1 -1 -1 -1 -1 801425 0 15 18 15 10 2 4 2 5
0 0 0 1 1 6 1 1 9 2 3 1 5 -1 -1 -1 -1 -1 -1 802425 0 15 18 15 10 2 4 2 5
0 0 0 1 1 6 1 1 9 2 3 1 5 -1 -1 -1 -1 -1 -1 803425 0 15 18 15 10 2 4 2 5
0 0 0 1 1 6 1 1 9 2 3 1 5 -1 -1 -1 -1 -1 -1 804425 0 15 18 15 10 2 4 2 5
0 0 0 1 1 6 1 1 9 2 3 1 5 -1 -1 -1 -1 -1 -1 805424 0 15 18 15 10 2 4 2 5
0 0 0 1 1 6 1 3 9 2 3 1 5 7 5 4 1 0 0 806424 0 15 18 15 10 2 6 2 5
0 0 0 1 1 6 1 1 9 2 3 1 5 -1 -1 -1 -1 -1 -1 807424 0 15 18 15 10 2 6 2 5
0 0 0 1 1 6 1 1 9 2 3 1 5 -1 -1 -1 -1 -1 -1 808424 0 15 18 15 10 2 6 2 5
0 0 0 1 1 6 1 1 9 2 3 1 5 -1 -1 -1 -1 -1 -1 809423 0 15 18 15 10 2 6 2 5
0 0 0 1 1 6 1 3 9 2 3 1 5 7 5 4 2 0 0 810423 0 15 18 15 10 2 6 2 5
0 0 0 1 1 6 1 1 9 2 3 1 5 -1 -1 -1 -1 -1 -1 811423 0 15 18 15 10 2 6 2 5
0 0 0 1 1 6 1 1 9 2 3 1 5 -1 -1 -1 -1 -1 -1 812423 0 15 18 15 10 2 6 2 5
0 0 0 1 1 6 1 1 9 2 3 1 5 -1 -1 -1 -1 -1 -1 813423 0 15 18 15 10 2 6 2 5
0 0 0 1 1 6 3 1 9 2 3 1 5 6 5 4 1 0 0 814422 0 15 18 15 10 2 6 2 5
0 0 0 1 1 6 1 1 9 2 3 1 5 -1 -1 -1 -1 -1 -1 815422 0 15 18 15 10 2 6 2 5
0 0 0 1 1 6 1 1 9 2 3 1 5 -1 -1 -1 -1 -1 -1 816422 0 15 18 15 10 2 6 2 5
0 0 0 1 1 6 1 1 9 2 3 1 5 -1 -1 -1 -1 -1 -1 817422 0 15 18 15 10 2 6 2 5
0 0 0 1 3 6 1 1 9 2 3 1 5 4 5 4 3 0 0 818421 0 15 18 15 10 2 5 2 5
0 0 0 1 1 6 1 1 9 2 3 1 5 -1 -1 -1 -1 -1 -1 819421 0 15 18 15 10 2 5 2 5
0 0 0 1 1 6 1 1 9 2 3 1 5 -1 -1 -1 -1 -1 -1 820421 0 15 18 15 10 2 5 2 5
0 0 0 1 6 1 1 1 9 2 3 1 4 -1 -1 -1 -1 -1 -1 821421 0 15 18 15 10 2 5 2 5
0 0 0 1 7 1 1 1 9 2 3 1 4 4 5 4 2 1 1 822420 0 15 18 15 10 2 4 2 5
0 0 0 1 1 6 1 1 9 2 3 1 5 -1 -1 -1 -1 -1 -1 823420 0 15 18 15 10 2 4 2 5
0 0 0 1 1 6 1 1 9 2 3 1 5 -1 -1 -1 -1 -1 -1 824420 0 15 18 15 10 2 4 2 5
0 0 0 1 1 6 1 1 9 2 3 1 5 -1 -1 -1 -1 -1 -1 825420 0 15 18 15 10 2 4 2 5
0 0 0 1 1 7 1 1 9 2 3 1 5 5 5 4 1 1 1 826419 0 15 18 15 10 2 8 0 5
0 0 0 1 1 6 1 1 9 2 3 1 5 -1 -1 -1 -1 -1 -1 827219 0 15 18 16 13 2 8 0 5
0 0 0 1 1 6 1 1 9 2 3 1 5 -1 -1 -1 -1 -1 -1 827986 0 15 18 16 13 2 8 0 5
0 0 0 1 1 6 1 1 9 2 3 1 5 -1 -1 -1 -1 -1 -1 828752 0 15 18 16 13 2 8 0 5
0 0 0 1 1 8 1 1 9 2 3 1 5 5 5 4 0 0 1 829552 0 15 18 16 13 2 4 2 5
0 0 0 1 1 6 1 1 9 2 3 1 5 -1 -1 -1 -1 -1 -1 830485 0 15 18 15 10 2 4 2 5
0 0 0 1 1 6 1 1 9 2 3 1 5 -1 -1 -1 -1 -1 -1 831485 0 15 18 15 10 2 4 2 5
0 0 0 1 1 6 1 1 9 2 3 1 5 -1 -1 -1 -1 -1 -1 832485 0 15 18 15 10 2 4 2 5
0 0 0 1 3 6 1 1 9 2 3 1 5 4 5 4 1 0 0 833484 0 15 18 15 10 2 4 2 5
0 0 0 1 1 6 1 1 9 2 3 1 5 -1 -1 -1 -1 -1 -1 834484 0 15 18 15 10 2 4 2 5
0 0 0 1 1 6 1 1 9 2 3 1 5 -1 -1 -1 -1 -1 -1 835484 0 15 18 15 10 2 4 2 5
0 0 0 1 1 6 1 1 9 2 3 1 5 -1 -1 -1 -1 -1 -1 836484 0 15 18 15 10 2 4 2 5
0 0 0 1 1 1 8 1 9 2 3 1 6 6 5 4 2 0 1 837483 0 15 18 15 10 2 6 2 5
0 0 0 1 1 1 6 1 9 2 3 1 6 -1 -1 -1 -1 -1 -1 838483 0 15 18 15 10 2 6 2 5
0 0 0 1 1 6 1 1 9 2 3 1 5 -1 -1 -1 -1 -1 -1 839483 0 15 18 15 10 2 6 2 5
0 0 0 1 1 6 1 1 9 2 3 1 5 -1 -1 -1 -1 -1 -1 840483 0 15 18 15 10 2 6 2 5
0 0 0 1 1 7 1 1 9 2 3 1 5 5 5 4 0 1 1 841482 0 15 18 15 10 2 6 2 5
0 0 0 1 1 6 1 1 9 2 3 1 5 -1 -1 -1 -1 -1 -1 842482 0 15 18 15 10 2 6 2 5
0 0 0 1 1 6 1 1 9 2 3 1 5 -1 -1 -1 -1 -1 -1 843482 0 15 18 15 10 2 6 2 5
0 0 0 1 1 6 1 1 9 2 3 1 5 -1 -1 -1 -1 -1 -1 844482 0 15 18 15 10 2 6 2 5
0 0 0 1 1 6 3 1 9 2 3 1 5 6 5 4 3 0 0 845481 0 15 18 15 10 2 6 2 5
0 0 0 1 1 6 1 1 9 2 3 1 5 -1 -1 -1 -1 -1 -1 846481 0 15 18 15 10 2 6 2 5
0 0 0 1 1 6 1 1 9 2 3 1 5 -1 -1 -1 -1 -1 -1 847481 0 15 18 15 10 2 6 2 5
0 0 0 1 1 1 1 6 9 2 3 1 7 -1 -1 -1 -1 -1 -1 848481 0 15 18 15 10 2 6 2 5
0 0 0 1 1 1 1 7 9 2 3 1 7 7 5 4 2 1 1 849480 0 15 18 15 10 2 5 2 5
0 0 0 1 1 1 1 6 9 2 3 1 7 -1 -1 -1 -1 -1 -1 850280 0 15 18 16 13 2 5 2 5
0 0 0 1 1 6 1 1 9 2 3 1 5 -1 -1 -1 -1 -1 -1 851047 0 15 18 16 13 2 5 2 5
0 0 0 1 1 1 6 1 9 2 3 1 6 -1 -1 -1 -1 -1 -1 851813 0 15 18 16 13 2 5 2 5
0 0 0 1 1 3 6 1 9 2 3 1 6 5 5 4 1 0 0 852613 0 15 18 16 13 2 4 2 5
0 0 0 1 1 6 1 1 9 2 3 1 5 -1 -1 -1 -1 -1 -1 853379 0 15 18 16 13 2 4 2 5
0 0 0 1 1 6 1 1 9 2 3 1 5 -1 -1 -1 -1 -1 -1 854146 0 15 18 16 13 2 4 2 5
0 0 0 1 1 6 1 1 9 2 3 1 5 -1 -1 -1 -1 -1 -1 854912 0 15 18 16 13 2 4 2 5
0 0 0 2 1 8 1 1 9 2 3 1 5 3 5 4 3 1 0 855679 0 15 18 16 13 2 8 0 5
0 0 0 1 1 6 1 1 9 2 3 1 5 -1 -1 -1 -1 -1 -1 856645 0 15 18 15 10 2 8 0 5
0 0 0 1 1 6 1 1 9 2 3 1 5 -1 -1 -1 -1 -1 -1 857645 0 15 18 15 10 2 8 0 5
0 0 0 1 1 6 1 1 9 2 3 1 5 -1 -1 -1 -1 -1 -1 858645 0 15 18 15 10 2 8 0 5
0 0 0 1 3 6 1 1 9 2 3 1 5 4 5 4 0 0 0 859645 0 15 18 15 10 2 4 2 5
0 0 0 1 1 6 1 1 9 2 3 1 5 -1 -1 -1 -1 -1 -1 860644 0 15 18 15 10 2 4 2 5
0 0 0 6 1 1 1 1 9 2 3 1 3 -1 -1 -1 -1 -1 -1 861644 0 15 18 15 10 2 4 2 5
0 0 0 6 1 1 1 1 9 2 3 1 3 -1 -1 -1 -1 -1 -1 862644 0 15 18 15 10 2 4 2 5
0 0 0 7 1 1 1 1 9 2 3 1 3 3 5 4 1 1 1 863644 0 15 18 15 10 2 4 2 5
0 0 0 1 6 1 1 1 9 2 3 1 4 -1 -1 -1 -1 -1 -1 864643 0 15 18 15 10 2 4 2 5
0 0 0 1 6 1 1 1 9 2 3 1 4 -1 -1 -1 -1 -1 -1 865643 0 15 18 15 10 2 4 2 5
0 0 0 1 6 1 1 1 9 2 3 1 4 -1 -1 -1 -1 -1 -1 866643 0 15 18 15 10 2 4 2 5
0 0 0 1 6 3 1 1 9 2 3 1 4 5 5 4 2 0 0 867643 0 15 18 15 10 2 6 2 5
0 0 0 1 1 6 1 1 9 2 3 1 5 -1 -1 -1 -1 -1 -1 868642 0 15 18 15 10 2 6 2 5
0 0 0 1 1 6 1 1 9 2 3 1 5 -1 -1 -1 -1 -1 -1 869642 0 15 18 15 10 2 6 2 5
0 0 0 1 1 6 1 1 9 2 3 1 5 -1 -1 -1 -1 -1 -1 870642 0 15 18 15 10 2 6 2 5
0 0 0 1 1 6 3 1 9 2 3 1 5 6 5 4 1 0 0 871642 0 15 18 15 10 2 6 2 5
0 0 0 1 1 6 1 1 9 2 3 1 5 -1 -1 -1 -1 -1 -1 872641 0 15 18 15 10 2 6 2 5
0 0 0 1 1 6 1 1 9 2 3 1 5 -1 -1 -1 -1 -1 -1 873641 0 15 18 15 10 2 6 2 5
0 0 0 1 1 1 1 6 9 2 3 1 7 -1 -1 -1 -1 -1 -1 874641 0 15 18 15 10 2 6 2 5
0 0 0 1 1 3 1 6 9 2 3 1 7 5 5 4 3 0 0 875641 0 15 18 15 10 2 6 2 5
0 0 0 1 1 1 6 1 9 2 3 1 6 -1 -1 -1 -1 -1 -1 876640 0 15 18 15 10 2 6 2 5
0 0 0 1 6 1 1 1 9 2 3 1 4 -1 -1 -1 -1 -1 -1 877640 0 15 18 15 10 2 6 2 5
0 0 0 1 6 1 1 1 9 2 3 1 4 -1 -1 -1 -1 -1 -1 878640 0 15 18 15 10 2 6 2 5
0 0 0 1 7 1 1 1 9 2 3 1 4 4 5 4 2 1 1 879640 0 15 18 15 10 2 5 2 5
0 0 0 1 1 6 1 1 9 2 3 1 5 -1 -1 -1 -1 -1 -1 799693 0 15 18 15 60 2 8 0 5
0 0 0 1 1 6 1 1 9 2 3 1 5 -1 -1 -1 -1 -1 -1 799859 0 15 18 15 60 2 8 0 5
0 0 0 1 1 6 1 1 9 2 3 1 5 -1 -1 -1 -1 -1 -1 800026 0 15 18 15 60 2 4 2 5
0 0 0 1 1 6 1 1 9 2 3 1 5 -1 -1 -1 -1 -1 -1 800192 0 15 18 15 50 2 4 2 5
0 0 0 1 1 6 1 1 9 2 3 1 5 -1 -1 -1 -1 -1 -1 800492 0 15 18 15 20 2 4 2 5
0 0 0 1 1 6 1 1 9 2 3 1 5 -1 -1 -1 -1 -1 -1 801425 0 15 18 15 10 2 4 2 5
0 0 0 1 1 6 1 1 9 2 3 1 5 -1 -1 -1 -1 -1 -1 802425 0 15 18 15 10 2 4 2 5
0 0 0 1 1 6 1 1 9 2 3 1 5 -1 -1 -1 -1 -1 -1 803425 0 15 18 15 10 2 4 2 5
0 0 0 1 1 6 1 1 9 2 3 1 5 -1 -1 -1 -1 -1 -1 804425 0 15 18 15 10 2 4 2 5
0 0 0 1 1 6 1 1 9 2 3 1 5 -1 -1 -1 -1 -1 -1 805424 0 15 18 15 10 2 4 2 5
0 0 0 1 1 6 1 3 9 2 3 1 5 7 5 4 1 0 0 806424 0 15 18 15 10 2 6 2 5
0 0 0 1 1 6 1 1 9 2 3 1 5 -1 -1 -1 -1 -1 -1 807424 0 15 18 15 10 2 6 2 5
0 0 0 1 1 6 1 1 9 2 3 1 5 -1 -1 -1 -1 -1 -1 808424 0 15 18 15 10 2 6 2 5
0 0 0 1 1 6 1 1 9 2 3 1 5 -1 -1 -1 -1 -1 -1 809423 0 15 18 15 10 2 6 2 5
0 0 0 1 1 6 1 3 9 2 3 1 5 7 5 4 2 0 0 810423 0 15 18 15 10 2 6 2 5
0 0 0 1 1 6 1 1 9 2 3 1 5 -1 -1 -1 -1 -1 -1 811423 0 15 18 15 10 2 6 2 5
0 0 0 1 1 6 1 1 9 2 3 1 5 -1 -1 -1 -1 -1 -1 812423 0 15 18 15 10 2 6 2 5
0 0 0 1 1 6 1 1 9 2 3 1 5 -1 -1 -1 -1 -1 -1 813423 0 15 18 15 10 2 6 2 5
0 0 0 1 1 6 3 1 9 2 3 1 5 6 5 4 1 0 0 814422 0 15 18 15 10 2 6 2 5
0 0 0 1 1 6 1 1 9 2 3 1 5 -1 -1 -1 -1 -1 -1 815422 0 15 18 15 10 2 6 2 5
0 0 0 1 1 6 1 1 9 2 3 1 5 -1 -1 -1 -1 -1 -1 816422 0 15 18 15 10 2 6 2 5
0 0 0 1 1 6 1 1 9 2 3 1 5 -1 -1 -1 -1 -1 -1 817422 0 15 18 15 10 2 6 2 5
0 0 0 1 3 6 1 1 9 2 3 1 5 4 5 4 3 0 0 818421 0 15 18 15 10 2 5 2 5
0 0 0 1 1 6 1 1 9 2 3 1 5 -1 -1 -1 -1 -1 -1 819421 0 15 18 15 10 2 5 2 5
0 0 0 1 1 6 1 1 9 2 3 1 5 -1 -1 -1 -1 -1 -1 820421 0 15 18 15 10 2 5 2 5
0 0 0 1 6 1 1 1 9 2 3 1 4 -1 -1 -1 -1 -1 -1 821421 0 15 18 15 10 2 5 2 5
0 0 0 1 7 1 1 1 9 2 3 1 4 4 5 4 2 1 1 822420 0 15 18 15 10 2 4 2 5
0 0 0 1 1 6 1 1 9 2 3 1 5 -1 -1 -1 -1 -1 -1 823420 0 15 18 15 10 2 4 2 5
0 0 0 1 1 6 1 1 9 2 3 1 5 -1 -1 -1 -1 -1 -1 824420 0 15 18 15 10 2 4 2 5
0 0 0 1 1 6 1 1 9 2 3 1 5 -1 -1 -1 -1 -1 -1 825420 0 15 18 15 10 2 4 2 5
0 0 0 1 1 7 1 1 9 2 3 1 5 5 5 4 1 1 1 826419 0 15 18 15 10 2 8 0 5
0 0 0 1 1 6 1 1 9 2 3 1 5 -1 -1 -1 -1 -1 -1 827219 0 15 18 16 13 2 8 0 5
0 0 0 1 1 6 1 1 9 2 3 1 5 -1 -1 -1 -1 -1 -1 827986 0 15 18 16 13 2 8 0 5
0 0 0 1 1 6 1 1 9 2 3 1 5 -1 -1 -1 -1 -1 -1 828752 0 15 18 16 13 2 8 0 5
0 0 0 1 1 8 1 1 9 2 3 1 5 5 5 4 0 0 1 829552 0 15 18 16 13 2 4 2 5
0 0 0 1 1 6 1 1 9 2 3 1 5 -1 -1 -1 -1 -1 -1 830485 0 15 18 15 10 2 4 2 5
0 0 0 1 1 6 1 1 9 2 3 1 5 -1 -1 -1 -1 -1 -1 831485 0 15 18 15 10 2 4 2 5
0 0 0 1 1 6 1 1 9 2 3 1 5 -1 -1 -1 -1 -1 -1 832485 0 15 18 15 10 2 4 2 5
0 0 0 1 3 6 1 1 9 2 3 1 5 4 5 4 1 0 0 833484 0 15 18 15 10 2 4 2 5
0 0 0 1 1 6 1 1 9 2 3 1 5 -1 -1 -1 -1 -1 -1 834484 0 15 18 15 10 2 4 2 5
0 0 0 1 1 6 1 1 9 2 3 1 5 -1 -1 -1 -1 -1 -1 835484 0 15 18 15 10 2 4 2 5
0 0 0 1 1 6 1 1 9 2 3 1 5 -1 -1 -1 -1 -1 -1 836484 0 15 18 15 10 2 4 2 5
0 0 0 1 1 1 8 1 9 2 3 1 6 6 5 4 2 0 1 837483 0 15 18 15 10 2 6 2 5
0 0 0 1 1 1 6 1 9 2 3 1 6 -1 -1 -1 -1 -1 -1 838483 0 15 18 15 10 2 6 2 5
0 0 0 1 1 6 1 1 9 2 3 1 5 -1 -1 -1 -1 -1 -1 839483 0 15 18 15 10 2 6 2 5
0 0 0 1 1 6 1 1 9 2 3 1 5 -1 -1 -1 -1 -1 -1 840483 0 15 18 15 10 2 6 2 5
0 0 0 1 1 7 1 1 9 2 3 1 5 5 5 4 0 1 1 841482 0 15 18 15 10 2 6 2 5
0 0 0 1 1 6 1 1 9 2 3 1 5 -1 -1 -1 -1 -1 -1 842482 0 15 18 15 10 2 6 2 5
0 0 0 1 1 6 1 1 9 2 3 1 5 -1 -1 -1 -1 -1 -1 843482 0 15 18 15 10 2 6 2 5
0 0 0 1 1 6 1 1 9 2 3 1 5 -1 -1 -1 -1 -1 -1 844482 0 15 18 15 10 2 6 2 5
0 0 0 1 1 6 3 1 9 2 3 1 5 6 5 4 3 0 0 845481 0 15 18 15 10 2 6 2 5
0 0 0 1 1 6 1 1 9 2 3 1 5 -1 -1 -1 -1 -1 -1 846481 0 15 18 15 10 2 6 2 5
0 0 0 1 1 6 1 1 9 2 3 1 5 -1 -1 -1 -1 -1 -1 847481 0 15 18 15 10 2 6 2 5
0 0 0 1 1 1 1 6 9 2 3 1 7 -1 -1 -1 -1 -1 -1 848481 0 15 18 15 10 2 6 2 5
0 0 0 1 1 1 1 7 9 2 3 1 7 7 5 4 2 1 1 849480 0 15 18 15 10 2 5 2 5
0 0 0 1 1 1 1 6 9 2 3 1 7 -1 -1 -1 -1 -1 -1 850280 0 15 18 16 13 2 5 2 5
0 0 0 1 1 6 1 1 9 2 3 1 5 -1 -1 -1 -1 -1 -1 851047 0 15 18 16 13 2 5 2 5
0 0 0 1 1 1 6 1 9 2 3 1 6 -1 -1 -1 -1 -1 -1 851813 0 15 18 16 13 2 5 2 5
0 0 0 1 1 3 6 1 9 2 3 1 6 5 5 4 1 0 0 852613 0 15 18 16 13 2 4 2 5
0 0 0 1 1 6 1 1 9 2 3 1 5 -1 -1 -1 -1 -1 -1 853379 0 15 18 16 13 2 4 2 5
0 0 0 1 1 6 1 1 9 2 3 1 5 -1 -1 -1 -1 -1 -1 854146 0 15 18 16 13 2 4 2 5
0 0 0 1 1 6 1 1 9 2 3 1 5 -1 -1 -1 -1 -1 -1 854912 0 15 18 16 13 2 4 2 5
0 0 0 2 1 8 1 1 9 2 3 1 5 3 5 4 3 1 0 855679 0 15 18 16 13 2 8 0 5
0 0 0 1 1 6 1 1 9 2 3 1 5 -1 -1 -1 -1 -1 -1 856645 0 15 18 15 10 2 8 0 5
0 0 0 1 1 6 1 1 9 2 3 1 5 -1 -1 -1 -1 -1 -1 857645 0 15 18 15 10 2 8 0 5
0 0 0 1 1 6 1 1 9 2 3 1 5 -1 -1 -1 -1 -1 -1 858645 0 15 18 15 10 2 8 0 5
0 0 0 1 3 6 1 1 9 2 3 1 5 4 5 4 0 0 0 859645 0 15 18 15 10 2 4 2 5
0 0 0 1 1 6 1 1 9 2 3 1 5 -1 -1 -1 -1 -1 -1 860644 0 15 18 15 10 2 4 2 5
0 0 0 6 1 1 1 1 9 2 3 1 3 -1 -1 -1 -1 -1 -1 861644 0 15 18 15 10 2 4 2 5
0 0 0 6 1 1 1 1 9 2 3 1 3 -1 -1 -1 -1 -1 -1 862644 0 15 18 15 10 2 4 2 5
0 0 0 7 1 1 1 1 9 2 3 1 3 3 5 4 1 1 1 863644 0 15 18 15 10 2 4 2 5
0 0 0 1 6 1 1 1 9 2 3 1 4 -1 -1 -1 -1 -1 -1 864643 0 15 18 15 10 2 4 2 5
0 0 0 1 6 1 1 1 9 2 3 1 4 -1 -1 -1 -1 -1 -1 865643 0 15 18 15 10 2 4 2 5
0 0 0 1 6 1 1 1 9 2 3 1 4 -1 -1 -1 -1 -1 -1 866643 0 15 18 15 10 2 4 2 5
0 0 0 1 6 3 1 1 9 2 3 1 4 5 5 4 2 0 0 867643 0 15 18 15 10 2 6 2 5
0 0 0 1 1 6 1 1 9 2 3 1 5 -1 -1 -1 -1 -1 -1 868642 0 15 18 15 10 2 6 2 5
0 0 0 1 1 6 1 1 9 2 3 1 5 -1 -1 -1 -1 -1 -1 869642 0 15 18 15 10 2 6 2 5
0 0 0 1 1 6 1 1 9 2 3 1 5 -1 -1 -1 -1 -1 -1 870642 0 15 18 15 10 2 6 2 5
0 0 0 1 1 6 3 1 9 2 3 1 5 6 5 4 1 0 0 871642 0 15 18 15 10 2 6 2 5
0 0 0 1 1 6 1 1 9 2 3 1 5 -1 -1 -1 -1 -1 -1 872641 0 15 18 15 10 2 6 2 5
0 0 0 1 1 6 1 1 9 2 3 1 5 -1 -1 -1 -1 -1 -1 873641 0 15 18 15 10 2 6 2 5
0 0 0 1 1 1 1 6 9 2 3 1 7 -1 -1 -1 -1 -1 -1 874641 0 15 18 15 10 2 6 2 5
0 0 0 1 1 3 1 6 9 2 3 1 7 5 5 4 3 0 0 875641 0 15 18 15 10 2 6 2 5
0 0 0 1 1 1 6 1 9 2 3 1 6 -1 -1 -1 -1 -1 -1 876640 0 15 18 15 10 2 6 2 5
0 0 0 1 6 1 1 1 9 2 3 1 4 -1 -1 -1 -1 -1 -1 877640 0 15 18 15 10 2 6 2 5
0 0 0 1 6 1 1 1 9 2 3 1 4 -1 -1 -1 -1 -1 -1 878640 0 15 18 15 10 2 6 2 5
0 0 0 1 7 1 1 1 9 2 3 1 4 4 5 4 2 1 1 879640 0 15 18 15 10 2 5 2 5
