% Tunnel Log: 
% debug seed: 1462392524
%
% SegEncNW { '0'=no panel, '1'=panel, '4'=obstacle, '5'=collided obstacle, '6'=player, '7'=player right, '8'=player wrong, '2'=target, '3'=fake }
% SegEncN
% SegEncNE
% SegEncE
% SegEncSE
% SegEncS
% SegEncSW
% SegEncW
% Event Number { 0, inf }
% Task Type { 0=Color/Sound, 1=Shape/Sound, 2=Sound, 3=Navigation, 4=Speed, 5=Training 6=Recess, 7=Special 2-Back }
% N-Back { 0, inf }
% Navigation Level { 0, inf }
% Player Loc { 0=Northwest ... 7=West }
% Pod Loc { -1=N/A, 0=Northwest ... 7=West }
% Pod Color { -1, inf }
% Pod Shape { -1, inf }
% Pod Sound { -1, inf }
% Pod Match { -1=N/A, 0=No, 1=Yes }
% Pod Taken { -1=N/A, 0=No, 1=Yes }
% Timestamp (ms)
% Num Obstacles { 0, inf }
% Min Speed { 0, inf }
% Max Speed { 0, inf }
% Base Speed { 0, inf }
% Final Speed { 0, inf }
% Navigation Score { 0, inf }
% Segment Direction { 0=Northwest ... 7=West }
% Segment Angle { 0, inf }
% Segment Panels { 0, inf }
%
% SegEncNW SecEncN SegEncNE SegEncE SegEncSE SegEncS SegEncSW SegEncW EventNumber TaskType N-Back Navigation PlayerLoc PodLoc PodColor PodShape PodSound PodMatch PodTaken Timestamp NumObs MinSpeed MaxSpeed BaseSpeed FinalSpeed NavScore SegmentDir SegmentAngle SegmentPanels
0 0 0 0 1 6 1 0 0 3 1 0 5 -1 -1 -1 -1 -1 -1 14900 0 15 40 20 60 2 8 0 3
0 0 0 0 1 6 1 0 0 3 1 0 5 -1 -1 -1 -1 -1 -1 15066 0 15 40 20 60 2 8 0 3
0 0 0 0 1 1 6 0 0 3 1 0 6 -1 -1 -1 -1 -1 -1 15233 0 15 40 20 60 2 5 2 3
0 0 0 0 1 6 1 0 0 3 1 0 5 -1 -1 -1 -1 -1 -1 15400 0 15 40 20 52.4 2 5 2 3
0 0 0 0 6 1 1 0 0 3 1 0 4 -1 -1 -1 -1 -1 -1 15633 0 15 40 20 34.6666 2 5 2 3
0 0 0 0 6 1 1 0 0 3 1 0 4 -1 -1 -1 -1 -1 -1 16033 0 15 40 20 22 2 5 2 3
0 0 0 0 1 6 1 0 0 3 1 0 5 -1 -1 -1 -1 -1 -1 16500 0 15 40 20 22 2 5 2 3
0 0 0 0 6 1 1 0 0 3 1 0 4 -1 -1 -1 -1 -1 -1 16966 0 15 40 20 22 2 5 2 3
0 0 0 0 1 6 1 0 0 3 1 0 5 -1 -1 -1 -1 -1 -1 17400 0 15 40 20 22 2 5 2 3
0 0 0 0 1 6 1 0 0 3 1 0 5 -1 -1 -1 -1 -1 -1 17866 0 15 40 20 22 2 5 2 3
0 0 0 0 7 1 1 0 0 3 1 0 4 4 5 4 4 1 1 18333 0 15 40 20 22 2 6 2 3
0 0 0 0 1 6 1 0 0 3 1 0 5 -1 -1 -1 -1 -1 -1 18766 0 15 40 20 22 2 6 2 3
0 0 0 0 1 6 1 0 0 3 1 0 5 -1 -1 -1 -1 -1 -1 19233 0 15 40 20 22 2 6 2 3
0 0 0 0 1 6 1 0 0 3 1 0 5 -1 -1 -1 -1 -1 -1 19700 0 15 40 20 22 2 6 2 3
0 0 0 0 1 7 1 0 0 3 1 0 5 5 5 4 4 1 1 20133 0 15 40 20 22 2 6 2 3
0 0 0 0 1 1 6 0 0 3 1 0 6 -1 -1 -1 -1 -1 -1 20566 0 15 40 21 23 2 6 2 3
0 0 0 0 1 6 1 0 0 3 1 0 5 -1 -1 -1 -1 -1 -1 21000 0 15 40 21 23 2 6 2 3
0 0 0 0 1 6 1 0 0 3 1 0 5 -1 -1 -1 -1 -1 -1 21433 0 15 40 21 23 2 6 2 3
0 0 0 0 1 7 1 0 0 3 1 0 5 5 5 4 4 1 1 21866 0 15 40 21 23 2 4 2 3
0 0 0 0 1 1 6 0 0 3 1 0 6 -1 -1 -1 -1 -1 -1 22300 0 15 40 21 23 2 4 2 3
0 0 0 0 1 1 6 0 0 3 1 0 6 -1 -1 -1 -1 -1 -1 22766 0 15 40 21 23 2 4 2 3
0 0 0 0 1 1 6 0 0 3 1 0 6 -1 -1 -1 -1 -1 -1 23199 0 15 40 21 23 2 4 2 3
0 0 0 0 1 1 7 0 0 3 1 0 6 6 5 4 4 1 1 23633 0 15 40 21 23 2 5 2 3
0 0 0 0 1 1 6 0 0 3 1 0 6 -1 -1 -1 -1 -1 -1 24033 0 15 40 22 24 2 5 2 3
0 0 0 0 1 1 6 0 0 3 1 0 6 -1 -1 -1 -1 -1 -1 24466 0 15 40 22 24 2 5 2 3
0 0 0 0 1 1 6 0 0 3 1 0 6 -1 -1 -1 -1 -1 -1 24866 0 15 40 22 24 2 5 2 3
0 0 0 0 7 1 1 0 0 3 1 0 4 4 5 4 4 1 1 25299 0 15 40 22 24 2 4 2 3
0 0 0 0 6 1 1 0 0 3 1 0 4 -1 -1 -1 -1 -1 -1 25699 0 15 40 22 24 2 4 2 3
0 0 0 0 6 1 1 0 0 3 1 0 4 -1 -1 -1 -1 -1 -1 26133 0 15 40 22 24 2 4 2 3
0 0 0 0 6 1 1 0 0 3 1 0 4 -1 -1 -1 -1 -1 -1 31366 0 15 40 22 24 2 4 2 3
0 0 0 1 7 1 1 1 0 3 1 0 4 4 5 4 4 1 1 31799 0 15 40 22 24 2 8 0 5
0 0 0 1 1 6 1 1 0 3 1 1 5 -1 -1 -1 -1 -1 -1 32199 0 15 40 23 25 2 8 0 5
0 0 0 1 1 6 1 1 0 3 1 1 5 -1 -1 -1 -1 -1 -1 32599 0 15 40 23 25 2 8 0 5
0 0 0 1 1 6 1 1 0 3 1 1 5 -1 -1 -1 -1 -1 -1 32999 0 15 40 23 25 2 8 0 5
0 0 0 1 1 7 1 1 0 3 1 1 5 5 5 4 4 1 1 33399 0 15 40 23 25 2 5 2 5
0 0 0 1 1 6 1 1 0 3 1 1 5 -1 -1 -1 -1 -1 -1 33799 0 15 40 23 25 2 5 2 5
0 0 0 6 1 1 1 1 0 3 1 1 3 -1 -1 -1 -1 -1 -1 34199 0 15 40 23 25 2 5 2 5
0 0 0 6 1 1 1 1 0 3 1 1 3 -1 -1 -1 -1 -1 -1 34599 0 15 40 23 25 2 5 2 5
0 0 0 7 1 1 1 1 0 3 1 1 3 3 5 4 4 1 1 34999 0 15 40 23 25 2 5 2 5
0 0 0 6 1 1 1 1 0 3 1 1 3 -1 -1 -1 -1 -1 -1 35399 0 15 40 24 25.5 2 5 2 5
0 0 0 6 1 1 1 1 0 3 1 1 3 -1 -1 -1 -1 -1 -1 35766 0 15 40 24 25.5 2 5 2 5
0 0 0 6 1 1 1 1 0 3 1 1 3 -1 -1 -1 -1 -1 -1 36166 0 15 40 24 25.5 2 5 2 5
0 0 0 7 1 1 1 1 0 3 1 1 3 3 5 4 4 1 1 36566 0 15 40 24 25.5 2 6 2 5
0 0 0 1 6 1 1 1 0 3 1 1 4 -1 -1 -1 -1 -1 -1 36966 0 15 40 24 25.5 2 6 2 5
0 0 0 1 6 1 1 1 0 3 1 1 4 -1 -1 -1 -1 -1 -1 37333 0 15 40 24 25.5 2 6 2 5
0 0 0 1 6 1 1 1 0 3 1 1 4 -1 -1 -1 -1 -1 -1 37733 0 15 40 24 25.5 2 6 2 5
0 0 0 1 7 1 1 1 0 3 1 1 4 4 5 4 4 1 1 38133 0 15 40 24 25.5 2 6 2 5
0 0 0 1 1 6 1 1 0 3 1 1 5 -1 -1 -1 -1 -1 -1 38533 0 15 40 25 26 2 6 2 5
0 0 0 1 6 1 1 1 0 3 1 1 4 -1 -1 -1 -1 -1 -1 38899 0 15 40 25 26 2 6 2 5
0 0 0 1 6 1 1 1 0 3 1 1 4 -1 -1 -1 -1 -1 -1 39299 0 15 40 25 26 2 6 2 5
0 0 0 1 7 1 1 1 0 3 1 1 4 4 5 4 4 1 1 39666 0 15 40 25 26 2 4 2 5
0 0 0 1 1 6 1 1 0 3 1 1 5 -1 -1 -1 -1 -1 -1 40066 0 15 40 25 26 2 4 2 5
0 0 0 1 1 1 6 1 0 3 1 1 6 -1 -1 -1 -1 -1 -1 40433 0 15 40 25 26 2 4 2 5
0 0 0 1 1 1 6 1 0 3 1 1 6 -1 -1 -1 -1 -1 -1 40833 0 15 40 25 26 2 4 2 5
0 0 0 1 1 1 7 1 0 3 1 1 6 6 5 4 4 1 1 41199 0 15 40 25 26 2 5 2 5
0 0 0 1 1 6 1 1 0 3 1 1 5 -1 -1 -1 -1 -1 -1 41599 0 15 40 26 26.5 2 5 2 5
0 0 0 1 6 1 1 1 0 3 1 1 4 -1 -1 -1 -1 -1 -1 41966 0 15 40 26 26.5 2 5 2 5
0 0 0 1 6 1 1 1 0 3 1 1 4 -1 -1 -1 -1 -1 -1 42333 0 15 40 26 26.5 2 5 2 5
0 0 0 1 7 1 1 1 0 3 1 1 4 4 5 4 4 1 1 42733 0 15 40 26 26.5 2 4 2 5
0 0 0 1 1 6 1 1 0 3 1 1 5 -1 -1 -1 -1 -1 -1 43099 0 15 40 26 26.5 2 4 2 5
0 0 0 1 1 1 6 1 0 3 1 1 6 -1 -1 -1 -1 -1 -1 43466 0 15 40 26 26.5 2 4 2 5
0 0 0 1 1 1 6 1 0 3 1 1 6 -1 -1 -1 -1 -1 -1 43866 0 15 40 26 26.5 2 4 2 5
0 0 0 1 1 1 7 1 0 3 1 1 6 6 5 4 4 1 1 44233 0 15 40 26 26.5 2 8 0 5
0 0 0 1 1 6 1 1 0 3 1 2 5 -1 -1 -1 -1 -1 -1 44599 0 15 40 27 27 2 8 0 5
0 0 0 1 6 1 1 1 0 3 1 2 4 -1 -1 -1 -1 -1 -1 44966 0 15 40 27 27 2 8 0 5
0 0 0 1 6 1 1 1 0 3 1 2 4 -1 -1 -1 -1 -1 -1 45332 0 15 40 27 27 2 8 0 5
0 0 0 1 7 1 1 1 0 3 1 2 4 4 5 4 4 1 1 45699 0 15 40 27 27 2 5 2 5
0 0 0 1 1 6 1 1 0 3 1 2 5 -1 -1 -1 -1 -1 -1 46066 0 15 40 27 27 2 5 2 5
0 0 0 1 1 6 4 1 0 3 1 2 5 -1 -1 -1 -1 -1 -1 46466 1 15 40 27 27 2 5 2 5
0 0 0 1 1 6 1 1 0 3 1 2 5 -1 -1 -1 -1 -1 -1 46832 0 15 40 27 27 2 5 2 5
0 0 0 1 1 7 1 1 0 3 1 2 5 5 5 4 4 1 1 47199 0 15 40 27 27 2 5 2 5
0 0 0 1 1 1 6 1 0 3 1 2 6 -1 -1 -1 -1 -1 -1 47566 0 15 40 28 27.5 2 5 2 5
0 0 0 4 1 1 1 6 0 3 1 2 7 -1 -1 -1 -1 -1 -1 47932 1 15 40 28 27.5 2 5 2 5
0 0 0 1 1 1 1 6 0 3 1 2 7 -1 -1 -1 -1 -1 -1 48299 0 15 40 28 27.5 2 5 2 5
0 0 0 1 1 1 1 7 0 3 1 2 7 7 5 4 4 1 1 48632 0 15 40 28 27.5 2 6 2 5
0 0 0 1 1 1 6 1 0 3 1 2 6 -1 -1 -1 -1 -1 -1 48999 0 15 40 28 27.5 2 6 2 5
0 0 0 1 4 1 1 6 0 3 1 2 7 -1 -1 -1 -1 -1 -1 49366 1 15 40 28 27.5 2 6 2 5
0 0 0 1 1 1 1 6 0 3 1 2 7 -1 -1 -1 -1 -1 -1 49732 0 15 40 28 27.5 2 6 2 5
0 0 0 1 1 1 1 7 0 3 1 2 7 7 5 4 4 1 1 50099 0 15 40 28 27.5 2 6 2 5
0 0 0 1 1 1 6 1 0 3 1 2 6 -1 -1 -1 -1 -1 -1 50466 0 15 40 29 28 2 6 2 5
0 0 0 1 1 6 1 4 0 3 1 2 5 -1 -1 -1 -1 -1 -1 50832 1 15 40 29 28 2 6 2 5
0 0 0 1 1 6 1 1 0 3 1 2 5 -1 -1 -1 -1 -1 -1 51166 0 15 40 29 28 2 6 2 5
0 0 0 1 1 7 1 1 0 3 1 2 5 5 5 4 4 1 1 51532 0 15 40 29 28 2 4 2 5
0 0 0 1 6 1 1 1 0 3 1 2 4 -1 -1 -1 -1 -1 -1 51899 0 15 40 29 28 2 4 2 5
0 0 0 6 1 4 1 1 0 3 1 2 3 -1 -1 -1 -1 -1 -1 52232 1 15 40 29 28 2 4 2 5
0 0 0 6 1 1 1 1 0 3 1 2 3 -1 -1 -1 -1 -1 -1 52599 0 15 40 29 28 2 4 2 5
0 0 0 7 1 1 1 1 0 3 1 2 3 3 5 4 4 1 1 52966 0 15 40 29 28 2 5 2 5
0 0 0 1 6 1 1 1 0 3 1 2 4 -1 -1 -1 -1 -1 -1 53299 0 15 40 30 28.5 2 5 2 5
0 0 0 1 1 6 1 4 0 3 1 2 5 -1 -1 -1 -1 -1 -1 53666 1 15 40 30 28.5 2 5 2 5
0 0 0 1 1 6 1 1 0 3 1 2 5 -1 -1 -1 -1 -1 -1 53999 0 15 40 30 28.5 2 5 2 5
0 0 0 1 1 7 1 1 0 3 1 2 5 5 5 4 4 1 1 54366 0 15 40 30 28.5 2 4 2 5
0 0 0 1 1 1 6 1 0 3 1 2 6 -1 -1 -1 -1 -1 -1 54732 0 15 40 30 28.5 2 4 2 5
0 0 0 1 1 4 6 1 0 3 1 2 6 -1 -1 -1 -1 -1 -1 55066 1 15 40 30 28.5 2 4 2 5
0 0 0 1 1 6 1 1 0 3 1 2 5 -1 -1 -1 -1 -1 -1 55432 0 15 40 30 28.5 2 4 2 5
0 0 0 1 7 1 1 1 0 3 1 2 4 4 5 4 4 1 1 55766 0 15 40 30 28.5 2 8 0 5
0 0 0 1 6 1 1 1 0 3 1 2 4 -1 -1 -1 -1 -1 -1 56099 0 15 40 31 29 2 8 0 5
0 0 0 1 6 1 4 1 0 3 1 2 4 -1 -1 -1 -1 -1 -1 56466 1 15 40 31 29 2 8 0 5
0 0 0 1 6 1 1 1 0 3 1 2 4 -1 -1 -1 -1 -1 -1 56799 0 15 40 31 29 2 8 0 5
0 0 0 1 7 1 1 1 0 3 1 2 4 4 5 4 4 1 1 57166 0 15 40 31 29 2 5 2 5
0 0 0 1 6 1 1 1 0 3 1 2 4 -1 -1 -1 -1 -1 -1 57499 0 15 40 31 29 2 5 2 5
0 0 0 1 6 1 4 1 0 3 1 2 4 -1 -1 -1 -1 -1 -1 57832 1 15 40 31 29 2 5 2 5
0 0 0 6 1 1 1 1 0 3 1 2 3 -1 -1 -1 -1 -1 -1 58199 0 15 40 31 29 2 5 2 5
0 0 0 7 1 1 1 1 0 3 1 2 3 3 5 4 4 1 1 58532 0 15 40 31 29 2 5 2 5
0 0 0 6 1 1 1 1 0 3 1 2 3 -1 -1 -1 -1 -1 -1 58866 0 15 40 32 29.5 2 5 2 5
0 0 0 6 1 4 1 1 0 3 1 2 3 -1 -1 -1 -1 -1 -1 59199 1 15 40 32 29.5 2 5 2 5
0 0 0 1 6 1 1 1 0 3 1 2 4 -1 -1 -1 -1 -1 -1 59532 0 15 40 32 29.5 2 5 2 5
0 0 0 1 7 1 1 1 0 3 1 2 4 4 5 4 4 1 1 59899 0 15 40 32 29.5 2 6 2 5
0 0 0 1 1 6 1 1 0 3 1 2 5 -1 -1 -1 -1 -1 -1 60232 0 15 40 32 29.5 2 6 2 5
0 0 0 1 4 1 6 1 0 3 1 2 6 -1 -1 -1 -1 -1 -1 60566 1 15 40 32 29.5 2 6 2 5
0 0 0 1 1 1 6 1 0 3 1 2 6 -1 -1 -1 -1 -1 -1 60899 0 15 40 32 29.5 2 6 2 5
0 0 0 1 1 1 7 1 0 3 1 2 6 6 5 4 4 1 1 61232 0 15 40 32 29.5 2 6 2 5
0 0 0 1 1 6 1 1 0 3 1 2 5 -1 -1 -1 -1 -1 -1 61566 0 15 40 33 30 2 6 2 5
0 0 0 1 4 6 1 1 0 3 1 2 5 -1 -1 -1 -1 -1 -1 61899 1 15 40 33 30 2 6 2 5
0 0 0 1 1 6 1 1 0 3 1 2 5 -1 -1 -1 -1 -1 -1 62232 0 15 40 33 30 2 6 2 5
0 0 0 1 1 7 1 1 0 3 1 2 5 5 5 4 4 1 1 62566 0 15 40 33 30 2 4 2 5
0 0 0 1 1 6 1 1 0 3 1 2 5 -1 -1 -1 -1 -1 -1 62899 0 15 40 33 30 2 4 2 5
0 0 0 1 6 1 1 4 0 3 1 2 4 -1 -1 -1 -1 -1 -1 63232 1 15 40 33 30 2 4 2 5
0 0 0 6 1 1 1 1 0 3 1 2 3 -1 -1 -1 -1 -1 -1 63566 0 15 40 33 30 2 4 2 5
0 0 0 7 1 1 1 1 0 3 1 2 3 3 5 4 4 1 1 63899 0 15 40 33 30 2 5 2 5
0 0 0 1 6 1 1 1 0 3 1 2 4 -1 -1 -1 -1 -1 -1 64232 0 15 40 34 30.5 2 5 2 5
0 0 0 4 1 6 1 1 0 3 1 2 5 -1 -1 -1 -1 -1 -1 64566 1 15 40 34 30.5 2 5 2 5
0 0 0 1 6 1 1 1 0 3 1 2 4 -1 -1 -1 -1 -1 -1 64899 0 15 40 34 30.5 2 5 2 5
0 0 0 7 1 1 1 1 0 3 1 2 3 3 5 4 4 1 1 65232 0 15 40 34 30.5 2 4 2 5
0 0 0 6 1 1 1 1 0 3 1 2 3 -1 -1 -1 -1 -1 -1 65532 0 15 40 34 30.5 2 4 2 5
0 0 0 6 1 4 1 1 0 3 1 2 3 -1 -1 -1 -1 -1 -1 65866 1 15 40 34 30.5 2 4 2 5
0 0 0 1 6 1 1 1 0 3 1 2 4 -1 -1 -1 -1 -1 -1 66199 0 15 40 34 30.5 2 4 2 5
0 0 0 1 7 1 1 1 0 3 1 2 4 4 5 4 4 1 1 66532 0 15 40 34 30.5 2 8 0 5
0 0 0 1 6 1 1 1 0 3 1 2 4 -1 -1 -1 -1 -1 -1 66865 0 15 40 35 31 2 8 0 5
0 0 0 6 1 4 1 1 0 3 1 2 3 -1 -1 -1 -1 -1 -1 67165 1 15 40 35 31 2 8 0 5
0 0 0 6 1 1 1 1 0 3 1 2 3 -1 -1 -1 -1 -1 -1 67499 0 15 40 35 31 2 8 0 5
0 0 0 7 1 1 1 1 0 3 1 2 3 3 5 4 4 1 1 67832 0 15 40 35 31 2 5 2 5
0 0 0 1 6 1 1 1 0 3 1 2 4 -1 -1 -1 -1 -1 -1 68132 0 15 40 35 31 2 5 2 5
0 0 0 1 6 1 1 4 0 3 1 2 4 -1 -1 -1 -1 -1 -1 68465 1 15 40 35 31 2 5 2 5
0 0 0 6 1 1 1 1 0 3 1 2 3 -1 -1 -1 -1 -1 -1 68799 0 15 40 35 31 2 5 2 5
0 0 0 7 1 1 1 1 0 3 1 2 3 3 5 4 4 1 1 69099 0 15 40 35 31 2 5 2 5
0 0 0 6 1 1 1 1 0 3 1 2 3 -1 -1 -1 -1 -1 -1 69432 0 15 40 36 31.5 2 5 2 5
0 0 0 1 6 4 1 1 0 3 1 2 4 -1 -1 -1 -1 -1 -1 69732 1 15 40 36 31.5 2 5 2 5
0 0 0 1 6 1 1 1 0 3 1 2 4 -1 -1 -1 -1 -1 -1 70065 0 15 40 36 31.5 2 5 2 5
0 0 0 1 7 1 1 1 0 3 1 2 4 4 5 4 4 1 1 70399 0 15 40 36 31.5 2 6 2 5
0 0 0 1 6 1 1 1 0 3 1 2 4 -1 -1 -1 -1 -1 -1 70699 0 15 40 36 31.5 2 6 2 5
0 0 0 1 6 4 1 1 0 3 1 2 4 -1 -1 -1 -1 -1 -1 71032 1 15 40 36 31.5 2 6 2 5
0 0 0 1 6 1 1 1 0 3 1 2 4 -1 -1 -1 -1 -1 -1 71332 0 15 40 36 31.5 2 6 2 5
0 0 0 1 7 1 1 1 0 3 1 2 4 4 5 4 4 1 1 71665 0 15 40 36 31.5 2 6 2 5
0 0 0 1 1 6 1 1 0 3 1 2 5 -1 -1 -1 -1 -1 -1 71965 0 15 40 37 32 2 6 2 5
0 0 0 1 6 1 4 1 0 3 1 2 4 -1 -1 -1 -1 -1 -1 72265 1 15 40 37 32 2 6 2 5
0 0 0 6 1 1 1 1 0 3 1 2 3 -1 -1 -1 -1 -1 -1 72599 0 15 40 37 32 2 6 2 5
0 0 0 7 1 1 1 1 0 3 1 2 3 3 5 4 4 1 1 72899 0 15 40 37 32 2 4 2 5
0 0 0 6 1 1 1 1 0 3 1 2 3 -1 -1 -1 -1 -1 -1 73199 0 15 40 37 32 2 4 2 5
0 0 0 1 1 6 1 4 0 3 1 2 5 -1 -1 -1 -1 -1 -1 73532 1 15 40 37 32 2 4 2 5
0 0 0 1 1 6 1 1 0 3 1 2 5 -1 -1 -1 -1 -1 -1 73832 0 15 40 37 32 2 4 2 5
0 0 0 1 1 7 1 1 0 3 1 2 5 5 5 4 4 1 1 74165 0 15 40 37 32 2 5 2 5
0 0 0 1 1 1 6 1 0 3 1 2 6 -1 -1 -1 -1 -1 -1 74465 0 15 40 38 32.5 2 5 2 5
0 0 0 1 1 4 6 1 0 3 1 2 6 -1 -1 -1 -1 -1 -1 74765 1 15 40 38 32.5 2 5 2 5
0 0 0 1 1 6 1 1 0 3 1 2 5 -1 -1 -1 -1 -1 -1 75065 0 15 40 38 32.5 2 5 2 5
0 0 0 1 7 1 1 1 0 3 1 2 4 4 5 4 4 1 1 75399 0 15 40 38 32.5 2 4 2 5
0 0 0 1 6 1 1 1 0 3 1 2 4 -1 -1 -1 -1 -1 -1 75699 0 15 40 38 32.5 2 4 2 5
0 0 0 1 6 4 1 1 0 3 1 2 4 -1 -1 -1 -1 -1 -1 75999 1 15 40 38 32.5 2 4 2 5
0 0 0 6 1 1 1 1 0 3 1 2 3 -1 -1 -1 -1 -1 -1 76299 0 15 40 38 32.5 2 4 2 5
0 0 0 7 1 1 1 1 0 3 1 2 3 3 5 4 4 1 1 76599 0 15 40 38 32.5 2 8 0 5
0 0 0 1 6 1 1 1 0 3 1 2 4 -1 -1 -1 -1 -1 -1 76932 0 15 40 39 33 2 8 0 5
0 0 0 1 6 1 4 1 0 3 1 2 4 -1 -1 -1 -1 -1 -1 77232 1 15 40 39 33 2 8 0 5
0 0 0 1 6 1 1 1 0 3 1 2 4 -1 -1 -1 -1 -1 -1 77532 0 15 40 39 33 2 8 0 5
0 0 0 1 7 1 1 1 0 3 1 2 4 4 5 4 4 1 1 77832 0 15 40 39 33 2 5 2 5
0 0 0 1 1 6 1 1 0 3 1 2 5 -1 -1 -1 -1 -1 -1 78132 0 15 40 39 33 2 5 2 5
0 0 0 4 1 1 6 1 0 3 1 2 6 -1 -1 -1 -1 -1 -1 78432 1 15 40 39 33 2 5 2 5
0 0 0 1 1 1 6 1 0 3 1 2 6 -1 -1 -1 -1 -1 -1 78732 0 15 40 39 33 2 5 2 5
0 0 0 1 1 1 7 1 0 3 1 2 6 6 5 4 4 1 1 79032 0 15 40 39 33 2 5 2 5
0 0 0 1 1 1 6 1 0 3 1 2 6 -1 -1 -1 -1 -1 -1 79332 0 15 40 40 34 2 5 2 5
0 0 0 0 1 6 1 0 1 4 1 0 5 -1 -1 -1 -1 -1 -1 85965 0 15 40 20 60 2 8 0 3
0 0 0 0 1 1 6 0 1 4 1 0 6 -1 -1 -1 -1 -1 -1 86132 0 15 40 20 60 2 8 0 3
0 0 0 0 1 1 6 0 1 4 1 0 6 -1 -1 -1 -1 -1 -1 86299 0 15 40 20 60 2 5 2 3
0 0 0 0 1 6 1 0 1 4 1 0 5 -1 -1 -1 -1 -1 -1 86465 0 15 40 20 52.4 2 5 2 3
0 0 0 0 6 1 1 0 1 4 1 0 4 -1 -1 -1 -1 -1 -1 86699 0 15 40 20 34.6666 2 5 2 3
0 0 0 0 1 6 1 0 1 4 1 0 5 -1 -1 -1 -1 -1 -1 87099 0 15 40 20 22 2 5 2 3
0 0 0 0 1 6 1 0 1 4 1 0 5 -1 -1 -1 -1 -1 -1 87565 0 15 40 20 22 2 4 2 3
0 0 0 0 1 6 1 0 1 4 1 0 5 -1 -1 -1 -1 -1 -1 88032 0 15 40 20 22 2 4 2 3
0 0 0 0 1 6 1 0 1 4 1 0 5 -1 -1 -1 -1 -1 -1 88465 0 15 40 20 22 2 4 2 3
0 0 0 0 1 6 1 0 1 4 1 0 5 -1 -1 -1 -1 -1 -1 88932 0 15 40 20 22 2 4 2 3
0 0 0 0 1 6 3 0 1 4 1 0 5 6 3 8 3 0 0 89398 0 15 40 20 22 2 4 2 3
0 0 0 0 1 6 1 0 1 4 1 0 5 -1 -1 -1 -1 -1 -1 89832 0 15 40 20 22 2 4 2 3
0 0 0 0 1 1 6 0 1 4 1 0 6 -1 -1 -1 -1 -1 -1 90298 0 15 40 20 22 2 4 2 3
0 0 0 0 1 1 6 0 1 4 1 0 6 -1 -1 -1 -1 -1 -1 90765 0 15 40 20 22 2 4 2 3
0 0 0 0 3 1 6 0 1 4 1 0 6 4 0 6 1 0 0 91198 0 15 40 20 22 2 4 2 3
0 0 0 0 1 6 1 0 1 4 1 0 5 -1 -1 -1 -1 -1 -1 91665 0 15 40 20 22 2 4 2 3
0 0 0 0 1 6 1 0 1 4 1 0 5 -1 -1 -1 -1 -1 -1 92098 0 15 40 20 22 2 4 2 3
0 0 0 0 1 6 1 0 1 4 1 0 5 -1 -1 -1 -1 -1 -1 92565 0 15 40 20 22 2 4 2 3
0 0 0 0 1 6 3 0 1 4 1 0 5 6 2 5 0 0 0 93032 0 15 40 20 22 2 6 2 3
0 0 0 0 1 6 1 0 1 4 1 0 5 -1 -1 -1 -1 -1 -1 93465 0 15 40 20 22 2 6 2 3
0 0 0 0 1 6 1 0 1 4 1 0 5 -1 -1 -1 -1 -1 -1 93932 0 15 40 20 22 2 6 2 3
0 0 0 0 1 6 1 0 1 4 1 0 5 -1 -1 -1 -1 -1 -1 94398 0 15 40 20 22 2 6 2 3
0 0 0 0 1 1 7 0 1 4 1 0 6 6 2 5 0 1 1 94832 0 15 40 20 22 2 5 2 3
0 0 0 0 1 6 1 0 1 4 1 0 5 -1 -1 -1 -1 -1 -1 95298 0 15 40 20 22 2 5 2 3
0 0 0 0 1 6 1 0 1 4 1 0 5 -1 -1 -1 -1 -1 -1 95765 0 15 40 20 22 2 5 2 3
0 0 0 0 1 6 1 0 1 4 1 0 5 -1 -1 -1 -1 -1 -1 96198 0 15 40 20 22 2 5 2 3
0 0 0 0 3 6 1 0 1 4 1 0 5 4 0 6 1 0 0 96665 0 15 40 20 22 2 6 2 3
0 0 0 0 1 6 1 0 1 4 1 0 5 -1 -1 -1 -1 -1 -1 97098 0 15 40 20 22 2 6 2 3
0 0 0 0 1 6 1 0 1 4 1 0 5 -1 -1 -1 -1 -1 -1 97565 0 15 40 20 22 2 6 2 3
0 0 0 0 1 6 1 0 1 4 1 0 5 -1 -1 -1 -1 -1 -1 98032 0 15 40 20 22 2 6 2 3
0 0 0 0 1 6 3 0 1 4 1 0 5 6 3 8 3 0 0 98465 0 15 40 20 22 2 8 0 3
0 0 0 0 6 1 1 0 1 4 1 0 4 -1 -1 -1 -1 -1 -1 98932 0 15 40 20 22 2 8 0 3
0 0 0 0 1 6 1 0 1 4 1 0 5 -1 -1 -1 -1 -1 -1 99398 0 15 40 20 22 2 8 0 3
0 0 0 0 1 1 6 0 1 4 1 0 6 -1 -1 -1 -1 -1 -1 99832 0 15 40 20 22 2 8 0 3
0 0 0 0 1 3 6 0 1 4 1 0 6 5 2 5 0 0 0 100298 0 15 40 20 22 2 5 2 3
0 0 0 0 1 1 6 0 1 4 1 0 6 -1 -1 -1 -1 -1 -1 100765 0 15 40 20 22 2 5 2 3
0 0 0 0 6 1 1 0 1 4 1 0 4 -1 -1 -1 -1 -1 -1 101198 0 15 40 20 22 2 5 2 3
0 0 0 0 6 1 1 0 1 4 1 0 4 -1 -1 -1 -1 -1 -1 101665 0 15 40 20 22 2 5 2 3
0 0 0 0 6 3 1 0 1 4 1 0 4 5 1 7 2 0 0 102098 0 15 40 20 22 2 4 2 3
0 0 0 0 6 1 1 0 1 4 1 0 4 -1 -1 -1 -1 -1 -1 102565 0 15 40 20 22 2 4 2 3
0 0 0 0 6 1 1 0 1 4 1 0 4 -1 -1 -1 -1 -1 -1 103032 0 15 40 20 22 2 4 2 3
0 0 0 0 6 1 1 0 1 4 1 0 4 -1 -1 -1 -1 -1 -1 103465 0 15 40 20 22 2 4 2 3
0 0 0 1 7 1 1 1 1 4 1 0 4 4 1 7 2 1 1 103932 0 15 40 20 22 2 4 2 5
0 0 0 1 1 6 1 1 1 4 1 0 5 -1 -1 -1 -1 -1 -1 104365 0 15 40 21 23 2 4 2 5
0 0 0 1 1 6 1 1 1 4 1 0 5 -1 -1 -1 -1 -1 -1 104798 0 15 40 21 23 2 4 2 5
0 0 0 6 1 1 1 1 1 4 1 0 3 -1 -1 -1 -1 -1 -1 105232 0 15 40 21 23 2 4 2 5
0 0 0 6 1 3 1 1 1 4 1 0 3 5 3 8 3 0 0 105665 0 15 40 21 23 2 4 2 5
0 0 0 6 1 1 1 1 1 4 1 1 3 -1 -1 -1 -1 -1 -1 106098 0 15 40 21 23 2 4 2 5
0 0 0 1 1 6 1 1 1 4 1 1 5 -1 -1 -1 -1 -1 -1 106532 0 15 40 21 23 2 4 2 5
0 0 0 1 1 6 1 1 1 4 1 1 5 -1 -1 -1 -1 -1 -1 106965 0 15 40 21 23 2 4 2 5
0 0 0 1 1 6 1 3 1 4 1 1 5 7 1 7 2 0 0 107398 0 15 40 21 23 2 6 2 5
0 0 0 1 1 6 1 1 1 4 1 1 5 -1 -1 -1 -1 -1 -1 107832 0 15 40 21 23 2 6 2 5
0 0 0 1 1 1 1 6 1 4 1 1 7 -1 -1 -1 -1 -1 -1 108265 0 15 40 21 23 2 6 2 5
0 0 0 1 1 1 6 1 1 4 1 1 6 -1 -1 -1 -1 -1 -1 108732 0 15 40 21 23 2 6 2 5
0 0 0 1 1 3 6 1 1 4 1 1 6 5 0 6 1 0 0 109165 0 15 40 21 23 2 5 2 5
0 0 0 1 1 1 1 6 1 4 1 1 7 -1 -1 -1 -1 -1 -1 109598 0 15 40 21 23 2 5 2 5
0 0 0 1 1 6 1 1 1 4 1 1 5 -1 -1 -1 -1 -1 -1 110032 0 15 40 21 23 2 5 2 5
0 0 0 1 1 6 1 1 1 4 1 1 5 -1 -1 -1 -1 -1 -1 110465 0 15 40 21 23 2 5 2 5
0 0 0 1 1 6 3 1 1 4 1 1 5 6 1 7 2 0 0 110898 0 15 40 21 23 2 6 2 5
0 0 0 1 1 6 1 1 1 4 1 1 5 -1 -1 -1 -1 -1 -1 111331 0 15 40 21 23 2 6 2 5
0 0 0 1 1 6 1 1 1 4 1 1 5 -1 -1 -1 -1 -1 -1 111765 0 15 40 21 23 2 6 2 5
0 0 0 1 1 6 1 1 1 4 1 1 5 -1 -1 -1 -1 -1 -1 112198 0 15 40 21 23 2 6 2 5
0 0 0 1 1 6 3 1 1 4 1 1 5 6 0 6 1 0 0 112631 0 15 40 21 23 2 8 0 5
0 0 0 1 1 6 1 1 1 4 1 1 5 -1 -1 -1 -1 -1 -1 113065 0 15 40 21 23 2 8 0 5
0 0 0 1 1 6 1 1 1 4 1 1 5 -1 -1 -1 -1 -1 -1 113498 0 15 40 21 23 2 8 0 5
0 0 0 1 1 6 1 1 1 4 1 1 5 -1 -1 -1 -1 -1 -1 113931 0 15 40 21 23 2 8 0 5
0 0 0 1 3 6 1 1 1 4 1 1 5 4 1 7 2 0 0 114365 0 15 40 21 23 2 5 2 5
0 0 0 1 1 6 1 1 1 4 1 1 5 -1 -1 -1 -1 -1 -1 114798 0 15 40 21 23 2 5 2 5
0 0 0 1 1 6 1 1 1 4 1 1 5 -1 -1 -1 -1 -1 -1 115231 0 15 40 21 23 2 5 2 5
0 0 0 1 1 6 1 1 1 4 1 1 5 -1 -1 -1 -1 -1 -1 115665 0 15 40 21 23 2 5 2 5
0 0 0 3 1 6 1 1 1 4 1 1 5 3 3 8 3 0 0 116098 0 15 40 21 23 2 4 2 5
0 0 0 1 1 6 1 1 1 4 1 1 5 -1 -1 -1 -1 -1 -1 116531 0 15 40 21 23 2 4 2 5
0 0 0 1 6 1 1 1 1 4 1 1 4 -1 -1 -1 -1 -1 -1 116965 0 15 40 21 23 2 4 2 5
0 0 0 6 1 1 1 1 1 4 1 1 3 -1 -1 -1 -1 -1 -1 117398 0 15 40 21 23 2 4 2 5
0 0 0 7 1 1 1 1 1 4 1 1 3 3 3 8 3 1 1 117831 0 15 40 21 23 2 4 2 5
0 0 0 1 6 1 1 1 1 4 1 1 4 -1 -1 -1 -1 -1 -1 118265 0 15 40 21 23 2 4 2 5
0 0 0 1 6 1 1 1 1 4 1 1 4 -1 -1 -1 -1 -1 -1 118698 0 15 40 21 23 2 4 2 5
0 0 0 1 6 1 1 1 1 4 1 1 4 -1 -1 -1 -1 -1 -1 119131 0 15 40 21 23 2 4 2 5
0 0 0 1 7 1 1 1 1 4 1 1 4 4 3 8 3 1 1 119598 0 15 40 21 23 2 4 2 5
0 0 0 1 1 6 1 1 1 4 1 1 5 -1 -1 -1 -1 -1 -1 119998 0 15 40 22 24 2 4 2 5
0 0 0 1 1 6 1 1 1 4 1 1 5 -1 -1 -1 -1 -1 -1 120431 0 15 40 22 24 2 4 2 5
0 0 0 6 1 1 1 1 1 4 1 1 3 -1 -1 -1 -1 -1 -1 120831 0 15 40 22 24 2 4 2 5
0 0 0 1 6 1 3 1 1 4 1 1 4 6 2 5 0 0 0 121265 0 15 40 22 24 2 6 2 5
0 0 0 1 1 1 6 1 1 4 1 1 6 -1 -1 -1 -1 -1 -1 121665 0 15 40 22 24 2 6 2 5
0 0 0 1 1 6 1 1 1 4 1 1 5 -1 -1 -1 -1 -1 -1 122098 0 15 40 22 24 2 6 2 5
0 0 0 1 1 6 1 1 1 4 1 1 5 -1 -1 -1 -1 -1 -1 122498 0 15 40 22 24 2 6 2 5
0 0 0 1 6 1 1 3 1 4 1 1 4 7 3 8 3 0 0 122931 0 15 40 22 24 2 5 2 5
0 0 0 1 6 1 1 1 1 4 1 2 4 -1 -1 -1 -1 -1 -1 123331 0 15 40 22 24 2 5 2 5
0 0 0 1 1 1 6 1 1 4 1 2 6 -1 -1 -1 -1 -1 -1 123765 0 15 40 22 24 2 5 2 5
0 0 0 1 1 1 6 1 1 4 1 2 6 -1 -1 -1 -1 -1 -1 124165 0 15 40 22 24 2 5 2 5
0 0 0 1 1 1 7 1 1 4 1 2 6 6 3 8 3 1 1 124598 0 15 40 22 24 2 6 2 5
0 0 0 1 1 6 1 1 1 4 1 2 5 -1 -1 -1 -1 -1 -1 124998 0 15 40 22 24 2 6 2 5
0 0 0 1 6 1 4 1 1 4 1 2 4 -1 -1 -1 -1 -1 -1 125431 1 15 40 22 24 2 6 2 5
0 0 0 1 1 6 1 1 1 4 1 2 5 -1 -1 -1 -1 -1 -1 125831 0 15 40 22 24 2 6 2 5
0 0 0 1 3 6 1 1 1 4 1 2 5 4 1 7 2 0 0 126265 0 15 40 22 24 2 8 0 5
0 0 0 1 1 6 1 1 1 4 1 2 5 -1 -1 -1 -1 -1 -1 126665 0 15 40 22 24 2 8 0 5
0 0 0 4 1 6 1 1 1 4 1 2 5 -1 -1 -1 -1 -1 -1 127098 1 15 40 22 24 2 8 0 5
0 0 0 1 6 1 1 1 1 4 1 2 4 -1 -1 -1 -1 -1 -1 127498 0 15 40 22 24 2 8 0 5
0 0 0 1 7 1 1 1 1 4 1 2 4 4 1 7 2 1 1 127931 0 15 40 22 24 2 5 2 5
0 0 0 1 6 1 1 1 1 4 1 2 4 -1 -1 -1 -1 -1 -1 128331 0 15 40 23 25 2 5 2 5
0 0 0 1 6 4 1 1 1 4 1 2 4 -1 -1 -1 -1 -1 -1 128731 1 15 40 23 25 2 5 2 5
0 0 0 1 1 6 1 1 1 4 1 2 5 -1 -1 -1 -1 -1 -1 129131 0 15 40 23 25 2 5 2 5
0 0 0 3 1 1 6 1 1 4 1 2 6 3 0 6 1 0 0 129532 0 15 40 23 25 2 4 2 5
0 0 0 1 1 1 6 1 1 4 1 2 6 -1 -1 -1 -1 -1 -1 129932 0 15 40 23 25 2 4 2 5
0 0 0 1 6 1 1 4 1 4 1 2 4 -1 -1 -1 -1 -1 -1 130332 1 15 40 23 25 2 4 2 5
0 0 0 1 6 1 1 1 1 4 1 2 4 -1 -1 -1 -1 -1 -1 130732 0 15 40 23 25 2 4 2 5
0 0 0 1 7 1 1 1 1 4 1 2 4 4 0 6 1 1 1 131132 0 15 40 23 25 2 4 2 5
0 0 0 1 1 6 1 1 1 4 1 2 5 -1 -1 -1 -1 -1 -1 131532 0 15 40 23 25 2 4 2 5
0 0 0 4 1 1 6 1 1 4 1 2 6 -1 -1 -1 -1 -1 -1 131932 1 15 40 23 25 2 4 2 5
0 0 0 1 1 1 6 1 1 4 1 2 6 -1 -1 -1 -1 -1 -1 132332 0 15 40 23 25 2 4 2 5
0 0 0 3 1 1 6 1 1 4 1 2 6 3 3 8 3 0 0 132732 0 15 40 23 25 2 4 2 5
0 0 0 1 1 1 6 1 1 4 1 2 6 -1 -1 -1 -1 -1 -1 133132 0 15 40 23 25 2 4 2 5
0 0 0 4 1 1 6 1 1 4 1 2 6 -1 -1 -1 -1 -1 -1 133532 1 15 40 23 25 2 4 2 5
0 0 0 1 1 6 1 1 1 4 1 2 5 -1 -1 -1 -1 -1 -1 133932 0 15 40 23 25 2 4 2 5
0 0 0 1 3 6 1 1 1 4 1 2 5 4 1 7 2 0 0 134333 0 15 40 23 25 2 6 2 5
0 0 0 1 1 6 1 1 1 4 1 2 5 -1 -1 -1 -1 -1 -1 134733 0 15 40 23 25 2 6 2 5
0 0 0 1 4 1 6 1 1 4 1 2 6 -1 -1 -1 -1 -1 -1 135133 1 15 40 23 25 2 6 2 5
0 0 0 1 1 6 1 1 1 4 1 2 5 -1 -1 -1 -1 -1 -1 135533 0 15 40 23 25 2 6 2 5
0 0 0 6 1 3 1 1 1 4 1 2 3 5 3 8 3 0 0 135933 0 15 40 23 25 2 5 2 5
0 0 0 6 1 1 1 1 1 4 1 2 3 -1 -1 -1 -1 -1 -1 136333 0 15 40 23 25 2 5 2 5
0 0 0 1 1 6 4 1 1 4 1 2 5 -1 -1 -1 -1 -1 -1 136733 1 15 40 23 25 2 5 2 5
0 0 0 1 1 6 1 1 1 4 1 2 5 -1 -1 -1 -1 -1 -1 137133 0 15 40 23 25 2 5 2 5
0 0 0 1 1 6 3 1 1 4 1 2 5 6 0 6 1 0 0 137533 0 15 40 23 25 2 6 2 5
0 0 0 1 1 6 1 1 1 4 1 2 5 -1 -1 -1 -1 -1 -1 137933 0 15 40 23 25 2 6 2 5
0 0 0 1 1 6 1 4 1 4 1 2 5 -1 -1 -1 -1 -1 -1 138333 1 15 40 23 25 2 6 2 5
0 0 0 1 1 1 6 1 1 4 1 2 6 -1 -1 -1 -1 -1 -1 138734 0 15 40 23 25 2 6 2 5
0 0 0 1 1 3 6 1 1 4 1 2 6 5 2 5 0 0 0 139134 0 15 40 23 25 2 8 0 5
0 0 0 1 1 6 1 1 1 4 1 2 5 -1 -1 -1 -1 -1 -1 139534 0 15 40 23 25 2 8 0 5
0 0 0 1 6 1 1 4 1 4 1 2 4 -1 -1 -1 -1 -1 -1 139934 1 15 40 23 25 2 8 0 5
0 0 0 1 6 1 1 1 1 4 1 2 4 -1 -1 -1 -1 -1 -1 140334 0 15 40 23 25 2 8 0 5
0 0 0 3 6 1 1 1 1 4 1 2 4 3 3 8 3 0 0 140734 0 15 40 23 25 2 5 2 5
0 0 0 1 6 1 1 1 1 4 1 2 4 -1 -1 -1 -1 -1 -1 141134 0 15 40 23 25 2 5 2 5
0 0 0 6 1 1 1 4 1 4 1 2 3 -1 -1 -1 -1 -1 -1 141534 1 15 40 23 25 2 5 2 5
0 0 0 6 1 1 1 1 1 4 1 2 3 -1 -1 -1 -1 -1 -1 141934 0 15 40 23 25 2 5 2 5
0 0 0 7 1 1 1 1 1 4 1 2 3 3 3 8 3 1 1 142334 0 15 40 23 25 2 4 2 5
0 0 0 1 6 1 1 1 1 4 1 2 4 -1 -1 -1 -1 -1 -1 142701 0 15 40 24 25.5 2 4 2 5
0 0 0 4 1 1 6 1 1 4 1 2 6 -1 -1 -1 -1 -1 -1 143101 1 15 40 24 25.5 2 4 2 5
0 0 0 1 1 1 1 6 1 4 1 2 7 -1 -1 -1 -1 -1 -1 143501 0 15 40 24 25.5 2 4 2 5
0 0 0 1 1 3 1 6 1 4 1 2 7 5 1 7 2 0 0 143901 0 15 40 24 25.5 2 4 2 5
0 0 0 1 1 1 6 1 1 4 1 2 6 -1 -1 -1 -1 -1 -1 144301 0 15 40 24 25.5 2 4 2 5
0 0 0 1 1 4 6 1 1 4 1 2 6 -1 -1 -1 -1 -1 -1 144668 1 15 40 24 25.5 2 4 2 5
0 0 0 1 1 6 1 1 1 4 1 2 5 -1 -1 -1 -1 -1 -1 145068 0 15 40 24 25.5 2 4 2 5
0 0 0 1 7 1 1 1 1 4 1 2 4 4 1 7 2 1 1 145468 0 15 40 24 25.5 2 4 2 5
0 0 0 1 1 6 1 1 1 4 1 2 5 -1 -1 -1 -1 -1 -1 145868 0 15 40 24 25.5 2 4 2 5
0 0 0 1 4 6 1 1 1 4 1 2 5 -1 -1 -1 -1 -1 -1 146235 1 15 40 24 25.5 2 4 2 5
0 0 0 1 6 1 1 1 1 4 1 2 4 -1 -1 -1 -1 -1 -1 146635 0 15 40 24 25.5 2 4 2 5
0 0 0 1 7 1 1 1 1 4 1 2 4 4 1 7 2 1 1 147035 0 15 40 24 25.5 2 6 2 5
0 0 0 1 1 6 1 1 1 4 1 2 5 -1 -1 -1 -1 -1 -1 147402 0 15 40 25 26 2 6 2 5
0 0 0 4 1 6 1 1 1 4 1 2 5 -1 -1 -1 -1 -1 -1 147802 1 15 40 25 26 2 6 2 5
0 0 0 1 1 6 1 1 1 4 1 2 5 -1 -1 -1 -1 -1 -1 148202 0 15 40 25 26 2 6 2 5
0 0 0 1 3 6 1 1 1 4 1 2 5 4 0 6 1 0 0 148569 0 15 40 25 26 2 5 2 5
0 0 0 1 1 6 1 1 1 4 1 2 5 -1 -1 -1 -1 -1 -1 148969 0 15 40 25 26 2 5 2 5
0 0 0 1 6 1 4 1 1 4 1 2 4 -1 -1 -1 -1 -1 -1 149336 1 15 40 25 26 2 5 2 5
0 0 0 1 6 1 1 1 1 4 1 2 4 -1 -1 -1 -1 -1 -1 149736 0 15 40 25 26 2 5 2 5
0 0 0 1 1 6 3 1 1 4 1 2 5 6 2 5 0 0 0 150103 0 15 40 25 26 2 6 2 5
0 0 0 1 1 6 1 1 1 4 1 2 5 -1 -1 -1 -1 -1 -1 150503 0 15 40 25 26 2 6 2 5
0 0 0 1 1 6 1 4 1 4 1 2 5 -1 -1 -1 -1 -1 -1 150869 1 15 40 25 26 2 6 2 5
0 0 0 1 1 6 1 1 1 4 1 2 5 -1 -1 -1 -1 -1 -1 151270 0 15 40 25 26 2 6 2 5
0 0 0 1 3 6 1 1 1 4 1 2 5 4 0 6 1 0 0 151636 0 15 40 25 26 2 8 0 5
0 0 0 1 1 6 1 1 1 4 1 2 5 -1 -1 -1 -1 -1 -1 152036 0 15 40 25 26 2 8 0 5
0 0 0 1 1 6 1 4 1 4 1 2 5 -1 -1 -1 -1 -1 -1 152403 1 15 40 25 26 2 8 0 5
0 0 0 1 1 6 1 1 1 4 1 2 5 -1 -1 -1 -1 -1 -1 152803 0 15 40 25 26 2 8 0 5
0 0 0 1 1 6 3 1 1 4 1 2 5 6 3 8 3 0 0 153170 0 15 40 25 26 2 5 2 5
0 0 0 1 1 6 1 1 1 4 1 2 5 -1 -1 -1 -1 -1 -1 153570 0 15 40 25 26 2 5 2 5
0 0 0 1 6 1 4 1 1 4 1 2 4 -1 -1 -1 -1 -1 -1 153970 1 15 40 25 26 2 5 2 5
0 0 0 1 1 6 1 1 1 4 1 2 5 -1 -1 -1 -1 -1 -1 154337 0 15 40 25 26 2 5 2 5
0 0 0 1 3 6 1 1 1 4 1 2 5 4 1 7 2 0 0 154737 0 15 40 25 26 2 4 2 5
0 0 0 1 1 6 1 1 1 4 1 2 5 -1 -1 -1 -1 -1 -1 155104 0 15 40 25 26 2 4 2 5
0 0 0 1 6 1 4 1 1 4 1 2 4 -1 -1 -1 -1 -1 -1 155504 1 15 40 25 26 2 4 2 5
0 0 0 1 6 1 1 1 1 4 1 2 4 -1 -1 -1 -1 -1 -1 155871 0 15 40 25 26 2 4 2 5
0 0 0 1 6 3 1 1 1 4 1 2 4 5 0 6 1 0 0 156271 0 15 40 25 26 2 4 2 5
0 0 0 1 6 1 1 1 1 4 1 2 4 -1 -1 -1 -1 -1 -1 156637 0 15 40 25 26 2 4 2 5
0 0 0 1 1 6 4 1 1 4 1 2 5 -1 -1 -1 -1 -1 -1 157037 1 15 40 25 26 2 4 2 5
0 0 0 1 1 6 1 1 1 4 1 2 5 -1 -1 -1 -1 -1 -1 157404 0 15 40 25 26 2 4 2 5
0 0 0 1 3 6 1 1 1 4 1 2 5 4 2 5 0 0 0 157804 0 15 40 25 26 2 4 2 5
0 0 0 1 1 6 1 1 1 4 1 2 5 -1 -1 -1 -1 -1 -1 158171 0 15 40 25 26 2 4 2 5
0 0 0 1 1 1 6 4 1 4 1 2 6 -1 -1 -1 -1 -1 -1 158571 1 15 40 25 26 2 4 2 5
0 0 0 1 1 6 1 1 1 4 1 2 5 -1 -1 -1 -1 -1 -1 158971 0 15 40 25 26 2 4 2 5
0 0 0 3 1 6 1 1 1 4 1 2 5 3 3 8 3 0 0 159338 0 15 40 25 26 2 6 2 5
0 0 0 1 1 6 1 1 1 4 1 2 5 -1 -1 -1 -1 -1 -1 159738 0 15 40 25 26 2 6 2 5
0 0 0 1 1 6 1 1 2 0 2 1 5 -1 -1 -1 -1 -1 -1 165906 0 15 25 25 60 2 8 0 5
0 0 0 1 1 1 6 1 2 0 2 1 6 -1 -1 -1 -1 -1 -1 166073 0 15 25 25 60 2 8 0 5
0 0 0 1 1 1 6 1 2 0 2 1 6 -1 -1 -1 -1 -1 -1 166239 0 15 25 25 60 2 5 2 5
0 0 0 1 1 6 1 1 2 0 2 1 5 -1 -1 -1 -1 -1 -1 166406 0 15 25 25 53.2 2 5 2 5
0 0 0 1 1 6 1 1 2 0 2 1 5 -1 -1 -1 -1 -1 -1 166639 0 15 25 25 37.3333 2 5 2 5
0 0 0 1 1 1 6 1 2 0 2 1 6 -1 -1 -1 -1 -1 -1 166973 0 15 25 25 26 2 5 2 5
0 0 0 1 6 1 1 1 2 0 2 1 4 -1 -1 -1 -1 -1 -1 167373 0 15 25 25 26 2 4 2 5
0 0 0 1 1 6 1 1 2 0 2 1 5 -1 -1 -1 -1 -1 -1 167740 0 15 25 25 26 2 4 2 5
0 0 0 1 1 6 1 1 2 0 2 1 5 -1 -1 -1 -1 -1 -1 168140 0 15 25 25 26 2 4 2 5
0 0 0 1 1 6 1 1 2 0 2 1 5 -1 -1 -1 -1 -1 -1 168507 0 15 25 25 26 2 4 2 5
0 0 0 1 1 6 1 3 2 0 2 1 5 7 3 4 3 0 0 168907 0 15 25 25 26 2 6 2 5
0 0 0 1 1 6 1 1 2 0 2 1 5 -1 -1 -1 -1 -1 -1 169273 0 15 25 25 26 2 6 2 5
0 0 0 1 6 1 1 1 2 0 2 1 4 -1 -1 -1 -1 -1 -1 169673 0 15 25 25 26 2 6 2 5
0 0 0 1 1 6 1 1 2 0 2 1 5 -1 -1 -1 -1 -1 -1 170040 0 15 25 25 26 2 6 2 5
0 0 0 1 6 1 3 1 2 0 2 1 4 6 2 4 0 0 0 170440 0 15 25 25 26 2 5 2 5
0 0 0 1 1 6 1 1 2 0 2 1 5 -1 -1 -1 -1 -1 -1 170840 0 15 25 25 26 2 5 2 5
0 0 0 1 1 1 6 1 2 0 2 1 6 -1 -1 -1 -1 -1 -1 171207 0 15 25 25 26 2 5 2 5
0 0 0 1 1 1 6 1 2 0 2 1 6 -1 -1 -1 -1 -1 -1 171607 0 15 25 25 26 2 5 2 5
0 0 0 1 1 1 7 1 2 0 2 1 6 6 3 4 3 1 1 171974 0 15 25 25 26 2 4 2 5
0 0 0 1 1 6 1 1 2 0 2 1 5 -1 -1 -1 -1 -1 -1 172374 0 15 25 25 26 2 4 2 5
0 0 0 1 6 1 1 1 2 0 2 1 4 -1 -1 -1 -1 -1 -1 172741 0 15 25 25 26 2 4 2 5
0 0 0 1 6 1 1 1 2 0 2 1 4 -1 -1 -1 -1 -1 -1 173141 0 15 25 25 26 2 4 2 5
0 0 0 6 1 1 3 1 2 0 2 1 3 6 1 4 2 0 0 173508 0 15 25 25 26 2 6 2 5
0 0 0 6 1 1 1 1 2 0 2 1 3 -1 -1 -1 -1 -1 -1 173908 0 15 25 25 26 2 6 2 5
0 0 0 1 6 1 1 1 2 0 2 1 4 -1 -1 -1 -1 -1 -1 174274 0 15 25 25 26 2 6 2 5
0 0 0 1 6 1 1 1 2 0 2 1 4 -1 -1 -1 -1 -1 -1 174675 0 15 25 25 26 2 6 2 5
0 0 0 1 1 6 1 3 2 0 2 1 5 7 0 4 1 0 0 175041 0 15 25 25 26 2 6 2 5
0 0 0 1 1 6 1 1 2 0 2 1 5 -1 -1 -1 -1 -1 -1 175441 0 15 25 25 26 2 6 2 5
0 0 0 1 1 6 1 1 2 0 2 1 5 -1 -1 -1 -1 -1 -1 175841 0 15 25 25 26 2 6 2 5
0 0 0 1 1 1 6 1 2 0 2 1 6 -1 -1 -1 -1 -1 -1 176208 0 15 25 25 26 2 6 2 5
0 0 0 1 1 1 7 1 2 0 2 1 6 6 1 4 2 1 1 176608 0 15 25 25 26 2 8 0 5
0 0 0 1 1 6 1 1 2 0 2 1 5 -1 -1 -1 -1 -1 -1 176975 0 15 25 25 26 2 8 0 5
0 0 0 1 6 1 1 1 2 0 2 1 4 -1 -1 -1 -1 -1 -1 177375 0 15 25 25 26 2 8 0 5
0 0 0 1 1 6 1 1 2 0 2 1 5 -1 -1 -1 -1 -1 -1 177742 0 15 25 25 26 2 8 0 5
0 0 0 1 6 1 3 1 2 0 2 1 4 6 3 4 3 0 0 178142 0 15 25 25 26 2 5 2 5
0 0 0 1 1 6 1 1 2 0 2 1 5 -1 -1 -1 -1 -1 -1 178509 0 15 25 25 26 2 5 2 5
0 0 0 1 1 6 1 1 2 0 2 1 5 -1 -1 -1 -1 -1 -1 178909 0 15 25 25 26 2 5 2 5
0 0 0 1 6 1 1 1 2 0 2 1 4 -1 -1 -1 -1 -1 -1 179276 0 15 25 25 26 2 5 2 5
0 0 0 1 7 1 1 1 2 0 2 1 4 4 1 4 2 1 1 179676 0 15 25 25 26 2 4 2 5
0 0 0 1 1 6 1 1 2 0 2 1 5 -1 -1 -1 -1 -1 -1 180042 0 15 25 25 26 2 4 2 5
0 0 0 1 1 1 6 1 2 0 2 1 6 -1 -1 -1 -1 -1 -1 180442 0 15 25 25 26 2 4 2 5
0 0 0 1 1 6 1 1 2 0 2 1 5 -1 -1 -1 -1 -1 -1 180809 0 15 25 25 26 2 4 2 5
0 0 0 1 1 6 3 1 2 0 2 1 5 6 0 4 1 0 0 181209 0 15 25 25 26 2 6 2 5
0 0 0 1 1 1 6 1 2 0 2 1 6 -1 -1 -1 -1 -1 -1 181609 0 15 25 25 26 2 6 2 5
0 0 0 1 1 6 1 1 2 0 2 1 5 -1 -1 -1 -1 -1 -1 181976 0 15 25 25 26 2 6 2 5
0 0 0 1 1 6 1 1 2 0 2 1 5 -1 -1 -1 -1 -1 -1 182376 0 15 25 25 26 2 6 2 5
0 0 0 1 1 6 3 1 2 0 2 1 5 6 2 4 0 0 0 182743 0 15 25 25 26 2 5 2 5
0 0 0 1 1 6 1 1 2 0 2 1 5 -1 -1 -1 -1 -1 -1 183143 0 15 25 25 26 2 5 2 5
0 0 0 1 1 6 1 1 2 0 2 1 5 -1 -1 -1 -1 -1 -1 183510 0 15 25 25 26 2 5 2 5
0 0 0 1 6 1 1 1 2 0 2 1 4 -1 -1 -1 -1 -1 -1 183910 0 15 25 25 26 2 5 2 5
0 0 0 1 7 1 1 1 2 0 2 1 4 4 0 4 1 1 1 184277 0 15 25 25 26 2 4 2 5
0 0 0 1 1 6 1 1 2 0 2 1 5 -1 -1 -1 -1 -1 -1 184677 0 15 25 25 26 2 4 2 5
0 0 0 1 1 6 1 1 2 0 2 1 5 -1 -1 -1 -1 -1 -1 185043 0 15 25 25 26 2 4 2 5
0 0 0 1 1 1 6 1 2 0 2 1 6 -1 -1 -1 -1 -1 -1 185443 0 15 25 25 26 2 4 2 5
0 0 0 3 1 1 6 1 2 0 2 1 6 3 3 4 3 0 0 185810 0 15 25 25 26 2 6 2 5
0 0 0 1 1 1 6 1 2 0 2 1 6 -1 -1 -1 -1 -1 -1 186210 0 15 25 25 26 2 6 2 5
0 0 0 1 1 6 1 1 2 0 2 1 5 -1 -1 -1 -1 -1 -1 186610 0 15 25 25 26 2 6 2 5
0 0 0 1 1 1 6 1 2 0 2 1 6 -1 -1 -1 -1 -1 -1 186977 0 15 25 25 26 2 6 2 5
0 0 0 1 1 7 1 1 2 0 2 1 5 5 0 4 1 1 1 187377 0 15 25 25 26 2 6 2 5
0 0 0 1 1 1 6 1 2 0 2 1 6 -1 -1 -1 -1 -1 -1 187744 0 15 25 25 26 2 6 2 5
0 0 0 1 1 6 1 1 2 0 2 1 5 -1 -1 -1 -1 -1 -1 188144 0 15 25 25 26 2 6 2 5
0 0 0 1 1 6 1 1 2 0 2 1 5 -1 -1 -1 -1 -1 -1 188511 0 15 25 25 26 2 6 2 5
0 0 0 1 1 6 1 3 2 0 2 1 5 7 1 4 2 0 0 188911 0 15 25 25 26 2 8 0 5
0 0 0 1 1 6 1 1 2 0 2 1 5 -1 -1 -1 -1 -1 -1 189278 0 15 25 25 26 2 8 0 5
0 0 0 1 1 6 1 1 2 0 2 1 5 -1 -1 -1 -1 -1 -1 189678 0 15 25 25 26 2 8 0 5
0 0 0 1 1 1 6 1 2 0 2 1 6 -1 -1 -1 -1 -1 -1 190044 0 15 25 25 26 2 8 0 5
0 0 0 1 1 1 7 1 2 0 2 1 6 6 0 4 1 1 1 190445 0 15 25 25 26 2 5 2 5
0 0 0 1 1 6 1 1 2 0 2 1 5 -1 -1 -1 -1 -1 -1 190811 0 15 25 25 26 2 5 2 5
0 0 0 1 1 6 1 1 2 0 2 1 5 -1 -1 -1 -1 -1 -1 191211 0 15 25 25 26 2 5 2 5
0 0 0 1 6 1 1 1 2 0 2 1 4 -1 -1 -1 -1 -1 -1 191578 0 15 25 25 26 2 5 2 5
0 0 0 1 1 7 1 1 2 0 2 1 5 5 1 4 2 1 1 191978 0 15 25 25 26 2 4 2 5
0 0 0 1 1 6 1 1 2 0 2 1 5 -1 -1 -1 -1 -1 -1 192378 0 15 25 25 26 2 4 2 5
0 0 0 1 1 1 6 1 2 0 2 1 6 -1 -1 -1 -1 -1 -1 192745 0 15 25 25 26 2 4 2 5
0 0 0 1 1 6 1 1 2 0 2 1 5 -1 -1 -1 -1 -1 -1 193145 0 15 25 25 26 2 4 2 5
0 0 0 1 6 1 3 1 2 0 2 1 4 6 2 4 0 0 0 193512 0 15 25 25 26 2 6 2 5
0 0 0 1 1 6 1 1 2 0 2 1 5 -1 -1 -1 -1 -1 -1 193912 0 15 25 25 26 2 6 2 5
0 0 0 1 6 1 1 1 2 0 2 1 4 -1 -1 -1 -1 -1 -1 194279 0 15 25 25 26 2 6 2 5
0 0 0 1 1 6 1 1 2 0 2 1 5 -1 -1 -1 -1 -1 -1 194679 0 15 25 25 26 2 6 2 5
0 0 0 1 6 1 3 1 2 0 2 1 4 6 3 4 3 0 0 195046 0 15 25 25 26 2 5 2 5
0 0 0 1 6 1 1 1 2 0 2 1 4 -1 -1 -1 -1 -1 -1 195446 0 15 25 25 26 2 5 2 5
0 0 0 1 6 1 1 1 2 0 2 1 4 -1 -1 -1 -1 -1 -1 195812 0 15 25 25 26 2 5 2 5
0 0 0 1 1 6 1 1 2 0 2 1 5 -1 -1 -1 -1 -1 -1 196212 0 15 25 25 26 2 5 2 5
0 0 0 1 1 6 3 1 2 0 2 1 5 6 1 4 2 0 0 196579 0 15 25 25 26 2 4 2 5
0 0 0 1 6 1 1 1 2 0 2 1 4 -1 -1 -1 -1 -1 -1 196979 0 15 25 25 26 2 4 2 5
0 0 0 1 1 1 6 1 2 0 2 1 6 -1 -1 -1 -1 -1 -1 197379 0 15 25 25 26 2 4 2 5
0 0 0 1 1 1 6 1 2 0 2 1 6 -1 -1 -1 -1 -1 -1 197746 0 15 25 25 26 2 4 2 5
0 0 0 1 1 3 6 1 2 0 2 1 6 5 0 4 1 0 0 198146 0 15 25 25 26 2 6 2 5
0 0 0 1 1 6 1 1 2 0 2 1 5 -1 -1 -1 -1 -1 -1 198513 0 15 25 25 26 2 6 2 5
0 0 0 1 6 1 1 1 2 0 2 1 4 -1 -1 -1 -1 -1 -1 198913 0 15 25 25 26 2 6 2 5
0 0 0 1 6 1 1 1 2 0 2 1 4 -1 -1 -1 -1 -1 -1 199280 0 15 25 25 26 2 6 2 5
0 0 0 1 6 1 3 1 2 0 2 1 4 6 2 4 0 0 0 199680 0 15 25 25 26 2 6 2 5
0 0 0 1 1 6 1 1 2 0 2 1 5 -1 -1 -1 -1 -1 -1 200047 0 15 25 25 26 2 6 2 5
0 0 0 1 6 1 1 1 2 0 2 1 4 -1 -1 -1 -1 -1 -1 200447 0 15 25 25 26 2 6 2 5
0 0 0 1 1 1 6 1 2 0 2 1 6 -1 -1 -1 -1 -1 -1 200813 0 15 25 25 26 2 6 2 5
0 0 0 1 1 3 6 1 2 0 2 1 6 5 3 4 3 0 0 201214 0 15 25 25 26 2 8 0 5
0 0 0 1 1 6 1 1 2 0 2 1 5 -1 -1 -1 -1 -1 -1 201580 0 15 25 25 26 2 8 0 5
0 0 0 1 6 1 1 1 2 0 2 1 4 -1 -1 -1 -1 -1 -1 201980 0 15 25 25 26 2 8 0 5
0 0 0 1 1 6 1 1 2 0 2 1 5 -1 -1 -1 -1 -1 -1 202380 0 15 25 25 26 2 8 0 5
0 0 0 2 8 1 1 1 2 0 2 1 4 3 2 4 0 1 0 202747 0 15 25 25 26 2 5 2 5
0 0 0 6 1 1 1 1 2 0 2 1 3 -1 -1 -1 -1 -1 -1 203147 0 15 25 24 25.5 2 5 2 5
0 0 0 1 6 1 1 1 2 0 2 1 4 -1 -1 -1 -1 -1 -1 203547 0 15 25 24 25.5 2 5 2 5
0 0 0 1 1 6 1 1 2 0 2 1 5 -1 -1 -1 -1 -1 -1 203914 0 15 25 24 25.5 2 5 2 5
0 0 0 1 3 1 6 1 2 0 2 1 6 4 0 4 1 0 0 204314 0 15 25 24 25.5 2 4 2 5
0 0 0 1 1 6 1 1 2 0 2 1 5 -1 -1 -1 -1 -1 -1 204714 0 15 25 24 25.5 2 4 2 5
0 0 0 1 1 6 1 1 2 0 2 1 5 -1 -1 -1 -1 -1 -1 205114 0 15 25 24 25.5 2 4 2 5
0 0 0 6 1 1 1 1 2 0 2 1 3 -1 -1 -1 -1 -1 -1 205481 0 15 25 24 25.5 2 4 2 5
0 0 0 8 1 1 1 1 2 0 2 1 3 3 3 4 3 0 1 205881 0 15 25 24 25.5 2 6 2 5
0 0 0 1 6 1 1 1 2 0 2 1 4 -1 -1 -1 -1 -1 -1 206281 0 15 25 23 25 2 6 2 5
0 0 0 1 6 1 1 1 2 0 2 1 4 -1 -1 -1 -1 -1 -1 206681 0 15 25 23 25 2 6 2 5
0 0 0 1 1 6 1 1 2 0 2 1 5 -1 -1 -1 -1 -1 -1 207081 0 15 25 23 25 2 6 2 5
0 0 0 1 1 7 1 1 2 0 2 1 5 5 0 4 1 1 1 207482 0 15 25 23 25 2 5 2 5
0 0 0 1 1 6 1 1 2 0 2 1 5 -1 -1 -1 -1 -1 -1 207882 0 15 25 23 25 2 5 2 5
0 0 0 1 1 1 1 6 2 0 2 1 7 -1 -1 -1 -1 -1 -1 208282 0 15 25 23 25 2 5 2 5
0 0 0 1 1 1 1 6 2 0 2 1 7 -1 -1 -1 -1 -1 -1 208682 0 15 25 23 25 2 5 2 5
0 0 0 1 1 1 1 7 2 0 2 1 7 7 3 4 3 1 1 209082 0 15 25 23 25 2 4 2 5
0 0 0 1 1 1 1 6 2 0 2 1 7 -1 -1 -1 -1 -1 -1 209482 0 15 25 24 25.5 2 4 2 5
0 0 0 1 1 6 1 1 2 0 2 1 5 -1 -1 -1 -1 -1 -1 209882 0 15 25 24 25.5 2 4 2 5
0 0 0 1 1 6 1 1 2 0 2 1 5 -1 -1 -1 -1 -1 -1 210249 0 15 25 24 25.5 2 4 2 5
0 0 0 1 6 1 3 1 2 0 2 1 4 6 1 4 2 0 0 210649 0 15 25 24 25.5 2 6 2 5
0 0 0 1 1 6 1 1 2 0 2 1 5 -1 -1 -1 -1 -1 -1 211049 0 15 25 24 25.5 2 6 2 5
0 0 0 1 1 6 1 1 2 0 2 1 5 -1 -1 -1 -1 -1 -1 211449 0 15 25 24 25.5 2 6 2 5
0 0 0 1 1 6 1 1 2 0 2 1 5 -1 -1 -1 -1 -1 -1 211816 0 15 25 24 25.5 2 6 2 5
0 0 0 1 6 1 1 3 2 0 2 1 4 7 2 4 0 0 0 212216 0 15 25 24 25.5 2 6 2 5
0 0 0 1 6 1 1 1 2 0 2 1 4 -1 -1 -1 -1 -1 -1 212616 0 15 25 24 25.5 2 6 2 5
0 0 0 1 1 6 1 1 2 0 2 1 5 -1 -1 -1 -1 -1 -1 213016 0 15 25 24 25.5 2 6 2 5
0 0 0 1 1 1 6 1 2 0 2 1 6 -1 -1 -1 -1 -1 -1 213383 0 15 25 24 25.5 2 6 2 5
0 0 0 1 1 6 1 3 2 0 2 1 5 7 3 4 3 0 0 213783 0 15 25 24 25.5 2 8 0 5
0 0 0 1 1 6 1 1 2 0 2 1 5 -1 -1 -1 -1 -1 -1 214183 0 15 25 24 25.5 2 8 0 5
0 0 0 1 1 1 6 1 2 0 2 1 6 -1 -1 -1 -1 -1 -1 214583 0 15 25 24 25.5 2 8 0 5
0 0 0 1 1 6 1 1 2 0 2 1 5 -1 -1 -1 -1 -1 -1 214983 0 15 25 24 25.5 2 8 0 5
0 0 0 1 1 6 1 3 2 0 2 1 5 7 1 4 2 0 0 215350 0 15 25 24 25.5 2 5 2 5
0 0 0 1 1 1 6 1 2 0 2 1 6 -1 -1 -1 -1 -1 -1 215750 0 15 25 24 25.5 2 5 2 5
0 0 0 1 1 1 6 1 2 0 2 1 6 -1 -1 -1 -1 -1 -1 216150 0 15 25 24 25.5 2 5 2 5
0 0 0 1 1 6 1 1 2 0 2 1 5 -1 -1 -1 -1 -1 -1 216550 0 15 25 24 25.5 2 5 2 5
0 0 0 1 1 6 1 3 2 0 2 1 5 7 0 4 1 0 0 216917 0 15 25 24 25.5 2 4 2 5
0 0 0 1 1 1 6 1 2 0 2 1 6 -1 -1 -1 -1 -1 -1 217317 0 15 25 24 25.5 2 4 2 5
0 0 0 1 1 1 6 1 2 0 2 1 6 -1 -1 -1 -1 -1 -1 217717 0 15 25 24 25.5 2 4 2 5
0 0 0 1 1 1 1 6 2 0 2 1 7 -1 -1 -1 -1 -1 -1 218117 0 15 25 24 25.5 2 4 2 5
0 0 0 1 1 1 6 3 2 0 2 1 6 7 3 4 3 0 0 218484 0 15 25 24 25.5 2 6 2 5
0 0 0 1 1 1 6 1 2 0 2 1 6 -1 -1 -1 -1 -1 -1 218884 0 15 25 24 25.5 2 6 2 5
0 0 0 1 1 6 1 1 2 0 2 1 5 -1 -1 -1 -1 -1 -1 219284 0 15 25 24 25.5 2 6 2 5
0 0 0 1 1 1 6 1 2 0 2 1 6 -1 -1 -1 -1 -1 -1 219684 0 15 25 24 25.5 2 6 2 5
0 0 0 1 1 6 1 3 2 0 2 1 5 7 1 4 2 0 0 220051 0 15 25 24 25.5 2 5 2 5
0 0 0 1 1 1 6 1 2 0 2 1 6 -1 -1 -1 -1 -1 -1 220451 0 15 25 24 25.5 2 5 2 5
0 0 0 1 1 6 1 1 2 0 2 1 5 -1 -1 -1 -1 -1 -1 220851 0 15 25 24 25.5 2 5 2 5
0 0 0 1 1 6 1 1 2 0 2 1 5 -1 -1 -1 -1 -1 -1 221251 0 15 25 24 25.5 2 5 2 5
0 0 0 1 1 7 1 1 2 0 2 1 5 5 3 4 3 1 1 221618 0 15 25 24 25.5 2 4 2 5
0 0 0 0 1 6 1 0 3 1 2 0 5 -1 -1 -1 -1 -1 -1 228086 0 15 25 25 60 2 8 0 3
0 0 0 0 1 6 1 0 3 1 2 0 5 -1 -1 -1 -1 -1 -1 228253 0 15 25 25 60 2 8 0 3
0 0 0 0 1 1 6 0 3 1 2 0 6 -1 -1 -1 -1 -1 -1 228419 0 15 25 25 60 2 6 2 3
0 0 0 0 1 6 1 0 3 1 2 0 5 -1 -1 -1 -1 -1 -1 228586 0 15 25 25 53.2 2 6 2 3
0 0 0 0 1 1 6 0 3 1 2 0 6 -1 -1 -1 -1 -1 -1 228819 0 15 25 25 37.3333 2 6 2 3
0 0 0 0 1 1 6 0 3 1 2 0 6 -1 -1 -1 -1 -1 -1 229153 0 15 25 25 26 2 6 2 3
0 0 0 0 1 1 6 0 3 1 2 0 6 -1 -1 -1 -1 -1 -1 229553 0 15 25 25 26 2 6 2 3
0 0 0 0 1 1 6 0 3 1 2 0 6 -1 -1 -1 -1 -1 -1 229920 0 15 25 25 26 2 6 2 3
0 0 0 0 1 1 6 0 3 1 2 0 6 -1 -1 -1 -1 -1 -1 230320 0 15 25 25 26 2 6 2 3
0 0 0 0 1 6 1 0 3 1 2 0 5 -1 -1 -1 -1 -1 -1 230686 0 15 25 25 26 2 6 2 3
0 0 0 0 1 6 3 0 3 1 2 0 5 6 4 7 2 0 0 231087 0 15 25 25 26 2 6 2 3
0 0 0 0 1 1 6 0 3 1 2 0 6 -1 -1 -1 -1 -1 -1 231453 0 15 25 25 26 2 6 2 3
0 0 0 0 1 6 1 0 3 1 2 0 5 -1 -1 -1 -1 -1 -1 231853 0 15 25 25 26 2 6 2 3
0 0 0 0 1 6 1 0 3 1 2 0 5 -1 -1 -1 -1 -1 -1 232220 0 15 25 25 26 2 6 2 3
0 0 0 0 1 6 3 0 3 1 2 0 5 6 4 6 1 0 0 232620 0 15 25 25 26 2 6 2 3
0 0 0 0 1 6 1 0 3 1 2 0 5 -1 -1 -1 -1 -1 -1 233020 0 15 25 25 26 2 6 2 3
0 0 0 0 1 6 1 0 3 1 2 0 5 -1 -1 -1 -1 -1 -1 233387 0 15 25 25 26 2 6 2 3
0 0 0 0 1 6 1 0 3 1 2 0 5 -1 -1 -1 -1 -1 -1 233787 0 15 25 25 26 2 6 2 3
0 0 0 0 1 7 1 0 3 1 2 0 5 5 4 7 2 1 1 234154 0 15 25 25 26 2 5 2 3
0 0 0 0 1 1 6 0 3 1 2 0 6 -1 -1 -1 -1 -1 -1 234554 0 15 25 25 26 2 5 2 3
0 0 0 0 1 6 1 0 3 1 2 0 5 -1 -1 -1 -1 -1 -1 234921 0 15 25 25 26 2 5 2 3
0 0 0 0 1 1 6 0 3 1 2 0 6 -1 -1 -1 -1 -1 -1 235321 0 15 25 25 26 2 5 2 3
0 0 0 0 3 1 6 0 3 1 2 0 6 4 4 8 3 0 0 235688 0 15 25 25 26 2 4 2 3
0 0 0 0 1 6 1 0 3 1 2 0 5 -1 -1 -1 -1 -1 -1 236088 0 15 25 25 26 2 4 2 3
0 0 0 0 6 1 1 0 3 1 2 0 4 -1 -1 -1 -1 -1 -1 236454 0 15 25 25 26 2 4 2 3
0 0 0 0 6 1 1 0 3 1 2 0 4 -1 -1 -1 -1 -1 -1 236854 0 15 25 25 26 2 4 2 3
0 0 0 0 6 3 1 0 3 1 2 0 4 5 4 5 0 0 0 237221 0 15 25 25 26 2 4 2 3
0 0 0 0 6 1 1 0 3 1 2 0 4 -1 -1 -1 -1 -1 -1 237621 0 15 25 25 26 2 4 2 3
0 0 0 0 6 1 1 0 3 1 2 0 4 -1 -1 -1 -1 -1 -1 238021 0 15 25 25 26 2 4 2 3
0 0 0 0 1 6 1 0 3 1 2 0 5 -1 -1 -1 -1 -1 -1 238388 0 15 25 25 26 2 4 2 3
0 0 0 0 6 1 3 0 3 1 2 0 4 6 4 6 1 0 0 238788 0 15 25 25 26 2 8 0 3
0 0 0 0 6 1 1 0 3 1 2 0 4 -1 -1 -1 -1 -1 -1 239155 0 15 25 25 26 2 8 0 3
0 0 0 0 1 6 1 0 3 1 2 0 5 -1 -1 -1 -1 -1 -1 239555 0 15 25 25 26 2 8 0 3
0 0 0 0 1 6 1 0 3 1 2 0 5 -1 -1 -1 -1 -1 -1 239922 0 15 25 25 26 2 8 0 3
0 0 0 0 1 6 3 0 3 1 2 0 5 6 4 8 3 0 0 240322 0 15 25 25 26 2 6 2 3
0 0 0 0 6 1 1 0 3 1 2 0 4 -1 -1 -1 -1 -1 -1 240689 0 15 25 25 26 2 6 2 3
0 0 0 0 1 6 1 0 3 1 2 0 5 -1 -1 -1 -1 -1 -1 241089 0 15 25 25 26 2 6 2 3
0 0 0 0 6 1 1 0 3 1 2 0 4 -1 -1 -1 -1 -1 -1 241455 0 15 25 25 26 2 6 2 3
0 0 0 0 6 3 1 0 3 1 2 0 4 5 4 7 2 0 0 241856 0 15 25 25 26 2 6 2 3
0 0 0 0 1 6 1 0 3 1 2 0 5 -1 -1 -1 -1 -1 -1 242222 0 15 25 25 26 2 6 2 3
0 0 0 0 1 6 1 0 3 1 2 0 5 -1 -1 -1 -1 -1 -1 242622 0 15 25 25 26 2 6 2 3
0 0 0 0 1 6 1 0 3 1 2 0 5 -1 -1 -1 -1 -1 -1 242989 0 15 25 25 26 2 6 2 3
0 0 0 0 3 6 1 0 3 1 2 0 5 4 4 5 0 0 0 243389 0 15 25 25 26 2 6 2 3
0 0 0 0 1 6 1 0 3 1 2 0 5 -1 -1 -1 -1 -1 -1 243789 0 15 25 25 26 2 6 2 3
0 0 0 0 6 1 1 0 3 1 2 0 4 -1 -1 -1 -1 -1 -1 244156 0 15 25 25 26 2 6 2 3
0 0 0 0 6 1 1 0 3 1 2 0 4 -1 -1 -1 -1 -1 -1 244556 0 15 25 25 26 2 6 2 3
0 0 0 0 7 1 1 0 3 1 2 0 4 4 4 7 2 1 1 244923 0 15 25 25 26 2 6 2 3
0 0 0 0 1 6 1 0 3 1 2 0 5 -1 -1 -1 -1 -1 -1 245323 0 15 25 25 26 2 6 2 3
0 0 0 0 1 1 6 0 3 1 2 0 6 -1 -1 -1 -1 -1 -1 245690 0 15 25 25 26 2 6 2 3
0 0 0 0 1 1 6 0 3 1 2 0 6 -1 -1 -1 -1 -1 -1 246090 0 15 25 25 26 2 6 2 3
0 0 0 0 1 1 7 0 3 1 2 0 6 6 4 5 0 1 1 246457 0 15 25 25 26 2 5 2 3
0 0 0 0 1 6 1 0 3 1 2 0 5 -1 -1 -1 -1 -1 -1 246857 0 15 25 25 26 2 5 2 3
0 0 0 0 6 1 1 0 3 1 2 0 4 -1 -1 -1 -1 -1 -1 247223 0 15 25 25 26 2 5 2 3
0 0 0 0 1 1 6 0 3 1 2 0 6 -1 -1 -1 -1 -1 -1 247623 0 15 25 25 26 2 5 2 3
0 0 0 0 3 6 1 0 3 1 2 0 5 4 4 8 3 0 0 247990 0 15 25 25 26 2 4 2 3
0 0 0 0 1 1 6 0 3 1 2 0 6 -1 -1 -1 -1 -1 -1 248390 0 15 25 25 26 2 4 2 3
0 0 0 0 1 6 1 0 3 1 2 0 5 -1 -1 -1 -1 -1 -1 248790 0 15 25 25 26 2 4 2 3
0 0 0 0 1 1 6 0 3 1 2 0 6 -1 -1 -1 -1 -1 -1 249157 0 15 25 25 26 2 4 2 3
0 0 0 0 1 1 7 0 3 1 2 0 6 6 4 5 0 1 1 249557 0 15 25 25 26 2 4 2 3
0 0 0 0 1 6 1 0 3 1 2 0 5 -1 -1 -1 -1 -1 -1 249924 0 15 25 25 26 2 4 2 3
0 0 0 0 1 1 6 0 3 1 2 0 6 -1 -1 -1 -1 -1 -1 250324 0 15 25 25 26 2 4 2 3
0 0 0 0 1 6 1 0 3 1 2 0 5 -1 -1 -1 -1 -1 -1 250691 0 15 25 25 26 2 4 2 3
0 0 0 0 3 1 6 0 3 1 2 0 6 4 4 6 1 0 0 251091 0 15 25 25 26 2 8 0 3
0 0 0 0 1 6 1 0 3 1 2 0 5 -1 -1 -1 -1 -1 -1 251458 0 15 25 25 26 2 8 0 3
0 0 0 0 1 1 6 0 3 1 2 0 6 -1 -1 -1 -1 -1 -1 251858 0 15 25 25 26 2 8 0 3
0 0 0 0 1 1 6 0 3 1 2 0 6 -1 -1 -1 -1 -1 -1 252224 0 15 25 25 26 2 8 0 3
0 0 0 0 3 6 1 0 3 1 2 0 5 4 4 7 2 0 0 252625 0 15 25 25 26 2 6 2 3
0 0 0 0 1 6 1 0 3 1 2 0 5 -1 -1 -1 -1 -1 -1 252991 0 15 25 25 26 2 6 2 3
0 0 0 0 6 1 1 0 3 1 2 0 4 -1 -1 -1 -1 -1 -1 253391 0 15 25 25 26 2 6 2 3
0 0 0 0 1 6 1 0 3 1 2 0 5 -1 -1 -1 -1 -1 -1 253758 0 15 25 25 26 2 6 2 3
0 0 0 0 6 1 3 0 3 1 2 0 4 6 4 8 3 0 0 254158 0 15 25 25 26 2 6 2 3
0 0 0 0 1 6 1 0 3 1 2 0 5 -1 -1 -1 -1 -1 -1 254558 0 15 25 25 26 2 6 2 3
0 0 0 0 1 6 1 0 3 1 2 0 5 -1 -1 -1 -1 -1 -1 254925 0 15 25 25 26 2 6 2 3
0 0 0 0 1 1 6 0 3 1 2 0 6 -1 -1 -1 -1 -1 -1 255325 0 15 25 25 26 2 6 2 3
0 0 0 0 1 3 6 0 3 1 2 0 6 5 4 6 1 0 0 255692 0 15 25 25 26 2 6 2 3
0 0 0 0 1 1 6 0 3 1 2 0 6 -1 -1 -1 -1 -1 -1 256092 0 15 25 25 26 2 6 2 3
0 0 0 0 1 6 1 0 3 1 2 0 5 -1 -1 -1 -1 -1 -1 256458 0 15 25 25 26 2 6 2 3
0 0 0 0 6 1 1 0 3 1 2 0 4 -1 -1 -1 -1 -1 -1 256858 0 15 25 25 26 2 6 2 3
0 0 0 0 6 1 3 0 3 1 2 0 4 6 4 7 2 0 0 257225 0 15 25 25 26 2 6 2 3
0 0 0 0 6 1 1 0 3 1 2 0 4 -1 -1 -1 -1 -1 -1 257625 0 15 25 25 26 2 6 2 3
0 0 0 0 1 6 1 0 3 1 2 0 5 -1 -1 -1 -1 -1 -1 257991 0 15 25 25 26 2 6 2 3
0 0 0 0 1 6 1 0 3 1 2 0 5 -1 -1 -1 -1 -1 -1 258391 0 15 25 25 26 2 6 2 3
0 0 0 0 6 1 3 0 3 1 2 0 4 6 4 5 0 0 0 258758 0 15 25 25 26 2 5 2 3
0 0 0 0 1 6 1 0 3 1 2 0 5 -1 -1 -1 -1 -1 -1 259158 0 15 25 25 26 2 5 2 3
0 0 0 0 1 6 1 0 3 1 2 0 5 -1 -1 -1 -1 -1 -1 259558 0 15 25 25 26 2 5 2 3
0 0 0 0 1 6 1 0 3 1 2 0 5 -1 -1 -1 -1 -1 -1 259924 0 15 25 25 26 2 5 2 3
0 0 0 0 1 7 1 0 3 1 2 0 5 5 4 7 2 1 1 260324 0 15 25 25 26 2 4 2 3
0 0 0 0 1 1 6 0 3 1 2 0 6 -1 -1 -1 -1 -1 -1 260691 0 15 25 25 26 2 4 2 3
0 0 0 0 1 1 6 0 3 1 2 0 6 -1 -1 -1 -1 -1 -1 261091 0 15 25 25 26 2 4 2 3
0 0 0 0 1 1 6 0 3 1 2 0 6 -1 -1 -1 -1 -1 -1 261457 0 15 25 25 26 2 4 2 3
0 0 0 0 1 1 7 0 3 1 2 0 6 6 4 5 0 1 1 261857 0 15 25 25 26 2 4 2 3
0 0 0 0 1 6 1 0 3 1 2 0 5 -1 -1 -1 -1 -1 -1 262224 0 15 25 25 26 2 4 2 3
0 0 0 0 1 6 1 0 3 1 2 0 5 -1 -1 -1 -1 -1 -1 262624 0 15 25 25 26 2 4 2 3
0 0 0 0 1 1 6 0 3 1 2 0 6 -1 -1 -1 -1 -1 -1 262990 0 15 25 25 26 2 4 2 3
0 0 0 0 3 6 1 0 3 1 2 0 5 4 4 6 1 0 0 263390 0 15 25 25 26 2 8 0 3
0 0 0 0 1 1 6 0 3 1 2 0 6 -1 -1 -1 -1 -1 -1 263757 0 15 25 25 26 2 8 0 3
0 0 0 0 1 6 1 0 3 1 2 0 5 -1 -1 -1 -1 -1 -1 264157 0 15 25 25 26 2 8 0 3
0 0 0 0 1 6 1 0 3 1 2 0 5 -1 -1 -1 -1 -1 -1 264556 0 15 25 25 26 2 8 0 3
0 0 0 0 6 1 3 0 3 1 2 0 4 6 4 8 3 0 0 264923 0 15 25 25 26 2 6 2 3
0 0 0 0 1 6 1 0 3 1 2 0 5 -1 -1 -1 -1 -1 -1 265323 0 15 25 25 26 2 6 2 3
0 0 0 0 1 1 6 0 3 1 2 0 6 -1 -1 -1 -1 -1 -1 265690 0 15 25 25 26 2 6 2 3
0 0 0 0 1 6 1 0 3 1 2 0 5 -1 -1 -1 -1 -1 -1 266089 0 15 25 25 26 2 6 2 3
0 0 0 0 3 6 1 0 3 1 2 0 5 4 4 5 0 0 0 266456 0 15 25 25 26 2 6 2 3
0 0 0 0 1 6 1 0 3 1 2 0 5 -1 -1 -1 -1 -1 -1 266856 0 15 25 25 26 2 6 2 3
0 0 0 0 1 1 6 0 3 1 2 0 6 -1 -1 -1 -1 -1 -1 267223 0 15 25 25 26 2 6 2 3
0 0 0 0 1 1 6 0 3 1 2 0 6 -1 -1 -1 -1 -1 -1 267622 0 15 25 25 26 2 6 2 3
0 0 0 0 1 1 7 0 3 1 2 0 6 6 4 8 3 1 1 267989 0 15 25 25 26 2 6 2 3
0 0 0 0 1 6 1 0 3 1 2 0 5 -1 -1 -1 -1 -1 -1 268389 0 15 25 25 26 2 6 2 3
0 0 0 0 6 1 1 0 3 1 2 0 4 -1 -1 -1 -1 -1 -1 268755 0 15 25 25 26 2 6 2 3
0 0 0 0 1 6 1 0 3 1 2 0 5 -1 -1 -1 -1 -1 -1 269155 0 15 25 25 26 2 6 2 3
0 0 0 0 6 1 3 0 3 1 2 0 4 6 4 7 2 0 0 269522 0 15 25 25 26 2 6 2 3
0 0 0 0 1 6 1 0 3 1 2 0 5 -1 -1 -1 -1 -1 -1 269922 0 15 25 25 26 2 6 2 3
0 0 0 0 1 1 6 0 3 1 2 0 6 -1 -1 -1 -1 -1 -1 270322 0 15 25 25 26 2 6 2 3
0 0 0 0 1 6 1 0 3 1 2 0 5 -1 -1 -1 -1 -1 -1 270688 0 15 25 25 26 2 6 2 3
0 0 0 0 3 1 6 0 3 1 2 0 6 4 4 6 1 0 0 271088 0 15 25 25 26 2 5 2 3
0 0 0 0 1 6 1 0 3 1 2 0 5 -1 -1 -1 -1 -1 -1 271455 0 15 25 25 26 2 5 2 3
0 0 0 0 6 1 1 0 3 1 2 0 4 -1 -1 -1 -1 -1 -1 271855 0 15 25 25 26 2 5 2 3
0 0 0 0 6 1 1 0 3 1 2 0 4 -1 -1 -1 -1 -1 -1 272221 0 15 25 25 26 2 5 2 3
0 0 0 0 6 3 1 0 3 1 2 0 4 5 4 8 3 0 0 272621 0 15 25 25 26 2 4 2 3
0 0 0 0 6 1 1 0 3 1 2 0 4 -1 -1 -1 -1 -1 -1 272988 0 15 25 25 26 2 4 2 3
0 0 0 0 1 6 1 0 3 1 2 0 5 -1 -1 -1 -1 -1 -1 273388 0 15 25 25 26 2 4 2 3
0 0 0 0 1 1 6 0 3 1 2 0 6 -1 -1 -1 -1 -1 -1 273754 0 15 25 25 26 2 4 2 3
0 0 0 0 3 6 1 0 3 1 2 0 5 4 4 5 0 0 0 274154 0 15 25 25 26 2 4 2 3
0 0 0 0 1 6 1 0 3 1 2 0 5 -1 -1 -1 -1 -1 -1 274521 0 15 25 25 26 2 4 2 3
0 0 0 0 1 6 1 0 3 1 2 0 5 -1 -1 -1 -1 -1 -1 274921 0 15 25 25 26 2 4 2 3
0 0 0 0 1 6 1 0 3 1 2 0 5 -1 -1 -1 -1 -1 -1 275321 0 15 25 25 26 2 4 2 3
0 0 0 0 1 7 1 0 3 1 2 0 5 5 4 8 3 1 1 275687 0 15 25 25 26 2 8 0 3
0 0 0 1 1 6 1 1 4 2 3 2 5 -1 -1 -1 -1 -1 -1 286251 0 15 25 21 60 2 8 0 5
0 0 0 1 1 6 1 1 4 2 3 2 5 -1 -1 -1 -1 -1 -1 286418 0 15 25 21 60 2 8 0 5
0 0 0 1 1 6 1 1 4 2 3 2 5 -1 -1 -1 -1 -1 -1 286584 0 15 25 21 60 2 6 2 5
0 0 0 1 1 6 1 1 4 2 3 2 5 -1 -1 -1 -1 -1 -1 286751 0 15 25 21 52.6 2 6 2 5
0 0 0 1 1 6 1 1 4 2 3 2 5 -1 -1 -1 -1 -1 -1 286984 0 15 25 21 35.3333 2 6 2 5
0 0 0 1 1 6 1 1 4 2 3 2 5 -1 -1 -1 -1 -1 -1 287384 0 15 25 21 23 2 6 2 5
0 0 0 1 1 6 1 1 4 2 3 2 5 -1 -1 -1 -1 -1 -1 287817 0 15 25 21 23 2 6 2 5
0 0 0 1 1 6 1 1 4 2 3 2 5 -1 -1 -1 -1 -1 -1 288251 0 15 25 21 23 2 6 2 5
0 0 0 1 6 1 1 1 4 2 3 2 4 -1 -1 -1 -1 -1 -1 288684 0 15 25 21 23 2 6 2 5
0 0 0 1 6 1 1 1 4 2 3 2 4 -1 -1 -1 -1 -1 -1 289117 0 15 25 21 23 2 6 2 5
0 0 0 1 6 3 1 1 4 2 3 2 4 5 5 4 0 0 0 289550 0 15 25 21 23 2 5 2 5
0 0 0 1 6 1 1 1 4 2 3 2 4 -1 -1 -1 -1 -1 -1 289984 0 15 25 21 23 2 5 2 5
0 0 0 4 1 6 1 1 4 2 3 2 5 -1 -1 -1 -1 -1 -1 290417 1 15 25 21 23 2 5 2 5
0 0 0 1 1 1 6 1 4 2 3 2 6 -1 -1 -1 -1 -1 -1 290850 0 15 25 21 23 2 5 2 5
0 0 0 1 1 6 1 3 4 2 3 2 5 7 5 4 1 0 0 291283 0 15 25 21 23 2 5 2 5
0 0 0 1 6 1 1 1 4 2 3 2 4 -1 -1 -1 -1 -1 -1 291717 0 15 25 21 23 2 5 2 5
0 0 0 1 6 1 4 1 4 2 3 2 4 -1 -1 -1 -1 -1 -1 292150 1 15 25 21 23 2 5 2 5
0 0 0 1 1 6 1 1 4 2 3 2 5 -1 -1 -1 -1 -1 -1 292583 0 15 25 21 23 2 5 2 5
0 0 0 1 1 3 6 1 4 2 3 2 6 5 5 4 2 0 0 293016 0 15 25 21 23 2 5 2 5
0 0 0 1 1 6 1 1 4 2 3 2 5 -1 -1 -1 -1 -1 -1 293449 0 15 25 21 23 2 5 2 5
0 0 0 1 6 1 4 1 4 2 3 2 4 -1 -1 -1 -1 -1 -1 293883 1 15 25 21 23 2 5 2 5
0 0 0 1 6 1 1 1 4 2 3 2 4 -1 -1 -1 -1 -1 -1 294349 0 15 25 21 23 2 5 2 5
0 0 0 1 7 1 1 1 4 2 3 2 4 4 5 4 0 1 1 294782 0 15 25 21 23 2 4 2 5
0 0 0 1 1 6 1 1 4 2 3 2 5 -1 -1 -1 -1 -1 -1 295216 0 15 25 21 23 2 4 2 5
0 0 0 1 1 6 1 4 4 2 3 2 5 -1 -1 -1 -1 -1 -1 295649 1 15 25 21 23 2 4 2 5
0 0 0 1 1 6 1 1 4 2 3 2 5 -1 -1 -1 -1 -1 -1 296082 0 15 25 21 23 2 4 2 5
0 0 0 1 1 7 1 1 4 2 3 2 5 5 5 4 1 1 1 296515 0 15 25 21 23 2 6 2 5
0 0 0 1 1 1 6 1 4 2 3 2 6 -1 -1 -1 -1 -1 -1 296915 0 15 25 22 24 2 6 2 5
0 0 0 1 4 1 6 1 4 2 3 2 6 -1 -1 -1 -1 -1 -1 297348 1 15 25 22 24 2 6 2 5
0 0 0 1 1 6 1 1 4 2 3 2 5 -1 -1 -1 -1 -1 -1 297748 0 15 25 22 24 2 6 2 5
0 0 0 1 1 6 3 1 4 2 3 2 5 6 5 4 3 0 0 298182 0 15 25 22 24 2 8 0 5
0 0 0 1 1 6 1 1 4 2 3 2 5 -1 -1 -1 -1 -1 -1 298582 0 15 25 22 24 2 8 0 5
0 0 0 4 1 1 6 1 4 2 3 2 6 -1 -1 -1 -1 -1 -1 299015 1 15 25 22 24 2 8 0 5
0 0 0 1 1 6 1 1 4 2 3 2 5 -1 -1 -1 -1 -1 -1 299415 0 15 25 22 24 2 8 0 5
0 0 0 1 1 1 8 2 4 2 3 2 6 7 5 4 0 1 0 299848 0 15 25 22 24 2 6 2 5
0 0 0 1 1 1 1 6 4 2 3 2 7 -1 -1 -1 -1 -1 -1 300281 0 15 25 21 23 2 6 2 5
0 0 0 1 4 1 6 1 4 2 3 2 6 -1 -1 -1 -1 -1 -1 300714 1 15 25 21 23 2 6 2 5
0 0 0 1 1 1 6 1 4 2 3 2 6 -1 -1 -1 -1 -1 -1 301148 0 15 25 21 23 2 6 2 5
0 0 0 1 1 8 1 1 4 2 3 2 5 5 5 4 2 0 1 301581 0 15 25 21 23 2 6 2 5
0 0 0 1 1 6 1 1 4 2 3 2 5 -1 -1 -1 -1 -1 -1 302014 0 15 25 20 22 2 6 2 5
0 0 0 4 6 1 1 1 4 2 3 2 4 -1 -1 -1 -1 -1 -1 302481 1 15 25 20 22 2 6 2 5
0 0 0 1 6 1 1 1 4 2 3 2 4 -1 -1 -1 -1 -1 -1 302947 0 15 25 20 22 2 6 2 5
0 0 0 1 1 8 1 1 4 2 3 2 5 5 5 4 1 0 1 303380 0 15 25 20 22 2 5 2 5
0 0 0 1 1 6 1 1 4 2 3 2 5 -1 -1 -1 -1 -1 -1 303847 0 15 25 19 21 2 5 2 5
0 0 0 1 1 6 1 4 4 2 3 2 5 -1 -1 -1 -1 -1 -1 304347 1 15 25 19 21 2 5 2 5
0 0 0 1 1 6 1 1 4 2 3 2 5 -1 -1 -1 -1 -1 -1 304813 0 15 25 19 21 2 5 2 5
0 0 0 1 6 3 1 1 4 2 3 2 4 5 5 4 2 0 0 305280 0 15 25 19 21 2 5 2 5
0 0 0 1 1 6 1 1 4 2 3 2 5 -1 -1 -1 -1 -1 -1 305780 0 15 25 19 21 2 5 2 5
0 0 0 1 1 6 1 4 4 2 3 2 5 -1 -1 -1 -1 -1 -1 306246 1 15 25 19 21 2 5 2 5
0 0 0 1 6 1 1 1 4 2 3 2 4 -1 -1 -1 -1 -1 -1 306713 0 15 25 19 21 2 5 2 5
0 0 0 1 6 3 1 1 4 2 3 2 4 5 5 4 1 0 0 307179 0 15 25 19 21 2 5 2 5
0 0 0 1 1 6 1 1 4 2 3 2 5 -1 -1 -1 -1 -1 -1 307679 0 15 25 19 21 2 5 2 5
0 0 0 4 1 6 1 1 4 2 3 2 5 -1 -1 -1 -1 -1 -1 308146 1 15 25 19 21 2 5 2 5
0 0 0 1 6 1 1 1 4 2 3 2 4 -1 -1 -1 -1 -1 -1 308612 0 15 25 19 21 2 5 2 5
0 0 0 1 6 3 1 1 4 2 3 2 4 5 5 4 0 0 0 309112 0 15 25 19 21 2 4 2 5
0 0 0 1 6 1 1 1 4 2 3 2 4 -1 -1 -1 -1 -1 -1 309579 0 15 25 19 21 2 4 2 5
0 0 0 1 1 6 1 4 4 2 3 2 5 -1 -1 -1 -1 -1 -1 310045 1 15 25 19 21 2 4 2 5
0 0 0 1 1 6 1 1 4 2 3 2 5 -1 -1 -1 -1 -1 -1 310512 0 15 25 19 21 2 4 2 5
0 0 0 1 1 8 1 1 4 2 3 2 5 5 5 4 1 0 1 311012 0 15 25 19 21 2 6 2 5
0 0 0 1 1 6 1 1 4 2 3 2 5 -1 -1 -1 -1 -1 -1 311512 0 15 25 18 19 2 6 2 5
0 0 0 1 4 1 1 6 4 2 3 2 7 -1 -1 -1 -1 -1 -1 312045 1 15 25 18 19 2 6 2 5
0 0 0 1 1 1 1 6 4 2 3 2 7 -1 -1 -1 -1 -1 -1 312578 0 15 25 18 19 2 6 2 5
0 0 0 1 1 1 1 8 4 2 3 2 7 7 5 4 2 0 1 313111 0 15 25 18 19 2 8 0 5
0 0 0 1 1 1 1 6 4 2 3 2 7 -1 -1 -1 -1 -1 -1 313711 0 15 25 17 16 2 8 0 5
0 0 0 4 1 6 1 1 4 2 3 2 5 -1 -1 -1 -1 -1 -1 314311 1 15 25 17 16 2 8 0 5
0 0 0 1 1 6 1 1 4 2 3 2 5 -1 -1 -1 -1 -1 -1 314944 0 15 25 17 16 2 8 0 5
0 0 0 1 1 7 1 1 4 2 3 2 5 5 5 4 0 1 1 315577 0 15 25 17 16 2 6 2 5
0 0 0 1 1 6 1 1 4 2 3 2 5 -1 -1 -1 -1 -1 -1 316211 0 15 25 17 16 2 6 2 5
0 0 0 1 4 1 6 1 4 2 3 2 6 -1 -1 -1 -1 -1 -1 316810 1 15 25 17 16 2 6 2 5
0 0 0 1 1 6 1 1 4 2 3 2 5 -1 -1 -1 -1 -1 -1 317444 0 15 25 17 16 2 6 2 5
0 0 0 1 1 8 1 1 4 2 3 2 5 5 5 4 2 0 1 318077 0 15 25 17 16 2 6 2 5
0 0 0 1 6 1 1 1 4 2 3 2 4 -1 -1 -1 -1 -1 -1 318810 0 15 25 16 13 2 6 2 5
0 0 0 1 6 1 1 4 4 2 3 2 4 -1 -1 -1 -1 -1 -1 319576 1 15 25 16 13 2 6 2 5
0 0 0 6 1 1 1 1 4 2 3 2 3 -1 -1 -1 -1 -1 -1 320343 0 15 25 16 13 2 6 2 5
0 0 0 7 1 1 1 1 4 2 3 2 3 3 5 4 2 1 1 321109 0 15 25 16 13 2 5 2 5
0 0 0 1 6 1 1 1 4 2 3 2 4 -1 -1 -1 -1 -1 -1 321876 0 15 25 16 13 2 5 2 5
0 0 0 1 6 1 4 1 4 2 3 2 4 -1 -1 -1 -1 -1 -1 322642 1 15 25 16 13 2 5 2 5
0 0 0 1 6 1 1 1 4 2 3 2 4 -1 -1 -1 -1 -1 -1 323409 0 15 25 16 13 2 5 2 5
0 0 0 1 1 7 1 1 4 2 3 2 5 5 5 4 0 1 1 324175 0 15 25 16 13 2 5 2 5
0 0 0 1 1 6 1 1 4 2 3 2 5 -1 -1 -1 -1 -1 -1 324842 0 15 25 17 16 2 5 2 5
0 0 0 4 1 6 1 1 4 2 3 2 5 -1 -1 -1 -1 -1 -1 325475 1 15 25 17 16 2 5 2 5
0 0 0 1 1 6 1 1 4 2 3 2 5 -1 -1 -1 -1 -1 -1 326075 0 15 25 17 16 2 5 2 5
0 0 0 1 1 6 3 1 4 2 3 2 5 6 5 4 1 0 0 326708 0 15 25 17 16 2 5 2 5
0 0 0 1 1 1 6 1 4 2 3 2 6 -1 -1 -1 -1 -1 -1 327341 0 15 25 17 16 2 5 2 5
0 0 0 1 4 6 1 1 4 2 3 2 5 -1 -1 -1 -1 -1 -1 327974 1 15 25 17 16 2 5 2 5
0 0 0 1 1 6 1 1 4 2 3 2 5 -1 -1 -1 -1 -1 -1 328574 0 15 25 17 16 2 5 2 5
0 0 0 1 3 1 6 1 4 2 3 2 6 4 5 4 3 0 0 329207 0 15 25 17 16 2 4 2 5
0 0 0 1 1 6 1 1 4 2 3 2 5 -1 -1 -1 -1 -1 -1 329841 0 15 25 17 16 2 4 2 5
0 0 0 1 4 6 1 1 4 2 3 2 5 -1 -1 -1 -1 -1 -1 330474 1 15 25 17 16 2 4 2 5
0 0 0 1 6 1 1 1 4 2 3 2 4 -1 -1 -1 -1 -1 -1 331074 0 15 25 17 16 2 4 2 5
0 0 0 3 6 1 1 1 4 2 3 2 4 3 5 4 1 0 0 331707 0 15 25 17 16 2 6 2 5
0 0 0 6 1 1 1 1 4 2 3 2 3 -1 -1 -1 -1 -1 -1 332340 0 15 25 17 16 2 6 2 5
0 0 0 6 1 4 1 1 4 2 3 2 3 -1 -1 -1 -1 -1 -1 332973 1 15 25 17 16 2 6 2 5
0 0 0 1 1 6 1 1 4 2 3 2 5 -1 -1 -1 -1 -1 -1 333573 0 15 25 17 16 2 6 2 5
0 0 0 1 1 7 1 1 4 2 3 2 5 5 5 4 1 1 1 334206 0 15 25 17 16 2 8 0 5
0 0 0 1 6 1 1 1 4 2 3 2 4 -1 -1 -1 -1 -1 -1 334839 0 15 25 17 16 2 8 0 5
0 0 0 1 6 1 4 1 4 2 3 2 4 -1 -1 -1 -1 -1 -1 335473 1 15 25 17 16 2 8 0 5
0 0 0 1 6 1 1 1 4 2 3 2 4 -1 -1 -1 -1 -1 -1 336072 0 15 25 17 16 2 8 0 5
0 0 0 3 6 1 1 1 4 2 3 2 4 3 5 4 0 0 0 336706 0 15 25 17 16 2 6 2 5
0 0 0 1 1 6 1 1 4 2 3 2 5 -1 -1 -1 -1 -1 -1 337339 0 15 25 17 16 2 6 2 5
0 0 0 1 6 1 1 4 4 2 3 2 4 -1 -1 -1 -1 -1 -1 337972 1 15 25 17 16 2 6 2 5
0 0 0 6 1 1 1 1 4 2 3 2 3 -1 -1 -1 -1 -1 -1 338572 0 15 25 17 16 2 6 2 5
0 0 0 7 1 1 1 1 4 2 3 2 3 3 5 4 1 1 1 339205 0 15 25 17 16 2 6 2 5
0 0 0 1 6 1 1 1 4 2 3 2 4 -1 -1 -1 -1 -1 -1 339738 0 15 25 18 19 2 6 2 5
0 0 0 4 1 1 6 1 4 2 3 2 6 -1 -1 -1 -1 -1 -1 340271 1 15 25 18 19 2 6 2 5
0 0 0 1 1 6 1 1 4 2 3 2 5 -1 -1 -1 -1 -1 -1 340805 0 15 25 18 19 2 6 2 5
0 0 0 1 3 6 1 1 4 2 3 2 5 4 5 4 2 0 0 341338 0 15 25 18 19 2 5 2 5
0 0 0 1 6 1 1 1 4 2 3 2 4 -1 -1 -1 -1 -1 -1 341871 0 15 25 18 19 2 5 2 5
0 0 0 1 1 6 4 1 4 2 3 2 5 -1 -1 -1 -1 -1 -1 342371 1 15 25 18 19 2 5 2 5
0 0 0 1 6 1 1 1 4 2 3 2 4 -1 -1 -1 -1 -1 -1 342904 0 15 25 18 19 2 5 2 5
0 0 0 1 6 1 3 1 4 2 3 2 4 6 5 4 1 0 0 343437 0 15 25 18 19 2 5 2 5
0 0 0 1 6 1 1 1 4 2 3 2 4 -1 -1 -1 -1 -1 -1 343970 0 15 25 18 19 2 5 2 5
0 0 0 1 1 6 4 1 4 2 3 2 5 -1 -1 -1 -1 -1 -1 344504 1 15 25 18 19 2 5 2 5
0 0 0 1 1 1 6 1 4 2 3 2 6 -1 -1 -1 -1 -1 -1 345004 0 15 25 18 19 2 5 2 5
0 0 0 1 3 6 1 1 4 2 3 2 5 4 5 4 3 0 0 345537 0 15 25 18 19 2 5 2 5
0 0 0 1 6 1 1 1 4 2 3 2 4 -1 -1 -1 -1 -1 -1 346070 0 15 25 18 19 2 5 2 5
0 0 0 1 6 4 1 1 4 2 3 2 4 -1 -1 -1 -1 -1 -1 346603 1 15 25 18 19 2 5 2 5
0 0 0 1 1 6 1 1 4 2 3 2 5 -1 -1 -1 -1 -1 -1 347103 0 15 25 18 19 2 5 2 5
0 0 0 1 1 1 7 1 4 2 3 2 6 6 5 4 2 1 1 347636 0 15 25 18 19 2 4 2 5
0 0 0 1 1 6 1 1 4 2 3 2 5 -1 -1 -1 -1 -1 -1 348169 0 15 25 18 19 2 4 2 5
0 0 0 1 1 6 4 1 4 2 3 2 5 -1 -1 -1 -1 -1 -1 348703 1 15 25 18 19 2 4 2 5
0 0 0 1 1 1 1 6 4 2 3 2 7 -1 -1 -1 -1 -1 -1 349236 0 15 25 18 19 2 4 2 5
0 0 0 1 1 1 6 3 4 2 3 2 6 7 5 4 3 0 0 349736 0 15 25 18 19 2 6 2 5
0 0 0 1 1 6 1 1 4 2 3 2 5 -1 -1 -1 -1 -1 -1 350269 0 15 25 18 19 2 6 2 5
0 0 0 4 1 1 6 1 4 2 3 2 6 -1 -1 -1 -1 -1 -1 350802 1 15 25 18 19 2 6 2 5
0 0 0 1 1 6 1 1 4 2 3 2 5 -1 -1 -1 -1 -1 -1 351335 0 15 25 18 19 2 6 2 5
0 0 0 1 1 1 8 1 4 2 3 2 6 6 5 4 2 0 1 351869 0 15 25 18 19 2 8 0 5
0 0 0 1 1 1 6 1 4 2 3 2 6 -1 -1 -1 -1 -1 -1 352468 0 15 25 17 16 2 8 0 5
0 0 0 1 1 4 6 1 4 2 3 2 6 -1 -1 -1 -1 -1 -1 353068 1 15 25 17 16 2 8 0 5
0 0 0 1 1 6 1 1 4 2 3 2 5 -1 -1 -1 -1 -1 -1 353701 0 15 25 17 16 2 8 0 5
0 0 0 1 8 1 1 1 4 2 3 2 4 4 5 4 3 0 1 354335 0 15 25 17 16 2 6 2 5
0 0 0 1 1 6 1 1 4 2 3 2 5 -1 -1 -1 -1 -1 -1 355068 0 15 25 16 13 2 6 2 5
0 0 0 1 1 6 1 4 4 2 3 2 5 -1 -1 -1 -1 -1 -1 355834 1 15 25 16 13 2 6 2 5
0 0 0 1 6 1 1 1 4 2 3 2 4 -1 -1 -1 -1 -1 -1 356601 0 15 25 16 13 2 6 2 5
0 0 0 1 7 1 1 1 4 2 3 2 4 4 5 4 3 1 1 357367 0 15 25 16 13 2 6 2 5
0 0 0 1 1 6 1 1 4 2 3 2 5 -1 -1 -1 -1 -1 -1 358134 0 15 25 16 13 2 6 2 5
0 0 0 4 6 1 1 1 4 2 3 2 4 -1 -1 -1 -1 -1 -1 358900 1 15 25 16 13 2 6 2 5
0 0 0 6 1 1 1 1 4 2 3 2 3 -1 -1 -1 -1 -1 -1 359667 0 15 25 16 13 2 6 2 5
0 0 0 7 1 1 1 1 4 2 3 2 3 3 5 4 2 1 1 360433 0 15 25 16 13 2 5 2 5
0 0 0 1 1 6 1 1 4 2 3 2 5 -1 -1 -1 -1 -1 -1 361100 0 15 25 17 16 2 5 2 5
0 0 0 1 4 1 1 6 4 2 3 2 7 -1 -1 -1 -1 -1 -1 361733 1 15 25 17 16 2 5 2 5
0 0 0 1 6 1 1 1 4 2 3 2 4 -1 -1 -1 -1 -1 -1 362333 0 15 25 17 16 2 5 2 5
0 0 0 1 8 2 1 1 4 2 3 2 4 5 5 4 3 1 0 362966 0 15 25 17 16 2 5 2 5
0 0 0 1 6 1 1 1 4 2 3 2 4 -1 -1 -1 -1 -1 -1 363732 0 15 25 16 13 2 5 2 5
0 0 0 1 6 4 1 1 4 2 3 2 4 -1 -1 -1 -1 -1 -1 364499 1 15 25 16 13 2 5 2 5
0 0 0 1 1 6 1 1 4 2 3 2 5 -1 -1 -1 -1 -1 -1 365265 0 15 25 16 13 2 5 2 5
0 0 0 1 1 6 3 1 4 2 3 2 5 6 5 4 2 0 0 366032 0 15 25 16 13 2 5 2 5
0 0 0 1 1 1 6 1 4 2 3 2 6 -1 -1 -1 -1 -1 -1 366798 0 15 25 16 13 2 5 2 5
0 0 0 1 4 6 1 1 4 2 3 2 5 -1 -1 -1 -1 -1 -1 367565 1 15 25 16 13 2 5 2 5
0 0 0 1 1 6 1 1 4 2 3 2 5 -1 -1 -1 -1 -1 -1 368331 0 15 25 16 13 2 5 2 5
0 0 0 1 3 6 1 1 4 2 3 2 5 4 5 4 3 0 0 369098 0 15 25 16 13 2 4 2 5
0 0 0 1 1 6 1 1 4 2 3 2 5 -1 -1 -1 -1 -1 -1 369864 0 15 25 16 13 2 4 2 5
0 0 0 1 4 6 1 1 4 2 3 2 5 -1 -1 -1 -1 -1 -1 370631 1 15 25 16 13 2 4 2 5
0 0 0 1 1 6 1 1 4 2 3 2 5 -1 -1 -1 -1 -1 -1 371397 0 15 25 16 13 2 4 2 5
0 0 0 3 1 6 1 1 4 2 3 2 5 3 5 4 1 0 0 372164 0 15 25 16 13 2 6 2 5
0 0 0 1 1 6 1 1 4 2 3 2 5 -1 -1 -1 -1 -1 -1 372930 0 15 25 16 13 2 6 2 5
0 0 0 1 6 1 4 1 4 2 3 2 4 -1 -1 -1 -1 -1 -1 373697 1 15 25 16 13 2 6 2 5
0 0 0 1 1 1 6 1 4 2 3 2 6 -1 -1 -1 -1 -1 -1 374496 0 15 25 16 13 2 6 2 5
0 0 0 1 3 1 6 1 4 2 3 2 6 4 5 4 3 0 0 375263 0 15 25 16 13 2 8 0 5
0 0 0 1 6 1 1 1 4 2 3 2 4 -1 -1 -1 -1 -1 -1 376029 0 15 25 16 13 2 8 0 5
0 0 0 1 1 6 1 4 4 2 3 2 5 -1 -1 -1 -1 -1 -1 376796 1 15 25 16 13 2 8 0 5
0 0 0 1 1 6 1 1 4 2 3 2 5 -1 -1 -1 -1 -1 -1 377562 0 15 25 16 13 2 8 0 5
0 0 0 1 3 6 1 1 4 2 3 2 5 4 5 4 2 0 0 378329 0 15 25 16 13 2 6 2 5
0 0 0 1 6 1 1 1 4 2 3 2 4 -1 -1 -1 -1 -1 -1 379095 0 15 25 16 13 2 6 2 5
0 0 0 1 6 1 4 1 4 2 3 2 4 -1 -1 -1 -1 -1 -1 379862 1 15 25 16 13 2 6 2 5
0 0 0 1 1 1 6 1 4 2 3 2 6 -1 -1 -1 -1 -1 -1 380628 0 15 25 16 13 2 6 2 5
0 0 0 3 1 6 1 1 4 2 3 2 5 3 5 4 3 0 0 381395 0 15 25 16 13 2 6 2 5
0 0 0 1 1 6 1 1 4 2 3 2 5 -1 -1 -1 -1 -1 -1 382161 0 15 25 16 13 2 6 2 5
0 0 0 6 1 1 1 4 4 2 3 2 3 -1 -1 -1 -1 -1 -1 382928 1 15 25 16 13 2 6 2 5
0 0 0 6 1 1 1 1 4 2 3 2 3 -1 -1 -1 -1 -1 -1 383694 0 15 25 16 13 2 6 2 5
0 0 0 7 1 1 1 1 4 2 3 2 3 3 5 4 3 1 1 384494 0 15 25 16 13 2 5 2 5
0 0 0 1 1 6 1 1 4 2 3 2 5 -1 -1 -1 -1 -1 -1 385260 0 15 25 16 13 2 5 2 5
0 0 0 1 1 6 1 4 4 2 3 2 5 -1 -1 -1 -1 -1 -1 386027 1 15 25 16 13 2 5 2 5
0 0 0 1 1 6 1 1 4 2 3 2 5 -1 -1 -1 -1 -1 -1 386793 0 15 25 16 13 2 5 2 5
0 0 0 1 1 7 1 1 4 2 3 2 5 5 5 4 2 1 1 387560 0 15 25 16 13 2 5 2 5
0 0 0 0 1 6 1 0 5 6 2 0 5 -1 -1 -1 -1 -1 -1 393558 0 15 40 20 60 2 8 0 3
0 0 0 0 1 6 1 0 5 6 2 0 5 -1 -1 -1 -1 -1 -1 393725 0 15 40 20 60 2 8 0 3
0 0 0 0 1 1 6 0 5 6 2 0 6 -1 -1 -1 -1 -1 -1 393892 0 15 40 20 60 2 5 2 3
0 0 0 0 1 6 1 0 5 6 2 0 5 -1 -1 -1 -1 -1 -1 394058 0 15 40 20 52.4 2 5 2 3
0 0 0 0 1 6 1 0 5 6 2 0 5 -1 -1 -1 -1 -1 -1 394291 0 15 40 20 34.6666 2 5 2 3
0 0 0 0 6 1 1 0 5 6 2 0 4 -1 -1 -1 -1 -1 -1 394691 0 15 40 20 22 2 5 2 3
0 0 0 0 1 1 6 0 5 6 2 0 6 -1 -1 -1 -1 -1 -1 395158 0 15 40 20 22 2 5 2 3
0 0 0 0 6 1 1 0 5 6 2 0 4 -1 -1 -1 -1 -1 -1 395624 0 15 40 20 22 2 5 2 3
0 0 0 0 1 6 1 0 5 6 2 0 5 -1 -1 -1 -1 -1 -1 396058 0 15 40 20 22 2 5 2 3
0 0 0 0 6 1 1 0 5 6 2 0 4 -1 -1 -1 -1 -1 -1 396524 0 15 40 20 22 2 5 2 3
0 0 0 0 7 1 1 0 5 6 2 0 4 4 5 4 4 1 1 396991 0 15 40 20 22 2 4 2 3
0 0 0 0 1 6 1 0 5 6 2 0 5 -1 -1 -1 -1 -1 -1 397424 0 15 40 20 22 2 4 2 3
0 0 0 0 6 1 1 0 5 6 2 0 4 -1 -1 -1 -1 -1 -1 397891 0 15 40 20 22 2 4 2 3
0 0 0 0 6 1 1 0 5 6 2 0 4 -1 -1 -1 -1 -1 -1 398357 0 15 40 20 22 2 4 2 3
0 0 0 0 7 1 1 0 5 6 2 0 4 4 5 4 4 1 1 398790 0 15 40 20 22 2 5 2 3
0 0 0 0 1 6 1 0 5 6 2 0 5 -1 -1 -1 -1 -1 -1 399224 0 15 40 21 23 2 5 2 3
0 0 0 0 6 1 1 0 5 6 2 0 4 -1 -1 -1 -1 -1 -1 399657 0 15 40 21 23 2 5 2 3
0 0 0 0 6 1 1 0 5 6 2 0 4 -1 -1 -1 -1 -1 -1 400090 0 15 40 21 23 2 5 2 3
0 0 0 0 7 1 1 0 5 6 2 0 4 4 5 4 4 1 1 400523 0 15 40 21 23 2 6 2 3
0 0 0 0 1 6 1 0 5 6 2 0 5 -1 -1 -1 -1 -1 -1 400990 0 15 40 21 23 2 6 2 3
0 0 0 0 1 1 6 0 5 6 2 0 6 -1 -1 -1 -1 -1 -1 401423 0 15 40 21 23 2 6 2 3
0 0 0 0 1 1 6 0 5 6 2 0 6 -1 -1 -1 -1 -1 -1 401856 0 15 40 21 23 2 6 2 3
0 0 0 0 1 1 7 0 5 6 2 0 6 6 5 4 4 1 1 402290 0 15 40 21 23 2 4 2 3
0 0 0 0 1 6 1 0 5 6 2 0 5 -1 -1 -1 -1 -1 -1 402689 0 15 40 22 24 2 4 2 3
0 0 0 0 1 1 6 0 5 6 2 0 6 -1 -1 -1 -1 -1 -1 403123 0 15 40 22 24 2 4 2 3
0 0 0 0 1 6 1 0 5 6 2 0 5 -1 -1 -1 -1 -1 -1 403523 0 15 40 22 24 2 4 2 3
0 0 0 0 1 7 1 0 5 6 2 0 5 5 5 4 4 1 1 403956 0 15 40 22 24 2 4 2 3
0 0 0 0 6 1 1 0 5 6 2 0 4 -1 -1 -1 -1 -1 -1 404356 0 15 40 22 24 2 4 2 3
0 0 0 0 1 6 1 0 5 6 2 0 5 -1 -1 -1 -1 -1 -1 404789 0 15 40 22 24 2 4 2 3
0 0 0 0 1 6 1 0 5 6 2 0 5 -1 -1 -1 -1 -1 -1 405189 0 15 40 22 24 2 4 2 3
0 0 0 0 1 7 1 0 5 6 2 0 5 5 5 4 4 1 1 405622 0 15 40 22 24 2 8 0 3
0 0 0 0 1 1 6 0 5 6 2 0 6 -1 -1 -1 -1 -1 -1 406022 0 15 40 23 25 2 8 0 3
0 0 0 0 6 1 1 0 5 6 2 0 4 -1 -1 -1 -1 -1 -1 406422 0 15 40 23 25 2 8 0 3
0 0 0 0 6 1 1 0 5 6 2 0 4 -1 -1 -1 -1 -1 -1 406822 0 15 40 23 25 2 8 0 3
0 0 0 0 7 1 1 0 5 6 2 0 4 4 5 4 4 1 1 407222 0 15 40 23 25 2 5 2 3
0 0 0 0 1 6 1 0 5 6 2 0 5 -1 -1 -1 -1 -1 -1 407622 0 15 40 23 25 2 5 2 3
0 0 0 0 6 1 1 0 5 6 2 0 4 -1 -1 -1 -1 -1 -1 408021 0 15 40 23 25 2 5 2 3
0 0 0 0 6 1 1 0 5 6 2 0 4 -1 -1 -1 -1 -1 -1 408421 0 15 40 23 25 2 5 2 3
0 0 0 0 7 1 1 0 5 6 2 0 4 4 5 4 4 1 1 408821 0 15 40 23 25 2 5 2 3
0 0 0 0 1 6 1 0 5 6 2 0 5 -1 -1 -1 -1 -1 -1 409221 0 15 40 24 25.5 2 5 2 3
0 0 0 0 6 1 1 0 5 6 2 0 4 -1 -1 -1 -1 -1 -1 409588 0 15 40 24 25.5 2 5 2 3
0 0 0 0 1 6 1 0 5 6 2 0 5 -1 -1 -1 -1 -1 -1 409988 0 15 40 24 25.5 2 5 2 3
0 0 0 1 1 7 1 1 5 6 2 0 5 5 5 4 4 1 1 410388 0 15 40 24 25.5 2 4 2 5
0 0 0 1 1 1 6 1 5 6 2 0 6 -1 -1 -1 -1 -1 -1 410787 0 15 40 24 25.5 2 4 2 5
0 0 0 1 1 1 6 1 5 6 2 0 6 -1 -1 -1 -1 -1 -1 411154 0 15 40 24 25.5 2 4 2 5
0 0 0 1 1 1 6 1 5 6 2 0 6 -1 -1 -1 -1 -1 -1 411554 0 15 40 24 25.5 2 4 2 5
0 0 0 1 1 1 7 1 5 6 2 0 6 6 5 4 4 1 1 411954 0 15 40 24 25.5 2 5 2 5
0 0 0 1 1 6 1 1 5 6 2 1 5 -1 -1 -1 -1 -1 -1 412354 0 15 40 25 26 2 5 2 5
0 0 0 1 1 6 1 1 5 6 2 1 5 -1 -1 -1 -1 -1 -1 412720 0 15 40 25 26 2 5 2 5
0 0 0 1 1 6 1 1 5 6 2 1 5 -1 -1 -1 -1 -1 -1 413120 0 15 40 25 26 2 5 2 5
0 0 0 1 1 7 1 1 5 6 2 1 5 5 5 4 4 1 1 413487 0 15 40 25 26 2 6 2 5
0 0 0 1 1 1 6 1 5 6 2 1 6 -1 -1 -1 -1 -1 -1 413887 0 15 40 25 26 2 6 2 5
0 0 0 1 1 1 1 6 5 6 2 1 7 -1 -1 -1 -1 -1 -1 414253 0 15 40 25 26 2 6 2 5
0 0 0 1 1 1 6 1 5 6 2 1 6 -1 -1 -1 -1 -1 -1 414653 0 15 40 25 26 2 6 2 5
0 0 0 1 1 1 7 1 5 6 2 1 6 6 5 4 4 1 1 415020 0 15 40 25 26 2 4 2 5
0 0 0 1 1 6 1 1 5 6 2 1 5 -1 -1 -1 -1 -1 -1 415420 0 15 40 26 26.5 2 4 2 5
0 0 0 1 1 1 6 1 5 6 2 1 6 -1 -1 -1 -1 -1 -1 415786 0 15 40 26 26.5 2 4 2 5
0 0 0 1 1 1 1 6 5 6 2 1 7 -1 -1 -1 -1 -1 -1 416153 0 15 40 26 26.5 2 4 2 5
0 0 0 1 1 1 1 7 5 6 2 1 7 7 5 4 4 1 1 416553 0 15 40 26 26.5 2 4 2 5
0 0 0 1 1 1 6 1 5 6 2 1 6 -1 -1 -1 -1 -1 -1 416919 0 15 40 26 26.5 2 4 2 5
0 0 0 1 1 6 1 1 5 6 2 1 5 -1 -1 -1 -1 -1 -1 417286 0 15 40 26 26.5 2 4 2 5
0 0 0 1 1 6 1 1 5 6 2 1 5 -1 -1 -1 -1 -1 -1 417686 0 15 40 26 26.5 2 4 2 5
0 0 0 1 1 7 1 1 5 6 2 1 5 5 5 4 4 1 1 418052 0 15 40 26 26.5 2 8 0 5
0 0 0 1 1 1 6 1 5 6 2 1 6 -1 -1 -1 -1 -1 -1 418419 0 15 40 27 27 2 8 0 5
0 0 0 1 1 1 1 6 5 6 2 1 7 -1 -1 -1 -1 -1 -1 418785 0 15 40 27 27 2 8 0 5
0 0 0 1 1 1 1 6 5 6 2 1 7 -1 -1 -1 -1 -1 -1 419152 0 15 40 27 27 2 8 0 5
0 0 0 1 1 1 1 7 5 6 2 1 7 7 5 4 4 1 1 419519 0 15 40 27 27 2 5 2 5
0 0 0 1 1 1 6 1 5 6 2 1 6 -1 -1 -1 -1 -1 -1 419885 0 15 40 27 27 2 5 2 5
0 0 0 1 1 6 1 1 5 6 2 1 5 -1 -1 -1 -1 -1 -1 420285 0 15 40 27 27 2 5 2 5
0 0 0 1 1 1 6 1 5 6 2 1 6 -1 -1 -1 -1 -1 -1 420652 0 15 40 27 27 2 5 2 5
0 0 0 1 1 1 7 1 5 6 2 1 6 6 5 4 4 1 1 421018 0 15 40 27 27 2 5 2 5
0 0 0 1 1 6 1 1 5 6 2 1 5 -1 -1 -1 -1 -1 -1 421385 0 15 40 28 27.5 2 5 2 5
0 0 0 1 1 6 1 1 5 6 2 1 5 -1 -1 -1 -1 -1 -1 421751 0 15 40 28 27.5 2 5 2 5
0 0 0 1 1 1 6 1 5 6 2 1 6 -1 -1 -1 -1 -1 -1 422118 0 15 40 28 27.5 2 5 2 5
0 0 0 1 1 1 7 1 5 6 2 1 6 6 5 4 4 1 1 422451 0 15 40 28 27.5 2 4 2 5
0 0 0 1 1 6 1 1 5 6 2 1 5 -1 -1 -1 -1 -1 -1 422818 0 15 40 28 27.5 2 4 2 5
0 0 0 1 1 1 6 1 5 6 2 1 6 -1 -1 -1 -1 -1 -1 423184 0 15 40 28 27.5 2 4 2 5
0 0 0 1 1 1 1 6 5 6 2 1 7 -1 -1 -1 -1 -1 -1 423551 0 15 40 28 27.5 2 4 2 5
0 0 0 1 1 1 1 7 5 6 2 1 7 7 5 4 4 1 1 423918 0 15 40 28 27.5 2 5 2 5
0 0 0 1 1 1 6 1 5 6 2 1 6 -1 -1 -1 -1 -1 -1 424284 0 15 40 29 28 2 5 2 5
0 0 0 1 1 6 1 1 5 6 2 1 5 -1 -1 -1 -1 -1 -1 424651 0 15 40 29 28 2 5 2 5
0 0 0 1 1 6 1 1 5 6 2 1 5 -1 -1 -1 -1 -1 -1 424984 0 15 40 29 28 2 5 2 5
0 0 0 1 1 7 1 1 5 6 2 1 5 5 5 4 4 1 1 425351 0 15 40 29 28 2 6 2 5
0 0 0 1 6 1 1 1 5 6 2 1 4 -1 -1 -1 -1 -1 -1 425717 0 15 40 29 28 2 6 2 5
0 0 0 6 1 1 1 1 5 6 2 1 3 -1 -1 -1 -1 -1 -1 426050 0 15 40 29 28 2 6 2 5
0 0 0 6 1 1 1 1 5 6 2 1 3 -1 -1 -1 -1 -1 -1 426417 0 15 40 29 28 2 6 2 5
0 0 0 7 1 1 1 1 5 6 2 1 3 3 5 4 4 1 1 426784 0 15 40 29 28 2 4 2 5
0 0 0 1 6 1 1 1 5 6 2 2 4 -1 -1 -1 -1 -1 -1 427117 0 15 40 30 28.5 2 4 2 5
0 0 0 1 6 1 1 1 5 6 2 2 4 -1 -1 -1 -1 -1 -1 427483 0 15 40 30 28.5 2 4 2 5
0 0 0 1 1 6 1 1 5 6 2 2 5 -1 -1 -1 -1 -1 -1 427817 0 15 40 30 28.5 2 4 2 5
0 0 0 1 1 7 1 1 5 6 2 2 5 5 5 4 4 1 1 428183 0 15 40 30 28.5 2 4 2 5
0 0 0 1 1 6 1 1 5 6 2 2 5 -1 -1 -1 -1 -1 -1 428550 0 15 40 30 28.5 2 4 2 5
0 0 0 1 1 6 1 4 5 6 2 2 5 -1 -1 -1 -1 -1 -1 428883 1 15 40 30 28.5 2 4 2 5
0 0 0 1 1 1 6 1 5 6 2 2 6 -1 -1 -1 -1 -1 -1 429250 0 15 40 30 28.5 2 4 2 5
0 0 0 1 1 1 1 7 5 6 2 2 7 7 5 4 4 1 1 429583 0 15 40 30 28.5 2 8 0 5
0 0 0 1 1 1 6 1 5 6 2 2 6 -1 -1 -1 -1 -1 -1 429916 0 15 40 31 29 2 8 0 5
0 0 0 1 4 1 6 1 5 6 2 2 6 -1 -1 -1 -1 -1 -1 430283 1 15 40 31 29 2 8 0 5
0 0 0 1 1 1 6 1 5 6 2 2 6 -1 -1 -1 -1 -1 -1 430616 0 15 40 31 29 2 8 0 5
0 0 0 1 1 1 7 1 5 6 2 2 6 6 5 4 4 1 1 430983 0 15 40 31 29 2 5 2 5
0 0 0 1 1 6 1 1 5 6 2 2 5 -1 -1 -1 -1 -1 -1 431316 0 15 40 31 29 2 5 2 5
0 0 0 1 1 6 4 1 5 6 2 2 5 -1 -1 -1 -1 -1 -1 431649 1 15 40 31 29 2 5 2 5
0 0 0 1 1 1 6 1 5 6 2 2 6 -1 -1 -1 -1 -1 -1 432016 0 15 40 31 29 2 5 2 5
0 0 0 1 1 1 7 1 5 6 2 2 6 6 5 4 4 1 1 432349 0 15 40 31 29 2 5 2 5
0 0 0 1 1 6 1 1 5 6 2 2 5 -1 -1 -1 -1 -1 -1 432682 0 15 40 32 29.5 2 5 2 5
0 0 0 1 4 6 1 1 5 6 2 2 5 -1 -1 -1 -1 -1 -1 433015 1 15 40 32 29.5 2 5 2 5
0 0 0 1 1 6 1 1 5 6 2 2 5 -1 -1 -1 -1 -1 -1 433349 0 15 40 32 29.5 2 5 2 5
0 0 0 1 1 7 1 1 5 6 2 2 5 5 5 4 4 1 1 433715 0 15 40 32 29.5 2 4 2 5
0 0 0 1 6 1 1 1 5 6 2 2 4 -1 -1 -1 -1 -1 -1 434048 0 15 40 32 29.5 2 4 2 5
0 0 0 1 1 6 1 4 5 6 2 2 5 -1 -1 -1 -1 -1 -1 434382 1 15 40 32 29.5 2 4 2 5
0 0 0 1 1 1 1 6 5 6 2 2 7 -1 -1 -1 -1 -1 -1 434715 0 15 40 32 29.5 2 4 2 5
0 0 0 1 1 1 1 7 5 6 2 2 7 7 5 4 4 1 1 435048 0 15 40 32 29.5 2 5 2 5
0 0 0 1 1 1 6 1 5 6 2 2 6 -1 -1 -1 -1 -1 -1 435381 0 15 40 33 30 2 5 2 5
0 0 0 1 4 1 6 1 5 6 2 2 6 -1 -1 -1 -1 -1 -1 435715 1 15 40 33 30 2 5 2 5
0 0 0 1 1 1 6 1 5 6 2 2 6 -1 -1 -1 -1 -1 -1 436048 0 15 40 33 30 2 5 2 5
0 0 0 1 1 1 7 1 5 6 2 2 6 6 5 4 4 1 1 436381 0 15 40 33 30 2 6 2 5
0 0 0 1 1 1 6 1 5 6 2 2 6 -1 -1 -1 -1 -1 -1 436714 0 15 40 33 30 2 6 2 5
0 0 0 1 1 4 1 6 5 6 2 2 7 -1 -1 -1 -1 -1 -1 437048 1 15 40 33 30 2 6 2 5
0 0 0 1 1 1 1 6 5 6 2 2 7 -1 -1 -1 -1 -1 -1 437381 0 15 40 33 30 2 6 2 5
0 0 0 1 1 1 1 7 5 6 2 2 7 7 5 4 4 1 1 437714 0 15 40 33 30 2 4 2 5
0 0 0 1 1 6 1 1 5 6 2 2 5 -1 -1 -1 -1 -1 -1 438047 0 15 40 34 30.5 2 4 2 5
0 0 0 1 1 6 4 1 5 6 2 2 5 -1 -1 -1 -1 -1 -1 438381 1 15 40 34 30.5 2 4 2 5
0 0 0 1 1 1 6 1 5 6 2 2 6 -1 -1 -1 -1 -1 -1 438714 0 15 40 34 30.5 2 4 2 5
0 0 0 1 1 1 7 1 5 6 2 2 6 6 5 4 4 1 1 439047 0 15 40 34 30.5 2 4 2 5
0 0 0 1 1 6 1 1 5 6 2 2 5 -1 -1 -1 -1 -1 -1 439347 0 15 40 34 30.5 2 4 2 5
0 0 0 4 1 1 6 1 5 6 2 2 6 -1 -1 -1 -1 -1 -1 439680 1 15 40 34 30.5 2 4 2 5
0 0 0 1 1 1 6 1 5 6 2 2 6 -1 -1 -1 -1 -1 -1 440014 0 15 40 34 30.5 2 4 2 5
0 0 0 1 1 1 7 1 5 6 2 2 6 6 5 4 4 1 1 440347 0 15 40 34 30.5 2 8 0 5
0 0 0 0 1 6 1 0 6 2 3 0 5 -1 -1 -1 -1 -1 -1 449178 0 15 25 17 60 2 8 0 3
0 0 0 0 1 6 1 0 6 2 3 0 5 -1 -1 -1 -1 -1 -1 449345 0 15 25 17 60 2 8 0 3
0 0 0 0 1 6 1 0 6 2 3 0 5 -1 -1 -1 -1 -1 -1 449511 0 15 25 17 60 2 4 2 3
0 0 0 0 1 6 1 0 6 2 3 0 5 -1 -1 -1 -1 -1 -1 449678 0 15 25 17 51.2 2 4 2 3
0 0 0 0 1 6 1 0 6 2 3 0 5 -1 -1 -1 -1 -1 -1 449945 0 15 25 17 27.7333 2 4 2 3
0 0 0 0 1 6 1 0 6 2 3 0 5 -1 -1 -1 -1 -1 -1 450511 0 15 25 17 16 2 4 2 3
0 0 0 0 1 6 1 0 6 2 3 0 5 -1 -1 -1 -1 -1 -1 451144 0 15 25 17 16 2 4 2 3
0 0 0 0 1 6 1 0 6 2 3 0 5 -1 -1 -1 -1 -1 -1 451777 0 15 25 17 16 2 4 2 3
0 0 0 0 1 6 1 0 6 2 3 0 5 -1 -1 -1 -1 -1 -1 452377 0 15 25 17 16 2 4 2 3
0 0 0 0 1 6 1 0 6 2 3 0 5 -1 -1 -1 -1 -1 -1 453010 0 15 25 17 16 2 4 2 3
0 0 0 0 3 6 1 0 6 2 3 0 5 4 5 4 3 0 0 453644 0 15 25 17 16 2 4 2 3
0 0 0 0 1 1 6 0 6 2 3 0 6 -1 -1 -1 -1 -1 -1 454277 0 15 25 17 16 2 4 2 3
0 0 0 0 6 1 1 0 6 2 3 0 4 -1 -1 -1 -1 -1 -1 454877 0 15 25 17 16 2 4 2 3
0 0 0 0 6 1 1 0 6 2 3 0 4 -1 -1 -1 -1 -1 -1 455510 0 15 25 17 16 2 4 2 3
0 0 0 0 6 3 1 0 6 2 3 0 4 5 5 4 0 0 0 456143 0 15 25 17 16 2 5 2 3
0 0 0 0 6 1 1 0 6 2 3 0 4 -1 -1 -1 -1 -1 -1 456776 0 15 25 17 16 2 5 2 3
0 0 0 0 6 1 1 0 6 2 3 0 4 -1 -1 -1 -1 -1 -1 457376 0 15 25 17 16 2 5 2 3
0 0 0 0 6 1 1 0 6 2 3 0 4 -1 -1 -1 -1 -1 -1 458009 0 15 25 17 16 2 5 2 3
0 0 0 0 6 3 1 0 6 2 3 0 4 5 5 4 1 0 0 458642 0 15 25 17 16 2 6 2 3
0 0 0 0 6 1 1 0 6 2 3 0 4 -1 -1 -1 -1 -1 -1 459276 0 15 25 17 16 2 6 2 3
0 0 0 0 1 6 1 0 6 2 3 0 5 -1 -1 -1 -1 -1 -1 459875 0 15 25 17 16 2 6 2 3
0 0 0 0 6 1 1 0 6 2 3 0 4 -1 -1 -1 -1 -1 -1 460509 0 15 25 17 16 2 6 2 3
0 0 0 0 6 1 3 0 6 2 3 0 4 6 5 4 0 0 0 461142 0 15 25 17 16 2 6 2 3
0 0 0 0 1 6 1 0 6 2 3 0 5 -1 -1 -1 -1 -1 -1 461775 0 15 25 17 16 2 6 2 3
0 0 0 0 1 1 6 0 6 2 3 0 6 -1 -1 -1 -1 -1 -1 462375 0 15 25 17 16 2 6 2 3
0 0 0 0 1 1 6 0 6 2 3 0 6 -1 -1 -1 -1 -1 -1 463008 0 15 25 17 16 2 6 2 3
0 0 0 0 1 1 7 0 6 2 3 0 6 6 5 4 0 1 1 463641 0 15 25 17 16 2 5 2 3
0 0 0 0 1 6 1 0 6 2 3 0 5 -1 -1 -1 -1 -1 -1 464274 0 15 25 17 16 2 5 2 3
0 0 0 0 1 1 6 0 6 2 3 0 6 -1 -1 -1 -1 -1 -1 464874 0 15 25 17 16 2 5 2 3
0 0 0 0 1 6 1 0 6 2 3 0 5 -1 -1 -1 -1 -1 -1 465507 0 15 25 17 16 2 5 2 3
0 0 0 0 1 6 3 0 6 2 3 0 5 6 5 4 2 0 0 466141 0 15 25 17 16 2 8 0 3
0 0 0 0 1 6 1 0 6 2 3 0 5 -1 -1 -1 -1 -1 -1 466740 0 15 25 17 16 2 8 0 3
0 0 0 0 1 6 1 0 6 2 3 0 5 -1 -1 -1 -1 -1 -1 467374 0 15 25 17 16 2 8 0 3
0 0 0 0 1 6 1 0 6 2 3 0 5 -1 -1 -1 -1 -1 -1 468007 0 15 25 17 16 2 8 0 3
0 0 0 0 1 7 1 0 6 2 3 0 5 5 5 4 0 1 1 468640 0 15 25 17 16 2 4 2 3
0 0 0 0 1 1 6 0 6 2 3 0 6 -1 -1 -1 -1 -1 -1 469173 0 15 25 18 19 2 4 2 3
0 0 0 0 1 6 1 0 6 2 3 0 5 -1 -1 -1 -1 -1 -1 469706 0 15 25 18 19 2 4 2 3
0 0 0 0 6 1 1 0 6 2 3 0 4 -1 -1 -1 -1 -1 -1 470240 0 15 25 18 19 2 4 2 3
0 0 0 0 8 2 1 0 6 2 3 0 4 5 5 4 0 1 0 470739 0 15 25 18 19 2 4 2 3
0 0 0 0 1 6 1 0 6 2 3 0 5 -1 -1 -1 -1 -1 -1 471373 0 15 25 17 16 2 4 2 3
0 0 0 0 1 1 6 0 6 2 3 0 6 -1 -1 -1 -1 -1 -1 472006 0 15 25 17 16 2 4 2 3
0 0 0 0 1 6 1 0 6 2 3 0 5 -1 -1 -1 -1 -1 -1 472606 0 15 25 17 16 2 4 2 3
0 0 0 0 1 8 2 0 6 2 3 0 5 6 5 4 2 1 0 473239 0 15 25 17 16 2 4 2 3
0 0 0 0 1 6 1 0 6 2 3 0 5 -1 -1 -1 -1 -1 -1 473972 0 15 25 16 13 2 4 2 3
0 0 0 0 1 6 1 0 6 2 3 0 5 -1 -1 -1 -1 -1 -1 474738 0 15 25 16 13 2 4 2 3
0 0 0 0 1 6 1 0 6 2 3 0 5 -1 -1 -1 -1 -1 -1 475538 0 15 25 16 13 2 4 2 3
0 0 0 0 3 6 1 0 6 2 3 0 5 4 5 4 3 0 0 476305 0 15 25 16 13 2 5 2 3
0 0 0 0 6 1 1 0 6 2 3 0 4 -1 -1 -1 -1 -1 -1 477071 0 15 25 16 13 2 5 2 3
0 0 0 0 1 6 1 0 6 2 3 0 5 -1 -1 -1 -1 -1 -1 477838 0 15 25 16 13 2 5 2 3
0 0 0 0 1 6 1 0 6 2 3 0 5 -1 -1 -1 -1 -1 -1 478538 0 15 25 16 16.25 2 5 2 3
0 0 0 0 3 6 1 0 6 2 3 0 5 4 5 4 1 0 0 479137 0 15 25 16 16.25 2 6 2 3
0 0 0 0 1 6 1 0 6 2 3 0 5 -1 -1 -1 -1 -1 -1 479771 0 15 25 16 16.25 2 6 2 3
0 0 0 0 1 6 1 0 6 2 3 0 5 -1 -1 -1 -1 -1 -1 480470 0 15 25 16 13 2 6 2 3
0 0 0 0 1 6 1 0 6 2 3 0 5 -1 -1 -1 -1 -1 -1 481237 0 15 25 16 16.25 2 6 2 3
0 0 0 0 8 1 1 0 6 2 3 0 4 4 5 4 0 0 1 481837 0 15 25 16 16.25 2 6 2 3
0 0 0 0 1 6 1 0 6 2 3 0 5 -1 -1 -1 -1 -1 -1 482603 0 15 25 15 12.5 2 6 2 3
0 0 0 0 6 1 1 0 6 2 3 0 4 -1 -1 -1 -1 -1 -1 483503 0 15 25 15 10 2 6 2 3
0 0 0 0 1 6 1 0 6 2 3 0 5 -1 -1 -1 -1 -1 -1 484503 0 15 25 15 10 2 6 2 3
0 0 0 0 3 1 6 0 6 2 3 0 6 4 5 4 1 0 0 485503 0 15 25 15 10 2 5 2 3
0 0 0 0 1 6 1 0 6 2 3 0 5 -1 -1 -1 -1 -1 -1 486502 0 15 25 15 10 2 5 2 3
0 0 0 0 1 1 6 0 6 2 3 0 6 -1 -1 -1 -1 -1 -1 487502 0 15 25 15 10 2 5 2 3
0 0 0 0 1 1 6 0 6 2 3 0 6 -1 -1 -1 -1 -1 -1 488502 0 15 25 15 10 2 5 2 3
0 0 0 0 1 6 3 0 6 2 3 0 5 6 5 4 2 0 0 489502 0 15 25 15 10 2 8 0 3
0 0 0 0 6 1 1 0 6 2 3 0 4 -1 -1 -1 -1 -1 -1 490501 0 15 25 15 10 2 8 0 3
0 0 0 0 1 6 1 0 6 2 3 0 5 -1 -1 -1 -1 -1 -1 491501 0 15 25 15 10 2 8 0 3
0 0 0 0 1 6 1 0 6 2 3 0 5 -1 -1 -1 -1 -1 -1 492501 0 15 25 15 10 2 8 0 3
0 0 0 0 3 6 1 0 6 2 3 0 5 4 5 4 1 0 0 493501 0 15 25 15 10 2 4 2 3
0 0 0 0 1 6 1 0 6 2 3 0 5 -1 -1 -1 -1 -1 -1 494500 0 15 25 15 10 2 4 2 3
0 0 0 0 1 6 1 0 6 2 3 0 5 -1 -1 -1 -1 -1 -1 495500 0 15 25 15 10 2 4 2 3
0 0 0 0 1 6 1 0 6 2 3 0 5 -1 -1 -1 -1 -1 -1 496500 0 15 25 15 10 2 4 2 3
0 0 0 0 8 1 1 0 6 2 3 0 4 4 5 4 0 0 1 497500 0 15 25 15 10 2 4 2 3
0 0 0 0 1 1 6 0 6 2 3 0 6 -1 -1 -1 -1 -1 -1 498499 0 15 25 15 10 2 4 2 3
0 0 0 0 1 1 6 0 6 2 3 0 6 -1 -1 -1 -1 -1 -1 499499 0 15 25 15 10 2 4 2 3
0 0 0 0 1 1 6 0 6 2 3 0 6 -1 -1 -1 -1 -1 -1 500499 0 15 25 15 10 2 4 2 3
0 0 0 0 1 1 7 0 6 2 3 0 6 6 5 4 2 1 1 501499 0 15 25 15 10 2 4 2 3
0 0 0 0 1 1 6 0 6 2 3 0 6 -1 -1 -1 -1 -1 -1 502498 0 15 25 15 10 2 4 2 3
0 0 0 0 1 1 6 0 6 2 3 0 6 -1 -1 -1 -1 -1 -1 503498 0 15 25 15 10 2 4 2 3
0 0 0 0 1 6 1 0 6 2 3 0 5 -1 -1 -1 -1 -1 -1 504498 0 15 25 15 10 2 4 2 3
0 0 0 0 1 6 3 0 6 2 3 0 5 6 5 4 3 0 0 505498 0 15 25 15 10 2 5 2 3
0 0 0 0 1 6 1 0 6 2 3 0 5 -1 -1 -1 -1 -1 -1 506497 0 15 25 15 10 2 5 2 3
0 0 0 0 6 1 1 0 6 2 3 0 4 -1 -1 -1 -1 -1 -1 507497 0 15 25 15 10 2 5 2 3
0 0 0 0 1 6 1 0 6 2 3 0 5 -1 -1 -1 -1 -1 -1 508497 0 15 25 15 10 2 5 2 3
0 0 0 0 3 6 1 0 6 2 3 0 5 4 5 4 2 0 0 509497 0 15 25 15 10 2 6 2 3
0 0 0 0 1 6 1 0 6 2 3 0 5 -1 -1 -1 -1 -1 -1 510496 0 15 25 15 10 2 6 2 3
0 0 0 0 1 6 1 0 6 2 3 0 5 -1 -1 -1 -1 -1 -1 511496 0 15 25 15 10 2 6 2 3
0 0 0 0 6 1 1 0 6 2 3 0 4 -1 -1 -1 -1 -1 -1 512496 0 15 25 15 10 2 6 2 3
0 0 0 0 6 3 1 0 6 2 3 0 4 5 5 4 3 0 0 513496 0 15 25 15 10 2 6 2 3
0 0 0 0 1 6 1 0 6 2 3 0 5 -1 -1 -1 -1 -1 -1 514495 0 15 25 15 10 2 6 2 3
0 0 0 0 6 1 1 0 6 2 3 0 4 -1 -1 -1 -1 -1 -1 515495 0 15 25 15 10 2 6 2 3
0 0 0 0 6 1 1 0 6 2 3 0 4 -1 -1 -1 -1 -1 -1 516495 0 15 25 15 10 2 6 2 3
0 0 0 0 7 1 1 0 6 2 3 0 4 4 5 4 3 1 1 517495 0 15 25 15 10 2 5 2 3
0 0 0 0 6 1 1 0 6 2 3 0 4 -1 -1 -1 -1 -1 -1 518328 0 15 25 16 13 2 5 2 3
0 0 0 0 1 6 1 0 6 2 3 0 5 -1 -1 -1 -1 -1 -1 519094 0 15 25 16 13 2 5 2 3
0 0 0 0 1 6 1 0 6 2 3 0 5 -1 -1 -1 -1 -1 -1 519861 0 15 25 16 13 2 5 2 3
0 0 0 0 1 7 1 0 6 2 3 0 5 5 5 4 2 1 1 520627 0 15 25 16 13 2 8 0 3
0 0 0 0 1 6 1 0 6 2 3 0 5 -1 -1 -1 -1 -1 -1 521394 0 15 25 16 13 2 8 0 3
0 0 0 0 1 6 1 0 6 2 3 0 5 -1 -1 -1 -1 -1 -1 522160 0 15 25 16 13 2 8 0 3
0 0 0 0 6 1 1 0 6 2 3 0 4 -1 -1 -1 -1 -1 -1 522927 0 15 25 16 13 2 8 0 3
0 0 0 0 6 3 1 0 6 2 3 0 4 5 5 4 2 0 0 523693 0 15 25 16 13 2 4 2 3
0 0 0 0 1 6 1 0 6 2 3 0 5 -1 -1 -1 -1 -1 -1 524460 0 15 25 16 13 2 4 2 3
0 0 0 0 1 6 1 0 6 2 3 0 5 -1 -1 -1 -1 -1 -1 525226 0 15 25 16 13 2 4 2 3
0 0 0 0 1 6 1 0 6 2 3 0 5 -1 -1 -1 -1 -1 -1 525993 0 15 25 16 13 2 4 2 3
0 0 0 0 1 7 1 0 6 2 3 0 5 5 5 4 3 1 1 526759 0 15 25 16 13 2 4 2 3
0 0 0 0 1 6 1 0 6 2 3 0 5 -1 -1 -1 -1 -1 -1 527426 0 15 25 17 16 2 4 2 3
0 0 0 0 1 6 1 0 6 2 3 0 5 -1 -1 -1 -1 -1 -1 528026 0 15 25 17 16 2 4 2 3
0 0 0 0 1 6 1 0 6 2 3 0 5 -1 -1 -1 -1 -1 -1 528659 0 15 25 17 16 2 4 2 3
0 0 0 0 1 6 3 0 6 2 3 0 5 6 5 4 1 0 0 529292 0 15 25 17 16 2 4 2 3
0 0 0 0 1 6 1 0 6 2 3 0 5 -1 -1 -1 -1 -1 -1 529925 0 15 25 17 16 2 4 2 3
0 0 0 0 1 6 1 0 6 2 3 0 5 -1 -1 -1 -1 -1 -1 530525 0 15 25 17 16 2 4 2 3
0 0 0 0 1 6 1 0 6 2 3 0 5 -1 -1 -1 -1 -1 -1 531158 0 15 25 17 16 2 4 2 3
0 0 0 0 7 1 1 0 6 2 3 0 4 4 5 4 2 1 1 531791 0 15 25 17 16 2 5 2 3
0 0 0 0 1 6 1 0 6 2 3 0 5 -1 -1 -1 -1 -1 -1 532424 0 15 25 17 16 2 5 2 3
0 0 0 0 1 6 1 0 6 2 3 0 5 -1 -1 -1 -1 -1 -1 533024 0 15 25 17 16 2 5 2 3
0 0 0 0 1 6 1 0 6 2 3 0 5 -1 -1 -1 -1 -1 -1 533657 0 15 25 17 16 2 5 2 3
0 0 0 0 6 1 3 0 6 2 3 0 4 6 5 4 0 0 0 534291 0 15 25 17 16 2 6 2 3
0 0 0 0 6 1 1 0 6 2 3 0 4 -1 -1 -1 -1 -1 -1 534924 0 15 25 17 16 2 6 2 3
0 0 0 0 6 1 1 0 6 2 3 0 4 -1 -1 -1 -1 -1 -1 535524 0 15 25 17 16 2 6 2 3
0 0 0 0 6 1 1 0 6 2 3 0 4 -1 -1 -1 -1 -1 -1 536157 0 15 25 17 16 2 6 2 3
0 0 0 0 6 3 1 0 6 2 3 0 4 5 5 4 3 0 0 536790 0 15 25 17 16 2 6 2 3
0 0 0 0 1 6 1 0 6 2 3 0 5 -1 -1 -1 -1 -1 -1 537423 0 15 25 17 16 2 6 2 3
0 0 0 0 1 1 6 0 6 2 3 0 6 -1 -1 -1 -1 -1 -1 538023 0 15 25 17 16 2 6 2 3
0 0 0 0 1 1 6 0 6 2 3 0 6 -1 -1 -1 -1 -1 -1 538656 0 15 25 17 16 2 6 2 3
0 0 0 0 1 3 6 0 6 2 3 0 6 5 5 4 0 0 0 539289 0 15 25 17 16 2 5 2 3
0 0 0 0 1 6 1 0 6 2 3 0 5 -1 -1 -1 -1 -1 -1 539923 0 15 25 17 16 2 5 2 3
0 0 0 0 6 1 1 0 6 2 3 0 4 -1 -1 -1 -1 -1 -1 540522 0 15 25 17 16 2 5 2 3
0 0 0 0 6 1 1 0 6 2 3 0 4 -1 -1 -1 -1 -1 -1 541156 0 15 25 17 16 2 5 2 3
0 0 0 0 6 3 1 0 6 2 3 0 4 5 5 4 2 0 0 541789 0 15 25 17 16 2 8 0 3
0 0 0 0 1 6 1 0 6 2 3 0 5 -1 -1 -1 -1 -1 -1 542422 0 15 25 17 16 2 8 0 3
0 0 0 0 1 1 6 0 6 2 3 0 6 -1 -1 -1 -1 -1 -1 543022 0 15 25 17 16 2 8 0 3
0 0 0 0 1 1 6 0 6 2 3 0 6 -1 -1 -1 -1 -1 -1 543655 0 15 25 17 16 2 8 0 3
0 0 0 0 1 3 6 0 6 2 3 0 6 5 5 4 1 0 0 544288 0 15 25 17 16 2 4 2 3
0 0 0 0 1 6 1 0 6 2 3 0 5 -1 -1 -1 -1 -1 -1 544921 0 15 25 17 16 2 4 2 3
0 0 0 0 1 6 1 0 6 2 3 0 5 -1 -1 -1 -1 -1 -1 545521 0 15 25 17 16 2 4 2 3
0 0 0 0 6 1 1 0 6 2 3 0 4 -1 -1 -1 -1 -1 -1 546154 0 15 25 17 16 2 4 2 3
0 0 0 0 1 6 3 0 6 2 3 0 5 6 5 4 3 0 0 546788 0 15 25 17 16 2 4 2 3
0 0 0 0 6 1 1 0 6 2 3 0 4 -1 -1 -1 -1 -1 -1 547421 0 15 25 17 16 2 4 2 3
0 0 0 0 1 1 6 0 6 2 3 0 6 -1 -1 -1 -1 -1 -1 548021 0 15 25 17 16 2 4 2 3
0 0 0 0 6 1 1 0 6 2 3 0 4 -1 -1 -1 -1 -1 -1 548654 0 15 25 17 16 2 4 2 3
0 0 0 0 8 2 1 0 6 2 3 0 4 5 5 4 2 1 0 549287 0 15 25 17 16 2 4 2 3
0 0 0 0 1 1 6 0 6 2 3 0 6 -1 -1 -1 -1 -1 -1 550020 0 15 25 16 13 2 4 2 3
0 0 0 0 1 6 1 0 6 2 3 0 5 -1 -1 -1 -1 -1 -1 550787 0 15 25 16 13 2 4 2 3
0 0 0 0 1 6 1 0 6 2 3 0 5 -1 -1 -1 -1 -1 -1 551553 0 15 25 16 13 2 4 2 3
0 0 0 0 8 1 2 0 6 2 3 0 4 6 5 4 1 1 0 552320 0 15 25 16 13 2 5 2 3
0 0 0 0 1 6 1 0 6 2 3 0 5 -1 -1 -1 -1 -1 -1 553286 0 15 25 15 10 2 5 2 3
0 0 0 0 6 1 1 0 6 2 3 0 4 -1 -1 -1 -1 -1 -1 554286 0 15 25 15 10 2 5 2 3
0 0 0 0 1 6 1 0 6 2 3 0 5 -1 -1 -1 -1 -1 -1 555286 0 15 25 15 10 2 5 2 3
0 0 0 0 8 1 1 0 6 2 3 0 4 4 5 4 2 0 1 556285 0 15 25 15 10 2 6 2 3
0 0 0 0 1 6 1 0 6 2 3 0 5 -1 -1 -1 -1 -1 -1 557285 0 15 25 15 10 2 6 2 3
0 0 0 0 1 6 1 0 6 2 3 0 5 -1 -1 -1 -1 -1 -1 558285 0 15 25 15 10 2 6 2 3
0 0 0 0 1 1 6 0 6 2 3 0 6 -1 -1 -1 -1 -1 -1 559285 0 15 25 15 10 2 6 2 3
0 0 0 0 1 1 6 0 6 2 3 0 6 6 5 4 1 0 0 560284 0 15 25 15 10 2 6 2 3
0 0 0 0 1 6 1 0 6 2 3 0 5 -1 -1 -1 -1 -1 -1 561284 0 15 25 15 10 2 6 2 3
0 0 0 0 1 6 1 0 6 2 3 0 5 -1 -1 -1 -1 -1 -1 562284 0 15 25 15 10 2 6 2 3
0 0 0 0 1 1 6 0 6 2 3 0 6 -1 -1 -1 -1 -1 -1 563284 0 15 25 15 10 2 6 2 3
0 0 0 0 1 1 7 0 6 2 3 0 6 6 5 4 1 1 1 564283 0 15 25 15 10 2 5 2 3
0 0 0 0 1 1 6 0 6 2 3 0 6 -1 -1 -1 -1 -1 -1 565283 0 15 25 15 10 2 5 2 3
0 0 0 0 1 1 6 0 6 2 3 0 6 -1 -1 -1 -1 -1 -1 566283 0 15 25 15 10 2 5 2 3
0 0 0 0 1 1 6 0 6 2 3 0 6 -1 -1 -1 -1 -1 -1 567283 0 15 25 15 10 2 5 2 3
0 0 0 0 1 1 7 0 6 2 3 0 6 6 5 4 2 1 1 568282 0 15 25 15 10 2 8 0 3
0 0 0 0 1 6 1 0 7 2 3 0 5 -1 -1 -1 -1 -1 -1 577147 0 15 25 16 60 2 8 0 3
0 0 0 0 1 6 1 0 7 2 3 0 5 -1 -1 -1 -1 -1 -1 577313 0 15 25 16 60 2 8 0 3
0 0 0 0 1 6 1 0 7 2 3 0 5 -1 -1 -1 -1 -1 -1 577480 0 15 25 16 60 2 6 2 3
0 0 0 0 1 1 6 0 7 2 3 0 6 -1 -1 -1 -1 -1 -1 577647 0 15 25 16 50.6 2 6 2 3
0 0 0 0 1 1 6 0 7 2 3 0 6 -1 -1 -1 -1 -1 -1 577913 0 15 25 16 25.5333 2 6 2 3
0 0 0 0 1 6 1 0 7 2 3 0 5 -1 -1 -1 -1 -1 -1 578647 0 15 25 16 13 2 6 2 3
0 0 0 0 1 6 1 0 7 2 3 0 5 -1 -1 -1 -1 -1 -1 579413 0 15 25 16 13 2 6 2 3
0 0 0 0 1 6 1 0 7 2 3 0 5 -1 -1 -1 -1 -1 -1 580179 0 15 25 16 13 2 6 2 3
0 0 0 0 1 6 1 0 7 2 3 0 5 -1 -1 -1 -1 -1 -1 580946 0 15 25 16 13 2 6 2 3
0 0 0 0 6 1 1 0 7 2 3 0 4 -1 -1 -1 -1 -1 -1 581712 0 15 25 16 13 2 6 2 3
0 0 0 0 6 3 1 0 7 2 3 0 4 5 5 4 2 0 0 582479 0 15 25 16 13 2 4 2 3
0 0 0 0 1 6 1 0 7 2 3 0 5 -1 -1 -1 -1 -1 -1 583245 0 15 25 16 13 2 4 2 3
0 0 0 0 1 6 1 0 7 2 3 0 5 -1 -1 -1 -1 -1 -1 584012 0 15 25 16 13 2 4 2 3
0 0 0 0 6 1 1 0 7 2 3 0 4 -1 -1 -1 -1 -1 -1 584778 0 15 25 16 13 2 4 2 3
0 0 0 0 6 3 1 0 7 2 3 0 4 5 5 4 1 0 0 585545 0 15 25 16 13 2 4 2 3
0 0 0 0 1 6 1 0 7 2 3 0 5 -1 -1 -1 -1 -1 -1 586345 0 15 25 16 13 2 4 2 3
0 0 0 0 1 6 1 0 7 2 3 0 5 -1 -1 -1 -1 -1 -1 587111 0 15 25 16 13 2 4 2 3
0 0 0 0 1 1 6 0 7 2 3 0 6 -1 -1 -1 -1 -1 -1 587878 0 15 25 16 13 2 4 2 3
0 0 0 0 3 1 6 0 7 2 3 0 6 4 5 4 1 0 0 588644 0 15 25 16 13 2 5 2 3
0 0 0 0 1 6 1 0 7 2 3 0 5 -1 -1 -1 -1 -1 -1 589411 0 15 25 16 13 2 5 2 3
0 0 0 0 1 1 6 0 7 2 3 0 6 -1 -1 -1 -1 -1 -1 590177 0 15 25 16 13 2 5 2 3
0 0 0 0 1 1 6 0 7 2 3 0 6 -1 -1 -1 -1 -1 -1 590944 0 15 25 16 13 2 5 2 3
0 0 0 0 1 1 7 0 7 2 3 0 6 6 5 4 2 1 1 591710 0 15 25 16 13 2 4 2 3
0 0 0 0 1 6 1 0 7 2 3 0 5 -1 -1 -1 -1 -1 -1 592476 0 15 25 16 13 2 4 2 3
0 0 0 0 6 1 1 0 7 2 3 0 4 -1 -1 -1 -1 -1 -1 593243 0 15 25 16 13 2 4 2 3
0 0 0 0 6 1 1 0 7 2 3 0 4 -1 -1 -1 -1 -1 -1 594009 0 15 25 16 13 2 4 2 3
0 0 0 0 6 3 1 0 7 2 3 0 4 5 5 4 0 0 0 594776 0 15 25 16 13 2 6 2 3
0 0 0 0 1 6 1 0 7 2 3 0 5 -1 -1 -1 -1 -1 -1 595542 0 15 25 16 13 2 6 2 3
0 0 0 0 1 1 6 0 7 2 3 0 6 -1 -1 -1 -1 -1 -1 596342 0 15 25 16 13 2 6 2 3
0 0 0 0 1 6 1 0 7 2 3 0 5 -1 -1 -1 -1 -1 -1 597109 0 15 25 16 13 2 6 2 3
0 0 0 0 3 1 6 0 7 2 3 0 6 4 5 4 3 0 0 597875 0 15 25 16 13 2 8 0 3
0 0 0 0 1 6 1 0 7 2 3 0 5 -1 -1 -1 -1 -1 -1 598642 0 15 25 16 13 2 8 0 3
0 0 0 0 6 1 1 0 7 2 3 0 4 -1 -1 -1 -1 -1 -1 599408 0 15 25 16 13 2 8 0 3
0 0 0 0 6 1 1 0 7 2 3 0 4 -1 -1 -1 -1 -1 -1 600175 0 15 25 16 13 2 8 0 3
0 0 0 0 7 1 1 0 7 2 3 0 4 4 5 4 2 1 1 600941 0 15 25 16 13 2 6 2 3
0 0 0 0 1 6 1 0 7 2 3 0 5 -1 -1 -1 -1 -1 -1 601574 0 15 25 17 16 2 6 2 3
0 0 0 0 1 6 1 0 7 2 3 0 5 -1 -1 -1 -1 -1 -1 602207 0 15 25 17 16 2 6 2 3
0 0 0 0 1 6 1 0 7 2 3 0 5 -1 -1 -1 -1 -1 -1 602841 0 15 25 17 16 2 6 2 3
0 0 0 0 3 1 6 0 7 2 3 0 6 4 5 4 3 0 0 603474 0 15 25 17 16 2 6 2 3
0 0 0 0 1 6 1 0 7 2 3 0 5 -1 -1 -1 -1 -1 -1 604074 0 15 25 17 16 2 6 2 3
0 0 0 0 1 1 6 0 7 2 3 0 6 -1 -1 -1 -1 -1 -1 604707 0 15 25 17 16 2 6 2 3
0 0 0 0 1 6 1 0 7 2 3 0 5 -1 -1 -1 -1 -1 -1 605340 0 15 25 17 16 2 6 2 3
0 0 0 0 3 6 1 0 7 2 3 0 5 4 5 4 1 0 0 605973 0 15 25 17 16 2 4 2 3
0 0 0 0 1 1 6 0 7 2 3 0 6 -1 -1 -1 -1 -1 -1 606573 0 15 25 17 16 2 4 2 3
0 0 0 0 1 6 1 0 7 2 3 0 5 -1 -1 -1 -1 -1 -1 607206 0 15 25 17 16 2 4 2 3
0 0 0 0 1 6 1 0 7 2 3 0 5 -1 -1 -1 -1 -1 -1 607839 0 15 25 17 16 2 4 2 3
0 0 0 0 1 7 1 0 7 2 3 0 5 5 5 4 2 1 1 608473 0 15 25 17 16 2 4 2 3
0 0 0 0 6 1 1 0 7 2 3 0 4 -1 -1 -1 -1 -1 -1 609072 0 15 25 17 16 2 4 2 3
0 0 0 0 1 6 1 0 7 2 3 0 5 -1 -1 -1 -1 -1 -1 609706 0 15 25 17 16 2 4 2 3
0 0 0 0 1 1 6 0 7 2 3 0 6 -1 -1 -1 -1 -1 -1 610339 0 15 25 17 16 2 4 2 3
0 0 0 0 1 1 8 0 7 2 3 0 6 6 5 4 1 0 1 610972 0 15 25 17 16 2 5 2 3
0 0 0 0 1 6 1 0 7 2 3 0 5 -1 -1 -1 -1 -1 -1 611705 0 15 25 16 13 2 5 2 3
0 0 0 0 1 1 6 0 7 2 3 0 6 -1 -1 -1 -1 -1 -1 612472 0 15 25 16 13 2 5 2 3
0 0 0 0 1 1 6 0 7 2 3 0 6 -1 -1 -1 -1 -1 -1 613238 0 15 25 16 13 2 5 2 3
0 0 0 0 1 1 7 0 7 2 3 0 6 6 5 4 1 1 1 614005 0 15 25 16 13 2 4 2 3
0 0 0 0 1 6 1 0 7 2 3 0 5 -1 -1 -1 -1 -1 -1 614771 0 15 25 16 13 2 4 2 3
0 0 0 0 6 1 1 0 7 2 3 0 4 -1 -1 -1 -1 -1 -1 615537 0 15 25 16 13 2 4 2 3
0 0 0 0 6 1 1 0 7 2 3 0 4 -1 -1 -1 -1 -1 -1 616304 0 15 25 16 13 2 4 2 3
0 0 0 0 6 3 1 0 7 2 3 0 4 5 5 4 0 0 0 617070 0 15 25 16 13 2 6 2 3
0 0 0 0 1 6 1 0 7 2 3 0 5 -1 -1 -1 -1 -1 -1 617870 0 15 25 16 13 2 6 2 3
0 0 0 0 1 6 1 0 7 2 3 0 5 -1 -1 -1 -1 -1 -1 618637 0 15 25 16 13 2 6 2 3
0 0 0 0 1 6 1 0 7 2 3 0 5 -1 -1 -1 -1 -1 -1 619403 0 15 25 16 13 2 6 2 3
0 0 0 0 3 1 6 0 7 2 3 0 6 4 5 4 3 0 0 620170 0 15 25 16 13 2 8 0 3
0 0 0 0 1 6 1 0 7 2 3 0 5 -1 -1 -1 -1 -1 -1 620936 0 15 25 16 13 2 8 0 3
0 0 0 0 1 6 1 0 7 2 3 0 5 -1 -1 -1 -1 -1 -1 621703 0 15 25 16 13 2 8 0 3
0 0 0 0 1 6 1 0 7 2 3 0 5 -1 -1 -1 -1 -1 -1 622469 0 15 25 16 13 2 8 0 3
0 0 0 0 3 6 1 0 7 2 3 0 5 4 5 4 2 0 0 623236 0 15 25 16 13 2 6 2 3
0 0 0 0 1 6 1 0 7 2 3 0 5 -1 -1 -1 -1 -1 -1 624002 0 15 25 16 13 2 6 2 3
0 0 0 0 1 6 1 0 7 2 3 0 5 -1 -1 -1 -1 -1 -1 624769 0 15 25 16 13 2 6 2 3
0 0 0 0 6 1 1 0 7 2 3 0 4 -1 -1 -1 -1 -1 -1 625535 0 15 25 16 13 2 6 2 3
0 0 0 0 7 1 1 0 7 2 3 0 4 4 5 4 0 1 1 626302 0 15 25 16 13 2 6 2 3
0 0 0 0 1 6 1 0 7 2 3 0 5 -1 -1 -1 -1 -1 -1 626968 0 15 25 17 16 2 6 2 3
0 0 0 0 1 6 1 0 7 2 3 0 5 -1 -1 -1 -1 -1 -1 627568 0 15 25 17 16 2 6 2 3
0 0 0 0 1 6 1 0 7 2 3 0 5 -1 -1 -1 -1 -1 -1 628201 0 15 25 17 16 2 6 2 3
0 0 0 0 7 1 1 0 7 2 3 0 4 4 5 4 3 1 1 628834 0 15 25 17 16 2 4 2 3
0 0 0 0 1 6 1 0 7 2 3 0 5 -1 -1 -1 -1 -1 -1 577147 0 15 25 16 60 2 8 0 3
0 0 0 0 1 6 1 0 7 2 3 0 5 -1 -1 -1 -1 -1 -1 577313 0 15 25 16 60 2 8 0 3
0 0 0 0 1 6 1 0 7 2 3 0 5 -1 -1 -1 -1 -1 -1 577480 0 15 25 16 60 2 6 2 3
0 0 0 0 1 1 6 0 7 2 3 0 6 -1 -1 -1 -1 -1 -1 577647 0 15 25 16 50.6 2 6 2 3
0 0 0 0 1 1 6 0 7 2 3 0 6 -1 -1 -1 -1 -1 -1 577913 0 15 25 16 25.5333 2 6 2 3
0 0 0 0 1 6 1 0 7 2 3 0 5 -1 -1 -1 -1 -1 -1 578647 0 15 25 16 13 2 6 2 3
0 0 0 0 1 6 1 0 7 2 3 0 5 -1 -1 -1 -1 -1 -1 579413 0 15 25 16 13 2 6 2 3
0 0 0 0 1 6 1 0 7 2 3 0 5 -1 -1 -1 -1 -1 -1 580179 0 15 25 16 13 2 6 2 3
0 0 0 0 1 6 1 0 7 2 3 0 5 -1 -1 -1 -1 -1 -1 580946 0 15 25 16 13 2 6 2 3
0 0 0 0 6 1 1 0 7 2 3 0 4 -1 -1 -1 -1 -1 -1 581712 0 15 25 16 13 2 6 2 3
0 0 0 0 6 3 1 0 7 2 3 0 4 5 5 4 2 0 0 582479 0 15 25 16 13 2 4 2 3
0 0 0 0 1 6 1 0 7 2 3 0 5 -1 -1 -1 -1 -1 -1 583245 0 15 25 16 13 2 4 2 3
0 0 0 0 1 6 1 0 7 2 3 0 5 -1 -1 -1 -1 -1 -1 584012 0 15 25 16 13 2 4 2 3
0 0 0 0 6 1 1 0 7 2 3 0 4 -1 -1 -1 -1 -1 -1 584778 0 15 25 16 13 2 4 2 3
0 0 0 0 6 3 1 0 7 2 3 0 4 5 5 4 1 0 0 585545 0 15 25 16 13 2 4 2 3
0 0 0 0 1 6 1 0 7 2 3 0 5 -1 -1 -1 -1 -1 -1 586345 0 15 25 16 13 2 4 2 3
0 0 0 0 1 6 1 0 7 2 3 0 5 -1 -1 -1 -1 -1 -1 587111 0 15 25 16 13 2 4 2 3
0 0 0 0 1 1 6 0 7 2 3 0 6 -1 -1 -1 -1 -1 -1 587878 0 15 25 16 13 2 4 2 3
0 0 0 0 3 1 6 0 7 2 3 0 6 4 5 4 1 0 0 588644 0 15 25 16 13 2 5 2 3
0 0 0 0 1 6 1 0 7 2 3 0 5 -1 -1 -1 -1 -1 -1 589411 0 15 25 16 13 2 5 2 3
0 0 0 0 1 1 6 0 7 2 3 0 6 -1 -1 -1 -1 -1 -1 590177 0 15 25 16 13 2 5 2 3
0 0 0 0 1 1 6 0 7 2 3 0 6 -1 -1 -1 -1 -1 -1 590944 0 15 25 16 13 2 5 2 3
0 0 0 0 1 1 7 0 7 2 3 0 6 6 5 4 2 1 1 591710 0 15 25 16 13 2 4 2 3
0 0 0 0 1 6 1 0 7 2 3 0 5 -1 -1 -1 -1 -1 -1 592476 0 15 25 16 13 2 4 2 3
0 0 0 0 6 1 1 0 7 2 3 0 4 -1 -1 -1 -1 -1 -1 593243 0 15 25 16 13 2 4 2 3
0 0 0 0 6 1 1 0 7 2 3 0 4 -1 -1 -1 -1 -1 -1 594009 0 15 25 16 13 2 4 2 3
0 0 0 0 6 3 1 0 7 2 3 0 4 5 5 4 0 0 0 594776 0 15 25 16 13 2 6 2 3
0 0 0 0 1 6 1 0 7 2 3 0 5 -1 -1 -1 -1 -1 -1 595542 0 15 25 16 13 2 6 2 3
0 0 0 0 1 1 6 0 7 2 3 0 6 -1 -1 -1 -1 -1 -1 596342 0 15 25 16 13 2 6 2 3
0 0 0 0 1 6 1 0 7 2 3 0 5 -1 -1 -1 -1 -1 -1 597109 0 15 25 16 13 2 6 2 3
0 0 0 0 3 1 6 0 7 2 3 0 6 4 5 4 3 0 0 597875 0 15 25 16 13 2 8 0 3
0 0 0 0 1 6 1 0 7 2 3 0 5 -1 -1 -1 -1 -1 -1 598642 0 15 25 16 13 2 8 0 3
0 0 0 0 6 1 1 0 7 2 3 0 4 -1 -1 -1 -1 -1 -1 599408 0 15 25 16 13 2 8 0 3
0 0 0 0 6 1 1 0 7 2 3 0 4 -1 -1 -1 -1 -1 -1 600175 0 15 25 16 13 2 8 0 3
0 0 0 0 7 1 1 0 7 2 3 0 4 4 5 4 2 1 1 600941 0 15 25 16 13 2 6 2 3
0 0 0 0 1 6 1 0 7 2 3 0 5 -1 -1 -1 -1 -1 -1 601574 0 15 25 17 16 2 6 2 3
0 0 0 0 1 6 1 0 7 2 3 0 5 -1 -1 -1 -1 -1 -1 602207 0 15 25 17 16 2 6 2 3
0 0 0 0 1 6 1 0 7 2 3 0 5 -1 -1 -1 -1 -1 -1 602841 0 15 25 17 16 2 6 2 3
0 0 0 0 3 1 6 0 7 2 3 0 6 4 5 4 3 0 0 603474 0 15 25 17 16 2 6 2 3
0 0 0 0 1 6 1 0 7 2 3 0 5 -1 -1 -1 -1 -1 -1 604074 0 15 25 17 16 2 6 2 3
0 0 0 0 1 1 6 0 7 2 3 0 6 -1 -1 -1 -1 -1 -1 604707 0 15 25 17 16 2 6 2 3
0 0 0 0 1 6 1 0 7 2 3 0 5 -1 -1 -1 -1 -1 -1 605340 0 15 25 17 16 2 6 2 3
0 0 0 0 3 6 1 0 7 2 3 0 5 4 5 4 1 0 0 605973 0 15 25 17 16 2 4 2 3
0 0 0 0 1 1 6 0 7 2 3 0 6 -1 -1 -1 -1 -1 -1 606573 0 15 25 17 16 2 4 2 3
0 0 0 0 1 6 1 0 7 2 3 0 5 -1 -1 -1 -1 -1 -1 607206 0 15 25 17 16 2 4 2 3
0 0 0 0 1 6 1 0 7 2 3 0 5 -1 -1 -1 -1 -1 -1 607839 0 15 25 17 16 2 4 2 3
0 0 0 0 1 7 1 0 7 2 3 0 5 5 5 4 2 1 1 608473 0 15 25 17 16 2 4 2 3
0 0 0 0 6 1 1 0 7 2 3 0 4 -1 -1 -1 -1 -1 -1 609072 0 15 25 17 16 2 4 2 3
0 0 0 0 1 6 1 0 7 2 3 0 5 -1 -1 -1 -1 -1 -1 609706 0 15 25 17 16 2 4 2 3
0 0 0 0 1 1 6 0 7 2 3 0 6 -1 -1 -1 -1 -1 -1 610339 0 15 25 17 16 2 4 2 3
0 0 0 0 1 1 8 0 7 2 3 0 6 6 5 4 1 0 1 610972 0 15 25 17 16 2 5 2 3
0 0 0 0 1 6 1 0 7 2 3 0 5 -1 -1 -1 -1 -1 -1 611705 0 15 25 16 13 2 5 2 3
0 0 0 0 1 1 6 0 7 2 3 0 6 -1 -1 -1 -1 -1 -1 612472 0 15 25 16 13 2 5 2 3
0 0 0 0 1 1 6 0 7 2 3 0 6 -1 -1 -1 -1 -1 -1 613238 0 15 25 16 13 2 5 2 3
0 0 0 0 1 1 7 0 7 2 3 0 6 6 5 4 1 1 1 614005 0 15 25 16 13 2 4 2 3
0 0 0 0 1 6 1 0 7 2 3 0 5 -1 -1 -1 -1 -1 -1 614771 0 15 25 16 13 2 4 2 3
0 0 0 0 6 1 1 0 7 2 3 0 4 -1 -1 -1 -1 -1 -1 615537 0 15 25 16 13 2 4 2 3
0 0 0 0 6 1 1 0 7 2 3 0 4 -1 -1 -1 -1 -1 -1 616304 0 15 25 16 13 2 4 2 3
0 0 0 0 6 3 1 0 7 2 3 0 4 5 5 4 0 0 0 617070 0 15 25 16 13 2 6 2 3
0 0 0 0 1 6 1 0 7 2 3 0 5 -1 -1 -1 -1 -1 -1 617870 0 15 25 16 13 2 6 2 3
0 0 0 0 1 6 1 0 7 2 3 0 5 -1 -1 -1 -1 -1 -1 618637 0 15 25 16 13 2 6 2 3
0 0 0 0 1 6 1 0 7 2 3 0 5 -1 -1 -1 -1 -1 -1 619403 0 15 25 16 13 2 6 2 3
0 0 0 0 3 1 6 0 7 2 3 0 6 4 5 4 3 0 0 620170 0 15 25 16 13 2 8 0 3
0 0 0 0 1 6 1 0 7 2 3 0 5 -1 -1 -1 -1 -1 -1 620936 0 15 25 16 13 2 8 0 3
0 0 0 0 1 6 1 0 7 2 3 0 5 -1 -1 -1 -1 -1 -1 621703 0 15 25 16 13 2 8 0 3
0 0 0 0 1 6 1 0 7 2 3 0 5 -1 -1 -1 -1 -1 -1 622469 0 15 25 16 13 2 8 0 3
0 0 0 0 3 6 1 0 7 2 3 0 5 4 5 4 2 0 0 623236 0 15 25 16 13 2 6 2 3
0 0 0 0 1 6 1 0 7 2 3 0 5 -1 -1 -1 -1 -1 -1 624002 0 15 25 16 13 2 6 2 3
0 0 0 0 1 6 1 0 7 2 3 0 5 -1 -1 -1 -1 -1 -1 624769 0 15 25 16 13 2 6 2 3
0 0 0 0 6 1 1 0 7 2 3 0 4 -1 -1 -1 -1 -1 -1 625535 0 15 25 16 13 2 6 2 3
0 0 0 0 7 1 1 0 7 2 3 0 4 4 5 4 0 1 1 626302 0 15 25 16 13 2 6 2 3
0 0 0 0 1 6 1 0 7 2 3 0 5 -1 -1 -1 -1 -1 -1 626968 0 15 25 17 16 2 6 2 3
0 0 0 0 1 6 1 0 7 2 3 0 5 -1 -1 -1 -1 -1 -1 627568 0 15 25 17 16 2 6 2 3
0 0 0 0 1 6 1 0 7 2 3 0 5 -1 -1 -1 -1 -1 -1 628201 0 15 25 17 16 2 6 2 3
0 0 0 0 7 1 1 0 7 2 3 0 4 4 5 4 3 1 1 628834 0 15 25 17 16 2 4 2 3
