% Tunnel Log: 
% debug seed: 1462313231
%
% SegEncNW { '0'=no panel, '1'=panel, '4'=obstacle, '5'=collided obstacle, '6'=player, '7'=player right, '8'=player wrong, '2'=target, '3'=fake }
% SegEncN
% SegEncNE
% SegEncE
% SegEncSE
% SegEncS
% SegEncSW
% SegEncW
% Event Number { 0, inf }
% Task Type { 0=Color/Sound, 1=Shape/Sound, 2=Sound, 3=Navigation, 4=Speed, 5=Training 6=Recess, 7=Special 2-Back }
% N-Back { 0, inf }
% Navigation Level { 0, inf }
% Player Loc { 0=Northwest ... 7=West }
% Pod Loc { -1=N/A, 0=Northwest ... 7=West }
% Pod Color { -1, inf }
% Pod Shape { -1, inf }
% Pod Sound { -1, inf }
% Pod Match { -1=N/A, 0=No, 1=Yes }
% Pod Taken { -1=N/A, 0=No, 1=Yes }
% Timestamp (ms)
% Num Obstacles { 0, inf }
% Min Speed { 0, inf }
% Max Speed { 0, inf }
% Base Speed { 0, inf }
% Final Speed { 0, inf }
% Navigation Score { 0, inf }
% Segment Direction { 0=Northwest ... 7=West }
% Segment Angle { 0, inf }
% Segment Panels { 0, inf }
%
% SegEncNW SecEncN SegEncNE SegEncE SegEncSE SegEncS SegEncSW SegEncW EventNumber TaskType N-Back Navigation PlayerLoc PodLoc PodColor PodShape PodSound PodMatch PodTaken Timestamp NumObs MinSpeed MaxSpeed BaseSpeed FinalSpeed NavScore SegmentDir SegmentAngle SegmentPanels
0 0 0 0 1 6 1 0 0 3 1 0 5 -1 -1 -1 -1 -1 -1 8233 0 15 40 20 60 2 8 0 3
0 0 0 0 1 6 1 0 0 3 1 0 5 -1 -1 -1 -1 -1 -1 8399 0 15 40 20 60 2 8 0 3
0 0 0 0 1 6 1 0 0 3 1 0 5 -1 -1 -1 -1 -1 -1 8566 0 15 40 20 60 2 6 2 3
0 0 0 0 1 1 6 0 0 3 1 0 6 -1 -1 -1 -1 -1 -1 8733 0 15 40 20 52.4 2 6 2 3
0 0 0 0 1 6 1 0 0 3 1 0 5 -1 -1 -1 -1 -1 -1 8966 0 15 40 20 34.6666 2 6 2 3
0 0 0 0 1 1 6 0 0 3 1 0 6 -1 -1 -1 -1 -1 -1 9366 0 15 40 20 22 2 6 2 3
0 0 0 0 1 6 1 0 0 3 1 0 5 -1 -1 -1 -1 -1 -1 9833 0 15 40 20 22 2 4 2 3
0 0 0 0 6 1 1 0 0 3 1 0 4 -1 -1 -1 -1 -1 -1 10300 0 15 40 20 22 2 4 2 3
0 0 0 0 1 1 6 0 0 3 1 0 6 -1 -1 -1 -1 -1 -1 10733 0 15 40 20 22 2 4 2 3
0 0 0 0 1 1 6 0 0 3 1 0 6 -1 -1 -1 -1 -1 -1 11200 0 15 40 20 22 2 4 2 3
0 0 0 0 1 1 7 0 0 3 1 0 6 6 5 4 4 1 1 11666 0 15 40 20 22 2 5 2 3
0 0 0 0 1 6 1 0 0 3 1 0 5 -1 -1 -1 -1 -1 -1 12100 0 15 40 20 22 2 5 2 3
0 0 0 0 6 1 1 0 0 3 1 0 4 -1 -1 -1 -1 -1 -1 12566 0 15 40 20 22 2 5 2 3
0 0 0 0 6 1 1 0 0 3 1 0 4 -1 -1 -1 -1 -1 -1 13033 0 15 40 20 22 2 5 2 3
0 0 0 0 7 1 1 0 0 3 1 0 4 4 5 4 4 1 1 13466 0 15 40 20 22 2 4 2 3
0 0 0 0 6 1 1 0 0 3 1 0 4 -1 -1 -1 -1 -1 -1 13900 0 15 40 21 23 2 4 2 3
0 0 0 0 6 1 1 0 0 3 1 0 4 -1 -1 -1 -1 -1 -1 14333 0 15 40 21 23 2 4 2 3
0 0 0 0 6 1 1 0 0 3 1 0 4 -1 -1 -1 -1 -1 -1 14766 0 15 40 21 23 2 4 2 3
0 0 0 0 7 1 1 0 0 3 1 0 4 4 5 4 4 1 1 15200 0 15 40 21 23 2 6 2 3
0 0 0 0 1 6 1 0 0 3 1 0 5 -1 -1 -1 -1 -1 -1 15633 0 15 40 21 23 2 6 2 3
0 0 0 0 1 1 6 0 0 3 1 0 6 -1 -1 -1 -1 -1 -1 16100 0 15 40 21 23 2 6 2 3
0 0 0 0 1 6 1 0 0 3 1 0 5 -1 -1 -1 -1 -1 -1 16533 0 15 40 21 23 2 6 2 3
0 0 0 0 1 7 1 0 0 3 1 0 5 5 5 4 4 1 1 16966 0 15 40 21 23 2 6 2 3
0 0 0 0 1 1 6 0 0 3 1 0 6 -1 -1 -1 -1 -1 -1 17366 0 15 40 22 24 2 6 2 3
0 0 0 0 1 1 6 0 0 3 1 0 6 -1 -1 -1 -1 -1 -1 17800 0 15 40 22 24 2 6 2 3
0 0 0 0 1 1 6 0 0 3 1 0 6 -1 -1 -1 -1 -1 -1 18200 0 15 40 22 24 2 6 2 3
0 0 0 0 1 1 7 0 0 3 1 0 6 6 5 4 4 1 1 18633 0 15 40 22 24 2 6 2 3
0 0 0 0 1 6 1 0 0 3 1 0 5 -1 -1 -1 -1 -1 -1 19033 0 15 40 22 24 2 6 2 3
0 0 0 0 1 1 6 0 0 3 1 0 6 -1 -1 -1 -1 -1 -1 19466 0 15 40 22 24 2 6 2 3
0 0 0 0 1 1 6 0 0 3 1 0 6 -1 -1 -1 -1 -1 -1 19866 0 15 40 22 24 2 6 2 3
0 0 0 1 1 1 7 1 0 3 1 0 6 6 5 4 4 1 1 20300 0 15 40 22 24 2 8 0 5
0 0 0 1 6 1 1 1 0 3 1 1 4 -1 -1 -1 -1 -1 -1 20700 0 15 40 23 25 2 8 0 5
0 0 0 6 1 1 1 1 0 3 1 1 3 -1 -1 -1 -1 -1 -1 21100 0 15 40 23 25 2 8 0 5
0 0 0 1 6 1 1 1 0 3 1 1 4 -1 -1 -1 -1 -1 -1 21500 0 15 40 23 25 2 8 0 5
0 0 0 1 7 1 1 1 0 3 1 1 4 4 5 4 4 1 1 21900 0 15 40 23 25 2 6 2 5
0 0 0 1 1 6 1 1 0 3 1 1 5 -1 -1 -1 -1 -1 -1 22300 0 15 40 23 25 2 6 2 5
0 0 0 1 1 1 6 1 0 3 1 1 6 -1 -1 -1 -1 -1 -1 22699 0 15 40 23 25 2 6 2 5
0 0 0 1 1 1 6 1 0 3 1 1 6 -1 -1 -1 -1 -1 -1 23099 0 15 40 23 25 2 6 2 5
0 0 0 1 1 1 7 1 0 3 1 1 6 6 5 4 4 1 1 23499 0 15 40 23 25 2 4 2 5
0 0 0 1 1 6 1 1 0 3 1 1 5 -1 -1 -1 -1 -1 -1 23899 0 15 40 24 25.5 2 4 2 5
0 0 0 1 1 6 1 1 0 3 1 1 5 -1 -1 -1 -1 -1 -1 24266 0 15 40 24 25.5 2 4 2 5
0 0 0 1 1 6 1 1 0 3 1 1 5 -1 -1 -1 -1 -1 -1 24666 0 15 40 24 25.5 2 4 2 5
0 0 0 1 1 7 1 1 0 3 1 1 5 5 5 4 4 1 1 25066 0 15 40 24 25.5 2 5 2 5
0 0 0 1 1 1 6 1 0 3 1 1 6 -1 -1 -1 -1 -1 -1 25466 0 15 40 24 25.5 2 5 2 5
0 0 0 1 1 6 1 1 0 3 1 1 5 -1 -1 -1 -1 -1 -1 25833 0 15 40 24 25.5 2 5 2 5
0 0 0 1 1 6 1 1 0 3 1 1 5 -1 -1 -1 -1 -1 -1 26233 0 15 40 24 25.5 2 5 2 5
0 0 0 1 1 7 1 1 0 3 1 1 5 5 5 4 4 1 1 26633 0 15 40 24 25.5 2 4 2 5
0 0 0 1 1 1 6 1 0 3 1 1 6 -1 -1 -1 -1 -1 -1 27033 0 15 40 25 26 2 4 2 5
0 0 0 1 6 1 1 1 0 3 1 1 4 -1 -1 -1 -1 -1 -1 27399 0 15 40 25 26 2 4 2 5
0 0 0 1 6 1 1 1 0 3 1 1 4 -1 -1 -1 -1 -1 -1 27799 0 15 40 25 26 2 4 2 5
0 0 0 1 7 1 1 1 0 3 1 1 4 4 5 4 4 1 1 28166 0 15 40 25 26 2 6 2 5
0 0 0 1 1 6 1 1 0 3 1 1 5 -1 -1 -1 -1 -1 -1 28566 0 15 40 25 26 2 6 2 5
0 0 0 1 6 1 1 1 0 3 1 1 4 -1 -1 -1 -1 -1 -1 28933 0 15 40 25 26 2 6 2 5
0 0 0 1 6 1 1 1 0 3 1 1 4 -1 -1 -1 -1 -1 -1 29333 0 15 40 25 26 2 6 2 5
0 0 0 1 7 1 1 1 0 3 1 1 4 4 5 4 4 1 1 29699 0 15 40 25 26 2 6 2 5
0 0 0 1 6 1 1 1 0 3 1 1 4 -1 -1 -1 -1 -1 -1 30099 0 15 40 26 26.5 2 6 2 5
0 0 0 6 1 1 1 1 0 3 1 1 3 -1 -1 -1 -1 -1 -1 30466 0 15 40 26 26.5 2 6 2 5
0 0 0 6 1 1 1 1 0 3 1 1 3 -1 -1 -1 -1 -1 -1 30833 0 15 40 26 26.5 2 6 2 5
0 0 0 7 1 1 1 1 0 3 1 1 3 3 5 4 4 1 1 31233 0 15 40 26 26.5 2 6 2 5
0 0 0 1 6 1 1 1 0 3 1 1 4 -1 -1 -1 -1 -1 -1 31599 0 15 40 26 26.5 2 6 2 5
0 0 0 1 6 1 1 1 0 3 1 1 4 -1 -1 -1 -1 -1 -1 31966 0 15 40 26 26.5 2 6 2 5
0 0 0 1 6 1 1 1 0 3 1 1 4 -1 -1 -1 -1 -1 -1 32366 0 15 40 26 26.5 2 6 2 5
0 0 0 1 7 1 1 1 0 3 1 1 4 4 5 4 4 1 1 32733 0 15 40 26 26.5 2 8 0 5
0 0 0 1 1 6 1 1 0 3 1 2 5 -1 -1 -1 -1 -1 -1 33099 0 15 40 27 27 2 8 0 5
0 0 0 1 6 1 1 1 0 3 1 2 4 -1 -1 -1 -1 -1 -1 33466 0 15 40 27 27 2 8 0 5
0 0 0 1 6 1 1 1 0 3 1 2 4 -1 -1 -1 -1 -1 -1 33833 0 15 40 27 27 2 8 0 5
0 0 0 1 7 1 1 1 0 3 1 2 4 4 5 4 4 1 1 34199 0 15 40 27 27 2 6 2 5
0 0 0 1 1 6 1 1 0 3 1 2 5 -1 -1 -1 -1 -1 -1 34566 0 15 40 27 27 2 6 2 5
0 0 0 1 4 6 1 1 0 3 1 2 5 -1 -1 -1 -1 -1 -1 34966 1 15 40 27 27 2 6 2 5
0 0 0 6 1 1 1 1 0 3 1 2 3 -1 -1 -1 -1 -1 -1 35333 0 15 40 27 27 2 6 2 5
0 0 0 7 1 1 1 1 0 3 1 2 3 3 5 4 4 1 1 35699 0 15 40 27 27 2 4 2 5
0 0 0 1 6 1 1 1 0 3 1 2 4 -1 -1 -1 -1 -1 -1 36066 0 15 40 28 27.5 2 4 2 5
0 0 0 6 1 1 1 4 0 3 1 2 3 -1 -1 -1 -1 -1 -1 36433 1 15 40 28 27.5 2 4 2 5
0 0 0 6 1 1 1 1 0 3 1 2 3 -1 -1 -1 -1 -1 -1 36799 0 15 40 28 27.5 2 4 2 5
0 0 0 7 1 1 1 1 0 3 1 2 3 3 5 4 4 1 1 37133 0 15 40 28 27.5 2 5 2 5
0 0 0 1 6 1 1 1 0 3 1 2 4 -1 -1 -1 -1 -1 -1 37499 0 15 40 28 27.5 2 5 2 5
0 0 0 1 1 6 1 4 0 3 1 2 5 -1 -1 -1 -1 -1 -1 37866 1 15 40 28 27.5 2 5 2 5
0 0 0 1 1 6 1 1 0 3 1 2 5 -1 -1 -1 -1 -1 -1 38233 0 15 40 28 27.5 2 5 2 5
0 0 0 1 1 7 1 1 0 3 1 2 5 5 5 4 4 1 1 38599 0 15 40 28 27.5 2 4 2 5
0 0 0 1 1 1 6 1 0 3 1 2 6 -1 -1 -1 -1 -1 -1 38966 0 15 40 29 28 2 4 2 5
0 0 0 1 4 6 1 1 0 3 1 2 5 -1 -1 -1 -1 -1 -1 39333 1 15 40 29 28 2 4 2 5
0 0 0 1 6 1 1 1 0 3 1 2 4 -1 -1 -1 -1 -1 -1 39666 0 15 40 29 28 2 4 2 5
0 0 0 1 7 1 1 1 0 3 1 2 4 4 5 4 4 1 1 40033 0 15 40 29 28 2 6 2 5
0 0 0 1 6 1 1 1 0 3 1 2 4 -1 -1 -1 -1 -1 -1 40399 0 15 40 29 28 2 6 2 5
0 0 0 1 6 1 4 1 0 3 1 2 4 -1 -1 -1 -1 -1 -1 40733 1 15 40 29 28 2 6 2 5
0 0 0 1 1 1 6 1 0 3 1 2 6 -1 -1 -1 -1 -1 -1 41099 0 15 40 29 28 2 6 2 5
0 0 0 1 1 1 7 1 0 3 1 2 6 6 5 4 4 1 1 41466 0 15 40 29 28 2 6 2 5
0 0 0 1 1 1 6 1 0 3 1 2 6 -1 -1 -1 -1 -1 -1 41799 0 15 40 30 28.5 2 6 2 5
0 0 0 1 4 1 6 1 0 3 1 2 6 -1 -1 -1 -1 -1 -1 42166 1 15 40 30 28.5 2 6 2 5
0 0 0 1 1 1 6 1 0 3 1 2 6 -1 -1 -1 -1 -1 -1 42499 0 15 40 30 28.5 2 6 2 5
0 0 0 1 1 1 7 1 0 3 1 2 6 6 5 4 4 1 1 42866 0 15 40 30 28.5 2 6 2 5
0 0 0 1 1 6 1 1 0 3 1 2 5 -1 -1 -1 -1 -1 -1 43233 0 15 40 30 28.5 2 6 2 5
0 0 0 1 6 1 1 4 0 3 1 2 4 -1 -1 -1 -1 -1 -1 43566 1 15 40 30 28.5 2 6 2 5
0 0 0 1 6 1 1 1 0 3 1 2 4 -1 -1 -1 -1 -1 -1 43933 0 15 40 30 28.5 2 6 2 5
0 0 0 1 7 1 1 1 0 3 1 2 4 4 5 4 4 1 1 44266 0 15 40 30 28.5 2 8 0 5
0 0 0 1 1 6 1 1 0 3 1 2 5 -1 -1 -1 -1 -1 -1 44599 0 15 40 31 29 2 8 0 5
0 0 0 1 4 6 1 1 0 3 1 2 5 -1 -1 -1 -1 -1 -1 44966 1 15 40 31 29 2 8 0 5
0 0 0 1 1 6 1 1 0 3 1 2 5 -1 -1 -1 -1 -1 -1 45299 0 15 40 31 29 2 8 0 5
0 0 0 1 1 7 1 1 0 3 1 2 5 5 5 4 4 1 1 45632 0 15 40 31 29 2 6 2 5
0 0 0 1 6 1 1 1 0 3 1 2 4 -1 -1 -1 -1 -1 -1 45999 0 15 40 31 29 2 6 2 5
0 0 0 1 6 4 1 1 0 3 1 2 4 -1 -1 -1 -1 -1 -1 46332 1 15 40 31 29 2 6 2 5
0 0 0 1 1 6 1 1 0 3 1 2 5 -1 -1 -1 -1 -1 -1 46699 0 15 40 31 29 2 6 2 5
0 0 0 1 1 7 1 1 0 3 1 2 5 5 5 4 4 1 1 47032 0 15 40 31 29 2 4 2 5
0 0 0 1 1 6 1 1 0 3 1 2 5 -1 -1 -1 -1 -1 -1 47366 0 15 40 32 29.5 2 4 2 5
0 0 0 6 1 1 1 4 0 3 1 2 3 -1 -1 -1 -1 -1 -1 47699 1 15 40 32 29.5 2 4 2 5
0 0 0 6 1 1 1 1 0 3 1 2 3 -1 -1 -1 -1 -1 -1 48032 0 15 40 32 29.5 2 4 2 5
0 0 0 7 1 1 1 1 0 3 1 2 3 3 5 4 4 1 1 48399 0 15 40 32 29.5 2 5 2 5
0 0 0 1 6 1 1 1 0 3 1 2 4 -1 -1 -1 -1 -1 -1 48732 0 15 40 32 29.5 2 5 2 5
0 0 0 4 1 6 1 1 0 3 1 2 5 -1 -1 -1 -1 -1 -1 49066 1 15 40 32 29.5 2 5 2 5
0 0 0 1 6 1 1 1 0 3 1 2 4 -1 -1 -1 -1 -1 -1 49399 0 15 40 32 29.5 2 5 2 5
0 0 0 1 7 1 1 1 0 3 1 2 4 4 5 4 4 1 1 49732 0 15 40 32 29.5 2 4 2 5
0 0 0 1 1 6 1 1 0 3 1 2 5 -1 -1 -1 -1 -1 -1 50066 0 15 40 33 30 2 4 2 5
0 0 0 1 6 1 1 4 0 3 1 2 4 -1 -1 -1 -1 -1 -1 50399 1 15 40 33 30 2 4 2 5
0 0 0 1 6 1 1 1 0 3 1 2 4 -1 -1 -1 -1 -1 -1 50732 0 15 40 33 30 2 4 2 5
0 0 0 1 7 1 1 1 0 3 1 2 4 4 5 4 4 1 1 51066 0 15 40 33 30 2 6 2 5
0 0 0 1 1 6 1 1 0 3 1 2 5 -1 -1 -1 -1 -1 -1 51399 0 15 40 33 30 2 6 2 5
0 0 0 4 1 6 1 1 0 3 1 2 5 -1 -1 -1 -1 -1 -1 51732 1 15 40 33 30 2 6 2 5
0 0 0 1 6 1 1 1 0 3 1 2 4 -1 -1 -1 -1 -1 -1 52066 0 15 40 33 30 2 6 2 5
0 0 0 1 7 1 1 1 0 3 1 2 4 4 5 4 4 1 1 52399 0 15 40 33 30 2 6 2 5
0 0 0 1 1 6 1 1 0 3 1 2 5 -1 -1 -1 -1 -1 -1 52732 0 15 40 34 30.5 2 6 2 5
0 0 0 4 1 6 1 1 0 3 1 2 5 -1 -1 -1 -1 -1 -1 53066 1 15 40 34 30.5 2 6 2 5
0 0 0 1 1 6 1 1 0 3 1 2 5 -1 -1 -1 -1 -1 -1 53399 0 15 40 34 30.5 2 6 2 5
0 0 0 1 1 7 1 1 0 3 1 2 5 5 5 4 4 1 1 53732 0 15 40 34 30.5 2 6 2 5
0 0 0 1 1 1 6 1 0 3 1 2 6 -1 -1 -1 -1 -1 -1 54032 0 15 40 34 30.5 2 6 2 5
0 0 0 1 1 4 6 1 0 3 1 2 6 -1 -1 -1 -1 -1 -1 54366 1 15 40 34 30.5 2 6 2 5
0 0 0 1 1 6 1 1 0 3 1 2 5 -1 -1 -1 -1 -1 -1 54699 0 15 40 34 30.5 2 6 2 5
0 0 0 7 1 1 1 1 0 3 1 2 3 3 5 4 4 1 1 55032 0 15 40 34 30.5 2 8 0 5
0 0 0 1 6 1 1 1 0 3 1 2 4 -1 -1 -1 -1 -1 -1 55366 0 15 40 35 31 2 8 0 5
0 0 0 4 6 1 1 1 0 3 1 2 4 -1 -1 -1 -1 -1 -1 55666 1 15 40 35 31 2 8 0 5
0 0 0 6 1 1 1 1 0 3 1 2 3 -1 -1 -1 -1 -1 -1 55999 0 15 40 35 31 2 8 0 5
0 0 0 7 1 1 1 1 0 3 1 2 3 3 5 4 4 1 1 56332 0 15 40 35 31 2 6 2 5
0 0 0 1 6 1 1 1 0 3 1 2 4 -1 -1 -1 -1 -1 -1 56632 0 15 40 35 31 2 6 2 5
0 0 0 4 1 6 1 1 0 3 1 2 5 -1 -1 -1 -1 -1 -1 56966 1 15 40 35 31 2 6 2 5
0 0 0 1 1 6 1 1 0 3 1 2 5 -1 -1 -1 -1 -1 -1 57299 0 15 40 35 31 2 6 2 5
0 0 0 1 1 7 1 1 0 3 1 2 5 5 5 4 4 1 1 57599 0 15 40 35 31 2 4 2 5
0 0 0 1 1 6 1 1 0 3 1 2 5 -1 -1 -1 -1 -1 -1 57932 0 15 40 36 31.5 2 4 2 5
0 0 0 4 6 1 1 1 0 3 1 2 4 -1 -1 -1 -1 -1 -1 58232 1 15 40 36 31.5 2 4 2 5
0 0 0 6 1 1 1 1 0 3 1 2 3 -1 -1 -1 -1 -1 -1 58566 0 15 40 36 31.5 2 4 2 5
0 0 0 7 1 1 1 1 0 3 1 2 3 3 5 4 4 1 1 58899 0 15 40 36 31.5 2 5 2 5
0 0 0 1 6 1 1 1 0 3 1 2 4 -1 -1 -1 -1 -1 -1 59199 0 15 40 36 31.5 2 5 2 5
0 0 0 6 1 1 1 4 0 3 1 2 3 -1 -1 -1 -1 -1 -1 59532 1 15 40 36 31.5 2 5 2 5
0 0 0 6 1 1 1 1 0 3 1 2 3 -1 -1 -1 -1 -1 -1 59832 0 15 40 36 31.5 2 5 2 5
0 0 0 7 1 1 1 1 0 3 1 2 3 3 5 4 4 1 1 60166 0 15 40 36 31.5 2 4 2 5
0 0 0 1 1 6 1 1 0 3 1 2 5 -1 -1 -1 -1 -1 -1 60466 0 15 40 37 32 2 4 2 5
0 0 0 4 1 6 1 1 0 3 1 2 5 -1 -1 -1 -1 -1 -1 60766 1 15 40 37 32 2 4 2 5
0 0 0 6 1 1 1 1 0 3 1 2 3 -1 -1 -1 -1 -1 -1 61099 0 15 40 37 32 2 4 2 5
0 0 0 7 1 1 1 1 0 3 1 2 3 3 5 4 4 1 1 61399 0 15 40 37 32 2 6 2 5
0 0 0 6 1 1 1 1 0 3 1 2 3 -1 -1 -1 -1 -1 -1 61699 0 15 40 37 32 2 6 2 5
0 0 0 1 6 1 4 1 0 3 1 2 4 -1 -1 -1 -1 -1 -1 62032 1 15 40 37 32 2 6 2 5
0 0 0 1 6 1 1 1 0 3 1 2 4 -1 -1 -1 -1 -1 -1 62332 0 15 40 37 32 2 6 2 5
0 0 0 1 7 1 1 1 0 3 1 2 4 4 5 4 4 1 1 62666 0 15 40 37 32 2 6 2 5
0 0 0 1 1 6 1 1 0 3 1 2 5 -1 -1 -1 -1 -1 -1 62966 0 15 40 38 32.5 2 6 2 5
0 0 0 1 1 6 1 4 0 3 1 2 5 -1 -1 -1 -1 -1 -1 63266 1 15 40 38 32.5 2 6 2 5
0 0 0 1 1 6 1 1 0 3 1 2 5 -1 -1 -1 -1 -1 -1 63566 0 15 40 38 32.5 2 6 2 5
0 0 0 1 1 7 1 1 0 3 1 2 5 5 5 4 4 1 1 63899 0 15 40 38 32.5 2 6 2 5
0 0 0 1 1 1 6 1 0 3 1 2 6 -1 -1 -1 -1 -1 -1 64199 0 15 40 38 32.5 2 6 2 5
0 0 0 1 1 4 1 6 0 3 1 2 7 -1 -1 -1 -1 -1 -1 64499 1 15 40 38 32.5 2 6 2 5
0 0 0 1 1 1 1 6 0 3 1 2 7 -1 -1 -1 -1 -1 -1 64799 0 15 40 38 32.5 2 6 2 5
0 0 0 1 1 1 1 7 0 3 1 2 7 7 5 4 4 1 1 65099 0 15 40 38 32.5 2 8 0 5
0 0 0 1 1 1 6 1 0 3 1 2 6 -1 -1 -1 -1 -1 -1 65432 0 15 40 39 33 2 8 0 5
0 0 0 1 4 6 1 1 0 3 1 2 5 -1 -1 -1 -1 -1 -1 65732 1 15 40 39 33 2 8 0 5
0 0 0 1 1 6 1 1 0 3 1 2 5 -1 -1 -1 -1 -1 -1 66032 0 15 40 39 33 2 8 0 5
0 0 0 1 1 7 1 1 0 3 1 2 5 5 5 4 4 1 1 66332 0 15 40 39 33 2 6 2 5
0 0 0 1 1 6 1 1 0 3 1 2 5 -1 -1 -1 -1 -1 -1 66632 0 15 40 39 33 2 6 2 5
0 0 0 1 4 1 6 1 0 3 1 2 6 -1 -1 -1 -1 -1 -1 66932 1 15 40 39 33 2 6 2 5
0 0 0 1 6 1 1 1 0 3 1 2 4 -1 -1 -1 -1 -1 -1 67232 0 15 40 39 33 2 6 2 5
0 0 0 1 7 1 1 1 0 3 1 2 4 4 5 4 4 1 1 67532 0 15 40 39 33 2 4 2 5
0 0 0 1 1 6 1 1 0 3 1 2 5 -1 -1 -1 -1 -1 -1 67832 0 15 40 40 34 2 4 2 5
0 0 0 0 1 6 1 0 1 4 1 0 5 -1 -1 -1 -1 -1 -1 74132 0 15 40 20 60 2 8 0 3
0 0 0 0 1 6 1 0 1 4 1 0 5 -1 -1 -1 -1 -1 -1 74299 0 15 40 20 60 2 8 0 3
0 0 0 0 1 6 1 0 1 4 1 0 5 -1 -1 -1 -1 -1 -1 74465 0 15 40 20 60 2 5 2 3
0 0 0 0 1 6 1 0 1 4 1 0 5 -1 -1 -1 -1 -1 -1 74632 0 15 40 20 52.4 2 5 2 3
0 0 0 0 1 6 1 0 1 4 1 0 5 -1 -1 -1 -1 -1 -1 74865 0 15 40 20 34.6666 2 5 2 3
0 0 0 0 1 6 1 0 1 4 1 0 5 -1 -1 -1 -1 -1 -1 75265 0 15 40 20 22 2 5 2 3
0 0 0 0 1 6 1 0 1 4 1 0 5 -1 -1 -1 -1 -1 -1 75732 0 15 40 20 22 2 4 2 3
0 0 0 0 1 1 6 0 1 4 1 0 6 -1 -1 -1 -1 -1 -1 76199 0 15 40 20 22 2 4 2 3
0 0 0 0 1 6 1 0 1 4 1 0 5 -1 -1 -1 -1 -1 -1 76632 0 15 40 20 22 2 4 2 3
0 0 0 0 1 6 1 0 1 4 1 0 5 -1 -1 -1 -1 -1 -1 77099 0 15 40 20 22 2 4 2 3
0 0 0 0 1 6 3 0 1 4 1 0 5 6 2 5 0 0 0 77565 0 15 40 20 22 2 5 2 3
0 0 0 0 1 1 6 0 1 4 1 0 6 -1 -1 -1 -1 -1 -1 77999 0 15 40 20 22 2 5 2 3
0 0 0 0 1 6 1 0 1 4 1 0 5 -1 -1 -1 -1 -1 -1 78465 0 15 40 20 22 2 5 2 3
0 0 0 0 1 6 1 0 1 4 1 0 5 -1 -1 -1 -1 -1 -1 78932 0 15 40 20 22 2 5 2 3
0 0 0 0 3 1 6 0 1 4 1 0 6 4 1 7 2 0 0 79365 0 15 40 20 22 2 5 2 3
0 0 0 0 1 1 6 0 1 4 1 0 6 -1 -1 -1 -1 -1 -1 79832 0 15 40 20 22 2 5 2 3
0 0 0 0 1 1 6 0 1 4 1 0 6 -1 -1 -1 -1 -1 -1 80265 0 15 40 20 22 2 5 2 3
0 0 0 0 1 1 6 0 1 4 1 0 6 -1 -1 -1 -1 -1 -1 80732 0 15 40 20 22 2 5 2 3
0 0 0 0 1 1 7 0 1 4 1 0 6 6 1 7 2 1 1 81199 0 15 40 20 22 2 6 2 3
0 0 0 0 1 6 1 0 1 4 1 0 5 -1 -1 -1 -1 -1 -1 81632 0 15 40 20 22 2 6 2 3
0 0 0 0 1 6 1 0 1 4 1 0 5 -1 -1 -1 -1 -1 -1 82099 0 15 40 20 22 2 6 2 3
0 0 0 0 1 1 6 0 1 4 1 0 6 -1 -1 -1 -1 -1 -1 82565 0 15 40 20 22 2 6 2 3
0 0 0 0 1 3 6 0 1 4 1 0 6 5 0 6 1 0 0 82999 0 15 40 20 22 2 5 2 3
0 0 0 0 1 1 6 0 1 4 1 0 6 -1 -1 -1 -1 -1 -1 83465 0 15 40 20 22 2 5 2 3
0 0 0 0 1 6 1 0 1 4 1 0 5 -1 -1 -1 -1 -1 -1 83932 0 15 40 20 22 2 5 2 3
0 0 0 0 1 1 6 0 1 4 1 0 6 -1 -1 -1 -1 -1 -1 84365 0 15 40 20 22 2 5 2 3
0 0 0 0 3 6 1 0 1 4 1 0 5 4 1 7 2 0 0 84832 0 15 40 20 22 2 4 2 3
0 0 0 0 1 6 1 0 1 4 1 0 5 -1 -1 -1 -1 -1 -1 85265 0 15 40 20 22 2 4 2 3
0 0 0 0 1 1 6 0 1 4 1 0 6 -1 -1 -1 -1 -1 -1 85732 0 15 40 20 22 2 4 2 3
0 0 0 0 1 1 6 0 1 4 1 0 6 -1 -1 -1 -1 -1 -1 86199 0 15 40 20 22 2 4 2 3
0 0 0 1 1 1 7 1 1 4 1 0 6 6 1 7 2 1 1 86632 0 15 40 20 22 2 8 0 5
0 0 0 1 1 6 1 1 1 4 1 1 5 -1 -1 -1 -1 -1 -1 87065 0 15 40 21 23 2 8 0 5
0 0 0 1 1 6 1 1 1 4 1 1 5 -1 -1 -1 -1 -1 -1 87532 0 15 40 21 23 2 8 0 5
0 0 0 1 6 1 1 1 1 4 1 1 4 -1 -1 -1 -1 -1 -1 87965 0 15 40 21 23 2 8 0 5
0 0 0 1 6 1 3 1 1 4 1 1 4 6 3 8 3 0 0 88398 0 15 40 21 23 2 5 2 5
0 0 0 1 6 1 1 1 1 4 1 1 4 -1 -1 -1 -1 -1 -1 88832 0 15 40 21 23 2 5 2 5
0 0 0 1 6 1 1 1 1 4 1 1 4 -1 -1 -1 -1 -1 -1 89265 0 15 40 21 23 2 5 2 5
0 0 0 1 6 1 1 1 1 4 1 1 4 -1 -1 -1 -1 -1 -1 89698 0 15 40 21 23 2 5 2 5
0 0 0 1 6 3 1 1 1 4 1 1 4 5 2 5 0 0 0 90132 0 15 40 21 23 2 4 2 5
0 0 0 1 6 1 1 1 1 4 1 1 4 -1 -1 -1 -1 -1 -1 90565 0 15 40 21 23 2 4 2 5
0 0 0 1 6 1 1 1 1 4 1 1 4 -1 -1 -1 -1 -1 -1 90998 0 15 40 21 23 2 4 2 5
0 0 0 1 6 1 1 1 1 4 1 1 4 -1 -1 -1 -1 -1 -1 91432 0 15 40 21 23 2 4 2 5
0 0 0 1 6 1 3 1 1 4 1 1 4 6 0 6 1 0 0 91865 0 15 40 21 23 2 5 2 5
0 0 0 1 1 6 1 1 1 4 1 1 5 -1 -1 -1 -1 -1 -1 92298 0 15 40 21 23 2 5 2 5
0 0 0 1 1 6 1 1 1 4 1 1 5 -1 -1 -1 -1 -1 -1 92732 0 15 40 21 23 2 5 2 5
0 0 0 1 1 6 1 1 1 4 1 1 5 -1 -1 -1 -1 -1 -1 93165 0 15 40 21 23 2 5 2 5
0 0 0 1 1 6 1 3 1 4 1 1 5 7 2 5 0 0 0 93598 0 15 40 21 23 2 5 2 5
0 0 0 1 1 6 1 1 1 4 1 1 5 -1 -1 -1 -1 -1 -1 94032 0 15 40 21 23 2 5 2 5
0 0 0 1 1 6 1 1 1 4 1 1 5 -1 -1 -1 -1 -1 -1 94465 0 15 40 21 23 2 5 2 5
0 0 0 1 1 6 1 1 1 4 1 1 5 -1 -1 -1 -1 -1 -1 94898 0 15 40 21 23 2 5 2 5
0 0 0 1 1 7 1 1 1 4 1 1 5 5 2 5 0 1 1 95332 0 15 40 21 23 2 6 2 5
0 0 0 1 1 1 6 1 1 4 1 1 6 -1 -1 -1 -1 -1 -1 95765 0 15 40 21 23 2 6 2 5
0 0 0 1 6 1 1 1 1 4 1 1 4 -1 -1 -1 -1 -1 -1 96198 0 15 40 21 23 2 6 2 5
0 0 0 6 1 1 1 1 1 4 1 1 3 -1 -1 -1 -1 -1 -1 96632 0 15 40 21 23 2 6 2 5
0 0 0 7 1 1 1 1 1 4 1 1 3 3 2 5 0 1 1 97065 0 15 40 21 23 2 5 2 5
0 0 0 1 6 1 1 1 1 4 1 1 4 -1 -1 -1 -1 -1 -1 97498 0 15 40 22 24 2 5 2 5
0 0 0 1 6 1 1 1 1 4 1 1 4 -1 -1 -1 -1 -1 -1 97898 0 15 40 22 24 2 5 2 5
0 0 0 6 1 1 1 1 1 4 1 1 3 -1 -1 -1 -1 -1 -1 98332 0 15 40 22 24 2 5 2 5
0 0 0 7 1 1 1 1 1 4 1 1 3 3 2 5 0 1 1 98732 0 15 40 22 24 2 4 2 5
0 0 0 6 1 1 1 1 1 4 1 1 3 -1 -1 -1 -1 -1 -1 99165 0 15 40 22 24 2 4 2 5
0 0 0 1 1 6 1 1 1 4 1 1 5 -1 -1 -1 -1 -1 -1 99565 0 15 40 22 24 2 4 2 5
0 0 0 1 1 1 6 1 1 4 1 1 6 -1 -1 -1 -1 -1 -1 99998 0 15 40 22 24 2 4 2 5
0 0 0 1 3 6 1 1 1 4 1 1 5 4 0 6 1 0 0 100398 0 15 40 22 24 2 8 0 5
0 0 0 1 1 1 6 1 1 4 1 2 6 -1 -1 -1 -1 -1 -1 100832 0 15 40 22 24 2 8 0 5
0 0 0 1 1 6 1 1 1 4 1 2 5 -1 -1 -1 -1 -1 -1 101232 0 15 40 22 24 2 8 0 5
0 0 0 1 1 6 1 1 1 4 1 2 5 -1 -1 -1 -1 -1 -1 101665 0 15 40 22 24 2 8 0 5
0 0 0 3 1 6 1 1 1 4 1 2 5 3 1 7 2 0 0 102065 0 15 40 22 24 2 5 2 5
0 0 0 1 1 6 1 1 1 4 1 2 5 -1 -1 -1 -1 -1 -1 102498 0 15 40 22 24 2 5 2 5
0 0 0 1 4 6 1 1 1 4 1 2 5 -1 -1 -1 -1 -1 -1 102898 1 15 40 22 24 2 5 2 5
0 0 0 1 1 6 1 1 1 4 1 2 5 -1 -1 -1 -1 -1 -1 103332 0 15 40 22 24 2 5 2 5
0 0 0 1 7 1 1 1 1 4 1 2 4 4 1 7 2 1 1 103732 0 15 40 22 24 2 4 2 5
0 0 0 1 1 6 1 1 1 4 1 2 5 -1 -1 -1 -1 -1 -1 104165 0 15 40 23 25 2 4 2 5
0 0 0 1 1 6 1 4 1 4 1 2 5 -1 -1 -1 -1 -1 -1 104565 1 15 40 23 25 2 4 2 5
0 0 0 1 6 1 1 1 1 4 1 2 4 -1 -1 -1 -1 -1 -1 104965 0 15 40 23 25 2 4 2 5
0 0 0 3 1 6 1 1 1 4 1 2 5 3 2 5 0 0 0 105365 0 15 40 23 25 2 5 2 5
0 0 0 1 1 6 1 1 1 4 1 2 5 -1 -1 -1 -1 -1 -1 105765 0 15 40 23 25 2 5 2 5
0 0 0 1 1 6 1 4 1 4 1 2 5 -1 -1 -1 -1 -1 -1 106165 1 15 40 23 25 2 5 2 5
0 0 0 1 1 6 1 1 1 4 1 2 5 -1 -1 -1 -1 -1 -1 106565 0 15 40 23 25 2 5 2 5
0 0 0 3 1 1 6 1 1 4 1 2 6 3 0 6 1 0 0 106965 0 15 40 23 25 2 5 2 5
0 0 0 1 1 6 1 1 1 4 1 2 5 -1 -1 -1 -1 -1 -1 107365 0 15 40 23 25 2 5 2 5
0 0 0 4 6 1 1 1 1 4 1 2 4 -1 -1 -1 -1 -1 -1 107765 1 15 40 23 25 2 5 2 5
0 0 0 6 1 1 1 1 1 4 1 2 3 -1 -1 -1 -1 -1 -1 108165 0 15 40 23 25 2 5 2 5
0 0 0 7 1 1 1 1 1 4 1 2 3 3 0 6 1 1 1 108565 0 15 40 23 25 2 6 2 5
0 0 0 1 6 1 1 1 1 4 1 2 4 -1 -1 -1 -1 -1 -1 108965 0 15 40 23 25 2 6 2 5
0 0 0 1 6 1 4 1 1 4 1 2 4 -1 -1 -1 -1 -1 -1 109365 1 15 40 23 25 2 6 2 5
0 0 0 1 1 6 1 1 1 4 1 2 5 -1 -1 -1 -1 -1 -1 109765 0 15 40 23 25 2 6 2 5
0 0 0 3 1 6 1 1 1 4 1 2 5 3 1 7 2 0 0 110132 0 15 40 23 25 2 5 2 5
0 0 0 1 1 1 6 1 1 4 1 2 6 -1 -1 -1 -1 -1 -1 110531 0 15 40 23 25 2 5 2 5
0 0 0 4 1 1 6 1 1 4 1 2 6 -1 -1 -1 -1 -1 -1 110965 1 15 40 23 25 2 5 2 5
0 0 0 1 1 1 1 6 1 4 1 2 7 -1 -1 -1 -1 -1 -1 111365 0 15 40 23 25 2 5 2 5
0 0 0 3 1 1 6 1 1 4 1 2 6 3 3 8 3 0 0 111731 0 15 40 23 25 2 4 2 5
0 0 0 1 1 6 1 1 1 4 1 2 5 -1 -1 -1 -1 -1 -1 112131 0 15 40 23 25 2 4 2 5
0 0 0 6 1 1 1 4 1 4 1 2 3 -1 -1 -1 -1 -1 -1 112531 1 15 40 23 25 2 4 2 5
0 0 0 6 1 1 1 1 1 4 1 2 3 -1 -1 -1 -1 -1 -1 112931 0 15 40 23 25 2 4 2 5
0 0 0 7 1 1 1 1 1 4 1 2 3 3 3 8 3 1 1 113331 0 15 40 23 25 2 8 0 5
0 0 0 6 1 1 1 1 1 4 1 2 3 -1 -1 -1 -1 -1 -1 113731 0 15 40 24 25.5 2 8 0 5
0 0 0 6 4 1 1 1 1 4 1 2 3 -1 -1 -1 -1 -1 -1 114131 1 15 40 24 25.5 2 8 0 5
0 0 0 6 1 1 1 1 1 4 1 2 3 -1 -1 -1 -1 -1 -1 114531 0 15 40 24 25.5 2 8 0 5
0 0 0 6 1 3 1 1 1 4 1 2 3 5 0 6 1 0 0 114931 0 15 40 24 25.5 2 5 2 5
0 0 0 6 1 1 1 1 1 4 1 2 3 -1 -1 -1 -1 -1 -1 115298 0 15 40 24 25.5 2 5 2 5
0 0 0 1 1 6 4 1 1 4 1 2 5 -1 -1 -1 -1 -1 -1 115698 1 15 40 24 25.5 2 5 2 5
0 0 0 1 1 6 1 1 1 4 1 2 5 -1 -1 -1 -1 -1 -1 116098 0 15 40 24 25.5 2 5 2 5
0 0 0 1 1 6 1 3 1 4 1 2 5 7 1 7 2 0 0 116498 0 15 40 24 25.5 2 4 2 5
0 0 0 1 6 1 1 1 1 4 1 2 4 -1 -1 -1 -1 -1 -1 116865 0 15 40 24 25.5 2 4 2 5
0 0 0 1 1 6 4 1 1 4 1 2 5 -1 -1 -1 -1 -1 -1 117265 1 15 40 24 25.5 2 4 2 5
0 0 0 1 6 1 1 1 1 4 1 2 4 -1 -1 -1 -1 -1 -1 117665 0 15 40 24 25.5 2 4 2 5
0 0 0 1 6 1 1 3 1 4 1 2 4 7 2 5 0 0 0 118065 0 15 40 24 25.5 2 5 2 5
0 0 0 1 1 6 1 1 1 4 1 2 5 -1 -1 -1 -1 -1 -1 118431 0 15 40 24 25.5 2 5 2 5
0 0 0 1 1 1 6 4 1 4 1 2 6 -1 -1 -1 -1 -1 -1 118831 1 15 40 24 25.5 2 5 2 5
0 0 0 1 1 1 6 1 1 4 1 2 6 -1 -1 -1 -1 -1 -1 119231 0 15 40 24 25.5 2 5 2 5
0 0 0 1 1 3 6 1 1 4 1 2 6 5 0 6 1 0 0 119631 0 15 40 24 25.5 2 5 2 5
0 0 0 1 1 1 6 1 1 4 1 2 6 -1 -1 -1 -1 -1 -1 119998 0 15 40 24 25.5 2 5 2 5
0 0 0 1 1 6 1 4 1 4 1 2 5 -1 -1 -1 -1 -1 -1 120398 1 15 40 24 25.5 2 5 2 5
0 0 0 1 1 1 6 1 1 4 1 2 6 -1 -1 -1 -1 -1 -1 120798 0 15 40 24 25.5 2 5 2 5
0 0 0 1 1 1 7 1 1 4 1 2 6 6 0 6 1 1 1 121198 0 15 40 24 25.5 2 6 2 5
0 0 0 1 1 1 6 1 1 4 1 2 6 -1 -1 -1 -1 -1 -1 121598 0 15 40 24 25.5 2 6 2 5
0 0 0 1 1 4 6 1 1 4 1 2 6 -1 -1 -1 -1 -1 -1 121965 1 15 40 24 25.5 2 6 2 5
0 0 0 1 1 1 6 1 1 4 1 2 6 -1 -1 -1 -1 -1 -1 122365 0 15 40 24 25.5 2 6 2 5
0 0 0 1 3 1 6 1 1 4 1 2 6 4 1 7 2 0 0 122765 0 15 40 24 25.5 2 5 2 5
0 0 0 1 1 1 6 1 1 4 1 2 6 -1 -1 -1 -1 -1 -1 123165 0 15 40 24 25.5 2 5 2 5
0 0 0 1 4 1 6 1 1 4 1 2 6 -1 -1 -1 -1 -1 -1 123531 1 15 40 24 25.5 2 5 2 5
0 0 0 1 1 1 6 1 1 4 1 2 6 -1 -1 -1 -1 -1 -1 123931 0 15 40 24 25.5 2 5 2 5
0 0 0 1 1 1 7 1 1 4 1 2 6 6 1 7 2 1 1 124331 0 15 40 24 25.5 2 4 2 5
0 0 0 1 1 6 1 1 1 4 1 2 5 -1 -1 -1 -1 -1 -1 124698 0 15 40 25 26 2 4 2 5
0 0 0 1 6 4 1 1 1 4 1 2 4 -1 -1 -1 -1 -1 -1 125098 1 15 40 25 26 2 4 2 5
0 0 0 1 1 6 1 1 1 4 1 2 5 -1 -1 -1 -1 -1 -1 125498 0 15 40 25 26 2 4 2 5
0 0 0 1 3 6 1 1 1 4 1 2 5 4 2 5 0 0 0 125865 0 15 40 25 26 2 8 0 5
0 0 0 1 1 6 1 1 1 4 1 2 5 -1 -1 -1 -1 -1 -1 126265 0 15 40 25 26 2 8 0 5
0 0 0 4 1 1 6 1 1 4 1 2 6 -1 -1 -1 -1 -1 -1 126631 1 15 40 25 26 2 8 0 5
0 0 0 1 1 6 1 1 1 4 1 2 5 -1 -1 -1 -1 -1 -1 127031 0 15 40 25 26 2 8 0 5
0 0 0 3 1 1 6 1 1 4 1 2 6 3 0 6 1 0 0 127398 0 15 40 25 26 2 5 2 5
0 0 0 1 1 1 6 1 1 4 1 2 6 -1 -1 -1 -1 -1 -1 127798 0 15 40 25 26 2 5 2 5
0 0 0 1 1 6 1 1 2 0 1 2 5 -1 -1 -1 -1 -1 -1 134033 0 15 25 16 60 2 8 0 5
0 0 0 1 1 6 1 1 2 0 1 2 5 -1 -1 -1 -1 -1 -1 134199 0 15 25 16 60 2 8 0 5
0 0 0 1 1 6 1 1 2 0 1 2 5 -1 -1 -1 -1 -1 -1 134366 0 15 25 16 60 2 5 2 5
0 0 0 1 1 6 1 1 2 0 1 2 5 -1 -1 -1 -1 -1 -1 134533 0 15 25 16 50.6 2 5 2 5
0 0 0 1 1 1 6 1 2 0 1 2 6 -1 -1 -1 -1 -1 -1 134799 0 15 25 16 25.5333 2 5 2 5
0 0 0 1 6 1 1 1 2 0 1 2 4 -1 -1 -1 -1 -1 -1 135533 0 15 25 16 13 2 5 2 5
0 0 0 1 1 1 6 1 2 0 1 2 6 -1 -1 -1 -1 -1 -1 136300 0 15 25 16 13 2 5 2 5
0 0 0 1 1 1 1 6 2 0 1 2 7 -1 -1 -1 -1 -1 -1 137066 0 15 25 16 13 2 5 2 5
0 0 0 1 1 1 6 1 2 0 1 2 6 -1 -1 -1 -1 -1 -1 137833 0 15 25 16 13 2 5 2 5
0 0 0 1 1 6 1 1 2 0 1 2 5 -1 -1 -1 -1 -1 -1 138600 0 15 25 16 13 2 5 2 5
0 0 0 1 1 6 3 1 2 0 1 2 5 6 1 4 2 0 0 139367 0 15 25 16 13 2 6 2 5
0 0 0 1 6 1 1 1 2 0 1 2 4 -1 -1 -1 -1 -1 -1 140134 0 15 25 16 13 2 6 2 5
0 0 0 4 1 6 1 1 2 0 1 2 5 -1 -1 -1 -1 -1 -1 140901 1 15 25 16 13 2 6 2 5
0 0 0 1 1 6 1 1 2 0 1 2 5 -1 -1 -1 -1 -1 -1 141667 0 15 25 16 13 2 6 2 5
0 0 0 1 1 7 1 1 2 0 1 2 5 5 1 4 2 1 1 142468 0 15 25 16 13 2 4 2 5
0 0 0 1 1 6 1 1 2 0 1 2 5 -1 -1 -1 -1 -1 -1 143234 0 15 25 16 13 2 4 2 5
0 0 0 1 6 1 1 4 2 0 1 2 4 -1 -1 -1 -1 -1 -1 144001 1 15 25 16 13 2 4 2 5
0 0 0 1 1 1 6 1 2 0 1 2 6 -1 -1 -1 -1 -1 -1 144768 0 15 25 16 13 2 4 2 5
0 0 0 1 1 3 6 1 2 0 1 2 6 5 0 4 1 0 0 145535 0 15 25 16 13 2 6 2 5
0 0 0 1 1 6 1 1 2 0 1 2 5 -1 -1 -1 -1 -1 -1 146302 0 15 25 16 13 2 6 2 5
0 0 0 4 1 6 1 1 2 0 1 2 5 -1 -1 -1 -1 -1 -1 147069 1 15 25 16 13 2 6 2 5
0 0 0 1 1 6 1 1 2 0 1 2 5 -1 -1 -1 -1 -1 -1 147835 0 15 25 16 13 2 6 2 5
0 0 0 3 1 1 6 1 2 0 1 2 6 3 3 4 3 0 0 148602 0 15 25 16 13 2 5 2 5
0 0 0 1 1 1 6 1 2 0 1 2 6 -1 -1 -1 -1 -1 -1 149369 0 15 25 16 13 2 5 2 5
0 0 0 1 4 1 6 1 2 0 1 2 6 -1 -1 -1 -1 -1 -1 150136 1 15 25 16 13 2 5 2 5
0 0 0 1 1 1 6 1 2 0 1 2 6 -1 -1 -1 -1 -1 -1 150903 0 15 25 16 13 2 5 2 5
0 0 0 1 1 3 6 1 2 0 1 2 6 5 0 4 1 0 0 151670 0 15 25 16 13 2 6 2 5
0 0 0 1 1 6 1 1 2 0 1 2 5 -1 -1 -1 -1 -1 -1 152436 0 15 25 16 13 2 6 2 5
0 0 0 1 1 6 1 4 2 0 1 2 5 -1 -1 -1 -1 -1 -1 153237 1 15 25 16 13 2 6 2 5
0 0 0 1 1 1 6 1 2 0 1 2 6 -1 -1 -1 -1 -1 -1 154003 0 15 25 16 13 2 6 2 5
0 0 0 3 1 6 1 1 2 0 1 2 5 3 1 4 2 0 0 154770 0 15 25 16 13 2 8 0 5
0 0 0 1 6 1 1 1 2 0 1 2 4 -1 -1 -1 -1 -1 -1 155537 0 15 25 16 13 2 8 0 5
0 0 0 1 1 1 6 4 2 0 1 2 6 -1 -1 -1 -1 -1 -1 156304 1 15 25 16 13 2 8 0 5
0 0 0 1 1 1 6 1 2 0 1 2 6 -1 -1 -1 -1 -1 -1 157071 0 15 25 16 13 2 8 0 5
0 0 0 1 1 3 6 1 2 0 1 2 6 5 2 4 0 0 0 157838 0 15 25 16 13 2 5 2 5
0 0 0 1 1 1 1 6 2 0 1 2 7 -1 -1 -1 -1 -1 -1 158604 0 15 25 16 13 2 5 2 5
0 0 0 4 1 1 1 6 2 0 1 2 7 -1 -1 -1 -1 -1 -1 159371 1 15 25 16 13 2 5 2 5
0 0 0 1 1 1 1 6 2 0 1 2 7 -1 -1 -1 -1 -1 -1 160138 0 15 25 16 13 2 5 2 5
0 0 0 1 1 1 1 7 2 0 1 2 7 7 2 4 0 1 1 160905 0 15 25 16 13 2 5 2 5
0 0 0 1 1 6 1 1 2 0 1 2 5 -1 -1 -1 -1 -1 -1 161572 0 15 25 17 16 2 5 2 5
0 0 0 4 1 1 6 1 2 0 1 2 6 -1 -1 -1 -1 -1 -1 162172 1 15 25 17 16 2 5 2 5
0 0 0 1 1 6 1 1 2 0 1 2 5 -1 -1 -1 -1 -1 -1 162805 0 15 25 17 16 2 5 2 5
0 0 0 1 1 3 6 1 2 0 1 2 6 5 0 4 1 0 0 163439 0 15 25 17 16 2 6 2 5
0 0 0 1 1 6 1 1 2 0 1 2 5 -1 -1 -1 -1 -1 -1 164072 0 15 25 17 16 2 6 2 5
0 0 0 1 4 6 1 1 2 0 1 2 5 -1 -1 -1 -1 -1 -1 164672 1 15 25 17 16 2 6 2 5
0 0 0 1 1 6 1 1 2 0 1 2 5 -1 -1 -1 -1 -1 -1 165306 0 15 25 17 16 2 6 2 5
0 0 0 1 1 7 1 1 2 0 1 2 5 5 0 4 1 1 1 165939 0 15 25 17 16 2 4 2 5
0 0 0 1 1 6 1 1 2 0 1 2 5 -1 -1 -1 -1 -1 -1 166573 0 15 25 17 16 2 4 2 5
0 0 0 4 1 6 1 1 2 0 1 2 5 -1 -1 -1 -1 -1 -1 167173 1 15 25 17 16 2 4 2 5
0 0 0 1 6 1 1 1 2 0 1 2 4 -1 -1 -1 -1 -1 -1 167806 0 15 25 17 16 2 4 2 5
0 0 0 1 1 6 3 1 2 0 1 2 5 6 1 4 2 0 0 168440 0 15 25 17 16 2 6 2 5
0 0 0 1 1 6 1 1 2 0 1 2 5 -1 -1 -1 -1 -1 -1 169073 0 15 25 17 16 2 6 2 5
0 0 0 1 4 6 1 1 2 0 1 2 5 -1 -1 -1 -1 -1 -1 169673 1 15 25 17 16 2 6 2 5
0 0 0 1 6 1 1 1 2 0 1 2 4 -1 -1 -1 -1 -1 -1 170307 0 15 25 17 16 2 6 2 5
0 0 0 1 7 1 1 1 2 0 1 2 4 4 1 4 2 1 1 170940 0 15 25 17 16 2 5 2 5
0 0 0 1 6 1 1 1 2 0 1 2 4 -1 -1 -1 -1 -1 -1 171474 0 15 25 18 19 2 5 2 5
0 0 0 1 6 1 4 1 2 0 1 2 4 -1 -1 -1 -1 -1 -1 172007 1 15 25 18 19 2 5 2 5
0 0 0 1 1 6 1 1 2 0 1 2 5 -1 -1 -1 -1 -1 -1 172541 0 15 25 18 19 2 5 2 5
0 0 0 3 1 6 1 1 2 0 1 2 5 3 0 4 1 0 0 173041 0 15 25 18 19 2 6 2 5
0 0 0 1 6 1 1 1 2 0 1 2 4 -1 -1 -1 -1 -1 -1 173574 0 15 25 18 19 2 6 2 5
0 0 0 1 6 1 4 1 2 0 1 2 4 -1 -1 -1 -1 -1 -1 174108 1 15 25 18 19 2 6 2 5
0 0 0 1 6 1 1 1 2 0 1 2 4 -1 -1 -1 -1 -1 -1 174641 0 15 25 18 19 2 6 2 5
0 0 0 1 7 1 1 1 2 0 1 2 4 4 0 4 1 1 1 175175 0 15 25 18 19 2 8 0 5
0 0 0 0 1 6 1 0 3 1 1 0 5 -1 -1 -1 -1 -1 -1 180776 0 15 25 16 60 2 8 0 3
0 0 0 0 6 1 1 0 3 1 1 0 4 -1 -1 -1 -1 -1 -1 180943 0 15 25 16 60 2 8 0 3
0 0 0 0 6 1 1 0 3 1 1 0 4 -1 -1 -1 -1 -1 -1 181109 0 15 25 16 60 2 6 2 3
0 0 0 0 1 6 1 0 3 1 1 0 5 -1 -1 -1 -1 -1 -1 181276 0 15 25 16 50.6 2 6 2 3
0 0 0 0 1 1 6 0 3 1 1 0 6 -1 -1 -1 -1 -1 -1 181543 0 15 25 16 25.5333 2 6 2 3
0 0 0 0 1 6 1 0 3 1 1 0 5 -1 -1 -1 -1 -1 -1 182276 0 15 25 16 13 2 6 2 3
0 0 0 0 1 6 1 0 3 1 1 0 5 -1 -1 -1 -1 -1 -1 183043 0 15 25 16 13 2 4 2 3
0 0 0 0 1 6 1 0 3 1 1 0 5 -1 -1 -1 -1 -1 -1 183810 0 15 25 16 13 2 4 2 3
0 0 0 0 6 1 1 0 3 1 1 0 4 -1 -1 -1 -1 -1 -1 184577 0 15 25 16 13 2 4 2 3
0 0 0 0 6 1 1 0 3 1 1 0 4 -1 -1 -1 -1 -1 -1 185343 0 15 25 16 13 2 4 2 3
0 0 0 0 6 1 3 0 3 1 1 0 4 6 4 7 2 0 0 186110 0 15 25 16 13 2 6 2 3
0 0 0 0 6 1 1 0 3 1 1 0 4 -1 -1 -1 -1 -1 -1 186877 0 15 25 16 13 2 6 2 3
0 0 0 0 1 6 1 0 3 1 1 0 5 -1 -1 -1 -1 -1 -1 187644 0 15 25 16 13 2 6 2 3
0 0 0 0 1 6 1 0 3 1 1 0 5 -1 -1 -1 -1 -1 -1 188411 0 15 25 16 13 2 6 2 3
0 0 0 0 3 1 6 0 3 1 1 0 6 4 4 5 0 0 0 189178 0 15 25 16 13 2 4 2 3
0 0 0 0 6 1 1 0 3 1 1 0 4 -1 -1 -1 -1 -1 -1 189978 0 15 25 16 13 2 4 2 3
0 0 0 0 1 6 1 0 3 1 1 0 5 -1 -1 -1 -1 -1 -1 190745 0 15 25 16 13 2 4 2 3
0 0 0 0 6 1 1 0 3 1 1 0 4 -1 -1 -1 -1 -1 -1 191511 0 15 25 16 13 2 4 2 3
0 0 0 0 6 1 3 0 3 1 1 0 4 6 4 7 2 0 0 192278 0 15 25 16 13 2 6 2 3
0 0 0 0 1 1 6 0 3 1 1 0 6 -1 -1 -1 -1 -1 -1 193045 0 15 25 16 13 2 6 2 3
0 0 0 0 1 1 6 0 3 1 1 0 6 -1 -1 -1 -1 -1 -1 193812 0 15 25 16 13 2 6 2 3
0 0 0 0 1 1 6 0 3 1 1 0 6 -1 -1 -1 -1 -1 -1 194579 0 15 25 16 13 2 6 2 3
0 0 0 0 1 1 7 0 3 1 1 0 6 6 4 7 2 1 1 195346 0 15 25 16 13 2 5 2 3
0 0 0 0 1 1 6 0 3 1 1 0 6 -1 -1 -1 -1 -1 -1 196112 0 15 25 16 13 2 5 2 3
0 0 0 0 1 1 6 0 3 1 1 0 6 -1 -1 -1 -1 -1 -1 196879 0 15 25 16 13 2 5 2 3
0 0 0 0 6 1 1 0 3 1 1 0 4 -1 -1 -1 -1 -1 -1 197646 0 15 25 16 13 2 5 2 3
0 0 0 0 1 7 1 0 3 1 1 0 5 5 4 7 2 1 1 198413 0 15 25 16 13 2 6 2 3
0 0 0 0 1 1 6 0 3 1 1 0 6 -1 -1 -1 -1 -1 -1 199080 0 15 25 17 16 2 6 2 3
0 0 0 0 1 6 1 0 3 1 1 0 5 -1 -1 -1 -1 -1 -1 199680 0 15 25 17 16 2 6 2 3
0 0 0 0 6 1 1 0 3 1 1 0 4 -1 -1 -1 -1 -1 -1 200313 0 15 25 17 16 2 6 2 3
0 0 0 0 1 6 3 0 3 1 1 0 5 6 4 5 0 0 0 200947 0 15 25 17 16 2 8 0 3
0 0 0 0 6 1 1 0 3 1 1 0 4 -1 -1 -1 -1 -1 -1 201580 0 15 25 17 16 2 8 0 3
0 0 0 0 1 6 1 0 3 1 1 0 5 -1 -1 -1 -1 -1 -1 202180 0 15 25 17 16 2 8 0 3
0 0 0 0 6 1 1 0 3 1 1 0 4 -1 -1 -1 -1 -1 -1 202814 0 15 25 17 16 2 8 0 3
0 0 0 0 1 6 3 0 3 1 1 0 5 6 4 7 2 0 0 203447 0 15 25 17 16 2 6 2 3
0 0 0 0 1 6 1 0 3 1 1 0 5 -1 -1 -1 -1 -1 -1 204081 0 15 25 17 16 2 6 2 3
0 0 0 0 1 1 6 0 3 1 1 0 6 -1 -1 -1 -1 -1 -1 204681 0 15 25 17 16 2 6 2 3
0 0 0 0 1 1 6 0 3 1 1 0 6 -1 -1 -1 -1 -1 -1 205314 0 15 25 17 16 2 6 2 3
0 0 0 0 1 1 7 0 3 1 1 0 6 6 4 7 2 1 1 205948 0 15 25 17 16 2 4 2 3
0 0 0 0 6 1 1 0 3 1 1 0 4 -1 -1 -1 -1 -1 -1 206581 0 15 25 17 16 2 4 2 3
0 0 0 0 1 1 6 0 3 1 1 0 6 -1 -1 -1 -1 -1 -1 207181 0 15 25 17 16 2 4 2 3
0 0 0 0 1 1 6 0 3 1 1 0 6 -1 -1 -1 -1 -1 -1 207815 0 15 25 17 16 2 4 2 3
0 0 0 0 3 1 6 0 3 1 1 0 6 4 4 8 3 0 0 208448 0 15 25 17 16 2 6 2 3
0 0 0 0 1 6 1 0 3 1 1 0 5 -1 -1 -1 -1 -1 -1 209082 0 15 25 17 16 2 6 2 3
0 0 0 0 1 6 1 0 3 1 1 0 5 -1 -1 -1 -1 -1 -1 209682 0 15 25 17 16 2 6 2 3
0 0 0 0 1 6 1 0 3 1 1 0 5 -1 -1 -1 -1 -1 -1 210315 0 15 25 17 16 2 6 2 3
0 0 0 0 6 1 3 0 3 1 1 0 4 6 4 7 2 0 0 210949 0 15 25 17 16 2 4 2 3
0 0 0 0 1 6 1 0 3 1 1 0 5 -1 -1 -1 -1 -1 -1 211582 0 15 25 17 16 2 4 2 3
0 0 0 0 1 6 1 0 3 1 1 0 5 -1 -1 -1 -1 -1 -1 212183 0 15 25 17 16 2 4 2 3
0 0 0 0 1 6 1 0 3 1 1 0 5 -1 -1 -1 -1 -1 -1 212816 0 15 25 17 16 2 4 2 3
0 0 0 0 6 1 3 0 3 1 1 0 4 6 4 5 0 0 0 213449 0 15 25 17 16 2 6 2 3
0 0 0 0 1 6 1 0 3 1 1 0 5 -1 -1 -1 -1 -1 -1 214083 0 15 25 17 16 2 6 2 3
0 0 0 0 6 1 1 0 3 1 1 0 4 -1 -1 -1 -1 -1 -1 214683 0 15 25 17 16 2 6 2 3
0 0 0 0 1 6 1 0 3 1 1 0 5 -1 -1 -1 -1 -1 -1 215317 0 15 25 17 16 2 6 2 3
0 0 0 0 6 1 3 0 3 1 1 0 4 6 4 7 2 0 0 215950 0 15 25 17 16 2 5 2 3
0 0 0 0 1 6 1 0 3 1 1 0 5 -1 -1 -1 -1 -1 -1 216583 0 15 25 17 16 2 5 2 3
0 0 0 0 1 6 1 0 3 1 1 0 5 -1 -1 -1 -1 -1 -1 217184 0 15 25 17 16 2 5 2 3
0 0 0 0 6 1 1 0 3 1 1 0 4 -1 -1 -1 -1 -1 -1 217817 0 15 25 17 16 2 5 2 3
0 0 0 0 6 1 3 0 3 1 1 0 4 6 4 6 1 0 0 218451 0 15 25 17 16 2 6 2 3
0 0 0 0 1 6 1 0 3 1 1 0 5 -1 -1 -1 -1 -1 -1 219084 0 15 25 17 16 2 6 2 3
0 0 0 0 1 1 6 0 3 1 1 0 6 -1 -1 -1 -1 -1 -1 219684 0 15 25 17 16 2 6 2 3
0 0 0 0 1 1 6 0 3 1 1 0 6 -1 -1 -1 -1 -1 -1 220318 0 15 25 17 16 2 6 2 3
0 0 0 0 1 1 7 0 3 1 1 0 6 6 4 6 1 1 1 220951 0 15 25 17 16 2 8 0 3
0 0 0 0 1 6 1 0 3 1 1 0 5 -1 -1 -1 -1 -1 -1 221485 0 15 25 18 19 2 8 0 3
0 0 0 0 6 1 1 0 3 1 1 0 4 -1 -1 -1 -1 -1 -1 222018 0 15 25 18 19 2 8 0 3
0 0 0 0 6 1 1 0 3 1 1 0 4 -1 -1 -1 -1 -1 -1 222551 0 15 25 18 19 2 8 0 3
0 0 0 0 6 1 3 0 3 1 1 0 4 6 4 8 3 0 0 223052 0 15 25 18 19 2 6 2 3
0 0 0 0 1 6 1 0 3 1 1 0 5 -1 -1 -1 -1 -1 -1 223585 0 15 25 18 19 2 6 2 3
0 0 0 0 6 1 1 0 3 1 1 0 4 -1 -1 -1 -1 -1 -1 224118 0 15 25 18 19 2 6 2 3
0 0 0 0 6 1 1 0 3 1 1 0 4 -1 -1 -1 -1 -1 -1 224652 0 15 25 18 19 2 6 2 3
0 0 0 0 7 1 1 0 3 1 1 0 4 4 4 8 3 1 1 225185 0 15 25 18 19 2 4 2 3
0 0 0 1 1 6 1 1 4 2 1 2 5 -1 -1 -1 -1 -1 -1 232487 0 15 25 16 60 2 8 0 5
0 0 0 1 1 6 1 1 4 2 1 2 5 -1 -1 -1 -1 -1 -1 232654 0 15 25 16 60 2 8 0 5
0 0 0 1 6 1 1 1 4 2 1 2 4 -1 -1 -1 -1 -1 -1 232820 0 15 25 16 60 2 5 2 5
0 0 0 1 1 6 1 1 4 2 1 2 5 -1 -1 -1 -1 -1 -1 232987 0 15 25 16 50.6 2 5 2 5
0 0 0 1 1 6 1 1 4 2 1 2 5 -1 -1 -1 -1 -1 -1 233254 0 15 25 16 25.5333 2 5 2 5
0 0 0 1 6 1 1 1 4 2 1 2 4 -1 -1 -1 -1 -1 -1 233987 0 15 25 16 13 2 5 2 5
0 0 0 1 1 1 6 1 4 2 1 2 6 -1 -1 -1 -1 -1 -1 234754 0 15 25 16 13 2 5 2 5
0 0 0 1 1 6 1 1 4 2 1 2 5 -1 -1 -1 -1 -1 -1 235521 0 15 25 16 13 2 5 2 5
0 0 0 1 1 6 1 1 4 2 1 2 5 -1 -1 -1 -1 -1 -1 236288 0 15 25 16 13 2 5 2 5
0 0 0 6 1 1 1 1 4 2 1 2 3 -1 -1 -1 -1 -1 -1 237055 0 15 25 16 13 2 5 2 5
0 0 0 6 1 1 1 3 4 2 1 2 3 7 5 4 3 0 0 237821 0 15 25 16 13 2 4 2 5
0 0 0 6 1 1 1 1 4 2 1 2 3 -1 -1 -1 -1 -1 -1 238588 0 15 25 16 13 2 4 2 5
0 0 0 6 1 4 1 1 4 2 1 2 3 -1 -1 -1 -1 -1 -1 239355 1 15 25 16 13 2 4 2 5
0 0 0 1 1 6 1 1 4 2 1 2 5 -1 -1 -1 -1 -1 -1 240122 0 15 25 16 13 2 4 2 5
0 0 0 1 6 1 3 1 4 2 1 2 4 6 5 4 0 0 0 240922 0 15 25 16 13 2 4 2 5
0 0 0 1 1 6 1 1 4 2 1 2 5 -1 -1 -1 -1 -1 -1 241689 0 15 25 16 13 2 4 2 5
0 0 0 1 6 1 4 1 4 2 1 2 4 -1 -1 -1 -1 -1 -1 242456 1 15 25 16 13 2 4 2 5
0 0 0 1 1 1 6 1 4 2 1 2 6 -1 -1 -1 -1 -1 -1 243222 0 15 25 16 13 2 4 2 5
0 0 0 1 1 1 7 1 4 2 1 2 6 6 5 4 0 1 1 243989 0 15 25 16 13 2 6 2 5
0 0 0 1 1 6 1 1 4 2 1 2 5 -1 -1 -1 -1 -1 -1 244756 0 15 25 16 13 2 6 2 5
0 0 0 1 6 1 1 4 4 2 1 2 4 -1 -1 -1 -1 -1 -1 245523 1 15 25 16 13 2 6 2 5
0 0 0 1 1 6 1 1 4 2 1 2 5 -1 -1 -1 -1 -1 -1 246290 0 15 25 16 13 2 6 2 5
0 0 0 1 1 7 1 1 4 2 1 2 5 5 5 4 0 1 1 247057 0 15 25 16 13 2 5 2 5
0 0 0 1 1 1 6 1 4 2 1 2 6 -1 -1 -1 -1 -1 -1 247690 0 15 25 17 16 2 5 2 5
0 0 0 1 4 1 6 1 4 2 1 2 6 -1 -1 -1 -1 -1 -1 248324 1 15 25 17 16 2 5 2 5
0 0 0 1 1 1 6 1 4 2 1 2 6 -1 -1 -1 -1 -1 -1 248957 0 15 25 17 16 2 5 2 5
0 0 0 3 1 1 1 6 4 2 1 2 7 3 5 4 3 0 0 249591 0 15 25 17 16 2 4 2 5
0 0 0 1 1 1 1 6 4 2 1 2 7 -1 -1 -1 -1 -1 -1 250191 0 15 25 17 16 2 4 2 5
0 0 0 1 1 4 6 1 4 2 1 2 6 -1 -1 -1 -1 -1 -1 250824 1 15 25 17 16 2 4 2 5
0 0 0 1 1 6 1 1 4 2 1 2 5 -1 -1 -1 -1 -1 -1 251458 0 15 25 17 16 2 4 2 5
0 0 0 1 3 6 1 1 4 2 1 2 5 4 5 4 0 0 0 252091 0 15 25 17 16 2 8 0 5
0 0 0 1 6 1 1 1 4 2 1 2 4 -1 -1 -1 -1 -1 -1 252691 0 15 25 17 16 2 8 0 5
0 0 0 1 6 1 4 1 4 2 1 2 4 -1 -1 -1 -1 -1 -1 253325 1 15 25 17 16 2 8 0 5
0 0 0 1 6 1 1 1 4 2 1 2 4 -1 -1 -1 -1 -1 -1 253958 0 15 25 17 16 2 8 0 5
0 0 0 1 7 1 1 1 4 2 1 2 4 4 5 4 0 1 1 254592 0 15 25 17 16 2 5 2 5
0 0 0 1 6 1 1 1 4 2 1 2 4 -1 -1 -1 -1 -1 -1 255192 0 15 25 17 16 2 5 2 5
0 0 0 1 6 1 4 1 4 2 1 2 4 -1 -1 -1 -1 -1 -1 255825 1 15 25 17 16 2 5 2 5
0 0 0 1 6 1 1 1 4 2 1 2 4 -1 -1 -1 -1 -1 -1 256458 0 15 25 17 16 2 5 2 5
0 0 0 1 6 1 3 1 4 2 1 2 4 6 5 4 3 0 0 257092 0 15 25 17 16 2 5 2 5
0 0 0 1 1 6 1 1 4 2 1 2 5 -1 -1 -1 -1 -1 -1 257691 0 15 25 17 16 2 5 2 5
0 0 0 4 1 6 1 1 4 2 1 2 5 -1 -1 -1 -1 -1 -1 258325 1 15 25 17 16 2 5 2 5
0 0 0 1 1 1 6 1 4 2 1 2 6 -1 -1 -1 -1 -1 -1 258958 0 15 25 17 16 2 5 2 5
0 0 0 1 3 6 1 1 4 2 1 2 5 4 5 4 0 0 0 259591 0 15 25 17 16 2 4 2 5
0 0 0 1 6 1 1 1 4 2 1 2 4 -1 -1 -1 -1 -1 -1 260191 0 15 25 17 16 2 4 2 5
0 0 0 1 6 1 1 4 4 2 1 2 4 -1 -1 -1 -1 -1 -1 260824 1 15 25 17 16 2 4 2 5
0 0 0 1 6 1 1 1 4 2 1 2 4 -1 -1 -1 -1 -1 -1 261457 0 15 25 17 16 2 4 2 5
0 0 0 3 6 1 1 1 4 2 1 2 4 3 5 4 2 0 0 262090 0 15 25 17 16 2 4 2 5
0 0 0 1 6 1 1 1 4 2 1 2 4 -1 -1 -1 -1 -1 -1 262690 0 15 25 17 16 2 4 2 5
0 0 0 1 6 1 4 1 4 2 1 2 4 -1 -1 -1 -1 -1 -1 263323 1 15 25 17 16 2 4 2 5
0 0 0 1 6 1 1 1 4 2 1 2 4 -1 -1 -1 -1 -1 -1 263957 0 15 25 17 16 2 4 2 5
0 0 0 1 6 3 1 1 4 2 1 2 4 5 5 4 1 0 0 264590 0 15 25 17 16 2 6 2 5
0 0 0 1 6 1 1 1 4 2 1 2 4 -1 -1 -1 -1 -1 -1 265190 0 15 25 17 16 2 6 2 5
0 0 0 4 1 6 1 1 4 2 1 2 5 -1 -1 -1 -1 -1 -1 265823 1 15 25 17 16 2 6 2 5
0 0 0 6 1 1 1 1 4 2 1 2 3 -1 -1 -1 -1 -1 -1 266456 0 15 25 17 16 2 6 2 5
0 0 0 7 1 1 1 1 4 2 1 2 3 3 5 4 1 1 1 267089 0 15 25 17 16 2 5 2 5
0 0 0 6 1 1 1 1 4 2 1 2 3 -1 -1 -1 -1 -1 -1 267622 0 15 25 18 19 2 5 2 5
0 0 0 6 1 4 1 1 4 2 1 2 3 -1 -1 -1 -1 -1 -1 268156 1 15 25 18 19 2 5 2 5
0 0 0 1 6 1 1 1 4 2 1 2 4 -1 -1 -1 -1 -1 -1 268655 0 15 25 18 19 2 5 2 5
0 0 0 3 1 6 1 1 4 2 1 2 5 3 5 4 3 0 0 269189 0 15 25 18 19 2 4 2 5
0 0 0 1 1 6 1 1 4 2 1 2 5 -1 -1 -1 -1 -1 -1 269722 0 15 25 18 19 2 4 2 5
0 0 0 4 1 6 1 1 4 2 1 2 5 -1 -1 -1 -1 -1 -1 270255 1 15 25 18 19 2 4 2 5
0 0 0 1 1 6 1 1 4 2 1 2 5 -1 -1 -1 -1 -1 -1 270788 0 15 25 18 19 2 4 2 5
0 0 0 1 3 6 1 1 4 2 1 2 5 4 5 4 0 0 0 271288 0 15 25 18 19 2 8 0 5
0 0 0 1 6 1 1 1 4 2 1 2 4 -1 -1 -1 -1 -1 -1 271821 0 15 25 18 19 2 8 0 5
0 0 0 1 6 1 4 1 4 2 1 2 4 -1 -1 -1 -1 -1 -1 272355 1 15 25 18 19 2 8 0 5
0 0 0 1 1 1 6 1 4 2 1 2 6 -1 -1 -1 -1 -1 -1 272888 0 15 25 18 19 2 8 0 5
0 0 0 3 1 1 6 1 4 2 1 2 6 3 5 4 2 0 0 273421 0 15 25 18 19 2 5 2 5
0 0 0 1 1 1 6 1 4 2 1 2 6 -1 -1 -1 -1 -1 -1 273921 0 15 25 18 19 2 5 2 5
0 0 0 1 4 6 1 1 4 2 1 2 5 -1 -1 -1 -1 -1 -1 274454 1 15 25 18 19 2 5 2 5
0 0 0 1 1 6 1 1 4 2 1 2 5 -1 -1 -1 -1 -1 -1 274987 0 15 25 18 19 2 5 2 5
0 0 0 1 1 7 1 1 4 2 1 2 5 5 5 4 2 1 1 275520 0 15 25 18 19 2 5 2 5
0 0 0 0 1 6 1 0 5 6 1 0 5 -1 -1 -1 -1 -1 -1 283718 0 15 40 20 60 2 8 0 3
0 0 0 0 1 6 1 0 5 6 1 0 5 -1 -1 -1 -1 -1 -1 283885 0 15 40 20 60 2 8 0 3
0 0 0 0 1 1 6 0 5 6 1 0 6 -1 -1 -1 -1 -1 -1 284052 0 15 40 20 60 2 6 2 3
0 0 0 0 1 6 1 0 5 6 1 0 5 -1 -1 -1 -1 -1 -1 284218 0 15 40 20 52.4 2 6 2 3
0 0 0 0 1 1 6 0 5 6 1 0 6 -1 -1 -1 -1 -1 -1 284452 0 15 40 20 34.6666 2 6 2 3
0 0 0 0 1 6 1 0 5 6 1 0 5 -1 -1 -1 -1 -1 -1 284852 0 15 40 20 22 2 6 2 3
0 0 0 0 1 6 1 0 5 6 1 0 5 -1 -1 -1 -1 -1 -1 285318 0 15 40 20 22 2 5 2 3
0 0 0 0 1 1 6 0 5 6 1 0 6 -1 -1 -1 -1 -1 -1 285785 0 15 40 20 22 2 5 2 3
0 0 0 0 1 1 6 0 5 6 1 0 6 -1 -1 -1 -1 -1 -1 286218 0 15 40 20 22 2 5 2 3
0 0 0 0 1 1 6 0 5 6 1 0 6 -1 -1 -1 -1 -1 -1 286684 0 15 40 20 22 2 5 2 3
0 0 0 0 1 1 7 0 5 6 1 0 6 6 5 4 4 1 1 287151 0 15 40 20 22 2 6 2 3
0 0 0 0 6 1 1 0 5 6 1 0 4 -1 -1 -1 -1 -1 -1 287584 0 15 40 20 22 2 6 2 3
0 0 0 0 6 1 1 0 5 6 1 0 4 -1 -1 -1 -1 -1 -1 288051 0 15 40 20 22 2 6 2 3
0 0 0 0 6 1 1 0 5 6 1 0 4 -1 -1 -1 -1 -1 -1 288517 0 15 40 20 22 2 6 2 3
0 0 0 0 7 1 1 0 5 6 1 0 4 4 5 4 4 1 1 288951 0 15 40 20 22 2 5 2 3
0 0 0 0 1 6 1 0 5 6 1 0 5 -1 -1 -1 -1 -1 -1 289384 0 15 40 21 23 2 5 2 3
0 0 0 0 6 1 1 0 5 6 1 0 4 -1 -1 -1 -1 -1 -1 289817 0 15 40 21 23 2 5 2 3
0 0 0 0 6 1 1 0 5 6 1 0 4 -1 -1 -1 -1 -1 -1 290250 0 15 40 21 23 2 5 2 3
0 0 0 0 7 1 1 0 5 6 1 0 4 4 5 4 4 1 1 290683 0 15 40 21 23 2 6 2 3
0 0 0 0 1 6 1 0 5 6 1 0 5 -1 -1 -1 -1 -1 -1 291117 0 15 40 21 23 2 6 2 3
0 0 0 0 1 6 1 0 5 6 1 0 5 -1 -1 -1 -1 -1 -1 291583 0 15 40 21 23 2 6 2 3
0 0 0 0 1 6 1 0 5 6 1 0 5 -1 -1 -1 -1 -1 -1 292016 0 15 40 21 23 2 6 2 3
0 0 0 0 1 7 1 0 5 6 1 0 5 5 5 4 4 1 1 292450 0 15 40 21 23 2 4 2 3
0 0 0 0 1 1 6 0 5 6 1 0 6 -1 -1 -1 -1 -1 -1 292850 0 15 40 22 24 2 4 2 3
0 0 0 0 1 6 1 0 5 6 1 0 5 -1 -1 -1 -1 -1 -1 293283 0 15 40 22 24 2 4 2 3
0 0 0 0 1 6 1 0 5 6 1 0 5 -1 -1 -1 -1 -1 -1 293683 0 15 40 22 24 2 4 2 3
0 0 0 0 1 7 1 0 5 6 1 0 5 5 5 4 4 1 1 294116 0 15 40 22 24 2 6 2 3
0 0 0 0 1 1 6 0 5 6 1 0 6 -1 -1 -1 -1 -1 -1 294516 0 15 40 22 24 2 6 2 3
0 0 0 0 6 1 1 0 5 6 1 0 4 -1 -1 -1 -1 -1 -1 294949 0 15 40 22 24 2 6 2 3
0 0 0 0 6 1 1 0 5 6 1 0 4 -1 -1 -1 -1 -1 -1 295349 0 15 40 22 24 2 6 2 3
0 0 0 1 7 1 1 1 5 6 1 0 4 4 5 4 4 1 1 295782 0 15 40 22 24 2 8 0 5
0 0 0 1 1 6 1 1 5 6 1 1 5 -1 -1 -1 -1 -1 -1 296182 0 15 40 23 25 2 8 0 5
0 0 0 1 1 1 6 1 5 6 1 1 6 -1 -1 -1 -1 -1 -1 296582 0 15 40 23 25 2 8 0 5
0 0 0 1 1 1 6 1 5 6 1 1 6 -1 -1 -1 -1 -1 -1 296982 0 15 40 23 25 2 8 0 5
0 0 0 1 1 1 7 1 5 6 1 1 6 6 5 4 4 1 1 297382 0 15 40 23 25 2 6 2 5
0 0 0 1 1 6 1 1 5 6 1 1 5 -1 -1 -1 -1 -1 -1 297782 0 15 40 23 25 2 6 2 5
0 0 0 1 6 1 1 1 5 6 1 1 4 -1 -1 -1 -1 -1 -1 298182 0 15 40 23 25 2 6 2 5
0 0 0 1 1 6 1 1 5 6 1 1 5 -1 -1 -1 -1 -1 -1 298582 0 15 40 23 25 2 6 2 5
0 0 0 1 1 7 1 1 5 6 1 1 5 5 5 4 4 1 1 298981 0 15 40 23 25 2 5 2 5
0 0 0 1 1 1 6 1 5 6 1 1 6 -1 -1 -1 -1 -1 -1 299381 0 15 40 24 25.5 2 5 2 5
0 0 0 1 6 1 1 1 5 6 1 1 4 -1 -1 -1 -1 -1 -1 299748 0 15 40 24 25.5 2 5 2 5
0 0 0 1 6 1 1 1 5 6 1 1 4 -1 -1 -1 -1 -1 -1 300148 0 15 40 24 25.5 2 5 2 5
0 0 0 1 7 1 1 1 5 6 1 1 4 4 5 4 4 1 1 300548 0 15 40 24 25.5 2 6 2 5
0 0 0 1 1 6 1 1 5 6 1 1 5 -1 -1 -1 -1 -1 -1 300948 0 15 40 24 25.5 2 6 2 5
0 0 0 1 6 1 1 1 5 6 1 1 4 -1 -1 -1 -1 -1 -1 301314 0 15 40 24 25.5 2 6 2 5
0 0 0 1 6 1 1 1 5 6 1 1 4 -1 -1 -1 -1 -1 -1 301714 0 15 40 24 25.5 2 6 2 5
0 0 0 1 7 1 1 1 5 6 1 1 4 4 5 4 4 1 1 302114 0 15 40 24 25.5 2 5 2 5
0 0 0 1 1 6 1 1 5 6 1 1 5 -1 -1 -1 -1 -1 -1 302514 0 15 40 25 26 2 5 2 5
0 0 0 1 6 1 1 1 5 6 1 1 4 -1 -1 -1 -1 -1 -1 302880 0 15 40 25 26 2 5 2 5
0 0 0 1 1 6 1 1 5 6 1 1 5 -1 -1 -1 -1 -1 -1 303280 0 15 40 25 26 2 5 2 5
0 0 0 1 1 7 1 1 5 6 1 1 5 5 5 4 4 1 1 303647 0 15 40 25 26 2 6 2 5
0 0 0 1 1 1 6 1 5 6 1 1 6 -1 -1 -1 -1 -1 -1 304047 0 15 40 25 26 2 6 2 5
0 0 0 1 6 1 1 1 5 6 1 1 4 -1 -1 -1 -1 -1 -1 304413 0 15 40 25 26 2 6 2 5
0 0 0 1 6 1 1 1 5 6 1 1 4 -1 -1 -1 -1 -1 -1 304813 0 15 40 25 26 2 6 2 5
0 0 0 1 7 1 1 1 5 6 1 1 4 4 5 4 4 1 1 305180 0 15 40 25 26 2 4 2 5
0 0 0 1 1 6 1 1 5 6 1 1 5 -1 -1 -1 -1 -1 -1 305580 0 15 40 26 26.5 2 4 2 5
0 0 0 1 6 1 1 1 5 6 1 1 4 -1 -1 -1 -1 -1 -1 305946 0 15 40 26 26.5 2 4 2 5
0 0 0 1 6 1 1 1 5 6 1 1 4 -1 -1 -1 -1 -1 -1 306313 0 15 40 26 26.5 2 4 2 5
0 0 0 1 7 1 1 1 5 6 1 1 4 4 5 4 4 1 1 306713 0 15 40 26 26.5 2 6 2 5
0 0 0 1 1 6 1 1 5 6 1 1 5 -1 -1 -1 -1 -1 -1 307079 0 15 40 26 26.5 2 6 2 5
0 0 0 1 1 6 1 1 5 6 1 1 5 -1 -1 -1 -1 -1 -1 307446 0 15 40 26 26.5 2 6 2 5
0 0 0 1 1 1 6 1 5 6 1 1 6 -1 -1 -1 -1 -1 -1 307846 0 15 40 26 26.5 2 6 2 5
0 0 0 1 1 1 7 1 5 6 1 1 6 6 5 4 4 1 1 308212 0 15 40 26 26.5 2 8 0 5
0 0 0 1 1 6 1 1 5 6 1 2 5 -1 -1 -1 -1 -1 -1 308579 0 15 40 27 27 2 8 0 5
0 0 0 1 6 1 1 1 5 6 1 2 4 -1 -1 -1 -1 -1 -1 308946 0 15 40 27 27 2 8 0 5
0 0 0 1 6 1 1 1 5 6 1 2 4 -1 -1 -1 -1 -1 -1 309312 0 15 40 27 27 2 8 0 5
0 0 0 1 7 1 1 1 5 6 1 2 4 4 5 4 4 1 1 309679 0 15 40 27 27 2 6 2 5
0 0 0 1 6 1 1 1 5 6 1 2 4 -1 -1 -1 -1 -1 -1 310045 0 15 40 27 27 2 6 2 5
0 0 0 1 6 4 1 1 5 6 1 2 4 -1 -1 -1 -1 -1 -1 310445 1 15 40 27 27 2 6 2 5
0 0 0 1 6 1 1 1 5 6 1 2 4 -1 -1 -1 -1 -1 -1 310812 0 15 40 27 27 2 6 2 5
0 0 0 1 1 7 1 1 5 6 1 2 5 5 5 4 4 1 1 311178 0 15 40 27 27 2 5 2 5
0 0 0 1 1 6 1 1 5 6 1 2 5 -1 -1 -1 -1 -1 -1 311545 0 15 40 28 27.5 2 5 2 5
0 0 0 4 6 1 1 1 5 6 1 2 4 -1 -1 -1 -1 -1 -1 311912 1 15 40 28 27.5 2 5 2 5
0 0 0 6 1 1 1 1 5 6 1 2 3 -1 -1 -1 -1 -1 -1 312278 0 15 40 28 27.5 2 5 2 5
0 0 0 7 1 1 1 1 5 6 1 2 3 3 5 4 4 1 1 312611 0 15 40 28 27.5 2 6 2 5
0 0 0 1 6 1 1 1 5 6 1 2 4 -1 -1 -1 -1 -1 -1 312978 0 15 40 28 27.5 2 6 2 5
0 0 0 6 1 1 1 4 5 6 1 2 3 -1 -1 -1 -1 -1 -1 313345 1 15 40 28 27.5 2 6 2 5
0 0 0 6 1 1 1 1 5 6 1 2 3 -1 -1 -1 -1 -1 -1 313711 0 15 40 28 27.5 2 6 2 5
0 0 0 7 1 1 1 1 5 6 1 2 3 3 5 4 4 1 1 314078 0 15 40 28 27.5 2 5 2 5
0 0 0 1 6 1 1 1 5 6 1 2 4 -1 -1 -1 -1 -1 -1 314444 0 15 40 29 28 2 5 2 5
0 0 0 1 1 6 1 4 5 6 1 2 5 -1 -1 -1 -1 -1 -1 314811 1 15 40 29 28 2 5 2 5
0 0 0 1 1 6 1 1 5 6 1 2 5 -1 -1 -1 -1 -1 -1 315144 0 15 40 29 28 2 5 2 5
0 0 0 1 1 7 1 1 5 6 1 2 5 5 5 4 4 1 1 315511 0 15 40 29 28 2 6 2 5
0 0 0 1 1 6 1 1 5 6 1 2 5 -1 -1 -1 -1 -1 -1 315877 0 15 40 29 28 2 6 2 5
0 0 0 1 4 1 1 6 5 6 1 2 7 -1 -1 -1 -1 -1 -1 316211 1 15 40 29 28 2 6 2 5
0 0 0 1 1 1 1 6 5 6 1 2 7 -1 -1 -1 -1 -1 -1 316577 0 15 40 29 28 2 6 2 5
0 0 0 1 1 1 1 7 5 6 1 2 7 7 5 4 4 1 1 316944 0 15 40 29 28 2 4 2 5
0 0 0 1 1 1 1 6 5 6 1 2 7 -1 -1 -1 -1 -1 -1 317277 0 15 40 30 28.5 2 4 2 5
0 0 0 1 1 4 1 6 5 6 1 2 7 -1 -1 -1 -1 -1 -1 317644 1 15 40 30 28.5 2 4 2 5
0 0 0 1 1 1 6 1 5 6 1 2 6 -1 -1 -1 -1 -1 -1 317977 0 15 40 30 28.5 2 4 2 5
0 0 0 1 1 1 7 1 5 6 1 2 6 6 5 4 4 1 1 318343 0 15 40 30 28.5 2 6 2 5
0 0 0 1 1 6 1 1 5 6 1 2 5 -1 -1 -1 -1 -1 -1 318710 0 15 40 30 28.5 2 6 2 5
0 0 0 1 4 6 1 1 5 6 1 2 5 -1 -1 -1 -1 -1 -1 319043 1 15 40 30 28.5 2 6 2 5
0 0 0 1 1 6 1 1 5 6 1 2 5 -1 -1 -1 -1 -1 -1 319410 0 15 40 30 28.5 2 6 2 5
0 0 0 1 1 7 1 1 5 6 1 2 5 5 5 4 4 1 1 319743 0 15 40 30 28.5 2 8 0 5
0 0 0 1 1 1 6 1 5 6 1 2 6 -1 -1 -1 -1 -1 -1 320076 0 15 40 31 29 2 8 0 5
0 0 0 1 4 1 6 1 5 6 1 2 6 -1 -1 -1 -1 -1 -1 320443 1 15 40 31 29 2 8 0 5
0 0 0 1 6 1 1 1 5 6 1 2 4 -1 -1 -1 -1 -1 -1 320776 0 15 40 31 29 2 8 0 5
0 0 0 7 1 1 1 1 5 6 1 2 3 3 5 4 4 1 1 321109 0 15 40 31 29 2 6 2 5
0 0 0 6 1 1 1 1 5 6 1 2 3 -1 -1 -1 -1 -1 -1 321476 0 15 40 31 29 2 6 2 5
0 0 0 6 1 4 1 1 5 6 1 2 3 -1 -1 -1 -1 -1 -1 321809 1 15 40 31 29 2 6 2 5
0 0 0 6 1 1 1 1 5 6 1 2 3 -1 -1 -1 -1 -1 -1 322176 0 15 40 31 29 2 6 2 5
0 0 0 7 1 1 1 1 5 6 1 2 3 3 5 4 4 1 1 322509 0 15 40 31 29 2 5 2 5
0 0 0 6 1 1 1 1 5 6 1 2 3 -1 -1 -1 -1 -1 -1 322842 0 15 40 32 29.5 2 5 2 5
0 0 0 6 1 4 1 1 5 6 1 2 3 -1 -1 -1 -1 -1 -1 323176 1 15 40 32 29.5 2 5 2 5
0 0 0 6 1 1 1 1 5 6 1 2 3 -1 -1 -1 -1 -1 -1 323509 0 15 40 32 29.5 2 5 2 5
0 0 0 1 1 7 1 1 5 6 1 2 5 5 5 4 4 1 1 323875 0 15 40 32 29.5 2 6 2 5
0 0 0 1 1 1 6 1 5 6 1 2 6 -1 -1 -1 -1 -1 -1 324209 0 15 40 32 29.5 2 6 2 5
0 0 0 1 1 4 6 1 5 6 1 2 6 -1 -1 -1 -1 -1 -1 324542 1 15 40 32 29.5 2 6 2 5
0 0 0 1 1 6 1 1 5 6 1 2 5 -1 -1 -1 -1 -1 -1 324875 0 15 40 32 29.5 2 6 2 5
0 0 0 8 1 1 1 1 5 6 1 2 3 3 5 4 4 1 0 325208 0 15 40 32 29.5 2 5 2 5
0 0 0 6 1 1 1 1 5 6 1 2 3 -1 -1 -1 -1 -1 -1 325575 0 15 40 31 29 2 5 2 5
0 0 0 6 1 4 1 1 5 6 1 2 3 -1 -1 -1 -1 -1 -1 325908 1 15 40 31 29 2 5 2 5
0 0 0 1 6 1 1 1 5 6 1 2 4 -1 -1 -1 -1 -1 -1 326241 0 15 40 31 29 2 5 2 5
0 0 0 1 7 1 1 1 5 6 1 2 4 4 5 4 4 1 1 326608 0 15 40 31 29 2 6 2 5
0 0 0 1 6 1 1 1 5 6 1 2 4 -1 -1 -1 -1 -1 -1 326941 0 15 40 31 29 2 6 2 5
0 0 0 1 1 6 1 4 5 6 1 2 5 -1 -1 -1 -1 -1 -1 327275 1 15 40 31 29 2 6 2 5
0 0 0 1 1 1 6 1 5 6 1 2 6 -1 -1 -1 -1 -1 -1 327641 0 15 40 31 29 2 6 2 5
0 0 0 1 1 1 7 1 5 6 1 2 6 6 5 4 4 1 1 327974 0 15 40 31 29 2 4 2 5
0 0 0 1 1 6 1 1 5 6 1 2 5 -1 -1 -1 -1 -1 -1 328308 0 15 40 32 29.5 2 4 2 5
0 0 0 1 1 6 4 1 5 6 1 2 5 -1 -1 -1 -1 -1 -1 328641 1 15 40 32 29.5 2 4 2 5
0 0 0 1 1 1 6 1 5 6 1 2 6 -1 -1 -1 -1 -1 -1 329007 0 15 40 32 29.5 2 4 2 5
0 0 0 1 1 1 7 1 5 6 1 2 6 6 5 4 4 1 1 329341 0 15 40 32 29.5 2 6 2 5
0 0 0 1 1 1 6 1 5 6 1 2 6 -1 -1 -1 -1 -1 -1 329674 0 15 40 32 29.5 2 6 2 5
0 0 0 4 6 1 1 1 5 6 1 2 4 -1 -1 -1 -1 -1 -1 330007 1 15 40 32 29.5 2 6 2 5
0 0 0 1 6 1 1 1 5 6 1 2 4 -1 -1 -1 -1 -1 -1 330340 0 15 40 32 29.5 2 6 2 5
0 0 0 1 7 1 1 1 5 6 1 2 4 4 5 4 4 1 1 330674 0 15 40 32 29.5 2 8 0 5
0 0 0 1 1 6 1 1 5 6 1 2 5 -1 -1 -1 -1 -1 -1 331007 0 15 40 33 30 2 8 0 5
0 0 0 1 6 1 1 4 5 6 1 2 4 -1 -1 -1 -1 -1 -1 331340 1 15 40 33 30 2 8 0 5
0 0 0 1 6 1 1 1 5 6 1 2 4 -1 -1 -1 -1 -1 -1 331673 0 15 40 33 30 2 8 0 5
0 0 0 1 7 1 1 1 5 6 1 2 4 4 5 4 4 1 1 332007 0 15 40 33 30 2 6 2 5
0 0 0 1 1 6 1 1 6 0 1 1 5 -1 -1 -1 -1 -1 -1 340538 0 15 25 18 60 2 8 0 5
0 0 0 1 1 6 1 1 6 0 1 1 5 -1 -1 -1 -1 -1 -1 340705 0 15 25 18 60 2 8 0 5
0 0 0 1 1 6 1 1 6 0 1 1 5 -1 -1 -1 -1 -1 -1 340871 0 15 25 18 60 2 5 2 5
0 0 0 1 1 1 6 1 6 0 1 1 6 -1 -1 -1 -1 -1 -1 341038 0 15 25 18 51.8 2 5 2 5
0 0 0 1 1 6 1 1 6 0 1 1 5 -1 -1 -1 -1 -1 -1 341304 0 15 25 18 29.9333 2 5 2 5
0 0 0 1 1 6 1 1 6 0 1 1 5 -1 -1 -1 -1 -1 -1 341771 0 15 25 18 19 2 5 2 5
0 0 0 1 1 1 6 1 6 0 1 1 6 -1 -1 -1 -1 -1 -1 342304 0 15 25 18 19 2 4 2 5
0 0 0 1 1 1 6 1 6 0 1 1 6 -1 -1 -1 -1 -1 -1 342804 0 15 25 18 19 2 4 2 5
0 0 0 6 1 1 1 1 6 0 1 1 3 -1 -1 -1 -1 -1 -1 343337 0 15 25 18 19 2 4 2 5
0 0 0 1 6 1 1 1 6 0 1 1 4 -1 -1 -1 -1 -1 -1 343870 0 15 25 18 19 2 4 2 5
0 0 0 3 1 6 1 1 6 0 1 1 5 3 1 4 2 0 0 344404 0 15 25 18 19 2 6 2 5
0 0 0 1 6 1 1 1 6 0 1 1 4 -1 -1 -1 -1 -1 -1 344937 0 15 25 18 19 2 6 2 5
0 0 0 1 1 6 1 1 6 0 1 1 5 -1 -1 -1 -1 -1 -1 345437 0 15 25 18 19 2 6 2 5
0 0 0 1 1 6 1 1 6 0 1 1 5 -1 -1 -1 -1 -1 -1 345970 0 15 25 18 19 2 6 2 5
0 0 0 1 1 7 1 1 6 0 1 1 5 5 1 4 2 1 1 346503 0 15 25 18 19 2 5 2 5
0 0 0 1 6 1 1 1 6 0 1 1 4 -1 -1 -1 -1 -1 -1 347036 0 15 25 18 19 2 5 2 5
0 0 0 1 1 1 6 1 6 0 1 1 6 -1 -1 -1 -1 -1 -1 347570 0 15 25 18 19 2 5 2 5
0 0 0 1 1 1 6 1 6 0 1 1 6 -1 -1 -1 -1 -1 -1 348069 0 15 25 18 19 2 5 2 5
0 0 0 1 3 6 1 1 6 0 1 1 5 4 3 4 3 0 0 348603 0 15 25 18 19 2 4 2 5
0 0 0 1 1 6 1 1 6 0 1 1 5 -1 -1 -1 -1 -1 -1 349136 0 15 25 18 19 2 4 2 5
0 0 0 1 1 1 6 1 6 0 1 1 6 -1 -1 -1 -1 -1 -1 349669 0 15 25 18 19 2 4 2 5
0 0 0 1 1 6 1 1 6 0 1 1 5 -1 -1 -1 -1 -1 -1 350169 0 15 25 18 19 2 4 2 5
0 0 0 1 3 1 6 1 6 0 1 1 6 4 1 4 2 0 0 350702 0 15 25 18 19 2 6 2 5
0 0 0 1 1 6 1 1 6 0 1 1 5 -1 -1 -1 -1 -1 -1 351235 0 15 25 18 19 2 6 2 5
0 0 0 1 1 1 6 1 6 0 1 1 6 -1 -1 -1 -1 -1 -1 351769 0 15 25 18 19 2 6 2 5
0 0 0 1 1 1 6 1 6 0 1 1 6 -1 -1 -1 -1 -1 -1 352302 0 15 25 18 19 2 6 2 5
0 0 0 1 1 3 1 6 6 0 1 1 7 5 0 4 1 0 0 352802 0 15 25 18 19 2 6 2 5
0 0 0 1 1 1 6 1 6 0 1 1 6 -1 -1 -1 -1 -1 -1 353335 0 15 25 18 19 2 6 2 5
0 0 0 1 6 1 1 1 6 0 1 1 4 -1 -1 -1 -1 -1 -1 353868 0 15 25 18 19 2 6 2 5
0 0 0 6 1 1 1 1 6 0 1 1 3 -1 -1 -1 -1 -1 -1 354401 0 15 25 18 19 2 6 2 5
0 0 0 6 1 3 1 1 6 0 1 1 3 5 1 4 2 0 0 354901 0 15 25 18 19 2 8 0 5
0 0 0 1 1 6 1 1 6 0 1 1 5 -1 -1 -1 -1 -1 -1 355434 0 15 25 18 19 2 8 0 5
0 0 0 6 1 1 1 1 6 0 1 1 3 -1 -1 -1 -1 -1 -1 355968 0 15 25 18 19 2 8 0 5
0 0 0 6 1 1 1 1 6 0 1 1 3 -1 -1 -1 -1 -1 -1 356501 0 15 25 18 19 2 8 0 5
0 0 0 7 1 1 1 1 6 0 1 1 3 3 1 4 2 1 1 357034 0 15 25 18 19 2 5 2 5
0 0 0 1 6 1 1 1 6 0 1 1 4 -1 -1 -1 -1 -1 -1 357500 0 15 25 19 21 2 5 2 5
0 0 0 1 1 6 1 1 6 0 1 1 5 -1 -1 -1 -1 -1 -1 357967 0 15 25 19 21 2 5 2 5
0 0 0 1 1 6 1 1 6 0 1 1 5 -1 -1 -1 -1 -1 -1 358467 0 15 25 19 21 2 5 2 5
0 0 0 3 1 6 1 1 6 0 1 1 5 3 2 4 0 0 0 358933 0 15 25 19 21 2 4 2 5
0 0 0 1 1 1 6 1 6 0 1 1 6 -1 -1 -1 -1 -1 -1 359400 0 15 25 19 21 2 4 2 5
0 0 0 1 1 6 1 1 6 0 1 1 5 -1 -1 -1 -1 -1 -1 359900 0 15 25 19 21 2 4 2 5
0 0 0 1 6 1 1 1 6 0 1 1 4 -1 -1 -1 -1 -1 -1 360366 0 15 25 19 21 2 4 2 5
0 0 0 1 7 1 1 1 6 0 1 1 4 4 2 4 0 1 1 360833 0 15 25 19 21 2 6 2 5
0 0 0 1 1 6 1 1 6 0 1 1 5 -1 -1 -1 -1 -1 -1 361300 0 15 25 19 21 2 6 2 5
0 0 0 1 1 6 1 1 6 0 1 1 5 -1 -1 -1 -1 -1 -1 361799 0 15 25 19 21 2 6 2 5
0 0 0 1 1 6 1 1 6 0 1 1 5 -1 -1 -1 -1 -1 -1 362266 0 15 25 19 21 2 6 2 5
0 0 0 3 1 1 6 1 6 0 1 1 6 3 0 4 1 0 0 362733 0 15 25 19 21 2 5 2 5
0 0 0 1 6 1 1 1 6 0 1 1 4 -1 -1 -1 -1 -1 -1 363232 0 15 25 19 21 2 5 2 5
0 0 0 1 1 6 1 1 6 0 1 1 5 -1 -1 -1 -1 -1 -1 363699 0 15 25 19 21 2 5 2 5
0 0 0 1 1 6 1 1 6 0 1 1 5 -1 -1 -1 -1 -1 -1 364166 0 15 25 19 21 2 5 2 5
0 0 0 3 1 6 1 1 6 0 1 1 5 3 2 4 0 0 0 364632 0 15 25 19 21 2 4 2 5
0 0 0 1 1 1 6 1 6 0 1 1 6 -1 -1 -1 -1 -1 -1 365132 0 15 25 19 21 2 4 2 5
0 0 0 1 1 6 1 1 6 0 1 1 5 -1 -1 -1 -1 -1 -1 365598 0 15 25 19 21 2 4 2 5
0 0 0 1 1 6 1 1 6 0 1 1 5 -1 -1 -1 -1 -1 -1 366065 0 15 25 19 21 2 4 2 5
0 0 0 1 1 7 1 1 6 0 1 1 5 5 2 4 0 1 1 366565 0 15 25 19 21 2 6 2 5
0 0 0 1 1 1 6 1 6 0 1 1 6 -1 -1 -1 -1 -1 -1 366998 0 15 25 20 22 2 6 2 5
0 0 0 1 1 1 6 1 6 0 1 1 6 -1 -1 -1 -1 -1 -1 367465 0 15 25 20 22 2 6 2 5
0 0 0 1 1 1 6 1 6 0 1 1 6 -1 -1 -1 -1 -1 -1 367931 0 15 25 20 22 2 6 2 5
0 0 0 1 1 1 7 1 6 0 1 1 6 6 2 4 0 1 1 368364 0 15 25 20 22 2 6 2 5
0 0 0 1 1 6 1 1 6 0 1 1 5 -1 -1 -1 -1 -1 -1 368831 0 15 25 20 22 2 6 2 5
0 0 0 1 6 1 1 1 6 0 1 1 4 -1 -1 -1 -1 -1 -1 369298 0 15 25 20 22 2 6 2 5
0 0 0 1 6 1 1 1 6 0 1 1 4 -1 -1 -1 -1 -1 -1 369731 0 15 25 20 22 2 6 2 5
0 0 0 1 6 1 3 1 6 0 1 1 4 6 3 4 3 0 0 370197 0 15 25 20 22 2 8 0 5
0 0 0 1 6 1 1 1 6 0 1 1 4 -1 -1 -1 -1 -1 -1 370631 0 15 25 20 22 2 8 0 5
0 0 0 1 1 1 6 1 6 0 1 1 6 -1 -1 -1 -1 -1 -1 371097 0 15 25 20 22 2 8 0 5
0 0 0 1 1 1 1 6 6 0 1 1 7 -1 -1 -1 -1 -1 -1 371564 0 15 25 20 22 2 8 0 5
0 0 0 1 1 3 6 1 6 0 1 1 6 5 0 4 1 0 0 371997 0 15 25 20 22 2 5 2 5
0 0 0 1 1 1 6 1 6 0 1 1 6 -1 -1 -1 -1 -1 -1 372463 0 15 25 20 22 2 5 2 5
0 0 0 1 1 1 6 1 6 0 1 1 6 -1 -1 -1 -1 -1 -1 372930 0 15 25 20 22 2 5 2 5
0 0 0 1 1 1 6 1 6 0 1 1 6 -1 -1 -1 -1 -1 -1 373363 0 15 25 20 22 2 5 2 5
0 0 0 1 1 1 7 1 6 0 1 1 6 6 0 4 1 1 1 373830 0 15 25 20 22 2 4 2 5
0 0 0 1 1 6 1 1 6 0 1 1 5 -1 -1 -1 -1 -1 -1 374263 0 15 25 21 23 2 4 2 5
0 0 0 1 6 1 1 1 6 0 1 1 4 -1 -1 -1 -1 -1 -1 374696 0 15 25 21 23 2 4 2 5
0 0 0 6 1 1 1 1 6 0 1 1 3 -1 -1 -1 -1 -1 -1 375129 0 15 25 21 23 2 4 2 5
0 0 0 6 1 3 1 1 6 0 1 1 3 5 3 4 3 0 0 375563 0 15 25 21 23 2 6 2 5
0 0 0 1 6 1 1 1 6 0 1 1 4 -1 -1 -1 -1 -1 -1 375996 0 15 25 21 23 2 6 2 5
0 0 0 1 1 6 1 1 6 0 1 1 5 -1 -1 -1 -1 -1 -1 376429 0 15 25 21 23 2 6 2 5
0 0 0 1 1 6 1 1 6 0 1 1 5 -1 -1 -1 -1 -1 -1 376862 0 15 25 21 23 2 6 2 5
0 0 0 1 1 6 1 3 6 0 1 1 5 7 0 4 1 0 0 377296 0 15 25 21 23 2 5 2 5
0 0 0 1 1 6 1 1 6 0 1 1 5 -1 -1 -1 -1 -1 -1 377729 0 15 25 21 23 2 5 2 5
0 0 0 1 6 1 1 1 6 0 1 1 4 -1 -1 -1 -1 -1 -1 378162 0 15 25 21 23 2 5 2 5
0 0 0 1 1 6 1 1 6 0 1 1 5 -1 -1 -1 -1 -1 -1 378595 0 15 25 21 23 2 5 2 5
0 0 0 1 1 6 3 1 6 0 1 1 5 6 1 4 2 0 0 379029 0 15 25 21 23 2 4 2 5
0 0 0 1 1 6 1 1 6 0 1 1 5 -1 -1 -1 -1 -1 -1 379495 0 15 25 21 23 2 4 2 5
0 0 0 1 6 1 1 1 6 0 1 1 4 -1 -1 -1 -1 -1 -1 379928 0 15 25 21 23 2 4 2 5
0 0 0 1 6 1 1 1 6 0 1 1 4 -1 -1 -1 -1 -1 -1 380362 0 15 25 21 23 2 4 2 5
0 0 0 1 1 6 3 1 6 0 1 1 5 6 3 4 3 0 0 380795 0 15 25 21 23 2 6 2 5
0 0 0 1 6 1 1 1 6 0 1 1 4 -1 -1 -1 -1 -1 -1 381228 0 15 25 21 23 2 6 2 5
0 0 0 1 1 6 1 1 6 0 1 1 5 -1 -1 -1 -1 -1 -1 381661 0 15 25 21 23 2 6 2 5
0 0 0 1 1 1 1 6 6 0 1 1 7 -1 -1 -1 -1 -1 -1 382094 0 15 25 21 23 2 6 2 5
0 0 0 1 1 3 1 6 6 0 1 1 7 5 0 4 1 0 0 382528 0 15 25 21 23 2 6 2 5
0 0 0 1 1 1 6 1 6 0 1 1 6 -1 -1 -1 -1 -1 -1 382961 0 15 25 21 23 2 6 2 5
0 0 0 1 6 1 1 1 6 0 1 1 4 -1 -1 -1 -1 -1 -1 383394 0 15 25 21 23 2 6 2 5
0 0 0 6 1 1 1 1 6 0 1 1 3 -1 -1 -1 -1 -1 -1 383827 0 15 25 21 23 2 6 2 5
0 0 0 7 1 1 1 1 6 0 1 1 3 3 0 4 1 1 1 384261 0 15 25 21 23 2 8 0 5
0 0 0 1 6 1 1 1 6 0 1 1 4 -1 -1 -1 -1 -1 -1 384694 0 15 25 21 23 2 8 0 5
0 0 0 1 6 1 1 1 6 0 1 1 4 -1 -1 -1 -1 -1 -1 385127 0 15 25 21 23 2 8 0 5
0 0 0 1 6 1 1 1 6 0 1 1 4 -1 -1 -1 -1 -1 -1 385560 0 15 25 21 23 2 8 0 5
0 0 0 1 7 1 1 1 6 0 1 1 4 4 0 4 1 1 1 385994 0 15 25 21 23 2 5 2 5
0 0 0 1 1 6 1 1 7 1 1 2 5 -1 -1 -1 -1 -1 -1 394291 0 15 25 18 60 2 8 0 5
0 0 0 1 1 6 1 1 7 1 1 2 5 -1 -1 -1 -1 -1 -1 394458 0 15 25 18 60 2 8 0 5
0 0 0 1 1 6 1 1 7 1 1 2 5 -1 -1 -1 -1 -1 -1 394625 0 15 25 18 60 2 6 2 5
0 0 0 1 1 6 1 1 7 1 1 2 5 -1 -1 -1 -1 -1 -1 394791 0 15 25 18 51.8 2 6 2 5
0 0 0 1 1 6 1 1 7 1 1 2 5 -1 -1 -1 -1 -1 -1 395058 0 15 25 18 29.9333 2 6 2 5
0 0 0 6 1 1 1 1 7 1 1 2 3 -1 -1 -1 -1 -1 -1 395525 0 15 25 18 19 2 6 2 5
0 0 0 1 1 6 1 1 7 1 1 2 5 -1 -1 -1 -1 -1 -1 396058 0 15 25 18 19 2 4 2 5
0 0 0 1 1 1 6 1 7 1 1 2 6 -1 -1 -1 -1 -1 -1 396558 0 15 25 18 19 2 4 2 5
0 0 0 1 6 1 1 1 7 1 1 2 4 -1 -1 -1 -1 -1 -1 397091 0 15 25 18 19 2 4 2 5
0 0 0 1 6 1 1 1 7 1 1 2 4 -1 -1 -1 -1 -1 -1 397624 0 15 25 18 19 2 4 2 5
0 0 0 6 1 1 3 1 7 1 1 2 3 6 4 7 2 0 0 398157 0 15 25 18 19 2 5 2 5
0 0 0 1 6 1 1 1 7 1 1 2 4 -1 -1 -1 -1 -1 -1 398690 0 15 25 18 19 2 5 2 5
0 0 0 6 1 1 4 1 7 1 1 2 3 -1 -1 -1 -1 -1 -1 399190 1 15 25 18 19 2 5 2 5
0 0 0 1 1 1 6 1 7 1 1 2 6 -1 -1 -1 -1 -1 -1 399723 0 15 25 18 19 2 5 2 5
0 0 0 1 3 6 1 1 7 1 1 2 5 4 4 6 1 0 0 400257 0 15 25 18 19 2 4 2 5
0 0 0 1 1 1 6 1 7 1 1 2 6 -1 -1 -1 -1 -1 -1 400790 0 15 25 18 19 2 4 2 5
0 0 0 4 6 1 1 1 7 1 1 2 4 -1 -1 -1 -1 -1 -1 401323 1 15 25 18 19 2 4 2 5
0 0 0 1 6 1 1 1 7 1 1 2 4 -1 -1 -1 -1 -1 -1 401823 0 15 25 18 19 2 4 2 5
0 0 0 1 7 1 1 1 7 1 1 2 4 4 4 6 1 1 1 402356 0 15 25 18 19 2 4 2 5
0 0 0 1 1 6 1 1 7 1 1 2 5 -1 -1 -1 -1 -1 -1 402889 0 15 25 18 19 2 4 2 5
0 0 0 4 1 1 6 1 7 1 1 2 6 -1 -1 -1 -1 -1 -1 403423 1 15 25 18 19 2 4 2 5
0 0 0 1 1 1 1 6 7 1 1 2 7 -1 -1 -1 -1 -1 -1 403922 0 15 25 18 19 2 4 2 5
0 0 0 1 1 3 1 6 7 1 1 2 7 5 4 5 0 0 0 404456 0 15 25 18 19 2 5 2 5
0 0 0 1 1 6 1 1 7 1 1 2 5 -1 -1 -1 -1 -1 -1 404989 0 15 25 18 19 2 5 2 5
0 0 0 6 1 1 4 1 7 1 1 2 3 -1 -1 -1 -1 -1 -1 405522 1 15 25 18 19 2 5 2 5
0 0 0 1 1 6 1 1 7 1 1 2 5 -1 -1 -1 -1 -1 -1 406055 0 15 25 18 19 2 5 2 5
0 0 0 3 1 6 1 1 7 1 1 2 5 3 4 6 1 0 0 406555 0 15 25 18 19 2 6 2 5
0 0 0 1 1 6 1 1 7 1 1 2 5 -1 -1 -1 -1 -1 -1 407088 0 15 25 18 19 2 6 2 5
0 0 0 4 6 1 1 1 7 1 1 2 4 -1 -1 -1 -1 -1 -1 407622 1 15 25 18 19 2 6 2 5
0 0 0 6 1 1 1 1 7 1 1 2 3 -1 -1 -1 -1 -1 -1 408155 0 15 25 18 19 2 6 2 5
0 0 0 7 1 1 1 1 7 1 1 2 3 3 4 6 1 1 1 408655 0 15 25 18 19 2 8 0 5
0 0 0 6 1 1 1 1 7 1 1 2 3 -1 -1 -1 -1 -1 -1 409155 0 15 25 19 21 2 8 0 5
0 0 0 6 4 1 1 1 7 1 1 2 3 -1 -1 -1 -1 -1 -1 409621 1 15 25 19 21 2 8 0 5
0 0 0 1 1 6 1 1 7 1 1 2 5 -1 -1 -1 -1 -1 -1 410121 0 15 25 19 21 2 8 0 5
0 0 0 3 1 1 1 6 7 1 1 2 7 3 4 5 0 0 0 410587 0 15 25 19 21 2 6 2 5
0 0 0 1 1 1 1 6 7 1 1 2 7 -1 -1 -1 -1 -1 -1 411054 0 15 25 19 21 2 6 2 5
0 0 0 1 1 4 1 6 7 1 1 2 7 -1 -1 -1 -1 -1 -1 411521 1 15 25 19 21 2 6 2 5
0 0 0 1 1 1 1 6 7 1 1 2 7 -1 -1 -1 -1 -1 -1 412020 0 15 25 19 21 2 6 2 5
0 0 0 1 1 3 6 1 7 1 1 2 6 5 4 7 2 0 0 412487 0 15 25 19 21 2 4 2 5
0 0 0 1 1 1 1 6 7 1 1 2 7 -1 -1 -1 -1 -1 -1 412954 0 15 25 19 21 2 4 2 5
0 0 0 1 1 4 1 6 7 1 1 2 7 -1 -1 -1 -1 -1 -1 413453 1 15 25 19 21 2 4 2 5
0 0 0 1 1 6 1 1 7 1 1 2 5 -1 -1 -1 -1 -1 -1 413920 0 15 25 19 21 2 4 2 5
0 0 0 1 7 1 1 1 7 1 1 2 4 4 4 7 2 1 1 414387 0 15 25 19 21 2 5 2 5
0 0 0 1 6 1 1 1 7 1 1 2 4 -1 -1 -1 -1 -1 -1 414853 0 15 25 19 21 2 5 2 5
0 0 0 1 1 6 4 1 7 1 1 2 5 -1 -1 -1 -1 -1 -1 415353 1 15 25 19 21 2 5 2 5
0 0 0 1 1 6 1 1 7 1 1 2 5 -1 -1 -1 -1 -1 -1 415820 0 15 25 19 21 2 5 2 5
0 0 0 1 1 7 1 1 7 1 1 2 5 5 4 7 2 1 1 416286 0 15 25 19 21 2 4 2 5
0 0 0 1 6 1 1 1 7 1 1 2 4 -1 -1 -1 -1 -1 -1 416753 0 15 25 20 22 2 4 2 5
0 0 0 1 1 6 4 1 7 1 1 2 5 -1 -1 -1 -1 -1 -1 417219 1 15 25 20 22 2 4 2 5
0 0 0 1 1 6 1 1 7 1 1 2 5 -1 -1 -1 -1 -1 -1 417652 0 15 25 20 22 2 4 2 5
0 0 0 1 3 1 6 1 7 1 1 2 6 4 4 8 3 0 0 418119 0 15 25 20 22 2 4 2 5
0 0 0 1 1 6 1 1 7 1 1 2 5 -1 -1 -1 -1 -1 -1 418552 0 15 25 20 22 2 4 2 5
0 0 0 1 4 1 6 1 7 1 1 2 6 -1 -1 -1 -1 -1 -1 419019 1 15 25 20 22 2 4 2 5
0 0 0 1 1 1 6 1 7 1 1 2 6 -1 -1 -1 -1 -1 -1 419485 0 15 25 20 22 2 4 2 5
0 0 0 1 1 1 7 1 7 1 1 2 6 6 4 8 3 1 1 419919 0 15 25 20 22 2 5 2 5
0 0 0 1 6 1 1 1 7 1 1 2 4 -1 -1 -1 -1 -1 -1 420385 0 15 25 20 22 2 5 2 5
0 0 0 1 1 6 4 1 7 1 1 2 5 -1 -1 -1 -1 -1 -1 420852 1 15 25 20 22 2 5 2 5
0 0 0 1 6 1 1 1 7 1 1 2 4 -1 -1 -1 -1 -1 -1 421285 0 15 25 20 22 2 5 2 5
0 0 0 1 6 1 3 1 7 1 1 2 4 6 4 5 0 0 0 421751 0 15 25 20 22 2 6 2 5
0 0 0 1 6 1 1 1 7 1 1 2 4 -1 -1 -1 -1 -1 -1 422218 0 15 25 20 22 2 6 2 5
0 0 0 1 1 6 4 1 7 1 1 2 5 -1 -1 -1 -1 -1 -1 422651 1 15 25 20 22 2 6 2 5
0 0 0 1 1 6 1 1 7 1 1 2 5 -1 -1 -1 -1 -1 -1 423118 0 15 25 20 22 2 6 2 5
0 0 0 1 1 6 1 3 7 1 1 2 5 7 4 6 1 0 0 423551 0 15 25 20 22 2 8 0 5
0 0 0 1 1 1 6 1 7 1 1 2 6 -1 -1 -1 -1 -1 -1 424018 0 15 25 20 22 2 8 0 5
0 0 0 1 4 1 6 1 7 1 1 2 6 -1 -1 -1 -1 -1 -1 424484 1 15 25 20 22 2 8 0 5
0 0 0 1 1 1 1 6 7 1 1 2 7 -1 -1 -1 -1 -1 -1 424917 0 15 25 20 22 2 8 0 5
0 0 0 1 1 1 1 7 7 1 1 2 7 7 4 6 1 1 1 425384 0 15 25 20 22 2 6 2 5
0 0 0 1 1 1 6 1 7 1 1 2 6 -1 -1 -1 -1 -1 -1 425817 0 15 25 21 23 2 6 2 5
0 0 0 4 1 1 1 6 7 1 1 2 7 -1 -1 -1 -1 -1 -1 426250 1 15 25 21 23 2 6 2 5
0 0 0 1 1 1 1 6 7 1 1 2 7 -1 -1 -1 -1 -1 -1 426684 0 15 25 21 23 2 6 2 5
0 0 0 1 1 1 1 7 7 1 1 2 7 7 4 6 1 1 1 427117 0 15 25 21 23 2 4 2 5
0 0 0 1 1 1 6 1 7 1 1 2 6 -1 -1 -1 -1 -1 -1 427550 0 15 25 21 23 2 4 2 5
0 0 0 1 1 6 1 4 7 1 1 2 5 -1 -1 -1 -1 -1 -1 427983 1 15 25 21 23 2 4 2 5
0 0 0 1 6 1 1 1 7 1 1 2 4 -1 -1 -1 -1 -1 -1 428416 0 15 25 21 23 2 4 2 5
0 0 0 1 1 6 1 3 7 1 1 2 5 7 4 7 2 0 0 428850 0 15 25 21 23 2 5 2 5
0 0 0 1 1 6 1 1 7 1 1 2 5 -1 -1 -1 -1 -1 -1 429283 0 15 25 21 23 2 5 2 5
0 0 0 4 1 1 6 1 7 1 1 2 6 -1 -1 -1 -1 -1 -1 429749 1 15 25 21 23 2 5 2 5
0 0 0 1 1 1 6 1 7 1 1 2 6 -1 -1 -1 -1 -1 -1 430183 0 15 25 21 23 2 5 2 5
0 0 0 1 1 3 6 1 7 1 1 2 6 5 4 5 0 0 0 430616 0 15 25 21 23 2 4 2 5
0 0 0 1 1 6 1 1 7 1 1 2 5 -1 -1 -1 -1 -1 -1 431049 0 15 25 21 23 2 4 2 5
0 0 0 1 6 1 1 4 7 1 1 2 4 -1 -1 -1 -1 -1 -1 431482 1 15 25 21 23 2 4 2 5
0 0 0 1 1 6 1 1 7 1 1 2 5 -1 -1 -1 -1 -1 -1 431916 0 15 25 21 23 2 4 2 5
0 0 0 3 1 1 6 1 7 1 1 2 6 3 4 6 1 0 0 432349 0 15 25 21 23 2 4 2 5
0 0 0 1 1 1 6 1 7 1 1 2 6 -1 -1 -1 -1 -1 -1 432782 0 15 25 21 23 2 4 2 5
0 0 0 1 1 4 6 1 7 1 1 2 6 -1 -1 -1 -1 -1 -1 433215 1 15 25 21 23 2 4 2 5
0 0 0 1 1 6 1 1 7 1 1 2 5 -1 -1 -1 -1 -1 -1 433649 0 15 25 21 23 2 4 2 5
0 0 0 1 3 6 1 1 7 1 1 2 5 4 4 7 2 0 0 434082 0 15 25 21 23 2 5 2 5
0 0 0 1 6 1 1 1 7 1 1 2 4 -1 -1 -1 -1 -1 -1 434515 0 15 25 21 23 2 5 2 5
0 0 0 1 6 4 1 1 7 1 1 2 4 -1 -1 -1 -1 -1 -1 434948 1 15 25 21 23 2 5 2 5
0 0 0 1 1 6 1 1 7 1 1 2 5 -1 -1 -1 -1 -1 -1 435381 0 15 25 21 23 2 5 2 5
0 0 0 1 1 7 1 1 7 1 1 2 5 5 4 7 2 1 1 435815 0 15 25 21 23 2 6 2 5
0 0 0 0 1 6 1 0 8 2 1 0 5 -1 -1 -1 -1 -1 -1 441313 0 15 25 18 60 2 8 0 3
0 0 0 0 1 6 1 0 8 2 1 0 5 -1 -1 -1 -1 -1 -1 441480 0 15 25 18 60 2 8 0 3
0 0 0 0 1 1 6 0 8 2 1 0 6 -1 -1 -1 -1 -1 -1 441647 0 15 25 18 60 2 5 2 3
0 0 0 0 1 6 1 0 8 2 1 0 5 -1 -1 -1 -1 -1 -1 441813 0 15 25 18 51.8 2 5 2 3
0 0 0 0 1 1 6 0 8 2 1 0 6 -1 -1 -1 -1 -1 -1 442080 0 15 25 18 29.9333 2 5 2 3
0 0 0 0 6 1 1 0 8 2 1 0 4 -1 -1 -1 -1 -1 -1 442546 0 15 25 18 19 2 5 2 3
0 0 0 0 1 6 1 0 8 2 1 0 5 -1 -1 -1 -1 -1 -1 443080 0 15 25 18 19 2 5 2 3
0 0 0 0 1 6 1 0 8 2 1 0 5 -1 -1 -1 -1 -1 -1 443579 0 15 25 18 19 2 5 2 3
0 0 0 0 1 6 1 0 8 2 1 0 5 -1 -1 -1 -1 -1 -1 444113 0 15 25 18 19 2 5 2 3
0 0 0 0 1 1 6 0 8 2 1 0 6 -1 -1 -1 -1 -1 -1 444646 0 15 25 18 19 2 5 2 3
0 0 0 0 1 3 6 0 8 2 1 0 6 5 5 4 2 0 0 445179 0 15 25 18 19 2 6 2 3
0 0 0 0 1 6 1 0 8 2 1 0 5 -1 -1 -1 -1 -1 -1 445712 0 15 25 18 19 2 6 2 3
0 0 0 0 1 1 6 0 8 2 1 0 6 -1 -1 -1 -1 -1 -1 446212 0 15 25 18 19 2 6 2 3
0 0 0 0 1 1 6 0 8 2 1 0 6 -1 -1 -1 -1 -1 -1 446745 0 15 25 18 19 2 6 2 3
0 0 0 0 3 1 6 0 8 2 1 0 6 4 5 4 1 0 0 447279 0 15 25 18 19 2 6 2 3
0 0 0 0 1 6 1 0 8 2 1 0 5 -1 -1 -1 -1 -1 -1 447812 0 15 25 18 19 2 6 2 3
0 0 0 0 1 6 1 0 8 2 1 0 5 -1 -1 -1 -1 -1 -1 448345 0 15 25 18 19 2 6 2 3
0 0 0 0 1 6 1 0 8 2 1 0 5 -1 -1 -1 -1 -1 -1 448845 0 15 25 18 19 2 6 2 3
0 0 0 0 6 1 3 0 8 2 1 0 4 6 5 4 0 0 0 449378 0 15 25 18 19 2 5 2 3
0 0 0 0 6 1 1 0 8 2 1 0 4 -1 -1 -1 -1 -1 -1 449911 0 15 25 18 19 2 5 2 3
0 0 0 0 1 6 1 0 8 2 1 0 5 -1 -1 -1 -1 -1 -1 450444 0 15 25 18 19 2 5 2 3
0 0 0 0 1 6 1 0 8 2 1 0 5 -1 -1 -1 -1 -1 -1 450944 0 15 25 18 19 2 5 2 3
0 0 0 0 6 1 3 0 8 2 1 0 4 6 5 4 2 0 0 451478 0 15 25 18 19 2 6 2 3
0 0 0 0 1 6 1 0 8 2 1 0 5 -1 -1 -1 -1 -1 -1 452011 0 15 25 18 19 2 6 2 3
0 0 0 0 6 1 1 0 8 2 1 0 4 -1 -1 -1 -1 -1 -1 452544 0 15 25 18 19 2 6 2 3
0 0 0 0 6 1 1 0 8 2 1 0 4 -1 -1 -1 -1 -1 -1 453077 0 15 25 18 19 2 6 2 3
0 0 0 0 7 1 1 0 8 2 1 0 4 4 5 4 2 1 1 453577 0 15 25 18 19 2 5 2 3
0 0 0 0 1 6 1 0 8 2 1 0 5 -1 -1 -1 -1 -1 -1 454110 0 15 25 18 19 2 5 2 3
0 0 0 0 6 1 1 0 8 2 1 0 4 -1 -1 -1 -1 -1 -1 454643 0 15 25 18 19 2 5 2 3
0 0 0 0 6 1 1 0 8 2 1 0 4 -1 -1 -1 -1 -1 -1 455177 0 15 25 18 19 2 5 2 3
0 0 0 0 7 1 1 0 8 2 1 0 4 4 5 4 2 1 1 455710 0 15 25 18 19 2 8 0 3
0 0 0 0 1 6 1 0 8 2 1 0 5 -1 -1 -1 -1 -1 -1 456176 0 15 25 19 21 2 8 0 3
0 0 0 0 1 6 1 0 8 2 1 0 5 -1 -1 -1 -1 -1 -1 456643 0 15 25 19 21 2 8 0 3
0 0 0 0 6 1 1 0 8 2 1 0 4 -1 -1 -1 -1 -1 -1 457143 0 15 25 19 21 2 8 0 3
0 0 0 0 6 1 3 0 8 2 1 0 4 6 5 4 3 0 0 457609 0 15 25 19 21 2 5 2 3
0 0 0 0 6 1 1 0 8 2 1 0 4 -1 -1 -1 -1 -1 -1 458076 0 15 25 19 21 2 5 2 3
0 0 0 0 6 1 1 0 8 2 1 0 4 -1 -1 -1 -1 -1 -1 458576 0 15 25 19 21 2 5 2 3
0 0 0 0 1 6 1 0 8 2 1 0 5 -1 -1 -1 -1 -1 -1 459042 0 15 25 19 21 2 5 2 3
0 0 0 0 6 1 3 0 8 2 1 0 4 6 5 4 1 0 0 459509 0 15 25 19 21 2 5 2 3
0 0 0 0 6 1 1 0 8 2 1 0 4 -1 -1 -1 -1 -1 -1 459975 0 15 25 19 21 2 5 2 3
0 0 0 0 1 6 1 0 8 2 1 0 5 -1 -1 -1 -1 -1 -1 460475 0 15 25 19 21 2 5 2 3
0 0 0 0 6 1 1 0 8 2 1 0 4 -1 -1 -1 -1 -1 -1 460942 0 15 25 19 21 2 5 2 3
0 0 0 0 7 1 1 0 8 2 1 0 4 4 5 4 1 1 1 461408 0 15 25 19 21 2 6 2 3
0 0 0 0 1 6 1 0 8 2 1 0 5 -1 -1 -1 -1 -1 -1 461875 0 15 25 19 21 2 6 2 3
0 0 0 0 6 1 1 0 8 2 1 0 4 -1 -1 -1 -1 -1 -1 462375 0 15 25 19 21 2 6 2 3
0 0 0 0 6 1 1 0 8 2 1 0 4 -1 -1 -1 -1 -1 -1 462841 0 15 25 19 21 2 6 2 3
0 0 0 0 7 1 1 0 8 2 1 0 4 4 5 4 1 1 1 463308 0 15 25 19 21 2 6 2 3
0 0 0 0 1 6 1 0 8 2 1 0 5 -1 -1 -1 -1 -1 -1 463775 0 15 25 20 22 2 6 2 3
0 0 0 0 6 1 1 0 8 2 1 0 4 -1 -1 -1 -1 -1 -1 464241 0 15 25 20 22 2 6 2 3
0 0 0 0 6 1 1 0 8 2 1 0 4 -1 -1 -1 -1 -1 -1 464674 0 15 25 20 22 2 6 2 3
0 0 0 0 6 3 1 0 8 2 1 0 4 5 5 4 0 0 0 465141 0 15 25 20 22 2 5 2 3
0 0 0 0 1 6 1 0 8 2 1 0 5 -1 -1 -1 -1 -1 -1 465607 0 15 25 20 22 2 5 2 3
0 0 0 0 1 6 1 0 8 2 1 0 5 -1 -1 -1 -1 -1 -1 466041 0 15 25 20 22 2 5 2 3
0 0 0 0 6 1 1 0 8 2 1 0 4 -1 -1 -1 -1 -1 -1 466507 0 15 25 20 22 2 5 2 3
0 0 0 0 7 1 1 0 8 2 1 0 4 4 5 4 0 1 1 466974 0 15 25 20 22 2 6 2 3
0 0 0 0 1 6 1 0 8 2 1 0 5 -1 -1 -1 -1 -1 -1 467407 0 15 25 20 22 2 6 2 3
0 0 0 0 6 1 1 0 8 2 1 0 4 -1 -1 -1 -1 -1 -1 467874 0 15 25 20 22 2 6 2 3
0 0 0 0 6 1 1 0 8 2 1 0 4 -1 -1 -1 -1 -1 -1 468307 0 15 25 20 22 2 6 2 3
0 0 0 0 7 1 1 0 8 2 1 0 4 4 5 4 0 1 1 468773 0 15 25 20 22 2 5 2 3
0 0 0 0 1 6 1 0 8 2 1 0 5 -1 -1 -1 -1 -1 -1 469207 0 15 25 21 23 2 5 2 3
0 0 0 0 1 1 6 0 8 2 1 0 6 -1 -1 -1 -1 -1 -1 469640 0 15 25 21 23 2 5 2 3
0 0 0 0 1 1 6 0 8 2 1 0 6 -1 -1 -1 -1 -1 -1 470073 0 15 25 21 23 2 5 2 3
0 0 0 0 3 6 1 0 8 2 1 0 5 4 5 4 2 0 0 470506 0 15 25 21 23 2 8 0 3
0 0 0 0 1 6 1 0 8 2 1 0 5 -1 -1 -1 -1 -1 -1 470939 0 15 25 21 23 2 8 0 3
0 0 0 0 1 6 1 0 8 2 1 0 5 -1 -1 -1 -1 -1 -1 471373 0 15 25 21 23 2 8 0 3
0 0 0 0 6 1 1 0 8 2 1 0 4 -1 -1 -1 -1 -1 -1 471806 0 15 25 21 23 2 8 0 3
0 0 0 0 6 1 3 0 8 2 1 0 4 6 5 4 0 0 0 472239 0 15 25 21 23 2 5 2 3
0 0 0 0 1 6 1 0 8 2 1 0 5 -1 -1 -1 -1 -1 -1 472706 0 15 25 21 23 2 5 2 3
0 0 0 0 6 1 1 0 8 2 1 0 4 -1 -1 -1 -1 -1 -1 473139 0 15 25 21 23 2 5 2 3
0 0 0 0 6 1 1 0 8 2 1 0 4 -1 -1 -1 -1 -1 -1 473572 0 15 25 21 23 2 5 2 3
0 0 0 0 6 1 3 0 8 2 1 0 4 6 5 4 1 0 0 474005 0 15 25 21 23 2 5 2 3
0 0 0 0 6 1 1 0 8 2 1 0 4 -1 -1 -1 -1 -1 -1 474439 0 15 25 21 23 2 5 2 3
0 0 0 0 1 1 6 0 8 2 1 0 6 -1 -1 -1 -1 -1 -1 474872 0 15 25 21 23 2 5 2 3
0 0 0 0 1 1 6 0 8 2 1 0 6 -1 -1 -1 -1 -1 -1 475305 0 15 25 21 23 2 5 2 3
0 0 0 0 1 3 6 0 8 2 1 0 6 5 5 4 2 0 0 475738 0 15 25 21 23 2 6 2 3
0 0 0 0 1 6 1 0 8 2 1 0 5 -1 -1 -1 -1 -1 -1 476171 0 15 25 21 23 2 6 2 3
0 0 0 0 1 1 6 0 8 2 1 0 6 -1 -1 -1 -1 -1 -1 476605 0 15 25 21 23 2 6 2 3
0 0 0 0 1 1 6 0 8 2 1 0 6 -1 -1 -1 -1 -1 -1 477038 0 15 25 21 23 2 6 2 3
0 0 0 0 1 3 6 0 8 2 1 0 6 5 5 4 0 0 0 477471 0 15 25 21 23 2 6 2 3
0 0 0 0 1 6 1 0 8 2 1 0 5 -1 -1 -1 -1 -1 -1 477904 0 15 25 21 23 2 6 2 3
0 0 0 0 1 1 6 0 8 2 1 0 6 -1 -1 -1 -1 -1 -1 478338 0 15 25 21 23 2 6 2 3
0 0 0 0 1 6 1 0 8 2 1 0 5 -1 -1 -1 -1 -1 -1 478771 0 15 25 21 23 2 6 2 3
0 0 0 0 3 6 1 0 8 2 1 0 5 4 5 4 2 0 0 479204 0 15 25 21 23 2 5 2 3
0 0 0 0 1 6 1 0 8 2 1 0 5 -1 -1 -1 -1 -1 -1 479637 0 15 25 21 23 2 5 2 3
0 0 0 0 1 1 6 0 8 2 1 0 6 -1 -1 -1 -1 -1 -1 480071 0 15 25 21 23 2 5 2 3
0 0 0 0 1 1 6 0 8 2 1 0 6 -1 -1 -1 -1 -1 -1 480504 0 15 25 21 23 2 5 2 3
0 0 0 0 1 3 6 0 8 2 1 0 6 5 5 4 1 0 0 480937 0 15 25 21 23 2 6 2 3
0 0 0 0 1 1 6 0 8 2 1 0 6 -1 -1 -1 -1 -1 -1 481370 0 15 25 21 23 2 6 2 3
0 0 0 0 6 1 1 0 8 2 1 0 4 -1 -1 -1 -1 -1 -1 481803 0 15 25 21 23 2 6 2 3
0 0 0 0 6 1 1 0 8 2 1 0 4 -1 -1 -1 -1 -1 -1 482237 0 15 25 21 23 2 6 2 3
0 0 0 0 7 1 1 0 8 2 1 0 4 4 5 4 1 1 1 482670 0 15 25 21 23 2 5 2 3
0 0 0 0 1 6 1 0 8 2 1 0 5 -1 -1 -1 -1 -1 -1 483136 0 15 25 21 23 2 5 2 3
0 0 0 0 1 1 6 0 8 2 1 0 6 -1 -1 -1 -1 -1 -1 483570 0 15 25 21 23 2 5 2 3
0 0 0 0 1 1 6 0 8 2 1 0 6 -1 -1 -1 -1 -1 -1 484003 0 15 25 21 23 2 5 2 3
0 0 0 0 1 3 6 0 8 2 1 0 6 5 5 4 0 0 0 484436 0 15 25 21 23 2 8 0 3
0 0 0 0 1 6 1 0 8 2 1 0 5 -1 -1 -1 -1 -1 -1 484869 0 15 25 21 23 2 8 0 3
0 0 0 0 1 1 6 0 8 2 1 0 6 -1 -1 -1 -1 -1 -1 485303 0 15 25 21 23 2 8 0 3
0 0 0 0 1 1 6 0 8 2 1 0 6 -1 -1 -1 -1 -1 -1 485736 0 15 25 21 23 2 8 0 3
0 0 0 0 1 1 7 0 8 2 1 0 6 6 5 4 0 1 1 486169 0 15 25 21 23 2 5 2 3
0 0 0 0 1 6 1 0 8 2 1 0 5 -1 -1 -1 -1 -1 -1 441313 0 15 25 18 60 2 8 0 3
0 0 0 0 1 6 1 0 8 2 1 0 5 -1 -1 -1 -1 -1 -1 441480 0 15 25 18 60 2 8 0 3
0 0 0 0 1 1 6 0 8 2 1 0 6 -1 -1 -1 -1 -1 -1 441647 0 15 25 18 60 2 5 2 3
0 0 0 0 1 6 1 0 8 2 1 0 5 -1 -1 -1 -1 -1 -1 441813 0 15 25 18 51.8 2 5 2 3
0 0 0 0 1 1 6 0 8 2 1 0 6 -1 -1 -1 -1 -1 -1 442080 0 15 25 18 29.9333 2 5 2 3
0 0 0 0 6 1 1 0 8 2 1 0 4 -1 -1 -1 -1 -1 -1 442546 0 15 25 18 19 2 5 2 3
0 0 0 0 1 6 1 0 8 2 1 0 5 -1 -1 -1 -1 -1 -1 443080 0 15 25 18 19 2 5 2 3
0 0 0 0 1 6 1 0 8 2 1 0 5 -1 -1 -1 -1 -1 -1 443579 0 15 25 18 19 2 5 2 3
0 0 0 0 1 6 1 0 8 2 1 0 5 -1 -1 -1 -1 -1 -1 444113 0 15 25 18 19 2 5 2 3
0 0 0 0 1 1 6 0 8 2 1 0 6 -1 -1 -1 -1 -1 -1 444646 0 15 25 18 19 2 5 2 3
0 0 0 0 1 3 6 0 8 2 1 0 6 5 5 4 2 0 0 445179 0 15 25 18 19 2 6 2 3
0 0 0 0 1 6 1 0 8 2 1 0 5 -1 -1 -1 -1 -1 -1 445712 0 15 25 18 19 2 6 2 3
0 0 0 0 1 1 6 0 8 2 1 0 6 -1 -1 -1 -1 -1 -1 446212 0 15 25 18 19 2 6 2 3
0 0 0 0 1 1 6 0 8 2 1 0 6 -1 -1 -1 -1 -1 -1 446745 0 15 25 18 19 2 6 2 3
0 0 0 0 3 1 6 0 8 2 1 0 6 4 5 4 1 0 0 447279 0 15 25 18 19 2 6 2 3
0 0 0 0 1 6 1 0 8 2 1 0 5 -1 -1 -1 -1 -1 -1 447812 0 15 25 18 19 2 6 2 3
0 0 0 0 1 6 1 0 8 2 1 0 5 -1 -1 -1 -1 -1 -1 448345 0 15 25 18 19 2 6 2 3
0 0 0 0 1 6 1 0 8 2 1 0 5 -1 -1 -1 -1 -1 -1 448845 0 15 25 18 19 2 6 2 3
0 0 0 0 6 1 3 0 8 2 1 0 4 6 5 4 0 0 0 449378 0 15 25 18 19 2 5 2 3
0 0 0 0 6 1 1 0 8 2 1 0 4 -1 -1 -1 -1 -1 -1 449911 0 15 25 18 19 2 5 2 3
0 0 0 0 1 6 1 0 8 2 1 0 5 -1 -1 -1 -1 -1 -1 450444 0 15 25 18 19 2 5 2 3
0 0 0 0 1 6 1 0 8 2 1 0 5 -1 -1 -1 -1 -1 -1 450944 0 15 25 18 19 2 5 2 3
0 0 0 0 6 1 3 0 8 2 1 0 4 6 5 4 2 0 0 451478 0 15 25 18 19 2 6 2 3
0 0 0 0 1 6 1 0 8 2 1 0 5 -1 -1 -1 -1 -1 -1 452011 0 15 25 18 19 2 6 2 3
0 0 0 0 6 1 1 0 8 2 1 0 4 -1 -1 -1 -1 -1 -1 452544 0 15 25 18 19 2 6 2 3
0 0 0 0 6 1 1 0 8 2 1 0 4 -1 -1 -1 -1 -1 -1 453077 0 15 25 18 19 2 6 2 3
0 0 0 0 7 1 1 0 8 2 1 0 4 4 5 4 2 1 1 453577 0 15 25 18 19 2 5 2 3
0 0 0 0 1 6 1 0 8 2 1 0 5 -1 -1 -1 -1 -1 -1 454110 0 15 25 18 19 2 5 2 3
0 0 0 0 6 1 1 0 8 2 1 0 4 -1 -1 -1 -1 -1 -1 454643 0 15 25 18 19 2 5 2 3
0 0 0 0 6 1 1 0 8 2 1 0 4 -1 -1 -1 -1 -1 -1 455177 0 15 25 18 19 2 5 2 3
0 0 0 0 7 1 1 0 8 2 1 0 4 4 5 4 2 1 1 455710 0 15 25 18 19 2 8 0 3
0 0 0 0 1 6 1 0 8 2 1 0 5 -1 -1 -1 -1 -1 -1 456176 0 15 25 19 21 2 8 0 3
0 0 0 0 1 6 1 0 8 2 1 0 5 -1 -1 -1 -1 -1 -1 456643 0 15 25 19 21 2 8 0 3
0 0 0 0 6 1 1 0 8 2 1 0 4 -1 -1 -1 -1 -1 -1 457143 0 15 25 19 21 2 8 0 3
0 0 0 0 6 1 3 0 8 2 1 0 4 6 5 4 3 0 0 457609 0 15 25 19 21 2 5 2 3
0 0 0 0 6 1 1 0 8 2 1 0 4 -1 -1 -1 -1 -1 -1 458076 0 15 25 19 21 2 5 2 3
0 0 0 0 6 1 1 0 8 2 1 0 4 -1 -1 -1 -1 -1 -1 458576 0 15 25 19 21 2 5 2 3
0 0 0 0 1 6 1 0 8 2 1 0 5 -1 -1 -1 -1 -1 -1 459042 0 15 25 19 21 2 5 2 3
0 0 0 0 6 1 3 0 8 2 1 0 4 6 5 4 1 0 0 459509 0 15 25 19 21 2 5 2 3
0 0 0 0 6 1 1 0 8 2 1 0 4 -1 -1 -1 -1 -1 -1 459975 0 15 25 19 21 2 5 2 3
0 0 0 0 1 6 1 0 8 2 1 0 5 -1 -1 -1 -1 -1 -1 460475 0 15 25 19 21 2 5 2 3
0 0 0 0 6 1 1 0 8 2 1 0 4 -1 -1 -1 -1 -1 -1 460942 0 15 25 19 21 2 5 2 3
0 0 0 0 7 1 1 0 8 2 1 0 4 4 5 4 1 1 1 461408 0 15 25 19 21 2 6 2 3
0 0 0 0 1 6 1 0 8 2 1 0 5 -1 -1 -1 -1 -1 -1 461875 0 15 25 19 21 2 6 2 3
0 0 0 0 6 1 1 0 8 2 1 0 4 -1 -1 -1 -1 -1 -1 462375 0 15 25 19 21 2 6 2 3
0 0 0 0 6 1 1 0 8 2 1 0 4 -1 -1 -1 -1 -1 -1 462841 0 15 25 19 21 2 6 2 3
0 0 0 0 7 1 1 0 8 2 1 0 4 4 5 4 1 1 1 463308 0 15 25 19 21 2 6 2 3
0 0 0 0 1 6 1 0 8 2 1 0 5 -1 -1 -1 -1 -1 -1 463775 0 15 25 20 22 2 6 2 3
0 0 0 0 6 1 1 0 8 2 1 0 4 -1 -1 -1 -1 -1 -1 464241 0 15 25 20 22 2 6 2 3
0 0 0 0 6 1 1 0 8 2 1 0 4 -1 -1 -1 -1 -1 -1 464674 0 15 25 20 22 2 6 2 3
0 0 0 0 6 3 1 0 8 2 1 0 4 5 5 4 0 0 0 465141 0 15 25 20 22 2 5 2 3
0 0 0 0 1 6 1 0 8 2 1 0 5 -1 -1 -1 -1 -1 -1 465607 0 15 25 20 22 2 5 2 3
0 0 0 0 1 6 1 0 8 2 1 0 5 -1 -1 -1 -1 -1 -1 466041 0 15 25 20 22 2 5 2 3
0 0 0 0 6 1 1 0 8 2 1 0 4 -1 -1 -1 -1 -1 -1 466507 0 15 25 20 22 2 5 2 3
0 0 0 0 7 1 1 0 8 2 1 0 4 4 5 4 0 1 1 466974 0 15 25 20 22 2 6 2 3
0 0 0 0 1 6 1 0 8 2 1 0 5 -1 -1 -1 -1 -1 -1 467407 0 15 25 20 22 2 6 2 3
0 0 0 0 6 1 1 0 8 2 1 0 4 -1 -1 -1 -1 -1 -1 467874 0 15 25 20 22 2 6 2 3
0 0 0 0 6 1 1 0 8 2 1 0 4 -1 -1 -1 -1 -1 -1 468307 0 15 25 20 22 2 6 2 3
0 0 0 0 7 1 1 0 8 2 1 0 4 4 5 4 0 1 1 468773 0 15 25 20 22 2 5 2 3
0 0 0 0 1 6 1 0 8 2 1 0 5 -1 -1 -1 -1 -1 -1 469207 0 15 25 21 23 2 5 2 3
0 0 0 0 1 1 6 0 8 2 1 0 6 -1 -1 -1 -1 -1 -1 469640 0 15 25 21 23 2 5 2 3
0 0 0 0 1 1 6 0 8 2 1 0 6 -1 -1 -1 -1 -1 -1 470073 0 15 25 21 23 2 5 2 3
0 0 0 0 3 6 1 0 8 2 1 0 5 4 5 4 2 0 0 470506 0 15 25 21 23 2 8 0 3
0 0 0 0 1 6 1 0 8 2 1 0 5 -1 -1 -1 -1 -1 -1 470939 0 15 25 21 23 2 8 0 3
0 0 0 0 1 6 1 0 8 2 1 0 5 -1 -1 -1 -1 -1 -1 471373 0 15 25 21 23 2 8 0 3
0 0 0 0 6 1 1 0 8 2 1 0 4 -1 -1 -1 -1 -1 -1 471806 0 15 25 21 23 2 8 0 3
0 0 0 0 6 1 3 0 8 2 1 0 4 6 5 4 0 0 0 472239 0 15 25 21 23 2 5 2 3
0 0 0 0 1 6 1 0 8 2 1 0 5 -1 -1 -1 -1 -1 -1 472706 0 15 25 21 23 2 5 2 3
0 0 0 0 6 1 1 0 8 2 1 0 4 -1 -1 -1 -1 -1 -1 473139 0 15 25 21 23 2 5 2 3
0 0 0 0 6 1 1 0 8 2 1 0 4 -1 -1 -1 -1 -1 -1 473572 0 15 25 21 23 2 5 2 3
0 0 0 0 6 1 3 0 8 2 1 0 4 6 5 4 1 0 0 474005 0 15 25 21 23 2 5 2 3
0 0 0 0 6 1 1 0 8 2 1 0 4 -1 -1 -1 -1 -1 -1 474439 0 15 25 21 23 2 5 2 3
0 0 0 0 1 1 6 0 8 2 1 0 6 -1 -1 -1 -1 -1 -1 474872 0 15 25 21 23 2 5 2 3
0 0 0 0 1 1 6 0 8 2 1 0 6 -1 -1 -1 -1 -1 -1 475305 0 15 25 21 23 2 5 2 3
0 0 0 0 1 3 6 0 8 2 1 0 6 5 5 4 2 0 0 475738 0 15 25 21 23 2 6 2 3
0 0 0 0 1 6 1 0 8 2 1 0 5 -1 -1 -1 -1 -1 -1 476171 0 15 25 21 23 2 6 2 3
0 0 0 0 1 1 6 0 8 2 1 0 6 -1 -1 -1 -1 -1 -1 476605 0 15 25 21 23 2 6 2 3
0 0 0 0 1 1 6 0 8 2 1 0 6 -1 -1 -1 -1 -1 -1 477038 0 15 25 21 23 2 6 2 3
0 0 0 0 1 3 6 0 8 2 1 0 6 5 5 4 0 0 0 477471 0 15 25 21 23 2 6 2 3
0 0 0 0 1 6 1 0 8 2 1 0 5 -1 -1 -1 -1 -1 -1 477904 0 15 25 21 23 2 6 2 3
0 0 0 0 1 1 6 0 8 2 1 0 6 -1 -1 -1 -1 -1 -1 478338 0 15 25 21 23 2 6 2 3
0 0 0 0 1 6 1 0 8 2 1 0 5 -1 -1 -1 -1 -1 -1 478771 0 15 25 21 23 2 6 2 3
0 0 0 0 3 6 1 0 8 2 1 0 5 4 5 4 2 0 0 479204 0 15 25 21 23 2 5 2 3
0 0 0 0 1 6 1 0 8 2 1 0 5 -1 -1 -1 -1 -1 -1 479637 0 15 25 21 23 2 5 2 3
0 0 0 0 1 1 6 0 8 2 1 0 6 -1 -1 -1 -1 -1 -1 480071 0 15 25 21 23 2 5 2 3
0 0 0 0 1 1 6 0 8 2 1 0 6 -1 -1 -1 -1 -1 -1 480504 0 15 25 21 23 2 5 2 3
0 0 0 0 1 3 6 0 8 2 1 0 6 5 5 4 1 0 0 480937 0 15 25 21 23 2 6 2 3
0 0 0 0 1 1 6 0 8 2 1 0 6 -1 -1 -1 -1 -1 -1 481370 0 15 25 21 23 2 6 2 3
0 0 0 0 6 1 1 0 8 2 1 0 4 -1 -1 -1 -1 -1 -1 481803 0 15 25 21 23 2 6 2 3
0 0 0 0 6 1 1 0 8 2 1 0 4 -1 -1 -1 -1 -1 -1 482237 0 15 25 21 23 2 6 2 3
0 0 0 0 7 1 1 0 8 2 1 0 4 4 5 4 1 1 1 482670 0 15 25 21 23 2 5 2 3
0 0 0 0 1 6 1 0 8 2 1 0 5 -1 -1 -1 -1 -1 -1 483136 0 15 25 21 23 2 5 2 3
0 0 0 0 1 1 6 0 8 2 1 0 6 -1 -1 -1 -1 -1 -1 483570 0 15 25 21 23 2 5 2 3
0 0 0 0 1 1 6 0 8 2 1 0 6 -1 -1 -1 -1 -1 -1 484003 0 15 25 21 23 2 5 2 3
0 0 0 0 1 3 6 0 8 2 1 0 6 5 5 4 0 0 0 484436 0 15 25 21 23 2 8 0 3
0 0 0 0 1 6 1 0 8 2 1 0 5 -1 -1 -1 -1 -1 -1 484869 0 15 25 21 23 2 8 0 3
0 0 0 0 1 1 6 0 8 2 1 0 6 -1 -1 -1 -1 -1 -1 485303 0 15 25 21 23 2 8 0 3
0 0 0 0 1 1 6 0 8 2 1 0 6 -1 -1 -1 -1 -1 -1 485736 0 15 25 21 23 2 8 0 3
0 0 0 0 1 1 7 0 8 2 1 0 6 6 5 4 0 1 1 486169 0 15 25 21 23 2 5 2 3
