% Tunnel Log: 
% debug seed: 1462561257
%
% SegEncNW { '0'=no panel, '1'=panel, '4'=obstacle, '5'=collided obstacle, '6'=player, '7'=player right, '8'=player wrong, '2'=target, '3'=fake }
% SegEncN
% SegEncNE
% SegEncE
% SegEncSE
% SegEncS
% SegEncSW
% SegEncW
% Event Number { 0, inf }
% Task Type { 0=Color/Sound, 1=Shape/Sound, 2=Sound, 3=Navigation, 4=Speed, 5=Training 6=Recess, 7=Special 2-Back }
% N-Back { 0, inf }
% Navigation Level { 0, inf }
% Player Loc { 0=Northwest ... 7=West }
% Pod Loc { -1=N/A, 0=Northwest ... 7=West }
% Pod Color { -1, inf }
% Pod Shape { -1, inf }
% Pod Sound { -1, inf }
% Pod Match { -1=N/A, 0=No, 1=Yes }
% Pod Taken { -1=N/A, 0=No, 1=Yes }
% Timestamp (ms)
% Num Obstacles { 0, inf }
% Min Speed { 0, inf }
% Max Speed { 0, inf }
% Base Speed { 0, inf }
% Final Speed { 0, inf }
% Navigation Score { 0, inf }
% Segment Direction { 0=Northwest ... 7=West }
% Segment Angle { 0, inf }
% Segment Panels { 0, inf }
%
% SegEncNW SecEncN SegEncNE SegEncE SegEncSE SegEncS SegEncSW SegEncW EventNumber TaskType N-Back Navigation PlayerLoc PodLoc PodColor PodShape PodSound PodMatch PodTaken Timestamp NumObs MinSpeed MaxSpeed BaseSpeed FinalSpeed NavScore SegmentDir SegmentAngle SegmentPanels
0 0 0 0 1 6 1 0 0 3 2 0 5 -1 -1 -1 -1 -1 -1 16633 0 15 40 15 60 2 8 0 3
0 0 0 0 1 6 1 0 0 3 2 0 5 -1 -1 -1 -1 -1 -1 16733 0 15 40 15 60 2 8 0 3
0 0 0 0 1 6 1 0 0 3 2 0 5 -1 -1 -1 -1 -1 -1 16900 0 15 40 15 60 2 8 0 3
0 0 0 0 1 6 1 0 0 3 2 0 5 -1 -1 -1 -1 -1 -1 17066 0 15 40 15 60 2 6 2 3
0 0 0 0 1 6 1 0 0 3 2 0 5 -1 -1 -1 -1 -1 -1 17233 0 15 40 15 50 2 6 2 3
0 0 0 0 1 6 1 0 0 3 2 0 5 -1 -1 -1 -1 -1 -1 17533 0 15 40 15 20 2 6 2 3
0 0 0 0 1 6 1 0 0 3 2 0 5 -1 -1 -1 -1 -1 -1 18466 0 15 40 15 10 2 6 2 3
0 0 0 0 1 6 1 0 0 3 2 0 5 -1 -1 -1 -1 -1 -1 19466 0 15 40 15 12.5 2 4 2 3
0 0 0 0 1 6 1 0 0 3 2 0 5 -1 -1 -1 -1 -1 -1 20266 0 15 40 15 12.5 2 4 2 3
0 0 0 0 1 6 1 0 0 3 2 0 5 -1 -1 -1 -1 -1 -1 21066 0 15 40 15 12.5 2 4 2 3
0 0 0 0 1 6 1 0 0 3 2 0 5 -1 -1 -1 -1 -1 -1 21866 0 15 40 15 12.5 2 4 2 3
0 0 0 0 1 7 1 0 0 3 2 0 5 5 5 4 4 1 1 22666 0 15 40 15 11.5 2 5 2 3
0 0 0 0 6 1 1 0 0 3 2 0 4 -1 -1 -1 -1 -1 -1 23633 0 15 40 15 10 2 5 2 3
0 0 0 0 6 1 1 0 0 3 2 0 4 -1 -1 -1 -1 -1 -1 24499 0 15 40 15 12.5 2 5 2 3
0 0 0 0 6 1 1 0 0 3 2 0 4 -1 -1 -1 -1 -1 -1 25299 0 15 40 15 12.5 2 5 2 3
0 0 0 0 7 1 1 0 0 3 2 0 4 4 5 4 4 1 1 26199 0 15 40 15 10 2 4 2 3
0 0 0 0 1 6 1 0 0 3 2 0 5 -1 -1 -1 -1 -1 -1 26999 0 15 40 16 13 2 4 2 3
0 0 0 0 1 6 1 0 0 3 2 0 5 -1 -1 -1 -1 -1 -1 27766 0 15 40 16 16.25 2 4 2 3
0 0 0 0 1 6 1 0 0 3 2 0 5 -1 -1 -1 -1 -1 -1 28366 0 15 40 16 16.25 2 4 2 3
0 0 0 0 1 7 1 0 0 3 2 0 5 5 5 4 4 1 1 28999 0 15 40 16 16.25 2 6 2 3
0 0 0 0 1 1 6 0 0 3 2 0 6 -1 -1 -1 -1 -1 -1 29633 0 15 40 16 13.4333 2 6 2 3
0 0 0 0 1 1 6 0 0 3 2 0 6 -1 -1 -1 -1 -1 -1 30399 0 15 40 16 13 2 6 2 3
0 0 0 0 1 1 6 0 0 3 2 0 6 -1 -1 -1 -1 -1 -1 31166 0 15 40 16 13 2 6 2 3
0 0 0 1 1 1 7 1 0 3 2 0 6 6 5 4 4 1 1 31866 0 15 40 16 16.25 2 5 2 5
0 0 0 1 1 1 6 1 0 3 2 1 6 -1 -1 -1 -1 -1 -1 32366 0 15 40 17 20 2 5 2 5
0 0 0 1 1 6 1 1 0 3 2 1 5 -1 -1 -1 -1 -1 -1 32866 0 15 40 17 20 2 5 2 5
0 0 0 1 1 6 1 1 0 3 2 1 5 -1 -1 -1 -1 -1 -1 33399 0 15 40 17 16.8 2 5 2 5
0 0 0 1 1 7 1 1 0 3 2 1 5 5 5 4 4 1 1 33966 0 15 40 17 20 2 5 2 5
0 0 0 1 1 6 1 1 0 3 2 1 5 -1 -1 -1 -1 -1 -1 34466 0 15 40 17 20 2 5 2 5
0 0 0 1 1 1 6 1 0 3 2 1 6 -1 -1 -1 -1 -1 -1 34966 0 15 40 17 20 2 5 2 5
0 0 0 1 1 1 1 6 0 3 2 1 7 -1 -1 -1 -1 -1 -1 35466 0 15 40 17 17.8667 2 5 2 5
0 0 0 1 1 1 1 7 0 3 2 1 7 7 5 4 4 1 1 36066 0 15 40 17 20 2 8 0 5
0 0 0 1 1 1 1 6 0 3 2 1 7 -1 -1 -1 -1 -1 -1 36499 0 15 40 18 23.75 2 8 0 5
0 0 0 1 1 1 6 1 0 3 2 1 6 -1 -1 -1 -1 -1 -1 36899 0 15 40 18 23.75 2 8 0 5
0 0 0 1 1 6 1 1 0 3 2 1 5 -1 -1 -1 -1 -1 -1 37333 0 15 40 18 23.75 2 8 0 5
0 0 0 1 1 7 1 1 0 3 2 1 5 5 5 4 4 1 1 37766 0 15 40 18 23.75 2 6 2 5
0 0 0 1 1 6 1 1 0 3 2 1 5 -1 -1 -1 -1 -1 -1 38166 0 15 40 18 23.75 2 6 2 5
0 0 0 1 6 1 1 1 0 3 2 1 4 -1 -1 -1 -1 -1 -1 38599 0 15 40 18 23.75 2 6 2 5
0 0 0 1 6 1 1 1 0 3 2 1 4 -1 -1 -1 -1 -1 -1 39033 0 15 40 18 23.75 2 6 2 5
0 0 0 1 7 1 1 1 0 3 2 1 4 4 5 4 4 1 1 39466 0 15 40 18 23.75 2 4 2 5
0 0 0 1 6 1 1 1 0 3 2 1 4 -1 -1 -1 -1 -1 -1 39833 0 15 40 19 26.25 2 4 2 5
0 0 0 1 6 1 1 1 0 3 2 1 4 -1 -1 -1 -1 -1 -1 40233 0 15 40 19 26.25 2 4 2 5
0 0 0 1 6 1 1 1 0 3 2 1 4 -1 -1 -1 -1 -1 -1 40599 0 15 40 19 26.25 2 4 2 5
0 0 0 1 7 1 1 1 0 3 2 1 4 4 5 4 4 1 1 40966 0 15 40 19 26.25 2 5 2 5
0 0 0 1 6 1 1 1 0 3 2 1 4 -1 -1 -1 -1 -1 -1 41366 0 15 40 19 26.25 2 5 2 5
0 0 0 1 6 1 1 1 0 3 2 1 4 -1 -1 -1 -1 -1 -1 41733 0 15 40 19 26.25 2 5 2 5
0 0 0 1 6 1 1 1 0 3 2 1 4 -1 -1 -1 -1 -1 -1 42133 0 15 40 19 26.25 2 5 2 5
0 0 0 1 7 1 1 1 0 3 2 1 4 4 5 4 4 1 1 42499 0 15 40 19 25.55 2 4 2 5
0 0 0 1 6 1 1 1 0 3 2 2 4 -1 -1 -1 -1 -1 -1 42866 0 15 40 20 27.5 2 4 2 5
0 0 0 6 1 1 1 1 0 3 2 2 3 -1 -1 -1 -1 -1 -1 43233 0 15 40 20 27.5 2 4 2 5
0 0 0 6 1 1 1 1 0 3 2 2 3 -1 -1 -1 -1 -1 -1 43599 0 15 40 20 27.5 2 4 2 5
0 0 0 7 1 1 1 1 0 3 2 2 3 3 5 4 4 1 1 43966 0 15 40 20 27.5 2 6 2 5
0 0 0 6 1 1 1 1 0 3 2 2 3 -1 -1 -1 -1 -1 -1 44333 0 15 40 20 24.5667 2 6 2 5
0 0 0 1 6 1 4 1 0 3 2 2 4 -1 -1 -1 -1 -1 -1 44799 1 15 40 20 22 2 6 2 5
0 0 0 1 6 1 1 1 0 3 2 2 4 -1 -1 -1 -1 -1 -1 45199 0 15 40 20 27.5 2 6 2 5
0 0 0 1 7 1 1 1 0 3 2 2 4 4 5 4 4 1 1 45566 0 15 40 20 27.5 2 5 2 5
0 0 0 1 6 1 1 1 0 3 2 2 4 -1 -1 -1 -1 -1 -1 45899 0 15 40 21 28.75 2 5 2 5
0 0 0 6 1 4 1 1 0 3 2 2 3 -1 -1 -1 -1 -1 -1 46266 1 15 40 21 28.75 2 5 2 5
0 0 0 6 1 1 1 1 0 3 2 2 3 -1 -1 -1 -1 -1 -1 46599 0 15 40 21 28.3667 2 5 2 5
0 0 0 7 1 1 1 1 0 3 2 2 3 3 5 4 4 1 1 46966 0 15 40 21 28.75 2 5 2 5
0 0 0 6 1 1 1 1 0 3 2 2 3 -1 -1 -1 -1 -1 -1 47299 0 15 40 21 28.75 2 5 2 5
0 0 0 1 6 1 1 4 0 3 2 2 4 -1 -1 -1 -1 -1 -1 47666 1 15 40 21 28.75 2 5 2 5
0 0 0 1 6 1 1 1 0 3 2 2 4 -1 -1 -1 -1 -1 -1 47999 0 15 40 21 28.75 2 5 2 5
0 0 0 1 7 1 1 1 0 3 2 2 4 4 5 4 4 1 1 48366 0 15 40 21 26.8333 2 8 0 5
0 0 0 1 6 1 1 1 0 3 2 2 4 -1 -1 -1 -1 -1 -1 48732 0 15 40 22 24 2 8 0 5
0 0 0 1 1 6 1 4 0 3 2 2 5 -1 -1 -1 -1 -1 -1 49166 1 15 40 22 24 2 8 0 5
0 0 0 1 1 1 6 1 0 3 2 2 6 -1 -1 -1 -1 -1 -1 49566 0 15 40 22 24 2 8 0 5
0 0 0 1 1 1 7 1 0 3 2 2 6 6 5 4 4 1 1 49899 0 15 40 22 30 2 6 2 5
0 0 0 1 1 1 6 1 0 3 2 2 6 -1 -1 -1 -1 -1 -1 50232 0 15 40 22 30 2 6 2 5
0 0 0 1 1 1 6 4 0 3 2 2 6 -1 -1 -1 -1 -1 -1 50566 1 15 40 22 30 2 6 2 5
0 0 0 1 1 6 1 1 0 3 2 2 5 -1 -1 -1 -1 -1 -1 50899 0 15 40 22 30 2 6 2 5
0 0 0 1 1 7 1 1 0 3 2 2 5 5 5 4 4 1 1 51266 0 15 40 22 28 2 4 2 5
0 0 0 1 1 6 1 1 0 3 2 2 5 -1 -1 -1 -1 -1 -1 51632 0 15 40 23 25 2 4 2 5
0 0 0 4 1 6 1 1 0 3 2 2 5 -1 -1 -1 -1 -1 -1 52032 1 15 40 23 25 2 4 2 5
0 0 0 1 1 6 1 1 0 3 2 2 5 -1 -1 -1 -1 -1 -1 52366 0 15 40 23 31.25 2 4 2 5
0 0 0 1 1 7 1 1 0 3 2 2 5 5 5 4 4 1 1 52699 0 15 40 23 31.25 2 5 2 5
0 0 0 1 1 6 1 1 0 3 2 2 5 -1 -1 -1 -1 -1 -1 53032 0 15 40 23 31.25 2 5 2 5
0 0 0 4 1 1 6 1 0 3 2 2 6 -1 -1 -1 -1 -1 -1 53332 1 15 40 23 31.25 2 5 2 5
0 0 0 1 1 1 6 1 0 3 2 2 6 -1 -1 -1 -1 -1 -1 53666 0 15 40 23 31.25 2 5 2 5
0 0 0 1 1 1 7 1 0 3 2 2 6 6 5 4 4 1 1 53999 0 15 40 23 27.9167 2 4 2 5
0 0 0 1 1 1 6 1 0 3 2 2 6 -1 -1 -1 -1 -1 -1 54366 0 15 40 24 25.5 2 4 2 5
0 0 0 4 1 6 1 1 0 3 2 2 5 -1 -1 -1 -1 -1 -1 54766 1 15 40 24 25.5 2 4 2 5
0 0 0 1 1 6 1 1 0 3 2 2 5 -1 -1 -1 -1 -1 -1 55132 0 15 40 24 31.875 2 4 2 5
0 0 0 1 1 7 1 1 0 3 2 2 5 5 5 4 4 1 1 55466 0 15 40 24 31.875 2 6 2 5
0 0 0 1 1 6 1 1 0 3 2 2 5 -1 -1 -1 -1 -1 -1 55766 0 15 40 24 31.875 2 6 2 5
0 0 0 1 4 6 1 1 0 3 2 2 5 -1 -1 -1 -1 -1 -1 56099 1 15 40 24 31.875 2 6 2 5
0 0 0 1 6 1 1 1 0 3 2 2 4 -1 -1 -1 -1 -1 -1 56399 0 15 40 24 31.875 2 6 2 5
0 0 0 7 1 1 1 1 0 3 2 2 3 3 5 4 4 1 1 56699 0 15 40 24 30.6 2 5 2 5
0 0 0 6 1 1 1 1 0 3 2 2 3 -1 -1 -1 -1 -1 -1 57066 0 15 40 25 26.4333 2 5 2 5
0 0 0 6 1 1 4 1 0 3 2 2 3 -1 -1 -1 -1 -1 -1 57432 1 15 40 25 26 2 5 2 5
0 0 0 6 1 1 1 1 0 3 2 2 3 -1 -1 -1 -1 -1 -1 57799 0 15 40 25 32.5 2 5 2 5
0 0 0 7 1 1 1 1 0 3 2 2 3 3 5 4 4 1 1 58132 0 15 40 25 32.5 2 5 2 5
0 0 0 6 1 1 1 1 0 3 2 2 3 -1 -1 -1 -1 -1 -1 58432 0 15 40 25 32.5 2 5 2 5
0 0 0 6 1 4 1 1 0 3 2 2 3 -1 -1 -1 -1 -1 -1 58732 1 15 40 25 32.5 2 5 2 5
0 0 0 6 1 1 1 1 0 3 2 2 3 -1 -1 -1 -1 -1 -1 59032 0 15 40 25 32.5 2 5 2 5
0 0 0 7 1 1 1 1 0 3 2 2 3 3 5 4 4 1 1 59366 0 15 40 25 32.5 2 8 0 5
0 0 0 6 1 1 1 1 0 3 2 2 3 -1 -1 -1 -1 -1 -1 59666 0 15 40 26 33.125 2 8 0 5
0 0 0 6 1 1 4 1 0 3 2 2 3 -1 -1 -1 -1 -1 -1 59966 1 15 40 26 33.125 2 8 0 5
0 0 0 1 6 1 1 1 0 3 2 2 4 -1 -1 -1 -1 -1 -1 60266 0 15 40 26 33.125 2 8 0 5
0 0 0 1 7 1 1 1 0 3 2 2 4 4 5 4 4 1 1 60566 0 15 40 26 33.125 2 6 2 5
0 0 0 1 6 1 1 1 0 3 2 2 4 -1 -1 -1 -1 -1 -1 60866 0 15 40 26 33.125 2 6 2 5
0 0 0 6 1 1 4 1 0 3 2 2 3 -1 -1 -1 -1 -1 -1 61199 1 15 40 26 28.7083 2 6 2 5
0 0 0 6 1 1 1 1 0 3 2 2 3 -1 -1 -1 -1 -1 -1 61566 0 15 40 26 26.5 2 6 2 5
0 0 0 7 1 1 1 1 0 3 2 2 3 3 5 4 4 1 1 61866 0 15 40 26 33.125 2 4 2 5
0 0 0 6 1 1 1 1 0 3 2 2 3 -1 -1 -1 -1 -1 -1 62166 0 15 40 27 33.75 2 4 2 5
0 0 0 6 4 1 1 1 0 3 2 2 3 -1 -1 -1 -1 -1 -1 62466 1 15 40 27 33.75 2 4 2 5
0 0 0 6 1 1 1 1 0 3 2 2 3 -1 -1 -1 -1 -1 -1 62766 0 15 40 27 33.75 2 4 2 5
0 0 0 1 7 1 1 1 0 3 2 2 4 4 5 4 4 1 1 63066 0 15 40 27 33.75 2 5 2 5
0 0 0 1 6 1 1 1 0 3 2 2 4 -1 -1 -1 -1 -1 -1 63366 0 15 40 27 33.75 2 5 2 5
0 0 0 1 6 1 4 1 0 3 2 2 4 -1 -1 -1 -1 -1 -1 63666 1 15 40 27 33.75 2 5 2 5
0 0 0 1 1 6 1 1 0 3 2 2 5 -1 -1 -1 -1 -1 -1 63932 0 15 40 27 33.75 2 5 2 5
0 0 0 1 1 1 7 1 0 3 2 2 6 6 5 4 4 1 1 64232 0 15 40 27 33.75 2 4 2 5
0 0 0 1 1 1 6 1 0 3 2 2 6 -1 -1 -1 -1 -1 -1 64532 0 15 40 28 34.375 2 4 2 5
0 0 0 1 1 6 4 1 0 3 2 2 5 -1 -1 -1 -1 -1 -1 64832 1 15 40 28 33.4583 2 4 2 5
0 0 0 1 1 1 6 1 0 3 2 2 6 -1 -1 -1 -1 -1 -1 65132 0 15 40 28 29.3333 2 4 2 5
0 0 0 1 1 1 1 7 0 3 2 2 7 7 5 4 4 1 1 65499 0 15 40 28 27.5 2 6 2 5
0 0 0 1 1 1 6 1 0 3 2 2 6 -1 -1 -1 -1 -1 -1 65866 0 15 40 28 27.5 2 6 2 5
0 0 0 1 1 1 6 4 0 3 2 2 6 -1 -1 -1 -1 -1 -1 66232 1 15 40 28 27.5 2 6 2 5
0 0 0 1 1 1 6 1 0 3 2 2 6 -1 -1 -1 -1 -1 -1 66599 0 15 40 28 34.375 2 6 2 5
0 0 0 1 1 1 7 1 0 3 2 2 6 6 5 4 4 1 1 66899 0 15 40 28 34.375 2 5 2 5
0 0 0 1 1 6 1 1 0 3 2 2 5 -1 -1 -1 -1 -1 -1 67165 0 15 40 29 35 2 5 2 5
0 0 0 1 1 6 4 1 0 3 2 2 5 -1 -1 -1 -1 -1 -1 67465 1 15 40 29 35 2 5 2 5
0 0 0 1 1 6 1 1 0 3 2 2 5 -1 -1 -1 -1 -1 -1 67732 0 15 40 29 35 2 5 2 5
0 0 0 1 1 1 1 7 0 3 2 2 7 7 5 4 4 1 1 68032 0 15 40 29 35 2 5 2 5
0 0 0 1 1 1 1 6 0 3 2 2 7 -1 -1 -1 -1 -1 -1 68332 0 15 40 29 31.7333 2 5 2 5
0 0 0 1 1 1 6 4 0 3 2 2 6 -1 -1 -1 -1 -1 -1 68665 1 15 40 29 28 2 5 2 5
0 0 0 1 1 1 6 1 0 3 2 2 6 -1 -1 -1 -1 -1 -1 69032 0 15 40 29 28 2 5 2 5
0 0 0 1 1 1 7 1 0 3 2 2 6 6 5 4 4 1 1 69365 0 15 40 29 28 2 8 0 5
0 0 0 1 1 1 6 1 0 3 2 2 6 -1 -1 -1 -1 -1 -1 69732 0 15 40 30 28.5 2 8 0 5
0 0 0 1 1 4 6 1 0 3 2 2 6 -1 -1 -1 -1 -1 -1 70065 1 15 40 30 28.5 2 8 0 5
0 0 0 1 1 6 1 1 0 3 2 2 5 -1 -1 -1 -1 -1 -1 70432 0 15 40 30 28.5 2 8 0 5
0 0 0 1 1 7 1 1 0 3 2 2 5 5 5 4 4 1 1 70765 0 15 40 30 28.5 2 6 2 5
0 0 0 1 1 6 1 1 0 3 2 2 5 -1 -1 -1 -1 -1 -1 71132 0 15 40 30 28.5 2 6 2 5
0 0 0 1 4 6 1 1 0 3 2 2 5 -1 -1 -1 -1 -1 -1 71499 1 15 40 30 28.5 2 6 2 5
0 0 0 1 6 1 1 1 0 3 2 2 4 -1 -1 -1 -1 -1 -1 71832 0 15 40 30 28.5 2 6 2 5
0 0 0 1 7 1 1 1 0 3 2 2 4 4 5 4 4 1 1 72199 0 15 40 30 28.5 2 4 2 5
0 0 0 1 6 1 1 1 0 3 2 2 4 -1 -1 -1 -1 -1 -1 72532 0 15 40 31 29 2 4 2 5
0 0 0 6 1 1 1 4 0 3 2 2 3 -1 -1 -1 -1 -1 -1 72865 1 15 40 31 29 2 4 2 5
0 0 0 6 1 1 1 1 0 3 2 2 3 -1 -1 -1 -1 -1 -1 73232 0 15 40 31 36.25 2 4 2 5
0 0 0 7 1 1 1 1 0 3 2 2 3 3 5 4 4 1 1 73499 0 15 40 31 36.25 2 5 2 5
0 0 0 6 1 1 1 1 0 3 2 2 3 -1 -1 -1 -1 -1 -1 73765 0 15 40 31 36.25 2 5 2 5
0 0 0 1 6 1 4 1 0 3 2 2 4 -1 -1 -1 -1 -1 -1 74032 1 15 40 31 36.25 2 5 2 5
0 0 0 1 1 6 1 1 0 3 2 2 5 -1 -1 -1 -1 -1 -1 74332 0 15 40 31 36.25 2 5 2 5
0 0 0 1 1 7 1 1 0 3 2 2 5 5 5 4 4 1 1 74599 0 15 40 31 36.25 2 4 2 5
0 0 0 1 1 6 1 1 0 3 2 2 5 -1 -1 -1 -1 -1 -1 74865 0 15 40 32 36.875 2 4 2 5
0 0 0 1 1 6 4 1 0 3 2 2 5 -1 -1 -1 -1 -1 -1 75132 1 15 40 32 36.875 2 4 2 5
0 0 0 1 6 1 1 1 0 3 2 2 4 -1 -1 -1 -1 -1 -1 75399 0 15 40 32 36.875 2 4 2 5
0 0 0 7 1 1 1 1 0 3 2 2 3 3 5 4 4 1 1 75699 0 15 40 32 36.875 2 6 2 5
0 0 0 6 1 1 1 1 0 3 2 2 3 -1 -1 -1 -1 -1 -1 75965 0 15 40 32 36.875 2 6 2 5
0 0 0 4 6 1 1 1 0 3 2 2 4 -1 -1 -1 -1 -1 -1 76232 1 15 40 32 36.875 2 6 2 5
0 0 0 1 6 1 1 1 0 3 2 2 4 -1 -1 -1 -1 -1 -1 76499 0 15 40 32 33.4333 2 6 2 5
0 0 0 0 1 6 1 0 1 4 2 0 5 -1 -1 -1 -1 -1 -1 86032 0 15 40 15 60 2 8 0 3
0 0 0 0 1 6 1 0 1 4 2 0 5 -1 -1 -1 -1 -1 -1 86199 0 15 40 15 60 2 8 0 3
0 0 0 0 1 6 1 0 1 4 2 0 5 -1 -1 -1 -1 -1 -1 86365 0 15 40 15 60 2 4 2 3
0 0 0 0 1 6 1 0 1 4 2 0 5 -1 -1 -1 -1 -1 -1 86532 0 15 40 15 50 2 4 2 3
0 0 0 0 1 6 1 0 1 4 2 0 5 -1 -1 -1 -1 -1 -1 86832 0 15 40 15 20 2 4 2 3
0 0 0 0 1 6 1 0 1 4 2 0 5 -1 -1 -1 -1 -1 -1 87765 0 15 40 15 10 2 4 2 3
0 0 0 0 1 6 1 0 1 4 2 0 5 -1 -1 -1 -1 -1 -1 88598 0 15 40 15 12.5 2 4 2 3
0 0 0 0 1 6 1 0 1 4 2 0 5 -1 -1 -1 -1 -1 -1 89398 0 15 40 15 12.1667 2 4 2 3
0 0 0 0 1 6 1 0 1 4 2 0 5 -1 -1 -1 -1 -1 -1 90332 0 15 40 15 10 2 4 2 3
0 0 0 0 1 6 1 0 1 4 2 0 5 -1 -1 -1 -1 -1 -1 91332 0 15 40 15 10 2 4 2 3
0 0 0 0 3 6 1 0 1 4 2 0 5 4 3 8 3 0 0 92332 0 15 40 15 10 2 6 2 3
0 0 0 0 1 6 1 0 1 4 2 0 5 -1 -1 -1 -1 -1 -1 93165 0 15 40 15 12.5 2 6 2 3
0 0 0 0 6 1 1 0 1 4 2 0 4 -1 -1 -1 -1 -1 -1 93965 0 15 40 15 12.5 2 6 2 3
0 0 0 0 6 1 1 0 1 4 2 0 4 -1 -1 -1 -1 -1 -1 94898 0 15 40 15 10 2 6 2 3
0 0 0 0 6 3 1 0 1 4 2 0 4 5 0 6 1 0 0 95898 0 15 40 15 10 2 4 2 3
0 0 0 0 1 6 1 0 1 4 2 0 5 -1 -1 -1 -1 -1 -1 96898 0 15 40 15 10 2 4 2 3
0 0 0 0 1 6 1 0 1 4 2 0 5 -1 -1 -1 -1 -1 -1 97765 0 15 40 15 12.5 2 4 2 3
0 0 0 0 1 6 1 0 1 4 2 0 5 -1 -1 -1 -1 -1 -1 98565 0 15 40 15 12.5 2 4 2 3
0 0 0 0 3 6 1 0 1 4 2 0 5 4 1 7 2 0 0 99465 0 15 40 15 10 2 6 2 3
0 0 0 0 1 6 1 0 1 4 2 0 5 -1 -1 -1 -1 -1 -1 100465 0 15 40 15 10 2 6 2 3
0 0 0 0 1 6 1 0 1 4 2 0 5 -1 -1 -1 -1 -1 -1 101465 0 15 40 15 10 2 6 2 3
0 0 0 0 1 6 1 0 1 4 2 0 5 -1 -1 -1 -1 -1 -1 102332 0 15 40 15 12.5 2 6 2 3
0 0 0 0 1 7 1 0 1 4 2 0 5 5 0 6 1 1 1 103132 0 15 40 15 12.5 2 5 2 3
0 0 0 0 1 6 1 0 1 4 2 0 5 -1 -1 -1 -1 -1 -1 103998 0 15 40 15 10 2 5 2 3
0 0 0 0 1 6 1 0 1 4 2 0 5 -1 -1 -1 -1 -1 -1 104865 0 15 40 15 12.5 2 5 2 3
0 0 0 0 1 6 1 0 1 4 2 0 5 -1 -1 -1 -1 -1 -1 105665 0 15 40 15 12.5 2 5 2 3
0 0 0 0 3 6 1 0 1 4 2 0 5 4 2 5 0 0 0 106565 0 15 40 15 10 2 5 2 3
0 0 0 0 6 1 1 0 1 4 2 0 4 -1 -1 -1 -1 -1 -1 107565 0 15 40 15 10 2 5 2 3
0 0 0 0 6 1 1 0 1 4 2 0 4 -1 -1 -1 -1 -1 -1 108365 0 15 40 15 12.5 2 5 2 3
0 0 0 0 6 1 1 0 1 4 2 0 4 -1 -1 -1 -1 -1 -1 109165 0 15 40 15 12.3333 2 5 2 3
0 0 0 0 7 1 1 0 1 4 2 0 4 4 0 6 1 1 1 110132 0 15 40 15 10 2 8 0 3
0 0 0 0 6 1 1 0 1 4 2 0 4 -1 -1 -1 -1 -1 -1 110931 0 15 40 16 13 2 8 0 3
0 0 0 0 6 1 1 0 1 4 2 0 4 -1 -1 -1 -1 -1 -1 111565 0 15 40 16 16.25 2 8 0 3
0 0 0 0 6 1 1 0 1 4 2 0 4 -1 -1 -1 -1 -1 -1 112165 0 15 40 16 16.25 2 8 0 3
0 0 0 0 6 3 1 0 1 4 2 0 4 5 3 8 3 0 0 112798 0 15 40 16 14.0833 2 4 2 3
0 0 0 0 1 6 1 0 1 4 2 0 5 -1 -1 -1 -1 -1 -1 113565 0 15 40 16 13 2 4 2 3
0 0 0 0 1 6 1 0 1 4 2 0 5 -1 -1 -1 -1 -1 -1 114265 0 15 40 16 16.25 2 4 2 3
0 0 0 0 1 6 1 0 1 4 2 0 5 -1 -1 -1 -1 -1 -1 114865 0 15 40 16 16.25 2 4 2 3
0 0 0 1 1 7 1 1 1 4 2 0 5 5 0 6 1 1 1 115498 0 15 40 16 16.25 2 4 2 5
0 0 0 1 1 6 1 1 1 4 2 0 5 -1 -1 -1 -1 -1 -1 116198 0 15 40 16 13 2 4 2 5
0 0 0 1 6 1 1 1 1 4 2 0 4 -1 -1 -1 -1 -1 -1 116965 0 15 40 16 13 2 4 2 5
0 0 0 6 1 1 1 1 1 4 2 0 3 -1 -1 -1 -1 -1 -1 117598 0 15 40 16 16.25 2 4 2 5
0 0 0 6 3 1 1 1 1 4 2 0 3 4 1 7 2 0 0 118198 0 15 40 16 16.25 2 6 2 5
0 0 0 1 6 1 1 1 1 4 2 1 4 -1 -1 -1 -1 -1 -1 118831 0 15 40 16 14.0833 2 6 2 5
0 0 0 1 6 1 1 1 1 4 2 1 4 -1 -1 -1 -1 -1 -1 119598 0 15 40 16 13 2 6 2 5
0 0 0 6 1 1 1 1 1 4 2 1 3 -1 -1 -1 -1 -1 -1 120365 0 15 40 16 13 2 6 2 5
0 0 0 8 1 1 1 1 1 4 2 1 3 3 3 8 3 0 1 120998 0 15 40 16 16.25 2 4 2 5
0 0 0 6 1 1 1 1 1 4 2 1 3 -1 -1 -1 -1 -1 -1 121765 0 15 40 15 12.5 2 4 2 5
0 0 0 1 6 1 1 1 1 4 2 1 4 -1 -1 -1 -1 -1 -1 122665 0 15 40 15 12.5 2 4 2 5
0 0 0 1 6 1 1 1 1 4 2 1 4 -1 -1 -1 -1 -1 -1 123465 0 15 40 15 12.5 2 4 2 5
0 0 0 3 6 1 1 1 1 4 2 1 4 3 0 6 1 0 0 124265 0 15 40 15 12 2 6 2 5
0 0 0 1 6 1 1 1 1 4 2 1 4 -1 -1 -1 -1 -1 -1 125231 0 15 40 15 10 2 6 2 5
0 0 0 1 6 1 1 1 1 4 2 1 4 -1 -1 -1 -1 -1 -1 126165 0 15 40 15 12.5 2 6 2 5
0 0 0 1 6 1 1 1 1 4 2 1 4 -1 -1 -1 -1 -1 -1 126965 0 15 40 15 12.5 2 6 2 5
0 0 0 1 6 3 1 1 1 4 2 1 4 5 2 5 0 0 0 127798 0 15 40 15 10.3333 2 5 2 5
0 0 0 1 6 1 1 1 1 4 2 1 4 -1 -1 -1 -1 -1 -1 128765 0 15 40 15 10 2 5 2 5
0 0 0 1 6 1 1 1 1 4 2 1 4 -1 -1 -1 -1 -1 -1 129598 0 15 40 15 12.5 2 5 2 5
0 0 0 1 6 1 1 1 1 4 2 1 4 -1 -1 -1 -1 -1 -1 130398 0 15 40 15 12.3333 2 5 2 5
0 0 0 1 8 1 1 1 1 4 2 1 4 4 1 7 2 0 1 131265 0 15 40 15 12.5 2 5 2 5
0 0 0 1 6 1 1 1 1 4 2 1 4 -1 -1 -1 -1 -1 -1 132065 0 15 40 15 12.5 2 5 2 5
0 0 0 6 1 1 1 1 1 4 2 1 3 -1 -1 -1 -1 -1 -1 132866 0 15 40 15 12.5 2 5 2 5
0 0 0 6 1 1 1 1 1 4 2 1 3 -1 -1 -1 -1 -1 -1 133666 0 15 40 15 12.5 2 5 2 5
0 0 0 7 1 1 1 1 1 4 2 1 3 3 2 5 0 1 1 134499 0 15 40 15 11 2 8 0 5
0 0 0 6 1 1 1 1 1 4 2 1 3 -1 -1 -1 -1 -1 -1 135466 0 15 40 15 10 2 8 0 5
0 0 0 1 6 1 1 1 1 4 2 1 4 -1 -1 -1 -1 -1 -1 136466 0 15 40 15 10 2 8 0 5
0 0 0 1 6 1 1 1 1 4 2 1 4 -1 -1 -1 -1 -1 -1 137367 0 15 40 15 12.5 2 8 0 5
0 0 0 3 6 1 1 1 1 4 2 1 4 3 0 6 1 0 0 138167 0 15 40 15 12.5 2 4 2 5
0 0 0 1 6 1 1 1 1 4 2 1 4 -1 -1 -1 -1 -1 -1 139034 0 15 40 15 10 2 4 2 5
0 0 0 1 6 1 1 1 1 4 2 1 4 -1 -1 -1 -1 -1 -1 139967 0 15 40 15 12.5 2 4 2 5
0 0 0 1 1 6 1 1 1 4 2 1 5 -1 -1 -1 -1 -1 -1 140767 0 15 40 15 12.5 2 4 2 5
0 0 0 1 6 3 1 1 1 4 2 1 4 5 1 7 2 0 0 141601 0 15 40 15 10.5 2 4 2 5
0 0 0 1 6 1 1 1 1 4 2 1 4 -1 -1 -1 -1 -1 -1 142401 0 15 40 15 12.5 2 4 2 5
0 0 0 1 6 1 1 1 1 4 2 1 4 -1 -1 -1 -1 -1 -1 143201 0 15 40 15 12.5 2 4 2 5
0 0 0 1 6 1 1 1 1 4 2 1 4 -1 -1 -1 -1 -1 -1 144168 0 15 40 15 10 2 4 2 5
0 0 0 1 6 1 3 1 1 4 2 1 4 6 3 8 3 0 0 145168 0 15 40 15 10 2 6 2 5
0 0 0 1 6 1 1 1 1 4 2 1 4 -1 -1 -1 -1 -1 -1 145968 0 15 40 15 12.5 2 6 2 5
0 0 0 1 6 1 1 1 1 4 2 1 4 -1 -1 -1 -1 -1 -1 146769 0 15 40 15 12.5 2 6 2 5
0 0 0 1 6 1 1 1 1 4 2 1 4 -1 -1 -1 -1 -1 -1 147669 0 15 40 15 12.5 2 6 2 5
0 0 0 1 7 1 1 1 1 4 2 1 4 4 1 7 2 1 1 148469 0 15 40 15 12.5 2 4 2 5
0 0 0 1 6 1 1 1 1 4 2 2 4 -1 -1 -1 -1 -1 -1 149136 0 15 40 16 15.8167 2 4 2 5
0 0 0 1 6 1 1 1 1 4 2 2 4 -1 -1 -1 -1 -1 -1 149836 0 15 40 16 13 2 4 2 5
0 0 0 1 6 1 1 1 1 4 2 2 4 -1 -1 -1 -1 -1 -1 150603 0 15 40 16 13 2 4 2 5
0 0 0 3 6 1 1 1 1 4 2 2 4 3 0 6 1 0 0 151370 0 15 40 16 13 2 6 2 5
0 0 0 1 6 1 1 1 1 4 2 2 4 -1 -1 -1 -1 -1 -1 152070 0 15 40 16 16.25 2 6 2 5
0 0 0 1 6 1 4 1 1 4 2 2 4 -1 -1 -1 -1 -1 -1 152703 1 15 40 16 16.25 2 6 2 5
0 0 0 1 6 1 1 1 1 4 2 2 4 -1 -1 -1 -1 -1 -1 153303 0 15 40 16 16.25 2 6 2 5
0 0 0 1 7 1 1 1 1 4 2 2 4 4 1 7 2 1 1 154003 0 15 40 16 13 2 5 2 5
0 0 0 1 6 1 1 1 1 4 2 2 4 -1 -1 -1 -1 -1 -1 154770 0 15 40 16 13 2 5 2 5
0 0 0 1 6 1 1 4 1 4 2 2 4 -1 -1 -1 -1 -1 -1 155404 1 15 40 16 16.25 2 5 2 5
0 0 0 1 6 1 1 1 1 4 2 2 4 -1 -1 -1 -1 -1 -1 156037 0 15 40 16 16.25 2 5 2 5
0 0 0 3 6 1 1 1 1 4 2 2 4 3 2 5 0 0 0 156671 0 15 40 16 14.3 2 5 2 5
0 0 0 1 6 1 1 1 1 4 2 2 4 -1 -1 -1 -1 -1 -1 157404 0 15 40 16 13 2 5 2 5
0 0 0 1 6 4 1 1 1 4 2 2 4 -1 -1 -1 -1 -1 -1 158071 1 15 40 16 16.25 2 5 2 5
0 0 0 1 6 1 1 1 1 4 2 2 4 -1 -1 -1 -1 -1 -1 158671 0 15 40 16 16.25 2 5 2 5
0 0 0 1 6 3 1 1 1 4 2 2 4 5 3 8 3 0 0 159305 0 15 40 16 14.5167 2 8 0 5
0 0 0 1 6 1 1 1 1 4 2 2 4 -1 -1 -1 -1 -1 -1 160005 0 15 40 16 16.25 2 8 0 5
0 0 0 1 6 1 4 1 1 4 2 2 4 -1 -1 -1 -1 -1 -1 160638 1 15 40 16 16.25 2 8 0 5
0 0 0 1 6 1 1 1 1 4 2 2 4 -1 -1 -1 -1 -1 -1 161238 0 15 40 16 16.25 2 8 0 5
0 0 0 1 6 1 1 3 1 4 2 2 4 7 0 6 1 0 0 161838 0 15 40 16 16.25 2 4 2 5
0 0 0 1 6 1 1 1 1 4 2 2 4 -1 -1 -1 -1 -1 -1 162472 0 15 40 16 16.25 2 4 2 5
0 0 0 1 6 1 1 4 1 4 2 2 4 -1 -1 -1 -1 -1 -1 163105 1 15 40 16 15.1667 2 4 2 5
0 0 0 1 1 6 1 1 1 4 2 2 5 -1 -1 -1 -1 -1 -1 163839 0 15 40 16 13 2 4 2 5
0 0 0 1 1 6 3 1 1 4 2 2 5 6 2 5 0 0 0 164506 0 15 40 16 16.25 2 4 2 5
0 0 0 1 1 6 1 1 1 4 2 2 5 -1 -1 -1 -1 -1 -1 165106 0 15 40 16 16.25 2 4 2 5
0 0 0 4 1 6 1 1 1 4 2 2 5 -1 -1 -1 -1 -1 -1 165739 1 15 40 16 15.3833 2 4 2 5
0 0 0 1 6 1 1 1 1 4 2 2 4 -1 -1 -1 -1 -1 -1 166473 0 15 40 16 13 2 4 2 5
0 0 0 1 6 1 3 1 1 4 2 2 4 6 1 7 2 0 0 167173 0 15 40 16 16.25 2 6 2 5
0 0 0 1 6 1 1 1 1 4 2 2 4 -1 -1 -1 -1 -1 -1 167773 0 15 40 16 16.25 2 6 2 5
0 0 0 1 6 1 1 4 1 4 2 2 4 -1 -1 -1 -1 -1 -1 168373 1 15 40 16 16.25 2 6 2 5
0 0 0 1 1 6 1 1 1 4 2 2 5 -1 -1 -1 -1 -1 -1 169107 0 15 40 16 13 2 6 2 5
0 0 0 1 1 7 1 1 1 4 2 2 5 5 2 5 0 1 1 169773 0 15 40 16 16.25 2 4 2 5
0 0 0 1 1 6 1 1 1 4 2 2 5 -1 -1 -1 -1 -1 -1 170274 0 15 40 17 20 2 4 2 5
0 0 0 1 6 4 1 1 1 4 2 2 4 -1 -1 -1 -1 -1 -1 170774 1 15 40 17 20 2 4 2 5
0 0 0 1 1 6 1 1 1 4 2 2 5 -1 -1 -1 -1 -1 -1 171340 0 15 40 17 16 2 4 2 5
0 0 0 1 1 3 6 1 1 4 2 2 6 5 3 8 3 0 0 171941 0 15 40 17 16 2 6 2 5
0 0 0 1 1 1 6 1 1 4 2 2 6 -1 -1 -1 -1 -1 -1 172574 0 15 40 17 16 2 6 2 5
0 0 0 4 6 1 1 1 1 4 2 2 4 -1 -1 -1 -1 -1 -1 173208 1 15 40 17 16 2 6 2 5
0 0 0 6 1 1 1 1 1 4 2 2 3 -1 -1 -1 -1 -1 -1 173841 0 15 40 17 16 2 6 2 5
0 0 0 7 1 1 1 1 1 4 2 2 3 3 2 5 0 1 1 174441 0 15 40 17 16 2 5 2 5
0 0 0 1 6 1 1 1 1 4 2 2 4 -1 -1 -1 -1 -1 -1 175075 0 15 40 17 16 2 5 2 5
0 0 0 1 6 1 1 4 1 4 2 2 4 -1 -1 -1 -1 -1 -1 175641 1 15 40 17 20 2 5 2 5
0 0 0 1 6 1 1 1 1 4 2 2 4 -1 -1 -1 -1 -1 -1 176142 0 15 40 17 20 2 5 2 5
0 0 0 1 6 3 1 1 1 4 2 2 4 5 0 6 1 0 0 176642 0 15 40 17 20 2 5 2 5
0 0 0 1 6 1 1 1 1 4 2 2 4 -1 -1 -1 -1 -1 -1 177142 0 15 40 17 18.1333 2 5 2 5
0 0 0 1 6 1 4 1 1 4 2 2 4 -1 -1 -1 -1 -1 -1 177742 1 15 40 17 16 2 5 2 5
0 0 0 1 1 6 1 1 1 4 2 2 5 -1 -1 -1 -1 -1 -1 178342 0 15 40 17 20 2 5 2 5
0 0 0 1 3 6 1 1 1 4 2 2 5 4 3 8 3 0 0 178842 0 15 40 17 20 2 8 0 5
0 0 0 1 1 6 1 1 1 4 2 2 5 -1 -1 -1 -1 -1 -1 179342 0 15 40 17 20 2 8 0 5
0 0 0 1 6 1 4 1 1 4 2 2 4 -1 -1 -1 -1 -1 -1 179842 1 15 40 17 19.2 2 8 0 5
0 0 0 1 6 1 1 1 1 4 2 2 4 -1 -1 -1 -1 -1 -1 180409 0 15 40 17 20 2 8 0 5
0 0 0 6 1 3 1 1 1 4 2 2 3 5 2 5 0 0 0 180909 0 15 40 17 20 2 4 2 5
0 0 0 6 1 1 1 1 1 4 2 2 3 -1 -1 -1 -1 -1 -1 181409 0 15 40 17 20 2 4 2 5
0 0 0 6 4 1 1 1 1 4 2 2 3 -1 -1 -1 -1 -1 -1 181909 1 15 40 17 18.9333 2 4 2 5
0 0 0 1 1 6 1 1 2 0 3 1 5 -1 -1 -1 -1 -1 -1 190511 0 15 17 17 60 2 8 0 5
0 0 0 1 1 6 1 1 2 0 3 1 5 -1 -1 -1 -1 -1 -1 190678 0 15 17 17 60 2 8 0 5
0 0 0 1 1 6 1 1 2 0 3 1 5 -1 -1 -1 -1 -1 -1 190845 0 15 17 17 60 2 6 2 5
0 0 0 1 1 6 1 1 2 0 3 1 5 -1 -1 -1 -1 -1 -1 191011 0 15 17 17 51.2 2 6 2 5
0 0 0 1 1 6 1 1 2 0 3 1 5 -1 -1 -1 -1 -1 -1 191278 0 15 17 17 27.7333 2 6 2 5
0 0 0 1 1 6 1 1 2 0 3 1 5 -1 -1 -1 -1 -1 -1 191845 0 15 17 17 16 2 6 2 5
0 0 0 1 1 6 1 1 2 0 3 1 5 -1 -1 -1 -1 -1 -1 192478 0 15 17 17 16 2 5 2 5
0 0 0 1 1 6 1 1 2 0 3 1 5 -1 -1 -1 -1 -1 -1 193012 0 15 17 17 20 2 5 2 5
0 0 0 1 1 6 1 1 2 0 3 1 5 -1 -1 -1 -1 -1 -1 193512 0 15 17 17 20 2 5 2 5
0 0 0 1 1 6 1 1 2 0 3 1 5 -1 -1 -1 -1 -1 -1 194012 0 15 17 17 20 2 5 2 5
0 0 0 1 1 6 1 3 2 0 3 1 5 7 1 4 2 0 0 194545 0 15 17 17 17.3333 2 4 2 5
0 0 0 1 1 6 1 1 2 0 3 1 5 -1 -1 -1 -1 -1 -1 195146 0 15 17 17 16 2 4 2 5
0 0 0 1 6 1 1 1 2 0 3 1 4 -1 -1 -1 -1 -1 -1 195779 0 15 17 17 16 2 4 2 5
0 0 0 1 6 1 1 1 2 0 3 1 4 -1 -1 -1 -1 -1 -1 196279 0 15 17 17 20 2 4 2 5
0 0 0 1 6 3 1 1 2 0 3 1 4 5 3 4 3 0 0 196779 0 15 17 17 20 2 5 2 5
0 0 0 1 6 1 1 1 2 0 3 1 4 -1 -1 -1 -1 -1 -1 197279 0 15 17 17 20 2 5 2 5
0 0 0 1 1 6 1 1 2 0 3 1 5 -1 -1 -1 -1 -1 -1 197846 0 15 17 17 16 2 5 2 5
0 0 0 1 1 6 1 1 2 0 3 1 5 -1 -1 -1 -1 -1 -1 198380 0 15 17 17 20 2 5 2 5
0 0 0 1 3 6 1 1 2 0 3 1 5 4 0 4 1 0 0 198880 0 15 17 17 20 2 6 2 5
0 0 0 1 1 6 1 1 2 0 3 1 5 -1 -1 -1 -1 -1 -1 199380 0 15 17 17 20 2 6 2 5
0 0 0 1 1 6 1 1 2 0 3 1 5 -1 -1 -1 -1 -1 -1 199913 0 15 17 17 17.6 2 6 2 5
0 0 0 1 1 6 1 1 2 0 3 1 5 -1 -1 -1 -1 -1 -1 200513 0 15 17 17 16 2 6 2 5
0 0 0 3 1 6 1 1 2 0 3 1 5 3 3 4 3 0 0 201147 0 15 17 17 16 2 4 2 5
0 0 0 1 1 6 1 1 2 0 3 1 5 -1 -1 -1 -1 -1 -1 201647 0 15 17 17 20 2 4 2 5
0 0 0 1 6 1 1 1 2 0 3 1 4 -1 -1 -1 -1 -1 -1 202147 0 15 17 17 20 2 4 2 5
0 0 0 1 6 1 1 1 2 0 3 1 4 -1 -1 -1 -1 -1 -1 202647 0 15 17 17 20 2 4 2 5
0 0 0 1 6 3 1 1 2 0 3 1 4 5 1 4 2 0 0 203214 0 15 17 17 16 2 6 2 5
0 0 0 1 6 1 1 1 2 0 3 1 4 -1 -1 -1 -1 -1 -1 203847 0 15 17 17 16 2 6 2 5
0 0 0 1 1 1 6 1 2 0 3 1 6 -1 -1 -1 -1 -1 -1 204448 0 15 17 17 16 2 6 2 5
0 0 0 1 1 1 1 6 2 0 3 1 7 -1 -1 -1 -1 -1 -1 205081 0 15 17 17 16 2 6 2 5
0 0 0 1 1 1 1 8 2 0 3 1 7 7 3 4 3 0 1 205614 0 15 17 17 20 2 8 0 5
0 0 0 1 1 1 1 6 2 0 3 1 7 -1 -1 -1 -1 -1 -1 206248 0 15 17 16 16.25 2 8 0 5
0 0 0 1 1 1 6 1 2 0 3 1 6 -1 -1 -1 -1 -1 -1 206848 0 15 17 16 16.25 2 8 0 5
0 0 0 1 1 1 6 1 2 0 3 1 6 -1 -1 -1 -1 -1 -1 207482 0 15 17 16 16.25 2 8 0 5
0 0 0 1 1 1 7 1 2 0 3 1 6 6 3 4 3 1 1 208082 0 15 17 16 16.25 2 6 2 5
0 0 0 1 1 1 6 1 2 0 3 1 6 -1 -1 -1 -1 -1 -1 208715 0 15 17 16 15.1667 2 6 2 5
0 0 0 1 1 1 6 1 2 0 3 1 6 -1 -1 -1 -1 -1 -1 209449 0 15 17 16 13 2 6 2 5
0 0 0 1 1 6 1 1 2 0 3 1 5 -1 -1 -1 -1 -1 -1 210149 0 15 17 16 16.25 2 6 2 5
0 0 0 1 1 6 1 3 2 0 3 1 5 7 0 4 1 0 0 210782 0 15 17 16 16.25 2 5 2 5
0 0 0 1 1 6 1 1 2 0 3 1 5 -1 -1 -1 -1 -1 -1 211382 0 15 17 16 16.25 2 5 2 5
0 0 0 1 1 6 1 1 2 0 3 1 5 -1 -1 -1 -1 -1 -1 212083 0 15 17 16 13 2 5 2 5
0 0 0 1 1 6 1 1 2 0 3 1 5 -1 -1 -1 -1 -1 -1 212849 0 15 17 16 13 2 5 2 5
0 0 0 1 1 7 1 1 2 0 3 1 5 5 3 4 3 1 1 213516 0 15 17 16 16.25 2 4 2 5
0 0 0 1 1 6 1 1 2 0 3 1 5 -1 -1 -1 -1 -1 -1 214050 0 15 17 17 20 2 4 2 5
0 0 0 1 1 6 1 1 2 0 3 1 5 -1 -1 -1 -1 -1 -1 214550 0 15 17 17 20 2 4 2 5
0 0 0 1 1 6 1 1 2 0 3 1 5 -1 -1 -1 -1 -1 -1 215083 0 15 17 17 16.8 2 4 2 5
0 0 0 1 1 7 1 1 2 0 3 1 5 5 3 4 3 1 1 215583 0 15 17 17 20 2 5 2 5
0 0 0 1 1 6 1 1 2 0 3 1 5 -1 -1 -1 -1 -1 -1 216083 0 15 17 17 20 2 5 2 5
0 0 0 1 6 1 1 1 2 0 3 1 4 -1 -1 -1 -1 -1 -1 216583 0 15 17 17 20 2 5 2 5
0 0 0 1 1 6 1 1 2 0 3 1 5 -1 -1 -1 -1 -1 -1 217150 0 15 17 17 16 2 5 2 5
0 0 0 1 1 8 1 1 2 0 3 1 5 5 1 4 2 0 1 217650 0 15 17 17 20 2 6 2 5
0 0 0 1 1 6 1 1 2 0 3 1 5 -1 -1 -1 -1 -1 -1 218250 0 15 17 16 16.25 2 6 2 5
0 0 0 6 1 1 1 1 2 0 3 1 3 -1 -1 -1 -1 -1 -1 218851 0 15 17 16 15.1667 2 6 2 5
0 0 0 1 6 1 1 1 2 0 3 1 4 -1 -1 -1 -1 -1 -1 219517 0 15 17 16 16.25 2 6 2 5
0 0 0 3 6 1 1 1 2 0 3 1 4 3 0 4 1 0 0 220151 0 15 17 16 16.25 2 4 2 5
0 0 0 1 6 1 1 1 2 0 3 1 4 -1 -1 -1 -1 -1 -1 220751 0 15 17 16 16.25 2 4 2 5
0 0 0 1 6 1 1 1 2 0 3 1 4 -1 -1 -1 -1 -1 -1 221451 0 15 17 16 13 2 4 2 5
0 0 0 1 1 6 1 1 2 0 3 1 5 -1 -1 -1 -1 -1 -1 222218 0 15 17 16 16.25 2 4 2 5
0 0 0 1 1 7 1 1 2 0 3 1 5 5 3 4 3 1 1 222851 0 15 17 16 16.25 2 6 2 5
0 0 0 1 1 6 1 1 2 0 3 1 5 -1 -1 -1 -1 -1 -1 223452 0 15 17 16 16.25 2 6 2 5
0 0 0 1 1 1 1 6 2 0 3 1 7 -1 -1 -1 -1 -1 -1 224118 0 15 17 16 13.65 2 6 2 5
0 0 0 1 1 1 1 6 2 0 3 1 7 -1 -1 -1 -1 -1 -1 224819 0 15 17 16 16.25 2 6 2 5
0 0 0 1 1 1 1 8 2 0 3 1 7 7 3 4 3 0 1 225419 0 15 17 16 16.25 2 8 0 5
0 0 0 1 1 1 1 6 2 0 3 1 7 -1 -1 -1 -1 -1 -1 226186 0 15 17 15 12 2 8 0 5
0 0 0 1 1 6 1 1 2 0 3 1 5 -1 -1 -1 -1 -1 -1 227152 0 15 17 15 10 2 8 0 5
0 0 0 1 1 6 1 1 2 0 3 1 5 -1 -1 -1 -1 -1 -1 227986 0 15 17 15 12.5 2 8 0 5
0 0 0 1 1 6 3 1 2 0 3 1 5 6 2 4 0 0 0 228786 0 15 17 15 12.5 2 6 2 5
0 0 0 1 1 6 1 1 2 0 3 1 5 -1 -1 -1 -1 -1 -1 229720 0 15 17 15 10 2 6 2 5
0 0 0 1 1 1 1 6 2 0 3 1 7 -1 -1 -1 -1 -1 -1 230720 0 15 17 15 10 2 6 2 5
0 0 0 1 1 1 1 6 2 0 3 1 7 -1 -1 -1 -1 -1 -1 231587 0 15 17 15 12.5 2 6 2 5
0 0 0 1 1 1 1 8 2 0 3 1 7 7 0 4 1 0 1 232387 0 15 17 15 12.5 2 5 2 5
0 0 0 1 1 1 6 1 2 0 3 1 6 -1 -1 -1 -1 -1 -1 233287 0 15 17 15 10 2 5 2 5
0 0 0 1 1 6 1 1 2 0 3 1 5 -1 -1 -1 -1 -1 -1 234221 0 15 17 15 12.5 2 5 2 5
0 0 0 1 1 6 1 1 2 0 3 1 5 -1 -1 -1 -1 -1 -1 235021 0 15 17 15 12.5 2 5 2 5
0 0 0 1 1 7 1 1 2 0 3 1 5 5 3 4 3 1 1 235821 0 15 17 15 10.8333 2 4 2 5
0 0 0 1 1 6 1 1 2 0 3 1 5 -1 -1 -1 -1 -1 -1 236821 0 15 17 15 10 2 4 2 5
0 0 0 1 1 6 1 1 2 0 3 1 5 -1 -1 -1 -1 -1 -1 237655 0 15 17 15 12.5 2 4 2 5
0 0 0 1 1 6 1 1 2 0 3 1 5 -1 -1 -1 -1 -1 -1 238455 0 15 17 15 12.5 2 4 2 5
0 0 0 2 1 8 1 1 2 0 3 1 5 3 2 4 0 1 0 239388 0 15 17 15 10 2 5 2 5
0 0 0 1 1 6 1 1 2 0 3 1 5 -1 -1 -1 -1 -1 -1 240389 0 15 17 15 10 2 5 2 5
0 0 0 1 1 6 1 1 2 0 3 1 5 -1 -1 -1 -1 -1 -1 241289 0 15 17 15 12.5 2 5 2 5
0 0 0 1 1 6 1 1 2 0 3 1 5 -1 -1 -1 -1 -1 -1 242089 0 15 17 15 12.5 2 5 2 5
0 0 0 3 1 6 1 1 2 0 3 1 5 3 3 4 3 0 0 242956 0 15 17 15 10 2 6 2 5
0 0 0 1 6 1 1 1 2 0 3 1 4 -1 -1 -1 -1 -1 -1 243956 0 15 17 15 10 2 6 2 5
0 0 0 1 6 1 1 1 2 0 3 1 4 -1 -1 -1 -1 -1 -1 244856 0 15 17 15 12.5 2 6 2 5
0 0 0 1 6 1 1 1 2 0 3 1 4 -1 -1 -1 -1 -1 -1 245656 0 15 17 15 12.5 2 6 2 5
0 0 0 1 8 1 1 1 2 0 3 1 4 4 1 4 2 0 1 246490 0 15 17 15 10 2 4 2 5
0 0 0 1 6 1 1 1 2 0 3 1 4 -1 -1 -1 -1 -1 -1 247490 0 15 17 15 10 2 4 2 5
0 0 0 1 6 1 1 1 2 0 3 1 4 -1 -1 -1 -1 -1 -1 248357 0 15 17 15 12.5 2 4 2 5
0 0 0 1 6 1 1 1 2 0 3 1 4 -1 -1 -1 -1 -1 -1 249157 0 15 17 15 12.5 2 4 2 5
0 0 0 1 8 1 1 1 2 0 3 1 4 4 3 4 3 0 1 250057 0 15 17 15 10 2 6 2 5
0 0 0 1 1 6 1 1 2 0 3 1 5 -1 -1 -1 -1 -1 -1 251058 0 15 17 15 10 2 6 2 5
0 0 0 1 1 1 6 1 2 0 3 1 6 -1 -1 -1 -1 -1 -1 251991 0 15 17 15 12.5 2 6 2 5
0 0 0 1 1 1 6 1 2 0 3 1 6 -1 -1 -1 -1 -1 -1 252791 0 15 17 15 12.5 2 6 2 5
0 0 0 1 1 1 7 1 2 0 3 1 6 6 3 4 3 1 1 253625 0 15 17 15 10.5 2 8 0 5
0 0 0 1 1 1 6 1 2 0 3 1 6 -1 -1 -1 -1 -1 -1 254625 0 15 17 15 10 2 8 0 5
0 0 0 1 1 1 6 1 2 0 3 1 6 -1 -1 -1 -1 -1 -1 255625 0 15 17 15 10 2 8 0 5
0 0 0 1 1 6 1 1 2 0 3 1 5 -1 -1 -1 -1 -1 -1 256625 0 15 17 15 10 2 8 0 5
0 0 0 1 1 6 3 1 2 0 3 1 5 6 2 4 0 0 0 257492 0 15 17 15 12.5 2 6 2 5
0 0 0 1 1 6 1 1 2 0 3 1 5 -1 -1 -1 -1 -1 -1 258291 0 15 17 15 12.5 2 6 2 5
0 0 0 1 1 6 1 1 2 0 3 1 5 -1 -1 -1 -1 -1 -1 259191 0 15 17 15 10 2 6 2 5
0 0 0 1 1 6 1 1 2 0 3 1 5 -1 -1 -1 -1 -1 -1 260191 0 15 17 15 10 2 6 2 5
0 0 0 1 1 6 1 3 2 0 3 1 5 7 0 4 1 0 0 261057 0 15 17 15 12.5 2 5 2 5
0 0 0 1 1 6 1 1 2 0 3 1 5 -1 -1 -1 -1 -1 -1 261857 0 15 17 15 12.5 2 5 2 5
0 0 0 1 1 6 1 1 2 0 3 1 5 -1 -1 -1 -1 -1 -1 262724 0 15 17 15 10 2 5 2 5
0 0 0 1 1 6 1 1 2 0 3 1 5 -1 -1 -1 -1 -1 -1 263557 0 15 17 15 12.5 2 5 2 5
0 0 0 1 1 7 1 1 2 0 3 1 5 5 3 4 3 1 1 264357 0 15 17 15 12.5 2 4 2 5
0 0 0 1 1 6 1 1 2 0 3 1 5 -1 -1 -1 -1 -1 -1 265090 0 15 17 16 13 2 4 2 5
0 0 0 1 1 6 1 1 2 0 3 1 5 -1 -1 -1 -1 -1 -1 265856 0 15 17 16 13 2 4 2 5
0 0 0 1 1 6 1 1 2 0 3 1 5 -1 -1 -1 -1 -1 -1 266656 0 15 17 16 13 2 4 2 5
0 0 0 1 3 6 1 1 2 0 3 1 5 4 0 4 1 0 0 267289 0 15 17 16 16.25 2 5 2 5
0 0 0 1 1 6 1 1 2 0 3 1 5 -1 -1 -1 -1 -1 -1 267889 0 15 17 16 16.25 2 5 2 5
0 0 0 1 1 6 1 1 2 0 3 1 5 -1 -1 -1 -1 -1 -1 268522 0 15 17 16 14.95 2 5 2 5
0 0 0 1 1 6 1 1 2 0 3 1 5 -1 -1 -1 -1 -1 -1 269155 0 15 17 16 16.25 2 5 2 5
0 0 0 1 3 6 1 1 2 0 3 1 5 4 3 4 3 0 0 269789 0 15 17 16 16.25 2 6 2 5
0 0 0 1 1 6 1 1 2 0 3 1 5 -1 -1 -1 -1 -1 -1 270388 0 15 17 16 15.1667 2 6 2 5
0 0 0 1 1 6 1 1 2 0 3 1 5 -1 -1 -1 -1 -1 -1 271122 0 15 17 16 16.25 2 6 2 5
0 0 0 1 1 6 1 1 2 0 3 1 5 -1 -1 -1 -1 -1 -1 271721 0 15 17 16 16.25 2 6 2 5
0 0 0 1 1 6 3 1 2 0 3 1 5 6 1 4 2 0 0 272355 0 15 17 16 16.25 2 4 2 5
0 0 0 1 1 6 1 1 2 0 3 1 5 -1 -1 -1 -1 -1 -1 273021 0 15 17 16 13 2 4 2 5
0 0 0 1 1 1 1 6 2 0 3 1 7 -1 -1 -1 -1 -1 -1 273754 0 15 17 16 16.25 2 4 2 5
0 0 0 1 1 1 1 6 2 0 3 1 7 -1 -1 -1 -1 -1 -1 274387 0 15 17 16 16.25 2 4 2 5
0 0 0 1 1 1 1 7 2 0 3 1 7 7 0 4 1 1 1 274987 0 15 17 16 16.25 2 6 2 5
0 0 0 1 1 1 1 6 2 0 3 1 7 -1 -1 -1 -1 -1 -1 275654 0 15 17 16 13.65 2 6 2 5
0 0 0 1 1 1 6 1 2 0 3 1 6 -1 -1 -1 -1 -1 -1 276420 0 15 17 16 13 2 6 2 5
0 0 0 1 1 6 1 1 2 0 3 1 5 -1 -1 -1 -1 -1 -1 277187 0 15 17 16 13 2 6 2 5
0 0 0 1 1 6 3 1 2 0 3 1 5 6 1 4 2 0 0 277920 0 15 17 16 16.25 2 8 0 5
0 0 0 1 1 6 1 1 2 0 3 1 5 -1 -1 -1 -1 -1 -1 278520 0 15 17 16 16.25 2 8 0 5
0 0 0 1 1 1 1 6 2 0 3 1 7 -1 -1 -1 -1 -1 -1 279120 0 15 17 16 16.25 2 8 0 5
0 0 0 1 1 1 1 6 2 0 3 1 7 -1 -1 -1 -1 -1 -1 279753 0 15 17 16 16.25 2 8 0 5
0 0 0 1 1 1 1 7 2 0 3 1 7 7 1 4 2 1 1 280353 0 15 17 16 16.25 2 6 2 5
0 0 0 1 1 1 1 6 2 0 3 1 7 -1 -1 -1 -1 -1 -1 280886 0 15 17 17 19.7333 2 6 2 5
0 0 0 1 1 1 6 1 2 0 3 1 6 -1 -1 -1 -1 -1 -1 281452 0 15 17 17 16 2 6 2 5
0 0 0 1 1 6 1 1 2 0 3 1 5 -1 -1 -1 -1 -1 -1 282086 0 15 17 17 20 2 6 2 5
0 0 0 1 1 7 1 1 2 0 3 1 5 5 0 4 1 1 1 282585 0 15 17 17 20 2 5 2 5
0 0 0 1 1 6 1 1 3 1 3 1 5 -1 -1 -1 -1 -1 -1 292350 0 15 17 17 60 2 8 0 5
0 0 0 1 1 6 1 1 3 1 3 1 5 -1 -1 -1 -1 -1 -1 292516 0 15 17 17 60 2 8 0 5
0 0 0 1 1 6 1 1 3 1 3 1 5 -1 -1 -1 -1 -1 -1 292683 0 15 17 17 60 2 6 2 5
0 0 0 1 1 6 1 1 3 1 3 1 5 -1 -1 -1 -1 -1 -1 292850 0 15 17 17 51.2 2 6 2 5
0 0 0 1 1 6 1 1 3 1 3 1 5 -1 -1 -1 -1 -1 -1 293116 0 15 17 17 27.7333 2 6 2 5
0 0 0 1 1 6 1 1 3 1 3 1 5 -1 -1 -1 -1 -1 -1 293683 0 15 17 17 16 2 6 2 5
0 0 0 1 1 6 1 1 3 1 3 1 5 -1 -1 -1 -1 -1 -1 294316 0 15 17 17 16 2 6 2 5
0 0 0 1 1 6 1 1 3 1 3 1 5 -1 -1 -1 -1 -1 -1 294949 0 15 17 17 16 2 6 2 5
0 0 0 1 1 6 1 1 3 1 3 1 5 -1 -1 -1 -1 -1 -1 295549 0 15 17 17 16 2 6 2 5
0 0 0 1 1 6 1 1 3 1 3 1 5 -1 -1 -1 -1 -1 -1 296182 0 15 17 17 16 2 6 2 5
0 0 0 1 1 6 3 1 3 1 3 1 5 6 4 7 2 0 0 296815 0 15 17 17 16 2 4 2 5
0 0 0 1 1 6 1 1 3 1 3 1 5 -1 -1 -1 -1 -1 -1 297448 0 15 17 17 16 2 4 2 5
0 0 0 1 1 6 1 1 3 1 3 1 5 -1 -1 -1 -1 -1 -1 298048 0 15 17 17 16 2 4 2 5
0 0 0 1 1 6 1 1 3 1 3 1 5 -1 -1 -1 -1 -1 -1 298681 0 15 17 17 16 2 4 2 5
0 0 0 1 1 6 1 3 3 1 3 1 5 7 4 8 3 0 0 299315 0 15 17 17 16 2 6 2 5
0 0 0 1 1 6 1 1 3 1 3 1 5 -1 -1 -1 -1 -1 -1 299948 0 15 17 17 16 2 6 2 5
0 0 0 1 1 1 6 1 3 1 3 1 6 -1 -1 -1 -1 -1 -1 300548 0 15 17 17 16 2 6 2 5
0 0 0 1 1 1 6 1 3 1 3 1 6 -1 -1 -1 -1 -1 -1 301181 0 15 17 17 20 2 6 2 5
0 0 0 1 1 3 6 1 3 1 3 1 6 5 4 7 2 0 0 301681 0 15 17 17 20 2 5 2 5
0 0 0 1 1 1 6 1 3 1 3 1 6 -1 -1 -1 -1 -1 -1 302181 0 15 17 17 20 2 5 2 5
0 0 0 1 1 1 1 6 3 1 3 1 7 -1 -1 -1 -1 -1 -1 302681 0 15 17 17 20 2 5 2 5
0 0 0 1 1 1 1 6 3 1 3 1 7 -1 -1 -1 -1 -1 -1 303214 0 15 17 17 20 2 5 2 5
0 0 0 1 1 1 1 7 3 1 3 1 7 7 4 7 2 1 1 303714 0 15 17 17 20 2 6 2 5
0 0 0 1 1 1 1 6 3 1 3 1 7 -1 -1 -1 -1 -1 -1 304213 0 15 17 17 20 2 6 2 5
0 0 0 1 1 1 1 6 3 1 3 1 7 -1 -1 -1 -1 -1 -1 304713 0 15 17 17 18.6667 2 6 2 5
0 0 0 1 1 6 1 1 3 1 3 1 5 -1 -1 -1 -1 -1 -1 305313 0 15 17 17 16 2 6 2 5
0 0 0 1 1 6 3 1 3 1 3 1 5 6 4 5 0 0 0 305913 0 15 17 17 20 2 4 2 5
0 0 0 1 1 6 1 1 3 1 3 1 5 -1 -1 -1 -1 -1 -1 306413 0 15 17 17 20 2 4 2 5
0 0 0 1 6 1 1 1 3 1 3 1 4 -1 -1 -1 -1 -1 -1 306913 0 15 17 17 20 2 4 2 5
0 0 0 1 6 1 1 1 3 1 3 1 4 -1 -1 -1 -1 -1 -1 307413 0 15 17 17 19.7333 2 4 2 5
0 0 0 1 7 1 1 1 3 1 3 1 4 4 4 7 2 1 1 307979 0 15 17 17 16 2 8 0 5
0 0 0 1 6 1 1 1 3 1 3 1 4 -1 -1 -1 -1 -1 -1 308612 0 15 17 17 16 2 8 0 5
0 0 0 1 1 6 1 1 3 1 3 1 5 -1 -1 -1 -1 -1 -1 309246 0 15 17 17 16 2 8 0 5
0 0 0 1 1 6 1 1 3 1 3 1 5 -1 -1 -1 -1 -1 -1 309779 0 15 17 17 20 2 8 0 5
0 0 0 3 1 6 1 1 3 1 3 1 5 3 4 6 1 0 0 310279 0 15 17 17 20 2 6 2 5
0 0 0 1 1 6 1 1 3 1 3 1 5 -1 -1 -1 -1 -1 -1 310779 0 15 17 17 20 2 6 2 5
0 0 0 1 6 1 1 1 3 1 3 1 4 -1 -1 -1 -1 -1 -1 311312 0 15 17 17 17.6 2 6 2 5
0 0 0 6 1 1 1 1 3 1 3 1 3 -1 -1 -1 -1 -1 -1 311912 0 15 17 17 20 2 6 2 5
0 0 0 7 1 1 1 1 3 1 3 1 3 3 4 5 0 1 1 312411 0 15 17 17 20 2 6 2 5
0 0 0 1 1 6 1 1 4 2 3 1 5 -1 -1 -1 -1 -1 -1 321309 0 15 17 17 60 2 8 0 5
0 0 0 1 1 6 1 1 4 2 3 1 5 -1 -1 -1 -1 -1 -1 321476 0 15 17 17 60 2 8 0 5
0 0 0 1 1 6 1 1 4 2 3 1 5 -1 -1 -1 -1 -1 -1 321643 0 15 17 17 60 2 4 2 5
0 0 0 1 1 6 1 1 4 2 3 1 5 -1 -1 -1 -1 -1 -1 321809 0 15 17 17 51.2 2 4 2 5
0 0 0 1 1 6 1 1 4 2 3 1 5 -1 -1 -1 -1 -1 -1 322076 0 15 17 17 27.7333 2 4 2 5
0 0 0 1 1 6 1 1 4 2 3 1 5 -1 -1 -1 -1 -1 -1 322642 0 15 17 17 16 2 4 2 5
0 0 0 1 1 6 1 1 4 2 3 1 5 -1 -1 -1 -1 -1 -1 323209 0 15 17 17 20 2 5 2 5
0 0 0 1 1 6 1 1 4 2 3 1 5 -1 -1 -1 -1 -1 -1 323709 0 15 17 17 20 2 5 2 5
0 0 0 1 1 6 1 1 4 2 3 1 5 -1 -1 -1 -1 -1 -1 324209 0 15 17 17 20 2 5 2 5
0 0 0 1 1 6 1 1 4 2 3 1 5 -1 -1 -1 -1 -1 -1 324708 0 15 17 17 18.1333 2 5 2 5
0 0 0 1 3 6 1 1 4 2 3 1 5 4 5 4 1 0 0 325342 0 15 17 17 16 2 6 2 5
0 0 0 1 1 6 1 1 4 2 3 1 5 -1 -1 -1 -1 -1 -1 325942 0 15 17 17 16 2 6 2 5
0 0 0 1 1 6 1 1 4 2 3 1 5 -1 -1 -1 -1 -1 -1 326575 0 15 17 17 16 2 6 2 5
0 0 0 1 1 6 1 1 4 2 3 1 5 -1 -1 -1 -1 -1 -1 327208 0 15 17 17 16 2 6 2 5
0 0 0 3 1 6 1 1 4 2 3 1 5 3 5 4 3 0 0 327841 0 15 17 17 16 2 5 2 5
0 0 0 1 1 6 1 1 4 2 3 1 5 -1 -1 -1 -1 -1 -1 328441 0 15 17 17 16 2 5 2 5
0 0 0 1 6 1 1 1 4 2 3 1 4 -1 -1 -1 -1 -1 -1 329074 0 15 17 17 16 2 5 2 5
0 0 0 1 6 1 1 1 4 2 3 1 4 -1 -1 -1 -1 -1 -1 329641 0 15 17 17 20 2 5 2 5
0 0 0 1 6 3 1 1 4 2 3 1 4 5 5 4 0 0 0 330140 0 15 17 17 20 2 5 2 5
0 0 0 1 6 1 1 1 4 2 3 1 4 -1 -1 -1 -1 -1 -1 330640 0 15 17 17 20 2 5 2 5
0 0 0 1 1 6 1 1 4 2 3 1 5 -1 -1 -1 -1 -1 -1 331140 0 15 17 17 18.1333 2 5 2 5
0 0 0 1 1 6 1 1 4 2 3 1 5 -1 -1 -1 -1 -1 -1 331707 0 15 17 17 20 2 5 2 5
0 0 0 1 3 6 1 1 4 2 3 1 5 4 5 4 2 0 0 332207 0 15 17 17 20 2 6 2 5
0 0 0 1 1 6 1 1 4 2 3 1 5 -1 -1 -1 -1 -1 -1 332707 0 15 17 17 20 2 6 2 5
0 0 0 1 1 6 1 1 4 2 3 1 5 -1 -1 -1 -1 -1 -1 333206 0 15 17 17 18.9333 2 6 2 5
0 0 0 1 1 1 6 1 4 2 3 1 6 -1 -1 -1 -1 -1 -1 333806 0 15 17 17 16 2 6 2 5
0 0 0 1 1 3 6 1 4 2 3 1 6 5 5 4 0 0 0 334339 0 15 17 17 20 2 5 2 5
0 0 0 1 1 1 6 1 4 2 3 1 6 -1 -1 -1 -1 -1 -1 334839 0 15 17 17 20 2 5 2 5
0 0 0 1 1 1 6 1 4 2 3 1 6 -1 -1 -1 -1 -1 -1 335339 0 15 17 17 20 2 5 2 5
0 0 0 1 6 1 1 1 4 2 3 1 4 -1 -1 -1 -1 -1 -1 335872 0 15 17 17 16 2 5 2 5
0 0 0 7 1 1 1 1 4 2 3 1 3 3 5 4 0 1 1 336506 0 15 17 17 16 2 8 0 5
0 0 0 6 1 1 1 1 4 2 3 1 3 -1 -1 -1 -1 -1 -1 337139 0 15 17 17 16 2 8 0 5
0 0 0 1 6 1 1 1 4 2 3 1 4 -1 -1 -1 -1 -1 -1 337739 0 15 17 17 16 2 8 0 5
0 0 0 1 6 1 1 1 4 2 3 1 4 -1 -1 -1 -1 -1 -1 338272 0 15 17 17 20 2 8 0 5
0 0 0 1 7 1 1 1 4 2 3 1 4 4 5 4 2 1 1 338772 0 15 17 17 20 2 4 2 5
0 0 0 1 6 1 1 1 4 2 3 1 4 -1 -1 -1 -1 -1 -1 339272 0 15 17 17 20 2 4 2 5
0 0 0 1 6 1 1 1 4 2 3 1 4 -1 -1 -1 -1 -1 -1 339805 0 15 17 17 16.2667 2 4 2 5
0 0 0 1 6 1 1 1 4 2 3 1 4 -1 -1 -1 -1 -1 -1 340438 0 15 17 17 16 2 4 2 5
0 0 0 1 6 3 1 1 4 2 3 1 4 5 5 4 1 0 0 341004 0 15 17 17 20 2 5 2 5
0 0 0 1 6 1 1 1 4 2 3 1 4 -1 -1 -1 -1 -1 -1 341504 0 15 17 17 20 2 5 2 5
0 0 0 1 1 6 1 1 4 2 3 1 5 -1 -1 -1 -1 -1 -1 342004 0 15 17 17 20 2 5 2 5
0 0 0 1 1 6 1 1 4 2 3 1 5 -1 -1 -1 -1 -1 -1 342504 0 15 17 17 18.1333 2 5 2 5
0 0 0 1 6 1 1 3 4 2 3 1 4 7 5 4 2 0 0 343104 0 15 17 17 16 2 6 2 5
0 0 0 1 1 6 1 1 4 2 3 1 5 -1 -1 -1 -1 -1 -1 343737 0 15 17 17 16 2 6 2 5
0 0 0 1 1 1 6 1 4 2 3 1 6 -1 -1 -1 -1 -1 -1 344370 0 15 17 17 20 2 6 2 5
0 0 0 1 1 1 6 1 4 2 3 1 6 -1 -1 -1 -1 -1 -1 344870 0 15 17 17 20 2 6 2 5
0 0 0 1 1 1 7 1 4 2 3 1 6 6 5 4 2 1 1 345370 0 15 17 17 20 2 5 2 5
0 0 0 1 1 1 6 1 4 2 3 1 6 -1 -1 -1 -1 -1 -1 345870 0 15 17 17 20 2 5 2 5
0 0 0 1 1 1 6 1 4 2 3 1 6 -1 -1 -1 -1 -1 -1 346403 0 15 17 17 16 2 5 2 5
0 0 0 1 1 1 6 1 4 2 3 1 6 -1 -1 -1 -1 -1 -1 347003 0 15 17 17 20 2 5 2 5
0 0 0 1 1 3 6 1 4 2 3 1 6 5 5 4 0 0 0 347503 0 15 17 17 20 2 5 2 5
0 0 0 1 1 1 6 1 4 2 3 1 6 -1 -1 -1 -1 -1 -1 348003 0 15 17 17 20 2 5 2 5
0 0 0 1 1 1 6 1 4 2 3 1 6 -1 -1 -1 -1 -1 -1 348503 0 15 17 17 18.6667 2 5 2 5
0 0 0 1 1 1 6 1 4 2 3 1 6 -1 -1 -1 -1 -1 -1 349103 0 15 17 17 16 2 5 2 5
0 0 0 1 1 3 6 1 4 2 3 1 6 5 5 4 0 0 0 349602 0 15 17 17 20 2 6 2 5
0 0 0 1 1 1 6 1 4 2 3 1 6 -1 -1 -1 -1 -1 -1 350102 0 15 17 17 20 2 6 2 5
0 0 0 1 1 1 6 1 4 2 3 1 6 -1 -1 -1 -1 -1 -1 350602 0 15 17 17 20 2 6 2 5
0 0 0 1 1 6 1 1 4 2 3 1 5 -1 -1 -1 -1 -1 -1 351169 0 15 17 17 16 2 6 2 5
0 0 0 1 1 7 1 1 4 2 3 1 5 5 5 4 2 1 1 351669 0 15 17 17 20 2 5 2 5
0 0 0 1 1 6 1 1 4 2 3 1 5 -1 -1 -1 -1 -1 -1 352168 0 15 17 17 20 2 5 2 5
0 0 0 1 1 6 1 1 4 2 3 1 5 -1 -1 -1 -1 -1 -1 352668 0 15 17 17 20 2 5 2 5
0 0 0 1 1 6 1 1 4 2 3 1 5 -1 -1 -1 -1 -1 -1 353202 0 15 17 17 16.5333 2 5 2 5
0 0 0 1 3 6 1 1 4 2 3 1 5 4 5 4 1 0 0 353801 0 15 17 17 20 2 8 0 5
0 0 0 1 1 6 1 1 4 2 3 1 5 -1 -1 -1 -1 -1 -1 354301 0 15 17 17 20 2 8 0 5
0 0 0 1 1 6 1 1 4 2 3 1 5 -1 -1 -1 -1 -1 -1 354801 0 15 17 17 20 2 8 0 5
0 0 0 1 1 1 6 1 4 2 3 1 6 -1 -1 -1 -1 -1 -1 355301 0 15 17 17 18.6667 2 8 0 5
0 0 0 1 1 1 7 1 4 2 3 1 6 6 5 4 0 1 1 355834 0 15 17 17 20 2 4 2 5
0 0 0 0 1 6 1 0 5 6 2 0 5 -1 -1 -1 -1 -1 -1 361866 0 15 40 15 60 2 8 0 3
0 0 0 0 1 6 1 0 5 6 2 0 5 -1 -1 -1 -1 -1 -1 362033 0 15 40 15 60 2 8 0 3
0 0 0 0 1 6 1 0 5 6 2 0 5 -1 -1 -1 -1 -1 -1 362199 0 15 40 15 60 2 6 2 3
0 0 0 0 1 6 1 0 5 6 2 0 5 -1 -1 -1 -1 -1 -1 362366 0 15 40 15 50 2 6 2 3
0 0 0 0 1 6 1 0 5 6 2 0 5 -1 -1 -1 -1 -1 -1 362666 0 15 40 15 20 2 6 2 3
0 0 0 0 1 6 1 0 5 6 2 0 5 -1 -1 -1 -1 -1 -1 363599 0 15 40 15 10 2 6 2 3
0 0 0 0 1 6 1 0 5 6 2 0 5 -1 -1 -1 -1 -1 -1 364465 0 15 40 15 12.5 2 6 2 3
0 0 0 0 1 6 1 0 5 6 2 0 5 -1 -1 -1 -1 -1 -1 365265 0 15 40 15 12.5 2 6 2 3
0 0 0 0 6 1 1 0 5 6 2 0 4 -1 -1 -1 -1 -1 -1 366165 0 15 40 15 10 2 6 2 3
0 0 0 0 6 1 1 0 5 6 2 0 4 -1 -1 -1 -1 -1 -1 366998 0 15 40 15 12.5 2 6 2 3
0 0 0 0 7 1 1 0 5 6 2 0 4 4 5 4 4 1 1 367798 0 15 40 15 12.5 2 5 2 3
0 0 0 0 1 6 1 0 5 6 2 0 5 -1 -1 -1 -1 -1 -1 368731 0 15 40 15 10 2 5 2 3
0 0 0 0 1 6 1 0 5 6 2 0 5 -1 -1 -1 -1 -1 -1 369564 0 15 40 15 12.5 2 5 2 3
0 0 0 0 1 6 1 0 5 6 2 0 5 -1 -1 -1 -1 -1 -1 370364 0 15 40 15 12.5 2 5 2 3
0 0 0 0 1 7 1 0 5 6 2 0 5 5 5 4 4 1 1 371297 0 15 40 15 10 2 5 2 3
0 0 0 0 6 1 1 0 5 6 2 0 4 -1 -1 -1 -1 -1 -1 372097 0 15 40 16 13 2 5 2 3
0 0 0 0 6 1 1 0 5 6 2 0 4 -1 -1 -1 -1 -1 -1 372730 0 15 40 16 16.25 2 5 2 3
0 0 0 0 6 1 1 0 5 6 2 0 4 -1 -1 -1 -1 -1 -1 373330 0 15 40 16 16.25 2 5 2 3
0 0 0 0 7 1 1 0 5 6 2 0 4 4 5 4 4 1 1 373963 0 15 40 16 14.5167 2 6 2 3
0 0 0 0 1 6 1 0 5 6 2 0 5 -1 -1 -1 -1 -1 -1 374730 0 15 40 16 13 2 6 2 3
0 0 0 0 1 1 6 0 5 6 2 0 6 -1 -1 -1 -1 -1 -1 375496 0 15 40 16 13 2 6 2 3
0 0 0 0 1 1 6 0 5 6 2 0 6 -1 -1 -1 -1 -1 -1 376229 0 15 40 16 16.25 2 6 2 3
0 0 0 0 1 1 7 0 5 6 2 0 6 6 5 4 4 1 1 376862 0 15 40 16 16.25 2 6 2 3
0 0 0 0 1 1 6 0 5 6 2 0 6 -1 -1 -1 -1 -1 -1 377362 0 15 40 17 20 2 6 2 3
0 0 0 0 1 6 1 0 5 6 2 0 5 -1 -1 -1 -1 -1 -1 377895 0 15 40 17 18.1333 2 6 2 3
0 0 0 0 6 1 1 0 5 6 2 0 4 -1 -1 -1 -1 -1 -1 378495 0 15 40 17 16 2 6 2 3
0 0 0 0 7 1 1 0 5 6 2 0 4 4 5 4 4 1 1 378995 0 15 40 17 20 2 5 2 3
0 0 0 0 6 1 1 0 5 6 2 0 4 -1 -1 -1 -1 -1 -1 379495 0 15 40 17 20 2 5 2 3
0 0 0 0 1 6 1 0 5 6 2 0 5 -1 -1 -1 -1 -1 -1 379995 0 15 40 17 20 2 5 2 3
0 0 0 0 1 6 1 0 5 6 2 0 5 -1 -1 -1 -1 -1 -1 380528 0 15 40 17 20 2 5 2 3
0 0 0 0 1 7 1 0 5 6 2 0 5 5 5 4 4 1 1 381028 0 15 40 17 20 2 8 0 3
0 0 0 0 1 6 1 0 5 6 2 0 5 -1 -1 -1 -1 -1 -1 381461 0 15 40 18 23.75 2 8 0 3
0 0 0 0 1 6 1 0 5 6 2 0 5 -1 -1 -1 -1 -1 -1 381895 0 15 40 18 23.75 2 8 0 3
0 0 0 0 1 6 1 0 5 6 2 0 5 -1 -1 -1 -1 -1 -1 382328 0 15 40 18 20.9 2 8 0 3
0 0 0 0 1 7 1 0 5 6 2 0 5 5 5 4 4 1 1 382761 0 15 40 18 23.75 2 6 2 3
0 0 0 0 1 6 1 0 5 6 2 0 5 -1 -1 -1 -1 -1 -1 383194 0 15 40 18 23.75 2 6 2 3
0 0 0 0 6 1 1 0 5 6 2 0 4 -1 -1 -1 -1 -1 -1 383594 0 15 40 18 23.75 2 6 2 3
0 0 0 0 6 1 1 0 5 6 2 0 4 -1 -1 -1 -1 -1 -1 384027 0 15 40 18 22.4833 2 6 2 3
0 0 0 1 7 1 1 1 5 6 2 0 4 4 5 4 4 1 1 384461 0 15 40 18 23.75 2 6 2 5
0 0 0 1 6 1 1 1 5 6 2 0 4 -1 -1 -1 -1 -1 -1 384827 0 15 40 19 26.25 2 6 2 5
0 0 0 1 1 6 1 1 5 6 2 0 5 -1 -1 -1 -1 -1 -1 385227 0 15 40 19 26.25 2 6 2 5
0 0 0 1 1 1 6 1 5 6 2 0 6 -1 -1 -1 -1 -1 -1 385594 0 15 40 19 26.25 2 6 2 5
0 0 0 1 1 1 7 1 5 6 2 0 6 6 5 4 4 1 1 385994 0 15 40 19 22.4 2 5 2 5
0 0 0 1 1 6 1 1 5 6 2 1 5 -1 -1 -1 -1 -1 -1 386493 0 15 40 19 21 2 5 2 5
0 0 0 1 6 1 1 1 5 6 2 1 4 -1 -1 -1 -1 -1 -1 386960 0 15 40 19 21 2 5 2 5
0 0 0 1 6 1 1 1 5 6 2 1 4 -1 -1 -1 -1 -1 -1 387426 0 15 40 19 21 2 5 2 5
0 0 0 1 7 1 1 1 5 6 2 1 4 4 5 4 4 1 1 387893 0 15 40 19 21 2 5 2 5
0 0 0 1 6 1 1 1 5 6 2 1 4 -1 -1 -1 -1 -1 -1 388360 0 15 40 20 22 2 5 2 5
0 0 0 6 1 1 1 1 5 6 2 1 3 -1 -1 -1 -1 -1 -1 388826 0 15 40 20 22 2 5 2 5
0 0 0 6 1 1 1 1 5 6 2 1 3 -1 -1 -1 -1 -1 -1 389259 0 15 40 20 22 2 5 2 5
0 0 0 7 1 1 1 1 5 6 2 1 3 3 5 4 4 1 1 389626 0 15 40 20 27.5 2 6 2 5
0 0 0 6 1 1 1 1 5 6 2 1 3 -1 -1 -1 -1 -1 -1 389993 0 15 40 20 27.5 2 6 2 5
0 0 0 1 6 1 1 1 5 6 2 1 4 -1 -1 -1 -1 -1 -1 390359 0 15 40 20 27.5 2 6 2 5
0 0 0 1 1 6 1 1 5 6 2 1 5 -1 -1 -1 -1 -1 -1 390726 0 15 40 20 27.5 2 6 2 5
0 0 0 1 1 7 1 1 5 6 2 1 5 5 5 4 4 1 1 391126 0 15 40 20 23.8333 2 6 2 5
0 0 0 1 1 6 1 1 5 6 2 1 5 -1 -1 -1 -1 -1 -1 391525 0 15 40 21 23 2 6 2 5
0 0 0 1 1 1 6 1 5 6 2 1 6 -1 -1 -1 -1 -1 -1 391992 0 15 40 21 23 2 6 2 5
0 0 0 1 1 1 6 1 5 6 2 1 6 -1 -1 -1 -1 -1 -1 392392 0 15 40 21 28.75 2 6 2 5
0 0 0 1 1 1 7 1 5 6 2 1 6 6 5 4 4 1 1 392725 0 15 40 21 28.75 2 5 2 5
0 0 0 1 1 1 6 1 5 6 2 1 6 -1 -1 -1 -1 -1 -1 393092 0 15 40 21 28.75 2 5 2 5
0 0 0 1 1 1 6 1 5 6 2 1 6 -1 -1 -1 -1 -1 -1 393425 0 15 40 21 28.75 2 5 2 5
0 0 0 1 1 1 6 1 5 6 2 1 6 -1 -1 -1 -1 -1 -1 393792 0 15 40 21 28.75 2 5 2 5
0 0 0 1 1 1 7 1 5 6 2 1 6 6 5 4 4 1 1 394158 0 15 40 21 24.9167 2 8 0 5
0 0 0 1 1 1 6 1 5 6 2 1 6 -1 -1 -1 -1 -1 -1 394558 0 15 40 22 24 2 8 0 5
0 0 0 1 1 6 1 1 5 6 2 1 5 -1 -1 -1 -1 -1 -1 394991 0 15 40 22 24 2 8 0 5
0 0 0 1 1 6 1 1 5 6 2 1 5 -1 -1 -1 -1 -1 -1 395391 0 15 40 22 24 2 8 0 5
0 0 0 1 1 7 1 1 5 6 2 1 5 5 5 4 4 1 1 395758 0 15 40 22 30 2 6 2 5
0 0 0 1 1 6 1 1 5 6 2 1 5 -1 -1 -1 -1 -1 -1 396091 0 15 40 22 30 2 6 2 5
0 0 0 1 6 1 1 1 5 6 2 1 4 -1 -1 -1 -1 -1 -1 396424 0 15 40 22 30 2 6 2 5
0 0 0 1 6 1 1 1 5 6 2 1 4 -1 -1 -1 -1 -1 -1 396758 0 15 40 22 30 2 6 2 5
0 0 0 1 7 1 1 1 5 6 2 1 4 4 5 4 4 1 1 397091 0 15 40 22 29.2 2 6 2 5
0 0 0 1 6 1 1 1 5 6 2 1 4 -1 -1 -1 -1 -1 -1 397424 0 15 40 23 26.25 2 6 2 5
0 0 0 1 6 1 1 1 5 6 2 1 4 -1 -1 -1 -1 -1 -1 397824 0 15 40 23 25 2 6 2 5
0 0 0 1 6 1 1 1 5 6 2 1 4 -1 -1 -1 -1 -1 -1 398224 0 15 40 23 25 2 6 2 5
0 0 0 1 7 1 1 1 5 6 2 1 4 4 5 4 4 1 1 398624 0 15 40 23 31.25 2 5 2 5
0 0 0 1 6 1 1 1 5 6 2 1 4 -1 -1 -1 -1 -1 -1 398957 0 15 40 23 31.25 2 5 2 5
0 0 0 6 1 1 1 1 5 6 2 1 3 -1 -1 -1 -1 -1 -1 399257 0 15 40 23 31.25 2 5 2 5
0 0 0 6 1 1 1 1 5 6 2 1 3 -1 -1 -1 -1 -1 -1 399590 0 15 40 23 31.25 2 5 2 5
0 0 0 7 1 1 1 1 5 6 2 1 3 3 5 4 4 1 1 399890 0 15 40 23 31.25 2 5 2 5
0 0 0 6 1 1 1 1 5 6 2 2 3 -1 -1 -1 -1 -1 -1 400223 0 15 40 24 30.175 2 5 2 5
0 0 0 1 6 1 1 1 5 6 2 2 4 -1 -1 -1 -1 -1 -1 400590 0 15 40 24 25.5 2 5 2 5
0 0 0 1 1 6 1 1 5 6 2 2 5 -1 -1 -1 -1 -1 -1 400957 0 15 40 24 25.5 2 5 2 5
0 0 0 1 1 7 1 1 5 6 2 2 5 5 5 4 4 1 1 401356 0 15 40 24 25.5 2 6 2 5
0 0 0 1 1 6 1 1 5 6 2 2 5 -1 -1 -1 -1 -1 -1 401756 0 15 40 24 25.5 2 6 2 5
0 0 0 1 6 1 1 4 5 6 2 2 4 -1 -1 -1 -1 -1 -1 402156 1 15 40 24 25.5 2 6 2 5
0 0 0 1 6 1 1 1 5 6 2 2 4 -1 -1 -1 -1 -1 -1 402556 0 15 40 24 25.5 2 6 2 5
0 0 0 1 7 1 1 1 5 6 2 2 4 4 5 4 4 1 1 402923 0 15 40 24 25.5 2 6 2 5
0 0 0 1 6 1 1 1 5 6 2 2 4 -1 -1 -1 -1 -1 -1 403323 0 15 40 25 26 2 6 2 5
0 0 0 4 1 6 1 1 5 6 2 2 5 -1 -1 -1 -1 -1 -1 403689 1 15 40 25 26 2 6 2 5
0 0 0 1 1 6 1 1 5 6 2 2 5 -1 -1 -1 -1 -1 -1 404089 0 15 40 25 26 2 6 2 5
0 0 0 1 1 7 1 1 5 6 2 2 5 5 5 4 4 1 1 404456 0 15 40 25 26 2 5 2 5
0 0 0 1 1 6 1 1 5 6 2 2 5 -1 -1 -1 -1 -1 -1 404856 0 15 40 25 26 2 5 2 5
0 0 0 4 6 1 1 1 5 6 2 2 4 -1 -1 -1 -1 -1 -1 405255 1 15 40 25 26 2 5 2 5
0 0 0 1 6 1 1 1 5 6 2 2 4 -1 -1 -1 -1 -1 -1 405622 0 15 40 25 26 2 5 2 5
0 0 0 1 7 1 1 1 5 6 2 2 4 4 5 4 4 1 1 406022 0 15 40 25 26 2 8 0 5
0 0 0 0 1 6 1 0 6 1 3 0 5 -1 -1 -1 -1 -1 -1 418885 0 15 17 17 60 2 8 0 3
0 0 0 0 1 6 1 0 6 1 3 0 5 -1 -1 -1 -1 -1 -1 419052 0 15 17 17 60 2 8 0 3
0 0 0 0 1 6 1 0 6 1 3 0 5 -1 -1 -1 -1 -1 -1 419219 0 15 17 17 60 2 5 2 3
0 0 0 0 1 6 1 0 6 1 3 0 5 -1 -1 -1 -1 -1 -1 419385 0 15 17 17 51.2 2 5 2 3
0 0 0 0 1 6 1 0 6 1 3 0 5 -1 -1 -1 -1 -1 -1 419652 0 15 17 17 27.7333 2 5 2 3
0 0 0 0 1 6 1 0 6 1 3 0 5 -1 -1 -1 -1 -1 -1 420218 0 15 17 17 16 2 5 2 3
0 0 0 0 1 6 1 0 6 1 3 0 5 -1 -1 -1 -1 -1 -1 420852 0 15 17 17 16 2 6 2 3
0 0 0 0 1 6 1 0 6 1 3 0 5 -1 -1 -1 -1 -1 -1 421485 0 15 17 17 16 2 6 2 3
0 0 0 0 6 1 1 0 6 1 3 0 4 -1 -1 -1 -1 -1 -1 422085 0 15 17 17 16 2 6 2 3
0 0 0 0 6 1 1 0 6 1 3 0 4 -1 -1 -1 -1 -1 -1 422651 0 15 17 17 20 2 6 2 3
0 0 0 0 6 3 1 0 6 1 3 0 4 5 4 8 3 0 0 423151 0 15 17 17 20 2 5 2 3
0 0 0 0 6 1 1 0 6 1 3 0 4 -1 -1 -1 -1 -1 -1 423651 0 15 17 17 20 2 5 2 3
0 0 0 0 1 6 1 0 6 1 3 0 5 -1 -1 -1 -1 -1 -1 424184 0 15 17 17 18.1333 2 5 2 3
0 0 0 0 6 1 1 0 6 1 3 0 4 -1 -1 -1 -1 -1 -1 424784 0 15 17 17 16 2 5 2 3
0 0 0 0 6 3 1 0 6 1 3 0 4 5 4 7 2 0 0 425417 0 15 17 17 16 2 6 2 3
0 0 0 0 6 1 1 0 6 1 3 0 4 -1 -1 -1 -1 -1 -1 425917 0 15 17 17 20 2 6 2 3
0 0 0 0 6 1 1 0 6 1 3 0 4 -1 -1 -1 -1 -1 -1 426417 0 15 17 17 20 2 6 2 3
0 0 0 0 6 1 1 0 6 1 3 0 4 -1 -1 -1 -1 -1 -1 426917 0 15 17 17 20 2 6 2 3
0 0 0 0 6 3 1 0 6 1 3 0 4 5 4 5 0 0 0 427450 0 15 17 17 20 2 6 2 3
0 0 0 0 6 1 1 0 6 1 3 0 4 -1 -1 -1 -1 -1 -1 427950 0 15 17 17 20 2 6 2 3
0 0 0 0 6 1 1 0 6 1 3 0 4 -1 -1 -1 -1 -1 -1 428450 0 15 17 17 20 2 6 2 3
0 0 0 0 6 1 1 0 6 1 3 0 4 -1 -1 -1 -1 -1 -1 428950 0 15 17 17 18.6667 2 6 2 3
0 0 0 0 6 1 3 0 6 1 3 0 4 6 4 5 0 0 0 429450 0 15 17 17 20 2 6 2 3
0 0 0 0 6 1 1 0 6 1 3 0 4 -1 -1 -1 -1 -1 -1 429949 0 15 17 17 20 2 6 2 3
0 0 0 0 1 1 6 0 6 1 3 0 6 -1 -1 -1 -1 -1 -1 430449 0 15 17 17 20 2 6 2 3
0 0 0 0 1 1 6 0 6 1 3 0 6 -1 -1 -1 -1 -1 -1 430983 0 15 17 17 20 2 6 2 3
0 0 0 0 1 1 7 0 6 1 3 0 6 6 4 7 2 1 1 431482 0 15 17 17 20 2 4 2 3
0 0 0 0 1 1 6 0 6 1 3 0 6 -1 -1 -1 -1 -1 -1 431982 0 15 17 17 20 2 4 2 3
0 0 0 0 1 6 1 0 6 1 3 0 5 -1 -1 -1 -1 -1 -1 432482 0 15 17 17 19.2 2 4 2 3
0 0 0 0 1 6 1 0 6 1 3 0 5 -1 -1 -1 -1 -1 -1 432982 0 15 17 17 20 2 4 2 3
0 0 0 0 1 6 3 0 6 1 3 0 5 6 4 6 1 0 0 433482 0 15 17 17 20 2 8 0 3
0 0 0 0 1 6 1 0 6 1 3 0 5 -1 -1 -1 -1 -1 -1 433982 0 15 17 17 20 2 8 0 3
0 0 0 0 6 1 1 0 6 1 3 0 4 -1 -1 -1 -1 -1 -1 434515 0 15 17 17 16.8 2 8 0 3
0 0 0 0 6 1 1 0 6 1 3 0 4 -1 -1 -1 -1 -1 -1 435048 0 15 17 17 20 2 8 0 3
0 0 0 0 6 3 1 0 6 1 3 0 4 5 4 8 3 0 0 435548 0 15 17 17 20 2 5 2 3
0 0 0 0 6 1 1 0 6 1 3 0 4 -1 -1 -1 -1 -1 -1 436048 0 15 17 17 20 2 5 2 3
0 0 0 0 6 1 1 0 6 1 3 0 4 -1 -1 -1 -1 -1 -1 436581 0 15 17 17 17.6 2 5 2 3
0 0 0 0 6 1 1 0 6 1 3 0 4 -1 -1 -1 -1 -1 -1 437148 0 15 17 17 20 2 5 2 3
0 0 0 0 8 2 1 0 6 1 3 0 4 5 4 7 2 1 0 437648 0 15 17 17 20 2 6 2 3
0 0 0 0 6 1 1 0 6 1 3 0 4 -1 -1 -1 -1 -1 -1 438247 0 15 17 16 16.25 2 6 2 3
0 0 0 0 1 1 6 0 6 1 3 0 6 -1 -1 -1 -1 -1 -1 438881 0 15 17 16 14.3 2 6 2 3
0 0 0 0 1 1 6 0 6 1 3 0 6 -1 -1 -1 -1 -1 -1 439547 0 15 17 16 16.25 2 6 2 3
0 0 0 0 1 1 8 0 6 1 3 0 6 6 4 8 3 0 1 440147 0 15 17 16 16.25 2 5 2 3
0 0 0 0 1 1 6 0 6 1 3 0 6 -1 -1 -1 -1 -1 -1 440947 0 15 17 15 10.5 2 5 2 3
0 0 0 0 1 6 1 0 6 1 3 0 5 -1 -1 -1 -1 -1 -1 441947 0 15 17 15 10 2 5 2 3
0 0 0 0 6 1 1 0 6 1 3 0 4 -1 -1 -1 -1 -1 -1 442880 0 15 17 15 12.5 2 5 2 3
0 0 0 0 6 1 3 0 6 1 3 0 4 6 4 5 0 0 0 443679 0 15 17 15 12.5 2 6 2 3
0 0 0 0 6 1 1 0 6 1 3 0 4 -1 -1 -1 -1 -1 -1 444513 0 15 17 15 10.8333 2 6 2 3
0 0 0 0 1 6 1 0 6 1 3 0 5 -1 -1 -1 -1 -1 -1 445512 0 15 17 15 10 2 6 2 3
0 0 0 0 1 1 6 0 6 1 3 0 6 -1 -1 -1 -1 -1 -1 446445 0 15 17 15 12.5 2 6 2 3
0 0 0 0 1 6 3 0 6 1 3 0 5 6 4 6 1 0 0 447245 0 15 17 15 12.5 2 6 2 3
0 0 0 0 1 6 1 0 6 1 3 0 5 -1 -1 -1 -1 -1 -1 448045 0 15 17 15 11 2 6 2 3
0 0 0 0 6 1 1 0 6 1 3 0 4 -1 -1 -1 -1 -1 -1 449045 0 15 17 15 12.5 2 6 2 3
0 0 0 0 6 1 1 0 6 1 3 0 4 -1 -1 -1 -1 -1 -1 449845 0 15 17 15 12.5 2 6 2 3
0 0 0 0 8 2 1 0 6 1 3 0 4 5 4 8 3 1 0 450644 0 15 17 15 11.8333 2 6 2 3
0 0 0 0 1 6 1 0 6 1 3 0 5 -1 -1 -1 -1 -1 -1 451611 0 15 17 15 10 2 6 2 3
0 0 0 0 6 1 1 0 6 1 3 0 4 -1 -1 -1 -1 -1 -1 452544 0 15 17 15 12.5 2 6 2 3
0 0 0 0 6 1 1 0 6 1 3 0 4 -1 -1 -1 -1 -1 -1 453344 0 15 17 15 12.5 2 6 2 3
0 0 0 0 6 1 3 0 6 1 3 0 4 6 4 6 1 0 0 454177 0 15 17 15 11 2 4 2 3
0 0 0 0 6 1 1 0 6 1 3 0 4 -1 -1 -1 -1 -1 -1 455177 0 15 17 15 10 2 4 2 3
0 0 0 0 6 1 1 0 6 1 3 0 4 -1 -1 -1 -1 -1 -1 456010 0 15 17 15 12.5 2 4 2 3
0 0 0 0 6 1 1 0 6 1 3 0 4 -1 -1 -1 -1 -1 -1 456810 0 15 17 15 12.5 2 4 2 3
0 0 0 0 6 1 3 0 6 1 3 0 4 6 4 7 2 0 0 457709 0 15 17 15 10 2 8 0 3
0 0 0 0 6 1 1 0 6 1 3 0 4 -1 -1 -1 -1 -1 -1 458709 0 15 17 15 10 2 8 0 3
0 0 0 0 6 1 1 0 6 1 3 0 4 -1 -1 -1 -1 -1 -1 459709 0 15 17 15 10 2 8 0 3
0 0 0 0 6 1 1 0 6 1 3 0 4 -1 -1 -1 -1 -1 -1 460709 0 15 17 15 10 2 8 0 3
0 0 0 0 7 1 1 0 6 1 3 0 4 4 4 8 3 1 1 461575 0 15 17 15 12.5 2 5 2 3
0 0 0 0 6 1 1 0 6 1 3 0 4 -1 -1 -1 -1 -1 -1 462375 0 15 17 15 12.5 2 5 2 3
0 0 0 0 1 6 1 0 6 1 3 0 5 -1 -1 -1 -1 -1 -1 463241 0 15 17 15 12.5 2 5 2 3
0 0 0 0 1 6 1 0 6 1 3 0 5 -1 -1 -1 -1 -1 -1 464041 0 15 17 15 12.5 2 5 2 3
0 0 0 0 1 8 1 0 6 1 3 0 5 5 4 7 2 0 1 464841 0 15 17 15 11.5 2 6 2 3
0 0 0 0 1 6 1 0 6 1 3 0 5 -1 -1 -1 -1 -1 -1 465841 0 15 17 15 10 2 6 2 3
0 0 0 0 1 6 1 0 6 1 3 0 5 -1 -1 -1 -1 -1 -1 466674 0 15 17 15 12.5 2 6 2 3
0 0 0 0 1 6 1 0 6 1 3 0 5 -1 -1 -1 -1 -1 -1 467474 0 15 17 15 12.5 2 6 2 3
0 0 0 0 1 8 1 0 6 1 3 0 5 5 4 6 1 0 1 468407 0 15 17 15 10 2 5 2 3
0 0 0 0 1 1 6 0 6 1 3 0 6 -1 -1 -1 -1 -1 -1 469406 0 15 17 15 10 2 5 2 3
0 0 0 0 1 1 6 0 6 1 3 0 6 -1 -1 -1 -1 -1 -1 470273 0 15 17 15 12.5 2 5 2 3
0 0 0 0 1 1 6 0 6 1 3 0 6 -1 -1 -1 -1 -1 -1 471073 0 15 17 15 12.5 2 5 2 3
0 0 0 0 1 1 7 0 6 1 3 0 6 6 4 8 3 1 1 471939 0 15 17 15 10 2 6 2 3
0 0 0 0 1 1 6 0 6 1 3 0 6 -1 -1 -1 -1 -1 -1 472939 0 15 17 15 10 2 6 2 3
0 0 0 0 1 1 6 0 6 1 3 0 6 -1 -1 -1 -1 -1 -1 473939 0 15 17 15 10 2 6 2 3
0 0 0 0 1 1 6 0 6 1 3 0 6 -1 -1 -1 -1 -1 -1 474938 0 15 17 15 10 2 6 2 3
0 0 0 0 1 1 8 0 6 1 3 0 6 6 4 6 1 0 1 475772 0 15 17 15 12.5 2 6 2 3
0 0 0 0 1 1 6 0 6 1 3 0 6 -1 -1 -1 -1 -1 -1 476571 0 15 17 15 12.1667 2 6 2 3
0 0 0 0 1 6 1 0 6 1 3 0 5 -1 -1 -1 -1 -1 -1 477504 0 15 17 15 10 2 6 2 3
0 0 0 0 1 6 1 0 6 1 3 0 5 -1 -1 -1 -1 -1 -1 478371 0 15 17 15 12.5 2 6 2 3
0 0 0 0 1 6 3 0 6 1 3 0 5 6 4 8 3 0 0 479171 0 15 17 15 12.5 2 6 2 3
0 0 0 0 1 6 1 0 6 1 3 0 5 -1 -1 -1 -1 -1 -1 480071 0 15 17 15 10 2 6 2 3
0 0 0 0 1 6 1 0 6 1 3 0 5 -1 -1 -1 -1 -1 -1 481070 0 15 17 15 10 2 6 2 3
0 0 0 0 1 6 1 0 6 1 3 0 5 -1 -1 -1 -1 -1 -1 481903 0 15 17 15 12.5 2 6 2 3
0 0 0 0 3 6 1 0 6 1 3 0 5 4 4 7 2 0 0 482703 0 15 17 15 12.5 2 4 2 3
0 0 0 0 1 6 1 0 6 1 3 0 5 -1 -1 -1 -1 -1 -1 483603 0 15 17 15 10 2 4 2 3
0 0 0 0 1 6 1 0 6 1 3 0 5 -1 -1 -1 -1 -1 -1 484569 0 15 17 15 12.5 2 4 2 3
0 0 0 0 1 6 1 0 6 1 3 0 5 -1 -1 -1 -1 -1 -1 485369 0 15 17 15 12.5 2 4 2 3
0 0 0 0 1 7 1 0 6 1 3 0 5 5 4 6 1 1 1 486202 0 15 17 15 11.1667 2 8 0 3
0 0 0 0 1 6 1 0 6 1 3 0 5 -1 -1 -1 -1 -1 -1 487169 0 15 17 15 10 2 8 0 3
0 0 0 0 1 6 1 0 6 1 3 0 5 -1 -1 -1 -1 -1 -1 488169 0 15 17 15 12.5 2 8 0 3
0 0 0 0 1 6 1 0 6 1 3 0 5 -1 -1 -1 -1 -1 -1 488968 0 15 17 15 12.5 2 8 0 3
0 0 0 0 3 6 1 0 6 1 3 0 5 4 4 6 1 0 0 489768 0 15 17 15 11.6667 2 5 2 3
0 0 0 0 1 6 1 0 6 1 3 0 5 -1 -1 -1 -1 -1 -1 490735 0 15 17 15 10 2 5 2 3
0 0 0 0 1 6 1 0 6 1 3 0 5 -1 -1 -1 -1 -1 -1 491668 0 15 17 15 12.5 2 5 2 3
0 0 0 0 1 6 1 0 6 1 3 0 5 -1 -1 -1 -1 -1 -1 492468 0 15 17 15 12.5 2 5 2 3
0 0 0 0 3 6 1 0 6 1 3 0 5 4 4 5 0 0 0 493301 0 15 17 15 11 2 6 2 3
0 0 0 0 1 6 1 0 6 1 3 0 5 -1 -1 -1 -1 -1 -1 494300 0 15 17 15 10 2 6 2 3
0 0 0 0 6 1 1 0 6 1 3 0 4 -1 -1 -1 -1 -1 -1 495233 0 15 17 15 12.5 2 6 2 3
0 0 0 0 6 1 1 0 6 1 3 0 4 -1 -1 -1 -1 -1 -1 496033 0 15 17 15 12.5 2 6 2 3
0 0 0 0 7 1 1 0 6 1 3 0 4 4 4 6 1 1 1 496866 0 15 17 15 11 2 5 2 3
0 0 0 0 6 1 1 0 6 1 3 0 4 -1 -1 -1 -1 -1 -1 497666 0 15 17 16 13 2 5 2 3
0 0 0 0 6 1 1 0 6 1 3 0 4 -1 -1 -1 -1 -1 -1 498433 0 15 17 16 13 2 5 2 3
0 0 0 0 6 1 1 0 6 1 3 0 4 -1 -1 -1 -1 -1 -1 499199 0 15 17 16 13 2 5 2 3
0 0 0 0 1 8 1 0 6 1 3 0 5 5 4 7 2 0 1 499966 0 15 17 16 13 2 6 2 3
0 0 0 0 1 6 1 0 6 1 3 0 5 -1 -1 -1 -1 -1 -1 500899 0 15 17 15 12.5 2 6 2 3
0 0 0 0 6 1 1 0 6 1 3 0 4 -1 -1 -1 -1 -1 -1 501699 0 15 17 15 12.5 2 6 2 3
0 0 0 0 6 1 1 0 6 1 3 0 4 -1 -1 -1 -1 -1 -1 502498 0 15 17 15 11.1667 2 6 2 3
0 0 0 0 6 3 1 0 6 1 3 0 4 5 4 6 1 0 0 503465 0 15 17 15 10 2 6 2 3
0 0 0 0 6 1 1 0 6 1 3 0 4 -1 -1 -1 -1 -1 -1 504498 0 15 17 15 10 2 6 2 3
0 0 0 0 1 6 1 0 6 1 3 0 5 -1 -1 -1 -1 -1 -1 505398 0 15 17 15 12.5 2 6 2 3
0 0 0 0 1 6 1 0 6 1 3 0 5 -1 -1 -1 -1 -1 -1 506197 0 15 17 15 12.5 2 6 2 3
0 0 0 0 1 7 1 0 6 1 3 0 5 5 4 6 1 1 1 507031 0 15 17 15 10.3333 2 6 2 3
0 0 0 0 1 6 1 0 6 1 3 0 5 -1 -1 -1 -1 -1 -1 508030 0 15 17 15 10 2 6 2 3
0 0 0 0 1 1 6 0 6 1 3 0 6 -1 -1 -1 -1 -1 -1 508930 0 15 17 15 12.5 2 6 2 3
0 0 0 0 1 1 6 0 6 1 3 0 6 -1 -1 -1 -1 -1 -1 509730 0 15 17 15 12.5 2 6 2 3
0 0 0 0 1 3 6 0 6 1 3 0 6 5 4 8 3 0 0 510596 0 15 17 15 10 2 4 2 3
0 0 0 0 1 1 6 0 6 1 3 0 6 -1 -1 -1 -1 -1 -1 511563 0 15 17 15 12.5 2 4 2 3
0 0 0 0 1 1 6 0 6 1 3 0 6 -1 -1 -1 -1 -1 -1 512363 0 15 17 15 12.5 2 4 2 3
0 0 0 0 6 1 1 0 6 1 3 0 4 -1 -1 -1 -1 -1 -1 513196 0 15 17 15 12.5 2 4 2 3
0 0 0 0 7 1 1 0 6 1 3 0 4 4 4 6 1 1 1 513996 0 15 17 15 12.5 2 8 0 3
0 0 0 0 6 1 1 0 6 1 3 0 4 -1 -1 -1 -1 -1 -1 514629 0 15 17 16 16.25 2 8 0 3
0 0 0 0 6 1 1 0 6 1 3 0 4 -1 -1 -1 -1 -1 -1 515329 0 15 17 16 13 2 8 0 3
0 0 0 0 1 6 1 0 6 1 3 0 5 -1 -1 -1 -1 -1 -1 516095 0 15 17 16 13 2 8 0 3
0 0 0 0 6 1 3 0 6 1 3 0 4 6 4 8 3 0 0 516862 0 15 17 16 13 2 5 2 3
0 0 0 0 6 1 1 0 6 1 3 0 4 -1 -1 -1 -1 -1 -1 517628 0 15 17 16 13 2 5 2 3
0 0 0 0 1 6 1 0 6 1 3 0 5 -1 -1 -1 -1 -1 -1 518395 0 15 17 16 16.25 2 5 2 3
0 0 0 0 1 6 1 0 6 1 3 0 5 -1 -1 -1 -1 -1 -1 519028 0 15 17 16 16.25 2 5 2 3
0 0 0 0 3 6 1 0 6 1 3 0 5 4 4 7 2 0 0 519628 0 15 17 16 16.25 2 6 2 3
0 0 0 0 1 6 1 0 6 1 3 0 5 -1 -1 -1 -1 -1 -1 520261 0 15 17 16 13.8667 2 6 2 3
0 0 0 0 1 6 1 0 6 1 3 0 5 -1 -1 -1 -1 -1 -1 521027 0 15 17 16 16.25 2 6 2 3
0 0 0 0 1 6 1 0 6 1 3 0 5 -1 -1 -1 -1 -1 -1 521660 0 15 17 16 16.25 2 6 2 3
0 0 0 0 1 6 3 0 6 1 3 0 5 6 4 5 0 0 0 522260 0 15 17 16 16.25 2 5 2 3
0 0 0 0 1 6 1 0 6 1 3 0 5 -1 -1 -1 -1 -1 -1 522893 0 15 17 16 13.8667 2 5 2 3
0 0 0 0 1 6 1 0 6 1 3 0 5 -1 -1 -1 -1 -1 -1 523660 0 15 17 16 13 2 5 2 3
0 0 0 0 1 6 1 0 6 1 3 0 5 -1 -1 -1 -1 -1 -1 524426 0 15 17 16 13 2 5 2 3
0 0 0 0 1 8 1 0 6 1 3 0 5 5 4 7 2 0 1 525093 0 15 17 16 16.25 2 6 2 3
0 0 0 0 1 6 1 0 6 1 3 0 5 -1 -1 -1 -1 -1 -1 525826 0 15 17 15 12.5 2 6 2 3
0 0 0 0 1 1 6 0 6 1 3 0 6 -1 -1 -1 -1 -1 -1 526659 0 15 17 15 12.5 2 6 2 3
0 0 0 0 1 1 6 0 6 1 3 0 6 -1 -1 -1 -1 -1 -1 527459 0 15 17 15 12.5 2 6 2 3
0 0 0 0 1 1 7 0 6 1 3 0 6 6 4 7 2 1 1 528292 0 15 17 15 10.5 2 6 2 3
0 0 0 0 1 1 6 0 6 1 3 0 6 -1 -1 -1 -1 -1 -1 529292 0 15 17 15 10 2 6 2 3
0 0 0 0 1 1 6 0 6 1 3 0 6 -1 -1 -1 -1 -1 -1 530225 0 15 17 15 12.5 2 6 2 3
0 0 0 0 1 1 6 0 6 1 3 0 6 -1 -1 -1 -1 -1 -1 531025 0 15 17 15 12.5 2 6 2 3
0 0 0 0 3 1 6 0 6 1 3 0 6 4 4 6 1 0 0 531858 0 15 17 15 10.8333 2 6 2 3
0 0 0 0 1 1 6 0 6 1 3 0 6 -1 -1 -1 -1 -1 -1 532858 0 15 17 15 10 2 6 2 3
0 0 0 0 1 1 6 0 6 1 3 0 6 -1 -1 -1 -1 -1 -1 533857 0 15 17 15 10 2 6 2 3
0 0 0 0 1 1 6 0 6 1 3 0 6 -1 -1 -1 -1 -1 -1 534857 0 15 17 15 10 2 6 2 3
0 0 0 0 1 3 6 0 6 1 3 0 6 5 4 8 3 0 0 535824 0 15 17 15 10 2 4 2 3
0 0 0 0 1 1 6 0 6 1 3 0 6 -1 -1 -1 -1 -1 -1 536857 0 15 17 15 10 2 4 2 3
0 0 0 0 1 1 6 0 6 1 3 0 6 -1 -1 -1 -1 -1 -1 537856 0 15 17 15 10 2 4 2 3
0 0 0 0 1 6 1 0 7 1 3 0 5 -1 -1 -1 -1 -1 -1 548920 0 15 17 15 60 2 8 0 3
0 0 0 0 1 6 1 0 7 1 3 0 5 -1 -1 -1 -1 -1 -1 549087 0 15 17 15 60 2 8 0 3
0 0 0 0 1 6 1 0 7 1 3 0 5 -1 -1 -1 -1 -1 -1 549254 0 15 17 15 60 2 6 2 3
0 0 0 0 1 6 1 0 7 1 3 0 5 -1 -1 -1 -1 -1 -1 549420 0 15 17 15 50 2 6 2 3
0 0 0 0 1 6 1 0 7 1 3 0 5 -1 -1 -1 -1 -1 -1 549720 0 15 17 15 20 2 6 2 3
0 0 0 0 6 1 1 0 7 1 3 0 4 -1 -1 -1 -1 -1 -1 550653 0 15 17 15 10 2 6 2 3
0 0 0 0 6 1 1 0 7 1 3 0 4 -1 -1 -1 -1 -1 -1 551653 0 15 17 15 10 2 6 2 3
0 0 0 0 1 6 1 0 7 1 3 0 5 -1 -1 -1 -1 -1 -1 552653 0 15 17 15 10 2 6 2 3
0 0 0 0 1 6 1 0 7 1 3 0 5 -1 -1 -1 -1 -1 -1 553486 0 15 17 15 12.5 2 6 2 3
0 0 0 0 1 6 1 0 7 1 3 0 5 -1 -1 -1 -1 -1 -1 554286 0 15 17 15 12.1667 2 6 2 3
0 0 0 0 1 6 3 0 7 1 3 0 5 6 4 7 2 0 0 555219 0 15 17 15 10 2 6 2 3
0 0 0 0 1 6 1 0 7 1 3 0 5 -1 -1 -1 -1 -1 -1 556219 0 15 17 15 12.5 2 6 2 3
0 0 0 0 1 6 1 0 7 1 3 0 5 -1 -1 -1 -1 -1 -1 557018 0 15 17 15 12.5 2 6 2 3
0 0 0 0 1 6 1 0 7 1 3 0 5 -1 -1 -1 -1 -1 -1 557818 0 15 17 15 11.6667 2 6 2 3
0 0 0 0 1 6 3 0 7 1 3 0 5 6 4 6 1 0 0 558785 0 15 17 15 10 2 5 2 3
0 0 0 0 6 1 1 0 7 1 3 0 4 -1 -1 -1 -1 -1 -1 559784 0 15 17 15 10 2 5 2 3
0 0 0 0 6 1 1 0 7 1 3 0 4 -1 -1 -1 -1 -1 -1 560684 0 15 17 15 12.5 2 5 2 3
0 0 0 0 6 1 1 0 7 1 3 0 4 -1 -1 -1 -1 -1 -1 561484 0 15 17 15 12.5 2 5 2 3
0 0 0 0 6 3 1 0 7 1 3 0 4 5 4 5 0 0 0 562350 0 15 17 15 10 2 4 2 3
0 0 0 0 6 1 1 0 7 1 3 0 4 -1 -1 -1 -1 -1 -1 563350 0 15 17 15 10 2 4 2 3
0 0 0 0 6 1 1 0 7 1 3 0 4 -1 -1 -1 -1 -1 -1 564217 0 15 17 15 12.5 2 4 2 3
0 0 0 0 6 1 1 0 7 1 3 0 4 -1 -1 -1 -1 -1 -1 565016 0 15 17 15 12.5 2 4 2 3
0 0 0 0 6 3 1 0 7 1 3 0 4 5 4 8 3 0 0 565883 0 15 17 15 10 2 5 2 3
0 0 0 0 1 6 1 0 7 1 3 0 5 -1 -1 -1 -1 -1 -1 566883 0 15 17 15 10 2 5 2 3
0 0 0 0 1 6 1 0 7 1 3 0 5 -1 -1 -1 -1 -1 -1 567816 0 15 17 15 12.5 2 5 2 3
0 0 0 0 1 6 1 0 7 1 3 0 5 -1 -1 -1 -1 -1 -1 568616 0 15 17 15 12.5 2 5 2 3
0 0 0 0 3 6 1 0 7 1 3 0 5 4 4 5 0 0 0 569449 0 15 17 15 10 2 4 2 3
0 0 0 0 1 6 1 0 7 1 3 0 5 -1 -1 -1 -1 -1 -1 570449 0 15 17 15 10 2 4 2 3
0 0 0 0 6 1 1 0 7 1 3 0 4 -1 -1 -1 -1 -1 -1 571382 0 15 17 15 12.5 2 4 2 3
0 0 0 0 6 1 1 0 7 1 3 0 4 -1 -1 -1 -1 -1 -1 572181 0 15 17 15 12.5 2 4 2 3
0 0 0 0 6 1 3 0 7 1 3 0 4 6 4 6 1 0 0 573015 0 15 17 15 10.6667 2 8 0 3
0 0 0 0 6 1 1 0 7 1 3 0 4 -1 -1 -1 -1 -1 -1 574014 0 15 17 15 10 2 8 0 3
0 0 0 0 6 1 1 0 7 1 3 0 4 -1 -1 -1 -1 -1 -1 574814 0 15 17 15 12.5 2 8 0 3
0 0 0 0 6 1 1 0 7 1 3 0 4 -1 -1 -1 -1 -1 -1 575614 0 15 17 15 12.3333 2 8 0 3
0 0 0 0 7 1 1 0 7 1 3 0 4 4 4 8 3 1 1 576514 0 15 17 15 12.5 2 6 2 3
0 0 0 0 1 6 1 0 7 1 3 0 5 -1 -1 -1 -1 -1 -1 577313 0 15 17 15 12.5 2 6 2 3
0 0 0 0 1 6 1 0 7 1 3 0 5 -1 -1 -1 -1 -1 -1 578147 0 15 17 15 11.1667 2 6 2 3
0 0 0 0 1 6 1 0 7 1 3 0 5 -1 -1 -1 -1 -1 -1 579113 0 15 17 15 10 2 6 2 3
0 0 0 0 3 6 1 0 7 1 3 0 5 4 4 8 3 0 0 580113 0 15 17 15 10 2 6 2 3
0 0 0 0 1 6 1 0 7 1 3 0 5 -1 -1 -1 -1 -1 -1 581113 0 15 17 15 10 2 6 2 3
0 0 0 0 6 1 1 0 7 1 3 0 4 -1 -1 -1 -1 -1 -1 582012 0 15 17 15 12.5 2 6 2 3
0 0 0 0 6 1 1 0 7 1 3 0 4 -1 -1 -1 -1 -1 -1 582812 0 15 17 15 12.5 2 6 2 3
0 0 0 0 7 1 1 0 7 1 3 0 4 4 4 6 1 1 1 583679 0 15 17 15 10 2 6 2 3
0 0 0 0 6 1 1 0 7 1 3 0 4 -1 -1 -1 -1 -1 -1 584478 0 15 17 16 13 2 6 2 3
0 0 0 0 6 1 1 0 7 1 3 0 4 -1 -1 -1 -1 -1 -1 585245 0 15 17 16 13 2 6 2 3
0 0 0 0 6 1 1 0 7 1 3 0 4 -1 -1 -1 -1 -1 -1 585911 0 15 17 16 16.25 2 6 2 3
0 0 0 0 6 3 1 0 7 1 3 0 4 5 4 5 0 0 0 586511 0 15 17 16 16.25 2 5 2 3
0 0 0 0 6 1 1 0 7 1 3 0 4 -1 -1 -1 -1 -1 -1 587144 0 15 17 16 14.95 2 5 2 3
0 0 0 0 1 6 1 0 7 1 3 0 5 -1 -1 -1 -1 -1 -1 587878 0 15 17 16 13 2 5 2 3
0 0 0 0 1 6 1 0 7 1 3 0 5 -1 -1 -1 -1 -1 -1 588544 0 15 17 16 16.25 2 5 2 3
0 0 0 0 3 6 1 0 7 1 3 0 5 4 4 5 0 0 0 589144 0 15 17 16 16.25 2 4 2 3
0 0 0 0 1 6 1 0 7 1 3 0 5 -1 -1 -1 -1 -1 -1 589777 0 15 17 16 15.1667 2 4 2 3
0 0 0 0 1 6 1 0 7 1 3 0 5 -1 -1 -1 -1 -1 -1 590510 0 15 17 16 13 2 4 2 3
0 0 0 0 6 1 1 0 7 1 3 0 4 -1 -1 -1 -1 -1 -1 591243 0 15 17 16 16.25 2 4 2 3
0 0 0 0 7 1 1 0 7 1 3 0 4 4 4 6 1 1 1 591877 0 15 17 16 16.25 2 5 2 3
0 0 0 0 6 1 1 0 7 1 3 0 4 -1 -1 -1 -1 -1 -1 592476 0 15 17 16 16.25 2 5 2 3
0 0 0 0 1 6 1 0 7 1 3 0 5 -1 -1 -1 -1 -1 -1 593110 0 15 17 16 16.25 2 5 2 3
0 0 0 0 1 6 1 0 7 1 3 0 5 -1 -1 -1 -1 -1 -1 593743 0 15 17 16 16.25 2 5 2 3
0 0 0 0 1 6 3 0 7 1 3 0 5 6 4 6 1 0 0 594343 0 15 17 16 16.25 2 4 2 3
0 0 0 0 1 6 1 0 7 1 3 0 5 -1 -1 -1 -1 -1 -1 595009 0 15 17 16 13 2 4 2 3
0 0 0 0 1 6 1 0 7 1 3 0 5 -1 -1 -1 -1 -1 -1 595742 0 15 17 16 16.25 2 4 2 3
0 0 0 0 1 6 1 0 7 1 3 0 5 -1 -1 -1 -1 -1 -1 596376 0 15 17 16 16.25 2 4 2 3
0 0 0 0 3 6 1 0 7 1 3 0 5 4 4 7 2 0 0 596975 0 15 17 16 16.25 2 8 0 3
0 0 0 0 1 6 1 0 7 1 3 0 5 -1 -1 -1 -1 -1 -1 597642 0 15 17 16 13 2 8 0 3
0 0 0 0 1 6 1 0 7 1 3 0 5 -1 -1 -1 -1 -1 -1 598375 0 15 17 16 16.25 2 8 0 3
0 0 0 0 1 6 1 0 7 1 3 0 5 -1 -1 -1 -1 -1 -1 599008 0 15 17 16 16.25 2 8 0 3
0 0 0 0 1 6 3 0 7 1 3 0 5 6 4 7 2 0 0 599608 0 15 17 16 16.25 2 6 2 3
0 0 0 0 1 6 1 0 7 1 3 0 5 -1 -1 -1 -1 -1 -1 600275 0 15 17 16 13 2 6 2 3
0 0 0 0 6 1 1 0 7 1 3 0 4 -1 -1 -1 -1 -1 -1 601074 0 15 17 16 13 2 6 2 3
0 0 0 0 6 1 1 0 7 1 3 0 4 -1 -1 -1 -1 -1 -1 601708 0 15 17 16 16.25 2 6 2 3
0 0 0 0 6 3 1 0 7 1 3 0 4 5 4 8 3 0 0 602307 0 15 17 16 16.25 2 6 2 3
0 0 0 0 6 1 1 0 7 1 3 0 4 -1 -1 -1 -1 -1 -1 602941 0 15 17 16 14.5167 2 6 2 3
0 0 0 0 1 1 6 0 7 1 3 0 6 -1 -1 -1 -1 -1 -1 603707 0 15 17 16 13 2 6 2 3
0 0 0 0 1 1 6 0 7 1 3 0 6 -1 -1 -1 -1 -1 -1 604374 0 15 17 16 16.25 2 6 2 3
0 0 0 0 1 1 7 0 7 1 3 0 6 6 4 7 2 1 1 604973 0 15 17 16 16.25 2 6 2 3
0 0 0 0 1 1 6 0 7 1 3 0 6 -1 -1 -1 -1 -1 -1 605507 0 15 17 17 19.7333 2 6 2 3
0 0 0 0 1 6 1 0 7 1 3 0 5 -1 -1 -1 -1 -1 -1 606073 0 15 17 17 16 2 6 2 3
0 0 0 0 1 6 1 0 7 1 3 0 5 -1 -1 -1 -1 -1 -1 606673 0 15 17 17 16 2 6 2 3
0 0 0 0 3 1 6 0 7 1 3 0 6 4 4 8 3 0 0 607306 0 15 17 17 16 2 5 2 3
0 0 0 0 1 6 1 0 7 1 3 0 5 -1 -1 -1 -1 -1 -1 607939 0 15 17 17 16 2 5 2 3
0 0 0 0 1 6 1 0 7 1 3 0 5 -1 -1 -1 -1 -1 -1 608539 0 15 17 17 16 2 5 2 3
0 0 0 0 1 6 1 0 7 1 3 0 5 -1 -1 -1 -1 -1 -1 609072 0 15 17 17 20 2 5 2 3
0 0 0 0 3 6 1 0 7 1 3 0 5 4 4 6 1 0 0 609572 0 15 17 17 20 2 4 2 3
0 0 0 0 1 6 1 0 7 1 3 0 5 -1 -1 -1 -1 -1 -1 610072 0 15 17 17 20 2 4 2 3
0 0 0 0 6 1 1 0 7 1 3 0 4 -1 -1 -1 -1 -1 -1 610605 0 15 17 17 16 2 4 2 3
0 0 0 0 6 1 1 0 7 1 3 0 4 -1 -1 -1 -1 -1 -1 611139 0 15 17 17 20 2 4 2 3
0 0 0 0 6 3 1 0 7 1 3 0 4 5 4 5 0 0 0 611638 0 15 17 17 20 2 5 2 3
0 0 0 0 6 1 1 0 7 1 3 0 4 -1 -1 -1 -1 -1 -1 612138 0 15 17 17 20 2 5 2 3
0 0 0 0 1 6 1 0 7 1 3 0 5 -1 -1 -1 -1 -1 -1 612672 0 15 17 17 16.5333 2 5 2 3
0 0 0 0 1 6 1 0 7 1 3 0 5 -1 -1 -1 -1 -1 -1 613205 0 15 17 17 20 2 5 2 3
0 0 0 0 1 7 1 0 7 1 3 0 5 5 4 8 3 1 1 613705 0 15 17 17 20 2 4 2 3
0 0 0 0 1 6 1 0 8 0 3 0 5 -1 -1 -1 -1 -1 -1 626835 0 15 17 17 60 2 8 0 3
0 0 0 0 1 6 1 0 8 0 3 0 5 -1 -1 -1 -1 -1 -1 627001 0 15 17 17 60 2 8 0 3
0 0 0 0 1 6 1 0 8 0 3 0 5 -1 -1 -1 -1 -1 -1 627168 0 15 17 17 60 2 4 2 3
0 0 0 0 1 6 1 0 8 0 3 0 5 -1 -1 -1 -1 -1 -1 627335 0 15 17 17 51.2 2 4 2 3
0 0 0 0 1 6 1 0 8 0 3 0 5 -1 -1 -1 -1 -1 -1 627601 0 15 17 17 27.7333 2 4 2 3
0 0 0 0 1 6 1 0 8 0 3 0 5 -1 -1 -1 -1 -1 -1 628168 0 15 17 17 16 2 4 2 3
0 0 0 0 1 6 1 0 8 0 3 0 5 -1 -1 -1 -1 -1 -1 628801 0 15 17 17 16 2 5 2 3
0 0 0 0 1 6 1 0 8 0 3 0 5 -1 -1 -1 -1 -1 -1 629434 0 15 17 17 16 2 5 2 3
0 0 0 0 1 6 1 0 8 0 3 0 5 -1 -1 -1 -1 -1 -1 630034 0 15 17 17 16 2 5 2 3
0 0 0 0 6 1 1 0 8 0 3 0 4 -1 -1 -1 -1 -1 -1 630667 0 15 17 17 16 2 5 2 3
0 0 0 0 6 3 1 0 8 0 3 0 4 5 0 4 1 0 0 631300 0 15 17 17 20 2 5 2 3
0 0 0 0 6 1 1 0 8 0 3 0 4 -1 -1 -1 -1 -1 -1 631800 0 15 17 17 20 2 5 2 3
0 0 0 0 6 1 1 0 8 0 3 0 4 -1 -1 -1 -1 -1 -1 632300 0 15 17 17 20 2 5 2 3
0 0 0 0 6 1 1 0 8 0 3 0 4 -1 -1 -1 -1 -1 -1 632800 0 15 17 17 20 2 5 2 3
0 0 0 0 6 1 3 0 8 0 3 0 4 6 3 4 3 0 0 633366 0 15 17 17 16 2 4 2 3
0 0 0 0 6 1 1 0 8 0 3 0 4 -1 -1 -1 -1 -1 -1 633933 0 15 17 17 20 2 4 2 3
0 0 0 0 6 1 1 0 8 0 3 0 4 -1 -1 -1 -1 -1 -1 634433 0 15 17 17 20 2 4 2 3
0 0 0 0 6 1 1 0 8 0 3 0 4 -1 -1 -1 -1 -1 -1 634933 0 15 17 17 20 2 4 2 3
0 0 0 0 6 3 1 0 8 0 3 0 4 5 2 4 0 0 0 635433 0 15 17 17 19.2 2 6 2 3
0 0 0 0 6 1 1 0 8 0 3 0 4 -1 -1 -1 -1 -1 -1 636032 0 15 17 17 16 2 6 2 3
0 0 0 0 1 1 6 0 8 0 3 0 6 -1 -1 -1 -1 -1 -1 636666 0 15 17 17 16 2 6 2 3
0 0 0 0 1 1 6 0 8 0 3 0 6 -1 -1 -1 -1 -1 -1 637199 0 15 17 17 20 2 6 2 3
0 0 0 0 1 1 7 0 8 0 3 0 6 6 0 4 1 1 1 637699 0 15 17 17 20 2 5 2 3
0 0 0 0 1 1 6 0 8 0 3 0 6 -1 -1 -1 -1 -1 -1 638199 0 15 17 17 20 2 5 2 3
0 0 0 0 1 6 1 0 8 0 3 0 5 -1 -1 -1 -1 -1 -1 638732 0 15 17 17 16.5333 2 5 2 3
0 0 0 0 1 6 1 0 8 0 3 0 5 -1 -1 -1 -1 -1 -1 639265 0 15 17 17 20 2 5 2 3
0 0 0 0 3 6 1 0 8 0 3 0 5 4 1 4 2 0 0 639765 0 15 17 17 20 2 4 2 3
0 0 0 0 1 6 1 0 8 0 3 0 5 -1 -1 -1 -1 -1 -1 640265 0 15 17 17 20 2 4 2 3
0 0 0 0 1 6 1 0 8 0 3 0 5 -1 -1 -1 -1 -1 -1 640798 0 15 17 17 17.8667 2 4 2 3
0 0 0 0 6 1 1 0 8 0 3 0 4 -1 -1 -1 -1 -1 -1 641365 0 15 17 17 20 2 4 2 3
0 0 0 0 6 1 3 0 8 0 3 0 4 6 3 4 3 0 0 641864 0 15 17 17 20 2 8 0 3
0 0 0 0 6 1 1 0 8 0 3 0 4 -1 -1 -1 -1 -1 -1 642364 0 15 17 17 20 2 8 0 3
0 0 0 0 6 1 1 0 8 0 3 0 4 -1 -1 -1 -1 -1 -1 642864 0 15 17 17 19.2 2 8 0 3
0 0 0 0 1 6 1 0 8 0 3 0 5 -1 -1 -1 -1 -1 -1 643464 0 15 17 17 16 2 8 0 3
0 0 0 0 1 8 2 0 8 0 3 0 5 6 0 4 1 1 0 643997 0 15 17 17 20 2 4 2 3
0 0 0 0 1 6 1 0 8 0 3 0 5 -1 -1 -1 -1 -1 -1 644597 0 15 17 16 16.25 2 4 2 3
0 0 0 0 6 1 1 0 8 0 3 0 4 -1 -1 -1 -1 -1 -1 645197 0 15 17 16 15.8167 2 4 2 3
0 0 0 0 6 1 1 0 8 0 3 0 4 -1 -1 -1 -1 -1 -1 645830 0 15 17 16 16.25 2 4 2 3
0 0 0 0 6 3 1 0 8 0 3 0 4 5 2 4 0 0 0 646430 0 15 17 16 16.25 2 5 2 3
0 0 0 0 6 1 1 0 8 0 3 0 4 -1 -1 -1 -1 -1 -1 647063 0 15 17 16 14.95 2 5 2 3
0 0 0 0 1 6 1 0 8 0 3 0 5 -1 -1 -1 -1 -1 -1 647796 0 15 17 16 13 2 5 2 3
0 0 0 0 1 6 1 0 8 0 3 0 5 -1 -1 -1 -1 -1 -1 648429 0 15 17 16 16.25 2 5 2 3
0 0 0 0 2 8 1 0 8 0 3 0 5 4 3 4 3 1 0 649029 0 15 17 16 16.25 2 5 2 3
0 0 0 0 1 6 1 0 8 0 3 0 5 -1 -1 -1 -1 -1 -1 649862 0 15 17 15 10 2 5 2 3
0 0 0 0 6 1 1 0 8 0 3 0 4 -1 -1 -1 -1 -1 -1 650762 0 15 17 15 12.5 2 5 2 3
0 0 0 0 6 1 1 0 8 0 3 0 4 -1 -1 -1 -1 -1 -1 651562 0 15 17 15 12.5 2 5 2 3
0 0 0 0 6 3 1 0 8 0 3 0 4 5 2 4 0 0 0 652428 0 15 17 15 10.1667 2 4 2 3
0 0 0 0 6 1 1 0 8 0 3 0 4 -1 -1 -1 -1 -1 -1 653428 0 15 17 15 10 2 4 2 3
0 0 0 0 6 1 1 0 8 0 3 0 4 -1 -1 -1 -1 -1 -1 654261 0 15 17 15 12.5 2 4 2 3
0 0 0 0 6 1 1 0 8 0 3 0 4 -1 -1 -1 -1 -1 -1 655061 0 15 17 15 12.5 2 4 2 3
0 0 0 0 6 1 3 0 8 0 3 0 4 6 1 4 2 0 0 655961 0 15 17 15 10 2 6 2 3
0 0 0 0 6 1 1 0 8 0 3 0 4 -1 -1 -1 -1 -1 -1 656961 0 15 17 15 10 2 6 2 3
0 0 0 0 1 6 1 0 8 0 3 0 5 -1 -1 -1 -1 -1 -1 657860 0 15 17 15 12.5 2 6 2 3
0 0 0 0 1 6 1 0 8 0 3 0 5 -1 -1 -1 -1 -1 -1 658660 0 15 17 15 12.5 2 6 2 3
0 0 0 0 1 6 3 0 8 0 3 0 5 6 0 4 1 0 0 659527 0 15 17 15 10 2 5 2 3
0 0 0 0 6 1 1 0 8 0 3 0 4 -1 -1 -1 -1 -1 -1 660527 0 15 17 15 10 2 5 2 3
0 0 0 0 1 6 1 0 8 0 3 0 5 -1 -1 -1 -1 -1 -1 661493 0 15 17 15 12.5 2 5 2 3
0 0 0 0 1 6 1 0 8 0 3 0 5 -1 -1 -1 -1 -1 -1 662293 0 15 17 15 12.5 2 5 2 3
0 0 0 0 3 6 1 0 8 0 3 0 5 4 1 4 2 0 0 663126 0 15 17 15 11.5 2 4 2 3
0 0 0 0 6 1 1 0 8 0 3 0 4 -1 -1 -1 -1 -1 -1 664092 0 15 17 15 10 2 4 2 3
0 0 0 0 6 1 1 0 8 0 3 0 4 -1 -1 -1 -1 -1 -1 664959 0 15 17 15 12.5 2 4 2 3
0 0 0 0 6 1 1 0 8 0 3 0 4 -1 -1 -1 -1 -1 -1 665759 0 15 17 15 12.5 2 4 2 3
0 0 0 0 6 3 1 0 8 0 3 0 4 5 3 4 3 0 0 666625 0 15 17 15 10 2 8 0 3
0 0 0 0 6 1 1 0 8 0 3 0 4 -1 -1 -1 -1 -1 -1 667458 0 15 17 15 12.5 2 8 0 3
0 0 0 0 1 1 6 0 8 0 3 0 6 -1 -1 -1 -1 -1 -1 668258 0 15 17 15 12.3333 2 8 0 3
0 0 0 0 1 1 6 0 8 0 3 0 6 -1 -1 -1 -1 -1 -1 669058 0 15 17 15 12.5 2 8 0 3
0 0 0 0 1 1 8 0 8 0 3 0 6 6 1 4 2 0 1 669858 0 15 17 15 12.5 2 4 2 3
0 0 0 0 1 1 6 0 8 0 3 0 6 -1 -1 -1 -1 -1 -1 670791 0 15 17 15 10 2 4 2 3
0 0 0 0 6 1 1 0 8 0 3 0 4 -1 -1 -1 -1 -1 -1 671657 0 15 17 15 12.5 2 4 2 3
0 0 0 0 1 6 1 0 8 0 3 0 5 -1 -1 -1 -1 -1 -1 672457 0 15 17 15 12.5 2 4 2 3
0 0 0 0 8 1 1 0 8 0 3 0 4 4 0 4 1 0 1 673323 0 15 17 15 10 2 5 2 3
0 0 0 0 6 1 1 0 8 0 3 0 4 -1 -1 -1 -1 -1 -1 674323 0 15 17 15 10 2 5 2 3
0 0 0 0 1 6 1 0 8 0 3 0 5 -1 -1 -1 -1 -1 -1 675323 0 15 17 15 10 2 5 2 3
0 0 0 0 1 6 1 0 8 0 3 0 5 -1 -1 -1 -1 -1 -1 676156 0 15 17 15 12.5 2 5 2 3
0 0 0 0 3 6 1 0 8 0 3 0 5 4 1 4 2 0 0 676956 0 15 17 15 12.5 2 5 2 3
0 0 0 0 1 6 1 0 8 0 3 0 5 -1 -1 -1 -1 -1 -1 677889 0 15 17 15 10 2 5 2 3
0 0 0 0 1 1 6 0 8 0 3 0 6 -1 -1 -1 -1 -1 -1 678789 0 15 17 15 12.5 2 5 2 3
0 0 0 0 1 1 6 0 8 0 3 0 6 -1 -1 -1 -1 -1 -1 679589 0 15 17 15 12.5 2 5 2 3
0 0 0 0 1 1 8 0 8 0 3 0 6 6 0 4 1 0 1 680455 0 15 17 15 10 2 4 2 3
0 0 0 0 1 1 6 0 8 0 3 0 6 -1 -1 -1 -1 -1 -1 681455 0 15 17 15 10 2 4 2 3
0 0 0 0 1 1 6 0 8 0 3 0 6 -1 -1 -1 -1 -1 -1 682355 0 15 17 15 12.5 2 4 2 3
0 0 0 0 1 1 6 0 8 0 3 0 6 -1 -1 -1 -1 -1 -1 683154 0 15 17 15 12.5 2 4 2 3
0 0 0 0 1 1 7 0 8 0 3 0 6 6 0 4 1 1 1 684021 0 15 17 15 10.1667 2 6 2 3
0 0 0 0 1 1 6 0 8 0 3 0 6 -1 -1 -1 -1 -1 -1 685021 0 15 17 15 10 2 6 2 3
0 0 0 0 1 6 1 0 8 0 3 0 5 -1 -1 -1 -1 -1 -1 686020 0 15 17 15 10 2 6 2 3
0 0 0 0 6 1 1 0 8 0 3 0 4 -1 -1 -1 -1 -1 -1 686920 0 15 17 15 12.5 2 6 2 3
0 0 0 0 7 1 1 0 8 0 3 0 4 4 1 4 2 1 1 687720 0 15 17 15 12.5 2 5 2 3
0 0 0 0 6 1 1 0 8 0 3 0 4 -1 -1 -1 -1 -1 -1 688386 0 15 17 16 14.5167 2 5 2 3
0 0 0 0 6 1 1 0 8 0 3 0 4 -1 -1 -1 -1 -1 -1 689153 0 15 17 16 13 2 5 2 3
0 0 0 0 6 1 1 0 8 0 3 0 4 -1 -1 -1 -1 -1 -1 689919 0 15 17 16 13 2 5 2 3
0 0 0 0 8 2 1 0 8 0 3 0 4 5 0 4 1 1 0 690686 0 15 17 16 13 2 4 2 3
0 0 0 0 6 1 1 0 8 0 3 0 4 -1 -1 -1 -1 -1 -1 691652 0 15 17 15 10 2 4 2 3
0 0 0 0 1 6 1 0 8 0 3 0 5 -1 -1 -1 -1 -1 -1 692652 0 15 17 15 10 2 4 2 3
0 0 0 0 1 6 1 0 8 0 3 0 5 -1 -1 -1 -1 -1 -1 693518 0 15 17 15 12.5 2 4 2 3
0 0 0 0 3 6 1 0 8 0 3 0 5 4 1 4 2 0 0 694318 0 15 17 15 12.5 2 8 0 3
0 0 0 0 6 1 1 0 8 0 3 0 4 -1 -1 -1 -1 -1 -1 695185 0 15 17 15 10 2 8 0 3
0 0 0 0 6 1 1 0 8 0 3 0 4 -1 -1 -1 -1 -1 -1 696051 0 15 17 15 12.5 2 8 0 3
0 0 0 0 6 1 1 0 8 0 3 0 4 -1 -1 -1 -1 -1 -1 696851 0 15 17 15 12.5 2 8 0 3
0 0 0 0 7 1 1 0 8 0 3 0 4 4 1 4 2 1 1 697751 0 15 17 15 10 2 4 2 3
0 0 0 0 6 1 1 0 8 0 3 0 4 -1 -1 -1 -1 -1 -1 698751 0 15 17 15 10 2 4 2 3
0 0 0 0 1 6 1 0 8 0 3 0 5 -1 -1 -1 -1 -1 -1 699717 0 15 17 15 12.5 2 4 2 3
0 0 0 0 1 6 1 0 8 0 3 0 5 -1 -1 -1 -1 -1 -1 700517 0 15 17 15 12.5 2 4 2 3
0 0 0 0 1 6 3 0 8 0 3 0 5 6 2 4 0 0 0 701317 0 15 17 15 11.5 2 5 2 3
0 0 0 0 1 6 1 0 8 0 3 0 5 -1 -1 -1 -1 -1 -1 702316 0 15 17 15 10 2 5 2 3
0 0 0 0 1 6 1 0 8 0 3 0 5 -1 -1 -1 -1 -1 -1 703249 0 15 17 15 12.5 2 5 2 3
0 0 0 0 1 6 1 0 8 0 3 0 5 -1 -1 -1 -1 -1 -1 704049 0 15 17 15 12.5 2 5 2 3
0 0 0 0 3 6 1 0 8 0 3 0 5 4 3 4 3 0 0 704882 0 15 17 15 10.6667 2 5 2 3
0 0 0 0 6 1 1 0 8 0 3 0 4 -1 -1 -1 -1 -1 -1 705882 0 15 17 15 10 2 5 2 3
0 0 0 0 6 1 1 0 8 0 3 0 4 -1 -1 -1 -1 -1 -1 706682 0 15 17 15 12.5 2 5 2 3
0 0 0 0 6 1 1 0 8 0 3 0 4 -1 -1 -1 -1 -1 -1 707482 0 15 17 15 12.1667 2 5 2 3
0 0 0 0 7 1 1 0 8 0 3 0 4 4 1 4 2 1 1 708415 0 15 17 15 10 2 4 2 3
0 0 0 0 6 1 1 0 8 0 3 0 4 -1 -1 -1 -1 -1 -1 709248 0 15 17 16 13 2 4 2 3
0 0 0 0 6 1 1 0 8 0 3 0 4 -1 -1 -1 -1 -1 -1 710014 0 15 17 16 13 2 4 2 3
0 0 0 0 6 1 1 0 8 0 3 0 4 -1 -1 -1 -1 -1 -1 710748 0 15 17 16 16.25 2 4 2 3
0 0 0 0 7 1 1 0 8 0 3 0 4 4 2 4 0 1 1 711381 0 15 17 16 16.25 2 6 2 3
0 0 0 0 6 1 1 0 8 0 3 0 4 -1 -1 -1 -1 -1 -1 711981 0 15 17 16 16.25 2 6 2 3
0 0 0 0 6 1 1 0 8 0 3 0 4 -1 -1 -1 -1 -1 -1 712647 0 15 17 16 13.4333 2 6 2 3
0 0 0 0 6 1 1 0 8 0 3 0 4 -1 -1 -1 -1 -1 -1 713414 0 15 17 16 13 2 6 2 3
0 0 0 0 6 3 1 0 8 0 3 0 4 5 1 4 2 0 0 714047 0 15 17 16 16.25 2 5 2 3
0 0 0 0 6 1 1 0 8 0 3 0 4 -1 -1 -1 -1 -1 -1 714647 0 15 17 16 16.25 2 5 2 3
0 0 0 0 6 1 1 0 8 0 3 0 4 -1 -1 -1 -1 -1 -1 715280 0 15 17 16 14.3 2 5 2 3
0 0 0 0 6 1 1 0 8 0 3 0 4 -1 -1 -1 -1 -1 -1 715980 0 15 17 16 16.25 2 5 2 3
0 0 0 0 7 1 1 0 8 0 3 0 4 4 1 4 2 1 1 716579 0 15 17 16 16.25 2 4 2 3
0 0 0 0 6 1 1 0 8 0 3 0 4 -1 -1 -1 -1 -1 -1 717113 0 15 17 17 20 2 4 2 3
0 0 0 0 6 1 1 0 8 0 3 0 4 -1 -1 -1 -1 -1 -1 717646 0 15 17 17 16.5333 2 4 2 3
0 0 0 0 6 1 1 0 8 0 3 0 4 -1 -1 -1 -1 -1 -1 718279 0 15 17 17 16 2 4 2 3
0 0 0 0 6 3 1 0 8 0 3 0 4 5 3 4 3 0 0 718879 0 15 17 17 16 2 8 0 3
0 0 0 0 6 1 1 0 8 0 3 0 4 -1 -1 -1 -1 -1 -1 719512 0 15 17 17 16 2 8 0 3
0 0 0 0 6 1 1 0 8 0 3 0 4 -1 -1 -1 -1 -1 -1 720145 0 15 17 17 16 2 8 0 3
0 0 0 0 6 1 1 0 8 0 3 0 4 -1 -1 -1 -1 -1 -1 720778 0 15 17 17 16 2 8 0 3
0 0 0 0 6 3 1 0 8 0 3 0 4 5 2 4 0 0 0 721378 0 15 17 17 16 2 4 2 3
0 0 0 0 6 1 1 0 8 0 3 0 4 -1 -1 -1 -1 -1 -1 722011 0 15 17 17 16 2 4 2 3
0 0 0 0 1 6 1 0 8 0 3 0 5 -1 -1 -1 -1 -1 -1 722645 0 15 17 17 16 2 4 2 3
0 0 0 0 1 6 1 0 8 0 3 0 5 -1 -1 -1 -1 -1 -1 723178 0 15 17 17 20 2 4 2 3
0 0 0 0 3 6 1 0 8 0 3 0 5 4 2 4 0 0 0 723678 0 15 17 17 20 2 5 2 3
0 0 0 0 1 6 1 0 8 0 3 0 5 -1 -1 -1 -1 -1 -1 724178 0 15 17 17 20 2 5 2 3
0 0 0 0 1 6 1 0 8 0 3 0 5 -1 -1 -1 -1 -1 -1 724711 0 15 17 17 17.6 2 5 2 3
0 0 0 0 6 1 1 0 8 0 3 0 4 -1 -1 -1 -1 -1 -1 725311 0 15 17 17 20 2 5 2 3
0 0 0 0 6 1 3 0 8 0 3 0 4 6 1 4 2 0 0 725811 0 15 17 17 20 2 5 2 3
0 0 0 0 6 1 1 0 8 0 3 0 4 -1 -1 -1 -1 -1 -1 726310 0 15 17 17 20 2 5 2 3
0 0 0 0 1 6 1 0 8 0 3 0 5 -1 -1 -1 -1 -1 -1 726810 0 15 17 17 19.4667 2 5 2 3
0 0 0 0 1 6 1 0 8 0 3 0 5 -1 -1 -1 -1 -1 -1 727377 0 15 17 17 16 2 5 2 3
0 0 0 0 3 6 1 0 8 0 3 0 5 4 3 4 3 0 0 728010 0 15 17 17 16 2 4 2 3
0 0 0 0 6 1 1 0 8 0 3 0 4 -1 -1 -1 -1 -1 -1 728510 0 15 17 17 20 2 4 2 3
0 0 0 0 6 1 1 0 8 0 3 0 4 -1 -1 -1 -1 -1 -1 729010 0 15 17 17 20 2 4 2 3
0 0 0 0 6 1 1 0 8 0 3 0 4 -1 -1 -1 -1 -1 -1 729510 0 15 17 17 20 2 4 2 3
0 0 0 0 7 1 1 0 8 0 3 0 4 4 2 4 0 1 1 730076 0 15 17 17 16.2667 2 6 2 3
0 0 0 0 6 1 1 0 8 0 3 0 4 -1 -1 -1 -1 -1 -1 730676 0 15 17 17 16 2 6 2 3
0 0 0 0 1 6 1 0 8 0 3 0 5 -1 -1 -1 -1 -1 -1 731309 0 15 17 17 20 2 6 2 3
0 0 0 0 1 6 1 0 8 0 3 0 5 -1 -1 -1 -1 -1 -1 731809 0 15 17 17 20 2 6 2 3
0 0 0 0 1 6 3 0 8 0 3 0 5 6 0 4 1 0 0 732309 0 15 17 17 20 2 5 2 3
0 0 0 0 1 6 1 0 8 0 3 0 5 -1 -1 -1 -1 -1 -1 732809 0 15 17 17 19.7333 2 5 2 3
0 0 0 0 1 6 1 0 8 0 3 0 5 -1 -1 -1 -1 -1 -1 733375 0 15 17 17 16 2 5 2 3
0 0 0 0 1 6 1 0 8 0 3 0 5 -1 -1 -1 -1 -1 -1 734009 0 15 17 17 16 2 5 2 3
0 0 0 0 1 6 3 0 8 0 3 0 5 6 2 4 0 0 0 734542 0 15 17 17 20 2 4 2 3
0 0 0 0 1 6 1 0 8 0 3 0 5 -1 -1 -1 -1 -1 -1 735042 0 15 17 17 20 2 4 2 3
0 0 0 0 1 1 6 0 8 0 3 0 6 -1 -1 -1 -1 -1 -1 735542 0 15 17 17 20 2 4 2 3
0 0 0 0 1 1 6 0 8 0 3 0 6 -1 -1 -1 -1 -1 -1 736041 0 15 17 17 20 2 4 2 3
0 0 0 0 1 1 8 0 8 0 3 0 6 6 1 4 2 0 1 736541 0 15 17 17 20 2 8 0 3
0 0 0 0 1 1 6 0 8 0 3 0 6 -1 -1 -1 -1 -1 -1 737141 0 15 17 16 16.25 2 8 0 3
0 0 0 0 1 6 1 0 8 0 3 0 5 -1 -1 -1 -1 -1 -1 737774 0 15 17 16 14.0833 2 8 0 3
0 0 0 0 1 1 6 0 8 0 3 0 6 -1 -1 -1 -1 -1 -1 738474 0 15 17 16 16.25 2 8 0 3
0 0 0 0 1 2 8 0 8 0 3 0 6 5 0 4 1 1 0 739074 0 15 17 16 16.25 2 4 2 3
0 0 0 0 1 1 6 0 8 0 3 0 6 -1 -1 -1 -1 -1 -1 739840 0 15 17 15 11.8333 2 4 2 3
0 0 0 0 1 1 6 0 8 0 3 0 6 -1 -1 -1 -1 -1 -1 740807 0 15 17 15 12.5 2 4 2 3
0 0 0 0 1 1 6 0 8 0 3 0 6 -1 -1 -1 -1 -1 -1 741607 0 15 17 15 12.5 2 4 2 3
0 0 0 0 1 3 6 0 8 0 3 0 6 5 3 4 3 0 0 742407 0 15 17 15 11.8333 2 5 2 3
0 0 0 0 1 6 1 0 8 0 3 0 5 -1 -1 -1 -1 -1 -1 743373 0 15 17 15 10 2 5 2 3
0 0 0 0 1 6 1 0 8 0 3 0 5 -1 -1 -1 -1 -1 -1 744239 0 15 17 15 12.5 2 5 2 3
0 0 0 0 1 6 1 0 8 0 3 0 5 -1 -1 -1 -1 -1 -1 745039 0 15 17 15 12.5 2 5 2 3
0 0 0 0 1 7 1 0 8 0 3 0 5 5 1 4 2 1 1 745939 0 15 17 15 10 2 5 2 3
0 0 0 0 1 6 1 0 9 0 3 0 5 -1 -1 -1 -1 -1 -1 755203 0 15 17 15 60 2 8 0 3
0 0 0 0 1 6 1 0 9 0 3 0 5 -1 -1 -1 -1 -1 -1 755370 0 15 17 15 60 2 8 0 3
0 0 0 0 1 6 1 0 9 0 3 0 5 -1 -1 -1 -1 -1 -1 755537 0 15 17 15 60 2 6 2 3
0 0 0 0 1 6 1 0 9 0 3 0 5 -1 -1 -1 -1 -1 -1 755703 0 15 17 15 50 2 6 2 3
0 0 0 0 1 6 1 0 9 0 3 0 5 -1 -1 -1 -1 -1 -1 756003 0 15 17 15 20 2 6 2 3
0 0 0 0 1 6 1 0 9 0 3 0 5 -1 -1 -1 -1 -1 -1 756903 0 15 17 15 12.5 2 6 2 3
0 0 0 0 1 6 1 0 9 0 3 0 5 -1 -1 -1 -1 -1 -1 757703 0 15 17 15 12.5 2 5 2 3
0 0 0 0 1 6 1 0 9 0 3 0 5 -1 -1 -1 -1 -1 -1 758536 0 15 17 15 11.1667 2 5 2 3
0 0 0 0 1 6 1 0 9 0 3 0 5 -1 -1 -1 -1 -1 -1 759502 0 15 17 15 10 2 5 2 3
0 0 0 0 1 6 1 0 9 0 3 0 5 -1 -1 -1 -1 -1 -1 760335 0 15 17 15 12.5 2 5 2 3
0 0 0 0 1 6 3 0 9 0 3 0 5 6 2 4 0 0 0 761135 0 15 17 15 12.5 2 4 2 3
0 0 0 0 1 6 1 0 9 0 3 0 5 -1 -1 -1 -1 -1 -1 762068 0 15 17 15 10 2 4 2 3
0 0 0 0 1 6 1 0 9 0 3 0 5 -1 -1 -1 -1 -1 -1 762935 0 15 17 15 12.5 2 4 2 3
0 0 0 0 1 6 1 0 9 0 3 0 5 -1 -1 -1 -1 -1 -1 763735 0 15 17 15 12.5 2 4 2 3
0 0 0 0 3 6 1 0 9 0 3 0 5 4 0 4 1 0 0 764634 0 15 17 15 10 2 5 2 3
0 0 0 0 1 6 1 0 9 0 3 0 5 -1 -1 -1 -1 -1 -1 765634 0 15 17 15 10 2 5 2 3
0 0 0 0 1 6 1 0 9 0 3 0 5 -1 -1 -1 -1 -1 -1 766434 0 15 17 15 12.5 2 5 2 3
0 0 0 0 1 6 1 0 9 0 3 0 5 -1 -1 -1 -1 -1 -1 767234 0 15 17 15 12.1667 2 5 2 3
0 0 0 0 1 6 3 0 9 0 3 0 5 6 3 4 3 0 0 768167 0 15 17 15 10 2 5 2 3
0 0 0 0 1 6 1 0 9 0 3 0 5 -1 -1 -1 -1 -1 -1 769167 0 15 17 15 10 2 5 2 3
0 0 0 0 6 1 1 0 9 0 3 0 4 -1 -1 -1 -1 -1 -1 770166 0 15 17 15 10 2 5 2 3
0 0 0 0 6 1 1 0 9 0 3 0 4 -1 -1 -1 -1 -1 -1 770966 0 15 17 15 12.5 2 5 2 3
0 0 0 0 6 3 1 0 9 0 3 0 4 5 0 4 1 0 0 771766 0 15 17 15 12.1667 2 5 2 3
0 0 0 0 1 6 1 0 9 0 3 0 5 -1 -1 -1 -1 -1 -1 772732 0 15 17 15 10 2 5 2 3
0 0 0 0 1 6 1 0 9 0 3 0 5 -1 -1 -1 -1 -1 -1 773632 0 15 17 15 12.5 2 5 2 3
0 0 0 0 1 6 1 0 9 0 3 0 5 -1 -1 -1 -1 -1 -1 774432 0 15 17 15 12.5 2 5 2 3
0 0 0 0 3 6 1 0 9 0 3 0 5 4 2 4 0 0 0 775298 0 15 17 15 10 2 4 2 3
0 0 0 0 1 6 1 0 9 0 3 0 5 -1 -1 -1 -1 -1 -1 776298 0 15 17 15 10 2 4 2 3
0 0 0 0 1 6 1 0 9 0 3 0 5 -1 -1 -1 -1 -1 -1 777231 0 15 17 15 12.5 2 4 2 3
0 0 0 0 1 6 1 0 9 0 3 0 5 -1 -1 -1 -1 -1 -1 778031 0 15 17 15 12.5 2 4 2 3
0 0 0 0 3 6 1 0 9 0 3 0 5 4 1 4 2 0 0 778864 0 15 17 15 10.6667 2 8 0 3
0 0 0 0 1 6 1 0 9 0 3 0 5 -1 -1 -1 -1 -1 -1 779864 0 15 17 15 10 2 8 0 3
0 0 0 0 1 6 1 0 9 0 3 0 5 -1 -1 -1 -1 -1 -1 780697 0 15 17 15 12.5 2 8 0 3
0 0 0 0 1 6 1 0 9 0 3 0 5 -1 -1 -1 -1 -1 -1 781497 0 15 17 15 12.5 2 8 0 3
0 0 0 0 3 6 1 0 9 0 3 0 5 4 3 4 3 0 0 782397 0 15 17 15 10 2 6 2 3
0 0 0 0 1 6 1 0 9 0 3 0 5 -1 -1 -1 -1 -1 -1 783397 0 15 17 15 10 2 6 2 3
0 0 0 0 1 6 1 0 9 0 3 0 5 -1 -1 -1 -1 -1 -1 784263 0 15 17 15 12.5 2 6 2 3
0 0 0 0 1 6 1 0 9 0 3 0 5 -1 -1 -1 -1 -1 -1 785063 0 15 17 15 12.5 2 6 2 3
0 0 0 0 3 6 1 0 9 0 3 0 5 4 1 4 2 0 0 785963 0 15 17 15 10 2 5 2 3
0 0 0 0 1 6 1 0 9 0 3 0 5 -1 -1 -1 -1 -1 -1 786962 0 15 17 15 10 2 5 2 3
0 0 0 0 6 1 1 0 9 0 3 0 4 -1 -1 -1 -1 -1 -1 787962 0 15 17 15 12.5 2 5 2 3
0 0 0 0 6 1 1 0 9 0 3 0 4 -1 -1 -1 -1 -1 -1 788762 0 15 17 15 12.5 2 5 2 3
0 0 0 0 7 1 1 0 9 0 3 0 4 4 1 4 2 1 1 789562 0 15 17 15 11.8333 2 4 2 3
0 0 0 0 6 1 1 0 9 0 3 0 4 -1 -1 -1 -1 -1 -1 790528 0 15 17 15 10 2 4 2 3
0 0 0 0 6 1 1 0 9 0 3 0 4 -1 -1 -1 -1 -1 -1 791528 0 15 17 15 10 2 4 2 3
0 0 0 0 1 6 1 0 9 0 3 0 5 -1 -1 -1 -1 -1 -1 792494 0 15 17 15 12.5 2 4 2 3
0 0 0 0 1 7 1 0 9 0 3 0 5 5 3 4 3 1 1 793294 0 15 17 15 12.5 2 5 2 3
0 0 0 0 1 6 1 0 9 0 3 0 5 -1 -1 -1 -1 -1 -1 793927 0 15 17 16 16.25 2 5 2 3
0 0 0 0 1 1 6 0 9 0 3 0 6 -1 -1 -1 -1 -1 -1 794660 0 15 17 16 13 2 5 2 3
0 0 0 0 1 6 1 0 9 0 3 0 5 -1 -1 -1 -1 -1 -1 795427 0 15 17 16 13 2 5 2 3
0 0 0 0 1 8 2 0 9 0 3 0 5 6 1 4 2 1 0 796193 0 15 17 16 13 2 5 2 3
0 0 0 0 1 6 1 0 9 0 3 0 5 -1 -1 -1 -1 -1 -1 797160 0 15 17 15 10 2 5 2 3
0 0 0 0 1 1 6 0 9 0 3 0 6 -1 -1 -1 -1 -1 -1 798160 0 15 17 15 10 2 5 2 3
0 0 0 0 1 1 6 0 9 0 3 0 6 -1 -1 -1 -1 -1 -1 798993 0 15 17 15 12.5 2 5 2 3
0 0 0 0 1 3 6 0 9 0 3 0 6 5 3 4 3 0 0 799793 0 15 17 15 12.5 2 5 2 3
0 0 0 0 1 6 1 0 9 0 3 0 5 -1 -1 -1 -1 -1 -1 800692 0 15 17 15 10 2 5 2 3
0 0 0 0 6 1 1 0 9 0 3 0 4 -1 -1 -1 -1 -1 -1 801692 0 15 17 15 12.5 2 5 2 3
0 0 0 0 6 1 1 0 9 0 3 0 4 -1 -1 -1 -1 -1 -1 802492 0 15 17 15 12.5 2 5 2 3
0 0 0 0 8 1 1 0 9 0 3 0 4 4 1 4 2 0 1 803292 0 15 17 15 11.5 2 4 2 3
0 0 0 0 1 6 1 0 9 0 3 0 5 -1 -1 -1 -1 -1 -1 804258 0 15 17 15 10 2 4 2 3
0 0 0 0 6 1 1 0 9 0 3 0 4 -1 -1 -1 -1 -1 -1 805258 0 15 17 15 10 2 4 2 3
0 0 0 0 6 1 1 0 9 0 3 0 4 -1 -1 -1 -1 -1 -1 806058 0 15 17 15 12.5 2 4 2 3
0 0 0 0 6 3 1 0 9 0 3 0 4 5 3 4 3 0 0 806857 0 15 17 15 12.1667 2 8 0 3
0 0 0 0 1 6 1 0 9 0 3 0 5 -1 -1 -1 -1 -1 -1 807824 0 15 17 15 10 2 8 0 3
0 0 0 0 1 6 1 0 9 0 3 0 5 -1 -1 -1 -1 -1 -1 808657 0 15 17 15 12.5 2 8 0 3
0 0 0 0 1 6 1 0 9 0 3 0 5 -1 -1 -1 -1 -1 -1 809457 0 15 17 15 12.5 2 8 0 3
0 0 0 0 3 6 1 0 9 0 3 0 5 4 2 4 0 0 0 810390 0 15 17 15 10 2 6 2 3
0 0 0 0 1 6 1 0 9 0 3 0 5 -1 -1 -1 -1 -1 -1 811390 0 15 17 15 10 2 6 2 3
0 0 0 0 1 6 1 0 9 0 3 0 5 -1 -1 -1 -1 -1 -1 812256 0 15 17 15 12.5 2 6 2 3
0 0 0 0 1 6 1 0 9 0 3 0 5 -1 -1 -1 -1 -1 -1 813056 0 15 17 15 12.5 2 6 2 3
0 0 0 0 2 8 1 0 9 0 3 0 5 4 1 4 2 1 0 813922 0 15 17 15 10 2 5 2 3
0 0 0 0 1 6 1 0 9 0 3 0 5 -1 -1 -1 -1 -1 -1 814922 0 15 17 15 12.5 2 5 2 3
0 0 0 0 1 6 1 0 9 0 3 0 5 -1 -1 -1 -1 -1 -1 815722 0 15 17 15 12.5 2 5 2 3
0 0 0 0 1 6 1 0 9 0 3 0 5 -1 -1 -1 -1 -1 -1 816522 0 15 17 15 12 2 5 2 3
0 0 0 0 3 6 1 0 9 0 3 0 5 4 2 4 0 0 0 817488 0 15 17 15 10 2 4 2 3
0 0 0 0 1 6 1 0 9 0 3 0 5 -1 -1 -1 -1 -1 -1 818355 0 15 17 15 12.5 2 4 2 3
0 0 0 0 1 6 1 0 9 0 3 0 5 -1 -1 -1 -1 -1 -1 819154 0 15 17 15 12.5 2 4 2 3
0 0 0 0 1 6 1 0 9 0 3 0 5 -1 -1 -1 -1 -1 -1 819988 0 15 17 15 12.5 2 4 2 3
0 0 0 0 1 6 3 0 9 0 3 0 5 6 3 4 3 0 0 820787 0 15 17 15 12.5 2 5 2 3
0 0 0 0 1 6 1 0 9 0 3 0 5 -1 -1 -1 -1 -1 -1 821621 0 15 17 15 10.3333 2 5 2 3
0 0 0 0 1 1 6 0 9 0 3 0 6 -1 -1 -1 -1 -1 -1 822554 0 15 17 15 12.5 2 5 2 3
0 0 0 0 1 1 6 0 9 0 3 0 6 -1 -1 -1 -1 -1 -1 823353 0 15 17 15 12.5 2 5 2 3
0 0 0 0 1 1 7 0 9 0 3 0 6 6 1 4 2 1 1 824187 0 15 17 15 11.1667 2 5 2 3
0 0 0 0 1 1 6 0 9 0 3 0 6 -1 -1 -1 -1 -1 -1 825153 0 15 17 15 10 2 5 2 3
0 0 0 0 1 6 1 0 9 0 3 0 5 -1 -1 -1 -1 -1 -1 826153 0 15 17 15 10 2 5 2 3
0 0 0 0 1 6 1 0 9 0 3 0 5 -1 -1 -1 -1 -1 -1 827152 0 15 17 15 10 2 5 2 3
0 0 0 0 7 1 1 0 9 0 3 0 4 4 2 4 0 1 1 828086 0 15 17 15 12.5 2 5 2 3
0 0 0 0 6 1 1 0 9 0 3 0 4 -1 -1 -1 -1 -1 -1 828719 0 15 17 16 16.25 2 5 2 3
0 0 0 0 6 1 1 0 9 0 3 0 4 -1 -1 -1 -1 -1 -1 829352 0 15 17 16 15.8167 2 5 2 3
0 0 0 0 6 1 1 0 9 0 3 0 4 -1 -1 -1 -1 -1 -1 830052 0 15 17 16 13 2 5 2 3
0 0 0 0 6 3 1 0 9 0 3 0 4 5 0 4 1 0 0 830818 0 15 17 16 13 2 4 2 3
0 0 0 0 6 1 1 0 9 0 3 0 4 -1 -1 -1 -1 -1 -1 831551 0 15 17 16 16.25 2 4 2 3
0 0 0 0 6 1 1 0 9 0 3 0 4 -1 -1 -1 -1 -1 -1 832151 0 15 17 16 16.25 2 4 2 3
0 0 0 0 6 1 1 0 9 0 3 0 4 -1 -1 -1 -1 -1 -1 832784 0 15 17 16 16.25 2 4 2 3
0 0 0 0 6 1 3 0 9 0 3 0 4 6 2 4 0 0 0 833451 0 15 17 16 13 2 8 0 3
0 0 0 0 6 1 1 0 9 0 3 0 4 -1 -1 -1 -1 -1 -1 834217 0 15 17 16 13 2 8 0 3
0 0 0 0 6 1 1 0 9 0 3 0 4 -1 -1 -1 -1 -1 -1 835017 0 15 17 16 13 2 8 0 3
0 0 0 0 6 1 1 0 9 0 3 0 4 -1 -1 -1 -1 -1 -1 835650 0 15 17 16 16.25 2 8 0 3
0 0 0 0 6 1 3 0 9 0 3 0 4 6 0 4 1 0 0 836284 0 15 17 16 16.25 2 6 2 3
0 0 0 0 6 1 1 0 9 0 3 0 4 -1 -1 -1 -1 -1 -1 836883 0 15 17 16 15.1667 2 6 2 3
0 0 0 0 6 1 1 0 9 0 3 0 4 -1 -1 -1 -1 -1 -1 837650 0 15 17 16 13 2 6 2 3
0 0 0 0 6 1 1 0 9 0 3 0 4 -1 -1 -1 -1 -1 -1 838416 0 15 17 16 13 2 6 2 3
0 0 0 0 6 1 3 0 9 0 3 0 4 6 2 4 0 0 0 839050 0 15 17 16 16.25 2 5 2 3
0 0 0 0 6 1 1 0 9 0 3 0 4 -1 -1 -1 -1 -1 -1 839683 0 15 17 16 16.25 2 5 2 3
0 0 0 0 6 1 1 0 9 0 3 0 4 -1 -1 -1 -1 -1 -1 840283 0 15 17 16 14.95 2 5 2 3
0 0 0 0 1 6 1 0 9 0 3 0 5 -1 -1 -1 -1 -1 -1 840982 0 15 17 16 16.25 2 5 2 3
0 0 0 0 1 7 1 0 9 0 3 0 5 5 2 4 0 1 1 841616 0 15 17 16 16.25 2 4 2 3
0 0 0 0 1 6 1 0 9 0 3 0 5 -1 -1 -1 -1 -1 -1 842215 0 15 17 16 16.25 2 4 2 3
0 0 0 0 1 6 1 0 9 0 3 0 5 -1 -1 -1 -1 -1 -1 842915 0 15 17 16 13 2 4 2 3
0 0 0 0 1 6 1 0 9 0 3 0 5 -1 -1 -1 -1 -1 -1 843682 0 15 17 16 16.25 2 4 2 3
0 0 0 0 1 8 1 0 9 0 3 0 5 5 1 4 2 0 1 844282 0 15 17 16 16.25 2 5 2 3
0 0 0 0 1 6 1 0 9 0 3 0 5 -1 -1 -1 -1 -1 -1 845048 0 15 17 15 12.5 2 5 2 3
0 0 0 0 6 1 1 0 9 0 3 0 4 -1 -1 -1 -1 -1 -1 845981 0 15 17 15 10 2 5 2 3
0 0 0 0 6 1 1 0 9 0 3 0 4 -1 -1 -1 -1 -1 -1 846781 0 15 17 15 12.5 2 5 2 3
0 0 0 0 6 3 1 0 9 0 3 0 4 5 1 4 2 0 0 847581 0 15 17 15 12.5 2 5 2 3
0 0 0 0 6 1 1 0 9 0 3 0 4 -1 -1 -1 -1 -1 -1 848514 0 15 17 15 10 2 5 2 3
0 0 0 0 6 1 1 0 9 0 3 0 4 -1 -1 -1 -1 -1 -1 849514 0 15 17 15 10 2 5 2 3
0 0 0 0 6 1 1 0 9 0 3 0 4 -1 -1 -1 -1 -1 -1 850347 0 15 17 15 12.5 2 5 2 3
0 0 0 0 6 3 1 0 9 0 3 0 4 5 3 4 3 0 0 851147 0 15 17 15 12.5 2 5 2 3
0 0 0 0 6 1 1 0 9 0 3 0 4 -1 -1 -1 -1 -1 -1 852080 0 15 17 15 10 2 5 2 3
0 0 0 0 6 1 1 0 9 0 3 0 4 -1 -1 -1 -1 -1 -1 852913 0 15 17 15 12.5 2 5 2 3
0 0 0 0 6 1 1 0 9 0 3 0 4 -1 -1 -1 -1 -1 -1 853713 0 15 17 15 12.5 2 5 2 3
0 0 0 0 7 1 1 0 9 0 3 0 4 4 1 4 2 1 1 854646 0 15 17 15 10 2 4 2 3
0 0 0 0 6 1 1 0 9 0 3 0 4 -1 -1 -1 -1 -1 -1 855646 0 15 17 15 10 2 4 2 3
0 0 0 0 6 1 1 0 9 0 3 0 4 -1 -1 -1 -1 -1 -1 856645 0 15 17 15 10 2 4 2 3
0 0 0 0 6 1 1 0 9 0 3 0 4 -1 -1 -1 -1 -1 -1 857645 0 15 17 15 10 2 4 2 3
0 0 0 0 6 3 1 0 9 0 3 0 4 5 3 4 3 0 0 858478 0 15 17 15 12.5 2 8 0 3
0 0 0 0 6 1 1 0 9 0 3 0 4 -1 -1 -1 -1 -1 -1 859278 0 15 17 15 12.5 2 8 0 3
0 0 0 0 6 1 1 0 9 0 3 0 4 -1 -1 -1 -1 -1 -1 860178 0 15 17 15 10 2 8 0 3
0 0 0 0 6 1 1 0 9 0 3 0 4 -1 -1 -1 -1 -1 -1 861178 0 15 17 15 10 2 8 0 3
0 0 0 0 3 6 1 0 9 0 3 0 5 4 1 4 2 0 0 862111 0 15 17 15 12.5 2 6 2 3
0 0 0 0 1 6 1 0 9 0 3 0 5 -1 -1 -1 -1 -1 -1 862910 0 15 17 15 12.5 2 6 2 3
0 0 0 0 6 1 1 0 9 0 3 0 4 -1 -1 -1 -1 -1 -1 863710 0 15 17 15 12.5 2 6 2 3
0 0 0 0 6 1 1 0 9 0 3 0 4 -1 -1 -1 -1 -1 -1 864510 0 15 17 15 12.5 2 6 2 3
0 0 0 0 7 1 1 0 9 0 3 0 4 4 1 4 2 1 1 865343 0 15 17 15 10.3333 2 5 2 3
0 0 0 0 6 1 1 0 9 0 3 0 4 -1 -1 -1 -1 -1 -1 866143 0 15 17 16 13 2 5 2 3
0 0 0 0 6 1 1 0 9 0 3 0 4 -1 -1 -1 -1 -1 -1 866909 0 15 17 16 13 2 5 2 3
0 0 0 0 6 1 1 0 9 0 3 0 4 -1 -1 -1 -1 -1 -1 867676 0 15 17 16 13 2 5 2 3
0 0 0 0 6 3 1 0 9 0 3 0 4 5 0 4 1 0 0 868476 0 15 17 16 13 2 4 2 3
0 0 0 0 6 1 1 0 9 0 3 0 4 -1 -1 -1 -1 -1 -1 869142 0 15 17 16 16.25 2 4 2 3
0 0 0 0 6 1 1 0 9 0 3 0 4 -1 -1 -1 -1 -1 -1 869775 0 15 17 16 16.25 2 4 2 3
0 0 0 0 6 1 1 0 9 0 3 0 4 -1 -1 -1 -1 -1 -1 870375 0 15 17 16 16.0333 2 4 2 3
0 0 0 0 6 3 1 0 9 0 3 0 4 5 2 4 0 0 0 871108 0 15 17 16 13 2 5 2 3
0 0 0 0 6 1 1 0 9 0 3 0 4 -1 -1 -1 -1 -1 -1 871775 0 15 17 16 16.25 2 5 2 3
0 0 0 0 1 6 1 0 9 0 3 0 5 -1 -1 -1 -1 -1 -1 872375 0 15 17 16 16.25 2 5 2 3
0 0 0 0 1 6 1 0 9 0 3 0 5 -1 -1 -1 -1 -1 -1 873008 0 15 17 16 15.3833 2 5 2 3
0 0 0 0 1 7 1 0 9 0 3 0 5 5 1 4 2 1 1 873741 0 15 17 16 13 2 5 2 3
0 0 0 0 1 6 1 0 9 0 3 0 5 -1 -1 -1 -1 -1 -1 874508 0 15 17 16 13 2 5 2 3
0 0 0 0 1 6 1 0 9 0 3 0 5 -1 -1 -1 -1 -1 -1 755203 0 15 17 15 60 2 8 0 3
0 0 0 0 1 6 1 0 9 0 3 0 5 -1 -1 -1 -1 -1 -1 755370 0 15 17 15 60 2 8 0 3
0 0 0 0 1 6 1 0 9 0 3 0 5 -1 -1 -1 -1 -1 -1 755537 0 15 17 15 60 2 6 2 3
0 0 0 0 1 6 1 0 9 0 3 0 5 -1 -1 -1 -1 -1 -1 755703 0 15 17 15 50 2 6 2 3
0 0 0 0 1 6 1 0 9 0 3 0 5 -1 -1 -1 -1 -1 -1 756003 0 15 17 15 20 2 6 2 3
0 0 0 0 1 6 1 0 9 0 3 0 5 -1 -1 -1 -1 -1 -1 756903 0 15 17 15 12.5 2 6 2 3
0 0 0 0 1 6 1 0 9 0 3 0 5 -1 -1 -1 -1 -1 -1 757703 0 15 17 15 12.5 2 5 2 3
0 0 0 0 1 6 1 0 9 0 3 0 5 -1 -1 -1 -1 -1 -1 758536 0 15 17 15 11.1667 2 5 2 3
0 0 0 0 1 6 1 0 9 0 3 0 5 -1 -1 -1 -1 -1 -1 759502 0 15 17 15 10 2 5 2 3
0 0 0 0 1 6 1 0 9 0 3 0 5 -1 -1 -1 -1 -1 -1 760335 0 15 17 15 12.5 2 5 2 3
0 0 0 0 1 6 3 0 9 0 3 0 5 6 2 4 0 0 0 761135 0 15 17 15 12.5 2 4 2 3
0 0 0 0 1 6 1 0 9 0 3 0 5 -1 -1 -1 -1 -1 -1 762068 0 15 17 15 10 2 4 2 3
0 0 0 0 1 6 1 0 9 0 3 0 5 -1 -1 -1 -1 -1 -1 762935 0 15 17 15 12.5 2 4 2 3
0 0 0 0 1 6 1 0 9 0 3 0 5 -1 -1 -1 -1 -1 -1 763735 0 15 17 15 12.5 2 4 2 3
0 0 0 0 3 6 1 0 9 0 3 0 5 4 0 4 1 0 0 764634 0 15 17 15 10 2 5 2 3
0 0 0 0 1 6 1 0 9 0 3 0 5 -1 -1 -1 -1 -1 -1 765634 0 15 17 15 10 2 5 2 3
0 0 0 0 1 6 1 0 9 0 3 0 5 -1 -1 -1 -1 -1 -1 766434 0 15 17 15 12.5 2 5 2 3
0 0 0 0 1 6 1 0 9 0 3 0 5 -1 -1 -1 -1 -1 -1 767234 0 15 17 15 12.1667 2 5 2 3
0 0 0 0 1 6 3 0 9 0 3 0 5 6 3 4 3 0 0 768167 0 15 17 15 10 2 5 2 3
0 0 0 0 1 6 1 0 9 0 3 0 5 -1 -1 -1 -1 -1 -1 769167 0 15 17 15 10 2 5 2 3
0 0 0 0 6 1 1 0 9 0 3 0 4 -1 -1 -1 -1 -1 -1 770166 0 15 17 15 10 2 5 2 3
0 0 0 0 6 1 1 0 9 0 3 0 4 -1 -1 -1 -1 -1 -1 770966 0 15 17 15 12.5 2 5 2 3
0 0 0 0 6 3 1 0 9 0 3 0 4 5 0 4 1 0 0 771766 0 15 17 15 12.1667 2 5 2 3
0 0 0 0 1 6 1 0 9 0 3 0 5 -1 -1 -1 -1 -1 -1 772732 0 15 17 15 10 2 5 2 3
0 0 0 0 1 6 1 0 9 0 3 0 5 -1 -1 -1 -1 -1 -1 773632 0 15 17 15 12.5 2 5 2 3
0 0 0 0 1 6 1 0 9 0 3 0 5 -1 -1 -1 -1 -1 -1 774432 0 15 17 15 12.5 2 5 2 3
0 0 0 0 3 6 1 0 9 0 3 0 5 4 2 4 0 0 0 775298 0 15 17 15 10 2 4 2 3
0 0 0 0 1 6 1 0 9 0 3 0 5 -1 -1 -1 -1 -1 -1 776298 0 15 17 15 10 2 4 2 3
0 0 0 0 1 6 1 0 9 0 3 0 5 -1 -1 -1 -1 -1 -1 777231 0 15 17 15 12.5 2 4 2 3
0 0 0 0 1 6 1 0 9 0 3 0 5 -1 -1 -1 -1 -1 -1 778031 0 15 17 15 12.5 2 4 2 3
0 0 0 0 3 6 1 0 9 0 3 0 5 4 1 4 2 0 0 778864 0 15 17 15 10.6667 2 8 0 3
0 0 0 0 1 6 1 0 9 0 3 0 5 -1 -1 -1 -1 -1 -1 779864 0 15 17 15 10 2 8 0 3
0 0 0 0 1 6 1 0 9 0 3 0 5 -1 -1 -1 -1 -1 -1 780697 0 15 17 15 12.5 2 8 0 3
0 0 0 0 1 6 1 0 9 0 3 0 5 -1 -1 -1 -1 -1 -1 781497 0 15 17 15 12.5 2 8 0 3
0 0 0 0 3 6 1 0 9 0 3 0 5 4 3 4 3 0 0 782397 0 15 17 15 10 2 6 2 3
0 0 0 0 1 6 1 0 9 0 3 0 5 -1 -1 -1 -1 -1 -1 783397 0 15 17 15 10 2 6 2 3
0 0 0 0 1 6 1 0 9 0 3 0 5 -1 -1 -1 -1 -1 -1 784263 0 15 17 15 12.5 2 6 2 3
0 0 0 0 1 6 1 0 9 0 3 0 5 -1 -1 -1 -1 -1 -1 785063 0 15 17 15 12.5 2 6 2 3
0 0 0 0 3 6 1 0 9 0 3 0 5 4 1 4 2 0 0 785963 0 15 17 15 10 2 5 2 3
0 0 0 0 1 6 1 0 9 0 3 0 5 -1 -1 -1 -1 -1 -1 786962 0 15 17 15 10 2 5 2 3
0 0 0 0 6 1 1 0 9 0 3 0 4 -1 -1 -1 -1 -1 -1 787962 0 15 17 15 12.5 2 5 2 3
0 0 0 0 6 1 1 0 9 0 3 0 4 -1 -1 -1 -1 -1 -1 788762 0 15 17 15 12.5 2 5 2 3
0 0 0 0 7 1 1 0 9 0 3 0 4 4 1 4 2 1 1 789562 0 15 17 15 11.8333 2 4 2 3
0 0 0 0 6 1 1 0 9 0 3 0 4 -1 -1 -1 -1 -1 -1 790528 0 15 17 15 10 2 4 2 3
0 0 0 0 6 1 1 0 9 0 3 0 4 -1 -1 -1 -1 -1 -1 791528 0 15 17 15 10 2 4 2 3
0 0 0 0 1 6 1 0 9 0 3 0 5 -1 -1 -1 -1 -1 -1 792494 0 15 17 15 12.5 2 4 2 3
0 0 0 0 1 7 1 0 9 0 3 0 5 5 3 4 3 1 1 793294 0 15 17 15 12.5 2 5 2 3
0 0 0 0 1 6 1 0 9 0 3 0 5 -1 -1 -1 -1 -1 -1 793927 0 15 17 16 16.25 2 5 2 3
0 0 0 0 1 1 6 0 9 0 3 0 6 -1 -1 -1 -1 -1 -1 794660 0 15 17 16 13 2 5 2 3
0 0 0 0 1 6 1 0 9 0 3 0 5 -1 -1 -1 -1 -1 -1 795427 0 15 17 16 13 2 5 2 3
0 0 0 0 1 8 2 0 9 0 3 0 5 6 1 4 2 1 0 796193 0 15 17 16 13 2 5 2 3
0 0 0 0 1 6 1 0 9 0 3 0 5 -1 -1 -1 -1 -1 -1 797160 0 15 17 15 10 2 5 2 3
0 0 0 0 1 1 6 0 9 0 3 0 6 -1 -1 -1 -1 -1 -1 798160 0 15 17 15 10 2 5 2 3
0 0 0 0 1 1 6 0 9 0 3 0 6 -1 -1 -1 -1 -1 -1 798993 0 15 17 15 12.5 2 5 2 3
0 0 0 0 1 3 6 0 9 0 3 0 6 5 3 4 3 0 0 799793 0 15 17 15 12.5 2 5 2 3
0 0 0 0 1 6 1 0 9 0 3 0 5 -1 -1 -1 -1 -1 -1 800692 0 15 17 15 10 2 5 2 3
0 0 0 0 6 1 1 0 9 0 3 0 4 -1 -1 -1 -1 -1 -1 801692 0 15 17 15 12.5 2 5 2 3
0 0 0 0 6 1 1 0 9 0 3 0 4 -1 -1 -1 -1 -1 -1 802492 0 15 17 15 12.5 2 5 2 3
0 0 0 0 8 1 1 0 9 0 3 0 4 4 1 4 2 0 1 803292 0 15 17 15 11.5 2 4 2 3
0 0 0 0 1 6 1 0 9 0 3 0 5 -1 -1 -1 -1 -1 -1 804258 0 15 17 15 10 2 4 2 3
0 0 0 0 6 1 1 0 9 0 3 0 4 -1 -1 -1 -1 -1 -1 805258 0 15 17 15 10 2 4 2 3
0 0 0 0 6 1 1 0 9 0 3 0 4 -1 -1 -1 -1 -1 -1 806058 0 15 17 15 12.5 2 4 2 3
0 0 0 0 6 3 1 0 9 0 3 0 4 5 3 4 3 0 0 806857 0 15 17 15 12.1667 2 8 0 3
0 0 0 0 1 6 1 0 9 0 3 0 5 -1 -1 -1 -1 -1 -1 807824 0 15 17 15 10 2 8 0 3
0 0 0 0 1 6 1 0 9 0 3 0 5 -1 -1 -1 -1 -1 -1 808657 0 15 17 15 12.5 2 8 0 3
0 0 0 0 1 6 1 0 9 0 3 0 5 -1 -1 -1 -1 -1 -1 809457 0 15 17 15 12.5 2 8 0 3
0 0 0 0 3 6 1 0 9 0 3 0 5 4 2 4 0 0 0 810390 0 15 17 15 10 2 6 2 3
0 0 0 0 1 6 1 0 9 0 3 0 5 -1 -1 -1 -1 -1 -1 811390 0 15 17 15 10 2 6 2 3
0 0 0 0 1 6 1 0 9 0 3 0 5 -1 -1 -1 -1 -1 -1 812256 0 15 17 15 12.5 2 6 2 3
0 0 0 0 1 6 1 0 9 0 3 0 5 -1 -1 -1 -1 -1 -1 813056 0 15 17 15 12.5 2 6 2 3
0 0 0 0 2 8 1 0 9 0 3 0 5 4 1 4 2 1 0 813922 0 15 17 15 10 2 5 2 3
0 0 0 0 1 6 1 0 9 0 3 0 5 -1 -1 -1 -1 -1 -1 814922 0 15 17 15 12.5 2 5 2 3
0 0 0 0 1 6 1 0 9 0 3 0 5 -1 -1 -1 -1 -1 -1 815722 0 15 17 15 12.5 2 5 2 3
0 0 0 0 1 6 1 0 9 0 3 0 5 -1 -1 -1 -1 -1 -1 816522 0 15 17 15 12 2 5 2 3
0 0 0 0 3 6 1 0 9 0 3 0 5 4 2 4 0 0 0 817488 0 15 17 15 10 2 4 2 3
0 0 0 0 1 6 1 0 9 0 3 0 5 -1 -1 -1 -1 -1 -1 818355 0 15 17 15 12.5 2 4 2 3
0 0 0 0 1 6 1 0 9 0 3 0 5 -1 -1 -1 -1 -1 -1 819154 0 15 17 15 12.5 2 4 2 3
0 0 0 0 1 6 1 0 9 0 3 0 5 -1 -1 -1 -1 -1 -1 819988 0 15 17 15 12.5 2 4 2 3
0 0 0 0 1 6 3 0 9 0 3 0 5 6 3 4 3 0 0 820787 0 15 17 15 12.5 2 5 2 3
0 0 0 0 1 6 1 0 9 0 3 0 5 -1 -1 -1 -1 -1 -1 821621 0 15 17 15 10.3333 2 5 2 3
0 0 0 0 1 1 6 0 9 0 3 0 6 -1 -1 -1 -1 -1 -1 822554 0 15 17 15 12.5 2 5 2 3
0 0 0 0 1 1 6 0 9 0 3 0 6 -1 -1 -1 -1 -1 -1 823353 0 15 17 15 12.5 2 5 2 3
0 0 0 0 1 1 7 0 9 0 3 0 6 6 1 4 2 1 1 824187 0 15 17 15 11.1667 2 5 2 3
0 0 0 0 1 1 6 0 9 0 3 0 6 -1 -1 -1 -1 -1 -1 825153 0 15 17 15 10 2 5 2 3
0 0 0 0 1 6 1 0 9 0 3 0 5 -1 -1 -1 -1 -1 -1 826153 0 15 17 15 10 2 5 2 3
0 0 0 0 1 6 1 0 9 0 3 0 5 -1 -1 -1 -1 -1 -1 827152 0 15 17 15 10 2 5 2 3
0 0 0 0 7 1 1 0 9 0 3 0 4 4 2 4 0 1 1 828086 0 15 17 15 12.5 2 5 2 3
0 0 0 0 6 1 1 0 9 0 3 0 4 -1 -1 -1 -1 -1 -1 828719 0 15 17 16 16.25 2 5 2 3
0 0 0 0 6 1 1 0 9 0 3 0 4 -1 -1 -1 -1 -1 -1 829352 0 15 17 16 15.8167 2 5 2 3
0 0 0 0 6 1 1 0 9 0 3 0 4 -1 -1 -1 -1 -1 -1 830052 0 15 17 16 13 2 5 2 3
0 0 0 0 6 3 1 0 9 0 3 0 4 5 0 4 1 0 0 830818 0 15 17 16 13 2 4 2 3
0 0 0 0 6 1 1 0 9 0 3 0 4 -1 -1 -1 -1 -1 -1 831551 0 15 17 16 16.25 2 4 2 3
0 0 0 0 6 1 1 0 9 0 3 0 4 -1 -1 -1 -1 -1 -1 832151 0 15 17 16 16.25 2 4 2 3
0 0 0 0 6 1 1 0 9 0 3 0 4 -1 -1 -1 -1 -1 -1 832784 0 15 17 16 16.25 2 4 2 3
0 0 0 0 6 1 3 0 9 0 3 0 4 6 2 4 0 0 0 833451 0 15 17 16 13 2 8 0 3
0 0 0 0 6 1 1 0 9 0 3 0 4 -1 -1 -1 -1 -1 -1 834217 0 15 17 16 13 2 8 0 3
0 0 0 0 6 1 1 0 9 0 3 0 4 -1 -1 -1 -1 -1 -1 835017 0 15 17 16 13 2 8 0 3
0 0 0 0 6 1 1 0 9 0 3 0 4 -1 -1 -1 -1 -1 -1 835650 0 15 17 16 16.25 2 8 0 3
0 0 0 0 6 1 3 0 9 0 3 0 4 6 0 4 1 0 0 836284 0 15 17 16 16.25 2 6 2 3
0 0 0 0 6 1 1 0 9 0 3 0 4 -1 -1 -1 -1 -1 -1 836883 0 15 17 16 15.1667 2 6 2 3
0 0 0 0 6 1 1 0 9 0 3 0 4 -1 -1 -1 -1 -1 -1 837650 0 15 17 16 13 2 6 2 3
0 0 0 0 6 1 1 0 9 0 3 0 4 -1 -1 -1 -1 -1 -1 838416 0 15 17 16 13 2 6 2 3
0 0 0 0 6 1 3 0 9 0 3 0 4 6 2 4 0 0 0 839050 0 15 17 16 16.25 2 5 2 3
0 0 0 0 6 1 1 0 9 0 3 0 4 -1 -1 -1 -1 -1 -1 839683 0 15 17 16 16.25 2 5 2 3
0 0 0 0 6 1 1 0 9 0 3 0 4 -1 -1 -1 -1 -1 -1 840283 0 15 17 16 14.95 2 5 2 3
0 0 0 0 1 6 1 0 9 0 3 0 5 -1 -1 -1 -1 -1 -1 840982 0 15 17 16 16.25 2 5 2 3
0 0 0 0 1 7 1 0 9 0 3 0 5 5 2 4 0 1 1 841616 0 15 17 16 16.25 2 4 2 3
0 0 0 0 1 6 1 0 9 0 3 0 5 -1 -1 -1 -1 -1 -1 842215 0 15 17 16 16.25 2 4 2 3
0 0 0 0 1 6 1 0 9 0 3 0 5 -1 -1 -1 -1 -1 -1 842915 0 15 17 16 13 2 4 2 3
0 0 0 0 1 6 1 0 9 0 3 0 5 -1 -1 -1 -1 -1 -1 843682 0 15 17 16 16.25 2 4 2 3
0 0 0 0 1 8 1 0 9 0 3 0 5 5 1 4 2 0 1 844282 0 15 17 16 16.25 2 5 2 3
0 0 0 0 1 6 1 0 9 0 3 0 5 -1 -1 -1 -1 -1 -1 845048 0 15 17 15 12.5 2 5 2 3
0 0 0 0 6 1 1 0 9 0 3 0 4 -1 -1 -1 -1 -1 -1 845981 0 15 17 15 10 2 5 2 3
0 0 0 0 6 1 1 0 9 0 3 0 4 -1 -1 -1 -1 -1 -1 846781 0 15 17 15 12.5 2 5 2 3
0 0 0 0 6 3 1 0 9 0 3 0 4 5 1 4 2 0 0 847581 0 15 17 15 12.5 2 5 2 3
0 0 0 0 6 1 1 0 9 0 3 0 4 -1 -1 -1 -1 -1 -1 848514 0 15 17 15 10 2 5 2 3
0 0 0 0 6 1 1 0 9 0 3 0 4 -1 -1 -1 -1 -1 -1 849514 0 15 17 15 10 2 5 2 3
0 0 0 0 6 1 1 0 9 0 3 0 4 -1 -1 -1 -1 -1 -1 850347 0 15 17 15 12.5 2 5 2 3
0 0 0 0 6 3 1 0 9 0 3 0 4 5 3 4 3 0 0 851147 0 15 17 15 12.5 2 5 2 3
0 0 0 0 6 1 1 0 9 0 3 0 4 -1 -1 -1 -1 -1 -1 852080 0 15 17 15 10 2 5 2 3
0 0 0 0 6 1 1 0 9 0 3 0 4 -1 -1 -1 -1 -1 -1 852913 0 15 17 15 12.5 2 5 2 3
0 0 0 0 6 1 1 0 9 0 3 0 4 -1 -1 -1 -1 -1 -1 853713 0 15 17 15 12.5 2 5 2 3
0 0 0 0 7 1 1 0 9 0 3 0 4 4 1 4 2 1 1 854646 0 15 17 15 10 2 4 2 3
0 0 0 0 6 1 1 0 9 0 3 0 4 -1 -1 -1 -1 -1 -1 855646 0 15 17 15 10 2 4 2 3
0 0 0 0 6 1 1 0 9 0 3 0 4 -1 -1 -1 -1 -1 -1 856645 0 15 17 15 10 2 4 2 3
0 0 0 0 6 1 1 0 9 0 3 0 4 -1 -1 -1 -1 -1 -1 857645 0 15 17 15 10 2 4 2 3
0 0 0 0 6 3 1 0 9 0 3 0 4 5 3 4 3 0 0 858478 0 15 17 15 12.5 2 8 0 3
0 0 0 0 6 1 1 0 9 0 3 0 4 -1 -1 -1 -1 -1 -1 859278 0 15 17 15 12.5 2 8 0 3
0 0 0 0 6 1 1 0 9 0 3 0 4 -1 -1 -1 -1 -1 -1 860178 0 15 17 15 10 2 8 0 3
0 0 0 0 6 1 1 0 9 0 3 0 4 -1 -1 -1 -1 -1 -1 861178 0 15 17 15 10 2 8 0 3
0 0 0 0 3 6 1 0 9 0 3 0 5 4 1 4 2 0 0 862111 0 15 17 15 12.5 2 6 2 3
0 0 0 0 1 6 1 0 9 0 3 0 5 -1 -1 -1 -1 -1 -1 862910 0 15 17 15 12.5 2 6 2 3
0 0 0 0 6 1 1 0 9 0 3 0 4 -1 -1 -1 -1 -1 -1 863710 0 15 17 15 12.5 2 6 2 3
0 0 0 0 6 1 1 0 9 0 3 0 4 -1 -1 -1 -1 -1 -1 864510 0 15 17 15 12.5 2 6 2 3
0 0 0 0 7 1 1 0 9 0 3 0 4 4 1 4 2 1 1 865343 0 15 17 15 10.3333 2 5 2 3
0 0 0 0 6 1 1 0 9 0 3 0 4 -1 -1 -1 -1 -1 -1 866143 0 15 17 16 13 2 5 2 3
0 0 0 0 6 1 1 0 9 0 3 0 4 -1 -1 -1 -1 -1 -1 866909 0 15 17 16 13 2 5 2 3
0 0 0 0 6 1 1 0 9 0 3 0 4 -1 -1 -1 -1 -1 -1 867676 0 15 17 16 13 2 5 2 3
0 0 0 0 6 3 1 0 9 0 3 0 4 5 0 4 1 0 0 868476 0 15 17 16 13 2 4 2 3
0 0 0 0 6 1 1 0 9 0 3 0 4 -1 -1 -1 -1 -1 -1 869142 0 15 17 16 16.25 2 4 2 3
0 0 0 0 6 1 1 0 9 0 3 0 4 -1 -1 -1 -1 -1 -1 869775 0 15 17 16 16.25 2 4 2 3
0 0 0 0 6 1 1 0 9 0 3 0 4 -1 -1 -1 -1 -1 -1 870375 0 15 17 16 16.0333 2 4 2 3
0 0 0 0 6 3 1 0 9 0 3 0 4 5 2 4 0 0 0 871108 0 15 17 16 13 2 5 2 3
0 0 0 0 6 1 1 0 9 0 3 0 4 -1 -1 -1 -1 -1 -1 871775 0 15 17 16 16.25 2 5 2 3
0 0 0 0 1 6 1 0 9 0 3 0 5 -1 -1 -1 -1 -1 -1 872375 0 15 17 16 16.25 2 5 2 3
0 0 0 0 1 6 1 0 9 0 3 0 5 -1 -1 -1 -1 -1 -1 873008 0 15 17 16 15.3833 2 5 2 3
0 0 0 0 1 7 1 0 9 0 3 0 5 5 1 4 2 1 1 873741 0 15 17 16 13 2 5 2 3
0 0 0 0 1 6 1 0 9 0 3 0 5 -1 -1 -1 -1 -1 -1 874508 0 15 17 16 13 2 5 2 3
