% Tunnel Log: 
% debug seed: 1462388455
%
% SegEncNW { '0'=no panel, '1'=panel, '4'=obstacle, '5'=collided obstacle, '6'=player, '7'=player right, '8'=player wrong, '2'=target, '3'=fake }
% SegEncN
% SegEncNE
% SegEncE
% SegEncSE
% SegEncS
% SegEncSW
% SegEncW
% Event Number { 0, inf }
% Task Type { 0=Color/Sound, 1=Shape/Sound, 2=Sound, 3=Navigation, 4=Speed, 5=Training 6=Recess, 7=Special 2-Back }
% N-Back { 0, inf }
% Navigation Level { 0, inf }
% Player Loc { 0=Northwest ... 7=West }
% Pod Loc { -1=N/A, 0=Northwest ... 7=West }
% Pod Color { -1, inf }
% Pod Shape { -1, inf }
% Pod Sound { -1, inf }
% Pod Match { -1=N/A, 0=No, 1=Yes }
% Pod Taken { -1=N/A, 0=No, 1=Yes }
% Timestamp (ms)
% Num Obstacles { 0, inf }
% Min Speed { 0, inf }
% Max Speed { 0, inf }
% Base Speed { 0, inf }
% Final Speed { 0, inf }
% Navigation Score { 0, inf }
% Segment Direction { 0=Northwest ... 7=West }
% Segment Angle { 0, inf }
% Segment Panels { 0, inf }
%
% SegEncNW SecEncN SegEncNE SegEncE SegEncSE SegEncS SegEncSW SegEncW EventNumber TaskType N-Back Navigation PlayerLoc PodLoc PodColor PodShape PodSound PodMatch PodTaken Timestamp NumObs MinSpeed MaxSpeed BaseSpeed FinalSpeed NavScore SegmentDir SegmentAngle SegmentPanels
0 0 0 0 1 6 1 0 0 3 1 0 5 -1 -1 -1 -1 -1 -1 21233 0 15 40 15 60 2 8 0 3
0 0 0 0 1 6 1 0 0 3 1 0 5 -1 -1 -1 -1 -1 -1 21333 0 15 40 15 60 2 8 0 3
0 0 0 0 1 6 1 0 0 3 1 0 5 -1 -1 -1 -1 -1 -1 21500 0 15 40 15 60 2 8 0 3
0 0 0 0 1 6 1 0 0 3 1 0 5 -1 -1 -1 -1 -1 -1 21666 0 15 40 15 60 2 5 2 3
0 0 0 0 1 6 1 0 0 3 1 0 5 -1 -1 -1 -1 -1 -1 21833 0 15 40 15 50 2 5 2 3
0 0 0 0 1 6 1 0 0 3 1 0 5 -1 -1 -1 -1 -1 -1 22133 0 15 40 15 20 2 5 2 3
0 0 0 0 1 6 1 0 0 3 1 0 5 -1 -1 -1 -1 -1 -1 23066 0 15 40 15 10 2 5 2 3
0 0 0 0 1 6 1 0 0 3 1 0 5 -1 -1 -1 -1 -1 -1 24066 0 15 40 15 10 2 4 2 3
0 0 0 0 1 1 6 0 0 3 1 0 6 -1 -1 -1 -1 -1 -1 25066 0 15 40 15 10 2 4 2 3
0 0 0 0 1 1 6 0 0 3 1 0 6 -1 -1 -1 -1 -1 -1 26066 0 15 40 15 10 2 4 2 3
0 0 0 0 1 1 6 0 0 3 1 0 6 -1 -1 -1 -1 -1 -1 27066 0 15 40 15 10 2 4 2 3
0 0 0 0 1 1 7 0 0 3 1 0 6 6 5 4 4 1 1 28066 0 15 40 15 10 2 4 2 3
0 0 0 0 1 6 1 0 0 3 1 0 5 -1 -1 -1 -1 -1 -1 29066 0 15 40 15 10 2 4 2 3
0 0 0 0 6 1 1 0 0 3 1 0 4 -1 -1 -1 -1 -1 -1 30033 0 15 40 15 12.5 2 4 2 3
0 0 0 0 6 1 1 0 0 3 1 0 4 -1 -1 -1 -1 -1 -1 30833 0 15 40 15 12.5 2 4 2 3
0 0 0 0 7 1 1 0 0 3 1 0 4 4 5 4 4 1 1 31633 0 15 40 15 10.8333 2 4 2 3
0 0 0 0 6 1 1 0 0 3 1 0 4 -1 -1 -1 -1 -1 -1 32433 0 15 40 16 13 2 4 2 3
0 0 0 0 1 6 1 0 0 3 1 0 5 -1 -1 -1 -1 -1 -1 33199 0 15 40 16 16.25 2 4 2 3
0 0 0 0 1 6 1 0 0 3 1 0 5 -1 -1 -1 -1 -1 -1 33799 0 15 40 16 16.25 2 4 2 3
0 0 0 0 1 7 1 0 0 3 1 0 5 5 5 4 4 1 1 34399 0 15 40 16 16.25 2 4 2 3
0 0 0 0 1 1 6 0 0 3 1 0 6 -1 -1 -1 -1 -1 -1 35066 0 15 40 16 13.2167 2 4 2 3
0 0 0 0 1 1 6 0 0 3 1 0 6 -1 -1 -1 -1 -1 -1 35799 0 15 40 16 16.25 2 4 2 3
0 0 0 0 1 1 6 0 0 3 1 0 6 -1 -1 -1 -1 -1 -1 36399 0 15 40 16 16.25 2 4 2 3
0 0 0 1 1 1 7 1 0 3 1 0 6 6 5 4 4 1 1 37033 0 15 40 16 16.25 2 6 2 5
0 0 0 1 1 1 6 1 0 3 1 1 6 -1 -1 -1 -1 -1 -1 37599 0 15 40 17 16 2 6 2 5
0 0 0 1 6 1 1 1 0 3 1 1 4 -1 -1 -1 -1 -1 -1 38199 0 15 40 17 16 2 6 2 5
0 0 0 1 6 1 1 1 0 3 1 1 4 -1 -1 -1 -1 -1 -1 38766 0 15 40 17 20 2 6 2 5
0 0 0 1 7 1 1 1 0 3 1 1 4 4 5 4 4 1 1 39266 0 15 40 17 20 2 4 2 5
0 0 0 1 6 1 1 1 0 3 1 1 4 -1 -1 -1 -1 -1 -1 39766 0 15 40 17 20 2 4 2 5
0 0 0 6 1 1 1 1 0 3 1 1 3 -1 -1 -1 -1 -1 -1 40266 0 15 40 17 17.3333 2 4 2 5
0 0 0 6 1 1 1 1 0 3 1 1 3 -1 -1 -1 -1 -1 -1 40799 0 15 40 17 20 2 4 2 5
0 0 0 7 1 1 1 1 0 3 1 1 3 3 5 4 4 1 1 41299 0 15 40 17 20 2 8 0 5
0 0 0 6 1 1 1 1 0 3 1 1 3 -1 -1 -1 -1 -1 -1 41733 0 15 40 18 23.75 2 8 0 5
0 0 0 6 1 1 1 1 0 3 1 1 3 -1 -1 -1 -1 -1 -1 42166 0 15 40 18 23.75 2 8 0 5
0 0 0 6 1 1 1 1 0 3 1 1 3 -1 -1 -1 -1 -1 -1 42566 0 15 40 18 23.75 2 8 0 5
0 0 0 7 1 1 1 1 0 3 1 1 3 3 5 4 4 1 1 42999 0 15 40 18 23.75 2 5 2 5
0 0 0 6 1 1 1 1 0 3 1 1 3 -1 -1 -1 -1 -1 -1 43433 0 15 40 18 23.75 2 5 2 5
0 0 0 1 6 1 1 1 0 3 1 1 4 -1 -1 -1 -1 -1 -1 43866 0 15 40 18 21.5333 2 5 2 5
0 0 0 1 1 6 1 1 0 3 1 1 5 -1 -1 -1 -1 -1 -1 44333 0 15 40 18 23.75 2 5 2 5
0 0 0 1 1 7 1 1 0 3 1 1 5 5 5 4 4 1 1 44766 0 15 40 18 23.75 2 4 2 5
0 0 0 1 1 6 1 1 0 3 1 1 5 -1 -1 -1 -1 -1 -1 45166 0 15 40 19 26.25 2 4 2 5
0 0 0 1 1 1 6 1 0 3 1 1 6 -1 -1 -1 -1 -1 -1 45532 0 15 40 19 26.25 2 4 2 5
0 0 0 1 1 1 1 6 0 3 1 1 7 -1 -1 -1 -1 -1 -1 45899 0 15 40 19 25.2 2 4 2 5
0 0 0 1 1 1 1 7 0 3 1 1 7 7 5 4 4 1 1 46366 0 15 40 19 21 2 4 2 5
0 0 0 1 1 1 1 6 0 3 1 1 7 -1 -1 -1 -1 -1 -1 46732 0 15 40 19 26.25 2 4 2 5
0 0 0 1 1 1 1 6 0 3 1 1 7 -1 -1 -1 -1 -1 -1 47132 0 15 40 19 26.25 2 4 2 5
0 0 0 1 1 1 1 6 0 3 1 1 7 -1 -1 -1 -1 -1 -1 47499 0 15 40 19 26.25 2 4 2 5
0 0 0 1 1 1 1 7 0 3 1 1 7 7 5 4 4 1 1 47866 0 15 40 19 26.25 2 4 2 5
0 0 0 1 1 1 1 6 0 3 1 2 7 -1 -1 -1 -1 -1 -1 48266 0 15 40 20 23.4667 2 4 2 5
0 0 0 1 1 1 1 6 0 3 1 2 7 -1 -1 -1 -1 -1 -1 48732 0 15 40 20 22 2 4 2 5
0 0 0 1 1 1 1 6 0 3 1 2 7 -1 -1 -1 -1 -1 -1 49166 0 15 40 20 22 2 4 2 5
0 0 0 1 1 1 1 7 0 3 1 2 7 7 5 4 4 1 1 49632 0 15 40 20 22 2 4 2 5
0 0 0 1 1 1 1 6 0 3 1 2 7 -1 -1 -1 -1 -1 -1 50099 0 15 40 20 22 2 4 2 5
0 0 0 1 1 1 4 6 0 3 1 2 7 -1 -1 -1 -1 -1 -1 50532 1 15 40 20 22 2 4 2 5
0 0 0 1 1 1 1 6 0 3 1 2 7 -1 -1 -1 -1 -1 -1 50999 0 15 40 20 22 2 4 2 5
0 0 0 1 1 1 1 7 0 3 1 2 7 7 5 4 4 1 1 51466 0 15 40 20 22 2 6 2 5
0 0 0 1 1 1 1 6 0 3 1 2 7 -1 -1 -1 -1 -1 -1 51899 0 15 40 21 23 2 6 2 5
0 0 0 1 4 1 1 6 0 3 1 2 7 -1 -1 -1 -1 -1 -1 52299 1 15 40 21 28.75 2 6 2 5
0 0 0 1 1 1 1 6 0 3 1 2 7 -1 -1 -1 -1 -1 -1 52666 0 15 40 21 28.75 2 6 2 5
0 0 0 1 1 1 1 7 0 3 1 2 7 7 5 4 4 1 1 52999 0 15 40 21 28.75 2 4 2 5
0 0 0 1 1 1 1 6 0 3 1 2 7 -1 -1 -1 -1 -1 -1 53332 0 15 40 21 28.75 2 4 2 5
0 0 0 4 1 1 1 6 0 3 1 2 7 -1 -1 -1 -1 -1 -1 53699 1 15 40 21 28.75 2 4 2 5
0 0 0 1 1 1 6 1 0 3 1 2 6 -1 -1 -1 -1 -1 -1 54066 0 15 40 21 24.9167 2 4 2 5
0 0 0 1 1 1 7 1 0 3 1 2 6 6 5 4 4 1 1 54499 0 15 40 21 23 2 8 0 5
0 0 0 1 1 6 1 1 0 3 1 2 5 -1 -1 -1 -1 -1 -1 54899 0 15 40 22 24 2 8 0 5
0 0 0 1 1 6 4 1 0 3 1 2 5 -1 -1 -1 -1 -1 -1 55332 1 15 40 22 24 2 8 0 5
0 0 0 1 1 6 1 1 0 3 1 2 5 -1 -1 -1 -1 -1 -1 55732 0 15 40 22 24 2 8 0 5
0 0 0 1 1 7 1 1 0 3 1 2 5 5 5 4 4 1 1 56166 0 15 40 22 24 2 5 2 5
0 0 0 1 1 6 1 1 0 3 1 2 5 -1 -1 -1 -1 -1 -1 56566 0 15 40 22 24 2 5 2 5
0 0 0 1 1 6 1 4 0 3 1 2 5 -1 -1 -1 -1 -1 -1 56932 1 15 40 22 30 2 5 2 5
0 0 0 1 1 1 6 1 0 3 1 2 6 -1 -1 -1 -1 -1 -1 57266 0 15 40 22 30 2 5 2 5
0 0 0 1 1 1 8 2 0 3 1 2 6 7 5 4 4 1 0 57599 0 15 40 22 30 2 4 2 5
0 0 0 1 1 1 1 6 0 3 1 2 7 -1 -1 -1 -1 -1 -1 57932 0 15 40 21 28.75 2 4 2 5
0 0 0 1 4 1 1 6 0 3 1 2 7 -1 -1 -1 -1 -1 -1 58299 1 15 40 21 27.6 2 4 2 5
0 0 0 1 1 1 6 1 0 3 1 2 6 -1 -1 -1 -1 -1 -1 58699 0 15 40 21 23 2 4 2 5
0 0 0 1 1 7 1 1 0 3 1 2 5 5 5 4 4 1 1 59132 0 15 40 21 23 2 4 2 5
0 0 0 1 6 1 1 1 0 3 1 2 4 -1 -1 -1 -1 -1 -1 59566 0 15 40 21 23 2 4 2 5
0 0 0 1 6 4 1 1 0 3 1 2 4 -1 -1 -1 -1 -1 -1 59999 1 15 40 21 23 2 4 2 5
0 0 0 1 1 6 1 1 0 3 1 2 5 -1 -1 -1 -1 -1 -1 60432 0 15 40 21 23 2 4 2 5
0 0 0 1 1 1 8 2 0 3 1 2 6 7 5 4 4 1 0 60866 0 15 40 21 23 2 4 2 5
0 0 0 1 1 1 1 6 0 3 1 2 7 -1 -1 -1 -1 -1 -1 61299 0 15 40 20 22 2 4 2 5
0 0 0 1 1 1 4 6 0 3 1 2 7 -1 -1 -1 -1 -1 -1 61766 1 15 40 20 22 2 4 2 5
0 0 0 1 1 1 6 1 0 3 1 2 6 -1 -1 -1 -1 -1 -1 62232 0 15 40 20 22 2 4 2 5
0 0 0 1 1 1 7 1 0 3 1 2 6 6 5 4 4 1 1 62666 0 15 40 20 22 2 4 2 5
0 0 0 1 1 6 1 1 0 3 1 2 5 -1 -1 -1 -1 -1 -1 63132 0 15 40 20 22 2 4 2 5
0 0 0 1 1 6 4 1 0 3 1 2 5 -1 -1 -1 -1 -1 -1 63599 1 15 40 20 22 2 4 2 5
0 0 0 1 1 1 6 1 0 3 1 2 6 -1 -1 -1 -1 -1 -1 64032 0 15 40 20 22 2 4 2 5
0 0 0 1 1 1 1 7 0 3 1 2 7 7 5 4 4 1 1 64499 0 15 40 20 22 2 6 2 5
0 0 0 1 1 1 6 1 0 3 1 2 6 -1 -1 -1 -1 -1 -1 64932 0 15 40 21 23 2 6 2 5
0 0 0 1 1 6 1 4 0 3 1 2 5 -1 -1 -1 -1 -1 -1 65366 1 15 40 21 23 2 6 2 5
0 0 0 1 1 6 1 1 0 3 1 2 5 -1 -1 -1 -1 -1 -1 65799 0 15 40 21 28.75 2 6 2 5
0 0 0 1 1 7 1 1 0 3 1 2 5 5 5 4 4 1 1 66132 0 15 40 21 28.75 2 4 2 5
0 0 0 1 1 6 1 1 0 3 1 2 5 -1 -1 -1 -1 -1 -1 66499 0 15 40 21 28.75 2 4 2 5
0 0 0 1 1 6 1 4 0 3 1 2 5 -1 -1 -1 -1 -1 -1 66832 1 15 40 21 28.75 2 4 2 5
0 0 0 1 1 1 6 1 0 3 1 2 6 -1 -1 -1 -1 -1 -1 67199 0 15 40 21 28.75 2 4 2 5
0 0 0 1 1 1 7 1 0 3 1 2 6 6 5 4 4 1 1 67532 0 15 40 21 28.75 2 8 0 5
0 0 0 1 1 1 6 1 0 3 1 2 6 -1 -1 -1 -1 -1 -1 67865 0 15 40 22 30 2 8 0 5
0 0 0 1 1 6 1 4 0 3 1 2 5 -1 -1 -1 -1 -1 -1 68199 1 15 40 22 30 2 8 0 5
0 0 0 1 6 1 1 1 0 3 1 2 4 -1 -1 -1 -1 -1 -1 68532 0 15 40 22 30 2 8 0 5
0 0 0 1 7 1 1 1 0 3 1 2 4 4 5 4 4 1 1 68865 0 15 40 22 30 2 5 2 5
0 0 0 1 6 1 1 1 0 3 1 2 4 -1 -1 -1 -1 -1 -1 69232 0 15 40 22 26 2 5 2 5
0 0 0 1 6 1 1 4 0 3 1 2 4 -1 -1 -1 -1 -1 -1 69632 1 15 40 22 24 2 5 2 5
0 0 0 6 1 1 1 1 0 3 1 2 3 -1 -1 -1 -1 -1 -1 70065 0 15 40 22 24 2 5 2 5
0 0 0 7 1 1 1 1 0 3 1 2 3 3 5 4 4 1 1 70432 0 15 40 22 30 2 4 2 5
0 0 0 6 1 1 1 1 0 3 1 2 3 -1 -1 -1 -1 -1 -1 70765 0 15 40 23 31.25 2 4 2 5
0 0 0 4 6 1 1 1 0 3 1 2 4 -1 -1 -1 -1 -1 -1 71065 1 15 40 23 31.25 2 4 2 5
0 0 0 1 6 1 1 1 0 3 1 2 4 -1 -1 -1 -1 -1 -1 71399 0 15 40 23 31.25 2 4 2 5
0 0 0 7 1 1 1 1 0 3 1 2 3 3 5 4 4 1 1 71732 0 15 40 23 31.25 2 4 2 5
0 0 0 6 1 1 1 1 0 3 1 2 3 -1 -1 -1 -1 -1 -1 72065 0 15 40 23 28.3333 2 4 2 5
0 0 0 1 6 1 1 4 0 3 1 2 4 -1 -1 -1 -1 -1 -1 72432 1 15 40 23 25 2 4 2 5
0 0 0 1 6 1 1 1 0 3 1 2 4 -1 -1 -1 -1 -1 -1 72832 0 15 40 23 25 2 4 2 5
0 0 0 1 7 1 1 1 0 3 1 2 4 4 5 4 4 1 1 73232 0 15 40 23 25 2 4 2 5
0 0 0 1 1 6 1 1 0 3 1 2 5 -1 -1 -1 -1 -1 -1 73632 0 15 40 24 25.5 2 4 2 5
0 0 0 1 4 6 1 1 0 3 1 2 5 -1 -1 -1 -1 -1 -1 73999 1 15 40 24 31.875 2 4 2 5
0 0 0 1 1 6 1 1 0 3 1 2 5 -1 -1 -1 -1 -1 -1 74332 0 15 40 24 31.875 2 4 2 5
0 0 0 1 1 7 1 1 0 3 1 2 5 5 5 4 4 1 1 74632 0 15 40 24 31.875 2 4 2 5
0 0 0 1 1 6 1 1 0 3 1 2 5 -1 -1 -1 -1 -1 -1 74965 0 15 40 24 31.875 2 4 2 5
0 0 0 1 1 6 1 4 0 3 1 2 5 -1 -1 -1 -1 -1 -1 75265 1 15 40 24 31.875 2 4 2 5
0 0 0 1 1 1 6 1 0 3 1 2 6 -1 -1 -1 -1 -1 -1 75565 0 15 40 24 31.025 2 4 2 5
0 0 0 1 1 1 1 7 0 3 1 2 7 7 5 4 4 1 1 75932 0 15 40 24 26.35 2 6 2 5
0 0 0 1 1 1 1 6 0 3 1 2 7 -1 -1 -1 -1 -1 -1 76299 0 15 40 25 26 2 6 2 5
0 0 0 1 4 1 6 1 0 3 1 2 6 -1 -1 -1 -1 -1 -1 76699 1 15 40 25 26 2 6 2 5
0 0 0 1 1 6 1 1 0 3 1 2 5 -1 -1 -1 -1 -1 -1 77065 0 15 40 25 26 2 6 2 5
0 0 0 1 1 7 1 1 0 3 1 2 5 5 5 4 4 1 1 77465 0 15 40 25 26 2 4 2 5
0 0 0 1 1 6 1 1 0 3 1 2 5 -1 -1 -1 -1 -1 -1 77865 0 15 40 25 26 2 4 2 5
0 0 0 1 4 6 1 1 0 3 1 2 5 -1 -1 -1 -1 -1 -1 78232 1 15 40 25 26 2 4 2 5
0 0 0 1 1 6 1 1 0 3 1 2 5 -1 -1 -1 -1 -1 -1 78632 0 15 40 25 26 2 4 2 5
0 0 0 1 1 7 1 1 0 3 1 2 5 5 5 4 4 1 1 78999 0 15 40 25 26 2 8 0 5
0 0 0 1 1 1 6 1 0 3 1 2 6 -1 -1 -1 -1 -1 -1 79399 0 15 40 26 26.5 2 8 0 5
0 0 0 1 1 4 1 6 0 3 1 2 7 -1 -1 -1 -1 -1 -1 79765 1 15 40 26 26.5 2 8 0 5
0 0 0 1 1 1 1 6 0 3 1 2 7 -1 -1 -1 -1 -1 -1 80132 0 15 40 26 26.5 2 8 0 5
0 0 0 1 1 1 1 7 0 3 1 2 7 7 5 4 4 1 1 80499 0 15 40 26 26.5 2 5 2 5
0 0 0 1 1 1 6 1 0 3 1 2 6 -1 -1 -1 -1 -1 -1 80899 0 15 40 26 26.5 2 5 2 5
0 0 0 0 1 6 1 0 1 4 1 0 5 -1 -1 -1 -1 -1 -1 95998 0 15 40 15 60 2 8 0 3
0 0 0 0 1 6 1 0 1 4 1 0 5 -1 -1 -1 -1 -1 -1 96165 0 15 40 15 60 2 8 0 3
0 0 0 0 1 6 1 0 1 4 1 0 5 -1 -1 -1 -1 -1 -1 96332 0 15 40 15 60 2 4 2 3
0 0 0 0 1 6 1 0 1 4 1 0 5 -1 -1 -1 -1 -1 -1 96498 0 15 40 15 50 2 4 2 3
0 0 0 0 1 6 1 0 1 4 1 0 5 -1 -1 -1 -1 -1 -1 96798 0 15 40 15 20 2 4 2 3
0 0 0 0 1 6 1 0 1 4 1 0 5 -1 -1 -1 -1 -1 -1 97732 0 15 40 15 10 2 4 2 3
0 0 0 0 1 6 1 0 1 4 1 0 5 -1 -1 -1 -1 -1 -1 98732 0 15 40 15 10 2 4 2 3
0 0 0 0 1 6 1 0 1 4 1 0 5 -1 -1 -1 -1 -1 -1 99565 0 15 40 15 12.5 2 4 2 3
0 0 0 0 1 6 1 0 1 4 1 0 5 -1 -1 -1 -1 -1 -1 100365 0 15 40 15 12.5 2 4 2 3
0 0 0 0 1 6 1 0 1 4 1 0 5 -1 -1 -1 -1 -1 -1 101298 0 15 40 15 10 2 4 2 3
0 0 0 0 3 6 1 0 1 4 1 0 5 4 1 7 2 0 0 102298 0 15 40 15 10 2 4 2 3
0 0 0 0 1 6 1 0 1 4 1 0 5 -1 -1 -1 -1 -1 -1 103232 0 15 40 15 12.5 2 4 2 3
0 0 0 0 1 6 1 0 1 4 1 0 5 -1 -1 -1 -1 -1 -1 104032 0 15 40 15 12.5 2 4 2 3
0 0 0 0 1 6 1 0 1 4 1 0 5 -1 -1 -1 -1 -1 -1 104865 0 15 40 15 10.8333 2 4 2 3
0 0 0 0 1 6 3 0 1 4 1 0 5 6 0 6 1 0 0 105865 0 15 40 15 10 2 6 2 3
0 0 0 0 1 6 1 0 1 4 1 0 5 -1 -1 -1 -1 -1 -1 106865 0 15 40 15 10 2 6 2 3
0 0 0 0 6 1 1 0 1 4 1 0 4 -1 -1 -1 -1 -1 -1 107765 0 15 40 15 12.5 2 6 2 3
0 0 0 0 6 1 1 0 1 4 1 0 4 -1 -1 -1 -1 -1 -1 108565 0 15 40 15 12.5 2 6 2 3
0 0 0 0 6 3 1 0 1 4 1 0 4 5 2 5 0 0 0 109432 0 15 40 15 10.1667 2 4 2 3
0 0 0 0 6 1 1 0 1 4 1 0 4 -1 -1 -1 -1 -1 -1 110431 0 15 40 15 10 2 4 2 3
0 0 0 0 6 1 1 0 1 4 1 0 4 -1 -1 -1 -1 -1 -1 111231 0 15 40 15 12.5 2 4 2 3
0 0 0 0 6 1 1 0 1 4 1 0 4 -1 -1 -1 -1 -1 -1 112031 0 15 40 15 12.5 2 4 2 3
0 0 0 0 7 1 1 0 1 4 1 0 4 4 2 5 0 1 1 112831 0 15 40 15 12.5 2 5 2 3
0 0 0 0 6 1 1 0 1 4 1 0 4 -1 -1 -1 -1 -1 -1 113631 0 15 40 15 12 2 5 2 3
0 0 0 0 6 1 1 0 1 4 1 0 4 -1 -1 -1 -1 -1 -1 114598 0 15 40 15 10 2 5 2 3
0 0 0 0 6 1 1 0 1 4 1 0 4 -1 -1 -1 -1 -1 -1 115465 0 15 40 15 12.5 2 5 2 3
0 0 0 1 7 1 1 1 1 4 1 0 4 4 2 5 0 1 1 116265 0 15 40 15 12.5 2 6 2 5
0 0 0 1 6 1 1 1 1 4 1 1 4 -1 -1 -1 -1 -1 -1 116931 0 15 40 16 13.2167 2 6 2 5
0 0 0 1 6 1 1 1 1 4 1 1 4 -1 -1 -1 -1 -1 -1 117731 0 15 40 16 13 2 6 2 5
0 0 0 1 6 1 1 1 1 4 1 1 4 -1 -1 -1 -1 -1 -1 118431 0 15 40 16 16.25 2 6 2 5
0 0 0 1 6 1 3 1 1 4 1 1 4 6 3 8 3 0 0 119031 0 15 40 16 16.25 2 8 0 5
0 0 0 1 6 1 1 1 1 4 1 1 4 -1 -1 -1 -1 -1 -1 119665 0 15 40 16 16.25 2 8 0 5
0 0 0 1 1 6 1 1 1 4 1 1 5 -1 -1 -1 -1 -1 -1 120365 0 15 40 16 13 2 8 0 5
0 0 0 1 1 6 1 1 1 4 1 1 5 -1 -1 -1 -1 -1 -1 120965 0 15 40 16 16.25 2 8 0 5
0 0 0 1 3 6 1 1 1 4 1 1 5 4 0 6 1 0 0 121598 0 15 40 16 16.25 2 4 2 5
0 0 0 1 1 6 1 1 1 4 1 1 5 -1 -1 -1 -1 -1 -1 122231 0 15 40 16 14.0833 2 4 2 5
0 0 0 1 1 6 1 1 1 4 1 1 5 -1 -1 -1 -1 -1 -1 122965 0 15 40 16 16.25 2 4 2 5
0 0 0 1 1 6 1 1 1 4 1 1 5 -1 -1 -1 -1 -1 -1 123565 0 15 40 16 16.25 2 4 2 5
0 0 0 3 1 6 1 1 1 4 1 1 5 3 1 7 2 0 0 124198 0 15 40 16 16.25 2 4 2 5
0 0 0 1 1 6 1 1 1 4 1 1 5 -1 -1 -1 -1 -1 -1 124865 0 15 40 16 13 2 4 2 5
0 0 0 1 1 6 1 1 1 4 1 1 5 -1 -1 -1 -1 -1 -1 125565 0 15 40 16 16.25 2 4 2 5
0 0 0 1 1 6 1 1 1 4 1 1 5 -1 -1 -1 -1 -1 -1 126165 0 15 40 16 16.25 2 4 2 5
0 0 0 1 1 7 1 1 1 4 1 1 5 5 1 7 2 1 1 126798 0 15 40 16 16.25 2 4 2 5
0 0 0 1 1 6 1 1 1 4 1 1 5 -1 -1 -1 -1 -1 -1 127498 0 15 40 16 13 2 4 2 5
0 0 0 1 1 6 1 1 1 4 1 1 5 -1 -1 -1 -1 -1 -1 128265 0 15 40 16 13 2 4 2 5
0 0 0 1 1 6 1 1 1 4 1 1 5 -1 -1 -1 -1 -1 -1 129031 0 15 40 16 13 2 4 2 5
0 0 0 1 3 6 1 1 1 4 1 1 5 4 0 6 1 0 0 129665 0 15 40 16 16.25 2 6 2 5
0 0 0 1 1 6 1 1 1 4 1 1 5 -1 -1 -1 -1 -1 -1 130265 0 15 40 16 16.25 2 6 2 5
0 0 0 1 6 1 1 1 1 4 1 1 4 -1 -1 -1 -1 -1 -1 130899 0 15 40 16 14.7333 2 6 2 5
0 0 0 1 6 1 1 1 1 4 1 1 4 -1 -1 -1 -1 -1 -1 131532 0 15 40 16 16.25 2 6 2 5
0 0 0 1 6 3 1 1 1 4 1 1 4 5 3 8 3 0 0 132165 0 15 40 16 16.25 2 4 2 5
0 0 0 1 6 1 1 1 1 4 1 1 4 -1 -1 -1 -1 -1 -1 132799 0 15 40 16 14.95 2 4 2 5
0 0 0 1 1 6 1 1 1 4 1 1 5 -1 -1 -1 -1 -1 -1 133532 0 15 40 16 13 2 4 2 5
0 0 0 1 1 6 1 1 1 4 1 1 5 -1 -1 -1 -1 -1 -1 134166 0 15 40 16 16.25 2 4 2 5
0 0 0 1 3 6 1 1 1 4 1 1 5 4 0 6 1 0 0 134799 0 15 40 16 16.25 2 5 2 5
0 0 0 1 1 6 1 1 1 4 1 2 5 -1 -1 -1 -1 -1 -1 135433 0 15 40 16 14.95 2 5 2 5
0 0 0 1 1 6 1 1 1 4 1 2 5 -1 -1 -1 -1 -1 -1 136166 0 15 40 16 13 2 5 2 5
0 0 0 1 1 6 1 1 1 4 1 2 5 -1 -1 -1 -1 -1 -1 136800 0 15 40 16 16.25 2 5 2 5
0 0 0 1 3 6 1 1 1 4 1 2 5 4 1 7 2 0 0 137400 0 15 40 16 16.25 2 6 2 5
0 0 0 1 1 6 1 1 1 4 1 2 5 -1 -1 -1 -1 -1 -1 138033 0 15 40 16 14.3 2 6 2 5
0 0 0 1 4 6 1 1 1 4 1 2 5 -1 -1 -1 -1 -1 -1 138800 1 15 40 16 13 2 6 2 5
0 0 0 1 1 6 1 1 1 4 1 2 5 -1 -1 -1 -1 -1 -1 139567 0 15 40 16 13 2 6 2 5
0 0 0 1 1 6 3 1 1 4 1 2 5 6 3 8 3 0 0 140234 0 15 40 16 16.25 2 8 0 5
0 0 0 1 1 6 1 1 1 4 1 2 5 -1 -1 -1 -1 -1 -1 140834 0 15 40 16 16.25 2 8 0 5
0 0 0 4 6 1 1 1 1 4 1 2 4 -1 -1 -1 -1 -1 -1 141467 1 15 40 16 15.1667 2 8 0 5
0 0 0 1 6 1 1 1 1 4 1 2 4 -1 -1 -1 -1 -1 -1 142134 0 15 40 16 16.25 2 8 0 5
0 0 0 1 6 3 1 1 1 4 1 2 4 5 0 6 1 0 0 142734 0 15 40 16 16.25 2 4 2 5
0 0 0 1 6 1 1 1 1 4 1 2 4 -1 -1 -1 -1 -1 -1 143334 0 15 40 16 16.0333 2 4 2 5
0 0 0 1 1 1 6 4 1 4 1 2 6 -1 -1 -1 -1 -1 -1 144068 1 15 40 16 13 2 4 2 5
0 0 0 1 1 1 6 1 1 4 1 2 6 -1 -1 -1 -1 -1 -1 144735 0 15 40 16 16.25 2 4 2 5
0 0 0 1 1 1 7 1 1 4 1 2 6 6 0 6 1 1 1 145368 0 15 40 16 16.25 2 4 2 5
0 0 0 1 1 6 1 1 1 4 1 2 5 -1 -1 -1 -1 -1 -1 145868 0 15 40 17 20 2 4 2 5
0 0 0 1 1 6 4 1 1 4 1 2 5 -1 -1 -1 -1 -1 -1 146435 1 15 40 17 20 2 4 2 5
0 0 0 1 1 6 1 1 1 4 1 2 5 -1 -1 -1 -1 -1 -1 146935 0 15 40 17 20 2 4 2 5
0 0 0 1 1 6 3 1 1 4 1 2 5 6 3 8 3 0 0 147435 0 15 40 17 20 2 4 2 5
0 0 0 1 1 6 1 1 1 4 1 2 5 -1 -1 -1 -1 -1 -1 147935 0 15 40 17 20 2 4 2 5
0 0 0 4 1 6 1 1 1 4 1 2 5 -1 -1 -1 -1 -1 -1 148502 1 15 40 17 16 2 4 2 5
0 0 0 1 1 6 1 1 1 4 1 2 5 -1 -1 -1 -1 -1 -1 149002 0 15 40 17 20 2 4 2 5
0 0 0 1 1 7 1 1 1 4 1 2 5 5 3 8 3 1 1 149502 0 15 40 17 20 2 6 2 5
0 0 0 1 1 6 1 1 1 4 1 2 5 -1 -1 -1 -1 -1 -1 150003 0 15 40 17 20 2 6 2 5
0 0 0 1 4 6 1 1 1 4 1 2 5 -1 -1 -1 -1 -1 -1 150569 1 15 40 17 16.2667 2 6 2 5
0 0 0 1 6 1 1 1 1 4 1 2 4 -1 -1 -1 -1 -1 -1 151170 0 15 40 17 16 2 6 2 5
0 0 0 7 1 1 1 1 1 4 1 2 3 3 3 8 3 1 1 151736 0 15 40 17 20 2 4 2 5
0 0 0 6 1 1 1 1 1 4 1 2 3 -1 -1 -1 -1 -1 -1 152170 0 15 40 18 23.75 2 4 2 5
0 0 0 4 6 1 1 1 1 4 1 2 4 -1 -1 -1 -1 -1 -1 152603 1 15 40 18 23.75 2 4 2 5
0 0 0 1 1 6 1 1 1 4 1 2 5 -1 -1 -1 -1 -1 -1 153037 0 15 40 18 23.75 2 4 2 5
0 0 0 1 3 1 6 1 1 4 1 2 6 4 0 6 1 0 0 153470 0 15 40 18 19.95 2 5 2 5
0 0 0 1 1 1 6 1 1 4 1 2 6 -1 -1 -1 -1 -1 -1 154003 0 15 40 18 19 2 5 2 5
0 0 0 1 1 4 6 1 1 4 1 2 6 -1 -1 -1 -1 -1 -1 154537 1 15 40 18 19 2 5 2 5
0 0 0 1 1 6 1 1 1 4 1 2 5 -1 -1 -1 -1 -1 -1 155070 0 15 40 18 19 2 5 2 5
0 0 0 3 1 6 1 1 1 4 1 2 5 3 1 7 2 0 0 155570 0 15 40 18 19 2 6 2 5
0 0 0 1 1 6 1 1 1 4 1 2 5 -1 -1 -1 -1 -1 -1 156004 0 15 40 18 23.75 2 6 2 5
0 0 0 1 6 1 4 1 1 4 1 2 4 -1 -1 -1 -1 -1 -1 156437 1 15 40 18 23.75 2 6 2 5
0 0 0 1 6 1 1 1 1 4 1 2 4 -1 -1 -1 -1 -1 -1 156837 0 15 40 18 23.75 2 6 2 5
0 0 0 1 7 1 1 1 1 4 1 2 4 4 1 7 2 1 1 157271 0 15 40 18 22.1667 2 8 0 5
0 0 0 1 6 1 1 1 1 4 1 2 4 -1 -1 -1 -1 -1 -1 157771 0 15 40 18 19 2 8 0 5
0 0 0 1 6 4 1 1 1 4 1 2 4 -1 -1 -1 -1 -1 -1 158304 1 15 40 18 19 2 8 0 5
0 0 0 1 1 1 6 1 1 4 1 2 6 -1 -1 -1 -1 -1 -1 158838 0 15 40 18 19 2 8 0 5
0 0 0 1 1 1 7 1 1 4 1 2 6 6 1 7 2 1 1 159338 0 15 40 18 19 2 4 2 5
0 0 0 1 1 1 6 1 1 4 1 2 6 -1 -1 -1 -1 -1 -1 159838 0 15 40 19 21 2 4 2 5
0 0 0 1 1 4 6 1 1 4 1 2 6 -1 -1 -1 -1 -1 -1 160305 1 15 40 19 21 2 4 2 5
0 0 0 1 1 1 6 1 1 4 1 2 6 -1 -1 -1 -1 -1 -1 160805 0 15 40 19 21 2 4 2 5
0 0 0 1 3 6 1 1 1 4 1 2 5 4 0 6 1 0 0 161272 0 15 40 19 21 2 4 2 5
0 0 0 1 1 6 1 1 1 4 1 2 5 -1 -1 -1 -1 -1 -1 161738 0 15 40 19 21 2 4 2 5
0 0 0 1 4 6 1 1 1 4 1 2 5 -1 -1 -1 -1 -1 -1 162205 1 15 40 19 21 2 4 2 5
0 0 0 1 1 6 1 1 1 4 1 2 5 -1 -1 -1 -1 -1 -1 162672 0 15 40 19 26.25 2 4 2 5
0 0 0 3 1 6 1 1 1 4 1 2 5 3 3 8 3 0 0 163039 0 15 40 19 26.25 2 4 2 5
0 0 0 1 1 6 1 1 1 4 1 2 5 -1 -1 -1 -1 -1 -1 163405 0 15 40 19 26.25 2 4 2 5
0 0 0 1 1 6 4 1 1 4 1 2 5 -1 -1 -1 -1 -1 -1 163806 1 15 40 19 26.25 2 4 2 5
0 0 0 1 1 6 1 1 1 4 1 2 5 -1 -1 -1 -1 -1 -1 164172 0 15 40 19 24.85 2 4 2 5
0 0 0 3 1 6 1 1 1 4 1 2 5 3 1 7 2 0 0 164639 0 15 40 19 21 2 6 2 5
0 0 0 1 1 6 1 1 1 4 1 2 5 -1 -1 -1 -1 -1 -1 165106 0 15 40 19 21 2 6 2 5
0 0 0 1 4 6 1 1 1 4 1 2 5 -1 -1 -1 -1 -1 -1 165506 1 15 40 19 26.25 2 6 2 5
0 0 0 1 6 1 1 1 1 4 1 2 4 -1 -1 -1 -1 -1 -1 165873 0 15 40 19 26.25 2 6 2 5
0 0 0 1 6 3 1 1 1 4 1 2 4 5 2 5 0 0 0 166273 0 15 40 19 26.25 2 4 2 5
0 0 0 1 6 1 1 1 1 4 1 2 4 -1 -1 -1 -1 -1 -1 166639 0 15 40 19 26.25 2 4 2 5
0 0 0 1 1 6 1 4 1 4 1 2 5 -1 -1 -1 -1 -1 -1 167040 1 15 40 19 22.75 2 4 2 5
0 0 0 1 1 6 1 1 1 4 1 2 5 -1 -1 -1 -1 -1 -1 167540 0 15 40 19 21 2 4 2 5
0 0 0 1 1 6 1 1 2 0 1 1 5 -1 -1 -1 -1 -1 -1 176275 0 15 17 17 60 2 8 0 5
0 0 0 1 1 6 1 1 2 0 1 1 5 -1 -1 -1 -1 -1 -1 176442 0 15 17 17 60 2 8 0 5
0 0 0 1 1 6 1 1 2 0 1 1 5 -1 -1 -1 -1 -1 -1 176608 0 15 17 17 60 2 6 2 5
0 0 0 1 1 6 1 1 2 0 1 1 5 -1 -1 -1 -1 -1 -1 176775 0 15 17 17 51.2 2 6 2 5
0 0 0 1 1 6 1 1 2 0 1 1 5 -1 -1 -1 -1 -1 -1 177042 0 15 17 17 27.7333 2 6 2 5
0 0 0 1 1 6 1 1 2 0 1 1 5 -1 -1 -1 -1 -1 -1 177608 0 15 17 17 16 2 6 2 5
0 0 0 1 1 6 1 1 2 0 1 1 5 -1 -1 -1 -1 -1 -1 178175 0 15 17 17 20 2 6 2 5
0 0 0 1 1 6 1 1 2 0 1 1 5 -1 -1 -1 -1 -1 -1 178675 0 15 17 17 20 2 6 2 5
0 0 0 1 1 6 1 1 2 0 1 1 5 -1 -1 -1 -1 -1 -1 179175 0 15 17 17 20 2 6 2 5
0 0 0 1 1 6 1 1 2 0 1 1 5 -1 -1 -1 -1 -1 -1 179676 0 15 17 17 20 2 6 2 5
0 0 0 1 3 6 1 1 2 0 1 1 5 4 0 4 1 0 0 180176 0 15 17 17 20 2 4 2 5
0 0 0 1 1 6 1 1 2 0 1 1 5 -1 -1 -1 -1 -1 -1 180676 0 15 17 17 20 2 4 2 5
0 0 0 1 1 6 1 1 2 0 1 1 5 -1 -1 -1 -1 -1 -1 181176 0 15 17 17 19.4667 2 4 2 5
0 0 0 1 1 1 6 1 2 0 1 1 6 -1 -1 -1 -1 -1 -1 181743 0 15 17 17 20 2 4 2 5
0 0 0 1 1 3 6 1 2 0 1 1 6 5 2 4 0 0 0 182243 0 15 17 17 20 2 6 2 5
0 0 0 1 1 1 6 1 2 0 1 1 6 -1 -1 -1 -1 -1 -1 182743 0 15 17 17 20 2 6 2 5
0 0 0 1 1 1 6 1 2 0 1 1 6 -1 -1 -1 -1 -1 -1 183243 0 15 17 17 19.7333 2 6 2 5
0 0 0 1 1 1 6 1 2 0 1 1 6 -1 -1 -1 -1 -1 -1 183810 0 15 17 17 16 2 6 2 5
0 0 0 1 3 1 6 1 2 0 1 1 6 4 1 4 2 0 0 184443 0 15 17 17 16 2 6 2 5
0 0 0 1 1 1 6 1 2 0 1 1 6 -1 -1 -1 -1 -1 -1 184977 0 15 17 17 20 2 6 2 5
0 0 0 1 1 6 1 1 2 0 1 1 5 -1 -1 -1 -1 -1 -1 185477 0 15 17 17 20 2 6 2 5
0 0 0 1 6 1 1 1 2 0 1 1 4 -1 -1 -1 -1 -1 -1 185977 0 15 17 17 20 2 6 2 5
0 0 0 1 7 1 1 1 2 0 1 1 4 4 1 4 2 1 1 186510 0 15 17 17 16.5333 2 5 2 5
0 0 0 1 6 1 1 1 2 0 1 1 4 -1 -1 -1 -1 -1 -1 187111 0 15 17 17 16 2 5 2 5
0 0 0 1 6 1 1 1 2 0 1 1 4 -1 -1 -1 -1 -1 -1 187744 0 15 17 17 16 2 5 2 5
0 0 0 1 6 1 1 1 2 0 1 1 4 -1 -1 -1 -1 -1 -1 188244 0 15 17 17 20 2 5 2 5
0 0 0 1 6 3 1 1 2 0 1 1 4 5 3 4 3 0 0 188744 0 15 17 17 20 2 4 2 5
0 0 0 1 6 1 1 1 2 0 1 1 4 -1 -1 -1 -1 -1 -1 189244 0 15 17 17 20 2 4 2 5
0 0 0 1 1 6 1 1 2 0 1 1 5 -1 -1 -1 -1 -1 -1 189811 0 15 17 17 16 2 4 2 5
0 0 0 1 1 6 1 1 2 0 1 1 5 -1 -1 -1 -1 -1 -1 190345 0 15 17 17 20 2 4 2 5
0 0 0 1 3 6 1 1 2 0 1 1 5 4 1 4 2 0 0 190845 0 15 17 17 20 2 8 0 5
0 0 0 1 1 6 1 1 2 0 1 1 5 -1 -1 -1 -1 -1 -1 191345 0 15 17 17 20 2 8 0 5
0 0 0 1 1 6 1 1 2 0 1 1 5 -1 -1 -1 -1 -1 -1 191878 0 15 17 17 16.8 2 8 0 5
0 0 0 1 1 6 1 1 2 0 1 1 5 -1 -1 -1 -1 -1 -1 192478 0 15 17 17 16 2 8 0 5
0 0 0 1 3 6 1 1 2 0 1 1 5 4 2 4 0 0 0 193012 0 15 17 17 20 2 6 2 5
0 0 0 1 1 6 1 1 2 0 1 1 5 -1 -1 -1 -1 -1 -1 193512 0 15 17 17 20 2 6 2 5
0 0 0 1 1 6 1 1 2 0 1 1 5 -1 -1 -1 -1 -1 -1 194012 0 15 17 17 20 2 6 2 5
0 0 0 1 1 6 1 1 2 0 1 1 5 -1 -1 -1 -1 -1 -1 194545 0 15 17 17 20 2 6 2 5
0 0 0 1 1 6 3 1 2 0 1 1 5 6 0 4 1 0 0 195046 0 15 17 17 20 2 6 2 5
0 0 0 1 1 6 1 1 2 0 1 1 5 -1 -1 -1 -1 -1 -1 195546 0 15 17 17 20 2 6 2 5
0 0 0 1 1 1 6 1 2 0 1 1 6 -1 -1 -1 -1 -1 -1 196046 0 15 17 17 19.4667 2 6 2 5
0 0 0 1 1 1 6 1 2 0 1 1 6 -1 -1 -1 -1 -1 -1 196546 0 15 17 17 20 2 6 2 5
0 0 0 1 1 1 7 1 2 0 1 1 6 6 0 4 1 1 1 197046 0 15 17 17 20 2 4 2 5
0 0 0 1 1 1 6 1 2 0 1 1 6 -1 -1 -1 -1 -1 -1 197546 0 15 17 17 20 2 4 2 5
0 0 0 1 1 1 1 6 2 0 1 1 7 -1 -1 -1 -1 -1 -1 198080 0 15 17 17 18.1333 2 4 2 5
0 0 0 1 1 1 1 6 2 0 1 1 7 -1 -1 -1 -1 -1 -1 198613 0 15 17 17 20 2 4 2 5
0 0 0 1 1 1 1 7 2 0 1 1 7 7 0 4 1 1 1 199113 0 15 17 17 20 2 6 2 5
0 0 0 1 1 1 1 6 2 0 1 1 7 -1 -1 -1 -1 -1 -1 199613 0 15 17 17 20 2 6 2 5
0 0 0 1 1 1 6 1 2 0 1 1 6 -1 -1 -1 -1 -1 -1 200113 0 15 17 17 17.6 2 6 2 5
0 0 0 1 1 1 6 1 2 0 1 1 6 -1 -1 -1 -1 -1 -1 200647 0 15 17 17 20 2 6 2 5
0 0 0 1 1 3 6 1 2 0 1 1 6 5 1 4 2 0 0 201147 0 15 17 17 20 2 6 2 5
0 0 0 1 1 1 6 1 2 0 1 1 6 -1 -1 -1 -1 -1 -1 201647 0 15 17 17 20 2 6 2 5
0 0 0 1 1 6 1 1 2 0 1 1 5 -1 -1 -1 -1 -1 -1 202180 0 15 17 17 16.8 2 6 2 5
0 0 0 1 1 6 1 1 2 0 1 1 5 -1 -1 -1 -1 -1 -1 202714 0 15 17 17 20 2 6 2 5
0 0 0 1 3 6 1 1 2 0 1 1 5 4 3 4 3 0 0 203214 0 15 17 17 20 2 5 2 5
0 0 0 1 1 6 1 1 2 0 1 1 5 -1 -1 -1 -1 -1 -1 203714 0 15 17 17 20 2 5 2 5
0 0 0 1 1 6 1 1 2 0 1 1 5 -1 -1 -1 -1 -1 -1 204248 0 15 17 17 17.0667 2 5 2 5
0 0 0 1 1 6 1 1 2 0 1 1 5 -1 -1 -1 -1 -1 -1 204748 0 15 17 17 20 2 5 2 5
0 0 0 3 1 6 1 1 2 0 1 1 5 3 1 4 2 0 0 205248 0 15 17 17 20 2 4 2 5
0 0 0 1 1 6 1 1 2 0 1 1 5 -1 -1 -1 -1 -1 -1 205748 0 15 17 17 20 2 4 2 5
0 0 0 1 1 6 1 1 2 0 1 1 5 -1 -1 -1 -1 -1 -1 206281 0 15 17 17 20 2 4 2 5
0 0 0 1 1 6 1 1 2 0 1 1 5 -1 -1 -1 -1 -1 -1 206781 0 15 17 17 20 2 4 2 5
0 0 0 1 1 7 1 1 2 0 1 1 5 5 1 4 2 1 1 207281 0 15 17 17 20 2 8 0 5
0 0 0 1 1 6 1 1 2 0 1 1 5 -1 -1 -1 -1 -1 -1 207782 0 15 17 17 19.4667 2 8 0 5
0 0 0 1 6 1 1 1 2 0 1 1 4 -1 -1 -1 -1 -1 -1 208348 0 15 17 17 16 2 8 0 5
0 0 0 1 6 1 1 1 2 0 1 1 4 -1 -1 -1 -1 -1 -1 208848 0 15 17 17 20 2 8 0 5
0 0 0 1 6 3 1 1 2 0 1 1 4 5 2 4 0 0 0 209349 0 15 17 17 20 2 6 2 5
0 0 0 1 6 1 1 1 2 0 1 1 4 -1 -1 -1 -1 -1 -1 209849 0 15 17 17 20 2 6 2 5
0 0 0 1 1 6 1 1 2 0 1 1 5 -1 -1 -1 -1 -1 -1 210415 0 15 17 17 16 2 6 2 5
0 0 0 1 1 6 1 1 2 0 1 1 5 -1 -1 -1 -1 -1 -1 210949 0 15 17 17 20 2 6 2 5
0 0 0 1 1 6 3 1 2 0 1 1 5 6 3 4 3 0 0 211449 0 15 17 17 20 2 6 2 5
0 0 0 1 1 6 1 1 2 0 1 1 5 -1 -1 -1 -1 -1 -1 211949 0 15 17 17 20 2 6 2 5
0 0 0 1 1 1 1 6 2 0 1 1 7 -1 -1 -1 -1 -1 -1 212483 0 15 17 17 17.0667 2 6 2 5
0 0 0 1 1 1 1 6 2 0 1 1 7 -1 -1 -1 -1 -1 -1 213049 0 15 17 17 20 2 6 2 5
0 0 0 1 1 1 1 7 2 0 1 1 7 7 3 4 3 1 1 213549 0 15 17 17 20 2 4 2 5
0 0 0 1 1 1 1 6 2 0 1 1 7 -1 -1 -1 -1 -1 -1 214050 0 15 17 17 20 2 4 2 5
0 0 0 1 1 1 1 6 2 0 1 1 7 -1 -1 -1 -1 -1 -1 214550 0 15 17 17 19.2 2 4 2 5
0 0 0 1 1 1 1 6 2 0 1 1 7 -1 -1 -1 -1 -1 -1 215050 0 15 17 17 20 2 4 2 5
0 0 0 1 1 3 1 6 2 0 1 1 7 5 1 4 2 0 0 215550 0 15 17 17 20 2 6 2 5
0 0 0 1 1 1 1 6 2 0 1 1 7 -1 -1 -1 -1 -1 -1 216050 0 15 17 17 20 2 6 2 5
0 0 0 1 1 1 6 1 2 0 1 1 6 -1 -1 -1 -1 -1 -1 216617 0 15 17 17 16 2 6 2 5
0 0 0 1 1 6 1 1 2 0 1 1 5 -1 -1 -1 -1 -1 -1 217250 0 15 17 17 20 2 6 2 5
0 0 0 1 1 7 1 1 2 0 1 1 5 5 1 4 2 1 1 217750 0 15 17 17 20 2 6 2 5
0 0 0 1 1 6 1 1 2 0 1 1 5 -1 -1 -1 -1 -1 -1 218250 0 15 17 17 20 2 6 2 5
0 0 0 1 1 1 6 1 2 0 1 1 6 -1 -1 -1 -1 -1 -1 218751 0 15 17 17 20 2 6 2 5
0 0 0 1 1 1 6 1 2 0 1 1 6 -1 -1 -1 -1 -1 -1 219251 0 15 17 17 20 2 6 2 5
0 0 0 1 1 3 6 1 2 0 1 1 6 5 3 4 3 0 0 219751 0 15 17 17 20 2 5 2 5
0 0 0 1 1 1 6 1 2 0 1 1 6 -1 -1 -1 -1 -1 -1 220251 0 15 17 17 20 2 5 2 5
0 0 0 1 6 1 1 1 2 0 1 1 4 -1 -1 -1 -1 -1 -1 220784 0 15 17 17 16.8 2 5 2 5
0 0 0 1 6 1 1 1 2 0 1 1 4 -1 -1 -1 -1 -1 -1 221351 0 15 17 17 20 2 5 2 5
0 0 0 1 7 1 1 1 2 0 1 1 4 4 3 4 3 1 1 221851 0 15 17 17 20 2 4 2 5
0 0 0 1 6 1 1 1 2 0 1 1 4 -1 -1 -1 -1 -1 -1 222351 0 15 17 17 20 2 4 2 5
0 0 0 1 1 6 1 1 2 0 1 1 5 -1 -1 -1 -1 -1 -1 222851 0 15 17 17 18.4 2 4 2 5
0 0 0 1 1 6 1 1 2 0 1 1 5 -1 -1 -1 -1 -1 -1 223385 0 15 17 17 20 2 4 2 5
0 0 0 1 3 6 1 1 2 0 1 1 5 4 1 4 2 0 0 223885 0 15 17 17 20 2 8 0 5
0 0 0 1 1 6 1 1 2 0 1 1 5 -1 -1 -1 -1 -1 -1 224385 0 15 17 17 20 2 8 0 5
0 0 0 1 6 1 1 1 2 0 1 1 4 -1 -1 -1 -1 -1 -1 224885 0 15 17 17 17.6 2 8 0 5
0 0 0 6 1 1 1 1 2 0 1 1 3 -1 -1 -1 -1 -1 -1 225485 0 15 17 17 20 2 8 0 5
0 0 0 7 1 1 1 1 2 0 1 1 3 3 1 4 2 1 1 225985 0 15 17 17 20 2 6 2 5
0 0 0 1 1 6 1 1 3 1 2 2 5 -1 -1 -1 -1 -1 -1 238288 0 15 17 17 60 2 8 0 5
0 0 0 1 1 6 1 1 3 1 2 2 5 -1 -1 -1 -1 -1 -1 238455 0 15 17 17 60 2 8 0 5
0 0 0 1 1 6 1 1 3 1 2 2 5 -1 -1 -1 -1 -1 -1 238622 0 15 17 17 60 2 5 2 5
0 0 0 1 1 6 1 1 3 1 2 2 5 -1 -1 -1 -1 -1 -1 238788 0 15 17 17 51.2 2 5 2 5
0 0 0 1 1 6 1 1 3 1 2 2 5 -1 -1 -1 -1 -1 -1 239055 0 15 17 17 27.7333 2 5 2 5
0 0 0 1 1 6 1 1 3 1 2 2 5 -1 -1 -1 -1 -1 -1 239622 0 15 17 17 16 2 5 2 5
0 0 0 1 1 6 1 1 3 1 2 2 5 -1 -1 -1 -1 -1 -1 240155 0 15 17 17 20 2 5 2 5
0 0 0 1 1 6 1 1 3 1 2 2 5 -1 -1 -1 -1 -1 -1 240655 0 15 17 17 20 2 5 2 5
0 0 0 1 1 6 1 1 3 1 2 2 5 -1 -1 -1 -1 -1 -1 241155 0 15 17 17 20 2 5 2 5
0 0 0 1 1 6 1 1 3 1 2 2 5 -1 -1 -1 -1 -1 -1 241689 0 15 17 17 16.8 2 5 2 5
0 0 0 1 3 6 1 1 3 1 2 2 5 4 4 7 2 0 0 242322 0 15 17 17 16 2 4 2 5
0 0 0 1 6 1 1 1 3 1 2 2 4 -1 -1 -1 -1 -1 -1 242922 0 15 17 17 16 2 4 2 5
0 0 0 1 1 6 4 1 3 1 2 2 5 -1 -1 -1 -1 -1 -1 243556 1 15 17 17 16 2 4 2 5
0 0 0 1 1 6 1 1 3 1 2 2 5 -1 -1 -1 -1 -1 -1 244189 0 15 17 17 16 2 4 2 5
0 0 0 3 1 6 1 1 3 1 2 2 5 3 4 8 3 0 0 244723 0 15 17 17 20 2 6 2 5
0 0 0 1 1 6 1 1 3 1 2 2 5 -1 -1 -1 -1 -1 -1 245223 0 15 17 17 20 2 6 2 5
0 0 0 1 1 6 1 4 3 1 2 2 5 -1 -1 -1 -1 -1 -1 245723 1 15 17 17 20 2 6 2 5
0 0 0 1 1 6 1 1 3 1 2 2 5 -1 -1 -1 -1 -1 -1 246223 0 15 17 17 20 2 6 2 5
0 0 0 1 1 7 1 1 3 1 2 2 5 5 4 7 2 1 1 246723 0 15 17 17 20 2 6 2 5
0 0 0 1 1 6 1 1 3 1 2 2 5 -1 -1 -1 -1 -1 -1 247223 0 15 17 17 20 2 6 2 5
0 0 0 1 4 1 6 1 3 1 2 2 6 -1 -1 -1 -1 -1 -1 247723 1 15 17 17 19.7333 2 6 2 5
0 0 0 1 1 6 1 1 3 1 2 2 5 -1 -1 -1 -1 -1 -1 248290 0 15 17 17 16 2 6 2 5
0 0 0 1 6 1 1 3 3 1 2 2 4 7 4 6 1 0 0 248924 0 15 17 17 16 2 5 2 5
0 0 0 1 1 6 1 1 3 1 2 2 5 -1 -1 -1 -1 -1 -1 249557 0 15 17 17 16 2 5 2 5
0 0 0 4 1 1 6 1 3 1 2 2 6 -1 -1 -1 -1 -1 -1 250191 1 15 17 17 16 2 5 2 5
0 0 0 1 1 1 1 6 3 1 2 2 7 -1 -1 -1 -1 -1 -1 250791 0 15 17 17 20 2 5 2 5
0 0 0 1 1 1 1 8 3 1 2 2 7 7 4 8 3 0 1 251291 0 15 17 17 20 2 6 2 5
0 0 0 1 1 1 6 1 3 1 2 2 6 -1 -1 -1 -1 -1 -1 251891 0 15 17 16 16.25 2 6 2 5
0 0 0 4 1 1 1 6 3 1 2 2 7 -1 -1 -1 -1 -1 -1 252524 1 15 17 16 14.5167 2 6 2 5
0 0 0 1 1 1 1 6 3 1 2 2 7 -1 -1 -1 -1 -1 -1 253158 0 15 17 16 16.25 2 6 2 5
0 0 0 1 1 1 1 7 3 1 2 2 7 7 4 6 1 1 1 253758 0 15 17 16 16.25 2 8 0 5
0 0 0 1 1 1 1 6 3 1 2 2 7 -1 -1 -1 -1 -1 -1 254392 0 15 17 16 14.95 2 8 0 5
0 0 0 1 4 1 6 1 3 1 2 2 6 -1 -1 -1 -1 -1 -1 255125 1 15 17 16 13 2 8 0 5
0 0 0 1 1 1 6 1 3 1 2 2 6 -1 -1 -1 -1 -1 -1 255892 0 15 17 16 16.25 2 8 0 5
0 0 0 1 1 6 1 3 3 1 2 2 5 7 4 5 0 0 0 256525 0 15 17 16 16.25 2 5 2 5
0 0 0 1 1 1 6 1 3 1 2 2 6 -1 -1 -1 -1 -1 -1 257125 0 15 17 16 16.25 2 5 2 5
0 0 0 4 1 1 6 1 3 1 2 2 6 -1 -1 -1 -1 -1 -1 257791 1 15 17 16 13.65 2 5 2 5
0 0 0 1 1 1 6 1 3 1 2 2 6 -1 -1 -1 -1 -1 -1 258391 0 15 17 16 16.25 2 5 2 5
0 0 0 1 1 1 8 1 3 1 2 2 6 6 4 8 3 0 1 259025 0 15 17 16 16.25 2 5 2 5
0 0 0 1 1 1 6 1 3 1 2 2 6 -1 -1 -1 -1 -1 -1 259824 0 15 17 15 10 2 5 2 5
0 0 0 1 4 1 6 1 3 1 2 2 6 -1 -1 -1 -1 -1 -1 260824 1 15 17 15 10 2 5 2 5
0 0 0 1 1 1 6 1 3 1 2 2 6 -1 -1 -1 -1 -1 -1 261657 0 15 17 15 12.5 2 5 2 5
0 0 0 1 1 3 6 1 3 1 2 2 6 5 4 7 2 0 0 262457 0 15 17 15 12.5 2 4 2 5
0 0 0 1 1 6 1 1 3 1 2 2 5 -1 -1 -1 -1 -1 -1 263390 0 15 17 15 10 2 4 2 5
0 0 0 1 1 6 1 4 3 1 2 2 5 -1 -1 -1 -1 -1 -1 264257 1 15 17 15 12.5 2 4 2 5
0 0 0 1 1 6 1 1 3 1 2 2 5 -1 -1 -1 -1 -1 -1 265056 0 15 17 15 12.5 2 4 2 5
0 0 0 1 1 7 1 1 3 1 2 2 5 5 4 8 3 1 1 265923 0 15 17 15 10 2 6 2 5
0 0 0 1 1 6 1 1 3 1 2 2 5 -1 -1 -1 -1 -1 -1 266923 0 15 17 15 10 2 6 2 5
0 0 0 1 1 1 6 4 3 1 2 2 6 -1 -1 -1 -1 -1 -1 267922 1 15 17 15 10 2 6 2 5
0 0 0 1 1 1 6 1 3 1 2 2 6 -1 -1 -1 -1 -1 -1 268755 0 15 17 15 12.5 2 6 2 5
0 0 0 1 1 1 8 1 3 1 2 2 6 6 4 6 1 0 1 269555 0 15 17 15 12.1667 2 6 2 5
0 0 0 1 1 1 6 1 3 1 2 2 6 -1 -1 -1 -1 -1 -1 270488 0 15 17 15 10 2 6 2 5
0 0 0 1 4 6 1 1 3 1 2 2 5 -1 -1 -1 -1 -1 -1 271488 1 15 17 15 12.5 2 6 2 5
0 0 0 1 1 6 1 1 3 1 2 2 5 -1 -1 -1 -1 -1 -1 272288 0 15 17 15 12.5 2 6 2 5
0 0 0 1 3 6 1 1 3 1 2 2 5 4 4 7 2 0 0 273088 0 15 17 15 11.6667 2 5 2 5
0 0 0 1 1 6 1 1 3 1 2 2 5 -1 -1 -1 -1 -1 -1 274054 0 15 17 15 10 2 5 2 5
0 0 0 1 1 6 4 1 3 1 2 2 5 -1 -1 -1 -1 -1 -1 275054 1 15 17 15 10 2 5 2 5
0 0 0 1 1 6 1 1 3 1 2 2 5 -1 -1 -1 -1 -1 -1 275920 0 15 17 15 12.5 2 5 2 5
0 0 0 3 1 6 1 1 3 1 2 2 5 3 4 5 0 0 0 276720 0 15 17 15 12.5 2 6 2 5
0 0 0 1 1 6 1 1 3 1 2 2 5 -1 -1 -1 -1 -1 -1 277620 0 15 17 15 10 2 6 2 5
0 0 0 1 1 6 1 4 3 1 2 2 5 -1 -1 -1 -1 -1 -1 278586 1 15 17 15 12.5 2 6 2 5
0 0 0 1 6 1 1 1 3 1 2 2 4 -1 -1 -1 -1 -1 -1 279386 0 15 17 15 12.5 2 6 2 5
0 0 0 1 6 3 1 1 3 1 2 2 4 5 4 8 3 0 0 280186 0 15 17 15 11.5 2 8 0 5
0 0 0 1 6 1 1 1 3 1 2 2 4 -1 -1 -1 -1 -1 -1 281152 0 15 17 15 10 2 8 0 5
0 0 0 1 6 4 1 1 3 1 2 2 4 -1 -1 -1 -1 -1 -1 282152 1 15 17 15 10 2 8 0 5
0 0 0 1 1 6 1 1 3 1 2 2 5 -1 -1 -1 -1 -1 -1 283152 0 15 17 15 10 2 8 0 5
0 0 0 1 1 6 1 3 3 1 2 2 5 7 4 6 1 0 0 284018 0 15 17 15 12.5 2 5 2 5
0 0 0 1 1 1 6 1 3 1 2 2 6 -1 -1 -1 -1 -1 -1 284818 0 15 17 15 12.5 2 5 2 5
0 0 0 1 4 1 6 1 3 1 2 2 6 -1 -1 -1 -1 -1 -1 285651 1 15 17 15 12.5 2 5 2 5
0 0 0 1 1 1 6 1 3 1 2 2 6 -1 -1 -1 -1 -1 -1 286451 0 15 17 15 12.5 2 5 2 5
0 0 0 1 1 1 7 1 3 1 2 2 6 6 4 8 3 1 1 287284 0 15 17 15 10 2 5 2 5
0 0 0 1 1 1 6 1 3 1 2 2 6 -1 -1 -1 -1 -1 -1 288284 0 15 17 15 10 2 5 2 5
0 0 0 1 4 6 1 1 3 1 2 2 5 -1 -1 -1 -1 -1 -1 289284 1 15 17 15 10 2 5 2 5
0 0 0 1 1 1 6 1 3 1 2 2 6 -1 -1 -1 -1 -1 -1 290284 0 15 17 15 10 2 5 2 5
0 0 0 1 1 2 8 1 3 1 2 2 6 5 4 6 1 1 0 291150 0 15 17 15 12.5 2 4 2 5
0 0 0 1 1 1 6 1 3 1 2 2 6 -1 -1 -1 -1 -1 -1 291950 0 15 17 15 12.5 2 4 2 5
0 0 0 1 1 6 1 4 3 1 2 2 5 -1 -1 -1 -1 -1 -1 292850 1 15 17 15 10 2 4 2 5
0 0 0 1 6 1 1 1 3 1 2 2 4 -1 -1 -1 -1 -1 -1 293683 0 15 17 15 12.5 2 4 2 5
0 0 0 1 6 1 3 1 3 1 2 2 4 6 4 7 2 0 0 294483 0 15 17 15 12.5 2 6 2 5
0 0 0 1 6 1 1 1 3 1 2 2 4 -1 -1 -1 -1 -1 -1 295416 0 15 17 15 10 2 6 2 5
0 0 0 6 1 4 1 1 3 1 2 2 3 -1 -1 -1 -1 -1 -1 296349 1 15 17 15 12.5 2 6 2 5
0 0 0 6 1 1 1 1 3 1 2 2 3 -1 -1 -1 -1 -1 -1 297149 0 15 17 15 12.5 2 6 2 5
0 0 0 6 3 1 1 1 3 1 2 2 3 4 4 5 0 0 0 297982 0 15 17 15 11 2 6 2 5
0 0 0 1 6 1 1 1 3 1 2 2 4 -1 -1 -1 -1 -1 -1 298948 0 15 17 15 10 2 6 2 5
0 0 0 4 6 1 1 1 3 1 2 2 4 -1 -1 -1 -1 -1 -1 299948 1 15 17 15 10 2 6 2 5
0 0 0 1 6 1 1 1 3 1 2 2 4 -1 -1 -1 -1 -1 -1 300948 0 15 17 15 10 2 6 2 5
0 0 0 1 8 1 1 1 3 1 2 2 4 4 4 6 1 0 1 301947 0 15 17 15 10 2 5 2 5
0 0 0 1 1 6 1 1 3 1 2 2 5 -1 -1 -1 -1 -1 -1 302947 0 15 17 15 10 2 5 2 5
0 0 0 1 1 6 1 4 3 1 2 2 5 -1 -1 -1 -1 -1 -1 303847 1 15 17 15 12.5 2 5 2 5
0 0 0 1 1 6 1 1 3 1 2 2 5 -1 -1 -1 -1 -1 -1 304647 0 15 17 15 12.5 2 5 2 5
0 0 0 1 1 7 1 1 3 1 2 2 5 5 4 5 0 1 1 305513 0 15 17 15 10 2 6 2 5
0 0 0 1 1 6 1 1 3 1 2 2 5 -1 -1 -1 -1 -1 -1 306513 0 15 17 15 10 2 6 2 5
0 0 0 1 1 6 1 4 3 1 2 2 5 -1 -1 -1 -1 -1 -1 307446 1 15 17 15 12.5 2 6 2 5
0 0 0 1 1 6 1 1 3 1 2 2 5 -1 -1 -1 -1 -1 -1 308246 0 15 17 15 12.5 2 6 2 5
0 0 0 1 3 6 1 1 3 1 2 2 5 4 4 8 3 0 0 309079 0 15 17 15 10.5 2 8 0 5
0 0 0 1 6 1 1 1 3 1 2 2 4 -1 -1 -1 -1 -1 -1 310079 0 15 17 15 10 2 8 0 5
0 0 0 6 1 1 1 4 3 1 2 2 3 -1 -1 -1 -1 -1 -1 311012 1 15 17 15 12.5 2 8 0 5
0 0 0 6 1 1 1 1 3 1 2 2 3 -1 -1 -1 -1 -1 -1 311812 0 15 17 15 12.5 2 8 0 5
0 0 0 7 1 1 1 1 3 1 2 2 3 3 4 5 0 1 1 312645 0 15 17 15 10.5 2 5 2 5
0 0 0 6 1 1 1 1 3 1 2 2 3 -1 -1 -1 -1 -1 -1 313445 0 15 17 16 13 2 5 2 5
0 0 0 1 6 1 1 4 3 1 2 2 4 -1 -1 -1 -1 -1 -1 314211 1 15 17 16 13 2 5 2 5
0 0 0 1 1 6 1 1 3 1 2 2 5 -1 -1 -1 -1 -1 -1 314978 0 15 17 16 16.25 2 5 2 5
0 0 0 1 3 6 1 1 3 1 2 2 5 4 4 7 2 0 0 315577 0 15 17 16 16.25 2 5 2 5
0 0 0 1 1 6 1 1 3 1 2 2 5 -1 -1 -1 -1 -1 -1 316211 0 15 17 16 16.25 2 5 2 5
0 0 0 1 1 6 1 4 3 1 2 2 5 -1 -1 -1 -1 -1 -1 316844 1 15 17 16 16.25 2 5 2 5
0 0 0 1 1 6 1 1 3 1 2 2 5 -1 -1 -1 -1 -1 -1 317444 0 15 17 16 16.25 2 5 2 5
0 0 0 3 1 1 6 1 3 1 2 2 6 3 4 6 1 0 0 318077 0 15 17 16 16.25 2 4 2 5
0 0 0 1 1 1 6 1 3 1 2 2 6 -1 -1 -1 -1 -1 -1 318710 0 15 17 16 13.65 2 4 2 5
0 0 0 1 1 4 6 1 3 1 2 2 6 -1 -1 -1 -1 -1 -1 319476 1 15 17 16 13 2 4 2 5
0 0 0 1 1 1 6 1 3 1 2 2 6 -1 -1 -1 -1 -1 -1 320110 0 15 17 16 16.25 2 4 2 5
0 0 0 1 1 3 6 1 3 1 2 2 6 5 4 8 3 0 0 320709 0 15 17 16 16.25 2 6 2 5
0 0 0 1 1 1 6 1 3 1 2 2 6 -1 -1 -1 -1 -1 -1 321343 0 15 17 16 14.3 2 6 2 5
0 0 0 1 4 1 6 1 3 1 2 2 6 -1 -1 -1 -1 -1 -1 322109 1 15 17 16 13 2 6 2 5
0 0 0 1 1 6 1 1 3 1 2 2 5 -1 -1 -1 -1 -1 -1 322876 0 15 17 16 13 2 6 2 5
0 0 0 3 1 1 6 1 3 1 2 2 6 3 4 7 2 0 0 323609 0 15 17 16 16.25 2 6 2 5
0 0 0 1 1 1 6 1 3 1 2 2 6 -1 -1 -1 -1 -1 -1 324209 0 15 17 16 16.25 2 6 2 5
0 0 0 1 1 4 6 1 3 1 2 2 6 -1 -1 -1 -1 -1 -1 324842 1 15 17 16 16.25 2 6 2 5
0 0 0 1 1 6 1 1 3 1 2 2 5 -1 -1 -1 -1 -1 -1 325508 0 15 17 16 13 2 6 2 5
0 0 0 1 7 1 1 1 3 1 2 2 4 4 4 8 3 1 1 326275 0 15 17 16 13 2 5 2 5
0 0 0 1 6 1 1 1 3 1 2 2 4 -1 -1 -1 -1 -1 -1 326908 0 15 17 16 16.25 2 5 2 5
0 0 0 1 6 4 1 1 3 1 2 2 4 -1 -1 -1 -1 -1 -1 327541 1 15 17 16 16.25 2 5 2 5
0 0 0 1 1 6 1 1 3 1 2 2 5 -1 -1 -1 -1 -1 -1 328174 0 15 17 16 14.5167 2 5 2 5
0 0 0 1 1 7 1 1 3 1 2 2 5 5 4 7 2 1 1 328907 0 15 17 16 13 2 6 2 5
0 0 0 0 1 6 1 0 4 2 2 0 5 -1 -1 -1 -1 -1 -1 337539 0 15 17 17 60 2 8 0 3
0 0 0 0 1 6 1 0 4 2 2 0 5 -1 -1 -1 -1 -1 -1 337705 0 15 17 17 60 2 8 0 3
0 0 0 0 1 6 1 0 4 2 2 0 5 -1 -1 -1 -1 -1 -1 337872 0 15 17 17 60 2 4 2 3
0 0 0 0 1 6 1 0 4 2 2 0 5 -1 -1 -1 -1 -1 -1 338039 0 15 17 17 51.2 2 4 2 3
0 0 0 0 1 6 1 0 4 2 2 0 5 -1 -1 -1 -1 -1 -1 338305 0 15 17 17 27.7333 2 4 2 3
0 0 0 0 1 6 1 0 4 2 2 0 5 -1 -1 -1 -1 -1 -1 338872 0 15 17 17 16 2 4 2 3
0 0 0 0 1 6 1 0 4 2 2 0 5 -1 -1 -1 -1 -1 -1 339505 0 15 17 17 16 2 5 2 3
0 0 0 0 1 6 1 0 4 2 2 0 5 -1 -1 -1 -1 -1 -1 340138 0 15 17 17 16 2 5 2 3
0 0 0 0 1 6 1 0 4 2 2 0 5 -1 -1 -1 -1 -1 -1 340738 0 15 17 17 16 2 5 2 3
0 0 0 0 6 1 1 0 4 2 2 0 4 -1 -1 -1 -1 -1 -1 341371 0 15 17 17 16 2 5 2 3
0 0 0 0 6 3 1 0 4 2 2 0 4 5 5 4 3 0 0 342004 0 15 17 17 16 2 5 2 3
0 0 0 0 6 1 1 0 4 2 2 0 4 -1 -1 -1 -1 -1 -1 342637 0 15 17 17 16 2 5 2 3
0 0 0 0 6 1 1 0 4 2 2 0 4 -1 -1 -1 -1 -1 -1 343237 0 15 17 17 16 2 5 2 3
0 0 0 0 6 1 1 0 4 2 2 0 4 -1 -1 -1 -1 -1 -1 343870 0 15 17 17 16 2 5 2 3
0 0 0 0 6 3 1 0 4 2 2 0 4 5 5 4 0 0 0 344404 0 15 17 17 20 2 4 2 3
0 0 0 0 6 1 1 0 4 2 2 0 4 -1 -1 -1 -1 -1 -1 344904 0 15 17 17 20 2 4 2 3
0 0 0 0 6 1 1 0 4 2 2 0 4 -1 -1 -1 -1 -1 -1 345403 0 15 17 17 20 2 4 2 3
0 0 0 0 6 1 1 0 4 2 2 0 4 -1 -1 -1 -1 -1 -1 345937 0 15 17 17 16.5333 2 4 2 3
0 0 0 0 6 1 3 0 4 2 2 0 4 6 5 4 1 0 0 346570 0 15 17 17 16 2 5 2 3
0 0 0 0 6 1 1 0 4 2 2 0 4 -1 -1 -1 -1 -1 -1 347070 0 15 17 17 20 2 5 2 3
0 0 0 0 1 6 1 0 4 2 2 0 5 -1 -1 -1 -1 -1 -1 347570 0 15 17 17 20 2 5 2 3
0 0 0 0 1 1 6 0 4 2 2 0 6 -1 -1 -1 -1 -1 -1 348069 0 15 17 17 20 2 5 2 3
0 0 0 0 1 1 7 0 4 2 2 0 6 6 5 4 0 1 1 348603 0 15 17 17 16 2 6 2 3
0 0 0 0 1 1 6 0 4 2 2 0 6 -1 -1 -1 -1 -1 -1 349236 0 15 17 17 16 2 6 2 3
0 0 0 0 1 6 1 0 4 2 2 0 5 -1 -1 -1 -1 -1 -1 349869 0 15 17 17 16 2 6 2 3
0 0 0 0 1 6 1 0 4 2 2 0 5 -1 -1 -1 -1 -1 -1 350502 0 15 17 17 16 2 6 2 3
0 0 0 0 3 6 1 0 4 2 2 0 5 4 5 4 2 0 0 351102 0 15 17 17 16 2 6 2 3
0 0 0 0 1 6 1 0 4 2 2 0 5 -1 -1 -1 -1 -1 -1 351735 0 15 17 17 16 2 6 2 3
0 0 0 0 1 6 1 0 4 2 2 0 5 -1 -1 -1 -1 -1 -1 352368 0 15 17 17 16 2 6 2 3
0 0 0 0 1 6 1 0 4 2 2 0 5 -1 -1 -1 -1 -1 -1 352902 0 15 17 17 20 2 6 2 3
0 0 0 0 1 7 1 0 4 2 2 0 5 5 5 4 0 1 1 353401 0 15 17 17 20 2 8 0 3
0 0 0 0 1 6 1 0 4 2 2 0 5 -1 -1 -1 -1 -1 -1 353901 0 15 17 17 20 2 8 0 3
0 0 0 0 1 6 1 0 4 2 2 0 5 -1 -1 -1 -1 -1 -1 354435 0 15 17 17 16.5333 2 8 0 3
0 0 0 0 1 6 1 0 4 2 2 0 5 -1 -1 -1 -1 -1 -1 355034 0 15 17 17 16 2 8 0 3
0 0 0 0 3 6 1 0 4 2 2 0 5 4 5 4 3 0 0 355668 0 15 17 17 16 2 4 2 3
0 0 0 0 1 6 1 0 4 2 2 0 5 -1 -1 -1 -1 -1 -1 356301 0 15 17 17 16 2 4 2 3
0 0 0 0 6 1 1 0 4 2 2 0 4 -1 -1 -1 -1 -1 -1 356901 0 15 17 17 16 2 4 2 3
0 0 0 0 6 1 1 0 4 2 2 0 4 -1 -1 -1 -1 -1 -1 357467 0 15 17 17 20 2 4 2 3
0 0 0 0 7 1 1 0 4 2 2 0 4 4 5 4 0 1 1 357967 0 15 17 17 20 2 5 2 3
0 0 0 0 1 6 1 0 5 6 1 0 5 -1 -1 -1 -1 -1 -1 364632 0 15 40 15 60 2 8 0 3
0 0 0 0 1 6 1 0 5 6 1 0 5 -1 -1 -1 -1 -1 -1 364799 0 15 40 15 60 2 8 0 3
0 0 0 0 1 6 1 0 5 6 1 0 5 -1 -1 -1 -1 -1 -1 364965 0 15 40 15 60 2 6 2 3
0 0 0 0 1 6 1 0 5 6 1 0 5 -1 -1 -1 -1 -1 -1 365132 0 15 40 15 50 2 6 2 3
0 0 0 0 1 6 1 0 5 6 1 0 5 -1 -1 -1 -1 -1 -1 365432 0 15 40 15 20 2 6 2 3
0 0 0 0 1 6 1 0 5 6 1 0 5 -1 -1 -1 -1 -1 -1 366365 0 15 40 15 10 2 6 2 3
0 0 0 0 1 6 1 0 5 6 1 0 5 -1 -1 -1 -1 -1 -1 367231 0 15 40 15 12.5 2 6 2 3
0 0 0 0 1 6 1 0 5 6 1 0 5 -1 -1 -1 -1 -1 -1 368031 0 15 40 15 12.5 2 6 2 3
0 0 0 0 6 1 1 0 5 6 1 0 4 -1 -1 -1 -1 -1 -1 368931 0 15 40 15 10 2 6 2 3
0 0 0 0 6 1 1 0 5 6 1 0 4 -1 -1 -1 -1 -1 -1 369831 0 15 40 15 12.5 2 6 2 3
0 0 0 0 7 1 1 0 5 6 1 0 4 4 5 4 4 1 1 370631 0 15 40 15 12.5 2 4 2 3
0 0 0 0 6 1 1 0 5 6 1 0 4 -1 -1 -1 -1 -1 -1 371497 0 15 40 15 10 2 4 2 3
0 0 0 0 6 1 1 0 5 6 1 0 4 -1 -1 -1 -1 -1 -1 372497 0 15 40 15 10 2 4 2 3
0 0 0 0 6 1 1 0 5 6 1 0 4 -1 -1 -1 -1 -1 -1 373497 0 15 40 15 10 2 4 2 3
0 0 0 0 7 1 1 0 5 6 1 0 4 4 5 4 4 1 1 374330 0 15 40 15 12.5 2 6 2 3
0 0 0 0 1 6 1 0 5 6 1 0 5 -1 -1 -1 -1 -1 -1 374963 0 15 40 16 16.25 2 6 2 3
0 0 0 0 1 1 6 0 5 6 1 0 6 -1 -1 -1 -1 -1 -1 375629 0 15 40 16 13.4333 2 6 2 3
0 0 0 0 1 1 6 0 5 6 1 0 6 -1 -1 -1 -1 -1 -1 376396 0 15 40 16 16.25 2 6 2 3
0 0 0 0 1 1 7 0 5 6 1 0 6 6 5 4 4 1 1 376996 0 15 40 16 16.25 2 4 2 3
0 0 0 0 1 1 6 0 5 6 1 0 6 -1 -1 -1 -1 -1 -1 377629 0 15 40 16 16.25 2 4 2 3
0 0 0 0 6 1 1 0 5 6 1 0 4 -1 -1 -1 -1 -1 -1 378262 0 15 40 16 13.8667 2 4 2 3
0 0 0 0 6 1 1 0 5 6 1 0 4 -1 -1 -1 -1 -1 -1 378962 0 15 40 16 16.25 2 4 2 3
0 0 0 0 7 1 1 0 5 6 1 0 4 4 5 4 4 1 1 379562 0 15 40 16 16.25 2 6 2 3
0 0 0 0 6 1 1 0 5 6 1 0 4 -1 -1 -1 -1 -1 -1 380095 0 15 40 17 20 2 6 2 3
0 0 0 0 1 6 1 0 5 6 1 0 5 -1 -1 -1 -1 -1 -1 380628 0 15 40 17 16.2667 2 6 2 3
0 0 0 0 1 6 1 0 5 6 1 0 5 -1 -1 -1 -1 -1 -1 381161 0 15 40 17 20 2 6 2 3
0 0 0 1 1 7 1 1 5 6 1 0 5 5 5 4 4 1 1 381661 0 15 40 17 20 2 5 2 5
0 0 0 1 1 6 1 1 5 6 1 1 5 -1 -1 -1 -1 -1 -1 382161 0 15 40 17 20 2 5 2 5
0 0 0 1 1 1 6 1 5 6 1 1 6 -1 -1 -1 -1 -1 -1 382694 0 15 40 17 17.0667 2 5 2 5
0 0 0 1 1 1 6 1 5 6 1 1 6 -1 -1 -1 -1 -1 -1 383294 0 15 40 17 20 2 5 2 5
0 0 0 1 1 1 7 1 5 6 1 1 6 6 5 4 4 1 1 383794 0 15 40 17 20 2 8 0 5
0 0 0 1 1 1 6 1 5 6 1 1 6 -1 -1 -1 -1 -1 -1 384227 0 15 40 18 23.75 2 8 0 5
0 0 0 1 1 1 6 1 5 6 1 1 6 -1 -1 -1 -1 -1 -1 384627 0 15 40 18 23.75 2 8 0 5
0 0 0 1 1 1 6 1 5 6 1 1 6 -1 -1 -1 -1 -1 -1 385094 0 15 40 18 19.95 2 8 0 5
0 0 0 1 1 1 7 1 5 6 1 1 6 6 5 4 4 1 1 385560 0 15 40 18 23.75 2 6 2 5
0 0 0 1 1 1 6 1 5 6 1 1 6 -1 -1 -1 -1 -1 -1 385994 0 15 40 18 23.75 2 6 2 5
0 0 0 1 1 1 1 6 5 6 1 1 7 -1 -1 -1 -1 -1 -1 386393 0 15 40 18 23.75 2 6 2 5
0 0 0 1 1 1 1 6 5 6 1 1 7 -1 -1 -1 -1 -1 -1 386827 0 15 40 18 23.75 2 6 2 5
0 0 0 1 1 1 1 7 5 6 1 1 7 7 5 4 4 1 1 387260 0 15 40 18 23.75 2 6 2 5
0 0 0 1 1 1 1 6 5 6 1 1 7 -1 -1 -1 -1 -1 -1 387626 0 15 40 19 26.25 2 6 2 5
0 0 0 1 1 1 1 6 5 6 1 1 7 -1 -1 -1 -1 -1 -1 388026 0 15 40 19 26.25 2 6 2 5
0 0 0 1 1 1 6 1 5 6 1 1 6 -1 -1 -1 -1 -1 -1 388393 0 15 40 19 26.25 2 6 2 5
0 0 0 1 1 1 7 1 5 6 1 1 6 6 5 4 4 1 1 388793 0 15 40 19 22.4 2 4 2 5
0 0 0 1 1 1 6 1 5 6 1 1 6 -1 -1 -1 -1 -1 -1 389293 0 15 40 19 21 2 4 2 5
0 0 0 1 1 6 1 1 5 6 1 1 5 -1 -1 -1 -1 -1 -1 389759 0 15 40 19 21 2 4 2 5
0 0 0 1 1 6 1 1 5 6 1 1 5 -1 -1 -1 -1 -1 -1 390226 0 15 40 19 21 2 4 2 5
0 0 0 1 1 7 1 1 5 6 1 1 5 5 5 4 4 1 1 390626 0 15 40 19 26.25 2 6 2 5
0 0 0 1 1 6 1 1 5 6 1 1 5 -1 -1 -1 -1 -1 -1 390992 0 15 40 20 27.5 2 6 2 5
0 0 0 1 6 1 1 1 5 6 1 1 4 -1 -1 -1 -1 -1 -1 391359 0 15 40 20 27.5 2 6 2 5
0 0 0 1 6 1 1 1 5 6 1 1 4 -1 -1 -1 -1 -1 -1 391725 0 15 40 20 27.5 2 6 2 5
0 0 0 1 7 1 1 1 5 6 1 1 4 4 5 4 4 1 1 392092 0 15 40 20 27.5 2 4 2 5
0 0 0 1 6 1 1 1 5 6 1 1 4 -1 -1 -1 -1 -1 -1 392425 0 15 40 20 27.5 2 4 2 5
0 0 0 1 6 1 1 1 5 6 1 1 4 -1 -1 -1 -1 -1 -1 392792 0 15 40 20 27.5 2 4 2 5
0 0 0 1 6 1 1 1 5 6 1 1 4 -1 -1 -1 -1 -1 -1 393158 0 15 40 20 27.5 2 4 2 5
0 0 0 1 7 1 1 1 5 6 1 1 4 4 5 4 4 1 1 393525 0 15 40 20 25.6667 2 6 2 5
0 0 0 1 6 1 1 1 5 6 1 2 4 -1 -1 -1 -1 -1 -1 393958 0 15 40 21 23 2 6 2 5
0 0 0 1 1 6 1 1 5 6 1 2 5 -1 -1 -1 -1 -1 -1 394391 0 15 40 21 23 2 6 2 5
0 0 0 1 1 6 1 1 5 6 1 2 5 -1 -1 -1 -1 -1 -1 394825 0 15 40 21 23 2 6 2 5
0 0 0 1 1 7 1 1 5 6 1 2 5 5 5 4 4 1 1 395258 0 15 40 21 23 2 5 2 5
0 0 0 1 1 6 1 1 5 6 1 2 5 -1 -1 -1 -1 -1 -1 395691 0 15 40 21 23 2 5 2 5
0 0 0 4 1 1 1 6 5 6 1 2 7 -1 -1 -1 -1 -1 -1 396124 1 15 40 21 23 2 5 2 5
0 0 0 1 1 1 1 6 5 6 1 2 7 -1 -1 -1 -1 -1 -1 396558 0 15 40 21 23 2 5 2 5
0 0 0 1 1 1 1 7 5 6 1 2 7 7 5 4 4 1 1 396991 0 15 40 21 23 2 8 0 5
0 0 0 1 1 1 6 1 5 6 1 2 6 -1 -1 -1 -1 -1 -1 397424 0 15 40 22 24 2 8 0 5
0 0 0 1 1 1 6 4 5 6 1 2 6 -1 -1 -1 -1 -1 -1 397824 1 15 40 22 24 2 8 0 5
0 0 0 1 1 1 6 1 5 6 1 2 6 -1 -1 -1 -1 -1 -1 398257 0 15 40 22 24 2 8 0 5
0 0 0 1 1 1 7 1 5 6 1 2 6 6 5 4 4 1 1 398657 0 15 40 22 24 2 6 2 5
0 0 0 1 1 1 6 1 5 6 1 2 6 -1 -1 -1 -1 -1 -1 399090 0 15 40 22 24 2 6 2 5
0 0 0 1 1 4 6 1 5 6 1 2 6 -1 -1 -1 -1 -1 -1 399490 1 15 40 22 24 2 6 2 5
0 0 0 1 1 1 6 1 5 6 1 2 6 -1 -1 -1 -1 -1 -1 399923 0 15 40 22 24 2 6 2 5
0 0 0 1 1 1 7 1 5 6 1 2 6 6 5 4 4 1 1 400323 0 15 40 22 24 2 6 2 5
0 0 0 1 1 6 1 1 5 6 1 2 5 -1 -1 -1 -1 -1 -1 400723 0 15 40 23 25 2 6 2 5
0 0 0 1 1 6 4 1 5 6 1 2 5 -1 -1 -1 -1 -1 -1 401123 1 15 40 23 25 2 6 2 5
0 0 0 1 1 6 1 1 5 6 1 2 5 -1 -1 -1 -1 -1 -1 401523 0 15 40 23 25 2 6 2 5
0 0 0 1 1 7 1 1 5 6 1 2 5 5 5 4 4 1 1 401923 0 15 40 23 25 2 4 2 5
0 0 0 1 1 6 1 1 5 6 1 2 5 -1 -1 -1 -1 -1 -1 402323 0 15 40 23 25 2 4 2 5
0 0 0 1 1 1 6 4 5 6 1 2 6 -1 -1 -1 -1 -1 -1 402723 1 15 40 23 25 2 4 2 5
0 0 0 1 1 1 6 1 5 6 1 2 6 -1 -1 -1 -1 -1 -1 403123 0 15 40 23 25 2 4 2 5
0 0 0 1 1 1 7 1 5 6 1 2 6 6 5 4 4 1 1 403523 0 15 40 23 25 2 6 2 5
0 0 0 1 1 1 6 1 5 6 1 2 6 -1 -1 -1 -1 -1 -1 403922 0 15 40 24 25.5 2 6 2 5
0 0 0 1 4 6 1 1 5 6 1 2 5 -1 -1 -1 -1 -1 -1 404322 1 15 40 24 25.5 2 6 2 5
0 0 0 1 1 6 1 1 5 6 1 2 5 -1 -1 -1 -1 -1 -1 404689 0 15 40 24 25.5 2 6 2 5
0 0 0 1 1 7 1 1 5 6 1 2 5 5 5 4 4 1 1 405089 0 15 40 24 25.5 2 4 2 5
0 0 0 1 6 1 1 1 5 6 1 2 4 -1 -1 -1 -1 -1 -1 405489 0 15 40 24 25.5 2 4 2 5
0 0 0 6 1 4 1 1 5 6 1 2 3 -1 -1 -1 -1 -1 -1 405889 1 15 40 24 25.5 2 4 2 5
0 0 0 6 1 1 1 1 5 6 1 2 3 -1 -1 -1 -1 -1 -1 406255 0 15 40 24 25.5 2 4 2 5
0 0 0 7 1 1 1 1 5 6 1 2 3 3 5 4 4 1 1 406655 0 15 40 24 25.5 2 6 2 5
0 0 0 6 1 1 1 1 5 6 1 2 3 -1 -1 -1 -1 -1 -1 407055 0 15 40 25 26 2 6 2 5
0 0 0 1 6 1 4 1 5 6 1 2 4 -1 -1 -1 -1 -1 -1 407422 1 15 40 25 26 2 6 2 5
0 0 0 6 1 1 1 1 5 6 1 2 3 -1 -1 -1 -1 -1 -1 407822 0 15 40 25 26 2 6 2 5
0 0 0 7 1 1 1 1 5 6 1 2 3 3 5 4 4 1 1 408188 0 15 40 25 26 2 5 2 5
0 0 0 6 1 1 1 1 5 6 1 2 3 -1 -1 -1 -1 -1 -1 408588 0 15 40 25 26 2 5 2 5
0 0 0 6 1 1 1 4 5 6 1 2 3 -1 -1 -1 -1 -1 -1 408955 1 15 40 25 26 2 5 2 5
0 0 0 6 1 1 1 1 5 6 1 2 3 -1 -1 -1 -1 -1 -1 409354 0 15 40 25 26 2 5 2 5
0 0 0 7 1 1 1 1 5 6 1 2 3 3 5 4 4 1 1 409721 0 15 40 25 26 2 8 0 5
0 0 0 1 1 6 1 1 6 2 2 1 5 -1 -1 -1 -1 -1 -1 420318 0 15 17 17 60 2 8 0 5
0 0 0 1 1 6 1 1 6 2 2 1 5 -1 -1 -1 -1 -1 -1 420485 0 15 17 17 60 2 8 0 5
0 0 0 1 1 6 1 1 6 2 2 1 5 -1 -1 -1 -1 -1 -1 420652 0 15 17 17 60 2 4 2 5
0 0 0 1 1 6 1 1 6 2 2 1 5 -1 -1 -1 -1 -1 -1 420818 0 15 17 17 51.2 2 4 2 5
0 0 0 1 1 6 1 1 6 2 2 1 5 -1 -1 -1 -1 -1 -1 421085 0 15 17 17 27.7333 2 4 2 5
0 0 0 1 1 6 1 1 6 2 2 1 5 -1 -1 -1 -1 -1 -1 421651 0 15 17 17 16 2 4 2 5
0 0 0 1 1 6 1 1 6 2 2 1 5 -1 -1 -1 -1 -1 -1 422285 0 15 17 17 16 2 6 2 5
0 0 0 1 1 6 1 1 6 2 2 1 5 -1 -1 -1 -1 -1 -1 422918 0 15 17 17 16 2 6 2 5
0 0 0 1 1 1 6 1 6 2 2 1 6 -1 -1 -1 -1 -1 -1 423518 0 15 17 17 16 2 6 2 5
0 0 0 1 1 6 1 1 6 2 2 1 5 -1 -1 -1 -1 -1 -1 424151 0 15 17 17 16 2 6 2 5
0 0 0 1 1 6 1 3 6 2 2 1 5 7 5 4 3 0 0 424784 0 15 17 17 16 2 6 2 5
0 0 0 1 1 6 1 1 6 2 2 1 5 -1 -1 -1 -1 -1 -1 425417 0 15 17 17 16 2 6 2 5
0 0 0 1 1 6 1 1 6 2 2 1 5 -1 -1 -1 -1 -1 -1 426017 0 15 17 17 16 2 6 2 5
0 0 0 1 1 6 1 1 6 2 2 1 5 -1 -1 -1 -1 -1 -1 426650 0 15 17 17 16 2 6 2 5
0 0 0 1 1 6 1 3 6 2 2 1 5 7 5 4 0 0 0 427283 0 15 17 17 16 2 6 2 5
0 0 0 1 1 6 1 1 6 2 2 1 5 -1 -1 -1 -1 -1 -1 427917 0 15 17 17 16 2 6 2 5
0 0 0 1 1 1 6 1 6 2 2 1 6 -1 -1 -1 -1 -1 -1 428516 0 15 17 17 16 2 6 2 5
0 0 0 1 1 1 6 1 6 2 2 1 6 -1 -1 -1 -1 -1 -1 429083 0 15 17 17 20 2 6 2 5
0 0 0 1 1 1 7 1 6 2 2 1 6 6 5 4 3 1 1 429583 0 15 17 17 20 2 5 2 5
0 0 0 1 1 1 6 1 6 2 2 1 6 -1 -1 -1 -1 -1 -1 430083 0 15 17 17 20 2 5 2 5
0 0 0 1 1 6 1 1 6 2 2 1 5 -1 -1 -1 -1 -1 -1 430583 0 15 17 17 17.6 2 5 2 5
0 0 0 1 1 6 1 1 6 2 2 1 5 -1 -1 -1 -1 -1 -1 431182 0 15 17 17 20 2 5 2 5
0 0 0 1 1 7 1 1 6 2 2 1 5 5 5 4 0 1 1 431682 0 15 17 17 20 2 4 2 5
0 0 0 1 1 6 1 1 6 2 2 1 5 -1 -1 -1 -1 -1 -1 432182 0 15 17 17 20 2 4 2 5
0 0 0 1 1 6 1 1 6 2 2 1 5 -1 -1 -1 -1 -1 -1 432682 0 15 17 17 19.2 2 4 2 5
0 0 0 1 1 6 1 1 6 2 2 1 5 -1 -1 -1 -1 -1 -1 433282 0 15 17 17 16 2 4 2 5
0 0 0 1 3 6 1 1 6 2 2 1 5 4 5 4 2 0 0 433782 0 15 17 17 20 2 4 2 5
0 0 0 1 1 6 1 1 6 2 2 1 5 -1 -1 -1 -1 -1 -1 434282 0 15 17 17 20 2 4 2 5
0 0 0 1 1 6 1 1 6 2 2 1 5 -1 -1 -1 -1 -1 -1 434782 0 15 17 17 20 2 4 2 5
0 0 0 1 1 1 6 1 6 2 2 1 6 -1 -1 -1 -1 -1 -1 435315 0 15 17 17 20 2 4 2 5
0 0 0 1 1 1 7 1 6 2 2 1 6 6 5 4 0 1 1 435815 0 15 17 17 20 2 8 0 5
0 0 0 1 1 1 6 1 6 2 2 1 6 -1 -1 -1 -1 -1 -1 436315 0 15 17 17 20 2 8 0 5
0 0 0 1 1 1 6 1 6 2 2 1 6 -1 -1 -1 -1 -1 -1 436814 0 15 17 17 19.2 2 8 0 5
0 0 0 1 1 6 1 1 6 2 2 1 5 -1 -1 -1 -1 -1 -1 437381 0 15 17 17 16 2 8 0 5
0 0 0 1 1 6 3 1 6 2 2 1 5 6 5 4 3 0 0 438014 0 15 17 17 16 2 4 2 5
0 0 0 1 1 6 1 1 6 2 2 1 5 -1 -1 -1 -1 -1 -1 438647 0 15 17 17 16 2 4 2 5
0 0 0 1 1 6 1 1 6 2 2 1 5 -1 -1 -1 -1 -1 -1 439247 0 15 17 17 16 2 4 2 5
0 0 0 1 1 6 1 1 6 2 2 1 5 -1 -1 -1 -1 -1 -1 439814 0 15 17 17 20 2 4 2 5
0 0 0 1 3 6 1 1 6 2 2 1 5 4 5 4 1 0 0 440314 0 15 17 17 20 2 6 2 5
0 0 0 1 1 6 1 1 6 2 2 1 5 -1 -1 -1 -1 -1 -1 440813 0 15 17 17 20 2 6 2 5
0 0 0 1 6 1 1 1 6 2 2 1 4 -1 -1 -1 -1 -1 -1 441313 0 15 17 17 17.3333 2 6 2 5
0 0 0 1 6 1 1 1 6 2 2 1 4 -1 -1 -1 -1 -1 -1 441880 0 15 17 17 20 2 6 2 5
0 0 0 1 8 1 1 1 6 2 2 1 4 4 5 4 0 0 1 442380 0 15 17 17 20 2 6 2 5
0 0 0 1 6 1 1 1 6 2 2 1 4 -1 -1 -1 -1 -1 -1 442946 0 15 17 16 16.25 2 6 2 5
0 0 0 1 1 6 1 1 6 2 2 1 5 -1 -1 -1 -1 -1 -1 443646 0 15 17 16 13 2 6 2 5
0 0 0 1 1 6 1 1 6 2 2 1 5 -1 -1 -1 -1 -1 -1 444413 0 15 17 16 13 2 6 2 5
0 0 0 1 1 6 3 1 6 2 2 1 5 6 5 4 3 0 0 445179 0 15 17 16 13 2 6 2 5
0 0 0 1 1 6 1 1 6 2 2 1 5 -1 -1 -1 -1 -1 -1 445879 0 15 17 16 16.25 2 6 2 5
0 0 0 1 1 6 1 1 6 2 2 1 5 -1 -1 -1 -1 -1 -1 446479 0 15 17 16 16.25 2 6 2 5
0 0 0 1 1 6 1 1 6 2 2 1 5 -1 -1 -1 -1 -1 -1 447112 0 15 17 16 16.25 2 6 2 5
0 0 0 1 1 1 6 3 6 2 2 1 6 7 5 4 2 0 0 447812 0 15 17 16 13 2 5 2 5
0 0 0 1 1 6 1 1 6 2 2 1 5 -1 -1 -1 -1 -1 -1 448578 0 15 17 16 13 2 5 2 5
0 0 0 1 1 1 6 1 6 2 2 1 6 -1 -1 -1 -1 -1 -1 449345 0 15 17 16 13 2 5 2 5
0 0 0 1 1 1 6 1 6 2 2 1 6 -1 -1 -1 -1 -1 -1 450111 0 15 17 16 16.25 2 5 2 5
0 0 0 1 1 1 6 3 6 2 2 1 6 7 5 4 0 0 0 450711 0 15 17 16 16.25 2 4 2 5
0 0 0 1 1 1 6 1 6 2 2 1 6 -1 -1 -1 -1 -1 -1 451311 0 15 17 16 16.25 2 4 2 5
0 0 0 1 1 1 6 1 6 2 2 1 6 -1 -1 -1 -1 -1 -1 451977 0 15 17 16 13.4333 2 4 2 5
0 0 0 1 1 1 6 1 6 2 2 1 6 -1 -1 -1 -1 -1 -1 452644 0 15 17 16 16.25 2 4 2 5
0 0 0 1 1 3 6 1 6 2 2 1 6 5 5 4 3 0 0 453244 0 15 17 16 16.25 2 4 2 5
0 0 0 1 1 1 6 1 6 2 2 1 6 -1 -1 -1 -1 -1 -1 453877 0 15 17 16 15.3833 2 4 2 5
0 0 0 1 6 1 1 1 6 2 2 1 4 -1 -1 -1 -1 -1 -1 454610 0 15 17 16 13 2 4 2 5
0 0 0 6 1 1 1 1 6 2 2 1 3 -1 -1 -1 -1 -1 -1 455343 0 15 17 16 16.25 2 4 2 5
0 0 0 7 1 1 1 1 6 2 2 1 3 3 5 4 0 1 1 455943 0 15 17 16 16.25 2 8 0 5
0 0 0 6 1 1 1 1 6 2 2 1 3 -1 -1 -1 -1 -1 -1 456576 0 15 17 16 16.25 2 8 0 5
0 0 0 1 6 1 1 1 6 2 2 1 4 -1 -1 -1 -1 -1 -1 457243 0 15 17 16 13 2 8 0 5
0 0 0 1 6 1 1 1 6 2 2 1 4 -1 -1 -1 -1 -1 -1 457876 0 15 17 16 16.25 2 8 0 5
0 0 0 1 6 3 1 1 6 2 2 1 4 5 5 4 1 0 0 458476 0 15 17 16 16.25 2 4 2 5
0 0 0 1 6 1 1 1 6 2 2 1 4 -1 -1 -1 -1 -1 -1 459109 0 15 17 16 14.3 2 4 2 5
0 0 0 1 6 1 1 1 6 2 2 1 4 -1 -1 -1 -1 -1 -1 459842 0 15 17 16 16.25 2 4 2 5
0 0 0 1 6 1 1 1 6 2 2 1 4 -1 -1 -1 -1 -1 -1 460475 0 15 17 16 16.25 2 4 2 5
0 0 0 1 8 1 1 1 6 2 2 1 4 4 5 4 3 0 1 461075 0 15 17 16 16.25 2 6 2 5
0 0 0 1 6 1 1 1 6 2 2 1 4 -1 -1 -1 -1 -1 -1 461942 0 15 17 15 10 2 6 2 5
0 0 0 1 6 1 1 1 6 2 2 1 4 -1 -1 -1 -1 -1 -1 462941 0 15 17 15 10 2 6 2 5
0 0 0 1 6 1 1 1 6 2 2 1 4 -1 -1 -1 -1 -1 -1 463741 0 15 17 15 12.5 2 6 2 5
0 0 0 2 8 1 1 1 6 2 2 1 4 3 5 4 1 1 0 464541 0 15 17 15 12.1667 2 6 2 5
0 0 0 1 6 1 1 1 6 2 2 1 4 -1 -1 -1 -1 -1 -1 465507 0 15 17 15 10 2 6 2 5
0 0 0 1 6 1 1 1 6 2 2 1 4 -1 -1 -1 -1 -1 -1 466507 0 15 17 15 10 2 6 2 5
0 0 0 1 6 1 1 1 6 2 2 1 4 -1 -1 -1 -1 -1 -1 467374 0 15 17 15 12.5 2 6 2 5
0 0 0 1 8 1 1 1 6 2 2 1 4 4 5 4 0 0 1 468173 0 15 17 15 12.5 2 6 2 5
0 0 0 1 6 1 1 1 6 2 2 1 4 -1 -1 -1 -1 -1 -1 469040 0 15 17 15 10 2 6 2 5
0 0 0 1 6 1 1 1 6 2 2 1 4 -1 -1 -1 -1 -1 -1 470040 0 15 17 15 10 2 6 2 5
0 0 0 1 1 6 1 1 6 2 2 1 5 -1 -1 -1 -1 -1 -1 471006 0 15 17 15 12.5 2 6 2 5
0 0 0 1 1 8 1 1 6 2 2 1 5 5 5 4 3 0 1 471806 0 15 17 15 12.5 2 5 2 5
0 0 0 1 1 6 1 1 6 2 2 1 5 -1 -1 -1 -1 -1 -1 472606 0 15 17 15 11 2 5 2 5
0 0 0 1 1 1 6 1 6 2 2 1 6 -1 -1 -1 -1 -1 -1 473605 0 15 17 15 10 2 5 2 5
0 0 0 1 1 6 1 1 6 2 2 1 5 -1 -1 -1 -1 -1 -1 474605 0 15 17 15 10 2 5 2 5
0 0 0 1 1 6 1 3 6 2 2 1 5 7 5 4 1 0 0 475505 0 15 17 15 12.5 2 4 2 5
0 0 0 1 1 6 1 1 6 2 2 1 5 -1 -1 -1 -1 -1 -1 476305 0 15 17 15 12.5 2 4 2 5
0 0 0 1 1 6 1 1 6 2 2 1 5 -1 -1 -1 -1 -1 -1 477171 0 15 17 15 10 2 4 2 5
0 0 0 1 1 6 1 1 6 2 2 1 5 -1 -1 -1 -1 -1 -1 478004 0 15 17 15 12.5 2 4 2 5
0 0 0 1 1 6 3 1 6 2 2 1 5 6 5 4 2 0 0 478804 0 15 17 15 12.5 2 4 2 5
0 0 0 1 1 6 1 1 6 2 2 1 5 -1 -1 -1 -1 -1 -1 479704 0 15 17 15 10 2 4 2 5
0 0 0 1 1 6 1 1 6 2 2 1 5 -1 -1 -1 -1 -1 -1 480704 0 15 17 15 10 2 4 2 5
0 0 0 1 1 6 1 1 6 2 2 1 5 -1 -1 -1 -1 -1 -1 481603 0 15 17 15 12.5 2 4 2 5
0 0 0 1 1 7 1 1 6 2 2 1 5 5 5 4 1 1 1 482403 0 15 17 15 12.5 2 8 0 5
0 0 0 1 1 6 1 1 6 2 2 1 5 -1 -1 -1 -1 -1 -1 483270 0 15 17 15 10 2 8 0 5
0 0 0 1 1 6 1 1 6 2 2 1 5 -1 -1 -1 -1 -1 -1 484270 0 15 17 15 10 2 8 0 5
0 0 0 1 1 6 1 1 6 2 2 1 5 -1 -1 -1 -1 -1 -1 485069 0 15 17 15 12.5 2 8 0 5
0 0 0 1 1 7 1 1 6 2 2 1 5 5 5 4 2 1 1 485869 0 15 17 15 12.3333 2 4 2 5
0 0 0 1 1 6 1 1 6 2 2 1 5 -1 -1 -1 -1 -1 -1 486636 0 15 17 16 13 2 4 2 5
0 0 0 1 1 1 6 1 6 2 2 1 6 -1 -1 -1 -1 -1 -1 487402 0 15 17 16 13 2 4 2 5
0 0 0 1 1 6 1 1 6 2 2 1 5 -1 -1 -1 -1 -1 -1 488135 0 15 17 16 16.25 2 4 2 5
0 0 0 1 1 7 1 1 6 2 2 1 5 5 5 4 1 1 1 488768 0 15 17 16 16.25 2 6 2 5
0 0 0 1 1 6 1 1 6 2 2 1 5 -1 -1 -1 -1 -1 -1 489368 0 15 17 16 16.25 2 6 2 5
0 0 0 1 1 6 1 1 6 2 2 1 5 -1 -1 -1 -1 -1 -1 490035 0 15 17 16 13 2 6 2 5
0 0 0 1 1 6 1 1 6 2 2 1 5 -1 -1 -1 -1 -1 -1 490668 0 15 17 16 16.25 2 6 2 5
0 0 0 1 3 6 1 1 6 2 2 1 5 4 5 4 3 0 0 491268 0 15 17 16 16.25 2 6 2 5
0 0 0 1 1 6 1 1 6 2 2 1 5 -1 -1 -1 -1 -1 -1 491901 0 15 17 16 14.3 2 6 2 5
0 0 0 1 1 6 1 1 6 2 2 1 5 -1 -1 -1 -1 -1 -1 492667 0 15 17 16 13 2 6 2 5
0 0 0 1 1 1 6 1 6 2 2 1 6 -1 -1 -1 -1 -1 -1 493434 0 15 17 16 13 2 6 2 5
0 0 0 1 1 1 8 1 6 2 2 1 6 6 5 4 2 0 1 494100 0 15 17 16 16.25 2 6 2 5
0 0 0 1 1 1 6 1 6 2 2 1 6 -1 -1 -1 -1 -1 -1 494867 0 15 17 15 12.5 2 6 2 5
0 0 0 1 1 1 6 1 6 2 2 1 6 -1 -1 -1 -1 -1 -1 495733 0 15 17 15 10 2 6 2 5
0 0 0 1 1 1 6 1 6 2 2 1 6 -1 -1 -1 -1 -1 -1 496600 0 15 17 15 12.5 2 6 2 5
0 0 0 1 1 1 6 3 6 2 2 1 6 7 5 4 0 0 0 497400 0 15 17 15 12.5 2 5 2 5
0 0 0 1 1 1 6 1 6 2 2 1 6 -1 -1 -1 -1 -1 -1 498299 0 15 17 15 10 2 5 2 5
0 0 0 1 1 1 6 1 6 2 2 1 6 -1 -1 -1 -1 -1 -1 499299 0 15 17 15 10 2 5 2 5
0 0 0 1 1 6 1 1 6 2 2 1 5 -1 -1 -1 -1 -1 -1 500199 0 15 17 15 12.5 2 5 2 5
0 0 0 1 1 6 3 1 6 2 2 1 5 6 5 4 1 0 0 500999 0 15 17 15 12.5 2 4 2 5
0 0 0 1 1 6 1 1 6 2 2 1 5 -1 -1 -1 -1 -1 -1 501865 0 15 17 15 10.3333 2 4 2 5
0 0 0 1 1 6 1 1 6 2 2 1 5 -1 -1 -1 -1 -1 -1 502832 0 15 17 15 12.5 2 4 2 5
0 0 0 1 1 1 6 1 6 2 2 1 6 -1 -1 -1 -1 -1 -1 503631 0 15 17 15 12.5 2 4 2 5
0 0 0 1 1 3 6 1 6 2 2 1 6 5 5 4 3 0 0 504431 0 15 17 15 11.5 2 4 2 5
0 0 0 1 1 1 6 1 6 2 2 1 6 -1 -1 -1 -1 -1 -1 505398 0 15 17 15 10 2 4 2 5
0 0 0 1 1 6 1 1 6 2 2 1 5 -1 -1 -1 -1 -1 -1 506364 0 15 17 15 12.5 2 4 2 5
0 0 0 1 1 6 1 1 6 2 2 1 5 -1 -1 -1 -1 -1 -1 507164 0 15 17 15 12.5 2 4 2 5
0 0 0 3 1 6 1 1 6 2 2 1 5 3 5 4 2 0 0 507964 0 15 17 15 11.1667 2 8 0 5
0 0 0 1 1 6 1 1 6 2 2 1 5 -1 -1 -1 -1 -1 -1 508963 0 15 17 15 10 2 8 0 5
0 0 0 1 6 1 1 1 6 2 2 1 4 -1 -1 -1 -1 -1 -1 509963 0 15 17 15 10 2 8 0 5
0 0 0 1 6 1 1 1 6 2 2 1 4 -1 -1 -1 -1 -1 -1 510763 0 15 17 15 12.5 2 8 0 5
0 0 0 1 7 1 1 1 6 2 2 1 4 4 5 4 3 1 1 511563 0 15 17 15 12.5 2 4 2 5
0 0 0 1 6 1 1 1 6 2 2 1 4 -1 -1 -1 -1 -1 -1 512529 0 15 17 15 10 2 4 2 5
0 0 0 1 6 1 1 1 6 2 2 1 4 -1 -1 -1 -1 -1 -1 513462 0 15 17 15 12.5 2 4 2 5
0 0 0 1 6 1 1 1 6 2 2 1 4 -1 -1 -1 -1 -1 -1 514262 0 15 17 15 12.5 2 4 2 5
0 0 0 3 6 1 1 1 6 2 2 1 4 3 5 4 0 0 0 515095 0 15 17 15 11 2 6 2 5
0 0 0 1 6 1 1 1 6 2 2 1 4 -1 -1 -1 -1 -1 -1 516062 0 15 17 15 10 2 6 2 5
0 0 0 1 6 1 1 1 6 2 2 1 4 -1 -1 -1 -1 -1 -1 516995 0 15 17 15 12.5 2 6 2 5
0 0 0 1 6 1 1 1 6 2 2 1 4 -1 -1 -1 -1 -1 -1 517795 0 15 17 15 12.5 2 6 2 5
0 0 0 3 6 1 1 1 6 2 2 1 4 3 5 4 1 0 0 518628 0 15 17 15 10.3333 2 6 2 5
0 0 0 1 6 1 1 1 6 2 2 1 4 -1 -1 -1 -1 -1 -1 519628 0 15 17 15 10 2 6 2 5
0 0 0 1 6 1 1 1 6 2 2 1 4 -1 -1 -1 -1 -1 -1 520627 0 15 17 15 10 2 6 2 5
0 0 0 6 1 1 1 1 6 2 2 1 3 -1 -1 -1 -1 -1 -1 521594 0 15 17 15 12.5 2 6 2 5
0 0 0 7 1 1 1 1 6 2 2 1 3 3 5 4 0 1 1 522394 0 15 17 15 12.5 2 6 2 5
0 0 0 6 1 1 1 1 6 2 2 1 3 -1 -1 -1 -1 -1 -1 523060 0 15 17 16 15.8167 2 6 2 5
0 0 0 1 6 1 1 1 6 2 2 1 4 -1 -1 -1 -1 -1 -1 523760 0 15 17 16 13 2 6 2 5
0 0 0 1 1 6 1 1 6 2 2 1 5 -1 -1 -1 -1 -1 -1 524526 0 15 17 16 13 2 6 2 5
0 0 0 1 3 6 1 1 6 2 2 1 5 4 5 4 3 0 0 525160 0 15 17 16 16.25 2 5 2 5
0 0 0 1 1 6 1 1 6 2 2 1 5 -1 -1 -1 -1 -1 -1 525759 0 15 17 16 16.25 2 5 2 5
0 0 0 1 1 6 1 1 6 2 2 1 5 -1 -1 -1 -1 -1 -1 526393 0 15 17 16 16.25 2 5 2 5
0 0 0 1 1 6 1 1 6 2 2 1 5 -1 -1 -1 -1 -1 -1 527026 0 15 17 16 16.25 2 5 2 5
0 0 0 3 1 6 1 1 6 2 2 1 5 3 5 4 1 0 0 527626 0 15 17 16 16.25 2 4 2 5
0 0 0 1 1 6 1 1 6 2 2 1 5 -1 -1 -1 -1 -1 -1 528292 0 15 17 16 13.2167 2 4 2 5
0 0 0 1 1 6 1 1 6 2 2 1 5 -1 -1 -1 -1 -1 -1 529059 0 15 17 16 13 2 4 2 5
0 0 0 1 1 6 1 1 6 2 2 1 5 -1 -1 -1 -1 -1 -1 529692 0 15 17 16 16.25 2 4 2 5
0 0 0 1 3 6 1 1 6 2 2 1 5 4 5 4 2 0 0 530292 0 15 17 16 16.25 2 4 2 5
0 0 0 1 1 6 1 1 6 2 2 1 5 -1 -1 -1 -1 -1 -1 530925 0 15 17 16 14.3 2 4 2 5
0 0 0 1 6 1 1 1 6 2 2 1 4 -1 -1 -1 -1 -1 -1 531691 0 15 17 16 13 2 4 2 5
0 0 0 1 6 1 1 1 6 2 2 1 4 -1 -1 -1 -1 -1 -1 532358 0 15 17 16 16.25 2 4 2 5
0 0 0 1 7 1 1 1 6 2 2 1 4 4 5 4 1 1 1 532958 0 15 17 16 16.25 2 8 0 5
0 0 0 1 6 1 1 1 6 2 2 1 4 -1 -1 -1 -1 -1 -1 533591 0 15 17 16 14.95 2 8 0 5
0 0 0 1 6 1 1 1 6 2 2 1 4 -1 -1 -1 -1 -1 -1 534324 0 15 17 16 13 2 8 0 5
0 0 0 1 1 6 1 1 6 2 2 1 5 -1 -1 -1 -1 -1 -1 535090 0 15 17 16 13 2 8 0 5
0 0 0 1 3 6 1 1 6 2 2 1 5 4 5 4 3 0 0 535724 0 15 17 16 16.25 2 4 2 5
0 0 0 1 1 6 1 1 6 2 2 1 5 -1 -1 -1 -1 -1 -1 536357 0 15 17 16 16.25 2 4 2 5
0 0 0 1 1 6 1 1 6 2 2 1 5 -1 -1 -1 -1 -1 -1 536990 0 15 17 16 14.7333 2 4 2 5
0 0 0 1 6 1 1 1 6 2 2 1 4 -1 -1 -1 -1 -1 -1 537723 0 15 17 16 16.25 2 4 2 5
0 0 0 1 8 1 1 1 6 2 2 1 4 4 5 4 0 0 1 538323 0 15 17 16 16.25 2 6 2 5
0 0 0 1 6 1 1 1 6 2 2 1 4 -1 -1 -1 -1 -1 -1 539089 0 15 17 15 12.5 2 6 2 5
0 0 0 1 6 1 1 1 6 2 2 1 4 -1 -1 -1 -1 -1 -1 539989 0 15 17 15 12.5 2 6 2 5
0 0 0 1 1 6 1 1 7 2 2 1 5 -1 -1 -1 -1 -1 -1 550687 0 15 17 15 60 2 8 0 5
0 0 0 1 1 6 1 1 7 2 2 1 5 -1 -1 -1 -1 -1 -1 550853 0 15 17 15 60 2 8 0 5
0 0 0 1 1 6 1 1 7 2 2 1 5 -1 -1 -1 -1 -1 -1 551020 0 15 17 15 60 2 4 2 5
0 0 0 1 1 6 1 1 7 2 2 1 5 -1 -1 -1 -1 -1 -1 551187 0 15 17 15 50 2 4 2 5
0 0 0 1 1 6 1 1 7 2 2 1 5 -1 -1 -1 -1 -1 -1 551486 0 15 17 15 22 2 4 2 5
0 0 0 1 1 6 1 1 7 2 2 1 5 -1 -1 -1 -1 -1 -1 552220 0 15 17 15 12.5 2 4 2 5
0 0 0 1 1 6 1 1 7 2 2 1 5 -1 -1 -1 -1 -1 -1 553019 0 15 17 15 11.5 2 5 2 5
0 0 0 1 1 6 1 1 7 2 2 1 5 -1 -1 -1 -1 -1 -1 554019 0 15 17 15 10 2 5 2 5
0 0 0 1 1 6 1 1 7 2 2 1 5 -1 -1 -1 -1 -1 -1 554886 0 15 17 15 12.5 2 5 2 5
0 0 0 1 1 6 1 1 7 2 2 1 5 -1 -1 -1 -1 -1 -1 555685 0 15 17 15 12.5 2 5 2 5
0 0 0 1 3 6 1 1 7 2 2 1 5 4 5 4 0 0 0 556585 0 15 17 15 10 2 4 2 5
0 0 0 1 1 6 1 1 7 2 2 1 5 -1 -1 -1 -1 -1 -1 557585 0 15 17 15 10 2 4 2 5
0 0 0 1 1 6 1 1 7 2 2 1 5 -1 -1 -1 -1 -1 -1 558451 0 15 17 15 12.5 2 4 2 5
0 0 0 1 1 6 1 1 7 2 2 1 5 -1 -1 -1 -1 -1 -1 559251 0 15 17 15 12.5 2 4 2 5
0 0 0 1 1 6 3 1 7 2 2 1 5 6 5 4 2 0 0 560118 0 15 17 15 10 2 5 2 5
0 0 0 1 1 6 1 1 7 2 2 1 5 -1 -1 -1 -1 -1 -1 561117 0 15 17 15 10 2 5 2 5
0 0 0 1 1 6 1 1 7 2 2 1 5 -1 -1 -1 -1 -1 -1 562051 0 15 17 15 12.5 2 5 2 5
0 0 0 1 1 6 1 1 7 2 2 1 5 -1 -1 -1 -1 -1 -1 562850 0 15 17 15 12.5 2 5 2 5
0 0 0 1 1 8 1 1 7 2 2 1 5 5 5 4 3 0 1 563683 0 15 17 15 10.5 2 4 2 5
0 0 0 1 1 6 1 1 7 2 2 1 5 -1 -1 -1 -1 -1 -1 564683 0 15 17 15 10 2 4 2 5
0 0 0 1 1 6 1 1 7 2 2 1 5 -1 -1 -1 -1 -1 -1 565683 0 15 17 15 10 2 4 2 5
0 0 0 1 1 6 1 1 7 2 2 1 5 -1 -1 -1 -1 -1 -1 566516 0 15 17 15 12.5 2 4 2 5
0 0 0 1 1 6 1 3 7 2 2 1 5 7 5 4 0 0 0 567316 0 15 17 15 12.5 2 6 2 5
0 0 0 1 1 6 1 1 7 2 2 1 5 -1 -1 -1 -1 -1 -1 568249 0 15 17 15 10 2 6 2 5
0 0 0 1 1 1 6 1 7 2 2 1 6 -1 -1 -1 -1 -1 -1 569182 0 15 17 15 12.5 2 6 2 5
0 0 0 1 1 1 6 1 7 2 2 1 6 -1 -1 -1 -1 -1 -1 569982 0 15 17 15 12.5 2 6 2 5
0 0 0 1 1 3 6 1 7 2 2 1 6 5 5 4 1 0 0 570815 0 15 17 15 11 2 5 2 5
0 0 0 1 1 1 6 1 7 2 2 1 6 -1 -1 -1 -1 -1 -1 571782 0 15 17 15 10 2 5 2 5
0 0 0 1 1 1 6 1 7 2 2 1 6 -1 -1 -1 -1 -1 -1 572681 0 15 17 15 12.5 2 5 2 5
0 0 0 1 1 1 6 1 7 2 2 1 6 -1 -1 -1 -1 -1 -1 573481 0 15 17 15 12.5 2 5 2 5
0 0 0 1 1 1 7 1 7 2 2 1 6 6 5 4 0 1 1 574348 0 15 17 15 10 2 8 0 5
0 0 0 1 1 1 6 1 7 2 2 1 6 -1 -1 -1 -1 -1 -1 575347 0 15 17 15 10 2 8 0 5
0 0 0 1 1 6 1 1 7 2 2 1 5 -1 -1 -1 -1 -1 -1 576347 0 15 17 15 10 2 8 0 5
0 0 0 1 1 6 1 1 7 2 2 1 5 -1 -1 -1 -1 -1 -1 577347 0 15 17 15 12.5 2 8 0 5
0 0 0 1 1 8 1 1 7 2 2 1 5 5 5 4 3 0 1 578147 0 15 17 15 12.5 2 4 2 5
0 0 0 1 1 6 1 1 7 2 2 1 5 -1 -1 -1 -1 -1 -1 578946 0 15 17 15 11.8333 2 4 2 5
0 0 0 1 1 6 1 1 7 2 2 1 5 -1 -1 -1 -1 -1 -1 579913 0 15 17 15 10 2 4 2 5
0 0 0 1 1 1 6 1 7 2 2 1 6 -1 -1 -1 -1 -1 -1 580779 0 15 17 15 12.5 2 4 2 5
0 0 0 1 1 3 6 1 7 2 2 1 6 5 5 4 2 0 0 581579 0 15 17 15 12.5 2 5 2 5
0 0 0 1 1 1 6 1 7 2 2 1 6 -1 -1 -1 -1 -1 -1 582479 0 15 17 15 10 2 5 2 5
0 0 0 1 6 1 1 1 7 2 2 1 4 -1 -1 -1 -1 -1 -1 583479 0 15 17 15 10 2 5 2 5
0 0 0 1 1 6 1 1 7 2 2 1 5 -1 -1 -1 -1 -1 -1 584478 0 15 17 15 10 2 5 2 5
0 0 0 1 3 6 1 1 7 2 2 1 5 4 5 4 0 0 0 585445 0 15 17 15 12.5 2 4 2 5
0 0 0 1 1 6 1 1 7 2 2 1 5 -1 -1 -1 -1 -1 -1 586245 0 15 17 15 12.5 2 4 2 5
0 0 0 1 1 6 1 1 7 2 2 1 5 -1 -1 -1 -1 -1 -1 587044 0 15 17 15 11.5 2 4 2 5
0 0 0 1 1 6 1 1 7 2 2 1 5 -1 -1 -1 -1 -1 -1 587878 0 15 17 15 12.5 2 4 2 5
0 0 0 3 1 6 1 1 7 2 2 1 5 3 5 4 1 0 0 588677 0 15 17 15 12.5 2 5 2 5
0 0 0 1 1 6 1 1 7 2 2 1 5 -1 -1 -1 -1 -1 -1 589577 0 15 17 15 10 2 5 2 5
0 0 0 6 1 1 1 1 7 2 2 1 3 -1 -1 -1 -1 -1 -1 590544 0 15 17 15 12.5 2 5 2 5
0 0 0 6 1 1 1 1 7 2 2 1 3 -1 -1 -1 -1 -1 -1 591343 0 15 17 15 12.5 2 5 2 5
0 0 0 7 1 1 1 1 7 2 2 1 3 3 5 4 0 1 1 592143 0 15 17 15 11 2 4 2 5
0 0 0 6 1 1 1 1 7 2 2 1 3 -1 -1 -1 -1 -1 -1 593143 0 15 17 15 10 2 4 2 5
0 0 0 1 6 1 1 1 7 2 2 1 4 -1 -1 -1 -1 -1 -1 594076 0 15 17 15 12.5 2 4 2 5
0 0 0 1 6 1 1 1 7 2 2 1 4 -1 -1 -1 -1 -1 -1 594876 0 15 17 15 12.5 2 4 2 5
0 0 0 1 7 1 1 1 7 2 2 1 4 4 5 4 1 1 1 595709 0 15 17 15 10.5 2 6 2 5
0 0 0 1 6 1 1 1 7 2 2 1 4 -1 -1 -1 -1 -1 -1 596509 0 15 17 16 13 2 6 2 5
0 0 0 1 1 6 1 1 7 2 2 1 5 -1 -1 -1 -1 -1 -1 597275 0 15 17 16 13 2 6 2 5
0 0 0 1 1 6 1 1 7 2 2 1 5 -1 -1 -1 -1 -1 -1 597942 0 15 17 16 16.25 2 6 2 5
0 0 0 1 1 7 1 1 7 2 2 1 5 5 5 4 0 1 1 598575 0 15 17 16 16.25 2 5 2 5
0 0 0 1 1 6 1 1 7 2 2 1 5 -1 -1 -1 -1 -1 -1 599175 0 15 17 16 16.0333 2 5 2 5
0 0 0 1 1 6 1 1 7 2 2 1 5 -1 -1 -1 -1 -1 -1 599908 0 15 17 16 13 2 5 2 5
0 0 0 1 1 1 6 1 7 2 2 1 6 -1 -1 -1 -1 -1 -1 600641 0 15 17 16 16.25 2 5 2 5
0 0 0 1 1 1 7 1 7 2 2 1 6 6 5 4 1 1 1 601241 0 15 17 16 16.25 2 8 0 5
0 0 0 1 1 1 6 1 7 2 2 1 6 -1 -1 -1 -1 -1 -1 601774 0 15 17 17 20 2 8 0 5
0 0 0 1 1 1 6 1 7 2 2 1 6 -1 -1 -1 -1 -1 -1 602274 0 15 17 17 17.6 2 8 0 5
0 0 0 1 1 6 1 1 7 2 2 1 5 -1 -1 -1 -1 -1 -1 602907 0 15 17 17 16 2 8 0 5
0 0 0 1 1 6 1 3 7 2 2 1 5 7 5 4 2 0 0 603407 0 15 17 17 20 2 4 2 5
0 0 0 1 1 6 1 1 7 2 2 1 5 -1 -1 -1 -1 -1 -1 603907 0 15 17 17 20 2 4 2 5
0 0 0 1 1 6 1 1 7 2 2 1 5 -1 -1 -1 -1 -1 -1 604407 0 15 17 17 20 2 4 2 5
0 0 0 1 1 6 1 1 7 2 2 1 5 -1 -1 -1 -1 -1 -1 604907 0 15 17 17 20 2 4 2 5
0 0 0 1 1 7 1 1 7 2 2 1 5 5 5 4 1 1 1 605407 0 15 17 17 20 2 5 2 5
0 0 0 1 1 6 1 1 7 2 2 1 5 -1 -1 -1 -1 -1 -1 605907 0 15 17 17 20 2 5 2 5
0 0 0 1 6 1 1 1 7 2 2 1 4 -1 -1 -1 -1 -1 -1 606440 0 15 17 17 18.1333 2 5 2 5
0 0 0 6 1 1 1 1 7 2 2 1 3 -1 -1 -1 -1 -1 -1 607040 0 15 17 17 20 2 5 2 5
0 0 0 7 1 1 1 1 7 2 2 1 3 3 5 4 2 1 1 607539 0 15 17 17 20 2 4 2 5
0 0 0 1 1 6 1 1 7 2 2 1 5 -1 -1 -1 -1 -1 -1 550687 0 15 17 15 60 2 8 0 5
0 0 0 1 1 6 1 1 7 2 2 1 5 -1 -1 -1 -1 -1 -1 550853 0 15 17 15 60 2 8 0 5
0 0 0 1 1 6 1 1 7 2 2 1 5 -1 -1 -1 -1 -1 -1 551020 0 15 17 15 60 2 4 2 5
0 0 0 1 1 6 1 1 7 2 2 1 5 -1 -1 -1 -1 -1 -1 551187 0 15 17 15 50 2 4 2 5
0 0 0 1 1 6 1 1 7 2 2 1 5 -1 -1 -1 -1 -1 -1 551486 0 15 17 15 22 2 4 2 5
0 0 0 1 1 6 1 1 7 2 2 1 5 -1 -1 -1 -1 -1 -1 552220 0 15 17 15 12.5 2 4 2 5
0 0 0 1 1 6 1 1 7 2 2 1 5 -1 -1 -1 -1 -1 -1 553019 0 15 17 15 11.5 2 5 2 5
0 0 0 1 1 6 1 1 7 2 2 1 5 -1 -1 -1 -1 -1 -1 554019 0 15 17 15 10 2 5 2 5
0 0 0 1 1 6 1 1 7 2 2 1 5 -1 -1 -1 -1 -1 -1 554886 0 15 17 15 12.5 2 5 2 5
0 0 0 1 1 6 1 1 7 2 2 1 5 -1 -1 -1 -1 -1 -1 555685 0 15 17 15 12.5 2 5 2 5
0 0 0 1 3 6 1 1 7 2 2 1 5 4 5 4 0 0 0 556585 0 15 17 15 10 2 4 2 5
0 0 0 1 1 6 1 1 7 2 2 1 5 -1 -1 -1 -1 -1 -1 557585 0 15 17 15 10 2 4 2 5
0 0 0 1 1 6 1 1 7 2 2 1 5 -1 -1 -1 -1 -1 -1 558451 0 15 17 15 12.5 2 4 2 5
0 0 0 1 1 6 1 1 7 2 2 1 5 -1 -1 -1 -1 -1 -1 559251 0 15 17 15 12.5 2 4 2 5
0 0 0 1 1 6 3 1 7 2 2 1 5 6 5 4 2 0 0 560118 0 15 17 15 10 2 5 2 5
0 0 0 1 1 6 1 1 7 2 2 1 5 -1 -1 -1 -1 -1 -1 561117 0 15 17 15 10 2 5 2 5
0 0 0 1 1 6 1 1 7 2 2 1 5 -1 -1 -1 -1 -1 -1 562051 0 15 17 15 12.5 2 5 2 5
0 0 0 1 1 6 1 1 7 2 2 1 5 -1 -1 -1 -1 -1 -1 562850 0 15 17 15 12.5 2 5 2 5
0 0 0 1 1 8 1 1 7 2 2 1 5 5 5 4 3 0 1 563683 0 15 17 15 10.5 2 4 2 5
0 0 0 1 1 6 1 1 7 2 2 1 5 -1 -1 -1 -1 -1 -1 564683 0 15 17 15 10 2 4 2 5
0 0 0 1 1 6 1 1 7 2 2 1 5 -1 -1 -1 -1 -1 -1 565683 0 15 17 15 10 2 4 2 5
0 0 0 1 1 6 1 1 7 2 2 1 5 -1 -1 -1 -1 -1 -1 566516 0 15 17 15 12.5 2 4 2 5
0 0 0 1 1 6 1 3 7 2 2 1 5 7 5 4 0 0 0 567316 0 15 17 15 12.5 2 6 2 5
0 0 0 1 1 6 1 1 7 2 2 1 5 -1 -1 -1 -1 -1 -1 568249 0 15 17 15 10 2 6 2 5
0 0 0 1 1 1 6 1 7 2 2 1 6 -1 -1 -1 -1 -1 -1 569182 0 15 17 15 12.5 2 6 2 5
0 0 0 1 1 1 6 1 7 2 2 1 6 -1 -1 -1 -1 -1 -1 569982 0 15 17 15 12.5 2 6 2 5
0 0 0 1 1 3 6 1 7 2 2 1 6 5 5 4 1 0 0 570815 0 15 17 15 11 2 5 2 5
0 0 0 1 1 1 6 1 7 2 2 1 6 -1 -1 -1 -1 -1 -1 571782 0 15 17 15 10 2 5 2 5
0 0 0 1 1 1 6 1 7 2 2 1 6 -1 -1 -1 -1 -1 -1 572681 0 15 17 15 12.5 2 5 2 5
0 0 0 1 1 1 6 1 7 2 2 1 6 -1 -1 -1 -1 -1 -1 573481 0 15 17 15 12.5 2 5 2 5
0 0 0 1 1 1 7 1 7 2 2 1 6 6 5 4 0 1 1 574348 0 15 17 15 10 2 8 0 5
0 0 0 1 1 1 6 1 7 2 2 1 6 -1 -1 -1 -1 -1 -1 575347 0 15 17 15 10 2 8 0 5
0 0 0 1 1 6 1 1 7 2 2 1 5 -1 -1 -1 -1 -1 -1 576347 0 15 17 15 10 2 8 0 5
0 0 0 1 1 6 1 1 7 2 2 1 5 -1 -1 -1 -1 -1 -1 577347 0 15 17 15 12.5 2 8 0 5
0 0 0 1 1 8 1 1 7 2 2 1 5 5 5 4 3 0 1 578147 0 15 17 15 12.5 2 4 2 5
0 0 0 1 1 6 1 1 7 2 2 1 5 -1 -1 -1 -1 -1 -1 578946 0 15 17 15 11.8333 2 4 2 5
0 0 0 1 1 6 1 1 7 2 2 1 5 -1 -1 -1 -1 -1 -1 579913 0 15 17 15 10 2 4 2 5
0 0 0 1 1 1 6 1 7 2 2 1 6 -1 -1 -1 -1 -1 -1 580779 0 15 17 15 12.5 2 4 2 5
0 0 0 1 1 3 6 1 7 2 2 1 6 5 5 4 2 0 0 581579 0 15 17 15 12.5 2 5 2 5
0 0 0 1 1 1 6 1 7 2 2 1 6 -1 -1 -1 -1 -1 -1 582479 0 15 17 15 10 2 5 2 5
0 0 0 1 6 1 1 1 7 2 2 1 4 -1 -1 -1 -1 -1 -1 583479 0 15 17 15 10 2 5 2 5
0 0 0 1 1 6 1 1 7 2 2 1 5 -1 -1 -1 -1 -1 -1 584478 0 15 17 15 10 2 5 2 5
0 0 0 1 3 6 1 1 7 2 2 1 5 4 5 4 0 0 0 585445 0 15 17 15 12.5 2 4 2 5
0 0 0 1 1 6 1 1 7 2 2 1 5 -1 -1 -1 -1 -1 -1 586245 0 15 17 15 12.5 2 4 2 5
0 0 0 1 1 6 1 1 7 2 2 1 5 -1 -1 -1 -1 -1 -1 587044 0 15 17 15 11.5 2 4 2 5
0 0 0 1 1 6 1 1 7 2 2 1 5 -1 -1 -1 -1 -1 -1 587878 0 15 17 15 12.5 2 4 2 5
0 0 0 3 1 6 1 1 7 2 2 1 5 3 5 4 1 0 0 588677 0 15 17 15 12.5 2 5 2 5
0 0 0 1 1 6 1 1 7 2 2 1 5 -1 -1 -1 -1 -1 -1 589577 0 15 17 15 10 2 5 2 5
0 0 0 6 1 1 1 1 7 2 2 1 3 -1 -1 -1 -1 -1 -1 590544 0 15 17 15 12.5 2 5 2 5
0 0 0 6 1 1 1 1 7 2 2 1 3 -1 -1 -1 -1 -1 -1 591343 0 15 17 15 12.5 2 5 2 5
0 0 0 7 1 1 1 1 7 2 2 1 3 3 5 4 0 1 1 592143 0 15 17 15 11 2 4 2 5
0 0 0 6 1 1 1 1 7 2 2 1 3 -1 -1 -1 -1 -1 -1 593143 0 15 17 15 10 2 4 2 5
0 0 0 1 6 1 1 1 7 2 2 1 4 -1 -1 -1 -1 -1 -1 594076 0 15 17 15 12.5 2 4 2 5
0 0 0 1 6 1 1 1 7 2 2 1 4 -1 -1 -1 -1 -1 -1 594876 0 15 17 15 12.5 2 4 2 5
0 0 0 1 7 1 1 1 7 2 2 1 4 4 5 4 1 1 1 595709 0 15 17 15 10.5 2 6 2 5
0 0 0 1 6 1 1 1 7 2 2 1 4 -1 -1 -1 -1 -1 -1 596509 0 15 17 16 13 2 6 2 5
0 0 0 1 1 6 1 1 7 2 2 1 5 -1 -1 -1 -1 -1 -1 597275 0 15 17 16 13 2 6 2 5
0 0 0 1 1 6 1 1 7 2 2 1 5 -1 -1 -1 -1 -1 -1 597942 0 15 17 16 16.25 2 6 2 5
0 0 0 1 1 7 1 1 7 2 2 1 5 5 5 4 0 1 1 598575 0 15 17 16 16.25 2 5 2 5
0 0 0 1 1 6 1 1 7 2 2 1 5 -1 -1 -1 -1 -1 -1 599175 0 15 17 16 16.0333 2 5 2 5
0 0 0 1 1 6 1 1 7 2 2 1 5 -1 -1 -1 -1 -1 -1 599908 0 15 17 16 13 2 5 2 5
0 0 0 1 1 1 6 1 7 2 2 1 6 -1 -1 -1 -1 -1 -1 600641 0 15 17 16 16.25 2 5 2 5
0 0 0 1 1 1 7 1 7 2 2 1 6 6 5 4 1 1 1 601241 0 15 17 16 16.25 2 8 0 5
0 0 0 1 1 1 6 1 7 2 2 1 6 -1 -1 -1 -1 -1 -1 601774 0 15 17 17 20 2 8 0 5
0 0 0 1 1 1 6 1 7 2 2 1 6 -1 -1 -1 -1 -1 -1 602274 0 15 17 17 17.6 2 8 0 5
0 0 0 1 1 6 1 1 7 2 2 1 5 -1 -1 -1 -1 -1 -1 602907 0 15 17 17 16 2 8 0 5
0 0 0 1 1 6 1 3 7 2 2 1 5 7 5 4 2 0 0 603407 0 15 17 17 20 2 4 2 5
0 0 0 1 1 6 1 1 7 2 2 1 5 -1 -1 -1 -1 -1 -1 603907 0 15 17 17 20 2 4 2 5
0 0 0 1 1 6 1 1 7 2 2 1 5 -1 -1 -1 -1 -1 -1 604407 0 15 17 17 20 2 4 2 5
0 0 0 1 1 6 1 1 7 2 2 1 5 -1 -1 -1 -1 -1 -1 604907 0 15 17 17 20 2 4 2 5
0 0 0 1 1 7 1 1 7 2 2 1 5 5 5 4 1 1 1 605407 0 15 17 17 20 2 5 2 5
0 0 0 1 1 6 1 1 7 2 2 1 5 -1 -1 -1 -1 -1 -1 605907 0 15 17 17 20 2 5 2 5
0 0 0 1 6 1 1 1 7 2 2 1 4 -1 -1 -1 -1 -1 -1 606440 0 15 17 17 18.1333 2 5 2 5
0 0 0 6 1 1 1 1 7 2 2 1 3 -1 -1 -1 -1 -1 -1 607040 0 15 17 17 20 2 5 2 5
0 0 0 7 1 1 1 1 7 2 2 1 3 3 5 4 2 1 1 607539 0 15 17 17 20 2 4 2 5
