% Tunnel Log: 
% debug seed: 1462562183
%
% SegEncNW { '0'=no panel, '1'=panel, '4'=obstacle, '5'=collided obstacle, '6'=player, '7'=player right, '8'=player wrong, '2'=target, '3'=fake }
% SegEncN
% SegEncNE
% SegEncE
% SegEncSE
% SegEncS
% SegEncSW
% SegEncW
% Event Number { 0, inf }
% Task Type { 0=Color/Sound, 1=Shape/Sound, 2=Sound, 3=Navigation, 4=Speed, 5=Training 6=Recess, 7=Special 2-Back }
% N-Back { 0, inf }
% Navigation Level { 0, inf }
% Player Loc { 0=Northwest ... 7=West }
% Pod Loc { -1=N/A, 0=Northwest ... 7=West }
% Pod Color { -1, inf }
% Pod Shape { -1, inf }
% Pod Sound { -1, inf }
% Pod Match { -1=N/A, 0=No, 1=Yes }
% Pod Taken { -1=N/A, 0=No, 1=Yes }
% Timestamp (ms)
% Num Obstacles { 0, inf }
% Min Speed { 0, inf }
% Max Speed { 0, inf }
% Base Speed { 0, inf }
% Final Speed { 0, inf }
% Navigation Score { 0, inf }
% Segment Direction { 0=Northwest ... 7=West }
% Segment Angle { 0, inf }
% Segment Panels { 0, inf }
%
% SegEncNW SecEncN SegEncNE SegEncE SegEncSE SegEncS SegEncSW SegEncW EventNumber TaskType N-Back Navigation PlayerLoc PodLoc PodColor PodShape PodSound PodMatch PodTaken Timestamp NumObs MinSpeed MaxSpeed BaseSpeed FinalSpeed NavScore SegmentDir SegmentAngle SegmentPanels
0 0 0 0 1 6 1 0 0 3 2 0 5 -1 -1 -1 -1 -1 -1 13400 0 15 40 15 60 2 8 0 3
0 0 0 0 1 6 1 0 0 3 2 0 5 -1 -1 -1 -1 -1 -1 13566 0 15 40 15 60 2 8 0 3
0 0 0 0 1 6 1 0 0 3 2 0 5 -1 -1 -1 -1 -1 -1 13733 0 15 40 15 60 2 4 2 3
0 0 0 0 1 6 1 0 0 3 2 0 5 -1 -1 -1 -1 -1 -1 13900 0 15 40 15 50 2 4 2 3
0 0 0 0 1 6 1 0 0 3 2 0 5 -1 -1 -1 -1 -1 -1 14200 0 15 40 15 20 2 4 2 3
0 0 0 0 1 6 1 0 0 3 2 0 5 -1 -1 -1 -1 -1 -1 15133 0 15 40 15 10 2 4 2 3
0 0 0 0 1 6 1 0 0 3 2 0 5 -1 -1 -1 -1 -1 -1 16133 0 15 40 15 10 2 6 2 3
0 0 0 0 6 1 1 0 0 3 2 0 4 -1 -1 -1 -1 -1 -1 17133 0 15 40 15 10 2 6 2 3
0 0 0 0 6 1 1 0 0 3 2 0 4 -1 -1 -1 -1 -1 -1 18000 0 15 40 15 12.5 2 6 2 3
0 0 0 0 6 1 1 0 0 3 2 0 4 -1 -1 -1 -1 -1 -1 18800 0 15 40 15 12.5 2 6 2 3
0 0 0 0 7 1 1 0 0 3 2 0 4 4 5 4 4 1 1 19600 0 15 40 15 12.5 2 5 2 3
0 0 0 0 1 6 1 0 0 3 2 0 5 -1 -1 -1 -1 -1 -1 20400 0 15 40 15 12.5 2 5 2 3
0 0 0 0 1 6 1 0 0 3 2 0 5 -1 -1 -1 -1 -1 -1 21300 0 15 40 15 10 2 5 2 3
0 0 0 0 1 6 1 0 0 3 2 0 5 -1 -1 -1 -1 -1 -1 22300 0 15 40 15 10 2 5 2 3
0 0 0 0 1 7 1 0 0 3 2 0 5 5 5 4 4 1 1 23099 0 15 40 15 12.5 2 5 2 3
0 0 0 0 1 6 1 0 0 3 2 0 5 -1 -1 -1 -1 -1 -1 23766 0 15 40 16 16.25 2 5 2 3
0 0 0 0 1 6 1 0 0 3 2 0 5 -1 -1 -1 -1 -1 -1 24433 0 15 40 16 13 2 5 2 3
0 0 0 0 1 6 1 0 0 3 2 0 5 -1 -1 -1 -1 -1 -1 25199 0 15 40 16 16.25 2 5 2 3
0 0 0 0 1 7 1 0 0 3 2 0 5 5 5 4 4 1 1 25799 0 15 40 16 16.25 2 4 2 3
0 0 0 0 6 1 1 0 0 3 2 0 4 -1 -1 -1 -1 -1 -1 26433 0 15 40 16 16.25 2 4 2 3
0 0 0 0 6 1 1 0 0 3 2 0 4 -1 -1 -1 -1 -1 -1 27066 0 15 40 16 13.8667 2 4 2 3
0 0 0 0 6 1 1 0 0 3 2 0 4 -1 -1 -1 -1 -1 -1 27833 0 15 40 16 13 2 4 2 3
0 0 0 1 7 1 1 1 0 3 2 0 4 4 5 4 4 1 1 28466 0 15 40 16 16.25 2 5 2 5
0 0 0 1 6 1 1 1 0 3 2 1 4 -1 -1 -1 -1 -1 -1 28966 0 15 40 17 20 2 5 2 5
0 0 0 1 1 1 6 1 0 3 2 1 6 -1 -1 -1 -1 -1 -1 29466 0 15 40 17 19.7333 2 5 2 5
0 0 0 1 1 1 6 1 0 3 2 1 6 -1 -1 -1 -1 -1 -1 30033 0 15 40 17 16 2 5 2 5
0 0 0 1 1 1 7 1 0 3 2 1 6 6 5 4 4 1 1 30599 0 15 40 17 20 2 5 2 5
0 0 0 1 1 1 6 1 0 3 2 1 6 -1 -1 -1 -1 -1 -1 31099 0 15 40 17 20 2 5 2 5
0 0 0 1 6 1 1 1 0 3 2 1 4 -1 -1 -1 -1 -1 -1 31599 0 15 40 17 20 2 5 2 5
0 0 0 1 6 1 1 1 0 3 2 1 4 -1 -1 -1 -1 -1 -1 32133 0 15 40 17 17.8667 2 5 2 5
0 0 0 1 7 1 1 1 0 3 2 1 4 4 5 4 4 1 1 32666 0 15 40 17 20 2 8 0 5
0 0 0 1 6 1 1 1 0 3 2 1 4 -1 -1 -1 -1 -1 -1 33099 0 15 40 18 23.75 2 8 0 5
0 0 0 1 1 1 6 1 0 3 2 1 6 -1 -1 -1 -1 -1 -1 33499 0 15 40 18 23.75 2 8 0 5
0 0 0 1 1 1 6 1 0 3 2 1 6 -1 -1 -1 -1 -1 -1 33933 0 15 40 18 23.1167 2 8 0 5
0 0 0 1 1 1 7 1 0 3 2 1 6 6 5 4 4 1 1 34399 0 15 40 18 23.75 2 4 2 5
0 0 0 1 1 1 6 1 0 3 2 1 6 -1 -1 -1 -1 -1 -1 34799 0 15 40 18 23.75 2 4 2 5
0 0 0 1 1 6 1 1 0 3 2 1 5 -1 -1 -1 -1 -1 -1 35233 0 15 40 18 23.75 2 4 2 5
0 0 0 1 1 6 1 1 0 3 2 1 5 -1 -1 -1 -1 -1 -1 35633 0 15 40 18 23.75 2 4 2 5
0 0 0 1 1 7 1 1 0 3 2 1 5 5 5 4 4 1 1 36066 0 15 40 18 23.75 2 6 2 5
0 0 0 1 1 6 1 1 0 3 2 1 5 -1 -1 -1 -1 -1 -1 36466 0 15 40 19 26.25 2 6 2 5
0 0 0 1 1 1 6 1 0 3 2 1 6 -1 -1 -1 -1 -1 -1 36833 0 15 40 19 26.25 2 6 2 5
0 0 0 1 1 1 1 6 0 3 2 1 7 -1 -1 -1 -1 -1 -1 37199 0 15 40 19 26.25 2 6 2 5
0 0 0 1 1 1 1 7 0 3 2 1 7 7 5 4 4 1 1 37599 0 15 40 19 26.25 2 5 2 5
0 0 0 1 1 1 1 6 0 3 2 1 7 -1 -1 -1 -1 -1 -1 37999 0 15 40 19 26.25 2 5 2 5
0 0 0 1 1 1 1 6 0 3 2 1 7 -1 -1 -1 -1 -1 -1 38366 0 15 40 19 26.25 2 5 2 5
0 0 0 1 1 1 1 6 0 3 2 1 7 -1 -1 -1 -1 -1 -1 38733 0 15 40 19 26.25 2 5 2 5
0 0 0 1 1 1 1 7 0 3 2 1 7 7 5 4 4 1 1 39133 0 15 40 19 25.2 2 5 2 5
0 0 0 1 1 1 1 6 0 3 2 2 7 -1 -1 -1 -1 -1 -1 39533 0 15 40 20 22 2 5 2 5
0 0 0 1 1 1 1 6 0 3 2 2 7 -1 -1 -1 -1 -1 -1 39966 0 15 40 20 27.5 2 5 2 5
0 0 0 1 1 1 1 6 0 3 2 2 7 -1 -1 -1 -1 -1 -1 40333 0 15 40 20 27.5 2 5 2 5
0 0 0 1 1 1 1 7 0 3 2 2 7 7 5 4 4 1 1 40699 0 15 40 20 27.5 2 4 2 5
0 0 0 1 1 1 6 1 0 3 2 2 6 -1 -1 -1 -1 -1 -1 41066 0 15 40 20 27.5 2 4 2 5
0 0 0 1 1 1 6 4 0 3 2 2 6 -1 -1 -1 -1 -1 -1 41433 1 15 40 20 27.1333 2 4 2 5
0 0 0 1 1 1 6 1 0 3 2 2 6 -1 -1 -1 -1 -1 -1 41799 0 15 40 20 27.5 2 4 2 5
0 0 0 1 1 1 7 1 0 3 2 2 6 6 5 4 4 1 1 42166 0 15 40 20 27.5 2 5 2 5
0 0 0 1 1 1 6 1 0 3 2 2 6 -1 -1 -1 -1 -1 -1 42533 0 15 40 21 28.75 2 5 2 5
0 0 0 4 1 6 1 1 0 3 2 2 5 -1 -1 -1 -1 -1 -1 42866 1 15 40 21 28.75 2 5 2 5
0 0 0 1 6 1 1 1 0 3 2 2 4 -1 -1 -1 -1 -1 -1 43233 0 15 40 21 28.75 2 5 2 5
0 0 0 1 7 1 1 1 0 3 2 2 4 4 5 4 4 1 1 43599 0 15 40 21 24.5333 2 5 2 5
0 0 0 1 1 6 1 1 0 3 2 2 5 -1 -1 -1 -1 -1 -1 44033 0 15 40 21 23 2 5 2 5
0 0 0 4 1 6 1 1 0 3 2 2 5 -1 -1 -1 -1 -1 -1 44466 1 15 40 21 23 2 5 2 5
0 0 0 1 1 6 1 1 0 3 2 2 5 -1 -1 -1 -1 -1 -1 44832 0 15 40 21 28.75 2 5 2 5
0 0 0 1 1 7 1 1 0 3 2 2 5 5 5 4 4 1 1 45166 0 15 40 21 28.75 2 8 0 5
0 0 0 1 1 6 1 1 0 3 2 2 5 -1 -1 -1 -1 -1 -1 45499 0 15 40 22 30 2 8 0 5
0 0 0 4 1 1 6 1 0 3 2 2 6 -1 -1 -1 -1 -1 -1 45832 1 15 40 22 30 2 8 0 5
0 0 0 1 1 1 1 6 0 3 2 2 7 -1 -1 -1 -1 -1 -1 46166 0 15 40 22 28.4 2 8 0 5
0 0 0 1 1 1 1 7 0 3 2 2 7 7 5 4 4 1 1 46532 0 15 40 22 30 2 4 2 5
0 0 0 1 1 1 1 6 0 3 2 2 7 -1 -1 -1 -1 -1 -1 46866 0 15 40 22 30 2 4 2 5
0 0 0 1 1 4 1 6 0 3 2 2 7 -1 -1 -1 -1 -1 -1 47199 1 15 40 22 30 2 4 2 5
0 0 0 1 1 1 1 6 0 3 2 2 7 -1 -1 -1 -1 -1 -1 47532 0 15 40 22 30 2 4 2 5
0 0 0 1 1 2 8 1 0 3 2 2 6 5 5 4 4 1 0 47866 0 15 40 22 30 2 6 2 5
0 0 0 1 1 6 1 1 0 3 2 2 5 -1 -1 -1 -1 -1 -1 48232 0 15 40 21 26.0667 2 6 2 5
0 0 0 1 6 1 4 1 0 3 2 2 4 -1 -1 -1 -1 -1 -1 48666 1 15 40 21 23 2 6 2 5
0 0 0 1 6 1 1 1 0 3 2 2 4 -1 -1 -1 -1 -1 -1 49066 0 15 40 21 28.75 2 6 2 5
0 0 0 1 7 1 1 1 0 3 2 2 4 4 5 4 4 1 1 49432 0 15 40 21 28.75 2 5 2 5
0 0 0 1 1 6 1 1 0 3 2 2 5 -1 -1 -1 -1 -1 -1 49766 0 15 40 21 28.75 2 5 2 5
0 0 0 1 4 6 1 1 0 3 2 2 5 -1 -1 -1 -1 -1 -1 50132 1 15 40 21 28.75 2 5 2 5
0 0 0 1 6 1 1 1 0 3 2 2 4 -1 -1 -1 -1 -1 -1 50466 0 15 40 21 28.75 2 5 2 5
0 0 0 1 7 1 1 1 0 3 2 2 4 4 5 4 4 1 1 50832 0 15 40 21 25.6833 2 5 2 5
0 0 0 1 6 1 1 1 0 3 2 2 4 -1 -1 -1 -1 -1 -1 51232 0 15 40 22 24 2 5 2 5
0 0 0 1 1 6 4 1 0 3 2 2 5 -1 -1 -1 -1 -1 -1 51666 1 15 40 22 24 2 5 2 5
0 0 0 1 1 6 1 1 0 3 2 2 5 -1 -1 -1 -1 -1 -1 52032 0 15 40 22 30 2 5 2 5
0 0 0 1 1 7 1 1 0 3 2 2 5 5 5 4 4 1 1 52366 0 15 40 22 30 2 4 2 5
0 0 0 1 1 1 6 1 0 3 2 2 6 -1 -1 -1 -1 -1 -1 52699 0 15 40 22 30 2 4 2 5
0 0 0 1 1 4 1 6 0 3 2 2 7 -1 -1 -1 -1 -1 -1 53032 1 15 40 22 30 2 4 2 5
0 0 0 1 1 1 1 6 0 3 2 2 7 -1 -1 -1 -1 -1 -1 53366 0 15 40 22 29.6 2 4 2 5
0 0 0 1 1 1 1 7 0 3 2 2 7 7 5 4 4 1 1 53699 0 15 40 22 25.6 2 5 2 5
0 0 0 1 1 1 6 1 0 3 2 2 6 -1 -1 -1 -1 -1 -1 54099 0 15 40 23 25 2 5 2 5
0 0 0 1 1 6 1 4 0 3 2 2 5 -1 -1 -1 -1 -1 -1 54499 1 15 40 23 25 2 5 2 5
0 0 0 1 1 1 6 1 0 3 2 2 6 -1 -1 -1 -1 -1 -1 54899 0 15 40 23 25 2 5 2 5
0 0 0 1 1 1 7 1 0 3 2 2 6 6 5 4 4 1 1 55299 0 15 40 23 25 2 5 2 5
0 0 0 1 1 6 1 1 0 3 2 2 5 -1 -1 -1 -1 -1 -1 55699 0 15 40 23 25 2 5 2 5
0 0 0 1 1 6 4 1 0 3 2 2 5 -1 -1 -1 -1 -1 -1 56099 1 15 40 23 25 2 5 2 5
0 0 0 1 1 6 1 1 0 3 2 2 5 -1 -1 -1 -1 -1 -1 56499 0 15 40 23 25 2 5 2 5
0 0 0 1 1 7 1 1 0 3 2 2 5 5 5 4 4 1 1 56899 0 15 40 23 25 2 8 0 5
0 0 0 1 1 6 1 1 0 3 2 2 5 -1 -1 -1 -1 -1 -1 57299 0 15 40 24 25.5 2 8 0 5
0 0 0 1 4 6 1 1 0 3 2 2 5 -1 -1 -1 -1 -1 -1 57699 1 15 40 24 25.5 2 8 0 5
0 0 0 6 1 1 1 1 0 3 2 2 3 -1 -1 -1 -1 -1 -1 58099 0 15 40 24 25.5 2 8 0 5
0 0 0 7 1 1 1 1 0 3 2 2 3 3 5 4 4 1 1 58466 0 15 40 24 25.5 2 4 2 5
0 0 0 6 1 1 1 1 0 3 2 2 3 -1 -1 -1 -1 -1 -1 58866 0 15 40 24 25.5 2 4 2 5
0 0 0 1 6 1 1 4 0 3 2 2 4 -1 -1 -1 -1 -1 -1 59266 1 15 40 24 25.5 2 4 2 5
0 0 0 1 1 6 1 1 0 3 2 2 5 -1 -1 -1 -1 -1 -1 59666 0 15 40 24 25.5 2 4 2 5
0 0 0 1 1 7 1 1 0 3 2 2 5 5 5 4 4 1 1 60066 0 15 40 24 25.5 2 6 2 5
0 0 0 1 1 6 1 1 0 3 2 2 5 -1 -1 -1 -1 -1 -1 60432 0 15 40 25 26 2 6 2 5
0 0 0 1 1 1 6 4 0 3 2 2 6 -1 -1 -1 -1 -1 -1 60832 1 15 40 25 26 2 6 2 5
0 0 0 1 1 1 1 6 0 3 2 2 7 -1 -1 -1 -1 -1 -1 61199 0 15 40 25 26 2 6 2 5
0 0 0 1 1 1 1 7 0 3 2 2 7 7 5 4 4 1 1 61599 0 15 40 25 26 2 5 2 5
0 0 0 1 1 1 6 1 0 3 2 2 6 -1 -1 -1 -1 -1 -1 61966 0 15 40 25 26 2 5 2 5
0 0 0 1 1 6 1 4 0 3 2 2 5 -1 -1 -1 -1 -1 -1 62366 1 15 40 25 26 2 5 2 5
0 0 0 1 1 6 1 1 0 3 2 2 5 -1 -1 -1 -1 -1 -1 62732 0 15 40 25 32.5 2 5 2 5
0 0 0 1 1 7 1 1 0 3 2 2 5 5 5 4 4 1 1 63032 0 15 40 25 32.5 2 5 2 5
0 0 0 1 1 6 1 1 0 3 2 2 5 -1 -1 -1 -1 -1 -1 63332 0 15 40 26 33.125 2 5 2 5
0 0 0 1 4 6 1 1 0 3 2 2 5 -1 -1 -1 -1 -1 -1 63632 1 15 40 26 33.125 2 5 2 5
0 0 0 1 1 6 1 1 0 3 2 2 5 -1 -1 -1 -1 -1 -1 63932 0 15 40 26 33.125 2 5 2 5
0 0 0 1 1 7 1 1 0 3 2 2 5 5 5 4 4 1 1 64232 0 15 40 26 32.6833 2 4 2 5
0 0 0 1 1 6 1 1 0 3 2 2 5 -1 -1 -1 -1 -1 -1 64566 0 15 40 26 28.2667 2 4 2 5
0 0 0 1 6 1 4 1 0 3 2 2 4 -1 -1 -1 -1 -1 -1 64966 1 15 40 26 26.5 2 4 2 5
0 0 0 6 1 1 1 1 0 3 2 2 3 -1 -1 -1 -1 -1 -1 65332 0 15 40 26 26.5 2 4 2 5
0 0 0 7 1 1 1 1 0 3 2 2 3 3 5 4 4 1 1 65666 0 15 40 26 33.125 2 5 2 5
0 0 0 6 1 1 1 1 0 3 2 2 3 -1 -1 -1 -1 -1 -1 65966 0 15 40 27 33.75 2 5 2 5
0 0 0 6 1 4 1 1 0 3 2 2 3 -1 -1 -1 -1 -1 -1 66232 1 15 40 27 33.75 2 5 2 5
0 0 0 1 6 1 1 1 0 3 2 2 4 -1 -1 -1 -1 -1 -1 66532 0 15 40 27 33.75 2 5 2 5
0 0 0 1 7 1 1 1 0 3 2 2 4 4 5 4 4 1 1 66832 0 15 40 27 33.75 2 5 2 5
0 0 0 1 6 1 1 1 0 3 2 2 4 -1 -1 -1 -1 -1 -1 67132 0 15 40 27 31.5 2 5 2 5
0 0 0 1 6 4 1 1 0 3 2 2 4 -1 -1 -1 -1 -1 -1 67499 1 15 40 27 27 2 5 2 5
0 0 0 1 1 6 1 1 0 3 2 2 5 -1 -1 -1 -1 -1 -1 67865 0 15 40 27 27 2 5 2 5
0 0 0 1 7 1 1 1 0 3 2 2 4 4 5 4 4 1 1 68232 0 15 40 27 27 2 8 0 5
0 0 0 1 1 6 1 1 0 3 2 2 5 -1 -1 -1 -1 -1 -1 68599 0 15 40 28 27.5 2 8 0 5
0 0 0 1 4 6 1 1 0 3 2 2 5 -1 -1 -1 -1 -1 -1 68965 1 15 40 28 27.5 2 8 0 5
0 0 0 1 6 1 1 1 0 3 2 2 4 -1 -1 -1 -1 -1 -1 69332 0 15 40 28 27.5 2 8 0 5
0 0 0 7 1 1 1 1 0 3 2 2 3 3 5 4 4 1 1 69665 0 15 40 28 27.5 2 4 2 5
0 0 0 6 1 1 1 1 0 3 2 2 3 -1 -1 -1 -1 -1 -1 70032 0 15 40 28 27.5 2 4 2 5
0 0 0 6 1 4 1 1 0 3 2 2 3 -1 -1 -1 -1 -1 -1 70399 1 15 40 28 27.5 2 4 2 5
0 0 0 1 1 6 1 1 0 3 2 2 5 -1 -1 -1 -1 -1 -1 70765 0 15 40 28 27.5 2 4 2 5
0 0 0 1 1 7 1 1 0 3 2 2 5 5 5 4 4 1 1 71132 0 15 40 28 27.5 2 6 2 5
0 0 0 1 6 1 1 1 0 3 2 2 4 -1 -1 -1 -1 -1 -1 71499 0 15 40 29 28 2 6 2 5
0 0 0 1 6 4 1 1 0 3 2 2 4 -1 -1 -1 -1 -1 -1 71865 1 15 40 29 28 2 6 2 5
0 0 0 1 1 6 1 1 0 3 2 2 5 -1 -1 -1 -1 -1 -1 72199 0 15 40 29 28 2 6 2 5
0 0 0 1 1 7 1 1 0 3 2 2 5 5 5 4 4 1 1 72565 0 15 40 29 28 2 5 2 5
0 0 0 1 1 6 1 1 0 3 2 2 5 -1 -1 -1 -1 -1 -1 72932 0 15 40 29 28 2 5 2 5
0 0 0 1 4 1 6 1 0 3 2 2 6 -1 -1 -1 -1 -1 -1 73265 1 15 40 29 28 2 5 2 5
0 0 0 0 1 6 1 0 1 4 2 0 5 -1 -1 -1 -1 -1 -1 81399 0 15 40 15 60 2 8 0 3
0 0 0 0 1 6 1 0 1 4 2 0 5 -1 -1 -1 -1 -1 -1 81565 0 15 40 15 60 2 8 0 3
0 0 0 0 1 6 1 0 1 4 2 0 5 -1 -1 -1 -1 -1 -1 81732 0 15 40 15 60 2 4 2 3
0 0 0 0 1 6 1 0 1 4 2 0 5 -1 -1 -1 -1 -1 -1 81899 0 15 40 15 50 2 4 2 3
0 0 0 0 1 6 1 0 1 4 2 0 5 -1 -1 -1 -1 -1 -1 82199 0 15 40 15 20 2 4 2 3
0 0 0 0 1 6 1 0 1 4 2 0 5 -1 -1 -1 -1 -1 -1 83099 0 15 40 15 12.5 2 4 2 3
0 0 0 0 1 6 1 0 1 4 2 0 5 -1 -1 -1 -1 -1 -1 83899 0 15 40 15 12.5 2 4 2 3
0 0 0 0 1 6 1 0 1 4 2 0 5 -1 -1 -1 -1 -1 -1 84699 0 15 40 15 11 2 4 2 3
0 0 0 0 6 1 1 0 1 4 2 0 4 -1 -1 -1 -1 -1 -1 85632 0 15 40 15 12.5 2 4 2 3
0 0 0 0 6 1 1 0 1 4 2 0 4 -1 -1 -1 -1 -1 -1 86432 0 15 40 15 12.5 2 4 2 3
0 0 0 0 6 3 1 0 1 4 2 0 4 5 0 6 1 0 0 87265 0 15 40 15 10.3333 2 4 2 3
0 0 0 0 1 6 1 0 1 4 2 0 5 -1 -1 -1 -1 -1 -1 88265 0 15 40 15 10 2 4 2 3
0 0 0 0 1 6 1 0 1 4 2 0 5 -1 -1 -1 -1 -1 -1 89098 0 15 40 15 12.5 2 4 2 3
0 0 0 0 1 6 1 0 1 4 2 0 5 -1 -1 -1 -1 -1 -1 89898 0 15 40 15 12.5 2 4 2 3
0 0 0 0 3 6 1 0 1 4 2 0 5 4 1 7 2 0 0 90832 0 15 40 15 10 2 6 2 3
0 0 0 0 6 1 1 0 1 4 2 0 4 -1 -1 -1 -1 -1 -1 91832 0 15 40 15 10 2 6 2 3
0 0 0 0 6 1 1 0 1 4 2 0 4 -1 -1 -1 -1 -1 -1 92698 0 15 40 15 12.5 2 6 2 3
0 0 0 0 6 1 1 0 1 4 2 0 4 -1 -1 -1 -1 -1 -1 93498 0 15 40 15 12.5 2 6 2 3
0 0 0 0 6 3 1 0 1 4 2 0 4 5 2 5 0 0 0 94365 0 15 40 15 10 2 6 2 3
0 0 0 0 6 1 1 0 1 4 2 0 4 -1 -1 -1 -1 -1 -1 95365 0 15 40 15 12.5 2 6 2 3
0 0 0 0 6 1 1 0 1 4 2 0 4 -1 -1 -1 -1 -1 -1 96165 0 15 40 15 12.5 2 6 2 3
0 0 0 0 6 1 1 0 1 4 2 0 4 -1 -1 -1 -1 -1 -1 96965 0 15 40 15 11.5 2 6 2 3
0 0 0 0 7 1 1 0 1 4 2 0 4 4 1 7 2 1 1 97932 0 15 40 15 10 2 5 2 3
0 0 0 0 1 6 1 0 1 4 2 0 5 -1 -1 -1 -1 -1 -1 98932 0 15 40 15 10 2 5 2 3
0 0 0 0 1 6 1 0 1 4 2 0 5 -1 -1 -1 -1 -1 -1 99765 0 15 40 15 12.5 2 5 2 3
0 0 0 0 1 6 1 0 1 4 2 0 5 -1 -1 -1 -1 -1 -1 100565 0 15 40 15 12.3333 2 5 2 3
0 0 0 0 1 6 3 0 1 4 2 0 5 6 3 8 3 0 0 101498 0 15 40 15 10 2 5 2 3
0 0 0 0 1 6 1 0 1 4 2 0 5 -1 -1 -1 -1 -1 -1 102432 0 15 40 15 12.5 2 5 2 3
0 0 0 0 1 6 1 0 1 4 2 0 5 -1 -1 -1 -1 -1 -1 103232 0 15 40 15 12.5 2 5 2 3
0 0 0 0 1 6 1 0 1 4 2 0 5 -1 -1 -1 -1 -1 -1 104065 0 15 40 15 11 2 5 2 3
0 0 0 0 3 6 1 0 1 4 2 0 5 4 2 5 0 0 0 105065 0 15 40 15 10 2 8 0 3
0 0 0 0 1 6 1 0 1 4 2 0 5 -1 -1 -1 -1 -1 -1 105898 0 15 40 15 12.5 2 8 0 3
0 0 0 0 1 6 1 0 1 4 2 0 5 -1 -1 -1 -1 -1 -1 106698 0 15 40 15 12.5 2 8 0 3
0 0 0 0 1 6 1 0 1 4 2 0 5 -1 -1 -1 -1 -1 -1 107565 0 15 40 15 12.5 2 8 0 3
0 0 0 0 3 6 1 0 1 4 2 0 5 4 1 7 2 0 0 108365 0 15 40 15 12.5 2 4 2 3
0 0 0 0 1 6 1 0 1 4 2 0 5 -1 -1 -1 -1 -1 -1 109165 0 15 40 15 11 2 4 2 3
0 0 0 0 6 1 1 0 1 4 2 0 4 -1 -1 -1 -1 -1 -1 110032 0 15 40 15 12.5 2 4 2 3
0 0 0 0 6 1 1 0 1 4 2 0 4 -1 -1 -1 -1 -1 -1 110831 0 15 40 15 12.5 2 4 2 3
0 0 0 0 7 1 1 0 1 4 2 0 4 4 2 5 0 1 1 111731 0 15 40 15 10 2 4 2 3
0 0 0 0 1 6 1 0 1 4 2 0 5 -1 -1 -1 -1 -1 -1 112531 0 15 40 16 13 2 4 2 3
0 0 0 0 1 6 1 0 1 4 2 0 5 -1 -1 -1 -1 -1 -1 113198 0 15 40 16 16.25 2 4 2 3
0 0 0 0 1 6 1 0 1 4 2 0 5 -1 -1 -1 -1 -1 -1 113798 0 15 40 16 16.25 2 4 2 3
0 0 0 1 3 6 1 1 1 4 2 0 5 4 0 6 1 0 0 114431 0 15 40 16 15.1667 2 4 2 5
0 0 0 1 6 1 1 1 1 4 2 0 4 -1 -1 -1 -1 -1 -1 115165 0 15 40 16 13 2 4 2 5
0 0 0 1 6 1 1 1 1 4 2 0 4 -1 -1 -1 -1 -1 -1 115831 0 15 40 16 16.25 2 4 2 5
0 0 0 1 6 1 1 1 1 4 2 0 4 -1 -1 -1 -1 -1 -1 116465 0 15 40 16 16.25 2 4 2 5
0 0 0 1 7 1 1 1 1 4 2 0 4 4 2 5 0 1 1 117065 0 15 40 16 15.6 2 6 2 5
0 0 0 1 6 1 1 1 1 4 2 1 4 -1 -1 -1 -1 -1 -1 117798 0 15 40 16 13 2 6 2 5
0 0 0 1 1 6 1 1 1 4 2 1 5 -1 -1 -1 -1 -1 -1 118565 0 15 40 16 16.25 2 6 2 5
0 0 0 1 1 6 1 1 1 4 2 1 5 -1 -1 -1 -1 -1 -1 119165 0 15 40 16 16.25 2 6 2 5
0 0 0 1 1 6 3 1 1 4 2 1 5 6 3 8 3 0 0 119765 0 15 40 16 16.25 2 6 2 5
0 0 0 1 1 6 1 1 1 4 2 1 5 -1 -1 -1 -1 -1 -1 120431 0 15 40 16 13.4333 2 6 2 5
0 0 0 1 1 6 1 1 1 4 2 1 5 -1 -1 -1 -1 -1 -1 121198 0 15 40 16 16.25 2 6 2 5
0 0 0 1 1 6 1 1 1 4 2 1 5 -1 -1 -1 -1 -1 -1 121798 0 15 40 16 16.25 2 6 2 5
0 0 0 1 1 6 1 3 1 4 2 1 5 7 0 6 1 0 0 122431 0 15 40 16 16.25 2 5 2 5
0 0 0 1 1 6 1 1 1 4 2 1 5 -1 -1 -1 -1 -1 -1 123065 0 15 40 16 13.4333 2 5 2 5
0 0 0 1 1 6 1 1 1 4 2 1 5 -1 -1 -1 -1 -1 -1 123798 0 15 40 16 16.25 2 5 2 5
0 0 0 1 1 6 1 1 1 4 2 1 5 -1 -1 -1 -1 -1 -1 124398 0 15 40 16 16.25 2 5 2 5
0 0 0 1 1 7 1 1 1 4 2 1 5 5 3 8 3 1 1 125031 0 15 40 16 16.25 2 5 2 5
0 0 0 1 1 6 1 1 1 4 2 1 5 -1 -1 -1 -1 -1 -1 125565 0 15 40 17 16.2667 2 5 2 5
0 0 0 1 1 6 1 1 1 4 2 1 5 -1 -1 -1 -1 -1 -1 126198 0 15 40 17 16 2 5 2 5
0 0 0 1 1 6 1 1 1 4 2 1 5 -1 -1 -1 -1 -1 -1 126765 0 15 40 17 20 2 5 2 5
0 0 0 1 1 6 1 3 1 4 2 1 5 7 1 7 2 0 0 127265 0 15 40 17 20 2 8 0 5
0 0 0 1 1 6 1 1 1 4 2 1 5 -1 -1 -1 -1 -1 -1 127765 0 15 40 17 20 2 8 0 5
0 0 0 1 1 6 1 1 1 4 2 1 5 -1 -1 -1 -1 -1 -1 128298 0 15 40 17 18.4 2 8 0 5
0 0 0 1 1 6 1 1 1 4 2 1 5 -1 -1 -1 -1 -1 -1 128831 0 15 40 17 20 2 8 0 5
0 0 0 1 1 7 1 1 1 4 2 1 5 5 3 8 3 1 1 129332 0 15 40 17 20 2 4 2 5
0 0 0 1 1 6 1 1 1 4 2 1 5 -1 -1 -1 -1 -1 -1 129832 0 15 40 17 20 2 4 2 5
0 0 0 1 6 1 1 1 1 4 2 1 4 -1 -1 -1 -1 -1 -1 130332 0 15 40 17 18.1333 2 4 2 5
0 0 0 1 6 1 1 1 1 4 2 1 4 -1 -1 -1 -1 -1 -1 130932 0 15 40 17 20 2 4 2 5
0 0 0 1 8 1 1 1 1 4 2 1 4 4 0 6 1 0 1 131432 0 15 40 17 20 2 4 2 5
0 0 0 1 6 1 1 1 1 4 2 1 4 -1 -1 -1 -1 -1 -1 132032 0 15 40 16 16.25 2 4 2 5
0 0 0 1 1 6 1 1 1 4 2 1 5 -1 -1 -1 -1 -1 -1 132666 0 15 40 16 14.7333 2 4 2 5
0 0 0 1 1 6 1 1 1 4 2 1 5 -1 -1 -1 -1 -1 -1 133432 0 15 40 16 13 2 4 2 5
0 0 0 3 1 6 1 1 1 4 2 1 5 3 2 5 0 0 0 134066 0 15 40 16 16.25 2 4 2 5
0 0 0 1 1 6 1 1 1 4 2 1 5 -1 -1 -1 -1 -1 -1 134666 0 15 40 16 16.25 2 4 2 5
0 0 0 1 1 6 1 1 1 4 2 1 5 -1 -1 -1 -1 -1 -1 135299 0 15 40 16 14.95 2 4 2 5
0 0 0 1 1 6 1 1 1 4 2 1 5 -1 -1 -1 -1 -1 -1 136033 0 15 40 16 16.25 2 4 2 5
0 0 0 1 3 6 1 1 1 4 2 1 5 4 3 8 3 0 0 136633 0 15 40 16 16.25 2 6 2 5
0 0 0 1 1 6 1 1 1 4 2 1 5 -1 -1 -1 -1 -1 -1 137267 0 15 40 16 16.25 2 6 2 5
0 0 0 1 1 6 1 1 1 4 2 1 5 -1 -1 -1 -1 -1 -1 137900 0 15 40 16 16.25 2 6 2 5
0 0 0 1 1 6 1 1 1 4 2 1 5 -1 -1 -1 -1 -1 -1 138500 0 15 40 16 16.25 2 6 2 5
0 0 0 3 1 6 1 1 1 4 2 1 5 3 1 7 2 0 0 139134 0 15 40 16 16.25 2 6 2 5
0 0 0 1 1 6 1 1 1 4 2 1 5 -1 -1 -1 -1 -1 -1 139800 0 15 40 16 13 2 6 2 5
0 0 0 1 1 6 1 1 1 4 2 1 5 -1 -1 -1 -1 -1 -1 140501 0 15 40 16 16.25 2 6 2 5
0 0 0 1 1 6 1 1 1 4 2 1 5 -1 -1 -1 -1 -1 -1 141101 0 15 40 16 16.25 2 6 2 5
0 0 0 1 3 6 1 1 1 4 2 1 5 4 2 5 0 0 0 141734 0 15 40 16 16.25 2 5 2 5
0 0 0 1 1 6 1 1 1 4 2 2 5 -1 -1 -1 -1 -1 -1 142434 0 15 40 16 13 2 5 2 5
0 0 0 1 1 6 1 1 1 4 2 2 5 -1 -1 -1 -1 -1 -1 143168 0 15 40 16 16.25 2 5 2 5
0 0 0 1 1 6 1 1 1 4 2 2 5 -1 -1 -1 -1 -1 -1 143768 0 15 40 16 16.25 2 5 2 5
0 0 0 1 3 6 1 1 1 4 2 2 5 4 3 8 3 0 0 144401 0 15 40 16 16.25 2 5 2 5
0 0 0 1 1 6 1 1 1 4 2 2 5 -1 -1 -1 -1 -1 -1 145068 0 15 40 16 13 2 5 2 5
0 0 0 1 4 6 1 1 1 4 2 2 5 -1 -1 -1 -1 -1 -1 145768 1 15 40 16 16.25 2 5 2 5
0 0 0 1 1 6 1 1 1 4 2 2 5 -1 -1 -1 -1 -1 -1 146368 0 15 40 16 16.25 2 5 2 5
0 0 0 1 1 6 3 1 1 4 2 2 5 6 1 7 2 0 0 147002 0 15 40 16 16.0333 2 8 0 5
0 0 0 1 1 6 1 1 1 4 2 2 5 -1 -1 -1 -1 -1 -1 147702 0 15 40 16 13 2 8 0 5
0 0 0 4 1 6 1 1 1 4 2 2 5 -1 -1 -1 -1 -1 -1 148369 1 15 40 16 16.25 2 8 0 5
0 0 0 1 1 6 1 1 1 4 2 2 5 -1 -1 -1 -1 -1 -1 148969 0 15 40 16 16.25 2 8 0 5
0 0 0 1 1 6 3 1 1 4 2 2 5 6 2 5 0 0 0 149603 0 15 40 16 15.1667 2 4 2 5
0 0 0 1 1 6 1 1 1 4 2 2 5 -1 -1 -1 -1 -1 -1 150336 0 15 40 16 13 2 4 2 5
0 0 0 4 1 1 6 1 1 4 2 2 6 -1 -1 -1 -1 -1 -1 151003 1 15 40 16 16.25 2 4 2 5
0 0 0 1 1 1 6 1 1 4 2 2 6 -1 -1 -1 -1 -1 -1 151603 0 15 40 16 16.25 2 4 2 5
0 0 0 1 1 3 6 1 1 4 2 2 6 5 0 6 1 0 0 152236 0 15 40 16 15.3833 2 4 2 5
0 0 0 1 1 1 6 1 1 4 2 2 6 -1 -1 -1 -1 -1 -1 152970 0 15 40 16 13 2 4 2 5
0 0 0 1 4 1 6 1 1 4 2 2 6 -1 -1 -1 -1 -1 -1 153737 1 15 40 16 16.25 2 4 2 5
0 0 0 1 1 1 6 1 1 4 2 2 6 -1 -1 -1 -1 -1 -1 154337 0 15 40 16 16.25 2 4 2 5
0 0 0 1 3 1 6 1 1 4 2 2 6 4 1 7 2 0 0 154937 0 15 40 16 16.25 2 4 2 5
0 0 0 1 1 1 6 1 1 4 2 2 6 -1 -1 -1 -1 -1 -1 155604 0 15 40 16 13.4333 2 4 2 5
0 0 0 1 1 4 6 1 1 4 2 2 6 -1 -1 -1 -1 -1 -1 156304 1 15 40 16 16.25 2 4 2 5
0 0 0 1 1 1 6 1 1 4 2 2 6 -1 -1 -1 -1 -1 -1 156937 0 15 40 16 16.25 2 4 2 5
0 0 0 1 1 1 7 1 1 4 2 2 6 6 0 6 1 1 1 157538 0 15 40 16 16.25 2 6 2 5
0 0 0 1 1 1 6 1 1 4 2 2 6 -1 -1 -1 -1 -1 -1 158238 0 15 40 16 13 2 6 2 5
0 0 0 1 1 6 1 4 1 4 2 2 5 -1 -1 -1 -1 -1 -1 159005 1 15 40 16 16.25 2 6 2 5
0 0 0 1 1 6 1 1 1 4 2 2 5 -1 -1 -1 -1 -1 -1 159605 0 15 40 16 16.25 2 6 2 5
0 0 0 1 3 1 6 1 1 4 2 2 6 4 2 5 0 0 0 160238 0 15 40 16 16.25 2 6 2 5
0 0 0 1 1 1 6 1 1 4 2 2 6 -1 -1 -1 -1 -1 -1 160872 0 15 40 16 13.4333 2 6 2 5
0 0 0 1 1 4 6 1 1 4 2 2 6 -1 -1 -1 -1 -1 -1 161572 1 15 40 16 16.25 2 6 2 5
0 0 0 1 1 1 6 1 1 4 2 2 6 -1 -1 -1 -1 -1 -1 162205 0 15 40 16 16.25 2 6 2 5
0 0 0 1 1 1 7 1 1 4 2 2 6 6 0 6 1 1 1 162805 0 15 40 16 16.25 2 5 2 5
0 0 0 1 1 6 1 1 1 4 2 2 5 -1 -1 -1 -1 -1 -1 163372 0 15 40 17 16 2 5 2 5
0 0 0 6 1 4 1 1 1 4 2 2 3 -1 -1 -1 -1 -1 -1 164006 1 15 40 17 16 2 5 2 5
0 0 0 6 1 1 1 1 1 4 2 2 3 -1 -1 -1 -1 -1 -1 164572 0 15 40 17 20 2 5 2 5
0 0 0 6 3 1 1 1 1 4 2 2 3 4 3 8 3 0 0 165072 0 15 40 17 20 2 5 2 5
0 0 0 6 1 1 1 1 1 4 2 2 3 -1 -1 -1 -1 -1 -1 165573 0 15 40 17 20 2 5 2 5
0 0 0 6 4 1 1 1 1 4 2 2 3 -1 -1 -1 -1 -1 -1 166073 1 15 40 17 17.8667 2 5 2 5
0 0 0 6 1 1 1 1 1 4 2 2 3 -1 -1 -1 -1 -1 -1 166606 0 15 40 17 20 2 5 2 5
0 0 0 1 6 1 3 1 1 4 2 2 4 6 1 7 2 0 0 167106 0 15 40 17 20 2 8 0 5
0 0 0 1 1 6 1 1 1 4 2 2 5 -1 -1 -1 -1 -1 -1 167606 0 15 40 17 20 2 8 0 5
0 0 0 1 6 1 1 4 1 4 2 2 4 -1 -1 -1 -1 -1 -1 168140 1 15 40 17 17.6 2 8 0 5
0 0 0 1 6 1 1 1 1 4 2 2 4 -1 -1 -1 -1 -1 -1 168673 0 15 40 17 20 2 8 0 5
0 0 0 1 7 1 1 1 1 4 2 2 4 4 3 8 3 1 1 169173 0 15 40 17 20 2 4 2 5
0 0 0 1 6 1 1 1 1 4 2 2 4 -1 -1 -1 -1 -1 -1 169673 0 15 40 17 20 2 4 2 5
0 0 0 1 1 6 1 4 1 4 2 2 5 -1 -1 -1 -1 -1 -1 170207 1 15 40 17 17.6 2 4 2 5
0 0 0 1 1 6 1 1 1 4 2 2 5 -1 -1 -1 -1 -1 -1 170740 0 15 40 17 20 2 4 2 5
0 0 0 1 1 6 3 1 1 4 2 2 5 6 2 5 0 0 0 171240 0 15 40 17 20 2 4 2 5
0 0 0 1 1 6 1 1 1 4 2 2 5 -1 -1 -1 -1 -1 -1 171741 0 15 40 17 20 2 4 2 5
0 0 0 1 6 1 4 1 1 4 2 2 4 -1 -1 -1 -1 -1 -1 172274 1 15 40 17 18.1333 2 4 2 5
0 0 0 1 1 6 1 1 1 4 2 2 5 -1 -1 -1 -1 -1 -1 172874 0 15 40 17 16 2 4 2 5
0 0 0 1 3 6 1 1 1 4 2 2 5 4 1 7 2 0 0 173374 0 15 40 17 20 2 4 2 5
0 0 0 1 1 6 1 1 1 4 2 2 5 -1 -1 -1 -1 -1 -1 173874 0 15 40 17 20 2 4 2 5
0 0 0 1 1 6 4 1 1 4 2 2 5 -1 -1 -1 -1 -1 -1 174374 1 15 40 17 20 2 4 2 5
0 0 0 1 1 6 1 1 1 4 2 2 5 -1 -1 -1 -1 -1 -1 174941 0 15 40 17 16.2667 2 4 2 5
0 0 0 1 3 6 1 1 1 4 2 2 5 4 3 8 3 0 0 175541 0 15 40 17 16 2 6 2 5
0 0 0 1 1 6 1 1 1 4 2 2 5 -1 -1 -1 -1 -1 -1 176108 0 15 40 17 20 2 6 2 5
0 0 0 1 1 6 4 1 1 4 2 2 5 -1 -1 -1 -1 -1 -1 176608 1 15 40 17 20 2 6 2 5
0 0 0 1 1 6 1 1 1 4 2 2 5 -1 -1 -1 -1 -1 -1 177108 0 15 40 17 20 2 6 2 5
0 0 0 1 3 6 1 1 1 4 2 2 5 4 2 5 0 0 0 177608 0 15 40 17 17.8667 2 6 2 5
0 0 0 1 1 6 1 1 1 4 2 2 5 -1 -1 -1 -1 -1 -1 178242 0 15 40 17 16 2 6 2 5
0 0 0 1 6 1 1 4 1 4 2 2 4 -1 -1 -1 -1 -1 -1 178842 1 15 40 17 20 2 6 2 5
0 0 0 1 6 1 1 1 1 4 2 2 4 -1 -1 -1 -1 -1 -1 179342 0 15 40 17 20 2 6 2 5
0 0 0 1 7 1 1 1 1 4 2 2 4 4 3 8 3 1 1 179809 0 15 40 17 20 2 5 2 5
0 0 0 1 6 1 1 1 1 4 2 2 4 -1 -1 -1 -1 -1 -1 180242 0 15 40 18 23.4333 2 5 2 5
0 0 0 1 4 6 1 1 1 4 2 2 5 -1 -1 -1 -1 -1 -1 180742 1 15 40 18 19 2 5 2 5
0 0 0 1 1 6 1 1 1 4 2 2 5 -1 -1 -1 -1 -1 -1 181243 0 15 40 18 23.75 2 5 2 5
0 0 0 1 1 7 1 1 1 4 2 2 5 5 2 5 0 1 1 181643 0 15 40 18 23.75 2 5 2 5
0 0 0 1 1 6 1 1 1 4 2 2 5 -1 -1 -1 -1 -1 -1 182076 0 15 40 18 23.75 2 5 2 5
0 0 0 1 6 1 4 1 1 4 2 2 4 -1 -1 -1 -1 -1 -1 182476 1 15 40 18 23.75 2 5 2 5
0 0 0 1 6 1 1 1 1 4 2 2 4 -1 -1 -1 -1 -1 -1 182910 0 15 40 18 23.75 2 5 2 5
0 0 0 1 6 3 1 1 1 4 2 2 4 5 1 7 2 0 0 183343 0 15 40 18 23.75 2 8 0 5
0 0 0 1 6 1 1 1 1 4 2 2 4 -1 -1 -1 -1 -1 -1 183743 0 15 40 18 23.75 2 8 0 5
0 0 0 1 6 4 1 1 1 4 2 2 4 -1 -1 -1 -1 -1 -1 184177 1 15 40 18 23.75 2 8 0 5
0 0 0 1 6 1 1 1 1 4 2 2 4 -1 -1 -1 -1 -1 -1 184610 0 15 40 18 20.5833 2 8 0 5
0 0 0 3 1 6 1 1 1 4 2 2 5 3 3 8 3 0 0 185143 0 15 40 18 19 2 4 2 5
0 0 0 1 1 6 1 1 1 4 2 2 5 -1 -1 -1 -1 -1 -1 185677 0 15 40 18 19 2 4 2 5
0 0 0 1 4 6 1 1 1 4 2 2 5 -1 -1 -1 -1 -1 -1 186210 1 15 40 18 19 2 4 2 5
0 0 0 1 1 6 1 1 1 4 2 2 5 -1 -1 -1 -1 -1 -1 186677 0 15 40 18 23.75 2 4 2 5
0 0 0 1 3 6 1 1 1 4 2 2 5 4 0 6 1 0 0 187111 0 15 40 18 23.75 2 4 2 5
0 0 0 1 1 6 1 1 1 4 2 2 5 -1 -1 -1 -1 -1 -1 187544 0 15 40 18 23.75 2 4 2 5
0 0 0 1 1 6 1 4 1 4 2 2 5 -1 -1 -1 -1 -1 -1 187944 1 15 40 18 23.75 2 4 2 5
0 0 0 1 1 6 1 1 1 4 2 2 5 -1 -1 -1 -1 -1 -1 188411 0 15 40 18 20.5833 2 4 2 5
0 0 0 3 1 1 6 1 1 4 2 2 6 3 1 7 2 0 0 188811 0 15 40 18 23.75 2 4 2 5
0 0 0 1 1 1 6 1 1 4 2 2 6 -1 -1 -1 -1 -1 -1 189244 0 15 40 18 23.75 2 4 2 5
0 0 0 1 1 6 1 1 2 0 3 1 5 -1 -1 -1 -1 -1 -1 197579 0 15 17 16 60 2 8 0 5
0 0 0 1 1 6 1 1 2 0 3 1 5 -1 -1 -1 -1 -1 -1 197746 0 15 17 16 60 2 8 0 5
0 0 0 1 1 6 1 1 2 0 3 1 5 -1 -1 -1 -1 -1 -1 197913 0 15 17 16 60 2 5 2 5
0 0 0 1 1 6 1 1 2 0 3 1 5 -1 -1 -1 -1 -1 -1 198080 0 15 17 16 50.6 2 5 2 5
0 0 0 1 1 6 1 1 2 0 3 1 5 -1 -1 -1 -1 -1 -1 198346 0 15 17 16 25.5333 2 5 2 5
0 0 0 1 1 6 1 1 2 0 3 1 5 -1 -1 -1 -1 -1 -1 199080 0 15 17 16 13 2 5 2 5
0 0 0 1 1 6 1 1 2 0 3 1 5 -1 -1 -1 -1 -1 -1 199747 0 15 17 16 16.25 2 6 2 5
0 0 0 1 1 6 1 1 2 0 3 1 5 -1 -1 -1 -1 -1 -1 200380 0 15 17 16 16.25 2 6 2 5
0 0 0 1 6 1 1 1 2 0 3 1 4 -1 -1 -1 -1 -1 -1 200980 0 15 17 16 15.6 2 6 2 5
0 0 0 1 6 1 1 1 2 0 3 1 4 -1 -1 -1 -1 -1 -1 201714 0 15 17 16 13 2 6 2 5
0 0 0 1 6 3 1 1 2 0 3 1 4 5 1 4 2 0 0 202447 0 15 17 16 16.25 2 4 2 5
0 0 0 1 6 1 1 1 2 0 3 1 4 -1 -1 -1 -1 -1 -1 203081 0 15 17 16 16.25 2 4 2 5
0 0 0 1 6 1 1 1 2 0 3 1 4 -1 -1 -1 -1 -1 -1 203681 0 15 17 16 16.25 2 4 2 5
0 0 0 1 6 1 1 1 2 0 3 1 4 -1 -1 -1 -1 -1 -1 204348 0 15 17 16 13.4333 2 4 2 5
0 0 0 1 6 1 3 1 2 0 3 1 4 6 3 4 3 0 0 205114 0 15 17 16 13 2 5 2 5
0 0 0 1 6 1 1 1 2 0 3 1 4 -1 -1 -1 -1 -1 -1 205748 0 15 17 16 16.25 2 5 2 5
0 0 0 1 6 1 1 1 2 0 3 1 4 -1 -1 -1 -1 -1 -1 206348 0 15 17 16 16.25 2 5 2 5
0 0 0 1 6 1 1 1 2 0 3 1 4 -1 -1 -1 -1 -1 -1 206981 0 15 17 16 14.5167 2 5 2 5
0 0 0 1 6 1 3 1 2 0 3 1 4 6 2 4 0 0 0 207715 0 15 17 16 16.25 2 6 2 5
0 0 0 1 6 1 1 1 2 0 3 1 4 -1 -1 -1 -1 -1 -1 208348 0 15 17 16 16.25 2 6 2 5
0 0 0 1 6 1 1 1 2 0 3 1 4 -1 -1 -1 -1 -1 -1 208949 0 15 17 16 16.25 2 6 2 5
0 0 0 1 6 1 1 1 2 0 3 1 4 -1 -1 -1 -1 -1 -1 209615 0 15 17 16 13.2167 2 6 2 5
0 0 0 1 7 1 1 1 2 0 3 1 4 4 1 4 2 1 1 210282 0 15 17 16 16.25 2 4 2 5
0 0 0 1 6 1 1 1 2 0 3 1 4 -1 -1 -1 -1 -1 -1 210916 0 15 17 16 16.25 2 4 2 5
0 0 0 1 6 1 1 1 2 0 3 1 4 -1 -1 -1 -1 -1 -1 211516 0 15 17 16 15.6 2 4 2 5
0 0 0 1 6 1 1 1 2 0 3 1 4 -1 -1 -1 -1 -1 -1 212249 0 15 17 16 13 2 4 2 5
0 0 0 1 6 1 3 1 2 0 3 1 4 6 2 4 0 0 0 212949 0 15 17 16 16.25 2 5 2 5
0 0 0 1 6 1 1 1 2 0 3 1 4 -1 -1 -1 -1 -1 -1 213549 0 15 17 16 16.25 2 5 2 5
0 0 0 1 6 1 1 1 2 0 3 1 4 -1 -1 -1 -1 -1 -1 214183 0 15 17 16 16.0333 2 5 2 5
0 0 0 1 6 1 1 1 2 0 3 1 4 -1 -1 -1 -1 -1 -1 214883 0 15 17 16 13 2 5 2 5
0 0 0 1 6 3 1 1 2 0 3 1 4 5 3 4 3 0 0 215650 0 15 17 16 13 2 8 0 5
0 0 0 1 6 1 1 1 2 0 3 1 4 -1 -1 -1 -1 -1 -1 216283 0 15 17 16 16.25 2 8 0 5
0 0 0 1 6 1 1 1 2 0 3 1 4 -1 -1 -1 -1 -1 -1 216884 0 15 17 16 16.25 2 8 0 5
0 0 0 1 6 1 1 1 2 0 3 1 4 -1 -1 -1 -1 -1 -1 217517 0 15 17 16 14.0833 2 8 0 5
0 0 0 1 1 8 2 1 2 0 3 1 5 6 1 4 2 1 0 218184 0 15 17 16 16.25 2 5 2 5
0 0 0 1 1 1 6 1 2 0 3 1 6 -1 -1 -1 -1 -1 -1 218984 0 15 17 15 12.5 2 5 2 5
0 0 0 1 1 1 1 6 2 0 3 1 7 -1 -1 -1 -1 -1 -1 219818 0 15 17 15 10.1667 2 5 2 5
0 0 0 1 1 1 6 1 2 0 3 1 6 -1 -1 -1 -1 -1 -1 220751 0 15 17 15 12.5 2 5 2 5
0 0 0 1 1 3 6 1 2 0 3 1 6 5 0 4 1 0 0 221551 0 15 17 15 12.5 2 6 2 5
0 0 0 1 1 1 6 1 2 0 3 1 6 -1 -1 -1 -1 -1 -1 222385 0 15 17 15 10.8333 2 6 2 5
0 0 0 1 1 1 6 1 2 0 3 1 6 -1 -1 -1 -1 -1 -1 223385 0 15 17 15 10 2 6 2 5
0 0 0 1 1 1 1 6 2 0 3 1 7 -1 -1 -1 -1 -1 -1 224352 0 15 17 15 12.5 2 6 2 5
0 0 0 1 1 1 1 7 2 0 3 1 7 7 3 4 3 1 1 225152 0 15 17 15 12.5 2 4 2 5
0 0 0 1 1 1 1 6 2 0 3 1 7 -1 -1 -1 -1 -1 -1 225952 0 15 17 15 11.5 2 4 2 5
0 0 0 1 1 1 6 1 2 0 3 1 6 -1 -1 -1 -1 -1 -1 226886 0 15 17 15 12.5 2 4 2 5
0 0 0 1 1 1 6 1 2 0 3 1 6 -1 -1 -1 -1 -1 -1 227686 0 15 17 15 12.5 2 4 2 5
0 0 0 1 1 1 6 3 2 0 3 1 6 7 2 4 0 0 0 228519 0 15 17 15 10.6667 2 5 2 5
0 0 0 1 1 6 1 1 2 0 3 1 5 -1 -1 -1 -1 -1 -1 229486 0 15 17 15 10 2 5 2 5
0 0 0 1 1 6 1 1 2 0 3 1 5 -1 -1 -1 -1 -1 -1 230353 0 15 17 15 12.5 2 5 2 5
0 0 0 1 1 6 1 1 2 0 3 1 5 -1 -1 -1 -1 -1 -1 231153 0 15 17 15 12.5 2 5 2 5
0 0 0 1 1 6 3 1 2 0 3 1 5 6 3 4 3 0 0 232053 0 15 17 15 10 2 6 2 5
0 0 0 1 1 6 1 1 2 0 3 1 5 -1 -1 -1 -1 -1 -1 233054 0 15 17 15 10 2 6 2 5
0 0 0 1 1 1 6 1 2 0 3 1 6 -1 -1 -1 -1 -1 -1 234054 0 15 17 15 10 2 6 2 5
0 0 0 1 1 1 6 1 2 0 3 1 6 -1 -1 -1 -1 -1 -1 234854 0 15 17 15 12.5 2 6 2 5
0 0 0 1 1 3 6 1 2 0 3 1 6 5 1 4 2 0 0 235654 0 15 17 15 12.3333 2 4 2 5
0 0 0 1 1 1 6 1 2 0 3 1 6 -1 -1 -1 -1 -1 -1 236621 0 15 17 15 10 2 4 2 5
0 0 0 1 1 1 6 1 2 0 3 1 6 -1 -1 -1 -1 -1 -1 237521 0 15 17 15 12.5 2 4 2 5
0 0 0 1 1 1 6 1 2 0 3 1 6 -1 -1 -1 -1 -1 -1 238321 0 15 17 15 12.5 2 4 2 5
0 0 0 1 1 3 6 1 2 0 3 1 6 5 3 4 3 0 0 239188 0 15 17 15 10 2 5 2 5
0 0 0 1 1 1 6 1 2 0 3 1 6 -1 -1 -1 -1 -1 -1 240189 0 15 17 15 10 2 5 2 5
0 0 0 1 1 6 1 1 2 0 3 1 5 -1 -1 -1 -1 -1 -1 241089 0 15 17 15 12.5 2 5 2 5
0 0 0 1 1 6 1 1 2 0 3 1 5 -1 -1 -1 -1 -1 -1 241889 0 15 17 15 12.5 2 5 2 5
0 0 0 1 1 6 3 1 2 0 3 1 5 6 1 4 2 0 0 242722 0 15 17 15 10.3333 2 8 0 5
0 0 0 1 1 1 6 1 2 0 3 1 6 -1 -1 -1 -1 -1 -1 243723 0 15 17 15 10 2 8 0 5
0 0 0 1 1 1 6 1 2 0 3 1 6 -1 -1 -1 -1 -1 -1 244523 0 15 17 15 12.5 2 8 0 5
0 0 0 1 1 1 6 1 2 0 3 1 6 -1 -1 -1 -1 -1 -1 245323 0 15 17 15 12.1667 2 8 0 5
0 0 0 1 1 1 7 1 2 0 3 1 6 6 1 4 2 1 1 246256 0 15 17 15 12.5 2 5 2 5
0 0 0 1 1 1 6 1 2 0 3 1 6 -1 -1 -1 -1 -1 -1 246890 0 15 17 16 16.25 2 5 2 5
0 0 0 1 1 1 6 1 2 0 3 1 6 -1 -1 -1 -1 -1 -1 247490 0 15 17 16 16.25 2 5 2 5
0 0 0 1 1 6 1 1 2 0 3 1 5 -1 -1 -1 -1 -1 -1 248190 0 15 17 16 13 2 5 2 5
0 0 0 1 1 1 6 3 2 0 3 1 6 7 2 4 0 0 0 248957 0 15 17 16 13 2 6 2 5
0 0 0 1 1 1 6 1 2 0 3 1 6 -1 -1 -1 -1 -1 -1 249624 0 15 17 16 16.25 2 6 2 5
0 0 0 1 1 6 1 1 2 0 3 1 5 -1 -1 -1 -1 -1 -1 250224 0 15 17 16 16.25 2 6 2 5
0 0 0 1 1 6 1 1 2 0 3 1 5 -1 -1 -1 -1 -1 -1 250857 0 15 17 16 15.1667 2 6 2 5
0 0 0 1 1 8 2 1 2 0 3 1 5 6 1 4 2 1 0 251591 0 15 17 16 13 2 4 2 5
0 0 0 1 1 6 1 1 2 0 3 1 5 -1 -1 -1 -1 -1 -1 252558 0 15 17 15 10 2 4 2 5
0 0 0 1 1 6 1 1 2 0 3 1 5 -1 -1 -1 -1 -1 -1 253558 0 15 17 15 10 2 4 2 5
0 0 0 1 1 6 1 1 2 0 3 1 5 -1 -1 -1 -1 -1 -1 254558 0 15 17 15 12.5 2 4 2 5
0 0 0 1 3 6 1 1 2 0 3 1 5 4 2 4 0 0 0 255358 0 15 17 15 12.5 2 5 2 5
0 0 0 1 1 6 1 1 2 0 3 1 5 -1 -1 -1 -1 -1 -1 256159 0 15 17 15 12 2 5 2 5
0 0 0 1 1 6 1 1 2 0 3 1 5 -1 -1 -1 -1 -1 -1 257058 0 15 17 15 12.5 2 5 2 5
0 0 0 1 1 6 1 1 2 0 3 1 5 -1 -1 -1 -1 -1 -1 257858 0 15 17 15 12.5 2 5 2 5
0 0 0 1 3 6 1 1 2 0 3 1 5 4 0 4 1 0 0 258691 0 15 17 15 10.5 2 6 2 5
0 0 0 1 1 6 1 1 2 0 3 1 5 -1 -1 -1 -1 -1 -1 259691 0 15 17 15 10 2 6 2 5
0 0 0 1 6 1 1 1 2 0 3 1 4 -1 -1 -1 -1 -1 -1 260624 0 15 17 15 12.5 2 6 2 5
0 0 0 1 6 1 1 1 2 0 3 1 4 -1 -1 -1 -1 -1 -1 261424 0 15 17 15 12.5 2 6 2 5
0 0 0 1 8 1 1 1 2 0 3 1 4 4 2 4 0 0 1 262257 0 15 17 15 10.5 2 4 2 5
0 0 0 1 6 1 1 1 2 0 3 1 4 -1 -1 -1 -1 -1 -1 263223 0 15 17 15 10 2 4 2 5
0 0 0 1 6 1 1 1 2 0 3 1 4 -1 -1 -1 -1 -1 -1 264090 0 15 17 15 12.5 2 4 2 5
0 0 0 1 6 1 1 1 2 0 3 1 4 -1 -1 -1 -1 -1 -1 264890 0 15 17 15 12.5 2 4 2 5
0 0 0 1 6 3 1 1 2 0 3 1 4 5 3 4 3 0 0 265790 0 15 17 15 10 2 5 2 5
0 0 0 1 6 1 1 1 2 0 3 1 4 -1 -1 -1 -1 -1 -1 266789 0 15 17 15 10 2 5 2 5
0 0 0 1 1 6 1 1 2 0 3 1 5 -1 -1 -1 -1 -1 -1 267789 0 15 17 15 10 2 5 2 5
0 0 0 1 1 6 1 1 2 0 3 1 5 -1 -1 -1 -1 -1 -1 268655 0 15 17 15 12.5 2 5 2 5
0 0 0 1 1 8 1 2 2 0 3 1 5 7 0 4 1 1 0 269455 0 15 17 15 12.5 2 8 0 5
0 0 0 1 1 1 6 1 2 0 3 1 6 -1 -1 -1 -1 -1 -1 270355 0 15 17 15 10 2 8 0 5
0 0 0 1 1 1 1 6 2 0 3 1 7 -1 -1 -1 -1 -1 -1 271288 0 15 17 15 12.5 2 8 0 5
0 0 0 1 1 1 1 6 2 0 3 1 7 -1 -1 -1 -1 -1 -1 272088 0 15 17 15 12.5 2 8 0 5
0 0 0 1 1 1 1 7 2 0 3 1 7 7 2 4 0 1 1 272921 0 15 17 15 10.6667 2 5 2 5
0 0 0 1 1 1 1 6 2 0 3 1 7 -1 -1 -1 -1 -1 -1 273921 0 15 17 15 10 2 5 2 5
0 0 0 1 1 1 6 1 2 0 3 1 6 -1 -1 -1 -1 -1 -1 274921 0 15 17 15 12.5 2 5 2 5
0 0 0 1 1 1 6 1 2 0 3 1 6 -1 -1 -1 -1 -1 -1 275720 0 15 17 15 12.5 2 5 2 5
0 0 0 1 1 1 6 3 2 0 3 1 6 7 0 4 1 0 0 276520 0 15 17 15 12 2 6 2 5
0 0 0 1 1 1 6 1 2 0 3 1 6 -1 -1 -1 -1 -1 -1 277453 0 15 17 15 10 2 6 2 5
0 0 0 1 1 1 6 1 2 0 3 1 6 -1 -1 -1 -1 -1 -1 278453 0 15 17 15 10 2 6 2 5
0 0 0 1 1 1 1 6 2 0 3 1 7 -1 -1 -1 -1 -1 -1 279453 0 15 17 15 10 2 6 2 5
0 0 0 1 1 1 1 8 2 0 3 1 7 7 1 4 2 0 1 280286 0 15 17 15 12.5 2 4 2 5
0 0 0 1 1 1 1 6 2 0 3 1 7 -1 -1 -1 -1 -1 -1 281086 0 15 17 15 12.3333 2 4 2 5
0 0 0 1 1 1 1 6 2 0 3 1 7 -1 -1 -1 -1 -1 -1 282019 0 15 17 15 10 2 4 2 5
0 0 0 1 1 1 1 6 2 0 3 1 7 -1 -1 -1 -1 -1 -1 283019 0 15 17 15 10 2 4 2 5
0 0 0 1 1 1 1 7 2 0 3 1 7 7 2 4 0 1 1 283885 0 15 17 15 12.5 2 5 2 5
0 0 0 1 1 1 1 6 2 0 3 1 7 -1 -1 -1 -1 -1 -1 284685 0 15 17 15 12.5 2 5 2 5
0 0 0 1 1 1 6 1 2 0 3 1 6 -1 -1 -1 -1 -1 -1 285518 0 15 17 15 12.5 2 5 2 5
0 0 0 1 1 1 6 1 2 0 3 1 6 -1 -1 -1 -1 -1 -1 286318 0 15 17 15 12.5 2 5 2 5
0 0 0 1 1 1 6 3 2 0 3 1 6 7 1 4 2 0 0 287151 0 15 17 15 11 2 6 2 5
0 0 0 1 1 1 6 1 2 0 3 1 6 -1 -1 -1 -1 -1 -1 288151 0 15 17 15 10 2 6 2 5
0 0 0 1 1 1 6 1 2 0 3 1 6 -1 -1 -1 -1 -1 -1 289150 0 15 17 15 10 2 6 2 5
0 0 0 1 1 1 6 1 2 0 3 1 6 -1 -1 -1 -1 -1 -1 290017 0 15 17 15 12.5 2 6 2 5
0 0 0 1 1 1 7 1 2 0 3 1 6 6 1 4 2 1 1 290817 0 15 17 15 12.5 2 4 2 5
0 0 0 1 1 1 6 1 2 0 3 1 6 -1 -1 -1 -1 -1 -1 291483 0 15 17 16 13.2167 2 4 2 5
0 0 0 1 1 6 1 1 2 0 3 1 5 -1 -1 -1 -1 -1 -1 292250 0 15 17 16 16.25 2 4 2 5
0 0 0 1 1 6 1 1 2 0 3 1 5 -1 -1 -1 -1 -1 -1 292883 0 15 17 16 16.25 2 4 2 5
0 0 0 1 1 6 3 1 2 0 3 1 5 6 0 4 1 0 0 293483 0 15 17 16 16.25 2 5 2 5
0 0 0 1 1 6 1 1 2 0 3 1 5 -1 -1 -1 -1 -1 -1 294149 0 15 17 16 13.4333 2 5 2 5
0 0 0 1 1 6 1 1 2 0 3 1 5 -1 -1 -1 -1 -1 -1 294916 0 15 17 16 13 2 5 2 5
0 0 0 1 1 1 1 6 2 0 3 1 7 -1 -1 -1 -1 -1 -1 295682 0 15 17 16 16.25 2 5 2 5
0 0 0 1 1 1 1 7 2 0 3 1 7 7 1 4 2 1 1 296282 0 15 17 16 16.25 2 8 0 5
0 0 0 1 1 1 1 6 2 0 3 1 7 -1 -1 -1 -1 -1 -1 296915 0 15 17 16 16.25 2 8 0 5
0 0 0 1 1 6 1 1 2 0 3 1 5 -1 -1 -1 -1 -1 -1 297548 0 15 17 16 13.8667 2 8 0 5
0 0 0 1 1 6 1 1 2 0 3 1 5 -1 -1 -1 -1 -1 -1 298248 0 15 17 16 16.25 2 8 0 5
0 0 0 1 1 6 3 1 2 0 3 1 5 6 3 4 3 0 0 298848 0 15 17 16 16.25 2 5 2 5
0 0 0 1 1 6 1 1 2 0 3 1 5 -1 -1 -1 -1 -1 -1 299481 0 15 17 16 16.25 2 5 2 5
0 0 0 1 1 6 1 1 2 0 3 1 5 -1 -1 -1 -1 -1 -1 300181 0 15 17 16 13 2 5 2 5
0 0 0 1 1 6 1 1 2 0 3 1 5 -1 -1 -1 -1 -1 -1 300814 0 15 17 16 16.25 2 5 2 5
0 0 0 1 3 6 1 1 2 0 3 1 5 4 2 4 0 0 0 301414 0 15 17 16 16.25 2 6 2 5
0 0 0 1 1 6 1 1 2 0 3 1 5 -1 -1 -1 -1 -1 -1 302047 0 15 17 16 14.7333 2 6 2 5
0 0 0 1 1 1 6 1 2 0 3 1 6 -1 -1 -1 -1 -1 -1 302747 0 15 17 16 16.25 2 6 2 5
0 0 0 1 1 1 6 1 2 0 3 1 6 -1 -1 -1 -1 -1 -1 303380 0 15 17 16 16.25 2 6 2 5
0 0 0 1 1 1 7 1 2 0 3 1 6 6 1 4 2 1 1 303980 0 15 17 16 16.25 2 4 2 5
0 0 0 1 1 1 6 1 2 0 3 1 6 -1 -1 -1 -1 -1 -1 304547 0 15 17 17 16 2 4 2 5
0 0 0 1 1 1 1 6 2 0 3 1 7 -1 -1 -1 -1 -1 -1 305180 0 15 17 17 16 2 4 2 5
0 0 0 1 1 1 1 6 2 0 3 1 7 -1 -1 -1 -1 -1 -1 305746 0 15 17 17 20 2 4 2 5
0 0 0 1 1 1 1 7 2 0 3 1 7 7 3 4 3 1 1 306246 0 15 17 17 20 2 5 2 5
0 0 0 1 1 1 1 6 2 0 3 1 7 -1 -1 -1 -1 -1 -1 306746 0 15 17 17 20 2 5 2 5
0 0 0 1 1 1 6 1 2 0 3 1 6 -1 -1 -1 -1 -1 -1 307246 0 15 17 17 18.6667 2 5 2 5
0 0 0 1 1 1 6 1 2 0 3 1 6 -1 -1 -1 -1 -1 -1 307813 0 15 17 17 20 2 5 2 5
0 0 0 1 1 3 6 1 2 0 3 1 6 5 1 4 2 0 0 308312 0 15 17 17 20 2 6 2 5
0 0 0 1 1 1 6 1 2 0 3 1 6 -1 -1 -1 -1 -1 -1 308812 0 15 17 17 20 2 6 2 5
0 0 0 1 1 6 1 1 2 0 3 1 5 -1 -1 -1 -1 -1 -1 309312 0 15 17 17 18.4 2 6 2 5
0 0 0 1 1 6 1 1 2 0 3 1 5 -1 -1 -1 -1 -1 -1 309812 0 15 17 17 20 2 6 2 5
0 0 0 1 1 6 3 1 2 0 3 1 5 6 0 4 1 0 0 310312 0 15 17 17 20 2 4 2 5
0 0 0 1 1 6 1 1 2 0 3 1 5 -1 -1 -1 -1 -1 -1 310812 0 15 17 17 20 2 4 2 5
0 0 0 1 1 1 6 1 2 0 3 1 6 -1 -1 -1 -1 -1 -1 311345 0 15 17 17 16 2 4 2 5
0 0 0 1 1 1 6 1 2 0 3 1 6 -1 -1 -1 -1 -1 -1 311912 0 15 17 17 20 2 4 2 5
0 0 0 1 1 3 6 1 2 0 3 1 6 5 0 4 1 0 0 312411 0 15 17 17 20 2 5 2 5
0 0 0 1 1 1 6 1 2 0 3 1 6 -1 -1 -1 -1 -1 -1 312911 0 15 17 17 20 2 5 2 5
0 0 0 1 1 6 1 1 2 0 3 1 5 -1 -1 -1 -1 -1 -1 313411 0 15 17 17 17.6 2 5 2 5
0 0 0 1 1 6 1 1 2 0 3 1 5 -1 -1 -1 -1 -1 -1 313944 0 15 17 17 20 2 5 2 5
0 0 0 1 1 6 3 1 2 0 3 1 5 6 2 4 0 0 0 314444 0 15 17 17 20 2 8 0 5
0 0 0 1 1 6 1 1 2 0 3 1 5 -1 -1 -1 -1 -1 -1 314944 0 15 17 17 20 2 8 0 5
0 0 0 1 1 1 6 1 2 0 3 1 6 -1 -1 -1 -1 -1 -1 315444 0 15 17 17 20 2 8 0 5
0 0 0 1 1 1 6 1 2 0 3 1 6 -1 -1 -1 -1 -1 -1 315944 0 15 17 17 20 2 8 0 5
0 0 0 1 1 1 7 1 2 0 3 1 6 6 0 4 1 1 1 316444 0 15 17 17 20 2 5 2 5
0 0 0 0 1 6 1 0 3 1 3 0 5 -1 -1 -1 -1 -1 -1 325242 0 15 17 17 60 2 8 0 3
0 0 0 0 1 6 1 0 3 1 3 0 5 -1 -1 -1 -1 -1 -1 325408 0 15 17 17 60 2 8 0 3
0 0 0 0 1 6 1 0 3 1 3 0 5 -1 -1 -1 -1 -1 -1 325575 0 15 17 17 60 2 6 2 3
0 0 0 0 1 6 1 0 3 1 3 0 5 -1 -1 -1 -1 -1 -1 325742 0 15 17 17 51.2 2 6 2 3
0 0 0 0 1 6 1 0 3 1 3 0 5 -1 -1 -1 -1 -1 -1 326008 0 15 17 17 27.7333 2 6 2 3
0 0 0 0 1 6 1 0 3 1 3 0 5 -1 -1 -1 -1 -1 -1 326575 0 15 17 17 16 2 6 2 3
0 0 0 0 1 6 1 0 3 1 3 0 5 -1 -1 -1 -1 -1 -1 327208 0 15 17 17 16 2 5 2 3
0 0 0 0 1 6 1 0 3 1 3 0 5 -1 -1 -1 -1 -1 -1 327841 0 15 17 17 16 2 5 2 3
0 0 0 0 6 1 1 0 3 1 3 0 4 -1 -1 -1 -1 -1 -1 328441 0 15 17 17 16 2 5 2 3
0 0 0 0 6 1 1 0 3 1 3 0 4 -1 -1 -1 -1 -1 -1 329007 0 15 17 17 20 2 5 2 3
0 0 0 0 6 3 1 0 3 1 3 0 4 5 4 7 2 0 0 329507 0 15 17 17 20 2 6 2 3
0 0 0 0 6 1 1 0 3 1 3 0 4 -1 -1 -1 -1 -1 -1 330007 0 15 17 17 20 2 6 2 3
0 0 0 0 6 1 1 0 3 1 3 0 4 -1 -1 -1 -1 -1 -1 330507 0 15 17 17 17.8667 2 6 2 3
0 0 0 0 6 1 1 0 3 1 3 0 4 -1 -1 -1 -1 -1 -1 331140 0 15 17 17 16 2 6 2 3
0 0 0 0 6 1 3 0 3 1 3 0 4 6 4 8 3 0 0 331773 0 15 17 17 16 2 4 2 3
0 0 0 0 6 1 1 0 3 1 3 0 4 -1 -1 -1 -1 -1 -1 332373 0 15 17 17 16 2 4 2 3
0 0 0 0 1 6 1 0 3 1 3 0 5 -1 -1 -1 -1 -1 -1 333006 0 15 17 17 16 2 4 2 3
0 0 0 0 1 6 1 0 3 1 3 0 5 -1 -1 -1 -1 -1 -1 333640 0 15 17 17 16 2 4 2 3
0 0 0 0 3 6 1 0 3 1 3 0 5 4 4 5 0 0 0 334273 0 15 17 17 16 2 5 2 3
0 0 0 0 1 6 1 0 3 1 3 0 5 -1 -1 -1 -1 -1 -1 334773 0 15 17 17 20 2 5 2 3
0 0 0 0 1 6 1 0 3 1 3 0 5 -1 -1 -1 -1 -1 -1 335273 0 15 17 17 20 2 5 2 3
0 0 0 0 1 6 1 0 3 1 3 0 5 -1 -1 -1 -1 -1 -1 335772 0 15 17 17 20 2 5 2 3
0 0 0 0 3 6 1 0 3 1 3 0 5 4 4 5 0 0 0 336306 0 15 17 17 16.5333 2 4 2 3
0 0 0 0 1 6 1 0 3 1 3 0 5 -1 -1 -1 -1 -1 -1 336872 0 15 17 17 20 2 4 2 3
0 0 0 0 1 6 1 0 3 1 3 0 5 -1 -1 -1 -1 -1 -1 337372 0 15 17 17 20 2 4 2 3
0 0 0 0 1 6 1 0 3 1 3 0 5 -1 -1 -1 -1 -1 -1 337872 0 15 17 17 20 2 4 2 3
0 0 0 0 1 6 3 0 3 1 3 0 5 6 4 6 1 0 0 338372 0 15 17 17 17.6 2 4 2 3
0 0 0 0 1 6 1 0 3 1 3 0 5 -1 -1 -1 -1 -1 -1 339005 0 15 17 17 16 2 4 2 3
0 0 0 0 1 6 1 0 3 1 3 0 5 -1 -1 -1 -1 -1 -1 339638 0 15 17 17 16 2 4 2 3
0 0 0 0 1 6 1 0 3 1 3 0 5 -1 -1 -1 -1 -1 -1 340238 0 15 17 17 20 2 4 2 3
0 0 0 0 1 6 3 0 3 1 3 0 5 6 4 8 3 0 0 340738 0 15 17 17 20 2 8 0 3
0 0 0 0 1 6 1 0 3 1 3 0 5 -1 -1 -1 -1 -1 -1 341238 0 15 17 17 20 2 8 0 3
0 0 0 0 6 1 1 0 3 1 3 0 4 -1 -1 -1 -1 -1 -1 341738 0 15 17 17 19.7333 2 8 0 3
0 0 0 0 6 1 1 0 3 1 3 0 4 -1 -1 -1 -1 -1 -1 342238 0 15 17 17 20 2 8 0 3
0 0 0 0 6 3 1 0 3 1 3 0 4 5 4 6 1 0 0 342737 0 15 17 17 20 2 6 2 3
0 0 0 0 6 1 1 0 3 1 3 0 4 -1 -1 -1 -1 -1 -1 343237 0 15 17 17 20 2 6 2 3
0 0 0 0 6 1 1 0 3 1 3 0 4 -1 -1 -1 -1 -1 -1 343770 0 15 17 17 17.8667 2 6 2 3
0 0 0 0 6 1 1 0 3 1 3 0 4 -1 -1 -1 -1 -1 -1 344337 0 15 17 17 20 2 6 2 3
0 0 0 0 6 3 1 0 3 1 3 0 4 5 4 5 0 0 0 344837 0 15 17 17 20 2 5 2 3
0 0 0 0 6 1 1 0 3 1 3 0 4 -1 -1 -1 -1 -1 -1 345337 0 15 17 17 20 2 5 2 3
0 0 0 0 6 1 1 0 3 1 3 0 4 -1 -1 -1 -1 -1 -1 345837 0 15 17 17 18.4 2 5 2 3
0 0 0 0 1 6 1 0 3 1 3 0 5 -1 -1 -1 -1 -1 -1 346403 0 15 17 17 20 2 5 2 3
0 0 0 0 1 7 1 0 3 1 3 0 5 5 4 8 3 1 1 346903 0 15 17 17 20 2 6 2 3
0 0 0 0 1 6 1 0 3 1 3 0 5 -1 -1 -1 -1 -1 -1 347403 0 15 17 17 20 2 6 2 3
0 0 0 0 1 6 1 0 3 1 3 0 5 -1 -1 -1 -1 -1 -1 347903 0 15 17 17 19.2 2 6 2 3
0 0 0 0 6 1 1 0 3 1 3 0 4 -1 -1 -1 -1 -1 -1 348469 0 15 17 17 20 2 6 2 3
0 0 0 0 7 1 1 0 3 1 3 0 4 4 4 6 1 1 1 348969 0 15 17 17 20 2 4 2 3
0 0 0 0 6 1 1 0 3 1 3 0 4 -1 -1 -1 -1 -1 -1 349469 0 15 17 17 20 2 4 2 3
0 0 0 0 6 1 1 0 3 1 3 0 4 -1 -1 -1 -1 -1 -1 349969 0 15 17 17 20 2 4 2 3
0 0 0 0 6 1 1 0 3 1 3 0 4 -1 -1 -1 -1 -1 -1 350535 0 15 17 17 16 2 4 2 3
0 0 0 0 7 1 1 0 3 1 3 0 4 4 4 5 0 1 1 351102 0 15 17 17 20 2 5 2 3
0 0 0 0 6 1 1 0 3 1 3 0 4 -1 -1 -1 -1 -1 -1 351602 0 15 17 17 20 2 5 2 3
0 0 0 0 6 1 1 0 3 1 3 0 4 -1 -1 -1 -1 -1 -1 352102 0 15 17 17 20 2 5 2 3
0 0 0 0 6 1 1 0 3 1 3 0 4 -1 -1 -1 -1 -1 -1 352602 0 15 17 17 17.8667 2 5 2 3
0 0 0 0 1 7 1 0 3 1 3 0 5 5 4 8 3 1 1 353235 0 15 17 17 20 2 4 2 3
0 0 0 0 1 6 1 0 3 1 3 0 5 -1 -1 -1 -1 -1 -1 353735 0 15 17 17 20 2 4 2 3
0 0 0 0 6 1 1 0 3 1 3 0 4 -1 -1 -1 -1 -1 -1 354235 0 15 17 17 20 2 4 2 3
0 0 0 0 6 1 1 0 3 1 3 0 4 -1 -1 -1 -1 -1 -1 354734 0 15 17 17 20 2 4 2 3
0 0 0 0 6 3 1 0 3 1 3 0 4 5 4 7 2 0 0 355268 0 15 17 17 16 2 4 2 3
0 0 0 0 6 1 1 0 3 1 3 0 4 -1 -1 -1 -1 -1 -1 355901 0 15 17 17 16 2 4 2 3
0 0 0 0 6 1 1 0 3 1 3 0 4 -1 -1 -1 -1 -1 -1 356534 0 15 17 17 16 2 4 2 3
0 0 0 0 6 1 1 0 3 1 3 0 4 -1 -1 -1 -1 -1 -1 357167 0 15 17 17 16 2 4 2 3
0 0 0 0 6 1 3 0 3 1 3 0 4 6 4 8 3 0 0 357734 0 15 17 17 20 2 8 0 3
0 0 0 0 6 1 1 0 3 1 3 0 4 -1 -1 -1 -1 -1 -1 358234 0 15 17 17 20 2 8 0 3
0 0 0 0 6 1 1 0 3 1 3 0 4 -1 -1 -1 -1 -1 -1 358733 0 15 17 17 20 2 8 0 3
0 0 0 0 1 6 1 0 3 1 3 0 5 -1 -1 -1 -1 -1 -1 359233 0 15 17 17 18.6667 2 8 0 3
0 0 0 0 1 7 1 0 3 1 3 0 5 5 4 8 3 1 1 359833 0 15 17 17 16 2 6 2 3
0 0 0 0 1 6 1 0 3 1 3 0 5 -1 -1 -1 -1 -1 -1 360466 0 15 17 17 16 2 6 2 3
0 0 0 0 6 1 1 0 3 1 3 0 4 -1 -1 -1 -1 -1 -1 361100 0 15 17 17 16 2 6 2 3
0 0 0 0 6 1 1 0 3 1 3 0 4 -1 -1 -1 -1 -1 -1 361699 0 15 17 17 16 2 6 2 3
0 0 0 0 6 3 1 0 3 1 3 0 4 5 4 5 0 0 0 362299 0 15 17 17 20 2 5 2 3
0 0 0 0 6 1 1 0 3 1 3 0 4 -1 -1 -1 -1 -1 -1 362799 0 15 17 17 20 2 5 2 3
0 0 0 0 1 6 1 0 3 1 3 0 5 -1 -1 -1 -1 -1 -1 363299 0 15 17 17 20 2 5 2 3
0 0 0 0 1 6 1 0 3 1 3 0 5 -1 -1 -1 -1 -1 -1 363799 0 15 17 17 18.9333 2 5 2 3
0 0 0 0 7 1 1 0 3 1 3 0 4 4 4 8 3 1 1 364399 0 15 17 17 16 2 6 2 3
0 0 0 0 6 1 1 0 3 1 3 0 4 -1 -1 -1 -1 -1 -1 365032 0 15 17 17 16 2 6 2 3
0 0 0 0 6 1 1 0 3 1 3 0 4 -1 -1 -1 -1 -1 -1 365632 0 15 17 17 16 2 6 2 3
0 0 0 0 6 1 1 0 3 1 3 0 4 -1 -1 -1 -1 -1 -1 366265 0 15 17 17 16 2 6 2 3
0 0 0 0 6 3 1 0 3 1 3 0 4 5 4 5 0 0 0 366798 0 15 17 17 20 2 4 2 3
0 0 0 0 6 1 1 0 3 1 3 0 4 -1 -1 -1 -1 -1 -1 367298 0 15 17 17 20 2 4 2 3
0 0 0 0 6 1 1 0 3 1 3 0 4 -1 -1 -1 -1 -1 -1 367798 0 15 17 17 20 2 4 2 3
0 0 0 0 6 1 1 0 3 1 3 0 4 -1 -1 -1 -1 -1 -1 368298 0 15 17 17 20 2 4 2 3
0 0 0 0 7 1 1 0 3 1 3 0 4 4 4 5 0 1 1 368798 0 15 17 17 20 2 5 2 3
0 0 0 0 6 1 1 0 3 1 3 0 4 -1 -1 -1 -1 -1 -1 369298 0 15 17 17 20 2 5 2 3
0 0 0 0 6 1 1 0 3 1 3 0 4 -1 -1 -1 -1 -1 -1 369797 0 15 17 17 18.9333 2 5 2 3
0 0 0 0 6 1 1 0 3 1 3 0 4 -1 -1 -1 -1 -1 -1 370397 0 15 17 17 16 2 5 2 3
0 0 0 0 6 3 1 0 3 1 3 0 4 5 4 6 1 0 0 371030 0 15 17 17 16 2 4 2 3
0 0 0 0 6 1 1 0 3 1 3 0 4 -1 -1 -1 -1 -1 -1 371664 0 15 17 17 16 2 4 2 3
0 0 0 0 1 6 1 0 3 1 3 0 5 -1 -1 -1 -1 -1 -1 372264 0 15 17 17 20 2 4 2 3
0 0 0 0 1 6 1 0 3 1 3 0 5 -1 -1 -1 -1 -1 -1 372763 0 15 17 17 20 2 4 2 3
0 0 0 0 3 6 1 0 3 1 3 0 5 4 4 6 1 0 0 373263 0 15 17 17 20 2 4 2 3
0 0 0 0 1 6 1 0 3 1 3 0 5 -1 -1 -1 -1 -1 -1 373763 0 15 17 17 20 2 4 2 3
0 0 0 0 6 1 1 0 3 1 3 0 4 -1 -1 -1 -1 -1 -1 374330 0 15 17 17 16 2 4 2 3
0 0 0 0 6 1 1 0 3 1 3 0 4 -1 -1 -1 -1 -1 -1 374896 0 15 17 17 20 2 4 2 3
0 0 0 0 6 3 1 0 3 1 3 0 4 5 4 8 3 0 0 375363 0 15 17 17 20 2 8 0 3
0 0 0 0 6 1 1 0 3 1 3 0 4 -1 -1 -1 -1 -1 -1 375863 0 15 17 17 20 2 8 0 3
0 0 0 0 1 6 1 0 3 1 3 0 5 -1 -1 -1 -1 -1 -1 376396 0 15 17 17 17.6 2 8 0 3
0 0 0 0 1 1 6 0 3 1 3 0 6 -1 -1 -1 -1 -1 -1 376962 0 15 17 17 20 2 8 0 3
0 0 0 0 1 1 7 0 3 1 3 0 6 6 4 6 1 1 1 377462 0 15 17 17 20 2 6 2 3
0 0 0 1 1 6 1 1 4 2 3 2 5 -1 -1 -1 -1 -1 -1 393892 0 15 17 17 60 2 8 0 5
0 0 0 1 1 6 1 1 4 2 3 2 5 -1 -1 -1 -1 -1 -1 394058 0 15 17 17 60 2 8 0 5
0 0 0 1 1 6 1 1 4 2 3 2 5 -1 -1 -1 -1 -1 -1 394225 0 15 17 17 60 2 5 2 5
0 0 0 1 1 6 1 1 4 2 3 2 5 -1 -1 -1 -1 -1 -1 394391 0 15 17 17 51.2 2 5 2 5
0 0 0 1 1 6 1 1 4 2 3 2 5 -1 -1 -1 -1 -1 -1 394658 0 15 17 17 27.7333 2 5 2 5
0 0 0 1 1 6 1 1 4 2 3 2 5 -1 -1 -1 -1 -1 -1 395225 0 15 17 17 16 2 5 2 5
0 0 0 1 1 6 1 1 4 2 3 2 5 -1 -1 -1 -1 -1 -1 395858 0 15 17 17 16 2 5 2 5
0 0 0 1 1 6 1 1 4 2 3 2 5 -1 -1 -1 -1 -1 -1 396491 0 15 17 17 16 2 5 2 5
0 0 0 1 1 6 1 1 4 2 3 2 5 -1 -1 -1 -1 -1 -1 397091 0 15 17 17 16 2 5 2 5
0 0 0 1 6 1 1 1 4 2 3 2 4 -1 -1 -1 -1 -1 -1 397724 0 15 17 17 16 2 5 2 5
0 0 0 1 6 3 1 1 4 2 3 2 4 5 5 4 3 0 0 398357 0 15 17 17 16 2 4 2 5
0 0 0 1 6 1 1 1 4 2 3 2 4 -1 -1 -1 -1 -1 -1 398990 0 15 17 17 16 2 4 2 5
0 0 0 1 6 1 1 4 4 2 3 2 4 -1 -1 -1 -1 -1 -1 399590 1 15 17 17 16 2 4 2 5
0 0 0 1 1 6 1 1 4 2 3 2 5 -1 -1 -1 -1 -1 -1 400223 0 15 17 17 16 2 4 2 5
0 0 0 1 1 6 3 1 4 2 3 2 5 6 5 4 0 0 0 400857 0 15 17 17 16 2 6 2 5
0 0 0 1 1 6 1 1 4 2 3 2 5 -1 -1 -1 -1 -1 -1 401490 0 15 17 17 16 2 6 2 5
0 0 0 1 4 1 6 1 4 2 3 2 6 -1 -1 -1 -1 -1 -1 402090 1 15 17 17 16 2 6 2 5
0 0 0 1 1 1 6 1 4 2 3 2 6 -1 -1 -1 -1 -1 -1 402723 0 15 17 17 16 2 6 2 5
0 0 0 1 1 3 6 1 4 2 3 2 6 5 5 4 1 0 0 403356 0 15 17 17 16 2 4 2 5
0 0 0 1 1 1 6 1 4 2 3 2 6 -1 -1 -1 -1 -1 -1 403989 0 15 17 17 16 2 4 2 5
0 0 0 1 1 4 6 1 4 2 3 2 6 -1 -1 -1 -1 -1 -1 404589 1 15 17 17 16 2 4 2 5
0 0 0 1 6 1 1 1 4 2 3 2 4 -1 -1 -1 -1 -1 -1 405222 0 15 17 17 16 2 4 2 5
0 0 0 1 7 1 1 1 4 2 3 2 4 4 5 4 3 1 1 405755 0 15 17 17 20 2 6 2 5
0 0 0 1 6 1 1 1 4 2 3 2 4 -1 -1 -1 -1 -1 -1 406255 0 15 17 17 20 2 6 2 5
0 0 0 1 6 1 4 1 4 2 3 2 4 -1 -1 -1 -1 -1 -1 406755 1 15 17 17 20 2 6 2 5
0 0 0 1 6 1 1 1 4 2 3 2 4 -1 -1 -1 -1 -1 -1 407288 0 15 17 17 17.0667 2 6 2 5
0 0 0 3 6 1 1 1 4 2 3 2 4 3 5 4 1 0 0 407888 0 15 17 17 20 2 5 2 5
0 0 0 1 6 1 1 1 4 2 3 2 4 -1 -1 -1 -1 -1 -1 408388 0 15 17 17 20 2 5 2 5
0 0 0 1 6 4 1 1 4 2 3 2 4 -1 -1 -1 -1 -1 -1 408888 1 15 17 17 20 2 5 2 5
0 0 0 1 6 1 1 1 4 2 3 2 4 -1 -1 -1 -1 -1 -1 409388 0 15 17 17 20 2 5 2 5
0 0 0 1 6 3 1 1 4 2 3 2 4 5 5 4 2 0 0 409921 0 15 17 17 20 2 8 0 5
0 0 0 1 6 1 1 1 4 2 3 2 4 -1 -1 -1 -1 -1 -1 410421 0 15 17 17 20 2 8 0 5
0 0 0 1 6 4 1 1 4 2 3 2 4 -1 -1 -1 -1 -1 -1 410921 1 15 17 17 20 2 8 0 5
0 0 0 1 6 1 1 1 4 2 3 2 4 -1 -1 -1 -1 -1 -1 411421 0 15 17 17 18.1333 2 8 0 5
0 0 0 6 3 1 1 1 4 2 3 2 3 4 5 4 0 0 0 412020 0 15 17 17 16 2 5 2 5
0 0 0 6 1 1 1 1 4 2 3 2 3 -1 -1 -1 -1 -1 -1 412554 0 15 17 17 20 2 5 2 5
0 0 0 6 4 1 1 1 4 2 3 2 3 -1 -1 -1 -1 -1 -1 413054 1 15 17 17 20 2 5 2 5
0 0 0 6 1 1 1 1 4 2 3 2 3 -1 -1 -1 -1 -1 -1 413553 0 15 17 17 20 2 5 2 5
0 0 0 1 6 1 3 1 4 2 3 2 4 6 5 4 3 0 0 414087 0 15 17 17 16.2667 2 5 2 5
0 0 0 1 1 6 1 1 4 2 3 2 5 -1 -1 -1 -1 -1 -1 414720 0 15 17 17 16 2 5 2 5
0 0 0 1 1 6 1 4 4 2 3 2 5 -1 -1 -1 -1 -1 -1 415286 1 15 17 17 20 2 5 2 5
0 0 0 1 1 6 1 1 4 2 3 2 5 -1 -1 -1 -1 -1 -1 415786 0 15 17 17 20 2 5 2 5
0 0 0 1 1 7 1 1 4 2 3 2 5 5 5 4 2 1 1 416286 0 15 17 17 20 2 4 2 5
0 0 0 1 1 1 6 1 4 2 3 2 6 -1 -1 -1 -1 -1 -1 416786 0 15 17 17 18.6667 2 4 2 5
0 0 0 1 1 4 6 1 4 2 3 2 6 -1 -1 -1 -1 -1 -1 417386 1 15 17 17 16 2 4 2 5
0 0 0 1 1 1 6 1 4 2 3 2 6 -1 -1 -1 -1 -1 -1 417986 0 15 17 17 20 2 4 2 5
0 0 0 1 1 1 8 2 4 2 3 2 6 7 5 4 0 1 0 418486 0 15 17 17 20 2 6 2 5
0 0 0 1 1 1 6 1 4 2 3 2 6 -1 -1 -1 -1 -1 -1 419085 0 15 17 16 16.25 2 6 2 5
0 0 0 4 1 1 6 1 4 2 3 2 6 -1 -1 -1 -1 -1 -1 419719 1 15 17 16 14.3 2 6 2 5
0 0 0 1 1 6 1 1 4 2 3 2 5 -1 -1 -1 -1 -1 -1 420418 0 15 17 16 16.25 2 6 2 5
0 0 0 1 1 6 3 1 4 2 3 2 5 6 5 4 1 0 0 421018 0 15 17 16 16.25 2 4 2 5
0 0 0 1 1 6 1 1 4 2 3 2 5 -1 -1 -1 -1 -1 -1 421651 0 15 17 16 16.0333 2 4 2 5
0 0 0 4 1 6 1 1 4 2 3 2 5 -1 -1 -1 -1 -1 -1 422351 1 15 17 16 13 2 4 2 5
0 0 0 1 1 6 1 1 4 2 3 2 5 -1 -1 -1 -1 -1 -1 423051 0 15 17 16 16.25 2 4 2 5
0 0 0 1 1 8 1 1 4 2 3 2 5 5 5 4 3 0 1 423651 0 15 17 16 16.25 2 6 2 5
0 0 0 1 1 6 1 1 4 2 3 2 5 -1 -1 -1 -1 -1 -1 424451 0 15 17 15 11.5 2 6 2 5
0 0 0 1 1 1 6 4 4 2 3 2 6 -1 -1 -1 -1 -1 -1 425417 1 15 17 15 12.5 2 6 2 5
0 0 0 1 1 1 1 6 4 2 3 2 7 -1 -1 -1 -1 -1 -1 426217 0 15 17 15 12.5 2 6 2 5
0 0 0 1 1 6 1 3 4 2 3 2 5 7 5 4 1 0 0 427017 0 15 17 15 11.8333 2 5 2 5
0 0 0 1 1 6 1 1 4 2 3 2 5 -1 -1 -1 -1 -1 -1 427850 0 15 17 15 12.5 2 5 2 5
0 0 0 1 1 6 4 1 4 2 3 2 5 -1 -1 -1 -1 -1 -1 428650 1 15 17 15 12.5 2 5 2 5
0 0 0 1 6 1 1 1 4 2 3 2 4 -1 -1 -1 -1 -1 -1 429450 0 15 17 15 12.5 2 5 2 5
0 0 0 1 6 3 1 1 4 2 3 2 4 5 5 4 2 0 0 430249 0 15 17 15 12.5 2 8 0 5
0 0 0 1 6 1 1 1 4 2 3 2 4 -1 -1 -1 -1 -1 -1 431116 0 15 17 15 10 2 8 0 5
0 0 0 1 6 1 4 1 4 2 3 2 4 -1 -1 -1 -1 -1 -1 432116 1 15 17 15 10 2 8 0 5
0 0 0 1 1 1 6 1 4 2 3 2 6 -1 -1 -1 -1 -1 -1 433115 0 15 17 15 10 2 8 0 5
0 0 0 1 1 1 1 8 4 2 3 2 7 7 5 4 1 0 1 434015 0 15 17 15 12.5 2 5 2 5
0 0 0 1 1 1 1 6 4 2 3 2 7 -1 -1 -1 -1 -1 -1 434815 0 15 17 15 12.5 2 5 2 5
0 0 0 1 1 1 4 6 4 2 3 2 7 -1 -1 -1 -1 -1 -1 435681 1 15 17 15 10 2 5 2 5
0 0 0 1 1 6 1 1 4 2 3 2 5 -1 -1 -1 -1 -1 -1 436681 0 15 17 15 10 2 5 2 5
0 0 0 1 1 6 1 3 4 2 3 2 5 7 5 4 0 0 0 437648 0 15 17 15 12.5 2 5 2 5
0 0 0 1 1 6 1 1 4 2 3 2 5 -1 -1 -1 -1 -1 -1 438447 0 15 17 15 12.5 2 5 2 5
0 0 0 1 6 1 1 4 4 2 3 2 4 -1 -1 -1 -1 -1 -1 439247 1 15 17 15 11.8333 2 5 2 5
0 0 0 1 1 6 1 1 4 2 3 2 5 -1 -1 -1 -1 -1 -1 440180 0 15 17 15 12.5 2 5 2 5
0 0 0 1 1 7 1 1 4 2 3 2 5 5 5 4 2 1 1 440980 0 15 17 15 12.5 2 4 2 5
0 0 0 1 1 6 1 1 4 2 3 2 5 -1 -1 -1 -1 -1 -1 441780 0 15 17 15 10.6667 2 4 2 5
0 0 0 1 4 6 1 1 4 2 3 2 5 -1 -1 -1 -1 -1 -1 442780 1 15 17 15 10 2 4 2 5
0 0 0 1 1 6 1 1 4 2 3 2 5 -1 -1 -1 -1 -1 -1 443779 0 15 17 15 10 2 4 2 5
0 0 0 1 1 8 1 1 4 2 3 2 5 5 5 4 0 0 1 444613 0 15 17 15 12.5 2 6 2 5
0 0 0 1 1 6 1 1 4 2 3 2 5 -1 -1 -1 -1 -1 -1 445412 0 15 17 15 12.3333 2 6 2 5
0 0 0 1 1 1 6 4 4 2 3 2 6 -1 -1 -1 -1 -1 -1 446345 1 15 17 15 10 2 6 2 5
0 0 0 1 1 1 1 6 4 2 3 2 7 -1 -1 -1 -1 -1 -1 447345 0 15 17 15 10 2 6 2 5
0 0 0 1 1 1 1 7 4 2 3 2 7 7 5 4 0 1 1 448178 0 15 17 15 12.5 2 4 2 5
0 0 0 1 1 1 1 6 4 2 3 2 7 -1 -1 -1 -1 -1 -1 448978 0 15 17 15 12.5 2 4 2 5
0 0 0 1 4 1 6 1 4 2 3 2 6 -1 -1 -1 -1 -1 -1 449911 1 15 17 15 10 2 4 2 5
0 0 0 1 1 6 1 1 4 2 3 2 5 -1 -1 -1 -1 -1 -1 450778 0 15 17 15 12.5 2 4 2 5
0 0 0 1 1 8 1 1 4 2 3 2 5 5 5 4 1 0 1 451577 0 15 17 15 12.5 2 6 2 5
0 0 0 1 1 6 1 1 4 2 3 2 5 -1 -1 -1 -1 -1 -1 452444 0 15 17 15 10 2 6 2 5
0 0 0 1 1 1 6 4 4 2 3 2 6 -1 -1 -1 -1 -1 -1 453410 1 15 17 15 12.5 2 6 2 5
0 0 0 1 1 1 6 1 4 2 3 2 6 -1 -1 -1 -1 -1 -1 454210 0 15 17 15 12.5 2 6 2 5
0 0 0 1 1 1 8 1 4 2 3 2 6 6 5 4 2 0 1 455043 0 15 17 15 11.1667 2 5 2 5
0 0 0 1 1 6 1 1 4 2 3 2 5 -1 -1 -1 -1 -1 -1 456010 0 15 17 15 10 2 5 2 5
0 0 0 1 1 1 6 4 4 2 3 2 6 -1 -1 -1 -1 -1 -1 457009 1 15 17 15 10 2 5 2 5
0 0 0 1 1 6 1 1 4 2 3 2 5 -1 -1 -1 -1 -1 -1 457943 0 15 17 15 12.5 2 5 2 5
0 0 0 1 1 6 1 3 4 2 3 2 5 7 5 4 3 0 0 458742 0 15 17 15 12.5 2 8 0 5
0 0 0 1 1 6 1 1 4 2 3 2 5 -1 -1 -1 -1 -1 -1 459576 0 15 17 15 10.1667 2 8 0 5
0 0 0 1 1 6 1 4 4 2 3 2 5 -1 -1 -1 -1 -1 -1 460575 1 15 17 15 10 2 8 0 5
0 0 0 1 1 6 1 1 4 2 3 2 5 -1 -1 -1 -1 -1 -1 461575 0 15 17 15 10 2 8 0 5
0 0 0 1 1 1 7 1 4 2 3 2 6 6 5 4 1 1 1 462475 0 15 17 15 12.5 2 5 2 5
0 0 0 1 1 1 6 1 4 2 3 2 6 -1 -1 -1 -1 -1 -1 463275 0 15 17 15 12.5 2 5 2 5
0 0 0 1 4 1 6 1 4 2 3 2 6 -1 -1 -1 -1 -1 -1 464141 1 15 17 15 10 2 5 2 5
0 0 0 1 1 1 6 1 4 2 3 2 6 -1 -1 -1 -1 -1 -1 465141 0 15 17 15 10 2 5 2 5
0 0 0 1 1 2 8 1 4 2 3 2 6 5 5 4 2 1 0 466141 0 15 17 15 10 2 5 2 5
0 0 0 1 1 1 6 1 4 2 3 2 6 -1 -1 -1 -1 -1 -1 467140 0 15 17 15 10 2 5 2 5
0 0 0 1 4 1 6 1 4 2 3 2 6 -1 -1 -1 -1 -1 -1 468140 1 15 17 15 10 2 5 2 5
0 0 0 1 1 6 1 1 4 2 3 2 5 -1 -1 -1 -1 -1 -1 469140 0 15 17 15 10 2 5 2 5
0 0 0 1 1 6 3 1 4 2 3 2 5 6 5 4 1 0 0 469973 0 15 17 15 12.5 2 4 2 5
0 0 0 1 1 6 1 1 4 2 3 2 5 -1 -1 -1 -1 -1 -1 470773 0 15 17 15 12.5 2 4 2 5
0 0 0 1 1 6 1 4 4 2 3 2 5 -1 -1 -1 -1 -1 -1 471673 1 15 17 15 12.5 2 4 2 5
0 0 0 1 1 6 1 1 4 2 3 2 5 -1 -1 -1 -1 -1 -1 472472 0 15 17 15 12.5 2 4 2 5
0 0 0 1 3 6 1 1 4 2 3 2 5 4 5 4 3 0 0 473272 0 15 17 15 11.5 2 6 2 5
0 0 0 1 1 6 1 1 4 2 3 2 5 -1 -1 -1 -1 -1 -1 474239 0 15 17 15 10 2 6 2 5
0 0 0 1 4 6 1 1 4 2 3 2 5 -1 -1 -1 -1 -1 -1 475238 1 15 17 15 10 2 6 2 5
0 0 0 1 1 6 1 1 4 2 3 2 5 -1 -1 -1 -1 -1 -1 476038 0 15 17 15 12.5 2 6 2 5
0 0 0 1 3 6 1 1 4 2 3 2 5 4 5 4 0 0 0 476838 0 15 17 15 12.1667 2 4 2 5
0 0 0 1 1 6 1 1 4 2 3 2 5 -1 -1 -1 -1 -1 -1 477804 0 15 17 15 10 2 4 2 5
0 0 0 6 1 1 4 1 4 2 3 2 3 -1 -1 -1 -1 -1 -1 478804 1 15 17 15 10 2 4 2 5
0 0 0 6 1 1 1 1 4 2 3 2 3 -1 -1 -1 -1 -1 -1 479671 0 15 17 15 12.5 2 4 2 5
0 0 0 7 1 1 1 1 4 2 3 2 3 3 5 4 1 1 1 480470 0 15 17 15 12.5 2 6 2 5
0 0 0 6 1 1 1 1 4 2 3 2 3 -1 -1 -1 -1 -1 -1 481370 0 15 17 15 10 2 6 2 5
0 0 0 1 6 4 1 1 4 2 3 2 4 -1 -1 -1 -1 -1 -1 482337 1 15 17 15 12.5 2 6 2 5
0 0 0 1 1 6 1 1 4 2 3 2 5 -1 -1 -1 -1 -1 -1 483136 0 15 17 15 12.5 2 6 2 5
0 0 0 3 1 6 1 1 4 2 3 2 5 3 5 4 2 0 0 483936 0 15 17 15 11.3333 2 5 2 5
0 0 0 1 1 6 1 1 4 2 3 2 5 -1 -1 -1 -1 -1 -1 484903 0 15 17 15 10 2 5 2 5
0 0 0 1 4 6 1 1 4 2 3 2 5 -1 -1 -1 -1 -1 -1 485902 1 15 17 15 10 2 5 2 5
0 0 0 1 1 6 1 1 4 2 3 2 5 -1 -1 -1 -1 -1 -1 486769 0 15 17 15 12.5 2 5 2 5
0 0 0 1 3 6 1 1 4 2 3 2 5 4 5 4 2 0 0 487569 0 15 17 15 12.5 2 8 0 5
0 0 0 1 1 6 1 1 4 2 3 2 5 -1 -1 -1 -1 -1 -1 488468 0 15 17 15 10 2 8 0 5
0 0 0 6 1 1 1 4 4 2 3 2 3 -1 -1 -1 -1 -1 -1 489468 1 15 17 15 10 2 8 0 5
0 0 0 6 1 1 1 1 4 2 3 2 3 -1 -1 -1 -1 -1 -1 490301 0 15 17 15 12.5 2 8 0 5
0 0 0 7 1 1 1 1 4 2 3 2 3 3 5 4 1 1 1 491101 0 15 17 15 12.3333 2 5 2 5
0 0 0 6 1 1 1 1 4 2 3 2 3 -1 -1 -1 -1 -1 -1 491834 0 15 17 16 13 2 5 2 5
0 0 0 1 6 1 1 4 4 2 3 2 4 -1 -1 -1 -1 -1 -1 492601 1 15 17 16 16.25 2 5 2 5
0 0 0 1 6 1 1 1 4 2 3 2 4 -1 -1 -1 -1 -1 -1 493201 0 15 17 16 16.25 2 5 2 5
0 0 0 3 6 1 1 1 4 2 3 2 4 3 5 4 3 0 0 493834 0 15 17 16 16.25 2 5 2 5
0 0 0 1 6 1 1 1 4 2 3 2 4 -1 -1 -1 -1 -1 -1 494467 0 15 17 16 13.65 2 5 2 5
0 0 0 4 1 6 1 1 4 2 3 2 5 -1 -1 -1 -1 -1 -1 495233 1 15 17 16 13 2 5 2 5
0 0 0 1 1 6 1 1 4 2 3 2 5 -1 -1 -1 -1 -1 -1 495933 0 15 17 16 16.25 2 5 2 5
0 0 0 1 3 6 1 1 4 2 3 2 5 4 5 4 1 0 0 496533 0 15 17 16 16.25 2 4 2 5
0 0 0 1 1 6 1 1 4 2 3 2 5 -1 -1 -1 -1 -1 -1 497166 0 15 17 16 15.8167 2 4 2 5
0 0 0 1 1 6 4 1 4 2 3 2 5 -1 -1 -1 -1 -1 -1 497866 1 15 17 16 13 2 4 2 5
0 0 0 1 6 1 1 1 4 2 3 2 4 -1 -1 -1 -1 -1 -1 498633 0 15 17 16 13 2 4 2 5
0 0 0 3 6 1 1 1 4 2 3 2 4 3 5 4 0 0 0 499266 0 15 17 16 16.25 2 6 2 5
0 0 0 1 6 1 1 1 4 2 3 2 4 -1 -1 -1 -1 -1 -1 499899 0 15 17 16 16.25 2 6 2 5
0 0 0 1 6 4 1 1 4 2 3 2 4 -1 -1 -1 -1 -1 -1 500532 1 15 17 16 14.3 2 6 2 5
0 0 0 1 1 6 1 1 4 2 3 2 5 -1 -1 -1 -1 -1 -1 501265 0 15 17 16 13 2 6 2 5
0 0 0 1 2 8 1 1 4 2 3 2 5 4 5 4 3 1 0 502065 0 15 17 16 13 2 4 2 5
0 0 0 1 6 1 1 1 4 2 3 2 4 -1 -1 -1 -1 -1 -1 502998 0 15 17 15 10 2 4 2 5
0 0 0 6 1 1 1 4 4 2 3 2 3 -1 -1 -1 -1 -1 -1 503998 1 15 17 15 10 2 4 2 5
0 0 0 6 1 1 1 1 4 2 3 2 3 -1 -1 -1 -1 -1 -1 504864 0 15 17 15 12.5 2 4 2 5
0 0 0 7 1 1 1 1 4 2 3 2 3 3 5 4 1 1 1 505664 0 15 17 15 12.5 2 6 2 5
0 0 0 6 1 1 1 1 4 2 3 2 3 -1 -1 -1 -1 -1 -1 506564 0 15 17 15 10 2 6 2 5
0 0 0 1 6 1 1 4 4 2 3 2 4 -1 -1 -1 -1 -1 -1 507497 1 15 17 15 12.5 2 6 2 5
0 0 0 1 6 1 1 1 4 2 3 2 4 -1 -1 -1 -1 -1 -1 508297 0 15 17 15 12.5 2 6 2 5
0 0 0 3 6 1 1 1 4 2 3 2 4 3 5 4 2 0 0 509130 0 15 17 15 10.3333 2 5 2 5
0 0 0 1 6 1 1 1 4 2 3 2 4 -1 -1 -1 -1 -1 -1 510130 0 15 17 15 10 2 5 2 5
0 0 0 1 1 6 1 4 4 2 3 2 5 -1 -1 -1 -1 -1 -1 511063 1 15 17 15 12.5 2 5 2 5
0 0 0 1 1 6 1 1 4 2 3 2 5 -1 -1 -1 -1 -1 -1 511863 0 15 17 15 12.5 2 5 2 5
0 0 0 1 1 8 1 1 4 2 3 2 5 5 5 4 0 0 1 512696 0 15 17 15 10.5 2 8 0 5
0 0 0 1 1 1 6 1 4 2 3 2 6 -1 -1 -1 -1 -1 -1 513696 0 15 17 15 10 2 8 0 5
0 0 0 0 1 6 1 0 5 6 2 0 5 -1 -1 -1 -1 -1 -1 521727 0 15 40 15 60 2 8 0 3
0 0 0 0 1 6 1 0 5 6 2 0 5 -1 -1 -1 -1 -1 -1 521894 0 15 40 15 60 2 8 0 3
0 0 0 0 1 6 1 0 5 6 2 0 5 -1 -1 -1 -1 -1 -1 522060 0 15 40 15 60 2 4 2 3
0 0 0 0 1 6 1 0 5 6 2 0 5 -1 -1 -1 -1 -1 -1 522227 0 15 40 15 50 2 4 2 3
0 0 0 0 1 6 1 0 5 6 2 0 5 -1 -1 -1 -1 -1 -1 522527 0 15 40 15 20 2 4 2 3
0 0 0 0 1 6 1 0 5 6 2 0 5 -1 -1 -1 -1 -1 -1 523460 0 15 40 15 12.5 2 4 2 3
0 0 0 0 1 6 1 0 5 6 2 0 5 -1 -1 -1 -1 -1 -1 524260 0 15 40 15 12.5 2 6 2 3
0 0 0 0 6 1 1 0 5 6 2 0 4 -1 -1 -1 -1 -1 -1 525060 0 15 40 15 11.8333 2 6 2 3
0 0 0 0 6 1 1 0 5 6 2 0 4 -1 -1 -1 -1 -1 -1 525993 0 15 40 15 12.5 2 6 2 3
0 0 0 0 6 1 1 0 5 6 2 0 4 -1 -1 -1 -1 -1 -1 526793 0 15 40 15 12.5 2 6 2 3
0 0 0 0 7 1 1 0 5 6 2 0 4 4 5 4 4 1 1 527626 0 15 40 15 11.5 2 6 2 3
0 0 0 0 6 1 1 0 5 6 2 0 4 -1 -1 -1 -1 -1 -1 528559 0 15 40 15 12.5 2 6 2 3
0 0 0 0 6 1 1 0 5 6 2 0 4 -1 -1 -1 -1 -1 -1 529359 0 15 40 15 12.5 2 6 2 3
0 0 0 0 6 1 1 0 5 6 2 0 4 -1 -1 -1 -1 -1 -1 530158 0 15 40 15 11.6667 2 6 2 3
0 0 0 0 7 1 1 0 5 6 2 0 4 4 5 4 4 1 1 531025 0 15 40 15 12.5 2 4 2 3
0 0 0 0 1 6 1 0 5 6 2 0 5 -1 -1 -1 -1 -1 -1 531658 0 15 40 16 16.25 2 4 2 3
0 0 0 0 1 1 6 0 5 6 2 0 6 -1 -1 -1 -1 -1 -1 532291 0 15 40 16 14.5167 2 4 2 3
0 0 0 0 1 1 6 0 5 6 2 0 6 -1 -1 -1 -1 -1 -1 533058 0 15 40 16 13 2 4 2 3
0 0 0 0 1 1 7 0 5 6 2 0 6 6 5 4 4 1 1 533691 0 15 40 16 16.25 2 4 2 3
0 0 0 0 1 1 6 0 5 6 2 0 6 -1 -1 -1 -1 -1 -1 534291 0 15 40 16 16.25 2 4 2 3
0 0 0 0 1 1 6 0 5 6 2 0 6 -1 -1 -1 -1 -1 -1 534924 0 15 40 16 14.7333 2 4 2 3
0 0 0 0 1 1 6 0 5 6 2 0 6 -1 -1 -1 -1 -1 -1 535690 0 15 40 16 13 2 4 2 3
0 0 0 0 1 1 7 0 5 6 2 0 6 6 5 4 4 1 1 536324 0 15 40 16 16.25 2 4 2 3
0 0 0 0 1 1 6 0 5 6 2 0 6 -1 -1 -1 -1 -1 -1 536823 0 15 40 17 20 2 4 2 3
0 0 0 0 6 1 1 0 5 6 2 0 4 -1 -1 -1 -1 -1 -1 537323 0 15 40 17 19.4667 2 4 2 3
0 0 0 0 6 1 1 0 5 6 2 0 4 -1 -1 -1 -1 -1 -1 537890 0 15 40 17 16 2 4 2 3
0 0 0 0 7 1 1 0 5 6 2 0 4 4 5 4 4 1 1 538490 0 15 40 17 20 2 6 2 3
0 0 0 0 6 1 1 0 5 6 2 0 4 -1 -1 -1 -1 -1 -1 538990 0 15 40 17 20 2 6 2 3
0 0 0 0 6 1 1 0 5 6 2 0 4 -1 -1 -1 -1 -1 -1 539489 0 15 40 17 20 2 6 2 3
0 0 0 0 6 1 1 0 5 6 2 0 4 -1 -1 -1 -1 -1 -1 539989 0 15 40 17 18.9333 2 6 2 3
0 0 0 0 7 1 1 0 5 6 2 0 4 4 5 4 4 1 1 540522 0 15 40 17 20 2 8 0 3
0 0 0 0 6 1 1 0 5 6 2 0 4 -1 -1 -1 -1 -1 -1 540956 0 15 40 18 23.75 2 8 0 3
0 0 0 0 6 1 1 0 5 6 2 0 4 -1 -1 -1 -1 -1 -1 541389 0 15 40 18 23.75 2 8 0 3
0 0 0 0 6 1 1 0 5 6 2 0 4 -1 -1 -1 -1 -1 -1 541789 0 15 40 18 23.4333 2 8 0 3
0 0 0 0 7 1 1 0 5 6 2 0 4 4 5 4 4 1 1 542255 0 15 40 18 23.75 2 4 2 3
0 0 0 0 6 1 1 0 5 6 2 0 4 -1 -1 -1 -1 -1 -1 542689 0 15 40 18 23.75 2 4 2 3
0 0 0 0 6 1 1 0 5 6 2 0 4 -1 -1 -1 -1 -1 -1 543089 0 15 40 18 23.75 2 4 2 3
0 0 0 0 6 1 1 0 5 6 2 0 4 -1 -1 -1 -1 -1 -1 543522 0 15 40 18 23.75 2 4 2 3
0 0 0 0 7 1 1 0 5 6 2 0 4 4 5 4 4 1 1 543955 0 15 40 18 21.5333 2 6 2 3
0 0 0 0 6 1 1 0 5 6 2 0 4 -1 -1 -1 -1 -1 -1 544355 0 15 40 19 26.25 2 6 2 3
0 0 0 0 6 1 1 0 5 6 2 0 4 -1 -1 -1 -1 -1 -1 544721 0 15 40 19 26.25 2 6 2 3
0 0 0 0 6 1 1 0 5 6 2 0 4 -1 -1 -1 -1 -1 -1 545121 0 15 40 19 26.25 2 6 2 3
0 0 0 1 7 1 1 1 5 6 2 0 4 4 5 4 4 1 1 545488 0 15 40 19 26.25 2 6 2 5
0 0 0 1 6 1 1 1 5 6 2 0 4 -1 -1 -1 -1 -1 -1 545888 0 15 40 19 22.75 2 6 2 5
0 0 0 1 1 6 1 1 5 6 2 0 5 -1 -1 -1 -1 -1 -1 546354 0 15 40 19 21 2 6 2 5
0 0 0 1 1 1 6 1 5 6 2 0 6 -1 -1 -1 -1 -1 -1 546854 0 15 40 19 21 2 6 2 5
0 0 0 1 1 1 7 1 5 6 2 0 6 6 5 4 4 1 1 547321 0 15 40 19 21 2 4 2 5
0 0 0 1 1 1 6 1 5 6 2 1 6 -1 -1 -1 -1 -1 -1 547787 0 15 40 20 22 2 4 2 5
0 0 0 1 1 1 6 1 5 6 2 1 6 -1 -1 -1 -1 -1 -1 548221 0 15 40 20 22 2 4 2 5
0 0 0 1 1 1 6 1 5 6 2 1 6 -1 -1 -1 -1 -1 -1 548687 0 15 40 20 22 2 4 2 5
0 0 0 1 1 1 7 1 5 6 2 1 6 6 5 4 4 1 1 549154 0 15 40 20 22 2 4 2 5
0 0 0 1 1 1 6 1 5 6 2 1 6 -1 -1 -1 -1 -1 -1 549587 0 15 40 20 22 2 4 2 5
0 0 0 1 1 1 6 1 5 6 2 1 6 -1 -1 -1 -1 -1 -1 550053 0 15 40 20 22 2 4 2 5
0 0 0 1 1 1 6 1 5 6 2 1 6 -1 -1 -1 -1 -1 -1 550487 0 15 40 20 22 2 4 2 5
0 0 0 1 1 1 7 1 5 6 2 1 6 6 5 4 4 1 1 550953 0 15 40 20 22 2 4 2 5
0 0 0 1 1 1 6 1 5 6 2 1 6 -1 -1 -1 -1 -1 -1 551386 0 15 40 21 23 2 4 2 5
0 0 0 1 1 1 1 6 5 6 2 1 7 -1 -1 -1 -1 -1 -1 551820 0 15 40 21 23 2 4 2 5
0 0 0 1 1 1 1 6 5 6 2 1 7 -1 -1 -1 -1 -1 -1 552253 0 15 40 21 23 2 4 2 5
0 0 0 1 1 1 1 7 5 6 2 1 7 7 5 4 4 1 1 552686 0 15 40 21 23 2 6 2 5
0 0 0 1 1 1 1 6 5 6 2 1 7 -1 -1 -1 -1 -1 -1 553119 0 15 40 21 23 2 6 2 5
0 0 0 1 1 1 6 1 5 6 2 1 6 -1 -1 -1 -1 -1 -1 553553 0 15 40 21 23 2 6 2 5
0 0 0 1 1 6 1 1 5 6 2 1 5 -1 -1 -1 -1 -1 -1 553986 0 15 40 21 23 2 6 2 5
0 0 0 1 1 7 1 1 5 6 2 1 5 5 5 4 4 1 1 554419 0 15 40 21 23 2 8 0 5
0 0 0 1 1 6 1 1 5 6 2 1 5 -1 -1 -1 -1 -1 -1 554852 0 15 40 22 24 2 8 0 5
0 0 0 1 6 1 1 1 5 6 2 1 4 -1 -1 -1 -1 -1 -1 555286 0 15 40 22 24 2 8 0 5
0 0 0 1 6 1 1 1 5 6 2 1 4 -1 -1 -1 -1 -1 -1 555685 0 15 40 22 24 2 8 0 5
0 0 0 1 7 1 1 1 5 6 2 1 4 4 5 4 4 1 1 556119 0 15 40 22 24 2 4 2 5
0 0 0 1 6 1 1 1 5 6 2 1 4 -1 -1 -1 -1 -1 -1 556519 0 15 40 22 24 2 4 2 5
0 0 0 1 6 1 1 1 5 6 2 1 4 -1 -1 -1 -1 -1 -1 556952 0 15 40 22 24 2 4 2 5
0 0 0 1 6 1 1 1 5 6 2 1 4 -1 -1 -1 -1 -1 -1 557352 0 15 40 22 24 2 4 2 5
0 0 0 1 7 1 1 1 5 6 2 1 4 4 5 4 4 1 1 557785 0 15 40 22 24 2 6 2 5
0 0 0 1 6 1 1 1 5 6 2 1 4 -1 -1 -1 -1 -1 -1 558185 0 15 40 23 25 2 6 2 5
0 0 0 1 6 1 1 1 5 6 2 1 4 -1 -1 -1 -1 -1 -1 558585 0 15 40 23 25 2 6 2 5
0 0 0 1 6 1 1 1 5 6 2 1 4 -1 -1 -1 -1 -1 -1 558985 0 15 40 23 25 2 6 2 5
0 0 0 1 7 1 1 1 5 6 2 1 4 4 5 4 4 1 1 559385 0 15 40 23 25 2 6 2 5
0 0 0 1 6 1 1 1 5 6 2 1 4 -1 -1 -1 -1 -1 -1 559751 0 15 40 23 31.25 2 6 2 5
0 0 0 1 6 1 1 1 5 6 2 1 4 -1 -1 -1 -1 -1 -1 560084 0 15 40 23 31.25 2 6 2 5
0 0 0 6 1 1 1 1 5 6 2 1 3 -1 -1 -1 -1 -1 -1 560384 0 15 40 23 31.25 2 6 2 5
0 0 0 7 1 1 1 1 5 6 2 1 3 3 5 4 4 1 1 560718 0 15 40 23 31.25 2 4 2 5
0 0 0 6 1 1 1 1 5 6 2 1 3 -1 -1 -1 -1 -1 -1 561017 0 15 40 24 31.875 2 4 2 5
0 0 0 1 6 1 1 1 5 6 2 1 4 -1 -1 -1 -1 -1 -1 561351 0 15 40 24 30.175 2 4 2 5
0 0 0 1 6 1 1 1 5 6 2 1 4 -1 -1 -1 -1 -1 -1 561717 0 15 40 24 25.5 2 4 2 5
0 0 0 1 7 1 1 1 5 6 2 1 4 4 5 4 4 1 1 562084 0 15 40 24 25.5 2 4 2 5
0 0 0 1 6 1 1 1 5 6 2 1 4 -1 -1 -1 -1 -1 -1 562484 0 15 40 24 25.5 2 4 2 5
0 0 0 1 1 6 1 1 5 6 2 1 5 -1 -1 -1 -1 -1 -1 562884 0 15 40 24 25.5 2 4 2 5
0 0 0 1 1 6 1 1 5 6 2 1 5 -1 -1 -1 -1 -1 -1 563217 0 15 40 24 31.875 2 4 2 5
0 0 0 1 1 7 1 1 5 6 2 1 5 5 5 4 4 1 1 563517 0 15 40 24 31.875 2 4 2 5
0 0 0 1 1 6 1 1 5 6 2 2 5 -1 -1 -1 -1 -1 -1 563850 0 15 40 25 32.5 2 4 2 5
0 0 0 1 1 1 6 1 5 6 2 2 6 -1 -1 -1 -1 -1 -1 564150 0 15 40 25 32.5 2 4 2 5
0 0 0 1 1 1 1 6 5 6 2 2 7 -1 -1 -1 -1 -1 -1 564450 0 15 40 25 32.5 2 4 2 5
0 0 0 1 1 1 1 7 5 6 2 2 7 7 5 4 4 1 1 564783 0 15 40 25 28.6 2 6 2 5
0 0 0 1 1 1 1 6 5 6 2 2 7 -1 -1 -1 -1 -1 -1 565150 0 15 40 25 26 2 6 2 5
0 0 0 1 4 1 6 1 5 6 2 2 6 -1 -1 -1 -1 -1 -1 565516 1 15 40 25 26 2 6 2 5
0 0 0 1 1 6 1 1 5 6 2 2 5 -1 -1 -1 -1 -1 -1 565916 0 15 40 25 26 2 6 2 5
0 0 0 1 1 7 1 1 5 6 2 2 5 5 5 4 4 1 1 566316 0 15 40 25 26 2 8 0 5
0 0 0 1 1 6 1 1 6 2 3 1 5 -1 -1 -1 -1 -1 -1 576347 0 15 17 15 60 2 8 0 5
0 0 0 1 1 6 1 1 6 2 3 1 5 -1 -1 -1 -1 -1 -1 576514 0 15 17 15 60 2 8 0 5
0 0 0 1 1 6 1 1 6 2 3 1 5 -1 -1 -1 -1 -1 -1 576680 0 15 17 15 60 2 4 2 5
0 0 0 1 1 6 1 1 6 2 3 1 5 -1 -1 -1 -1 -1 -1 576847 0 15 17 15 50 2 4 2 5
0 0 0 1 1 6 1 1 6 2 3 1 5 -1 -1 -1 -1 -1 -1 577147 0 15 17 15 20 2 4 2 5
0 0 0 1 1 6 1 1 6 2 3 1 5 -1 -1 -1 -1 -1 -1 578080 0 15 17 15 10 2 4 2 5
0 0 0 1 1 6 1 1 6 2 3 1 5 -1 -1 -1 -1 -1 -1 579080 0 15 17 15 10 2 6 2 5
0 0 0 1 1 6 1 1 6 2 3 1 5 -1 -1 -1 -1 -1 -1 580079 0 15 17 15 10 2 6 2 5
0 0 0 1 1 6 1 1 6 2 3 1 5 -1 -1 -1 -1 -1 -1 581013 0 15 17 15 12.5 2 6 2 5
0 0 0 1 1 6 1 1 6 2 3 1 5 -1 -1 -1 -1 -1 -1 581812 0 15 17 15 12.5 2 6 2 5
0 0 0 1 1 6 1 3 6 2 3 1 5 7 5 4 2 0 0 582646 0 15 17 15 10.3333 2 6 2 5
0 0 0 1 1 6 1 1 6 2 3 1 5 -1 -1 -1 -1 -1 -1 583645 0 15 17 15 10 2 6 2 5
0 0 0 1 1 6 1 1 6 2 3 1 5 -1 -1 -1 -1 -1 -1 584578 0 15 17 15 12.5 2 6 2 5
0 0 0 1 1 6 1 1 6 2 3 1 5 -1 -1 -1 -1 -1 -1 585378 0 15 17 15 12.5 2 6 2 5
0 0 0 1 1 6 3 1 6 2 3 1 5 6 5 4 1 0 0 586211 0 15 17 15 10.8333 2 6 2 5
0 0 0 1 1 6 1 1 6 2 3 1 5 -1 -1 -1 -1 -1 -1 587211 0 15 17 15 10 2 6 2 5
0 0 0 1 1 6 1 1 6 2 3 1 5 -1 -1 -1 -1 -1 -1 588111 0 15 17 15 12.5 2 6 2 5
0 0 0 1 1 6 1 1 6 2 3 1 5 -1 -1 -1 -1 -1 -1 588911 0 15 17 15 12.5 2 6 2 5
0 0 0 1 1 6 1 3 6 2 3 1 5 7 5 4 2 0 0 589777 0 15 17 15 10.1667 2 4 2 5
0 0 0 1 1 6 1 1 6 2 3 1 5 -1 -1 -1 -1 -1 -1 590677 0 15 17 15 12.5 2 4 2 5
0 0 0 1 1 6 1 1 6 2 3 1 5 -1 -1 -1 -1 -1 -1 591477 0 15 17 15 12.5 2 4 2 5
0 0 0 1 1 6 1 1 6 2 3 1 5 -1 -1 -1 -1 -1 -1 592277 0 15 17 15 12.5 2 4 2 5
0 0 0 1 1 6 1 3 6 2 3 1 5 7 5 4 3 0 0 593076 0 15 17 15 12.5 2 6 2 5
0 0 0 1 1 6 1 1 6 2 3 1 5 -1 -1 -1 -1 -1 -1 593909 0 15 17 15 10.3333 2 6 2 5
0 0 0 1 1 1 6 1 6 2 3 1 6 -1 -1 -1 -1 -1 -1 594909 0 15 17 15 10 2 6 2 5
0 0 0 1 1 1 6 1 6 2 3 1 6 -1 -1 -1 -1 -1 -1 595709 0 15 17 15 12.5 2 6 2 5
0 0 0 1 1 3 6 1 6 2 3 1 6 5 5 4 0 0 0 596509 0 15 17 15 12.1667 2 5 2 5
0 0 0 1 1 1 6 1 6 2 3 1 6 -1 -1 -1 -1 -1 -1 597475 0 15 17 15 10 2 5 2 5
0 0 0 1 1 1 6 1 6 2 3 1 6 -1 -1 -1 -1 -1 -1 598475 0 15 17 15 10 2 5 2 5
0 0 0 1 1 1 6 1 6 2 3 1 6 -1 -1 -1 -1 -1 -1 599275 0 15 17 15 12.5 2 5 2 5
0 0 0 1 1 3 6 1 6 2 3 1 6 5 5 4 3 0 0 600075 0 15 17 15 12.1667 2 8 0 5
0 0 0 1 1 1 6 1 6 2 3 1 6 -1 -1 -1 -1 -1 -1 601041 0 15 17 15 10 2 8 0 5
0 0 0 1 1 1 6 1 6 2 3 1 6 -1 -1 -1 -1 -1 -1 602007 0 15 17 15 12.5 2 8 0 5
0 0 0 1 1 1 6 1 6 2 3 1 6 -1 -1 -1 -1 -1 -1 602807 0 15 17 15 12.5 2 8 0 5
0 0 0 1 1 1 7 1 6 2 3 1 6 6 5 4 3 1 1 603607 0 15 17 15 11.6667 2 4 2 5
0 0 0 1 1 1 6 1 6 2 3 1 6 -1 -1 -1 -1 -1 -1 604574 0 15 17 15 10 2 4 2 5
0 0 0 1 1 6 1 1 6 2 3 1 5 -1 -1 -1 -1 -1 -1 605573 0 15 17 15 10 2 4 2 5
0 0 0 1 6 1 1 1 6 2 3 1 4 -1 -1 -1 -1 -1 -1 606573 0 15 17 15 10 2 4 2 5
0 0 0 1 8 1 1 1 6 2 3 1 4 4 5 4 1 0 1 607473 0 15 17 15 12.5 2 6 2 5
0 0 0 1 1 6 1 1 6 2 3 1 5 -1 -1 -1 -1 -1 -1 608273 0 15 17 15 12.5 2 6 2 5
0 0 0 1 1 6 1 1 6 2 3 1 5 -1 -1 -1 -1 -1 -1 609106 0 15 17 15 12.5 2 6 2 5
0 0 0 1 1 6 1 1 6 2 3 1 5 -1 -1 -1 -1 -1 -1 609906 0 15 17 15 12.5 2 6 2 5
0 0 0 1 1 7 1 1 6 2 3 1 5 5 5 4 3 1 1 610739 0 15 17 15 10.1667 2 6 2 5
0 0 0 1 1 6 1 1 6 2 3 1 5 -1 -1 -1 -1 -1 -1 611738 0 15 17 15 10 2 6 2 5
0 0 0 1 1 6 1 1 6 2 3 1 5 -1 -1 -1 -1 -1 -1 612672 0 15 17 15 12.5 2 6 2 5
0 0 0 1 1 6 1 1 6 2 3 1 5 -1 -1 -1 -1 -1 -1 613471 0 15 17 15 12.5 2 6 2 5
0 0 0 1 3 6 1 1 6 2 3 1 5 4 5 4 2 0 0 614304 0 15 17 15 10.6667 2 6 2 5
0 0 0 1 1 6 1 1 6 2 3 1 5 -1 -1 -1 -1 -1 -1 615271 0 15 17 15 10 2 6 2 5
0 0 0 6 1 1 1 1 6 2 3 1 3 -1 -1 -1 -1 -1 -1 616237 0 15 17 15 12.5 2 6 2 5
0 0 0 6 1 1 1 1 6 2 3 1 3 -1 -1 -1 -1 -1 -1 617037 0 15 17 15 12.5 2 6 2 5
0 0 0 7 1 1 1 1 6 2 3 1 3 3 5 4 1 1 1 617870 0 15 17 15 11.1667 2 4 2 5
0 0 0 6 1 1 1 1 6 2 3 1 3 -1 -1 -1 -1 -1 -1 618637 0 15 17 16 13 2 4 2 5
0 0 0 6 1 1 1 1 6 2 3 1 3 -1 -1 -1 -1 -1 -1 619437 0 15 17 16 13 2 4 2 5
0 0 0 6 1 1 1 1 6 2 3 1 3 -1 -1 -1 -1 -1 -1 620036 0 15 17 16 16.25 2 4 2 5
0 0 0 6 3 1 1 1 6 2 3 1 3 4 5 4 1 0 0 620670 0 15 17 16 16.25 2 6 2 5
0 0 0 6 1 1 1 1 6 2 3 1 3 -1 -1 -1 -1 -1 -1 621303 0 15 17 16 14.3 2 6 2 5
0 0 0 6 1 1 1 1 6 2 3 1 3 -1 -1 -1 -1 -1 -1 622069 0 15 17 16 13 2 6 2 5
0 0 0 1 1 6 1 1 6 2 3 1 5 -1 -1 -1 -1 -1 -1 622836 0 15 17 16 13 2 6 2 5
0 0 0 1 1 6 3 1 6 2 3 1 5 6 5 4 0 0 0 623469 0 15 17 16 16.25 2 5 2 5
0 0 0 1 1 6 1 1 6 2 3 1 5 -1 -1 -1 -1 -1 -1 624102 0 15 17 16 16.25 2 5 2 5
0 0 0 1 1 1 6 1 6 2 3 1 6 -1 -1 -1 -1 -1 -1 624702 0 15 17 16 14.95 2 5 2 5
0 0 0 1 1 1 6 1 6 2 3 1 6 -1 -1 -1 -1 -1 -1 625335 0 15 17 16 16.25 2 5 2 5
0 0 0 1 1 1 7 1 6 2 3 1 6 6 5 4 1 1 1 625935 0 15 17 16 16.25 2 8 0 5
0 0 0 1 1 1 6 1 6 2 3 1 6 -1 -1 -1 -1 -1 -1 626568 0 15 17 16 14.0833 2 8 0 5
0 0 0 1 1 1 6 1 6 2 3 1 6 -1 -1 -1 -1 -1 -1 627335 0 15 17 16 13 2 8 0 5
0 0 0 1 1 6 1 1 6 2 3 1 5 -1 -1 -1 -1 -1 -1 628101 0 15 17 16 13 2 8 0 5
0 0 0 1 1 3 6 1 6 2 3 1 6 5 5 4 3 0 0 628868 0 15 17 16 13 2 4 2 5
0 0 0 1 1 6 1 1 6 2 3 1 5 -1 -1 -1 -1 -1 -1 629634 0 15 17 16 13 2 4 2 5
0 0 0 1 1 6 1 1 6 2 3 1 5 -1 -1 -1 -1 -1 -1 630434 0 15 17 16 13 2 4 2 5
0 0 0 1 6 1 1 1 6 2 3 1 4 -1 -1 -1 -1 -1 -1 631200 0 15 17 16 13 2 4 2 5
0 0 0 1 8 1 1 1 6 2 3 1 4 4 5 4 1 0 1 631867 0 15 17 16 16.25 2 6 2 5
0 0 0 1 1 6 1 1 6 2 3 1 5 -1 -1 -1 -1 -1 -1 632667 0 15 17 15 12.5 2 6 2 5
0 0 0 1 6 1 1 1 6 2 3 1 4 -1 -1 -1 -1 -1 -1 633466 0 15 17 15 12.5 2 6 2 5
0 0 0 1 6 1 1 1 6 2 3 1 4 -1 -1 -1 -1 -1 -1 634266 0 15 17 15 12.5 2 6 2 5
0 0 0 1 8 1 1 1 6 2 3 1 4 4 5 4 0 0 1 635066 0 15 17 15 11.3333 2 6 2 5
0 0 0 1 1 6 1 1 6 2 3 1 5 -1 -1 -1 -1 -1 -1 636066 0 15 17 15 10 2 6 2 5
0 0 0 1 1 6 1 1 6 2 3 1 5 -1 -1 -1 -1 -1 -1 637066 0 15 17 15 10 2 6 2 5
0 0 0 1 1 6 1 1 6 2 3 1 5 -1 -1 -1 -1 -1 -1 637899 0 15 17 15 12.5 2 6 2 5
0 0 0 1 1 6 3 1 6 2 3 1 5 6 5 4 2 0 0 638699 0 15 17 15 12.5 2 6 2 5
0 0 0 1 1 6 1 1 6 2 3 1 5 -1 -1 -1 -1 -1 -1 639632 0 15 17 15 10 2 6 2 5
0 0 0 1 1 6 1 1 6 2 3 1 5 -1 -1 -1 -1 -1 -1 640631 0 15 17 15 10 2 6 2 5
0 0 0 1 1 6 1 1 6 2 3 1 5 -1 -1 -1 -1 -1 -1 641464 0 15 17 15 12.5 2 6 2 5
0 0 0 1 1 7 1 1 6 2 3 1 5 5 5 4 1 1 1 642264 0 15 17 15 12.5 2 4 2 5
0 0 0 1 1 6 1 1 6 2 3 1 5 -1 -1 -1 -1 -1 -1 643164 0 15 17 15 10 2 4 2 5
0 0 0 1 1 1 6 1 6 2 3 1 6 -1 -1 -1 -1 -1 -1 644164 0 15 17 15 10 2 4 2 5
0 0 0 1 1 6 1 1 6 2 3 1 5 -1 -1 -1 -1 -1 -1 645064 0 15 17 15 12.5 2 4 2 5
0 0 0 1 1 8 1 2 6 2 3 1 5 7 5 4 0 1 0 645830 0 15 17 15 12.5 2 6 2 5
0 0 0 1 1 6 1 1 6 2 3 1 5 -1 -1 -1 -1 -1 -1 646730 0 15 17 15 10 2 6 2 5
0 0 0 1 1 6 1 1 6 2 3 1 5 -1 -1 -1 -1 -1 -1 647730 0 15 17 15 10 2 6 2 5
0 0 0 1 1 6 1 1 6 2 3 1 5 -1 -1 -1 -1 -1 -1 648729 0 15 17 15 10 2 6 2 5
0 0 0 1 1 6 1 3 6 2 3 1 5 7 5 4 3 0 0 649729 0 15 17 15 10 2 5 2 5
0 0 0 1 1 6 1 1 6 2 3 1 5 -1 -1 -1 -1 -1 -1 650729 0 15 17 15 10 2 5 2 5
0 0 0 1 1 1 1 6 6 2 3 1 7 -1 -1 -1 -1 -1 -1 651729 0 15 17 15 10 2 5 2 5
0 0 0 1 1 1 1 6 6 2 3 1 7 -1 -1 -1 -1 -1 -1 652595 0 15 17 15 12.5 2 5 2 5
0 0 0 1 1 1 1 8 6 2 3 1 7 7 5 4 2 0 1 653395 0 15 17 15 12.5 2 8 0 5
0 0 0 1 1 1 1 6 6 2 3 1 7 -1 -1 -1 -1 -1 -1 654295 0 15 17 15 10 2 8 0 5
0 0 0 1 1 1 6 1 6 2 3 1 6 -1 -1 -1 -1 -1 -1 655294 0 15 17 15 10 2 8 0 5
0 0 0 1 1 1 6 1 6 2 3 1 6 -1 -1 -1 -1 -1 -1 656094 0 15 17 15 12.5 2 8 0 5
0 0 0 1 1 1 6 3 6 2 3 1 6 7 5 4 1 0 0 656894 0 15 17 15 12.1667 2 4 2 5
0 0 0 1 1 1 6 1 6 2 3 1 6 -1 -1 -1 -1 -1 -1 657827 0 15 17 15 10 2 4 2 5
0 0 0 1 1 6 1 1 6 2 3 1 5 -1 -1 -1 -1 -1 -1 658827 0 15 17 15 10 2 4 2 5
0 0 0 1 1 6 1 1 6 2 3 1 5 -1 -1 -1 -1 -1 -1 659793 0 15 17 15 12.5 2 4 2 5
0 0 0 1 1 3 6 1 6 2 3 1 6 5 5 4 0 0 0 660593 0 15 17 15 12.5 2 6 2 5
0 0 0 1 1 6 1 1 6 2 3 1 5 -1 -1 -1 -1 -1 -1 661393 0 15 17 15 10.8333 2 6 2 5
0 0 0 1 6 1 1 1 6 2 3 1 4 -1 -1 -1 -1 -1 -1 662393 0 15 17 15 10 2 6 2 5
0 0 0 1 6 1 1 1 6 2 3 1 4 -1 -1 -1 -1 -1 -1 663326 0 15 17 15 12.5 2 6 2 5
0 0 0 1 8 1 1 1 6 2 3 1 4 4 5 4 1 0 1 664126 0 15 17 15 12.5 2 6 2 5
0 0 0 1 6 1 1 1 6 2 3 1 4 -1 -1 -1 -1 -1 -1 664959 0 15 17 15 10.6667 2 6 2 5
0 0 0 1 1 6 1 1 6 2 3 1 5 -1 -1 -1 -1 -1 -1 665959 0 15 17 15 10 2 6 2 5
0 0 0 1 1 6 1 1 6 2 3 1 5 -1 -1 -1 -1 -1 -1 667791 0 15 17 15 10 2 6 2 5
0 0 0 1 1 8 1 1 6 2 3 1 5 5 5 4 3 0 1 668725 0 15 17 15 12.5 2 6 2 5
0 0 0 1 6 1 1 1 6 2 3 1 4 -1 -1 -1 -1 -1 -1 669524 0 15 17 15 12.5 2 6 2 5
0 0 0 1 6 1 1 1 6 2 3 1 4 -1 -1 -1 -1 -1 -1 670357 0 15 17 15 10.6667 2 6 2 5
0 0 0 1 6 1 1 1 6 2 3 1 4 -1 -1 -1 -1 -1 -1 671357 0 15 17 15 10 2 6 2 5
0 0 0 1 2 8 1 1 6 2 3 1 5 4 5 4 0 1 0 672357 0 15 17 15 10 2 4 2 5
0 0 0 1 1 6 1 1 6 2 3 1 5 -1 -1 -1 -1 -1 -1 673357 0 15 17 15 10 2 4 2 5
0 0 0 1 1 6 1 1 6 2 3 1 5 -1 -1 -1 -1 -1 -1 674356 0 15 17 15 10 2 4 2 5
0 0 0 1 1 6 1 1 6 2 3 1 5 -1 -1 -1 -1 -1 -1 675356 0 15 17 15 10 2 4 2 5
0 0 0 1 1 8 1 1 6 2 3 1 5 5 5 4 2 0 1 676356 0 15 17 15 10 2 6 2 5
0 0 0 1 1 6 1 1 6 2 3 1 5 -1 -1 -1 -1 -1 -1 677356 0 15 17 15 10 2 6 2 5
0 0 0 1 1 1 6 1 6 2 3 1 6 -1 -1 -1 -1 -1 -1 678355 0 15 17 15 10 2 6 2 5
0 0 0 1 6 1 1 1 6 2 3 1 4 -1 -1 -1 -1 -1 -1 679322 0 15 17 15 12.5 2 6 2 5
0 0 0 1 8 1 1 1 6 2 3 1 4 4 5 4 0 0 1 680122 0 15 17 15 12.5 2 5 2 5
0 0 0 1 1 6 1 1 6 2 3 1 5 -1 -1 -1 -1 -1 -1 680922 0 15 17 15 11.8333 2 5 2 5
0 0 0 1 1 6 1 1 6 2 3 1 5 -1 -1 -1 -1 -1 -1 681888 0 15 17 15 10 2 5 2 5
0 0 0 1 1 1 6 1 6 2 3 1 6 -1 -1 -1 -1 -1 -1 682888 0 15 17 15 10 2 5 2 5
0 0 0 1 1 1 8 1 6 2 3 1 6 6 5 4 3 0 1 683688 0 15 17 15 12.5 2 8 0 5
0 0 0 1 1 6 1 1 6 2 3 1 5 -1 -1 -1 -1 -1 -1 684487 0 15 17 15 12.3333 2 8 0 5
0 0 0 1 1 6 1 1 6 2 3 1 5 -1 -1 -1 -1 -1 -1 685354 0 15 17 15 12.5 2 8 0 5
0 0 0 1 1 6 1 1 6 2 3 1 5 -1 -1 -1 -1 -1 -1 686154 0 15 17 15 12.5 2 8 0 5
0 0 0 1 7 1 1 1 6 2 3 1 4 4 5 4 2 1 1 686987 0 15 17 15 12.5 2 4 2 5
0 0 0 1 6 1 1 1 6 2 3 1 4 -1 -1 -1 -1 -1 -1 687787 0 15 17 15 12.5 2 4 2 5
0 0 0 1 6 1 1 1 6 2 3 1 4 -1 -1 -1 -1 -1 -1 688586 0 15 17 15 11.3333 2 4 2 5
0 0 0 1 6 1 1 1 6 2 3 1 4 -1 -1 -1 -1 -1 -1 689586 0 15 17 15 10 2 4 2 5
0 0 0 3 6 1 1 1 6 2 3 1 4 3 5 4 1 0 0 690586 0 15 17 15 10 2 6 2 5
0 0 0 1 6 1 1 1 6 2 3 1 4 -1 -1 -1 -1 -1 -1 691586 0 15 17 15 10 2 6 2 5
0 0 0 1 6 1 1 1 6 2 3 1 4 -1 -1 -1 -1 -1 -1 692585 0 15 17 15 10 2 6 2 5
0 0 0 6 1 1 1 1 6 2 3 1 3 -1 -1 -1 -1 -1 -1 693585 0 15 17 15 10 2 6 2 5
0 0 0 7 1 1 1 1 6 2 3 1 3 3 5 4 3 1 1 694452 0 15 17 15 12.5 2 6 2 5
0 0 0 6 1 1 1 1 6 2 3 1 3 -1 -1 -1 -1 -1 -1 695085 0 15 17 16 16.25 2 6 2 5
0 0 0 6 1 1 1 1 6 2 3 1 3 -1 -1 -1 -1 -1 -1 695718 0 15 17 16 14.3 2 6 2 5
0 0 0 1 1 6 1 1 6 2 3 1 5 -1 -1 -1 -1 -1 -1 696484 0 15 17 16 13 2 6 2 5
0 0 0 1 1 6 1 1 7 1 4 2 5 -1 -1 -1 -1 -1 -1 710581 0 15 17 17 60 2 8 0 5
0 0 0 1 1 6 1 1 7 1 4 2 5 -1 -1 -1 -1 -1 -1 710748 0 15 17 17 60 2 8 0 5
0 0 0 1 1 6 1 1 7 1 4 2 5 -1 -1 -1 -1 -1 -1 710914 0 15 17 17 60 2 4 2 5
0 0 0 1 1 6 1 1 7 1 4 2 5 -1 -1 -1 -1 -1 -1 711081 0 15 17 17 51.2 2 4 2 5
0 0 0 1 1 6 1 1 7 1 4 2 5 -1 -1 -1 -1 -1 -1 711347 0 15 17 17 27.7333 2 4 2 5
0 0 0 1 1 6 1 1 7 1 4 2 5 -1 -1 -1 -1 -1 -1 711914 0 15 17 17 16 2 4 2 5
0 0 0 1 1 6 1 1 7 1 4 2 5 -1 -1 -1 -1 -1 -1 712547 0 15 17 17 16 2 5 2 5
0 0 0 1 1 6 1 1 7 1 4 2 5 -1 -1 -1 -1 -1 -1 713180 0 15 17 17 16 2 5 2 5
0 0 0 1 1 6 1 1 7 1 4 2 5 -1 -1 -1 -1 -1 -1 713780 0 15 17 17 16 2 5 2 5
0 0 0 1 6 1 1 1 7 1 4 2 4 -1 -1 -1 -1 -1 -1 714413 0 15 17 17 16 2 5 2 5
0 0 0 1 6 1 3 1 7 1 4 2 4 6 4 7 2 0 0 715047 0 15 17 17 16 2 5 2 5
0 0 0 1 6 1 1 1 7 1 4 2 4 -1 -1 -1 -1 -1 -1 715680 0 15 17 17 16 2 5 2 5
0 0 0 1 6 4 1 1 7 1 4 2 4 -1 -1 -1 -1 -1 -1 716280 1 15 17 17 16 2 5 2 5
0 0 0 1 6 1 1 1 7 1 4 2 4 -1 -1 -1 -1 -1 -1 716913 0 15 17 17 16 2 5 2 5
0 0 0 1 6 3 1 1 7 1 4 2 4 5 4 5 0 0 0 717546 0 15 17 17 16 2 4 2 5
0 0 0 1 6 1 1 1 7 1 4 2 4 -1 -1 -1 -1 -1 -1 718179 0 15 17 17 16 2 4 2 5
0 0 0 4 1 6 1 1 7 1 4 2 5 -1 -1 -1 -1 -1 -1 718779 1 15 17 17 16 2 4 2 5
0 0 0 1 1 6 1 1 7 1 4 2 5 -1 -1 -1 -1 -1 -1 719412 0 15 17 17 16 2 4 2 5
0 0 0 1 1 6 3 1 7 1 4 2 5 6 4 8 3 0 0 720045 0 15 17 17 16 2 4 2 5
0 0 0 1 1 6 1 1 7 1 4 2 5 -1 -1 -1 -1 -1 -1 720678 0 15 17 17 16 2 4 2 5
0 0 0 1 4 6 1 1 7 1 4 2 5 -1 -1 -1 -1 -1 -1 721278 1 15 17 17 16 2 4 2 5
0 0 0 1 1 6 1 1 7 1 4 2 5 -1 -1 -1 -1 -1 -1 721912 0 15 17 17 16 2 4 2 5
0 0 0 1 3 6 1 1 7 1 4 2 5 4 4 6 1 0 0 722545 0 15 17 17 16 2 5 2 5
0 0 0 1 1 6 1 1 7 1 4 2 5 -1 -1 -1 -1 -1 -1 723178 0 15 17 17 16 2 5 2 5
0 0 0 1 1 6 1 4 7 1 4 2 5 -1 -1 -1 -1 -1 -1 723778 1 15 17 17 16 2 5 2 5
0 0 0 1 1 6 1 1 7 1 4 2 5 -1 -1 -1 -1 -1 -1 724411 0 15 17 17 16 2 5 2 5
0 0 0 1 3 6 1 1 7 1 4 2 5 4 4 5 0 0 0 725044 0 15 17 17 16 2 5 2 5
0 0 0 1 1 6 1 1 7 1 4 2 5 -1 -1 -1 -1 -1 -1 725677 0 15 17 17 16 2 5 2 5
0 0 0 1 1 6 1 4 7 1 4 2 5 -1 -1 -1 -1 -1 -1 726277 1 15 17 17 16 2 5 2 5
0 0 0 1 1 6 1 1 7 1 4 2 5 -1 -1 -1 -1 -1 -1 726910 0 15 17 17 16 2 5 2 5
0 0 0 1 1 6 3 1 7 1 4 2 5 6 4 6 1 0 0 727543 0 15 17 17 16 2 8 0 5
0 0 0 1 1 6 1 1 7 1 4 2 5 -1 -1 -1 -1 -1 -1 728177 0 15 17 17 16 2 8 0 5
0 0 0 1 1 6 4 1 7 1 4 2 5 -1 -1 -1 -1 -1 -1 728777 1 15 17 17 16 2 8 0 5
0 0 0 1 1 1 6 1 7 1 4 2 6 -1 -1 -1 -1 -1 -1 729410 0 15 17 17 16 2 8 0 5
0 0 0 1 1 1 1 8 7 1 4 2 7 7 4 6 1 0 1 730043 0 15 17 17 20 2 4 2 5
0 0 0 1 1 1 1 6 7 1 4 2 7 -1 -1 -1 -1 -1 -1 730609 0 15 17 16 16.25 2 4 2 5
0 0 0 1 1 1 6 4 7 1 4 2 6 -1 -1 -1 -1 -1 -1 731243 1 15 17 16 16.25 2 4 2 5
0 0 0 1 1 1 6 1 7 1 4 2 6 -1 -1 -1 -1 -1 -1 731876 0 15 17 16 13.8667 2 4 2 5
0 0 0 1 1 1 6 3 7 1 4 2 6 7 4 7 2 0 0 732642 0 15 17 16 13 2 5 2 5
0 0 0 1 1 1 6 1 7 1 4 2 6 -1 -1 -1 -1 -1 -1 733409 0 15 17 16 13 2 5 2 5
0 0 0 1 4 6 1 1 7 1 4 2 5 -1 -1 -1 -1 -1 -1 734175 1 15 17 16 13 2 5 2 5
0 0 0 1 1 6 1 1 7 1 4 2 5 -1 -1 -1 -1 -1 -1 734808 0 15 17 16 16.25 2 5 2 5
0 0 0 1 1 7 1 1 7 1 4 2 5 5 4 5 0 1 1 735408 0 15 17 16 16.25 2 5 2 5
0 0 0 1 1 6 1 1 7 1 4 2 5 -1 -1 -1 -1 -1 -1 736041 0 15 17 16 14.3 2 5 2 5
0 0 0 1 1 1 6 4 7 1 4 2 6 -1 -1 -1 -1 -1 -1 736808 1 15 17 16 13 2 5 2 5
0 0 0 1 1 1 6 1 7 1 4 2 6 -1 -1 -1 -1 -1 -1 737474 0 15 17 16 16.25 2 5 2 5
0 0 0 1 1 1 7 1 7 1 4 2 6 6 4 6 1 1 1 738108 0 15 17 16 16.25 2 4 2 5
0 0 0 1 1 1 6 1 7 1 4 2 6 -1 -1 -1 -1 -1 -1 738607 0 15 17 17 20 2 4 2 5
0 0 0 1 4 1 6 1 7 1 4 2 6 -1 -1 -1 -1 -1 -1 739174 1 15 17 17 16 2 4 2 5
0 0 0 1 1 6 1 1 7 1 4 2 5 -1 -1 -1 -1 -1 -1 739807 0 15 17 17 16 2 4 2 5
0 0 0 1 1 6 3 1 7 1 4 2 5 6 4 7 2 0 0 740440 0 15 17 17 16 2 4 2 5
0 0 0 1 6 1 1 1 7 1 4 2 4 -1 -1 -1 -1 -1 -1 741074 0 15 17 17 16 2 4 2 5
0 0 0 4 1 1 6 1 7 1 4 2 6 -1 -1 -1 -1 -1 -1 741673 1 15 17 17 16 2 4 2 5
0 0 0 1 1 1 1 6 7 1 4 2 7 -1 -1 -1 -1 -1 -1 742307 0 15 17 17 16 2 4 2 5
0 0 0 1 1 1 1 7 7 1 4 2 7 7 4 7 2 1 1 742806 0 15 17 17 20 2 5 2 5
0 0 0 1 1 1 6 1 7 1 4 2 6 -1 -1 -1 -1 -1 -1 743306 0 15 17 17 20 2 5 2 5
0 0 0 1 1 1 6 4 7 1 4 2 6 -1 -1 -1 -1 -1 -1 743806 1 15 17 17 20 2 5 2 5
0 0 0 1 1 6 1 1 7 1 4 2 5 -1 -1 -1 -1 -1 -1 744373 0 15 17 17 16 2 5 2 5
0 0 0 1 1 6 3 1 7 1 4 2 5 6 4 8 3 0 0 745006 0 15 17 17 16 2 5 2 5
0 0 0 1 1 6 1 1 7 1 4 2 5 -1 -1 -1 -1 -1 -1 745606 0 15 17 17 16 2 5 2 5
0 0 0 1 1 6 1 4 7 1 4 2 5 -1 -1 -1 -1 -1 -1 746239 1 15 17 17 16 2 5 2 5
0 0 0 1 1 1 6 1 7 1 4 2 6 -1 -1 -1 -1 -1 -1 746872 0 15 17 17 16 2 5 2 5
0 0 0 1 1 3 1 6 7 1 4 2 7 5 4 7 2 0 0 747505 0 15 17 17 16 2 8 0 5
0 0 0 1 1 1 1 6 7 1 4 2 7 -1 -1 -1 -1 -1 -1 748105 0 15 17 17 16 2 8 0 5
0 0 0 1 1 1 4 6 7 1 4 2 7 -1 -1 -1 -1 -1 -1 748738 1 15 17 17 16 2 8 0 5
0 0 0 1 1 1 6 1 7 1 4 2 6 -1 -1 -1 -1 -1 -1 749371 0 15 17 17 16 2 8 0 5
0 0 0 2 1 8 1 1 7 1 4 2 5 3 4 7 2 1 0 750005 0 15 17 17 16 2 4 2 5
0 0 0 1 1 6 1 1 7 1 4 2 5 -1 -1 -1 -1 -1 -1 750738 0 15 17 16 13 2 4 2 5
0 0 0 1 6 1 4 1 7 1 4 2 4 -1 -1 -1 -1 -1 -1 751504 1 15 17 16 13 2 4 2 5
0 0 0 1 6 1 1 1 7 1 4 2 4 -1 -1 -1 -1 -1 -1 752271 0 15 17 16 13 2 4 2 5
0 0 0 1 8 1 1 1 7 1 4 2 4 4 4 6 1 0 1 752971 0 15 17 16 16.25 2 5 2 5
0 0 0 1 6 1 1 1 7 1 4 2 4 -1 -1 -1 -1 -1 -1 753737 0 15 17 15 12.5 2 5 2 5
0 0 0 1 1 6 4 1 7 1 4 2 5 -1 -1 -1 -1 -1 -1 754537 1 15 17 15 10.6667 2 5 2 5
0 0 0 1 1 1 6 1 7 1 4 2 6 -1 -1 -1 -1 -1 -1 755537 0 15 17 15 12.5 2 5 2 5
0 0 0 1 1 1 8 1 7 1 4 2 6 6 4 7 2 0 1 756303 0 15 17 15 12.5 2 5 2 5
0 0 0 1 1 1 6 1 7 1 4 2 6 -1 -1 -1 -1 -1 -1 757136 0 15 17 15 11.5 2 5 2 5
0 0 0 1 4 1 6 1 7 1 4 2 6 -1 -1 -1 -1 -1 -1 758103 1 15 17 15 10 2 5 2 5
0 0 0 1 1 1 6 1 7 1 4 2 6 -1 -1 -1 -1 -1 -1 759036 0 15 17 15 12.5 2 5 2 5
0 0 0 1 1 3 6 1 7 1 4 2 6 5 4 6 1 0 0 759802 0 15 17 15 12.5 2 4 2 5
0 0 0 1 1 1 6 1 7 1 4 2 6 -1 -1 -1 -1 -1 -1 760669 0 15 17 15 10.1667 2 4 2 5
0 0 0 1 4 1 6 1 7 1 4 2 6 -1 -1 -1 -1 -1 -1 761668 1 15 17 15 10 2 4 2 5
0 0 0 1 1 1 6 1 7 1 4 2 6 -1 -1 -1 -1 -1 -1 762468 0 15 17 15 12.5 2 4 2 5
0 0 0 1 1 1 8 1 7 1 4 2 6 6 4 6 1 0 1 763268 0 15 17 15 12.3333 2 4 2 5
0 0 0 1 1 1 6 1 7 1 4 2 6 -1 -1 -1 -1 -1 -1 764201 0 15 17 15 10 2 4 2 5
0 0 0 4 1 1 6 1 7 1 4 2 6 -1 -1 -1 -1 -1 -1 765201 1 15 17 15 10 2 4 2 5
0 0 0 1 1 6 1 1 7 1 4 2 5 -1 -1 -1 -1 -1 -1 766201 0 15 17 15 10 2 4 2 5
0 0 0 1 1 6 1 3 7 1 4 2 5 7 4 5 0 0 0 767200 0 15 17 15 10 2 5 2 5
0 0 0 1 1 6 1 1 7 1 4 2 5 -1 -1 -1 -1 -1 -1 768200 0 15 17 15 10 2 5 2 5
0 0 0 4 1 6 1 1 7 1 4 2 5 -1 -1 -1 -1 -1 -1 769033 1 15 17 15 12.5 2 5 2 5
0 0 0 1 1 6 1 1 7 1 4 2 5 -1 -1 -1 -1 -1 -1 769833 0 15 17 15 12.1667 2 5 2 5
0 0 0 1 1 8 2 1 7 1 4 2 5 6 4 7 2 1 0 770633 0 15 17 15 12.5 2 5 2 5
0 0 0 1 1 6 1 1 7 1 4 2 5 -1 -1 -1 -1 -1 -1 771433 0 15 17 15 12.5 2 5 2 5
0 0 0 1 1 6 1 4 7 1 4 2 5 -1 -1 -1 -1 -1 -1 772366 1 15 17 15 10 2 5 2 5
0 0 0 1 1 1 1 6 7 1 4 2 7 -1 -1 -1 -1 -1 -1 773366 0 15 17 15 10 2 5 2 5
0 0 0 1 1 1 1 7 7 1 4 2 7 7 4 6 1 1 1 774199 0 15 17 15 12.5 2 8 0 5
0 0 0 1 1 1 1 6 7 1 4 2 7 -1 -1 -1 -1 -1 -1 774999 0 15 17 15 12.5 2 8 0 5
0 0 0 1 1 1 4 6 7 1 4 2 7 -1 -1 -1 -1 -1 -1 775898 1 15 17 15 10 2 8 0 5
0 0 0 1 1 1 6 1 7 1 4 2 6 -1 -1 -1 -1 -1 -1 776898 0 15 17 15 10 2 8 0 5
0 0 0 1 1 1 8 1 7 1 4 2 6 6 4 5 0 0 1 777731 0 15 17 15 12.5 2 4 2 5
0 0 0 1 1 1 6 1 7 1 4 2 6 -1 -1 -1 -1 -1 -1 778531 0 15 17 15 12.5 2 4 2 5
0 0 0 4 1 6 1 1 7 1 4 2 5 -1 -1 -1 -1 -1 -1 779464 1 15 17 15 10 2 4 2 5
0 0 0 1 6 1 1 1 7 1 4 2 4 -1 -1 -1 -1 -1 -1 780464 0 15 17 15 10 2 4 2 5
0 0 0 1 3 6 1 1 7 1 4 2 5 4 4 6 1 0 0 781464 0 15 17 15 10 2 5 2 5
0 0 0 1 1 6 1 1 7 1 4 2 5 -1 -1 -1 -1 -1 -1 782463 0 15 17 15 10 2 5 2 5
0 0 0 1 1 6 4 1 7 1 4 2 5 -1 -1 -1 -1 -1 -1 783463 1 15 17 15 10 2 5 2 5
0 0 0 1 1 6 1 1 7 1 4 2 5 -1 -1 -1 -1 -1 -1 784463 0 15 17 15 10 2 5 2 5
0 0 0 1 1 6 3 1 7 1 4 2 5 6 4 8 3 0 0 785463 0 15 17 15 10 2 5 2 5
0 0 0 1 1 6 1 1 7 1 4 2 5 -1 -1 -1 -1 -1 -1 786462 0 15 17 15 10 2 5 2 5
0 0 0 1 4 6 1 1 7 1 4 2 5 -1 -1 -1 -1 -1 -1 787462 1 15 17 15 10 2 5 2 5
0 0 0 1 1 6 1 1 7 1 4 2 5 -1 -1 -1 -1 -1 -1 788462 0 15 17 15 10 2 5 2 5
0 0 0 1 3 6 1 1 7 1 4 2 5 4 4 5 0 0 0 789462 0 15 17 15 10 2 4 2 5
0 0 0 1 1 6 1 1 7 1 4 2 5 -1 -1 -1 -1 -1 -1 790461 0 15 17 15 10 2 4 2 5
0 0 0 1 1 6 1 4 7 1 4 2 5 -1 -1 -1 -1 -1 -1 791461 1 15 17 15 10 2 4 2 5
0 0 0 1 1 6 1 1 7 1 4 2 5 -1 -1 -1 -1 -1 -1 792461 0 15 17 15 10 2 4 2 5
0 0 0 1 1 6 3 1 7 1 4 2 5 6 4 7 2 0 0 793461 0 15 17 15 10 2 4 2 5
0 0 0 1 1 6 1 1 7 1 4 2 5 -1 -1 -1 -1 -1 -1 794460 0 15 17 15 10 2 4 2 5
0 0 0 4 1 6 1 1 7 1 4 2 5 -1 -1 -1 -1 -1 -1 795460 1 15 17 15 10 2 4 2 5
0 0 0 1 1 1 6 1 7 1 4 2 6 -1 -1 -1 -1 -1 -1 796427 0 15 17 15 12.5 2 4 2 5
0 0 0 1 1 1 7 1 7 1 4 2 6 6 4 6 1 1 1 797226 0 15 17 15 12.5 2 5 2 5
0 0 0 1 1 1 6 1 7 1 4 2 6 -1 -1 -1 -1 -1 -1 798026 0 15 17 15 11.6667 2 5 2 5
0 0 0 1 1 1 4 6 7 1 4 2 7 -1 -1 -1 -1 -1 -1 799026 1 15 17 15 10 2 5 2 5
0 0 0 1 1 1 1 6 7 1 4 2 7 -1 -1 -1 -1 -1 -1 800026 0 15 17 15 10 2 5 2 5
0 0 0 1 1 1 6 3 7 1 4 2 6 7 4 5 0 0 0 801026 0 15 17 15 10 2 5 2 5
0 0 0 1 1 1 6 1 7 1 4 2 6 -1 -1 -1 -1 -1 -1 802025 0 15 17 15 10 2 5 2 5
0 0 0 1 1 6 4 1 7 1 4 2 5 -1 -1 -1 -1 -1 -1 803025 1 15 17 15 10 2 5 2 5
0 0 0 1 6 1 1 1 7 1 4 2 4 -1 -1 -1 -1 -1 -1 804025 0 15 17 15 10 2 5 2 5
0 0 0 1 6 3 1 1 7 1 4 2 4 5 4 6 1 0 0 805025 0 15 17 15 10 2 8 0 5
0 0 0 1 6 1 1 1 7 1 4 2 4 -1 -1 -1 -1 -1 -1 806024 0 15 17 15 10 2 8 0 5
0 0 0 1 1 6 4 1 7 1 4 2 5 -1 -1 -1 -1 -1 -1 807024 1 15 17 15 10 2 8 0 5
0 0 0 1 1 1 1 6 7 1 4 2 7 -1 -1 -1 -1 -1 -1 808024 0 15 17 15 10 2 8 0 5
0 0 0 1 1 1 1 8 7 1 4 2 7 7 4 8 3 0 1 808890 0 15 17 15 12.5 2 4 2 5
0 0 0 1 1 1 6 1 7 1 4 2 6 -1 -1 -1 -1 -1 -1 809690 0 15 17 15 12.5 2 4 2 5
0 0 0 1 1 6 4 1 7 1 4 2 5 -1 -1 -1 -1 -1 -1 810523 1 15 17 15 12.5 2 4 2 5
0 0 0 1 1 6 1 1 7 1 4 2 5 -1 -1 -1 -1 -1 -1 811323 0 15 17 15 12.5 2 4 2 5
0 0 0 1 1 7 1 1 7 1 4 2 5 5 4 6 1 1 1 812123 0 15 17 15 11.1667 2 5 2 5
0 0 0 1 1 6 1 1 7 1 4 2 5 -1 -1 -1 -1 -1 -1 813123 0 15 17 15 10 2 5 2 5
0 0 0 4 6 1 1 1 7 1 4 2 4 -1 -1 -1 -1 -1 -1 814122 1 15 17 15 12.5 2 5 2 5
0 0 0 1 6 1 1 1 7 1 4 2 4 -1 -1 -1 -1 -1 -1 814922 0 15 17 15 12.5 2 5 2 5
0 0 0 1 7 1 1 1 7 1 4 2 4 4 4 5 0 1 1 815722 0 15 17 15 12 2 5 2 5
0 0 0 1 6 1 1 1 7 1 4 2 4 -1 -1 -1 -1 -1 -1 816488 0 15 17 16 13 2 5 2 5
0 0 0 4 6 1 1 1 7 1 4 2 4 -1 -1 -1 -1 -1 -1 817255 1 15 17 16 13 2 5 2 5
0 0 0 1 6 1 1 1 7 1 4 2 4 -1 -1 -1 -1 -1 -1 818021 0 15 17 16 13 2 5 2 5
0 0 0 1 2 8 1 1 7 1 4 2 5 4 4 6 1 1 0 818788 0 15 17 16 13 2 4 2 5
0 0 0 1 1 6 1 1 7 1 4 2 5 -1 -1 -1 -1 -1 -1 819754 0 15 17 15 10 2 4 2 5
0 0 0 1 1 6 4 1 7 1 4 2 5 -1 -1 -1 -1 -1 -1 820754 1 15 17 15 10 2 4 2 5
0 0 0 1 1 6 1 1 7 1 4 2 5 -1 -1 -1 -1 -1 -1 821754 0 15 17 15 10 2 4 2 5
0 0 0 1 1 6 3 1 7 1 4 2 5 6 4 6 1 0 0 822687 0 15 17 15 12.5 2 4 2 5
0 0 0 1 1 6 1 1 7 1 4 2 5 -1 -1 -1 -1 -1 -1 823487 0 15 17 15 12.5 2 4 2 5
0 0 0 1 1 6 4 1 7 1 4 2 5 -1 -1 -1 -1 -1 -1 824320 1 15 17 15 10.6667 2 4 2 5
0 0 0 1 1 6 1 1 7 1 4 2 5 -1 -1 -1 -1 -1 -1 825253 0 15 17 15 12.5 2 4 2 5
0 0 0 1 3 8 1 1 7 1 4 2 5 4 4 5 0 0 1 826053 0 15 17 15 12.5 2 5 2 5
0 0 0 1 1 6 1 1 7 1 4 2 5 -1 -1 -1 -1 -1 -1 826886 0 15 17 15 10.3333 2 5 2 5
0 0 0 4 1 6 1 1 7 1 4 2 5 -1 -1 -1 -1 -1 -1 827852 1 15 17 15 12.5 2 5 2 5
0 0 0 1 1 6 1 1 7 1 4 2 5 -1 -1 -1 -1 -1 -1 828652 0 15 17 15 12.5 2 5 2 5
0 0 0 1 1 7 1 1 7 1 4 2 5 5 4 5 0 1 1 829452 0 15 17 15 11.5 2 5 2 5
0 0 0 1 1 6 1 1 7 1 4 2 5 -1 -1 -1 -1 -1 -1 830418 0 15 17 15 10 2 5 2 5
0 0 0 1 1 6 1 1 7 1 4 2 5 -1 -1 -1 -1 -1 -1 710581 0 15 17 17 60 2 8 0 5
0 0 0 1 1 6 1 1 7 1 4 2 5 -1 -1 -1 -1 -1 -1 710748 0 15 17 17 60 2 8 0 5
0 0 0 1 1 6 1 1 7 1 4 2 5 -1 -1 -1 -1 -1 -1 710914 0 15 17 17 60 2 4 2 5
0 0 0 1 1 6 1 1 7 1 4 2 5 -1 -1 -1 -1 -1 -1 711081 0 15 17 17 51.2 2 4 2 5
0 0 0 1 1 6 1 1 7 1 4 2 5 -1 -1 -1 -1 -1 -1 711347 0 15 17 17 27.7333 2 4 2 5
0 0 0 1 1 6 1 1 7 1 4 2 5 -1 -1 -1 -1 -1 -1 711914 0 15 17 17 16 2 4 2 5
0 0 0 1 1 6 1 1 7 1 4 2 5 -1 -1 -1 -1 -1 -1 712547 0 15 17 17 16 2 5 2 5
0 0 0 1 1 6 1 1 7 1 4 2 5 -1 -1 -1 -1 -1 -1 713180 0 15 17 17 16 2 5 2 5
0 0 0 1 1 6 1 1 7 1 4 2 5 -1 -1 -1 -1 -1 -1 713780 0 15 17 17 16 2 5 2 5
0 0 0 1 6 1 1 1 7 1 4 2 4 -1 -1 -1 -1 -1 -1 714413 0 15 17 17 16 2 5 2 5
0 0 0 1 6 1 3 1 7 1 4 2 4 6 4 7 2 0 0 715047 0 15 17 17 16 2 5 2 5
0 0 0 1 6 1 1 1 7 1 4 2 4 -1 -1 -1 -1 -1 -1 715680 0 15 17 17 16 2 5 2 5
0 0 0 1 6 4 1 1 7 1 4 2 4 -1 -1 -1 -1 -1 -1 716280 1 15 17 17 16 2 5 2 5
0 0 0 1 6 1 1 1 7 1 4 2 4 -1 -1 -1 -1 -1 -1 716913 0 15 17 17 16 2 5 2 5
0 0 0 1 6 3 1 1 7 1 4 2 4 5 4 5 0 0 0 717546 0 15 17 17 16 2 4 2 5
0 0 0 1 6 1 1 1 7 1 4 2 4 -1 -1 -1 -1 -1 -1 718179 0 15 17 17 16 2 4 2 5
0 0 0 4 1 6 1 1 7 1 4 2 5 -1 -1 -1 -1 -1 -1 718779 1 15 17 17 16 2 4 2 5
0 0 0 1 1 6 1 1 7 1 4 2 5 -1 -1 -1 -1 -1 -1 719412 0 15 17 17 16 2 4 2 5
0 0 0 1 1 6 3 1 7 1 4 2 5 6 4 8 3 0 0 720045 0 15 17 17 16 2 4 2 5
0 0 0 1 1 6 1 1 7 1 4 2 5 -1 -1 -1 -1 -1 -1 720678 0 15 17 17 16 2 4 2 5
0 0 0 1 4 6 1 1 7 1 4 2 5 -1 -1 -1 -1 -1 -1 721278 1 15 17 17 16 2 4 2 5
0 0 0 1 1 6 1 1 7 1 4 2 5 -1 -1 -1 -1 -1 -1 721912 0 15 17 17 16 2 4 2 5
0 0 0 1 3 6 1 1 7 1 4 2 5 4 4 6 1 0 0 722545 0 15 17 17 16 2 5 2 5
0 0 0 1 1 6 1 1 7 1 4 2 5 -1 -1 -1 -1 -1 -1 723178 0 15 17 17 16 2 5 2 5
0 0 0 1 1 6 1 4 7 1 4 2 5 -1 -1 -1 -1 -1 -1 723778 1 15 17 17 16 2 5 2 5
0 0 0 1 1 6 1 1 7 1 4 2 5 -1 -1 -1 -1 -1 -1 724411 0 15 17 17 16 2 5 2 5
0 0 0 1 3 6 1 1 7 1 4 2 5 4 4 5 0 0 0 725044 0 15 17 17 16 2 5 2 5
0 0 0 1 1 6 1 1 7 1 4 2 5 -1 -1 -1 -1 -1 -1 725677 0 15 17 17 16 2 5 2 5
0 0 0 1 1 6 1 4 7 1 4 2 5 -1 -1 -1 -1 -1 -1 726277 1 15 17 17 16 2 5 2 5
0 0 0 1 1 6 1 1 7 1 4 2 5 -1 -1 -1 -1 -1 -1 726910 0 15 17 17 16 2 5 2 5
0 0 0 1 1 6 3 1 7 1 4 2 5 6 4 6 1 0 0 727543 0 15 17 17 16 2 8 0 5
0 0 0 1 1 6 1 1 7 1 4 2 5 -1 -1 -1 -1 -1 -1 728177 0 15 17 17 16 2 8 0 5
0 0 0 1 1 6 4 1 7 1 4 2 5 -1 -1 -1 -1 -1 -1 728777 1 15 17 17 16 2 8 0 5
0 0 0 1 1 1 6 1 7 1 4 2 6 -1 -1 -1 -1 -1 -1 729410 0 15 17 17 16 2 8 0 5
0 0 0 1 1 1 1 8 7 1 4 2 7 7 4 6 1 0 1 730043 0 15 17 17 20 2 4 2 5
0 0 0 1 1 1 1 6 7 1 4 2 7 -1 -1 -1 -1 -1 -1 730609 0 15 17 16 16.25 2 4 2 5
0 0 0 1 1 1 6 4 7 1 4 2 6 -1 -1 -1 -1 -1 -1 731243 1 15 17 16 16.25 2 4 2 5
0 0 0 1 1 1 6 1 7 1 4 2 6 -1 -1 -1 -1 -1 -1 731876 0 15 17 16 13.8667 2 4 2 5
0 0 0 1 1 1 6 3 7 1 4 2 6 7 4 7 2 0 0 732642 0 15 17 16 13 2 5 2 5
0 0 0 1 1 1 6 1 7 1 4 2 6 -1 -1 -1 -1 -1 -1 733409 0 15 17 16 13 2 5 2 5
0 0 0 1 4 6 1 1 7 1 4 2 5 -1 -1 -1 -1 -1 -1 734175 1 15 17 16 13 2 5 2 5
0 0 0 1 1 6 1 1 7 1 4 2 5 -1 -1 -1 -1 -1 -1 734808 0 15 17 16 16.25 2 5 2 5
0 0 0 1 1 7 1 1 7 1 4 2 5 5 4 5 0 1 1 735408 0 15 17 16 16.25 2 5 2 5
0 0 0 1 1 6 1 1 7 1 4 2 5 -1 -1 -1 -1 -1 -1 736041 0 15 17 16 14.3 2 5 2 5
0 0 0 1 1 1 6 4 7 1 4 2 6 -1 -1 -1 -1 -1 -1 736808 1 15 17 16 13 2 5 2 5
0 0 0 1 1 1 6 1 7 1 4 2 6 -1 -1 -1 -1 -1 -1 737474 0 15 17 16 16.25 2 5 2 5
0 0 0 1 1 1 7 1 7 1 4 2 6 6 4 6 1 1 1 738108 0 15 17 16 16.25 2 4 2 5
0 0 0 1 1 1 6 1 7 1 4 2 6 -1 -1 -1 -1 -1 -1 738607 0 15 17 17 20 2 4 2 5
0 0 0 1 4 1 6 1 7 1 4 2 6 -1 -1 -1 -1 -1 -1 739174 1 15 17 17 16 2 4 2 5
0 0 0 1 1 6 1 1 7 1 4 2 5 -1 -1 -1 -1 -1 -1 739807 0 15 17 17 16 2 4 2 5
0 0 0 1 1 6 3 1 7 1 4 2 5 6 4 7 2 0 0 740440 0 15 17 17 16 2 4 2 5
0 0 0 1 6 1 1 1 7 1 4 2 4 -1 -1 -1 -1 -1 -1 741074 0 15 17 17 16 2 4 2 5
0 0 0 4 1 1 6 1 7 1 4 2 6 -1 -1 -1 -1 -1 -1 741673 1 15 17 17 16 2 4 2 5
0 0 0 1 1 1 1 6 7 1 4 2 7 -1 -1 -1 -1 -1 -1 742307 0 15 17 17 16 2 4 2 5
0 0 0 1 1 1 1 7 7 1 4 2 7 7 4 7 2 1 1 742806 0 15 17 17 20 2 5 2 5
0 0 0 1 1 1 6 1 7 1 4 2 6 -1 -1 -1 -1 -1 -1 743306 0 15 17 17 20 2 5 2 5
0 0 0 1 1 1 6 4 7 1 4 2 6 -1 -1 -1 -1 -1 -1 743806 1 15 17 17 20 2 5 2 5
0 0 0 1 1 6 1 1 7 1 4 2 5 -1 -1 -1 -1 -1 -1 744373 0 15 17 17 16 2 5 2 5
0 0 0 1 1 6 3 1 7 1 4 2 5 6 4 8 3 0 0 745006 0 15 17 17 16 2 5 2 5
0 0 0 1 1 6 1 1 7 1 4 2 5 -1 -1 -1 -1 -1 -1 745606 0 15 17 17 16 2 5 2 5
0 0 0 1 1 6 1 4 7 1 4 2 5 -1 -1 -1 -1 -1 -1 746239 1 15 17 17 16 2 5 2 5
0 0 0 1 1 1 6 1 7 1 4 2 6 -1 -1 -1 -1 -1 -1 746872 0 15 17 17 16 2 5 2 5
0 0 0 1 1 3 1 6 7 1 4 2 7 5 4 7 2 0 0 747505 0 15 17 17 16 2 8 0 5
0 0 0 1 1 1 1 6 7 1 4 2 7 -1 -1 -1 -1 -1 -1 748105 0 15 17 17 16 2 8 0 5
0 0 0 1 1 1 4 6 7 1 4 2 7 -1 -1 -1 -1 -1 -1 748738 1 15 17 17 16 2 8 0 5
0 0 0 1 1 1 6 1 7 1 4 2 6 -1 -1 -1 -1 -1 -1 749371 0 15 17 17 16 2 8 0 5
0 0 0 2 1 8 1 1 7 1 4 2 5 3 4 7 2 1 0 750005 0 15 17 17 16 2 4 2 5
0 0 0 1 1 6 1 1 7 1 4 2 5 -1 -1 -1 -1 -1 -1 750738 0 15 17 16 13 2 4 2 5
0 0 0 1 6 1 4 1 7 1 4 2 4 -1 -1 -1 -1 -1 -1 751504 1 15 17 16 13 2 4 2 5
0 0 0 1 6 1 1 1 7 1 4 2 4 -1 -1 -1 -1 -1 -1 752271 0 15 17 16 13 2 4 2 5
0 0 0 1 8 1 1 1 7 1 4 2 4 4 4 6 1 0 1 752971 0 15 17 16 16.25 2 5 2 5
0 0 0 1 6 1 1 1 7 1 4 2 4 -1 -1 -1 -1 -1 -1 753737 0 15 17 15 12.5 2 5 2 5
0 0 0 1 1 6 4 1 7 1 4 2 5 -1 -1 -1 -1 -1 -1 754537 1 15 17 15 10.6667 2 5 2 5
0 0 0 1 1 1 6 1 7 1 4 2 6 -1 -1 -1 -1 -1 -1 755537 0 15 17 15 12.5 2 5 2 5
0 0 0 1 1 1 8 1 7 1 4 2 6 6 4 7 2 0 1 756303 0 15 17 15 12.5 2 5 2 5
0 0 0 1 1 1 6 1 7 1 4 2 6 -1 -1 -1 -1 -1 -1 757136 0 15 17 15 11.5 2 5 2 5
0 0 0 1 4 1 6 1 7 1 4 2 6 -1 -1 -1 -1 -1 -1 758103 1 15 17 15 10 2 5 2 5
0 0 0 1 1 1 6 1 7 1 4 2 6 -1 -1 -1 -1 -1 -1 759036 0 15 17 15 12.5 2 5 2 5
0 0 0 1 1 3 6 1 7 1 4 2 6 5 4 6 1 0 0 759802 0 15 17 15 12.5 2 4 2 5
0 0 0 1 1 1 6 1 7 1 4 2 6 -1 -1 -1 -1 -1 -1 760669 0 15 17 15 10.1667 2 4 2 5
0 0 0 1 4 1 6 1 7 1 4 2 6 -1 -1 -1 -1 -1 -1 761668 1 15 17 15 10 2 4 2 5
0 0 0 1 1 1 6 1 7 1 4 2 6 -1 -1 -1 -1 -1 -1 762468 0 15 17 15 12.5 2 4 2 5
0 0 0 1 1 1 8 1 7 1 4 2 6 6 4 6 1 0 1 763268 0 15 17 15 12.3333 2 4 2 5
0 0 0 1 1 1 6 1 7 1 4 2 6 -1 -1 -1 -1 -1 -1 764201 0 15 17 15 10 2 4 2 5
0 0 0 4 1 1 6 1 7 1 4 2 6 -1 -1 -1 -1 -1 -1 765201 1 15 17 15 10 2 4 2 5
0 0 0 1 1 6 1 1 7 1 4 2 5 -1 -1 -1 -1 -1 -1 766201 0 15 17 15 10 2 4 2 5
0 0 0 1 1 6 1 3 7 1 4 2 5 7 4 5 0 0 0 767200 0 15 17 15 10 2 5 2 5
0 0 0 1 1 6 1 1 7 1 4 2 5 -1 -1 -1 -1 -1 -1 768200 0 15 17 15 10 2 5 2 5
0 0 0 4 1 6 1 1 7 1 4 2 5 -1 -1 -1 -1 -1 -1 769033 1 15 17 15 12.5 2 5 2 5
0 0 0 1 1 6 1 1 7 1 4 2 5 -1 -1 -1 -1 -1 -1 769833 0 15 17 15 12.1667 2 5 2 5
0 0 0 1 1 8 2 1 7 1 4 2 5 6 4 7 2 1 0 770633 0 15 17 15 12.5 2 5 2 5
0 0 0 1 1 6 1 1 7 1 4 2 5 -1 -1 -1 -1 -1 -1 771433 0 15 17 15 12.5 2 5 2 5
0 0 0 1 1 6 1 4 7 1 4 2 5 -1 -1 -1 -1 -1 -1 772366 1 15 17 15 10 2 5 2 5
0 0 0 1 1 1 1 6 7 1 4 2 7 -1 -1 -1 -1 -1 -1 773366 0 15 17 15 10 2 5 2 5
0 0 0 1 1 1 1 7 7 1 4 2 7 7 4 6 1 1 1 774199 0 15 17 15 12.5 2 8 0 5
0 0 0 1 1 1 1 6 7 1 4 2 7 -1 -1 -1 -1 -1 -1 774999 0 15 17 15 12.5 2 8 0 5
0 0 0 1 1 1 4 6 7 1 4 2 7 -1 -1 -1 -1 -1 -1 775898 1 15 17 15 10 2 8 0 5
0 0 0 1 1 1 6 1 7 1 4 2 6 -1 -1 -1 -1 -1 -1 776898 0 15 17 15 10 2 8 0 5
0 0 0 1 1 1 8 1 7 1 4 2 6 6 4 5 0 0 1 777731 0 15 17 15 12.5 2 4 2 5
0 0 0 1 1 1 6 1 7 1 4 2 6 -1 -1 -1 -1 -1 -1 778531 0 15 17 15 12.5 2 4 2 5
0 0 0 4 1 6 1 1 7 1 4 2 5 -1 -1 -1 -1 -1 -1 779464 1 15 17 15 10 2 4 2 5
0 0 0 1 6 1 1 1 7 1 4 2 4 -1 -1 -1 -1 -1 -1 780464 0 15 17 15 10 2 4 2 5
0 0 0 1 3 6 1 1 7 1 4 2 5 4 4 6 1 0 0 781464 0 15 17 15 10 2 5 2 5
0 0 0 1 1 6 1 1 7 1 4 2 5 -1 -1 -1 -1 -1 -1 782463 0 15 17 15 10 2 5 2 5
0 0 0 1 1 6 4 1 7 1 4 2 5 -1 -1 -1 -1 -1 -1 783463 1 15 17 15 10 2 5 2 5
0 0 0 1 1 6 1 1 7 1 4 2 5 -1 -1 -1 -1 -1 -1 784463 0 15 17 15 10 2 5 2 5
0 0 0 1 1 6 3 1 7 1 4 2 5 6 4 8 3 0 0 785463 0 15 17 15 10 2 5 2 5
0 0 0 1 1 6 1 1 7 1 4 2 5 -1 -1 -1 -1 -1 -1 786462 0 15 17 15 10 2 5 2 5
0 0 0 1 4 6 1 1 7 1 4 2 5 -1 -1 -1 -1 -1 -1 787462 1 15 17 15 10 2 5 2 5
0 0 0 1 1 6 1 1 7 1 4 2 5 -1 -1 -1 -1 -1 -1 788462 0 15 17 15 10 2 5 2 5
0 0 0 1 3 6 1 1 7 1 4 2 5 4 4 5 0 0 0 789462 0 15 17 15 10 2 4 2 5
0 0 0 1 1 6 1 1 7 1 4 2 5 -1 -1 -1 -1 -1 -1 790461 0 15 17 15 10 2 4 2 5
0 0 0 1 1 6 1 4 7 1 4 2 5 -1 -1 -1 -1 -1 -1 791461 1 15 17 15 10 2 4 2 5
0 0 0 1 1 6 1 1 7 1 4 2 5 -1 -1 -1 -1 -1 -1 792461 0 15 17 15 10 2 4 2 5
0 0 0 1 1 6 3 1 7 1 4 2 5 6 4 7 2 0 0 793461 0 15 17 15 10 2 4 2 5
0 0 0 1 1 6 1 1 7 1 4 2 5 -1 -1 -1 -1 -1 -1 794460 0 15 17 15 10 2 4 2 5
0 0 0 4 1 6 1 1 7 1 4 2 5 -1 -1 -1 -1 -1 -1 795460 1 15 17 15 10 2 4 2 5
0 0 0 1 1 1 6 1 7 1 4 2 6 -1 -1 -1 -1 -1 -1 796427 0 15 17 15 12.5 2 4 2 5
0 0 0 1 1 1 7 1 7 1 4 2 6 6 4 6 1 1 1 797226 0 15 17 15 12.5 2 5 2 5
0 0 0 1 1 1 6 1 7 1 4 2 6 -1 -1 -1 -1 -1 -1 798026 0 15 17 15 11.6667 2 5 2 5
0 0 0 1 1 1 4 6 7 1 4 2 7 -1 -1 -1 -1 -1 -1 799026 1 15 17 15 10 2 5 2 5
0 0 0 1 1 1 1 6 7 1 4 2 7 -1 -1 -1 -1 -1 -1 800026 0 15 17 15 10 2 5 2 5
0 0 0 1 1 1 6 3 7 1 4 2 6 7 4 5 0 0 0 801026 0 15 17 15 10 2 5 2 5
0 0 0 1 1 1 6 1 7 1 4 2 6 -1 -1 -1 -1 -1 -1 802025 0 15 17 15 10 2 5 2 5
0 0 0 1 1 6 4 1 7 1 4 2 5 -1 -1 -1 -1 -1 -1 803025 1 15 17 15 10 2 5 2 5
0 0 0 1 6 1 1 1 7 1 4 2 4 -1 -1 -1 -1 -1 -1 804025 0 15 17 15 10 2 5 2 5
0 0 0 1 6 3 1 1 7 1 4 2 4 5 4 6 1 0 0 805025 0 15 17 15 10 2 8 0 5
0 0 0 1 6 1 1 1 7 1 4 2 4 -1 -1 -1 -1 -1 -1 806024 0 15 17 15 10 2 8 0 5
0 0 0 1 1 6 4 1 7 1 4 2 5 -1 -1 -1 -1 -1 -1 807024 1 15 17 15 10 2 8 0 5
0 0 0 1 1 1 1 6 7 1 4 2 7 -1 -1 -1 -1 -1 -1 808024 0 15 17 15 10 2 8 0 5
0 0 0 1 1 1 1 8 7 1 4 2 7 7 4 8 3 0 1 808890 0 15 17 15 12.5 2 4 2 5
0 0 0 1 1 1 6 1 7 1 4 2 6 -1 -1 -1 -1 -1 -1 809690 0 15 17 15 12.5 2 4 2 5
0 0 0 1 1 6 4 1 7 1 4 2 5 -1 -1 -1 -1 -1 -1 810523 1 15 17 15 12.5 2 4 2 5
0 0 0 1 1 6 1 1 7 1 4 2 5 -1 -1 -1 -1 -1 -1 811323 0 15 17 15 12.5 2 4 2 5
0 0 0 1 1 7 1 1 7 1 4 2 5 5 4 6 1 1 1 812123 0 15 17 15 11.1667 2 5 2 5
0 0 0 1 1 6 1 1 7 1 4 2 5 -1 -1 -1 -1 -1 -1 813123 0 15 17 15 10 2 5 2 5
0 0 0 4 6 1 1 1 7 1 4 2 4 -1 -1 -1 -1 -1 -1 814122 1 15 17 15 12.5 2 5 2 5
0 0 0 1 6 1 1 1 7 1 4 2 4 -1 -1 -1 -1 -1 -1 814922 0 15 17 15 12.5 2 5 2 5
0 0 0 1 7 1 1 1 7 1 4 2 4 4 4 5 0 1 1 815722 0 15 17 15 12 2 5 2 5
0 0 0 1 6 1 1 1 7 1 4 2 4 -1 -1 -1 -1 -1 -1 816488 0 15 17 16 13 2 5 2 5
0 0 0 4 6 1 1 1 7 1 4 2 4 -1 -1 -1 -1 -1 -1 817255 1 15 17 16 13 2 5 2 5
0 0 0 1 6 1 1 1 7 1 4 2 4 -1 -1 -1 -1 -1 -1 818021 0 15 17 16 13 2 5 2 5
0 0 0 1 2 8 1 1 7 1 4 2 5 4 4 6 1 1 0 818788 0 15 17 16 13 2 4 2 5
0 0 0 1 1 6 1 1 7 1 4 2 5 -1 -1 -1 -1 -1 -1 819754 0 15 17 15 10 2 4 2 5
0 0 0 1 1 6 4 1 7 1 4 2 5 -1 -1 -1 -1 -1 -1 820754 1 15 17 15 10 2 4 2 5
0 0 0 1 1 6 1 1 7 1 4 2 5 -1 -1 -1 -1 -1 -1 821754 0 15 17 15 10 2 4 2 5
0 0 0 1 1 6 3 1 7 1 4 2 5 6 4 6 1 0 0 822687 0 15 17 15 12.5 2 4 2 5
0 0 0 1 1 6 1 1 7 1 4 2 5 -1 -1 -1 -1 -1 -1 823487 0 15 17 15 12.5 2 4 2 5
0 0 0 1 1 6 4 1 7 1 4 2 5 -1 -1 -1 -1 -1 -1 824320 1 15 17 15 10.6667 2 4 2 5
0 0 0 1 1 6 1 1 7 1 4 2 5 -1 -1 -1 -1 -1 -1 825253 0 15 17 15 12.5 2 4 2 5
0 0 0 1 3 8 1 1 7 1 4 2 5 4 4 5 0 0 1 826053 0 15 17 15 12.5 2 5 2 5
0 0 0 1 1 6 1 1 7 1 4 2 5 -1 -1 -1 -1 -1 -1 826886 0 15 17 15 10.3333 2 5 2 5
0 0 0 4 1 6 1 1 7 1 4 2 5 -1 -1 -1 -1 -1 -1 827852 1 15 17 15 12.5 2 5 2 5
0 0 0 1 1 6 1 1 7 1 4 2 5 -1 -1 -1 -1 -1 -1 828652 0 15 17 15 12.5 2 5 2 5
0 0 0 1 1 7 1 1 7 1 4 2 5 5 4 5 0 1 1 829452 0 15 17 15 11.5 2 5 2 5
0 0 0 1 1 6 1 1 7 1 4 2 5 -1 -1 -1 -1 -1 -1 830418 0 15 17 15 10 2 5 2 5
