% Tunnel Log: 
% debug seed: 1462306145
%
% SegEncNW { '0'=no panel, '1'=panel, '4'=obstacle, '5'=collided obstacle, '6'=player, '7'=player right, '8'=player wrong, '2'=target, '3'=fake }
% SegEncN
% SegEncNE
% SegEncE
% SegEncSE
% SegEncS
% SegEncSW
% SegEncW
% Event Number { 0, inf }
% Task Type { 0=Color/Sound, 1=Shape/Sound, 2=Sound, 3=Navigation, 4=Speed, 5=Training 6=Recess, 7=Special 2-Back }
% N-Back { 0, inf }
% Navigation Level { 0, inf }
% Player Loc { 0=Northwest ... 7=West }
% Pod Loc { -1=N/A, 0=Northwest ... 7=West }
% Pod Color { -1, inf }
% Pod Shape { -1, inf }
% Pod Sound { -1, inf }
% Pod Match { -1=N/A, 0=No, 1=Yes }
% Pod Taken { -1=N/A, 0=No, 1=Yes }
% Timestamp (ms)
% Num Obstacles { 0, inf }
% Min Speed { 0, inf }
% Max Speed { 0, inf }
% Base Speed { 0, inf }
% Final Speed { 0, inf }
% Navigation Score { 0, inf }
% Segment Direction { 0=Northwest ... 7=West }
% Segment Angle { 0, inf }
% Segment Panels { 0, inf }
%
% SegEncNW SecEncN SegEncNE SegEncE SegEncSE SegEncS SegEncSW SegEncW EventNumber TaskType N-Back Navigation PlayerLoc PodLoc PodColor PodShape PodSound PodMatch PodTaken Timestamp NumObs MinSpeed MaxSpeed BaseSpeed FinalSpeed NavScore SegmentDir SegmentAngle SegmentPanels
0 0 0 0 1 6 1 0 0 3 1 0 5 -1 -1 -1 -1 -1 -1 9366 0 15 40 15 60 2 8 0 3
0 0 0 0 1 6 1 0 0 3 1 0 5 -1 -1 -1 -1 -1 -1 9466 0 15 40 15 60 2 8 0 3
0 0 0 0 1 6 1 0 0 3 1 0 5 -1 -1 -1 -1 -1 -1 9633 0 15 40 15 60 2 8 0 3
0 0 0 0 1 6 1 0 0 3 1 0 5 -1 -1 -1 -1 -1 -1 9800 0 15 40 15 60 2 5 2 3
0 0 0 0 1 6 1 0 0 3 1 0 5 -1 -1 -1 -1 -1 -1 9966 0 15 40 15 50 2 5 2 3
0 0 0 0 1 6 1 0 0 3 1 0 5 -1 -1 -1 -1 -1 -1 10266 0 15 40 15 20 2 5 2 3
0 0 0 0 1 6 1 0 0 3 1 0 5 -1 -1 -1 -1 -1 -1 11200 0 15 40 15 10 2 5 2 3
0 0 0 0 1 6 1 0 0 3 1 0 5 -1 -1 -1 -1 -1 -1 12200 0 15 40 15 10 2 6 2 3
0 0 0 0 1 6 1 0 0 3 1 0 5 -1 -1 -1 -1 -1 -1 13200 0 15 40 15 10 2 6 2 3
0 0 0 0 1 6 1 0 0 3 1 0 5 -1 -1 -1 -1 -1 -1 14200 0 15 40 15 10 2 6 2 3
0 0 0 0 1 6 1 0 0 3 1 0 5 -1 -1 -1 -1 -1 -1 15200 0 15 40 15 10 2 6 2 3
0 0 0 0 1 7 1 0 0 3 1 0 5 5 5 4 4 1 1 16200 0 15 40 15 10 2 5 2 3
0 0 0 0 6 1 1 0 0 3 1 0 4 -1 -1 -1 -1 -1 -1 17200 0 15 40 15 10 2 5 2 3
0 0 0 0 6 1 1 0 0 3 1 0 4 -1 -1 -1 -1 -1 -1 18200 0 15 40 15 10 2 5 2 3
0 0 0 0 6 1 1 0 0 3 1 0 4 -1 -1 -1 -1 -1 -1 19200 0 15 40 15 10 2 5 2 3
0 0 0 0 7 1 1 0 0 3 1 0 4 4 5 4 4 1 1 20200 0 15 40 15 10 2 6 2 3
0 0 0 0 6 1 1 0 0 3 1 0 4 -1 -1 -1 -1 -1 -1 21000 0 15 40 16 13 2 6 2 3
0 0 0 0 6 1 1 0 0 3 1 0 4 -1 -1 -1 -1 -1 -1 21800 0 15 40 16 13 2 6 2 3
0 0 0 0 6 1 1 0 0 3 1 0 4 -1 -1 -1 -1 -1 -1 22566 0 15 40 16 13 2 6 2 3
0 0 0 0 7 1 1 0 0 3 1 0 4 4 5 4 4 1 1 23333 0 15 40 16 13 2 5 2 3
0 0 0 0 6 1 1 0 0 3 1 0 4 -1 -1 -1 -1 -1 -1 24099 0 15 40 16 13 2 5 2 3
0 0 0 0 6 1 1 0 0 3 1 0 4 -1 -1 -1 -1 -1 -1 24866 0 15 40 16 13 2 5 2 3
0 0 0 0 6 1 1 0 0 3 1 0 4 -1 -1 -1 -1 -1 -1 25633 0 15 40 16 13 2 5 2 3
0 0 0 1 7 1 1 1 0 3 1 0 4 4 5 4 4 1 1 26399 0 15 40 16 13 2 6 2 5
0 0 0 1 1 6 1 1 0 3 1 1 5 -1 -1 -1 -1 -1 -1 27033 0 15 40 17 16 2 6 2 5
0 0 0 1 1 1 6 1 0 3 1 1 6 -1 -1 -1 -1 -1 -1 27666 0 15 40 17 16 2 6 2 5
0 0 0 1 1 1 6 1 0 3 1 1 6 -1 -1 -1 -1 -1 -1 28299 0 15 40 17 16 2 6 2 5
0 0 0 1 1 1 7 1 0 3 1 1 6 6 5 4 4 1 1 28933 0 15 40 17 16 2 5 2 5
0 0 0 1 1 1 6 1 0 3 1 1 6 -1 -1 -1 -1 -1 -1 29533 0 15 40 17 16 2 5 2 5
0 0 0 1 1 1 6 1 0 3 1 1 6 -1 -1 -1 -1 -1 -1 30166 0 15 40 17 16 2 5 2 5
0 0 0 1 1 1 6 1 0 3 1 1 6 -1 -1 -1 -1 -1 -1 30799 0 15 40 17 16 2 5 2 5
0 0 0 1 1 1 7 1 0 3 1 1 6 6 5 4 4 1 1 31433 0 15 40 17 16 2 8 0 5
0 0 0 1 1 1 6 1 0 3 1 1 6 -1 -1 -1 -1 -1 -1 31966 0 15 40 18 19 2 8 0 5
0 0 0 1 1 6 1 1 0 3 1 1 5 -1 -1 -1 -1 -1 -1 32499 0 15 40 18 19 2 8 0 5
0 0 0 1 6 1 1 1 0 3 1 1 4 -1 -1 -1 -1 -1 -1 32999 0 15 40 18 19 2 8 0 5
0 0 0 1 7 1 1 1 0 3 1 1 4 4 5 4 4 1 1 33533 0 15 40 18 19 2 5 2 5
0 0 0 1 6 1 1 1 0 3 1 1 4 -1 -1 -1 -1 -1 -1 34066 0 15 40 18 19 2 5 2 5
0 0 0 6 1 1 1 1 0 3 1 1 3 -1 -1 -1 -1 -1 -1 34599 0 15 40 18 19 2 5 2 5
0 0 0 6 1 1 1 1 0 3 1 1 3 -1 -1 -1 -1 -1 -1 35133 0 15 40 18 19 2 5 2 5
0 0 0 7 1 1 1 1 0 3 1 1 3 3 5 4 4 1 1 35633 0 15 40 18 19 2 6 2 5
0 0 0 6 1 1 1 1 0 3 1 1 3 -1 -1 -1 -1 -1 -1 36133 0 15 40 19 21 2 6 2 5
0 0 0 6 1 1 1 1 0 3 1 1 3 -1 -1 -1 -1 -1 -1 36599 0 15 40 19 21 2 6 2 5
0 0 0 6 1 1 1 1 0 3 1 1 3 -1 -1 -1 -1 -1 -1 37066 0 15 40 19 21 2 6 2 5
0 0 0 7 1 1 1 1 0 3 1 1 3 3 5 4 4 1 1 37566 0 15 40 19 21 2 5 2 5
0 0 0 6 1 1 1 1 0 3 1 1 3 -1 -1 -1 -1 -1 -1 38033 0 15 40 19 21 2 5 2 5
0 0 0 1 1 6 1 1 0 3 1 1 5 -1 -1 -1 -1 -1 -1 38499 0 15 40 19 21 2 5 2 5
0 0 0 1 1 6 1 1 0 3 1 1 5 -1 -1 -1 -1 -1 -1 38999 0 15 40 19 21 2 5 2 5
0 0 0 1 1 7 1 1 0 3 1 1 5 5 5 4 4 1 1 39466 0 15 40 19 21 2 6 2 5
0 0 0 1 1 6 1 1 0 3 1 2 5 -1 -1 -1 -1 -1 -1 39933 0 15 40 20 22 2 6 2 5
0 0 0 1 1 6 1 1 0 3 1 2 5 -1 -1 -1 -1 -1 -1 40366 0 15 40 20 22 2 6 2 5
0 0 0 1 1 6 1 1 0 3 1 2 5 -1 -1 -1 -1 -1 -1 40833 0 15 40 20 22 2 6 2 5
0 0 0 1 1 7 1 1 0 3 1 2 5 5 5 4 4 1 1 41266 0 15 40 20 22 2 5 2 5
0 0 0 1 6 1 1 1 0 3 1 2 4 -1 -1 -1 -1 -1 -1 41733 0 15 40 20 22 2 5 2 5
0 0 0 1 6 4 1 1 0 3 1 2 4 -1 -1 -1 -1 -1 -1 42199 1 15 40 20 22 2 5 2 5
0 0 0 1 1 6 1 1 0 3 1 2 5 -1 -1 -1 -1 -1 -1 42633 0 15 40 20 22 2 5 2 5
0 0 0 1 1 1 8 2 0 3 1 2 6 7 5 4 4 1 0 43099 0 15 40 20 22 2 6 2 5
0 0 0 1 1 1 1 6 0 3 1 2 7 -1 -1 -1 -1 -1 -1 43566 0 15 40 19 21 2 6 2 5
0 0 0 1 1 4 1 6 0 3 1 2 7 -1 -1 -1 -1 -1 -1 44033 1 15 40 19 21 2 6 2 5
0 0 0 1 1 1 6 1 0 3 1 2 6 -1 -1 -1 -1 -1 -1 44532 0 15 40 19 21 2 6 2 5
0 0 0 1 1 1 7 1 0 3 1 2 6 6 5 4 4 1 1 44999 0 15 40 19 21 2 5 2 5
0 0 0 1 1 1 6 1 0 3 1 2 6 -1 -1 -1 -1 -1 -1 45466 0 15 40 19 21 2 5 2 5
0 0 0 1 1 6 1 4 0 3 1 2 5 -1 -1 -1 -1 -1 -1 45966 1 15 40 19 21 2 5 2 5
0 0 0 1 1 1 6 1 0 3 1 2 6 -1 -1 -1 -1 -1 -1 46432 0 15 40 19 21 2 5 2 5
0 0 0 1 1 1 1 7 0 3 1 2 7 7 5 4 4 1 1 46899 0 15 40 19 21 2 8 0 5
0 0 0 1 1 1 1 6 0 3 1 2 7 -1 -1 -1 -1 -1 -1 47366 0 15 40 20 22 2 8 0 5
0 0 0 4 1 1 1 6 0 3 1 2 7 -1 -1 -1 -1 -1 -1 47832 1 15 40 20 22 2 8 0 5
0 0 0 1 1 1 1 6 0 3 1 2 7 -1 -1 -1 -1 -1 -1 48266 0 15 40 20 22 2 8 0 5
0 0 0 1 1 1 1 7 0 3 1 2 7 7 5 4 4 1 1 48732 0 15 40 20 22 2 5 2 5
0 0 0 1 1 1 6 1 0 3 1 2 6 -1 -1 -1 -1 -1 -1 49166 0 15 40 20 22 2 5 2 5
0 0 0 1 1 1 6 4 0 3 1 2 6 -1 -1 -1 -1 -1 -1 49632 1 15 40 20 22 2 5 2 5
0 0 0 1 1 1 6 1 0 3 1 2 6 -1 -1 -1 -1 -1 -1 50099 0 15 40 20 22 2 5 2 5
0 0 0 1 1 1 7 1 0 3 1 2 6 6 5 4 4 1 1 50532 0 15 40 20 22 2 6 2 5
0 0 0 1 1 1 6 1 0 3 1 2 6 -1 -1 -1 -1 -1 -1 50966 0 15 40 21 23 2 6 2 5
0 0 0 4 1 6 1 1 0 3 1 2 5 -1 -1 -1 -1 -1 -1 51432 1 15 40 21 23 2 6 2 5
0 0 0 1 6 1 1 1 0 3 1 2 4 -1 -1 -1 -1 -1 -1 51866 0 15 40 21 23 2 6 2 5
0 0 0 1 7 1 1 1 0 3 1 2 4 4 5 4 4 1 1 52299 0 15 40 21 23 2 5 2 5
0 0 0 1 6 1 1 1 0 3 1 2 4 -1 -1 -1 -1 -1 -1 52732 0 15 40 21 23 2 5 2 5
0 0 0 1 6 4 1 1 0 3 1 2 4 -1 -1 -1 -1 -1 -1 53166 1 15 40 21 23 2 5 2 5
0 0 0 1 6 1 1 1 0 3 1 2 4 -1 -1 -1 -1 -1 -1 53599 0 15 40 21 23 2 5 2 5
0 0 0 1 7 1 1 1 0 3 1 2 4 4 5 4 4 1 1 54032 0 15 40 21 23 2 6 2 5
0 0 0 1 1 6 1 1 0 3 1 2 5 -1 -1 -1 -1 -1 -1 54432 0 15 40 22 24 2 6 2 5
0 0 0 1 4 1 6 1 0 3 1 2 6 -1 -1 -1 -1 -1 -1 54866 1 15 40 22 24 2 6 2 5
0 0 0 1 1 1 6 1 0 3 1 2 6 -1 -1 -1 -1 -1 -1 55266 0 15 40 22 24 2 6 2 5
0 0 0 1 1 1 7 1 0 3 1 2 6 6 5 4 4 1 1 55699 0 15 40 22 24 2 5 2 5
0 0 0 1 1 1 6 1 0 3 1 2 6 -1 -1 -1 -1 -1 -1 56099 0 15 40 22 24 2 5 2 5
0 0 0 1 1 6 1 4 0 3 1 2 5 -1 -1 -1 -1 -1 -1 56532 1 15 40 22 24 2 5 2 5
0 0 0 1 1 1 6 1 0 3 1 2 6 -1 -1 -1 -1 -1 -1 56932 0 15 40 22 24 2 5 2 5
0 0 0 1 1 1 7 1 0 3 1 2 6 6 5 4 4 1 1 57366 0 15 40 22 24 2 6 2 5
0 0 0 1 1 1 6 1 0 3 1 2 6 -1 -1 -1 -1 -1 -1 57766 0 15 40 23 25 2 6 2 5
0 0 0 4 1 6 1 1 0 3 1 2 5 -1 -1 -1 -1 -1 -1 58166 1 15 40 23 25 2 6 2 5
0 0 0 1 1 6 1 1 0 3 1 2 5 -1 -1 -1 -1 -1 -1 58566 0 15 40 23 25 2 6 2 5
0 0 0 1 1 7 1 1 0 3 1 2 5 5 5 4 4 1 1 58966 0 15 40 23 25 2 5 2 5
0 0 0 1 1 6 1 1 0 3 1 2 5 -1 -1 -1 -1 -1 -1 59366 0 15 40 23 25 2 5 2 5
0 0 0 6 1 1 4 1 0 3 1 2 3 -1 -1 -1 -1 -1 -1 59766 1 15 40 23 25 2 5 2 5
0 0 0 6 1 1 1 1 0 3 1 2 3 -1 -1 -1 -1 -1 -1 60166 0 15 40 23 25 2 5 2 5
0 0 0 7 1 1 1 1 0 3 1 2 3 3 5 4 4 1 1 60566 0 15 40 23 25 2 8 0 5
0 0 0 1 6 1 1 1 0 3 1 2 4 -1 -1 -1 -1 -1 -1 60966 0 15 40 24 25.5 2 8 0 5
0 0 0 4 6 1 1 1 0 3 1 2 4 -1 -1 -1 -1 -1 -1 61332 1 15 40 24 25.5 2 8 0 5
0 0 0 1 1 6 1 1 0 3 1 2 5 -1 -1 -1 -1 -1 -1 61732 0 15 40 24 25.5 2 8 0 5
0 0 0 1 1 7 1 1 0 3 1 2 5 5 5 4 4 1 1 62132 0 15 40 24 25.5 2 5 2 5
0 0 0 1 1 6 1 1 0 3 1 2 5 -1 -1 -1 -1 -1 -1 62532 0 15 40 24 25.5 2 5 2 5
0 0 0 1 1 6 4 1 0 3 1 2 5 -1 -1 -1 -1 -1 -1 62899 1 15 40 24 25.5 2 5 2 5
0 0 0 1 1 6 1 1 0 3 1 2 5 -1 -1 -1 -1 -1 -1 63299 0 15 40 24 25.5 2 5 2 5
0 0 0 1 1 7 1 1 0 3 1 2 5 5 5 4 4 1 1 63699 0 15 40 24 25.5 2 6 2 5
0 0 0 1 1 6 1 1 0 3 1 2 5 -1 -1 -1 -1 -1 -1 64099 0 15 40 25 26 2 6 2 5
0 0 0 1 6 1 1 4 0 3 1 2 4 -1 -1 -1 -1 -1 -1 64466 1 15 40 25 26 2 6 2 5
0 0 0 6 1 1 1 1 0 3 1 2 3 -1 -1 -1 -1 -1 -1 64866 0 15 40 25 26 2 6 2 5
0 0 0 7 1 1 1 1 0 3 1 2 3 3 5 4 4 1 1 65232 0 15 40 25 26 2 5 2 5
0 0 0 6 1 1 1 1 0 3 1 2 3 -1 -1 -1 -1 -1 -1 65632 0 15 40 25 26 2 5 2 5
0 0 0 6 4 1 1 1 0 3 1 2 3 -1 -1 -1 -1 -1 -1 65999 1 15 40 25 26 2 5 2 5
0 0 0 6 1 1 1 1 0 3 1 2 3 -1 -1 -1 -1 -1 -1 66399 0 15 40 25 26 2 5 2 5
0 0 0 7 1 1 1 1 0 3 1 2 3 3 5 4 4 1 1 66765 0 15 40 25 26 2 6 2 5
0 0 0 6 1 1 1 1 0 3 1 2 3 -1 -1 -1 -1 -1 -1 67165 0 15 40 26 26.5 2 6 2 5
0 0 0 1 6 1 4 1 0 3 1 2 4 -1 -1 -1 -1 -1 -1 67532 1 15 40 26 26.5 2 6 2 5
0 0 0 1 6 1 1 1 0 3 1 2 4 -1 -1 -1 -1 -1 -1 67899 0 15 40 26 26.5 2 6 2 5
0 0 0 1 7 1 1 1 0 3 1 2 4 4 5 4 4 1 1 68299 0 15 40 26 26.5 2 5 2 5
0 0 0 1 6 1 1 1 0 3 1 2 4 -1 -1 -1 -1 -1 -1 68665 0 15 40 26 26.5 2 5 2 5
0 0 0 4 6 1 1 1 0 3 1 2 4 -1 -1 -1 -1 -1 -1 69032 1 15 40 26 26.5 2 5 2 5
0 0 0 0 1 6 1 0 1 4 1 0 5 -1 -1 -1 -1 -1 -1 78099 0 15 40 15 60 2 8 0 3
0 0 0 0 1 6 1 0 1 4 1 0 5 -1 -1 -1 -1 -1 -1 78265 0 15 40 15 60 2 8 0 3
0 0 0 0 1 6 1 0 1 4 1 0 5 -1 -1 -1 -1 -1 -1 78432 0 15 40 15 60 2 4 2 3
0 0 0 0 1 6 1 0 1 4 1 0 5 -1 -1 -1 -1 -1 -1 78599 0 15 40 15 50 2 4 2 3
0 0 0 0 1 6 1 0 1 4 1 0 5 -1 -1 -1 -1 -1 -1 78899 0 15 40 15 20 2 4 2 3
0 0 0 0 1 6 1 0 1 4 1 0 5 -1 -1 -1 -1 -1 -1 79832 0 15 40 15 10 2 4 2 3
0 0 0 0 1 6 1 0 1 4 1 0 5 -1 -1 -1 -1 -1 -1 80832 0 15 40 15 10 2 5 2 3
0 0 0 0 1 6 1 0 1 4 1 0 5 -1 -1 -1 -1 -1 -1 81832 0 15 40 15 10 2 5 2 3
0 0 0 0 1 1 6 0 1 4 1 0 6 -1 -1 -1 -1 -1 -1 82832 0 15 40 15 10 2 5 2 3
0 0 0 0 1 1 6 0 1 4 1 0 6 -1 -1 -1 -1 -1 -1 83832 0 15 40 15 10 2 5 2 3
0 0 0 0 1 3 6 0 1 4 1 0 6 5 3 8 3 0 0 84832 0 15 40 15 10 2 6 2 3
0 0 0 0 1 1 6 0 1 4 1 0 6 -1 -1 -1 -1 -1 -1 85832 0 15 40 15 10 2 6 2 3
0 0 0 0 1 6 1 0 1 4 1 0 5 -1 -1 -1 -1 -1 -1 86832 0 15 40 15 10 2 6 2 3
0 0 0 0 1 6 1 0 1 4 1 0 5 -1 -1 -1 -1 -1 -1 87832 0 15 40 15 10 2 6 2 3
0 0 0 0 1 6 3 0 1 4 1 0 5 6 1 7 2 0 0 88832 0 15 40 15 10 2 6 2 3
0 0 0 0 6 1 1 0 1 4 1 0 4 -1 -1 -1 -1 -1 -1 89832 0 15 40 15 10 2 6 2 3
0 0 0 0 1 6 1 0 1 4 1 0 5 -1 -1 -1 -1 -1 -1 90832 0 15 40 15 10 2 6 2 3
0 0 0 0 1 6 1 0 1 4 1 0 5 -1 -1 -1 -1 -1 -1 91832 0 15 40 15 10 2 6 2 3
0 0 0 0 3 6 1 0 1 4 1 0 5 4 3 8 3 0 0 92832 0 15 40 15 10 2 5 2 3
0 0 0 0 6 1 1 0 1 4 1 0 4 -1 -1 -1 -1 -1 -1 93832 0 15 40 15 10 2 5 2 3
0 0 0 0 6 1 1 0 1 4 1 0 4 -1 -1 -1 -1 -1 -1 94832 0 15 40 15 10 2 5 2 3
0 0 0 0 6 1 1 0 1 4 1 0 4 -1 -1 -1 -1 -1 -1 95832 0 15 40 15 10 2 5 2 3
0 0 0 1 7 1 1 1 1 4 1 0 4 4 3 8 3 1 1 96832 0 15 40 15 10 2 6 2 5
0 0 0 1 6 1 1 1 1 4 1 1 4 -1 -1 -1 -1 -1 -1 97832 0 15 40 15 10 2 6 2 5
0 0 0 1 1 6 1 1 1 4 1 1 5 -1 -1 -1 -1 -1 -1 98832 0 15 40 15 10 2 6 2 5
0 0 0 1 1 6 1 1 1 4 1 1 5 -1 -1 -1 -1 -1 -1 99832 0 15 40 15 10 2 6 2 5
0 0 0 1 3 6 1 1 1 4 1 1 5 4 1 7 2 0 0 100832 0 15 40 15 10 2 6 2 5
0 0 0 1 1 6 1 1 1 4 1 1 5 -1 -1 -1 -1 -1 -1 101832 0 15 40 15 10 2 6 2 5
0 0 0 1 1 6 1 1 1 4 1 1 5 -1 -1 -1 -1 -1 -1 102832 0 15 40 15 10 2 6 2 5
0 0 0 1 1 6 1 1 1 4 1 1 5 -1 -1 -1 -1 -1 -1 103832 0 15 40 15 10 2 6 2 5
0 0 0 1 3 6 1 1 1 4 1 1 5 4 2 5 0 0 0 104832 0 15 40 15 10 2 8 0 5
0 0 0 1 1 6 1 1 1 4 1 1 5 -1 -1 -1 -1 -1 -1 105832 0 15 40 15 10 2 8 0 5
0 0 0 1 1 6 1 1 1 4 1 1 5 -1 -1 -1 -1 -1 -1 106832 0 15 40 15 10 2 8 0 5
0 0 0 1 1 6 1 1 1 4 1 1 5 -1 -1 -1 -1 -1 -1 107832 0 15 40 15 10 2 8 0 5
0 0 0 3 1 6 1 1 1 4 1 1 5 3 3 8 3 0 0 108832 0 15 40 15 10 2 4 2 5
0 0 0 1 1 6 1 1 1 4 1 1 5 -1 -1 -1 -1 -1 -1 109832 0 15 40 15 10 2 4 2 5
0 0 0 1 1 6 1 1 1 4 1 1 5 -1 -1 -1 -1 -1 -1 110831 0 15 40 15 10 2 4 2 5
0 0 0 1 1 6 1 1 1 4 1 1 5 -1 -1 -1 -1 -1 -1 111831 0 15 40 15 10 2 4 2 5
0 0 0 1 3 6 1 1 1 4 1 1 5 4 0 6 1 0 0 112831 0 15 40 15 10 2 5 2 5
0 0 0 1 6 1 1 1 1 4 1 1 4 -1 -1 -1 -1 -1 -1 113831 0 15 40 15 10 2 5 2 5
0 0 0 6 1 1 1 1 1 4 1 1 3 -1 -1 -1 -1 -1 -1 114831 0 15 40 15 10 2 5 2 5
0 0 0 6 1 1 1 1 1 4 1 1 3 -1 -1 -1 -1 -1 -1 115831 0 15 40 15 10 2 5 2 5
0 0 0 7 1 1 1 1 1 4 1 1 3 3 0 6 1 1 1 116831 0 15 40 15 10 2 6 2 5
0 0 0 6 1 1 1 1 1 4 1 1 3 -1 -1 -1 -1 -1 -1 117631 0 15 40 16 13 2 6 2 5
0 0 0 6 1 1 1 1 1 4 1 1 3 -1 -1 -1 -1 -1 -1 118398 0 15 40 16 13 2 6 2 5
0 0 0 6 1 1 1 1 1 4 1 1 3 -1 -1 -1 -1 -1 -1 119165 0 15 40 16 13 2 6 2 5
0 0 0 6 1 3 1 1 1 4 1 1 3 5 1 7 2 0 0 119931 0 15 40 16 13 2 6 2 5
0 0 0 1 6 1 1 1 1 4 1 2 4 -1 -1 -1 -1 -1 -1 120731 0 15 40 16 13 2 6 2 5
0 0 0 1 6 1 1 1 1 4 1 2 4 -1 -1 -1 -1 -1 -1 121498 0 15 40 16 13 2 6 2 5
0 0 0 1 1 6 1 1 1 4 1 2 5 -1 -1 -1 -1 -1 -1 122265 0 15 40 16 13 2 6 2 5
0 0 0 3 1 6 1 1 1 4 1 2 5 3 2 5 0 0 0 123031 0 15 40 16 13 2 5 2 5
0 0 0 1 1 6 1 1 1 4 1 2 5 -1 -1 -1 -1 -1 -1 123798 0 15 40 16 13 2 5 2 5
0 0 0 1 6 1 1 4 1 4 1 2 4 -1 -1 -1 -1 -1 -1 124565 1 15 40 16 13 2 5 2 5
0 0 0 1 6 1 1 1 1 4 1 2 4 -1 -1 -1 -1 -1 -1 125331 0 15 40 16 13 2 5 2 5
0 0 0 1 6 3 1 1 1 4 1 2 4 5 3 8 3 0 0 126098 0 15 40 16 13 2 6 2 5
0 0 0 1 6 1 1 1 1 4 1 2 4 -1 -1 -1 -1 -1 -1 126865 0 15 40 16 13 2 6 2 5
0 0 0 1 6 4 1 1 1 4 1 2 4 -1 -1 -1 -1 -1 -1 127631 1 15 40 16 13 2 6 2 5
0 0 0 1 1 6 1 1 1 4 1 2 5 -1 -1 -1 -1 -1 -1 128398 0 15 40 16 13 2 6 2 5
0 0 0 1 1 1 7 1 1 4 1 2 6 6 3 8 3 1 1 129165 0 15 40 16 13 2 6 2 5
0 0 0 1 1 6 1 1 1 4 1 2 5 -1 -1 -1 -1 -1 -1 129932 0 15 40 16 13 2 6 2 5
0 0 0 1 1 6 4 1 1 4 1 2 5 -1 -1 -1 -1 -1 -1 130732 1 15 40 16 13 2 6 2 5
0 0 0 1 1 6 1 1 1 4 1 2 5 -1 -1 -1 -1 -1 -1 131499 0 15 40 16 13 2 6 2 5
0 0 0 1 6 1 3 1 1 4 1 2 4 6 1 7 2 0 0 132265 0 15 40 16 13 2 8 0 5
0 0 0 1 6 1 1 1 1 4 1 2 4 -1 -1 -1 -1 -1 -1 133032 0 15 40 16 13 2 8 0 5
0 0 0 6 1 4 1 1 1 4 1 2 3 -1 -1 -1 -1 -1 -1 133799 1 15 40 16 13 2 8 0 5
0 0 0 6 1 1 1 1 1 4 1 2 3 -1 -1 -1 -1 -1 -1 134566 0 15 40 16 13 2 8 0 5
0 0 0 6 3 1 1 1 1 4 1 2 3 4 0 6 1 0 0 135333 0 15 40 16 13 2 4 2 5
0 0 0 6 1 1 1 1 1 4 1 2 3 -1 -1 -1 -1 -1 -1 136100 0 15 40 16 13 2 4 2 5
0 0 0 1 6 1 4 1 1 4 1 2 4 -1 -1 -1 -1 -1 -1 136866 1 15 40 16 13 2 4 2 5
0 0 0 1 6 1 1 1 1 4 1 2 4 -1 -1 -1 -1 -1 -1 137633 0 15 40 16 13 2 4 2 5
0 0 0 1 1 6 1 1 2 0 1 2 5 -1 -1 -1 -1 -1 -1 147935 0 15 17 17 60 2 8 0 5
0 0 0 1 1 6 1 1 2 0 1 2 5 -1 -1 -1 -1 -1 -1 148102 0 15 17 17 60 2 8 0 5
0 0 0 1 1 6 1 1 2 0 1 2 5 -1 -1 -1 -1 -1 -1 148269 0 15 17 17 60 2 4 2 5
0 0 0 1 1 6 1 1 2 0 1 2 5 -1 -1 -1 -1 -1 -1 148436 0 15 17 17 51.2 2 4 2 5
0 0 0 1 1 6 1 1 2 0 1 2 5 -1 -1 -1 -1 -1 -1 148702 0 15 17 17 27.7333 2 4 2 5
0 0 0 1 1 6 1 1 2 0 1 2 5 -1 -1 -1 -1 -1 -1 149269 0 15 17 17 16 2 4 2 5
0 0 0 1 1 6 1 1 2 0 1 2 5 -1 -1 -1 -1 -1 -1 149903 0 15 17 17 16 2 5 2 5
0 0 0 1 1 6 1 1 2 0 1 2 5 -1 -1 -1 -1 -1 -1 150536 0 15 17 17 16 2 5 2 5
0 0 0 1 1 6 1 1 2 0 1 2 5 -1 -1 -1 -1 -1 -1 151136 0 15 17 17 16 2 5 2 5
0 0 0 1 1 6 1 1 2 0 1 2 5 -1 -1 -1 -1 -1 -1 151703 0 15 17 17 20 2 5 2 5
0 0 0 1 3 6 1 1 2 0 1 2 5 4 1 4 2 0 0 152203 0 15 17 17 20 2 5 2 5
0 0 0 1 1 6 1 1 2 0 1 2 5 -1 -1 -1 -1 -1 -1 152703 0 15 17 17 20 2 5 2 5
0 0 0 1 4 6 1 1 2 0 1 2 5 -1 -1 -1 -1 -1 -1 153203 1 15 17 17 17.8667 2 5 2 5
0 0 0 1 1 6 1 1 2 0 1 2 5 -1 -1 -1 -1 -1 -1 153837 0 15 17 17 16 2 5 2 5
0 0 0 1 1 1 8 1 2 0 1 2 6 6 2 4 0 0 1 154470 0 15 17 17 16 2 5 2 5
0 0 0 1 1 1 6 1 2 0 1 2 6 -1 -1 -1 -1 -1 -1 155204 0 15 17 16 13 2 5 2 5
0 0 0 1 1 4 6 1 2 0 1 2 6 -1 -1 -1 -1 -1 -1 155971 1 15 17 16 13 2 5 2 5
0 0 0 1 1 1 6 1 2 0 1 2 6 -1 -1 -1 -1 -1 -1 156737 0 15 17 16 13 2 5 2 5
0 0 0 1 3 1 6 1 2 0 1 2 6 4 3 4 3 0 0 157438 0 15 17 16 16.25 2 6 2 5
0 0 0 1 1 1 6 1 2 0 1 2 6 -1 -1 -1 -1 -1 -1 158038 0 15 17 16 16.25 2 6 2 5
0 0 0 1 1 4 6 1 2 0 1 2 6 -1 -1 -1 -1 -1 -1 158671 1 15 17 16 16.25 2 6 2 5
0 0 0 1 1 6 1 1 2 0 1 2 5 -1 -1 -1 -1 -1 -1 159371 0 15 17 16 13 2 6 2 5
0 0 0 1 7 1 1 1 2 0 1 2 4 4 3 4 3 1 1 160138 0 15 17 16 13 2 4 2 5
0 0 0 1 6 1 1 1 2 0 1 2 4 -1 -1 -1 -1 -1 -1 160905 0 15 17 16 13 2 4 2 5
0 0 0 1 6 4 1 1 2 0 1 2 4 -1 -1 -1 -1 -1 -1 161672 1 15 17 16 13 2 4 2 5
0 0 0 1 6 1 1 1 2 0 1 2 4 -1 -1 -1 -1 -1 -1 162439 0 15 17 16 13 2 4 2 5
0 0 0 3 6 1 1 1 2 0 1 2 4 3 1 4 2 0 0 163205 0 15 17 16 13 2 4 2 5
0 0 0 1 6 1 1 1 2 0 1 2 4 -1 -1 -1 -1 -1 -1 163972 0 15 17 16 13 2 4 2 5
0 0 0 4 6 1 1 1 2 0 1 2 4 -1 -1 -1 -1 -1 -1 164739 1 15 17 16 13 2 4 2 5
0 0 0 6 1 1 1 1 2 0 1 2 3 -1 -1 -1 -1 -1 -1 165539 0 15 17 16 13 2 4 2 5
0 0 0 7 1 1 1 1 2 0 1 2 3 3 1 4 2 1 1 166306 0 15 17 16 13 2 8 0 5
0 0 0 6 1 1 1 1 2 0 1 2 3 -1 -1 -1 -1 -1 -1 166940 0 15 17 17 16 2 8 0 5
0 0 0 1 6 1 1 4 2 0 1 2 4 -1 -1 -1 -1 -1 -1 167573 1 15 17 17 16 2 8 0 5
0 0 0 1 6 1 1 1 2 0 1 2 4 -1 -1 -1 -1 -1 -1 168206 0 15 17 17 16 2 8 0 5
0 0 0 1 6 3 1 1 2 0 1 2 4 5 3 4 3 0 0 168807 0 15 17 17 16 2 4 2 5
0 0 0 1 1 6 1 1 2 0 1 2 5 -1 -1 -1 -1 -1 -1 169440 0 15 17 17 16 2 4 2 5
0 0 0 1 1 6 1 4 2 0 1 2 5 -1 -1 -1 -1 -1 -1 170074 1 15 17 17 16 2 4 2 5
0 0 0 6 1 1 1 1 2 0 1 2 3 -1 -1 -1 -1 -1 -1 170707 0 15 17 17 16 2 4 2 5
0 0 0 7 1 1 1 1 2 0 1 2 3 3 3 4 3 1 1 171307 0 15 17 17 16 2 5 2 5
0 0 0 6 1 1 1 1 2 0 1 2 3 -1 -1 -1 -1 -1 -1 171941 0 15 17 17 16 2 5 2 5
0 0 0 6 1 1 4 1 2 0 1 2 3 -1 -1 -1 -1 -1 -1 172574 1 15 17 17 16 2 5 2 5
0 0 0 1 1 6 1 1 2 0 1 2 5 -1 -1 -1 -1 -1 -1 173208 0 15 17 17 16 2 5 2 5
0 0 0 1 3 1 6 1 2 0 1 2 6 4 0 4 1 0 0 173808 0 15 17 17 16 2 5 2 5
0 0 0 1 1 1 6 1 2 0 1 2 6 -1 -1 -1 -1 -1 -1 174441 0 15 17 17 16 2 5 2 5
0 0 0 1 1 4 6 1 2 0 1 2 6 -1 -1 -1 -1 -1 -1 175075 1 15 17 17 16 2 5 2 5
0 0 0 1 1 6 1 1 2 0 1 2 5 -1 -1 -1 -1 -1 -1 175708 0 15 17 17 16 2 5 2 5
0 0 0 1 1 6 3 1 2 0 1 2 5 6 2 4 0 0 0 176308 0 15 17 17 16 2 5 2 5
0 0 0 1 1 6 1 1 2 0 1 2 5 -1 -1 -1 -1 -1 -1 176942 0 15 17 17 16 2 5 2 5
0 0 0 1 4 6 1 1 2 0 1 2 5 -1 -1 -1 -1 -1 -1 177475 1 15 17 17 20 2 5 2 5
0 0 0 1 6 1 1 1 2 0 1 2 4 -1 -1 -1 -1 -1 -1 177975 0 15 17 17 20 2 5 2 5
0 0 0 1 6 3 1 1 2 0 1 2 4 5 1 4 2 0 0 178475 0 15 17 17 20 2 6 2 5
0 0 0 1 6 1 1 1 2 0 1 2 4 -1 -1 -1 -1 -1 -1 179009 0 15 17 17 17.0667 2 6 2 5
0 0 0 1 6 4 1 1 2 0 1 2 4 -1 -1 -1 -1 -1 -1 179609 1 15 17 17 16 2 6 2 5
0 0 0 1 1 6 1 1 2 0 1 2 5 -1 -1 -1 -1 -1 -1 180242 0 15 17 17 16 2 6 2 5
0 0 0 1 1 7 1 1 2 0 1 2 5 5 1 4 2 1 1 180876 0 15 17 17 16 2 4 2 5
0 0 0 1 6 1 1 1 2 0 1 2 4 -1 -1 -1 -1 -1 -1 181509 0 15 17 17 16 2 4 2 5
0 0 0 1 6 4 1 1 2 0 1 2 4 -1 -1 -1 -1 -1 -1 182109 1 15 17 17 16 2 4 2 5
0 0 0 1 6 1 1 1 2 0 1 2 4 -1 -1 -1 -1 -1 -1 182743 0 15 17 17 16 2 4 2 5
0 0 0 3 6 1 1 1 2 0 1 2 4 3 0 4 1 0 0 183343 0 15 17 17 20 2 4 2 5
0 0 0 6 1 1 1 1 2 0 1 2 3 -1 -1 -1 -1 -1 -1 183843 0 15 17 17 20 2 4 2 5
0 0 0 6 1 4 1 1 2 0 1 2 3 -1 -1 -1 -1 -1 -1 184343 1 15 17 17 20 2 4 2 5
0 0 0 6 1 1 1 1 2 0 1 2 3 -1 -1 -1 -1 -1 -1 184843 0 15 17 17 19.4667 2 4 2 5
0 0 0 7 1 1 1 1 2 0 1 2 3 3 0 4 1 1 1 185443 0 15 17 17 16 2 8 0 5
0 0 0 6 1 1 1 1 2 0 1 2 3 -1 -1 -1 -1 -1 -1 186044 0 15 17 17 16 2 8 0 5
0 0 0 1 6 1 4 1 2 0 1 2 4 -1 -1 -1 -1 -1 -1 186677 1 15 17 17 16 2 8 0 5
0 0 0 1 6 1 1 1 2 0 1 2 4 -1 -1 -1 -1 -1 -1 187311 0 15 17 17 16 2 8 0 5
0 0 0 3 1 6 1 1 2 0 1 2 5 3 3 4 3 0 0 187944 0 15 17 17 16 2 4 2 5
0 0 0 1 1 6 1 1 2 0 1 2 5 -1 -1 -1 -1 -1 -1 188544 0 15 17 17 16 2 4 2 5
0 0 0 1 4 6 1 1 2 0 1 2 5 -1 -1 -1 -1 -1 -1 189178 1 15 17 17 16 2 4 2 5
0 0 0 1 1 6 1 1 2 0 1 2 5 -1 -1 -1 -1 -1 -1 189811 0 15 17 17 16 2 4 2 5
0 0 0 1 1 7 1 1 2 0 1 2 5 5 3 4 3 1 1 190445 0 15 17 17 16 2 5 2 5
0 0 0 1 1 6 1 1 3 1 1 2 5 -1 -1 -1 -1 -1 -1 199146 0 15 17 16 60 2 8 0 5
0 0 0 1 1 6 1 1 3 1 1 2 5 -1 -1 -1 -1 -1 -1 199313 0 15 17 16 60 2 8 0 5
0 0 0 1 1 6 1 1 3 1 1 2 5 -1 -1 -1 -1 -1 -1 199480 0 15 17 16 60 2 4 2 5
0 0 0 1 1 6 1 1 3 1 1 2 5 -1 -1 -1 -1 -1 -1 199647 0 15 17 16 50.6 2 4 2 5
0 0 0 1 1 6 1 1 3 1 1 2 5 -1 -1 -1 -1 -1 -1 199913 0 15 17 16 27.9166 2 4 2 5
0 0 0 1 1 6 1 1 3 1 1 2 5 -1 -1 -1 -1 -1 -1 200513 0 15 17 16 16.25 2 4 2 5
0 0 0 1 1 6 1 1 3 1 1 2 5 -1 -1 -1 -1 -1 -1 201114 0 15 17 16 16.25 2 6 2 5
0 0 0 1 1 6 1 1 3 1 1 2 5 -1 -1 -1 -1 -1 -1 201747 0 15 17 16 14.0833 2 6 2 5
0 0 0 1 1 6 1 1 3 1 1 2 5 -1 -1 -1 -1 -1 -1 202514 0 15 17 16 13 2 6 2 5
0 0 0 1 1 6 1 1 3 1 1 2 5 -1 -1 -1 -1 -1 -1 203281 0 15 17 16 13 2 6 2 5
0 0 0 1 3 6 1 1 3 1 1 2 5 4 4 7 2 0 0 204047 0 15 17 16 13 2 6 2 5
0 0 0 1 6 1 1 1 3 1 1 2 4 -1 -1 -1 -1 -1 -1 204681 0 15 17 16 16.25 2 6 2 5
0 0 0 1 6 4 1 1 3 1 1 2 4 -1 -1 -1 -1 -1 -1 205314 1 15 17 16 16.25 2 6 2 5
0 0 0 1 6 1 1 1 3 1 1 2 4 -1 -1 -1 -1 -1 -1 205948 0 15 17 16 14.5167 2 6 2 5
0 0 0 1 6 1 3 1 3 1 1 2 4 6 4 8 3 0 0 206681 0 15 17 16 13 2 6 2 5
0 0 0 1 6 1 1 1 3 1 1 2 4 -1 -1 -1 -1 -1 -1 207448 0 15 17 16 13 2 6 2 5
0 0 0 1 6 4 1 1 3 1 1 2 4 -1 -1 -1 -1 -1 -1 208215 1 15 17 16 13 2 6 2 5
0 0 0 1 1 6 1 1 3 1 1 2 5 -1 -1 -1 -1 -1 -1 208982 0 15 17 16 13 2 6 2 5
0 0 0 1 1 1 1 7 3 1 1 2 7 7 4 8 3 1 1 209749 0 15 17 16 13 2 5 2 5
0 0 0 1 1 1 1 6 3 1 1 2 7 -1 -1 -1 -1 -1 -1 210549 0 15 17 16 13 2 5 2 5
0 0 0 4 1 1 6 1 3 1 1 2 6 -1 -1 -1 -1 -1 -1 211316 1 15 17 16 13 2 5 2 5
0 0 0 1 1 1 6 1 3 1 1 2 6 -1 -1 -1 -1 -1 -1 212083 0 15 17 16 13 2 5 2 5
0 0 0 1 1 1 7 1 3 1 1 2 6 6 4 8 3 1 1 212849 0 15 17 16 13 2 5 2 5
0 0 0 1 1 1 6 1 3 1 1 2 6 -1 -1 -1 -1 -1 -1 213383 0 15 17 17 20 2 5 2 5
0 0 0 4 1 1 6 1 3 1 1 2 6 -1 -1 -1 -1 -1 -1 213883 1 15 17 17 20 2 5 2 5
0 0 0 1 1 6 1 1 3 1 1 2 5 -1 -1 -1 -1 -1 -1 214383 0 15 17 17 20 2 5 2 5
0 0 0 1 3 6 1 1 3 1 1 2 5 4 4 5 0 0 0 214916 0 15 17 17 16.8 2 4 2 5
0 0 0 1 1 6 1 1 3 1 1 2 5 -1 -1 -1 -1 -1 -1 215550 0 15 17 17 16 2 4 2 5
0 0 0 1 1 6 1 4 3 1 1 2 5 -1 -1 -1 -1 -1 -1 216150 1 15 17 17 20 2 4 2 5
0 0 0 1 1 6 1 1 3 1 1 2 5 -1 -1 -1 -1 -1 -1 216650 0 15 17 17 20 2 4 2 5
0 0 0 1 3 6 1 1 3 1 1 2 5 4 4 7 2 0 0 217150 0 15 17 17 20 2 8 0 5
0 0 0 1 1 6 1 1 3 1 1 2 5 -1 -1 -1 -1 -1 -1 217650 0 15 17 17 20 2 8 0 5
0 0 0 1 1 6 4 1 3 1 1 2 5 -1 -1 -1 -1 -1 -1 218217 1 15 17 17 16 2 8 0 5
0 0 0 1 6 1 1 1 3 1 1 2 4 -1 -1 -1 -1 -1 -1 218851 0 15 17 17 16 2 8 0 5
0 0 0 1 6 3 1 1 3 1 1 2 4 5 4 5 0 0 0 219484 0 15 17 17 16 2 4 2 5
0 0 0 1 6 1 1 1 3 1 1 2 4 -1 -1 -1 -1 -1 -1 220118 0 15 17 17 16 2 4 2 5
0 0 0 4 1 6 1 1 3 1 1 2 5 -1 -1 -1 -1 -1 -1 220718 1 15 17 17 16 2 4 2 5
0 0 0 1 1 6 1 1 3 1 1 2 5 -1 -1 -1 -1 -1 -1 221351 0 15 17 17 16 2 4 2 5
0 0 0 3 1 1 6 1 3 1 1 2 6 3 4 8 3 0 0 221985 0 15 17 17 16 2 6 2 5
0 0 0 1 1 1 6 1 3 1 1 2 6 -1 -1 -1 -1 -1 -1 222618 0 15 17 17 16 2 6 2 5
0 0 0 1 1 4 6 1 3 1 1 2 6 -1 -1 -1 -1 -1 -1 223218 1 15 17 17 16 2 6 2 5
0 0 0 1 1 1 6 1 3 1 1 2 6 -1 -1 -1 -1 -1 -1 223852 0 15 17 17 16 2 6 2 5
0 0 0 1 3 6 1 1 3 1 1 2 5 4 4 6 1 0 0 224485 0 15 17 17 16 2 6 2 5
0 0 0 1 1 6 1 1 3 1 1 2 5 -1 -1 -1 -1 -1 -1 225119 0 15 17 17 16 2 6 2 5
0 0 0 1 1 6 1 4 3 1 1 2 5 -1 -1 -1 -1 -1 -1 225719 1 15 17 17 16 2 6 2 5
0 0 0 1 1 6 1 1 3 1 1 2 5 -1 -1 -1 -1 -1 -1 226352 0 15 17 17 16 2 6 2 5
0 0 0 1 3 6 1 1 3 1 1 2 5 4 4 5 0 0 0 226986 0 15 17 17 16 2 6 2 5
0 0 0 1 1 1 6 1 3 1 1 2 6 -1 -1 -1 -1 -1 -1 227619 0 15 17 17 16 2 6 2 5
0 0 0 1 4 1 6 1 3 1 1 2 6 -1 -1 -1 -1 -1 -1 228219 1 15 17 17 16 2 6 2 5
0 0 0 1 6 1 1 1 3 1 1 2 4 -1 -1 -1 -1 -1 -1 228853 0 15 17 17 16 2 6 2 5
0 0 0 1 7 1 1 1 3 1 1 2 4 4 4 5 0 1 1 229486 0 15 17 17 16 2 5 2 5
0 0 0 1 6 1 1 1 3 1 1 2 4 -1 -1 -1 -1 -1 -1 230120 0 15 17 17 16 2 5 2 5
0 0 0 1 6 1 1 4 3 1 1 2 4 -1 -1 -1 -1 -1 -1 230720 1 15 17 17 16 2 5 2 5
0 0 0 1 6 1 1 1 3 1 1 2 4 -1 -1 -1 -1 -1 -1 231353 0 15 17 17 16 2 5 2 5
0 0 0 1 7 1 1 1 3 1 1 2 4 4 4 5 0 1 1 231987 0 15 17 17 16 2 5 2 5
0 0 0 1 1 6 1 1 3 1 1 2 5 -1 -1 -1 -1 -1 -1 232620 0 15 17 17 16 2 5 2 5
0 0 0 1 4 1 6 1 3 1 1 2 6 -1 -1 -1 -1 -1 -1 233220 1 15 17 17 16 2 5 2 5
0 0 0 1 1 1 6 1 3 1 1 2 6 -1 -1 -1 -1 -1 -1 233854 0 15 17 17 16 2 5 2 5
0 0 0 1 1 3 6 1 3 1 1 2 6 5 4 6 1 0 0 234487 0 15 17 17 16 2 4 2 5
0 0 0 1 1 6 1 1 3 1 1 2 5 -1 -1 -1 -1 -1 -1 235121 0 15 17 17 16 2 4 2 5
0 0 0 1 6 1 1 4 3 1 1 2 4 -1 -1 -1 -1 -1 -1 235721 1 15 17 17 16 2 4 2 5
0 0 0 1 6 1 1 1 3 1 1 2 4 -1 -1 -1 -1 -1 -1 236288 0 15 17 17 20 2 4 2 5
0 0 0 1 6 3 1 1 3 1 1 2 4 5 4 7 2 0 0 236788 0 15 17 17 20 2 8 0 5
0 0 0 1 1 6 1 1 3 1 1 2 5 -1 -1 -1 -1 -1 -1 237288 0 15 17 17 20 2 8 0 5
0 0 0 4 1 1 6 1 3 1 1 2 6 -1 -1 -1 -1 -1 -1 237821 1 15 17 17 18.1333 2 8 0 5
0 0 0 1 1 6 1 1 3 1 1 2 5 -1 -1 -1 -1 -1 -1 238421 0 15 17 17 16 2 8 0 5
0 0 0 1 6 1 1 3 3 1 1 2 4 7 4 5 0 0 0 239055 0 15 17 17 16 2 4 2 5
0 0 0 1 6 1 1 1 3 1 1 2 4 -1 -1 -1 -1 -1 -1 239655 0 15 17 17 16 2 4 2 5
0 0 0 1 6 4 1 1 3 1 1 2 4 -1 -1 -1 -1 -1 -1 240289 1 15 17 17 16 2 4 2 5
0 0 0 1 6 1 1 1 3 1 1 2 4 -1 -1 -1 -1 -1 -1 240922 0 15 17 17 16 2 4 2 5
0 0 0 1 6 3 1 1 3 1 1 2 4 5 4 7 2 0 0 241422 0 15 17 17 20 2 6 2 5
0 0 0 1 6 1 1 1 3 1 1 2 4 -1 -1 -1 -1 -1 -1 241922 0 15 17 17 20 2 6 2 5
0 0 0 1 1 6 4 1 3 1 1 2 5 -1 -1 -1 -1 -1 -1 242422 1 15 17 17 20 2 6 2 5
0 0 0 1 1 1 6 1 3 1 1 2 6 -1 -1 -1 -1 -1 -1 242989 0 15 17 17 16 2 6 2 5
0 0 0 1 1 1 7 1 3 1 1 2 6 6 4 7 2 1 1 243589 0 15 17 17 16 2 6 2 5
0 0 0 1 1 6 1 1 4 2 1 1 5 -1 -1 -1 -1 -1 -1 252925 0 15 17 16 60 2 8 0 5
0 0 0 1 1 6 1 1 4 2 1 1 5 -1 -1 -1 -1 -1 -1 253091 0 15 17 16 60 2 8 0 5
0 0 0 1 1 6 1 1 4 2 1 1 5 -1 -1 -1 -1 -1 -1 253258 0 15 17 16 60 2 5 2 5
0 0 0 1 1 6 1 1 4 2 1 1 5 -1 -1 -1 -1 -1 -1 253425 0 15 17 16 50.6 2 5 2 5
0 0 0 1 1 6 1 1 4 2 1 1 5 -1 -1 -1 -1 -1 -1 253691 0 15 17 16 25.5333 2 5 2 5
0 0 0 1 1 6 1 1 4 2 1 1 5 -1 -1 -1 -1 -1 -1 254358 0 15 17 16 16.25 2 5 2 5
0 0 0 1 1 6 1 1 4 2 1 1 5 -1 -1 -1 -1 -1 -1 254958 0 15 17 16 16.25 2 4 2 5
0 0 0 1 1 6 1 1 4 2 1 1 5 -1 -1 -1 -1 -1 -1 255592 0 15 17 16 16.25 2 4 2 5
0 0 0 1 1 6 1 1 4 2 1 1 5 -1 -1 -1 -1 -1 -1 256292 0 15 17 16 13 2 4 2 5
0 0 0 1 1 6 1 1 4 2 1 1 5 -1 -1 -1 -1 -1 -1 257058 0 15 17 16 13 2 4 2 5
0 0 0 3 1 6 1 1 4 2 1 1 5 3 5 4 3 0 0 257825 0 15 17 16 13 2 6 2 5
0 0 0 1 1 6 1 1 4 2 1 1 5 -1 -1 -1 -1 -1 -1 258458 0 15 17 16 16.25 2 6 2 5
0 0 0 1 6 1 1 1 4 2 1 1 4 -1 -1 -1 -1 -1 -1 259058 0 15 17 16 16.25 2 6 2 5
0 0 0 1 6 1 1 1 4 2 1 1 4 -1 -1 -1 -1 -1 -1 259691 0 15 17 16 14.3 2 6 2 5
0 0 0 1 7 1 1 1 4 2 1 1 4 4 5 4 3 1 1 260457 0 15 17 16 13 2 5 2 5
0 0 0 1 6 1 1 1 4 2 1 1 4 -1 -1 -1 -1 -1 -1 261224 0 15 17 16 13 2 5 2 5
0 0 0 1 1 1 6 1 4 2 1 1 6 -1 -1 -1 -1 -1 -1 261990 0 15 17 16 13 2 5 2 5
0 0 0 1 1 1 6 1 4 2 1 1 6 -1 -1 -1 -1 -1 -1 262690 0 15 17 16 16.25 2 5 2 5
0 0 0 1 1 8 1 1 4 2 1 1 5 5 5 4 1 0 1 263323 0 15 17 16 16.25 2 4 2 5
0 0 0 1 1 6 1 1 4 2 1 1 5 -1 -1 -1 -1 -1 -1 264090 0 15 17 15 11.6667 2 4 2 5
0 0 0 1 1 6 1 1 4 2 1 1 5 -1 -1 -1 -1 -1 -1 265056 0 15 17 15 10 2 4 2 5
0 0 0 1 6 1 1 1 4 2 1 1 4 -1 -1 -1 -1 -1 -1 266056 0 15 17 15 10 2 4 2 5
0 0 0 1 6 3 1 1 4 2 1 1 4 5 5 4 2 0 0 266989 0 15 17 15 12.5 2 4 2 5
0 0 0 1 6 1 1 1 4 2 1 1 4 -1 -1 -1 -1 -1 -1 267789 0 15 17 15 12.5 2 4 2 5
0 0 0 1 6 1 1 1 4 2 1 1 4 -1 -1 -1 -1 -1 -1 268622 0 15 17 15 10.8333 2 4 2 5
0 0 0 1 6 1 1 1 4 2 1 1 4 -1 -1 -1 -1 -1 -1 269522 0 15 17 15 12.5 2 4 2 5
0 0 0 1 6 3 1 1 4 2 1 1 4 5 5 4 1 0 0 270322 0 15 17 15 12.5 2 4 2 5
0 0 0 1 6 1 1 1 4 2 1 1 4 -1 -1 -1 -1 -1 -1 271155 0 15 17 15 10.5 2 4 2 5
0 0 0 1 1 6 1 1 4 2 1 1 5 -1 -1 -1 -1 -1 -1 272155 0 15 17 15 10 2 4 2 5
0 0 0 1 1 6 1 1 4 2 1 1 5 -1 -1 -1 -1 -1 -1 273154 0 15 17 15 10 2 4 2 5
0 0 0 1 3 6 1 1 4 2 1 1 5 4 5 4 3 0 0 273988 0 15 17 15 12.5 2 8 0 5
0 0 0 1 1 6 1 1 4 2 1 1 5 -1 -1 -1 -1 -1 -1 274787 0 15 17 15 12.1667 2 8 0 5
0 0 0 1 1 6 1 1 4 2 1 1 5 -1 -1 -1 -1 -1 -1 275687 0 15 17 15 12.5 2 8 0 5
0 0 0 1 1 6 1 1 4 2 1 1 5 -1 -1 -1 -1 -1 -1 276487 0 15 17 15 12.5 2 8 0 5
0 0 0 3 1 6 1 1 4 2 1 1 5 3 5 4 1 0 0 277287 0 15 17 15 11.3333 2 5 2 5
0 0 0 1 1 6 1 1 4 2 1 1 5 -1 -1 -1 -1 -1 -1 278286 0 15 17 15 10 2 5 2 5
0 0 0 1 6 1 1 1 4 2 1 1 4 -1 -1 -1 -1 -1 -1 279253 0 15 17 15 12.5 2 5 2 5
0 0 0 1 6 1 1 1 4 2 1 1 4 -1 -1 -1 -1 -1 -1 280053 0 15 17 15 12.5 2 5 2 5
0 0 0 1 7 1 1 1 4 2 1 1 4 4 5 4 1 1 1 280853 0 15 17 15 11.6667 2 4 2 5
0 0 0 1 6 1 1 1 4 2 1 1 4 -1 -1 -1 -1 -1 -1 281852 0 15 17 15 10 2 4 2 5
0 0 0 1 6 1 1 1 4 2 1 1 4 -1 -1 -1 -1 -1 -1 282852 0 15 17 15 10 2 4 2 5
0 0 0 1 6 1 1 1 4 2 1 1 4 -1 -1 -1 -1 -1 -1 283718 0 15 17 15 12.5 2 4 2 5
0 0 0 1 6 3 1 1 4 2 1 1 4 5 5 4 3 0 0 284518 0 15 17 15 12.5 2 6 2 5
0 0 0 1 6 1 1 1 4 2 1 1 4 -1 -1 -1 -1 -1 -1 285385 0 15 17 15 10 2 6 2 5
0 0 0 1 1 1 6 1 4 2 1 1 6 -1 -1 -1 -1 -1 -1 286384 0 15 17 15 10 2 6 2 5
0 0 0 1 1 1 1 6 4 2 1 1 7 -1 -1 -1 -1 -1 -1 287284 0 15 17 15 12.5 2 6 2 5
0 0 0 1 1 1 1 7 4 2 1 1 7 7 5 4 3 1 1 288084 0 15 17 15 12.5 2 5 2 5
0 0 0 1 1 1 1 6 4 2 1 1 7 -1 -1 -1 -1 -1 -1 288751 0 15 17 16 13.8667 2 5 2 5
0 0 0 1 1 1 1 6 4 2 1 1 7 -1 -1 -1 -1 -1 -1 289517 0 15 17 16 13 2 5 2 5
0 0 0 1 1 1 1 6 4 2 1 1 7 -1 -1 -1 -1 -1 -1 290250 0 15 17 16 16.25 2 5 2 5
0 0 0 1 1 3 1 6 4 2 1 1 7 5 5 4 0 0 0 290883 0 15 17 16 16.25 2 4 2 5
0 0 0 1 1 1 1 6 4 2 1 1 7 -1 -1 -1 -1 -1 -1 291483 0 15 17 16 16.25 2 4 2 5
0 0 0 1 1 6 1 1 4 2 1 1 5 -1 -1 -1 -1 -1 -1 292150 0 15 17 16 13 2 4 2 5
0 0 0 1 1 6 1 1 4 2 1 1 5 -1 -1 -1 -1 -1 -1 292883 0 15 17 16 16.25 2 4 2 5
0 0 0 1 1 6 3 1 4 2 1 1 5 6 5 4 2 0 0 293483 0 15 17 16 16.25 2 4 2 5
0 0 0 1 1 6 1 1 4 2 1 1 5 -1 -1 -1 -1 -1 -1 294116 0 15 17 16 16.25 2 4 2 5
0 0 0 1 1 1 6 1 4 2 1 1 6 -1 -1 -1 -1 -1 -1 294782 0 15 17 16 13 2 4 2 5
0 0 0 1 1 1 6 1 4 2 1 1 6 -1 -1 -1 -1 -1 -1 295449 0 15 17 16 16.25 2 4 2 5
0 0 0 1 1 1 7 1 4 2 1 1 6 6 5 4 2 1 1 296049 0 15 17 16 16.25 2 4 2 5
0 0 0 1 1 1 6 1 4 2 1 1 6 -1 -1 -1 -1 -1 -1 296682 0 15 17 16 14.95 2 4 2 5
0 0 0 1 1 1 6 1 4 2 1 1 6 -1 -1 -1 -1 -1 -1 297415 0 15 17 16 13 2 4 2 5
0 0 0 1 1 1 6 1 4 2 1 1 6 -1 -1 -1 -1 -1 -1 298182 0 15 17 16 13 2 4 2 5
0 0 0 1 1 3 6 1 4 2 1 1 6 5 5 4 3 0 0 298948 0 15 17 16 13 2 8 0 5
0 0 0 1 1 1 6 1 4 2 1 1 6 -1 -1 -1 -1 -1 -1 299715 0 15 17 16 13 2 8 0 5
0 0 0 1 6 1 1 1 4 2 1 1 4 -1 -1 -1 -1 -1 -1 300514 0 15 17 16 13 2 8 0 5
0 0 0 1 6 1 1 1 4 2 1 1 4 -1 -1 -1 -1 -1 -1 301148 0 15 17 16 16.25 2 8 0 5
0 0 0 1 6 3 1 1 4 2 1 1 4 5 5 4 1 0 0 301781 0 15 17 16 16.25 2 5 2 5
0 0 0 1 6 1 1 1 4 2 1 1 4 -1 -1 -1 -1 -1 -1 302381 0 15 17 16 15.3833 2 5 2 5
0 0 0 1 6 1 1 1 4 2 1 1 4 -1 -1 -1 -1 -1 -1 303147 0 15 17 16 13 2 5 2 5
0 0 0 1 6 1 1 1 4 2 1 1 4 -1 -1 -1 -1 -1 -1 303780 0 15 17 16 16.25 2 5 2 5
0 0 0 1 6 1 1 3 4 2 1 1 4 7 5 4 0 0 0 304380 0 15 17 16 16.25 2 4 2 5
0 0 0 1 6 1 1 1 4 2 1 1 4 -1 -1 -1 -1 -1 -1 305013 0 15 17 16 14.5167 2 4 2 5
0 0 0 1 1 1 6 1 4 2 1 1 6 -1 -1 -1 -1 -1 -1 305780 0 15 17 16 13 2 4 2 5
0 0 0 1 1 1 6 1 4 2 1 1 6 -1 -1 -1 -1 -1 -1 306413 0 15 17 16 16.25 2 4 2 5
0 0 0 1 1 1 7 1 4 2 1 1 6 6 5 4 0 1 1 307046 0 15 17 16 16.25 2 6 2 5
0 0 0 1 1 1 6 1 4 2 1 1 6 -1 -1 -1 -1 -1 -1 307546 0 15 17 17 19.4667 2 6 2 5
0 0 0 1 1 1 6 1 4 2 1 1 6 -1 -1 -1 -1 -1 -1 308146 0 15 17 17 16 2 6 2 5
0 0 0 1 1 6 1 1 4 2 1 1 5 -1 -1 -1 -1 -1 -1 308646 0 15 17 17 20 2 6 2 5
0 0 0 1 1 7 1 1 4 2 1 1 5 5 5 4 0 1 1 309146 0 15 17 17 20 2 5 2 5
0 0 0 0 1 6 1 0 5 6 1 0 5 -1 -1 -1 -1 -1 -1 317377 0 15 40 15 60 2 8 0 3
0 0 0 0 1 6 1 0 5 6 1 0 5 -1 -1 -1 -1 -1 -1 317544 0 15 40 15 60 2 8 0 3
0 0 0 0 1 6 1 0 5 6 1 0 5 -1 -1 -1 -1 -1 -1 317710 0 15 40 15 60 2 6 2 3
0 0 0 0 1 6 1 0 5 6 1 0 5 -1 -1 -1 -1 -1 -1 317877 0 15 40 15 50 2 6 2 3
0 0 0 0 1 6 1 0 5 6 1 0 5 -1 -1 -1 -1 -1 -1 318177 0 15 40 15 20 2 6 2 3
0 0 0 0 1 6 1 0 5 6 1 0 5 -1 -1 -1 -1 -1 -1 319110 0 15 40 15 10 2 6 2 3
0 0 0 0 1 6 1 0 5 6 1 0 5 -1 -1 -1 -1 -1 -1 320110 0 15 40 15 10 2 4 2 3
0 0 0 0 6 1 1 0 5 6 1 0 4 -1 -1 -1 -1 -1 -1 321109 0 15 40 15 10 2 4 2 3
0 0 0 0 6 1 1 0 5 6 1 0 4 -1 -1 -1 -1 -1 -1 322109 0 15 40 15 10 2 4 2 3
0 0 0 0 6 1 1 0 5 6 1 0 4 -1 -1 -1 -1 -1 -1 323109 0 15 40 15 10 2 4 2 3
0 0 0 0 7 1 1 0 5 6 1 0 4 4 5 4 4 1 1 324109 0 15 40 15 10 2 6 2 3
0 0 0 0 1 6 1 0 5 6 1 0 5 -1 -1 -1 -1 -1 -1 325108 0 15 40 15 10 2 6 2 3
0 0 0 0 1 1 6 0 5 6 1 0 6 -1 -1 -1 -1 -1 -1 326108 0 15 40 15 10 2 6 2 3
0 0 0 0 1 1 6 0 5 6 1 0 6 -1 -1 -1 -1 -1 -1 327041 0 15 40 15 12.5 2 6 2 3
0 0 0 0 1 1 7 0 5 6 1 0 6 6 5 4 4 1 1 327841 0 15 40 15 12.5 2 4 2 3
0 0 0 0 1 1 6 0 5 6 1 0 6 -1 -1 -1 -1 -1 -1 328508 0 15 40 16 14.95 2 4 2 3
0 0 0 0 1 1 6 0 5 6 1 0 6 -1 -1 -1 -1 -1 -1 329241 0 15 40 16 13 2 4 2 3
0 0 0 0 1 1 6 0 5 6 1 0 6 -1 -1 -1 -1 -1 -1 330007 0 15 40 16 13 2 4 2 3
0 0 0 0 1 1 7 0 5 6 1 0 6 6 5 4 4 1 1 330774 0 15 40 16 13 2 6 2 3
0 0 0 0 1 6 1 0 5 6 1 0 5 -1 -1 -1 -1 -1 -1 331540 0 15 40 16 13 2 6 2 3
0 0 0 0 6 1 1 0 5 6 1 0 4 -1 -1 -1 -1 -1 -1 332307 0 15 40 16 16.25 2 6 2 3
0 0 0 0 6 1 1 0 5 6 1 0 4 -1 -1 -1 -1 -1 -1 332940 0 15 40 16 16.25 2 6 2 3
0 0 0 1 7 1 1 1 5 6 1 0 4 4 5 4 4 1 1 333540 0 15 40 16 16.25 2 6 2 5
0 0 0 1 6 1 1 1 5 6 1 1 4 -1 -1 -1 -1 -1 -1 334073 0 15 40 17 17.8667 2 6 2 5
0 0 0 1 1 6 1 1 5 6 1 1 5 -1 -1 -1 -1 -1 -1 334673 0 15 40 17 16 2 6 2 5
0 0 0 1 1 6 1 1 5 6 1 1 5 -1 -1 -1 -1 -1 -1 335273 0 15 40 17 20 2 6 2 5
0 0 0 1 1 7 1 1 5 6 1 1 5 5 5 4 4 1 1 335772 0 15 40 17 20 2 5 2 5
0 0 0 1 1 6 1 1 5 6 1 1 5 -1 -1 -1 -1 -1 -1 336272 0 15 40 17 20 2 5 2 5
0 0 0 1 1 6 1 1 5 6 1 1 5 -1 -1 -1 -1 -1 -1 336772 0 15 40 17 18.4 2 5 2 5
0 0 0 1 1 6 1 1 5 6 1 1 5 -1 -1 -1 -1 -1 -1 337339 0 15 40 17 20 2 5 2 5
0 0 0 1 1 7 1 1 5 6 1 1 5 5 5 4 4 1 1 337839 0 15 40 17 20 2 8 0 5
0 0 0 1 1 6 1 1 5 6 1 1 5 -1 -1 -1 -1 -1 -1 338272 0 15 40 18 23.75 2 8 0 5
0 0 0 1 1 6 1 1 5 6 1 1 5 -1 -1 -1 -1 -1 -1 338705 0 15 40 18 23.75 2 8 0 5
0 0 0 1 1 6 1 1 5 6 1 1 5 -1 -1 -1 -1 -1 -1 339138 0 15 40 18 20.2667 2 8 0 5
0 0 0 1 1 7 1 1 5 6 1 1 5 5 5 4 4 1 1 339572 0 15 40 18 23.75 2 6 2 5
0 0 0 1 1 6 1 1 5 6 1 1 5 -1 -1 -1 -1 -1 -1 340005 0 15 40 18 23.75 2 6 2 5
0 0 0 1 6 1 1 1 5 6 1 1 4 -1 -1 -1 -1 -1 -1 340438 0 15 40 18 23.75 2 6 2 5
0 0 0 6 1 1 1 1 5 6 1 1 3 -1 -1 -1 -1 -1 -1 340838 0 15 40 18 23.1167 2 6 2 5
0 0 0 7 1 1 1 1 5 6 1 1 3 3 5 4 4 1 1 341271 0 15 40 18 23.75 2 4 2 5
0 0 0 6 1 1 1 1 5 6 1 1 3 -1 -1 -1 -1 -1 -1 341671 0 15 40 19 26.25 2 4 2 5
0 0 0 1 6 1 1 1 5 6 1 1 4 -1 -1 -1 -1 -1 -1 342038 0 15 40 19 26.25 2 4 2 5
0 0 0 1 1 6 1 1 5 6 1 1 5 -1 -1 -1 -1 -1 -1 342437 0 15 40 19 26.25 2 4 2 5
0 0 0 1 1 7 1 1 5 6 1 1 5 5 5 4 4 1 1 342837 0 15 40 19 23.1 2 6 2 5
0 0 0 1 1 6 1 1 5 6 1 1 5 -1 -1 -1 -1 -1 -1 343304 0 15 40 19 21 2 6 2 5
0 0 0 6 1 1 1 1 5 6 1 1 3 -1 -1 -1 -1 -1 -1 343770 0 15 40 19 21 2 6 2 5
0 0 0 6 1 1 1 1 5 6 1 1 3 -1 -1 -1 -1 -1 -1 344237 0 15 40 19 21 2 6 2 5
0 0 0 7 1 1 1 1 5 6 1 1 3 3 5 4 4 1 1 344704 0 15 40 19 21 2 4 2 5
0 0 0 6 1 1 1 1 5 6 1 2 3 -1 -1 -1 -1 -1 -1 345170 0 15 40 20 22 2 4 2 5
0 0 0 1 6 1 1 1 5 6 1 2 4 -1 -1 -1 -1 -1 -1 345637 0 15 40 20 22 2 4 2 5
0 0 0 1 6 1 1 1 5 6 1 2 4 -1 -1 -1 -1 -1 -1 346070 0 15 40 20 22 2 4 2 5
0 0 0 1 7 1 1 1 5 6 1 2 4 4 5 4 4 1 1 346536 0 15 40 20 22 2 6 2 5
0 0 0 1 6 1 1 1 5 6 1 2 4 -1 -1 -1 -1 -1 -1 347003 0 15 40 20 22 2 6 2 5
0 0 0 1 6 1 4 1 5 6 1 2 4 -1 -1 -1 -1 -1 -1 347436 1 15 40 20 22 2 6 2 5
0 0 0 1 6 1 1 1 5 6 1 2 4 -1 -1 -1 -1 -1 -1 347903 0 15 40 20 22 2 6 2 5
0 0 0 1 7 1 1 1 5 6 1 2 4 4 5 4 4 1 1 348369 0 15 40 20 22 2 6 2 5
0 0 0 1 6 1 1 1 5 6 1 2 4 -1 -1 -1 -1 -1 -1 348803 0 15 40 21 23 2 6 2 5
0 0 0 4 1 6 1 1 5 6 1 2 5 -1 -1 -1 -1 -1 -1 349236 1 15 40 21 23 2 6 2 5
0 0 0 1 1 6 1 1 5 6 1 2 5 -1 -1 -1 -1 -1 -1 349669 0 15 40 21 23 2 6 2 5
0 0 0 1 1 7 1 1 5 6 1 2 5 5 5 4 4 1 1 350102 0 15 40 21 23 2 5 2 5
0 0 0 1 6 1 1 1 5 6 1 2 4 -1 -1 -1 -1 -1 -1 350535 0 15 40 21 23 2 5 2 5
0 0 0 1 1 6 1 1 5 6 1 2 5 -1 -1 -1 -1 -1 -1 350969 0 15 40 21 23 2 5 2 5
0 0 0 1 1 1 6 1 5 6 1 2 6 -1 -1 -1 -1 -1 -1 351402 0 15 40 21 23 2 5 2 5
0 0 0 1 1 1 7 1 5 6 1 2 6 6 5 4 4 1 1 351835 0 15 40 21 23 2 8 0 5
0 0 0 1 1 1 6 1 5 6 1 2 6 -1 -1 -1 -1 -1 -1 352268 0 15 40 22 24 2 8 0 5
0 0 0 4 1 6 1 1 5 6 1 2 5 -1 -1 -1 -1 -1 -1 352668 1 15 40 22 24 2 8 0 5
0 0 0 1 1 6 1 1 5 6 1 2 5 -1 -1 -1 -1 -1 -1 353102 0 15 40 22 24 2 8 0 5
0 0 0 1 1 7 1 1 5 6 1 2 5 5 5 4 4 1 1 353501 0 15 40 22 24 2 6 2 5
0 0 0 1 1 6 1 1 5 6 1 2 5 -1 -1 -1 -1 -1 -1 353935 0 15 40 22 24 2 6 2 5
0 0 0 6 1 1 4 1 5 6 1 2 3 -1 -1 -1 -1 -1 -1 354335 1 15 40 22 24 2 6 2 5
0 0 0 6 1 1 1 1 5 6 1 2 3 -1 -1 -1 -1 -1 -1 354768 0 15 40 22 24 2 6 2 5
0 0 0 7 1 1 1 1 5 6 1 2 3 3 5 4 4 1 1 355168 0 15 40 22 24 2 4 2 5
0 0 0 1 6 1 1 1 5 6 1 2 4 -1 -1 -1 -1 -1 -1 355568 0 15 40 23 25 2 4 2 5
0 0 0 4 1 6 1 1 5 6 1 2 5 -1 -1 -1 -1 -1 -1 355968 1 15 40 23 25 2 4 2 5
0 0 0 1 1 6 1 1 5 6 1 2 5 -1 -1 -1 -1 -1 -1 356367 0 15 40 23 25 2 4 2 5
0 0 0 1 1 7 1 1 5 6 1 2 5 5 5 4 4 1 1 356767 0 15 40 23 25 2 6 2 5
0 0 0 1 1 6 1 1 5 6 1 2 5 -1 -1 -1 -1 -1 -1 357167 0 15 40 23 25 2 6 2 5
0 0 0 6 1 1 4 1 5 6 1 2 3 -1 -1 -1 -1 -1 -1 357567 1 15 40 23 25 2 6 2 5
0 0 0 6 1 1 1 1 5 6 1 2 3 -1 -1 -1 -1 -1 -1 357967 0 15 40 23 25 2 6 2 5
0 0 0 7 1 1 1 1 5 6 1 2 3 3 5 4 4 1 1 358367 0 15 40 23 25 2 4 2 5
0 0 0 6 1 1 1 1 5 6 1 2 3 -1 -1 -1 -1 -1 -1 358767 0 15 40 24 25.5 2 4 2 5
0 0 0 6 1 1 4 1 5 6 1 2 3 -1 -1 -1 -1 -1 -1 359133 1 15 40 24 31.875 2 4 2 5
0 0 0 6 1 1 1 1 5 6 1 2 3 -1 -1 -1 -1 -1 -1 359433 0 15 40 24 31.875 2 4 2 5
0 0 0 7 1 1 1 1 5 6 1 2 3 3 5 4 4 1 1 359767 0 15 40 24 31.875 2 6 2 5
0 0 0 6 1 1 1 1 5 6 1 2 3 -1 -1 -1 -1 -1 -1 360067 0 15 40 24 31.875 2 6 2 5
0 0 0 6 1 1 1 4 5 6 1 2 3 -1 -1 -1 -1 -1 -1 360400 1 15 40 24 31.875 2 6 2 5
0 0 0 1 6 1 1 1 5 6 1 2 4 -1 -1 -1 -1 -1 -1 360700 0 15 40 24 29.75 2 6 2 5
0 0 0 1 7 1 1 1 5 6 1 2 4 4 5 4 4 1 1 361066 0 15 40 24 25.5 2 6 2 5
0 0 0 6 1 1 1 1 5 6 1 2 3 -1 -1 -1 -1 -1 -1 361466 0 15 40 25 26 2 6 2 5
0 0 0 6 4 1 1 1 5 6 1 2 3 -1 -1 -1 -1 -1 -1 361833 1 15 40 25 26 2 6 2 5
0 0 0 1 6 1 1 1 5 6 1 2 4 -1 -1 -1 -1 -1 -1 362233 0 15 40 25 26 2 6 2 5
0 0 0 1 1 7 1 1 5 6 1 2 5 5 5 4 4 1 1 362599 0 15 40 25 26 2 5 2 5
0 0 0 1 1 6 1 1 5 6 1 2 5 -1 -1 -1 -1 -1 -1 362999 0 15 40 25 26 2 5 2 5
0 0 0 1 6 1 1 4 5 6 1 2 4 -1 -1 -1 -1 -1 -1 363366 1 15 40 25 26 2 5 2 5
0 0 0 1 6 1 1 1 5 6 1 2 4 -1 -1 -1 -1 -1 -1 363766 0 15 40 25 26 2 5 2 5
0 0 0 1 7 1 1 1 5 6 1 2 4 4 5 4 4 1 1 364132 0 15 40 25 26 2 8 0 5
0 0 0 1 1 6 1 1 6 1 1 2 5 -1 -1 -1 -1 -1 -1 371797 0 15 17 17 60 2 8 0 5
0 0 0 1 1 6 1 1 6 1 1 2 5 -1 -1 -1 -1 -1 -1 371964 0 15 17 17 60 2 8 0 5
0 0 0 1 1 6 1 1 6 1 1 2 5 -1 -1 -1 -1 -1 -1 372130 0 15 17 17 60 2 5 2 5
0 0 0 1 1 6 1 1 6 1 1 2 5 -1 -1 -1 -1 -1 -1 372297 0 15 17 17 51.2 2 5 2 5
0 0 0 1 1 6 1 1 6 1 1 2 5 -1 -1 -1 -1 -1 -1 372563 0 15 17 17 27.7333 2 5 2 5
0 0 0 1 1 6 1 1 6 1 1 2 5 -1 -1 -1 -1 -1 -1 373130 0 15 17 17 16 2 5 2 5
0 0 0 1 1 6 1 1 6 1 1 2 5 -1 -1 -1 -1 -1 -1 373763 0 15 17 17 16 2 6 2 5
0 0 0 1 1 6 1 1 6 1 1 2 5 -1 -1 -1 -1 -1 -1 374296 0 15 17 17 20 2 6 2 5
0 0 0 1 1 6 1 1 6 1 1 2 5 -1 -1 -1 -1 -1 -1 374796 0 15 17 17 20 2 6 2 5
0 0 0 1 6 1 1 1 6 1 1 2 4 -1 -1 -1 -1 -1 -1 375296 0 15 17 17 20 2 6 2 5
0 0 0 1 6 3 1 1 6 1 1 2 4 5 4 5 0 0 0 375829 0 15 17 17 17.0667 2 6 2 5
0 0 0 1 6 1 1 1 6 1 1 2 4 -1 -1 -1 -1 -1 -1 376429 0 15 17 17 16 2 6 2 5
0 0 0 4 1 6 1 1 6 1 1 2 5 -1 -1 -1 -1 -1 -1 377062 1 15 17 17 16 2 6 2 5
0 0 0 1 1 6 1 1 6 1 1 2 5 -1 -1 -1 -1 -1 -1 377696 0 15 17 17 20 2 6 2 5
0 0 0 1 1 6 1 3 6 1 1 2 5 7 4 8 3 0 0 378195 0 15 17 17 20 2 4 2 5
0 0 0 1 1 6 1 1 6 1 1 2 5 -1 -1 -1 -1 -1 -1 378695 0 15 17 17 20 2 4 2 5
0 0 0 1 4 6 1 1 6 1 1 2 5 -1 -1 -1 -1 -1 -1 379195 1 15 17 17 19.7333 2 4 2 5
0 0 0 1 1 6 1 1 6 1 1 2 5 -1 -1 -1 -1 -1 -1 379695 0 15 17 17 20 2 4 2 5
0 0 0 1 1 6 1 3 6 1 1 2 5 7 4 5 0 0 0 380195 0 15 17 17 20 2 4 2 5
0 0 0 1 1 6 1 1 6 1 1 2 5 -1 -1 -1 -1 -1 -1 380695 0 15 17 17 20 2 4 2 5
0 0 0 1 1 6 1 4 6 1 1 2 5 -1 -1 -1 -1 -1 -1 381195 1 15 17 17 18.1333 2 4 2 5
0 0 0 1 1 6 1 1 6 1 1 2 5 -1 -1 -1 -1 -1 -1 381828 0 15 17 17 16 2 4 2 5
0 0 0 1 1 7 1 1 6 1 1 2 5 5 4 5 0 1 1 382428 0 15 17 17 16 2 6 2 5
0 0 0 1 1 6 1 1 6 1 1 2 5 -1 -1 -1 -1 -1 -1 383061 0 15 17 17 16 2 6 2 5
0 0 0 1 4 1 1 6 6 1 1 2 7 -1 -1 -1 -1 -1 -1 383694 1 15 17 17 16 2 6 2 5
0 0 0 1 1 1 1 6 6 1 1 2 7 -1 -1 -1 -1 -1 -1 384261 0 15 17 17 20 2 6 2 5
0 0 0 1 1 1 1 7 6 1 1 2 7 7 4 5 0 1 1 384760 0 15 17 17 20 2 5 2 5
0 0 0 1 1 1 6 1 6 1 1 2 6 -1 -1 -1 -1 -1 -1 385260 0 15 17 17 20 2 5 2 5
0 0 0 1 1 6 1 4 6 1 1 2 5 -1 -1 -1 -1 -1 -1 385760 1 15 17 17 17.8667 2 5 2 5
0 0 0 1 1 6 1 1 6 1 1 2 5 -1 -1 -1 -1 -1 -1 386360 0 15 17 17 20 2 5 2 5
0 0 0 1 1 7 1 1 6 1 1 2 5 5 4 5 0 1 1 386860 0 15 17 17 20 2 8 0 5
0 0 0 1 1 6 1 1 6 1 1 2 5 -1 -1 -1 -1 -1 -1 387360 0 15 17 17 20 2 8 0 5
0 0 0 4 6 1 1 1 6 1 1 2 4 -1 -1 -1 -1 -1 -1 387860 1 15 17 17 19.4667 2 8 0 5
0 0 0 1 6 1 1 1 6 1 1 2 4 -1 -1 -1 -1 -1 -1 388360 0 15 17 17 20 2 8 0 5
0 0 0 1 7 1 1 1 6 1 1 2 4 4 4 5 0 1 1 388859 0 15 17 17 20 2 5 2 5
0 0 0 1 6 1 1 1 6 1 1 2 4 -1 -1 -1 -1 -1 -1 389359 0 15 17 17 20 2 5 2 5
0 0 0 6 1 4 1 1 6 1 1 2 3 -1 -1 -1 -1 -1 -1 389893 1 15 17 17 17.8667 2 5 2 5
0 0 0 6 1 1 1 1 6 1 1 2 3 -1 -1 -1 -1 -1 -1 390492 0 15 17 17 16 2 5 2 5
0 0 0 6 3 1 1 1 6 1 1 2 3 4 4 7 2 0 0 391126 0 15 17 17 16 2 6 2 5
0 0 0 6 1 1 1 1 6 1 1 2 3 -1 -1 -1 -1 -1 -1 391759 0 15 17 17 16 2 6 2 5
0 0 0 6 1 4 1 1 6 1 1 2 3 -1 -1 -1 -1 -1 -1 392359 1 15 17 17 16 2 6 2 5
0 0 0 6 1 1 1 1 6 1 1 2 3 -1 -1 -1 -1 -1 -1 392892 0 15 17 17 20 2 6 2 5
0 0 0 6 3 1 1 1 6 1 1 2 3 4 4 8 3 0 0 393392 0 15 17 17 20 2 6 2 5
0 0 0 6 1 1 1 1 6 1 1 2 3 -1 -1 -1 -1 -1 -1 393892 0 15 17 17 20 2 6 2 5
0 0 0 1 6 1 4 1 6 1 1 2 4 -1 -1 -1 -1 -1 -1 394425 1 15 17 17 16.2667 2 6 2 5
0 0 0 1 1 6 1 1 6 1 1 2 5 -1 -1 -1 -1 -1 -1 395058 0 15 17 17 16 2 6 2 5
0 0 0 1 3 6 1 1 6 1 1 2 5 4 4 5 0 0 0 395558 0 15 17 17 20 2 4 2 5
0 0 0 1 1 6 1 1 6 1 1 2 5 -1 -1 -1 -1 -1 -1 396058 0 15 17 17 20 2 4 2 5
0 0 0 4 1 6 1 1 6 1 1 2 5 -1 -1 -1 -1 -1 -1 396558 1 15 17 17 20 2 4 2 5
0 0 0 1 1 6 1 1 6 1 1 2 5 -1 -1 -1 -1 -1 -1 397124 0 15 17 17 16 2 4 2 5
0 0 0 3 1 6 1 1 6 1 1 2 5 3 4 7 2 0 0 397624 0 15 17 17 20 2 4 2 5
0 0 0 1 1 6 1 1 6 1 1 2 5 -1 -1 -1 -1 -1 -1 398124 0 15 17 17 20 2 4 2 5
0 0 0 1 1 6 4 1 6 1 1 2 5 -1 -1 -1 -1 -1 -1 398624 1 15 17 17 20 2 4 2 5
0 0 0 1 1 6 1 1 6 1 1 2 5 -1 -1 -1 -1 -1 -1 399157 0 15 17 17 16 2 4 2 5
0 0 0 3 1 1 6 1 6 1 1 2 6 3 4 6 1 0 0 399790 0 15 17 17 16 2 6 2 5
0 0 0 1 1 1 6 1 6 1 1 2 6 -1 -1 -1 -1 -1 -1 400323 0 15 17 17 20 2 6 2 5
0 0 0 1 1 4 6 1 6 1 1 2 6 -1 -1 -1 -1 -1 -1 400823 1 15 17 17 20 2 6 2 5
0 0 0 1 1 1 6 1 6 1 1 2 6 -1 -1 -1 -1 -1 -1 401323 0 15 17 17 20 2 6 2 5
0 0 0 3 1 1 6 1 6 1 1 2 6 3 4 8 3 0 0 401856 0 15 17 17 16.2667 2 5 2 5
0 0 0 1 1 1 6 1 6 1 1 2 6 -1 -1 -1 -1 -1 -1 402489 0 15 17 17 16 2 5 2 5
0 0 0 1 1 4 6 1 6 1 1 2 6 -1 -1 -1 -1 -1 -1 403056 1 15 17 17 20 2 5 2 5
0 0 0 1 1 1 6 1 6 1 1 2 6 -1 -1 -1 -1 -1 -1 403556 0 15 17 17 20 2 5 2 5
0 0 0 1 3 6 1 1 6 1 1 2 5 4 4 5 0 0 0 404056 0 15 17 17 20 2 8 0 5
0 0 0 1 1 6 1 1 6 1 1 2 5 -1 -1 -1 -1 -1 -1 404556 0 15 17 17 18.6667 2 8 0 5
0 0 0 1 1 6 4 1 6 1 1 2 5 -1 -1 -1 -1 -1 -1 405155 1 15 17 17 20 2 8 0 5
0 0 0 1 1 6 1 1 6 1 1 2 5 -1 -1 -1 -1 -1 -1 405655 0 15 17 17 20 2 8 0 5
0 0 0 1 3 6 1 1 6 1 1 2 5 4 4 8 3 0 0 406155 0 15 17 17 20 2 5 2 5
0 0 0 1 1 6 1 1 6 1 1 2 5 -1 -1 -1 -1 -1 -1 406655 0 15 17 17 20 2 5 2 5
0 0 0 6 1 1 4 1 6 1 1 2 3 -1 -1 -1 -1 -1 -1 407222 1 15 17 17 16 2 5 2 5
0 0 0 6 1 1 1 1 6 1 1 2 3 -1 -1 -1 -1 -1 -1 407788 0 15 17 17 20 2 5 2 5
0 0 0 7 1 1 1 1 6 1 1 2 3 3 4 8 3 1 1 408288 0 15 17 17 20 2 6 2 5
0 0 0 1 6 1 1 1 6 1 1 2 4 -1 -1 -1 -1 -1 -1 408788 0 15 17 17 20 2 6 2 5
0 0 0 4 6 1 1 1 6 1 1 2 4 -1 -1 -1 -1 -1 -1 409288 1 15 17 17 18.1333 2 6 2 5
0 0 0 1 6 1 1 1 6 1 1 2 4 -1 -1 -1 -1 -1 -1 409821 0 15 17 17 20 2 6 2 5
0 0 0 1 7 1 1 1 6 1 1 2 4 4 4 8 3 1 1 410321 0 15 17 17 20 2 6 2 5
0 0 0 1 6 1 1 1 6 1 1 2 4 -1 -1 -1 -1 -1 -1 410821 0 15 17 17 20 2 6 2 5
0 0 0 6 1 4 1 1 6 1 1 2 3 -1 -1 -1 -1 -1 -1 411321 1 15 17 17 17.0667 2 6 2 5
0 0 0 6 1 1 1 1 6 1 1 2 3 -1 -1 -1 -1 -1 -1 411854 0 15 17 17 20 2 6 2 5
0 0 0 6 3 1 1 1 6 1 1 2 3 4 4 6 1 0 0 412354 0 15 17 17 20 2 4 2 5
0 0 0 6 1 1 1 1 6 1 1 2 3 -1 -1 -1 -1 -1 -1 412854 0 15 17 17 20 2 4 2 5
0 0 0 1 6 4 1 1 6 1 1 2 4 -1 -1 -1 -1 -1 -1 413387 1 15 17 17 17.0667 2 4 2 5
0 0 0 1 6 1 1 1 6 1 1 2 4 -1 -1 -1 -1 -1 -1 414020 0 15 17 17 16 2 4 2 5
0 0 0 1 7 1 1 1 6 1 1 2 4 4 4 6 1 1 1 414653 0 15 17 17 16 2 4 2 5
0 0 0 1 1 6 1 1 6 1 1 2 5 -1 -1 -1 -1 -1 -1 415253 0 15 17 17 16 2 4 2 5
0 0 0 4 1 6 1 1 6 1 1 2 5 -1 -1 -1 -1 -1 -1 415886 1 15 17 17 20 2 4 2 5
0 0 0 1 1 6 1 1 6 1 1 2 5 -1 -1 -1 -1 -1 -1 416386 0 15 17 17 20 2 4 2 5
0 0 0 1 1 6 3 1 6 1 1 2 5 6 4 5 0 0 0 416886 0 15 17 17 20 2 6 2 5
0 0 0 1 1 1 6 1 6 1 1 2 6 -1 -1 -1 -1 -1 -1 417386 0 15 17 17 19.7333 2 6 2 5
0 0 0 1 4 1 6 1 6 1 1 2 6 -1 -1 -1 -1 -1 -1 417952 1 15 17 17 16 2 6 2 5
0 0 0 1 6 1 1 1 6 1 1 2 4 -1 -1 -1 -1 -1 -1 418586 0 15 17 17 16 2 6 2 5
0 0 0 1 6 1 3 1 6 1 1 2 4 6 4 8 3 0 0 419152 0 15 17 17 20 2 5 2 5
0 0 0 1 6 1 1 1 6 1 1 2 4 -1 -1 -1 -1 -1 -1 419652 0 15 17 17 20 2 5 2 5
0 0 0 6 1 4 1 1 6 1 1 2 3 -1 -1 -1 -1 -1 -1 420152 1 15 17 17 20 2 5 2 5
0 0 0 6 1 1 1 1 6 1 1 2 3 -1 -1 -1 -1 -1 -1 420685 0 15 17 17 19.2 2 5 2 5
0 0 0 6 3 1 1 1 6 1 1 2 3 4 4 6 1 0 0 421252 0 15 17 17 16 2 8 0 5
0 0 0 6 1 1 1 1 6 1 1 2 3 -1 -1 -1 -1 -1 -1 421885 0 15 17 17 16 2 8 0 5
0 0 0 1 6 1 1 4 6 1 1 2 4 -1 -1 -1 -1 -1 -1 422485 1 15 17 17 16 2 8 0 5
0 0 0 1 6 1 1 1 6 1 1 2 4 -1 -1 -1 -1 -1 -1 423118 0 15 17 17 16 2 8 0 5
0 0 0 1 7 1 1 1 6 1 1 2 4 4 4 6 1 1 1 423618 0 15 17 17 20 2 5 2 5
0 0 0 1 1 6 1 1 7 2 1 1 5 -1 -1 -1 -1 -1 -1 433915 0 15 17 17 60 2 8 0 5
0 0 0 1 1 6 1 1 7 2 1 1 5 -1 -1 -1 -1 -1 -1 434082 0 15 17 17 60 2 8 0 5
0 0 0 1 1 6 1 1 7 2 1 1 5 -1 -1 -1 -1 -1 -1 434248 0 15 17 17 60 2 4 2 5
0 0 0 1 1 6 1 1 7 2 1 1 5 -1 -1 -1 -1 -1 -1 434415 0 15 17 17 51.2 2 4 2 5
0 0 0 1 1 6 1 1 7 2 1 1 5 -1 -1 -1 -1 -1 -1 434682 0 15 17 17 27.7333 2 4 2 5
0 0 0 1 1 6 1 1 7 2 1 1 5 -1 -1 -1 -1 -1 -1 435148 0 15 17 17 20 2 4 2 5
0 0 0 1 1 6 1 1 7 2 1 1 5 -1 -1 -1 -1 -1 -1 435648 0 15 17 17 20 2 5 2 5
0 0 0 1 1 6 1 1 7 2 1 1 5 -1 -1 -1 -1 -1 -1 436148 0 15 17 17 20 2 5 2 5
0 0 0 1 1 6 1 1 7 2 1 1 5 -1 -1 -1 -1 -1 -1 436681 0 15 17 17 16.5333 2 5 2 5
0 0 0 1 1 6 1 1 7 2 1 1 5 -1 -1 -1 -1 -1 -1 437314 0 15 17 17 16 2 5 2 5
0 0 0 1 1 6 1 3 7 2 1 1 5 7 5 4 1 0 0 437947 0 15 17 17 16 2 4 2 5
0 0 0 1 1 6 1 1 7 2 1 1 5 -1 -1 -1 -1 -1 -1 438547 0 15 17 17 16 2 4 2 5
0 0 0 1 1 6 1 1 7 2 1 1 5 -1 -1 -1 -1 -1 -1 439181 0 15 17 17 16 2 4 2 5
0 0 0 1 1 6 1 1 7 2 1 1 5 -1 -1 -1 -1 -1 -1 439814 0 15 17 17 16 2 4 2 5
0 0 0 1 6 3 1 1 7 2 1 1 4 5 5 4 3 0 0 440447 0 15 17 17 16 2 4 2 5
0 0 0 1 6 1 1 1 7 2 1 1 4 -1 -1 -1 -1 -1 -1 441047 0 15 17 17 16 2 4 2 5
0 0 0 1 1 6 1 1 7 2 1 1 5 -1 -1 -1 -1 -1 -1 441680 0 15 17 17 16 2 4 2 5
0 0 0 1 1 6 1 1 7 2 1 1 5 -1 -1 -1 -1 -1 -1 442213 0 15 17 17 20 2 4 2 5
0 0 0 1 3 6 1 1 7 2 1 1 5 4 5 4 2 0 0 442713 0 15 17 17 20 2 5 2 5
0 0 0 1 1 6 1 1 7 2 1 1 5 -1 -1 -1 -1 -1 -1 443213 0 15 17 17 20 2 5 2 5
0 0 0 1 1 6 1 1 7 2 1 1 5 -1 -1 -1 -1 -1 -1 443746 0 15 17 17 17.0667 2 5 2 5
0 0 0 1 1 6 1 1 7 2 1 1 5 -1 -1 -1 -1 -1 -1 444313 0 15 17 17 20 2 5 2 5
0 0 0 3 1 6 1 1 7 2 1 1 5 3 5 4 3 0 0 444812 0 15 17 17 20 2 6 2 5
0 0 0 1 1 6 1 1 7 2 1 1 5 -1 -1 -1 -1 -1 -1 445312 0 15 17 17 20 2 6 2 5
0 0 0 1 6 1 1 1 7 2 1 1 4 -1 -1 -1 -1 -1 -1 445812 0 15 17 17 18.6667 2 6 2 5
0 0 0 1 6 1 1 1 7 2 1 1 4 -1 -1 -1 -1 -1 -1 446412 0 15 17 17 20 2 6 2 5
0 0 0 1 6 3 1 1 7 2 1 1 4 5 5 4 0 0 0 446912 0 15 17 17 20 2 5 2 5
0 0 0 1 6 1 1 1 7 2 1 1 4 -1 -1 -1 -1 -1 -1 447412 0 15 17 17 20 2 5 2 5
0 0 0 1 6 1 1 1 7 2 1 1 4 -1 -1 -1 -1 -1 -1 447912 0 15 17 17 19.2 2 5 2 5
0 0 0 1 1 6 1 1 7 2 1 1 5 -1 -1 -1 -1 -1 -1 448478 0 15 17 17 20 2 5 2 5
0 0 0 1 3 6 1 1 7 2 1 1 5 4 5 4 3 0 0 448978 0 15 17 17 20 2 8 0 5
0 0 0 1 1 6 1 1 7 2 1 1 5 -1 -1 -1 -1 -1 -1 449478 0 15 17 17 20 2 8 0 5
0 0 0 1 1 6 1 1 7 2 1 1 5 -1 -1 -1 -1 -1 -1 449978 0 15 17 17 20 2 8 0 5
0 0 0 1 1 6 1 1 7 2 1 1 5 -1 -1 -1 -1 -1 -1 450544 0 15 17 17 16 2 8 0 5
0 0 0 1 1 7 1 1 7 2 1 1 5 5 5 4 3 1 1 451178 0 15 17 17 16 2 4 2 5
0 0 0 1 1 6 1 1 7 2 1 1 5 -1 -1 -1 -1 -1 -1 451777 0 15 17 17 16 2 4 2 5
0 0 0 1 1 1 6 1 7 2 1 1 6 -1 -1 -1 -1 -1 -1 452411 0 15 17 17 16 2 4 2 5
0 0 0 1 1 1 6 1 7 2 1 1 6 -1 -1 -1 -1 -1 -1 452944 0 15 17 17 20 2 4 2 5
0 0 0 1 1 1 7 1 7 2 1 1 6 6 5 4 3 1 1 453444 0 15 17 17 20 2 5 2 5
0 0 0 1 1 1 6 1 7 2 1 1 6 -1 -1 -1 -1 -1 -1 453944 0 15 17 17 20 2 5 2 5
0 0 0 1 1 1 1 6 7 2 1 1 7 -1 -1 -1 -1 -1 -1 454477 0 15 17 17 16.2667 2 5 2 5
0 0 0 1 1 1 1 6 7 2 1 1 7 -1 -1 -1 -1 -1 -1 455010 0 15 17 17 20 2 5 2 5
0 0 0 1 1 1 1 7 7 2 1 1 7 7 5 4 3 1 1 455510 0 15 17 17 20 2 4 2 5
0 0 0 1 1 1 1 6 7 2 1 1 7 -1 -1 -1 -1 -1 -1 456010 0 15 17 17 20 2 4 2 5
0 0 0 1 1 1 6 1 7 2 1 1 6 -1 -1 -1 -1 -1 -1 456543 0 15 17 17 17.6 2 4 2 5
0 0 0 1 1 1 6 1 7 2 1 1 6 -1 -1 -1 -1 -1 -1 457109 0 15 17 17 20 2 4 2 5
0 0 0 1 1 1 6 3 7 2 1 1 6 7 5 4 2 0 0 457609 0 15 17 17 20 2 4 2 5
0 0 0 1 1 1 6 1 7 2 1 1 6 -1 -1 -1 -1 -1 -1 458109 0 15 17 17 20 2 4 2 5
0 0 0 1 1 1 6 1 7 2 1 1 6 -1 -1 -1 -1 -1 -1 458609 0 15 17 17 20 2 4 2 5
0 0 0 1 1 1 6 1 7 2 1 1 6 -1 -1 -1 -1 -1 -1 459109 0 15 17 17 20 2 4 2 5
0 0 0 1 1 3 6 1 7 2 1 1 6 5 5 4 1 0 0 459609 0 15 17 17 20 2 5 2 5
0 0 0 1 1 1 6 1 7 2 1 1 6 -1 -1 -1 -1 -1 -1 460109 0 15 17 17 19.4667 2 5 2 5
0 0 0 1 1 1 6 1 7 2 1 1 6 -1 -1 -1 -1 -1 -1 460675 0 15 17 17 16 2 5 2 5
0 0 0 1 1 1 6 1 7 2 1 1 6 -1 -1 -1 -1 -1 -1 461308 0 15 17 17 16 2 5 2 5
0 0 0 1 1 3 6 1 7 2 1 1 6 5 5 4 3 0 0 461842 0 15 17 17 20 2 6 2 5
0 0 0 1 1 1 6 1 7 2 1 1 6 -1 -1 -1 -1 -1 -1 462342 0 15 17 17 20 2 6 2 5
0 0 0 1 1 1 6 1 7 2 1 1 6 -1 -1 -1 -1 -1 -1 462841 0 15 17 17 20 2 6 2 5
0 0 0 1 1 1 6 1 7 2 1 1 6 -1 -1 -1 -1 -1 -1 463375 0 15 17 17 17.6 2 6 2 5
0 0 0 1 1 1 6 3 7 2 1 1 6 7 5 4 1 0 0 463974 0 15 17 17 16 2 5 2 5
0 0 0 1 1 1 6 1 7 2 1 1 6 -1 -1 -1 -1 -1 -1 464608 0 15 17 17 16 2 5 2 5
0 0 0 1 1 1 6 1 7 2 1 1 6 -1 -1 -1 -1 -1 -1 465108 0 15 17 17 20 2 5 2 5
0 0 0 1 1 6 1 1 7 2 1 1 5 -1 -1 -1 -1 -1 -1 465607 0 15 17 17 20 2 5 2 5
0 0 0 1 1 6 3 1 7 2 1 1 5 6 5 4 2 0 0 466107 0 15 17 17 20 2 8 0 5
0 0 0 1 1 6 1 1 7 2 1 1 5 -1 -1 -1 -1 -1 -1 466674 0 15 17 17 16 2 8 0 5
0 0 0 1 1 6 1 1 7 2 1 1 5 -1 -1 -1 -1 -1 -1 467307 0 15 17 17 16 2 8 0 5
0 0 0 1 1 6 1 1 7 2 1 1 5 -1 -1 -1 -1 -1 -1 467807 0 15 17 17 20 2 8 0 5
0 0 0 1 3 6 1 1 7 2 1 1 5 4 5 4 0 0 0 468307 0 15 17 17 20 2 4 2 5
0 0 0 1 1 6 1 1 7 2 1 1 5 -1 -1 -1 -1 -1 -1 468807 0 15 17 17 20 2 4 2 5
0 0 0 1 1 6 1 1 7 2 1 1 5 -1 -1 -1 -1 -1 -1 469340 0 15 17 17 16.2667 2 4 2 5
0 0 0 1 1 6 1 1 7 2 1 1 5 -1 -1 -1 -1 -1 -1 469973 0 15 17 17 16 2 4 2 5
0 0 0 3 1 6 1 1 7 2 1 1 5 3 5 4 3 0 0 470573 0 15 17 17 20 2 5 2 5
0 0 0 1 1 6 1 1 7 2 1 1 5 -1 -1 -1 -1 -1 -1 471073 0 15 17 17 20 2 5 2 5
0 0 0 1 6 1 1 1 7 2 1 1 4 -1 -1 -1 -1 -1 -1 471573 0 15 17 17 20 2 5 2 5
0 0 0 6 1 1 1 1 7 2 1 1 3 -1 -1 -1 -1 -1 -1 472072 0 15 17 17 19.4667 2 5 2 5
0 0 0 7 1 1 1 1 7 2 1 1 3 3 5 4 3 1 1 472572 0 15 17 17 20 2 4 2 5
0 0 0 6 1 1 1 1 7 2 1 1 3 -1 -1 -1 -1 -1 -1 473072 0 15 17 17 20 2 4 2 5
0 0 0 6 1 1 1 1 7 2 1 1 3 -1 -1 -1 -1 -1 -1 473572 0 15 17 17 20 2 4 2 5
0 0 0 6 1 1 1 1 7 2 1 1 3 -1 -1 -1 -1 -1 -1 474105 0 15 17 17 16.8 2 4 2 5
0 0 0 7 1 1 1 1 7 2 1 1 3 3 5 4 3 1 1 474738 0 15 17 17 16 2 4 2 5
0 0 0 6 1 1 1 1 7 2 1 1 3 -1 -1 -1 -1 -1 -1 475372 0 15 17 17 16 2 4 2 5
0 0 0 1 1 6 1 1 7 2 1 1 5 -1 -1 -1 -1 -1 -1 475972 0 15 17 17 16 2 4 2 5
0 0 0 1 1 6 1 1 7 2 1 1 5 -1 -1 -1 -1 -1 -1 476538 0 15 17 17 20 2 4 2 5
0 0 0 1 1 7 1 1 7 2 1 1 5 5 5 4 3 1 1 477038 0 15 17 17 20 2 5 2 5
0 0 0 1 1 6 1 1 7 2 1 1 5 -1 -1 -1 -1 -1 -1 477538 0 15 17 17 20 2 5 2 5
0 0 0 1 1 6 1 1 7 2 1 1 5 -1 -1 -1 -1 -1 -1 478071 0 15 17 17 17.6 2 5 2 5
0 0 0 1 1 6 1 1 7 2 1 1 5 -1 -1 -1 -1 -1 -1 478571 0 15 17 17 20 2 5 2 5
0 0 0 1 3 6 1 1 7 2 1 1 5 4 5 4 0 0 0 479071 0 15 17 17 20 2 6 2 5
0 0 0 1 1 6 1 1 7 2 1 1 5 -1 -1 -1 -1 -1 -1 479571 0 15 17 17 20 2 6 2 5
0 0 0 1 1 6 1 1 7 2 1 1 5 -1 -1 -1 -1 -1 -1 480104 0 15 17 17 17.0667 2 6 2 5
0 0 0 1 1 6 1 1 7 2 1 1 5 -1 -1 -1 -1 -1 -1 480737 0 15 17 17 16 2 6 2 5
0 0 0 1 3 6 1 1 7 2 1 1 5 4 5 4 2 0 0 481337 0 15 17 17 16 2 5 2 5
0 0 0 1 1 6 1 1 7 2 1 1 5 -1 -1 -1 -1 -1 -1 481870 0 15 17 17 20 2 5 2 5
0 0 0 1 1 6 1 1 7 2 1 1 5 -1 -1 -1 -1 -1 -1 482370 0 15 17 17 20 2 5 2 5
0 0 0 1 1 6 1 1 7 2 1 1 5 -1 -1 -1 -1 -1 -1 482870 0 15 17 17 20 2 5 2 5
0 0 0 1 1 6 3 1 7 2 1 1 5 6 5 4 3 0 0 483403 0 15 17 17 16.5333 2 8 0 5
0 0 0 1 1 6 1 1 7 2 1 1 5 -1 -1 -1 -1 -1 -1 483970 0 15 17 17 20 2 8 0 5
0 0 0 1 1 6 1 1 7 2 1 1 5 -1 -1 -1 -1 -1 -1 484469 0 15 17 17 20 2 8 0 5
0 0 0 1 1 6 1 1 7 2 1 1 5 -1 -1 -1 -1 -1 -1 484969 0 15 17 17 20 2 8 0 5
0 0 0 1 1 7 1 1 7 2 1 1 5 5 5 4 3 1 1 485503 0 15 17 17 18.1333 2 4 2 5
0 0 0 1 1 6 1 1 7 2 1 1 5 -1 -1 -1 -1 -1 -1 486102 0 15 17 17 16 2 4 2 5
0 0 0 1 1 6 1 1 7 2 1 1 5 -1 -1 -1 -1 -1 -1 486702 0 15 17 17 16 2 4 2 5
0 0 0 1 1 6 1 1 7 2 1 1 5 -1 -1 -1 -1 -1 -1 487235 0 15 17 17 20 2 4 2 5
0 0 0 3 1 6 1 1 7 2 1 1 5 3 5 4 0 0 0 487735 0 15 17 17 20 2 5 2 5
0 0 0 1 1 6 1 1 7 2 1 1 5 -1 -1 -1 -1 -1 -1 488235 0 15 17 17 20 2 5 2 5
0 0 0 1 1 6 1 1 7 2 1 1 5 -1 -1 -1 -1 -1 -1 488768 0 15 17 17 16 2 5 2 5
0 0 0 1 1 6 1 1 7 2 1 1 5 -1 -1 -1 -1 -1 -1 489402 0 15 17 17 20 2 5 2 5
0 0 0 1 3 6 1 1 7 2 1 1 5 4 5 4 2 0 0 489901 0 15 17 17 20 2 4 2 5
0 0 0 1 1 6 1 1 7 2 1 1 5 -1 -1 -1 -1 -1 -1 490401 0 15 17 17 20 2 4 2 5
0 0 0 1 6 1 1 1 7 2 1 1 4 -1 -1 -1 -1 -1 -1 490901 0 15 17 17 20 2 4 2 5
0 0 0 1 6 1 1 1 7 2 1 1 4 -1 -1 -1 -1 -1 -1 491434 0 15 17 17 20 2 4 2 5
0 0 0 1 6 3 1 1 7 2 1 1 4 5 5 4 1 0 0 491934 0 15 17 17 20 2 4 2 5
0 0 0 1 6 1 1 1 7 2 1 1 4 -1 -1 -1 -1 -1 -1 492434 0 15 17 17 20 2 4 2 5
0 0 0 1 6 1 1 1 7 2 1 1 4 -1 -1 -1 -1 -1 -1 492934 0 15 17 17 19.4667 2 4 2 5
0 0 0 1 1 6 1 1 7 2 1 1 5 -1 -1 -1 -1 -1 -1 493501 0 15 17 17 16 2 4 2 5
0 0 0 3 1 6 1 1 7 2 1 1 5 3 5 4 3 0 0 494000 0 15 17 17 20 2 5 2 5
0 0 0 1 1 6 1 1 7 2 1 1 5 -1 -1 -1 -1 -1 -1 494500 0 15 17 17 20 2 5 2 5
0 0 0 1 1 6 1 1 7 2 1 1 5 -1 -1 -1 -1 -1 -1 495000 0 15 17 17 20 2 5 2 5
0 0 0 1 6 1 1 1 7 2 1 1 4 -1 -1 -1 -1 -1 -1 495533 0 15 17 17 20 2 5 2 5
0 0 0 1 7 1 1 1 7 2 1 1 4 4 5 4 3 1 1 496033 0 15 17 17 20 2 6 2 5
0 0 0 1 1 6 1 1 7 2 1 1 5 -1 -1 -1 -1 -1 -1 433915 0 15 17 17 60 2 8 0 5
0 0 0 1 1 6 1 1 7 2 1 1 5 -1 -1 -1 -1 -1 -1 434082 0 15 17 17 60 2 8 0 5
0 0 0 1 1 6 1 1 7 2 1 1 5 -1 -1 -1 -1 -1 -1 434248 0 15 17 17 60 2 4 2 5
0 0 0 1 1 6 1 1 7 2 1 1 5 -1 -1 -1 -1 -1 -1 434415 0 15 17 17 51.2 2 4 2 5
0 0 0 1 1 6 1 1 7 2 1 1 5 -1 -1 -1 -1 -1 -1 434682 0 15 17 17 27.7333 2 4 2 5
0 0 0 1 1 6 1 1 7 2 1 1 5 -1 -1 -1 -1 -1 -1 435148 0 15 17 17 20 2 4 2 5
0 0 0 1 1 6 1 1 7 2 1 1 5 -1 -1 -1 -1 -1 -1 435648 0 15 17 17 20 2 5 2 5
0 0 0 1 1 6 1 1 7 2 1 1 5 -1 -1 -1 -1 -1 -1 436148 0 15 17 17 20 2 5 2 5
0 0 0 1 1 6 1 1 7 2 1 1 5 -1 -1 -1 -1 -1 -1 436681 0 15 17 17 16.5333 2 5 2 5
0 0 0 1 1 6 1 1 7 2 1 1 5 -1 -1 -1 -1 -1 -1 437314 0 15 17 17 16 2 5 2 5
0 0 0 1 1 6 1 3 7 2 1 1 5 7 5 4 1 0 0 437947 0 15 17 17 16 2 4 2 5
0 0 0 1 1 6 1 1 7 2 1 1 5 -1 -1 -1 -1 -1 -1 438547 0 15 17 17 16 2 4 2 5
0 0 0 1 1 6 1 1 7 2 1 1 5 -1 -1 -1 -1 -1 -1 439181 0 15 17 17 16 2 4 2 5
0 0 0 1 1 6 1 1 7 2 1 1 5 -1 -1 -1 -1 -1 -1 439814 0 15 17 17 16 2 4 2 5
0 0 0 1 6 3 1 1 7 2 1 1 4 5 5 4 3 0 0 440447 0 15 17 17 16 2 4 2 5
0 0 0 1 6 1 1 1 7 2 1 1 4 -1 -1 -1 -1 -1 -1 441047 0 15 17 17 16 2 4 2 5
0 0 0 1 1 6 1 1 7 2 1 1 5 -1 -1 -1 -1 -1 -1 441680 0 15 17 17 16 2 4 2 5
0 0 0 1 1 6 1 1 7 2 1 1 5 -1 -1 -1 -1 -1 -1 442213 0 15 17 17 20 2 4 2 5
0 0 0 1 3 6 1 1 7 2 1 1 5 4 5 4 2 0 0 442713 0 15 17 17 20 2 5 2 5
0 0 0 1 1 6 1 1 7 2 1 1 5 -1 -1 -1 -1 -1 -1 443213 0 15 17 17 20 2 5 2 5
0 0 0 1 1 6 1 1 7 2 1 1 5 -1 -1 -1 -1 -1 -1 443746 0 15 17 17 17.0667 2 5 2 5
0 0 0 1 1 6 1 1 7 2 1 1 5 -1 -1 -1 -1 -1 -1 444313 0 15 17 17 20 2 5 2 5
0 0 0 3 1 6 1 1 7 2 1 1 5 3 5 4 3 0 0 444812 0 15 17 17 20 2 6 2 5
0 0 0 1 1 6 1 1 7 2 1 1 5 -1 -1 -1 -1 -1 -1 445312 0 15 17 17 20 2 6 2 5
0 0 0 1 6 1 1 1 7 2 1 1 4 -1 -1 -1 -1 -1 -1 445812 0 15 17 17 18.6667 2 6 2 5
0 0 0 1 6 1 1 1 7 2 1 1 4 -1 -1 -1 -1 -1 -1 446412 0 15 17 17 20 2 6 2 5
0 0 0 1 6 3 1 1 7 2 1 1 4 5 5 4 0 0 0 446912 0 15 17 17 20 2 5 2 5
0 0 0 1 6 1 1 1 7 2 1 1 4 -1 -1 -1 -1 -1 -1 447412 0 15 17 17 20 2 5 2 5
0 0 0 1 6 1 1 1 7 2 1 1 4 -1 -1 -1 -1 -1 -1 447912 0 15 17 17 19.2 2 5 2 5
0 0 0 1 1 6 1 1 7 2 1 1 5 -1 -1 -1 -1 -1 -1 448478 0 15 17 17 20 2 5 2 5
0 0 0 1 3 6 1 1 7 2 1 1 5 4 5 4 3 0 0 448978 0 15 17 17 20 2 8 0 5
0 0 0 1 1 6 1 1 7 2 1 1 5 -1 -1 -1 -1 -1 -1 449478 0 15 17 17 20 2 8 0 5
0 0 0 1 1 6 1 1 7 2 1 1 5 -1 -1 -1 -1 -1 -1 449978 0 15 17 17 20 2 8 0 5
0 0 0 1 1 6 1 1 7 2 1 1 5 -1 -1 -1 -1 -1 -1 450544 0 15 17 17 16 2 8 0 5
0 0 0 1 1 7 1 1 7 2 1 1 5 5 5 4 3 1 1 451178 0 15 17 17 16 2 4 2 5
0 0 0 1 1 6 1 1 7 2 1 1 5 -1 -1 -1 -1 -1 -1 451777 0 15 17 17 16 2 4 2 5
0 0 0 1 1 1 6 1 7 2 1 1 6 -1 -1 -1 -1 -1 -1 452411 0 15 17 17 16 2 4 2 5
0 0 0 1 1 1 6 1 7 2 1 1 6 -1 -1 -1 -1 -1 -1 452944 0 15 17 17 20 2 4 2 5
0 0 0 1 1 1 7 1 7 2 1 1 6 6 5 4 3 1 1 453444 0 15 17 17 20 2 5 2 5
0 0 0 1 1 1 6 1 7 2 1 1 6 -1 -1 -1 -1 -1 -1 453944 0 15 17 17 20 2 5 2 5
0 0 0 1 1 1 1 6 7 2 1 1 7 -1 -1 -1 -1 -1 -1 454477 0 15 17 17 16.2667 2 5 2 5
0 0 0 1 1 1 1 6 7 2 1 1 7 -1 -1 -1 -1 -1 -1 455010 0 15 17 17 20 2 5 2 5
0 0 0 1 1 1 1 7 7 2 1 1 7 7 5 4 3 1 1 455510 0 15 17 17 20 2 4 2 5
0 0 0 1 1 1 1 6 7 2 1 1 7 -1 -1 -1 -1 -1 -1 456010 0 15 17 17 20 2 4 2 5
0 0 0 1 1 1 6 1 7 2 1 1 6 -1 -1 -1 -1 -1 -1 456543 0 15 17 17 17.6 2 4 2 5
0 0 0 1 1 1 6 1 7 2 1 1 6 -1 -1 -1 -1 -1 -1 457109 0 15 17 17 20 2 4 2 5
0 0 0 1 1 1 6 3 7 2 1 1 6 7 5 4 2 0 0 457609 0 15 17 17 20 2 4 2 5
0 0 0 1 1 1 6 1 7 2 1 1 6 -1 -1 -1 -1 -1 -1 458109 0 15 17 17 20 2 4 2 5
0 0 0 1 1 1 6 1 7 2 1 1 6 -1 -1 -1 -1 -1 -1 458609 0 15 17 17 20 2 4 2 5
0 0 0 1 1 1 6 1 7 2 1 1 6 -1 -1 -1 -1 -1 -1 459109 0 15 17 17 20 2 4 2 5
0 0 0 1 1 3 6 1 7 2 1 1 6 5 5 4 1 0 0 459609 0 15 17 17 20 2 5 2 5
0 0 0 1 1 1 6 1 7 2 1 1 6 -1 -1 -1 -1 -1 -1 460109 0 15 17 17 19.4667 2 5 2 5
0 0 0 1 1 1 6 1 7 2 1 1 6 -1 -1 -1 -1 -1 -1 460675 0 15 17 17 16 2 5 2 5
0 0 0 1 1 1 6 1 7 2 1 1 6 -1 -1 -1 -1 -1 -1 461308 0 15 17 17 16 2 5 2 5
0 0 0 1 1 3 6 1 7 2 1 1 6 5 5 4 3 0 0 461842 0 15 17 17 20 2 6 2 5
0 0 0 1 1 1 6 1 7 2 1 1 6 -1 -1 -1 -1 -1 -1 462342 0 15 17 17 20 2 6 2 5
0 0 0 1 1 1 6 1 7 2 1 1 6 -1 -1 -1 -1 -1 -1 462841 0 15 17 17 20 2 6 2 5
0 0 0 1 1 1 6 1 7 2 1 1 6 -1 -1 -1 -1 -1 -1 463375 0 15 17 17 17.6 2 6 2 5
0 0 0 1 1 1 6 3 7 2 1 1 6 7 5 4 1 0 0 463974 0 15 17 17 16 2 5 2 5
0 0 0 1 1 1 6 1 7 2 1 1 6 -1 -1 -1 -1 -1 -1 464608 0 15 17 17 16 2 5 2 5
0 0 0 1 1 1 6 1 7 2 1 1 6 -1 -1 -1 -1 -1 -1 465108 0 15 17 17 20 2 5 2 5
0 0 0 1 1 6 1 1 7 2 1 1 5 -1 -1 -1 -1 -1 -1 465607 0 15 17 17 20 2 5 2 5
0 0 0 1 1 6 3 1 7 2 1 1 5 6 5 4 2 0 0 466107 0 15 17 17 20 2 8 0 5
0 0 0 1 1 6 1 1 7 2 1 1 5 -1 -1 -1 -1 -1 -1 466674 0 15 17 17 16 2 8 0 5
0 0 0 1 1 6 1 1 7 2 1 1 5 -1 -1 -1 -1 -1 -1 467307 0 15 17 17 16 2 8 0 5
0 0 0 1 1 6 1 1 7 2 1 1 5 -1 -1 -1 -1 -1 -1 467807 0 15 17 17 20 2 8 0 5
0 0 0 1 3 6 1 1 7 2 1 1 5 4 5 4 0 0 0 468307 0 15 17 17 20 2 4 2 5
0 0 0 1 1 6 1 1 7 2 1 1 5 -1 -1 -1 -1 -1 -1 468807 0 15 17 17 20 2 4 2 5
0 0 0 1 1 6 1 1 7 2 1 1 5 -1 -1 -1 -1 -1 -1 469340 0 15 17 17 16.2667 2 4 2 5
0 0 0 1 1 6 1 1 7 2 1 1 5 -1 -1 -1 -1 -1 -1 469973 0 15 17 17 16 2 4 2 5
0 0 0 3 1 6 1 1 7 2 1 1 5 3 5 4 3 0 0 470573 0 15 17 17 20 2 5 2 5
0 0 0 1 1 6 1 1 7 2 1 1 5 -1 -1 -1 -1 -1 -1 471073 0 15 17 17 20 2 5 2 5
0 0 0 1 6 1 1 1 7 2 1 1 4 -1 -1 -1 -1 -1 -1 471573 0 15 17 17 20 2 5 2 5
0 0 0 6 1 1 1 1 7 2 1 1 3 -1 -1 -1 -1 -1 -1 472072 0 15 17 17 19.4667 2 5 2 5
0 0 0 7 1 1 1 1 7 2 1 1 3 3 5 4 3 1 1 472572 0 15 17 17 20 2 4 2 5
0 0 0 6 1 1 1 1 7 2 1 1 3 -1 -1 -1 -1 -1 -1 473072 0 15 17 17 20 2 4 2 5
0 0 0 6 1 1 1 1 7 2 1 1 3 -1 -1 -1 -1 -1 -1 473572 0 15 17 17 20 2 4 2 5
0 0 0 6 1 1 1 1 7 2 1 1 3 -1 -1 -1 -1 -1 -1 474105 0 15 17 17 16.8 2 4 2 5
0 0 0 7 1 1 1 1 7 2 1 1 3 3 5 4 3 1 1 474738 0 15 17 17 16 2 4 2 5
0 0 0 6 1 1 1 1 7 2 1 1 3 -1 -1 -1 -1 -1 -1 475372 0 15 17 17 16 2 4 2 5
0 0 0 1 1 6 1 1 7 2 1 1 5 -1 -1 -1 -1 -1 -1 475972 0 15 17 17 16 2 4 2 5
0 0 0 1 1 6 1 1 7 2 1 1 5 -1 -1 -1 -1 -1 -1 476538 0 15 17 17 20 2 4 2 5
0 0 0 1 1 7 1 1 7 2 1 1 5 5 5 4 3 1 1 477038 0 15 17 17 20 2 5 2 5
0 0 0 1 1 6 1 1 7 2 1 1 5 -1 -1 -1 -1 -1 -1 477538 0 15 17 17 20 2 5 2 5
0 0 0 1 1 6 1 1 7 2 1 1 5 -1 -1 -1 -1 -1 -1 478071 0 15 17 17 17.6 2 5 2 5
0 0 0 1 1 6 1 1 7 2 1 1 5 -1 -1 -1 -1 -1 -1 478571 0 15 17 17 20 2 5 2 5
0 0 0 1 3 6 1 1 7 2 1 1 5 4 5 4 0 0 0 479071 0 15 17 17 20 2 6 2 5
0 0 0 1 1 6 1 1 7 2 1 1 5 -1 -1 -1 -1 -1 -1 479571 0 15 17 17 20 2 6 2 5
0 0 0 1 1 6 1 1 7 2 1 1 5 -1 -1 -1 -1 -1 -1 480104 0 15 17 17 17.0667 2 6 2 5
0 0 0 1 1 6 1 1 7 2 1 1 5 -1 -1 -1 -1 -1 -1 480737 0 15 17 17 16 2 6 2 5
0 0 0 1 3 6 1 1 7 2 1 1 5 4 5 4 2 0 0 481337 0 15 17 17 16 2 5 2 5
0 0 0 1 1 6 1 1 7 2 1 1 5 -1 -1 -1 -1 -1 -1 481870 0 15 17 17 20 2 5 2 5
0 0 0 1 1 6 1 1 7 2 1 1 5 -1 -1 -1 -1 -1 -1 482370 0 15 17 17 20 2 5 2 5
0 0 0 1 1 6 1 1 7 2 1 1 5 -1 -1 -1 -1 -1 -1 482870 0 15 17 17 20 2 5 2 5
0 0 0 1 1 6 3 1 7 2 1 1 5 6 5 4 3 0 0 483403 0 15 17 17 16.5333 2 8 0 5
0 0 0 1 1 6 1 1 7 2 1 1 5 -1 -1 -1 -1 -1 -1 483970 0 15 17 17 20 2 8 0 5
0 0 0 1 1 6 1 1 7 2 1 1 5 -1 -1 -1 -1 -1 -1 484469 0 15 17 17 20 2 8 0 5
0 0 0 1 1 6 1 1 7 2 1 1 5 -1 -1 -1 -1 -1 -1 484969 0 15 17 17 20 2 8 0 5
0 0 0 1 1 7 1 1 7 2 1 1 5 5 5 4 3 1 1 485503 0 15 17 17 18.1333 2 4 2 5
0 0 0 1 1 6 1 1 7 2 1 1 5 -1 -1 -1 -1 -1 -1 486102 0 15 17 17 16 2 4 2 5
0 0 0 1 1 6 1 1 7 2 1 1 5 -1 -1 -1 -1 -1 -1 486702 0 15 17 17 16 2 4 2 5
0 0 0 1 1 6 1 1 7 2 1 1 5 -1 -1 -1 -1 -1 -1 487235 0 15 17 17 20 2 4 2 5
0 0 0 3 1 6 1 1 7 2 1 1 5 3 5 4 0 0 0 487735 0 15 17 17 20 2 5 2 5
0 0 0 1 1 6 1 1 7 2 1 1 5 -1 -1 -1 -1 -1 -1 488235 0 15 17 17 20 2 5 2 5
0 0 0 1 1 6 1 1 7 2 1 1 5 -1 -1 -1 -1 -1 -1 488768 0 15 17 17 16 2 5 2 5
0 0 0 1 1 6 1 1 7 2 1 1 5 -1 -1 -1 -1 -1 -1 489402 0 15 17 17 20 2 5 2 5
0 0 0 1 3 6 1 1 7 2 1 1 5 4 5 4 2 0 0 489901 0 15 17 17 20 2 4 2 5
0 0 0 1 1 6 1 1 7 2 1 1 5 -1 -1 -1 -1 -1 -1 490401 0 15 17 17 20 2 4 2 5
0 0 0 1 6 1 1 1 7 2 1 1 4 -1 -1 -1 -1 -1 -1 490901 0 15 17 17 20 2 4 2 5
0 0 0 1 6 1 1 1 7 2 1 1 4 -1 -1 -1 -1 -1 -1 491434 0 15 17 17 20 2 4 2 5
0 0 0 1 6 3 1 1 7 2 1 1 4 5 5 4 1 0 0 491934 0 15 17 17 20 2 4 2 5
0 0 0 1 6 1 1 1 7 2 1 1 4 -1 -1 -1 -1 -1 -1 492434 0 15 17 17 20 2 4 2 5
0 0 0 1 6 1 1 1 7 2 1 1 4 -1 -1 -1 -1 -1 -1 492934 0 15 17 17 19.4667 2 4 2 5
0 0 0 1 1 6 1 1 7 2 1 1 5 -1 -1 -1 -1 -1 -1 493501 0 15 17 17 16 2 4 2 5
0 0 0 3 1 6 1 1 7 2 1 1 5 3 5 4 3 0 0 494000 0 15 17 17 20 2 5 2 5
0 0 0 1 1 6 1 1 7 2 1 1 5 -1 -1 -1 -1 -1 -1 494500 0 15 17 17 20 2 5 2 5
0 0 0 1 1 6 1 1 7 2 1 1 5 -1 -1 -1 -1 -1 -1 495000 0 15 17 17 20 2 5 2 5
0 0 0 1 6 1 1 1 7 2 1 1 4 -1 -1 -1 -1 -1 -1 495533 0 15 17 17 20 2 5 2 5
0 0 0 1 7 1 1 1 7 2 1 1 4 4 5 4 3 1 1 496033 0 15 17 17 20 2 6 2 5
