% Tunnel Log: 
% debug seed: 1463160510
%
% SegEncNW { '0'=no panel, '1'=panel, '4'=obstacle, '5'=collided obstacle, '6'=player, '7'=player right, '8'=player wrong, '2'=target, '3'=fake }
% SegEncN
% SegEncNE
% SegEncE
% SegEncSE
% SegEncS
% SegEncSW
% SegEncW
% Event Number { 0, inf }
% Task Type { 0=Color/Sound, 1=Shape/Sound, 2=Sound, 3=Navigation, 4=Speed, 5=Training 6=Recess, 7=Special 2-Back }
% N-Back { 0, inf }
% Navigation Level { 0, inf }
% Player Loc { 0=Northwest ... 7=West }
% Pod Loc { -1=N/A, 0=Northwest ... 7=West }
% Pod Color { -1, inf }
% Pod Shape { -1, inf }
% Pod Sound { -1, inf }
% Pod Match { -1=N/A, 0=No, 1=Yes }
% Pod Taken { -1=N/A, 0=No, 1=Yes }
% Timestamp (ms)
% Num Obstacles { 0, inf }
% Min Speed { 0, inf }
% Max Speed { 0, inf }
% Base Speed { 0, inf }
% Final Speed { 0, inf }
% Navigation Score { 0, inf }
% Segment Direction { 0=Northwest ... 7=West }
% Segment Angle { 0, inf }
% Segment Panels { 0, inf }
%
% SegEncNW SecEncN SegEncNE SegEncE SegEncSE SegEncS SegEncSW SegEncW EventNumber TaskType N-Back Navigation PlayerLoc PodLoc PodColor PodShape PodSound PodMatch PodTaken Timestamp NumObs MinSpeed MaxSpeed BaseSpeed FinalSpeed NavScore SegmentDir SegmentAngle SegmentPanels
0 0 0 0 1 6 1 0 0 3 1 0 5 -1 -1 -1 -1 -1 -1 39833 0 15 40 15 60 2 8 0 3
0 0 0 0 1 6 1 0 0 3 1 0 5 -1 -1 -1 -1 -1 -1 39933 0 15 40 15 60 2 8 0 3
0 0 0 0 1 6 1 0 0 3 1 0 5 -1 -1 -1 -1 -1 -1 40099 0 15 40 15 60 2 8 0 3
0 0 0 0 1 6 1 0 0 3 1 0 5 -1 -1 -1 -1 -1 -1 40266 0 15 40 15 60 2 5 2 3
0 0 0 0 1 6 1 0 0 3 1 0 5 -1 -1 -1 -1 -1 -1 40433 0 15 40 15 50 2 5 2 3
0 0 0 0 1 6 1 0 0 3 1 0 5 -1 -1 -1 -1 -1 -1 40733 0 15 40 15 20 2 5 2 3
0 0 0 0 1 6 1 0 0 3 1 0 5 -1 -1 -1 -1 -1 -1 41666 0 15 40 15 10 2 5 2 3
0 0 0 0 1 6 1 0 0 3 1 0 5 -1 -1 -1 -1 -1 -1 42666 0 15 40 15 10 2 5 2 3
0 0 0 0 6 1 1 0 0 3 1 0 4 -1 -1 -1 -1 -1 -1 43666 0 15 40 15 10 2 5 2 3
0 0 0 0 6 1 1 0 0 3 1 0 4 -1 -1 -1 -1 -1 -1 44666 0 15 40 15 10 2 5 2 3
0 0 0 0 6 1 1 0 0 3 1 0 4 -1 -1 -1 -1 -1 -1 45666 0 15 40 15 10 2 5 2 3
0 0 0 0 7 1 1 0 0 3 1 0 4 4 5 4 4 1 1 46666 0 15 40 15 10 2 6 2 3
0 0 0 0 1 6 1 0 0 3 1 0 5 -1 -1 -1 -1 -1 -1 47666 0 15 40 15 10 2 6 2 3
0 0 0 0 1 1 6 0 0 3 1 0 6 -1 -1 -1 -1 -1 -1 48666 0 15 40 15 10 2 6 2 3
0 0 0 0 1 1 6 0 0 3 1 0 6 -1 -1 -1 -1 -1 -1 49666 0 15 40 15 10 2 6 2 3
0 0 0 0 1 1 7 0 0 3 1 0 6 6 5 4 4 1 1 50666 0 15 40 15 10 2 5 2 3
0 0 0 0 1 1 6 0 0 3 1 0 6 -1 -1 -1 -1 -1 -1 51466 0 15 40 16 13 2 5 2 3
0 0 0 0 1 1 6 0 0 3 1 0 6 -1 -1 -1 -1 -1 -1 52266 0 15 40 16 13 2 5 2 3
0 0 0 0 1 1 6 0 0 3 1 0 6 -1 -1 -1 -1 -1 -1 53032 0 15 40 16 13 2 5 2 3
0 0 0 0 1 1 7 0 0 3 1 0 6 6 5 4 4 1 1 53799 0 15 40 16 13 2 4 2 3
0 0 0 0 1 6 1 0 0 3 1 0 5 -1 -1 -1 -1 -1 -1 54566 0 15 40 16 13 2 4 2 3
0 0 0 0 6 1 1 0 0 3 1 0 4 -1 -1 -1 -1 -1 -1 55332 0 15 40 16 13 2 4 2 3
0 0 0 0 6 1 1 0 0 3 1 0 4 -1 -1 -1 -1 -1 -1 56099 0 15 40 16 13 2 4 2 3
0 0 0 1 7 1 1 1 0 3 1 0 4 4 5 4 4 1 1 56866 0 15 40 16 13 2 5 2 5
0 0 0 1 6 1 1 1 0 3 1 1 4 -1 -1 -1 -1 -1 -1 57499 0 15 40 17 16 2 5 2 5
0 0 0 1 6 1 1 1 0 3 1 1 4 -1 -1 -1 -1 -1 -1 58132 0 15 40 17 16 2 5 2 5
0 0 0 1 6 1 1 1 0 3 1 1 4 -1 -1 -1 -1 -1 -1 58766 0 15 40 17 16 2 5 2 5
0 0 0 1 7 1 1 1 0 3 1 1 4 4 5 4 4 1 1 59399 0 15 40 17 16 2 5 2 5
0 0 0 1 6 1 1 1 0 3 1 1 4 -1 -1 -1 -1 -1 -1 59999 0 15 40 17 16 2 5 2 5
0 0 0 1 1 1 6 1 0 3 1 1 6 -1 -1 -1 -1 -1 -1 60632 0 15 40 17 16 2 5 2 5
0 0 0 1 1 1 6 1 0 3 1 1 6 -1 -1 -1 -1 -1 -1 61266 0 15 40 17 16 2 5 2 5
0 0 0 1 1 1 7 1 0 3 1 1 6 6 5 4 4 1 1 61899 0 15 40 17 16 2 8 0 5
0 0 0 1 1 1 6 1 0 3 1 1 6 -1 -1 -1 -1 -1 -1 62432 0 15 40 18 19 2 8 0 5
0 0 0 1 1 1 6 1 0 3 1 1 6 -1 -1 -1 -1 -1 -1 62966 0 15 40 18 19 2 8 0 5
0 0 0 1 1 1 6 1 0 3 1 1 6 -1 -1 -1 -1 -1 -1 63466 0 15 40 18 19 2 8 0 5
0 0 0 1 1 1 7 1 0 3 1 1 6 6 5 4 4 1 1 63999 0 15 40 18 19 2 5 2 5
0 0 0 1 1 1 6 1 0 3 1 1 6 -1 -1 -1 -1 -1 -1 64532 0 15 40 18 19 2 5 2 5
0 0 0 1 1 6 1 1 0 3 1 1 5 -1 -1 -1 -1 -1 -1 65066 0 15 40 18 19 2 5 2 5
0 0 0 1 1 6 1 1 0 3 1 1 5 -1 -1 -1 -1 -1 -1 65599 0 15 40 18 19 2 5 2 5
0 0 0 1 1 7 1 1 0 3 1 1 5 5 5 4 4 1 1 66099 0 15 40 18 19 2 5 2 5
0 0 0 1 1 6 1 1 0 3 1 1 5 -1 -1 -1 -1 -1 -1 66599 0 15 40 19 21 2 5 2 5
0 0 0 1 1 6 1 1 0 3 1 1 5 -1 -1 -1 -1 -1 -1 67065 0 15 40 19 21 2 5 2 5
0 0 0 1 1 6 1 1 0 3 1 1 5 -1 -1 -1 -1 -1 -1 67532 0 15 40 19 21 2 5 2 5
0 0 0 1 1 7 1 1 0 3 1 1 5 5 5 4 4 1 1 68032 0 15 40 19 21 2 6 2 5
0 0 0 1 1 6 1 1 0 3 1 1 5 -1 -1 -1 -1 -1 -1 68499 0 15 40 19 21 2 6 2 5
0 0 0 6 1 1 1 1 0 3 1 1 3 -1 -1 -1 -1 -1 -1 68965 0 15 40 19 21 2 6 2 5
0 0 0 6 1 1 1 1 0 3 1 1 3 -1 -1 -1 -1 -1 -1 69465 0 15 40 19 21 2 6 2 5
0 0 0 7 1 1 1 1 0 3 1 1 3 3 5 4 4 1 1 69932 0 15 40 19 21 2 5 2 5
0 0 0 6 1 1 1 1 0 3 1 2 3 -1 -1 -1 -1 -1 -1 70399 0 15 40 20 22 2 5 2 5
0 0 0 1 6 1 1 1 0 3 1 2 4 -1 -1 -1 -1 -1 -1 70832 0 15 40 20 22 2 5 2 5
0 0 0 1 6 1 1 1 0 3 1 2 4 -1 -1 -1 -1 -1 -1 71299 0 15 40 20 22 2 5 2 5
0 0 0 1 7 1 1 1 0 3 1 2 4 4 5 4 4 1 1 71732 0 15 40 20 22 2 4 2 5
0 0 0 1 6 1 1 1 0 3 1 2 4 -1 -1 -1 -1 -1 -1 72199 0 15 40 20 22 2 4 2 5
0 0 0 1 1 6 1 4 0 3 1 2 5 -1 -1 -1 -1 -1 -1 72665 1 15 40 20 22 2 4 2 5
0 0 0 1 1 6 1 1 0 3 1 2 5 -1 -1 -1 -1 -1 -1 73099 0 15 40 20 22 2 4 2 5
0 0 0 1 1 7 1 1 0 3 1 2 5 5 5 4 4 1 1 73565 0 15 40 20 22 2 5 2 5
0 0 0 1 1 6 1 1 0 3 1 2 5 -1 -1 -1 -1 -1 -1 73999 0 15 40 21 23 2 5 2 5
0 0 0 4 1 1 6 1 0 3 1 2 6 -1 -1 -1 -1 -1 -1 74432 1 15 40 21 23 2 5 2 5
0 0 0 1 1 1 1 6 0 3 1 2 7 -1 -1 -1 -1 -1 -1 74865 0 15 40 21 23 2 5 2 5
0 0 0 1 1 1 1 7 0 3 1 2 7 7 5 4 4 1 1 75299 0 15 40 21 23 2 5 2 5
0 0 0 1 1 1 1 6 0 3 1 2 7 -1 -1 -1 -1 -1 -1 75732 0 15 40 21 23 2 5 2 5
0 0 0 4 1 1 6 1 0 3 1 2 6 -1 -1 -1 -1 -1 -1 76165 1 15 40 21 23 2 5 2 5
0 0 0 1 1 6 1 1 0 3 1 2 5 -1 -1 -1 -1 -1 -1 76599 0 15 40 21 23 2 5 2 5
0 0 0 1 1 7 1 1 0 3 1 2 5 5 5 4 4 1 1 77032 0 15 40 21 23 2 8 0 5
0 0 0 1 1 6 1 1 0 3 1 2 5 -1 -1 -1 -1 -1 -1 77465 0 15 40 22 24 2 8 0 5
0 0 0 1 4 1 6 1 0 3 1 2 6 -1 -1 -1 -1 -1 -1 77865 1 15 40 22 24 2 8 0 5
0 0 0 1 1 1 1 6 0 3 1 2 7 -1 -1 -1 -1 -1 -1 78299 0 15 40 22 24 2 8 0 5
0 0 0 1 1 1 1 7 0 3 1 2 7 7 5 4 4 1 1 78699 0 15 40 22 24 2 5 2 5
0 0 0 1 1 1 1 6 0 3 1 2 7 -1 -1 -1 -1 -1 -1 79132 0 15 40 22 24 2 5 2 5
0 0 0 1 1 1 4 6 0 3 1 2 7 -1 -1 -1 -1 -1 -1 79532 1 15 40 22 24 2 5 2 5
0 0 0 1 1 1 1 6 0 3 1 2 7 -1 -1 -1 -1 -1 -1 79965 0 15 40 22 24 2 5 2 5
0 0 0 1 1 1 1 7 0 3 1 2 7 7 5 4 4 1 1 80365 0 15 40 22 24 2 5 2 5
0 0 0 1 1 1 1 6 0 3 1 2 7 -1 -1 -1 -1 -1 -1 80799 0 15 40 23 25 2 5 2 5
0 0 0 1 1 4 1 6 0 3 1 2 7 -1 -1 -1 -1 -1 -1 81199 1 15 40 23 25 2 5 2 5
0 0 0 1 1 1 1 6 0 3 1 2 7 -1 -1 -1 -1 -1 -1 81599 0 15 40 23 25 2 5 2 5
0 0 0 1 1 1 1 7 0 3 1 2 7 7 5 4 4 1 1 81999 0 15 40 23 25 2 6 2 5
0 0 0 1 1 1 1 6 0 3 1 2 7 -1 -1 -1 -1 -1 -1 82399 0 15 40 23 25 2 6 2 5
0 0 0 4 1 1 1 6 0 3 1 2 7 -1 -1 -1 -1 -1 -1 82799 1 15 40 23 25 2 6 2 5
0 0 0 1 1 1 1 6 0 3 1 2 7 -1 -1 -1 -1 -1 -1 83199 0 15 40 23 25 2 6 2 5
0 0 0 1 1 1 1 7 0 3 1 2 7 7 5 4 4 1 1 83565 0 15 40 23 25 2 5 2 5
0 0 0 1 1 1 6 1 0 3 1 2 6 -1 -1 -1 -1 -1 -1 83965 0 15 40 24 25.5 2 5 2 5
0 0 0 1 1 1 6 4 0 3 1 2 6 -1 -1 -1 -1 -1 -1 84365 1 15 40 24 25.5 2 5 2 5
0 0 0 1 1 1 6 1 0 3 1 2 6 -1 -1 -1 -1 -1 -1 84765 0 15 40 24 25.5 2 5 2 5
0 0 0 1 1 1 7 1 0 3 1 2 6 6 5 4 4 1 1 85165 0 15 40 24 25.5 2 4 2 5
0 0 0 1 1 1 1 6 0 3 1 2 7 -1 -1 -1 -1 -1 -1 85532 0 15 40 24 25.5 2 4 2 5
0 0 0 1 1 1 4 6 0 3 1 2 7 -1 -1 -1 -1 -1 -1 85932 1 15 40 24 25.5 2 4 2 5
0 0 0 1 1 1 6 1 0 3 1 2 6 -1 -1 -1 -1 -1 -1 86332 0 15 40 24 25.5 2 4 2 5
0 0 0 1 1 1 7 1 0 3 1 2 6 6 5 4 4 1 1 86732 0 15 40 24 25.5 2 5 2 5
0 0 0 1 1 1 6 1 0 3 1 2 6 -1 -1 -1 -1 -1 -1 87099 0 15 40 25 26 2 5 2 5
0 0 0 4 6 1 1 1 0 3 1 2 4 -1 -1 -1 -1 -1 -1 87499 1 15 40 25 26 2 5 2 5
0 0 0 1 6 1 1 1 0 3 1 2 4 -1 -1 -1 -1 -1 -1 87865 0 15 40 25 26 2 5 2 5
0 0 0 1 7 1 1 1 0 3 1 2 4 4 5 4 4 1 1 88265 0 15 40 25 26 2 5 2 5
0 0 0 1 6 1 1 1 0 3 1 2 4 -1 -1 -1 -1 -1 -1 88632 0 15 40 25 26 2 5 2 5
0 0 0 1 1 6 1 4 0 3 1 2 5 -1 -1 -1 -1 -1 -1 89032 1 15 40 25 26 2 5 2 5
0 0 0 1 1 6 1 1 0 3 1 2 5 -1 -1 -1 -1 -1 -1 89398 0 15 40 25 26 2 5 2 5
0 0 0 1 1 7 1 1 0 3 1 2 5 5 5 4 4 1 1 89798 0 15 40 25 26 2 8 0 5
0 0 0 1 1 1 6 1 0 3 1 2 6 -1 -1 -1 -1 -1 -1 90165 0 15 40 26 26.5 2 8 0 5
0 0 0 1 1 4 6 1 0 3 1 2 6 -1 -1 -1 -1 -1 -1 90565 1 15 40 26 26.5 2 8 0 5
0 0 0 1 1 1 6 1 0 3 1 2 6 -1 -1 -1 -1 -1 -1 90932 0 15 40 26 26.5 2 8 0 5
0 0 0 1 1 1 7 1 0 3 1 2 6 6 5 4 4 1 1 91298 0 15 40 26 26.5 2 5 2 5
0 0 0 1 1 1 6 1 0 3 1 2 6 -1 -1 -1 -1 -1 -1 91698 0 15 40 26 26.5 2 5 2 5
0 0 0 1 1 1 6 4 0 3 1 2 6 -1 -1 -1 -1 -1 -1 92065 1 15 40 26 26.5 2 5 2 5
0 0 0 1 1 1 6 1 0 3 1 2 6 -1 -1 -1 -1 -1 -1 92432 0 15 40 26 26.5 2 5 2 5
0 0 0 1 1 1 7 1 0 3 1 2 6 6 5 4 4 1 1 92832 0 15 40 26 26.5 2 5 2 5
0 0 0 1 1 1 6 1 0 3 1 2 6 -1 -1 -1 -1 -1 -1 93198 0 15 40 27 27 2 5 2 5
0 0 0 4 6 1 1 1 0 3 1 2 4 -1 -1 -1 -1 -1 -1 93565 1 15 40 27 27 2 5 2 5
0 0 0 1 6 1 1 1 0 3 1 2 4 -1 -1 -1 -1 -1 -1 93932 0 15 40 27 27 2 5 2 5
0 0 0 1 7 1 1 1 0 3 1 2 4 4 5 4 4 1 1 94298 0 15 40 27 27 2 6 2 5
0 0 0 1 1 6 1 1 0 3 1 2 5 -1 -1 -1 -1 -1 -1 94665 0 15 40 27 27 2 6 2 5
0 0 0 4 1 1 6 1 0 3 1 2 6 -1 -1 -1 -1 -1 -1 95032 1 15 40 27 27 2 6 2 5
0 0 0 1 1 1 6 1 0 3 1 2 6 -1 -1 -1 -1 -1 -1 95398 0 15 40 27 27 2 6 2 5
0 0 0 1 1 1 7 1 0 3 1 2 6 6 5 4 4 1 1 95765 0 15 40 27 27 2 5 2 5
0 0 0 1 1 1 6 1 0 3 1 2 6 -1 -1 -1 -1 -1 -1 96132 0 15 40 28 27.5 2 5 2 5
0 0 0 1 6 1 1 4 0 3 1 2 4 -1 -1 -1 -1 -1 -1 96498 1 15 40 28 27.5 2 5 2 5
0 0 0 1 6 1 1 1 0 3 1 2 4 -1 -1 -1 -1 -1 -1 96865 0 15 40 28 27.5 2 5 2 5
0 0 0 1 7 1 1 1 0 3 1 2 4 4 5 4 4 1 1 97232 0 15 40 28 27.5 2 4 2 5
0 0 0 1 6 1 1 1 0 3 1 2 4 -1 -1 -1 -1 -1 -1 97598 0 15 40 28 27.5 2 4 2 5
0 0 0 1 6 1 1 4 0 3 1 2 4 -1 -1 -1 -1 -1 -1 97965 1 15 40 28 27.5 2 4 2 5
0 0 0 1 6 1 1 1 0 3 1 2 4 -1 -1 -1 -1 -1 -1 98332 0 15 40 28 27.5 2 4 2 5
0 0 0 1 7 1 1 1 0 3 1 2 4 4 5 4 4 1 1 98698 0 15 40 28 27.5 2 5 2 5
0 0 0 1 1 6 1 1 0 3 1 2 5 -1 -1 -1 -1 -1 -1 99032 0 15 40 29 28 2 5 2 5
0 0 0 1 4 1 6 1 0 3 1 2 6 -1 -1 -1 -1 -1 -1 99398 1 15 40 29 28 2 5 2 5
0 0 0 1 1 1 6 1 0 3 1 2 6 -1 -1 -1 -1 -1 -1 99765 0 15 40 29 28 2 5 2 5
0 0 0 0 1 6 1 0 1 4 1 0 5 -1 -1 -1 -1 -1 -1 106165 0 15 40 15 60 2 8 0 3
0 0 0 0 1 6 1 0 1 4 1 0 5 -1 -1 -1 -1 -1 -1 106332 0 15 40 15 60 2 8 0 3
0 0 0 0 1 6 1 0 1 4 1 0 5 -1 -1 -1 -1 -1 -1 106498 0 15 40 15 60 2 4 2 3
0 0 0 0 1 6 1 0 1 4 1 0 5 -1 -1 -1 -1 -1 -1 106665 0 15 40 15 50 2 4 2 3
0 0 0 0 1 6 1 0 1 4 1 0 5 -1 -1 -1 -1 -1 -1 106965 0 15 40 15 20 2 4 2 3
0 0 0 0 1 6 1 0 1 4 1 0 5 -1 -1 -1 -1 -1 -1 107898 0 15 40 15 10 2 4 2 3
0 0 0 0 1 6 1 0 1 4 1 0 5 -1 -1 -1 -1 -1 -1 108898 0 15 40 15 10 2 6 2 3
0 0 0 0 1 6 1 0 1 4 1 0 5 -1 -1 -1 -1 -1 -1 109898 0 15 40 15 10 2 6 2 3
0 0 0 0 1 6 1 0 1 4 1 0 5 -1 -1 -1 -1 -1 -1 110898 0 15 40 15 10 2 6 2 3
0 0 0 0 1 6 1 0 1 4 1 0 5 -1 -1 -1 -1 -1 -1 111898 0 15 40 15 10 2 6 2 3
0 0 0 0 1 6 3 0 1 4 1 0 5 6 1 7 2 0 0 112898 0 15 40 15 10 2 5 2 3
0 0 0 0 1 6 1 0 1 4 1 0 5 -1 -1 -1 -1 -1 -1 113898 0 15 40 15 10 2 5 2 3
0 0 0 0 1 6 1 0 1 4 1 0 5 -1 -1 -1 -1 -1 -1 114898 0 15 40 15 10 2 5 2 3
0 0 0 0 1 6 1 0 1 4 1 0 5 -1 -1 -1 -1 -1 -1 115898 0 15 40 15 10 2 5 2 3
0 0 0 0 1 6 3 0 1 4 1 0 5 6 3 8 3 0 0 116898 0 15 40 15 10 2 5 2 3
0 0 0 0 1 6 1 0 1 4 1 0 5 -1 -1 -1 -1 -1 -1 117898 0 15 40 15 10 2 5 2 3
0 0 0 0 1 1 6 0 1 4 1 0 6 -1 -1 -1 -1 -1 -1 118898 0 15 40 15 10 2 5 2 3
0 0 0 0 1 1 6 0 1 4 1 0 6 -1 -1 -1 -1 -1 -1 119898 0 15 40 15 10 2 5 2 3
0 0 0 0 1 1 7 0 1 4 1 0 6 6 3 8 3 1 1 120898 0 15 40 15 10 2 4 2 3
0 0 0 0 1 1 6 0 1 4 1 0 6 -1 -1 -1 -1 -1 -1 121898 0 15 40 15 10 2 4 2 3
0 0 0 0 1 1 6 0 1 4 1 0 6 -1 -1 -1 -1 -1 -1 122898 0 15 40 15 10 2 4 2 3
0 0 0 0 1 1 6 0 1 4 1 0 6 -1 -1 -1 -1 -1 -1 123898 0 15 40 15 10 2 4 2 3
0 0 0 0 3 1 6 0 1 4 1 0 6 4 2 5 0 0 0 124898 0 15 40 15 10 2 5 2 3
0 0 0 0 1 6 1 0 1 4 1 0 5 -1 -1 -1 -1 -1 -1 125898 0 15 40 15 10 2 5 2 3
0 0 0 0 1 6 1 0 1 4 1 0 5 -1 -1 -1 -1 -1 -1 126898 0 15 40 15 10 2 5 2 3
0 0 0 0 1 6 1 0 1 4 1 0 5 -1 -1 -1 -1 -1 -1 127898 0 15 40 15 10 2 5 2 3
0 0 0 0 1 7 1 0 1 4 1 0 5 5 2 5 0 1 1 128898 0 15 40 15 10 2 6 2 3
0 0 0 0 1 6 1 0 1 4 1 0 5 -1 -1 -1 -1 -1 -1 129698 0 15 40 16 13 2 6 2 3
0 0 0 0 1 6 1 0 1 4 1 0 5 -1 -1 -1 -1 -1 -1 130465 0 15 40 16 13 2 6 2 3
0 0 0 0 1 6 1 0 1 4 1 0 5 -1 -1 -1 -1 -1 -1 131265 0 15 40 16 13 2 6 2 3
0 0 0 0 1 6 3 0 1 4 1 0 5 6 0 6 1 0 0 132032 0 15 40 16 13 2 8 0 3
0 0 0 0 1 6 1 0 1 4 1 0 5 -1 -1 -1 -1 -1 -1 132799 0 15 40 16 13 2 8 0 3
0 0 0 0 1 1 6 0 1 4 1 0 6 -1 -1 -1 -1 -1 -1 133566 0 15 40 16 13 2 8 0 3
0 0 0 0 1 1 6 0 1 4 1 0 6 -1 -1 -1 -1 -1 -1 134333 0 15 40 16 13 2 8 0 3
0 0 0 0 3 1 6 0 1 4 1 0 6 4 2 5 0 0 0 135099 0 15 40 16 13 2 4 2 3
0 0 0 0 1 6 1 0 1 4 1 0 5 -1 -1 -1 -1 -1 -1 135866 0 15 40 16 13 2 4 2 3
0 0 0 0 1 1 6 0 1 4 1 0 6 -1 -1 -1 -1 -1 -1 136633 0 15 40 16 13 2 4 2 3
0 0 0 0 1 6 1 0 1 4 1 0 5 -1 -1 -1 -1 -1 -1 137400 0 15 40 16 13 2 4 2 3
0 0 0 1 3 6 1 1 1 4 1 0 5 4 1 7 2 0 0 138167 0 15 40 16 13 2 6 2 5
0 0 0 1 1 6 1 1 1 4 1 0 5 -1 -1 -1 -1 -1 -1 138934 0 15 40 16 13 2 6 2 5
0 0 0 1 1 6 1 1 1 4 1 0 5 -1 -1 -1 -1 -1 -1 139700 0 15 40 16 13 2 6 2 5
0 0 0 1 1 6 1 1 1 4 1 0 5 -1 -1 -1 -1 -1 -1 140467 0 15 40 16 13 2 6 2 5
0 0 0 1 3 6 1 1 1 4 1 0 5 4 2 5 0 0 0 141234 0 15 40 16 13 2 5 2 5
0 0 0 1 1 1 6 1 1 4 1 1 6 -1 -1 -1 -1 -1 -1 142034 0 15 40 16 13 2 5 2 5
0 0 0 1 1 1 6 1 1 4 1 1 6 -1 -1 -1 -1 -1 -1 142801 0 15 40 16 13 2 5 2 5
0 0 0 1 1 1 6 1 1 4 1 1 6 -1 -1 -1 -1 -1 -1 143568 0 15 40 16 13 2 5 2 5
0 0 0 1 1 3 6 1 1 4 1 1 6 5 0 6 1 0 0 144335 0 15 40 16 13 2 5 2 5
0 0 0 1 1 1 6 1 1 4 1 1 6 -1 -1 -1 -1 -1 -1 145102 0 15 40 16 13 2 5 2 5
0 0 0 1 1 6 1 1 1 4 1 1 5 -1 -1 -1 -1 -1 -1 145868 0 15 40 16 13 2 5 2 5
0 0 0 1 1 6 1 1 1 4 1 1 5 -1 -1 -1 -1 -1 -1 146635 0 15 40 16 13 2 5 2 5
0 0 0 1 1 6 1 3 1 4 1 1 5 7 1 7 2 0 0 147402 0 15 40 16 13 2 4 2 5
0 0 0 1 1 6 1 1 1 4 1 1 5 -1 -1 -1 -1 -1 -1 148169 0 15 40 16 13 2 4 2 5
0 0 0 1 1 6 1 1 1 4 1 1 5 -1 -1 -1 -1 -1 -1 148936 0 15 40 16 13 2 4 2 5
0 0 0 1 1 6 1 1 1 4 1 1 5 -1 -1 -1 -1 -1 -1 149703 0 15 40 16 13 2 4 2 5
0 0 0 1 1 6 3 1 1 4 1 1 5 6 3 8 3 0 0 150469 0 15 40 16 13 2 5 2 5
0 0 0 1 1 6 1 1 1 4 1 1 5 -1 -1 -1 -1 -1 -1 151236 0 15 40 16 13 2 5 2 5
0 0 0 1 1 6 1 1 1 4 1 1 5 -1 -1 -1 -1 -1 -1 152003 0 15 40 16 13 2 5 2 5
0 0 0 1 1 6 1 1 1 4 1 1 5 -1 -1 -1 -1 -1 -1 152803 0 15 40 16 13 2 5 2 5
0 0 0 1 1 6 3 1 1 4 1 1 5 6 0 6 1 0 0 153570 0 15 40 16 13 2 6 2 5
0 0 0 1 1 6 1 1 1 4 1 1 5 -1 -1 -1 -1 -1 -1 154337 0 15 40 16 13 2 6 2 5
0 0 0 1 1 1 6 1 1 4 1 1 6 -1 -1 -1 -1 -1 -1 155104 0 15 40 16 13 2 6 2 5
0 0 0 1 1 1 6 1 1 4 1 1 6 -1 -1 -1 -1 -1 -1 155871 0 15 40 16 13 2 6 2 5
0 0 0 1 1 1 7 1 1 4 1 1 6 6 0 6 1 1 1 156637 0 15 40 16 13 2 8 0 5
0 0 0 1 1 1 6 1 1 4 1 1 6 -1 -1 -1 -1 -1 -1 157404 0 15 40 16 13 2 8 0 5
0 0 0 1 1 1 6 1 1 4 1 1 6 -1 -1 -1 -1 -1 -1 158171 0 15 40 16 13 2 8 0 5
0 0 0 1 1 1 6 1 1 4 1 1 6 -1 -1 -1 -1 -1 -1 158938 0 15 40 16 13 2 8 0 5
0 0 0 1 1 1 7 1 1 4 1 1 6 6 0 6 1 1 1 159705 0 15 40 16 13 2 4 2 5
0 0 0 1 1 1 6 1 1 4 1 1 6 -1 -1 -1 -1 -1 -1 160371 0 15 40 17 16 2 4 2 5
0 0 0 1 1 6 1 1 1 4 1 1 5 -1 -1 -1 -1 -1 -1 160972 0 15 40 17 16 2 4 2 5
0 0 0 1 1 6 1 1 1 4 1 1 5 -1 -1 -1 -1 -1 -1 161605 0 15 40 17 16 2 4 2 5
0 0 0 1 1 6 3 1 1 4 1 1 5 6 2 5 0 0 0 162239 0 15 40 17 16 2 6 2 5
0 0 0 1 1 6 1 1 1 4 1 1 5 -1 -1 -1 -1 -1 -1 162872 0 15 40 17 16 2 6 2 5
0 0 0 1 6 1 1 1 1 4 1 1 4 -1 -1 -1 -1 -1 -1 163472 0 15 40 17 16 2 6 2 5
0 0 0 1 6 1 1 1 1 4 1 1 4 -1 -1 -1 -1 -1 -1 164106 0 15 40 17 16 2 6 2 5
0 0 0 1 6 3 1 1 1 4 1 1 4 5 3 8 3 0 0 164739 0 15 40 17 16 2 5 2 5
0 0 0 1 6 1 1 1 1 4 1 1 4 -1 -1 -1 -1 -1 -1 165373 0 15 40 17 16 2 5 2 5
0 0 0 1 1 1 6 1 1 4 1 1 6 -1 -1 -1 -1 -1 -1 165973 0 15 40 17 16 2 5 2 5
0 0 0 1 1 1 6 1 1 4 1 1 6 -1 -1 -1 -1 -1 -1 166606 0 15 40 17 16 2 5 2 5
0 0 0 1 1 1 7 1 1 4 1 1 6 6 3 8 3 1 1 167240 0 15 40 17 16 2 5 2 5
0 0 0 1 1 1 6 1 1 4 1 2 6 -1 -1 -1 -1 -1 -1 167840 0 15 40 17 16 2 5 2 5
0 0 0 1 1 6 1 1 1 4 1 2 5 -1 -1 -1 -1 -1 -1 168473 0 15 40 17 16 2 5 2 5
0 0 0 1 1 6 1 1 1 4 1 2 5 -1 -1 -1 -1 -1 -1 169107 0 15 40 17 16 2 5 2 5
0 0 0 1 3 6 1 1 1 4 1 2 5 4 1 7 2 0 0 169740 0 15 40 17 16 2 4 2 5
0 0 0 1 1 6 1 1 1 4 1 2 5 -1 -1 -1 -1 -1 -1 170340 0 15 40 17 16 2 4 2 5
0 0 0 1 1 6 1 4 1 4 1 2 5 -1 -1 -1 -1 -1 -1 170974 1 15 40 17 16 2 4 2 5
0 0 0 1 1 1 6 1 1 4 1 2 6 -1 -1 -1 -1 -1 -1 171607 0 15 40 17 16 2 4 2 5
0 0 0 1 3 1 6 1 1 4 1 2 6 4 0 6 1 0 0 172241 0 15 40 17 16 2 5 2 5
0 0 0 1 1 1 6 1 1 4 1 2 6 -1 -1 -1 -1 -1 -1 172841 0 15 40 17 16 2 5 2 5
0 0 0 1 1 4 6 1 1 4 1 2 6 -1 -1 -1 -1 -1 -1 173474 1 15 40 17 16 2 5 2 5
0 0 0 1 1 1 6 1 1 4 1 2 6 -1 -1 -1 -1 -1 -1 174108 0 15 40 17 16 2 5 2 5
0 0 0 3 1 6 1 1 1 4 1 2 5 3 3 8 3 0 0 174741 0 15 40 17 16 2 6 2 5
0 0 0 1 1 6 1 1 1 4 1 2 5 -1 -1 -1 -1 -1 -1 175341 0 15 40 17 16 2 6 2 5
0 0 0 1 4 6 1 1 1 4 1 2 5 -1 -1 -1 -1 -1 -1 175975 1 15 40 17 16 2 6 2 5
0 0 0 1 1 6 1 1 1 4 1 2 5 -1 -1 -1 -1 -1 -1 176608 0 15 40 17 16 2 6 2 5
0 0 0 3 1 6 1 1 1 4 1 2 5 3 1 7 2 0 0 177242 0 15 40 17 16 2 8 0 5
0 0 0 1 1 6 1 1 1 4 1 2 5 -1 -1 -1 -1 -1 -1 177842 0 15 40 17 16 2 8 0 5
0 0 0 1 1 6 1 4 1 4 1 2 5 -1 -1 -1 -1 -1 -1 178475 1 15 40 17 16 2 8 0 5
0 0 0 1 1 1 6 1 1 4 1 2 6 -1 -1 -1 -1 -1 -1 179109 0 15 40 17 16 2 8 0 5
0 0 0 3 1 1 6 1 1 4 1 2 6 3 3 8 3 0 0 179742 0 15 40 17 16 2 4 2 5
0 0 0 1 1 1 6 1 1 4 1 2 6 -1 -1 -1 -1 -1 -1 180342 0 15 40 17 16 2 4 2 5
0 0 0 1 1 4 6 1 1 4 1 2 6 -1 -1 -1 -1 -1 -1 180976 1 15 40 17 16 2 4 2 5
0 0 0 1 1 1 6 1 1 4 1 2 6 -1 -1 -1 -1 -1 -1 181609 0 15 40 17 16 2 4 2 5
0 0 0 3 1 1 6 1 1 4 1 2 6 3 0 6 1 0 0 182243 0 15 40 17 16 2 6 2 5
0 0 0 1 1 1 6 1 1 4 1 2 6 -1 -1 -1 -1 -1 -1 182843 0 15 40 17 16 2 6 2 5
0 0 0 4 6 1 1 1 1 4 1 2 4 -1 -1 -1 -1 -1 -1 183476 1 15 40 17 16 2 6 2 5
0 0 0 1 6 1 1 1 1 4 1 2 4 -1 -1 -1 -1 -1 -1 184110 0 15 40 17 16 2 6 2 5
0 0 0 1 7 1 1 1 1 4 1 2 4 4 0 6 1 1 1 184743 0 15 40 17 16 2 5 2 5
0 0 0 1 1 6 1 1 1 4 1 2 5 -1 -1 -1 -1 -1 -1 185277 0 15 40 18 19 2 5 2 5
0 0 0 1 4 6 1 1 1 4 1 2 5 -1 -1 -1 -1 -1 -1 185810 1 15 40 18 19 2 5 2 5
0 0 0 1 1 6 1 1 1 4 1 2 5 -1 -1 -1 -1 -1 -1 186310 0 15 40 18 19 2 5 2 5
0 0 0 1 1 6 3 1 1 4 1 2 5 6 3 8 3 0 0 186844 0 15 40 18 19 2 5 2 5
0 0 0 1 1 6 1 1 1 4 1 2 5 -1 -1 -1 -1 -1 -1 187377 0 15 40 18 19 2 5 2 5
0 0 0 1 1 1 6 4 1 4 1 2 6 -1 -1 -1 -1 -1 -1 187911 1 15 40 18 19 2 5 2 5
0 0 0 1 1 1 6 1 1 4 1 2 6 -1 -1 -1 -1 -1 -1 188444 0 15 40 18 19 2 5 2 5
0 0 0 1 1 3 6 1 1 4 1 2 6 5 0 6 1 0 0 188944 0 15 40 18 19 2 4 2 5
0 0 0 1 1 1 6 1 1 4 1 2 6 -1 -1 -1 -1 -1 -1 189478 0 15 40 18 19 2 4 2 5
0 0 0 1 4 1 6 1 1 4 1 2 6 -1 -1 -1 -1 -1 -1 190011 1 15 40 18 19 2 4 2 5
0 0 0 1 1 1 6 1 1 4 1 2 6 -1 -1 -1 -1 -1 -1 190545 0 15 40 18 19 2 4 2 5
0 0 0 1 1 3 6 1 1 4 1 2 6 5 2 5 0 0 0 191078 0 15 40 18 19 2 5 2 5
0 0 0 1 1 1 6 1 1 4 1 2 6 -1 -1 -1 -1 -1 -1 191578 0 15 40 18 19 2 5 2 5
0 0 0 1 1 4 6 1 1 4 1 2 6 -1 -1 -1 -1 -1 -1 192112 1 15 40 18 19 2 5 2 5
0 0 0 1 1 1 6 1 1 4 1 2 6 -1 -1 -1 -1 -1 -1 192645 0 15 40 18 19 2 5 2 5
0 0 0 1 1 1 7 1 1 4 1 2 6 6 2 5 0 1 1 193178 0 15 40 18 19 2 6 2 5
0 0 0 1 1 1 6 1 1 4 1 2 6 -1 -1 -1 -1 -1 -1 193679 0 15 40 18 19 2 6 2 5
0 0 0 1 1 4 6 1 1 4 1 2 6 -1 -1 -1 -1 -1 -1 194212 1 15 40 18 19 2 6 2 5
0 0 0 1 1 1 6 1 1 4 1 2 6 -1 -1 -1 -1 -1 -1 194745 0 15 40 18 19 2 6 2 5
0 0 0 1 1 3 6 1 1 4 1 2 6 5 1 7 2 0 0 195279 0 15 40 18 19 2 8 0 5
0 0 0 1 1 6 1 1 1 4 1 2 5 -1 -1 -1 -1 -1 -1 195812 0 15 40 18 19 2 8 0 5
0 0 0 1 6 1 4 1 1 4 1 2 4 -1 -1 -1 -1 -1 -1 196312 1 15 40 18 19 2 8 0 5
0 0 0 1 6 1 1 1 1 4 1 2 4 -1 -1 -1 -1 -1 -1 196846 0 15 40 18 19 2 8 0 5
0 0 0 1 7 1 1 1 1 4 1 2 4 4 1 7 2 1 1 197379 0 15 40 18 19 2 4 2 5
0 0 0 1 6 1 1 1 1 4 1 2 4 -1 -1 -1 -1 -1 -1 197879 0 15 40 19 21 2 4 2 5
0 0 0 1 6 1 4 1 1 4 1 2 4 -1 -1 -1 -1 -1 -1 198346 1 15 40 19 21 2 4 2 5
0 0 0 1 1 6 1 1 1 4 1 2 5 -1 -1 -1 -1 -1 -1 198813 0 15 40 19 21 2 4 2 5
0 0 0 3 1 6 1 1 1 4 1 2 5 3 0 6 1 0 0 199280 0 15 40 19 21 2 6 2 5
0 0 0 1 1 6 1 1 1 4 1 2 5 -1 -1 -1 -1 -1 -1 199780 0 15 40 19 21 2 6 2 5
0 0 0 1 4 6 1 1 1 4 1 2 5 -1 -1 -1 -1 -1 -1 200247 1 15 40 19 21 2 6 2 5
0 0 0 6 1 1 1 1 1 4 1 2 3 -1 -1 -1 -1 -1 -1 200713 0 15 40 19 21 2 6 2 5
0 0 0 7 1 1 1 1 1 4 1 2 3 3 0 6 1 1 1 201180 0 15 40 19 21 2 5 2 5
0 0 0 6 1 1 1 1 1 4 1 2 3 -1 -1 -1 -1 -1 -1 201680 0 15 40 19 21 2 5 2 5
0 0 0 1 1 6 1 1 2 0 2 2 5 -1 -1 -1 -1 -1 -1 212483 0 15 16 16 60 2 8 0 5
0 0 0 1 1 6 1 1 2 0 2 2 5 -1 -1 -1 -1 -1 -1 212649 0 15 16 16 60 2 8 0 5
0 0 0 1 1 6 1 1 2 0 2 2 5 -1 -1 -1 -1 -1 -1 212816 0 15 16 16 60 2 4 2 5
0 0 0 1 1 6 1 1 2 0 2 2 5 -1 -1 -1 -1 -1 -1 212983 0 15 16 16 50.6 2 4 2 5
0 0 0 1 1 6 1 1 2 0 2 2 5 -1 -1 -1 -1 -1 -1 213249 0 15 16 16 25.5333 2 4 2 5
0 0 0 1 1 6 1 1 2 0 2 2 5 -1 -1 -1 -1 -1 -1 213983 0 15 16 16 13 2 4 2 5
0 0 0 1 1 6 1 1 2 0 2 2 5 -1 -1 -1 -1 -1 -1 214750 0 15 16 16 13 2 5 2 5
0 0 0 1 1 6 1 1 2 0 2 2 5 -1 -1 -1 -1 -1 -1 215517 0 15 16 16 13 2 5 2 5
0 0 0 1 1 6 1 1 2 0 2 2 5 -1 -1 -1 -1 -1 -1 216283 0 15 16 16 13 2 5 2 5
0 0 0 1 1 6 1 1 2 0 2 2 5 -1 -1 -1 -1 -1 -1 217050 0 15 16 16 13 2 5 2 5
0 0 0 3 1 6 1 1 2 0 2 2 5 3 3 4 3 0 0 217817 0 15 16 16 13 2 4 2 5
0 0 0 1 1 6 1 1 2 0 2 2 5 -1 -1 -1 -1 -1 -1 218584 0 15 16 16 13 2 4 2 5
0 0 0 1 1 6 4 1 2 0 2 2 5 -1 -1 -1 -1 -1 -1 219351 1 15 16 16 13 2 4 2 5
0 0 0 1 1 6 1 1 2 0 2 2 5 -1 -1 -1 -1 -1 -1 220118 0 15 16 16 13 2 4 2 5
0 0 0 1 3 6 1 1 2 0 2 2 5 4 2 4 0 0 0 220918 0 15 16 16 13 2 5 2 5
0 0 0 1 1 6 1 1 2 0 2 2 5 -1 -1 -1 -1 -1 -1 221685 0 15 16 16 13 2 5 2 5
0 0 0 1 1 6 4 1 2 0 2 2 5 -1 -1 -1 -1 -1 -1 222451 1 15 16 16 13 2 5 2 5
0 0 0 1 1 6 1 1 2 0 2 2 5 -1 -1 -1 -1 -1 -1 223218 0 15 16 16 13 2 5 2 5
0 0 0 3 1 6 1 1 2 0 2 2 5 3 1 4 2 0 0 223985 0 15 16 16 13 2 5 2 5
0 0 0 1 1 6 1 1 2 0 2 2 5 -1 -1 -1 -1 -1 -1 224752 0 15 16 16 13 2 5 2 5
0 0 0 1 1 6 4 1 2 0 2 2 5 -1 -1 -1 -1 -1 -1 225519 1 15 16 16 13 2 5 2 5
0 0 0 1 1 1 1 6 2 0 2 2 7 -1 -1 -1 -1 -1 -1 226286 0 15 16 16 13 2 5 2 5
0 0 0 1 1 3 1 6 2 0 2 2 7 5 0 4 1 0 0 227052 0 15 16 16 13 2 6 2 5
0 0 0 1 1 1 1 6 2 0 2 2 7 -1 -1 -1 -1 -1 -1 227819 0 15 16 16 13 2 6 2 5
0 0 0 1 1 1 4 6 2 0 2 2 7 -1 -1 -1 -1 -1 -1 228586 1 15 16 16 13 2 6 2 5
0 0 0 1 1 1 1 6 2 0 2 2 7 -1 -1 -1 -1 -1 -1 229353 0 15 16 16 13 2 6 2 5
0 0 0 1 1 1 3 6 2 0 2 2 7 6 2 4 0 0 0 230120 0 15 16 16 13 2 5 2 5
0 0 0 1 1 1 1 6 2 0 2 2 7 -1 -1 -1 -1 -1 -1 230887 0 15 16 16 13 2 5 2 5
0 0 0 1 1 1 4 6 2 0 2 2 7 -1 -1 -1 -1 -1 -1 231687 1 15 16 16 13 2 5 2 5
0 0 0 1 1 6 1 1 2 0 2 2 5 -1 -1 -1 -1 -1 -1 232454 0 15 16 16 13 2 5 2 5
0 0 0 1 1 7 1 1 2 0 2 2 5 5 0 4 1 1 1 233220 0 15 16 16 13 2 8 0 5
0 0 0 1 1 1 6 1 2 0 2 2 6 -1 -1 -1 -1 -1 -1 233987 0 15 16 16 13 2 8 0 5
0 0 0 1 1 4 1 6 2 0 2 2 7 -1 -1 -1 -1 -1 -1 234754 1 15 16 16 13 2 8 0 5
0 0 0 1 1 1 1 6 2 0 2 2 7 -1 -1 -1 -1 -1 -1 235521 0 15 16 16 13 2 8 0 5
0 0 0 1 1 1 3 6 2 0 2 2 7 6 1 4 2 0 0 236288 0 15 16 16 13 2 4 2 5
0 0 0 1 1 1 6 1 2 0 2 2 6 -1 -1 -1 -1 -1 -1 237055 0 15 16 16 13 2 4 2 5
0 0 0 1 1 6 1 4 2 0 2 2 5 -1 -1 -1 -1 -1 -1 237821 1 15 16 16 13 2 4 2 5
0 0 0 1 1 6 1 1 2 0 2 2 5 -1 -1 -1 -1 -1 -1 238588 0 15 16 16 13 2 4 2 5
0 0 0 1 1 6 3 1 2 0 2 2 5 6 2 4 0 0 0 239355 0 15 16 16 13 2 5 2 5
0 0 0 1 1 6 1 1 2 0 2 2 5 -1 -1 -1 -1 -1 -1 240122 0 15 16 16 13 2 5 2 5
0 0 0 4 1 6 1 1 2 0 2 2 5 -1 -1 -1 -1 -1 -1 240889 1 15 16 16 13 2 5 2 5
0 0 0 1 1 6 1 1 2 0 2 2 5 -1 -1 -1 -1 -1 -1 241689 0 15 16 16 13 2 5 2 5
0 0 0 1 3 6 1 1 2 0 2 2 5 4 3 4 3 0 0 242456 0 15 16 16 13 2 4 2 5
0 0 0 1 1 1 6 1 2 0 2 2 6 -1 -1 -1 -1 -1 -1 243222 0 15 16 16 13 2 4 2 5
0 0 0 1 4 1 6 1 2 0 2 2 6 -1 -1 -1 -1 -1 -1 243989 1 15 16 16 13 2 4 2 5
0 0 0 1 1 1 6 1 2 0 2 2 6 -1 -1 -1 -1 -1 -1 244756 0 15 16 16 13 2 4 2 5
0 0 0 1 1 1 7 1 2 0 2 2 6 6 2 4 0 1 1 245523 0 15 16 16 13 2 5 2 5
0 0 0 1 1 1 6 1 2 0 2 2 6 -1 -1 -1 -1 -1 -1 246290 0 15 16 16 13 2 5 2 5
0 0 0 1 4 6 1 1 2 0 2 2 5 -1 -1 -1 -1 -1 -1 247057 1 15 16 16 13 2 5 2 5
0 0 0 1 1 6 1 1 2 0 2 2 5 -1 -1 -1 -1 -1 -1 247823 0 15 16 16 13 2 5 2 5
0 0 0 1 1 6 3 1 2 0 2 2 5 6 1 4 2 0 0 248590 0 15 16 16 13 2 5 2 5
0 0 0 1 1 6 1 1 2 0 2 2 5 -1 -1 -1 -1 -1 -1 249357 0 15 16 16 13 2 5 2 5
0 0 0 1 4 1 6 1 2 0 2 2 6 -1 -1 -1 -1 -1 -1 250124 1 15 16 16 13 2 5 2 5
0 0 0 1 1 1 6 1 2 0 2 2 6 -1 -1 -1 -1 -1 -1 250891 0 15 16 16 13 2 5 2 5
0 0 0 1 1 1 7 1 2 0 2 2 6 6 2 4 0 1 1 251658 0 15 16 16 13 2 6 2 5
0 0 0 1 1 6 1 1 2 0 2 2 5 -1 -1 -1 -1 -1 -1 252458 0 15 16 16 13 2 6 2 5
0 0 0 4 6 1 1 1 2 0 2 2 4 -1 -1 -1 -1 -1 -1 253225 1 15 16 16 13 2 6 2 5
0 0 0 1 6 1 1 1 2 0 2 2 4 -1 -1 -1 -1 -1 -1 253991 0 15 16 16 13 2 6 2 5
0 0 0 1 7 1 1 1 2 0 2 2 4 4 1 4 2 1 1 254758 0 15 16 16 13 2 5 2 5
0 0 0 1 6 1 1 1 2 0 2 2 4 -1 -1 -1 -1 -1 -1 255525 0 15 16 16 13 2 5 2 5
0 0 0 1 6 1 1 4 2 0 2 2 4 -1 -1 -1 -1 -1 -1 256292 1 15 16 16 13 2 5 2 5
0 0 0 1 1 6 1 1 2 0 2 2 5 -1 -1 -1 -1 -1 -1 257058 0 15 16 16 13 2 5 2 5
0 0 0 1 1 6 3 1 2 0 2 2 5 6 0 4 1 0 0 257825 0 15 16 16 13 2 8 0 5
0 0 0 1 1 1 6 1 2 0 2 2 6 -1 -1 -1 -1 -1 -1 258591 0 15 16 16 13 2 8 0 5
0 0 0 1 4 1 6 1 2 0 2 2 6 -1 -1 -1 -1 -1 -1 259358 1 15 16 16 13 2 8 0 5
0 0 0 1 1 1 6 1 2 0 2 2 6 -1 -1 -1 -1 -1 -1 260124 0 15 16 16 13 2 8 0 5
0 0 0 1 1 1 6 3 2 0 2 2 6 7 2 4 0 0 0 260891 0 15 16 16 13 2 4 2 5
0 0 0 1 1 1 6 1 2 0 2 2 6 -1 -1 -1 -1 -1 -1 261657 0 15 16 16 13 2 4 2 5
0 0 0 1 4 1 1 6 2 0 2 2 7 -1 -1 -1 -1 -1 -1 262424 1 15 16 16 13 2 4 2 5
0 0 0 1 1 1 6 1 2 0 2 2 6 -1 -1 -1 -1 -1 -1 263223 0 15 16 16 13 2 4 2 5
0 0 0 1 1 6 1 3 2 0 2 2 5 7 1 4 2 0 0 263990 0 15 16 16 13 2 5 2 5
0 0 0 1 1 6 1 1 2 0 2 2 5 -1 -1 -1 -1 -1 -1 264756 0 15 16 16 13 2 5 2 5
0 0 0 1 1 6 4 1 2 0 2 2 5 -1 -1 -1 -1 -1 -1 265523 1 15 16 16 13 2 5 2 5
0 0 0 1 1 1 6 1 2 0 2 2 6 -1 -1 -1 -1 -1 -1 266289 0 15 16 16 13 2 5 2 5
0 0 0 1 1 3 1 6 2 0 2 2 7 5 0 4 1 0 0 267056 0 15 16 16 13 2 4 2 5
0 0 0 1 1 1 1 6 2 0 2 2 7 -1 -1 -1 -1 -1 -1 267822 0 15 16 16 13 2 4 2 5
0 0 0 1 1 4 1 6 2 0 2 2 7 -1 -1 -1 -1 -1 -1 268589 1 15 16 16 13 2 4 2 5
0 0 0 1 1 1 1 6 2 0 2 2 7 -1 -1 -1 -1 -1 -1 269355 0 15 16 16 13 2 4 2 5
0 0 0 1 1 1 1 7 2 0 2 2 7 7 1 4 2 1 1 270122 0 15 16 16 13 2 5 2 5
0 0 0 1 1 1 1 6 2 0 2 2 7 -1 -1 -1 -1 -1 -1 270888 0 15 16 16 13 2 5 2 5
0 0 0 1 1 1 4 6 2 0 2 2 7 -1 -1 -1 -1 -1 -1 271655 1 15 16 16 13 2 5 2 5
0 0 0 1 1 1 6 1 2 0 2 2 6 -1 -1 -1 -1 -1 -1 272421 0 15 16 16 13 2 5 2 5
0 0 0 1 1 7 1 1 2 0 2 2 5 5 0 4 1 1 1 273188 0 15 16 16 13 2 5 2 5
0 0 0 1 6 1 1 1 2 0 2 2 4 -1 -1 -1 -1 -1 -1 273988 0 15 16 16 13 2 5 2 5
0 0 0 1 6 1 1 4 2 0 2 2 4 -1 -1 -1 -1 -1 -1 274754 1 15 16 16 13 2 5 2 5
0 0 0 1 6 1 1 1 2 0 2 2 4 -1 -1 -1 -1 -1 -1 275520 0 15 16 16 13 2 5 2 5
0 0 0 1 7 1 1 1 2 0 2 2 4 4 1 4 2 1 1 276287 0 15 16 16 13 2 6 2 5
0 0 0 1 6 1 1 1 2 0 2 2 4 -1 -1 -1 -1 -1 -1 277053 0 15 16 16 13 2 6 2 5
0 0 0 1 1 6 1 4 2 0 2 2 5 -1 -1 -1 -1 -1 -1 277820 1 15 16 16 13 2 6 2 5
0 0 0 1 1 1 1 6 2 0 2 2 7 -1 -1 -1 -1 -1 -1 278586 0 15 16 16 13 2 6 2 5
0 0 0 1 1 1 3 6 2 0 2 2 7 6 3 4 3 0 0 279353 0 15 16 16 13 2 5 2 5
0 0 0 1 1 1 1 6 2 0 2 2 7 -1 -1 -1 -1 -1 -1 280119 0 15 16 16 13 2 5 2 5
0 0 0 1 4 1 1 6 2 0 2 2 7 -1 -1 -1 -1 -1 -1 280886 1 15 16 16 13 2 5 2 5
0 0 0 1 1 1 6 1 2 0 2 2 6 -1 -1 -1 -1 -1 -1 281652 0 15 16 16 13 2 5 2 5
0 0 0 1 1 3 6 1 2 0 2 2 6 5 2 4 0 0 0 282419 0 15 16 16 13 2 8 0 5
0 0 0 1 1 6 1 1 2 0 2 2 5 -1 -1 -1 -1 -1 -1 283185 0 15 16 16 13 2 8 0 5
0 0 0 1 6 1 1 4 2 0 2 2 4 -1 -1 -1 -1 -1 -1 283952 1 15 16 16 13 2 8 0 5
0 0 0 1 6 1 1 1 2 0 2 2 4 -1 -1 -1 -1 -1 -1 284752 0 15 16 16 13 2 8 0 5
0 0 0 1 7 1 1 1 2 0 2 2 4 4 3 4 3 1 1 285518 0 15 16 16 13 2 4 2 5
0 0 0 1 1 6 1 1 3 1 3 1 5 -1 -1 -1 -1 -1 -1 291617 0 15 16 16 60 2 8 0 5
0 0 0 1 1 6 1 1 3 1 3 1 5 -1 -1 -1 -1 -1 -1 291783 0 15 16 16 60 2 8 0 5
0 0 0 1 1 6 1 1 3 1 3 1 5 -1 -1 -1 -1 -1 -1 291950 0 15 16 16 60 2 6 2 5
0 0 0 1 1 6 1 1 3 1 3 1 5 -1 -1 -1 -1 -1 -1 292116 0 15 16 16 50.6 2 6 2 5
0 0 0 1 1 6 1 1 3 1 3 1 5 -1 -1 -1 -1 -1 -1 292383 0 15 16 16 25.5333 2 6 2 5
0 0 0 1 1 6 1 1 3 1 3 1 5 -1 -1 -1 -1 -1 -1 293116 0 15 16 16 13 2 6 2 5
0 0 0 1 1 6 1 1 3 1 3 1 5 -1 -1 -1 -1 -1 -1 293883 0 15 16 16 13 2 5 2 5
0 0 0 1 1 6 1 1 3 1 3 1 5 -1 -1 -1 -1 -1 -1 294649 0 15 16 16 13 2 5 2 5
0 0 0 1 1 6 1 1 3 1 3 1 5 -1 -1 -1 -1 -1 -1 295416 0 15 16 16 13 2 5 2 5
0 0 0 1 1 6 1 1 3 1 3 1 5 -1 -1 -1 -1 -1 -1 296182 0 15 16 16 13 2 5 2 5
0 0 0 3 1 6 1 1 3 1 3 1 5 3 4 6 1 0 0 296949 0 15 16 16 13 2 5 2 5
0 0 0 1 1 6 1 1 3 1 3 1 5 -1 -1 -1 -1 -1 -1 297715 0 15 16 16 13 2 5 2 5
0 0 0 1 1 6 1 1 3 1 3 1 5 -1 -1 -1 -1 -1 -1 298482 0 15 16 16 13 2 5 2 5
0 0 0 1 1 6 1 1 3 1 3 1 5 -1 -1 -1 -1 -1 -1 299248 0 15 16 16 13 2 5 2 5
0 0 0 3 1 6 1 1 3 1 3 1 5 3 4 8 3 0 0 300048 0 15 16 16 13 2 5 2 5
0 0 0 1 1 6 1 1 3 1 3 1 5 -1 -1 -1 -1 -1 -1 300814 0 15 16 16 13 2 5 2 5
0 0 0 1 1 6 1 1 3 1 3 1 5 -1 -1 -1 -1 -1 -1 301581 0 15 16 16 13 2 5 2 5
0 0 0 1 1 6 1 1 3 1 3 1 5 -1 -1 -1 -1 -1 -1 302347 0 15 16 16 13 2 5 2 5
0 0 0 1 3 6 1 1 3 1 3 1 5 4 4 5 0 0 0 303114 0 15 16 16 13 2 5 2 5
0 0 0 1 6 1 1 1 3 1 3 1 4 -1 -1 -1 -1 -1 -1 303880 0 15 16 16 13 2 5 2 5
0 0 0 6 1 1 1 1 3 1 3 1 3 -1 -1 -1 -1 -1 -1 304647 0 15 16 16 13 2 5 2 5
0 0 0 6 1 1 1 1 3 1 3 1 3 -1 -1 -1 -1 -1 -1 305413 0 15 16 16 13 2 5 2 5
0 0 0 7 1 1 1 1 3 1 3 1 3 3 4 6 1 1 1 306180 0 15 16 16 13 2 5 2 5
0 0 0 6 1 1 1 1 3 1 3 1 3 -1 -1 -1 -1 -1 -1 306946 0 15 16 16 13 2 5 2 5
0 0 0 6 1 1 1 1 3 1 3 1 3 -1 -1 -1 -1 -1 -1 307713 0 15 16 16 13 2 5 2 5
0 0 0 6 1 1 1 1 3 1 3 1 3 -1 -1 -1 -1 -1 -1 308479 0 15 16 16 13 2 5 2 5
0 0 0 7 1 1 1 1 3 1 3 1 3 3 4 8 3 1 1 309246 0 15 16 16 13 2 6 2 5
0 0 0 6 1 1 1 1 3 1 3 1 3 -1 -1 -1 -1 -1 -1 310012 0 15 16 16 13 2 6 2 5
0 0 0 1 1 6 1 1 3 1 3 1 5 -1 -1 -1 -1 -1 -1 310812 0 15 16 16 13 2 6 2 5
0 0 0 1 1 6 1 1 3 1 3 1 5 -1 -1 -1 -1 -1 -1 311578 0 15 16 16 13 2 6 2 5
0 0 0 3 1 6 1 1 3 1 3 1 5 3 4 7 2 0 0 312345 0 15 16 16 13 2 8 0 5
0 0 0 1 1 6 1 1 3 1 3 1 5 -1 -1 -1 -1 -1 -1 313111 0 15 16 16 13 2 8 0 5
0 0 0 1 1 6 1 1 3 1 3 1 5 -1 -1 -1 -1 -1 -1 313844 0 15 16 16 16.25 2 8 0 5
0 0 0 1 1 6 1 1 3 1 3 1 5 -1 -1 -1 -1 -1 -1 314444 0 15 16 16 16.25 2 8 0 5
0 0 0 2 1 8 1 1 3 1 3 1 5 3 4 6 1 1 0 315077 0 15 16 16 16.25 2 6 2 5
0 0 0 1 1 6 1 1 3 1 3 1 5 -1 -1 -1 -1 -1 -1 315944 0 15 16 15 10 2 6 2 5
0 0 0 1 1 6 1 1 3 1 3 1 5 -1 -1 -1 -1 -1 -1 316944 0 15 16 15 10 2 6 2 5
0 0 0 1 6 1 1 1 3 1 3 1 4 -1 -1 -1 -1 -1 -1 317943 0 15 16 15 10 2 6 2 5
0 0 0 1 7 1 1 1 3 1 3 1 4 4 4 8 3 1 1 318943 0 15 16 15 10 2 5 2 5
0 0 0 1 6 1 1 1 3 1 3 1 4 -1 -1 -1 -1 -1 -1 319943 0 15 16 15 10 2 5 2 5
0 0 0 1 6 1 1 1 3 1 3 1 4 -1 -1 -1 -1 -1 -1 320943 0 15 16 15 10 2 5 2 5
0 0 0 1 6 1 1 1 3 1 3 1 4 -1 -1 -1 -1 -1 -1 321942 0 15 16 15 10 2 5 2 5
0 0 0 1 6 3 1 1 3 1 3 1 4 5 4 5 0 0 0 322942 0 15 16 15 10 2 5 2 5
0 0 0 1 6 1 1 1 3 1 3 1 4 -1 -1 -1 -1 -1 -1 323942 0 15 16 15 10 2 5 2 5
0 0 0 1 6 1 1 1 3 1 3 1 4 -1 -1 -1 -1 -1 -1 324942 0 15 16 15 10 2 5 2 5
0 0 0 1 6 1 1 1 3 1 3 1 4 -1 -1 -1 -1 -1 -1 325942 0 15 16 15 10 2 5 2 5
0 0 0 1 1 8 1 1 3 1 3 1 5 5 4 7 2 0 1 326941 0 15 16 15 10 2 5 2 5
0 0 0 1 1 6 1 1 3 1 3 1 5 -1 -1 -1 -1 -1 -1 327941 0 15 16 15 10 2 5 2 5
0 0 0 1 1 6 1 1 3 1 3 1 5 -1 -1 -1 -1 -1 -1 328941 0 15 16 15 10 2 5 2 5
0 0 0 1 1 6 1 1 3 1 3 1 5 -1 -1 -1 -1 -1 -1 329941 0 15 16 15 10 2 5 2 5
0 0 0 1 1 6 3 1 3 1 3 1 5 6 4 6 1 0 0 330940 0 15 16 15 10 2 5 2 5
0 0 0 1 1 6 1 1 3 1 3 1 5 -1 -1 -1 -1 -1 -1 331940 0 15 16 15 10 2 5 2 5
0 0 0 1 1 6 1 1 3 1 3 1 5 -1 -1 -1 -1 -1 -1 332940 0 15 16 15 10 2 5 2 5
0 0 0 1 1 6 1 1 3 1 3 1 5 -1 -1 -1 -1 -1 -1 333940 0 15 16 15 10 2 5 2 5
0 0 0 1 1 8 1 1 3 1 3 1 5 5 4 8 3 0 1 334939 0 15 16 15 10 2 5 2 5
0 0 0 1 1 1 6 1 3 1 3 1 6 -1 -1 -1 -1 -1 -1 335939 0 15 16 15 10 2 5 2 5
0 0 0 1 1 1 6 1 3 1 3 1 6 -1 -1 -1 -1 -1 -1 336939 0 15 16 15 10 2 5 2 5
0 0 0 1 1 1 6 1 3 1 3 1 6 -1 -1 -1 -1 -1 -1 337905 0 15 16 15 12.5 2 5 2 5
0 0 0 1 1 3 6 1 3 1 3 1 6 5 4 5 0 0 0 338705 0 15 16 15 12.5 2 6 2 5
0 0 0 1 1 1 6 1 3 1 3 1 6 -1 -1 -1 -1 -1 -1 339505 0 15 16 15 12 2 6 2 5
0 0 0 1 1 1 6 1 3 1 3 1 6 -1 -1 -1 -1 -1 -1 340471 0 15 16 15 10 2 6 2 5
0 0 0 1 1 1 6 1 3 1 3 1 6 -1 -1 -1 -1 -1 -1 341471 0 15 16 15 10 2 6 2 5
0 0 0 1 1 1 6 3 3 1 3 1 6 7 4 7 2 0 0 342471 0 15 16 15 10 2 8 0 5
0 0 0 1 1 1 6 1 3 1 3 1 6 -1 -1 -1 -1 -1 -1 343471 0 15 16 15 10 2 8 0 5
0 0 0 1 1 1 6 1 3 1 3 1 6 -1 -1 -1 -1 -1 -1 344470 0 15 16 15 10 2 8 0 5
0 0 0 1 1 6 1 1 3 1 3 1 5 -1 -1 -1 -1 -1 -1 345470 0 15 16 15 10 2 8 0 5
0 0 0 1 1 6 3 1 3 1 3 1 5 6 4 7 2 0 0 346470 0 15 16 15 10 2 6 2 5
0 0 0 1 1 6 1 1 3 1 3 1 5 -1 -1 -1 -1 -1 -1 347470 0 15 16 15 10 2 6 2 5
0 0 0 1 1 6 1 1 3 1 3 1 5 -1 -1 -1 -1 -1 -1 348469 0 15 16 15 10 2 6 2 5
0 0 0 1 1 6 1 1 3 1 3 1 5 -1 -1 -1 -1 -1 -1 349469 0 15 16 15 10 2 6 2 5
0 0 0 1 1 7 1 1 3 1 3 1 5 5 4 5 0 1 1 350469 0 15 16 15 10 2 5 2 5
0 0 0 1 1 6 1 1 3 1 3 1 5 -1 -1 -1 -1 -1 -1 351469 0 15 16 15 10 2 5 2 5
0 0 0 1 1 6 1 1 3 1 3 1 5 -1 -1 -1 -1 -1 -1 352468 0 15 16 15 10 2 5 2 5
0 0 0 1 1 6 1 1 3 1 3 1 5 -1 -1 -1 -1 -1 -1 353468 0 15 16 15 10 2 5 2 5
0 0 0 1 1 6 3 1 3 1 3 1 5 6 4 5 0 0 0 354468 0 15 16 15 10 2 5 2 5
0 0 0 1 1 6 1 1 3 1 3 1 5 -1 -1 -1 -1 -1 -1 355468 0 15 16 15 10 2 5 2 5
0 0 0 1 1 6 1 1 3 1 3 1 5 -1 -1 -1 -1 -1 -1 356467 0 15 16 15 10 2 5 2 5
0 0 0 1 1 6 1 1 3 1 3 1 5 -1 -1 -1 -1 -1 -1 357467 0 15 16 15 10 2 5 2 5
0 0 0 1 1 6 1 3 3 1 3 1 5 7 4 8 3 0 0 358467 0 15 16 15 10 2 5 2 5
0 0 0 1 1 6 1 1 3 1 3 1 5 -1 -1 -1 -1 -1 -1 359467 0 15 16 15 10 2 5 2 5
0 0 0 1 1 6 1 1 3 1 3 1 5 -1 -1 -1 -1 -1 -1 360466 0 15 16 15 10 2 5 2 5
0 0 0 1 1 6 1 1 3 1 3 1 5 -1 -1 -1 -1 -1 -1 361466 0 15 16 15 10 2 5 2 5
0 0 0 1 1 6 1 3 3 1 3 1 5 7 4 6 1 0 0 362466 0 15 16 15 10 2 5 2 5
0 0 0 1 1 1 6 1 3 1 3 1 6 -1 -1 -1 -1 -1 -1 363466 0 15 16 15 10 2 5 2 5
0 0 0 1 1 1 1 6 3 1 3 1 7 -1 -1 -1 -1 -1 -1 364465 0 15 16 15 10 2 5 2 5
0 0 0 1 1 1 1 6 3 1 3 1 7 -1 -1 -1 -1 -1 -1 365465 0 15 16 15 10 2 5 2 5
0 0 0 1 1 1 1 8 3 1 3 1 7 7 4 8 3 0 1 366465 0 15 16 15 10 2 5 2 5
0 0 0 1 1 1 1 6 3 1 3 1 7 -1 -1 -1 -1 -1 -1 367465 0 15 16 15 10 2 5 2 5
0 0 0 1 1 1 1 6 3 1 3 1 7 -1 -1 -1 -1 -1 -1 368464 0 15 16 15 10 2 5 2 5
0 0 0 1 1 1 1 6 3 1 3 1 7 -1 -1 -1 -1 -1 -1 369464 0 15 16 15 10 2 5 2 5
0 0 0 1 1 1 1 7 3 1 3 1 7 7 4 8 3 1 1 370464 0 15 16 15 10 2 6 2 5
0 0 0 1 1 1 1 6 3 1 3 1 7 -1 -1 -1 -1 -1 -1 371464 0 15 16 15 10 2 6 2 5
0 0 0 1 1 1 1 6 3 1 3 1 7 -1 -1 -1 -1 -1 -1 372463 0 15 16 15 10 2 6 2 5
0 0 0 1 1 1 6 1 3 1 3 1 6 -1 -1 -1 -1 -1 -1 373463 0 15 16 15 10 2 6 2 5
0 0 0 1 1 1 6 3 3 1 3 1 6 7 4 7 2 0 0 374463 0 15 16 15 10 2 8 0 5
0 0 0 1 1 6 1 1 3 1 3 1 5 -1 -1 -1 -1 -1 -1 375463 0 15 16 15 10 2 8 0 5
0 0 0 1 1 6 1 1 3 1 3 1 5 -1 -1 -1 -1 -1 -1 376462 0 15 16 15 10 2 8 0 5
0 0 0 1 1 1 6 1 3 1 3 1 6 -1 -1 -1 -1 -1 -1 377462 0 15 16 15 10 2 8 0 5
0 0 0 1 1 2 8 1 3 1 3 1 6 5 4 8 3 1 0 378462 0 15 16 15 10 2 6 2 5
0 0 0 1 1 6 1 1 3 1 3 1 5 -1 -1 -1 -1 -1 -1 379462 0 15 16 15 10 2 6 2 5
0 0 0 1 6 1 1 1 3 1 3 1 4 -1 -1 -1 -1 -1 -1 380462 0 15 16 15 10 2 6 2 5
0 0 0 1 6 1 1 1 3 1 3 1 4 -1 -1 -1 -1 -1 -1 381461 0 15 16 15 10 2 6 2 5
0 0 0 1 8 1 1 1 3 1 3 1 4 4 4 6 1 0 1 382461 0 15 16 15 10 2 5 2 5
0 0 0 1 6 1 1 1 3 1 3 1 4 -1 -1 -1 -1 -1 -1 383461 0 15 16 15 10 2 5 2 5
0 0 0 6 1 1 1 1 3 1 3 1 3 -1 -1 -1 -1 -1 -1 384461 0 15 16 15 10 2 5 2 5
0 0 0 6 1 1 1 1 3 1 3 1 3 -1 -1 -1 -1 -1 -1 385460 0 15 16 15 10 2 5 2 5
0 0 0 7 1 1 1 1 3 1 3 1 3 3 4 7 2 1 1 386460 0 15 16 15 10 2 5 2 5
0 0 0 6 1 1 1 1 3 1 3 1 3 -1 -1 -1 -1 -1 -1 387460 0 15 16 15 10 2 5 2 5
0 0 0 1 1 6 1 1 3 1 3 1 5 -1 -1 -1 -1 -1 -1 388460 0 15 16 15 10 2 5 2 5
0 0 0 1 1 6 1 1 3 1 3 1 5 -1 -1 -1 -1 -1 -1 389459 0 15 16 15 10 2 5 2 5
0 0 0 3 1 6 1 1 3 1 3 1 5 3 4 5 0 0 0 390459 0 15 16 15 10 2 5 2 5
0 0 0 1 1 6 1 1 3 1 3 1 5 -1 -1 -1 -1 -1 -1 391459 0 15 16 15 10 2 5 2 5
0 0 0 1 1 1 6 1 3 1 3 1 6 -1 -1 -1 -1 -1 -1 392459 0 15 16 15 10 2 5 2 5
0 0 0 1 1 1 6 1 3 1 3 1 6 -1 -1 -1 -1 -1 -1 393458 0 15 16 15 10 2 5 2 5
0 0 0 1 1 3 6 1 3 1 3 1 6 5 4 8 3 0 0 394458 0 15 16 15 10 2 5 2 5
0 0 0 1 1 1 6 1 3 1 3 1 6 -1 -1 -1 -1 -1 -1 395458 0 15 16 15 10 2 5 2 5
0 0 0 1 6 1 1 1 3 1 3 1 4 -1 -1 -1 -1 -1 -1 396458 0 15 16 15 10 2 5 2 5
0 0 0 6 1 1 1 1 3 1 3 1 3 -1 -1 -1 -1 -1 -1 397457 0 15 16 15 10 2 5 2 5
0 0 0 7 1 1 1 1 3 1 3 1 3 3 4 7 2 1 1 398457 0 15 16 15 10 2 5 2 5
0 0 0 6 1 1 1 1 3 1 3 1 3 -1 -1 -1 -1 -1 -1 399257 0 15 16 16 13 2 5 2 5
0 0 0 1 6 1 1 1 3 1 3 1 4 -1 -1 -1 -1 -1 -1 400023 0 15 16 16 13 2 5 2 5
0 0 0 1 1 6 1 1 3 1 3 1 5 -1 -1 -1 -1 -1 -1 400690 0 15 16 16 16.25 2 5 2 5
0 0 0 1 1 7 1 1 3 1 3 1 5 5 4 5 0 1 1 401290 0 15 16 16 16.25 2 6 2 5
0 0 0 1 1 6 1 1 3 1 3 1 5 -1 -1 -1 -1 -1 -1 401923 0 15 16 16 15.1667 2 6 2 5
0 0 0 1 1 6 1 1 3 1 3 1 5 -1 -1 -1 -1 -1 -1 402656 0 15 16 16 13 2 6 2 5
0 0 0 1 1 6 1 1 3 1 3 1 5 -1 -1 -1 -1 -1 -1 403423 0 15 16 16 13 2 6 2 5
0 0 0 1 3 6 1 1 3 1 3 1 5 4 4 6 1 0 0 404189 0 15 16 16 13 2 8 0 5
0 0 0 1 1 6 1 1 3 1 3 1 5 -1 -1 -1 -1 -1 -1 404956 0 15 16 16 13 2 8 0 5
0 0 0 1 1 6 1 1 3 1 3 1 5 -1 -1 -1 -1 -1 -1 405722 0 15 16 16 13 2 8 0 5
0 0 0 1 1 6 1 1 3 1 3 1 5 -1 -1 -1 -1 -1 -1 406522 0 15 16 16 13 2 8 0 5
0 0 0 1 3 6 1 1 3 1 3 1 5 4 4 8 3 0 0 407288 0 15 16 16 13 2 6 2 5
0 0 0 1 1 6 1 1 3 1 3 1 5 -1 -1 -1 -1 -1 -1 408055 0 15 16 16 13 2 6 2 5
0 0 0 1 1 6 1 1 3 1 3 1 5 -1 -1 -1 -1 -1 -1 408821 0 15 16 16 13 2 6 2 5
0 0 0 1 1 6 1 1 3 1 3 1 5 -1 -1 -1 -1 -1 -1 409588 0 15 16 16 13 2 6 2 5
0 0 0 1 1 8 1 1 3 1 3 1 5 5 4 7 2 0 1 410354 0 15 16 16 13 2 5 2 5
0 0 0 1 1 6 1 1 3 1 3 1 5 -1 -1 -1 -1 -1 -1 411321 0 15 16 15 10 2 5 2 5
0 0 0 1 1 6 1 1 4 1 3 1 5 -1 -1 -1 -1 -1 -1 422518 0 15 16 15 60 2 8 0 5
0 0 0 1 1 6 1 1 4 1 3 1 5 -1 -1 -1 -1 -1 -1 422685 0 15 16 15 60 2 8 0 5
0 0 0 1 1 6 1 1 4 1 3 1 5 -1 -1 -1 -1 -1 -1 422851 0 15 16 15 60 2 5 2 5
0 0 0 1 1 6 1 1 4 1 3 1 5 -1 -1 -1 -1 -1 -1 423018 0 15 16 15 50 2 5 2 5
0 0 0 1 1 6 1 1 4 1 3 1 5 -1 -1 -1 -1 -1 -1 423318 0 15 16 15 20 2 5 2 5
0 0 0 1 1 6 1 1 4 1 3 1 5 -1 -1 -1 -1 -1 -1 424251 0 15 16 15 10 2 5 2 5
0 0 0 1 1 6 1 1 4 1 3 1 5 -1 -1 -1 -1 -1 -1 425251 0 15 16 15 10 2 4 2 5
0 0 0 1 1 6 1 1 4 1 3 1 5 -1 -1 -1 -1 -1 -1 426250 0 15 16 15 10 2 4 2 5
0 0 0 1 1 6 1 1 4 1 3 1 5 -1 -1 -1 -1 -1 -1 427250 0 15 16 15 10 2 4 2 5
0 0 0 1 1 6 1 1 4 1 3 1 5 -1 -1 -1 -1 -1 -1 428250 0 15 16 15 10 2 4 2 5
0 0 0 1 1 6 3 1 4 1 3 1 5 6 4 7 2 0 0 429250 0 15 16 15 10 2 5 2 5
0 0 0 1 1 6 1 1 4 1 3 1 5 -1 -1 -1 -1 -1 -1 430249 0 15 16 15 10 2 5 2 5
0 0 0 1 1 1 6 1 4 1 3 1 6 -1 -1 -1 -1 -1 -1 431249 0 15 16 15 10 2 5 2 5
0 0 0 1 1 1 6 1 4 1 3 1 6 -1 -1 -1 -1 -1 -1 432249 0 15 16 15 10 2 5 2 5
0 0 0 1 1 3 6 1 4 1 3 1 6 5 4 5 0 0 0 433249 0 15 16 15 10 2 5 2 5
0 0 0 1 1 1 6 1 4 1 3 1 6 -1 -1 -1 -1 -1 -1 434248 0 15 16 15 10 2 5 2 5
0 0 0 1 1 1 6 1 4 1 3 1 6 -1 -1 -1 -1 -1 -1 435248 0 15 16 15 10 2 5 2 5
0 0 0 1 1 1 6 1 4 1 3 1 6 -1 -1 -1 -1 -1 -1 436248 0 15 16 15 10 2 5 2 5
0 0 0 1 3 1 6 1 4 1 3 1 6 4 4 8 3 0 0 437248 0 15 16 15 10 2 6 2 5
0 0 0 1 1 1 6 1 4 1 3 1 6 -1 -1 -1 -1 -1 -1 438247 0 15 16 15 10 2 6 2 5
0 0 0 1 1 6 1 1 4 1 3 1 5 -1 -1 -1 -1 -1 -1 439247 0 15 16 15 10 2 6 2 5
0 0 0 1 1 6 1 1 4 1 3 1 5 -1 -1 -1 -1 -1 -1 440247 0 15 16 15 10 2 6 2 5
0 0 0 1 1 6 3 1 4 1 3 1 5 6 4 5 0 0 0 441247 0 15 16 15 10 2 6 2 5
0 0 0 1 1 6 1 1 4 1 3 1 5 -1 -1 -1 -1 -1 -1 442246 0 15 16 15 10 2 6 2 5
0 0 0 1 6 1 1 1 4 1 3 1 4 -1 -1 -1 -1 -1 -1 443246 0 15 16 15 10 2 6 2 5
0 0 0 1 6 1 1 1 4 1 3 1 4 -1 -1 -1 -1 -1 -1 444246 0 15 16 15 10 2 6 2 5
0 0 0 1 7 1 1 1 4 1 3 1 4 4 4 5 0 1 1 445246 0 15 16 15 10 2 5 2 5
0 0 0 1 6 1 1 1 4 1 3 1 4 -1 -1 -1 -1 -1 -1 446245 0 15 16 15 10 2 5 2 5
0 0 0 1 6 1 1 1 4 1 3 1 4 -1 -1 -1 -1 -1 -1 447245 0 15 16 15 10 2 5 2 5
0 0 0 1 6 1 1 1 4 1 3 1 4 -1 -1 -1 -1 -1 -1 448245 0 15 16 15 10 2 5 2 5
0 0 0 3 6 1 1 1 4 1 3 1 4 3 4 7 2 0 0 449245 0 15 16 15 10 2 8 0 5
0 0 0 1 6 1 1 1 4 1 3 1 4 -1 -1 -1 -1 -1 -1 450244 0 15 16 15 10 2 8 0 5
0 0 0 1 6 1 1 1 4 1 3 1 4 -1 -1 -1 -1 -1 -1 451244 0 15 16 15 10 2 8 0 5
0 0 0 1 6 1 1 1 4 1 3 1 4 -1 -1 -1 -1 -1 -1 452244 0 15 16 15 10 2 8 0 5
0 0 0 1 6 3 1 1 4 1 3 1 4 5 4 6 1 0 0 453244 0 15 16 15 10 2 5 2 5
0 0 0 1 6 1 1 1 4 1 3 1 4 -1 -1 -1 -1 -1 -1 454244 0 15 16 15 10 2 5 2 5
0 0 0 1 1 1 6 1 4 1 3 1 6 -1 -1 -1 -1 -1 -1 455243 0 15 16 15 10 2 5 2 5
0 0 0 1 1 1 1 6 4 1 3 1 7 -1 -1 -1 -1 -1 -1 456243 0 15 16 15 10 2 5 2 5
0 0 0 1 1 1 1 7 4 1 3 1 7 7 4 5 0 1 1 457243 0 15 16 15 10 2 4 2 5
0 0 0 1 1 1 1 6 4 1 3 1 7 -1 -1 -1 -1 -1 -1 458043 0 15 16 16 13 2 4 2 5
0 0 0 1 1 1 1 6 4 1 3 1 7 -1 -1 -1 -1 -1 -1 458809 0 15 16 16 13 2 4 2 5
0 0 0 1 1 1 6 1 4 1 3 1 6 -1 -1 -1 -1 -1 -1 459576 0 15 16 16 13 2 4 2 5
0 0 0 1 1 1 6 3 4 1 3 1 6 7 4 6 1 0 0 460375 0 15 16 16 13 2 5 2 5
0 0 0 1 1 1 6 1 4 1 3 1 6 -1 -1 -1 -1 -1 -1 461142 0 15 16 16 13 2 5 2 5
0 0 0 1 1 1 6 1 4 1 3 1 6 -1 -1 -1 -1 -1 -1 461908 0 15 16 16 13 2 5 2 5
0 0 0 1 1 1 6 1 4 1 3 1 6 -1 -1 -1 -1 -1 -1 462675 0 15 16 16 13 2 5 2 5
0 0 0 1 1 2 8 1 4 1 3 1 6 5 4 6 1 1 0 463441 0 15 16 16 13 2 5 2 5
0 0 0 1 1 1 6 1 4 1 3 1 6 -1 -1 -1 -1 -1 -1 464408 0 15 16 15 10 2 5 2 5
0 0 0 1 1 1 6 1 4 1 3 1 6 -1 -1 -1 -1 -1 -1 465407 0 15 16 15 10 2 5 2 5
0 0 0 1 1 1 6 1 4 1 3 1 6 -1 -1 -1 -1 -1 -1 466407 0 15 16 15 10 2 5 2 5
0 0 0 1 1 3 6 1 4 1 3 1 6 5 4 8 3 0 0 467407 0 15 16 15 10 2 6 2 5
0 0 0 1 1 1 6 1 4 1 3 1 6 -1 -1 -1 -1 -1 -1 468407 0 15 16 15 10 2 6 2 5
0 0 0 1 6 1 1 1 4 1 3 1 4 -1 -1 -1 -1 -1 -1 469406 0 15 16 15 10 2 6 2 5
0 0 0 1 6 1 1 1 4 1 3 1 4 -1 -1 -1 -1 -1 -1 470406 0 15 16 15 10 2 6 2 5
0 0 0 1 8 1 1 1 4 1 3 1 4 4 4 5 0 0 1 471406 0 15 16 15 10 2 6 2 5
0 0 0 1 6 1 1 1 4 1 3 1 4 -1 -1 -1 -1 -1 -1 472406 0 15 16 15 10 2 6 2 5
0 0 0 1 1 1 6 1 4 1 3 1 6 -1 -1 -1 -1 -1 -1 473405 0 15 16 15 10 2 6 2 5
0 0 0 1 1 1 6 1 4 1 3 1 6 -1 -1 -1 -1 -1 -1 474405 0 15 16 15 10 2 6 2 5
0 0 0 1 1 1 7 1 4 1 3 1 6 6 4 6 1 1 1 475405 0 15 16 15 10 2 5 2 5
0 0 0 1 1 1 6 1 4 1 3 1 6 -1 -1 -1 -1 -1 -1 476405 0 15 16 15 10 2 5 2 5
0 0 0 1 1 1 6 1 4 1 3 1 6 -1 -1 -1 -1 -1 -1 477405 0 15 16 15 10 2 5 2 5
0 0 0 1 1 6 1 1 4 1 3 1 5 -1 -1 -1 -1 -1 -1 478404 0 15 16 15 10 2 5 2 5
0 0 0 1 3 6 1 1 4 1 3 1 5 4 4 5 0 0 0 479404 0 15 16 15 10 2 8 0 5
0 0 0 1 1 6 1 1 4 1 3 1 5 -1 -1 -1 -1 -1 -1 480404 0 15 16 15 10 2 8 0 5
0 0 0 1 1 6 1 1 4 1 3 1 5 -1 -1 -1 -1 -1 -1 481404 0 15 16 15 10 2 8 0 5
0 0 0 1 1 6 1 1 4 1 3 1 5 -1 -1 -1 -1 -1 -1 482403 0 15 16 15 10 2 8 0 5
0 0 0 1 1 1 7 1 4 1 3 1 6 6 4 5 0 1 1 483403 0 15 16 15 10 2 5 2 5
0 0 0 1 1 6 1 1 4 1 3 1 5 -1 -1 -1 -1 -1 -1 484203 0 15 16 16 13 2 5 2 5
0 0 0 1 1 6 1 1 4 1 3 1 5 -1 -1 -1 -1 -1 -1 484969 0 15 16 16 13 2 5 2 5
0 0 0 1 6 1 1 1 4 1 3 1 4 -1 -1 -1 -1 -1 -1 485736 0 15 16 16 13 2 5 2 5
0 0 0 1 7 1 1 1 4 1 3 1 4 4 4 6 1 1 1 486502 0 15 16 16 13 2 4 2 5
0 0 0 0 1 6 1 0 5 2 2 0 5 -1 -1 -1 -1 -1 -1 495233 0 15 16 16 60 2 8 0 3
0 0 0 0 1 6 1 0 5 2 2 0 5 -1 -1 -1 -1 -1 -1 495400 0 15 16 16 60 2 8 0 3
0 0 0 0 1 6 1 0 5 2 2 0 5 -1 -1 -1 -1 -1 -1 495567 0 15 16 16 60 2 6 2 3
0 0 0 0 1 6 1 0 5 2 2 0 5 -1 -1 -1 -1 -1 -1 495733 0 15 16 16 50.6 2 6 2 3
0 0 0 0 1 6 1 0 5 2 2 0 5 -1 -1 -1 -1 -1 -1 496000 0 15 16 16 25.5333 2 6 2 3
0 0 0 0 1 6 1 0 5 2 2 0 5 -1 -1 -1 -1 -1 -1 496733 0 15 16 16 13 2 6 2 3
0 0 0 0 1 6 1 0 5 2 2 0 5 -1 -1 -1 -1 -1 -1 497500 0 15 16 16 13 2 6 2 3
0 0 0 0 1 6 1 0 5 2 2 0 5 -1 -1 -1 -1 -1 -1 498266 0 15 16 16 13 2 6 2 3
0 0 0 0 1 6 1 0 5 2 2 0 5 -1 -1 -1 -1 -1 -1 499033 0 15 16 16 13 2 6 2 3
0 0 0 0 1 6 1 0 5 2 2 0 5 -1 -1 -1 -1 -1 -1 499799 0 15 16 16 13 2 6 2 3
0 0 0 0 1 6 3 0 5 2 2 0 5 6 5 4 2 0 0 500566 0 15 16 16 13 2 4 2 3
0 0 0 0 1 6 1 0 5 2 2 0 5 -1 -1 -1 -1 -1 -1 501332 0 15 16 16 13 2 4 2 3
0 0 0 0 1 6 1 0 5 2 2 0 5 -1 -1 -1 -1 -1 -1 502098 0 15 16 16 13 2 4 2 3
0 0 0 0 1 1 6 0 5 2 2 0 6 -1 -1 -1 -1 -1 -1 502865 0 15 16 16 13 2 4 2 3
0 0 0 0 1 3 6 0 5 2 2 0 6 5 5 4 0 0 0 503631 0 15 16 16 13 2 4 2 3
0 0 0 0 1 1 6 0 5 2 2 0 6 -1 -1 -1 -1 -1 -1 504431 0 15 16 16 13 2 4 2 3
0 0 0 0 1 6 1 0 5 2 2 0 5 -1 -1 -1 -1 -1 -1 505198 0 15 16 16 13 2 4 2 3
0 0 0 0 1 6 1 0 5 2 2 0 5 -1 -1 -1 -1 -1 -1 505964 0 15 16 16 13 2 4 2 3
0 0 0 0 3 6 1 0 5 2 2 0 5 4 5 4 1 0 0 506731 0 15 16 16 13 2 6 2 3
0 0 0 0 1 6 1 0 5 2 2 0 5 -1 -1 -1 -1 -1 -1 507497 0 15 16 16 13 2 6 2 3
0 0 0 0 1 6 1 0 5 2 2 0 5 -1 -1 -1 -1 -1 -1 508264 0 15 16 16 13 2 6 2 3
0 0 0 0 1 6 1 0 5 2 2 0 5 -1 -1 -1 -1 -1 -1 509030 0 15 16 16 13 2 6 2 3
0 0 0 0 1 7 1 0 5 2 2 0 5 5 5 4 0 1 1 509797 0 15 16 16 13 2 4 2 3
0 0 0 0 1 6 1 0 5 2 2 0 5 -1 -1 -1 -1 -1 -1 510563 0 15 16 16 13 2 4 2 3
0 0 0 0 1 6 1 0 5 2 2 0 5 -1 -1 -1 -1 -1 -1 511330 0 15 16 16 13 2 4 2 3
0 0 0 0 1 6 1 0 5 2 2 0 5 -1 -1 -1 -1 -1 -1 512096 0 15 16 16 13 2 4 2 3
0 0 0 0 1 6 3 0 5 2 2 0 5 6 5 4 3 0 0 512863 0 15 16 16 13 2 6 2 3
0 0 0 0 1 6 1 0 5 2 2 0 5 -1 -1 -1 -1 -1 -1 513629 0 15 16 16 13 2 6 2 3
0 0 0 0 1 6 1 0 5 2 2 0 5 -1 -1 -1 -1 -1 -1 514429 0 15 16 16 13 2 6 2 3
0 0 0 0 1 6 1 0 5 2 2 0 5 -1 -1 -1 -1 -1 -1 515195 0 15 16 16 13 2 6 2 3
0 0 0 0 3 6 1 0 5 2 2 0 5 4 5 4 2 0 0 515962 0 15 16 16 13 2 8 0 3
0 0 0 0 1 6 1 0 5 2 2 0 5 -1 -1 -1 -1 -1 -1 516728 0 15 16 16 13 2 8 0 3
0 0 0 0 6 1 1 0 5 2 2 0 4 -1 -1 -1 -1 -1 -1 517495 0 15 16 16 13 2 8 0 3
0 0 0 0 6 1 1 0 5 2 2 0 4 -1 -1 -1 -1 -1 -1 518261 0 15 16 16 13 2 8 0 3
0 0 0 0 8 1 1 0 5 2 2 0 4 4 5 4 0 0 1 519028 0 15 16 16 13 2 6 2 3
0 0 0 0 1 6 1 0 5 2 2 0 5 -1 -1 -1 -1 -1 -1 519994 0 15 16 15 10 2 6 2 3
0 0 0 0 1 1 6 0 5 2 2 0 6 -1 -1 -1 -1 -1 -1 520994 0 15 16 15 10 2 6 2 3
0 0 0 0 1 1 6 0 5 2 2 0 6 -1 -1 -1 -1 -1 -1 521994 0 15 16 15 10 2 6 2 3
0 0 0 0 1 6 3 0 5 2 2 0 5 6 5 4 3 0 0 522993 0 15 16 15 10 2 6 2 3
0 0 0 0 1 6 1 0 5 2 2 0 5 -1 -1 -1 -1 -1 -1 523993 0 15 16 15 10 2 6 2 3
0 0 0 0 1 1 6 0 5 2 2 0 6 -1 -1 -1 -1 -1 -1 524993 0 15 16 15 10 2 6 2 3
0 0 0 0 1 1 6 0 5 2 2 0 6 -1 -1 -1 -1 -1 -1 525993 0 15 16 15 10 2 6 2 3
0 0 0 0 1 2 8 0 5 2 2 0 6 5 5 4 0 1 0 526992 0 15 16 15 10 2 4 2 3
0 0 0 0 1 1 6 0 5 2 2 0 6 -1 -1 -1 -1 -1 -1 527992 0 15 16 15 10 2 4 2 3
0 0 0 0 1 6 1 0 5 2 2 0 5 -1 -1 -1 -1 -1 -1 528992 0 15 16 15 10 2 4 2 3
0 0 0 0 1 6 1 0 5 2 2 0 5 -1 -1 -1 -1 -1 -1 529992 0 15 16 15 10 2 4 2 3
0 0 0 0 1 7 1 0 5 2 2 0 5 5 5 4 3 1 1 530991 0 15 16 15 10 2 4 2 3
0 0 0 0 1 6 1 0 5 2 2 0 5 -1 -1 -1 -1 -1 -1 531991 0 15 16 15 10 2 4 2 3
0 0 0 0 1 6 1 0 5 2 2 0 5 -1 -1 -1 -1 -1 -1 532991 0 15 16 15 10 2 4 2 3
0 0 0 0 1 6 1 0 5 2 2 0 5 -1 -1 -1 -1 -1 -1 533991 0 15 16 15 10 2 4 2 3
0 0 0 0 2 8 1 0 5 2 2 0 5 4 5 4 0 1 0 534990 0 15 16 15 10 2 6 2 3
0 0 0 0 1 6 1 0 5 2 2 0 5 -1 -1 -1 -1 -1 -1 535990 0 15 16 15 10 2 6 2 3
0 0 0 0 1 6 1 0 5 2 2 0 5 -1 -1 -1 -1 -1 -1 536990 0 15 16 15 10 2 6 2 3
0 0 0 0 1 6 1 0 5 2 2 0 5 -1 -1 -1 -1 -1 -1 537990 0 15 16 15 10 2 6 2 3
0 0 0 0 1 3 6 0 5 2 2 0 6 5 5 4 1 0 0 538990 0 15 16 15 10 2 4 2 3
0 0 0 0 1 1 6 0 5 2 2 0 6 -1 -1 -1 -1 -1 -1 539989 0 15 16 15 10 2 4 2 3
0 0 0 0 1 1 6 0 5 2 2 0 6 -1 -1 -1 -1 -1 -1 540989 0 15 16 15 10 2 4 2 3
0 0 0 0 1 1 6 0 5 2 2 0 6 -1 -1 -1 -1 -1 -1 541989 0 15 16 15 10 2 4 2 3
0 0 0 0 1 1 7 0 5 2 2 0 6 6 5 4 0 1 1 542989 0 15 16 15 10 2 6 2 3
0 0 0 0 1 1 6 0 5 2 2 0 6 -1 -1 -1 -1 -1 -1 543988 0 15 16 15 10 2 6 2 3
0 0 0 0 1 1 6 0 5 2 2 0 6 -1 -1 -1 -1 -1 -1 544988 0 15 16 15 10 2 6 2 3
0 0 0 0 1 6 1 0 5 2 2 0 5 -1 -1 -1 -1 -1 -1 545988 0 15 16 15 10 2 6 2 3
0 0 0 0 1 6 3 0 5 2 2 0 5 6 5 4 3 0 0 546988 0 15 16 15 10 2 8 0 3
0 0 0 0 1 6 1 0 5 2 2 0 5 -1 -1 -1 -1 -1 -1 547987 0 15 16 15 10 2 8 0 3
0 0 0 0 1 6 1 0 5 2 2 0 5 -1 -1 -1 -1 -1 -1 548987 0 15 16 15 10 2 8 0 3
0 0 0 0 1 6 1 0 5 2 2 0 5 -1 -1 -1 -1 -1 -1 549987 0 15 16 15 10 2 8 0 3
0 0 0 0 1 6 3 0 5 2 2 0 5 6 5 4 2 0 0 550987 0 15 16 15 10 2 6 2 3
0 0 0 0 1 6 1 0 5 2 2 0 5 -1 -1 -1 -1 -1 -1 551986 0 15 16 15 10 2 6 2 3
0 0 0 0 1 6 1 0 5 2 2 0 5 -1 -1 -1 -1 -1 -1 552986 0 15 16 15 10 2 6 2 3
0 0 0 0 1 6 1 0 5 2 2 0 5 -1 -1 -1 -1 -1 -1 553986 0 15 16 15 10 2 6 2 3
0 0 0 0 1 6 3 0 5 2 2 0 5 6 5 4 1 0 0 554986 0 15 16 15 10 2 6 2 3
0 0 0 0 1 6 1 0 5 2 2 0 5 -1 -1 -1 -1 -1 -1 555985 0 15 16 15 10 2 6 2 3
0 0 0 0 1 6 1 0 5 2 2 0 5 -1 -1 -1 -1 -1 -1 556985 0 15 16 15 10 2 6 2 3
0 0 0 0 1 6 1 0 5 2 2 0 5 -1 -1 -1 -1 -1 -1 557985 0 15 16 15 10 2 6 2 3
0 0 0 0 1 6 3 0 5 2 2 0 5 6 5 4 3 0 0 558985 0 15 16 15 10 2 4 2 3
0 0 0 0 1 6 1 0 5 2 2 0 5 -1 -1 -1 -1 -1 -1 559984 0 15 16 15 10 2 4 2 3
0 0 0 0 6 1 1 0 5 2 2 0 4 -1 -1 -1 -1 -1 -1 560984 0 15 16 15 10 2 4 2 3
0 0 0 0 6 1 1 0 5 2 2 0 4 -1 -1 -1 -1 -1 -1 561984 0 15 16 15 10 2 4 2 3
0 0 0 0 8 1 1 0 5 2 2 0 4 4 5 4 2 0 1 562984 0 15 16 15 10 2 4 2 3
0 0 0 0 1 6 1 0 5 2 2 0 5 -1 -1 -1 -1 -1 -1 563983 0 15 16 15 10 2 4 2 3
0 0 0 0 1 6 1 0 5 2 2 0 5 -1 -1 -1 -1 -1 -1 564983 0 15 16 15 10 2 4 2 3
0 0 0 0 1 6 1 0 5 2 2 0 5 -1 -1 -1 -1 -1 -1 565983 0 15 16 15 10 2 4 2 3
0 0 0 0 1 7 1 0 5 2 2 0 5 5 5 4 3 1 1 566983 0 15 16 15 10 2 6 2 3
0 0 0 0 1 6 1 0 5 2 2 0 5 -1 -1 -1 -1 -1 -1 567982 0 15 16 15 10 2 6 2 3
0 0 0 0 1 6 1 0 5 2 2 0 5 -1 -1 -1 -1 -1 -1 568982 0 15 16 15 10 2 6 2 3
0 0 0 0 1 6 1 0 5 2 2 0 5 -1 -1 -1 -1 -1 -1 569982 0 15 16 15 10 2 6 2 3
0 0 0 0 1 6 3 0 5 2 2 0 5 6 5 4 0 0 0 570982 0 15 16 15 10 2 4 2 3
0 0 0 0 1 6 1 0 5 2 2 0 5 -1 -1 -1 -1 -1 -1 571981 0 15 16 15 10 2 4 2 3
0 0 0 0 1 1 6 0 5 2 2 0 6 -1 -1 -1 -1 -1 -1 572981 0 15 16 15 10 2 4 2 3
0 0 0 0 1 1 6 0 5 2 2 0 6 -1 -1 -1 -1 -1 -1 573981 0 15 16 15 10 2 4 2 3
0 0 0 0 1 1 7 0 5 2 2 0 6 6 5 4 3 1 1 574981 0 15 16 15 10 2 6 2 3
0 0 0 0 1 1 6 0 5 2 2 0 6 -1 -1 -1 -1 -1 -1 575781 0 15 16 16 13 2 6 2 3
0 0 0 0 1 1 6 0 5 2 2 0 6 -1 -1 -1 -1 -1 -1 576547 0 15 16 16 13 2 6 2 3
0 0 0 0 1 1 6 0 5 2 2 0 6 -1 -1 -1 -1 -1 -1 577313 0 15 16 16 13 2 6 2 3
0 0 0 0 1 3 6 0 5 2 2 0 6 5 5 4 2 0 0 578080 0 15 16 16 13 2 8 0 3
0 0 0 0 1 1 6 0 5 2 2 0 6 -1 -1 -1 -1 -1 -1 578846 0 15 16 16 13 2 8 0 3
0 0 0 0 1 1 6 0 5 2 2 0 6 -1 -1 -1 -1 -1 -1 579613 0 15 16 16 13 2 8 0 3
0 0 0 0 1 1 6 0 5 2 2 0 6 -1 -1 -1 -1 -1 -1 580379 0 15 16 16 13 2 8 0 3
0 0 0 0 3 1 6 0 5 2 2 0 6 4 5 4 1 0 0 581146 0 15 16 16 13 2 6 2 3
0 0 0 0 1 1 6 0 5 2 2 0 6 -1 -1 -1 -1 -1 -1 581912 0 15 16 16 13 2 6 2 3
0 0 0 0 1 1 6 0 5 2 2 0 6 -1 -1 -1 -1 -1 -1 582679 0 15 16 16 13 2 6 2 3
0 0 0 0 1 6 1 0 5 2 2 0 5 -1 -1 -1 -1 -1 -1 583479 0 15 16 16 13 2 6 2 3
0 0 0 0 1 6 3 0 5 2 2 0 5 6 5 4 3 0 0 584245 0 15 16 16 13 2 6 2 3
0 0 0 0 1 6 1 0 5 2 2 0 5 -1 -1 -1 -1 -1 -1 585012 0 15 16 16 13 2 6 2 3
0 0 0 0 1 1 6 0 5 2 2 0 6 -1 -1 -1 -1 -1 -1 585778 0 15 16 16 13 2 6 2 3
0 0 0 0 1 6 1 0 5 2 2 0 5 -1 -1 -1 -1 -1 -1 586545 0 15 16 16 13 2 6 2 3
0 0 0 0 1 1 8 0 5 2 2 0 6 6 5 4 2 0 1 587311 0 15 16 16 13 2 4 2 3
0 0 0 0 1 6 1 0 5 2 2 0 5 -1 -1 -1 -1 -1 -1 588277 0 15 16 15 10 2 4 2 3
0 0 0 0 1 6 1 0 5 2 2 0 5 -1 -1 -1 -1 -1 -1 589277 0 15 16 15 10 2 4 2 3
0 0 0 0 1 6 1 0 5 2 2 0 5 -1 -1 -1 -1 -1 -1 590277 0 15 16 15 10 2 4 2 3
0 0 0 0 1 7 1 0 5 2 2 0 5 5 5 4 3 1 1 591143 0 15 16 15 12.5 2 4 2 3
0 0 0 0 1 6 1 0 5 2 2 0 5 -1 -1 -1 -1 -1 -1 591943 0 15 16 15 12.5 2 4 2 3
0 0 0 0 1 6 1 0 5 2 2 0 5 -1 -1 -1 -1 -1 -1 592843 0 15 16 15 10 2 4 2 3
0 0 0 0 1 6 1 0 5 2 2 0 5 -1 -1 -1 -1 -1 -1 593843 0 15 16 15 10 2 4 2 3
0 0 0 0 3 6 1 0 5 2 2 0 5 4 5 4 1 0 0 594809 0 15 16 15 10 2 6 2 3
0 0 0 0 1 6 1 0 5 2 2 0 5 -1 -1 -1 -1 -1 -1 595809 0 15 16 15 10 2 6 2 3
0 0 0 0 1 6 1 0 5 2 2 0 5 -1 -1 -1 -1 -1 -1 596809 0 15 16 15 10 2 6 2 3
0 0 0 0 1 6 1 0 5 2 2 0 5 -1 -1 -1 -1 -1 -1 597808 0 15 16 15 10 2 6 2 3
0 0 0 0 3 6 1 0 5 2 2 0 5 4 5 4 0 0 0 598808 0 15 16 15 10 2 4 2 3
0 0 0 0 1 6 1 0 5 2 2 0 5 -1 -1 -1 -1 -1 -1 599808 0 15 16 15 10 2 4 2 3
0 0 0 0 6 1 1 0 5 2 2 0 4 -1 -1 -1 -1 -1 -1 600808 0 15 16 15 10 2 4 2 3
0 0 0 0 6 1 1 0 5 2 2 0 4 -1 -1 -1 -1 -1 -1 601808 0 15 16 15 10 2 4 2 3
0 0 0 0 7 1 1 0 5 2 2 0 4 4 5 4 1 1 1 602807 0 15 16 15 10 2 6 2 3
0 0 0 0 6 1 1 0 5 2 2 0 4 -1 -1 -1 -1 -1 -1 603607 0 15 16 16 13 2 6 2 3
0 0 0 0 1 1 6 0 5 2 2 0 6 -1 -1 -1 -1 -1 -1 604407 0 15 16 16 13 2 6 2 3
0 0 0 0 1 1 6 0 5 2 2 0 6 -1 -1 -1 -1 -1 -1 605173 0 15 16 16 13 2 6 2 3
0 0 0 0 1 1 7 0 5 2 2 0 6 6 5 4 0 1 1 605940 0 15 16 16 13 2 8 0 3
0 0 0 0 1 1 6 0 5 2 2 0 6 -1 -1 -1 -1 -1 -1 606706 0 15 16 16 13 2 8 0 3
0 0 0 0 1 6 1 0 5 2 2 0 5 -1 -1 -1 -1 -1 -1 607473 0 15 16 16 13 2 8 0 3
0 0 0 0 1 6 1 0 5 2 2 0 5 -1 -1 -1 -1 -1 -1 608239 0 15 16 16 13 2 8 0 3
0 0 0 0 1 6 3 0 5 2 2 0 5 6 5 4 2 0 0 609006 0 15 16 16 13 2 6 2 3
0 0 0 0 1 6 1 0 5 2 2 0 5 -1 -1 -1 -1 -1 -1 609772 0 15 16 16 13 2 6 2 3
0 0 0 0 1 1 6 0 5 2 2 0 6 -1 -1 -1 -1 -1 -1 610539 0 15 16 16 13 2 6 2 3
0 0 0 0 1 1 6 0 5 2 2 0 6 -1 -1 -1 -1 -1 -1 611305 0 15 16 16 13 2 6 2 3
0 0 0 0 1 1 7 0 5 2 2 0 6 6 5 4 0 1 1 612072 0 15 16 16 13 2 6 2 3
0 0 0 0 1 1 6 0 5 2 2 0 6 -1 -1 -1 -1 -1 -1 612838 0 15 16 16 13 2 6 2 3
0 0 0 0 1 6 1 0 5 2 2 0 5 -1 -1 -1 -1 -1 -1 613605 0 15 16 16 13 2 6 2 3
0 0 0 0 1 6 1 0 5 2 2 0 5 -1 -1 -1 -1 -1 -1 614371 0 15 16 16 13 2 6 2 3
0 0 0 0 1 6 1 0 6 6 1 0 5 -1 -1 -1 -1 -1 -1 623636 0 15 40 16 60 2 8 0 3
0 0 0 0 1 6 1 0 6 6 1 0 5 -1 -1 -1 -1 -1 -1 623802 0 15 40 16 60 2 8 0 3
0 0 0 0 1 6 1 0 6 6 1 0 5 -1 -1 -1 -1 -1 -1 623969 0 15 40 16 60 2 6 2 3
0 0 0 0 1 6 1 0 6 6 1 0 5 -1 -1 -1 -1 -1 -1 624135 0 15 40 16 50.6 2 6 2 3
0 0 0 0 1 6 1 0 6 6 1 0 5 -1 -1 -1 -1 -1 -1 624402 0 15 40 16 25.5333 2 6 2 3
0 0 0 0 1 6 1 0 6 6 1 0 5 -1 -1 -1 -1 -1 -1 625135 0 15 40 16 13 2 6 2 3
0 0 0 0 1 6 1 0 6 6 1 0 5 -1 -1 -1 -1 -1 -1 625902 0 15 40 16 13 2 5 2 3
0 0 0 0 1 6 1 0 6 6 1 0 5 -1 -1 -1 -1 -1 -1 626668 0 15 40 16 13 2 5 2 3
0 0 0 0 1 1 6 0 6 6 1 0 6 -1 -1 -1 -1 -1 -1 627435 0 15 40 16 13 2 5 2 3
0 0 0 0 1 1 6 0 6 6 1 0 6 -1 -1 -1 -1 -1 -1 628201 0 15 40 16 13 2 5 2 3
0 0 0 0 1 1 7 0 6 6 1 0 6 6 5 4 4 1 1 628968 0 15 40 16 13 2 5 2 3
0 0 0 0 1 6 1 0 6 6 1 0 5 -1 -1 -1 -1 -1 -1 629734 0 15 40 16 13 2 5 2 3
0 0 0 0 6 1 1 0 6 6 1 0 4 -1 -1 -1 -1 -1 -1 630501 0 15 40 16 13 2 5 2 3
0 0 0 0 6 1 1 0 6 6 1 0 4 -1 -1 -1 -1 -1 -1 631267 0 15 40 16 13 2 5 2 3
0 0 0 0 7 1 1 0 6 6 1 0 4 4 5 4 4 1 1 632067 0 15 40 16 13 2 4 2 3
0 0 0 0 1 6 1 0 6 6 1 0 5 -1 -1 -1 -1 -1 -1 632700 0 15 40 17 16 2 4 2 3
0 0 0 0 1 1 6 0 6 6 1 0 6 -1 -1 -1 -1 -1 -1 633333 0 15 40 17 16 2 4 2 3
0 0 0 0 1 1 6 0 6 6 1 0 6 -1 -1 -1 -1 -1 -1 633966 0 15 40 17 16 2 4 2 3
0 0 0 0 1 1 7 0 6 6 1 0 6 6 5 4 4 1 1 634566 0 15 40 17 16 2 4 2 3
0 0 0 0 1 1 6 0 6 6 1 0 6 -1 -1 -1 -1 -1 -1 635199 0 15 40 17 16 2 4 2 3
0 0 0 0 1 1 6 0 6 6 1 0 6 -1 -1 -1 -1 -1 -1 635833 0 15 40 17 16 2 4 2 3
0 0 0 0 1 1 6 0 6 6 1 0 6 -1 -1 -1 -1 -1 -1 636432 0 15 40 17 16 2 4 2 3
0 0 0 0 1 1 7 0 6 6 1 0 6 6 5 4 4 1 1 637066 0 15 40 17 16 2 5 2 3
0 0 0 0 1 1 6 0 6 6 1 0 6 -1 -1 -1 -1 -1 -1 637599 0 15 40 18 19 2 5 2 3
0 0 0 0 1 6 1 0 6 6 1 0 5 -1 -1 -1 -1 -1 -1 638132 0 15 40 18 19 2 5 2 3
0 0 0 0 1 6 1 0 6 6 1 0 5 -1 -1 -1 -1 -1 -1 638665 0 15 40 18 19 2 5 2 3
0 0 0 0 1 7 1 0 6 6 1 0 5 5 5 4 4 1 1 639198 0 15 40 18 19 2 5 2 3
0 0 0 0 1 6 1 0 6 6 1 0 5 -1 -1 -1 -1 -1 -1 639732 0 15 40 18 19 2 5 2 3
0 0 0 0 6 1 1 0 6 6 1 0 4 -1 -1 -1 -1 -1 -1 640231 0 15 40 18 19 2 5 2 3
0 0 0 0 6 1 1 0 6 6 1 0 4 -1 -1 -1 -1 -1 -1 640765 0 15 40 18 19 2 5 2 3
0 0 0 0 7 1 1 0 6 6 1 0 4 4 5 4 4 1 1 641298 0 15 40 18 19 2 8 0 3
0 0 0 0 6 1 1 0 6 6 1 0 4 -1 -1 -1 -1 -1 -1 641764 0 15 40 19 21 2 8 0 3
0 0 0 0 1 1 6 0 6 6 1 0 6 -1 -1 -1 -1 -1 -1 642264 0 15 40 19 21 2 8 0 3
0 0 0 0 1 1 6 0 6 6 1 0 6 -1 -1 -1 -1 -1 -1 642731 0 15 40 19 21 2 8 0 3
0 0 0 0 1 1 7 0 6 6 1 0 6 6 5 4 4 1 1 643197 0 15 40 19 21 2 6 2 3
0 0 0 0 1 1 6 0 6 6 1 0 6 -1 -1 -1 -1 -1 -1 643697 0 15 40 19 21 2 6 2 3
0 0 0 0 1 6 1 0 6 6 1 0 5 -1 -1 -1 -1 -1 -1 644164 0 15 40 19 21 2 6 2 3
0 0 0 0 1 6 1 0 6 6 1 0 5 -1 -1 -1 -1 -1 -1 644630 0 15 40 19 21 2 6 2 3
0 0 0 1 1 7 1 1 6 6 1 0 5 5 5 4 4 1 1 645097 0 15 40 19 21 2 5 2 5
0 0 0 1 1 6 1 1 6 6 1 0 5 -1 -1 -1 -1 -1 -1 645563 0 15 40 20 22 2 5 2 5
0 0 0 1 1 6 1 1 6 6 1 0 5 -1 -1 -1 -1 -1 -1 646030 0 15 40 20 22 2 5 2 5
0 0 0 1 1 6 1 1 6 6 1 0 5 -1 -1 -1 -1 -1 -1 646463 0 15 40 20 22 2 5 2 5
0 0 0 1 1 7 1 1 6 6 1 0 5 5 5 4 4 1 1 646930 0 15 40 20 22 2 5 2 5
0 0 0 1 1 6 1 1 6 6 1 1 5 -1 -1 -1 -1 -1 -1 647396 0 15 40 20 22 2 5 2 5
0 0 0 6 1 1 1 1 6 6 1 1 3 -1 -1 -1 -1 -1 -1 647830 0 15 40 20 22 2 5 2 5
0 0 0 6 1 1 1 1 6 6 1 1 3 -1 -1 -1 -1 -1 -1 648296 0 15 40 20 22 2 5 2 5
0 0 0 7 1 1 1 1 6 6 1 1 3 3 5 4 4 1 1 648763 0 15 40 20 22 2 4 2 5
0 0 0 6 1 1 1 1 6 6 1 1 3 -1 -1 -1 -1 -1 -1 649196 0 15 40 21 23 2 4 2 5
0 0 0 6 1 1 1 1 6 6 1 1 3 -1 -1 -1 -1 -1 -1 649629 0 15 40 21 23 2 4 2 5
0 0 0 6 1 1 1 1 6 6 1 1 3 -1 -1 -1 -1 -1 -1 650062 0 15 40 21 23 2 4 2 5
0 0 0 7 1 1 1 1 6 6 1 1 3 3 5 4 4 1 1 650496 0 15 40 21 23 2 4 2 5
0 0 0 6 1 1 1 1 6 6 1 1 3 -1 -1 -1 -1 -1 -1 650929 0 15 40 21 23 2 4 2 5
0 0 0 1 1 6 1 1 6 6 1 1 5 -1 -1 -1 -1 -1 -1 651362 0 15 40 21 23 2 4 2 5
0 0 0 1 1 6 1 1 6 6 1 1 5 -1 -1 -1 -1 -1 -1 651795 0 15 40 21 23 2 4 2 5
0 0 0 1 1 7 1 1 6 6 1 1 5 5 5 4 4 1 1 652229 0 15 40 21 23 2 5 2 5
0 0 0 1 1 6 1 1 6 6 1 1 5 -1 -1 -1 -1 -1 -1 652662 0 15 40 22 24 2 5 2 5
0 0 0 1 6 1 1 1 6 6 1 1 4 -1 -1 -1 -1 -1 -1 653062 0 15 40 22 24 2 5 2 5
0 0 0 1 6 1 1 1 6 6 1 1 4 -1 -1 -1 -1 -1 -1 653495 0 15 40 22 24 2 5 2 5
0 0 0 1 7 1 1 1 6 6 1 1 4 4 5 4 4 1 1 653895 0 15 40 22 24 2 5 2 5
0 0 0 1 6 1 1 1 6 6 1 1 4 -1 -1 -1 -1 -1 -1 654328 0 15 40 22 24 2 5 2 5
0 0 0 6 1 1 1 1 6 6 1 1 3 -1 -1 -1 -1 -1 -1 654728 0 15 40 22 24 2 5 2 5
0 0 0 6 1 1 1 1 6 6 1 1 3 -1 -1 -1 -1 -1 -1 655161 0 15 40 22 24 2 5 2 5
0 0 0 7 1 1 1 1 6 6 1 1 3 3 5 4 4 1 1 655561 0 15 40 22 24 2 8 0 5
0 0 0 6 1 1 1 1 6 6 1 1 3 -1 -1 -1 -1 -1 -1 655961 0 15 40 23 25 2 8 0 5
0 0 0 6 1 1 1 1 6 6 1 1 3 -1 -1 -1 -1 -1 -1 656361 0 15 40 23 25 2 8 0 5
0 0 0 6 1 1 1 1 6 6 1 1 3 -1 -1 -1 -1 -1 -1 656761 0 15 40 23 25 2 8 0 5
0 0 0 7 1 1 1 1 6 6 1 1 3 3 5 4 4 1 1 657161 0 15 40 23 25 2 6 2 5
0 0 0 6 1 1 1 1 6 6 1 1 3 -1 -1 -1 -1 -1 -1 657561 0 15 40 23 25 2 6 2 5
0 0 0 1 6 1 1 1 6 6 1 1 4 -1 -1 -1 -1 -1 -1 657960 0 15 40 23 25 2 6 2 5
0 0 0 1 6 1 1 1 6 6 1 1 4 -1 -1 -1 -1 -1 -1 658360 0 15 40 23 25 2 6 2 5
0 0 0 1 7 1 1 1 6 6 1 1 4 4 5 4 4 1 1 658760 0 15 40 23 25 2 5 2 5
0 0 0 1 6 1 1 1 6 6 1 1 4 -1 -1 -1 -1 -1 -1 659160 0 15 40 24 25.5 2 5 2 5
0 0 0 1 6 1 1 1 6 6 1 1 4 -1 -1 -1 -1 -1 -1 659560 0 15 40 24 25.5 2 5 2 5
0 0 0 1 6 1 1 1 6 6 1 1 4 -1 -1 -1 -1 -1 -1 659927 0 15 40 24 25.5 2 5 2 5
0 0 0 1 7 1 1 1 6 6 1 1 4 4 5 4 4 1 1 660327 0 15 40 24 25.5 2 5 2 5
0 0 0 1 6 1 1 1 6 6 1 1 4 -1 -1 -1 -1 -1 -1 660726 0 15 40 24 25.5 2 5 2 5
0 0 0 1 6 1 1 1 6 6 1 1 4 -1 -1 -1 -1 -1 -1 661126 0 15 40 24 25.5 2 5 2 5
0 0 0 1 6 1 1 1 6 6 1 1 4 -1 -1 -1 -1 -1 -1 661526 0 15 40 24 25.5 2 5 2 5
0 0 0 1 7 1 1 1 6 6 1 1 4 4 5 4 4 1 1 661893 0 15 40 24 25.5 2 4 2 5
0 0 0 1 6 1 1 1 6 6 1 2 4 -1 -1 -1 -1 -1 -1 662293 0 15 40 25 26 2 4 2 5
0 0 0 1 1 1 6 1 6 6 1 2 6 -1 -1 -1 -1 -1 -1 662659 0 15 40 25 26 2 4 2 5
0 0 0 1 1 1 6 1 6 6 1 2 6 -1 -1 -1 -1 -1 -1 663059 0 15 40 25 26 2 4 2 5
0 0 0 1 1 1 7 1 6 6 1 2 6 6 5 4 4 1 1 663426 0 15 40 25 26 2 4 2 5
0 0 0 1 1 1 6 1 6 6 1 2 6 -1 -1 -1 -1 -1 -1 663826 0 15 40 25 26 2 4 2 5
0 0 0 4 1 1 6 1 6 6 1 2 6 -1 -1 -1 -1 -1 -1 664226 1 15 40 25 26 2 4 2 5
0 0 0 1 1 1 6 1 6 6 1 2 6 -1 -1 -1 -1 -1 -1 664592 0 15 40 25 26 2 4 2 5
0 0 0 1 1 1 7 1 6 6 1 2 6 6 5 4 4 1 1 664992 0 15 40 25 26 2 5 2 5
0 0 0 1 1 1 6 1 6 6 1 2 6 -1 -1 -1 -1 -1 -1 665359 0 15 40 26 26.5 2 5 2 5
0 0 0 4 1 6 1 1 6 6 1 2 5 -1 -1 -1 -1 -1 -1 665725 1 15 40 26 26.5 2 5 2 5
0 0 0 1 1 6 1 1 6 6 1 2 5 -1 -1 -1 -1 -1 -1 666125 0 15 40 26 26.5 2 5 2 5
0 0 0 1 1 7 1 1 6 6 1 2 5 5 5 4 4 1 1 666492 0 15 40 26 26.5 2 5 2 5
0 0 0 1 1 6 1 1 6 6 1 2 5 -1 -1 -1 -1 -1 -1 666858 0 15 40 26 26.5 2 5 2 5
0 0 0 1 4 1 6 1 6 6 1 2 6 -1 -1 -1 -1 -1 -1 667258 1 15 40 26 26.5 2 5 2 5
0 0 0 1 1 1 6 1 6 6 1 2 6 -1 -1 -1 -1 -1 -1 667625 0 15 40 26 26.5 2 5 2 5
0 0 0 1 1 1 7 1 6 6 1 2 6 6 5 4 4 1 1 667991 0 15 40 26 26.5 2 8 0 5
0 0 0 1 1 1 1 6 6 6 1 2 7 -1 -1 -1 -1 -1 -1 668358 0 15 40 27 27 2 8 0 5
0 0 0 1 1 1 4 6 6 6 1 2 7 -1 -1 -1 -1 -1 -1 668725 1 15 40 27 27 2 8 0 5
0 0 0 1 1 1 6 1 6 6 1 2 6 -1 -1 -1 -1 -1 -1 669124 0 15 40 27 27 2 8 0 5
0 0 0 1 1 7 1 1 6 6 1 2 5 5 5 4 4 1 1 669491 0 15 40 27 27 2 6 2 5
0 0 0 1 1 6 1 1 6 6 1 2 5 -1 -1 -1 -1 -1 -1 669858 0 15 40 27 27 2 6 2 5
0 0 0 1 1 6 4 1 6 6 1 2 5 -1 -1 -1 -1 -1 -1 670224 1 15 40 27 27 2 6 2 5
0 0 0 1 1 1 1 6 6 6 1 2 7 -1 -1 -1 -1 -1 -1 670591 0 15 40 27 27 2 6 2 5
0 0 0 1 1 1 1 7 6 6 1 2 7 7 5 4 4 1 1 670957 0 15 40 27 27 2 5 2 5
0 0 0 1 1 6 1 1 7 1 3 2 5 -1 -1 -1 -1 -1 -1 679722 0 15 16 16 60 2 8 0 5
0 0 0 1 1 6 1 1 7 1 3 2 5 -1 -1 -1 -1 -1 -1 679888 0 15 16 16 60 2 8 0 5
0 0 0 1 1 6 1 1 7 1 3 2 5 -1 -1 -1 -1 -1 -1 680055 0 15 16 16 60 2 4 2 5
0 0 0 1 1 6 1 1 7 1 3 2 5 -1 -1 -1 -1 -1 -1 680222 0 15 16 16 50.6 2 4 2 5
0 0 0 1 1 6 1 1 7 1 3 2 5 -1 -1 -1 -1 -1 -1 680488 0 15 16 16 25.5333 2 4 2 5
0 0 0 1 1 6 1 1 7 1 3 2 5 -1 -1 -1 -1 -1 -1 681221 0 15 16 16 13 2 4 2 5
0 0 0 1 1 6 1 1 7 1 3 2 5 -1 -1 -1 -1 -1 -1 681988 0 15 16 16 13 2 4 2 5
0 0 0 1 1 6 1 1 7 1 3 2 5 -1 -1 -1 -1 -1 -1 682754 0 15 16 16 13 2 4 2 5
0 0 0 1 1 6 1 1 7 1 3 2 5 -1 -1 -1 -1 -1 -1 683521 0 15 16 16 13 2 4 2 5
0 0 0 1 1 6 1 1 7 1 3 2 5 -1 -1 -1 -1 -1 -1 684287 0 15 16 16 13 2 4 2 5
0 0 0 3 1 6 1 1 7 1 3 2 5 3 4 7 2 0 0 685054 0 15 16 16 13 2 6 2 5
0 0 0 1 1 6 1 1 7 1 3 2 5 -1 -1 -1 -1 -1 -1 685820 0 15 16 16 13 2 6 2 5
0 0 0 1 6 1 1 4 7 1 3 2 4 -1 -1 -1 -1 -1 -1 686587 1 15 16 16 13 2 6 2 5
0 0 0 1 6 1 1 1 7 1 3 2 4 -1 -1 -1 -1 -1 -1 687353 0 15 16 16 13 2 6 2 5
0 0 0 1 6 3 1 1 7 1 3 2 4 5 4 8 3 0 0 688120 0 15 16 16 13 2 6 2 5
0 0 0 1 6 1 1 1 7 1 3 2 4 -1 -1 -1 -1 -1 -1 688920 0 15 16 16 13 2 6 2 5
0 0 0 1 6 1 1 4 7 1 3 2 4 -1 -1 -1 -1 -1 -1 689686 1 15 16 16 13 2 6 2 5
0 0 0 1 6 1 1 1 7 1 3 2 4 -1 -1 -1 -1 -1 -1 690453 0 15 16 16 13 2 6 2 5
0 0 0 3 1 6 1 1 7 1 3 2 5 3 4 5 0 0 0 691219 0 15 16 16 13 2 6 2 5
0 0 0 1 1 6 1 1 7 1 3 2 5 -1 -1 -1 -1 -1 -1 691985 0 15 16 16 13 2 6 2 5
0 0 0 1 6 1 4 1 7 1 3 2 4 -1 -1 -1 -1 -1 -1 692752 1 15 16 16 13 2 6 2 5
0 0 0 1 6 1 1 1 7 1 3 2 4 -1 -1 -1 -1 -1 -1 693518 0 15 16 16 13 2 6 2 5
0 0 0 1 6 3 1 1 7 1 3 2 4 5 4 6 1 0 0 694285 0 15 16 16 13 2 5 2 5
0 0 0 1 6 1 1 1 7 1 3 2 4 -1 -1 -1 -1 -1 -1 695051 0 15 16 16 13 2 5 2 5
0 0 0 1 1 1 6 4 7 1 3 2 6 -1 -1 -1 -1 -1 -1 695818 1 15 16 16 13 2 5 2 5
0 0 0 1 1 1 1 6 7 1 3 2 7 -1 -1 -1 -1 -1 -1 696584 0 15 16 16 13 2 5 2 5
0 0 0 1 1 1 1 7 7 1 3 2 7 7 4 8 3 1 1 697351 0 15 16 16 13 2 6 2 5
0 0 0 1 1 1 1 6 7 1 3 2 7 -1 -1 -1 -1 -1 -1 698117 0 15 16 16 13 2 6 2 5
0 0 0 4 1 1 6 1 7 1 3 2 6 -1 -1 -1 -1 -1 -1 698917 1 15 16 16 13 2 6 2 5
0 0 0 1 1 1 6 1 7 1 3 2 6 -1 -1 -1 -1 -1 -1 699684 0 15 16 16 13 2 6 2 5
0 0 0 1 1 3 6 1 7 1 3 2 6 5 4 6 1 0 0 700450 0 15 16 16 13 2 8 0 5
0 0 0 1 1 1 6 1 7 1 3 2 6 -1 -1 -1 -1 -1 -1 701217 0 15 16 16 13 2 8 0 5
0 0 0 1 4 1 6 1 7 1 3 2 6 -1 -1 -1 -1 -1 -1 701983 1 15 16 16 13 2 8 0 5
0 0 0 1 1 1 6 1 7 1 3 2 6 -1 -1 -1 -1 -1 -1 702750 0 15 16 16 13 2 8 0 5
0 0 0 1 1 1 7 1 7 1 3 2 6 6 4 6 1 1 1 703516 0 15 16 16 13 2 4 2 5
0 0 0 1 1 1 6 1 7 1 3 2 6 -1 -1 -1 -1 -1 -1 704282 0 15 16 16 13 2 4 2 5
0 0 0 1 1 4 6 1 7 1 3 2 6 -1 -1 -1 -1 -1 -1 705049 1 15 16 16 13 2 4 2 5
0 0 0 1 1 1 6 1 7 1 3 2 6 -1 -1 -1 -1 -1 -1 705815 0 15 16 16 13 2 4 2 5
0 0 0 1 1 1 3 6 7 1 3 2 7 6 4 5 0 0 0 706582 0 15 16 16 13 2 4 2 5
0 0 0 1 1 1 1 6 7 1 3 2 7 -1 -1 -1 -1 -1 -1 707348 0 15 16 16 13 2 4 2 5
0 0 0 1 1 4 6 1 7 1 3 2 6 -1 -1 -1 -1 -1 -1 708115 1 15 16 16 13 2 4 2 5
0 0 0 1 1 6 1 1 7 1 3 2 5 -1 -1 -1 -1 -1 -1 708881 0 15 16 16 13 2 4 2 5
0 0 0 1 7 1 1 1 7 1 3 2 4 4 4 6 1 1 1 709648 0 15 16 16 13 2 6 2 5
0 0 0 1 1 6 1 1 7 1 3 2 5 -1 -1 -1 -1 -1 -1 710448 0 15 16 16 13 2 6 2 5
0 0 0 1 4 6 1 1 7 1 3 2 5 -1 -1 -1 -1 -1 -1 711214 1 15 16 16 13 2 6 2 5
0 0 0 1 1 6 1 1 7 1 3 2 5 -1 -1 -1 -1 -1 -1 711981 0 15 16 16 13 2 6 2 5
0 0 0 3 1 1 6 1 7 1 3 2 6 3 4 7 2 0 0 712747 0 15 16 16 13 2 6 2 5
0 0 0 1 1 1 6 1 7 1 3 2 6 -1 -1 -1 -1 -1 -1 713514 0 15 16 16 13 2 6 2 5
0 0 0 1 1 4 6 1 7 1 3 2 6 -1 -1 -1 -1 -1 -1 714280 1 15 16 16 13 2 6 2 5
0 0 0 1 1 6 1 1 7 1 3 2 5 -1 -1 -1 -1 -1 -1 715047 0 15 16 16 13 2 6 2 5
0 0 0 1 8 1 1 1 7 1 3 2 4 4 4 8 3 0 1 715813 0 15 16 16 13 2 6 2 5
0 0 0 1 6 1 1 1 7 1 3 2 4 -1 -1 -1 -1 -1 -1 716779 0 15 16 15 10 2 6 2 5
0 0 0 1 6 1 1 4 7 1 3 2 4 -1 -1 -1 -1 -1 -1 717779 1 15 16 15 10 2 6 2 5
0 0 0 1 6 1 1 1 7 1 3 2 4 -1 -1 -1 -1 -1 -1 718746 0 15 16 15 12.5 2 6 2 5
0 0 0 3 6 1 1 1 7 1 3 2 4 3 4 5 0 0 0 719545 0 15 16 15 12.5 2 5 2 5
0 0 0 1 6 1 1 1 7 1 3 2 4 -1 -1 -1 -1 -1 -1 720379 0 15 16 15 11.5 2 5 2 5
0 0 0 1 6 1 4 1 7 1 3 2 4 -1 -1 -1 -1 -1 -1 721345 1 15 16 15 10 2 5 2 5
0 0 0 1 6 1 1 1 7 1 3 2 4 -1 -1 -1 -1 -1 -1 722345 0 15 16 15 10 2 5 2 5
0 0 0 1 6 3 1 1 7 1 3 2 4 5 4 8 3 0 0 723211 0 15 16 15 12.5 2 6 2 5
0 0 0 1 6 1 1 1 7 1 3 2 4 -1 -1 -1 -1 -1 -1 724011 0 15 16 15 12.5 2 6 2 5
0 0 0 6 1 4 1 1 7 1 3 2 3 -1 -1 -1 -1 -1 -1 724911 1 15 16 15 10 2 6 2 5
0 0 0 6 1 1 1 1 7 1 3 2 3 -1 -1 -1 -1 -1 -1 725911 0 15 16 15 10 2 6 2 5
0 0 0 8 1 1 1 1 7 1 3 2 3 3 4 5 0 0 1 726844 0 15 16 15 12.5 2 8 0 5
0 0 0 6 1 1 1 1 7 1 3 2 3 -1 -1 -1 -1 -1 -1 727643 0 15 16 15 12.5 2 8 0 5
0 0 0 6 1 1 1 4 7 1 3 2 3 -1 -1 -1 -1 -1 -1 728477 1 15 16 15 11.1667 2 8 0 5
0 0 0 1 6 1 1 1 7 1 3 2 4 -1 -1 -1 -1 -1 -1 729443 0 15 16 15 10 2 8 0 5
0 0 0 1 7 1 1 1 7 1 3 2 4 4 4 5 0 1 1 730343 0 15 16 15 12.5 2 4 2 5
0 0 0 1 6 1 1 1 7 1 3 2 4 -1 -1 -1 -1 -1 -1 731143 0 15 16 15 12.5 2 4 2 5
0 0 0 1 6 1 1 4 7 1 3 2 4 -1 -1 -1 -1 -1 -1 732009 1 15 16 15 10 2 4 2 5
0 0 0 1 6 1 1 1 7 1 3 2 4 -1 -1 -1 -1 -1 -1 733009 0 15 16 15 10 2 4 2 5
0 0 0 3 6 1 1 1 7 1 3 2 4 3 4 6 1 0 0 734009 0 15 16 15 10 2 4 2 5
0 0 0 1 6 1 1 1 7 1 3 2 4 -1 -1 -1 -1 -1 -1 735008 0 15 16 15 10 2 4 2 5
0 0 0 1 6 4 1 1 7 1 3 2 4 -1 -1 -1 -1 -1 -1 736008 1 15 16 15 10 2 4 2 5
0 0 0 1 6 1 1 1 7 1 3 2 4 -1 -1 -1 -1 -1 -1 737008 0 15 16 15 10 2 4 2 5
0 0 0 3 6 1 1 1 7 1 3 2 4 3 4 7 2 0 0 738008 0 15 16 15 10 2 6 2 5
0 0 0 1 6 1 1 1 7 1 3 2 4 -1 -1 -1 -1 -1 -1 739007 0 15 16 15 10 2 6 2 5
0 0 0 1 6 1 4 1 7 1 3 2 4 -1 -1 -1 -1 -1 -1 740007 1 15 16 15 10 2 6 2 5
0 0 0 1 6 1 1 1 7 1 3 2 4 -1 -1 -1 -1 -1 -1 741007 0 15 16 15 10 2 6 2 5
0 0 0 1 6 3 1 1 7 1 3 2 4 5 4 8 3 0 0 742007 0 15 16 15 10 2 6 2 5
0 0 0 1 6 1 1 1 7 1 3 2 4 -1 -1 -1 -1 -1 -1 743006 0 15 16 15 10 2 6 2 5
0 0 0 4 6 1 1 1 7 1 3 2 4 -1 -1 -1 -1 -1 -1 744006 1 15 16 15 10 2 6 2 5
0 0 0 1 6 1 1 1 7 1 3 2 4 -1 -1 -1 -1 -1 -1 745006 0 15 16 15 10 2 6 2 5
0 0 0 3 6 1 1 1 7 1 3 2 4 3 4 8 3 0 0 746006 0 15 16 15 10 2 6 2 5
0 0 0 1 6 1 1 1 7 1 3 2 4 -1 -1 -1 -1 -1 -1 747005 0 15 16 15 10 2 6 2 5
0 0 0 1 6 1 1 4 7 1 3 2 4 -1 -1 -1 -1 -1 -1 748005 1 15 16 15 10 2 6 2 5
0 0 0 1 6 1 1 1 7 1 3 2 4 -1 -1 -1 -1 -1 -1 748872 0 15 16 15 12.5 2 6 2 5
0 0 0 1 7 1 1 1 7 1 3 2 4 4 4 7 2 1 1 749671 0 15 16 15 12.5 2 5 2 5
0 0 0 1 6 1 1 1 7 1 3 2 4 -1 -1 -1 -1 -1 -1 750371 0 15 16 16 13 2 5 2 5
0 0 0 1 6 1 4 1 7 1 3 2 4 -1 -1 -1 -1 -1 -1 751138 1 15 16 16 13 2 5 2 5
0 0 0 1 1 6 1 1 7 1 3 2 5 -1 -1 -1 -1 -1 -1 751904 0 15 16 16 13 2 5 2 5
0 0 0 1 3 1 6 1 7 1 3 2 6 4 4 5 0 0 0 752671 0 15 16 16 13 2 6 2 5
0 0 0 1 1 1 6 1 7 1 3 2 6 -1 -1 -1 -1 -1 -1 753437 0 15 16 16 13 2 6 2 5
0 0 0 1 1 4 6 1 7 1 3 2 6 -1 -1 -1 -1 -1 -1 754204 1 15 16 16 13 2 6 2 5
0 0 0 1 1 1 6 1 7 1 3 2 6 -1 -1 -1 -1 -1 -1 754970 0 15 16 16 13 2 6 2 5
0 0 0 1 1 1 7 1 7 1 3 2 6 6 4 8 3 1 1 755737 0 15 16 16 13 2 8 0 5
0 0 0 1 1 1 1 6 7 1 3 2 7 -1 -1 -1 -1 -1 -1 756503 0 15 16 16 13 2 8 0 5
0 0 0 1 1 1 4 6 7 1 3 2 7 -1 -1 -1 -1 -1 -1 757270 1 15 16 16 13 2 8 0 5
0 0 0 1 1 1 6 1 7 1 3 2 6 -1 -1 -1 -1 -1 -1 758036 0 15 16 16 13 2 8 0 5
0 0 0 1 1 8 1 1 7 1 3 2 5 5 4 5 0 0 1 758836 0 15 16 16 13 2 4 2 5
0 0 0 1 1 1 6 1 7 1 3 2 6 -1 -1 -1 -1 -1 -1 759769 0 15 16 15 10 2 4 2 5
0 0 0 4 1 1 1 6 7 1 3 2 7 -1 -1 -1 -1 -1 -1 760769 1 15 16 15 10 2 4 2 5
0 0 0 1 1 1 1 6 7 1 3 2 7 -1 -1 -1 -1 -1 -1 761602 0 15 16 15 12.5 2 4 2 5
0 0 0 1 1 1 1 7 7 1 3 2 7 7 4 5 0 1 1 762402 0 15 16 15 12.1667 2 4 2 5
0 0 0 1 1 1 1 6 7 1 3 2 7 -1 -1 -1 -1 -1 -1 763335 0 15 16 15 10 2 4 2 5
0 0 0 1 1 1 4 6 7 1 3 2 7 -1 -1 -1 -1 -1 -1 764334 1 15 16 15 10 2 4 2 5
0 0 0 1 1 1 1 6 7 1 3 2 7 -1 -1 -1 -1 -1 -1 765334 0 15 16 15 10 2 4 2 5
0 0 0 1 1 1 3 6 7 1 3 2 7 6 4 6 1 0 0 766334 0 15 16 15 10 2 6 2 5
0 0 0 1 1 1 1 6 7 1 3 2 7 -1 -1 -1 -1 -1 -1 767334 0 15 16 15 10 2 6 2 5
0 0 0 1 4 1 1 6 7 1 3 2 7 -1 -1 -1 -1 -1 -1 768334 1 15 16 15 10 2 6 2 5
0 0 0 1 1 1 1 6 7 1 3 2 7 -1 -1 -1 -1 -1 -1 769333 0 15 16 15 10 2 6 2 5
0 0 0 1 1 3 1 6 7 1 3 2 7 5 4 8 3 0 0 770266 0 15 16 15 12.5 2 6 2 5
0 0 0 1 1 1 1 6 7 1 3 2 7 -1 -1 -1 -1 -1 -1 771066 0 15 16 15 12.5 2 6 2 5
0 0 0 1 1 1 4 6 7 1 3 2 7 -1 -1 -1 -1 -1 -1 771899 1 15 16 15 10.3333 2 6 2 5
0 0 0 1 1 1 1 6 7 1 3 2 7 -1 -1 -1 -1 -1 -1 772899 0 15 16 15 10 2 6 2 5
0 0 0 1 1 1 8 1 7 1 3 2 6 6 4 6 1 0 1 773899 0 15 16 15 10 2 6 2 5
0 0 0 1 1 1 6 1 7 1 3 2 6 -1 -1 -1 -1 -1 -1 774899 0 15 16 15 10 2 6 2 5
0 0 0 1 1 4 6 1 7 1 3 2 6 -1 -1 -1 -1 -1 -1 775898 1 15 16 15 10 2 6 2 5
0 0 0 1 1 6 1 1 7 1 3 2 5 -1 -1 -1 -1 -1 -1 776898 0 15 16 15 10 2 6 2 5
0 0 0 1 8 1 1 1 7 1 3 2 4 4 4 8 3 0 1 777898 0 15 16 15 10 2 5 2 5
0 0 0 1 6 1 1 1 7 1 3 2 4 -1 -1 -1 -1 -1 -1 778898 0 15 16 15 10 2 5 2 5
0 0 0 1 6 4 1 1 7 1 3 2 4 -1 -1 -1 -1 -1 -1 779897 1 15 16 15 10 2 5 2 5
0 0 0 1 1 6 1 1 7 1 3 2 5 -1 -1 -1 -1 -1 -1 780897 0 15 16 15 10 2 5 2 5
0 0 0 1 1 1 7 1 7 1 3 2 6 6 4 8 3 1 1 781897 0 15 16 15 10 2 6 2 5
0 0 0 1 1 1 6 1 7 1 3 2 6 -1 -1 -1 -1 -1 -1 782897 0 15 16 15 10 2 6 2 5
0 0 0 4 1 1 6 1 7 1 3 2 6 -1 -1 -1 -1 -1 -1 783896 1 15 16 15 10 2 6 2 5
0 0 0 1 1 1 6 1 7 1 3 2 6 -1 -1 -1 -1 -1 -1 784896 0 15 16 15 10 2 6 2 5
0 0 0 1 1 1 6 3 7 1 3 2 6 7 4 5 0 0 0 785896 0 15 16 15 10 2 8 0 5
0 0 0 1 1 1 6 1 7 1 3 2 6 -1 -1 -1 -1 -1 -1 786896 0 15 16 15 10 2 8 0 5
0 0 0 4 1 1 6 1 7 1 3 2 6 -1 -1 -1 -1 -1 -1 787895 1 15 16 15 10 2 8 0 5
0 0 0 1 1 1 6 1 7 1 3 2 6 -1 -1 -1 -1 -1 -1 788895 0 15 16 15 10 2 8 0 5
0 0 0 1 1 1 6 3 7 1 3 2 6 7 4 6 1 0 0 789895 0 15 16 15 10 2 4 2 5
0 0 0 1 1 1 6 1 7 1 3 2 6 -1 -1 -1 -1 -1 -1 790895 0 15 16 15 10 2 4 2 5
0 0 0 1 4 1 6 1 7 1 3 2 6 -1 -1 -1 -1 -1 -1 791894 1 15 16 15 10 2 4 2 5
0 0 0 1 1 1 6 1 7 1 3 2 6 -1 -1 -1 -1 -1 -1 792894 0 15 16 15 10 2 4 2 5
0 0 0 1 1 3 6 1 7 1 3 2 6 5 4 6 1 0 0 793894 0 15 16 15 10 2 4 2 5
0 0 0 1 1 1 6 1 7 1 3 2 6 -1 -1 -1 -1 -1 -1 794894 0 15 16 15 10 2 4 2 5
0 0 0 1 4 1 6 1 7 1 3 2 6 -1 -1 -1 -1 -1 -1 795893 1 15 16 15 10 2 4 2 5
0 0 0 1 1 1 6 1 7 1 3 2 6 -1 -1 -1 -1 -1 -1 796893 0 15 16 15 10 2 4 2 5
0 0 0 1 1 1 7 1 7 1 3 2 6 6 4 5 0 1 1 797893 0 15 16 15 10 2 6 2 5
0 0 0 1 1 1 6 1 7 1 3 2 6 -1 -1 -1 -1 -1 -1 798693 0 15 16 16 13 2 6 2 5
0 0 0 1 1 1 6 4 7 1 3 2 6 -1 -1 -1 -1 -1 -1 799459 1 15 16 16 13 2 6 2 5
0 0 0 1 1 6 1 1 7 1 3 2 5 -1 -1 -1 -1 -1 -1 679722 0 15 16 16 60 2 8 0 5
0 0 0 1 1 6 1 1 7 1 3 2 5 -1 -1 -1 -1 -1 -1 679888 0 15 16 16 60 2 8 0 5
0 0 0 1 1 6 1 1 7 1 3 2 5 -1 -1 -1 -1 -1 -1 680055 0 15 16 16 60 2 4 2 5
0 0 0 1 1 6 1 1 7 1 3 2 5 -1 -1 -1 -1 -1 -1 680222 0 15 16 16 50.6 2 4 2 5
0 0 0 1 1 6 1 1 7 1 3 2 5 -1 -1 -1 -1 -1 -1 680488 0 15 16 16 25.5333 2 4 2 5
0 0 0 1 1 6 1 1 7 1 3 2 5 -1 -1 -1 -1 -1 -1 681221 0 15 16 16 13 2 4 2 5
0 0 0 1 1 6 1 1 7 1 3 2 5 -1 -1 -1 -1 -1 -1 681988 0 15 16 16 13 2 4 2 5
0 0 0 1 1 6 1 1 7 1 3 2 5 -1 -1 -1 -1 -1 -1 682754 0 15 16 16 13 2 4 2 5
0 0 0 1 1 6 1 1 7 1 3 2 5 -1 -1 -1 -1 -1 -1 683521 0 15 16 16 13 2 4 2 5
0 0 0 1 1 6 1 1 7 1 3 2 5 -1 -1 -1 -1 -1 -1 684287 0 15 16 16 13 2 4 2 5
0 0 0 3 1 6 1 1 7 1 3 2 5 3 4 7 2 0 0 685054 0 15 16 16 13 2 6 2 5
0 0 0 1 1 6 1 1 7 1 3 2 5 -1 -1 -1 -1 -1 -1 685820 0 15 16 16 13 2 6 2 5
0 0 0 1 6 1 1 4 7 1 3 2 4 -1 -1 -1 -1 -1 -1 686587 1 15 16 16 13 2 6 2 5
0 0 0 1 6 1 1 1 7 1 3 2 4 -1 -1 -1 -1 -1 -1 687353 0 15 16 16 13 2 6 2 5
0 0 0 1 6 3 1 1 7 1 3 2 4 5 4 8 3 0 0 688120 0 15 16 16 13 2 6 2 5
0 0 0 1 6 1 1 1 7 1 3 2 4 -1 -1 -1 -1 -1 -1 688920 0 15 16 16 13 2 6 2 5
0 0 0 1 6 1 1 4 7 1 3 2 4 -1 -1 -1 -1 -1 -1 689686 1 15 16 16 13 2 6 2 5
0 0 0 1 6 1 1 1 7 1 3 2 4 -1 -1 -1 -1 -1 -1 690453 0 15 16 16 13 2 6 2 5
0 0 0 3 1 6 1 1 7 1 3 2 5 3 4 5 0 0 0 691219 0 15 16 16 13 2 6 2 5
0 0 0 1 1 6 1 1 7 1 3 2 5 -1 -1 -1 -1 -1 -1 691985 0 15 16 16 13 2 6 2 5
0 0 0 1 6 1 4 1 7 1 3 2 4 -1 -1 -1 -1 -1 -1 692752 1 15 16 16 13 2 6 2 5
0 0 0 1 6 1 1 1 7 1 3 2 4 -1 -1 -1 -1 -1 -1 693518 0 15 16 16 13 2 6 2 5
0 0 0 1 6 3 1 1 7 1 3 2 4 5 4 6 1 0 0 694285 0 15 16 16 13 2 5 2 5
0 0 0 1 6 1 1 1 7 1 3 2 4 -1 -1 -1 -1 -1 -1 695051 0 15 16 16 13 2 5 2 5
0 0 0 1 1 1 6 4 7 1 3 2 6 -1 -1 -1 -1 -1 -1 695818 1 15 16 16 13 2 5 2 5
0 0 0 1 1 1 1 6 7 1 3 2 7 -1 -1 -1 -1 -1 -1 696584 0 15 16 16 13 2 5 2 5
0 0 0 1 1 1 1 7 7 1 3 2 7 7 4 8 3 1 1 697351 0 15 16 16 13 2 6 2 5
0 0 0 1 1 1 1 6 7 1 3 2 7 -1 -1 -1 -1 -1 -1 698117 0 15 16 16 13 2 6 2 5
0 0 0 4 1 1 6 1 7 1 3 2 6 -1 -1 -1 -1 -1 -1 698917 1 15 16 16 13 2 6 2 5
0 0 0 1 1 1 6 1 7 1 3 2 6 -1 -1 -1 -1 -1 -1 699684 0 15 16 16 13 2 6 2 5
0 0 0 1 1 3 6 1 7 1 3 2 6 5 4 6 1 0 0 700450 0 15 16 16 13 2 8 0 5
0 0 0 1 1 1 6 1 7 1 3 2 6 -1 -1 -1 -1 -1 -1 701217 0 15 16 16 13 2 8 0 5
0 0 0 1 4 1 6 1 7 1 3 2 6 -1 -1 -1 -1 -1 -1 701983 1 15 16 16 13 2 8 0 5
0 0 0 1 1 1 6 1 7 1 3 2 6 -1 -1 -1 -1 -1 -1 702750 0 15 16 16 13 2 8 0 5
0 0 0 1 1 1 7 1 7 1 3 2 6 6 4 6 1 1 1 703516 0 15 16 16 13 2 4 2 5
0 0 0 1 1 1 6 1 7 1 3 2 6 -1 -1 -1 -1 -1 -1 704282 0 15 16 16 13 2 4 2 5
0 0 0 1 1 4 6 1 7 1 3 2 6 -1 -1 -1 -1 -1 -1 705049 1 15 16 16 13 2 4 2 5
0 0 0 1 1 1 6 1 7 1 3 2 6 -1 -1 -1 -1 -1 -1 705815 0 15 16 16 13 2 4 2 5
0 0 0 1 1 1 3 6 7 1 3 2 7 6 4 5 0 0 0 706582 0 15 16 16 13 2 4 2 5
0 0 0 1 1 1 1 6 7 1 3 2 7 -1 -1 -1 -1 -1 -1 707348 0 15 16 16 13 2 4 2 5
0 0 0 1 1 4 6 1 7 1 3 2 6 -1 -1 -1 -1 -1 -1 708115 1 15 16 16 13 2 4 2 5
0 0 0 1 1 6 1 1 7 1 3 2 5 -1 -1 -1 -1 -1 -1 708881 0 15 16 16 13 2 4 2 5
0 0 0 1 7 1 1 1 7 1 3 2 4 4 4 6 1 1 1 709648 0 15 16 16 13 2 6 2 5
0 0 0 1 1 6 1 1 7 1 3 2 5 -1 -1 -1 -1 -1 -1 710448 0 15 16 16 13 2 6 2 5
0 0 0 1 4 6 1 1 7 1 3 2 5 -1 -1 -1 -1 -1 -1 711214 1 15 16 16 13 2 6 2 5
0 0 0 1 1 6 1 1 7 1 3 2 5 -1 -1 -1 -1 -1 -1 711981 0 15 16 16 13 2 6 2 5
0 0 0 3 1 1 6 1 7 1 3 2 6 3 4 7 2 0 0 712747 0 15 16 16 13 2 6 2 5
0 0 0 1 1 1 6 1 7 1 3 2 6 -1 -1 -1 -1 -1 -1 713514 0 15 16 16 13 2 6 2 5
0 0 0 1 1 4 6 1 7 1 3 2 6 -1 -1 -1 -1 -1 -1 714280 1 15 16 16 13 2 6 2 5
0 0 0 1 1 6 1 1 7 1 3 2 5 -1 -1 -1 -1 -1 -1 715047 0 15 16 16 13 2 6 2 5
0 0 0 1 8 1 1 1 7 1 3 2 4 4 4 8 3 0 1 715813 0 15 16 16 13 2 6 2 5
0 0 0 1 6 1 1 1 7 1 3 2 4 -1 -1 -1 -1 -1 -1 716779 0 15 16 15 10 2 6 2 5
0 0 0 1 6 1 1 4 7 1 3 2 4 -1 -1 -1 -1 -1 -1 717779 1 15 16 15 10 2 6 2 5
0 0 0 1 6 1 1 1 7 1 3 2 4 -1 -1 -1 -1 -1 -1 718746 0 15 16 15 12.5 2 6 2 5
0 0 0 3 6 1 1 1 7 1 3 2 4 3 4 5 0 0 0 719545 0 15 16 15 12.5 2 5 2 5
0 0 0 1 6 1 1 1 7 1 3 2 4 -1 -1 -1 -1 -1 -1 720379 0 15 16 15 11.5 2 5 2 5
0 0 0 1 6 1 4 1 7 1 3 2 4 -1 -1 -1 -1 -1 -1 721345 1 15 16 15 10 2 5 2 5
0 0 0 1 6 1 1 1 7 1 3 2 4 -1 -1 -1 -1 -1 -1 722345 0 15 16 15 10 2 5 2 5
0 0 0 1 6 3 1 1 7 1 3 2 4 5 4 8 3 0 0 723211 0 15 16 15 12.5 2 6 2 5
0 0 0 1 6 1 1 1 7 1 3 2 4 -1 -1 -1 -1 -1 -1 724011 0 15 16 15 12.5 2 6 2 5
0 0 0 6 1 4 1 1 7 1 3 2 3 -1 -1 -1 -1 -1 -1 724911 1 15 16 15 10 2 6 2 5
0 0 0 6 1 1 1 1 7 1 3 2 3 -1 -1 -1 -1 -1 -1 725911 0 15 16 15 10 2 6 2 5
0 0 0 8 1 1 1 1 7 1 3 2 3 3 4 5 0 0 1 726844 0 15 16 15 12.5 2 8 0 5
0 0 0 6 1 1 1 1 7 1 3 2 3 -1 -1 -1 -1 -1 -1 727643 0 15 16 15 12.5 2 8 0 5
0 0 0 6 1 1 1 4 7 1 3 2 3 -1 -1 -1 -1 -1 -1 728477 1 15 16 15 11.1667 2 8 0 5
0 0 0 1 6 1 1 1 7 1 3 2 4 -1 -1 -1 -1 -1 -1 729443 0 15 16 15 10 2 8 0 5
0 0 0 1 7 1 1 1 7 1 3 2 4 4 4 5 0 1 1 730343 0 15 16 15 12.5 2 4 2 5
0 0 0 1 6 1 1 1 7 1 3 2 4 -1 -1 -1 -1 -1 -1 731143 0 15 16 15 12.5 2 4 2 5
0 0 0 1 6 1 1 4 7 1 3 2 4 -1 -1 -1 -1 -1 -1 732009 1 15 16 15 10 2 4 2 5
0 0 0 1 6 1 1 1 7 1 3 2 4 -1 -1 -1 -1 -1 -1 733009 0 15 16 15 10 2 4 2 5
0 0 0 3 6 1 1 1 7 1 3 2 4 3 4 6 1 0 0 734009 0 15 16 15 10 2 4 2 5
0 0 0 1 6 1 1 1 7 1 3 2 4 -1 -1 -1 -1 -1 -1 735008 0 15 16 15 10 2 4 2 5
0 0 0 1 6 4 1 1 7 1 3 2 4 -1 -1 -1 -1 -1 -1 736008 1 15 16 15 10 2 4 2 5
0 0 0 1 6 1 1 1 7 1 3 2 4 -1 -1 -1 -1 -1 -1 737008 0 15 16 15 10 2 4 2 5
0 0 0 3 6 1 1 1 7 1 3 2 4 3 4 7 2 0 0 738008 0 15 16 15 10 2 6 2 5
0 0 0 1 6 1 1 1 7 1 3 2 4 -1 -1 -1 -1 -1 -1 739007 0 15 16 15 10 2 6 2 5
0 0 0 1 6 1 4 1 7 1 3 2 4 -1 -1 -1 -1 -1 -1 740007 1 15 16 15 10 2 6 2 5
0 0 0 1 6 1 1 1 7 1 3 2 4 -1 -1 -1 -1 -1 -1 741007 0 15 16 15 10 2 6 2 5
0 0 0 1 6 3 1 1 7 1 3 2 4 5 4 8 3 0 0 742007 0 15 16 15 10 2 6 2 5
0 0 0 1 6 1 1 1 7 1 3 2 4 -1 -1 -1 -1 -1 -1 743006 0 15 16 15 10 2 6 2 5
0 0 0 4 6 1 1 1 7 1 3 2 4 -1 -1 -1 -1 -1 -1 744006 1 15 16 15 10 2 6 2 5
0 0 0 1 6 1 1 1 7 1 3 2 4 -1 -1 -1 -1 -1 -1 745006 0 15 16 15 10 2 6 2 5
0 0 0 3 6 1 1 1 7 1 3 2 4 3 4 8 3 0 0 746006 0 15 16 15 10 2 6 2 5
0 0 0 1 6 1 1 1 7 1 3 2 4 -1 -1 -1 -1 -1 -1 747005 0 15 16 15 10 2 6 2 5
0 0 0 1 6 1 1 4 7 1 3 2 4 -1 -1 -1 -1 -1 -1 748005 1 15 16 15 10 2 6 2 5
0 0 0 1 6 1 1 1 7 1 3 2 4 -1 -1 -1 -1 -1 -1 748872 0 15 16 15 12.5 2 6 2 5
0 0 0 1 7 1 1 1 7 1 3 2 4 4 4 7 2 1 1 749671 0 15 16 15 12.5 2 5 2 5
0 0 0 1 6 1 1 1 7 1 3 2 4 -1 -1 -1 -1 -1 -1 750371 0 15 16 16 13 2 5 2 5
0 0 0 1 6 1 4 1 7 1 3 2 4 -1 -1 -1 -1 -1 -1 751138 1 15 16 16 13 2 5 2 5
0 0 0 1 1 6 1 1 7 1 3 2 5 -1 -1 -1 -1 -1 -1 751904 0 15 16 16 13 2 5 2 5
0 0 0 1 3 1 6 1 7 1 3 2 6 4 4 5 0 0 0 752671 0 15 16 16 13 2 6 2 5
0 0 0 1 1 1 6 1 7 1 3 2 6 -1 -1 -1 -1 -1 -1 753437 0 15 16 16 13 2 6 2 5
0 0 0 1 1 4 6 1 7 1 3 2 6 -1 -1 -1 -1 -1 -1 754204 1 15 16 16 13 2 6 2 5
0 0 0 1 1 1 6 1 7 1 3 2 6 -1 -1 -1 -1 -1 -1 754970 0 15 16 16 13 2 6 2 5
0 0 0 1 1 1 7 1 7 1 3 2 6 6 4 8 3 1 1 755737 0 15 16 16 13 2 8 0 5
0 0 0 1 1 1 1 6 7 1 3 2 7 -1 -1 -1 -1 -1 -1 756503 0 15 16 16 13 2 8 0 5
0 0 0 1 1 1 4 6 7 1 3 2 7 -1 -1 -1 -1 -1 -1 757270 1 15 16 16 13 2 8 0 5
0 0 0 1 1 1 6 1 7 1 3 2 6 -1 -1 -1 -1 -1 -1 758036 0 15 16 16 13 2 8 0 5
0 0 0 1 1 8 1 1 7 1 3 2 5 5 4 5 0 0 1 758836 0 15 16 16 13 2 4 2 5
0 0 0 1 1 1 6 1 7 1 3 2 6 -1 -1 -1 -1 -1 -1 759769 0 15 16 15 10 2 4 2 5
0 0 0 4 1 1 1 6 7 1 3 2 7 -1 -1 -1 -1 -1 -1 760769 1 15 16 15 10 2 4 2 5
0 0 0 1 1 1 1 6 7 1 3 2 7 -1 -1 -1 -1 -1 -1 761602 0 15 16 15 12.5 2 4 2 5
0 0 0 1 1 1 1 7 7 1 3 2 7 7 4 5 0 1 1 762402 0 15 16 15 12.1667 2 4 2 5
0 0 0 1 1 1 1 6 7 1 3 2 7 -1 -1 -1 -1 -1 -1 763335 0 15 16 15 10 2 4 2 5
0 0 0 1 1 1 4 6 7 1 3 2 7 -1 -1 -1 -1 -1 -1 764334 1 15 16 15 10 2 4 2 5
0 0 0 1 1 1 1 6 7 1 3 2 7 -1 -1 -1 -1 -1 -1 765334 0 15 16 15 10 2 4 2 5
0 0 0 1 1 1 3 6 7 1 3 2 7 6 4 6 1 0 0 766334 0 15 16 15 10 2 6 2 5
0 0 0 1 1 1 1 6 7 1 3 2 7 -1 -1 -1 -1 -1 -1 767334 0 15 16 15 10 2 6 2 5
0 0 0 1 4 1 1 6 7 1 3 2 7 -1 -1 -1 -1 -1 -1 768334 1 15 16 15 10 2 6 2 5
0 0 0 1 1 1 1 6 7 1 3 2 7 -1 -1 -1 -1 -1 -1 769333 0 15 16 15 10 2 6 2 5
0 0 0 1 1 3 1 6 7 1 3 2 7 5 4 8 3 0 0 770266 0 15 16 15 12.5 2 6 2 5
0 0 0 1 1 1 1 6 7 1 3 2 7 -1 -1 -1 -1 -1 -1 771066 0 15 16 15 12.5 2 6 2 5
0 0 0 1 1 1 4 6 7 1 3 2 7 -1 -1 -1 -1 -1 -1 771899 1 15 16 15 10.3333 2 6 2 5
0 0 0 1 1 1 1 6 7 1 3 2 7 -1 -1 -1 -1 -1 -1 772899 0 15 16 15 10 2 6 2 5
0 0 0 1 1 1 8 1 7 1 3 2 6 6 4 6 1 0 1 773899 0 15 16 15 10 2 6 2 5
0 0 0 1 1 1 6 1 7 1 3 2 6 -1 -1 -1 -1 -1 -1 774899 0 15 16 15 10 2 6 2 5
0 0 0 1 1 4 6 1 7 1 3 2 6 -1 -1 -1 -1 -1 -1 775898 1 15 16 15 10 2 6 2 5
0 0 0 1 1 6 1 1 7 1 3 2 5 -1 -1 -1 -1 -1 -1 776898 0 15 16 15 10 2 6 2 5
0 0 0 1 8 1 1 1 7 1 3 2 4 4 4 8 3 0 1 777898 0 15 16 15 10 2 5 2 5
0 0 0 1 6 1 1 1 7 1 3 2 4 -1 -1 -1 -1 -1 -1 778898 0 15 16 15 10 2 5 2 5
0 0 0 1 6 4 1 1 7 1 3 2 4 -1 -1 -1 -1 -1 -1 779897 1 15 16 15 10 2 5 2 5
0 0 0 1 1 6 1 1 7 1 3 2 5 -1 -1 -1 -1 -1 -1 780897 0 15 16 15 10 2 5 2 5
0 0 0 1 1 1 7 1 7 1 3 2 6 6 4 8 3 1 1 781897 0 15 16 15 10 2 6 2 5
0 0 0 1 1 1 6 1 7 1 3 2 6 -1 -1 -1 -1 -1 -1 782897 0 15 16 15 10 2 6 2 5
0 0 0 4 1 1 6 1 7 1 3 2 6 -1 -1 -1 -1 -1 -1 783896 1 15 16 15 10 2 6 2 5
0 0 0 1 1 1 6 1 7 1 3 2 6 -1 -1 -1 -1 -1 -1 784896 0 15 16 15 10 2 6 2 5
0 0 0 1 1 1 6 3 7 1 3 2 6 7 4 5 0 0 0 785896 0 15 16 15 10 2 8 0 5
0 0 0 1 1 1 6 1 7 1 3 2 6 -1 -1 -1 -1 -1 -1 786896 0 15 16 15 10 2 8 0 5
0 0 0 4 1 1 6 1 7 1 3 2 6 -1 -1 -1 -1 -1 -1 787895 1 15 16 15 10 2 8 0 5
0 0 0 1 1 1 6 1 7 1 3 2 6 -1 -1 -1 -1 -1 -1 788895 0 15 16 15 10 2 8 0 5
0 0 0 1 1 1 6 3 7 1 3 2 6 7 4 6 1 0 0 789895 0 15 16 15 10 2 4 2 5
0 0 0 1 1 1 6 1 7 1 3 2 6 -1 -1 -1 -1 -1 -1 790895 0 15 16 15 10 2 4 2 5
0 0 0 1 4 1 6 1 7 1 3 2 6 -1 -1 -1 -1 -1 -1 791894 1 15 16 15 10 2 4 2 5
0 0 0 1 1 1 6 1 7 1 3 2 6 -1 -1 -1 -1 -1 -1 792894 0 15 16 15 10 2 4 2 5
0 0 0 1 1 3 6 1 7 1 3 2 6 5 4 6 1 0 0 793894 0 15 16 15 10 2 4 2 5
0 0 0 1 1 1 6 1 7 1 3 2 6 -1 -1 -1 -1 -1 -1 794894 0 15 16 15 10 2 4 2 5
0 0 0 1 4 1 6 1 7 1 3 2 6 -1 -1 -1 -1 -1 -1 795893 1 15 16 15 10 2 4 2 5
0 0 0 1 1 1 6 1 7 1 3 2 6 -1 -1 -1 -1 -1 -1 796893 0 15 16 15 10 2 4 2 5
0 0 0 1 1 1 7 1 7 1 3 2 6 6 4 5 0 1 1 797893 0 15 16 15 10 2 6 2 5
0 0 0 1 1 1 6 1 7 1 3 2 6 -1 -1 -1 -1 -1 -1 798693 0 15 16 16 13 2 6 2 5
0 0 0 1 1 1 6 4 7 1 3 2 6 -1 -1 -1 -1 -1 -1 799459 1 15 16 16 13 2 6 2 5
