% Tunnel Log: 
% debug seed: 1462992464
%
% SegEncNW { '0'=no panel, '1'=panel, '4'=obstacle, '5'=collided obstacle, '6'=player, '7'=player right, '8'=player wrong, '2'=target, '3'=fake }
% SegEncN
% SegEncNE
% SegEncE
% SegEncSE
% SegEncS
% SegEncSW
% SegEncW
% Event Number { 0, inf }
% Task Type { 0=Color/Sound, 1=Shape/Sound, 2=Sound, 3=Navigation, 4=Speed, 5=Training 6=Recess, 7=Special 2-Back }
% N-Back { 0, inf }
% Navigation Level { 0, inf }
% Player Loc { 0=Northwest ... 7=West }
% Pod Loc { -1=N/A, 0=Northwest ... 7=West }
% Pod Color { -1, inf }
% Pod Shape { -1, inf }
% Pod Sound { -1, inf }
% Pod Match { -1=N/A, 0=No, 1=Yes }
% Pod Taken { -1=N/A, 0=No, 1=Yes }
% Timestamp (ms)
% Num Obstacles { 0, inf }
% Min Speed { 0, inf }
% Max Speed { 0, inf }
% Base Speed { 0, inf }
% Final Speed { 0, inf }
% Navigation Score { 0, inf }
% Segment Direction { 0=Northwest ... 7=West }
% Segment Angle { 0, inf }
% Segment Panels { 0, inf }
%
% SegEncNW SecEncN SegEncNE SegEncE SegEncSE SegEncS SegEncSW SegEncW EventNumber TaskType N-Back Navigation PlayerLoc PodLoc PodColor PodShape PodSound PodMatch PodTaken Timestamp NumObs MinSpeed MaxSpeed BaseSpeed FinalSpeed NavScore SegmentDir SegmentAngle SegmentPanels
0 0 0 0 1 6 1 0 0 3 1 0 5 -1 -1 -1 -1 -1 -1 12666 0 15 40 15 60 2 8 0 3
0 0 0 0 1 6 1 0 0 3 1 0 5 -1 -1 -1 -1 -1 -1 12766 0 15 40 15 60 2 8 0 3
0 0 0 0 1 6 1 0 0 3 1 0 5 -1 -1 -1 -1 -1 -1 12933 0 15 40 15 60 2 8 0 3
0 0 0 0 1 6 1 0 0 3 1 0 5 -1 -1 -1 -1 -1 -1 13100 0 15 40 15 60 2 5 2 3
0 0 0 0 1 6 1 0 0 3 1 0 5 -1 -1 -1 -1 -1 -1 13266 0 15 40 15 50 2 5 2 3
0 0 0 0 1 6 1 0 0 3 1 0 5 -1 -1 -1 -1 -1 -1 13566 0 15 40 15 20 2 5 2 3
0 0 0 0 1 6 1 0 0 3 1 0 5 -1 -1 -1 -1 -1 -1 14500 0 15 40 15 10 2 5 2 3
0 0 0 0 1 6 1 0 0 3 1 0 5 -1 -1 -1 -1 -1 -1 15500 0 15 40 15 10 2 5 2 3
0 0 0 0 6 1 1 0 0 3 1 0 4 -1 -1 -1 -1 -1 -1 16500 0 15 40 15 10 2 5 2 3
0 0 0 0 6 1 1 0 0 3 1 0 4 -1 -1 -1 -1 -1 -1 17500 0 15 40 15 10 2 5 2 3
0 0 0 0 6 1 1 0 0 3 1 0 4 -1 -1 -1 -1 -1 -1 18500 0 15 40 15 10 2 5 2 3
0 0 0 0 7 1 1 0 0 3 1 0 4 4 5 4 4 1 1 19500 0 15 40 15 10 2 5 2 3
0 0 0 0 1 1 6 0 0 3 1 0 6 -1 -1 -1 -1 -1 -1 20500 0 15 40 15 10 2 5 2 3
0 0 0 0 1 1 6 0 0 3 1 0 6 -1 -1 -1 -1 -1 -1 21433 0 15 40 15 12.5 2 5 2 3
0 0 0 0 1 1 6 0 0 3 1 0 6 -1 -1 -1 -1 -1 -1 22233 0 15 40 15 12.5 2 5 2 3
0 0 0 0 1 1 7 0 0 3 1 0 6 6 5 4 4 1 1 23066 0 15 40 15 10.5 2 4 2 3
0 0 0 0 1 1 6 0 0 3 1 0 6 -1 -1 -1 -1 -1 -1 23866 0 15 40 16 13 2 4 2 3
0 0 0 0 1 1 6 0 0 3 1 0 6 -1 -1 -1 -1 -1 -1 24633 0 15 40 16 13 2 4 2 3
0 0 0 0 1 1 6 0 0 3 1 0 6 -1 -1 -1 -1 -1 -1 25399 0 15 40 16 13 2 4 2 3
0 0 0 0 1 1 7 0 0 3 1 0 6 6 5 4 4 1 1 26166 0 15 40 16 13 2 5 2 3
0 0 0 0 1 1 6 0 0 3 1 0 6 -1 -1 -1 -1 -1 -1 26966 0 15 40 16 13 2 5 2 3
0 0 0 0 1 1 6 0 0 3 1 0 6 -1 -1 -1 -1 -1 -1 27733 0 15 40 16 13 2 5 2 3
0 0 0 0 1 1 6 0 0 3 1 0 6 -1 -1 -1 -1 -1 -1 28499 0 15 40 16 13 2 5 2 3
0 0 0 1 1 1 7 1 0 3 1 0 6 6 5 4 4 1 1 29266 0 15 40 16 13 2 5 2 5
0 0 0 1 1 1 6 1 0 3 1 1 6 -1 -1 -1 -1 -1 -1 29899 0 15 40 17 16 2 5 2 5
0 0 0 1 1 6 1 1 0 3 1 1 5 -1 -1 -1 -1 -1 -1 30533 0 15 40 17 16 2 5 2 5
0 0 0 1 1 6 1 1 0 3 1 1 5 -1 -1 -1 -1 -1 -1 31033 0 15 40 17 20 2 5 2 5
0 0 0 1 1 7 1 1 0 3 1 1 5 5 5 4 4 1 1 31533 0 15 40 17 20 2 4 2 5
0 0 0 1 1 6 1 1 0 3 1 1 5 -1 -1 -1 -1 -1 -1 32033 0 15 40 17 20 2 4 2 5
0 0 0 1 1 6 1 1 0 3 1 1 5 -1 -1 -1 -1 -1 -1 32599 0 15 40 17 16.2667 2 4 2 5
0 0 0 1 1 1 6 1 0 3 1 1 6 -1 -1 -1 -1 -1 -1 33199 0 15 40 17 16 2 4 2 5
0 0 0 1 1 1 7 1 0 3 1 1 6 6 5 4 4 1 1 33733 0 15 40 17 20 2 8 0 5
0 0 0 1 1 1 6 1 0 3 1 1 6 -1 -1 -1 -1 -1 -1 34166 0 15 40 18 23.75 2 8 0 5
0 0 0 1 1 6 1 1 0 3 1 1 5 -1 -1 -1 -1 -1 -1 34599 0 15 40 18 23.75 2 8 0 5
0 0 0 1 1 6 1 1 0 3 1 1 5 -1 -1 -1 -1 -1 -1 35033 0 15 40 18 22.4833 2 8 0 5
0 0 0 8 2 1 1 1 0 3 1 1 3 4 5 4 4 1 0 35499 0 15 40 18 19 2 5 2 5
0 0 0 1 6 1 1 1 0 3 1 1 4 -1 -1 -1 -1 -1 -1 36133 0 15 40 17 16 2 5 2 5
0 0 0 1 6 1 1 1 0 3 1 1 4 -1 -1 -1 -1 -1 -1 36766 0 15 40 17 16 2 5 2 5
0 0 0 1 6 1 1 1 0 3 1 1 4 -1 -1 -1 -1 -1 -1 37366 0 15 40 17 16 2 5 2 5
0 0 0 1 7 1 1 1 0 3 1 1 4 4 5 4 4 1 1 37999 0 15 40 17 16 2 5 2 5
0 0 0 1 1 6 1 1 0 3 1 1 5 -1 -1 -1 -1 -1 -1 38633 0 15 40 17 16 2 5 2 5
0 0 0 1 1 6 1 1 0 3 1 1 5 -1 -1 -1 -1 -1 -1 39266 0 15 40 17 16 2 5 2 5
0 0 0 1 1 6 1 1 0 3 1 1 5 -1 -1 -1 -1 -1 -1 39866 0 15 40 17 16 2 5 2 5
0 0 0 1 1 7 1 1 0 3 1 1 5 5 5 4 4 1 1 40499 0 15 40 17 16 2 5 2 5
0 0 0 1 1 6 1 1 0 3 1 1 5 -1 -1 -1 -1 -1 -1 41033 0 15 40 18 19 2 5 2 5
0 0 0 1 1 6 1 1 0 3 1 1 5 -1 -1 -1 -1 -1 -1 41566 0 15 40 18 19 2 5 2 5
0 0 0 1 1 6 1 1 0 3 1 1 5 -1 -1 -1 -1 -1 -1 42099 0 15 40 18 19 2 5 2 5
0 0 0 1 1 7 1 1 0 3 1 1 5 5 5 4 4 1 1 42633 0 15 40 18 19 2 4 2 5
0 0 0 1 6 1 1 1 0 3 1 2 4 -1 -1 -1 -1 -1 -1 43133 0 15 40 18 19 2 4 2 5
0 0 0 6 1 1 1 1 0 3 1 2 3 -1 -1 -1 -1 -1 -1 43666 0 15 40 18 19 2 4 2 5
0 0 0 6 1 1 1 1 0 3 1 2 3 -1 -1 -1 -1 -1 -1 44199 0 15 40 18 19 2 4 2 5
0 0 0 7 1 1 1 1 0 3 1 2 3 3 5 4 4 1 1 44732 0 15 40 18 19 2 5 2 5
0 0 0 6 1 1 1 1 0 3 1 2 3 -1 -1 -1 -1 -1 -1 45199 0 15 40 19 21 2 5 2 5
0 0 0 1 1 6 1 4 0 3 1 2 5 -1 -1 -1 -1 -1 -1 45699 1 15 40 19 21 2 5 2 5
0 0 0 1 1 6 1 1 0 3 1 2 5 -1 -1 -1 -1 -1 -1 46166 0 15 40 19 21 2 5 2 5
0 0 0 1 1 7 1 1 0 3 1 2 5 5 5 4 4 1 1 46632 0 15 40 19 21 2 5 2 5
0 0 0 1 1 6 1 1 0 3 1 2 5 -1 -1 -1 -1 -1 -1 47099 0 15 40 19 21 2 5 2 5
0 0 0 4 1 6 1 1 0 3 1 2 5 -1 -1 -1 -1 -1 -1 47599 1 15 40 19 21 2 5 2 5
0 0 0 6 1 1 1 1 0 3 1 2 3 -1 -1 -1 -1 -1 -1 48066 0 15 40 19 21 2 5 2 5
0 0 0 7 1 1 1 1 0 3 1 2 3 3 5 4 4 1 1 48532 0 15 40 19 21 2 4 2 5
0 0 0 6 1 1 1 1 0 3 1 2 3 -1 -1 -1 -1 -1 -1 48999 0 15 40 20 22 2 4 2 5
0 0 0 6 4 1 1 1 0 3 1 2 3 -1 -1 -1 -1 -1 -1 49466 1 15 40 20 22 2 4 2 5
0 0 0 1 6 1 1 1 0 3 1 2 4 -1 -1 -1 -1 -1 -1 49899 0 15 40 20 22 2 4 2 5
0 0 0 1 7 1 1 1 0 3 1 2 4 4 5 4 4 1 1 50366 0 15 40 20 22 2 8 0 5
0 0 0 1 1 6 1 1 0 3 1 2 5 -1 -1 -1 -1 -1 -1 50832 0 15 40 20 22 2 8 0 5
0 0 0 1 4 6 1 1 0 3 1 2 5 -1 -1 -1 -1 -1 -1 51266 1 15 40 20 22 2 8 0 5
0 0 0 1 1 6 1 1 0 3 1 2 5 -1 -1 -1 -1 -1 -1 51732 0 15 40 20 22 2 8 0 5
0 0 0 1 1 7 1 1 0 3 1 2 5 5 5 4 4 1 1 52166 0 15 40 20 22 2 5 2 5
0 0 0 1 1 6 1 1 0 3 1 2 5 -1 -1 -1 -1 -1 -1 52632 0 15 40 21 23 2 5 2 5
0 0 0 1 1 6 1 4 0 3 1 2 5 -1 -1 -1 -1 -1 -1 53066 1 15 40 21 23 2 5 2 5
0 0 0 1 1 6 1 1 0 3 1 2 5 -1 -1 -1 -1 -1 -1 53499 0 15 40 21 23 2 5 2 5
0 0 0 1 1 7 1 1 0 3 1 2 5 5 5 4 4 1 1 53932 0 15 40 21 23 2 5 2 5
0 0 0 1 1 6 1 1 0 3 1 2 5 -1 -1 -1 -1 -1 -1 54366 0 15 40 21 23 2 5 2 5
0 0 0 4 1 1 1 6 0 3 1 2 7 -1 -1 -1 -1 -1 -1 54799 1 15 40 21 23 2 5 2 5
0 0 0 1 1 1 1 6 0 3 1 2 7 -1 -1 -1 -1 -1 -1 55232 0 15 40 21 23 2 5 2 5
0 0 0 1 1 1 1 7 0 3 1 2 7 7 5 4 4 1 1 55666 0 15 40 21 23 2 5 2 5
0 0 0 1 1 1 1 6 0 3 1 2 7 -1 -1 -1 -1 -1 -1 56066 0 15 40 22 24 2 5 2 5
0 0 0 4 1 6 1 1 0 3 1 2 5 -1 -1 -1 -1 -1 -1 56499 1 15 40 22 24 2 5 2 5
0 0 0 1 1 6 1 1 0 3 1 2 5 -1 -1 -1 -1 -1 -1 56899 0 15 40 22 24 2 5 2 5
0 0 0 1 1 7 1 1 0 3 1 2 5 5 5 4 4 1 1 57332 0 15 40 22 24 2 4 2 5
0 0 0 1 1 1 6 1 0 3 1 2 6 -1 -1 -1 -1 -1 -1 57732 0 15 40 22 24 2 4 2 5
0 0 0 1 1 4 6 1 0 3 1 2 6 -1 -1 -1 -1 -1 -1 58166 1 15 40 22 24 2 4 2 5
0 0 0 1 6 1 1 1 0 3 1 2 4 -1 -1 -1 -1 -1 -1 58566 0 15 40 22 24 2 4 2 5
0 0 0 1 7 1 1 1 0 3 1 2 4 4 5 4 4 1 1 58999 0 15 40 22 24 2 5 2 5
0 0 0 6 1 1 1 1 0 3 1 2 3 -1 -1 -1 -1 -1 -1 59399 0 15 40 23 25 2 5 2 5
0 0 0 6 4 1 1 1 0 3 1 2 3 -1 -1 -1 -1 -1 -1 59799 1 15 40 23 25 2 5 2 5
0 0 0 1 6 1 1 1 0 3 1 2 4 -1 -1 -1 -1 -1 -1 60199 0 15 40 23 25 2 5 2 5
0 0 0 1 7 1 1 1 0 3 1 2 4 4 5 4 4 1 1 60599 0 15 40 23 25 2 5 2 5
0 0 0 1 6 1 1 1 0 3 1 2 4 -1 -1 -1 -1 -1 -1 60999 0 15 40 23 25 2 5 2 5
0 0 0 4 6 1 1 1 0 3 1 2 4 -1 -1 -1 -1 -1 -1 61399 1 15 40 23 25 2 5 2 5
0 0 0 6 1 1 1 1 0 3 1 2 3 -1 -1 -1 -1 -1 -1 61799 0 15 40 23 25 2 5 2 5
0 0 0 7 1 1 1 1 0 3 1 2 3 3 5 4 4 1 1 62199 0 15 40 23 25 2 4 2 5
0 0 0 6 1 1 1 1 0 3 1 2 3 -1 -1 -1 -1 -1 -1 62599 0 15 40 24 25.5 2 4 2 5
0 0 0 6 4 1 1 1 0 3 1 2 3 -1 -1 -1 -1 -1 -1 62999 1 15 40 24 25.5 2 4 2 5
0 0 0 1 6 1 1 1 0 3 1 2 4 -1 -1 -1 -1 -1 -1 63366 0 15 40 24 25.5 2 4 2 5
0 0 0 1 7 1 1 1 0 3 1 2 4 4 5 4 4 1 1 63766 0 15 40 24 25.5 2 8 0 5
0 0 0 1 6 1 1 1 0 3 1 2 4 -1 -1 -1 -1 -1 -1 64166 0 15 40 24 25.5 2 8 0 5
0 0 0 4 6 1 1 1 0 3 1 2 4 -1 -1 -1 -1 -1 -1 64566 1 15 40 24 25.5 2 8 0 5
0 0 0 6 1 1 1 1 0 3 1 2 3 -1 -1 -1 -1 -1 -1 64932 0 15 40 24 25.5 2 8 0 5
0 0 0 7 1 1 1 1 0 3 1 2 3 3 5 4 4 1 1 65332 0 15 40 24 25.5 2 5 2 5
0 0 0 6 1 1 1 1 0 3 1 2 3 -1 -1 -1 -1 -1 -1 65732 0 15 40 25 26 2 5 2 5
0 0 0 6 4 1 1 1 0 3 1 2 3 -1 -1 -1 -1 -1 -1 66099 1 15 40 25 26 2 5 2 5
0 0 0 1 6 1 1 1 0 3 1 2 4 -1 -1 -1 -1 -1 -1 66499 0 15 40 25 26 2 5 2 5
0 0 0 1 7 1 1 1 0 3 1 2 4 4 5 4 4 1 1 66865 0 15 40 25 26 2 5 2 5
0 0 0 1 1 6 1 1 0 3 1 2 5 -1 -1 -1 -1 -1 -1 67265 0 15 40 25 26 2 5 2 5
0 0 0 1 4 6 1 1 0 3 1 2 5 -1 -1 -1 -1 -1 -1 67632 1 15 40 25 26 2 5 2 5
0 0 0 1 6 1 1 1 0 3 1 2 4 -1 -1 -1 -1 -1 -1 68032 0 15 40 25 26 2 5 2 5
0 0 0 1 7 1 1 1 0 3 1 2 4 4 5 4 4 1 1 68399 0 15 40 25 26 2 5 2 5
0 0 0 1 6 1 1 1 0 3 1 2 4 -1 -1 -1 -1 -1 -1 68799 0 15 40 26 26.5 2 5 2 5
0 0 0 1 1 6 4 1 0 3 1 2 5 -1 -1 -1 -1 -1 -1 69165 1 15 40 26 26.5 2 5 2 5
0 0 0 1 1 6 1 1 0 3 1 2 5 -1 -1 -1 -1 -1 -1 69532 0 15 40 26 26.5 2 5 2 5
0 0 0 1 1 7 1 1 0 3 1 2 5 5 5 4 4 1 1 69932 0 15 40 26 26.5 2 4 2 5
0 0 0 1 1 6 1 1 0 3 1 2 5 -1 -1 -1 -1 -1 -1 70299 0 15 40 26 26.5 2 4 2 5
0 0 0 1 1 6 1 4 0 3 1 2 5 -1 -1 -1 -1 -1 -1 70665 1 15 40 26 26.5 2 4 2 5
0 0 0 1 1 6 1 1 0 3 1 2 5 -1 -1 -1 -1 -1 -1 71065 0 15 40 26 26.5 2 4 2 5
0 0 0 1 1 7 1 1 0 3 1 2 5 5 5 4 4 1 1 71432 0 15 40 26 26.5 2 5 2 5
0 0 0 1 1 6 1 1 0 3 1 2 5 -1 -1 -1 -1 -1 -1 71799 0 15 40 27 27 2 5 2 5
0 0 0 1 4 6 1 1 0 3 1 2 5 -1 -1 -1 -1 -1 -1 72165 1 15 40 27 27 2 5 2 5
0 0 0 6 1 1 1 1 0 3 1 2 3 -1 -1 -1 -1 -1 -1 72532 0 15 40 27 27 2 5 2 5
0 0 0 0 1 6 1 0 1 4 1 0 5 -1 -1 -1 -1 -1 -1 86165 0 15 40 15 60 2 8 0 3
0 0 0 0 1 6 1 0 1 4 1 0 5 -1 -1 -1 -1 -1 -1 86332 0 15 40 15 60 2 8 0 3
0 0 0 0 1 6 1 0 1 4 1 0 5 -1 -1 -1 -1 -1 -1 86499 0 15 40 15 60 2 5 2 3
0 0 0 0 1 6 1 0 1 4 1 0 5 -1 -1 -1 -1 -1 -1 86665 0 15 40 15 50 2 5 2 3
0 0 0 0 1 6 1 0 1 4 1 0 5 -1 -1 -1 -1 -1 -1 86965 0 15 40 15 20 2 5 2 3
0 0 0 0 1 6 1 0 1 4 1 0 5 -1 -1 -1 -1 -1 -1 87899 0 15 40 15 10 2 5 2 3
0 0 0 0 1 6 1 0 1 4 1 0 5 -1 -1 -1 -1 -1 -1 88898 0 15 40 15 10 2 6 2 3
0 0 0 0 1 6 1 0 1 4 1 0 5 -1 -1 -1 -1 -1 -1 89898 0 15 40 15 10 2 6 2 3
0 0 0 0 1 6 1 0 1 4 1 0 5 -1 -1 -1 -1 -1 -1 90898 0 15 40 15 10 2 6 2 3
0 0 0 0 1 6 1 0 1 4 1 0 5 -1 -1 -1 -1 -1 -1 91898 0 15 40 15 10 2 6 2 3
0 0 0 0 1 6 3 0 1 4 1 0 5 6 0 6 1 0 0 92898 0 15 40 15 10 2 5 2 3
0 0 0 0 1 6 1 0 1 4 1 0 5 -1 -1 -1 -1 -1 -1 93898 0 15 40 15 10 2 5 2 3
0 0 0 0 1 6 1 0 1 4 1 0 5 -1 -1 -1 -1 -1 -1 94898 0 15 40 15 10 2 5 2 3
0 0 0 0 6 1 1 0 1 4 1 0 4 -1 -1 -1 -1 -1 -1 95898 0 15 40 15 10 2 5 2 3
0 0 0 0 6 3 1 0 1 4 1 0 4 5 3 8 3 0 0 96898 0 15 40 15 10 2 5 2 3
0 0 0 0 6 1 1 0 1 4 1 0 4 -1 -1 -1 -1 -1 -1 97898 0 15 40 15 10 2 5 2 3
0 0 0 0 1 1 6 0 1 4 1 0 6 -1 -1 -1 -1 -1 -1 98898 0 15 40 15 10 2 5 2 3
0 0 0 0 1 1 6 0 1 4 1 0 6 -1 -1 -1 -1 -1 -1 99898 0 15 40 15 10 2 5 2 3
0 0 0 0 1 1 7 0 1 4 1 0 6 6 3 8 3 1 1 100898 0 15 40 15 10 2 5 2 3
0 0 0 0 1 1 6 0 1 4 1 0 6 -1 -1 -1 -1 -1 -1 101898 0 15 40 15 10 2 5 2 3
0 0 0 0 1 6 1 0 1 4 1 0 5 -1 -1 -1 -1 -1 -1 102898 0 15 40 15 10 2 5 2 3
0 0 0 0 1 6 1 0 1 4 1 0 5 -1 -1 -1 -1 -1 -1 103898 0 15 40 15 10 2 5 2 3
0 0 0 0 1 7 1 0 1 4 1 0 5 5 3 8 3 1 1 104898 0 15 40 15 10 2 4 2 3
0 0 0 0 1 6 1 0 1 4 1 0 5 -1 -1 -1 -1 -1 -1 105698 0 15 40 16 13 2 4 2 3
0 0 0 0 1 6 1 0 1 4 1 0 5 -1 -1 -1 -1 -1 -1 106332 0 15 40 16 16.25 2 4 2 3
0 0 0 0 1 6 1 0 1 4 1 0 5 -1 -1 -1 -1 -1 -1 106965 0 15 40 16 16.25 2 4 2 3
0 0 0 0 1 6 3 0 1 4 1 0 5 6 2 5 0 0 0 107598 0 15 40 16 14.3 2 6 2 3
0 0 0 0 1 6 1 0 1 4 1 0 5 -1 -1 -1 -1 -1 -1 108332 0 15 40 16 13 2 6 2 3
0 0 0 0 1 1 6 0 1 4 1 0 6 -1 -1 -1 -1 -1 -1 109132 0 15 40 16 13 2 6 2 3
0 0 0 0 1 1 6 0 1 4 1 0 6 -1 -1 -1 -1 -1 -1 109898 0 15 40 16 13 2 6 2 3
0 0 0 1 1 3 6 1 1 4 1 0 6 5 3 8 3 0 0 110665 0 15 40 16 13 2 8 0 5
0 0 0 1 1 1 6 1 1 4 1 1 6 -1 -1 -1 -1 -1 -1 111431 0 15 40 16 13 2 8 0 5
0 0 0 1 1 1 6 1 1 4 1 1 6 -1 -1 -1 -1 -1 -1 112198 0 15 40 16 13 2 8 0 5
0 0 0 1 1 1 6 1 1 4 1 1 6 -1 -1 -1 -1 -1 -1 112965 0 15 40 16 13 2 8 0 5
0 0 0 1 3 1 6 1 1 4 1 1 6 4 2 5 0 0 0 113731 0 15 40 16 13 2 5 2 5
0 0 0 1 1 1 6 1 1 4 1 1 6 -1 -1 -1 -1 -1 -1 114498 0 15 40 16 13 2 5 2 5
0 0 0 1 1 1 6 1 1 4 1 1 6 -1 -1 -1 -1 -1 -1 115265 0 15 40 16 13 2 5 2 5
0 0 0 1 1 1 6 1 1 4 1 1 6 -1 -1 -1 -1 -1 -1 116031 0 15 40 16 13 2 5 2 5
0 0 0 1 3 1 6 1 1 4 1 1 6 4 0 6 1 0 0 116798 0 15 40 16 13 2 6 2 5
0 0 0 1 1 6 1 1 1 4 1 1 5 -1 -1 -1 -1 -1 -1 117565 0 15 40 16 13 2 6 2 5
0 0 0 1 1 6 1 1 1 4 1 1 5 -1 -1 -1 -1 -1 -1 118331 0 15 40 16 13 2 6 2 5
0 0 0 1 1 6 1 1 1 4 1 1 5 -1 -1 -1 -1 -1 -1 119098 0 15 40 16 13 2 6 2 5
0 0 0 1 1 6 3 1 1 4 1 1 5 6 3 8 3 0 0 119898 0 15 40 16 13 2 5 2 5
0 0 0 1 1 6 1 1 1 4 1 1 5 -1 -1 -1 -1 -1 -1 120665 0 15 40 16 13 2 5 2 5
0 0 0 1 1 6 1 1 1 4 1 1 5 -1 -1 -1 -1 -1 -1 121431 0 15 40 16 13 2 5 2 5
0 0 0 1 1 6 1 1 1 4 1 1 5 -1 -1 -1 -1 -1 -1 122198 0 15 40 16 13 2 5 2 5
0 0 0 1 3 6 1 1 1 4 1 1 5 4 2 5 0 0 0 122965 0 15 40 16 13 2 5 2 5
0 0 0 1 1 6 1 1 1 4 1 1 5 -1 -1 -1 -1 -1 -1 123731 0 15 40 16 13 2 5 2 5
0 0 0 1 6 1 1 1 1 4 1 1 4 -1 -1 -1 -1 -1 -1 124498 0 15 40 16 13 2 5 2 5
0 0 0 1 6 1 1 1 1 4 1 1 4 -1 -1 -1 -1 -1 -1 125265 0 15 40 16 13 2 5 2 5
0 0 0 1 6 3 1 1 1 4 1 1 4 5 3 8 3 0 0 126031 0 15 40 16 13 2 5 2 5
0 0 0 1 6 1 1 1 1 4 1 1 4 -1 -1 -1 -1 -1 -1 126798 0 15 40 16 13 2 5 2 5
0 0 0 1 6 1 1 1 1 4 1 1 4 -1 -1 -1 -1 -1 -1 127565 0 15 40 16 13 2 5 2 5
0 0 0 1 6 1 1 1 1 4 1 1 4 -1 -1 -1 -1 -1 -1 128331 0 15 40 16 13 2 5 2 5
0 0 0 3 6 1 1 1 1 4 1 1 4 3 1 7 2 0 0 129098 0 15 40 16 13 2 4 2 5
0 0 0 1 6 1 1 1 1 4 1 1 4 -1 -1 -1 -1 -1 -1 129865 0 15 40 16 13 2 4 2 5
0 0 0 1 1 6 1 1 1 4 1 1 5 -1 -1 -1 -1 -1 -1 130665 0 15 40 16 13 2 4 2 5
0 0 0 1 1 6 1 1 1 4 1 1 5 -1 -1 -1 -1 -1 -1 131432 0 15 40 16 13 2 4 2 5
0 0 0 1 1 7 1 1 1 4 1 1 5 5 1 7 2 1 1 132199 0 15 40 16 13 2 6 2 5
0 0 0 1 1 6 1 1 1 4 1 1 5 -1 -1 -1 -1 -1 -1 132966 0 15 40 16 13 2 6 2 5
0 0 0 1 1 6 1 1 1 4 1 1 5 -1 -1 -1 -1 -1 -1 133732 0 15 40 16 13 2 6 2 5
0 0 0 1 1 6 1 1 1 4 1 1 5 -1 -1 -1 -1 -1 -1 134499 0 15 40 16 13 2 6 2 5
0 0 0 1 1 6 1 3 1 4 1 1 5 7 2 5 0 0 0 135266 0 15 40 16 13 2 8 0 5
0 0 0 1 1 6 1 1 1 4 1 2 5 -1 -1 -1 -1 -1 -1 136033 0 15 40 16 13 2 8 0 5
0 0 0 1 6 1 1 1 1 4 1 2 4 -1 -1 -1 -1 -1 -1 136800 0 15 40 16 13 2 8 0 5
0 0 0 1 6 1 1 1 1 4 1 2 4 -1 -1 -1 -1 -1 -1 137567 0 15 40 16 13 2 8 0 5
0 0 0 1 6 3 1 1 1 4 1 2 4 5 3 8 3 0 0 138333 0 15 40 16 13 2 5 2 5
0 0 0 1 6 1 1 1 1 4 1 2 4 -1 -1 -1 -1 -1 -1 139100 0 15 40 16 13 2 5 2 5
0 0 0 1 1 6 4 1 1 4 1 2 5 -1 -1 -1 -1 -1 -1 139867 1 15 40 16 13 2 5 2 5
0 0 0 1 1 6 1 1 1 4 1 2 5 -1 -1 -1 -1 -1 -1 140667 0 15 40 16 13 2 5 2 5
0 0 0 3 1 6 1 1 1 4 1 2 5 3 1 7 2 0 0 141434 0 15 40 16 13 2 6 2 5
0 0 0 1 6 1 1 1 1 4 1 2 4 -1 -1 -1 -1 -1 -1 142201 0 15 40 16 13 2 6 2 5
0 0 0 1 6 1 1 4 1 4 1 2 4 -1 -1 -1 -1 -1 -1 142968 1 15 40 16 13 2 6 2 5
0 0 0 1 6 1 1 1 1 4 1 2 4 -1 -1 -1 -1 -1 -1 143735 0 15 40 16 13 2 6 2 5
0 0 0 1 7 1 1 1 1 4 1 2 4 4 1 7 2 1 1 144501 0 15 40 16 13 2 5 2 5
0 0 0 1 1 6 1 1 1 4 1 2 5 -1 -1 -1 -1 -1 -1 145135 0 15 40 17 16 2 5 2 5
0 0 0 1 4 6 1 1 1 4 1 2 5 -1 -1 -1 -1 -1 -1 145768 1 15 40 17 16 2 5 2 5
0 0 0 1 6 1 1 1 1 4 1 2 4 -1 -1 -1 -1 -1 -1 146402 0 15 40 17 16 2 5 2 5
0 0 0 3 6 1 1 1 1 4 1 2 4 3 2 5 0 0 0 147035 0 15 40 17 16 2 5 2 5
0 0 0 1 6 1 1 1 1 4 1 2 4 -1 -1 -1 -1 -1 -1 147635 0 15 40 17 16 2 5 2 5
0 0 0 1 1 6 4 1 1 4 1 2 5 -1 -1 -1 -1 -1 -1 148269 1 15 40 17 16 2 5 2 5
0 0 0 1 1 1 6 1 1 4 1 2 6 -1 -1 -1 -1 -1 -1 148902 0 15 40 17 16 2 5 2 5
0 0 0 1 3 1 6 1 1 4 1 2 6 4 0 6 1 0 0 149502 0 15 40 17 16 2 5 2 5
0 0 0 1 1 1 6 1 1 4 1 2 6 -1 -1 -1 -1 -1 -1 150136 0 15 40 17 16 2 5 2 5
0 0 0 1 1 4 6 1 1 4 1 2 6 -1 -1 -1 -1 -1 -1 150769 1 15 40 17 16 2 5 2 5
0 0 0 1 1 6 1 1 1 4 1 2 5 -1 -1 -1 -1 -1 -1 151403 0 15 40 17 16 2 5 2 5
0 0 0 1 1 6 3 1 1 4 1 2 5 6 1 7 2 0 0 152003 0 15 40 17 16 2 4 2 5
0 0 0 1 1 6 1 1 1 4 1 2 5 -1 -1 -1 -1 -1 -1 152636 0 15 40 17 16 2 4 2 5
0 0 0 1 4 6 1 1 1 4 1 2 5 -1 -1 -1 -1 -1 -1 153270 1 15 40 17 16 2 4 2 5
0 0 0 1 6 1 1 1 1 4 1 2 4 -1 -1 -1 -1 -1 -1 153903 0 15 40 17 16 2 4 2 5
0 0 0 1 6 1 3 1 1 4 1 2 4 6 3 8 3 0 0 154504 0 15 40 17 16 2 6 2 5
0 0 0 1 6 1 1 1 1 4 1 2 4 -1 -1 -1 -1 -1 -1 155137 0 15 40 17 16 2 6 2 5
0 0 0 1 6 4 1 1 1 4 1 2 4 -1 -1 -1 -1 -1 -1 155770 1 15 40 17 16 2 6 2 5
0 0 0 1 6 1 1 1 1 4 1 2 4 -1 -1 -1 -1 -1 -1 156404 0 15 40 17 16 2 6 2 5
0 0 0 1 1 6 1 3 1 4 1 2 5 7 1 7 2 0 0 157004 0 15 40 17 16 2 8 0 5
0 0 0 1 1 6 1 1 1 4 1 2 5 -1 -1 -1 -1 -1 -1 157638 0 15 40 17 16 2 8 0 5
0 0 0 1 4 6 1 1 1 4 1 2 5 -1 -1 -1 -1 -1 -1 158271 1 15 40 17 16 2 8 0 5
0 0 0 1 6 1 1 1 1 4 1 2 4 -1 -1 -1 -1 -1 -1 158904 0 15 40 17 16 2 8 0 5
0 0 0 1 6 3 1 1 1 4 1 2 4 5 3 8 3 0 0 159505 0 15 40 17 16 2 5 2 5
0 0 0 1 6 1 1 1 1 4 1 2 4 -1 -1 -1 -1 -1 -1 160138 0 15 40 17 16 2 5 2 5
0 0 0 6 1 4 1 1 1 4 1 2 3 -1 -1 -1 -1 -1 -1 160772 1 15 40 17 16 2 5 2 5
0 0 0 6 1 1 1 1 1 4 1 2 3 -1 -1 -1 -1 -1 -1 161405 0 15 40 17 16 2 5 2 5
0 0 0 6 3 1 1 1 1 4 1 2 3 4 0 6 1 0 0 162005 0 15 40 17 16 2 6 2 5
0 0 0 6 1 1 1 1 1 4 1 2 3 -1 -1 -1 -1 -1 -1 162639 0 15 40 17 16 2 6 2 5
0 0 0 6 1 4 1 1 1 4 1 2 3 -1 -1 -1 -1 -1 -1 163272 1 15 40 17 16 2 6 2 5
0 0 0 6 1 1 1 1 1 4 1 2 3 -1 -1 -1 -1 -1 -1 163906 0 15 40 17 16 2 6 2 5
0 0 0 7 1 1 1 1 1 4 1 2 3 3 0 6 1 1 1 164506 0 15 40 17 16 2 5 2 5
0 0 0 1 6 1 1 1 1 4 1 2 4 -1 -1 -1 -1 -1 -1 165139 0 15 40 17 16 2 5 2 5
0 0 0 4 1 6 1 1 1 4 1 2 5 -1 -1 -1 -1 -1 -1 165773 1 15 40 17 16 2 5 2 5
0 0 0 1 1 6 1 1 1 4 1 2 5 -1 -1 -1 -1 -1 -1 166406 0 15 40 17 16 2 5 2 5
0 0 0 1 1 7 1 1 1 4 1 2 5 5 0 6 1 1 1 167006 0 15 40 17 16 2 5 2 5
0 0 0 1 1 6 1 1 1 4 1 2 5 -1 -1 -1 -1 -1 -1 167573 0 15 40 18 19 2 5 2 5
0 0 0 4 6 1 1 1 1 4 1 2 4 -1 -1 -1 -1 -1 -1 168073 1 15 40 18 19 2 5 2 5
0 0 0 1 6 1 1 1 1 4 1 2 4 -1 -1 -1 -1 -1 -1 168607 0 15 40 18 19 2 5 2 5
0 0 0 1 6 3 1 1 1 4 1 2 4 5 3 8 3 0 0 169140 0 15 40 18 19 2 5 2 5
0 0 0 1 6 1 1 1 1 4 1 2 4 -1 -1 -1 -1 -1 -1 169673 0 15 40 18 19 2 5 2 5
0 0 0 1 1 6 1 1 2 0 2 2 5 -1 -1 -1 -1 -1 -1 180776 0 15 16 16 60 2 8 0 5
0 0 0 1 1 6 1 1 2 0 2 2 5 -1 -1 -1 -1 -1 -1 180943 0 15 16 16 60 2 8 0 5
0 0 0 1 1 6 1 1 2 0 2 2 5 -1 -1 -1 -1 -1 -1 181109 0 15 16 16 60 2 5 2 5
0 0 0 1 1 6 1 1 2 0 2 2 5 -1 -1 -1 -1 -1 -1 181276 0 15 16 16 50.6 2 5 2 5
0 0 0 1 1 6 1 1 2 0 2 2 5 -1 -1 -1 -1 -1 -1 181543 0 15 16 16 25.5333 2 5 2 5
0 0 0 1 1 6 1 1 2 0 2 2 5 -1 -1 -1 -1 -1 -1 182276 0 15 16 16 13 2 5 2 5
0 0 0 1 1 6 1 1 2 0 2 2 5 -1 -1 -1 -1 -1 -1 183043 0 15 16 16 13 2 4 2 5
0 0 0 1 1 6 1 1 2 0 2 2 5 -1 -1 -1 -1 -1 -1 183810 0 15 16 16 13 2 4 2 5
0 0 0 1 1 6 1 1 2 0 2 2 5 -1 -1 -1 -1 -1 -1 184577 0 15 16 16 13 2 4 2 5
0 0 0 1 1 6 1 1 2 0 2 2 5 -1 -1 -1 -1 -1 -1 185343 0 15 16 16 13 2 4 2 5
0 0 0 1 3 6 1 1 2 0 2 2 5 4 0 4 1 0 0 186110 0 15 16 16 13 2 6 2 5
0 0 0 1 1 6 1 1 2 0 2 2 5 -1 -1 -1 -1 -1 -1 186877 0 15 16 16 13 2 6 2 5
0 0 0 1 6 1 1 4 2 0 2 2 4 -1 -1 -1 -1 -1 -1 187644 1 15 16 16 13 2 6 2 5
0 0 0 1 6 1 1 1 2 0 2 2 4 -1 -1 -1 -1 -1 -1 188411 0 15 16 16 13 2 6 2 5
0 0 0 1 6 3 1 1 2 0 2 2 4 5 1 4 2 0 0 189178 0 15 16 16 13 2 4 2 5
0 0 0 1 6 1 1 1 2 0 2 2 4 -1 -1 -1 -1 -1 -1 189978 0 15 16 16 13 2 4 2 5
0 0 0 1 6 4 1 1 2 0 2 2 4 -1 -1 -1 -1 -1 -1 190745 1 15 16 16 13 2 4 2 5
0 0 0 1 6 1 1 1 2 0 2 2 4 -1 -1 -1 -1 -1 -1 191511 0 15 16 16 13 2 4 2 5
0 0 0 1 6 1 3 1 2 0 2 2 4 6 3 4 3 0 0 192278 0 15 16 16 13 2 4 2 5
0 0 0 1 6 1 1 1 2 0 2 2 4 -1 -1 -1 -1 -1 -1 193045 0 15 16 16 13 2 4 2 5
0 0 0 1 1 6 1 4 2 0 2 2 5 -1 -1 -1 -1 -1 -1 193812 1 15 16 16 13 2 4 2 5
0 0 0 1 1 6 1 1 2 0 2 2 5 -1 -1 -1 -1 -1 -1 194579 0 15 16 16 13 2 4 2 5
0 0 0 1 3 6 1 1 2 0 2 2 5 4 0 4 1 0 0 195346 0 15 16 16 13 2 5 2 5
0 0 0 1 1 6 1 1 2 0 2 2 5 -1 -1 -1 -1 -1 -1 196112 0 15 16 16 13 2 5 2 5
0 0 0 1 4 6 1 1 2 0 2 2 5 -1 -1 -1 -1 -1 -1 196879 1 15 16 16 13 2 5 2 5
0 0 0 6 1 1 1 1 2 0 2 2 3 -1 -1 -1 -1 -1 -1 197646 0 15 16 16 13 2 5 2 5
0 0 0 7 1 1 1 1 2 0 2 2 3 3 3 4 3 1 1 198413 0 15 16 16 13 2 5 2 5
0 0 0 6 1 1 1 1 2 0 2 2 3 -1 -1 -1 -1 -1 -1 199180 0 15 16 16 13 2 5 2 5
0 0 0 1 6 4 1 1 2 0 2 2 4 -1 -1 -1 -1 -1 -1 199980 1 15 16 16 13 2 5 2 5
0 0 0 1 6 1 1 1 2 0 2 2 4 -1 -1 -1 -1 -1 -1 200747 0 15 16 16 13 2 5 2 5
0 0 0 3 1 6 1 1 2 0 2 2 5 3 1 4 2 0 0 201514 0 15 16 16 13 2 8 0 5
0 0 0 1 1 6 1 1 2 0 2 2 5 -1 -1 -1 -1 -1 -1 202280 0 15 16 16 13 2 8 0 5
0 0 0 4 1 6 1 1 2 0 2 2 5 -1 -1 -1 -1 -1 -1 203047 1 15 16 16 13 2 8 0 5
0 0 0 1 1 6 1 1 2 0 2 2 5 -1 -1 -1 -1 -1 -1 203814 0 15 16 16 13 2 8 0 5
0 0 0 1 3 6 1 1 2 0 2 2 5 4 0 4 1 0 0 204581 0 15 16 16 13 2 5 2 5
0 0 0 1 1 6 1 1 2 0 2 2 5 -1 -1 -1 -1 -1 -1 205348 0 15 16 16 13 2 5 2 5
0 0 0 1 4 6 1 1 2 0 2 2 5 -1 -1 -1 -1 -1 -1 206115 1 15 16 16 13 2 5 2 5
0 0 0 1 1 6 1 1 2 0 2 2 5 -1 -1 -1 -1 -1 -1 206881 0 15 16 16 13 2 5 2 5
0 0 0 3 1 6 1 1 2 0 2 2 5 3 3 4 3 0 0 207648 0 15 16 16 13 2 4 2 5
0 0 0 1 1 6 1 1 2 0 2 2 5 -1 -1 -1 -1 -1 -1 208415 0 15 16 16 13 2 4 2 5
0 0 0 1 4 6 1 1 2 0 2 2 5 -1 -1 -1 -1 -1 -1 209182 1 15 16 16 13 2 4 2 5
0 0 0 1 1 6 1 1 2 0 2 2 5 -1 -1 -1 -1 -1 -1 209949 0 15 16 16 13 2 4 2 5
0 0 0 1 1 7 1 1 2 0 2 2 5 5 0 4 1 1 1 210749 0 15 16 16 13 2 6 2 5
0 0 0 1 1 6 1 1 2 0 2 2 5 -1 -1 -1 -1 -1 -1 211516 0 15 16 16 13 2 6 2 5
0 0 0 6 1 1 4 1 2 0 2 2 3 -1 -1 -1 -1 -1 -1 212283 1 15 16 16 13 2 6 2 5
0 0 0 6 1 1 1 1 2 0 2 2 3 -1 -1 -1 -1 -1 -1 213049 0 15 16 16 13 2 6 2 5
0 0 0 7 1 1 1 1 2 0 2 2 3 3 3 4 3 1 1 213816 0 15 16 16 13 2 4 2 5
0 0 0 1 1 6 1 1 3 1 2 2 5 -1 -1 -1 -1 -1 -1 220518 0 15 16 16 60 2 8 0 5
0 0 0 1 1 6 1 1 3 1 2 2 5 -1 -1 -1 -1 -1 -1 220684 0 15 16 16 60 2 8 0 5
0 0 0 1 1 6 1 1 3 1 2 2 5 -1 -1 -1 -1 -1 -1 220851 0 15 16 16 60 2 5 2 5
0 0 0 1 1 6 1 1 3 1 2 2 5 -1 -1 -1 -1 -1 -1 221018 0 15 16 16 50.6 2 5 2 5
0 0 0 1 1 6 1 1 3 1 2 2 5 -1 -1 -1 -1 -1 -1 221284 0 15 16 16 25.5333 2 5 2 5
0 0 0 1 1 6 1 1 3 1 2 2 5 -1 -1 -1 -1 -1 -1 222018 0 15 16 16 13 2 5 2 5
0 0 0 1 1 6 1 1 3 1 2 2 5 -1 -1 -1 -1 -1 -1 222785 0 15 16 16 13 2 6 2 5
0 0 0 1 6 1 1 1 3 1 2 2 4 -1 -1 -1 -1 -1 -1 223552 0 15 16 16 13 2 6 2 5
0 0 0 1 6 1 1 1 3 1 2 2 4 -1 -1 -1 -1 -1 -1 224318 0 15 16 16 13 2 6 2 5
0 0 0 1 6 1 1 1 3 1 2 2 4 -1 -1 -1 -1 -1 -1 225085 0 15 16 16 13 2 6 2 5
0 0 0 3 6 1 1 1 3 1 2 2 4 3 4 7 2 0 0 225852 0 15 16 16 13 2 6 2 5
0 0 0 1 6 1 1 1 3 1 2 2 4 -1 -1 -1 -1 -1 -1 226619 0 15 16 16 13 2 6 2 5
0 0 0 1 6 1 4 1 3 1 2 2 4 -1 -1 -1 -1 -1 -1 227386 1 15 16 16 13 2 6 2 5
0 0 0 1 6 1 1 1 3 1 2 2 4 -1 -1 -1 -1 -1 -1 228153 0 15 16 16 13 2 6 2 5
0 0 0 6 1 3 1 1 3 1 2 2 3 5 4 6 1 0 0 228919 0 15 16 16 13 2 4 2 5
0 0 0 6 1 1 1 1 3 1 2 2 3 -1 -1 -1 -1 -1 -1 229720 0 15 16 16 13 2 4 2 5
0 0 0 6 4 1 1 1 3 1 2 2 3 -1 -1 -1 -1 -1 -1 230486 1 15 16 16 13 2 4 2 5
0 0 0 1 1 6 1 1 3 1 2 2 5 -1 -1 -1 -1 -1 -1 231253 0 15 16 16 13 2 4 2 5
0 0 0 1 1 1 7 1 3 1 2 2 6 6 4 7 2 1 1 232020 0 15 16 16 13 2 4 2 5
0 0 0 1 1 1 6 1 3 1 2 2 6 -1 -1 -1 -1 -1 -1 232787 0 15 16 16 13 2 4 2 5
0 0 0 1 1 1 6 4 3 1 2 2 6 -1 -1 -1 -1 -1 -1 233554 1 15 16 16 13 2 4 2 5
0 0 0 1 1 1 6 1 3 1 2 2 6 -1 -1 -1 -1 -1 -1 234321 0 15 16 16 13 2 4 2 5
0 0 0 1 3 1 6 1 3 1 2 2 6 4 4 8 3 0 0 235087 0 15 16 16 13 2 4 2 5
0 0 0 1 1 6 1 1 3 1 2 2 5 -1 -1 -1 -1 -1 -1 235854 0 15 16 16 13 2 4 2 5
0 0 0 1 1 6 1 4 3 1 2 2 5 -1 -1 -1 -1 -1 -1 236621 1 15 16 16 13 2 4 2 5
0 0 0 1 1 6 1 1 3 1 2 2 5 -1 -1 -1 -1 -1 -1 237388 0 15 16 16 13 2 4 2 5
0 0 0 3 1 6 1 1 3 1 2 2 5 3 4 5 0 0 0 238155 0 15 16 16 13 2 5 2 5
0 0 0 1 1 6 1 1 3 1 2 2 5 -1 -1 -1 -1 -1 -1 238922 0 15 16 16 13 2 5 2 5
0 0 0 1 4 1 6 1 3 1 2 2 6 -1 -1 -1 -1 -1 -1 239722 1 15 16 16 13 2 5 2 5
0 0 0 1 1 1 1 6 3 1 2 2 7 -1 -1 -1 -1 -1 -1 240489 0 15 16 16 13 2 5 2 5
0 0 0 1 1 3 1 6 3 1 2 2 7 5 4 7 2 0 0 241255 0 15 16 16 13 2 8 0 5
0 0 0 1 1 1 1 6 3 1 2 2 7 -1 -1 -1 -1 -1 -1 242022 0 15 16 16 13 2 8 0 5
0 0 0 1 1 1 4 6 3 1 2 2 7 -1 -1 -1 -1 -1 -1 242789 1 15 16 16 13 2 8 0 5
0 0 0 1 1 1 6 1 3 1 2 2 6 -1 -1 -1 -1 -1 -1 243489 0 15 16 16 16.25 2 8 0 5
0 0 0 1 3 6 1 1 3 1 2 2 5 4 4 6 1 0 0 244089 0 15 16 16 16.25 2 5 2 5
0 0 0 1 1 6 1 1 3 1 2 2 5 -1 -1 -1 -1 -1 -1 244723 0 15 16 16 16.0333 2 5 2 5
0 0 0 1 1 6 4 1 3 1 2 2 5 -1 -1 -1 -1 -1 -1 245423 1 15 16 16 13 2 5 2 5
0 0 0 1 1 6 1 1 3 1 2 2 5 -1 -1 -1 -1 -1 -1 246190 0 15 16 16 13 2 5 2 5
0 0 0 1 3 6 1 1 3 1 2 2 5 4 4 8 3 0 0 246957 0 15 16 16 13 2 6 2 5
0 0 0 1 1 6 1 1 3 1 2 2 5 -1 -1 -1 -1 -1 -1 247723 0 15 16 16 13 2 6 2 5
0 0 0 1 1 1 6 4 3 1 2 2 6 -1 -1 -1 -1 -1 -1 248490 1 15 16 16 13 2 6 2 5
0 0 0 1 1 1 6 1 3 1 2 2 6 -1 -1 -1 -1 -1 -1 249257 0 15 16 16 13 2 6 2 5
0 0 0 1 1 1 7 1 3 1 2 2 6 6 4 6 1 1 1 250024 0 15 16 16 13 2 6 2 5
0 0 0 1 1 1 6 1 3 1 2 2 6 -1 -1 -1 -1 -1 -1 250791 0 15 16 16 13 2 6 2 5
0 0 0 1 1 4 1 6 3 1 2 2 7 -1 -1 -1 -1 -1 -1 251558 1 15 16 16 13 2 6 2 5
0 0 0 1 1 1 1 6 3 1 2 2 7 -1 -1 -1 -1 -1 -1 252358 0 15 16 16 13 2 6 2 5
0 0 0 1 1 1 3 6 3 1 2 2 7 6 4 7 2 0 0 253125 0 15 16 16 13 2 4 2 5
0 0 0 1 1 1 6 1 3 1 2 2 6 -1 -1 -1 -1 -1 -1 253891 0 15 16 16 13 2 4 2 5
0 0 0 1 1 1 6 4 3 1 2 2 6 -1 -1 -1 -1 -1 -1 254658 1 15 16 16 13 2 4 2 5
0 0 0 1 1 1 6 1 3 1 2 2 6 -1 -1 -1 -1 -1 -1 255425 0 15 16 16 13 2 4 2 5
0 0 0 1 1 1 7 1 3 1 2 2 6 6 4 6 1 1 1 256192 0 15 16 16 13 2 4 2 5
0 0 0 1 1 1 6 1 3 1 2 2 6 -1 -1 -1 -1 -1 -1 256958 0 15 16 16 13 2 4 2 5
0 0 0 4 1 6 1 1 3 1 2 2 5 -1 -1 -1 -1 -1 -1 257725 1 15 16 16 13 2 4 2 5
0 0 0 1 1 6 1 1 3 1 2 2 5 -1 -1 -1 -1 -1 -1 258491 0 15 16 16 13 2 4 2 5
0 0 0 1 3 6 1 1 3 1 2 2 5 4 4 8 3 0 0 259258 0 15 16 16 13 2 4 2 5
0 0 0 1 1 6 1 1 3 1 2 2 5 -1 -1 -1 -1 -1 -1 260024 0 15 16 16 13 2 4 2 5
0 0 0 1 1 6 1 4 3 1 2 2 5 -1 -1 -1 -1 -1 -1 260791 1 15 16 16 13 2 4 2 5
0 0 0 1 1 1 6 1 3 1 2 2 6 -1 -1 -1 -1 -1 -1 261557 0 15 16 16 13 2 4 2 5
0 0 0 3 1 1 6 1 3 1 2 2 6 3 4 5 0 0 0 262324 0 15 16 16 13 2 5 2 5
0 0 0 1 1 1 6 1 3 1 2 2 6 -1 -1 -1 -1 -1 -1 263124 0 15 16 16 13 2 5 2 5
0 0 0 1 1 4 6 1 3 1 2 2 6 -1 -1 -1 -1 -1 -1 263890 1 15 16 16 13 2 5 2 5
0 0 0 1 1 6 1 1 3 1 2 2 5 -1 -1 -1 -1 -1 -1 264590 0 15 16 16 16.25 2 5 2 5
0 0 0 1 3 6 1 1 3 1 2 2 5 4 4 7 2 0 0 265223 0 15 16 16 16.25 2 8 0 5
0 0 0 1 6 1 1 1 3 1 2 2 4 -1 -1 -1 -1 -1 -1 265823 0 15 16 16 16.25 2 8 0 5
0 0 0 1 1 6 4 1 3 1 2 2 5 -1 -1 -1 -1 -1 -1 266523 1 15 16 16 13 2 8 0 5
0 0 0 1 1 6 1 1 3 1 2 2 5 -1 -1 -1 -1 -1 -1 267289 0 15 16 16 13 2 8 0 5
0 0 0 1 1 8 2 1 3 1 2 2 5 6 4 5 0 1 0 268056 0 15 16 16 13 2 5 2 5
0 0 0 1 1 6 1 1 3 1 2 2 5 -1 -1 -1 -1 -1 -1 269022 0 15 16 15 10 2 5 2 5
0 0 0 1 1 6 4 1 3 1 2 2 5 -1 -1 -1 -1 -1 -1 270022 1 15 16 15 10 2 5 2 5
0 0 0 1 1 6 1 1 3 1 2 2 5 -1 -1 -1 -1 -1 -1 271022 0 15 16 15 10 2 5 2 5
0 0 0 1 7 1 1 1 3 1 2 2 4 4 4 7 2 1 1 272021 0 15 16 15 10 2 6 2 5
0 0 0 1 6 1 1 1 3 1 2 2 4 -1 -1 -1 -1 -1 -1 273021 0 15 16 15 10 2 6 2 5
0 0 0 6 1 4 1 1 3 1 2 2 3 -1 -1 -1 -1 -1 -1 274021 1 15 16 15 10 2 6 2 5
0 0 0 6 1 1 1 1 3 1 2 2 3 -1 -1 -1 -1 -1 -1 275021 0 15 16 15 10 2 6 2 5
0 0 0 6 3 1 1 1 3 1 2 2 3 4 4 8 3 0 0 276020 0 15 16 15 10 2 6 2 5
0 0 0 1 6 1 1 1 3 1 2 2 4 -1 -1 -1 -1 -1 -1 277020 0 15 16 15 10 2 6 2 5
0 0 0 4 6 1 1 1 3 1 2 2 4 -1 -1 -1 -1 -1 -1 278020 1 15 16 15 10 2 6 2 5
0 0 0 1 6 1 1 1 3 1 2 2 4 -1 -1 -1 -1 -1 -1 279020 0 15 16 15 10 2 6 2 5
0 0 0 1 6 3 1 1 3 1 2 2 4 5 4 5 0 0 0 280019 0 15 16 15 10 2 4 2 5
0 0 0 1 6 1 1 1 3 1 2 2 4 -1 -1 -1 -1 -1 -1 281019 0 15 16 15 10 2 4 2 5
0 0 0 1 6 1 1 4 3 1 2 2 4 -1 -1 -1 -1 -1 -1 282019 1 15 16 15 10 2 4 2 5
0 0 0 1 6 1 1 1 3 1 2 2 4 -1 -1 -1 -1 -1 -1 283019 0 15 16 15 10 2 4 2 5
0 0 0 1 6 1 3 1 3 1 2 2 4 6 4 6 1 0 0 284018 0 15 16 15 10 2 4 2 5
0 0 0 1 1 6 1 1 3 1 2 2 5 -1 -1 -1 -1 -1 -1 285018 0 15 16 15 10 2 4 2 5
0 0 0 1 1 6 1 4 3 1 2 2 5 -1 -1 -1 -1 -1 -1 285885 1 15 16 15 12.5 2 4 2 5
0 0 0 1 1 6 1 1 3 1 2 2 5 -1 -1 -1 -1 -1 -1 286684 0 15 16 15 12.5 2 4 2 5
0 0 0 1 1 7 1 1 3 1 2 2 5 5 4 5 0 1 1 287551 0 15 16 15 10 2 4 2 5
0 0 0 1 1 6 1 1 3 1 2 2 5 -1 -1 -1 -1 -1 -1 288351 0 15 16 16 13 2 4 2 5
0 0 0 4 1 6 1 1 3 1 2 2 5 -1 -1 -1 -1 -1 -1 289117 1 15 16 16 13 2 4 2 5
0 0 0 1 6 1 1 1 3 1 2 2 4 -1 -1 -1 -1 -1 -1 289884 0 15 16 16 13 2 4 2 5
0 0 0 1 7 1 1 1 3 1 2 2 4 4 4 6 1 1 1 290683 0 15 16 16 13 2 5 2 5
0 0 0 1 6 1 1 1 3 1 2 2 4 -1 -1 -1 -1 -1 -1 291450 0 15 16 16 13 2 5 2 5
0 0 0 1 6 4 1 1 3 1 2 2 4 -1 -1 -1 -1 -1 -1 292216 1 15 16 16 13 2 5 2 5
0 0 0 1 6 1 1 1 3 1 2 2 4 -1 -1 -1 -1 -1 -1 292983 0 15 16 16 13 2 5 2 5
0 0 0 1 6 1 3 1 3 1 2 2 4 6 4 8 3 0 0 293749 0 15 16 16 13 2 8 0 5
0 0 0 1 6 1 1 1 3 1 2 2 4 -1 -1 -1 -1 -1 -1 294516 0 15 16 16 13 2 8 0 5
0 0 0 1 1 6 4 1 3 1 2 2 5 -1 -1 -1 -1 -1 -1 295282 1 15 16 16 13 2 8 0 5
0 0 0 1 1 1 6 1 3 1 2 2 6 -1 -1 -1 -1 -1 -1 296049 0 15 16 16 13 2 8 0 5
0 0 0 1 1 1 7 1 3 1 2 2 6 6 4 6 1 1 1 296815 0 15 16 16 13 2 5 2 5
0 0 0 1 1 1 6 1 3 1 2 2 6 -1 -1 -1 -1 -1 -1 297582 0 15 16 16 13 2 5 2 5
0 0 0 4 1 1 6 1 3 1 2 2 6 -1 -1 -1 -1 -1 -1 298348 1 15 16 16 13 2 5 2 5
0 0 0 1 1 1 6 1 3 1 2 2 6 -1 -1 -1 -1 -1 -1 299115 0 15 16 16 13 2 5 2 5
0 0 0 1 1 3 6 1 3 1 2 2 6 5 4 5 0 0 0 299881 0 15 16 16 13 2 6 2 5
0 0 0 1 1 1 6 1 3 1 2 2 6 -1 -1 -1 -1 -1 -1 300648 0 15 16 16 13 2 6 2 5
0 0 0 1 1 6 1 4 3 1 2 2 5 -1 -1 -1 -1 -1 -1 301447 1 15 16 16 13 2 6 2 5
0 0 0 1 1 6 1 1 3 1 2 2 5 -1 -1 -1 -1 -1 -1 302214 0 15 16 16 13 2 6 2 5
0 0 0 1 3 1 6 1 3 1 2 2 6 4 4 8 3 0 0 302980 0 15 16 16 13 2 6 2 5
0 0 0 1 1 1 6 1 3 1 2 2 6 -1 -1 -1 -1 -1 -1 303747 0 15 16 16 13 2 6 2 5
0 0 0 1 1 4 6 1 3 1 2 2 6 -1 -1 -1 -1 -1 -1 304447 1 15 16 16 16.25 2 6 2 5
0 0 0 1 1 1 6 1 3 1 2 2 6 -1 -1 -1 -1 -1 -1 305080 0 15 16 16 16.25 2 6 2 5
0 0 0 1 1 1 7 1 3 1 2 2 6 6 4 5 0 1 1 305680 0 15 16 16 16.25 2 4 2 5
0 0 0 1 1 1 6 1 3 1 2 2 6 -1 -1 -1 -1 -1 -1 306380 0 15 16 16 13 2 4 2 5
0 0 0 4 1 1 6 1 3 1 2 2 6 -1 -1 -1 -1 -1 -1 307146 1 15 16 16 13 2 4 2 5
0 0 0 1 1 1 6 1 3 1 2 2 6 -1 -1 -1 -1 -1 -1 307913 0 15 16 16 13 2 4 2 5
0 0 0 1 1 1 7 1 3 1 2 2 6 6 4 8 3 1 1 308679 0 15 16 16 13 2 4 2 5
0 0 0 0 1 6 1 0 4 2 2 0 5 -1 -1 -1 -1 -1 -1 315077 0 15 16 16 60 2 8 0 3
0 0 0 0 1 6 1 0 4 2 2 0 5 -1 -1 -1 -1 -1 -1 315244 0 15 16 16 60 2 8 0 3
0 0 0 0 1 6 1 0 4 2 2 0 5 -1 -1 -1 -1 -1 -1 315411 0 15 16 16 60 2 5 2 3
0 0 0 0 1 6 1 0 4 2 2 0 5 -1 -1 -1 -1 -1 -1 315577 0 15 16 16 50.6 2 5 2 3
0 0 0 0 1 6 1 0 4 2 2 0 5 -1 -1 -1 -1 -1 -1 315844 0 15 16 16 25.5333 2 5 2 3
0 0 0 0 1 6 1 0 4 2 2 0 5 -1 -1 -1 -1 -1 -1 316577 0 15 16 16 13 2 5 2 3
0 0 0 0 1 6 1 0 4 2 2 0 5 -1 -1 -1 -1 -1 -1 317344 0 15 16 16 13 2 4 2 3
0 0 0 0 1 6 1 0 4 2 2 0 5 -1 -1 -1 -1 -1 -1 318110 0 15 16 16 13 2 4 2 3
0 0 0 0 1 6 1 0 4 2 2 0 5 -1 -1 -1 -1 -1 -1 318877 0 15 16 16 13 2 4 2 3
0 0 0 0 1 6 1 0 4 2 2 0 5 -1 -1 -1 -1 -1 -1 319643 0 15 16 16 13 2 4 2 3
0 0 0 0 3 6 1 0 4 2 2 0 5 4 5 4 1 0 0 320410 0 15 16 16 13 2 5 2 3
0 0 0 0 1 6 1 0 4 2 2 0 5 -1 -1 -1 -1 -1 -1 321176 0 15 16 16 13 2 5 2 3
0 0 0 0 6 1 1 0 4 2 2 0 4 -1 -1 -1 -1 -1 -1 321942 0 15 16 16 13 2 5 2 3
0 0 0 0 6 1 1 0 4 2 2 0 4 -1 -1 -1 -1 -1 -1 322709 0 15 16 16 13 2 5 2 3
0 0 0 0 6 3 1 0 4 2 2 0 4 5 5 4 3 0 0 323509 0 15 16 16 13 2 6 2 3
0 0 0 0 6 1 1 0 4 2 2 0 4 -1 -1 -1 -1 -1 -1 324275 0 15 16 16 13 2 6 2 3
0 0 0 0 6 1 1 0 4 2 2 0 4 -1 -1 -1 -1 -1 -1 325042 0 15 16 16 13 2 6 2 3
0 0 0 0 6 1 1 0 4 2 2 0 4 -1 -1 -1 -1 -1 -1 325808 0 15 16 16 13 2 6 2 3
0 0 0 0 7 1 1 0 4 2 2 0 4 4 5 4 1 1 1 326575 0 15 16 16 13 2 4 2 3
0 0 0 0 6 1 1 0 4 2 2 0 4 -1 -1 -1 -1 -1 -1 327341 0 15 16 16 13 2 4 2 3
0 0 0 0 6 1 1 0 4 2 2 0 4 -1 -1 -1 -1 -1 -1 328108 0 15 16 16 13 2 4 2 3
0 0 0 0 6 1 1 0 4 2 2 0 4 -1 -1 -1 -1 -1 -1 328874 0 15 16 16 13 2 4 2 3
0 0 0 0 6 3 1 0 4 2 2 0 4 5 5 4 0 0 0 329641 0 15 16 16 13 2 4 2 3
0 0 0 0 6 1 1 0 4 2 2 0 4 -1 -1 -1 -1 -1 -1 330407 0 15 16 16 13 2 4 2 3
0 0 0 0 1 6 1 0 4 2 2 0 5 -1 -1 -1 -1 -1 -1 331174 0 15 16 16 13 2 4 2 3
0 0 0 0 1 6 1 0 4 2 2 0 5 -1 -1 -1 -1 -1 -1 331940 0 15 16 16 13 2 4 2 3
0 0 0 0 3 6 1 0 4 2 2 0 5 4 5 4 2 0 0 332707 0 15 16 16 13 2 4 2 3
0 0 0 0 1 6 1 0 4 2 2 0 5 -1 -1 -1 -1 -1 -1 333473 0 15 16 16 13 2 4 2 3
0 0 0 0 6 1 1 0 4 2 2 0 4 -1 -1 -1 -1 -1 -1 334273 0 15 16 16 13 2 4 2 3
0 0 0 0 6 1 1 0 4 2 2 0 4 -1 -1 -1 -1 -1 -1 335039 0 15 16 16 13 2 4 2 3
0 0 0 0 6 3 1 0 4 2 2 0 4 5 5 4 1 0 0 335806 0 15 16 16 13 2 8 0 3
0 0 0 0 6 1 1 0 4 2 2 0 4 -1 -1 -1 -1 -1 -1 336572 0 15 16 16 13 2 8 0 3
0 0 0 0 6 1 1 0 4 2 2 0 4 -1 -1 -1 -1 -1 -1 337339 0 15 16 16 13 2 8 0 3
0 0 0 0 6 1 1 0 4 2 2 0 4 -1 -1 -1 -1 -1 -1 338105 0 15 16 16 13 2 8 0 3
0 0 0 0 6 1 3 0 4 2 2 0 4 6 5 4 3 0 0 338872 0 15 16 16 13 2 5 2 3
0 0 0 0 6 1 1 0 4 2 2 0 4 -1 -1 -1 -1 -1 -1 339638 0 15 16 16 13 2 5 2 3
0 0 0 0 6 1 1 0 4 2 2 0 4 -1 -1 -1 -1 -1 -1 340405 0 15 16 16 13 2 5 2 3
0 0 0 0 1 1 6 0 4 2 2 0 6 -1 -1 -1 -1 -1 -1 341171 0 15 16 16 13 2 5 2 3
0 0 0 0 1 3 6 0 4 2 2 0 6 5 5 4 0 0 0 341938 0 15 16 16 13 2 4 2 3
0 0 0 0 1 1 6 0 4 2 2 0 6 -1 -1 -1 -1 -1 -1 342704 0 15 16 16 13 2 4 2 3
0 0 0 0 1 1 6 0 4 2 2 0 6 -1 -1 -1 -1 -1 -1 343471 0 15 16 16 13 2 4 2 3
0 0 0 0 1 1 6 0 4 2 2 0 6 -1 -1 -1 -1 -1 -1 344237 0 15 16 16 13 2 4 2 3
0 0 0 0 2 1 8 0 4 2 2 0 6 4 5 4 3 1 0 345037 0 15 16 16 13 2 5 2 3
0 0 0 0 1 1 6 0 4 2 2 0 6 -1 -1 -1 -1 -1 -1 345970 0 15 16 15 10 2 5 2 3
0 0 0 0 1 1 6 0 4 2 2 0 6 -1 -1 -1 -1 -1 -1 346970 0 15 16 15 10 2 5 2 3
0 0 0 0 1 1 6 0 4 2 2 0 6 -1 -1 -1 -1 -1 -1 347969 0 15 16 15 10 2 5 2 3
0 0 0 0 1 1 7 0 4 2 2 0 6 6 5 4 0 1 1 348969 0 15 16 15 10 2 6 2 3
0 0 0 0 1 1 6 0 4 2 2 0 6 -1 -1 -1 -1 -1 -1 349969 0 15 16 15 10 2 6 2 3
0 0 0 0 6 1 1 0 4 2 2 0 4 -1 -1 -1 -1 -1 -1 350969 0 15 16 15 10 2 6 2 3
0 0 0 0 6 1 1 0 4 2 2 0 4 -1 -1 -1 -1 -1 -1 351968 0 15 16 15 10 2 6 2 3
0 0 0 0 8 1 1 0 4 2 2 0 4 4 5 4 1 0 1 352968 0 15 16 15 10 2 4 2 3
0 0 0 0 1 6 1 0 4 2 2 0 5 -1 -1 -1 -1 -1 -1 353968 0 15 16 15 10 2 4 2 3
0 0 0 0 1 6 1 0 4 2 2 0 5 -1 -1 -1 -1 -1 -1 354868 0 15 16 15 12.5 2 4 2 3
0 0 0 0 1 6 1 0 4 2 2 0 5 -1 -1 -1 -1 -1 -1 355668 0 15 16 15 12.5 2 4 2 3
0 0 0 0 1 7 1 0 4 2 2 0 5 5 5 4 0 1 1 356534 0 15 16 15 10 2 4 2 3
0 0 0 0 1 6 1 0 4 2 2 0 5 -1 -1 -1 -1 -1 -1 357534 0 15 16 15 10 2 4 2 3
0 0 0 0 1 6 1 0 4 2 2 0 5 -1 -1 -1 -1 -1 -1 358534 0 15 16 15 10 2 4 2 3
0 0 0 0 1 6 1 0 4 2 2 0 5 -1 -1 -1 -1 -1 -1 359533 0 15 16 15 10 2 4 2 3
0 0 0 0 3 6 1 0 4 2 2 0 5 4 5 4 2 0 0 360533 0 15 16 15 10 2 4 2 3
0 0 0 0 1 6 1 0 4 2 2 0 5 -1 -1 -1 -1 -1 -1 361533 0 15 16 15 10 2 4 2 3
0 0 0 0 6 1 1 0 4 2 2 0 4 -1 -1 -1 -1 -1 -1 362533 0 15 16 15 10 2 4 2 3
0 0 0 0 6 1 1 0 4 2 2 0 4 -1 -1 -1 -1 -1 -1 363532 0 15 16 15 10 2 4 2 3
0 0 0 0 8 1 1 0 4 2 2 0 4 4 5 4 3 0 1 364532 0 15 16 15 10 2 8 0 3
0 0 0 0 1 6 1 0 4 2 2 0 5 -1 -1 -1 -1 -1 -1 365532 0 15 16 15 10 2 8 0 3
0 0 0 0 1 1 6 0 4 2 2 0 6 -1 -1 -1 -1 -1 -1 366532 0 15 16 15 10 2 8 0 3
0 0 0 0 1 1 6 0 4 2 2 0 6 -1 -1 -1 -1 -1 -1 367531 0 15 16 15 10 2 8 0 3
0 0 0 0 1 2 8 0 4 2 2 0 6 5 5 4 2 1 0 368531 0 15 16 15 10 2 5 2 3
0 0 0 0 1 1 6 0 4 2 2 0 6 -1 -1 -1 -1 -1 -1 369531 0 15 16 15 10 2 5 2 3
0 0 0 0 1 1 6 0 4 2 2 0 6 -1 -1 -1 -1 -1 -1 370531 0 15 16 15 10 2 5 2 3
0 0 0 0 1 6 1 0 4 2 2 0 5 -1 -1 -1 -1 -1 -1 371530 0 15 16 15 10 2 5 2 3
0 0 0 0 1 6 3 0 4 2 2 0 5 6 5 4 1 0 0 372530 0 15 16 15 10 2 4 2 3
0 0 0 0 1 6 1 0 4 2 2 0 5 -1 -1 -1 -1 -1 -1 373530 0 15 16 15 10 2 4 2 3
0 0 0 0 6 1 1 0 4 2 2 0 4 -1 -1 -1 -1 -1 -1 374530 0 15 16 15 10 2 4 2 3
0 0 0 0 6 1 1 0 4 2 2 0 4 -1 -1 -1 -1 -1 -1 375529 0 15 16 15 10 2 4 2 3
0 0 0 0 7 1 1 0 4 2 2 0 4 4 5 4 2 1 1 376529 0 15 16 15 10 2 5 2 3
0 0 0 0 6 1 1 0 4 2 2 0 4 -1 -1 -1 -1 -1 -1 377529 0 15 16 15 10 2 5 2 3
0 0 0 0 1 1 6 0 4 2 2 0 6 -1 -1 -1 -1 -1 -1 378529 0 15 16 15 10 2 5 2 3
0 0 0 0 1 1 6 0 4 2 2 0 6 -1 -1 -1 -1 -1 -1 379528 0 15 16 15 10 2 5 2 3
0 0 0 0 1 1 7 0 4 2 2 0 6 6 5 4 1 1 1 380528 0 15 16 15 10 2 6 2 3
0 0 0 0 1 1 6 0 4 2 2 0 6 -1 -1 -1 -1 -1 -1 381328 0 15 16 16 13 2 6 2 3
0 0 0 0 1 6 1 0 4 2 2 0 5 -1 -1 -1 -1 -1 -1 382094 0 15 16 16 13 2 6 2 3
0 0 0 0 1 6 1 0 4 2 2 0 5 -1 -1 -1 -1 -1 -1 382861 0 15 16 16 13 2 6 2 3
0 0 0 0 1 6 3 0 4 2 2 0 5 6 5 4 3 0 0 383627 0 15 16 16 13 2 4 2 3
0 0 0 0 1 6 1 0 4 2 2 0 5 -1 -1 -1 -1 -1 -1 384394 0 15 16 16 13 2 4 2 3
0 0 0 0 1 6 1 0 4 2 2 0 5 -1 -1 -1 -1 -1 -1 385160 0 15 16 16 13 2 4 2 3
0 0 0 0 1 1 6 0 4 2 2 0 6 -1 -1 -1 -1 -1 -1 385927 0 15 16 16 13 2 4 2 3
0 0 0 0 1 3 6 0 4 2 2 0 6 5 5 4 0 0 0 386693 0 15 16 16 13 2 4 2 3
0 0 0 0 1 1 6 0 4 2 2 0 6 -1 -1 -1 -1 -1 -1 387493 0 15 16 16 13 2 4 2 3
0 0 0 0 1 6 1 0 4 2 2 0 5 -1 -1 -1 -1 -1 -1 388260 0 15 16 16 13 2 4 2 3
0 0 0 0 1 6 1 0 4 2 2 0 5 -1 -1 -1 -1 -1 -1 389026 0 15 16 16 13 2 4 2 3
0 0 0 0 1 7 1 0 4 2 2 0 5 5 5 4 3 1 1 389793 0 15 16 16 13 2 4 2 3
0 0 0 0 1 6 1 0 4 2 2 0 5 -1 -1 -1 -1 -1 -1 390559 0 15 16 16 13 2 4 2 3
0 0 0 0 1 6 1 0 4 2 2 0 5 -1 -1 -1 -1 -1 -1 391326 0 15 16 16 13 2 4 2 3
0 0 0 0 1 6 1 0 4 2 2 0 5 -1 -1 -1 -1 -1 -1 392092 0 15 16 16 13 2 4 2 3
0 0 0 0 1 6 3 0 4 2 2 0 5 6 5 4 1 0 0 392858 0 15 16 16 13 2 8 0 3
0 0 0 0 1 6 1 0 4 2 2 0 5 -1 -1 -1 -1 -1 -1 393625 0 15 16 16 13 2 8 0 3
0 0 0 0 1 1 6 0 4 2 2 0 6 -1 -1 -1 -1 -1 -1 394391 0 15 16 16 13 2 8 0 3
0 0 0 0 1 1 6 0 4 2 2 0 6 -1 -1 -1 -1 -1 -1 395158 0 15 16 16 13 2 8 0 3
0 0 0 0 1 1 7 0 4 2 2 0 6 6 5 4 3 1 1 395924 0 15 16 16 13 2 5 2 3
0 0 0 0 1 6 1 0 5 6 1 0 5 -1 -1 -1 -1 -1 -1 402523 0 15 40 15 60 2 8 0 3
0 0 0 0 1 6 1 0 5 6 1 0 5 -1 -1 -1 -1 -1 -1 402689 0 15 40 15 60 2 8 0 3
0 0 0 0 1 6 1 0 5 6 1 0 5 -1 -1 -1 -1 -1 -1 402856 0 15 40 15 60 2 4 2 3
0 0 0 0 1 6 1 0 5 6 1 0 5 -1 -1 -1 -1 -1 -1 403023 0 15 40 15 50 2 4 2 3
0 0 0 0 1 6 1 0 5 6 1 0 5 -1 -1 -1 -1 -1 -1 403323 0 15 40 15 20 2 4 2 3
0 0 0 0 1 6 1 0 5 6 1 0 5 -1 -1 -1 -1 -1 -1 404256 0 15 40 15 10 2 4 2 3
0 0 0 0 1 6 1 0 5 6 1 0 5 -1 -1 -1 -1 -1 -1 405255 0 15 40 15 10 2 5 2 3
0 0 0 0 1 6 1 0 5 6 1 0 5 -1 -1 -1 -1 -1 -1 406255 0 15 40 15 10 2 5 2 3
0 0 0 0 1 6 1 0 5 6 1 0 5 -1 -1 -1 -1 -1 -1 407255 0 15 40 15 10 2 5 2 3
0 0 0 0 1 6 1 0 5 6 1 0 5 -1 -1 -1 -1 -1 -1 408221 0 15 40 15 12.5 2 5 2 3
0 0 0 0 1 7 1 0 5 6 1 0 5 5 5 4 4 1 1 409021 0 15 40 15 12.5 2 6 2 3
0 0 0 0 1 6 1 0 5 6 1 0 5 -1 -1 -1 -1 -1 -1 409821 0 15 40 15 11 2 6 2 3
0 0 0 0 6 1 1 0 5 6 1 0 4 -1 -1 -1 -1 -1 -1 410821 0 15 40 15 10 2 6 2 3
0 0 0 0 6 1 1 0 5 6 1 0 4 -1 -1 -1 -1 -1 -1 411821 0 15 40 15 10 2 6 2 3
0 0 0 0 7 1 1 0 5 6 1 0 4 4 5 4 4 1 1 412820 0 15 40 15 10 2 5 2 3
0 0 0 0 6 1 1 0 5 6 1 0 4 -1 -1 -1 -1 -1 -1 413620 0 15 40 16 13 2 5 2 3
0 0 0 0 1 6 1 0 5 6 1 0 5 -1 -1 -1 -1 -1 -1 414387 0 15 40 16 13 2 5 2 3
0 0 0 0 1 6 1 0 5 6 1 0 5 -1 -1 -1 -1 -1 -1 415153 0 15 40 16 13 2 5 2 3
0 0 0 0 1 7 1 0 5 6 1 0 5 5 5 4 4 1 1 415920 0 15 40 16 16.25 2 6 2 3
0 0 0 0 1 6 1 0 5 6 1 0 5 -1 -1 -1 -1 -1 -1 416519 0 15 40 16 16.25 2 6 2 3
0 0 0 0 1 1 6 0 5 6 1 0 6 -1 -1 -1 -1 -1 -1 417153 0 15 40 16 16.25 2 6 2 3
0 0 0 0 1 1 6 0 5 6 1 0 6 -1 -1 -1 -1 -1 -1 417786 0 15 40 16 13.2167 2 6 2 3
0 0 0 0 1 1 7 0 5 6 1 0 6 6 5 4 4 1 1 418552 0 15 40 16 13 2 4 2 3
0 0 0 0 1 1 6 0 5 6 1 0 6 -1 -1 -1 -1 -1 -1 419219 0 15 40 17 16 2 4 2 3
0 0 0 0 1 1 6 0 5 6 1 0 6 -1 -1 -1 -1 -1 -1 419852 0 15 40 17 16 2 4 2 3
0 0 0 0 1 1 6 0 5 6 1 0 6 -1 -1 -1 -1 -1 -1 420352 0 15 40 17 20 2 4 2 3
0 0 0 0 1 1 7 0 5 6 1 0 6 6 5 4 4 1 1 420852 0 15 40 17 20 2 4 2 3
0 0 0 0 1 1 6 0 5 6 1 0 6 -1 -1 -1 -1 -1 -1 421352 0 15 40 17 20 2 4 2 3
0 0 0 0 1 1 6 0 5 6 1 0 6 -1 -1 -1 -1 -1 -1 421885 0 15 40 17 16.2667 2 4 2 3
0 0 0 0 1 1 6 0 5 6 1 0 6 -1 -1 -1 -1 -1 -1 422518 0 15 40 17 16 2 4 2 3
0 0 0 1 1 1 7 1 5 6 1 0 6 6 5 4 4 1 1 423151 0 15 40 17 16 2 8 0 5
0 0 0 1 1 1 6 1 5 6 1 1 6 -1 -1 -1 -1 -1 -1 423684 0 15 40 18 19 2 8 0 5
0 0 0 1 1 1 6 1 5 6 1 1 6 -1 -1 -1 -1 -1 -1 424118 0 15 40 18 23.75 2 8 0 5
0 0 0 1 1 1 6 1 5 6 1 1 6 -1 -1 -1 -1 -1 -1 424551 0 15 40 18 23.75 2 8 0 5
0 0 0 1 1 1 7 1 5 6 1 1 6 6 5 4 4 1 1 424951 0 15 40 18 23.75 2 4 2 5
0 0 0 1 1 1 6 1 5 6 1 1 6 -1 -1 -1 -1 -1 -1 425384 0 15 40 18 22.4833 2 4 2 5
0 0 0 1 6 1 1 1 5 6 1 1 4 -1 -1 -1 -1 -1 -1 425884 0 15 40 18 19 2 4 2 5
0 0 0 1 6 1 1 1 5 6 1 1 4 -1 -1 -1 -1 -1 -1 426384 0 15 40 18 19 2 4 2 5
0 0 0 1 7 1 1 1 5 6 1 1 4 4 5 4 4 1 1 426850 0 15 40 18 23.75 2 5 2 5
0 0 0 1 6 1 1 1 5 6 1 1 4 -1 -1 -1 -1 -1 -1 427250 0 15 40 19 26.25 2 5 2 5
0 0 0 1 1 6 1 1 5 6 1 1 5 -1 -1 -1 -1 -1 -1 427617 0 15 40 19 26.25 2 5 2 5
0 0 0 1 1 6 1 1 5 6 1 1 5 -1 -1 -1 -1 -1 -1 428017 0 15 40 19 26.25 2 5 2 5
0 0 0 1 1 7 1 1 5 6 1 1 5 5 5 4 4 1 1 428416 0 15 40 19 23.45 2 6 2 5
0 0 0 1 1 6 1 1 5 6 1 1 5 -1 -1 -1 -1 -1 -1 428883 0 15 40 19 21 2 6 2 5
0 0 0 6 1 1 1 1 5 6 1 1 3 -1 -1 -1 -1 -1 -1 429350 0 15 40 19 21 2 6 2 5
0 0 0 6 1 1 1 1 5 6 1 1 3 -1 -1 -1 -1 -1 -1 429783 0 15 40 19 26.25 2 6 2 5
0 0 0 7 1 1 1 1 5 6 1 1 3 3 5 4 4 1 1 430149 0 15 40 19 26.25 2 5 2 5
0 0 0 6 1 1 1 1 5 6 1 1 3 -1 -1 -1 -1 -1 -1 430516 0 15 40 20 27.5 2 5 2 5
0 0 0 6 1 1 1 1 5 6 1 1 3 -1 -1 -1 -1 -1 -1 430883 0 15 40 20 27.5 2 5 2 5
0 0 0 6 1 1 1 1 5 6 1 1 3 -1 -1 -1 -1 -1 -1 431249 0 15 40 20 26.4 2 5 2 5
0 0 0 7 1 1 1 1 5 6 1 1 3 3 5 4 4 1 1 431682 0 15 40 20 22 2 6 2 5
0 0 0 6 1 1 1 1 5 6 1 1 3 -1 -1 -1 -1 -1 -1 432116 0 15 40 20 22 2 6 2 5
0 0 0 6 1 1 1 1 5 6 1 1 3 -1 -1 -1 -1 -1 -1 432582 0 15 40 20 22 2 6 2 5
0 0 0 6 1 1 1 1 5 6 1 1 3 -1 -1 -1 -1 -1 -1 433049 0 15 40 20 27.5 2 6 2 5
0 0 0 7 1 1 1 1 5 6 1 1 3 3 5 4 4 1 1 433415 0 15 40 20 27.5 2 4 2 5
0 0 0 6 1 1 1 1 5 6 1 1 3 -1 -1 -1 -1 -1 -1 433749 0 15 40 21 28.75 2 4 2 5
0 0 0 6 1 1 1 1 5 6 1 1 3 -1 -1 -1 -1 -1 -1 434082 0 15 40 21 28.75 2 4 2 5
0 0 0 1 6 1 1 1 5 6 1 1 4 -1 -1 -1 -1 -1 -1 434448 0 15 40 21 28.75 2 4 2 5
0 0 0 1 1 7 1 1 5 6 1 1 5 5 5 4 4 1 1 434815 0 15 40 21 25.6833 2 4 2 5
0 0 0 1 1 6 1 1 5 6 1 1 5 -1 -1 -1 -1 -1 -1 435215 0 15 40 21 23 2 4 2 5
0 0 0 1 6 1 1 1 5 6 1 1 4 -1 -1 -1 -1 -1 -1 435648 0 15 40 21 23 2 4 2 5
0 0 0 1 6 1 1 1 5 6 1 1 4 -1 -1 -1 -1 -1 -1 436081 0 15 40 21 28.75 2 4 2 5
0 0 0 1 7 1 1 1 5 6 1 1 4 4 5 4 4 1 1 436415 0 15 40 21 28.75 2 8 0 5
0 0 0 1 6 1 1 1 5 6 1 2 4 -1 -1 -1 -1 -1 -1 436781 0 15 40 22 30 2 8 0 5
0 0 0 1 6 1 1 1 5 6 1 2 4 -1 -1 -1 -1 -1 -1 437114 0 15 40 22 30 2 8 0 5
0 0 0 6 1 1 1 1 5 6 1 2 3 -1 -1 -1 -1 -1 -1 437448 0 15 40 22 30 2 8 0 5
0 0 0 7 1 1 1 1 5 6 1 2 3 3 5 4 4 1 1 437781 0 15 40 22 27.2 2 4 2 5
0 0 0 6 1 1 1 1 5 6 1 2 3 -1 -1 -1 -1 -1 -1 438181 0 15 40 22 24 2 4 2 5
0 0 0 6 1 4 1 1 5 6 1 2 3 -1 -1 -1 -1 -1 -1 438581 1 15 40 22 24 2 4 2 5
0 0 0 1 6 1 1 1 5 6 1 2 4 -1 -1 -1 -1 -1 -1 439014 0 15 40 22 24 2 4 2 5
0 0 0 1 1 7 1 1 5 6 1 2 5 5 5 4 4 1 1 439414 0 15 40 22 24 2 5 2 5
0 0 0 1 1 6 1 1 5 6 1 2 5 -1 -1 -1 -1 -1 -1 439814 0 15 40 23 25 2 5 2 5
0 0 0 1 4 6 1 1 5 6 1 2 5 -1 -1 -1 -1 -1 -1 440214 1 15 40 23 25 2 5 2 5
0 0 0 1 6 1 1 1 5 6 1 2 4 -1 -1 -1 -1 -1 -1 440613 0 15 40 23 25 2 5 2 5
0 0 0 1 7 1 1 1 5 6 1 2 4 4 5 4 4 1 1 441013 0 15 40 23 25 2 6 2 5
0 0 0 1 6 1 1 1 5 6 1 2 4 -1 -1 -1 -1 -1 -1 441413 0 15 40 23 25 2 6 2 5
0 0 0 4 6 1 1 1 5 6 1 2 4 -1 -1 -1 -1 -1 -1 441813 1 15 40 23 25 2 6 2 5
0 0 0 1 6 1 1 1 5 6 1 2 4 -1 -1 -1 -1 -1 -1 442213 0 15 40 23 25 2 6 2 5
0 0 0 1 2 8 1 1 5 6 1 2 5 4 5 4 4 1 0 442613 0 15 40 23 25 2 5 2 5
0 0 0 1 1 6 1 1 5 6 1 2 5 -1 -1 -1 -1 -1 -1 443046 0 15 40 22 24 2 5 2 5
0 0 0 1 4 6 1 1 5 6 1 2 5 -1 -1 -1 -1 -1 -1 443446 1 15 40 22 24 2 5 2 5
0 0 0 1 6 1 1 1 5 6 1 2 4 -1 -1 -1 -1 -1 -1 443879 0 15 40 22 24 2 5 2 5
0 0 0 7 1 1 1 1 5 6 1 2 3 3 5 4 4 1 1 444279 0 15 40 22 24 2 6 2 5
0 0 0 6 1 1 1 1 5 6 1 2 3 -1 -1 -1 -1 -1 -1 444712 0 15 40 22 24 2 6 2 5
0 0 0 6 1 1 1 4 5 6 1 2 3 -1 -1 -1 -1 -1 -1 445112 1 15 40 22 24 2 6 2 5
0 0 0 6 1 1 1 1 5 6 1 2 3 -1 -1 -1 -1 -1 -1 445546 0 15 40 22 24 2 6 2 5
0 0 0 7 1 1 1 1 5 6 1 2 3 3 5 4 4 1 1 445946 0 15 40 22 24 2 4 2 5
0 0 0 6 1 1 1 1 5 6 1 2 3 -1 -1 -1 -1 -1 -1 446345 0 15 40 23 25 2 4 2 5
0 0 0 1 6 1 4 1 5 6 1 2 4 -1 -1 -1 -1 -1 -1 446745 1 15 40 23 25 2 4 2 5
0 0 0 1 6 1 1 1 5 6 1 2 4 -1 -1 -1 -1 -1 -1 447145 0 15 40 23 25 2 4 2 5
0 0 0 1 7 1 1 1 5 6 1 2 4 4 5 4 4 1 1 447545 0 15 40 23 25 2 4 2 5
0 0 0 1 1 6 1 1 5 6 1 2 5 -1 -1 -1 -1 -1 -1 447945 0 15 40 23 25 2 4 2 5
0 0 0 1 4 1 6 1 5 6 1 2 6 -1 -1 -1 -1 -1 -1 448345 1 15 40 23 25 2 4 2 5
0 0 0 1 1 1 6 1 5 6 1 2 6 -1 -1 -1 -1 -1 -1 448745 0 15 40 23 25 2 4 2 5
0 0 0 1 1 1 7 1 5 6 1 2 6 6 5 4 4 1 1 449145 0 15 40 23 25 2 8 0 5
0 0 0 1 1 1 6 1 5 6 1 2 6 -1 -1 -1 -1 -1 -1 449545 0 15 40 24 25.5 2 8 0 5
0 0 0 4 1 1 6 1 5 6 1 2 6 -1 -1 -1 -1 -1 -1 449945 1 15 40 24 25.5 2 8 0 5
0 0 0 1 1 1 6 1 5 6 1 2 6 -1 -1 -1 -1 -1 -1 450344 0 15 40 24 25.5 2 8 0 5
0 0 0 1 1 1 7 1 5 6 1 2 6 6 5 4 4 1 1 450711 0 15 40 24 25.5 2 4 2 5
0 0 0 0 1 6 1 0 6 0 2 0 5 -1 -1 -1 -1 -1 -1 457476 0 15 16 16 60 2 8 0 3
0 0 0 0 1 6 1 0 6 0 2 0 5 -1 -1 -1 -1 -1 -1 457643 0 15 16 16 60 2 8 0 3
0 0 0 0 1 6 1 0 6 0 2 0 5 -1 -1 -1 -1 -1 -1 457809 0 15 16 16 60 2 6 2 3
0 0 0 0 1 6 1 0 6 0 2 0 5 -1 -1 -1 -1 -1 -1 457976 0 15 16 16 50.6 2 6 2 3
0 0 0 0 1 6 1 0 6 0 2 0 5 -1 -1 -1 -1 -1 -1 458243 0 15 16 16 25.5333 2 6 2 3
0 0 0 0 1 6 1 0 6 0 2 0 5 -1 -1 -1 -1 -1 -1 458976 0 15 16 16 13 2 6 2 3
0 0 0 0 1 6 1 0 6 0 2 0 5 -1 -1 -1 -1 -1 -1 459742 0 15 16 16 13 2 6 2 3
0 0 0 0 1 6 1 0 6 0 2 0 5 -1 -1 -1 -1 -1 -1 460509 0 15 16 16 13 2 6 2 3
0 0 0 0 1 6 1 0 6 0 2 0 5 -1 -1 -1 -1 -1 -1 461275 0 15 16 16 13 2 6 2 3
0 0 0 0 1 6 1 0 6 0 2 0 5 -1 -1 -1 -1 -1 -1 462042 0 15 16 16 13 2 6 2 3
0 0 0 0 1 6 3 0 6 0 2 0 5 6 2 4 0 0 0 462808 0 15 16 16 13 2 4 2 3
0 0 0 0 1 6 1 0 6 0 2 0 5 -1 -1 -1 -1 -1 -1 463575 0 15 16 16 13 2 4 2 3
0 0 0 0 1 6 1 0 6 0 2 0 5 -1 -1 -1 -1 -1 -1 464341 0 15 16 16 13 2 4 2 3
0 0 0 0 1 6 1 0 6 0 2 0 5 -1 -1 -1 -1 -1 -1 465108 0 15 16 16 13 2 4 2 3
0 0 0 0 1 6 3 0 6 0 2 0 5 6 3 4 3 0 0 465874 0 15 16 16 13 2 5 2 3
0 0 0 0 1 6 1 0 6 0 2 0 5 -1 -1 -1 -1 -1 -1 466674 0 15 16 16 13 2 5 2 3
0 0 0 0 1 6 1 0 6 0 2 0 5 -1 -1 -1 -1 -1 -1 467440 0 15 16 16 13 2 5 2 3
0 0 0 0 1 6 1 0 6 0 2 0 5 -1 -1 -1 -1 -1 -1 468207 0 15 16 16 13 2 5 2 3
0 0 0 0 1 6 3 0 6 0 2 0 5 6 0 4 1 0 0 468973 0 15 16 16 13 2 5 2 3
0 0 0 0 1 6 1 0 6 0 2 0 5 -1 -1 -1 -1 -1 -1 469740 0 15 16 16 13 2 5 2 3
0 0 0 0 1 6 1 0 6 0 2 0 5 -1 -1 -1 -1 -1 -1 470506 0 15 16 16 13 2 5 2 3
0 0 0 0 1 6 1 0 6 0 2 0 5 -1 -1 -1 -1 -1 -1 471273 0 15 16 16 13 2 5 2 3
0 0 0 0 3 6 1 0 6 0 2 0 5 4 1 4 2 0 0 472039 0 15 16 16 13 2 5 2 3
0 0 0 0 1 6 1 0 6 0 2 0 5 -1 -1 -1 -1 -1 -1 472806 0 15 16 16 13 2 5 2 3
0 0 0 0 1 6 1 0 6 0 2 0 5 -1 -1 -1 -1 -1 -1 473572 0 15 16 16 13 2 5 2 3
0 0 0 0 1 6 1 0 6 0 2 0 5 -1 -1 -1 -1 -1 -1 474339 0 15 16 16 13 2 5 2 3
0 0 0 0 1 7 1 0 6 0 2 0 5 5 0 4 1 1 1 475105 0 15 16 16 13 2 4 2 3
0 0 0 0 1 6 1 0 6 0 2 0 5 -1 -1 -1 -1 -1 -1 475872 0 15 16 16 13 2 4 2 3
0 0 0 0 1 6 1 0 6 0 2 0 5 -1 -1 -1 -1 -1 -1 476671 0 15 16 16 13 2 4 2 3
0 0 0 0 1 6 1 0 6 0 2 0 5 -1 -1 -1 -1 -1 -1 477438 0 15 16 16 13 2 4 2 3
0 0 0 0 3 6 1 0 6 0 2 0 5 4 3 4 3 0 0 478204 0 15 16 16 13 2 8 0 3
0 0 0 0 1 6 1 0 6 0 2 0 5 -1 -1 -1 -1 -1 -1 478971 0 15 16 16 13 2 8 0 3
0 0 0 0 1 6 1 0 6 0 2 0 5 -1 -1 -1 -1 -1 -1 479737 0 15 16 16 13 2 8 0 3
0 0 0 0 1 6 1 0 6 0 2 0 5 -1 -1 -1 -1 -1 -1 480504 0 15 16 16 13 2 8 0 3
0 0 0 0 3 6 1 0 6 0 2 0 5 4 2 4 0 0 0 481270 0 15 16 16 13 2 6 2 3
0 0 0 0 1 6 1 0 6 0 2 0 5 -1 -1 -1 -1 -1 -1 482037 0 15 16 16 13 2 6 2 3
0 0 0 0 1 6 1 0 6 0 2 0 5 -1 -1 -1 -1 -1 -1 482803 0 15 16 16 13 2 6 2 3
0 0 0 0 1 6 1 0 6 0 2 0 5 -1 -1 -1 -1 -1 -1 483570 0 15 16 16 13 2 6 2 3
0 0 0 0 3 6 1 0 6 0 2 0 5 4 0 4 1 0 0 484336 0 15 16 16 13 2 6 2 3
0 0 0 0 1 6 1 0 6 0 2 0 5 -1 -1 -1 -1 -1 -1 485103 0 15 16 16 13 2 6 2 3
0 0 0 0 6 1 1 0 6 0 2 0 4 -1 -1 -1 -1 -1 -1 485869 0 15 16 16 13 2 6 2 3
0 0 0 0 6 1 1 0 6 0 2 0 4 -1 -1 -1 -1 -1 -1 486636 0 15 16 16 13 2 6 2 3
0 0 0 0 6 3 1 0 6 0 2 0 4 5 1 4 2 0 0 487435 0 15 16 16 13 2 4 2 3
0 0 0 0 6 1 1 0 6 0 2 0 4 -1 -1 -1 -1 -1 -1 488202 0 15 16 16 13 2 4 2 3
0 0 0 0 1 6 1 0 6 0 2 0 5 -1 -1 -1 -1 -1 -1 488968 0 15 16 16 13 2 4 2 3
0 0 0 0 1 6 1 0 6 0 2 0 5 -1 -1 -1 -1 -1 -1 489735 0 15 16 16 13 2 4 2 3
0 0 0 0 1 7 1 0 6 0 2 0 5 5 0 4 1 1 1 490501 0 15 16 16 13 2 5 2 3
0 0 0 0 1 6 1 0 6 0 2 0 5 -1 -1 -1 -1 -1 -1 491268 0 15 16 16 13 2 5 2 3
0 0 0 0 1 6 1 0 6 0 2 0 5 -1 -1 -1 -1 -1 -1 492034 0 15 16 16 13 2 5 2 3
0 0 0 0 1 6 1 0 6 0 2 0 5 -1 -1 -1 -1 -1 -1 492801 0 15 16 16 13 2 5 2 3
0 0 0 0 1 7 1 0 6 0 2 0 5 5 1 4 2 1 1 493567 0 15 16 16 13 2 5 2 3
0 0 0 0 1 6 1 0 6 0 2 0 5 -1 -1 -1 -1 -1 -1 494334 0 15 16 16 13 2 5 2 3
0 0 0 0 1 6 1 0 6 0 2 0 5 -1 -1 -1 -1 -1 -1 495100 0 15 16 16 13 2 5 2 3
0 0 0 0 1 6 1 0 6 0 2 0 5 -1 -1 -1 -1 -1 -1 495867 0 15 16 16 13 2 5 2 3
0 0 0 0 3 6 1 0 6 0 2 0 5 4 3 4 3 0 0 496633 0 15 16 16 13 2 5 2 3
0 0 0 0 1 6 1 0 6 0 2 0 5 -1 -1 -1 -1 -1 -1 497400 0 15 16 16 13 2 5 2 3
0 0 0 0 1 6 1 0 6 0 2 0 5 -1 -1 -1 -1 -1 -1 498199 0 15 16 16 13 2 5 2 3
0 0 0 0 1 6 1 0 6 0 2 0 5 -1 -1 -1 -1 -1 -1 498966 0 15 16 16 13 2 5 2 3
0 0 0 0 1 7 1 0 6 0 2 0 5 5 1 4 2 1 1 499732 0 15 16 16 13 2 4 2 3
0 0 0 0 1 6 1 0 6 0 2 0 5 -1 -1 -1 -1 -1 -1 500499 0 15 16 16 13 2 4 2 3
0 0 0 0 1 6 1 0 6 0 2 0 5 -1 -1 -1 -1 -1 -1 501265 0 15 16 16 13 2 4 2 3
0 0 0 0 1 6 1 0 6 0 2 0 5 -1 -1 -1 -1 -1 -1 502032 0 15 16 16 13 2 4 2 3
0 0 0 0 3 6 1 0 6 0 2 0 5 4 2 4 0 0 0 502798 0 15 16 16 13 2 8 0 3
0 0 0 0 1 6 1 0 6 0 2 0 5 -1 -1 -1 -1 -1 -1 503565 0 15 16 16 13 2 8 0 3
0 0 0 0 1 1 6 0 6 0 2 0 6 -1 -1 -1 -1 -1 -1 504331 0 15 16 16 13 2 8 0 3
0 0 0 0 1 1 6 0 6 0 2 0 6 -1 -1 -1 -1 -1 -1 505098 0 15 16 16 13 2 8 0 3
0 0 0 0 1 1 7 0 6 0 2 0 6 6 1 4 2 1 1 505864 0 15 16 16 13 2 6 2 3
0 0 0 1 1 6 1 1 7 2 2 2 5 -1 -1 -1 -1 -1 -1 512796 0 15 16 16 60 2 8 0 5
0 0 0 1 1 6 1 1 7 2 2 2 5 -1 -1 -1 -1 -1 -1 512963 0 15 16 16 60 2 8 0 5
0 0 0 1 1 6 1 1 7 2 2 2 5 -1 -1 -1 -1 -1 -1 513129 0 15 16 16 60 2 6 2 5
0 0 0 1 1 6 1 1 7 2 2 2 5 -1 -1 -1 -1 -1 -1 513296 0 15 16 16 50.6 2 6 2 5
0 0 0 1 1 6 1 1 7 2 2 2 5 -1 -1 -1 -1 -1 -1 513562 0 15 16 16 25.5333 2 6 2 5
0 0 0 1 1 6 1 1 7 2 2 2 5 -1 -1 -1 -1 -1 -1 514296 0 15 16 16 13 2 6 2 5
0 0 0 1 1 6 1 1 7 2 2 2 5 -1 -1 -1 -1 -1 -1 515062 0 15 16 16 13 2 4 2 5
0 0 0 1 1 6 1 1 7 2 2 2 5 -1 -1 -1 -1 -1 -1 515828 0 15 16 16 13 2 4 2 5
0 0 0 1 1 6 1 1 7 2 2 2 5 -1 -1 -1 -1 -1 -1 516595 0 15 16 16 13 2 4 2 5
0 0 0 1 1 6 1 1 7 2 2 2 5 -1 -1 -1 -1 -1 -1 517361 0 15 16 16 13 2 4 2 5
0 0 0 1 1 6 3 1 7 2 2 2 5 6 5 4 0 0 0 518128 0 15 16 16 13 2 4 2 5
0 0 0 1 1 6 1 1 7 2 2 2 5 -1 -1 -1 -1 -1 -1 518894 0 15 16 16 13 2 4 2 5
0 0 0 4 1 6 1 1 7 2 2 2 5 -1 -1 -1 -1 -1 -1 519661 1 15 16 16 13 2 4 2 5
0 0 0 1 1 6 1 1 7 2 2 2 5 -1 -1 -1 -1 -1 -1 520427 0 15 16 16 13 2 4 2 5
0 0 0 1 1 6 1 3 7 2 2 2 5 7 5 4 3 0 0 521194 0 15 16 16 13 2 4 2 5
0 0 0 1 1 6 1 1 7 2 2 2 5 -1 -1 -1 -1 -1 -1 521994 0 15 16 16 13 2 4 2 5
0 0 0 1 4 6 1 1 7 2 2 2 5 -1 -1 -1 -1 -1 -1 522760 1 15 16 16 13 2 4 2 5
0 0 0 1 1 6 1 1 7 2 2 2 5 -1 -1 -1 -1 -1 -1 523527 0 15 16 16 13 2 4 2 5
0 0 0 1 1 7 1 1 7 2 2 2 5 5 5 4 0 1 1 524293 0 15 16 16 13 2 6 2 5
0 0 0 1 1 6 1 1 7 2 2 2 5 -1 -1 -1 -1 -1 -1 525060 0 15 16 16 13 2 6 2 5
0 0 0 1 1 6 4 1 7 2 2 2 5 -1 -1 -1 -1 -1 -1 525826 1 15 16 16 13 2 6 2 5
0 0 0 1 1 1 6 1 7 2 2 2 6 -1 -1 -1 -1 -1 -1 526593 0 15 16 16 13 2 6 2 5
0 0 0 1 1 1 6 3 7 2 2 2 6 7 5 4 2 0 0 527359 0 15 16 16 13 2 6 2 5
0 0 0 1 1 1 6 1 7 2 2 2 6 -1 -1 -1 -1 -1 -1 528126 0 15 16 16 13 2 6 2 5
0 0 0 1 4 1 6 1 7 2 2 2 6 -1 -1 -1 -1 -1 -1 528892 1 15 16 16 13 2 6 2 5
0 0 0 1 1 1 6 1 7 2 2 2 6 -1 -1 -1 -1 -1 -1 529658 0 15 16 16 13 2 6 2 5
0 0 0 1 1 3 6 1 7 2 2 2 6 5 5 4 1 0 0 530425 0 15 16 16 13 2 4 2 5
0 0 0 1 1 1 6 1 7 2 2 2 6 -1 -1 -1 -1 -1 -1 531191 0 15 16 16 13 2 4 2 5
0 0 0 4 1 1 6 1 7 2 2 2 6 -1 -1 -1 -1 -1 -1 531991 1 15 16 16 13 2 4 2 5
0 0 0 1 1 1 6 1 7 2 2 2 6 -1 -1 -1 -1 -1 -1 532758 0 15 16 16 13 2 4 2 5
0 0 0 1 1 1 6 3 7 2 2 2 6 7 5 4 3 0 0 533524 0 15 16 16 13 2 8 0 5
0 0 0 1 1 1 6 1 7 2 2 2 6 -1 -1 -1 -1 -1 -1 534291 0 15 16 16 13 2 8 0 5
0 0 0 1 1 1 6 4 7 2 2 2 6 -1 -1 -1 -1 -1 -1 535057 1 15 16 16 13 2 8 0 5
0 0 0 1 1 1 6 1 7 2 2 2 6 -1 -1 -1 -1 -1 -1 535824 0 15 16 16 13 2 8 0 5
0 0 0 1 1 1 7 1 7 2 2 2 6 6 5 4 1 1 1 536590 0 15 16 16 13 2 6 2 5
0 0 0 1 1 1 1 6 7 2 2 2 7 -1 -1 -1 -1 -1 -1 537357 0 15 16 16 13 2 6 2 5
0 0 0 1 1 1 4 6 7 2 2 2 7 -1 -1 -1 -1 -1 -1 538123 1 15 16 16 13 2 6 2 5
0 0 0 1 1 1 6 1 7 2 2 2 6 -1 -1 -1 -1 -1 -1 538890 0 15 16 16 13 2 6 2 5
0 0 0 1 8 1 1 1 7 2 2 2 4 4 5 4 2 0 1 539656 0 15 16 16 13 2 4 2 5
0 0 0 1 1 6 1 1 7 2 2 2 5 -1 -1 -1 -1 -1 -1 540622 0 15 16 15 10 2 4 2 5
0 0 0 1 1 6 4 1 7 2 2 2 5 -1 -1 -1 -1 -1 -1 541622 1 15 16 15 10 2 4 2 5
0 0 0 1 6 1 1 1 7 2 2 2 4 -1 -1 -1 -1 -1 -1 542622 0 15 16 15 10 2 4 2 5
0 0 0 1 6 3 1 1 7 2 2 2 4 5 5 4 0 0 0 543622 0 15 16 15 10 2 4 2 5
0 0 0 1 6 1 1 1 7 2 2 2 4 -1 -1 -1 -1 -1 -1 544455 0 15 16 15 12.5 2 4 2 5
0 0 0 4 6 1 1 1 7 2 2 2 4 -1 -1 -1 -1 -1 -1 545255 1 15 16 15 12.5 2 4 2 5
0 0 0 1 6 1 1 1 7 2 2 2 4 -1 -1 -1 -1 -1 -1 546188 0 15 16 15 10 2 4 2 5
0 0 0 1 8 1 1 1 7 2 2 2 4 4 5 4 1 0 1 547188 0 15 16 15 10 2 4 2 5
0 0 0 1 6 1 1 1 7 2 2 2 4 -1 -1 -1 -1 -1 -1 548187 0 15 16 15 10 2 4 2 5
0 0 0 6 1 1 1 4 7 2 2 2 3 -1 -1 -1 -1 -1 -1 549187 1 15 16 15 10 2 4 2 5
0 0 0 6 1 1 1 1 7 2 2 2 3 -1 -1 -1 -1 -1 -1 550187 0 15 16 15 10 2 4 2 5
0 0 0 7 1 1 1 1 7 2 2 2 3 3 5 4 0 1 1 551187 0 15 16 15 10 2 6 2 5
0 0 0 6 1 1 1 1 7 2 2 2 3 -1 -1 -1 -1 -1 -1 552186 0 15 16 15 10 2 6 2 5
0 0 0 6 4 1 1 1 7 2 2 2 3 -1 -1 -1 -1 -1 -1 553186 1 15 16 15 10 2 6 2 5
0 0 0 6 1 1 1 1 7 2 2 2 3 -1 -1 -1 -1 -1 -1 554186 0 15 16 15 10 2 6 2 5
0 0 0 6 1 3 1 1 7 2 2 2 3 5 5 4 2 0 0 555152 0 15 16 15 12.5 2 6 2 5
0 0 0 6 1 1 1 1 7 2 2 2 3 -1 -1 -1 -1 -1 -1 555952 0 15 16 15 12.5 2 6 2 5
0 0 0 6 4 1 1 1 7 2 2 2 3 -1 -1 -1 -1 -1 -1 556752 1 15 16 15 11.1667 2 6 2 5
0 0 0 6 1 1 1 1 7 2 2 2 3 -1 -1 -1 -1 -1 -1 557752 0 15 16 15 10 2 6 2 5
0 0 0 1 6 3 1 1 7 2 2 2 4 5 5 4 3 0 0 558651 0 15 16 15 12.5 2 4 2 5
0 0 0 1 6 1 1 1 7 2 2 2 4 -1 -1 -1 -1 -1 -1 559451 0 15 16 15 12.5 2 4 2 5
0 0 0 1 6 4 1 1 7 2 2 2 4 -1 -1 -1 -1 -1 -1 560284 1 15 16 15 10.5 2 4 2 5
0 0 0 1 1 6 1 1 7 2 2 2 5 -1 -1 -1 -1 -1 -1 561284 0 15 16 15 10 2 4 2 5
0 0 0 1 1 6 1 3 7 2 2 2 5 7 5 4 1 0 0 562284 0 15 16 15 10 2 8 0 5
0 0 0 1 1 6 1 1 7 2 2 2 5 -1 -1 -1 -1 -1 -1 563284 0 15 16 15 10 2 8 0 5
0 0 0 1 1 6 4 1 7 2 2 2 5 -1 -1 -1 -1 -1 -1 564283 1 15 16 15 10 2 8 0 5
0 0 0 1 1 1 6 1 7 2 2 2 6 -1 -1 -1 -1 -1 -1 565283 0 15 16 15 10 2 8 0 5
0 0 0 1 1 1 6 3 7 2 2 2 6 7 5 4 2 0 0 566283 0 15 16 15 10 2 6 2 5
0 0 0 1 1 1 6 1 7 2 2 2 6 -1 -1 -1 -1 -1 -1 567283 0 15 16 15 10 2 6 2 5
0 0 0 1 4 1 6 1 7 2 2 2 6 -1 -1 -1 -1 -1 -1 568282 1 15 16 15 10 2 6 2 5
0 0 0 1 1 1 6 1 7 2 2 2 6 -1 -1 -1 -1 -1 -1 569282 0 15 16 15 10 2 6 2 5
0 0 0 1 1 3 6 1 7 2 2 2 6 5 5 4 0 0 0 570282 0 15 16 15 10 2 4 2 5
0 0 0 1 1 1 6 1 7 2 2 2 6 -1 -1 -1 -1 -1 -1 571282 0 15 16 15 10 2 4 2 5
0 0 0 1 1 4 6 1 7 2 2 2 6 -1 -1 -1 -1 -1 -1 572281 1 15 16 15 10 2 4 2 5
0 0 0 1 1 6 1 1 7 2 2 2 5 -1 -1 -1 -1 -1 -1 573281 0 15 16 15 10 2 4 2 5
0 0 0 3 6 1 1 1 7 2 2 2 4 3 5 4 3 0 0 574281 0 15 16 15 10 2 4 2 5
0 0 0 1 6 1 1 1 7 2 2 2 4 -1 -1 -1 -1 -1 -1 575281 0 15 16 15 10 2 4 2 5
0 0 0 1 1 6 4 1 7 2 2 2 5 -1 -1 -1 -1 -1 -1 576280 1 15 16 15 10 2 4 2 5
0 0 0 1 1 6 1 1 7 2 2 2 5 -1 -1 -1 -1 -1 -1 577280 0 15 16 15 10 2 4 2 5
0 0 0 1 1 7 1 1 7 2 2 2 5 5 5 4 0 1 1 578280 0 15 16 15 10 2 4 2 5
0 0 0 1 1 1 6 1 7 2 2 2 6 -1 -1 -1 -1 -1 -1 579080 0 15 16 16 13 2 4 2 5
0 0 0 1 4 1 1 6 7 2 2 2 7 -1 -1 -1 -1 -1 -1 579846 1 15 16 16 13 2 4 2 5
0 0 0 1 1 1 6 1 7 2 2 2 6 -1 -1 -1 -1 -1 -1 580613 0 15 16 16 13 2 4 2 5
0 0 0 1 1 1 7 1 7 2 2 2 6 6 5 4 3 1 1 581412 0 15 16 16 13 2 6 2 5
0 0 0 1 1 1 6 1 7 2 2 2 6 -1 -1 -1 -1 -1 -1 582179 0 15 16 16 13 2 6 2 5
0 0 0 4 1 6 1 1 7 2 2 2 5 -1 -1 -1 -1 -1 -1 582945 1 15 16 16 13 2 6 2 5
0 0 0 1 1 6 1 1 7 2 2 2 5 -1 -1 -1 -1 -1 -1 583712 0 15 16 16 13 2 6 2 5
0 0 0 1 3 6 1 1 7 2 2 2 5 4 5 4 1 0 0 584478 0 15 16 16 13 2 6 2 5
0 0 0 1 1 6 1 1 7 2 2 2 5 -1 -1 -1 -1 -1 -1 585245 0 15 16 16 13 2 6 2 5
0 0 0 1 6 1 4 1 7 2 2 2 4 -1 -1 -1 -1 -1 -1 586011 1 15 16 16 13 2 6 2 5
0 0 0 1 1 6 1 1 7 2 2 2 5 -1 -1 -1 -1 -1 -1 586778 0 15 16 16 13 2 6 2 5
0 0 0 3 1 6 1 1 7 2 2 2 5 3 5 4 0 0 0 587544 0 15 16 16 13 2 4 2 5
0 0 0 1 1 6 1 1 7 2 2 2 5 -1 -1 -1 -1 -1 -1 588311 0 15 16 16 13 2 4 2 5
0 0 0 1 4 6 1 1 7 2 2 2 5 -1 -1 -1 -1 -1 -1 589077 1 15 16 16 13 2 4 2 5
0 0 0 1 6 1 1 1 7 2 2 2 4 -1 -1 -1 -1 -1 -1 589844 0 15 16 16 13 2 4 2 5
0 0 0 7 1 1 1 1 7 2 2 2 3 3 5 4 1 1 1 590610 0 15 16 16 13 2 8 0 5
0 0 0 6 1 1 1 1 7 2 2 2 3 -1 -1 -1 -1 -1 -1 591377 0 15 16 16 13 2 8 0 5
0 0 0 1 6 1 4 1 7 2 2 2 4 -1 -1 -1 -1 -1 -1 592177 1 15 16 16 13 2 8 0 5
0 0 0 1 6 1 1 1 7 2 2 2 4 -1 -1 -1 -1 -1 -1 592943 0 15 16 16 13 2 8 0 5
0 0 0 1 8 1 1 1 7 2 2 2 4 4 5 4 3 0 1 593709 0 15 16 16 13 2 6 2 5
0 0 0 1 6 1 1 1 7 2 2 2 4 -1 -1 -1 -1 -1 -1 594676 0 15 16 15 10 2 6 2 5
0 0 0 1 1 6 1 4 7 2 2 2 5 -1 -1 -1 -1 -1 -1 595676 1 15 16 15 10 2 6 2 5
0 0 0 1 1 6 1 1 7 2 2 2 5 -1 -1 -1 -1 -1 -1 596675 0 15 16 15 10 2 6 2 5
0 0 0 1 3 6 1 1 7 2 2 2 5 4 5 4 2 0 0 597675 0 15 16 15 10 2 4 2 5
0 0 0 1 1 6 1 1 7 2 2 2 5 -1 -1 -1 -1 -1 -1 598675 0 15 16 15 10 2 4 2 5
0 0 0 1 1 6 1 4 7 2 2 2 5 -1 -1 -1 -1 -1 -1 599675 1 15 16 15 10 2 4 2 5
0 0 0 1 1 6 1 1 7 2 2 2 5 -1 -1 -1 -1 -1 -1 600674 0 15 16 15 10 2 4 2 5
0 0 0 1 1 8 1 1 7 2 2 2 5 5 5 4 1 0 1 601674 0 15 16 15 10 2 4 2 5
0 0 0 1 1 6 1 1 7 2 2 2 5 -1 -1 -1 -1 -1 -1 602674 0 15 16 15 10 2 4 2 5
0 0 0 6 1 1 4 1 7 2 2 2 3 -1 -1 -1 -1 -1 -1 603674 1 15 16 15 10 2 4 2 5
0 0 0 6 1 1 1 1 7 2 2 2 3 -1 -1 -1 -1 -1 -1 604640 0 15 16 15 12.5 2 4 2 5
0 0 0 7 1 1 1 1 7 2 2 2 3 3 5 4 2 1 1 605440 0 15 16 15 12.5 2 4 2 5
0 0 0 6 1 1 1 1 7 2 2 2 3 -1 -1 -1 -1 -1 -1 606240 0 15 16 15 11.6667 2 4 2 5
0 0 0 6 1 1 4 1 7 2 2 2 3 -1 -1 -1 -1 -1 -1 607206 1 15 16 15 10 2 4 2 5
0 0 0 1 6 1 1 1 7 2 2 2 4 -1 -1 -1 -1 -1 -1 608206 0 15 16 15 10 2 4 2 5
0 0 0 1 6 3 1 1 7 2 2 2 4 5 5 4 3 0 0 609039 0 15 16 15 12.5 2 6 2 5
0 0 0 1 6 1 1 1 7 2 2 2 4 -1 -1 -1 -1 -1 -1 609839 0 15 16 15 12.5 2 6 2 5
0 0 0 4 1 6 1 1 7 2 2 2 5 -1 -1 -1 -1 -1 -1 610772 1 15 16 15 10 2 6 2 5
0 0 0 1 1 1 6 1 7 2 2 2 6 -1 -1 -1 -1 -1 -1 611738 0 15 16 15 12.5 2 6 2 5
0 0 0 1 1 1 7 1 7 2 2 2 6 6 5 4 2 1 1 612538 0 15 16 15 12.5 2 6 2 5
0 0 0 1 1 1 6 1 7 2 2 2 6 -1 -1 -1 -1 -1 -1 613171 0 15 16 16 15.8167 2 6 2 5
0 0 0 1 4 1 6 1 7 2 2 2 6 -1 -1 -1 -1 -1 -1 613905 1 15 16 16 13 2 6 2 5
0 0 0 1 1 1 6 1 7 2 2 2 6 -1 -1 -1 -1 -1 -1 614671 0 15 16 16 13 2 6 2 5
0 0 0 1 1 3 6 1 7 2 2 2 6 5 5 4 1 0 0 615438 0 15 16 16 13 2 4 2 5
0 0 0 1 1 1 6 1 7 2 2 2 6 -1 -1 -1 -1 -1 -1 616204 0 15 16 16 13 2 4 2 5
0 0 0 4 1 1 6 1 7 2 2 2 6 -1 -1 -1 -1 -1 -1 616970 1 15 16 16 13 2 4 2 5
0 0 0 1 1 6 1 1 7 2 2 2 5 -1 -1 -1 -1 -1 -1 617737 0 15 16 16 13 2 4 2 5
0 0 0 1 3 6 1 1 7 2 2 2 5 4 5 4 3 0 0 618503 0 15 16 16 13 2 8 0 5
0 0 0 1 1 6 1 1 7 2 2 2 5 -1 -1 -1 -1 -1 -1 619270 0 15 16 16 13 2 8 0 5
0 0 0 4 1 6 1 1 7 2 2 2 5 -1 -1 -1 -1 -1 -1 620036 1 15 16 16 13 2 8 0 5
0 0 0 1 1 6 1 1 7 2 2 2 5 -1 -1 -1 -1 -1 -1 620836 0 15 16 16 13 2 8 0 5
0 0 0 1 1 6 3 1 7 2 2 2 5 6 5 4 0 0 0 621603 0 15 16 16 13 2 6 2 5
0 0 0 1 1 6 1 1 7 2 2 2 5 -1 -1 -1 -1 -1 -1 622369 0 15 16 16 13 2 6 2 5
0 0 0 1 1 6 4 1 7 2 2 2 5 -1 -1 -1 -1 -1 -1 623136 1 15 16 16 13 2 6 2 5
0 0 0 1 1 1 6 1 7 2 2 2 6 -1 -1 -1 -1 -1 -1 623902 0 15 16 16 13 2 6 2 5
0 0 0 1 1 1 7 1 7 2 2 2 6 6 5 4 3 1 1 624669 0 15 16 16 13 2 4 2 5
0 0 0 1 1 6 1 1 7 2 2 2 5 -1 -1 -1 -1 -1 -1 512796 0 15 16 16 60 2 8 0 5
0 0 0 1 1 6 1 1 7 2 2 2 5 -1 -1 -1 -1 -1 -1 512963 0 15 16 16 60 2 8 0 5
0 0 0 1 1 6 1 1 7 2 2 2 5 -1 -1 -1 -1 -1 -1 513129 0 15 16 16 60 2 6 2 5
0 0 0 1 1 6 1 1 7 2 2 2 5 -1 -1 -1 -1 -1 -1 513296 0 15 16 16 50.6 2 6 2 5
0 0 0 1 1 6 1 1 7 2 2 2 5 -1 -1 -1 -1 -1 -1 513562 0 15 16 16 25.5333 2 6 2 5
0 0 0 1 1 6 1 1 7 2 2 2 5 -1 -1 -1 -1 -1 -1 514296 0 15 16 16 13 2 6 2 5
0 0 0 1 1 6 1 1 7 2 2 2 5 -1 -1 -1 -1 -1 -1 515062 0 15 16 16 13 2 4 2 5
0 0 0 1 1 6 1 1 7 2 2 2 5 -1 -1 -1 -1 -1 -1 515828 0 15 16 16 13 2 4 2 5
0 0 0 1 1 6 1 1 7 2 2 2 5 -1 -1 -1 -1 -1 -1 516595 0 15 16 16 13 2 4 2 5
0 0 0 1 1 6 1 1 7 2 2 2 5 -1 -1 -1 -1 -1 -1 517361 0 15 16 16 13 2 4 2 5
0 0 0 1 1 6 3 1 7 2 2 2 5 6 5 4 0 0 0 518128 0 15 16 16 13 2 4 2 5
0 0 0 1 1 6 1 1 7 2 2 2 5 -1 -1 -1 -1 -1 -1 518894 0 15 16 16 13 2 4 2 5
0 0 0 4 1 6 1 1 7 2 2 2 5 -1 -1 -1 -1 -1 -1 519661 1 15 16 16 13 2 4 2 5
0 0 0 1 1 6 1 1 7 2 2 2 5 -1 -1 -1 -1 -1 -1 520427 0 15 16 16 13 2 4 2 5
0 0 0 1 1 6 1 3 7 2 2 2 5 7 5 4 3 0 0 521194 0 15 16 16 13 2 4 2 5
0 0 0 1 1 6 1 1 7 2 2 2 5 -1 -1 -1 -1 -1 -1 521994 0 15 16 16 13 2 4 2 5
0 0 0 1 4 6 1 1 7 2 2 2 5 -1 -1 -1 -1 -1 -1 522760 1 15 16 16 13 2 4 2 5
0 0 0 1 1 6 1 1 7 2 2 2 5 -1 -1 -1 -1 -1 -1 523527 0 15 16 16 13 2 4 2 5
0 0 0 1 1 7 1 1 7 2 2 2 5 5 5 4 0 1 1 524293 0 15 16 16 13 2 6 2 5
0 0 0 1 1 6 1 1 7 2 2 2 5 -1 -1 -1 -1 -1 -1 525060 0 15 16 16 13 2 6 2 5
0 0 0 1 1 6 4 1 7 2 2 2 5 -1 -1 -1 -1 -1 -1 525826 1 15 16 16 13 2 6 2 5
0 0 0 1 1 1 6 1 7 2 2 2 6 -1 -1 -1 -1 -1 -1 526593 0 15 16 16 13 2 6 2 5
0 0 0 1 1 1 6 3 7 2 2 2 6 7 5 4 2 0 0 527359 0 15 16 16 13 2 6 2 5
0 0 0 1 1 1 6 1 7 2 2 2 6 -1 -1 -1 -1 -1 -1 528126 0 15 16 16 13 2 6 2 5
0 0 0 1 4 1 6 1 7 2 2 2 6 -1 -1 -1 -1 -1 -1 528892 1 15 16 16 13 2 6 2 5
0 0 0 1 1 1 6 1 7 2 2 2 6 -1 -1 -1 -1 -1 -1 529658 0 15 16 16 13 2 6 2 5
0 0 0 1 1 3 6 1 7 2 2 2 6 5 5 4 1 0 0 530425 0 15 16 16 13 2 4 2 5
0 0 0 1 1 1 6 1 7 2 2 2 6 -1 -1 -1 -1 -1 -1 531191 0 15 16 16 13 2 4 2 5
0 0 0 4 1 1 6 1 7 2 2 2 6 -1 -1 -1 -1 -1 -1 531991 1 15 16 16 13 2 4 2 5
0 0 0 1 1 1 6 1 7 2 2 2 6 -1 -1 -1 -1 -1 -1 532758 0 15 16 16 13 2 4 2 5
0 0 0 1 1 1 6 3 7 2 2 2 6 7 5 4 3 0 0 533524 0 15 16 16 13 2 8 0 5
0 0 0 1 1 1 6 1 7 2 2 2 6 -1 -1 -1 -1 -1 -1 534291 0 15 16 16 13 2 8 0 5
0 0 0 1 1 1 6 4 7 2 2 2 6 -1 -1 -1 -1 -1 -1 535057 1 15 16 16 13 2 8 0 5
0 0 0 1 1 1 6 1 7 2 2 2 6 -1 -1 -1 -1 -1 -1 535824 0 15 16 16 13 2 8 0 5
0 0 0 1 1 1 7 1 7 2 2 2 6 6 5 4 1 1 1 536590 0 15 16 16 13 2 6 2 5
0 0 0 1 1 1 1 6 7 2 2 2 7 -1 -1 -1 -1 -1 -1 537357 0 15 16 16 13 2 6 2 5
0 0 0 1 1 1 4 6 7 2 2 2 7 -1 -1 -1 -1 -1 -1 538123 1 15 16 16 13 2 6 2 5
0 0 0 1 1 1 6 1 7 2 2 2 6 -1 -1 -1 -1 -1 -1 538890 0 15 16 16 13 2 6 2 5
0 0 0 1 8 1 1 1 7 2 2 2 4 4 5 4 2 0 1 539656 0 15 16 16 13 2 4 2 5
0 0 0 1 1 6 1 1 7 2 2 2 5 -1 -1 -1 -1 -1 -1 540622 0 15 16 15 10 2 4 2 5
0 0 0 1 1 6 4 1 7 2 2 2 5 -1 -1 -1 -1 -1 -1 541622 1 15 16 15 10 2 4 2 5
0 0 0 1 6 1 1 1 7 2 2 2 4 -1 -1 -1 -1 -1 -1 542622 0 15 16 15 10 2 4 2 5
0 0 0 1 6 3 1 1 7 2 2 2 4 5 5 4 0 0 0 543622 0 15 16 15 10 2 4 2 5
0 0 0 1 6 1 1 1 7 2 2 2 4 -1 -1 -1 -1 -1 -1 544455 0 15 16 15 12.5 2 4 2 5
0 0 0 4 6 1 1 1 7 2 2 2 4 -1 -1 -1 -1 -1 -1 545255 1 15 16 15 12.5 2 4 2 5
0 0 0 1 6 1 1 1 7 2 2 2 4 -1 -1 -1 -1 -1 -1 546188 0 15 16 15 10 2 4 2 5
0 0 0 1 8 1 1 1 7 2 2 2 4 4 5 4 1 0 1 547188 0 15 16 15 10 2 4 2 5
0 0 0 1 6 1 1 1 7 2 2 2 4 -1 -1 -1 -1 -1 -1 548187 0 15 16 15 10 2 4 2 5
0 0 0 6 1 1 1 4 7 2 2 2 3 -1 -1 -1 -1 -1 -1 549187 1 15 16 15 10 2 4 2 5
0 0 0 6 1 1 1 1 7 2 2 2 3 -1 -1 -1 -1 -1 -1 550187 0 15 16 15 10 2 4 2 5
0 0 0 7 1 1 1 1 7 2 2 2 3 3 5 4 0 1 1 551187 0 15 16 15 10 2 6 2 5
0 0 0 6 1 1 1 1 7 2 2 2 3 -1 -1 -1 -1 -1 -1 552186 0 15 16 15 10 2 6 2 5
0 0 0 6 4 1 1 1 7 2 2 2 3 -1 -1 -1 -1 -1 -1 553186 1 15 16 15 10 2 6 2 5
0 0 0 6 1 1 1 1 7 2 2 2 3 -1 -1 -1 -1 -1 -1 554186 0 15 16 15 10 2 6 2 5
0 0 0 6 1 3 1 1 7 2 2 2 3 5 5 4 2 0 0 555152 0 15 16 15 12.5 2 6 2 5
0 0 0 6 1 1 1 1 7 2 2 2 3 -1 -1 -1 -1 -1 -1 555952 0 15 16 15 12.5 2 6 2 5
0 0 0 6 4 1 1 1 7 2 2 2 3 -1 -1 -1 -1 -1 -1 556752 1 15 16 15 11.1667 2 6 2 5
0 0 0 6 1 1 1 1 7 2 2 2 3 -1 -1 -1 -1 -1 -1 557752 0 15 16 15 10 2 6 2 5
0 0 0 1 6 3 1 1 7 2 2 2 4 5 5 4 3 0 0 558651 0 15 16 15 12.5 2 4 2 5
0 0 0 1 6 1 1 1 7 2 2 2 4 -1 -1 -1 -1 -1 -1 559451 0 15 16 15 12.5 2 4 2 5
0 0 0 1 6 4 1 1 7 2 2 2 4 -1 -1 -1 -1 -1 -1 560284 1 15 16 15 10.5 2 4 2 5
0 0 0 1 1 6 1 1 7 2 2 2 5 -1 -1 -1 -1 -1 -1 561284 0 15 16 15 10 2 4 2 5
0 0 0 1 1 6 1 3 7 2 2 2 5 7 5 4 1 0 0 562284 0 15 16 15 10 2 8 0 5
0 0 0 1 1 6 1 1 7 2 2 2 5 -1 -1 -1 -1 -1 -1 563284 0 15 16 15 10 2 8 0 5
0 0 0 1 1 6 4 1 7 2 2 2 5 -1 -1 -1 -1 -1 -1 564283 1 15 16 15 10 2 8 0 5
0 0 0 1 1 1 6 1 7 2 2 2 6 -1 -1 -1 -1 -1 -1 565283 0 15 16 15 10 2 8 0 5
0 0 0 1 1 1 6 3 7 2 2 2 6 7 5 4 2 0 0 566283 0 15 16 15 10 2 6 2 5
0 0 0 1 1 1 6 1 7 2 2 2 6 -1 -1 -1 -1 -1 -1 567283 0 15 16 15 10 2 6 2 5
0 0 0 1 4 1 6 1 7 2 2 2 6 -1 -1 -1 -1 -1 -1 568282 1 15 16 15 10 2 6 2 5
0 0 0 1 1 1 6 1 7 2 2 2 6 -1 -1 -1 -1 -1 -1 569282 0 15 16 15 10 2 6 2 5
0 0 0 1 1 3 6 1 7 2 2 2 6 5 5 4 0 0 0 570282 0 15 16 15 10 2 4 2 5
0 0 0 1 1 1 6 1 7 2 2 2 6 -1 -1 -1 -1 -1 -1 571282 0 15 16 15 10 2 4 2 5
0 0 0 1 1 4 6 1 7 2 2 2 6 -1 -1 -1 -1 -1 -1 572281 1 15 16 15 10 2 4 2 5
0 0 0 1 1 6 1 1 7 2 2 2 5 -1 -1 -1 -1 -1 -1 573281 0 15 16 15 10 2 4 2 5
0 0 0 3 6 1 1 1 7 2 2 2 4 3 5 4 3 0 0 574281 0 15 16 15 10 2 4 2 5
0 0 0 1 6 1 1 1 7 2 2 2 4 -1 -1 -1 -1 -1 -1 575281 0 15 16 15 10 2 4 2 5
0 0 0 1 1 6 4 1 7 2 2 2 5 -1 -1 -1 -1 -1 -1 576280 1 15 16 15 10 2 4 2 5
0 0 0 1 1 6 1 1 7 2 2 2 5 -1 -1 -1 -1 -1 -1 577280 0 15 16 15 10 2 4 2 5
0 0 0 1 1 7 1 1 7 2 2 2 5 5 5 4 0 1 1 578280 0 15 16 15 10 2 4 2 5
0 0 0 1 1 1 6 1 7 2 2 2 6 -1 -1 -1 -1 -1 -1 579080 0 15 16 16 13 2 4 2 5
0 0 0 1 4 1 1 6 7 2 2 2 7 -1 -1 -1 -1 -1 -1 579846 1 15 16 16 13 2 4 2 5
0 0 0 1 1 1 6 1 7 2 2 2 6 -1 -1 -1 -1 -1 -1 580613 0 15 16 16 13 2 4 2 5
0 0 0 1 1 1 7 1 7 2 2 2 6 6 5 4 3 1 1 581412 0 15 16 16 13 2 6 2 5
0 0 0 1 1 1 6 1 7 2 2 2 6 -1 -1 -1 -1 -1 -1 582179 0 15 16 16 13 2 6 2 5
0 0 0 4 1 6 1 1 7 2 2 2 5 -1 -1 -1 -1 -1 -1 582945 1 15 16 16 13 2 6 2 5
0 0 0 1 1 6 1 1 7 2 2 2 5 -1 -1 -1 -1 -1 -1 583712 0 15 16 16 13 2 6 2 5
0 0 0 1 3 6 1 1 7 2 2 2 5 4 5 4 1 0 0 584478 0 15 16 16 13 2 6 2 5
0 0 0 1 1 6 1 1 7 2 2 2 5 -1 -1 -1 -1 -1 -1 585245 0 15 16 16 13 2 6 2 5
0 0 0 1 6 1 4 1 7 2 2 2 4 -1 -1 -1 -1 -1 -1 586011 1 15 16 16 13 2 6 2 5
0 0 0 1 1 6 1 1 7 2 2 2 5 -1 -1 -1 -1 -1 -1 586778 0 15 16 16 13 2 6 2 5
0 0 0 3 1 6 1 1 7 2 2 2 5 3 5 4 0 0 0 587544 0 15 16 16 13 2 4 2 5
0 0 0 1 1 6 1 1 7 2 2 2 5 -1 -1 -1 -1 -1 -1 588311 0 15 16 16 13 2 4 2 5
0 0 0 1 4 6 1 1 7 2 2 2 5 -1 -1 -1 -1 -1 -1 589077 1 15 16 16 13 2 4 2 5
0 0 0 1 6 1 1 1 7 2 2 2 4 -1 -1 -1 -1 -1 -1 589844 0 15 16 16 13 2 4 2 5
0 0 0 7 1 1 1 1 7 2 2 2 3 3 5 4 1 1 1 590610 0 15 16 16 13 2 8 0 5
0 0 0 6 1 1 1 1 7 2 2 2 3 -1 -1 -1 -1 -1 -1 591377 0 15 16 16 13 2 8 0 5
0 0 0 1 6 1 4 1 7 2 2 2 4 -1 -1 -1 -1 -1 -1 592177 1 15 16 16 13 2 8 0 5
0 0 0 1 6 1 1 1 7 2 2 2 4 -1 -1 -1 -1 -1 -1 592943 0 15 16 16 13 2 8 0 5
0 0 0 1 8 1 1 1 7 2 2 2 4 4 5 4 3 0 1 593709 0 15 16 16 13 2 6 2 5
0 0 0 1 6 1 1 1 7 2 2 2 4 -1 -1 -1 -1 -1 -1 594676 0 15 16 15 10 2 6 2 5
0 0 0 1 1 6 1 4 7 2 2 2 5 -1 -1 -1 -1 -1 -1 595676 1 15 16 15 10 2 6 2 5
0 0 0 1 1 6 1 1 7 2 2 2 5 -1 -1 -1 -1 -1 -1 596675 0 15 16 15 10 2 6 2 5
0 0 0 1 3 6 1 1 7 2 2 2 5 4 5 4 2 0 0 597675 0 15 16 15 10 2 4 2 5
0 0 0 1 1 6 1 1 7 2 2 2 5 -1 -1 -1 -1 -1 -1 598675 0 15 16 15 10 2 4 2 5
0 0 0 1 1 6 1 4 7 2 2 2 5 -1 -1 -1 -1 -1 -1 599675 1 15 16 15 10 2 4 2 5
0 0 0 1 1 6 1 1 7 2 2 2 5 -1 -1 -1 -1 -1 -1 600674 0 15 16 15 10 2 4 2 5
0 0 0 1 1 8 1 1 7 2 2 2 5 5 5 4 1 0 1 601674 0 15 16 15 10 2 4 2 5
0 0 0 1 1 6 1 1 7 2 2 2 5 -1 -1 -1 -1 -1 -1 602674 0 15 16 15 10 2 4 2 5
0 0 0 6 1 1 4 1 7 2 2 2 3 -1 -1 -1 -1 -1 -1 603674 1 15 16 15 10 2 4 2 5
0 0 0 6 1 1 1 1 7 2 2 2 3 -1 -1 -1 -1 -1 -1 604640 0 15 16 15 12.5 2 4 2 5
0 0 0 7 1 1 1 1 7 2 2 2 3 3 5 4 2 1 1 605440 0 15 16 15 12.5 2 4 2 5
0 0 0 6 1 1 1 1 7 2 2 2 3 -1 -1 -1 -1 -1 -1 606240 0 15 16 15 11.6667 2 4 2 5
0 0 0 6 1 1 4 1 7 2 2 2 3 -1 -1 -1 -1 -1 -1 607206 1 15 16 15 10 2 4 2 5
0 0 0 1 6 1 1 1 7 2 2 2 4 -1 -1 -1 -1 -1 -1 608206 0 15 16 15 10 2 4 2 5
0 0 0 1 6 3 1 1 7 2 2 2 4 5 5 4 3 0 0 609039 0 15 16 15 12.5 2 6 2 5
0 0 0 1 6 1 1 1 7 2 2 2 4 -1 -1 -1 -1 -1 -1 609839 0 15 16 15 12.5 2 6 2 5
0 0 0 4 1 6 1 1 7 2 2 2 5 -1 -1 -1 -1 -1 -1 610772 1 15 16 15 10 2 6 2 5
0 0 0 1 1 1 6 1 7 2 2 2 6 -1 -1 -1 -1 -1 -1 611738 0 15 16 15 12.5 2 6 2 5
0 0 0 1 1 1 7 1 7 2 2 2 6 6 5 4 2 1 1 612538 0 15 16 15 12.5 2 6 2 5
0 0 0 1 1 1 6 1 7 2 2 2 6 -1 -1 -1 -1 -1 -1 613171 0 15 16 16 15.8167 2 6 2 5
0 0 0 1 4 1 6 1 7 2 2 2 6 -1 -1 -1 -1 -1 -1 613905 1 15 16 16 13 2 6 2 5
0 0 0 1 1 1 6 1 7 2 2 2 6 -1 -1 -1 -1 -1 -1 614671 0 15 16 16 13 2 6 2 5
0 0 0 1 1 3 6 1 7 2 2 2 6 5 5 4 1 0 0 615438 0 15 16 16 13 2 4 2 5
0 0 0 1 1 1 6 1 7 2 2 2 6 -1 -1 -1 -1 -1 -1 616204 0 15 16 16 13 2 4 2 5
0 0 0 4 1 1 6 1 7 2 2 2 6 -1 -1 -1 -1 -1 -1 616970 1 15 16 16 13 2 4 2 5
0 0 0 1 1 6 1 1 7 2 2 2 5 -1 -1 -1 -1 -1 -1 617737 0 15 16 16 13 2 4 2 5
0 0 0 1 3 6 1 1 7 2 2 2 5 4 5 4 3 0 0 618503 0 15 16 16 13 2 8 0 5
0 0 0 1 1 6 1 1 7 2 2 2 5 -1 -1 -1 -1 -1 -1 619270 0 15 16 16 13 2 8 0 5
0 0 0 4 1 6 1 1 7 2 2 2 5 -1 -1 -1 -1 -1 -1 620036 1 15 16 16 13 2 8 0 5
0 0 0 1 1 6 1 1 7 2 2 2 5 -1 -1 -1 -1 -1 -1 620836 0 15 16 16 13 2 8 0 5
0 0 0 1 1 6 3 1 7 2 2 2 5 6 5 4 0 0 0 621603 0 15 16 16 13 2 6 2 5
0 0 0 1 1 6 1 1 7 2 2 2 5 -1 -1 -1 -1 -1 -1 622369 0 15 16 16 13 2 6 2 5
0 0 0 1 1 6 4 1 7 2 2 2 5 -1 -1 -1 -1 -1 -1 623136 1 15 16 16 13 2 6 2 5
0 0 0 1 1 1 6 1 7 2 2 2 6 -1 -1 -1 -1 -1 -1 623902 0 15 16 16 13 2 6 2 5
0 0 0 1 1 1 7 1 7 2 2 2 6 6 5 4 3 1 1 624669 0 15 16 16 13 2 4 2 5
