% Tunnel Log: 
% debug seed: 1462914126
%
% SegEncNW { '0'=no panel, '1'=panel, '4'=obstacle, '5'=collided obstacle, '6'=player, '7'=player right, '8'=player wrong, '2'=target, '3'=fake }
% SegEncN
% SegEncNE
% SegEncE
% SegEncSE
% SegEncS
% SegEncSW
% SegEncW
% Event Number { 0, inf }
% Task Type { 0=Color/Sound, 1=Shape/Sound, 2=Sound, 3=Navigation, 4=Speed, 5=Training 6=Recess, 7=Special 2-Back }
% N-Back { 0, inf }
% Navigation Level { 0, inf }
% Player Loc { 0=Northwest ... 7=West }
% Pod Loc { -1=N/A, 0=Northwest ... 7=West }
% Pod Color { -1, inf }
% Pod Shape { -1, inf }
% Pod Sound { -1, inf }
% Pod Match { -1=N/A, 0=No, 1=Yes }
% Pod Taken { -1=N/A, 0=No, 1=Yes }
% Timestamp (ms)
% Num Obstacles { 0, inf }
% Min Speed { 0, inf }
% Max Speed { 0, inf }
% Base Speed { 0, inf }
% Final Speed { 0, inf }
% Navigation Score { 0, inf }
% Segment Direction { 0=Northwest ... 7=West }
% Segment Angle { 0, inf }
% Segment Panels { 0, inf }
%
% SegEncNW SecEncN SegEncNE SegEncE SegEncSE SegEncS SegEncSW SegEncW EventNumber TaskType N-Back Navigation PlayerLoc PodLoc PodColor PodShape PodSound PodMatch PodTaken Timestamp NumObs MinSpeed MaxSpeed BaseSpeed FinalSpeed NavScore SegmentDir SegmentAngle SegmentPanels
0 0 0 0 1 6 1 0 0 3 1 0 5 -1 -1 -1 -1 -1 -1 173974 0 15 40 20 60 2 8 0 3
0 0 0 0 1 6 1 0 0 3 1 0 5 -1 -1 -1 -1 -1 -1 174141 0 15 40 20 60 2 8 0 3
0 0 0 0 1 6 1 0 0 3 1 0 5 -1 -1 -1 -1 -1 -1 174308 0 15 40 20 60 2 6 2 3
0 0 0 0 1 6 1 0 0 3 1 0 5 -1 -1 -1 -1 -1 -1 174474 0 15 40 20 52.4 2 6 2 3
0 0 0 0 1 6 1 0 0 3 1 0 5 -1 -1 -1 -1 -1 -1 174708 0 15 40 20 34.6666 2 6 2 3
0 0 0 0 1 6 1 0 0 3 1 0 5 -1 -1 -1 -1 -1 -1 175108 0 15 40 20 22 2 6 2 3
0 0 0 0 1 1 6 0 0 3 1 0 6 -1 -1 -1 -1 -1 -1 175575 0 15 40 20 22 2 4 2 3
0 0 0 0 1 1 6 0 0 3 1 0 6 -1 -1 -1 -1 -1 -1 176041 0 15 40 20 22 2 4 2 3
0 0 0 0 1 6 1 0 0 3 1 0 5 -1 -1 -1 -1 -1 -1 176475 0 15 40 20 22 2 4 2 3
0 0 0 0 6 1 1 0 0 3 1 0 4 -1 -1 -1 -1 -1 -1 176942 0 15 40 20 22 2 4 2 3
0 0 0 0 7 1 1 0 0 3 1 0 4 4 5 4 4 1 1 177408 0 15 40 20 22 2 4 2 3
0 0 0 0 6 1 1 0 0 3 1 0 4 -1 -1 -1 -1 -1 -1 177842 0 15 40 20 22 2 4 2 3
0 0 0 0 6 1 1 0 0 3 1 0 4 -1 -1 -1 -1 -1 -1 178309 0 15 40 20 22 2 4 2 3
0 0 0 0 1 6 1 0 0 3 1 0 5 -1 -1 -1 -1 -1 -1 178775 0 15 40 20 22 2 4 2 3
0 0 0 0 1 7 1 0 0 3 1 0 5 5 5 4 4 1 1 179209 0 15 40 20 22 2 5 2 3
0 0 0 0 1 6 1 0 0 3 1 0 5 -1 -1 -1 -1 -1 -1 179642 0 15 40 21 23 2 5 2 3
0 0 0 0 1 6 1 0 0 3 1 0 5 -1 -1 -1 -1 -1 -1 180076 0 15 40 21 23 2 5 2 3
0 0 0 0 1 1 6 0 0 3 1 0 6 -1 -1 -1 -1 -1 -1 180509 0 15 40 21 23 2 5 2 3
0 0 0 0 1 1 7 0 0 3 1 0 6 6 5 4 4 1 1 180943 0 15 40 21 23 2 6 2 3
0 0 0 0 1 1 6 0 0 3 1 0 6 -1 -1 -1 -1 -1 -1 181376 0 15 40 21 23 2 6 2 3
0 0 0 0 1 1 6 0 0 3 1 0 6 -1 -1 -1 -1 -1 -1 181843 0 15 40 21 23 2 6 2 3
0 0 0 0 1 1 6 0 0 3 1 0 6 -1 -1 -1 -1 -1 -1 182276 0 15 40 21 23 2 6 2 3
0 0 0 0 1 1 7 0 0 3 1 0 6 6 5 4 4 1 1 182710 0 15 40 21 23 2 6 2 3
0 0 0 0 1 1 6 0 0 3 1 0 6 -1 -1 -1 -1 -1 -1 183110 0 15 40 22 24 2 6 2 3
0 0 0 0 1 1 6 0 0 3 1 0 6 -1 -1 -1 -1 -1 -1 183543 0 15 40 22 24 2 6 2 3
0 0 0 0 1 1 6 0 0 3 1 0 6 -1 -1 -1 -1 -1 -1 183943 0 15 40 22 24 2 6 2 3
0 0 0 0 1 1 7 0 0 3 1 0 6 6 5 4 4 1 1 184377 0 15 40 22 24 2 5 2 3
0 0 0 0 1 1 6 0 0 3 1 0 6 -1 -1 -1 -1 -1 -1 184777 0 15 40 22 24 2 5 2 3
0 0 0 0 1 1 6 0 0 3 1 0 6 -1 -1 -1 -1 -1 -1 185210 0 15 40 22 24 2 5 2 3
0 0 0 0 1 1 6 0 0 3 1 0 6 -1 -1 -1 -1 -1 -1 185610 0 15 40 22 24 2 5 2 3
0 0 0 1 1 1 7 1 0 3 1 0 6 6 5 4 4 1 1 186044 0 15 40 22 24 2 8 0 5
0 0 0 1 1 1 6 1 0 3 1 1 6 -1 -1 -1 -1 -1 -1 186444 0 15 40 23 25 2 8 0 5
0 0 0 1 1 1 6 1 0 3 1 1 6 -1 -1 -1 -1 -1 -1 186844 0 15 40 23 25 2 8 0 5
0 0 0 1 1 1 6 1 0 3 1 1 6 -1 -1 -1 -1 -1 -1 187244 0 15 40 23 25 2 8 0 5
0 0 0 1 1 1 7 1 0 3 1 1 6 6 5 4 4 1 1 187644 0 15 40 23 25 2 6 2 5
0 0 0 1 1 1 6 1 0 3 1 1 6 -1 -1 -1 -1 -1 -1 188044 0 15 40 23 25 2 6 2 5
0 0 0 1 1 1 6 1 0 3 1 1 6 -1 -1 -1 -1 -1 -1 188444 0 15 40 23 25 2 6 2 5
0 0 0 1 1 1 6 1 0 3 1 1 6 -1 -1 -1 -1 -1 -1 188844 0 15 40 23 25 2 6 2 5
0 0 0 1 1 1 1 7 0 3 1 1 7 7 5 4 4 1 1 189244 0 15 40 23 25 2 4 2 5
0 0 0 1 1 1 1 6 0 3 1 1 7 -1 -1 -1 -1 -1 -1 189644 0 15 40 24 25.5 2 4 2 5
0 0 0 1 1 1 1 6 0 3 1 1 7 -1 -1 -1 -1 -1 -1 190011 0 15 40 24 25.5 2 4 2 5
0 0 0 1 1 1 6 1 0 3 1 1 6 -1 -1 -1 -1 -1 -1 190411 0 15 40 24 25.5 2 4 2 5
0 0 0 1 1 2 8 1 0 3 1 1 6 5 5 4 4 1 0 190811 0 15 40 24 25.5 2 4 2 5
0 0 0 1 1 6 1 1 0 3 1 1 5 -1 -1 -1 -1 -1 -1 191211 0 15 40 23 25 2 4 2 5
0 0 0 1 1 6 1 1 0 3 1 1 5 -1 -1 -1 -1 -1 -1 191611 0 15 40 23 25 2 4 2 5
0 0 0 1 1 1 6 1 0 3 1 1 6 -1 -1 -1 -1 -1 -1 192012 0 15 40 23 25 2 4 2 5
0 0 0 1 1 1 7 1 0 3 1 1 6 6 5 4 4 1 1 192412 0 15 40 23 25 2 5 2 5
0 0 0 1 1 1 6 1 0 3 1 1 6 -1 -1 -1 -1 -1 -1 192812 0 15 40 23 25 2 5 2 5
0 0 0 1 1 1 6 1 0 3 1 1 6 -1 -1 -1 -1 -1 -1 193212 0 15 40 23 25 2 5 2 5
0 0 0 1 1 1 6 1 0 3 1 1 6 -1 -1 -1 -1 -1 -1 193612 0 15 40 23 25 2 5 2 5
0 0 0 1 1 1 7 1 0 3 1 1 6 6 5 4 4 1 1 194012 0 15 40 23 25 2 6 2 5
0 0 0 1 1 1 6 1 0 3 1 1 6 -1 -1 -1 -1 -1 -1 194412 0 15 40 24 25.5 2 6 2 5
0 0 0 1 1 1 6 1 0 3 1 1 6 -1 -1 -1 -1 -1 -1 194779 0 15 40 24 25.5 2 6 2 5
0 0 0 1 1 1 1 6 0 3 1 1 7 -1 -1 -1 -1 -1 -1 195179 0 15 40 24 25.5 2 6 2 5
0 0 0 1 1 1 1 7 0 3 1 1 7 7 5 4 4 1 1 195579 0 15 40 24 25.5 2 6 2 5
0 0 0 1 1 1 1 6 0 3 1 1 7 -1 -1 -1 -1 -1 -1 195979 0 15 40 24 25.5 2 6 2 5
0 0 0 1 1 1 6 1 0 3 1 1 6 -1 -1 -1 -1 -1 -1 196346 0 15 40 24 25.5 2 6 2 5
0 0 0 1 1 1 6 1 0 3 1 1 6 -1 -1 -1 -1 -1 -1 196746 0 15 40 24 25.5 2 6 2 5
0 0 0 1 1 7 1 1 0 3 1 1 5 5 5 4 4 1 1 197146 0 15 40 24 25.5 2 5 2 5
0 0 0 1 1 6 1 1 0 3 1 1 5 -1 -1 -1 -1 -1 -1 197546 0 15 40 25 26 2 5 2 5
0 0 0 1 1 1 6 1 0 3 1 1 6 -1 -1 -1 -1 -1 -1 197913 0 15 40 25 26 2 5 2 5
0 0 0 1 1 1 6 1 0 3 1 1 6 -1 -1 -1 -1 -1 -1 198313 0 15 40 25 26 2 5 2 5
0 0 0 1 1 1 7 1 0 3 1 1 6 6 5 4 4 1 1 198680 0 15 40 25 26 2 8 0 5
0 0 0 1 1 1 6 1 0 3 1 2 6 -1 -1 -1 -1 -1 -1 199080 0 15 40 25 26 2 8 0 5
0 0 0 1 1 6 1 1 0 3 1 2 5 -1 -1 -1 -1 -1 -1 199446 0 15 40 25 26 2 8 0 5
0 0 0 1 6 1 1 1 0 3 1 2 4 -1 -1 -1 -1 -1 -1 199847 0 15 40 25 26 2 8 0 5
0 0 0 1 7 1 1 1 0 3 1 2 4 4 5 4 4 1 1 200213 0 15 40 25 26 2 6 2 5
0 0 0 1 6 1 1 1 0 3 1 2 4 -1 -1 -1 -1 -1 -1 200613 0 15 40 26 26.5 2 6 2 5
0 0 0 4 6 1 1 1 0 3 1 2 4 -1 -1 -1 -1 -1 -1 200980 1 15 40 26 26.5 2 6 2 5
0 0 0 6 1 1 1 1 0 3 1 2 3 -1 -1 -1 -1 -1 -1 201347 0 15 40 26 26.5 2 6 2 5
0 0 0 7 1 1 1 1 0 3 1 2 3 3 5 4 4 1 1 201747 0 15 40 26 26.5 2 4 2 5
0 0 0 6 1 1 1 1 0 3 1 2 3 -1 -1 -1 -1 -1 -1 202114 0 15 40 26 26.5 2 4 2 5
0 0 0 1 6 1 4 1 0 3 1 2 4 -1 -1 -1 -1 -1 -1 202480 1 15 40 26 26.5 2 4 2 5
0 0 0 1 1 6 1 1 0 3 1 2 5 -1 -1 -1 -1 -1 -1 202881 0 15 40 26 26.5 2 4 2 5
0 0 0 1 1 7 1 1 0 3 1 2 5 5 5 4 4 1 1 203247 0 15 40 26 26.5 2 4 2 5
0 0 0 1 1 6 1 1 0 3 1 2 5 -1 -1 -1 -1 -1 -1 203614 0 15 40 27 27 2 4 2 5
0 0 0 1 1 6 4 1 0 3 1 2 5 -1 -1 -1 -1 -1 -1 203981 1 15 40 27 27 2 4 2 5
0 0 0 1 1 1 6 1 0 3 1 2 6 -1 -1 -1 -1 -1 -1 204348 0 15 40 27 27 2 4 2 5
0 0 0 1 1 1 7 1 0 3 1 2 6 6 5 4 4 1 1 204714 0 15 40 27 27 2 5 2 5
0 0 0 1 1 1 6 1 0 3 1 2 6 -1 -1 -1 -1 -1 -1 205081 0 15 40 27 27 2 5 2 5
0 0 0 1 6 1 1 4 0 3 1 2 4 -1 -1 -1 -1 -1 -1 205481 1 15 40 27 27 2 5 2 5
0 0 0 1 6 1 1 1 0 3 1 2 4 -1 -1 -1 -1 -1 -1 205848 0 15 40 27 27 2 5 2 5
0 0 0 1 7 1 1 1 0 3 1 2 4 4 5 4 4 1 1 206215 0 15 40 27 27 2 6 2 5
0 0 0 1 6 1 1 1 0 3 1 2 4 -1 -1 -1 -1 -1 -1 206581 0 15 40 28 27.5 2 6 2 5
0 0 0 6 1 1 4 1 0 3 1 2 3 -1 -1 -1 -1 -1 -1 206948 1 15 40 28 27.5 2 6 2 5
0 0 0 6 1 1 1 1 0 3 1 2 3 -1 -1 -1 -1 -1 -1 207315 0 15 40 28 27.5 2 6 2 5
0 0 0 7 1 1 1 1 0 3 1 2 3 3 5 4 4 1 1 207648 0 15 40 28 27.5 2 6 2 5
0 0 0 6 1 1 1 1 0 3 1 2 3 -1 -1 -1 -1 -1 -1 208015 0 15 40 28 27.5 2 6 2 5
0 0 0 1 6 1 1 4 0 3 1 2 4 -1 -1 -1 -1 -1 -1 208382 1 15 40 28 27.5 2 6 2 5
0 0 0 1 6 1 1 1 0 3 1 2 4 -1 -1 -1 -1 -1 -1 208748 0 15 40 28 27.5 2 6 2 5
0 0 0 1 7 1 1 1 0 3 1 2 4 4 5 4 4 1 1 209115 0 15 40 28 27.5 2 5 2 5
0 0 0 1 6 1 1 1 0 3 1 2 4 -1 -1 -1 -1 -1 -1 209482 0 15 40 29 28 2 5 2 5
0 0 0 6 1 1 4 1 0 3 1 2 3 -1 -1 -1 -1 -1 -1 209849 1 15 40 29 28 2 5 2 5
0 0 0 6 1 1 1 1 0 3 1 2 3 -1 -1 -1 -1 -1 -1 210182 0 15 40 29 28 2 5 2 5
0 0 0 7 1 1 1 1 0 3 1 2 3 3 5 4 4 1 1 210549 0 15 40 29 28 2 8 0 5
0 0 0 6 1 1 1 1 0 3 1 2 3 -1 -1 -1 -1 -1 -1 210916 0 15 40 29 28 2 8 0 5
0 0 0 1 6 1 1 4 0 3 1 2 4 -1 -1 -1 -1 -1 -1 211249 1 15 40 29 28 2 8 0 5
0 0 0 1 1 6 1 1 0 3 1 2 5 -1 -1 -1 -1 -1 -1 211616 0 15 40 29 28 2 8 0 5
0 0 0 1 1 7 1 1 0 3 1 2 5 5 5 4 4 1 1 211982 0 15 40 29 28 2 6 2 5
0 0 0 1 1 6 1 1 0 3 1 2 5 -1 -1 -1 -1 -1 -1 212316 0 15 40 30 28.5 2 6 2 5
0 0 0 4 1 6 1 1 0 3 1 2 5 -1 -1 -1 -1 -1 -1 212683 1 15 40 30 28.5 2 6 2 5
0 0 0 1 1 6 1 1 0 3 1 2 5 -1 -1 -1 -1 -1 -1 213016 0 15 40 30 28.5 2 6 2 5
0 0 0 1 1 7 1 1 0 3 1 2 5 5 5 4 4 1 1 213383 0 15 40 30 28.5 2 4 2 5
0 0 0 1 1 1 6 1 0 3 1 2 6 -1 -1 -1 -1 -1 -1 213750 0 15 40 30 28.5 2 4 2 5
0 0 0 1 1 4 6 1 0 3 1 2 6 -1 -1 -1 -1 -1 -1 214083 1 15 40 30 28.5 2 4 2 5
0 0 0 1 1 6 1 1 0 3 1 2 5 -1 -1 -1 -1 -1 -1 214450 0 15 40 30 28.5 2 4 2 5
0 0 0 8 1 1 1 1 0 3 1 2 3 3 5 4 4 1 0 214783 0 15 40 30 28.5 2 4 2 5
0 0 0 6 1 1 1 1 0 3 1 2 3 -1 -1 -1 -1 -1 -1 215150 0 15 40 29 28 2 4 2 5
0 0 0 6 1 1 1 4 0 3 1 2 3 -1 -1 -1 -1 -1 -1 215483 1 15 40 29 28 2 4 2 5
0 0 0 6 1 1 1 1 0 3 1 2 3 -1 -1 -1 -1 -1 -1 215850 0 15 40 29 28 2 4 2 5
0 0 0 7 1 1 1 1 0 3 1 2 3 3 5 4 4 1 1 216217 0 15 40 29 28 2 5 2 5
0 0 0 6 1 1 1 1 0 3 1 2 3 -1 -1 -1 -1 -1 -1 216583 0 15 40 29 28 2 5 2 5
0 0 0 6 1 4 1 1 0 3 1 2 3 -1 -1 -1 -1 -1 -1 216917 1 15 40 29 28 2 5 2 5
0 0 0 6 1 1 1 1 0 3 1 2 3 -1 -1 -1 -1 -1 -1 217284 0 15 40 29 28 2 5 2 5
0 0 0 7 1 1 1 1 0 3 1 2 3 3 5 4 4 1 1 217650 0 15 40 29 28 2 6 2 5
0 0 0 6 1 1 1 1 0 3 1 2 3 -1 -1 -1 -1 -1 -1 217984 0 15 40 30 28.5 2 6 2 5
0 0 0 1 6 1 4 1 0 3 1 2 4 -1 -1 -1 -1 -1 -1 218351 1 15 40 30 28.5 2 6 2 5
0 0 0 1 1 6 1 1 0 3 1 2 5 -1 -1 -1 -1 -1 -1 218684 0 15 40 30 28.5 2 6 2 5
0 0 0 1 2 8 1 1 0 3 1 2 5 4 5 4 4 1 0 219051 0 15 40 30 28.5 2 6 2 5
0 0 0 1 1 6 1 1 0 3 1 2 5 -1 -1 -1 -1 -1 -1 219417 0 15 40 29 28 2 6 2 5
0 0 0 1 4 6 1 1 0 3 1 2 5 -1 -1 -1 -1 -1 -1 219751 1 15 40 29 28 2 6 2 5
0 0 0 1 1 6 1 1 0 3 1 2 5 -1 -1 -1 -1 -1 -1 220118 0 15 40 29 28 2 6 2 5
0 0 0 1 1 7 1 1 0 3 1 2 5 5 5 4 4 1 1 220484 0 15 40 29 28 2 5 2 5
0 0 0 1 1 6 1 1 0 3 1 2 5 -1 -1 -1 -1 -1 -1 220818 0 15 40 29 28 2 5 2 5
0 0 0 1 4 6 1 1 0 3 1 2 5 -1 -1 -1 -1 -1 -1 221184 1 15 40 29 28 2 5 2 5
0 0 0 1 1 6 1 1 0 3 1 2 5 -1 -1 -1 -1 -1 -1 221551 0 15 40 29 28 2 5 2 5
0 0 0 1 1 7 1 1 0 3 1 2 5 5 5 4 4 1 1 221918 0 15 40 29 28 2 8 0 5
0 0 0 1 1 6 1 1 0 3 1 2 5 -1 -1 -1 -1 -1 -1 222251 0 15 40 30 28.5 2 8 0 5
0 0 0 1 1 6 1 4 0 3 1 2 5 -1 -1 -1 -1 -1 -1 222618 1 15 40 30 28.5 2 8 0 5
0 0 0 1 6 1 1 1 0 3 1 2 4 -1 -1 -1 -1 -1 -1 222952 0 15 40 30 28.5 2 8 0 5
0 0 0 2 8 1 1 1 0 3 1 2 4 3 5 4 4 1 0 223318 0 15 40 30 28.5 2 6 2 5
0 0 0 6 1 1 1 1 0 3 1 2 3 -1 -1 -1 -1 -1 -1 223652 0 15 40 29 28 2 6 2 5
0 0 0 6 1 4 1 1 0 3 1 2 3 -1 -1 -1 -1 -1 -1 224018 1 15 40 29 28 2 6 2 5
0 0 0 6 1 1 1 1 0 3 1 2 3 -1 -1 -1 -1 -1 -1 224385 0 15 40 29 28 2 6 2 5
0 0 0 7 1 1 1 1 0 3 1 2 3 3 5 4 4 1 1 224719 0 15 40 29 28 2 4 2 5
0 0 0 6 1 1 1 1 0 3 1 2 3 -1 -1 -1 -1 -1 -1 225085 0 15 40 29 28 2 4 2 5
0 0 0 6 1 4 1 1 0 3 1 2 3 -1 -1 -1 -1 -1 -1 225452 1 15 40 29 28 2 4 2 5
0 0 0 6 1 1 1 1 0 3 1 2 3 -1 -1 -1 -1 -1 -1 225819 0 15 40 29 28 2 4 2 5
0 0 0 1 8 2 1 1 0 3 1 2 4 5 5 4 4 1 0 226152 0 15 40 29 28 2 4 2 5
0 0 0 1 1 6 1 1 0 3 1 2 5 -1 -1 -1 -1 -1 -1 226519 0 15 40 28 27.5 2 4 2 5
0 0 0 1 4 6 1 1 0 3 1 2 5 -1 -1 -1 -1 -1 -1 226886 1 15 40 28 27.5 2 4 2 5
0 0 0 1 1 1 1 6 0 3 1 2 7 -1 -1 -1 -1 -1 -1 227252 0 15 40 28 27.5 2 4 2 5
0 0 0 1 1 1 1 7 0 3 1 2 7 7 5 4 4 1 1 227619 0 15 40 28 27.5 2 5 2 5
0 0 0 1 1 1 1 6 0 3 1 2 7 -1 -1 -1 -1 -1 -1 227986 0 15 40 28 27.5 2 5 2 5
0 0 0 1 4 1 6 1 0 3 1 2 6 -1 -1 -1 -1 -1 -1 228353 1 15 40 28 27.5 2 5 2 5
0 0 0 1 1 6 1 1 0 3 1 2 5 -1 -1 -1 -1 -1 -1 228719 0 15 40 28 27.5 2 5 2 5
0 0 0 1 1 7 1 1 0 3 1 2 5 5 5 4 4 1 1 229086 0 15 40 28 27.5 2 6 2 5
0 0 0 1 1 6 1 1 0 3 1 2 5 -1 -1 -1 -1 -1 -1 229420 0 15 40 29 28 2 6 2 5
0 0 0 1 4 6 1 1 0 3 1 2 5 -1 -1 -1 -1 -1 -1 229786 1 15 40 29 28 2 6 2 5
0 0 0 1 1 6 1 1 0 3 1 2 5 -1 -1 -1 -1 -1 -1 230153 0 15 40 29 28 2 6 2 5
0 0 0 1 1 7 1 1 0 3 1 2 5 5 5 4 4 1 1 230486 0 15 40 29 28 2 6 2 5
0 0 0 1 1 6 1 1 0 3 1 2 5 -1 -1 -1 -1 -1 -1 230853 0 15 40 29 28 2 6 2 5
0 0 0 1 6 1 1 4 0 3 1 2 4 -1 -1 -1 -1 -1 -1 231220 1 15 40 29 28 2 6 2 5
0 0 0 1 6 1 1 1 0 3 1 2 4 -1 -1 -1 -1 -1 -1 231587 0 15 40 29 28 2 6 2 5
0 0 0 1 7 1 1 1 0 3 1 2 4 4 5 4 4 1 1 231920 0 15 40 29 28 2 5 2 5
0 0 0 1 6 1 1 1 0 3 1 2 4 -1 -1 -1 -1 -1 -1 232287 0 15 40 30 28.5 2 5 2 5
0 0 0 4 6 1 1 1 0 3 1 2 4 -1 -1 -1 -1 -1 -1 232620 1 15 40 30 28.5 2 5 2 5
0 0 0 1 1 6 1 1 0 3 1 2 5 -1 -1 -1 -1 -1 -1 232987 0 15 40 30 28.5 2 5 2 5
0 0 0 1 1 1 8 1 0 3 1 2 6 6 5 4 4 1 0 233320 0 15 40 30 28.5 2 8 0 5
0 0 0 1 1 1 6 1 0 3 1 2 6 -1 -1 -1 -1 -1 -1 233687 0 15 40 29 28 2 8 0 5
0 0 0 0 1 6 1 0 1 4 1 0 5 -1 -1 -1 -1 -1 -1 244356 0 15 40 20 60 2 8 0 3
0 0 0 0 1 6 1 0 1 4 1 0 5 -1 -1 -1 -1 -1 -1 244523 0 15 40 20 60 2 8 0 3
0 0 0 0 1 6 1 0 1 4 1 0 5 -1 -1 -1 -1 -1 -1 244689 0 15 40 20 60 2 5 2 3
0 0 0 0 1 6 1 0 1 4 1 0 5 -1 -1 -1 -1 -1 -1 244856 0 15 40 20 52.4 2 5 2 3
0 0 0 0 1 6 1 0 1 4 1 0 5 -1 -1 -1 -1 -1 -1 245090 0 15 40 20 34.6666 2 5 2 3
0 0 0 0 1 6 1 0 1 4 1 0 5 -1 -1 -1 -1 -1 -1 245490 0 15 40 20 22 2 5 2 3
0 0 0 0 1 6 1 0 1 4 1 0 5 -1 -1 -1 -1 -1 -1 245956 0 15 40 20 22 2 4 2 3
0 0 0 0 1 6 1 0 1 4 1 0 5 -1 -1 -1 -1 -1 -1 246423 0 15 40 20 22 2 4 2 3
0 0 0 0 1 6 1 0 1 4 1 0 5 -1 -1 -1 -1 -1 -1 246857 0 15 40 20 22 2 4 2 3
0 0 0 0 1 1 6 0 1 4 1 0 6 -1 -1 -1 -1 -1 -1 247323 0 15 40 20 22 2 4 2 3
0 0 0 0 1 1 8 0 1 4 1 0 6 6 3 8 3 0 1 247790 0 15 40 20 22 2 5 2 3
0 0 0 0 1 1 6 0 1 4 1 0 6 -1 -1 -1 -1 -1 -1 248257 0 15 40 19 21 2 5 2 3
0 0 0 0 1 6 1 0 1 4 1 0 5 -1 -1 -1 -1 -1 -1 248724 0 15 40 19 21 2 5 2 3
0 0 0 0 1 1 6 0 1 4 1 0 6 -1 -1 -1 -1 -1 -1 249190 0 15 40 19 21 2 5 2 3
0 0 0 0 1 3 6 0 1 4 1 0 6 5 2 5 0 0 0 249691 0 15 40 19 21 2 5 2 3
0 0 0 0 1 1 6 0 1 4 1 0 6 -1 -1 -1 -1 -1 -1 250157 0 15 40 19 21 2 5 2 3
0 0 0 0 1 6 1 0 1 4 1 0 5 -1 -1 -1 -1 -1 -1 250624 0 15 40 19 21 2 5 2 3
0 0 0 0 1 6 1 0 1 4 1 0 5 -1 -1 -1 -1 -1 -1 251124 0 15 40 19 21 2 5 2 3
0 0 0 0 3 6 1 0 1 4 1 0 5 4 1 7 2 0 0 251591 0 15 40 19 21 2 5 2 3
0 0 0 0 1 6 1 0 1 4 1 0 5 -1 -1 -1 -1 -1 -1 252058 0 15 40 19 21 2 5 2 3
0 0 0 0 1 1 6 0 1 4 1 0 6 -1 -1 -1 -1 -1 -1 252524 0 15 40 19 21 2 5 2 3
0 0 0 0 1 1 6 0 1 4 1 0 6 -1 -1 -1 -1 -1 -1 253025 0 15 40 19 21 2 5 2 3
0 0 0 0 1 1 8 0 1 4 1 0 6 6 2 5 0 0 1 253491 0 15 40 19 21 2 5 2 3
0 0 0 0 1 1 6 0 1 4 1 0 6 -1 -1 -1 -1 -1 -1 253991 0 15 40 18 19 2 5 2 3
0 0 0 0 1 6 1 0 1 4 1 0 5 -1 -1 -1 -1 -1 -1 254525 0 15 40 18 19 2 5 2 3
0 0 0 0 6 1 1 0 1 4 1 0 4 -1 -1 -1 -1 -1 -1 255058 0 15 40 18 19 2 5 2 3
0 0 0 0 7 1 1 0 1 4 1 0 4 4 2 5 0 1 1 255592 0 15 40 18 19 2 6 2 3
0 0 0 0 6 1 1 0 1 4 1 0 4 -1 -1 -1 -1 -1 -1 256125 0 15 40 18 19 2 6 2 3
0 0 0 0 6 1 1 0 1 4 1 0 4 -1 -1 -1 -1 -1 -1 256625 0 15 40 18 19 2 6 2 3
0 0 0 0 1 6 1 0 1 4 1 0 5 -1 -1 -1 -1 -1 -1 257158 0 15 40 18 19 2 6 2 3
0 0 0 1 1 8 1 1 1 4 1 0 5 5 1 7 2 0 1 257691 0 15 40 18 19 2 8 0 5
0 0 0 1 1 6 1 1 1 4 1 1 5 -1 -1 -1 -1 -1 -1 258291 0 15 40 17 16 2 8 0 5
0 0 0 1 6 1 1 1 1 4 1 1 4 -1 -1 -1 -1 -1 -1 258925 0 15 40 17 16 2 8 0 5
0 0 0 1 6 1 1 1 1 4 1 1 4 -1 -1 -1 -1 -1 -1 259558 0 15 40 17 16 2 8 0 5
0 0 0 1 8 1 1 1 1 4 1 1 4 4 2 5 0 0 1 260158 0 15 40 17 16 2 5 2 5
0 0 0 1 6 1 1 1 1 4 1 1 4 -1 -1 -1 -1 -1 -1 260924 0 15 40 16 13 2 5 2 5
0 0 0 1 6 1 1 1 1 4 1 1 4 -1 -1 -1 -1 -1 -1 261691 0 15 40 16 13 2 5 2 5
0 0 0 1 6 1 1 1 1 4 1 1 4 -1 -1 -1 -1 -1 -1 262457 0 15 40 16 13 2 5 2 5
0 0 0 1 7 1 1 1 1 4 1 1 4 4 2 5 0 1 1 263223 0 15 40 16 13 2 4 2 5
0 0 0 1 6 1 1 1 1 4 1 1 4 -1 -1 -1 -1 -1 -1 263990 0 15 40 16 13 2 4 2 5
0 0 0 1 6 1 1 1 1 4 1 1 4 -1 -1 -1 -1 -1 -1 264756 0 15 40 16 13 2 4 2 5
0 0 0 1 6 1 1 1 1 4 1 1 4 -1 -1 -1 -1 -1 -1 265523 0 15 40 16 13 2 4 2 5
0 0 0 1 7 1 1 1 1 4 1 1 4 4 2 5 0 1 1 266289 0 15 40 16 13 2 5 2 5
0 0 0 1 6 1 1 1 1 4 1 1 4 -1 -1 -1 -1 -1 -1 266956 0 15 40 17 16 2 5 2 5
0 0 0 1 6 1 1 1 1 4 1 1 4 -1 -1 -1 -1 -1 -1 267556 0 15 40 17 16 2 5 2 5
0 0 0 1 1 6 1 1 1 4 1 1 5 -1 -1 -1 -1 -1 -1 268189 0 15 40 17 16 2 5 2 5
0 0 0 3 1 6 1 1 1 4 1 1 5 3 1 7 2 0 0 268822 0 15 40 17 16 2 5 2 5
0 0 0 1 1 6 1 1 1 4 1 1 5 -1 -1 -1 -1 -1 -1 269455 0 15 40 17 16 2 5 2 5
0 0 0 1 1 6 1 1 1 4 1 1 5 -1 -1 -1 -1 -1 -1 270055 0 15 40 17 16 2 5 2 5
0 0 0 1 6 1 1 1 1 4 1 1 4 -1 -1 -1 -1 -1 -1 270688 0 15 40 17 16 2 5 2 5
0 0 0 1 8 1 1 1 1 4 1 1 4 4 3 8 3 0 1 271322 0 15 40 17 16 2 5 2 5
0 0 0 1 6 1 1 1 1 4 1 1 4 -1 -1 -1 -1 -1 -1 272055 0 15 40 16 13 2 5 2 5
0 0 0 1 6 1 1 1 1 4 1 1 4 -1 -1 -1 -1 -1 -1 272821 0 15 40 16 13 2 5 2 5
0 0 0 1 6 1 1 1 1 4 1 1 4 -1 -1 -1 -1 -1 -1 273588 0 15 40 16 13 2 5 2 5
0 0 0 1 6 3 1 1 1 4 1 1 4 5 1 7 2 0 0 274354 0 15 40 16 13 2 5 2 5
0 0 0 1 6 1 1 1 1 4 1 1 4 -1 -1 -1 -1 -1 -1 275121 0 15 40 16 13 2 5 2 5
0 0 0 1 6 1 1 1 1 4 1 1 4 -1 -1 -1 -1 -1 -1 275887 0 15 40 16 13 2 5 2 5
0 0 0 1 6 1 1 1 1 4 1 1 4 -1 -1 -1 -1 -1 -1 276687 0 15 40 16 13 2 5 2 5
0 0 0 1 7 1 1 1 1 4 1 1 4 4 1 7 2 1 1 277453 0 15 40 16 13 2 6 2 5
0 0 0 1 6 1 1 1 1 4 1 1 4 -1 -1 -1 -1 -1 -1 278220 0 15 40 16 13 2 6 2 5
0 0 0 1 6 1 1 1 1 4 1 1 4 -1 -1 -1 -1 -1 -1 278986 0 15 40 16 13 2 6 2 5
0 0 0 6 1 1 1 1 1 4 1 1 3 -1 -1 -1 -1 -1 -1 279753 0 15 40 16 13 2 6 2 5
0 0 0 8 1 1 1 1 1 4 1 1 3 3 0 6 1 0 1 280519 0 15 40 16 13 2 8 0 5
0 0 0 6 1 1 1 1 1 4 1 2 3 -1 -1 -1 -1 -1 -1 281486 0 15 40 15 10 2 8 0 5
0 0 0 6 1 1 1 1 1 4 1 2 3 -1 -1 -1 -1 -1 -1 282485 0 15 40 15 10 2 8 0 5
0 0 0 6 1 1 1 1 1 4 1 2 3 -1 -1 -1 -1 -1 -1 283485 0 15 40 15 10 2 8 0 5
0 0 0 7 1 1 1 1 1 4 1 2 3 3 0 6 1 1 1 284485 0 15 40 15 10 2 5 2 5
0 0 0 6 1 1 1 1 1 4 1 2 3 -1 -1 -1 -1 -1 -1 285485 0 15 40 15 10 2 5 2 5
0 0 0 1 6 1 1 4 1 4 1 2 4 -1 -1 -1 -1 -1 -1 286484 1 15 40 15 10 2 5 2 5
0 0 0 1 6 1 1 1 1 4 1 2 4 -1 -1 -1 -1 -1 -1 287484 0 15 40 15 10 2 5 2 5
0 0 0 1 7 1 1 1 1 4 1 2 4 4 0 6 1 1 1 288484 0 15 40 15 10 2 4 2 5
0 0 0 1 6 1 1 1 1 4 1 2 4 -1 -1 -1 -1 -1 -1 289284 0 15 40 16 13 2 4 2 5
0 0 0 1 6 4 1 1 1 4 1 2 4 -1 -1 -1 -1 -1 -1 290050 1 15 40 16 13 2 4 2 5
0 0 0 1 6 1 1 1 1 4 1 2 4 -1 -1 -1 -1 -1 -1 290817 0 15 40 16 13 2 4 2 5
0 0 0 3 6 1 1 1 1 4 1 2 4 3 3 8 3 0 0 291583 0 15 40 16 13 2 5 2 5
0 0 0 1 1 6 1 1 1 4 1 2 5 -1 -1 -1 -1 -1 -1 292383 0 15 40 16 13 2 5 2 5
0 0 0 4 1 6 1 1 1 4 1 2 5 -1 -1 -1 -1 -1 -1 293150 1 15 40 16 13 2 5 2 5
0 0 0 1 1 6 1 1 1 4 1 2 5 -1 -1 -1 -1 -1 -1 293916 0 15 40 16 13 2 5 2 5
0 0 0 1 3 1 6 1 1 4 1 2 6 4 2 5 0 0 0 294682 0 15 40 16 13 2 5 2 5
0 0 0 1 1 1 6 1 1 4 1 2 6 -1 -1 -1 -1 -1 -1 295449 0 15 40 16 13 2 5 2 5
0 0 0 1 1 4 6 1 1 4 1 2 6 -1 -1 -1 -1 -1 -1 296215 1 15 40 16 13 2 5 2 5
0 0 0 1 1 1 6 1 1 4 1 2 6 -1 -1 -1 -1 -1 -1 296982 0 15 40 16 13 2 5 2 5
0 0 0 3 1 6 1 1 1 4 1 2 5 3 1 7 2 0 0 297748 0 15 40 16 13 2 5 2 5
0 0 0 1 1 6 1 1 1 4 1 2 5 -1 -1 -1 -1 -1 -1 298515 0 15 40 16 13 2 5 2 5
0 0 0 4 1 6 1 1 1 4 1 2 5 -1 -1 -1 -1 -1 -1 299281 1 15 40 16 13 2 5 2 5
0 0 0 1 1 6 1 1 1 4 1 2 5 -1 -1 -1 -1 -1 -1 300048 0 15 40 16 13 2 5 2 5
0 0 0 3 1 6 1 1 1 4 1 2 5 3 3 8 3 0 0 300814 0 15 40 16 13 2 5 2 5
0 0 0 1 1 6 1 1 1 4 1 2 5 -1 -1 -1 -1 -1 -1 301581 0 15 40 16 13 2 5 2 5
0 0 0 1 1 6 1 4 1 4 1 2 5 -1 -1 -1 -1 -1 -1 302347 1 15 40 16 13 2 5 2 5
0 0 0 1 1 6 1 1 1 4 1 2 5 -1 -1 -1 -1 -1 -1 303147 0 15 40 16 13 2 5 2 5
0 0 0 1 3 6 1 1 1 4 1 2 5 4 2 5 0 0 0 303914 0 15 40 16 13 2 6 2 5
0 0 0 1 1 6 1 1 2 0 1 2 5 -1 -1 -1 -1 -1 -1 313145 0 15 16 15 60 2 8 0 5
0 0 0 1 1 6 1 1 2 0 1 2 5 -1 -1 -1 -1 -1 -1 313311 0 15 16 15 60 2 8 0 5
0 0 0 1 1 6 1 1 2 0 1 2 5 -1 -1 -1 -1 -1 -1 313478 0 15 16 15 60 2 5 2 5
0 0 0 1 1 6 1 1 2 0 1 2 5 -1 -1 -1 -1 -1 -1 313645 0 15 16 15 50 2 5 2 5
0 0 0 1 1 6 1 1 2 0 1 2 5 -1 -1 -1 -1 -1 -1 313944 0 15 16 15 20 2 5 2 5
0 0 0 1 1 6 1 1 2 0 1 2 5 -1 -1 -1 -1 -1 -1 314878 0 15 16 15 10 2 5 2 5
0 0 0 1 1 6 1 1 2 0 1 2 5 -1 -1 -1 -1 -1 -1 315877 0 15 16 15 10 2 5 2 5
0 0 0 1 1 6 1 1 2 0 1 2 5 -1 -1 -1 -1 -1 -1 316877 0 15 16 15 10 2 5 2 5
0 0 0 1 1 6 1 1 2 0 1 2 5 -1 -1 -1 -1 -1 -1 317877 0 15 16 15 10 2 5 2 5
0 0 0 1 1 6 1 1 2 0 1 2 5 -1 -1 -1 -1 -1 -1 318877 0 15 16 15 10 2 5 2 5
0 0 0 1 1 8 1 1 2 0 1 2 5 5 3 4 3 0 1 319876 0 15 16 15 10 2 4 2 5
0 0 0 1 1 6 1 1 2 0 1 2 5 -1 -1 -1 -1 -1 -1 320876 0 15 16 15 10 2 4 2 5
0 0 0 1 4 6 1 1 2 0 1 2 5 -1 -1 -1 -1 -1 -1 321876 1 15 16 15 10 2 4 2 5
0 0 0 1 6 1 1 1 2 0 1 2 4 -1 -1 -1 -1 -1 -1 322876 0 15 16 15 10 2 4 2 5
0 0 0 1 8 1 1 1 2 0 1 2 4 4 0 4 1 0 1 323875 0 15 16 15 10 2 5 2 5
0 0 0 1 6 1 1 1 2 0 1 2 4 -1 -1 -1 -1 -1 -1 324875 0 15 16 15 10 2 5 2 5
0 0 0 1 1 6 1 4 2 0 1 2 5 -1 -1 -1 -1 -1 -1 325875 1 15 16 15 10 2 5 2 5
0 0 0 1 1 6 1 1 2 0 1 2 5 -1 -1 -1 -1 -1 -1 326875 0 15 16 15 10 2 5 2 5
0 0 0 1 1 8 1 1 2 0 1 2 5 5 3 4 3 0 1 327874 0 15 16 15 10 2 5 2 5
0 0 0 1 1 6 1 1 2 0 1 2 5 -1 -1 -1 -1 -1 -1 328874 0 15 16 15 10 2 5 2 5
0 0 0 1 6 1 4 1 2 0 1 2 4 -1 -1 -1 -1 -1 -1 329874 1 15 16 15 10 2 5 2 5
0 0 0 1 6 1 1 1 2 0 1 2 4 -1 -1 -1 -1 -1 -1 330874 0 15 16 15 10 2 5 2 5
0 0 0 1 7 1 1 1 2 0 1 2 4 4 3 4 3 1 1 331873 0 15 16 15 10 2 4 2 5
0 0 0 1 6 1 1 1 2 0 1 2 4 -1 -1 -1 -1 -1 -1 332873 0 15 16 15 10 2 4 2 5
0 0 0 1 6 4 1 1 2 0 1 2 4 -1 -1 -1 -1 -1 -1 333873 1 15 16 15 10 2 4 2 5
0 0 0 1 6 1 1 1 2 0 1 2 4 -1 -1 -1 -1 -1 -1 334873 0 15 16 15 10 2 4 2 5
0 0 0 1 1 8 1 1 2 0 1 2 5 5 0 4 1 0 1 335872 0 15 16 15 10 2 5 2 5
0 0 0 1 1 6 1 1 2 0 1 2 5 -1 -1 -1 -1 -1 -1 336872 0 15 16 15 10 2 5 2 5
0 0 0 1 4 6 1 1 2 0 1 2 5 -1 -1 -1 -1 -1 -1 337872 1 15 16 15 10 2 5 2 5
0 0 0 1 6 1 1 1 2 0 1 2 4 -1 -1 -1 -1 -1 -1 338872 0 15 16 15 10 2 5 2 5
0 0 0 1 8 1 1 1 2 0 1 2 4 4 2 4 0 0 1 339871 0 15 16 15 10 2 8 0 5
0 0 0 1 1 6 1 1 2 0 1 2 5 -1 -1 -1 -1 -1 -1 340871 0 15 16 15 10 2 8 0 5
0 0 0 1 4 6 1 1 2 0 1 2 5 -1 -1 -1 -1 -1 -1 341871 1 15 16 15 10 2 8 0 5
0 0 0 1 1 6 1 1 2 0 1 2 5 -1 -1 -1 -1 -1 -1 342871 0 15 16 15 10 2 8 0 5
0 0 0 1 1 8 1 1 2 0 1 2 5 5 3 4 3 0 1 343870 0 15 16 15 10 2 5 2 5
0 0 0 1 1 6 1 1 2 0 1 2 5 -1 -1 -1 -1 -1 -1 344870 0 15 16 15 10 2 5 2 5
0 0 0 4 1 1 1 6 2 0 1 2 7 -1 -1 -1 -1 -1 -1 345870 1 15 16 15 10 2 5 2 5
0 0 0 1 1 1 1 6 2 0 1 2 7 -1 -1 -1 -1 -1 -1 346870 0 15 16 15 10 2 5 2 5
0 0 0 1 1 1 1 7 2 0 1 2 7 7 3 4 3 1 1 347869 0 15 16 15 10 2 5 2 5
0 0 0 1 1 1 6 1 2 0 1 2 6 -1 -1 -1 -1 -1 -1 348869 0 15 16 15 10 2 5 2 5
0 0 0 1 1 6 1 4 2 0 1 2 5 -1 -1 -1 -1 -1 -1 349869 1 15 16 15 10 2 5 2 5
0 0 0 1 1 6 1 1 2 0 1 2 5 -1 -1 -1 -1 -1 -1 350869 0 15 16 15 10 2 5 2 5
0 0 0 1 1 6 3 1 2 0 1 2 5 6 1 4 2 0 0 351869 0 15 16 15 10 2 4 2 5
0 0 0 1 1 6 1 1 2 0 1 2 5 -1 -1 -1 -1 -1 -1 352868 0 15 16 15 10 2 4 2 5
0 0 0 1 1 6 4 1 2 0 1 2 5 -1 -1 -1 -1 -1 -1 353868 1 15 16 15 10 2 4 2 5
0 0 0 1 1 1 6 1 2 0 1 2 6 -1 -1 -1 -1 -1 -1 354868 0 15 16 15 10 2 4 2 5
0 0 0 1 1 3 6 1 2 0 1 2 6 5 2 4 0 0 0 355868 0 15 16 15 10 2 5 2 5
0 0 0 1 1 1 6 1 2 0 1 2 6 -1 -1 -1 -1 -1 -1 356867 0 15 16 15 10 2 5 2 5
0 0 0 4 1 1 1 6 2 0 1 2 7 -1 -1 -1 -1 -1 -1 357867 1 15 16 15 10 2 5 2 5
0 0 0 1 1 1 1 6 2 0 1 2 7 -1 -1 -1 -1 -1 -1 358867 0 15 16 15 10 2 5 2 5
0 0 0 1 1 1 1 7 2 0 1 2 7 7 2 4 0 1 1 359867 0 15 16 15 10 2 5 2 5
0 0 0 1 1 1 1 6 2 0 1 2 7 -1 -1 -1 -1 -1 -1 360666 0 15 16 16 13 2 5 2 5
0 0 0 1 4 1 1 6 2 0 1 2 7 -1 -1 -1 -1 -1 -1 361433 1 15 16 16 13 2 5 2 5
0 0 0 1 1 1 1 6 2 0 1 2 7 -1 -1 -1 -1 -1 -1 362199 0 15 16 16 13 2 5 2 5
0 0 0 1 1 1 1 7 2 0 1 2 7 7 2 4 0 1 1 362966 0 15 16 16 13 2 4 2 5
0 0 0 1 1 1 1 6 2 0 1 2 7 -1 -1 -1 -1 -1 -1 363766 0 15 16 16 13 2 4 2 5
0 0 0 1 1 4 1 6 2 0 1 2 7 -1 -1 -1 -1 -1 -1 364532 1 15 16 16 13 2 4 2 5
0 0 0 1 1 1 6 1 2 0 1 2 6 -1 -1 -1 -1 -1 -1 365299 0 15 16 16 13 2 4 2 5
0 0 0 1 1 6 3 1 2 0 1 2 5 6 3 4 3 0 0 366065 0 15 16 16 13 2 5 2 5
0 0 0 1 1 6 1 1 2 0 1 2 5 -1 -1 -1 -1 -1 -1 366832 0 15 16 16 13 2 5 2 5
0 0 0 1 4 6 1 1 2 0 1 2 5 -1 -1 -1 -1 -1 -1 367598 1 15 16 16 13 2 5 2 5
0 0 0 1 1 6 1 1 2 0 1 2 5 -1 -1 -1 -1 -1 -1 368364 0 15 16 16 13 2 5 2 5
0 0 0 1 1 6 3 1 2 0 1 2 5 6 0 4 1 0 0 369131 0 15 16 16 13 2 8 0 5
0 0 0 1 1 1 6 1 2 0 1 2 6 -1 -1 -1 -1 -1 -1 369897 0 15 16 16 13 2 8 0 5
0 0 0 1 1 4 6 1 2 0 1 2 6 -1 -1 -1 -1 -1 -1 370664 1 15 16 16 13 2 8 0 5
0 0 0 1 1 6 1 1 2 0 1 2 5 -1 -1 -1 -1 -1 -1 371430 0 15 16 16 13 2 8 0 5
0 0 0 1 3 6 1 1 2 0 1 2 5 4 2 4 0 0 0 372197 0 15 16 16 13 2 5 2 5
0 0 0 1 1 6 1 1 2 0 1 2 5 -1 -1 -1 -1 -1 -1 372963 0 15 16 16 13 2 5 2 5
0 0 0 4 1 6 1 1 2 0 1 2 5 -1 -1 -1 -1 -1 -1 373763 1 15 16 16 13 2 5 2 5
0 0 0 1 1 6 1 1 2 0 1 2 5 -1 -1 -1 -1 -1 -1 374530 0 15 16 16 13 2 5 2 5
0 0 0 1 3 6 1 1 2 0 1 2 5 4 0 4 1 0 0 375296 0 15 16 16 13 2 5 2 5
0 0 0 1 6 1 1 1 2 0 1 2 4 -1 -1 -1 -1 -1 -1 376063 0 15 16 16 13 2 5 2 5
0 0 0 1 6 1 4 1 2 0 1 2 4 -1 -1 -1 -1 -1 -1 376829 1 15 16 16 13 2 5 2 5
0 0 0 1 6 1 1 1 2 0 1 2 4 -1 -1 -1 -1 -1 -1 377596 0 15 16 16 13 2 5 2 5
0 0 0 1 7 1 1 1 2 0 1 2 4 4 0 4 1 1 1 378362 0 15 16 16 13 2 4 2 5
0 0 0 1 6 1 1 1 2 0 1 2 4 -1 -1 -1 -1 -1 -1 379129 0 15 16 16 13 2 4 2 5
0 0 0 1 1 6 1 4 2 0 1 2 5 -1 -1 -1 -1 -1 -1 379895 1 15 16 16 13 2 4 2 5
0 0 0 1 1 6 1 1 2 0 1 2 5 -1 -1 -1 -1 -1 -1 380661 0 15 16 16 13 2 4 2 5
0 0 0 1 1 1 8 1 2 0 1 2 6 6 2 4 0 0 1 381428 0 15 16 16 13 2 5 2 5
0 0 0 1 1 1 6 1 2 0 1 2 6 -1 -1 -1 -1 -1 -1 382394 0 15 16 15 10 2 5 2 5
0 0 0 1 4 1 6 1 2 0 1 2 6 -1 -1 -1 -1 -1 -1 383394 1 15 16 15 10 2 5 2 5
0 0 0 1 1 1 6 1 2 0 1 2 6 -1 -1 -1 -1 -1 -1 384394 0 15 16 15 10 2 5 2 5
0 0 0 1 1 1 7 1 2 0 1 2 6 6 2 4 0 1 1 385394 0 15 16 15 10 2 5 2 5
0 0 0 1 1 1 6 1 2 0 1 2 6 -1 -1 -1 -1 -1 -1 386393 0 15 16 15 10 2 5 2 5
0 0 0 1 1 4 6 1 2 0 1 2 6 -1 -1 -1 -1 -1 -1 387393 1 15 16 15 10 2 5 2 5
0 0 0 1 1 1 6 1 2 0 1 2 6 -1 -1 -1 -1 -1 -1 388393 0 15 16 15 10 2 5 2 5
0 0 0 1 1 3 6 1 2 0 1 2 6 5 1 4 2 0 0 389393 0 15 16 15 10 2 4 2 5
0 0 0 1 1 1 6 1 2 0 1 2 6 -1 -1 -1 -1 -1 -1 390392 0 15 16 15 10 2 4 2 5
0 0 0 1 4 1 6 1 2 0 1 2 6 -1 -1 -1 -1 -1 -1 391392 1 15 16 15 10 2 4 2 5
0 0 0 1 1 1 6 1 2 0 1 2 6 -1 -1 -1 -1 -1 -1 392392 0 15 16 15 10 2 4 2 5
0 0 0 1 1 3 6 1 2 0 1 2 6 5 3 4 3 0 0 393392 0 15 16 15 10 2 5 2 5
0 0 0 1 1 6 1 1 2 0 1 2 5 -1 -1 -1 -1 -1 -1 394391 0 15 16 15 10 2 5 2 5
0 0 0 4 6 1 1 1 2 0 1 2 4 -1 -1 -1 -1 -1 -1 395391 1 15 16 15 10 2 5 2 5
0 0 0 6 1 1 1 1 2 0 1 2 3 -1 -1 -1 -1 -1 -1 396391 0 15 16 15 10 2 5 2 5
0 0 0 7 1 1 1 1 2 0 1 2 3 3 3 4 3 1 1 397391 0 15 16 15 10 2 8 0 5
0 0 0 6 1 1 1 1 2 0 1 2 3 -1 -1 -1 -1 -1 -1 398191 0 15 16 16 13 2 8 0 5
0 0 0 6 1 4 1 1 2 0 1 2 3 -1 -1 -1 -1 -1 -1 398957 1 15 16 16 13 2 8 0 5
0 0 0 6 1 1 1 1 2 0 1 2 3 -1 -1 -1 -1 -1 -1 399723 0 15 16 16 13 2 8 0 5
0 0 0 6 3 1 1 1 2 0 1 2 3 4 1 4 2 0 0 400490 0 15 16 16 13 2 5 2 5
0 0 0 6 1 1 1 1 2 0 1 2 3 -1 -1 -1 -1 -1 -1 401256 0 15 16 16 13 2 5 2 5
0 0 0 6 4 1 1 1 2 0 1 2 3 -1 -1 -1 -1 -1 -1 402056 1 15 16 16 13 2 5 2 5
0 0 0 6 1 1 1 1 2 0 1 2 3 -1 -1 -1 -1 -1 -1 402823 0 15 16 16 13 2 5 2 5
0 0 0 6 1 3 1 1 2 0 1 2 3 5 0 4 1 0 0 403589 0 15 16 16 13 2 5 2 5
0 0 0 6 1 1 1 1 2 0 1 2 3 -1 -1 -1 -1 -1 -1 404356 0 15 16 16 13 2 5 2 5
0 0 0 6 1 1 1 4 2 0 1 2 3 -1 -1 -1 -1 -1 -1 405122 1 15 16 16 13 2 5 2 5
0 0 0 6 1 1 1 1 2 0 1 2 3 -1 -1 -1 -1 -1 -1 405889 0 15 16 16 13 2 5 2 5
0 0 0 6 1 1 1 3 2 0 1 2 3 7 1 4 2 0 0 406655 0 15 16 16 13 2 4 2 5
0 0 0 6 1 1 1 1 2 0 1 2 3 -1 -1 -1 -1 -1 -1 407422 0 15 16 16 13 2 4 2 5
0 0 0 6 4 1 1 1 2 0 1 2 3 -1 -1 -1 -1 -1 -1 408188 1 15 16 16 13 2 4 2 5
0 0 0 1 6 1 1 1 2 0 1 2 4 -1 -1 -1 -1 -1 -1 408955 0 15 16 16 13 2 4 2 5
0 0 0 1 1 6 3 1 2 0 1 2 5 6 3 4 3 0 0 409721 0 15 16 16 13 2 5 2 5
0 0 0 1 1 6 1 1 2 0 1 2 5 -1 -1 -1 -1 -1 -1 410488 0 15 16 16 13 2 5 2 5
0 0 0 1 4 6 1 1 2 0 1 2 5 -1 -1 -1 -1 -1 -1 411254 1 15 16 16 13 2 5 2 5
0 0 0 1 6 1 1 1 2 0 1 2 4 -1 -1 -1 -1 -1 -1 412054 0 15 16 16 13 2 5 2 5
0 0 0 1 7 1 1 1 2 0 1 2 4 4 3 4 3 1 1 412820 0 15 16 16 13 2 5 2 5
0 0 0 1 6 1 1 1 2 0 1 2 4 -1 -1 -1 -1 -1 -1 413587 0 15 16 16 13 2 5 2 5
0 0 0 1 1 6 4 1 2 0 1 2 5 -1 -1 -1 -1 -1 -1 414353 1 15 16 16 13 2 5 2 5
0 0 0 1 1 6 1 1 2 0 1 2 5 -1 -1 -1 -1 -1 -1 415120 0 15 16 16 13 2 5 2 5
0 0 0 1 1 7 1 1 2 0 1 2 5 5 3 4 3 1 1 415886 0 15 16 16 13 2 4 2 5
0 0 0 1 1 6 1 1 2 0 1 2 5 -1 -1 -1 -1 -1 -1 416653 0 15 16 16 13 2 4 2 5
0 0 0 1 4 6 1 1 2 0 1 2 5 -1 -1 -1 -1 -1 -1 417419 1 15 16 16 13 2 4 2 5
0 0 0 1 1 6 1 1 2 0 1 2 5 -1 -1 -1 -1 -1 -1 418186 0 15 16 16 13 2 4 2 5
0 0 0 3 1 6 1 1 2 0 1 2 5 3 0 4 1 0 0 418952 0 15 16 16 13 2 5 2 5
0 0 0 1 1 6 1 1 2 0 1 2 5 -1 -1 -1 -1 -1 -1 419719 0 15 16 16 13 2 5 2 5
0 0 0 4 1 6 1 1 2 0 1 2 5 -1 -1 -1 -1 -1 -1 420485 1 15 16 16 13 2 5 2 5
0 0 0 1 1 6 1 1 2 0 1 2 5 -1 -1 -1 -1 -1 -1 421252 0 15 16 16 13 2 5 2 5
0 0 0 1 1 7 1 1 2 0 1 2 5 5 0 4 1 1 1 422018 0 15 16 16 13 2 8 0 5
0 0 0 0 1 6 1 0 3 1 1 0 5 -1 -1 -1 -1 -1 -1 495800 0 15 16 15 60 2 8 0 3
0 0 0 0 1 6 1 0 3 1 1 0 5 -1 -1 -1 -1 -1 -1 495967 0 15 16 15 60 2 8 0 3
0 0 0 0 1 6 1 0 3 1 1 0 5 -1 -1 -1 -1 -1 -1 496133 0 15 16 15 60 2 6 2 3
0 0 0 0 1 6 1 0 3 1 1 0 5 -1 -1 -1 -1 -1 -1 496300 0 15 16 15 50 2 6 2 3
0 0 0 0 1 6 1 0 3 1 1 0 5 -1 -1 -1 -1 -1 -1 496600 0 15 16 15 20 2 6 2 3
0 0 0 0 1 6 1 0 3 1 1 0 5 -1 -1 -1 -1 -1 -1 497533 0 15 16 15 10 2 6 2 3
0 0 0 0 1 6 1 0 3 1 1 0 5 -1 -1 -1 -1 -1 -1 498533 0 15 16 15 10 2 5 2 3
0 0 0 0 1 6 1 0 3 1 1 0 5 -1 -1 -1 -1 -1 -1 499532 0 15 16 15 10 2 5 2 3
0 0 0 0 1 1 6 0 3 1 1 0 6 -1 -1 -1 -1 -1 -1 500532 0 15 16 15 10 2 5 2 3
0 0 0 0 1 1 6 0 3 1 1 0 6 -1 -1 -1 -1 -1 -1 501532 0 15 16 15 10 2 5 2 3
0 0 0 0 1 1 8 0 3 1 1 0 6 6 4 7 2 0 1 502532 0 15 16 15 10 2 5 2 3
0 0 0 0 1 1 6 0 3 1 1 0 6 -1 -1 -1 -1 -1 -1 503531 0 15 16 15 10 2 5 2 3
0 0 0 0 1 6 1 0 3 1 1 0 5 -1 -1 -1 -1 -1 -1 504531 0 15 16 15 10 2 5 2 3
0 0 0 0 1 6 1 0 3 1 1 0 5 -1 -1 -1 -1 -1 -1 505531 0 15 16 15 10 2 5 2 3
0 0 0 0 1 6 3 0 3 1 1 0 5 6 4 8 3 0 0 506531 0 15 16 15 10 2 5 2 3
0 0 0 0 1 6 1 0 3 1 1 0 5 -1 -1 -1 -1 -1 -1 507530 0 15 16 15 10 2 5 2 3
0 0 0 0 1 6 1 0 3 1 1 0 5 -1 -1 -1 -1 -1 -1 508530 0 15 16 15 10 2 5 2 3
0 0 0 0 1 6 1 0 3 1 1 0 5 -1 -1 -1 -1 -1 -1 509530 0 15 16 15 10 2 5 2 3
0 0 0 0 1 6 3 0 3 1 1 0 5 6 4 6 1 0 0 510530 0 15 16 15 10 2 5 2 3
0 0 0 0 6 1 1 0 3 1 1 0 4 -1 -1 -1 -1 -1 -1 511530 0 15 16 15 10 2 5 2 3
0 0 0 0 6 1 1 0 3 1 1 0 4 -1 -1 -1 -1 -1 -1 512529 0 15 16 15 10 2 5 2 3
0 0 0 0 6 1 1 0 3 1 1 0 4 -1 -1 -1 -1 -1 -1 513529 0 15 16 15 10 2 5 2 3
0 0 0 0 7 1 1 0 3 1 1 0 4 4 4 6 1 1 1 514529 0 15 16 15 10 2 4 2 3
0 0 0 0 6 1 1 0 3 1 1 0 4 -1 -1 -1 -1 -1 -1 515529 0 15 16 15 10 2 4 2 3
0 0 0 0 1 1 6 0 3 1 1 0 6 -1 -1 -1 -1 -1 -1 516528 0 15 16 15 10 2 4 2 3
0 0 0 0 1 1 6 0 3 1 1 0 6 -1 -1 -1 -1 -1 -1 517528 0 15 16 15 10 2 4 2 3
0 0 0 0 1 1 7 0 3 1 1 0 6 6 4 6 1 1 1 518528 0 15 16 15 10 2 4 2 3
0 0 0 0 1 1 6 0 3 1 1 0 6 -1 -1 -1 -1 -1 -1 519328 0 15 16 16 13 2 4 2 3
0 0 0 0 1 1 6 0 3 1 1 0 6 -1 -1 -1 -1 -1 -1 520094 0 15 16 16 13 2 4 2 3
0 0 0 0 1 1 6 0 3 1 1 0 6 -1 -1 -1 -1 -1 -1 520894 0 15 16 16 13 2 4 2 3
0 0 0 0 3 1 6 0 3 1 1 0 6 4 4 8 3 0 0 521660 0 15 16 16 13 2 8 0 3
0 0 0 0 1 1 6 0 3 1 1 0 6 -1 -1 -1 -1 -1 -1 522427 0 15 16 16 13 2 8 0 3
0 0 0 0 1 6 1 0 3 1 1 0 5 -1 -1 -1 -1 -1 -1 523193 0 15 16 16 13 2 8 0 3
0 0 0 0 1 6 1 0 3 1 1 0 5 -1 -1 -1 -1 -1 -1 523960 0 15 16 16 13 2 8 0 3
0 0 0 0 1 6 3 0 3 1 1 0 5 6 4 5 0 0 0 524726 0 15 16 16 13 2 6 2 3
0 0 0 0 1 6 1 0 3 1 1 0 5 -1 -1 -1 -1 -1 -1 525493 0 15 16 16 13 2 6 2 3
0 0 0 0 6 1 1 0 3 1 1 0 4 -1 -1 -1 -1 -1 -1 526259 0 15 16 16 13 2 6 2 3
0 0 0 0 6 1 1 0 3 1 1 0 4 -1 -1 -1 -1 -1 -1 527026 0 15 16 16 13 2 6 2 3
0 0 0 0 7 1 1 0 3 1 1 0 4 4 4 5 0 1 1 527792 0 15 16 16 13 2 5 2 3
0 0 0 0 6 1 1 0 3 1 1 0 4 -1 -1 -1 -1 -1 -1 528559 0 15 16 16 13 2 5 2 3
0 0 0 0 1 6 1 0 3 1 1 0 5 -1 -1 -1 -1 -1 -1 529325 0 15 16 16 13 2 5 2 3
0 0 0 0 1 6 1 0 3 1 1 0 5 -1 -1 -1 -1 -1 -1 530092 0 15 16 16 13 2 5 2 3
0 0 0 0 1 6 3 0 3 1 1 0 5 6 4 6 1 0 0 530858 0 15 16 16 13 2 5 2 3
0 0 0 0 6 1 1 0 3 1 1 0 4 -1 -1 -1 -1 -1 -1 531658 0 15 16 16 13 2 5 2 3
0 0 0 0 6 1 1 0 3 1 1 0 4 -1 -1 -1 -1 -1 -1 532424 0 15 16 16 13 2 5 2 3
0 0 0 0 6 1 1 0 3 1 1 0 4 -1 -1 -1 -1 -1 -1 533191 0 15 16 16 13 2 5 2 3
0 0 0 0 7 1 1 0 3 1 1 0 4 4 4 6 1 1 1 533957 0 15 16 16 13 2 5 2 3
0 0 0 1 1 6 1 1 4 2 1 2 5 -1 -1 -1 -1 -1 -1 540089 0 15 16 15 60 2 8 0 5
0 0 0 1 1 6 1 1 4 2 1 2 5 -1 -1 -1 -1 -1 -1 540256 0 15 16 15 60 2 8 0 5
0 0 0 1 1 6 1 1 4 2 1 2 5 -1 -1 -1 -1 -1 -1 540423 0 15 16 15 60 2 4 2 5
0 0 0 1 1 6 1 1 4 2 1 2 5 -1 -1 -1 -1 -1 -1 540589 0 15 16 15 50 2 4 2 5
0 0 0 1 1 6 1 1 4 2 1 2 5 -1 -1 -1 -1 -1 -1 540889 0 15 16 15 20 2 4 2 5
0 0 0 1 1 6 1 1 4 2 1 2 5 -1 -1 -1 -1 -1 -1 541822 0 15 16 15 10 2 4 2 5
0 0 0 1 1 6 1 1 4 2 1 2 5 -1 -1 -1 -1 -1 -1 542822 0 15 16 15 10 2 6 2 5
0 0 0 1 1 6 1 1 4 2 1 2 5 -1 -1 -1 -1 -1 -1 543822 0 15 16 15 10 2 6 2 5
0 0 0 1 1 6 1 1 4 2 1 2 5 -1 -1 -1 -1 -1 -1 544821 0 15 16 15 10 2 6 2 5
0 0 0 1 1 6 1 1 4 2 1 2 5 -1 -1 -1 -1 -1 -1 545821 0 15 16 15 10 2 6 2 5
0 0 0 1 3 1 6 1 4 2 1 2 6 4 5 4 2 0 0 546821 0 15 16 15 10 2 6 2 5
0 0 0 1 1 1 6 1 4 2 1 2 6 -1 -1 -1 -1 -1 -1 547821 0 15 16 15 10 2 6 2 5
0 0 0 1 1 4 6 1 4 2 1 2 6 -1 -1 -1 -1 -1 -1 548820 1 15 16 15 10 2 6 2 5
0 0 0 1 1 1 6 1 4 2 1 2 6 -1 -1 -1 -1 -1 -1 549820 0 15 16 15 10 2 6 2 5
0 0 0 1 3 1 6 1 4 2 1 2 6 4 5 4 1 0 0 550820 0 15 16 15 10 2 6 2 5
0 0 0 1 1 1 6 1 4 2 1 2 6 -1 -1 -1 -1 -1 -1 551820 0 15 16 15 10 2 6 2 5
0 0 0 4 1 1 6 1 4 2 1 2 6 -1 -1 -1 -1 -1 -1 552819 1 15 16 15 10 2 6 2 5
0 0 0 1 1 1 1 6 4 2 1 2 7 -1 -1 -1 -1 -1 -1 553819 0 15 16 15 10 2 6 2 5
0 0 0 1 1 3 1 6 4 2 1 2 7 5 5 4 2 0 0 554819 0 15 16 15 10 2 4 2 5
0 0 0 1 1 1 1 6 4 2 1 2 7 -1 -1 -1 -1 -1 -1 555819 0 15 16 15 10 2 4 2 5
0 0 0 1 1 1 4 6 4 2 1 2 7 -1 -1 -1 -1 -1 -1 556819 1 15 16 15 10 2 4 2 5
0 0 0 1 1 1 1 6 4 2 1 2 7 -1 -1 -1 -1 -1 -1 557818 0 15 16 15 10 2 4 2 5
0 0 0 1 1 1 1 7 4 2 1 2 7 7 5 4 2 1 1 558818 0 15 16 15 10 2 4 2 5
0 0 0 1 1 1 6 1 4 2 1 2 6 -1 -1 -1 -1 -1 -1 559818 0 15 16 15 10 2 4 2 5
0 0 0 1 1 4 6 1 4 2 1 2 6 -1 -1 -1 -1 -1 -1 560818 1 15 16 15 10 2 4 2 5
0 0 0 1 1 1 6 1 4 2 1 2 6 -1 -1 -1 -1 -1 -1 561817 0 15 16 15 10 2 4 2 5
0 0 0 1 1 3 6 1 4 2 1 2 6 5 5 4 3 0 0 562817 0 15 16 15 10 2 6 2 5
0 0 0 1 1 1 6 1 4 2 1 2 6 -1 -1 -1 -1 -1 -1 563817 0 15 16 15 10 2 6 2 5
0 0 0 1 1 1 6 4 4 2 1 2 6 -1 -1 -1 -1 -1 -1 564817 1 15 16 15 10 2 6 2 5
0 0 0 1 1 1 6 1 4 2 1 2 6 -1 -1 -1 -1 -1 -1 565816 0 15 16 15 10 2 6 2 5
0 0 0 1 1 1 7 1 4 2 1 2 6 6 5 4 3 1 1 566816 0 15 16 15 10 2 8 0 5
0 0 0 1 1 1 6 1 4 2 1 2 6 -1 -1 -1 -1 -1 -1 567616 0 15 16 16 13 2 8 0 5
0 0 0 4 1 6 1 1 4 2 1 2 5 -1 -1 -1 -1 -1 -1 568382 1 15 16 16 13 2 8 0 5
0 0 0 1 6 1 1 1 4 2 1 2 4 -1 -1 -1 -1 -1 -1 569149 0 15 16 16 13 2 8 0 5
0 0 0 1 7 1 1 1 4 2 1 2 4 4 5 4 3 1 1 569949 0 15 16 16 13 2 4 2 5
0 0 0 1 1 6 1 1 4 2 1 2 5 -1 -1 -1 -1 -1 -1 540089 0 15 16 15 60 2 8 0 5
0 0 0 1 1 6 1 1 4 2 1 2 5 -1 -1 -1 -1 -1 -1 540256 0 15 16 15 60 2 8 0 5
0 0 0 1 1 6 1 1 4 2 1 2 5 -1 -1 -1 -1 -1 -1 540423 0 15 16 15 60 2 4 2 5
0 0 0 1 1 6 1 1 4 2 1 2 5 -1 -1 -1 -1 -1 -1 540589 0 15 16 15 50 2 4 2 5
0 0 0 1 1 6 1 1 4 2 1 2 5 -1 -1 -1 -1 -1 -1 540889 0 15 16 15 20 2 4 2 5
0 0 0 1 1 6 1 1 4 2 1 2 5 -1 -1 -1 -1 -1 -1 541822 0 15 16 15 10 2 4 2 5
0 0 0 1 1 6 1 1 4 2 1 2 5 -1 -1 -1 -1 -1 -1 542822 0 15 16 15 10 2 6 2 5
0 0 0 1 1 6 1 1 4 2 1 2 5 -1 -1 -1 -1 -1 -1 543822 0 15 16 15 10 2 6 2 5
0 0 0 1 1 6 1 1 4 2 1 2 5 -1 -1 -1 -1 -1 -1 544821 0 15 16 15 10 2 6 2 5
0 0 0 1 1 6 1 1 4 2 1 2 5 -1 -1 -1 -1 -1 -1 545821 0 15 16 15 10 2 6 2 5
0 0 0 1 3 1 6 1 4 2 1 2 6 4 5 4 2 0 0 546821 0 15 16 15 10 2 6 2 5
0 0 0 1 1 1 6 1 4 2 1 2 6 -1 -1 -1 -1 -1 -1 547821 0 15 16 15 10 2 6 2 5
0 0 0 1 1 4 6 1 4 2 1 2 6 -1 -1 -1 -1 -1 -1 548820 1 15 16 15 10 2 6 2 5
0 0 0 1 1 1 6 1 4 2 1 2 6 -1 -1 -1 -1 -1 -1 549820 0 15 16 15 10 2 6 2 5
0 0 0 1 3 1 6 1 4 2 1 2 6 4 5 4 1 0 0 550820 0 15 16 15 10 2 6 2 5
0 0 0 1 1 1 6 1 4 2 1 2 6 -1 -1 -1 -1 -1 -1 551820 0 15 16 15 10 2 6 2 5
0 0 0 4 1 1 6 1 4 2 1 2 6 -1 -1 -1 -1 -1 -1 552819 1 15 16 15 10 2 6 2 5
0 0 0 1 1 1 1 6 4 2 1 2 7 -1 -1 -1 -1 -1 -1 553819 0 15 16 15 10 2 6 2 5
0 0 0 1 1 3 1 6 4 2 1 2 7 5 5 4 2 0 0 554819 0 15 16 15 10 2 4 2 5
0 0 0 1 1 1 1 6 4 2 1 2 7 -1 -1 -1 -1 -1 -1 555819 0 15 16 15 10 2 4 2 5
0 0 0 1 1 1 4 6 4 2 1 2 7 -1 -1 -1 -1 -1 -1 556819 1 15 16 15 10 2 4 2 5
0 0 0 1 1 1 1 6 4 2 1 2 7 -1 -1 -1 -1 -1 -1 557818 0 15 16 15 10 2 4 2 5
0 0 0 1 1 1 1 7 4 2 1 2 7 7 5 4 2 1 1 558818 0 15 16 15 10 2 4 2 5
0 0 0 1 1 1 6 1 4 2 1 2 6 -1 -1 -1 -1 -1 -1 559818 0 15 16 15 10 2 4 2 5
0 0 0 1 1 4 6 1 4 2 1 2 6 -1 -1 -1 -1 -1 -1 560818 1 15 16 15 10 2 4 2 5
0 0 0 1 1 1 6 1 4 2 1 2 6 -1 -1 -1 -1 -1 -1 561817 0 15 16 15 10 2 4 2 5
0 0 0 1 1 3 6 1 4 2 1 2 6 5 5 4 3 0 0 562817 0 15 16 15 10 2 6 2 5
0 0 0 1 1 1 6 1 4 2 1 2 6 -1 -1 -1 -1 -1 -1 563817 0 15 16 15 10 2 6 2 5
0 0 0 1 1 1 6 4 4 2 1 2 6 -1 -1 -1 -1 -1 -1 564817 1 15 16 15 10 2 6 2 5
0 0 0 1 1 1 6 1 4 2 1 2 6 -1 -1 -1 -1 -1 -1 565816 0 15 16 15 10 2 6 2 5
0 0 0 1 1 1 7 1 4 2 1 2 6 6 5 4 3 1 1 566816 0 15 16 15 10 2 8 0 5
0 0 0 1 1 1 6 1 4 2 1 2 6 -1 -1 -1 -1 -1 -1 567616 0 15 16 16 13 2 8 0 5
0 0 0 4 1 6 1 1 4 2 1 2 5 -1 -1 -1 -1 -1 -1 568382 1 15 16 16 13 2 8 0 5
0 0 0 1 6 1 1 1 4 2 1 2 4 -1 -1 -1 -1 -1 -1 569149 0 15 16 16 13 2 8 0 5
0 0 0 1 7 1 1 1 4 2 1 2 4 4 5 4 3 1 1 569949 0 15 16 16 13 2 4 2 5
