% Tunnel Log: 
% debug seed: 1462914755
%
% SegEncNW { '0'=no panel, '1'=panel, '4'=obstacle, '5'=collided obstacle, '6'=player, '7'=player right, '8'=player wrong, '2'=target, '3'=fake }
% SegEncN
% SegEncNE
% SegEncE
% SegEncSE
% SegEncS
% SegEncSW
% SegEncW
% Event Number { 0, inf }
% Task Type { 0=Color/Sound, 1=Shape/Sound, 2=Sound, 3=Navigation, 4=Speed, 5=Training 6=Recess, 7=Special 2-Back }
% N-Back { 0, inf }
% Navigation Level { 0, inf }
% Player Loc { 0=Northwest ... 7=West }
% Pod Loc { -1=N/A, 0=Northwest ... 7=West }
% Pod Color { -1, inf }
% Pod Shape { -1, inf }
% Pod Sound { -1, inf }
% Pod Match { -1=N/A, 0=No, 1=Yes }
% Pod Taken { -1=N/A, 0=No, 1=Yes }
% Timestamp (ms)
% Num Obstacles { 0, inf }
% Min Speed { 0, inf }
% Max Speed { 0, inf }
% Base Speed { 0, inf }
% Final Speed { 0, inf }
% Navigation Score { 0, inf }
% Segment Direction { 0=Northwest ... 7=West }
% Segment Angle { 0, inf }
% Segment Panels { 0, inf }
%
% SegEncNW SecEncN SegEncNE SegEncE SegEncSE SegEncS SegEncSW SegEncW EventNumber TaskType N-Back Navigation PlayerLoc PodLoc PodColor PodShape PodSound PodMatch PodTaken Timestamp NumObs MinSpeed MaxSpeed BaseSpeed FinalSpeed NavScore SegmentDir SegmentAngle SegmentPanels
0 0 0 0 1 6 1 0 0 3 1 0 5 -1 -1 -1 -1 -1 -1 14600 0 15 40 15 60 2 8 0 3
0 0 0 0 1 6 1 0 0 3 1 0 5 -1 -1 -1 -1 -1 -1 14766 0 15 40 15 60 2 8 0 3
0 0 0 0 1 6 1 0 0 3 1 0 5 -1 -1 -1 -1 -1 -1 14933 0 15 40 15 60 2 5 2 3
0 0 0 0 1 6 1 0 0 3 1 0 5 -1 -1 -1 -1 -1 -1 15100 0 15 40 15 50 2 5 2 3
0 0 0 0 1 6 1 0 0 3 1 0 5 -1 -1 -1 -1 -1 -1 15400 0 15 40 15 20 2 5 2 3
0 0 0 0 1 6 1 0 0 3 1 0 5 -1 -1 -1 -1 -1 -1 16333 0 15 40 15 10 2 5 2 3
0 0 0 0 1 6 1 0 0 3 1 0 5 -1 -1 -1 -1 -1 -1 17333 0 15 40 15 10 2 5 2 3
0 0 0 0 1 6 1 0 0 3 1 0 5 -1 -1 -1 -1 -1 -1 18333 0 15 40 15 10 2 5 2 3
0 0 0 0 1 1 6 0 0 3 1 0 6 -1 -1 -1 -1 -1 -1 19333 0 15 40 15 10 2 5 2 3
0 0 0 0 1 1 6 0 0 3 1 0 6 -1 -1 -1 -1 -1 -1 20333 0 15 40 15 10 2 5 2 3
0 0 0 0 1 1 7 0 0 3 1 0 6 6 5 4 4 1 1 21333 0 15 40 15 10 2 5 2 3
0 0 0 0 6 1 1 0 0 3 1 0 4 -1 -1 -1 -1 -1 -1 22333 0 15 40 15 10 2 5 2 3
0 0 0 0 6 1 1 0 0 3 1 0 4 -1 -1 -1 -1 -1 -1 23333 0 15 40 15 10 2 5 2 3
0 0 0 0 6 1 1 0 0 3 1 0 4 -1 -1 -1 -1 -1 -1 24333 0 15 40 15 10 2 5 2 3
0 0 0 0 7 1 1 0 0 3 1 0 4 4 5 4 4 1 1 25333 0 15 40 15 10 2 5 2 3
0 0 0 0 6 1 1 0 0 3 1 0 4 -1 -1 -1 -1 -1 -1 26133 0 15 40 16 13 2 5 2 3
0 0 0 0 1 6 1 0 0 3 1 0 5 -1 -1 -1 -1 -1 -1 26933 0 15 40 16 13 2 5 2 3
0 0 0 0 1 6 1 0 0 3 1 0 5 -1 -1 -1 -1 -1 -1 27699 0 15 40 16 13 2 5 2 3
0 0 0 0 1 7 1 0 0 3 1 0 5 5 5 4 4 1 1 28466 0 15 40 16 13 2 5 2 3
0 0 0 0 1 1 6 0 0 3 1 0 6 -1 -1 -1 -1 -1 -1 29233 0 15 40 16 13 2 5 2 3
0 0 0 0 1 1 6 0 0 3 1 0 6 -1 -1 -1 -1 -1 -1 29999 0 15 40 16 13 2 5 2 3
0 0 0 0 1 1 6 0 0 3 1 0 6 -1 -1 -1 -1 -1 -1 30766 0 15 40 16 13 2 5 2 3
0 0 0 1 1 1 7 1 0 3 1 0 6 6 5 4 4 1 1 31533 0 15 40 16 13 2 5 2 5
0 0 0 1 1 1 6 1 0 3 1 1 6 -1 -1 -1 -1 -1 -1 32166 0 15 40 17 16 2 5 2 5
0 0 0 1 1 1 6 1 0 3 1 1 6 -1 -1 -1 -1 -1 -1 32799 0 15 40 17 16 2 5 2 5
0 0 0 1 1 1 6 1 0 3 1 1 6 -1 -1 -1 -1 -1 -1 33433 0 15 40 17 16 2 5 2 5
0 0 0 1 1 1 7 1 0 3 1 1 6 6 5 4 4 1 1 34066 0 15 40 17 16 2 5 2 5
0 0 0 1 1 1 6 1 0 3 1 1 6 -1 -1 -1 -1 -1 -1 34666 0 15 40 17 16 2 5 2 5
0 0 0 1 1 1 1 6 0 3 1 1 7 -1 -1 -1 -1 -1 -1 35299 0 15 40 17 16 2 5 2 5
0 0 0 1 1 1 1 6 0 3 1 1 7 -1 -1 -1 -1 -1 -1 35933 0 15 40 17 16 2 5 2 5
0 0 0 1 1 1 1 7 0 3 1 1 7 7 5 4 4 1 1 36566 0 15 40 17 16 2 8 0 5
0 0 0 1 1 1 1 6 0 3 1 1 7 -1 -1 -1 -1 -1 -1 37099 0 15 40 18 19 2 8 0 5
0 0 0 1 1 1 1 6 0 3 1 1 7 -1 -1 -1 -1 -1 -1 37633 0 15 40 18 19 2 8 0 5
0 0 0 1 1 1 1 6 0 3 1 1 7 -1 -1 -1 -1 -1 -1 38133 0 15 40 18 19 2 8 0 5
0 0 0 1 1 1 1 7 0 3 1 1 7 7 5 4 4 1 1 38666 0 15 40 18 19 2 5 2 5
0 0 0 1 1 1 6 1 0 3 1 1 6 -1 -1 -1 -1 -1 -1 39199 0 15 40 18 19 2 5 2 5
0 0 0 1 1 6 1 1 0 3 1 1 5 -1 -1 -1 -1 -1 -1 39733 0 15 40 18 19 2 5 2 5
0 0 0 1 1 6 1 1 0 3 1 1 5 -1 -1 -1 -1 -1 -1 40266 0 15 40 18 19 2 5 2 5
0 0 0 1 1 7 1 1 0 3 1 1 5 5 5 4 4 1 1 40766 0 15 40 18 19 2 5 2 5
0 0 0 1 6 1 1 1 0 3 1 1 4 -1 -1 -1 -1 -1 -1 41266 0 15 40 19 21 2 5 2 5
0 0 0 6 1 1 1 1 0 3 1 1 3 -1 -1 -1 -1 -1 -1 41733 0 15 40 19 21 2 5 2 5
0 0 0 1 6 1 1 1 0 3 1 1 4 -1 -1 -1 -1 -1 -1 42199 0 15 40 19 21 2 5 2 5
0 0 0 1 7 1 1 1 0 3 1 1 4 4 5 4 4 1 1 42699 0 15 40 19 21 2 5 2 5
0 0 0 1 1 6 1 1 0 3 1 1 5 -1 -1 -1 -1 -1 -1 43166 0 15 40 19 21 2 5 2 5
0 0 0 1 1 6 1 1 0 3 1 1 5 -1 -1 -1 -1 -1 -1 43633 0 15 40 19 21 2 5 2 5
0 0 0 1 1 6 1 1 0 3 1 1 5 -1 -1 -1 -1 -1 -1 44133 0 15 40 19 21 2 5 2 5
0 0 0 1 1 7 1 1 0 3 1 1 5 5 5 4 4 1 1 44599 0 15 40 19 21 2 5 2 5
0 0 0 1 1 1 6 1 0 3 1 2 6 -1 -1 -1 -1 -1 -1 45066 0 15 40 20 22 2 5 2 5
0 0 0 1 1 1 6 1 0 3 1 2 6 -1 -1 -1 -1 -1 -1 45499 0 15 40 20 22 2 5 2 5
0 0 0 1 1 1 6 1 0 3 1 2 6 -1 -1 -1 -1 -1 -1 45966 0 15 40 20 22 2 5 2 5
0 0 0 1 1 8 2 1 0 3 1 2 5 6 5 4 4 1 0 46399 0 15 40 20 22 2 5 2 5
0 0 0 1 1 6 1 1 0 3 1 2 5 -1 -1 -1 -1 -1 -1 46899 0 15 40 19 21 2 5 2 5
0 0 0 1 1 6 4 1 0 3 1 2 5 -1 -1 -1 -1 -1 -1 47366 1 15 40 19 21 2 5 2 5
0 0 0 1 1 1 6 1 0 3 1 2 6 -1 -1 -1 -1 -1 -1 47832 0 15 40 19 21 2 5 2 5
0 0 0 1 1 1 7 1 0 3 1 2 6 6 5 4 4 1 1 48332 0 15 40 19 21 2 5 2 5
0 0 0 1 1 6 1 1 0 3 1 2 5 -1 -1 -1 -1 -1 -1 48799 0 15 40 19 21 2 5 2 5
0 0 0 1 6 1 1 4 0 3 1 2 4 -1 -1 -1 -1 -1 -1 49266 1 15 40 19 21 2 5 2 5
0 0 0 1 6 1 1 1 0 3 1 2 4 -1 -1 -1 -1 -1 -1 49732 0 15 40 19 21 2 5 2 5
0 0 0 1 7 1 1 1 0 3 1 2 4 4 5 4 4 1 1 50232 0 15 40 19 21 2 5 2 5
0 0 0 1 6 1 1 1 0 3 1 2 4 -1 -1 -1 -1 -1 -1 50666 0 15 40 20 22 2 5 2 5
0 0 0 1 6 4 1 1 0 3 1 2 4 -1 -1 -1 -1 -1 -1 51132 1 15 40 20 22 2 5 2 5
0 0 0 1 1 6 1 1 0 3 1 2 5 -1 -1 -1 -1 -1 -1 51599 0 15 40 20 22 2 5 2 5
0 0 0 1 8 2 1 1 0 3 1 2 4 5 5 4 4 1 0 52032 0 15 40 20 22 2 8 0 5
0 0 0 1 1 6 1 1 0 3 1 2 5 -1 -1 -1 -1 -1 -1 52499 0 15 40 19 21 2 8 0 5
0 0 0 1 1 4 6 1 0 3 1 2 6 -1 -1 -1 -1 -1 -1 52999 1 15 40 19 21 2 8 0 5
0 0 0 1 1 1 6 1 0 3 1 2 6 -1 -1 -1 -1 -1 -1 53466 0 15 40 19 21 2 8 0 5
0 0 0 1 1 1 7 1 0 3 1 2 6 6 5 4 4 1 1 53932 0 15 40 19 21 2 5 2 5
0 0 0 1 1 6 1 1 0 3 1 2 5 -1 -1 -1 -1 -1 -1 54432 0 15 40 19 21 2 5 2 5
0 0 0 4 1 6 1 1 0 3 1 2 5 -1 -1 -1 -1 -1 -1 54899 1 15 40 19 21 2 5 2 5
0 0 0 1 1 6 1 1 0 3 1 2 5 -1 -1 -1 -1 -1 -1 55366 0 15 40 19 21 2 5 2 5
0 0 0 1 1 7 1 1 0 3 1 2 5 5 5 4 4 1 1 55832 0 15 40 19 21 2 5 2 5
0 0 0 1 1 1 6 1 0 3 1 2 6 -1 -1 -1 -1 -1 -1 56299 0 15 40 20 22 2 5 2 5
0 0 0 1 1 4 6 1 0 3 1 2 6 -1 -1 -1 -1 -1 -1 56766 1 15 40 20 22 2 5 2 5
0 0 0 1 1 6 1 1 0 3 1 2 5 -1 -1 -1 -1 -1 -1 57199 0 15 40 20 22 2 5 2 5
0 0 0 1 1 7 1 1 0 3 1 2 5 5 5 4 4 1 1 57666 0 15 40 20 22 2 5 2 5
0 0 0 1 1 6 1 1 0 3 1 2 5 -1 -1 -1 -1 -1 -1 58132 0 15 40 20 22 2 5 2 5
0 0 0 4 6 1 1 1 0 3 1 2 4 -1 -1 -1 -1 -1 -1 58566 1 15 40 20 22 2 5 2 5
0 0 0 6 1 1 1 1 0 3 1 2 3 -1 -1 -1 -1 -1 -1 59032 0 15 40 20 22 2 5 2 5
0 0 0 7 1 1 1 1 0 3 1 2 3 3 5 4 4 1 1 59499 0 15 40 20 22 2 5 2 5
0 0 0 1 6 1 1 1 0 3 1 2 4 -1 -1 -1 -1 -1 -1 59932 0 15 40 21 23 2 5 2 5
0 0 0 4 6 1 1 1 0 3 1 2 4 -1 -1 -1 -1 -1 -1 60366 1 15 40 21 23 2 5 2 5
0 0 0 1 6 1 1 1 0 3 1 2 4 -1 -1 -1 -1 -1 -1 60799 0 15 40 21 23 2 5 2 5
0 0 0 1 7 1 1 1 0 3 1 2 4 4 5 4 4 1 1 61232 0 15 40 21 23 2 5 2 5
0 0 0 1 6 1 1 1 0 3 1 2 4 -1 -1 -1 -1 -1 -1 61666 0 15 40 21 23 2 5 2 5
0 0 0 1 6 1 4 1 0 3 1 2 4 -1 -1 -1 -1 -1 -1 62099 1 15 40 21 23 2 5 2 5
0 0 0 1 6 1 1 1 0 3 1 2 4 -1 -1 -1 -1 -1 -1 62532 0 15 40 21 23 2 5 2 5
0 0 0 1 7 1 1 1 0 3 1 2 4 4 5 4 4 1 1 62966 0 15 40 21 23 2 5 2 5
0 0 0 1 1 6 1 1 0 3 1 2 5 -1 -1 -1 -1 -1 -1 63399 0 15 40 22 24 2 5 2 5
0 0 0 1 1 6 1 4 0 3 1 2 5 -1 -1 -1 -1 -1 -1 63799 1 15 40 22 24 2 5 2 5
0 0 0 1 1 6 1 1 0 3 1 2 5 -1 -1 -1 -1 -1 -1 64232 0 15 40 22 24 2 5 2 5
0 0 0 1 1 7 1 1 0 3 1 2 5 5 5 4 4 1 1 64632 0 15 40 22 24 2 5 2 5
0 0 0 1 1 6 1 1 0 3 1 2 5 -1 -1 -1 -1 -1 -1 65066 0 15 40 22 24 2 5 2 5
0 0 0 1 1 6 1 4 0 3 1 2 5 -1 -1 -1 -1 -1 -1 65466 1 15 40 22 24 2 5 2 5
0 0 0 1 1 6 1 1 0 3 1 2 5 -1 -1 -1 -1 -1 -1 65899 0 15 40 22 24 2 5 2 5
0 0 0 1 1 7 1 1 0 3 1 2 5 5 5 4 4 1 1 66299 0 15 40 22 24 2 8 0 5
0 0 0 1 1 1 6 1 0 3 1 2 6 -1 -1 -1 -1 -1 -1 66699 0 15 40 23 25 2 8 0 5
0 0 0 1 1 4 6 1 0 3 1 2 6 -1 -1 -1 -1 -1 -1 67099 1 15 40 23 25 2 8 0 5
0 0 0 1 1 6 1 1 0 3 1 2 5 -1 -1 -1 -1 -1 -1 67499 0 15 40 23 25 2 8 0 5
0 0 0 1 7 1 1 1 0 3 1 2 4 4 5 4 4 1 1 67899 0 15 40 23 25 2 5 2 5
0 0 0 1 6 1 1 1 0 3 1 2 4 -1 -1 -1 -1 -1 -1 68299 0 15 40 23 25 2 5 2 5
0 0 0 4 6 1 1 1 0 3 1 2 4 -1 -1 -1 -1 -1 -1 68699 1 15 40 23 25 2 5 2 5
0 0 0 1 6 1 1 1 0 3 1 2 4 -1 -1 -1 -1 -1 -1 69099 0 15 40 23 25 2 5 2 5
0 0 0 1 7 1 1 1 0 3 1 2 4 4 5 4 4 1 1 69499 0 15 40 23 25 2 5 2 5
0 0 0 1 6 1 1 1 0 3 1 2 4 -1 -1 -1 -1 -1 -1 69899 0 15 40 24 25.5 2 5 2 5
0 0 0 1 1 6 1 4 0 3 1 2 5 -1 -1 -1 -1 -1 -1 70299 1 15 40 24 25.5 2 5 2 5
0 0 0 1 1 6 1 1 0 3 1 2 5 -1 -1 -1 -1 -1 -1 70665 0 15 40 24 25.5 2 5 2 5
0 0 0 1 1 7 1 1 0 3 1 2 5 5 5 4 4 1 1 71065 0 15 40 24 25.5 2 5 2 5
0 0 0 1 6 1 1 1 0 3 1 2 4 -1 -1 -1 -1 -1 -1 71465 0 15 40 24 25.5 2 5 2 5
0 0 0 1 6 4 1 1 0 3 1 2 4 -1 -1 -1 -1 -1 -1 71865 1 15 40 24 25.5 2 5 2 5
0 0 0 1 1 1 6 1 0 3 1 2 6 -1 -1 -1 -1 -1 -1 72265 0 15 40 24 25.5 2 5 2 5
0 0 0 1 1 1 1 7 0 3 1 2 7 7 5 4 4 1 1 72632 0 15 40 24 25.5 2 5 2 5
0 0 0 1 1 1 1 6 0 3 1 2 7 -1 -1 -1 -1 -1 -1 73032 0 15 40 25 26 2 5 2 5
0 0 0 1 1 1 4 6 0 3 1 2 7 -1 -1 -1 -1 -1 -1 73399 1 15 40 25 26 2 5 2 5
0 0 0 1 1 1 6 1 0 3 1 2 6 -1 -1 -1 -1 -1 -1 73799 0 15 40 25 26 2 5 2 5
0 0 0 1 1 1 7 1 0 3 1 2 6 6 5 4 4 1 1 74165 0 15 40 25 26 2 5 2 5
0 0 0 0 1 6 1 0 1 4 1 0 5 -1 -1 -1 -1 -1 -1 80965 0 15 40 15 60 2 8 0 3
0 0 0 0 1 6 1 0 1 4 1 0 5 -1 -1 -1 -1 -1 -1 81132 0 15 40 15 60 2 8 0 3
0 0 0 0 1 6 1 0 1 4 1 0 5 -1 -1 -1 -1 -1 -1 81299 0 15 40 15 60 2 6 2 3
0 0 0 0 1 6 1 0 1 4 1 0 5 -1 -1 -1 -1 -1 -1 81465 0 15 40 15 50 2 6 2 3
0 0 0 0 1 6 1 0 1 4 1 0 5 -1 -1 -1 -1 -1 -1 81765 0 15 40 15 20 2 6 2 3
0 0 0 0 1 6 1 0 1 4 1 0 5 -1 -1 -1 -1 -1 -1 82699 0 15 40 15 10 2 6 2 3
0 0 0 0 1 6 1 0 1 4 1 0 5 -1 -1 -1 -1 -1 -1 83699 0 15 40 15 10 2 6 2 3
0 0 0 0 1 6 1 0 1 4 1 0 5 -1 -1 -1 -1 -1 -1 84699 0 15 40 15 10 2 6 2 3
0 0 0 0 1 6 1 0 1 4 1 0 5 -1 -1 -1 -1 -1 -1 85699 0 15 40 15 10 2 6 2 3
0 0 0 0 1 6 1 0 1 4 1 0 5 -1 -1 -1 -1 -1 -1 86699 0 15 40 15 10 2 6 2 3
0 0 0 0 1 6 3 0 1 4 1 0 5 6 1 7 2 0 0 87699 0 15 40 15 10 2 5 2 3
0 0 0 0 1 6 1 0 1 4 1 0 5 -1 -1 -1 -1 -1 -1 88698 0 15 40 15 10 2 5 2 3
0 0 0 0 1 6 1 0 1 4 1 0 5 -1 -1 -1 -1 -1 -1 89698 0 15 40 15 10 2 5 2 3
0 0 0 0 1 6 1 0 1 4 1 0 5 -1 -1 -1 -1 -1 -1 90698 0 15 40 15 10 2 5 2 3
0 0 0 0 3 6 1 0 1 4 1 0 5 4 3 8 3 0 0 91698 0 15 40 15 10 2 6 2 3
0 0 0 0 1 6 1 0 1 4 1 0 5 -1 -1 -1 -1 -1 -1 92698 0 15 40 15 10 2 6 2 3
0 0 0 0 6 1 1 0 1 4 1 0 4 -1 -1 -1 -1 -1 -1 93698 0 15 40 15 10 2 6 2 3
0 0 0 0 6 1 1 0 1 4 1 0 4 -1 -1 -1 -1 -1 -1 94698 0 15 40 15 10 2 6 2 3
0 0 0 0 7 1 1 0 1 4 1 0 4 4 3 8 3 1 1 95698 0 15 40 15 10 2 5 2 3
0 0 0 0 1 6 1 0 1 4 1 0 5 -1 -1 -1 -1 -1 -1 96698 0 15 40 15 10 2 5 2 3
0 0 0 0 1 6 1 0 1 4 1 0 5 -1 -1 -1 -1 -1 -1 97698 0 15 40 15 10 2 5 2 3
0 0 0 0 1 6 1 0 1 4 1 0 5 -1 -1 -1 -1 -1 -1 98698 0 15 40 15 10 2 5 2 3
0 0 0 1 1 7 1 1 1 4 1 0 5 5 3 8 3 1 1 99698 0 15 40 15 10 2 6 2 5
0 0 0 1 1 6 1 1 1 4 1 1 5 -1 -1 -1 -1 -1 -1 100498 0 15 40 16 13 2 6 2 5
0 0 0 1 1 6 1 1 1 4 1 1 5 -1 -1 -1 -1 -1 -1 101265 0 15 40 16 13 2 6 2 5
0 0 0 1 1 6 1 1 1 4 1 1 5 -1 -1 -1 -1 -1 -1 102065 0 15 40 16 13 2 6 2 5
0 0 0 1 3 6 1 1 1 4 1 1 5 4 0 6 1 0 0 102832 0 15 40 16 13 2 5 2 5
0 0 0 1 1 6 1 1 1 4 1 1 5 -1 -1 -1 -1 -1 -1 103598 0 15 40 16 13 2 5 2 5
0 0 0 1 1 6 1 1 1 4 1 1 5 -1 -1 -1 -1 -1 -1 104365 0 15 40 16 13 2 5 2 5
0 0 0 1 1 6 1 1 1 4 1 1 5 -1 -1 -1 -1 -1 -1 105132 0 15 40 16 13 2 5 2 5
0 0 0 1 1 6 3 1 1 4 1 1 5 6 1 7 2 0 0 105898 0 15 40 16 13 2 8 0 5
0 0 0 1 1 6 1 1 1 4 1 1 5 -1 -1 -1 -1 -1 -1 106665 0 15 40 16 13 2 8 0 5
0 0 0 1 1 6 1 1 1 4 1 1 5 -1 -1 -1 -1 -1 -1 107432 0 15 40 16 13 2 8 0 5
0 0 0 1 1 6 1 1 1 4 1 1 5 -1 -1 -1 -1 -1 -1 108198 0 15 40 16 13 2 8 0 5
0 0 0 1 1 6 1 3 1 4 1 1 5 7 0 6 1 0 0 108965 0 15 40 16 13 2 6 2 5
0 0 0 1 1 6 1 1 1 4 1 1 5 -1 -1 -1 -1 -1 -1 109732 0 15 40 16 13 2 6 2 5
0 0 0 1 1 6 1 1 1 4 1 1 5 -1 -1 -1 -1 -1 -1 110498 0 15 40 16 13 2 6 2 5
0 0 0 1 1 6 1 1 1 4 1 1 5 -1 -1 -1 -1 -1 -1 111265 0 15 40 16 13 2 6 2 5
0 0 0 1 1 6 3 1 1 4 1 1 5 6 3 8 3 0 0 112031 0 15 40 16 13 2 6 2 5
0 0 0 1 1 6 1 1 1 4 1 1 5 -1 -1 -1 -1 -1 -1 112831 0 15 40 16 13 2 6 2 5
0 0 0 1 1 6 1 1 1 4 1 1 5 -1 -1 -1 -1 -1 -1 113598 0 15 40 16 13 2 6 2 5
0 0 0 1 1 6 1 1 1 4 1 1 5 -1 -1 -1 -1 -1 -1 114365 0 15 40 16 13 2 6 2 5
0 0 0 1 1 6 3 1 1 4 1 1 5 6 1 7 2 0 0 115131 0 15 40 16 13 2 5 2 5
0 0 0 1 1 6 1 1 1 4 1 1 5 -1 -1 -1 -1 -1 -1 115898 0 15 40 16 13 2 5 2 5
0 0 0 1 1 6 1 1 1 4 1 1 5 -1 -1 -1 -1 -1 -1 116665 0 15 40 16 13 2 5 2 5
0 0 0 1 1 6 1 1 1 4 1 1 5 -1 -1 -1 -1 -1 -1 117431 0 15 40 16 13 2 5 2 5
0 0 0 1 1 6 1 3 1 4 1 1 5 7 2 5 0 0 0 118198 0 15 40 16 13 2 6 2 5
0 0 0 1 1 6 1 1 1 4 1 2 5 -1 -1 -1 -1 -1 -1 118965 0 15 40 16 13 2 6 2 5
0 0 0 1 1 6 1 1 1 4 1 2 5 -1 -1 -1 -1 -1 -1 119731 0 15 40 16 13 2 6 2 5
0 0 0 1 1 6 1 1 1 4 1 2 5 -1 -1 -1 -1 -1 -1 120498 0 15 40 16 13 2 6 2 5
0 0 0 1 1 6 3 1 1 4 1 2 5 6 0 6 1 0 0 121265 0 15 40 16 13 2 5 2 5
0 0 0 1 1 6 1 1 1 4 1 2 5 -1 -1 -1 -1 -1 -1 122031 0 15 40 16 13 2 5 2 5
0 0 0 1 1 6 4 1 1 4 1 2 5 -1 -1 -1 -1 -1 -1 122798 1 15 40 16 13 2 5 2 5
0 0 0 1 1 6 1 1 1 4 1 2 5 -1 -1 -1 -1 -1 -1 123598 0 15 40 16 13 2 5 2 5
0 0 0 1 1 6 3 1 1 4 1 2 5 6 1 7 2 0 0 124365 0 15 40 16 13 2 6 2 5
0 0 0 1 1 6 1 1 1 4 1 2 5 -1 -1 -1 -1 -1 -1 125131 0 15 40 16 13 2 6 2 5
0 0 0 1 1 1 6 4 1 4 1 2 6 -1 -1 -1 -1 -1 -1 125898 1 15 40 16 13 2 6 2 5
0 0 0 1 1 1 1 6 1 4 1 2 7 -1 -1 -1 -1 -1 -1 126665 0 15 40 16 13 2 6 2 5
0 0 0 1 1 1 1 7 1 4 1 2 7 7 1 7 2 1 1 127431 0 15 40 16 13 2 5 2 5
0 0 0 1 1 1 1 6 1 4 1 2 7 -1 -1 -1 -1 -1 -1 128198 0 15 40 16 13 2 5 2 5
0 0 0 1 4 1 6 1 1 4 1 2 6 -1 -1 -1 -1 -1 -1 128965 1 15 40 16 13 2 5 2 5
0 0 0 1 1 1 6 1 1 4 1 2 6 -1 -1 -1 -1 -1 -1 129732 0 15 40 16 13 2 5 2 5
0 0 0 1 1 1 6 3 1 4 1 2 6 7 0 6 1 0 0 130498 0 15 40 16 13 2 8 0 5
0 0 0 1 1 1 6 1 1 4 1 2 6 -1 -1 -1 -1 -1 -1 131265 0 15 40 16 13 2 8 0 5
0 0 0 4 1 1 6 1 1 4 1 2 6 -1 -1 -1 -1 -1 -1 132032 1 15 40 16 13 2 8 0 5
0 0 0 1 1 1 6 1 1 4 1 2 6 -1 -1 -1 -1 -1 -1 132799 0 15 40 16 13 2 8 0 5
0 0 0 1 1 3 6 1 1 4 1 2 6 5 1 7 2 0 0 133566 0 15 40 16 13 2 6 2 5
0 0 0 1 1 1 6 1 1 4 1 2 6 -1 -1 -1 -1 -1 -1 134366 0 15 40 16 13 2 6 2 5
0 0 0 1 1 4 6 1 1 4 1 2 6 -1 -1 -1 -1 -1 -1 135133 1 15 40 16 13 2 6 2 5
0 0 0 1 1 1 6 1 1 4 1 2 6 -1 -1 -1 -1 -1 -1 135900 0 15 40 16 13 2 6 2 5
0 0 0 1 3 1 6 1 1 4 1 2 6 4 0 6 1 0 0 136666 0 15 40 16 13 2 6 2 5
0 0 0 1 1 6 1 1 1 4 1 2 5 -1 -1 -1 -1 -1 -1 137433 0 15 40 16 13 2 6 2 5
0 0 0 1 4 6 1 1 1 4 1 2 5 -1 -1 -1 -1 -1 -1 138200 1 15 40 16 13 2 6 2 5
0 0 0 1 1 6 1 1 1 4 1 2 5 -1 -1 -1 -1 -1 -1 138967 0 15 40 16 13 2 6 2 5
0 0 0 1 1 6 3 1 1 4 1 2 5 6 1 7 2 0 0 139734 0 15 40 16 13 2 5 2 5
0 0 0 1 1 6 1 1 1 4 1 2 5 -1 -1 -1 -1 -1 -1 140501 0 15 40 16 13 2 5 2 5
0 0 0 0 1 6 1 0 2 0 1 0 5 -1 -1 -1 -1 -1 -1 147869 0 15 16 16 60 2 8 0 3
0 0 0 0 1 6 1 0 2 0 1 0 5 -1 -1 -1 -1 -1 -1 148036 0 15 16 16 60 2 8 0 3
0 0 0 0 1 6 1 0 2 0 1 0 5 -1 -1 -1 -1 -1 -1 148202 0 15 16 16 60 2 4 2 3
0 0 0 0 1 6 1 0 2 0 1 0 5 -1 -1 -1 -1 -1 -1 148369 0 15 16 16 50.6 2 4 2 3
0 0 0 0 1 6 1 0 2 0 1 0 5 -1 -1 -1 -1 -1 -1 148636 0 15 16 16 25.5333 2 4 2 3
0 0 0 0 1 6 1 0 2 0 1 0 5 -1 -1 -1 -1 -1 -1 149369 0 15 16 16 13 2 4 2 3
0 0 0 0 1 6 1 0 2 0 1 0 5 -1 -1 -1 -1 -1 -1 150136 0 15 16 16 13 2 6 2 3
0 0 0 0 1 6 1 0 2 0 1 0 5 -1 -1 -1 -1 -1 -1 150903 0 15 16 16 13 2 6 2 3
0 0 0 0 6 1 1 0 2 0 1 0 4 -1 -1 -1 -1 -1 -1 151670 0 15 16 16 13 2 6 2 3
0 0 0 0 6 1 1 0 2 0 1 0 4 -1 -1 -1 -1 -1 -1 152436 0 15 16 16 13 2 6 2 3
0 0 0 0 8 1 1 0 2 0 1 0 4 4 1 4 2 0 1 153203 0 15 16 16 13 2 4 2 3
0 0 0 0 6 1 1 0 2 0 1 0 4 -1 -1 -1 -1 -1 -1 154170 0 15 16 15 10 2 4 2 3
0 0 0 0 1 6 1 0 2 0 1 0 5 -1 -1 -1 -1 -1 -1 155170 0 15 16 15 10 2 4 2 3
0 0 0 0 1 6 1 0 2 0 1 0 5 -1 -1 -1 -1 -1 -1 156171 0 15 16 15 10 2 4 2 3
0 0 0 0 3 6 1 0 2 0 1 0 5 4 0 4 1 0 0 157171 0 15 16 15 10 2 4 2 3
0 0 0 0 1 6 1 0 2 0 1 0 5 -1 -1 -1 -1 -1 -1 158171 0 15 16 15 10 2 4 2 3
0 0 0 0 1 6 1 0 2 0 1 0 5 -1 -1 -1 -1 -1 -1 159171 0 15 16 15 10 2 4 2 3
0 0 0 0 6 1 1 0 2 0 1 0 4 -1 -1 -1 -1 -1 -1 160171 0 15 16 15 10 2 4 2 3
0 0 0 0 8 1 1 0 2 0 1 0 4 4 2 4 0 0 1 161172 0 15 16 15 10 2 5 2 3
0 0 0 0 1 6 1 0 2 0 1 0 5 -1 -1 -1 -1 -1 -1 162172 0 15 16 15 10 2 5 2 3
0 0 0 0 1 1 6 0 2 0 1 0 6 -1 -1 -1 -1 -1 -1 163172 0 15 16 15 10 2 5 2 3
0 0 0 0 1 1 6 0 2 0 1 0 6 -1 -1 -1 -1 -1 -1 164172 0 15 16 15 10 2 5 2 3
0 0 0 0 1 1 7 0 2 0 1 0 6 6 2 4 0 1 1 165172 0 15 16 15 10 2 5 2 3
0 0 0 0 1 1 6 0 2 0 1 0 6 -1 -1 -1 -1 -1 -1 166173 0 15 16 15 10 2 5 2 3
0 0 0 0 1 1 6 0 2 0 1 0 6 -1 -1 -1 -1 -1 -1 167173 0 15 16 15 10 2 5 2 3
0 0 0 0 1 1 6 0 2 0 1 0 6 -1 -1 -1 -1 -1 -1 168173 0 15 16 15 10 2 5 2 3
0 0 0 0 1 3 6 0 2 0 1 0 6 5 3 4 3 0 0 169173 0 15 16 15 10 2 6 2 3
0 0 0 0 1 1 6 0 2 0 1 0 6 -1 -1 -1 -1 -1 -1 170174 0 15 16 15 10 2 6 2 3
0 0 0 0 1 6 1 0 2 0 1 0 5 -1 -1 -1 -1 -1 -1 171174 0 15 16 15 10 2 6 2 3
0 0 0 0 1 6 1 0 2 0 1 0 5 -1 -1 -1 -1 -1 -1 172174 0 15 16 15 10 2 6 2 3
0 0 0 0 3 6 1 0 2 0 1 0 5 4 1 4 2 0 0 173174 0 15 16 15 10 2 8 0 3
0 0 0 0 1 6 1 0 2 0 1 0 5 -1 -1 -1 -1 -1 -1 174174 0 15 16 15 10 2 8 0 3
0 0 0 0 1 6 1 0 2 0 1 0 5 -1 -1 -1 -1 -1 -1 175175 0 15 16 15 10 2 8 0 3
0 0 0 0 1 6 1 0 2 0 1 0 5 -1 -1 -1 -1 -1 -1 176175 0 15 16 15 10 2 8 0 3
0 0 0 0 1 7 1 0 2 0 1 0 5 5 1 4 2 1 1 177175 0 15 16 15 10 2 4 2 3
0 0 0 0 1 6 1 0 2 0 1 0 5 -1 -1 -1 -1 -1 -1 177975 0 15 16 16 13 2 4 2 3
0 0 0 0 1 6 1 0 2 0 1 0 5 -1 -1 -1 -1 -1 -1 178742 0 15 16 16 13 2 4 2 3
0 0 0 0 1 6 1 0 2 0 1 0 5 -1 -1 -1 -1 -1 -1 179509 0 15 16 16 13 2 4 2 3
0 0 0 0 1 6 3 0 2 0 1 0 5 6 0 4 1 0 0 180276 0 15 16 16 13 2 6 2 3
0 0 0 0 1 6 1 0 2 0 1 0 5 -1 -1 -1 -1 -1 -1 181043 0 15 16 16 13 2 6 2 3
0 0 0 0 1 6 1 0 2 0 1 0 5 -1 -1 -1 -1 -1 -1 181843 0 15 16 16 13 2 6 2 3
0 0 0 0 1 6 1 0 2 0 1 0 5 -1 -1 -1 -1 -1 -1 182610 0 15 16 16 13 2 6 2 3
0 0 0 0 3 6 1 0 2 0 1 0 5 4 3 4 3 0 0 183376 0 15 16 16 13 2 4 2 3
0 0 0 0 1 6 1 0 2 0 1 0 5 -1 -1 -1 -1 -1 -1 184143 0 15 16 16 13 2 4 2 3
0 0 0 0 1 1 6 0 2 0 1 0 6 -1 -1 -1 -1 -1 -1 184910 0 15 16 16 13 2 4 2 3
0 0 0 0 1 1 6 0 2 0 1 0 6 -1 -1 -1 -1 -1 -1 185677 0 15 16 16 13 2 4 2 3
0 0 0 0 1 1 7 0 2 0 1 0 6 6 3 4 3 1 1 186444 0 15 16 16 13 2 4 2 3
0 0 0 0 1 1 6 0 2 0 1 0 6 -1 -1 -1 -1 -1 -1 187211 0 15 16 16 13 2 4 2 3
0 0 0 0 1 1 6 0 2 0 1 0 6 -1 -1 -1 -1 -1 -1 187977 0 15 16 16 13 2 4 2 3
0 0 0 0 1 1 6 0 2 0 1 0 6 -1 -1 -1 -1 -1 -1 188744 0 15 16 16 13 2 4 2 3
0 0 0 0 1 3 6 0 2 0 1 0 6 5 2 4 0 0 0 189511 0 15 16 16 13 2 5 2 3
0 0 0 0 1 1 6 0 2 0 1 0 6 -1 -1 -1 -1 -1 -1 190278 0 15 16 16 13 2 5 2 3
0 0 0 0 1 6 1 0 2 0 1 0 5 -1 -1 -1 -1 -1 -1 191045 0 15 16 16 13 2 5 2 3
0 0 0 0 1 6 1 0 2 0 1 0 5 -1 -1 -1 -1 -1 -1 191845 0 15 16 16 13 2 5 2 3
0 0 0 0 1 7 1 0 2 0 1 0 5 5 2 4 0 1 1 192612 0 15 16 16 13 2 5 2 3
0 0 0 0 1 6 1 0 2 0 1 0 5 -1 -1 -1 -1 -1 -1 193379 0 15 16 16 13 2 5 2 3
0 0 0 0 1 6 1 0 2 0 1 0 5 -1 -1 -1 -1 -1 -1 194145 0 15 16 16 13 2 5 2 3
0 0 0 0 1 6 1 0 2 0 1 0 5 -1 -1 -1 -1 -1 -1 194912 0 15 16 16 13 2 5 2 3
0 0 0 0 3 6 1 0 2 0 1 0 5 4 3 4 3 0 0 195679 0 15 16 16 13 2 6 2 3
0 0 0 0 1 6 1 0 2 0 1 0 5 -1 -1 -1 -1 -1 -1 196446 0 15 16 16 13 2 6 2 3
0 0 0 0 1 6 1 0 2 0 1 0 5 -1 -1 -1 -1 -1 -1 197213 0 15 16 16 13 2 6 2 3
0 0 0 0 1 6 1 0 2 0 1 0 5 -1 -1 -1 -1 -1 -1 197980 0 15 16 16 13 2 6 2 3
0 0 0 0 3 6 1 0 2 0 1 0 5 4 0 4 1 0 0 198746 0 15 16 16 13 2 8 0 3
0 0 0 0 1 6 1 0 2 0 1 0 5 -1 -1 -1 -1 -1 -1 199513 0 15 16 16 13 2 8 0 3
0 0 0 0 1 6 1 0 2 0 1 0 5 -1 -1 -1 -1 -1 -1 200280 0 15 16 16 13 2 8 0 3
0 0 0 0 1 6 1 0 2 0 1 0 5 -1 -1 -1 -1 -1 -1 201047 0 15 16 16 13 2 8 0 3
0 0 0 0 1 8 1 0 2 0 1 0 5 5 3 4 3 0 1 201814 0 15 16 16 13 2 4 2 3
0 0 0 0 1 6 1 0 2 0 1 0 5 -1 -1 -1 -1 -1 -1 202814 0 15 16 15 10 2 4 2 3
0 0 0 0 1 6 1 0 2 0 1 0 5 -1 -1 -1 -1 -1 -1 203814 0 15 16 15 10 2 4 2 3
0 0 0 0 1 6 1 0 2 0 1 0 5 -1 -1 -1 -1 -1 -1 204814 0 15 16 15 10 2 4 2 3
0 0 0 0 1 6 3 0 2 0 1 0 5 6 0 4 1 0 0 205815 0 15 16 15 10 2 6 2 3
0 0 0 0 1 6 1 0 2 0 1 0 5 -1 -1 -1 -1 -1 -1 206815 0 15 16 15 10 2 6 2 3
0 0 0 0 6 1 1 0 2 0 1 0 4 -1 -1 -1 -1 -1 -1 207815 0 15 16 15 10 2 6 2 3
0 0 0 0 6 1 1 0 2 0 1 0 4 -1 -1 -1 -1 -1 -1 208815 0 15 16 15 10 2 6 2 3
0 0 0 0 6 3 1 0 2 0 1 0 4 5 3 4 3 0 0 209782 0 15 16 15 10 2 4 2 3
0 0 0 0 6 1 1 0 2 0 1 0 4 -1 -1 -1 -1 -1 -1 210782 0 15 16 15 10 2 4 2 3
0 0 0 0 1 6 1 0 2 0 1 0 5 -1 -1 -1 -1 -1 -1 211782 0 15 16 15 10 2 4 2 3
0 0 0 0 1 6 1 0 2 0 1 0 5 -1 -1 -1 -1 -1 -1 212783 0 15 16 15 10 2 4 2 3
0 0 0 0 1 6 3 0 2 0 1 0 5 6 1 4 2 0 0 213783 0 15 16 15 10 2 4 2 3
0 0 0 0 1 6 1 0 2 0 1 0 5 -1 -1 -1 -1 -1 -1 214783 0 15 16 15 10 2 4 2 3
0 0 0 0 6 1 1 0 2 0 1 0 4 -1 -1 -1 -1 -1 -1 215783 0 15 16 15 10 2 4 2 3
0 0 0 0 6 1 1 0 2 0 1 0 4 -1 -1 -1 -1 -1 -1 216784 0 15 16 15 10 2 4 2 3
0 0 0 0 7 1 1 0 2 0 1 0 4 4 1 4 2 1 1 217784 0 15 16 15 10 2 5 2 3
0 0 0 0 6 1 1 0 2 0 1 0 4 -1 -1 -1 -1 -1 -1 218784 0 15 16 15 10 2 5 2 3
0 0 0 0 1 1 6 0 2 0 1 0 6 -1 -1 -1 -1 -1 -1 219784 0 15 16 15 10 2 5 2 3
0 0 0 0 1 1 6 0 2 0 1 0 6 -1 -1 -1 -1 -1 -1 220784 0 15 16 15 10 2 5 2 3
0 0 0 0 1 1 7 0 2 0 1 0 6 6 1 4 2 1 1 221785 0 15 16 15 10 2 5 2 3
0 0 0 0 1 1 6 0 2 0 1 0 6 -1 -1 -1 -1 -1 -1 222585 0 15 16 16 13 2 5 2 3
0 0 0 0 6 1 1 0 2 0 1 0 4 -1 -1 -1 -1 -1 -1 223385 0 15 16 16 13 2 5 2 3
0 0 0 0 6 1 1 0 2 0 1 0 4 -1 -1 -1 -1 -1 -1 224152 0 15 16 16 13 2 5 2 3
0 0 0 0 7 1 1 0 2 0 1 0 4 4 1 4 2 1 1 224919 0 15 16 16 13 2 6 2 3
0 0 0 0 6 1 1 0 2 0 1 0 4 -1 -1 -1 -1 -1 -1 225685 0 15 16 16 13 2 6 2 3
0 0 0 0 1 6 1 0 2 0 1 0 5 -1 -1 -1 -1 -1 -1 226452 0 15 16 16 13 2 6 2 3
0 0 0 0 1 6 1 0 2 0 1 0 5 -1 -1 -1 -1 -1 -1 227219 0 15 16 16 13 2 6 2 3
0 0 0 0 3 6 1 0 2 0 1 0 5 4 3 4 3 0 0 227986 0 15 16 16 13 2 8 0 3
0 0 0 0 1 6 1 0 2 0 1 0 5 -1 -1 -1 -1 -1 -1 228753 0 15 16 16 13 2 8 0 3
0 0 0 0 6 1 1 0 2 0 1 0 4 -1 -1 -1 -1 -1 -1 229520 0 15 16 16 13 2 8 0 3
0 0 0 0 6 1 1 0 2 0 1 0 4 -1 -1 -1 -1 -1 -1 230286 0 15 16 16 13 2 8 0 3
0 0 0 0 7 1 1 0 2 0 1 0 4 4 3 4 3 1 1 231053 0 15 16 16 13 2 4 2 3
0 0 0 1 1 6 1 1 3 1 1 1 5 -1 -1 -1 -1 -1 -1 238021 0 15 16 16 60 2 8 0 5
0 0 0 1 1 6 1 1 3 1 1 1 5 -1 -1 -1 -1 -1 -1 238188 0 15 16 16 60 2 8 0 5
0 0 0 1 1 6 1 1 3 1 1 1 5 -1 -1 -1 -1 -1 -1 238355 0 15 16 16 60 2 4 2 5
0 0 0 1 1 6 1 1 3 1 1 1 5 -1 -1 -1 -1 -1 -1 238521 0 15 16 16 50.6 2 4 2 5
0 0 0 1 1 6 1 1 3 1 1 1 5 -1 -1 -1 -1 -1 -1 238788 0 15 16 16 25.5333 2 4 2 5
0 0 0 1 1 6 1 1 3 1 1 1 5 -1 -1 -1 -1 -1 -1 239522 0 15 16 16 13 2 4 2 5
0 0 0 1 1 6 1 1 3 1 1 1 5 -1 -1 -1 -1 -1 -1 240289 0 15 16 16 13 2 5 2 5
0 0 0 1 1 6 1 1 3 1 1 1 5 -1 -1 -1 -1 -1 -1 241055 0 15 16 16 13 2 5 2 5
0 0 0 1 1 6 1 1 3 1 1 1 5 -1 -1 -1 -1 -1 -1 241822 0 15 16 16 13 2 5 2 5
0 0 0 1 1 6 1 1 3 1 1 1 5 -1 -1 -1 -1 -1 -1 242589 0 15 16 16 13 2 5 2 5
0 0 0 1 1 6 1 3 3 1 1 1 5 7 4 5 0 0 0 243356 0 15 16 16 13 2 4 2 5
0 0 0 1 1 6 1 1 3 1 1 1 5 -1 -1 -1 -1 -1 -1 244123 0 15 16 16 13 2 4 2 5
0 0 0 1 1 6 1 1 3 1 1 1 5 -1 -1 -1 -1 -1 -1 244890 0 15 16 16 13 2 4 2 5
0 0 0 1 1 6 1 1 3 1 1 1 5 -1 -1 -1 -1 -1 -1 245656 0 15 16 16 13 2 4 2 5
0 0 0 1 1 6 3 1 3 1 1 1 5 6 4 7 2 0 0 246423 0 15 16 16 13 2 4 2 5
0 0 0 1 1 6 1 1 3 1 1 1 5 -1 -1 -1 -1 -1 -1 247223 0 15 16 16 13 2 4 2 5
0 0 0 1 6 1 1 1 3 1 1 1 4 -1 -1 -1 -1 -1 -1 247990 0 15 16 16 13 2 4 2 5
0 0 0 1 6 1 1 1 3 1 1 1 4 -1 -1 -1 -1 -1 -1 248757 0 15 16 16 13 2 4 2 5
0 0 0 1 7 1 1 1 3 1 1 1 4 4 4 7 2 1 1 249524 0 15 16 16 13 2 4 2 5
0 0 0 1 6 1 1 1 3 1 1 1 4 -1 -1 -1 -1 -1 -1 250291 0 15 16 16 13 2 4 2 5
0 0 0 6 1 1 1 1 3 1 1 1 3 -1 -1 -1 -1 -1 -1 251058 0 15 16 16 13 2 4 2 5
0 0 0 6 1 1 1 1 3 1 1 1 3 -1 -1 -1 -1 -1 -1 251824 0 15 16 16 13 2 4 2 5
0 0 0 7 1 1 1 1 3 1 1 1 3 3 4 7 2 1 1 252591 0 15 16 16 13 2 6 2 5
0 0 0 6 1 1 1 1 3 1 1 1 3 -1 -1 -1 -1 -1 -1 253358 0 15 16 16 13 2 6 2 5
0 0 0 1 6 1 1 1 3 1 1 1 4 -1 -1 -1 -1 -1 -1 254125 0 15 16 16 13 2 6 2 5
0 0 0 1 6 1 1 1 3 1 1 1 4 -1 -1 -1 -1 -1 -1 254892 0 15 16 16 13 2 6 2 5
0 0 0 3 6 1 1 1 3 1 1 1 4 3 4 5 0 0 0 255658 0 15 16 16 13 2 4 2 5
0 0 0 1 6 1 1 1 3 1 1 1 4 -1 -1 -1 -1 -1 -1 256425 0 15 16 16 13 2 4 2 5
0 0 0 1 6 1 1 1 3 1 1 1 4 -1 -1 -1 -1 -1 -1 257225 0 15 16 16 13 2 4 2 5
0 0 0 1 6 1 1 1 3 1 1 1 4 -1 -1 -1 -1 -1 -1 257991 0 15 16 16 13 2 4 2 5
0 0 0 3 6 1 1 1 3 1 1 1 4 3 4 8 3 0 0 258758 0 15 16 16 13 2 8 0 5
0 0 0 1 6 1 1 1 3 1 1 1 4 -1 -1 -1 -1 -1 -1 259524 0 15 16 16 13 2 8 0 5
0 0 0 1 6 1 1 1 3 1 1 1 4 -1 -1 -1 -1 -1 -1 260291 0 15 16 16 13 2 8 0 5
0 0 0 1 6 1 1 1 3 1 1 1 4 -1 -1 -1 -1 -1 -1 261057 0 15 16 16 13 2 8 0 5
0 0 0 1 7 1 1 1 3 1 1 1 4 4 4 8 3 1 1 261824 0 15 16 16 13 2 4 2 5
0 0 0 1 6 1 1 1 3 1 1 1 4 -1 -1 -1 -1 -1 -1 262590 0 15 16 16 13 2 4 2 5
0 0 0 1 6 1 1 1 3 1 1 1 4 -1 -1 -1 -1 -1 -1 263357 0 15 16 16 13 2 4 2 5
0 0 0 1 6 1 1 1 3 1 1 1 4 -1 -1 -1 -1 -1 -1 264123 0 15 16 16 13 2 4 2 5
0 0 0 1 6 3 1 1 3 1 1 1 4 5 4 6 1 0 0 264890 0 15 16 16 13 2 5 2 5
0 0 0 1 6 1 1 1 3 1 1 1 4 -1 -1 -1 -1 -1 -1 265656 0 15 16 16 13 2 5 2 5
0 0 0 1 6 1 1 1 3 1 1 1 4 -1 -1 -1 -1 -1 -1 266423 0 15 16 16 13 2 5 2 5
0 0 0 1 6 1 1 1 3 1 1 1 4 -1 -1 -1 -1 -1 -1 267189 0 15 16 16 13 2 5 2 5
0 0 0 1 6 3 1 1 3 1 1 1 4 5 4 7 2 0 0 267989 0 15 16 16 13 2 4 2 5
0 0 0 1 6 1 1 1 3 1 1 1 4 -1 -1 -1 -1 -1 -1 268755 0 15 16 16 13 2 4 2 5
0 0 0 1 6 1 1 1 3 1 1 1 4 -1 -1 -1 -1 -1 -1 269522 0 15 16 16 13 2 4 2 5
0 0 0 1 6 1 1 1 3 1 1 1 4 -1 -1 -1 -1 -1 -1 270288 0 15 16 16 13 2 4 2 5
0 0 0 1 6 1 3 1 3 1 1 1 4 6 4 5 0 0 0 271055 0 15 16 16 13 2 4 2 5
0 0 0 1 6 1 1 1 3 1 1 1 4 -1 -1 -1 -1 -1 -1 271821 0 15 16 16 13 2 4 2 5
0 0 0 1 1 6 1 1 3 1 1 1 5 -1 -1 -1 -1 -1 -1 272588 0 15 16 16 13 2 4 2 5
0 0 0 1 1 6 1 1 3 1 1 1 5 -1 -1 -1 -1 -1 -1 273354 0 15 16 16 13 2 4 2 5
0 0 0 1 3 6 1 1 3 1 1 1 5 4 4 7 2 0 0 274121 0 15 16 16 13 2 4 2 5
0 0 0 1 1 6 1 1 3 1 1 1 5 -1 -1 -1 -1 -1 -1 274887 0 15 16 16 13 2 4 2 5
0 0 0 1 1 6 1 1 3 1 1 1 5 -1 -1 -1 -1 -1 -1 275654 0 15 16 16 13 2 4 2 5
0 0 0 1 1 6 1 1 3 1 1 1 5 -1 -1 -1 -1 -1 -1 276420 0 15 16 16 13 2 4 2 5
0 0 0 1 1 6 3 1 3 1 1 1 5 6 4 5 0 0 0 277187 0 15 16 16 13 2 6 2 5
0 0 0 1 1 6 1 1 3 1 1 1 5 -1 -1 -1 -1 -1 -1 277953 0 15 16 16 13 2 6 2 5
0 0 0 1 1 6 1 1 3 1 1 1 5 -1 -1 -1 -1 -1 -1 278753 0 15 16 16 13 2 6 2 5
0 0 0 1 1 6 1 1 3 1 1 1 5 -1 -1 -1 -1 -1 -1 279520 0 15 16 16 13 2 6 2 5
0 0 0 1 1 6 1 3 3 1 1 1 5 7 4 8 3 0 0 280286 0 15 16 16 13 2 4 2 5
0 0 0 1 1 6 1 1 3 1 1 1 5 -1 -1 -1 -1 -1 -1 281052 0 15 16 16 13 2 4 2 5
0 0 0 1 1 6 1 1 3 1 1 1 5 -1 -1 -1 -1 -1 -1 281819 0 15 16 16 13 2 4 2 5
0 0 0 1 1 6 1 1 3 1 1 1 5 -1 -1 -1 -1 -1 -1 282585 0 15 16 16 13 2 4 2 5
0 0 0 1 1 6 1 3 3 1 1 1 5 7 4 5 0 0 0 283352 0 15 16 16 13 2 8 0 5
0 0 0 1 1 6 1 1 3 1 1 1 5 -1 -1 -1 -1 -1 -1 284118 0 15 16 16 13 2 8 0 5
0 0 0 1 1 6 1 1 3 1 1 1 5 -1 -1 -1 -1 -1 -1 284885 0 15 16 16 13 2 8 0 5
0 0 0 1 1 6 1 1 3 1 1 1 5 -1 -1 -1 -1 -1 -1 285651 0 15 16 16 13 2 8 0 5
0 0 0 1 1 7 1 1 3 1 1 1 5 5 4 5 0 1 1 286418 0 15 16 16 13 2 4 2 5
0 0 0 1 1 6 1 1 3 1 1 1 5 -1 -1 -1 -1 -1 -1 287184 0 15 16 16 13 2 4 2 5
0 0 0 1 1 6 1 1 3 1 1 1 5 -1 -1 -1 -1 -1 -1 287951 0 15 16 16 13 2 4 2 5
0 0 0 1 1 6 1 1 3 1 1 1 5 -1 -1 -1 -1 -1 -1 288717 0 15 16 16 13 2 4 2 5
0 0 0 1 1 7 1 1 3 1 1 1 5 5 4 5 0 1 1 289517 0 15 16 16 13 2 5 2 5
0 0 0 1 1 6 1 1 4 2 1 1 5 -1 -1 -1 -1 -1 -1 295949 0 15 16 16 60 2 8 0 5
0 0 0 1 1 6 1 1 4 2 1 1 5 -1 -1 -1 -1 -1 -1 296115 0 15 16 16 60 2 8 0 5
0 0 0 1 1 6 1 1 4 2 1 1 5 -1 -1 -1 -1 -1 -1 296282 0 15 16 16 60 2 6 2 5
0 0 0 1 1 6 1 1 4 2 1 1 5 -1 -1 -1 -1 -1 -1 296449 0 15 16 16 50.6 2 6 2 5
0 0 0 1 1 6 1 1 4 2 1 1 5 -1 -1 -1 -1 -1 -1 296715 0 15 16 16 25.5333 2 6 2 5
0 0 0 1 1 6 1 1 4 2 1 1 5 -1 -1 -1 -1 -1 -1 297448 0 15 16 16 13 2 6 2 5
0 0 0 1 1 6 1 1 4 2 1 1 5 -1 -1 -1 -1 -1 -1 298215 0 15 16 16 13 2 4 2 5
0 0 0 1 1 6 1 1 4 2 1 1 5 -1 -1 -1 -1 -1 -1 298981 0 15 16 16 13 2 4 2 5
0 0 0 1 1 6 1 1 4 2 1 1 5 -1 -1 -1 -1 -1 -1 299748 0 15 16 16 13 2 4 2 5
0 0 0 1 1 6 1 1 4 2 1 1 5 -1 -1 -1 -1 -1 -1 300514 0 15 16 16 13 2 4 2 5
0 0 0 1 1 6 3 1 4 2 1 1 5 6 5 4 2 0 0 301281 0 15 16 16 13 2 4 2 5
0 0 0 1 1 6 1 1 4 2 1 1 5 -1 -1 -1 -1 -1 -1 302047 0 15 16 16 13 2 4 2 5
0 0 0 1 1 6 1 1 4 2 1 1 5 -1 -1 -1 -1 -1 -1 302814 0 15 16 16 13 2 4 2 5
0 0 0 1 1 6 1 1 4 2 1 1 5 -1 -1 -1 -1 -1 -1 303580 0 15 16 16 13 2 4 2 5
0 0 0 1 3 6 1 1 4 2 1 1 5 4 5 4 3 0 0 304347 0 15 16 16 13 2 5 2 5
0 0 0 1 1 6 1 1 4 2 1 1 5 -1 -1 -1 -1 -1 -1 305147 0 15 16 16 13 2 5 2 5
0 0 0 1 1 6 1 1 4 2 1 1 5 -1 -1 -1 -1 -1 -1 305913 0 15 16 16 13 2 5 2 5
0 0 0 1 1 6 1 1 4 2 1 1 5 -1 -1 -1 -1 -1 -1 306680 0 15 16 16 13 2 5 2 5
0 0 0 1 3 6 1 1 4 2 1 1 5 4 5 4 2 0 0 307446 0 15 16 16 13 2 6 2 5
0 0 0 1 1 6 1 1 4 2 1 1 5 -1 -1 -1 -1 -1 -1 308212 0 15 16 16 13 2 6 2 5
0 0 0 1 1 6 1 1 4 2 1 1 5 -1 -1 -1 -1 -1 -1 308979 0 15 16 16 13 2 6 2 5
0 0 0 1 1 6 1 1 4 2 1 1 5 -1 -1 -1 -1 -1 -1 309745 0 15 16 16 13 2 6 2 5
0 0 0 1 1 6 3 1 4 2 1 1 5 6 5 4 3 0 0 310512 0 15 16 16 13 2 6 2 5
0 0 0 1 1 6 1 1 4 2 1 1 5 -1 -1 -1 -1 -1 -1 311278 0 15 16 16 13 2 6 2 5
0 0 0 1 1 6 1 1 4 2 1 1 5 -1 -1 -1 -1 -1 -1 312045 0 15 16 16 13 2 6 2 5
0 0 0 1 1 6 1 1 4 2 1 1 5 -1 -1 -1 -1 -1 -1 312811 0 15 16 16 13 2 6 2 5
0 0 0 1 3 6 1 1 4 2 1 1 5 4 5 4 2 0 0 313578 0 15 16 16 13 2 4 2 5
0 0 0 1 1 6 1 1 4 2 1 1 5 -1 -1 -1 -1 -1 -1 314344 0 15 16 16 13 2 4 2 5
0 0 0 1 1 1 6 1 4 2 1 1 6 -1 -1 -1 -1 -1 -1 315144 0 15 16 16 13 2 4 2 5
0 0 0 1 1 1 6 1 4 2 1 1 6 -1 -1 -1 -1 -1 -1 315911 0 15 16 16 13 2 4 2 5
0 0 0 1 1 3 6 1 4 2 1 1 6 5 5 4 3 0 0 316677 0 15 16 16 13 2 8 0 5
0 0 0 1 1 1 6 1 4 2 1 1 6 -1 -1 -1 -1 -1 -1 317444 0 15 16 16 13 2 8 0 5
0 0 0 1 1 1 6 1 4 2 1 1 6 -1 -1 -1 -1 -1 -1 318210 0 15 16 16 13 2 8 0 5
0 0 0 1 1 1 6 1 4 2 1 1 6 -1 -1 -1 -1 -1 -1 318977 0 15 16 16 13 2 8 0 5
0 0 0 3 1 1 6 1 4 2 1 1 6 3 5 4 0 0 0 319743 0 15 16 16 13 2 6 2 5
0 0 0 1 1 1 6 1 4 2 1 1 6 -1 -1 -1 -1 -1 -1 320509 0 15 16 16 13 2 6 2 5
0 0 0 1 1 6 1 1 4 2 1 1 5 -1 -1 -1 -1 -1 -1 321276 0 15 16 16 13 2 6 2 5
0 0 0 1 1 6 1 1 4 2 1 1 5 -1 -1 -1 -1 -1 -1 322042 0 15 16 16 13 2 6 2 5
0 0 0 1 1 7 1 1 4 2 1 1 5 5 5 4 0 1 1 322809 0 15 16 16 13 2 4 2 5
0 0 0 1 1 6 1 1 4 2 1 1 5 -1 -1 -1 -1 -1 -1 323575 0 15 16 16 13 2 4 2 5
0 0 0 6 1 1 1 1 4 2 1 1 3 -1 -1 -1 -1 -1 -1 324342 0 15 16 16 13 2 4 2 5
0 0 0 6 1 1 1 1 4 2 1 1 3 -1 -1 -1 -1 -1 -1 325108 0 15 16 16 13 2 4 2 5
0 0 0 7 1 1 1 1 4 2 1 1 3 3 5 4 0 1 1 325908 0 15 16 16 13 2 4 2 5
0 0 0 6 1 1 1 1 4 2 1 1 3 -1 -1 -1 -1 -1 -1 326675 0 15 16 16 13 2 4 2 5
0 0 0 1 1 6 1 1 4 2 1 1 5 -1 -1 -1 -1 -1 -1 327441 0 15 16 16 13 2 4 2 5
0 0 0 1 1 6 1 1 4 2 1 1 5 -1 -1 -1 -1 -1 -1 328208 0 15 16 16 13 2 4 2 5
0 0 0 1 1 7 1 1 4 2 1 1 5 5 5 4 0 1 1 328974 0 15 16 16 13 2 5 2 5
0 0 0 1 1 6 1 1 4 2 1 1 5 -1 -1 -1 -1 -1 -1 329741 0 15 16 16 13 2 5 2 5
0 0 0 1 1 6 1 1 4 2 1 1 5 -1 -1 -1 -1 -1 -1 330507 0 15 16 16 13 2 5 2 5
0 0 0 1 1 6 1 1 4 2 1 1 5 -1 -1 -1 -1 -1 -1 331274 0 15 16 16 13 2 5 2 5
0 0 0 1 1 6 1 3 4 2 1 1 5 7 5 4 3 0 0 332040 0 15 16 16 13 2 6 2 5
0 0 0 1 1 6 1 1 4 2 1 1 5 -1 -1 -1 -1 -1 -1 332806 0 15 16 16 13 2 6 2 5
0 0 0 1 1 6 1 1 4 2 1 1 5 -1 -1 -1 -1 -1 -1 333573 0 15 16 16 13 2 6 2 5
0 0 0 1 1 6 1 1 4 2 1 1 5 -1 -1 -1 -1 -1 -1 334339 0 15 16 16 13 2 6 2 5
0 0 0 1 1 6 3 1 4 2 1 1 5 6 5 4 2 0 0 335106 0 15 16 16 13 2 6 2 5
0 0 0 1 1 6 1 1 4 2 1 1 5 -1 -1 -1 -1 -1 -1 335872 0 15 16 16 13 2 6 2 5
0 0 0 1 1 6 1 1 4 2 1 1 5 -1 -1 -1 -1 -1 -1 336672 0 15 16 16 13 2 6 2 5
0 0 0 1 1 6 1 1 4 2 1 1 5 -1 -1 -1 -1 -1 -1 337439 0 15 16 16 13 2 6 2 5
0 0 0 1 1 6 1 3 4 2 1 1 5 7 5 4 1 0 0 338205 0 15 16 16 13 2 4 2 5
0 0 0 1 1 1 6 1 4 2 1 1 6 -1 -1 -1 -1 -1 -1 338972 0 15 16 16 13 2 4 2 5
0 0 0 1 1 1 6 1 4 2 1 1 6 -1 -1 -1 -1 -1 -1 339738 0 15 16 16 13 2 4 2 5
0 0 0 1 1 1 6 1 4 2 1 1 6 -1 -1 -1 -1 -1 -1 340505 0 15 16 16 13 2 4 2 5
0 0 0 1 1 1 6 3 4 2 1 1 6 7 5 4 0 0 0 341271 0 15 16 16 13 2 8 0 5
0 0 0 1 1 1 6 1 4 2 1 1 6 -1 -1 -1 -1 -1 -1 342038 0 15 16 16 13 2 8 0 5
0 0 0 1 1 1 6 1 4 2 1 1 6 -1 -1 -1 -1 -1 -1 342804 0 15 16 16 13 2 8 0 5
0 0 0 1 1 6 1 1 4 2 1 1 5 -1 -1 -1 -1 -1 -1 343571 0 15 16 16 13 2 8 0 5
0 0 0 1 1 6 3 1 4 2 1 1 5 6 5 4 2 0 0 344337 0 15 16 16 13 2 6 2 5
0 0 0 1 1 6 1 1 4 2 1 1 5 -1 -1 -1 -1 -1 -1 345103 0 15 16 16 13 2 6 2 5
0 0 0 1 6 1 1 1 4 2 1 1 4 -1 -1 -1 -1 -1 -1 345870 0 15 16 16 13 2 6 2 5
0 0 0 1 6 1 1 1 4 2 1 1 4 -1 -1 -1 -1 -1 -1 346670 0 15 16 16 13 2 6 2 5
0 0 0 1 7 1 1 1 4 2 1 1 4 4 5 4 2 1 1 347436 0 15 16 16 13 2 4 2 5
0 0 0 1 6 1 1 1 4 2 1 1 4 -1 -1 -1 -1 -1 -1 348203 0 15 16 16 13 2 4 2 5
0 0 0 1 6 1 1 1 4 2 1 1 4 -1 -1 -1 -1 -1 -1 348969 0 15 16 16 13 2 4 2 5
0 0 0 1 6 1 1 1 4 2 1 1 4 -1 -1 -1 -1 -1 -1 349736 0 15 16 16 13 2 4 2 5
0 0 0 1 7 1 1 1 4 2 1 1 4 4 5 4 2 1 1 350502 0 15 16 16 13 2 4 2 5
0 0 0 0 1 6 1 0 5 6 1 0 5 -1 -1 -1 -1 -1 -1 392459 0 15 40 15 60 2 8 0 3
0 0 0 0 1 6 1 0 5 6 1 0 5 -1 -1 -1 -1 -1 -1 392625 0 15 40 15 60 2 8 0 3
0 0 0 0 1 6 1 0 5 6 1 0 5 -1 -1 -1 -1 -1 -1 392792 0 15 40 15 60 2 6 2 3
0 0 0 0 1 6 1 0 5 6 1 0 5 -1 -1 -1 -1 -1 -1 392958 0 15 40 15 50 2 6 2 3
0 0 0 0 1 6 1 0 5 6 1 0 5 -1 -1 -1 -1 -1 -1 393258 0 15 40 15 20 2 6 2 3
0 0 0 0 1 6 1 0 5 6 1 0 5 -1 -1 -1 -1 -1 -1 394192 0 15 40 15 10 2 6 2 3
0 0 0 0 1 6 1 0 5 6 1 0 5 -1 -1 -1 -1 -1 -1 395191 0 15 40 15 10 2 4 2 3
0 0 0 0 6 1 1 0 5 6 1 0 4 -1 -1 -1 -1 -1 -1 396191 0 15 40 15 10 2 4 2 3
0 0 0 0 6 1 1 0 5 6 1 0 4 -1 -1 -1 -1 -1 -1 397191 0 15 40 15 10 2 4 2 3
0 0 0 0 6 1 1 0 5 6 1 0 4 -1 -1 -1 -1 -1 -1 398191 0 15 40 15 10 2 4 2 3
0 0 0 0 7 1 1 0 5 6 1 0 4 4 5 4 4 1 1 399190 0 15 40 15 10 2 4 2 3
0 0 0 0 1 1 6 0 5 6 1 0 6 -1 -1 -1 -1 -1 -1 400190 0 15 40 15 10 2 4 2 3
0 0 0 0 1 1 6 0 5 6 1 0 6 -1 -1 -1 -1 -1 -1 401190 0 15 40 15 10 2 4 2 3
0 0 0 0 1 1 6 0 5 6 1 0 6 -1 -1 -1 -1 -1 -1 402190 0 15 40 15 10 2 4 2 3
0 0 0 0 1 1 7 0 5 6 1 0 6 6 5 4 4 1 1 403189 0 15 40 15 10 2 6 2 3
0 0 0 0 1 1 6 0 5 6 1 0 6 -1 -1 -1 -1 -1 -1 403989 0 15 40 16 13 2 6 2 3
0 0 0 0 1 1 6 0 5 6 1 0 6 -1 -1 -1 -1 -1 -1 404756 0 15 40 16 13 2 6 2 3
0 0 0 0 1 1 6 0 5 6 1 0 6 -1 -1 -1 -1 -1 -1 405555 0 15 40 16 13 2 6 2 3
0 0 0 0 1 1 7 0 5 6 1 0 6 6 5 4 4 1 1 406322 0 15 40 16 13 2 4 2 3
0 0 0 0 1 6 1 0 5 6 1 0 5 -1 -1 -1 -1 -1 -1 407088 0 15 40 16 13 2 4 2 3
0 0 0 0 6 1 1 0 5 6 1 0 4 -1 -1 -1 -1 -1 -1 407855 0 15 40 16 13 2 4 2 3
0 0 0 0 6 1 1 0 5 6 1 0 4 -1 -1 -1 -1 -1 -1 408621 0 15 40 16 13 2 4 2 3
0 0 0 1 7 1 1 1 5 6 1 0 4 4 5 4 4 1 1 409388 0 15 40 16 13 2 5 2 5
0 0 0 1 6 1 1 1 5 6 1 1 4 -1 -1 -1 -1 -1 -1 410021 0 15 40 17 16 2 5 2 5
0 0 0 1 6 1 1 1 5 6 1 1 4 -1 -1 -1 -1 -1 -1 410654 0 15 40 17 16 2 5 2 5
0 0 0 1 6 1 1 1 5 6 1 1 4 -1 -1 -1 -1 -1 -1 411287 0 15 40 17 16 2 5 2 5
0 0 0 1 7 1 1 1 5 6 1 1 4 4 5 4 4 1 1 411921 0 15 40 17 16 2 4 2 5
0 0 0 1 6 1 1 1 5 6 1 1 4 -1 -1 -1 -1 -1 -1 412520 0 15 40 17 16 2 4 2 5
0 0 0 6 1 1 1 1 5 6 1 1 3 -1 -1 -1 -1 -1 -1 413154 0 15 40 17 16 2 4 2 5
0 0 0 6 1 1 1 1 5 6 1 1 3 -1 -1 -1 -1 -1 -1 413787 0 15 40 17 16 2 4 2 5
0 0 0 7 1 1 1 1 5 6 1 1 3 3 5 4 4 1 1 414420 0 15 40 17 16 2 8 0 5
0 0 0 6 1 1 1 1 5 6 1 1 3 -1 -1 -1 -1 -1 -1 414953 0 15 40 18 19 2 8 0 5
0 0 0 6 1 1 1 1 5 6 1 1 3 -1 -1 -1 -1 -1 -1 415486 0 15 40 18 19 2 8 0 5
0 0 0 6 1 1 1 1 5 6 1 1 3 -1 -1 -1 -1 -1 -1 415986 0 15 40 18 19 2 8 0 5
0 0 0 8 2 1 1 1 5 6 1 1 3 4 5 4 4 1 0 416519 0 15 40 18 19 2 6 2 5
0 0 0 1 6 1 1 1 5 6 1 1 4 -1 -1 -1 -1 -1 -1 417119 0 15 40 17 16 2 6 2 5
0 0 0 1 1 1 6 1 5 6 1 1 6 -1 -1 -1 -1 -1 -1 417752 0 15 40 17 16 2 6 2 5
0 0 0 1 1 1 6 1 5 6 1 1 6 -1 -1 -1 -1 -1 -1 418386 0 15 40 17 16 2 6 2 5
0 0 0 1 1 1 7 1 5 6 1 1 6 6 5 4 4 1 1 419019 0 15 40 17 16 2 4 2 5
0 0 0 1 1 1 6 1 5 6 1 1 6 -1 -1 -1 -1 -1 -1 419619 0 15 40 17 16 2 4 2 5
0 0 0 1 1 1 6 1 5 6 1 1 6 -1 -1 -1 -1 -1 -1 420252 0 15 40 17 16 2 4 2 5
0 0 0 1 1 1 6 1 5 6 1 1 6 -1 -1 -1 -1 -1 -1 420885 0 15 40 17 16 2 4 2 5
0 0 0 1 1 1 7 1 5 6 1 1 6 6 5 4 4 1 1 421518 0 15 40 17 16 2 4 2 5
0 0 0 1 1 1 6 1 5 6 1 1 6 -1 -1 -1 -1 -1 -1 422051 0 15 40 18 19 2 4 2 5
0 0 0 1 6 1 1 1 5 6 1 1 4 -1 -1 -1 -1 -1 -1 422585 0 15 40 18 19 2 4 2 5
0 0 0 1 6 1 1 1 5 6 1 1 4 -1 -1 -1 -1 -1 -1 423118 0 15 40 18 19 2 4 2 5
0 0 0 1 7 1 1 1 5 6 1 1 4 4 5 4 4 1 1 423618 0 15 40 18 19 2 6 2 5
0 0 0 1 6 1 1 1 5 6 1 2 4 -1 -1 -1 -1 -1 -1 424151 0 15 40 18 19 2 6 2 5
0 0 0 1 6 1 1 1 5 6 1 2 4 -1 -1 -1 -1 -1 -1 424684 0 15 40 18 19 2 6 2 5
0 0 0 1 1 6 1 1 5 6 1 2 5 -1 -1 -1 -1 -1 -1 425217 0 15 40 18 19 2 6 2 5
0 0 0 1 1 7 1 1 5 6 1 2 5 5 5 4 4 1 1 425717 0 15 40 18 19 2 4 2 5
0 0 0 1 1 6 1 1 5 6 1 2 5 -1 -1 -1 -1 -1 -1 426217 0 15 40 19 21 2 4 2 5
0 0 0 1 1 1 6 4 5 6 1 2 6 -1 -1 -1 -1 -1 -1 426684 1 15 40 19 21 2 4 2 5
0 0 0 1 1 1 1 6 5 6 1 2 7 -1 -1 -1 -1 -1 -1 427150 0 15 40 19 21 2 4 2 5
0 0 0 1 1 1 1 7 5 6 1 2 7 7 5 4 4 1 1 427650 0 15 40 19 21 2 5 2 5
0 0 0 1 1 1 1 6 5 6 1 2 7 -1 -1 -1 -1 -1 -1 428117 0 15 40 19 21 2 5 2 5
0 0 0 1 1 1 4 6 5 6 1 2 7 -1 -1 -1 -1 -1 -1 428583 1 15 40 19 21 2 5 2 5
0 0 0 1 1 1 1 6 5 6 1 2 7 -1 -1 -1 -1 -1 -1 429083 0 15 40 19 21 2 5 2 5
0 0 0 1 1 2 8 1 5 6 1 2 6 5 5 4 4 1 0 429550 0 15 40 19 21 2 4 2 5
0 0 0 1 1 6 1 1 5 6 1 2 5 -1 -1 -1 -1 -1 -1 430049 0 15 40 18 19 2 4 2 5
0 0 0 1 4 6 1 1 5 6 1 2 5 -1 -1 -1 -1 -1 -1 430583 1 15 40 18 19 2 4 2 5
0 0 0 1 1 6 1 1 5 6 1 2 5 -1 -1 -1 -1 -1 -1 431116 0 15 40 18 19 2 4 2 5
0 0 0 1 1 7 1 1 5 6 1 2 5 5 5 4 4 1 1 431649 0 15 40 18 19 2 8 0 5
0 0 0 1 1 6 1 1 5 6 1 2 5 -1 -1 -1 -1 -1 -1 432182 0 15 40 18 19 2 8 0 5
0 0 0 1 1 6 4 1 5 6 1 2 5 -1 -1 -1 -1 -1 -1 432682 1 15 40 18 19 2 8 0 5
0 0 0 1 1 6 1 1 5 6 1 2 5 -1 -1 -1 -1 -1 -1 433215 0 15 40 18 19 2 8 0 5
0 0 0 1 1 7 1 1 5 6 1 2 5 5 5 4 4 1 1 433749 0 15 40 18 19 2 6 2 5
0 0 0 1 1 6 1 1 5 6 1 2 5 -1 -1 -1 -1 -1 -1 434215 0 15 40 19 21 2 6 2 5
0 0 0 1 1 1 6 4 5 6 1 2 6 -1 -1 -1 -1 -1 -1 434715 1 15 40 19 21 2 6 2 5
0 0 0 1 1 1 6 1 5 6 1 2 6 -1 -1 -1 -1 -1 -1 435181 0 15 40 19 21 2 6 2 5
0 0 0 1 1 1 7 1 5 6 1 2 6 6 5 4 4 1 1 435648 0 15 40 19 21 2 4 2 5
0 0 0 1 1 1 6 1 5 6 1 2 6 -1 -1 -1 -1 -1 -1 436148 0 15 40 19 21 2 4 2 5
0 0 0 4 1 6 1 1 5 6 1 2 5 -1 -1 -1 -1 -1 -1 436614 1 15 40 19 21 2 4 2 5
0 0 0 1 1 6 1 1 5 6 1 2 5 -1 -1 -1 -1 -1 -1 437081 0 15 40 19 21 2 4 2 5
0 0 0 1 1 7 1 1 5 6 1 2 5 5 5 4 4 1 1 437548 0 15 40 19 21 2 4 2 5
0 0 0 1 1 6 1 1 5 6 1 2 5 -1 -1 -1 -1 -1 -1 438014 0 15 40 20 22 2 4 2 5
0 0 0 1 1 6 1 4 5 6 1 2 5 -1 -1 -1 -1 -1 -1 438481 1 15 40 20 22 2 4 2 5
0 0 0 1 1 6 1 1 5 6 1 2 5 -1 -1 -1 -1 -1 -1 438914 0 15 40 20 22 2 4 2 5
0 0 0 1 1 7 1 1 5 6 1 2 5 5 5 4 4 1 1 439380 0 15 40 20 22 2 6 2 5
0 0 0 1 1 6 1 1 5 6 1 2 5 -1 -1 -1 -1 -1 -1 439847 0 15 40 20 22 2 6 2 5
0 0 0 1 4 1 6 1 5 6 1 2 6 -1 -1 -1 -1 -1 -1 440280 1 15 40 20 22 2 6 2 5
0 0 0 1 1 1 6 1 5 6 1 2 6 -1 -1 -1 -1 -1 -1 440747 0 15 40 20 22 2 6 2 5
0 0 0 1 1 1 7 1 5 6 1 2 6 6 5 4 4 1 1 441213 0 15 40 20 22 2 4 2 5
0 0 0 1 1 1 6 1 5 6 1 2 6 -1 -1 -1 -1 -1 -1 441647 0 15 40 21 23 2 4 2 5
0 0 0 4 1 1 6 1 5 6 1 2 6 -1 -1 -1 -1 -1 -1 442080 1 15 40 21 23 2 4 2 5
0 0 0 1 1 1 6 1 5 6 1 2 6 -1 -1 -1 -1 -1 -1 442513 0 15 40 21 23 2 4 2 5
0 0 0 1 1 1 7 1 5 6 1 2 6 6 5 4 4 1 1 442946 0 15 40 21 23 2 5 2 5
0 0 0 1 1 1 6 1 5 6 1 2 6 -1 -1 -1 -1 -1 -1 443379 0 15 40 21 23 2 5 2 5
0 0 0 1 1 4 6 1 5 6 1 2 6 -1 -1 -1 -1 -1 -1 443813 1 15 40 21 23 2 5 2 5
0 0 0 1 1 1 6 1 5 6 1 2 6 -1 -1 -1 -1 -1 -1 444246 0 15 40 21 23 2 5 2 5
0 0 0 1 1 7 1 1 5 6 1 2 5 5 5 4 4 1 1 444679 0 15 40 21 23 2 4 2 5
0 0 0 1 1 1 6 1 5 6 1 2 6 -1 -1 -1 -1 -1 -1 445112 0 15 40 22 24 2 4 2 5
0 0 0 1 1 4 6 1 5 6 1 2 6 -1 -1 -1 -1 -1 -1 445512 1 15 40 22 24 2 4 2 5
0 0 0 1 6 1 1 1 5 6 1 2 4 -1 -1 -1 -1 -1 -1 445946 0 15 40 22 24 2 4 2 5
0 0 0 1 7 1 1 1 5 6 1 2 4 4 5 4 4 1 1 446345 0 15 40 22 24 2 8 0 5
0 0 0 1 6 1 1 1 5 6 1 2 4 -1 -1 -1 -1 -1 -1 446779 0 15 40 22 24 2 8 0 5
0 0 0 1 6 4 1 1 5 6 1 2 4 -1 -1 -1 -1 -1 -1 447179 1 15 40 22 24 2 8 0 5
0 0 0 1 1 1 6 1 5 6 1 2 6 -1 -1 -1 -1 -1 -1 447612 0 15 40 22 24 2 8 0 5
0 0 0 1 1 1 7 1 5 6 1 2 6 6 5 4 4 1 1 448012 0 15 40 22 24 2 6 2 5
0 0 0 1 1 1 6 1 5 6 1 2 6 -1 -1 -1 -1 -1 -1 448412 0 15 40 23 25 2 6 2 5
0 0 0 4 1 1 6 1 5 6 1 2 6 -1 -1 -1 -1 -1 -1 448811 1 15 40 23 25 2 6 2 5
0 0 0 1 1 1 6 1 5 6 1 2 6 -1 -1 -1 -1 -1 -1 449211 0 15 40 23 25 2 6 2 5
0 0 0 1 1 1 7 1 5 6 1 2 6 6 5 4 4 1 1 449611 0 15 40 23 25 2 4 2 5
0 0 0 0 1 6 1 0 6 1 1 0 5 -1 -1 -1 -1 -1 -1 458476 0 15 16 16 60 2 8 0 3
0 0 0 0 1 6 1 0 6 1 1 0 5 -1 -1 -1 -1 -1 -1 458642 0 15 16 16 60 2 8 0 3
0 0 0 0 1 6 1 0 6 1 1 0 5 -1 -1 -1 -1 -1 -1 458809 0 15 16 16 60 2 5 2 3
0 0 0 0 1 6 1 0 6 1 1 0 5 -1 -1 -1 -1 -1 -1 458976 0 15 16 16 50.6 2 5 2 3
0 0 0 0 1 6 1 0 6 1 1 0 5 -1 -1 -1 -1 -1 -1 459242 0 15 16 16 25.5333 2 5 2 3
0 0 0 0 1 6 1 0 6 1 1 0 5 -1 -1 -1 -1 -1 -1 459975 0 15 16 16 13 2 5 2 3
0 0 0 0 1 6 1 0 6 1 1 0 5 -1 -1 -1 -1 -1 -1 460742 0 15 16 16 13 2 6 2 3
0 0 0 0 1 6 1 0 6 1 1 0 5 -1 -1 -1 -1 -1 -1 461508 0 15 16 16 13 2 6 2 3
0 0 0 0 1 1 6 0 6 1 1 0 6 -1 -1 -1 -1 -1 -1 462275 0 15 16 16 13 2 6 2 3
0 0 0 0 1 6 1 0 6 1 1 0 5 -1 -1 -1 -1 -1 -1 463041 0 15 16 16 13 2 6 2 3
0 0 0 0 1 6 3 0 6 1 1 0 5 6 4 8 3 0 0 463808 0 15 16 16 13 2 5 2 3
0 0 0 0 1 6 1 0 6 1 1 0 5 -1 -1 -1 -1 -1 -1 464574 0 15 16 16 13 2 5 2 3
0 0 0 0 1 6 1 0 6 1 1 0 5 -1 -1 -1 -1 -1 -1 465341 0 15 16 16 13 2 5 2 3
0 0 0 0 1 6 1 0 6 1 1 0 5 -1 -1 -1 -1 -1 -1 466107 0 15 16 16 13 2 5 2 3
0 0 0 0 1 7 1 0 6 1 1 0 5 5 4 8 3 1 1 466907 0 15 16 16 13 2 5 2 3
0 0 0 0 1 6 1 0 6 1 1 0 5 -1 -1 -1 -1 -1 -1 467674 0 15 16 16 13 2 5 2 3
0 0 0 0 1 6 1 0 6 1 1 0 5 -1 -1 -1 -1 -1 -1 468440 0 15 16 16 13 2 5 2 3
0 0 0 0 1 6 1 0 6 1 1 0 5 -1 -1 -1 -1 -1 -1 469207 0 15 16 16 13 2 5 2 3
0 0 0 0 1 6 3 0 6 1 1 0 5 6 4 5 0 0 0 469973 0 15 16 16 13 2 5 2 3
0 0 0 0 1 6 1 0 6 1 1 0 5 -1 -1 -1 -1 -1 -1 470739 0 15 16 16 13 2 5 2 3
0 0 0 0 1 1 6 0 6 1 1 0 6 -1 -1 -1 -1 -1 -1 471506 0 15 16 16 13 2 5 2 3
0 0 0 0 1 1 6 0 6 1 1 0 6 -1 -1 -1 -1 -1 -1 472272 0 15 16 16 13 2 5 2 3
0 0 0 0 1 1 7 0 6 1 1 0 6 6 4 5 0 1 1 473039 0 15 16 16 13 2 6 2 3
0 0 0 0 1 1 6 0 6 1 1 0 6 -1 -1 -1 -1 -1 -1 473805 0 15 16 16 13 2 6 2 3
0 0 0 0 1 6 1 0 6 1 1 0 5 -1 -1 -1 -1 -1 -1 474572 0 15 16 16 13 2 6 2 3
0 0 0 0 1 6 1 0 6 1 1 0 5 -1 -1 -1 -1 -1 -1 475338 0 15 16 16 13 2 6 2 3
0 0 0 0 1 6 3 0 6 1 1 0 5 6 4 8 3 0 0 476105 0 15 16 16 13 2 4 2 3
0 0 0 0 1 6 1 0 6 1 1 0 5 -1 -1 -1 -1 -1 -1 476871 0 15 16 16 13 2 4 2 3
0 0 0 0 1 6 1 0 6 1 1 0 5 -1 -1 -1 -1 -1 -1 477671 0 15 16 16 13 2 4 2 3
0 0 0 0 1 1 6 0 6 1 1 0 6 -1 -1 -1 -1 -1 -1 478438 0 15 16 16 13 2 4 2 3
0 0 0 0 1 3 6 0 6 1 1 0 6 5 4 7 2 0 0 479204 0 15 16 16 13 2 8 0 3
0 0 0 0 1 1 6 0 6 1 1 0 6 -1 -1 -1 -1 -1 -1 479971 0 15 16 16 13 2 8 0 3
0 0 0 0 1 6 1 0 6 1 1 0 5 -1 -1 -1 -1 -1 -1 480737 0 15 16 16 13 2 8 0 3
0 0 0 0 6 1 1 0 6 1 1 0 4 -1 -1 -1 -1 -1 -1 481504 0 15 16 16 13 2 8 0 3
0 0 0 0 7 1 1 0 6 1 1 0 4 4 4 7 2 1 1 482270 0 15 16 16 13 2 5 2 3
0 0 0 0 6 1 1 0 6 1 1 0 4 -1 -1 -1 -1 -1 -1 483036 0 15 16 16 13 2 5 2 3
0 0 0 0 6 1 1 0 6 1 1 0 4 -1 -1 -1 -1 -1 -1 483803 0 15 16 16 13 2 5 2 3
0 0 0 0 6 1 1 0 6 1 1 0 4 -1 -1 -1 -1 -1 -1 484569 0 15 16 16 13 2 5 2 3
0 0 0 0 6 3 1 0 6 1 1 0 4 5 4 5 0 0 0 485336 0 15 16 16 13 2 6 2 3
0 0 0 0 6 1 1 0 6 1 1 0 4 -1 -1 -1 -1 -1 -1 486102 0 15 16 16 13 2 6 2 3
0 0 0 0 6 1 1 0 6 1 1 0 4 -1 -1 -1 -1 -1 -1 486869 0 15 16 16 13 2 6 2 3
0 0 0 0 1 6 1 0 6 1 1 0 5 -1 -1 -1 -1 -1 -1 487635 0 15 16 16 13 2 6 2 3
0 0 0 0 1 6 3 0 6 1 1 0 5 6 4 8 3 0 0 488435 0 15 16 16 13 2 5 2 3
0 0 0 0 1 6 1 0 6 1 1 0 5 -1 -1 -1 -1 -1 -1 489202 0 15 16 16 13 2 5 2 3
0 0 0 0 1 6 1 0 6 1 1 0 5 -1 -1 -1 -1 -1 -1 489968 0 15 16 16 13 2 5 2 3
0 0 0 0 1 6 1 0 6 1 1 0 5 -1 -1 -1 -1 -1 -1 490735 0 15 16 16 13 2 5 2 3
0 0 0 0 1 8 1 0 6 1 1 0 5 5 4 7 2 0 1 491501 0 15 16 16 13 2 5 2 3
0 0 0 0 1 6 1 0 6 1 1 0 5 -1 -1 -1 -1 -1 -1 492468 0 15 16 15 10 2 5 2 3
0 0 0 0 1 6 1 0 6 1 1 0 5 -1 -1 -1 -1 -1 -1 493467 0 15 16 15 10 2 5 2 3
0 0 0 0 1 6 1 0 6 1 1 0 5 -1 -1 -1 -1 -1 -1 494467 0 15 16 15 10 2 5 2 3
0 0 0 0 1 1 7 0 6 1 1 0 6 6 4 7 2 1 1 495467 0 15 16 15 10 2 5 2 3
0 0 0 0 1 1 6 0 6 1 1 0 6 -1 -1 -1 -1 -1 -1 496467 0 15 16 15 10 2 5 2 3
0 0 0 0 1 1 6 0 6 1 1 0 6 -1 -1 -1 -1 -1 -1 497466 0 15 16 15 10 2 5 2 3
0 0 0 0 1 1 6 0 6 1 1 0 6 -1 -1 -1 -1 -1 -1 498466 0 15 16 15 10 2 5 2 3
0 0 0 0 1 1 7 0 6 1 1 0 6 6 4 7 2 1 1 499466 0 15 16 15 10 2 6 2 3
0 0 0 0 1 1 6 0 6 1 1 0 6 -1 -1 -1 -1 -1 -1 500266 0 15 16 16 13 2 6 2 3
0 0 0 0 6 1 1 0 6 1 1 0 4 -1 -1 -1 -1 -1 -1 501032 0 15 16 16 13 2 6 2 3
0 0 0 0 6 1 1 0 6 1 1 0 4 -1 -1 -1 -1 -1 -1 501799 0 15 16 16 13 2 6 2 3
0 0 0 0 7 1 1 0 6 1 1 0 4 4 4 7 2 1 1 502565 0 15 16 16 13 2 4 2 3
0 0 0 0 6 1 1 0 6 1 1 0 4 -1 -1 -1 -1 -1 -1 503332 0 15 16 16 13 2 4 2 3
0 0 0 0 6 1 1 0 6 1 1 0 4 -1 -1 -1 -1 -1 -1 504098 0 15 16 16 13 2 4 2 3
0 0 0 0 1 6 1 0 6 1 1 0 5 -1 -1 -1 -1 -1 -1 504864 0 15 16 16 13 2 4 2 3
0 0 0 0 3 6 1 0 6 1 1 0 5 4 4 8 3 0 0 505631 0 15 16 16 13 2 8 0 3
0 0 0 0 1 6 1 0 6 1 1 0 5 -1 -1 -1 -1 -1 -1 506397 0 15 16 16 13 2 8 0 3
0 0 0 0 1 6 1 0 6 1 1 0 5 -1 -1 -1 -1 -1 -1 507197 0 15 16 16 13 2 8 0 3
0 0 0 0 1 6 1 0 6 1 1 0 5 -1 -1 -1 -1 -1 -1 507964 0 15 16 16 13 2 8 0 3
0 0 0 0 3 6 1 0 6 1 1 0 5 4 4 7 2 0 0 508730 0 15 16 16 13 2 5 2 3
0 0 0 0 1 6 1 0 6 1 1 0 5 -1 -1 -1 -1 -1 -1 509497 0 15 16 16 13 2 5 2 3
0 0 0 0 1 6 1 0 6 1 1 0 5 -1 -1 -1 -1 -1 -1 510263 0 15 16 16 13 2 5 2 3
0 0 0 0 1 6 1 0 6 1 1 0 5 -1 -1 -1 -1 -1 -1 511030 0 15 16 16 13 2 5 2 3
0 0 0 0 3 6 1 0 6 1 1 0 5 4 4 5 0 0 0 511796 0 15 16 16 13 2 6 2 3
0 0 0 0 1 6 1 0 6 1 1 0 5 -1 -1 -1 -1 -1 -1 512563 0 15 16 16 13 2 6 2 3
0 0 0 0 1 6 1 0 6 1 1 0 5 -1 -1 -1 -1 -1 -1 513329 0 15 16 16 13 2 6 2 3
0 0 0 0 1 1 6 0 6 1 1 0 6 -1 -1 -1 -1 -1 -1 514096 0 15 16 16 13 2 6 2 3
0 0 0 0 1 3 6 0 6 1 1 0 6 5 4 6 1 0 0 514862 0 15 16 16 13 2 5 2 3
0 0 0 0 1 1 6 0 6 1 1 0 6 -1 -1 -1 -1 -1 -1 515629 0 15 16 16 13 2 5 2 3
0 0 0 0 1 6 1 0 6 1 1 0 5 -1 -1 -1 -1 -1 -1 516395 0 15 16 16 13 2 5 2 3
0 0 0 0 1 6 1 0 6 1 1 0 5 -1 -1 -1 -1 -1 -1 517162 0 15 16 16 13 2 5 2 3
0 0 0 0 1 6 3 0 6 1 1 0 5 6 4 7 2 0 0 517961 0 15 16 16 13 2 5 2 3
0 0 0 0 1 6 1 0 6 1 1 0 5 -1 -1 -1 -1 -1 -1 518728 0 15 16 16 13 2 5 2 3
0 0 0 0 1 1 6 0 6 1 1 0 6 -1 -1 -1 -1 -1 -1 519494 0 15 16 16 13 2 5 2 3
0 0 0 0 1 1 6 0 6 1 1 0 6 -1 -1 -1 -1 -1 -1 520261 0 15 16 16 13 2 5 2 3
0 0 0 0 1 1 8 0 6 1 1 0 6 6 4 6 1 0 1 521027 0 15 16 16 13 2 5 2 3
0 0 0 0 1 1 6 0 6 1 1 0 6 -1 -1 -1 -1 -1 -1 521994 0 15 16 15 10 2 5 2 3
0 0 0 0 1 6 1 0 6 1 1 0 5 -1 -1 -1 -1 -1 -1 522993 0 15 16 15 10 2 5 2 3
0 0 0 0 1 6 1 0 6 1 1 0 5 -1 -1 -1 -1 -1 -1 523993 0 15 16 15 10 2 5 2 3
0 0 0 0 3 6 1 0 6 1 1 0 5 4 4 5 0 0 0 524993 0 15 16 15 10 2 6 2 3
0 0 0 0 1 6 1 0 6 1 1 0 5 -1 -1 -1 -1 -1 -1 525993 0 15 16 15 10 2 6 2 3
0 0 0 0 6 1 1 0 6 1 1 0 4 -1 -1 -1 -1 -1 -1 526992 0 15 16 15 10 2 6 2 3
0 0 0 0 6 1 1 0 6 1 1 0 4 -1 -1 -1 -1 -1 -1 527992 0 15 16 15 10 2 6 2 3
0 0 0 0 7 1 1 0 6 1 1 0 4 4 4 5 0 1 1 528992 0 15 16 15 10 2 4 2 3
0 0 0 0 6 1 1 0 6 1 1 0 4 -1 -1 -1 -1 -1 -1 529992 0 15 16 15 10 2 4 2 3
0 0 0 0 6 1 1 0 6 1 1 0 4 -1 -1 -1 -1 -1 -1 530991 0 15 16 15 10 2 4 2 3
0 0 0 0 1 6 1 0 6 1 1 0 5 -1 -1 -1 -1 -1 -1 531991 0 15 16 15 10 2 4 2 3
0 0 0 0 1 6 3 0 6 1 1 0 5 6 4 8 3 0 0 532991 0 15 16 15 10 2 8 0 3
0 0 0 0 1 6 1 0 6 1 1 0 5 -1 -1 -1 -1 -1 -1 533991 0 15 16 15 10 2 8 0 3
0 0 0 0 1 1 6 0 6 1 1 0 6 -1 -1 -1 -1 -1 -1 534990 0 15 16 15 10 2 8 0 3
0 0 0 0 1 1 6 0 6 1 1 0 6 -1 -1 -1 -1 -1 -1 535990 0 15 16 15 10 2 8 0 3
0 0 0 0 1 1 7 0 6 1 1 0 6 6 4 8 3 1 1 536990 0 15 16 15 10 2 5 2 3
0 0 0 0 1 1 6 0 6 1 1 0 6 -1 -1 -1 -1 -1 -1 537790 0 15 16 16 13 2 5 2 3
0 0 0 0 1 1 6 0 6 1 1 0 6 -1 -1 -1 -1 -1 -1 538556 0 15 16 16 13 2 5 2 3
0 0 0 0 1 1 6 0 6 1 1 0 6 -1 -1 -1 -1 -1 -1 539323 0 15 16 16 13 2 5 2 3
0 0 0 0 1 1 7 0 6 1 1 0 6 6 4 8 3 1 1 540089 0 15 16 16 13 2 6 2 3
0 0 0 0 1 1 6 0 6 1 1 0 6 -1 -1 -1 -1 -1 -1 540856 0 15 16 16 13 2 6 2 3
0 0 0 0 1 6 1 0 6 1 1 0 5 -1 -1 -1 -1 -1 -1 541622 0 15 16 16 13 2 6 2 3
0 0 0 0 6 1 1 0 6 1 1 0 4 -1 -1 -1 -1 -1 -1 542389 0 15 16 16 13 2 6 2 3
0 0 0 0 6 3 1 0 6 1 1 0 4 5 4 6 1 0 0 543155 0 15 16 16 13 2 5 2 3
0 0 0 0 6 1 1 0 6 1 1 0 4 -1 -1 -1 -1 -1 -1 543922 0 15 16 16 13 2 5 2 3
0 0 0 0 6 1 1 0 6 1 1 0 4 -1 -1 -1 -1 -1 -1 544688 0 15 16 16 13 2 5 2 3
0 0 0 0 6 1 1 0 6 1 1 0 4 -1 -1 -1 -1 -1 -1 545488 0 15 16 16 13 2 5 2 3
0 0 0 0 7 1 1 0 6 1 1 0 4 4 4 6 1 1 1 546254 0 15 16 16 13 2 5 2 3
0 0 0 0 1 6 1 0 6 1 1 0 5 -1 -1 -1 -1 -1 -1 458476 0 15 16 16 60 2 8 0 3
0 0 0 0 1 6 1 0 6 1 1 0 5 -1 -1 -1 -1 -1 -1 458642 0 15 16 16 60 2 8 0 3
0 0 0 0 1 6 1 0 6 1 1 0 5 -1 -1 -1 -1 -1 -1 458809 0 15 16 16 60 2 5 2 3
0 0 0 0 1 6 1 0 6 1 1 0 5 -1 -1 -1 -1 -1 -1 458976 0 15 16 16 50.6 2 5 2 3
0 0 0 0 1 6 1 0 6 1 1 0 5 -1 -1 -1 -1 -1 -1 459242 0 15 16 16 25.5333 2 5 2 3
0 0 0 0 1 6 1 0 6 1 1 0 5 -1 -1 -1 -1 -1 -1 459975 0 15 16 16 13 2 5 2 3
0 0 0 0 1 6 1 0 6 1 1 0 5 -1 -1 -1 -1 -1 -1 460742 0 15 16 16 13 2 6 2 3
0 0 0 0 1 6 1 0 6 1 1 0 5 -1 -1 -1 -1 -1 -1 461508 0 15 16 16 13 2 6 2 3
0 0 0 0 1 1 6 0 6 1 1 0 6 -1 -1 -1 -1 -1 -1 462275 0 15 16 16 13 2 6 2 3
0 0 0 0 1 6 1 0 6 1 1 0 5 -1 -1 -1 -1 -1 -1 463041 0 15 16 16 13 2 6 2 3
0 0 0 0 1 6 3 0 6 1 1 0 5 6 4 8 3 0 0 463808 0 15 16 16 13 2 5 2 3
0 0 0 0 1 6 1 0 6 1 1 0 5 -1 -1 -1 -1 -1 -1 464574 0 15 16 16 13 2 5 2 3
0 0 0 0 1 6 1 0 6 1 1 0 5 -1 -1 -1 -1 -1 -1 465341 0 15 16 16 13 2 5 2 3
0 0 0 0 1 6 1 0 6 1 1 0 5 -1 -1 -1 -1 -1 -1 466107 0 15 16 16 13 2 5 2 3
0 0 0 0 1 7 1 0 6 1 1 0 5 5 4 8 3 1 1 466907 0 15 16 16 13 2 5 2 3
0 0 0 0 1 6 1 0 6 1 1 0 5 -1 -1 -1 -1 -1 -1 467674 0 15 16 16 13 2 5 2 3
0 0 0 0 1 6 1 0 6 1 1 0 5 -1 -1 -1 -1 -1 -1 468440 0 15 16 16 13 2 5 2 3
0 0 0 0 1 6 1 0 6 1 1 0 5 -1 -1 -1 -1 -1 -1 469207 0 15 16 16 13 2 5 2 3
0 0 0 0 1 6 3 0 6 1 1 0 5 6 4 5 0 0 0 469973 0 15 16 16 13 2 5 2 3
0 0 0 0 1 6 1 0 6 1 1 0 5 -1 -1 -1 -1 -1 -1 470739 0 15 16 16 13 2 5 2 3
0 0 0 0 1 1 6 0 6 1 1 0 6 -1 -1 -1 -1 -1 -1 471506 0 15 16 16 13 2 5 2 3
0 0 0 0 1 1 6 0 6 1 1 0 6 -1 -1 -1 -1 -1 -1 472272 0 15 16 16 13 2 5 2 3
0 0 0 0 1 1 7 0 6 1 1 0 6 6 4 5 0 1 1 473039 0 15 16 16 13 2 6 2 3
0 0 0 0 1 1 6 0 6 1 1 0 6 -1 -1 -1 -1 -1 -1 473805 0 15 16 16 13 2 6 2 3
0 0 0 0 1 6 1 0 6 1 1 0 5 -1 -1 -1 -1 -1 -1 474572 0 15 16 16 13 2 6 2 3
0 0 0 0 1 6 1 0 6 1 1 0 5 -1 -1 -1 -1 -1 -1 475338 0 15 16 16 13 2 6 2 3
0 0 0 0 1 6 3 0 6 1 1 0 5 6 4 8 3 0 0 476105 0 15 16 16 13 2 4 2 3
0 0 0 0 1 6 1 0 6 1 1 0 5 -1 -1 -1 -1 -1 -1 476871 0 15 16 16 13 2 4 2 3
0 0 0 0 1 6 1 0 6 1 1 0 5 -1 -1 -1 -1 -1 -1 477671 0 15 16 16 13 2 4 2 3
0 0 0 0 1 1 6 0 6 1 1 0 6 -1 -1 -1 -1 -1 -1 478438 0 15 16 16 13 2 4 2 3
0 0 0 0 1 3 6 0 6 1 1 0 6 5 4 7 2 0 0 479204 0 15 16 16 13 2 8 0 3
0 0 0 0 1 1 6 0 6 1 1 0 6 -1 -1 -1 -1 -1 -1 479971 0 15 16 16 13 2 8 0 3
0 0 0 0 1 6 1 0 6 1 1 0 5 -1 -1 -1 -1 -1 -1 480737 0 15 16 16 13 2 8 0 3
0 0 0 0 6 1 1 0 6 1 1 0 4 -1 -1 -1 -1 -1 -1 481504 0 15 16 16 13 2 8 0 3
0 0 0 0 7 1 1 0 6 1 1 0 4 4 4 7 2 1 1 482270 0 15 16 16 13 2 5 2 3
0 0 0 0 6 1 1 0 6 1 1 0 4 -1 -1 -1 -1 -1 -1 483036 0 15 16 16 13 2 5 2 3
0 0 0 0 6 1 1 0 6 1 1 0 4 -1 -1 -1 -1 -1 -1 483803 0 15 16 16 13 2 5 2 3
0 0 0 0 6 1 1 0 6 1 1 0 4 -1 -1 -1 -1 -1 -1 484569 0 15 16 16 13 2 5 2 3
0 0 0 0 6 3 1 0 6 1 1 0 4 5 4 5 0 0 0 485336 0 15 16 16 13 2 6 2 3
0 0 0 0 6 1 1 0 6 1 1 0 4 -1 -1 -1 -1 -1 -1 486102 0 15 16 16 13 2 6 2 3
0 0 0 0 6 1 1 0 6 1 1 0 4 -1 -1 -1 -1 -1 -1 486869 0 15 16 16 13 2 6 2 3
0 0 0 0 1 6 1 0 6 1 1 0 5 -1 -1 -1 -1 -1 -1 487635 0 15 16 16 13 2 6 2 3
0 0 0 0 1 6 3 0 6 1 1 0 5 6 4 8 3 0 0 488435 0 15 16 16 13 2 5 2 3
0 0 0 0 1 6 1 0 6 1 1 0 5 -1 -1 -1 -1 -1 -1 489202 0 15 16 16 13 2 5 2 3
0 0 0 0 1 6 1 0 6 1 1 0 5 -1 -1 -1 -1 -1 -1 489968 0 15 16 16 13 2 5 2 3
0 0 0 0 1 6 1 0 6 1 1 0 5 -1 -1 -1 -1 -1 -1 490735 0 15 16 16 13 2 5 2 3
0 0 0 0 1 8 1 0 6 1 1 0 5 5 4 7 2 0 1 491501 0 15 16 16 13 2 5 2 3
0 0 0 0 1 6 1 0 6 1 1 0 5 -1 -1 -1 -1 -1 -1 492468 0 15 16 15 10 2 5 2 3
0 0 0 0 1 6 1 0 6 1 1 0 5 -1 -1 -1 -1 -1 -1 493467 0 15 16 15 10 2 5 2 3
0 0 0 0 1 6 1 0 6 1 1 0 5 -1 -1 -1 -1 -1 -1 494467 0 15 16 15 10 2 5 2 3
0 0 0 0 1 1 7 0 6 1 1 0 6 6 4 7 2 1 1 495467 0 15 16 15 10 2 5 2 3
0 0 0 0 1 1 6 0 6 1 1 0 6 -1 -1 -1 -1 -1 -1 496467 0 15 16 15 10 2 5 2 3
0 0 0 0 1 1 6 0 6 1 1 0 6 -1 -1 -1 -1 -1 -1 497466 0 15 16 15 10 2 5 2 3
0 0 0 0 1 1 6 0 6 1 1 0 6 -1 -1 -1 -1 -1 -1 498466 0 15 16 15 10 2 5 2 3
0 0 0 0 1 1 7 0 6 1 1 0 6 6 4 7 2 1 1 499466 0 15 16 15 10 2 6 2 3
0 0 0 0 1 1 6 0 6 1 1 0 6 -1 -1 -1 -1 -1 -1 500266 0 15 16 16 13 2 6 2 3
0 0 0 0 6 1 1 0 6 1 1 0 4 -1 -1 -1 -1 -1 -1 501032 0 15 16 16 13 2 6 2 3
0 0 0 0 6 1 1 0 6 1 1 0 4 -1 -1 -1 -1 -1 -1 501799 0 15 16 16 13 2 6 2 3
0 0 0 0 7 1 1 0 6 1 1 0 4 4 4 7 2 1 1 502565 0 15 16 16 13 2 4 2 3
0 0 0 0 6 1 1 0 6 1 1 0 4 -1 -1 -1 -1 -1 -1 503332 0 15 16 16 13 2 4 2 3
0 0 0 0 6 1 1 0 6 1 1 0 4 -1 -1 -1 -1 -1 -1 504098 0 15 16 16 13 2 4 2 3
0 0 0 0 1 6 1 0 6 1 1 0 5 -1 -1 -1 -1 -1 -1 504864 0 15 16 16 13 2 4 2 3
0 0 0 0 3 6 1 0 6 1 1 0 5 4 4 8 3 0 0 505631 0 15 16 16 13 2 8 0 3
0 0 0 0 1 6 1 0 6 1 1 0 5 -1 -1 -1 -1 -1 -1 506397 0 15 16 16 13 2 8 0 3
0 0 0 0 1 6 1 0 6 1 1 0 5 -1 -1 -1 -1 -1 -1 507197 0 15 16 16 13 2 8 0 3
0 0 0 0 1 6 1 0 6 1 1 0 5 -1 -1 -1 -1 -1 -1 507964 0 15 16 16 13 2 8 0 3
0 0 0 0 3 6 1 0 6 1 1 0 5 4 4 7 2 0 0 508730 0 15 16 16 13 2 5 2 3
0 0 0 0 1 6 1 0 6 1 1 0 5 -1 -1 -1 -1 -1 -1 509497 0 15 16 16 13 2 5 2 3
0 0 0 0 1 6 1 0 6 1 1 0 5 -1 -1 -1 -1 -1 -1 510263 0 15 16 16 13 2 5 2 3
0 0 0 0 1 6 1 0 6 1 1 0 5 -1 -1 -1 -1 -1 -1 511030 0 15 16 16 13 2 5 2 3
0 0 0 0 3 6 1 0 6 1 1 0 5 4 4 5 0 0 0 511796 0 15 16 16 13 2 6 2 3
0 0 0 0 1 6 1 0 6 1 1 0 5 -1 -1 -1 -1 -1 -1 512563 0 15 16 16 13 2 6 2 3
0 0 0 0 1 6 1 0 6 1 1 0 5 -1 -1 -1 -1 -1 -1 513329 0 15 16 16 13 2 6 2 3
0 0 0 0 1 1 6 0 6 1 1 0 6 -1 -1 -1 -1 -1 -1 514096 0 15 16 16 13 2 6 2 3
0 0 0 0 1 3 6 0 6 1 1 0 6 5 4 6 1 0 0 514862 0 15 16 16 13 2 5 2 3
0 0 0 0 1 1 6 0 6 1 1 0 6 -1 -1 -1 -1 -1 -1 515629 0 15 16 16 13 2 5 2 3
0 0 0 0 1 6 1 0 6 1 1 0 5 -1 -1 -1 -1 -1 -1 516395 0 15 16 16 13 2 5 2 3
0 0 0 0 1 6 1 0 6 1 1 0 5 -1 -1 -1 -1 -1 -1 517162 0 15 16 16 13 2 5 2 3
0 0 0 0 1 6 3 0 6 1 1 0 5 6 4 7 2 0 0 517961 0 15 16 16 13 2 5 2 3
0 0 0 0 1 6 1 0 6 1 1 0 5 -1 -1 -1 -1 -1 -1 518728 0 15 16 16 13 2 5 2 3
0 0 0 0 1 1 6 0 6 1 1 0 6 -1 -1 -1 -1 -1 -1 519494 0 15 16 16 13 2 5 2 3
0 0 0 0 1 1 6 0 6 1 1 0 6 -1 -1 -1 -1 -1 -1 520261 0 15 16 16 13 2 5 2 3
0 0 0 0 1 1 8 0 6 1 1 0 6 6 4 6 1 0 1 521027 0 15 16 16 13 2 5 2 3
0 0 0 0 1 1 6 0 6 1 1 0 6 -1 -1 -1 -1 -1 -1 521994 0 15 16 15 10 2 5 2 3
0 0 0 0 1 6 1 0 6 1 1 0 5 -1 -1 -1 -1 -1 -1 522993 0 15 16 15 10 2 5 2 3
0 0 0 0 1 6 1 0 6 1 1 0 5 -1 -1 -1 -1 -1 -1 523993 0 15 16 15 10 2 5 2 3
0 0 0 0 3 6 1 0 6 1 1 0 5 4 4 5 0 0 0 524993 0 15 16 15 10 2 6 2 3
0 0 0 0 1 6 1 0 6 1 1 0 5 -1 -1 -1 -1 -1 -1 525993 0 15 16 15 10 2 6 2 3
0 0 0 0 6 1 1 0 6 1 1 0 4 -1 -1 -1 -1 -1 -1 526992 0 15 16 15 10 2 6 2 3
0 0 0 0 6 1 1 0 6 1 1 0 4 -1 -1 -1 -1 -1 -1 527992 0 15 16 15 10 2 6 2 3
0 0 0 0 7 1 1 0 6 1 1 0 4 4 4 5 0 1 1 528992 0 15 16 15 10 2 4 2 3
0 0 0 0 6 1 1 0 6 1 1 0 4 -1 -1 -1 -1 -1 -1 529992 0 15 16 15 10 2 4 2 3
0 0 0 0 6 1 1 0 6 1 1 0 4 -1 -1 -1 -1 -1 -1 530991 0 15 16 15 10 2 4 2 3
0 0 0 0 1 6 1 0 6 1 1 0 5 -1 -1 -1 -1 -1 -1 531991 0 15 16 15 10 2 4 2 3
0 0 0 0 1 6 3 0 6 1 1 0 5 6 4 8 3 0 0 532991 0 15 16 15 10 2 8 0 3
0 0 0 0 1 6 1 0 6 1 1 0 5 -1 -1 -1 -1 -1 -1 533991 0 15 16 15 10 2 8 0 3
0 0 0 0 1 1 6 0 6 1 1 0 6 -1 -1 -1 -1 -1 -1 534990 0 15 16 15 10 2 8 0 3
0 0 0 0 1 1 6 0 6 1 1 0 6 -1 -1 -1 -1 -1 -1 535990 0 15 16 15 10 2 8 0 3
0 0 0 0 1 1 7 0 6 1 1 0 6 6 4 8 3 1 1 536990 0 15 16 15 10 2 5 2 3
0 0 0 0 1 1 6 0 6 1 1 0 6 -1 -1 -1 -1 -1 -1 537790 0 15 16 16 13 2 5 2 3
0 0 0 0 1 1 6 0 6 1 1 0 6 -1 -1 -1 -1 -1 -1 538556 0 15 16 16 13 2 5 2 3
0 0 0 0 1 1 6 0 6 1 1 0 6 -1 -1 -1 -1 -1 -1 539323 0 15 16 16 13 2 5 2 3
0 0 0 0 1 1 7 0 6 1 1 0 6 6 4 8 3 1 1 540089 0 15 16 16 13 2 6 2 3
0 0 0 0 1 1 6 0 6 1 1 0 6 -1 -1 -1 -1 -1 -1 540856 0 15 16 16 13 2 6 2 3
0 0 0 0 1 6 1 0 6 1 1 0 5 -1 -1 -1 -1 -1 -1 541622 0 15 16 16 13 2 6 2 3
0 0 0 0 6 1 1 0 6 1 1 0 4 -1 -1 -1 -1 -1 -1 542389 0 15 16 16 13 2 6 2 3
0 0 0 0 6 3 1 0 6 1 1 0 4 5 4 6 1 0 0 543155 0 15 16 16 13 2 5 2 3
0 0 0 0 6 1 1 0 6 1 1 0 4 -1 -1 -1 -1 -1 -1 543922 0 15 16 16 13 2 5 2 3
0 0 0 0 6 1 1 0 6 1 1 0 4 -1 -1 -1 -1 -1 -1 544688 0 15 16 16 13 2 5 2 3
0 0 0 0 6 1 1 0 6 1 1 0 4 -1 -1 -1 -1 -1 -1 545488 0 15 16 16 13 2 5 2 3
0 0 0 0 7 1 1 0 6 1 1 0 4 4 4 6 1 1 1 546254 0 15 16 16 13 2 5 2 3
