% Tunnel Log: 
% debug seed: 1462991802
%
% SegEncNW { '0'=no panel, '1'=panel, '4'=obstacle, '5'=collided obstacle, '6'=player, '7'=player right, '8'=player wrong, '2'=target, '3'=fake }
% SegEncN
% SegEncNE
% SegEncE
% SegEncSE
% SegEncS
% SegEncSW
% SegEncW
% Event Number { 0, inf }
% Task Type { 0=Color/Sound, 1=Shape/Sound, 2=Sound, 3=Navigation, 4=Speed, 5=Training 6=Recess, 7=Special 2-Back }
% N-Back { 0, inf }
% Navigation Level { 0, inf }
% Player Loc { 0=Northwest ... 7=West }
% Pod Loc { -1=N/A, 0=Northwest ... 7=West }
% Pod Color { -1, inf }
% Pod Shape { -1, inf }
% Pod Sound { -1, inf }
% Pod Match { -1=N/A, 0=No, 1=Yes }
% Pod Taken { -1=N/A, 0=No, 1=Yes }
% Timestamp (ms)
% Num Obstacles { 0, inf }
% Min Speed { 0, inf }
% Max Speed { 0, inf }
% Base Speed { 0, inf }
% Final Speed { 0, inf }
% Navigation Score { 0, inf }
% Segment Direction { 0=Northwest ... 7=West }
% Segment Angle { 0, inf }
% Segment Panels { 0, inf }
%
% SegEncNW SecEncN SegEncNE SegEncE SegEncSE SegEncS SegEncSW SegEncW EventNumber TaskType N-Back Navigation PlayerLoc PodLoc PodColor PodShape PodSound PodMatch PodTaken Timestamp NumObs MinSpeed MaxSpeed BaseSpeed FinalSpeed NavScore SegmentDir SegmentAngle SegmentPanels
0 0 0 0 1 6 1 0 0 3 1 0 5 -1 -1 -1 -1 -1 -1 28399 0 15 40 15 60 2 8 0 3
0 0 0 0 1 6 1 0 0 3 1 0 5 -1 -1 -1 -1 -1 -1 28499 0 15 40 15 60 2 8 0 3
0 0 0 0 1 6 1 0 0 3 1 0 5 -1 -1 -1 -1 -1 -1 28666 0 15 40 15 60 2 8 0 3
0 0 0 0 1 6 1 0 0 3 1 0 5 -1 -1 -1 -1 -1 -1 28833 0 15 40 15 60 2 6 2 3
0 0 0 0 1 6 1 0 0 3 1 0 5 -1 -1 -1 -1 -1 -1 28999 0 15 40 15 50 2 6 2 3
0 0 0 0 1 6 1 0 0 3 1 0 5 -1 -1 -1 -1 -1 -1 29299 0 15 40 15 20 2 6 2 3
0 0 0 0 1 6 1 0 0 3 1 0 5 -1 -1 -1 -1 -1 -1 30233 0 15 40 15 10 2 6 2 3
0 0 0 0 1 6 1 0 0 3 1 0 5 -1 -1 -1 -1 -1 -1 31233 0 15 40 15 10 2 4 2 3
0 0 0 0 1 6 1 0 0 3 1 0 5 -1 -1 -1 -1 -1 -1 32233 0 15 40 15 10 2 4 2 3
0 0 0 0 1 6 1 0 0 3 1 0 5 -1 -1 -1 -1 -1 -1 33233 0 15 40 15 10 2 4 2 3
0 0 0 0 1 6 1 0 0 3 1 0 5 -1 -1 -1 -1 -1 -1 34233 0 15 40 15 10 2 4 2 3
0 0 0 0 1 7 1 0 0 3 1 0 5 5 5 4 4 1 1 35233 0 15 40 15 10 2 6 2 3
0 0 0 0 1 6 1 0 0 3 1 0 5 -1 -1 -1 -1 -1 -1 36233 0 15 40 15 10 2 6 2 3
0 0 0 0 1 1 6 0 0 3 1 0 6 -1 -1 -1 -1 -1 -1 37233 0 15 40 15 10 2 6 2 3
0 0 0 0 1 1 6 0 0 3 1 0 6 -1 -1 -1 -1 -1 -1 38233 0 15 40 15 10 2 6 2 3
0 0 0 0 1 1 7 0 0 3 1 0 6 6 5 4 4 1 1 39233 0 15 40 15 10 2 4 2 3
0 0 0 0 1 1 6 0 0 3 1 0 6 -1 -1 -1 -1 -1 -1 40033 0 15 40 16 13 2 4 2 3
0 0 0 0 1 1 6 0 0 3 1 0 6 -1 -1 -1 -1 -1 -1 40799 0 15 40 16 13 2 4 2 3
0 0 0 0 1 1 6 0 0 3 1 0 6 -1 -1 -1 -1 -1 -1 41599 0 15 40 16 13 2 4 2 3
0 0 0 0 1 1 7 0 0 3 1 0 6 6 5 4 4 1 1 42366 0 15 40 16 13 2 5 2 3
0 0 0 0 1 6 1 0 0 3 1 0 5 -1 -1 -1 -1 -1 -1 43133 0 15 40 16 13 2 5 2 3
0 0 0 0 1 6 1 0 0 3 1 0 5 -1 -1 -1 -1 -1 -1 43899 0 15 40 16 13 2 5 2 3
0 0 0 0 1 6 1 0 0 3 1 0 5 -1 -1 -1 -1 -1 -1 44666 0 15 40 16 13 2 5 2 3
0 0 0 1 1 7 1 1 0 3 1 0 5 5 5 4 4 1 1 45432 0 15 40 16 13 2 6 2 5
0 0 0 1 1 6 1 1 0 3 1 1 5 -1 -1 -1 -1 -1 -1 46066 0 15 40 17 16 2 6 2 5
0 0 0 1 1 1 6 1 0 3 1 1 6 -1 -1 -1 -1 -1 -1 46699 0 15 40 17 16 2 6 2 5
0 0 0 1 1 1 6 1 0 3 1 1 6 -1 -1 -1 -1 -1 -1 47332 0 15 40 17 16 2 6 2 5
0 0 0 1 1 1 7 1 0 3 1 1 6 6 5 4 4 1 1 47966 0 15 40 17 16 2 6 2 5
0 0 0 1 1 6 1 1 0 3 1 1 5 -1 -1 -1 -1 -1 -1 48566 0 15 40 17 16 2 6 2 5
0 0 0 1 6 1 1 1 0 3 1 1 4 -1 -1 -1 -1 -1 -1 49199 0 15 40 17 16 2 6 2 5
0 0 0 1 6 1 1 1 0 3 1 1 4 -1 -1 -1 -1 -1 -1 49832 0 15 40 17 16 2 6 2 5
0 0 0 1 7 1 1 1 0 3 1 1 4 4 5 4 4 1 1 50466 0 15 40 17 16 2 8 0 5
0 0 0 1 6 1 1 1 0 3 1 1 4 -1 -1 -1 -1 -1 -1 50999 0 15 40 18 19 2 8 0 5
0 0 0 1 6 1 1 1 0 3 1 1 4 -1 -1 -1 -1 -1 -1 51532 0 15 40 18 19 2 8 0 5
0 0 0 1 6 1 1 1 0 3 1 1 4 -1 -1 -1 -1 -1 -1 52032 0 15 40 18 19 2 8 0 5
0 0 0 1 7 1 1 1 0 3 1 1 4 4 5 4 4 1 1 52566 0 15 40 18 19 2 6 2 5
0 0 0 1 1 6 1 1 0 3 1 1 5 -1 -1 -1 -1 -1 -1 53099 0 15 40 18 19 2 6 2 5
0 0 0 1 1 1 6 1 0 3 1 1 6 -1 -1 -1 -1 -1 -1 53632 0 15 40 18 19 2 6 2 5
0 0 0 1 1 1 6 1 0 3 1 1 6 -1 -1 -1 -1 -1 -1 54166 0 15 40 18 19 2 6 2 5
0 0 0 1 1 1 7 1 0 3 1 1 6 6 5 4 4 1 1 54666 0 15 40 18 19 2 4 2 5
0 0 0 1 1 6 1 1 0 3 1 1 5 -1 -1 -1 -1 -1 -1 55166 0 15 40 19 21 2 4 2 5
0 0 0 1 6 1 1 1 0 3 1 1 4 -1 -1 -1 -1 -1 -1 55632 0 15 40 19 21 2 4 2 5
0 0 0 1 6 1 1 1 0 3 1 1 4 -1 -1 -1 -1 -1 -1 56099 0 15 40 19 21 2 4 2 5
0 0 0 1 7 1 1 1 0 3 1 1 4 4 5 4 4 1 1 56599 0 15 40 19 21 2 6 2 5
0 0 0 1 6 1 1 1 0 3 1 1 4 -1 -1 -1 -1 -1 -1 57066 0 15 40 19 21 2 6 2 5
0 0 0 6 1 1 1 1 0 3 1 1 3 -1 -1 -1 -1 -1 -1 57532 0 15 40 19 21 2 6 2 5
0 0 0 6 1 1 1 1 0 3 1 1 3 -1 -1 -1 -1 -1 -1 58032 0 15 40 19 21 2 6 2 5
0 0 0 7 1 1 1 1 0 3 1 1 3 3 5 4 4 1 1 58499 0 15 40 19 21 2 4 2 5
0 0 0 1 6 1 1 1 0 3 1 2 4 -1 -1 -1 -1 -1 -1 58966 0 15 40 20 22 2 4 2 5
0 0 0 1 1 6 1 1 0 3 1 2 5 -1 -1 -1 -1 -1 -1 59399 0 15 40 20 22 2 4 2 5
0 0 0 1 1 6 1 1 0 3 1 2 5 -1 -1 -1 -1 -1 -1 59866 0 15 40 20 22 2 4 2 5
0 0 0 1 1 7 1 1 0 3 1 2 5 5 5 4 4 1 1 60299 0 15 40 20 22 2 5 2 5
0 0 0 1 6 1 1 1 0 3 1 2 4 -1 -1 -1 -1 -1 -1 60766 0 15 40 20 22 2 5 2 5
0 0 0 1 6 1 4 1 0 3 1 2 4 -1 -1 -1 -1 -1 -1 61232 1 15 40 20 22 2 5 2 5
0 0 0 1 6 1 1 1 0 3 1 2 4 -1 -1 -1 -1 -1 -1 61666 0 15 40 20 22 2 5 2 5
0 0 0 1 7 1 1 1 0 3 1 2 4 4 5 4 4 1 1 62132 0 15 40 20 22 2 6 2 5
0 0 0 1 6 1 1 1 0 3 1 2 4 -1 -1 -1 -1 -1 -1 62566 0 15 40 21 23 2 6 2 5
0 0 0 1 6 4 1 1 0 3 1 2 4 -1 -1 -1 -1 -1 -1 62999 1 15 40 21 23 2 6 2 5
0 0 0 1 1 6 1 1 0 3 1 2 5 -1 -1 -1 -1 -1 -1 63432 0 15 40 21 23 2 6 2 5
0 0 0 1 1 1 7 1 0 3 1 2 6 6 5 4 4 1 1 63866 0 15 40 21 23 2 6 2 5
0 0 0 1 1 1 6 1 0 3 1 2 6 -1 -1 -1 -1 -1 -1 64299 0 15 40 21 23 2 6 2 5
0 0 0 1 4 6 1 1 0 3 1 2 5 -1 -1 -1 -1 -1 -1 64732 1 15 40 21 23 2 6 2 5
0 0 0 1 1 6 1 1 0 3 1 2 5 -1 -1 -1 -1 -1 -1 65166 0 15 40 21 23 2 6 2 5
0 0 0 1 1 7 1 1 0 3 1 2 5 5 5 4 4 1 1 65599 0 15 40 21 23 2 8 0 5
0 0 0 1 6 1 1 1 0 3 1 2 4 -1 -1 -1 -1 -1 -1 66032 0 15 40 22 24 2 8 0 5
0 0 0 1 6 4 1 1 0 3 1 2 4 -1 -1 -1 -1 -1 -1 66432 1 15 40 22 24 2 8 0 5
0 0 0 1 1 6 1 1 0 3 1 2 5 -1 -1 -1 -1 -1 -1 66865 0 15 40 22 24 2 8 0 5
0 0 0 1 1 7 1 1 0 3 1 2 5 5 5 4 4 1 1 67265 0 15 40 22 24 2 6 2 5
0 0 0 1 1 6 1 1 0 3 1 2 5 -1 -1 -1 -1 -1 -1 67699 0 15 40 22 24 2 6 2 5
0 0 0 1 4 6 1 1 0 3 1 2 5 -1 -1 -1 -1 -1 -1 68099 1 15 40 22 24 2 6 2 5
0 0 0 1 1 6 1 1 0 3 1 2 5 -1 -1 -1 -1 -1 -1 68532 0 15 40 22 24 2 6 2 5
0 0 0 1 1 7 1 1 0 3 1 2 5 5 5 4 4 1 1 68932 0 15 40 22 24 2 4 2 5
0 0 0 1 1 6 1 1 0 3 1 2 5 -1 -1 -1 -1 -1 -1 69332 0 15 40 23 25 2 4 2 5
0 0 0 1 6 1 4 1 0 3 1 2 4 -1 -1 -1 -1 -1 -1 69732 1 15 40 23 25 2 4 2 5
0 0 0 1 6 1 1 1 0 3 1 2 4 -1 -1 -1 -1 -1 -1 70132 0 15 40 23 25 2 4 2 5
0 0 0 1 7 1 1 1 0 3 1 2 4 4 5 4 4 1 1 70532 0 15 40 23 25 2 6 2 5
0 0 0 1 6 1 1 1 0 3 1 2 4 -1 -1 -1 -1 -1 -1 70932 0 15 40 23 25 2 6 2 5
0 0 0 6 1 1 1 4 0 3 1 2 3 -1 -1 -1 -1 -1 -1 71332 1 15 40 23 25 2 6 2 5
0 0 0 6 1 1 1 1 0 3 1 2 3 -1 -1 -1 -1 -1 -1 71732 0 15 40 23 25 2 6 2 5
0 0 0 7 1 1 1 1 0 3 1 2 3 3 5 4 4 1 1 72132 0 15 40 23 25 2 4 2 5
0 0 0 6 1 1 1 1 0 3 1 2 3 -1 -1 -1 -1 -1 -1 72532 0 15 40 24 25.5 2 4 2 5
0 0 0 6 4 1 1 1 0 3 1 2 3 -1 -1 -1 -1 -1 -1 72932 1 15 40 24 25.5 2 4 2 5
0 0 0 6 1 1 1 1 0 3 1 2 3 -1 -1 -1 -1 -1 -1 73332 0 15 40 24 25.5 2 4 2 5
0 0 0 7 1 1 1 1 0 3 1 2 3 3 5 4 4 1 1 73732 0 15 40 24 25.5 2 5 2 5
0 0 0 1 6 1 1 1 0 3 1 2 4 -1 -1 -1 -1 -1 -1 74099 0 15 40 24 25.5 2 5 2 5
0 0 0 4 1 6 1 1 0 3 1 2 5 -1 -1 -1 -1 -1 -1 74499 1 15 40 24 25.5 2 5 2 5
0 0 0 1 1 6 1 1 0 3 1 2 5 -1 -1 -1 -1 -1 -1 74899 0 15 40 24 25.5 2 5 2 5
0 0 0 1 1 7 1 1 0 3 1 2 5 5 5 4 4 1 1 75299 0 15 40 24 25.5 2 6 2 5
0 0 0 1 1 6 1 1 0 3 1 2 5 -1 -1 -1 -1 -1 -1 75665 0 15 40 25 26 2 6 2 5
0 0 0 1 6 1 1 1 0 3 1 2 4 -1 -1 -1 -1 -1 -1 76065 0 15 40 24 6.375 2 6 2 5
0 0 0 1 6 1 1 1 0 3 1 2 4 -1 -1 -1 -1 -1 -1 77232 0 15 40 24 10.8375 2 6 2 5
0 0 0 1 7 1 1 1 0 3 1 2 4 4 5 4 4 1 1 78032 0 15 40 24 13.8975 2 6 2 5
0 0 0 1 6 1 1 1 0 3 1 2 4 -1 -1 -1 -1 -1 -1 78699 0 15 40 24 16.4475 2 6 2 5
0 0 0 1 6 4 1 1 0 3 1 2 4 -1 -1 -1 -1 -1 -1 79265 1 15 40 24 18.615 2 6 2 5
0 0 0 1 1 1 6 1 0 3 1 2 6 -1 -1 -1 -1 -1 -1 79765 0 15 40 24 20.5275 2 6 2 5
0 0 0 1 1 1 7 1 0 3 1 2 6 6 5 4 4 1 1 80232 0 15 40 24 22.3125 2 8 0 5
0 0 0 1 1 1 6 1 0 3 1 2 6 -1 -1 -1 -1 -1 -1 80665 0 15 40 25 24.44 2 8 0 5
0 0 0 4 1 6 1 1 0 3 1 2 5 -1 -1 -1 -1 -1 -1 81065 1 15 40 25 26 2 8 0 5
0 0 0 1 1 6 1 1 0 3 1 2 5 -1 -1 -1 -1 -1 -1 81465 0 15 40 25 26 2 8 0 5
0 0 0 1 1 7 1 1 0 3 1 2 5 5 5 4 4 1 1 81832 0 15 40 25 26 2 6 2 5
0 0 0 1 1 6 1 1 0 3 1 2 5 -1 -1 -1 -1 -1 -1 82232 0 15 40 25 26 2 6 2 5
0 0 0 1 1 6 1 4 0 3 1 2 5 -1 -1 -1 -1 -1 -1 82599 1 15 40 25 26 2 6 2 5
0 0 0 1 1 6 1 1 0 3 1 2 5 -1 -1 -1 -1 -1 -1 82999 0 15 40 25 26 2 6 2 5
0 0 0 1 1 7 1 1 0 3 1 2 5 5 5 4 4 1 1 83365 0 15 40 25 26 2 4 2 5
0 0 0 1 1 1 6 1 0 3 1 2 6 -1 -1 -1 -1 -1 -1 83765 0 15 40 26 26.5 2 4 2 5
0 0 0 1 1 6 1 1 0 3 1 2 5 -1 -1 -1 -1 -1 -1 84165 0 15 40 25 6.63 2 4 2 5
0 0 0 6 1 1 1 1 0 3 1 2 3 -1 -1 -1 -1 -1 -1 85299 0 15 40 25 11.05 2 4 2 5
0 0 0 7 1 1 1 1 0 3 1 2 3 3 5 4 4 1 1 86099 0 15 40 25 14.17 2 6 2 5
0 0 0 1 6 1 1 1 0 3 1 2 4 -1 -1 -1 -1 -1 -1 86732 0 15 40 25 16.64 2 6 2 5
0 0 0 4 1 6 1 1 0 3 1 2 5 -1 -1 -1 -1 -1 -1 87299 1 15 40 25 18.85 2 6 2 5
0 0 0 1 1 6 1 1 0 3 1 2 5 -1 -1 -1 -1 -1 -1 87799 0 15 40 25 20.8 2 6 2 5
0 0 0 1 1 7 1 1 0 3 1 2 5 5 5 4 4 1 1 88265 0 15 40 25 22.62 2 4 2 5
0 0 0 0 1 6 1 0 1 4 1 0 5 -1 -1 -1 -1 -1 -1 95598 0 15 40 15 60 2 8 0 3
0 0 0 0 1 6 1 0 1 4 1 0 5 -1 -1 -1 -1 -1 -1 95765 0 15 40 15 60 2 8 0 3
0 0 0 0 1 6 1 0 1 4 1 0 5 -1 -1 -1 -1 -1 -1 95932 0 15 40 15 60 2 4 2 3
0 0 0 0 1 6 1 0 1 4 1 0 5 -1 -1 -1 -1 -1 -1 96098 0 15 40 15 50 2 4 2 3
0 0 0 0 1 6 1 0 1 4 1 0 5 -1 -1 -1 -1 -1 -1 96398 0 15 40 15 20 2 4 2 3
0 0 0 0 1 6 1 0 1 4 1 0 5 -1 -1 -1 -1 -1 -1 97332 0 15 40 15 10 2 4 2 3
0 0 0 0 1 6 1 0 1 4 1 0 5 -1 -1 -1 -1 -1 -1 98332 0 15 40 15 10 2 6 2 3
0 0 0 0 1 6 1 0 1 4 1 0 5 -1 -1 -1 -1 -1 -1 99332 0 15 40 15 10 2 6 2 3
0 0 0 0 1 6 1 0 1 4 1 0 5 -1 -1 -1 -1 -1 -1 100332 0 15 40 15 10 2 6 2 3
0 0 0 0 1 6 1 0 1 4 1 0 5 -1 -1 -1 -1 -1 -1 101332 0 15 40 15 10 2 6 2 3
0 0 0 0 3 6 1 0 1 4 1 0 5 4 1 7 2 0 0 102332 0 15 40 15 10 2 4 2 3
0 0 0 0 6 1 1 0 1 4 1 0 4 -1 -1 -1 -1 -1 -1 103332 0 15 40 15 10 2 4 2 3
0 0 0 0 6 1 1 0 1 4 1 0 4 -1 -1 -1 -1 -1 -1 104332 0 15 40 15 10 2 4 2 3
0 0 0 0 6 1 1 0 1 4 1 0 4 -1 -1 -1 -1 -1 -1 105332 0 15 40 15 10 2 4 2 3
0 0 0 0 7 1 1 0 1 4 1 0 4 4 1 7 2 1 1 106332 0 15 40 15 10 2 6 2 3
0 0 0 0 1 6 1 0 1 4 1 0 5 -1 -1 -1 -1 -1 -1 107332 0 15 40 15 10 2 6 2 3
0 0 0 0 1 6 1 0 1 4 1 0 5 -1 -1 -1 -1 -1 -1 108332 0 15 40 15 10 2 6 2 3
0 0 0 0 1 6 1 0 1 4 1 0 5 -1 -1 -1 -1 -1 -1 109332 0 15 40 15 10 2 6 2 3
0 0 0 0 1 7 1 0 1 4 1 0 5 5 1 7 2 1 1 110331 0 15 40 15 10 2 5 2 3
0 0 0 0 1 1 6 0 1 4 1 0 6 -1 -1 -1 -1 -1 -1 111131 0 15 40 16 13 2 5 2 3
0 0 0 0 1 1 6 0 1 4 1 0 6 -1 -1 -1 -1 -1 -1 111898 0 15 40 16 13 2 5 2 3
0 0 0 0 1 1 6 0 1 4 1 0 6 -1 -1 -1 -1 -1 -1 112698 0 15 40 16 13 2 5 2 3
0 0 0 0 1 3 6 0 1 4 1 0 6 5 0 6 1 0 0 113465 0 15 40 16 13 2 6 2 3
0 0 0 0 1 1 6 0 1 4 1 0 6 -1 -1 -1 -1 -1 -1 114231 0 15 40 16 13 2 6 2 3
0 0 0 0 1 1 6 0 1 4 1 0 6 -1 -1 -1 -1 -1 -1 114998 0 15 40 16 13 2 6 2 3
0 0 0 0 1 1 6 0 1 4 1 0 6 -1 -1 -1 -1 -1 -1 115765 0 15 40 16 13 2 6 2 3
0 0 0 1 3 1 6 1 1 4 1 0 6 4 3 8 3 0 0 116531 0 15 40 16 13 2 4 2 5
0 0 0 1 1 1 6 1 1 4 1 1 6 -1 -1 -1 -1 -1 -1 117298 0 15 40 16 13 2 4 2 5
0 0 0 1 1 1 6 1 1 4 1 1 6 -1 -1 -1 -1 -1 -1 118065 0 15 40 16 13 2 4 2 5
0 0 0 1 1 1 6 1 1 4 1 1 6 -1 -1 -1 -1 -1 -1 118831 0 15 40 16 13 2 4 2 5
0 0 0 1 1 1 7 1 1 4 1 1 6 6 3 8 3 1 1 119598 0 15 40 16 13 2 8 0 5
0 0 0 1 1 1 6 1 1 4 1 1 6 -1 -1 -1 -1 -1 -1 120365 0 15 40 16 13 2 8 0 5
0 0 0 1 1 1 6 1 1 4 1 1 6 -1 -1 -1 -1 -1 -1 121131 0 15 40 16 13 2 8 0 5
0 0 0 1 1 1 6 1 1 4 1 1 6 -1 -1 -1 -1 -1 -1 121898 0 15 40 16 13 2 8 0 5
0 0 0 1 3 1 6 1 1 4 1 1 6 4 0 6 1 0 0 122665 0 15 40 16 13 2 4 2 5
0 0 0 1 1 6 1 1 1 4 1 1 5 -1 -1 -1 -1 -1 -1 123465 0 15 40 16 13 2 4 2 5
0 0 0 1 1 6 1 1 1 4 1 1 5 -1 -1 -1 -1 -1 -1 124231 0 15 40 16 13 2 4 2 5
0 0 0 1 1 6 1 1 1 4 1 1 5 -1 -1 -1 -1 -1 -1 124998 0 15 40 16 13 2 4 2 5
0 0 0 1 1 6 3 1 1 4 1 1 5 6 2 5 0 0 0 125765 0 15 40 16 13 2 6 2 5
0 0 0 1 1 6 1 1 1 4 1 1 5 -1 -1 -1 -1 -1 -1 126531 0 15 40 16 13 2 6 2 5
0 0 0 1 1 6 1 1 1 4 1 1 5 -1 -1 -1 -1 -1 -1 127298 0 15 40 16 13 2 6 2 5
0 0 0 1 1 6 1 1 1 4 1 1 5 -1 -1 -1 -1 -1 -1 128065 0 15 40 16 13 2 6 2 5
0 0 0 1 1 6 1 3 1 4 1 1 5 7 0 6 1 0 0 128831 0 15 40 16 13 2 4 2 5
0 0 0 1 1 6 1 1 1 4 1 1 5 -1 -1 -1 -1 -1 -1 129598 0 15 40 16 13 2 4 2 5
0 0 0 1 1 6 1 1 1 4 1 1 5 -1 -1 -1 -1 -1 -1 130365 0 15 40 16 13 2 4 2 5
0 0 0 1 1 6 1 1 1 4 1 1 5 -1 -1 -1 -1 -1 -1 131132 0 15 40 16 13 2 4 2 5
0 0 0 1 1 6 1 3 1 4 1 1 5 7 3 8 3 0 0 131899 0 15 40 16 13 2 6 2 5
0 0 0 1 1 6 1 1 1 4 1 1 5 -1 -1 -1 -1 -1 -1 132666 0 15 40 16 13 2 6 2 5
0 0 0 1 1 6 1 1 1 4 1 1 5 -1 -1 -1 -1 -1 -1 133466 0 15 40 16 13 2 6 2 5
0 0 0 1 1 6 1 1 1 4 1 1 5 -1 -1 -1 -1 -1 -1 134233 0 15 40 16 13 2 6 2 5
0 0 0 1 1 6 3 1 1 4 1 1 5 6 2 5 0 0 0 134999 0 15 40 16 13 2 5 2 5
0 0 0 1 1 6 1 1 1 4 1 1 5 -1 -1 -1 -1 -1 -1 135766 0 15 40 16 13 2 5 2 5
0 0 0 1 1 6 1 1 1 4 1 1 5 -1 -1 -1 -1 -1 -1 136533 0 15 40 16 13 2 5 2 5
0 0 0 1 1 6 1 1 1 4 1 1 5 -1 -1 -1 -1 -1 -1 137300 0 15 40 16 13 2 5 2 5
0 0 0 1 1 6 3 1 1 4 1 1 5 6 3 8 3 0 0 138067 0 15 40 16 13 2 6 2 5
0 0 0 1 6 1 1 1 1 4 1 2 4 -1 -1 -1 -1 -1 -1 138834 0 15 40 16 13 2 6 2 5
0 0 0 1 6 1 1 1 1 4 1 2 4 -1 -1 -1 -1 -1 -1 139600 0 15 40 16 13 2 6 2 5
0 0 0 1 6 1 1 1 1 4 1 2 4 -1 -1 -1 -1 -1 -1 140367 0 15 40 16 13 2 6 2 5
0 0 0 1 7 1 1 1 1 4 1 2 4 4 3 8 3 1 1 141134 0 15 40 16 13 2 4 2 5
0 0 0 1 6 1 1 1 1 4 1 2 4 -1 -1 -1 -1 -1 -1 141801 0 15 40 17 16 2 4 2 5
0 0 0 4 6 1 1 1 1 4 1 2 4 -1 -1 -1 -1 -1 -1 142401 1 15 40 17 16 2 4 2 5
0 0 0 1 6 1 1 1 1 4 1 2 4 -1 -1 -1 -1 -1 -1 143034 0 15 40 17 16 2 4 2 5
0 0 0 1 6 1 3 1 1 4 1 2 4 6 2 5 0 0 0 143668 0 15 40 17 16 2 8 0 5
0 0 0 1 6 1 1 1 1 4 1 2 4 -1 -1 -1 -1 -1 -1 144301 0 15 40 17 16 2 8 0 5
0 0 0 6 1 4 1 1 1 4 1 2 3 -1 -1 -1 -1 -1 -1 144902 1 15 40 17 16 2 8 0 5
0 0 0 6 1 1 1 1 1 4 1 2 3 -1 -1 -1 -1 -1 -1 145535 0 15 40 17 16 2 8 0 5
0 0 0 6 3 1 1 1 1 4 1 2 3 4 3 8 3 0 0 146168 0 15 40 17 16 2 4 2 5
0 0 0 6 1 1 1 1 1 4 1 2 3 -1 -1 -1 -1 -1 -1 146802 0 15 40 17 16 2 4 2 5
0 0 0 1 6 4 1 1 1 4 1 2 4 -1 -1 -1 -1 -1 -1 147402 1 15 40 17 16 2 4 2 5
0 0 0 1 6 1 1 1 1 4 1 2 4 -1 -1 -1 -1 -1 -1 148036 0 15 40 17 16 2 4 2 5
0 0 0 1 6 1 3 1 1 4 1 2 4 6 2 5 0 0 0 148669 0 15 40 17 16 2 6 2 5
0 0 0 1 6 1 1 1 1 4 1 2 4 -1 -1 -1 -1 -1 -1 149302 0 15 40 17 16 2 6 2 5
0 0 0 1 6 4 1 1 1 4 1 2 4 -1 -1 -1 -1 -1 -1 149903 1 15 40 17 16 2 6 2 5
0 0 0 1 6 1 1 1 1 4 1 2 4 -1 -1 -1 -1 -1 -1 150536 0 15 40 17 20 2 6 2 5
0 0 0 1 6 3 1 1 1 4 1 2 4 5 3 8 3 0 0 151036 0 15 40 17 20 2 4 2 5
0 0 0 1 6 1 1 1 1 4 1 2 4 -1 -1 -1 -1 -1 -1 151536 0 15 40 17 20 2 4 2 5
0 0 0 1 6 4 1 1 1 4 1 2 4 -1 -1 -1 -1 -1 -1 152036 1 15 40 17 19.4667 2 4 2 5
0 0 0 1 1 6 1 1 1 4 1 2 5 -1 -1 -1 -1 -1 -1 152603 0 15 40 17 16 2 4 2 5
0 0 0 1 1 1 7 1 1 4 1 2 6 6 3 8 3 1 1 153237 0 15 40 17 16 2 6 2 5
0 0 0 1 1 1 1 6 1 4 1 2 7 -1 -1 -1 -1 -1 -1 153837 0 15 40 17 16 2 6 2 5
0 0 0 1 1 1 4 6 1 4 1 2 7 -1 -1 -1 -1 -1 -1 154470 1 15 40 17 16 2 6 2 5
0 0 0 1 1 1 1 6 1 4 1 2 7 -1 -1 -1 -1 -1 -1 155104 0 15 40 17 16 2 6 2 5
0 0 0 1 1 1 3 6 1 4 1 2 7 6 1 7 2 0 0 155704 0 15 40 17 16 2 5 2 5
0 0 0 1 1 1 1 6 1 4 1 2 7 -1 -1 -1 -1 -1 -1 156337 0 15 40 17 16 2 5 2 5
0 0 0 1 1 4 1 6 1 4 1 2 7 -1 -1 -1 -1 -1 -1 156971 1 15 40 17 16 2 5 2 5
0 0 0 1 1 1 6 1 1 4 1 2 6 -1 -1 -1 -1 -1 -1 157604 0 15 40 17 16 2 5 2 5
0 0 0 1 1 6 1 3 1 4 1 2 5 7 3 8 3 0 0 158204 0 15 40 17 16 2 6 2 5
0 0 0 1 1 6 1 1 1 4 1 2 5 -1 -1 -1 -1 -1 -1 158838 0 15 40 17 16 2 6 2 5
0 0 0 4 1 1 6 1 1 4 1 2 6 -1 -1 -1 -1 -1 -1 159471 1 15 40 17 16 2 6 2 5
0 0 0 1 1 1 6 1 1 4 1 2 6 -1 -1 -1 -1 -1 -1 160105 0 15 40 17 16 2 6 2 5
0 0 0 1 1 1 7 1 1 4 1 2 6 6 3 8 3 1 1 160705 0 15 40 17 16 2 4 2 5
0 0 0 1 1 1 6 1 1 4 1 2 6 -1 -1 -1 -1 -1 -1 161172 0 15 40 18 23.75 2 4 2 5
0 0 0 4 1 1 6 1 1 4 1 2 6 -1 -1 -1 -1 -1 -1 161605 1 15 40 18 23.75 2 4 2 5
0 0 0 1 1 1 6 1 1 4 1 2 6 -1 -1 -1 -1 -1 -1 162005 0 15 40 18 23.75 2 4 2 5
0 0 0 1 1 3 6 1 1 4 1 2 6 5 0 6 1 0 0 162439 0 15 40 18 23.1167 2 8 0 5
0 0 0 1 1 1 6 1 1 4 1 2 6 -1 -1 -1 -1 -1 -1 162905 0 15 40 18 19 2 8 0 5
0 0 0 4 1 1 6 1 1 4 1 2 6 -1 -1 -1 -1 -1 -1 163439 1 15 40 18 19 2 8 0 5
0 0 0 1 1 6 1 1 1 4 1 2 5 -1 -1 -1 -1 -1 -1 163972 0 15 40 18 19 2 8 0 5
0 0 0 1 1 6 1 3 1 4 1 2 5 7 1 7 2 0 0 164506 0 15 40 18 19 2 4 2 5
0 0 0 1 1 6 1 1 1 4 1 2 5 -1 -1 -1 -1 -1 -1 165039 0 15 40 18 19 2 4 2 5
0 0 0 1 6 1 4 1 1 4 1 2 4 -1 -1 -1 -1 -1 -1 165539 1 15 40 18 19 2 4 2 5
0 0 0 1 1 6 1 1 1 4 1 2 5 -1 -1 -1 -1 -1 -1 166073 0 15 40 18 19 2 4 2 5
0 0 0 1 1 8 1 1 1 4 1 2 5 5 0 6 1 0 1 166606 0 15 40 18 19 2 6 2 5
0 0 0 1 1 6 1 1 1 4 1 2 5 -1 -1 -1 -1 -1 -1 167206 0 15 40 17 16 2 6 2 5
0 0 0 1 1 6 1 1 2 0 1 2 5 -1 -1 -1 -1 -1 -1 181209 0 15 16 16 60 2 8 0 5
0 0 0 1 1 6 1 1 2 0 1 2 5 -1 -1 -1 -1 -1 -1 181376 0 15 16 16 60 2 8 0 5
0 0 0 1 1 6 1 1 2 0 1 2 5 -1 -1 -1 -1 -1 -1 181543 0 15 16 16 60 2 6 2 5
0 0 0 1 1 6 1 1 2 0 1 2 5 -1 -1 -1 -1 -1 -1 181709 0 15 16 16 50.6 2 6 2 5
0 0 0 1 1 6 1 1 2 0 1 2 5 -1 -1 -1 -1 -1 -1 181976 0 15 16 16 25.5333 2 6 2 5
0 0 0 1 1 6 1 1 2 0 1 2 5 -1 -1 -1 -1 -1 -1 182710 0 15 16 16 13 2 6 2 5
0 0 0 1 1 6 1 1 2 0 1 2 5 -1 -1 -1 -1 -1 -1 183476 0 15 16 16 13 2 4 2 5
0 0 0 1 1 6 1 1 2 0 1 2 5 -1 -1 -1 -1 -1 -1 184243 0 15 16 16 13 2 4 2 5
0 0 0 1 1 1 6 1 2 0 1 2 6 -1 -1 -1 -1 -1 -1 185010 0 15 16 16 13 2 4 2 5
0 0 0 1 1 1 6 1 2 0 1 2 6 -1 -1 -1 -1 -1 -1 185777 0 15 16 16 13 2 4 2 5
0 0 0 1 1 1 8 1 2 0 1 2 6 6 3 4 3 0 1 186510 0 15 16 16 16.25 2 4 2 5
0 0 0 1 1 1 6 1 2 0 1 2 6 -1 -1 -1 -1 -1 -1 187277 0 15 16 15 12.5 2 4 2 5
0 0 0 1 1 1 6 4 2 0 1 2 6 -1 -1 -1 -1 -1 -1 188077 1 15 16 15 11.3333 2 4 2 5
0 0 0 1 1 1 6 1 2 0 1 2 6 -1 -1 -1 -1 -1 -1 189078 0 15 16 15 10 2 4 2 5
0 0 0 1 1 1 7 1 2 0 1 2 6 6 3 4 3 1 1 190078 0 15 16 15 10 2 4 2 5
0 0 0 1 1 6 1 1 2 0 1 2 5 -1 -1 -1 -1 -1 -1 191078 0 15 16 15 10 2 4 2 5
0 0 0 1 4 6 1 1 2 0 1 2 5 -1 -1 -1 -1 -1 -1 192078 1 15 16 15 10 2 4 2 5
0 0 0 1 1 6 1 1 2 0 1 2 5 -1 -1 -1 -1 -1 -1 193078 0 15 16 15 10 2 4 2 5
0 0 0 1 1 6 3 1 2 0 1 2 5 6 0 4 1 0 0 194079 0 15 16 15 10 2 6 2 5
0 0 0 1 1 6 1 1 2 0 1 2 5 -1 -1 -1 -1 -1 -1 195079 0 15 16 15 10 2 6 2 5
0 0 0 4 1 6 1 1 2 0 1 2 5 -1 -1 -1 -1 -1 -1 196079 1 15 16 15 10 2 6 2 5
0 0 0 1 1 6 1 1 2 0 1 2 5 -1 -1 -1 -1 -1 -1 197079 0 15 16 15 10 2 6 2 5
0 0 0 1 3 1 6 1 2 0 1 2 6 4 2 4 0 0 0 198080 0 15 16 15 10 2 6 2 5
0 0 0 1 1 1 6 1 2 0 1 2 6 -1 -1 -1 -1 -1 -1 199080 0 15 16 15 10 2 6 2 5
0 0 0 1 4 6 1 1 2 0 1 2 5 -1 -1 -1 -1 -1 -1 200080 1 15 16 15 10 2 6 2 5
0 0 0 1 1 6 1 1 2 0 1 2 5 -1 -1 -1 -1 -1 -1 201080 0 15 16 15 10 2 6 2 5
0 0 0 1 1 6 3 1 2 0 1 2 5 6 1 4 2 0 0 202080 0 15 16 15 10 2 4 2 5
0 0 0 1 1 6 1 1 2 0 1 2 5 -1 -1 -1 -1 -1 -1 203081 0 15 16 15 10 2 4 2 5
0 0 0 1 6 1 1 4 2 0 1 2 4 -1 -1 -1 -1 -1 -1 204081 1 15 16 15 10 2 4 2 5
0 0 0 1 6 1 1 1 2 0 1 2 4 -1 -1 -1 -1 -1 -1 205081 0 15 16 15 10 2 4 2 5
0 0 0 1 6 3 1 1 2 0 1 2 4 5 0 4 1 0 0 206081 0 15 16 15 10 2 8 0 5
0 0 0 1 1 6 1 1 2 0 1 2 5 -1 -1 -1 -1 -1 -1 207081 0 15 16 15 10 2 8 0 5
0 0 0 4 1 6 1 1 2 0 1 2 5 -1 -1 -1 -1 -1 -1 208082 1 15 16 15 10 2 8 0 5
0 0 0 6 1 1 1 1 2 0 1 2 3 -1 -1 -1 -1 -1 -1 209082 0 15 16 15 10 2 8 0 5
0 0 0 7 1 1 1 1 2 0 1 2 3 3 0 4 1 1 1 209982 0 15 16 15 12.5 2 6 2 5
0 0 0 6 1 1 1 1 2 0 1 2 3 -1 -1 -1 -1 -1 -1 210616 0 15 16 16 16.25 2 6 2 5
0 0 0 6 1 4 1 1 2 0 1 2 3 -1 -1 -1 -1 -1 -1 211249 1 15 16 16 15.1667 2 6 2 5
0 0 0 6 1 1 1 1 2 0 1 2 3 -1 -1 -1 -1 -1 -1 211982 0 15 16 16 13 2 6 2 5
0 0 0 6 3 1 1 1 2 0 1 2 3 4 1 4 2 0 0 212749 0 15 16 16 13 2 4 2 5
0 0 0 1 6 1 1 1 2 0 1 2 4 -1 -1 -1 -1 -1 -1 213516 0 15 16 16 13 2 4 2 5
0 0 0 4 1 1 6 1 2 0 1 2 6 -1 -1 -1 -1 -1 -1 214283 1 15 16 16 13 2 4 2 5
0 0 0 1 1 1 6 1 2 0 1 2 6 -1 -1 -1 -1 -1 -1 215050 0 15 16 16 13 2 4 2 5
0 0 0 1 1 3 6 1 2 0 1 2 6 5 2 4 0 0 0 215817 0 15 16 16 13 2 4 2 5
0 0 0 1 1 1 6 1 2 0 1 2 6 -1 -1 -1 -1 -1 -1 216583 0 15 16 16 13 2 4 2 5
0 0 0 1 1 1 6 4 2 0 1 2 6 -1 -1 -1 -1 -1 -1 217350 1 15 16 16 13 2 4 2 5
0 0 0 1 1 1 1 6 2 0 1 2 7 -1 -1 -1 -1 -1 -1 218117 0 15 16 16 13 2 4 2 5
0 0 0 1 1 1 1 7 2 0 1 2 7 7 2 4 0 1 1 218784 0 15 16 16 16.25 2 4 2 5
0 0 0 1 1 1 1 6 2 0 1 2 7 -1 -1 -1 -1 -1 -1 219384 0 15 16 16 16.25 2 4 2 5
0 0 0 4 1 1 1 6 2 0 1 2 7 -1 -1 -1 -1 -1 -1 220018 1 15 16 16 14.95 2 4 2 5
0 0 0 1 1 1 1 6 2 0 1 2 7 -1 -1 -1 -1 -1 -1 220751 0 15 16 16 13 2 4 2 5
0 0 0 1 1 1 3 6 2 0 1 2 7 6 1 4 2 0 0 221551 0 15 16 16 13 2 6 2 5
0 0 0 1 1 1 6 1 2 0 1 2 6 -1 -1 -1 -1 -1 -1 222318 0 15 16 16 13 2 6 2 5
0 0 0 1 1 1 6 4 2 0 1 2 6 -1 -1 -1 -1 -1 -1 223085 1 15 16 16 13 2 6 2 5
0 0 0 1 1 1 1 6 2 0 1 2 7 -1 -1 -1 -1 -1 -1 223852 0 15 16 16 13 2 6 2 5
0 0 0 1 1 1 1 7 2 0 1 2 7 7 1 4 2 1 1 224552 0 15 16 16 16.25 2 6 2 5
0 0 0 1 1 1 1 6 2 0 1 2 7 -1 -1 -1 -1 -1 -1 225185 0 15 16 16 16.25 2 6 2 5
0 0 0 1 4 1 6 1 2 0 1 2 6 -1 -1 -1 -1 -1 -1 225785 1 15 16 16 16.25 2 6 2 5
0 0 0 1 1 1 6 1 2 0 1 2 6 -1 -1 -1 -1 -1 -1 226486 0 15 16 16 13 2 6 2 5
0 0 0 1 1 1 6 3 2 0 1 2 6 7 3 4 3 0 0 227252 0 15 16 16 13 2 4 2 5
0 0 0 1 1 1 6 1 2 0 1 2 6 -1 -1 -1 -1 -1 -1 228019 0 15 16 16 13 2 4 2 5
0 0 0 4 1 1 6 1 2 0 1 2 6 -1 -1 -1 -1 -1 -1 228786 1 15 16 16 13 2 4 2 5
0 0 0 1 1 1 6 1 2 0 1 2 6 -1 -1 -1 -1 -1 -1 229553 0 15 16 16 13 2 4 2 5
0 0 0 1 1 3 6 1 2 0 1 2 6 5 2 4 0 0 0 230320 0 15 16 16 13 2 8 0 5
0 0 0 1 1 1 6 1 2 0 1 2 6 -1 -1 -1 -1 -1 -1 231087 0 15 16 16 13 2 8 0 5
0 0 0 1 1 6 1 4 2 0 1 2 5 -1 -1 -1 -1 -1 -1 231853 1 15 16 16 13 2 8 0 5
0 0 0 1 1 6 1 1 2 0 1 2 5 -1 -1 -1 -1 -1 -1 232620 0 15 16 16 13 2 8 0 5
0 0 0 1 1 6 3 1 2 0 1 2 5 6 3 4 3 0 0 233387 0 15 16 16 13 2 6 2 5
0 0 0 1 1 6 1 1 2 0 1 2 5 -1 -1 -1 -1 -1 -1 234187 0 15 16 16 13 2 6 2 5
0 0 0 1 1 6 4 1 2 0 1 2 5 -1 -1 -1 -1 -1 -1 234954 1 15 16 16 13 2 6 2 5
0 0 0 1 1 6 1 1 2 0 1 2 5 -1 -1 -1 -1 -1 -1 235721 0 15 16 16 13 2 6 2 5
0 0 0 1 1 6 3 1 2 0 1 2 5 6 1 4 2 0 0 236488 0 15 16 16 13 2 4 2 5
0 0 0 1 1 1 6 1 2 0 1 2 6 -1 -1 -1 -1 -1 -1 237255 0 15 16 16 13 2 4 2 5
0 0 0 1 1 4 6 1 2 0 1 2 6 -1 -1 -1 -1 -1 -1 238021 1 15 16 16 13 2 4 2 5
0 0 0 1 1 1 1 6 2 0 1 2 7 -1 -1 -1 -1 -1 -1 238788 0 15 16 16 13 2 4 2 5
0 0 0 1 1 1 3 6 2 0 1 2 7 6 0 4 1 0 0 239555 0 15 16 16 13 2 4 2 5
0 0 0 1 1 1 6 1 2 0 1 2 6 -1 -1 -1 -1 -1 -1 240322 0 15 16 16 13 2 4 2 5
0 0 0 4 6 1 1 1 2 0 1 2 4 -1 -1 -1 -1 -1 -1 241089 1 15 16 16 13 2 4 2 5
0 0 0 1 6 1 1 1 2 0 1 2 4 -1 -1 -1 -1 -1 -1 241856 0 15 16 16 13 2 4 2 5
0 0 0 1 7 1 1 1 2 0 1 2 4 4 0 4 1 1 1 242522 0 15 16 16 16.25 2 4 2 5
0 0 0 1 1 6 1 1 2 0 1 2 5 -1 -1 -1 -1 -1 -1 243122 0 15 16 16 16.25 2 4 2 5
0 0 0 1 4 6 1 1 2 0 1 2 5 -1 -1 -1 -1 -1 -1 243756 1 15 16 16 14.95 2 4 2 5
0 0 0 1 6 1 1 1 2 0 1 2 4 -1 -1 -1 -1 -1 -1 244489 0 15 16 16 13 2 4 2 5
0 0 0 1 7 1 1 1 2 0 1 2 4 4 0 4 1 1 1 245123 0 15 16 16 16.25 2 6 2 5
0 0 0 1 1 6 1 1 2 0 1 2 5 -1 -1 -1 -1 -1 -1 245756 0 15 16 16 16.25 2 6 2 5
0 0 0 1 4 6 1 1 2 0 1 2 5 -1 -1 -1 -1 -1 -1 246390 1 15 16 16 14.3 2 6 2 5
0 0 0 1 1 6 1 1 2 0 1 2 5 -1 -1 -1 -1 -1 -1 247123 0 15 16 16 13 2 6 2 5
0 0 0 1 1 6 3 1 2 0 1 2 5 6 2 4 0 0 0 247890 0 15 16 16 13 2 6 2 5
0 0 0 1 1 6 1 1 2 0 1 2 5 -1 -1 -1 -1 -1 -1 248657 0 15 16 16 13 2 6 2 5
0 0 0 1 1 6 4 1 2 0 1 2 5 -1 -1 -1 -1 -1 -1 249457 1 15 16 16 13 2 6 2 5
0 0 0 1 1 6 1 1 2 0 1 2 5 -1 -1 -1 -1 -1 -1 250224 0 15 16 16 13 2 6 2 5
0 0 0 1 1 6 1 3 2 0 1 2 5 7 1 4 2 0 0 250991 0 15 16 16 13 2 4 2 5
0 0 0 1 1 6 1 1 2 0 1 2 5 -1 -1 -1 -1 -1 -1 251758 0 15 16 16 13 2 4 2 5
0 0 0 1 4 6 1 1 2 0 1 2 5 -1 -1 -1 -1 -1 -1 252524 1 15 16 16 13 2 4 2 5
0 0 0 1 1 6 1 1 2 0 1 2 5 -1 -1 -1 -1 -1 -1 253291 0 15 16 16 13 2 4 2 5
0 0 0 1 1 6 3 1 2 0 1 2 5 6 3 4 3 0 0 254058 0 15 16 16 13 2 8 0 5
0 0 0 1 1 6 1 1 2 0 1 2 5 -1 -1 -1 -1 -1 -1 254825 0 15 16 16 13 2 8 0 5
0 0 0 1 4 6 1 1 2 0 1 2 5 -1 -1 -1 -1 -1 -1 255592 1 15 16 16 13 2 8 0 5
0 0 0 1 1 6 1 1 2 0 1 2 5 -1 -1 -1 -1 -1 -1 256358 0 15 16 16 13 2 8 0 5
0 0 0 1 1 6 1 3 2 0 1 2 5 7 1 4 2 0 0 257125 0 15 16 16 13 2 6 2 5
0 0 0 1 1 6 1 1 2 0 1 2 5 -1 -1 -1 -1 -1 -1 257891 0 15 16 16 13 2 6 2 5
0 0 0 4 1 6 1 1 2 0 1 2 5 -1 -1 -1 -1 -1 -1 258658 1 15 16 16 13 2 6 2 5
0 0 0 1 1 6 1 1 2 0 1 2 5 -1 -1 -1 -1 -1 -1 259458 0 15 16 16 13 2 6 2 5
0 0 0 1 1 6 3 1 2 0 1 2 5 6 0 4 1 0 0 260224 0 15 16 16 13 2 4 2 5
0 0 0 1 1 1 6 1 2 0 1 2 6 -1 -1 -1 -1 -1 -1 260991 0 15 16 16 13 2 4 2 5
0 0 0 1 4 1 1 6 2 0 1 2 7 -1 -1 -1 -1 -1 -1 261757 1 15 16 16 13 2 4 2 5
0 0 0 1 1 1 1 6 2 0 1 2 7 -1 -1 -1 -1 -1 -1 262457 0 15 16 16 16.25 2 4 2 5
0 0 0 1 1 1 1 7 2 0 1 2 7 7 0 4 1 1 1 263090 0 15 16 16 16.25 2 4 2 5
0 0 0 1 1 1 1 6 2 0 1 2 7 -1 -1 -1 -1 -1 -1 263690 0 15 16 16 16.25 2 4 2 5
0 0 0 1 1 4 1 6 2 0 1 2 7 -1 -1 -1 -1 -1 -1 264390 1 15 16 16 13 2 4 2 5
0 0 0 1 1 1 1 6 2 0 1 2 7 -1 -1 -1 -1 -1 -1 265156 0 15 16 16 13 2 4 2 5
0 0 0 1 1 1 3 6 2 0 1 2 7 6 3 4 3 0 0 265923 0 15 16 16 13 2 4 2 5
0 0 0 1 1 1 1 6 2 0 1 2 7 -1 -1 -1 -1 -1 -1 266689 0 15 16 16 13 2 4 2 5
0 0 0 4 1 1 1 6 2 0 1 2 7 -1 -1 -1 -1 -1 -1 267456 1 15 16 16 13 2 4 2 5
0 0 0 1 1 1 6 1 2 0 1 2 6 -1 -1 -1 -1 -1 -1 268222 0 15 16 16 13 2 4 2 5
0 0 0 1 1 3 6 1 2 0 1 2 6 5 1 4 2 0 0 268989 0 15 16 16 13 2 6 2 5
0 0 0 1 1 1 6 1 2 0 1 2 6 -1 -1 -1 -1 -1 -1 269755 0 15 16 16 13 2 6 2 5
0 0 0 1 1 1 6 4 2 0 1 2 6 -1 -1 -1 -1 -1 -1 270522 1 15 16 16 13 2 6 2 5
0 0 0 1 1 1 1 6 2 0 1 2 7 -1 -1 -1 -1 -1 -1 271288 0 15 16 16 13 2 6 2 5
0 0 0 1 1 1 1 7 2 0 1 2 7 7 1 4 2 1 1 271955 0 15 16 16 16.25 2 6 2 5
0 0 0 1 1 1 1 6 2 0 1 2 7 -1 -1 -1 -1 -1 -1 272588 0 15 16 16 16.25 2 6 2 5
0 0 0 1 1 4 1 6 2 0 1 2 7 -1 -1 -1 -1 -1 -1 273188 1 15 16 16 15.6 2 6 2 5
0 0 0 1 1 1 1 6 2 0 1 2 7 -1 -1 -1 -1 -1 -1 273921 0 15 16 16 13 2 6 2 5
0 0 0 1 1 1 1 7 2 0 1 2 7 7 1 4 2 1 1 274554 0 15 16 16 16.25 2 4 2 5
0 0 0 0 1 6 1 0 3 1 2 0 5 -1 -1 -1 -1 -1 -1 284452 0 15 16 16 60 2 8 0 3
0 0 0 0 1 6 1 0 3 1 2 0 5 -1 -1 -1 -1 -1 -1 284618 0 15 16 16 60 2 8 0 3
0 0 0 0 1 6 1 0 3 1 2 0 5 -1 -1 -1 -1 -1 -1 284785 0 15 16 16 60 2 4 2 3
0 0 0 0 1 6 1 0 3 1 2 0 5 -1 -1 -1 -1 -1 -1 284952 0 15 16 16 50.6 2 4 2 3
0 0 0 0 1 6 1 0 3 1 2 0 5 -1 -1 -1 -1 -1 -1 285218 0 15 16 16 25.5333 2 4 2 3
0 0 0 0 1 6 1 0 3 1 2 0 5 -1 -1 -1 -1 -1 -1 285951 0 15 16 16 13 2 4 2 3
0 0 0 0 1 6 1 0 3 1 2 0 5 -1 -1 -1 -1 -1 -1 286718 0 15 16 16 13 2 4 2 3
0 0 0 0 1 6 1 0 3 1 2 0 5 -1 -1 -1 -1 -1 -1 287484 0 15 16 16 13 2 4 2 3
0 0 0 0 1 6 1 0 3 1 2 0 5 -1 -1 -1 -1 -1 -1 288251 0 15 16 16 13 2 4 2 3
0 0 0 0 1 6 1 0 3 1 2 0 5 -1 -1 -1 -1 -1 -1 289017 0 15 16 16 13 2 4 2 3
0 0 0 0 1 6 3 0 3 1 2 0 5 6 4 6 1 0 0 289784 0 15 16 16 13 2 4 2 3
0 0 0 0 1 6 1 0 3 1 2 0 5 -1 -1 -1 -1 -1 -1 290550 0 15 16 16 13 2 4 2 3
0 0 0 0 1 6 1 0 3 1 2 0 5 -1 -1 -1 -1 -1 -1 291317 0 15 16 16 13 2 4 2 3
0 0 0 0 1 6 1 0 3 1 2 0 5 -1 -1 -1 -1 -1 -1 292083 0 15 16 16 13 2 4 2 3
0 0 0 0 3 6 1 0 3 1 2 0 5 4 4 8 3 0 0 292850 0 15 16 16 13 2 5 2 3
0 0 0 0 1 6 1 0 3 1 2 0 5 -1 -1 -1 -1 -1 -1 293649 0 15 16 16 13 2 5 2 3
0 0 0 0 6 1 1 0 3 1 2 0 4 -1 -1 -1 -1 -1 -1 294416 0 15 16 16 13 2 5 2 3
0 0 0 0 6 1 1 0 3 1 2 0 4 -1 -1 -1 -1 -1 -1 295182 0 15 16 16 13 2 5 2 3
0 0 0 0 6 3 1 0 3 1 2 0 4 5 4 5 0 0 0 295949 0 15 16 16 13 2 4 2 3
0 0 0 0 6 1 1 0 3 1 2 0 4 -1 -1 -1 -1 -1 -1 296715 0 15 16 16 13 2 4 2 3
0 0 0 0 6 1 1 0 3 1 2 0 4 -1 -1 -1 -1 -1 -1 297482 0 15 16 16 13 2 4 2 3
0 0 0 0 6 1 1 0 3 1 2 0 4 -1 -1 -1 -1 -1 -1 298148 0 15 16 16 16.25 2 4 2 3
0 0 0 0 7 1 1 0 3 1 2 0 4 4 4 8 3 1 1 298781 0 15 16 16 16.25 2 4 2 3
0 0 0 0 6 1 1 0 3 1 2 0 4 -1 -1 -1 -1 -1 -1 299381 0 15 16 16 15.6 2 4 2 3
0 0 0 0 6 1 1 0 3 1 2 0 4 -1 -1 -1 -1 -1 -1 300114 0 15 16 16 13 2 4 2 3
0 0 0 0 6 1 1 0 3 1 2 0 4 -1 -1 -1 -1 -1 -1 300881 0 15 16 16 13 2 4 2 3
0 0 0 0 6 3 1 0 3 1 2 0 4 5 4 6 1 0 0 301647 0 15 16 16 13 2 6 2 3
0 0 0 0 6 1 1 0 3 1 2 0 4 -1 -1 -1 -1 -1 -1 302414 0 15 16 16 13 2 6 2 3
0 0 0 0 1 6 1 0 3 1 2 0 5 -1 -1 -1 -1 -1 -1 303180 0 15 16 16 13 2 6 2 3
0 0 0 0 1 1 6 0 3 1 2 0 6 -1 -1 -1 -1 -1 -1 303947 0 15 16 16 13 2 6 2 3
0 0 0 0 1 3 6 0 3 1 2 0 6 5 4 7 2 0 0 304713 0 15 16 16 13 2 8 0 3
0 0 0 0 1 1 6 0 3 1 2 0 6 -1 -1 -1 -1 -1 -1 305480 0 15 16 16 13 2 8 0 3
0 0 0 0 1 1 6 0 3 1 2 0 6 -1 -1 -1 -1 -1 -1 306280 0 15 16 16 13 2 8 0 3
0 0 0 0 1 1 6 0 3 1 2 0 6 -1 -1 -1 -1 -1 -1 307046 0 15 16 16 13 2 8 0 3
0 0 0 0 1 3 6 0 3 1 2 0 6 5 4 8 3 0 0 307813 0 15 16 16 13 2 4 2 3
0 0 0 0 1 1 6 0 3 1 2 0 6 -1 -1 -1 -1 -1 -1 308579 0 15 16 16 13 2 4 2 3
0 0 0 0 1 1 6 0 3 1 2 0 6 -1 -1 -1 -1 -1 -1 309346 0 15 16 16 13 2 4 2 3
0 0 0 0 1 1 6 0 3 1 2 0 6 -1 -1 -1 -1 -1 -1 310112 0 15 16 16 13 2 4 2 3
0 0 0 0 1 7 1 0 3 1 2 0 5 5 4 7 2 1 1 310879 0 15 16 16 13 2 4 2 3
0 0 0 0 1 6 1 0 3 1 2 0 5 -1 -1 -1 -1 -1 -1 311645 0 15 16 16 13 2 4 2 3
0 0 0 0 6 1 1 0 3 1 2 0 4 -1 -1 -1 -1 -1 -1 312411 0 15 16 16 13 2 4 2 3
0 0 0 0 6 1 1 0 3 1 2 0 4 -1 -1 -1 -1 -1 -1 313178 0 15 16 16 13 2 4 2 3
0 0 0 0 6 3 1 0 3 1 2 0 4 5 4 6 1 0 0 313944 0 15 16 16 13 2 4 2 3
0 0 0 0 6 1 1 0 3 1 2 0 4 -1 -1 -1 -1 -1 -1 314711 0 15 16 16 13 2 4 2 3
0 0 0 0 6 1 1 0 3 1 2 0 4 -1 -1 -1 -1 -1 -1 315477 0 15 16 16 13 2 4 2 3
0 0 0 0 6 1 1 0 3 1 2 0 4 -1 -1 -1 -1 -1 -1 316244 0 15 16 16 13 2 4 2 3
0 0 0 0 6 1 3 0 3 1 2 0 4 6 4 8 3 0 0 317044 0 15 16 16 13 2 5 2 3
0 0 0 0 1 6 1 0 3 1 2 0 5 -1 -1 -1 -1 -1 -1 317810 0 15 16 16 13 2 5 2 3
0 0 0 0 1 1 6 0 3 1 2 0 6 -1 -1 -1 -1 -1 -1 318577 0 15 16 16 13 2 5 2 3
0 0 0 0 1 1 6 0 3 1 2 0 6 -1 -1 -1 -1 -1 -1 319343 0 15 16 16 13 2 5 2 3
0 0 0 0 1 3 6 0 3 1 2 0 6 5 4 7 2 0 0 320110 0 15 16 16 13 2 4 2 3
0 0 0 0 1 1 6 0 3 1 2 0 6 -1 -1 -1 -1 -1 -1 320876 0 15 16 16 13 2 4 2 3
0 0 0 0 1 1 6 0 3 1 2 0 6 -1 -1 -1 -1 -1 -1 321609 0 15 16 16 16.25 2 4 2 3
0 0 0 0 1 1 6 0 3 1 2 0 6 -1 -1 -1 -1 -1 -1 322209 0 15 16 16 16.25 2 4 2 3
0 0 0 0 1 1 7 0 3 1 2 0 6 6 4 8 3 1 1 322842 0 15 16 16 16.25 2 4 2 3
0 0 0 0 1 6 1 0 4 2 1 0 5 -1 -1 -1 -1 -1 -1 345570 0 15 16 16 60 2 8 0 3
0 0 0 0 1 6 1 0 4 2 1 0 5 -1 -1 -1 -1 -1 -1 345737 0 15 16 16 60 2 8 0 3
0 0 0 0 1 6 1 0 4 2 1 0 5 -1 -1 -1 -1 -1 -1 345903 0 15 16 16 60 2 5 2 3
0 0 0 0 1 6 1 0 4 2 1 0 5 -1 -1 -1 -1 -1 -1 346070 0 15 16 16 50.6 2 5 2 3
0 0 0 0 1 6 1 0 4 2 1 0 5 -1 -1 -1 -1 -1 -1 346337 0 15 16 16 25.5333 2 5 2 3
0 0 0 0 1 6 1 0 4 2 1 0 5 -1 -1 -1 -1 -1 -1 347070 0 15 16 16 13 2 5 2 3
0 0 0 0 1 6 1 0 4 2 1 0 5 -1 -1 -1 -1 -1 -1 347836 0 15 16 16 13 2 6 2 3
0 0 0 0 1 6 1 0 4 2 1 0 5 -1 -1 -1 -1 -1 -1 348603 0 15 16 16 13 2 6 2 3
0 0 0 0 1 6 1 0 4 2 1 0 5 -1 -1 -1 -1 -1 -1 349369 0 15 16 16 13 2 6 2 3
0 0 0 0 6 1 1 0 4 2 1 0 4 -1 -1 -1 -1 -1 -1 350136 0 15 16 16 13 2 6 2 3
0 0 0 0 8 1 1 0 4 2 1 0 4 4 5 4 3 0 1 350902 0 15 16 16 13 2 4 2 3
0 0 0 0 1 6 1 0 4 2 1 0 5 -1 -1 -1 -1 -1 -1 351869 0 15 16 15 10 2 4 2 3
0 0 0 0 1 6 1 0 4 2 1 0 5 -1 -1 -1 -1 -1 -1 352868 0 15 16 15 10 2 4 2 3
0 0 0 0 1 6 1 0 4 2 1 0 5 -1 -1 -1 -1 -1 -1 353868 0 15 16 15 10 2 4 2 3
0 0 0 0 3 6 1 0 4 2 1 0 5 4 5 4 0 0 0 354868 0 15 16 15 10 2 4 2 3
0 0 0 0 1 6 1 0 4 2 1 0 5 -1 -1 -1 -1 -1 -1 355868 0 15 16 15 10 2 4 2 3
0 0 0 0 1 6 1 0 4 2 1 0 5 -1 -1 -1 -1 -1 -1 356867 0 15 16 15 10 2 4 2 3
0 0 0 0 1 6 1 0 4 2 1 0 5 -1 -1 -1 -1 -1 -1 357867 0 15 16 15 10 2 4 2 3
0 0 0 0 1 6 3 0 4 2 1 0 5 6 5 4 1 0 0 358867 0 15 16 15 10 2 5 2 3
0 0 0 0 1 6 1 0 4 2 1 0 5 -1 -1 -1 -1 -1 -1 359867 0 15 16 15 10 2 5 2 3
0 0 0 0 1 1 6 0 4 2 1 0 6 -1 -1 -1 -1 -1 -1 360866 0 15 16 15 10 2 5 2 3
0 0 0 0 1 1 6 0 4 2 1 0 6 -1 -1 -1 -1 -1 -1 361733 0 15 16 15 12.5 2 5 2 3
0 0 0 0 1 1 7 0 4 2 1 0 6 6 5 4 1 1 1 362533 0 15 16 15 12.5 2 5 2 3
0 0 0 0 1 1 6 0 4 2 1 0 6 -1 -1 -1 -1 -1 -1 363432 0 15 16 15 10 2 5 2 3
0 0 0 0 1 1 6 0 4 2 1 0 6 -1 -1 -1 -1 -1 -1 364432 0 15 16 15 10 2 5 2 3
0 0 0 0 1 1 6 0 4 2 1 0 6 -1 -1 -1 -1 -1 -1 365299 0 15 16 15 12.5 2 5 2 3
0 0 0 0 1 1 7 0 4 2 1 0 6 6 5 4 1 1 1 366098 0 15 16 15 12.5 2 5 2 3
0 0 0 0 1 1 6 0 4 2 1 0 6 -1 -1 -1 -1 -1 -1 366798 0 15 16 16 13 2 5 2 3
0 0 0 0 1 1 6 0 4 2 1 0 6 -1 -1 -1 -1 -1 -1 367565 0 15 16 16 13 2 5 2 3
0 0 0 0 1 6 1 0 4 2 1 0 5 -1 -1 -1 -1 -1 -1 368331 0 15 16 16 13 2 5 2 3
0 0 0 0 3 6 1 0 4 2 1 0 5 4 5 4 3 0 0 369098 0 15 16 16 13 2 8 0 3
0 0 0 0 1 6 1 0 4 2 1 0 5 -1 -1 -1 -1 -1 -1 369864 0 15 16 16 13 2 8 0 3
0 0 0 0 1 6 1 0 4 2 1 0 5 -1 -1 -1 -1 -1 -1 370631 0 15 16 16 13 2 8 0 3
0 0 0 0 1 6 1 0 4 2 1 0 5 -1 -1 -1 -1 -1 -1 371397 0 15 16 16 13 2 8 0 3
0 0 0 0 3 6 1 0 4 2 1 0 5 4 5 4 0 0 0 372164 0 15 16 16 13 2 5 2 3
0 0 0 0 1 6 1 0 4 2 1 0 5 -1 -1 -1 -1 -1 -1 372930 0 15 16 16 13 2 5 2 3
0 0 0 0 1 6 1 0 4 2 1 0 5 -1 -1 -1 -1 -1 -1 373630 0 15 16 16 16.25 2 5 2 3
0 0 0 0 1 6 1 0 4 2 1 0 5 -1 -1 -1 -1 -1 -1 374230 0 15 16 16 16.25 2 5 2 3
0 0 0 0 1 7 1 0 4 2 1 0 5 5 5 4 0 1 1 374863 0 15 16 16 15.6 2 6 2 3
0 0 0 0 1 6 1 0 4 2 1 0 5 -1 -1 -1 -1 -1 -1 375563 0 15 16 16 13 2 6 2 3
0 0 0 0 1 6 1 0 4 2 1 0 5 -1 -1 -1 -1 -1 -1 376329 0 15 16 16 13 2 6 2 3
0 0 0 0 1 6 1 0 4 2 1 0 5 -1 -1 -1 -1 -1 -1 377129 0 15 16 16 13 2 6 2 3
0 0 0 0 3 6 1 0 4 2 1 0 5 4 5 4 1 0 0 377895 0 15 16 16 13 2 4 2 3
0 0 0 0 1 6 1 0 4 2 1 0 5 -1 -1 -1 -1 -1 -1 378662 0 15 16 16 13 2 4 2 3
0 0 0 0 1 6 1 0 4 2 1 0 5 -1 -1 -1 -1 -1 -1 379428 0 15 16 16 13 2 4 2 3
0 0 0 0 1 6 1 0 4 2 1 0 5 -1 -1 -1 -1 -1 -1 380095 0 15 16 16 16.25 2 4 2 3
0 0 0 0 1 7 1 0 4 2 1 0 5 5 5 4 1 1 1 380695 0 15 16 16 16.25 2 4 2 3
0 0 0 0 1 6 1 0 4 2 1 0 5 -1 -1 -1 -1 -1 -1 381328 0 15 16 16 15.3833 2 4 2 3
0 0 0 0 1 6 1 0 4 2 1 0 5 -1 -1 -1 -1 -1 -1 382061 0 15 16 16 13 2 4 2 3
0 0 0 0 1 6 1 0 4 2 1 0 5 -1 -1 -1 -1 -1 -1 382828 0 15 16 16 13 2 4 2 3
0 0 0 0 1 6 3 0 4 2 1 0 5 6 5 4 0 0 0 383594 0 15 16 16 13 2 5 2 3
0 0 0 0 1 6 1 0 4 2 1 0 5 -1 -1 -1 -1 -1 -1 384361 0 15 16 16 13 2 5 2 3
0 0 0 0 6 1 1 0 4 2 1 0 4 -1 -1 -1 -1 -1 -1 385127 0 15 16 16 13 2 5 2 3
0 0 0 0 6 1 1 0 4 2 1 0 4 -1 -1 -1 -1 -1 -1 385894 0 15 16 16 13 2 5 2 3
0 0 0 0 6 3 1 0 4 2 1 0 4 5 5 4 1 0 0 386660 0 15 16 16 13 2 5 2 3
0 0 0 0 6 1 1 0 4 2 1 0 4 -1 -1 -1 -1 -1 -1 387426 0 15 16 16 13 2 5 2 3
0 0 0 0 1 6 1 0 4 2 1 0 5 -1 -1 -1 -1 -1 -1 388193 0 15 16 16 13 2 5 2 3
0 0 0 0 1 6 1 0 4 2 1 0 5 -1 -1 -1 -1 -1 -1 388959 0 15 16 16 13 2 5 2 3
0 0 0 0 3 6 1 0 4 2 1 0 5 4 5 4 2 0 0 389759 0 15 16 16 13 2 5 2 3
0 0 0 0 1 6 1 0 4 2 1 0 5 -1 -1 -1 -1 -1 -1 390526 0 15 16 16 13 2 5 2 3
0 0 0 0 6 1 1 0 4 2 1 0 4 -1 -1 -1 -1 -1 -1 391292 0 15 16 16 13 2 5 2 3
0 0 0 0 6 1 1 0 4 2 1 0 4 -1 -1 -1 -1 -1 -1 392025 0 15 16 16 16.25 2 5 2 3
0 0 0 0 7 1 1 0 4 2 1 0 4 4 5 4 2 1 1 392625 0 15 16 16 16.25 2 8 0 3
0 0 0 0 6 1 1 0 4 2 1 0 4 -1 -1 -1 -1 -1 -1 393258 0 15 16 16 16.25 2 8 0 3
0 0 0 0 6 1 1 0 4 2 1 0 4 -1 -1 -1 -1 -1 -1 393925 0 15 16 16 13 2 8 0 3
0 0 0 0 6 1 1 0 4 2 1 0 4 -1 -1 -1 -1 -1 -1 394691 0 15 16 16 13 2 8 0 3
0 0 0 0 6 3 1 0 4 2 1 0 4 5 5 4 1 0 0 395458 0 15 16 16 13 2 5 2 3
0 0 0 0 6 1 1 0 4 2 1 0 4 -1 -1 -1 -1 -1 -1 396224 0 15 16 16 13 2 5 2 3
0 0 0 0 6 1 1 0 4 2 1 0 4 -1 -1 -1 -1 -1 -1 396991 0 15 16 16 13 2 5 2 3
0 0 0 0 6 1 1 0 4 2 1 0 4 -1 -1 -1 -1 -1 -1 397724 0 15 16 16 16.25 2 5 2 3
0 0 0 0 7 1 1 0 4 2 1 0 4 4 5 4 1 1 1 398324 0 15 16 16 16.25 2 6 2 3
0 0 0 0 6 1 1 0 4 2 1 0 4 -1 -1 -1 -1 -1 -1 398957 0 15 16 16 16.25 2 6 2 3
0 0 0 0 6 1 1 0 4 2 1 0 4 -1 -1 -1 -1 -1 -1 399624 0 15 16 16 13 2 6 2 3
0 0 0 0 1 6 1 0 4 2 1 0 5 -1 -1 -1 -1 -1 -1 400390 0 15 16 16 13 2 6 2 3
0 0 0 0 1 6 3 0 4 2 1 0 5 6 5 4 3 0 0 401156 0 15 16 16 13 2 4 2 3
0 0 0 0 1 6 1 0 4 2 1 0 5 -1 -1 -1 -1 -1 -1 401923 0 15 16 16 13 2 4 2 3
0 0 0 0 1 1 6 0 4 2 1 0 6 -1 -1 -1 -1 -1 -1 402689 0 15 16 16 13 2 4 2 3
0 0 0 0 1 1 6 0 4 2 1 0 6 -1 -1 -1 -1 -1 -1 403456 0 15 16 16 13 2 4 2 3
0 0 0 0 1 3 6 0 4 2 1 0 6 5 5 4 0 0 0 404256 0 15 16 16 13 2 4 2 3
0 0 0 0 1 1 6 0 4 2 1 0 6 -1 -1 -1 -1 -1 -1 405022 0 15 16 16 13 2 4 2 3
0 0 0 0 1 6 1 0 4 2 1 0 5 -1 -1 -1 -1 -1 -1 405789 0 15 16 16 13 2 4 2 3
0 0 0 0 1 6 1 0 4 2 1 0 5 -1 -1 -1 -1 -1 -1 406555 0 15 16 16 13 2 4 2 3
0 0 0 0 1 6 3 0 4 2 1 0 5 6 5 4 3 0 0 407322 0 15 16 16 13 2 5 2 3
0 0 0 0 1 6 1 0 4 2 1 0 5 -1 -1 -1 -1 -1 -1 408088 0 15 16 16 13 2 5 2 3
0 0 0 0 6 1 1 0 4 2 1 0 4 -1 -1 -1 -1 -1 -1 408855 0 15 16 16 13 2 5 2 3
0 0 0 0 6 1 1 0 4 2 1 0 4 -1 -1 -1 -1 -1 -1 409621 0 15 16 16 13 2 5 2 3
0 0 0 0 6 3 1 0 4 2 1 0 4 5 5 4 1 0 0 410388 0 15 16 16 13 2 5 2 3
0 0 0 0 6 1 1 0 4 2 1 0 4 -1 -1 -1 -1 -1 -1 411154 0 15 16 16 13 2 5 2 3
0 0 0 0 1 1 6 0 4 2 1 0 6 -1 -1 -1 -1 -1 -1 411921 0 15 16 16 13 2 5 2 3
0 0 0 0 1 1 6 0 4 2 1 0 6 -1 -1 -1 -1 -1 -1 412587 0 15 16 16 16.25 2 5 2 3
0 0 0 0 1 1 7 0 4 2 1 0 6 6 5 4 1 1 1 413220 0 15 16 16 16.25 2 5 2 3
0 0 0 0 1 1 6 0 4 2 1 0 6 -1 -1 -1 -1 -1 -1 413820 0 15 16 16 15.6 2 5 2 3
0 0 0 0 1 1 6 0 4 2 1 0 6 -1 -1 -1 -1 -1 -1 414553 0 15 16 16 13 2 5 2 3
0 0 0 0 1 6 1 0 4 2 1 0 5 -1 -1 -1 -1 -1 -1 415320 0 15 16 16 13 2 5 2 3
0 0 0 0 1 6 3 0 4 2 1 0 5 6 5 4 3 0 0 416086 0 15 16 16 13 2 8 0 3
0 0 0 0 1 6 1 0 4 2 1 0 5 -1 -1 -1 -1 -1 -1 416853 0 15 16 16 13 2 8 0 3
0 0 0 0 1 6 1 0 4 2 1 0 5 -1 -1 -1 -1 -1 -1 417652 0 15 16 16 13 2 8 0 3
0 0 0 0 1 6 1 0 4 2 1 0 5 -1 -1 -1 -1 -1 -1 418419 0 15 16 16 13 2 8 0 3
0 0 0 0 3 6 1 0 4 2 1 0 5 4 5 4 0 0 0 419185 0 15 16 16 13 2 5 2 3
0 0 0 0 1 6 1 0 4 2 1 0 5 -1 -1 -1 -1 -1 -1 419952 0 15 16 16 13 2 5 2 3
0 0 0 0 6 1 1 0 4 2 1 0 4 -1 -1 -1 -1 -1 -1 420718 0 15 16 16 13 2 5 2 3
0 0 0 0 6 1 1 0 4 2 1 0 4 -1 -1 -1 -1 -1 -1 421418 0 15 16 16 16.25 2 5 2 3
0 0 0 0 7 1 1 0 4 2 1 0 4 4 5 4 0 1 1 422018 0 15 16 16 16.25 2 6 2 3
0 0 0 0 6 1 1 0 4 2 1 0 4 -1 -1 -1 -1 -1 -1 422651 0 15 16 16 16.25 2 6 2 3
0 0 0 0 6 1 1 0 4 2 1 0 4 -1 -1 -1 -1 -1 -1 423351 0 15 16 16 13 2 6 2 3
0 0 0 0 1 6 1 0 4 2 1 0 5 -1 -1 -1 -1 -1 -1 424118 0 15 16 16 13 2 6 2 3
0 0 0 0 1 6 3 0 4 2 1 0 5 6 5 4 3 0 0 424884 0 15 16 16 13 2 4 2 3
0 0 0 0 1 6 1 0 4 2 1 0 5 -1 -1 -1 -1 -1 -1 425650 0 15 16 16 13 2 4 2 3
0 0 0 0 1 6 1 0 4 2 1 0 5 -1 -1 -1 -1 -1 -1 426417 0 15 16 16 13 2 4 2 3
0 0 0 0 1 6 1 0 4 2 1 0 5 -1 -1 -1 -1 -1 -1 427183 0 15 16 16 13 2 4 2 3
0 0 0 0 1 6 3 0 4 2 1 0 5 6 5 4 1 0 0 427950 0 15 16 16 13 2 4 2 3
0 0 0 0 1 6 1 0 4 2 1 0 5 -1 -1 -1 -1 -1 -1 428716 0 15 16 16 13 2 4 2 3
0 0 0 0 1 6 1 0 4 2 1 0 5 -1 -1 -1 -1 -1 -1 429483 0 15 16 16 13 2 4 2 3
0 0 0 0 1 6 1 0 4 2 1 0 5 -1 -1 -1 -1 -1 -1 430283 0 15 16 16 13 2 4 2 3
0 0 0 0 1 6 3 0 4 2 1 0 5 6 5 4 3 0 0 431049 0 15 16 16 13 2 5 2 3
0 0 0 0 1 6 1 0 4 2 1 0 5 -1 -1 -1 -1 -1 -1 431816 0 15 16 16 13 2 5 2 3
0 0 0 0 6 1 1 0 4 2 1 0 4 -1 -1 -1 -1 -1 -1 432582 0 15 16 16 13 2 5 2 3
0 0 0 0 6 1 1 0 4 2 1 0 4 -1 -1 -1 -1 -1 -1 433215 0 15 16 16 16.25 2 5 2 3
0 0 0 0 7 1 1 0 4 2 1 0 4 4 5 4 3 1 1 433848 0 15 16 16 16.25 2 5 2 3
0 0 0 0 1 6 1 0 5 6 1 0 5 -1 -1 -1 -1 -1 -1 441047 0 15 40 15 60 2 8 0 3
0 0 0 0 1 6 1 0 5 6 1 0 5 -1 -1 -1 -1 -1 -1 441213 0 15 40 15 60 2 8 0 3
0 0 0 0 1 6 1 0 5 6 1 0 5 -1 -1 -1 -1 -1 -1 441380 0 15 40 15 60 2 4 2 3
0 0 0 0 1 6 1 0 5 6 1 0 5 -1 -1 -1 -1 -1 -1 441547 0 15 40 15 50 2 4 2 3
0 0 0 0 1 6 1 0 5 6 1 0 5 -1 -1 -1 -1 -1 -1 441847 0 15 40 15 20 2 4 2 3
0 0 0 0 1 6 1 0 5 6 1 0 5 -1 -1 -1 -1 -1 -1 442780 0 15 40 15 10 2 4 2 3
0 0 0 0 1 6 1 0 5 6 1 0 5 -1 -1 -1 -1 -1 -1 443779 0 15 40 15 10 2 6 2 3
0 0 0 0 6 1 1 0 5 6 1 0 4 -1 -1 -1 -1 -1 -1 444779 0 15 40 15 10 2 6 2 3
0 0 0 0 6 1 1 0 5 6 1 0 4 -1 -1 -1 -1 -1 -1 445779 0 15 40 15 10 2 6 2 3
0 0 0 0 6 1 1 0 5 6 1 0 4 -1 -1 -1 -1 -1 -1 446779 0 15 40 15 10 2 6 2 3
0 0 0 0 7 1 1 0 5 6 1 0 4 4 5 4 4 1 1 447778 0 15 40 15 10 2 6 2 3
0 0 0 0 6 1 1 0 5 6 1 0 4 -1 -1 -1 -1 -1 -1 448778 0 15 40 15 10 2 6 2 3
0 0 0 0 6 1 1 0 5 6 1 0 4 -1 -1 -1 -1 -1 -1 449778 0 15 40 15 10 2 6 2 3
0 0 0 0 6 1 1 0 5 6 1 0 4 -1 -1 -1 -1 -1 -1 450611 0 15 40 15 12.5 2 6 2 3
0 0 0 0 7 1 1 0 5 6 1 0 4 4 5 4 4 1 1 451411 0 15 40 15 12.1667 2 5 2 3
0 0 0 0 6 1 1 0 5 6 1 0 4 -1 -1 -1 -1 -1 -1 452144 0 15 40 16 13 2 5 2 3
0 0 0 0 1 6 1 0 5 6 1 0 5 -1 -1 -1 -1 -1 -1 452910 0 15 40 16 13 2 5 2 3
0 0 0 0 1 1 6 0 5 6 1 0 6 -1 -1 -1 -1 -1 -1 453644 0 15 40 16 16.25 2 5 2 3
0 0 0 0 1 1 7 0 5 6 1 0 6 6 5 4 4 1 1 454277 0 15 40 16 16.25 2 6 2 3
0 0 0 0 1 1 6 0 5 6 1 0 6 -1 -1 -1 -1 -1 -1 454877 0 15 40 16 16.25 2 6 2 3
0 0 0 0 1 6 1 0 5 6 1 0 5 -1 -1 -1 -1 -1 -1 455543 0 15 40 16 13 2 6 2 3
0 0 0 0 6 1 1 0 5 6 1 0 4 -1 -1 -1 -1 -1 -1 456310 0 15 40 16 13 2 6 2 3
0 0 0 0 7 1 1 0 5 6 1 0 4 4 5 4 4 1 1 457043 0 15 40 16 16.25 2 5 2 3
0 0 0 0 6 1 1 0 5 6 1 0 4 -1 -1 -1 -1 -1 -1 457576 0 15 40 17 20 2 5 2 3
0 0 0 0 1 6 1 0 5 6 1 0 5 -1 -1 -1 -1 -1 -1 458076 0 15 40 17 20 2 5 2 3
0 0 0 0 1 6 1 0 5 6 1 0 5 -1 -1 -1 -1 -1 -1 458576 0 15 40 17 18.6667 2 5 2 3
0 0 0 1 1 7 1 1 5 6 1 0 5 5 5 4 4 1 1 459176 0 15 40 17 16 2 5 2 5
0 0 0 1 1 6 1 1 5 6 1 1 5 -1 -1 -1 -1 -1 -1 459809 0 15 40 17 16 2 5 2 5
0 0 0 1 1 6 1 1 5 6 1 1 5 -1 -1 -1 -1 -1 -1 460409 0 15 40 17 20 2 5 2 5
0 0 0 1 1 6 1 1 5 6 1 1 5 -1 -1 -1 -1 -1 -1 460909 0 15 40 17 20 2 5 2 5
0 0 0 1 1 7 1 1 5 6 1 1 5 5 5 4 4 1 1 461408 0 15 40 17 20 2 8 0 5
0 0 0 1 1 6 1 1 5 6 1 1 5 -1 -1 -1 -1 -1 -1 461842 0 15 40 18 23.75 2 8 0 5
0 0 0 1 1 6 1 1 5 6 1 1 5 -1 -1 -1 -1 -1 -1 462308 0 15 40 18 19.6333 2 8 0 5
0 0 0 1 1 6 1 1 5 6 1 1 5 -1 -1 -1 -1 -1 -1 462775 0 15 40 18 23.75 2 8 0 5
0 0 0 1 1 7 1 1 5 6 1 1 5 5 5 4 4 1 1 463208 0 15 40 18 23.75 2 4 2 5
0 0 0 1 1 6 1 1 5 6 1 1 5 -1 -1 -1 -1 -1 -1 463608 0 15 40 18 23.75 2 4 2 5
0 0 0 1 1 6 1 1 5 6 1 1 5 -1 -1 -1 -1 -1 -1 464041 0 15 40 18 23.75 2 4 2 5
0 0 0 6 1 1 1 1 5 6 1 1 3 -1 -1 -1 -1 -1 -1 464474 0 15 40 18 20.2667 2 4 2 5
0 0 0 7 1 1 1 1 5 6 1 1 3 3 5 4 4 1 1 465008 0 15 40 18 19 2 6 2 5
0 0 0 6 1 1 1 1 5 6 1 1 3 -1 -1 -1 -1 -1 -1 465507 0 15 40 19 21 2 6 2 5
0 0 0 1 6 1 1 1 5 6 1 1 4 -1 -1 -1 -1 -1 -1 465974 0 15 40 19 21 2 6 2 5
0 0 0 1 6 1 1 1 5 6 1 1 4 -1 -1 -1 -1 -1 -1 466441 0 15 40 19 21 2 6 2 5
0 0 0 1 7 1 1 1 5 6 1 1 4 4 5 4 4 1 1 466907 0 15 40 19 21 2 6 2 5
0 0 0 1 6 1 1 1 5 6 1 1 4 -1 -1 -1 -1 -1 -1 467407 0 15 40 19 21 2 6 2 5
0 0 0 1 1 6 1 1 5 6 1 1 5 -1 -1 -1 -1 -1 -1 467874 0 15 40 19 21 2 6 2 5
0 0 0 1 1 1 6 1 5 6 1 1 6 -1 -1 -1 -1 -1 -1 468340 0 15 40 19 21 2 6 2 5
0 0 0 1 1 1 7 1 5 6 1 1 6 6 5 4 4 1 1 468840 0 15 40 19 21 2 5 2 5
0 0 0 1 1 1 6 1 5 6 1 1 6 -1 -1 -1 -1 -1 -1 469273 0 15 40 20 22 2 5 2 5
0 0 0 1 6 1 1 1 5 6 1 1 4 -1 -1 -1 -1 -1 -1 469740 0 15 40 20 22 2 5 2 5
0 0 0 1 6 1 1 1 5 6 1 1 4 -1 -1 -1 -1 -1 -1 470206 0 15 40 20 22 2 5 2 5
0 0 0 1 7 1 1 1 5 6 1 1 4 4 5 4 4 1 1 470639 0 15 40 20 22 2 6 2 5
0 0 0 1 6 1 1 1 5 6 1 1 4 -1 -1 -1 -1 -1 -1 471106 0 15 40 20 22 2 6 2 5
0 0 0 1 1 1 6 1 5 6 1 1 6 -1 -1 -1 -1 -1 -1 471573 0 15 40 20 22 2 6 2 5
0 0 0 1 1 1 6 1 5 6 1 1 6 -1 -1 -1 -1 -1 -1 472006 0 15 40 20 22 2 6 2 5
0 0 0 1 1 1 7 1 5 6 1 1 6 6 5 4 4 1 1 472472 0 15 40 20 22 2 5 2 5
0 0 0 1 1 1 6 1 5 6 1 2 6 -1 -1 -1 -1 -1 -1 472906 0 15 40 21 23 2 5 2 5
0 0 0 1 1 6 1 1 5 6 1 2 5 -1 -1 -1 -1 -1 -1 473339 0 15 40 21 23 2 5 2 5
0 0 0 1 1 6 1 1 5 6 1 2 5 -1 -1 -1 -1 -1 -1 473772 0 15 40 21 23 2 5 2 5
0 0 0 1 1 7 1 1 5 6 1 2 5 5 5 4 4 1 1 474205 0 15 40 21 23 2 5 2 5
0 0 0 1 6 1 1 1 5 6 1 2 4 -1 -1 -1 -1 -1 -1 474639 0 15 40 21 23 2 5 2 5
0 0 0 1 6 4 1 1 5 6 1 2 4 -1 -1 -1 -1 -1 -1 475072 1 15 40 21 23 2 5 2 5
0 0 0 1 1 6 1 1 5 6 1 2 5 -1 -1 -1 -1 -1 -1 475505 0 15 40 21 23 2 5 2 5
0 0 0 1 1 1 1 7 5 6 1 2 7 7 5 4 4 1 1 475938 0 15 40 21 23 2 8 0 5
0 0 0 1 1 1 1 6 5 6 1 2 7 -1 -1 -1 -1 -1 -1 476371 0 15 40 22 24 2 8 0 5
0 0 0 1 4 1 6 1 5 6 1 2 6 -1 -1 -1 -1 -1 -1 476771 1 15 40 22 24 2 8 0 5
0 0 0 1 1 1 6 1 5 6 1 2 6 -1 -1 -1 -1 -1 -1 477205 0 15 40 22 24 2 8 0 5
0 0 0 1 1 1 7 1 5 6 1 2 6 6 5 4 4 1 1 477604 0 15 40 22 24 2 4 2 5
0 0 0 1 1 1 6 1 5 6 1 2 6 -1 -1 -1 -1 -1 -1 478038 0 15 40 22 24 2 4 2 5
0 0 0 1 1 4 1 6 5 6 1 2 7 -1 -1 -1 -1 -1 -1 478438 1 15 40 22 24 2 4 2 5
0 0 0 1 1 1 1 6 5 6 1 2 7 -1 -1 -1 -1 -1 -1 478871 0 15 40 22 24 2 4 2 5
0 0 0 1 1 1 1 7 5 6 1 2 7 7 5 4 4 1 1 479271 0 15 40 22 24 2 6 2 5
0 0 0 1 1 1 6 1 5 6 1 2 6 -1 -1 -1 -1 -1 -1 479671 0 15 40 23 25 2 6 2 5
0 0 0 1 1 1 6 4 5 6 1 2 6 -1 -1 -1 -1 -1 -1 480071 1 15 40 23 25 2 6 2 5
0 0 0 1 1 1 1 6 5 6 1 2 7 -1 -1 -1 -1 -1 -1 480470 0 15 40 23 25 2 6 2 5
0 0 0 1 1 1 1 7 5 6 1 2 7 7 5 4 4 1 1 480870 0 15 40 23 25 2 6 2 5
0 0 0 1 1 1 1 6 5 6 1 2 7 -1 -1 -1 -1 -1 -1 481270 0 15 40 23 25 2 6 2 5
0 0 0 1 1 1 4 6 5 6 1 2 7 -1 -1 -1 -1 -1 -1 481670 1 15 40 23 25 2 6 2 5
0 0 0 1 1 1 6 1 5 6 1 2 6 -1 -1 -1 -1 -1 -1 482070 0 15 40 23 25 2 6 2 5
0 0 0 1 1 1 7 1 5 6 1 2 6 6 5 4 4 1 1 482470 0 15 40 23 25 2 5 2 5
0 0 0 1 1 1 6 1 5 6 1 2 6 -1 -1 -1 -1 -1 -1 482870 0 15 40 24 25.5 2 5 2 5
0 0 0 1 1 6 1 4 5 6 1 2 5 -1 -1 -1 -1 -1 -1 483270 1 15 40 24 25.5 2 5 2 5
0 0 0 1 1 6 1 1 5 6 1 2 5 -1 -1 -1 -1 -1 -1 483670 0 15 40 24 25.5 2 5 2 5
0 0 0 1 1 7 1 1 5 6 1 2 5 5 5 4 4 1 1 484036 0 15 40 24 25.5 2 6 2 5
0 0 0 1 6 1 1 1 5 6 1 2 4 -1 -1 -1 -1 -1 -1 484436 0 15 40 24 25.5 2 6 2 5
0 0 0 1 6 4 1 1 5 6 1 2 4 -1 -1 -1 -1 -1 -1 484836 1 15 40 24 25.5 2 6 2 5
0 0 0 1 1 1 6 1 5 6 1 2 6 -1 -1 -1 -1 -1 -1 485236 0 15 40 24 25.5 2 6 2 5
0 0 0 1 1 1 7 1 5 6 1 2 6 6 5 4 4 1 1 485603 0 15 40 24 25.5 2 5 2 5
0 0 0 1 1 1 6 1 5 6 1 2 6 -1 -1 -1 -1 -1 -1 486002 0 15 40 25 26 2 5 2 5
0 0 0 1 1 4 6 1 5 6 1 2 6 -1 -1 -1 -1 -1 -1 486402 1 15 40 25 26 2 5 2 5
0 0 0 1 1 6 1 1 5 6 1 2 5 -1 -1 -1 -1 -1 -1 486769 0 15 40 25 26 2 5 2 5
0 0 0 1 1 7 1 1 5 6 1 2 5 5 5 4 4 1 1 487169 0 15 40 25 26 2 5 2 5
0 0 0 1 1 6 1 1 5 6 1 2 5 -1 -1 -1 -1 -1 -1 487535 0 15 40 25 26 2 5 2 5
0 0 0 1 1 1 6 4 5 6 1 2 6 -1 -1 -1 -1 -1 -1 487935 1 15 40 25 26 2 5 2 5
0 0 0 1 1 1 1 6 5 6 1 2 7 -1 -1 -1 -1 -1 -1 488302 0 15 40 25 26 2 5 2 5
0 0 0 1 1 1 1 7 5 6 1 2 7 7 5 4 4 1 1 488702 0 15 40 25 26 2 8 0 5
0 0 0 0 1 6 1 0 6 1 2 0 5 -1 -1 -1 -1 -1 -1 536157 0 15 16 16 60 2 8 0 3
0 0 0 0 1 6 1 0 6 1 2 0 5 -1 -1 -1 -1 -1 -1 536324 0 15 16 16 60 2 8 0 3
0 0 0 0 1 6 1 0 6 1 2 0 5 -1 -1 -1 -1 -1 -1 536490 0 15 16 16 60 2 4 2 3
0 0 0 0 1 6 1 0 6 1 2 0 5 -1 -1 -1 -1 -1 -1 536657 0 15 16 16 50.6 2 4 2 3
0 0 0 0 1 6 1 0 6 1 2 0 5 -1 -1 -1 -1 -1 -1 536923 0 15 16 16 25.5333 2 4 2 3
0 0 0 0 1 6 1 0 6 1 2 0 5 -1 -1 -1 -1 -1 -1 537657 0 15 16 16 13 2 4 2 3
0 0 0 0 1 6 1 0 6 1 2 0 5 -1 -1 -1 -1 -1 -1 538423 0 15 16 16 13 2 4 2 3
0 0 0 0 1 6 1 0 6 1 2 0 5 -1 -1 -1 -1 -1 -1 539189 0 15 16 16 13 2 4 2 3
0 0 0 0 1 6 1 0 6 1 2 0 5 -1 -1 -1 -1 -1 -1 539956 0 15 16 16 13 2 4 2 3
0 0 0 0 1 6 1 0 6 1 2 0 5 -1 -1 -1 -1 -1 -1 540722 0 15 16 16 13 2 4 2 3
0 0 0 0 3 6 1 0 6 1 2 0 5 4 4 7 2 0 0 541489 0 15 16 16 13 2 4 2 3
0 0 0 0 1 6 1 0 6 1 2 0 5 -1 -1 -1 -1 -1 -1 542255 0 15 16 16 13 2 4 2 3
0 0 0 0 1 1 6 0 6 1 2 0 6 -1 -1 -1 -1 -1 -1 543022 0 15 16 16 13 2 4 2 3
0 0 0 0 1 1 6 0 6 1 2 0 6 -1 -1 -1 -1 -1 -1 543788 0 15 16 16 13 2 4 2 3
0 0 0 0 1 3 6 0 6 1 2 0 6 5 4 6 1 0 0 544555 0 15 16 16 13 2 6 2 3
0 0 0 0 1 1 6 0 6 1 2 0 6 -1 -1 -1 -1 -1 -1 545355 0 15 16 16 13 2 6 2 3
0 0 0 0 1 6 1 0 6 1 2 0 5 -1 -1 -1 -1 -1 -1 546121 0 15 16 16 13 2 6 2 3
0 0 0 0 1 6 1 0 6 1 2 0 5 -1 -1 -1 -1 -1 -1 546888 0 15 16 16 13 2 6 2 3
0 0 0 0 3 6 1 0 6 1 2 0 5 4 4 5 0 0 0 547654 0 15 16 16 13 2 5 2 3
0 0 0 0 1 6 1 0 6 1 2 0 5 -1 -1 -1 -1 -1 -1 548421 0 15 16 16 13 2 5 2 3
0 0 0 0 1 6 1 0 6 1 2 0 5 -1 -1 -1 -1 -1 -1 549187 0 15 16 16 13 2 5 2 3
0 0 0 0 1 6 1 0 6 1 2 0 5 -1 -1 -1 -1 -1 -1 549954 0 15 16 16 13 2 5 2 3
0 0 0 0 3 6 1 0 6 1 2 0 5 4 4 8 3 0 0 550720 0 15 16 16 13 2 4 2 3
0 0 0 0 1 6 1 0 6 1 2 0 5 -1 -1 -1 -1 -1 -1 551486 0 15 16 16 13 2 4 2 3
0 0 0 0 1 6 1 0 6 1 2 0 5 -1 -1 -1 -1 -1 -1 552253 0 15 16 16 13 2 4 2 3
0 0 0 0 1 6 1 0 6 1 2 0 5 -1 -1 -1 -1 -1 -1 553019 0 15 16 16 13 2 4 2 3
0 0 0 0 1 6 3 0 6 1 2 0 5 6 4 6 1 0 0 553786 0 15 16 16 13 2 6 2 3
0 0 0 0 1 6 1 0 6 1 2 0 5 -1 -1 -1 -1 -1 -1 554552 0 15 16 16 13 2 6 2 3
0 0 0 0 1 6 1 0 6 1 2 0 5 -1 -1 -1 -1 -1 -1 555352 0 15 16 16 13 2 6 2 3
0 0 0 0 1 6 1 0 6 1 2 0 5 -1 -1 -1 -1 -1 -1 556119 0 15 16 16 13 2 6 2 3
0 0 0 0 1 6 3 0 6 1 2 0 5 6 4 7 2 0 0 556885 0 15 16 16 13 2 8 0 3
0 0 0 0 1 6 1 0 6 1 2 0 5 -1 -1 -1 -1 -1 -1 557652 0 15 16 16 13 2 8 0 3
0 0 0 0 1 1 6 0 6 1 2 0 6 -1 -1 -1 -1 -1 -1 558418 0 15 16 16 13 2 8 0 3
0 0 0 0 1 1 6 0 6 1 2 0 6 -1 -1 -1 -1 -1 -1 559185 0 15 16 16 13 2 8 0 3
0 0 0 0 1 1 7 0 6 1 2 0 6 6 4 6 1 1 1 559951 0 15 16 16 13 2 4 2 3
0 0 0 0 1 1 6 0 6 1 2 0 6 -1 -1 -1 -1 -1 -1 560718 0 15 16 16 13 2 4 2 3
0 0 0 0 1 6 1 0 6 1 2 0 5 -1 -1 -1 -1 -1 -1 561484 0 15 16 16 13 2 4 2 3
0 0 0 0 1 6 1 0 6 1 2 0 5 -1 -1 -1 -1 -1 -1 562251 0 15 16 16 13 2 4 2 3
0 0 0 0 1 6 3 0 6 1 2 0 5 6 4 5 0 0 0 563017 0 15 16 16 13 2 4 2 3
0 0 0 0 1 6 1 0 6 1 2 0 5 -1 -1 -1 -1 -1 -1 563783 0 15 16 16 13 2 4 2 3
0 0 0 0 1 1 6 0 6 1 2 0 6 -1 -1 -1 -1 -1 -1 564550 0 15 16 16 13 2 4 2 3
0 0 0 0 1 1 6 0 6 1 2 0 6 -1 -1 -1 -1 -1 -1 565316 0 15 16 16 13 2 4 2 3
0 0 0 0 1 3 6 0 6 1 2 0 6 5 4 7 2 0 0 566116 0 15 16 16 13 2 4 2 3
0 0 0 0 1 1 6 0 6 1 2 0 6 -1 -1 -1 -1 -1 -1 566883 0 15 16 16 13 2 4 2 3
0 0 0 0 1 6 1 0 6 1 2 0 5 -1 -1 -1 -1 -1 -1 567649 0 15 16 16 13 2 4 2 3
0 0 0 0 1 6 1 0 6 1 2 0 5 -1 -1 -1 -1 -1 -1 568416 0 15 16 16 13 2 4 2 3
0 0 0 0 1 7 1 0 6 1 2 0 5 5 4 5 0 1 1 569182 0 15 16 16 13 2 6 2 3
0 0 0 0 1 1 6 0 6 1 2 0 6 -1 -1 -1 -1 -1 -1 569949 0 15 16 16 13 2 6 2 3
0 0 0 0 1 1 6 0 6 1 2 0 6 -1 -1 -1 -1 -1 -1 570715 0 15 16 16 13 2 6 2 3
0 0 0 0 1 1 6 0 6 1 2 0 6 -1 -1 -1 -1 -1 -1 571482 0 15 16 16 13 2 6 2 3
0 0 0 0 1 1 7 0 6 1 2 0 6 6 4 7 2 1 1 572248 0 15 16 16 13 2 5 2 3
0 0 0 0 1 6 1 0 6 1 2 0 5 -1 -1 -1 -1 -1 -1 573015 0 15 16 16 13 2 5 2 3
0 0 0 0 1 6 1 0 6 1 2 0 5 -1 -1 -1 -1 -1 -1 573781 0 15 16 16 13 2 5 2 3
0 0 0 0 1 6 1 0 6 1 2 0 5 -1 -1 -1 -1 -1 -1 574548 0 15 16 16 13 2 5 2 3
0 0 0 0 3 6 1 0 6 1 2 0 5 4 4 6 1 0 0 575314 0 15 16 16 13 2 4 2 3
0 0 0 0 1 6 1 0 6 1 2 0 5 -1 -1 -1 -1 -1 -1 576080 0 15 16 16 13 2 4 2 3
0 0 0 0 6 1 1 0 6 1 2 0 4 -1 -1 -1 -1 -1 -1 576880 0 15 16 16 13 2 4 2 3
0 0 0 0 6 1 1 0 6 1 2 0 4 -1 -1 -1 -1 -1 -1 577647 0 15 16 16 13 2 4 2 3
0 0 0 0 6 3 1 0 6 1 2 0 4 5 4 5 0 0 0 578413 0 15 16 16 13 2 6 2 3
0 0 0 0 6 1 1 0 6 1 2 0 4 -1 -1 -1 -1 -1 -1 579180 0 15 16 16 13 2 6 2 3
0 0 0 0 1 1 6 0 6 1 2 0 6 -1 -1 -1 -1 -1 -1 579946 0 15 16 16 13 2 6 2 3
0 0 0 0 1 1 6 0 6 1 2 0 6 -1 -1 -1 -1 -1 -1 580713 0 15 16 16 13 2 6 2 3
0 0 0 0 1 1 7 0 6 1 2 0 6 6 4 6 1 1 1 581479 0 15 16 16 13 2 8 0 3
0 0 0 0 1 1 6 0 6 1 2 0 6 -1 -1 -1 -1 -1 -1 582246 0 15 16 16 13 2 8 0 3
0 0 0 0 1 6 1 0 6 1 2 0 5 -1 -1 -1 -1 -1 -1 583012 0 15 16 16 13 2 8 0 3
0 0 0 0 1 6 1 0 6 1 2 0 5 -1 -1 -1 -1 -1 -1 583779 0 15 16 16 13 2 8 0 3
0 0 0 0 3 6 1 0 6 1 2 0 5 4 4 7 2 0 0 584545 0 15 16 16 13 2 4 2 3
0 0 0 0 1 6 1 0 6 1 2 0 5 -1 -1 -1 -1 -1 -1 585312 0 15 16 16 13 2 4 2 3
0 0 0 0 1 6 1 0 6 1 2 0 5 -1 -1 -1 -1 -1 -1 586078 0 15 16 16 13 2 4 2 3
0 0 0 0 1 6 1 0 6 1 2 0 5 -1 -1 -1 -1 -1 -1 586845 0 15 16 16 13 2 4 2 3
0 0 0 0 3 6 1 0 6 1 2 0 5 4 4 8 3 0 0 587644 0 15 16 16 13 2 4 2 3
0 0 0 0 1 6 1 0 6 1 2 0 5 -1 -1 -1 -1 -1 -1 588411 0 15 16 16 13 2 4 2 3
0 0 0 0 1 6 1 0 6 1 2 0 5 -1 -1 -1 -1 -1 -1 589177 0 15 16 16 13 2 4 2 3
0 0 0 0 1 6 1 0 6 1 2 0 5 -1 -1 -1 -1 -1 -1 589944 0 15 16 16 13 2 4 2 3
0 0 0 0 3 6 1 0 6 1 2 0 5 4 4 6 1 0 0 590710 0 15 16 16 13 2 4 2 3
0 0 0 0 1 6 1 0 6 1 2 0 5 -1 -1 -1 -1 -1 -1 591477 0 15 16 16 13 2 4 2 3
0 0 0 0 6 1 1 0 6 1 2 0 4 -1 -1 -1 -1 -1 -1 592243 0 15 16 16 13 2 4 2 3
0 0 0 0 6 1 1 0 6 1 2 0 4 -1 -1 -1 -1 -1 -1 593010 0 15 16 16 13 2 4 2 3
0 0 0 0 6 3 1 0 6 1 2 0 4 5 4 5 0 0 0 593776 0 15 16 16 13 2 6 2 3
0 0 0 0 6 1 1 0 6 1 2 0 4 -1 -1 -1 -1 -1 -1 594543 0 15 16 16 13 2 6 2 3
0 0 0 0 6 1 1 0 6 1 2 0 4 -1 -1 -1 -1 -1 -1 595309 0 15 16 16 13 2 6 2 3
0 0 0 0 1 6 1 0 6 1 2 0 5 -1 -1 -1 -1 -1 -1 596076 0 15 16 16 13 2 6 2 3
0 0 0 0 3 6 1 0 6 1 2 0 5 4 4 7 2 0 0 596842 0 15 16 16 13 2 5 2 3
0 0 0 0 1 6 1 0 6 1 2 0 5 -1 -1 -1 -1 -1 -1 597609 0 15 16 16 13 2 5 2 3
0 0 0 0 1 1 6 0 6 1 2 0 6 -1 -1 -1 -1 -1 -1 598408 0 15 16 16 13 2 5 2 3
0 0 0 0 1 1 6 0 6 1 2 0 6 -1 -1 -1 -1 -1 -1 599175 0 15 16 16 13 2 5 2 3
0 0 0 0 1 3 6 0 6 1 2 0 6 5 4 8 3 0 0 599941 0 15 16 16 13 2 4 2 3
0 0 0 0 1 1 6 0 6 1 2 0 6 -1 -1 -1 -1 -1 -1 600708 0 15 16 16 13 2 4 2 3
0 0 0 0 1 6 1 0 6 1 2 0 5 -1 -1 -1 -1 -1 -1 601474 0 15 16 16 13 2 4 2 3
0 0 0 0 1 6 1 0 6 1 2 0 5 -1 -1 -1 -1 -1 -1 602241 0 15 16 16 13 2 4 2 3
0 0 0 0 1 7 1 0 6 1 2 0 5 5 4 7 2 1 1 603007 0 15 16 16 13 2 6 2 3
0 0 0 0 1 6 1 0 6 1 2 0 5 -1 -1 -1 -1 -1 -1 536157 0 15 16 16 60 2 8 0 3
0 0 0 0 1 6 1 0 6 1 2 0 5 -1 -1 -1 -1 -1 -1 536324 0 15 16 16 60 2 8 0 3
0 0 0 0 1 6 1 0 6 1 2 0 5 -1 -1 -1 -1 -1 -1 536490 0 15 16 16 60 2 4 2 3
0 0 0 0 1 6 1 0 6 1 2 0 5 -1 -1 -1 -1 -1 -1 536657 0 15 16 16 50.6 2 4 2 3
0 0 0 0 1 6 1 0 6 1 2 0 5 -1 -1 -1 -1 -1 -1 536923 0 15 16 16 25.5333 2 4 2 3
0 0 0 0 1 6 1 0 6 1 2 0 5 -1 -1 -1 -1 -1 -1 537657 0 15 16 16 13 2 4 2 3
0 0 0 0 1 6 1 0 6 1 2 0 5 -1 -1 -1 -1 -1 -1 538423 0 15 16 16 13 2 4 2 3
0 0 0 0 1 6 1 0 6 1 2 0 5 -1 -1 -1 -1 -1 -1 539189 0 15 16 16 13 2 4 2 3
0 0 0 0 1 6 1 0 6 1 2 0 5 -1 -1 -1 -1 -1 -1 539956 0 15 16 16 13 2 4 2 3
0 0 0 0 1 6 1 0 6 1 2 0 5 -1 -1 -1 -1 -1 -1 540722 0 15 16 16 13 2 4 2 3
0 0 0 0 3 6 1 0 6 1 2 0 5 4 4 7 2 0 0 541489 0 15 16 16 13 2 4 2 3
0 0 0 0 1 6 1 0 6 1 2 0 5 -1 -1 -1 -1 -1 -1 542255 0 15 16 16 13 2 4 2 3
0 0 0 0 1 1 6 0 6 1 2 0 6 -1 -1 -1 -1 -1 -1 543022 0 15 16 16 13 2 4 2 3
0 0 0 0 1 1 6 0 6 1 2 0 6 -1 -1 -1 -1 -1 -1 543788 0 15 16 16 13 2 4 2 3
0 0 0 0 1 3 6 0 6 1 2 0 6 5 4 6 1 0 0 544555 0 15 16 16 13 2 6 2 3
0 0 0 0 1 1 6 0 6 1 2 0 6 -1 -1 -1 -1 -1 -1 545355 0 15 16 16 13 2 6 2 3
0 0 0 0 1 6 1 0 6 1 2 0 5 -1 -1 -1 -1 -1 -1 546121 0 15 16 16 13 2 6 2 3
0 0 0 0 1 6 1 0 6 1 2 0 5 -1 -1 -1 -1 -1 -1 546888 0 15 16 16 13 2 6 2 3
0 0 0 0 3 6 1 0 6 1 2 0 5 4 4 5 0 0 0 547654 0 15 16 16 13 2 5 2 3
0 0 0 0 1 6 1 0 6 1 2 0 5 -1 -1 -1 -1 -1 -1 548421 0 15 16 16 13 2 5 2 3
0 0 0 0 1 6 1 0 6 1 2 0 5 -1 -1 -1 -1 -1 -1 549187 0 15 16 16 13 2 5 2 3
0 0 0 0 1 6 1 0 6 1 2 0 5 -1 -1 -1 -1 -1 -1 549954 0 15 16 16 13 2 5 2 3
0 0 0 0 3 6 1 0 6 1 2 0 5 4 4 8 3 0 0 550720 0 15 16 16 13 2 4 2 3
0 0 0 0 1 6 1 0 6 1 2 0 5 -1 -1 -1 -1 -1 -1 551486 0 15 16 16 13 2 4 2 3
0 0 0 0 1 6 1 0 6 1 2 0 5 -1 -1 -1 -1 -1 -1 552253 0 15 16 16 13 2 4 2 3
0 0 0 0 1 6 1 0 6 1 2 0 5 -1 -1 -1 -1 -1 -1 553019 0 15 16 16 13 2 4 2 3
0 0 0 0 1 6 3 0 6 1 2 0 5 6 4 6 1 0 0 553786 0 15 16 16 13 2 6 2 3
0 0 0 0 1 6 1 0 6 1 2 0 5 -1 -1 -1 -1 -1 -1 554552 0 15 16 16 13 2 6 2 3
0 0 0 0 1 6 1 0 6 1 2 0 5 -1 -1 -1 -1 -1 -1 555352 0 15 16 16 13 2 6 2 3
0 0 0 0 1 6 1 0 6 1 2 0 5 -1 -1 -1 -1 -1 -1 556119 0 15 16 16 13 2 6 2 3
0 0 0 0 1 6 3 0 6 1 2 0 5 6 4 7 2 0 0 556885 0 15 16 16 13 2 8 0 3
0 0 0 0 1 6 1 0 6 1 2 0 5 -1 -1 -1 -1 -1 -1 557652 0 15 16 16 13 2 8 0 3
0 0 0 0 1 1 6 0 6 1 2 0 6 -1 -1 -1 -1 -1 -1 558418 0 15 16 16 13 2 8 0 3
0 0 0 0 1 1 6 0 6 1 2 0 6 -1 -1 -1 -1 -1 -1 559185 0 15 16 16 13 2 8 0 3
0 0 0 0 1 1 7 0 6 1 2 0 6 6 4 6 1 1 1 559951 0 15 16 16 13 2 4 2 3
0 0 0 0 1 1 6 0 6 1 2 0 6 -1 -1 -1 -1 -1 -1 560718 0 15 16 16 13 2 4 2 3
0 0 0 0 1 6 1 0 6 1 2 0 5 -1 -1 -1 -1 -1 -1 561484 0 15 16 16 13 2 4 2 3
0 0 0 0 1 6 1 0 6 1 2 0 5 -1 -1 -1 -1 -1 -1 562251 0 15 16 16 13 2 4 2 3
0 0 0 0 1 6 3 0 6 1 2 0 5 6 4 5 0 0 0 563017 0 15 16 16 13 2 4 2 3
0 0 0 0 1 6 1 0 6 1 2 0 5 -1 -1 -1 -1 -1 -1 563783 0 15 16 16 13 2 4 2 3
0 0 0 0 1 1 6 0 6 1 2 0 6 -1 -1 -1 -1 -1 -1 564550 0 15 16 16 13 2 4 2 3
0 0 0 0 1 1 6 0 6 1 2 0 6 -1 -1 -1 -1 -1 -1 565316 0 15 16 16 13 2 4 2 3
0 0 0 0 1 3 6 0 6 1 2 0 6 5 4 7 2 0 0 566116 0 15 16 16 13 2 4 2 3
0 0 0 0 1 1 6 0 6 1 2 0 6 -1 -1 -1 -1 -1 -1 566883 0 15 16 16 13 2 4 2 3
0 0 0 0 1 6 1 0 6 1 2 0 5 -1 -1 -1 -1 -1 -1 567649 0 15 16 16 13 2 4 2 3
0 0 0 0 1 6 1 0 6 1 2 0 5 -1 -1 -1 -1 -1 -1 568416 0 15 16 16 13 2 4 2 3
0 0 0 0 1 7 1 0 6 1 2 0 5 5 4 5 0 1 1 569182 0 15 16 16 13 2 6 2 3
0 0 0 0 1 1 6 0 6 1 2 0 6 -1 -1 -1 -1 -1 -1 569949 0 15 16 16 13 2 6 2 3
0 0 0 0 1 1 6 0 6 1 2 0 6 -1 -1 -1 -1 -1 -1 570715 0 15 16 16 13 2 6 2 3
0 0 0 0 1 1 6 0 6 1 2 0 6 -1 -1 -1 -1 -1 -1 571482 0 15 16 16 13 2 6 2 3
0 0 0 0 1 1 7 0 6 1 2 0 6 6 4 7 2 1 1 572248 0 15 16 16 13 2 5 2 3
0 0 0 0 1 6 1 0 6 1 2 0 5 -1 -1 -1 -1 -1 -1 573015 0 15 16 16 13 2 5 2 3
0 0 0 0 1 6 1 0 6 1 2 0 5 -1 -1 -1 -1 -1 -1 573781 0 15 16 16 13 2 5 2 3
0 0 0 0 1 6 1 0 6 1 2 0 5 -1 -1 -1 -1 -1 -1 574548 0 15 16 16 13 2 5 2 3
0 0 0 0 3 6 1 0 6 1 2 0 5 4 4 6 1 0 0 575314 0 15 16 16 13 2 4 2 3
0 0 0 0 1 6 1 0 6 1 2 0 5 -1 -1 -1 -1 -1 -1 576080 0 15 16 16 13 2 4 2 3
0 0 0 0 6 1 1 0 6 1 2 0 4 -1 -1 -1 -1 -1 -1 576880 0 15 16 16 13 2 4 2 3
0 0 0 0 6 1 1 0 6 1 2 0 4 -1 -1 -1 -1 -1 -1 577647 0 15 16 16 13 2 4 2 3
0 0 0 0 6 3 1 0 6 1 2 0 4 5 4 5 0 0 0 578413 0 15 16 16 13 2 6 2 3
0 0 0 0 6 1 1 0 6 1 2 0 4 -1 -1 -1 -1 -1 -1 579180 0 15 16 16 13 2 6 2 3
0 0 0 0 1 1 6 0 6 1 2 0 6 -1 -1 -1 -1 -1 -1 579946 0 15 16 16 13 2 6 2 3
0 0 0 0 1 1 6 0 6 1 2 0 6 -1 -1 -1 -1 -1 -1 580713 0 15 16 16 13 2 6 2 3
0 0 0 0 1 1 7 0 6 1 2 0 6 6 4 6 1 1 1 581479 0 15 16 16 13 2 8 0 3
0 0 0 0 1 1 6 0 6 1 2 0 6 -1 -1 -1 -1 -1 -1 582246 0 15 16 16 13 2 8 0 3
0 0 0 0 1 6 1 0 6 1 2 0 5 -1 -1 -1 -1 -1 -1 583012 0 15 16 16 13 2 8 0 3
0 0 0 0 1 6 1 0 6 1 2 0 5 -1 -1 -1 -1 -1 -1 583779 0 15 16 16 13 2 8 0 3
0 0 0 0 3 6 1 0 6 1 2 0 5 4 4 7 2 0 0 584545 0 15 16 16 13 2 4 2 3
0 0 0 0 1 6 1 0 6 1 2 0 5 -1 -1 -1 -1 -1 -1 585312 0 15 16 16 13 2 4 2 3
0 0 0 0 1 6 1 0 6 1 2 0 5 -1 -1 -1 -1 -1 -1 586078 0 15 16 16 13 2 4 2 3
0 0 0 0 1 6 1 0 6 1 2 0 5 -1 -1 -1 -1 -1 -1 586845 0 15 16 16 13 2 4 2 3
0 0 0 0 3 6 1 0 6 1 2 0 5 4 4 8 3 0 0 587644 0 15 16 16 13 2 4 2 3
0 0 0 0 1 6 1 0 6 1 2 0 5 -1 -1 -1 -1 -1 -1 588411 0 15 16 16 13 2 4 2 3
0 0 0 0 1 6 1 0 6 1 2 0 5 -1 -1 -1 -1 -1 -1 589177 0 15 16 16 13 2 4 2 3
0 0 0 0 1 6 1 0 6 1 2 0 5 -1 -1 -1 -1 -1 -1 589944 0 15 16 16 13 2 4 2 3
0 0 0 0 3 6 1 0 6 1 2 0 5 4 4 6 1 0 0 590710 0 15 16 16 13 2 4 2 3
0 0 0 0 1 6 1 0 6 1 2 0 5 -1 -1 -1 -1 -1 -1 591477 0 15 16 16 13 2 4 2 3
0 0 0 0 6 1 1 0 6 1 2 0 4 -1 -1 -1 -1 -1 -1 592243 0 15 16 16 13 2 4 2 3
0 0 0 0 6 1 1 0 6 1 2 0 4 -1 -1 -1 -1 -1 -1 593010 0 15 16 16 13 2 4 2 3
0 0 0 0 6 3 1 0 6 1 2 0 4 5 4 5 0 0 0 593776 0 15 16 16 13 2 6 2 3
0 0 0 0 6 1 1 0 6 1 2 0 4 -1 -1 -1 -1 -1 -1 594543 0 15 16 16 13 2 6 2 3
0 0 0 0 6 1 1 0 6 1 2 0 4 -1 -1 -1 -1 -1 -1 595309 0 15 16 16 13 2 6 2 3
0 0 0 0 1 6 1 0 6 1 2 0 5 -1 -1 -1 -1 -1 -1 596076 0 15 16 16 13 2 6 2 3
0 0 0 0 3 6 1 0 6 1 2 0 5 4 4 7 2 0 0 596842 0 15 16 16 13 2 5 2 3
0 0 0 0 1 6 1 0 6 1 2 0 5 -1 -1 -1 -1 -1 -1 597609 0 15 16 16 13 2 5 2 3
0 0 0 0 1 1 6 0 6 1 2 0 6 -1 -1 -1 -1 -1 -1 598408 0 15 16 16 13 2 5 2 3
0 0 0 0 1 1 6 0 6 1 2 0 6 -1 -1 -1 -1 -1 -1 599175 0 15 16 16 13 2 5 2 3
0 0 0 0 1 3 6 0 6 1 2 0 6 5 4 8 3 0 0 599941 0 15 16 16 13 2 4 2 3
0 0 0 0 1 1 6 0 6 1 2 0 6 -1 -1 -1 -1 -1 -1 600708 0 15 16 16 13 2 4 2 3
0 0 0 0 1 6 1 0 6 1 2 0 5 -1 -1 -1 -1 -1 -1 601474 0 15 16 16 13 2 4 2 3
0 0 0 0 1 6 1 0 6 1 2 0 5 -1 -1 -1 -1 -1 -1 602241 0 15 16 16 13 2 4 2 3
0 0 0 0 1 7 1 0 6 1 2 0 5 5 4 7 2 1 1 603007 0 15 16 16 13 2 6 2 3
