% Tunnel Log: 
% Recall Log Version 2.0 debug seed: 1445541046
%
% SegEncNW { '0'=no panel, '1'=empty panel, '2'=player, '3'=match, '4'=nonmatch, '5'=obstacle, '6'=time warp }
% SegEncN
% SegEncNE
% SegEncE
% SegEncSE
% SegEncS
% SegEncSW
% SegEncW
% Event Number { 0, inf }
% Level Number { 0, inf }
% Task Type { 0=Recess, 1=Color/Sound, 2=Shape/Sound, 3=Sound, 4=AllFeatures }
% N-Back { 0, inf }
% Player Roll Base { 0, 359 }
% Player Roll Offset { 0, 359 }
% Player Roll Speed { -inf, inf }
% Player Fuel Timer { -inf, inf }
% Player Fuel Buffer { -inf, inf }
% Player Loc { 0=Northwest ... 7=West }
% Pod Loc { -1=N/A, 0=Northwest ... 7=West }
% Pod Color { -1=N/A, 0-3, 4=holdout, 5/6=special }
% Pod Shape { -1=N/A, 0-3, 4=holdout }
% Pod Sound { -1=N/A, 0-3, 4=holdout }
% Pod Match { -1=N/A, 0=No, 1=Yes }
% Pod Taken { -1=N/A, 0=No, 1=Yes }
% Pod Zapped { -1=N/A, 0=No, 1=Yes }
% Timestamp (ms)
% Num Obstacles { 0, inf }
% Level Ended { 0, 1 }
% Min Speed { 0, inf }
% Max Speed { 0, inf }
% Base Speed { 0, inf }
% Final Speed { 0, inf }
% Segment Direction { 0=Northwest ... 7=West }
% Segment Angle { 0, inf }
% Segment Panels { 0, inf }
%
% SegEncNW SecEncN SegEncNE SegEncE SegEncSE SegEncS SegEncSW SegEncW EventNumber LevelNumber TaskType N-Back PlayerRollBase PlayerRollOffset PlayerRollSpeed PlayerFuelTimer PlayerFuelBuffer PlayerLoc PodLoc PodColor PodShape PodSound PodMatch PodTaken PodZapped Timestamp NumObs LevelEnded MinSpeed MaxSpeed BaseSpeed FinalSpeed SegmentDir SegmentAngle SegmentPanels
0 0 0 0 1 2 1 0 24 0 4 2 0 0 16 29.8733 0 5 -1 -1 -1 -1 -1 -1 -1 1658183 0 0 10 40 19 60 6 1 3
0 0 0 0 1 2 1 0 24 0 4 2 5 0 9 29.6622 0 5 -1 -1 -1 -1 -1 -1 -1 1658350 0 0 10 40 19 60 6 1 3
0 0 0 0 1 2 1 0 24 0 4 2 5 0 8 29.4511 0 5 -1 -1 -1 -1 -1 -1 -1 1658516 0 0 10 40 19 55.9911 6 1 3
0 0 0 0 1 2 1 0 24 0 4 2 5 0 17 29.1555 0 5 -1 -1 -1 -1 -1 -1 -1 1658749 0 0 10 40 19 31.7556 6 1 3
0 0 0 0 1 2 1 0 24 0 4 2 356 0 24 28.5222 0 5 -1 -1 -1 -1 -1 -1 -1 1659249 0 0 10 40 19 19 0 1 3
0 0 0 0 1 2 1 0 24 0 4 2 347 0 3 27.8889 0 5 -1 -1 -1 -1 -1 -1 -1 1659749 0 0 10 40 19 19 0 1 3
0 0 0 0 1 2 1 0 24 0 4 2 346 0 0 27.2133 0 5 -1 -1 -1 -1 -1 -1 -1 1660282 0 0 10 40 19 19 0 1 3
0 0 0 0 1 2 1 0 24 0 4 2 348 0 1 26.5377 0 5 -1 -1 -1 -1 -1 -1 -1 1660816 0 0 10 40 19 19 0 1 3
0 0 0 0 1 2 1 0 24 0 4 2 335 1 36 25.8621 0 5 -1 -1 -1 -1 -1 -1 -1 1661349 0 0 10 40 19 19 0 1 3
0 0 0 0 2 1 1 0 24 0 4 2 316 1 33 25.1866 0 4 -1 -1 -1 -1 -1 -1 -1 1661882 0 0 10 40 19 19 0 1 3
0 0 0 0 4 1 1 0 24 0 4 2 317 0 19 24.5532 0 4 4 1 0 0 0 1 0 1662382 0 0 10 40 19 19 0 1 3
0 0 0 0 2 1 1 0 24 0 4 2 333 0 22 28.8777 0 4 -1 -1 -1 -1 -1 -1 -1 1662915 0 0 10 40 19 19 0 1 3
0 0 0 0 2 1 1 0 24 0 4 2 325 1 41 28.2021 0 4 -1 -1 -1 -1 -1 -1 -1 1663448 0 0 10 40 19 19 0 3 3
0 0 0 0 2 1 1 0 24 0 4 2 315 1 38 27.5265 0 4 -1 -1 -1 -1 -1 -1 -1 1663981 0 0 10 40 19 19 0 3 3
0 0 0 0 4 1 1 0 24 0 4 2 318 -1 31 26.8932 0 4 4 2 2 2 0 1 0 1664481 0 0 10 40 19 19 0 3 3
0 0 0 0 2 1 1 0 24 0 4 2 339 -1 41 29.4511 0 4 -1 -1 -1 -1 -1 -1 -1 1665015 0 0 10 40 19 19 0 3 3
0 0 0 0 1 2 1 0 24 0 4 2 352 0 21 28.7755 0 5 -1 -1 -1 -1 -1 -1 -1 1665548 0 0 10 40 19 19 8 0 3
0 0 0 0 1 2 1 0 24 0 4 2 0 0 10 28.1 0 5 -1 -1 -1 -1 -1 -1 -1 1666081 0 0 10 40 19 19 6 1 3
0 0 0 0 1 4 1 0 24 0 4 2 358 1 40 27.4244 0 5 5 3 3 3 0 1 0 1666614 0 0 10 40 19 19 6 1 3
0 0 0 0 1 2 1 0 24 0 4 2 337 0 27 29.4933 0 5 -1 -1 -1 -1 -1 -1 -1 1667114 0 0 10 40 19 19 6 1 3
0 0 0 0 1 2 1 0 24 0 4 2 347 -1 47 28.8178 2.667 5 -1 -1 -1 -1 -1 -1 -1 1667647 0 0 10 40 19.5 19 6 1 3
0 0 0 0 1 2 1 0 24 0 4 2 7 0 15 28.8178 1.97367 5 -1 -1 -1 -1 -1 -1 -1 1668180 0 0 10 40 19.5 19.5 0 1 3
0 0 0 0 1 2 3 0 24 0 4 2 3 0 29 28.8178 1.32367 5 6 2 2 2 1 1 1 1668680 0 0 10 40 19.5 19.5 0 1 3
0 0 0 0 1 2 1 0 24 0 4 2 349 0 21 28.8178 0.673668 5 -1 -1 -1 -1 -1 -1 -1 1669180 0 0 10 40 19.5 19.5 0 1 3
0 0 0 0 1 2 1 0 24 0 4 2 3 -1 50 28.8178 -0.0196652 5 -1 -1 -1 -1 -1 -1 -1 1669713 0 0 10 40 19.5 19.5 0 1 3
0 0 0 0 1 1 2 0 24 0 4 2 33 -1 53 28.1874 0 6 -1 -1 -1 -1 -1 -1 -1 1670213 0 0 10 40 19.5 19.5 0 1 3
0 0 0 0 1 1 4 0 24 0 4 2 40 0 29 27.4941 0 6 6 1 0 0 0 1 0 1670747 0 0 10 40 19.5 19.5 0 1 3
0 0 0 0 1 1 2 0 24 0 4 2 22 1 36 29.48 0 6 -1 -1 -1 -1 -1 -1 -1 1671246 0 0 10 40 19.5 19.5 0 1 3
0 0 0 0 1 2 1 0 24 0 4 2 10 0 29 28.83 0 5 -1 -1 -1 -1 -1 -1 -1 1671746 0 0 10 40 19.5 19.5 0 1 3
0 0 0 0 1 2 1 0 24 0 4 2 356 0 20 28.1367 0 5 -1 -1 -1 -1 -1 -1 -1 1672279 0 0 10 40 19.5 19.5 0 3 3
0 0 0 0 1 4 1 0 24 0 4 2 355 0 26 27.4867 0 5 5 0 1 1 0 1 0 1672779 0 0 10 40 19.5 19.5 0 3 3
0 0 0 0 1 2 1 0 24 0 4 2 12 0 20 29.48 0 5 -1 -1 -1 -1 -1 -1 -1 1673279 0 0 10 40 19.5 19.5 0 3 3
0 0 0 0 1 2 1 0 24 0 4 2 14 0 5 28.83 2.62256 5 -1 -1 -1 -1 -1 -1 -1 1673812 0 0 10 40 20 20 0 3 3
0 0 0 0 1 2 1 0 24 0 4 2 4 1 32 28.83 1.95589 5 -1 -1 -1 -1 -1 -1 -1 1674312 0 0 10 40 20 20 8 0 3
0 0 0 0 1 3 1 0 24 0 4 2 352 0 11 28.83 1.28922 5 5 1 0 0 1 1 1 1674812 0 0 10 40 20 20 6 1 3
0 0 0 0 1 2 1 0 24 0 4 2 357 0 21 28.83 0.622554 5 -1 -1 -1 -1 -1 -1 -1 1675312 0 0 10 40 20 20 6 1 3
0 0 0 0 1 2 1 0 24 0 4 2 14 -1 40 28.83 -0.0441127 5 -1 -1 -1 -1 -1 -1 -1 1675812 0 0 10 40 20 20 6 1 3
0 0 0 0 1 1 2 0 24 0 4 2 31 0 26 28.6519 2.21144 6 -1 -1 -1 -1 -1 -1 -1 1676312 0 0 10 40 20.5 20.5 6 1 3
0 0 0 0 1 1 3 0 24 0 4 2 31 0 18 28.6519 1.57367 6 6 0 1 1 1 1 1 1676778 0 0 10 40 20.5 20.5 0 1 3
0 0 0 0 1 2 1 0 24 0 4 2 16 0 25 28.6519 0.890332 5 -1 -1 -1 -1 -1 -1 -1 1677278 0 0 10 40 20.5 20.5 0 1 3
0 0 0 0 1 2 1 0 24 0 4 2 7 0 17 28.6519 0.252555 5 -1 -1 -1 -1 -1 -1 -1 1677745 0 0 10 40 20.5 20.5 0 1 3
0 0 0 0 1 2 1 0 24 0 4 2 356 0 22 28.2627 0 5 -1 -1 -1 -1 -1 -1 -1 1678245 0 0 10 40 20.5 20.5 0 1 3
0 0 0 0 1 4 1 0 24 0 4 2 354 0 3 27.5794 0 5 5 2 2 2 0 1 0 1678745 0 0 10 40 20.5 20.5 0 1 3
0 0 0 0 1 2 1 0 24 0 4 2 2 0 24 29.4989 0 5 -1 -1 -1 -1 -1 -1 -1 1679211 0 0 10 40 20.5 20.5 0 1 3
0 0 0 0 1 2 1 0 24 0 4 2 16 -1 30 28.8156 0 5 -1 -1 -1 -1 -1 -1 -1 1679711 0 0 10 40 20.5 20.5 0 1 3
0 0 0 0 1 1 2 0 24 0 4 2 31 0 22 28.1322 0 6 -1 -1 -1 -1 -1 -1 -1 1680211 0 0 10 40 20.5 20.5 0 1 3
0 0 0 0 1 1 4 0 24 0 4 2 38 0 2 27.4945 0 6 6 3 3 3 0 1 0 1680677 0 0 10 40 20.5 20.5 0 3 3
0 0 0 0 1 1 2 0 24 0 4 2 28 0 22 29.4533 0 6 -1 -1 -1 -1 -1 -1 -1 1681177 0 0 10 40 20.5 20.5 0 3 3
0 0 0 0 1 2 1 0 24 0 4 2 16 0 25 28.8156 0 5 -1 -1 -1 -1 -1 -1 -1 1681644 0 0 10 40 20.5 20.5 0 3 3
0 0 0 0 1 2 1 0 24 0 4 2 2 0 22 28.1322 0 5 -1 -1 -1 -1 -1 -1 -1 1682144 0 0 10 40 20.5 20.5 0 3 3
0 0 0 0 1 4 1 0 24 0 4 2 353 0 6 27.4489 0 5 5 1 0 0 0 1 0 1682644 0 0 10 40 20.5 20.5 8 0 3
0 0 0 0 1 2 1 0 24 0 4 2 0 0 22 29.4989 0 5 -1 -1 -1 -1 -1 -1 -1 1683110 0 0 10 40 20.5 20.5 6 1 3
0 0 0 0 1 2 1 0 24 0 4 2 8 0 11 28.8611 2.62089 5 -1 -1 -1 -1 -1 -1 -1 1683610 0 0 10 40 20.75 20.75 6 1 3
0 0 0 0 1 2 1 0 24 0 4 2 1 0 25 28.8611 1.97533 5 -1 -1 -1 -1 -1 -1 -1 1684077 0 0 10 40 20.75 20.75 6 1 3
0 0 0 0 1 3 1 0 24 0 4 2 350 0 11 28.8611 1.28367 5 5 3 3 3 1 1 1 1684576 0 0 10 40 20.75 20.75 6 1 3
0 0 0 0 1 2 1 0 24 0 4 2 352 0 17 28.8611 0.638111 5 -1 -1 -1 -1 -1 -1 -1 1685043 0 0 10 40 20.75 20.75 0 1 3
0 0 0 0 1 2 1 0 24 0 4 2 353 1 33 28.8225 0 5 -1 -1 -1 -1 -1 -1 -1 1685543 0 0 10 40 20.75 20.75 0 1 3
0 0 0 0 1 2 1 0 24 0 4 2 334 2 66 28.1769 0 5 -1 -1 -1 -1 -1 -1 -1 1686009 0 0 10 40 20.75 20.75 0 1 3
0 0 0 0 4 1 1 0 24 0 4 2 315 0 20 27.4852 0 4 4 0 4 1 0 1 0 1686509 0 0 10 40 20.75 20.75 0 1 3
0 0 0 0 2 1 1 0 24 0 4 2 319 0 16 29.4928 0 4 -1 -1 -1 -1 -1 -1 -1 1686976 0 0 10 40 20.75 20.75 0 1 3
0 0 0 0 2 1 1 0 24 0 4 2 333 -1 36 28.8011 0 4 -1 -1 -1 -1 -1 -1 -1 1687476 0 0 10 40 20.75 20.75 0 1 3
0 0 0 0 1 2 1 0 24 0 4 2 348 -1 38 28.1555 0 5 -1 -1 -1 -1 -1 -1 -1 1687942 0 0 10 40 20.75 20.75 0 1 3
0 0 0 0 1 4 1 0 24 0 4 2 357 0 3 27.4638 0 5 5 1 0 0 0 1 0 1688442 0 0 10 40 20.75 20.75 0 1 3
0 0 0 0 1 2 1 0 24 0 4 2 347 1 36 29.4928 0 5 -1 -1 -1 -1 -1 -1 -1 1688909 0 0 10 40 20.75 20.75 0 3 3
0 0 0 0 1 2 1 0 24 0 4 2 338 0 9 28.8472 0 5 -1 -1 -1 -1 -1 -1 -1 1689375 0 0 10 40 20.75 20.75 0 3 3
0 0 0 0 1 2 1 0 24 0 4 2 344 0 12 28.1778 0 5 -1 -1 -1 -1 -1 -1 -1 1689875 0 0 10 40 19.75 19.75 0 3 3
0 0 0 0 1 4 1 0 24 0 4 2 353 0 18 27.4755 0 5 5 3 3 3 0 1 1 1690408 0 0 10 40 19.75 19.75 0 3 3
0 0 0 0 1 2 1 0 24 0 4 2 354 0 6 26.8172 0 5 -1 -1 -1 -1 -1 -1 -1 1690908 0 0 10 40 19.75 19.75 8 0 3
0 0 0 0 1 2 1 0 24 0 4 2 341 0 26 26.4222 2.397 5 -1 -1 -1 -1 -1 -1 -1 1691408 0 0 10 40 20.25 20.25 6 1 3
0 0 0 0 2 1 1 0 24 0 4 2 331 0 14 26.4222 1.722 4 -1 -1 -1 -1 -1 -1 -1 1691908 0 0 10 40 20.25 20.25 6 1 3
0 0 0 0 3 1 1 0 24 0 4 2 330 0 1 26.4222 1.092 4 4 1 4 0 1 1 1 1692375 0 0 10 40 20.25 20.25 6 1 3
0 0 0 0 2 1 1 0 24 0 4 2 334 0 14 26.4222 0.417 4 -1 -1 -1 -1 -1 -1 -1 1692874 0 0 10 40 20.25 20.25 6 1 3
0 0 0 0 1 2 1 0 24 0 4 2 337 0 18 26.2302 0 5 -1 -1 -1 -1 -1 -1 -1 1693374 0 0 10 40 20.25 20.25 0 1 3
0 0 0 0 2 1 1 0 24 0 4 2 327 0 13 25.5552 0 4 -1 -1 -1 -1 -1 -1 -1 1693874 0 0 10 40 20.25 20.25 0 1 3
0 0 0 0 4 1 1 0 24 0 4 2 315 0 12 24.8802 0 4 4 0 1 1 0 1 0 1694374 0 0 10 40 20.25 20.25 0 1 3
0 0 0 0 2 1 1 0 24 0 4 2 318 0 19 29.2052 0 4 -1 -1 -1 -1 -1 -1 -1 1694874 0 0 10 40 20.25 20.25 0 1 3
0 0 0 0 2 1 1 0 24 0 4 2 322 0 6 28.5752 0 4 -1 -1 -1 -1 -1 -1 -1 1695341 0 0 10 40 20.25 20.25 0 1 3
0 0 0 0 2 1 1 0 24 0 4 2 320 0 2 28.3052 2.257 4 -1 -1 -1 -1 -1 -1 -1 1695840 0 0 10 40 20.5 20.5 0 1 3
0 0 0 0 3 1 1 0 24 0 4 2 319 0 4 28.3052 1.57367 4 4 4 0 0 1 1 1 1696340 0 0 10 40 20.5 20.5 0 1 3
0 0 0 0 2 1 1 0 24 0 4 2 327 0 24 28.3052 0.935888 4 -1 -1 -1 -1 -1 -1 -1 1696807 0 0 10 40 20.5 20.5 0 1 3
0 0 0 0 1 2 1 0 24 0 4 2 340 0 18 28.3052 0.252555 5 -1 -1 -1 -1 -1 -1 -1 1697307 0 0 10 40 20.5 20.5 0 3 3
0 0 0 0 1 2 1 0 24 0 4 2 349 0 20 28.3052 2.20589 5 -1 -1 -1 -1 -1 -1 -1 1697773 0 0 10 40 20.75 20.75 0 3 3
0 0 0 0 1 3 1 0 24 0 4 2 355 0 4 28.3052 1.51422 5 5 0 1 1 1 1 1 1698273 0 0 10 40 20.75 20.75 0 3 3
0 0 0 0 1 2 1 0 24 0 4 2 349 0 10 28.3052 0.868667 5 -1 -1 -1 -1 -1 -1 -1 1698740 0 0 10 40 20.75 20.75 0 3 3
0 0 0 0 1 2 1 0 24 0 4 2 342 0 10 28.3052 0.177 5 -1 -1 -1 -1 -1 -1 -1 1699240 0 0 10 40 20.75 20.75 8 0 3
0 0 0 0 2 1 1 0 24 0 4 2 333 0 23 27.8516 0 4 -1 -1 -1 -1 -1 -1 -1 1699706 0 0 10 40 20.75 20.75 6 1 3
0 0 0 0 4 1 1 0 24 0 4 2 321 0 24 27.1599 0 4 4 2 2 2 0 1 0 1700206 0 0 10 40 20.75 20.75 6 1 3
0 0 0 0 2 1 1 0 24 0 4 2 318 0 5 29.4928 0 4 -1 -1 -1 -1 -1 -1 -1 1700673 0 0 10 40 20.75 20.75 6 1 3
0 0 0 0 2 1 1 0 24 0 4 2 324 0 25 28.8011 0 4 -1 -1 -1 -1 -1 -1 -1 1701172 0 0 10 40 20.75 20.75 6 1 3
0 0 0 0 1 2 1 0 24 0 4 2 341 -1 39 28.1555 0 5 -1 -1 -1 -1 -1 -1 -1 1701639 0 0 10 40 20.75 20.75 0 1 3
0 0 0 0 1 4 1 0 24 0 4 2 359 0 29 27.4638 0 5 5 3 4 4 0 1 0 1702139 0 0 10 40 20.75 20.75 0 1 3
0 0 0 0 1 2 1 0 24 0 4 2 9 0 19 29.4928 0 5 -1 -1 -1 -1 -1 -1 -1 1702605 0 0 10 40 20.75 20.75 0 1 3
0 0 0 0 1 2 1 0 24 0 4 2 19 0 25 28.8472 0 5 -1 -1 -1 -1 -1 -1 -1 1703072 0 0 10 40 20.75 20.75 0 1 3
0 0 0 0 1 1 2 0 24 0 4 2 30 0 13 28.1711 0 6 -1 -1 -1 -1 -1 -1 -1 1703572 0 0 10 40 19.75 19.75 0 1 3
0 0 0 0 1 1 4 0 24 0 4 2 37 0 2 27.5128 0 6 6 0 1 1 0 1 1 1704072 0 0 10 40 19.75 19.75 0 1 3
0 0 0 0 1 1 2 0 24 0 4 2 30 0 19 26.8106 0 6 -1 -1 -1 -1 -1 -1 -1 1704605 0 0 10 40 19.75 19.75 0 1 3
0 0 0 0 1 1 2 0 24 0 4 2 27 0 4 26.1522 0 6 -1 -1 -1 -1 -1 -1 -1 1705105 0 0 10 40 19.75 19.75 0 1 3
0 0 0 0 1 1 2 0 24 0 4 2 30 0 11 25.9328 2.622 6 -1 -1 -1 -1 -1 -1 -1 1705405 0 1 10 40 20.25 60 0 3 3
0 0 0 0 1 1 3 0 24 0 4 2 30 0 13 25.9328 2.622 6 6 4 4 3 1 1 1 1705571 0 1 10 40 20.25 60 0 3 3
0 0 0 0 1 1 2 0 24 0 4 2 30 0 8 25.9328 2.622 6 -1 -1 -1 -1 -1 -1 -1 1705738 0 1 10 40 20.25 60 0 3 3
0 0 0 0 1 1 2 0 24 0 4 2 30 0 8 25.9328 2.622 6 -1 -1 -1 -1 -1 -1 -1 1705905 0 1 10 40 20.25 60 0 3 3
0 0 0 0 1 1 2 0 24 0 4 2 30 0 10 25.9328 2.622 6 -1 -1 -1 -1 -1 -1 -1 1706071 0 1 10 40 20.25 60 8 0 3
0 0 0 0 1 1 2 0 24 0 4 2 30 0 4 25.9328 2.622 6 -1 -1 -1 -1 -1 -1 -1 1706238 0 1 10 40 20.25 60 6 1 3
0 0 0 0 1 1 2 0 24 0 4 2 30 0 8 25.9328 2.622 6 -1 -1 -1 -1 -1 -1 -1 1706404 0 1 10 40 20.25 60 6 1 3
0 0 0 0 1 1 2 0 24 0 4 2 30 0 1 25.9328 2.622 6 -1 -1 -1 -1 -1 -1 -1 1706571 0 1 10 40 20.25 60 6 1 3
0 0 0 0 1 1 2 0 24 0 4 2 30 0 1 25.9328 2.622 6 -1 -1 -1 -1 -1 -1 -1 1706738 0 1 10 40 20.25 60 6 1 3
0 0 0 0 1 1 2 0 24 0 4 2 30 0 0 25.9328 2.622 6 -1 -1 -1 -1 -1 -1 -1 1706904 0 1 10 40 20.25 60 0 1 3
0 0 0 0 1 1 2 0 24 0 4 2 30 0 1 25.9328 2.622 6 -1 -1 -1 -1 -1 -1 -1 1707071 0 1 10 40 20.25 60 0 1 3
0 0 0 0 1 2 1 0 25 0 2 1 5 -2 60 29.9067 0 5 -1 -1 -1 -1 -1 -1 -1 1721201 0 0 10 40 14 60 2 3 3
0 0 0 0 1 2 1 0 25 0 2 1 16 -2 65 29.7511 0 5 -1 -1 -1 -1 -1 -1 -1 1721367 0 0 10 40 14 60 2 3 3
0 0 0 0 1 2 1 0 25 0 2 1 24 -1 47 29.5956 0 5 -1 -1 -1 -1 -1 -1 -1 1721534 0 0 10 40 14 60 2 3 3
0 0 0 0 1 1 2 0 25 0 2 1 33 -1 55 29.44 0 6 -1 -1 -1 -1 -1 -1 -1 1721701 0 0 10 40 14 54.48 2 3 3
0 0 0 0 1 1 2 0 25 0 2 1 45 -1 48 29.2222 0 6 -1 -1 -1 -1 -1 -1 -1 1721934 0 0 10 40 14 34.4444 0 1 3
0 0 0 0 1 1 2 0 25 0 2 1 45 -1 53 28.7245 0 6 -1 -1 -1 -1 -1 -1 -1 1722467 0 0 10 40 14 14 0 1 3
0 0 0 0 1 1 2 0 25 0 2 1 34 1 34 28.04 0 6 -1 -1 -1 -1 -1 -1 -1 1723200 0 0 10 40 14 14 0 1 3
0 0 0 0 1 2 1 0 25 0 2 1 17 0 19 27.3867 0 5 -1 -1 -1 -1 -1 -1 -1 1723900 0 0 10 40 14 14 0 1 3
0 0 0 0 1 2 1 0 25 0 2 1 6 0 18 26.7023 0 5 -1 -1 -1 -1 -1 -1 -1 1724633 0 0 10 40 14 14 6 0 3
0 0 0 0 1 2 1 0 25 0 2 1 359 0 11 26.0489 0 5 -1 -1 -1 -1 -1 -1 -1 1725333 0 0 10 40 14 14 6 0 3
0 0 0 0 1 4 1 0 25 0 2 1 353 0 11 25.3956 0 5 5 7 2 2 0 1 0 1726033 0 0 10 40 14 14 6 0 3
0 0 0 0 1 2 1 0 25 0 2 1 4 -1 36 29.4089 0 5 -1 -1 -1 -1 -1 -1 -1 1726766 0 0 10 40 14 14 6 0 3
0 0 0 0 1 1 2 0 25 0 2 1 26 0 22 28.7556 0 6 -1 -1 -1 -1 -1 -1 -1 1727466 0 0 10 40 14 14 7 0 3
0 0 0 0 1 1 2 0 25 0 2 1 37 0 12 28.0711 0 6 -1 -1 -1 -1 -1 -1 -1 1728199 0 0 10 40 14 14 7 0 3
0 0 0 0 1 1 4 0 25 0 2 1 36 0 16 27.4178 0 6 6 7 1 1 0 1 0 1728899 0 0 10 40 14 14 7 0 3
0 0 0 0 1 1 2 0 25 0 2 1 24 0 11 29.4089 0 6 -1 -1 -1 -1 -1 -1 -1 1729632 0 0 10 40 14 14 7 0 3
0 0 0 0 1 2 1 0 25 0 2 1 16 0 12 28.7556 0 5 -1 -1 -1 -1 -1 -1 -1 1730332 0 0 10 40 13.5 14 8 0 3
0 0 0 0 1 2 1 0 25 0 2 1 9 0 5 28.0956 0 5 -1 -1 -1 -1 -1 -1 -1 1731065 0 0 10 40 13.5 13.5 2 3 3
0 0 0 0 1 2 1 0 26 0 2 1 358 0 15 29.9067 0 5 -1 -1 -1 -1 -1 -1 -1 1736064 0 0 10 40 14 60 0 1 3
0 0 0 0 1 2 1 0 26 0 2 1 353 1 32 29.7511 0 5 -1 -1 -1 -1 -1 -1 -1 1736231 0 0 10 40 14 60 0 1 3
0 0 0 0 1 2 1 0 26 0 2 1 349 0 20 29.5956 0 5 -1 -1 -1 -1 -1 -1 -1 1736397 0 0 10 40 14 60 0 1 3
0 0 0 0 1 2 1 0 26 0 2 1 346 0 16 29.44 0 5 -1 -1 -1 -1 -1 -1 -1 1736564 0 0 10 40 14 54.48 0 1 3
0 0 0 0 1 2 1 0 26 0 2 1 342 0 15 29.2222 0 5 -1 -1 -1 -1 -1 -1 -1 1736797 0 0 10 40 14 34.4444 5 2 3
0 0 0 0 2 1 1 0 26 0 2 1 335 0 10 28.7245 0 4 -1 -1 -1 -1 -1 -1 -1 1737330 0 0 10 40 14 14 5 2 3
0 0 0 0 2 1 1 0 26 0 2 1 329 0 0 28.04 0 4 -1 -1 -1 -1 -1 -1 -1 1738063 0 0 10 40 14 14 5 2 3
0 0 0 0 2 1 1 0 26 0 2 1 331 0 2 27.3867 0 4 -1 -1 -1 -1 -1 -1 -1 1738763 0 0 10 40 14 14 5 2 3
0 0 0 0 2 1 1 0 26 0 2 1 328 0 3 26.7023 0 4 -1 -1 -1 -1 -1 -1 -1 1739496 0 0 10 40 14 14 3 2 3
0 0 0 0 2 1 1 0 26 0 2 1 325 0 0 26.0489 0 4 -1 -1 -1 -1 -1 -1 -1 1740196 0 0 10 40 14 14 3 2 3
0 0 0 0 4 1 1 0 26 0 2 1 323 0 0 25.3956 0 4 4 7 0 0 0 1 0 1740896 0 0 10 40 14 14 3 2 3
0 0 0 0 2 1 1 0 26 0 2 1 321 0 8 29.4089 0 4 -1 -1 -1 -1 -1 -1 -1 1741629 0 0 10 40 14 14 3 2 3
0 0 0 0 2 1 1 0 26 0 2 1 318 0 2 28.7556 0 4 -1 -1 -1 -1 -1 -1 -1 1742329 0 0 10 40 14 14 3 2 3
0 0 0 0 2 1 1 0 26 0 2 1 315 0 3 28.0711 0 4 -1 -1 -1 -1 -1 -1 -1 1743062 0 0 10 40 14 14 3 2 3
0 0 0 0 4 1 1 0 26 0 2 1 315 0 6 27.4178 0 4 4 7 1 1 0 1 0 1743762 0 0 10 40 14 14 3 2 3
0 0 0 0 2 1 1 0 26 0 2 1 316 0 17 29.4089 0 4 -1 -1 -1 -1 -1 -1 -1 1744495 0 0 10 40 14 14 3 2 3
0 0 0 0 2 1 1 0 26 0 2 1 318 0 5 29.3156 2.11922 4 -1 -1 -1 -1 -1 -1 -1 1745162 0 0 10 40 14.5 14.5 8 0 3
0 0 0 0 2 1 1 0 26 0 2 1 318 0 3 29.3156 1.44255 4 -1 -1 -1 -1 -1 -1 -1 1745862 0 0 10 40 14.5 14.5 0 1 3
0 0 0 0 2 3 1 0 26 0 2 1 318 0 0 29.3156 0.765887 4 5 7 1 1 1 1 1 1746561 0 0 10 40 14.5 14.5 0 1 3
0 0 0 0 2 1 1 0 26 0 2 1 319 0 1 29.3156 0.121442 4 -1 -1 -1 -1 -1 -1 -1 1747228 0 0 10 40 14.5 14.5 0 1 3
0 0 0 0 2 1 1 0 26 0 2 1 319 0 0 29.2586 2.167 4 -1 -1 -1 -1 -1 -1 -1 1747928 0 0 10 40 15 15 0 1 3
0 0 0 0 2 1 1 0 26 0 2 1 321 0 1 29.2586 1.50033 4 -1 -1 -1 -1 -1 -1 -1 1748594 0 0 10 40 15 15 5 2 3
0 0 0 0 2 3 1 0 26 0 2 1 322 0 2 29.2586 0.833668 4 5 7 1 1 1 1 1 1749261 0 0 10 40 15 15 5 2 3
0 0 0 0 2 1 1 0 26 0 2 1 324 0 4 29.2586 0.167001 4 -1 -1 -1 -1 -1 -1 -1 1749927 0 0 10 40 15 15 5 2 3
0 0 0 0 2 1 1 0 26 0 2 1 326 0 4 28.8249 0 4 -1 -1 -1 -1 -1 -1 -1 1750594 0 0 10 40 15 15 5 2 3
0 0 0 0 2 1 1 0 26 0 2 1 316 0 19 28.1582 0 4 -1 -1 -1 -1 -1 -1 -1 1751260 0 0 10 40 15 15 3 2 3
0 0 0 0 4 1 1 0 26 0 2 1 315 0 9 27.4916 0 4 4 7 0 0 0 1 0 1751927 0 0 10 40 15 15 3 2 3
0 0 0 0 2 1 1 0 26 0 2 1 315 0 2 29.4333 0 4 -1 -1 -1 -1 -1 -1 -1 1752593 0 0 10 40 15 15 3 2 3
0 0 0 0 2 1 1 0 26 0 2 1 319 0 9 28.7667 0 4 -1 -1 -1 -1 -1 -1 -1 1753260 0 0 10 40 15 15 3 2 3
0 0 0 0 2 1 1 0 26 0 2 1 334 0 27 28.1 0 4 -1 -1 -1 -1 -1 -1 -1 1753926 0 0 10 40 15 15 3 2 3
0 0 0 0 1 4 1 0 26 0 2 1 350 0 16 27.4334 0 5 5 7 2 2 0 1 0 1754593 0 0 10 40 15 15 3 2 3
0 0 0 0 1 2 1 0 26 0 2 1 353 0 6 29.4333 0 5 -1 -1 -1 -1 -1 -1 -1 1755259 0 0 10 40 15 15 3 2 3
0 0 0 0 1 2 1 0 26 0 2 1 353 0 0 28.7822 0 5 -1 -1 -1 -1 -1 -1 -1 1755926 0 0 10 40 14.5 14.5 3 2 3
0 0 0 0 1 2 1 0 26 0 2 1 355 0 4 28.1055 0 5 -1 -1 -1 -1 -1 -1 -1 1756626 0 0 10 40 14.5 14.5 8 0 3
0 0 0 0 1 4 1 0 26 0 2 1 359 0 4 27.4611 0 5 5 7 0 0 0 1 1 1757292 0 0 10 40 14.5 14.5 0 1 3
0 0 0 0 1 2 1 0 26 0 2 1 1 0 2 26.7844 0 5 -1 -1 -1 -1 -1 -1 -1 1757992 0 0 10 40 14.5 14.5 0 1 3
0 0 0 0 1 2 1 0 26 0 2 1 6 0 6 26.5911 2.20033 5 -1 -1 -1 -1 -1 -1 -1 1758658 0 0 10 40 15 15 0 1 3
0 0 0 0 1 2 1 0 26 0 2 1 9 0 2 26.5911 1.53367 5 -1 -1 -1 -1 -1 -1 -1 1759325 0 0 10 40 15 15 0 1 3
0 0 0 0 1 2 3 0 26 0 2 1 12 0 5 26.5911 0.867002 5 6 7 0 0 1 1 1 1759991 0 0 10 40 15 15 5 2 3
0 0 0 0 1 2 1 0 26 0 2 1 16 0 7 26.5911 0.200335 5 -1 -1 -1 -1 -1 -1 -1 1760658 0 0 10 40 15 15 5 2 3
0 0 0 1 1 2 1 1 26 0 2 1 11 0 13 26.1908 0 5 -1 -1 -1 -1 -1 -1 -1 1761324 0 0 10 40 15 15 5 2 5
0 0 0 1 1 2 1 1 26 0 2 1 359 0 14 25.5241 0 5 -1 -1 -1 -1 -1 -1 -1 1761991 0 0 10 40 15 15 5 2 5
0 0 0 1 1 4 1 1 26 0 2 1 355 0 1 24.8574 0 5 5 7 1 1 0 1 0 1762657 0 0 10 40 15 15 3 2 5
0 0 0 1 1 2 1 1 26 0 2 1 359 0 0 29.4333 0 5 -1 -1 -1 -1 -1 -1 -1 1763324 0 0 10 40 15 15 3 2 5
0 0 0 1 1 2 1 1 26 0 2 1 8 0 24 28.7667 0 5 -1 -1 -1 -1 -1 -1 -1 1763990 0 0 10 40 15 15 3 2 5
0 0 0 1 1 1 2 1 26 0 2 1 26 0 24 28.1 0 6 -1 -1 -1 -1 -1 -1 -1 1764657 0 0 10 40 15 15 3 2 5
0 0 0 1 1 1 4 1 26 0 2 1 31 0 18 27.4334 0 6 6 7 2 2 0 1 0 1765323 0 0 10 40 15 15 3 2 5
0 0 0 1 1 2 1 1 26 0 2 1 20 0 13 29.4333 0 5 -1 -1 -1 -1 -1 -1 -1 1765990 0 0 10 40 15 15 3 2 5
0 0 0 1 1 2 1 1 26 0 2 1 15 0 9 29.1667 2.25367 5 -1 -1 -1 -1 -1 -1 -1 1766656 0 0 10 40 15.5 15.5 3 2 5
0 0 0 1 1 2 1 1 26 0 2 1 10 0 7 29.1667 1.59922 5 -1 -1 -1 -1 -1 -1 -1 1767290 0 0 10 40 15.5 15.5 3 2 5
0 0 0 1 1 2 3 1 26 0 2 1 6 0 4 29.1667 0.910335 5 6 7 2 2 1 1 1 1767956 0 0 10 40 15.5 15.5 8 0 5
0 0 0 1 1 2 1 1 26 0 2 1 2 0 2 29.1667 0.255891 5 -1 -1 -1 -1 -1 -1 -1 1768589 0 0 10 40 15.5 15.5 0 1 5
0 0 0 1 1 2 1 1 26 0 2 1 16 -1 41 28.8075 0 5 -1 -1 -1 -1 -1 -1 -1 1769222 0 0 10 40 15.5 15.5 0 1 5
0 0 0 1 1 1 2 1 26 0 2 1 53 -1 51 28.1186 0 6 -1 -1 -1 -1 -1 -1 -1 1769889 0 0 10 40 15.5 15.5 0 1 5
0 0 0 1 1 1 1 4 26 0 2 1 86 0 2 27.4641 0 7 7 7 0 0 0 1 0 1770522 0 0 10 40 15.5 15.5 0 1 5
0 0 0 1 1 1 1 2 26 0 2 1 83 0 14 29.4489 0 7 -1 -1 -1 -1 -1 -1 -1 1771155 0 0 10 40 15.5 15.5 5 2 5
0 0 0 1 1 1 1 2 26 0 2 1 80 0 10 28.76 0 7 -1 -1 -1 -1 -1 -1 -1 1771822 0 0 10 40 15.5 15.5 5 2 5
0 0 0 1 1 1 1 2 26 0 2 1 84 0 5 28.1055 0 7 -1 -1 -1 -1 -1 -1 -1 1772455 0 0 10 40 15.5 15.5 5 2 5
0 0 0 1 1 1 1 4 26 0 2 1 79 0 22 27.4511 0 7 7 7 2 2 0 1 0 1773088 0 0 10 40 15.5 15.5 5 2 5
0 0 0 1 1 1 1 2 26 0 2 1 69 0 12 29.4144 0 7 -1 -1 -1 -1 -1 -1 -1 1773755 0 0 10 40 15.5 15.5 3 2 5
0 0 0 1 1 1 1 2 26 0 2 1 88 0 19 28.76 0 7 -1 -1 -1 -1 -1 -1 -1 1774388 0 0 10 40 15.5 15.5 3 2 5
0 0 0 1 1 1 1 2 26 0 2 1 84 0 4 28.1055 0 7 -1 -1 -1 -1 -1 -1 -1 1775021 0 0 10 40 15.5 15.5 3 2 5
0 0 0 1 1 1 1 4 26 0 2 1 87 0 5 27.4166 0 7 7 7 1 1 0 1 0 1775688 0 0 10 40 15.5 15.5 3 2 5
0 0 0 1 1 1 1 2 26 0 2 1 83 0 7 29.4489 0 7 -1 -1 -1 -1 -1 -1 -1 1776321 0 0 10 40 15.5 15.5 3 2 5
0 0 0 1 1 1 1 2 26 0 2 1 84 0 4 29.2078 2.247 7 -1 -1 -1 -1 -1 -1 -1 1776954 0 0 10 40 15.75 15.75 3 2 5
0 0 0 1 1 1 1 2 26 0 2 1 82 0 2 29.2078 1.582 7 -1 -1 -1 -1 -1 -1 -1 1777587 0 0 10 40 15.75 15.75 3 2 5
0 0 0 1 1 1 1 3 26 0 2 1 77 0 6 29.2078 0.916999 7 7 7 1 1 1 1 1 1778220 0 0 10 40 15.75 15.75 3 2 5
0 0 0 1 1 1 1 2 26 0 2 1 74 0 3 29.2078 0.251999 7 -1 -1 -1 -1 -1 -1 -1 1778853 0 0 10 40 15.75 15.75 8 0 5
0 0 0 1 1 1 1 2 26 0 2 1 78 0 4 28.8508 0 7 -1 -1 -1 -1 -1 -1 -1 1779487 0 0 10 40 15.75 15.75 0 1 5
0 0 0 1 1 1 1 2 26 0 2 1 82 0 4 28.1858 0 7 -1 -1 -1 -1 -1 -1 -1 1780120 0 0 10 40 15.75 15.75 0 1 5
0 0 0 1 1 1 1 4 26 0 2 1 84 0 0 27.5208 0 7 7 7 2 2 0 1 0 1780753 0 0 10 40 15.75 15.75 0 1 5
0 0 0 1 1 1 1 2 26 0 2 1 82 1 36 29.44 0 7 -1 -1 -1 -1 -1 -1 -1 1781386 0 0 10 40 15.75 15.75 0 1 5
0 0 0 1 1 1 2 1 26 0 2 1 59 0 21 28.74 0 6 -1 -1 -1 -1 -1 -1 -1 1782053 0 0 10 40 15.75 15.75 5 2 5
0 0 0 1 1 1 2 1 26 0 2 1 49 0 4 28.075 0 6 -1 -1 -1 -1 -1 -1 -1 1782686 0 0 10 40 15.75 15.75 5 2 5
0 0 0 1 1 1 4 1 26 0 2 1 39 0 14 27.41 0 6 6 7 0 0 0 1 0 1783319 0 0 10 40 15.75 15.75 5 2 5
0 0 0 1 1 1 2 1 26 0 2 1 31 0 19 29.44 0 6 -1 -1 -1 -1 -1 -1 -1 1783952 0 0 10 40 15.75 15.75 5 2 5
0 0 0 1 1 1 2 1 26 0 2 1 26 0 8 29.335 2.13367 6 -1 -1 -1 -1 -1 -1 -1 1784552 0 0 10 40 16 16 3 2 5
0 0 0 1 1 1 2 1 26 0 2 1 24 0 1 29.335 1.45811 6 -1 -1 -1 -1 -1 -1 -1 1785185 0 0 10 40 16 16 3 2 5
0 0 0 1 1 1 3 1 26 0 2 1 24 0 1 29.335 0.782554 6 6 7 0 4 1 1 1 1785818 0 0 10 40 16 16 3 2 5
0 0 0 1 1 2 1 1 26 0 2 1 20 0 5 29.335 0.106998 5 -1 -1 -1 -1 -1 -1 -1 1786452 0 0 10 40 16 16 3 2 5
0 0 0 0 1 2 1 0 26 0 2 1 12 0 14 29.3347 2.19756 5 -1 -1 -1 -1 -1 -1 -1 1787051 0 0 10 40 16.25 16.25 3 2 3
0 0 0 0 1 2 1 0 26 0 2 1 8 0 6 29.3347 1.51144 5 -1 -1 -1 -1 -1 -1 -1 1787685 0 0 10 40 16.25 16.25 3 2 3
0 0 0 0 1 3 1 0 26 0 2 1 9 0 11 29.3347 0.861444 5 5 7 0 0 1 1 1 1788284 0 0 10 40 16.25 16.25 3 2 3
0 0 0 0 1 2 1 0 26 0 2 1 11 0 7 29.3347 0.175333 5 -1 -1 -1 -1 -1 -1 -1 1788918 0 0 10 40 16.25 16.25 3 2 3
0 0 0 0 1 2 1 0 26 0 2 1 11 0 3 28.8704 0 5 -1 -1 -1 -1 -1 -1 -1 1789518 0 0 10 40 16.25 16.25 8 0 3
0 0 0 0 1 2 1 0 26 0 2 1 358 0 14 28.1843 0 5 -1 -1 -1 -1 -1 -1 -1 1790151 0 0 10 40 16.25 16.25 0 1 3
0 0 0 0 1 4 1 0 26 0 2 1 348 0 2 27.5343 0 5 5 7 3 3 0 1 0 1790751 0 0 10 40 16.25 16.25 0 1 3
0 0 0 0 1 2 1 0 26 0 2 1 355 0 5 29.4222 0 5 -1 -1 -1 -1 -1 -1 -1 1791384 0 0 10 40 16.25 16.25 0 1 3
0 0 0 0 1 2 1 0 26 0 2 1 357 0 0 28.7722 0 5 -1 -1 -1 -1 -1 -1 -1 1791984 0 0 10 40 16.25 16.25 0 1 3
0 0 0 0 1 2 1 0 26 0 2 1 0 0 2 28.1222 0 5 -1 -1 -1 -1 -1 -1 -1 1792583 0 0 10 40 16.25 16.25 5 2 3
0 0 0 0 1 4 1 0 26 0 2 1 359 0 3 27.4361 0 5 5 7 1 1 0 1 0 1793217 0 0 10 40 16.25 16.25 5 2 3
0 0 0 0 1 2 1 0 26 0 2 1 1 0 19 29.4583 0 5 -1 -1 -1 -1 -1 -1 -1 1793816 0 0 10 40 16.25 16.25 5 2 3
0 0 0 0 1 2 1 0 26 0 2 1 14 0 18 28.7722 0 5 -1 -1 -1 -1 -1 -1 -1 1794450 0 0 10 40 16.25 16.25 5 2 3
0 0 0 0 1 1 2 0 26 0 2 1 25 0 24 28.1222 0 6 -1 -1 -1 -1 -1 -1 -1 1795049 0 0 10 40 16.25 16.25 3 2 3
0 0 0 0 1 1 4 0 26 0 2 1 38 0 12 27.4361 0 6 6 7 3 3 0 1 0 1795683 0 0 10 40 16.25 16.25 3 2 3
0 0 0 0 1 1 2 0 26 0 2 1 34 0 17 29.4583 0 6 -1 -1 -1 -1 -1 -1 -1 1796283 0 0 10 40 16.25 16.25 3 2 3
0 0 0 0 1 1 2 0 26 0 2 1 33 0 8 28.7855 0 6 -1 -1 -1 -1 -1 -1 -1 1796916 0 0 10 40 15.25 15.25 3 2 3
0 0 0 0 1 1 2 0 26 0 2 1 38 0 5 28.1077 0 6 -1 -1 -1 -1 -1 -1 -1 1797582 0 0 10 40 15.25 15.25 3 2 3
0 0 0 0 1 1 4 0 26 0 2 1 34 0 4 27.4638 0 6 6 7 4 0 0 1 1 1798215 0 0 10 40 15.25 15.25 3 2 3
0 0 0 0 1 1 2 0 26 0 2 1 34 0 6 26.786 0 6 -1 -1 -1 -1 -1 -1 -1 1798882 0 0 10 40 15.25 15.25 3 2 3
0 0 0 0 1 1 2 0 26 0 2 1 37 0 1 26.176 2.59811 6 -1 -1 -1 -1 -1 -1 -1 1799548 0 0 10 40 15.5 15.5 3 2 3
0 0 0 0 1 1 2 0 26 0 2 1 39 0 2 26.176 1.94367 6 -1 -1 -1 -1 -1 -1 -1 1800182 0 0 10 40 15.5 15.5 8 0 3
0 0 0 0 1 1 3 0 26 0 2 1 41 0 2 26.176 1.28922 6 6 7 0 4 1 1 1 1800815 0 0 10 40 15.5 15.5 0 1 3
0 0 0 0 1 1 2 0 26 0 2 1 37 0 5 26.176 0.600335 6 -1 -1 -1 -1 -1 -1 -1 1801481 0 0 10 40 15.5 15.5 0 1 3
0 0 0 0 1 1 2 0 26 0 2 1 38 0 11 26.1612 0 6 -1 -1 -1 -1 -1 -1 -1 1802114 0 0 10 40 15.5 15.5 0 1 3
0 0 0 0 1 1 2 0 26 0 2 1 45 0 2 25.5068 0 6 -1 -1 -1 -1 -1 -1 -1 1802748 0 0 10 40 15.5 15.5 0 1 3
0 0 0 0 1 1 4 0 26 0 2 1 43 0 3 24.8179 0 6 6 7 2 2 0 1 0 1803414 0 0 10 40 15.5 15.5 5 2 3
0 0 0 0 1 1 2 0 26 0 2 1 38 0 11 29.4489 0 6 -1 -1 -1 -1 -1 -1 -1 1804047 0 0 10 40 15.5 15.5 5 2 3
0 0 0 0 1 1 2 0 26 0 2 1 26 0 11 29.1044 2.352 6 -1 -1 -1 -1 -1 -1 -1 1804680 0 0 10 40 15.75 15.75 5 2 3
0 0 0 0 1 2 1 0 26 0 2 1 16 0 13 29.1044 1.687 5 -1 -1 -1 -1 -1 -1 -1 1805314 0 0 10 40 15.75 15.75 5 2 3
0 0 0 0 1 3 1 0 26 0 2 1 6 0 15 29.1044 1.022 5 5 7 4 2 1 1 1 1805947 0 0 10 40 15.75 15.75 3 2 3
0 0 0 0 1 2 1 0 26 0 2 1 358 0 13 29.1044 0.356999 5 -1 -1 -1 -1 -1 -1 -1 1806580 0 0 10 40 15.75 15.75 3 2 3
0 0 0 0 1 2 1 0 26 0 2 1 347 0 12 28.8547 0 5 -1 -1 -1 -1 -1 -1 -1 1807213 0 1 10 40 14.75 60 3 2 3
0 0 0 0 1 2 1 0 26 0 2 1 347 0 19 28.8547 0 5 -1 -1 -1 -1 -1 -1 -1 1807380 0 1 10 40 14.75 60 3 2 3
0 0 0 0 4 2 1 0 26 0 2 1 347 0 14 28.8547 0 5 4 7 0 4 0 1 1 1807546 0 1 10 40 14.75 60 3 2 3
0 0 0 0 1 2 1 0 26 0 2 1 347 0 12 28.8547 0 5 -1 -1 -1 -1 -1 -1 -1 1807713 0 1 10 40 14.75 60 3 2 3
0 0 0 0 1 2 1 0 26 0 2 1 347 0 16 28.8547 0 5 -1 -1 -1 -1 -1 -1 -1 1807880 0 1 10 40 14.75 60 3 2 3
0 0 0 0 1 2 1 0 26 0 2 1 347 0 14 28.8547 0 5 -1 -1 -1 -1 -1 -1 -1 1808046 0 1 10 40 14.75 60 3 2 3
0 0 0 0 1 2 1 0 26 0 2 1 347 0 14 28.8547 0 5 -1 -1 -1 -1 -1 -1 -1 1808213 0 1 10 40 14.75 60 8 0 3
0 0 0 0 1 2 1 0 26 0 2 1 347 0 10 28.8547 0 5 -1 -1 -1 -1 -1 -1 -1 1808380 0 1 10 40 14.75 60 0 1 3
1 0 1 1 1 2 1 1 26 0 2 1 347 0 11 28.8547 0 5 -1 -1 -1 -1 -1 -1 -1 1808546 0 1 10 40 14.75 60 0 1 7
1 0 1 1 1 2 1 1 26 0 2 1 347 0 19 28.8547 0 5 -1 -1 -1 -1 -1 -1 -1 1808713 0 1 10 40 14.75 60 0 1 7
1 0 1 1 1 2 1 1 26 0 2 1 347 1 36 28.8547 0 5 -1 -1 -1 -1 -1 -1 -1 1808879 0 1 10 40 14.75 60 0 1 7
1 0 1 1 1 2 1 1 26 0 2 1 347 -1 47 28.8547 0 5 -1 -1 -1 -1 -1 -1 -1 1809046 0 1 10 40 14.75 60 5 2 7
0 0 0 0 1 2 1 0 27 0 2 1 5 -1 53 29.9067 0 5 -1 -1 -1 -1 -1 -1 -1 1813645 0 0 10 40 14 60 1 3 3
0 0 0 0 1 2 1 0 27 0 2 1 16 -2 70 29.7511 0 5 -1 -1 -1 -1 -1 -1 -1 1813812 0 0 10 40 14 60 1 3 3
0 0 0 0 1 1 2 0 27 0 2 1 28 -2 70 29.5956 0 6 -1 -1 -1 -1 -1 -1 -1 1813978 0 0 10 40 14 60 1 3 3
0 0 0 0 1 1 2 0 27 0 2 1 39 -2 60 29.44 0 6 -1 -1 -1 -1 -1 -1 -1 1814145 0 0 10 40 14 54.48 1 3 3
0 0 0 0 1 1 2 0 27 0 2 1 45 -1 55 29.2222 0 6 -1 -1 -1 -1 -1 -1 -1 1814378 0 0 10 40 14 34.4444 7 3 3
0 0 0 0 1 1 2 0 27 0 2 1 43 0 17 28.7245 0 6 -1 -1 -1 -1 -1 -1 -1 1814911 0 0 10 40 14 14 7 3 3
0 0 0 0 1 1 2 0 27 0 2 1 29 0 11 28.04 0 6 -1 -1 -1 -1 -1 -1 -1 1815644 0 0 10 40 14 14 7 3 3
0 0 0 0 1 2 1 0 27 0 2 1 20 0 19 27.3867 0 5 -1 -1 -1 -1 -1 -1 -1 1816344 0 0 10 40 14 14 7 3 3
0 0 0 0 1 2 1 0 27 0 2 1 359 1 30 26.7023 0 5 -1 -1 -1 -1 -1 -1 -1 1817077 0 0 10 40 14 14 6 1 3
0 0 0 0 1 2 1 0 27 0 2 1 356 0 13 26.0489 0 5 -1 -1 -1 -1 -1 -1 -1 1817777 0 0 10 40 14 14 6 1 3
0 0 0 0 1 4 1 0 27 0 2 1 0 0 8 25.3956 0 5 5 7 3 3 0 1 0 1818477 0 0 10 40 14 14 6 1 3
0 0 0 0 1 2 1 0 27 0 2 1 346 2 68 29.4089 0 5 -1 -1 -1 -1 -1 -1 -1 1819210 0 0 10 40 14 14 6 1 3
0 0 0 0 2 1 1 0 27 0 2 1 315 1 44 29.0045 2.40922 4 -1 -1 -1 -1 -1 -1 -1 1819910 0 0 10 40 14.5 14.5 7 2 3
0 0 0 0 2 1 1 0 27 0 2 1 315 1 35 29.0045 1.73255 4 -1 -1 -1 -1 -1 -1 -1 1820610 0 0 10 40 14.5 14.5 7 2 3
0 0 0 0 3 1 1 0 27 0 2 1 315 1 34 29.0045 1.08811 4 4 7 3 3 1 1 1 1821276 0 0 10 40 14.5 14.5 7 2 3
0 0 0 0 2 1 1 0 27 0 2 1 315 1 31 29.0045 0.411442 4 -1 -1 -1 -1 -1 -1 -1 1821976 0 0 10 40 14.5 14.5 7 2 3
0 0 0 0 2 1 1 0 27 0 2 1 315 1 32 28.7541 0 4 -1 -1 -1 -1 -1 -1 -1 1822676 0 0 10 40 14.5 14.5 8 0 3
0 0 0 0 2 1 1 0 27 0 2 1 315 0 29 28.1097 0 4 -1 -1 -1 -1 -1 -1 -1 1823343 0 0 10 40 14.5 14.5 1 3 3
0 0 0 0 4 1 1 0 27 0 2 1 315 1 32 27.433 0 4 4 7 2 2 0 1 0 1824042 0 0 10 40 14.5 14.5 1 3 3
0 0 0 0 2 1 1 0 27 0 2 1 316 0 18 29.42 0 4 -1 -1 -1 -1 -1 -1 -1 1824742 0 0 10 40 14.5 14.5 1 3 3
0 0 0 0 2 1 1 0 27 0 2 1 336 0 28 28.7433 0 4 -1 -1 -1 -1 -1 -1 -1 1825442 0 0 10 40 14.5 14.5 1 3 3
0 0 0 0 1 2 1 0 27 0 2 1 349 0 4 28.0989 0 5 -1 -1 -1 -1 -1 -1 -1 1826109 0 0 10 40 14.5 14.5 7 3 3
0 0 0 0 1 4 1 0 27 0 2 1 354 0 8 27.4222 0 5 5 7 0 0 0 1 0 1826808 0 0 10 40 14.5 14.5 7 3 3
0 0 0 0 1 2 1 0 27 0 2 1 345 0 25 29.42 0 5 -1 -1 -1 -1 -1 -1 -1 1827508 0 0 10 40 14.5 14.5 7 3 3
0 0 0 0 2 1 1 0 27 0 2 1 327 0 17 29.3878 2.03367 4 -1 -1 -1 -1 -1 -1 -1 1828175 0 0 10 40 15 15 7 3 3
0 0 0 0 2 1 1 0 27 0 2 1 318 0 8 29.3878 1.367 4 -1 -1 -1 -1 -1 -1 -1 1828841 0 0 10 40 15 15 6 1 3
0 0 0 0 3 1 1 0 27 0 2 1 315 0 10 29.3878 0.700335 4 4 7 0 0 1 1 1 1829508 0 0 10 40 15 15 6 1 3
0 0 0 0 2 1 1 0 27 0 2 1 315 0 14 29.3878 0.0336679 4 -1 -1 -1 -1 -1 -1 -1 1830174 0 0 10 40 15 15 6 1 3
0 0 0 0 2 1 1 0 27 0 2 1 315 0 14 28.8208 0 4 -1 -1 -1 -1 -1 -1 -1 1830841 0 0 10 40 15 15 6 1 3
0 0 0 0 2 1 1 0 27 0 2 1 315 0 26 28.1541 0 4 -1 -1 -1 -1 -1 -1 -1 1831507 0 0 10 40 15 15 7 2 3
0 0 0 0 4 1 1 0 27 0 2 1 315 0 24 27.4875 0 4 4 7 1 1 0 1 0 1832174 0 0 10 40 15 15 7 2 3
0 0 0 0 2 1 1 0 27 0 2 1 315 0 18 29.4333 0 4 -1 -1 -1 -1 -1 -1 -1 1832840 0 0 10 40 15 15 7 2 3
0 0 0 0 2 1 1 0 27 0 2 1 315 0 21 28.7667 0 4 -1 -1 -1 -1 -1 -1 -1 1833507 0 0 10 40 15 15 7 2 3
0 0 0 0 2 1 1 0 27 0 2 1 315 0 22 28.1 0 4 -1 -1 -1 -1 -1 -1 -1 1834173 0 0 10 40 15 15 8 0 3
0 0 0 0 4 1 1 0 27 0 2 1 315 0 21 27.4334 0 4 4 7 3 3 0 1 0 1834840 0 0 10 40 15 15 1 3 3
0 0 0 0 2 1 1 0 27 0 2 1 315 0 2 29.4333 0 4 -1 -1 -1 -1 -1 -1 -1 1835506 0 0 10 40 15 15 1 3 3
0 0 0 0 2 1 1 0 27 0 2 1 321 0 28 28.8 0 4 -1 -1 -1 -1 -1 -1 -1 1836139 0 0 10 40 15 15 1 3 3
0 0 0 0 1 2 1 0 27 0 2 1 339 0 29 28.1334 0 5 -1 -1 -1 -1 -1 -1 -1 1836806 0 0 10 40 15 15 1 3 3
0 0 0 0 1 4 1 0 27 0 2 1 355 0 18 27.4667 0 5 5 7 0 0 0 1 0 1837472 0 0 10 40 15 15 7 3 3
0 0 0 0 1 2 1 0 27 0 2 1 6 0 16 29.4333 0 5 -1 -1 -1 -1 -1 -1 -1 1838139 0 0 10 40 15 15 7 3 3
0 0 0 1 1 2 1 1 27 0 2 1 19 0 19 28.7667 0 5 -1 -1 -1 -1 -1 -1 -1 1838805 0 0 10 40 15 15 7 3 5
0 0 0 1 1 1 2 1 27 0 2 1 33 0 27 28.1 0 6 -1 -1 -1 -1 -1 -1 -1 1839472 0 0 10 40 15 15 7 3 5
0 0 0 1 1 1 4 1 27 0 2 1 48 -1 30 27.4334 0 6 6 7 3 3 0 1 0 1840138 0 0 10 40 15 15 6 1 5
0 0 0 1 1 1 2 1 27 0 2 1 47 0 9 29.4333 0 6 -1 -1 -1 -1 -1 -1 -1 1840805 0 0 10 40 15 15 6 1 5
0 0 0 1 1 1 2 1 27 0 2 1 46 0 1 29.0667 2.357 6 -1 -1 -1 -1 -1 -1 -1 1841471 0 0 10 40 15.5 15.5 6 1 5
0 0 0 1 1 1 2 1 27 0 2 1 43 0 2 29.0667 1.66811 6 -1 -1 -1 -1 -1 -1 -1 1842138 0 0 10 40 15.5 15.5 6 1 5
0 0 0 1 1 1 3 1 27 0 2 1 43 0 3 29.0667 1.01367 6 6 7 3 3 1 1 1 1842771 0 0 10 40 15.5 15.5 7 2 5
0 0 0 1 1 1 2 1 27 0 2 1 44 0 5 29.0667 0.359224 6 -1 -1 -1 -1 -1 -1 -1 1843404 0 0 10 40 15.5 15.5 7 2 5
0 0 0 1 1 1 2 1 27 0 2 1 65 -1 31 28.7763 0 6 -1 -1 -1 -1 -1 -1 -1 1844071 0 0 10 40 15.5 15.5 7 2 5
0 0 0 1 1 1 1 2 27 0 2 1 82 0 16 28.1219 0 7 -1 -1 -1 -1 -1 -1 -1 1844704 0 0 10 40 15.5 15.5 7 2 5
0 0 0 1 1 1 1 4 27 0 2 1 86 0 1 27.4674 0 7 7 7 1 1 0 1 0 1845337 0 0 10 40 15.5 15.5 8 0 5
0 0 0 1 1 1 1 2 27 0 2 1 85 0 4 29.4144 0 7 -1 -1 -1 -1 -1 -1 -1 1846004 0 0 10 40 15.5 15.5 1 3 5
0 0 0 1 1 1 1 2 27 0 2 1 87 0 4 28.76 0 7 -1 -1 -1 -1 -1 -1 -1 1846637 0 0 10 40 15.5 15.5 1 3 5
0 0 0 1 1 1 1 2 27 0 2 1 87 0 3 28.1055 0 7 -1 -1 -1 -1 -1 -1 -1 1847270 0 0 10 40 15.5 15.5 1 3 5
0 0 0 1 1 1 1 4 27 0 2 1 88 0 1 27.4166 0 7 7 7 0 0 0 1 0 1847937 0 0 10 40 15.5 15.5 1 3 5
0 0 0 1 1 1 1 2 27 0 2 1 88 0 7 29.4489 0 7 -1 -1 -1 -1 -1 -1 -1 1848570 0 0 10 40 15.5 15.5 7 3 5
0 0 0 1 1 1 1 2 27 0 2 1 89 0 1 28.7944 0 7 -1 -1 -1 -1 -1 -1 -1 1849203 0 0 10 40 15.5 15.5 7 3 5
0 0 0 1 1 1 1 2 27 0 2 1 90 0 3 28.1055 0 7 -1 -1 -1 -1 -1 -1 -1 1849869 0 0 10 40 15.5 15.5 7 3 5
0 0 0 1 1 1 1 4 27 0 2 1 89 0 4 27.4511 0 7 7 7 1 1 0 1 0 1850503 0 0 10 40 15.5 15.5 7 3 5
0 0 0 1 1 1 1 2 27 0 2 1 84 0 4 29.4489 0 7 -1 -1 -1 -1 -1 -1 -1 1851136 0 0 10 40 15.5 15.5 6 1 5
0 0 0 1 1 1 1 2 27 0 2 1 84 0 13 28.76 0 7 -1 -1 -1 -1 -1 -1 -1 1851802 0 0 10 40 15.5 15.5 6 1 5
0 0 0 1 1 1 1 2 27 0 2 1 89 0 6 28.1055 0 7 -1 -1 -1 -1 -1 -1 -1 1852435 0 0 10 40 15.5 15.5 6 1 5
0 0 0 1 1 1 1 4 27 0 2 1 88 0 2 27.4166 0 7 7 7 2 2 0 1 0 1853102 0 0 10 40 15.5 15.5 6 1 5
0 0 0 1 1 1 1 2 27 0 2 1 85 0 17 29.4489 0 7 -1 -1 -1 -1 -1 -1 -1 1853735 0 0 10 40 15.5 15.5 7 2 5
0 0 0 1 1 1 1 2 27 0 2 1 73 0 19 29.2078 2.247 7 -1 -1 -1 -1 -1 -1 -1 1854368 0 0 10 40 15.75 15.75 7 2 5
0 0 0 1 1 1 2 1 27 0 2 1 61 0 22 29.2078 1.582 6 -1 -1 -1 -1 -1 -1 -1 1855002 0 0 10 40 15.75 15.75 7 2 5
0 0 0 1 1 1 3 1 27 0 2 1 50 0 14 29.2078 0.916999 6 6 7 2 2 1 1 1 1855635 0 0 10 40 15.75 15.75 7 2 5
0 0 0 1 1 1 2 1 27 0 2 1 41 0 16 29.2078 0.251999 6 -1 -1 -1 -1 -1 -1 -1 1856268 0 0 10 40 15.75 15.75 8 0 5
0 0 0 1 1 1 2 1 27 0 2 1 30 0 19 28.8508 0 6 -1 -1 -1 -1 -1 -1 -1 1856901 0 0 10 40 15.75 15.75 1 3 5
0 0 0 1 1 2 1 1 27 0 2 1 18 0 22 28.1858 0 5 -1 -1 -1 -1 -1 -1 -1 1857534 0 0 10 40 15.75 15.75 1 3 5
0 0 0 1 1 4 1 1 27 0 2 1 5 0 20 27.5208 0 5 5 7 3 3 0 1 0 1858167 0 0 10 40 15.75 15.75 1 3 5
0 0 0 1 1 2 1 1 27 0 2 1 353 0 23 29.44 0 5 -1 -1 -1 -1 -1 -1 -1 1858801 0 0 10 40 15.75 15.75 1 3 5
0 0 0 1 1 2 1 1 27 0 2 1 341 0 15 28.7772 0 5 -1 -1 -1 -1 -1 -1 -1 1859434 0 0 10 40 14.75 14.75 7 3 5
0 0 0 1 2 1 1 1 27 0 2 1 328 0 16 28.0889 0 4 -1 -1 -1 -1 -1 -1 -1 1860134 0 0 10 40 14.75 14.75 7 3 5
0 0 0 1 4 1 1 1 27 0 2 1 315 0 22 27.4333 0 4 4 7 4 2 0 1 1 1860800 0 0 10 40 14.75 14.75 7 3 5
0 0 0 1 2 1 1 1 27 0 2 1 303 0 20 26.7778 0 4 -1 -1 -1 -1 -1 -1 -1 1861467 0 0 10 40 14.75 14.75 7 3 5
0 0 0 2 1 1 1 1 27 0 2 1 291 0 16 26.45 2.32811 3 -1 -1 -1 -1 -1 -1 -1 1862133 0 0 10 40 15.25 15.25 6 1 5
0 0 0 2 1 1 1 1 27 0 2 1 278 0 19 26.45 1.65033 3 -1 -1 -1 -1 -1 -1 -1 1862800 0 0 10 40 15.25 15.25 6 1 5
0 0 0 1 3 1 1 1 27 0 2 1 301 -1 32 26.45 0.972556 4 4 7 2 2 1 1 1 1863466 0 0 10 40 15.25 15.25 6 1 5
0 0 0 1 2 1 1 1 27 0 2 1 328 0 26 26.45 0.294778 4 -1 -1 -1 -1 -1 -1 -1 1864133 0 0 10 40 15.25 15.25 6 1 5
0 0 0 0 1 2 1 0 27 0 2 1 344 0 25 26.45 2.28811 5 -1 -1 -1 -1 -1 -1 -1 1864766 0 0 10 40 15.5 15.5 7 2 3
0 0 0 0 1 2 1 0 27 0 2 1 359 0 22 26.45 1.63367 5 -1 -1 -1 -1 -1 -1 -1 1865399 0 0 10 40 15.5 15.5 7 2 3
0 0 0 0 1 3 1 0 27 0 2 1 12 0 16 26.45 0.94478 5 5 7 2 2 1 1 1 1866065 0 0 10 40 15.5 15.5 7 2 3
0 0 0 0 1 2 1 0 27 0 2 1 18 0 12 26.45 0.290335 5 -1 -1 -1 -1 -1 -1 -1 1866699 0 0 10 40 15.5 15.5 7 2 3
0 0 0 0 1 1 2 0 27 0 2 1 28 0 18 26.1252 0 6 -1 -1 -1 -1 -1 -1 -1 1867332 0 0 10 40 15.5 15.5 8 0 3
0 0 0 0 1 1 2 0 27 0 2 1 37 0 15 25.4363 0 6 -1 -1 -1 -1 -1 -1 -1 1867998 0 0 10 40 15.5 15.5 1 3 3
0 0 0 0 1 1 4 0 27 0 2 1 41 0 8 24.7819 0 6 6 7 3 3 0 1 0 1868632 0 0 10 40 15.5 15.5 1 3 3
0 0 0 0 1 1 2 0 27 0 2 1 36 0 4 29.4489 0 6 -1 -1 -1 -1 -1 -1 -1 1869265 0 0 10 40 15.5 15.5 1 3 3
0 0 0 0 1 1 2 0 27 0 2 1 37 0 4 28.76 0 6 -1 -1 -1 -1 -1 -1 -1 1869931 0 0 10 40 15.5 15.5 1 3 3
0 0 0 0 1 1 2 0 27 0 2 1 39 0 3 28.1055 0 6 -1 -1 -1 -1 -1 -1 -1 1870564 0 0 10 40 15.5 15.5 7 3 3
0 0 0 0 1 1 4 0 27 0 2 1 41 0 2 27.4511 0 6 6 7 2 2 0 1 0 1871198 0 0 10 40 15.5 15.5 7 3 3
0 0 0 0 1 1 2 0 27 0 2 1 36 0 25 29.4144 0 6 -1 -1 -1 -1 -1 -1 -1 1871864 0 0 10 40 15.5 15.5 7 3 3
0 0 0 0 1 1 2 0 27 0 2 1 27 0 15 29.2078 2.212 6 -1 -1 -1 -1 -1 -1 -1 1872497 0 0 10 40 15.75 15.75 7 3 3
0 0 0 0 1 2 1 0 27 0 2 1 18 0 17 29.2078 1.547 5 -1 -1 -1 -1 -1 -1 -1 1873130 0 0 10 40 15.75 15.75 6 1 3
0 0 0 0 1 3 1 0 27 0 2 1 8 0 14 29.2078 0.881999 5 5 7 2 4 1 1 1 1873764 0 0 10 40 15.75 15.75 6 1 3
0 0 0 0 1 2 1 0 27 0 2 1 358 0 9 29.2078 0.216999 5 -1 -1 -1 -1 -1 -1 -1 1874397 0 0 10 40 15.75 15.75 6 1 3
0 0 0 0 1 2 1 0 27 0 2 1 6 -1 43 28.8158 0 5 -1 -1 -1 -1 -1 -1 -1 1875030 0 0 10 40 15.75 15.75 6 1 3
0 0 0 0 1 1 2 0 27 0 2 1 35 -1 46 28.1508 0 6 -1 -1 -1 -1 -1 -1 -1 1875663 0 0 10 40 15.75 15.75 7 2 3
0 0 0 0 1 1 4 0 27 0 2 1 42 0 15 27.4858 0 6 6 7 3 3 0 1 0 1876296 0 0 10 40 15.75 15.75 7 2 3
0 0 0 0 1 1 2 0 27 0 2 1 34 0 15 29.44 0 6 -1 -1 -1 -1 -1 -1 -1 1876929 0 0 10 40 15.75 15.75 7 2 3
0 0 0 0 1 1 2 0 27 0 2 1 23 0 19 28.775 0 6 -1 -1 -1 -1 -1 -1 -1 1877563 0 0 10 40 15.75 15.75 7 2 3
0 0 0 0 1 2 1 0 27 0 2 1 8 0 22 28.11 0 5 -1 -1 -1 -1 -1 -1 -1 1878196 0 0 10 40 15.75 15.75 8 0 3
0 0 0 0 1 4 1 0 27 0 2 1 6 0 22 27.445 0 5 5 7 2 2 0 1 0 1878829 0 0 10 40 15.75 15.75 1 3 3
0 0 0 0 1 2 1 0 27 0 2 1 17 0 5 29.44 0 5 -1 -1 -1 -1 -1 -1 -1 1879462 0 0 10 40 15.75 15.75 1 3 3
0 0 0 0 1 2 1 0 27 0 2 1 14 0 9 28.74 0 5 -1 -1 -1 -1 -1 -1 -1 1880129 0 0 10 40 15.75 15.75 1 3 3
0 0 0 0 1 2 1 0 27 0 2 1 7 0 11 28.08 0 5 -1 -1 -1 -1 -1 -1 -1 1880795 0 0 10 40 14.75 14.75 1 3 3
0 0 0 0 1 4 1 0 27 0 2 1 1 0 7 27.4244 0 5 5 7 4 1 0 1 1 1881462 0 0 10 40 14.75 14.75 7 3 3
0 0 0 0 1 2 1 0 27 0 2 1 357 0 6 26.7689 0 5 -1 -1 -1 -1 -1 -1 -1 1882128 0 0 10 40 14.75 14.75 7 3 3
0 0 0 0 1 2 1 0 27 0 2 1 349 0 8 26.4411 2.32811 5 -1 -1 -1 -1 -1 -1 -1 1882795 0 0 10 40 15.25 15.25 7 3 3
0 0 0 0 1 2 1 0 27 0 2 1 343 0 9 26.4411 1.65033 5 -1 -1 -1 -1 -1 -1 -1 1883461 0 0 10 40 15.25 15.25 7 3 3
0 0 0 0 3 2 1 0 27 0 2 1 338 0 11 26.4411 0.972556 5 4 7 1 1 1 1 1 1884128 0 0 10 40 15.25 15.25 6 1 3
0 0 0 0 2 1 1 0 27 0 2 1 335 0 1 26.4411 0.328667 4 -1 -1 -1 -1 -1 -1 -1 1884761 0 0 10 40 15.25 15.25 6 1 3
0 0 0 0 2 1 1 0 27 0 2 1 326 0 24 26.1124 0 4 -1 -1 -1 -1 -1 -1 -1 1885427 0 0 10 40 15.25 15.25 6 1 3
0 0 0 0 2 1 1 0 27 0 2 1 317 0 11 25.4346 0 4 -1 -1 -1 -1 -1 -1 -1 1886094 0 0 10 40 15.25 15.25 6 1 3
0 0 0 0 4 1 1 0 27 0 2 1 315 0 16 24.7907 0 4 4 7 0 4 0 1 0 1886727 0 0 10 40 15.25 15.25 7 2 3
0 0 0 0 2 1 1 0 27 0 2 1 330 0 9 29.4239 0 4 -1 -1 -1 -1 -1 -1 -1 1887394 0 0 10 40 15.25 15.25 7 2 3
0 0 0 0 2 1 1 0 27 0 2 1 329 0 1 28.7461 0 4 -1 -1 -1 -1 -1 -1 -1 1888060 0 0 10 40 15.25 15.25 7 2 3
0 0 0 0 2 1 1 0 27 0 2 1 322 0 13 28.1022 0 4 -1 -1 -1 -1 -1 -1 -1 1888693 0 0 10 40 15.25 15.25 7 2 3
0 0 0 0 4 1 1 0 27 0 2 1 318 0 0 27.4244 0 4 4 7 3 4 0 1 0 1889360 0 0 10 40 15.25 15.25 8 0 3
0 0 0 0 2 1 1 0 27 0 2 1 323 0 12 29.4239 0 4 -1 -1 -1 -1 -1 -1 -1 1890026 0 0 10 40 15.25 15.25 1 3 3
1 0 1 1 1 2 1 1 27 0 2 1 339 0 27 28.78 0 5 -1 -1 -1 -1 -1 -1 -1 1890659 0 0 10 40 15.25 15.25 1 3 7
1 0 1 1 1 2 1 1 27 0 2 1 358 0 18 28.1022 0 5 -1 -1 -1 -1 -1 -1 -1 1891326 0 0 10 40 15.25 15.25 1 3 7
1 0 1 1 1 4 1 1 27 0 2 1 4 0 6 27.4244 0 5 5 7 1 4 0 1 0 1891992 0 0 10 40 15.25 15.25 1 3 7
1 0 1 1 1 2 1 1 27 0 2 1 8 0 12 29.4578 0 5 -1 -1 -1 -1 -1 -1 -1 1892626 0 0 10 40 15.25 15.25 7 3 7
1 0 1 1 1 2 1 1 27 0 2 1 15 0 17 29.0511 2.39145 5 -1 -1 -1 -1 -1 -1 -1 1893292 0 0 10 40 15.5 15.5 7 3 7
1 0 1 1 1 2 1 1 27 0 2 1 20 0 9 29.0511 1.737 5 -1 -1 -1 -1 -1 -1 -1 1893925 0 0 10 40 15.5 15.5 7 3 7
1 0 1 1 1 1 3 1 27 0 2 1 27 0 6 29.0511 1.04811 6 6 7 1 1 1 1 1 1894592 0 0 10 40 15.5 15.5 7 3 7
1 0 1 1 1 1 2 1 27 0 2 1 33 0 7 29.0511 0.393669 6 -1 -1 -1 -1 -1 -1 -1 1895225 0 0 10 40 15.5 15.5 6 1 7
1 0 1 1 1 1 2 1 27 0 2 1 24 0 23 28.8296 0 6 -1 -1 -1 -1 -1 -1 -1 1895858 0 0 10 40 15.5 15.5 6 1 7
1 0 1 1 1 2 1 1 27 0 2 1 11 0 11 28.1407 0 5 -1 -1 -1 -1 -1 -1 -1 1896525 0 0 10 40 15.5 15.5 6 1 7
1 0 1 1 1 4 1 1 27 0 2 1 3 0 15 27.4863 0 5 5 7 0 0 0 1 0 1897158 0 0 10 40 15.5 15.5 6 1 7
1 0 1 1 1 2 1 1 27 0 2 1 357 0 9 29.4489 0 5 -1 -1 -1 -1 -1 -1 -1 1897791 0 0 10 40 15.5 15.5 7 2 7
1 0 1 1 1 2 1 1 27 0 2 1 346 0 21 28.7944 2.632 5 -1 -1 -1 -1 -1 -1 -1 1898458 0 0 10 40 15.75 15.75 7 2 7
1 0 1 1 1 2 1 1 27 0 2 1 338 0 10 28.7944 1.967 5 -1 -1 -1 -1 -1 -1 -1 1899091 0 0 10 40 15.75 15.75 7 2 7
1 0 1 1 3 1 1 1 27 0 2 1 332 0 7 28.7944 1.302 4 4 7 4 0 1 1 1 1899724 0 0 10 40 15.75 15.75 7 2 7
1 0 1 1 2 1 1 1 27 0 2 1 328 0 3 28.7944 0.636999 4 -1 -1 -1 -1 -1 -1 -1 1900357 0 0 10 40 15.75 15.75 8 0 7
1 0 1 1 2 1 1 1 27 0 2 1 335 0 29 28.7944 -0.028001 4 -1 -1 -1 -1 -1 -1 -1 1900990 0 0 10 40 15.75 15.75 1 3 7
1 0 1 1 1 2 1 1 27 0 2 1 356 -1 30 28.1574 0 5 -1 -1 -1 -1 -1 -1 -1 1901623 0 0 10 40 15.75 15.75 1 3 7
1 0 1 1 1 4 1 1 27 0 2 1 10 0 0 27.4924 0 5 5 7 3 4 0 1 0 1902257 0 0 10 40 15.75 15.75 1 3 7
1 0 1 1 1 2 1 1 27 0 2 1 11 0 2 29.44 0 5 -1 -1 -1 -1 -1 -1 -1 1902890 0 0 10 40 15.75 15.75 1 3 7
1 0 1 1 1 2 1 1 27 0 2 1 7 0 0 28.775 0 5 -1 -1 -1 -1 -1 -1 -1 1903523 0 0 10 40 15.75 15.75 7 3 7
1 0 1 1 1 2 1 1 27 0 2 1 3 0 1 28.11 0 5 -1 -1 -1 -1 -1 -1 -1 1904156 0 0 10 40 15.75 15.75 7 3 7
1 0 1 1 1 4 1 1 27 0 2 1 2 0 0 27.445 0 5 5 7 2 4 0 1 0 1904789 0 0 10 40 15.75 15.75 7 3 7
1 0 1 1 1 2 1 1 27 0 2 1 2 0 1 29.44 0 5 -1 -1 -1 -1 -1 -1 -1 1905423 0 0 10 40 15.75 15.75 7 3 7
1 0 1 1 1 2 1 1 27 0 2 1 0 0 5 28.985 2.45367 5 -1 -1 -1 -1 -1 -1 -1 1906056 0 0 10 40 16 16 6 1 7
1 0 1 1 1 2 1 1 27 0 2 1 1 0 0 28.985 1.77811 5 -1 -1 -1 -1 -1 -1 -1 1906689 0 0 10 40 16 16 6 1 7
1 0 1 1 1 3 1 1 27 0 2 1 1 0 0 28.985 1.10255 5 5 7 2 2 1 1 1 1907322 0 0 10 40 16 16 6 1 7
1 0 1 1 1 2 1 1 27 0 2 1 1 0 1 28.985 0.462554 5 -1 -1 -1 -1 -1 -1 -1 1907922 0 0 10 40 16 16 6 1 7
1 0 1 1 1 2 1 1 27 0 2 1 2 0 1 28.8425 0 5 -1 -1 -1 -1 -1 -1 -1 1908555 0 0 10 40 16 16 7 2 7
1 0 1 1 1 2 1 1 27 0 2 1 3 0 0 28.1669 0 5 -1 -1 -1 -1 -1 -1 -1 1909188 0 0 10 40 16 16 7 2 7
1 0 1 1 1 4 1 1 27 0 2 1 5 0 4 27.4914 0 5 5 7 3 3 0 1 0 1909821 0 0 10 40 16 16 7 2 7
1 0 1 1 1 2 1 1 27 0 2 1 7 0 2 29.4667 0 5 -1 -1 -1 -1 -1 -1 -1 1910421 0 0 10 40 16 16 7 2 7
1 0 1 1 1 2 1 1 27 0 2 1 7 0 4 28.7911 0 5 -1 -1 -1 -1 -1 -1 -1 1911054 0 0 10 40 16 16 8 0 7
1 0 1 1 1 2 1 1 27 0 2 1 6 0 1 28.1156 0 5 -1 -1 -1 -1 -1 -1 -1 1911688 0 0 10 40 16 16 1 3 7
1 0 1 1 1 4 1 1 27 0 2 1 6 0 3 27.44 0 5 5 7 4 2 0 1 0 1912321 0 0 10 40 16 16 1 3 7
1 0 1 1 1 2 1 1 27 0 2 1 7 0 0 29.4667 0 5 -1 -1 -1 -1 -1 -1 -1 1912921 0 0 10 40 16 16 1 3 7
1 0 1 1 1 2 1 1 27 0 2 1 358 1 42 28.7911 0 5 -1 -1 -1 -1 -1 -1 -1 1913554 0 0 10 40 16 16 1 3 7
1 0 1 1 2 1 1 1 27 0 2 1 324 1 42 28.1156 0 4 -1 -1 -1 -1 -1 -1 -1 1914187 0 0 10 40 16 16 7 3 7
1 0 1 1 3 1 1 1 27 0 2 1 313 0 4 27.44 0 4 4 7 2 4 1 1 0 1914820 0 0 10 40 16 16 7 3 7
1 0 1 1 2 1 1 1 27 0 2 1 316 0 6 26.8001 0 4 -1 -1 -1 -1 -1 -1 -1 1915453 0 0 10 40 15 15 7 3 7
0 0 0 0 2 1 1 0 27 0 2 1 328 0 28 26.1334 0 4 -1 -1 -1 -1 -1 -1 -1 1916120 0 0 10 40 15 15 7 3 3
0 0 0 0 1 2 1 0 27 0 2 1 347 0 16 25.4667 0 5 -1 -1 -1 -1 -1 -1 -1 1916786 0 0 10 40 15 15 6 1 3
0 0 0 0 1 4 1 0 27 0 2 1 358 0 16 24.8001 0 5 5 7 0 0 0 1 0 1917453 0 0 10 40 15 15 6 1 3
0 0 0 0 1 2 1 0 27 0 2 1 4 0 15 29.4333 0 5 -1 -1 -1 -1 -1 -1 -1 1918119 0 0 10 40 15 15 6 1 3
0 0 0 0 1 2 1 0 27 0 2 1 9 0 5 28.7667 0 5 -1 -1 -1 -1 -1 -1 -1 1918786 0 0 10 40 15 15 6 1 3
0 0 0 0 1 2 1 0 27 0 2 1 0 0 16 28.1 0 5 -1 -1 -1 -1 -1 -1 -1 1919452 0 0 10 40 15 15 7 2 3
0 0 0 0 1 4 1 0 27 0 2 1 354 0 5 27.4334 0 5 5 7 4 2 0 1 0 1920119 0 0 10 40 15 15 7 2 3
0 0 0 0 1 2 1 0 27 0 2 1 349 0 1 29.4333 0 5 -1 -1 -1 -1 -1 -1 -1 1920785 0 0 10 40 15 15 7 2 3
0 0 0 0 1 2 1 0 27 0 2 1 3 -1 39 28.7667 0 5 -1 -1 -1 -1 -1 -1 -1 1921452 0 0 10 40 15 15 7 2 3
0 0 0 0 1 1 2 0 27 0 2 1 31 -1 39 28.1 0 6 -1 -1 -1 -1 -1 -1 -1 1922118 0 0 10 40 15 15 8 0 3
0 0 0 0 1 1 4 0 27 0 2 1 45 0 0 27.4334 0 6 6 7 3 3 0 1 0 1922785 0 0 10 40 15 15 1 3 3
0 0 0 0 1 1 2 0 27 0 2 1 39 0 4 29.4333 0 6 -1 -1 -1 -1 -1 -1 -1 1923451 0 0 10 40 15 15 1 3 3
0 0 0 0 1 1 2 0 27 0 2 1 40 0 5 28.7667 0 6 -1 -1 -1 -1 -1 -1 -1 1924118 0 0 10 40 15 15 1 3 3
0 0 0 0 1 1 2 0 27 0 2 1 44 0 9 28.1 0 6 -1 -1 -1 -1 -1 -1 -1 1924784 0 0 10 40 15 15 1 3 3
0 0 0 0 1 1 4 0 27 0 2 1 44 0 11 27.4334 0 6 6 7 0 0 0 1 0 1925451 0 0 10 40 15 15 7 3 3
0 0 0 0 1 1 2 0 27 0 2 1 36 0 19 29.4333 0 6 -1 -1 -1 -1 -1 -1 -1 1926117 0 0 10 40 15 15 7 3 3
0 0 0 0 1 1 2 0 27 0 2 1 23 0 16 28.7678 0 6 -1 -1 -1 -1 -1 -1 -1 1926784 0 1 10 40 14.5 60 7 3 3
0 0 0 0 1 1 2 0 27 0 2 1 23 0 21 28.7678 0 6 -1 -1 -1 -1 -1 -1 -1 1926951 0 1 10 40 14.5 60 7 3 3
0 0 0 0 1 4 2 0 27 0 2 1 23 0 19 28.7678 0 6 5 7 4 3 0 1 1 1927117 0 1 10 40 14.5 60 6 1 3
0 0 0 0 1 1 2 0 27 0 2 1 23 0 13 28.7678 0 6 -1 -1 -1 -1 -1 -1 -1 1927284 0 1 10 40 14.5 60 6 1 3
0 0 0 0 1 1 2 0 27 0 2 1 23 0 14 28.7678 0 6 -1 -1 -1 -1 -1 -1 -1 1927450 0 1 10 40 14.5 60 6 1 3
0 0 0 0 1 1 2 0 27 0 2 1 23 0 11 28.7678 0 6 -1 -1 -1 -1 -1 -1 -1 1927617 0 1 10 40 14.5 60 6 1 3
0 0 0 0 1 1 2 0 27 0 2 1 23 0 14 28.7678 0 6 -1 -1 -1 -1 -1 -1 -1 1927784 0 1 10 40 14.5 60 7 2 3
0 0 0 0 1 1 2 0 27 0 2 1 23 0 16 28.7678 0 6 -1 -1 -1 -1 -1 -1 -1 1927950 0 1 10 40 14.5 60 7 2 3
0 0 0 0 1 1 2 0 27 0 2 1 23 0 12 28.7678 0 6 -1 -1 -1 -1 -1 -1 -1 1928117 0 1 10 40 14.5 60 7 2 3
0 0 0 0 1 1 2 0 27 0 2 1 23 0 11 28.7678 0 6 -1 -1 -1 -1 -1 -1 -1 1928284 0 1 10 40 14.5 60 7 2 3
0 0 0 0 1 1 2 0 27 0 2 1 23 0 19 28.7678 0 6 -1 -1 -1 -1 -1 -1 -1 1928450 0 1 10 40 14.5 60 8 0 3
0 0 0 0 1 1 2 0 27 0 2 1 23 0 8 28.7678 0 6 -1 -1 -1 -1 -1 -1 -1 1928617 0 1 10 40 14.5 60 1 3 3
0 0 0 0 1 2 1 0 28 0 0 0 4 -1 40 29.7867 0 5 -1 -1 -1 -1 -1 -1 -1 1939148 0 0 10 40 32 60 5 0 3
0 0 0 0 1 2 1 0 28 0 0 0 10 -1 48 29.4311 0 5 -1 -1 -1 -1 -1 -1 -1 1939314 0 0 10 40 32 56.1422 5 0 3
0 0 0 0 1 2 1 0 28 0 0 0 21 -1 40 28.9333 0 5 -1 -1 -1 -1 -1 -1 -1 1939548 0 0 10 40 32 32 5 0 3
0 0 0 0 1 1 2 0 28 0 0 0 27 1 36 28.2222 0 6 -1 -1 -1 -1 -1 -1 -1 1939881 0 0 10 40 32 32 5 0 3
0 0 0 0 1 2 1 0 28 0 0 0 17 1 39 27.5822 0 5 -1 -1 -1 -1 -1 -1 -1 1940181 0 0 10 40 32 32 2 3 3
0 0 0 0 1 2 1 0 28 0 0 0 6 1 31 26.9422 0 5 -1 -1 -1 -1 -1 -1 -1 1940481 0 0 10 40 32 32 2 3 3
0 0 0 0 1 2 1 0 28 0 0 0 357 0 19 26.2311 0 5 -1 -1 -1 -1 -1 -1 -1 1940814 0 0 10 40 32 32 2 3 3
0 0 0 0 1 2 1 0 28 0 0 0 350 0 23 25.5911 0 5 -1 -1 -1 -1 -1 -1 -1 1941114 0 0 10 40 32 32 2 3 3
0 0 0 0 1 2 1 0 28 0 0 0 350 -1 63 24.88 0 5 -1 -1 -1 -1 -1 -1 -1 1941447 0 0 10 40 32 32 3 3 3
0 0 0 0 1 2 1 0 28 0 0 0 7 -2 82 24.24 0 5 -1 -1 -1 -1 -1 -1 -1 1941747 0 0 10 40 32 32 3 3 3
0 0 0 0 1 1 3 0 28 0 0 0 30 -2 74 23.5999 0 6 6 6 5 5 1 1 0 1942047 0 0 10 40 32 32 3 3 3
0 0 0 0 1 1 2 0 28 0 0 0 45 -1 47 25.5481 0 6 -1 -1 -1 -1 -1 -1 -1 1942380 0 0 10 40 32.5 32.5 3 3 3
0 0 0 0 1 1 2 0 28 0 0 0 45 0 16 24.8981 0 6 -1 -1 -1 -1 -1 -1 -1 1942680 0 0 10 40 32.5 32.5 4 2 3
0 0 0 0 1 1 2 0 28 0 0 0 45 -1 40 24.2481 0 6 -1 -1 -1 -1 -1 -1 -1 1942980 0 0 10 40 32.5 32.5 4 2 3
0 0 0 0 1 1 3 0 28 0 0 0 45 -1 41 23.5981 0 6 6 6 5 5 1 1 0 1943280 0 0 10 40 32.5 32.5 4 2 3
0 0 0 0 1 1 2 0 28 0 0 0 45 -1 39 25.6084 0 6 -1 -1 -1 -1 -1 -1 -1 1943580 0 0 10 40 33 33 4 2 3
0 0 0 0 1 1 2 0 28 0 0 0 45 -1 42 24.8751 0 6 -1 -1 -1 -1 -1 -1 -1 1943913 0 0 10 40 33 33 8 0 3
0 0 0 0 1 1 2 0 28 0 0 0 45 -1 36 24.2151 0 6 -1 -1 -1 -1 -1 -1 -1 1944213 0 0 10 40 33 33 5 0 3
0 0 0 0 1 1 3 0 28 0 0 0 45 -1 39 23.5551 0 6 6 6 5 5 1 1 0 1944513 0 0 10 40 33 33 5 0 3
0 0 0 0 1 1 2 0 28 0 0 0 45 -1 41 25.5554 0 6 -1 -1 -1 -1 -1 -1 -1 1944813 0 0 10 40 33.5 33.5 5 0 3
0 0 0 0 1 1 2 0 28 0 0 0 41 1 52 24.8854 0 6 -1 -1 -1 -1 -1 -1 -1 1945113 0 0 10 40 33.5 33.5 5 0 3
0 0 0 0 1 1 2 0 28 0 0 0 25 1 47 24.2154 0 6 -1 -1 -1 -1 -1 -1 -1 1945413 0 0 10 40 33.5 33.5 2 3 3
0 0 0 0 1 3 1 0 28 0 0 0 7 1 57 23.5454 0 5 5 6 5 5 1 1 0 1945713 0 0 10 40 33.5 33.5 2 3 3
0 0 0 0 1 2 1 0 28 0 0 0 355 0 11 25.5391 0 5 -1 -1 -1 -1 -1 -1 -1 1946013 0 0 10 40 33.75 33.75 2 3 3
0 0 0 0 1 2 1 0 28 0 0 0 348 1 33 24.9391 0 5 -1 -1 -1 -1 -1 -1 -1 1946279 0 0 10 40 33.75 33.75 2 3 3
0 0 0 0 2 1 1 0 28 0 0 0 333 1 52 24.2641 0 4 -1 -1 -1 -1 -1 -1 -1 1946579 0 0 10 40 33.75 33.75 3 3 3
0 0 0 0 3 1 1 0 28 0 0 0 315 1 55 23.5891 0 4 4 6 5 5 1 1 0 1946879 0 0 10 40 33.75 33.75 3 3 3
0 0 0 0 2 1 1 0 28 0 0 0 315 0 2 25.5777 0 4 -1 -1 -1 -1 -1 -1 -1 1947179 0 0 10 40 34 34 3 3 3
0 0 0 0 2 1 1 0 28 0 0 0 315 0 4 24.8977 0 4 -1 -1 -1 -1 -1 -1 -1 1947479 0 0 10 40 34 34 3 3 3
0 0 0 0 2 1 1 0 28 0 0 0 315 0 6 24.2177 0 4 -1 -1 -1 -1 -1 -1 -1 1947779 0 0 10 40 34 34 4 2 3
0 0 0 0 3 1 1 0 28 0 0 0 315 0 12 23.5377 0 4 4 6 5 5 1 1 0 1948079 0 0 10 40 34 34 4 2 3
0 0 0 0 2 1 1 0 28 0 0 0 315 0 7 25.5975 0 4 -1 -1 -1 -1 -1 -1 -1 1948345 0 0 10 40 34.25 34.25 4 2 3
0 0 0 0 2 1 1 0 28 0 0 0 315 0 17 24.9125 0 4 -1 -1 -1 -1 -1 -1 -1 1948645 0 0 10 40 34.25 34.25 4 2 3
0 0 0 0 2 1 1 0 28 0 0 0 315 0 14 24.2275 0 4 -1 -1 -1 -1 -1 -1 -1 1948945 0 0 10 40 34.25 34.25 8 0 3
0 0 0 0 3 1 1 0 28 0 0 0 315 0 14 23.5425 0 4 4 6 5 5 1 1 0 1949245 0 0 10 40 34.25 34.25 5 0 3
0 0 0 0 2 1 1 0 28 0 0 0 316 0 14 25.5978 0 4 -1 -1 -1 -1 -1 -1 -1 1949512 0 0 10 40 34.5 34.5 5 0 3
0 0 0 0 2 1 1 0 28 0 0 0 321 -1 51 24.9078 0 4 -1 -1 -1 -1 -1 -1 -1 1949812 0 0 10 40 34.5 34.5 5 0 3
0 0 0 0 2 1 1 0 28 0 0 0 340 -2 70 24.2179 0 4 -1 -1 -1 -1 -1 -1 -1 1950112 0 0 10 40 34.5 34.5 5 0 3
0 0 0 0 1 3 1 0 28 0 0 0 357 -1 53 23.6045 0 5 5 6 5 5 1 1 0 1950378 0 0 10 40 34.5 34.5 2 3 3
0 0 0 0 1 2 1 0 28 0 0 0 11 -1 34 25.5782 0 5 -1 -1 -1 -1 -1 -1 -1 1950678 0 0 10 40 34.75 34.75 2 3 3
0 0 0 0 1 2 1 0 28 0 0 0 10 1 49 24.8832 0 5 -1 -1 -1 -1 -1 -1 -1 1950978 0 0 10 40 34.75 34.75 2 3 3
0 0 0 0 1 2 1 0 28 0 0 0 355 2 68 24.2654 0 5 -1 -1 -1 -1 -1 -1 -1 1951245 0 0 10 40 34.75 34.75 2 3 3
0 0 0 0 3 2 1 0 28 0 0 0 337 1 45 23.5704 0 5 4 6 5 5 1 0 0 1951545 0 0 10 40 34.75 34.75 3 3 3
0 0 0 0 2 1 1 0 28 0 0 0 324 0 14 22.8754 0 4 -1 -1 -1 -1 -1 -1 -1 1951845 0 0 10 40 34.75 34.75 3 3 3
0 0 0 0 2 1 1 0 28 0 0 0 323 0 26 22.2576 0 4 -1 -1 -1 -1 -1 -1 -1 1952111 0 0 10 40 34.75 34.75 3 3 3
0 0 0 0 2 1 1 0 28 0 0 0 317 0 15 21.5626 0 4 -1 -1 -1 -1 -1 -1 -1 1952411 0 0 10 40 34.75 34.75 3 3 3
0 0 0 0 3 1 1 0 28 0 0 0 315 0 9 20.9448 0 4 4 6 5 5 1 1 0 1952678 0 0 10 40 34.75 34.75 4 2 3
0 0 0 0 2 1 1 0 28 0 0 0 321 -1 33 22.9135 0 4 -1 -1 -1 -1 -1 -1 -1 1952978 0 0 10 40 35 35 4 2 3
0 0 0 0 2 1 1 0 28 0 0 0 331 0 29 22.2135 0 4 -1 -1 -1 -1 -1 -1 -1 1953278 0 0 10 40 35 35 4 2 3
0 0 0 0 2 1 1 0 28 0 0 0 328 1 39 21.5913 0 4 -1 -1 -1 -1 -1 -1 -1 1953544 0 0 10 40 35 35 4 2 3
0 0 0 0 3 1 1 0 28 0 0 0 316 1 40 20.8913 0 4 4 6 5 5 1 1 0 1953844 0 0 10 40 35 35 8 0 3
0 0 0 0 2 1 1 0 28 0 0 0 317 -1 40 22.9333 0 4 -1 -1 -1 -1 -1 -1 -1 1954111 0 0 10 40 35.25 35.25 5 0 3
0 0 0 0 2 1 1 0 28 0 0 0 334 -1 54 22.2283 0 4 -1 -1 -1 -1 -1 -1 -1 1954411 0 0 10 40 35.25 35.25 5 0 3
0 0 0 0 1 2 1 0 28 0 0 0 340 0 8 21.6016 0 5 -1 -1 -1 -1 -1 -1 -1 1954677 0 0 10 40 35.25 35.25 5 0 3
0 0 0 0 3 2 1 0 28 0 0 0 339 0 10 20.8966 0 5 4 6 5 5 1 0 0 1954977 0 0 10 40 35.25 35.25 5 0 3
0 0 0 0 1 2 1 0 28 0 0 0 348 -1 42 20.2699 0 5 -1 -1 -1 -1 -1 -1 -1 1955244 0 0 10 40 35.25 35.25 2 3 3
0 0 0 0 1 2 1 0 28 0 0 0 3 -1 49 19.5649 0 5 -1 -1 -1 -1 -1 -1 -1 1955544 0 0 10 40 35.25 35.25 2 3 3
0 0 0 0 1 2 1 0 28 0 0 0 13 0 6 18.9383 0 5 -1 -1 -1 -1 -1 -1 -1 1955810 0 0 10 40 35.25 35.25 2 3 3
0 0 0 0 1 3 1 0 28 0 0 0 8 0 22 18.2333 0 5 5 6 5 5 1 1 0 1956110 0 0 10 40 35.25 35.25 2 3 3
0 0 0 0 1 2 1 0 28 0 0 0 4 0 7 20.2708 0 5 -1 -1 -1 -1 -1 -1 -1 1956377 0 0 10 40 35.5 35.5 3 3 3
0 0 0 0 1 2 1 0 28 0 0 0 7 -1 35 19.5609 0 5 -1 -1 -1 -1 -1 -1 -1 1956677 0 0 10 40 35.5 35.5 3 3 3
0 0 0 0 1 2 1 0 28 0 0 0 19 -1 46 18.9298 0 5 -1 -1 -1 -1 -1 -1 -1 1956943 0 0 10 40 35.5 35.5 3 3 3
0 0 0 0 1 1 3 0 28 0 0 0 33 0 27 18.2198 0 6 6 6 5 5 1 1 0 1957243 0 0 10 40 35.5 35.5 3 3 3
0 0 0 0 1 1 2 0 28 0 0 0 32 0 15 20.2529 0 6 -1 -1 -1 -1 -1 -1 -1 1957510 0 0 10 40 35.75 35.75 4 2 3
0 0 0 0 1 1 2 0 28 0 0 0 25 0 14 19.6173 0 6 -1 -1 -1 -1 -1 -1 -1 1957776 0 0 10 40 35.75 35.75 4 2 3
0 0 0 0 1 1 2 0 28 0 0 0 28 0 11 18.9023 0 6 -1 -1 -1 -1 -1 -1 -1 1958076 0 0 10 40 35.75 35.75 4 2 3
0 0 0 0 1 1 3 0 28 0 0 0 36 0 12 18.2668 0 6 6 6 5 5 1 1 0 1958343 0 0 10 40 35.75 35.75 4 2 3
0 0 0 0 1 1 2 0 28 0 0 0 33 1 30 20.2154 0 6 -1 -1 -1 -1 -1 -1 -1 1958643 0 0 10 40 36 36 8 0 3
0 0 0 0 1 1 2 0 28 0 0 0 26 0 6 19.5754 0 6 -1 -1 -1 -1 -1 -1 -1 1958909 0 0 10 40 36 36 5 0 3
0 0 0 0 1 1 2 0 28 0 0 0 30 0 27 18.9354 0 6 -1 -1 -1 -1 -1 -1 -1 1959176 0 0 10 40 36 36 5 0 3
0 0 0 0 1 1 3 0 28 0 0 0 39 0 18 18.2154 0 6 6 6 5 5 1 1 0 1959476 0 0 10 40 36 36 5 0 3
0 0 0 0 1 1 2 0 28 0 0 0 38 1 31 20.2396 0 6 -1 -1 -1 -1 -1 -1 -1 1959743 0 0 10 40 36.25 36.25 5 0 3
0 0 0 0 1 1 2 0 28 0 0 0 35 0 22 19.5952 0 6 -1 -1 -1 -1 -1 -1 -1 1960009 0 0 10 40 36.25 36.25 2 3 3
0 0 0 0 1 1 2 0 28 0 0 0 45 -1 40 18.9508 0 6 -1 -1 -1 -1 -1 -1 -1 1960276 0 0 10 40 36.25 36.25 2 3 3
0 0 0 0 1 1 3 0 28 0 0 0 40 1 45 18.2258 0 6 6 6 5 5 1 1 0 1960576 0 0 10 40 36.25 36.25 2 3 3
0 0 0 0 1 1 2 0 28 0 0 0 30 1 48 20.2455 0 6 -1 -1 -1 -1 -1 -1 -1 1960842 0 0 10 40 36.5 36.5 2 3 3
0 0 0 0 1 2 1 0 28 0 0 0 18 1 35 19.5967 0 5 -1 -1 -1 -1 -1 -1 -1 1961109 0 0 10 40 36.5 36.5 3 3 3
0 0 0 0 1 2 1 0 28 0 0 0 22 0 26 18.9478 0 5 -1 -1 -1 -1 -1 -1 -1 1961376 0 0 10 40 36.5 36.5 3 3 3
0 0 0 0 1 1 3 0 28 0 0 0 32 -1 36 18.2177 0 6 6 6 5 5 1 1 0 1961675 0 0 10 40 36.5 36.5 3 3 3
0 0 0 0 1 1 2 0 28 0 0 0 33 1 47 20.2331 0 6 -1 -1 -1 -1 -1 -1 -1 1961942 0 0 10 40 36.75 36.75 3 3 3
0 0 0 0 1 1 2 0 28 0 0 0 23 1 42 19.5797 0 6 -1 -1 -1 -1 -1 -1 -1 1962209 0 0 10 40 36.75 36.75 4 2 3
0 0 0 0 1 2 1 0 28 0 0 0 8 1 51 18.9264 0 5 -1 -1 -1 -1 -1 -1 -1 1962475 0 0 10 40 36.75 36.75 4 2 3
0 0 0 0 1 3 1 0 28 0 0 0 356 1 43 18.2731 0 5 5 6 5 5 1 1 0 1962742 0 0 10 40 36.75 36.75 4 2 3
0 0 0 0 1 2 1 0 28 0 0 0 349 0 6 20.284 0 5 -1 -1 -1 -1 -1 -1 -1 1963008 0 0 10 40 37 37 4 2 3
0 0 0 0 1 2 1 0 28 0 0 0 349 0 6 19.544 0 5 -1 -1 -1 -1 -1 -1 -1 1963308 0 0 10 40 37 37 8 0 3
0 0 0 0 1 2 1 0 28 0 0 0 337 1 48 18.8862 0 5 -1 -1 -1 -1 -1 -1 -1 1963575 0 0 10 40 37 37 5 0 3
0 0 0 0 3 1 1 0 28 0 0 0 322 2 72 18.2284 0 4 4 6 5 5 1 1 0 1963842 0 0 10 40 37 37 5 0 3
0 0 0 0 2 1 1 0 28 0 0 0 315 0 7 20.2349 0 4 -1 -1 -1 -1 -1 -1 -1 1964108 0 0 10 40 37.25 37.25 5 0 3
0 0 0 0 2 1 1 0 28 0 0 0 318 -1 32 19.5726 0 4 -1 -1 -1 -1 -1 -1 -1 1964375 0 0 10 40 37.25 37.25 5 0 3
0 0 0 0 2 1 1 0 28 0 0 0 320 0 13 18.9104 0 4 -1 -1 -1 -1 -1 -1 -1 1964641 0 0 10 40 37.25 37.25 2 3 3
0 0 0 0 3 1 1 0 28 0 0 0 316 0 6 18.2482 0 4 4 6 5 5 1 1 0 1964908 0 0 10 40 37.25 37.25 2 3 3
0 0 0 0 2 1 1 0 28 0 0 0 323 0 16 20.2502 0 4 -1 -1 -1 -1 -1 -1 -1 1965175 0 0 10 40 37.5 37.5 2 3 3
0 0 0 0 2 1 1 0 28 0 0 0 331 -1 34 19.5835 0 4 -1 -1 -1 -1 -1 -1 -1 1965441 0 0 10 40 37.5 37.5 2 3 3
0 0 0 0 1 2 1 0 28 0 0 0 342 -1 45 18.9169 0 5 -1 -1 -1 -1 -1 -1 -1 1965708 0 0 10 40 37.5 37.5 3 3 3
0 0 0 0 1 3 1 0 28 0 0 0 353 -1 40 18.2502 0 5 5 6 5 5 1 1 0 1965974 0 0 10 40 37.5 37.5 3 3 3
0 0 0 0 1 2 1 0 28 0 0 0 357 0 7 20.2477 0 5 -1 -1 -1 -1 -1 -1 -1 1966241 0 0 10 40 37.75 37.75 3 3 3
0 0 0 0 1 2 1 0 28 0 0 0 349 1 46 19.5766 0 5 -1 -1 -1 -1 -1 -1 -1 1966508 0 0 10 40 37.75 37.75 3 3 3
0 0 0 0 1 2 1 0 28 0 0 0 334 1 53 18.9055 0 5 -1 -1 -1 -1 -1 -1 -1 1966774 0 0 10 40 37.75 37.75 4 2 3
0 0 0 0 3 1 1 0 28 0 0 0 319 1 55 18.2344 0 4 4 6 5 5 1 1 0 1967041 0 0 10 40 37.75 37.75 4 2 3
0 0 0 0 2 1 1 0 28 0 0 0 315 0 5 20.2275 0 4 -1 -1 -1 -1 -1 -1 -1 1967307 0 0 10 40 38 38 4 2 3
0 0 0 0 2 1 1 0 28 0 0 0 323 -1 38 19.552 0 4 -1 -1 -1 -1 -1 -1 -1 1967574 0 0 10 40 38 38 4 2 3
0 0 0 0 2 1 1 0 28 0 0 0 329 0 28 18.8764 0 4 -1 -1 -1 -1 -1 -1 -1 1967841 0 0 10 40 38 38 8 0 3
0 0 0 0 3 1 1 0 28 0 0 0 322 0 25 18.2853 0 4 4 6 5 5 1 1 0 1968074 0 0 10 40 38 38 5 0 3
0 0 0 0 2 1 1 0 28 0 0 0 315 0 13 20.274 0 4 -1 -1 -1 -1 -1 -1 -1 1968341 0 0 10 40 38.25 38.25 5 0 3
0 0 0 0 2 1 1 0 28 0 0 0 315 0 27 19.594 0 4 -1 -1 -1 -1 -1 -1 -1 1968607 0 0 10 40 38.25 38.25 5 0 3
0 0 0 0 2 1 1 0 28 0 0 0 321 -2 64 18.914 0 4 -1 -1 -1 -1 -1 -1 -1 1968874 0 0 10 40 38.25 38.25 5 0 3
0 0 0 0 2 3 1 0 28 0 0 0 336 -1 54 18.234 0 4 5 6 5 5 1 0 0 1969140 0 0 10 40 38.25 38.25 2 3 3
0 0 0 0 1 2 1 0 28 0 0 0 350 -1 41 17.554 0 5 -1 -1 -1 -1 -1 -1 -1 1969407 0 0 10 40 38.25 38.25 2 3 3
0 0 0 0 1 2 1 0 28 0 0 0 359 0 28 16.874 0 5 -1 -1 -1 -1 -1 -1 -1 1969674 0 0 10 40 38.25 38.25 2 3 3
0 0 0 0 1 2 1 0 28 0 0 0 1 0 18 16.279 0 5 -1 -1 -1 -1 -1 -1 -1 1969907 0 0 10 40 38.25 38.25 2 3 3
0 0 0 0 1 3 1 0 28 0 0 0 356 0 17 15.599 0 5 5 6 5 5 1 1 0 1970173 0 0 10 40 38.25 38.25 3 3 3
0 0 0 0 1 2 1 0 28 0 0 0 356 0 13 17.5832 0 5 -1 -1 -1 -1 -1 -1 -1 1970440 0 0 10 40 38.5 38.5 3 3 3
0 0 0 0 1 2 1 0 28 0 0 0 2 -1 34 16.8988 0 5 -1 -1 -1 -1 -1 -1 -1 1970707 0 0 10 40 38.5 38.5 3 3 3
0 0 0 0 1 2 1 0 28 0 0 0 7 0 6 16.2144 0 5 -1 -1 -1 -1 -1 -1 -1 1970973 0 0 10 40 38.5 38.5 3 3 3
0 0 0 0 1 3 1 0 28 0 0 0 5 0 12 15.6155 0 5 5 6 5 5 1 1 0 1971206 0 0 10 40 38.5 38.5 4 2 3
0 0 0 0 1 2 1 0 28 0 0 0 0 0 21 17.5952 0 5 -1 -1 -1 -1 -1 -1 -1 1971473 0 0 10 40 38.75 38.75 4 2 3
0 0 0 0 1 2 1 0 28 0 0 0 353 1 57 16.9063 0 5 -1 -1 -1 -1 -1 -1 -1 1971740 0 0 10 40 38.75 38.75 4 2 3
0 0 0 0 1 2 1 0 28 0 0 0 353 -1 74 16.2175 0 5 -1 -1 -1 -1 -1 -1 -1 1972006 0 0 10 40 38.75 38.75 4 2 3
0 0 0 0 1 2 3 0 28 0 0 0 7 -1 48 15.6147 0 5 6 6 5 5 1 0 0 1972240 0 0 10 40 38.75 38.75 8 0 3
0 0 0 0 1 2 1 0 28 0 0 0 21 -1 57 14.9258 0 5 -1 -1 -1 -1 -1 -1 -1 1972506 0 0 10 40 38.75 38.75 5 0 3
0 0 0 0 1 1 2 0 28 0 0 0 32 0 23 14.2369 0 6 -1 -1 -1 -1 -1 -1 -1 1972773 0 0 10 40 38.75 38.75 5 0 3
0 0 0 0 1 1 2 0 28 0 0 0 19 2 62 13.548 0 6 -1 -1 -1 -1 -1 -1 -1 1973039 0 0 10 40 38.75 38.75 5 0 3
0 0 0 0 1 3 1 0 28 0 0 0 5 2 70 12.9452 0 5 5 6 5 5 1 1 0 1973273 0 0 10 40 38.75 38.75 5 0 3
0 0 0 0 1 2 1 0 28 0 0 0 351 1 39 14.9206 0 5 -1 -1 -1 -1 -1 -1 -1 1973539 0 0 10 40 39 39 2 3 3
0 0 0 0 1 2 1 0 28 0 0 0 346 0 2 14.2272 0 5 -1 -1 -1 -1 -1 -1 -1 1973806 0 0 10 40 39 39 2 3 3
0 0 0 0 1 2 1 0 28 0 0 0 338 2 60 13.6206 0 5 -1 -1 -1 -1 -1 -1 -1 1974039 0 0 10 40 39 39 2 3 3
0 0 0 0 3 1 1 0 28 0 0 0 322 2 74 12.9272 0 4 4 6 5 5 1 1 0 1974306 0 0 10 40 39 39 2 3 3
0 0 0 0 2 1 1 0 28 0 0 0 315 1 48 14.8981 0 4 -1 -1 -1 -1 -1 -1 -1 1974572 0 0 10 40 39.25 39.25 3 3 3
0 0 0 0 2 1 1 0 28 0 0 0 315 0 10 14.2876 0 4 -1 -1 -1 -1 -1 -1 -1 1974806 0 0 10 40 39.25 39.25 3 3 3
0 0 0 0 2 1 1 0 28 0 0 0 315 0 25 13.5898 0 4 -1 -1 -1 -1 -1 -1 -1 1975072 0 0 10 40 39.25 39.25 3 3 3
0 0 0 0 3 1 1 0 28 0 0 0 315 0 27 12.892 0 4 4 6 5 5 1 1 0 1975339 0 0 10 40 39.25 39.25 3 3 3
0 0 0 0 2 1 1 0 28 0 0 0 315 0 11 14.9462 0 4 -1 -1 -1 -1 -1 -1 -1 1975572 0 0 10 40 39.5 39.5 4 2 3
0 0 0 0 2 1 1 0 28 0 0 0 317 0 19 14.244 0 4 -1 -1 -1 -1 -1 -1 -1 1975839 0 0 10 40 39.5 39.5 4 2 3
0 0 0 0 2 1 1 0 28 0 0 0 319 0 10 13.6296 0 4 -1 -1 -1 -1 -1 -1 -1 1976072 0 0 10 40 39.5 39.5 4 2 3
0 0 0 0 3 1 1 0 28 0 0 0 321 0 2 12.9273 0 4 4 6 5 5 1 1 0 1976339 0 0 10 40 39.5 39.5 4 2 3
0 0 0 0 2 1 1 0 28 0 0 0 322 0 6 14.8893 0 4 -1 -1 -1 -1 -1 -1 -1 1976605 0 0 10 40 39.75 39.75 8 0 3
0 0 0 0 2 1 1 0 28 0 0 0 323 0 28 14.271 0 4 -1 -1 -1 -1 -1 -1 -1 1976838 0 0 10 40 39.75 39.75 5 0 3
0 0 0 0 2 1 1 0 28 0 0 0 335 -1 57 13.5643 0 4 -1 -1 -1 -1 -1 -1 -1 1977105 0 0 10 40 39.75 39.75 5 0 3
0 0 0 0 1 3 1 0 28 0 0 0 349 -2 70 12.946 0 5 5 6 5 5 1 1 0 1977338 0 0 10 40 39.75 39.75 5 0 3
0 0 0 0 1 2 1 0 28 0 0 0 3 -1 43 14.9036 0 5 -1 -1 -1 -1 -1 -1 -1 1977605 0 0 10 40 40 40 5 0 3
0 0 0 0 1 2 1 0 28 0 0 0 9 0 18 14.2813 0 5 -1 -1 -1 -1 -1 -1 -1 1977838 0 0 10 40 40 40 2 3 3
0 0 0 0 1 2 1 0 28 0 0 0 21 -2 83 13.5702 0 5 -1 -1 -1 -1 -1 -1 -1 1978105 0 0 10 40 40 40 2 3 3
0 0 0 0 1 1 3 0 28 0 0 0 37 -2 69 12.948 0 6 6 6 5 5 1 1 0 1978338 0 0 10 40 40 40 2 3 3
0 0 0 0 1 1 2 0 28 0 0 0 45 -1 43 14.9039 0 6 -1 -1 -1 -1 -1 -1 -1 1978605 0 0 10 40 40 40 2 3 3
0 0 0 0 1 1 2 0 28 0 0 0 44 0 14 14.2817 0 6 -1 -1 -1 -1 -1 -1 -1 1978838 0 0 10 40 40 40 3 3 3
0 0 0 0 1 1 2 0 28 0 0 0 32 2 68 13.5705 0 6 -1 -1 -1 -1 -1 -1 -1 1979105 0 0 10 40 40 40 3 3 3
0 0 0 0 1 3 1 0 28 0 0 0 17 2 64 12.9483 0 5 5 6 5 5 1 0 0 1979338 0 0 10 40 40 40 3 3 3
0 0 0 0 1 2 1 0 28 0 0 0 1 1 46 12.2372 0 5 -1 -1 -1 -1 -1 -1 -1 1979604 0 0 10 40 40 40 3 3 3
0 0 0 0 1 2 1 0 28 0 0 0 348 2 60 11.615 0 5 -1 -1 -1 -1 -1 -1 -1 1979838 0 0 10 40 40 40 4 2 3
0 0 0 0 1 2 1 0 28 0 0 0 353 -2 65 10.9039 0 5 -1 -1 -1 -1 -1 -1 -1 1980104 0 0 10 40 40 40 4 2 3
0 0 0 0 1 2 3 0 28 0 0 0 8 -1 59 10.2816 0 5 6 6 5 5 1 0 0 1980338 0 0 10 40 40 40 4 2 3
0 0 0 0 1 2 1 0 28 0 0 0 25 -1 56 9.57054 0 5 -1 -1 -1 -1 -1 -1 -1 1980604 0 0 10 40 40 40 4 2 3
0 0 0 0 1 1 2 0 28 0 0 0 32 0 4 8.94831 0 6 -1 -1 -1 -1 -1 -1 -1 1980837 0 0 10 40 40 40 8 0 3
0 0 0 0 1 1 2 0 28 0 0 0 21 2 63 8.2372 0 6 -1 -1 -1 -1 -1 -1 -1 1981104 0 0 10 40 40 40 5 0 3
0 0 0 0 1 3 1 0 28 0 0 0 9 1 38 7.61498 0 5 5 6 5 5 1 1 0 1981337 0 0 10 40 40 40 5 0 3
0 0 0 0 1 2 1 0 28 0 0 0 3 0 15 9.92642 0 5 -1 -1 -1 -1 -1 -1 -1 1981537 0 1 10 40 40 60 5 0 3
0 0 0 0 1 2 1 0 28 0 0 0 3 0 1 9.92642 0 5 -1 -1 -1 -1 -1 -1 -1 1981704 0 1 10 40 40 60 5 0 3
0 0 0 0 1 2 1 0 28 0 0 0 3 -1 40 9.92642 0 5 -1 -1 -1 -1 -1 -1 -1 1981871 0 1 10 40 40 60 2 3 3
0 0 0 0 3 2 1 0 28 0 0 0 3 1 112 9.92642 0 5 4 6 5 5 1 0 0 1982037 0 1 10 40 40 60 2 3 3
0 0 0 0 1 2 1 0 28 0 0 0 3 2 61 9.92642 0 5 -1 -1 -1 -1 -1 -1 -1 1982204 0 1 10 40 40 60 2 3 3
0 0 0 0 1 2 1 0 28 0 0 0 3 1 53 9.92642 0 5 -1 -1 -1 -1 -1 -1 -1 1982370 0 1 10 40 40 60 2 3 3
0 0 0 0 1 2 1 0 28 0 0 0 3 1 57 9.92642 0 5 -1 -1 -1 -1 -1 -1 -1 1982537 0 1 10 40 40 60 3 3 3
0 0 0 0 1 2 1 0 28 0 0 0 3 1 54 9.92642 0 5 -1 -1 -1 -1 -1 -1 -1 1982704 0 1 10 40 40 60 3 3 3
0 0 0 0 1 2 1 0 28 0 0 0 3 1 35 9.92642 0 5 -1 -1 -1 -1 -1 -1 -1 1982870 0 1 10 40 40 60 3 3 3
0 0 0 0 1 2 1 0 29 0 1 1 358 0 14 29.8867 0 5 -1 -1 -1 -1 -1 -1 -1 1996834 0 0 10 40 17 60 3 2 3
0 0 0 0 1 2 1 0 29 0 1 1 355 0 29 29.6978 0 5 -1 -1 -1 -1 -1 -1 -1 1997000 0 0 10 40 17 60 3 2 3
0 0 0 0 1 2 1 0 29 0 1 1 349 1 39 29.5089 0 5 -1 -1 -1 -1 -1 -1 -1 1997167 0 0 10 40 17 60 3 2 3
0 0 0 0 1 2 1 0 29 0 1 1 345 0 10 29.2822 0 5 -1 -1 -1 -1 -1 -1 -1 1997367 0 0 10 40 17 41.2711 3 2 3
0 0 0 0 1 2 1 0 29 0 1 1 359 -2 67 28.8289 0 5 -1 -1 -1 -1 -1 -1 -1 1997767 0 0 10 40 17 17 0 0 3
0 0 0 0 1 2 1 0 29 0 1 1 18 1 31 28.1489 0 5 -1 -1 -1 -1 -1 -1 -1 1998367 0 0 10 40 17 17 0 0 3
0 0 0 0 1 2 1 0 29 0 1 1 354 0 18 27.4689 0 5 -1 -1 -1 -1 -1 -1 -1 1998966 0 0 10 40 17 17 0 0 3
0 0 0 0 1 2 1 0 29 0 1 1 351 0 5 26.8267 0 5 -1 -1 -1 -1 -1 -1 -1 1999533 0 0 10 40 17 17 0 0 3
0 0 0 0 1 2 1 0 29 0 1 1 25 -2 63 26.1468 0 5 -1 -1 -1 -1 -1 -1 -1 2000133 0 0 10 40 17 17 4 2 3
0 0 0 0 1 1 2 0 29 0 1 1 45 0 4 25.4668 0 6 -1 -1 -1 -1 -1 -1 -1 2000733 0 0 10 40 17 17 4 2 3
0 0 0 0 1 1 4 0 29 0 1 1 35 1 40 24.8246 0 6 6 2 5 2 0 1 0 2001299 0 0 10 40 17 17 4 2 3
0 0 0 0 1 2 1 0 29 0 1 1 13 0 4 29.4333 0 5 -1 -1 -1 -1 -1 -1 -1 2001899 0 0 10 40 17 17 4 2 3
0 0 0 0 1 1 2 0 29 0 1 1 28 0 12 28.7534 0 6 -1 -1 -1 -1 -1 -1 -1 2002499 0 0 10 40 17 17 0 1 3
0 0 0 0 1 2 1 0 29 0 1 1 8 2 60 28.1112 0 5 -1 -1 -1 -1 -1 -1 -1 2003065 0 0 10 40 17 17 0 1 3
0 0 0 0 1 3 1 0 29 0 1 1 357 -1 35 27.4312 0 5 5 2 5 2 1 1 0 2003665 0 0 10 40 17 17 0 1 3
0 0 0 0 1 1 2 0 29 0 1 1 26 -1 57 26.7678 0 6 -1 -1 -1 -1 -1 -1 -1 2004265 0 0 10 40 16.5 16.5 0 1 3
0 0 0 0 1 1 2 0 29 0 1 1 39 0 15 26.1078 0 6 -1 -1 -1 -1 -1 -1 -1 2004865 0 0 10 40 16.5 16.5 8 0 3
0 0 0 0 1 1 2 0 29 0 1 1 34 0 9 25.4478 0 6 -1 -1 -1 -1 -1 -1 -1 2005465 0 0 10 40 16.5 16.5 3 2 3
0 0 0 0 1 1 4 0 29 0 1 1 37 0 3 24.7878 0 6 6 0 5 1 0 1 0 2006065 0 0 10 40 16.5 16.5 3 2 3
0 0 0 0 1 1 2 0 29 0 1 1 35 0 19 29.4133 0 6 -1 -1 -1 -1 -1 -1 -1 2006698 0 0 10 40 16.5 16.5 3 2 3
0 0 0 0 1 2 1 0 29 0 1 1 14 0 0 28.7533 0 5 -1 -1 -1 -1 -1 -1 -1 2007298 0 0 10 40 16.5 16.5 3 2 3
0 0 0 0 1 2 1 0 30 0 1 1 359 0 5 29.8867 0 5 -1 -1 -1 -1 -1 -1 -1 2012996 0 0 10 40 17 60 3 1 3
0 0 0 0 1 2 1 0 30 0 1 1 359 0 4 29.6978 0 5 -1 -1 -1 -1 -1 -1 -1 2013163 0 0 10 40 17 60 3 1 3
0 0 0 0 1 2 1 0 30 0 1 1 1 0 15 29.5089 0 5 -1 -1 -1 -1 -1 -1 -1 2013330 0 0 10 40 17 60 3 1 3
0 0 0 0 1 2 1 0 30 0 1 1 3 0 14 29.2822 0 5 -1 -1 -1 -1 -1 -1 -1 2013529 0 0 10 40 17 41.2711 3 1 3
0 0 0 0 1 2 1 0 30 0 1 1 10 0 16 28.8289 0 5 -1 -1 -1 -1 -1 -1 -1 2013929 0 0 10 40 17 17 6 0 3
0 0 0 0 1 2 1 0 30 0 1 1 5 0 8 28.1489 0 5 -1 -1 -1 -1 -1 -1 -1 2014529 0 0 10 40 17 17 6 0 3
0 0 0 0 1 2 1 0 30 0 1 1 2 0 1 27.4689 0 5 -1 -1 -1 -1 -1 -1 -1 2015129 0 0 10 40 17 17 6 0 3
0 0 0 0 1 2 1 0 30 0 1 1 6 0 28 26.8267 0 5 -1 -1 -1 -1 -1 -1 -1 2015696 0 0 10 40 17 17 6 0 3
0 0 0 0 1 1 2 0 30 0 1 1 24 0 29 26.1468 0 6 -1 -1 -1 -1 -1 -1 -1 2016295 0 0 10 40 17 17 7 3 3
0 0 0 0 1 1 2 0 30 0 1 1 38 0 9 25.4668 0 6 -1 -1 -1 -1 -1 -1 -1 2016895 0 0 10 40 17 17 7 3 3
0 0 0 0 1 1 4 0 30 0 1 1 42 0 6 24.8246 0 6 6 1 5 0 0 1 0 2017462 0 0 10 40 17 17 7 3 3
0 0 0 0 1 1 2 0 30 0 1 1 45 0 7 29.4333 0 6 -1 -1 -1 -1 -1 -1 -1 2018062 0 0 10 40 17 17 7 3 3
0 0 0 0 1 1 2 0 30 0 1 1 45 0 2 28.7534 0 6 -1 -1 -1 -1 -1 -1 -1 2018662 0 0 10 40 17 17 1 2 3
0 0 0 0 1 1 2 0 30 0 1 1 45 0 1 28.1112 0 6 -1 -1 -1 -1 -1 -1 -1 2019228 0 0 10 40 17 17 1 2 3
0 0 0 0 1 1 4 0 30 0 1 1 44 0 3 27.4312 0 6 6 0 5 1 0 1 0 2019828 0 0 10 40 17 17 1 2 3
0 0 0 0 1 1 2 0 30 0 1 1 44 0 1 29.4711 0 6 -1 -1 -1 -1 -1 -1 -1 2020394 0 0 10 40 17 17 1 2 3
0 0 0 0 1 1 2 0 30 0 1 1 22 2 60 28.7911 0 6 -1 -1 -1 -1 -1 -1 -1 2020994 0 0 10 40 17 17 8 0 3
0 0 0 0 1 2 1 0 30 0 1 1 353 0 24 28.1112 0 5 -1 -1 -1 -1 -1 -1 -1 2021594 0 0 10 40 17 17 3 1 3
0 0 0 0 1 4 1 0 30 0 1 1 347 0 2 27.4689 0 5 5 3 5 3 0 1 0 2022161 0 0 10 40 17 17 3 1 3
0 0 0 0 1 2 1 0 30 0 1 1 351 0 1 29.4333 0 5 -1 -1 -1 -1 -1 -1 -1 2022761 0 0 10 40 17 17 3 1 3
0 0 0 0 1 2 1 0 30 0 1 1 355 0 9 28.7534 0 5 -1 -1 -1 -1 -1 -1 -1 2023360 0 0 10 40 17 17 3 1 3
0 0 0 0 1 2 1 0 30 0 1 1 357 0 0 28.1112 0 5 -1 -1 -1 -1 -1 -1 -1 2023927 0 0 10 40 17 17 6 0 3
0 0 0 0 1 4 1 0 30 0 1 1 357 0 3 27.4312 0 5 5 2 5 2 0 1 0 2024527 0 0 10 40 17 17 6 0 3
0 0 0 0 1 2 1 0 30 0 1 1 358 0 15 29.4333 0 5 -1 -1 -1 -1 -1 -1 -1 2025127 0 0 10 40 17 17 6 0 3
0 0 0 0 1 2 1 0 30 0 1 1 13 -1 38 28.7911 0 5 -1 -1 -1 -1 -1 -1 -1 2025693 0 0 10 40 17 17 6 0 3
0 0 0 0 1 1 2 0 30 0 1 1 37 -1 40 28.1112 0 6 -1 -1 -1 -1 -1 -1 -1 2026293 0 0 10 40 17 17 7 3 3
0 0 0 0 1 1 4 0 30 0 1 1 42 0 11 27.4312 0 6 6 1 5 0 0 1 0 2026893 0 0 10 40 17 17 7 3 3
0 0 0 0 1 1 2 0 30 0 1 1 34 0 5 29.4711 0 6 -1 -1 -1 -1 -1 -1 -1 2027459 0 0 10 40 17 17 7 3 3
0 0 0 0 1 1 2 0 30 0 1 1 45 0 22 29.0178 2.43367 6 -1 -1 -1 -1 -1 -1 -1 2028059 0 0 10 40 17.5 17.5 7 3 3
0 0 0 0 1 1 2 0 30 0 1 1 45 0 9 29.0178 1.77255 6 -1 -1 -1 -1 -1 -1 -1 2028626 0 0 10 40 17.5 17.5 1 2 3
0 0 0 0 1 1 3 0 30 0 1 1 45 0 13 29.0178 1.11144 6 6 1 5 0 1 1 1 2029192 0 0 10 40 17.5 17.5 1 2 3
0 0 0 0 1 1 2 0 30 0 1 1 44 0 4 29.0178 0.450332 6 -1 -1 -1 -1 -1 -1 -1 2029759 0 0 10 40 17.5 17.5 1 2 3
0 0 0 0 1 1 2 0 30 0 1 1 21 1 58 28.8786 2.627 6 -1 -1 -1 -1 -1 -1 -1 2030325 0 0 10 40 18 18 1 2 3
0 0 0 0 1 2 1 0 30 0 1 1 355 1 38 28.8786 1.947 5 -1 -1 -1 -1 -1 -1 -1 2030892 0 0 10 40 18 18 8 0 3
0 0 0 0 1 3 1 0 30 0 1 1 347 0 2 28.8786 1.267 5 5 1 5 0 1 1 1 2031458 0 0 10 40 18 18 3 1 3
0 0 0 0 1 2 1 0 30 0 1 1 354 0 16 28.8786 0.627001 5 -1 -1 -1 -1 -1 -1 -1 2031992 0 0 10 40 18 18 3 1 3
0 0 0 0 1 2 1 0 30 0 1 1 359 0 3 28.8786 2.46144 5 -1 -1 -1 -1 -1 -1 -1 2032558 0 0 10 40 18.5 18.5 3 1 3
0 0 0 0 1 2 1 0 30 0 1 1 358 0 2 28.8786 1.80366 5 -1 -1 -1 -1 -1 -1 -1 2033091 0 0 10 40 18.5 18.5 3 1 3
0 0 0 0 1 3 1 0 30 0 1 1 1 0 9 28.8786 1.14589 5 5 1 5 0 1 1 1 2033625 0 0 10 40 18.5 18.5 6 0 3
0 0 0 0 1 2 1 0 30 0 1 1 349 1 41 28.8786 0.488109 5 -1 -1 -1 -1 -1 -1 -1 2034158 0 0 10 40 18.5 18.5 6 0 3
0 0 0 0 2 1 1 0 30 0 1 1 316 2 66 28.6782 0 4 -1 -1 -1 -1 -1 -1 -1 2034724 0 0 10 40 18.5 18.5 6 0 3
0 0 0 0 2 1 1 0 30 0 1 1 315 1 30 28.0205 0 4 -1 -1 -1 -1 -1 -1 -1 2035257 0 0 10 40 18.5 18.5 6 0 3
0 0 0 0 4 1 1 0 30 0 1 1 315 1 44 27.3627 0 4 4 3 5 3 0 1 0 2035791 0 0 10 40 18.5 18.5 7 3 3
0 0 0 0 2 1 1 0 30 0 1 1 316 -1 39 29.4656 0 4 -1 -1 -1 -1 -1 -1 -1 2036324 0 0 10 40 18.5 18.5 7 3 3
0 0 0 0 1 2 1 0 30 0 1 1 342 -1 49 28.7667 0 5 -1 -1 -1 -1 -1 -1 -1 2036890 0 0 10 40 18.5 18.5 7 3 3
0 0 0 0 1 2 1 0 30 0 1 1 7 0 23 28.1089 0 5 -1 -1 -1 -1 -1 -1 -1 2037424 0 0 10 40 18.5 18.5 7 3 3
0 0 0 0 1 4 1 0 30 0 1 1 359 0 14 27.4511 0 5 5 1 5 0 0 1 0 2037957 0 0 10 40 18.5 18.5 1 2 3
0 0 0 0 1 2 1 0 30 0 1 1 5 0 22 29.4656 0 5 -1 -1 -1 -1 -1 -1 -1 2038490 0 0 10 40 18.5 18.5 1 2 3
0 0 0 0 1 2 1 0 30 0 1 1 2 1 32 28.8078 0 5 -1 -1 -1 -1 -1 -1 -1 2039023 0 0 10 40 18.5 18.5 1 2 3
0 0 0 0 1 2 1 0 30 0 1 1 357 0 4 28.1089 0 5 -1 -1 -1 -1 -1 -1 -1 2039590 0 0 10 40 18.5 18.5 1 2 3
0 0 0 0 1 4 1 0 30 0 1 1 11 -1 39 27.4511 0 5 5 3 5 3 0 1 0 2040123 0 0 10 40 18.5 18.5 8 0 3
0 0 0 0 1 2 1 0 30 0 1 1 20 1 32 29.4656 0 5 -1 -1 -1 -1 -1 -1 -1 2040656 0 0 10 40 18.5 18.5 3 1 3
0 0 0 0 1 2 1 0 30 0 1 1 353 1 48 28.8078 0 5 -1 -1 -1 -1 -1 -1 -1 2041189 0 0 10 40 18.5 18.5 3 1 3
0 0 0 0 2 1 1 0 30 0 1 1 327 1 47 28.15 0 4 -1 -1 -1 -1 -1 -1 -1 2041723 0 0 10 40 18.5 18.5 3 1 3
0 0 0 0 4 1 1 0 30 0 1 1 315 0 4 27.4511 0 4 4 0 5 1 0 1 0 2042289 0 0 10 40 18.5 18.5 3 1 3
0 0 0 0 2 1 1 0 30 0 1 1 325 0 0 29.4656 0 4 -1 -1 -1 -1 -1 -1 -1 2042822 0 0 10 40 18.5 18.5 6 0 3
0 0 0 0 2 1 1 0 30 0 1 1 315 0 27 28.8078 0 4 -1 -1 -1 -1 -1 -1 -1 2043356 0 0 10 40 18.5 18.5 6 0 3
0 0 0 0 2 1 1 0 30 0 1 1 315 0 2 28.15 0 4 -1 -1 -1 -1 -1 -1 -1 2043889 0 0 10 40 18.5 18.5 6 0 3
0 0 0 0 4 1 1 0 30 0 1 1 326 0 23 27.4511 0 4 4 2 5 2 0 1 0 2044455 0 0 10 40 18.5 18.5 6 0 3
0 0 0 0 1 2 1 0 30 0 1 1 340 0 12 29.4656 0 5 -1 -1 -1 -1 -1 -1 -1 2044988 0 0 10 40 18.5 18.5 7 3 3
0 0 0 0 1 2 1 0 30 0 1 1 343 0 4 28.8078 0 5 -1 -1 -1 -1 -1 -1 -1 2045522 0 0 10 40 18.5 18.5 7 3 3
0 0 0 0 1 2 1 0 30 0 1 1 344 0 0 28.6433 2.167 5 -1 -1 -1 -1 -1 -1 -1 2046055 0 0 10 40 18.75 18.75 7 3 3
0 0 0 0 1 3 1 0 30 0 1 1 353 0 20 28.6433 1.50033 5 5 2 5 2 1 1 1 2046588 0 0 10 40 18.75 18.75 7 3 3
0 0 0 0 1 2 1 0 30 0 1 1 5 0 24 28.6433 0.833666 5 -1 -1 -1 -1 -1 -1 -1 2047121 0 0 10 40 18.75 18.75 1 2 3
0 0 0 0 1 2 1 0 30 0 1 1 17 0 22 28.6433 0.167 5 -1 -1 -1 -1 -1 -1 -1 2047654 0 0 10 40 18.75 18.75 1 2 3
0 0 0 0 1 1 2 0 30 0 1 1 29 0 22 28.2263 0 6 -1 -1 -1 -1 -1 -1 -1 2048188 0 0 10 40 18.75 18.75 1 2 3
0 0 0 0 1 1 4 0 30 0 1 1 30 0 29 27.5597 0 6 6 1 5 0 0 1 0 2048723 0 0 10 40 18.75 18.75 1 2 3
0 0 0 0 1 2 1 0 30 0 1 1 13 1 32 29.4583 0 5 -1 -1 -1 -1 -1 -1 -1 2049259 0 0 10 40 18.75 18.75 8 0 3
0 0 0 0 1 2 1 0 30 0 1 1 10 0 15 28.7917 0 5 -1 -1 -1 -1 -1 -1 -1 2049794 0 0 10 40 18.75 18.75 3 1 3
0 0 0 0 1 2 1 0 30 0 1 1 14 0 22 28.125 0 5 -1 -1 -1 -1 -1 -1 -1 2050329 0 0 10 40 18.75 18.75 3 1 3
0 0 0 0 1 4 1 0 30 0 1 1 2 0 26 27.4584 0 5 5 0 5 1 0 1 0 2050864 0 0 10 40 18.75 18.75 3 1 3
0 0 0 0 1 2 1 0 30 0 1 1 359 0 4 29.4583 0 5 -1 -1 -1 -1 -1 -1 -1 2051399 0 0 10 40 18.75 18.75 3 1 3
0 0 0 0 1 2 1 0 30 0 1 1 0 0 2 28.7917 0 5 -1 -1 -1 -1 -1 -1 -1 2051934 0 0 10 40 18.75 18.75 6 0 3
0 0 0 0 1 2 1 0 30 0 1 1 1 0 3 28.145 0 5 -1 -1 -1 -1 -1 -1 -1 2052470 0 0 10 40 17.75 17.75 6 0 3
0 0 0 0 1 4 1 0 30 0 1 1 2 0 0 27.4745 0 5 5 4 5 3 0 1 1 2053038 0 0 10 40 17.75 17.75 6 0 3
0 0 0 0 1 2 1 0 30 0 1 1 6 0 12 26.8039 0 5 -1 -1 -1 -1 -1 -1 -1 2053607 0 0 10 40 17.75 17.75 6 0 3
0 0 0 0 1 2 1 0 30 0 1 1 16 -1 33 26.1334 0 5 -1 -1 -1 -1 -1 -1 -1 2054175 0 0 10 40 17.75 17.75 7 3 3
0 0 0 0 1 1 2 0 30 0 1 1 38 -1 40 25.4628 0 6 -1 -1 -1 -1 -1 -1 -1 2054744 0 0 10 40 17.75 17.75 7 3 3
0 0 0 0 1 1 4 0 30 0 1 1 44 0 14 24.7923 0 6 6 0 5 1 0 1 0 2055313 0 0 10 40 17.75 17.75 7 3 3
0 0 0 0 1 1 2 0 30 0 1 1 41 0 9 29.4478 0 6 -1 -1 -1 -1 -1 -1 -1 2055881 0 0 10 40 17.75 17.75 7 3 3
0 0 0 1 1 1 2 1 30 0 1 1 40 0 2 29.0139 2.42367 6 -1 -1 -1 -1 -1 -1 -1 2056450 0 0 10 40 18.25 18.25 1 2 5
0 0 0 1 1 1 2 1 30 0 1 1 41 0 0 29.0139 1.77478 6 -1 -1 -1 -1 -1 -1 -1 2056985 0 0 10 40 18.25 18.25 1 2 5
0 0 0 1 1 1 3 1 30 0 1 1 44 0 5 29.0139 1.12589 6 6 0 5 1 1 1 1 2057520 0 0 10 40 18.25 18.25 1 2 5
0 0 0 1 1 1 2 1 30 0 1 1 44 0 0 29.0139 0.436445 6 -1 -1 -1 -1 -1 -1 -1 2058089 0 0 10 40 18.25 18.25 1 2 5
0 0 0 1 1 1 2 1 30 0 1 1 45 0 2 28.8613 2.62589 6 -1 -1 -1 -1 -1 -1 -1 2058624 0 0 10 40 18.5 18.5 8 0 5
0 0 0 1 1 1 2 1 30 0 1 1 46 0 12 28.8613 1.927 6 -1 -1 -1 -1 -1 -1 -1 2059192 0 0 10 40 18.5 18.5 3 1 5
0 0 0 1 1 1 3 1 30 0 1 1 43 0 29 28.8613 1.26922 6 6 0 5 4 1 1 1 2059728 0 0 10 40 18.5 18.5 3 1 5
0 0 0 1 1 1 2 1 30 0 1 1 34 0 17 28.8613 0.611443 6 -1 -1 -1 -1 -1 -1 -1 2060263 0 0 10 40 18.5 18.5 3 1 5
0 0 0 1 1 1 2 1 30 0 1 1 24 0 12 28.8255 0 6 -1 -1 -1 -1 -1 -1 -1 2060798 0 0 10 40 18.5 18.5 3 1 5
0 0 0 1 1 2 1 1 30 0 1 1 23 -1 42 28.1677 0 5 -1 -1 -1 -1 -1 -1 -1 2061333 0 0 10 40 18.5 18.5 6 0 5
0 0 0 1 1 1 4 1 30 0 1 1 52 -1 33 27.4688 0 6 6 3 5 3 0 1 0 2061902 0 0 10 40 18.5 18.5 6 0 5
0 0 0 1 1 1 2 1 30 0 1 1 58 0 5 29.4656 0 6 -1 -1 -1 -1 -1 -1 -1 2062437 0 0 10 40 18.5 18.5 6 0 5
0 0 0 1 1 1 2 1 30 0 1 1 51 0 28 28.8078 0 6 -1 -1 -1 -1 -1 -1 -1 2062972 0 0 10 40 18.5 18.5 6 0 5
0 0 0 1 1 1 2 1 30 0 1 1 45 0 7 28.15 0 6 -1 -1 -1 -1 -1 -1 -1 2063507 0 0 10 40 18.5 18.5 7 3 5
0 0 0 1 1 1 3 1 30 0 1 1 39 0 15 27.4511 0 6 6 4 5 3 1 1 0 2064076 0 0 10 40 18.5 18.5 7 3 5
0 0 0 1 1 1 2 1 30 0 1 1 31 0 8 26.8222 0 6 -1 -1 -1 -1 -1 -1 -1 2064611 0 0 10 40 17.5 17.5 7 3 5
0 0 0 1 1 1 2 1 30 0 1 1 49 -1 58 26.1222 0 6 -1 -1 -1 -1 -1 -1 -1 2065213 0 0 10 40 17.5 17.5 7 3 5
0 0 0 1 1 1 1 2 30 0 1 1 81 -1 33 25.4611 0 7 -1 -1 -1 -1 -1 -1 -1 2065782 0 0 10 40 17.5 17.5 1 2 5
0 0 0 1 1 1 1 4 30 0 1 1 87 1 37 24.8 0 7 7 2 5 2 0 1 0 2066350 0 0 10 40 17.5 17.5 1 2 5
0 0 0 1 1 1 2 1 30 0 1 1 55 1 33 29.4556 0 6 -1 -1 -1 -1 -1 -1 -1 2066919 0 0 10 40 17.5 17.5 1 2 5
0 0 0 1 1 1 2 1 30 0 1 1 54 0 27 28.7944 0 6 -1 -1 -1 -1 -1 -1 -1 2067487 0 0 10 40 17.5 17.5 1 2 5
0 0 0 1 1 1 1 2 30 0 1 1 76 -1 39 28.1333 0 7 -1 -1 -1 -1 -1 -1 -1 2068056 0 0 10 40 17.5 17.5 8 0 5
0 0 0 1 1 1 1 4 30 0 1 1 73 0 29 27.4722 0 7 7 0 5 1 0 1 0 2068625 0 0 10 40 17.5 17.5 3 1 5
0 0 0 1 1 1 2 1 30 0 1 1 56 0 2 29.4167 0 6 -1 -1 -1 -1 -1 -1 -1 2069227 0 0 10 40 17.5 17.5 3 1 5
0 0 0 1 1 1 1 2 30 0 1 1 74 -1 45 28.7556 0 7 -1 -1 -1 -1 -1 -1 -1 2069795 0 0 10 40 17.5 17.5 3 1 5
0 0 0 1 1 1 1 2 30 0 1 1 90 0 11 28.0944 0 7 -1 -1 -1 -1 -1 -1 -1 2070364 0 0 10 40 17.5 17.5 3 1 5
0 0 0 1 1 1 1 4 30 0 1 1 85 0 11 27.4333 0 7 7 4 5 0 0 1 0 2070932 0 0 10 40 17.5 17.5 6 0 5
0 0 0 1 1 1 1 2 30 0 1 1 75 0 10 29.4556 0 7 -1 -1 -1 -1 -1 -1 -1 2071501 0 0 10 40 17.5 17.5 6 0 5
0 0 0 1 1 1 1 2 30 0 1 1 87 0 16 28.7944 0 7 -1 -1 -1 -1 -1 -1 -1 2072070 0 0 10 40 17.5 17.5 6 0 5
0 0 0 1 1 1 1 2 30 0 1 1 90 0 7 28.1333 0 7 -1 -1 -1 -1 -1 -1 -1 2072638 0 0 10 40 17.5 17.5 6 0 5
0 0 0 1 1 1 1 3 30 0 1 1 89 0 2 27.4333 0 7 7 1 5 4 1 1 0 2073240 0 0 10 40 17.5 17.5 7 3 5
0 0 0 1 1 1 1 2 30 0 1 1 90 0 3 26.7878 0 7 -1 -1 -1 -1 -1 -1 -1 2073809 0 0 10 40 17 17 7 3 5
0 0 0 1 1 1 1 2 30 0 1 1 79 0 15 26.1078 0 7 -1 -1 -1 -1 -1 -1 -1 2074411 0 0 10 40 17 17 7 3 5
0 0 0 1 1 1 1 2 30 0 1 1 67 0 22 25.4656 0 7 -1 -1 -1 -1 -1 -1 -1 2074980 0 0 10 40 17 17 7 3 5
0 0 0 1 1 1 4 1 30 0 1 1 48 0 27 24.7856 0 6 6 3 5 3 0 1 0 2075582 0 0 10 40 17 17 1 2 5
0 0 0 1 1 1 2 1 30 0 1 1 36 0 26 29.4333 0 6 -1 -1 -1 -1 -1 -1 -1 2076184 0 0 10 40 17 17 1 2 5
0 0 0 1 1 1 2 1 30 0 1 1 23 0 22 28.7911 0 6 -1 -1 -1 -1 -1 -1 -1 2076752 0 0 10 40 17 17 1 2 5
0 0 0 1 1 2 1 1 30 0 1 1 9 0 21 28.1112 0 5 -1 -1 -1 -1 -1 -1 -1 2077354 0 0 10 40 17 17 1 2 5
0 0 0 1 1 3 1 1 30 0 1 1 357 0 20 27.4312 0 5 5 4 5 3 1 1 0 2077956 0 0 10 40 17 17 8 0 5
0 0 0 1 1 2 1 1 30 0 1 1 350 0 3 26.7678 0 5 -1 -1 -1 -1 -1 -1 -1 2078558 0 0 10 40 16.5 16.5 3 1 5
0 0 0 0 1 2 1 0 30 0 1 1 7 0 29 26.1078 0 5 -1 -1 -1 -1 -1 -1 -1 2079160 0 0 10 40 16.5 16.5 3 1 3
0 0 0 0 1 1 2 0 30 0 1 1 26 0 24 25.4623 0 6 -1 -1 -1 -1 -1 -1 -1 2079763 0 0 10 40 16 16 3 1 3
0 0 0 0 1 1 4 0 30 0 1 1 39 0 10 24.7867 0 6 6 4 5 1 0 1 1 2080398 0 0 10 40 16 16 3 1 3
0 0 0 0 1 1 2 0 30 0 1 1 30 0 17 24.1112 0 6 -1 -1 -1 -1 -1 -1 -1 2081033 0 0 10 40 16 16 6 0 3
0 0 0 0 1 2 1 0 30 0 1 1 20 0 16 23.4357 0 5 -1 -1 -1 -1 -1 -1 -1 2081669 0 0 10 40 16 16 6 0 3
0 0 0 0 1 2 1 0 30 0 1 1 10 0 16 22.7957 0 5 -1 -1 -1 -1 -1 -1 -1 2082271 0 0 10 40 16 16 6 0 3
0 0 0 0 1 4 1 0 30 0 1 1 1 0 7 22.1201 0 5 5 3 5 3 0 1 0 2082907 0 0 10 40 16 16 6 0 3
0 0 0 0 1 2 1 0 30 0 1 1 357 0 10 27.4446 0 5 -1 -1 -1 -1 -1 -1 -1 2083542 0 0 10 40 16 16 7 3 3
0 0 0 0 1 2 1 0 30 0 1 1 17 -1 41 26.769 0 5 -1 -1 -1 -1 -1 -1 -1 2084178 0 0 10 40 16 16 7 3 3
0 0 0 0 1 1 2 0 30 0 1 1 36 0 9 26.129 0 6 -1 -1 -1 -1 -1 -1 -1 2084780 0 0 10 40 16 16 7 3 3
0 0 0 0 1 1 4 0 30 0 1 1 44 0 11 25.4535 0 6 6 2 5 2 0 1 0 2085415 0 0 10 40 16 16 7 3 3
0 0 0 0 1 1 2 0 30 0 1 1 42 0 10 29.4311 0 6 -1 -1 -1 -1 -1 -1 -1 2086051 0 0 10 40 16 16 1 2 3
0 0 0 0 1 1 2 0 30 0 1 1 31 0 17 28.7556 0 6 -1 -1 -1 -1 -1 -1 -1 2086686 0 0 10 40 16 16 1 2 3
0 0 0 0 1 2 1 0 30 0 1 1 15 0 18 28.1156 0 5 -1 -1 -1 -1 -1 -1 -1 2087288 0 0 10 40 16 16 1 2 3
0 0 0 0 1 4 1 0 30 0 1 1 5 0 17 27.44 0 5 5 3 5 4 0 1 0 2087924 0 0 10 40 16 16 1 2 3
0 0 0 0 1 2 1 0 30 0 1 1 2 0 0 29.4311 0 5 -1 -1 -1 -1 -1 -1 -1 2088559 0 0 10 40 16 16 8 0 3
0 0 0 0 1 2 1 0 30 0 1 1 359 0 7 28.7556 0 5 -1 -1 -1 -1 -1 -1 -1 2089195 0 0 10 40 16 16 3 1 3
0 0 0 0 1 2 1 0 30 0 1 1 355 0 2 28.1156 0 5 -1 -1 -1 -1 -1 -1 -1 2089797 0 0 10 40 16 16 3 1 3
0 0 0 0 1 3 1 0 30 0 1 1 354 0 4 27.44 0 5 5 4 5 3 1 1 0 2090432 0 0 10 40 16 16 3 1 3
0 0 0 0 1 2 1 0 30 0 1 1 359 0 13 26.7823 0 5 -1 -1 -1 -1 -1 -1 -1 2091068 0 0 10 40 15.5 15.5 3 1 3
0 0 0 0 1 2 1 0 30 0 1 1 15 0 29 26.3345 2.45367 5 -1 -1 -1 -1 -1 -1 -1 2091703 0 0 10 40 16 16 6 0 3
0 0 0 0 1 1 2 0 30 0 1 1 29 0 18 26.3345 1.77811 6 -1 -1 -1 -1 -1 -1 -1 2092339 0 0 10 40 16 16 6 0 3
0 0 0 0 1 1 3 0 30 0 1 1 40 0 7 26.3345 1.10255 6 6 3 5 3 1 1 1 2092974 0 0 10 40 16 16 6 0 3
0 0 0 0 1 1 2 0 30 0 1 1 45 0 11 26.3345 0.426998 6 -1 -1 -1 -1 -1 -1 -1 2093610 0 0 10 40 16 16 6 0 3
0 0 0 0 1 1 2 0 30 0 1 1 35 1 41 26.1919 0 6 -1 -1 -1 -1 -1 -1 -1 2094212 0 0 10 40 16 16 7 3 3
0 0 0 0 1 2 1 0 30 0 1 1 6 1 35 25.5164 0 5 -1 -1 -1 -1 -1 -1 -1 2094847 0 0 10 40 16 16 7 3 3
0 0 0 0 1 4 1 0 30 0 1 1 357 0 3 24.8408 0 5 5 0 5 1 0 1 0 2095483 0 0 10 40 16 16 7 3 3
0 0 0 0 1 2 1 0 30 0 1 1 358 0 9 29.4311 0 5 -1 -1 -1 -1 -1 -1 -1 2096118 0 0 10 40 16 16 7 3 3
0 0 0 0 1 2 1 0 30 0 1 1 338 0 23 29.0756 2.37367 5 -1 -1 -1 -1 -1 -1 -1 2096720 0 0 10 40 16.5 16.5 1 2 3
0 0 0 0 2 1 1 0 30 0 1 1 325 0 17 29.0756 1.71367 4 -1 -1 -1 -1 -1 -1 -1 2097322 0 0 10 40 16.5 16.5 1 2 3
0 0 0 0 3 1 1 0 30 0 1 1 326 0 14 29.0756 1.05367 4 4 4 5 1 1 1 1 2097924 0 0 10 40 16.5 16.5 1 2 3
0 0 0 0 2 1 1 0 30 0 1 1 333 0 1 29.0756 0.357001 4 -1 -1 -1 -1 -1 -1 -1 2098560 0 0 10 40 16.5 16.5 1 2 3
0 0 0 0 2 1 1 0 30 0 1 1 330 0 5 29.0756 2.36478 4 -1 -1 -1 -1 -1 -1 -1 2099162 0 0 10 40 17 17 8 0 3
0 0 0 0 2 1 1 0 30 0 1 1 327 0 1 29.0756 1.72256 4 -1 -1 -1 -1 -1 -1 -1 2099731 0 0 10 40 17 17 3 1 3
0 0 0 0 3 1 1 0 30 0 1 1 326 0 6 29.0756 1.04256 4 4 0 5 4 1 1 1 2100333 0 0 10 40 17 17 3 1 3
0 0 0 0 2 1 1 0 30 0 1 1 325 0 7 29.0756 0.362557 4 -1 -1 -1 -1 -1 -1 -1 2100935 0 0 10 40 17 17 3 1 3
0 0 0 0 2 1 1 0 30 0 1 1 324 0 3 28.8264 0 4 -1 -1 -1 -1 -1 -1 -1 2101503 0 0 10 40 17 17 3 1 3
0 0 0 0 2 1 1 0 30 0 1 1 322 0 0 28.1464 0 4 -1 -1 -1 -1 -1 -1 -1 2102105 0 0 10 40 17 17 6 0 3
0 0 0 0 4 1 1 0 30 0 1 1 321 0 2 27.5042 0 4 4 3 5 3 0 1 0 2102674 0 0 10 40 17 17 6 0 3
0 0 0 0 2 1 1 0 30 0 1 1 324 0 5 29.4333 0 4 -1 -1 -1 -1 -1 -1 -1 2103276 0 0 10 40 17 17 6 0 3
0 0 0 0 2 1 1 0 30 0 1 1 325 0 3 28.9434 0 4 -1 -1 -1 -1 -1 -1 -1 2103744 0 1 10 40 16.5 60 6 0 3
0 0 0 0 2 1 1 0 30 0 1 1 325 0 0 28.9434 0 4 -1 -1 -1 -1 -1 -1 -1 2103911 0 1 10 40 16.5 60 7 3 3
0 0 0 0 2 4 1 0 30 0 1 1 325 0 1 28.9434 0 4 5 4 5 0 0 1 1 2104079 0 1 10 40 16.5 60 7 3 3
0 0 0 0 2 1 1 0 30 0 1 1 325 0 2 28.9434 0 4 -1 -1 -1 -1 -1 -1 -1 2104246 0 1 10 40 16.5 60 7 3 3
0 0 0 0 2 1 1 0 30 0 1 1 325 0 4 28.9434 0 4 -1 -1 -1 -1 -1 -1 -1 2104413 0 1 10 40 16.5 60 7 3 3
0 0 0 0 2 1 1 0 30 0 1 1 325 0 8 28.9434 0 4 -1 -1 -1 -1 -1 -1 -1 2104580 0 1 10 40 16.5 60 1 2 3
0 0 0 0 2 1 1 0 30 0 1 1 325 0 5 28.9434 0 4 -1 -1 -1 -1 -1 -1 -1 2104748 0 1 10 40 16.5 60 1 2 3
0 0 0 0 2 1 1 0 30 0 1 1 325 0 2 28.9434 0 4 -1 -1 -1 -1 -1 -1 -1 2104915 0 1 10 40 16.5 60 1 2 3
0 0 0 0 2 1 1 0 30 0 1 1 325 0 7 28.9434 0 4 -1 -1 -1 -1 -1 -1 -1 2105082 0 1 10 40 16.5 60 1 2 3
0 0 0 0 2 1 1 0 30 0 1 1 325 0 9 28.9434 0 4 -1 -1 -1 -1 -1 -1 -1 2105249 0 1 10 40 16.5 60 8 0 3
0 0 0 0 2 1 1 0 30 0 1 1 325 0 5 28.9434 0 4 -1 -1 -1 -1 -1 -1 -1 2105417 0 1 10 40 16.5 60 3 1 3
0 0 0 0 2 1 1 0 30 0 1 1 325 0 6 28.9434 0 4 -1 -1 -1 -1 -1 -1 -1 2105584 0 1 10 40 16.5 60 3 1 3
0 0 0 0 1 2 1 0 31 0 2 2 358 0 0 29.9067 0 5 -1 -1 -1 -1 -1 -1 -1 2132308 0 0 10 40 14 60 6 0 3
0 0 0 0 1 2 1 0 31 0 2 2 2 -1 32 29.7511 0 5 -1 -1 -1 -1 -1 -1 -1 2132475 0 0 10 40 14 60 6 0 3
0 0 0 0 1 2 1 0 31 0 2 2 3 0 17 29.5956 0 5 -1 -1 -1 -1 -1 -1 -1 2132643 0 0 10 40 14 60 6 0 3
0 0 0 0 1 2 1 0 31 0 2 2 4 0 10 29.44 0 5 -1 -1 -1 -1 -1 -1 -1 2132810 0 0 10 40 14 54.48 6 0 3
0 0 0 0 1 2 1 0 31 0 2 2 0 0 13 29.2222 0 5 -1 -1 -1 -1 -1 -1 -1 2133044 0 0 10 40 14 34.4444 6 1 3
0 0 0 0 1 2 1 0 31 0 2 2 346 1 39 28.7245 0 5 -1 -1 -1 -1 -1 -1 -1 2133579 0 0 10 40 14 14 6 1 3
0 0 0 0 2 1 1 0 31 0 2 2 332 0 4 28.04 0 4 -1 -1 -1 -1 -1 -1 -1 2134315 0 0 10 40 14 14 6 1 3
0 0 0 0 1 2 1 0 31 0 2 2 343 0 10 27.3867 0 5 -1 -1 -1 -1 -1 -1 -1 2135017 0 0 10 40 14 14 6 1 3
0 0 0 0 2 1 1 0 31 0 2 2 315 2 65 26.7023 0 4 -1 -1 -1 -1 -1 -1 -1 2135753 0 0 10 40 14 14 3 0 3
0 0 0 0 2 1 1 0 31 0 2 2 315 1 42 26.0489 0 4 -1 -1 -1 -1 -1 -1 -1 2136456 0 0 10 40 14 14 3 0 3
0 0 0 0 4 1 1 0 31 0 2 2 315 1 34 25.3956 0 4 4 7 3 3 0 1 0 2137158 0 0 10 40 14 14 3 0 3
0 0 0 0 2 1 1 0 31 0 2 2 324 -1 40 29.4089 0 4 -1 -1 -1 -1 -1 -1 -1 2137894 0 0 10 40 14 14 3 0 3
0 0 0 0 1 2 1 0 31 0 2 2 345 0 23 28.7556 0 5 -1 -1 -1 -1 -1 -1 -1 2138596 0 0 10 40 14 14 6 1 3
0 0 0 0 1 2 1 0 31 0 2 2 349 0 13 28.0711 0 5 -1 -1 -1 -1 -1 -1 -1 2139332 0 0 10 40 14 14 6 1 3
0 0 0 0 1 4 1 0 31 0 2 2 350 0 18 27.4178 0 5 5 7 2 2 0 1 0 2140035 0 0 10 40 14 14 6 1 3
0 0 0 0 2 1 1 0 31 0 2 2 329 0 17 29.4089 0 4 -1 -1 -1 -1 -1 -1 -1 2140770 0 0 10 40 14 14 6 1 3
0 0 0 0 2 1 1 0 31 0 2 2 315 0 18 28.7556 0 4 -1 -1 -1 -1 -1 -1 -1 2141473 0 0 10 40 14 14 8 0 3
0 0 0 0 2 1 1 0 31 0 2 2 315 0 14 28.1022 0 4 -1 -1 -1 -1 -1 -1 -1 2142175 0 0 10 40 14 14 6 0 3
0 0 0 0 4 1 1 0 31 0 2 2 315 0 9 27.4178 0 4 4 7 0 0 0 1 0 2142911 0 0 10 40 14 14 6 0 3
0 0 0 0 2 1 1 0 31 0 2 2 315 0 7 29.44 0 4 -1 -1 -1 -1 -1 -1 -1 2143613 0 0 10 40 14 14 6 0 3
0 0 0 0 2 1 1 0 31 0 2 2 315 0 7 29.2845 2.15144 4 -1 -1 -1 -1 -1 -1 -1 2144316 0 0 10 40 14.5 14.5 6 0 3
0 0 0 0 2 1 1 0 31 0 2 2 315 0 7 29.2845 1.47478 4 -1 -1 -1 -1 -1 -1 -1 2145018 0 0 10 40 14.5 14.5 6 1 3
0 0 0 0 3 1 1 0 31 0 2 2 316 0 14 29.2845 0.798109 4 4 7 2 2 1 1 1 2145721 0 0 10 40 14.5 14.5 6 1 3
0 0 0 0 2 1 1 0 31 0 2 2 320 0 7 29.2845 0.153664 4 -1 -1 -1 -1 -1 -1 -1 2146390 0 0 10 40 14.5 14.5 6 1 3
0 0 0 0 2 1 1 0 31 0 2 2 315 0 28 28.7763 0 4 -1 -1 -1 -1 -1 -1 -1 2147092 0 0 10 40 14.5 14.5 6 1 3
0 0 0 0 2 1 1 0 31 0 2 2 315 0 20 28.0997 0 4 -1 -1 -1 -1 -1 -1 -1 2147794 0 0 10 40 14.5 14.5 3 0 3
0 0 0 0 4 1 1 0 31 0 2 2 315 0 14 27.4552 0 4 4 7 3 3 0 1 0 2148463 0 0 10 40 14.5 14.5 3 0 3
0 0 0 0 2 1 1 0 31 0 2 2 319 0 28 29.42 0 4 -1 -1 -1 -1 -1 -1 -1 2149166 0 0 10 40 14.5 14.5 3 0 3
0 0 0 0 2 1 1 0 31 0 2 2 331 0 12 29.3233 2.10033 4 -1 -1 -1 -1 -1 -1 -1 2149835 0 0 10 40 15 15 3 0 3
0 0 0 0 1 2 1 0 31 0 2 2 338 0 2 29.3233 1.43367 5 -1 -1 -1 -1 -1 -1 -1 2150504 0 0 10 40 15 15 6 1 3
0 0 0 0 2 3 1 0 31 0 2 2 336 0 4 29.3233 0.767001 4 5 7 2 2 1 1 1 2151172 0 0 10 40 15 15 6 1 3
0 0 0 0 2 1 1 0 31 0 2 2 337 0 6 29.3233 0.100335 4 -1 -1 -1 -1 -1 -1 -1 2151841 0 0 10 40 15 15 6 1 3
0 0 0 0 1 2 1 0 31 0 2 2 0 -1 43 28.823 0 5 -1 -1 -1 -1 -1 -1 -1 2152510 0 0 10 40 15 15 6 1 3
0 0 0 0 1 1 2 0 31 0 2 2 28 -1 41 28.1563 0 6 -1 -1 -1 -1 -1 -1 -1 2153179 0 0 10 40 15 15 8 0 3
0 0 0 0 1 1 4 0 31 0 2 2 39 0 23 27.4897 0 6 6 7 1 1 0 1 0 2153848 0 0 10 40 15 15 6 0 3
0 0 0 0 1 2 1 0 31 0 2 2 19 1 30 29.4333 0 5 -1 -1 -1 -1 -1 -1 -1 2154517 0 0 10 40 15 15 6 0 3
0 0 0 0 1 2 1 0 31 0 2 2 4 0 1 28.7667 0 5 -1 -1 -1 -1 -1 -1 -1 2155186 0 0 10 40 15 15 6 0 3
0 0 0 0 1 2 1 0 31 0 2 2 3 0 1 28.1 0 5 -1 -1 -1 -1 -1 -1 -1 2155855 0 0 10 40 15 15 6 0 3
0 0 0 0 1 4 1 0 31 0 2 2 6 0 2 27.4334 0 5 5 7 3 3 0 1 0 2156524 0 0 10 40 15 15 6 1 3
0 0 0 0 1 2 1 0 31 0 2 2 9 0 17 29.4333 0 5 -1 -1 -1 -1 -1 -1 -1 2157193 0 0 10 40 15 15 6 1 3
0 0 0 1 1 2 1 1 31 0 2 2 21 0 14 28.7667 0 5 -1 -1 -1 -1 -1 -1 -1 2157862 0 0 10 40 15 15 6 1 5
0 0 0 1 1 1 2 1 31 0 2 2 34 0 24 28.1 0 6 -1 -1 -1 -1 -1 -1 -1 2158531 0 0 10 40 15 15 6 1 5
0 0 0 1 1 1 4 1 31 0 2 2 39 0 6 27.4334 0 6 6 7 2 2 0 1 0 2159200 0 0 10 40 15 15 3 0 5
0 0 0 1 1 1 2 1 31 0 2 2 27 0 9 29.4333 0 6 -1 -1 -1 -1 -1 -1 -1 2159869 0 0 10 40 15 15 3 0 5
0 0 0 1 1 1 2 1 31 0 2 2 34 0 7 29 2.42589 6 -1 -1 -1 -1 -1 -1 -1 2160538 0 0 10 40 15.5 15.5 3 0 5
0 0 0 1 1 1 2 1 31 0 2 2 37 0 7 29 1.77145 6 -1 -1 -1 -1 -1 -1 -1 2161173 0 0 10 40 15.5 15.5 3 0 5
0 0 0 1 1 1 3 1 31 0 2 2 34 0 13 29 1.117 6 6 7 3 3 1 1 1 2161809 0 0 10 40 15.5 15.5 6 1 5
0 0 0 1 1 1 2 1 31 0 2 2 26 0 2 29 0.428113 6 -1 -1 -1 -1 -1 -1 -1 2162478 0 0 10 40 15.5 15.5 6 1 5
0 0 0 1 1 1 2 1 31 0 2 2 45 -1 40 28.813 0 6 -1 -1 -1 -1 -1 -1 -1 2163113 0 0 10 40 15.5 15.5 6 1 5
0 0 0 1 1 1 1 2 31 0 2 2 72 -1 41 28.1241 0 7 -1 -1 -1 -1 -1 -1 -1 2163782 0 0 10 40 15.5 15.5 6 1 5
0 0 0 1 1 1 1 4 31 0 2 2 84 0 9 27.4697 0 7 7 7 1 1 0 1 0 2164418 0 0 10 40 15.5 15.5 8 0 5
0 0 0 1 1 1 1 2 31 0 2 2 72 0 8 29.4489 0 7 -1 -1 -1 -1 -1 -1 -1 2165053 0 0 10 40 15.5 15.5 6 0 5
0 0 0 1 1 1 1 2 31 0 2 2 71 0 4 29.2767 2.177 7 -1 -1 -1 -1 -1 -1 -1 2165689 0 0 10 40 15.75 15.75 6 0 5
0 0 0 1 1 1 1 2 31 0 2 2 70 0 6 29.2767 1.512 7 -1 -1 -1 -1 -1 -1 -1 2166324 0 0 10 40 15.75 15.75 6 0 5
0 0 0 1 1 1 2 3 31 0 2 2 59 0 24 29.2767 0.846999 6 7 7 3 4 1 1 1 2166960 0 0 10 40 15.75 15.75 6 0 5
0 0 0 1 1 1 2 1 31 0 2 2 51 0 16 29.2767 0.146999 6 -1 -1 -1 -1 -1 -1 -1 2167629 0 0 10 40 15.75 15.75 6 1 5
0 0 0 1 1 1 1 2 31 0 2 2 70 0 26 28.8147 0 7 -1 -1 -1 -1 -1 -1 -1 2168264 0 0 10 40 15.75 15.75 6 1 5
0 0 0 1 1 1 1 2 31 0 2 2 82 0 6 28.1497 0 7 -1 -1 -1 -1 -1 -1 -1 2168900 0 0 10 40 15.75 15.75 6 1 5
0 0 0 1 1 1 1 4 31 0 2 2 89 0 2 27.4847 0 7 7 7 2 2 0 1 0 2169535 0 0 10 40 15.75 15.75 6 1 5
0 0 0 1 1 1 1 2 31 0 2 2 77 1 34 29.44 0 7 -1 -1 -1 -1 -1 -1 -1 2170171 0 0 10 40 15.75 15.75 3 0 5
0 0 0 1 1 1 2 1 31 0 2 2 58 0 29 28.775 0 6 -1 -1 -1 -1 -1 -1 -1 2170806 0 0 10 40 15.75 15.75 3 0 5
0 0 0 1 1 1 2 1 31 0 2 2 45 0 19 28.67 2.09811 6 -1 -1 -1 -1 -1 -1 -1 2171442 0 0 10 40 16 16 3 0 5
0 0 0 1 1 1 3 1 31 0 2 2 39 0 10 28.67 1.45811 6 6 7 3 3 1 1 1 2172044 0 0 10 40 16 16 3 0 5
0 0 0 1 1 1 2 1 31 0 2 2 41 0 10 28.67 0.782554 6 -1 -1 -1 -1 -1 -1 -1 2172679 0 0 10 40 16 16 6 1 5
0 0 0 1 1 1 2 1 31 0 2 2 53 0 18 28.67 0.111442 6 -1 -1 -1 -1 -1 -1 -1 2173315 0 0 10 40 15 15 6 1 5
0 0 0 1 1 1 2 1 31 0 2 2 65 0 16 28.1586 0 6 -1 -1 -1 -1 -1 -1 -1 2173984 0 0 10 40 15 15 6 1 5
0 0 0 1 1 1 1 4 31 0 2 2 76 0 5 27.4919 0 7 7 7 4 1 0 1 1 2174652 0 0 10 40 15 15 6 1 5
0 0 0 1 1 1 1 2 31 0 2 2 76 0 5 26.8253 0 7 -1 -1 -1 -1 -1 -1 -1 2175321 0 0 10 40 15 15 8 0 5
0 0 0 1 1 1 1 2 31 0 2 2 68 0 17 26.1586 0 7 -1 -1 -1 -1 -1 -1 -1 2175990 0 0 10 40 15 15 6 0 5
0 0 0 1 1 1 2 1 31 0 2 2 57 0 14 25.8253 2.32256 6 -1 -1 -1 -1 -1 -1 -1 2176659 0 0 10 40 15.5 15.5 6 0 5
0 0 0 1 1 1 3 1 31 0 2 2 51 0 8 25.8253 1.66811 6 6 7 3 3 1 1 1 2177295 0 0 10 40 15.5 15.5 6 0 5
0 0 0 1 1 1 2 1 31 0 2 2 47 0 0 25.8253 1.01367 6 -1 -1 -1 -1 -1 -1 -1 2177930 0 0 10 40 15.5 15.5 6 0 5
0 0 0 1 1 1 2 1 31 0 2 2 57 0 22 25.8253 0.32478 6 -1 -1 -1 -1 -1 -1 -1 2178599 0 0 10 40 15.5 15.5 6 1 5
0 0 0 1 1 1 1 2 31 0 2 2 74 -1 35 25.5349 0 7 -1 -1 -1 -1 -1 -1 -1 2179235 0 0 10 40 15.5 15.5 6 1 5
0 0 0 1 1 1 1 4 31 0 2 2 83 0 13 24.8805 0 7 7 7 0 0 0 1 0 2179870 0 0 10 40 15.5 15.5 6 1 5
0 0 0 1 1 1 1 2 31 0 2 2 71 0 12 29.1916 0 7 -1 -1 -1 -1 -1 -1 -1 2180539 0 0 10 40 15.5 15.5 6 1 5
0 0 0 1 1 1 1 2 31 0 2 2 73 0 2 28.5371 0 7 -1 -1 -1 -1 -1 -1 -1 2181175 0 0 10 40 15.5 15.5 3 0 5
0 0 0 1 1 1 1 2 31 0 2 2 77 0 16 27.8827 0 7 -1 -1 -1 -1 -1 -1 -1 2181810 0 0 10 40 15.5 15.5 3 0 5
0 0 0 1 1 1 1 4 31 0 2 2 81 0 0 27.1938 0 7 7 7 2 2 0 1 0 2182479 0 0 10 40 15.5 15.5 3 0 5
0 0 0 1 1 1 1 2 31 0 2 2 73 0 21 29.4489 0 7 -1 -1 -1 -1 -1 -1 -1 2183115 0 0 10 40 15.5 15.5 3 0 5
0 0 0 1 1 1 2 1 31 0 2 2 60 0 13 28.78 0 6 -1 -1 -1 -1 -1 -1 -1 2183784 0 0 10 40 14.5 14.5 6 1 5
0 0 0 1 1 1 2 1 31 0 2 2 47 0 15 28.1033 0 6 -1 -1 -1 -1 -1 -1 -1 2184486 0 0 10 40 14.5 14.5 6 1 5
0 0 0 1 1 1 4 1 31 0 2 2 48 0 4 27.4589 0 6 6 7 3 3 0 1 1 2185155 0 0 10 40 14.5 14.5 6 1 5
0 0 0 1 1 1 2 1 31 0 2 2 53 0 0 26.7822 0 6 -1 -1 -1 -1 -1 -1 -1 2185857 0 0 10 40 14.5 14.5 6 1 5
0 0 0 1 1 1 2 1 31 0 2 2 54 0 0 26.6533 2.13367 6 -1 -1 -1 -1 -1 -1 -1 2186526 0 0 10 40 15 15 8 0 5
0 0 0 1 1 1 2 1 31 0 2 2 51 0 5 26.6533 1.467 6 -1 -1 -1 -1 -1 -1 -1 2187195 0 0 10 40 15 15 6 0 5
0 0 0 1 1 1 3 1 31 0 2 2 52 0 5 26.6533 0.800335 6 6 7 2 2 1 1 1 2187864 0 0 10 40 15 15 6 0 5
0 0 0 1 1 1 2 1 31 0 2 2 52 0 6 26.6533 0.133668 6 -1 -1 -1 -1 -1 -1 -1 2188533 0 0 10 40 15 15 6 0 5
0 0 0 1 1 1 2 1 31 0 2 2 38 1 43 26.1863 0 6 -1 -1 -1 -1 -1 -1 -1 2189202 0 0 10 40 15 15 6 0 5
0 0 0 1 1 2 1 1 31 0 2 2 11 1 33 25.5196 0 5 -1 -1 -1 -1 -1 -1 -1 2189871 0 0 10 40 15 15 6 1 5
0 0 0 1 1 4 1 1 31 0 2 2 355 0 7 24.853 0 5 5 7 4 0 0 1 0 2190540 0 0 10 40 15 15 6 1 5
0 0 0 1 1 2 1 1 31 0 2 2 357 0 1 29.1863 0 5 -1 -1 -1 -1 -1 -1 -1 2191209 0 0 10 40 15 15 6 1 5
0 0 0 1 1 2 1 1 31 0 2 2 358 0 1 28.5197 0 5 -1 -1 -1 -1 -1 -1 -1 2191878 0 0 10 40 15 15 6 1 5
0 0 0 1 1 2 1 1 31 0 2 2 351 0 10 27.853 0 5 -1 -1 -1 -1 -1 -1 -1 2192547 0 0 10 40 15 15 3 0 5
0 0 0 1 1 4 1 1 31 0 2 2 345 0 2 27.1864 0 5 5 7 3 3 0 1 0 2193216 0 0 10 40 15 15 3 0 5
0 0 0 1 1 2 1 1 31 0 2 2 350 0 16 29.4333 0 5 -1 -1 -1 -1 -1 -1 -1 2193885 0 0 10 40 15 15 3 0 5
0 0 0 1 1 2 1 1 31 0 2 2 1 0 16 28.7667 0 5 -1 -1 -1 -1 -1 -1 -1 2194554 0 0 10 40 15 15 3 0 5
0 0 0 1 1 2 1 1 31 0 2 2 22 -1 41 28.1 0 5 -1 -1 -1 -1 -1 -1 -1 2195223 0 0 10 40 15 15 6 1 5
0 0 0 1 1 1 4 1 31 0 2 2 41 0 19 27.4334 0 6 6 7 1 4 0 1 0 2195891 0 0 10 40 15 15 6 1 5
0 0 0 1 1 1 2 1 31 0 2 2 40 0 4 29.4333 0 6 -1 -1 -1 -1 -1 -1 -1 2196560 0 0 10 40 15 15 6 1 5
0 0 0 1 1 1 2 1 31 0 2 2 38 0 7 29.1333 2.63256 6 -1 -1 -1 -1 -1 -1 -1 2196962 0 1 10 40 15.5 60 6 1 5
0 0 0 1 1 1 2 1 31 0 2 2 38 0 2 29.1333 2.63256 6 -1 -1 -1 -1 -1 -1 -1 2197129 0 1 10 40 15.5 60 8 0 5
0 0 0 1 1 1 3 1 31 0 2 2 38 0 3 29.1333 2.63256 6 6 7 3 4 1 1 1 2197296 0 1 10 40 15.5 60 6 0 5
0 0 0 1 1 1 2 1 31 0 2 2 38 0 0 29.1333 2.63256 6 -1 -1 -1 -1 -1 -1 -1 2197463 0 1 10 40 15.5 60 6 0 5
0 0 0 1 1 1 2 1 31 0 2 2 38 0 4 29.1333 2.63256 6 -1 -1 -1 -1 -1 -1 -1 2197631 0 1 10 40 15.5 60 6 0 5
0 0 0 1 1 1 2 1 31 0 2 2 38 0 3 29.1333 2.63256 6 -1 -1 -1 -1 -1 -1 -1 2197798 0 1 10 40 15.5 60 6 0 5
0 0 0 1 1 1 2 1 31 0 2 2 38 0 0 29.1333 2.63256 6 -1 -1 -1 -1 -1 -1 -1 2197965 0 1 10 40 15.5 60 6 1 5
0 0 0 1 1 1 2 1 31 0 2 2 38 0 1 29.1333 2.63256 6 -1 -1 -1 -1 -1 -1 -1 2198132 0 1 10 40 15.5 60 6 1 5
0 0 0 1 1 1 2 1 31 0 2 2 38 0 0 29.1333 2.63256 6 -1 -1 -1 -1 -1 -1 -1 2198300 0 1 10 40 15.5 60 6 1 5
0 0 0 1 1 1 2 1 31 0 2 2 38 0 0 29.1333 2.63256 6 -1 -1 -1 -1 -1 -1 -1 2198467 0 1 10 40 15.5 60 6 1 5
0 0 0 1 1 1 2 1 31 0 2 2 38 0 0 29.1333 2.63256 6 -1 -1 -1 -1 -1 -1 -1 2198634 0 1 10 40 15.5 60 3 0 5
0 0 0 1 1 1 2 1 31 0 2 2 38 0 3 29.1333 2.63256 6 -1 -1 -1 -1 -1 -1 -1 2198801 0 1 10 40 15.5 60 3 0 5
