% Tunnel Log: 
% Recall Log Version 2.0 debug seed: 1447113112
%
% SegEncNW { '0'=no panel, '1'=empty panel, '2'=player, '3'=match, '4'=nonmatch, '5'=obstacle, '6'=time warp }
% SegEncN
% SegEncNE
% SegEncE
% SegEncSE
% SegEncS
% SegEncSW
% SegEncW
% Event Number { 0, inf }
% Level Number { 0, inf }
% Task Type { 0=Recess, 1=Color/Sound, 2=Shape/Sound, 3=Sound, 4=AllFeatures }
% N-Back { 0, inf }
% Player Roll Base { 0, 359 }
% Player Roll Offset { 0, 359 }
% Player Roll Speed { -inf, inf }
% Player Fuel Timer { -inf, inf }
% Player Fuel Buffer { -inf, inf }
% Player Loc { 0=Northwest ... 7=West }
% Pod Loc { -1=N/A, 0=Northwest ... 7=West }
% Pod Color { -1=N/A, 0-3, 4=holdout, 5/6=special }
% Pod Shape { -1=N/A, 0-3, 4=holdout }
% Pod Sound { -1=N/A, 0-3, 4=holdout }
% Pod Match { -1=N/A, 0=No, 1=Yes }
% Pod Taken { -1=N/A, 0=No, 1=Yes }
% Pod Zapped { -1=N/A, 0=No, 1=Yes }
% Timestamp (ms)
% Num Obstacles { 0, inf }
% Level Ended { 0, 1 }
% Min Speed { 0, inf }
% Max Speed { 0, inf }
% Base Speed { 0, inf }
% Final Speed { 0, inf }
% Segment Direction { 0=Northwest ... 7=West }
% Segment Angle { 0, inf }
% Segment Panels { 0, inf }
%
% SegEncNW SecEncN SegEncNE SegEncE SegEncSE SegEncS SegEncSW SegEncW EventNumber LevelNumber TaskType N-Back PlayerRollBase PlayerRollOffset PlayerRollSpeed PlayerFuelTimer PlayerFuelBuffer PlayerLoc PodLoc PodColor PodShape PodSound PodMatch PodTaken PodZapped Timestamp NumObs LevelEnded MinSpeed MaxSpeed BaseSpeed FinalSpeed SegmentDir SegmentAngle SegmentPanels
0 0 0 1 1 2 1 1 33 0 2 2 354 2 63 29.8667 0 5 -1 -1 -1 -1 -1 -1 -1 1596831 0 0 10 40 20 60 3 3 5
0 0 0 1 1 2 1 1 33 0 2 2 344 1 56 29.6444 0 5 -1 -1 -1 -1 -1 -1 -1 1596998 0 0 10 40 20 60 3 3 5
0 0 0 1 1 2 1 1 33 0 2 2 336 0 18 29.4222 0 5 -1 -1 -1 -1 -1 -1 -1 1597164 0 0 10 40 20 53.7778 3 3 5
0 0 0 1 2 1 1 1 33 0 2 2 339 -1 41 29.0667 0 4 -1 -1 -1 -1 -1 -1 -1 1597431 0 0 10 40 20 25.3333 3 3 5
0 0 0 1 1 2 1 1 33 0 2 2 6 -1 33 28.4 0 5 -1 -1 -1 -1 -1 -1 -1 1597931 0 0 10 40 20 20 6 3 5
0 0 0 1 1 2 1 1 33 0 2 2 10 0 0 27.7333 0 5 -1 -1 -1 -1 -1 -1 -1 1598431 0 0 10 40 20 20 6 3 5
0 0 0 1 1 2 1 1 33 0 2 2 352 0 19 27.0666 0 5 -1 -1 -1 -1 -1 -1 -1 1598931 0 0 10 40 20 20 6 3 5
0 0 0 1 1 2 1 1 33 0 2 2 6 0 18 26.4 0 5 -1 -1 -1 -1 -1 -1 -1 1599431 0 0 10 40 20 20 6 3 5
0 0 0 1 1 2 1 1 33 0 2 2 339 2 66 25.7333 0 5 -1 -1 -1 -1 -1 -1 -1 1599930 0 0 10 40 20 20 3 1 5
0 0 0 1 2 1 1 1 33 0 2 2 311 1 43 25.0666 0 4 -1 -1 -1 -1 -1 -1 -1 1600430 0 0 10 40 20 20 3 1 5
0 0 0 1 4 1 1 1 33 0 2 2 307 0 20 24.3999 0 4 4 7 3 3 0 1 0 1600930 0 0 10 40 20 20 3 1 5
0 0 0 1 2 1 1 1 33 0 2 2 318 1 36 28.7332 0 4 -1 -1 -1 -1 -1 -1 -1 1601430 0 0 10 40 20 20 3 1 5
0 0 0 2 1 1 1 1 33 0 2 2 276 3 111 28.0666 0 3 -1 -1 -1 -1 -1 -1 -1 1601930 0 0 10 40 20 20 1 2 5
0 0 0 2 1 1 1 1 33 0 2 2 270 0 8 27.3999 0 3 -1 -1 -1 -1 -1 -1 -1 1602430 0 0 10 40 20 20 1 2 5
0 0 0 4 1 1 1 1 33 0 2 2 277 -1 42 26.7332 0 3 3 7 0 0 0 1 0 1602930 0 0 10 40 20 20 1 2 5
0 0 0 1 2 1 1 1 33 0 2 2 300 0 8 29.4667 0 4 -1 -1 -1 -1 -1 -1 -1 1603430 0 0 10 40 20 20 1 2 5
0 0 0 2 1 1 1 1 33 0 2 2 271 2 63 28.8 0 3 -1 -1 -1 -1 -1 -1 -1 1603929 0 0 10 40 20 20 8 0 5
0 0 0 2 1 1 1 1 33 0 2 2 279 0 29 28.1333 0 3 -1 -1 -1 -1 -1 -1 -1 1604429 0 0 10 40 20 20 3 3 5
0 0 0 4 1 1 1 1 33 0 2 2 270 0 10 27.4666 0 3 3 7 1 1 0 1 0 1604929 0 0 10 40 20 20 3 3 5
0 0 0 2 1 1 1 1 33 0 2 2 289 -1 41 29.4667 0 3 -1 -1 -1 -1 -1 -1 -1 1605429 0 0 10 40 20 20 3 3 5
0 0 0 1 2 1 1 1 33 0 2 2 297 0 4 28.8 0 4 -1 -1 -1 -1 -1 -1 -1 1605929 0 0 10 40 20 20 3 3 5
0 0 0 1 2 1 1 1 33 0 2 2 315 -1 40 28.1333 0 4 -1 -1 -1 -1 -1 -1 -1 1606429 0 0 10 40 20 20 6 3 5
0 0 0 1 4 1 1 1 33 0 2 2 319 0 22 27.4666 0 4 4 7 3 3 0 1 0 1606929 0 0 10 40 20 20 6 3 5
0 0 0 1 2 1 1 1 33 0 2 2 307 1 54 29.4667 0 4 -1 -1 -1 -1 -1 -1 -1 1607429 0 0 10 40 20 20 6 3 5
0 0 0 1 2 1 1 1 33 0 2 2 317 -2 62 28.8 0 4 -1 -1 -1 -1 -1 -1 -1 1607929 0 0 10 40 20 20 6 3 5
0 0 0 1 1 2 1 1 33 0 2 2 345 -2 66 28.1333 0 5 -1 -1 -1 -1 -1 -1 -1 1608428 0 0 10 40 20 20 3 1 5
0 0 0 1 1 4 1 1 33 0 2 2 9 -1 31 27.4666 0 5 5 7 0 0 0 1 0 1608928 0 0 10 40 20 20 3 1 5
0 0 0 1 1 2 1 1 33 0 2 2 1 1 38 29.4667 0 5 -1 -1 -1 -1 -1 -1 -1 1609428 0 0 10 40 20 20 3 1 5
0 0 0 1 1 2 1 1 33 0 2 2 338 0 28 28.8 0 5 -1 -1 -1 -1 -1 -1 -1 1609928 0 0 10 40 20 20 3 1 5
0 0 0 1 2 1 1 1 33 0 2 2 326 0 11 28.6222 2.21144 4 -1 -1 -1 -1 -1 -1 -1 1610395 0 0 10 40 20.5 20.5 1 2 5
0 0 0 1 3 1 1 1 33 0 2 2 335 -1 36 28.6222 1.52811 4 4 7 3 3 1 1 1 1610894 0 0 10 40 20.5 20.5 1 2 5
0 0 0 1 1 2 1 1 33 0 2 2 339 1 35 28.6222 0.844777 5 -1 -1 -1 -1 -1 -1 -1 1611394 0 0 10 40 20.5 20.5 1 2 5
0 0 0 1 2 1 1 1 33 0 2 2 320 1 41 28.6222 0.206999 4 -1 -1 -1 -1 -1 -1 -1 1611861 0 0 10 40 20.5 20.5 1 2 5
0 0 0 1 2 1 1 1 33 0 2 2 315 0 8 28.1874 0 4 -1 -1 -1 -1 -1 -1 -1 1612361 0 0 10 40 20.5 20.5 8 0 5
0 0 0 1 4 1 1 1 33 0 2 2 315 0 15 27.5497 0 4 4 7 1 1 0 1 0 1612827 0 0 10 40 20.5 20.5 3 3 5
0 0 0 1 2 1 1 1 33 0 2 2 326 0 28 29.4533 0 4 -1 -1 -1 -1 -1 -1 -1 1613327 0 0 10 40 20.5 20.5 3 3 5
0 0 0 1 2 1 1 1 33 0 2 2 340 -1 44 28.77 0 4 -1 -1 -1 -1 -1 -1 -1 1613827 0 0 10 40 20.5 20.5 3 3 5
0 0 0 1 1 2 1 1 33 0 2 2 358 0 15 28.1322 0 5 -1 -1 -1 -1 -1 -1 -1 1614294 0 0 10 40 20.5 20.5 3 3 5
0 0 0 1 1 4 1 1 33 0 2 2 358 0 20 27.4489 0 5 5 7 2 2 0 1 0 1614794 0 0 10 40 20.5 20.5 6 3 5
0 0 0 1 1 2 1 1 33 0 2 2 352 0 7 29.4533 0 5 -1 -1 -1 -1 -1 -1 -1 1615293 0 0 10 40 20.5 20.5 6 3 5
0 0 0 0 2 1 1 0 33 0 2 2 333 1 51 28.8156 0 4 -1 -1 -1 -1 -1 -1 -1 1615760 0 0 10 40 20.5 20.5 6 3 3
0 0 0 0 2 1 1 0 33 0 2 2 315 1 36 28.1322 0 4 -1 -1 -1 -1 -1 -1 -1 1616260 0 0 10 40 20.5 20.5 6 3 3
0 0 0 0 4 1 1 0 33 0 2 2 315 0 15 27.4945 0 4 4 7 3 3 0 1 0 1616726 0 0 10 40 20.5 20.5 3 1 3
0 0 0 0 2 1 1 0 33 0 2 2 319 0 24 29.4533 0 4 -1 -1 -1 -1 -1 -1 -1 1617226 0 0 10 40 20.5 20.5 3 1 3
0 0 0 0 2 1 1 0 33 0 2 2 323 0 4 28.77 0 4 -1 -1 -1 -1 -1 -1 -1 1617726 0 0 10 40 20.5 20.5 3 1 3
0 0 0 0 2 1 1 0 33 0 2 2 315 1 30 28.1322 0 4 -1 -1 -1 -1 -1 -1 -1 1618193 0 0 10 40 20.5 20.5 3 1 3
0 0 0 0 3 1 1 0 33 0 2 2 315 0 28 27.4489 0 4 4 7 2 2 1 1 0 1618693 0 0 10 40 20.5 20.5 1 2 3
0 0 0 0 2 1 1 0 33 0 2 2 315 0 5 26.7789 0 4 -1 -1 -1 -1 -1 -1 -1 1619192 0 0 10 40 20 20 1 2 3
0 0 0 0 2 1 1 0 33 0 2 2 315 0 13 26.1122 0 4 -1 -1 -1 -1 -1 -1 -1 1619692 0 0 10 40 20 20 1 2 3
0 0 0 0 2 1 1 0 33 0 2 2 315 0 6 26.0233 2.07478 4 -1 -1 -1 -1 -1 -1 -1 1620192 0 0 10 40 20.5 20.5 1 2 3
0 0 0 0 3 1 1 0 33 0 2 2 319 0 16 26.0233 1.437 4 4 7 3 3 1 1 1 1620659 0 0 10 40 20.5 20.5 8 0 3
0 0 0 0 2 1 1 0 33 0 2 2 327 0 0 26.0233 0.753666 4 -1 -1 -1 -1 -1 -1 -1 1621159 0 0 10 40 20.5 20.5 3 3 3
0 0 0 0 2 1 1 0 33 0 2 2 324 0 10 26.0233 0.115888 4 -1 -1 -1 -1 -1 -1 -1 1621625 0 0 10 40 20.5 20.5 3 3 3
0 0 0 0 2 1 1 0 33 0 2 2 322 0 7 25.7252 2.43367 4 -1 -1 -1 -1 -1 -1 -1 1622125 0 0 10 40 21 21 3 3 3
0 0 0 0 3 1 1 0 33 0 2 2 322 0 12 25.7252 1.78033 4 4 7 4 2 1 1 1 1622592 0 0 10 40 21 21 3 3 3
0 0 0 0 2 1 1 0 33 0 2 2 325 0 5 25.7252 1.08033 4 -1 -1 -1 -1 -1 -1 -1 1623091 0 0 10 40 21 21 6 3 3
0 0 0 0 2 1 1 0 33 0 2 2 324 0 2 25.7252 0.427001 4 -1 -1 -1 -1 -1 -1 -1 1623558 0 0 10 40 21 21 6 3 3
0 0 0 0 2 1 1 0 33 0 2 2 315 0 11 25.5782 0 4 -1 -1 -1 -1 -1 -1 -1 1624025 0 0 10 40 21 21 6 3 3
0 0 0 0 4 1 1 0 33 0 2 2 315 0 7 24.9249 0 4 4 7 1 1 0 1 0 1624491 0 0 10 40 21 21 6 3 3
0 0 0 0 2 1 1 0 33 0 2 2 318 0 15 29.2249 0 4 -1 -1 -1 -1 -1 -1 -1 1624991 0 0 10 40 21 21 3 1 3
0 0 0 0 2 1 1 0 33 0 2 2 321 0 2 28.5715 0 4 -1 -1 -1 -1 -1 -1 -1 1625458 0 0 10 40 21 21 3 1 3
0 0 0 0 2 1 1 0 33 0 2 2 322 0 1 27.9227 0 4 -1 -1 -1 -1 -1 -1 -1 1625924 0 0 10 40 20.5 20.5 3 1 3
0 0 0 0 4 1 1 0 33 0 2 2 323 0 2 27.2393 0 4 4 7 4 3 0 1 1 1626424 0 0 10 40 20.5 20.5 3 1 3
0 0 0 0 2 1 1 0 33 0 2 2 325 0 15 26.556 0 4 -1 -1 -1 -1 -1 -1 -1 1626924 0 0 10 40 20.5 20.5 1 2 3
0 0 0 0 2 1 1 0 33 0 2 2 333 0 25 25.9182 0 4 -1 -1 -1 -1 -1 -1 -1 1627390 0 0 10 40 20.5 20.5 1 2 3
0 0 0 0 1 2 1 0 33 0 2 2 345 0 23 25.4627 2.43367 5 -1 -1 -1 -1 -1 -1 -1 1627890 0 0 10 40 21 21 1 2 3
0 0 0 0 1 3 1 0 33 0 2 2 355 0 16 25.4627 1.78033 5 5 7 1 4 1 1 1 1628357 0 0 10 40 21 21 1 2 3
0 0 0 0 1 2 1 0 33 0 2 2 357 0 5 25.4627 1.127 5 -1 -1 -1 -1 -1 -1 -1 1628823 0 0 10 40 21 21 8 0 3
0 0 0 0 1 2 1 0 33 0 2 2 355 0 5 25.4627 0.427001 5 -1 -1 -1 -1 -1 -1 -1 1629323 0 0 10 40 21 21 3 3 3
0 0 0 0 1 2 1 0 33 0 2 2 354 0 3 25.4627 2.28478 5 -1 -1 -1 -1 -1 -1 -1 1629790 0 0 10 40 21.5 21.5 3 3 3
0 0 0 0 1 3 1 0 33 0 2 2 354 0 0 25.4627 1.61589 5 5 7 3 4 1 1 1 1630256 0 0 10 40 21.5 21.5 3 3 3
0 0 0 0 1 2 1 0 33 0 2 2 355 0 3 25.4627 0.946999 5 -1 -1 -1 -1 -1 -1 -1 1630723 0 0 10 40 21.5 21.5 3 3 3
0 0 0 0 1 2 1 0 33 0 2 2 1 0 29 25.4627 0.27811 5 -1 -1 -1 -1 -1 -1 -1 1631190 0 0 10 40 21.5 21.5 6 3 3
0 0 0 0 1 2 1 0 33 0 2 2 25 -2 62 25.089 0 5 -1 -1 -1 -1 -1 -1 -1 1631656 0 0 10 40 21.5 21.5 6 3 3
0 0 0 0 1 1 4 0 33 0 2 2 45 0 25 24.4679 0 6 6 7 2 4 0 1 0 1632089 0 0 10 40 21.5 21.5 6 3 3
0 0 0 0 1 1 2 0 33 0 2 2 28 1 43 28.799 0 6 -1 -1 -1 -1 -1 -1 -1 1632556 0 0 10 40 21.5 21.5 6 3 3
0 0 0 0 1 1 2 0 33 0 2 2 25 0 27 28.1302 0 6 -1 -1 -1 -1 -1 -1 -1 1633022 0 0 10 40 21.5 21.5 3 1 3
0 0 0 0 1 1 2 0 33 0 2 2 38 0 27 27.4613 0 6 -1 -1 -1 -1 -1 -1 -1 1633489 0 0 10 40 21.5 21.5 3 1 3
0 0 0 0 1 1 4 0 33 0 2 2 36 0 7 26.7924 0 6 6 7 0 4 0 1 0 1633955 0 0 10 40 21.5 21.5 3 1 3
0 0 0 0 1 1 2 0 33 0 2 2 24 0 26 29.4745 0 6 -1 -1 -1 -1 -1 -1 -1 1634422 0 0 10 40 21.5 21.5 3 1 3
0 0 0 0 1 2 1 0 33 0 2 2 19 0 3 28.8056 0 5 -1 -1 -1 -1 -1 -1 -1 1634889 0 0 10 40 21.5 21.5 1 2 3
0 0 0 0 1 2 1 0 33 0 2 2 14 0 14 28.3278 2.47367 5 -1 -1 -1 -1 -1 -1 -1 1635355 0 0 10 40 21.75 21.75 1 2 3
0 0 0 0 1 3 1 0 33 0 2 2 10 0 6 28.3278 1.797 5 5 7 4 2 1 1 1 1635822 0 0 10 40 21.75 21.75 1 2 3
0 0 0 0 1 2 1 0 33 0 2 2 8 0 1 28.3278 1.12033 5 -1 -1 -1 -1 -1 -1 -1 1636288 0 0 10 40 21.75 21.75 1 2 3
0 0 0 0 1 2 1 0 33 0 2 2 14 -1 34 28.3278 0.492 5 -1 -1 -1 -1 -1 -1 -1 1636721 0 0 10 40 21.75 21.75 8 0 3
0 0 0 0 1 1 2 0 33 0 2 2 33 -1 41 28.2225 0 6 -1 -1 -1 -1 -1 -1 -1 1637188 0 0 10 40 21.75 21.75 3 3 3
0 0 0 0 1 1 4 0 33 0 2 2 45 0 16 27.5458 0 6 6 7 4 1 0 1 0 1637655 0 0 10 40 21.75 21.75 3 3 3
0 0 0 0 1 1 2 0 33 0 2 2 39 0 15 29.4683 0 6 -1 -1 -1 -1 -1 -1 -1 1638121 0 0 10 40 21.75 21.75 3 3 3
0 0 0 0 1 1 2 0 33 0 2 2 27 0 29 28.7916 0 6 -1 -1 -1 -1 -1 -1 -1 1638588 0 0 10 40 21.75 21.75 3 3 3
0 0 0 0 1 2 1 0 33 0 2 2 6 1 46 28.1633 0 5 -1 -1 -1 -1 -1 -1 -1 1639021 0 0 10 40 21.75 21.75 6 3 3
0 0 0 0 1 4 1 0 33 0 2 2 351 0 17 27.4866 0 5 5 7 4 1 0 1 0 1639487 0 0 10 40 21.75 21.75 6 3 3
0 0 0 0 1 2 1 0 33 0 2 2 352 0 2 29.4683 0 5 -1 -1 -1 -1 -1 -1 -1 1639954 0 0 10 40 21.75 21.75 6 3 3
0 0 0 0 1 2 1 0 33 0 2 2 338 1 47 28.7916 0 5 -1 -1 -1 -1 -1 -1 -1 1640421 0 0 10 40 21.75 21.75 6 3 3
0 0 0 0 2 1 1 0 33 0 2 2 322 0 29 28.115 0 4 -1 -1 -1 -1 -1 -1 -1 1640887 0 0 10 40 21.75 21.75 3 1 3
0 0 0 0 4 1 1 0 33 0 2 2 315 0 4 27.4866 0 4 4 7 4 0 0 1 0 1641320 0 0 10 40 21.75 21.75 3 1 3
0 0 0 0 2 1 1 0 33 0 2 2 321 0 24 29.4683 0 4 -1 -1 -1 -1 -1 -1 -1 1641787 0 0 10 40 21.75 21.75 3 1 3
0 0 0 0 2 1 1 0 33 0 2 2 338 -1 41 28.7916 0 4 -1 -1 -1 -1 -1 -1 -1 1642253 0 0 10 40 21.75 21.75 3 1 3
0 0 0 0 1 2 1 0 33 0 2 2 355 -1 33 28.115 0 5 -1 -1 -1 -1 -1 -1 -1 1642720 0 0 10 40 21.75 21.75 1 2 3
0 0 0 0 1 4 1 0 33 0 2 2 2 0 4 27.4383 0 5 5 7 0 0 0 1 0 1643187 0 0 10 40 21.75 21.75 1 2 3
0 0 0 0 1 2 1 0 33 0 2 2 2 0 19 29.5167 0 5 -1 -1 -1 -1 -1 -1 -1 1643620 0 0 10 40 21.75 21.75 1 2 3
0 0 0 0 1 2 1 0 33 0 2 2 344 1 39 28.84 0 5 -1 -1 -1 -1 -1 -1 -1 1644086 0 0 10 40 21.75 21.75 1 2 3
0 0 0 0 2 1 1 0 33 0 2 2 326 1 34 28.1633 0 4 -1 -1 -1 -1 -1 -1 -1 1644553 0 0 10 40 21.75 21.75 8 0 3
0 0 0 0 4 1 1 0 33 0 2 2 315 0 7 27.4866 0 4 4 7 2 2 0 1 0 1645019 0 0 10 40 21.75 21.75 3 3 3
0 0 0 0 2 1 1 0 33 0 2 2 320 0 23 29.5167 0 4 -1 -1 -1 -1 -1 -1 -1 1645453 0 0 10 40 21.75 21.75 3 3 3
0 0 0 0 2 1 1 0 33 0 2 2 325 0 14 28.84 0 4 -1 -1 -1 -1 -1 -1 -1 1645919 0 0 10 40 21.75 21.75 3 3 3
0 0 0 0 2 1 1 0 33 0 2 2 316 0 12 28.1633 0 4 -1 -1 -1 -1 -1 -1 -1 1646386 0 0 10 40 21.75 21.75 3 3 3
0 0 0 0 4 1 1 0 33 0 2 2 315 0 1 27.4866 0 4 4 7 3 3 0 1 0 1646852 0 0 10 40 21.75 21.75 6 3 3
0 0 0 0 2 1 1 0 33 0 2 2 317 0 13 29.4683 0 4 -1 -1 -1 -1 -1 -1 -1 1647319 0 0 10 40 21.75 21.75 6 3 3
0 0 0 0 2 1 1 0 33 0 2 2 321 0 1 28.84 0 4 -1 -1 -1 -1 -1 -1 -1 1647752 0 0 10 40 21.75 21.75 6 3 3
0 0 0 0 2 1 1 0 33 0 2 2 315 0 17 28.1633 0 4 -1 -1 -1 -1 -1 -1 -1 1648219 0 0 10 40 21.75 21.75 6 3 3
0 0 0 0 4 1 1 0 33 0 2 2 315 0 10 27.4866 0 4 4 7 1 1 0 1 0 1648685 0 0 10 40 21.75 21.75 3 1 3
0 0 0 0 2 1 1 0 33 0 2 2 317 0 17 29.4683 0 4 -1 -1 -1 -1 -1 -1 -1 1649152 0 0 10 40 21.75 21.75 3 1 3
0 0 0 0 2 1 1 0 33 0 2 2 332 -1 32 28.7916 0 4 -1 -1 -1 -1 -1 -1 -1 1649618 0 0 10 40 21.75 21.75 3 1 3
0 0 0 0 1 2 1 0 33 0 2 2 348 -1 33 28.1261 0 5 -1 -1 -1 -1 -1 -1 -1 1650085 0 0 10 40 20.75 20.75 3 1 3
0 0 0 0 1 4 1 0 33 0 2 2 3 -1 34 27.4805 0 5 5 7 4 0 0 1 1 1650551 0 0 10 40 20.75 20.75 1 2 3
0 0 0 0 1 2 1 0 33 0 2 2 8 0 4 26.8349 0 5 -1 -1 -1 -1 -1 -1 -1 1651018 0 0 10 40 20.75 20.75 1 2 3
0 0 0 0 1 2 1 0 33 0 2 2 5 0 6 26.1433 0 5 -1 -1 -1 -1 -1 -1 -1 1651518 0 0 10 40 20.75 20.75 1 2 3
0 0 0 0 1 2 1 0 33 0 2 2 2 0 5 25.4977 0 5 -1 -1 -1 -1 -1 -1 -1 1651984 0 0 10 40 20.75 20.75 1 2 3
0 0 0 0 1 4 1 0 33 0 2 2 359 0 9 24.806 0 5 5 7 3 4 0 1 0 1652484 0 0 10 40 20.75 20.75 8 0 3
0 0 0 0 1 2 1 0 33 0 2 2 355 0 6 29.1604 0 5 -1 -1 -1 -1 -1 -1 -1 1652951 0 0 10 40 20.75 20.75 3 3 3
0 0 0 0 1 2 1 0 33 0 2 2 345 0 22 28.4688 0 5 -1 -1 -1 -1 -1 -1 -1 1653451 0 0 10 40 20.75 20.75 3 3 3
0 0 0 0 2 1 1 0 33 0 2 2 335 0 4 27.8232 2.667 4 -1 -1 -1 -1 -1 -1 -1 1653917 0 0 10 40 21.25 20.75 3 3 3
0 0 0 0 3 1 1 0 33 0 2 2 330 0 10 27.8232 2.00589 4 4 7 0 4 1 1 1 1654384 0 0 10 40 21.25 21.25 3 3 3
0 0 0 0 2 1 1 0 33 0 2 2 331 0 15 27.8232 1.34478 4 -1 -1 -1 -1 -1 -1 -1 1654850 0 0 10 40 21.25 21.25 6 3 3
0 0 0 0 1 2 1 0 33 0 2 2 341 0 14 27.8232 0.636445 5 -1 -1 -1 -1 -1 -1 -1 1655350 0 0 10 40 21.25 21.25 6 3 3
0 0 0 0 1 2 1 0 33 0 2 2 344 0 14 27.8232 2.61922 5 -1 -1 -1 -1 -1 -1 -1 1655617 0 1 10 40 21.5 60 6 3 3
0 0 0 0 1 3 1 0 33 0 2 2 344 0 17 27.8232 2.61922 5 5 7 4 3 1 1 1 1655783 0 1 10 40 21.5 60 6 3 3
0 0 0 0 1 2 1 0 33 0 2 2 344 0 16 27.8232 2.61922 5 -1 -1 -1 -1 -1 -1 -1 1655950 0 1 10 40 21.5 60 3 1 3
0 0 0 0 1 2 1 0 33 0 2 2 344 0 18 27.8232 2.61922 5 -1 -1 -1 -1 -1 -1 -1 1656117 0 1 10 40 21.5 60 3 1 3
0 0 0 0 1 2 1 0 33 0 2 2 344 0 18 27.8232 2.61922 5 -1 -1 -1 -1 -1 -1 -1 1656283 0 1 10 40 21.5 60 3 1 3
0 0 0 0 1 2 1 0 33 0 2 2 344 0 17 27.8232 2.61922 5 -1 -1 -1 -1 -1 -1 -1 1656450 0 1 10 40 21.5 60 3 1 3
0 0 0 0 1 2 1 0 33 0 2 2 344 0 14 27.8232 2.61922 5 -1 -1 -1 -1 -1 -1 -1 1656617 0 1 10 40 21.5 60 1 2 3
0 0 0 0 1 2 1 0 33 0 2 2 344 0 6 27.8232 2.61922 5 -1 -1 -1 -1 -1 -1 -1 1656783 0 1 10 40 21.5 60 1 2 3
0 0 0 0 1 2 1 0 33 0 2 2 344 1 59 27.8232 2.61922 5 -1 -1 -1 -1 -1 -1 -1 1656950 0 1 10 40 21.5 60 1 2 3
0 0 0 0 1 2 1 0 33 0 2 2 344 1 37 27.8232 2.61922 5 -1 -1 -1 -1 -1 -1 -1 1657117 0 1 10 40 21.5 60 1 2 3
0 0 0 0 1 2 1 0 33 0 2 2 344 1 39 27.8232 2.61922 5 -1 -1 -1 -1 -1 -1 -1 1657283 0 1 10 40 21.5 60 8 0 3
0 0 0 1 1 2 1 1 34 0 2 2 356 1 38 29.8667 0 5 -1 -1 -1 -1 -1 -1 -1 1667314 0 0 10 40 20 60 4 3 5
0 0 0 1 1 2 1 1 34 0 2 2 353 0 16 29.6444 0 5 -1 -1 -1 -1 -1 -1 -1 1667481 0 0 10 40 20 60 4 3 5
0 0 0 1 1 2 1 1 34 0 2 2 355 0 50 29.4222 0 5 -1 -1 -1 -1 -1 -1 -1 1667647 0 0 10 40 20 53.7778 4 3 5
0 0 0 1 1 2 1 1 34 0 2 2 11 -2 72 29.0667 0 5 -1 -1 -1 -1 -1 -1 -1 1667914 0 0 10 40 20 25.3333 4 3 5
0 0 0 1 1 2 1 1 34 0 2 2 5 1 51 28.4 0 5 -1 -1 -1 -1 -1 -1 -1 1668414 0 0 10 40 20 20 7 0 5
0 0 0 1 1 2 1 1 34 0 2 2 350 0 8 27.7333 0 5 -1 -1 -1 -1 -1 -1 -1 1668914 0 0 10 40 20 20 7 0 5
0 0 0 1 1 2 1 1 34 0 2 2 353 0 17 27.0666 0 5 -1 -1 -1 -1 -1 -1 -1 1669414 0 0 10 40 20 20 7 0 5
0 0 0 1 1 2 1 1 34 0 2 2 0 -1 43 26.4 0 5 -1 -1 -1 -1 -1 -1 -1 1669913 0 0 10 40 20 20 7 0 5
0 0 0 1 1 1 2 1 34 0 2 2 26 -1 54 25.7333 0 6 -1 -1 -1 -1 -1 -1 -1 1670413 0 0 10 40 20 20 1 3 5
0 0 0 1 1 1 2 1 34 0 2 2 40 0 14 25.0666 0 6 -1 -1 -1 -1 -1 -1 -1 1670913 0 0 10 40 20 20 1 3 5
0 0 0 1 1 1 4 1 34 0 2 2 45 0 7 24.3999 0 6 6 7 0 0 0 1 0 1671413 0 0 10 40 20 20 1 3 5
0 0 0 1 1 1 2 1 34 0 2 2 43 0 17 28.7332 0 6 -1 -1 -1 -1 -1 -1 -1 1671913 0 0 10 40 20 20 1 3 5
0 0 0 1 1 1 2 1 34 0 2 2 48 0 10 28.0666 0 6 -1 -1 -1 -1 -1 -1 -1 1672413 0 0 10 40 20 20 0 2 5
0 0 0 1 1 1 2 1 34 0 2 2 52 0 1 27.3999 0 6 -1 -1 -1 -1 -1 -1 -1 1672913 0 0 10 40 20 20 0 2 5
0 0 0 1 1 1 4 1 34 0 2 2 46 0 4 26.7332 0 6 6 7 1 1 0 1 0 1673413 0 0 10 40 20 20 0 2 5
0 0 0 1 1 1 2 1 34 0 2 2 42 0 15 29.4667 0 6 -1 -1 -1 -1 -1 -1 -1 1673912 0 0 10 40 20 20 0 2 5
0 0 0 1 1 1 2 1 34 0 2 2 42 0 7 28.9778 2.53033 6 -1 -1 -1 -1 -1 -1 -1 1674379 0 0 10 40 20.5 20.5 8 0 5
0 0 0 1 1 1 2 1 34 0 2 2 42 0 4 28.9778 1.847 6 -1 -1 -1 -1 -1 -1 -1 1674879 0 0 10 40 20.5 20.5 4 3 5
0 0 0 1 1 1 3 1 34 0 2 2 45 0 2 28.9778 1.16367 6 6 7 0 0 1 1 1 1675379 0 0 10 40 20.5 20.5 4 3 5
0 0 0 1 1 1 2 1 34 0 2 2 46 0 7 28.9778 0.525888 6 -1 -1 -1 -1 -1 -1 -1 1675845 0 0 10 40 20.5 20.5 4 3 5
0 0 0 1 1 1 2 1 34 0 2 2 32 1 33 28.9778 2.48033 6 -1 -1 -1 -1 -1 -1 -1 1676345 0 0 10 40 21 21 4 3 5
0 0 0 1 1 1 2 1 34 0 2 2 21 0 23 28.9778 1.827 6 -1 -1 -1 -1 -1 -1 -1 1676812 0 0 10 40 21 21 7 0 5
0 0 0 1 1 3 1 1 34 0 2 2 12 0 13 28.9778 1.17367 5 5 7 1 1 1 1 1 1677278 0 0 10 40 21 21 7 0 5
0 0 0 1 1 2 1 1 34 0 2 2 5 0 2 28.9778 0.473668 5 -1 -1 -1 -1 -1 -1 -1 1677778 0 0 10 40 21 21 7 0 5
0 0 0 1 1 2 1 1 34 0 2 2 18 -1 43 28.8774 0 5 -1 -1 -1 -1 -1 -1 -1 1678245 0 0 10 40 21 21 7 0 5
0 0 0 1 1 1 2 1 34 0 2 2 41 -1 42 28.2241 0 6 -1 -1 -1 -1 -1 -1 -1 1678711 0 0 10 40 21 21 1 3 5
0 0 0 1 1 1 4 1 34 0 2 2 47 0 6 27.5241 0 6 6 7 2 2 0 1 0 1679211 0 0 10 40 21 21 1 3 5
0 0 0 1 1 1 2 1 34 0 2 2 45 0 10 29.4867 0 6 -1 -1 -1 -1 -1 -1 -1 1679678 0 0 10 40 21 21 1 3 5
0 0 0 1 1 1 2 1 34 0 2 2 43 0 6 28.8333 0 6 -1 -1 -1 -1 -1 -1 -1 1680144 0 0 10 40 21 21 1 3 5
0 0 0 1 1 1 2 1 34 0 2 2 40 0 4 28.18 0 6 -1 -1 -1 -1 -1 -1 -1 1680611 0 0 10 40 21 21 0 2 5
0 0 0 1 1 1 4 1 34 0 2 2 42 0 1 27.48 0 6 6 7 0 0 0 1 0 1681111 0 0 10 40 21 21 0 2 5
0 0 0 1 1 1 2 1 34 0 2 2 43 0 19 29.4867 0 6 -1 -1 -1 -1 -1 -1 -1 1681577 0 0 10 40 21 21 0 2 5
0 0 0 1 1 1 2 1 34 0 2 2 59 -1 44 28.8333 0 6 -1 -1 -1 -1 -1 -1 -1 1682044 0 0 10 40 21 21 0 2 5
0 0 0 1 1 1 1 2 34 0 2 2 79 -1 41 28.1333 0 7 -1 -1 -1 -1 -1 -1 -1 1682544 0 0 10 40 21 21 8 0 5
0 0 0 1 1 1 1 4 34 0 2 2 90 0 16 27.48 0 7 7 7 1 1 0 1 0 1683010 0 0 10 40 21 21 4 3 5
0 0 0 1 1 1 1 2 34 0 2 2 87 0 13 29.4867 0 7 -1 -1 -1 -1 -1 -1 -1 1683477 0 0 10 40 21 21 4 3 5
0 0 0 1 1 1 1 2 34 0 2 2 75 1 46 28.8333 0 7 -1 -1 -1 -1 -1 -1 -1 1683943 0 0 10 40 21 21 4 3 5
0 0 0 1 1 1 2 1 34 0 2 2 48 1 43 28.1333 0 6 -1 -1 -1 -1 -1 -1 -1 1684443 0 0 10 40 21 21 4 3 5
0 0 0 1 1 1 4 1 34 0 2 2 42 0 1 27.48 0 6 6 7 3 3 0 1 0 1684910 0 0 10 40 21 21 7 0 5
0 0 0 1 1 1 2 1 34 0 2 2 39 0 16 29.4867 0 6 -1 -1 -1 -1 -1 -1 -1 1685376 0 0 10 40 21 21 7 0 5
0 0 0 0 1 1 2 0 34 0 2 2 21 1 36 28.7867 0 6 -1 -1 -1 -1 -1 -1 -1 1685876 0 0 10 40 21 21 7 0 3
0 0 0 0 1 2 1 0 34 0 2 2 9 0 18 28.1444 0 5 -1 -1 -1 -1 -1 -1 -1 1686343 0 0 10 40 20.5 20.5 7 0 3
0 0 0 0 1 4 1 0 34 0 2 2 0 0 7 27.4611 0 5 5 7 2 2 0 1 1 1686843 0 0 10 40 20.5 20.5 1 3 3
0 0 0 0 1 2 1 0 34 0 2 2 357 0 9 26.8233 0 5 -1 -1 -1 -1 -1 -1 -1 1687309 0 0 10 40 20.5 20.5 1 3 3
0 0 0 0 1 2 1 0 34 0 2 2 350 0 20 26.3222 2.48033 5 -1 -1 -1 -1 -1 -1 -1 1687809 0 0 10 40 21 21 1 3 3
0 0 0 0 1 2 1 0 34 0 2 2 344 0 7 26.3222 1.827 5 -1 -1 -1 -1 -1 -1 -1 1688276 0 0 10 40 21 21 1 3 3
0 0 0 0 3 2 1 0 34 0 2 2 342 0 0 26.3222 1.127 5 4 7 3 3 1 1 1 1688775 0 0 10 40 21 21 0 2 3
0 0 0 0 1 2 1 0 34 0 2 2 343 0 0 26.3222 0.473668 5 -1 -1 -1 -1 -1 -1 -1 1689242 0 0 10 40 21 21 0 2 3
0 0 0 0 1 2 1 0 34 0 2 2 348 0 16 26.2219 0 5 -1 -1 -1 -1 -1 -1 -1 1689709 0 0 10 40 21 21 0 2 3
0 0 0 0 1 2 1 0 34 0 2 2 355 0 3 25.5686 0 5 -1 -1 -1 -1 -1 -1 -1 1690175 0 0 10 40 21 21 0 2 3
0 0 0 0 1 4 1 0 34 0 2 2 1 0 15 24.8685 0 5 5 7 3 3 0 1 0 1690675 0 0 10 40 21 21 8 0 3
0 0 0 0 1 2 1 0 34 0 2 2 6 0 16 29.2152 0 5 -1 -1 -1 -1 -1 -1 -1 1691142 0 0 10 40 21 21 4 3 3
0 0 0 0 1 2 1 0 34 0 2 2 10 0 1 28.5619 0 5 -1 -1 -1 -1 -1 -1 -1 1691608 0 0 10 40 21 21 4 3 3
0 0 0 0 1 2 1 0 34 0 2 2 4 0 9 27.8619 0 5 -1 -1 -1 -1 -1 -1 -1 1692108 0 0 10 40 21 21 4 3 3
0 0 0 0 1 4 1 0 34 0 2 2 1 0 7 27.2085 0 5 5 7 1 1 0 1 0 1692575 0 0 10 40 21 21 4 3 3
0 0 0 0 1 2 1 0 34 0 2 2 359 0 10 29.4867 0 5 -1 -1 -1 -1 -1 -1 -1 1693041 0 0 10 40 21 21 7 0 3
0 0 0 0 1 2 1 0 34 0 2 2 351 0 18 28.8333 0 5 -1 -1 -1 -1 -1 -1 -1 1693508 0 0 10 40 21 21 7 0 3
0 0 0 0 1 2 1 0 34 0 2 2 336 1 54 28.1333 0 5 -1 -1 -1 -1 -1 -1 -1 1694007 0 0 10 40 21 21 7 0 3
0 0 0 0 4 1 1 0 34 0 2 2 315 1 49 27.48 0 4 4 7 2 2 0 1 0 1694474 0 0 10 40 21 21 7 0 3
0 0 0 0 2 1 1 0 34 0 2 2 317 0 26 29.4867 0 4 -1 -1 -1 -1 -1 -1 -1 1694941 0 0 10 40 21 21 1 3 3
0 0 0 0 2 1 1 0 34 0 2 2 338 -1 58 28.8333 0 4 -1 -1 -1 -1 -1 -1 -1 1695407 0 0 10 40 21 21 1 3 3
0 0 0 0 1 2 1 0 34 0 2 2 0 -1 42 28.5533 2.237 5 -1 -1 -1 -1 -1 -1 -1 1695907 0 0 10 40 21.5 21.5 1 3 3
0 0 0 0 1 3 1 0 34 0 2 2 11 0 4 28.5533 1.56811 5 5 7 1 4 1 1 1 1696374 0 0 10 40 21.5 21.5 1 3 3
0 0 0 0 1 2 1 0 34 0 2 2 358 1 37 28.5533 0.946999 5 -1 -1 -1 -1 -1 -1 -1 1696807 0 0 10 40 21.5 21.5 0 2 3
0 0 0 0 1 2 1 0 34 0 2 2 2 0 21 28.5533 2.61867 5 -1 -1 -1 -1 -1 -1 -1 1697273 0 0 10 40 21.75 21.75 0 2 3
0 0 0 0 1 2 1 0 34 0 2 2 14 0 24 28.5533 1.942 5 -1 -1 -1 -1 -1 -1 -1 1697740 0 0 10 40 21.75 21.75 0 2 3
0 0 0 0 1 2 3 0 34 0 2 2 13 0 3 28.5533 1.26533 5 6 7 2 4 1 1 1 1698206 0 0 10 40 21.75 21.75 0 2 3
0 0 0 0 1 2 1 0 34 0 2 2 9 0 21 28.5533 0.588667 5 -1 -1 -1 -1 -1 -1 -1 1698673 0 0 10 40 21.75 21.75 8 0 3
0 0 0 0 1 2 1 0 34 0 2 2 3 0 5 28.5533 2.52033 5 -1 -1 -1 -1 -1 -1 -1 1699140 0 0 10 40 22 22 4 3 3
0 0 0 0 1 2 1 0 34 0 2 2 1 0 4 28.5533 1.88478 5 -1 -1 -1 -1 -1 -1 -1 1699573 0 0 10 40 22 22 4 3 3
0 0 0 0 1 3 1 0 34 0 2 2 356 0 13 28.5533 1.20033 5 5 7 1 1 1 1 1 1700039 0 0 10 40 22 22 4 3 3
0 0 0 0 1 2 1 0 34 0 2 2 351 0 5 28.5533 0.564776 5 -1 -1 -1 -1 -1 -1 -1 1700473 0 0 10 40 22 22 4 3 3
0 0 0 0 1 2 1 0 34 0 2 2 351 0 16 28.4774 0 5 -1 -1 -1 -1 -1 -1 -1 1700939 0 0 10 40 22 22 7 0 3
0 0 0 0 1 2 1 0 34 0 2 2 357 0 8 27.793 0 5 -1 -1 -1 -1 -1 -1 -1 1701406 0 0 10 40 22 22 7 0 3
0 0 0 0 1 4 1 0 34 0 2 2 359 0 12 27.1574 0 5 5 7 0 0 0 1 0 1701839 0 0 10 40 22 22 7 0 3
0 0 0 0 1 2 1 0 34 0 2 2 0 0 11 29.4622 0 5 -1 -1 -1 -1 -1 -1 -1 1702305 0 0 10 40 22 22 7 0 3
0 0 0 0 1 2 1 0 34 0 2 2 354 0 16 28.7778 0 5 -1 -1 -1 -1 -1 -1 -1 1702772 0 0 10 40 22 22 1 3 3
0 0 0 0 1 2 1 0 34 0 2 2 340 1 32 28.1422 0 5 -1 -1 -1 -1 -1 -1 -1 1703205 0 0 10 40 21 22 1 3 3
0 0 0 0 4 1 1 0 34 0 2 2 328 0 16 27.4422 0 4 4 7 4 2 0 1 1 1703705 0 0 10 40 21 21 1 3 3
0 0 0 0 2 1 1 0 34 0 2 2 325 0 3 26.7889 0 4 -1 -1 -1 -1 -1 -1 -1 1704172 0 0 10 40 21 21 1 3 3
0 0 0 0 2 1 1 0 34 0 2 2 320 0 9 26.1355 0 4 -1 -1 -1 -1 -1 -1 -1 1704638 0 0 10 40 21 21 0 2 3
0 0 0 0 2 1 1 0 34 0 2 2 317 0 2 25.4822 0 4 -1 -1 -1 -1 -1 -1 -1 1705105 0 0 10 40 21 21 0 2 3
0 0 0 0 4 1 1 0 34 0 2 2 319 0 7 24.7822 0 4 4 7 1 4 0 1 0 1705605 0 0 10 40 21 21 0 2 3
0 0 0 0 2 1 1 0 34 0 2 2 329 0 19 29.1288 0 4 -1 -1 -1 -1 -1 -1 -1 1706071 0 0 10 40 21 21 0 2 3
0 0 0 0 2 1 1 0 34 0 2 2 331 0 6 28.4755 0 4 -1 -1 -1 -1 -1 -1 -1 1706538 0 0 10 40 21 21 8 0 3
0 0 0 0 2 1 1 0 34 0 2 2 320 0 21 27.7755 0 4 -1 -1 -1 -1 -1 -1 -1 1707038 0 0 10 40 21 21 4 3 3
0 0 0 0 4 1 1 0 34 0 2 2 315 0 0 27.1222 0 4 4 7 0 0 0 1 0 1707504 0 0 10 40 21 21 4 3 3
0 0 0 0 2 1 1 0 34 0 2 2 320 0 16 29.4867 0 4 -1 -1 -1 -1 -1 -1 -1 1707971 0 0 10 40 21 21 4 3 3
0 0 0 0 2 1 1 0 34 0 2 2 320 0 1 28.8333 0 4 -1 -1 -1 -1 -1 -1 -1 1708437 0 0 10 40 21 21 4 3 3
0 0 0 0 2 1 1 0 34 0 2 2 315 0 8 28.1333 0 4 -1 -1 -1 -1 -1 -1 -1 1708937 0 0 10 40 21 21 7 0 3
0 0 0 0 4 1 1 0 34 0 2 2 315 0 3 27.48 0 4 4 7 3 3 0 1 0 1709404 0 0 10 40 21 21 7 0 3
0 0 0 0 2 1 1 0 34 0 2 2 318 0 14 29.4867 0 4 -1 -1 -1 -1 -1 -1 -1 1709870 0 0 10 40 21 21 7 0 3
0 0 0 0 2 1 1 0 34 0 2 2 318 0 5 28.7867 0 4 -1 -1 -1 -1 -1 -1 -1 1710370 0 0 10 40 21 21 7 0 3
0 0 0 0 2 1 1 0 34 0 2 2 316 0 11 28.1333 0 4 -1 -1 -1 -1 -1 -1 -1 1710837 0 0 10 40 21 21 1 3 3
0 0 0 0 4 1 1 0 34 0 2 2 315 0 2 27.48 0 4 4 7 2 2 0 1 0 1711303 0 0 10 40 21 21 1 3 3
0 0 0 0 2 1 1 0 34 0 2 2 317 0 15 29.4867 0 4 -1 -1 -1 -1 -1 -1 -1 1711770 0 0 10 40 21 21 1 3 3
0 0 0 0 2 1 1 0 34 0 2 2 330 0 29 28.7867 0 4 -1 -1 -1 -1 -1 -1 -1 1712270 0 0 10 40 21 21 1 3 3
0 0 0 0 1 2 1 0 34 0 2 2 345 -1 31 28.1344 0 5 -1 -1 -1 -1 -1 -1 -1 1712736 0 1 10 40 20.5 60 0 2 3
0 0 0 0 1 4 1 0 34 0 2 2 345 0 27 28.1344 0 5 5 7 4 1 0 1 1 1712903 0 1 10 40 20.5 60 0 2 3
0 0 0 0 1 2 1 0 34 0 2 2 345 0 25 28.1344 0 5 -1 -1 -1 -1 -1 -1 -1 1713070 0 1 10 40 20.5 60 0 2 3
0 0 0 0 1 2 1 0 34 0 2 2 345 0 25 28.1344 0 5 -1 -1 -1 -1 -1 -1 -1 1713236 0 1 10 40 20.5 60 0 2 3
0 0 0 0 1 2 1 0 34 0 2 2 345 0 20 28.1344 0 5 -1 -1 -1 -1 -1 -1 -1 1713403 0 1 10 40 20.5 60 8 0 3
0 0 0 0 1 2 1 0 34 0 2 2 345 0 26 28.1344 0 5 -1 -1 -1 -1 -1 -1 -1 1713569 0 1 10 40 20.5 60 4 3 3
0 0 0 1 1 2 1 1 35 0 2 2 5 -1 43 29.8667 0 5 -1 -1 -1 -1 -1 -1 -1 1718268 0 0 10 40 20 60 5 3 5
0 0 0 1 1 2 1 1 35 0 2 2 13 -2 61 29.6444 0 5 -1 -1 -1 -1 -1 -1 -1 1718435 0 0 10 40 20 60 5 3 5
0 0 0 1 1 2 1 1 35 0 2 2 11 2 64 29.4222 0 5 -1 -1 -1 -1 -1 -1 -1 1718601 0 0 10 40 20 53.7778 5 3 5
0 0 0 1 1 2 1 1 35 0 2 2 334 5 181 29.0667 0 5 -1 -1 -1 -1 -1 -1 -1 1718868 0 0 10 40 20 25.3333 5 3 5
0 0 0 2 1 1 1 1 35 0 2 2 270 6 200 28.4 0 3 -1 -1 -1 -1 -1 -1 -1 1719368 0 0 10 40 20 20 1 2 5
0 0 0 2 1 1 1 1 35 0 2 2 278 -1 68 27.7333 0 3 -1 -1 -1 -1 -1 -1 -1 1719868 0 0 10 40 20 20 1 2 5
0 0 0 1 2 1 1 1 35 0 2 2 315 -2 88 27.0666 0 4 -1 -1 -1 -1 -1 -1 -1 1720368 0 0 10 40 20 20 1 2 5
0 0 0 1 1 2 1 1 35 0 2 2 346 -2 68 26.4 0 5 -1 -1 -1 -1 -1 -1 -1 1720868 0 0 10 40 20 20 1 2 5
0 0 0 1 1 2 1 1 35 0 2 2 10 -1 35 25.7333 0 5 -1 -1 -1 -1 -1 -1 -1 1721367 0 0 10 40 20 20 7 1 5
0 0 0 1 1 2 1 1 35 0 2 2 9 0 29 25.0666 0 5 -1 -1 -1 -1 -1 -1 -1 1721867 0 0 10 40 20 20 7 1 5
0 0 0 1 1 4 1 1 35 0 2 2 3 0 16 24.3999 0 5 5 7 1 1 0 1 0 1722367 0 0 10 40 20 20 7 1 5
0 0 0 1 1 2 1 1 35 0 2 2 3 1 45 28.7332 0 5 -1 -1 -1 -1 -1 -1 -1 1722867 0 0 10 40 20 20 7 1 5
0 0 0 1 1 2 1 1 35 0 2 2 336 1 48 28.0666 0 5 -1 -1 -1 -1 -1 -1 -1 1723367 0 0 10 40 20 20 4 1 5
0 0 0 1 2 1 1 1 35 0 2 2 320 0 10 27.3999 0 4 -1 -1 -1 -1 -1 -1 -1 1723867 0 0 10 40 20 20 4 1 5
0 0 0 1 4 1 1 1 35 0 2 2 316 0 3 26.7332 0 4 4 7 2 2 0 1 0 1724367 0 0 10 40 20 20 4 1 5
0 0 0 1 2 1 1 1 35 0 2 2 323 -1 32 29.4667 0 4 -1 -1 -1 -1 -1 -1 -1 1724867 0 0 10 40 20 20 4 1 5
0 0 0 1 1 2 1 1 35 0 2 2 342 -1 42 28.9333 2.53033 5 -1 -1 -1 -1 -1 -1 -1 1725367 0 0 10 40 20.5 20.5 8 0 5
0 0 0 1 1 2 1 1 35 0 2 2 353 0 17 28.9333 1.89255 5 -1 -1 -1 -1 -1 -1 -1 1725833 0 0 10 40 20.5 20.5 5 3 5
0 0 0 1 1 3 1 1 35 0 2 2 357 0 0 28.9333 1.20922 5 5 7 1 1 1 1 1 1726333 0 0 10 40 20.5 20.5 5 3 5
0 0 0 1 1 2 1 1 35 0 2 2 356 0 14 28.9333 0.571443 5 -1 -1 -1 -1 -1 -1 -1 1726799 0 0 10 40 20.5 20.5 5 3 5
0 0 0 1 1 2 1 1 35 0 2 2 343 0 18 28.9333 2.29367 5 -1 -1 -1 -1 -1 -1 -1 1727299 0 0 10 40 21 21 5 3 5
0 0 0 1 1 2 1 1 35 0 2 2 340 0 2 28.9333 1.64033 5 -1 -1 -1 -1 -1 -1 -1 1727766 0 0 10 40 21 21 1 2 5
0 0 0 1 3 2 1 1 35 0 2 2 340 0 1 28.9333 0.987002 5 4 7 2 2 1 1 1 1728232 0 0 10 40 21 21 1 2 5
0 0 0 1 1 2 1 1 35 0 2 2 342 0 11 28.9333 0.287001 5 -1 -1 -1 -1 -1 -1 -1 1728732 0 0 10 40 21 21 1 2 5
0 0 0 1 1 2 1 1 35 0 2 2 353 -1 32 28.6463 0 5 -1 -1 -1 -1 -1 -1 -1 1729199 0 0 10 40 21 21 1 2 5
0 0 0 1 1 2 1 1 35 0 2 2 0 0 19 27.993 0 5 -1 -1 -1 -1 -1 -1 -1 1729665 0 0 10 40 21 21 7 1 5
0 0 0 1 1 4 1 1 35 0 2 2 7 0 10 27.293 0 5 5 7 0 0 0 1 0 1730165 0 0 10 40 21 21 7 1 5
0 0 0 1 1 2 1 1 35 0 2 2 9 0 5 29.4867 0 5 -1 -1 -1 -1 -1 -1 -1 1730632 0 0 10 40 21 21 7 1 5
0 0 0 1 1 2 1 1 35 0 2 2 350 1 55 28.8333 0 5 -1 -1 -1 -1 -1 -1 -1 1731098 0 0 10 40 21 21 7 1 5
0 0 0 1 2 1 1 1 35 0 2 2 328 1 39 28.18 0 4 -1 -1 -1 -1 -1 -1 -1 1731565 0 0 10 40 21 21 4 1 5
0 0 0 1 4 1 1 1 35 0 2 2 312 0 18 27.48 0 4 4 7 1 1 0 1 0 1732065 0 0 10 40 21 21 4 1 5
0 0 0 1 2 1 1 1 35 0 2 2 313 0 8 29.4867 0 4 -1 -1 -1 -1 -1 -1 -1 1732531 0 0 10 40 21 21 4 1 5
0 0 0 1 2 1 1 1 35 0 2 2 304 1 49 28.8333 0 4 -1 -1 -1 -1 -1 -1 -1 1732998 0 0 10 40 21 21 4 1 5
0 0 0 2 1 1 1 1 35 0 2 2 277 1 47 28.1333 0 3 -1 -1 -1 -1 -1 -1 -1 1733498 0 0 10 40 21 21 8 0 5
0 0 0 4 1 1 1 1 35 0 2 2 270 0 21 27.48 0 3 3 7 2 2 0 1 0 1733964 0 0 10 40 21 21 5 3 5
0 0 0 2 1 1 1 1 35 0 2 2 270 0 3 29.4867 0 3 -1 -1 -1 -1 -1 -1 -1 1734431 0 0 10 40 21 21 5 3 5
0 0 0 2 1 1 1 1 35 0 2 2 270 0 9 28.8333 0 3 -1 -1 -1 -1 -1 -1 -1 1734898 0 0 10 40 21 21 5 3 5
0 0 0 2 1 1 1 1 35 0 2 2 270 0 10 28.1333 0 3 -1 -1 -1 -1 -1 -1 -1 1735397 0 0 10 40 21 21 5 3 5
0 0 0 4 1 1 1 1 35 0 2 2 288 0 2 27.48 0 3 3 7 0 0 0 1 0 1735864 0 0 10 40 21 21 1 2 5
0 0 0 1 2 1 1 1 35 0 2 2 315 1 49 29.4867 0 4 -1 -1 -1 -1 -1 -1 -1 1736330 0 0 10 40 21 21 1 2 5
0 0 0 0 2 1 1 0 35 0 2 2 315 0 22 28.7867 0 4 -1 -1 -1 -1 -1 -1 -1 1736830 0 0 10 40 21 21 1 2 3
0 0 0 0 2 1 1 0 35 0 2 2 315 0 19 28.1333 0 4 -1 -1 -1 -1 -1 -1 -1 1737297 0 0 10 40 21 21 1 2 3
0 0 0 0 4 1 1 0 35 0 2 2 315 0 19 27.48 0 4 4 7 3 3 0 1 0 1737763 0 0 10 40 21 21 7 1 3
0 0 0 0 2 1 1 0 35 0 2 2 315 0 3 29.4867 0 4 -1 -1 -1 -1 -1 -1 -1 1738230 0 0 10 40 21 21 7 1 3
0 0 0 0 2 1 1 0 35 0 2 2 325 -1 40 28.7867 0 4 -1 -1 -1 -1 -1 -1 -1 1738730 0 0 10 40 21 21 7 1 3
0 0 0 0 1 2 1 0 35 0 2 2 342 -1 34 28.5067 2.28478 5 -1 -1 -1 -1 -1 -1 -1 1739196 0 0 10 40 21.5 21.5 7 1 3
0 0 0 0 1 3 1 0 35 0 2 2 356 0 15 28.5067 1.61589 5 5 7 4 0 1 1 1 1739663 0 0 10 40 21.5 21.5 4 1 3
0 0 0 0 1 2 1 0 35 0 2 2 0 0 10 28.5067 0.946999 5 -1 -1 -1 -1 -1 -1 -1 1740130 0 0 10 40 21.5 21.5 4 1 3
0 0 0 0 1 2 1 0 35 0 2 2 341 1 39 28.5067 0.27811 5 -1 -1 -1 -1 -1 -1 -1 1740596 0 0 10 40 21.5 21.5 4 1 3
0 0 0 0 2 1 1 0 35 0 2 2 327 0 26 28.133 0 4 -1 -1 -1 -1 -1 -1 -1 1741063 0 0 10 40 21.5 21.5 4 1 3
0 0 0 0 4 1 1 0 35 0 2 2 319 0 4 27.4641 0 4 4 7 1 1 0 1 0 1741529 0 0 10 40 21.5 21.5 8 0 3
0 0 0 0 2 1 1 0 35 0 2 2 323 0 14 29.5222 0 4 -1 -1 -1 -1 -1 -1 -1 1741962 0 0 10 40 21.5 21.5 5 3 3
0 0 0 0 2 1 1 0 35 0 2 2 335 0 21 28.8533 0 4 -1 -1 -1 -1 -1 -1 -1 1742429 0 0 10 40 21.5 21.5 5 3 3
0 0 0 0 1 2 1 0 35 0 2 2 349 0 24 28.1656 0 5 -1 -1 -1 -1 -1 -1 -1 1742929 0 0 10 40 20.5 20.5 5 3 3
0 0 0 0 1 4 1 0 35 0 2 2 354 0 8 27.4823 0 5 5 7 3 4 0 1 1 1743429 0 0 10 40 20.5 20.5 5 3 3
0 0 0 0 1 2 1 0 35 0 2 2 345 0 14 26.8445 0 5 -1 -1 -1 -1 -1 -1 -1 1743895 0 0 10 40 20.5 20.5 1 2 3
0 0 0 0 2 1 1 0 35 0 2 2 336 0 15 26.1612 0 4 -1 -1 -1 -1 -1 -1 -1 1744395 0 0 10 40 20.5 20.5 1 2 3
0 0 0 0 2 1 1 0 35 0 2 2 327 1 50 25.5234 0 4 -1 -1 -1 -1 -1 -1 -1 1744862 0 0 10 40 20.5 20.5 1 2 3
0 0 0 0 4 1 1 0 35 0 2 2 315 0 24 24.8401 0 4 4 7 0 0 0 1 0 1745362 0 0 10 40 20.5 20.5 1 2 3
0 0 0 0 2 1 1 0 35 0 2 2 318 0 24 29.1567 0 4 -1 -1 -1 -1 -1 -1 -1 1745862 0 0 10 40 20.5 20.5 7 1 3
0 0 0 0 2 1 1 0 35 0 2 2 332 -1 34 28.519 0 4 -1 -1 -1 -1 -1 -1 -1 1746328 0 0 10 40 20.5 20.5 7 1 3
0 0 0 0 1 2 1 0 35 0 2 2 350 -1 32 27.8356 0 5 -1 -1 -1 -1 -1 -1 -1 1746828 0 0 10 40 20.5 20.5 7 1 3
0 0 0 0 1 4 1 0 35 0 2 2 3 0 9 27.1523 0 5 5 7 2 2 0 1 0 1747328 0 0 10 40 20.5 20.5 7 1 3
0 0 0 0 1 2 1 0 35 0 2 2 354 1 38 29.4989 0 5 -1 -1 -1 -1 -1 -1 -1 1747794 0 0 10 40 20.5 20.5 4 1 3
0 0 0 0 2 1 1 0 35 0 2 2 334 1 36 28.8156 0 4 -1 -1 -1 -1 -1 -1 -1 1748294 0 0 10 40 20.5 20.5 4 1 3
0 0 0 0 2 1 1 0 35 0 2 2 322 0 22 28.6789 2.15367 4 -1 -1 -1 -1 -1 -1 -1 1748761 0 0 10 40 21 21 4 1 3
0 0 0 0 3 1 1 0 35 0 2 2 315 0 2 28.6789 1.45367 4 4 7 4 0 1 1 1 1749261 0 0 10 40 21 21 4 1 3
0 0 0 0 2 1 1 0 35 0 2 2 325 -1 30 28.6789 0.800335 4 -1 -1 -1 -1 -1 -1 -1 1749727 0 0 10 40 21 21 8 0 3
0 0 0 0 1 2 1 0 35 0 2 2 341 -1 31 28.6789 0.147001 5 -1 -1 -1 -1 -1 -1 -1 1750194 0 0 10 40 21 21 5 3 3
0 0 0 0 1 2 1 0 35 0 2 2 354 0 21 28.2519 0 5 -1 -1 -1 -1 -1 -1 -1 1750660 0 0 10 40 21 21 5 3 3
0 0 0 0 1 4 1 0 35 0 2 2 358 0 0 27.5519 0 5 5 7 3 3 0 1 0 1751160 0 0 10 40 21 21 5 3 3
0 0 0 0 1 2 1 0 35 0 2 2 346 0 21 29.4867 0 5 -1 -1 -1 -1 -1 -1 -1 1751627 0 0 10 40 21 21 5 3 3
0 0 0 0 1 2 1 0 35 0 2 2 0 -1 57 28.8333 0 5 -1 -1 -1 -1 -1 -1 -1 1752093 0 0 10 40 21 21 1 2 3
0 0 0 0 1 1 2 0 35 0 2 2 28 -1 59 28.2733 2.57144 6 -1 -1 -1 -1 -1 -1 -1 1752560 0 0 10 40 21.5 21.5 1 2 3
0 0 0 0 1 1 3 0 35 0 2 2 45 0 27 28.2733 1.90255 6 6 7 0 0 1 1 1 1753026 0 0 10 40 21.5 21.5 1 2 3
0 0 0 0 1 1 2 0 35 0 2 2 34 2 63 28.2733 1.23367 6 -1 -1 -1 -1 -1 -1 -1 1753493 0 0 10 40 21.5 21.5 1 2 3
0 0 0 0 1 2 1 0 35 0 2 2 10 1 46 28.2733 0.564777 5 -1 -1 -1 -1 -1 -1 -1 1753960 0 0 10 40 21.5 21.5 7 1 3
0 0 0 0 1 2 1 0 35 0 2 2 359 0 7 28.2733 2.28033 5 -1 -1 -1 -1 -1 -1 -1 1754426 0 0 10 40 21.75 21.75 7 1 3
0 0 0 0 1 3 1 0 35 0 2 2 1 0 3 28.2733 1.60367 5 5 7 4 3 1 1 1 1754893 0 0 10 40 21.75 21.75 7 1 3
0 0 0 0 1 2 1 0 35 0 2 2 348 1 39 28.2733 0.927 5 -1 -1 -1 -1 -1 -1 -1 1755359 0 0 10 40 21.75 21.75 7 1 3
0 0 0 0 1 2 1 0 35 0 2 2 340 0 11 28.2733 0.250333 5 -1 -1 -1 -1 -1 -1 -1 1755826 0 0 10 40 21.75 21.75 4 1 3
0 0 0 0 1 2 1 0 35 0 2 2 345 0 22 27.9746 0 5 -1 -1 -1 -1 -1 -1 -1 1756259 0 0 10 40 21.75 21.75 4 1 3
0 0 0 0 1 4 1 0 35 0 2 2 4 -1 42 27.298 0 5 5 7 2 2 0 1 0 1756726 0 0 10 40 21.75 21.75 4 1 3
0 0 0 0 1 2 1 0 35 0 2 2 11 0 15 29.4683 0 5 -1 -1 -1 -1 -1 -1 -1 1757192 0 0 10 40 21.75 21.75 4 1 3
0 0 0 0 1 2 1 0 35 0 2 2 23 -1 32 28.7916 0 5 -1 -1 -1 -1 -1 -1 -1 1757659 0 0 10 40 21.75 21.75 8 0 3
0 0 0 0 1 1 2 0 35 0 2 2 33 0 8 28.115 0 6 -1 -1 -1 -1 -1 -1 -1 1758125 0 0 10 40 21.75 21.75 5 3 3
0 0 0 0 1 1 4 0 35 0 2 2 32 0 21 27.4866 0 6 6 7 1 1 0 1 0 1758558 0 0 10 40 21.75 21.75 5 3 3
0 0 0 0 1 2 1 0 35 0 2 2 21 0 11 29.4683 0 5 -1 -1 -1 -1 -1 -1 -1 1759025 0 0 10 40 21.75 21.75 5 3 3
0 0 0 0 1 1 2 0 35 0 2 2 23 0 16 28.7916 0 6 -1 -1 -1 -1 -1 -1 -1 1759492 0 0 10 40 21.75 21.75 5 3 3
0 0 0 0 1 1 2 0 35 0 2 2 32 0 21 28.115 0 6 -1 -1 -1 -1 -1 -1 -1 1759958 0 0 10 40 21.75 21.75 1 2 3
0 0 0 0 1 1 4 0 35 0 2 2 41 0 17 27.4561 0 6 6 7 4 3 0 1 1 1760425 0 0 10 40 20.75 20.75 1 2 3
0 0 0 0 1 1 2 0 35 0 2 2 44 0 16 26.8105 0 6 -1 -1 -1 -1 -1 -1 -1 1760891 0 0 10 40 20.75 20.75 1 2 3
0 0 0 0 1 1 2 0 35 0 2 2 45 0 10 26.1188 0 6 -1 -1 -1 -1 -1 -1 -1 1761391 0 0 10 40 20.75 20.75 1 2 3
0 0 0 0 1 1 2 0 35 0 2 2 44 0 12 25.4732 0 6 -1 -1 -1 -1 -1 -1 -1 1761858 0 0 10 40 20.75 20.75 7 1 3
0 0 0 0 1 1 4 0 35 0 2 2 45 0 7 24.7816 0 6 6 7 2 2 0 1 0 1762357 0 0 10 40 20.75 20.75 7 1 3
0 0 0 0 1 1 2 0 35 0 2 2 37 0 17 29.136 0 6 -1 -1 -1 -1 -1 -1 -1 1762824 0 0 10 40 20.75 20.75 7 1 3
0 0 0 0 1 1 2 0 35 0 2 2 38 0 9 28.4443 0 6 -1 -1 -1 -1 -1 -1 -1 1763324 0 0 10 40 20.75 20.75 7 1 3
0 0 0 0 1 1 2 0 35 0 2 2 39 0 13 27.7987 0 6 -1 -1 -1 -1 -1 -1 -1 1763790 0 0 10 40 20.75 20.75 4 1 3
0 0 0 0 1 1 4 0 35 0 2 2 42 0 4 27.1532 0 6 6 7 1 1 0 1 0 1764257 0 0 10 40 20.75 20.75 4 1 3
0 0 0 0 1 1 2 0 35 0 2 2 37 0 16 29.4467 0 6 -1 -1 -1 -1 -1 -1 -1 1764757 0 0 10 40 20.75 20.75 4 1 3
0 0 0 0 1 1 2 0 35 0 2 2 35 0 5 28.8011 0 6 -1 -1 -1 -1 -1 -1 -1 1765223 0 0 10 40 20.75 20.75 4 1 3
0 0 0 0 1 1 2 0 35 0 2 2 41 0 12 28.1094 0 6 -1 -1 -1 -1 -1 -1 -1 1765723 0 0 10 40 20.75 20.75 8 0 3
0 0 0 0 1 1 4 0 35 0 2 2 42 0 5 27.4638 0 6 6 7 3 3 0 1 0 1766190 0 0 10 40 20.75 20.75 5 3 3
0 0 0 0 1 1 2 0 35 0 2 2 35 0 18 29.4467 0 6 -1 -1 -1 -1 -1 -1 -1 1766690 0 0 10 40 20.75 20.75 5 3 3
0 0 0 0 1 1 2 0 35 0 2 2 37 0 14 28.8011 0 6 -1 -1 -1 -1 -1 -1 -1 1767156 0 0 10 40 20.75 20.75 5 3 3
0 0 0 0 1 1 2 0 35 0 2 2 38 0 4 28.3861 2.38367 6 -1 -1 -1 -1 -1 -1 -1 1767656 0 0 10 40 21.25 21.25 5 3 3
0 0 0 0 1 1 3 0 35 0 2 2 42 0 2 28.3861 1.72256 6 6 7 1 1 1 1 1 1768123 0 0 10 40 21.25 21.25 1 2 3
0 0 0 0 1 1 2 0 35 0 2 2 40 0 12 28.3861 1.06144 6 -1 -1 -1 -1 -1 -1 -1 1768589 0 0 10 40 21.25 21.25 1 2 3
0 0 0 0 1 1 2 0 35 0 2 2 26 0 25 28.3861 0.400334 6 -1 -1 -1 -1 -1 -1 -1 1769056 0 0 10 40 21.25 21.25 1 2 3
0 0 0 0 1 2 1 0 35 0 2 2 15 0 20 28.1746 0 5 -1 -1 -1 -1 -1 -1 -1 1769522 0 0 10 40 21.25 21.25 1 2 3
0 0 0 0 1 4 1 0 35 0 2 2 359 1 31 27.5135 0 5 5 7 1 4 0 1 0 1769989 0 0 10 40 21.25 21.25 7 1 3
0 0 0 0 1 2 1 0 35 0 2 2 354 0 26 29.4806 0 5 -1 -1 -1 -1 -1 -1 -1 1770455 0 0 10 40 21.25 21.25 7 1 3
0 0 0 0 1 2 1 0 35 0 2 2 14 -1 50 28.8194 0 5 -1 -1 -1 -1 -1 -1 -1 1770922 0 0 10 40 21.25 21.25 7 1 3
0 0 0 0 1 1 2 0 35 0 2 2 34 -1 43 28.2528 2.61922 6 -1 -1 -1 -1 -1 -1 -1 1771355 0 1 10 40 21.5 60 7 1 3
0 0 0 0 1 1 3 0 35 0 2 2 34 -1 42 28.2528 2.61922 6 6 7 1 1 1 1 1 1771522 0 1 10 40 21.5 60 4 1 3
0 0 0 0 1 1 2 0 35 0 2 2 34 -1 43 28.2528 2.61922 6 -1 -1 -1 -1 -1 -1 -1 1771689 0 1 10 40 21.5 60 4 1 3
0 0 0 0 1 1 2 0 35 0 2 2 34 -1 41 28.2528 2.61922 6 -1 -1 -1 -1 -1 -1 -1 1771855 0 1 10 40 21.5 60 4 1 3
0 0 0 0 1 1 2 0 35 0 2 2 34 -1 40 28.2528 2.61922 6 -1 -1 -1 -1 -1 -1 -1 1772022 0 1 10 40 21.5 60 4 1 3
0 0 0 0 1 1 2 0 35 0 2 2 34 -1 41 28.2528 2.61922 6 -1 -1 -1 -1 -1 -1 -1 1772188 0 1 10 40 21.5 60 8 0 3
0 0 0 0 1 1 2 0 35 0 2 2 34 -1 40 28.2528 2.61922 6 -1 -1 -1 -1 -1 -1 -1 1772355 0 1 10 40 21.5 60 5 3 3
0 0 0 0 1 1 2 0 35 0 2 2 34 -1 40 28.2528 2.61922 6 -1 -1 -1 -1 -1 -1 -1 1772522 0 1 10 40 21.5 60 5 3 3
0 0 0 0 1 1 2 0 35 0 2 2 34 -1 36 28.2528 2.61922 6 -1 -1 -1 -1 -1 -1 -1 1772688 0 1 10 40 21.5 60 5 3 3
0 0 0 0 1 1 2 0 35 0 2 2 34 0 18 28.2528 2.61922 6 -1 -1 -1 -1 -1 -1 -1 1772855 0 1 10 40 21.5 60 5 3 3
0 0 0 0 1 1 2 0 35 0 2 2 34 0 16 28.2528 2.61922 6 -1 -1 -1 -1 -1 -1 -1 1773022 0 1 10 40 21.5 60 1 2 3
0 0 0 1 1 2 1 1 36 0 4 2 357 0 23 29.8467 0 5 -1 -1 -1 -1 -1 -1 -1 1792350 0 0 10 40 23 60 6 1 5
0 0 0 1 1 2 1 1 36 0 4 2 353 0 25 29.5911 0 5 -1 -1 -1 -1 -1 -1 -1 1792517 0 0 10 40 23 60 6 1 5
0 0 0 1 1 2 1 1 36 0 4 2 348 0 29 29.2844 0 5 -1 -1 -1 -1 -1 -1 -1 1792717 0 0 10 40 23 44.0489 6 1 5
0 0 0 1 1 2 1 1 36 0 4 2 341 0 21 28.7733 0 5 -1 -1 -1 -1 -1 -1 -1 1793050 0 0 10 40 23 23 6 1 5
0 0 0 1 2 1 1 1 36 0 4 2 328 1 50 28.1089 0 4 -1 -1 -1 -1 -1 -1 -1 1793483 0 0 10 40 23 23 3 2 5
0 0 0 1 1 2 1 1 36 0 4 2 356 -2 72 27.4444 0 5 -1 -1 -1 -1 -1 -1 -1 1793916 0 0 10 40 23 23 3 2 5
0 0 0 1 1 2 1 1 36 0 4 2 10 0 11 26.78 0 5 -1 -1 -1 -1 -1 -1 -1 1794350 0 0 10 40 23 23 3 2 5
0 0 0 1 1 2 1 1 36 0 4 2 3 1 51 26.1155 0 5 -1 -1 -1 -1 -1 -1 -1 1794783 0 0 10 40 23 23 3 2 5
0 0 0 1 2 1 1 1 36 0 4 2 329 1 58 25.4511 0 4 -1 -1 -1 -1 -1 -1 -1 1795216 0 0 10 40 23 23 4 2 5
0 0 0 1 2 1 1 1 36 0 4 2 316 0 15 24.7867 0 4 -1 -1 -1 -1 -1 -1 -1 1795649 0 0 10 40 23 23 4 2 5
0 0 0 1 4 1 1 1 36 0 4 2 321 0 12 24.1222 0 4 4 1 0 0 0 1 0 1796083 0 0 10 40 23 23 4 2 5
0 0 0 1 2 1 1 1 36 0 4 2 326 -1 55 28.4578 0 4 -1 -1 -1 -1 -1 -1 -1 1796516 0 0 10 40 23 23 4 2 5
0 0 0 1 1 2 1 1 36 0 4 2 351 -1 56 27.7933 0 5 -1 -1 -1 -1 -1 -1 -1 1796949 0 0 10 40 23 23 3 0 5
0 0 0 1 1 2 1 1 36 0 4 2 2 0 4 27.1289 0 5 -1 -1 -1 -1 -1 -1 -1 1797382 0 0 10 40 23 23 3 0 5
0 0 0 1 1 4 1 1 36 0 4 2 356 0 9 26.4644 0 5 5 0 1 1 0 1 0 1797815 0 0 10 40 23 23 3 0 5
0 0 0 1 1 2 1 1 36 0 4 2 351 0 6 29.4889 0 5 -1 -1 -1 -1 -1 -1 -1 1798249 0 0 10 40 23 23 3 0 5
0 0 0 1 1 2 1 1 36 0 4 2 339 0 17 28.8756 2.61478 5 -1 -1 -1 -1 -1 -1 -1 1798682 0 0 10 40 23.5 23.5 8 0 5
0 0 0 1 1 2 1 1 36 0 4 2 342 0 18 28.8756 1.93589 5 -1 -1 -1 -1 -1 -1 -1 1799115 0 0 10 40 23.5 23.5 6 1 5
0 0 0 1 3 2 1 1 36 0 4 2 345 0 7 28.8756 1.257 5 4 1 0 0 1 1 1 1799548 0 0 10 40 23.5 23.5 6 1 5
0 0 0 1 1 2 1 1 36 0 4 2 343 0 5 28.8756 0.630332 5 -1 -1 -1 -1 -1 -1 -1 1799948 0 0 10 40 23.5 23.5 6 1 5
0 0 0 1 1 2 1 1 36 0 4 2 351 0 12 28.8756 -0.0485567 5 -1 -1 -1 -1 -1 -1 -1 1800382 0 0 10 40 23.5 23.5 6 1 5
0 0 0 1 1 2 1 1 36 0 4 2 346 0 7 28.2452 0 5 -1 -1 -1 -1 -1 -1 -1 1800815 0 0 10 40 23.5 23.5 3 2 5
0 0 0 1 1 4 1 1 36 0 4 2 352 -1 41 27.5664 0 5 5 3 3 3 0 1 0 1801248 0 0 10 40 23.5 23.5 3 2 5
0 0 0 1 1 2 1 1 36 0 4 2 5 0 21 29.4778 0 5 -1 -1 -1 -1 -1 -1 -1 1801681 0 0 10 40 23.5 23.5 3 2 5
0 0 0 1 1 2 1 1 36 0 4 2 20 -1 46 28.8511 0 5 -1 -1 -1 -1 -1 -1 -1 1802081 0 0 10 40 23.5 23.5 3 2 5
0 0 0 1 1 1 2 1 36 0 4 2 43 -1 34 28.1723 0 6 -1 -1 -1 -1 -1 -1 -1 1802514 0 0 10 40 23.5 23.5 4 2 5
0 0 0 1 1 1 4 1 36 0 4 2 48 1 32 27.4934 0 6 6 2 2 2 0 1 0 1802948 0 0 10 40 23.5 23.5 4 2 5
0 0 0 1 1 1 2 1 36 0 4 2 33 1 32 29.4778 0 6 -1 -1 -1 -1 -1 -1 -1 1803381 0 0 10 40 23.5 23.5 4 2 5
0 0 0 1 1 1 2 1 36 0 4 2 42 -1 52 28.9556 2.56033 6 -1 -1 -1 -1 -1 -1 -1 1803781 0 0 10 40 24 24 4 2 5
0 0 0 1 1 1 2 1 36 0 4 2 59 0 28 28.9556 1.867 6 -1 -1 -1 -1 -1 -1 -1 1804214 0 0 10 40 24 24 3 0 5
0 0 0 1 1 1 2 3 36 0 4 2 57 0 20 28.9556 1.227 6 7 3 3 3 1 1 1 1804614 0 0 10 40 24 24 3 0 5
0 0 0 1 1 1 2 1 36 0 4 2 50 0 12 28.9556 0.533668 6 -1 -1 -1 -1 -1 -1 -1 1805047 0 0 10 40 24 24 3 0 5
0 0 0 1 1 1 2 1 36 0 4 2 50 0 24 28.9552 0 6 -1 -1 -1 -1 -1 -1 -1 1805447 0 0 10 40 24 24 3 0 5
0 0 0 1 1 1 2 1 36 0 4 2 45 0 7 28.2619 0 6 -1 -1 -1 -1 -1 -1 -1 1805880 0 0 10 40 24 24 8 0 5
0 0 0 1 1 1 4 1 36 0 4 2 41 0 23 27.6219 0 6 6 1 0 0 0 1 0 1806280 0 0 10 40 24 24 6 1 5
0 0 0 1 1 1 2 1 36 0 4 2 26 1 41 29.4667 0 6 -1 -1 -1 -1 -1 -1 -1 1806713 0 0 10 40 24 24 6 1 5
0 0 0 1 1 1 2 1 36 0 4 2 28 0 19 28.8267 0 6 -1 -1 -1 -1 -1 -1 -1 1807113 0 0 10 40 24 24 6 1 5
0 0 0 1 1 1 2 1 36 0 4 2 33 0 15 28.4 2.39478 6 -1 -1 -1 -1 -1 -1 -1 1807546 0 0 10 40 24.5 24.5 6 1 5
0 0 0 1 1 1 3 1 36 0 4 2 38 0 19 28.4 1.74144 6 6 3 3 3 1 1 1 1807946 0 0 10 40 24.5 24.5 3 2 5
0 0 0 1 1 1 2 1 36 0 4 2 33 0 8 28.4 1.08811 6 -1 -1 -1 -1 -1 -1 -1 1808346 0 0 10 40 24.5 24.5 3 2 5
0 0 0 0 1 1 2 0 36 0 4 2 35 0 1 28.4 0.434777 6 -1 -1 -1 -1 -1 -1 -1 1808746 0 0 10 40 24.5 24.5 3 2 3
0 0 0 0 1 1 2 0 36 0 4 2 35 0 15 28.1286 0 6 -1 -1 -1 -1 -1 -1 -1 1809179 0 0 10 40 24.5 24.5 3 2 3
0 0 0 0 1 1 4 0 36 0 4 2 45 0 20 27.4752 0 6 6 2 2 2 0 1 0 1809579 0 0 10 40 24.5 24.5 4 2 3
0 0 0 0 1 1 2 0 36 0 4 2 42 0 5 29.51 0 6 -1 -1 -1 -1 -1 -1 -1 1809979 0 0 10 40 24.5 24.5 4 2 3
0 0 0 0 1 1 2 0 36 0 4 2 28 1 52 28.8566 0 6 -1 -1 -1 -1 -1 -1 -1 1810379 0 0 10 40 24.5 24.5 4 2 3
0 0 0 0 1 2 1 0 36 0 4 2 6 1 33 28.1511 0 5 -1 -1 -1 -1 -1 -1 -1 1810812 0 0 10 40 23.5 23.5 4 2 3
0 0 0 0 1 4 1 0 36 0 4 2 357 0 11 27.5244 0 5 5 1 0 0 0 1 1 1811212 0 0 10 40 23.5 23.5 3 0 3
0 0 0 0 1 2 1 0 36 0 4 2 1 -1 30 26.8456 0 5 -1 -1 -1 -1 -1 -1 -1 1811645 0 0 10 40 23.5 23.5 3 0 3
0 0 0 0 1 2 1 0 36 0 4 2 16 -1 37 26.1667 0 5 -1 -1 -1 -1 -1 -1 -1 1812079 0 0 10 40 23.5 23.5 3 0 3
0 0 0 0 1 1 2 0 36 0 4 2 31 -1 33 25.4889 0 6 -1 -1 -1 -1 -1 -1 -1 1812512 0 0 10 40 23 23 3 0 3
0 0 0 0 1 1 4 0 36 0 4 2 45 -1 35 24.8245 0 6 6 0 1 1 0 1 1 1812945 0 0 10 40 23 23 8 0 3
0 0 0 0 1 1 2 0 36 0 4 2 43 0 14 24.16 0 6 -1 -1 -1 -1 -1 -1 -1 1813378 0 0 10 40 23 23 6 1 3
0 0 0 0 1 1 2 0 36 0 4 2 44 0 7 23.4956 0 6 -1 -1 -1 -1 -1 -1 -1 1813812 0 0 10 40 23 23 6 1 3
0 0 0 0 1 1 2 0 36 0 4 2 45 0 1 23.24 2.24922 6 -1 -1 -1 -1 -1 -1 -1 1814245 0 0 10 40 23.5 23.5 6 1 3
0 0 0 0 1 1 3 0 36 0 4 2 44 0 12 23.24 1.62256 6 6 1 0 0 1 1 1 1814645 0 0 10 40 23.5 23.5 6 1 3
0 0 0 0 1 1 2 0 36 0 4 2 31 1 36 23.24 0.943666 6 -1 -1 -1 -1 -1 -1 -1 1815078 0 0 10 40 23.5 23.5 3 2 3
0 0 0 0 1 1 2 0 36 0 4 2 27 0 13 23.24 0.264777 6 -1 -1 -1 -1 -1 -1 -1 1815511 0 0 10 40 23.5 23.5 3 2 3
0 0 0 0 1 1 2 0 36 0 4 2 39 -1 30 22.923 0 6 -1 -1 -1 -1 -1 -1 -1 1815944 0 0 10 40 23.5 23.5 3 2 3
0 0 0 0 1 1 4 0 36 0 4 2 45 0 13 22.2441 0 6 6 4 4 0 0 1 0 1816378 0 0 10 40 23.5 23.5 3 2 3
0 0 0 0 1 1 2 0 36 0 4 2 42 0 23 26.6175 0 6 -1 -1 -1 -1 -1 -1 -1 1816778 0 0 10 40 23.5 23.5 4 2 3
0 0 0 0 1 1 2 0 36 0 4 2 35 0 4 25.9386 0 6 -1 -1 -1 -1 -1 -1 -1 1817211 0 0 10 40 23.5 23.5 4 2 3
0 0 0 0 1 1 2 0 36 0 4 2 40 0 14 25.2597 0 6 -1 -1 -1 -1 -1 -1 -1 1817644 0 0 10 40 23.5 23.5 4 2 3
0 0 0 0 1 1 4 0 36 0 4 2 42 0 2 24.5809 0 6 6 3 4 4 0 1 0 1818077 0 0 10 40 23.5 23.5 4 2 3
0 0 0 0 1 1 2 0 36 0 4 2 44 0 18 28.9542 0 6 -1 -1 -1 -1 -1 -1 -1 1818477 0 0 10 40 23.5 23.5 3 0 3
0 0 0 0 1 1 2 0 36 0 4 2 34 1 39 28.2753 0 6 -1 -1 -1 -1 -1 -1 -1 1818910 0 0 10 40 23.5 23.5 3 0 3
0 0 0 0 1 2 1 0 36 0 4 2 11 1 50 27.5965 0 5 -1 -1 -1 -1 -1 -1 -1 1819344 0 0 10 40 23.5 23.5 3 0 3
0 0 0 0 1 4 1 0 36 0 4 2 348 1 53 26.9176 0 5 5 4 2 2 0 1 0 1819777 0 0 10 40 23.5 23.5 3 0 3
0 0 0 0 2 1 1 0 36 0 4 2 337 0 1 29.53 0 4 -1 -1 -1 -1 -1 -1 -1 1820177 0 0 10 40 23.5 23.5 8 0 3
0 0 0 0 1 2 1 0 36 0 4 2 350 -1 38 28.8511 0 5 -1 -1 -1 -1 -1 -1 -1 1820610 0 0 10 40 23.5 23.5 6 1 3
0 0 0 0 1 2 1 0 36 0 4 2 9 -1 41 28.7467 2.08033 5 -1 -1 -1 -1 -1 -1 -1 1821043 0 0 10 40 24 24 6 1 3
0 0 0 0 1 1 3 0 36 0 4 2 25 -1 33 28.7467 1.44033 6 6 3 4 3 1 1 1 1821443 0 0 10 40 24 24 6 1 3
0 0 0 0 1 1 2 0 36 0 4 2 30 0 6 28.7467 0.747002 6 -1 -1 -1 -1 -1 -1 -1 1821876 0 0 10 40 24 24 6 1 3
0 0 0 0 1 1 2 0 36 0 4 2 33 0 11 28.7467 0.107001 6 -1 -1 -1 -1 -1 -1 -1 1822276 0 0 10 40 24 24 3 2 3
0 0 0 0 1 1 2 0 36 0 4 2 38 0 18 28.2664 0 6 -1 -1 -1 -1 -1 -1 -1 1822709 0 0 10 40 24 24 3 2 3
0 0 0 0 1 1 4 0 36 0 4 2 44 0 7 27.6264 0 6 6 1 0 0 0 1 0 1823109 0 0 10 40 24 24 3 2 3
0 0 0 0 1 1 2 0 36 0 4 2 41 0 15 29.4667 0 6 -1 -1 -1 -1 -1 -1 -1 1823543 0 0 10 40 24 24 3 2 3
0 0 0 0 1 1 2 0 36 0 4 2 39 0 0 28.8267 0 6 -1 -1 -1 -1 -1 -1 -1 1823942 0 0 10 40 24 24 4 2 3
0 0 0 0 1 1 2 0 36 0 4 2 38 0 2 28.1333 0 6 -1 -1 -1 -1 -1 -1 -1 1824376 0 0 10 40 24 24 4 2 3
0 0 0 0 1 1 4 0 36 0 4 2 40 0 1 27.4933 0 6 6 0 1 1 0 1 0 1824776 0 0 10 40 24 24 4 2 3
0 0 0 0 1 1 2 0 36 0 4 2 34 0 28 29.4667 0 6 -1 -1 -1 -1 -1 -1 -1 1825209 0 0 10 40 24 24 4 2 3
0 0 0 0 1 1 2 0 36 0 4 2 21 1 49 28.8267 0 6 -1 -1 -1 -1 -1 -1 -1 1825609 0 0 10 40 24 24 3 0 3
0 0 0 0 1 2 1 0 36 0 4 2 12 0 19 28.6667 2.177 5 -1 -1 -1 -1 -1 -1 -1 1826009 0 0 10 40 24.5 24.5 3 0 3
0 0 0 0 1 3 1 0 36 0 4 2 4 0 9 28.6667 1.46922 5 5 4 0 4 1 1 1 1826442 0 0 10 40 24.5 24.5 3 0 3
0 0 0 0 1 2 1 0 36 0 4 2 4 0 0 28.6667 0.815888 5 -1 -1 -1 -1 -1 -1 -1 1826842 0 0 10 40 24.5 24.5 3 0 3
0 0 0 0 1 2 1 0 36 0 4 2 10 -1 35 28.6667 2.612 5 -1 -1 -1 -1 -1 -1 -1 1827242 0 0 10 40 24.75 24.75 8 0 3
0 0 0 0 1 2 1 0 36 0 4 2 20 0 16 28.6667 1.952 5 -1 -1 -1 -1 -1 -1 -1 1827642 0 0 10 40 24.75 24.75 6 1 3
0 0 0 0 1 1 3 0 36 0 4 2 28 0 19 28.6667 1.292 6 6 0 4 1 1 1 1 1828041 0 0 10 40 24.75 24.75 6 1 3
0 0 0 0 1 1 2 0 36 0 4 2 32 0 2 28.6667 0.577 6 -1 -1 -1 -1 -1 -1 -1 1828475 0 0 10 40 24.75 24.75 6 1 3
0 0 0 0 1 1 2 0 36 0 4 2 35 0 1 28.6397 0 6 -1 -1 -1 -1 -1 -1 -1 1828875 0 0 10 40 24.75 24.75 6 1 3
0 0 0 0 1 1 2 0 36 0 4 2 38 0 8 27.9797 0 6 -1 -1 -1 -1 -1 -1 -1 1829274 0 0 10 40 24.75 24.75 3 2 3
0 0 0 0 1 1 4 0 36 0 4 2 41 0 9 27.3197 0 6 6 2 2 2 0 1 0 1829674 0 0 10 40 24.75 24.75 3 2 3
0 0 0 0 1 1 2 0 36 0 4 2 43 0 6 29.505 0 6 -1 -1 -1 -1 -1 -1 -1 1830074 0 0 10 40 24.75 24.75 3 2 3
0 0 0 0 1 1 2 0 36 0 4 2 38 1 37 28.845 0 6 -1 -1 -1 -1 -1 -1 -1 1830474 0 0 10 40 24.75 24.75 3 2 3
0 0 0 0 1 2 1 0 36 0 4 2 17 1 52 28.185 0 5 -1 -1 -1 -1 -1 -1 -1 1830874 0 0 10 40 24.75 24.75 4 2 3
0 0 0 0 1 4 1 0 36 0 4 2 11 1 49 27.9672 0 5 5 1 4 0 0 1 1 1831107 0 1 10 40 23.75 60 4 2 3
0 0 0 0 1 2 1 0 36 0 4 2 11 1 32 27.9672 0 5 -1 -1 -1 -1 -1 -1 -1 1831274 0 1 10 40 23.75 60 4 2 3
0 0 0 0 1 2 1 0 36 0 4 2 11 0 27 27.9672 0 5 -1 -1 -1 -1 -1 -1 -1 1831441 0 1 10 40 23.75 60 4 2 3
0 0 0 0 1 2 1 0 36 0 4 2 11 1 40 27.9672 0 5 -1 -1 -1 -1 -1 -1 -1 1831607 0 1 10 40 23.75 60 3 0 3
0 0 0 0 1 2 1 0 36 0 4 2 11 0 12 27.9672 0 5 -1 -1 -1 -1 -1 -1 -1 1831774 0 1 10 40 23.75 60 3 0 3
0 0 0 1 1 2 1 1 37 0 4 2 12 -4 124 29.8467 0 5 -1 -1 -1 -1 -1 -1 -1 1836839 0 0 10 40 23 60 7 2 5
0 0 0 1 1 1 2 1 37 0 4 2 38 -5 150 29.5911 0 6 -1 -1 -1 -1 -1 -1 -1 1837006 0 0 10 40 23 60 7 2 5
0 0 0 1 1 1 2 1 37 0 4 2 63 -3 83 29.2844 0 6 -1 -1 -1 -1 -1 -1 -1 1837206 0 0 10 40 23 44.0489 7 2 5
0 0 0 1 1 1 1 2 37 0 4 2 82 -1 41 28.7733 0 7 -1 -1 -1 -1 -1 -1 -1 1837539 0 0 10 40 23 23 7 2 5
0 0 0 1 1 1 1 2 37 0 4 2 66 2 68 28.1089 0 7 -1 -1 -1 -1 -1 -1 -1 1837972 0 0 10 40 23 23 3 1 5
0 0 0 1 1 1 2 1 37 0 4 2 43 1 53 27.4444 0 6 -1 -1 -1 -1 -1 -1 -1 1838406 0 0 10 40 23 23 3 1 5
0 0 0 1 1 1 2 1 37 0 4 2 31 0 17 26.78 0 6 -1 -1 -1 -1 -1 -1 -1 1838839 0 0 10 40 23 23 3 1 5
0 0 0 1 1 1 2 1 37 0 4 2 35 -1 46 26.1155 0 6 -1 -1 -1 -1 -1 -1 -1 1839272 0 0 10 40 23 23 3 1 5
0 0 0 1 1 1 2 1 37 0 4 2 61 -1 59 25.4511 0 6 -1 -1 -1 -1 -1 -1 -1 1839705 0 0 10 40 23 23 2 0 5
0 0 0 1 1 1 1 2 37 0 4 2 87 -2 68 24.7867 0 7 -1 -1 -1 -1 -1 -1 -1 1840138 0 0 10 40 23 23 2 0 5
0 0 0 1 1 1 1 4 37 0 4 2 89 0 2 24.1222 0 7 7 0 1 1 0 1 0 1840572 0 0 10 40 23 23 2 0 5
0 0 0 1 1 1 1 2 37 0 4 2 83 0 14 28.4578 0 7 -1 -1 -1 -1 -1 -1 -1 1841005 0 0 10 40 23 23 2 0 5
0 0 0 1 1 1 1 2 37 0 4 2 90 0 23 27.7933 0 7 -1 -1 -1 -1 -1 -1 -1 1841438 0 0 10 40 23 23 4 0 5
0 0 0 1 1 1 1 2 37 0 4 2 87 0 10 27.1289 0 7 -1 -1 -1 -1 -1 -1 -1 1841871 0 0 10 40 23 23 4 0 5
0 0 0 1 1 1 1 4 37 0 4 2 89 0 0 26.4644 0 7 7 3 3 3 0 1 0 1842305 0 0 10 40 23 23 4 0 5
0 0 0 1 1 1 1 2 37 0 4 2 85 0 3 29.4889 0 7 -1 -1 -1 -1 -1 -1 -1 1842738 0 0 10 40 23 23 4 0 5
0 0 0 1 1 1 1 2 37 0 4 2 73 1 50 28.8244 0 7 -1 -1 -1 -1 -1 -1 -1 1843171 0 0 10 40 23 23 8 0 5
0 0 0 1 1 1 2 1 37 0 4 2 54 1 41 28.16 0 6 -1 -1 -1 -1 -1 -1 -1 1843604 0 0 10 40 23 23 7 2 5
0 0 0 1 1 1 4 1 37 0 4 2 41 0 15 27.4956 0 6 6 1 0 0 0 1 0 1844038 0 0 10 40 23 23 7 2 5
0 0 0 1 1 1 2 1 37 0 4 2 41 0 12 29.4889 0 6 -1 -1 -1 -1 -1 -1 -1 1844471 0 0 10 40 23 23 7 2 5
0 0 0 1 1 1 2 1 37 0 4 2 43 0 3 28.8244 0 6 -1 -1 -1 -1 -1 -1 -1 1844904 0 0 10 40 23 23 7 2 5
0 0 0 1 1 1 2 1 37 0 4 2 45 0 10 28.3644 2.45811 6 -1 -1 -1 -1 -1 -1 -1 1845337 0 0 10 40 23.5 23.5 3 1 5
0 0 0 1 1 1 3 1 37 0 4 2 48 0 5 28.3644 1.77922 6 6 3 3 3 1 1 1 1845770 0 0 10 40 23.5 23.5 3 1 5
0 0 0 1 1 1 2 1 37 0 4 2 49 0 3 28.3644 1.10033 6 -1 -1 -1 -1 -1 -1 -1 1846204 0 0 10 40 23.5 23.5 3 1 5
0 0 0 1 1 1 2 1 37 0 4 2 36 2 60 28.3644 0.421443 6 -1 -1 -1 -1 -1 -1 -1 1846637 0 0 10 40 23.5 23.5 3 1 5
0 0 0 1 1 2 1 1 37 0 4 2 14 1 57 28.2563 0 5 -1 -1 -1 -1 -1 -1 -1 1847037 0 0 10 40 23.5 23.5 2 0 5
0 0 0 1 1 4 1 1 37 0 4 2 353 1 38 27.5775 0 5 5 3 3 3 0 1 0 1847470 0 0 10 40 23.5 23.5 2 0 5
0 0 0 1 1 2 1 1 37 0 4 2 350 0 2 29.4778 0 5 -1 -1 -1 -1 -1 -1 -1 1847903 0 0 10 40 23.5 23.5 2 0 5
0 0 0 1 1 2 1 1 37 0 4 2 351 0 3 28.7989 0 5 -1 -1 -1 -1 -1 -1 -1 1848336 0 0 10 40 23.5 23.5 2 0 5
0 0 0 1 1 2 1 1 37 0 4 2 352 0 3 28.59 2.24033 5 -1 -1 -1 -1 -1 -1 -1 1848736 0 0 10 40 24 24 4 0 5
0 0 0 1 1 3 1 1 37 0 4 2 356 0 10 28.59 1.547 5 5 3 3 3 1 1 1 1849170 0 0 10 40 24 24 4 0 5
0 0 0 1 1 2 1 1 37 0 4 2 0 0 15 28.59 0.907002 5 -1 -1 -1 -1 -1 -1 -1 1849570 0 0 10 40 24 24 4 0 5
0 0 0 1 1 2 1 1 37 0 4 2 9 0 23 28.59 0.213668 5 -1 -1 -1 -1 -1 -1 -1 1850003 0 0 10 40 24 24 4 0 5
0 0 0 1 1 2 1 1 37 0 4 2 20 0 25 28.59 2.12255 5 -1 -1 -1 -1 -1 -1 -1 1850403 0 0 10 40 24.5 24.5 8 0 5
0 0 0 1 1 1 3 1 37 0 4 2 30 0 20 28.59 1.46922 6 6 3 3 3 1 1 1 1850803 0 0 10 40 24.5 24.5 7 2 5
0 0 0 1 1 1 2 1 37 0 4 2 34 0 13 28.59 0.761443 6 -1 -1 -1 -1 -1 -1 -1 1851236 0 0 10 40 24.5 24.5 7 2 5
0 0 0 1 1 1 2 1 37 0 4 2 46 -1 42 28.59 0.10811 6 -1 -1 -1 -1 -1 -1 -1 1851636 0 0 10 40 24.5 24.5 7 2 5
0 0 0 1 1 1 1 2 37 0 4 2 83 -3 118 28.0464 0 7 -1 -1 -1 -1 -1 -1 -1 1852036 0 0 10 40 24.5 24.5 7 2 5
0 0 0 1 1 1 1 4 37 0 4 2 90 0 15 27.393 0 7 7 1 0 0 0 1 0 1852435 0 0 10 40 24.5 24.5 3 1 5
0 0 0 1 1 1 2 1 37 0 4 2 40 1 45 29.51 0 6 -1 -1 -1 -1 -1 -1 -1 1852835 0 0 10 40 24.5 24.5 3 1 5
0 0 0 0 1 1 2 0 37 0 4 2 36 -1 33 28.8022 0 6 -1 -1 -1 -1 -1 -1 -1 1853269 0 0 10 40 24.5 24.5 3 1 3
0 0 0 0 1 1 2 0 37 0 4 2 45 0 23 28.1489 0 6 -1 -1 -1 -1 -1 -1 -1 1853669 0 0 10 40 24.5 24.5 3 1 3
0 0 0 0 1 1 4 0 37 0 4 2 45 0 18 27.4955 0 6 6 2 2 2 0 1 0 1854068 0 0 10 40 24.5 24.5 2 0 3
0 0 0 0 1 1 2 0 37 0 4 2 42 0 19 29.51 0 6 -1 -1 -1 -1 -1 -1 -1 1854468 0 0 10 40 24.5 24.5 2 0 3
0 0 0 0 1 1 2 0 37 0 4 2 26 1 42 28.8022 0 6 -1 -1 -1 -1 -1 -1 -1 1854902 0 0 10 40 24.5 24.5 2 0 3
0 0 0 0 1 2 1 0 37 0 4 2 15 0 18 28.7478 2.062 5 -1 -1 -1 -1 -1 -1 -1 1855301 0 0 10 40 24.75 24.75 2 0 3
0 0 0 0 1 3 1 0 37 0 4 2 8 0 10 28.7478 1.402 5 5 4 0 0 1 1 1 1855701 0 0 10 40 24.75 24.75 4 0 3
0 0 0 0 1 2 1 0 37 0 4 2 8 0 9 28.7478 0.742 5 -1 -1 -1 -1 -1 -1 -1 1856101 0 0 10 40 24.75 24.75 4 0 3
0 0 0 0 1 2 1 0 37 0 4 2 10 0 14 28.7478 0.0820001 5 -1 -1 -1 -1 -1 -1 -1 1856501 0 0 10 40 24.75 24.75 4 0 3
0 0 0 0 1 2 1 0 37 0 4 2 2 0 7 28.2258 0 5 -1 -1 -1 -1 -1 -1 -1 1856901 0 0 10 40 24.75 24.75 4 0 3
0 0 0 0 1 4 1 0 37 0 4 2 359 0 10 27.5658 0 5 5 3 3 3 0 1 0 1857301 0 0 10 40 24.75 24.75 8 0 3
0 0 0 0 1 2 1 0 37 0 4 2 357 0 7 29.45 0 5 -1 -1 -1 -1 -1 -1 -1 1857734 0 0 10 40 24.75 24.75 7 2 3
0 0 0 0 1 2 1 0 37 0 4 2 356 0 9 28.79 0 5 -1 -1 -1 -1 -1 -1 -1 1858134 0 0 10 40 24.75 24.75 7 2 3
0 0 0 0 1 2 1 0 37 0 4 2 356 0 8 28.13 0 5 -1 -1 -1 -1 -1 -1 -1 1858534 0 0 10 40 24.75 24.75 7 2 3
0 0 0 0 1 4 1 0 37 0 4 2 356 0 3 27.47 0 5 5 0 1 1 0 1 0 1858934 0 0 10 40 24.75 24.75 7 2 3
0 0 0 0 1 2 1 0 37 0 4 2 358 0 8 29.505 0 5 -1 -1 -1 -1 -1 -1 -1 1859334 0 0 10 40 24.75 24.75 3 1 3
0 0 0 0 1 2 1 0 37 0 4 2 9 -1 40 28.845 0 5 -1 -1 -1 -1 -1 -1 -1 1859734 0 0 10 40 24.75 24.75 3 1 3
0 0 0 0 1 1 2 0 37 0 4 2 26 -1 45 28.185 0 6 -1 -1 -1 -1 -1 -1 -1 1860134 0 0 10 40 24.75 24.75 3 1 3
0 0 0 0 1 1 4 0 37 0 4 2 43 -1 39 27.525 0 6 6 1 4 0 0 1 0 1860533 0 0 10 40 24.75 24.75 3 1 3
0 0 0 0 1 1 2 0 37 0 4 2 44 0 16 29.45 0 6 -1 -1 -1 -1 -1 -1 -1 1860967 0 0 10 40 24.75 24.75 2 0 3
0 0 0 0 1 1 2 0 37 0 4 2 32 1 58 28.79 0 6 -1 -1 -1 -1 -1 -1 -1 1861367 0 0 10 40 24.75 24.75 2 0 3
0 0 0 0 1 2 1 0 37 0 4 2 8 1 53 28.13 0 5 -1 -1 -1 -1 -1 -1 -1 1861767 0 0 10 40 24.75 24.75 2 0 3
0 0 0 0 1 4 1 0 37 0 4 2 351 0 29 27.47 0 5 5 4 3 4 0 1 0 1862166 0 0 10 40 24.75 24.75 2 0 3
0 0 0 0 1 2 1 0 37 0 4 2 348 0 5 29.505 0 5 -1 -1 -1 -1 -1 -1 -1 1862566 0 0 10 40 24.75 24.75 4 0 3
0 0 0 0 1 2 1 0 37 0 4 2 358 -1 48 28.845 0 5 -1 -1 -1 -1 -1 -1 -1 1862966 0 0 10 40 24.75 24.75 4 0 3
0 0 0 0 1 2 1 0 37 0 4 2 22 -1 46 28.185 0 5 -1 -1 -1 -1 -1 -1 -1 1863366 0 0 10 40 24.75 24.75 4 0 3
0 0 0 0 1 1 4 0 37 0 4 2 45 -1 54 27.525 0 6 6 2 4 4 0 1 0 1863766 0 0 10 40 24.75 24.75 4 0 3
0 0 0 0 1 1 2 0 37 0 4 2 45 -1 32 29.45 0 6 -1 -1 -1 -1 -1 -1 -1 1864199 0 0 10 40 24.75 24.75 8 0 3
0 0 0 0 1 1 2 0 37 0 4 2 45 0 24 28.79 0 6 -1 -1 -1 -1 -1 -1 -1 1864599 0 0 10 40 24.75 24.75 7 2 3
0 0 0 0 1 1 2 0 37 0 4 2 45 0 21 28.13 0 6 -1 -1 -1 -1 -1 -1 -1 1864999 0 0 10 40 24.75 24.75 7 2 3
0 0 0 0 1 1 4 0 37 0 4 2 45 0 20 27.47 0 6 6 1 0 0 0 1 0 1865399 0 0 10 40 24.75 24.75 7 2 3
0 0 0 0 1 1 2 0 37 0 4 2 42 0 14 29.505 0 6 -1 -1 -1 -1 -1 -1 -1 1865799 0 0 10 40 24.75 24.75 7 2 3
0 0 0 0 1 1 2 0 37 0 4 2 37 0 5 28.845 0 6 -1 -1 -1 -1 -1 -1 -1 1866199 0 0 10 40 24.75 24.75 3 1 3
0 0 0 0 1 1 2 0 37 0 4 2 41 0 10 28.185 0 6 -1 -1 -1 -1 -1 -1 -1 1866599 0 0 10 40 24.75 24.75 3 1 3
0 0 0 0 1 1 4 0 37 0 4 2 45 0 2 27.525 0 6 6 0 1 1 0 1 0 1866999 0 0 10 40 24.75 24.75 3 1 3
0 0 0 0 1 1 2 0 37 0 4 2 42 0 9 29.505 0 6 -1 -1 -1 -1 -1 -1 -1 1867398 0 0 10 40 24.75 24.75 3 1 3
0 0 0 0 1 1 2 0 37 0 4 2 37 0 1 28.79 0 6 -1 -1 -1 -1 -1 -1 -1 1867832 0 0 10 40 24.75 24.75 2 0 3
0 0 0 0 1 1 2 0 37 0 4 2 37 0 1 28.13 0 6 -1 -1 -1 -1 -1 -1 -1 1868232 0 0 10 40 24.75 24.75 2 0 3
0 0 0 0 1 1 4 0 37 0 4 2 37 0 7 27.47 0 6 6 4 4 2 0 1 0 1868632 0 0 10 40 24.75 24.75 2 0 3
0 0 0 0 1 1 2 0 37 0 4 2 34 0 11 29.505 0 6 -1 -1 -1 -1 -1 -1 -1 1869031 0 0 10 40 24.75 24.75 2 0 3
0 0 0 0 1 2 1 0 37 0 4 2 18 1 50 28.845 0 5 -1 -1 -1 -1 -1 -1 -1 1869431 0 0 10 40 24.75 24.75 4 0 3
0 0 0 0 1 2 1 0 37 0 4 2 6 0 19 28.185 0 5 -1 -1 -1 -1 -1 -1 -1 1869831 0 0 10 40 24.75 24.75 4 0 3
0 0 0 0 1 3 1 0 37 0 4 2 358 0 20 27.525 0 5 5 4 4 1 1 1 0 1870231 0 0 10 40 24.75 24.75 4 0 3
0 0 0 0 1 2 1 0 37 0 4 2 352 0 11 26.8322 0 5 -1 -1 -1 -1 -1 -1 -1 1870664 0 0 10 40 23.75 23.75 4 0 3
0 0 0 0 1 2 1 0 37 0 4 2 338 1 55 26.1989 0 5 -1 -1 -1 -1 -1 -1 -1 1871064 0 0 10 40 23.75 23.75 8 0 3
0 0 0 0 2 1 1 0 37 0 4 2 322 0 24 25.7239 2.45144 4 -1 -1 -1 -1 -1 -1 -1 1871497 0 0 10 40 24.25 24.25 7 2 3
0 0 0 0 3 1 1 0 37 0 4 2 316 0 1 25.7239 1.80478 4 4 2 2 4 1 1 1 1871897 0 0 10 40 24.25 24.25 7 2 3
0 0 0 0 2 1 1 0 37 0 4 2 322 0 15 25.7239 1.10422 4 -1 -1 -1 -1 -1 -1 -1 1872331 0 0 10 40 24.25 24.25 7 2 3
0 0 0 0 2 1 1 0 37 0 4 2 325 0 7 25.7239 0.457556 4 -1 -1 -1 -1 -1 -1 -1 1872731 0 0 10 40 24.25 24.25 7 2 3
0 0 0 0 2 1 1 0 37 0 4 2 321 0 3 25.5896 0 4 -1 -1 -1 -1 -1 -1 -1 1873130 0 0 10 40 24.25 24.25 3 1 3
0 0 0 0 3 1 1 0 37 0 4 2 319 0 3 25.2663 2.28589 4 4 4 1 4 1 1 1 1873564 0 0 10 40 24.5 24.5 3 1 3
0 0 0 0 2 1 1 0 37 0 4 2 322 0 17 25.2663 1.63255 4 -1 -1 -1 -1 -1 -1 -1 1873964 0 0 10 40 24.5 24.5 3 1 3
0 0 0 0 2 1 1 0 37 0 4 2 334 -1 41 25.2663 0.979221 4 -1 -1 -1 -1 -1 -1 -1 1874363 0 0 10 40 24.5 24.5 3 1 3
0 0 0 0 1 2 1 0 37 0 4 2 351 -1 38 25.2663 0.325888 5 -1 -1 -1 -1 -1 -1 -1 1874763 0 0 10 40 24.5 24.5 2 0 3
0 0 0 0 1 4 1 0 37 0 4 2 4 0 17 24.886 0 5 5 4 0 4 0 1 0 1875197 0 0 10 40 24.5 24.5 2 0 3
0 0 0 0 1 2 1 0 37 0 4 2 9 0 7 29.2326 0 5 -1 -1 -1 -1 -1 -1 -1 1875596 0 0 10 40 24.5 24.5 2 0 3
0 0 0 0 1 2 1 0 37 0 4 2 5 0 4 28.5793 0 5 -1 -1 -1 -1 -1 -1 -1 1875996 0 0 10 40 24.5 24.5 2 0 3
0 0 0 0 1 2 1 0 37 0 4 2 5 0 21 27.9259 0 5 -1 -1 -1 -1 -1 -1 -1 1876396 0 0 10 40 24.5 24.5 4 0 3
0 0 0 0 1 4 1 0 37 0 4 2 358 0 4 27.2182 0 5 5 4 4 2 0 1 0 1876830 0 0 10 40 24.5 24.5 4 0 3
0 0 0 0 1 2 1 0 37 0 4 2 2 0 16 29.51 0 5 -1 -1 -1 -1 -1 -1 -1 1877229 0 0 10 40 24.5 24.5 4 0 3
0 0 0 0 1 2 1 0 37 0 4 2 5 0 8 28.8566 0 5 -1 -1 -1 -1 -1 -1 -1 1877629 0 0 10 40 24.5 24.5 4 0 3
0 0 0 0 1 2 1 0 37 0 4 2 358 0 25 28.2033 0 5 -1 -1 -1 -1 -1 -1 -1 1878029 0 0 10 40 24.5 24.5 8 0 3
0 0 0 0 1 4 1 0 37 0 4 2 355 0 9 27.4955 0 5 5 0 1 1 0 1 0 1878462 0 0 10 40 24.5 24.5 7 2 3
0 0 0 0 1 2 1 0 37 0 4 2 353 0 0 29.51 0 5 -1 -1 -1 -1 -1 -1 -1 1878862 0 0 10 40 24.5 24.5 7 2 3
0 0 0 0 1 2 1 0 37 0 4 2 354 0 0 28.8566 0 5 -1 -1 -1 -1 -1 -1 -1 1879262 0 0 10 40 24.5 24.5 7 2 3
0 0 0 0 1 2 1 0 37 0 4 2 357 0 10 28.6389 2.227 5 -1 -1 -1 -1 -1 -1 -1 1879662 0 0 10 40 24.75 24.75 7 2 3
0 0 0 0 1 3 1 0 37 0 4 2 0 0 4 28.6389 1.567 5 5 4 2 2 1 1 1 1880062 0 0 10 40 24.75 24.75 3 1 3
0 0 0 0 1 2 1 0 37 0 4 2 3 0 7 28.6389 0.852 5 -1 -1 -1 -1 -1 -1 -1 1880495 0 0 10 40 24.75 24.75 3 1 3
0 0 0 0 1 2 1 0 37 0 4 2 357 1 34 28.6389 0.192 5 -1 -1 -1 -1 -1 -1 -1 1880895 0 0 10 40 24.75 24.75 3 1 3
0 0 0 0 1 2 1 0 37 0 4 2 346 0 20 28.3919 2.61144 5 -1 -1 -1 -1 -1 -1 -1 1881228 0 1 10 40 25 60 3 1 3
0 0 0 0 3 2 1 0 37 0 4 2 346 0 24 28.3919 2.61144 5 4 4 1 1 1 1 1 1881395 0 1 10 40 25 60 2 0 3
0 0 0 0 1 2 1 0 37 0 4 2 346 0 17 28.3919 2.61144 5 -1 -1 -1 -1 -1 -1 -1 1881562 0 1 10 40 25 60 2 0 3
0 0 0 0 1 2 1 0 37 0 4 2 346 0 17 28.3919 2.61144 5 -1 -1 -1 -1 -1 -1 -1 1881728 0 1 10 40 25 60 2 0 3
0 0 0 0 1 2 1 0 37 0 4 2 346 0 16 28.3919 2.61144 5 -1 -1 -1 -1 -1 -1 -1 1881895 0 1 10 40 25 60 2 0 3
0 0 0 0 1 2 1 0 37 0 4 2 346 0 5 28.3919 2.61144 5 -1 -1 -1 -1 -1 -1 -1 1882062 0 1 10 40 25 60 4 0 3
0 0 0 0 1 2 1 0 37 0 4 2 346 0 5 28.3919 2.61144 5 -1 -1 -1 -1 -1 -1 -1 1882228 0 1 10 40 25 60 4 0 3
0 0 0 0 1 2 1 0 37 0 4 2 346 0 12 28.3919 2.61144 5 -1 -1 -1 -1 -1 -1 -1 1882395 0 1 10 40 25 60 4 0 3
0 0 0 0 1 2 1 0 37 0 4 2 346 0 20 28.3919 2.61144 5 -1 -1 -1 -1 -1 -1 -1 1882561 0 1 10 40 25 60 4 0 3
0 0 0 0 1 2 1 0 37 0 4 2 346 0 27 28.3919 2.61144 5 -1 -1 -1 -1 -1 -1 -1 1882728 0 1 10 40 25 60 8 0 3
0 0 0 0 1 2 1 0 37 0 4 2 346 0 21 28.3919 2.61144 5 -1 -1 -1 -1 -1 -1 -1 1882895 0 1 10 40 25 60 7 2 3
0 0 0 0 1 2 1 0 38 0 0 0 356 0 29 29.7333 0 5 -1 -1 -1 -1 -1 -1 -1 1896425 0 0 10 40 40 60 1 3 3
0 0 0 0 1 2 1 0 38 0 0 0 350 1 49 29.2889 0 5 -1 -1 -1 -1 -1 -1 -1 1896591 0 0 10 40 40 51.5556 1 3 3
0 0 0 0 1 2 1 0 38 0 0 0 341 0 0 28.6667 0 5 -1 -1 -1 -1 -1 -1 -1 1896825 0 0 10 40 40 40 1 3 3
0 0 0 0 1 2 1 0 38 0 0 0 348 -1 52 27.9556 0 5 -1 -1 -1 -1 -1 -1 -1 1897091 0 0 10 40 40 40 1 3 3
0 0 0 0 1 2 1 0 38 0 0 0 0 -1 53 27.3334 0 5 -1 -1 -1 -1 -1 -1 -1 1897325 0 0 10 40 40 40 6 1 3
0 0 0 0 1 2 1 0 38 0 0 0 8 0 3 26.6222 0 5 -1 -1 -1 -1 -1 -1 -1 1897591 0 0 10 40 40 40 6 1 3
0 0 0 0 1 2 1 0 38 0 0 0 5 0 27 26 0 5 -1 -1 -1 -1 -1 -1 -1 1897824 0 0 10 40 40 40 6 1 3
0 0 0 0 1 2 1 0 38 0 0 0 359 0 15 25.2889 0 5 -1 -1 -1 -1 -1 -1 -1 1898091 0 0 10 40 40 40 6 1 3
0 0 0 0 1 2 1 0 38 0 0 0 355 0 23 24.6667 0 5 -1 -1 -1 -1 -1 -1 -1 1898324 0 0 10 40 40 40 2 1 3
0 0 0 0 1 2 1 0 38 0 0 0 344 3 96 23.9556 0 5 -1 -1 -1 -1 -1 -1 -1 1898591 0 0 10 40 40 40 2 1 3
0 0 0 0 3 1 1 0 38 0 0 0 315 4 123 23.3334 0 4 4 6 5 5 1 1 0 1898824 0 0 10 40 40 40 2 1 3
0 0 0 0 2 1 1 0 38 0 0 0 315 1 56 25.2893 0 4 -1 -1 -1 -1 -1 -1 -1 1899091 0 0 10 40 40 40 2 1 3
0 0 0 0 2 1 1 0 38 0 0 0 318 -1 52 24.6671 0 4 -1 -1 -1 -1 -1 -1 -1 1899324 0 0 10 40 40 40 6 3 3
0 0 0 0 1 2 1 0 38 0 0 0 343 -2 76 23.956 0 5 -1 -1 -1 -1 -1 -1 -1 1899591 0 0 10 40 40 40 6 3 3
0 0 0 0 1 3 1 0 38 0 0 0 358 -1 55 23.3337 0 5 5 6 5 5 1 1 0 1899824 0 0 10 40 40 40 6 3 3
0 0 0 0 1 2 1 0 38 0 0 0 10 -1 31 25.2896 0 5 -1 -1 -1 -1 -1 -1 -1 1900091 0 0 10 40 40 40 6 3 3
0 0 0 0 1 2 1 0 38 0 0 0 9 1 67 24.6674 0 5 -1 -1 -1 -1 -1 -1 -1 1900324 0 0 10 40 40 40 8 0 3
0 0 0 0 1 2 1 0 38 0 0 0 336 3 119 23.9563 0 5 -1 -1 -1 -1 -1 -1 -1 1900590 0 0 10 40 40 40 1 3 3
0 0 0 0 3 1 1 0 38 0 0 0 315 2 70 23.3341 0 4 4 6 5 5 1 1 0 1900824 0 0 10 40 40 40 1 3 3
0 0 0 0 2 1 1 0 38 0 0 0 316 -1 52 25.29 0 4 -1 -1 -1 -1 -1 -1 -1 1901090 0 0 10 40 40 40 1 3 3
0 0 0 0 2 1 1 0 38 0 0 0 319 1 37 24.6678 0 4 -1 -1 -1 -1 -1 -1 -1 1901324 0 0 10 40 40 40 1 3 3
0 0 0 0 2 1 1 0 38 0 0 0 315 1 56 23.9567 0 4 -1 -1 -1 -1 -1 -1 -1 1901590 0 0 10 40 40 40 6 1 3
0 0 0 0 3 1 1 0 38 0 0 0 315 0 6 23.3345 0 4 4 6 5 5 1 1 0 1901823 0 0 10 40 40 40 6 1 3
0 0 0 0 2 1 1 0 38 0 0 0 315 0 12 25.2903 0 4 -1 -1 -1 -1 -1 -1 -1 1902090 0 0 10 40 40 40 6 1 3
0 0 0 0 2 1 1 0 38 0 0 0 325 -2 68 24.6681 0 4 -1 -1 -1 -1 -1 -1 -1 1902323 0 0 10 40 40 40 6 1 3
0 0 0 0 1 2 1 0 38 0 0 0 343 -2 82 23.957 0 5 -1 -1 -1 -1 -1 -1 -1 1902590 0 0 10 40 40 40 2 1 3
0 0 0 0 1 3 1 0 38 0 0 0 356 -1 40 23.3348 0 5 5 6 5 5 1 1 0 1902823 0 0 10 40 40 40 2 1 3
0 0 0 0 1 2 1 0 38 0 0 0 359 0 16 25.2907 0 5 -1 -1 -1 -1 -1 -1 -1 1903090 0 0 10 40 40 40 2 1 3
0 0 0 0 1 2 1 0 38 0 0 0 4 -1 56 24.6685 0 5 -1 -1 -1 -1 -1 -1 -1 1903323 0 0 10 40 40 40 2 1 3
0 0 0 0 1 2 1 0 38 0 0 0 23 -2 67 23.9574 0 5 -1 -1 -1 -1 -1 -1 -1 1903590 0 0 10 40 40 40 6 3 3
0 0 0 0 1 1 3 0 38 0 0 0 42 -2 89 23.3352 0 6 6 6 5 5 1 1 0 1903823 0 0 10 40 40 40 6 3 3
0 0 0 0 1 1 2 0 38 0 0 0 45 0 9 25.2911 0 6 -1 -1 -1 -1 -1 -1 -1 1904090 0 0 10 40 40 40 6 3 3
0 0 0 0 1 1 2 0 38 0 0 0 38 0 21 24.6688 0 6 -1 -1 -1 -1 -1 -1 -1 1904323 0 0 10 40 40 40 6 3 3
0 0 0 0 1 1 2 0 38 0 0 0 37 0 1 23.9577 0 6 -1 -1 -1 -1 -1 -1 -1 1904589 0 0 10 40 40 40 8 0 3
0 0 0 0 1 1 3 0 38 0 0 0 38 0 9 23.3355 0 6 6 6 5 5 1 1 0 1904823 0 0 10 40 40 40 1 3 3
0 0 0 0 1 1 2 0 38 0 0 0 29 2 64 25.2914 0 6 -1 -1 -1 -1 -1 -1 -1 1905089 0 0 10 40 40 40 1 3 3
0 0 0 0 1 2 1 0 38 0 0 0 18 1 31 24.6692 0 5 -1 -1 -1 -1 -1 -1 -1 1905323 0 0 10 40 40 40 1 3 3
0 0 0 0 1 2 1 0 38 0 0 0 4 1 32 23.9581 0 5 -1 -1 -1 -1 -1 -1 -1 1905589 0 0 10 40 40 40 1 3 3
0 0 0 0 1 3 1 0 38 0 0 0 358 0 1 23.3359 0 5 5 6 5 5 1 1 0 1905822 0 0 10 40 40 40 6 1 3
0 0 0 0 1 2 1 0 38 0 0 0 0 0 11 25.2918 0 5 -1 -1 -1 -1 -1 -1 -1 1906089 0 0 10 40 40 40 6 1 3
0 0 0 1 1 2 1 1 38 0 0 0 3 -1 49 24.6695 0 5 -1 -1 -1 -1 -1 -1 -1 1906322 0 0 10 40 40 40 6 1 5
0 0 0 1 1 2 1 1 38 0 0 0 26 -2 68 23.9584 0 5 -1 -1 -1 -1 -1 -1 -1 1906589 0 0 10 40 40 40 6 1 5
0 0 0 1 1 1 3 1 38 0 0 0 43 -2 67 23.3362 0 6 6 6 5 5 1 1 0 1906822 0 0 10 40 40 40 2 1 5
0 0 0 1 1 1 2 1 38 0 0 0 51 0 14 25.2921 0 6 -1 -1 -1 -1 -1 -1 -1 1907089 0 0 10 40 40 40 2 1 5
0 0 0 1 1 1 2 1 38 0 0 0 51 1 74 24.6699 0 6 -1 -1 -1 -1 -1 -1 -1 1907322 0 0 10 40 40 40 2 1 5
0 0 0 1 1 1 2 1 38 0 0 0 28 3 90 23.9588 0 6 -1 -1 -1 -1 -1 -1 -1 1907589 0 0 10 40 40 40 2 1 5
0 0 0 1 1 3 1 1 38 0 0 0 8 2 75 23.3366 0 5 5 6 5 5 1 1 0 1907822 0 0 10 40 40 40 6 3 5
0 0 0 1 1 2 1 1 38 0 0 0 357 0 16 25.2925 0 5 -1 -1 -1 -1 -1 -1 -1 1908089 0 0 10 40 40 40 6 3 5
0 0 0 1 1 2 1 1 38 0 0 0 7 -1 49 24.6703 0 5 -1 -1 -1 -1 -1 -1 -1 1908322 0 0 10 40 40 40 6 3 5
0 0 0 1 1 2 1 1 38 0 0 0 7 0 5 23.9592 0 5 -1 -1 -1 -1 -1 -1 -1 1908588 0 0 10 40 40 40 6 3 5
0 0 0 1 1 3 1 1 38 0 0 0 2 0 23 23.3369 0 5 5 6 5 5 1 1 0 1908822 0 0 10 40 40 40 8 0 5
0 0 0 1 1 2 1 1 38 0 0 0 0 -1 34 25.2928 0 5 -1 -1 -1 -1 -1 -1 -1 1909088 0 0 10 40 40 40 1 3 5
0 0 0 1 1 2 1 1 38 0 0 0 357 2 71 24.6706 0 5 -1 -1 -1 -1 -1 -1 -1 1909322 0 0 10 40 40 40 1 3 5
0 0 0 1 1 2 1 1 38 0 0 0 333 3 102 23.9595 0 5 -1 -1 -1 -1 -1 -1 -1 1909588 0 0 10 40 40 40 1 3 5
0 0 0 1 3 1 1 1 38 0 0 0 315 2 70 23.3373 0 4 4 6 5 5 1 1 0 1909821 0 0 10 40 40 40 1 3 5
0 0 0 1 2 1 1 1 38 0 0 0 307 0 0 25.2932 0 4 -1 -1 -1 -1 -1 -1 -1 1910088 0 0 10 40 40 40 6 1 5
0 0 0 1 2 1 1 1 38 0 0 0 310 0 3 24.671 0 4 -1 -1 -1 -1 -1 -1 -1 1910321 0 0 10 40 40 40 6 1 5
0 0 0 2 1 1 1 1 38 0 0 0 285 3 103 23.9599 0 3 -1 -1 -1 -1 -1 -1 -1 1910588 0 0 10 40 40 40 6 1 5
0 0 0 3 1 1 1 1 38 0 0 0 270 2 82 23.3376 0 3 3 6 5 5 1 1 0 1910821 0 0 10 40 40 40 6 1 5
0 0 0 2 1 1 1 1 38 0 0 0 270 0 27 25.2935 0 3 -1 -1 -1 -1 -1 -1 -1 1911088 0 0 10 40 40 40 2 1 5
0 0 0 2 1 1 1 1 38 0 0 0 273 0 3 24.6713 0 3 -1 -1 -1 -1 -1 -1 -1 1911321 0 0 10 40 40 40 2 1 5
0 0 0 2 1 1 1 1 38 0 0 0 270 1 45 23.9602 0 3 -1 -1 -1 -1 -1 -1 -1 1911588 0 0 10 40 40 40 2 1 5
0 0 0 3 1 1 1 1 38 0 0 0 270 0 19 23.338 0 3 3 6 5 5 1 1 0 1911821 0 0 10 40 40 40 2 1 5
0 0 0 2 1 1 1 1 38 0 0 0 271 -1 31 25.2939 0 3 -1 -1 -1 -1 -1 -1 -1 1912088 0 0 10 40 40 40 6 3 5
0 0 0 2 1 1 1 1 38 0 0 0 278 -1 37 24.6717 0 3 -1 -1 -1 -1 -1 -1 -1 1912321 0 0 10 40 40 40 6 3 5
0 0 0 2 1 1 1 1 38 0 0 0 294 -2 71 23.9606 0 3 -1 -1 -1 -1 -1 -1 -1 1912587 0 0 10 40 40 40 6 3 5
0 0 0 1 3 1 1 1 38 0 0 0 311 -2 69 23.3384 0 4 4 6 5 5 1 1 0 1912821 0 0 10 40 40 40 6 3 5
0 0 0 1 2 1 1 1 38 0 0 0 320 0 5 25.2942 0 4 -1 -1 -1 -1 -1 -1 -1 1913087 0 0 10 40 40 40 8 0 5
0 0 0 1 2 1 1 1 38 0 0 0 315 1 57 24.672 0 4 -1 -1 -1 -1 -1 -1 -1 1913321 0 0 10 40 40 40 1 3 5
0 0 0 1 2 1 1 1 38 0 0 0 308 0 15 23.9609 0 4 -1 -1 -1 -1 -1 -1 -1 1913587 0 0 10 40 40 40 1 3 5
0 0 0 1 3 1 1 1 38 0 0 0 312 0 26 23.3387 0 4 4 6 5 5 1 1 0 1913820 0 0 10 40 40 40 1 3 5
0 0 0 1 2 1 1 1 38 0 0 0 313 0 4 25.2946 0 4 -1 -1 -1 -1 -1 -1 -1 1914087 0 0 10 40 40 40 1 3 5
0 0 0 1 2 1 1 1 38 0 0 0 324 -2 74 24.6724 0 4 -1 -1 -1 -1 -1 -1 -1 1914320 0 0 10 40 40 40 6 1 5
0 0 0 1 1 2 1 1 38 0 0 0 344 -2 82 23.9613 0 5 -1 -1 -1 -1 -1 -1 -1 1914587 0 0 10 40 40 40 6 1 5
0 0 0 1 1 3 1 1 38 0 0 0 356 0 27 23.3391 0 5 5 6 5 5 1 1 0 1914820 0 0 10 40 40 40 6 1 5
0 0 0 1 1 2 1 1 38 0 0 0 0 0 15 25.295 0 5 -1 -1 -1 -1 -1 -1 -1 1915087 0 0 10 40 40 40 6 1 5
0 0 0 1 1 2 1 1 38 0 0 0 359 0 9 24.6727 0 5 -1 -1 -1 -1 -1 -1 -1 1915320 0 0 10 40 40 40 2 1 5
0 0 0 1 1 2 1 1 38 0 0 0 1 0 1 23.9616 0 5 -1 -1 -1 -1 -1 -1 -1 1915587 0 0 10 40 40 40 2 1 5
0 0 0 1 1 3 1 1 38 0 0 0 4 0 11 23.3394 0 5 5 6 5 5 1 1 0 1915820 0 0 10 40 40 40 2 1 5
0 0 0 1 1 2 1 1 38 0 0 0 3 0 14 25.2953 0 5 -1 -1 -1 -1 -1 -1 -1 1916087 0 0 10 40 40 40 2 1 5
1 0 1 1 1 2 1 1 38 0 0 0 4 0 23 24.6731 0 5 -1 -1 -1 -1 -1 -1 -1 1916320 0 0 10 40 40 40 6 3 7
1 0 1 1 1 2 1 1 38 0 0 0 22 -2 75 23.962 0 5 -1 -1 -1 -1 -1 -1 -1 1916586 0 0 10 40 40 40 6 3 7
1 0 1 1 1 1 3 1 38 0 0 0 41 -2 60 23.3398 0 6 6 6 5 5 1 1 0 1916820 0 0 10 40 40 40 6 3 7
1 0 1 1 1 1 2 1 38 0 0 0 50 0 21 25.2957 0 6 -1 -1 -1 -1 -1 -1 -1 1917086 0 0 10 40 40 40 6 3 7
1 0 1 1 1 1 2 1 38 0 0 0 54 -2 84 24.6735 0 6 -1 -1 -1 -1 -1 -1 -1 1917320 0 0 10 40 40 40 8 0 7
1 0 1 1 1 1 1 2 38 0 0 0 75 -2 85 23.9623 0 7 -1 -1 -1 -1 -1 -1 -1 1917586 0 0 10 40 40 40 1 3 7
1 0 1 1 1 1 1 3 38 0 0 0 90 -1 43 23.3401 0 7 7 6 5 5 1 1 0 1917820 0 0 10 40 40 40 1 3 7
1 0 1 1 1 1 1 2 38 0 0 0 96 0 11 25.296 0 7 -1 -1 -1 -1 -1 -1 -1 1918086 0 0 10 40 40 40 1 3 7
1 0 1 1 1 1 1 2 38 0 0 0 90 1 39 24.6738 0 7 -1 -1 -1 -1 -1 -1 -1 1918319 0 0 10 40 40 40 1 3 7
1 0 1 1 1 1 1 2 38 0 0 0 89 0 3 23.9627 0 7 -1 -1 -1 -1 -1 -1 -1 1918586 0 0 10 40 40 40 6 1 7
1 0 1 1 1 1 1 3 38 0 0 0 90 0 6 23.3405 0 7 7 6 5 5 1 1 0 1918819 0 0 10 40 40 40 6 1 7
1 0 1 1 1 1 1 2 38 0 0 0 92 0 10 25.2964 0 7 -1 -1 -1 -1 -1 -1 -1 1919086 0 0 10 40 40 40 6 1 7
1 0 1 1 1 1 1 2 38 0 0 0 92 0 6 24.6742 0 7 -1 -1 -1 -1 -1 -1 -1 1919319 0 0 10 40 40 40 6 1 7
1 0 1 1 1 1 1 2 38 0 0 0 96 0 3 23.9631 0 7 -1 -1 -1 -1 -1 -1 -1 1919586 0 0 10 40 40 40 2 1 7
1 0 1 1 1 1 1 3 38 0 0 0 96 0 11 23.3408 0 7 7 6 5 5 1 1 0 1919819 0 0 10 40 40 40 2 1 7
1 0 1 1 1 1 1 2 38 0 0 0 90 0 27 25.2967 0 7 -1 -1 -1 -1 -1 -1 -1 1920086 0 0 10 40 40 40 2 1 7
1 0 1 1 1 1 1 2 38 0 0 0 85 0 10 24.6745 0 7 -1 -1 -1 -1 -1 -1 -1 1920319 0 0 10 40 40 40 2 1 7
1 0 1 1 1 1 1 2 38 0 0 0 84 0 20 23.9634 0 7 -1 -1 -1 -1 -1 -1 -1 1920586 0 0 10 40 40 40 6 3 7
1 0 1 1 1 1 1 3 38 0 0 0 88 0 20 23.3412 0 7 7 6 5 5 1 1 0 1920819 0 0 10 40 40 40 6 3 7
1 0 1 1 1 1 1 2 38 0 0 0 87 0 3 25.2971 0 7 -1 -1 -1 -1 -1 -1 -1 1921085 0 0 10 40 40 40 6 3 7
1 0 1 1 1 1 1 2 38 0 0 0 87 -1 38 24.6749 0 7 -1 -1 -1 -1 -1 -1 -1 1921319 0 0 10 40 40 40 6 3 7
1 0 1 1 1 1 1 2 38 0 0 0 93 0 28 23.9638 0 7 -1 -1 -1 -1 -1 -1 -1 1921585 0 0 10 40 40 40 8 0 7
1 0 1 1 1 1 1 3 38 0 0 0 93 0 5 23.3415 0 7 7 6 5 5 1 1 0 1921819 0 0 10 40 40 40 1 3 7
1 0 1 1 1 1 1 2 38 0 0 0 88 0 23 25.2974 0 7 -1 -1 -1 -1 -1 -1 -1 1922085 0 0 10 40 40 40 1 3 7
1 0 1 1 1 1 1 2 38 0 0 0 87 0 2 24.6752 0 7 -1 -1 -1 -1 -1 -1 -1 1922318 0 0 10 40 40 40 1 3 7
1 0 1 1 1 1 1 2 38 0 0 0 102 -3 96 23.9641 0 7 -1 -1 -1 -1 -1 -1 -1 1922585 0 0 10 40 40 40 1 3 7
3 0 1 1 1 1 1 1 38 0 0 0 132 -4 129 23.3419 0 0 0 6 5 5 1 1 0 1922818 0 0 10 40 40 40 6 1 7
2 0 1 1 1 1 1 1 38 0 0 0 135 -3 102 25.2978 0 0 -1 -1 -1 -1 -1 -1 -1 1923085 0 0 10 40 40 40 6 1 7
2 0 1 1 1 1 1 1 38 0 0 0 135 0 24 24.6756 0 0 -1 -1 -1 -1 -1 -1 -1 1923318 0 0 10 40 40 40 6 1 7
2 0 1 1 1 1 1 1 38 0 0 0 135 -1 31 23.9645 0 0 -1 -1 -1 -1 -1 -1 -1 1923585 0 0 10 40 40 40 6 1 7
3 0 1 1 1 1 1 1 38 0 0 0 135 0 10 23.3423 0 0 0 6 5 5 1 1 0 1923818 0 0 10 40 40 40 2 1 7
2 0 1 1 1 1 1 1 38 0 0 0 134 0 2 25.2982 0 0 -1 -1 -1 -1 -1 -1 -1 1924085 0 0 10 40 40 40 2 1 7
2 0 1 1 1 1 1 1 38 0 0 0 131 0 20 24.6759 0 0 -1 -1 -1 -1 -1 -1 -1 1924318 0 0 10 40 40 40 2 1 7
2 0 1 1 1 1 1 1 38 0 0 0 132 0 25 23.9648 0 0 -1 -1 -1 -1 -1 -1 -1 1924585 0 0 10 40 40 40 2 1 7
3 0 1 1 1 1 1 1 38 0 0 0 135 0 14 23.3426 0 0 0 6 5 5 1 1 0 1924818 0 0 10 40 40 40 6 3 7
2 0 1 1 1 1 1 1 38 0 0 0 132 0 1 25.2985 0 0 -1 -1 -1 -1 -1 -1 -1 1925084 0 0 10 40 40 40 6 3 7
2 0 1 1 1 1 1 1 38 0 0 0 129 0 24 24.6763 0 0 -1 -1 -1 -1 -1 -1 -1 1925318 0 0 10 40 40 40 6 3 7
2 0 1 1 1 1 1 1 38 0 0 0 114 3 123 23.9652 0 0 -1 -1 -1 -1 -1 -1 -1 1925584 0 0 10 40 40 40 6 3 7
1 0 1 1 1 1 1 3 38 0 0 0 90 3 91 23.343 0 7 7 6 5 5 1 1 0 1925818 0 0 10 40 40 40 8 0 7
1 0 1 1 1 1 1 2 38 0 0 0 73 0 25 25.2989 0 7 -1 -1 -1 -1 -1 -1 -1 1926084 0 0 10 40 40 40 1 3 7
0 0 0 1 1 1 1 2 38 0 0 0 78 -1 35 24.6766 0 7 -1 -1 -1 -1 -1 -1 -1 1926317 0 0 10 40 40 40 1 3 5
0 0 0 1 1 1 2 1 38 0 0 0 55 2 89 23.9655 0 6 -1 -1 -1 -1 -1 -1 -1 1926584 0 0 10 40 40 40 1 3 5
0 0 0 1 1 1 3 1 38 0 0 0 37 2 84 23.3433 0 6 6 6 5 5 1 1 0 1926817 0 0 10 40 40 40 1 3 5
0 0 0 1 1 1 2 1 38 0 0 0 32 0 22 25.2992 0 6 -1 -1 -1 -1 -1 -1 -1 1927084 0 0 10 40 40 40 6 1 5
0 0 0 1 1 1 2 1 38 0 0 0 40 -1 53 24.677 0 6 -1 -1 -1 -1 -1 -1 -1 1927317 0 0 10 40 40 40 6 1 5
0 0 0 1 1 1 2 1 38 0 0 0 63 -4 129 23.9659 0 6 -1 -1 -1 -1 -1 -1 -1 1927584 0 0 10 40 40 40 6 1 5
0 0 0 1 1 1 1 3 38 0 0 0 90 -4 127 23.3437 0 7 7 6 5 5 1 1 0 1927817 0 0 10 40 40 40 6 1 5
0 0 0 1 1 1 1 2 38 0 0 0 90 -1 44 25.2996 0 7 -1 -1 -1 -1 -1 -1 -1 1928084 0 0 10 40 40 40 2 1 5
0 0 0 1 1 1 1 2 38 0 0 0 83 2 64 24.6774 0 7 -1 -1 -1 -1 -1 -1 -1 1928317 0 0 10 40 40 40 2 1 5
0 0 0 1 1 1 2 1 38 0 0 0 59 2 79 23.9662 0 6 -1 -1 -1 -1 -1 -1 -1 1928584 0 0 10 40 40 40 2 1 5
0 0 0 1 1 1 3 1 38 0 0 0 39 2 62 23.344 0 6 6 6 5 5 1 1 0 1928817 0 0 10 40 40 40 2 1 5
0 0 0 1 1 1 2 1 38 0 0 0 29 1 30 25.2999 0 6 -1 -1 -1 -1 -1 -1 -1 1929083 0 0 10 40 40 40 6 3 5
0 0 0 1 1 1 2 1 38 0 0 0 39 -2 83 24.6777 0 6 -1 -1 -1 -1 -1 -1 -1 1929317 0 0 10 40 40 40 6 3 5
0 0 0 1 1 1 2 1 38 0 0 0 80 -7 221 23.9666 0 6 -1 -1 -1 -1 -1 -1 -1 1929583 0 0 10 40 40 40 6 3 5
0 0 0 1 1 1 1 3 38 0 0 0 90 -3 107 23.3444 0 7 7 6 5 5 1 1 0 1929817 0 0 10 40 40 40 6 3 5
0 0 0 1 1 1 1 2 38 0 0 0 90 0 17 25.3003 0 7 -1 -1 -1 -1 -1 -1 -1 1930083 0 0 10 40 40 40 8 0 5
0 0 0 1 1 1 1 2 38 0 0 0 81 2 72 24.6781 0 7 -1 -1 -1 -1 -1 -1 -1 1930316 0 0 10 40 40 40 1 3 5
0 0 0 1 1 1 1 2 38 0 0 0 79 -1 50 23.967 0 7 -1 -1 -1 -1 -1 -1 -1 1930583 0 0 10 40 40 40 1 3 5
0 0 0 1 1 1 1 3 38 0 0 0 90 -2 73 23.3447 0 7 7 6 5 5 1 1 0 1930816 0 0 10 40 40 40 1 3 5
0 0 0 1 1 1 1 2 38 0 0 0 84 1 39 25.3006 0 7 -1 -1 -1 -1 -1 -1 -1 1931083 0 0 10 40 40 40 1 3 5
0 0 0 1 1 1 1 2 38 0 0 0 71 2 72 24.6784 0 7 -1 -1 -1 -1 -1 -1 -1 1931316 0 0 10 40 40 40 6 1 5
0 0 0 1 1 1 1 2 38 0 0 0 70 -1 35 23.9673 0 7 -1 -1 -1 -1 -1 -1 -1 1931583 0 0 10 40 40 40 6 1 5
0 0 0 1 1 1 1 3 38 0 0 0 87 -2 78 23.3451 0 7 7 6 5 5 1 1 0 1931816 0 0 10 40 40 40 6 1 5
0 0 0 1 1 1 1 2 38 0 0 0 86 1 46 25.301 0 7 -1 -1 -1 -1 -1 -1 -1 1932083 0 0 10 40 40 40 6 1 5
0 0 0 1 1 1 1 2 38 0 0 0 72 3 90 24.6788 0 7 -1 -1 -1 -1 -1 -1 -1 1932316 0 0 10 40 40 40 2 1 5
0 0 0 1 1 1 2 1 38 0 0 0 51 2 67 23.9677 0 6 -1 -1 -1 -1 -1 -1 -1 1932583 0 0 10 40 40 40 2 1 5
0 0 0 1 1 1 3 1 38 0 0 0 40 0 1 23.3454 0 6 6 6 5 5 1 1 0 1932816 0 0 10 40 40 40 2 1 5
0 0 0 1 1 1 2 1 38 0 0 0 49 -1 36 25.3013 0 6 -1 -1 -1 -1 -1 -1 -1 1933082 0 0 10 40 40 40 2 1 5
0 0 0 1 1 1 2 1 38 0 0 0 42 2 83 24.6791 0 6 -1 -1 -1 -1 -1 -1 -1 1933316 0 0 10 40 40 40 6 3 5
0 0 0 1 1 2 1 1 38 0 0 0 13 3 101 23.968 0 5 -1 -1 -1 -1 -1 -1 -1 1933582 0 0 10 40 40 40 6 3 5
0 0 0 1 1 3 1 1 38 0 0 0 356 1 59 23.3458 0 5 5 6 5 5 1 1 0 1933816 0 0 10 40 40 40 6 3 5
0 0 0 1 1 2 1 1 38 0 0 0 353 -1 32 25.3017 0 5 -1 -1 -1 -1 -1 -1 -1 1934082 0 0 10 40 40 40 6 3 5
0 0 0 1 1 2 1 1 38 0 0 0 8 -3 103 24.6795 0 5 -1 -1 -1 -1 -1 -1 -1 1934315 0 0 10 40 40 40 8 0 5
0 0 0 1 1 1 2 1 38 0 0 0 38 -4 122 23.9684 0 6 -1 -1 -1 -1 -1 -1 -1 1934582 0 0 10 40 40 40 1 3 5
0 0 0 1 1 1 3 1 38 0 0 0 52 -1 54 23.3462 0 6 6 6 5 5 1 1 0 1934815 0 1 10 40 40 60 1 3 5
0 0 0 1 1 1 2 1 38 0 0 0 52 0 25 23.3462 0 6 -1 -1 -1 -1 -1 -1 -1 1934982 0 1 10 40 40 60 1 3 5
0 0 0 1 1 1 2 1 38 0 0 0 52 0 11 23.3462 0 6 -1 -1 -1 -1 -1 -1 -1 1935149 0 1 10 40 40 60 1 3 5
0 0 0 1 1 1 2 1 38 0 0 0 52 0 28 23.3462 0 6 -1 -1 -1 -1 -1 -1 -1 1935315 0 1 10 40 40 60 6 1 5
0 0 0 1 1 1 3 1 38 0 0 0 52 0 16 23.3462 0 6 6 6 5 5 1 1 0 1935482 0 1 10 40 40 60 6 1 5
0 0 0 1 1 1 2 1 38 0 0 0 45 0 2 23.3462 0 6 -1 -1 -1 -1 -1 -1 -1 1935648 0 1 10 40 40 60 6 1 5
0 0 0 0 1 1 2 0 38 0 0 0 45 0 27 23.3462 0 6 -1 -1 -1 -1 -1 -1 -1 1935815 0 1 10 40 40 60 6 1 3
0 0 0 0 1 1 2 0 38 0 0 0 45 1 33 23.3462 0 6 -1 -1 -1 -1 -1 -1 -1 1935982 0 1 10 40 40 60 2 1 3
0 0 0 0 1 1 2 0 38 0 0 0 45 0 17 23.3462 0 6 -1 -1 -1 -1 -1 -1 -1 1936148 0 1 10 40 40 60 2 1 3
0 0 0 0 1 1 2 0 38 0 0 0 45 0 12 23.3462 0 6 -1 -1 -1 -1 -1 -1 -1 1936315 0 1 10 40 40 60 2 1 3
0 0 0 0 1 2 1 0 39 0 2 2 3 1 17 29.82 0 5 -1 -1 -1 -1 -1 -1 -1 1953944 0 0 10 40 27 60 1 3 3
0 0 0 0 1 2 1 0 39 0 2 2 7 -1 32 29.52 0 5 -1 -1 -1 -1 -1 -1 -1 1954111 0 0 10 40 27 60 1 3 3
0 0 0 0 1 2 1 0 39 0 2 2 11 0 8 29.16 0 5 -1 -1 -1 -1 -1 -1 -1 1954311 0 0 10 40 27 37.56 1 3 3
0 0 0 0 1 2 1 0 39 0 2 2 0 1 43 28.5 0 5 -1 -1 -1 -1 -1 -1 -1 1954677 0 0 10 40 27 27 1 3 3
0 0 0 0 1 2 1 0 39 0 2 2 349 0 17 27.84 0 5 -1 -1 -1 -1 -1 -1 -1 1955044 0 0 10 40 27 27 0 0 3
0 0 0 0 1 2 1 0 39 0 2 2 350 0 10 27.18 0 5 -1 -1 -1 -1 -1 -1 -1 1955410 0 0 10 40 27 27 0 0 3
0 0 0 0 1 2 1 0 39 0 2 2 354 0 0 26.52 0 5 -1 -1 -1 -1 -1 -1 -1 1955777 0 0 10 40 27 27 0 0 3
0 0 0 0 1 2 1 0 39 0 2 2 355 0 6 25.86 0 5 -1 -1 -1 -1 -1 -1 -1 1956143 0 0 10 40 27 27 0 0 3
0 0 0 0 1 2 1 0 39 0 2 2 12 -2 63 25.14 0 5 -1 -1 -1 -1 -1 -1 -1 1956543 0 0 10 40 27 27 6 0 3
0 0 0 0 1 1 2 0 39 0 2 2 34 -1 51 24.48 0 6 -1 -1 -1 -1 -1 -1 -1 1956910 0 0 10 40 27 27 6 0 3
0 0 0 0 1 1 4 0 39 0 2 2 45 0 25 23.8201 0 6 6 7 1 1 0 1 0 1957277 0 0 10 40 27 27 6 0 3
0 0 0 0 1 1 2 0 39 0 2 2 37 0 10 28.1601 0 6 -1 -1 -1 -1 -1 -1 -1 1957643 0 0 10 40 27 27 6 0 3
0 0 0 0 1 1 2 0 39 0 2 2 29 1 32 27.5001 0 6 -1 -1 -1 -1 -1 -1 -1 1958010 0 0 10 40 27 27 0 0 3
0 0 0 0 1 2 1 0 39 0 2 2 16 2 61 26.8401 0 5 -1 -1 -1 -1 -1 -1 -1 1958376 0 0 10 40 27 27 0 0 3
0 0 0 0 1 4 1 0 39 0 2 2 359 0 24 26.1801 0 5 5 7 1 1 0 1 0 1958743 0 0 10 40 27 27 0 0 3
0 0 0 0 1 2 1 0 39 0 2 2 5 -1 39 29.52 0 5 -1 -1 -1 -1 -1 -1 -1 1959109 0 0 10 40 27 27 0 0 3
0 0 0 0 1 2 1 0 39 0 2 2 12 0 12 28.86 0 5 -1 -1 -1 -1 -1 -1 -1 1959476 0 0 10 40 27 27 8 0 3
0 0 0 0 1 2 1 0 39 0 2 2 3 0 27 28.14 0 5 -1 -1 -1 -1 -1 -1 -1 1959876 0 0 10 40 27 27 1 3 3
0 0 0 0 1 4 1 0 39 0 2 2 358 0 1 27.48 0 5 5 7 2 2 0 1 0 1960242 0 0 10 40 27 27 1 3 3
0 0 0 0 1 2 1 0 39 0 2 2 4 0 28 29.52 0 5 -1 -1 -1 -1 -1 -1 -1 1960609 0 0 10 40 27 27 1 3 3
0 0 0 0 1 2 1 0 39 0 2 2 15 0 29 28.86 0 5 -1 -1 -1 -1 -1 -1 -1 1960976 0 0 10 40 27 27 1 3 3
0 0 0 0 1 1 2 0 39 0 2 2 29 -1 41 28.2 0 6 -1 -1 -1 -1 -1 -1 -1 1961342 0 0 10 40 27 27 0 0 3
0 0 0 0 1 1 4 0 39 0 2 2 42 0 25 27.54 0 6 6 7 0 0 0 1 0 1961709 0 0 10 40 27 27 0 0 3
0 0 0 0 1 1 2 0 39 0 2 2 44 0 5 29.52 0 6 -1 -1 -1 -1 -1 -1 -1 1962075 0 0 10 40 27 27 0 0 3
0 0 0 0 1 1 2 0 39 0 2 2 32 1 38 28.86 0 6 -1 -1 -1 -1 -1 -1 -1 1962442 0 0 10 40 27 27 0 0 3
0 0 0 0 1 2 1 0 39 0 2 2 13 1 50 28.2 0 5 -1 -1 -1 -1 -1 -1 -1 1962809 0 0 10 40 27 27 6 0 3
0 0 0 0 1 4 1 0 39 0 2 2 356 1 37 27.48 0 5 5 7 1 1 0 1 0 1963208 0 0 10 40 27 27 6 0 3
0 0 0 0 1 2 1 0 39 0 2 2 350 0 2 29.52 0 5 -1 -1 -1 -1 -1 -1 -1 1963575 0 0 10 40 27 27 6 0 3
0 0 0 0 1 2 1 0 39 0 2 2 340 1 47 28.86 0 5 -1 -1 -1 -1 -1 -1 -1 1963942 0 0 10 40 27 27 6 0 3
0 0 0 0 2 1 1 0 39 0 2 2 326 1 35 28.2 0 4 -1 -1 -1 -1 -1 -1 -1 1964308 0 0 10 40 27 27 0 0 3
0 0 0 0 4 1 1 0 39 0 2 2 315 0 16 27.54 0 4 4 7 2 2 0 1 0 1964675 0 0 10 40 27 27 0 0 3
0 0 0 0 2 1 1 0 39 0 2 2 317 0 25 29.52 0 4 -1 -1 -1 -1 -1 -1 -1 1965041 0 0 10 40 27 27 0 0 3
0 0 0 0 2 1 1 0 39 0 2 2 333 -1 53 28.86 0 4 -1 -1 -1 -1 -1 -1 -1 1965408 0 0 10 40 27 27 0 0 3
0 0 0 0 1 2 1 0 39 0 2 2 350 -1 46 28.2011 0 5 -1 -1 -1 -1 -1 -1 -1 1965774 0 0 10 40 26.5 26.5 8 0 3
0 0 0 0 1 4 1 0 39 0 2 2 6 -1 38 27.4945 0 5 5 7 4 2 0 1 1 1966174 0 0 10 40 26.5 26.5 1 3 3
0 0 0 0 1 2 1 0 39 0 2 2 11 0 11 26.8467 0 5 -1 -1 -1 -1 -1 -1 -1 1966541 0 0 10 40 26.5 26.5 1 3 3
0 0 0 0 1 2 1 0 39 0 2 2 11 0 2 26.1989 0 5 -1 -1 -1 -1 -1 -1 -1 1966908 0 0 10 40 26.5 26.5 1 3 3
0 0 0 0 1 2 1 0 39 0 2 2 6 0 1 25.6689 2.487 5 -1 -1 -1 -1 -1 -1 -1 1967307 0 0 10 40 27 27 1 3 3
0 0 0 0 1 3 1 0 39 0 2 2 3 0 7 25.6689 1.827 5 5 7 2 4 1 1 1 1967674 0 0 10 40 27 27 0 0 3
0 0 0 0 1 2 1 0 39 0 2 2 5 0 5 25.6689 1.167 5 -1 -1 -1 -1 -1 -1 -1 1968041 0 0 10 40 27 27 0 0 3
0 0 0 0 1 2 1 0 39 0 2 2 13 -1 41 25.6689 0.507002 5 -1 -1 -1 -1 -1 -1 -1 1968407 0 0 10 40 27 27 0 0 3
0 0 0 0 1 1 2 0 39 0 2 2 29 -1 39 25.6689 2.36144 6 -1 -1 -1 -1 -1 -1 -1 1968774 0 0 10 40 27.5 27.5 0 0 3
0 0 0 0 1 1 3 0 39 0 2 2 39 0 3 25.6689 1.68922 6 6 7 2 4 1 1 1 1969140 0 0 10 40 27.5 27.5 6 0 3
0 0 0 0 1 1 2 0 39 0 2 2 31 0 29 25.6689 1.017 6 -1 -1 -1 -1 -1 -1 -1 1969507 0 0 10 40 27.5 27.5 6 0 3
0 0 0 0 1 1 2 0 39 0 2 2 22 0 21 25.6689 0.344777 6 -1 -1 -1 -1 -1 -1 -1 1969873 0 0 10 40 27.5 27.5 6 0 3
0 0 0 0 1 1 2 0 39 0 2 2 25 -1 42 25.3852 0 6 -1 -1 -1 -1 -1 -1 -1 1970240 0 0 10 40 27.5 27.5 6 0 3
0 0 0 0 1 1 4 0 39 0 2 2 44 -1 43 24.7741 0 6 6 7 4 1 0 1 0 1970573 0 0 10 40 27.5 27.5 0 0 3
0 0 0 0 1 1 2 0 39 0 2 2 44 0 16 29.1019 0 6 -1 -1 -1 -1 -1 -1 -1 1970940 0 0 10 40 27.5 27.5 0 0 3
0 0 0 0 1 1 2 0 39 0 2 2 36 0 15 28.4296 0 6 -1 -1 -1 -1 -1 -1 -1 1971306 0 0 10 40 27.5 27.5 0 0 3
0 0 0 0 1 1 2 0 39 0 2 2 40 0 11 27.7574 0 6 -1 -1 -1 -1 -1 -1 -1 1971673 0 0 10 40 27.5 27.5 0 0 3
0 0 0 0 1 1 4 0 39 0 2 2 41 0 5 27.0852 0 6 6 7 0 4 0 1 0 1972040 0 0 10 40 27.5 27.5 8 0 3
0 0 0 0 1 1 2 0 39 0 2 2 33 1 32 29.5111 0 6 -1 -1 -1 -1 -1 -1 -1 1972406 0 0 10 40 27.5 27.5 1 3 3
0 0 0 0 1 1 2 0 39 0 2 2 24 0 27 28.8389 0 6 -1 -1 -1 -1 -1 -1 -1 1972773 0 0 10 40 27.5 27.5 1 3 3
0 0 0 0 1 2 1 0 39 0 2 2 16 0 25 28.4111 2.41811 5 -1 -1 -1 -1 -1 -1 -1 1973139 0 0 10 40 28 28 1 3 3
0 0 0 0 1 3 1 0 39 0 2 2 11 0 14 28.4111 1.79589 5 5 7 1 4 1 1 1 1973473 0 0 10 40 28 28 1 3 3
0 0 0 0 1 2 1 0 39 0 2 2 9 0 2 28.4111 1.11144 5 -1 -1 -1 -1 -1 -1 -1 1973839 0 0 10 40 28 28 0 0 3
0 0 0 0 1 2 1 0 39 0 2 2 15 -1 35 28.4111 0.426999 5 -1 -1 -1 -1 -1 -1 -1 1974206 0 0 10 40 28 28 0 0 3
0 0 0 0 1 1 2 0 39 0 2 2 35 -1 51 28.1708 0 6 -1 -1 -1 -1 -1 -1 -1 1974572 0 0 10 40 28 28 0 0 3
0 0 0 0 1 1 4 0 39 0 2 2 45 0 18 27.5486 0 6 6 7 2 2 0 1 0 1974906 0 0 10 40 28 28 0 0 3
0 0 0 0 1 1 2 0 39 0 2 2 42 0 13 29.5022 0 6 -1 -1 -1 -1 -1 -1 -1 1975272 0 0 10 40 28 28 6 0 3
0 0 0 0 1 1 2 0 39 0 2 2 33 0 11 28.8178 0 6 -1 -1 -1 -1 -1 -1 -1 1975639 0 0 10 40 28 28 6 0 3
0 0 0 0 1 1 2 0 39 0 2 2 40 0 24 28.1956 0 6 -1 -1 -1 -1 -1 -1 -1 1975972 0 0 10 40 28 28 6 0 3
0 0 0 0 1 1 4 0 39 0 2 2 45 0 15 27.5111 0 6 6 7 3 4 0 1 0 1976339 0 0 10 40 28 28 6 0 3
0 0 0 0 1 1 2 0 39 0 2 2 43 0 12 29.5022 0 6 -1 -1 -1 -1 -1 -1 -1 1976705 0 0 10 40 28 28 0 0 3
0 0 0 0 1 1 2 0 39 0 2 2 33 1 36 28.8178 0 6 -1 -1 -1 -1 -1 -1 -1 1977072 0 0 10 40 28 28 0 0 3
0 0 0 0 1 1 2 0 39 0 2 2 20 1 44 28.1956 0 6 -1 -1 -1 -1 -1 -1 -1 1977405 0 0 10 40 28 28 0 0 3
0 0 0 0 1 4 1 0 39 0 2 2 2 1 35 27.5111 0 5 5 7 0 0 0 1 0 1977772 0 0 10 40 28 28 0 0 3
0 0 0 0 1 2 1 0 39 0 2 2 353 0 5 29.5022 0 5 -1 -1 -1 -1 -1 -1 -1 1978138 0 0 10 40 28 28 8 0 3
0 0 0 0 1 2 1 0 39 0 2 2 353 0 4 28.88 0 5 -1 -1 -1 -1 -1 -1 -1 1978471 0 0 10 40 28 28 1 3 3
0 0 0 0 1 2 1 0 39 0 2 2 355 0 15 28.32 2.60367 5 -1 -1 -1 -1 -1 -1 -1 1978805 0 1 10 40 28.5 60 1 3 3
0 0 0 0 1 3 1 0 39 0 2 2 355 0 9 28.32 2.60367 5 5 7 4 3 1 1 1 1978971 0 1 10 40 28.5 60 1 3 3
0 0 0 0 1 2 1 0 39 0 2 2 355 0 8 28.32 2.60367 5 -1 -1 -1 -1 -1 -1 -1 1979138 0 1 10 40 28.5 60 1 3 3
0 0 0 0 1 2 1 0 39 0 2 2 355 0 14 28.32 2.60367 5 -1 -1 -1 -1 -1 -1 -1 1979304 0 1 10 40 28.5 60 0 0 3
0 0 0 0 1 2 1 0 39 0 2 2 355 0 6 28.32 2.60367 5 -1 -1 -1 -1 -1 -1 -1 1979471 0 1 10 40 28.5 60 0 0 3
0 0 0 0 1 2 1 0 39 0 2 2 355 0 3 28.32 2.60367 5 -1 -1 -1 -1 -1 -1 -1 1979638 0 1 10 40 28.5 60 0 0 3
0 0 0 0 1 2 1 0 39 0 2 2 355 0 1 28.32 2.60367 5 -1 -1 -1 -1 -1 -1 -1 1979804 0 1 10 40 28.5 60 0 0 3
0 0 0 0 1 2 1 0 39 0 2 2 355 0 1 28.32 2.60367 5 -1 -1 -1 -1 -1 -1 -1 1979971 0 1 10 40 28.5 60 6 0 3
0 0 0 0 1 2 1 0 39 0 2 2 355 0 5 28.32 2.60367 5 -1 -1 -1 -1 -1 -1 -1 1980138 0 1 10 40 28.5 60 6 0 3
0 0 0 0 1 2 1 0 39 0 2 2 355 0 6 28.32 2.60367 5 -1 -1 -1 -1 -1 -1 -1 1980304 0 1 10 40 28.5 60 6 0 3
0 0 0 0 1 2 1 0 39 0 2 2 355 0 5 28.32 2.60367 5 -1 -1 -1 -1 -1 -1 -1 1980471 0 1 10 40 28.5 60 6 0 3
