% Tunnel Log: 
% debug seed: 1463008607
%
% SegEncNW { '0'=no panel, '1'=panel, '4'=obstacle, '5'=collided obstacle, '6'=player, '7'=player right, '8'=player wrong, '2'=target, '3'=fake }
% SegEncN
% SegEncNE
% SegEncE
% SegEncSE
% SegEncS
% SegEncSW
% SegEncW
% Event Number { 0, inf }
% Task Type { 0=Color/Sound, 1=Shape/Sound, 2=Sound, 3=Navigation, 4=Speed, 5=Training 6=Recess, 7=Special 2-Back }
% N-Back { 0, inf }
% Navigation Level { 0, inf }
% Player Loc { 0=Northwest ... 7=West }
% Pod Loc { -1=N/A, 0=Northwest ... 7=West }
% Pod Color { -1, inf }
% Pod Shape { -1, inf }
% Pod Sound { -1, inf }
% Pod Match { -1=N/A, 0=No, 1=Yes }
% Pod Taken { -1=N/A, 0=No, 1=Yes }
% Timestamp (ms)
% Num Obstacles { 0, inf }
% Min Speed { 0, inf }
% Max Speed { 0, inf }
% Base Speed { 0, inf }
% Final Speed { 0, inf }
% Navigation Score { 0, inf }
% Segment Direction { 0=Northwest ... 7=West }
% Segment Angle { 0, inf }
% Segment Panels { 0, inf }
%
% SegEncNW SecEncN SegEncNE SegEncE SegEncSE SegEncS SegEncSW SegEncW EventNumber TaskType N-Back Navigation PlayerLoc PodLoc PodColor PodShape PodSound PodMatch PodTaken Timestamp NumObs MinSpeed MaxSpeed BaseSpeed FinalSpeed NavScore SegmentDir SegmentAngle SegmentPanels
0 0 0 1 1 6 1 1 0 3 2 1 5 -1 -1 -1 -1 -1 -1 18833 0 15 40 16 60 3 8 0 5
0 0 0 1 1 6 1 1 0 3 2 1 5 -1 -1 -1 -1 -1 -1 19000 0 15 40 16 60 3 8 0 5
0 0 0 1 1 6 1 1 0 3 2 1 5 -1 -1 -1 -1 -1 -1 19166 0 15 40 16 60 3 5 2 5
0 0 0 1 1 6 1 1 0 3 2 1 5 -1 -1 -1 -1 -1 -1 19333 0 15 40 16 50.6 3 5 2 5
0 0 0 1 1 6 1 1 0 3 2 1 5 -1 -1 -1 -1 -1 -1 19600 0 15 40 16 25.5333 3 5 2 5
0 0 0 1 1 6 1 1 0 3 2 1 5 -1 -1 -1 -1 -1 -1 20333 0 15 40 16 13 3 5 2 5
0 0 0 1 1 6 1 1 0 3 2 1 5 -1 -1 -1 -1 -1 -1 21100 0 15 40 16 13 3 4 2 5
0 0 0 1 1 6 1 1 0 3 2 1 5 -1 -1 -1 -1 -1 -1 21766 0 15 40 16 16.25 3 4 2 5
0 0 0 1 1 6 1 1 0 3 2 1 5 -1 -1 -1 -1 -1 -1 22366 0 15 40 16 16.25 3 4 2 5
0 0 0 1 1 6 1 1 0 3 2 1 5 -1 -1 -1 -1 -1 -1 22999 0 15 40 16 14.95 3 4 2 5
0 0 0 1 1 7 1 1 0 3 2 1 5 5 5 4 4 1 1 23733 0 15 40 16 13 3 6 2 5
0 0 0 1 1 6 1 1 0 3 2 1 5 -1 -1 -1 -1 -1 -1 24499 0 15 40 16 13 3 6 2 5
0 0 0 1 1 6 1 1 0 3 2 1 5 -1 -1 -1 -1 -1 -1 25266 0 15 40 16 13 3 6 2 5
0 0 0 1 1 6 1 1 0 3 2 1 5 -1 -1 -1 -1 -1 -1 26033 0 15 40 16 13 3 6 2 5
0 0 0 1 1 7 1 1 0 3 2 1 5 5 5 4 4 1 1 26799 0 15 40 16 13 3 4 2 5
0 0 0 1 1 6 1 1 0 3 2 1 5 -1 -1 -1 -1 -1 -1 27466 0 15 40 17 16 3 4 2 5
0 0 0 1 1 1 6 1 0 3 2 1 6 -1 -1 -1 -1 -1 -1 28066 0 15 40 17 20 3 4 2 5
0 0 0 1 1 1 6 1 0 3 2 1 6 -1 -1 -1 -1 -1 -1 28566 0 15 40 17 20 3 4 2 5
0 0 0 1 1 1 7 1 0 3 2 1 6 6 5 4 4 1 1 29066 0 15 40 17 20 3 5 2 5
0 0 0 1 1 1 6 1 0 3 2 1 6 -1 -1 -1 -1 -1 -1 29566 0 15 40 17 19.2 3 5 2 5
0 0 0 1 1 6 1 1 0 3 2 1 5 -1 -1 -1 -1 -1 -1 30099 0 15 40 17 20 3 5 2 5
0 0 0 1 1 6 1 1 0 3 2 1 5 -1 -1 -1 -1 -1 -1 30599 0 15 40 17 20 3 5 2 5
0 0 0 1 1 7 1 1 0 3 2 1 5 5 5 4 4 1 1 31099 0 15 40 17 20 3 6 2 5
0 0 0 1 1 6 1 1 0 3 2 1 5 -1 -1 -1 -1 -1 -1 31533 0 15 40 18 23.4333 3 6 2 5
0 0 0 6 1 1 1 1 0 3 2 1 3 -1 -1 -1 -1 -1 -1 31999 0 15 40 18 19 3 6 2 5
0 0 0 6 1 1 1 1 0 3 2 1 3 -1 -1 -1 -1 -1 -1 32433 0 15 40 18 23.75 3 6 2 5
0 0 0 7 1 1 1 1 0 3 2 1 3 3 5 4 4 1 1 32866 0 15 40 18 23.75 3 6 2 5
0 0 0 6 1 1 1 1 0 3 2 2 3 -1 -1 -1 -1 -1 -1 33299 0 15 40 18 23.75 3 6 2 5
0 0 0 1 1 6 1 1 0 3 2 2 5 -1 -1 -1 -1 -1 -1 33699 0 15 40 18 22.8 3 6 2 5
0 0 0 1 1 6 1 1 0 3 2 2 5 -1 -1 -1 -1 -1 -1 34199 0 15 40 18 19 3 6 2 5
0 0 0 1 1 7 1 1 0 3 2 2 5 5 5 4 4 1 1 34733 0 15 40 18 19 3 8 0 5
0 0 0 1 1 6 1 1 0 3 2 2 5 -1 -1 -1 -1 -1 -1 35199 0 15 40 19 21 3 8 0 5
0 0 0 1 6 1 4 1 0 3 2 2 4 -1 -1 -1 -1 -1 -1 35699 1 15 40 19 21 3 8 0 5
0 0 0 1 6 1 1 1 0 3 2 2 4 -1 -1 -1 -1 -1 -1 36166 0 15 40 19 21 3 8 0 5
0 0 0 1 7 1 1 1 0 3 2 2 4 4 5 4 4 1 1 36633 0 15 40 19 21 3 5 2 5
0 0 0 1 6 1 1 1 0 3 2 2 4 -1 -1 -1 -1 -1 -1 37133 0 15 40 19 21 3 5 2 5
0 0 0 4 6 1 1 1 0 3 2 2 4 -1 -1 -1 -1 -1 -1 37599 1 15 40 19 21 3 5 2 5
0 0 0 6 1 1 1 1 0 3 2 2 3 -1 -1 -1 -1 -1 -1 38066 0 15 40 19 21 3 5 2 5
0 0 0 7 1 1 1 1 0 3 2 2 3 3 5 4 4 1 1 38533 0 15 40 19 21 3 4 2 5
0 0 0 6 1 1 1 1 0 3 2 2 3 -1 -1 -1 -1 -1 -1 38999 0 15 40 20 22 3 4 2 5
0 0 0 6 1 4 1 1 0 3 2 2 3 -1 -1 -1 -1 -1 -1 39466 1 15 40 20 22 3 4 2 5
0 0 0 6 1 1 1 1 0 3 2 2 3 -1 -1 -1 -1 -1 -1 39899 0 15 40 20 22 3 4 2 5
0 0 0 7 1 1 1 1 0 3 2 2 3 3 5 4 4 1 1 40366 0 15 40 20 22 3 6 2 5
0 0 0 6 1 1 1 1 0 3 2 2 3 -1 -1 -1 -1 -1 -1 40833 0 15 40 20 22 3 6 2 5
0 0 0 1 6 4 1 1 0 3 2 2 4 -1 -1 -1 -1 -1 -1 41266 1 15 40 20 22 3 6 2 5
0 0 0 1 6 1 1 1 0 3 2 2 4 -1 -1 -1 -1 -1 -1 41733 0 15 40 20 22 3 6 2 5
0 0 0 1 7 1 1 1 0 3 2 2 4 4 5 4 4 1 1 42199 0 15 40 20 22 3 4 2 5
0 0 0 1 6 1 1 1 0 3 2 2 4 -1 -1 -1 -1 -1 -1 42633 0 15 40 21 23 3 4 2 5
0 0 0 1 1 6 4 1 0 3 2 2 5 -1 -1 -1 -1 -1 -1 43066 1 15 40 21 23 3 4 2 5
0 0 0 1 1 6 1 1 0 3 2 2 5 -1 -1 -1 -1 -1 -1 43499 0 15 40 21 23 3 4 2 5
0 0 0 0 1 7 1 0 0 3 2 2 5 5 5 4 4 1 1 43933 0 15 40 21 23 3 5 2 3
0 0 0 0 1 6 1 0 0 3 2 2 5 -1 -1 -1 -1 -1 -1 44366 0 15 40 21 23 3 5 2 3
0 0 0 0 6 1 4 0 0 3 2 2 4 -1 -1 -1 -1 -1 -1 44799 1 15 40 21 23 3 5 2 3
0 0 0 0 6 1 1 0 0 3 2 2 4 -1 -1 -1 -1 -1 -1 45232 0 15 40 21 23 3 5 2 3
0 0 0 0 7 1 1 0 0 3 2 2 4 4 5 4 4 1 1 45666 0 15 40 21 23 3 6 2 3
0 0 0 0 6 1 1 0 0 3 2 3 4 -1 -1 -1 -1 -1 -1 46099 0 15 40 22 24 3 6 2 3
0 0 0 0 6 4 1 0 0 3 2 3 4 -1 -1 -1 -1 -1 -1 46499 1 15 40 22 24 3 6 2 3
0 0 0 0 1 6 1 0 0 3 2 3 5 -1 -1 -1 -1 -1 -1 46932 0 15 40 22 24 3 6 2 3
0 0 0 0 1 7 1 0 0 3 2 3 5 5 5 4 4 1 1 47332 0 15 40 22 24 3 6 2 3
0 0 0 0 1 6 1 0 0 3 2 3 5 -1 -1 -1 -1 -1 -1 47766 0 15 40 22 24 3 6 2 3
0 0 0 0 4 6 1 0 0 3 2 3 5 -1 -1 -1 -1 -1 -1 48166 1 15 40 22 24 3 6 2 3
0 0 0 0 6 1 1 0 0 3 2 3 4 -1 -1 -1 -1 -1 -1 48599 0 15 40 22 24 3 6 2 3
0 0 0 0 7 1 1 0 0 3 2 3 4 4 5 4 4 1 1 48999 0 15 40 22 24 3 8 0 3
0 0 0 0 6 1 1 0 0 3 2 3 4 -1 -1 -1 -1 -1 -1 49399 0 15 40 23 25 3 8 0 3
0 0 0 0 6 1 4 0 0 3 2 3 4 -1 -1 -1 -1 -1 -1 49799 1 15 40 23 25 3 8 0 3
0 0 0 0 6 1 1 0 0 3 2 3 4 -1 -1 -1 -1 -1 -1 50199 0 15 40 23 25 3 8 0 3
0 0 0 0 7 1 1 0 0 3 2 3 4 4 5 4 4 1 1 50599 0 15 40 23 25 3 5 2 3
0 0 0 0 1 6 1 0 0 3 2 3 5 -1 -1 -1 -1 -1 -1 50999 0 15 40 23 25 3 5 2 3
0 0 0 0 4 6 1 0 0 3 2 3 5 -1 -1 -1 -1 -1 -1 51399 1 15 40 23 25 3 5 2 3
0 0 0 0 6 1 1 0 0 3 2 3 4 -1 -1 -1 -1 -1 -1 51799 0 15 40 23 25 3 5 2 3
0 0 0 0 7 1 1 0 0 3 2 3 4 4 5 4 4 1 1 52199 0 15 40 23 25 3 4 2 3
0 0 0 0 6 1 1 0 0 3 2 3 4 -1 -1 -1 -1 -1 -1 52599 0 15 40 24 25.5 3 4 2 3
0 0 0 0 1 6 4 0 0 3 2 3 5 -1 -1 -1 -1 -1 -1 52999 1 15 40 24 25.5 3 4 2 3
0 0 0 0 1 6 1 0 0 3 2 3 5 -1 -1 -1 -1 -1 -1 53366 0 15 40 24 25.5 3 4 2 3
0 0 0 1 1 7 1 1 0 3 2 3 5 5 5 4 4 1 1 53766 0 15 40 24 25.5 3 6 2 5
0 0 0 1 1 6 1 1 0 3 2 3 5 -1 -1 -1 -1 -1 -1 54166 0 15 40 24 25.5 3 6 2 5
0 0 0 1 1 6 4 1 0 3 2 3 5 -1 -1 -1 -1 -1 -1 54566 1 15 40 24 25.5 3 6 2 5
0 0 0 1 1 6 1 1 0 3 2 3 5 -1 -1 -1 -1 -1 -1 54932 0 15 40 24 25.5 3 6 2 5
0 0 0 1 1 7 1 1 0 3 2 3 5 5 5 4 4 1 1 55332 0 15 40 24 25.5 3 4 2 5
0 0 0 1 1 6 1 1 0 3 2 4 5 -1 -1 -1 -1 -1 -1 55732 0 15 40 25 26 3 4 2 5
0 0 0 1 1 6 4 1 0 3 2 4 5 -1 -1 -1 -1 -1 -1 56099 1 15 40 25 26 3 4 2 5
0 0 0 1 1 1 1 6 0 3 2 4 7 -1 -1 -1 -1 -1 -1 56499 0 15 40 25 26 3 4 2 5
0 0 0 1 1 1 1 7 0 3 2 4 7 7 5 4 4 1 1 56866 0 15 40 25 26 3 5 2 5
0 0 0 1 1 1 6 1 0 3 2 4 6 -1 -1 -1 -1 -1 -1 57266 0 15 40 25 26 3 5 2 5
0 0 0 1 4 1 6 4 0 3 2 4 6 -1 -1 -1 -1 -1 -1 57632 2 15 40 25 26 3 5 2 5
0 0 0 1 1 1 1 6 0 3 2 4 7 -1 -1 -1 -1 -1 -1 58032 0 15 40 25 26 3 5 2 5
0 0 0 1 1 1 1 7 0 3 2 4 7 7 5 4 4 1 1 58432 0 15 40 25 26 3 6 2 5
0 0 0 1 1 1 1 6 0 3 2 4 7 -1 -1 -1 -1 -1 -1 58799 0 15 40 26 26.5 3 6 2 5
0 0 0 1 4 1 4 6 0 3 2 4 7 -1 -1 -1 -1 -1 -1 59166 2 15 40 26 26.5 3 6 2 5
0 0 0 1 1 1 1 6 0 3 2 4 7 -1 -1 -1 -1 -1 -1 59566 0 15 40 26 26.5 3 6 2 5
0 0 0 1 1 1 1 7 0 3 2 4 7 7 5 4 4 1 1 59932 0 15 40 26 26.5 3 6 2 5
0 0 0 1 1 1 1 6 0 3 2 4 7 -1 -1 -1 -1 -1 -1 60299 0 15 40 26 26.5 3 6 2 5
0 0 0 1 4 1 4 6 0 3 2 4 7 -1 -1 -1 -1 -1 -1 60666 2 15 40 26 26.5 3 6 2 5
0 0 0 1 1 6 1 1 0 3 2 4 5 -1 -1 -1 -1 -1 -1 61066 0 15 40 26 26.5 3 6 2 5
0 0 0 1 1 7 1 1 0 3 2 4 5 5 5 4 4 1 1 61432 0 15 40 26 26.5 3 8 0 5
0 0 0 1 6 1 1 1 0 3 2 4 4 -1 -1 -1 -1 -1 -1 61799 0 15 40 27 27 3 8 0 5
0 0 0 1 6 4 4 1 0 3 2 4 4 -1 -1 -1 -1 -1 -1 62166 2 15 40 27 27 3 8 0 5
0 0 0 1 6 1 1 1 0 3 2 4 4 -1 -1 -1 -1 -1 -1 62532 0 15 40 27 27 3 8 0 5
0 0 0 1 7 1 1 1 0 3 2 4 4 4 5 4 4 1 1 62932 0 15 40 27 27 3 5 2 5
0 0 0 1 6 1 1 1 0 3 2 4 4 -1 -1 -1 -1 -1 -1 63299 0 15 40 27 27 3 5 2 5
0 0 0 4 6 4 1 1 0 3 2 4 4 -1 -1 -1 -1 -1 -1 63666 2 15 40 27 27 3 5 2 5
0 0 0 1 6 1 1 1 0 3 2 4 4 -1 -1 -1 -1 -1 -1 64032 0 15 40 27 27 3 5 2 5
0 0 0 1 7 1 1 1 0 3 2 4 4 4 5 4 4 1 1 64399 0 15 40 27 27 3 4 2 5
0 0 0 1 1 6 1 1 0 3 2 4 5 -1 -1 -1 -1 -1 -1 64766 0 15 40 28 27.5 3 4 2 5
0 0 0 4 4 6 1 1 0 3 2 4 5 -1 -1 -1 -1 -1 -1 65132 2 15 40 28 27.5 3 4 2 5
0 0 0 1 6 1 1 1 0 3 2 4 4 -1 -1 -1 -1 -1 -1 65499 0 15 40 28 27.5 3 4 2 5
0 0 0 1 7 1 1 1 0 3 2 4 4 4 5 4 4 1 1 65866 0 15 40 28 27.5 3 6 2 5
0 0 0 1 1 6 1 1 0 3 2 4 5 -1 -1 -1 -1 -1 -1 66232 0 15 40 28 27.5 3 6 2 5
0 0 0 1 4 1 6 4 0 3 2 4 6 -1 -1 -1 -1 -1 -1 66565 2 15 40 28 27.5 3 6 2 5
0 0 0 1 1 1 6 1 0 3 2 4 6 -1 -1 -1 -1 -1 -1 66932 0 15 40 28 27.5 3 6 2 5
0 0 0 1 1 1 7 1 0 3 2 4 6 6 5 4 4 1 1 67299 0 15 40 28 27.5 3 4 2 5
0 0 0 1 1 6 1 1 0 3 2 4 5 -1 -1 -1 -1 -1 -1 67665 0 15 40 29 28 3 4 2 5
0 0 0 1 1 6 4 4 0 3 2 4 5 -1 -1 -1 -1 -1 -1 68032 2 15 40 29 28 3 4 2 5
0 0 0 1 1 1 1 6 0 3 2 4 7 -1 -1 -1 -1 -1 -1 68365 0 15 40 29 28 3 4 2 5
0 0 0 1 1 1 1 7 0 3 2 4 7 7 5 4 4 1 1 68732 0 15 40 29 28 3 5 2 5
0 0 0 1 1 6 1 1 0 3 2 4 5 -1 -1 -1 -1 -1 -1 69099 0 15 40 29 28 3 5 2 5
0 0 0 1 1 6 4 4 0 3 2 4 5 -1 -1 -1 -1 -1 -1 69465 2 15 40 29 28 3 5 2 5
0 0 0 1 1 1 6 1 0 3 2 4 6 -1 -1 -1 -1 -1 -1 69799 0 15 40 29 28 3 5 2 5
0 0 0 1 1 1 7 1 0 3 2 4 6 6 5 4 4 1 1 70165 0 15 40 29 28 3 6 2 5
0 0 0 1 1 1 6 1 0 3 2 4 6 -1 -1 -1 -1 -1 -1 70532 0 15 40 30 28.5 3 6 2 5
0 0 0 4 1 1 6 4 0 3 2 4 6 -1 -1 -1 -1 -1 -1 70865 2 15 40 30 28.5 3 6 2 5
0 0 0 1 1 1 6 1 0 3 2 4 6 -1 -1 -1 -1 -1 -1 71232 0 15 40 30 28.5 3 6 2 5
0 0 0 1 1 1 7 1 0 3 2 4 6 6 5 4 4 1 1 71565 0 15 40 30 28.5 3 6 2 5
0 0 0 1 1 1 6 1 0 3 2 4 6 -1 -1 -1 -1 -1 -1 71932 0 15 40 30 28.5 3 6 2 5
0 0 0 1 4 1 6 4 0 3 2 4 6 -1 -1 -1 -1 -1 -1 72265 2 15 40 30 28.5 3 6 2 5
0 0 0 1 6 1 1 1 0 3 2 4 4 -1 -1 -1 -1 -1 -1 72632 0 15 40 30 28.5 3 6 2 5
0 0 0 1 7 1 1 1 0 3 2 4 4 4 5 4 4 1 1 72965 0 15 40 30 28.5 3 8 0 5
0 0 0 1 6 1 1 1 0 3 2 4 4 -1 -1 -1 -1 -1 -1 73332 0 15 40 31 29 3 8 0 5
0 0 0 1 6 1 4 4 0 3 2 4 4 -1 -1 -1 -1 -1 -1 73665 2 15 40 31 29 3 8 0 5
0 0 0 1 1 1 6 1 0 3 2 4 6 -1 -1 -1 -1 -1 -1 73999 0 15 40 31 29 3 8 0 5
0 0 0 1 1 1 7 1 0 3 2 4 6 6 5 4 4 1 1 74365 0 15 40 31 29 3 5 2 5
0 0 0 1 1 1 6 1 0 3 2 4 6 -1 -1 -1 -1 -1 -1 74699 0 15 40 31 29 3 5 2 5
0 0 0 1 4 4 6 1 0 3 2 4 6 -1 -1 -1 -1 -1 -1 75032 2 15 40 31 29 3 5 2 5
0 0 0 1 1 6 1 1 0 3 2 4 5 -1 -1 -1 -1 -1 -1 75399 0 15 40 31 29 3 5 2 5
0 0 0 1 7 1 1 1 0 3 2 4 4 4 5 4 4 1 1 75732 0 15 40 31 29 3 4 2 5
0 0 0 1 6 1 1 1 0 3 2 4 4 -1 -1 -1 -1 -1 -1 76065 0 15 40 32 29.5 3 4 2 5
0 0 0 1 6 4 1 4 0 3 2 4 4 -1 -1 -1 -1 -1 -1 76399 2 15 40 32 29.5 3 4 2 5
0 0 0 1 1 1 6 1 0 3 2 4 6 -1 -1 -1 -1 -1 -1 76765 0 15 40 32 29.5 3 4 2 5
0 0 0 1 1 1 7 1 0 3 2 4 6 6 5 4 4 1 1 77099 0 15 40 32 29.5 3 6 2 5
0 0 0 1 1 1 6 1 0 3 2 4 6 -1 -1 -1 -1 -1 -1 77432 0 15 40 32 29.5 3 6 2 5
0 0 0 4 1 1 6 4 0 3 2 4 6 -1 -1 -1 -1 -1 -1 77765 2 15 40 32 29.5 3 6 2 5
0 0 0 1 1 1 1 6 0 3 2 4 7 -1 -1 -1 -1 -1 -1 78099 0 15 40 32 29.5 3 6 2 5
0 0 0 1 1 1 1 7 0 3 2 4 7 7 5 4 4 1 1 78432 0 15 40 32 29.5 3 4 2 5
0 0 0 1 1 6 1 1 1 4 2 2 5 -1 -1 -1 -1 -1 -1 85665 0 15 40 16 60 4 8 0 5
0 0 0 1 1 6 1 1 1 4 2 2 5 -1 -1 -1 -1 -1 -1 85832 0 15 40 16 60 4 8 0 5
0 0 0 1 1 6 1 1 1 4 2 2 5 -1 -1 -1 -1 -1 -1 85999 0 15 40 16 60 4 6 2 5
0 0 0 1 1 6 1 1 1 4 2 2 5 -1 -1 -1 -1 -1 -1 86165 0 15 40 16 50.6 4 6 2 5
0 0 0 1 1 6 1 1 1 4 2 2 5 -1 -1 -1 -1 -1 -1 86432 0 15 40 16 25.5333 4 6 2 5
0 0 0 1 1 6 1 1 1 4 2 2 5 -1 -1 -1 -1 -1 -1 87165 0 15 40 16 13 4 6 2 5
0 0 0 1 1 6 1 1 1 4 2 2 5 -1 -1 -1 -1 -1 -1 87932 0 15 40 16 13 4 6 2 5
0 0 0 1 1 6 1 1 1 4 2 2 5 -1 -1 -1 -1 -1 -1 88698 0 15 40 16 13 4 6 2 5
0 0 0 1 1 6 1 1 1 4 2 2 5 -1 -1 -1 -1 -1 -1 89465 0 15 40 16 13 4 6 2 5
0 0 0 1 1 6 1 1 1 4 2 2 5 -1 -1 -1 -1 -1 -1 90232 0 15 40 16 13 4 6 2 5
0 0 0 3 1 6 1 1 1 4 2 2 5 3 2 5 0 0 0 90998 0 15 40 16 13 4 4 2 5
0 0 0 1 1 6 1 1 1 4 2 2 5 -1 -1 -1 -1 -1 -1 91765 0 15 40 16 13 4 4 2 5
0 0 0 1 6 1 4 1 1 4 2 2 4 -1 -1 -1 -1 -1 -1 92532 1 15 40 16 13 4 4 2 5
0 0 0 1 6 1 1 1 1 4 2 2 4 -1 -1 -1 -1 -1 -1 93298 0 15 40 16 13 4 4 2 5
0 0 0 1 6 3 1 1 1 4 2 2 4 5 0 6 1 0 0 94065 0 15 40 16 13 4 6 2 5
0 0 0 1 6 1 1 1 1 4 2 2 4 -1 -1 -1 -1 -1 -1 94865 0 15 40 16 13 4 6 2 5
0 0 0 4 1 6 1 1 1 4 2 2 5 -1 -1 -1 -1 -1 -1 95632 1 15 40 16 13 4 6 2 5
0 0 0 1 1 6 1 1 1 4 2 2 5 -1 -1 -1 -1 -1 -1 96398 0 15 40 16 13 4 6 2 5
0 0 0 1 3 6 1 1 1 4 2 2 5 4 1 7 2 0 0 97165 0 15 40 16 13 4 5 2 5
0 0 0 1 1 6 1 1 1 4 2 2 5 -1 -1 -1 -1 -1 -1 97932 0 15 40 16 13 4 5 2 5
0 0 0 1 4 6 1 1 1 4 2 2 5 -1 -1 -1 -1 -1 -1 98698 1 15 40 16 13 4 5 2 5
0 0 0 1 1 6 1 1 1 4 2 2 5 -1 -1 -1 -1 -1 -1 99465 0 15 40 16 13 4 5 2 5
0 0 0 1 3 6 1 1 1 4 2 2 5 4 3 8 3 0 0 100232 0 15 40 16 13 4 4 2 5
0 0 0 1 1 1 6 1 1 4 2 2 6 -1 -1 -1 -1 -1 -1 100998 0 15 40 16 13 4 4 2 5
0 0 0 4 1 1 6 1 1 4 2 2 6 -1 -1 -1 -1 -1 -1 101698 1 15 40 16 16.25 4 4 2 5
0 0 0 1 1 1 6 1 1 4 2 2 6 -1 -1 -1 -1 -1 -1 102298 0 15 40 16 16.25 4 4 2 5
0 0 0 1 1 1 7 1 1 4 2 2 6 6 1 7 2 1 1 102932 0 15 40 16 16.0333 4 5 2 5
0 0 0 1 1 6 1 1 1 4 2 2 5 -1 -1 -1 -1 -1 -1 103632 0 15 40 16 13 4 5 2 5
0 0 0 1 1 6 1 4 1 4 2 2 5 -1 -1 -1 -1 -1 -1 104398 1 15 40 16 13 4 5 2 5
0 0 0 1 1 6 1 1 1 4 2 2 5 -1 -1 -1 -1 -1 -1 105165 0 15 40 16 13 4 5 2 5
0 0 0 1 1 6 3 1 1 4 2 2 5 6 2 5 0 0 0 105932 0 15 40 16 13 4 8 0 5
0 0 0 1 1 6 1 1 1 4 2 2 5 -1 -1 -1 -1 -1 -1 106698 0 15 40 16 13 4 8 0 5
0 0 0 1 6 1 1 1 1 4 2 2 4 -1 -1 -1 -1 -1 -1 107632 0 15 40 15 2.75 4 8 0 5
0 0 0 1 6 1 1 1 1 4 2 2 4 -1 -1 -1 -1 -1 -1 109765 0 15 40 15 7.4375 4 8 0 5
0 0 0 1 7 1 1 1 1 4 2 2 4 4 1 7 2 1 1 110931 0 15 40 15 8.72666 4 6 2 5
0 0 0 1 6 1 1 1 1 4 2 2 4 -1 -1 -1 -1 -1 -1 111865 0 15 40 16 11.83 4 6 2 5
0 0 0 1 6 1 1 4 1 4 2 2 4 -1 -1 -1 -1 -1 -1 112665 1 15 40 16 13 4 6 2 5
0 0 0 1 6 1 1 1 1 4 2 2 4 -1 -1 -1 -1 -1 -1 113431 0 15 40 16 13 4 6 2 5
0 0 0 3 6 1 1 1 1 4 2 2 4 3 3 8 3 0 0 114198 0 15 40 16 13 4 6 2 5
0 0 0 1 6 1 1 1 1 4 2 2 4 -1 -1 -1 -1 -1 -1 114831 0 15 40 16 16.25 4 6 2 5
0 0 0 1 1 6 1 4 1 4 2 2 5 -1 -1 -1 -1 -1 -1 115431 1 15 40 16 16.25 4 6 2 5
0 0 0 1 1 6 1 1 1 4 2 2 5 -1 -1 -1 -1 -1 -1 116065 0 15 40 16 14.0833 4 6 2 5
0 0 0 1 3 6 1 1 1 4 2 2 5 4 2 5 0 0 0 116831 0 15 40 16 16.25 4 4 2 5
0 0 0 1 1 6 1 1 1 4 2 2 5 -1 -1 -1 -1 -1 -1 117431 0 15 40 16 16.25 4 4 2 5
0 0 0 4 6 1 1 1 1 4 2 2 4 -1 -1 -1 -1 -1 -1 118065 1 15 40 16 16.25 4 4 2 5
0 0 0 1 6 1 1 1 1 4 2 2 4 -1 -1 -1 -1 -1 -1 118698 0 15 40 16 13.65 4 4 2 5
0 0 0 1 7 1 1 1 1 4 2 2 4 4 3 8 3 1 1 119465 0 15 40 16 13 4 6 2 5
0 0 0 1 6 1 1 1 1 4 2 2 4 -1 -1 -1 -1 -1 -1 120231 0 15 40 16 13 4 6 2 5
0 0 0 1 1 6 1 4 1 4 2 2 5 -1 -1 -1 -1 -1 -1 121031 1 15 40 16 13 4 6 2 5
0 0 0 1 1 6 1 1 1 4 2 2 5 -1 -1 -1 -1 -1 -1 121765 0 15 40 16 16.25 4 6 2 5
0 0 0 1 3 6 1 1 1 4 2 2 5 4 0 6 1 0 0 122398 0 15 40 16 16.25 4 5 2 5
0 0 0 1 1 6 1 1 1 4 2 2 5 -1 -1 -1 -1 -1 -1 122998 0 15 40 16 16.25 4 5 2 5
0 0 0 1 6 1 4 1 1 4 2 2 4 -1 -1 -1 -1 -1 -1 123665 1 15 40 16 13.4333 4 5 2 5
0 0 0 1 6 1 1 1 1 4 2 2 4 -1 -1 -1 -1 -1 -1 124331 0 15 40 16 16.25 4 5 2 5
0 0 0 1 6 3 1 1 1 4 2 2 4 5 2 5 0 0 0 124965 0 15 40 16 16.25 4 4 2 5
0 0 0 1 6 1 1 1 1 4 2 2 4 -1 -1 -1 -1 -1 -1 125565 0 15 40 16 16.25 4 4 2 5
0 0 0 1 6 4 1 1 1 4 2 2 4 -1 -1 -1 -1 -1 -1 126265 1 15 40 16 16.25 4 4 2 5
0 0 0 1 6 1 1 1 1 4 2 2 4 -1 -1 -1 -1 -1 -1 126865 0 15 40 16 16.25 4 4 2 5
0 0 0 0 6 3 1 0 1 4 2 2 4 5 3 8 3 0 0 127498 0 15 40 16 16.25 4 5 2 3
0 0 0 0 6 1 1 0 1 4 2 2 4 -1 -1 -1 -1 -1 -1 128165 0 15 40 16 13 4 5 2 3
0 0 0 0 1 6 4 0 1 4 2 2 5 -1 -1 -1 -1 -1 -1 128865 1 15 40 16 16.25 4 5 2 3
0 0 0 0 1 6 1 0 1 4 2 2 5 -1 -1 -1 -1 -1 -1 129498 0 15 40 16 16.25 4 5 2 3
0 0 0 0 3 6 1 0 1 4 2 2 5 4 1 7 2 0 0 130098 0 15 40 16 16.25 4 8 0 3
0 0 0 0 1 6 1 0 1 4 2 3 5 -1 -1 -1 -1 -1 -1 130798 0 15 40 16 13 4 8 0 3
0 0 0 0 4 6 1 0 1 4 2 3 5 -1 -1 -1 -1 -1 -1 131499 1 15 40 16 16.25 4 8 0 3
0 0 0 0 1 6 1 0 1 4 2 3 5 -1 -1 -1 -1 -1 -1 132132 0 15 40 16 16.25 4 8 0 3
0 0 0 0 3 6 1 0 1 4 2 3 5 4 2 5 0 0 0 132732 0 15 40 16 16.25 4 6 2 3
0 0 0 0 1 6 1 0 1 4 2 3 5 -1 -1 -1 -1 -1 -1 133432 0 15 40 16 13 4 6 2 3
0 0 0 0 4 1 6 0 1 4 2 3 6 -1 -1 -1 -1 -1 -1 134199 1 15 40 16 16.25 4 6 2 3
0 0 0 0 1 6 1 0 1 4 2 3 5 -1 -1 -1 -1 -1 -1 134799 0 15 40 16 16.25 4 6 2 3
0 0 0 0 6 3 1 0 1 4 2 3 4 5 3 8 3 0 0 135433 0 15 40 16 16.25 4 6 2 3
0 0 0 0 6 1 1 0 1 4 2 3 4 -1 -1 -1 -1 -1 -1 136066 0 15 40 16 13.8667 4 6 2 3
0 0 0 0 6 1 4 0 1 4 2 3 4 -1 -1 -1 -1 -1 -1 136833 1 15 40 16 13 4 6 2 3
0 0 0 0 1 6 1 0 1 4 2 3 5 -1 -1 -1 -1 -1 -1 137533 0 15 40 16 16.25 4 6 2 3
0 0 0 0 1 7 1 0 1 4 2 3 5 5 2 5 0 1 1 138167 0 15 40 16 16.25 4 4 2 3
0 0 0 0 1 6 1 0 1 4 2 3 5 -1 -1 -1 -1 -1 -1 138667 0 15 40 17 20 4 4 2 3
0 0 0 0 6 1 4 0 1 4 2 3 4 -1 -1 -1 -1 -1 -1 139200 1 15 40 17 17.0667 4 4 2 3
0 0 0 0 6 1 1 0 1 4 2 3 4 -1 -1 -1 -1 -1 -1 139734 0 15 40 17 20 4 4 2 3
0 0 0 0 6 3 1 0 1 4 2 3 4 5 0 6 1 0 0 140234 0 15 40 17 20 4 6 2 3
0 0 0 0 6 1 1 0 1 4 2 3 4 -1 -1 -1 -1 -1 -1 140734 0 15 40 17 20 4 6 2 3
0 0 0 0 6 4 1 0 1 4 2 3 4 -1 -1 -1 -1 -1 -1 141267 1 15 40 17 17.6 4 6 2 3
0 0 0 0 6 1 1 0 1 4 2 3 4 -1 -1 -1 -1 -1 -1 141767 0 15 40 17 20 4 6 2 3
0 0 0 0 7 1 1 0 1 4 2 3 4 4 2 5 0 1 1 142268 0 15 40 17 20 4 5 2 3
0 0 0 0 6 1 1 0 1 4 2 3 4 -1 -1 -1 -1 -1 -1 142768 0 15 40 17 20 4 5 2 3
0 0 0 0 1 6 4 0 1 4 2 3 5 -1 -1 -1 -1 -1 -1 143301 1 15 40 17 16.5333 4 5 2 3
0 0 0 0 1 1 6 0 1 4 2 3 6 -1 -1 -1 -1 -1 -1 143935 0 15 40 17 16 4 5 2 3
0 0 0 0 1 1 7 0 1 4 2 3 6 6 0 6 1 1 1 144468 0 15 40 17 20 4 4 2 3
0 0 0 0 1 1 6 0 1 4 2 3 6 -1 -1 -1 -1 -1 -1 144902 0 15 40 18 23.75 4 4 2 3
0 0 0 0 1 4 6 0 1 4 2 3 6 -1 -1 -1 -1 -1 -1 145302 1 15 40 18 23.75 4 4 2 3
0 0 0 0 1 1 6 0 1 4 2 3 6 -1 -1 -1 -1 -1 -1 145735 0 15 40 18 21.85 4 4 2 3
0 0 0 0 3 1 6 0 1 4 2 3 6 4 1 7 2 0 0 146235 0 15 40 18 19 4 5 2 3
0 0 0 0 1 1 6 0 1 4 2 3 6 -1 -1 -1 -1 -1 -1 146769 0 15 40 18 19 4 5 2 3
0 0 0 0 1 4 6 0 1 4 2 3 6 -1 -1 -1 -1 -1 -1 147302 1 15 40 18 19 4 5 2 3
0 0 0 0 1 1 6 0 1 4 2 3 6 -1 -1 -1 -1 -1 -1 147835 0 15 40 18 19 4 5 2 3
0 0 0 0 3 1 6 0 1 4 2 3 6 4 3 8 3 0 0 148369 0 15 40 18 19 4 8 0 3
0 0 0 0 1 1 6 0 1 4 2 3 6 -1 -1 -1 -1 -1 -1 148869 0 15 40 18 19 4 8 0 3
0 0 0 0 4 6 1 0 1 4 2 3 5 -1 -1 -1 -1 -1 -1 149402 1 15 40 18 19 4 8 0 3
0 0 0 0 1 6 1 0 1 4 2 3 5 -1 -1 -1 -1 -1 -1 149936 0 15 40 18 19 4 8 0 3
0 0 0 0 1 6 3 0 1 4 2 3 5 6 0 6 1 0 0 150469 0 15 40 18 19 4 6 2 3
0 0 0 0 1 6 1 0 1 4 2 3 5 -1 -1 -1 -1 -1 -1 150969 0 15 40 18 19 4 6 2 3
0 0 0 0 6 1 4 0 1 4 2 3 4 -1 -1 -1 -1 -1 -1 151503 1 15 40 18 19 4 6 2 3
0 0 0 0 6 1 1 0 1 4 2 3 4 -1 -1 -1 -1 -1 -1 152036 0 15 40 18 19 4 6 2 3
0 0 0 0 7 1 1 0 1 4 2 3 4 4 3 8 3 1 1 152570 0 15 40 18 19 4 6 2 3
0 0 0 0 6 1 1 0 1 4 2 3 4 -1 -1 -1 -1 -1 -1 153103 0 15 40 18 19 4 6 2 3
0 0 0 0 6 4 1 0 1 4 2 3 4 -1 -1 -1 -1 -1 -1 153603 1 15 40 18 19 4 6 2 3
0 0 0 0 6 1 1 0 1 4 2 3 4 -1 -1 -1 -1 -1 -1 154137 0 15 40 18 19 4 6 2 3
0 0 0 0 6 1 3 0 1 4 2 3 4 6 1 7 2 0 0 154670 0 15 40 18 19 4 4 2 3
0 0 0 0 6 1 1 0 1 4 2 3 4 -1 -1 -1 -1 -1 -1 155204 0 15 40 18 19 4 4 2 3
0 0 0 0 6 1 4 0 1 4 2 3 4 -1 -1 -1 -1 -1 -1 155737 1 15 40 18 19 4 4 2 3
0 0 0 0 1 6 1 0 1 4 2 3 5 -1 -1 -1 -1 -1 -1 156237 0 15 40 18 19 4 4 2 3
0 0 0 0 3 6 1 0 1 4 2 3 5 4 0 6 1 0 0 156771 0 15 40 18 19 4 6 2 3
0 0 0 0 1 6 1 0 1 4 2 3 5 -1 -1 -1 -1 -1 -1 157304 0 15 40 18 19 4 6 2 3
0 0 0 0 4 6 1 0 1 4 2 3 5 -1 -1 -1 -1 -1 -1 157838 1 15 40 18 19 4 6 2 3
0 0 0 0 1 1 6 0 1 4 2 3 6 -1 -1 -1 -1 -1 -1 158338 0 15 40 18 19 4 6 2 3
0 0 0 1 1 1 7 1 1 4 2 3 6 6 1 7 2 1 1 158871 0 15 40 18 19 4 5 2 5
0 0 0 1 1 6 1 1 1 4 2 3 5 -1 -1 -1 -1 -1 -1 159371 0 15 40 19 21 4 5 2 5
0 0 0 1 1 6 4 1 1 4 2 3 5 -1 -1 -1 -1 -1 -1 159838 1 15 40 19 21 4 5 2 5
0 0 0 1 1 6 1 1 1 4 2 3 5 -1 -1 -1 -1 -1 -1 160305 0 15 40 19 21 4 5 2 5
0 0 0 1 6 1 3 1 1 4 2 3 4 6 2 5 0 0 0 160805 0 15 40 19 21 4 4 2 5
0 0 0 1 6 1 1 1 1 4 2 4 4 -1 -1 -1 -1 -1 -1 161272 0 15 40 19 21 4 4 2 5
0 0 0 1 6 4 1 1 1 4 2 4 4 -1 -1 -1 -1 -1 -1 161738 1 15 40 19 21 4 4 2 5
0 0 0 1 6 1 1 1 1 4 2 4 4 -1 -1 -1 -1 -1 -1 162205 0 15 40 19 21 4 4 2 5
0 0 0 1 1 6 1 3 1 4 2 4 5 7 0 6 1 0 0 162705 0 15 40 19 21 4 5 2 5
0 0 0 1 1 6 1 1 1 4 2 4 5 -1 -1 -1 -1 -1 -1 163172 0 15 40 19 21 4 5 2 5
0 0 0 4 4 6 1 1 1 4 2 4 5 -1 -1 -1 -1 -1 -1 163639 2 15 40 19 21 4 5 2 5
0 0 0 1 1 6 1 1 1 4 2 4 5 -1 -1 -1 -1 -1 -1 164139 0 15 40 19 21 4 5 2 5
0 0 0 1 1 7 1 1 1 4 2 4 5 5 2 5 0 1 1 164606 0 15 40 19 21 4 8 0 5
0 0 0 1 1 6 1 1 1 4 2 4 5 -1 -1 -1 -1 -1 -1 165072 0 15 40 19 21 4 8 0 5
0 0 0 4 1 6 1 4 1 4 2 4 5 -1 -1 -1 -1 -1 -1 165539 2 15 40 19 21 4 8 0 5
0 0 0 1 1 6 1 1 1 4 2 4 5 -1 -1 -1 -1 -1 -1 166039 0 15 40 19 21 4 8 0 5
0 0 0 3 1 6 1 1 1 4 2 4 5 3 3 8 3 0 0 166506 0 15 40 19 21 4 6 2 5
0 0 0 1 1 6 1 1 1 4 2 4 5 -1 -1 -1 -1 -1 -1 166973 0 15 40 19 21 4 6 2 5
0 0 0 1 4 6 1 4 1 4 2 4 5 -1 -1 -1 -1 -1 -1 167473 2 15 40 19 21 4 6 2 5
0 0 0 1 6 1 1 1 1 4 2 4 4 -1 -1 -1 -1 -1 -1 167940 0 15 40 19 21 4 6 2 5
0 0 0 1 6 3 1 1 1 4 2 4 4 5 0 6 1 0 0 168407 0 15 40 19 21 4 6 2 5
0 0 0 1 6 1 1 1 1 4 2 4 4 -1 -1 -1 -1 -1 -1 168873 0 15 40 19 21 4 6 2 5
0 0 0 1 6 4 4 1 1 4 2 4 4 -1 -1 -1 -1 -1 -1 169373 2 15 40 19 21 4 6 2 5
0 0 0 1 1 6 1 1 1 4 2 4 5 -1 -1 -1 -1 -1 -1 169840 0 15 40 19 21 4 6 2 5
0 0 0 1 3 6 1 1 1 4 2 4 5 4 2 5 0 0 0 170307 0 15 40 19 21 4 4 2 5
0 0 0 1 1 6 1 1 1 4 2 4 5 -1 -1 -1 -1 -1 -1 170807 0 15 40 19 21 4 4 2 5
0 0 0 4 1 6 1 4 1 4 2 4 5 -1 -1 -1 -1 -1 -1 171274 2 15 40 19 21 4 4 2 5
0 0 0 1 1 6 1 1 1 4 2 4 5 -1 -1 -1 -1 -1 -1 171741 0 15 40 19 21 4 4 2 5
0 0 0 1 3 6 1 1 1 4 2 4 5 4 3 8 3 0 0 172207 0 15 40 19 21 4 6 2 5
0 0 0 1 1 6 1 1 1 4 2 4 5 -1 -1 -1 -1 -1 -1 172707 0 15 40 19 21 4 6 2 5
0 0 0 1 1 6 4 4 1 4 2 4 5 -1 -1 -1 -1 -1 -1 173174 2 15 40 19 21 4 6 2 5
0 0 0 1 1 6 1 1 1 4 2 4 5 -1 -1 -1 -1 -1 -1 173641 0 15 40 19 21 4 6 2 5
0 0 0 1 1 6 3 1 1 4 2 4 5 6 0 6 1 0 0 174141 0 15 40 19 21 4 5 2 5
0 0 0 1 1 6 1 1 1 4 2 4 5 -1 -1 -1 -1 -1 -1 174608 0 15 40 19 21 4 5 2 5
0 0 0 4 1 6 4 1 1 4 2 4 5 -1 -1 -1 -1 -1 -1 175075 2 15 40 19 21 4 5 2 5
0 0 0 1 1 6 1 1 1 4 2 4 5 -1 -1 -1 -1 -1 -1 175541 0 15 40 19 21 4 5 2 5
0 0 0 1 3 1 6 1 1 4 2 4 6 4 2 5 0 0 0 176041 0 15 40 19 21 4 4 2 5
0 0 0 1 1 1 6 1 1 4 2 4 6 -1 -1 -1 -1 -1 -1 176508 0 15 40 19 21 4 4 2 5
0 0 0 1 4 4 6 1 1 4 2 4 6 -1 -1 -1 -1 -1 -1 176975 2 15 40 19 21 4 4 2 5
0 0 0 1 6 1 1 1 1 4 2 4 4 -1 -1 -1 -1 -1 -1 177475 0 15 40 19 21 4 4 2 5
0 0 0 1 7 1 1 1 1 4 2 4 4 4 0 6 1 1 1 177942 0 15 40 19 21 4 5 2 5
0 0 0 1 6 1 1 1 1 4 2 4 4 -1 -1 -1 -1 -1 -1 178409 0 15 40 20 22 4 5 2 5
0 0 0 1 6 1 4 4 1 4 2 4 4 -1 -1 -1 -1 -1 -1 178842 2 15 40 20 22 4 5 2 5
0 0 0 1 6 1 1 1 1 4 2 4 4 -1 -1 -1 -1 -1 -1 179309 0 15 40 20 22 4 5 2 5
0 0 0 6 1 3 1 1 1 4 2 4 3 5 1 7 2 0 0 179742 0 15 40 20 22 4 8 0 5
0 0 0 6 1 1 1 1 1 4 2 4 3 -1 -1 -1 -1 -1 -1 180209 0 15 40 20 22 4 8 0 5
0 0 0 6 4 1 1 4 1 4 2 4 3 -1 -1 -1 -1 -1 -1 180676 2 15 40 20 22 4 8 0 5
0 0 0 6 1 1 1 1 1 4 2 4 3 -1 -1 -1 -1 -1 -1 181109 0 15 40 20 22 4 8 0 5
0 0 0 6 1 3 1 1 1 4 2 4 3 5 3 8 3 0 0 181576 0 15 40 20 22 4 6 2 5
0 0 0 6 1 1 1 1 1 4 2 4 3 -1 -1 -1 -1 -1 -1 182043 0 15 40 20 22 4 6 2 5
0 0 0 6 1 4 1 4 1 4 2 4 3 -1 -1 -1 -1 -1 -1 182476 2 15 40 20 22 4 6 2 5
0 0 0 1 1 6 1 1 1 4 2 4 5 -1 -1 -1 -1 -1 -1 182943 0 15 40 20 22 4 6 2 5
0 0 0 1 1 1 7 1 1 4 2 4 6 6 1 7 2 1 1 183410 0 15 40 20 22 4 6 2 5
0 0 0 1 1 1 6 1 1 4 2 4 6 -1 -1 -1 -1 -1 -1 183843 0 15 40 20 22 4 6 2 5
0 0 0 4 1 1 6 4 1 4 2 4 6 -1 -1 -1 -1 -1 -1 184310 2 15 40 20 22 4 6 2 5
0 0 0 1 1 1 6 1 1 4 2 4 6 -1 -1 -1 -1 -1 -1 184743 0 15 40 20 22 4 6 2 5
0 0 0 1 1 1 7 1 1 4 2 4 6 6 3 8 3 1 1 185210 0 15 40 20 22 4 4 2 5
0 0 0 1 1 1 6 1 1 4 2 4 6 -1 -1 -1 -1 -1 -1 185644 0 15 40 21 23 4 4 2 5
0 0 0 1 4 4 6 1 1 4 2 4 6 -1 -1 -1 -1 -1 -1 186077 2 15 40 21 23 4 4 2 5
0 0 0 1 1 1 6 1 1 4 2 4 6 -1 -1 -1 -1 -1 -1 186510 0 15 40 21 23 4 4 2 5
0 0 0 1 1 3 6 1 1 4 2 4 6 5 0 6 1 0 0 186944 0 15 40 21 23 4 6 2 5
0 0 0 1 1 1 6 1 1 4 2 4 6 -1 -1 -1 -1 -1 -1 187377 0 15 40 21 23 4 6 2 5
0 0 0 1 1 4 6 4 1 4 2 4 6 -1 -1 -1 -1 -1 -1 187811 2 15 40 21 23 4 6 2 5
0 0 0 1 1 1 6 1 1 4 2 4 6 -1 -1 -1 -1 -1 -1 188244 0 15 40 21 23 4 6 2 5
0 0 0 1 1 3 6 1 1 4 2 4 6 5 2 5 0 0 0 188678 0 15 40 21 23 4 5 2 5
0 0 0 1 1 1 6 1 1 4 2 4 6 -1 -1 -1 -1 -1 -1 189144 0 15 40 21 23 4 5 2 5
0 0 0 4 1 4 6 1 1 4 2 4 6 -1 -1 -1 -1 -1 -1 189578 2 15 40 21 23 4 5 2 5
0 0 0 1 1 1 6 1 1 4 2 4 6 -1 -1 -1 -1 -1 -1 190011 0 15 40 21 23 4 5 2 5
0 0 0 1 3 1 6 1 1 4 2 4 6 4 1 7 2 0 0 190445 0 15 40 21 23 4 4 2 5
0 0 0 1 1 1 6 1 1 4 2 4 6 -1 -1 -1 -1 -1 -1 190878 0 15 40 21 23 4 4 2 5
0 0 0 1 4 4 6 1 1 4 2 4 6 -1 -1 -1 -1 -1 -1 191311 2 15 40 21 23 4 4 2 5
0 0 0 1 1 6 1 1 1 4 2 4 5 -1 -1 -1 -1 -1 -1 191745 0 15 40 21 23 4 4 2 5
0 0 0 1 1 7 1 1 1 4 2 4 5 5 2 5 0 1 1 192178 0 15 40 21 23 4 5 2 5
0 0 0 1 1 1 6 1 1 4 2 4 6 -1 -1 -1 -1 -1 -1 192612 0 15 40 21 23 4 5 2 5
0 0 0 1 4 4 6 1 1 4 2 4 6 -1 -1 -1 -1 -1 -1 193045 2 15 40 21 23 4 5 2 5
0 0 0 1 1 6 1 1 1 4 2 4 5 -1 -1 -1 -1 -1 -1 193479 0 15 40 21 23 4 5 2 5
0 0 0 1 1 6 3 1 1 4 2 4 5 6 0 6 1 0 0 193912 0 15 40 21 23 4 8 0 5
0 0 0 1 1 6 1 1 1 4 2 4 5 -1 -1 -1 -1 -1 -1 194345 0 15 40 21 23 4 8 0 5
0 0 0 1 4 6 1 4 1 4 2 4 5 -1 -1 -1 -1 -1 -1 194779 2 15 40 21 23 4 8 0 5
0 0 0 1 1 6 1 1 1 4 2 4 5 -1 -1 -1 -1 -1 -1 195212 0 15 40 21 23 4 8 0 5
0 0 0 1 3 6 1 1 1 4 2 4 5 4 3 8 3 0 0 195646 0 15 40 21 23 4 6 2 5
0 0 0 1 6 1 1 1 1 4 2 4 4 -1 -1 -1 -1 -1 -1 196079 0 15 40 21 23 4 6 2 5
0 0 0 1 6 4 4 1 1 4 2 4 4 -1 -1 -1 -1 -1 -1 196513 2 15 40 21 23 4 6 2 5
0 0 0 1 6 1 1 1 1 4 2 4 4 -1 -1 -1 -1 -1 -1 196946 0 15 40 21 23 4 6 2 5
0 0 0 1 6 3 1 1 1 4 2 4 4 5 1 7 2 0 0 197379 0 15 40 21 23 4 6 2 5
0 0 0 1 6 1 1 1 1 4 2 4 4 -1 -1 -1 -1 -1 -1 197813 0 15 40 21 23 4 6 2 5
0 0 0 1 6 1 4 4 1 4 2 4 4 -1 -1 -1 -1 -1 -1 198246 2 15 40 21 23 4 6 2 5
0 0 0 6 1 1 1 1 1 4 2 4 3 -1 -1 -1 -1 -1 -1 198680 0 15 40 21 23 4 6 2 5
0 0 0 7 1 1 1 1 1 4 2 4 3 3 3 8 3 1 1 199113 0 15 40 21 23 4 4 2 5
0 0 0 6 1 1 1 1 1 4 2 4 3 -1 -1 -1 -1 -1 -1 199547 0 15 40 22 24 4 4 2 5
0 0 0 6 4 1 1 4 1 4 2 4 3 -1 -1 -1 -1 -1 -1 199980 2 15 40 22 24 4 4 2 5
0 0 0 1 6 1 1 1 1 4 2 4 4 -1 -1 -1 -1 -1 -1 200380 0 15 40 22 24 4 4 2 5
0 0 0 3 6 1 1 1 1 4 2 4 4 3 0 6 1 0 0 200813 0 15 40 22 24 4 6 2 5
0 0 0 1 6 1 1 1 1 4 2 4 4 -1 -1 -1 -1 -1 -1 201214 0 15 40 22 24 4 6 2 5
0 0 0 6 1 1 4 4 1 4 2 4 3 -1 -1 -1 -1 -1 -1 201647 2 15 40 22 24 4 6 2 5
0 0 0 6 1 1 1 1 1 4 2 4 3 -1 -1 -1 -1 -1 -1 202047 0 15 40 22 24 4 6 2 5
0 0 0 7 1 1 1 1 1 4 2 4 3 3 3 8 3 1 1 202480 0 15 40 22 24 4 5 2 5
0 0 0 6 1 1 1 1 1 4 2 4 3 -1 -1 -1 -1 -1 -1 202881 0 15 40 22 24 4 5 2 5
0 0 0 6 1 1 4 4 1 4 2 4 3 -1 -1 -1 -1 -1 -1 203314 2 15 40 22 24 4 5 2 5
0 0 0 6 1 1 1 1 1 4 2 4 3 -1 -1 -1 -1 -1 -1 203714 0 15 40 22 24 4 5 2 5
0 0 0 6 1 3 1 1 1 4 2 4 3 5 2 5 0 0 0 204147 0 15 40 22 24 4 4 2 5
0 0 0 6 1 1 1 1 1 4 2 4 3 -1 -1 -1 -1 -1 -1 204548 0 15 40 22 24 4 4 2 5
0 0 0 6 4 4 1 1 1 4 2 4 3 -1 -1 -1 -1 -1 -1 204981 2 15 40 22 24 4 4 2 5
0 0 0 1 6 1 1 1 1 4 2 4 4 -1 -1 -1 -1 -1 -1 205381 0 15 40 22 24 4 4 2 5
0 0 0 3 1 6 1 1 1 4 2 4 5 3 1 7 2 0 0 205815 0 15 40 22 24 4 5 2 5
0 0 0 1 6 1 1 1 1 4 2 4 4 -1 -1 -1 -1 -1 -1 206215 0 15 40 22 24 4 5 2 5
0 0 0 4 6 4 1 1 1 4 2 4 4 -1 -1 -1 -1 -1 -1 206648 2 15 40 22 24 4 5 2 5
0 0 0 1 6 1 1 1 1 4 2 4 4 -1 -1 -1 -1 -1 -1 207048 0 15 40 22 24 4 5 2 5
0 0 0 1 6 3 1 1 1 4 2 4 4 5 0 6 1 0 0 207482 0 15 40 22 24 4 8 0 5
0 0 0 1 6 1 1 1 1 4 2 4 4 -1 -1 -1 -1 -1 -1 207882 0 15 40 22 24 4 8 0 5
0 0 0 4 1 6 1 4 1 4 2 4 5 -1 -1 -1 -1 -1 -1 208315 2 15 40 22 24 4 8 0 5
0 0 0 1 1 6 1 1 1 4 2 4 5 -1 -1 -1 -1 -1 -1 208715 0 15 40 22 24 4 8 0 5
0 0 0 1 3 6 1 1 1 4 2 4 5 4 3 8 3 0 0 209115 0 15 40 22 24 4 6 2 5
0 0 0 1 1 6 1 1 1 4 2 4 5 -1 -1 -1 -1 -1 -1 209549 0 15 40 22 24 4 6 2 5
0 0 0 4 6 1 1 4 1 4 2 4 4 -1 -1 -1 -1 -1 -1 209949 2 15 40 22 24 4 6 2 5
0 0 0 1 6 1 1 1 1 4 2 4 4 -1 -1 -1 -1 -1 -1 210382 0 15 40 22 24 4 6 2 5
0 0 0 1 7 1 1 1 1 4 2 4 4 4 0 6 1 1 1 210782 0 15 40 22 24 4 6 2 5
0 0 0 1 6 1 1 1 1 4 2 4 4 -1 -1 -1 -1 -1 -1 211216 0 15 40 23 25 4 6 2 5
0 0 0 4 1 6 1 4 1 4 2 4 5 -1 -1 -1 -1 -1 -1 211616 2 15 40 23 25 4 6 2 5
0 0 0 1 1 6 1 1 1 4 2 4 5 -1 -1 -1 -1 -1 -1 212016 0 15 40 23 25 4 6 2 5
0 0 0 1 3 1 6 1 1 4 2 4 6 4 2 5 0 0 0 212416 0 15 40 23 25 4 4 2 5
0 0 0 1 1 1 6 1 1 4 2 4 6 -1 -1 -1 -1 -1 -1 212816 0 15 40 23 25 4 4 2 5
0 0 0 1 4 4 6 1 1 4 2 4 6 -1 -1 -1 -1 -1 -1 213216 2 15 40 23 25 4 4 2 5
0 0 0 1 1 1 6 1 1 4 2 4 6 -1 -1 -1 -1 -1 -1 213616 0 15 40 23 25 4 4 2 5
0 0 0 1 1 3 6 1 1 4 2 4 6 5 1 7 2 0 0 214016 0 15 40 23 25 4 6 2 5
0 0 0 1 1 1 6 1 1 4 2 4 6 -1 -1 -1 -1 -1 -1 214416 0 15 40 23 25 4 6 2 5
0 0 0 1 4 6 1 4 1 4 2 4 5 -1 -1 -1 -1 -1 -1 214816 2 15 40 23 25 4 6 2 5
0 0 0 1 1 6 1 1 1 4 2 4 5 -1 -1 -1 -1 -1 -1 215217 0 15 40 23 25 4 6 2 5
0 0 0 1 1 7 1 1 1 4 2 4 5 5 2 5 0 1 1 215617 0 15 40 23 25 4 5 2 5
0 0 0 1 1 6 1 1 1 4 2 4 5 -1 -1 -1 -1 -1 -1 216017 0 15 40 23 25 4 5 2 5
0 0 0 1 1 6 1 1 2 0 4 4 5 -1 -1 -1 -1 -1 -1 244456 0 15 16 16 60 4 8 0 5
0 0 0 1 1 6 1 1 2 0 4 4 5 -1 -1 -1 -1 -1 -1 244623 0 15 16 16 60 4 8 0 5
0 0 0 1 1 6 1 1 2 0 4 4 5 -1 -1 -1 -1 -1 -1 244790 0 15 16 16 60 4 5 2 5
0 0 0 1 1 6 1 1 2 0 4 4 5 -1 -1 -1 -1 -1 -1 244956 0 15 16 16 50.6 4 5 2 5
0 0 0 1 1 6 1 1 2 0 4 4 5 -1 -1 -1 -1 -1 -1 245223 0 15 16 16 25.5333 4 5 2 5
0 0 0 1 1 6 1 1 2 0 4 4 5 -1 -1 -1 -1 -1 -1 245956 0 15 16 16 13 4 5 2 5
0 0 0 1 1 6 1 1 2 0 4 4 5 -1 -1 -1 -1 -1 -1 246723 0 15 16 16 13 4 4 2 5
0 0 0 1 1 6 1 1 2 0 4 4 5 -1 -1 -1 -1 -1 -1 247490 0 15 16 16 13 4 4 2 5
0 0 0 1 1 6 1 1 2 0 4 4 5 -1 -1 -1 -1 -1 -1 248257 0 15 16 16 13 4 4 2 5
0 0 0 1 1 6 1 1 2 0 4 4 5 -1 -1 -1 -1 -1 -1 249024 0 15 16 16 13 4 4 2 5
0 0 0 1 1 6 3 1 2 0 4 4 5 6 1 4 2 0 0 249791 0 15 16 16 13 4 6 2 5
0 0 0 1 1 6 1 1 2 0 4 4 5 -1 -1 -1 -1 -1 -1 250557 0 15 16 16 13 4 6 2 5
0 0 0 1 4 6 4 1 2 0 4 4 5 -1 -1 -1 -1 -1 -1 251324 2 15 16 16 13 4 6 2 5
0 0 0 1 1 6 1 1 2 0 4 4 5 -1 -1 -1 -1 -1 -1 252091 0 15 16 16 13 4 6 2 5
0 0 0 1 1 3 6 1 2 0 4 4 6 5 3 4 3 0 0 252858 0 15 16 16 13 4 6 2 5
0 0 0 1 1 6 1 1 2 0 4 4 5 -1 -1 -1 -1 -1 -1 253658 0 15 16 16 13 4 6 2 5
0 0 0 1 4 6 4 1 2 0 4 4 5 -1 -1 -1 -1 -1 -1 254425 2 15 16 16 13 4 6 2 5
0 0 0 1 1 6 1 1 2 0 4 4 5 -1 -1 -1 -1 -1 -1 255192 0 15 16 16 13 4 6 2 5
0 0 0 1 1 6 3 1 2 0 4 4 5 6 0 4 1 0 0 255959 0 15 16 16 13 4 6 2 5
0 0 0 1 1 6 1 1 2 0 4 4 5 -1 -1 -1 -1 -1 -1 256725 0 15 16 16 13 4 6 2 5
0 0 0 4 4 6 1 1 2 0 4 4 5 -1 -1 -1 -1 -1 -1 257492 2 15 16 16 13 4 6 2 5
0 0 0 1 1 6 1 1 2 0 4 4 5 -1 -1 -1 -1 -1 -1 258258 0 15 16 16 13 4 6 2 5
0 0 0 1 6 1 3 1 2 0 4 4 4 6 0 4 1 0 0 259025 0 15 16 16 13 4 6 2 5
0 0 0 6 1 1 1 1 2 0 4 4 3 -1 -1 -1 -1 -1 -1 259791 0 15 16 16 13 4 6 2 5
0 0 0 6 4 4 1 1 2 0 4 4 3 -1 -1 -1 -1 -1 -1 260557 2 15 16 16 13 4 6 2 5
0 0 0 6 1 1 1 1 2 0 4 4 3 -1 -1 -1 -1 -1 -1 261324 0 15 16 16 13 4 6 2 5
0 0 0 6 1 3 1 1 2 0 4 4 3 5 2 4 0 0 0 262090 0 15 16 16 13 4 4 2 5
0 0 0 6 1 1 1 1 2 0 4 4 3 -1 -1 -1 -1 -1 -1 262857 0 15 16 16 13 4 4 2 5
0 0 0 6 1 1 4 4 2 0 4 4 3 -1 -1 -1 -1 -1 -1 263657 2 15 16 16 13 4 4 2 5
0 0 0 1 6 1 1 1 2 0 4 4 4 -1 -1 -1 -1 -1 -1 264423 0 15 16 16 13 4 4 2 5
0 0 0 1 1 6 1 3 2 0 4 4 5 7 2 4 0 0 0 265190 0 15 16 16 13 4 8 0 5
0 0 0 1 1 6 1 1 2 0 4 4 5 -1 -1 -1 -1 -1 -1 265956 0 15 16 16 13 4 8 0 5
0 0 0 4 1 6 1 4 2 0 4 4 5 -1 -1 -1 -1 -1 -1 266723 2 15 16 16 13 4 8 0 5
0 0 0 1 1 6 1 1 2 0 4 4 5 -1 -1 -1 -1 -1 -1 267489 0 15 16 16 13 4 8 0 5
0 0 0 1 1 6 1 3 2 0 4 4 5 7 3 4 3 0 0 268256 0 15 16 16 13 4 5 2 5
0 0 0 1 1 6 1 1 2 0 4 4 5 -1 -1 -1 -1 -1 -1 269022 0 15 16 16 13 4 5 2 5
0 0 0 4 4 6 1 1 2 0 4 4 5 -1 -1 -1 -1 -1 -1 269789 2 15 16 16 13 4 5 2 5
0 0 0 1 1 6 1 1 2 0 4 4 5 -1 -1 -1 -1 -1 -1 270555 0 15 16 16 13 4 5 2 5
0 0 0 1 1 8 1 1 2 0 4 4 5 5 2 4 0 0 1 271322 0 15 16 16 13 4 4 2 5
0 0 0 1 1 6 1 1 2 0 4 4 5 -1 -1 -1 -1 -1 -1 272288 0 15 16 15 10 4 4 2 5
0 0 0 1 4 6 4 1 2 0 4 4 5 -1 -1 -1 -1 -1 -1 273288 2 15 16 15 10 4 4 2 5
0 0 0 1 1 6 1 1 2 0 4 4 5 -1 -1 -1 -1 -1 -1 274287 0 15 16 15 10 4 4 2 5
0 0 0 1 3 1 6 1 2 0 4 4 6 4 1 4 2 0 0 275287 0 15 16 15 10 4 6 2 5
0 0 0 1 1 6 1 1 2 0 4 4 5 -1 -1 -1 -1 -1 -1 276287 0 15 16 15 10 4 6 2 5
0 0 0 4 6 4 1 1 2 0 4 4 4 -1 -1 -1 -1 -1 -1 277287 2 15 16 15 10 4 6 2 5
0 0 0 6 1 1 1 1 2 0 4 4 3 -1 -1 -1 -1 -1 -1 278286 0 15 16 15 10 4 6 2 5
0 0 0 7 1 1 1 1 2 0 4 4 3 3 2 4 0 1 1 279286 0 15 16 15 10 4 6 2 5
0 0 0 6 1 1 1 1 2 0 4 4 3 -1 -1 -1 -1 -1 -1 280286 0 15 16 15 10 4 6 2 5
0 0 0 6 4 4 1 1 2 0 4 4 3 -1 -1 -1 -1 -1 -1 281286 2 15 16 15 10 4 6 2 5
0 0 0 1 1 6 1 1 2 0 4 4 5 -1 -1 -1 -1 -1 -1 282285 0 15 16 15 10 4 6 2 5
0 0 0 1 1 7 1 1 2 0 4 4 5 5 3 4 3 1 1 283285 0 15 16 15 10 4 6 2 5
0 0 0 1 1 1 6 1 2 0 4 4 6 -1 -1 -1 -1 -1 -1 284085 0 15 16 16 13 4 6 2 5
0 0 0 4 1 4 6 1 2 0 4 4 6 -1 -1 -1 -1 -1 -1 284852 2 15 16 16 13 4 6 2 5
0 0 0 1 1 1 1 6 2 0 4 4 7 -1 -1 -1 -1 -1 -1 285618 0 15 16 16 13 4 6 2 5
0 0 0 1 1 1 1 8 2 0 4 4 7 7 1 4 2 0 1 286384 0 15 16 16 13 4 6 2 5
0 0 0 1 1 1 6 1 2 0 4 4 6 -1 -1 -1 -1 -1 -1 287384 0 15 16 15 10 4 6 2 5
0 0 0 1 1 4 6 4 2 0 4 4 6 -1 -1 -1 -1 -1 -1 288384 2 15 16 15 10 4 6 2 5
0 0 0 1 1 1 1 6 2 0 4 4 7 -1 -1 -1 -1 -1 -1 289384 0 15 16 15 10 4 6 2 5
0 0 0 1 1 1 1 7 2 0 4 4 7 7 1 4 2 1 1 290384 0 15 16 15 10 4 4 2 5
0 0 0 1 1 1 1 6 2 0 4 4 7 -1 -1 -1 -1 -1 -1 291383 0 15 16 15 10 4 4 2 5
0 0 0 1 4 4 1 6 2 0 4 4 7 -1 -1 -1 -1 -1 -1 292383 2 15 16 15 10 4 4 2 5
0 0 0 1 1 1 6 1 2 0 4 4 6 -1 -1 -1 -1 -1 -1 293383 0 15 16 15 10 4 4 2 5
0 0 0 1 1 1 7 1 2 0 4 4 6 6 2 4 0 1 1 294349 0 15 16 15 10 4 8 0 5
0 0 0 1 1 1 1 6 2 0 4 4 7 -1 -1 -1 -1 -1 -1 295149 0 15 16 16 13 4 8 0 5
0 0 0 4 1 1 4 6 2 0 4 4 7 -1 -1 -1 -1 -1 -1 295949 2 15 16 16 13 4 8 0 5
0 0 0 1 1 1 1 6 2 0 4 4 7 -1 -1 -1 -1 -1 -1 296715 0 15 16 16 13 4 8 0 5
0 0 0 1 1 1 1 8 2 0 4 4 7 7 0 4 1 0 1 297482 0 15 16 16 13 4 5 2 5
0 0 0 1 1 6 1 1 2 0 4 4 5 -1 -1 -1 -1 -1 -1 298448 0 15 16 15 10 4 5 2 5
0 0 0 1 4 1 6 4 2 0 4 4 6 -1 -1 -1 -1 -1 -1 299448 2 15 16 15 10 4 5 2 5
0 0 0 1 1 1 6 1 2 0 4 4 6 -1 -1 -1 -1 -1 -1 300448 0 15 16 15 10 4 5 2 5
0 0 0 1 1 3 6 1 2 0 4 4 6 5 2 4 0 0 0 301447 0 15 16 15 10 4 4 2 5
0 0 0 1 1 1 6 1 2 0 4 4 6 -1 -1 -1 -1 -1 -1 302447 0 15 16 15 10 4 4 2 5
0 0 0 1 4 6 1 4 2 0 4 4 5 -1 -1 -1 -1 -1 -1 303447 2 15 16 15 10 4 4 2 5
0 0 0 1 1 6 1 1 2 0 4 4 5 -1 -1 -1 -1 -1 -1 304413 0 15 16 15 12.5 4 4 2 5
0 0 0 1 1 7 1 1 2 0 4 4 5 5 1 4 2 1 1 305213 0 15 16 15 12.5 4 6 2 5
0 0 0 1 1 6 1 1 2 0 4 4 5 -1 -1 -1 -1 -1 -1 306013 0 15 16 15 11.8333 4 6 2 5
0 0 0 1 4 6 1 4 2 0 4 4 5 -1 -1 -1 -1 -1 -1 306979 2 15 16 15 10 4 6 2 5
0 0 0 1 1 6 1 1 2 0 4 4 5 -1 -1 -1 -1 -1 -1 307979 0 15 16 15 10 4 6 2 5
0 0 0 1 6 1 3 1 2 0 4 4 4 6 1 4 2 0 0 308979 0 15 16 15 10 4 6 2 5
0 0 0 1 6 1 1 1 2 0 4 4 4 -1 -1 -1 -1 -1 -1 309812 0 15 16 15 12.5 4 6 2 5
0 0 0 1 6 4 4 1 2 0 4 4 4 -1 -1 -1 -1 -1 -1 310612 2 15 16 15 12.5 4 6 2 5
0 0 0 1 1 1 6 1 2 0 4 4 6 -1 -1 -1 -1 -1 -1 311545 0 15 16 15 10 4 6 2 5
0 0 0 1 1 1 8 2 2 0 4 4 6 7 0 4 1 1 0 312545 0 15 16 15 10 4 6 2 5
0 0 0 1 1 1 6 1 2 0 4 4 6 -1 -1 -1 -1 -1 -1 313445 0 15 16 15 12.5 4 6 2 5
0 0 0 1 4 4 6 1 2 0 4 4 6 -1 -1 -1 -1 -1 -1 314244 2 15 16 15 12.5 4 6 2 5
0 0 0 1 1 1 6 1 2 0 4 4 6 -1 -1 -1 -1 -1 -1 315111 0 15 16 15 10 4 6 2 5
0 0 0 1 1 1 6 1 2 0 4 4 6 6 3 4 3 0 0 316111 0 15 16 15 10 4 6 2 5
0 0 0 1 1 6 1 1 2 0 4 4 5 -1 -1 -1 -1 -1 -1 317110 0 15 16 15 10 4 6 2 5
0 0 0 1 4 6 1 4 2 0 4 4 5 -1 -1 -1 -1 -1 -1 318110 2 15 16 15 10 4 6 2 5
0 0 0 1 1 1 6 1 2 0 4 4 6 -1 -1 -1 -1 -1 -1 318910 0 15 16 15 12.5 4 6 2 5
0 0 0 1 1 1 1 7 2 0 4 4 7 7 1 4 2 1 1 319710 0 15 16 15 12.5 4 4 2 5
0 0 0 1 1 1 6 1 2 0 4 4 6 -1 -1 -1 -1 -1 -1 320643 0 15 16 15 10 4 4 2 5
0 0 0 4 4 1 6 1 2 0 4 4 6 -1 -1 -1 -1 -1 -1 321643 2 15 16 15 10 4 4 2 5
0 0 0 1 1 1 6 1 2 0 4 4 6 -1 -1 -1 -1 -1 -1 322642 0 15 16 15 10 4 4 2 5
0 0 0 1 1 1 1 8 2 0 4 4 7 7 0 4 1 0 1 323642 0 15 16 15 10 4 8 0 5
0 0 0 1 1 1 6 1 2 0 4 4 6 -1 -1 -1 -1 -1 -1 324642 0 15 16 15 10 4 8 0 5
0 0 0 4 1 4 6 1 2 0 4 4 6 -1 -1 -1 -1 -1 -1 325642 2 15 16 15 10 4 8 0 5
0 0 0 1 1 6 1 1 2 0 4 4 5 -1 -1 -1 -1 -1 -1 326641 0 15 16 15 10 4 8 0 5
0 0 0 1 1 8 1 1 2 0 4 4 5 5 2 4 0 0 1 327641 0 15 16 15 10 4 5 2 5
0 0 0 1 1 1 6 1 2 0 4 4 6 -1 -1 -1 -1 -1 -1 328641 0 15 16 15 10 4 5 2 5
0 0 0 4 1 4 6 1 2 0 4 4 6 -1 -1 -1 -1 -1 -1 329641 2 15 16 15 10 4 5 2 5
0 0 0 1 1 6 1 1 2 0 4 4 5 -1 -1 -1 -1 -1 -1 330640 0 15 16 15 10 4 5 2 5
0 0 0 1 8 1 1 1 2 0 4 4 4 4 1 4 2 0 1 331640 0 15 16 15 10 4 4 2 5
0 0 0 1 1 6 1 1 2 0 4 4 5 -1 -1 -1 -1 -1 -1 332640 0 15 16 15 10 4 4 2 5
0 0 0 4 1 6 4 1 2 0 4 4 5 -1 -1 -1 -1 -1 -1 333640 2 15 16 15 10 4 4 2 5
0 0 0 1 6 1 1 1 2 0 4 4 4 -1 -1 -1 -1 -1 -1 334639 0 15 16 15 10 4 4 2 5
0 0 0 1 3 8 1 1 2 0 4 4 5 4 0 4 1 0 1 335639 0 15 16 15 10 4 6 2 5
0 0 0 1 6 1 1 1 2 0 4 4 4 -1 -1 -1 -1 -1 -1 336639 0 15 16 15 10 4 6 2 5
0 0 0 1 6 1 4 4 2 0 4 4 4 -1 -1 -1 -1 -1 -1 337639 2 15 16 15 10 4 6 2 5
0 0 0 1 6 1 1 1 2 0 4 4 4 -1 -1 -1 -1 -1 -1 338638 0 15 16 15 10 4 6 2 5
0 0 0 1 8 1 1 1 2 0 4 4 4 4 2 4 0 0 1 339638 0 15 16 15 10 4 6 2 5
0 0 0 6 1 1 1 1 2 0 4 4 3 -1 -1 -1 -1 -1 -1 340638 0 15 16 15 10 4 6 2 5
0 0 0 6 1 4 1 4 2 0 4 4 3 -1 -1 -1 -1 -1 -1 341638 2 15 16 15 10 4 6 2 5
0 0 0 6 1 1 1 1 2 0 4 4 3 -1 -1 -1 -1 -1 -1 342571 0 15 16 15 12.5 4 6 2 5
0 0 0 8 1 1 1 1 2 0 4 4 3 3 3 4 3 0 1 343371 0 15 16 15 12.5 4 6 2 5
0 0 0 6 1 1 1 1 2 0 4 4 3 -1 -1 -1 -1 -1 -1 344204 0 15 16 15 10.5 4 6 2 5
0 0 0 6 4 1 4 1 2 0 4 4 3 -1 -1 -1 -1 -1 -1 345137 2 15 16 15 12.5 4 6 2 5
0 0 0 6 1 1 1 1 2 0 4 4 3 -1 -1 -1 -1 -1 -1 345937 0 15 16 15 12.5 4 6 2 5
0 0 0 8 1 1 1 1 2 0 4 4 3 3 0 4 1 0 1 346770 0 15 16 15 10.8333 4 6 2 5
0 0 0 1 6 1 1 1 2 0 4 4 4 -1 -1 -1 -1 -1 -1 347770 0 15 16 15 10 4 6 2 5
0 0 0 4 6 4 1 1 2 0 4 4 4 -1 -1 -1 -1 -1 -1 348769 2 15 16 15 10 4 6 2 5
0 0 0 6 1 1 1 1 2 0 4 4 3 -1 -1 -1 -1 -1 -1 349702 0 15 16 15 12.5 4 6 2 5
0 0 0 7 1 1 1 1 2 0 4 4 3 3 0 4 1 1 1 350502 0 15 16 15 12.5 4 4 2 5
0 0 0 1 6 1 1 1 2 0 4 4 4 -1 -1 -1 -1 -1 -1 351335 0 15 16 15 11 4 4 2 5
0 0 0 4 6 1 1 4 2 0 4 4 4 -1 -1 -1 -1 -1 -1 352335 2 15 16 15 10 4 4 2 5
0 0 0 1 1 6 1 1 2 0 4 4 5 -1 -1 -1 -1 -1 -1 353235 0 15 16 15 12.5 4 4 2 5
0 0 0 1 3 6 1 1 2 0 4 4 5 4 3 4 3 0 0 354035 0 15 16 15 12.5 4 8 0 5
0 0 0 1 1 6 1 1 2 0 4 4 5 -1 -1 -1 -1 -1 -1 354868 0 15 16 15 10.3333 4 8 0 5
0 0 0 1 4 6 1 4 2 0 4 4 5 -1 -1 -1 -1 -1 -1 355768 2 15 16 15 12.5 4 8 0 5
0 0 0 1 1 6 1 1 2 0 4 4 5 -1 -1 -1 -1 -1 -1 356567 0 15 16 15 12.5 4 8 0 5
0 0 0 1 1 7 1 1 2 0 4 4 5 5 3 4 3 1 1 357434 0 15 16 15 10 4 5 2 5
0 0 0 1 1 6 1 1 2 0 4 4 5 -1 -1 -1 -1 -1 -1 358234 0 15 16 16 13 4 5 2 5
0 0 0 4 1 6 4 1 2 0 4 4 5 -1 -1 -1 -1 -1 -1 359000 2 15 16 16 13 4 5 2 5
0 0 0 1 1 1 6 1 2 0 4 4 6 -1 -1 -1 -1 -1 -1 359767 0 15 16 16 13 4 5 2 5
0 0 0 1 6 1 3 1 2 0 4 4 4 6 1 4 2 0 0 360533 0 15 16 16 13 4 4 2 5
0 0 0 1 6 1 1 1 2 0 4 4 4 -1 -1 -1 -1 -1 -1 361300 0 15 16 16 13 4 4 2 5
0 0 0 4 6 4 1 1 2 0 4 4 4 -1 -1 -1 -1 -1 -1 361933 2 15 16 16 16.25 4 4 2 5
0 0 0 1 1 6 1 1 2 0 4 4 5 -1 -1 -1 -1 -1 -1 362566 0 15 16 16 16.25 4 4 2 5
0 0 0 1 1 8 2 1 2 0 4 4 5 6 0 4 1 1 0 363199 0 15 16 16 14.5167 4 6 2 5
0 0 0 1 1 6 1 1 2 0 4 4 5 -1 -1 -1 -1 -1 -1 364132 0 15 16 15 10 4 6 2 5
0 0 0 1 1 6 1 1 3 0 4 4 5 -1 -1 -1 -1 -1 -1 447312 0 15 16 15 60 4 8 0 5
0 0 0 1 1 6 1 1 3 0 4 4 5 -1 -1 -1 -1 -1 -1 447478 0 15 16 15 60 4 8 0 5
0 0 0 1 1 6 1 1 3 0 4 4 5 -1 -1 -1 -1 -1 -1 447645 0 15 16 15 60 4 6 2 5
0 0 0 1 1 6 1 1 3 0 4 4 5 -1 -1 -1 -1 -1 -1 447812 0 15 16 15 50 4 6 2 5
0 0 0 1 1 6 1 1 3 0 4 4 5 -1 -1 -1 -1 -1 -1 448112 0 15 16 15 20 4 6 2 5
0 0 0 1 1 6 1 1 3 0 4 4 5 -1 -1 -1 -1 -1 -1 449045 0 15 16 15 10 4 6 2 5
0 0 0 1 1 6 1 1 3 0 4 4 5 -1 -1 -1 -1 -1 -1 450045 0 15 16 15 10 4 5 2 5
0 0 0 1 1 6 1 1 3 0 4 4 5 -1 -1 -1 -1 -1 -1 451044 0 15 16 15 10 4 5 2 5
0 0 0 1 1 6 1 1 3 0 4 4 5 -1 -1 -1 -1 -1 -1 452044 0 15 16 15 10 4 5 2 5
0 0 0 1 1 6 1 1 3 0 4 4 5 -1 -1 -1 -1 -1 -1 453044 0 15 16 15 10 4 5 2 5
0 0 0 1 3 6 1 1 3 0 4 4 5 4 1 4 2 0 0 454044 0 15 16 15 10 4 4 2 5
0 0 0 1 1 6 1 1 3 0 4 4 5 -1 -1 -1 -1 -1 -1 455043 0 15 16 15 10 4 4 2 5
0 0 0 1 4 6 1 4 3 0 4 4 5 -1 -1 -1 -1 -1 -1 456043 2 15 16 15 10 4 4 2 5
0 0 0 1 1 1 6 1 3 0 4 4 6 -1 -1 -1 -1 -1 -1 457043 0 15 16 15 10 4 4 2 5
0 0 0 1 1 3 6 1 3 0 4 4 6 5 2 4 0 0 0 458043 0 15 16 15 10 4 5 2 5
0 0 0 1 1 1 6 1 3 0 4 4 6 -1 -1 -1 -1 -1 -1 459042 0 15 16 15 10 4 5 2 5
0 0 0 1 4 4 6 1 3 0 4 4 6 -1 -1 -1 -1 -1 -1 460042 2 15 16 15 10 4 5 2 5
0 0 0 1 1 1 6 1 3 0 4 4 6 -1 -1 -1 -1 -1 -1 461042 0 15 16 15 10 4 5 2 5
0 0 0 1 3 6 1 1 3 0 4 4 5 4 0 4 1 0 0 462042 0 15 16 15 10 4 6 2 5
0 0 0 1 1 6 1 1 3 0 4 4 5 -1 -1 -1 -1 -1 -1 463041 0 15 16 15 10 4 6 2 5
0 0 0 1 6 1 4 4 3 0 4 4 4 -1 -1 -1 -1 -1 -1 464041 2 15 16 15 10 4 6 2 5
0 0 0 1 6 1 1 1 3 0 4 4 4 -1 -1 -1 -1 -1 -1 465041 0 15 16 15 10 4 6 2 5
0 0 0 1 8 1 1 1 3 0 4 4 4 4 1 4 2 0 1 466041 0 15 16 15 10 4 5 2 5
0 0 0 1 6 1 1 1 3 0 4 4 4 -1 -1 -1 -1 -1 -1 467040 0 15 16 15 10 4 5 2 5
0 0 0 1 6 4 4 1 3 0 4 4 4 -1 -1 -1 -1 -1 -1 468040 2 15 16 15 10 4 5 2 5
0 0 0 1 6 1 1 1 3 0 4 4 4 -1 -1 -1 -1 -1 -1 469040 0 15 16 15 10 4 5 2 5
0 0 0 1 6 3 1 1 3 0 4 4 4 5 3 4 3 0 0 470040 0 15 16 15 10 4 6 2 5
0 0 0 6 1 1 1 1 3 0 4 4 3 -1 -1 -1 -1 -1 -1 471039 0 15 16 15 10 4 6 2 5
0 0 0 6 4 4 1 1 3 0 4 4 3 -1 -1 -1 -1 -1 -1 472039 2 15 16 15 10 4 6 2 5
0 0 0 6 1 1 1 1 3 0 4 4 3 -1 -1 -1 -1 -1 -1 473039 0 15 16 15 10 4 6 2 5
0 0 0 6 3 1 1 1 3 0 4 4 3 4 0 4 1 0 0 474039 0 15 16 15 10 4 8 0 5
0 0 0 1 6 1 1 1 3 0 4 4 4 -1 -1 -1 -1 -1 -1 475038 0 15 16 15 10 4 8 0 5
0 0 0 4 6 4 1 1 3 0 4 4 4 -1 -1 -1 -1 -1 -1 476038 2 15 16 15 10 4 8 0 5
0 0 0 1 6 1 1 1 3 0 4 4 4 -1 -1 -1 -1 -1 -1 477038 0 15 16 15 10 4 8 0 5
0 0 0 2 8 1 1 1 3 0 4 4 4 3 0 4 1 1 0 478038 0 15 16 15 10 4 6 2 5
0 0 0 1 1 6 1 1 3 0 4 4 5 -1 -1 -1 -1 -1 -1 479037 0 15 16 15 10 4 6 2 5
0 0 0 1 4 6 1 4 3 0 4 4 5 -1 -1 -1 -1 -1 -1 480037 2 15 16 15 10 4 6 2 5
0 0 0 1 1 6 1 1 3 0 4 4 5 -1 -1 -1 -1 -1 -1 481037 0 15 16 15 10 4 6 2 5
0 0 0 1 1 7 1 1 3 0 4 4 5 5 1 4 2 1 1 483070 0 15 16 15 10 4 5 2 5
0 0 0 1 6 1 1 1 3 0 4 4 4 -1 -1 -1 -1 -1 -1 484070 0 15 16 15 10 4 5 2 5
0 0 0 1 1 6 4 4 3 0 4 4 5 -1 -1 -1 -1 -1 -1 485069 2 15 16 15 10 4 5 2 5
0 0 0 1 1 6 1 1 3 0 4 4 5 -1 -1 -1 -1 -1 -1 486069 0 15 16 15 10 4 5 2 5
0 0 0 1 1 1 8 1 3 0 4 4 6 6 0 4 1 0 1 487069 0 15 16 15 10 4 4 2 5
0 0 0 1 1 1 6 1 3 0 4 4 6 -1 -1 -1 -1 -1 -1 488069 0 15 16 15 10 4 4 2 5
0 0 0 4 1 4 6 1 3 0 4 4 6 -1 -1 -1 -1 -1 -1 489068 2 15 16 15 10 4 4 2 5
0 0 0 1 1 6 1 1 3 0 4 4 5 -1 -1 -1 -1 -1 -1 490068 0 15 16 15 10 4 4 2 5
0 0 0 1 1 1 8 1 3 0 4 4 6 6 1 4 2 0 1 491068 0 15 16 15 10 4 5 2 5
0 0 0 1 1 1 6 1 3 0 4 4 6 -1 -1 -1 -1 -1 -1 492068 0 15 16 15 10 4 5 2 5
0 0 0 1 1 4 6 4 3 0 4 4 6 -1 -1 -1 -1 -1 -1 493067 2 15 16 15 10 4 5 2 5
0 0 0 1 1 1 6 1 3 0 4 4 6 -1 -1 -1 -1 -1 -1 494067 0 15 16 15 10 4 5 2 5
0 0 0 1 1 1 6 3 3 0 4 4 6 7 2 4 0 0 0 495067 0 15 16 15 10 4 6 2 5
0 0 0 1 1 1 6 1 3 0 4 4 6 -1 -1 -1 -1 -1 -1 496067 0 15 16 15 10 4 6 2 5
0 0 0 4 1 1 6 4 3 0 4 4 6 -1 -1 -1 -1 -1 -1 497066 2 15 16 15 10 4 6 2 5
0 0 0 1 1 6 1 1 3 0 4 4 5 -1 -1 -1 -1 -1 -1 498066 0 15 16 15 10 4 6 2 5
0 0 0 1 1 6 3 1 3 0 4 4 5 6 0 4 1 0 0 499066 0 15 16 15 10 4 5 2 5
0 0 0 1 1 6 1 1 3 0 4 4 5 -1 -1 -1 -1 -1 -1 500066 0 15 16 15 10 4 5 2 5
0 0 0 4 1 6 4 1 3 0 4 4 5 -1 -1 -1 -1 -1 -1 501065 2 15 16 15 10 4 5 2 5
0 0 0 1 1 6 1 1 3 0 4 4 5 -1 -1 -1 -1 -1 -1 502065 0 15 16 15 10 4 5 2 5
0 0 0 1 1 6 1 3 3 0 4 4 5 7 2 4 0 0 0 503065 0 15 16 15 10 4 6 2 5
0 0 0 1 1 6 1 1 3 0 4 4 5 -1 -1 -1 -1 -1 -1 504065 0 15 16 15 10 4 6 2 5
0 0 0 4 1 6 1 4 3 0 4 4 5 -1 -1 -1 -1 -1 -1 505064 2 15 16 15 10 4 6 2 5
0 0 0 1 1 6 1 1 3 0 4 4 5 -1 -1 -1 -1 -1 -1 506064 0 15 16 15 10 4 6 2 5
0 0 0 1 1 8 1 2 3 0 4 4 5 7 1 4 2 1 0 507064 0 15 16 15 10 4 8 0 5
0 0 0 1 1 6 1 1 3 0 4 4 5 -1 -1 -1 -1 -1 -1 508064 0 15 16 15 10 4 8 0 5
0 0 0 4 4 6 1 1 3 0 4 4 5 -1 -1 -1 -1 -1 -1 509063 2 15 16 15 10 4 8 0 5
0 0 0 1 1 1 6 1 3 0 4 4 6 -1 -1 -1 -1 -1 -1 510063 0 15 16 15 10 4 8 0 5
0 0 0 1 1 1 8 3 3 0 4 4 6 7 3 4 3 0 1 511063 0 15 16 15 10 4 6 2 5
0 0 0 1 1 1 6 1 3 0 4 4 6 -1 -1 -1 -1 -1 -1 512063 0 15 16 15 10 4 6 2 5
0 0 0 1 4 4 6 1 3 0 4 4 6 -1 -1 -1 -1 -1 -1 513063 2 15 16 15 10 4 6 2 5
0 0 0 1 1 1 6 1 3 0 4 4 6 -1 -1 -1 -1 -1 -1 514062 0 15 16 15 10 4 6 2 5
0 0 0 1 1 1 7 1 3 0 4 4 6 6 0 4 1 1 1 515062 0 15 16 15 10 4 5 2 5
0 0 0 1 1 1 6 1 3 0 4 4 6 -1 -1 -1 -1 -1 -1 516062 0 15 16 15 10 4 5 2 5
0 0 0 1 4 1 6 4 3 0 4 4 6 -1 -1 -1 -1 -1 -1 517062 2 15 16 15 10 4 5 2 5
0 0 0 1 1 1 6 1 3 0 4 4 6 -1 -1 -1 -1 -1 -1 518061 0 15 16 15 10 4 5 2 5
0 0 0 1 1 1 7 1 3 0 4 4 6 6 2 4 0 1 1 519061 0 15 16 15 10 4 4 2 5
0 0 0 1 1 1 6 1 3 0 4 4 6 -1 -1 -1 -1 -1 -1 519861 0 15 16 16 13 4 4 2 5
0 0 0 1 4 4 6 1 3 0 4 4 6 -1 -1 -1 -1 -1 -1 520627 2 15 16 16 13 4 4 2 5
0 0 0 1 1 1 6 1 3 0 4 4 6 -1 -1 -1 -1 -1 -1 521394 0 15 16 16 13 4 4 2 5
0 0 0 1 1 6 3 1 3 0 4 4 5 6 3 4 3 0 0 522160 0 15 16 16 13 4 5 2 5
0 0 0 1 1 6 1 1 3 0 4 4 5 -1 -1 -1 -1 -1 -1 522927 0 15 16 16 13 4 5 2 5
0 0 0 1 1 6 4 4 3 0 4 4 5 -1 -1 -1 -1 -1 -1 523727 2 15 16 16 13 4 5 2 5
0 0 0 1 1 6 1 1 3 0 4 4 5 -1 -1 -1 -1 -1 -1 524493 0 15 16 16 13 4 5 2 5
0 0 0 1 6 3 1 1 3 0 4 4 4 5 0 4 1 0 0 525260 0 15 16 16 13 4 6 2 5
0 0 0 1 6 1 1 1 3 0 4 4 4 -1 -1 -1 -1 -1 -1 526026 0 15 16 16 13 4 6 2 5
0 0 0 1 6 4 4 1 3 0 4 4 4 -1 -1 -1 -1 -1 -1 526793 2 15 16 16 13 4 6 2 5
0 0 0 1 6 1 1 1 3 0 4 4 4 -1 -1 -1 -1 -1 -1 527559 0 15 16 16 13 4 6 2 5
0 0 0 1 1 6 3 1 3 0 4 4 5 6 2 4 0 0 0 528325 0 15 16 16 13 4 5 2 5
0 0 0 1 1 6 1 1 3 0 4 4 5 -1 -1 -1 -1 -1 -1 529092 0 15 16 16 13 4 5 2 5
0 0 0 1 4 6 1 4 3 0 4 4 5 -1 -1 -1 -1 -1 -1 529858 2 15 16 16 13 4 5 2 5
0 0 0 1 1 6 1 1 3 0 4 4 5 -1 -1 -1 -1 -1 -1 530625 0 15 16 16 13 4 5 2 5
0 0 0 1 1 8 1 1 3 0 4 4 5 5 3 4 3 0 1 531391 0 15 16 16 13 4 6 2 5
0 0 0 1 1 6 1 1 3 0 4 4 5 -1 -1 -1 -1 -1 -1 532358 0 15 16 15 10 4 6 2 5
0 0 0 4 4 6 1 1 3 0 4 4 5 -1 -1 -1 -1 -1 -1 533358 2 15 16 15 10 4 6 2 5
0 0 0 1 1 6 1 1 3 0 4 4 5 -1 -1 -1 -1 -1 -1 534357 0 15 16 15 10 4 6 2 5
0 0 0 1 6 3 1 1 3 0 4 4 4 5 0 4 1 0 0 535357 0 15 16 15 10 4 8 0 5
0 0 0 1 6 1 1 1 3 0 4 4 4 -1 -1 -1 -1 -1 -1 536357 0 15 16 15 10 4 8 0 5
0 0 0 4 6 1 1 4 3 0 4 4 4 -1 -1 -1 -1 -1 -1 537357 2 15 16 15 10 4 8 0 5
0 0 0 6 1 1 1 1 3 0 4 4 3 -1 -1 -1 -1 -1 -1 538356 0 15 16 15 10 4 8 0 5
0 0 0 7 1 1 1 1 3 0 4 4 3 3 0 4 1 1 1 539356 0 15 16 15 10 4 6 2 5
0 0 0 6 1 1 1 1 3 0 4 4 3 -1 -1 -1 -1 -1 -1 540356 0 15 16 15 10 4 6 2 5
0 0 0 6 1 4 1 4 3 0 4 4 3 -1 -1 -1 -1 -1 -1 541356 2 15 16 15 10 4 6 2 5
0 0 0 6 1 1 1 1 3 0 4 4 3 -1 -1 -1 -1 -1 -1 542355 0 15 16 15 10 4 6 2 5
0 0 0 6 3 1 1 1 3 0 4 4 3 4 1 4 2 0 0 543355 0 15 16 15 10 4 5 2 5
0 0 0 1 6 1 1 1 3 0 4 4 4 -1 -1 -1 -1 -1 -1 544355 0 15 16 15 10 4 5 2 5
0 0 0 4 1 6 1 4 3 0 4 4 5 -1 -1 -1 -1 -1 -1 545355 2 15 16 15 10 4 5 2 5
0 0 0 1 1 6 1 1 3 0 4 4 5 -1 -1 -1 -1 -1 -1 546354 0 15 16 15 10 4 5 2 5
0 0 0 1 2 8 1 1 3 0 4 4 5 4 3 4 3 1 0 547354 0 15 16 15 10 4 4 2 5
0 0 0 1 1 6 1 1 3 0 4 4 5 -1 -1 -1 -1 -1 -1 548354 0 15 16 15 10 4 4 2 5
0 0 0 1 4 6 1 4 3 0 4 4 5 -1 -1 -1 -1 -1 -1 549354 2 15 16 15 10 4 4 2 5
0 0 0 1 1 6 1 1 3 0 4 4 5 -1 -1 -1 -1 -1 -1 550353 0 15 16 15 10 4 4 2 5
0 0 0 1 6 3 1 1 3 0 4 4 4 5 2 4 0 0 0 551353 0 15 16 15 10 4 5 2 5
0 0 0 1 1 6 1 1 3 0 4 4 5 -1 -1 -1 -1 -1 -1 552353 0 15 16 15 10 4 5 2 5
0 0 0 4 1 1 6 4 3 0 4 4 6 -1 -1 -1 -1 -1 -1 553353 2 15 16 15 10 4 5 2 5
0 0 0 1 1 1 1 6 3 0 4 4 7 -1 -1 -1 -1 -1 -1 554352 0 15 16 15 10 4 5 2 5
0 0 0 1 1 1 1 8 3 0 4 4 7 7 3 4 3 0 1 555352 0 15 16 15 10 4 6 2 5
0 0 0 1 1 1 6 1 3 0 4 4 6 -1 -1 -1 -1 -1 -1 556352 0 15 16 15 10 4 6 2 5
0 0 0 4 1 1 6 4 3 0 4 4 6 -1 -1 -1 -1 -1 -1 557352 2 15 16 15 10 4 6 2 5
0 0 0 1 1 1 6 1 3 0 4 4 6 -1 -1 -1 -1 -1 -1 558351 0 15 16 15 10 4 6 2 5
0 0 0 1 1 1 8 1 3 0 4 4 6 6 2 4 0 0 1 559351 0 15 16 15 10 4 5 2 5
0 0 0 1 1 1 1 6 3 0 4 4 7 -1 -1 -1 -1 -1 -1 560351 0 15 16 15 10 4 5 2 5
0 0 0 4 1 1 4 6 3 0 4 4 7 -1 -1 -1 -1 -1 -1 561351 2 15 16 15 10 4 5 2 5
0 0 0 1 1 1 1 6 3 0 4 4 7 -1 -1 -1 -1 -1 -1 562350 0 15 16 15 10 4 5 2 5
0 0 0 1 1 1 1 8 3 0 4 4 7 7 1 4 2 0 1 563350 0 15 16 15 10 4 6 2 5
0 0 0 1 1 1 6 1 3 0 4 4 6 -1 -1 -1 -1 -1 -1 564350 0 15 16 15 10 4 6 2 5
0 0 0 1 4 1 6 4 3 0 4 4 6 -1 -1 -1 -1 -1 -1 565350 2 15 16 15 10 4 6 2 5
0 0 0 1 1 1 6 1 3 0 4 4 6 -1 -1 -1 -1 -1 -1 566350 0 15 16 15 10 4 6 2 5
0 0 0 1 1 1 8 1 3 0 4 4 6 6 0 4 1 0 1 567349 0 15 16 15 10 4 8 0 5
0 0 0 1 1 6 1 1 4 1 4 2 5 -1 -1 -1 -1 -1 -1 605107 0 15 16 15 60 4 8 0 5
0 0 0 1 1 6 1 1 4 1 4 2 5 -1 -1 -1 -1 -1 -1 605273 0 15 16 15 60 4 8 0 5
0 0 0 1 1 6 1 1 4 1 4 2 5 -1 -1 -1 -1 -1 -1 605440 0 15 16 15 60 4 5 2 5
0 0 0 1 1 6 1 1 4 1 4 2 5 -1 -1 -1 -1 -1 -1 605607 0 15 16 15 50 4 5 2 5
0 0 0 1 1 6 1 1 4 1 4 2 5 -1 -1 -1 -1 -1 -1 605907 0 15 16 15 20 4 5 2 5
0 0 0 1 1 6 1 1 4 1 4 2 5 -1 -1 -1 -1 -1 -1 606840 0 15 16 15 10 4 5 2 5
0 0 0 1 1 6 1 1 4 1 4 2 5 -1 -1 -1 -1 -1 -1 607839 0 15 16 15 10 4 5 2 5
0 0 0 1 6 1 1 1 4 1 4 2 4 -1 -1 -1 -1 -1 -1 608839 0 15 16 15 10 4 5 2 5
0 0 0 1 6 1 1 1 4 1 4 2 4 -1 -1 -1 -1 -1 -1 609839 0 15 16 15 10 4 5 2 5
0 0 0 1 6 1 1 1 4 1 4 2 4 -1 -1 -1 -1 -1 -1 610839 0 15 16 15 10 4 5 2 5
0 0 0 1 6 3 1 1 4 1 4 2 4 5 4 6 1 0 0 611838 0 15 16 15 10 4 6 2 5
0 0 0 1 6 1 1 1 4 1 4 2 4 -1 -1 -1 -1 -1 -1 612838 0 15 16 15 10 4 6 2 5
0 0 0 4 6 1 1 1 4 1 4 2 4 -1 -1 -1 -1 -1 -1 613838 1 15 16 15 10 4 6 2 5
0 0 0 1 6 1 1 1 4 1 4 2 4 -1 -1 -1 -1 -1 -1 614838 0 15 16 15 10 4 6 2 5
0 0 0 1 6 1 3 1 4 1 4 2 4 6 4 8 3 0 0 615837 0 15 16 15 10 4 5 2 5
0 0 0 1 6 1 1 1 4 1 4 2 4 -1 -1 -1 -1 -1 -1 616837 0 15 16 15 10 4 5 2 5
0 0 0 1 6 1 1 4 4 1 4 2 4 -1 -1 -1 -1 -1 -1 617837 1 15 16 15 10 4 5 2 5
0 0 0 1 6 1 1 1 4 1 4 2 4 -1 -1 -1 -1 -1 -1 618837 0 15 16 15 10 4 5 2 5
0 0 0 1 6 1 3 1 4 1 4 2 4 6 4 6 1 0 0 619836 0 15 16 15 10 4 4 2 5
0 0 0 1 6 1 1 1 4 1 4 2 4 -1 -1 -1 -1 -1 -1 620836 0 15 16 15 10 4 4 2 5
0 0 0 4 6 1 1 1 4 1 4 2 4 -1 -1 -1 -1 -1 -1 621836 1 15 16 15 10 4 4 2 5
0 0 0 1 1 6 1 1 4 1 4 2 5 -1 -1 -1 -1 -1 -1 622836 0 15 16 15 10 4 4 2 5
0 0 0 1 3 6 1 1 4 1 4 2 5 4 4 8 3 0 0 623835 0 15 16 15 10 4 5 2 5
0 0 0 1 1 6 1 1 4 1 4 2 5 -1 -1 -1 -1 -1 -1 624835 0 15 16 15 10 4 5 2 5
0 0 0 4 1 6 1 1 4 1 4 2 5 -1 -1 -1 -1 -1 -1 625835 1 15 16 15 10 4 5 2 5
0 0 0 1 6 1 1 1 4 1 4 2 4 -1 -1 -1 -1 -1 -1 626835 0 15 16 15 10 4 5 2 5
0 0 0 7 1 1 1 1 4 1 4 2 3 3 4 6 1 1 1 627834 0 15 16 15 10 4 6 2 5
0 0 0 6 1 1 1 1 4 1 4 2 3 -1 -1 -1 -1 -1 -1 628834 0 15 16 15 10 4 6 2 5
0 0 0 6 4 1 1 1 4 1 4 2 3 -1 -1 -1 -1 -1 -1 629834 1 15 16 15 10 4 6 2 5
0 0 0 6 1 1 1 1 4 1 4 2 3 -1 -1 -1 -1 -1 -1 630834 0 15 16 15 10 4 6 2 5
0 0 0 6 1 3 1 1 4 1 4 2 3 5 4 7 2 0 0 631834 0 15 16 15 10 4 8 0 5
0 0 0 6 1 1 1 1 4 1 4 2 3 -1 -1 -1 -1 -1 -1 632833 0 15 16 15 10 4 8 0 5
0 0 0 6 1 4 1 1 4 1 4 2 3 -1 -1 -1 -1 -1 -1 633833 1 15 16 15 10 4 8 0 5
0 0 0 6 1 1 1 1 4 1 4 2 3 -1 -1 -1 -1 -1 -1 634833 0 15 16 15 10 4 8 0 5
0 0 0 1 7 1 1 1 4 1 4 2 4 4 4 6 1 1 1 635833 0 15 16 15 10 4 5 2 5
0 0 0 1 1 6 1 1 4 1 4 2 5 -1 -1 -1 -1 -1 -1 636632 0 15 16 16 13 4 5 2 5
0 0 0 1 4 6 1 1 4 1 4 2 5 -1 -1 -1 -1 -1 -1 637399 1 15 16 16 13 4 5 2 5
0 0 0 1 1 6 1 1 4 1 4 2 5 -1 -1 -1 -1 -1 -1 638199 0 15 16 16 13 4 5 2 5
0 0 0 1 1 6 3 1 4 1 4 2 5 6 4 5 0 0 0 638965 0 15 16 16 13 4 5 2 5
0 0 0 1 1 6 1 1 4 1 4 2 5 -1 -1 -1 -1 -1 -1 639732 0 15 16 16 13 4 5 2 5
0 0 0 1 1 6 4 1 4 1 4 2 5 -1 -1 -1 -1 -1 -1 640498 1 15 16 16 13 4 5 2 5
0 0 0 1 1 1 1 6 4 1 4 2 7 -1 -1 -1 -1 -1 -1 641265 0 15 16 16 13 4 5 2 5
0 0 0 1 1 1 1 8 4 1 4 2 7 7 4 8 3 0 1 642031 0 15 16 16 13 4 6 2 5
0 0 0 1 1 6 1 1 4 1 4 2 5 -1 -1 -1 -1 -1 -1 642997 0 15 16 15 10 4 6 2 5
0 0 0 1 1 6 1 4 4 1 4 2 5 -1 -1 -1 -1 -1 -1 643997 1 15 16 15 10 4 6 2 5
0 0 0 1 1 6 1 1 4 1 4 2 5 -1 -1 -1 -1 -1 -1 644997 0 15 16 15 10 4 6 2 5
0 0 0 1 1 8 1 1 4 1 4 2 5 5 4 8 3 0 1 645997 0 15 16 15 10 4 5 2 5
0 0 0 1 1 6 1 1 4 1 4 2 5 -1 -1 -1 -1 -1 -1 646996 0 15 16 15 10 4 5 2 5
0 0 0 1 1 6 4 1 4 1 4 2 5 -1 -1 -1 -1 -1 -1 647996 1 15 16 15 10 4 5 2 5
0 0 0 1 1 6 1 1 4 1 4 2 5 -1 -1 -1 -1 -1 -1 648996 0 15 16 15 10 4 5 2 5
0 0 0 1 1 6 3 1 4 1 4 2 5 6 4 7 2 0 0 649996 0 15 16 15 10 4 4 2 5
0 0 0 1 1 1 6 1 4 1 4 2 6 -1 -1 -1 -1 -1 -1 650996 0 15 16 15 10 4 4 2 5
0 0 0 1 1 4 6 1 4 1 4 2 6 -1 -1 -1 -1 -1 -1 651995 1 15 16 15 10 4 4 2 5
0 0 0 1 1 6 1 1 4 1 4 2 5 -1 -1 -1 -1 -1 -1 652995 0 15 16 15 10 4 4 2 5
0 0 0 1 8 1 1 1 4 1 4 2 4 4 4 8 3 0 1 653995 0 15 16 15 10 4 5 2 5
0 0 0 1 6 1 1 1 4 1 4 2 4 -1 -1 -1 -1 -1 -1 654995 0 15 16 15 10 4 5 2 5
0 0 0 1 6 1 4 1 4 1 4 2 4 -1 -1 -1 -1 -1 -1 655994 1 15 16 15 10 4 5 2 5
0 0 0 1 6 1 1 1 4 1 4 2 4 -1 -1 -1 -1 -1 -1 656994 0 15 16 15 10 4 5 2 5
0 0 0 1 7 1 1 1 4 1 4 2 4 4 4 8 3 1 1 657994 0 15 16 15 10 4 6 2 5
0 0 0 1 6 1 1 1 4 1 4 2 4 -1 -1 -1 -1 -1 -1 658994 0 15 16 15 10 4 6 2 5
0 0 0 1 6 4 1 1 4 1 4 2 4 -1 -1 -1 -1 -1 -1 659993 1 15 16 15 10 4 6 2 5
0 0 0 1 6 1 1 1 4 1 4 2 4 -1 -1 -1 -1 -1 -1 660993 0 15 16 15 10 4 6 2 5
0 0 0 1 6 3 1 1 4 1 4 2 4 5 4 6 1 0 0 661993 0 15 16 15 10 4 8 0 5
0 0 0 1 1 6 1 1 4 1 4 2 5 -1 -1 -1 -1 -1 -1 662993 0 15 16 15 10 4 8 0 5
0 0 0 1 4 6 1 1 4 1 4 2 5 -1 -1 -1 -1 -1 -1 663992 1 15 16 15 10 4 8 0 5
0 0 0 1 1 6 1 1 4 1 4 2 5 -1 -1 -1 -1 -1 -1 664992 0 15 16 15 10 4 8 0 5
0 0 0 1 6 1 3 1 4 1 4 2 4 6 4 8 3 0 0 665992 0 15 16 15 10 4 5 2 5
0 0 0 1 6 1 1 1 4 1 4 2 4 -1 -1 -1 -1 -1 -1 666992 0 15 16 15 10 4 5 2 5
0 0 0 1 6 4 1 1 4 1 4 2 4 -1 -1 -1 -1 -1 -1 667991 1 15 16 15 10 4 5 2 5
0 0 0 1 1 1 6 1 4 1 4 2 6 -1 -1 -1 -1 -1 -1 668991 0 15 16 15 10 4 5 2 5
0 0 0 1 1 1 1 7 4 1 4 2 7 7 4 8 3 1 1 669991 0 15 16 15 10 4 5 2 5
0 0 0 1 1 1 1 6 4 1 4 2 7 -1 -1 -1 -1 -1 -1 670791 0 15 16 16 13 4 5 2 5
0 0 0 1 4 1 1 6 4 1 4 2 7 -1 -1 -1 -1 -1 -1 671557 1 15 16 16 13 4 5 2 5
0 0 0 1 1 1 1 6 4 1 4 2 7 -1 -1 -1 -1 -1 -1 672324 0 15 16 16 13 4 5 2 5
0 0 0 1 1 1 3 6 4 1 4 2 7 6 4 7 2 0 0 673090 0 15 16 16 13 4 6 2 5
0 0 0 1 1 1 1 6 4 1 4 2 7 -1 -1 -1 -1 -1 -1 673857 0 15 16 16 13 4 6 2 5
0 0 0 1 4 1 6 1 4 1 4 2 6 -1 -1 -1 -1 -1 -1 674623 1 15 16 16 13 4 6 2 5
0 0 0 1 1 1 6 1 4 1 4 2 6 -1 -1 -1 -1 -1 -1 675390 0 15 16 16 13 4 6 2 5
0 0 0 1 1 1 8 1 4 1 4 2 6 6 4 8 3 0 1 676156 0 15 16 16 13 4 5 2 5
0 0 0 1 1 1 1 6 4 1 4 2 7 -1 -1 -1 -1 -1 -1 677122 0 15 16 15 10 4 5 2 5
0 0 0 1 1 1 4 6 4 1 4 2 7 -1 -1 -1 -1 -1 -1 678122 1 15 16 15 10 4 5 2 5
0 0 0 1 1 1 1 6 4 1 4 2 7 -1 -1 -1 -1 -1 -1 679122 0 15 16 15 10 4 5 2 5
0 0 0 1 1 1 1 7 4 1 4 2 7 7 4 8 3 1 1 680122 0 15 16 15 10 4 4 2 5
0 0 0 1 1 1 1 6 4 1 4 2 7 -1 -1 -1 -1 -1 -1 681121 0 15 16 15 10 4 4 2 5
0 0 0 1 1 4 1 6 4 1 4 2 7 -1 -1 -1 -1 -1 -1 682121 1 15 16 15 10 4 4 2 5
0 0 0 1 1 1 6 1 4 1 4 2 6 -1 -1 -1 -1 -1 -1 683121 0 15 16 15 10 4 4 2 5
0 0 0 1 1 7 1 1 4 1 4 2 5 5 4 8 3 1 1 684121 0 15 16 15 10 4 5 2 5
0 0 0 1 1 6 1 1 4 1 4 2 5 -1 -1 -1 -1 -1 -1 684921 0 15 16 16 13 4 5 2 5
0 0 0 4 6 1 1 1 4 1 4 2 4 -1 -1 -1 -1 -1 -1 685687 1 15 16 16 13 4 5 2 5
0 0 0 1 6 1 1 1 4 1 4 2 4 -1 -1 -1 -1 -1 -1 686487 0 15 16 16 13 4 5 2 5
0 0 0 8 1 1 1 1 4 1 4 2 3 3 4 5 0 0 1 687253 0 15 16 16 13 4 6 2 5
0 0 0 1 6 1 1 1 4 1 4 2 4 -1 -1 -1 -1 -1 -1 688186 0 15 16 15 10 4 6 2 5
0 0 0 1 6 1 4 1 4 1 4 2 4 -1 -1 -1 -1 -1 -1 689186 1 15 16 15 10 4 6 2 5
0 0 0 6 1 1 1 1 4 1 4 2 3 -1 -1 -1 -1 -1 -1 690186 0 15 16 15 10 4 6 2 5
0 0 0 8 1 1 1 1 4 1 4 2 3 3 4 7 2 0 1 691186 0 15 16 15 10 4 8 0 5
0 0 0 1 6 1 1 1 4 1 4 2 4 -1 -1 -1 -1 -1 -1 692185 0 15 16 15 10 4 8 0 5
0 0 0 4 6 1 1 1 4 1 4 2 4 -1 -1 -1 -1 -1 -1 693185 1 15 16 15 10 4 8 0 5
0 0 0 6 1 1 1 1 4 1 4 2 3 -1 -1 -1 -1 -1 -1 694185 0 15 16 15 10 4 8 0 5
0 0 0 3 6 1 1 1 4 1 4 2 4 3 4 6 1 0 0 695185 0 15 16 15 10 4 5 2 5
0 0 0 1 6 1 1 1 4 1 4 2 4 -1 -1 -1 -1 -1 -1 696184 0 15 16 15 10 4 5 2 5
0 0 0 1 6 1 1 4 4 1 4 2 4 -1 -1 -1 -1 -1 -1 697184 1 15 16 15 10 4 5 2 5
0 0 0 1 6 1 1 1 4 1 4 2 4 -1 -1 -1 -1 -1 -1 698184 0 15 16 15 10 4 5 2 5
0 0 0 1 6 3 1 1 4 1 4 2 4 5 4 6 1 0 0 699184 0 15 16 15 10 4 5 2 5
0 0 0 1 6 1 1 1 4 1 4 2 4 -1 -1 -1 -1 -1 -1 700183 0 15 16 15 10 4 5 2 5
0 0 0 1 6 1 1 4 4 1 4 2 4 -1 -1 -1 -1 -1 -1 701183 1 15 16 15 10 4 5 2 5
0 0 0 1 1 6 1 1 4 1 4 2 5 -1 -1 -1 -1 -1 -1 702183 0 15 16 15 10 4 5 2 5
0 0 0 1 1 8 1 1 4 1 4 2 5 5 4 7 2 0 1 703183 0 15 16 15 10 4 6 2 5
0 0 0 1 1 6 1 1 4 1 4 2 5 -1 -1 -1 -1 -1 -1 704183 0 15 16 15 10 4 6 2 5
0 0 0 1 4 6 1 1 4 1 4 2 5 -1 -1 -1 -1 -1 -1 705182 1 15 16 15 10 4 6 2 5
0 0 0 1 1 6 1 1 4 1 4 2 5 -1 -1 -1 -1 -1 -1 706182 0 15 16 15 10 4 6 2 5
0 0 0 1 1 6 3 1 4 1 4 2 5 6 4 8 3 0 0 707182 0 15 16 15 10 4 5 2 5
0 0 0 1 1 6 1 1 4 1 4 2 5 -1 -1 -1 -1 -1 -1 708182 0 15 16 15 10 4 5 2 5
0 0 0 1 4 1 6 1 4 1 4 2 6 -1 -1 -1 -1 -1 -1 709181 1 15 16 15 10 4 5 2 5
0 0 0 1 1 1 6 1 4 1 4 2 6 -1 -1 -1 -1 -1 -1 710181 0 15 16 15 10 4 5 2 5
0 0 0 1 1 1 6 3 4 1 4 2 6 7 4 7 2 0 0 711114 0 15 16 15 12.5 4 4 2 5
0 0 0 1 1 1 6 1 4 1 4 2 6 -1 -1 -1 -1 -1 -1 711914 0 15 16 15 12.5 4 4 2 5
0 0 0 4 1 1 6 1 4 1 4 2 6 -1 -1 -1 -1 -1 -1 712747 1 15 16 15 10.1667 4 4 2 5
0 0 0 1 1 1 1 6 4 1 4 2 7 -1 -1 -1 -1 -1 -1 713747 0 15 16 15 10 4 4 2 5
0 0 0 1 1 1 1 7 4 1 4 2 7 7 4 6 1 1 1 714747 0 15 16 15 10 4 5 2 5
0 0 0 1 1 1 1 6 4 1 4 2 7 -1 -1 -1 -1 -1 -1 715746 0 15 16 15 10 4 5 2 5
0 0 0 1 4 1 1 6 4 1 4 2 7 -1 -1 -1 -1 -1 -1 716746 1 15 16 15 10 4 5 2 5
0 0 0 1 1 1 1 6 4 1 4 2 7 -1 -1 -1 -1 -1 -1 717746 0 15 16 15 10 4 5 2 5
0 0 0 1 1 1 7 2 4 1 4 2 6 7 4 7 2 1 1 718746 0 15 16 15 10 4 6 2 5
0 0 0 1 1 1 6 1 4 1 4 2 6 -1 -1 -1 -1 -1 -1 719545 0 15 16 16 13 4 6 2 5
0 0 0 1 4 1 6 1 4 1 4 2 6 -1 -1 -1 -1 -1 -1 720312 1 15 16 16 13 4 6 2 5
0 0 0 1 1 1 6 1 4 1 4 2 6 -1 -1 -1 -1 -1 -1 721078 0 15 16 16 13 4 6 2 5
0 0 0 1 1 1 6 3 4 1 4 2 6 7 4 5 0 0 0 721845 0 15 16 16 13 4 8 0 5
0 0 0 1 1 1 6 1 4 1 4 2 6 -1 -1 -1 -1 -1 -1 722611 0 15 16 16 13 4 8 0 5
0 0 0 1 1 4 6 1 4 1 4 2 6 -1 -1 -1 -1 -1 -1 723378 1 15 16 16 13 4 8 0 5
0 0 0 1 1 1 6 1 4 1 4 2 6 -1 -1 -1 -1 -1 -1 724178 0 15 16 16 13 4 8 0 5
0 0 0 1 1 8 2 1 4 1 4 2 5 6 4 7 2 1 0 724944 0 15 16 16 13 4 5 2 5
0 0 0 1 1 6 1 1 5 1 4 2 5 -1 -1 -1 -1 -1 -1 732975 0 15 16 15 60 4 8 0 5
0 0 0 1 1 6 1 1 5 1 4 2 5 -1 -1 -1 -1 -1 -1 733142 0 15 16 15 60 4 8 0 5
0 0 0 1 1 6 1 1 5 1 4 2 5 -1 -1 -1 -1 -1 -1 733309 0 15 16 15 60 4 6 2 5
0 0 0 1 1 6 1 1 5 1 4 2 5 -1 -1 -1 -1 -1 -1 733475 0 15 16 15 50 4 6 2 5
0 0 0 1 1 6 1 1 5 1 4 2 5 -1 -1 -1 -1 -1 -1 733775 0 15 16 15 20 4 6 2 5
0 0 0 1 1 6 1 1 5 1 4 2 5 -1 -1 -1 -1 -1 -1 734708 0 15 16 15 10 4 6 2 5
0 0 0 1 1 6 1 1 5 1 4 2 5 -1 -1 -1 -1 -1 -1 735708 0 15 16 15 10 4 4 2 5
0 0 0 1 1 6 1 1 5 1 4 2 5 -1 -1 -1 -1 -1 -1 736708 0 15 16 15 10 4 4 2 5
0 0 0 1 1 6 1 1 5 1 4 2 5 -1 -1 -1 -1 -1 -1 737708 0 15 16 15 10 4 4 2 5
0 0 0 1 1 6 1 1 5 1 4 2 5 -1 -1 -1 -1 -1 -1 738707 0 15 16 15 10 4 4 2 5
0 0 0 1 1 6 3 1 5 1 4 2 5 6 4 7 2 0 0 739707 0 15 16 15 10 4 4 2 5
0 0 0 1 1 6 1 1 5 1 4 2 5 -1 -1 -1 -1 -1 -1 740707 0 15 16 15 10 4 4 2 5
0 0 0 1 1 1 6 4 5 1 4 2 6 -1 -1 -1 -1 -1 -1 741707 1 15 16 15 10 4 4 2 5
0 0 0 1 1 1 6 1 5 1 4 2 6 -1 -1 -1 -1 -1 -1 742706 0 15 16 15 10 4 4 2 5
0 0 0 1 1 3 6 1 5 1 4 2 6 5 4 8 3 0 0 743706 0 15 16 15 10 4 5 2 5
0 0 0 1 1 1 6 1 5 1 4 2 6 -1 -1 -1 -1 -1 -1 744706 0 15 16 15 10 4 5 2 5
0 0 0 4 1 1 6 1 5 1 4 2 6 -1 -1 -1 -1 -1 -1 745706 1 15 16 15 10 4 5 2 5
0 0 0 1 1 1 6 1 5 1 4 2 6 -1 -1 -1 -1 -1 -1 746705 0 15 16 15 10 4 5 2 5
0 0 0 1 1 1 6 3 5 1 4 2 6 7 4 5 0 0 0 747705 0 15 16 15 10 4 4 2 5
0 0 0 1 1 1 6 1 5 1 4 2 6 -1 -1 -1 -1 -1 -1 748705 0 15 16 15 10 4 4 2 5
0 0 0 1 1 4 6 1 5 1 4 2 6 -1 -1 -1 -1 -1 -1 749705 1 15 16 15 10 4 4 2 5
0 0 0 1 1 1 6 1 5 1 4 2 6 -1 -1 -1 -1 -1 -1 750704 0 15 16 15 10 4 4 2 5
0 0 0 1 1 1 6 3 5 1 4 2 6 7 4 6 1 0 0 751704 0 15 16 15 10 4 5 2 5
0 0 0 1 1 1 6 1 5 1 4 2 6 -1 -1 -1 -1 -1 -1 752704 0 15 16 15 10 4 5 2 5
0 0 0 4 1 1 6 1 5 1 4 2 6 -1 -1 -1 -1 -1 -1 753704 1 15 16 15 10 4 5 2 5
0 0 0 1 1 1 6 1 5 1 4 2 6 -1 -1 -1 -1 -1 -1 754704 0 15 16 15 10 4 5 2 5
0 0 0 1 1 3 6 1 5 1 4 2 6 5 4 5 0 0 0 755703 0 15 16 15 10 4 6 2 5
0 0 0 1 1 1 6 1 5 1 4 2 6 -1 -1 -1 -1 -1 -1 756703 0 15 16 15 10 4 6 2 5
0 0 0 1 1 4 6 1 5 1 4 2 6 -1 -1 -1 -1 -1 -1 757703 1 15 16 15 10 4 6 2 5
0 0 0 1 1 6 1 1 5 1 4 2 5 -1 -1 -1 -1 -1 -1 758703 0 15 16 15 10 4 6 2 5
0 0 0 1 1 6 3 1 5 1 4 2 5 6 4 7 2 0 0 759702 0 15 16 15 10 4 8 0 5
0 0 0 1 1 6 1 1 5 1 4 2 5 -1 -1 -1 -1 -1 -1 760702 0 15 16 15 10 4 8 0 5
0 0 0 1 1 6 1 4 5 1 4 2 5 -1 -1 -1 -1 -1 -1 761702 1 15 16 15 10 4 8 0 5
0 0 0 1 1 6 1 1 5 1 4 2 5 -1 -1 -1 -1 -1 -1 762702 0 15 16 15 10 4 8 0 5
0 0 0 1 1 6 3 1 5 1 4 2 5 6 4 8 3 0 0 763701 0 15 16 15 10 4 6 2 5
0 0 0 1 1 6 1 1 5 1 4 2 5 -1 -1 -1 -1 -1 -1 764701 0 15 16 15 10 4 6 2 5
0 0 0 1 1 6 1 4 5 1 4 2 5 -1 -1 -1 -1 -1 -1 765701 1 15 16 15 10 4 6 2 5
0 0 0 1 1 6 1 1 5 1 4 2 5 -1 -1 -1 -1 -1 -1 766701 0 15 16 15 10 4 6 2 5
0 0 0 1 1 6 1 3 5 1 4 2 5 7 4 5 0 0 0 767700 0 15 16 15 10 4 4 2 5
0 0 0 1 1 1 6 1 5 1 4 2 6 -1 -1 -1 -1 -1 -1 768700 0 15 16 15 10 4 4 2 5
0 0 0 1 1 4 6 1 5 1 4 2 6 -1 -1 -1 -1 -1 -1 769700 1 15 16 15 10 4 4 2 5
0 0 0 1 1 1 6 1 5 1 4 2 6 -1 -1 -1 -1 -1 -1 770700 0 15 16 15 10 4 4 2 5
0 0 0 1 1 1 3 6 5 1 4 2 7 6 4 8 3 0 0 771699 0 15 16 15 10 4 4 2 5
0 0 0 1 1 1 6 1 5 1 4 2 6 -1 -1 -1 -1 -1 -1 772699 0 15 16 15 10 4 4 2 5
0 0 0 1 4 1 6 1 5 1 4 2 6 -1 -1 -1 -1 -1 -1 773699 1 15 16 15 10 4 4 2 5
0 0 0 1 1 1 6 1 5 1 4 2 6 -1 -1 -1 -1 -1 -1 774699 0 15 16 15 10 4 4 2 5
0 0 0 1 1 8 3 1 5 1 4 2 5 6 4 5 0 0 1 775698 0 15 16 15 10 4 5 2 5
0 0 0 1 1 6 1 1 5 1 4 2 5 -1 -1 -1 -1 -1 -1 776698 0 15 16 15 10 4 5 2 5
0 0 0 1 1 6 4 1 5 1 4 2 5 -1 -1 -1 -1 -1 -1 777698 1 15 16 15 10 4 5 2 5
0 0 0 1 1 1 6 1 5 1 4 2 6 -1 -1 -1 -1 -1 -1 778698 0 15 16 15 10 4 5 2 5
0 0 0 1 1 2 7 1 5 1 4 2 6 5 4 8 3 1 1 779697 0 15 16 15 10 4 4 2 5
0 0 0 1 1 1 6 1 5 1 4 2 6 -1 -1 -1 -1 -1 -1 780697 0 15 16 15 10 4 4 2 5
0 0 0 4 1 1 6 1 5 1 4 2 6 -1 -1 -1 -1 -1 -1 781697 1 15 16 15 10 4 4 2 5
0 0 0 1 1 1 6 1 5 1 4 2 6 -1 -1 -1 -1 -1 -1 782697 0 15 16 15 10 4 4 2 5
0 0 0 1 1 2 8 1 5 1 4 2 6 5 4 5 0 1 0 783696 0 15 16 15 10 4 5 2 5
0 0 0 1 1 6 1 1 5 1 4 2 5 -1 -1 -1 -1 -1 -1 784696 0 15 16 15 10 4 5 2 5
0 0 0 1 4 6 1 1 5 1 4 2 5 -1 -1 -1 -1 -1 -1 785696 1 15 16 15 10 4 5 2 5
0 0 0 1 1 6 1 1 5 1 4 2 5 -1 -1 -1 -1 -1 -1 786696 0 15 16 15 10 4 5 2 5
0 0 0 7 1 1 1 1 5 1 4 2 3 3 4 8 3 1 1 787695 0 15 16 15 10 4 6 2 5
0 0 0 1 6 1 1 1 5 1 4 2 4 -1 -1 -1 -1 -1 -1 788695 0 15 16 15 10 4 6 2 5
0 0 0 1 6 1 1 4 5 1 4 2 4 -1 -1 -1 -1 -1 -1 789695 1 15 16 15 10 4 6 2 5
0 0 0 1 1 6 1 1 5 1 4 2 5 -1 -1 -1 -1 -1 -1 790695 0 15 16 15 10 4 6 2 5
0 0 0 1 1 7 1 1 5 1 4 2 5 5 4 5 0 1 1 791694 0 15 16 15 10 4 8 0 5
0 0 0 1 1 6 1 1 5 1 4 2 5 -1 -1 -1 -1 -1 -1 792494 0 15 16 16 13 4 8 0 5
0 0 0 1 1 6 4 1 5 1 4 2 5 -1 -1 -1 -1 -1 -1 793261 1 15 16 16 13 4 8 0 5
0 0 0 1 6 1 1 1 5 1 4 2 4 -1 -1 -1 -1 -1 -1 794027 0 15 16 16 13 4 8 0 5
0 0 0 1 2 7 1 1 5 1 4 2 5 4 4 8 3 1 1 794794 0 15 16 16 13 4 6 2 5
0 0 0 1 1 6 1 1 5 1 4 2 5 -1 -1 -1 -1 -1 -1 795594 0 15 16 16 13 4 6 2 5
0 0 0 1 1 6 1 4 5 1 4 2 5 -1 -1 -1 -1 -1 -1 796360 1 15 16 16 13 4 6 2 5
0 0 0 1 1 6 1 1 5 1 4 2 5 -1 -1 -1 -1 -1 -1 797126 0 15 16 16 13 4 6 2 5
0 0 0 1 3 6 1 1 5 1 4 2 5 4 4 6 1 0 0 797893 0 15 16 16 13 4 4 2 5
0 0 0 1 1 6 1 1 5 1 4 2 5 -1 -1 -1 -1 -1 -1 798659 0 15 16 16 13 4 4 2 5
0 0 0 1 1 6 1 4 5 1 4 2 5 -1 -1 -1 -1 -1 -1 799426 1 15 16 16 13 4 4 2 5
0 0 0 1 1 1 6 1 5 1 4 2 6 -1 -1 -1 -1 -1 -1 800192 0 15 16 16 13 4 4 2 5
0 0 0 1 1 3 6 1 5 1 4 2 6 5 4 7 2 0 0 800959 0 15 16 16 13 4 4 2 5
0 0 0 1 1 1 6 1 5 1 4 2 6 -1 -1 -1 -1 -1 -1 801725 0 15 16 16 13 4 4 2 5
0 0 0 1 4 1 6 1 5 1 4 2 6 -1 -1 -1 -1 -1 -1 802492 1 15 16 16 13 4 4 2 5
0 0 0 1 1 1 6 1 5 1 4 2 6 -1 -1 -1 -1 -1 -1 803258 0 15 16 16 13 4 4 2 5
0 0 0 3 1 1 6 1 5 1 4 2 6 3 4 8 3 0 0 804025 0 15 16 16 13 4 5 2 5
0 0 0 1 1 1 6 1 5 1 4 2 6 -1 -1 -1 -1 -1 -1 804791 0 15 16 16 13 4 5 2 5
0 0 0 1 1 4 6 1 5 1 4 2 6 -1 -1 -1 -1 -1 -1 805558 1 15 16 16 13 4 5 2 5
0 0 0 1 1 1 6 1 5 1 4 2 6 -1 -1 -1 -1 -1 -1 806358 0 15 16 16 13 4 5 2 5
0 0 0 1 2 8 1 1 5 1 4 2 5 4 4 8 3 1 0 807124 0 15 16 16 13 4 4 2 5
0 0 0 1 1 6 1 1 5 1 4 2 5 -1 -1 -1 -1 -1 -1 808057 0 15 16 15 10 4 4 2 5
0 0 0 4 1 6 1 1 5 1 4 2 5 -1 -1 -1 -1 -1 -1 809057 1 15 16 15 10 4 4 2 5
0 0 0 1 1 6 1 1 5 1 4 2 5 -1 -1 -1 -1 -1 -1 810057 0 15 16 15 10 4 4 2 5
0 0 0 1 1 8 2 1 5 1 4 2 5 6 4 6 1 1 0 811056 0 15 16 15 10 4 5 2 5
0 0 0 1 1 6 1 1 5 1 4 2 5 -1 -1 -1 -1 -1 -1 812056 0 15 16 15 10 4 5 2 5
0 0 0 1 1 6 1 4 5 1 4 2 5 -1 -1 -1 -1 -1 -1 813056 1 15 16 15 10 4 5 2 5
0 0 0 1 1 6 1 1 5 1 4 2 5 -1 -1 -1 -1 -1 -1 814056 0 15 16 15 10 4 5 2 5
0 0 0 1 1 6 3 1 5 1 4 2 5 6 4 5 0 0 0 815055 0 15 16 15 10 4 6 2 5
0 0 0 1 1 6 1 1 5 1 4 2 5 -1 -1 -1 -1 -1 -1 816055 0 15 16 15 10 4 6 2 5
0 0 0 1 4 1 6 1 5 1 4 2 6 -1 -1 -1 -1 -1 -1 817055 1 15 16 15 10 4 6 2 5
0 0 0 1 1 1 1 6 5 1 4 2 7 -1 -1 -1 -1 -1 -1 818055 0 15 16 15 10 4 6 2 5
0 0 0 1 1 1 1 8 5 1 4 2 7 7 4 7 2 0 1 819054 0 15 16 15 10 4 8 0 5
0 0 0 1 1 1 6 1 5 1 4 2 6 -1 -1 -1 -1 -1 -1 820054 0 15 16 15 10 4 8 0 5
0 0 0 1 1 1 6 4 5 1 4 2 6 -1 -1 -1 -1 -1 -1 821054 1 15 16 15 10 4 8 0 5
0 0 0 1 1 1 6 1 5 1 4 2 6 -1 -1 -1 -1 -1 -1 822054 0 15 16 15 10 4 8 0 5
0 0 0 1 1 1 8 1 5 1 4 2 6 6 4 5 0 0 1 823053 0 15 16 15 10 4 6 2 5
0 0 0 1 1 1 6 1 5 1 4 2 6 -1 -1 -1 -1 -1 -1 824053 0 15 16 15 10 4 6 2 5
0 0 0 4 1 1 6 1 5 1 4 2 6 -1 -1 -1 -1 -1 -1 825053 1 15 16 15 10 4 6 2 5
0 0 0 1 1 1 6 1 5 1 4 2 6 -1 -1 -1 -1 -1 -1 826053 0 15 16 15 10 4 6 2 5
0 0 0 1 1 3 6 1 5 1 4 2 6 5 4 8 3 0 0 827053 0 15 16 15 10 4 4 2 5
0 0 0 1 1 1 6 1 5 1 4 2 6 -1 -1 -1 -1 -1 -1 828052 0 15 16 15 10 4 4 2 5
0 0 0 1 6 4 1 1 5 1 4 2 4 -1 -1 -1 -1 -1 -1 829052 1 15 16 15 10 4 4 2 5
0 0 0 1 6 1 1 1 5 1 4 2 4 -1 -1 -1 -1 -1 -1 830052 0 15 16 15 10 4 4 2 5
0 0 0 1 8 1 1 1 5 1 4 2 4 4 4 7 2 0 1 831052 0 15 16 15 10 4 4 2 5
0 0 0 1 6 1 1 1 5 1 4 2 4 -1 -1 -1 -1 -1 -1 832051 0 15 16 15 10 4 4 2 5
0 0 0 1 6 1 1 4 5 1 4 2 4 -1 -1 -1 -1 -1 -1 833051 1 15 16 15 10 4 4 2 5
0 0 0 1 6 1 1 1 5 1 4 2 4 -1 -1 -1 -1 -1 -1 834051 0 15 16 15 10 4 4 2 5
0 0 0 1 1 8 1 1 5 1 4 2 5 5 4 5 0 0 1 835051 0 15 16 15 10 4 5 2 5
0 0 0 1 6 1 1 1 5 1 4 2 4 -1 -1 -1 -1 -1 -1 836050 0 15 16 15 10 4 5 2 5
0 0 0 4 6 1 1 1 5 1 4 2 4 -1 -1 -1 -1 -1 -1 837050 1 15 16 15 10 4 5 2 5
0 0 0 1 6 1 1 1 5 1 4 2 4 -1 -1 -1 -1 -1 -1 838050 0 15 16 15 10 4 5 2 5
0 0 0 3 1 6 1 1 5 1 4 2 5 3 4 6 1 0 0 839050 0 15 16 15 10 4 4 2 5
0 0 0 1 1 6 1 1 5 1 4 2 5 -1 -1 -1 -1 -1 -1 840049 0 15 16 15 10 4 4 2 5
0 0 0 4 1 6 1 1 5 1 4 2 5 -1 -1 -1 -1 -1 -1 841049 1 15 16 15 10 4 4 2 5
0 0 0 1 6 1 1 1 5 1 4 2 4 -1 -1 -1 -1 -1 -1 842049 0 15 16 15 10 4 4 2 5
0 0 0 7 1 1 1 1 5 1 4 2 3 3 4 8 3 1 1 843049 0 15 16 15 10 4 5 2 5
0 0 0 6 1 1 1 1 5 1 4 2 3 -1 -1 -1 -1 -1 -1 844048 0 15 16 15 10 4 5 2 5
0 0 0 6 1 4 1 1 5 1 4 2 3 -1 -1 -1 -1 -1 -1 845048 1 15 16 15 10 4 5 2 5
0 0 0 6 1 1 1 1 5 1 4 2 3 -1 -1 -1 -1 -1 -1 846048 0 15 16 15 10 4 5 2 5
0 0 0 2 8 1 1 1 5 1 4 2 4 3 4 7 2 1 0 847048 0 15 16 15 10 4 6 2 5
0 0 0 1 6 1 1 1 5 1 4 2 4 -1 -1 -1 -1 -1 -1 848047 0 15 16 15 10 4 6 2 5
0 0 0 1 6 1 1 4 5 1 4 2 4 -1 -1 -1 -1 -1 -1 849047 1 15 16 15 10 4 6 2 5
0 0 0 1 6 1 1 1 5 1 4 2 4 -1 -1 -1 -1 -1 -1 850047 0 15 16 15 10 4 6 2 5
0 0 0 8 1 1 1 1 5 1 4 2 3 3 4 6 1 0 1 851047 0 15 16 15 10 4 8 0 5
0 0 0 1 6 1 1 1 5 1 4 2 4 -1 -1 -1 -1 -1 -1 852046 0 15 16 15 10 4 8 0 5
0 0 0 0 1 6 1 0 6 2 3 3 5 -1 -1 -1 -1 -1 -1 860311 0 15 16 15 60 4 8 0 3
0 0 0 0 1 6 1 0 6 2 3 3 5 -1 -1 -1 -1 -1 -1 860478 0 15 16 15 60 4 8 0 3
0 0 0 0 1 6 1 0 6 2 3 3 5 -1 -1 -1 -1 -1 -1 860644 0 15 16 15 60 4 4 2 3
0 0 0 0 1 6 1 0 6 2 3 3 5 -1 -1 -1 -1 -1 -1 860811 0 15 16 15 50 4 4 2 3
0 0 0 0 1 6 1 0 6 2 3 3 5 -1 -1 -1 -1 -1 -1 861111 0 15 16 15 20 4 4 2 3
0 0 0 0 1 6 1 0 6 2 3 3 5 -1 -1 -1 -1 -1 -1 862044 0 15 16 15 10 4 4 2 3
0 0 0 0 1 6 1 0 6 2 3 3 5 -1 -1 -1 -1 -1 -1 863044 0 15 16 15 10 4 5 2 3
0 0 0 0 1 6 1 0 6 2 3 3 5 -1 -1 -1 -1 -1 -1 864043 0 15 16 15 10 4 5 2 3
0 0 0 0 1 6 1 0 6 2 3 3 5 -1 -1 -1 -1 -1 -1 865043 0 15 16 15 10 4 5 2 3
0 0 0 0 6 1 1 0 6 2 3 3 4 -1 -1 -1 -1 -1 -1 866043 0 15 16 15 10 4 5 2 3
0 0 0 0 6 1 3 0 6 2 3 3 4 6 5 4 2 0 0 867043 0 15 16 15 10 4 4 2 3
0 0 0 0 6 1 1 0 6 2 3 3 4 -1 -1 -1 -1 -1 -1 868043 0 15 16 15 10 4 4 2 3
0 0 0 0 6 4 1 0 6 2 3 3 4 -1 -1 -1 -1 -1 -1 869042 1 15 16 15 10 4 4 2 3
0 0 0 0 6 1 1 0 6 2 3 3 4 -1 -1 -1 -1 -1 -1 870042 0 15 16 15 10 4 4 2 3
0 0 0 0 6 3 1 0 6 2 3 3 4 5 5 4 2 0 0 871042 0 15 16 15 10 4 6 2 3
0 0 0 0 1 6 1 0 6 2 3 3 5 -1 -1 -1 -1 -1 -1 872042 0 15 16 15 10 4 6 2 3
0 0 0 0 4 6 1 0 6 2 3 3 5 -1 -1 -1 -1 -1 -1 873041 1 15 16 15 10 4 6 2 3
0 0 0 0 1 6 1 0 6 2 3 3 5 -1 -1 -1 -1 -1 -1 874041 0 15 16 15 10 4 6 2 3
0 0 0 0 3 6 1 0 6 2 3 3 5 4 5 4 1 0 0 875041 0 15 16 15 10 4 6 2 3
0 0 0 0 6 1 1 0 6 2 3 3 4 -1 -1 -1 -1 -1 -1 876041 0 15 16 15 10 4 6 2 3
0 0 0 0 6 4 1 0 6 2 3 3 4 -1 -1 -1 -1 -1 -1 877040 1 15 16 15 10 4 6 2 3
0 0 0 0 6 1 1 0 6 2 3 3 4 -1 -1 -1 -1 -1 -1 878040 0 15 16 15 10 4 6 2 3
0 0 0 0 6 3 1 0 6 2 3 3 4 5 5 4 0 0 0 879040 0 15 16 15 10 4 4 2 3
0 0 0 0 6 1 1 0 6 2 3 3 4 -1 -1 -1 -1 -1 -1 880040 0 15 16 15 10 4 4 2 3
0 0 0 0 6 1 4 0 6 2 3 3 4 -1 -1 -1 -1 -1 -1 881039 1 15 16 15 10 4 4 2 3
0 0 0 0 1 6 1 0 6 2 3 3 5 -1 -1 -1 -1 -1 -1 882039 0 15 16 15 10 4 4 2 3
0 0 0 0 1 7 1 0 6 2 3 3 5 5 5 4 2 1 1 883039 0 15 16 15 10 4 5 2 3
0 0 0 0 1 6 1 0 6 2 3 3 5 -1 -1 -1 -1 -1 -1 884039 0 15 16 15 10 4 5 2 3
0 0 0 0 1 6 4 0 6 2 3 3 5 -1 -1 -1 -1 -1 -1 885038 1 15 16 15 10 4 5 2 3
0 0 0 0 1 6 1 0 6 2 3 3 5 -1 -1 -1 -1 -1 -1 886038 0 15 16 15 10 4 5 2 3
0 0 0 0 3 6 1 0 6 2 3 3 5 4 5 4 0 0 0 887038 0 15 16 15 10 4 8 0 3
0 0 0 0 1 6 1 0 6 2 3 3 5 -1 -1 -1 -1 -1 -1 888038 0 15 16 15 10 4 8 0 3
0 0 0 0 1 6 4 0 6 2 3 3 5 -1 -1 -1 -1 -1 -1 889037 1 15 16 15 10 4 8 0 3
0 0 0 0 1 1 6 0 6 2 3 3 6 -1 -1 -1 -1 -1 -1 890037 0 15 16 15 10 4 8 0 3
0 0 0 0 1 1 8 0 6 2 3 3 6 6 5 4 3 0 1 891037 0 15 16 15 10 4 4 2 3
0 0 0 0 1 1 6 0 6 2 3 3 6 -1 -1 -1 -1 -1 -1 892037 0 15 16 15 10 4 4 2 3
0 0 0 0 1 4 6 0 6 2 3 3 6 -1 -1 -1 -1 -1 -1 893036 1 15 16 15 10 4 4 2 3
0 0 0 0 1 6 1 0 6 2 3 3 5 -1 -1 -1 -1 -1 -1 894036 0 15 16 15 10 4 4 2 3
0 0 0 0 1 6 3 0 6 2 3 3 5 6 5 4 1 0 0 895036 0 15 16 15 10 4 5 2 3
0 0 0 0 1 6 1 0 6 2 3 3 5 -1 -1 -1 -1 -1 -1 896036 0 15 16 15 10 4 5 2 3
0 0 0 0 4 6 1 0 6 2 3 3 5 -1 -1 -1 -1 -1 -1 897035 1 15 16 15 10 4 5 2 3
0 0 0 0 1 6 1 0 6 2 3 3 5 -1 -1 -1 -1 -1 -1 898035 0 15 16 15 10 4 5 2 3
0 0 0 0 3 6 1 0 6 2 3 3 5 4 5 4 2 0 0 899035 0 15 16 15 10 4 4 2 3
0 0 0 0 1 6 1 0 6 2 3 3 5 -1 -1 -1 -1 -1 -1 900035 0 15 16 15 10 4 4 2 3
0 0 0 0 1 6 4 0 6 2 3 3 5 -1 -1 -1 -1 -1 -1 901034 1 15 16 15 10 4 4 2 3
0 0 0 0 1 1 6 0 6 2 3 3 6 -1 -1 -1 -1 -1 -1 902034 0 15 16 15 10 4 4 2 3
0 0 0 0 1 1 8 0 6 2 3 3 6 6 5 4 1 0 1 903034 0 15 16 15 10 4 6 2 3
0 0 0 0 1 1 6 0 6 2 3 3 6 -1 -1 -1 -1 -1 -1 904034 0 15 16 15 10 4 6 2 3
0 0 0 0 4 6 1 0 6 2 3 3 5 -1 -1 -1 -1 -1 -1 905033 1 15 16 15 10 4 6 2 3
0 0 0 0 1 6 1 0 6 2 3 3 5 -1 -1 -1 -1 -1 -1 906033 0 15 16 15 10 4 6 2 3
0 0 0 0 1 7 1 0 6 2 3 3 5 5 5 4 1 1 1 907033 0 15 16 15 10 4 6 2 3
0 0 0 0 1 6 1 0 6 2 3 3 5 -1 -1 -1 -1 -1 -1 908033 0 15 16 15 10 4 6 2 3
0 0 0 0 4 6 1 0 6 2 3 3 5 -1 -1 -1 -1 -1 -1 909032 1 15 16 15 10 4 6 2 3
0 0 0 0 6 1 1 0 6 2 3 3 4 -1 -1 -1 -1 -1 -1 910032 0 15 16 15 10 4 6 2 3
0 0 0 0 7 1 1 0 6 2 3 3 4 4 5 4 2 1 1 911032 0 15 16 15 10 4 4 2 3
0 0 0 0 6 1 1 0 6 2 3 3 4 -1 -1 -1 -1 -1 -1 911832 0 15 16 16 13 4 4 2 3
0 0 0 0 6 1 4 0 6 2 3 3 4 -1 -1 -1 -1 -1 -1 912598 1 15 16 16 13 4 4 2 3
0 0 0 0 1 6 1 0 6 2 3 3 5 -1 -1 -1 -1 -1 -1 913365 0 15 16 16 13 4 4 2 3
0 0 0 0 8 2 1 0 6 2 3 3 4 5 5 4 1 1 0 914131 0 15 16 16 13 4 5 2 3
0 0 0 0 1 6 1 0 6 2 3 3 5 -1 -1 -1 -1 -1 -1 915131 0 15 16 15 10 4 5 2 3
0 0 0 0 1 4 6 0 6 2 3 3 6 -1 -1 -1 -1 -1 -1 916131 1 15 16 15 10 4 5 2 3
0 0 0 0 1 6 1 0 6 2 3 3 5 -1 -1 -1 -1 -1 -1 917131 0 15 16 15 10 4 5 2 3
0 0 0 0 1 6 3 0 6 2 3 3 5 6 5 4 2 0 0 918130 0 15 16 15 10 4 8 0 3
0 0 0 0 6 1 1 0 6 2 3 3 4 -1 -1 -1 -1 -1 -1 919130 0 15 16 15 10 4 8 0 3
0 0 0 0 6 4 1 0 6 2 3 3 4 -1 -1 -1 -1 -1 -1 920130 1 15 16 15 10 4 8 0 3
0 0 0 0 6 1 1 0 6 2 3 3 4 -1 -1 -1 -1 -1 -1 921130 0 15 16 15 10 4 8 0 3
0 0 0 0 8 1 1 0 6 2 3 3 4 4 5 4 1 0 1 922096 0 15 16 15 10 4 4 2 3
0 0 0 0 1 6 1 0 6 2 3 3 5 -1 -1 -1 -1 -1 -1 923096 0 15 16 15 10 4 4 2 3
0 0 0 0 1 6 4 0 6 2 3 3 5 -1 -1 -1 -1 -1 -1 924095 1 15 16 15 10 4 4 2 3
0 0 0 0 6 1 1 0 6 2 3 3 4 -1 -1 -1 -1 -1 -1 925095 0 15 16 15 10 4 4 2 3
0 0 0 0 6 3 1 0 6 2 3 3 4 5 5 4 0 0 0 926095 0 15 16 15 10 4 5 2 3
0 0 0 0 6 1 1 0 6 2 3 3 4 -1 -1 -1 -1 -1 -1 927095 0 15 16 15 10 4 5 2 3
0 0 0 0 6 1 4 0 6 2 3 3 4 -1 -1 -1 -1 -1 -1 928095 1 15 16 15 10 4 5 2 3
0 0 0 0 6 1 1 0 6 2 3 3 4 -1 -1 -1 -1 -1 -1 929094 0 15 16 15 10 4 5 2 3
0 0 0 0 8 1 1 0 6 2 3 3 4 4 5 4 3 0 1 930094 0 15 16 15 10 4 4 2 3
0 0 0 0 6 1 1 0 6 2 3 3 4 -1 -1 -1 -1 -1 -1 931094 0 15 16 15 10 4 4 2 3
0 0 0 0 6 4 1 0 6 2 3 3 4 -1 -1 -1 -1 -1 -1 932094 1 15 16 15 10 4 4 2 3
0 0 0 0 1 6 1 0 6 2 3 3 5 -1 -1 -1 -1 -1 -1 933093 0 15 16 15 10 4 4 2 3
0 0 0 0 1 6 3 0 6 2 3 3 5 6 5 4 2 0 0 934093 0 15 16 15 10 4 6 2 3
0 0 0 0 1 6 1 0 6 2 3 3 5 -1 -1 -1 -1 -1 -1 935093 0 15 16 15 10 4 6 2 3
0 0 0 0 1 6 4 0 6 2 3 3 5 -1 -1 -1 -1 -1 -1 936093 1 15 16 15 10 4 6 2 3
0 0 0 0 1 1 6 0 6 2 3 3 6 -1 -1 -1 -1 -1 -1 937092 0 15 16 15 10 4 6 2 3
0 0 0 0 1 1 7 0 6 2 3 3 6 6 5 4 0 1 1 938092 0 15 16 15 10 4 6 2 3
0 0 0 0 1 1 6 0 6 2 3 3 6 -1 -1 -1 -1 -1 -1 939092 0 15 16 15 10 4 6 2 3
0 0 0 0 1 4 6 0 6 2 3 3 6 -1 -1 -1 -1 -1 -1 940092 1 15 16 15 10 4 6 2 3
0 0 0 0 1 6 1 0 6 2 3 3 5 -1 -1 -1 -1 -1 -1 941091 0 15 16 15 10 4 6 2 3
0 0 0 0 1 6 3 0 6 2 3 3 5 6 5 4 2 0 0 942091 0 15 16 15 10 4 4 2 3
0 0 0 0 6 1 1 0 6 2 3 3 4 -1 -1 -1 -1 -1 -1 943091 0 15 16 15 10 4 4 2 3
0 0 0 0 6 4 1 0 6 2 3 3 4 -1 -1 -1 -1 -1 -1 944091 1 15 16 15 10 4 4 2 3
0 0 0 0 6 1 1 0 6 2 3 3 4 -1 -1 -1 -1 -1 -1 945090 0 15 16 15 10 4 4 2 3
0 0 0 0 7 1 1 0 6 2 3 3 4 4 5 4 2 1 1 946090 0 15 16 15 10 4 5 2 3
0 0 0 0 1 6 1 0 6 2 3 3 5 -1 -1 -1 -1 -1 -1 946890 0 15 16 16 13 4 5 2 3
0 0 0 0 4 6 1 0 6 2 3 3 5 -1 -1 -1 -1 -1 -1 947656 1 15 16 16 13 4 5 2 3
0 0 0 0 1 6 1 0 6 2 3 3 5 -1 -1 -1 -1 -1 -1 948456 0 15 16 16 13 4 5 2 3
0 0 0 0 1 7 1 0 6 2 3 3 5 5 5 4 0 1 1 949223 0 15 16 16 13 4 8 0 3
0 0 0 0 1 1 6 0 6 2 3 3 6 -1 -1 -1 -1 -1 -1 949989 0 15 16 16 13 4 8 0 3
0 0 0 0 1 4 6 0 6 2 3 3 6 -1 -1 -1 -1 -1 -1 950756 1 15 16 16 13 4 8 0 3
0 0 0 0 1 1 6 0 6 2 3 3 6 -1 -1 -1 -1 -1 -1 951522 0 15 16 16 13 4 8 0 3
0 0 0 0 1 3 6 0 6 2 3 3 6 5 5 4 1 0 0 952289 0 15 16 16 13 4 4 2 3
0 0 0 0 1 6 1 0 6 2 3 3 5 -1 -1 -1 -1 -1 -1 953055 0 15 16 16 13 4 4 2 3
0 0 0 0 1 6 4 0 6 2 3 3 5 -1 -1 -1 -1 -1 -1 953822 1 15 16 16 13 4 4 2 3
0 0 0 0 1 6 1 0 6 2 3 3 5 -1 -1 -1 -1 -1 -1 954588 0 15 16 16 13 4 4 2 3
0 0 0 0 1 7 1 0 6 2 3 3 5 5 5 4 2 1 1 955355 0 15 16 16 13 4 5 2 3
0 0 0 0 1 6 1 0 6 2 3 3 5 -1 -1 -1 -1 -1 -1 956121 0 15 16 16 13 4 5 2 3
0 0 0 0 1 6 4 0 6 2 3 3 5 -1 -1 -1 -1 -1 -1 956887 1 15 16 16 13 4 5 2 3
0 0 0 0 1 6 1 0 6 2 3 3 5 -1 -1 -1 -1 -1 -1 957654 0 15 16 16 13 4 5 2 3
0 0 0 0 8 1 1 0 6 2 3 3 4 4 5 4 3 0 1 958420 0 15 16 16 13 4 4 2 3
0 0 0 0 6 1 1 0 6 2 3 3 4 -1 -1 -1 -1 -1 -1 959420 0 15 16 15 10 4 4 2 3
0 0 0 0 6 4 1 0 6 2 3 3 4 -1 -1 -1 -1 -1 -1 960420 1 15 16 15 10 4 4 2 3
0 0 0 0 1 6 1 0 6 2 3 3 5 -1 -1 -1 -1 -1 -1 961420 0 15 16 15 10 4 4 2 3
0 0 0 0 3 6 1 0 6 2 3 3 5 4 5 4 0 0 0 962386 0 15 16 15 10 4 6 2 3
0 0 0 0 1 1 6 0 6 2 3 3 6 -1 -1 -1 -1 -1 -1 963419 0 15 16 15 10 4 6 2 3
0 0 0 0 1 4 6 0 6 2 3 3 6 -1 -1 -1 -1 -1 -1 964419 1 15 16 15 10 4 6 2 3
0 0 0 0 1 1 6 0 6 2 3 3 6 -1 -1 -1 -1 -1 -1 965419 0 15 16 15 10 4 6 2 3
0 0 0 0 1 1 7 0 6 2 3 3 6 6 5 4 2 1 1 966385 0 15 16 15 10 4 6 2 3
0 0 0 0 1 6 1 0 6 2 3 3 5 -1 -1 -1 -1 -1 -1 967385 0 15 16 15 10 4 6 2 3
0 0 0 0 1 6 4 0 6 2 3 3 5 -1 -1 -1 -1 -1 -1 968385 1 15 16 15 10 4 6 2 3
0 0 0 0 1 6 1 0 6 2 3 3 5 -1 -1 -1 -1 -1 -1 969384 0 15 16 15 10 4 6 2 3
0 0 0 0 1 8 2 0 6 2 3 3 5 6 5 4 3 1 0 970384 0 15 16 15 10 4 4 2 3
0 0 0 0 1 6 1 0 6 2 3 3 5 -1 -1 -1 -1 -1 -1 971384 0 15 16 15 10 4 4 2 3
0 0 0 0 4 6 1 0 6 2 3 3 5 -1 -1 -1 -1 -1 -1 972384 1 15 16 15 10 4 4 2 3
0 0 0 0 1 6 1 0 6 2 3 3 5 -1 -1 -1 -1 -1 -1 973383 0 15 16 15 10 4 4 2 3
0 0 0 0 1 6 3 0 6 2 3 3 5 6 5 4 2 0 0 974250 0 15 16 15 12.5 4 5 2 3
0 0 0 0 1 6 1 0 6 2 3 3 5 -1 -1 -1 -1 -1 -1 975050 0 15 16 15 12.5 4 5 2 3
0 0 0 0 4 6 1 0 6 2 3 3 5 -1 -1 -1 -1 -1 -1 975949 1 15 16 15 10 4 5 2 3
0 0 0 0 1 1 6 0 6 2 3 3 6 -1 -1 -1 -1 -1 -1 976949 0 15 16 15 10 4 5 2 3
0 0 0 0 1 3 6 0 6 2 3 3 6 5 5 4 1 0 0 977949 0 15 16 15 10 4 8 0 3
0 0 0 0 1 1 6 0 6 2 3 3 6 -1 -1 -1 -1 -1 -1 978949 0 15 16 15 10 4 8 0 3
0 0 0 0 4 1 6 0 6 2 3 3 6 -1 -1 -1 -1 -1 -1 979949 1 15 16 15 10 4 8 0 3
0 0 0 0 1 6 1 0 7 2 3 3 5 -1 -1 -1 -1 -1 -1 986980 0 15 16 15 60 4 8 0 3
0 0 0 0 1 6 1 0 7 2 3 3 5 -1 -1 -1 -1 -1 -1 987147 0 15 16 15 60 4 8 0 3
0 0 0 0 1 6 1 0 7 2 3 3 5 -1 -1 -1 -1 -1 -1 987313 0 15 16 15 60 4 4 2 3
0 0 0 0 1 6 1 0 7 2 3 3 5 -1 -1 -1 -1 -1 -1 987480 0 15 16 15 50 4 4 2 3
0 0 0 0 1 6 1 0 7 2 3 3 5 -1 -1 -1 -1 -1 -1 987780 0 15 16 15 20 4 4 2 3
0 0 0 0 1 6 1 0 7 2 3 3 5 -1 -1 -1 -1 -1 -1 988713 0 15 16 15 10 4 4 2 3
0 0 0 0 1 6 1 0 7 2 3 3 5 -1 -1 -1 -1 -1 -1 989713 0 15 16 15 10 4 5 2 3
0 0 0 0 1 6 1 0 7 2 3 3 5 -1 -1 -1 -1 -1 -1 990713 0 15 16 15 10 4 5 2 3
0 0 0 0 1 6 1 0 7 2 3 3 5 -1 -1 -1 -1 -1 -1 991712 0 15 16 15 10 4 5 2 3
0 0 0 0 1 6 1 0 7 2 3 3 5 -1 -1 -1 -1 -1 -1 992712 0 15 16 15 10 4 5 2 3
0 0 0 0 3 6 1 0 7 2 3 3 5 4 5 4 0 0 0 993712 0 15 16 15 10 4 4 2 3
0 0 0 0 6 1 1 0 7 2 3 3 4 -1 -1 -1 -1 -1 -1 994712 0 15 16 15 10 4 4 2 3
0 0 0 0 6 4 1 0 7 2 3 3 4 -1 -1 -1 -1 -1 -1 995711 1 15 16 15 10 4 4 2 3
0 0 0 0 6 1 1 0 7 2 3 3 4 -1 -1 -1 -1 -1 -1 996711 0 15 16 15 10 4 4 2 3
0 0 0 0 3 6 1 0 7 2 3 3 5 4 5 4 0 0 0 997711 0 15 16 15 10 4 6 2 3
0 0 0 0 1 6 1 0 7 2 3 3 5 -1 -1 -1 -1 -1 -1 998711 0 15 16 15 10 4 6 2 3
0 0 0 0 4 6 1 0 7 2 3 3 5 -1 -1 -1 -1 -1 -1 999710 1 15 16 15 10 4 6 2 3
0 0 0 0 1 6 1 0 7 2 3 3 5 -1 -1 -1 -1 -1 -1 1000710 0 15 16 15 10 4 6 2 3
0 0 0 0 3 6 1 0 7 2 3 3 5 4 5 4 1 0 0 1001710 0 15 16 15 10 4 6 2 3
0 0 0 0 1 6 1 0 7 2 3 3 5 -1 -1 -1 -1 -1 -1 1002710 0 15 16 15 10 4 6 2 3
0 0 0 0 1 6 4 0 7 2 3 3 5 -1 -1 -1 -1 -1 -1 1003709 1 15 16 15 10 4 6 2 3
0 0 0 0 1 6 1 0 7 2 3 3 5 -1 -1 -1 -1 -1 -1 1004709 0 15 16 15 10 4 6 2 3
0 0 0 0 1 6 3 0 7 2 3 3 5 6 5 4 2 0 0 1005709 0 15 16 15 10 4 4 2 3
0 0 0 0 1 6 1 0 7 2 3 3 5 -1 -1 -1 -1 -1 -1 1006709 0 15 16 15 10 4 4 2 3
0 0 0 0 1 6 4 0 7 2 3 3 5 -1 -1 -1 -1 -1 -1 1007708 1 15 16 15 10 4 4 2 3
0 0 0 0 1 6 1 0 7 2 3 3 5 -1 -1 -1 -1 -1 -1 1008708 0 15 16 15 10 4 4 2 3
0 0 0 0 3 1 6 0 7 2 3 3 6 4 5 4 1 0 0 1009708 0 15 16 15 10 4 5 2 3
0 0 0 0 1 1 6 0 7 2 3 3 6 -1 -1 -1 -1 -1 -1 1010708 0 15 16 15 10 4 5 2 3
0 0 0 0 6 4 1 0 7 2 3 3 4 -1 -1 -1 -1 -1 -1 1011707 1 15 16 15 10 4 5 2 3
0 0 0 0 6 1 1 0 7 2 3 3 4 -1 -1 -1 -1 -1 -1 1012707 0 15 16 15 10 4 5 2 3
0 0 0 0 7 1 1 0 7 2 3 3 4 4 5 4 1 1 1 1013707 0 15 16 15 10 4 8 0 3
0 0 0 0 6 1 1 0 7 2 3 3 4 -1 -1 -1 -1 -1 -1 1014707 0 15 16 15 10 4 8 0 3
0 0 0 0 6 4 1 0 7 2 3 3 4 -1 -1 -1 -1 -1 -1 1015706 1 15 16 15 10 4 8 0 3
0 0 0 0 6 1 1 0 7 2 3 3 4 -1 -1 -1 -1 -1 -1 1016706 0 15 16 15 10 4 8 0 3
0 0 0 0 6 3 1 0 7 2 3 3 4 5 5 4 0 0 0 1017706 0 15 16 15 10 4 4 2 3
0 0 0 0 1 6 1 0 7 2 3 3 5 -1 -1 -1 -1 -1 -1 1018706 0 15 16 15 10 4 4 2 3
0 0 0 0 4 6 1 0 7 2 3 3 5 -1 -1 -1 -1 -1 -1 1019705 1 15 16 15 10 4 4 2 3
0 0 0 0 6 1 1 0 7 2 3 3 4 -1 -1 -1 -1 -1 -1 1020539 0 15 16 15 12.5 4 4 2 3
0 0 0 0 6 3 1 0 7 2 3 3 4 5 5 4 3 0 0 1021338 0 15 16 15 12.5 4 5 2 3
0 0 0 0 6 1 1 0 7 2 3 3 4 -1 -1 -1 -1 -1 -1 1022272 0 15 16 15 10 4 5 2 3
0 0 0 0 1 6 4 0 7 2 3 3 5 -1 -1 -1 -1 -1 -1 1023271 1 15 16 15 10 4 5 2 3
0 0 0 0 1 1 6 0 7 2 3 3 6 -1 -1 -1 -1 -1 -1 1024271 0 15 16 15 10 4 5 2 3
0 0 0 0 1 1 7 0 7 2 3 3 6 6 5 4 1 1 1 1025271 0 15 16 15 10 4 4 2 3
0 0 0 0 1 1 6 0 7 2 3 3 6 -1 -1 -1 -1 -1 -1 1026071 0 15 16 16 13 4 4 2 3
0 0 0 0 4 1 6 0 7 2 3 3 6 -1 -1 -1 -1 -1 -1 1026837 1 15 16 16 13 4 4 2 3
0 0 0 0 1 1 6 0 7 2 3 3 6 -1 -1 -1 -1 -1 -1 1027604 0 15 16 16 13 4 4 2 3
0 0 0 0 3 1 6 0 7 2 3 3 6 4 5 4 3 0 0 1028370 0 15 16 16 13 4 6 2 3
0 0 0 0 1 6 1 0 7 2 3 3 5 -1 -1 -1 -1 -1 -1 1029136 0 15 16 16 13 4 6 2 3
0 0 0 0 6 1 4 0 7 2 3 3 4 -1 -1 -1 -1 -1 -1 1029903 1 15 16 16 13 4 6 2 3
0 0 0 0 6 1 1 0 7 2 3 3 4 -1 -1 -1 -1 -1 -1 1030703 0 15 16 16 13 4 6 2 3
0 0 0 0 7 1 1 0 7 2 3 3 4 4 5 4 3 1 1 1031469 0 15 16 16 13 4 6 2 3
0 0 0 0 1 6 1 0 7 2 3 3 5 -1 -1 -1 -1 -1 -1 986980 0 15 16 15 60 4 8 0 3
0 0 0 0 1 6 1 0 7 2 3 3 5 -1 -1 -1 -1 -1 -1 987147 0 15 16 15 60 4 8 0 3
0 0 0 0 1 6 1 0 7 2 3 3 5 -1 -1 -1 -1 -1 -1 987313 0 15 16 15 60 4 4 2 3
0 0 0 0 1 6 1 0 7 2 3 3 5 -1 -1 -1 -1 -1 -1 987480 0 15 16 15 50 4 4 2 3
0 0 0 0 1 6 1 0 7 2 3 3 5 -1 -1 -1 -1 -1 -1 987780 0 15 16 15 20 4 4 2 3
0 0 0 0 1 6 1 0 7 2 3 3 5 -1 -1 -1 -1 -1 -1 988713 0 15 16 15 10 4 4 2 3
0 0 0 0 1 6 1 0 7 2 3 3 5 -1 -1 -1 -1 -1 -1 989713 0 15 16 15 10 4 5 2 3
0 0 0 0 1 6 1 0 7 2 3 3 5 -1 -1 -1 -1 -1 -1 990713 0 15 16 15 10 4 5 2 3
0 0 0 0 1 6 1 0 7 2 3 3 5 -1 -1 -1 -1 -1 -1 991712 0 15 16 15 10 4 5 2 3
0 0 0 0 1 6 1 0 7 2 3 3 5 -1 -1 -1 -1 -1 -1 992712 0 15 16 15 10 4 5 2 3
0 0 0 0 3 6 1 0 7 2 3 3 5 4 5 4 0 0 0 993712 0 15 16 15 10 4 4 2 3
0 0 0 0 6 1 1 0 7 2 3 3 4 -1 -1 -1 -1 -1 -1 994712 0 15 16 15 10 4 4 2 3
0 0 0 0 6 4 1 0 7 2 3 3 4 -1 -1 -1 -1 -1 -1 995711 1 15 16 15 10 4 4 2 3
0 0 0 0 6 1 1 0 7 2 3 3 4 -1 -1 -1 -1 -1 -1 996711 0 15 16 15 10 4 4 2 3
0 0 0 0 3 6 1 0 7 2 3 3 5 4 5 4 0 0 0 997711 0 15 16 15 10 4 6 2 3
0 0 0 0 1 6 1 0 7 2 3 3 5 -1 -1 -1 -1 -1 -1 998711 0 15 16 15 10 4 6 2 3
0 0 0 0 4 6 1 0 7 2 3 3 5 -1 -1 -1 -1 -1 -1 999710 1 15 16 15 10 4 6 2 3
0 0 0 0 1 6 1 0 7 2 3 3 5 -1 -1 -1 -1 -1 -1 1000710 0 15 16 15 10 4 6 2 3
0 0 0 0 3 6 1 0 7 2 3 3 5 4 5 4 1 0 0 1001710 0 15 16 15 10 4 6 2 3
0 0 0 0 1 6 1 0 7 2 3 3 5 -1 -1 -1 -1 -1 -1 1002710 0 15 16 15 10 4 6 2 3
0 0 0 0 1 6 4 0 7 2 3 3 5 -1 -1 -1 -1 -1 -1 1003709 1 15 16 15 10 4 6 2 3
0 0 0 0 1 6 1 0 7 2 3 3 5 -1 -1 -1 -1 -1 -1 1004709 0 15 16 15 10 4 6 2 3
0 0 0 0 1 6 3 0 7 2 3 3 5 6 5 4 2 0 0 1005709 0 15 16 15 10 4 4 2 3
0 0 0 0 1 6 1 0 7 2 3 3 5 -1 -1 -1 -1 -1 -1 1006709 0 15 16 15 10 4 4 2 3
0 0 0 0 1 6 4 0 7 2 3 3 5 -1 -1 -1 -1 -1 -1 1007708 1 15 16 15 10 4 4 2 3
0 0 0 0 1 6 1 0 7 2 3 3 5 -1 -1 -1 -1 -1 -1 1008708 0 15 16 15 10 4 4 2 3
0 0 0 0 3 1 6 0 7 2 3 3 6 4 5 4 1 0 0 1009708 0 15 16 15 10 4 5 2 3
0 0 0 0 1 1 6 0 7 2 3 3 6 -1 -1 -1 -1 -1 -1 1010708 0 15 16 15 10 4 5 2 3
0 0 0 0 6 4 1 0 7 2 3 3 4 -1 -1 -1 -1 -1 -1 1011707 1 15 16 15 10 4 5 2 3
0 0 0 0 6 1 1 0 7 2 3 3 4 -1 -1 -1 -1 -1 -1 1012707 0 15 16 15 10 4 5 2 3
0 0 0 0 7 1 1 0 7 2 3 3 4 4 5 4 1 1 1 1013707 0 15 16 15 10 4 8 0 3
0 0 0 0 6 1 1 0 7 2 3 3 4 -1 -1 -1 -1 -1 -1 1014707 0 15 16 15 10 4 8 0 3
0 0 0 0 6 4 1 0 7 2 3 3 4 -1 -1 -1 -1 -1 -1 1015706 1 15 16 15 10 4 8 0 3
0 0 0 0 6 1 1 0 7 2 3 3 4 -1 -1 -1 -1 -1 -1 1016706 0 15 16 15 10 4 8 0 3
0 0 0 0 6 3 1 0 7 2 3 3 4 5 5 4 0 0 0 1017706 0 15 16 15 10 4 4 2 3
0 0 0 0 1 6 1 0 7 2 3 3 5 -1 -1 -1 -1 -1 -1 1018706 0 15 16 15 10 4 4 2 3
0 0 0 0 4 6 1 0 7 2 3 3 5 -1 -1 -1 -1 -1 -1 1019705 1 15 16 15 10 4 4 2 3
0 0 0 0 6 1 1 0 7 2 3 3 4 -1 -1 -1 -1 -1 -1 1020539 0 15 16 15 12.5 4 4 2 3
0 0 0 0 6 3 1 0 7 2 3 3 4 5 5 4 3 0 0 1021338 0 15 16 15 12.5 4 5 2 3
0 0 0 0 6 1 1 0 7 2 3 3 4 -1 -1 -1 -1 -1 -1 1022272 0 15 16 15 10 4 5 2 3
0 0 0 0 1 6 4 0 7 2 3 3 5 -1 -1 -1 -1 -1 -1 1023271 1 15 16 15 10 4 5 2 3
0 0 0 0 1 1 6 0 7 2 3 3 6 -1 -1 -1 -1 -1 -1 1024271 0 15 16 15 10 4 5 2 3
0 0 0 0 1 1 7 0 7 2 3 3 6 6 5 4 1 1 1 1025271 0 15 16 15 10 4 4 2 3
0 0 0 0 1 1 6 0 7 2 3 3 6 -1 -1 -1 -1 -1 -1 1026071 0 15 16 16 13 4 4 2 3
0 0 0 0 4 1 6 0 7 2 3 3 6 -1 -1 -1 -1 -1 -1 1026837 1 15 16 16 13 4 4 2 3
0 0 0 0 1 1 6 0 7 2 3 3 6 -1 -1 -1 -1 -1 -1 1027604 0 15 16 16 13 4 4 2 3
0 0 0 0 3 1 6 0 7 2 3 3 6 4 5 4 3 0 0 1028370 0 15 16 16 13 4 6 2 3
0 0 0 0 1 6 1 0 7 2 3 3 5 -1 -1 -1 -1 -1 -1 1029136 0 15 16 16 13 4 6 2 3
0 0 0 0 6 1 4 0 7 2 3 3 4 -1 -1 -1 -1 -1 -1 1029903 1 15 16 16 13 4 6 2 3
0 0 0 0 6 1 1 0 7 2 3 3 4 -1 -1 -1 -1 -1 -1 1030703 0 15 16 16 13 4 6 2 3
0 0 0 0 7 1 1 0 7 2 3 3 4 4 5 4 3 1 1 1031469 0 15 16 16 13 4 6 2 3
