% Tunnel Log: 
% debug seed: 1462490978
%
% SegEncNW { '0'=no panel, '1'=panel, '4'=obstacle, '5'=collided obstacle, '6'=player, '7'=player right, '8'=player wrong, '2'=target, '3'=fake }
% SegEncN
% SegEncNE
% SegEncE
% SegEncSE
% SegEncS
% SegEncSW
% SegEncW
% Event Number { 0, inf }
% Task Type { 0=Color/Sound, 1=Shape/Sound, 2=Sound, 3=Navigation, 4=Speed, 5=Training 6=Recess, 7=Special 2-Back }
% N-Back { 0, inf }
% Navigation Level { 0, inf }
% Player Loc { 0=Northwest ... 7=West }
% Pod Loc { -1=N/A, 0=Northwest ... 7=West }
% Pod Color { -1, inf }
% Pod Shape { -1, inf }
% Pod Sound { -1, inf }
% Pod Match { -1=N/A, 0=No, 1=Yes }
% Pod Taken { -1=N/A, 0=No, 1=Yes }
% Timestamp (ms)
% Num Obstacles { 0, inf }
% Min Speed { 0, inf }
% Max Speed { 0, inf }
% Base Speed { 0, inf }
% Final Speed { 0, inf }
% Navigation Score { 0, inf }
% Segment Direction { 0=Northwest ... 7=West }
% Segment Angle { 0, inf }
% Segment Panels { 0, inf }
%
% SegEncNW SecEncN SegEncNE SegEncE SegEncSE SegEncS SegEncSW SegEncW EventNumber TaskType N-Back Navigation PlayerLoc PodLoc PodColor PodShape PodSound PodMatch PodTaken Timestamp NumObs MinSpeed MaxSpeed BaseSpeed FinalSpeed NavScore SegmentDir SegmentAngle SegmentPanels
0 0 0 0 1 6 1 0 0 3 1 0 5 -1 -1 -1 -1 -1 -1 22166 0 15 40 15 60 2 8 0 3
0 0 0 0 1 6 1 0 0 3 1 0 5 -1 -1 -1 -1 -1 -1 22266 0 15 40 15 60 2 8 0 3
0 0 0 0 1 6 1 0 0 3 1 0 5 -1 -1 -1 -1 -1 -1 22433 0 15 40 15 60 2 8 0 3
0 0 0 0 1 6 1 0 0 3 1 0 5 -1 -1 -1 -1 -1 -1 22599 0 15 40 15 60 2 6 2 3
0 0 0 0 1 6 1 0 0 3 1 0 5 -1 -1 -1 -1 -1 -1 22766 0 15 40 15 50 2 6 2 3
0 0 0 0 1 6 1 0 0 3 1 0 5 -1 -1 -1 -1 -1 -1 23066 0 15 40 15 20 2 6 2 3
0 0 0 0 1 6 1 0 0 3 1 0 5 -1 -1 -1 -1 -1 -1 23999 0 15 40 15 10 2 6 2 3
0 0 0 0 1 6 1 0 0 3 1 0 5 -1 -1 -1 -1 -1 -1 24999 0 15 40 15 10 2 4 2 3
0 0 0 0 1 6 1 0 0 3 1 0 5 -1 -1 -1 -1 -1 -1 25999 0 15 40 15 10 2 4 2 3
0 0 0 0 1 6 1 0 0 3 1 0 5 -1 -1 -1 -1 -1 -1 26999 0 15 40 15 10 2 4 2 3
0 0 0 0 1 6 1 0 0 3 1 0 5 -1 -1 -1 -1 -1 -1 27999 0 15 40 15 10 2 4 2 3
0 0 0 0 2 8 1 0 0 3 1 0 5 4 5 4 4 1 0 28999 0 15 40 15 10 2 4 2 3
0 0 0 0 1 6 1 0 0 3 1 0 5 -1 -1 -1 -1 -1 -1 29999 0 15 40 15 10 2 4 2 3
0 0 0 0 6 1 1 0 0 3 1 0 4 -1 -1 -1 -1 -1 -1 30999 0 15 40 15 10 2 4 2 3
0 0 0 0 6 1 1 0 0 3 1 0 4 -1 -1 -1 -1 -1 -1 31999 0 15 40 15 10 2 4 2 3
0 0 0 0 7 1 1 0 0 3 1 0 4 4 5 4 4 1 1 32999 0 15 40 15 10 2 5 2 3
0 0 0 0 1 6 1 0 0 3 1 0 5 -1 -1 -1 -1 -1 -1 33999 0 15 40 15 10 2 5 2 3
0 0 0 0 1 1 6 0 0 3 1 0 6 -1 -1 -1 -1 -1 -1 34999 0 15 40 15 10 2 5 2 3
0 0 0 0 1 1 6 0 0 3 1 0 6 -1 -1 -1 -1 -1 -1 35999 0 15 40 15 10 2 5 2 3
0 0 0 0 1 1 7 0 0 3 1 0 6 6 5 4 4 1 1 36999 0 15 40 15 10 2 6 2 3
0 0 0 0 1 1 6 0 0 3 1 0 6 -1 -1 -1 -1 -1 -1 37799 0 15 40 16 13 2 6 2 3
0 0 0 0 6 1 1 0 0 3 1 0 4 -1 -1 -1 -1 -1 -1 38566 0 15 40 16 13 2 6 2 3
0 0 0 0 6 1 1 0 0 3 1 0 4 -1 -1 -1 -1 -1 -1 39366 0 15 40 16 13 2 6 2 3
0 0 0 1 7 1 1 1 0 3 1 0 4 4 5 4 4 1 1 40133 0 15 40 16 13 2 4 2 5
0 0 0 1 6 1 1 1 0 3 1 1 4 -1 -1 -1 -1 -1 -1 40899 0 15 40 16 13 2 4 2 5
0 0 0 1 6 1 1 1 0 3 1 1 4 -1 -1 -1 -1 -1 -1 41666 0 15 40 16 13 2 4 2 5
0 0 0 1 6 1 1 1 0 3 1 1 4 -1 -1 -1 -1 -1 -1 42433 0 15 40 16 13 2 4 2 5
0 0 0 1 7 1 1 1 0 3 1 1 4 4 5 4 4 1 1 43199 0 15 40 16 13 2 4 2 5
0 0 0 1 6 1 1 1 0 3 1 1 4 -1 -1 -1 -1 -1 -1 43833 0 15 40 17 16 2 4 2 5
0 0 0 1 1 1 6 1 0 3 1 1 6 -1 -1 -1 -1 -1 -1 44466 0 15 40 17 16 2 4 2 5
0 0 0 1 1 1 6 1 0 3 1 1 6 -1 -1 -1 -1 -1 -1 45099 0 15 40 17 16 2 4 2 5
0 0 0 1 1 1 7 1 0 3 1 1 6 6 5 4 4 1 1 45732 0 15 40 17 16 2 8 0 5
0 0 0 1 1 1 6 1 0 3 1 1 6 -1 -1 -1 -1 -1 -1 46332 0 15 40 17 16 2 8 0 5
0 0 0 1 1 1 1 6 0 3 1 1 7 -1 -1 -1 -1 -1 -1 46966 0 15 40 17 16 2 8 0 5
0 0 0 1 1 1 1 6 0 3 1 1 7 -1 -1 -1 -1 -1 -1 47599 0 15 40 17 16 2 8 0 5
0 0 0 1 1 1 1 7 0 3 1 1 7 7 5 4 4 1 1 48232 0 15 40 17 16 2 6 2 5
0 0 0 1 1 1 1 6 0 3 1 1 7 -1 -1 -1 -1 -1 -1 48766 0 15 40 18 19 2 6 2 5
0 0 0 1 1 1 1 6 0 3 1 1 7 -1 -1 -1 -1 -1 -1 49299 0 15 40 18 19 2 6 2 5
0 0 0 1 1 1 1 6 0 3 1 1 7 -1 -1 -1 -1 -1 -1 49799 0 15 40 18 19 2 6 2 5
0 0 0 1 1 1 1 7 0 3 1 1 7 7 5 4 4 1 1 50332 0 15 40 18 19 2 4 2 5
0 0 0 1 1 1 1 6 0 3 1 1 7 -1 -1 -1 -1 -1 -1 50866 0 15 40 18 19 2 4 2 5
0 0 0 1 1 1 6 1 0 3 1 1 6 -1 -1 -1 -1 -1 -1 51399 0 15 40 18 19 2 4 2 5
0 0 0 1 1 1 6 1 0 3 1 1 6 -1 -1 -1 -1 -1 -1 51932 0 15 40 18 19 2 4 2 5
0 0 0 1 1 1 7 1 0 3 1 1 6 6 5 4 4 1 1 52432 0 15 40 18 19 2 4 2 5
0 0 0 1 1 1 6 1 0 3 1 1 6 -1 -1 -1 -1 -1 -1 52932 0 15 40 19 21 2 4 2 5
0 0 0 1 1 1 1 6 0 3 1 1 7 -1 -1 -1 -1 -1 -1 53399 0 15 40 19 21 2 4 2 5
0 0 0 1 1 1 1 6 0 3 1 1 7 -1 -1 -1 -1 -1 -1 53866 0 15 40 19 21 2 4 2 5
0 0 0 1 1 1 1 7 0 3 1 1 7 7 5 4 4 1 1 54366 0 15 40 19 21 2 5 2 5
0 0 0 1 1 1 1 6 0 3 1 2 7 -1 -1 -1 -1 -1 -1 54832 0 15 40 19 21 2 5 2 5
0 0 0 1 1 6 1 1 0 3 1 2 5 -1 -1 -1 -1 -1 -1 55299 0 15 40 19 21 2 5 2 5
0 0 0 1 1 6 1 1 0 3 1 2 5 -1 -1 -1 -1 -1 -1 55799 0 15 40 19 21 2 5 2 5
0 0 0 1 1 7 1 1 0 3 1 2 5 5 5 4 4 1 1 56266 0 15 40 19 21 2 6 2 5
0 0 0 1 1 6 1 1 0 3 1 2 5 -1 -1 -1 -1 -1 -1 56732 0 15 40 20 22 2 6 2 5
0 0 0 1 6 1 4 1 0 3 1 2 4 -1 -1 -1 -1 -1 -1 57166 1 15 40 20 22 2 6 2 5
0 0 0 1 6 1 1 1 0 3 1 2 4 -1 -1 -1 -1 -1 -1 57632 0 15 40 20 22 2 6 2 5
0 0 0 1 7 1 1 1 0 3 1 2 4 4 5 4 4 1 1 58066 0 15 40 20 22 2 4 2 5
0 0 0 1 1 6 1 1 0 3 1 2 5 -1 -1 -1 -1 -1 -1 58532 0 15 40 20 22 2 4 2 5
0 0 0 1 4 6 1 1 0 3 1 2 5 -1 -1 -1 -1 -1 -1 58999 1 15 40 20 22 2 4 2 5
0 0 0 1 1 6 1 1 0 3 1 2 5 -1 -1 -1 -1 -1 -1 59432 0 15 40 20 22 2 4 2 5
0 0 0 1 1 7 1 1 0 3 1 2 5 5 5 4 4 1 1 59899 0 15 40 20 22 2 4 2 5
0 0 0 1 1 6 1 1 0 3 1 2 5 -1 -1 -1 -1 -1 -1 60332 0 15 40 21 23 2 4 2 5
0 0 0 1 1 6 4 1 0 3 1 2 5 -1 -1 -1 -1 -1 -1 60766 1 15 40 21 23 2 4 2 5
0 0 0 1 1 1 6 1 0 3 1 2 6 -1 -1 -1 -1 -1 -1 61199 0 15 40 21 23 2 4 2 5
0 0 0 1 1 1 7 1 0 3 1 2 6 6 5 4 4 1 1 61632 0 15 40 21 23 2 8 0 5
0 0 0 1 1 1 6 1 0 3 1 2 6 -1 -1 -1 -1 -1 -1 62066 0 15 40 21 23 2 8 0 5
0 0 0 1 6 1 1 4 0 3 1 2 4 -1 -1 -1 -1 -1 -1 62499 1 15 40 21 23 2 8 0 5
0 0 0 1 6 1 1 1 0 3 1 2 4 -1 -1 -1 -1 -1 -1 62932 0 15 40 21 23 2 8 0 5
0 0 0 1 7 1 1 1 0 3 1 2 4 4 5 4 4 1 1 63366 0 15 40 21 23 2 6 2 5
0 0 0 1 6 1 1 1 0 3 1 2 4 -1 -1 -1 -1 -1 -1 63799 0 15 40 22 24 2 6 2 5
0 0 0 1 6 1 1 4 0 3 1 2 4 -1 -1 -1 -1 -1 -1 64199 1 15 40 22 24 2 6 2 5
0 0 0 1 6 1 1 1 0 3 1 2 4 -1 -1 -1 -1 -1 -1 64632 0 15 40 22 24 2 6 2 5
0 0 0 1 7 1 1 1 0 3 1 2 4 4 5 4 4 1 1 65032 0 15 40 22 24 2 4 2 5
0 0 0 1 6 1 1 1 0 3 1 2 4 -1 -1 -1 -1 -1 -1 65466 0 15 40 22 24 2 4 2 5
0 0 0 1 1 6 1 4 0 3 1 2 5 -1 -1 -1 -1 -1 -1 65866 1 15 40 22 24 2 4 2 5
0 0 0 1 1 6 1 1 0 3 1 2 5 -1 -1 -1 -1 -1 -1 66299 0 15 40 22 24 2 4 2 5
0 0 0 1 1 7 1 1 0 3 1 2 5 5 5 4 4 1 1 66699 0 15 40 22 24 2 4 2 5
0 0 0 1 1 6 1 1 0 3 1 2 5 -1 -1 -1 -1 -1 -1 67099 0 15 40 23 25 2 4 2 5
0 0 0 6 1 1 4 1 0 3 1 2 3 -1 -1 -1 -1 -1 -1 67499 1 15 40 23 25 2 4 2 5
0 0 0 6 1 1 1 1 0 3 1 2 3 -1 -1 -1 -1 -1 -1 67899 0 15 40 23 25 2 4 2 5
0 0 0 7 1 1 1 1 0 3 1 2 3 3 5 4 4 1 1 68299 0 15 40 23 25 2 5 2 5
0 0 0 6 1 1 1 1 0 3 1 2 3 -1 -1 -1 -1 -1 -1 68699 0 15 40 23 25 2 5 2 5
0 0 0 1 1 6 4 1 0 3 1 2 5 -1 -1 -1 -1 -1 -1 69099 1 15 40 23 25 2 5 2 5
0 0 0 1 1 6 1 1 0 3 1 2 5 -1 -1 -1 -1 -1 -1 69499 0 15 40 23 25 2 5 2 5
0 0 0 1 1 7 1 1 0 3 1 2 5 5 5 4 4 1 1 69899 0 15 40 23 25 2 6 2 5
0 0 0 1 1 6 1 1 0 3 1 2 5 -1 -1 -1 -1 -1 -1 70299 0 15 40 24 25.5 2 6 2 5
0 0 0 1 4 6 1 1 0 3 1 2 5 -1 -1 -1 -1 -1 -1 70699 1 15 40 24 25.5 2 6 2 5
0 0 0 1 1 6 1 1 0 3 1 2 5 -1 -1 -1 -1 -1 -1 71099 0 15 40 24 25.5 2 6 2 5
0 0 0 1 1 7 1 1 0 3 1 2 5 5 5 4 4 1 1 71499 0 15 40 24 25.5 2 4 2 5
0 0 0 1 6 1 1 1 0 3 1 2 4 -1 -1 -1 -1 -1 -1 71865 0 15 40 24 25.5 2 4 2 5
0 0 0 1 6 4 1 1 0 3 1 2 4 -1 -1 -1 -1 -1 -1 72265 1 15 40 24 25.5 2 4 2 5
0 0 0 1 1 6 1 1 0 3 1 2 5 -1 -1 -1 -1 -1 -1 72665 0 15 40 24 25.5 2 4 2 5
0 0 0 1 1 1 1 7 0 3 1 2 7 7 5 4 4 1 1 73065 0 15 40 24 25.5 2 4 2 5
0 0 0 1 1 1 1 6 0 3 1 2 7 -1 -1 -1 -1 -1 -1 73432 0 15 40 25 26 2 4 2 5
0 0 0 4 1 1 6 1 0 3 1 2 6 -1 -1 -1 -1 -1 -1 73832 1 15 40 25 26 2 4 2 5
0 0 0 1 1 6 1 1 0 3 1 2 5 -1 -1 -1 -1 -1 -1 74199 0 15 40 25 26 2 4 2 5
0 0 0 1 1 7 1 1 0 3 1 2 5 5 5 4 4 1 1 74599 0 15 40 25 26 2 8 0 5
0 0 0 1 1 6 1 1 0 3 1 2 5 -1 -1 -1 -1 -1 -1 74965 0 15 40 25 26 2 8 0 5
0 0 0 1 4 1 6 1 0 3 1 2 6 -1 -1 -1 -1 -1 -1 75365 1 15 40 25 26 2 8 0 5
0 0 0 1 1 1 6 1 0 3 1 2 6 -1 -1 -1 -1 -1 -1 75732 0 15 40 25 26 2 8 0 5
0 0 0 1 1 1 7 1 0 3 1 2 6 6 5 4 4 1 1 76132 0 15 40 25 26 2 6 2 5
0 0 0 1 1 1 6 1 0 3 1 2 6 -1 -1 -1 -1 -1 -1 76499 0 15 40 26 26.5 2 6 2 5
0 0 0 4 6 1 1 1 0 3 1 2 4 -1 -1 -1 -1 -1 -1 76899 1 15 40 26 26.5 2 6 2 5
0 0 0 1 6 1 1 1 0 3 1 2 4 -1 -1 -1 -1 -1 -1 77265 0 15 40 26 26.5 2 6 2 5
0 0 0 1 7 1 1 1 0 3 1 2 4 4 5 4 4 1 1 77632 0 15 40 26 26.5 2 4 2 5
0 0 0 1 1 6 1 1 0 3 1 2 5 -1 -1 -1 -1 -1 -1 78032 0 15 40 26 26.5 2 4 2 5
0 0 0 1 4 6 1 1 0 3 1 2 5 -1 -1 -1 -1 -1 -1 78399 1 15 40 26 26.5 2 4 2 5
0 0 0 1 6 1 1 1 0 3 1 2 4 -1 -1 -1 -1 -1 -1 78765 0 15 40 26 26.5 2 4 2 5
0 0 0 1 7 1 1 1 0 3 1 2 4 4 5 4 4 1 1 79132 0 15 40 26 26.5 2 4 2 5
0 0 0 1 1 6 1 1 0 3 1 2 5 -1 -1 -1 -1 -1 -1 79532 0 15 40 27 27 2 4 2 5
0 0 0 4 1 6 1 1 0 3 1 2 5 -1 -1 -1 -1 -1 -1 79899 1 15 40 27 27 2 4 2 5
0 0 0 1 1 6 1 1 0 3 1 2 5 -1 -1 -1 -1 -1 -1 80265 0 15 40 27 27 2 4 2 5
0 0 0 1 1 7 1 1 0 3 1 2 5 5 5 4 4 1 1 80632 0 15 40 27 27 2 5 2 5
0 0 0 1 1 6 1 1 0 3 1 2 5 -1 -1 -1 -1 -1 -1 80999 0 15 40 27 27 2 5 2 5
0 0 0 1 6 1 4 1 0 3 1 2 4 -1 -1 -1 -1 -1 -1 81365 1 15 40 27 27 2 5 2 5
0 0 0 1 6 1 1 1 0 3 1 2 4 -1 -1 -1 -1 -1 -1 81732 0 15 40 27 27 2 5 2 5
0 0 0 1 7 1 1 1 0 3 1 2 4 4 5 4 4 1 1 82099 0 15 40 27 27 2 6 2 5
0 0 0 0 1 6 1 0 1 4 1 0 5 -1 -1 -1 -1 -1 -1 90065 0 15 40 15 60 2 8 0 3
0 0 0 0 1 6 1 0 1 4 1 0 5 -1 -1 -1 -1 -1 -1 90232 0 15 40 15 60 2 8 0 3
0 0 0 0 1 6 1 0 1 4 1 0 5 -1 -1 -1 -1 -1 -1 90398 0 15 40 15 60 2 5 2 3
0 0 0 0 1 6 1 0 1 4 1 0 5 -1 -1 -1 -1 -1 -1 90565 0 15 40 15 50 2 5 2 3
0 0 0 0 1 6 1 0 1 4 1 0 5 -1 -1 -1 -1 -1 -1 90865 0 15 40 15 20 2 5 2 3
0 0 0 0 1 6 1 0 1 4 1 0 5 -1 -1 -1 -1 -1 -1 91798 0 15 40 15 10 2 5 2 3
0 0 0 0 1 6 1 0 1 4 1 0 5 -1 -1 -1 -1 -1 -1 92798 0 15 40 15 10 2 5 2 3
0 0 0 0 1 6 1 0 1 4 1 0 5 -1 -1 -1 -1 -1 -1 93798 0 15 40 15 10 2 5 2 3
0 0 0 0 1 6 1 0 1 4 1 0 5 -1 -1 -1 -1 -1 -1 94798 0 15 40 15 10 2 5 2 3
0 0 0 0 1 6 1 0 1 4 1 0 5 -1 -1 -1 -1 -1 -1 95798 0 15 40 15 10 2 5 2 3
0 0 0 0 1 6 3 0 1 4 1 0 5 6 2 5 0 0 0 96798 0 15 40 15 10 2 4 2 3
0 0 0 0 6 1 1 0 1 4 1 0 4 -1 -1 -1 -1 -1 -1 97798 0 15 40 15 10 2 4 2 3
0 0 0 0 6 1 1 0 1 4 1 0 4 -1 -1 -1 -1 -1 -1 98798 0 15 40 15 10 2 4 2 3
0 0 0 0 6 1 1 0 1 4 1 0 4 -1 -1 -1 -1 -1 -1 99798 0 15 40 15 10 2 4 2 3
0 0 0 0 7 1 1 0 1 4 1 0 4 4 2 5 0 1 1 100798 0 15 40 15 10 2 4 2 3
0 0 0 0 6 1 1 0 1 4 1 0 4 -1 -1 -1 -1 -1 -1 101798 0 15 40 15 10 2 4 2 3
0 0 0 0 6 1 1 0 1 4 1 0 4 -1 -1 -1 -1 -1 -1 102798 0 15 40 15 10 2 4 2 3
0 0 0 0 6 1 1 0 1 4 1 0 4 -1 -1 -1 -1 -1 -1 103798 0 15 40 15 10 2 4 2 3
0 0 0 0 6 1 3 0 1 4 1 0 4 6 1 7 2 0 0 104798 0 15 40 15 10 2 5 2 3
0 0 0 0 6 1 1 0 1 4 1 0 4 -1 -1 -1 -1 -1 -1 105798 0 15 40 15 10 2 5 2 3
0 0 0 0 6 1 1 0 1 4 1 0 4 -1 -1 -1 -1 -1 -1 106798 0 15 40 15 10 2 5 2 3
0 0 0 0 6 1 1 0 1 4 1 0 4 -1 -1 -1 -1 -1 -1 107798 0 15 40 15 10 2 5 2 3
0 0 0 1 6 1 3 1 1 4 1 0 4 6 0 6 1 0 0 108798 0 15 40 15 10 2 5 2 5
0 0 0 1 6 1 1 1 1 4 1 1 4 -1 -1 -1 -1 -1 -1 109798 0 15 40 15 10 2 5 2 5
0 0 0 1 6 1 1 1 1 4 1 1 4 -1 -1 -1 -1 -1 -1 110798 0 15 40 15 10 2 5 2 5
0 0 0 1 6 1 1 1 1 4 1 1 4 -1 -1 -1 -1 -1 -1 111798 0 15 40 15 10 2 5 2 5
0 0 0 1 6 3 1 1 1 4 1 1 4 5 2 5 0 0 0 112798 0 15 40 15 10 2 4 2 5
0 0 0 1 6 1 1 1 1 4 1 1 4 -1 -1 -1 -1 -1 -1 113798 0 15 40 15 10 2 4 2 5
0 0 0 1 6 1 1 1 1 4 1 1 4 -1 -1 -1 -1 -1 -1 114798 0 15 40 15 10 2 4 2 5
0 0 0 1 6 1 1 1 1 4 1 1 4 -1 -1 -1 -1 -1 -1 115798 0 15 40 15 10 2 4 2 5
0 0 0 3 6 1 1 1 1 4 1 1 4 3 1 7 2 0 0 116798 0 15 40 15 10 2 8 0 5
0 0 0 1 1 6 1 1 1 4 1 1 5 -1 -1 -1 -1 -1 -1 117798 0 15 40 15 10 2 8 0 5
0 0 0 1 1 6 1 1 1 4 1 1 5 -1 -1 -1 -1 -1 -1 118798 0 15 40 15 10 2 8 0 5
0 0 0 1 1 6 1 1 1 4 1 1 5 -1 -1 -1 -1 -1 -1 119798 0 15 40 15 10 2 8 0 5
0 0 0 1 3 6 1 1 1 4 1 1 5 4 0 6 1 0 0 120798 0 15 40 15 10 2 5 2 5
0 0 0 1 1 6 1 1 1 4 1 1 5 -1 -1 -1 -1 -1 -1 121798 0 15 40 15 10 2 5 2 5
0 0 0 1 1 6 1 1 1 4 1 1 5 -1 -1 -1 -1 -1 -1 122798 0 15 40 15 10 2 5 2 5
0 0 0 1 1 6 1 1 1 4 1 1 5 -1 -1 -1 -1 -1 -1 123798 0 15 40 15 10 2 5 2 5
0 0 0 1 1 7 1 1 1 4 1 1 5 5 0 6 1 1 1 124798 0 15 40 15 10 2 5 2 5
0 0 0 1 1 6 1 1 1 4 1 1 5 -1 -1 -1 -1 -1 -1 125598 0 15 40 16 13 2 5 2 5
0 0 0 6 1 1 1 1 1 4 1 1 3 -1 -1 -1 -1 -1 -1 126365 0 15 40 16 13 2 5 2 5
0 0 0 6 1 1 1 1 1 4 1 1 3 -1 -1 -1 -1 -1 -1 127131 0 15 40 16 13 2 5 2 5
0 0 0 7 1 1 1 1 1 4 1 1 3 3 0 6 1 1 1 127931 0 15 40 16 13 2 4 2 5
0 0 0 1 6 1 1 1 1 4 1 1 4 -1 -1 -1 -1 -1 -1 128698 0 15 40 16 13 2 4 2 5
0 0 0 1 1 6 1 1 1 4 1 1 5 -1 -1 -1 -1 -1 -1 129465 0 15 40 16 13 2 4 2 5
0 0 0 1 1 6 1 1 1 4 1 1 5 -1 -1 -1 -1 -1 -1 130232 0 15 40 16 13 2 4 2 5
0 0 0 1 3 1 6 1 1 4 1 1 6 4 3 8 3 0 0 130999 0 15 40 16 13 2 4 2 5
0 0 0 1 1 6 1 1 1 4 1 2 5 -1 -1 -1 -1 -1 -1 131765 0 15 40 16 13 2 4 2 5
0 0 0 1 1 1 6 1 1 4 1 2 6 -1 -1 -1 -1 -1 -1 132532 0 15 40 16 13 2 4 2 5
0 0 0 1 1 1 6 1 1 4 1 2 6 -1 -1 -1 -1 -1 -1 133299 0 15 40 16 13 2 4 2 5
0 0 0 1 1 3 6 1 1 4 1 2 6 5 0 6 1 0 0 134066 0 15 40 16 13 2 5 2 5
0 0 0 1 1 1 6 1 1 4 1 2 6 -1 -1 -1 -1 -1 -1 134833 0 15 40 16 13 2 5 2 5
0 0 0 4 1 1 1 6 1 4 1 2 7 -1 -1 -1 -1 -1 -1 135600 1 15 40 16 13 2 5 2 5
0 0 0 1 1 1 6 1 1 4 1 2 6 -1 -1 -1 -1 -1 -1 136366 0 15 40 16 13 2 5 2 5
0 0 0 1 1 3 1 6 1 4 1 2 7 5 1 7 2 0 0 137133 0 15 40 16 13 2 5 2 5
0 0 0 1 1 1 1 6 1 4 1 2 7 -1 -1 -1 -1 -1 -1 137900 0 15 40 16 13 2 5 2 5
0 0 0 1 1 1 4 6 1 4 1 2 7 -1 -1 -1 -1 -1 -1 138700 1 15 40 16 13 2 5 2 5
0 0 0 1 1 6 1 1 1 4 1 2 5 -1 -1 -1 -1 -1 -1 139467 0 15 40 16 13 2 5 2 5
0 0 0 1 1 6 1 3 1 4 1 2 5 7 3 8 3 0 0 140234 0 15 40 16 13 2 4 2 5
0 0 0 1 1 6 1 1 1 4 1 2 5 -1 -1 -1 -1 -1 -1 141001 0 15 40 16 13 2 4 2 5
0 0 0 4 6 1 1 1 1 4 1 2 4 -1 -1 -1 -1 -1 -1 141767 1 15 40 16 13 2 4 2 5
0 0 0 1 1 6 1 1 1 4 1 2 5 -1 -1 -1 -1 -1 -1 142534 0 15 40 16 13 2 4 2 5
0 0 0 1 1 6 3 1 1 4 1 2 5 6 2 5 0 0 0 143301 0 15 40 16 13 2 8 0 5
0 0 0 1 1 6 1 1 1 4 1 2 5 -1 -1 -1 -1 -1 -1 144068 0 15 40 16 13 2 8 0 5
0 0 0 4 6 1 1 1 1 4 1 2 4 -1 -1 -1 -1 -1 -1 144835 1 15 40 16 13 2 8 0 5
0 0 0 6 1 1 1 1 1 4 1 2 3 -1 -1 -1 -1 -1 -1 145602 0 15 40 16 13 2 8 0 5
0 0 0 6 1 3 1 1 1 4 1 2 3 5 1 7 2 0 0 146368 0 15 40 16 13 2 5 2 5
0 0 0 6 1 1 1 1 1 4 1 2 3 -1 -1 -1 -1 -1 -1 147135 0 15 40 16 13 2 5 2 5
0 0 0 6 4 1 1 1 1 4 1 2 3 -1 -1 -1 -1 -1 -1 147902 1 15 40 16 13 2 5 2 5
0 0 0 1 1 6 1 1 1 4 1 2 5 -1 -1 -1 -1 -1 -1 148669 0 15 40 16 13 2 5 2 5
0 0 0 1 1 1 7 1 1 4 1 2 6 6 1 7 2 1 1 149469 0 15 40 16 13 2 5 2 5
0 0 0 1 1 6 1 1 2 0 1 1 5 -1 -1 -1 -1 -1 -1 158804 0 15 16 16 60 2 8 0 5
0 0 0 1 1 6 1 1 2 0 1 1 5 -1 -1 -1 -1 -1 -1 158971 0 15 16 16 60 2 8 0 5
0 0 0 1 1 6 1 1 2 0 1 1 5 -1 -1 -1 -1 -1 -1 159138 0 15 16 16 60 2 4 2 5
0 0 0 1 1 6 1 1 2 0 1 1 5 -1 -1 -1 -1 -1 -1 159305 0 15 16 16 50.6 2 4 2 5
0 0 0 1 1 6 1 1 2 0 1 1 5 -1 -1 -1 -1 -1 -1 159571 0 15 16 16 25.5333 2 4 2 5
0 0 0 1 1 6 1 1 2 0 1 1 5 -1 -1 -1 -1 -1 -1 160305 0 15 16 16 13 2 4 2 5
0 0 0 1 1 6 1 1 2 0 1 1 5 -1 -1 -1 -1 -1 -1 161072 0 15 16 16 13 2 5 2 5
0 0 0 1 1 6 1 1 2 0 1 1 5 -1 -1 -1 -1 -1 -1 161838 0 15 16 16 13 2 5 2 5
0 0 0 1 1 6 1 1 2 0 1 1 5 -1 -1 -1 -1 -1 -1 162605 0 15 16 16 13 2 5 2 5
0 0 0 1 1 6 1 1 2 0 1 1 5 -1 -1 -1 -1 -1 -1 163372 0 15 16 16 13 2 5 2 5
0 0 0 1 1 6 3 1 2 0 1 1 5 6 2 4 0 0 0 164139 0 15 16 16 13 2 5 2 5
0 0 0 1 1 6 1 1 2 0 1 1 5 -1 -1 -1 -1 -1 -1 164906 0 15 16 16 13 2 5 2 5
0 0 0 1 1 6 1 1 2 0 1 1 5 -1 -1 -1 -1 -1 -1 165673 0 15 16 16 13 2 5 2 5
0 0 0 1 1 6 1 1 2 0 1 1 5 -1 -1 -1 -1 -1 -1 166439 0 15 16 16 13 2 5 2 5
0 0 0 1 1 6 1 3 2 0 1 1 5 7 3 4 3 0 0 167240 0 15 16 16 13 2 4 2 5
0 0 0 1 1 6 1 1 2 0 1 1 5 -1 -1 -1 -1 -1 -1 168006 0 15 16 16 13 2 4 2 5
0 0 0 1 1 6 1 1 2 0 1 1 5 -1 -1 -1 -1 -1 -1 168773 0 15 16 16 13 2 4 2 5
0 0 0 1 1 6 1 1 2 0 1 1 5 -1 -1 -1 -1 -1 -1 169540 0 15 16 16 13 2 4 2 5
0 0 0 1 1 6 3 1 2 0 1 1 5 6 2 4 0 0 0 170307 0 15 16 16 13 2 6 2 5
0 0 0 1 1 1 6 1 2 0 1 1 6 -1 -1 -1 -1 -1 -1 171074 0 15 16 16 13 2 6 2 5
0 0 0 1 1 1 1 6 2 0 1 1 7 -1 -1 -1 -1 -1 -1 171841 0 15 16 16 13 2 6 2 5
0 0 0 1 1 1 1 6 2 0 1 1 7 -1 -1 -1 -1 -1 -1 172607 0 15 16 16 13 2 6 2 5
0 0 0 1 1 1 1 7 2 0 1 1 7 7 2 4 0 1 1 173374 0 15 16 16 13 2 6 2 5
0 0 0 1 1 1 1 6 2 0 1 1 7 -1 -1 -1 -1 -1 -1 174141 0 15 16 16 13 2 6 2 5
0 0 0 1 1 1 6 1 2 0 1 1 6 -1 -1 -1 -1 -1 -1 174908 0 15 16 16 13 2 6 2 5
0 0 0 1 1 1 6 1 2 0 1 1 6 -1 -1 -1 -1 -1 -1 175675 0 15 16 16 13 2 6 2 5
0 0 0 1 1 1 6 3 2 0 1 1 6 7 1 4 2 0 0 176442 0 15 16 16 13 2 4 2 5
0 0 0 1 1 6 1 1 2 0 1 1 5 -1 -1 -1 -1 -1 -1 177208 0 15 16 16 13 2 4 2 5
0 0 0 1 1 6 1 1 2 0 1 1 5 -1 -1 -1 -1 -1 -1 178009 0 15 16 16 13 2 4 2 5
0 0 0 1 1 6 1 1 2 0 1 1 5 -1 -1 -1 -1 -1 -1 178775 0 15 16 16 13 2 4 2 5
0 0 0 1 1 6 3 1 2 0 1 1 5 6 3 4 3 0 0 179542 0 15 16 16 13 2 8 0 5
0 0 0 1 1 1 6 1 2 0 1 1 6 -1 -1 -1 -1 -1 -1 180309 0 15 16 16 13 2 8 0 5
0 0 0 1 1 1 6 1 2 0 1 1 6 -1 -1 -1 -1 -1 -1 181076 0 15 16 16 13 2 8 0 5
0 0 0 1 1 1 6 1 2 0 1 1 6 -1 -1 -1 -1 -1 -1 181843 0 15 16 16 13 2 8 0 5
0 0 0 1 1 1 7 1 2 0 1 1 6 6 3 4 3 1 1 182610 0 15 16 16 13 2 4 2 5
0 0 0 1 1 1 6 1 2 0 1 1 6 -1 -1 -1 -1 -1 -1 183376 0 15 16 16 13 2 4 2 5
0 0 0 1 1 1 6 1 2 0 1 1 6 -1 -1 -1 -1 -1 -1 184143 0 15 16 16 13 2 4 2 5
0 0 0 1 1 1 6 1 2 0 1 1 6 -1 -1 -1 -1 -1 -1 184910 0 15 16 16 13 2 4 2 5
0 0 0 1 1 1 6 3 2 0 1 1 6 7 2 4 0 0 0 185677 0 15 16 16 13 2 5 2 5
0 0 0 1 1 1 6 1 2 0 1 1 6 -1 -1 -1 -1 -1 -1 186444 0 15 16 16 13 2 5 2 5
0 0 0 1 1 1 6 1 2 0 1 1 6 -1 -1 -1 -1 -1 -1 187211 0 15 16 16 13 2 5 2 5
0 0 0 1 1 1 6 1 2 0 1 1 6 -1 -1 -1 -1 -1 -1 187977 0 15 16 16 13 2 5 2 5
0 0 0 1 1 1 7 1 2 0 1 1 6 6 2 4 0 1 1 188778 0 15 16 16 13 2 5 2 5
0 0 0 1 1 1 1 6 2 0 1 1 7 -1 -1 -1 -1 -1 -1 189544 0 15 16 16 13 2 5 2 5
0 0 0 1 1 1 1 6 2 0 1 1 7 -1 -1 -1 -1 -1 -1 190311 0 15 16 16 13 2 5 2 5
0 0 0 1 1 1 1 6 2 0 1 1 7 -1 -1 -1 -1 -1 -1 191078 0 15 16 16 13 2 5 2 5
0 0 0 1 1 1 1 7 2 0 1 1 7 7 2 4 0 1 1 191845 0 15 16 16 13 2 4 2 5
0 0 0 1 1 1 1 6 2 0 1 1 7 -1 -1 -1 -1 -1 -1 192612 0 15 16 16 13 2 4 2 5
0 0 0 1 1 1 6 1 2 0 1 1 6 -1 -1 -1 -1 -1 -1 193379 0 15 16 16 13 2 4 2 5
0 0 0 1 1 1 6 1 2 0 1 1 6 -1 -1 -1 -1 -1 -1 194145 0 15 16 16 13 2 4 2 5
0 0 0 1 1 1 6 3 2 0 1 1 6 7 3 4 3 0 0 194912 0 15 16 16 13 2 6 2 5
0 0 0 1 1 1 6 1 2 0 1 1 6 -1 -1 -1 -1 -1 -1 195679 0 15 16 16 13 2 6 2 5
0 0 0 1 1 1 6 1 2 0 1 1 6 -1 -1 -1 -1 -1 -1 196446 0 15 16 16 13 2 6 2 5
0 0 0 1 1 1 6 1 2 0 1 1 6 -1 -1 -1 -1 -1 -1 197213 0 15 16 16 13 2 6 2 5
0 0 0 1 1 3 6 1 2 0 1 1 6 5 0 4 1 0 0 197980 0 15 16 16 13 2 6 2 5
0 0 0 1 1 1 6 1 2 0 1 1 6 -1 -1 -1 -1 -1 -1 198746 0 15 16 16 13 2 6 2 5
0 0 0 1 1 1 6 1 2 0 1 1 6 -1 -1 -1 -1 -1 -1 199547 0 15 16 16 13 2 6 2 5
0 0 0 1 1 1 6 1 2 0 1 1 6 -1 -1 -1 -1 -1 -1 200313 0 15 16 16 13 2 6 2 5
0 0 0 1 1 1 7 1 2 0 1 1 6 6 0 4 1 1 1 201080 0 15 16 16 13 2 4 2 5
0 0 0 0 1 6 1 0 3 1 1 0 5 -1 -1 -1 -1 -1 -1 209349 0 15 16 16 60 2 8 0 3
0 0 0 0 1 6 1 0 3 1 1 0 5 -1 -1 -1 -1 -1 -1 209515 0 15 16 16 60 2 8 0 3
0 0 0 0 1 6 1 0 3 1 1 0 5 -1 -1 -1 -1 -1 -1 209682 0 15 16 16 60 2 6 2 3
0 0 0 0 1 6 1 0 3 1 1 0 5 -1 -1 -1 -1 -1 -1 209849 0 15 16 16 50.6 2 6 2 3
0 0 0 0 1 6 1 0 3 1 1 0 5 -1 -1 -1 -1 -1 -1 210115 0 15 16 16 25.5333 2 6 2 3
0 0 0 0 1 6 1 0 3 1 1 0 5 -1 -1 -1 -1 -1 -1 210849 0 15 16 16 13 2 6 2 3
0 0 0 0 1 6 1 0 3 1 1 0 5 -1 -1 -1 -1 -1 -1 211616 0 15 16 16 13 2 4 2 3
0 0 0 0 1 6 1 0 3 1 1 0 5 -1 -1 -1 -1 -1 -1 212383 0 15 16 16 13 2 4 2 3
0 0 0 0 1 6 1 0 3 1 1 0 5 -1 -1 -1 -1 -1 -1 213149 0 15 16 16 13 2 4 2 3
0 0 0 0 1 6 1 0 3 1 1 0 5 -1 -1 -1 -1 -1 -1 213916 0 15 16 16 13 2 4 2 3
0 0 0 0 3 6 1 0 3 1 1 0 5 4 4 5 0 0 0 214683 0 15 16 16 13 2 4 2 3
0 0 0 0 1 6 1 0 3 1 1 0 5 -1 -1 -1 -1 -1 -1 215450 0 15 16 16 13 2 4 2 3
0 0 0 0 1 1 6 0 3 1 1 0 6 -1 -1 -1 -1 -1 -1 216217 0 15 16 16 13 2 4 2 3
0 0 0 0 1 1 6 0 3 1 1 0 6 -1 -1 -1 -1 -1 -1 216984 0 15 16 16 13 2 4 2 3
0 0 0 0 1 1 7 0 3 1 1 0 6 6 4 5 0 1 1 217750 0 15 16 16 13 2 5 2 3
0 0 0 0 1 6 1 0 3 1 1 0 5 -1 -1 -1 -1 -1 -1 218551 0 15 16 16 13 2 5 2 3
0 0 0 0 6 1 1 0 3 1 1 0 4 -1 -1 -1 -1 -1 -1 219317 0 15 16 16 13 2 5 2 3
0 0 0 0 6 1 1 0 3 1 1 0 4 -1 -1 -1 -1 -1 -1 220084 0 15 16 16 13 2 5 2 3
0 0 0 0 7 1 1 0 3 1 1 0 4 4 4 5 0 1 1 220851 0 15 16 16 13 2 6 2 3
0 0 0 0 6 1 1 0 3 1 1 0 4 -1 -1 -1 -1 -1 -1 221618 0 15 16 16 13 2 6 2 3
0 0 0 0 6 1 1 0 3 1 1 0 4 -1 -1 -1 -1 -1 -1 222385 0 15 16 16 13 2 6 2 3
0 0 0 0 6 1 1 0 3 1 1 0 4 -1 -1 -1 -1 -1 -1 223152 0 15 16 16 13 2 6 2 3
0 0 0 0 6 1 3 0 3 1 1 0 4 6 4 8 3 0 0 223918 0 15 16 16 13 2 4 2 3
0 0 0 0 1 6 1 0 3 1 1 0 5 -1 -1 -1 -1 -1 -1 224685 0 15 16 16 13 2 4 2 3
0 0 0 0 1 1 6 0 3 1 1 0 6 -1 -1 -1 -1 -1 -1 225452 0 15 16 16 13 2 4 2 3
0 0 0 0 1 1 6 0 3 1 1 0 6 -1 -1 -1 -1 -1 -1 226219 0 15 16 16 13 2 4 2 3
0 0 0 0 1 1 7 0 3 1 1 0 6 6 4 8 3 1 1 226986 0 15 16 16 13 2 4 2 3
0 0 0 0 1 1 6 0 3 1 1 0 6 -1 -1 -1 -1 -1 -1 227753 0 15 16 16 13 2 4 2 3
0 0 0 0 1 1 6 0 3 1 1 0 6 -1 -1 -1 -1 -1 -1 228553 0 15 16 16 13 2 4 2 3
0 0 0 0 1 1 6 0 3 1 1 0 6 -1 -1 -1 -1 -1 -1 229320 0 15 16 16 13 2 4 2 3
0 0 0 0 3 1 6 0 3 1 1 0 6 4 4 5 0 0 0 230086 0 15 16 16 13 2 8 0 3
0 0 0 0 1 1 6 0 3 1 1 0 6 -1 -1 -1 -1 -1 -1 230853 0 15 16 16 13 2 8 0 3
0 0 0 0 1 1 6 0 3 1 1 0 6 -1 -1 -1 -1 -1 -1 231620 0 15 16 16 13 2 8 0 3
0 0 0 0 1 1 6 0 3 1 1 0 6 -1 -1 -1 -1 -1 -1 232387 0 15 16 16 13 2 8 0 3
0 0 0 0 1 1 7 0 3 1 1 0 6 6 4 5 0 1 1 233154 0 15 16 16 13 2 6 2 3
0 0 0 0 1 1 6 0 3 1 1 0 6 -1 -1 -1 -1 -1 -1 233921 0 15 16 16 13 2 6 2 3
0 0 0 0 1 1 6 0 3 1 1 0 6 -1 -1 -1 -1 -1 -1 234687 0 15 16 16 13 2 6 2 3
0 0 0 0 1 1 6 0 3 1 1 0 6 -1 -1 -1 -1 -1 -1 235454 0 15 16 16 13 2 6 2 3
0 0 0 0 1 3 6 0 3 1 1 0 6 5 4 6 1 0 0 236221 0 15 16 16 13 2 4 2 3
0 0 0 0 1 1 6 0 3 1 1 0 6 -1 -1 -1 -1 -1 -1 236988 0 15 16 16 13 2 4 2 3
0 0 0 0 1 1 6 0 3 1 1 0 6 -1 -1 -1 -1 -1 -1 237755 0 15 16 16 13 2 4 2 3
0 0 0 0 1 1 6 0 3 1 1 0 6 -1 -1 -1 -1 -1 -1 238521 0 15 16 16 13 2 4 2 3
0 0 0 0 1 3 6 0 3 1 1 0 6 5 4 8 3 0 0 239322 0 15 16 16 13 2 4 2 3
0 0 0 0 1 1 6 0 3 1 1 0 6 -1 -1 -1 -1 -1 -1 240088 0 15 16 16 13 2 4 2 3
0 0 0 0 1 1 6 0 3 1 1 0 6 -1 -1 -1 -1 -1 -1 240855 0 15 16 16 13 2 4 2 3
0 0 0 0 1 1 6 0 3 1 1 0 6 -1 -1 -1 -1 -1 -1 241622 0 15 16 16 13 2 4 2 3
0 0 0 0 1 3 6 0 3 1 1 0 6 5 4 7 2 0 0 242389 0 15 16 16 13 2 5 2 3
0 0 0 0 1 1 6 0 3 1 1 0 6 -1 -1 -1 -1 -1 -1 243156 0 15 16 16 13 2 5 2 3
0 0 0 0 1 1 6 0 3 1 1 0 6 -1 -1 -1 -1 -1 -1 243923 0 15 16 16 13 2 5 2 3
0 0 0 0 1 1 6 0 3 1 1 0 6 -1 -1 -1 -1 -1 -1 244689 0 15 16 16 13 2 5 2 3
0 0 0 0 3 1 6 0 3 1 1 0 6 4 4 6 1 0 0 245456 0 15 16 16 13 2 6 2 3
0 0 0 0 1 1 6 0 3 1 1 0 6 -1 -1 -1 -1 -1 -1 246223 0 15 16 16 13 2 6 2 3
0 0 0 0 1 1 6 0 3 1 1 0 6 -1 -1 -1 -1 -1 -1 246990 0 15 16 16 13 2 6 2 3
0 0 0 0 1 1 6 0 3 1 1 0 6 -1 -1 -1 -1 -1 -1 247757 0 15 16 16 13 2 6 2 3
0 0 0 0 3 1 6 0 3 1 1 0 6 4 4 5 0 0 0 248524 0 15 16 16 13 2 4 2 3
0 0 0 0 1 6 1 0 3 1 1 0 5 -1 -1 -1 -1 -1 -1 249290 0 15 16 16 13 2 4 2 3
0 0 0 0 1 6 1 0 3 1 1 0 5 -1 -1 -1 -1 -1 -1 250091 0 15 16 16 13 2 4 2 3
0 0 0 0 1 6 1 0 3 1 1 0 5 -1 -1 -1 -1 -1 -1 250857 0 15 16 16 13 2 4 2 3
0 0 0 0 1 6 3 0 3 1 1 0 5 6 4 6 1 0 0 251624 0 15 16 16 13 2 4 2 3
0 0 0 0 1 1 6 0 3 1 1 0 6 -1 -1 -1 -1 -1 -1 252391 0 15 16 16 13 2 4 2 3
0 0 0 0 1 1 6 0 3 1 1 0 6 -1 -1 -1 -1 -1 -1 253158 0 15 16 16 13 2 4 2 3
0 0 0 0 1 1 6 0 3 1 1 0 6 -1 -1 -1 -1 -1 -1 253925 0 15 16 16 13 2 4 2 3
0 0 0 0 1 1 7 0 3 1 1 0 6 6 4 6 1 1 1 254692 0 15 16 16 13 2 8 0 3
0 0 0 0 1 6 1 0 4 2 1 0 5 -1 -1 -1 -1 -1 -1 263323 0 15 16 16 60 2 8 0 3
0 0 0 0 1 6 1 0 4 2 1 0 5 -1 -1 -1 -1 -1 -1 263490 0 15 16 16 60 2 8 0 3
0 0 0 0 1 6 1 0 4 2 1 0 5 -1 -1 -1 -1 -1 -1 263657 0 15 16 16 60 2 5 2 3
0 0 0 0 1 6 1 0 4 2 1 0 5 -1 -1 -1 -1 -1 -1 263823 0 15 16 16 50.6 2 5 2 3
0 0 0 0 1 6 1 0 4 2 1 0 5 -1 -1 -1 -1 -1 -1 264090 0 15 16 16 25.5333 2 5 2 3
0 0 0 0 1 6 1 0 4 2 1 0 5 -1 -1 -1 -1 -1 -1 264823 0 15 16 16 13 2 5 2 3
0 0 0 0 1 6 1 0 4 2 1 0 5 -1 -1 -1 -1 -1 -1 265590 0 15 16 16 13 2 5 2 3
0 0 0 0 1 6 1 0 4 2 1 0 5 -1 -1 -1 -1 -1 -1 266356 0 15 16 16 13 2 5 2 3
0 0 0 0 1 6 1 0 4 2 1 0 5 -1 -1 -1 -1 -1 -1 267123 0 15 16 16 13 2 5 2 3
0 0 0 0 1 6 1 0 4 2 1 0 5 -1 -1 -1 -1 -1 -1 267889 0 15 16 16 13 2 5 2 3
0 0 0 0 1 6 3 0 4 2 1 0 5 6 5 4 2 0 0 268655 0 15 16 16 13 2 4 2 3
0 0 0 0 1 6 1 0 4 2 1 0 5 -1 -1 -1 -1 -1 -1 269422 0 15 16 16 13 2 4 2 3
0 0 0 0 1 1 6 0 4 2 1 0 6 -1 -1 -1 -1 -1 -1 270188 0 15 16 16 13 2 4 2 3
0 0 0 0 1 1 6 0 4 2 1 0 6 -1 -1 -1 -1 -1 -1 270955 0 15 16 16 13 2 4 2 3
0 0 0 0 1 1 7 0 4 2 1 0 6 6 5 4 2 1 1 271755 0 15 16 16 13 2 6 2 3
0 0 0 0 1 1 6 0 4 2 1 0 6 -1 -1 -1 -1 -1 -1 272521 0 15 16 16 13 2 6 2 3
0 0 0 0 1 1 6 0 4 2 1 0 6 -1 -1 -1 -1 -1 -1 273288 0 15 16 16 13 2 6 2 3
0 0 0 0 1 1 6 0 4 2 1 0 6 -1 -1 -1 -1 -1 -1 274054 0 15 16 16 13 2 6 2 3
0 0 0 0 3 1 6 0 4 2 1 0 6 4 5 4 0 0 0 274821 0 15 16 16 13 2 5 2 3
0 0 0 0 1 1 6 0 4 2 1 0 6 -1 -1 -1 -1 -1 -1 275587 0 15 16 16 13 2 5 2 3
0 0 0 0 1 1 6 0 4 2 1 0 6 -1 -1 -1 -1 -1 -1 276354 0 15 16 16 13 2 5 2 3
0 0 0 0 1 1 6 0 4 2 1 0 6 -1 -1 -1 -1 -1 -1 277120 0 15 16 16 13 2 5 2 3
0 0 0 0 3 1 6 0 4 2 1 0 6 4 5 4 2 0 0 277887 0 15 16 16 13 2 6 2 3
0 0 0 0 1 1 6 0 4 2 1 0 6 -1 -1 -1 -1 -1 -1 278653 0 15 16 16 13 2 6 2 3
0 0 0 0 6 1 1 0 4 2 1 0 4 -1 -1 -1 -1 -1 -1 279420 0 15 16 16 13 2 6 2 3
0 0 0 0 6 1 1 0 4 2 1 0 4 -1 -1 -1 -1 -1 -1 280186 0 15 16 16 13 2 6 2 3
0 0 0 0 7 1 1 0 4 2 1 0 4 4 5 4 2 1 1 280952 0 15 16 16 13 2 4 2 3
0 0 0 0 6 1 1 0 4 2 1 0 4 -1 -1 -1 -1 -1 -1 281719 0 15 16 16 13 2 4 2 3
0 0 0 0 1 6 1 0 4 2 1 0 5 -1 -1 -1 -1 -1 -1 282519 0 15 16 16 13 2 4 2 3
0 0 0 0 1 6 1 0 4 2 1 0 5 -1 -1 -1 -1 -1 -1 283285 0 15 16 16 13 2 4 2 3
0 0 0 0 3 6 1 0 4 2 1 0 5 4 5 4 3 0 0 284052 0 15 16 16 13 2 8 0 3
0 0 0 0 1 6 1 0 4 2 1 0 5 -1 -1 -1 -1 -1 -1 284818 0 15 16 16 13 2 8 0 3
0 0 0 0 1 6 1 0 4 2 1 0 5 -1 -1 -1 -1 -1 -1 285585 0 15 16 16 13 2 8 0 3
0 0 0 0 6 1 1 0 4 2 1 0 4 -1 -1 -1 -1 -1 -1 286351 0 15 16 16 13 2 8 0 3
0 0 0 0 6 3 1 0 4 2 1 0 4 5 5 4 1 0 0 287118 0 15 16 16 13 2 5 2 3
0 0 0 0 6 1 1 0 4 2 1 0 4 -1 -1 -1 -1 -1 -1 287884 0 15 16 16 13 2 5 2 3
0 0 0 0 1 1 6 0 4 2 1 0 6 -1 -1 -1 -1 -1 -1 288651 0 15 16 16 13 2 5 2 3
0 0 0 0 1 1 6 0 4 2 1 0 6 -1 -1 -1 -1 -1 -1 289417 0 15 16 16 13 2 5 2 3
0 0 0 0 1 1 7 0 4 2 1 0 6 6 5 4 1 1 1 290184 0 15 16 16 13 2 5 2 3
0 0 0 0 1 1 6 0 4 2 1 0 6 -1 -1 -1 -1 -1 -1 290950 0 15 16 16 13 2 5 2 3
0 0 0 0 1 1 6 0 4 2 1 0 6 -1 -1 -1 -1 -1 -1 291717 0 15 16 16 13 2 5 2 3
0 0 0 0 1 1 6 0 4 2 1 0 6 -1 -1 -1 -1 -1 -1 292483 0 15 16 16 13 2 5 2 3
0 0 0 0 3 1 6 0 4 2 1 0 6 4 5 4 0 0 0 293283 0 15 16 16 13 2 4 2 3
0 0 0 0 1 1 6 0 4 2 1 0 6 -1 -1 -1 -1 -1 -1 294049 0 15 16 16 13 2 4 2 3
0 0 0 0 1 6 1 0 4 2 1 0 5 -1 -1 -1 -1 -1 -1 294816 0 15 16 16 13 2 4 2 3
0 0 0 0 1 6 1 0 4 2 1 0 5 -1 -1 -1 -1 -1 -1 295582 0 15 16 16 13 2 4 2 3
0 0 0 0 1 6 3 0 4 2 1 0 5 6 5 4 1 0 0 296349 0 15 16 16 13 2 6 2 3
0 0 0 0 1 6 1 0 4 2 1 0 5 -1 -1 -1 -1 -1 -1 297115 0 15 16 16 13 2 6 2 3
0 0 0 0 1 6 1 0 4 2 1 0 5 -1 -1 -1 -1 -1 -1 297882 0 15 16 16 13 2 6 2 3
0 0 0 0 1 6 1 0 4 2 1 0 5 -1 -1 -1 -1 -1 -1 298648 0 15 16 16 13 2 6 2 3
0 0 0 0 3 6 1 0 4 2 1 0 5 4 5 4 3 0 0 299415 0 15 16 16 13 2 5 2 3
0 0 0 0 1 6 1 0 4 2 1 0 5 -1 -1 -1 -1 -1 -1 300181 0 15 16 16 13 2 5 2 3
0 0 0 0 1 6 1 0 4 2 1 0 5 -1 -1 -1 -1 -1 -1 300948 0 15 16 16 13 2 5 2 3
0 0 0 0 1 6 1 0 4 2 1 0 5 -1 -1 -1 -1 -1 -1 301714 0 15 16 16 13 2 5 2 3
0 0 0 0 3 6 1 0 4 2 1 0 5 4 5 4 0 0 0 302481 0 15 16 16 13 2 6 2 3
0 0 0 0 1 6 1 0 4 2 1 0 5 -1 -1 -1 -1 -1 -1 303247 0 15 16 16 13 2 6 2 3
0 0 0 0 6 1 1 0 4 2 1 0 4 -1 -1 -1 -1 -1 -1 304047 0 15 16 16 13 2 6 2 3
0 0 0 0 6 1 1 0 4 2 1 0 4 -1 -1 -1 -1 -1 -1 304813 0 15 16 16 13 2 6 2 3
0 0 0 0 6 3 1 0 4 2 1 0 4 5 5 4 1 0 0 305580 0 15 16 16 13 2 4 2 3
0 0 0 0 6 1 1 0 4 2 1 0 4 -1 -1 -1 -1 -1 -1 306346 0 15 16 16 13 2 4 2 3
0 0 0 0 6 1 1 0 4 2 1 0 4 -1 -1 -1 -1 -1 -1 307113 0 15 16 16 13 2 4 2 3
0 0 0 0 6 1 1 0 4 2 1 0 4 -1 -1 -1 -1 -1 -1 307879 0 15 16 16 13 2 4 2 3
0 0 0 0 6 3 1 0 4 2 1 0 4 5 5 4 0 0 0 308646 0 15 16 16 13 2 8 0 3
0 0 0 0 6 1 1 0 4 2 1 0 4 -1 -1 -1 -1 -1 -1 309412 0 15 16 16 13 2 8 0 3
0 0 0 0 1 6 1 0 4 2 1 0 5 -1 -1 -1 -1 -1 -1 310179 0 15 16 16 13 2 8 0 3
0 0 0 0 1 6 1 0 4 2 1 0 5 -1 -1 -1 -1 -1 -1 310945 0 15 16 16 13 2 8 0 3
0 0 0 0 3 6 1 0 4 2 1 0 5 4 5 4 3 0 0 311712 0 15 16 16 13 2 5 2 3
0 0 0 0 1 6 1 0 4 2 1 0 5 -1 -1 -1 -1 -1 -1 312478 0 15 16 16 13 2 5 2 3
0 0 0 0 1 6 1 0 4 2 1 0 5 -1 -1 -1 -1 -1 -1 313245 0 15 16 16 13 2 5 2 3
0 0 0 0 1 6 1 0 4 2 1 0 5 -1 -1 -1 -1 -1 -1 314011 0 15 16 16 13 2 5 2 3
0 0 0 0 1 6 3 0 4 2 1 0 5 6 5 4 0 0 0 314811 0 15 16 16 13 2 5 2 3
0 0 0 0 1 6 1 0 4 2 1 0 5 -1 -1 -1 -1 -1 -1 315577 0 15 16 16 13 2 5 2 3
0 0 0 0 1 6 1 0 4 2 1 0 5 -1 -1 -1 -1 -1 -1 316344 0 15 16 16 13 2 5 2 3
0 0 0 0 1 6 1 0 4 2 1 0 5 -1 -1 -1 -1 -1 -1 317110 0 15 16 16 13 2 5 2 3
0 0 0 0 3 6 1 0 4 2 1 0 5 4 5 4 2 0 0 317877 0 15 16 16 13 2 4 2 3
0 0 0 0 1 6 1 0 4 2 1 0 5 -1 -1 -1 -1 -1 -1 318643 0 15 16 16 13 2 4 2 3
0 0 0 0 1 6 1 0 4 2 1 0 5 -1 -1 -1 -1 -1 -1 319410 0 15 16 16 13 2 4 2 3
0 0 0 0 1 6 1 0 4 2 1 0 5 -1 -1 -1 -1 -1 -1 320176 0 15 16 16 13 2 4 2 3
0 0 0 0 1 6 3 0 4 2 1 0 5 6 5 4 3 0 0 320943 0 15 16 16 13 2 6 2 3
0 0 0 0 1 6 1 0 4 2 1 0 5 -1 -1 -1 -1 -1 -1 321709 0 15 16 16 13 2 6 2 3
0 0 0 0 6 1 1 0 4 2 1 0 4 -1 -1 -1 -1 -1 -1 322476 0 15 16 16 13 2 6 2 3
0 0 0 0 6 1 1 0 4 2 1 0 4 -1 -1 -1 -1 -1 -1 323242 0 15 16 16 13 2 6 2 3
0 0 0 0 7 1 1 0 4 2 1 0 4 4 5 4 3 1 1 324009 0 15 16 16 13 2 5 2 3
0 0 0 0 6 1 1 0 4 2 1 0 4 -1 -1 -1 -1 -1 -1 324808 0 15 16 16 13 2 5 2 3
0 0 0 0 6 1 1 0 4 2 1 0 4 -1 -1 -1 -1 -1 -1 325575 0 15 16 16 13 2 5 2 3
0 0 0 0 6 1 1 0 4 2 1 0 4 -1 -1 -1 -1 -1 -1 326341 0 15 16 16 13 2 5 2 3
0 0 0 0 7 1 1 0 4 2 1 0 4 4 5 4 3 1 1 327108 0 15 16 16 13 2 6 2 3
0 0 0 0 1 6 1 0 5 6 1 0 5 -1 -1 -1 -1 -1 -1 336106 0 15 40 15 60 2 8 0 3
0 0 0 0 1 6 1 0 5 6 1 0 5 -1 -1 -1 -1 -1 -1 336272 0 15 40 15 60 2 8 0 3
0 0 0 0 1 6 1 0 5 6 1 0 5 -1 -1 -1 -1 -1 -1 336439 0 15 40 15 60 2 4 2 3
0 0 0 0 1 6 1 0 5 6 1 0 5 -1 -1 -1 -1 -1 -1 336606 0 15 40 15 50 2 4 2 3
0 0 0 0 1 6 1 0 5 6 1 0 5 -1 -1 -1 -1 -1 -1 336905 0 15 40 15 20 2 4 2 3
0 0 0 0 1 6 1 0 5 6 1 0 5 -1 -1 -1 -1 -1 -1 337839 0 15 40 15 10 2 4 2 3
0 0 0 0 1 6 1 0 5 6 1 0 5 -1 -1 -1 -1 -1 -1 338838 0 15 40 15 10 2 6 2 3
0 0 0 0 1 1 6 0 5 6 1 0 6 -1 -1 -1 -1 -1 -1 339838 0 15 40 15 10 2 6 2 3
0 0 0 0 1 1 6 0 5 6 1 0 6 -1 -1 -1 -1 -1 -1 340838 0 15 40 15 10 2 6 2 3
0 0 0 0 1 1 6 0 5 6 1 0 6 -1 -1 -1 -1 -1 -1 341838 0 15 40 15 10 2 6 2 3
0 0 0 0 1 1 7 0 5 6 1 0 6 6 5 4 4 1 1 342837 0 15 40 15 10 2 4 2 3
0 0 0 0 1 6 1 0 5 6 1 0 5 -1 -1 -1 -1 -1 -1 343837 0 15 40 15 10 2 4 2 3
0 0 0 0 1 6 1 0 5 6 1 0 5 -1 -1 -1 -1 -1 -1 344837 0 15 40 15 10 2 4 2 3
0 0 0 0 1 6 1 0 5 6 1 0 5 -1 -1 -1 -1 -1 -1 345837 0 15 40 15 10 2 4 2 3
0 0 0 0 1 7 1 0 5 6 1 0 5 5 5 4 4 1 1 346836 0 15 40 15 10 2 5 2 3
0 0 0 0 6 1 1 0 5 6 1 0 4 -1 -1 -1 -1 -1 -1 347636 0 15 40 16 13 2 5 2 3
0 0 0 0 6 1 1 0 5 6 1 0 4 -1 -1 -1 -1 -1 -1 348436 0 15 40 16 13 2 5 2 3
0 0 0 0 6 1 1 0 5 6 1 0 4 -1 -1 -1 -1 -1 -1 349202 0 15 40 16 13 2 5 2 3
0 0 0 0 7 1 1 0 5 6 1 0 4 4 5 4 4 1 1 349969 0 15 40 16 13 2 5 2 3
0 0 0 0 6 1 1 0 5 6 1 0 4 -1 -1 -1 -1 -1 -1 350735 0 15 40 16 13 2 5 2 3
0 0 0 0 6 1 1 0 5 6 1 0 4 -1 -1 -1 -1 -1 -1 351502 0 15 40 16 13 2 5 2 3
0 0 0 0 6 1 1 0 5 6 1 0 4 -1 -1 -1 -1 -1 -1 352268 0 15 40 16 13 2 5 2 3
0 0 0 1 7 1 1 1 5 6 1 0 4 4 5 4 4 1 1 353035 0 15 40 16 13 2 4 2 5
0 0 0 1 6 1 1 1 5 6 1 1 4 -1 -1 -1 -1 -1 -1 353668 0 15 40 17 16 2 4 2 5
0 0 0 1 1 1 6 1 5 6 1 1 6 -1 -1 -1 -1 -1 -1 354301 0 15 40 17 16 2 4 2 5
0 0 0 1 1 1 6 1 5 6 1 1 6 -1 -1 -1 -1 -1 -1 354934 0 15 40 17 16 2 4 2 5
0 0 0 1 1 1 7 1 5 6 1 1 6 6 5 4 4 1 1 355568 0 15 40 17 16 2 6 2 5
0 0 0 1 1 1 6 1 5 6 1 1 6 -1 -1 -1 -1 -1 -1 356167 0 15 40 17 16 2 6 2 5
0 0 0 1 1 1 6 1 5 6 1 1 6 -1 -1 -1 -1 -1 -1 356801 0 15 40 17 16 2 6 2 5
0 0 0 1 1 1 6 1 5 6 1 1 6 -1 -1 -1 -1 -1 -1 357434 0 15 40 17 16 2 6 2 5
0 0 0 1 1 1 7 1 5 6 1 1 6 6 5 4 4 1 1 358067 0 15 40 17 16 2 8 0 5
0 0 0 1 1 1 6 1 5 6 1 1 6 -1 -1 -1 -1 -1 -1 358600 0 15 40 18 19 2 8 0 5
0 0 0 1 1 6 1 1 5 6 1 1 5 -1 -1 -1 -1 -1 -1 359133 0 15 40 18 19 2 8 0 5
0 0 0 1 1 6 1 1 5 6 1 1 5 -1 -1 -1 -1 -1 -1 359633 0 15 40 18 19 2 8 0 5
0 0 0 1 1 7 1 1 5 6 1 1 5 5 5 4 4 1 1 360166 0 15 40 18 19 2 4 2 5
0 0 0 1 6 1 1 1 5 6 1 1 4 -1 -1 -1 -1 -1 -1 360700 0 15 40 18 19 2 4 2 5
0 0 0 1 6 1 1 1 5 6 1 1 4 -1 -1 -1 -1 -1 -1 361233 0 15 40 18 19 2 4 2 5
0 0 0 1 6 1 1 1 5 6 1 1 4 -1 -1 -1 -1 -1 -1 361766 0 15 40 18 19 2 4 2 5
0 0 0 1 7 1 1 1 5 6 1 1 4 4 5 4 4 1 1 362266 0 15 40 18 19 2 6 2 5
0 0 0 1 6 1 1 1 5 6 1 1 4 -1 -1 -1 -1 -1 -1 362766 0 15 40 19 21 2 6 2 5
0 0 0 1 6 1 1 1 5 6 1 1 4 -1 -1 -1 -1 -1 -1 363232 0 15 40 19 21 2 6 2 5
0 0 0 1 6 1 1 1 5 6 1 1 4 -1 -1 -1 -1 -1 -1 363699 0 15 40 19 21 2 6 2 5
0 0 0 1 7 1 1 1 5 6 1 1 4 4 5 4 4 1 1 364199 0 15 40 19 21 2 4 2 5
0 0 0 1 6 1 1 1 5 6 1 1 4 -1 -1 -1 -1 -1 -1 364665 0 15 40 19 21 2 4 2 5
0 0 0 6 1 1 1 1 5 6 1 1 3 -1 -1 -1 -1 -1 -1 365132 0 15 40 19 21 2 4 2 5
0 0 0 6 1 1 1 1 5 6 1 1 3 -1 -1 -1 -1 -1 -1 365632 0 15 40 19 21 2 4 2 5
0 0 0 7 1 1 1 1 5 6 1 1 3 3 5 4 4 1 1 366098 0 15 40 19 21 2 5 2 5
0 0 0 6 1 1 1 1 5 6 1 2 3 -1 -1 -1 -1 -1 -1 366565 0 15 40 20 22 2 5 2 5
0 0 0 6 1 1 1 1 5 6 1 2 3 -1 -1 -1 -1 -1 -1 366998 0 15 40 20 22 2 5 2 5
0 0 0 6 1 1 1 1 5 6 1 2 3 -1 -1 -1 -1 -1 -1 367465 0 15 40 20 22 2 5 2 5
0 0 0 7 1 1 1 1 5 6 1 2 3 3 5 4 4 1 1 367898 0 15 40 20 22 2 5 2 5
0 0 0 6 1 1 1 1 5 6 1 2 3 -1 -1 -1 -1 -1 -1 368364 0 15 40 20 22 2 5 2 5
0 0 0 6 1 4 1 1 5 6 1 2 3 -1 -1 -1 -1 -1 -1 368831 1 15 40 20 22 2 5 2 5
0 0 0 1 6 1 1 1 5 6 1 2 4 -1 -1 -1 -1 -1 -1 369264 0 15 40 20 22 2 5 2 5
0 0 0 1 7 1 1 1 5 6 1 2 4 4 5 4 4 1 1 369731 0 15 40 20 22 2 4 2 5
0 0 0 1 6 1 1 1 5 6 1 2 4 -1 -1 -1 -1 -1 -1 370164 0 15 40 21 23 2 4 2 5
0 0 0 1 6 4 1 1 5 6 1 2 4 -1 -1 -1 -1 -1 -1 370597 1 15 40 21 23 2 4 2 5
0 0 0 1 6 1 1 1 5 6 1 2 4 -1 -1 -1 -1 -1 -1 371030 0 15 40 21 23 2 4 2 5
0 0 0 1 7 1 1 1 5 6 1 2 4 4 5 4 4 1 1 371464 0 15 40 21 23 2 6 2 5
0 0 0 1 6 1 1 1 5 6 1 2 4 -1 -1 -1 -1 -1 -1 371897 0 15 40 21 23 2 6 2 5
0 0 0 4 1 6 1 1 5 6 1 2 5 -1 -1 -1 -1 -1 -1 372330 1 15 40 21 23 2 6 2 5
0 0 0 1 1 6 1 1 5 6 1 2 5 -1 -1 -1 -1 -1 -1 372763 0 15 40 21 23 2 6 2 5
0 0 0 1 1 7 1 1 5 6 1 2 5 5 5 4 4 1 1 373197 0 15 40 21 23 2 8 0 5
0 0 0 1 1 6 1 1 5 6 1 2 5 -1 -1 -1 -1 -1 -1 373630 0 15 40 22 24 2 8 0 5
0 0 0 1 6 1 4 1 5 6 1 2 4 -1 -1 -1 -1 -1 -1 374030 1 15 40 22 24 2 8 0 5
0 0 0 6 1 1 1 1 5 6 1 2 3 -1 -1 -1 -1 -1 -1 374463 0 15 40 22 24 2 8 0 5
0 0 0 7 1 1 1 1 5 6 1 2 3 3 5 4 4 1 1 374863 0 15 40 22 24 2 4 2 5
0 0 0 6 1 1 1 1 5 6 1 2 3 -1 -1 -1 -1 -1 -1 375296 0 15 40 22 24 2 4 2 5
0 0 0 1 6 1 4 1 5 6 1 2 4 -1 -1 -1 -1 -1 -1 375696 1 15 40 22 24 2 4 2 5
0 0 0 1 6 1 1 1 5 6 1 2 4 -1 -1 -1 -1 -1 -1 376129 0 15 40 22 24 2 4 2 5
0 0 0 1 7 1 1 1 5 6 1 2 4 4 5 4 4 1 1 376529 0 15 40 22 24 2 6 2 5
0 0 0 1 6 1 1 1 5 6 1 2 4 -1 -1 -1 -1 -1 -1 376929 0 15 40 23 25 2 6 2 5
0 0 0 1 6 1 1 4 5 6 1 2 4 -1 -1 -1 -1 -1 -1 377329 1 15 40 23 25 2 6 2 5
0 0 0 1 6 1 1 1 5 6 1 2 4 -1 -1 -1 -1 -1 -1 377729 0 15 40 23 25 2 6 2 5
0 0 0 1 7 1 1 1 5 6 1 2 4 4 5 4 4 1 1 378129 0 15 40 23 25 2 4 2 5
0 0 0 1 6 1 1 1 5 6 1 2 4 -1 -1 -1 -1 -1 -1 378529 0 15 40 23 25 2 4 2 5
0 0 0 4 6 1 1 1 5 6 1 2 4 -1 -1 -1 -1 -1 -1 378929 1 15 40 23 25 2 4 2 5
0 0 0 6 1 1 1 1 5 6 1 2 3 -1 -1 -1 -1 -1 -1 379328 0 15 40 23 25 2 4 2 5
0 0 0 7 1 1 1 1 5 6 1 2 3 3 5 4 4 1 1 379728 0 15 40 23 25 2 5 2 5
0 0 0 6 1 1 1 1 5 6 1 2 3 -1 -1 -1 -1 -1 -1 380128 0 15 40 24 25.5 2 5 2 5
0 0 0 1 6 1 4 1 5 6 1 2 4 -1 -1 -1 -1 -1 -1 380528 1 15 40 24 25.5 2 5 2 5
0 0 0 1 1 6 1 1 5 6 1 2 5 -1 -1 -1 -1 -1 -1 380928 0 15 40 24 25.5 2 5 2 5
0 0 0 1 1 7 1 1 5 6 1 2 5 5 5 4 4 1 1 381328 0 15 40 24 25.5 2 5 2 5
0 0 0 1 1 6 1 1 5 6 1 2 5 -1 -1 -1 -1 -1 -1 381695 0 15 40 24 25.5 2 5 2 5
0 0 0 4 1 1 6 1 5 6 1 2 6 -1 -1 -1 -1 -1 -1 382094 1 15 40 24 25.5 2 5 2 5
0 0 0 1 1 1 1 6 5 6 1 2 7 -1 -1 -1 -1 -1 -1 382494 0 15 40 24 25.5 2 5 2 5
0 0 0 1 1 1 1 7 5 6 1 2 7 7 5 4 4 1 1 382894 0 15 40 24 25.5 2 4 2 5
0 0 0 1 1 1 1 6 5 6 1 2 7 -1 -1 -1 -1 -1 -1 383261 0 15 40 25 26 2 4 2 5
0 0 0 1 1 1 4 6 5 6 1 2 7 -1 -1 -1 -1 -1 -1 383661 1 15 40 25 26 2 4 2 5
0 0 0 1 1 1 6 1 5 6 1 2 6 -1 -1 -1 -1 -1 -1 384027 0 15 40 25 26 2 4 2 5
0 0 0 1 1 7 1 1 5 6 1 2 5 5 5 4 4 1 1 384427 0 15 40 25 26 2 6 2 5
0 0 0 1 1 6 1 1 5 6 1 2 5 -1 -1 -1 -1 -1 -1 384794 0 15 40 25 26 2 6 2 5
0 0 0 4 1 1 6 1 5 6 1 2 6 -1 -1 -1 -1 -1 -1 385194 1 15 40 25 26 2 6 2 5
0 0 0 1 1 6 1 1 5 6 1 2 5 -1 -1 -1 -1 -1 -1 385560 0 15 40 25 26 2 6 2 5
0 0 0 7 1 1 1 1 5 6 1 2 3 3 5 4 4 1 1 385960 0 15 40 25 26 2 8 0 5
0 0 0 0 1 6 1 0 6 2 1 0 5 -1 -1 -1 -1 -1 -1 396957 0 15 16 16 60 2 8 0 3
0 0 0 0 1 6 1 0 6 2 1 0 5 -1 -1 -1 -1 -1 -1 397124 0 15 16 16 60 2 8 0 3
0 0 0 0 1 6 1 0 6 2 1 0 5 -1 -1 -1 -1 -1 -1 397291 0 15 16 16 60 2 4 2 3
0 0 0 0 1 6 1 0 6 2 1 0 5 -1 -1 -1 -1 -1 -1 397457 0 15 16 16 50.6 2 4 2 3
0 0 0 0 1 6 1 0 6 2 1 0 5 -1 -1 -1 -1 -1 -1 397724 0 15 16 16 25.5333 2 4 2 3
0 0 0 0 1 6 1 0 6 2 1 0 5 -1 -1 -1 -1 -1 -1 398457 0 15 16 16 13 2 4 2 3
0 0 0 0 1 6 1 0 6 2 1 0 5 -1 -1 -1 -1 -1 -1 399224 0 15 16 16 13 2 6 2 3
0 0 0 0 1 6 1 0 6 2 1 0 5 -1 -1 -1 -1 -1 -1 399990 0 15 16 16 13 2 6 2 3
0 0 0 0 1 6 1 0 6 2 1 0 5 -1 -1 -1 -1 -1 -1 400657 0 15 16 16 16.25 2 6 2 3
0 0 0 0 1 6 1 0 6 2 1 0 5 -1 -1 -1 -1 -1 -1 401256 0 15 16 16 16.25 2 6 2 3
0 0 0 0 1 6 3 0 6 2 1 0 5 6 5 4 1 0 0 401890 0 15 16 16 15.1667 2 6 2 3
0 0 0 0 1 6 1 0 6 2 1 0 5 -1 -1 -1 -1 -1 -1 402623 0 15 16 16 13 2 6 2 3
0 0 0 0 1 1 6 0 6 2 1 0 6 -1 -1 -1 -1 -1 -1 403389 0 15 16 16 13 2 6 2 3
0 0 0 0 1 1 6 0 6 2 1 0 6 -1 -1 -1 -1 -1 -1 404089 0 15 16 16 16.25 2 6 2 3
0 0 0 0 1 1 7 0 6 2 1 0 6 6 5 4 1 1 1 404689 0 15 16 16 16.25 2 6 2 3
0 0 0 0 1 1 6 0 6 2 1 0 6 -1 -1 -1 -1 -1 -1 405322 0 15 16 16 16.0333 2 6 2 3
0 0 0 0 1 1 6 0 6 2 1 0 6 -1 -1 -1 -1 -1 -1 405989 0 15 16 16 16.25 2 6 2 3
0 0 0 0 1 6 1 0 6 2 1 0 5 -1 -1 -1 -1 -1 -1 406622 0 15 16 16 16.25 2 6 2 3
0 0 0 0 1 7 1 0 6 2 1 0 5 5 5 4 1 1 1 407222 0 15 16 16 16.25 2 6 2 3
0 0 0 0 1 6 1 0 6 2 1 0 5 -1 -1 -1 -1 -1 -1 407888 0 15 16 16 13.2167 2 6 2 3
0 0 0 0 1 6 1 0 6 2 1 0 5 -1 -1 -1 -1 -1 -1 408655 0 15 16 16 13 2 6 2 3
0 0 0 0 1 6 1 0 6 2 1 0 5 -1 -1 -1 -1 -1 -1 409421 0 15 16 16 13 2 6 2 3
0 0 0 0 3 6 1 0 6 2 1 0 5 4 5 4 0 0 0 410188 0 15 16 16 13 2 4 2 3
0 0 0 0 1 6 1 0 6 2 1 0 5 -1 -1 -1 -1 -1 -1 410954 0 15 16 16 13 2 4 2 3
0 0 0 0 1 6 1 0 6 2 1 0 5 -1 -1 -1 -1 -1 -1 411721 0 15 16 16 13 2 4 2 3
0 0 0 0 1 6 1 0 6 2 1 0 5 -1 -1 -1 -1 -1 -1 412454 0 15 16 16 16.25 2 4 2 3
0 0 0 0 3 6 1 0 6 2 1 0 5 4 5 4 1 0 0 413054 0 15 16 16 16.25 2 6 2 3
0 0 0 0 1 6 1 0 6 2 1 0 5 -1 -1 -1 -1 -1 -1 413687 0 15 16 16 16.25 2 6 2 3
0 0 0 0 1 6 1 0 6 2 1 0 5 -1 -1 -1 -1 -1 -1 414387 0 15 16 16 13 2 6 2 3
0 0 0 0 6 1 1 0 6 2 1 0 4 -1 -1 -1 -1 -1 -1 415153 0 15 16 16 13 2 6 2 3
0 0 0 0 6 3 1 0 6 2 1 0 4 5 5 4 0 0 0 415920 0 15 16 16 13 2 8 0 3
0 0 0 0 6 1 1 0 6 2 1 0 4 -1 -1 -1 -1 -1 -1 416686 0 15 16 16 13 2 8 0 3
0 0 0 0 1 6 1 0 6 2 1 0 5 -1 -1 -1 -1 -1 -1 417452 0 15 16 16 13 2 8 0 3
0 0 0 0 1 6 1 0 6 2 1 0 5 -1 -1 -1 -1 -1 -1 418219 0 15 16 16 13 2 8 0 3
0 0 0 0 3 6 1 0 6 2 1 0 5 4 5 4 1 0 0 418985 0 15 16 16 13 2 4 2 3
0 0 0 0 1 6 1 0 6 2 1 0 5 -1 -1 -1 -1 -1 -1 419719 0 15 16 16 16.25 2 4 2 3
0 0 0 0 1 6 1 0 6 2 1 0 5 -1 -1 -1 -1 -1 -1 420318 0 15 16 16 16.25 2 4 2 3
0 0 0 0 1 6 1 0 6 2 1 0 5 -1 -1 -1 -1 -1 -1 420918 0 15 16 16 16.25 2 4 2 3
0 0 0 0 1 6 3 0 6 2 1 0 5 6 5 4 3 0 0 421618 0 15 16 16 13 2 6 2 3
0 0 0 0 1 6 1 0 6 2 1 0 5 -1 -1 -1 -1 -1 -1 422251 0 15 16 16 16.25 2 6 2 3
0 0 0 0 1 1 6 0 6 2 1 0 6 -1 -1 -1 -1 -1 -1 422851 0 15 16 16 16.25 2 6 2 3
0 0 0 0 1 1 6 0 6 2 1 0 6 -1 -1 -1 -1 -1 -1 423484 0 15 16 16 14.0833 2 6 2 3
0 0 0 0 1 3 6 0 6 2 1 0 6 5 5 4 1 0 0 424251 0 15 16 16 13 2 6 2 3
0 0 0 0 1 1 6 0 6 2 1 0 6 -1 -1 -1 -1 -1 -1 425017 0 15 16 16 13 2 6 2 3
0 0 0 0 1 1 6 0 6 2 1 0 6 -1 -1 -1 -1 -1 -1 425784 0 15 16 16 13 2 6 2 3
0 0 0 0 1 1 6 0 6 2 1 0 6 -1 -1 -1 -1 -1 -1 426550 0 15 16 16 13 2 6 2 3
0 0 0 0 1 1 7 0 6 2 1 0 6 6 5 4 1 1 1 427317 0 15 16 16 13 2 6 2 3
0 0 0 0 1 1 6 0 6 2 1 0 6 -1 -1 -1 -1 -1 -1 428083 0 15 16 16 13 2 6 2 3
0 0 0 0 6 1 1 0 6 2 1 0 4 -1 -1 -1 -1 -1 -1 428850 0 15 16 16 13 2 6 2 3
0 0 0 0 6 1 1 0 6 2 1 0 4 -1 -1 -1 -1 -1 -1 429650 0 15 16 16 13 2 6 2 3
0 0 0 0 8 1 1 0 6 2 1 0 4 4 5 4 3 0 1 430416 0 15 16 16 13 2 6 2 3
0 0 0 0 6 1 1 0 6 2 1 0 4 -1 -1 -1 -1 -1 -1 431349 0 15 16 15 10 2 6 2 3
0 0 0 0 1 1 6 0 6 2 1 0 6 -1 -1 -1 -1 -1 -1 432349 0 15 16 15 10 2 6 2 3
0 0 0 0 1 1 6 0 6 2 1 0 6 -1 -1 -1 -1 -1 -1 433349 0 15 16 15 10 2 6 2 3
0 0 0 0 1 1 7 0 6 2 1 0 6 6 5 4 3 1 1 434248 0 15 16 15 12.5 2 4 2 3
0 0 0 0 1 1 6 0 6 2 1 0 6 -1 -1 -1 -1 -1 -1 435048 0 15 16 15 12.5 2 4 2 3
0 0 0 0 1 1 6 0 6 2 1 0 6 -1 -1 -1 -1 -1 -1 435915 0 15 16 15 12.5 2 4 2 3
0 0 0 0 1 1 6 0 6 2 1 0 6 -1 -1 -1 -1 -1 -1 436714 0 15 16 15 12.5 2 4 2 3
0 0 0 0 1 1 7 0 6 2 1 0 6 6 5 4 3 1 1 437514 0 15 16 15 11.6667 2 6 2 3
0 0 0 0 1 1 6 0 6 2 1 0 6 -1 -1 -1 -1 -1 -1 438281 0 15 16 16 13 2 6 2 3
0 0 0 0 1 6 1 0 6 2 1 0 5 -1 -1 -1 -1 -1 -1 439047 0 15 16 16 13 2 6 2 3
0 0 0 0 1 6 1 0 6 2 1 0 5 -1 -1 -1 -1 -1 -1 439814 0 15 16 16 13 2 6 2 3
0 0 0 0 3 6 1 0 6 2 1 0 5 4 5 4 1 0 0 440447 0 15 16 16 16.25 2 8 0 3
0 0 0 0 1 6 1 0 6 2 1 0 5 -1 -1 -1 -1 -1 -1 441047 0 15 16 16 16.25 2 8 0 3
0 0 0 0 1 6 1 0 6 2 1 0 5 -1 -1 -1 -1 -1 -1 441680 0 15 16 16 14.0833 2 8 0 3
0 0 0 0 1 6 1 0 6 2 1 0 5 -1 -1 -1 -1 -1 -1 442446 0 15 16 16 13 2 8 0 3
0 0 0 0 1 6 3 0 6 2 1 0 5 6 5 4 0 0 0 443080 0 15 16 16 16.25 2 4 2 3
0 0 0 0 1 6 1 0 6 2 1 0 5 -1 -1 -1 -1 -1 -1 443713 0 15 16 16 16.25 2 4 2 3
0 0 0 0 6 1 1 0 6 2 1 0 4 -1 -1 -1 -1 -1 -1 444346 0 15 16 16 14.3 2 4 2 3
0 0 0 0 6 1 1 0 6 2 1 0 4 -1 -1 -1 -1 -1 -1 445046 0 15 16 16 16.25 2 4 2 3
0 0 0 0 6 3 1 0 6 2 1 0 4 5 5 4 2 0 0 445679 0 15 16 16 16.25 2 6 2 3
0 0 0 0 6 1 1 0 6 2 1 0 4 -1 -1 -1 -1 -1 -1 446279 0 15 16 16 16.25 2 6 2 3
0 0 0 0 6 1 1 0 6 2 1 0 4 -1 -1 -1 -1 -1 -1 446945 0 15 16 16 13 2 6 2 3
0 0 0 0 6 1 1 0 6 2 1 0 4 -1 -1 -1 -1 -1 -1 447712 0 15 16 16 13 2 6 2 3
0 0 0 0 6 3 1 0 6 2 1 0 4 5 5 4 1 0 0 448512 0 15 16 16 13 2 6 2 3
0 0 0 0 6 1 1 0 6 2 1 0 4 -1 -1 -1 -1 -1 -1 449278 0 15 16 16 13 2 6 2 3
0 0 0 0 6 1 1 0 6 2 1 0 4 -1 -1 -1 -1 -1 -1 449978 0 15 16 16 16.25 2 6 2 3
0 0 0 0 6 1 1 0 6 2 1 0 4 -1 -1 -1 -1 -1 -1 450578 0 15 16 16 16.25 2 6 2 3
0 0 0 0 6 1 3 0 6 2 1 0 4 6 5 4 2 0 0 451211 0 15 16 16 16.25 2 6 2 3
0 0 0 0 6 1 1 0 6 2 1 0 4 -1 -1 -1 -1 -1 -1 451911 0 15 16 16 13 2 6 2 3
0 0 0 0 1 1 6 0 6 2 1 0 6 -1 -1 -1 -1 -1 -1 452677 0 15 16 16 13 2 6 2 3
0 0 0 0 1 1 6 0 6 2 1 0 6 -1 -1 -1 -1 -1 -1 453310 0 15 16 16 16.25 2 6 2 3
0 0 0 0 1 1 7 0 6 2 1 0 6 6 5 4 2 1 1 453944 0 15 16 16 16.25 2 6 2 3
0 0 0 0 1 1 6 0 6 2 1 0 6 -1 -1 -1 -1 -1 -1 454543 0 15 16 16 15.1667 2 6 2 3
0 0 0 0 1 6 1 0 6 2 1 0 5 -1 -1 -1 -1 -1 -1 455310 0 15 16 16 13 2 6 2 3
0 0 0 0 1 6 1 0 6 2 1 0 5 -1 -1 -1 -1 -1 -1 456076 0 15 16 16 16.25 2 6 2 3
0 0 0 0 1 6 3 0 6 2 1 0 5 6 5 4 1 0 0 456676 0 15 16 16 16.25 2 4 2 3
0 0 0 0 1 6 1 0 6 2 1 0 5 -1 -1 -1 -1 -1 -1 457276 0 15 16 16 16.25 2 4 2 3
0 0 0 0 1 6 1 0 6 2 1 0 5 -1 -1 -1 -1 -1 -1 457909 0 15 16 16 16.25 2 4 2 3
0 0 0 0 1 6 1 0 6 2 1 0 5 -1 -1 -1 -1 -1 -1 458542 0 15 16 16 16.25 2 4 2 3
0 0 0 0 1 6 3 0 6 2 1 0 5 6 5 4 3 0 0 459142 0 15 16 16 16.25 2 6 2 3
0 0 0 0 1 6 1 0 6 2 1 0 5 -1 -1 -1 -1 -1 -1 459809 0 15 16 16 13.2167 2 6 2 3
0 0 0 0 6 1 1 0 6 2 1 0 4 -1 -1 -1 -1 -1 -1 460575 0 15 16 16 16.25 2 6 2 3
0 0 0 0 6 1 1 0 6 2 1 0 4 -1 -1 -1 -1 -1 -1 461175 0 15 16 16 16.25 2 6 2 3
0 0 0 0 7 1 1 0 6 2 1 0 4 4 5 4 3 1 1 461808 0 15 16 16 16.25 2 8 0 3
0 0 0 0 6 1 1 0 6 2 1 0 4 -1 -1 -1 -1 -1 -1 462442 0 15 16 16 13.65 2 8 0 3
0 0 0 0 6 1 1 0 6 2 1 0 4 -1 -1 -1 -1 -1 -1 463208 0 15 16 16 13 2 8 0 3
0 0 0 0 1 6 1 0 6 2 1 0 5 -1 -1 -1 -1 -1 -1 463941 0 15 16 16 16.25 2 8 0 3
0 0 0 0 1 6 3 0 6 2 1 0 5 6 5 4 2 0 0 464541 0 15 16 16 16.25 2 4 2 3
0 0 0 0 1 6 1 0 6 2 1 0 5 -1 -1 -1 -1 -1 -1 465174 0 15 16 16 16.25 2 4 2 3
0 0 0 0 1 6 1 0 6 2 1 0 5 -1 -1 -1 -1 -1 -1 465841 0 15 16 16 13 2 4 2 3
0 0 0 0 1 6 1 0 6 2 1 0 5 -1 -1 -1 -1 -1 -1 466574 0 15 16 16 16.25 2 4 2 3
0 0 0 0 1 6 3 0 6 2 1 0 5 6 5 4 1 0 0 467174 0 15 16 16 16.25 2 6 2 3
0 0 0 0 1 6 1 0 6 2 1 0 5 -1 -1 -1 -1 -1 -1 467774 0 15 16 16 16.25 2 6 2 3
0 0 0 0 1 1 6 0 6 2 1 0 6 -1 -1 -1 -1 -1 -1 468473 0 15 16 16 13 2 6 2 3
0 0 0 0 1 1 6 0 6 2 1 0 6 -1 -1 -1 -1 -1 -1 469140 0 15 16 16 16.25 2 6 2 3
0 0 0 0 1 3 6 0 6 2 1 0 6 5 5 4 0 0 0 469740 0 15 16 16 16.25 2 6 2 3
0 0 0 0 1 1 6 0 6 2 1 0 6 -1 -1 -1 -1 -1 -1 470373 0 15 16 16 14.95 2 6 2 3
0 0 0 0 1 1 6 0 6 2 1 0 6 -1 -1 -1 -1 -1 -1 471106 0 15 16 16 16.25 2 6 2 3
0 0 0 0 1 1 6 0 6 2 1 0 6 -1 -1 -1 -1 -1 -1 471706 0 15 16 16 16.25 2 6 2 3
0 0 0 0 1 3 6 0 6 2 1 0 6 5 5 4 3 0 0 472339 0 15 16 16 16.25 2 6 2 3
0 0 0 0 1 1 6 0 6 2 1 0 6 -1 -1 -1 -1 -1 -1 472972 0 15 16 16 13.4333 2 6 2 3
0 0 0 0 1 6 1 0 6 2 1 0 5 -1 -1 -1 -1 -1 -1 473739 0 15 16 16 16.25 2 6 2 3
0 0 0 0 1 6 1 0 6 2 1 0 5 -1 -1 -1 -1 -1 -1 474339 0 15 16 16 16.25 2 6 2 3
0 0 0 0 1 7 1 0 6 2 1 0 5 5 5 4 3 1 1 474972 0 15 16 16 16.25 2 6 2 3
0 0 0 0 1 6 1 0 6 2 1 0 5 -1 -1 -1 -1 -1 -1 475605 0 15 16 16 13.65 2 6 2 3
0 0 0 0 1 6 1 0 6 2 1 0 5 -1 -1 -1 -1 -1 -1 476371 0 15 16 16 13 2 6 2 3
0 0 0 0 1 6 1 0 6 2 1 0 5 -1 -1 -1 -1 -1 -1 477071 0 15 16 16 16.25 2 6 2 3
0 0 0 0 1 6 3 0 6 2 1 0 5 6 5 4 0 0 0 477704 0 15 16 16 16.25 2 4 2 3
0 0 0 0 1 6 1 0 6 2 1 0 5 -1 -1 -1 -1 -1 -1 478304 0 15 16 16 16.0333 2 4 2 3
0 0 0 0 1 6 1 0 6 2 1 0 5 -1 -1 -1 -1 -1 -1 478971 0 15 16 16 16.25 2 4 2 3
0 0 0 0 1 6 1 0 6 2 1 0 5 -1 -1 -1 -1 -1 -1 479604 0 15 16 16 16.25 2 4 2 3
0 0 0 0 3 6 1 0 6 2 1 0 5 4 5 4 3 0 0 480204 0 15 16 16 16.25 2 6 2 3
0 0 0 0 1 6 1 0 6 2 1 0 5 -1 -1 -1 -1 -1 -1 480837 0 15 16 16 16.25 2 6 2 3
0 0 0 0 6 1 1 0 6 2 1 0 4 -1 -1 -1 -1 -1 -1 481470 0 15 16 16 16.25 2 6 2 3
0 0 0 0 6 1 1 0 6 2 1 0 4 -1 -1 -1 -1 -1 -1 482070 0 15 16 16 16.25 2 6 2 3
0 0 0 0 7 1 1 0 6 2 1 0 4 4 5 4 3 1 1 482770 0 15 16 16 13 2 8 0 3
0 0 0 0 1 6 1 0 6 2 1 0 5 -1 -1 -1 -1 -1 -1 396957 0 15 16 16 60 2 8 0 3
0 0 0 0 1 6 1 0 6 2 1 0 5 -1 -1 -1 -1 -1 -1 397124 0 15 16 16 60 2 8 0 3
0 0 0 0 1 6 1 0 6 2 1 0 5 -1 -1 -1 -1 -1 -1 397291 0 15 16 16 60 2 4 2 3
0 0 0 0 1 6 1 0 6 2 1 0 5 -1 -1 -1 -1 -1 -1 397457 0 15 16 16 50.6 2 4 2 3
0 0 0 0 1 6 1 0 6 2 1 0 5 -1 -1 -1 -1 -1 -1 397724 0 15 16 16 25.5333 2 4 2 3
0 0 0 0 1 6 1 0 6 2 1 0 5 -1 -1 -1 -1 -1 -1 398457 0 15 16 16 13 2 4 2 3
0 0 0 0 1 6 1 0 6 2 1 0 5 -1 -1 -1 -1 -1 -1 399224 0 15 16 16 13 2 6 2 3
0 0 0 0 1 6 1 0 6 2 1 0 5 -1 -1 -1 -1 -1 -1 399990 0 15 16 16 13 2 6 2 3
0 0 0 0 1 6 1 0 6 2 1 0 5 -1 -1 -1 -1 -1 -1 400657 0 15 16 16 16.25 2 6 2 3
0 0 0 0 1 6 1 0 6 2 1 0 5 -1 -1 -1 -1 -1 -1 401256 0 15 16 16 16.25 2 6 2 3
0 0 0 0 1 6 3 0 6 2 1 0 5 6 5 4 1 0 0 401890 0 15 16 16 15.1667 2 6 2 3
0 0 0 0 1 6 1 0 6 2 1 0 5 -1 -1 -1 -1 -1 -1 402623 0 15 16 16 13 2 6 2 3
0 0 0 0 1 1 6 0 6 2 1 0 6 -1 -1 -1 -1 -1 -1 403389 0 15 16 16 13 2 6 2 3
0 0 0 0 1 1 6 0 6 2 1 0 6 -1 -1 -1 -1 -1 -1 404089 0 15 16 16 16.25 2 6 2 3
0 0 0 0 1 1 7 0 6 2 1 0 6 6 5 4 1 1 1 404689 0 15 16 16 16.25 2 6 2 3
0 0 0 0 1 1 6 0 6 2 1 0 6 -1 -1 -1 -1 -1 -1 405322 0 15 16 16 16.0333 2 6 2 3
0 0 0 0 1 1 6 0 6 2 1 0 6 -1 -1 -1 -1 -1 -1 405989 0 15 16 16 16.25 2 6 2 3
0 0 0 0 1 6 1 0 6 2 1 0 5 -1 -1 -1 -1 -1 -1 406622 0 15 16 16 16.25 2 6 2 3
0 0 0 0 1 7 1 0 6 2 1 0 5 5 5 4 1 1 1 407222 0 15 16 16 16.25 2 6 2 3
0 0 0 0 1 6 1 0 6 2 1 0 5 -1 -1 -1 -1 -1 -1 407888 0 15 16 16 13.2167 2 6 2 3
0 0 0 0 1 6 1 0 6 2 1 0 5 -1 -1 -1 -1 -1 -1 408655 0 15 16 16 13 2 6 2 3
0 0 0 0 1 6 1 0 6 2 1 0 5 -1 -1 -1 -1 -1 -1 409421 0 15 16 16 13 2 6 2 3
0 0 0 0 3 6 1 0 6 2 1 0 5 4 5 4 0 0 0 410188 0 15 16 16 13 2 4 2 3
0 0 0 0 1 6 1 0 6 2 1 0 5 -1 -1 -1 -1 -1 -1 410954 0 15 16 16 13 2 4 2 3
0 0 0 0 1 6 1 0 6 2 1 0 5 -1 -1 -1 -1 -1 -1 411721 0 15 16 16 13 2 4 2 3
0 0 0 0 1 6 1 0 6 2 1 0 5 -1 -1 -1 -1 -1 -1 412454 0 15 16 16 16.25 2 4 2 3
0 0 0 0 3 6 1 0 6 2 1 0 5 4 5 4 1 0 0 413054 0 15 16 16 16.25 2 6 2 3
0 0 0 0 1 6 1 0 6 2 1 0 5 -1 -1 -1 -1 -1 -1 413687 0 15 16 16 16.25 2 6 2 3
0 0 0 0 1 6 1 0 6 2 1 0 5 -1 -1 -1 -1 -1 -1 414387 0 15 16 16 13 2 6 2 3
0 0 0 0 6 1 1 0 6 2 1 0 4 -1 -1 -1 -1 -1 -1 415153 0 15 16 16 13 2 6 2 3
0 0 0 0 6 3 1 0 6 2 1 0 4 5 5 4 0 0 0 415920 0 15 16 16 13 2 8 0 3
0 0 0 0 6 1 1 0 6 2 1 0 4 -1 -1 -1 -1 -1 -1 416686 0 15 16 16 13 2 8 0 3
0 0 0 0 1 6 1 0 6 2 1 0 5 -1 -1 -1 -1 -1 -1 417452 0 15 16 16 13 2 8 0 3
0 0 0 0 1 6 1 0 6 2 1 0 5 -1 -1 -1 -1 -1 -1 418219 0 15 16 16 13 2 8 0 3
0 0 0 0 3 6 1 0 6 2 1 0 5 4 5 4 1 0 0 418985 0 15 16 16 13 2 4 2 3
0 0 0 0 1 6 1 0 6 2 1 0 5 -1 -1 -1 -1 -1 -1 419719 0 15 16 16 16.25 2 4 2 3
0 0 0 0 1 6 1 0 6 2 1 0 5 -1 -1 -1 -1 -1 -1 420318 0 15 16 16 16.25 2 4 2 3
0 0 0 0 1 6 1 0 6 2 1 0 5 -1 -1 -1 -1 -1 -1 420918 0 15 16 16 16.25 2 4 2 3
0 0 0 0 1 6 3 0 6 2 1 0 5 6 5 4 3 0 0 421618 0 15 16 16 13 2 6 2 3
0 0 0 0 1 6 1 0 6 2 1 0 5 -1 -1 -1 -1 -1 -1 422251 0 15 16 16 16.25 2 6 2 3
0 0 0 0 1 1 6 0 6 2 1 0 6 -1 -1 -1 -1 -1 -1 422851 0 15 16 16 16.25 2 6 2 3
0 0 0 0 1 1 6 0 6 2 1 0 6 -1 -1 -1 -1 -1 -1 423484 0 15 16 16 14.0833 2 6 2 3
0 0 0 0 1 3 6 0 6 2 1 0 6 5 5 4 1 0 0 424251 0 15 16 16 13 2 6 2 3
0 0 0 0 1 1 6 0 6 2 1 0 6 -1 -1 -1 -1 -1 -1 425017 0 15 16 16 13 2 6 2 3
0 0 0 0 1 1 6 0 6 2 1 0 6 -1 -1 -1 -1 -1 -1 425784 0 15 16 16 13 2 6 2 3
0 0 0 0 1 1 6 0 6 2 1 0 6 -1 -1 -1 -1 -1 -1 426550 0 15 16 16 13 2 6 2 3
0 0 0 0 1 1 7 0 6 2 1 0 6 6 5 4 1 1 1 427317 0 15 16 16 13 2 6 2 3
0 0 0 0 1 1 6 0 6 2 1 0 6 -1 -1 -1 -1 -1 -1 428083 0 15 16 16 13 2 6 2 3
0 0 0 0 6 1 1 0 6 2 1 0 4 -1 -1 -1 -1 -1 -1 428850 0 15 16 16 13 2 6 2 3
0 0 0 0 6 1 1 0 6 2 1 0 4 -1 -1 -1 -1 -1 -1 429650 0 15 16 16 13 2 6 2 3
0 0 0 0 8 1 1 0 6 2 1 0 4 4 5 4 3 0 1 430416 0 15 16 16 13 2 6 2 3
0 0 0 0 6 1 1 0 6 2 1 0 4 -1 -1 -1 -1 -1 -1 431349 0 15 16 15 10 2 6 2 3
0 0 0 0 1 1 6 0 6 2 1 0 6 -1 -1 -1 -1 -1 -1 432349 0 15 16 15 10 2 6 2 3
0 0 0 0 1 1 6 0 6 2 1 0 6 -1 -1 -1 -1 -1 -1 433349 0 15 16 15 10 2 6 2 3
0 0 0 0 1 1 7 0 6 2 1 0 6 6 5 4 3 1 1 434248 0 15 16 15 12.5 2 4 2 3
0 0 0 0 1 1 6 0 6 2 1 0 6 -1 -1 -1 -1 -1 -1 435048 0 15 16 15 12.5 2 4 2 3
0 0 0 0 1 1 6 0 6 2 1 0 6 -1 -1 -1 -1 -1 -1 435915 0 15 16 15 12.5 2 4 2 3
0 0 0 0 1 1 6 0 6 2 1 0 6 -1 -1 -1 -1 -1 -1 436714 0 15 16 15 12.5 2 4 2 3
0 0 0 0 1 1 7 0 6 2 1 0 6 6 5 4 3 1 1 437514 0 15 16 15 11.6667 2 6 2 3
0 0 0 0 1 1 6 0 6 2 1 0 6 -1 -1 -1 -1 -1 -1 438281 0 15 16 16 13 2 6 2 3
0 0 0 0 1 6 1 0 6 2 1 0 5 -1 -1 -1 -1 -1 -1 439047 0 15 16 16 13 2 6 2 3
0 0 0 0 1 6 1 0 6 2 1 0 5 -1 -1 -1 -1 -1 -1 439814 0 15 16 16 13 2 6 2 3
0 0 0 0 3 6 1 0 6 2 1 0 5 4 5 4 1 0 0 440447 0 15 16 16 16.25 2 8 0 3
0 0 0 0 1 6 1 0 6 2 1 0 5 -1 -1 -1 -1 -1 -1 441047 0 15 16 16 16.25 2 8 0 3
0 0 0 0 1 6 1 0 6 2 1 0 5 -1 -1 -1 -1 -1 -1 441680 0 15 16 16 14.0833 2 8 0 3
0 0 0 0 1 6 1 0 6 2 1 0 5 -1 -1 -1 -1 -1 -1 442446 0 15 16 16 13 2 8 0 3
0 0 0 0 1 6 3 0 6 2 1 0 5 6 5 4 0 0 0 443080 0 15 16 16 16.25 2 4 2 3
0 0 0 0 1 6 1 0 6 2 1 0 5 -1 -1 -1 -1 -1 -1 443713 0 15 16 16 16.25 2 4 2 3
0 0 0 0 6 1 1 0 6 2 1 0 4 -1 -1 -1 -1 -1 -1 444346 0 15 16 16 14.3 2 4 2 3
0 0 0 0 6 1 1 0 6 2 1 0 4 -1 -1 -1 -1 -1 -1 445046 0 15 16 16 16.25 2 4 2 3
0 0 0 0 6 3 1 0 6 2 1 0 4 5 5 4 2 0 0 445679 0 15 16 16 16.25 2 6 2 3
0 0 0 0 6 1 1 0 6 2 1 0 4 -1 -1 -1 -1 -1 -1 446279 0 15 16 16 16.25 2 6 2 3
0 0 0 0 6 1 1 0 6 2 1 0 4 -1 -1 -1 -1 -1 -1 446945 0 15 16 16 13 2 6 2 3
0 0 0 0 6 1 1 0 6 2 1 0 4 -1 -1 -1 -1 -1 -1 447712 0 15 16 16 13 2 6 2 3
0 0 0 0 6 3 1 0 6 2 1 0 4 5 5 4 1 0 0 448512 0 15 16 16 13 2 6 2 3
0 0 0 0 6 1 1 0 6 2 1 0 4 -1 -1 -1 -1 -1 -1 449278 0 15 16 16 13 2 6 2 3
0 0 0 0 6 1 1 0 6 2 1 0 4 -1 -1 -1 -1 -1 -1 449978 0 15 16 16 16.25 2 6 2 3
0 0 0 0 6 1 1 0 6 2 1 0 4 -1 -1 -1 -1 -1 -1 450578 0 15 16 16 16.25 2 6 2 3
0 0 0 0 6 1 3 0 6 2 1 0 4 6 5 4 2 0 0 451211 0 15 16 16 16.25 2 6 2 3
0 0 0 0 6 1 1 0 6 2 1 0 4 -1 -1 -1 -1 -1 -1 451911 0 15 16 16 13 2 6 2 3
0 0 0 0 1 1 6 0 6 2 1 0 6 -1 -1 -1 -1 -1 -1 452677 0 15 16 16 13 2 6 2 3
0 0 0 0 1 1 6 0 6 2 1 0 6 -1 -1 -1 -1 -1 -1 453310 0 15 16 16 16.25 2 6 2 3
0 0 0 0 1 1 7 0 6 2 1 0 6 6 5 4 2 1 1 453944 0 15 16 16 16.25 2 6 2 3
0 0 0 0 1 1 6 0 6 2 1 0 6 -1 -1 -1 -1 -1 -1 454543 0 15 16 16 15.1667 2 6 2 3
0 0 0 0 1 6 1 0 6 2 1 0 5 -1 -1 -1 -1 -1 -1 455310 0 15 16 16 13 2 6 2 3
0 0 0 0 1 6 1 0 6 2 1 0 5 -1 -1 -1 -1 -1 -1 456076 0 15 16 16 16.25 2 6 2 3
0 0 0 0 1 6 3 0 6 2 1 0 5 6 5 4 1 0 0 456676 0 15 16 16 16.25 2 4 2 3
0 0 0 0 1 6 1 0 6 2 1 0 5 -1 -1 -1 -1 -1 -1 457276 0 15 16 16 16.25 2 4 2 3
0 0 0 0 1 6 1 0 6 2 1 0 5 -1 -1 -1 -1 -1 -1 457909 0 15 16 16 16.25 2 4 2 3
0 0 0 0 1 6 1 0 6 2 1 0 5 -1 -1 -1 -1 -1 -1 458542 0 15 16 16 16.25 2 4 2 3
0 0 0 0 1 6 3 0 6 2 1 0 5 6 5 4 3 0 0 459142 0 15 16 16 16.25 2 6 2 3
0 0 0 0 1 6 1 0 6 2 1 0 5 -1 -1 -1 -1 -1 -1 459809 0 15 16 16 13.2167 2 6 2 3
0 0 0 0 6 1 1 0 6 2 1 0 4 -1 -1 -1 -1 -1 -1 460575 0 15 16 16 16.25 2 6 2 3
0 0 0 0 6 1 1 0 6 2 1 0 4 -1 -1 -1 -1 -1 -1 461175 0 15 16 16 16.25 2 6 2 3
0 0 0 0 7 1 1 0 6 2 1 0 4 4 5 4 3 1 1 461808 0 15 16 16 16.25 2 8 0 3
0 0 0 0 6 1 1 0 6 2 1 0 4 -1 -1 -1 -1 -1 -1 462442 0 15 16 16 13.65 2 8 0 3
0 0 0 0 6 1 1 0 6 2 1 0 4 -1 -1 -1 -1 -1 -1 463208 0 15 16 16 13 2 8 0 3
0 0 0 0 1 6 1 0 6 2 1 0 5 -1 -1 -1 -1 -1 -1 463941 0 15 16 16 16.25 2 8 0 3
0 0 0 0 1 6 3 0 6 2 1 0 5 6 5 4 2 0 0 464541 0 15 16 16 16.25 2 4 2 3
0 0 0 0 1 6 1 0 6 2 1 0 5 -1 -1 -1 -1 -1 -1 465174 0 15 16 16 16.25 2 4 2 3
0 0 0 0 1 6 1 0 6 2 1 0 5 -1 -1 -1 -1 -1 -1 465841 0 15 16 16 13 2 4 2 3
0 0 0 0 1 6 1 0 6 2 1 0 5 -1 -1 -1 -1 -1 -1 466574 0 15 16 16 16.25 2 4 2 3
0 0 0 0 1 6 3 0 6 2 1 0 5 6 5 4 1 0 0 467174 0 15 16 16 16.25 2 6 2 3
0 0 0 0 1 6 1 0 6 2 1 0 5 -1 -1 -1 -1 -1 -1 467774 0 15 16 16 16.25 2 6 2 3
0 0 0 0 1 1 6 0 6 2 1 0 6 -1 -1 -1 -1 -1 -1 468473 0 15 16 16 13 2 6 2 3
0 0 0 0 1 1 6 0 6 2 1 0 6 -1 -1 -1 -1 -1 -1 469140 0 15 16 16 16.25 2 6 2 3
0 0 0 0 1 3 6 0 6 2 1 0 6 5 5 4 0 0 0 469740 0 15 16 16 16.25 2 6 2 3
0 0 0 0 1 1 6 0 6 2 1 0 6 -1 -1 -1 -1 -1 -1 470373 0 15 16 16 14.95 2 6 2 3
0 0 0 0 1 1 6 0 6 2 1 0 6 -1 -1 -1 -1 -1 -1 471106 0 15 16 16 16.25 2 6 2 3
0 0 0 0 1 1 6 0 6 2 1 0 6 -1 -1 -1 -1 -1 -1 471706 0 15 16 16 16.25 2 6 2 3
0 0 0 0 1 3 6 0 6 2 1 0 6 5 5 4 3 0 0 472339 0 15 16 16 16.25 2 6 2 3
0 0 0 0 1 1 6 0 6 2 1 0 6 -1 -1 -1 -1 -1 -1 472972 0 15 16 16 13.4333 2 6 2 3
0 0 0 0 1 6 1 0 6 2 1 0 5 -1 -1 -1 -1 -1 -1 473739 0 15 16 16 16.25 2 6 2 3
0 0 0 0 1 6 1 0 6 2 1 0 5 -1 -1 -1 -1 -1 -1 474339 0 15 16 16 16.25 2 6 2 3
0 0 0 0 1 7 1 0 6 2 1 0 5 5 5 4 3 1 1 474972 0 15 16 16 16.25 2 6 2 3
0 0 0 0 1 6 1 0 6 2 1 0 5 -1 -1 -1 -1 -1 -1 475605 0 15 16 16 13.65 2 6 2 3
0 0 0 0 1 6 1 0 6 2 1 0 5 -1 -1 -1 -1 -1 -1 476371 0 15 16 16 13 2 6 2 3
0 0 0 0 1 6 1 0 6 2 1 0 5 -1 -1 -1 -1 -1 -1 477071 0 15 16 16 16.25 2 6 2 3
0 0 0 0 1 6 3 0 6 2 1 0 5 6 5 4 0 0 0 477704 0 15 16 16 16.25 2 4 2 3
0 0 0 0 1 6 1 0 6 2 1 0 5 -1 -1 -1 -1 -1 -1 478304 0 15 16 16 16.0333 2 4 2 3
0 0 0 0 1 6 1 0 6 2 1 0 5 -1 -1 -1 -1 -1 -1 478971 0 15 16 16 16.25 2 4 2 3
0 0 0 0 1 6 1 0 6 2 1 0 5 -1 -1 -1 -1 -1 -1 479604 0 15 16 16 16.25 2 4 2 3
0 0 0 0 3 6 1 0 6 2 1 0 5 4 5 4 3 0 0 480204 0 15 16 16 16.25 2 6 2 3
0 0 0 0 1 6 1 0 6 2 1 0 5 -1 -1 -1 -1 -1 -1 480837 0 15 16 16 16.25 2 6 2 3
0 0 0 0 6 1 1 0 6 2 1 0 4 -1 -1 -1 -1 -1 -1 481470 0 15 16 16 16.25 2 6 2 3
0 0 0 0 6 1 1 0 6 2 1 0 4 -1 -1 -1 -1 -1 -1 482070 0 15 16 16 16.25 2 6 2 3
0 0 0 0 7 1 1 0 6 2 1 0 4 4 5 4 3 1 1 482770 0 15 16 16 13 2 8 0 3
