% Tunnel Log: 
% debug seed: 1462817302
%
% SegEncNW { '0'=no panel, '1'=panel, '4'=obstacle, '5'=collided obstacle, '6'=player, '7'=player right, '8'=player wrong, '2'=target, '3'=fake }
% SegEncN
% SegEncNE
% SegEncE
% SegEncSE
% SegEncS
% SegEncSW
% SegEncW
% Event Number { 0, inf }
% Task Type { 0=Color/Sound, 1=Shape/Sound, 2=Sound, 3=Navigation, 4=Speed, 5=Training 6=Recess, 7=Special 2-Back }
% N-Back { 0, inf }
% Navigation Level { 0, inf }
% Player Loc { 0=Northwest ... 7=West }
% Pod Loc { -1=N/A, 0=Northwest ... 7=West }
% Pod Color { -1, inf }
% Pod Shape { -1, inf }
% Pod Sound { -1, inf }
% Pod Match { -1=N/A, 0=No, 1=Yes }
% Pod Taken { -1=N/A, 0=No, 1=Yes }
% Timestamp (ms)
% Num Obstacles { 0, inf }
% Min Speed { 0, inf }
% Max Speed { 0, inf }
% Base Speed { 0, inf }
% Final Speed { 0, inf }
% Navigation Score { 0, inf }
% Segment Direction { 0=Northwest ... 7=West }
% Segment Angle { 0, inf }
% Segment Panels { 0, inf }
%
% SegEncNW SecEncN SegEncNE SegEncE SegEncSE SegEncS SegEncSW SegEncW EventNumber TaskType N-Back Navigation PlayerLoc PodLoc PodColor PodShape PodSound PodMatch PodTaken Timestamp NumObs MinSpeed MaxSpeed BaseSpeed FinalSpeed NavScore SegmentDir SegmentAngle SegmentPanels
0 0 0 0 1 6 1 0 0 3 1 0 5 -1 -1 -1 -1 -1 -1 36033 0 15 40 15 60 2 8 0 3
0 0 0 0 1 6 1 0 0 3 1 0 5 -1 -1 -1 -1 -1 -1 36133 0 15 40 15 60 2 8 0 3
0 0 0 0 1 6 1 0 0 3 1 0 5 -1 -1 -1 -1 -1 -1 36299 0 15 40 15 60 2 8 0 3
0 0 0 0 1 6 1 0 0 3 1 0 5 -1 -1 -1 -1 -1 -1 36466 0 15 40 15 60 2 5 2 3
0 0 0 0 1 6 1 0 0 3 1 0 5 -1 -1 -1 -1 -1 -1 36633 0 15 40 15 50 2 5 2 3
0 0 0 0 1 6 1 0 0 3 1 0 5 -1 -1 -1 -1 -1 -1 36933 0 15 40 15 20 2 5 2 3
0 0 0 0 1 6 1 0 0 3 1 0 5 -1 -1 -1 -1 -1 -1 37866 0 15 40 15 10 2 5 2 3
0 0 0 0 1 6 1 0 0 3 1 0 5 -1 -1 -1 -1 -1 -1 38866 0 15 40 15 10 2 6 2 3
0 0 0 0 1 1 6 0 0 3 1 0 6 -1 -1 -1 -1 -1 -1 39866 0 15 40 15 10 2 6 2 3
0 0 0 0 1 1 6 0 0 3 1 0 6 -1 -1 -1 -1 -1 -1 40866 0 15 40 15 10 2 6 2 3
0 0 0 0 1 1 6 0 0 3 1 0 6 -1 -1 -1 -1 -1 -1 41866 0 15 40 15 12.5 2 6 2 3
0 0 0 0 1 1 7 0 0 3 1 0 6 6 5 4 4 1 1 42666 0 15 40 15 12.5 2 4 2 3
0 0 0 0 1 1 6 0 0 3 1 0 6 -1 -1 -1 -1 -1 -1 43466 0 15 40 15 12 2 4 2 3
0 0 0 0 1 6 1 0 0 3 1 0 5 -1 -1 -1 -1 -1 -1 44399 0 15 40 15 12.5 2 4 2 3
0 0 0 0 1 6 1 0 0 3 1 0 5 -1 -1 -1 -1 -1 -1 45199 0 15 40 15 12.5 2 4 2 3
0 0 0 0 1 7 1 0 0 3 1 0 5 5 5 4 4 1 1 45999 0 15 40 15 11.5 2 4 2 3
0 0 0 0 1 6 1 0 0 3 1 0 5 -1 -1 -1 -1 -1 -1 46799 0 15 40 16 13 2 4 2 3
0 0 0 0 1 6 1 0 0 3 1 0 5 -1 -1 -1 -1 -1 -1 47432 0 15 40 16 16.25 2 4 2 3
0 0 0 0 1 6 1 0 0 3 1 0 5 -1 -1 -1 -1 -1 -1 48066 0 15 40 16 16.25 2 4 2 3
0 0 0 0 1 7 1 0 0 3 1 0 5 5 5 4 4 1 1 48666 0 15 40 16 14.95 2 5 2 3
0 0 0 0 1 6 1 0 0 3 1 0 5 -1 -1 -1 -1 -1 -1 49432 0 15 40 16 16.25 2 5 2 3
0 0 0 0 1 6 1 0 0 3 1 0 5 -1 -1 -1 -1 -1 -1 50032 0 15 40 16 16.25 2 5 2 3
0 0 0 0 1 6 1 0 0 3 1 0 5 -1 -1 -1 -1 -1 -1 50632 0 15 40 16 16.25 2 5 2 3
0 0 0 1 1 7 1 1 0 3 1 0 5 5 5 4 4 1 1 51299 0 15 40 16 13.65 2 5 2 5
0 0 0 1 1 6 1 1 0 3 1 1 5 -1 -1 -1 -1 -1 -1 51932 0 15 40 17 16 2 5 2 5
0 0 0 1 1 6 1 1 0 3 1 1 5 -1 -1 -1 -1 -1 -1 52432 0 15 40 17 20 2 5 2 5
0 0 0 1 1 6 1 1 0 3 1 1 5 -1 -1 -1 -1 -1 -1 52932 0 15 40 17 20 2 5 2 5
0 0 0 1 1 7 1 1 0 3 1 1 5 5 5 4 4 1 1 53432 0 15 40 17 20 2 5 2 5
0 0 0 1 1 6 1 1 0 3 1 1 5 -1 -1 -1 -1 -1 -1 53999 0 15 40 17 16 2 5 2 5
0 0 0 1 1 1 6 1 0 3 1 1 6 -1 -1 -1 -1 -1 -1 54599 0 15 40 17 20 2 5 2 5
0 0 0 1 1 1 6 1 0 3 1 1 6 -1 -1 -1 -1 -1 -1 55099 0 15 40 17 20 2 5 2 5
0 0 0 1 1 1 7 1 0 3 1 1 6 6 5 4 4 1 1 55599 0 15 40 17 20 2 8 0 5
0 0 0 1 1 1 6 1 0 3 1 1 6 -1 -1 -1 -1 -1 -1 56032 0 15 40 18 23.1167 2 8 0 5
0 0 0 1 6 1 1 1 0 3 1 1 4 -1 -1 -1 -1 -1 -1 56499 0 15 40 18 19 2 8 0 5
0 0 0 1 6 1 1 1 0 3 1 1 4 -1 -1 -1 -1 -1 -1 56966 0 15 40 18 23.75 2 8 0 5
0 0 0 1 7 1 1 1 0 3 1 1 4 4 5 4 4 1 1 57399 0 15 40 18 23.75 2 5 2 5
0 0 0 1 6 1 1 1 0 3 1 1 4 -1 -1 -1 -1 -1 -1 57832 0 15 40 18 23.75 2 5 2 5
0 0 0 1 6 1 1 1 0 3 1 1 4 -1 -1 -1 -1 -1 -1 58232 0 15 40 18 23.75 2 5 2 5
0 0 0 1 6 1 1 1 0 3 1 1 4 -1 -1 -1 -1 -1 -1 58666 0 15 40 18 23.75 2 5 2 5
0 0 0 1 7 1 1 1 0 3 1 1 4 4 5 4 4 1 1 59099 0 15 40 18 23.75 2 6 2 5
0 0 0 1 6 1 1 1 0 3 1 1 4 -1 -1 -1 -1 -1 -1 59466 0 15 40 19 26.25 2 6 2 5
0 0 0 1 1 6 1 1 0 3 1 1 5 -1 -1 -1 -1 -1 -1 59866 0 15 40 19 26.25 2 6 2 5
0 0 0 1 1 6 1 1 0 3 1 1 5 -1 -1 -1 -1 -1 -1 60266 0 15 40 19 26.25 2 6 2 5
0 0 0 1 1 7 1 1 0 3 1 1 5 5 5 4 4 1 1 60632 0 15 40 19 26.25 2 4 2 5
0 0 0 1 1 6 1 1 0 3 1 1 5 -1 -1 -1 -1 -1 -1 60999 0 15 40 19 26.25 2 4 2 5
0 0 0 1 1 1 6 1 0 3 1 1 6 -1 -1 -1 -1 -1 -1 61399 0 15 40 19 26.25 2 4 2 5
0 0 0 1 1 1 6 1 0 3 1 1 6 -1 -1 -1 -1 -1 -1 61766 0 15 40 19 25.2 2 4 2 5
0 0 0 1 1 1 7 1 0 3 1 1 6 6 5 4 4 1 1 62199 0 15 40 19 21 2 4 2 5
0 0 0 1 1 1 6 1 0 3 1 2 6 -1 -1 -1 -1 -1 -1 62666 0 15 40 20 22 2 4 2 5
0 0 0 1 1 6 1 1 0 3 1 2 5 -1 -1 -1 -1 -1 -1 63132 0 15 40 20 22 2 4 2 5
0 0 0 1 1 6 1 1 0 3 1 2 5 -1 -1 -1 -1 -1 -1 63532 0 15 40 20 27.5 2 4 2 5
0 0 0 1 1 7 1 1 0 3 1 2 5 5 5 4 4 1 1 63899 0 15 40 20 27.5 2 5 2 5
0 0 0 1 1 6 1 1 0 3 1 2 5 -1 -1 -1 -1 -1 -1 64232 0 15 40 20 27.5 2 5 2 5
0 0 0 1 4 6 1 1 0 3 1 2 5 -1 -1 -1 -1 -1 -1 64599 1 15 40 20 27.5 2 5 2 5
0 0 0 1 6 1 1 1 0 3 1 2 4 -1 -1 -1 -1 -1 -1 64966 0 15 40 20 25.6667 2 5 2 5
0 0 0 1 7 1 1 1 0 3 1 2 4 4 5 4 4 1 1 65366 0 15 40 20 27.5 2 5 2 5
0 0 0 1 6 1 1 1 0 3 1 2 4 -1 -1 -1 -1 -1 -1 65732 0 15 40 21 28.75 2 5 2 5
0 0 0 1 6 1 1 4 0 3 1 2 4 -1 -1 -1 -1 -1 -1 66066 1 15 40 21 28.75 2 5 2 5
0 0 0 1 6 1 1 1 0 3 1 2 4 -1 -1 -1 -1 -1 -1 66432 0 15 40 21 28.75 2 5 2 5
0 0 0 1 7 1 1 1 0 3 1 2 4 4 5 4 4 1 1 66765 0 15 40 21 28.3667 2 5 2 5
0 0 0 1 1 6 1 1 0 3 1 2 5 -1 -1 -1 -1 -1 -1 67132 0 15 40 21 24.15 2 5 2 5
0 0 0 1 4 6 1 1 0 3 1 2 5 -1 -1 -1 -1 -1 -1 67565 1 15 40 21 23 2 5 2 5
0 0 0 1 6 1 1 1 0 3 1 2 4 -1 -1 -1 -1 -1 -1 67999 0 15 40 21 23 2 5 2 5
0 0 0 1 7 1 1 1 0 3 1 2 4 4 5 4 4 1 1 68465 0 15 40 21 23 2 8 0 5
0 0 0 1 6 1 1 1 0 3 1 2 4 -1 -1 -1 -1 -1 -1 68865 0 15 40 22 24 2 8 0 5
0 0 0 1 1 6 4 1 0 3 1 2 5 -1 -1 -1 -1 -1 -1 69299 1 15 40 22 24 2 8 0 5
0 0 0 1 1 6 1 1 0 3 1 2 5 -1 -1 -1 -1 -1 -1 69632 0 15 40 22 30 2 8 0 5
0 0 0 1 1 7 1 1 0 3 1 2 5 5 5 4 4 1 1 69965 0 15 40 22 30 2 5 2 5
0 0 0 1 1 6 1 1 0 3 1 2 5 -1 -1 -1 -1 -1 -1 70299 0 15 40 22 30 2 5 2 5
0 0 0 1 6 1 1 4 0 3 1 2 4 -1 -1 -1 -1 -1 -1 70632 1 15 40 22 30 2 5 2 5
0 0 0 6 1 1 1 1 0 3 1 2 3 -1 -1 -1 -1 -1 -1 70965 0 15 40 22 29.2 2 5 2 5
0 0 0 7 1 1 1 1 0 3 1 2 3 3 5 4 4 1 1 71332 0 15 40 22 24.8 2 6 2 5
0 0 0 6 1 1 1 1 0 3 1 2 3 -1 -1 -1 -1 -1 -1 71732 0 15 40 23 25 2 6 2 5
0 0 0 6 4 1 1 1 0 3 1 2 3 -1 -1 -1 -1 -1 -1 72132 1 15 40 23 25 2 6 2 5
0 0 0 6 1 1 1 1 0 3 1 2 3 -1 -1 -1 -1 -1 -1 72499 0 15 40 23 31.25 2 6 2 5
0 0 0 7 1 1 1 1 0 3 1 2 3 3 5 4 4 1 1 72832 0 15 40 23 31.25 2 4 2 5
0 0 0 6 1 1 1 1 0 3 1 2 3 -1 -1 -1 -1 -1 -1 73132 0 15 40 23 31.25 2 4 2 5
0 0 0 6 1 1 1 4 0 3 1 2 3 -1 -1 -1 -1 -1 -1 73465 1 15 40 23 31.25 2 4 2 5
0 0 0 6 1 1 1 1 0 3 1 2 3 -1 -1 -1 -1 -1 -1 73765 0 15 40 23 31.25 2 4 2 5
0 0 0 7 1 1 1 1 0 3 1 2 3 3 5 4 4 1 1 74099 0 15 40 23 27.9167 2 4 2 5
0 0 0 6 1 1 1 1 0 3 1 2 3 -1 -1 -1 -1 -1 -1 74499 0 15 40 24 25.5 2 4 2 5
0 0 0 6 4 1 1 1 0 3 1 2 3 -1 -1 -1 -1 -1 -1 74899 1 15 40 24 25.5 2 4 2 5
0 0 0 6 1 1 1 1 0 3 1 2 3 -1 -1 -1 -1 -1 -1 75265 0 15 40 24 25.5 2 4 2 5
0 0 0 7 1 1 1 1 0 3 1 2 3 3 5 4 4 1 1 75599 0 15 40 24 31.875 2 5 2 5
0 0 0 6 1 1 1 1 0 3 1 2 3 -1 -1 -1 -1 -1 -1 75899 0 15 40 24 31.875 2 5 2 5
0 0 0 6 1 4 1 1 0 3 1 2 3 -1 -1 -1 -1 -1 -1 76232 1 15 40 24 31.875 2 5 2 5
0 0 0 1 6 1 1 1 0 3 1 2 4 -1 -1 -1 -1 -1 -1 76532 0 15 40 24 31.875 2 5 2 5
0 0 0 1 7 1 1 1 0 3 1 2 4 4 5 4 4 1 1 76865 0 15 40 24 31.875 2 5 2 5
0 0 0 1 6 1 1 1 0 3 1 2 4 -1 -1 -1 -1 -1 -1 77165 0 15 40 25 32.5 2 5 2 5
0 0 0 1 6 4 1 1 0 3 1 2 4 -1 -1 -1 -1 -1 -1 77465 1 15 40 25 32.5 2 5 2 5
0 0 0 1 6 1 1 1 0 3 1 2 4 -1 -1 -1 -1 -1 -1 77765 0 15 40 25 32.5 2 5 2 5
0 0 0 1 7 1 1 1 0 3 1 2 4 4 5 4 4 1 1 78099 0 15 40 25 32.5 2 5 2 5
0 0 0 1 6 1 1 1 0 3 1 2 4 -1 -1 -1 -1 -1 -1 78399 0 15 40 25 32.0667 2 5 2 5
0 0 0 4 6 1 1 1 0 3 1 2 4 -1 -1 -1 -1 -1 -1 78732 1 15 40 25 27.7333 2 5 2 5
0 0 0 1 6 1 1 1 0 3 1 2 4 -1 -1 -1 -1 -1 -1 79099 0 15 40 25 32.5 2 5 2 5
0 0 0 1 7 1 1 1 0 3 1 2 4 4 5 4 4 1 1 79399 0 15 40 25 32.5 2 8 0 5
0 0 0 1 1 6 1 1 0 3 1 2 5 -1 -1 -1 -1 -1 -1 79699 0 15 40 26 33.125 2 8 0 5
0 0 0 1 4 6 1 1 0 3 1 2 5 -1 -1 -1 -1 -1 -1 79999 1 15 40 26 33.125 2 8 0 5
0 0 0 1 1 1 6 1 0 3 1 2 6 -1 -1 -1 -1 -1 -1 80299 0 15 40 26 33.125 2 8 0 5
0 0 0 1 1 1 7 1 0 3 1 2 6 6 5 4 4 1 1 80599 0 15 40 26 32.6833 2 5 2 5
0 0 0 1 1 1 6 1 0 3 1 2 6 -1 -1 -1 -1 -1 -1 80932 0 15 40 26 28.2667 2 5 2 5
0 0 0 4 1 6 1 1 0 3 1 2 5 -1 -1 -1 -1 -1 -1 81332 1 15 40 26 26.5 2 5 2 5
0 0 0 1 1 6 1 1 0 3 1 2 5 -1 -1 -1 -1 -1 -1 81665 0 15 40 26 33.125 2 5 2 5
0 0 0 1 1 7 1 1 0 3 1 2 5 5 5 4 4 1 1 81965 0 15 40 26 33.125 2 6 2 5
0 0 0 1 6 1 1 1 0 3 1 2 4 -1 -1 -1 -1 -1 -1 82265 0 15 40 27 33.75 2 6 2 5
0 0 0 1 6 4 1 1 0 3 1 2 4 -1 -1 -1 -1 -1 -1 82565 1 15 40 27 33.75 2 6 2 5
0 0 0 1 6 1 1 1 0 3 1 2 4 -1 -1 -1 -1 -1 -1 82865 0 15 40 27 33.75 2 6 2 5
0 0 0 1 1 1 8 1 0 3 1 2 6 6 5 4 4 1 0 83165 0 15 40 27 33.3 2 4 2 5
0 0 0 1 1 1 6 1 0 3 1 2 6 -1 -1 -1 -1 -1 -1 83499 0 15 40 26 28.2667 2 4 2 5
0 0 0 1 1 4 1 6 0 3 1 2 7 -1 -1 -1 -1 -1 -1 83865 1 15 40 26 26.5 2 4 2 5
0 0 0 1 1 1 1 6 0 3 1 2 7 -1 -1 -1 -1 -1 -1 84232 0 15 40 26 26.5 2 4 2 5
0 0 0 1 1 1 1 7 0 3 1 2 7 7 5 4 4 1 1 84565 0 15 40 26 33.125 2 4 2 5
0 0 0 1 1 1 1 6 0 3 1 2 7 -1 -1 -1 -1 -1 -1 84865 0 15 40 26 33.125 2 4 2 5
0 0 0 1 4 1 1 6 0 3 1 2 7 -1 -1 -1 -1 -1 -1 85165 1 15 40 26 33.125 2 4 2 5
0 0 0 1 1 1 6 1 0 3 1 2 6 -1 -1 -1 -1 -1 -1 85465 0 15 40 26 33.125 2 4 2 5
0 0 0 1 1 7 1 1 0 3 1 2 5 5 5 4 4 1 1 85765 0 15 40 26 33.125 2 5 2 5
0 0 0 1 1 1 6 1 0 3 1 2 6 -1 -1 -1 -1 -1 -1 86099 0 15 40 27 31.05 2 5 2 5
0 0 0 1 1 4 6 1 0 3 1 2 6 -1 -1 -1 -1 -1 -1 86432 1 15 40 27 27 2 5 2 5
0 0 0 1 1 6 1 1 0 3 1 2 5 -1 -1 -1 -1 -1 -1 86799 0 15 40 27 27 2 5 2 5
0 0 0 1 7 1 1 1 0 3 1 2 4 4 5 4 4 1 1 87165 0 15 40 27 27 2 5 2 5
0 0 0 1 1 6 1 1 0 3 1 2 5 -1 -1 -1 -1 -1 -1 87532 0 15 40 27 27 2 5 2 5
0 0 0 4 1 6 1 1 0 3 1 2 5 -1 -1 -1 -1 -1 -1 87899 1 15 40 27 27 2 5 2 5
0 0 0 1 1 6 1 1 0 3 1 2 5 -1 -1 -1 -1 -1 -1 88265 0 15 40 27 33.75 2 5 2 5
0 0 0 1 1 7 1 1 0 3 1 2 5 5 5 4 4 1 1 88565 0 15 40 27 33.75 2 5 2 5
0 0 0 1 1 6 1 1 0 3 1 2 5 -1 -1 -1 -1 -1 -1 88865 0 15 40 28 34.375 2 5 2 5
0 0 0 1 4 6 1 1 0 3 1 2 5 -1 -1 -1 -1 -1 -1 89165 1 15 40 28 34.375 2 5 2 5
0 0 0 1 6 1 1 1 0 3 1 2 4 -1 -1 -1 -1 -1 -1 89432 0 15 40 28 34.375 2 5 2 5
0 0 0 7 1 1 1 1 0 3 1 2 3 3 5 4 4 1 1 89732 0 15 40 28 34.375 2 8 0 5
0 0 0 6 1 1 1 1 0 3 1 2 3 -1 -1 -1 -1 -1 -1 90032 0 15 40 28 30.7083 2 8 0 5
0 0 0 1 6 1 4 1 0 3 1 2 4 -1 -1 -1 -1 -1 -1 90398 1 15 40 28 27.5 2 8 0 5
0 0 0 1 1 6 1 1 0 3 1 2 5 -1 -1 -1 -1 -1 -1 90765 0 15 40 28 27.5 2 8 0 5
0 0 0 1 1 7 1 1 0 3 1 2 5 5 5 4 4 1 1 91132 0 15 40 28 27.5 2 5 2 5
0 0 0 1 1 1 6 1 0 3 1 2 6 -1 -1 -1 -1 -1 -1 91465 0 15 40 29 28 2 5 2 5
0 0 0 1 1 4 6 1 0 3 1 2 6 -1 -1 -1 -1 -1 -1 91832 1 15 40 29 28 2 5 2 5
0 0 0 1 1 6 1 1 0 3 1 2 5 -1 -1 -1 -1 -1 -1 92198 0 15 40 29 28 2 5 2 5
0 0 0 2 8 1 1 1 0 3 1 2 4 3 5 4 4 1 0 92532 0 15 40 29 28 2 6 2 5
0 0 0 6 1 1 1 1 0 3 1 2 3 -1 -1 -1 -1 -1 -1 92898 0 15 40 28 27.5 2 6 2 5
0 0 0 6 1 4 1 1 0 3 1 2 3 -1 -1 -1 -1 -1 -1 93265 1 15 40 28 27.5 2 6 2 5
0 0 0 1 6 1 1 1 0 3 1 2 4 -1 -1 -1 -1 -1 -1 93632 0 15 40 28 27.5 2 6 2 5
0 0 0 1 2 8 1 1 0 3 1 2 5 4 5 4 4 1 0 93998 0 15 40 28 27.5 2 4 2 5
0 0 0 1 1 6 1 1 0 3 1 2 5 -1 -1 -1 -1 -1 -1 94365 0 15 40 27 27 2 4 2 5
0 0 0 1 4 6 1 1 0 3 1 2 5 -1 -1 -1 -1 -1 -1 94732 1 15 40 27 27 2 4 2 5
0 0 0 1 1 1 6 1 0 3 1 2 6 -1 -1 -1 -1 -1 -1 95098 0 15 40 27 27 2 4 2 5
0 0 0 1 1 1 7 1 0 3 1 2 6 6 5 4 4 1 1 95465 0 15 40 27 27 2 4 2 5
0 0 0 1 1 1 6 1 0 3 1 2 6 -1 -1 -1 -1 -1 -1 95865 0 15 40 27 27 2 4 2 5
0 0 0 0 1 6 1 0 1 4 1 0 5 -1 -1 -1 -1 -1 -1 105698 0 15 40 15 60 2 8 0 3
0 0 0 0 1 6 1 0 1 4 1 0 5 -1 -1 -1 -1 -1 -1 105865 0 15 40 15 60 2 8 0 3
0 0 0 0 1 6 1 0 1 4 1 0 5 -1 -1 -1 -1 -1 -1 106032 0 15 40 15 60 2 5 2 3
0 0 0 0 1 6 1 0 1 4 1 0 5 -1 -1 -1 -1 -1 -1 106198 0 15 40 15 50 2 5 2 3
0 0 0 0 1 6 1 0 1 4 1 0 5 -1 -1 -1 -1 -1 -1 106498 0 15 40 15 20 2 5 2 3
0 0 0 0 1 6 1 0 1 4 1 0 5 -1 -1 -1 -1 -1 -1 107432 0 15 40 15 10 2 5 2 3
0 0 0 0 1 6 1 0 1 4 1 0 5 -1 -1 -1 -1 -1 -1 108432 0 15 40 15 10 2 6 2 3
0 0 0 0 6 1 1 0 1 4 1 0 4 -1 -1 -1 -1 -1 -1 109432 0 15 40 15 10 2 6 2 3
0 0 0 0 1 6 1 0 1 4 1 0 5 -1 -1 -1 -1 -1 -1 110431 0 15 40 15 10 2 6 2 3
0 0 0 0 1 6 1 0 1 4 1 0 5 -1 -1 -1 -1 -1 -1 111431 0 15 40 15 10 2 6 2 3
0 0 0 0 3 6 1 0 1 4 1 0 5 4 2 5 0 0 0 112331 0 15 40 15 12.5 2 4 2 3
0 0 0 0 1 6 1 0 1 4 1 0 5 -1 -1 -1 -1 -1 -1 113131 0 15 40 15 12.5 2 4 2 3
0 0 0 0 1 6 1 0 1 4 1 0 5 -1 -1 -1 -1 -1 -1 113965 0 15 40 15 12.5 2 4 2 3
0 0 0 0 1 6 1 0 1 4 1 0 5 -1 -1 -1 -1 -1 -1 114765 0 15 40 15 12.5 2 4 2 3
0 0 0 0 3 6 1 0 1 4 1 0 5 4 0 6 1 0 0 115565 0 15 40 15 11.1667 2 5 2 3
0 0 0 0 1 1 6 0 1 4 1 0 6 -1 -1 -1 -1 -1 -1 116398 0 15 40 15 12.5 2 5 2 3
0 0 0 0 1 1 6 0 1 4 1 0 6 -1 -1 -1 -1 -1 -1 117198 0 15 40 15 12.3333 2 5 2 3
0 0 0 0 1 1 6 0 1 4 1 0 6 -1 -1 -1 -1 -1 -1 118065 0 15 40 15 12.5 2 5 2 3
0 0 0 0 1 1 7 0 1 4 1 0 6 6 0 6 1 1 1 118865 0 15 40 15 12.5 2 5 2 3
0 0 0 0 1 1 6 0 1 4 1 0 6 -1 -1 -1 -1 -1 -1 119698 0 15 40 15 11 2 5 2 3
0 0 0 0 1 1 6 0 1 4 1 0 6 -1 -1 -1 -1 -1 -1 120498 0 15 40 15 12.5 2 5 2 3
0 0 0 0 1 1 6 0 1 4 1 0 6 -1 -1 -1 -1 -1 -1 121298 0 15 40 15 12.3333 2 5 2 3
0 0 0 0 1 1 7 0 1 4 1 0 6 6 0 6 1 1 1 122131 0 15 40 15 12.5 2 4 2 3
0 0 0 0 1 1 6 0 1 4 1 0 6 -1 -1 -1 -1 -1 -1 122765 0 15 40 16 16.25 2 4 2 3
0 0 0 0 1 6 1 0 1 4 1 0 5 -1 -1 -1 -1 -1 -1 123398 0 15 40 16 14.0833 2 4 2 3
0 0 0 0 1 6 1 0 1 4 1 0 5 -1 -1 -1 -1 -1 -1 124031 0 15 40 16 16.25 2 4 2 3
0 0 0 0 1 6 3 0 1 4 1 0 5 6 2 5 0 0 0 124665 0 15 40 16 16.25 2 5 2 3
0 0 0 0 1 6 1 0 1 4 1 0 5 -1 -1 -1 -1 -1 -1 125265 0 15 40 16 14.7333 2 5 2 3
0 0 0 0 1 6 1 0 1 4 1 0 5 -1 -1 -1 -1 -1 -1 125965 0 15 40 16 16.25 2 5 2 3
0 0 0 0 1 6 1 0 1 4 1 0 5 -1 -1 -1 -1 -1 -1 126565 0 15 40 16 16.25 2 5 2 3
0 0 0 0 3 6 1 0 1 4 1 0 5 4 1 7 2 0 0 127198 0 15 40 16 16.0333 2 8 0 3
0 0 0 0 1 6 1 0 1 4 1 0 5 -1 -1 -1 -1 -1 -1 127898 0 15 40 16 13 2 8 0 3
0 0 0 0 6 1 1 0 1 4 1 0 4 -1 -1 -1 -1 -1 -1 128631 0 15 40 16 16.25 2 8 0 3
0 0 0 0 6 1 1 0 1 4 1 0 4 -1 -1 -1 -1 -1 -1 129265 0 15 40 16 16.25 2 8 0 3
0 0 0 0 6 3 1 0 1 4 1 0 4 5 3 8 3 0 0 129865 0 15 40 16 16.25 2 5 2 3
0 0 0 0 6 1 1 0 1 4 1 0 4 -1 -1 -1 -1 -1 -1 130498 0 15 40 16 16.25 2 5 2 3
0 0 0 0 6 1 1 0 1 4 1 0 4 -1 -1 -1 -1 -1 -1 131099 0 15 40 16 16.25 2 5 2 3
0 0 0 0 6 1 1 0 1 4 1 0 4 -1 -1 -1 -1 -1 -1 131732 0 15 40 16 16.25 2 5 2 3
0 0 0 1 6 3 1 1 1 4 1 0 4 5 1 7 2 0 0 132399 0 15 40 16 16.25 2 6 2 5
0 0 0 1 6 1 1 1 1 4 1 0 4 -1 -1 -1 -1 -1 -1 133032 0 15 40 16 16.25 2 6 2 5
0 0 0 1 1 6 1 1 1 4 1 0 5 -1 -1 -1 -1 -1 -1 133632 0 15 40 16 16.25 2 6 2 5
0 0 0 1 1 6 1 1 1 4 1 0 5 -1 -1 -1 -1 -1 -1 134266 0 15 40 16 16.25 2 6 2 5
0 0 0 1 3 6 1 1 1 4 1 0 5 4 2 5 0 0 0 134899 0 15 40 16 16.25 2 4 2 5
0 0 0 1 1 6 1 1 1 4 1 1 5 -1 -1 -1 -1 -1 -1 135499 0 15 40 16 16.25 2 4 2 5
0 0 0 1 6 1 1 1 1 4 1 1 4 -1 -1 -1 -1 -1 -1 136166 0 15 40 16 13 2 4 2 5
0 0 0 1 6 1 1 1 1 4 1 1 4 -1 -1 -1 -1 -1 -1 136800 0 15 40 16 16.25 2 4 2 5
0 0 0 1 6 3 1 1 1 4 1 1 4 5 0 6 1 0 0 137433 0 15 40 16 16.25 2 5 2 5
0 0 0 1 6 1 1 1 1 4 1 1 4 -1 -1 -1 -1 -1 -1 138033 0 15 40 16 14.7333 2 5 2 5
0 0 0 1 6 1 1 1 1 4 1 1 4 -1 -1 -1 -1 -1 -1 138667 0 15 40 16 16.25 2 5 2 5
0 0 0 1 6 1 1 1 1 4 1 1 4 -1 -1 -1 -1 -1 -1 139300 0 15 40 16 16.25 2 5 2 5
0 0 0 1 7 1 1 1 1 4 1 1 4 4 0 6 1 1 1 139934 0 15 40 16 14.3 2 5 2 5
0 0 0 1 1 6 1 1 1 4 1 1 5 -1 -1 -1 -1 -1 -1 140667 0 15 40 16 13 2 5 2 5
0 0 0 1 1 6 1 1 1 4 1 1 5 -1 -1 -1 -1 -1 -1 141367 0 15 40 16 16.25 2 5 2 5
0 0 0 1 1 6 1 1 1 4 1 1 5 -1 -1 -1 -1 -1 -1 142001 0 15 40 16 16.25 2 5 2 5
0 0 0 1 3 6 1 1 1 4 1 1 5 4 3 8 3 0 0 142601 0 15 40 16 16.25 2 4 2 5
0 0 0 1 1 1 6 1 1 4 1 1 6 -1 -1 -1 -1 -1 -1 143301 0 15 40 16 13 2 4 2 5
0 0 0 1 1 1 6 1 1 4 1 1 6 -1 -1 -1 -1 -1 -1 144001 0 15 40 16 16.25 2 4 2 5
0 0 0 1 1 1 6 1 1 4 1 1 6 -1 -1 -1 -1 -1 -1 144635 0 15 40 16 16.25 2 4 2 5
0 0 0 1 1 3 6 1 1 4 1 1 6 5 2 5 0 0 0 145235 0 15 40 16 16.25 2 5 2 5
0 0 0 1 1 1 1 6 1 4 1 1 7 -1 -1 -1 -1 -1 -1 145935 0 15 40 16 13 2 5 2 5
0 0 0 1 1 1 1 6 1 4 1 1 7 -1 -1 -1 -1 -1 -1 146635 0 15 40 16 16.25 2 5 2 5
0 0 0 1 1 1 1 6 1 4 1 1 7 -1 -1 -1 -1 -1 -1 147269 0 15 40 16 16.25 2 5 2 5
0 0 0 1 1 1 1 7 1 4 1 1 7 7 2 5 0 1 1 147869 0 15 40 16 16.25 2 8 0 5
0 0 0 1 1 1 1 6 1 4 1 1 7 -1 -1 -1 -1 -1 -1 148469 0 15 40 17 16 2 8 0 5
0 0 0 1 1 6 1 1 1 4 1 1 5 -1 -1 -1 -1 -1 -1 149069 0 15 40 17 16 2 8 0 5
0 0 0 1 1 6 1 1 1 4 1 1 5 -1 -1 -1 -1 -1 -1 149669 0 15 40 17 20 2 8 0 5
0 0 0 1 1 6 1 3 1 4 1 1 5 7 1 7 2 0 0 150169 0 15 40 17 20 2 5 2 5
0 0 0 1 1 6 1 1 1 4 1 1 5 -1 -1 -1 -1 -1 -1 150669 0 15 40 17 20 2 5 2 5
0 0 0 1 1 1 6 1 1 4 1 1 6 -1 -1 -1 -1 -1 -1 151170 0 15 40 17 18.4 2 5 2 5
0 0 0 1 1 1 6 1 1 4 1 1 6 -1 -1 -1 -1 -1 -1 151703 0 15 40 17 20 2 5 2 5
0 0 0 1 1 1 7 1 1 4 1 1 6 6 1 7 2 1 1 152203 0 15 40 17 20 2 6 2 5
0 0 0 1 1 1 6 1 1 4 1 1 6 -1 -1 -1 -1 -1 -1 152703 0 15 40 17 20 2 6 2 5
0 0 0 1 1 1 6 1 1 4 1 1 6 -1 -1 -1 -1 -1 -1 153203 0 15 40 17 17.8667 2 6 2 5
0 0 0 1 1 1 6 1 1 4 1 1 6 -1 -1 -1 -1 -1 -1 153703 0 15 40 17 20 2 6 2 5
0 0 0 1 3 1 6 1 1 4 1 1 6 4 2 5 0 0 0 154203 0 15 40 17 20 2 4 2 5
0 0 0 1 1 1 6 1 1 4 1 1 6 -1 -1 -1 -1 -1 -1 154704 0 15 40 17 20 2 4 2 5
0 0 0 1 1 6 1 1 1 4 1 1 5 -1 -1 -1 -1 -1 -1 155270 0 15 40 17 16 2 4 2 5
0 0 0 1 1 6 1 1 1 4 1 1 5 -1 -1 -1 -1 -1 -1 155837 0 15 40 17 20 2 4 2 5
0 0 0 1 1 6 3 1 1 4 1 1 5 6 1 7 2 0 0 156337 0 15 40 17 20 2 5 2 5
0 0 0 1 1 6 1 1 1 4 1 2 5 -1 -1 -1 -1 -1 -1 156837 0 15 40 17 20 2 5 2 5
0 0 0 1 1 6 1 1 1 4 1 2 5 -1 -1 -1 -1 -1 -1 157337 0 15 40 17 18.1333 2 5 2 5
0 0 0 1 1 6 1 1 1 4 1 2 5 -1 -1 -1 -1 -1 -1 157871 0 15 40 17 20 2 5 2 5
0 0 0 1 1 6 1 3 1 4 1 2 5 7 2 5 0 0 0 158371 0 15 40 17 20 2 5 2 5
0 0 0 1 1 6 1 1 1 4 1 2 5 -1 -1 -1 -1 -1 -1 158871 0 15 40 17 20 2 5 2 5
0 0 0 1 1 6 1 4 1 4 1 2 5 -1 -1 -1 -1 -1 -1 159405 1 15 40 17 17.3333 2 5 2 5
0 0 0 1 1 6 1 1 1 4 1 2 5 -1 -1 -1 -1 -1 -1 160005 0 15 40 17 16 2 5 2 5
0 0 0 1 1 1 6 3 1 4 1 2 6 7 0 6 1 0 0 160538 0 15 40 17 20 2 4 2 5
0 0 0 1 1 1 6 1 1 4 1 2 6 -1 -1 -1 -1 -1 -1 161038 0 15 40 17 20 2 4 2 5
0 0 0 1 1 4 6 1 1 4 1 2 6 -1 -1 -1 -1 -1 -1 161538 1 15 40 17 20 2 4 2 5
0 0 0 1 1 1 6 1 1 4 1 2 6 -1 -1 -1 -1 -1 -1 162038 0 15 40 17 20 2 4 2 5
0 0 0 1 1 3 6 1 1 4 1 2 6 5 3 8 3 0 0 162539 0 15 40 17 20 2 5 2 5
0 0 0 1 1 1 6 1 1 4 1 2 6 -1 -1 -1 -1 -1 -1 163039 0 15 40 17 20 2 5 2 5
0 0 0 1 4 6 1 1 1 4 1 2 5 -1 -1 -1 -1 -1 -1 163539 1 15 40 17 18.4 2 5 2 5
0 0 0 1 1 6 1 1 1 4 1 2 5 -1 -1 -1 -1 -1 -1 164039 0 15 40 17 20 2 5 2 5
0 0 0 1 1 7 1 1 1 4 1 2 5 5 3 8 3 1 1 164539 0 15 40 17 20 2 8 0 5
0 0 0 1 1 6 1 1 1 4 1 2 5 -1 -1 -1 -1 -1 -1 164972 0 15 40 18 23.75 2 8 0 5
0 0 0 4 1 1 6 1 1 4 1 2 6 -1 -1 -1 -1 -1 -1 165439 1 15 40 18 20.2667 2 8 0 5
0 0 0 1 1 1 6 1 1 4 1 2 6 -1 -1 -1 -1 -1 -1 165939 0 15 40 18 19 2 8 0 5
0 0 0 1 1 3 1 6 1 4 1 2 7 5 2 5 0 0 0 166473 0 15 40 18 19 2 5 2 5
0 0 0 1 1 1 1 6 1 4 1 2 7 -1 -1 -1 -1 -1 -1 166973 0 15 40 18 23.75 2 5 2 5
0 0 0 1 1 1 4 6 1 4 1 2 7 -1 -1 -1 -1 -1 -1 167406 1 15 40 18 23.75 2 5 2 5
0 0 0 1 1 1 1 6 1 4 1 2 7 -1 -1 -1 -1 -1 -1 167806 0 15 40 18 23.75 2 5 2 5
0 0 0 1 1 1 3 6 1 4 1 2 7 6 0 6 1 0 0 168240 0 15 40 18 23.75 2 6 2 5
0 0 0 1 1 1 1 6 1 4 1 2 7 -1 -1 -1 -1 -1 -1 168673 0 15 40 18 23.75 2 6 2 5
0 0 0 4 1 1 6 1 1 4 1 2 6 -1 -1 -1 -1 -1 -1 169073 1 15 40 18 23.75 2 6 2 5
0 0 0 1 1 6 1 1 1 4 1 2 5 -1 -1 -1 -1 -1 -1 169507 0 15 40 18 23.75 2 6 2 5
0 0 0 1 1 6 1 3 1 4 1 2 5 7 3 8 3 0 0 169907 0 15 40 18 23.75 2 4 2 5
0 0 0 1 1 6 1 1 1 4 1 2 5 -1 -1 -1 -1 -1 -1 170374 0 15 40 18 19.95 2 4 2 5
0 0 0 1 6 1 4 1 1 4 1 2 4 -1 -1 -1 -1 -1 -1 170907 1 15 40 18 19 2 4 2 5
0 0 0 1 6 1 1 1 1 4 1 2 4 -1 -1 -1 -1 -1 -1 171407 0 15 40 18 23.75 2 4 2 5
0 0 0 1 6 3 1 1 1 4 1 2 4 5 0 6 1 0 0 171841 0 15 40 18 23.75 2 5 2 5
0 0 0 1 6 1 1 1 1 4 1 2 4 -1 -1 -1 -1 -1 -1 172241 0 15 40 18 23.75 2 5 2 5
0 0 0 1 1 6 4 1 1 4 1 2 5 -1 -1 -1 -1 -1 -1 172674 1 15 40 18 23.75 2 5 2 5
0 0 0 1 1 6 1 1 1 4 1 2 5 -1 -1 -1 -1 -1 -1 173108 0 15 40 18 21.2167 2 5 2 5
0 0 0 1 3 1 6 1 1 4 1 2 6 4 1 7 2 0 0 173608 0 15 40 18 19 2 5 2 5
0 0 0 1 1 1 6 1 1 4 1 2 6 -1 -1 -1 -1 -1 -1 174074 0 15 40 18 23.75 2 5 2 5
0 0 0 1 1 4 6 1 1 4 1 2 6 -1 -1 -1 -1 -1 -1 174508 1 15 40 18 23.75 2 5 2 5
0 0 0 1 1 1 6 1 1 4 1 2 6 -1 -1 -1 -1 -1 -1 174908 0 15 40 18 23.75 2 5 2 5
0 0 0 1 3 1 6 1 1 4 1 2 6 4 3 8 3 0 0 175341 0 15 40 18 23.75 2 4 2 5
0 0 0 1 1 1 6 1 1 4 1 2 6 -1 -1 -1 -1 -1 -1 175808 0 15 40 18 19.3167 2 4 2 5
0 0 0 1 1 4 6 1 1 4 1 2 6 -1 -1 -1 -1 -1 -1 176308 1 15 40 18 23.75 2 4 2 5
0 0 0 1 1 1 6 1 1 4 1 2 6 -1 -1 -1 -1 -1 -1 176708 0 15 40 18 23.75 2 4 2 5
0 0 0 3 1 1 6 1 1 4 1 2 6 3 2 5 0 0 0 177142 0 15 40 18 23.75 2 5 2 5
0 0 0 1 1 1 6 1 1 4 1 2 6 -1 -1 -1 -1 -1 -1 177575 0 15 40 18 23.75 2 5 2 5
0 0 0 1 1 1 6 4 1 4 1 2 6 -1 -1 -1 -1 -1 -1 178009 1 15 40 18 20.5833 2 5 2 5
0 0 0 1 1 1 6 1 1 4 1 2 6 -1 -1 -1 -1 -1 -1 178442 0 15 40 18 23.75 2 5 2 5
0 0 0 1 1 3 6 1 1 4 1 2 6 5 0 6 1 0 0 178875 0 15 40 18 23.75 2 8 0 5
0 0 0 1 1 1 6 1 1 4 1 2 6 -1 -1 -1 -1 -1 -1 179276 0 15 40 18 23.75 2 8 0 5
0 0 0 1 1 4 6 1 1 4 1 2 6 -1 -1 -1 -1 -1 -1 179709 1 15 40 18 23.1167 2 8 0 5
0 0 0 1 1 6 1 1 1 4 1 2 5 -1 -1 -1 -1 -1 -1 180176 0 15 40 18 19 2 8 0 5
0 0 0 7 1 1 1 1 1 4 1 2 3 3 0 6 1 1 1 180709 0 15 40 18 19 2 5 2 5
0 0 0 6 1 1 1 1 1 4 1 2 3 -1 -1 -1 -1 -1 -1 181243 0 15 40 18 19 2 5 2 5
0 0 0 6 4 1 1 1 1 4 1 2 3 -1 -1 -1 -1 -1 -1 181743 1 15 40 18 23.75 2 5 2 5
0 0 0 6 1 1 1 1 1 4 1 2 3 -1 -1 -1 -1 -1 -1 182176 0 15 40 18 23.75 2 5 2 5
0 0 0 1 6 3 1 1 1 4 1 2 4 5 3 8 3 0 0 182610 0 15 40 18 23.75 2 6 2 5
0 0 0 1 6 1 1 1 1 4 1 2 4 -1 -1 -1 -1 -1 -1 183010 0 15 40 18 23.75 2 6 2 5
0 0 0 4 1 6 1 1 1 4 1 2 5 -1 -1 -1 -1 -1 -1 183443 1 15 40 18 21.85 2 6 2 5
0 0 0 1 1 6 1 1 1 4 1 2 5 -1 -1 -1 -1 -1 -1 183943 0 15 40 18 23.75 2 6 2 5
0 0 0 1 1 6 3 1 1 4 1 2 5 6 1 7 2 0 0 184343 0 15 40 18 23.75 2 4 2 5
0 0 0 1 1 6 1 1 1 4 1 2 5 -1 -1 -1 -1 -1 -1 184777 0 15 40 18 23.75 2 4 2 5
0 0 0 1 4 6 1 1 1 4 1 2 5 -1 -1 -1 -1 -1 -1 185210 1 15 40 18 23.75 2 4 2 5
0 0 0 1 1 6 1 1 1 4 1 2 5 -1 -1 -1 -1 -1 -1 185610 0 15 40 18 23.75 2 4 2 5
0 0 0 1 6 1 3 1 1 4 1 2 4 6 0 6 1 0 0 186044 0 15 40 18 23.75 2 5 2 5
0 0 0 1 6 1 1 1 1 4 1 2 4 -1 -1 -1 -1 -1 -1 186477 0 15 40 18 23.75 2 5 2 5
0 0 0 1 6 4 1 1 1 4 1 2 4 -1 -1 -1 -1 -1 -1 186877 1 15 40 18 23.75 2 5 2 5
0 0 0 1 6 1 1 1 1 4 1 2 4 -1 -1 -1 -1 -1 -1 187311 0 15 40 18 21.5333 2 5 2 5
0 0 0 1 7 1 1 1 1 4 1 2 4 4 0 6 1 1 1 187844 0 15 40 18 19 2 5 2 5
0 0 0 1 6 1 1 1 1 4 1 2 4 -1 -1 -1 -1 -1 -1 188311 0 15 40 19 21 2 5 2 5
0 0 0 1 6 1 4 1 1 4 1 2 4 -1 -1 -1 -1 -1 -1 188778 1 15 40 19 26.25 2 5 2 5
0 0 0 1 6 1 1 1 1 4 1 2 4 -1 -1 -1 -1 -1 -1 189178 0 15 40 19 26.25 2 5 2 5
0 0 0 1 6 3 1 1 1 4 1 2 4 5 2 5 0 0 0 189544 0 15 40 19 26.25 2 4 2 5
0 0 0 1 6 1 1 1 1 4 1 2 4 -1 -1 -1 -1 -1 -1 189944 0 15 40 19 26.25 2 4 2 5
0 0 0 1 6 1 1 4 1 4 1 2 4 -1 -1 -1 -1 -1 -1 190311 1 15 40 19 25.9 2 4 2 5
0 0 0 1 6 1 1 1 1 4 1 2 4 -1 -1 -1 -1 -1 -1 190711 0 15 40 19 26.25 2 4 2 5
0 0 0 1 6 3 1 1 1 4 1 2 4 5 0 6 1 0 0 191111 0 15 40 19 26.25 2 5 2 5
0 0 0 1 6 1 1 1 1 4 1 2 4 -1 -1 -1 -1 -1 -1 191478 0 15 40 19 26.25 2 5 2 5
0 0 0 0 1 6 1 0 2 0 2 0 5 -1 -1 -1 -1 -1 -1 202914 0 15 16 16 60 2 8 0 3
0 0 0 0 1 6 1 0 2 0 2 0 5 -1 -1 -1 -1 -1 -1 203081 0 15 16 16 60 2 8 0 3
0 0 0 0 1 6 1 0 2 0 2 0 5 -1 -1 -1 -1 -1 -1 203247 0 15 16 16 60 2 4 2 3
0 0 0 0 1 6 1 0 2 0 2 0 5 -1 -1 -1 -1 -1 -1 203414 0 15 16 16 50.6 2 4 2 3
0 0 0 0 1 6 1 0 2 0 2 0 5 -1 -1 -1 -1 -1 -1 203681 0 15 16 16 25.5333 2 4 2 3
0 0 0 0 1 6 1 0 2 0 2 0 5 -1 -1 -1 -1 -1 -1 204414 0 15 16 16 13 2 4 2 3
0 0 0 0 1 6 1 0 2 0 2 0 5 -1 -1 -1 -1 -1 -1 205181 0 15 16 16 13 2 4 2 3
0 0 0 0 1 6 1 0 2 0 2 0 5 -1 -1 -1 -1 -1 -1 205948 0 15 16 16 13 2 4 2 3
0 0 0 0 1 6 1 0 2 0 2 0 5 -1 -1 -1 -1 -1 -1 206581 0 15 16 16 16.25 2 4 2 3
0 0 0 0 1 6 1 0 2 0 2 0 5 -1 -1 -1 -1 -1 -1 207215 0 15 16 16 16.25 2 4 2 3
0 0 0 0 1 6 3 0 2 0 2 0 5 6 3 4 3 0 0 207815 0 15 16 16 14.7333 2 6 2 3
0 0 0 0 1 6 1 0 2 0 2 0 5 -1 -1 -1 -1 -1 -1 208582 0 15 16 16 16.25 2 6 2 3
0 0 0 0 1 6 1 0 2 0 2 0 5 -1 -1 -1 -1 -1 -1 209182 0 15 16 16 16.25 2 6 2 3
0 0 0 0 1 6 1 0 2 0 2 0 5 -1 -1 -1 -1 -1 -1 209815 0 15 16 16 16.25 2 6 2 3
0 0 0 0 3 6 1 0 2 0 2 0 5 4 1 4 2 0 0 210449 0 15 16 16 13.8667 2 6 2 3
0 0 0 0 1 6 1 0 2 0 2 0 5 -1 -1 -1 -1 -1 -1 211216 0 15 16 16 13 2 6 2 3
0 0 0 0 1 6 1 0 2 0 2 0 5 -1 -1 -1 -1 -1 -1 211849 0 15 16 16 16.25 2 6 2 3
0 0 0 0 1 6 1 0 2 0 2 0 5 -1 -1 -1 -1 -1 -1 212483 0 15 16 16 16.25 2 6 2 3
0 0 0 0 1 6 3 0 2 0 2 0 5 6 0 4 1 0 0 213083 0 15 16 16 14.7333 2 6 2 3
0 0 0 0 1 6 1 0 2 0 2 0 5 -1 -1 -1 -1 -1 -1 213850 0 15 16 16 16.25 2 6 2 3
0 0 0 0 1 6 1 0 2 0 2 0 5 -1 -1 -1 -1 -1 -1 214450 0 15 16 16 16.25 2 6 2 3
0 0 0 0 1 6 1 0 2 0 2 0 5 -1 -1 -1 -1 -1 -1 215083 0 15 16 16 16.25 2 6 2 3
0 0 0 0 1 6 3 0 2 0 2 0 5 6 3 4 3 0 0 215717 0 15 16 16 13.4333 2 6 2 3
0 0 0 0 1 6 1 0 2 0 2 0 5 -1 -1 -1 -1 -1 -1 216383 0 15 16 16 16.25 2 6 2 3
0 0 0 0 1 6 1 0 2 0 2 0 5 -1 -1 -1 -1 -1 -1 217017 0 15 16 16 16.25 2 6 2 3
0 0 0 0 1 6 1 0 2 0 2 0 5 -1 -1 -1 -1 -1 -1 217617 0 15 16 16 15.8167 2 6 2 3
0 0 0 0 3 6 1 0 2 0 2 0 5 4 1 4 2 0 0 218351 0 15 16 16 13 2 6 2 3
0 0 0 0 1 6 1 0 2 0 2 0 5 -1 -1 -1 -1 -1 -1 219051 0 15 16 16 16.25 2 6 2 3
0 0 0 0 1 1 6 0 2 0 2 0 6 -1 -1 -1 -1 -1 -1 219651 0 15 16 16 16.25 2 6 2 3
0 0 0 0 1 1 6 0 2 0 2 0 6 -1 -1 -1 -1 -1 -1 220284 0 15 16 16 15.8167 2 6 2 3
0 0 0 0 1 3 6 0 2 0 2 0 6 5 2 4 0 0 0 220951 0 15 16 16 16.25 2 8 0 3
0 0 0 0 1 1 6 0 2 0 2 0 6 -1 -1 -1 -1 -1 -1 221551 0 15 16 16 16.25 2 8 0 3
0 0 0 0 1 6 1 0 2 0 2 0 5 -1 -1 -1 -1 -1 -1 222185 0 15 16 16 16.25 2 8 0 3
0 0 0 0 6 1 1 0 2 0 2 0 4 -1 -1 -1 -1 -1 -1 222851 0 15 16 16 13 2 8 0 3
0 0 0 0 7 1 1 0 2 0 2 0 4 4 1 4 2 1 1 223485 0 15 16 16 16.25 2 4 2 3
0 0 0 0 6 1 1 0 2 0 2 0 4 -1 -1 -1 -1 -1 -1 224118 0 15 16 16 16.25 2 4 2 3
0 0 0 0 6 1 1 0 2 0 2 0 4 -1 -1 -1 -1 -1 -1 224752 0 15 16 16 14.5167 2 4 2 3
0 0 0 0 6 1 1 0 2 0 2 0 4 -1 -1 -1 -1 -1 -1 225485 0 15 16 16 13 2 4 2 3
0 0 0 0 6 1 3 0 2 0 2 0 4 6 0 4 1 0 0 226219 0 15 16 16 16.25 2 4 2 3
0 0 0 0 6 1 1 0 2 0 2 0 4 -1 -1 -1 -1 -1 -1 226819 0 15 16 16 16.25 2 4 2 3
0 0 0 0 6 1 1 0 2 0 2 0 4 -1 -1 -1 -1 -1 -1 227452 0 15 16 16 16.25 2 4 2 3
0 0 0 0 6 1 1 0 2 0 2 0 4 -1 -1 -1 -1 -1 -1 228053 0 15 16 16 16.25 2 4 2 3
0 0 0 0 7 1 1 0 2 0 2 0 4 4 1 4 2 1 1 228686 0 15 16 16 16.25 2 6 2 3
0 0 0 0 1 6 1 0 2 0 2 0 5 -1 -1 -1 -1 -1 -1 229286 0 15 16 16 15.1667 2 6 2 3
0 0 0 0 1 1 6 0 2 0 2 0 6 -1 -1 -1 -1 -1 -1 230020 0 15 16 16 16.25 2 6 2 3
0 0 0 0 1 1 6 0 2 0 2 0 6 -1 -1 -1 -1 -1 -1 230653 0 15 16 16 16.25 2 6 2 3
0 0 0 0 1 1 7 0 2 0 2 0 6 6 0 4 1 1 1 231253 0 15 16 16 16.25 2 6 2 3
0 0 0 0 1 1 6 0 2 0 2 0 6 -1 -1 -1 -1 -1 -1 231920 0 15 16 16 13.65 2 6 2 3
0 0 0 0 1 6 1 0 2 0 2 0 5 -1 -1 -1 -1 -1 -1 232687 0 15 16 16 13 2 6 2 3
0 0 0 0 1 6 1 0 2 0 2 0 5 -1 -1 -1 -1 -1 -1 233320 0 15 16 16 16.25 2 6 2 3
0 0 0 0 1 6 3 0 2 0 2 0 5 6 2 4 0 0 0 233954 0 15 16 16 16.25 2 6 2 3
0 0 0 0 1 6 1 0 2 0 2 0 5 -1 -1 -1 -1 -1 -1 234554 0 15 16 16 14.95 2 6 2 3
0 0 0 0 1 1 6 0 2 0 2 0 6 -1 -1 -1 -1 -1 -1 235321 0 15 16 16 13 2 6 2 3
0 0 0 0 1 1 6 0 2 0 2 0 6 -1 -1 -1 -1 -1 -1 235988 0 15 16 16 16.25 2 6 2 3
0 0 0 0 1 3 6 0 2 0 2 0 6 5 3 4 3 0 0 236588 0 15 16 16 16.25 2 6 2 3
0 0 0 0 1 1 6 0 2 0 2 0 6 -1 -1 -1 -1 -1 -1 237221 0 15 16 16 15.3833 2 6 2 3
0 0 0 0 1 6 1 0 2 0 2 0 5 -1 -1 -1 -1 -1 -1 237921 0 15 16 16 16.25 2 6 2 3
0 0 0 0 1 6 1 0 2 0 2 0 5 -1 -1 -1 -1 -1 -1 238555 0 15 16 16 16.25 2 6 2 3
0 0 0 0 1 7 1 0 2 0 2 0 5 5 2 4 0 1 1 239155 0 15 16 16 16.25 2 6 2 3
0 0 0 0 1 6 1 0 2 0 2 0 5 -1 -1 -1 -1 -1 -1 239822 0 15 16 16 13.4333 2 6 2 3
0 0 0 0 1 1 6 0 2 0 2 0 6 -1 -1 -1 -1 -1 -1 240555 0 15 16 16 16.25 2 6 2 3
0 0 0 0 1 1 6 0 2 0 2 0 6 -1 -1 -1 -1 -1 -1 241155 0 15 16 16 16.25 2 6 2 3
0 0 0 0 1 1 7 0 2 0 2 0 6 6 3 4 3 1 1 241789 0 15 16 16 16.25 2 8 0 3
0 0 0 0 1 1 6 0 2 0 2 0 6 -1 -1 -1 -1 -1 -1 242456 0 15 16 16 13 2 8 0 3
0 0 0 0 1 1 6 0 2 0 2 0 6 -1 -1 -1 -1 -1 -1 243122 0 15 16 16 16.25 2 8 0 3
0 0 0 0 1 1 6 0 2 0 2 0 6 -1 -1 -1 -1 -1 -1 243723 0 15 16 16 16.25 2 8 0 3
0 0 0 0 1 3 6 0 2 0 2 0 6 5 1 4 2 0 0 244356 0 15 16 16 15.6 2 4 2 3
0 0 0 0 1 6 1 0 2 0 2 0 5 -1 -1 -1 -1 -1 -1 245090 0 15 16 16 13 2 4 2 3
0 0 0 0 6 1 1 0 2 0 2 0 4 -1 -1 -1 -1 -1 -1 245823 0 15 16 16 16.25 2 4 2 3
0 0 0 0 6 1 1 0 2 0 2 0 4 -1 -1 -1 -1 -1 -1 246423 0 15 16 16 16.25 2 4 2 3
0 0 0 0 7 1 1 0 2 0 2 0 4 4 3 4 3 1 1 247057 0 15 16 16 16.25 2 4 2 3
0 0 0 0 6 1 1 0 2 0 2 0 4 -1 -1 -1 -1 -1 -1 247723 0 15 16 16 13 2 4 2 3
0 0 0 0 1 6 1 0 2 0 2 0 5 -1 -1 -1 -1 -1 -1 248490 0 15 16 16 13 2 4 2 3
0 0 0 0 1 6 1 0 2 0 2 0 5 -1 -1 -1 -1 -1 -1 249124 0 15 16 16 16.25 2 4 2 3
0 0 0 0 3 6 1 0 2 0 2 0 5 4 0 4 1 0 0 249757 0 15 16 16 16.25 2 6 2 3
0 0 0 0 1 6 1 0 2 0 2 0 5 -1 -1 -1 -1 -1 -1 250357 0 15 16 16 14.7333 2 6 2 3
0 0 0 0 1 1 6 0 2 0 2 0 6 -1 -1 -1 -1 -1 -1 251124 0 15 16 16 13 2 6 2 3
0 0 0 0 1 1 6 0 2 0 2 0 6 -1 -1 -1 -1 -1 -1 251758 0 15 16 16 16.25 2 6 2 3
0 0 0 0 1 3 6 0 2 0 2 0 6 5 1 4 2 0 0 252358 0 15 16 16 16.25 2 6 2 3
0 0 0 0 1 1 6 0 2 0 2 0 6 -1 -1 -1 -1 -1 -1 252991 0 15 16 16 14.3 2 6 2 3
0 0 0 0 1 1 6 0 2 0 2 0 6 -1 -1 -1 -1 -1 -1 253691 0 15 16 16 16.25 2 6 2 3
0 0 0 0 1 1 6 0 2 0 2 0 6 -1 -1 -1 -1 -1 -1 254325 0 15 16 16 16.25 2 6 2 3
0 0 0 0 1 3 6 0 2 0 2 0 6 5 2 4 0 0 0 254925 0 15 16 16 16.25 2 6 2 3
0 0 0 0 1 1 6 0 2 0 2 0 6 -1 -1 -1 -1 -1 -1 255625 0 15 16 16 13 2 6 2 3
0 0 0 0 1 1 6 0 2 0 2 0 6 -1 -1 -1 -1 -1 -1 256259 0 15 16 16 16.25 2 6 2 3
0 0 0 0 1 1 6 0 2 0 2 0 6 -1 -1 -1 -1 -1 -1 256858 0 15 16 16 16.25 2 6 2 3
0 0 0 0 3 1 6 0 2 0 2 0 6 4 0 4 1 0 0 257492 0 15 16 16 14.3 2 6 2 3
0 0 0 0 1 1 6 0 2 0 2 0 6 -1 -1 -1 -1 -1 -1 258258 0 15 16 16 13 2 6 2 3
0 0 0 0 1 6 1 0 2 0 2 0 5 -1 -1 -1 -1 -1 -1 259025 0 15 16 16 13 2 6 2 3
0 0 0 0 1 6 1 0 2 0 2 0 5 -1 -1 -1 -1 -1 -1 259658 0 15 16 16 16.25 2 6 2 3
0 0 0 0 1 6 3 0 2 0 2 0 5 6 1 4 2 0 0 260291 0 15 16 16 16.25 2 6 2 3
0 0 0 0 1 6 1 0 2 0 2 0 5 -1 -1 -1 -1 -1 -1 260924 0 15 16 16 14.7333 2 6 2 3
0 0 0 0 1 1 6 0 2 0 2 0 6 -1 -1 -1 -1 -1 -1 261657 0 15 16 16 16.25 2 6 2 3
0 0 0 0 1 1 6 0 2 0 2 0 6 -1 -1 -1 -1 -1 -1 262290 0 15 16 16 16.25 2 6 2 3
0 0 0 0 1 3 6 0 2 0 2 0 6 5 2 4 0 0 0 262890 0 15 16 16 16.25 2 8 0 3
0 0 0 0 1 1 6 0 2 0 2 0 6 -1 -1 -1 -1 -1 -1 263523 0 15 16 16 13.8667 2 8 0 3
0 0 0 0 1 6 1 0 2 0 2 0 5 -1 -1 -1 -1 -1 -1 264257 0 15 16 16 16.25 2 8 0 3
0 0 0 0 1 6 1 0 2 0 2 0 5 -1 -1 -1 -1 -1 -1 264890 0 15 16 16 16.25 2 8 0 3
0 0 0 0 1 7 1 0 2 0 2 0 5 5 1 4 2 1 1 265490 0 15 16 16 16.25 2 4 2 3
0 0 0 0 1 6 1 0 2 0 2 0 5 -1 -1 -1 -1 -1 -1 266156 0 15 16 16 13.2167 2 4 2 3
0 0 0 0 1 6 1 0 2 0 2 0 5 -1 -1 -1 -1 -1 -1 266789 0 15 16 16 16.25 2 4 2 3
0 0 0 0 1 6 1 0 2 0 2 0 5 -1 -1 -1 -1 -1 -1 267422 0 15 16 16 16.25 2 4 2 3
0 0 0 0 3 6 1 0 2 0 2 0 5 4 3 4 3 0 0 268056 0 15 16 16 14.5167 2 4 2 3
0 0 0 0 1 6 1 0 2 0 2 0 5 -1 -1 -1 -1 -1 -1 268789 0 15 16 16 13 2 4 2 3
0 0 0 0 1 1 6 0 2 0 2 0 6 -1 -1 -1 -1 -1 -1 269555 0 15 16 16 13 2 4 2 3
0 0 0 0 1 1 6 0 2 0 2 0 6 -1 -1 -1 -1 -1 -1 270188 0 15 16 16 16.25 2 4 2 3
0 0 0 0 1 3 6 0 2 0 2 0 6 5 0 4 1 0 0 270788 0 15 16 16 16.25 2 6 2 3
0 0 0 0 1 1 6 0 2 0 2 0 6 -1 -1 -1 -1 -1 -1 271421 0 15 16 16 14.0833 2 6 2 3
0 0 0 0 1 1 6 0 2 0 2 0 6 -1 -1 -1 -1 -1 -1 272088 0 15 16 16 16.25 2 6 2 3
0 0 0 0 1 1 6 0 2 0 2 0 6 -1 -1 -1 -1 -1 -1 272688 0 15 16 16 16.25 2 6 2 3
0 0 0 0 1 1 7 0 2 0 2 0 6 6 3 4 3 1 1 273321 0 15 16 16 14.7333 2 6 2 3
0 0 0 0 1 6 1 0 3 1 2 0 5 -1 -1 -1 -1 -1 -1 299681 0 15 16 16 60 2 8 0 3
0 0 0 0 1 6 1 0 3 1 2 0 5 -1 -1 -1 -1 -1 -1 299848 0 15 16 16 60 2 8 0 3
0 0 0 0 1 6 1 0 3 1 2 0 5 -1 -1 -1 -1 -1 -1 300014 0 15 16 16 60 2 4 2 3
0 0 0 0 1 6 1 0 3 1 2 0 5 -1 -1 -1 -1 -1 -1 300181 0 15 16 16 50.6 2 4 2 3
0 0 0 0 1 6 1 0 3 1 2 0 5 -1 -1 -1 -1 -1 -1 300448 0 15 16 16 25.5333 2 4 2 3
0 0 0 0 1 6 1 0 3 1 2 0 5 -1 -1 -1 -1 -1 -1 301181 0 15 16 16 13 2 4 2 3
0 0 0 0 1 6 1 0 3 1 2 0 5 -1 -1 -1 -1 -1 -1 301814 0 15 16 16 16.25 2 4 2 3
0 0 0 0 1 6 1 0 3 1 2 0 5 -1 -1 -1 -1 -1 -1 302414 0 15 16 16 16.25 2 4 2 3
0 0 0 0 1 6 1 0 3 1 2 0 5 -1 -1 -1 -1 -1 -1 303047 0 15 16 16 16.25 2 4 2 3
0 0 0 0 1 6 1 0 3 1 2 0 5 -1 -1 -1 -1 -1 -1 303647 0 15 16 16 16.25 2 4 2 3
0 0 0 0 3 6 1 0 3 1 2 0 5 4 4 6 1 0 0 304280 0 15 16 16 16.25 2 6 2 3
0 0 0 0 1 6 1 0 3 1 2 0 5 -1 -1 -1 -1 -1 -1 304880 0 15 16 16 16.25 2 6 2 3
0 0 0 0 1 6 1 0 3 1 2 0 5 -1 -1 -1 -1 -1 -1 305513 0 15 16 16 16.25 2 6 2 3
0 0 0 0 1 6 1 0 3 1 2 0 5 -1 -1 -1 -1 -1 -1 306113 0 15 16 16 16.25 2 6 2 3
0 0 0 0 1 6 3 0 3 1 2 0 5 6 4 8 3 0 0 306813 0 15 16 16 13 2 5 2 3
0 0 0 0 1 6 1 0 3 1 2 0 5 -1 -1 -1 -1 -1 -1 307479 0 15 16 16 16.25 2 5 2 3
0 0 0 0 6 1 1 0 3 1 2 0 4 -1 -1 -1 -1 -1 -1 308079 0 15 16 16 16.25 2 5 2 3
0 0 0 0 6 1 1 0 3 1 2 0 4 -1 -1 -1 -1 -1 -1 308712 0 15 16 16 14.7333 2 5 2 3
0 0 0 0 7 1 1 0 3 1 2 0 4 4 4 6 1 1 1 309412 0 15 16 16 16.25 2 6 2 3
0 0 0 0 6 1 1 0 3 1 2 0 4 -1 -1 -1 -1 -1 -1 310045 0 15 16 16 16.25 2 6 2 3
0 0 0 0 1 6 1 0 3 1 2 0 5 -1 -1 -1 -1 -1 -1 310645 0 15 16 16 16.25 2 6 2 3
0 0 0 0 1 6 1 0 3 1 2 0 5 -1 -1 -1 -1 -1 -1 311312 0 15 16 16 16.25 2 6 2 3
0 0 0 0 3 6 1 0 3 1 2 0 5 4 4 5 0 0 0 311912 0 15 16 16 16.25 2 5 2 3
0 0 0 0 1 6 1 0 3 1 2 0 5 -1 -1 -1 -1 -1 -1 312545 0 15 16 16 16.25 2 5 2 3
0 0 0 0 6 1 1 0 3 1 2 0 4 -1 -1 -1 -1 -1 -1 313178 0 15 16 16 13.4333 2 5 2 3
0 0 0 0 1 6 1 0 3 1 2 0 5 -1 -1 -1 -1 -1 -1 313978 0 15 16 16 13 2 5 2 3
0 0 0 0 3 6 1 0 3 1 2 0 5 4 4 8 3 0 0 314678 0 15 16 16 16.25 2 4 2 3
0 0 0 0 1 6 1 0 3 1 2 0 5 -1 -1 -1 -1 -1 -1 315311 0 15 16 16 16.25 2 4 2 3
0 0 0 0 1 6 1 0 3 1 2 0 5 -1 -1 -1 -1 -1 -1 315911 0 15 16 16 16.25 2 4 2 3
0 0 0 0 1 6 1 0 3 1 2 0 5 -1 -1 -1 -1 -1 -1 316610 0 15 16 16 13 2 4 2 3
0 0 0 0 1 6 3 0 3 1 2 0 5 6 4 6 1 0 0 317344 0 15 16 16 16.25 2 8 0 3
0 0 0 0 1 6 1 0 3 1 2 0 5 -1 -1 -1 -1 -1 -1 317943 0 15 16 16 16.25 2 8 0 3
0 0 0 0 1 1 6 0 3 1 2 0 6 -1 -1 -1 -1 -1 -1 318577 0 15 16 16 16.25 2 8 0 3
0 0 0 0 1 1 6 0 3 1 2 0 6 -1 -1 -1 -1 -1 -1 319243 0 15 16 16 13.2167 2 8 0 3
0 0 0 0 1 1 7 0 3 1 2 0 6 6 4 8 3 1 1 319976 0 15 16 16 16.25 2 4 2 3
0 0 0 0 1 1 6 0 3 1 2 0 6 -1 -1 -1 -1 -1 -1 320609 0 15 16 16 16.25 2 4 2 3
0 0 0 0 1 1 6 0 3 1 2 0 6 -1 -1 -1 -1 -1 -1 321209 0 15 16 16 16.25 2 4 2 3
0 0 0 0 1 1 6 0 3 1 2 0 6 -1 -1 -1 -1 -1 -1 321876 0 15 16 16 13.65 2 4 2 3
0 0 0 0 1 3 6 0 3 1 2 0 6 5 4 5 0 0 0 322542 0 15 16 16 16.25 2 4 2 3
0 0 0 0 1 1 6 0 3 1 2 0 6 -1 -1 -1 -1 -1 -1 323176 0 15 16 16 16.25 2 4 2 3
0 0 0 0 1 6 1 0 3 1 2 0 5 -1 -1 -1 -1 -1 -1 323775 0 15 16 16 15.8167 2 4 2 3
0 0 0 0 1 6 1 0 3 1 2 0 5 -1 -1 -1 -1 -1 -1 324409 0 15 16 16 16.25 2 4 2 3
0 0 0 0 3 6 1 0 3 1 2 0 5 4 4 7 2 0 0 325042 0 15 16 16 16.25 2 6 2 3
0 0 0 0 1 6 1 0 3 1 2 0 5 -1 -1 -1 -1 -1 -1 325642 0 15 16 16 16.0333 2 6 2 3
0 0 0 0 6 1 1 0 3 1 2 0 4 -1 -1 -1 -1 -1 -1 326375 0 15 16 16 13 2 6 2 3
0 0 0 0 6 1 1 0 3 1 2 0 4 -1 -1 -1 -1 -1 -1 327075 0 15 16 16 16.25 2 6 2 3
0 0 0 0 6 3 1 0 3 1 2 0 4 5 4 6 1 0 0 327708 0 15 16 16 16.25 2 5 2 3
0 0 0 0 6 1 1 0 3 1 2 0 4 -1 -1 -1 -1 -1 -1 328308 0 15 16 16 16.25 2 5 2 3
0 0 0 0 1 6 1 0 3 1 2 0 5 -1 -1 -1 -1 -1 -1 329007 0 15 16 16 16.25 2 5 2 3
0 0 0 0 1 6 1 0 3 1 2 0 5 -1 -1 -1 -1 -1 -1 329607 0 15 16 16 16.25 2 5 2 3
0 0 0 0 1 7 1 0 3 1 2 0 5 5 4 7 2 1 1 330240 0 15 16 16 16.25 2 6 2 3
0 0 0 0 1 6 1 0 3 1 2 0 5 -1 -1 -1 -1 -1 -1 330874 0 15 16 16 13.8667 2 6 2 3
0 0 0 0 1 6 1 0 3 1 2 0 5 -1 -1 -1 -1 -1 -1 331607 0 15 16 16 16.25 2 6 2 3
0 0 0 0 1 6 1 0 3 1 2 0 5 -1 -1 -1 -1 -1 -1 332207 0 15 16 16 16.25 2 6 2 3
0 0 0 0 1 6 3 0 3 1 2 0 5 6 4 8 3 0 0 332806 0 15 16 16 16.25 2 5 2 3
0 0 0 0 1 6 1 0 3 1 2 0 5 -1 -1 -1 -1 -1 -1 333506 0 15 16 16 13 2 5 2 3
0 0 0 0 1 6 1 0 3 1 2 0 5 -1 -1 -1 -1 -1 -1 334273 0 15 16 16 13 2 5 2 3
0 0 0 0 1 6 1 0 3 1 2 0 5 -1 -1 -1 -1 -1 -1 335039 0 15 16 16 13 2 5 2 3
0 0 0 0 1 6 3 0 3 1 2 0 5 6 4 5 0 0 0 335672 0 15 16 16 16.25 2 4 2 3
0 0 0 0 1 6 1 0 3 1 2 0 5 -1 -1 -1 -1 -1 -1 336272 0 15 16 16 16.25 2 4 2 3
0 0 0 0 6 1 1 0 3 1 2 0 4 -1 -1 -1 -1 -1 -1 336905 0 15 16 16 14.5167 2 4 2 3
0 0 0 0 6 1 1 0 3 1 2 0 4 -1 -1 -1 -1 -1 -1 337672 0 15 16 16 13 2 4 2 3
0 0 0 0 6 3 1 0 3 1 2 0 4 5 4 6 1 0 0 338305 0 15 16 16 16.25 2 8 0 3
0 0 0 0 6 1 1 0 3 1 2 0 4 -1 -1 -1 -1 -1 -1 338905 0 15 16 16 16.25 2 8 0 3
0 0 0 0 1 6 1 0 3 1 2 0 5 -1 -1 -1 -1 -1 -1 339538 0 15 16 16 14.3 2 8 0 3
0 0 0 0 1 6 1 0 3 1 2 0 5 -1 -1 -1 -1 -1 -1 340171 0 15 16 16 16.25 2 8 0 3
0 0 0 0 1 7 1 0 3 1 2 0 5 5 4 5 0 1 1 340805 0 15 16 16 16.25 2 4 2 3
0 0 0 0 1 6 1 0 3 1 2 0 5 -1 -1 -1 -1 -1 -1 341404 0 15 16 16 14.7333 2 4 2 3
0 0 0 0 1 6 1 0 3 1 2 0 5 -1 -1 -1 -1 -1 -1 342071 0 15 16 16 16.25 2 4 2 3
0 0 0 0 1 1 6 0 3 1 2 0 6 -1 -1 -1 -1 -1 -1 342704 0 15 16 16 16.25 2 4 2 3
0 0 0 0 1 1 7 0 3 1 2 0 6 6 4 6 1 1 1 343304 0 15 16 16 15.8167 2 4 2 3
0 0 0 0 1 1 6 0 3 1 2 0 6 -1 -1 -1 -1 -1 -1 344037 0 15 16 16 13 2 4 2 3
0 0 0 0 1 6 1 0 3 1 2 0 5 -1 -1 -1 -1 -1 -1 344804 0 15 16 16 13 2 4 2 3
0 0 0 0 1 6 1 0 3 1 2 0 5 -1 -1 -1 -1 -1 -1 345437 0 15 16 16 16.25 2 4 2 3
0 0 0 0 1 6 3 0 3 1 2 0 5 6 4 7 2 0 0 346070 0 15 16 16 16.25 2 6 2 3
0 0 0 0 1 6 1 0 3 1 2 0 5 -1 -1 -1 -1 -1 -1 346703 0 15 16 16 14.7333 2 6 2 3
0 0 0 0 1 6 1 0 3 1 2 0 5 -1 -1 -1 -1 -1 -1 347403 0 15 16 16 16.25 2 6 2 3
0 0 0 0 1 6 1 0 3 1 2 0 5 -1 -1 -1 -1 -1 -1 348003 0 15 16 16 16.25 2 6 2 3
0 0 0 0 1 6 3 0 3 1 2 0 5 6 4 5 0 0 0 348636 0 15 16 16 16.25 2 5 2 3
0 0 0 0 1 6 1 0 3 1 2 0 5 -1 -1 -1 -1 -1 -1 349236 0 15 16 16 16.25 2 5 2 3
0 0 0 0 1 6 1 0 3 1 2 0 5 -1 -1 -1 -1 -1 -1 349869 0 15 16 16 16.25 2 5 2 3
0 0 0 0 1 6 1 0 3 1 2 0 5 -1 -1 -1 -1 -1 -1 350469 0 15 16 16 15.6 2 5 2 3
0 0 0 0 3 6 1 0 3 1 2 0 5 4 4 8 3 0 0 351135 0 15 16 16 16.25 2 6 2 3
0 0 0 0 1 6 1 0 3 1 2 0 5 -1 -1 -1 -1 -1 -1 351735 0 15 16 16 16.25 2 6 2 3
0 0 0 0 1 1 6 0 3 1 2 0 6 -1 -1 -1 -1 -1 -1 352368 0 15 16 16 15.8167 2 6 2 3
0 0 0 0 1 1 6 0 3 1 2 0 6 -1 -1 -1 -1 -1 -1 353002 0 15 16 16 16.25 2 6 2 3
0 0 0 0 1 3 6 0 3 1 2 0 6 5 4 6 1 0 0 353601 0 15 16 16 16.25 2 5 2 3
0 0 0 0 1 1 6 0 3 1 2 0 6 -1 -1 -1 -1 -1 -1 354235 0 15 16 16 15.8167 2 5 2 3
0 0 0 0 6 1 1 0 3 1 2 0 4 -1 -1 -1 -1 -1 -1 354934 0 15 16 16 13 2 5 2 3
0 0 0 0 6 1 1 0 3 1 2 0 4 -1 -1 -1 -1 -1 -1 355601 0 15 16 16 16.25 2 5 2 3
0 0 0 0 7 1 1 0 3 1 2 0 4 4 4 8 3 1 1 356234 0 15 16 16 16.25 2 4 2 3
0 0 0 0 6 1 1 0 3 1 2 0 4 -1 -1 -1 -1 -1 -1 356834 0 15 16 16 15.1667 2 4 2 3
0 0 0 0 6 1 1 0 3 1 2 0 4 -1 -1 -1 -1 -1 -1 357534 0 15 16 16 16.25 2 4 2 3
0 0 0 0 6 1 1 0 3 1 2 0 4 -1 -1 -1 -1 -1 -1 358134 0 15 16 16 16.25 2 4 2 3
0 0 0 0 6 3 1 0 3 1 2 0 4 5 4 7 2 0 0 358767 0 15 16 16 16.25 2 8 0 3
0 0 0 0 6 1 1 0 3 1 2 0 4 -1 -1 -1 -1 -1 -1 359433 0 15 16 16 13 2 8 0 3
0 0 0 0 1 6 1 0 3 1 2 0 5 -1 -1 -1 -1 -1 -1 360200 0 15 16 16 16.25 2 8 0 3
0 0 0 0 1 6 1 0 3 1 2 0 5 -1 -1 -1 -1 -1 -1 360800 0 15 16 16 16.25 2 8 0 3
0 0 0 0 1 7 1 0 3 1 2 0 5 5 4 8 3 1 1 361433 0 15 16 16 16.25 2 4 2 3
0 0 0 0 1 6 1 0 3 1 2 0 5 -1 -1 -1 -1 -1 -1 362099 0 15 16 16 13 2 4 2 3
0 0 0 0 1 6 1 0 3 1 2 0 5 -1 -1 -1 -1 -1 -1 362766 0 15 16 16 16.25 2 4 2 3
0 0 0 0 1 6 1 0 3 1 2 0 5 -1 -1 -1 -1 -1 -1 363366 0 15 16 16 16.25 2 4 2 3
0 0 0 0 1 7 1 0 3 1 2 0 5 5 4 7 2 1 1 363999 0 15 16 16 15.8167 2 4 2 3
0 0 0 1 1 6 1 1 4 2 2 2 5 -1 -1 -1 -1 -1 -1 395858 0 15 16 16 60 2 8 0 5
0 0 0 1 1 6 1 1 4 2 2 2 5 -1 -1 -1 -1 -1 -1 396024 0 15 16 16 60 2 8 0 5
0 0 0 1 1 6 1 1 4 2 2 2 5 -1 -1 -1 -1 -1 -1 396191 0 15 16 16 60 2 6 2 5
0 0 0 1 1 6 1 1 4 2 2 2 5 -1 -1 -1 -1 -1 -1 396358 0 15 16 16 50.6 2 6 2 5
0 0 0 1 1 6 1 1 4 2 2 2 5 -1 -1 -1 -1 -1 -1 396624 0 15 16 16 25.5333 2 6 2 5
0 0 0 1 1 6 1 1 4 2 2 2 5 -1 -1 -1 -1 -1 -1 397357 0 15 16 16 13 2 6 2 5
0 0 0 1 1 6 1 1 4 2 2 2 5 -1 -1 -1 -1 -1 -1 398124 0 15 16 16 13 2 5 2 5
0 0 0 1 1 6 1 1 4 2 2 2 5 -1 -1 -1 -1 -1 -1 398890 0 15 16 16 13 2 5 2 5
0 0 0 1 1 6 1 1 4 2 2 2 5 -1 -1 -1 -1 -1 -1 399657 0 15 16 16 13 2 5 2 5
0 0 0 1 1 6 1 1 4 2 2 2 5 -1 -1 -1 -1 -1 -1 400423 0 15 16 16 13 2 5 2 5
0 0 0 1 1 6 1 3 4 2 2 2 5 7 5 4 0 0 0 401190 0 15 16 16 13 2 4 2 5
0 0 0 1 1 6 1 1 4 2 2 2 5 -1 -1 -1 -1 -1 -1 401956 0 15 16 16 13 2 4 2 5
0 0 0 1 4 1 6 1 4 2 2 2 6 -1 -1 -1 -1 -1 -1 402723 1 15 16 16 13 2 4 2 5
0 0 0 1 1 1 6 1 4 2 2 2 6 -1 -1 -1 -1 -1 -1 403489 0 15 16 16 13 2 4 2 5
0 0 0 1 1 3 6 1 4 2 2 2 6 5 5 4 2 0 0 404289 0 15 16 16 13 2 5 2 5
0 0 0 1 1 1 6 1 4 2 2 2 6 -1 -1 -1 -1 -1 -1 405056 0 15 16 16 13 2 5 2 5
0 0 0 1 1 1 6 4 4 2 2 2 6 -1 -1 -1 -1 -1 -1 405822 1 15 16 16 13 2 5 2 5
0 0 0 1 1 1 6 1 4 2 2 2 6 -1 -1 -1 -1 -1 -1 406588 0 15 16 16 13 2 5 2 5
0 0 0 1 3 1 6 1 4 2 2 2 6 4 5 4 1 0 0 407355 0 15 16 16 13 2 4 2 5
0 0 0 1 1 1 6 1 4 2 2 2 6 -1 -1 -1 -1 -1 -1 408121 0 15 16 16 13 2 4 2 5
0 0 0 1 1 4 6 1 4 2 2 2 6 -1 -1 -1 -1 -1 -1 408888 1 15 16 16 13 2 4 2 5
0 0 0 1 1 6 1 1 4 2 2 2 5 -1 -1 -1 -1 -1 -1 409654 0 15 16 16 13 2 4 2 5
0 0 0 1 6 1 3 1 4 2 2 2 4 6 5 4 0 0 0 410421 0 15 16 16 13 2 4 2 5
0 0 0 1 6 1 1 1 4 2 2 2 4 -1 -1 -1 -1 -1 -1 411187 0 15 16 16 13 2 4 2 5
0 0 0 1 6 4 1 1 4 2 2 2 4 -1 -1 -1 -1 -1 -1 411954 1 15 16 16 13 2 4 2 5
0 0 0 1 6 1 1 1 4 2 2 2 4 -1 -1 -1 -1 -1 -1 412720 0 15 16 16 13 2 4 2 5
0 0 0 1 6 3 1 1 4 2 2 2 4 5 5 4 2 0 0 413487 0 15 16 16 13 2 6 2 5
0 0 0 1 6 1 1 1 4 2 2 2 4 -1 -1 -1 -1 -1 -1 414253 0 15 16 16 13 2 6 2 5
0 0 0 4 6 1 1 1 4 2 2 2 4 -1 -1 -1 -1 -1 -1 415053 1 15 16 16 13 2 6 2 5
0 0 0 6 1 1 1 1 4 2 2 2 3 -1 -1 -1 -1 -1 -1 415820 0 15 16 16 13 2 6 2 5
0 0 0 7 1 1 1 1 4 2 2 2 3 3 5 4 0 1 1 416586 0 15 16 16 13 2 8 0 5
0 0 0 6 1 1 1 1 4 2 2 2 3 -1 -1 -1 -1 -1 -1 417353 0 15 16 16 13 2 8 0 5
0 0 0 6 1 1 4 1 4 2 2 2 3 -1 -1 -1 -1 -1 -1 418119 1 15 16 16 13 2 8 0 5
0 0 0 6 1 1 1 1 4 2 2 2 3 -1 -1 -1 -1 -1 -1 418885 0 15 16 16 13 2 8 0 5
0 0 0 6 3 1 1 1 4 2 2 2 3 4 5 4 1 0 0 419652 0 15 16 16 13 2 6 2 5
0 0 0 1 6 1 1 1 4 2 2 2 4 -1 -1 -1 -1 -1 -1 420418 0 15 16 16 13 2 6 2 5
0 0 0 4 1 6 1 1 4 2 2 2 5 -1 -1 -1 -1 -1 -1 421185 1 15 16 16 13 2 6 2 5
0 0 0 1 1 6 1 1 4 2 2 2 5 -1 -1 -1 -1 -1 -1 421951 0 15 16 16 13 2 6 2 5
0 0 0 1 1 6 3 1 4 2 2 2 5 6 5 4 3 0 0 422718 0 15 16 16 13 2 5 2 5
0 0 0 1 1 6 1 1 4 2 2 2 5 -1 -1 -1 -1 -1 -1 423484 0 15 16 16 13 2 5 2 5
0 0 0 1 4 6 1 1 4 2 2 2 5 -1 -1 -1 -1 -1 -1 424251 1 15 16 16 13 2 5 2 5
0 0 0 1 1 6 1 1 4 2 2 2 5 -1 -1 -1 -1 -1 -1 425017 0 15 16 16 13 2 5 2 5
0 0 0 1 6 1 3 1 4 2 2 2 4 6 5 4 0 0 0 425817 0 15 16 16 13 2 4 2 5
0 0 0 1 6 1 1 1 4 2 2 2 4 -1 -1 -1 -1 -1 -1 426584 0 15 16 16 13 2 4 2 5
0 0 0 1 6 1 4 1 4 2 2 2 4 -1 -1 -1 -1 -1 -1 427350 1 15 16 16 13 2 4 2 5
0 0 0 1 1 1 6 1 4 2 2 2 6 -1 -1 -1 -1 -1 -1 428117 0 15 16 16 13 2 4 2 5
0 0 0 1 3 1 6 1 4 2 2 2 6 4 5 4 2 0 0 428883 0 15 16 16 13 2 5 2 5
0 0 0 1 1 1 6 1 4 2 2 2 6 -1 -1 -1 -1 -1 -1 429650 0 15 16 16 13 2 5 2 5
0 0 0 1 1 4 6 1 4 2 2 2 6 -1 -1 -1 -1 -1 -1 430416 1 15 16 16 13 2 5 2 5
0 0 0 1 1 6 1 1 4 2 2 2 5 -1 -1 -1 -1 -1 -1 431182 0 15 16 16 13 2 5 2 5
0 0 0 7 1 1 1 1 4 2 2 2 3 3 5 4 0 1 1 431949 0 15 16 16 13 2 4 2 5
0 0 0 1 6 1 1 1 4 2 2 2 4 -1 -1 -1 -1 -1 -1 432715 0 15 16 16 13 2 4 2 5
0 0 0 1 1 6 1 4 4 2 2 2 5 -1 -1 -1 -1 -1 -1 433482 1 15 16 16 13 2 4 2 5
0 0 0 1 1 6 1 1 4 2 2 2 5 -1 -1 -1 -1 -1 -1 434248 0 15 16 16 13 2 4 2 5
0 0 0 1 1 7 1 1 4 2 2 2 5 5 5 4 2 1 1 435015 0 15 16 16 13 2 4 2 5
0 0 0 1 1 6 1 1 4 2 2 2 5 -1 -1 -1 -1 -1 -1 435781 0 15 16 16 13 2 4 2 5
0 0 0 1 1 6 4 1 4 2 2 2 5 -1 -1 -1 -1 -1 -1 436581 1 15 16 16 13 2 4 2 5
0 0 0 1 1 6 1 1 4 2 2 2 5 -1 -1 -1 -1 -1 -1 437348 0 15 16 16 13 2 4 2 5
0 0 0 1 1 7 1 1 4 2 2 2 5 5 5 4 0 1 1 438114 0 15 16 16 13 2 6 2 5
0 0 0 1 1 6 1 1 4 2 2 2 5 -1 -1 -1 -1 -1 -1 438881 0 15 16 16 13 2 6 2 5
0 0 0 4 1 6 1 1 4 2 2 2 5 -1 -1 -1 -1 -1 -1 439647 1 15 16 16 13 2 6 2 5
0 0 0 1 6 1 1 1 4 2 2 2 4 -1 -1 -1 -1 -1 -1 440414 0 15 16 16 13 2 6 2 5
0 0 0 1 6 1 1 3 4 2 2 2 4 7 5 4 3 0 0 441180 0 15 16 16 13 2 8 0 5
0 0 0 1 6 1 1 1 4 2 2 2 4 -1 -1 -1 -1 -1 -1 441947 0 15 16 16 13 2 8 0 5
0 0 0 1 1 6 4 1 4 2 2 2 5 -1 -1 -1 -1 -1 -1 442713 1 15 16 16 13 2 8 0 5
0 0 0 1 1 1 1 6 4 2 2 2 7 -1 -1 -1 -1 -1 -1 443479 0 15 16 16 13 2 8 0 5
0 0 0 1 1 1 1 7 4 2 2 2 7 7 5 4 0 1 1 444246 0 15 16 16 13 2 6 2 5
0 0 0 1 1 1 1 6 4 2 2 2 7 -1 -1 -1 -1 -1 -1 445012 0 15 16 16 13 2 6 2 5
0 0 0 1 1 4 1 6 4 2 2 2 7 -1 -1 -1 -1 -1 -1 445779 1 15 16 16 13 2 6 2 5
0 0 0 1 1 1 1 6 4 2 2 2 7 -1 -1 -1 -1 -1 -1 446545 0 15 16 16 13 2 6 2 5
0 0 0 1 1 3 6 1 4 2 2 2 6 5 5 4 2 0 0 447345 0 15 16 16 13 2 5 2 5
0 0 0 1 1 6 1 1 4 2 2 2 5 -1 -1 -1 -1 -1 -1 448112 0 15 16 16 13 2 5 2 5
0 0 0 6 1 1 1 4 4 2 2 2 3 -1 -1 -1 -1 -1 -1 448878 1 15 16 16 13 2 5 2 5
0 0 0 6 1 1 1 1 4 2 2 2 3 -1 -1 -1 -1 -1 -1 449645 0 15 16 16 13 2 5 2 5
0 0 0 8 1 1 1 1 4 2 2 2 3 3 5 4 3 0 1 450411 0 15 16 16 13 2 4 2 5
0 0 0 6 1 1 1 1 4 2 2 2 3 -1 -1 -1 -1 -1 -1 451378 0 15 16 15 10 2 4 2 5
0 0 0 1 1 6 1 4 4 2 2 2 5 -1 -1 -1 -1 -1 -1 452377 1 15 16 15 10 2 4 2 5
0 0 0 1 1 1 6 1 4 2 2 2 6 -1 -1 -1 -1 -1 -1 453377 0 15 16 15 10 2 4 2 5
0 0 0 1 3 1 6 1 4 2 2 2 6 4 5 4 1 0 0 454377 0 15 16 15 10 2 5 2 5
0 0 0 1 1 1 6 1 4 2 2 2 6 -1 -1 -1 -1 -1 -1 455377 0 15 16 15 10 2 5 2 5
0 0 0 1 1 4 6 1 4 2 2 2 6 -1 -1 -1 -1 -1 -1 456376 1 15 16 15 10 2 5 2 5
0 0 0 1 1 1 6 1 4 2 2 2 6 -1 -1 -1 -1 -1 -1 457376 0 15 16 15 10 2 5 2 5
0 0 0 1 1 8 1 1 4 2 2 2 5 5 5 4 0 0 1 458376 0 15 16 15 10 2 4 2 5
0 0 0 1 1 6 1 1 4 2 2 2 5 -1 -1 -1 -1 -1 -1 459376 0 15 16 15 10 2 4 2 5
0 0 0 1 1 6 4 1 4 2 2 2 5 -1 -1 -1 -1 -1 -1 460375 1 15 16 15 10 2 4 2 5
0 0 0 1 1 6 1 1 4 2 2 2 5 -1 -1 -1 -1 -1 -1 461375 0 15 16 15 10 2 4 2 5
0 0 0 1 1 8 1 1 4 2 2 2 5 5 5 4 3 0 1 462375 0 15 16 15 10 2 4 2 5
0 0 0 1 1 6 1 1 4 2 2 2 5 -1 -1 -1 -1 -1 -1 463375 0 15 16 15 10 2 4 2 5
0 0 0 4 1 1 1 6 4 2 2 2 7 -1 -1 -1 -1 -1 -1 464374 1 15 16 15 10 2 4 2 5
0 0 0 1 1 1 1 6 4 2 2 2 7 -1 -1 -1 -1 -1 -1 465307 0 15 16 15 12.5 2 4 2 5
0 0 0 1 1 1 1 7 4 2 2 2 7 7 5 4 0 1 1 466107 0 15 16 15 12.5 2 6 2 5
0 0 0 1 1 1 1 6 4 2 2 2 7 -1 -1 -1 -1 -1 -1 466940 0 15 16 15 11.1667 2 6 2 5
0 0 0 4 1 1 6 1 4 2 2 2 6 -1 -1 -1 -1 -1 -1 467907 1 15 16 15 12.5 2 6 2 5
0 0 0 1 1 1 6 1 4 2 2 2 6 -1 -1 -1 -1 -1 -1 468707 0 15 16 15 12.5 2 6 2 5
0 0 0 1 1 1 6 3 4 2 2 2 6 7 5 4 1 0 0 469506 0 15 16 15 12 2 8 0 5
0 0 0 1 1 1 6 1 4 2 2 2 6 -1 -1 -1 -1 -1 -1 470473 0 15 16 15 10 2 8 0 5
0 0 0 1 4 1 6 1 4 2 2 2 6 -1 -1 -1 -1 -1 -1 471406 1 15 16 15 12.5 2 8 0 5
0 0 0 1 1 1 6 1 4 2 2 2 6 -1 -1 -1 -1 -1 -1 472206 0 15 16 15 12.5 2 8 0 5
0 0 0 1 1 3 6 1 4 2 2 2 6 5 5 4 2 0 0 473039 0 15 16 15 10.6667 2 6 2 5
0 0 0 1 1 1 6 1 4 2 2 2 6 -1 -1 -1 -1 -1 -1 473905 0 15 16 15 12.5 2 6 2 5
0 0 0 1 1 4 6 1 4 2 2 2 6 -1 -1 -1 -1 -1 -1 474705 1 15 16 15 12.5 2 6 2 5
0 0 0 1 1 1 6 1 4 2 2 2 6 -1 -1 -1 -1 -1 -1 475538 0 15 16 15 12.5 2 6 2 5
0 0 0 1 3 1 6 1 4 2 2 2 6 4 5 4 0 0 0 476338 0 15 16 15 12.5 2 5 2 5
0 0 0 1 1 1 6 1 4 2 2 2 6 -1 -1 -1 -1 -1 -1 477171 0 15 16 15 10 2 5 2 5
0 0 0 4 1 6 1 1 4 2 2 2 5 -1 -1 -1 -1 -1 -1 478138 1 15 16 15 12.5 2 5 2 5
0 0 0 1 1 6 1 1 4 2 2 2 5 -1 -1 -1 -1 -1 -1 478937 0 15 16 15 12.5 2 5 2 5
0 0 0 1 1 7 1 1 4 2 2 2 5 5 5 4 2 1 1 479737 0 15 16 15 11.1667 2 4 2 5
0 0 0 1 1 6 1 1 4 2 2 2 5 -1 -1 -1 -1 -1 -1 480537 0 15 16 16 13 2 4 2 5
0 0 0 1 1 6 1 4 4 2 2 2 5 -1 -1 -1 -1 -1 -1 481304 1 15 16 16 13 2 4 2 5
0 0 0 1 1 6 1 1 4 2 2 2 5 -1 -1 -1 -1 -1 -1 482070 0 15 16 16 13 2 4 2 5
0 0 0 1 1 6 3 1 4 2 2 2 5 6 5 4 3 0 0 482803 0 15 16 16 16.25 2 5 2 5
0 0 0 1 1 6 1 1 4 2 2 2 5 -1 -1 -1 -1 -1 -1 483403 0 15 16 16 16.25 2 5 2 5
0 0 0 1 1 6 4 1 4 2 2 2 5 -1 -1 -1 -1 -1 -1 484036 1 15 16 16 16.25 2 5 2 5
0 0 0 1 1 6 1 1 4 2 2 2 5 -1 -1 -1 -1 -1 -1 484636 0 15 16 16 16.25 2 5 2 5
0 0 0 1 1 7 1 1 4 2 2 2 5 5 5 4 2 1 1 485269 0 15 16 16 16.25 2 4 2 5
0 0 0 1 1 6 1 1 4 2 2 2 5 -1 -1 -1 -1 -1 -1 485869 0 15 16 16 16.0333 2 4 2 5
0 0 0 1 4 6 1 1 4 2 2 2 5 -1 -1 -1 -1 -1 -1 486602 1 15 16 16 13 2 4 2 5
0 0 0 1 1 1 6 1 4 2 2 2 6 -1 -1 -1 -1 -1 -1 487335 0 15 16 16 16.25 2 4 2 5
0 0 0 1 1 3 6 1 4 2 2 2 6 5 5 4 0 0 0 487935 0 15 16 16 16.25 2 4 2 5
0 0 0 1 1 1 6 1 4 2 2 2 6 -1 -1 -1 -1 -1 -1 488568 0 15 16 16 16.25 2 4 2 5
0 0 0 1 1 6 1 4 4 2 2 2 5 -1 -1 -1 -1 -1 -1 489235 1 15 16 16 13 2 4 2 5
0 0 0 1 6 1 1 1 4 2 2 2 4 -1 -1 -1 -1 -1 -1 490001 0 15 16 16 13 2 4 2 5
0 0 0 1 6 1 3 1 4 2 2 2 4 6 5 4 1 0 0 490635 0 15 16 16 16.25 2 6 2 5
0 0 0 1 6 1 1 1 4 2 2 2 4 -1 -1 -1 -1 -1 -1 491234 0 15 16 16 16.25 2 6 2 5
0 0 0 1 6 4 1 1 4 2 2 2 4 -1 -1 -1 -1 -1 -1 491868 1 15 16 16 14.5167 2 6 2 5
0 0 0 1 6 1 1 1 4 2 2 2 4 -1 -1 -1 -1 -1 -1 492534 0 15 16 16 16.25 2 6 2 5
0 0 0 1 1 3 6 1 4 2 2 2 6 5 5 4 2 0 0 493167 0 15 16 16 16.25 2 8 0 5
0 0 0 1 1 1 6 1 4 2 2 2 6 -1 -1 -1 -1 -1 -1 493767 0 15 16 16 15.6 2 8 0 5
0 0 0 1 4 1 6 1 4 2 2 2 6 -1 -1 -1 -1 -1 -1 494500 1 15 16 16 13 2 8 0 5
0 0 0 1 1 6 1 1 4 2 2 2 5 -1 -1 -1 -1 -1 -1 495267 0 15 16 16 13 2 8 0 5
0 0 0 1 7 1 1 1 4 2 2 2 4 4 5 4 1 1 1 496033 0 15 16 16 13 2 6 2 5
0 0 0 1 6 1 1 1 4 2 2 2 4 -1 -1 -1 -1 -1 -1 496800 0 15 16 16 13 2 6 2 5
0 0 0 1 6 1 4 1 4 2 2 2 4 -1 -1 -1 -1 -1 -1 497566 1 15 16 16 13 2 6 2 5
0 0 0 1 6 1 1 1 4 2 2 2 4 -1 -1 -1 -1 -1 -1 498333 0 15 16 16 16.25 2 6 2 5
0 0 0 3 6 1 1 1 4 2 2 2 4 3 5 4 3 0 0 498933 0 15 16 16 16.25 2 5 2 5
0 0 0 1 6 1 1 1 4 2 2 2 4 -1 -1 -1 -1 -1 -1 499566 0 15 16 16 16.25 2 5 2 5
0 0 0 1 6 1 1 4 4 2 2 2 4 -1 -1 -1 -1 -1 -1 500199 1 15 16 16 13.65 2 5 2 5
0 0 0 1 1 6 1 1 4 2 2 2 5 -1 -1 -1 -1 -1 -1 500965 0 15 16 16 13 2 5 2 5
0 0 0 1 2 8 1 1 4 2 2 2 5 4 5 4 1 1 0 501665 0 15 16 16 16.25 2 4 2 5
0 0 0 1 1 6 1 1 4 2 2 2 5 -1 -1 -1 -1 -1 -1 502465 0 15 16 15 12.5 2 4 2 5
0 0 0 1 6 1 4 1 4 2 2 2 4 -1 -1 -1 -1 -1 -1 503265 1 15 16 15 10.6667 2 4 2 5
0 0 0 1 6 1 1 1 4 2 2 2 4 -1 -1 -1 -1 -1 -1 504165 0 15 16 15 12.5 2 4 2 5
0 0 0 3 6 1 1 1 4 2 2 2 4 3 5 4 0 0 0 504964 0 15 16 15 12.5 2 5 2 5
0 0 0 1 6 1 1 1 4 2 2 2 4 -1 -1 -1 -1 -1 -1 505831 0 15 16 15 10 2 5 2 5
0 0 0 1 6 1 4 1 4 2 2 2 4 -1 -1 -1 -1 -1 -1 506697 1 15 16 15 12.5 2 5 2 5
0 0 0 1 6 1 1 1 4 2 2 2 4 -1 -1 -1 -1 -1 -1 507497 0 15 16 15 12.5 2 5 2 5
0 0 0 1 8 1 1 1 4 2 2 2 4 4 5 4 3 0 1 508330 0 15 16 15 12.5 2 4 2 5
0 0 0 1 6 1 1 1 4 2 2 2 4 -1 -1 -1 -1 -1 -1 509130 0 15 16 15 12.5 2 4 2 5
0 0 0 1 1 6 1 4 4 2 2 2 5 -1 -1 -1 -1 -1 -1 509963 1 15 16 15 10.8333 2 4 2 5
0 0 0 1 1 6 1 1 4 2 2 2 5 -1 -1 -1 -1 -1 -1 510830 0 15 16 15 12.5 2 4 2 5
0 0 0 1 3 6 1 1 4 2 2 2 5 4 5 4 2 0 0 511629 0 15 16 15 12.5 2 4 2 5
0 0 0 1 1 6 1 1 4 2 2 2 5 -1 -1 -1 -1 -1 -1 512496 0 15 16 15 10 2 4 2 5
0 0 0 1 4 6 1 1 4 2 2 2 5 -1 -1 -1 -1 -1 -1 513396 1 15 16 15 12.5 2 4 2 5
0 0 0 1 1 6 1 1 4 2 2 2 5 -1 -1 -1 -1 -1 -1 514196 0 15 16 15 12.5 2 4 2 5
0 0 0 1 1 7 1 1 4 2 2 2 5 5 5 4 3 1 1 515062 0 15 16 15 10 2 6 2 5
0 0 0 1 1 6 1 1 5 2 2 2 5 -1 -1 -1 -1 -1 -1 531458 0 15 16 15 60 2 8 0 5
0 0 0 1 1 6 1 1 5 2 2 2 5 -1 -1 -1 -1 -1 -1 531625 0 15 16 15 60 2 8 0 5
0 0 0 1 1 6 1 1 5 2 2 2 5 -1 -1 -1 -1 -1 -1 531791 0 15 16 15 60 2 4 2 5
0 0 0 1 1 6 1 1 5 2 2 2 5 -1 -1 -1 -1 -1 -1 531958 0 15 16 15 50 2 4 2 5
0 0 0 1 1 6 1 1 5 2 2 2 5 -1 -1 -1 -1 -1 -1 532258 0 15 16 15 20 2 4 2 5
0 0 0 1 1 6 1 1 5 2 2 2 5 -1 -1 -1 -1 -1 -1 533191 0 15 16 15 10 2 4 2 5
0 0 0 1 1 6 1 1 5 2 2 2 5 -1 -1 -1 -1 -1 -1 534191 0 15 16 15 10 2 5 2 5
0 0 0 1 1 6 1 1 5 2 2 2 5 -1 -1 -1 -1 -1 -1 535190 0 15 16 15 10 2 5 2 5
0 0 0 1 1 6 1 1 5 2 2 2 5 -1 -1 -1 -1 -1 -1 536190 0 15 16 15 10 2 5 2 5
0 0 0 1 1 6 1 1 5 2 2 2 5 -1 -1 -1 -1 -1 -1 537190 0 15 16 15 10 2 5 2 5
0 0 0 1 3 6 1 1 5 2 2 2 5 4 5 4 2 0 0 538190 0 15 16 15 10 2 6 2 5
0 0 0 1 1 6 1 1 5 2 2 2 5 -1 -1 -1 -1 -1 -1 539189 0 15 16 15 10 2 6 2 5
0 0 0 1 1 6 1 4 5 2 2 2 5 -1 -1 -1 -1 -1 -1 540189 1 15 16 15 10 2 6 2 5
0 0 0 1 1 6 1 1 5 2 2 2 5 -1 -1 -1 -1 -1 -1 541189 0 15 16 15 10 2 6 2 5
0 0 0 3 1 6 1 1 5 2 2 2 5 3 5 4 3 0 0 542189 0 15 16 15 10 2 6 2 5
0 0 0 1 1 6 1 1 5 2 2 2 5 -1 -1 -1 -1 -1 -1 543188 0 15 16 15 10 2 6 2 5
0 0 0 1 1 6 1 4 5 2 2 2 5 -1 -1 -1 -1 -1 -1 544188 1 15 16 15 10 2 6 2 5
0 0 0 1 1 6 1 1 5 2 2 2 5 -1 -1 -1 -1 -1 -1 545188 0 15 16 15 10 2 6 2 5
0 0 0 3 1 6 1 1 5 2 2 2 5 3 5 4 1 0 0 546188 0 15 16 15 10 2 6 2 5
0 0 0 1 1 6 1 1 5 2 2 2 5 -1 -1 -1 -1 -1 -1 547188 0 15 16 15 10 2 6 2 5
0 0 0 1 6 1 1 4 5 2 2 2 4 -1 -1 -1 -1 -1 -1 548187 1 15 16 15 10 2 6 2 5
0 0 0 1 6 1 1 1 5 2 2 2 4 -1 -1 -1 -1 -1 -1 549187 0 15 16 15 10 2 6 2 5
0 0 0 1 6 3 1 1 5 2 2 2 4 5 5 4 2 0 0 550187 0 15 16 15 10 2 5 2 5
0 0 0 1 6 1 1 1 5 2 2 2 4 -1 -1 -1 -1 -1 -1 551187 0 15 16 15 10 2 5 2 5
0 0 0 4 6 1 1 1 5 2 2 2 4 -1 -1 -1 -1 -1 -1 552186 1 15 16 15 10 2 5 2 5
0 0 0 1 1 6 1 1 5 2 2 2 5 -1 -1 -1 -1 -1 -1 553186 0 15 16 15 10 2 5 2 5
0 0 0 1 1 6 1 3 5 2 2 2 5 7 5 4 0 0 0 554186 0 15 16 15 10 2 5 2 5
0 0 0 1 1 6 1 1 5 2 2 2 5 -1 -1 -1 -1 -1 -1 555186 0 15 16 15 10 2 5 2 5
0 0 0 1 4 6 1 1 5 2 2 2 5 -1 -1 -1 -1 -1 -1 556019 1 15 16 15 12.5 2 5 2 5
0 0 0 1 1 6 1 1 5 2 2 2 5 -1 -1 -1 -1 -1 -1 556819 0 15 16 15 12.3333 2 5 2 5
0 0 0 1 1 6 1 3 5 2 2 2 5 7 5 4 1 0 0 557752 0 15 16 15 10 2 8 0 5
0 0 0 1 1 6 1 1 5 2 2 2 5 -1 -1 -1 -1 -1 -1 558751 0 15 16 15 10 2 8 0 5
0 0 0 1 4 6 1 1 5 2 2 2 5 -1 -1 -1 -1 -1 -1 559751 1 15 16 15 10 2 8 0 5
0 0 0 1 1 6 1 1 5 2 2 2 5 -1 -1 -1 -1 -1 -1 560751 0 15 16 15 10 2 8 0 5
0 0 0 1 1 6 3 1 5 2 2 2 5 6 5 4 2 0 0 561751 0 15 16 15 10 2 4 2 5
0 0 0 1 1 6 1 1 5 2 2 2 5 -1 -1 -1 -1 -1 -1 562750 0 15 16 15 10 2 4 2 5
0 0 0 4 1 1 6 1 5 2 2 2 6 -1 -1 -1 -1 -1 -1 563750 1 15 16 15 10 2 4 2 5
0 0 0 1 1 1 6 1 5 2 2 2 6 -1 -1 -1 -1 -1 -1 564717 0 15 16 15 12.5 2 4 2 5
0 0 0 1 1 1 8 1 5 2 2 2 6 6 5 4 3 0 1 565516 0 15 16 15 12.5 2 5 2 5
0 0 0 1 1 1 6 1 5 2 2 2 6 -1 -1 -1 -1 -1 -1 566316 0 15 16 15 11.3333 2 5 2 5
0 0 0 1 4 1 6 1 5 2 2 2 6 -1 -1 -1 -1 -1 -1 567216 1 15 16 15 12.5 2 5 2 5
0 0 0 1 1 1 6 1 5 2 2 2 6 -1 -1 -1 -1 -1 -1 568016 0 15 16 15 12.5 2 5 2 5
0 0 0 1 1 1 7 1 5 2 2 2 6 6 5 4 2 1 1 568849 0 15 16 15 10 2 6 2 5
0 0 0 1 1 1 6 1 5 2 2 2 6 -1 -1 -1 -1 -1 -1 569849 0 15 16 15 10 2 6 2 5
0 0 0 4 1 6 1 1 5 2 2 2 5 -1 -1 -1 -1 -1 -1 570848 1 15 16 15 10 2 6 2 5
0 0 0 1 1 6 1 1 5 2 2 2 5 -1 -1 -1 -1 -1 -1 571782 0 15 16 15 12.5 2 6 2 5
0 0 0 1 2 8 1 1 5 2 2 2 5 4 5 4 3 1 0 572581 0 15 16 15 12.5 2 6 2 5
0 0 0 1 1 6 1 1 5 2 2 2 5 -1 -1 -1 -1 -1 -1 573414 0 15 16 15 10.1667 2 6 2 5
0 0 0 1 6 1 4 1 5 2 2 2 4 -1 -1 -1 -1 -1 -1 574348 1 15 16 15 12.5 2 6 2 5
0 0 0 1 6 1 1 1 5 2 2 2 4 -1 -1 -1 -1 -1 -1 575147 0 15 16 15 12.5 2 6 2 5
0 0 0 1 7 1 1 1 5 2 2 2 4 4 5 4 2 1 1 575980 0 15 16 15 10.1667 2 6 2 5
0 0 0 1 1 6 1 1 5 2 2 2 5 -1 -1 -1 -1 -1 -1 576980 0 15 16 15 10 2 6 2 5
0 0 0 1 4 6 1 1 5 2 2 2 5 -1 -1 -1 -1 -1 -1 577980 1 15 16 15 10 2 6 2 5
0 0 0 6 1 1 1 1 5 2 2 2 3 -1 -1 -1 -1 -1 -1 578980 0 15 16 15 10 2 6 2 5
0 0 0 7 1 1 1 1 5 2 2 2 3 3 5 4 3 1 1 579813 0 15 16 15 12.5 2 5 2 5
0 0 0 1 6 1 1 1 5 2 2 2 4 -1 -1 -1 -1 -1 -1 580446 0 15 16 16 16.25 2 5 2 5
0 0 0 4 6 1 1 1 5 2 2 2 4 -1 -1 -1 -1 -1 -1 581113 1 15 16 16 13.2167 2 5 2 5
0 0 0 1 6 1 1 1 5 2 2 2 4 -1 -1 -1 -1 -1 -1 581746 0 15 16 16 16.25 2 5 2 5
0 0 0 1 7 1 1 1 5 2 2 2 4 4 5 4 2 1 1 582346 0 15 16 16 16.25 2 5 2 5
0 0 0 1 6 1 1 1 5 2 2 2 4 -1 -1 -1 -1 -1 -1 582979 0 15 16 16 14.5167 2 5 2 5
0 0 0 4 1 6 1 1 5 2 2 2 5 -1 -1 -1 -1 -1 -1 583745 1 15 16 16 13 2 5 2 5
0 0 0 1 1 6 1 1 5 2 2 2 5 -1 -1 -1 -1 -1 -1 584412 0 15 16 16 16.25 2 5 2 5
0 0 0 1 3 6 1 1 5 2 2 2 5 4 5 4 0 0 0 585045 0 15 16 16 16.25 2 8 0 5
0 0 0 1 1 6 1 1 5 2 2 2 5 -1 -1 -1 -1 -1 -1 585645 0 15 16 16 15.6 2 8 0 5
0 0 0 1 4 6 1 1 5 2 2 2 5 -1 -1 -1 -1 -1 -1 586378 1 15 16 16 13 2 8 0 5
0 0 0 1 1 6 1 1 5 2 2 2 5 -1 -1 -1 -1 -1 -1 587144 0 15 16 16 13 2 8 0 5
0 0 0 1 8 1 1 1 5 2 2 2 4 4 5 4 3 0 1 587911 0 15 16 16 13 2 4 2 5
0 0 0 1 1 1 6 1 5 2 2 2 6 -1 -1 -1 -1 -1 -1 588877 0 15 16 15 10 2 4 2 5
0 0 0 1 4 6 1 1 5 2 2 2 5 -1 -1 -1 -1 -1 -1 589810 1 15 16 15 12.5 2 4 2 5
0 0 0 1 6 1 1 1 5 2 2 2 4 -1 -1 -1 -1 -1 -1 590610 0 15 16 15 12.5 2 4 2 5
0 0 0 1 7 1 1 1 5 2 2 2 4 4 5 4 0 1 1 591443 0 15 16 15 10.8333 2 5 2 5
0 0 0 1 6 1 1 1 5 2 2 2 4 -1 -1 -1 -1 -1 -1 592443 0 15 16 15 10 2 5 2 5
0 0 0 1 6 4 1 1 5 2 2 2 4 -1 -1 -1 -1 -1 -1 593310 1 15 16 15 12.5 2 5 2 5
0 0 0 1 6 1 1 1 5 2 2 2 4 -1 -1 -1 -1 -1 -1 594109 0 15 16 15 12.5 2 5 2 5
0 0 0 6 1 3 1 1 5 2 2 2 3 5 5 4 2 0 0 594943 0 15 16 15 12.5 2 6 2 5
0 0 0 6 1 1 1 1 5 2 2 2 3 -1 -1 -1 -1 -1 -1 595742 0 15 16 15 12.5 2 6 2 5
0 0 0 6 4 1 1 1 5 2 2 2 3 -1 -1 -1 -1 -1 -1 596542 1 15 16 15 12.5 2 6 2 5
0 0 0 1 6 1 1 1 5 2 2 2 4 -1 -1 -1 -1 -1 -1 597342 0 15 16 15 12.5 2 6 2 5
0 0 0 1 6 3 1 1 5 2 2 2 4 5 5 4 3 0 0 598175 0 15 16 15 11.3333 2 6 2 5
0 0 0 1 1 6 1 1 5 2 2 2 5 -1 -1 -1 -1 -1 -1 599141 0 15 16 15 10 2 6 2 5
0 0 0 4 1 1 6 1 5 2 2 2 6 -1 -1 -1 -1 -1 -1 600141 1 15 16 15 10 2 6 2 5
0 0 0 1 1 1 6 1 5 2 2 2 6 -1 -1 -1 -1 -1 -1 601008 0 15 16 15 12.5 2 6 2 5
0 0 0 1 1 1 8 1 5 2 2 2 6 6 5 4 0 0 1 601808 0 15 16 15 12.5 2 6 2 5
0 0 0 1 1 1 6 1 5 2 2 2 6 -1 -1 -1 -1 -1 -1 602707 0 15 16 15 10 2 6 2 5
0 0 0 1 4 6 1 1 5 2 2 2 5 -1 -1 -1 -1 -1 -1 603674 1 15 16 15 12.5 2 6 2 5
0 0 0 1 1 6 1 1 5 2 2 2 5 -1 -1 -1 -1 -1 -1 604474 0 15 16 15 12.5 2 6 2 5
0 0 0 1 1 6 3 1 5 2 2 2 5 6 5 4 1 0 0 605273 0 15 16 15 11.5 2 5 2 5
0 0 0 1 1 6 1 1 5 2 2 2 5 -1 -1 -1 -1 -1 -1 606240 0 15 16 15 10 2 5 2 5
0 0 0 4 6 1 1 1 5 2 2 2 4 -1 -1 -1 -1 -1 -1 607173 1 15 16 15 12.5 2 5 2 5
0 0 0 1 6 1 1 1 5 2 2 2 4 -1 -1 -1 -1 -1 -1 607973 0 15 16 15 12.5 2 5 2 5
0 0 0 1 7 1 1 1 5 2 2 2 4 4 5 4 0 1 1 608806 0 15 16 15 10.5 2 5 2 5
0 0 0 1 6 1 1 1 5 2 2 2 4 -1 -1 -1 -1 -1 -1 609806 0 15 16 15 10 2 5 2 5
0 0 0 1 6 1 1 4 5 2 2 2 4 -1 -1 -1 -1 -1 -1 610672 1 15 16 15 12.5 2 5 2 5
0 0 0 1 6 1 1 1 5 2 2 2 4 -1 -1 -1 -1 -1 -1 611472 0 15 16 15 12.5 2 5 2 5
0 0 0 1 7 1 1 1 5 2 2 2 4 4 5 4 1 1 1 612372 0 15 16 15 10 2 8 0 5
0 0 0 1 1 6 1 1 5 2 2 2 5 -1 -1 -1 -1 -1 -1 613171 0 15 16 16 13 2 8 0 5
0 0 0 1 4 6 1 1 5 2 2 2 5 -1 -1 -1 -1 -1 -1 613938 1 15 16 16 13 2 8 0 5
0 0 0 1 6 1 1 1 5 2 2 2 4 -1 -1 -1 -1 -1 -1 614704 0 15 16 16 13 2 8 0 5
0 0 0 1 6 3 1 1 5 2 2 2 4 5 5 4 2 0 0 615471 0 15 16 16 13 2 4 2 5
0 0 0 1 6 1 1 1 5 2 2 2 4 -1 -1 -1 -1 -1 -1 616237 0 15 16 16 13 2 4 2 5
0 0 0 1 6 1 4 1 5 2 2 2 4 -1 -1 -1 -1 -1 -1 617004 1 15 16 16 13 2 4 2 5
0 0 0 1 6 1 1 1 5 2 2 2 4 -1 -1 -1 -1 -1 -1 617770 0 15 16 16 16.25 2 4 2 5
0 0 0 1 8 1 1 1 5 2 2 2 4 4 5 4 0 0 1 618370 0 15 16 16 16.25 2 5 2 5
0 0 0 1 6 1 1 1 5 2 2 2 4 -1 -1 -1 -1 -1 -1 619137 0 15 16 15 12.5 2 5 2 5
0 0 0 1 6 4 1 1 5 2 2 2 4 -1 -1 -1 -1 -1 -1 620070 1 15 16 15 10 2 5 2 5
0 0 0 1 1 6 1 1 5 2 2 2 5 -1 -1 -1 -1 -1 -1 621069 0 15 16 15 10 2 5 2 5
0 0 0 1 1 6 3 1 5 2 2 2 5 6 5 4 1 0 0 622003 0 15 16 15 12.5 2 6 2 5
0 0 0 1 1 6 1 1 5 2 2 2 5 -1 -1 -1 -1 -1 -1 622802 0 15 16 15 12.5 2 6 2 5
0 0 0 4 1 6 1 1 5 2 2 2 5 -1 -1 -1 -1 -1 -1 623636 1 15 16 15 10.1667 2 6 2 5
0 0 0 1 1 1 6 1 5 2 2 2 6 -1 -1 -1 -1 -1 -1 624569 0 15 16 15 12.5 2 6 2 5
0 0 0 1 1 3 6 1 5 2 2 2 6 5 5 4 2 0 0 625368 0 15 16 15 12.5 2 6 2 5
0 0 0 1 1 6 1 1 5 2 2 2 5 -1 -1 -1 -1 -1 -1 626202 0 15 16 15 10.8333 2 6 2 5
0 0 0 1 6 1 1 4 5 2 2 2 4 -1 -1 -1 -1 -1 -1 627201 1 15 16 15 12.5 2 6 2 5
0 0 0 1 6 1 1 1 5 2 2 2 4 -1 -1 -1 -1 -1 -1 628001 0 15 16 15 12.5 2 6 2 5
0 0 0 1 7 1 1 1 5 2 2 2 4 4 5 4 1 1 1 628801 0 15 16 15 11.8333 2 6 2 5
0 0 0 1 1 6 1 1 5 2 2 2 5 -1 -1 -1 -1 -1 -1 629767 0 15 16 15 10 2 6 2 5
0 0 0 1 1 6 1 4 5 2 2 2 5 -1 -1 -1 -1 -1 -1 630600 1 15 16 15 12.5 2 6 2 5
0 0 0 1 1 6 1 1 5 2 2 2 5 -1 -1 -1 -1 -1 -1 631400 0 15 16 15 12.5 2 6 2 5
0 0 0 1 1 6 3 1 5 2 2 2 5 6 5 4 3 0 0 632300 0 15 16 15 10 2 5 2 5
0 0 0 1 1 6 1 1 5 2 2 2 5 -1 -1 -1 -1 -1 -1 633167 0 15 16 15 12.5 2 5 2 5
0 0 0 1 1 6 4 1 5 2 2 2 5 -1 -1 -1 -1 -1 -1 633966 1 15 16 15 12.5 2 5 2 5
0 0 0 1 1 6 1 1 5 2 2 2 5 -1 -1 -1 -1 -1 -1 634866 0 15 16 15 10 2 5 2 5
0 0 0 1 1 6 3 1 5 2 2 2 5 6 5 4 0 0 0 635733 0 15 16 15 12.5 2 5 2 5
0 0 0 1 1 6 1 1 5 2 2 2 5 -1 -1 -1 -1 -1 -1 636532 0 15 16 15 12.5 2 5 2 5
0 0 0 1 4 6 1 1 5 2 2 2 5 -1 -1 -1 -1 -1 -1 637432 1 15 16 15 10 2 5 2 5
0 0 0 1 6 1 1 1 5 2 2 2 4 -1 -1 -1 -1 -1 -1 638365 0 15 16 15 12.5 2 5 2 5
0 0 0 1 6 3 1 1 5 2 2 2 4 5 5 4 1 0 0 639165 0 15 16 15 12.5 2 8 0 5
0 0 0 1 6 1 1 1 5 2 2 2 4 -1 -1 -1 -1 -1 -1 639998 0 15 16 15 11.1667 2 8 0 5
0 0 0 1 1 1 6 4 5 2 2 2 6 -1 -1 -1 -1 -1 -1 640965 1 15 16 15 10 2 8 0 5
0 0 0 1 1 1 1 6 5 2 2 2 7 -1 -1 -1 -1 -1 -1 641964 0 15 16 15 12.5 2 8 0 5
0 0 0 1 1 1 1 7 5 2 2 2 7 7 5 4 0 1 1 642764 0 15 16 15 12.5 2 4 2 5
0 0 0 1 1 1 6 1 5 2 2 2 6 -1 -1 -1 -1 -1 -1 643397 0 15 16 16 16.0333 2 4 2 5
0 0 0 1 1 1 6 4 5 2 2 2 6 -1 -1 -1 -1 -1 -1 644064 1 15 16 16 16.25 2 4 2 5
0 0 0 1 1 1 6 1 5 2 2 2 6 -1 -1 -1 -1 -1 -1 644697 0 15 16 16 16.25 2 4 2 5
0 0 0 1 1 1 7 1 5 2 2 2 6 6 5 4 1 1 1 645297 0 15 16 16 16.25 2 5 2 5
0 0 0 1 1 1 6 1 5 2 2 2 6 -1 -1 -1 -1 -1 -1 645963 0 15 16 16 13 2 5 2 5
0 0 0 1 4 6 1 1 5 2 2 2 5 -1 -1 -1 -1 -1 -1 646763 1 15 16 16 13 2 5 2 5
0 0 0 1 1 1 6 1 5 2 2 2 6 -1 -1 -1 -1 -1 -1 647396 0 15 16 16 16.25 2 5 2 5
0 0 0 1 3 1 6 1 5 2 2 2 6 4 5 4 2 0 0 647996 0 15 16 16 16.25 2 6 2 5
0 0 0 1 1 1 6 1 5 2 2 2 6 -1 -1 -1 -1 -1 -1 648629 0 15 16 16 14.7333 2 6 2 5
0 0 0 1 1 4 6 1 5 2 2 2 6 -1 -1 -1 -1 -1 -1 649396 1 15 16 16 13 2 6 2 5
0 0 0 1 1 6 1 1 5 2 2 2 5 -1 -1 -1 -1 -1 -1 650162 0 15 16 16 13 2 6 2 5
0 0 0 1 7 1 1 1 5 2 2 2 4 4 5 4 1 1 1 650929 0 15 16 16 13 2 6 2 5
0 0 0 0 1 6 1 0 6 6 1 0 5 -1 -1 -1 -1 -1 -1 658294 0 15 40 15 60 2 8 0 3
0 0 0 0 1 6 1 0 6 6 1 0 5 -1 -1 -1 -1 -1 -1 658460 0 15 40 15 60 2 8 0 3
0 0 0 0 1 6 1 0 6 6 1 0 5 -1 -1 -1 -1 -1 -1 658627 0 15 40 15 60 2 5 2 3
0 0 0 0 1 6 1 0 6 6 1 0 5 -1 -1 -1 -1 -1 -1 658794 0 15 40 15 50 2 5 2 3
0 0 0 0 1 6 1 0 6 6 1 0 5 -1 -1 -1 -1 -1 -1 659094 0 15 40 15 20 2 5 2 3
0 0 0 0 1 6 1 0 6 6 1 0 5 -1 -1 -1 -1 -1 -1 659993 0 15 40 15 12.5 2 5 2 3
0 0 0 0 1 6 1 0 6 6 1 0 5 -1 -1 -1 -1 -1 -1 660793 0 15 40 15 12.5 2 6 2 3
0 0 0 0 1 6 1 0 6 6 1 0 5 -1 -1 -1 -1 -1 -1 661626 0 15 40 15 11.1667 2 6 2 3
0 0 0 0 1 6 1 0 6 6 1 0 5 -1 -1 -1 -1 -1 -1 662526 0 15 40 15 12.5 2 6 2 3
0 0 0 0 1 6 1 0 6 6 1 0 5 -1 -1 -1 -1 -1 -1 663326 0 15 40 15 12.5 2 6 2 3
0 0 0 0 1 7 1 0 6 6 1 0 5 5 5 4 4 1 1 664159 0 15 40 15 10.1667 2 5 2 3
0 0 0 0 1 6 1 0 6 6 1 0 5 -1 -1 -1 -1 -1 -1 665092 0 15 40 15 12.5 2 5 2 3
0 0 0 0 1 6 1 0 6 6 1 0 5 -1 -1 -1 -1 -1 -1 665892 0 15 40 15 12.5 2 5 2 3
0 0 0 0 1 6 1 0 6 6 1 0 5 -1 -1 -1 -1 -1 -1 666725 0 15 40 15 11 2 5 2 3
0 0 0 0 1 7 1 0 6 6 1 0 5 5 5 4 4 1 1 667625 0 15 40 15 12.5 2 5 2 3
0 0 0 0 1 6 1 0 6 6 1 0 5 -1 -1 -1 -1 -1 -1 668258 0 15 40 16 16.25 2 5 2 3
0 0 0 0 1 6 1 0 6 6 1 0 5 -1 -1 -1 -1 -1 -1 668891 0 15 40 16 15.1667 2 5 2 3
0 0 0 0 1 6 1 0 6 6 1 0 5 -1 -1 -1 -1 -1 -1 669591 0 15 40 16 16.25 2 5 2 3
0 0 0 0 1 7 1 0 6 6 1 0 5 5 5 4 4 1 1 670191 0 15 40 16 16.25 2 6 2 3
0 0 0 0 1 6 1 0 6 6 1 0 5 -1 -1 -1 -1 -1 -1 670824 0 15 40 16 16.25 2 6 2 3
0 0 0 0 1 1 6 0 6 6 1 0 6 -1 -1 -1 -1 -1 -1 671457 0 15 40 16 16.25 2 6 2 3
0 0 0 0 1 1 6 0 6 6 1 0 6 -1 -1 -1 -1 -1 -1 672090 0 15 40 16 16.25 2 6 2 3
0 0 0 0 1 1 7 0 6 6 1 0 6 6 5 4 4 1 1 672690 0 15 40 16 16.25 2 6 2 3
0 0 0 0 1 1 6 0 6 6 1 0 6 -1 -1 -1 -1 -1 -1 673223 0 15 40 17 17.8667 2 6 2 3
0 0 0 0 6 1 1 0 6 6 1 0 4 -1 -1 -1 -1 -1 -1 673857 0 15 40 17 16 2 6 2 3
0 0 0 0 6 1 1 0 6 6 1 0 4 -1 -1 -1 -1 -1 -1 674356 0 15 40 17 20 2 6 2 3
0 0 0 0 7 1 1 0 6 6 1 0 4 4 5 4 4 1 1 674856 0 15 40 17 20 2 4 2 3
0 0 0 0 6 1 1 0 6 6 1 0 4 -1 -1 -1 -1 -1 -1 675356 0 15 40 17 20 2 4 2 3
0 0 0 0 1 1 6 0 6 6 1 0 6 -1 -1 -1 -1 -1 -1 675889 0 15 40 17 16.8 2 4 2 3
0 0 0 0 1 1 6 0 6 6 1 0 6 -1 -1 -1 -1 -1 -1 676489 0 15 40 17 20 2 4 2 3
0 0 0 0 1 1 7 0 6 6 1 0 6 6 5 4 4 1 1 676989 0 15 40 17 20 2 8 0 3
0 0 0 0 1 1 6 0 6 6 1 0 6 -1 -1 -1 -1 -1 -1 677422 0 15 40 18 23.75 2 8 0 3
0 0 0 0 1 1 6 0 6 6 1 0 6 -1 -1 -1 -1 -1 -1 677822 0 15 40 18 23.75 2 8 0 3
0 0 0 0 1 1 6 0 6 6 1 0 6 -1 -1 -1 -1 -1 -1 678256 0 15 40 18 23.75 2 8 0 3
0 0 0 0 1 1 7 0 6 6 1 0 6 6 5 4 4 1 1 678689 0 15 40 18 23.75 2 5 2 3
0 0 0 0 1 1 6 0 6 6 1 0 6 -1 -1 -1 -1 -1 -1 679089 0 15 40 18 23.75 2 5 2 3
0 0 0 0 1 1 6 0 6 6 1 0 6 -1 -1 -1 -1 -1 -1 679522 0 15 40 18 23.4333 2 5 2 3
0 0 0 0 1 6 1 0 6 6 1 0 5 -1 -1 -1 -1 -1 -1 679988 0 15 40 18 19 2 5 2 3
0 0 0 1 1 7 1 1 6 6 1 0 5 5 5 4 4 1 1 680522 0 15 40 18 19 2 6 2 5
0 0 0 1 1 6 1 1 6 6 1 0 5 -1 -1 -1 -1 -1 -1 680922 0 15 40 19 26.25 2 6 2 5
0 0 0 1 1 6 1 1 6 6 1 0 5 -1 -1 -1 -1 -1 -1 681288 0 15 40 19 26.25 2 6 2 5
0 0 0 1 6 1 1 1 6 6 1 0 4 -1 -1 -1 -1 -1 -1 681688 0 15 40 19 26.25 2 6 2 5
0 0 0 1 7 1 1 1 6 6 1 0 4 4 5 4 4 1 1 682055 0 15 40 19 26.25 2 5 2 5
0 0 0 1 6 1 1 1 6 6 1 1 4 -1 -1 -1 -1 -1 -1 682488 0 15 40 19 21.7 2 5 2 5
0 0 0 1 1 1 6 1 6 6 1 1 6 -1 -1 -1 -1 -1 -1 682954 0 15 40 19 21 2 5 2 5
0 0 0 1 1 1 6 1 6 6 1 1 6 -1 -1 -1 -1 -1 -1 683421 0 15 40 19 21 2 5 2 5
0 0 0 1 1 1 7 1 6 6 1 1 6 6 5 4 4 1 1 683887 0 15 40 19 21 2 5 2 5
0 0 0 1 1 1 6 1 6 6 1 1 6 -1 -1 -1 -1 -1 -1 684354 0 15 40 20 22 2 5 2 5
0 0 0 1 1 1 6 1 6 6 1 1 6 -1 -1 -1 -1 -1 -1 684821 0 15 40 20 22 2 5 2 5
0 0 0 1 1 1 6 1 6 6 1 1 6 -1 -1 -1 -1 -1 -1 685254 0 15 40 20 22 2 5 2 5
0 0 0 1 1 1 7 1 6 6 1 1 6 6 5 4 4 1 1 685720 0 15 40 20 22 2 6 2 5
0 0 0 1 1 1 6 1 6 6 1 1 6 -1 -1 -1 -1 -1 -1 686187 0 15 40 20 22 2 6 2 5
0 0 0 1 1 1 6 1 6 6 1 1 6 -1 -1 -1 -1 -1 -1 686620 0 15 40 20 22 2 6 2 5
0 0 0 1 1 1 6 1 6 6 1 1 6 -1 -1 -1 -1 -1 -1 687087 0 15 40 20 22 2 6 2 5
0 0 0 1 1 1 7 1 6 6 1 1 6 6 5 4 4 1 1 687553 0 15 40 20 22 2 6 2 5
0 0 0 1 1 1 6 1 6 6 1 1 6 -1 -1 -1 -1 -1 -1 687986 0 15 40 21 23 2 6 2 5
0 0 0 1 1 1 6 1 6 6 1 1 6 -1 -1 -1 -1 -1 -1 688420 0 15 40 21 23 2 6 2 5
0 0 0 1 1 1 6 1 6 6 1 1 6 -1 -1 -1 -1 -1 -1 688853 0 15 40 21 23 2 6 2 5
0 0 0 1 1 1 7 1 6 6 1 1 6 6 5 4 4 1 1 689286 0 15 40 21 23 2 4 2 5
0 0 0 1 1 1 6 1 6 6 1 1 6 -1 -1 -1 -1 -1 -1 689719 0 15 40 21 23 2 4 2 5
0 0 0 1 1 1 6 1 6 6 1 1 6 -1 -1 -1 -1 -1 -1 690153 0 15 40 21 23 2 4 2 5
0 0 0 1 1 1 6 1 6 6 1 1 6 -1 -1 -1 -1 -1 -1 690586 0 15 40 21 23 2 4 2 5
0 0 0 1 1 1 7 1 6 6 1 1 6 6 5 4 4 1 1 691019 0 15 40 21 23 2 8 0 5
0 0 0 1 1 1 6 1 6 6 1 1 6 -1 -1 -1 -1 -1 -1 691452 0 15 40 22 24 2 8 0 5
0 0 0 1 1 1 6 1 6 6 1 1 6 -1 -1 -1 -1 -1 -1 691852 0 15 40 22 24 2 8 0 5
0 0 0 1 1 1 6 1 6 6 1 1 6 -1 -1 -1 -1 -1 -1 692285 0 15 40 22 24 2 8 0 5
0 0 0 1 1 1 7 1 6 6 1 1 6 6 5 4 4 1 1 692685 0 15 40 22 24 2 5 2 5
0 0 0 1 1 1 6 1 6 6 1 1 6 -1 -1 -1 -1 -1 -1 693119 0 15 40 22 24 2 5 2 5
0 0 0 1 1 6 1 1 6 6 1 1 5 -1 -1 -1 -1 -1 -1 693518 0 15 40 22 24 2 5 2 5
0 0 0 1 1 6 1 1 6 6 1 1 5 -1 -1 -1 -1 -1 -1 693952 0 15 40 22 24 2 5 2 5
0 0 0 1 1 7 1 1 6 6 1 1 5 5 5 4 4 1 1 694352 0 15 40 22 24 2 6 2 5
0 0 0 1 1 6 1 1 6 6 1 1 5 -1 -1 -1 -1 -1 -1 694751 0 15 40 23 25 2 6 2 5
0 0 0 1 1 1 1 6 6 6 1 1 7 -1 -1 -1 -1 -1 -1 695151 0 15 40 23 25 2 6 2 5
0 0 0 1 1 1 1 6 6 6 1 1 7 -1 -1 -1 -1 -1 -1 695551 0 15 40 23 25 2 6 2 5
0 0 0 1 1 1 1 7 6 6 1 1 7 7 5 4 4 1 1 695951 0 15 40 23 25 2 5 2 5
0 0 0 1 1 1 1 6 6 6 1 1 7 -1 -1 -1 -1 -1 -1 696351 0 15 40 23 25 2 5 2 5
0 0 0 1 1 1 1 6 6 6 1 1 7 -1 -1 -1 -1 -1 -1 696751 0 15 40 23 25 2 5 2 5
0 0 0 1 1 1 1 6 6 6 1 1 7 -1 -1 -1 -1 -1 -1 697151 0 15 40 23 25 2 5 2 5
0 0 0 1 1 1 1 7 6 6 1 1 7 7 5 4 4 1 1 697551 0 15 40 23 25 2 5 2 5
0 0 0 1 1 1 1 6 6 6 1 2 7 -1 -1 -1 -1 -1 -1 697951 0 15 40 24 25.5 2 5 2 5
0 0 0 1 1 1 6 1 6 6 1 2 6 -1 -1 -1 -1 -1 -1 698351 0 15 40 24 25.5 2 5 2 5
0 0 0 1 1 6 1 1 6 6 1 2 5 -1 -1 -1 -1 -1 -1 698717 0 15 40 24 25.5 2 5 2 5
0 0 0 1 1 7 1 1 6 6 1 2 5 5 5 4 4 1 1 699117 0 15 40 24 25.5 2 6 2 5
0 0 0 1 1 6 1 1 6 6 1 2 5 -1 -1 -1 -1 -1 -1 699517 0 15 40 24 25.5 2 6 2 5
0 0 0 1 6 1 1 4 6 6 1 2 4 -1 -1 -1 -1 -1 -1 699917 1 15 40 24 25.5 2 6 2 5
0 0 0 1 6 1 1 1 6 6 1 2 4 -1 -1 -1 -1 -1 -1 700283 0 15 40 24 25.5 2 6 2 5
0 0 0 1 7 1 1 1 6 6 1 2 4 4 5 4 4 1 1 700683 0 15 40 24 25.5 2 6 2 5
0 0 0 1 6 1 1 1 6 6 1 2 4 -1 -1 -1 -1 -1 -1 701083 0 15 40 25 26 2 6 2 5
0 0 0 1 1 6 4 1 6 6 1 2 5 -1 -1 -1 -1 -1 -1 701450 1 15 40 25 26 2 6 2 5
0 0 0 1 1 6 1 1 6 6 1 2 5 -1 -1 -1 -1 -1 -1 701850 0 15 40 25 26 2 6 2 5
0 0 0 1 1 7 1 1 6 6 1 2 5 5 5 4 4 1 1 702216 0 15 40 25 26 2 4 2 5
0 0 0 1 1 6 1 1 6 6 1 2 5 -1 -1 -1 -1 -1 -1 702616 0 15 40 25 26 2 4 2 5
0 0 0 4 1 6 1 1 6 6 1 2 5 -1 -1 -1 -1 -1 -1 702983 1 15 40 25 26 2 4 2 5
0 0 0 1 1 6 1 1 6 6 1 2 5 -1 -1 -1 -1 -1 -1 703383 0 15 40 25 26 2 4 2 5
0 0 0 1 1 7 1 1 6 6 1 2 5 5 5 4 4 1 1 703783 0 15 40 25 26 2 8 0 5
0 0 0 0 1 6 1 0 6 6 1 0 5 -1 -1 -1 -1 -1 -1 658294 0 15 40 15 60 2 8 0 3
0 0 0 0 1 6 1 0 6 6 1 0 5 -1 -1 -1 -1 -1 -1 658460 0 15 40 15 60 2 8 0 3
0 0 0 0 1 6 1 0 6 6 1 0 5 -1 -1 -1 -1 -1 -1 658627 0 15 40 15 60 2 5 2 3
0 0 0 0 1 6 1 0 6 6 1 0 5 -1 -1 -1 -1 -1 -1 658794 0 15 40 15 50 2 5 2 3
0 0 0 0 1 6 1 0 6 6 1 0 5 -1 -1 -1 -1 -1 -1 659094 0 15 40 15 20 2 5 2 3
0 0 0 0 1 6 1 0 6 6 1 0 5 -1 -1 -1 -1 -1 -1 659993 0 15 40 15 12.5 2 5 2 3
0 0 0 0 1 6 1 0 6 6 1 0 5 -1 -1 -1 -1 -1 -1 660793 0 15 40 15 12.5 2 6 2 3
0 0 0 0 1 6 1 0 6 6 1 0 5 -1 -1 -1 -1 -1 -1 661626 0 15 40 15 11.1667 2 6 2 3
0 0 0 0 1 6 1 0 6 6 1 0 5 -1 -1 -1 -1 -1 -1 662526 0 15 40 15 12.5 2 6 2 3
0 0 0 0 1 6 1 0 6 6 1 0 5 -1 -1 -1 -1 -1 -1 663326 0 15 40 15 12.5 2 6 2 3
0 0 0 0 1 7 1 0 6 6 1 0 5 5 5 4 4 1 1 664159 0 15 40 15 10.1667 2 5 2 3
0 0 0 0 1 6 1 0 6 6 1 0 5 -1 -1 -1 -1 -1 -1 665092 0 15 40 15 12.5 2 5 2 3
0 0 0 0 1 6 1 0 6 6 1 0 5 -1 -1 -1 -1 -1 -1 665892 0 15 40 15 12.5 2 5 2 3
0 0 0 0 1 6 1 0 6 6 1 0 5 -1 -1 -1 -1 -1 -1 666725 0 15 40 15 11 2 5 2 3
0 0 0 0 1 7 1 0 6 6 1 0 5 5 5 4 4 1 1 667625 0 15 40 15 12.5 2 5 2 3
0 0 0 0 1 6 1 0 6 6 1 0 5 -1 -1 -1 -1 -1 -1 668258 0 15 40 16 16.25 2 5 2 3
0 0 0 0 1 6 1 0 6 6 1 0 5 -1 -1 -1 -1 -1 -1 668891 0 15 40 16 15.1667 2 5 2 3
0 0 0 0 1 6 1 0 6 6 1 0 5 -1 -1 -1 -1 -1 -1 669591 0 15 40 16 16.25 2 5 2 3
0 0 0 0 1 7 1 0 6 6 1 0 5 5 5 4 4 1 1 670191 0 15 40 16 16.25 2 6 2 3
0 0 0 0 1 6 1 0 6 6 1 0 5 -1 -1 -1 -1 -1 -1 670824 0 15 40 16 16.25 2 6 2 3
0 0 0 0 1 1 6 0 6 6 1 0 6 -1 -1 -1 -1 -1 -1 671457 0 15 40 16 16.25 2 6 2 3
0 0 0 0 1 1 6 0 6 6 1 0 6 -1 -1 -1 -1 -1 -1 672090 0 15 40 16 16.25 2 6 2 3
0 0 0 0 1 1 7 0 6 6 1 0 6 6 5 4 4 1 1 672690 0 15 40 16 16.25 2 6 2 3
0 0 0 0 1 1 6 0 6 6 1 0 6 -1 -1 -1 -1 -1 -1 673223 0 15 40 17 17.8667 2 6 2 3
0 0 0 0 6 1 1 0 6 6 1 0 4 -1 -1 -1 -1 -1 -1 673857 0 15 40 17 16 2 6 2 3
0 0 0 0 6 1 1 0 6 6 1 0 4 -1 -1 -1 -1 -1 -1 674356 0 15 40 17 20 2 6 2 3
0 0 0 0 7 1 1 0 6 6 1 0 4 4 5 4 4 1 1 674856 0 15 40 17 20 2 4 2 3
0 0 0 0 6 1 1 0 6 6 1 0 4 -1 -1 -1 -1 -1 -1 675356 0 15 40 17 20 2 4 2 3
0 0 0 0 1 1 6 0 6 6 1 0 6 -1 -1 -1 -1 -1 -1 675889 0 15 40 17 16.8 2 4 2 3
0 0 0 0 1 1 6 0 6 6 1 0 6 -1 -1 -1 -1 -1 -1 676489 0 15 40 17 20 2 4 2 3
0 0 0 0 1 1 7 0 6 6 1 0 6 6 5 4 4 1 1 676989 0 15 40 17 20 2 8 0 3
0 0 0 0 1 1 6 0 6 6 1 0 6 -1 -1 -1 -1 -1 -1 677422 0 15 40 18 23.75 2 8 0 3
0 0 0 0 1 1 6 0 6 6 1 0 6 -1 -1 -1 -1 -1 -1 677822 0 15 40 18 23.75 2 8 0 3
0 0 0 0 1 1 6 0 6 6 1 0 6 -1 -1 -1 -1 -1 -1 678256 0 15 40 18 23.75 2 8 0 3
0 0 0 0 1 1 7 0 6 6 1 0 6 6 5 4 4 1 1 678689 0 15 40 18 23.75 2 5 2 3
0 0 0 0 1 1 6 0 6 6 1 0 6 -1 -1 -1 -1 -1 -1 679089 0 15 40 18 23.75 2 5 2 3
0 0 0 0 1 1 6 0 6 6 1 0 6 -1 -1 -1 -1 -1 -1 679522 0 15 40 18 23.4333 2 5 2 3
0 0 0 0 1 6 1 0 6 6 1 0 5 -1 -1 -1 -1 -1 -1 679988 0 15 40 18 19 2 5 2 3
0 0 0 1 1 7 1 1 6 6 1 0 5 5 5 4 4 1 1 680522 0 15 40 18 19 2 6 2 5
0 0 0 1 1 6 1 1 6 6 1 0 5 -1 -1 -1 -1 -1 -1 680922 0 15 40 19 26.25 2 6 2 5
0 0 0 1 1 6 1 1 6 6 1 0 5 -1 -1 -1 -1 -1 -1 681288 0 15 40 19 26.25 2 6 2 5
0 0 0 1 6 1 1 1 6 6 1 0 4 -1 -1 -1 -1 -1 -1 681688 0 15 40 19 26.25 2 6 2 5
0 0 0 1 7 1 1 1 6 6 1 0 4 4 5 4 4 1 1 682055 0 15 40 19 26.25 2 5 2 5
0 0 0 1 6 1 1 1 6 6 1 1 4 -1 -1 -1 -1 -1 -1 682488 0 15 40 19 21.7 2 5 2 5
0 0 0 1 1 1 6 1 6 6 1 1 6 -1 -1 -1 -1 -1 -1 682954 0 15 40 19 21 2 5 2 5
0 0 0 1 1 1 6 1 6 6 1 1 6 -1 -1 -1 -1 -1 -1 683421 0 15 40 19 21 2 5 2 5
0 0 0 1 1 1 7 1 6 6 1 1 6 6 5 4 4 1 1 683887 0 15 40 19 21 2 5 2 5
0 0 0 1 1 1 6 1 6 6 1 1 6 -1 -1 -1 -1 -1 -1 684354 0 15 40 20 22 2 5 2 5
0 0 0 1 1 1 6 1 6 6 1 1 6 -1 -1 -1 -1 -1 -1 684821 0 15 40 20 22 2 5 2 5
0 0 0 1 1 1 6 1 6 6 1 1 6 -1 -1 -1 -1 -1 -1 685254 0 15 40 20 22 2 5 2 5
0 0 0 1 1 1 7 1 6 6 1 1 6 6 5 4 4 1 1 685720 0 15 40 20 22 2 6 2 5
0 0 0 1 1 1 6 1 6 6 1 1 6 -1 -1 -1 -1 -1 -1 686187 0 15 40 20 22 2 6 2 5
0 0 0 1 1 1 6 1 6 6 1 1 6 -1 -1 -1 -1 -1 -1 686620 0 15 40 20 22 2 6 2 5
0 0 0 1 1 1 6 1 6 6 1 1 6 -1 -1 -1 -1 -1 -1 687087 0 15 40 20 22 2 6 2 5
0 0 0 1 1 1 7 1 6 6 1 1 6 6 5 4 4 1 1 687553 0 15 40 20 22 2 6 2 5
0 0 0 1 1 1 6 1 6 6 1 1 6 -1 -1 -1 -1 -1 -1 687986 0 15 40 21 23 2 6 2 5
0 0 0 1 1 1 6 1 6 6 1 1 6 -1 -1 -1 -1 -1 -1 688420 0 15 40 21 23 2 6 2 5
0 0 0 1 1 1 6 1 6 6 1 1 6 -1 -1 -1 -1 -1 -1 688853 0 15 40 21 23 2 6 2 5
0 0 0 1 1 1 7 1 6 6 1 1 6 6 5 4 4 1 1 689286 0 15 40 21 23 2 4 2 5
0 0 0 1 1 1 6 1 6 6 1 1 6 -1 -1 -1 -1 -1 -1 689719 0 15 40 21 23 2 4 2 5
0 0 0 1 1 1 6 1 6 6 1 1 6 -1 -1 -1 -1 -1 -1 690153 0 15 40 21 23 2 4 2 5
0 0 0 1 1 1 6 1 6 6 1 1 6 -1 -1 -1 -1 -1 -1 690586 0 15 40 21 23 2 4 2 5
0 0 0 1 1 1 7 1 6 6 1 1 6 6 5 4 4 1 1 691019 0 15 40 21 23 2 8 0 5
0 0 0 1 1 1 6 1 6 6 1 1 6 -1 -1 -1 -1 -1 -1 691452 0 15 40 22 24 2 8 0 5
0 0 0 1 1 1 6 1 6 6 1 1 6 -1 -1 -1 -1 -1 -1 691852 0 15 40 22 24 2 8 0 5
0 0 0 1 1 1 6 1 6 6 1 1 6 -1 -1 -1 -1 -1 -1 692285 0 15 40 22 24 2 8 0 5
0 0 0 1 1 1 7 1 6 6 1 1 6 6 5 4 4 1 1 692685 0 15 40 22 24 2 5 2 5
0 0 0 1 1 1 6 1 6 6 1 1 6 -1 -1 -1 -1 -1 -1 693119 0 15 40 22 24 2 5 2 5
0 0 0 1 1 6 1 1 6 6 1 1 5 -1 -1 -1 -1 -1 -1 693518 0 15 40 22 24 2 5 2 5
0 0 0 1 1 6 1 1 6 6 1 1 5 -1 -1 -1 -1 -1 -1 693952 0 15 40 22 24 2 5 2 5
0 0 0 1 1 7 1 1 6 6 1 1 5 5 5 4 4 1 1 694352 0 15 40 22 24 2 6 2 5
0 0 0 1 1 6 1 1 6 6 1 1 5 -1 -1 -1 -1 -1 -1 694751 0 15 40 23 25 2 6 2 5
0 0 0 1 1 1 1 6 6 6 1 1 7 -1 -1 -1 -1 -1 -1 695151 0 15 40 23 25 2 6 2 5
0 0 0 1 1 1 1 6 6 6 1 1 7 -1 -1 -1 -1 -1 -1 695551 0 15 40 23 25 2 6 2 5
0 0 0 1 1 1 1 7 6 6 1 1 7 7 5 4 4 1 1 695951 0 15 40 23 25 2 5 2 5
0 0 0 1 1 1 1 6 6 6 1 1 7 -1 -1 -1 -1 -1 -1 696351 0 15 40 23 25 2 5 2 5
0 0 0 1 1 1 1 6 6 6 1 1 7 -1 -1 -1 -1 -1 -1 696751 0 15 40 23 25 2 5 2 5
0 0 0 1 1 1 1 6 6 6 1 1 7 -1 -1 -1 -1 -1 -1 697151 0 15 40 23 25 2 5 2 5
0 0 0 1 1 1 1 7 6 6 1 1 7 7 5 4 4 1 1 697551 0 15 40 23 25 2 5 2 5
0 0 0 1 1 1 1 6 6 6 1 2 7 -1 -1 -1 -1 -1 -1 697951 0 15 40 24 25.5 2 5 2 5
0 0 0 1 1 1 6 1 6 6 1 2 6 -1 -1 -1 -1 -1 -1 698351 0 15 40 24 25.5 2 5 2 5
0 0 0 1 1 6 1 1 6 6 1 2 5 -1 -1 -1 -1 -1 -1 698717 0 15 40 24 25.5 2 5 2 5
0 0 0 1 1 7 1 1 6 6 1 2 5 5 5 4 4 1 1 699117 0 15 40 24 25.5 2 6 2 5
0 0 0 1 1 6 1 1 6 6 1 2 5 -1 -1 -1 -1 -1 -1 699517 0 15 40 24 25.5 2 6 2 5
0 0 0 1 6 1 1 4 6 6 1 2 4 -1 -1 -1 -1 -1 -1 699917 1 15 40 24 25.5 2 6 2 5
0 0 0 1 6 1 1 1 6 6 1 2 4 -1 -1 -1 -1 -1 -1 700283 0 15 40 24 25.5 2 6 2 5
0 0 0 1 7 1 1 1 6 6 1 2 4 4 5 4 4 1 1 700683 0 15 40 24 25.5 2 6 2 5
0 0 0 1 6 1 1 1 6 6 1 2 4 -1 -1 -1 -1 -1 -1 701083 0 15 40 25 26 2 6 2 5
0 0 0 1 1 6 4 1 6 6 1 2 5 -1 -1 -1 -1 -1 -1 701450 1 15 40 25 26 2 6 2 5
0 0 0 1 1 6 1 1 6 6 1 2 5 -1 -1 -1 -1 -1 -1 701850 0 15 40 25 26 2 6 2 5
0 0 0 1 1 7 1 1 6 6 1 2 5 5 5 4 4 1 1 702216 0 15 40 25 26 2 4 2 5
0 0 0 1 1 6 1 1 6 6 1 2 5 -1 -1 -1 -1 -1 -1 702616 0 15 40 25 26 2 4 2 5
0 0 0 4 1 6 1 1 6 6 1 2 5 -1 -1 -1 -1 -1 -1 702983 1 15 40 25 26 2 4 2 5
0 0 0 1 1 6 1 1 6 6 1 2 5 -1 -1 -1 -1 -1 -1 703383 0 15 40 25 26 2 4 2 5
0 0 0 1 1 7 1 1 6 6 1 2 5 5 5 4 4 1 1 703783 0 15 40 25 26 2 8 0 5
