% Tunnel Log: 
% debug seed: 1462576475
%
% SegEncNW { '0'=no panel, '1'=panel, '4'=obstacle, '5'=collided obstacle, '6'=player, '7'=player right, '8'=player wrong, '2'=target, '3'=fake }
% SegEncN
% SegEncNE
% SegEncE
% SegEncSE
% SegEncS
% SegEncSW
% SegEncW
% Event Number { 0, inf }
% Task Type { 0=Color/Sound, 1=Shape/Sound, 2=Sound, 3=Navigation, 4=Speed, 5=Training 6=Recess, 7=Special 2-Back }
% N-Back { 0, inf }
% Navigation Level { 0, inf }
% Player Loc { 0=Northwest ... 7=West }
% Pod Loc { -1=N/A, 0=Northwest ... 7=West }
% Pod Color { -1, inf }
% Pod Shape { -1, inf }
% Pod Sound { -1, inf }
% Pod Match { -1=N/A, 0=No, 1=Yes }
% Pod Taken { -1=N/A, 0=No, 1=Yes }
% Timestamp (ms)
% Num Obstacles { 0, inf }
% Min Speed { 0, inf }
% Max Speed { 0, inf }
% Base Speed { 0, inf }
% Final Speed { 0, inf }
% Navigation Score { 0, inf }
% Segment Direction { 0=Northwest ... 7=West }
% Segment Angle { 0, inf }
% Segment Panels { 0, inf }
%
% SegEncNW SecEncN SegEncNE SegEncE SegEncSE SegEncS SegEncSW SegEncW EventNumber TaskType N-Back Navigation PlayerLoc PodLoc PodColor PodShape PodSound PodMatch PodTaken Timestamp NumObs MinSpeed MaxSpeed BaseSpeed FinalSpeed NavScore SegmentDir SegmentAngle SegmentPanels
0 0 0 0 1 6 1 0 0 3 1 0 5 -1 -1 -1 -1 -1 -1 15433 0 15 40 15 60 2 8 0 3
0 0 0 0 1 6 1 0 0 3 1 0 5 -1 -1 -1 -1 -1 -1 15533 0 15 40 15 60 2 8 0 3
0 0 0 0 1 6 1 0 0 3 1 0 5 -1 -1 -1 -1 -1 -1 15700 0 15 40 15 60 2 8 0 3
0 0 0 0 1 6 1 0 0 3 1 0 5 -1 -1 -1 -1 -1 -1 15866 0 15 40 15 60 2 6 2 3
0 0 0 0 1 6 1 0 0 3 1 0 5 -1 -1 -1 -1 -1 -1 16033 0 15 40 15 50 2 6 2 3
0 0 0 0 1 6 1 0 0 3 1 0 5 -1 -1 -1 -1 -1 -1 16333 0 15 40 15 20 2 6 2 3
0 0 0 0 1 6 1 0 0 3 1 0 5 -1 -1 -1 -1 -1 -1 17266 0 15 40 15 10 2 6 2 3
0 0 0 0 1 6 1 0 0 3 1 0 5 -1 -1 -1 -1 -1 -1 18266 0 15 40 15 10 2 4 2 3
0 0 0 0 1 6 1 0 0 3 1 0 5 -1 -1 -1 -1 -1 -1 19266 0 15 40 15 10 2 4 2 3
0 0 0 0 6 1 1 0 0 3 1 0 4 -1 -1 -1 -1 -1 -1 20266 0 15 40 15 10 2 4 2 3
0 0 0 0 6 1 1 0 0 3 1 0 4 -1 -1 -1 -1 -1 -1 21266 0 15 40 15 10 2 4 2 3
0 0 0 0 7 1 1 0 0 3 1 0 4 4 5 4 4 1 1 22266 0 15 40 15 10 2 6 2 3
0 0 0 0 1 6 1 0 0 3 1 0 5 -1 -1 -1 -1 -1 -1 23266 0 15 40 15 10 2 6 2 3
0 0 0 0 1 6 1 0 0 3 1 0 5 -1 -1 -1 -1 -1 -1 24233 0 15 40 15 12.5 2 6 2 3
0 0 0 0 1 6 1 0 0 3 1 0 5 -1 -1 -1 -1 -1 -1 25033 0 15 40 15 12.5 2 6 2 3
0 0 0 0 1 7 1 0 0 3 1 0 5 5 5 4 4 1 1 25833 0 15 40 15 10.8333 2 5 2 3
0 0 0 0 1 6 1 0 0 3 1 0 5 -1 -1 -1 -1 -1 -1 26633 0 15 40 16 13 2 5 2 3
0 0 0 0 6 1 1 0 0 3 1 0 4 -1 -1 -1 -1 -1 -1 27399 0 15 40 16 13 2 5 2 3
0 0 0 0 6 1 1 0 0 3 1 0 4 -1 -1 -1 -1 -1 -1 28066 0 15 40 16 16.25 2 5 2 3
0 0 0 0 7 1 1 0 0 3 1 0 4 4 5 4 4 1 1 28666 0 15 40 16 16.25 2 5 2 3
0 0 0 0 1 6 1 0 0 3 1 0 5 -1 -1 -1 -1 -1 -1 29299 0 15 40 16 14.7333 2 5 2 3
0 0 0 0 1 6 1 0 0 3 1 0 5 -1 -1 -1 -1 -1 -1 30033 0 15 40 16 13 2 5 2 3
0 0 0 0 1 6 1 0 0 3 1 0 5 -1 -1 -1 -1 -1 -1 30666 0 15 40 16 16.25 2 5 2 3
0 0 0 1 1 7 1 1 0 3 1 0 5 5 5 4 4 1 1 31266 0 15 40 16 16.25 2 5 2 5
0 0 0 1 1 6 1 1 0 3 1 1 5 -1 -1 -1 -1 -1 -1 31799 0 15 40 17 18.1333 2 5 2 5
0 0 0 1 1 6 1 1 0 3 1 1 5 -1 -1 -1 -1 -1 -1 32333 0 15 40 17 20 2 5 2 5
0 0 0 1 1 6 1 1 0 3 1 1 5 -1 -1 -1 -1 -1 -1 32833 0 15 40 17 20 2 5 2 5
0 0 0 1 1 7 1 1 0 3 1 1 5 5 5 4 4 1 1 33333 0 15 40 17 20 2 4 2 5
0 0 0 1 1 6 1 1 0 3 1 1 5 -1 -1 -1 -1 -1 -1 33866 0 15 40 17 17.8667 2 4 2 5
0 0 0 6 1 1 1 1 0 3 1 1 3 -1 -1 -1 -1 -1 -1 34466 0 15 40 17 16 2 4 2 5
0 0 0 6 1 1 1 1 0 3 1 1 3 -1 -1 -1 -1 -1 -1 34966 0 15 40 17 20 2 4 2 5
0 0 0 7 1 1 1 1 0 3 1 1 3 3 5 4 4 1 1 35466 0 15 40 17 20 2 8 0 5
0 0 0 6 1 1 1 1 0 3 1 1 3 -1 -1 -1 -1 -1 -1 35899 0 15 40 18 23.75 2 8 0 5
0 0 0 1 6 1 1 1 0 3 1 1 4 -1 -1 -1 -1 -1 -1 36333 0 15 40 18 20.9 2 8 0 5
0 0 0 1 1 6 1 1 0 3 1 1 5 -1 -1 -1 -1 -1 -1 36833 0 15 40 18 23.75 2 8 0 5
0 0 0 1 1 7 1 1 0 3 1 1 5 5 5 4 4 1 1 37266 0 15 40 18 23.75 2 6 2 5
0 0 0 1 1 6 1 1 0 3 1 1 5 -1 -1 -1 -1 -1 -1 37666 0 15 40 18 23.75 2 6 2 5
0 0 0 1 6 1 1 1 0 3 1 1 4 -1 -1 -1 -1 -1 -1 38099 0 15 40 18 23.75 2 6 2 5
0 0 0 1 6 1 1 1 0 3 1 1 4 -1 -1 -1 -1 -1 -1 38533 0 15 40 18 23.75 2 6 2 5
0 0 0 1 7 1 1 1 0 3 1 1 4 4 5 4 4 1 1 38933 0 15 40 18 23.75 2 4 2 5
0 0 0 1 6 1 1 1 0 3 1 1 4 -1 -1 -1 -1 -1 -1 39333 0 15 40 19 26.25 2 4 2 5
0 0 0 1 6 1 1 1 0 3 1 1 4 -1 -1 -1 -1 -1 -1 39699 0 15 40 19 26.25 2 4 2 5
0 0 0 1 6 1 1 1 0 3 1 1 4 -1 -1 -1 -1 -1 -1 40099 0 15 40 19 23.8 2 4 2 5
0 0 0 1 7 1 1 1 0 3 1 1 4 4 5 4 4 1 1 40566 0 15 40 19 21 2 6 2 5
0 0 0 1 6 1 1 1 0 3 1 1 4 -1 -1 -1 -1 -1 -1 41033 0 15 40 19 21 2 6 2 5
0 0 0 1 6 1 1 1 0 3 1 1 4 -1 -1 -1 -1 -1 -1 41499 0 15 40 19 21 2 6 2 5
0 0 0 1 6 1 1 1 0 3 1 1 4 -1 -1 -1 -1 -1 -1 41966 0 15 40 19 26.25 2 6 2 5
0 0 0 1 7 1 1 1 0 3 1 1 4 4 5 4 4 1 1 42333 0 15 40 19 26.25 2 5 2 5
0 0 0 1 6 1 1 1 0 3 1 2 4 -1 -1 -1 -1 -1 -1 42699 0 15 40 20 27.5 2 5 2 5
0 0 0 1 6 1 1 1 0 3 1 2 4 -1 -1 -1 -1 -1 -1 43066 0 15 40 20 27.5 2 5 2 5
0 0 0 1 6 1 1 1 0 3 1 2 4 -1 -1 -1 -1 -1 -1 43433 0 15 40 20 26.4 2 5 2 5
0 0 0 1 7 1 1 1 0 3 1 2 4 4 5 4 4 1 1 43833 0 15 40 20 22 2 5 2 5
0 0 0 1 1 6 1 1 0 3 1 2 5 -1 -1 -1 -1 -1 -1 44299 0 15 40 20 22 2 5 2 5
0 0 0 1 4 6 1 1 0 3 1 2 5 -1 -1 -1 -1 -1 -1 44766 1 15 40 20 22 2 5 2 5
0 0 0 1 6 1 1 1 0 3 1 2 4 -1 -1 -1 -1 -1 -1 45199 0 15 40 20 22 2 5 2 5
0 0 0 1 7 1 1 1 0 3 1 2 4 4 5 4 4 1 1 45632 0 15 40 20 27.5 2 5 2 5
0 0 0 1 6 1 1 1 0 3 1 2 4 -1 -1 -1 -1 -1 -1 45966 0 15 40 21 28.75 2 5 2 5
0 0 0 1 6 1 4 1 0 3 1 2 4 -1 -1 -1 -1 -1 -1 46332 1 15 40 21 28.75 2 5 2 5
0 0 0 6 1 1 1 1 0 3 1 2 3 -1 -1 -1 -1 -1 -1 46666 0 15 40 21 28.75 2 5 2 5
0 0 0 7 1 1 1 1 0 3 1 2 3 3 5 4 4 1 1 46999 0 15 40 21 28.3667 2 4 2 5
0 0 0 6 1 1 1 1 0 3 1 2 3 -1 -1 -1 -1 -1 -1 47399 0 15 40 21 23.7667 2 4 2 5
0 0 0 6 4 1 1 1 0 3 1 2 3 -1 -1 -1 -1 -1 -1 47832 1 15 40 21 23 2 4 2 5
0 0 0 1 6 1 1 1 0 3 1 2 4 -1 -1 -1 -1 -1 -1 48266 0 15 40 21 23 2 4 2 5
0 0 0 1 7 1 1 1 0 3 1 2 4 4 5 4 4 1 1 48699 0 15 40 21 23 2 8 0 5
0 0 0 1 1 6 1 1 0 3 1 2 5 -1 -1 -1 -1 -1 -1 49132 0 15 40 22 24 2 8 0 5
0 0 0 4 1 6 1 1 0 3 1 2 5 -1 -1 -1 -1 -1 -1 49532 1 15 40 22 24 2 8 0 5
0 0 0 1 1 6 1 1 0 3 1 2 5 -1 -1 -1 -1 -1 -1 49966 0 15 40 22 24 2 8 0 5
0 0 0 1 7 1 1 1 0 3 1 2 4 4 5 4 4 1 1 50366 0 15 40 22 24 2 6 2 5
0 0 0 1 6 1 1 1 0 3 1 2 4 -1 -1 -1 -1 -1 -1 50799 0 15 40 22 24 2 6 2 5
0 0 0 4 1 6 1 1 0 3 1 2 5 -1 -1 -1 -1 -1 -1 51199 1 15 40 22 24 2 6 2 5
0 0 0 1 6 1 1 1 0 3 1 2 4 -1 -1 -1 -1 -1 -1 51632 0 15 40 22 24 2 6 2 5
0 0 0 1 7 1 1 1 0 3 1 2 4 4 5 4 4 1 1 52032 0 15 40 22 24 2 4 2 5
0 0 0 1 1 6 1 1 0 3 1 2 5 -1 -1 -1 -1 -1 -1 52432 0 15 40 23 25 2 4 2 5
0 0 0 1 4 1 6 1 0 3 1 2 6 -1 -1 -1 -1 -1 -1 52832 1 15 40 23 25 2 4 2 5
0 0 0 1 1 1 6 1 0 3 1 2 6 -1 -1 -1 -1 -1 -1 53232 0 15 40 23 25 2 4 2 5
0 0 0 1 1 1 7 1 0 3 1 2 6 6 5 4 4 1 1 53632 0 15 40 23 25 2 6 2 5
0 0 0 1 1 1 6 1 0 3 1 2 6 -1 -1 -1 -1 -1 -1 54032 0 15 40 23 25 2 6 2 5
0 0 0 1 1 1 6 4 0 3 1 2 6 -1 -1 -1 -1 -1 -1 54432 1 15 40 23 25 2 6 2 5
0 0 0 1 1 1 6 1 0 3 1 2 6 -1 -1 -1 -1 -1 -1 54832 0 15 40 23 25 2 6 2 5
0 0 0 1 1 1 7 1 0 3 1 2 6 6 5 4 4 1 1 55232 0 15 40 23 25 2 5 2 5
0 0 0 1 1 1 6 1 0 3 1 2 6 -1 -1 -1 -1 -1 -1 55632 0 15 40 24 25.5 2 5 2 5
0 0 0 1 1 1 6 4 0 3 1 2 6 -1 -1 -1 -1 -1 -1 56032 1 15 40 24 25.5 2 5 2 5
0 0 0 1 1 1 1 6 0 3 1 2 7 -1 -1 -1 -1 -1 -1 56399 0 15 40 24 25.5 2 5 2 5
0 0 0 1 1 1 1 7 0 3 1 2 7 7 5 4 4 1 1 56799 0 15 40 24 25.5 2 5 2 5
0 0 0 1 1 1 6 1 0 3 1 2 6 -1 -1 -1 -1 -1 -1 57199 0 15 40 24 25.5 2 5 2 5
0 0 0 1 1 1 6 4 0 3 1 2 6 -1 -1 -1 -1 -1 -1 57599 1 15 40 24 25.5 2 5 2 5
0 0 0 1 1 1 6 1 0 3 1 2 6 -1 -1 -1 -1 -1 -1 57999 0 15 40 24 25.5 2 5 2 5
0 0 0 1 1 1 7 1 0 3 1 2 6 6 5 4 4 1 1 58366 0 15 40 24 25.5 2 5 2 5
0 0 0 1 1 1 6 1 0 3 1 2 6 -1 -1 -1 -1 -1 -1 58766 0 15 40 25 26 2 5 2 5
0 0 0 1 4 1 1 6 0 3 1 2 7 -1 -1 -1 -1 -1 -1 59132 1 15 40 25 26 2 5 2 5
0 0 0 1 1 1 1 6 0 3 1 2 7 -1 -1 -1 -1 -1 -1 59532 0 15 40 25 26 2 5 2 5
0 0 0 1 1 1 1 7 0 3 1 2 7 7 5 4 4 1 1 59899 0 15 40 25 26 2 4 2 5
0 0 0 1 1 1 1 6 0 3 1 2 7 -1 -1 -1 -1 -1 -1 60299 0 15 40 25 26 2 4 2 5
0 0 0 1 4 1 1 6 0 3 1 2 7 -1 -1 -1 -1 -1 -1 60699 1 15 40 25 26 2 4 2 5
0 0 0 1 1 1 1 6 0 3 1 2 7 -1 -1 -1 -1 -1 -1 61066 0 15 40 25 26 2 4 2 5
0 0 0 1 1 1 1 7 0 3 1 2 7 7 5 4 4 1 1 61466 0 15 40 25 26 2 8 0 5
0 0 0 1 1 1 1 6 0 3 1 2 7 -1 -1 -1 -1 -1 -1 61832 0 15 40 26 26.5 2 8 0 5
0 0 0 1 4 1 6 1 0 3 1 2 6 -1 -1 -1 -1 -1 -1 62199 1 15 40 26 26.5 2 8 0 5
0 0 0 1 1 1 6 1 0 3 1 2 6 -1 -1 -1 -1 -1 -1 62599 0 15 40 26 26.5 2 8 0 5
0 0 0 1 1 1 7 1 0 3 1 2 6 6 5 4 4 1 1 62966 0 15 40 26 26.5 2 6 2 5
0 0 0 1 1 1 6 1 0 3 1 2 6 -1 -1 -1 -1 -1 -1 63332 0 15 40 26 26.5 2 6 2 5
0 0 0 4 1 6 1 1 0 3 1 2 5 -1 -1 -1 -1 -1 -1 63732 1 15 40 26 26.5 2 6 2 5
0 0 0 1 6 1 1 1 0 3 1 2 4 -1 -1 -1 -1 -1 -1 64099 0 15 40 26 26.5 2 6 2 5
0 0 0 1 7 1 1 1 0 3 1 2 4 4 5 4 4 1 1 64466 0 15 40 26 26.5 2 4 2 5
0 0 0 1 6 1 1 1 0 3 1 2 4 -1 -1 -1 -1 -1 -1 64832 0 15 40 27 27 2 4 2 5
0 0 0 1 6 4 1 1 0 3 1 2 4 -1 -1 -1 -1 -1 -1 65199 1 15 40 27 27 2 4 2 5
0 0 0 6 1 1 1 1 0 3 1 2 3 -1 -1 -1 -1 -1 -1 65599 0 15 40 27 27 2 4 2 5
0 0 0 7 1 1 1 1 0 3 1 2 3 3 5 4 4 1 1 65966 0 15 40 27 27 2 6 2 5
0 0 0 6 1 1 1 1 0 3 1 2 3 -1 -1 -1 -1 -1 -1 66332 0 15 40 27 27 2 6 2 5
0 0 0 6 4 1 1 1 0 3 1 2 3 -1 -1 -1 -1 -1 -1 66699 1 15 40 27 27 2 6 2 5
0 0 0 1 6 1 1 1 0 3 1 2 4 -1 -1 -1 -1 -1 -1 67065 0 15 40 27 27 2 6 2 5
0 0 0 1 7 1 1 1 0 3 1 2 4 4 5 4 4 1 1 67432 0 15 40 27 27 2 5 2 5
0 0 0 1 6 1 1 1 0 3 1 2 4 -1 -1 -1 -1 -1 -1 67799 0 15 40 28 27.5 2 5 2 5
0 0 0 4 6 1 1 1 0 3 1 2 4 -1 -1 -1 -1 -1 -1 68165 1 15 40 28 27.5 2 5 2 5
0 0 0 6 1 1 1 1 0 3 1 2 3 -1 -1 -1 -1 -1 -1 68532 0 15 40 28 27.5 2 5 2 5
0 0 0 7 1 1 1 1 0 3 1 2 3 3 5 4 4 1 1 68899 0 15 40 28 27.5 2 5 2 5
0 0 0 1 6 1 1 1 0 3 1 2 4 -1 -1 -1 -1 -1 -1 69265 0 15 40 28 27.5 2 5 2 5
0 0 0 4 6 1 1 1 0 3 1 2 4 -1 -1 -1 -1 -1 -1 69632 1 15 40 28 27.5 2 5 2 5
0 0 0 6 1 1 1 1 0 3 1 2 3 -1 -1 -1 -1 -1 -1 69965 0 15 40 28 27.5 2 5 2 5
0 0 0 7 1 1 1 1 0 3 1 2 3 3 5 4 4 1 1 70332 0 15 40 28 27.5 2 5 2 5
0 0 0 6 1 1 1 1 0 3 1 2 3 -1 -1 -1 -1 -1 -1 70699 0 15 40 29 28 2 5 2 5
0 0 0 1 6 1 1 4 0 3 1 2 4 -1 -1 -1 -1 -1 -1 71065 1 15 40 29 28 2 5 2 5
0 0 0 1 6 1 1 1 0 3 1 2 4 -1 -1 -1 -1 -1 -1 71432 0 15 40 29 28 2 5 2 5
0 0 0 1 7 1 1 1 0 3 1 2 4 4 5 4 4 1 1 71765 0 15 40 29 28 2 4 2 5
0 0 0 1 6 1 1 1 0 3 1 2 4 -1 -1 -1 -1 -1 -1 72132 0 15 40 29 28 2 4 2 5
0 0 0 1 6 4 1 1 0 3 1 2 4 -1 -1 -1 -1 -1 -1 72499 1 15 40 29 28 2 4 2 5
0 0 0 1 1 6 1 1 0 3 1 2 5 -1 -1 -1 -1 -1 -1 72832 0 15 40 29 28 2 4 2 5
0 0 0 1 1 1 7 1 0 3 1 2 6 6 5 4 4 1 1 73199 0 15 40 29 28 2 8 0 5
0 0 0 1 1 1 6 1 0 3 1 2 6 -1 -1 -1 -1 -1 -1 73565 0 15 40 30 28.5 2 8 0 5
0 0 0 4 1 6 1 1 0 3 1 2 5 -1 -1 -1 -1 -1 -1 73899 1 15 40 30 28.5 2 8 0 5
0 0 0 1 6 1 1 1 0 3 1 2 4 -1 -1 -1 -1 -1 -1 74265 0 15 40 30 28.5 2 8 0 5
0 0 0 1 7 1 1 1 0 3 1 2 4 4 5 4 4 1 1 74599 0 15 40 30 28.5 2 6 2 5
0 0 0 1 6 1 1 1 0 3 1 2 4 -1 -1 -1 -1 -1 -1 74965 0 15 40 30 28.5 2 6 2 5
0 0 0 1 1 6 1 4 0 3 1 2 5 -1 -1 -1 -1 -1 -1 75299 1 15 40 30 28.5 2 6 2 5
0 0 0 0 1 6 1 0 1 4 1 0 5 -1 -1 -1 -1 -1 -1 150903 0 15 40 15 60 2 8 0 3
0 0 0 0 1 6 1 0 1 4 1 0 5 -1 -1 -1 -1 -1 -1 151069 0 15 40 15 60 2 8 0 3
0 0 0 0 1 6 1 0 1 4 1 0 5 -1 -1 -1 -1 -1 -1 151236 0 15 40 15 60 2 4 2 3
0 0 0 0 1 6 1 0 1 4 1 0 5 -1 -1 -1 -1 -1 -1 151403 0 15 40 15 50 2 4 2 3
0 0 0 0 1 6 1 0 1 4 1 0 5 -1 -1 -1 -1 -1 -1 151703 0 15 40 15 20 2 4 2 3
0 0 0 0 1 6 1 0 1 4 1 0 5 -1 -1 -1 -1 -1 -1 152636 0 15 40 15 10 2 4 2 3
0 0 0 0 1 6 1 0 1 4 1 0 5 -1 -1 -1 -1 -1 -1 153637 0 15 40 15 10 2 4 2 3
0 0 0 0 1 6 1 0 1 4 1 0 5 -1 -1 -1 -1 -1 -1 154637 0 15 40 15 10 2 4 2 3
0 0 0 0 1 6 1 0 1 4 1 0 5 -1 -1 -1 -1 -1 -1 155637 0 15 40 15 10 2 4 2 3
0 0 0 0 1 6 1 0 1 4 1 0 5 -1 -1 -1 -1 -1 -1 156637 0 15 40 15 10 2 4 2 3
0 0 0 0 1 6 3 0 1 4 1 0 5 6 0 6 1 0 0 157638 0 15 40 15 10 2 4 2 3
0 0 0 0 1 6 1 0 1 4 1 0 5 -1 -1 -1 -1 -1 -1 158638 0 15 40 15 10 2 4 2 3
0 0 0 0 1 6 1 0 1 4 1 0 5 -1 -1 -1 -1 -1 -1 159638 0 15 40 15 10 2 4 2 3
0 0 0 0 1 6 1 0 1 4 1 0 5 -1 -1 -1 -1 -1 -1 160638 0 15 40 15 10 2 4 2 3
0 0 0 0 3 6 1 0 1 4 1 0 5 4 3 8 3 0 0 161638 0 15 40 15 10 2 4 2 3
0 0 0 0 1 6 1 0 1 4 1 0 5 -1 -1 -1 -1 -1 -1 162639 0 15 40 15 10 2 4 2 3
0 0 0 0 6 1 1 0 1 4 1 0 4 -1 -1 -1 -1 -1 -1 163639 0 15 40 15 10 2 4 2 3
0 0 0 0 6 1 1 0 1 4 1 0 4 -1 -1 -1 -1 -1 -1 164639 0 15 40 15 10 2 4 2 3
0 0 0 0 6 3 1 0 1 4 1 0 4 5 2 5 0 0 0 165639 0 15 40 15 10 2 6 2 3
0 0 0 0 6 1 1 0 1 4 1 0 4 -1 -1 -1 -1 -1 -1 166639 0 15 40 15 10 2 6 2 3
0 0 0 0 6 1 1 0 1 4 1 0 4 -1 -1 -1 -1 -1 -1 167640 0 15 40 15 10 2 6 2 3
0 0 0 0 6 1 1 0 1 4 1 0 4 -1 -1 -1 -1 -1 -1 168640 0 15 40 15 10 2 6 2 3
0 0 0 0 6 3 1 0 1 4 1 0 4 5 3 8 3 0 0 169640 0 15 40 15 10 2 6 2 3
0 0 0 0 6 1 1 0 1 4 1 0 4 -1 -1 -1 -1 -1 -1 170640 0 15 40 15 10 2 6 2 3
0 0 0 0 1 6 1 0 1 4 1 0 5 -1 -1 -1 -1 -1 -1 171641 0 15 40 15 10 2 6 2 3
0 0 0 0 1 6 1 0 1 4 1 0 5 -1 -1 -1 -1 -1 -1 172641 0 15 40 15 10 2 6 2 3
0 0 0 1 1 7 1 1 1 4 1 0 5 5 3 8 3 1 1 173641 0 15 40 15 10 2 4 2 5
0 0 0 1 1 6 1 1 1 4 1 1 5 -1 -1 -1 -1 -1 -1 174641 0 15 40 15 10 2 4 2 5
0 0 0 1 6 1 1 1 1 4 1 1 4 -1 -1 -1 -1 -1 -1 175641 0 15 40 15 10 2 4 2 5
0 0 0 1 6 1 1 1 1 4 1 1 4 -1 -1 -1 -1 -1 -1 176642 0 15 40 15 10 2 4 2 5
0 0 0 1 6 3 1 1 1 4 1 1 4 5 0 6 1 0 0 177642 0 15 40 15 10 2 8 0 5
0 0 0 1 6 1 1 1 1 4 1 1 4 -1 -1 -1 -1 -1 -1 178642 0 15 40 15 10 2 8 0 5
0 0 0 1 6 1 1 1 1 4 1 1 4 -1 -1 -1 -1 -1 -1 179642 0 15 40 15 10 2 8 0 5
0 0 0 1 6 1 1 1 1 4 1 1 4 -1 -1 -1 -1 -1 -1 180642 0 15 40 15 10 2 8 0 5
0 0 0 1 6 3 1 1 1 4 1 1 4 5 2 5 0 0 0 181643 0 15 40 15 10 2 4 2 5
0 0 0 1 1 6 1 1 1 4 1 1 5 -1 -1 -1 -1 -1 -1 182643 0 15 40 15 10 2 4 2 5
0 0 0 1 1 6 1 1 1 4 1 1 5 -1 -1 -1 -1 -1 -1 183643 0 15 40 15 10 2 4 2 5
0 0 0 1 1 6 1 1 1 4 1 1 5 -1 -1 -1 -1 -1 -1 184643 0 15 40 15 10 2 4 2 5
0 0 0 1 1 7 1 1 1 4 1 1 5 5 2 5 0 1 1 185644 0 15 40 15 10 2 4 2 5
0 0 0 1 6 1 1 1 1 4 1 1 4 -1 -1 -1 -1 -1 -1 186444 0 15 40 16 13 2 4 2 5
0 0 0 6 1 1 1 1 1 4 1 1 3 -1 -1 -1 -1 -1 -1 187211 0 15 40 16 13 2 4 2 5
0 0 0 6 1 1 1 1 1 4 1 1 3 -1 -1 -1 -1 -1 -1 187977 0 15 40 16 13 2 4 2 5
0 0 0 7 1 1 1 1 1 4 1 1 3 3 2 5 0 1 1 188744 0 15 40 16 13 2 4 2 5
0 0 0 6 1 1 1 1 1 4 1 1 3 -1 -1 -1 -1 -1 -1 189544 0 15 40 16 13 2 4 2 5
0 0 0 6 1 1 1 1 1 4 1 1 3 -1 -1 -1 -1 -1 -1 190311 0 15 40 16 13 2 4 2 5
0 0 0 6 1 1 1 1 1 4 1 1 3 -1 -1 -1 -1 -1 -1 191078 0 15 40 16 13 2 4 2 5
0 0 0 6 1 3 1 1 1 4 1 1 3 5 0 6 1 0 0 191845 0 15 40 16 13 2 4 2 5
0 0 0 6 1 1 1 1 1 4 1 1 3 -1 -1 -1 -1 -1 -1 192612 0 15 40 16 13 2 4 2 5
0 0 0 6 1 1 1 1 1 4 1 1 3 -1 -1 -1 -1 -1 -1 193379 0 15 40 16 13 2 4 2 5
0 0 0 6 1 1 1 1 1 4 1 1 3 -1 -1 -1 -1 -1 -1 194145 0 15 40 16 13 2 4 2 5
0 0 0 6 1 1 3 1 1 4 1 1 3 6 3 8 3 0 0 194912 0 15 40 16 13 2 6 2 5
0 0 0 6 1 1 1 1 1 4 1 1 3 -1 -1 -1 -1 -1 -1 195679 0 15 40 16 13 2 6 2 5
0 0 0 6 1 1 1 1 1 4 1 1 3 -1 -1 -1 -1 -1 -1 196446 0 15 40 16 13 2 6 2 5
0 0 0 6 1 1 1 1 1 4 1 1 3 -1 -1 -1 -1 -1 -1 197213 0 15 40 16 13 2 6 2 5
0 0 0 6 1 3 1 1 1 4 1 1 3 5 1 7 2 0 0 197980 0 15 40 16 13 2 6 2 5
0 0 0 6 1 1 1 1 1 4 1 2 3 -1 -1 -1 -1 -1 -1 198746 0 15 40 16 13 2 6 2 5
0 0 0 6 1 1 1 1 1 4 1 2 3 -1 -1 -1 -1 -1 -1 199547 0 15 40 16 13 2 6 2 5
0 0 0 6 1 1 1 1 1 4 1 2 3 -1 -1 -1 -1 -1 -1 200313 0 15 40 16 13 2 6 2 5
0 0 0 6 3 1 1 1 1 4 1 2 3 4 2 5 0 0 0 201080 0 15 40 16 13 2 4 2 5
0 0 0 6 1 1 1 1 1 4 1 2 3 -1 -1 -1 -1 -1 -1 201847 0 15 40 16 13 2 4 2 5
0 0 0 6 1 4 1 1 1 4 1 2 3 -1 -1 -1 -1 -1 -1 202614 1 15 40 16 13 2 4 2 5
0 0 0 1 1 6 1 1 1 4 1 2 5 -1 -1 -1 -1 -1 -1 203381 0 15 40 16 13 2 4 2 5
0 0 0 1 1 7 1 1 1 4 1 2 5 5 2 5 0 1 1 204147 0 15 40 16 13 2 8 0 5
0 0 0 1 1 6 1 1 1 4 1 2 5 -1 -1 -1 -1 -1 -1 204781 0 15 40 17 16 2 8 0 5
0 0 0 1 6 4 1 1 1 4 1 2 4 -1 -1 -1 -1 -1 -1 205414 1 15 40 17 16 2 8 0 5
0 0 0 1 1 6 1 1 1 4 1 2 5 -1 -1 -1 -1 -1 -1 206048 0 15 40 17 16 2 8 0 5
0 0 0 1 1 6 1 3 1 4 1 2 5 7 3 8 3 0 0 206681 0 15 40 17 16 2 4 2 5
0 0 0 1 1 6 1 1 1 4 1 2 5 -1 -1 -1 -1 -1 -1 207281 0 15 40 17 16 2 4 2 5
0 0 0 1 4 1 6 1 1 4 1 2 6 -1 -1 -1 -1 -1 -1 207915 1 15 40 17 16 2 4 2 5
0 0 0 1 1 1 6 1 1 4 1 2 6 -1 -1 -1 -1 -1 -1 208548 0 15 40 17 16 2 4 2 5
0 0 0 1 1 1 7 1 1 4 1 2 6 6 3 8 3 1 1 209182 0 15 40 17 16 2 4 2 5
0 0 0 1 1 1 6 1 1 4 1 2 6 -1 -1 -1 -1 -1 -1 209782 0 15 40 17 16 2 4 2 5
0 0 0 4 1 1 6 1 1 4 1 2 6 -1 -1 -1 -1 -1 -1 210415 1 15 40 17 16 2 4 2 5
0 0 0 1 1 1 6 1 1 4 1 2 6 -1 -1 -1 -1 -1 -1 211049 0 15 40 17 16 2 4 2 5
0 0 0 1 3 1 6 1 1 4 1 2 6 4 1 7 2 0 0 211682 0 15 40 17 16 2 4 2 5
0 0 0 1 1 1 6 1 1 4 1 2 6 -1 -1 -1 -1 -1 -1 212283 0 15 40 17 16 2 4 2 5
0 0 0 4 1 1 6 1 1 4 1 2 6 -1 -1 -1 -1 -1 -1 212916 1 15 40 17 16 2 4 2 5
0 0 0 1 1 1 6 1 1 4 1 2 6 -1 -1 -1 -1 -1 -1 213549 0 15 40 17 16 2 4 2 5
0 0 0 1 3 1 6 1 1 4 1 2 6 4 2 5 0 0 0 214183 0 15 40 17 16 2 4 2 5
0 0 0 1 1 1 6 1 1 4 1 2 6 -1 -1 -1 -1 -1 -1 214783 0 15 40 17 16 2 4 2 5
0 0 0 1 1 1 6 4 1 4 1 2 6 -1 -1 -1 -1 -1 -1 215417 1 15 40 17 16 2 4 2 5
0 0 0 1 1 1 6 1 1 4 1 2 6 -1 -1 -1 -1 -1 -1 216050 0 15 40 17 16 2 4 2 5
0 0 0 1 1 1 7 1 1 4 1 2 6 6 2 5 0 1 1 216683 0 15 40 17 16 2 6 2 5
0 0 0 1 1 1 6 1 1 4 1 2 6 -1 -1 -1 -1 -1 -1 217217 0 15 40 18 19 2 6 2 5
0 0 0 4 1 1 6 1 1 4 1 2 6 -1 -1 -1 -1 -1 -1 217750 1 15 40 18 19 2 6 2 5
0 0 0 1 1 1 6 1 1 4 1 2 6 -1 -1 -1 -1 -1 -1 218250 0 15 40 18 19 2 6 2 5
0 0 0 1 1 3 6 1 1 4 1 2 6 5 3 8 3 0 0 218784 0 15 40 18 19 2 6 2 5
0 0 0 1 1 1 6 1 1 4 1 2 6 -1 -1 -1 -1 -1 -1 219317 0 15 40 18 19 2 6 2 5
0 0 0 1 1 6 1 4 1 4 1 2 5 -1 -1 -1 -1 -1 -1 219851 1 15 40 18 19 2 6 2 5
0 0 0 1 1 6 1 1 1 4 1 2 5 -1 -1 -1 -1 -1 -1 220384 0 15 40 18 19 2 6 2 5
0 0 0 1 1 6 3 1 1 4 1 2 5 6 0 6 1 0 0 220884 0 15 40 18 19 2 4 2 5
0 0 0 1 1 6 1 1 1 4 1 2 5 -1 -1 -1 -1 -1 -1 221418 0 15 40 18 19 2 4 2 5
0 0 0 1 6 1 4 1 1 4 1 2 4 -1 -1 -1 -1 -1 -1 221951 1 15 40 18 19 2 4 2 5
0 0 0 1 6 1 1 1 1 4 1 2 4 -1 -1 -1 -1 -1 -1 222485 0 15 40 18 19 2 4 2 5
0 0 0 1 1 6 1 1 2 0 1 2 5 -1 -1 -1 -1 -1 -1 257691 0 15 16 16 60 2 8 0 5
0 0 0 1 1 6 1 1 2 0 1 2 5 -1 -1 -1 -1 -1 -1 257858 0 15 16 16 60 2 8 0 5
0 0 0 1 1 6 1 1 2 0 1 2 5 -1 -1 -1 -1 -1 -1 258025 0 15 16 16 60 2 6 2 5
0 0 0 1 1 6 1 1 2 0 1 2 5 -1 -1 -1 -1 -1 -1 258191 0 15 16 16 50.6 2 6 2 5
0 0 0 1 1 6 1 1 2 0 1 2 5 -1 -1 -1 -1 -1 -1 258458 0 15 16 16 25.5333 2 6 2 5
0 0 0 1 1 6 1 1 2 0 1 2 5 -1 -1 -1 -1 -1 -1 259191 0 15 16 16 13 2 6 2 5
0 0 0 1 1 6 1 1 2 0 1 2 5 -1 -1 -1 -1 -1 -1 259958 0 15 16 16 13 2 4 2 5
0 0 0 1 1 6 1 1 2 0 1 2 5 -1 -1 -1 -1 -1 -1 260724 0 15 16 16 13 2 4 2 5
0 0 0 1 1 6 1 1 2 0 1 2 5 -1 -1 -1 -1 -1 -1 261491 0 15 16 16 13 2 4 2 5
0 0 0 1 1 6 1 1 2 0 1 2 5 -1 -1 -1 -1 -1 -1 262257 0 15 16 16 13 2 4 2 5
0 0 0 1 1 1 6 3 2 0 1 2 6 7 1 4 2 0 0 263024 0 15 16 16 13 2 4 2 5
0 0 0 1 1 1 1 6 2 0 1 2 7 -1 -1 -1 -1 -1 -1 263790 0 15 16 16 13 2 4 2 5
0 0 0 1 1 4 1 6 2 0 1 2 7 -1 -1 -1 -1 -1 -1 264556 1 15 16 16 13 2 4 2 5
0 0 0 1 1 1 1 6 2 0 1 2 7 -1 -1 -1 -1 -1 -1 265323 0 15 16 16 13 2 4 2 5
0 0 0 1 1 1 1 7 2 0 1 2 7 7 1 4 2 1 1 266089 0 15 16 16 13 2 5 2 5
0 0 0 1 1 1 1 6 2 0 1 2 7 -1 -1 -1 -1 -1 -1 266889 0 15 16 16 13 2 5 2 5
0 0 0 1 4 1 1 6 2 0 1 2 7 -1 -1 -1 -1 -1 -1 267656 1 15 16 16 13 2 5 2 5
0 0 0 1 1 1 1 6 2 0 1 2 7 -1 -1 -1 -1 -1 -1 268422 0 15 16 16 13 2 5 2 5
0 0 0 1 1 1 1 7 2 0 1 2 7 7 1 4 2 1 1 269189 0 15 16 16 13 2 4 2 5
0 0 0 1 1 1 1 6 2 0 1 2 7 -1 -1 -1 -1 -1 -1 269955 0 15 16 16 13 2 4 2 5
0 0 0 1 1 4 6 1 2 0 1 2 6 -1 -1 -1 -1 -1 -1 270722 1 15 16 16 13 2 4 2 5
0 0 0 1 1 1 6 1 2 0 1 2 6 -1 -1 -1 -1 -1 -1 271488 0 15 16 16 13 2 4 2 5
0 0 0 1 1 1 7 1 2 0 1 2 6 6 1 4 2 1 1 272255 0 15 16 16 13 2 4 2 5
0 0 0 1 1 1 6 1 2 0 1 2 6 -1 -1 -1 -1 -1 -1 273021 0 15 16 16 13 2 4 2 5
0 0 0 1 1 1 6 4 2 0 1 2 6 -1 -1 -1 -1 -1 -1 273788 1 15 16 16 13 2 4 2 5
0 0 0 1 1 1 6 1 2 0 1 2 6 -1 -1 -1 -1 -1 -1 274554 0 15 16 16 13 2 4 2 5
0 0 0 1 3 1 6 1 2 0 1 2 6 4 0 4 1 0 0 275321 0 15 16 16 13 2 4 2 5
0 0 0 1 1 1 6 1 2 0 1 2 6 -1 -1 -1 -1 -1 -1 276087 0 15 16 16 13 2 4 2 5
0 0 0 1 4 1 6 1 2 0 1 2 6 -1 -1 -1 -1 -1 -1 276887 1 15 16 16 13 2 4 2 5
0 0 0 1 1 6 1 1 2 0 1 2 5 -1 -1 -1 -1 -1 -1 277653 0 15 16 16 13 2 4 2 5
0 0 0 3 1 6 1 1 2 0 1 2 5 3 2 4 0 0 0 278420 0 15 16 16 13 2 8 0 5
0 0 0 1 1 6 1 1 2 0 1 2 5 -1 -1 -1 -1 -1 -1 279186 0 15 16 16 13 2 8 0 5
0 0 0 1 1 6 4 1 2 0 1 2 5 -1 -1 -1 -1 -1 -1 279953 1 15 16 16 13 2 8 0 5
0 0 0 1 1 6 1 1 2 0 1 2 5 -1 -1 -1 -1 -1 -1 280719 0 15 16 16 13 2 8 0 5
0 0 0 3 1 6 1 1 2 0 1 2 5 3 3 4 3 0 0 281486 0 15 16 16 13 2 6 2 5
0 0 0 1 1 6 1 1 2 0 1 2 5 -1 -1 -1 -1 -1 -1 282252 0 15 16 16 13 2 6 2 5
0 0 0 1 4 1 6 1 2 0 1 2 6 -1 -1 -1 -1 -1 -1 283019 1 15 16 16 13 2 6 2 5
0 0 0 1 1 1 6 1 2 0 1 2 6 -1 -1 -1 -1 -1 -1 283785 0 15 16 16 13 2 6 2 5
0 0 0 1 1 3 6 1 2 0 1 2 6 5 1 4 2 0 0 284552 0 15 16 16 13 2 4 2 5
0 0 0 1 1 1 6 1 2 0 1 2 6 -1 -1 -1 -1 -1 -1 285318 0 15 16 16 13 2 4 2 5
0 0 0 1 1 1 6 4 2 0 1 2 6 -1 -1 -1 -1 -1 -1 286085 1 15 16 16 13 2 4 2 5
0 0 0 1 1 6 1 1 2 0 1 2 5 -1 -1 -1 -1 -1 -1 286851 0 15 16 16 13 2 4 2 5
0 0 0 1 1 6 1 3 2 0 1 2 5 7 3 4 3 0 0 287651 0 15 16 16 13 2 4 2 5
0 0 0 1 1 6 1 1 2 0 1 2 5 -1 -1 -1 -1 -1 -1 288417 0 15 16 16 13 2 4 2 5
0 0 0 1 1 6 4 1 2 0 1 2 5 -1 -1 -1 -1 -1 -1 289184 1 15 16 16 13 2 4 2 5
0 0 0 1 1 1 6 1 2 0 1 2 6 -1 -1 -1 -1 -1 -1 289950 0 15 16 16 13 2 4 2 5
0 0 0 1 1 1 7 1 2 0 1 2 6 6 3 4 3 1 1 290717 0 15 16 16 13 2 5 2 5
0 0 0 1 1 1 6 1 2 0 1 2 6 -1 -1 -1 -1 -1 -1 291483 0 15 16 16 13 2 5 2 5
0 0 0 1 1 4 6 1 2 0 1 2 6 -1 -1 -1 -1 -1 -1 292250 1 15 16 16 13 2 5 2 5
0 0 0 1 1 1 6 1 2 0 1 2 6 -1 -1 -1 -1 -1 -1 293016 0 15 16 16 13 2 5 2 5
0 0 0 1 1 1 6 3 2 0 1 2 6 7 0 4 1 0 0 293783 0 15 16 16 13 2 4 2 5
0 0 0 1 1 1 6 1 2 0 1 2 6 -1 -1 -1 -1 -1 -1 294549 0 15 16 16 13 2 4 2 5
0 0 0 1 1 4 6 1 2 0 1 2 6 -1 -1 -1 -1 -1 -1 295316 1 15 16 16 13 2 4 2 5
0 0 0 1 1 1 6 1 2 0 1 2 6 -1 -1 -1 -1 -1 -1 296082 0 15 16 16 13 2 4 2 5
0 0 0 1 1 3 6 1 2 0 1 2 6 5 3 4 3 0 0 296849 0 15 16 16 13 2 4 2 5
0 0 0 1 1 1 6 1 2 0 1 2 6 -1 -1 -1 -1 -1 -1 297615 0 15 16 16 13 2 4 2 5
0 0 0 4 1 1 6 1 2 0 1 2 6 -1 -1 -1 -1 -1 -1 298415 1 15 16 16 13 2 4 2 5
0 0 0 1 1 1 6 1 2 0 1 2 6 -1 -1 -1 -1 -1 -1 299181 0 15 16 16 13 2 4 2 5
0 0 0 1 3 1 6 1 2 0 1 2 6 4 1 4 2 0 0 299948 0 15 16 16 13 2 4 2 5
0 0 0 1 1 1 6 1 2 0 1 2 6 -1 -1 -1 -1 -1 -1 300714 0 15 16 16 13 2 4 2 5
0 0 0 1 1 4 6 1 2 0 1 2 6 -1 -1 -1 -1 -1 -1 301481 1 15 16 16 13 2 4 2 5
0 0 0 1 1 6 1 1 2 0 1 2 5 -1 -1 -1 -1 -1 -1 302247 0 15 16 16 13 2 4 2 5
0 0 0 1 1 6 3 1 2 0 1 2 5 6 0 4 1 0 0 303014 0 15 16 16 13 2 8 0 5
0 0 0 1 1 6 1 1 2 0 1 2 5 -1 -1 -1 -1 -1 -1 303780 0 15 16 16 13 2 8 0 5
0 0 0 1 4 6 1 1 2 0 1 2 5 -1 -1 -1 -1 -1 -1 304547 1 15 16 16 13 2 8 0 5
0 0 0 1 6 1 1 1 2 0 1 2 4 -1 -1 -1 -1 -1 -1 305313 0 15 16 16 13 2 8 0 5
0 0 0 1 7 1 1 1 2 0 1 2 4 4 0 4 1 1 1 306080 0 15 16 16 13 2 6 2 5
0 0 0 1 1 6 1 1 2 0 1 2 5 -1 -1 -1 -1 -1 -1 306846 0 15 16 16 13 2 6 2 5
0 0 0 1 1 1 6 4 2 0 1 2 6 -1 -1 -1 -1 -1 -1 307613 1 15 16 16 13 2 6 2 5
0 0 0 1 1 1 6 1 2 0 1 2 6 -1 -1 -1 -1 -1 -1 308379 0 15 16 16 13 2 6 2 5
0 0 0 1 1 1 7 1 2 0 1 2 6 6 0 4 1 1 1 309179 0 15 16 16 13 2 4 2 5
0 0 0 1 1 1 6 1 2 0 1 2 6 -1 -1 -1 -1 -1 -1 309945 0 15 16 16 13 2 4 2 5
0 0 0 1 1 4 6 1 2 0 1 2 6 -1 -1 -1 -1 -1 -1 310712 1 15 16 16 13 2 4 2 5
0 0 0 1 1 1 6 1 2 0 1 2 6 -1 -1 -1 -1 -1 -1 311478 0 15 16 16 13 2 4 2 5
0 0 0 1 1 1 6 3 2 0 1 2 6 7 2 4 0 0 0 312245 0 15 16 16 13 2 4 2 5
0 0 0 1 1 1 6 1 2 0 1 2 6 -1 -1 -1 -1 -1 -1 313011 0 15 16 16 13 2 4 2 5
0 0 0 1 4 1 6 1 2 0 1 2 6 -1 -1 -1 -1 -1 -1 313778 1 15 16 16 13 2 4 2 5
0 0 0 1 1 6 1 1 2 0 1 2 5 -1 -1 -1 -1 -1 -1 314544 0 15 16 16 13 2 4 2 5
0 0 0 1 1 6 1 3 2 0 1 2 5 7 0 4 1 0 0 315311 0 15 16 16 13 2 5 2 5
0 0 0 1 1 6 1 1 2 0 1 2 5 -1 -1 -1 -1 -1 -1 316077 0 15 16 16 13 2 5 2 5
0 0 0 1 1 6 4 1 2 0 1 2 5 -1 -1 -1 -1 -1 -1 316844 1 15 16 16 13 2 5 2 5
0 0 0 1 1 1 6 1 2 0 1 2 6 -1 -1 -1 -1 -1 -1 317610 0 15 16 16 13 2 5 2 5
0 0 0 1 1 1 7 1 2 0 1 2 6 6 0 4 1 1 1 318377 0 15 16 16 13 2 4 2 5
0 0 0 1 1 6 1 1 2 0 1 2 5 -1 -1 -1 -1 -1 -1 319143 0 15 16 16 13 2 4 2 5
0 0 0 1 1 6 4 1 2 0 1 2 5 -1 -1 -1 -1 -1 -1 319943 1 15 16 16 13 2 4 2 5
0 0 0 1 1 6 1 1 2 0 1 2 5 -1 -1 -1 -1 -1 -1 320709 0 15 16 16 13 2 4 2 5
0 0 0 1 3 6 1 1 2 0 1 2 5 4 2 4 0 0 0 321476 0 15 16 16 13 2 4 2 5
0 0 0 1 1 6 1 1 2 0 1 2 5 -1 -1 -1 -1 -1 -1 322242 0 15 16 16 13 2 4 2 5
0 0 0 1 4 6 1 1 2 0 1 2 5 -1 -1 -1 -1 -1 -1 323009 1 15 16 16 13 2 4 2 5
0 0 0 1 1 6 1 1 2 0 1 2 5 -1 -1 -1 -1 -1 -1 323775 0 15 16 16 13 2 4 2 5
0 0 0 1 1 7 1 1 2 0 1 2 5 5 2 4 0 1 1 324542 0 15 16 16 13 2 4 2 5
0 0 0 0 1 6 1 0 3 1 1 0 5 -1 -1 -1 -1 -1 -1 331473 0 15 16 16 60 2 8 0 3
0 0 0 0 1 6 1 0 3 1 1 0 5 -1 -1 -1 -1 -1 -1 331640 0 15 16 16 60 2 8 0 3
0 0 0 0 1 6 1 0 3 1 1 0 5 -1 -1 -1 -1 -1 -1 331807 0 15 16 16 60 2 5 2 3
0 0 0 0 1 6 1 0 3 1 1 0 5 -1 -1 -1 -1 -1 -1 331973 0 15 16 16 50.6 2 5 2 3
0 0 0 0 1 6 1 0 3 1 1 0 5 -1 -1 -1 -1 -1 -1 332240 0 15 16 16 25.5333 2 5 2 3
0 0 0 0 1 6 1 0 3 1 1 0 5 -1 -1 -1 -1 -1 -1 332973 0 15 16 16 13 2 5 2 3
0 0 0 0 1 6 1 0 3 1 1 0 5 -1 -1 -1 -1 -1 -1 333740 0 15 16 16 13 2 5 2 3
0 0 0 0 1 6 1 0 3 1 1 0 5 -1 -1 -1 -1 -1 -1 334506 0 15 16 16 13 2 5 2 3
0 0 0 0 1 1 6 0 3 1 1 0 6 -1 -1 -1 -1 -1 -1 335273 0 15 16 16 13 2 5 2 3
0 0 0 0 1 1 6 0 3 1 1 0 6 -1 -1 -1 -1 -1 -1 336039 0 15 16 16 13 2 5 2 3
0 0 0 0 1 3 6 0 3 1 1 0 6 5 4 8 3 0 0 336806 0 15 16 16 13 2 6 2 3
0 0 0 0 1 1 6 0 3 1 1 0 6 -1 -1 -1 -1 -1 -1 337572 0 15 16 16 13 2 6 2 3
0 0 0 0 1 1 6 0 3 1 1 0 6 -1 -1 -1 -1 -1 -1 338338 0 15 16 16 13 2 6 2 3
0 0 0 0 1 1 6 0 3 1 1 0 6 -1 -1 -1 -1 -1 -1 339105 0 15 16 16 13 2 6 2 3
0 0 0 0 1 1 7 0 3 1 1 0 6 6 4 8 3 1 1 339905 0 15 16 16 13 2 4 2 3
0 0 0 0 1 6 1 0 3 1 1 0 5 -1 -1 -1 -1 -1 -1 340671 0 15 16 16 13 2 4 2 3
0 0 0 0 6 1 1 0 3 1 1 0 4 -1 -1 -1 -1 -1 -1 341438 0 15 16 16 13 2 4 2 3
0 0 0 0 6 1 1 0 3 1 1 0 4 -1 -1 -1 -1 -1 -1 342204 0 15 16 16 13 2 4 2 3
0 0 0 0 7 1 1 0 3 1 1 0 4 4 4 8 3 1 1 342971 0 15 16 16 13 2 6 2 3
0 0 0 0 6 1 1 0 3 1 1 0 4 -1 -1 -1 -1 -1 -1 343737 0 15 16 16 13 2 6 2 3
0 0 0 0 6 1 1 0 3 1 1 0 4 -1 -1 -1 -1 -1 -1 344504 0 15 16 16 13 2 6 2 3
0 0 0 0 6 1 1 0 3 1 1 0 4 -1 -1 -1 -1 -1 -1 345270 0 15 16 16 13 2 6 2 3
0 0 0 0 6 3 1 0 3 1 1 0 4 5 4 7 2 0 0 346037 0 15 16 16 13 2 4 2 3
0 0 0 0 6 1 1 0 3 1 1 0 4 -1 -1 -1 -1 -1 -1 346803 0 15 16 16 13 2 4 2 3
0 0 0 0 6 1 1 0 3 1 1 0 4 -1 -1 -1 -1 -1 -1 347570 0 15 16 16 13 2 4 2 3
0 0 0 0 6 1 1 0 3 1 1 0 4 -1 -1 -1 -1 -1 -1 348336 0 15 16 16 13 2 4 2 3
0 0 0 0 7 1 1 0 3 1 1 0 4 4 4 7 2 1 1 349103 0 15 16 16 13 2 4 2 3
0 0 0 0 6 1 1 0 3 1 1 0 4 -1 -1 -1 -1 -1 -1 349869 0 15 16 16 13 2 4 2 3
0 0 0 0 6 1 1 0 3 1 1 0 4 -1 -1 -1 -1 -1 -1 350669 0 15 16 16 13 2 4 2 3
0 0 0 0 6 1 1 0 3 1 1 0 4 -1 -1 -1 -1 -1 -1 351435 0 15 16 16 13 2 4 2 3
0 0 0 0 6 1 3 0 3 1 1 0 4 6 4 6 1 0 0 352202 0 15 16 16 13 2 8 0 3
0 0 0 0 6 1 1 0 3 1 1 0 4 -1 -1 -1 -1 -1 -1 352968 0 15 16 16 13 2 8 0 3
0 0 0 0 6 1 1 0 3 1 1 0 4 -1 -1 -1 -1 -1 -1 353735 0 15 16 16 13 2 8 0 3
0 0 0 0 6 1 1 0 3 1 1 0 4 -1 -1 -1 -1 -1 -1 354501 0 15 16 16 13 2 8 0 3
0 0 0 0 7 1 1 0 3 1 1 0 4 4 4 6 1 1 1 355268 0 15 16 16 13 2 5 2 3
0 0 0 0 6 1 1 0 3 1 1 0 4 -1 -1 -1 -1 -1 -1 356034 0 15 16 16 13 2 5 2 3
0 0 0 0 1 6 1 0 3 1 1 0 5 -1 -1 -1 -1 -1 -1 356801 0 15 16 16 13 2 5 2 3
0 0 0 0 1 6 1 0 3 1 1 0 5 -1 -1 -1 -1 -1 -1 357500 0 15 16 16 16.25 2 5 2 3
0 0 0 0 3 6 1 0 3 1 1 0 5 4 4 8 3 0 0 358134 0 15 16 16 16.25 2 5 2 3
0 0 0 0 1 6 1 0 3 1 1 0 5 -1 -1 -1 -1 -1 -1 358733 0 15 16 16 16.25 2 5 2 3
0 0 0 0 1 6 1 0 3 1 1 0 5 -1 -1 -1 -1 -1 -1 359433 0 15 16 16 13 2 5 2 3
0 0 0 0 1 6 1 0 3 1 1 0 5 -1 -1 -1 -1 -1 -1 360100 0 15 16 16 16.25 2 5 2 3
0 0 0 0 3 6 1 0 3 1 1 0 5 4 4 5 0 0 0 360700 0 15 16 16 16.25 2 6 2 3
0 0 0 0 1 6 1 0 3 1 1 0 5 -1 -1 -1 -1 -1 -1 361333 0 15 16 16 14.95 2 6 2 3
0 0 0 0 6 1 1 0 3 1 1 0 4 -1 -1 -1 -1 -1 -1 362066 0 15 16 16 13 2 6 2 3
0 0 0 0 6 1 1 0 3 1 1 0 4 -1 -1 -1 -1 -1 -1 362733 0 15 16 16 16.25 2 6 2 3
0 0 0 0 6 3 1 0 3 1 1 0 4 5 4 7 2 0 0 363366 0 15 16 16 16.25 2 4 2 3
0 0 0 0 6 1 1 0 3 1 1 0 4 -1 -1 -1 -1 -1 -1 363966 0 15 16 16 15.3833 2 4 2 3
0 0 0 0 1 6 1 0 3 1 1 0 5 -1 -1 -1 -1 -1 -1 364699 0 15 16 16 16.25 2 4 2 3
0 0 0 0 1 6 1 0 3 1 1 0 5 -1 -1 -1 -1 -1 -1 365332 0 15 16 16 16.25 2 4 2 3
0 0 0 0 3 6 1 0 3 1 1 0 5 4 4 8 3 0 0 365932 0 15 16 16 16.25 2 6 2 3
0 0 0 0 1 6 1 0 3 1 1 0 5 -1 -1 -1 -1 -1 -1 366565 0 15 16 16 13.8667 2 6 2 3
0 0 0 0 1 6 1 0 3 1 1 0 5 -1 -1 -1 -1 -1 -1 367331 0 15 16 16 16.25 2 6 2 3
0 0 0 0 1 6 1 0 3 1 1 0 5 -1 -1 -1 -1 -1 -1 367931 0 15 16 16 16.25 2 6 2 3
0 0 0 0 3 6 1 0 3 1 1 0 5 4 4 5 0 0 0 368564 0 15 16 16 16.25 2 4 2 3
0 0 0 0 1 6 1 0 3 1 1 0 5 -1 -1 -1 -1 -1 -1 369198 0 15 16 16 13.65 2 4 2 3
0 0 0 0 6 1 1 0 3 1 1 0 4 -1 -1 -1 -1 -1 -1 369964 0 15 16 16 13 2 4 2 3
0 0 0 0 6 1 1 0 3 1 1 0 4 -1 -1 -1 -1 -1 -1 370631 0 15 16 16 16.25 2 4 2 3
0 0 0 0 6 3 1 0 3 1 1 0 4 5 4 7 2 0 0 371264 0 15 16 16 16.25 2 4 2 3
0 0 0 0 6 1 1 0 3 1 1 0 4 -1 -1 -1 -1 -1 -1 371864 0 15 16 16 15.3833 2 4 2 3
0 0 0 0 6 1 1 0 3 1 1 0 4 -1 -1 -1 -1 -1 -1 372597 0 15 16 16 13 2 4 2 3
0 0 0 0 6 1 1 0 3 1 1 0 4 -1 -1 -1 -1 -1 -1 373297 0 15 16 16 16.25 2 4 2 3
0 0 0 0 7 1 1 0 3 1 1 0 4 4 4 7 2 1 1 373896 0 15 16 16 16.25 2 8 0 3
0 0 0 0 6 1 1 0 3 1 1 0 4 -1 -1 -1 -1 -1 -1 374530 0 15 16 16 16.0333 2 8 0 3
0 0 0 0 6 1 1 0 3 1 1 0 4 -1 -1 -1 -1 -1 -1 375229 0 15 16 16 13 2 8 0 3
0 0 0 0 6 1 1 0 3 1 1 0 4 -1 -1 -1 -1 -1 -1 375863 0 15 16 16 16.25 2 8 0 3
0 0 0 0 7 1 1 0 3 1 1 0 4 4 4 7 2 1 1 376462 0 15 16 16 16.25 2 5 2 3
0 0 0 0 6 1 1 0 3 1 1 0 4 -1 -1 -1 -1 -1 -1 377129 0 15 16 16 13.8667 2 5 2 3
0 0 0 0 1 6 1 0 3 1 1 0 5 -1 -1 -1 -1 -1 -1 377862 0 15 16 16 13 2 5 2 3
0 0 0 0 1 6 1 0 3 1 1 0 5 -1 -1 -1 -1 -1 -1 378595 0 15 16 16 16.25 2 5 2 3
0 0 0 0 3 6 1 0 3 1 1 0 5 4 4 8 3 0 0 379195 0 15 16 16 16.25 2 5 2 3
0 0 0 0 1 6 1 0 3 1 1 0 5 -1 -1 -1 -1 -1 -1 379828 0 15 16 16 16.25 2 5 2 3
0 0 0 0 1 6 1 0 3 1 1 0 5 -1 -1 -1 -1 -1 -1 380495 0 15 16 16 13 2 5 2 3
0 0 0 0 1 6 1 0 3 1 1 0 5 -1 -1 -1 -1 -1 -1 381295 0 15 16 16 13 2 5 2 3
0 0 0 0 1 6 3 0 3 1 1 0 5 6 4 5 0 0 0 381928 0 15 16 16 16.25 2 6 2 3
0 0 0 0 1 6 1 0 3 1 1 0 5 -1 -1 -1 -1 -1 -1 382528 0 15 16 16 16.25 2 6 2 3
0 0 0 0 6 1 1 0 3 1 1 0 4 -1 -1 -1 -1 -1 -1 383161 0 15 16 16 14.5167 2 6 2 3
0 0 0 0 6 1 1 0 3 1 1 0 4 -1 -1 -1 -1 -1 -1 383927 0 15 16 16 13 2 6 2 3
0 0 0 0 6 3 1 0 3 1 1 0 4 5 4 8 3 0 0 384561 0 15 16 16 16.25 2 4 2 3
0 0 0 0 6 1 1 0 3 1 1 0 4 -1 -1 -1 -1 -1 -1 385194 0 15 16 16 16.25 2 4 2 3
0 0 0 0 1 6 1 0 3 1 1 0 5 -1 -1 -1 -1 -1 -1 385794 0 15 16 16 15.1667 2 4 2 3
0 0 0 0 1 1 6 0 3 1 1 0 6 -1 -1 -1 -1 -1 -1 386493 0 15 16 16 16.25 2 4 2 3
0 0 0 0 1 1 7 0 3 1 1 0 6 6 4 8 3 1 1 387093 0 15 16 16 16.25 2 6 2 3
0 0 0 0 1 1 6 0 3 1 1 0 6 -1 -1 -1 -1 -1 -1 387726 0 15 16 16 16.25 2 6 2 3
0 0 0 0 1 6 1 0 3 1 1 0 5 -1 -1 -1 -1 -1 -1 388393 0 15 16 16 16.25 2 6 2 3
0 0 0 0 1 6 1 0 3 1 1 0 5 -1 -1 -1 -1 -1 -1 388993 0 15 16 16 16.25 2 6 2 3
0 0 0 0 1 7 1 0 3 1 1 0 5 5 4 8 3 1 1 389626 0 15 16 16 16.25 2 4 2 3
0 0 0 1 1 6 1 1 4 2 2 2 5 -1 -1 -1 -1 -1 -1 432016 0 15 16 16 60 2 8 0 5
0 0 0 1 1 6 1 1 4 2 2 2 5 -1 -1 -1 -1 -1 -1 432182 0 15 16 16 60 2 8 0 5
0 0 0 1 1 6 1 1 4 2 2 2 5 -1 -1 -1 -1 -1 -1 432349 0 15 16 16 60 2 4 2 5
0 0 0 1 1 6 1 1 4 2 2 2 5 -1 -1 -1 -1 -1 -1 432515 0 15 16 16 50.6 2 4 2 5
0 0 0 1 1 6 1 1 4 2 2 2 5 -1 -1 -1 -1 -1 -1 432782 0 15 16 16 25.5333 2 4 2 5
0 0 0 1 1 6 1 1 4 2 2 2 5 -1 -1 -1 -1 -1 -1 433515 0 15 16 16 13 2 4 2 5
0 0 0 1 1 6 1 1 4 2 2 2 5 -1 -1 -1 -1 -1 -1 434282 0 15 16 16 13 2 5 2 5
0 0 0 1 1 6 1 1 4 2 2 2 5 -1 -1 -1 -1 -1 -1 435048 0 15 16 16 13 2 5 2 5
0 0 0 1 1 6 1 1 4 2 2 2 5 -1 -1 -1 -1 -1 -1 435815 0 15 16 16 13 2 5 2 5
0 0 0 1 1 1 6 1 4 2 2 2 6 -1 -1 -1 -1 -1 -1 436581 0 15 16 16 13 2 5 2 5
0 0 0 1 3 1 6 1 4 2 2 2 6 4 5 4 2 0 0 437348 0 15 16 16 13 2 6 2 5
0 0 0 1 1 1 6 1 4 2 2 2 6 -1 -1 -1 -1 -1 -1 438114 0 15 16 16 13 2 6 2 5
0 0 0 1 1 4 6 1 4 2 2 2 6 -1 -1 -1 -1 -1 -1 438881 1 15 16 16 13 2 6 2 5
0 0 0 1 1 1 6 1 4 2 2 2 6 -1 -1 -1 -1 -1 -1 439647 0 15 16 16 13 2 6 2 5
0 0 0 1 3 1 6 1 4 2 2 2 6 4 5 4 3 0 0 440414 0 15 16 16 13 2 4 2 5
0 0 0 1 1 1 6 1 4 2 2 2 6 -1 -1 -1 -1 -1 -1 441213 0 15 16 16 13 2 4 2 5
0 0 0 1 1 4 6 1 4 2 2 2 6 -1 -1 -1 -1 -1 -1 441980 1 15 16 16 13 2 4 2 5
0 0 0 1 6 1 1 1 4 2 2 2 4 -1 -1 -1 -1 -1 -1 442746 0 15 16 16 13 2 4 2 5
0 0 0 7 1 1 1 1 4 2 2 2 3 3 5 4 2 1 1 443513 0 15 16 16 13 2 6 2 5
0 0 0 6 1 1 1 1 4 2 2 2 3 -1 -1 -1 -1 -1 -1 444279 0 15 16 16 13 2 6 2 5
0 0 0 6 4 1 1 1 4 2 2 2 3 -1 -1 -1 -1 -1 -1 445046 1 15 16 16 13 2 6 2 5
0 0 0 1 6 1 1 1 4 2 2 2 4 -1 -1 -1 -1 -1 -1 445812 0 15 16 16 13 2 6 2 5
0 0 0 1 6 3 1 1 4 2 2 2 4 5 5 4 1 0 0 446579 0 15 16 16 13 2 4 2 5
0 0 0 1 6 1 1 1 4 2 2 2 4 -1 -1 -1 -1 -1 -1 447345 0 15 16 16 13 2 4 2 5
0 0 0 4 6 1 1 1 4 2 2 2 4 -1 -1 -1 -1 -1 -1 448112 1 15 16 16 13 2 4 2 5
0 0 0 1 6 1 1 1 4 2 2 2 4 -1 -1 -1 -1 -1 -1 448878 0 15 16 16 13 2 4 2 5
0 0 0 3 6 1 1 1 4 2 2 2 4 3 5 4 0 0 0 449645 0 15 16 16 13 2 4 2 5
0 0 0 1 1 6 1 1 4 2 2 2 5 -1 -1 -1 -1 -1 -1 450411 0 15 16 16 13 2 4 2 5
0 0 0 1 4 6 1 1 4 2 2 2 5 -1 -1 -1 -1 -1 -1 451211 1 15 16 16 13 2 4 2 5
0 0 0 1 6 1 1 1 4 2 2 2 4 -1 -1 -1 -1 -1 -1 451977 0 15 16 16 13 2 4 2 5
0 0 0 1 7 1 1 1 4 2 2 2 4 4 5 4 1 1 1 452744 0 15 16 16 13 2 8 0 5
0 0 0 1 6 1 1 1 4 2 2 2 4 -1 -1 -1 -1 -1 -1 453510 0 15 16 16 13 2 8 0 5
0 0 0 1 6 1 4 1 4 2 2 2 4 -1 -1 -1 -1 -1 -1 454277 1 15 16 16 13 2 8 0 5
0 0 0 1 6 1 1 1 4 2 2 2 4 -1 -1 -1 -1 -1 -1 455043 0 15 16 16 13 2 8 0 5
0 0 0 3 6 1 1 1 4 2 2 2 4 3 5 4 2 0 0 455810 0 15 16 16 13 2 4 2 5
0 0 0 1 6 1 1 1 4 2 2 2 4 -1 -1 -1 -1 -1 -1 456576 0 15 16 16 13 2 4 2 5
0 0 0 1 6 4 1 1 4 2 2 2 4 -1 -1 -1 -1 -1 -1 457343 1 15 16 16 13 2 4 2 5
0 0 0 1 1 6 1 1 4 2 2 2 5 -1 -1 -1 -1 -1 -1 458109 0 15 16 16 13 2 4 2 5
0 0 0 1 3 6 1 1 4 2 2 2 5 4 5 4 3 0 0 458876 0 15 16 16 13 2 5 2 5
0 0 0 1 1 6 1 1 4 2 2 2 5 -1 -1 -1 -1 -1 -1 459642 0 15 16 16 13 2 5 2 5
0 0 0 1 1 6 4 1 4 2 2 2 5 -1 -1 -1 -1 -1 -1 460409 1 15 16 16 13 2 5 2 5
0 0 0 1 1 6 1 1 4 2 2 2 5 -1 -1 -1 -1 -1 -1 461175 0 15 16 16 13 2 5 2 5
0 0 0 1 3 6 1 1 4 2 2 2 5 4 5 4 1 0 0 461975 0 15 16 16 13 2 6 2 5
0 0 0 1 1 6 1 1 4 2 2 2 5 -1 -1 -1 -1 -1 -1 462741 0 15 16 16 13 2 6 2 5
0 0 0 1 6 1 1 4 4 2 2 2 4 -1 -1 -1 -1 -1 -1 463508 1 15 16 16 13 2 6 2 5
0 0 0 6 1 1 1 1 4 2 2 2 3 -1 -1 -1 -1 -1 -1 464274 0 15 16 16 13 2 6 2 5
0 0 0 7 1 1 1 1 4 2 2 2 3 3 5 4 3 1 1 465041 0 15 16 16 13 2 4 2 5
0 0 0 0 1 6 1 0 5 6 1 0 5 -1 -1 -1 -1 -1 -1 493534 0 15 40 15 60 2 8 0 3
0 0 0 0 1 6 1 0 5 6 1 0 5 -1 -1 -1 -1 -1 -1 493701 0 15 40 15 60 2 8 0 3
0 0 0 0 1 6 1 0 5 6 1 0 5 -1 -1 -1 -1 -1 -1 493867 0 15 40 15 60 2 4 2 3
0 0 0 0 1 6 1 0 5 6 1 0 5 -1 -1 -1 -1 -1 -1 494034 0 15 40 15 50 2 4 2 3
0 0 0 0 1 6 1 0 5 6 1 0 5 -1 -1 -1 -1 -1 -1 494334 0 15 40 15 20 2 4 2 3
0 0 0 0 1 6 1 0 5 6 1 0 5 -1 -1 -1 -1 -1 -1 495267 0 15 40 15 10 2 4 2 3
0 0 0 0 1 6 1 0 5 6 1 0 5 -1 -1 -1 -1 -1 -1 496267 0 15 40 15 10 2 5 2 3
0 0 0 0 1 6 1 0 5 6 1 0 5 -1 -1 -1 -1 -1 -1 497133 0 15 40 15 12.5 2 5 2 3
0 0 0 0 1 6 1 0 5 6 1 0 5 -1 -1 -1 -1 -1 -1 497933 0 15 40 15 12.5 2 5 2 3
0 0 0 0 1 6 1 0 5 6 1 0 5 -1 -1 -1 -1 -1 -1 498833 0 15 40 15 10 2 5 2 3
0 0 0 0 1 7 1 0 5 6 1 0 5 5 5 4 4 1 1 499632 0 15 40 15 12.5 2 4 2 3
0 0 0 0 6 1 1 0 5 6 1 0 4 -1 -1 -1 -1 -1 -1 500432 0 15 40 15 12.1667 2 4 2 3
0 0 0 0 6 1 1 0 5 6 1 0 4 -1 -1 -1 -1 -1 -1 501265 0 15 40 15 12.5 2 4 2 3
0 0 0 0 6 1 1 0 5 6 1 0 4 -1 -1 -1 -1 -1 -1 502065 0 15 40 15 12.5 2 4 2 3
0 0 0 0 7 1 1 0 5 6 1 0 4 4 5 4 4 1 1 502965 0 15 40 15 10 2 5 2 3
0 0 0 0 6 1 1 0 5 6 1 0 4 -1 -1 -1 -1 -1 -1 503631 0 15 40 16 16.25 2 5 2 3
0 0 0 0 1 6 1 0 5 6 1 0 5 -1 -1 -1 -1 -1 -1 504231 0 15 40 16 16.25 2 5 2 3
0 0 0 0 1 1 6 0 5 6 1 0 6 -1 -1 -1 -1 -1 -1 504864 0 15 40 16 16.25 2 5 2 3
0 0 0 0 1 1 7 0 5 6 1 0 6 6 5 4 4 1 1 505464 0 15 40 16 16.25 2 5 2 3
0 0 0 0 1 6 1 0 5 6 1 0 5 -1 -1 -1 -1 -1 -1 506098 0 15 40 16 16.25 2 5 2 3
0 0 0 0 6 1 1 0 5 6 1 0 4 -1 -1 -1 -1 -1 -1 506731 0 15 40 16 16.25 2 5 2 3
0 0 0 0 6 1 1 0 5 6 1 0 4 -1 -1 -1 -1 -1 -1 507364 0 15 40 16 16.25 2 5 2 3
0 0 0 0 7 1 1 0 5 6 1 0 4 4 5 4 4 1 1 507964 0 15 40 16 16.25 2 6 2 3
0 0 0 0 6 1 1 0 5 6 1 0 4 -1 -1 -1 -1 -1 -1 508497 0 15 40 17 17.8667 2 6 2 3
0 0 0 0 6 1 1 0 5 6 1 0 4 -1 -1 -1 -1 -1 -1 509097 0 15 40 17 20 2 6 2 3
0 0 0 0 6 1 1 0 5 6 1 0 4 -1 -1 -1 -1 -1 -1 509597 0 15 40 17 20 2 6 2 3
0 0 0 1 7 1 1 1 5 6 1 0 4 4 5 4 4 1 1 510097 0 15 40 17 20 2 5 2 5
0 0 0 1 6 1 1 1 5 6 1 1 4 -1 -1 -1 -1 -1 -1 510596 0 15 40 17 19.2 2 5 2 5
0 0 0 1 6 1 1 1 5 6 1 1 4 -1 -1 -1 -1 -1 -1 511130 0 15 40 17 20 2 5 2 5
0 0 0 1 6 1 1 1 5 6 1 1 4 -1 -1 -1 -1 -1 -1 511629 0 15 40 17 20 2 5 2 5
0 0 0 1 7 1 1 1 5 6 1 1 4 4 5 4 4 1 1 512129 0 15 40 17 20 2 8 0 5
0 0 0 1 6 1 1 1 5 6 1 1 4 -1 -1 -1 -1 -1 -1 512563 0 15 40 18 22.1667 2 8 0 5
0 0 0 1 1 1 6 1 5 6 1 1 6 -1 -1 -1 -1 -1 -1 513063 0 15 40 18 19 2 8 0 5
0 0 0 1 1 1 6 1 5 6 1 1 6 -1 -1 -1 -1 -1 -1 513529 0 15 40 18 23.75 2 8 0 5
0 0 0 1 1 1 7 1 5 6 1 1 6 6 5 4 4 1 1 513929 0 15 40 18 23.75 2 4 2 5
0 0 0 1 1 1 6 1 5 6 1 1 6 -1 -1 -1 -1 -1 -1 514362 0 15 40 18 23.75 2 4 2 5
0 0 0 1 1 6 1 1 5 6 1 1 5 -1 -1 -1 -1 -1 -1 514795 0 15 40 18 23.75 2 4 2 5
0 0 0 1 1 6 1 1 5 6 1 1 5 -1 -1 -1 -1 -1 -1 515229 0 15 40 18 19.95 2 4 2 5
0 0 0 1 1 7 1 1 5 6 1 1 5 5 5 4 4 1 1 515729 0 15 40 18 23.75 2 5 2 5
0 0 0 1 1 6 1 1 5 6 1 1 5 -1 -1 -1 -1 -1 -1 516128 0 15 40 19 26.25 2 5 2 5
0 0 0 1 6 1 1 1 5 6 1 1 4 -1 -1 -1 -1 -1 -1 516495 0 15 40 19 26.25 2 5 2 5
0 0 0 6 1 1 1 1 5 6 1 1 3 -1 -1 -1 -1 -1 -1 516895 0 15 40 19 26.25 2 5 2 5
0 0 0 7 1 1 1 1 5 6 1 1 3 3 5 4 4 1 1 517261 0 15 40 19 25.2 2 4 2 5
0 0 0 6 1 1 1 1 5 6 1 1 3 -1 -1 -1 -1 -1 -1 517695 0 15 40 19 21 2 4 2 5
0 0 0 1 6 1 1 1 5 6 1 1 4 -1 -1 -1 -1 -1 -1 518195 0 15 40 19 21 2 4 2 5
0 0 0 1 6 1 1 1 5 6 1 1 4 -1 -1 -1 -1 -1 -1 518628 0 15 40 19 26.25 2 4 2 5
0 0 0 1 7 1 1 1 5 6 1 1 4 4 5 4 4 1 1 519028 0 15 40 19 26.25 2 5 2 5
0 0 0 1 6 1 1 1 5 6 1 1 4 -1 -1 -1 -1 -1 -1 519394 0 15 40 20 27.5 2 5 2 5
0 0 0 1 1 6 1 1 5 6 1 1 5 -1 -1 -1 -1 -1 -1 519761 0 15 40 20 27.5 2 5 2 5
0 0 0 1 1 1 6 1 5 6 1 1 6 -1 -1 -1 -1 -1 -1 520127 0 15 40 20 26.7667 2 5 2 5
0 0 0 1 1 1 7 1 5 6 1 1 6 6 5 4 4 1 1 520494 0 15 40 20 27.5 2 5 2 5
0 0 0 1 1 1 6 1 5 6 1 1 6 -1 -1 -1 -1 -1 -1 520861 0 15 40 20 27.5 2 5 2 5
0 0 0 1 1 1 1 6 5 6 1 1 7 -1 -1 -1 -1 -1 -1 521227 0 15 40 20 27.5 2 5 2 5
0 0 0 1 1 1 1 6 5 6 1 1 7 -1 -1 -1 -1 -1 -1 521560 0 15 40 20 27.5 2 5 2 5
0 0 0 1 1 1 1 7 5 6 1 1 7 7 5 4 4 1 1 521927 0 15 40 20 26.0333 2 6 2 5
0 0 0 1 1 1 1 6 5 6 1 2 7 -1 -1 -1 -1 -1 -1 522360 0 15 40 21 23 2 6 2 5
0 0 0 1 1 1 1 6 5 6 1 2 7 -1 -1 -1 -1 -1 -1 522760 0 15 40 21 28.75 2 6 2 5
0 0 0 1 1 1 1 6 5 6 1 2 7 -1 -1 -1 -1 -1 -1 523093 0 15 40 21 28.75 2 6 2 5
0 0 0 1 1 1 1 7 5 6 1 2 7 7 5 4 4 1 1 523460 0 15 40 21 28.75 2 5 2 5
0 0 0 1 1 1 1 6 5 6 1 2 7 -1 -1 -1 -1 -1 -1 523793 0 15 40 21 28.75 2 5 2 5
0 0 0 1 4 1 1 6 5 6 1 2 7 -1 -1 -1 -1 -1 -1 524160 1 15 40 21 28.75 2 5 2 5
0 0 0 1 1 1 1 6 5 6 1 2 7 -1 -1 -1 -1 -1 -1 524493 0 15 40 21 28.75 2 5 2 5
0 0 0 1 1 1 1 7 5 6 1 2 7 7 5 4 4 1 1 524860 0 15 40 21 28.75 2 8 0 5
0 0 0 1 1 1 1 6 5 6 1 2 7 -1 -1 -1 -1 -1 -1 525193 0 15 40 22 30 2 8 0 5
0 0 0 1 4 1 1 6 5 6 1 2 7 -1 -1 -1 -1 -1 -1 525526 1 15 40 22 30 2 8 0 5
0 0 0 1 1 1 1 6 5 6 1 2 7 -1 -1 -1 -1 -1 -1 525859 0 15 40 22 29.6 2 8 0 5
0 0 0 1 1 1 1 7 5 6 1 2 7 7 5 4 4 1 1 526226 0 15 40 22 25.2 2 4 2 5
0 0 0 1 1 1 6 1 5 6 1 2 6 -1 -1 -1 -1 -1 -1 526626 0 15 40 22 24 2 4 2 5
0 0 0 1 1 6 1 4 5 6 1 2 5 -1 -1 -1 -1 -1 -1 527059 1 15 40 22 24 2 4 2 5
0 0 0 1 1 6 1 1 5 6 1 2 5 -1 -1 -1 -1 -1 -1 527426 0 15 40 22 30 2 4 2 5
0 0 0 1 1 7 1 1 5 6 1 2 5 5 5 4 4 1 1 527759 0 15 40 22 30 2 5 2 5
0 0 0 1 1 1 6 1 5 6 1 2 6 -1 -1 -1 -1 -1 -1 528092 0 15 40 23 31.25 2 5 2 5
0 0 0 1 1 4 1 6 5 6 1 2 7 -1 -1 -1 -1 -1 -1 528392 1 15 40 23 31.25 2 5 2 5
0 0 0 1 1 1 1 6 5 6 1 2 7 -1 -1 -1 -1 -1 -1 528725 0 15 40 23 31.25 2 5 2 5
0 0 0 1 1 1 1 7 5 6 1 2 7 7 5 4 4 1 1 529059 0 15 40 23 27.9167 2 4 2 5
0 0 0 1 1 1 1 6 5 6 1 2 7 -1 -1 -1 -1 -1 -1 529425 0 15 40 23 25 2 4 2 5
0 0 0 1 4 1 6 1 5 6 1 2 6 -1 -1 -1 -1 -1 -1 529825 1 15 40 23 25 2 4 2 5
0 0 0 1 1 1 6 1 5 6 1 2 6 -1 -1 -1 -1 -1 -1 530225 0 15 40 23 25 2 4 2 5
0 0 0 1 1 1 7 1 5 6 1 2 6 6 5 4 4 1 1 530625 0 15 40 23 31.25 2 5 2 5
0 0 0 1 1 1 6 1 5 6 1 2 6 -1 -1 -1 -1 -1 -1 530925 0 15 40 24 31.875 2 5 2 5
0 0 0 1 1 4 6 1 5 6 1 2 6 -1 -1 -1 -1 -1 -1 531225 1 15 40 24 31.875 2 5 2 5
0 0 0 1 1 1 6 1 5 6 1 2 6 -1 -1 -1 -1 -1 -1 531558 0 15 40 24 31.875 2 5 2 5
0 0 0 1 1 7 1 1 5 6 1 2 5 5 5 4 4 1 1 531858 0 15 40 24 31.875 2 5 2 5
0 0 0 1 1 6 1 1 5 6 1 2 5 -1 -1 -1 -1 -1 -1 532191 0 15 40 24 29.75 2 5 2 5
0 0 0 1 1 1 6 4 5 6 1 2 6 -1 -1 -1 -1 -1 -1 532558 1 15 40 24 25.5 2 5 2 5
0 0 0 1 1 1 6 1 5 6 1 2 6 -1 -1 -1 -1 -1 -1 532958 0 15 40 24 25.5 2 5 2 5
0 0 0 1 1 1 1 7 5 6 1 2 7 7 5 4 4 1 1 533324 0 15 40 24 25.5 2 6 2 5
0 0 0 1 1 1 1 6 5 6 1 2 7 -1 -1 -1 -1 -1 -1 533724 0 15 40 25 26 2 6 2 5
0 0 0 1 1 1 4 6 5 6 1 2 7 -1 -1 -1 -1 -1 -1 534091 1 15 40 25 26 2 6 2 5
0 0 0 1 1 1 1 6 5 6 1 2 7 -1 -1 -1 -1 -1 -1 534491 0 15 40 25 26 2 6 2 5
0 0 0 1 1 1 1 7 5 6 1 2 7 7 5 4 4 1 1 534857 0 15 40 25 26 2 5 2 5
0 0 0 1 1 1 1 6 5 6 1 2 7 -1 -1 -1 -1 -1 -1 535257 0 15 40 25 26 2 5 2 5
0 0 0 1 4 1 1 6 5 6 1 2 7 -1 -1 -1 -1 -1 -1 535657 1 15 40 25 26 2 5 2 5
0 0 0 1 1 1 1 6 5 6 1 2 7 -1 -1 -1 -1 -1 -1 536024 0 15 40 25 26 2 5 2 5
0 0 0 1 1 1 1 7 5 6 1 2 7 7 5 4 4 1 1 536423 0 15 40 25 26 2 8 0 5
0 0 0 0 1 6 1 0 6 2 2 0 5 -1 -1 -1 -1 -1 -1 544222 0 15 16 16 60 2 8 0 3
0 0 0 0 1 6 1 0 6 2 2 0 5 -1 -1 -1 -1 -1 -1 544388 0 15 16 16 60 2 8 0 3
0 0 0 0 1 6 1 0 6 2 2 0 5 -1 -1 -1 -1 -1 -1 544555 0 15 16 16 60 2 4 2 3
0 0 0 0 1 6 1 0 6 2 2 0 5 -1 -1 -1 -1 -1 -1 544721 0 15 16 16 50.6 2 4 2 3
0 0 0 0 1 6 1 0 6 2 2 0 5 -1 -1 -1 -1 -1 -1 544988 0 15 16 16 25.5333 2 4 2 3
0 0 0 0 1 6 1 0 6 2 2 0 5 -1 -1 -1 -1 -1 -1 545721 0 15 16 16 13 2 4 2 3
0 0 0 0 1 6 1 0 6 2 2 0 5 -1 -1 -1 -1 -1 -1 546488 0 15 16 16 13 2 6 2 3
0 0 0 0 1 6 1 0 6 2 2 0 5 -1 -1 -1 -1 -1 -1 547254 0 15 16 16 13 2 6 2 3
0 0 0 0 1 6 1 0 6 2 2 0 5 -1 -1 -1 -1 -1 -1 548021 0 15 16 16 13 2 6 2 3
0 0 0 0 1 6 1 0 6 2 2 0 5 -1 -1 -1 -1 -1 -1 548787 0 15 16 16 13 2 6 2 3
0 0 0 0 1 6 3 0 6 2 2 0 5 6 5 4 2 0 0 549554 0 15 16 16 13 2 5 2 3
0 0 0 0 1 6 1 0 6 2 2 0 5 -1 -1 -1 -1 -1 -1 550320 0 15 16 16 13 2 5 2 3
0 0 0 0 6 1 1 0 6 2 2 0 4 -1 -1 -1 -1 -1 -1 551087 0 15 16 16 13 2 5 2 3
0 0 0 0 6 1 1 0 6 2 2 0 4 -1 -1 -1 -1 -1 -1 551853 0 15 16 16 13 2 5 2 3
0 0 0 0 6 3 1 0 6 2 2 0 4 5 5 4 1 0 0 552620 0 15 16 16 13 2 6 2 3
0 0 0 0 6 1 1 0 6 2 2 0 4 -1 -1 -1 -1 -1 -1 553419 0 15 16 16 13 2 6 2 3
0 0 0 0 1 6 1 0 6 2 2 0 5 -1 -1 -1 -1 -1 -1 554186 0 15 16 16 13 2 6 2 3
0 0 0 0 1 6 1 0 6 2 2 0 5 -1 -1 -1 -1 -1 -1 554952 0 15 16 16 13 2 6 2 3
0 0 0 0 3 6 1 0 6 2 2 0 5 4 5 4 3 0 0 555719 0 15 16 16 13 2 4 2 3
0 0 0 0 1 6 1 0 6 2 2 0 5 -1 -1 -1 -1 -1 -1 556485 0 15 16 16 13 2 4 2 3
0 0 0 0 1 6 1 0 6 2 2 0 5 -1 -1 -1 -1 -1 -1 557252 0 15 16 16 13 2 4 2 3
0 0 0 0 1 6 1 0 6 2 2 0 5 -1 -1 -1 -1 -1 -1 557918 0 15 16 16 16.25 2 4 2 3
0 0 0 0 1 7 1 0 6 2 2 0 5 5 5 4 1 1 1 558518 0 15 16 16 16.25 2 4 2 3
0 0 0 0 1 6 1 0 6 2 2 0 5 -1 -1 -1 -1 -1 -1 559151 0 15 16 16 15.1667 2 4 2 3
0 0 0 0 1 6 1 0 6 2 2 0 5 -1 -1 -1 -1 -1 -1 559884 0 15 16 16 13 2 4 2 3
0 0 0 0 1 6 1 0 6 2 2 0 5 -1 -1 -1 -1 -1 -1 560651 0 15 16 16 13 2 4 2 3
0 0 0 0 3 6 1 0 6 2 2 0 5 4 5 4 0 0 0 561417 0 15 16 16 13 2 6 2 3
0 0 0 0 1 6 1 0 6 2 2 0 5 -1 -1 -1 -1 -1 -1 562184 0 15 16 16 13 2 6 2 3
0 0 0 0 1 6 1 0 6 2 2 0 5 -1 -1 -1 -1 -1 -1 562950 0 15 16 16 13 2 6 2 3
0 0 0 0 1 6 1 0 6 2 2 0 5 -1 -1 -1 -1 -1 -1 563717 0 15 16 16 13 2 6 2 3
0 0 0 0 6 3 1 0 6 2 2 0 4 5 5 4 3 0 0 564483 0 15 16 16 13 2 8 0 3
0 0 0 0 1 6 1 0 6 2 2 0 5 -1 -1 -1 -1 -1 -1 565250 0 15 16 16 13 2 8 0 3
0 0 0 0 6 1 1 0 6 2 2 0 4 -1 -1 -1 -1 -1 -1 566050 0 15 16 16 13 2 8 0 3
0 0 0 0 6 1 1 0 6 2 2 0 4 -1 -1 -1 -1 -1 -1 566783 0 15 16 16 16.25 2 8 0 3
0 0 0 0 7 1 1 0 6 2 2 0 4 4 5 4 0 1 1 567416 0 15 16 16 16.25 2 4 2 3
0 0 0 0 1 6 1 0 6 2 2 0 5 -1 -1 -1 -1 -1 -1 568016 0 15 16 16 16.25 2 4 2 3
0 0 0 0 1 1 6 0 6 2 2 0 6 -1 -1 -1 -1 -1 -1 568682 0 15 16 16 13.65 2 4 2 3
0 0 0 0 1 1 6 0 6 2 2 0 6 -1 -1 -1 -1 -1 -1 569349 0 15 16 16 16.25 2 4 2 3
0 0 0 0 1 1 8 0 6 2 2 0 6 6 5 4 1 0 1 569949 0 15 16 16 16.25 2 6 2 3
0 0 0 0 1 6 1 0 6 2 2 0 5 -1 -1 -1 -1 -1 -1 570748 0 15 16 15 11.3333 2 6 2 3
0 0 0 0 1 6 1 0 6 2 2 0 5 -1 -1 -1 -1 -1 -1 571748 0 15 16 15 10 2 6 2 3
0 0 0 0 1 6 1 0 6 2 2 0 5 -1 -1 -1 -1 -1 -1 572615 0 15 16 15 12.5 2 6 2 3
0 0 0 0 1 6 3 0 6 2 2 0 5 6 5 4 2 0 0 573414 0 15 16 15 12.5 2 5 2 3
0 0 0 0 1 6 1 0 6 2 2 0 5 -1 -1 -1 -1 -1 -1 574281 0 15 16 15 10 2 5 2 3
0 0 0 0 1 6 1 0 6 2 2 0 5 -1 -1 -1 -1 -1 -1 575147 0 15 16 15 12.5 2 5 2 3
0 0 0 0 1 6 1 0 6 2 2 0 5 -1 -1 -1 -1 -1 -1 575947 0 15 16 15 12.5 2 5 2 3
0 0 0 0 1 8 1 0 6 2 2 0 5 5 5 4 3 0 1 576847 0 15 16 15 10 2 6 2 3
0 0 0 0 1 6 1 0 6 2 2 0 5 -1 -1 -1 -1 -1 -1 577847 0 15 16 15 10 2 6 2 3
0 0 0 0 1 6 1 0 6 2 2 0 5 -1 -1 -1 -1 -1 -1 578846 0 15 16 15 10 2 6 2 3
0 0 0 0 6 1 1 0 6 2 2 0 4 -1 -1 -1 -1 -1 -1 579846 0 15 16 15 10 2 6 2 3
0 0 0 0 8 1 1 0 6 2 2 0 4 4 5 4 1 0 1 580646 0 15 16 15 12.5 2 4 2 3
0 0 0 0 6 1 1 0 6 2 2 0 4 -1 -1 -1 -1 -1 -1 581446 0 15 16 15 12.1667 2 4 2 3
0 0 0 0 1 6 1 0 6 2 2 0 5 -1 -1 -1 -1 -1 -1 582412 0 15 16 15 12.5 2 4 2 3
0 0 0 0 1 6 1 0 6 2 2 0 5 -1 -1 -1 -1 -1 -1 583212 0 15 16 15 12.5 2 4 2 3
0 0 0 0 1 7 1 0 6 2 2 0 5 5 5 4 3 1 1 584012 0 15 16 15 11.8333 2 4 2 3
0 0 0 0 1 6 1 0 6 2 2 0 5 -1 -1 -1 -1 -1 -1 584978 0 15 16 15 10 2 4 2 3
0 0 0 0 6 1 1 0 6 2 2 0 4 -1 -1 -1 -1 -1 -1 585978 0 15 16 15 10 2 4 2 3
0 0 0 0 6 1 1 0 6 2 2 0 4 -1 -1 -1 -1 -1 -1 586911 0 15 16 15 12.5 2 4 2 3
0 0 0 0 8 2 1 0 6 2 2 0 4 5 5 4 1 1 0 587711 0 15 16 15 12.5 2 6 2 3
0 0 0 0 6 1 1 0 6 2 2 0 4 -1 -1 -1 -1 -1 -1 588544 0 15 16 15 11.1667 2 6 2 3
0 0 0 0 6 1 1 0 6 2 2 0 4 -1 -1 -1 -1 -1 -1 589511 0 15 16 15 10 2 6 2 3
0 0 0 0 1 6 1 0 6 2 2 0 5 -1 -1 -1 -1 -1 -1 590510 0 15 16 15 10 2 6 2 3
0 0 0 0 3 6 1 0 6 2 2 0 5 4 5 4 2 0 0 591510 0 15 16 15 10 2 8 0 3
0 0 0 0 1 6 1 0 6 2 2 0 5 -1 -1 -1 -1 -1 -1 592510 0 15 16 15 10 2 8 0 3
0 0 0 0 6 1 1 0 6 2 2 0 4 -1 -1 -1 -1 -1 -1 593510 0 15 16 15 12.5 2 8 0 3
0 0 0 0 6 1 1 0 6 2 2 0 4 -1 -1 -1 -1 -1 -1 594309 0 15 16 15 12.5 2 8 0 3
0 0 0 0 8 1 1 0 6 2 2 0 4 4 5 4 3 0 1 595109 0 15 16 15 12 2 4 2 3
0 0 0 0 1 6 1 0 6 2 2 0 5 -1 -1 -1 -1 -1 -1 596076 0 15 16 15 10 2 4 2 3
0 0 0 0 6 1 1 0 6 2 2 0 4 -1 -1 -1 -1 -1 -1 597075 0 15 16 15 10 2 4 2 3
0 0 0 0 6 1 1 0 6 2 2 0 4 -1 -1 -1 -1 -1 -1 598075 0 15 16 15 10 2 4 2 3
0 0 0 0 6 3 1 0 6 2 2 0 4 5 5 4 1 0 0 599075 0 15 16 15 10 2 6 2 3
0 0 0 0 6 1 1 0 6 2 2 0 4 -1 -1 -1 -1 -1 -1 600075 0 15 16 15 10 2 6 2 3
0 0 0 0 1 6 1 0 6 2 2 0 5 -1 -1 -1 -1 -1 -1 601074 0 15 16 15 10 2 6 2 3
0 0 0 0 1 6 1 0 6 2 2 0 5 -1 -1 -1 -1 -1 -1 602074 0 15 16 15 10 2 6 2 3
0 0 0 0 3 6 1 0 6 2 2 0 5 4 5 4 0 0 0 603074 0 15 16 15 10 2 5 2 3
0 0 0 0 1 6 1 0 6 2 2 0 5 -1 -1 -1 -1 -1 -1 604074 0 15 16 15 10 2 5 2 3
0 0 0 0 1 6 1 0 6 2 2 0 5 -1 -1 -1 -1 -1 -1 605073 0 15 16 15 10 2 5 2 3
0 0 0 0 1 6 1 0 6 2 2 0 5 -1 -1 -1 -1 -1 -1 606073 0 15 16 15 10 2 5 2 3
0 0 0 0 6 3 1 0 6 2 2 0 4 5 5 4 3 0 0 607073 0 15 16 15 10 2 6 2 3
0 0 0 0 6 1 1 0 6 2 2 0 4 -1 -1 -1 -1 -1 -1 608073 0 15 16 15 10 2 6 2 3
0 0 0 0 1 6 1 0 6 2 2 0 5 -1 -1 -1 -1 -1 -1 609072 0 15 16 15 10 2 6 2 3
0 0 0 0 1 6 1 0 6 2 2 0 5 -1 -1 -1 -1 -1 -1 610072 0 15 16 15 10 2 6 2 3
0 0 0 0 8 2 1 0 6 2 2 0 4 5 5 4 0 1 0 611072 0 15 16 15 10 2 4 2 3
0 0 0 0 1 6 1 0 6 2 2 0 5 -1 -1 -1 -1 -1 -1 612072 0 15 16 15 10 2 4 2 3
0 0 0 0 1 6 1 0 6 2 2 0 5 -1 -1 -1 -1 -1 -1 613071 0 15 16 15 10 2 4 2 3
0 0 0 0 1 6 1 0 6 2 2 0 5 -1 -1 -1 -1 -1 -1 614071 0 15 16 15 10 2 4 2 3
0 0 0 0 1 6 3 0 6 2 2 0 5 6 5 4 2 0 0 615071 0 15 16 15 10 2 4 2 3
0 0 0 0 1 6 1 0 6 2 2 0 5 -1 -1 -1 -1 -1 -1 616071 0 15 16 15 10 2 4 2 3
0 0 0 0 1 6 1 0 6 2 2 0 5 -1 -1 -1 -1 -1 -1 616970 0 15 16 15 12.5 2 4 2 3
0 0 0 0 1 6 1 0 6 2 2 0 5 -1 -1 -1 -1 -1 -1 617770 0 15 16 15 12.5 2 4 2 3
0 0 0 0 1 7 1 0 6 2 2 0 5 5 5 4 0 1 1 618637 0 15 16 15 10 2 6 2 3
0 0 0 0 1 6 1 0 6 2 2 0 5 -1 -1 -1 -1 -1 -1 619636 0 15 16 15 10 2 6 2 3
0 0 0 0 1 6 1 0 6 2 2 0 5 -1 -1 -1 -1 -1 -1 620636 0 15 16 15 10 2 6 2 3
0 0 0 0 1 6 1 0 6 2 2 0 5 -1 -1 -1 -1 -1 -1 621636 0 15 16 15 10 2 6 2 3
0 0 0 0 1 6 3 0 6 2 2 0 5 6 5 4 3 0 0 622536 0 15 16 15 12.5 2 8 0 3
0 0 0 0 1 6 1 0 6 2 2 0 5 -1 -1 -1 -1 -1 -1 623336 0 15 16 15 12.5 2 8 0 3
0 0 0 0 1 6 1 0 6 2 2 0 5 -1 -1 -1 -1 -1 -1 624135 0 15 16 15 12.5 2 8 0 3
0 0 0 0 1 6 1 0 6 2 2 0 5 -1 -1 -1 -1 -1 -1 624935 0 15 16 15 12.5 2 8 0 3
0 0 0 0 1 7 1 0 6 2 2 0 5 5 5 4 0 1 1 625768 0 15 16 15 10.3333 2 4 2 3
0 0 0 0 1 6 1 0 6 2 2 0 5 -1 -1 -1 -1 -1 -1 626568 0 15 16 16 13 2 4 2 3
0 0 0 0 1 1 6 0 6 2 2 0 6 -1 -1 -1 -1 -1 -1 627335 0 15 16 16 13 2 4 2 3
0 0 0 0 1 1 6 0 6 2 2 0 6 -1 -1 -1 -1 -1 -1 628101 0 15 16 16 13 2 4 2 3
0 0 0 0 1 3 6 0 6 2 2 0 6 5 5 4 2 0 0 628868 0 15 16 16 13 2 6 2 3
0 0 0 0 1 1 6 0 6 2 2 0 6 -1 -1 -1 -1 -1 -1 629634 0 15 16 16 13 2 6 2 3
0 0 0 0 1 6 1 0 6 2 2 0 5 -1 -1 -1 -1 -1 -1 630434 0 15 16 16 13 2 6 2 3
0 0 0 0 1 6 1 0 6 2 2 0 5 -1 -1 -1 -1 -1 -1 631067 0 15 16 16 16.25 2 6 2 3
0 0 0 0 1 8 1 0 6 2 2 0 5 5 5 4 3 0 1 631700 0 15 16 16 16.25 2 5 2 3
0 0 0 0 1 6 1 0 6 2 2 0 5 -1 -1 -1 -1 -1 -1 632467 0 15 16 15 10.8333 2 5 2 3
0 0 0 0 1 6 1 0 6 2 2 0 5 -1 -1 -1 -1 -1 -1 633466 0 15 16 15 10 2 5 2 3
0 0 0 0 1 6 1 0 6 2 2 0 5 -1 -1 -1 -1 -1 -1 634466 0 15 16 15 10 2 5 2 3
0 0 0 0 1 7 1 0 6 2 2 0 5 5 5 4 2 1 1 635299 0 15 16 15 12.5 2 6 2 3
0 0 0 0 1 6 1 0 6 2 2 0 5 -1 -1 -1 -1 -1 -1 636099 0 15 16 15 12.1667 2 6 2 3
0 0 0 0 1 6 1 0 6 2 2 0 5 -1 -1 -1 -1 -1 -1 637032 0 15 16 15 12.5 2 6 2 3
0 0 0 0 1 6 1 0 6 2 2 0 5 -1 -1 -1 -1 -1 -1 637832 0 15 16 15 12.5 2 6 2 3
0 0 0 0 1 6 3 0 6 2 2 0 5 6 5 4 0 0 0 638632 0 15 16 15 11.8333 2 4 2 3
0 0 0 0 1 6 1 0 6 2 2 0 5 -1 -1 -1 -1 -1 -1 639598 0 15 16 15 10 2 4 2 3
0 0 0 0 1 6 1 0 6 2 2 0 5 -1 -1 -1 -1 -1 -1 640431 0 15 16 15 12.5 2 4 2 3
0 0 0 0 1 6 1 0 6 2 2 0 5 -1 -1 -1 -1 -1 -1 641231 0 15 16 15 12.5 2 4 2 3
0 0 0 0 1 8 2 0 6 2 2 0 5 6 5 4 2 1 0 642131 0 15 16 15 10 2 4 2 3
0 0 0 0 1 6 1 0 6 2 2 0 5 -1 -1 -1 -1 -1 -1 643131 0 15 16 15 10 2 4 2 3
0 0 0 0 1 6 1 0 6 2 2 0 5 -1 -1 -1 -1 -1 -1 644131 0 15 16 15 12.5 2 4 2 3
0 0 0 0 1 6 1 0 6 2 2 0 5 -1 -1 -1 -1 -1 -1 644930 0 15 16 15 12.5 2 4 2 3
0 0 0 0 3 6 1 0 6 2 2 0 5 4 5 4 1 0 0 645730 0 15 16 15 11.6667 2 6 2 3
0 0 0 0 1 6 1 0 6 2 2 0 5 -1 -1 -1 -1 -1 -1 646697 0 15 16 15 10 2 6 2 3
0 0 0 0 1 6 1 0 6 2 2 0 5 -1 -1 -1 -1 -1 -1 647630 0 15 16 15 12.5 2 6 2 3
0 0 0 0 1 6 1 0 6 2 2 0 5 -1 -1 -1 -1 -1 -1 648429 0 15 16 15 12.5 2 6 2 3
0 0 0 0 1 6 3 0 6 2 2 0 5 6 5 4 3 0 0 649263 0 15 16 15 10.6667 2 8 0 3
0 0 0 0 1 6 1 0 6 2 2 0 5 -1 -1 -1 -1 -1 -1 650262 0 15 16 15 10 2 8 0 3
0 0 0 0 6 1 1 0 6 2 2 0 4 -1 -1 -1 -1 -1 -1 651229 0 15 16 15 12.5 2 8 0 3
0 0 0 0 6 1 1 0 6 2 2 0 4 -1 -1 -1 -1 -1 -1 652029 0 15 16 15 12.5 2 8 0 3
0 0 0 0 8 1 1 0 6 2 2 0 4 4 5 4 0 0 1 652828 0 15 16 15 11.5 2 4 2 3
0 0 0 0 6 1 1 0 6 2 2 0 4 -1 -1 -1 -1 -1 -1 653828 0 15 16 15 10 2 4 2 3
0 0 0 0 6 1 1 0 6 2 2 0 4 -1 -1 -1 -1 -1 -1 654761 0 15 16 15 12.5 2 4 2 3
0 0 0 0 6 1 1 0 6 2 2 0 4 -1 -1 -1 -1 -1 -1 655561 0 15 16 15 12.5 2 4 2 3
0 0 0 0 6 1 3 0 6 2 2 0 4 6 5 4 2 0 0 656394 0 15 16 15 11 2 6 2 3
0 0 0 0 1 6 1 0 6 2 2 0 5 -1 -1 -1 -1 -1 -1 657361 0 15 16 15 10 2 6 2 3
0 0 0 0 1 6 1 0 6 2 2 0 5 -1 -1 -1 -1 -1 -1 658260 0 15 16 15 12.5 2 6 2 3
0 0 0 0 1 6 1 0 6 2 2 0 5 -1 -1 -1 -1 -1 -1 659060 0 15 16 15 12.5 2 6 2 3
0 0 0 0 1 8 1 0 6 2 2 0 5 5 5 4 3 0 1 659927 0 15 16 15 10 2 5 2 3
0 0 0 0 1 6 1 0 6 2 2 0 5 -1 -1 -1 -1 -1 -1 660726 0 15 16 15 12.5 2 5 2 3
0 0 0 0 1 1 6 0 6 2 2 0 6 -1 -1 -1 -1 -1 -1 661526 0 15 16 15 12.3333 2 5 2 3
0 0 0 0 1 1 6 0 6 2 2 0 6 -1 -1 -1 -1 -1 -1 662493 0 15 16 15 10 2 5 2 3
0 0 0 0 1 1 8 0 6 2 2 0 6 6 5 4 0 0 1 663492 0 15 16 15 10 2 6 2 3
0 0 0 0 1 6 1 0 7 2 2 0 5 -1 -1 -1 -1 -1 -1 673090 0 15 16 15 60 2 8 0 3
0 0 0 0 1 6 1 0 7 2 2 0 5 -1 -1 -1 -1 -1 -1 673257 0 15 16 15 60 2 8 0 3
0 0 0 0 1 6 1 0 7 2 2 0 5 -1 -1 -1 -1 -1 -1 673423 0 15 16 15 60 2 6 2 3
0 0 0 0 1 6 1 0 7 2 2 0 5 -1 -1 -1 -1 -1 -1 673590 0 15 16 15 50 2 6 2 3
0 0 0 0 1 6 1 0 7 2 2 0 5 -1 -1 -1 -1 -1 -1 673890 0 15 16 15 20 2 6 2 3
0 0 0 0 1 6 1 0 7 2 2 0 5 -1 -1 -1 -1 -1 -1 674823 0 15 16 15 10 2 6 2 3
0 0 0 0 1 6 1 0 7 2 2 0 5 -1 -1 -1 -1 -1 -1 675823 0 15 16 15 10 2 5 2 3
0 0 0 0 1 6 1 0 7 2 2 0 5 -1 -1 -1 -1 -1 -1 676823 0 15 16 15 10 2 5 2 3
0 0 0 0 1 6 1 0 7 2 2 0 5 -1 -1 -1 -1 -1 -1 677822 0 15 16 15 10 2 5 2 3
0 0 0 0 1 6 1 0 7 2 2 0 5 -1 -1 -1 -1 -1 -1 678822 0 15 16 15 10 2 5 2 3
0 0 0 0 1 6 3 0 7 2 2 0 5 6 5 4 1 0 0 679822 0 15 16 15 10 2 5 2 3
0 0 0 0 1 6 1 0 7 2 2 0 5 -1 -1 -1 -1 -1 -1 680822 0 15 16 15 10 2 5 2 3
0 0 0 0 1 6 1 0 7 2 2 0 5 -1 -1 -1 -1 -1 -1 681821 0 15 16 15 10 2 5 2 3
0 0 0 0 1 6 1 0 7 2 2 0 5 -1 -1 -1 -1 -1 -1 682821 0 15 16 15 10 2 5 2 3
0 0 0 0 3 6 1 0 7 2 2 0 5 4 5 4 3 0 0 683821 0 15 16 15 10 2 4 2 3
0 0 0 0 1 6 1 0 7 2 2 0 5 -1 -1 -1 -1 -1 -1 684821 0 15 16 15 10 2 4 2 3
0 0 0 0 1 6 1 0 7 2 2 0 5 -1 -1 -1 -1 -1 -1 685820 0 15 16 15 10 2 4 2 3
0 0 0 0 1 6 1 0 7 2 2 0 5 -1 -1 -1 -1 -1 -1 686820 0 15 16 15 10 2 4 2 3
0 0 0 0 1 6 3 0 7 2 2 0 5 6 5 4 0 0 0 687820 0 15 16 15 10 2 5 2 3
0 0 0 0 1 6 1 0 7 2 2 0 5 -1 -1 -1 -1 -1 -1 688820 0 15 16 15 10 2 5 2 3
0 0 0 0 1 6 1 0 7 2 2 0 5 -1 -1 -1 -1 -1 -1 689819 0 15 16 15 10 2 5 2 3
0 0 0 0 1 1 6 0 7 2 2 0 6 -1 -1 -1 -1 -1 -1 690819 0 15 16 15 10 2 5 2 3
0 0 0 0 1 3 6 0 7 2 2 0 6 5 5 4 1 0 0 691819 0 15 16 15 10 2 5 2 3
0 0 0 0 1 1 6 0 7 2 2 0 6 -1 -1 -1 -1 -1 -1 692819 0 15 16 15 10 2 5 2 3
0 0 0 0 1 1 6 0 7 2 2 0 6 -1 -1 -1 -1 -1 -1 693718 0 15 16 15 12.5 2 5 2 3
0 0 0 0 1 1 6 0 7 2 2 0 6 -1 -1 -1 -1 -1 -1 694518 0 15 16 15 12.5 2 5 2 3
0 0 0 0 1 1 7 0 7 2 2 0 6 6 5 4 0 1 1 695385 0 15 16 15 10 2 5 2 3
0 0 0 0 1 6 1 0 7 2 2 0 5 -1 -1 -1 -1 -1 -1 696384 0 15 16 15 10 2 5 2 3
0 0 0 0 1 6 1 0 7 2 2 0 5 -1 -1 -1 -1 -1 -1 697384 0 15 16 15 10 2 5 2 3
0 0 0 0 1 6 1 0 7 2 2 0 5 -1 -1 -1 -1 -1 -1 698384 0 15 16 15 10 2 5 2 3
0 0 0 0 3 6 1 0 7 2 2 0 5 4 5 4 3 0 0 699384 0 15 16 15 10 2 8 0 3
0 0 0 0 1 6 1 0 7 2 2 0 5 -1 -1 -1 -1 -1 -1 700383 0 15 16 15 10 2 8 0 3
0 0 0 0 1 6 1 0 7 2 2 0 5 -1 -1 -1 -1 -1 -1 701350 0 15 16 15 12.5 2 8 0 3
0 0 0 0 1 6 1 0 7 2 2 0 5 -1 -1 -1 -1 -1 -1 702150 0 15 16 15 12.5 2 8 0 3
0 0 0 0 1 7 1 0 7 2 2 0 5 5 5 4 0 1 1 702983 0 15 16 15 11.5 2 6 2 3
0 0 0 0 1 6 1 0 7 2 2 0 5 -1 -1 -1 -1 -1 -1 703749 0 15 16 16 13 2 6 2 3
0 0 0 0 1 6 1 0 7 2 2 0 5 -1 -1 -1 -1 -1 -1 704516 0 15 16 16 16.25 2 6 2 3
0 0 0 0 1 6 1 0 7 2 2 0 5 -1 -1 -1 -1 -1 -1 705116 0 15 16 16 16.25 2 6 2 3
0 0 0 0 1 7 1 0 7 2 2 0 5 5 5 4 3 1 1 705715 0 15 16 16 16.25 2 5 2 3
0 0 0 0 1 6 1 0 7 2 2 0 5 -1 -1 -1 -1 -1 -1 706382 0 15 16 16 13.4333 2 5 2 3
0 0 0 0 1 6 1 0 7 2 2 0 5 -1 -1 -1 -1 -1 -1 707115 0 15 16 16 16.25 2 5 2 3
0 0 0 0 1 6 1 0 7 2 2 0 5 -1 -1 -1 -1 -1 -1 707715 0 15 16 16 16.25 2 5 2 3
0 0 0 0 1 7 1 0 7 2 2 0 5 5 5 4 0 1 1 708315 0 15 16 16 16.25 2 5 2 3
0 0 0 0 1 6 1 0 7 2 2 0 5 -1 -1 -1 -1 -1 -1 709015 0 15 16 16 13 2 5 2 3
0 0 0 0 1 6 1 0 7 2 2 0 5 -1 -1 -1 -1 -1 -1 709781 0 15 16 16 13 2 5 2 3
0 0 0 0 1 6 1 0 7 2 2 0 5 -1 -1 -1 -1 -1 -1 710548 0 15 16 16 13 2 5 2 3
0 0 0 0 1 6 3 0 7 2 2 0 5 6 5 4 2 0 0 711314 0 15 16 16 13 2 4 2 3
0 0 0 0 1 6 1 0 7 2 2 0 5 -1 -1 -1 -1 -1 -1 712081 0 15 16 16 13 2 4 2 3
0 0 0 0 1 6 1 0 7 2 2 0 5 -1 -1 -1 -1 -1 -1 712847 0 15 16 16 13 2 4 2 3
0 0 0 0 1 1 6 0 7 2 2 0 6 -1 -1 -1 -1 -1 -1 713580 0 15 16 16 16.25 2 4 2 3
0 0 0 0 1 1 8 0 7 2 2 0 6 6 5 4 3 0 1 714180 0 15 16 16 16.25 2 5 2 3
0 0 0 0 1 1 6 0 7 2 2 0 6 -1 -1 -1 -1 -1 -1 714980 0 15 16 15 12 2 5 2 3
0 0 0 0 1 6 1 0 7 2 2 0 5 -1 -1 -1 -1 -1 -1 715913 0 15 16 15 12.5 2 5 2 3
0 0 0 0 1 6 1 0 7 2 2 0 5 -1 -1 -1 -1 -1 -1 716713 0 15 16 15 12.5 2 5 2 3
0 0 0 0 1 6 3 0 7 2 2 0 5 6 5 4 1 0 0 717513 0 15 16 15 11.5 2 5 2 3
0 0 0 0 1 6 1 0 7 2 2 0 5 -1 -1 -1 -1 -1 -1 718479 0 15 16 15 10 2 5 2 3
0 0 0 0 1 6 1 0 7 2 2 0 5 -1 -1 -1 -1 -1 -1 719379 0 15 16 15 12.5 2 5 2 3
0 0 0 0 1 6 1 0 7 2 2 0 5 -1 -1 -1 -1 -1 -1 720179 0 15 16 15 12.5 2 5 2 3
0 0 0 0 3 6 1 0 7 2 2 0 5 4 5 4 0 0 0 721045 0 15 16 15 10 2 5 2 3
0 0 0 0 1 6 1 0 7 2 2 0 5 -1 -1 -1 -1 -1 -1 722045 0 15 16 15 10 2 5 2 3
0 0 0 0 6 1 1 0 7 2 2 0 4 -1 -1 -1 -1 -1 -1 723011 0 15 16 15 12.5 2 5 2 3
0 0 0 0 6 1 1 0 7 2 2 0 4 -1 -1 -1 -1 -1 -1 723811 0 15 16 15 12.5 2 5 2 3
0 0 0 0 6 3 1 0 7 2 2 0 4 5 5 4 2 0 0 724611 0 15 16 15 11.3333 2 8 0 3
0 0 0 0 6 1 1 0 7 2 2 0 4 -1 -1 -1 -1 -1 -1 725611 0 15 16 15 10 2 8 0 3
0 0 0 0 6 1 1 0 7 2 2 0 4 -1 -1 -1 -1 -1 -1 726444 0 15 16 15 12.5 2 8 0 3
0 0 0 0 6 1 1 0 7 2 2 0 4 -1 -1 -1 -1 -1 -1 727244 0 15 16 15 12.5 2 8 0 3
0 0 0 0 7 1 1 0 7 2 2 0 4 4 5 4 0 1 1 728143 0 15 16 15 10 2 6 2 3
0 0 0 0 6 1 1 0 7 2 2 0 4 -1 -1 -1 -1 -1 -1 729143 0 15 16 15 10 2 6 2 3
0 0 0 0 1 6 1 0 7 2 2 0 5 -1 -1 -1 -1 -1 -1 730110 0 15 16 15 12.5 2 6 2 3
0 0 0 0 1 6 1 0 7 2 2 0 5 -1 -1 -1 -1 -1 -1 730909 0 15 16 15 12.5 2 6 2 3
0 0 0 0 1 6 3 0 7 2 2 0 5 6 5 4 1 0 0 731709 0 15 16 15 11.1667 2 5 2 3
0 0 0 0 1 6 1 0 7 2 2 0 5 -1 -1 -1 -1 -1 -1 732709 0 15 16 15 10 2 5 2 3
0 0 0 0 1 6 1 0 7 2 2 0 5 -1 -1 -1 -1 -1 -1 733609 0 15 16 15 12.5 2 5 2 3
0 0 0 0 1 6 1 0 7 2 2 0 5 -1 -1 -1 -1 -1 -1 734408 0 15 16 15 12.5 2 5 2 3
0 0 0 0 3 6 1 0 7 2 2 0 5 4 5 4 2 0 0 735275 0 15 16 15 10 2 5 2 3
0 0 0 0 1 6 1 0 7 2 2 0 5 -1 -1 -1 -1 -1 -1 736175 0 15 16 15 12.5 2 5 2 3
0 0 0 0 1 6 1 0 7 2 2 0 5 -1 -1 -1 -1 -1 -1 736975 0 15 16 15 12.5 2 5 2 3
0 0 0 0 1 6 1 0 7 2 2 0 5 -1 -1 -1 -1 -1 -1 737841 0 15 16 15 10 2 5 2 3
0 0 0 0 3 6 1 0 7 2 2 0 5 4 5 4 3 0 0 738841 0 15 16 15 12.5 2 4 2 3
0 0 0 0 1 6 1 0 7 2 2 0 5 -1 -1 -1 -1 -1 -1 739641 0 15 16 15 12.5 2 4 2 3
0 0 0 0 1 1 6 0 7 2 2 0 6 -1 -1 -1 -1 -1 -1 740440 0 15 16 15 12 2 4 2 3
0 0 0 0 1 1 6 0 7 2 2 0 6 -1 -1 -1 -1 -1 -1 741273 0 15 16 15 12.5 2 4 2 3
0 0 0 0 1 1 7 0 7 2 2 0 6 6 5 4 2 1 1 742073 0 15 16 15 12.5 2 5 2 3
0 0 0 0 1 6 1 0 7 2 2 0 5 -1 -1 -1 -1 -1 -1 673090 0 15 16 15 60 2 8 0 3
0 0 0 0 1 6 1 0 7 2 2 0 5 -1 -1 -1 -1 -1 -1 673257 0 15 16 15 60 2 8 0 3
0 0 0 0 1 6 1 0 7 2 2 0 5 -1 -1 -1 -1 -1 -1 673423 0 15 16 15 60 2 6 2 3
0 0 0 0 1 6 1 0 7 2 2 0 5 -1 -1 -1 -1 -1 -1 673590 0 15 16 15 50 2 6 2 3
0 0 0 0 1 6 1 0 7 2 2 0 5 -1 -1 -1 -1 -1 -1 673890 0 15 16 15 20 2 6 2 3
0 0 0 0 1 6 1 0 7 2 2 0 5 -1 -1 -1 -1 -1 -1 674823 0 15 16 15 10 2 6 2 3
0 0 0 0 1 6 1 0 7 2 2 0 5 -1 -1 -1 -1 -1 -1 675823 0 15 16 15 10 2 5 2 3
0 0 0 0 1 6 1 0 7 2 2 0 5 -1 -1 -1 -1 -1 -1 676823 0 15 16 15 10 2 5 2 3
0 0 0 0 1 6 1 0 7 2 2 0 5 -1 -1 -1 -1 -1 -1 677822 0 15 16 15 10 2 5 2 3
0 0 0 0 1 6 1 0 7 2 2 0 5 -1 -1 -1 -1 -1 -1 678822 0 15 16 15 10 2 5 2 3
0 0 0 0 1 6 3 0 7 2 2 0 5 6 5 4 1 0 0 679822 0 15 16 15 10 2 5 2 3
0 0 0 0 1 6 1 0 7 2 2 0 5 -1 -1 -1 -1 -1 -1 680822 0 15 16 15 10 2 5 2 3
0 0 0 0 1 6 1 0 7 2 2 0 5 -1 -1 -1 -1 -1 -1 681821 0 15 16 15 10 2 5 2 3
0 0 0 0 1 6 1 0 7 2 2 0 5 -1 -1 -1 -1 -1 -1 682821 0 15 16 15 10 2 5 2 3
0 0 0 0 3 6 1 0 7 2 2 0 5 4 5 4 3 0 0 683821 0 15 16 15 10 2 4 2 3
0 0 0 0 1 6 1 0 7 2 2 0 5 -1 -1 -1 -1 -1 -1 684821 0 15 16 15 10 2 4 2 3
0 0 0 0 1 6 1 0 7 2 2 0 5 -1 -1 -1 -1 -1 -1 685820 0 15 16 15 10 2 4 2 3
0 0 0 0 1 6 1 0 7 2 2 0 5 -1 -1 -1 -1 -1 -1 686820 0 15 16 15 10 2 4 2 3
0 0 0 0 1 6 3 0 7 2 2 0 5 6 5 4 0 0 0 687820 0 15 16 15 10 2 5 2 3
0 0 0 0 1 6 1 0 7 2 2 0 5 -1 -1 -1 -1 -1 -1 688820 0 15 16 15 10 2 5 2 3
0 0 0 0 1 6 1 0 7 2 2 0 5 -1 -1 -1 -1 -1 -1 689819 0 15 16 15 10 2 5 2 3
0 0 0 0 1 1 6 0 7 2 2 0 6 -1 -1 -1 -1 -1 -1 690819 0 15 16 15 10 2 5 2 3
0 0 0 0 1 3 6 0 7 2 2 0 6 5 5 4 1 0 0 691819 0 15 16 15 10 2 5 2 3
0 0 0 0 1 1 6 0 7 2 2 0 6 -1 -1 -1 -1 -1 -1 692819 0 15 16 15 10 2 5 2 3
0 0 0 0 1 1 6 0 7 2 2 0 6 -1 -1 -1 -1 -1 -1 693718 0 15 16 15 12.5 2 5 2 3
0 0 0 0 1 1 6 0 7 2 2 0 6 -1 -1 -1 -1 -1 -1 694518 0 15 16 15 12.5 2 5 2 3
0 0 0 0 1 1 7 0 7 2 2 0 6 6 5 4 0 1 1 695385 0 15 16 15 10 2 5 2 3
0 0 0 0 1 6 1 0 7 2 2 0 5 -1 -1 -1 -1 -1 -1 696384 0 15 16 15 10 2 5 2 3
0 0 0 0 1 6 1 0 7 2 2 0 5 -1 -1 -1 -1 -1 -1 697384 0 15 16 15 10 2 5 2 3
0 0 0 0 1 6 1 0 7 2 2 0 5 -1 -1 -1 -1 -1 -1 698384 0 15 16 15 10 2 5 2 3
0 0 0 0 3 6 1 0 7 2 2 0 5 4 5 4 3 0 0 699384 0 15 16 15 10 2 8 0 3
0 0 0 0 1 6 1 0 7 2 2 0 5 -1 -1 -1 -1 -1 -1 700383 0 15 16 15 10 2 8 0 3
0 0 0 0 1 6 1 0 7 2 2 0 5 -1 -1 -1 -1 -1 -1 701350 0 15 16 15 12.5 2 8 0 3
0 0 0 0 1 6 1 0 7 2 2 0 5 -1 -1 -1 -1 -1 -1 702150 0 15 16 15 12.5 2 8 0 3
0 0 0 0 1 7 1 0 7 2 2 0 5 5 5 4 0 1 1 702983 0 15 16 15 11.5 2 6 2 3
0 0 0 0 1 6 1 0 7 2 2 0 5 -1 -1 -1 -1 -1 -1 703749 0 15 16 16 13 2 6 2 3
0 0 0 0 1 6 1 0 7 2 2 0 5 -1 -1 -1 -1 -1 -1 704516 0 15 16 16 16.25 2 6 2 3
0 0 0 0 1 6 1 0 7 2 2 0 5 -1 -1 -1 -1 -1 -1 705116 0 15 16 16 16.25 2 6 2 3
0 0 0 0 1 7 1 0 7 2 2 0 5 5 5 4 3 1 1 705715 0 15 16 16 16.25 2 5 2 3
0 0 0 0 1 6 1 0 7 2 2 0 5 -1 -1 -1 -1 -1 -1 706382 0 15 16 16 13.4333 2 5 2 3
0 0 0 0 1 6 1 0 7 2 2 0 5 -1 -1 -1 -1 -1 -1 707115 0 15 16 16 16.25 2 5 2 3
0 0 0 0 1 6 1 0 7 2 2 0 5 -1 -1 -1 -1 -1 -1 707715 0 15 16 16 16.25 2 5 2 3
0 0 0 0 1 7 1 0 7 2 2 0 5 5 5 4 0 1 1 708315 0 15 16 16 16.25 2 5 2 3
0 0 0 0 1 6 1 0 7 2 2 0 5 -1 -1 -1 -1 -1 -1 709015 0 15 16 16 13 2 5 2 3
0 0 0 0 1 6 1 0 7 2 2 0 5 -1 -1 -1 -1 -1 -1 709781 0 15 16 16 13 2 5 2 3
0 0 0 0 1 6 1 0 7 2 2 0 5 -1 -1 -1 -1 -1 -1 710548 0 15 16 16 13 2 5 2 3
0 0 0 0 1 6 3 0 7 2 2 0 5 6 5 4 2 0 0 711314 0 15 16 16 13 2 4 2 3
0 0 0 0 1 6 1 0 7 2 2 0 5 -1 -1 -1 -1 -1 -1 712081 0 15 16 16 13 2 4 2 3
0 0 0 0 1 6 1 0 7 2 2 0 5 -1 -1 -1 -1 -1 -1 712847 0 15 16 16 13 2 4 2 3
0 0 0 0 1 1 6 0 7 2 2 0 6 -1 -1 -1 -1 -1 -1 713580 0 15 16 16 16.25 2 4 2 3
0 0 0 0 1 1 8 0 7 2 2 0 6 6 5 4 3 0 1 714180 0 15 16 16 16.25 2 5 2 3
0 0 0 0 1 1 6 0 7 2 2 0 6 -1 -1 -1 -1 -1 -1 714980 0 15 16 15 12 2 5 2 3
0 0 0 0 1 6 1 0 7 2 2 0 5 -1 -1 -1 -1 -1 -1 715913 0 15 16 15 12.5 2 5 2 3
0 0 0 0 1 6 1 0 7 2 2 0 5 -1 -1 -1 -1 -1 -1 716713 0 15 16 15 12.5 2 5 2 3
0 0 0 0 1 6 3 0 7 2 2 0 5 6 5 4 1 0 0 717513 0 15 16 15 11.5 2 5 2 3
0 0 0 0 1 6 1 0 7 2 2 0 5 -1 -1 -1 -1 -1 -1 718479 0 15 16 15 10 2 5 2 3
0 0 0 0 1 6 1 0 7 2 2 0 5 -1 -1 -1 -1 -1 -1 719379 0 15 16 15 12.5 2 5 2 3
0 0 0 0 1 6 1 0 7 2 2 0 5 -1 -1 -1 -1 -1 -1 720179 0 15 16 15 12.5 2 5 2 3
0 0 0 0 3 6 1 0 7 2 2 0 5 4 5 4 0 0 0 721045 0 15 16 15 10 2 5 2 3
0 0 0 0 1 6 1 0 7 2 2 0 5 -1 -1 -1 -1 -1 -1 722045 0 15 16 15 10 2 5 2 3
0 0 0 0 6 1 1 0 7 2 2 0 4 -1 -1 -1 -1 -1 -1 723011 0 15 16 15 12.5 2 5 2 3
0 0 0 0 6 1 1 0 7 2 2 0 4 -1 -1 -1 -1 -1 -1 723811 0 15 16 15 12.5 2 5 2 3
0 0 0 0 6 3 1 0 7 2 2 0 4 5 5 4 2 0 0 724611 0 15 16 15 11.3333 2 8 0 3
0 0 0 0 6 1 1 0 7 2 2 0 4 -1 -1 -1 -1 -1 -1 725611 0 15 16 15 10 2 8 0 3
0 0 0 0 6 1 1 0 7 2 2 0 4 -1 -1 -1 -1 -1 -1 726444 0 15 16 15 12.5 2 8 0 3
0 0 0 0 6 1 1 0 7 2 2 0 4 -1 -1 -1 -1 -1 -1 727244 0 15 16 15 12.5 2 8 0 3
0 0 0 0 7 1 1 0 7 2 2 0 4 4 5 4 0 1 1 728143 0 15 16 15 10 2 6 2 3
0 0 0 0 6 1 1 0 7 2 2 0 4 -1 -1 -1 -1 -1 -1 729143 0 15 16 15 10 2 6 2 3
0 0 0 0 1 6 1 0 7 2 2 0 5 -1 -1 -1 -1 -1 -1 730110 0 15 16 15 12.5 2 6 2 3
0 0 0 0 1 6 1 0 7 2 2 0 5 -1 -1 -1 -1 -1 -1 730909 0 15 16 15 12.5 2 6 2 3
0 0 0 0 1 6 3 0 7 2 2 0 5 6 5 4 1 0 0 731709 0 15 16 15 11.1667 2 5 2 3
0 0 0 0 1 6 1 0 7 2 2 0 5 -1 -1 -1 -1 -1 -1 732709 0 15 16 15 10 2 5 2 3
0 0 0 0 1 6 1 0 7 2 2 0 5 -1 -1 -1 -1 -1 -1 733609 0 15 16 15 12.5 2 5 2 3
0 0 0 0 1 6 1 0 7 2 2 0 5 -1 -1 -1 -1 -1 -1 734408 0 15 16 15 12.5 2 5 2 3
0 0 0 0 3 6 1 0 7 2 2 0 5 4 5 4 2 0 0 735275 0 15 16 15 10 2 5 2 3
0 0 0 0 1 6 1 0 7 2 2 0 5 -1 -1 -1 -1 -1 -1 736175 0 15 16 15 12.5 2 5 2 3
0 0 0 0 1 6 1 0 7 2 2 0 5 -1 -1 -1 -1 -1 -1 736975 0 15 16 15 12.5 2 5 2 3
0 0 0 0 1 6 1 0 7 2 2 0 5 -1 -1 -1 -1 -1 -1 737841 0 15 16 15 10 2 5 2 3
0 0 0 0 3 6 1 0 7 2 2 0 5 4 5 4 3 0 0 738841 0 15 16 15 12.5 2 4 2 3
0 0 0 0 1 6 1 0 7 2 2 0 5 -1 -1 -1 -1 -1 -1 739641 0 15 16 15 12.5 2 4 2 3
0 0 0 0 1 1 6 0 7 2 2 0 6 -1 -1 -1 -1 -1 -1 740440 0 15 16 15 12 2 4 2 3
0 0 0 0 1 1 6 0 7 2 2 0 6 -1 -1 -1 -1 -1 -1 741273 0 15 16 15 12.5 2 4 2 3
0 0 0 0 1 1 7 0 7 2 2 0 6 6 5 4 2 1 1 742073 0 15 16 15 12.5 2 5 2 3
