% Tunnel Log: 
% debug seed: 1462577380
%
% SegEncNW { '0'=no panel, '1'=panel, '4'=obstacle, '5'=collided obstacle, '6'=player, '7'=player right, '8'=player wrong, '2'=target, '3'=fake }
% SegEncN
% SegEncNE
% SegEncE
% SegEncSE
% SegEncS
% SegEncSW
% SegEncW
% Event Number { 0, inf }
% Task Type { 0=Color/Sound, 1=Shape/Sound, 2=Sound, 3=Navigation, 4=Speed, 5=Training 6=Recess, 7=Special 2-Back }
% N-Back { 0, inf }
% Navigation Level { 0, inf }
% Player Loc { 0=Northwest ... 7=West }
% Pod Loc { -1=N/A, 0=Northwest ... 7=West }
% Pod Color { -1, inf }
% Pod Shape { -1, inf }
% Pod Sound { -1, inf }
% Pod Match { -1=N/A, 0=No, 1=Yes }
% Pod Taken { -1=N/A, 0=No, 1=Yes }
% Timestamp (ms)
% Num Obstacles { 0, inf }
% Min Speed { 0, inf }
% Max Speed { 0, inf }
% Base Speed { 0, inf }
% Final Speed { 0, inf }
% Navigation Score { 0, inf }
% Segment Direction { 0=Northwest ... 7=West }
% Segment Angle { 0, inf }
% Segment Panels { 0, inf }
%
% SegEncNW SecEncN SegEncNE SegEncE SegEncSE SegEncS SegEncSW SegEncW EventNumber TaskType N-Back Navigation PlayerLoc PodLoc PodColor PodShape PodSound PodMatch PodTaken Timestamp NumObs MinSpeed MaxSpeed BaseSpeed FinalSpeed NavScore SegmentDir SegmentAngle SegmentPanels
0 0 0 0 1 6 1 0 0 3 1 0 5 -1 -1 -1 -1 -1 -1 10633 0 15 40 15 60 2 8 0 3
0 0 0 0 1 6 1 0 0 3 1 0 5 -1 -1 -1 -1 -1 -1 10800 0 15 40 15 60 2 8 0 3
0 0 0 0 1 6 1 0 0 3 1 0 5 -1 -1 -1 -1 -1 -1 10966 0 15 40 15 60 2 4 2 3
0 0 0 0 1 6 1 0 0 3 1 0 5 -1 -1 -1 -1 -1 -1 11133 0 15 40 15 50 2 4 2 3
0 0 0 0 1 6 1 0 0 3 1 0 5 -1 -1 -1 -1 -1 -1 11433 0 15 40 15 20 2 4 2 3
0 0 0 0 1 6 1 0 0 3 1 0 5 -1 -1 -1 -1 -1 -1 12366 0 15 40 15 10 2 4 2 3
0 0 0 0 1 6 1 0 0 3 1 0 5 -1 -1 -1 -1 -1 -1 13366 0 15 40 15 10 2 5 2 3
0 0 0 0 1 6 1 0 0 3 1 0 5 -1 -1 -1 -1 -1 -1 14366 0 15 40 15 10 2 5 2 3
0 0 0 0 1 6 1 0 0 3 1 0 5 -1 -1 -1 -1 -1 -1 15266 0 15 40 15 12.5 2 5 2 3
0 0 0 0 1 6 1 0 0 3 1 0 5 -1 -1 -1 -1 -1 -1 16066 0 15 40 15 12.5 2 5 2 3
0 0 0 0 1 7 1 0 0 3 1 0 5 5 5 4 4 1 1 16933 0 15 40 15 10 2 6 2 3
0 0 0 0 1 1 6 0 0 3 1 0 6 -1 -1 -1 -1 -1 -1 17933 0 15 40 15 10 2 6 2 3
0 0 0 0 1 1 6 0 0 3 1 0 6 -1 -1 -1 -1 -1 -1 18800 0 15 40 15 12.5 2 6 2 3
0 0 0 0 1 1 6 0 0 3 1 0 6 -1 -1 -1 -1 -1 -1 19600 0 15 40 15 12.5 2 6 2 3
0 0 0 0 1 1 7 0 0 3 1 0 6 6 5 4 4 1 1 20466 0 15 40 15 12.5 2 5 2 3
0 0 0 0 1 1 6 0 0 3 1 0 6 -1 -1 -1 -1 -1 -1 21133 0 15 40 16 16.25 2 5 2 3
0 0 0 0 1 6 1 0 0 3 1 0 5 -1 -1 -1 -1 -1 -1 21733 0 15 40 16 16.25 2 5 2 3
0 0 0 0 1 6 1 0 0 3 1 0 5 -1 -1 -1 -1 -1 -1 22400 0 15 40 16 13.2167 2 5 2 3
0 0 0 0 1 7 1 0 0 3 1 0 5 5 5 4 4 1 1 23099 0 15 40 16 16.25 2 4 2 3
0 0 0 0 1 6 1 0 0 3 1 0 5 -1 -1 -1 -1 -1 -1 23699 0 15 40 16 16.25 2 4 2 3
0 0 0 0 1 6 1 0 0 3 1 0 5 -1 -1 -1 -1 -1 -1 24333 0 15 40 16 16.25 2 4 2 3
0 0 0 0 1 6 1 0 0 3 1 0 5 -1 -1 -1 -1 -1 -1 24999 0 15 40 16 16.25 2 4 2 3
0 0 0 1 1 7 1 1 0 3 1 0 5 5 5 4 4 1 1 25633 0 15 40 16 16.25 2 4 2 5
0 0 0 1 1 6 1 1 0 3 1 1 5 -1 -1 -1 -1 -1 -1 26133 0 15 40 17 20 2 4 2 5
0 0 0 1 1 6 1 1 0 3 1 1 5 -1 -1 -1 -1 -1 -1 26666 0 15 40 17 18.4 2 4 2 5
0 0 0 1 1 6 1 1 0 3 1 1 5 -1 -1 -1 -1 -1 -1 27233 0 15 40 17 20 2 4 2 5
0 0 0 1 1 7 1 1 0 3 1 1 5 5 5 4 4 1 1 27733 0 15 40 17 20 2 4 2 5
0 0 0 1 1 6 1 1 0 3 1 1 5 -1 -1 -1 -1 -1 -1 28233 0 15 40 17 20 2 4 2 5
0 0 0 1 6 1 1 1 0 3 1 1 4 -1 -1 -1 -1 -1 -1 28733 0 15 40 17 19.2 2 4 2 5
0 0 0 1 6 1 1 1 0 3 1 1 4 -1 -1 -1 -1 -1 -1 29233 0 15 40 17 20 2 4 2 5
0 0 0 1 7 1 1 1 0 3 1 1 4 4 5 4 4 1 1 29733 0 15 40 17 20 2 8 0 5
0 0 0 1 6 1 1 1 0 3 1 1 4 -1 -1 -1 -1 -1 -1 30166 0 15 40 18 23.75 2 8 0 5
0 0 0 1 1 6 1 1 0 3 1 1 5 -1 -1 -1 -1 -1 -1 30599 0 15 40 18 21.5333 2 8 0 5
0 0 0 1 1 6 1 1 0 3 1 1 5 -1 -1 -1 -1 -1 -1 31033 0 15 40 18 23.75 2 8 0 5
0 0 0 1 1 7 1 1 0 3 1 1 5 5 5 4 4 1 1 31466 0 15 40 18 23.75 2 4 2 5
0 0 0 1 1 6 1 1 0 3 1 1 5 -1 -1 -1 -1 -1 -1 31866 0 15 40 18 23.75 2 4 2 5
0 0 0 1 6 1 1 1 0 3 1 1 4 -1 -1 -1 -1 -1 -1 32299 0 15 40 18 23.4333 2 4 2 5
0 0 0 6 1 1 1 1 0 3 1 1 3 -1 -1 -1 -1 -1 -1 32733 0 15 40 18 23.75 2 4 2 5
0 0 0 7 1 1 1 1 0 3 1 1 3 3 5 4 4 1 1 33166 0 15 40 18 23.75 2 5 2 5
0 0 0 6 1 1 1 1 0 3 1 1 3 -1 -1 -1 -1 -1 -1 33566 0 15 40 19 26.25 2 5 2 5
0 0 0 6 1 1 1 1 0 3 1 1 3 -1 -1 -1 -1 -1 -1 33933 0 15 40 19 26.25 2 5 2 5
0 0 0 6 1 1 1 1 0 3 1 1 3 -1 -1 -1 -1 -1 -1 34333 0 15 40 19 24.15 2 5 2 5
0 0 0 7 1 1 1 1 0 3 1 1 3 3 5 4 4 1 1 34733 0 15 40 19 26.25 2 6 2 5
0 0 0 6 1 1 1 1 0 3 1 1 3 -1 -1 -1 -1 -1 -1 35099 0 15 40 19 26.25 2 6 2 5
0 0 0 6 1 1 1 1 0 3 1 1 3 -1 -1 -1 -1 -1 -1 35499 0 15 40 19 26.25 2 6 2 5
0 0 0 6 1 1 1 1 0 3 1 1 3 -1 -1 -1 -1 -1 -1 35866 0 15 40 19 26.25 2 6 2 5
0 0 0 7 1 1 1 1 0 3 1 1 3 3 5 4 4 1 1 36266 0 15 40 19 24.15 2 5 2 5
0 0 0 6 1 1 1 1 0 3 1 2 3 -1 -1 -1 -1 -1 -1 36699 0 15 40 20 22 2 5 2 5
0 0 0 6 1 1 1 1 0 3 1 2 3 -1 -1 -1 -1 -1 -1 37133 0 15 40 20 27.5 2 5 2 5
0 0 0 6 1 1 1 1 0 3 1 2 3 -1 -1 -1 -1 -1 -1 37499 0 15 40 20 27.5 2 5 2 5
0 0 0 7 1 1 1 1 0 3 1 2 3 3 5 4 4 1 1 37866 0 15 40 20 27.5 2 4 2 5
0 0 0 6 1 1 1 1 0 3 1 2 3 -1 -1 -1 -1 -1 -1 38233 0 15 40 20 27.5 2 4 2 5
0 0 0 6 1 4 1 1 0 3 1 2 3 -1 -1 -1 -1 -1 -1 38599 1 15 40 20 27.5 2 4 2 5
0 0 0 1 6 1 1 1 0 3 1 2 4 -1 -1 -1 -1 -1 -1 38999 0 15 40 20 23.1 2 4 2 5
0 0 0 1 1 7 1 1 0 3 1 2 5 5 5 4 4 1 1 39433 0 15 40 20 22 2 4 2 5
0 0 0 1 1 6 1 1 0 3 1 2 5 -1 -1 -1 -1 -1 -1 39866 0 15 40 21 23 2 4 2 5
0 0 0 1 1 6 4 1 0 3 1 2 5 -1 -1 -1 -1 -1 -1 40299 1 15 40 21 23 2 4 2 5
0 0 0 1 1 1 1 6 0 3 1 2 7 -1 -1 -1 -1 -1 -1 40733 0 15 40 21 23 2 4 2 5
0 0 0 1 1 1 1 7 0 3 1 2 7 7 5 4 4 1 1 41166 0 15 40 21 23 2 4 2 5
0 0 0 1 1 6 1 1 0 3 1 2 5 -1 -1 -1 -1 -1 -1 41599 0 15 40 21 23 2 4 2 5
0 0 0 1 1 1 6 4 0 3 1 2 6 -1 -1 -1 -1 -1 -1 42033 1 15 40 21 23 2 4 2 5
0 0 0 1 1 1 1 6 0 3 1 2 7 -1 -1 -1 -1 -1 -1 42466 0 15 40 21 23 2 4 2 5
0 0 0 1 1 1 1 7 0 3 1 2 7 7 5 4 4 1 1 42899 0 15 40 21 23 2 8 0 5
0 0 0 1 1 1 1 6 0 3 1 2 7 -1 -1 -1 -1 -1 -1 43333 0 15 40 22 24 2 8 0 5
0 0 0 1 4 1 1 6 0 3 1 2 7 -1 -1 -1 -1 -1 -1 43733 1 15 40 22 30 2 8 0 5
0 0 0 1 1 1 1 6 0 3 1 2 7 -1 -1 -1 -1 -1 -1 44066 0 15 40 22 30 2 8 0 5
0 0 0 1 1 1 1 7 0 3 1 2 7 7 5 4 4 1 1 44399 0 15 40 22 30 2 4 2 5
0 0 0 1 1 1 1 6 0 3 1 2 7 -1 -1 -1 -1 -1 -1 44732 0 15 40 22 30 2 4 2 5
0 0 0 1 4 1 1 6 0 3 1 2 7 -1 -1 -1 -1 -1 -1 45066 1 15 40 22 30 2 4 2 5
0 0 0 1 1 1 1 6 0 3 1 2 7 -1 -1 -1 -1 -1 -1 45432 0 15 40 22 27.6 2 4 2 5
0 0 0 1 1 1 1 7 0 3 1 2 7 7 5 4 4 1 1 45799 0 15 40 22 24 2 5 2 5
0 0 0 1 1 1 6 1 0 3 1 2 6 -1 -1 -1 -1 -1 -1 46199 0 15 40 23 25 2 5 2 5
0 0 0 1 1 6 1 4 0 3 1 2 5 -1 -1 -1 -1 -1 -1 46599 1 15 40 23 25 2 5 2 5
0 0 0 1 1 6 1 1 0 3 1 2 5 -1 -1 -1 -1 -1 -1 46966 0 15 40 23 31.25 2 5 2 5
0 0 0 1 1 7 1 1 0 3 1 2 5 5 5 4 4 1 1 47299 0 15 40 23 31.25 2 6 2 5
0 0 0 1 1 6 1 1 0 3 1 2 5 -1 -1 -1 -1 -1 -1 47632 0 15 40 23 31.25 2 6 2 5
0 0 0 1 1 6 1 4 0 3 1 2 5 -1 -1 -1 -1 -1 -1 47932 1 15 40 23 31.25 2 6 2 5
0 0 0 1 6 1 1 1 0 3 1 2 4 -1 -1 -1 -1 -1 -1 48266 0 15 40 23 31.25 2 6 2 5
0 0 0 7 1 1 1 1 0 3 1 2 3 3 5 4 4 1 1 48599 0 15 40 23 28.3333 2 5 2 5
0 0 0 6 1 1 1 1 0 3 1 2 3 -1 -1 -1 -1 -1 -1 48966 0 15 40 24 25.5 2 5 2 5
0 0 0 1 6 1 4 1 0 3 1 2 4 -1 -1 -1 -1 -1 -1 49366 1 15 40 24 25.5 2 5 2 5
0 0 0 6 1 1 1 1 0 3 1 2 3 -1 -1 -1 -1 -1 -1 49732 0 15 40 24 25.5 2 5 2 5
0 0 0 7 1 1 1 1 0 3 1 2 3 3 5 4 4 1 1 50132 0 15 40 24 25.5 2 4 2 5
0 0 0 1 6 1 1 1 0 3 1 2 4 -1 -1 -1 -1 -1 -1 50532 0 15 40 24 25.5 2 4 2 5
0 0 0 4 6 1 1 1 0 3 1 2 4 -1 -1 -1 -1 -1 -1 50932 1 15 40 24 25.5 2 4 2 5
0 0 0 6 1 1 1 1 0 3 1 2 3 -1 -1 -1 -1 -1 -1 51299 0 15 40 24 25.5 2 4 2 5
0 0 0 7 1 1 1 1 0 3 1 2 3 3 5 4 4 1 1 51699 0 15 40 24 25.5 2 4 2 5
0 0 0 6 1 1 1 1 0 3 1 2 3 -1 -1 -1 -1 -1 -1 52099 0 15 40 25 26 2 4 2 5
0 0 0 6 1 1 1 4 0 3 1 2 3 -1 -1 -1 -1 -1 -1 52466 1 15 40 25 32.5 2 4 2 5
0 0 0 6 1 1 1 1 0 3 1 2 3 -1 -1 -1 -1 -1 -1 52766 0 15 40 25 32.5 2 4 2 5
0 0 0 7 1 1 1 1 0 3 1 2 3 3 5 4 4 1 1 53066 0 15 40 25 32.5 2 4 2 5
0 0 0 6 1 1 1 1 0 3 1 2 3 -1 -1 -1 -1 -1 -1 53366 0 15 40 25 32.5 2 4 2 5
0 0 0 6 1 1 4 1 0 3 1 2 3 -1 -1 -1 -1 -1 -1 53699 1 15 40 25 32.5 2 4 2 5
0 0 0 1 6 1 1 1 0 3 1 2 4 -1 -1 -1 -1 -1 -1 53999 0 15 40 25 31.2 2 4 2 5
0 0 0 1 7 1 1 1 0 3 1 2 4 4 5 4 4 1 1 54332 0 15 40 25 26.8667 2 8 0 5
0 0 0 1 6 1 1 1 0 3 1 2 4 -1 -1 -1 -1 -1 -1 54732 0 15 40 26 26.5 2 8 0 5
0 0 0 1 6 1 1 4 0 3 1 2 4 -1 -1 -1 -1 -1 -1 55099 1 15 40 26 33.125 2 8 0 5
0 0 0 1 6 1 1 1 0 3 1 2 4 -1 -1 -1 -1 -1 -1 55399 0 15 40 26 33.125 2 8 0 5
0 0 0 1 7 1 1 1 0 3 1 2 4 4 5 4 4 1 1 55699 0 15 40 26 33.125 2 4 2 5
0 0 0 1 6 1 1 1 0 3 1 2 4 -1 -1 -1 -1 -1 -1 55999 0 15 40 26 33.125 2 4 2 5
0 0 0 4 6 1 1 1 0 3 1 2 4 -1 -1 -1 -1 -1 -1 56299 1 15 40 26 33.125 2 4 2 5
0 0 0 1 6 1 1 1 0 3 1 2 4 -1 -1 -1 -1 -1 -1 56599 0 15 40 26 33.125 2 4 2 5
0 0 0 1 7 1 1 1 0 3 1 2 4 4 5 4 4 1 1 56932 0 15 40 26 28.7083 2 5 2 5
0 0 0 1 6 1 1 1 0 3 1 2 4 -1 -1 -1 -1 -1 -1 57299 0 15 40 27 27 2 5 2 5
0 0 0 1 1 6 1 4 0 3 1 2 5 -1 -1 -1 -1 -1 -1 57666 1 15 40 27 27 2 5 2 5
0 0 0 1 1 1 6 1 0 3 1 2 6 -1 -1 -1 -1 -1 -1 58032 0 15 40 27 27 2 5 2 5
0 0 0 1 1 1 7 1 0 3 1 2 6 6 5 4 4 1 1 58399 0 15 40 27 27 2 6 2 5
0 0 0 1 1 6 1 1 0 3 1 2 5 -1 -1 -1 -1 -1 -1 58766 0 15 40 27 27 2 6 2 5
0 0 0 1 1 6 4 1 0 3 1 2 5 -1 -1 -1 -1 -1 -1 59132 1 15 40 27 27 2 6 2 5
0 0 0 1 1 6 1 1 0 3 1 2 5 -1 -1 -1 -1 -1 -1 59432 0 15 40 27 33.75 2 6 2 5
0 0 0 1 1 7 1 1 0 3 1 2 5 5 5 4 4 1 1 59732 0 15 40 27 33.75 2 5 2 5
0 0 0 1 1 6 1 1 0 3 1 2 5 -1 -1 -1 -1 -1 -1 60032 0 15 40 28 34.375 2 5 2 5
0 0 0 1 1 6 4 1 0 3 1 2 5 -1 -1 -1 -1 -1 -1 60332 1 15 40 28 34.375 2 5 2 5
0 0 0 1 1 6 1 1 0 3 1 2 5 -1 -1 -1 -1 -1 -1 60599 0 15 40 28 34.375 2 5 2 5
0 0 0 1 7 1 1 1 0 3 1 2 4 4 5 4 4 1 1 60899 0 15 40 28 31.1667 2 4 2 5
0 0 0 1 6 1 1 1 0 3 1 2 4 -1 -1 -1 -1 -1 -1 61266 0 15 40 28 27.5 2 4 2 5
0 0 0 4 1 1 6 1 0 3 1 2 6 -1 -1 -1 -1 -1 -1 61632 1 15 40 28 27.5 2 4 2 5
0 0 0 1 1 1 6 1 0 3 1 2 6 -1 -1 -1 -1 -1 -1 61999 0 15 40 28 27.5 2 4 2 5
0 0 0 1 1 1 7 1 0 3 1 2 6 6 5 4 4 1 1 62332 0 15 40 28 34.375 2 4 2 5
0 0 0 1 1 1 6 1 0 3 1 2 6 -1 -1 -1 -1 -1 -1 62632 0 15 40 29 35 2 4 2 5
0 0 0 4 1 1 6 1 0 3 1 2 6 -1 -1 -1 -1 -1 -1 62899 1 15 40 29 35 2 4 2 5
0 0 0 1 1 1 1 6 0 3 1 2 7 -1 -1 -1 -1 -1 -1 63199 0 15 40 29 35 2 4 2 5
0 0 0 1 1 1 1 7 0 3 1 2 7 7 5 4 4 1 1 63499 0 15 40 29 35 2 4 2 5
0 0 0 1 1 1 1 6 0 3 1 2 7 -1 -1 -1 -1 -1 -1 63766 0 15 40 29 35 2 4 2 5
0 0 0 1 1 6 1 4 0 3 1 2 5 -1 -1 -1 -1 -1 -1 64066 1 15 40 29 31.7333 2 4 2 5
0 0 0 1 1 6 1 1 0 3 1 2 5 -1 -1 -1 -1 -1 -1 64399 0 15 40 29 28 2 4 2 5
0 0 0 1 1 7 1 1 0 3 1 2 5 5 5 4 4 1 1 64766 0 15 40 29 28 2 8 0 5
0 0 0 1 1 6 1 1 0 3 1 2 5 -1 -1 -1 -1 -1 -1 65099 0 15 40 30 35.625 2 8 0 5
0 0 0 1 1 6 4 1 0 3 1 2 5 -1 -1 -1 -1 -1 -1 65366 1 15 40 30 35.625 2 8 0 5
0 0 0 1 6 1 1 1 0 3 1 2 4 -1 -1 -1 -1 -1 -1 65666 0 15 40 30 35.625 2 8 0 5
0 0 0 1 7 1 1 1 0 3 1 2 4 4 5 4 4 1 1 65932 0 15 40 30 35.625 2 4 2 5
0 0 0 1 6 1 1 1 0 3 1 2 4 -1 -1 -1 -1 -1 -1 66199 0 15 40 30 35.625 2 4 2 5
0 0 0 1 6 4 1 1 0 3 1 2 4 -1 -1 -1 -1 -1 -1 66499 1 15 40 30 35.625 2 4 2 5
0 0 0 1 6 1 1 1 0 3 1 2 4 -1 -1 -1 -1 -1 -1 66765 0 15 40 30 35.625 2 4 2 5
0 0 0 1 7 1 1 1 0 3 1 2 4 4 5 4 4 1 1 67065 0 15 40 30 35.625 2 5 2 5
0 0 0 1 6 1 1 1 0 3 1 2 4 -1 -1 -1 -1 -1 -1 67332 0 15 40 31 36.25 2 5 2 5
0 0 0 1 6 4 1 1 0 3 1 2 4 -1 -1 -1 -1 -1 -1 67599 1 15 40 31 36.25 2 5 2 5
0 0 0 1 6 1 1 1 0 3 1 2 4 -1 -1 -1 -1 -1 -1 67899 0 15 40 31 36.25 2 5 2 5
0 0 0 1 7 1 1 1 0 3 1 2 4 4 5 4 4 1 1 68165 0 15 40 31 34.8 2 6 2 5
0 0 0 1 6 1 1 1 0 3 1 2 4 -1 -1 -1 -1 -1 -1 68465 0 15 40 31 30.45 2 6 2 5
0 0 0 1 6 1 4 1 0 3 1 2 4 -1 -1 -1 -1 -1 -1 68799 1 15 40 31 29 2 6 2 5
0 0 0 1 6 1 1 1 0 3 1 2 4 -1 -1 -1 -1 -1 -1 69165 0 15 40 31 29 2 6 2 5
0 0 0 1 7 1 1 1 0 3 1 2 4 4 5 4 4 1 1 69432 0 15 40 31 36.25 2 5 2 5
0 0 0 1 6 1 1 1 0 3 1 2 4 -1 -1 -1 -1 -1 -1 69732 0 15 40 32 36.875 2 5 2 5
0 0 0 1 6 1 4 1 0 3 1 2 4 -1 -1 -1 -1 -1 -1 69999 1 15 40 32 36.875 2 5 2 5
0 0 0 1 6 1 1 1 0 3 1 2 4 -1 -1 -1 -1 -1 -1 70265 0 15 40 32 36.875 2 5 2 5
0 0 0 0 1 6 1 0 1 4 1 0 5 -1 -1 -1 -1 -1 -1 79532 0 15 40 15 60 2 8 0 3
0 0 0 0 1 6 1 0 1 4 1 0 5 -1 -1 -1 -1 -1 -1 79699 0 15 40 15 60 2 8 0 3
0 0 0 0 1 6 1 0 1 4 1 0 5 -1 -1 -1 -1 -1 -1 79865 0 15 40 15 60 2 4 2 3
0 0 0 0 1 6 1 0 1 4 1 0 5 -1 -1 -1 -1 -1 -1 80032 0 15 40 15 50 2 4 2 3
0 0 0 0 1 6 1 0 1 4 1 0 5 -1 -1 -1 -1 -1 -1 80332 0 15 40 15 20 2 4 2 3
0 0 0 0 1 6 1 0 1 4 1 0 5 -1 -1 -1 -1 -1 -1 81265 0 15 40 15 10 2 4 2 3
0 0 0 0 1 6 1 0 1 4 1 0 5 -1 -1 -1 -1 -1 -1 82265 0 15 40 15 10 2 6 2 3
0 0 0 0 1 6 1 0 1 4 1 0 5 -1 -1 -1 -1 -1 -1 83099 0 15 40 15 12.5 2 6 2 3
0 0 0 0 1 6 1 0 1 4 1 0 5 -1 -1 -1 -1 -1 -1 83899 0 15 40 15 12.1667 2 6 2 3
0 0 0 0 1 6 1 0 1 4 1 0 5 -1 -1 -1 -1 -1 -1 84765 0 15 40 15 12.5 2 6 2 3
0 0 0 0 3 6 1 0 1 4 1 0 5 4 2 5 0 0 0 85565 0 15 40 15 12.5 2 6 2 3
0 0 0 0 1 6 1 0 1 4 1 0 5 -1 -1 -1 -1 -1 -1 86399 0 15 40 15 10.8333 2 6 2 3
0 0 0 0 1 6 1 0 1 4 1 0 5 -1 -1 -1 -1 -1 -1 87332 0 15 40 15 12.5 2 6 2 3
0 0 0 0 1 6 1 0 1 4 1 0 5 -1 -1 -1 -1 -1 -1 88132 0 15 40 15 12.5 2 6 2 3
0 0 0 0 3 6 1 0 1 4 1 0 5 4 3 8 3 0 0 88965 0 15 40 15 10.8333 2 5 2 3
0 0 0 0 1 6 1 0 1 4 1 0 5 -1 -1 -1 -1 -1 -1 89932 0 15 40 15 12.5 2 5 2 3
0 0 0 0 1 6 1 0 1 4 1 0 5 -1 -1 -1 -1 -1 -1 90732 0 15 40 15 12.5 2 5 2 3
0 0 0 0 1 6 1 0 1 4 1 0 5 -1 -1 -1 -1 -1 -1 91532 0 15 40 15 11.5 2 5 2 3
0 0 0 0 1 6 3 0 1 4 1 0 5 6 2 5 0 0 0 92498 0 15 40 15 12.5 2 4 2 3
0 0 0 0 1 6 1 0 1 4 1 0 5 -1 -1 -1 -1 -1 -1 93298 0 15 40 15 12.5 2 4 2 3
0 0 0 0 6 1 1 0 1 4 1 0 4 -1 -1 -1 -1 -1 -1 94098 0 15 40 15 11.8333 2 4 2 3
0 0 0 0 6 1 1 0 1 4 1 0 4 -1 -1 -1 -1 -1 -1 94998 0 15 40 15 12.5 2 4 2 3
0 0 0 0 6 3 1 0 1 4 1 0 4 5 3 8 3 0 0 95798 0 15 40 15 12.5 2 4 2 3
0 0 0 0 6 1 1 0 1 4 1 0 4 -1 -1 -1 -1 -1 -1 96632 0 15 40 15 10.6667 2 4 2 3
0 0 0 0 6 1 1 0 1 4 1 0 4 -1 -1 -1 -1 -1 -1 97532 0 15 40 15 12.5 2 4 2 3
0 0 0 0 6 1 1 0 1 4 1 0 4 -1 -1 -1 -1 -1 -1 98332 0 15 40 15 12.5 2 4 2 3
0 0 0 0 6 3 1 0 1 4 1 0 4 5 0 6 1 0 0 99198 0 15 40 15 10.1667 2 5 2 3
0 0 0 0 6 1 1 0 1 4 1 0 4 -1 -1 -1 -1 -1 -1 100132 0 15 40 15 12.5 2 5 2 3
0 0 0 0 6 1 1 0 1 4 1 0 4 -1 -1 -1 -1 -1 -1 100932 0 15 40 15 12.5 2 5 2 3
0 0 0 0 6 1 1 0 1 4 1 0 4 -1 -1 -1 -1 -1 -1 101765 0 15 40 15 10.8333 2 5 2 3
0 0 0 1 6 1 3 1 1 4 1 0 4 6 1 7 2 0 0 102598 0 15 40 15 12.5 2 8 0 5
0 0 0 1 6 1 1 1 1 4 1 1 4 -1 -1 -1 -1 -1 -1 103398 0 15 40 15 12.5 2 8 0 5
0 0 0 1 6 1 1 1 1 4 1 1 4 -1 -1 -1 -1 -1 -1 104298 0 15 40 15 12.5 2 8 0 5
0 0 0 1 6 1 1 1 1 4 1 1 4 -1 -1 -1 -1 -1 -1 105098 0 15 40 15 12.5 2 8 0 5
0 0 0 1 6 1 3 1 1 4 1 1 4 6 0 6 1 0 0 105898 0 15 40 15 11.8333 2 4 2 5
0 0 0 1 6 1 1 1 1 4 1 1 4 -1 -1 -1 -1 -1 -1 106765 0 15 40 15 12.5 2 4 2 5
0 0 0 1 6 1 1 1 1 4 1 1 4 -1 -1 -1 -1 -1 -1 107565 0 15 40 15 12.5 2 4 2 5
0 0 0 1 6 1 1 1 1 4 1 1 4 -1 -1 -1 -1 -1 -1 108432 0 15 40 15 10 2 4 2 5
0 0 0 1 6 1 3 1 1 4 1 1 4 6 2 5 0 0 0 109232 0 15 40 15 12.5 2 6 2 5
0 0 0 1 1 6 1 1 1 4 1 1 5 -1 -1 -1 -1 -1 -1 110065 0 15 40 15 12.5 2 6 2 5
0 0 0 1 1 1 6 1 1 4 1 1 6 -1 -1 -1 -1 -1 -1 110931 0 15 40 15 12.5 2 6 2 5
0 0 0 1 1 1 1 6 1 4 1 1 7 -1 -1 -1 -1 -1 -1 111731 0 15 40 15 12.5 2 6 2 5
0 0 0 1 1 1 1 7 1 4 1 1 7 7 2 5 0 1 1 112531 0 15 40 15 11.1667 2 6 2 5
0 0 0 1 1 1 6 1 1 4 1 1 6 -1 -1 -1 -1 -1 -1 113531 0 15 40 15 10 2 6 2 5
0 0 0 1 1 6 1 1 1 4 1 1 5 -1 -1 -1 -1 -1 -1 114465 0 15 40 15 12.5 2 6 2 5
0 0 0 1 1 6 1 1 1 4 1 1 5 -1 -1 -1 -1 -1 -1 115265 0 15 40 15 12.5 2 6 2 5
0 0 0 1 1 6 3 1 1 4 1 1 5 6 0 6 1 0 0 116098 0 15 40 15 10.5 2 5 2 5
0 0 0 1 6 1 1 1 1 4 1 1 4 -1 -1 -1 -1 -1 -1 117065 0 15 40 15 12.5 2 5 2 5
0 0 0 1 6 1 1 1 1 4 1 1 4 -1 -1 -1 -1 -1 -1 117865 0 15 40 15 12.5 2 5 2 5
0 0 0 1 6 1 1 1 1 4 1 1 4 -1 -1 -1 -1 -1 -1 118665 0 15 40 15 11.8333 2 5 2 5
0 0 0 1 7 1 1 1 1 4 1 1 4 4 0 6 1 1 1 119498 0 15 40 15 12.5 2 4 2 5
0 0 0 1 6 1 1 1 1 4 1 1 4 -1 -1 -1 -1 -1 -1 120131 0 15 40 16 16.25 2 4 2 5
0 0 0 1 6 1 1 1 1 4 1 1 4 -1 -1 -1 -1 -1 -1 120798 0 15 40 16 13.8667 2 4 2 5
0 0 0 1 6 1 1 1 1 4 1 1 4 -1 -1 -1 -1 -1 -1 121431 0 15 40 16 16.25 2 4 2 5
0 0 0 1 6 1 3 1 1 4 1 1 4 6 2 5 0 0 0 122065 0 15 40 16 16.25 2 4 2 5
0 0 0 1 6 1 1 1 1 4 1 1 4 -1 -1 -1 -1 -1 -1 122665 0 15 40 16 15.6 2 4 2 5
0 0 0 1 6 1 1 1 1 4 1 1 4 -1 -1 -1 -1 -1 -1 123398 0 15 40 16 16.25 2 4 2 5
0 0 0 1 6 1 1 1 1 4 1 1 4 -1 -1 -1 -1 -1 -1 123998 0 15 40 16 16.25 2 4 2 5
0 0 0 1 7 1 1 1 1 4 1 1 4 4 2 5 0 1 1 124631 0 15 40 16 16.25 2 5 2 5
0 0 0 1 6 1 1 1 1 4 1 1 4 -1 -1 -1 -1 -1 -1 125265 0 15 40 16 13.4333 2 5 2 5
0 0 0 1 6 1 1 1 1 4 1 1 4 -1 -1 -1 -1 -1 -1 125931 0 15 40 16 16.25 2 5 2 5
0 0 0 1 6 1 1 1 1 4 1 1 4 -1 -1 -1 -1 -1 -1 126531 0 15 40 16 16.25 2 5 2 5
0 0 0 1 6 3 1 1 1 4 1 1 4 5 1 7 2 0 0 127165 0 15 40 16 14.95 2 8 0 5
0 0 0 1 6 1 1 1 1 4 1 2 4 -1 -1 -1 -1 -1 -1 127865 0 15 40 16 16.25 2 8 0 5
0 0 0 1 6 1 1 1 1 4 1 2 4 -1 -1 -1 -1 -1 -1 128465 0 15 40 16 16.25 2 8 0 5
0 0 0 1 6 1 1 1 1 4 1 2 4 -1 -1 -1 -1 -1 -1 129098 0 15 40 16 16.25 2 8 0 5
0 0 0 1 6 1 1 3 1 4 1 2 4 7 2 5 0 0 0 129765 0 15 40 16 13 2 4 2 5
0 0 0 1 6 1 1 1 1 4 1 2 4 -1 -1 -1 -1 -1 -1 130465 0 15 40 16 16.25 2 4 2 5
0 0 0 1 1 6 4 1 1 4 1 2 5 -1 -1 -1 -1 -1 -1 131099 1 15 40 16 16.25 2 4 2 5
0 0 0 1 1 1 6 1 1 4 1 2 6 -1 -1 -1 -1 -1 -1 131699 0 15 40 16 16.25 2 4 2 5
0 0 0 1 1 1 1 7 1 4 1 2 7 7 2 5 0 1 1 132399 0 15 40 16 13 2 6 2 5
0 0 0 1 1 1 1 6 1 4 1 2 7 -1 -1 -1 -1 -1 -1 133066 0 15 40 17 16 2 6 2 5
0 0 0 1 1 4 1 6 1 4 1 2 7 -1 -1 -1 -1 -1 -1 133699 1 15 40 17 16 2 6 2 5
0 0 0 1 1 1 6 1 1 4 1 2 6 -1 -1 -1 -1 -1 -1 134299 0 15 40 17 16 2 6 2 5
0 0 0 1 1 6 1 3 1 4 1 2 5 7 0 6 1 0 0 134933 0 15 40 17 16 2 6 2 5
0 0 0 1 1 6 1 1 1 4 1 2 5 -1 -1 -1 -1 -1 -1 135466 0 15 40 17 20 2 6 2 5
0 0 0 1 1 6 1 4 1 4 1 2 5 -1 -1 -1 -1 -1 -1 135966 1 15 40 17 20 2 6 2 5
0 0 0 1 1 6 1 1 1 4 1 2 5 -1 -1 -1 -1 -1 -1 136466 0 15 40 17 20 2 6 2 5
0 0 0 1 1 6 3 1 1 4 1 2 5 6 1 7 2 0 0 137000 0 15 40 17 16.2667 2 5 2 5
0 0 0 1 1 6 1 1 1 4 1 2 5 -1 -1 -1 -1 -1 -1 137600 0 15 40 17 16 2 5 2 5
0 0 0 4 1 1 6 1 1 4 1 2 6 -1 -1 -1 -1 -1 -1 138200 1 15 40 17 20 2 5 2 5
0 0 0 1 1 1 6 1 1 4 1 2 6 -1 -1 -1 -1 -1 -1 138700 0 15 40 17 20 2 5 2 5
0 0 0 1 1 1 7 1 1 4 1 2 6 6 1 7 2 1 1 139200 0 15 40 17 20 2 4 2 5
0 0 0 1 1 1 6 1 1 4 1 2 6 -1 -1 -1 -1 -1 -1 139700 0 15 40 17 19.2 2 4 2 5
0 0 0 1 1 4 6 1 1 4 1 2 6 -1 -1 -1 -1 -1 -1 140267 1 15 40 17 20 2 4 2 5
0 0 0 1 1 1 6 1 1 4 1 2 6 -1 -1 -1 -1 -1 -1 140767 0 15 40 17 20 2 4 2 5
0 0 0 1 3 1 6 1 1 4 1 2 6 4 0 6 1 0 0 141267 0 15 40 17 20 2 4 2 5
0 0 0 1 1 1 6 1 1 4 1 2 6 -1 -1 -1 -1 -1 -1 141767 0 15 40 17 19.4667 2 4 2 5
0 0 0 1 4 1 6 1 1 4 1 2 6 -1 -1 -1 -1 -1 -1 142301 1 15 40 17 20 2 4 2 5
0 0 0 1 1 1 6 1 1 4 1 2 6 -1 -1 -1 -1 -1 -1 142801 0 15 40 17 20 2 4 2 5
0 0 0 1 1 3 6 1 1 4 1 2 6 5 1 7 2 0 0 143301 0 15 40 17 20 2 5 2 5
0 0 0 1 1 1 6 1 1 4 1 2 6 -1 -1 -1 -1 -1 -1 143801 0 15 40 17 18.1333 2 5 2 5
0 0 0 1 1 6 1 4 1 4 1 2 5 -1 -1 -1 -1 -1 -1 144435 1 15 40 17 16 2 5 2 5
0 0 0 1 6 1 1 1 1 4 1 2 4 -1 -1 -1 -1 -1 -1 145035 0 15 40 17 16 2 5 2 5
0 0 0 1 6 1 1 3 1 4 1 2 4 7 3 8 3 0 0 145602 0 15 40 17 20 2 8 0 5
0 0 0 1 6 1 1 1 1 4 1 2 4 -1 -1 -1 -1 -1 -1 146102 0 15 40 17 20 2 8 0 5
0 0 0 1 6 1 4 1 1 4 1 2 4 -1 -1 -1 -1 -1 -1 146602 1 15 40 17 20 2 8 0 5
0 0 0 1 6 1 1 1 1 4 1 2 4 -1 -1 -1 -1 -1 -1 147135 0 15 40 17 17.8667 2 8 0 5
0 0 0 1 6 3 1 1 1 4 1 2 4 5 0 6 1 0 0 147635 0 15 40 17 20 2 4 2 5
0 0 0 1 6 1 1 1 1 4 1 2 4 -1 -1 -1 -1 -1 -1 148136 0 15 40 17 20 2 4 2 5
0 0 0 1 6 1 4 1 1 4 1 2 4 -1 -1 -1 -1 -1 -1 148636 1 15 40 17 20 2 4 2 5
0 0 0 1 6 1 1 1 1 4 1 2 4 -1 -1 -1 -1 -1 -1 149169 0 15 40 17 17.3333 2 4 2 5
0 0 0 1 7 1 1 1 1 4 1 2 4 4 0 6 1 1 1 149703 0 15 40 17 20 2 6 2 5
0 0 0 1 6 1 1 1 1 4 1 2 4 -1 -1 -1 -1 -1 -1 150136 0 15 40 18 23.75 2 6 2 5
0 0 0 1 6 1 1 4 1 4 1 2 4 -1 -1 -1 -1 -1 -1 150569 1 15 40 18 23.75 2 6 2 5
0 0 0 1 6 1 1 1 1 4 1 2 4 -1 -1 -1 -1 -1 -1 151003 0 15 40 18 23.1167 2 6 2 5
0 0 0 1 6 3 1 1 1 4 1 2 4 5 1 7 2 0 0 151470 0 15 40 18 19 2 6 2 5
0 0 0 1 6 1 1 1 1 4 1 2 4 -1 -1 -1 -1 -1 -1 151903 0 15 40 18 23.75 2 6 2 5
0 0 0 1 6 4 1 1 1 4 1 2 4 -1 -1 -1 -1 -1 -1 152303 1 15 40 18 23.75 2 6 2 5
0 0 0 1 6 1 1 1 1 4 1 2 4 -1 -1 -1 -1 -1 -1 152737 0 15 40 18 23.75 2 6 2 5
0 0 0 1 7 1 1 1 1 4 1 2 4 4 1 7 2 1 1 153170 0 15 40 18 22.1667 2 5 2 5
0 0 0 1 6 1 1 1 1 4 1 2 4 -1 -1 -1 -1 -1 -1 153670 0 15 40 18 19 2 5 2 5
0 0 0 4 6 1 1 1 1 4 1 2 4 -1 -1 -1 -1 -1 -1 154170 1 15 40 18 19 2 5 2 5
0 0 0 1 6 1 1 1 1 4 1 2 4 -1 -1 -1 -1 -1 -1 154670 0 15 40 18 23.75 2 5 2 5
0 0 0 1 6 3 1 1 1 4 1 2 4 5 0 6 1 0 0 155070 0 15 40 18 23.75 2 4 2 5
0 0 0 1 6 1 1 1 1 4 1 2 4 -1 -1 -1 -1 -1 -1 155504 0 15 40 18 23.75 2 4 2 5
0 0 0 1 6 4 1 1 1 4 1 2 4 -1 -1 -1 -1 -1 -1 155937 1 15 40 18 23.75 2 4 2 5
0 0 0 1 6 1 1 1 1 4 1 2 4 -1 -1 -1 -1 -1 -1 156337 0 15 40 18 23.75 2 4 2 5
0 0 0 1 6 3 1 1 1 4 1 2 4 5 3 8 3 0 0 156771 0 15 40 18 23.75 2 4 2 5
0 0 0 1 6 1 1 1 1 4 1 2 4 -1 -1 -1 -1 -1 -1 157171 0 15 40 18 23.75 2 4 2 5
0 0 0 1 6 4 1 1 1 4 1 2 4 -1 -1 -1 -1 -1 -1 157604 1 15 40 18 22.8 2 4 2 5
0 0 0 1 1 6 1 1 1 4 1 2 5 -1 -1 -1 -1 -1 -1 158104 0 15 40 18 19 2 4 2 5
0 0 0 1 1 1 7 1 1 4 1 2 6 6 3 8 3 1 1 158604 0 15 40 18 19 2 5 2 5
0 0 0 1 1 6 1 1 1 4 1 2 5 -1 -1 -1 -1 -1 -1 159105 0 15 40 19 21 2 5 2 5
0 0 0 1 1 6 4 1 1 4 1 2 5 -1 -1 -1 -1 -1 -1 159538 1 15 40 19 26.25 2 5 2 5
0 0 0 1 1 6 1 1 1 4 1 2 5 -1 -1 -1 -1 -1 -1 159938 0 15 40 19 26.25 2 5 2 5
0 0 0 1 3 6 1 1 1 4 1 2 5 4 2 5 0 0 0 160305 0 15 40 19 26.25 2 8 0 5
0 0 0 1 1 6 1 1 1 4 1 2 5 -1 -1 -1 -1 -1 -1 160705 0 15 40 19 26.25 2 8 0 5
0 0 0 1 6 1 4 1 1 4 1 2 4 -1 -1 -1 -1 -1 -1 161072 1 15 40 19 24.85 2 8 0 5
0 0 0 1 6 1 1 1 1 4 1 2 4 -1 -1 -1 -1 -1 -1 161472 0 15 40 19 26.25 2 8 0 5
0 0 0 1 6 3 1 1 1 4 1 2 4 5 0 6 1 0 0 161872 0 15 40 19 26.25 2 4 2 5
0 0 0 1 6 1 1 1 1 4 1 2 4 -1 -1 -1 -1 -1 -1 162239 0 15 40 19 26.25 2 4 2 5
0 0 0 1 6 1 1 4 1 4 1 2 4 -1 -1 -1 -1 -1 -1 162639 1 15 40 19 26.25 2 4 2 5
0 0 0 1 1 1 6 1 1 4 1 2 6 -1 -1 -1 -1 -1 -1 163005 0 15 40 19 24.85 2 4 2 5
0 0 0 0 1 6 1 0 2 0 2 0 5 -1 -1 -1 -1 -1 -1 170974 0 15 16 16 60 2 8 0 3
0 0 0 0 1 6 1 0 2 0 2 0 5 -1 -1 -1 -1 -1 -1 171140 0 15 16 16 60 2 8 0 3
0 0 0 0 1 6 1 0 2 0 2 0 5 -1 -1 -1 -1 -1 -1 171307 0 15 16 16 60 2 6 2 3
0 0 0 0 1 6 1 0 2 0 2 0 5 -1 -1 -1 -1 -1 -1 171474 0 15 16 16 50.6 2 6 2 3
0 0 0 0 1 6 1 0 2 0 2 0 5 -1 -1 -1 -1 -1 -1 171741 0 15 16 16 25.5333 2 6 2 3
0 0 0 0 1 6 1 0 2 0 2 0 5 -1 -1 -1 -1 -1 -1 172474 0 15 16 16 13 2 6 2 3
0 0 0 0 1 6 1 0 2 0 2 0 5 -1 -1 -1 -1 -1 -1 173141 0 15 16 16 16.25 2 6 2 3
0 0 0 0 1 6 1 0 2 0 2 0 5 -1 -1 -1 -1 -1 -1 173774 0 15 16 16 16.25 2 6 2 3
0 0 0 0 1 6 1 0 2 0 2 0 5 -1 -1 -1 -1 -1 -1 174374 0 15 16 16 16.0333 2 6 2 3
0 0 0 0 1 6 1 0 2 0 2 0 5 -1 -1 -1 -1 -1 -1 175108 0 15 16 16 13 2 6 2 3
0 0 0 0 1 6 3 0 2 0 2 0 5 6 0 4 1 0 0 175775 0 15 16 16 16.25 2 4 2 3
0 0 0 0 1 6 1 0 2 0 2 0 5 -1 -1 -1 -1 -1 -1 176408 0 15 16 16 16.25 2 4 2 3
0 0 0 0 1 6 1 0 2 0 2 0 5 -1 -1 -1 -1 -1 -1 177008 0 15 16 16 16.0333 2 4 2 3
0 0 0 0 1 6 1 0 2 0 2 0 5 -1 -1 -1 -1 -1 -1 177742 0 15 16 16 13 2 4 2 3
0 0 0 0 3 6 1 0 2 0 2 0 5 4 1 4 2 0 0 178475 0 15 16 16 16.25 2 4 2 3
0 0 0 0 1 6 1 0 2 0 2 0 5 -1 -1 -1 -1 -1 -1 179109 0 15 16 16 16.25 2 4 2 3
0 0 0 0 6 1 1 0 2 0 2 0 4 -1 -1 -1 -1 -1 -1 179709 0 15 16 16 16.25 2 4 2 3
0 0 0 0 6 1 1 0 2 0 2 0 4 -1 -1 -1 -1 -1 -1 180376 0 15 16 16 13.4333 2 4 2 3
0 0 0 0 7 1 1 0 2 0 2 0 4 4 0 4 1 1 1 181076 0 15 16 16 16.25 2 6 2 3
0 0 0 0 6 1 1 0 2 0 2 0 4 -1 -1 -1 -1 -1 -1 181676 0 15 16 16 16.25 2 6 2 3
0 0 0 0 1 6 1 0 2 0 2 0 5 -1 -1 -1 -1 -1 -1 182309 0 15 16 16 16.0333 2 6 2 3
0 0 0 0 1 6 1 0 2 0 2 0 5 -1 -1 -1 -1 -1 -1 182943 0 15 16 16 16.25 2 6 2 3
0 0 0 0 1 7 1 0 2 0 2 0 5 5 1 4 2 1 1 183543 0 15 16 16 16.25 2 6 2 3
0 0 0 0 1 6 1 0 2 0 2 0 5 -1 -1 -1 -1 -1 -1 184177 0 15 16 16 15.6 2 6 2 3
0 0 0 0 6 1 1 0 2 0 2 0 4 -1 -1 -1 -1 -1 -1 184877 0 15 16 16 16.25 2 6 2 3
0 0 0 0 6 1 1 0 2 0 2 0 4 -1 -1 -1 -1 -1 -1 185477 0 15 16 16 16.25 2 6 2 3
0 0 0 0 6 3 1 0 2 0 2 0 4 5 3 4 3 0 0 186110 0 15 16 16 16.25 2 5 2 3
0 0 0 0 6 1 1 0 2 0 2 0 4 -1 -1 -1 -1 -1 -1 186744 0 15 16 16 16.25 2 5 2 3
0 0 0 0 6 1 1 0 2 0 2 0 4 -1 -1 -1 -1 -1 -1 187377 0 15 16 16 16.25 2 5 2 3
0 0 0 0 6 1 1 0 2 0 2 0 4 -1 -1 -1 -1 -1 -1 187977 0 15 16 16 16.25 2 5 2 3
0 0 0 0 6 1 3 0 2 0 2 0 4 6 2 4 0 0 0 188611 0 15 16 16 13.8667 2 8 0 3
0 0 0 0 1 6 1 0 2 0 2 0 5 -1 -1 -1 -1 -1 -1 189378 0 15 16 16 13 2 8 0 3
0 0 0 0 1 1 6 0 2 0 2 0 6 -1 -1 -1 -1 -1 -1 190144 0 15 16 16 16.25 2 8 0 3
0 0 0 0 1 1 6 0 2 0 2 0 6 -1 -1 -1 -1 -1 -1 190745 0 15 16 16 16.25 2 8 0 3
0 0 0 0 1 1 7 0 2 0 2 0 6 6 3 4 3 1 1 191378 0 15 16 16 16.25 2 6 2 3
0 0 0 1 1 6 1 1 3 1 2 1 5 -1 -1 -1 -1 -1 -1 199046 0 15 16 16 60 2 8 0 5
0 0 0 1 1 6 1 1 3 1 2 1 5 -1 -1 -1 -1 -1 -1 199213 0 15 16 16 60 2 8 0 5
0 0 0 1 1 6 1 1 3 1 2 1 5 -1 -1 -1 -1 -1 -1 199380 0 15 16 16 60 2 5 2 5
0 0 0 1 1 6 1 1 3 1 2 1 5 -1 -1 -1 -1 -1 -1 199547 0 15 16 16 50.6 2 5 2 5
0 0 0 1 1 6 1 1 3 1 2 1 5 -1 -1 -1 -1 -1 -1 199813 0 15 16 16 25.5333 2 5 2 5
0 0 0 1 1 6 1 1 3 1 2 1 5 -1 -1 -1 -1 -1 -1 200547 0 15 16 16 13 2 5 2 5
0 0 0 1 1 6 1 1 3 1 2 1 5 -1 -1 -1 -1 -1 -1 201280 0 15 16 16 16.25 2 5 2 5
0 0 0 1 1 6 1 1 3 1 2 1 5 -1 -1 -1 -1 -1 -1 201914 0 15 16 16 16.25 2 5 2 5
0 0 0 1 1 6 1 1 3 1 2 1 5 -1 -1 -1 -1 -1 -1 202514 0 15 16 16 16.25 2 5 2 5
0 0 0 1 1 6 1 1 3 1 2 1 5 -1 -1 -1 -1 -1 -1 203181 0 15 16 16 16.25 2 5 2 5
0 0 0 1 3 6 1 1 3 1 2 1 5 4 4 6 1 0 0 203781 0 15 16 16 16.25 2 4 2 5
0 0 0 1 1 6 1 1 3 1 2 1 5 -1 -1 -1 -1 -1 -1 204381 0 15 16 16 16.25 2 4 2 5
0 0 0 1 1 6 1 1 3 1 2 1 5 -1 -1 -1 -1 -1 -1 205048 0 15 16 16 13.4333 2 4 2 5
0 0 0 1 1 6 1 1 3 1 2 1 5 -1 -1 -1 -1 -1 -1 205681 0 15 16 16 16.25 2 4 2 5
0 0 0 1 3 6 1 1 3 1 2 1 5 4 4 7 2 0 0 206281 0 15 16 16 16.25 2 6 2 5
0 0 0 1 1 6 1 1 3 1 2 1 5 -1 -1 -1 -1 -1 -1 206915 0 15 16 16 14.3 2 6 2 5
0 0 0 1 1 6 1 1 3 1 2 1 5 -1 -1 -1 -1 -1 -1 207648 0 15 16 16 16.25 2 6 2 5
0 0 0 1 1 6 1 1 3 1 2 1 5 -1 -1 -1 -1 -1 -1 208282 0 15 16 16 16.25 2 6 2 5
0 0 0 1 1 6 3 1 3 1 2 1 5 6 4 8 3 0 0 208882 0 15 16 16 16.25 2 5 2 5
0 0 0 1 1 6 1 1 3 1 2 1 5 -1 -1 -1 -1 -1 -1 209549 0 15 16 16 13.2167 2 5 2 5
0 0 0 1 6 1 1 1 3 1 2 1 4 -1 -1 -1 -1 -1 -1 210315 0 15 16 16 13 2 5 2 5
0 0 0 1 6 1 1 1 3 1 2 1 4 -1 -1 -1 -1 -1 -1 211082 0 15 16 16 13 2 5 2 5
0 0 0 1 6 3 1 1 3 1 2 1 4 5 4 6 1 0 0 211849 0 15 16 16 16.25 2 4 2 5
0 0 0 1 6 1 1 1 3 1 2 1 4 -1 -1 -1 -1 -1 -1 212449 0 15 16 16 16.25 2 4 2 5
0 0 0 1 6 1 1 1 3 1 2 1 4 -1 -1 -1 -1 -1 -1 213049 0 15 16 16 16.25 2 4 2 5
0 0 0 1 6 1 1 1 3 1 2 1 4 -1 -1 -1 -1 -1 -1 213716 0 15 16 16 13.2167 2 4 2 5
0 0 0 1 7 1 1 1 3 1 2 1 4 4 4 8 3 1 1 214483 0 15 16 16 13 2 6 2 5
0 0 0 1 6 1 1 1 3 1 2 1 4 -1 -1 -1 -1 -1 -1 215250 0 15 16 16 13 2 6 2 5
0 0 0 1 1 6 1 1 3 1 2 1 5 -1 -1 -1 -1 -1 -1 216017 0 15 16 16 13 2 6 2 5
0 0 0 1 1 6 1 1 3 1 2 1 5 -1 -1 -1 -1 -1 -1 216817 0 15 16 16 13 2 6 2 5
0 0 0 1 3 6 1 1 3 1 2 1 5 4 4 7 2 0 0 217417 0 15 16 16 16.25 2 8 0 5
0 0 0 1 1 6 1 1 3 1 2 1 5 -1 -1 -1 -1 -1 -1 218050 0 15 16 16 16.25 2 8 0 5
0 0 0 1 1 6 1 1 3 1 2 1 5 -1 -1 -1 -1 -1 -1 218684 0 15 16 16 14.3 2 8 0 5
0 0 0 1 1 6 1 1 3 1 2 1 5 -1 -1 -1 -1 -1 -1 219284 0 15 16 16 16.25 2 8 0 5
0 0 0 1 1 7 1 1 3 1 2 1 5 5 4 8 3 1 1 219918 0 15 16 16 16.25 2 5 2 5
0 0 0 1 1 6 1 1 3 1 2 1 5 -1 -1 -1 -1 -1 -1 220551 0 15 16 16 14.0833 2 5 2 5
0 0 0 1 1 6 1 1 3 1 2 1 5 -1 -1 -1 -1 -1 -1 221318 0 15 16 16 13 2 5 2 5
0 0 0 1 1 6 1 1 3 1 2 1 5 -1 -1 -1 -1 -1 -1 222085 0 15 16 16 13 2 5 2 5
0 0 0 3 1 6 1 1 3 1 2 1 5 3 4 5 0 0 0 222851 0 15 16 16 13 2 5 2 5
0 0 0 1 1 6 1 1 3 1 2 1 5 -1 -1 -1 -1 -1 -1 223618 0 15 16 16 16.25 2 5 2 5
0 0 0 6 1 1 1 1 3 1 2 1 3 -1 -1 -1 -1 -1 -1 224218 0 15 16 16 16.25 2 5 2 5
0 0 0 6 1 1 1 1 3 1 2 1 3 -1 -1 -1 -1 -1 -1 224852 0 15 16 16 16.25 2 5 2 5
0 0 0 1 6 3 1 1 3 1 2 1 4 5 4 6 1 0 0 225485 0 15 16 16 16.25 2 4 2 5
0 0 0 1 6 1 1 1 3 1 2 1 4 -1 -1 -1 -1 -1 -1 226086 0 15 16 16 16.25 2 4 2 5
0 0 0 1 6 1 1 1 3 1 2 1 4 -1 -1 -1 -1 -1 -1 226719 0 15 16 16 16.25 2 4 2 5
0 0 0 1 6 1 1 1 3 1 2 1 4 -1 -1 -1 -1 -1 -1 227352 0 15 16 16 16.25 2 4 2 5
0 0 0 1 6 3 1 1 3 1 2 1 4 5 4 7 2 0 0 227953 0 15 16 16 16.25 2 6 2 5
0 0 0 1 6 1 1 1 3 1 2 1 4 -1 -1 -1 -1 -1 -1 228586 0 15 16 16 16.25 2 6 2 5
0 0 0 1 6 1 1 1 3 1 2 1 4 -1 -1 -1 -1 -1 -1 229253 0 15 16 16 13 2 6 2 5
0 0 0 1 6 1 1 1 3 1 2 1 4 -1 -1 -1 -1 -1 -1 229920 0 15 16 16 16.25 2 6 2 5
0 0 0 1 6 1 1 3 3 1 2 1 4 7 4 5 0 0 0 230520 0 15 16 16 16.25 2 5 2 5
0 0 0 1 6 1 1 1 3 1 2 1 4 -1 -1 -1 -1 -1 -1 231153 0 15 16 16 15.8167 2 5 2 5
0 0 0 1 1 6 1 1 3 1 2 1 5 -1 -1 -1 -1 -1 -1 231887 0 15 16 16 13 2 5 2 5
0 0 0 1 1 1 1 6 3 1 2 1 7 -1 -1 -1 -1 -1 -1 232654 0 15 16 16 13 2 5 2 5
0 0 0 1 1 1 1 7 3 1 2 1 7 7 4 7 2 1 1 233320 0 15 16 16 16.25 2 4 2 5
0 0 0 1 1 6 1 1 4 2 2 2 5 -1 -1 -1 -1 -1 -1 239722 0 15 16 16 60 2 8 0 5
0 0 0 1 1 6 1 1 4 2 2 2 5 -1 -1 -1 -1 -1 -1 239888 0 15 16 16 60 2 8 0 5
0 0 0 1 1 6 1 1 4 2 2 2 5 -1 -1 -1 -1 -1 -1 240055 0 15 16 16 60 2 4 2 5
0 0 0 1 1 6 1 1 4 2 2 2 5 -1 -1 -1 -1 -1 -1 240222 0 15 16 16 50.6 2 4 2 5
0 0 0 1 1 6 1 1 4 2 2 2 5 -1 -1 -1 -1 -1 -1 240489 0 15 16 16 25.5333 2 4 2 5
0 0 0 1 1 6 1 1 4 2 2 2 5 -1 -1 -1 -1 -1 -1 241222 0 15 16 16 13 2 4 2 5
0 0 0 1 1 6 1 1 4 2 2 2 5 -1 -1 -1 -1 -1 -1 241989 0 15 16 16 13 2 5 2 5
0 0 0 1 1 6 1 1 4 2 2 2 5 -1 -1 -1 -1 -1 -1 242756 0 15 16 16 13 2 5 2 5
0 0 0 1 1 6 1 1 4 2 2 2 5 -1 -1 -1 -1 -1 -1 243523 0 15 16 16 13 2 5 2 5
0 0 0 1 1 6 1 1 4 2 2 2 5 -1 -1 -1 -1 -1 -1 244289 0 15 16 16 13 2 5 2 5
0 0 0 3 1 6 1 1 4 2 2 2 5 3 5 4 1 0 0 245056 0 15 16 16 13 2 5 2 5
0 0 0 1 1 6 1 1 4 2 2 2 5 -1 -1 -1 -1 -1 -1 245823 0 15 16 16 13 2 5 2 5
0 0 0 1 1 6 1 4 4 2 2 2 5 -1 -1 -1 -1 -1 -1 246590 1 15 16 16 13 2 5 2 5
0 0 0 1 1 6 1 1 4 2 2 2 5 -1 -1 -1 -1 -1 -1 247357 0 15 16 16 13 2 5 2 5
0 0 0 3 1 6 1 1 4 2 2 2 5 3 5 4 3 0 0 248157 0 15 16 16 13 2 6 2 5
0 0 0 1 1 6 1 1 4 2 2 2 5 -1 -1 -1 -1 -1 -1 248924 0 15 16 16 13 2 6 2 5
0 0 0 1 6 1 1 4 4 2 2 2 4 -1 -1 -1 -1 -1 -1 249691 1 15 16 16 13 2 6 2 5
0 0 0 1 6 1 1 1 4 2 2 2 4 -1 -1 -1 -1 -1 -1 250291 0 15 16 16 16.25 2 6 2 5
0 0 0 1 7 1 1 1 4 2 2 2 4 4 5 4 1 1 1 250924 0 15 16 16 16.25 2 5 2 5
0 0 0 1 6 1 1 1 4 2 2 2 4 -1 -1 -1 -1 -1 -1 251558 0 15 16 16 14.3 2 5 2 5
0 0 0 1 6 1 1 4 4 2 2 2 4 -1 -1 -1 -1 -1 -1 252324 1 15 16 16 13 2 5 2 5
0 0 0 1 6 1 1 1 4 2 2 2 4 -1 -1 -1 -1 -1 -1 253091 0 15 16 16 13 2 5 2 5
0 0 0 1 8 2 1 1 4 2 2 2 4 5 5 4 3 1 0 253858 0 15 16 16 13 2 6 2 5
0 0 0 1 6 1 1 1 4 2 2 2 4 -1 -1 -1 -1 -1 -1 254825 0 15 16 15 10 2 6 2 5
0 0 0 1 6 4 1 1 4 2 2 2 4 -1 -1 -1 -1 -1 -1 255825 1 15 16 15 10 2 6 2 5
0 0 0 1 1 6 1 1 4 2 2 2 5 -1 -1 -1 -1 -1 -1 256825 0 15 16 15 10 2 6 2 5
0 0 0 1 3 6 1 1 4 2 2 2 5 4 5 4 0 0 0 257825 0 15 16 15 10 2 5 2 5
0 0 0 1 6 1 1 1 4 2 2 2 4 -1 -1 -1 -1 -1 -1 258825 0 15 16 15 10 2 5 2 5
0 0 0 1 6 4 1 1 4 2 2 2 4 -1 -1 -1 -1 -1 -1 259758 1 15 16 15 12.5 2 5 2 5
0 0 0 1 6 1 1 1 4 2 2 2 4 -1 -1 -1 -1 -1 -1 260557 0 15 16 15 12.5 2 5 2 5
0 0 0 1 7 1 1 1 4 2 2 2 4 4 5 4 3 1 1 261391 0 15 16 15 10.8333 2 8 0 5
0 0 0 1 1 6 1 1 4 2 2 2 5 -1 -1 -1 -1 -1 -1 262357 0 15 16 15 10 2 8 0 5
0 0 0 1 1 6 1 4 4 2 2 2 5 -1 -1 -1 -1 -1 -1 263290 1 15 16 15 12.5 2 8 0 5
0 0 0 1 1 6 1 1 4 2 2 2 5 -1 -1 -1 -1 -1 -1 264090 0 15 16 15 12.5 2 8 0 5
0 0 0 1 1 6 3 1 4 2 2 2 5 6 5 4 2 0 0 264923 0 15 16 15 10.6667 2 4 2 5
0 0 0 1 1 6 1 1 4 2 2 2 5 -1 -1 -1 -1 -1 -1 265923 0 15 16 15 12.5 2 4 2 5
0 0 0 1 4 6 1 1 4 2 2 2 5 -1 -1 -1 -1 -1 -1 266723 1 15 16 15 12.5 2 4 2 5
0 0 0 1 1 6 1 1 4 2 2 2 5 -1 -1 -1 -1 -1 -1 267522 0 15 16 15 12 2 4 2 5
0 0 0 1 3 6 1 1 4 2 2 2 5 4 5 4 0 0 0 268322 0 15 16 15 12.5 2 5 2 5
0 0 0 1 1 6 1 1 4 2 2 2 5 -1 -1 -1 -1 -1 -1 269122 0 15 16 15 12.3333 2 5 2 5
0 0 0 1 1 6 1 4 4 2 2 2 5 -1 -1 -1 -1 -1 -1 270022 1 15 16 15 12.5 2 5 2 5
0 0 0 6 1 1 1 1 4 2 2 2 3 -1 -1 -1 -1 -1 -1 270822 0 15 16 15 12.5 2 5 2 5
0 0 0 8 1 1 1 1 4 2 2 2 3 3 5 4 3 0 1 271655 0 15 16 15 10.8333 2 5 2 5
0 0 0 6 1 1 1 1 4 2 2 2 3 -1 -1 -1 -1 -1 -1 272588 0 15 16 15 12.5 2 5 2 5
0 0 0 6 4 1 1 1 4 2 2 2 3 -1 -1 -1 -1 -1 -1 273388 1 15 16 15 12.5 2 5 2 5
0 0 0 1 6 1 1 1 4 2 2 2 4 -1 -1 -1 -1 -1 -1 274221 0 15 16 15 11.3333 2 5 2 5
0 0 0 1 7 1 1 1 4 2 2 2 4 4 5 4 0 1 1 275187 0 15 16 15 12.5 2 6 2 5
0 0 0 1 6 1 1 1 4 2 2 2 4 -1 -1 -1 -1 -1 -1 275987 0 15 16 15 12.5 2 6 2 5
0 0 0 1 6 4 1 1 4 2 2 2 4 -1 -1 -1 -1 -1 -1 276787 1 15 16 15 12.5 2 6 2 5
0 0 0 1 6 1 1 1 4 2 2 2 4 -1 -1 -1 -1 -1 -1 277587 0 15 16 15 12.5 2 6 2 5
0 0 0 1 6 3 1 1 4 2 2 2 4 5 5 4 2 0 0 278386 0 15 16 15 11.6667 2 5 2 5
0 0 0 1 6 1 1 1 4 2 2 2 4 -1 -1 -1 -1 -1 -1 279220 0 15 16 15 12.5 2 5 2 5
0 0 0 4 6 1 1 1 4 2 2 2 4 -1 -1 -1 -1 -1 -1 280019 1 15 16 15 12.5 2 5 2 5
0 0 0 1 6 1 1 1 4 2 2 2 4 -1 -1 -1 -1 -1 -1 280919 0 15 16 15 10 2 5 2 5
0 0 0 1 6 1 1 3 4 2 2 2 4 7 5 4 1 0 0 281752 0 15 16 15 12.5 2 6 2 5
0 0 0 1 6 1 1 1 4 2 2 2 4 -1 -1 -1 -1 -1 -1 282552 0 15 16 15 12.5 2 6 2 5
0 0 0 4 6 1 1 1 4 2 2 2 4 -1 -1 -1 -1 -1 -1 283419 1 15 16 15 12.5 2 6 2 5
0 0 0 1 6 1 1 1 4 2 2 2 4 -1 -1 -1 -1 -1 -1 284218 0 15 16 15 12.5 2 6 2 5
0 0 0 1 6 3 1 1 4 2 2 2 4 5 5 4 0 0 0 285051 0 15 16 15 11.3333 2 5 2 5
0 0 0 1 1 6 1 1 4 2 2 2 5 -1 -1 -1 -1 -1 -1 286018 0 15 16 15 10 2 5 2 5
0 0 0 4 1 1 6 1 4 2 2 2 6 -1 -1 -1 -1 -1 -1 287018 1 15 16 15 12.5 2 5 2 5
0 0 0 1 1 1 6 1 4 2 2 2 6 -1 -1 -1 -1 -1 -1 287817 0 15 16 15 12.5 2 5 2 5
0 0 0 1 1 1 7 1 4 2 2 2 6 6 5 4 1 1 1 288617 0 15 16 15 12 2 8 0 5
0 0 0 1 1 6 1 1 4 2 2 2 5 -1 -1 -1 -1 -1 -1 289384 0 15 16 16 13 2 8 0 5
0 0 0 1 1 6 4 1 4 2 2 2 5 -1 -1 -1 -1 -1 -1 290150 1 15 16 16 13 2 8 0 5
0 0 0 1 1 1 1 6 4 2 2 2 7 -1 -1 -1 -1 -1 -1 290917 0 15 16 16 13 2 8 0 5
0 0 0 1 1 1 1 7 4 2 2 2 7 7 5 4 0 1 1 291583 0 15 16 16 16.25 2 4 2 5
0 0 0 1 1 1 1 6 4 2 2 2 7 -1 -1 -1 -1 -1 -1 292216 0 15 16 16 16.25 2 4 2 5
0 0 0 1 1 1 6 4 4 2 2 2 6 -1 -1 -1 -1 -1 -1 292816 1 15 16 16 15.8167 2 4 2 5
0 0 0 1 1 6 1 1 4 2 2 2 5 -1 -1 -1 -1 -1 -1 293549 0 15 16 16 13 2 4 2 5
0 0 0 1 1 6 3 1 4 2 2 2 5 6 5 4 3 0 0 294249 0 15 16 16 16.25 2 5 2 5
0 0 0 1 1 6 1 1 4 2 2 2 5 -1 -1 -1 -1 -1 -1 294849 0 15 16 16 16.25 2 5 2 5
0 0 0 4 1 6 1 1 4 2 2 2 5 -1 -1 -1 -1 -1 -1 295482 1 15 16 16 16.0333 2 5 2 5
0 0 0 1 1 6 1 1 4 2 2 2 5 -1 -1 -1 -1 -1 -1 296149 0 15 16 16 16.25 2 5 2 5
0 0 0 1 3 6 1 1 4 2 2 2 5 4 5 4 1 0 0 296782 0 15 16 16 16.25 2 5 2 5
0 0 0 1 1 6 1 1 4 2 2 2 5 -1 -1 -1 -1 -1 -1 297382 0 15 16 16 16.25 2 5 2 5
0 0 0 4 1 6 1 1 4 2 2 2 5 -1 -1 -1 -1 -1 -1 298048 1 15 16 16 13.2167 2 5 2 5
0 0 0 1 1 6 1 1 4 2 2 2 5 -1 -1 -1 -1 -1 -1 298681 0 15 16 16 16.25 2 5 2 5
0 0 0 3 1 6 1 1 4 2 2 2 5 3 5 4 0 0 0 299315 0 15 16 16 16.25 2 6 2 5
0 0 0 1 1 6 1 1 4 2 2 2 5 -1 -1 -1 -1 -1 -1 299915 0 15 16 16 14.7333 2 6 2 5
0 0 0 4 1 6 1 1 4 2 2 2 5 -1 -1 -1 -1 -1 -1 300681 1 15 16 16 13 2 6 2 5
0 0 0 1 1 6 1 1 4 2 2 2 5 -1 -1 -1 -1 -1 -1 301314 0 15 16 16 16.25 2 6 2 5
0 0 0 3 1 6 1 1 4 2 2 2 5 3 5 4 2 0 0 301947 0 15 16 16 16.25 2 5 2 5
0 0 0 1 1 6 1 1 4 2 2 2 5 -1 -1 -1 -1 -1 -1 302581 0 15 16 16 14.7333 2 5 2 5
0 0 0 6 1 1 1 4 4 2 2 2 3 -1 -1 -1 -1 -1 -1 303314 1 15 16 16 13 2 5 2 5
0 0 0 6 1 1 1 1 4 2 2 2 3 -1 -1 -1 -1 -1 -1 303980 0 15 16 16 16.25 2 5 2 5
0 0 0 7 1 1 1 1 4 2 2 2 3 3 5 4 0 1 1 304580 0 15 16 16 16.25 2 6 2 5
0 0 0 6 1 1 1 1 4 2 2 2 3 -1 -1 -1 -1 -1 -1 305213 0 15 16 16 15.3833 2 6 2 5
0 0 0 6 1 4 1 1 4 2 2 2 3 -1 -1 -1 -1 -1 -1 305913 1 15 16 16 16.25 2 6 2 5
0 0 0 6 1 1 1 1 4 2 2 2 3 -1 -1 -1 -1 -1 -1 306513 0 15 16 16 16.25 2 6 2 5
0 0 0 6 1 3 1 1 4 2 2 2 3 5 5 4 3 0 0 307113 0 15 16 16 16.25 2 5 2 5
0 0 0 6 1 1 1 1 4 2 2 2 3 -1 -1 -1 -1 -1 -1 307813 0 15 16 16 13 2 5 2 5
0 0 0 6 1 4 1 1 4 2 2 2 3 -1 -1 -1 -1 -1 -1 308546 1 15 16 16 16.25 2 5 2 5
0 0 0 6 1 1 1 1 4 2 2 2 3 -1 -1 -1 -1 -1 -1 309146 0 15 16 16 16.25 2 5 2 5
0 0 0 1 1 6 1 3 4 2 2 2 5 7 5 4 1 0 0 309779 0 15 16 16 16.25 2 8 0 5
0 0 0 1 1 6 1 1 4 2 2 2 5 -1 -1 -1 -1 -1 -1 310445 0 15 16 16 13 2 8 0 5
0 0 0 4 1 1 6 1 4 2 2 2 6 -1 -1 -1 -1 -1 -1 311212 1 15 16 16 13 2 8 0 5
0 0 0 1 1 1 6 1 4 2 2 2 6 -1 -1 -1 -1 -1 -1 311912 0 15 16 16 16.25 2 8 0 5
0 0 0 1 1 1 7 1 4 2 2 2 6 6 5 4 3 1 1 312511 0 15 16 16 16.25 2 4 2 5
0 0 0 1 1 1 6 1 4 2 2 2 6 -1 -1 -1 -1 -1 -1 313145 0 15 16 16 16.0333 2 4 2 5
0 0 0 1 1 6 1 4 4 2 2 2 5 -1 -1 -1 -1 -1 -1 313844 1 15 16 16 13 2 4 2 5
0 0 0 1 1 6 1 1 4 2 2 2 5 -1 -1 -1 -1 -1 -1 314544 0 15 16 16 16.25 2 4 2 5
0 0 0 1 3 6 1 1 4 2 2 2 5 4 5 4 2 0 0 315144 0 15 16 16 16.25 2 5 2 5
0 0 0 1 1 6 1 1 4 2 2 2 5 -1 -1 -1 -1 -1 -1 315777 0 15 16 16 15.8167 2 5 2 5
0 0 0 1 6 1 1 4 4 2 2 2 4 -1 -1 -1 -1 -1 -1 316477 1 15 16 16 13 2 5 2 5
0 0 0 1 6 1 1 1 4 2 2 2 4 -1 -1 -1 -1 -1 -1 317244 0 15 16 16 13 2 5 2 5
0 0 0 3 6 1 1 1 4 2 2 2 4 3 5 4 1 0 0 318010 0 15 16 16 13 2 5 2 5
0 0 0 1 1 6 1 1 4 2 2 2 5 -1 -1 -1 -1 -1 -1 318777 0 15 16 16 13 2 5 2 5
0 0 0 4 1 6 1 1 4 2 2 2 5 -1 -1 -1 -1 -1 -1 319576 1 15 16 16 13 2 5 2 5
0 0 0 1 1 6 1 1 4 2 2 2 5 -1 -1 -1 -1 -1 -1 320276 0 15 16 16 16.25 2 5 2 5
0 0 0 1 3 6 1 1 4 2 2 2 5 4 5 4 0 0 0 320876 0 15 16 16 16.25 2 6 2 5
0 0 0 1 1 6 1 1 4 2 2 2 5 -1 -1 -1 -1 -1 -1 321509 0 15 16 16 16.25 2 6 2 5
0 0 0 1 1 6 1 4 4 2 2 2 5 -1 -1 -1 -1 -1 -1 322209 1 15 16 16 13 2 6 2 5
0 0 0 1 1 6 1 1 4 2 2 2 5 -1 -1 -1 -1 -1 -1 322909 0 15 16 16 16.25 2 6 2 5
0 0 0 1 1 6 3 1 4 2 2 2 5 6 5 4 3 0 0 323509 0 15 16 16 16.25 2 5 2 5
0 0 0 1 1 6 1 1 4 2 2 2 5 -1 -1 -1 -1 -1 -1 324142 0 15 16 16 16.25 2 5 2 5
0 0 0 1 1 6 4 1 4 2 2 2 5 -1 -1 -1 -1 -1 -1 324842 1 15 16 16 13 2 5 2 5
0 0 0 1 1 6 1 1 4 2 2 2 5 -1 -1 -1 -1 -1 -1 325508 0 15 16 16 16.25 2 5 2 5
0 0 0 1 1 6 3 1 4 2 2 2 5 6 5 4 2 0 0 326141 0 15 16 16 16.25 2 6 2 5
0 0 0 1 1 6 1 1 4 2 2 2 5 -1 -1 -1 -1 -1 -1 326741 0 15 16 16 15.8167 2 6 2 5
0 0 0 1 1 1 6 4 4 2 2 2 6 -1 -1 -1 -1 -1 -1 327474 1 15 16 16 13 2 6 2 5
0 0 0 1 1 1 1 6 4 2 2 2 7 -1 -1 -1 -1 -1 -1 328241 0 15 16 16 13 2 6 2 5
0 0 0 1 1 1 1 8 4 2 2 2 7 7 5 4 0 0 1 328874 0 15 16 16 16.25 2 5 2 5
0 0 0 1 1 1 1 6 4 2 2 2 7 -1 -1 -1 -1 -1 -1 329641 0 15 16 15 12.5 2 5 2 5
0 0 0 1 1 4 1 6 4 2 2 2 7 -1 -1 -1 -1 -1 -1 330540 1 15 16 15 10 2 5 2 5
0 0 0 1 1 1 6 1 4 2 2 2 6 -1 -1 -1 -1 -1 -1 331473 0 15 16 15 12.5 2 5 2 5
0 0 0 1 1 1 8 2 4 2 2 2 6 7 5 4 2 1 0 332273 0 15 16 15 12.5 2 8 0 5
0 0 0 1 1 1 6 1 4 2 2 2 6 -1 -1 -1 -1 -1 -1 333106 0 15 16 15 10.6667 2 8 0 5
0 0 0 1 1 1 6 4 4 2 2 2 6 -1 -1 -1 -1 -1 -1 334073 1 15 16 15 10 2 8 0 5
0 0 0 1 1 1 6 1 4 2 2 2 6 -1 -1 -1 -1 -1 -1 334906 0 15 16 15 12.5 2 8 0 5
0 0 0 1 1 1 7 1 4 2 2 2 6 6 5 4 0 1 1 335706 0 15 16 15 12.5 2 4 2 5
0 0 0 1 1 1 6 1 4 2 2 2 6 -1 -1 -1 -1 -1 -1 336639 0 15 16 15 10 2 4 2 5
0 0 0 1 1 1 6 4 4 2 2 2 6 -1 -1 -1 -1 -1 -1 337639 1 15 16 15 10 2 4 2 5
0 0 0 1 1 1 6 1 4 2 2 2 6 -1 -1 -1 -1 -1 -1 338472 0 15 16 15 12.5 2 4 2 5
0 0 0 1 1 1 6 3 4 2 2 2 6 7 5 4 3 0 0 339272 0 15 16 15 12.5 2 5 2 5
0 0 0 1 1 1 6 1 4 2 2 2 6 -1 -1 -1 -1 -1 -1 340205 0 15 16 15 10 2 5 2 5
0 0 0 4 1 1 6 1 4 2 2 2 6 -1 -1 -1 -1 -1 -1 341038 1 15 16 15 12.5 2 5 2 5
0 0 0 1 1 1 6 1 4 2 2 2 6 -1 -1 -1 -1 -1 -1 341838 0 15 16 15 12.5 2 5 2 5
0 0 0 1 1 3 6 1 4 2 2 2 6 5 5 4 2 0 0 342771 0 15 16 15 10 2 5 2 5
0 0 0 1 1 1 6 1 4 2 2 2 6 -1 -1 -1 -1 -1 -1 343604 0 15 16 15 12.5 2 5 2 5
0 0 0 1 1 6 1 4 4 2 2 2 5 -1 -1 -1 -1 -1 -1 344404 1 15 16 15 12.5 2 5 2 5
0 0 0 1 6 1 1 1 4 2 2 2 4 -1 -1 -1 -1 -1 -1 345303 0 15 16 15 10 2 5 2 5
0 0 0 3 6 1 1 1 4 2 2 2 4 3 5 4 1 0 0 346137 0 15 16 15 12.5 2 6 2 5
0 0 0 1 6 1 1 1 4 2 2 2 4 -1 -1 -1 -1 -1 -1 346936 0 15 16 15 12.3333 2 6 2 5
0 0 0 1 6 1 4 1 4 2 2 2 4 -1 -1 -1 -1 -1 -1 347869 1 15 16 15 12.5 2 6 2 5
0 0 0 1 6 1 1 1 4 2 2 2 4 -1 -1 -1 -1 -1 -1 348669 0 15 16 15 12.5 2 6 2 5
0 0 0 1 8 2 1 1 4 2 2 2 4 5 5 4 2 1 0 349469 0 15 16 15 11.8333 2 5 2 5
0 0 0 1 6 1 1 1 4 2 2 2 4 -1 -1 -1 -1 -1 -1 350436 0 15 16 15 10 2 5 2 5
0 0 0 1 6 4 1 1 4 2 2 2 4 -1 -1 -1 -1 -1 -1 351335 1 15 16 15 12.5 2 5 2 5
0 0 0 1 6 1 1 1 4 2 2 2 4 -1 -1 -1 -1 -1 -1 352135 0 15 16 15 12.5 2 5 2 5
0 0 0 1 6 1 1 3 4 2 2 2 4 7 5 4 3 0 0 352968 0 15 16 15 10 2 6 2 5
0 0 0 1 6 1 1 1 4 2 2 2 4 -1 -1 -1 -1 -1 -1 353801 0 15 16 15 12.5 2 6 2 5
0 0 0 1 6 4 1 1 4 2 2 2 4 -1 -1 -1 -1 -1 -1 354601 1 15 16 15 12.5 2 6 2 5
0 0 0 1 1 6 1 1 4 2 2 2 5 -1 -1 -1 -1 -1 -1 355534 0 15 16 15 10 2 6 2 5
0 0 0 1 1 1 1 8 4 2 2 2 7 7 5 4 1 0 1 356534 0 15 16 15 10 2 5 2 5
0 0 0 1 1 6 1 1 4 2 2 2 5 -1 -1 -1 -1 -1 -1 357534 0 15 16 15 10 2 5 2 5
0 0 0 1 1 6 1 4 4 2 2 2 5 -1 -1 -1 -1 -1 -1 358434 1 15 16 15 12.5 2 5 2 5
0 0 0 1 1 6 1 1 4 2 2 2 5 -1 -1 -1 -1 -1 -1 359233 0 15 16 15 12.5 2 5 2 5
0 0 0 0 1 6 1 0 5 6 1 0 5 -1 -1 -1 -1 -1 -1 365565 0 15 40 15 60 2 8 0 3
0 0 0 0 1 6 1 0 5 6 1 0 5 -1 -1 -1 -1 -1 -1 365732 0 15 40 15 60 2 8 0 3
0 0 0 0 1 6 1 0 5 6 1 0 5 -1 -1 -1 -1 -1 -1 365898 0 15 40 15 60 2 5 2 3
0 0 0 0 1 6 1 0 5 6 1 0 5 -1 -1 -1 -1 -1 -1 366065 0 15 40 15 50 2 5 2 3
0 0 0 0 1 6 1 0 5 6 1 0 5 -1 -1 -1 -1 -1 -1 366365 0 15 40 15 20 2 5 2 3
0 0 0 0 1 6 1 0 5 6 1 0 5 -1 -1 -1 -1 -1 -1 367298 0 15 40 15 10 2 5 2 3
0 0 0 0 1 6 1 0 5 6 1 0 5 -1 -1 -1 -1 -1 -1 368298 0 15 40 15 10 2 4 2 3
0 0 0 0 1 1 6 0 5 6 1 0 6 -1 -1 -1 -1 -1 -1 369298 0 15 40 15 10 2 4 2 3
0 0 0 0 1 1 6 0 5 6 1 0 6 -1 -1 -1 -1 -1 -1 370297 0 15 40 15 10 2 4 2 3
0 0 0 0 1 1 6 0 5 6 1 0 6 -1 -1 -1 -1 -1 -1 371297 0 15 40 15 10 2 4 2 3
0 0 0 0 1 1 7 0 5 6 1 0 6 6 5 4 4 1 1 372297 0 15 40 15 10 2 6 2 3
0 0 0 0 1 1 6 0 5 6 1 0 6 -1 -1 -1 -1 -1 -1 373297 0 15 40 15 10 2 6 2 3
0 0 0 0 1 1 6 0 5 6 1 0 6 -1 -1 -1 -1 -1 -1 374296 0 15 40 15 10 2 6 2 3
0 0 0 0 1 1 6 0 5 6 1 0 6 -1 -1 -1 -1 -1 -1 375296 0 15 40 15 12.5 2 6 2 3
0 0 0 0 1 1 7 0 5 6 1 0 6 6 5 4 4 1 1 376096 0 15 40 15 12.5 2 5 2 3
0 0 0 0 1 1 6 0 5 6 1 0 6 -1 -1 -1 -1 -1 -1 376729 0 15 40 16 16.0333 2 5 2 3
0 0 0 0 1 6 1 0 5 6 1 0 5 -1 -1 -1 -1 -1 -1 377429 0 15 40 16 13 2 5 2 3
0 0 0 0 1 6 1 0 5 6 1 0 5 -1 -1 -1 -1 -1 -1 378229 0 15 40 16 13 2 5 2 3
0 0 0 0 1 7 1 0 5 6 1 0 5 5 5 4 4 1 1 378995 0 15 40 16 13 2 5 2 3
0 0 0 0 1 6 1 0 5 6 1 0 5 -1 -1 -1 -1 -1 -1 379762 0 15 40 16 13 2 5 2 3
0 0 0 0 1 6 1 0 5 6 1 0 5 -1 -1 -1 -1 -1 -1 380528 0 15 40 16 13 2 5 2 3
0 0 0 0 1 6 1 0 5 6 1 0 5 -1 -1 -1 -1 -1 -1 381295 0 15 40 16 13 2 5 2 3
0 0 0 0 1 7 1 0 5 6 1 0 5 5 5 4 4 1 1 382061 0 15 40 16 13 2 6 2 3
0 0 0 0 6 1 1 0 5 6 1 0 4 -1 -1 -1 -1 -1 -1 382694 0 15 40 17 16 2 6 2 3
0 0 0 0 6 1 1 0 5 6 1 0 4 -1 -1 -1 -1 -1 -1 383327 0 15 40 17 16 2 6 2 3
0 0 0 0 6 1 1 0 5 6 1 0 4 -1 -1 -1 -1 -1 -1 383961 0 15 40 17 16 2 6 2 3
0 0 0 0 7 1 1 0 5 6 1 0 4 4 5 4 4 1 1 384594 0 15 40 17 16 2 6 2 3
0 0 0 0 6 1 1 0 5 6 1 0 4 -1 -1 -1 -1 -1 -1 385194 0 15 40 17 16 2 6 2 3
0 0 0 0 6 1 1 0 5 6 1 0 4 -1 -1 -1 -1 -1 -1 385827 0 15 40 17 16 2 6 2 3
0 0 0 0 6 1 1 0 5 6 1 0 4 -1 -1 -1 -1 -1 -1 386460 0 15 40 17 16 2 6 2 3
0 0 0 1 7 1 1 1 5 6 1 0 4 4 5 4 4 1 1 387093 0 15 40 17 16 2 8 0 5
0 0 0 1 6 1 1 1 5 6 1 1 4 -1 -1 -1 -1 -1 -1 387626 0 15 40 18 19 2 8 0 5
0 0 0 1 6 1 1 1 5 6 1 1 4 -1 -1 -1 -1 -1 -1 388160 0 15 40 18 19 2 8 0 5
0 0 0 1 6 1 1 1 5 6 1 1 4 -1 -1 -1 -1 -1 -1 388660 0 15 40 18 19 2 8 0 5
0 0 0 1 2 8 1 1 5 6 1 1 5 4 5 4 4 1 0 389193 0 15 40 18 19 2 5 2 5
0 0 0 1 6 1 1 1 5 6 1 1 4 -1 -1 -1 -1 -1 -1 389793 0 15 40 17 16 2 5 2 5
0 0 0 1 1 1 6 1 5 6 1 1 6 -1 -1 -1 -1 -1 -1 390426 0 15 40 17 16 2 5 2 5
0 0 0 1 1 1 6 1 5 6 1 1 6 -1 -1 -1 -1 -1 -1 391059 0 15 40 17 16 2 5 2 5
0 0 0 1 1 1 7 1 5 6 1 1 6 6 5 4 4 1 1 391692 0 15 40 17 16 2 4 2 5
0 0 0 1 1 1 6 1 5 6 1 1 6 -1 -1 -1 -1 -1 -1 392292 0 15 40 17 16 2 4 2 5
0 0 0 1 1 1 6 1 5 6 1 1 6 -1 -1 -1 -1 -1 -1 392925 0 15 40 17 16 2 4 2 5
0 0 0 1 1 1 6 1 5 6 1 1 6 -1 -1 -1 -1 -1 -1 393558 0 15 40 17 16 2 4 2 5
0 0 0 1 1 1 7 1 5 6 1 1 6 6 5 4 4 1 1 394192 0 15 40 17 16 2 6 2 5
0 0 0 1 1 1 6 1 5 6 1 1 6 -1 -1 -1 -1 -1 -1 394725 0 15 40 18 19 2 6 2 5
0 0 0 1 1 6 1 1 5 6 1 1 5 -1 -1 -1 -1 -1 -1 395258 0 15 40 18 19 2 6 2 5
0 0 0 1 1 6 1 1 5 6 1 1 5 -1 -1 -1 -1 -1 -1 398657 0 15 40 18 19 2 6 2 5
0 0 0 1 1 2 1 8 5 6 1 1 7 5 5 4 4 1 0 399190 0 15 40 18 19 2 5 2 5
0 0 0 1 1 1 1 6 5 6 1 1 7 -1 -1 -1 -1 -1 -1 405555 0 15 40 17 16 2 5 2 5
0 0 0 1 1 6 1 1 5 6 1 1 5 -1 -1 -1 -1 -1 -1 406155 0 15 40 17 16 2 5 2 5
0 0 0 6 1 1 1 1 5 6 1 1 3 -1 -1 -1 -1 -1 -1 406788 0 15 40 17 16 2 5 2 5
0 0 0 7 1 1 1 1 5 6 1 1 3 3 5 4 4 1 1 407422 0 15 40 17 16 2 5 2 5
0 0 0 6 1 1 1 1 5 6 1 1 3 -1 -1 -1 -1 -1 -1 408055 0 15 40 17 16 2 5 2 5
0 0 0 6 1 1 1 1 5 6 1 1 3 -1 -1 -1 -1 -1 -1 408655 0 15 40 17 16 2 5 2 5
0 0 0 1 6 1 1 1 5 6 1 1 4 -1 -1 -1 -1 -1 -1 409288 0 15 40 17 16 2 5 2 5
0 0 0 1 7 1 1 1 5 6 1 1 4 4 5 4 4 1 1 409921 0 15 40 17 16 2 6 2 5
0 0 0 1 6 1 1 1 5 6 1 1 4 -1 -1 -1 -1 -1 -1 410454 0 15 40 18 19 2 6 2 5
0 0 0 1 6 1 1 1 5 6 1 1 4 -1 -1 -1 -1 -1 -1 410987 0 15 40 18 19 2 6 2 5
0 0 0 1 6 1 1 1 5 6 1 1 4 -1 -1 -1 -1 -1 -1 411521 0 15 40 18 19 2 6 2 5
0 0 0 1 7 1 1 1 5 6 1 1 4 4 5 4 4 1 1 412020 0 15 40 18 19 2 6 2 5
0 0 0 1 6 1 1 1 5 6 1 1 4 -1 -1 -1 -1 -1 -1 412554 0 15 40 18 19 2 6 2 5
0 0 0 1 6 1 1 1 5 6 1 1 4 -1 -1 -1 -1 -1 -1 413087 0 15 40 18 19 2 6 2 5
0 0 0 1 6 1 1 1 5 6 1 1 4 -1 -1 -1 -1 -1 -1 413620 0 15 40 18 19 2 6 2 5
0 0 0 1 7 1 1 1 5 6 1 1 4 4 5 4 4 1 1 414120 0 15 40 18 19 2 8 0 5
0 0 0 1 6 1 1 1 5 6 1 2 4 -1 -1 -1 -1 -1 -1 414620 0 15 40 19 21 2 8 0 5
0 0 0 6 1 1 1 1 5 6 1 2 3 -1 -1 -1 -1 -1 -1 415086 0 15 40 19 21 2 8 0 5
0 0 0 6 1 1 1 1 5 6 1 2 3 -1 -1 -1 -1 -1 -1 415586 0 15 40 19 21 2 8 0 5
0 0 0 7 1 1 1 1 5 6 1 2 3 3 5 4 4 1 1 416053 0 15 40 19 21 2 5 2 5
0 0 0 6 1 1 1 1 5 6 1 2 3 -1 -1 -1 -1 -1 -1 416519 0 15 40 19 21 2 5 2 5
0 0 0 6 1 4 1 1 5 6 1 2 3 -1 -1 -1 -1 -1 -1 416986 1 15 40 19 21 2 5 2 5
0 0 0 6 1 1 1 1 5 6 1 2 3 -1 -1 -1 -1 -1 -1 417486 0 15 40 19 21 2 5 2 5
0 0 0 7 1 1 1 1 5 6 1 2 3 3 5 4 4 1 1 417952 0 15 40 19 21 2 4 2 5
0 0 0 6 1 1 1 1 5 6 1 2 3 -1 -1 -1 -1 -1 -1 418419 0 15 40 20 22 2 4 2 5
0 0 0 6 4 1 1 1 5 6 1 2 3 -1 -1 -1 -1 -1 -1 418852 1 15 40 20 22 2 4 2 5
0 0 0 1 6 1 1 1 5 6 1 2 4 -1 -1 -1 -1 -1 -1 419319 0 15 40 20 22 2 4 2 5
0 0 0 1 7 1 1 1 5 6 1 2 4 4 5 4 4 1 1 419785 0 15 40 20 22 2 6 2 5
0 0 0 1 6 1 1 1 5 6 1 2 4 -1 -1 -1 -1 -1 -1 420218 0 15 40 20 22 2 6 2 5
0 0 0 1 1 6 1 4 5 6 1 2 5 -1 -1 -1 -1 -1 -1 420685 1 15 40 20 22 2 6 2 5
0 0 0 1 1 1 6 1 5 6 1 2 6 -1 -1 -1 -1 -1 -1 421152 0 15 40 20 22 2 6 2 5
0 0 0 1 1 1 7 1 5 6 1 2 6 6 5 4 4 1 1 421585 0 15 40 20 22 2 5 2 5
0 0 0 1 1 1 6 1 5 6 1 2 6 -1 -1 -1 -1 -1 -1 422018 0 15 40 21 23 2 5 2 5
0 0 0 1 1 4 6 1 5 6 1 2 6 -1 -1 -1 -1 -1 -1 422451 1 15 40 21 23 2 5 2 5
0 0 0 1 1 6 1 1 5 6 1 2 5 -1 -1 -1 -1 -1 -1 422884 0 15 40 21 23 2 5 2 5
0 0 0 1 1 7 1 1 5 6 1 2 5 5 5 4 4 1 1 423318 0 15 40 21 23 2 5 2 5
0 0 0 1 1 6 1 1 5 6 1 2 5 -1 -1 -1 -1 -1 -1 423751 0 15 40 21 23 2 5 2 5
0 0 0 1 1 1 6 4 5 6 1 2 6 -1 -1 -1 -1 -1 -1 424184 1 15 40 21 23 2 5 2 5
0 0 0 1 1 1 6 1 5 6 1 2 6 -1 -1 -1 -1 -1 -1 424651 0 15 40 21 23 2 5 2 5
0 0 0 1 1 1 7 1 5 6 1 2 6 6 5 4 4 1 1 425084 0 15 40 21 23 2 6 2 5
0 0 0 1 1 6 1 1 5 6 1 2 5 -1 -1 -1 -1 -1 -1 425484 0 15 40 22 24 2 6 2 5
0 0 0 1 6 1 1 4 5 6 1 2 4 -1 -1 -1 -1 -1 -1 425917 1 15 40 22 24 2 6 2 5
0 0 0 1 6 1 1 1 5 6 1 2 4 -1 -1 -1 -1 -1 -1 426317 0 15 40 22 24 2 6 2 5
0 0 0 1 7 1 1 1 5 6 1 2 4 4 5 4 4 1 1 426750 0 15 40 22 24 2 6 2 5
0 0 0 1 6 1 1 1 5 6 1 2 4 -1 -1 -1 -1 -1 -1 427150 0 15 40 22 24 2 6 2 5
0 0 0 4 6 1 1 1 5 6 1 2 4 -1 -1 -1 -1 -1 -1 427583 1 15 40 22 24 2 6 2 5
0 0 0 6 1 1 1 1 5 6 1 2 3 -1 -1 -1 -1 -1 -1 427983 0 15 40 22 24 2 6 2 5
0 0 0 7 1 1 1 1 5 6 1 2 3 3 5 4 4 1 1 428416 0 15 40 22 24 2 8 0 5
0 0 0 6 1 1 1 1 5 6 1 2 3 -1 -1 -1 -1 -1 -1 428816 0 15 40 23 25 2 8 0 5
0 0 0 6 4 1 1 1 5 6 1 2 3 -1 -1 -1 -1 -1 -1 429216 1 15 40 23 25 2 8 0 5
0 0 0 1 6 1 1 1 5 6 1 2 4 -1 -1 -1 -1 -1 -1 429616 0 15 40 23 25 2 8 0 5
0 0 0 1 7 1 1 1 5 6 1 2 4 4 5 4 4 1 1 430016 0 15 40 23 25 2 5 2 5
0 0 0 1 1 6 1 1 5 6 1 2 5 -1 -1 -1 -1 -1 -1 430416 0 15 40 23 25 2 5 2 5
0 0 0 1 4 1 6 1 5 6 1 2 6 -1 -1 -1 -1 -1 -1 430816 1 15 40 23 25 2 5 2 5
0 0 0 1 1 1 6 1 5 6 1 2 6 -1 -1 -1 -1 -1 -1 431216 0 15 40 23 25 2 5 2 5
0 0 0 1 1 1 7 1 5 6 1 2 6 6 5 4 4 1 1 431616 0 15 40 23 25 2 4 2 5
0 0 0 1 1 6 1 1 6 0 2 2 5 -1 -1 -1 -1 -1 -1 438047 0 15 16 16 60 2 8 0 5
0 0 0 1 1 6 1 1 6 0 2 2 5 -1 -1 -1 -1 -1 -1 438214 0 15 16 16 60 2 8 0 5
0 0 0 1 1 6 1 1 6 0 2 2 5 -1 -1 -1 -1 -1 -1 438381 0 15 16 16 60 2 6 2 5
0 0 0 1 1 6 1 1 6 0 2 2 5 -1 -1 -1 -1 -1 -1 438547 0 15 16 16 50.6 2 6 2 5
0 0 0 1 1 6 1 1 6 0 2 2 5 -1 -1 -1 -1 -1 -1 438814 0 15 16 16 25.5333 2 6 2 5
0 0 0 1 1 6 1 1 6 0 2 2 5 -1 -1 -1 -1 -1 -1 439547 0 15 16 16 13 2 6 2 5
0 0 0 1 1 6 1 1 6 0 2 2 5 -1 -1 -1 -1 -1 -1 440314 0 15 16 16 13 2 4 2 5
0 0 0 1 1 6 1 1 6 0 2 2 5 -1 -1 -1 -1 -1 -1 441080 0 15 16 16 13 2 4 2 5
0 0 0 1 1 6 1 1 6 0 2 2 5 -1 -1 -1 -1 -1 -1 441847 0 15 16 16 13 2 4 2 5
0 0 0 1 1 6 1 1 6 0 2 2 5 -1 -1 -1 -1 -1 -1 442613 0 15 16 16 13 2 4 2 5
0 0 0 1 1 6 3 1 6 0 2 2 5 6 1 4 2 0 0 443379 0 15 16 16 16.25 2 5 2 5
0 0 0 1 1 6 1 1 6 0 2 2 5 -1 -1 -1 -1 -1 -1 443979 0 15 16 16 16.25 2 5 2 5
0 0 0 4 1 1 6 1 6 0 2 2 6 -1 -1 -1 -1 -1 -1 444613 1 15 16 16 16.25 2 5 2 5
0 0 0 1 1 1 6 1 6 0 2 2 6 -1 -1 -1 -1 -1 -1 445246 0 15 16 16 13.65 2 5 2 5
0 0 0 1 1 3 6 1 6 0 2 2 6 5 0 4 1 0 0 445946 0 15 16 16 16.25 2 6 2 5
0 0 0 1 1 1 6 1 6 0 2 2 6 -1 -1 -1 -1 -1 -1 446545 0 15 16 16 16.25 2 6 2 5
0 0 0 1 4 1 6 1 6 0 2 2 6 -1 -1 -1 -1 -1 -1 447179 1 15 16 16 16.0333 2 6 2 5
0 0 0 1 1 1 6 1 6 0 2 2 6 -1 -1 -1 -1 -1 -1 447878 0 15 16 16 13 2 6 2 5
0 0 0 1 1 1 6 3 6 0 2 2 6 7 3 4 3 0 0 448512 0 15 16 16 16.25 2 6 2 5
0 0 0 1 1 1 6 1 6 0 2 2 6 -1 -1 -1 -1 -1 -1 449145 0 15 16 16 16.25 2 6 2 5
0 0 0 4 1 1 6 1 6 0 2 2 6 -1 -1 -1 -1 -1 -1 449745 1 15 16 16 16.25 2 6 2 5
0 0 0 1 1 1 6 1 6 0 2 2 6 -1 -1 -1 -1 -1 -1 450378 0 15 16 16 16.25 2 6 2 5
0 0 0 1 1 3 6 1 6 0 2 2 6 5 1 4 2 0 0 450978 0 15 16 16 16.25 2 6 2 5
0 0 0 1 1 1 1 6 6 0 2 2 7 -1 -1 -1 -1 -1 -1 451644 0 15 16 16 13 2 6 2 5
0 0 0 4 1 1 1 6 6 0 2 2 7 -1 -1 -1 -1 -1 -1 452377 1 15 16 16 16.25 2 6 2 5
0 0 0 1 1 1 1 6 6 0 2 2 7 -1 -1 -1 -1 -1 -1 452977 0 15 16 16 16.25 2 6 2 5
0 0 0 1 1 1 1 7 6 0 2 2 7 7 3 4 3 1 1 453610 0 15 16 16 16.25 2 4 2 5
0 0 0 1 1 1 1 6 6 0 2 2 7 -1 -1 -1 -1 -1 -1 454277 0 15 16 16 13 2 4 2 5
0 0 0 4 1 6 1 1 6 0 2 2 5 -1 -1 -1 -1 -1 -1 455043 1 15 16 16 13 2 4 2 5
0 0 0 1 1 6 1 1 6 0 2 2 5 -1 -1 -1 -1 -1 -1 455676 0 15 16 16 16.25 2 4 2 5
0 0 0 1 1 7 1 1 6 0 2 2 5 5 1 4 2 1 1 456276 0 15 16 16 16.25 2 8 0 5
0 0 0 1 1 6 1 1 6 0 2 2 5 -1 -1 -1 -1 -1 -1 456910 0 15 16 16 14.3 2 8 0 5
0 0 0 1 1 6 1 4 6 0 2 2 5 -1 -1 -1 -1 -1 -1 457576 1 15 16 16 16.25 2 8 0 5
0 0 0 1 1 6 1 1 6 0 2 2 5 -1 -1 -1 -1 -1 -1 458209 0 15 16 16 16.25 2 8 0 5
0 0 0 1 1 6 1 3 6 0 2 2 5 7 2 4 0 0 0 458809 0 15 16 16 15.3833 2 6 2 5
0 0 0 1 1 6 1 1 6 0 2 2 5 -1 -1 -1 -1 -1 -1 459542 0 15 16 16 13 2 6 2 5
0 0 0 4 1 1 6 1 6 0 2 2 6 -1 -1 -1 -1 -1 -1 460275 1 15 16 16 16.25 2 6 2 5
0 0 0 1 1 1 6 1 6 0 2 2 6 -1 -1 -1 -1 -1 -1 460875 0 15 16 16 16.25 2 6 2 5
0 0 0 1 1 3 6 1 6 0 2 2 6 5 0 4 1 0 0 461508 0 15 16 16 16.25 2 4 2 5
0 0 0 1 1 1 6 1 6 0 2 2 6 -1 -1 -1 -1 -1 -1 462175 0 15 16 16 13 2 4 2 5
0 0 0 4 1 1 6 1 6 0 2 2 6 -1 -1 -1 -1 -1 -1 462808 1 15 16 16 16.25 2 4 2 5
0 0 0 1 1 1 6 1 6 0 2 2 6 -1 -1 -1 -1 -1 -1 463408 0 15 16 16 16.25 2 4 2 5
0 0 0 1 1 1 7 1 6 0 2 2 6 6 2 4 0 1 1 464041 0 15 16 16 14.3 2 5 2 5
0 0 0 1 1 6 1 1 6 0 2 2 5 -1 -1 -1 -1 -1 -1 464808 0 15 16 16 13 2 5 2 5
0 0 0 1 1 6 1 4 6 0 2 2 5 -1 -1 -1 -1 -1 -1 465541 1 15 16 16 16.25 2 5 2 5
0 0 0 1 1 6 1 1 6 0 2 2 5 -1 -1 -1 -1 -1 -1 466141 0 15 16 16 16.25 2 5 2 5
0 0 0 1 3 6 1 1 6 0 2 2 5 4 1 4 2 0 0 466774 0 15 16 16 16.25 2 6 2 5
0 0 0 1 1 6 1 1 6 0 2 2 5 -1 -1 -1 -1 -1 -1 467440 0 15 16 16 13 2 6 2 5
0 0 0 1 4 6 1 1 6 0 2 2 5 -1 -1 -1 -1 -1 -1 468207 1 15 16 16 16.25 2 6 2 5
0 0 0 1 1 6 1 1 6 0 2 2 5 -1 -1 -1 -1 -1 -1 468807 0 15 16 16 16.25 2 6 2 5
0 0 0 1 1 6 3 1 6 0 2 2 5 6 0 4 1 0 0 469440 0 15 16 16 16.25 2 6 2 5
0 0 0 1 1 6 1 1 6 0 2 2 5 -1 -1 -1 -1 -1 -1 470073 0 15 16 16 13.2167 2 6 2 5
0 0 0 1 1 6 4 1 6 0 2 2 5 -1 -1 -1 -1 -1 -1 470773 1 15 16 16 16.25 2 6 2 5
0 0 0 1 1 6 1 1 6 0 2 2 5 -1 -1 -1 -1 -1 -1 471406 0 15 16 16 16.25 2 6 2 5
0 0 0 1 1 6 3 1 6 0 2 2 5 6 3 4 3 0 0 472006 0 15 16 16 16.0333 2 6 2 5
0 0 0 1 1 6 1 1 6 0 2 2 5 -1 -1 -1 -1 -1 -1 472706 0 15 16 16 13 2 6 2 5
0 0 0 1 4 6 1 1 6 0 2 2 5 -1 -1 -1 -1 -1 -1 473339 1 15 16 16 16.25 2 6 2 5
0 0 0 1 1 6 1 1 6 0 2 2 5 -1 -1 -1 -1 -1 -1 473972 0 15 16 16 16.25 2 6 2 5
0 0 0 1 1 6 3 1 6 0 2 2 5 6 1 4 2 0 0 474605 0 15 16 16 14.0833 2 4 2 5
0 0 0 1 1 1 6 1 6 0 2 2 6 -1 -1 -1 -1 -1 -1 475338 0 15 16 16 13 2 4 2 5
0 0 0 4 1 1 6 1 6 0 2 2 6 -1 -1 -1 -1 -1 -1 476072 1 15 16 16 16.25 2 4 2 5
0 0 0 1 1 1 6 1 6 0 2 2 6 -1 -1 -1 -1 -1 -1 476671 0 15 16 16 16.25 2 4 2 5
0 0 0 1 1 1 7 1 6 0 2 2 6 6 3 4 3 1 1 477271 0 15 16 16 16.25 2 8 0 5
0 0 0 1 1 6 1 1 6 0 2 2 5 -1 -1 -1 -1 -1 -1 477971 0 15 16 16 13 2 8 0 5
0 0 0 1 1 6 4 1 6 0 2 2 5 -1 -1 -1 -1 -1 -1 478704 1 15 16 16 16.25 2 8 0 5
0 0 0 1 1 6 1 1 6 0 2 2 5 -1 -1 -1 -1 -1 -1 479304 0 15 16 16 16.25 2 8 0 5
0 0 0 1 1 6 3 1 6 0 2 2 5 6 0 4 1 0 0 479937 0 15 16 16 16.25 2 6 2 5
0 0 0 1 1 6 1 1 6 0 2 2 5 -1 -1 -1 -1 -1 -1 480604 0 15 16 16 13 2 6 2 5
0 0 0 1 1 6 1 4 6 0 2 2 5 -1 -1 -1 -1 -1 -1 481370 1 15 16 16 16.25 2 6 2 5
0 0 0 1 1 6 1 1 6 0 2 2 5 -1 -1 -1 -1 -1 -1 481970 0 15 16 16 16.25 2 6 2 5
0 0 0 1 6 1 1 3 6 0 2 2 4 7 2 4 0 0 0 482603 0 15 16 16 16.25 2 4 2 5
0 0 0 1 6 1 1 1 6 0 2 2 4 -1 -1 -1 -1 -1 -1 483270 0 15 16 16 13 2 4 2 5
0 0 0 1 6 4 1 1 6 0 2 2 4 -1 -1 -1 -1 -1 -1 484036 1 15 16 16 13 2 4 2 5
0 0 0 1 1 6 1 1 6 0 2 2 5 -1 -1 -1 -1 -1 -1 484803 0 15 16 16 13 2 4 2 5
0 0 0 1 1 6 3 1 6 0 2 2 5 6 1 4 2 0 0 485536 0 15 16 16 16.25 2 5 2 5
0 0 0 1 1 1 6 1 6 0 2 2 6 -1 -1 -1 -1 -1 -1 486136 0 15 16 16 16.25 2 5 2 5
0 0 0 1 1 4 6 1 6 0 2 2 6 -1 -1 -1 -1 -1 -1 486769 1 15 16 16 16.25 2 5 2 5
0 0 0 1 1 6 1 1 6 0 2 2 5 -1 -1 -1 -1 -1 -1 487402 0 15 16 16 16.25 2 5 2 5
0 0 0 1 1 6 1 3 6 0 2 2 5 7 0 4 1 0 0 488002 0 15 16 16 16.25 2 6 2 5
0 0 0 1 1 6 1 1 6 0 2 2 5 -1 -1 -1 -1 -1 -1 488635 0 15 16 16 16.25 2 6 2 5
0 0 0 1 1 1 6 4 6 0 2 2 6 -1 -1 -1 -1 -1 -1 489302 1 15 16 16 13 2 6 2 5
0 0 0 1 1 1 1 6 6 0 2 2 7 -1 -1 -1 -1 -1 -1 490035 0 15 16 16 16.25 2 6 2 5
0 0 0 1 1 1 1 7 6 0 2 2 7 7 1 4 2 1 1 490668 0 15 16 16 16.25 2 6 2 5
0 0 0 1 1 6 1 1 7 1 2 1 5 -1 -1 -1 -1 -1 -1 496633 0 15 16 16 60 2 8 0 5
0 0 0 1 1 6 1 1 7 1 2 1 5 -1 -1 -1 -1 -1 -1 496800 0 15 16 16 60 2 8 0 5
0 0 0 1 1 6 1 1 7 1 2 1 5 -1 -1 -1 -1 -1 -1 496966 0 15 16 16 60 2 4 2 5
0 0 0 1 1 6 1 1 7 1 2 1 5 -1 -1 -1 -1 -1 -1 497133 0 15 16 16 50.6 2 4 2 5
0 0 0 1 1 6 1 1 7 1 2 1 5 -1 -1 -1 -1 -1 -1 497400 0 15 16 16 25.5333 2 4 2 5
0 0 0 1 1 6 1 1 7 1 2 1 5 -1 -1 -1 -1 -1 -1 498133 0 15 16 16 13 2 4 2 5
0 0 0 1 1 6 1 1 7 1 2 1 5 -1 -1 -1 -1 -1 -1 498766 0 15 16 16 16.25 2 5 2 5
0 0 0 1 1 6 1 1 7 1 2 1 5 -1 -1 -1 -1 -1 -1 499366 0 15 16 16 16.25 2 5 2 5
0 0 0 1 1 6 1 1 7 1 2 1 5 -1 -1 -1 -1 -1 -1 499999 0 15 16 16 14.5167 2 5 2 5
0 0 0 1 1 6 1 1 7 1 2 1 5 -1 -1 -1 -1 -1 -1 500765 0 15 16 16 13 2 5 2 5
0 0 0 1 1 6 3 1 7 1 2 1 5 6 4 5 0 0 0 501532 0 15 16 16 13 2 5 2 5
0 0 0 1 1 6 1 1 7 1 2 1 5 -1 -1 -1 -1 -1 -1 502298 0 15 16 16 13 2 5 2 5
0 0 0 1 1 6 1 1 7 1 2 1 5 -1 -1 -1 -1 -1 -1 503065 0 15 16 16 13 2 5 2 5
0 0 0 1 1 6 1 1 7 1 2 1 5 -1 -1 -1 -1 -1 -1 503698 0 15 16 16 16.25 2 5 2 5
0 0 0 1 1 6 3 1 7 1 2 1 5 6 4 6 1 0 0 504298 0 15 16 16 16.25 2 6 2 5
0 0 0 1 1 6 1 1 7 1 2 1 5 -1 -1 -1 -1 -1 -1 504931 0 15 16 16 14.3 2 6 2 5
0 0 0 1 1 1 6 1 7 1 2 1 6 -1 -1 -1 -1 -1 -1 505698 0 15 16 16 13 2 6 2 5
0 0 0 1 1 1 6 1 7 1 2 1 6 -1 -1 -1 -1 -1 -1 506331 0 15 16 16 16.25 2 6 2 5
0 0 0 1 1 3 6 1 7 1 2 1 6 5 4 8 3 0 0 506931 0 15 16 16 16.25 2 4 2 5
0 0 0 1 1 1 6 1 7 1 2 1 6 -1 -1 -1 -1 -1 -1 507564 0 15 16 16 14.0833 2 4 2 5
0 0 0 1 1 1 6 1 7 1 2 1 6 -1 -1 -1 -1 -1 -1 508264 0 15 16 16 16.25 2 4 2 5
0 0 0 1 6 1 1 1 7 1 2 1 4 -1 -1 -1 -1 -1 -1 508897 0 15 16 16 16.25 2 4 2 5
0 0 0 7 1 1 1 1 7 1 2 1 3 3 4 6 1 1 1 509497 0 15 16 16 16.25 2 5 2 5
0 0 0 1 6 1 1 1 7 1 2 1 4 -1 -1 -1 -1 -1 -1 510197 0 15 16 16 13 2 5 2 5
0 0 0 1 1 6 1 1 7 1 2 1 5 -1 -1 -1 -1 -1 -1 510963 0 15 16 16 13 2 5 2 5
0 0 0 1 1 6 1 1 7 1 2 1 5 -1 -1 -1 -1 -1 -1 511729 0 15 16 16 13 2 5 2 5
0 0 0 1 3 6 1 1 7 1 2 1 5 4 4 5 0 0 0 512429 0 15 16 16 16.25 2 4 2 5
0 0 0 1 1 6 1 1 7 1 2 1 5 -1 -1 -1 -1 -1 -1 513029 0 15 16 16 16.25 2 4 2 5
0 0 0 1 1 6 1 1 7 1 2 1 5 -1 -1 -1 -1 -1 -1 513662 0 15 16 16 15.8167 2 4 2 5
0 0 0 1 1 6 1 1 7 1 2 1 5 -1 -1 -1 -1 -1 -1 514362 0 15 16 16 16.25 2 4 2 5
0 0 0 1 3 6 1 1 7 1 2 1 5 4 4 7 2 0 0 514995 0 15 16 16 16.25 2 8 0 5
0 0 0 1 1 6 1 1 7 1 2 1 5 -1 -1 -1 -1 -1 -1 515595 0 15 16 16 16.25 2 8 0 5
0 0 0 1 6 1 1 1 7 1 2 1 4 -1 -1 -1 -1 -1 -1 516228 0 15 16 16 13.8667 2 8 0 5
0 0 0 6 1 1 1 1 7 1 2 1 3 -1 -1 -1 -1 -1 -1 516995 0 15 16 16 13 2 8 0 5
0 0 0 7 1 1 1 1 7 1 2 1 3 3 4 5 0 1 1 517661 0 15 16 16 16.25 2 4 2 5
0 0 0 6 1 1 1 1 7 1 2 1 3 -1 -1 -1 -1 -1 -1 518295 0 15 16 16 16.25 2 4 2 5
0 0 0 6 1 1 1 1 7 1 2 1 3 -1 -1 -1 -1 -1 -1 518894 0 15 16 16 16.25 2 4 2 5
0 0 0 6 1 1 1 1 7 1 2 1 3 -1 -1 -1 -1 -1 -1 519528 0 15 16 16 16.25 2 4 2 5
0 0 0 6 3 1 1 1 7 1 2 1 3 4 4 8 3 0 0 520127 0 15 16 16 16.25 2 5 2 5
0 0 0 6 1 1 1 1 7 1 2 1 3 -1 -1 -1 -1 -1 -1 520761 0 15 16 16 13.8667 2 5 2 5
0 0 0 1 1 6 1 1 7 1 2 1 5 -1 -1 -1 -1 -1 -1 521527 0 15 16 16 13 2 5 2 5
0 0 0 1 1 6 1 1 7 1 2 1 5 -1 -1 -1 -1 -1 -1 522194 0 15 16 16 16.25 2 5 2 5
0 0 0 3 1 6 1 1 7 1 2 1 5 3 4 7 2 0 0 522827 0 15 16 16 16.25 2 5 2 5
0 0 0 1 1 6 1 1 7 1 2 1 5 -1 -1 -1 -1 -1 -1 523427 0 15 16 16 15.3833 2 5 2 5
0 0 0 1 1 1 6 1 7 1 2 1 6 -1 -1 -1 -1 -1 -1 524160 0 15 16 16 13 2 5 2 5
0 0 0 1 1 6 1 1 7 1 2 1 5 -1 -1 -1 -1 -1 -1 524926 0 15 16 16 13 2 5 2 5
0 0 0 1 1 7 1 1 7 1 2 1 5 5 4 8 3 1 1 525659 0 15 16 16 16.25 2 6 2 5
0 0 0 1 1 6 1 1 7 1 2 1 5 -1 -1 -1 -1 -1 -1 526259 0 15 16 16 16.25 2 6 2 5
0 0 0 1 1 6 1 1 7 1 2 1 5 -1 -1 -1 -1 -1 -1 526892 0 15 16 16 16.25 2 6 2 5
0 0 0 1 1 6 1 1 7 1 2 1 5 -1 -1 -1 -1 -1 -1 527559 0 15 16 16 13 2 6 2 5
0 0 0 1 1 6 3 1 7 1 2 1 5 6 4 5 0 0 0 528359 0 15 16 16 13 2 4 2 5
0 0 0 1 1 6 1 1 7 1 2 1 5 -1 -1 -1 -1 -1 -1 529025 0 15 16 16 16.25 2 4 2 5
0 0 0 1 1 6 1 1 7 1 2 1 5 -1 -1 -1 -1 -1 -1 529625 0 15 16 16 16.25 2 4 2 5
0 0 0 1 1 6 1 1 7 1 2 1 5 -1 -1 -1 -1 -1 -1 530258 0 15 16 16 15.3833 2 4 2 5
0 0 0 1 1 6 1 3 7 1 2 1 5 7 4 7 2 0 0 530991 0 15 16 16 13 2 5 2 5
0 0 0 1 1 6 1 1 7 1 2 1 5 -1 -1 -1 -1 -1 -1 531625 0 15 16 16 16.25 2 5 2 5
0 0 0 1 1 1 6 1 7 1 2 1 6 -1 -1 -1 -1 -1 -1 532258 0 15 16 16 16.25 2 5 2 5
0 0 0 1 1 1 1 6 7 1 2 1 7 -1 -1 -1 -1 -1 -1 532858 0 15 16 16 15.3833 2 5 2 5
0 0 0 1 1 1 1 7 7 1 2 1 7 7 4 5 0 1 1 533624 0 15 16 16 13 2 4 2 5
0 0 0 1 1 1 1 6 7 1 2 1 7 -1 -1 -1 -1 -1 -1 534224 0 15 16 16 16.25 2 4 2 5
0 0 0 1 1 1 1 6 7 1 2 1 7 -1 -1 -1 -1 -1 -1 534857 0 15 16 16 16.25 2 4 2 5
0 0 0 1 1 1 1 6 7 1 2 1 7 -1 -1 -1 -1 -1 -1 535457 0 15 16 16 16.25 2 4 2 5
0 0 0 1 1 3 1 6 7 1 2 1 7 5 4 6 1 0 0 536090 0 15 16 16 16.25 2 8 0 5
0 0 0 1 1 1 1 6 7 1 2 1 7 -1 -1 -1 -1 -1 -1 536690 0 15 16 16 16.25 2 8 0 5
0 0 0 1 1 1 6 1 7 1 2 1 6 -1 -1 -1 -1 -1 -1 537357 0 15 16 16 16.25 2 8 0 5
0 0 0 1 1 1 6 1 7 1 2 1 6 -1 -1 -1 -1 -1 -1 537990 0 15 16 16 16.25 2 8 0 5
0 0 0 1 1 1 1 7 7 1 2 1 7 7 4 5 0 1 1 538590 0 15 16 16 16.25 2 4 2 5
0 0 0 1 1 6 1 1 8 2 2 2 5 -1 -1 -1 -1 -1 -1 545355 0 15 16 15 60 2 8 0 5
0 0 0 1 1 6 1 1 8 2 2 2 5 -1 -1 -1 -1 -1 -1 545521 0 15 16 15 60 2 8 0 5
0 0 0 1 1 6 1 1 8 2 2 2 5 -1 -1 -1 -1 -1 -1 545688 0 15 16 15 60 2 5 2 5
0 0 0 1 1 6 1 1 8 2 2 2 5 -1 -1 -1 -1 -1 -1 545855 0 15 16 15 50.5 2 5 2 5
0 0 0 1 1 6 1 1 8 2 2 2 5 -1 -1 -1 -1 -1 -1 546121 0 15 16 15 25.1666 2 5 2 5
0 0 0 1 1 6 1 1 8 2 2 2 5 -1 -1 -1 -1 -1 -1 547021 0 15 16 15 10 2 5 2 5
0 0 0 1 1 6 1 1 8 2 2 2 5 -1 -1 -1 -1 -1 -1 548021 0 15 16 15 10 2 6 2 5
0 0 0 1 1 6 1 1 8 2 2 2 5 -1 -1 -1 -1 -1 -1 549020 0 15 16 15 10 2 6 2 5
0 0 0 1 1 6 1 1 8 2 2 2 5 -1 -1 -1 -1 -1 -1 550020 0 15 16 15 10 2 6 2 5
0 0 0 1 1 6 1 1 8 2 2 2 5 -1 -1 -1 -1 -1 -1 550920 0 15 16 15 12.5 2 6 2 5
0 0 0 1 1 6 3 1 8 2 2 2 5 6 5 4 3 0 0 551720 0 15 16 15 12.5 2 5 2 5
0 0 0 1 1 6 1 1 8 2 2 2 5 -1 -1 -1 -1 -1 -1 552553 0 15 16 15 10.1667 2 5 2 5
0 0 0 1 4 1 6 1 8 2 2 2 6 -1 -1 -1 -1 -1 -1 553553 1 15 16 15 10 2 5 2 5
0 0 0 1 1 1 6 1 8 2 2 2 6 -1 -1 -1 -1 -1 -1 554452 0 15 16 15 12.5 2 5 2 5
0 0 0 1 1 3 6 1 8 2 2 2 6 5 5 4 0 0 0 555252 0 15 16 15 12.5 2 5 2 5
0 0 0 1 1 1 6 1 8 2 2 2 6 -1 -1 -1 -1 -1 -1 556119 0 15 16 15 10 2 5 2 5
0 0 0 1 1 1 6 4 8 2 2 2 6 -1 -1 -1 -1 -1 -1 557018 1 15 16 15 12.5 2 5 2 5
0 0 0 1 1 1 1 6 8 2 2 2 7 -1 -1 -1 -1 -1 -1 557818 0 15 16 15 12.5 2 5 2 5
0 0 0 1 1 1 1 7 8 2 2 2 7 7 5 4 3 1 1 558685 0 15 16 15 10 2 5 2 5
0 0 0 1 1 1 1 6 8 2 2 2 7 -1 -1 -1 -1 -1 -1 559684 0 15 16 15 10 2 5 2 5
0 0 0 4 1 1 1 6 8 2 2 2 7 -1 -1 -1 -1 -1 -1 560684 1 15 16 15 10 2 5 2 5
0 0 0 1 1 1 1 6 8 2 2 2 7 -1 -1 -1 -1 -1 -1 561651 0 15 16 15 12.5 2 5 2 5
0 0 0 1 1 3 1 6 8 2 2 2 7 5 5 4 2 0 0 562450 0 15 16 15 12.5 2 4 2 5
0 0 0 1 1 1 1 6 8 2 2 2 7 -1 -1 -1 -1 -1 -1 563250 0 15 16 15 11.1667 2 4 2 5
0 0 0 1 4 1 1 6 8 2 2 2 7 -1 -1 -1 -1 -1 -1 564250 1 15 16 15 10 2 4 2 5
0 0 0 1 6 1 1 1 8 2 2 2 4 -1 -1 -1 -1 -1 -1 565250 0 15 16 15 10 2 4 2 5
0 0 0 7 1 1 1 1 8 2 2 2 3 3 5 4 3 1 1 566183 0 15 16 15 12.5 2 4 2 5
0 0 0 1 6 1 1 1 8 2 2 2 4 -1 -1 -1 -1 -1 -1 566816 0 15 16 16 16.25 2 4 2 5
0 0 0 4 1 6 1 1 8 2 2 2 5 -1 -1 -1 -1 -1 -1 567449 1 15 16 16 16.25 2 4 2 5
0 0 0 1 6 1 1 1 8 2 2 2 4 -1 -1 -1 -1 -1 -1 568149 0 15 16 16 13 2 4 2 5
0 0 0 1 6 3 1 1 8 2 2 2 4 5 5 4 0 0 0 568916 0 15 16 16 13 2 8 0 5
0 0 0 1 6 1 1 1 8 2 2 2 4 -1 -1 -1 -1 -1 -1 569682 0 15 16 16 13 2 8 0 5
0 0 0 6 1 4 1 1 8 2 2 2 3 -1 -1 -1 -1 -1 -1 570415 1 15 16 16 16.25 2 8 0 5
0 0 0 6 1 1 1 1 8 2 2 2 3 -1 -1 -1 -1 -1 -1 571048 0 15 16 16 16.25 2 8 0 5
0 0 0 7 1 1 1 1 8 2 2 2 3 3 5 4 3 1 1 571648 0 15 16 16 16.25 2 5 2 5
0 0 0 1 6 1 1 1 8 2 2 2 4 -1 -1 -1 -1 -1 -1 572315 0 15 16 16 13.4333 2 5 2 5
0 0 0 4 6 1 1 1 8 2 2 2 4 -1 -1 -1 -1 -1 -1 572981 1 15 16 16 16.25 2 5 2 5
0 0 0 1 6 1 1 1 8 2 2 2 4 -1 -1 -1 -1 -1 -1 573581 0 15 16 16 16.25 2 5 2 5
0 0 0 1 6 3 1 1 8 2 2 2 4 5 5 4 2 0 0 574214 0 15 16 16 15.1667 2 6 2 5
0 0 0 1 6 1 1 1 8 2 2 2 4 -1 -1 -1 -1 -1 -1 574947 0 15 16 16 13 2 6 2 5
0 0 0 1 6 4 1 1 8 2 2 2 4 -1 -1 -1 -1 -1 -1 575681 1 15 16 16 16.25 2 6 2 5
0 0 0 1 6 1 1 1 8 2 2 2 4 -1 -1 -1 -1 -1 -1 576280 0 15 16 16 16.25 2 6 2 5
0 0 0 1 6 1 3 1 8 2 2 2 4 6 5 4 1 0 0 576914 0 15 16 16 16.25 2 5 2 5
0 0 0 1 6 1 1 1 8 2 2 2 4 -1 -1 -1 -1 -1 -1 577580 0 15 16 16 13 2 5 2 5
0 0 0 1 6 1 4 1 8 2 2 2 4 -1 -1 -1 -1 -1 -1 578313 1 15 16 16 16.25 2 5 2 5
0 0 0 1 6 1 1 1 8 2 2 2 4 -1 -1 -1 -1 -1 -1 578946 0 15 16 16 16.25 2 5 2 5
0 0 0 1 6 1 1 3 8 2 2 2 4 7 5 4 0 0 0 579546 0 15 16 16 16.25 2 5 2 5
0 0 0 1 6 1 1 1 8 2 2 2 4 -1 -1 -1 -1 -1 -1 580213 0 15 16 16 13.4333 2 5 2 5
0 0 0 1 6 1 1 4 8 2 2 2 4 -1 -1 -1 -1 -1 -1 580979 1 15 16 16 13 2 5 2 5
0 0 0 1 6 1 1 1 8 2 2 2 4 -1 -1 -1 -1 -1 -1 581712 0 15 16 16 16.25 2 5 2 5
0 0 0 1 6 1 1 3 8 2 2 2 4 7 5 4 2 0 0 582312 0 15 16 16 16.25 2 5 2 5
0 0 0 1 6 1 1 1 8 2 2 2 4 -1 -1 -1 -1 -1 -1 582945 0 15 16 16 16.25 2 5 2 5
0 0 0 1 6 1 4 1 8 2 2 2 4 -1 -1 -1 -1 -1 -1 583612 1 15 16 16 13 2 5 2 5
0 0 0 1 1 1 6 1 8 2 2 2 6 -1 -1 -1 -1 -1 -1 584378 0 15 16 16 13 2 5 2 5
0 0 0 1 1 1 1 7 8 2 2 2 7 7 5 4 0 1 1 585145 0 15 16 16 13 2 4 2 5
0 0 0 1 1 1 1 6 8 2 2 2 7 -1 -1 -1 -1 -1 -1 585911 0 15 16 16 13 2 4 2 5
0 0 0 1 1 4 1 6 8 2 2 2 7 -1 -1 -1 -1 -1 -1 586545 1 15 16 16 16.25 2 4 2 5
0 0 0 1 1 1 1 6 8 2 2 2 7 -1 -1 -1 -1 -1 -1 587178 0 15 16 16 16.25 2 4 2 5
0 0 0 1 1 3 1 6 8 2 2 2 7 5 5 4 1 0 0 587811 0 15 16 16 14.5167 2 4 2 5
0 0 0 1 1 1 1 6 8 2 2 2 7 -1 -1 -1 -1 -1 -1 588511 0 15 16 16 16.25 2 4 2 5
0 0 0 1 4 1 1 6 8 2 2 2 7 -1 -1 -1 -1 -1 -1 589144 1 15 16 16 16.25 2 4 2 5
0 0 0 1 1 1 1 6 8 2 2 2 7 -1 -1 -1 -1 -1 -1 589744 0 15 16 16 16.25 2 4 2 5
0 0 0 1 1 1 3 6 8 2 2 2 7 6 5 4 3 0 0 590410 0 15 16 16 13.2167 2 8 0 5
0 0 0 1 1 1 1 6 8 2 2 2 7 -1 -1 -1 -1 -1 -1 591043 0 15 16 16 16.25 2 8 0 5
0 0 0 4 1 1 1 6 8 2 2 2 7 -1 -1 -1 -1 -1 -1 591643 1 15 16 16 16.25 2 8 0 5
0 0 0 1 1 1 1 6 8 2 2 2 7 -1 -1 -1 -1 -1 -1 592277 0 15 16 16 14.3 2 8 0 5
0 0 0 1 1 3 1 6 8 2 2 2 7 5 5 4 0 0 0 593010 0 15 16 16 16.25 2 5 2 5
0 0 0 1 1 1 1 6 8 2 2 2 7 -1 -1 -1 -1 -1 -1 593643 0 15 16 16 16.25 2 5 2 5
0 0 0 4 1 1 1 6 8 2 2 2 7 -1 -1 -1 -1 -1 -1 594243 1 15 16 16 16.25 2 5 2 5
0 0 0 1 1 6 1 1 8 2 2 2 5 -1 -1 -1 -1 -1 -1 594909 0 15 16 16 13 2 5 2 5
0 0 0 1 1 7 1 1 8 2 2 2 5 5 5 4 3 1 1 595609 0 15 16 16 16.25 2 6 2 5
0 0 0 0 1 6 1 0 9 6 1 0 5 -1 -1 -1 -1 -1 -1 601808 0 15 40 15 60 2 8 0 3
0 0 0 0 1 6 1 0 9 6 1 0 5 -1 -1 -1 -1 -1 -1 601974 0 15 40 15 60 2 8 0 3
0 0 0 0 1 6 1 0 9 6 1 0 5 -1 -1 -1 -1 -1 -1 602141 0 15 40 15 60 2 6 2 3
0 0 0 0 1 6 1 0 9 6 1 0 5 -1 -1 -1 -1 -1 -1 602307 0 15 40 15 50.5 2 6 2 3
0 0 0 0 1 6 1 0 9 6 1 0 5 -1 -1 -1 -1 -1 -1 602574 0 15 40 15 25.1666 2 6 2 3
0 0 0 0 1 6 1 0 9 6 1 0 5 -1 -1 -1 -1 -1 -1 603407 0 15 40 15 12.5 2 6 2 3
0 0 0 0 1 6 1 0 9 6 1 0 5 -1 -1 -1 -1 -1 -1 604207 0 15 40 15 12.5 2 6 2 3
0 0 0 0 1 6 1 0 9 6 1 0 5 -1 -1 -1 -1 -1 -1 605007 0 15 40 15 11.6667 2 6 2 3
0 0 0 0 6 1 1 0 9 6 1 0 4 -1 -1 -1 -1 -1 -1 606006 0 15 40 15 10 2 6 2 3
0 0 0 0 6 1 1 0 9 6 1 0 4 -1 -1 -1 -1 -1 -1 606873 0 15 40 15 12.5 2 6 2 3
0 0 0 0 7 1 1 0 9 6 1 0 4 4 5 4 4 1 1 607673 0 15 40 15 12.5 2 6 2 3
0 0 0 0 6 1 1 0 9 6 1 0 4 -1 -1 -1 -1 -1 -1 608539 0 15 40 15 10 2 6 2 3
0 0 0 0 6 1 1 0 9 6 1 0 4 -1 -1 -1 -1 -1 -1 609372 0 15 40 15 12.5 2 6 2 3
0 0 0 0 6 1 1 0 9 6 1 0 4 -1 -1 -1 -1 -1 -1 610172 0 15 40 15 12.3333 2 6 2 3
0 0 0 0 7 1 1 0 9 6 1 0 4 4 5 4 4 1 1 611105 0 15 40 15 10 2 5 2 3
0 0 0 0 6 1 1 0 9 6 1 0 4 -1 -1 -1 -1 -1 -1 611905 0 15 40 16 13 2 5 2 3
0 0 0 0 1 6 1 0 9 6 1 0 5 -1 -1 -1 -1 -1 -1 612638 0 15 40 16 16.25 2 5 2 3
0 0 0 0 1 6 1 0 9 6 1 0 5 -1 -1 -1 -1 -1 -1 613271 0 15 40 16 16.25 2 5 2 3
0 0 0 0 1 7 1 0 9 6 1 0 5 5 5 4 4 1 1 613871 0 15 40 16 16.25 2 6 2 3
0 0 0 0 1 6 1 0 9 6 1 0 5 -1 -1 -1 -1 -1 -1 614538 0 15 40 16 13 2 6 2 3
0 0 0 0 1 1 6 0 9 6 1 0 6 -1 -1 -1 -1 -1 -1 615304 0 15 40 16 13 2 6 2 3
0 0 0 0 1 1 6 0 9 6 1 0 6 -1 -1 -1 -1 -1 -1 615937 0 15 40 16 16.25 2 6 2 3
0 0 0 0 1 1 7 0 9 6 1 0 6 6 5 4 4 1 1 616571 0 15 40 16 16.25 2 5 2 3
0 0 0 0 1 1 6 0 9 6 1 0 6 -1 -1 -1 -1 -1 -1 617070 0 15 40 17 18.6667 2 5 2 3
0 0 0 0 1 1 6 0 9 6 1 0 6 -1 -1 -1 -1 -1 -1 617670 0 15 40 17 16 2 5 2 3
0 0 0 0 1 1 6 0 9 6 1 0 6 -1 -1 -1 -1 -1 -1 618270 0 15 40 17 20 2 5 2 3
0 0 0 0 1 1 7 0 9 6 1 0 6 6 5 4 4 1 1 618770 0 15 40 17 20 2 6 2 3
0 0 0 0 1 1 6 0 9 6 1 0 6 -1 -1 -1 -1 -1 -1 619270 0 15 40 17 20 2 6 2 3
0 0 0 0 1 1 6 0 9 6 1 0 6 -1 -1 -1 -1 -1 -1 619770 0 15 40 17 18.9333 2 6 2 3
0 0 0 0 1 6 1 0 9 6 1 0 5 -1 -1 -1 -1 -1 -1 620370 0 15 40 17 16 2 6 2 3
0 0 0 1 1 7 1 1 9 6 1 0 5 5 5 4 4 1 1 620936 0 15 40 17 20 2 8 0 5
0 0 0 1 1 6 1 1 9 6 1 1 5 -1 -1 -1 -1 -1 -1 621369 0 15 40 18 23.75 2 8 0 5
0 0 0 1 1 6 1 1 9 6 1 1 5 -1 -1 -1 -1 -1 -1 621803 0 15 40 18 23.75 2 8 0 5
0 0 0 1 6 1 1 1 9 6 1 1 4 -1 -1 -1 -1 -1 -1 622203 0 15 40 18 23.75 2 8 0 5
0 0 0 1 7 1 1 1 9 6 1 1 4 4 5 4 4 1 1 622669 0 15 40 18 19.6333 2 6 2 5
0 0 0 1 6 1 1 1 9 6 1 1 4 -1 -1 -1 -1 -1 -1 623169 0 15 40 18 23.75 2 6 2 5
0 0 0 1 1 6 1 1 9 6 1 1 5 -1 -1 -1 -1 -1 -1 623602 0 15 40 18 23.75 2 6 2 5
0 0 0 1 1 6 1 1 9 6 1 1 5 -1 -1 -1 -1 -1 -1 624002 0 15 40 18 23.75 2 6 2 5
0 0 0 1 1 7 1 1 9 6 1 1 5 5 5 4 4 1 1 624435 0 15 40 18 23.75 2 6 2 5
0 0 0 1 1 6 1 1 9 6 1 1 5 -1 -1 -1 -1 -1 -1 624835 0 15 40 19 23.45 2 6 2 5
0 0 0 1 6 1 1 1 9 6 1 1 4 -1 -1 -1 -1 -1 -1 625302 0 15 40 19 21 2 6 2 5
0 0 0 6 1 1 1 1 9 6 1 1 3 -1 -1 -1 -1 -1 -1 625768 0 15 40 19 21 2 6 2 5
0 0 0 7 1 1 1 1 9 6 1 1 3 3 5 4 4 1 1 626235 0 15 40 19 21 2 6 2 5
0 0 0 1 6 1 1 1 9 6 1 1 4 -1 -1 -1 -1 -1 -1 626735 0 15 40 19 21 2 6 2 5
0 0 0 1 6 1 1 1 9 6 1 1 4 -1 -1 -1 -1 -1 -1 627201 0 15 40 19 21 2 6 2 5
0 0 0 1 6 1 1 1 9 6 1 1 4 -1 -1 -1 -1 -1 -1 627668 0 15 40 19 26.25 2 6 2 5
0 0 0 1 7 1 1 1 9 6 1 1 4 4 5 4 4 1 1 628034 0 15 40 19 26.25 2 5 2 5
0 0 0 1 6 1 1 1 9 6 1 1 4 -1 -1 -1 -1 -1 -1 628401 0 15 40 20 27.5 2 5 2 5
0 0 0 1 6 1 1 1 9 6 1 1 4 -1 -1 -1 -1 -1 -1 628768 0 15 40 20 27.5 2 5 2 5
0 0 0 1 1 6 1 1 9 6 1 1 5 -1 -1 -1 -1 -1 -1 629134 0 15 40 20 27.1333 2 5 2 5
0 0 0 1 1 7 1 1 9 6 1 1 5 5 5 4 4 1 1 629534 0 15 40 20 22.7333 2 6 2 5
0 0 0 1 1 6 1 1 9 6 1 1 5 -1 -1 -1 -1 -1 -1 629967 0 15 40 20 22 2 6 2 5
0 0 0 1 1 6 1 1 9 6 1 1 5 -1 -1 -1 -1 -1 -1 630434 0 15 40 20 22 2 6 2 5
0 0 0 1 1 6 1 1 9 6 1 1 5 -1 -1 -1 -1 -1 -1 630867 0 15 40 20 27.5 2 6 2 5
0 0 0 1 1 7 1 1 9 6 1 1 5 5 5 4 4 1 1 631234 0 15 40 20 27.5 2 5 2 5
0 0 0 1 1 6 1 1 9 6 1 1 5 -1 -1 -1 -1 -1 -1 631567 0 15 40 21 28.75 2 5 2 5
0 0 0 1 1 6 1 1 9 6 1 1 5 -1 -1 -1 -1 -1 -1 631933 0 15 40 21 28.75 2 5 2 5
0 0 0 1 1 6 1 1 9 6 1 1 5 -1 -1 -1 -1 -1 -1 632267 0 15 40 21 28.75 2 5 2 5
0 0 0 1 1 1 7 1 9 6 1 1 6 6 5 4 4 1 1 632633 0 15 40 21 24.5333 2 6 2 5
0 0 0 1 1 1 6 1 9 6 1 1 6 -1 -1 -1 -1 -1 -1 633067 0 15 40 21 23 2 6 2 5
0 0 0 1 1 6 1 1 9 6 1 1 5 -1 -1 -1 -1 -1 -1 633500 0 15 40 21 23 2 6 2 5
0 0 0 1 1 6 1 1 9 6 1 1 5 -1 -1 -1 -1 -1 -1 633933 0 15 40 21 23 2 6 2 5
0 0 0 1 1 7 1 1 9 6 1 1 5 5 5 4 4 1 1 634366 0 15 40 21 23 2 8 0 5
0 0 0 1 1 6 1 1 9 6 1 2 5 -1 -1 -1 -1 -1 -1 634799 0 15 40 22 24 2 8 0 5
0 0 0 1 1 1 6 1 9 6 1 2 6 -1 -1 -1 -1 -1 -1 635133 0 15 40 22 30 2 8 0 5
0 0 0 1 1 1 6 1 9 6 1 2 6 -1 -1 -1 -1 -1 -1 635466 0 15 40 22 30 2 8 0 5
0 0 0 1 1 1 7 1 9 6 1 2 6 6 5 4 4 1 1 635799 0 15 40 22 30 2 6 2 5
0 0 0 1 1 1 6 1 9 6 1 2 6 -1 -1 -1 -1 -1 -1 636132 0 15 40 22 30 2 6 2 5
0 0 0 1 1 4 6 1 9 6 1 2 6 -1 -1 -1 -1 -1 -1 636466 1 15 40 22 28.8 2 6 2 5
0 0 0 1 1 6 1 1 9 6 1 2 5 -1 -1 -1 -1 -1 -1 636866 0 15 40 22 24 2 6 2 5
0 0 0 1 7 1 1 1 9 6 1 2 4 4 5 4 4 1 1 637266 0 15 40 22 24 2 6 2 5
0 0 0 1 1 6 1 1 9 6 1 2 5 -1 -1 -1 -1 -1 -1 637665 0 15 40 23 25 2 6 2 5
0 0 0 1 4 6 1 1 9 6 1 2 5 -1 -1 -1 -1 -1 -1 638065 1 15 40 23 25 2 6 2 5
0 0 0 1 6 1 1 1 9 6 1 2 4 -1 -1 -1 -1 -1 -1 638465 0 15 40 23 25 2 6 2 5
0 0 0 1 7 1 1 1 9 6 1 2 4 4 5 4 4 1 1 638865 0 15 40 23 25 2 6 2 5
0 0 0 1 6 1 1 1 9 6 1 2 4 -1 -1 -1 -1 -1 -1 639265 0 15 40 23 25 2 6 2 5
0 0 0 1 6 1 4 1 9 6 1 2 4 -1 -1 -1 -1 -1 -1 639665 1 15 40 23 25 2 6 2 5
0 0 0 1 6 1 1 1 9 6 1 2 4 -1 -1 -1 -1 -1 -1 639998 0 15 40 23 31.25 2 6 2 5
0 0 0 1 7 1 1 1 9 6 1 2 4 4 5 4 4 1 1 640331 0 15 40 23 31.25 2 5 2 5
0 0 0 1 6 1 1 1 9 6 1 2 4 -1 -1 -1 -1 -1 -1 640631 0 15 40 24 31.875 2 5 2 5
0 0 0 1 6 1 4 1 9 6 1 2 4 -1 -1 -1 -1 -1 -1 640965 1 15 40 24 31.875 2 5 2 5
0 0 0 1 6 1 1 1 9 6 1 2 4 -1 -1 -1 -1 -1 -1 641265 0 15 40 24 31.875 2 5 2 5
0 0 0 1 7 1 1 1 9 6 1 2 4 4 5 4 4 1 1 641598 0 15 40 24 27.625 2 6 2 5
0 0 0 1 6 1 1 1 9 6 1 2 4 -1 -1 -1 -1 -1 -1 641998 0 15 40 24 25.5 2 6 2 5
0 0 0 1 6 1 1 4 9 6 1 2 4 -1 -1 -1 -1 -1 -1 642398 1 15 40 24 25.5 2 6 2 5
0 0 0 1 1 1 6 1 9 6 1 2 6 -1 -1 -1 -1 -1 -1 642764 0 15 40 24 25.5 2 6 2 5
0 0 0 1 1 1 7 1 9 6 1 2 6 6 5 4 4 1 1 643164 0 15 40 24 25.5 2 5 2 5
0 0 0 1 1 6 1 1 9 6 1 2 5 -1 -1 -1 -1 -1 -1 643564 0 15 40 25 26 2 5 2 5
0 0 0 1 6 1 4 1 9 6 1 2 4 -1 -1 -1 -1 -1 -1 643931 1 15 40 25 26 2 5 2 5
0 0 0 1 6 1 1 1 9 6 1 2 4 -1 -1 -1 -1 -1 -1 644330 0 15 40 25 26 2 5 2 5
0 0 0 1 7 1 1 1 9 6 1 2 4 4 5 4 4 1 1 644664 0 15 40 25 32.5 2 6 2 5
0 0 0 1 6 1 1 1 9 6 1 2 4 -1 -1 -1 -1 -1 -1 644964 0 15 40 25 32.5 2 6 2 5
0 0 0 1 6 4 1 1 9 6 1 2 4 -1 -1 -1 -1 -1 -1 645264 1 15 40 25 32.5 2 6 2 5
0 0 0 1 6 1 1 1 9 6 1 2 4 -1 -1 -1 -1 -1 -1 645563 0 15 40 25 32.5 2 6 2 5
0 0 0 1 1 7 1 1 9 6 1 2 5 5 5 4 4 1 1 645897 0 15 40 25 32.5 2 8 0 5
0 0 0 0 1 6 1 0 9 6 1 0 5 -1 -1 -1 -1 -1 -1 601808 0 15 40 15 60 2 8 0 3
0 0 0 0 1 6 1 0 9 6 1 0 5 -1 -1 -1 -1 -1 -1 601974 0 15 40 15 60 2 8 0 3
0 0 0 0 1 6 1 0 9 6 1 0 5 -1 -1 -1 -1 -1 -1 602141 0 15 40 15 60 2 6 2 3
0 0 0 0 1 6 1 0 9 6 1 0 5 -1 -1 -1 -1 -1 -1 602307 0 15 40 15 50.5 2 6 2 3
0 0 0 0 1 6 1 0 9 6 1 0 5 -1 -1 -1 -1 -1 -1 602574 0 15 40 15 25.1666 2 6 2 3
0 0 0 0 1 6 1 0 9 6 1 0 5 -1 -1 -1 -1 -1 -1 603407 0 15 40 15 12.5 2 6 2 3
0 0 0 0 1 6 1 0 9 6 1 0 5 -1 -1 -1 -1 -1 -1 604207 0 15 40 15 12.5 2 6 2 3
0 0 0 0 1 6 1 0 9 6 1 0 5 -1 -1 -1 -1 -1 -1 605007 0 15 40 15 11.6667 2 6 2 3
0 0 0 0 6 1 1 0 9 6 1 0 4 -1 -1 -1 -1 -1 -1 606006 0 15 40 15 10 2 6 2 3
0 0 0 0 6 1 1 0 9 6 1 0 4 -1 -1 -1 -1 -1 -1 606873 0 15 40 15 12.5 2 6 2 3
0 0 0 0 7 1 1 0 9 6 1 0 4 4 5 4 4 1 1 607673 0 15 40 15 12.5 2 6 2 3
0 0 0 0 6 1 1 0 9 6 1 0 4 -1 -1 -1 -1 -1 -1 608539 0 15 40 15 10 2 6 2 3
0 0 0 0 6 1 1 0 9 6 1 0 4 -1 -1 -1 -1 -1 -1 609372 0 15 40 15 12.5 2 6 2 3
0 0 0 0 6 1 1 0 9 6 1 0 4 -1 -1 -1 -1 -1 -1 610172 0 15 40 15 12.3333 2 6 2 3
0 0 0 0 7 1 1 0 9 6 1 0 4 4 5 4 4 1 1 611105 0 15 40 15 10 2 5 2 3
0 0 0 0 6 1 1 0 9 6 1 0 4 -1 -1 -1 -1 -1 -1 611905 0 15 40 16 13 2 5 2 3
0 0 0 0 1 6 1 0 9 6 1 0 5 -1 -1 -1 -1 -1 -1 612638 0 15 40 16 16.25 2 5 2 3
0 0 0 0 1 6 1 0 9 6 1 0 5 -1 -1 -1 -1 -1 -1 613271 0 15 40 16 16.25 2 5 2 3
0 0 0 0 1 7 1 0 9 6 1 0 5 5 5 4 4 1 1 613871 0 15 40 16 16.25 2 6 2 3
0 0 0 0 1 6 1 0 9 6 1 0 5 -1 -1 -1 -1 -1 -1 614538 0 15 40 16 13 2 6 2 3
0 0 0 0 1 1 6 0 9 6 1 0 6 -1 -1 -1 -1 -1 -1 615304 0 15 40 16 13 2 6 2 3
0 0 0 0 1 1 6 0 9 6 1 0 6 -1 -1 -1 -1 -1 -1 615937 0 15 40 16 16.25 2 6 2 3
0 0 0 0 1 1 7 0 9 6 1 0 6 6 5 4 4 1 1 616571 0 15 40 16 16.25 2 5 2 3
0 0 0 0 1 1 6 0 9 6 1 0 6 -1 -1 -1 -1 -1 -1 617070 0 15 40 17 18.6667 2 5 2 3
0 0 0 0 1 1 6 0 9 6 1 0 6 -1 -1 -1 -1 -1 -1 617670 0 15 40 17 16 2 5 2 3
0 0 0 0 1 1 6 0 9 6 1 0 6 -1 -1 -1 -1 -1 -1 618270 0 15 40 17 20 2 5 2 3
0 0 0 0 1 1 7 0 9 6 1 0 6 6 5 4 4 1 1 618770 0 15 40 17 20 2 6 2 3
0 0 0 0 1 1 6 0 9 6 1 0 6 -1 -1 -1 -1 -1 -1 619270 0 15 40 17 20 2 6 2 3
0 0 0 0 1 1 6 0 9 6 1 0 6 -1 -1 -1 -1 -1 -1 619770 0 15 40 17 18.9333 2 6 2 3
0 0 0 0 1 6 1 0 9 6 1 0 5 -1 -1 -1 -1 -1 -1 620370 0 15 40 17 16 2 6 2 3
0 0 0 1 1 7 1 1 9 6 1 0 5 5 5 4 4 1 1 620936 0 15 40 17 20 2 8 0 5
0 0 0 1 1 6 1 1 9 6 1 1 5 -1 -1 -1 -1 -1 -1 621369 0 15 40 18 23.75 2 8 0 5
0 0 0 1 1 6 1 1 9 6 1 1 5 -1 -1 -1 -1 -1 -1 621803 0 15 40 18 23.75 2 8 0 5
0 0 0 1 6 1 1 1 9 6 1 1 4 -1 -1 -1 -1 -1 -1 622203 0 15 40 18 23.75 2 8 0 5
0 0 0 1 7 1 1 1 9 6 1 1 4 4 5 4 4 1 1 622669 0 15 40 18 19.6333 2 6 2 5
0 0 0 1 6 1 1 1 9 6 1 1 4 -1 -1 -1 -1 -1 -1 623169 0 15 40 18 23.75 2 6 2 5
0 0 0 1 1 6 1 1 9 6 1 1 5 -1 -1 -1 -1 -1 -1 623602 0 15 40 18 23.75 2 6 2 5
0 0 0 1 1 6 1 1 9 6 1 1 5 -1 -1 -1 -1 -1 -1 624002 0 15 40 18 23.75 2 6 2 5
0 0 0 1 1 7 1 1 9 6 1 1 5 5 5 4 4 1 1 624435 0 15 40 18 23.75 2 6 2 5
0 0 0 1 1 6 1 1 9 6 1 1 5 -1 -1 -1 -1 -1 -1 624835 0 15 40 19 23.45 2 6 2 5
0 0 0 1 6 1 1 1 9 6 1 1 4 -1 -1 -1 -1 -1 -1 625302 0 15 40 19 21 2 6 2 5
0 0 0 6 1 1 1 1 9 6 1 1 3 -1 -1 -1 -1 -1 -1 625768 0 15 40 19 21 2 6 2 5
0 0 0 7 1 1 1 1 9 6 1 1 3 3 5 4 4 1 1 626235 0 15 40 19 21 2 6 2 5
0 0 0 1 6 1 1 1 9 6 1 1 4 -1 -1 -1 -1 -1 -1 626735 0 15 40 19 21 2 6 2 5
0 0 0 1 6 1 1 1 9 6 1 1 4 -1 -1 -1 -1 -1 -1 627201 0 15 40 19 21 2 6 2 5
0 0 0 1 6 1 1 1 9 6 1 1 4 -1 -1 -1 -1 -1 -1 627668 0 15 40 19 26.25 2 6 2 5
0 0 0 1 7 1 1 1 9 6 1 1 4 4 5 4 4 1 1 628034 0 15 40 19 26.25 2 5 2 5
0 0 0 1 6 1 1 1 9 6 1 1 4 -1 -1 -1 -1 -1 -1 628401 0 15 40 20 27.5 2 5 2 5
0 0 0 1 6 1 1 1 9 6 1 1 4 -1 -1 -1 -1 -1 -1 628768 0 15 40 20 27.5 2 5 2 5
0 0 0 1 1 6 1 1 9 6 1 1 5 -1 -1 -1 -1 -1 -1 629134 0 15 40 20 27.1333 2 5 2 5
0 0 0 1 1 7 1 1 9 6 1 1 5 5 5 4 4 1 1 629534 0 15 40 20 22.7333 2 6 2 5
0 0 0 1 1 6 1 1 9 6 1 1 5 -1 -1 -1 -1 -1 -1 629967 0 15 40 20 22 2 6 2 5
0 0 0 1 1 6 1 1 9 6 1 1 5 -1 -1 -1 -1 -1 -1 630434 0 15 40 20 22 2 6 2 5
0 0 0 1 1 6 1 1 9 6 1 1 5 -1 -1 -1 -1 -1 -1 630867 0 15 40 20 27.5 2 6 2 5
0 0 0 1 1 7 1 1 9 6 1 1 5 5 5 4 4 1 1 631234 0 15 40 20 27.5 2 5 2 5
0 0 0 1 1 6 1 1 9 6 1 1 5 -1 -1 -1 -1 -1 -1 631567 0 15 40 21 28.75 2 5 2 5
0 0 0 1 1 6 1 1 9 6 1 1 5 -1 -1 -1 -1 -1 -1 631933 0 15 40 21 28.75 2 5 2 5
0 0 0 1 1 6 1 1 9 6 1 1 5 -1 -1 -1 -1 -1 -1 632267 0 15 40 21 28.75 2 5 2 5
0 0 0 1 1 1 7 1 9 6 1 1 6 6 5 4 4 1 1 632633 0 15 40 21 24.5333 2 6 2 5
0 0 0 1 1 1 6 1 9 6 1 1 6 -1 -1 -1 -1 -1 -1 633067 0 15 40 21 23 2 6 2 5
0 0 0 1 1 6 1 1 9 6 1 1 5 -1 -1 -1 -1 -1 -1 633500 0 15 40 21 23 2 6 2 5
0 0 0 1 1 6 1 1 9 6 1 1 5 -1 -1 -1 -1 -1 -1 633933 0 15 40 21 23 2 6 2 5
0 0 0 1 1 7 1 1 9 6 1 1 5 5 5 4 4 1 1 634366 0 15 40 21 23 2 8 0 5
0 0 0 1 1 6 1 1 9 6 1 2 5 -1 -1 -1 -1 -1 -1 634799 0 15 40 22 24 2 8 0 5
0 0 0 1 1 1 6 1 9 6 1 2 6 -1 -1 -1 -1 -1 -1 635133 0 15 40 22 30 2 8 0 5
0 0 0 1 1 1 6 1 9 6 1 2 6 -1 -1 -1 -1 -1 -1 635466 0 15 40 22 30 2 8 0 5
0 0 0 1 1 1 7 1 9 6 1 2 6 6 5 4 4 1 1 635799 0 15 40 22 30 2 6 2 5
0 0 0 1 1 1 6 1 9 6 1 2 6 -1 -1 -1 -1 -1 -1 636132 0 15 40 22 30 2 6 2 5
0 0 0 1 1 4 6 1 9 6 1 2 6 -1 -1 -1 -1 -1 -1 636466 1 15 40 22 28.8 2 6 2 5
0 0 0 1 1 6 1 1 9 6 1 2 5 -1 -1 -1 -1 -1 -1 636866 0 15 40 22 24 2 6 2 5
0 0 0 1 7 1 1 1 9 6 1 2 4 4 5 4 4 1 1 637266 0 15 40 22 24 2 6 2 5
0 0 0 1 1 6 1 1 9 6 1 2 5 -1 -1 -1 -1 -1 -1 637665 0 15 40 23 25 2 6 2 5
0 0 0 1 4 6 1 1 9 6 1 2 5 -1 -1 -1 -1 -1 -1 638065 1 15 40 23 25 2 6 2 5
0 0 0 1 6 1 1 1 9 6 1 2 4 -1 -1 -1 -1 -1 -1 638465 0 15 40 23 25 2 6 2 5
0 0 0 1 7 1 1 1 9 6 1 2 4 4 5 4 4 1 1 638865 0 15 40 23 25 2 6 2 5
0 0 0 1 6 1 1 1 9 6 1 2 4 -1 -1 -1 -1 -1 -1 639265 0 15 40 23 25 2 6 2 5
0 0 0 1 6 1 4 1 9 6 1 2 4 -1 -1 -1 -1 -1 -1 639665 1 15 40 23 25 2 6 2 5
0 0 0 1 6 1 1 1 9 6 1 2 4 -1 -1 -1 -1 -1 -1 639998 0 15 40 23 31.25 2 6 2 5
0 0 0 1 7 1 1 1 9 6 1 2 4 4 5 4 4 1 1 640331 0 15 40 23 31.25 2 5 2 5
0 0 0 1 6 1 1 1 9 6 1 2 4 -1 -1 -1 -1 -1 -1 640631 0 15 40 24 31.875 2 5 2 5
0 0 0 1 6 1 4 1 9 6 1 2 4 -1 -1 -1 -1 -1 -1 640965 1 15 40 24 31.875 2 5 2 5
0 0 0 1 6 1 1 1 9 6 1 2 4 -1 -1 -1 -1 -1 -1 641265 0 15 40 24 31.875 2 5 2 5
0 0 0 1 7 1 1 1 9 6 1 2 4 4 5 4 4 1 1 641598 0 15 40 24 27.625 2 6 2 5
0 0 0 1 6 1 1 1 9 6 1 2 4 -1 -1 -1 -1 -1 -1 641998 0 15 40 24 25.5 2 6 2 5
0 0 0 1 6 1 1 4 9 6 1 2 4 -1 -1 -1 -1 -1 -1 642398 1 15 40 24 25.5 2 6 2 5
0 0 0 1 1 1 6 1 9 6 1 2 6 -1 -1 -1 -1 -1 -1 642764 0 15 40 24 25.5 2 6 2 5
0 0 0 1 1 1 7 1 9 6 1 2 6 6 5 4 4 1 1 643164 0 15 40 24 25.5 2 5 2 5
0 0 0 1 1 6 1 1 9 6 1 2 5 -1 -1 -1 -1 -1 -1 643564 0 15 40 25 26 2 5 2 5
0 0 0 1 6 1 4 1 9 6 1 2 4 -1 -1 -1 -1 -1 -1 643931 1 15 40 25 26 2 5 2 5
0 0 0 1 6 1 1 1 9 6 1 2 4 -1 -1 -1 -1 -1 -1 644330 0 15 40 25 26 2 5 2 5
0 0 0 1 7 1 1 1 9 6 1 2 4 4 5 4 4 1 1 644664 0 15 40 25 32.5 2 6 2 5
0 0 0 1 6 1 1 1 9 6 1 2 4 -1 -1 -1 -1 -1 -1 644964 0 15 40 25 32.5 2 6 2 5
0 0 0 1 6 4 1 1 9 6 1 2 4 -1 -1 -1 -1 -1 -1 645264 1 15 40 25 32.5 2 6 2 5
0 0 0 1 6 1 1 1 9 6 1 2 4 -1 -1 -1 -1 -1 -1 645563 0 15 40 25 32.5 2 6 2 5
0 0 0 1 1 7 1 1 9 6 1 2 5 5 5 4 4 1 1 645897 0 15 40 25 32.5 2 8 0 5
