% Tunnel Log: 
% debug seed: 1462924504
%
% SegEncNW { '0'=no panel, '1'=panel, '4'=obstacle, '5'=collided obstacle, '6'=player, '7'=player right, '8'=player wrong, '2'=target, '3'=fake }
% SegEncN
% SegEncNE
% SegEncE
% SegEncSE
% SegEncS
% SegEncSW
% SegEncW
% Event Number { 0, inf }
% Task Type { 0=Color/Sound, 1=Shape/Sound, 2=Sound, 3=Navigation, 4=Speed, 5=Training 6=Recess, 7=Special 2-Back }
% N-Back { 0, inf }
% Navigation Level { 0, inf }
% Player Loc { 0=Northwest ... 7=West }
% Pod Loc { -1=N/A, 0=Northwest ... 7=West }
% Pod Color { -1, inf }
% Pod Shape { -1, inf }
% Pod Sound { -1, inf }
% Pod Match { -1=N/A, 0=No, 1=Yes }
% Pod Taken { -1=N/A, 0=No, 1=Yes }
% Timestamp (ms)
% Num Obstacles { 0, inf }
% Min Speed { 0, inf }
% Max Speed { 0, inf }
% Base Speed { 0, inf }
% Final Speed { 0, inf }
% Navigation Score { 0, inf }
% Segment Direction { 0=Northwest ... 7=West }
% Segment Angle { 0, inf }
% Segment Panels { 0, inf }
%
% SegEncNW SecEncN SegEncNE SegEncE SegEncSE SegEncS SegEncSW SegEncW EventNumber TaskType N-Back Navigation PlayerLoc PodLoc PodColor PodShape PodSound PodMatch PodTaken Timestamp NumObs MinSpeed MaxSpeed BaseSpeed FinalSpeed NavScore SegmentDir SegmentAngle SegmentPanels
0 0 0 1 1 6 1 1 0 3 2 1 5 -1 -1 -1 -1 -1 -1 34899 0 15 40 16 60 3 8 0 5
0 0 0 1 1 6 1 1 0 3 2 1 5 -1 -1 -1 -1 -1 -1 35066 0 15 40 16 60 3 8 0 5
0 0 0 1 1 6 1 1 0 3 2 1 5 -1 -1 -1 -1 -1 -1 35233 0 15 40 16 60 3 5 2 5
0 0 0 1 1 6 1 1 0 3 2 1 5 -1 -1 -1 -1 -1 -1 35399 0 15 40 16 50.6 3 5 2 5
0 0 0 1 1 6 1 1 0 3 2 1 5 -1 -1 -1 -1 -1 -1 35666 0 15 40 16 25.5333 3 5 2 5
0 0 0 1 1 6 1 1 0 3 2 1 5 -1 -1 -1 -1 -1 -1 36399 0 15 40 16 13 3 5 2 5
0 0 0 1 1 6 1 1 0 3 2 1 5 -1 -1 -1 -1 -1 -1 37033 0 15 40 16 16.25 3 4 2 5
0 0 0 1 1 1 6 1 0 3 2 1 6 -1 -1 -1 -1 -1 -1 37633 0 15 40 16 16.25 3 4 2 5
0 0 0 1 1 1 1 6 0 3 2 1 7 -1 -1 -1 -1 -1 -1 38266 0 15 40 16 16.25 3 4 2 5
0 0 0 1 1 1 1 6 0 3 2 1 7 -1 -1 -1 -1 -1 -1 38899 0 15 40 16 16.25 3 4 2 5
0 0 0 1 1 1 1 7 0 3 2 1 7 7 5 4 4 1 1 39499 0 15 40 16 16.25 3 4 2 5
0 0 0 1 1 1 6 1 0 3 2 1 6 -1 -1 -1 -1 -1 -1 40133 0 15 40 16 13.8667 3 4 2 5
0 0 0 1 1 6 1 1 0 3 2 1 5 -1 -1 -1 -1 -1 -1 40866 0 15 40 16 16.25 3 4 2 5
0 0 0 1 1 6 1 1 0 3 2 1 5 -1 -1 -1 -1 -1 -1 41466 0 15 40 16 16.25 3 4 2 5
0 0 0 1 1 7 1 1 0 3 2 1 5 5 5 4 4 1 1 42099 0 15 40 16 16.25 3 4 2 5
0 0 0 1 1 1 6 1 0 3 2 1 6 -1 -1 -1 -1 -1 -1 42666 0 15 40 17 16 3 4 2 5
0 0 0 1 1 1 1 6 0 3 2 1 7 -1 -1 -1 -1 -1 -1 43266 0 15 40 17 16 3 4 2 5
0 0 0 1 1 1 1 6 0 3 2 1 7 -1 -1 -1 -1 -1 -1 43799 0 15 40 17 20 3 4 2 5
0 0 0 1 1 1 1 7 0 3 2 1 7 7 5 4 4 1 1 44299 0 15 40 17 20 3 6 2 5
0 0 0 1 1 1 1 6 0 3 2 1 7 -1 -1 -1 -1 -1 -1 44799 0 15 40 17 20 3 6 2 5
0 0 0 1 1 6 1 1 0 3 2 1 5 -1 -1 -1 -1 -1 -1 45332 0 15 40 17 16 3 6 2 5
0 0 0 1 1 6 1 1 0 3 2 1 5 -1 -1 -1 -1 -1 -1 45866 0 15 40 17 20 3 6 2 5
0 0 0 1 1 7 1 1 0 3 2 1 5 5 5 4 4 1 1 46366 0 15 40 17 20 3 6 2 5
0 0 0 1 1 6 1 1 0 3 2 1 5 -1 -1 -1 -1 -1 -1 46799 0 15 40 18 23.75 3 6 2 5
0 0 0 1 1 6 1 1 0 3 2 1 5 -1 -1 -1 -1 -1 -1 47232 0 15 40 18 23.75 3 6 2 5
0 0 0 1 1 6 1 1 0 3 2 1 5 -1 -1 -1 -1 -1 -1 47632 0 15 40 18 23.75 3 6 2 5
0 0 0 1 1 7 1 1 0 3 2 1 5 5 5 4 4 1 1 48066 0 15 40 18 23.75 3 5 2 5
0 0 0 1 1 6 1 1 0 3 2 2 5 -1 -1 -1 -1 -1 -1 48499 0 15 40 18 23.75 3 5 2 5
0 0 0 1 6 1 1 1 0 3 2 2 4 -1 -1 -1 -1 -1 -1 48932 0 15 40 18 20.2667 3 5 2 5
0 0 0 1 6 1 1 1 0 3 2 2 4 -1 -1 -1 -1 -1 -1 49366 0 15 40 18 23.75 3 5 2 5
0 0 0 1 7 1 1 1 0 3 2 2 4 4 5 4 4 1 1 49766 0 15 40 18 23.75 3 8 0 5
0 0 0 1 6 1 1 1 0 3 2 2 4 -1 -1 -1 -1 -1 -1 50166 0 15 40 19 26.25 3 8 0 5
0 0 0 6 1 4 1 1 0 3 2 2 3 -1 -1 -1 -1 -1 -1 50532 1 15 40 19 25.55 3 8 0 5
0 0 0 6 1 1 1 1 0 3 2 2 3 -1 -1 -1 -1 -1 -1 50966 0 15 40 19 21 3 8 0 5
0 0 0 7 1 1 1 1 0 3 2 2 3 3 5 4 4 1 1 51466 0 15 40 19 21 3 5 2 5
0 0 0 1 6 1 1 1 0 3 2 2 4 -1 -1 -1 -1 -1 -1 51932 0 15 40 19 21 3 5 2 5
0 0 0 4 6 1 1 1 0 3 2 2 4 -1 -1 -1 -1 -1 -1 52399 1 15 40 19 21 3 5 2 5
0 0 0 6 1 1 1 1 0 3 2 2 3 -1 -1 -1 -1 -1 -1 52899 0 15 40 19 21 3 5 2 5
0 0 0 7 1 1 1 1 0 3 2 2 3 3 5 4 4 1 1 53366 0 15 40 19 21 3 4 2 5
0 0 0 1 6 1 1 1 0 3 2 2 4 -1 -1 -1 -1 -1 -1 53832 0 15 40 20 22 3 4 2 5
0 0 0 1 1 6 4 1 0 3 2 2 5 -1 -1 -1 -1 -1 -1 54266 1 15 40 20 22 3 4 2 5
0 0 0 1 1 6 1 1 0 3 2 2 5 -1 -1 -1 -1 -1 -1 54732 0 15 40 20 22 3 4 2 5
0 0 0 1 1 7 1 1 0 3 2 2 5 5 5 4 4 1 1 55166 0 15 40 20 22 3 4 2 5
0 0 0 1 6 1 1 1 0 3 2 2 4 -1 -1 -1 -1 -1 -1 55632 0 15 40 20 22 3 4 2 5
0 0 0 6 1 1 1 4 0 3 2 2 3 -1 -1 -1 -1 -1 -1 56099 1 15 40 20 22 3 4 2 5
0 0 0 6 1 1 1 1 0 3 2 2 3 -1 -1 -1 -1 -1 -1 56532 0 15 40 20 22 3 4 2 5
0 0 0 7 1 1 1 1 0 3 2 2 3 3 5 4 4 1 1 56999 0 15 40 20 22 3 4 2 5
0 0 0 1 6 1 1 1 0 3 2 2 4 -1 -1 -1 -1 -1 -1 57432 0 15 40 21 23 3 4 2 5
0 0 0 1 1 6 4 1 0 3 2 2 5 -1 -1 -1 -1 -1 -1 57866 1 15 40 21 23 3 4 2 5
0 0 0 1 1 6 1 1 0 3 2 2 5 -1 -1 -1 -1 -1 -1 58299 0 15 40 21 23 3 4 2 5
0 0 0 0 1 7 1 0 0 3 2 2 5 5 5 4 4 1 1 58732 0 15 40 21 23 3 6 2 3
0 0 0 0 1 6 1 0 0 3 2 2 5 -1 -1 -1 -1 -1 -1 59166 0 15 40 21 23 3 6 2 3
0 0 0 0 4 6 1 0 0 3 2 2 5 -1 -1 -1 -1 -1 -1 59599 1 15 40 21 23 3 6 2 3
0 0 0 0 6 1 1 0 0 3 2 2 4 -1 -1 -1 -1 -1 -1 60032 0 15 40 21 23 3 6 2 3
0 0 0 0 7 1 1 0 0 3 2 2 4 4 5 4 4 1 1 60466 0 15 40 21 23 3 6 2 3
0 0 0 0 6 1 1 0 0 3 2 3 4 -1 -1 -1 -1 -1 -1 60899 0 15 40 22 24 3 6 2 3
0 0 0 0 6 4 1 0 0 3 2 3 4 -1 -1 -1 -1 -1 -1 61299 1 15 40 22 24 3 6 2 3
0 0 0 0 6 1 1 0 0 3 2 3 4 -1 -1 -1 -1 -1 -1 61732 0 15 40 22 24 3 6 2 3
0 0 0 0 7 1 1 0 0 3 2 3 4 4 5 4 4 1 1 62132 0 15 40 22 24 3 5 2 3
0 0 0 0 6 1 1 0 0 3 2 3 4 -1 -1 -1 -1 -1 -1 62566 0 15 40 22 24 3 5 2 3
0 0 0 0 6 4 1 0 0 3 2 3 4 -1 -1 -1 -1 -1 -1 62966 1 15 40 22 24 3 5 2 3
0 0 0 0 6 1 1 0 0 3 2 3 4 -1 -1 -1 -1 -1 -1 63399 0 15 40 22 24 3 5 2 3
0 0 0 0 2 8 1 0 0 3 2 3 5 4 5 4 4 1 0 63799 0 15 40 22 24 3 8 0 3
0 0 0 0 1 6 1 0 0 3 2 3 5 -1 -1 -1 -1 -1 -1 64232 0 15 40 21 23 3 8 0 3
0 0 0 0 4 6 1 0 0 3 2 3 5 -1 -1 -1 -1 -1 -1 64699 1 15 40 21 23 3 8 0 3
0 0 0 0 6 1 1 0 0 3 2 3 4 -1 -1 -1 -1 -1 -1 65132 0 15 40 21 23 3 8 0 3
0 0 0 0 7 1 1 0 0 3 2 3 4 4 5 4 4 1 1 65566 0 15 40 21 23 3 5 2 3
0 0 0 0 6 1 1 0 0 3 2 3 4 -1 -1 -1 -1 -1 -1 65999 0 15 40 21 23 3 5 2 3
0 0 0 0 1 6 4 0 0 3 2 3 5 -1 -1 -1 -1 -1 -1 66432 1 15 40 21 23 3 5 2 3
0 0 0 0 1 1 6 0 0 3 2 3 6 -1 -1 -1 -1 -1 -1 66865 0 15 40 21 23 3 5 2 3
0 0 0 0 1 1 7 0 0 3 2 3 6 6 5 4 4 1 1 67299 0 15 40 21 23 3 4 2 3
0 0 0 0 1 1 6 0 0 3 2 3 6 -1 -1 -1 -1 -1 -1 67699 0 15 40 22 24 3 4 2 3
0 0 0 0 1 4 6 0 0 3 2 3 6 -1 -1 -1 -1 -1 -1 68132 1 15 40 22 24 3 4 2 3
0 0 0 0 1 1 6 0 0 3 2 3 6 -1 -1 -1 -1 -1 -1 68532 0 15 40 22 24 3 4 2 3
0 0 0 1 1 7 1 1 0 3 2 3 5 5 5 4 4 1 1 68965 0 15 40 22 24 3 4 2 5
0 0 0 1 1 6 1 1 0 3 2 3 5 -1 -1 -1 -1 -1 -1 69365 0 15 40 22 24 3 4 2 5
0 0 0 1 1 6 1 4 0 3 2 3 5 -1 -1 -1 -1 -1 -1 69799 1 15 40 22 24 3 4 2 5
0 0 0 1 1 6 1 1 0 3 2 3 5 -1 -1 -1 -1 -1 -1 70199 0 15 40 22 24 3 4 2 5
0 0 0 1 1 7 1 1 0 3 2 3 5 5 5 4 4 1 1 70632 0 15 40 22 24 3 4 2 5
0 0 0 1 1 6 1 1 0 3 2 4 5 -1 -1 -1 -1 -1 -1 71032 0 15 40 23 25 3 4 2 5
0 0 0 1 6 1 4 1 0 3 2 4 4 -1 -1 -1 -1 -1 -1 71432 1 15 40 23 25 3 4 2 5
0 0 0 6 1 1 1 1 0 3 2 4 3 -1 -1 -1 -1 -1 -1 71832 0 15 40 23 25 3 4 2 5
0 0 0 7 1 1 1 1 0 3 2 4 3 3 5 4 4 1 1 72232 0 15 40 23 25 3 6 2 5
0 0 0 6 1 1 1 1 0 3 2 4 3 -1 -1 -1 -1 -1 -1 72632 0 15 40 23 25 3 6 2 5
0 0 0 6 4 1 1 4 0 3 2 4 3 -1 -1 -1 -1 -1 -1 73032 2 15 40 23 25 3 6 2 5
0 0 0 1 6 1 1 1 0 3 2 4 4 -1 -1 -1 -1 -1 -1 73432 0 15 40 23 25 3 6 2 5
0 0 0 1 1 7 1 1 0 3 2 4 5 5 5 4 4 1 1 73832 0 15 40 23 25 3 6 2 5
0 0 0 1 6 1 1 1 0 3 2 4 4 -1 -1 -1 -1 -1 -1 74232 0 15 40 24 25.5 3 6 2 5
0 0 0 1 6 4 4 1 0 3 2 4 4 -1 -1 -1 -1 -1 -1 74599 2 15 40 24 25.5 3 6 2 5
0 0 0 1 1 6 1 1 0 3 2 4 5 -1 -1 -1 -1 -1 -1 74999 0 15 40 24 25.5 3 6 2 5
0 0 0 1 1 1 1 7 0 3 2 4 7 7 5 4 4 1 1 75399 0 15 40 24 25.5 3 5 2 5
0 0 0 1 1 1 1 6 0 3 2 4 7 -1 -1 -1 -1 -1 -1 75799 0 15 40 24 25.5 3 5 2 5
0 0 0 1 1 4 4 6 0 3 2 4 7 -1 -1 -1 -1 -1 -1 76199 2 15 40 24 25.5 3 5 2 5
0 0 0 1 1 6 1 1 0 3 2 4 5 -1 -1 -1 -1 -1 -1 76565 0 15 40 24 25.5 3 5 2 5
0 0 0 1 1 7 1 1 0 3 2 4 5 5 5 4 4 1 1 76965 0 15 40 24 25.5 3 8 0 5
0 0 0 1 6 1 1 1 0 3 2 4 4 -1 -1 -1 -1 -1 -1 77365 0 15 40 25 26 3 8 0 5
0 0 0 1 6 4 1 4 0 3 2 4 4 -1 -1 -1 -1 -1 -1 77732 2 15 40 25 26 3 8 0 5
0 0 0 1 1 6 1 1 0 3 2 4 5 -1 -1 -1 -1 -1 -1 78132 0 15 40 25 26 3 8 0 5
0 0 0 1 1 1 7 1 0 3 2 4 6 6 5 4 4 1 1 78499 0 15 40 25 26 3 5 2 5
0 0 0 1 1 1 6 1 0 3 2 4 6 -1 -1 -1 -1 -1 -1 78899 0 15 40 25 26 3 5 2 5
0 0 0 4 1 1 6 4 0 3 2 4 6 -1 -1 -1 -1 -1 -1 79265 2 15 40 25 26 3 5 2 5
0 0 0 1 1 1 1 6 0 3 2 4 7 -1 -1 -1 -1 -1 -1 79665 0 15 40 25 26 3 5 2 5
0 0 0 1 1 1 1 7 0 3 2 4 7 7 5 4 4 1 1 80032 0 15 40 25 26 3 4 2 5
0 0 0 1 1 1 1 6 0 3 2 4 7 -1 -1 -1 -1 -1 -1 80432 0 15 40 26 26.5 3 4 2 5
0 0 0 4 1 1 4 6 0 3 2 4 7 -1 -1 -1 -1 -1 -1 80799 2 15 40 26 26.5 3 4 2 5
0 0 0 1 1 1 6 1 0 3 2 4 6 -1 -1 -1 -1 -1 -1 81165 0 15 40 26 26.5 3 4 2 5
0 0 0 1 1 1 7 1 0 3 2 4 6 6 5 4 4 1 1 81565 0 15 40 26 26.5 3 4 2 5
0 0 0 1 1 6 1 1 0 3 2 4 5 -1 -1 -1 -1 -1 -1 81932 0 15 40 26 26.5 3 4 2 5
0 0 0 1 6 1 4 4 0 3 2 4 4 -1 -1 -1 -1 -1 -1 82299 2 15 40 26 26.5 3 4 2 5
0 0 0 1 6 1 1 1 0 3 2 4 4 -1 -1 -1 -1 -1 -1 82699 0 15 40 26 26.5 3 4 2 5
0 0 0 1 7 1 1 1 0 3 2 4 4 4 5 4 4 1 1 83065 0 15 40 26 26.5 3 4 2 5
0 0 0 1 1 1 6 1 0 3 2 4 6 -1 -1 -1 -1 -1 -1 83432 0 15 40 27 27 3 4 2 5
0 0 0 1 4 4 6 1 0 3 2 4 6 -1 -1 -1 -1 -1 -1 83799 2 15 40 27 27 3 4 2 5
0 0 0 1 1 6 1 1 0 3 2 4 5 -1 -1 -1 -1 -1 -1 84165 0 15 40 27 27 3 4 2 5
0 0 0 1 1 7 1 1 0 3 2 4 5 5 5 4 4 1 1 84532 0 15 40 27 27 3 6 2 5
0 0 0 1 1 6 1 1 0 3 2 4 5 -1 -1 -1 -1 -1 -1 84932 0 15 40 27 27 3 6 2 5
0 0 0 4 1 6 1 4 0 3 2 4 5 -1 -1 -1 -1 -1 -1 85299 2 15 40 27 27 3 6 2 5
0 0 0 1 1 6 1 1 0 3 2 4 5 -1 -1 -1 -1 -1 -1 85665 0 15 40 27 27 3 6 2 5
0 0 0 1 1 7 1 1 0 3 2 4 5 5 5 4 4 1 1 86032 0 15 40 27 27 3 6 2 5
0 0 0 1 1 1 6 1 0 3 2 4 6 -1 -1 -1 -1 -1 -1 86399 0 15 40 28 27.5 3 6 2 5
0 0 0 4 1 4 6 1 0 3 2 4 6 -1 -1 -1 -1 -1 -1 86765 2 15 40 28 27.5 3 6 2 5
0 0 0 1 1 6 1 1 0 3 2 4 5 -1 -1 -1 -1 -1 -1 87132 0 15 40 28 27.5 3 6 2 5
0 0 0 1 7 1 1 1 0 3 2 4 4 4 5 4 4 1 1 87465 0 15 40 28 27.5 3 5 2 5
0 0 0 1 1 6 1 1 0 3 2 4 5 -1 -1 -1 -1 -1 -1 87832 0 15 40 28 27.5 3 5 2 5
0 0 0 4 4 1 6 1 0 3 2 4 6 -1 -1 -1 -1 -1 -1 88199 2 15 40 28 27.5 3 5 2 5
0 0 0 1 1 1 6 1 0 3 2 4 6 -1 -1 -1 -1 -1 -1 88565 0 15 40 28 27.5 3 5 2 5
0 0 0 1 1 1 7 1 0 3 2 4 6 6 5 4 4 1 1 88932 0 15 40 28 27.5 3 8 0 5
0 0 0 1 1 1 6 1 0 3 2 4 6 -1 -1 -1 -1 -1 -1 89298 0 15 40 29 28 3 8 0 5
0 0 0 1 4 4 6 1 0 3 2 4 6 -1 -1 -1 -1 -1 -1 89665 2 15 40 29 28 3 8 0 5
0 0 0 1 1 6 1 1 0 3 2 4 5 -1 -1 -1 -1 -1 -1 89998 0 15 40 29 28 3 8 0 5
0 0 0 1 1 7 1 1 0 3 2 4 5 5 5 4 4 1 1 90365 0 15 40 29 28 3 5 2 5
0 0 0 1 1 1 6 1 0 3 2 4 6 -1 -1 -1 -1 -1 -1 90732 0 15 40 29 28 3 5 2 5
0 0 0 1 4 4 6 1 0 3 2 4 6 -1 -1 -1 -1 -1 -1 91065 2 15 40 29 28 3 5 2 5
0 0 0 1 1 6 1 1 0 3 2 4 5 -1 -1 -1 -1 -1 -1 91432 0 15 40 29 28 3 5 2 5
0 0 0 1 1 7 1 1 0 3 2 4 5 5 5 4 4 1 1 91798 0 15 40 29 28 3 4 2 5
0 0 0 1 1 6 1 1 0 3 2 4 5 -1 -1 -1 -1 -1 -1 92132 0 15 40 30 28.5 3 4 2 5
0 0 0 1 4 6 4 1 0 3 2 4 5 -1 -1 -1 -1 -1 -1 92498 2 15 40 30 28.5 3 4 2 5
0 0 0 1 1 1 6 1 0 3 2 4 6 -1 -1 -1 -1 -1 -1 92832 0 15 40 30 28.5 3 4 2 5
0 0 0 1 1 1 1 7 0 3 2 4 7 7 5 4 4 1 1 93198 0 15 40 30 28.5 3 4 2 5
0 0 0 1 1 1 1 6 0 3 2 4 7 -1 -1 -1 -1 -1 -1 93532 0 15 40 30 28.5 3 4 2 5
0 0 0 4 4 1 6 1 0 3 2 4 6 -1 -1 -1 -1 -1 -1 93898 2 15 40 30 28.5 3 4 2 5
0 0 0 1 1 6 1 1 0 3 2 4 5 -1 -1 -1 -1 -1 -1 94265 0 15 40 30 28.5 3 4 2 5
0 0 0 1 1 7 1 1 0 3 2 4 5 5 5 4 4 1 1 94598 0 15 40 30 28.5 3 4 2 5
0 0 0 1 1 6 1 1 1 4 2 1 5 -1 -1 -1 -1 -1 -1 102332 0 15 40 16 60 3 8 0 5
0 0 0 1 1 6 1 1 1 4 2 1 5 -1 -1 -1 -1 -1 -1 102498 0 15 40 16 60 3 8 0 5
0 0 0 1 1 6 1 1 1 4 2 1 5 -1 -1 -1 -1 -1 -1 102665 0 15 40 16 60 3 6 2 5
0 0 0 1 1 6 1 1 1 4 2 1 5 -1 -1 -1 -1 -1 -1 102832 0 15 40 16 50.6 3 6 2 5
0 0 0 1 1 6 1 1 1 4 2 1 5 -1 -1 -1 -1 -1 -1 103098 0 15 40 16 25.5333 3 6 2 5
0 0 0 1 1 6 1 1 1 4 2 1 5 -1 -1 -1 -1 -1 -1 103832 0 15 40 16 13 3 6 2 5
0 0 0 1 1 6 1 1 1 4 2 1 5 -1 -1 -1 -1 -1 -1 104598 0 15 40 16 13 3 4 2 5
0 0 0 1 1 6 1 1 1 4 2 1 5 -1 -1 -1 -1 -1 -1 105365 0 15 40 16 13 3 4 2 5
0 0 0 1 1 6 1 1 1 4 2 1 5 -1 -1 -1 -1 -1 -1 106132 0 15 40 16 13 3 4 2 5
0 0 0 1 1 6 1 1 1 4 2 1 5 -1 -1 -1 -1 -1 -1 106898 0 15 40 16 13 3 4 2 5
0 0 0 1 1 6 3 1 1 4 2 1 5 6 3 8 3 0 0 107665 0 15 40 16 13 3 4 2 5
0 0 0 1 1 6 1 1 1 4 2 1 5 -1 -1 -1 -1 -1 -1 108432 0 15 40 16 13 3 4 2 5
0 0 0 1 1 1 6 1 1 4 2 1 6 -1 -1 -1 -1 -1 -1 109198 0 15 40 16 13 3 4 2 5
0 0 0 1 1 1 6 1 1 4 2 1 6 -1 -1 -1 -1 -1 -1 109965 0 15 40 16 13 3 4 2 5
0 0 0 1 1 3 6 1 1 4 2 1 6 5 0 6 1 0 0 110731 0 15 40 16 13 3 6 2 5
0 0 0 1 1 1 6 1 1 4 2 1 6 -1 -1 -1 -1 -1 -1 111531 0 15 40 16 13 3 6 2 5
0 0 0 1 1 6 1 1 1 4 2 1 5 -1 -1 -1 -1 -1 -1 112298 0 15 40 16 13 3 6 2 5
0 0 0 1 1 6 1 1 1 4 2 1 5 -1 -1 -1 -1 -1 -1 113065 0 15 40 16 13 3 6 2 5
0 0 0 1 1 6 3 1 1 4 2 1 5 6 2 5 0 0 0 113831 0 15 40 16 13 3 5 2 5
0 0 0 1 1 6 1 1 1 4 2 1 5 -1 -1 -1 -1 -1 -1 114598 0 15 40 16 13 3 5 2 5
0 0 0 1 1 6 1 1 1 4 2 1 5 -1 -1 -1 -1 -1 -1 115365 0 15 40 16 13 3 5 2 5
0 0 0 1 1 6 1 1 1 4 2 1 5 -1 -1 -1 -1 -1 -1 116131 0 15 40 16 13 3 5 2 5
0 0 0 1 1 6 1 3 1 4 2 1 5 7 1 7 2 0 0 116898 0 15 40 16 13 3 6 2 5
0 0 0 1 1 6 1 1 1 4 2 1 5 -1 -1 -1 -1 -1 -1 117665 0 15 40 16 13 3 6 2 5
0 0 0 1 1 6 1 1 1 4 2 1 5 -1 -1 -1 -1 -1 -1 118431 0 15 40 16 13 3 6 2 5
0 0 0 1 1 6 1 1 1 4 2 1 5 -1 -1 -1 -1 -1 -1 119198 0 15 40 16 13 3 6 2 5
0 0 0 1 1 6 3 1 1 4 2 1 5 6 0 6 1 0 0 119965 0 15 40 16 13 3 6 2 5
0 0 0 1 1 1 6 1 1 4 2 1 6 -1 -1 -1 -1 -1 -1 120731 0 15 40 16 13 3 6 2 5
0 0 0 1 1 1 1 6 1 4 2 1 7 -1 -1 -1 -1 -1 -1 121531 0 15 40 16 13 3 6 2 5
0 0 0 1 1 1 1 6 1 4 2 1 7 -1 -1 -1 -1 -1 -1 122298 0 15 40 16 13 3 6 2 5
0 0 0 1 1 1 1 7 1 4 2 1 7 7 1 7 2 1 1 123065 0 15 40 16 13 3 8 0 5
0 0 0 1 1 1 6 1 1 4 2 1 6 -1 -1 -1 -1 -1 -1 123831 0 15 40 16 13 3 8 0 5
0 0 0 1 1 1 6 1 1 4 2 1 6 -1 -1 -1 -1 -1 -1 124598 0 15 40 16 13 3 8 0 5
0 0 0 1 1 1 6 1 1 4 2 1 6 -1 -1 -1 -1 -1 -1 125365 0 15 40 16 13 3 8 0 5
0 0 0 1 1 1 6 3 1 4 2 1 6 7 3 8 3 0 0 126131 0 15 40 16 13 3 6 2 5
0 0 0 1 1 1 6 1 1 4 2 1 6 -1 -1 -1 -1 -1 -1 126898 0 15 40 16 13 3 6 2 5
0 0 0 1 1 1 1 6 1 4 2 1 7 -1 -1 -1 -1 -1 -1 127665 0 15 40 16 13 3 6 2 5
0 0 0 1 1 1 1 6 1 4 2 1 7 -1 -1 -1 -1 -1 -1 128431 0 15 40 16 13 3 6 2 5
0 0 0 1 1 1 1 7 1 4 2 1 7 7 1 7 2 1 1 129198 0 15 40 16 13 3 4 2 5
0 0 0 1 1 1 1 6 1 4 2 1 7 -1 -1 -1 -1 -1 -1 129865 0 15 40 17 16 3 4 2 5
0 0 0 1 1 1 1 6 1 4 2 1 7 -1 -1 -1 -1 -1 -1 130465 0 15 40 17 16 3 4 2 5
0 0 0 1 1 1 1 6 1 4 2 1 7 -1 -1 -1 -1 -1 -1 131099 0 15 40 17 16 3 4 2 5
0 0 0 1 1 1 3 6 1 4 2 1 7 6 0 6 1 0 0 131732 0 15 40 17 16 3 4 2 5
0 0 0 1 1 1 1 6 1 4 2 1 7 -1 -1 -1 -1 -1 -1 132365 0 15 40 17 16 3 4 2 5
0 0 0 1 1 1 1 6 1 4 2 1 7 -1 -1 -1 -1 -1 -1 132966 0 15 40 17 16 3 4 2 5
0 0 0 1 1 1 1 6 1 4 2 1 7 -1 -1 -1 -1 -1 -1 133599 0 15 40 17 16 3 4 2 5
0 0 0 1 1 1 3 6 1 4 2 1 7 6 3 8 3 0 0 134233 0 15 40 17 16 3 6 2 5
0 0 0 1 1 1 1 6 1 4 2 1 7 -1 -1 -1 -1 -1 -1 134866 0 15 40 17 16 3 6 2 5
0 0 0 1 1 1 1 6 1 4 2 1 7 -1 -1 -1 -1 -1 -1 135466 0 15 40 17 16 3 6 2 5
0 0 0 1 1 1 1 6 1 4 2 1 7 -1 -1 -1 -1 -1 -1 136100 0 15 40 17 16 3 6 2 5
0 0 0 1 1 1 3 6 1 4 2 1 7 6 2 5 0 0 0 136733 0 15 40 17 16 3 5 2 5
0 0 0 1 1 1 1 6 1 4 2 1 7 -1 -1 -1 -1 -1 -1 137367 0 15 40 17 16 3 5 2 5
0 0 0 1 1 6 1 1 1 4 2 1 5 -1 -1 -1 -1 -1 -1 137967 0 15 40 17 16 3 5 2 5
0 0 0 1 6 1 1 1 1 4 2 1 4 -1 -1 -1 -1 -1 -1 138600 0 15 40 17 16 3 5 2 5
0 0 0 1 7 1 1 1 1 4 2 1 4 4 3 8 3 1 1 139234 0 15 40 17 16 3 6 2 5
0 0 0 1 6 1 1 1 1 4 2 1 4 -1 -1 -1 -1 -1 -1 139867 0 15 40 17 16 3 6 2 5
0 0 0 1 6 1 1 1 1 4 2 1 4 -1 -1 -1 -1 -1 -1 140467 0 15 40 17 16 3 6 2 5
0 0 0 1 6 1 1 1 1 4 2 1 4 -1 -1 -1 -1 -1 -1 141101 0 15 40 17 16 3 6 2 5
0 0 0 3 6 1 1 1 1 4 2 1 4 3 1 7 2 0 0 141734 0 15 40 17 16 3 6 2 5
0 0 0 1 6 1 1 1 1 4 2 2 4 -1 -1 -1 -1 -1 -1 142368 0 15 40 17 16 3 6 2 5
0 0 0 6 1 1 1 1 1 4 2 2 3 -1 -1 -1 -1 -1 -1 142968 0 15 40 17 16 3 6 2 5
0 0 0 6 1 1 1 1 1 4 2 2 3 -1 -1 -1 -1 -1 -1 143601 0 15 40 17 16 3 6 2 5
0 0 0 6 3 1 1 1 1 4 2 2 3 4 2 5 0 0 0 144235 0 15 40 17 16 3 8 0 5
0 0 0 6 1 1 1 1 1 4 2 2 3 -1 -1 -1 -1 -1 -1 144868 0 15 40 17 16 3 8 0 5
0 0 0 6 1 1 4 1 1 4 2 2 3 -1 -1 -1 -1 -1 -1 145468 1 15 40 17 16 3 8 0 5
0 0 0 6 1 1 1 1 1 4 2 2 3 -1 -1 -1 -1 -1 -1 146102 0 15 40 17 16 3 8 0 5
0 0 0 6 1 3 1 1 1 4 2 2 3 5 3 8 3 0 0 146735 0 15 40 17 16 3 6 2 5
0 0 0 6 1 1 1 1 1 4 2 2 3 -1 -1 -1 -1 -1 -1 147335 0 15 40 17 16 3 6 2 5
0 0 0 6 1 4 1 1 1 4 2 2 3 -1 -1 -1 -1 -1 -1 147969 1 15 40 17 16 3 6 2 5
0 0 0 1 1 6 1 1 1 4 2 2 5 -1 -1 -1 -1 -1 -1 148602 0 15 40 17 16 3 6 2 5
0 0 0 1 1 1 1 8 1 4 2 2 7 7 2 5 0 1 0 149236 0 15 40 17 16 3 4 2 5
0 0 0 1 1 1 1 6 1 4 2 2 7 -1 -1 -1 -1 -1 -1 149969 0 15 40 16 13 3 4 2 5
0 0 0 1 4 1 6 1 1 4 2 2 6 -1 -1 -1 -1 -1 -1 150736 1 15 40 16 13 3 4 2 5
0 0 0 1 1 1 6 1 1 4 2 2 6 -1 -1 -1 -1 -1 -1 151436 0 15 40 16 16.25 3 4 2 5
0 0 0 1 1 1 7 1 1 4 2 2 6 6 3 8 3 1 1 152070 0 15 40 16 16.25 3 4 2 5
0 0 0 1 1 1 6 1 1 4 2 2 6 -1 -1 -1 -1 -1 -1 152670 0 15 40 16 16.25 3 4 2 5
0 0 0 4 1 6 1 1 1 4 2 2 5 -1 -1 -1 -1 -1 -1 153370 1 15 40 16 13 3 4 2 5
0 0 0 1 1 6 1 1 1 4 2 2 5 -1 -1 -1 -1 -1 -1 154137 0 15 40 16 13 3 4 2 5
0 0 0 1 1 6 3 1 1 4 2 2 5 6 1 7 2 0 0 154904 0 15 40 16 13 3 6 2 5
0 0 0 1 1 6 1 1 1 4 2 2 5 -1 -1 -1 -1 -1 -1 155670 0 15 40 16 13 3 6 2 5
0 0 0 1 1 6 4 1 1 4 2 2 5 -1 -1 -1 -1 -1 -1 156471 1 15 40 16 13 3 6 2 5
0 0 0 1 1 1 6 1 1 4 2 2 6 -1 -1 -1 -1 -1 -1 157237 0 15 40 16 13 3 6 2 5
0 0 0 1 1 3 6 1 1 4 2 2 6 5 2 5 0 0 0 158004 0 15 40 16 13 3 5 2 5
0 0 0 1 1 1 1 6 1 4 2 2 7 -1 -1 -1 -1 -1 -1 158771 0 15 40 16 13 3 5 2 5
0 0 0 4 1 1 1 6 1 4 2 2 7 -1 -1 -1 -1 -1 -1 159538 1 15 40 16 16.25 3 5 2 5
0 0 0 1 1 1 1 6 1 4 2 2 7 -1 -1 -1 -1 -1 -1 160138 0 15 40 16 16.25 3 5 2 5
0 0 0 1 1 1 1 7 1 4 2 2 7 7 1 7 2 1 1 160738 0 15 40 16 16.25 3 6 2 5
0 0 0 1 1 1 1 6 1 4 2 2 7 -1 -1 -1 -1 -1 -1 161272 0 15 40 17 17.8667 3 6 2 5
0 0 0 1 1 4 1 6 1 4 2 2 7 -1 -1 -1 -1 -1 -1 161905 1 15 40 17 16 3 6 2 5
0 0 0 1 1 1 1 6 1 4 2 2 7 -1 -1 -1 -1 -1 -1 162505 0 15 40 17 16 3 6 2 5
0 0 0 1 1 1 3 6 1 4 2 2 7 6 3 8 3 0 0 163139 0 15 40 17 16 3 6 2 5
0 0 0 1 1 1 1 6 1 4 2 2 7 -1 -1 -1 -1 -1 -1 163772 0 15 40 17 16 3 6 2 5
0 0 0 4 1 1 6 1 1 4 2 2 6 -1 -1 -1 -1 -1 -1 164406 1 15 40 17 16 3 6 2 5
0 0 0 1 1 6 1 1 1 4 2 2 5 -1 -1 -1 -1 -1 -1 165006 0 15 40 17 16 3 6 2 5
0 0 0 1 1 6 1 3 1 4 2 2 5 7 0 6 1 0 0 165639 0 15 40 17 16 3 8 0 5
0 0 0 1 1 6 1 1 1 4 2 2 5 -1 -1 -1 -1 -1 -1 166273 0 15 40 17 16 3 8 0 5
0 0 0 1 1 1 6 4 1 4 2 2 6 -1 -1 -1 -1 -1 -1 166906 1 15 40 17 16 3 8 0 5
0 0 0 1 1 1 1 6 1 4 2 2 7 -1 -1 -1 -1 -1 -1 167506 0 15 40 17 16 3 8 0 5
0 0 0 1 1 1 1 7 1 4 2 2 7 7 3 8 3 1 1 168140 0 15 40 17 16 3 6 2 5
0 0 0 1 1 1 6 1 1 4 2 2 6 -1 -1 -1 -1 -1 -1 168773 0 15 40 17 16 3 6 2 5
0 0 0 1 4 1 6 1 1 4 2 2 6 -1 -1 -1 -1 -1 -1 169407 1 15 40 17 16 3 6 2 5
0 0 0 1 1 1 6 1 1 4 2 2 6 -1 -1 -1 -1 -1 -1 170007 0 15 40 17 16 3 6 2 5
0 0 0 1 1 1 6 3 1 4 2 2 6 7 1 7 2 0 0 170640 0 15 40 17 16 3 4 2 5
0 0 0 1 1 1 6 1 1 4 2 2 6 -1 -1 -1 -1 -1 -1 171274 0 15 40 17 16 3 4 2 5
0 0 0 4 1 6 1 1 1 4 2 2 5 -1 -1 -1 -1 -1 -1 171907 1 15 40 17 16 3 4 2 5
0 0 0 1 1 6 1 1 1 4 2 2 5 -1 -1 -1 -1 -1 -1 172507 0 15 40 17 16 3 4 2 5
0 0 0 0 1 7 1 0 1 4 2 2 5 5 3 8 3 1 1 173141 0 15 40 17 16 3 4 2 3
0 0 0 0 1 1 6 0 1 4 2 2 6 -1 -1 -1 -1 -1 -1 173674 0 15 40 18 19 3 4 2 3
0 0 0 0 1 4 6 0 1 4 2 2 6 -1 -1 -1 -1 -1 -1 174208 1 15 40 18 19 3 4 2 3
0 0 0 0 1 1 6 0 1 4 2 2 6 -1 -1 -1 -1 -1 -1 174741 0 15 40 18 19 3 4 2 3
0 0 0 0 1 3 6 0 1 4 2 2 6 5 2 5 0 0 0 175275 0 15 40 18 19 3 6 2 3
0 0 0 0 1 1 6 0 1 4 2 3 6 -1 -1 -1 -1 -1 -1 175775 0 15 40 18 19 3 6 2 3
0 0 0 0 4 6 1 0 1 4 2 3 5 -1 -1 -1 -1 -1 -1 176308 1 15 40 18 19 3 6 2 3
0 0 0 0 1 6 1 0 1 4 2 3 5 -1 -1 -1 -1 -1 -1 176842 0 15 40 18 19 3 6 2 3
0 0 0 0 6 1 3 0 1 4 2 3 4 6 1 7 2 0 0 177375 0 15 40 18 19 3 5 2 3
0 0 0 0 6 1 1 0 1 4 2 3 4 -1 -1 -1 -1 -1 -1 177909 0 15 40 18 19 3 5 2 3
0 0 0 0 6 4 1 0 1 4 2 3 4 -1 -1 -1 -1 -1 -1 178409 1 15 40 18 19 3 5 2 3
0 0 0 0 6 1 1 0 1 4 2 3 4 -1 -1 -1 -1 -1 -1 178942 0 15 40 18 19 3 5 2 3
0 0 0 0 6 1 3 0 1 4 2 3 4 6 3 8 3 0 0 179476 0 15 40 18 19 3 6 2 3
0 0 0 0 6 1 1 0 1 4 2 3 4 -1 -1 -1 -1 -1 -1 180009 0 15 40 18 19 3 6 2 3
0 0 0 0 6 1 4 0 1 4 2 3 4 -1 -1 -1 -1 -1 -1 180542 1 15 40 18 19 3 6 2 3
0 0 0 0 6 1 1 0 1 4 2 3 4 -1 -1 -1 -1 -1 -1 181043 0 15 40 18 19 3 6 2 3
0 0 0 0 6 3 1 0 1 4 2 3 4 5 0 6 1 0 0 181576 0 15 40 18 19 3 6 2 3
0 0 0 0 1 6 1 0 1 4 2 3 5 -1 -1 -1 -1 -1 -1 182109 0 15 40 18 19 3 6 2 3
0 0 0 0 4 6 1 0 1 4 2 3 5 -1 -1 -1 -1 -1 -1 182643 1 15 40 18 19 3 6 2 3
0 0 0 0 1 6 1 0 1 4 2 3 5 -1 -1 -1 -1 -1 -1 183143 0 15 40 18 19 3 6 2 3
0 0 0 0 6 1 3 0 1 4 2 3 4 6 2 5 0 0 0 183676 0 15 40 18 19 3 8 0 3
0 0 0 0 6 1 1 0 1 4 2 3 4 -1 -1 -1 -1 -1 -1 184210 0 15 40 18 19 3 8 0 3
0 0 0 0 6 4 1 0 1 4 2 3 4 -1 -1 -1 -1 -1 -1 184743 1 15 40 18 19 3 8 0 3
0 0 0 0 1 6 1 0 1 4 2 3 5 -1 -1 -1 -1 -1 -1 185277 0 15 40 18 19 3 8 0 3
0 0 0 0 7 1 1 0 1 4 2 3 4 4 0 6 1 1 1 185777 0 15 40 18 19 3 6 2 3
0 0 0 0 6 1 1 0 1 4 2 3 4 -1 -1 -1 -1 -1 -1 186310 0 15 40 18 19 3 6 2 3
0 0 0 0 6 1 4 0 1 4 2 3 4 -1 -1 -1 -1 -1 -1 186844 1 15 40 18 19 3 6 2 3
0 0 0 0 6 1 1 0 1 4 2 3 4 -1 -1 -1 -1 -1 -1 187377 0 15 40 18 19 3 6 2 3
0 0 0 0 6 3 1 0 1 4 2 3 4 5 3 8 3 0 0 187911 0 15 40 18 19 3 4 2 3
0 0 0 0 6 1 1 0 1 4 2 3 4 -1 -1 -1 -1 -1 -1 188411 0 15 40 18 19 3 4 2 3
0 0 0 0 6 1 4 0 1 4 2 3 4 -1 -1 -1 -1 -1 -1 188944 1 15 40 18 19 3 4 2 3
0 0 0 0 1 1 6 0 1 4 2 3 6 -1 -1 -1 -1 -1 -1 189478 0 15 40 18 19 3 4 2 3
0 0 0 0 1 1 7 0 1 4 2 3 6 6 0 6 1 1 1 190011 0 15 40 18 19 3 4 2 3
0 0 0 0 1 1 6 0 1 4 2 3 6 -1 -1 -1 -1 -1 -1 190478 0 15 40 19 21 3 4 2 3
0 0 0 0 4 1 6 0 1 4 2 3 6 -1 -1 -1 -1 -1 -1 190978 1 15 40 19 21 3 4 2 3
0 0 0 0 1 1 6 0 1 4 2 3 6 -1 -1 -1 -1 -1 -1 191445 0 15 40 19 21 3 4 2 3
0 0 0 0 1 3 6 0 1 4 2 3 6 5 2 5 0 0 0 191912 0 15 40 19 21 3 6 2 3
0 0 0 0 1 6 1 0 1 4 2 3 5 -1 -1 -1 -1 -1 -1 192378 0 15 40 19 21 3 6 2 3
0 0 0 0 1 6 4 0 1 4 2 3 5 -1 -1 -1 -1 -1 -1 192878 1 15 40 19 21 3 6 2 3
0 0 0 0 1 6 1 0 1 4 2 3 5 -1 -1 -1 -1 -1 -1 193345 0 15 40 19 21 3 6 2 3
0 0 0 0 3 1 6 0 1 4 2 3 6 4 3 8 3 0 0 193812 0 15 40 19 21 3 5 2 3
0 0 0 0 1 1 6 0 1 4 2 3 6 -1 -1 -1 -1 -1 -1 194279 0 15 40 19 21 3 5 2 3
0 0 0 0 1 4 6 0 1 4 2 3 6 -1 -1 -1 -1 -1 -1 194779 1 15 40 19 21 3 5 2 3
0 0 0 0 1 6 1 0 1 4 2 3 5 -1 -1 -1 -1 -1 -1 195246 0 15 40 19 21 3 5 2 3
0 0 0 0 7 1 1 0 1 4 2 3 4 4 2 5 0 1 1 195712 0 15 40 19 21 3 6 2 3
0 0 0 0 1 6 1 0 1 4 2 3 5 -1 -1 -1 -1 -1 -1 196212 0 15 40 19 21 3 6 2 3
0 0 0 0 4 1 6 0 1 4 2 3 6 -1 -1 -1 -1 -1 -1 196679 1 15 40 19 21 3 6 2 3
0 0 0 0 1 1 6 0 1 4 2 3 6 -1 -1 -1 -1 -1 -1 197146 0 15 40 19 21 3 6 2 3
0 0 0 0 3 1 6 0 1 4 2 3 6 4 0 6 1 0 0 197613 0 15 40 19 21 3 6 2 3
0 0 0 0 1 6 1 0 1 4 2 3 5 -1 -1 -1 -1 -1 -1 198113 0 15 40 19 21 3 6 2 3
0 0 0 0 4 1 6 0 1 4 2 3 6 -1 -1 -1 -1 -1 -1 198580 1 15 40 19 21 3 6 2 3
0 0 0 0 1 1 6 0 1 4 2 3 6 -1 -1 -1 -1 -1 -1 199046 0 15 40 19 21 3 6 2 3
0 0 0 1 1 3 6 1 1 4 2 3 6 5 1 7 2 0 0 199547 0 15 40 19 21 3 8 0 5
0 0 0 1 1 1 6 1 1 4 2 3 6 -1 -1 -1 -1 -1 -1 200013 0 15 40 19 21 3 8 0 5
0 0 0 1 1 1 6 4 1 4 2 3 6 -1 -1 -1 -1 -1 -1 200480 1 15 40 19 21 3 8 0 5
0 0 0 1 1 1 6 1 1 4 2 3 6 -1 -1 -1 -1 -1 -1 200947 0 15 40 19 21 3 8 0 5
0 0 0 1 1 3 6 1 1 4 2 3 6 5 3 8 3 0 0 201447 0 15 40 19 21 3 6 2 5
0 0 0 1 1 1 6 1 1 4 2 4 6 -1 -1 -1 -1 -1 -1 201914 0 15 40 19 21 3 6 2 5
0 0 0 1 1 6 1 4 1 4 2 4 5 -1 -1 -1 -1 -1 -1 202380 1 15 40 19 21 3 6 2 5
0 0 0 1 1 6 1 1 1 4 2 4 5 -1 -1 -1 -1 -1 -1 202881 0 15 40 19 21 3 6 2 5
0 0 0 1 6 1 3 1 1 4 2 4 4 6 2 5 0 0 0 203347 0 15 40 19 21 3 4 2 5
0 0 0 1 6 1 1 1 1 4 2 4 4 -1 -1 -1 -1 -1 -1 203814 0 15 40 19 21 3 4 2 5
0 0 0 1 6 4 1 4 1 4 2 4 4 -1 -1 -1 -1 -1 -1 204281 2 15 40 19 21 3 4 2 5
0 0 0 1 6 1 1 1 1 4 2 4 4 -1 -1 -1 -1 -1 -1 204781 0 15 40 19 21 3 4 2 5
0 0 0 1 7 1 1 1 1 4 2 4 4 4 3 8 3 1 1 205248 0 15 40 19 21 3 4 2 5
0 0 0 1 6 1 1 1 1 4 2 4 4 -1 -1 -1 -1 -1 -1 205714 0 15 40 20 22 3 4 2 5
0 0 0 4 1 6 4 1 1 4 2 4 5 -1 -1 -1 -1 -1 -1 206148 2 15 40 20 22 3 4 2 5
0 0 0 1 1 6 1 1 1 4 2 4 5 -1 -1 -1 -1 -1 -1 206615 0 15 40 20 22 3 4 2 5
0 0 0 1 1 6 3 1 1 4 2 4 5 6 0 6 1 0 0 207081 0 15 40 20 22 3 6 2 5
0 0 0 1 1 6 1 1 1 4 2 4 5 -1 -1 -1 -1 -1 -1 207515 0 15 40 20 22 3 6 2 5
0 0 0 4 1 6 1 4 1 4 2 4 5 -1 -1 -1 -1 -1 -1 207982 2 15 40 20 22 3 6 2 5
0 0 0 1 1 6 1 1 1 4 2 4 5 -1 -1 -1 -1 -1 -1 208448 0 15 40 20 22 3 6 2 5
0 0 0 1 3 6 1 1 1 4 2 4 5 4 1 7 2 0 0 208882 0 15 40 20 22 3 5 2 5
0 0 0 1 1 6 1 1 1 4 2 4 5 -1 -1 -1 -1 -1 -1 209349 0 15 40 20 22 3 5 2 5
0 0 0 4 1 6 1 4 1 4 2 4 5 -1 -1 -1 -1 -1 -1 209782 2 15 40 20 22 3 5 2 5
0 0 0 1 1 6 1 1 1 4 2 4 5 -1 -1 -1 -1 -1 -1 210249 0 15 40 20 22 3 5 2 5
0 0 0 3 1 6 1 1 1 4 2 4 5 3 2 5 0 0 0 210716 0 15 40 20 22 3 6 2 5
0 0 0 1 1 6 1 1 1 4 2 4 5 -1 -1 -1 -1 -1 -1 211149 0 15 40 20 22 3 6 2 5
0 0 0 1 1 6 4 4 1 4 2 4 5 -1 -1 -1 -1 -1 -1 211616 2 15 40 20 22 3 6 2 5
0 0 0 1 1 6 1 1 1 4 2 4 5 -1 -1 -1 -1 -1 -1 212083 0 15 40 20 22 3 6 2 5
0 0 0 1 3 6 1 1 1 4 2 4 5 4 0 6 1 0 0 212516 0 15 40 20 22 3 6 2 5
0 0 0 1 1 6 1 1 1 4 2 4 5 -1 -1 -1 -1 -1 -1 212983 0 15 40 20 22 3 6 2 5
0 0 0 4 6 1 1 4 1 4 2 4 4 -1 -1 -1 -1 -1 -1 213449 2 15 40 20 22 3 6 2 5
0 0 0 1 6 1 1 1 1 4 2 4 4 -1 -1 -1 -1 -1 -1 213883 0 15 40 20 22 3 6 2 5
0 0 0 1 7 1 1 1 1 4 2 4 4 4 2 5 0 1 1 214350 0 15 40 20 22 3 8 0 5
0 0 0 1 6 1 1 1 1 4 2 4 4 -1 -1 -1 -1 -1 -1 214783 0 15 40 20 22 3 8 0 5
0 0 0 4 6 4 1 1 1 4 2 4 4 -1 -1 -1 -1 -1 -1 215250 2 15 40 20 22 3 8 0 5
0 0 0 1 6 1 1 1 1 4 2 4 4 -1 -1 -1 -1 -1 -1 215717 0 15 40 20 22 3 8 0 5
0 0 0 1 6 1 3 1 1 4 2 4 4 6 3 8 3 0 0 216150 0 15 40 20 22 3 6 2 5
0 0 0 1 6 1 1 1 1 4 2 4 4 -1 -1 -1 -1 -1 -1 216617 0 15 40 20 22 3 6 2 5
0 0 0 1 6 4 1 4 1 4 2 4 4 -1 -1 -1 -1 -1 -1 217084 2 15 40 20 22 3 6 2 5
0 0 0 1 6 1 1 1 1 4 2 4 4 -1 -1 -1 -1 -1 -1 217517 0 15 40 20 22 3 6 2 5
0 0 0 1 6 3 1 1 1 4 2 4 4 5 0 6 1 0 0 217984 0 15 40 20 22 3 4 2 5
0 0 0 1 6 1 1 1 1 4 2 4 4 -1 -1 -1 -1 -1 -1 218417 0 15 40 20 22 3 4 2 5
0 0 0 4 1 6 1 4 1 4 2 4 5 -1 -1 -1 -1 -1 -1 218884 2 15 40 20 22 3 4 2 5
0 0 0 1 1 6 1 1 1 4 2 4 5 -1 -1 -1 -1 -1 -1 219351 0 15 40 20 22 3 4 2 5
0 0 0 1 1 7 1 1 1 4 2 4 5 5 3 8 3 1 1 219784 0 15 40 20 22 3 4 2 5
0 0 0 1 1 1 6 1 1 4 2 4 6 -1 -1 -1 -1 -1 -1 220251 0 15 40 21 23 3 4 2 5
0 0 0 1 4 4 6 1 1 4 2 4 6 -1 -1 -1 -1 -1 -1 220684 2 15 40 21 23 3 4 2 5
0 0 0 1 1 6 1 1 1 4 2 4 5 -1 -1 -1 -1 -1 -1 221118 0 15 40 21 23 3 4 2 5
0 0 0 1 1 7 1 1 1 4 2 4 5 5 0 6 1 1 1 221551 0 15 40 21 23 3 6 2 5
0 0 0 1 1 6 1 1 1 4 2 4 5 -1 -1 -1 -1 -1 -1 221985 0 15 40 21 23 3 6 2 5
0 0 0 4 4 1 6 1 1 4 2 4 6 -1 -1 -1 -1 -1 -1 222418 2 15 40 21 23 3 6 2 5
0 0 0 1 1 1 6 1 1 4 2 4 6 -1 -1 -1 -1 -1 -1 222851 0 15 40 21 23 3 6 2 5
0 0 0 1 1 1 6 3 1 4 2 4 6 7 2 5 0 0 0 223285 0 15 40 21 23 3 5 2 5
0 0 0 1 1 1 6 1 1 4 2 4 6 -1 -1 -1 -1 -1 -1 223718 0 15 40 21 23 3 5 2 5
0 0 0 4 4 1 6 1 1 4 2 4 6 -1 -1 -1 -1 -1 -1 224152 2 15 40 21 23 3 5 2 5
0 0 0 1 1 1 6 1 1 4 2 4 6 -1 -1 -1 -1 -1 -1 224585 0 15 40 21 23 3 5 2 5
0 0 0 1 1 1 6 3 1 4 2 4 6 7 3 8 3 0 0 225019 0 15 40 21 23 3 6 2 5
0 0 0 1 1 1 6 1 1 4 2 4 6 -1 -1 -1 -1 -1 -1 225452 0 15 40 21 23 3 6 2 5
0 0 0 4 4 6 1 1 1 4 2 4 5 -1 -1 -1 -1 -1 -1 225885 2 15 40 21 23 3 6 2 5
0 0 0 1 1 6 1 1 1 4 2 4 5 -1 -1 -1 -1 -1 -1 226319 0 15 40 21 23 3 6 2 5
0 0 0 1 1 6 3 1 1 4 2 4 5 6 1 7 2 0 0 226752 0 15 40 21 23 3 6 2 5
0 0 0 1 1 6 1 1 1 4 2 4 5 -1 -1 -1 -1 -1 -1 227186 0 15 40 21 23 3 6 2 5
0 0 0 4 4 1 6 1 1 4 2 4 6 -1 -1 -1 -1 -1 -1 227619 2 15 40 21 23 3 6 2 5
0 0 0 1 1 1 6 1 1 4 2 4 6 -1 -1 -1 -1 -1 -1 228053 0 15 40 21 23 3 6 2 5
0 0 0 1 1 1 7 1 1 4 2 4 6 6 3 8 3 1 1 228486 0 15 40 21 23 3 8 0 5
0 0 0 1 1 1 6 1 1 4 2 4 6 -1 -1 -1 -1 -1 -1 228919 0 15 40 22 24 3 8 0 5
0 0 0 0 1 6 1 0 2 0 3 3 5 -1 -1 -1 -1 -1 -1 235688 0 15 16 15 60 3 8 0 3
0 0 0 0 1 6 1 0 2 0 3 3 5 -1 -1 -1 -1 -1 -1 235854 0 15 16 15 60 3 8 0 3
0 0 0 0 1 6 1 0 2 0 3 3 5 -1 -1 -1 -1 -1 -1 236021 0 15 16 15 60 3 6 2 3
0 0 0 0 1 6 1 0 2 0 3 3 5 -1 -1 -1 -1 -1 -1 236188 0 15 16 15 50 3 6 2 3
0 0 0 0 1 6 1 0 2 0 3 3 5 -1 -1 -1 -1 -1 -1 236488 0 15 16 15 20 3 6 2 3
0 0 0 0 1 6 1 0 2 0 3 3 5 -1 -1 -1 -1 -1 -1 237421 0 15 16 15 10 3 6 2 3
0 0 0 0 1 6 1 0 2 0 3 3 5 -1 -1 -1 -1 -1 -1 238421 0 15 16 15 10 3 4 2 3
0 0 0 0 1 6 1 0 2 0 3 3 5 -1 -1 -1 -1 -1 -1 239422 0 15 16 15 10 3 4 2 3
0 0 0 0 6 1 1 0 2 0 3 3 4 -1 -1 -1 -1 -1 -1 240422 0 15 16 15 10 3 4 2 3
0 0 0 0 1 1 6 0 2 0 3 3 6 -1 -1 -1 -1 -1 -1 241422 0 15 16 15 10 3 4 2 3
0 0 0 0 1 3 6 0 2 0 3 3 6 5 1 4 2 0 0 242422 0 15 16 15 10 3 5 2 3
0 0 0 0 1 1 6 0 2 0 3 3 6 -1 -1 -1 -1 -1 -1 243423 0 15 16 15 10 3 5 2 3
0 0 0 0 4 1 6 0 2 0 3 3 6 -1 -1 -1 -1 -1 -1 244423 1 15 16 15 10 3 5 2 3
0 0 0 0 1 1 6 0 2 0 3 3 6 -1 -1 -1 -1 -1 -1 245423 0 15 16 15 10 3 5 2 3
0 0 0 0 3 1 6 0 2 0 3 3 6 4 3 4 3 0 0 246423 0 15 16 15 10 3 4 2 3
0 0 0 0 1 1 6 0 2 0 3 3 6 -1 -1 -1 -1 -1 -1 247423 0 15 16 15 10 3 4 2 3
0 0 0 0 1 4 6 0 2 0 3 3 6 -1 -1 -1 -1 -1 -1 248424 1 15 16 15 10 3 4 2 3
0 0 0 0 1 1 6 0 2 0 3 3 6 -1 -1 -1 -1 -1 -1 249424 0 15 16 15 10 3 4 2 3
0 0 0 0 6 1 3 0 2 0 3 3 4 6 1 4 2 0 0 250424 0 15 16 15 10 3 5 2 3
0 0 0 0 6 1 1 0 2 0 3 3 4 -1 -1 -1 -1 -1 -1 251424 0 15 16 15 10 3 5 2 3
0 0 0 0 6 4 1 0 2 0 3 3 4 -1 -1 -1 -1 -1 -1 252424 1 15 16 15 10 3 5 2 3
0 0 0 0 6 1 1 0 2 0 3 3 4 -1 -1 -1 -1 -1 -1 253425 0 15 16 15 10 3 5 2 3
0 0 0 0 6 3 1 0 2 0 3 3 4 5 0 4 1 0 0 254425 0 15 16 15 10 3 4 2 3
0 0 0 0 6 1 1 0 2 0 3 3 4 -1 -1 -1 -1 -1 -1 255425 0 15 16 15 10 3 4 2 3
0 0 0 0 6 4 1 0 2 0 3 3 4 -1 -1 -1 -1 -1 -1 256425 1 15 16 15 10 3 4 2 3
0 0 0 0 1 6 1 0 2 0 3 3 5 -1 -1 -1 -1 -1 -1 257425 0 15 16 15 10 3 4 2 3
0 0 0 0 3 6 1 0 2 0 3 3 5 4 1 4 2 0 0 258425 0 15 16 15 10 3 5 2 3
0 0 0 0 1 6 1 0 2 0 3 3 5 -1 -1 -1 -1 -1 -1 259424 0 15 16 15 10 3 5 2 3
0 0 0 0 4 6 1 0 2 0 3 3 5 -1 -1 -1 -1 -1 -1 260424 1 15 16 15 10 3 5 2 3
0 0 0 0 1 6 1 0 2 0 3 3 5 -1 -1 -1 -1 -1 -1 261424 0 15 16 15 10 3 5 2 3
0 0 0 0 1 7 1 0 2 0 3 3 5 5 1 4 2 1 1 262424 0 15 16 15 10 3 8 0 3
0 0 0 0 1 1 6 0 2 0 3 3 6 -1 -1 -1 -1 -1 -1 263423 0 15 16 15 10 3 8 0 3
0 0 0 0 1 4 6 0 2 0 3 3 6 -1 -1 -1 -1 -1 -1 264423 1 15 16 15 10 3 8 0 3
0 0 0 0 1 1 6 0 2 0 3 3 6 -1 -1 -1 -1 -1 -1 265423 0 15 16 15 10 3 8 0 3
0 0 0 0 1 3 6 0 2 0 3 3 6 5 3 4 3 0 0 266423 0 15 16 15 10 3 6 2 3
0 0 0 0 1 6 1 0 2 0 3 3 5 -1 -1 -1 -1 -1 -1 267422 0 15 16 15 10 3 6 2 3
0 0 0 0 6 1 4 0 2 0 3 3 4 -1 -1 -1 -1 -1 -1 268422 1 15 16 15 10 3 6 2 3
0 0 0 0 6 1 1 0 2 0 3 3 4 -1 -1 -1 -1 -1 -1 269422 0 15 16 15 10 3 6 2 3
0 0 0 0 7 1 1 0 2 0 3 3 4 4 1 4 2 1 1 270422 0 15 16 15 10 3 4 2 3
0 0 0 0 6 1 1 0 2 0 3 3 4 -1 -1 -1 -1 -1 -1 271222 0 15 16 16 13 3 4 2 3
0 0 0 0 6 1 4 0 2 0 3 3 4 -1 -1 -1 -1 -1 -1 271988 1 15 16 16 13 3 4 2 3
0 0 0 0 6 1 1 0 2 0 3 3 4 -1 -1 -1 -1 -1 -1 272754 0 15 16 16 13 3 4 2 3
0 0 0 0 6 3 1 0 2 0 3 3 4 5 3 4 3 0 0 273554 0 15 16 16 13 3 5 2 3
0 0 0 0 1 6 1 0 2 0 3 3 5 -1 -1 -1 -1 -1 -1 274321 0 15 16 16 13 3 5 2 3
0 0 0 0 4 6 1 0 2 0 3 3 5 -1 -1 -1 -1 -1 -1 275087 1 15 16 16 13 3 5 2 3
0 0 0 0 1 6 1 0 2 0 3 3 5 -1 -1 -1 -1 -1 -1 275854 0 15 16 16 13 3 5 2 3
0 0 0 0 1 7 1 0 2 0 3 3 5 5 3 4 3 1 1 276620 0 15 16 16 13 3 4 2 3
0 0 0 0 1 6 1 0 2 0 3 3 5 -1 -1 -1 -1 -1 -1 277387 0 15 16 16 13 3 4 2 3
0 0 0 0 4 1 6 0 2 0 3 3 6 -1 -1 -1 -1 -1 -1 278153 1 15 16 16 13 3 4 2 3
0 0 0 0 1 1 6 0 2 0 3 3 6 -1 -1 -1 -1 -1 -1 278920 0 15 16 16 13 3 4 2 3
0 0 0 0 1 1 7 0 2 0 3 3 6 6 1 4 2 1 1 279686 0 15 16 16 13 3 5 2 3
0 0 0 0 1 1 6 0 2 0 3 3 6 -1 -1 -1 -1 -1 -1 280453 0 15 16 16 13 3 5 2 3
0 0 0 0 1 4 6 0 2 0 3 3 6 -1 -1 -1 -1 -1 -1 281219 1 15 16 16 13 3 5 2 3
0 0 0 0 1 6 1 0 2 0 3 3 5 -1 -1 -1 -1 -1 -1 281986 0 15 16 16 13 3 5 2 3
0 0 0 0 1 6 3 0 2 0 3 3 5 6 0 4 1 0 0 282752 0 15 16 16 13 3 4 2 3
0 0 0 0 1 6 1 0 2 0 3 3 5 -1 -1 -1 -1 -1 -1 283552 0 15 16 16 13 3 4 2 3
0 0 0 0 4 6 1 0 2 0 3 3 5 -1 -1 -1 -1 -1 -1 284318 1 15 16 16 13 3 4 2 3
0 0 0 0 6 1 1 0 2 0 3 3 4 -1 -1 -1 -1 -1 -1 285085 0 15 16 16 13 3 4 2 3
0 0 0 0 6 1 3 0 2 0 3 3 4 6 2 4 0 0 0 285851 0 15 16 16 13 3 5 2 3
0 0 0 0 6 1 1 0 2 0 3 3 4 -1 -1 -1 -1 -1 -1 286618 0 15 16 16 13 3 5 2 3
0 0 0 0 6 4 1 0 2 0 3 3 4 -1 -1 -1 -1 -1 -1 287384 1 15 16 16 13 3 5 2 3
0 0 0 0 1 6 1 0 2 0 3 3 5 -1 -1 -1 -1 -1 -1 288151 0 15 16 16 13 3 5 2 3
0 0 0 0 1 7 1 0 2 0 3 3 5 5 1 4 2 1 1 288917 0 15 16 16 13 3 8 0 3
0 0 0 0 1 6 1 0 2 0 3 3 5 -1 -1 -1 -1 -1 -1 289684 0 15 16 16 13 3 8 0 3
0 0 0 0 4 6 1 0 2 0 3 3 5 -1 -1 -1 -1 -1 -1 290450 1 15 16 16 13 3 8 0 3
0 0 0 0 1 6 1 0 2 0 3 3 5 -1 -1 -1 -1 -1 -1 291217 0 15 16 16 13 3 8 0 3
0 0 0 0 3 1 6 0 2 0 3 3 6 4 3 4 3 0 0 291983 0 15 16 16 13 3 6 2 3
0 0 0 0 1 1 6 0 2 0 3 3 6 -1 -1 -1 -1 -1 -1 292750 0 15 16 16 13 3 6 2 3
0 0 0 0 1 4 6 0 2 0 3 3 6 -1 -1 -1 -1 -1 -1 293516 1 15 16 16 13 3 6 2 3
0 0 0 0 1 1 6 0 2 0 3 3 6 -1 -1 -1 -1 -1 -1 294316 0 15 16 16 13 3 6 2 3
0 0 0 0 1 3 6 0 2 0 3 3 6 5 1 4 2 0 0 295082 0 15 16 16 13 3 4 2 3
0 0 0 0 1 1 6 0 2 0 3 3 6 -1 -1 -1 -1 -1 -1 295849 0 15 16 16 13 3 4 2 3
0 0 0 0 4 6 1 0 2 0 3 3 5 -1 -1 -1 -1 -1 -1 296615 1 15 16 16 13 3 4 2 3
0 0 0 0 1 6 1 0 2 0 3 3 5 -1 -1 -1 -1 -1 -1 297382 0 15 16 16 13 3 4 2 3
0 0 0 0 1 6 3 0 2 0 3 3 5 6 3 4 3 0 0 298148 0 15 16 16 13 3 5 2 3
0 0 0 0 1 6 1 0 2 0 3 3 5 -1 -1 -1 -1 -1 -1 298915 0 15 16 16 13 3 5 2 3
0 0 0 0 4 6 1 0 2 0 3 3 5 -1 -1 -1 -1 -1 -1 299681 1 15 16 16 13 3 5 2 3
0 0 0 0 1 6 1 0 2 0 3 3 5 -1 -1 -1 -1 -1 -1 300448 0 15 16 16 13 3 5 2 3
0 0 0 0 1 6 3 0 2 0 3 3 5 6 2 4 0 0 0 301214 0 15 16 16 13 3 4 2 3
0 0 0 0 1 6 1 0 2 0 3 3 5 -1 -1 -1 -1 -1 -1 301981 0 15 16 16 13 3 4 2 3
0 0 0 0 4 6 1 0 2 0 3 3 5 -1 -1 -1 -1 -1 -1 302747 1 15 16 16 13 3 4 2 3
0 0 0 0 6 1 1 0 2 0 3 3 4 -1 -1 -1 -1 -1 -1 303514 0 15 16 16 13 3 4 2 3
0 0 0 0 6 1 3 0 2 0 3 3 4 6 0 4 1 0 0 304280 0 15 16 16 13 3 5 2 3
0 0 0 0 6 1 1 0 2 0 3 3 4 -1 -1 -1 -1 -1 -1 305080 0 15 16 16 13 3 5 2 3
0 0 0 0 6 4 1 0 2 0 3 3 4 -1 -1 -1 -1 -1 -1 305846 1 15 16 16 13 3 5 2 3
0 0 0 0 1 6 1 0 2 0 3 3 5 -1 -1 -1 -1 -1 -1 306613 0 15 16 16 13 3 5 2 3
0 0 0 0 1 7 1 0 2 0 3 3 5 5 3 4 3 1 1 307379 0 15 16 16 13 3 4 2 3
0 0 0 0 1 6 1 0 2 0 3 3 5 -1 -1 -1 -1 -1 -1 308146 0 15 16 16 13 3 4 2 3
0 0 0 0 4 1 6 0 2 0 3 3 6 -1 -1 -1 -1 -1 -1 308912 1 15 16 16 13 3 4 2 3
0 0 0 0 1 1 6 0 2 0 3 3 6 -1 -1 -1 -1 -1 -1 309679 0 15 16 16 13 3 4 2 3
0 0 0 0 1 3 6 0 2 0 3 3 6 5 0 4 1 0 0 310445 0 15 16 16 13 3 5 2 3
0 0 0 0 1 1 6 0 2 0 3 3 6 -1 -1 -1 -1 -1 -1 311212 0 15 16 16 13 3 5 2 3
0 0 0 0 1 4 6 0 2 0 3 3 6 -1 -1 -1 -1 -1 -1 311978 1 15 16 16 13 3 5 2 3
0 0 0 0 1 1 6 0 2 0 3 3 6 -1 -1 -1 -1 -1 -1 312745 0 15 16 16 13 3 5 2 3
0 0 0 0 1 3 6 0 2 0 3 3 6 5 3 4 3 0 0 313511 0 15 16 16 13 3 8 0 3
0 0 0 0 1 6 1 0 2 0 3 3 5 -1 -1 -1 -1 -1 -1 314278 0 15 16 16 13 3 8 0 3
0 0 0 0 1 6 4 0 2 0 3 3 5 -1 -1 -1 -1 -1 -1 315044 1 15 16 16 13 3 8 0 3
0 0 0 0 1 1 6 0 2 0 3 3 6 -1 -1 -1 -1 -1 -1 315844 0 15 16 16 13 3 8 0 3
0 0 0 0 1 1 7 0 2 0 3 3 6 6 3 4 3 1 1 316610 0 15 16 16 13 3 6 2 3
0 0 0 0 1 6 1 0 2 0 3 3 5 -1 -1 -1 -1 -1 -1 317377 0 15 16 16 13 3 6 2 3
0 0 0 0 1 6 4 0 2 0 3 3 5 -1 -1 -1 -1 -1 -1 318143 1 15 16 16 13 3 6 2 3
0 0 0 0 1 1 6 0 2 0 3 3 6 -1 -1 -1 -1 -1 -1 318910 0 15 16 16 13 3 6 2 3
0 0 0 0 1 3 6 0 2 0 3 3 6 5 1 4 2 0 0 319676 0 15 16 16 13 3 4 2 3
0 0 0 0 1 1 6 0 2 0 3 3 6 -1 -1 -1 -1 -1 -1 320443 0 15 16 16 13 3 4 2 3
0 0 0 0 4 6 1 0 2 0 3 3 5 -1 -1 -1 -1 -1 -1 321209 1 15 16 16 13 3 4 2 3
0 0 0 0 1 6 1 0 2 0 3 3 5 -1 -1 -1 -1 -1 -1 321976 0 15 16 16 13 3 4 2 3
0 0 0 0 1 7 1 0 2 0 3 3 5 5 3 4 3 1 1 322742 0 15 16 16 13 3 5 2 3
0 0 0 1 1 6 1 1 3 1 4 1 5 -1 -1 -1 -1 -1 -1 331907 0 15 16 16 60 3 8 0 5
0 0 0 1 1 6 1 1 3 1 4 1 5 -1 -1 -1 -1 -1 -1 332073 0 15 16 16 60 3 8 0 5
0 0 0 1 1 6 1 1 3 1 4 1 5 -1 -1 -1 -1 -1 -1 332240 0 15 16 16 60 3 5 2 5
0 0 0 1 1 6 1 1 3 1 4 1 5 -1 -1 -1 -1 -1 -1 332407 0 15 16 16 50.6 3 5 2 5
0 0 0 1 1 6 1 1 3 1 4 1 5 -1 -1 -1 -1 -1 -1 332673 0 15 16 16 25.5333 3 5 2 5
0 0 0 1 1 6 1 1 3 1 4 1 5 -1 -1 -1 -1 -1 -1 333406 0 15 16 16 13 3 5 2 5
0 0 0 1 1 6 1 1 3 1 4 1 5 -1 -1 -1 -1 -1 -1 334173 0 15 16 16 13 3 4 2 5
0 0 0 1 1 6 1 1 3 1 4 1 5 -1 -1 -1 -1 -1 -1 334939 0 15 16 16 13 3 4 2 5
0 0 0 1 1 6 1 1 3 1 4 1 5 -1 -1 -1 -1 -1 -1 335706 0 15 16 16 13 3 4 2 5
0 0 0 1 1 6 1 1 3 1 4 1 5 -1 -1 -1 -1 -1 -1 336472 0 15 16 16 13 3 4 2 5
0 0 0 1 3 6 1 1 3 1 4 1 5 4 4 8 3 0 0 337239 0 15 16 16 13 3 5 2 5
0 0 0 1 1 6 1 1 3 1 4 1 5 -1 -1 -1 -1 -1 -1 338005 0 15 16 16 13 3 5 2 5
0 0 0 1 1 6 1 1 3 1 4 1 5 -1 -1 -1 -1 -1 -1 338772 0 15 16 16 13 3 5 2 5
0 0 0 1 1 6 1 1 3 1 4 1 5 -1 -1 -1 -1 -1 -1 339538 0 15 16 16 13 3 5 2 5
0 0 0 3 1 6 1 1 3 1 4 1 5 3 4 5 0 0 0 340338 0 15 16 16 13 3 4 2 5
0 0 0 1 1 6 1 1 3 1 4 1 5 -1 -1 -1 -1 -1 -1 341104 0 15 16 16 13 3 4 2 5
0 0 0 1 6 1 1 1 3 1 4 1 4 -1 -1 -1 -1 -1 -1 341871 0 15 16 16 13 3 4 2 5
0 0 0 1 6 1 1 1 3 1 4 1 4 -1 -1 -1 -1 -1 -1 342637 0 15 16 16 13 3 4 2 5
0 0 0 1 6 3 1 1 3 1 4 1 4 5 4 5 0 0 0 343404 0 15 16 16 13 3 4 2 5
0 0 0 1 6 1 1 1 3 1 4 1 4 -1 -1 -1 -1 -1 -1 344170 0 15 16 16 13 3 4 2 5
0 0 0 1 6 1 1 1 3 1 4 1 4 -1 -1 -1 -1 -1 -1 344937 0 15 16 16 13 3 4 2 5
0 0 0 1 6 1 1 1 3 1 4 1 4 -1 -1 -1 -1 -1 -1 345703 0 15 16 16 13 3 4 2 5
0 0 0 1 6 1 3 1 3 1 4 1 4 6 4 8 3 0 0 346470 0 15 16 16 13 3 6 2 5
0 0 0 1 6 1 1 1 3 1 4 1 4 -1 -1 -1 -1 -1 -1 347236 0 15 16 16 13 3 6 2 5
0 0 0 1 1 6 1 1 3 1 4 1 5 -1 -1 -1 -1 -1 -1 348003 0 15 16 16 13 3 6 2 5
0 0 0 1 1 6 1 1 3 1 4 1 5 -1 -1 -1 -1 -1 -1 348769 0 15 16 16 13 3 6 2 5
0 0 0 1 3 6 1 1 3 1 4 1 5 4 4 5 0 0 0 349536 0 15 16 16 13 3 6 2 5
0 0 0 1 1 6 1 1 3 1 4 1 5 -1 -1 -1 -1 -1 -1 350302 0 15 16 16 13 3 6 2 5
0 0 0 1 1 6 1 1 3 1 4 1 5 -1 -1 -1 -1 -1 -1 351102 0 15 16 16 13 3 6 2 5
0 0 0 1 1 6 1 1 3 1 4 1 5 -1 -1 -1 -1 -1 -1 351869 0 15 16 16 13 3 6 2 5
0 0 0 1 1 6 3 1 3 1 4 1 5 6 4 8 3 0 0 352635 0 15 16 16 13 3 8 0 5
0 0 0 1 1 6 1 1 3 1 4 1 5 -1 -1 -1 -1 -1 -1 353401 0 15 16 16 13 3 8 0 5
0 0 0 1 1 6 1 1 3 1 4 1 5 -1 -1 -1 -1 -1 -1 354168 0 15 16 16 13 3 8 0 5
0 0 0 1 1 6 1 1 3 1 4 1 5 -1 -1 -1 -1 -1 -1 354934 0 15 16 16 13 3 8 0 5
0 0 0 1 1 6 3 1 3 1 4 1 5 6 4 7 2 0 0 355701 0 15 16 16 13 3 5 2 5
0 0 0 1 1 6 1 1 3 1 4 1 5 -1 -1 -1 -1 -1 -1 356467 0 15 16 16 13 3 5 2 5
0 0 0 1 1 6 1 1 3 1 4 1 5 -1 -1 -1 -1 -1 -1 357234 0 15 16 16 13 3 5 2 5
0 0 0 1 1 6 1 1 3 1 4 1 5 -1 -1 -1 -1 -1 -1 358000 0 15 16 16 13 3 5 2 5
0 0 0 1 1 6 1 3 3 1 4 1 5 7 4 7 2 0 0 358767 0 15 16 16 13 3 4 2 5
0 0 0 1 1 1 6 1 3 1 4 1 6 -1 -1 -1 -1 -1 -1 359533 0 15 16 16 13 3 4 2 5
0 0 0 1 1 1 6 1 3 1 4 1 6 -1 -1 -1 -1 -1 -1 360300 0 15 16 16 13 3 4 2 5
0 0 0 1 1 1 6 1 3 1 4 1 6 -1 -1 -1 -1 -1 -1 361066 0 15 16 16 13 3 4 2 5
0 0 0 1 1 1 7 1 3 1 4 1 6 6 4 5 0 1 1 361866 0 15 16 16 13 3 5 2 5
0 0 0 1 1 1 6 1 3 1 4 1 6 -1 -1 -1 -1 -1 -1 362633 0 15 16 16 13 3 5 2 5
0 0 0 1 1 1 6 1 3 1 4 1 6 -1 -1 -1 -1 -1 -1 363399 0 15 16 16 13 3 5 2 5
0 0 0 1 1 1 6 1 3 1 4 1 6 -1 -1 -1 -1 -1 -1 364166 0 15 16 16 13 3 5 2 5
0 0 0 1 1 3 6 1 3 1 4 1 6 5 4 5 0 0 0 364932 0 15 16 16 13 3 4 2 5
0 0 0 1 1 1 6 1 3 1 4 1 6 -1 -1 -1 -1 -1 -1 365698 0 15 16 16 13 3 4 2 5
0 0 0 1 1 6 1 1 3 1 4 1 5 -1 -1 -1 -1 -1 -1 366465 0 15 16 16 13 3 4 2 5
0 0 0 1 1 6 1 1 3 1 4 1 5 -1 -1 -1 -1 -1 -1 367231 0 15 16 16 13 3 4 2 5
0 0 0 1 1 6 3 1 3 1 4 1 5 6 4 8 3 0 0 367998 0 15 16 16 13 3 4 2 5
0 0 0 1 1 1 6 1 3 1 4 1 6 -1 -1 -1 -1 -1 -1 368764 0 15 16 16 13 3 4 2 5
0 0 0 1 1 1 1 6 3 1 4 1 7 -1 -1 -1 -1 -1 -1 369531 0 15 16 16 13 3 4 2 5
0 0 0 1 1 1 1 6 3 1 4 1 7 -1 -1 -1 -1 -1 -1 370297 0 15 16 16 13 3 4 2 5
0 0 0 1 1 1 1 7 3 1 4 1 7 7 4 7 2 1 1 371064 0 15 16 16 13 3 6 2 5
0 0 0 1 1 1 1 6 3 1 4 1 7 -1 -1 -1 -1 -1 -1 371830 0 15 16 16 13 3 6 2 5
0 0 0 1 1 1 1 6 3 1 4 1 7 -1 -1 -1 -1 -1 -1 372630 0 15 16 16 13 3 6 2 5
0 0 0 1 1 1 1 6 3 1 4 1 7 -1 -1 -1 -1 -1 -1 373397 0 15 16 16 13 3 6 2 5
0 0 0 1 1 1 1 7 3 1 4 1 7 7 4 5 0 1 1 374163 0 15 16 16 13 3 6 2 5
0 0 0 1 1 6 1 1 4 2 3 2 5 -1 -1 -1 -1 -1 -1 463175 0 15 16 15 60 3 8 0 5
0 0 0 1 1 6 1 1 4 2 3 2 5 -1 -1 -1 -1 -1 -1 463341 0 15 16 15 60 3 8 0 5
0 0 0 1 1 6 1 1 4 2 3 2 5 -1 -1 -1 -1 -1 -1 463508 0 15 16 15 60 3 4 2 5
0 0 0 1 1 6 1 1 4 2 3 2 5 -1 -1 -1 -1 -1 -1 463675 0 15 16 15 50 3 4 2 5
0 0 0 1 1 6 1 1 4 2 3 2 5 -1 -1 -1 -1 -1 -1 463974 0 15 16 15 20 3 4 2 5
0 0 0 1 1 6 1 1 4 2 3 2 5 -1 -1 -1 -1 -1 -1 464908 0 15 16 15 10 3 4 2 5
0 0 0 1 1 6 1 1 4 2 3 2 5 -1 -1 -1 -1 -1 -1 465907 0 15 16 15 10 3 5 2 5
0 0 0 1 1 6 1 1 4 2 3 2 5 -1 -1 -1 -1 -1 -1 466907 0 15 16 15 10 3 5 2 5
0 0 0 1 1 6 1 1 4 2 3 2 5 -1 -1 -1 -1 -1 -1 467907 0 15 16 15 10 3 5 2 5
0 0 0 1 1 6 1 1 4 2 3 2 5 -1 -1 -1 -1 -1 -1 468907 0 15 16 15 10 3 5 2 5
0 0 0 3 6 1 1 1 4 2 3 2 4 3 5 4 1 0 0 469906 0 15 16 15 10 3 4 2 5
0 0 0 1 6 1 1 1 4 2 3 2 4 -1 -1 -1 -1 -1 -1 470906 0 15 16 15 10 3 4 2 5
0 0 0 1 6 1 4 1 4 2 3 2 4 -1 -1 -1 -1 -1 -1 471906 1 15 16 15 10 3 4 2 5
0 0 0 1 6 1 1 1 4 2 3 2 4 -1 -1 -1 -1 -1 -1 472906 0 15 16 15 10 3 4 2 5
0 0 0 1 6 3 1 1 4 2 3 2 4 5 5 4 3 0 0 473905 0 15 16 15 10 3 6 2 5
0 0 0 1 6 1 1 1 4 2 3 2 4 -1 -1 -1 -1 -1 -1 474905 0 15 16 15 10 3 6 2 5
0 0 0 1 6 1 1 4 4 2 3 2 4 -1 -1 -1 -1 -1 -1 475905 1 15 16 15 10 3 6 2 5
0 0 0 1 6 1 1 1 4 2 3 2 4 -1 -1 -1 -1 -1 -1 476905 0 15 16 15 10 3 6 2 5
0 0 0 1 6 1 1 3 4 2 3 2 4 7 5 4 2 0 0 477904 0 15 16 15 10 3 4 2 5
0 0 0 1 6 1 1 1 4 2 3 2 4 -1 -1 -1 -1 -1 -1 478904 0 15 16 15 10 3 4 2 5
0 0 0 1 1 6 4 1 4 2 3 2 5 -1 -1 -1 -1 -1 -1 479904 1 15 16 15 10 3 4 2 5
0 0 0 1 1 6 1 1 4 2 3 2 5 -1 -1 -1 -1 -1 -1 480904 0 15 16 15 10 3 4 2 5
0 0 0 1 1 7 1 1 4 2 3 2 5 5 5 4 1 1 1 481903 0 15 16 15 10 3 4 2 5
0 0 0 1 6 1 1 1 4 2 3 2 4 -1 -1 -1 -1 -1 -1 482903 0 15 16 15 10 3 4 2 5
0 0 0 1 6 4 1 1 4 2 3 2 4 -1 -1 -1 -1 -1 -1 483903 1 15 16 15 10 3 4 2 5
0 0 0 1 6 1 1 1 4 2 3 2 4 -1 -1 -1 -1 -1 -1 484903 0 15 16 15 10 3 4 2 5
0 0 0 3 6 1 1 1 4 2 3 2 4 3 5 4 1 0 0 485902 0 15 16 15 10 3 5 2 5
0 0 0 1 6 1 1 1 4 2 3 2 4 -1 -1 -1 -1 -1 -1 486902 0 15 16 15 10 3 5 2 5
0 0 0 1 6 1 4 1 4 2 3 2 4 -1 -1 -1 -1 -1 -1 487902 1 15 16 15 10 3 5 2 5
0 0 0 1 6 1 1 1 4 2 3 2 4 -1 -1 -1 -1 -1 -1 488902 0 15 16 15 10 3 5 2 5
0 0 0 3 6 1 1 1 4 2 3 2 4 3 5 4 0 0 0 489901 0 15 16 15 10 3 8 0 5
0 0 0 1 6 1 1 1 4 2 3 2 4 -1 -1 -1 -1 -1 -1 490901 0 15 16 15 10 3 8 0 5
0 0 0 1 6 1 1 4 4 2 3 2 4 -1 -1 -1 -1 -1 -1 491901 1 15 16 15 10 3 8 0 5
0 0 0 1 6 1 1 1 4 2 3 2 4 -1 -1 -1 -1 -1 -1 492901 0 15 16 15 10 3 8 0 5
0 0 0 1 6 3 1 1 4 2 3 2 4 5 5 4 0 0 0 493900 0 15 16 15 10 3 4 2 5
0 0 0 1 6 1 1 1 4 2 3 2 4 -1 -1 -1 -1 -1 -1 494900 0 15 16 15 10 3 4 2 5
0 0 0 1 1 6 1 4 4 2 3 2 5 -1 -1 -1 -1 -1 -1 495900 1 15 16 15 10 3 4 2 5
0 0 0 1 1 6 1 1 4 2 3 2 5 -1 -1 -1 -1 -1 -1 496900 0 15 16 15 10 3 4 2 5
0 0 0 1 3 1 6 1 4 2 3 2 6 4 5 4 3 0 0 497900 0 15 16 15 10 3 5 2 5
0 0 0 1 1 1 6 1 4 2 3 2 6 -1 -1 -1 -1 -1 -1 498899 0 15 16 15 10 3 5 2 5
0 0 0 1 1 4 6 1 4 2 3 2 6 -1 -1 -1 -1 -1 -1 499899 1 15 16 15 10 3 5 2 5
0 0 0 1 1 1 6 1 4 2 3 2 6 -1 -1 -1 -1 -1 -1 500899 0 15 16 15 10 3 5 2 5
0 0 0 1 1 3 6 1 4 2 3 2 6 5 5 4 1 0 0 501899 0 15 16 15 10 3 4 2 5
0 0 0 1 1 1 6 1 4 2 3 2 6 -1 -1 -1 -1 -1 -1 502898 0 15 16 15 10 3 4 2 5
0 0 0 1 1 6 1 4 4 2 3 2 5 -1 -1 -1 -1 -1 -1 503898 1 15 16 15 10 3 4 2 5
0 0 0 1 1 6 1 1 4 2 3 2 5 -1 -1 -1 -1 -1 -1 504898 0 15 16 15 10 3 4 2 5
0 0 0 1 6 1 3 1 4 2 3 2 4 6 5 4 3 0 0 505898 0 15 16 15 10 3 6 2 5
0 0 0 1 6 1 1 1 4 2 3 2 4 -1 -1 -1 -1 -1 -1 506897 0 15 16 15 10 3 6 2 5
0 0 0 1 6 4 1 1 4 2 3 2 4 -1 -1 -1 -1 -1 -1 507897 1 15 16 15 10 3 6 2 5
0 0 0 1 6 1 1 1 4 2 3 2 4 -1 -1 -1 -1 -1 -1 508897 0 15 16 15 10 3 6 2 5
0 0 0 1 3 6 1 1 4 2 3 2 5 4 5 4 2 0 0 509897 0 15 16 15 10 3 4 2 5
0 0 0 1 1 6 1 1 4 2 3 2 5 -1 -1 -1 -1 -1 -1 510896 0 15 16 15 10 3 4 2 5
0 0 0 1 4 6 1 1 4 2 3 2 5 -1 -1 -1 -1 -1 -1 511896 1 15 16 15 10 3 4 2 5
0 0 0 1 1 6 1 1 4 2 3 2 5 -1 -1 -1 -1 -1 -1 512896 0 15 16 15 10 3 4 2 5
0 0 0 1 1 1 7 1 4 2 3 2 6 6 5 4 1 1 1 513896 0 15 16 15 10 3 4 2 5
0 0 0 1 1 1 6 1 4 2 3 2 6 -1 -1 -1 -1 -1 -1 514695 0 15 16 16 13 3 4 2 5
0 0 0 1 1 6 1 4 4 2 3 2 5 -1 -1 -1 -1 -1 -1 515462 1 15 16 16 13 3 4 2 5
0 0 0 1 1 6 1 1 4 2 3 2 5 -1 -1 -1 -1 -1 -1 516228 0 15 16 16 13 3 4 2 5
0 0 0 1 7 1 1 1 4 2 3 2 4 4 5 4 3 1 1 516895 0 15 16 16 16.25 3 5 2 5
0 0 0 1 6 1 1 1 4 2 3 2 4 -1 -1 -1 -1 -1 -1 517528 0 15 16 16 16.25 3 5 2 5
0 0 0 1 6 1 1 4 4 2 3 2 4 -1 -1 -1 -1 -1 -1 518128 1 15 16 16 15.3833 3 5 2 5
0 0 0 1 1 6 1 1 4 2 3 2 5 -1 -1 -1 -1 -1 -1 518861 0 15 16 16 13 3 5 2 5
0 0 0 1 3 6 1 1 4 2 3 2 5 4 5 4 0 0 0 519661 0 15 16 16 13 3 8 0 5
0 0 0 1 1 6 1 1 4 2 3 2 5 -1 -1 -1 -1 -1 -1 520427 0 15 16 16 13 3 8 0 5
0 0 0 4 1 6 1 1 4 2 3 2 5 -1 -1 -1 -1 -1 -1 521194 1 15 16 16 13 3 8 0 5
0 0 0 1 6 1 1 1 4 2 3 2 4 -1 -1 -1 -1 -1 -1 521960 0 15 16 16 13 3 8 0 5
0 0 0 1 8 1 2 1 4 2 3 2 4 6 5 4 1 1 0 522727 0 15 16 16 13 3 4 2 5
0 0 0 1 6 1 1 1 4 2 3 2 4 -1 -1 -1 -1 -1 -1 523693 0 15 16 15 10 3 4 2 5
0 0 0 1 6 4 1 1 4 2 3 2 4 -1 -1 -1 -1 -1 -1 524693 1 15 16 15 10 3 4 2 5
0 0 0 1 6 1 1 1 4 2 3 2 4 -1 -1 -1 -1 -1 -1 525693 0 15 16 15 10 3 4 2 5
0 0 0 1 8 1 1 1 4 2 3 2 4 4 5 4 2 0 1 526693 0 15 16 15 10 3 5 2 5
0 0 0 1 1 6 1 1 4 2 3 2 5 -1 -1 -1 -1 -1 -1 527692 0 15 16 15 10 3 5 2 5
0 0 0 1 1 6 4 1 4 2 3 2 5 -1 -1 -1 -1 -1 -1 528692 1 15 16 15 10 3 5 2 5
0 0 0 1 1 6 1 1 4 2 3 2 5 -1 -1 -1 -1 -1 -1 529692 0 15 16 15 10 3 5 2 5
0 0 0 1 1 7 1 1 4 2 3 2 5 5 5 4 0 1 1 530692 0 15 16 15 10 3 4 2 5
0 0 0 1 1 6 1 1 4 2 3 2 5 -1 -1 -1 -1 -1 -1 531691 0 15 16 15 10 3 4 2 5
0 0 0 4 6 1 1 1 4 2 3 2 4 -1 -1 -1 -1 -1 -1 532691 1 15 16 15 10 3 4 2 5
0 0 0 1 6 1 1 1 4 2 3 2 4 -1 -1 -1 -1 -1 -1 533691 0 15 16 15 10 3 4 2 5
0 0 0 1 6 3 1 1 4 2 3 2 4 5 5 4 2 0 0 534691 0 15 16 15 10 3 6 2 5
0 0 0 1 6 1 1 1 4 2 3 2 4 -1 -1 -1 -1 -1 -1 535690 0 15 16 15 10 3 6 2 5
0 0 0 1 6 1 4 1 4 2 3 2 4 -1 -1 -1 -1 -1 -1 536690 1 15 16 15 10 3 6 2 5
0 0 0 1 1 6 1 1 4 2 3 2 5 -1 -1 -1 -1 -1 -1 537690 0 15 16 15 10 3 6 2 5
0 0 0 1 3 6 1 1 4 2 3 2 5 4 5 4 0 0 0 538690 0 15 16 15 10 3 4 2 5
0 0 0 1 1 6 1 1 4 2 3 2 5 -1 -1 -1 -1 -1 -1 539689 0 15 16 15 10 3 4 2 5
0 0 0 4 6 1 1 1 4 2 3 2 4 -1 -1 -1 -1 -1 -1 540689 1 15 16 15 10 3 4 2 5
0 0 0 6 1 1 1 1 4 2 3 2 3 -1 -1 -1 -1 -1 -1 541689 0 15 16 15 10 3 4 2 5
0 0 0 8 1 1 1 1 4 2 3 2 3 3 5 4 3 0 1 542689 0 15 16 15 10 3 4 2 5
0 0 0 6 1 1 1 1 4 2 3 2 3 -1 -1 -1 -1 -1 -1 543688 0 15 16 15 10 3 4 2 5
0 0 0 6 4 1 1 1 4 2 3 2 3 -1 -1 -1 -1 -1 -1 544688 1 15 16 15 10 3 4 2 5
0 0 0 6 1 1 1 1 4 2 3 2 3 -1 -1 -1 -1 -1 -1 545688 0 15 16 15 10 3 4 2 5
0 0 0 6 3 1 1 1 4 2 3 2 3 4 5 4 1 0 0 546654 0 15 16 15 10 3 5 2 5
0 0 0 6 1 1 1 1 4 2 3 2 3 -1 -1 -1 -1 -1 -1 547687 0 15 16 15 10 3 5 2 5
0 0 0 6 1 4 1 1 4 2 3 2 3 -1 -1 -1 -1 -1 -1 548687 1 15 16 15 10 3 5 2 5
0 0 0 1 6 1 1 1 4 2 3 2 4 -1 -1 -1 -1 -1 -1 549687 0 15 16 15 10 3 5 2 5
0 0 0 1 7 1 1 1 4 2 3 2 4 4 5 4 0 1 1 550653 0 15 16 15 10 3 8 0 5
0 0 0 1 6 1 1 1 4 2 3 2 4 -1 -1 -1 -1 -1 -1 551653 0 15 16 15 10 3 8 0 5
0 0 0 1 6 1 4 1 4 2 3 2 4 -1 -1 -1 -1 -1 -1 552653 1 15 16 15 10 3 8 0 5
0 0 0 1 6 1 1 1 4 2 3 2 4 -1 -1 -1 -1 -1 -1 553653 0 15 16 15 10 3 8 0 5
0 0 0 3 6 1 1 1 4 2 3 2 4 3 5 4 0 0 0 554652 0 15 16 15 10 3 4 2 5
0 0 0 1 6 1 1 1 4 2 3 2 4 -1 -1 -1 -1 -1 -1 555652 0 15 16 15 10 3 4 2 5
0 0 0 1 6 1 1 4 4 2 3 2 4 -1 -1 -1 -1 -1 -1 556652 1 15 16 15 10 3 4 2 5
0 0 0 6 1 1 1 1 4 2 3 2 3 -1 -1 -1 -1 -1 -1 557652 0 15 16 15 10 3 4 2 5
0 0 0 8 1 1 1 1 4 2 3 2 3 3 5 4 3 0 1 558651 0 15 16 15 10 3 5 2 5
0 0 0 6 1 1 1 1 4 2 3 2 3 -1 -1 -1 -1 -1 -1 559651 0 15 16 15 10 3 5 2 5
0 0 0 1 6 1 1 4 4 2 3 2 4 -1 -1 -1 -1 -1 -1 560651 1 15 16 15 10 3 5 2 5
0 0 0 1 1 6 1 1 4 2 3 2 5 -1 -1 -1 -1 -1 -1 561651 0 15 16 15 10 3 5 2 5
0 0 0 3 1 6 1 1 4 2 3 2 5 3 5 4 1 0 0 562650 0 15 16 15 10 3 4 2 5
0 0 0 1 1 6 1 1 4 2 3 2 5 -1 -1 -1 -1 -1 -1 563650 0 15 16 15 10 3 4 2 5
0 0 0 1 4 6 1 1 4 2 3 2 5 -1 -1 -1 -1 -1 -1 564650 1 15 16 15 10 3 4 2 5
0 0 0 1 1 6 1 1 4 2 3 2 5 -1 -1 -1 -1 -1 -1 565650 0 15 16 15 10 3 4 2 5
0 0 0 1 3 6 1 1 4 2 3 2 5 4 5 4 2 0 0 566649 0 15 16 15 10 3 6 2 5
0 0 0 1 6 1 1 1 4 2 3 2 4 -1 -1 -1 -1 -1 -1 567649 0 15 16 15 10 3 6 2 5
0 0 0 1 6 4 1 1 4 2 3 2 4 -1 -1 -1 -1 -1 -1 568649 1 15 16 15 10 3 6 2 5
0 0 0 1 6 1 1 1 4 2 3 2 4 -1 -1 -1 -1 -1 -1 569649 0 15 16 15 10 3 6 2 5
0 0 0 1 7 1 1 1 4 2 3 2 4 4 5 4 3 1 1 570648 0 15 16 15 10 3 4 2 5
0 0 0 6 1 1 1 1 4 2 3 2 3 -1 -1 -1 -1 -1 -1 571648 0 15 16 15 10 3 4 2 5
0 0 0 6 4 1 1 1 4 2 3 2 3 -1 -1 -1 -1 -1 -1 572648 1 15 16 15 10 3 4 2 5
0 0 0 6 1 1 1 1 4 2 3 2 3 -1 -1 -1 -1 -1 -1 573648 0 15 16 15 10 3 4 2 5
0 0 0 7 1 1 1 1 4 2 3 2 3 3 5 4 1 1 1 574647 0 15 16 15 10 3 4 2 5
0 0 0 1 6 1 1 1 4 2 3 2 4 -1 -1 -1 -1 -1 -1 575447 0 15 16 16 13 3 4 2 5
0 0 0 1 6 1 1 4 4 2 3 2 4 -1 -1 -1 -1 -1 -1 576214 1 15 16 16 13 3 4 2 5
0 0 0 1 6 1 1 1 4 2 3 2 4 -1 -1 -1 -1 -1 -1 577014 0 15 16 16 13 3 4 2 5
0 0 0 3 6 1 1 1 4 2 3 2 4 3 5 4 0 0 0 577780 0 15 16 16 13 3 5 2 5
0 0 0 6 1 1 1 1 4 2 3 2 3 -1 -1 -1 -1 -1 -1 578547 0 15 16 16 13 3 5 2 5
0 0 0 6 4 1 1 1 4 2 3 2 3 -1 -1 -1 -1 -1 -1 579313 1 15 16 16 13 3 5 2 5
0 0 0 1 1 6 1 1 4 2 3 2 5 -1 -1 -1 -1 -1 -1 580079 0 15 16 16 13 3 5 2 5
0 0 0 1 6 3 1 1 4 2 3 2 4 5 5 4 1 0 0 580846 0 15 16 16 13 3 8 0 5
0 0 0 1 1 6 1 1 4 2 3 2 5 -1 -1 -1 -1 -1 -1 581612 0 15 16 16 13 3 8 0 5
0 0 0 4 1 6 1 1 4 2 3 2 5 -1 -1 -1 -1 -1 -1 582379 1 15 16 16 13 3 8 0 5
0 0 0 1 1 6 1 1 5 6 2 1 5 -1 -1 -1 -1 -1 -1 590177 0 15 40 16 60 3 8 0 5
0 0 0 1 1 6 1 1 5 6 2 1 5 -1 -1 -1 -1 -1 -1 590344 0 15 40 16 60 3 8 0 5
0 0 0 1 1 6 1 1 5 6 2 1 5 -1 -1 -1 -1 -1 -1 590510 0 15 40 16 60 3 4 2 5
0 0 0 1 1 6 1 1 5 6 2 1 5 -1 -1 -1 -1 -1 -1 590677 0 15 40 16 50.6 3 4 2 5
0 0 0 1 1 6 1 1 5 6 2 1 5 -1 -1 -1 -1 -1 -1 590944 0 15 40 16 25.5333 3 4 2 5
0 0 0 1 1 6 1 1 5 6 2 1 5 -1 -1 -1 -1 -1 -1 591677 0 15 40 16 13 3 4 2 5
0 0 0 1 1 6 1 1 5 6 2 1 5 -1 -1 -1 -1 -1 -1 592443 0 15 40 16 13 3 4 2 5
0 0 0 1 6 1 1 1 5 6 2 1 4 -1 -1 -1 -1 -1 -1 593210 0 15 40 16 13 3 4 2 5
0 0 0 6 1 1 1 1 5 6 2 1 3 -1 -1 -1 -1 -1 -1 593909 0 15 40 16 16.25 3 4 2 5
0 0 0 6 1 1 1 1 5 6 2 1 3 -1 -1 -1 -1 -1 -1 594509 0 15 40 16 16.25 3 4 2 5
0 0 0 7 1 1 1 1 5 6 2 1 3 3 5 4 4 1 1 595142 0 15 40 16 16.25 3 5 2 5
0 0 0 6 1 1 1 1 5 6 2 1 3 -1 -1 -1 -1 -1 -1 595842 0 15 40 16 13 3 5 2 5
0 0 0 6 1 1 1 1 5 6 2 1 3 -1 -1 -1 -1 -1 -1 596475 0 15 40 16 16.25 3 5 2 5
0 0 0 6 1 1 1 1 5 6 2 1 3 -1 -1 -1 -1 -1 -1 597075 0 15 40 16 16.25 3 5 2 5
0 0 0 7 1 1 1 1 5 6 2 1 3 3 5 4 4 1 1 597709 0 15 40 16 14.5167 3 6 2 5
0 0 0 6 1 1 1 1 5 6 2 1 3 -1 -1 -1 -1 -1 -1 598342 0 15 40 17 16 3 6 2 5
0 0 0 1 6 1 1 1 5 6 2 1 4 -1 -1 -1 -1 -1 -1 598942 0 15 40 17 20 3 6 2 5
0 0 0 1 6 1 1 1 5 6 2 1 4 -1 -1 -1 -1 -1 -1 599441 0 15 40 17 20 3 6 2 5
0 0 0 1 7 1 1 1 5 6 2 1 4 4 5 4 4 1 1 599941 0 15 40 17 20 3 5 2 5
0 0 0 1 6 1 1 1 5 6 2 1 4 -1 -1 -1 -1 -1 -1 600441 0 15 40 17 18.9333 3 5 2 5
0 0 0 6 1 1 1 1 5 6 2 1 3 -1 -1 -1 -1 -1 -1 601008 0 15 40 17 20 3 5 2 5
0 0 0 6 1 1 1 1 5 6 2 1 3 -1 -1 -1 -1 -1 -1 601508 0 15 40 17 20 3 5 2 5
0 0 0 7 1 1 1 1 5 6 2 1 3 3 5 4 4 1 1 602007 0 15 40 17 20 3 4 2 5
0 0 0 6 1 1 1 1 5 6 2 1 3 -1 -1 -1 -1 -1 -1 602441 0 15 40 18 23.75 3 4 2 5
0 0 0 1 6 1 1 1 5 6 2 1 4 -1 -1 -1 -1 -1 -1 602907 0 15 40 18 19.6333 3 4 2 5
0 0 0 1 6 1 1 1 5 6 2 1 4 -1 -1 -1 -1 -1 -1 603374 0 15 40 18 23.75 3 4 2 5
0 0 0 1 7 1 1 1 5 6 2 1 4 4 5 4 4 1 1 603774 0 15 40 18 23.75 3 4 2 5
0 0 0 1 6 1 1 1 5 6 2 1 4 -1 -1 -1 -1 -1 -1 604207 0 15 40 18 23.75 3 4 2 5
0 0 0 1 1 6 1 1 5 6 2 1 5 -1 -1 -1 -1 -1 -1 604640 0 15 40 18 23.1167 3 4 2 5
0 0 0 1 1 6 1 1 5 6 2 1 5 -1 -1 -1 -1 -1 -1 605107 0 15 40 18 23.75 3 4 2 5
0 0 0 1 1 7 1 1 5 6 2 1 5 5 5 4 4 1 1 605507 0 15 40 18 23.75 3 8 0 5
0 0 0 1 1 6 1 1 5 6 2 1 5 -1 -1 -1 -1 -1 -1 605907 0 15 40 19 26.25 3 8 0 5
0 0 0 1 6 1 1 1 5 6 2 1 4 -1 -1 -1 -1 -1 -1 606273 0 15 40 19 26.25 3 8 0 5
0 0 0 6 1 1 1 1 5 6 2 1 3 -1 -1 -1 -1 -1 -1 606673 0 15 40 19 25.2 3 8 0 5
0 0 0 7 1 1 1 1 5 6 2 1 3 3 5 4 4 1 1 607106 0 15 40 19 21 3 4 2 5
0 0 0 1 6 1 1 1 5 6 2 1 4 -1 -1 -1 -1 -1 -1 607573 0 15 40 19 21 3 4 2 5
0 0 0 1 1 6 1 1 5 6 2 1 5 -1 -1 -1 -1 -1 -1 608039 0 15 40 19 21 3 4 2 5
0 0 0 1 1 6 1 1 5 6 2 1 5 -1 -1 -1 -1 -1 -1 608539 0 15 40 19 21 3 4 2 5
0 0 0 1 1 7 1 1 5 6 2 1 5 5 5 4 4 1 1 609006 0 15 40 19 21 3 4 2 5
0 0 0 1 1 6 1 1 5 6 2 1 5 -1 -1 -1 -1 -1 -1 609472 0 15 40 20 22 3 4 2 5
0 0 0 1 1 6 1 1 5 6 2 1 5 -1 -1 -1 -1 -1 -1 609906 0 15 40 20 22 3 4 2 5
0 0 0 1 1 6 1 1 5 6 2 1 5 -1 -1 -1 -1 -1 -1 610372 0 15 40 20 22 3 4 2 5
0 0 0 1 1 7 1 1 5 6 2 1 5 5 5 4 4 1 1 610839 0 15 40 20 22 3 5 2 5
0 0 0 1 1 1 6 1 5 6 2 1 6 -1 -1 -1 -1 -1 -1 611272 0 15 40 20 22 3 5 2 5
0 0 0 1 1 1 1 6 5 6 2 1 7 -1 -1 -1 -1 -1 -1 611738 0 15 40 20 22 3 5 2 5
0 0 0 1 1 1 1 6 5 6 2 1 7 -1 -1 -1 -1 -1 -1 612172 0 15 40 20 22 3 5 2 5
0 0 0 1 1 1 1 7 5 6 2 1 7 7 5 4 4 1 1 612638 0 15 40 20 22 3 6 2 5
0 0 0 1 1 1 1 6 5 6 2 1 7 -1 -1 -1 -1 -1 -1 613071 0 15 40 21 23 3 6 2 5
0 0 0 1 1 6 1 1 5 6 2 1 5 -1 -1 -1 -1 -1 -1 613505 0 15 40 21 23 3 6 2 5
0 0 0 1 1 6 1 1 5 6 2 1 5 -1 -1 -1 -1 -1 -1 613938 0 15 40 21 23 3 6 2 5
0 0 0 1 1 7 1 1 5 6 2 1 5 5 5 4 4 1 1 614371 0 15 40 21 23 3 5 2 5
0 0 0 1 1 6 1 1 5 6 2 1 5 -1 -1 -1 -1 -1 -1 614804 0 15 40 21 23 3 5 2 5
0 0 0 1 6 1 1 1 5 6 2 1 4 -1 -1 -1 -1 -1 -1 615238 0 15 40 21 23 3 5 2 5
0 0 0 1 6 1 1 1 5 6 2 1 4 -1 -1 -1 -1 -1 -1 615671 0 15 40 21 23 3 5 2 5
0 0 0 1 7 1 1 1 5 6 2 1 4 4 5 4 4 1 1 616104 0 15 40 21 23 3 4 2 5
0 0 0 1 6 1 1 1 5 6 2 1 4 -1 -1 -1 -1 -1 -1 616537 0 15 40 22 24 3 4 2 5
0 0 0 1 1 6 1 1 5 6 2 1 5 -1 -1 -1 -1 -1 -1 616970 0 15 40 22 24 3 4 2 5
0 0 0 1 1 6 1 1 5 6 2 1 5 -1 -1 -1 -1 -1 -1 617370 0 15 40 22 24 3 4 2 5
0 0 0 1 1 7 1 1 5 6 2 1 5 5 5 4 4 1 1 617804 0 15 40 22 24 3 4 2 5
0 0 0 1 6 1 1 1 5 6 2 2 4 -1 -1 -1 -1 -1 -1 618204 0 15 40 22 24 3 4 2 5
0 0 0 6 1 1 1 1 5 6 2 2 3 -1 -1 -1 -1 -1 -1 618637 0 15 40 22 24 3 4 2 5
0 0 0 6 1 1 1 1 5 6 2 2 3 -1 -1 -1 -1 -1 -1 619037 0 15 40 22 24 3 4 2 5
0 0 0 7 1 1 1 1 5 6 2 2 3 3 5 4 4 1 1 619470 0 15 40 22 24 3 8 0 5
0 0 0 6 1 1 1 1 5 6 2 2 3 -1 -1 -1 -1 -1 -1 619870 0 15 40 23 25 3 8 0 5
0 0 0 1 6 1 4 1 5 6 2 2 4 -1 -1 -1 -1 -1 -1 620270 1 15 40 23 25 3 8 0 5
0 0 0 1 1 6 1 1 5 6 2 2 5 -1 -1 -1 -1 -1 -1 620670 0 15 40 23 25 3 8 0 5
0 0 0 1 7 1 1 1 5 6 2 2 4 4 5 4 4 1 1 621069 0 15 40 23 25 3 4 2 5
0 0 0 1 6 1 1 1 5 6 2 2 4 -1 -1 -1 -1 -1 -1 621469 0 15 40 23 25 3 4 2 5
0 0 0 1 6 4 1 1 5 6 2 2 4 -1 -1 -1 -1 -1 -1 621869 1 15 40 23 25 3 4 2 5
0 0 0 1 6 1 1 1 5 6 2 2 4 -1 -1 -1 -1 -1 -1 622269 0 15 40 23 25 3 4 2 5
0 0 0 1 7 1 1 1 5 6 2 2 4 4 5 4 4 1 1 622669 0 15 40 23 25 3 4 2 5
0 0 0 1 6 1 1 1 5 6 2 2 4 -1 -1 -1 -1 -1 -1 623036 0 15 40 24 25.5 3 4 2 5
0 0 0 6 1 4 1 1 5 6 2 2 3 -1 -1 -1 -1 -1 -1 623436 1 15 40 24 25.5 3 4 2 5
0 0 0 6 1 1 1 1 5 6 2 2 3 -1 -1 -1 -1 -1 -1 623835 0 15 40 24 25.5 3 4 2 5
0 0 0 7 1 1 1 1 5 6 2 2 3 3 5 4 4 1 1 624235 0 15 40 24 25.5 3 5 2 5
0 0 0 1 6 1 1 1 5 6 2 2 4 -1 -1 -1 -1 -1 -1 624602 0 15 40 24 25.5 3 5 2 5
0 0 0 4 6 1 1 1 5 6 2 2 4 -1 -1 -1 -1 -1 -1 625002 1 15 40 24 25.5 3 5 2 5
0 0 0 1 6 1 1 1 5 6 2 2 4 -1 -1 -1 -1 -1 -1 625402 0 15 40 24 25.5 3 5 2 5
0 0 0 1 7 1 1 1 5 6 2 2 4 4 5 4 4 1 1 625802 0 15 40 24 25.5 3 6 2 5
0 0 0 1 1 6 1 1 5 6 2 2 5 -1 -1 -1 -1 -1 -1 626168 0 15 40 25 26 3 6 2 5
0 0 0 1 4 1 6 1 5 6 2 2 6 -1 -1 -1 -1 -1 -1 626568 1 15 40 25 26 3 6 2 5
0 0 0 1 1 1 6 1 5 6 2 2 6 -1 -1 -1 -1 -1 -1 626935 0 15 40 25 26 3 6 2 5
0 0 0 1 1 1 7 1 5 6 2 2 6 6 5 4 4 1 1 627335 0 15 40 25 26 3 5 2 5
0 0 0 1 1 1 6 1 5 6 2 2 6 -1 -1 -1 -1 -1 -1 627701 0 15 40 25 26 3 5 2 5
0 0 0 1 4 1 6 1 5 6 2 2 6 -1 -1 -1 -1 -1 -1 628101 1 15 40 25 26 3 5 2 5
0 0 0 1 1 1 6 1 5 6 2 2 6 -1 -1 -1 -1 -1 -1 628501 0 15 40 25 26 3 5 2 5
0 0 0 1 1 1 7 1 5 6 2 2 6 6 5 4 4 1 1 628868 0 15 40 25 26 3 4 2 5
0 0 0 1 1 6 1 1 5 6 2 2 5 -1 -1 -1 -1 -1 -1 629234 0 15 40 26 26.5 3 4 2 5
0 0 0 1 6 1 4 1 5 6 2 2 4 -1 -1 -1 -1 -1 -1 629634 1 15 40 26 26.5 3 4 2 5
0 0 0 1 6 1 1 1 5 6 2 2 4 -1 -1 -1 -1 -1 -1 630001 0 15 40 26 26.5 3 4 2 5
0 0 0 1 7 1 1 1 5 6 2 2 4 4 5 4 4 1 1 630367 0 15 40 26 26.5 3 4 2 5
0 0 0 1 1 6 1 1 5 6 2 2 5 -1 -1 -1 -1 -1 -1 630767 0 15 40 26 26.5 3 4 2 5
0 0 0 1 4 6 1 1 5 6 2 2 5 -1 -1 -1 -1 -1 -1 631134 1 15 40 26 26.5 3 4 2 5
0 0 0 1 6 1 1 1 5 6 2 2 4 -1 -1 -1 -1 -1 -1 631500 0 15 40 26 26.5 3 4 2 5
0 0 0 1 7 1 1 1 5 6 2 2 4 4 5 4 4 1 1 631900 0 15 40 26 26.5 3 8 0 5
0 0 0 1 6 1 1 1 5 6 2 2 4 -1 -1 -1 -1 -1 -1 632267 0 15 40 27 27 3 8 0 5
0 0 0 4 1 6 1 1 5 6 2 2 5 -1 -1 -1 -1 -1 -1 632633 1 15 40 27 27 3 8 0 5
0 0 0 1 1 6 1 1 5 6 2 2 5 -1 -1 -1 -1 -1 -1 633000 0 15 40 27 27 3 8 0 5
0 0 0 1 1 7 1 1 5 6 2 2 5 5 5 4 4 1 1 633366 0 15 40 27 27 3 4 2 5
0 0 0 1 1 6 1 1 5 6 2 2 5 -1 -1 -1 -1 -1 -1 633733 0 15 40 27 27 3 4 2 5
0 0 0 1 4 6 1 1 5 6 2 2 5 -1 -1 -1 -1 -1 -1 634100 1 15 40 27 27 3 4 2 5
0 0 0 1 6 1 1 1 5 6 2 2 4 -1 -1 -1 -1 -1 -1 634466 0 15 40 27 27 3 4 2 5
0 0 0 1 7 1 1 1 5 6 2 2 4 4 5 4 4 1 1 634866 0 15 40 27 27 3 4 2 5
0 0 0 1 1 6 1 1 6 1 4 2 5 -1 -1 -1 -1 -1 -1 645297 0 15 16 16 60 3 8 0 5
0 0 0 1 1 6 1 1 6 1 4 2 5 -1 -1 -1 -1 -1 -1 645464 0 15 16 16 60 3 8 0 5
0 0 0 1 1 6 1 1 6 1 4 2 5 -1 -1 -1 -1 -1 -1 645630 0 15 16 16 60 3 4 2 5
0 0 0 1 1 6 1 1 6 1 4 2 5 -1 -1 -1 -1 -1 -1 645797 0 15 16 16 50.6 3 4 2 5
0 0 0 1 1 6 1 1 6 1 4 2 5 -1 -1 -1 -1 -1 -1 646063 0 15 16 16 25.5333 3 4 2 5
0 0 0 1 1 6 1 1 6 1 4 2 5 -1 -1 -1 -1 -1 -1 646797 0 15 16 16 13 3 4 2 5
0 0 0 1 1 6 1 1 6 1 4 2 5 -1 -1 -1 -1 -1 -1 647563 0 15 16 16 13 3 6 2 5
0 0 0 1 1 6 1 1 6 1 4 2 5 -1 -1 -1 -1 -1 -1 648329 0 15 16 16 13 3 6 2 5
0 0 0 1 1 6 1 1 6 1 4 2 5 -1 -1 -1 -1 -1 -1 649096 0 15 16 16 13 3 6 2 5
0 0 0 1 1 6 1 1 6 1 4 2 5 -1 -1 -1 -1 -1 -1 649862 0 15 16 16 13 3 6 2 5
0 0 0 1 1 6 1 3 6 1 4 2 5 7 4 8 3 0 0 650629 0 15 16 16 13 3 6 2 5
0 0 0 1 1 6 1 1 6 1 4 2 5 -1 -1 -1 -1 -1 -1 651395 0 15 16 16 13 3 6 2 5
0 0 0 1 4 6 1 1 6 1 4 2 5 -1 -1 -1 -1 -1 -1 652162 1 15 16 16 13 3 6 2 5
0 0 0 1 1 1 6 1 6 1 4 2 6 -1 -1 -1 -1 -1 -1 652928 0 15 16 16 13 3 6 2 5
0 0 0 1 1 3 6 1 6 1 4 2 6 5 4 7 2 0 0 653695 0 15 16 16 13 3 4 2 5
0 0 0 1 1 1 6 1 6 1 4 2 6 -1 -1 -1 -1 -1 -1 654495 0 15 16 16 13 3 4 2 5
0 0 0 1 1 4 6 1 6 1 4 2 6 -1 -1 -1 -1 -1 -1 655261 1 15 16 16 13 3 4 2 5
0 0 0 1 1 6 1 1 6 1 4 2 5 -1 -1 -1 -1 -1 -1 656028 0 15 16 16 13 3 4 2 5
0 0 0 1 1 6 3 1 6 1 4 2 5 6 4 5 0 0 0 656794 0 15 16 16 13 3 6 2 5
0 0 0 1 1 6 1 1 6 1 4 2 5 -1 -1 -1 -1 -1 -1 657561 0 15 16 16 13 3 6 2 5
0 0 0 4 1 6 1 1 6 1 4 2 5 -1 -1 -1 -1 -1 -1 658327 1 15 16 16 13 3 6 2 5
0 0 0 1 1 6 1 1 6 1 4 2 5 -1 -1 -1 -1 -1 -1 659094 0 15 16 16 13 3 6 2 5
0 0 0 1 3 6 1 1 6 1 4 2 5 4 4 6 1 0 0 659860 0 15 16 16 13 3 6 2 5
0 0 0 1 1 6 1 1 6 1 4 2 5 -1 -1 -1 -1 -1 -1 660626 0 15 16 16 13 3 6 2 5
0 0 0 1 1 6 4 1 6 1 4 2 5 -1 -1 -1 -1 -1 -1 661393 1 15 16 16 13 3 6 2 5
0 0 0 1 1 6 1 1 6 1 4 2 5 -1 -1 -1 -1 -1 -1 662159 0 15 16 16 13 3 6 2 5
0 0 0 1 1 6 3 1 6 1 4 2 5 6 4 7 2 0 0 662926 0 15 16 16 13 3 6 2 5
0 0 0 1 1 6 1 1 6 1 4 2 5 -1 -1 -1 -1 -1 -1 663692 0 15 16 16 13 3 6 2 5
0 0 0 1 1 6 1 4 6 1 4 2 5 -1 -1 -1 -1 -1 -1 664492 1 15 16 16 13 3 6 2 5
0 0 0 1 1 6 1 1 6 1 4 2 5 -1 -1 -1 -1 -1 -1 665259 0 15 16 16 13 3 6 2 5
0 0 0 1 1 6 1 3 6 1 4 2 5 7 4 5 0 0 0 666025 0 15 16 16 13 3 8 0 5
0 0 0 1 1 6 1 1 6 1 4 2 5 -1 -1 -1 -1 -1 -1 666792 0 15 16 16 13 3 8 0 5
0 0 0 1 1 6 4 1 6 1 4 2 5 -1 -1 -1 -1 -1 -1 667558 1 15 16 16 13 3 8 0 5
0 0 0 1 1 1 6 1 6 1 4 2 6 -1 -1 -1 -1 -1 -1 668325 0 15 16 16 13 3 8 0 5
0 0 0 1 1 1 7 1 6 1 4 2 6 6 4 5 0 1 1 669091 0 15 16 16 13 3 4 2 5
0 0 0 1 1 6 1 1 6 1 4 2 5 -1 -1 -1 -1 -1 -1 669858 0 15 16 16 13 3 4 2 5
0 0 0 1 1 6 1 4 6 1 4 2 5 -1 -1 -1 -1 -1 -1 670624 1 15 16 16 13 3 4 2 5
0 0 0 1 1 1 6 1 6 1 4 2 6 -1 -1 -1 -1 -1 -1 671391 0 15 16 16 13 3 4 2 5
0 0 0 1 3 1 6 1 6 1 4 2 6 4 4 8 3 0 0 672157 0 15 16 16 13 3 6 2 5
0 0 0 1 1 1 6 1 6 1 4 2 6 -1 -1 -1 -1 -1 -1 672923 0 15 16 16 13 3 6 2 5
0 0 0 1 1 4 6 1 6 1 4 2 6 -1 -1 -1 -1 -1 -1 673690 1 15 16 16 13 3 6 2 5
0 0 0 1 1 1 6 1 6 1 4 2 6 -1 -1 -1 -1 -1 -1 674456 0 15 16 16 13 3 6 2 5
0 0 0 1 2 1 8 1 6 1 4 2 6 4 4 7 2 1 0 675256 0 15 16 16 13 3 6 2 5
0 0 0 1 1 6 1 1 6 1 4 2 5 -1 -1 -1 -1 -1 -1 676189 0 15 16 15 10 3 6 2 5
0 0 0 1 1 6 1 4 6 1 4 2 5 -1 -1 -1 -1 -1 -1 677189 1 15 16 15 10 3 6 2 5
0 0 0 1 1 1 6 1 6 1 4 2 6 -1 -1 -1 -1 -1 -1 678189 0 15 16 15 10 3 6 2 5
0 0 0 1 1 8 1 1 6 1 4 2 5 5 4 6 1 0 1 679189 0 15 16 15 10 3 4 2 5
0 0 0 1 1 1 6 1 6 1 4 2 6 -1 -1 -1 -1 -1 -1 680188 0 15 16 15 10 3 4 2 5
0 0 0 1 4 6 1 1 6 1 4 2 5 -1 -1 -1 -1 -1 -1 681188 1 15 16 15 10 3 4 2 5
0 0 0 1 1 6 1 1 6 1 4 2 5 -1 -1 -1 -1 -1 -1 682188 0 15 16 15 10 3 4 2 5
0 0 0 1 1 8 1 1 6 1 4 2 5 5 4 7 2 0 1 683188 0 15 16 15 10 3 6 2 5
0 0 0 1 1 6 1 1 6 1 4 2 5 -1 -1 -1 -1 -1 -1 684187 0 15 16 15 10 3 6 2 5
0 0 0 1 4 6 1 1 6 1 4 2 5 -1 -1 -1 -1 -1 -1 685054 1 15 16 15 12.5 3 6 2 5
0 0 0 1 1 6 1 1 6 1 4 2 5 -1 -1 -1 -1 -1 -1 685854 0 15 16 15 12.5 3 6 2 5
0 0 0 1 1 8 1 1 6 1 4 2 5 5 4 7 2 0 1 686753 0 15 16 15 10 3 6 2 5
0 0 0 1 1 6 1 1 6 1 4 2 5 -1 -1 -1 -1 -1 -1 687753 0 15 16 15 10 3 6 2 5
0 0 0 4 1 1 1 6 6 1 4 2 7 -1 -1 -1 -1 -1 -1 688753 1 15 16 15 10 3 6 2 5
0 0 0 1 1 1 1 6 6 1 4 2 7 -1 -1 -1 -1 -1 -1 689619 0 15 16 15 12.5 3 6 2 5
0 0 0 1 1 1 1 7 6 1 4 2 7 7 4 7 2 1 1 690386 0 15 16 15 12.5 3 6 2 5
0 0 0 1 1 1 1 6 6 1 4 2 7 -1 -1 -1 -1 -1 -1 691319 0 15 16 15 10 3 6 2 5
0 0 0 4 1 1 1 6 6 1 4 2 7 -1 -1 -1 -1 -1 -1 692319 1 15 16 15 10 3 6 2 5
0 0 0 1 1 1 1 6 6 1 4 2 7 -1 -1 -1 -1 -1 -1 693152 0 15 16 15 12.5 3 6 2 5
0 0 0 1 1 1 1 8 6 1 4 2 7 7 4 8 3 0 1 693952 0 15 16 15 12.5 3 8 0 5
0 0 0 1 1 1 1 6 6 1 4 2 7 -1 -1 -1 -1 -1 -1 694851 0 15 16 15 10 3 8 0 5
0 0 0 4 1 6 1 1 6 1 4 2 5 -1 -1 -1 -1 -1 -1 695851 1 15 16 15 10 3 8 0 5
0 0 0 1 1 6 1 1 6 1 4 2 5 -1 -1 -1 -1 -1 -1 696851 0 15 16 15 10 3 8 0 5
0 0 0 1 1 6 3 1 6 1 4 2 5 6 4 6 1 0 0 697851 0 15 16 15 10 3 4 2 5
0 0 0 1 1 6 1 1 6 1 4 2 5 -1 -1 -1 -1 -1 -1 698850 0 15 16 15 10 3 4 2 5
0 0 0 1 1 6 1 4 6 1 4 2 5 -1 -1 -1 -1 -1 -1 699850 1 15 16 15 10 3 4 2 5
0 0 0 1 1 1 1 6 6 1 4 2 7 -1 -1 -1 -1 -1 -1 700850 0 15 16 15 10 3 4 2 5
0 0 0 1 1 1 1 7 6 1 4 2 7 7 4 7 2 1 1 701850 0 15 16 15 10 3 6 2 5
0 0 0 1 1 6 1 1 6 1 4 2 5 -1 -1 -1 -1 -1 -1 702850 0 15 16 15 10 3 6 2 5
0 0 0 1 1 6 1 4 6 1 4 2 5 -1 -1 -1 -1 -1 -1 703849 1 15 16 15 10 3 6 2 5
0 0 0 1 1 1 6 1 6 1 4 2 6 -1 -1 -1 -1 -1 -1 704849 0 15 16 15 10 3 6 2 5
0 0 0 1 1 1 7 1 6 1 4 2 6 6 4 7 2 1 1 705849 0 15 16 15 10 3 6 2 5
0 0 0 1 1 6 1 1 6 1 4 2 5 -1 -1 -1 -1 -1 -1 706649 0 15 16 16 13 3 6 2 5
0 0 0 1 1 6 4 1 6 1 4 2 5 -1 -1 -1 -1 -1 -1 707415 1 15 16 16 13 3 6 2 5
0 0 0 1 1 6 1 1 6 1 4 2 5 -1 -1 -1 -1 -1 -1 708215 0 15 16 16 13 3 6 2 5
0 0 0 1 1 7 1 1 6 1 4 2 5 5 4 8 3 1 1 708981 0 15 16 16 13 3 4 2 5
0 0 0 1 1 6 1 1 6 1 4 2 5 -1 -1 -1 -1 -1 -1 709748 0 15 16 16 13 3 4 2 5
0 0 0 4 1 6 1 1 6 1 4 2 5 -1 -1 -1 -1 -1 -1 710514 1 15 16 16 13 3 4 2 5
0 0 0 1 1 6 1 1 6 1 4 2 5 -1 -1 -1 -1 -1 -1 711281 0 15 16 16 13 3 4 2 5
0 0 0 1 3 6 1 1 6 1 4 2 5 4 4 5 0 0 0 712047 0 15 16 16 13 3 6 2 5
0 0 0 1 1 6 1 1 6 1 4 2 5 -1 -1 -1 -1 -1 -1 712814 0 15 16 16 13 3 6 2 5
0 0 0 1 4 6 1 1 6 1 4 2 5 -1 -1 -1 -1 -1 -1 713580 1 15 16 16 13 3 6 2 5
0 0 0 1 1 6 1 1 6 1 4 2 5 -1 -1 -1 -1 -1 -1 714347 0 15 16 16 13 3 6 2 5
0 0 0 1 3 6 1 1 6 1 4 2 5 4 4 6 1 0 0 715113 0 15 16 16 13 3 6 2 5
0 0 0 1 6 1 1 1 6 1 4 2 4 -1 -1 -1 -1 -1 -1 715880 0 15 16 16 13 3 6 2 5
0 0 0 6 1 1 1 4 6 1 4 2 3 -1 -1 -1 -1 -1 -1 716646 1 15 16 16 13 3 6 2 5
0 0 0 6 1 1 1 1 6 1 4 2 3 -1 -1 -1 -1 -1 -1 717413 0 15 16 16 13 3 6 2 5
0 0 0 7 1 1 1 1 6 1 4 2 3 3 4 7 2 1 1 718179 0 15 16 16 13 3 6 2 5
0 0 0 6 1 1 1 1 6 1 4 2 3 -1 -1 -1 -1 -1 -1 718979 0 15 16 16 13 3 6 2 5
0 0 0 1 6 1 4 1 6 1 4 2 4 -1 -1 -1 -1 -1 -1 719745 1 15 16 16 13 3 6 2 5
0 0 0 1 6 1 1 1 6 1 4 2 4 -1 -1 -1 -1 -1 -1 720512 0 15 16 16 13 3 6 2 5
0 0 0 3 6 1 1 1 6 1 4 2 4 3 4 6 1 0 0 721278 0 15 16 16 13 3 8 0 5
0 0 0 1 6 1 1 1 6 1 4 2 4 -1 -1 -1 -1 -1 -1 722045 0 15 16 16 13 3 8 0 5
0 0 0 1 6 1 1 4 6 1 4 2 4 -1 -1 -1 -1 -1 -1 722811 1 15 16 16 13 3 8 0 5
0 0 0 1 6 1 1 1 6 1 4 2 4 -1 -1 -1 -1 -1 -1 723578 0 15 16 16 13 3 8 0 5
0 0 0 1 6 3 1 1 6 1 4 2 4 5 4 7 2 0 0 724344 0 15 16 16 13 3 4 2 5
0 0 0 1 6 1 1 1 6 1 4 2 4 -1 -1 -1 -1 -1 -1 725111 0 15 16 16 13 3 4 2 5
0 0 0 1 6 1 4 1 6 1 4 2 4 -1 -1 -1 -1 -1 -1 725877 1 15 16 16 13 3 4 2 5
0 0 0 1 1 6 1 1 6 1 4 2 5 -1 -1 -1 -1 -1 -1 726644 0 15 16 16 13 3 4 2 5
0 0 0 1 1 8 1 1 6 1 4 2 5 5 4 5 0 0 1 727410 0 15 16 16 13 3 6 2 5
0 0 0 1 1 6 1 1 6 1 4 2 5 -1 -1 -1 -1 -1 -1 728377 0 15 16 15 10 3 6 2 5
0 0 0 1 1 6 1 4 6 1 4 2 5 -1 -1 -1 -1 -1 -1 729376 1 15 16 15 10 3 6 2 5
0 0 0 1 1 6 1 1 6 1 4 2 5 -1 -1 -1 -1 -1 -1 730376 0 15 16 15 10 3 6 2 5
0 0 0 1 3 6 1 1 6 1 4 2 5 4 4 8 3 0 0 731376 0 15 16 15 10 3 6 2 5
0 0 0 1 1 6 1 1 6 1 4 2 5 -1 -1 -1 -1 -1 -1 732376 0 15 16 15 10 3 6 2 5
0 0 0 1 4 6 1 1 6 1 4 2 5 -1 -1 -1 -1 -1 -1 733375 1 15 16 15 10 3 6 2 5
0 0 0 1 1 6 1 1 6 1 4 2 5 -1 -1 -1 -1 -1 -1 734375 0 15 16 15 10 3 6 2 5
0 0 0 1 1 7 1 1 6 1 4 2 5 5 4 6 1 1 1 735375 0 15 16 15 10 3 4 2 5
0 0 0 1 1 6 1 1 6 1 4 2 5 -1 -1 -1 -1 -1 -1 736375 0 15 16 15 10 3 4 2 5
0 0 0 1 1 6 1 4 6 1 4 2 5 -1 -1 -1 -1 -1 -1 737374 1 15 16 15 10 3 4 2 5
0 0 0 1 1 6 1 1 6 1 4 2 5 -1 -1 -1 -1 -1 -1 738374 0 15 16 15 10 3 4 2 5
0 0 0 1 1 8 2 1 6 1 4 2 5 6 4 7 2 1 0 739374 0 15 16 15 10 3 6 2 5
0 0 0 1 1 6 1 1 6 1 4 2 5 -1 -1 -1 -1 -1 -1 740374 0 15 16 15 10 3 6 2 5
0 0 0 4 1 6 1 1 6 1 4 2 5 -1 -1 -1 -1 -1 -1 741340 1 15 16 15 12.5 3 6 2 5
0 0 0 1 1 6 1 1 6 1 4 2 5 -1 -1 -1 -1 -1 -1 742140 0 15 16 15 12.5 3 6 2 5
0 0 0 1 1 8 1 1 6 1 4 2 5 5 4 8 3 0 1 742973 0 15 16 15 11.3333 3 6 2 5
0 0 0 1 1 6 1 1 6 1 4 2 5 -1 -1 -1 -1 -1 -1 743939 0 15 16 15 10 3 6 2 5
0 0 0 1 4 6 1 1 6 1 4 2 5 -1 -1 -1 -1 -1 -1 744739 1 15 16 15 12.5 3 6 2 5
0 0 0 1 1 6 1 1 6 1 4 2 5 -1 -1 -1 -1 -1 -1 745539 0 15 16 15 12.3333 3 6 2 5
0 0 0 1 1 7 1 1 6 1 4 2 5 5 4 8 3 1 1 746506 0 15 16 15 10 3 6 2 5
0 0 0 1 1 6 1 1 6 1 4 2 5 -1 -1 -1 -1 -1 -1 747505 0 15 16 15 10 3 6 2 5
0 0 0 1 1 6 1 4 6 1 4 2 5 -1 -1 -1 -1 -1 -1 748505 1 15 16 15 10 3 6 2 5
0 0 0 1 1 6 1 1 6 1 4 2 5 -1 -1 -1 -1 -1 -1 749505 0 15 16 15 10 3 6 2 5
0 0 0 1 3 6 1 1 6 1 4 2 5 4 4 7 2 0 0 750505 0 15 16 15 10 3 8 0 5
0 0 0 1 1 6 1 1 6 1 4 2 5 -1 -1 -1 -1 -1 -1 751504 0 15 16 15 10 3 8 0 5
0 0 0 1 1 6 1 4 6 1 4 2 5 -1 -1 -1 -1 -1 -1 752504 1 15 16 15 10 3 8 0 5
0 0 0 1 6 1 1 1 6 1 4 2 4 -1 -1 -1 -1 -1 -1 753504 0 15 16 15 10 3 8 0 5
0 0 0 1 6 3 1 1 6 1 4 2 4 5 4 8 3 0 0 754504 0 15 16 15 10 3 4 2 5
0 0 0 1 6 1 1 1 6 1 4 2 4 -1 -1 -1 -1 -1 -1 755503 0 15 16 15 10 3 4 2 5
0 0 0 1 6 4 1 1 6 1 4 2 4 -1 -1 -1 -1 -1 -1 756370 1 15 16 15 12.5 3 4 2 5
0 0 0 1 6 1 1 1 6 1 4 2 4 -1 -1 -1 -1 -1 -1 757170 0 15 16 15 12.5 3 4 2 5
0 0 0 1 8 1 1 1 6 1 4 2 4 4 4 6 1 0 1 758069 0 15 16 15 10 3 6 2 5
0 0 0 1 6 1 1 1 6 1 4 2 4 -1 -1 -1 -1 -1 -1 759069 0 15 16 15 10 3 6 2 5
0 0 0 4 1 6 1 1 6 1 4 2 5 -1 -1 -1 -1 -1 -1 760069 1 15 16 15 10 3 6 2 5
0 0 0 1 1 6 1 1 6 1 4 2 5 -1 -1 -1 -1 -1 -1 760935 0 15 16 15 12.5 3 6 2 5
0 0 0 1 1 8 1 1 6 1 4 2 5 5 4 7 2 0 1 761735 0 15 16 15 12.5 3 6 2 5
0 0 0 1 1 6 1 1 6 1 4 2 5 -1 -1 -1 -1 -1 -1 762602 0 15 16 15 10 3 6 2 5
0 0 0 1 6 1 1 4 6 1 4 2 4 -1 -1 -1 -1 -1 -1 763468 1 15 16 15 12.5 3 6 2 5
0 0 0 1 1 6 1 1 6 1 4 2 5 -1 -1 -1 -1 -1 -1 764268 0 15 16 15 12.5 3 6 2 5
0 0 0 1 1 6 1 1 7 2 3 2 5 -1 -1 -1 -1 -1 -1 782730 0 15 16 16 60 3 8 0 5
0 0 0 1 1 6 1 1 7 2 3 2 5 -1 -1 -1 -1 -1 -1 782897 0 15 16 16 60 3 8 0 5
0 0 0 1 1 6 1 1 7 2 3 2 5 -1 -1 -1 -1 -1 -1 783063 0 15 16 16 60 3 5 2 5
0 0 0 1 1 6 1 1 7 2 3 2 5 -1 -1 -1 -1 -1 -1 783230 0 15 16 16 50.6 3 5 2 5
0 0 0 1 1 6 1 1 7 2 3 2 5 -1 -1 -1 -1 -1 -1 783496 0 15 16 16 25.5333 3 5 2 5
0 0 0 1 1 6 1 1 7 2 3 2 5 -1 -1 -1 -1 -1 -1 784230 0 15 16 16 13 3 5 2 5
0 0 0 1 1 6 1 1 7 2 3 2 5 -1 -1 -1 -1 -1 -1 784996 0 15 16 16 13 3 6 2 5
0 0 0 1 1 6 1 1 7 2 3 2 5 -1 -1 -1 -1 -1 -1 785763 0 15 16 16 13 3 6 2 5
0 0 0 1 1 6 1 1 7 2 3 2 5 -1 -1 -1 -1 -1 -1 786529 0 15 16 16 13 3 6 2 5
0 0 0 1 1 6 1 1 7 2 3 2 5 -1 -1 -1 -1 -1 -1 787296 0 15 16 16 13 3 6 2 5
0 0 0 3 6 1 1 1 7 2 3 2 4 3 5 4 0 0 0 788062 0 15 16 16 13 3 5 2 5
0 0 0 1 6 1 1 1 7 2 3 2 4 -1 -1 -1 -1 -1 -1 788829 0 15 16 16 13 3 5 2 5
0 0 0 1 6 4 1 1 7 2 3 2 4 -1 -1 -1 -1 -1 -1 789595 1 15 16 16 13 3 5 2 5
0 0 0 1 6 1 1 1 7 2 3 2 4 -1 -1 -1 -1 -1 -1 790361 0 15 16 16 13 3 5 2 5
0 0 0 1 6 3 1 1 7 2 3 2 4 5 5 4 2 0 0 791161 0 15 16 16 13 3 6 2 5
0 0 0 1 6 1 1 1 7 2 3 2 4 -1 -1 -1 -1 -1 -1 791928 0 15 16 16 13 3 6 2 5
0 0 0 1 6 1 1 4 7 2 3 2 4 -1 -1 -1 -1 -1 -1 792694 1 15 16 16 13 3 6 2 5
0 0 0 1 6 1 1 1 7 2 3 2 4 -1 -1 -1 -1 -1 -1 793461 0 15 16 16 13 3 6 2 5
0 0 0 1 6 1 1 3 7 2 3 2 4 7 5 4 3 0 0 794227 0 15 16 16 13 3 6 2 5
0 0 0 1 1 6 1 1 7 2 3 2 5 -1 -1 -1 -1 -1 -1 794994 0 15 16 16 13 3 6 2 5
0 0 0 1 4 6 1 1 7 2 3 2 5 -1 -1 -1 -1 -1 -1 795760 1 15 16 16 13 3 6 2 5
0 0 0 1 1 6 1 1 7 2 3 2 5 -1 -1 -1 -1 -1 -1 796527 0 15 16 16 13 3 6 2 5
0 0 0 1 1 6 1 3 7 2 3 2 5 7 5 4 1 0 0 797293 0 15 16 16 13 3 4 2 5
0 0 0 1 1 6 1 1 7 2 3 2 5 -1 -1 -1 -1 -1 -1 798060 0 15 16 16 13 3 4 2 5
0 0 0 4 1 6 1 1 7 2 3 2 5 -1 -1 -1 -1 -1 -1 798826 1 15 16 16 13 3 4 2 5
0 0 0 1 1 6 1 1 7 2 3 2 5 -1 -1 -1 -1 -1 -1 799593 0 15 16 16 13 3 4 2 5
0 0 0 1 1 1 6 3 7 2 3 2 6 7 5 4 0 0 0 800359 0 15 16 16 13 3 4 2 5
0 0 0 1 1 1 6 1 7 2 3 2 6 -1 -1 -1 -1 -1 -1 801126 0 15 16 16 13 3 4 2 5
0 0 0 1 1 4 6 1 7 2 3 2 6 -1 -1 -1 -1 -1 -1 801925 1 15 16 16 13 3 4 2 5
0 0 0 1 1 6 1 1 7 2 3 2 5 -1 -1 -1 -1 -1 -1 802692 0 15 16 16 13 3 4 2 5
0 0 0 1 1 6 3 1 7 2 3 2 5 6 5 4 2 0 0 803458 0 15 16 16 13 3 8 0 5
0 0 0 1 1 6 1 1 7 2 3 2 5 -1 -1 -1 -1 -1 -1 804225 0 15 16 16 13 3 8 0 5
0 0 0 1 4 6 1 1 7 2 3 2 5 -1 -1 -1 -1 -1 -1 804991 1 15 16 16 13 3 8 0 5
0 0 0 1 6 1 1 1 7 2 3 2 4 -1 -1 -1 -1 -1 -1 805758 0 15 16 16 13 3 8 0 5
0 0 0 1 8 1 1 1 7 2 3 2 4 4 5 4 3 0 1 806524 0 15 16 16 13 3 5 2 5
0 0 0 1 6 1 1 1 7 2 3 2 4 -1 -1 -1 -1 -1 -1 807491 0 15 16 15 10 3 5 2 5
0 0 0 4 6 1 1 1 7 2 3 2 4 -1 -1 -1 -1 -1 -1 808490 1 15 16 15 10 3 5 2 5
0 0 0 1 1 6 1 1 7 2 3 2 5 -1 -1 -1 -1 -1 -1 809490 0 15 16 15 10 3 5 2 5
0 0 0 1 2 8 1 1 7 2 3 2 5 4 5 4 0 1 0 810490 0 15 16 15 10 3 6 2 5
0 0 0 1 1 6 1 1 7 2 3 2 5 -1 -1 -1 -1 -1 -1 811490 0 15 16 15 10 3 6 2 5
0 0 0 1 1 6 1 4 7 2 3 2 5 -1 -1 -1 -1 -1 -1 812356 1 15 16 15 12.5 3 6 2 5
0 0 0 1 1 6 1 1 7 2 3 2 5 -1 -1 -1 -1 -1 -1 813156 0 15 16 15 12.5 3 6 2 5
0 0 0 1 1 8 1 1 7 2 3 2 5 5 5 4 3 0 1 814056 0 15 16 15 10 3 5 2 5
0 0 0 1 1 6 1 1 7 2 3 2 5 -1 -1 -1 -1 -1 -1 815055 0 15 16 15 10 3 5 2 5
0 0 0 6 1 1 1 4 7 2 3 2 3 -1 -1 -1 -1 -1 -1 816055 1 15 16 15 10 3 5 2 5
0 0 0 6 1 1 1 1 7 2 3 2 3 -1 -1 -1 -1 -1 -1 816922 0 15 16 15 12.5 3 5 2 5
0 0 0 7 1 1 1 1 7 2 3 2 3 3 5 4 3 1 1 817721 0 15 16 15 12.5 3 6 2 5
0 0 0 6 1 1 1 1 7 2 3 2 3 -1 -1 -1 -1 -1 -1 818588 0 15 16 15 10 3 6 2 5
0 0 0 1 1 6 1 4 7 2 3 2 5 -1 -1 -1 -1 -1 -1 819588 1 15 16 15 10 3 6 2 5
0 0 0 1 1 6 1 1 7 2 3 2 5 -1 -1 -1 -1 -1 -1 820587 0 15 16 15 10 3 6 2 5
0 0 0 1 1 8 1 1 7 2 3 2 5 5 5 4 1 0 1 821587 0 15 16 15 10 3 6 2 5
0 0 0 1 1 6 1 1 7 2 3 2 5 -1 -1 -1 -1 -1 -1 822587 0 15 16 15 10 3 6 2 5
0 0 0 1 4 1 6 1 7 2 3 2 6 -1 -1 -1 -1 -1 -1 823587 1 15 16 15 10 3 6 2 5
0 0 0 1 1 1 1 6 7 2 3 2 7 -1 -1 -1 -1 -1 -1 824586 0 15 16 15 12.5 3 6 2 5
0 0 0 1 1 1 1 7 7 2 3 2 7 7 5 4 3 1 1 825386 0 15 16 15 12.5 3 4 2 5
0 0 0 1 1 1 1 6 7 2 3 2 7 -1 -1 -1 -1 -1 -1 826186 0 15 16 15 11.8333 3 4 2 5
0 0 0 1 1 4 1 6 7 2 3 2 7 -1 -1 -1 -1 -1 -1 827152 1 15 16 15 10 3 4 2 5
0 0 0 1 1 1 1 6 7 2 3 2 7 -1 -1 -1 -1 -1 -1 827986 0 15 16 15 12.5 3 4 2 5
0 0 0 1 1 1 3 6 7 2 3 2 7 6 5 4 2 0 0 828785 0 15 16 15 12.5 3 4 2 5
0 0 0 1 1 1 1 6 7 2 3 2 7 -1 -1 -1 -1 -1 -1 829719 0 15 16 15 10 3 4 2 5
0 0 0 4 1 1 6 1 7 2 3 2 6 -1 -1 -1 -1 -1 -1 830718 1 15 16 15 10 3 4 2 5
0 0 0 1 1 1 6 1 7 2 3 2 6 -1 -1 -1 -1 -1 -1 831551 0 15 16 15 12.5 3 4 2 5
0 0 0 1 1 1 7 1 7 2 3 2 6 6 5 4 1 1 1 832351 0 15 16 15 12.5 3 8 0 5
0 0 0 1 1 1 6 1 7 2 3 2 6 -1 -1 -1 -1 -1 -1 833051 0 15 16 16 13 3 8 0 5
0 0 0 1 4 1 6 1 7 2 3 2 6 -1 -1 -1 -1 -1 -1 833851 1 15 16 16 13 3 8 0 5
0 0 0 1 1 1 6 1 7 2 3 2 6 -1 -1 -1 -1 -1 -1 834517 0 15 16 16 16.25 3 8 0 5
0 0 0 1 1 1 7 1 7 2 3 2 6 6 5 4 3 1 1 835117 0 15 16 16 16.25 3 5 2 5
0 0 0 1 1 1 6 1 7 2 3 2 6 -1 -1 -1 -1 -1 -1 835750 0 15 16 16 15.3833 3 5 2 5
0 0 0 1 1 1 6 4 7 2 3 2 6 -1 -1 -1 -1 -1 -1 836484 1 15 16 16 13 3 5 2 5
0 0 0 1 1 1 6 1 7 2 3 2 6 -1 -1 -1 -1 -1 -1 837150 0 15 16 16 16.25 3 5 2 5
0 0 0 1 1 3 6 1 7 2 3 2 6 5 5 4 0 0 0 837750 0 15 16 16 16.25 3 6 2 5
0 0 0 1 1 1 6 1 7 2 3 2 6 -1 -1 -1 -1 -1 -1 838383 0 15 16 16 15.6 3 6 2 5
0 0 0 4 1 1 6 1 7 2 3 2 6 -1 -1 -1 -1 -1 -1 839116 1 15 16 16 13 3 6 2 5
0 0 0 1 1 1 6 1 7 2 3 2 6 -1 -1 -1 -1 -1 -1 839716 0 15 16 16 16.25 3 6 2 5
0 0 0 1 1 3 6 1 7 2 3 2 6 5 5 4 2 0 0 840349 0 15 16 16 16.25 3 5 2 5
0 0 0 1 1 1 6 1 7 2 3 2 6 -1 -1 -1 -1 -1 -1 840982 0 15 16 16 14.0833 3 5 2 5
0 0 0 1 4 1 1 6 7 2 3 2 7 -1 -1 -1 -1 -1 -1 841749 1 15 16 16 13 3 5 2 5
0 0 0 1 1 1 1 6 7 2 3 2 7 -1 -1 -1 -1 -1 -1 842415 0 15 16 16 16.25 3 5 2 5
0 0 0 1 1 1 1 8 7 2 3 2 7 7 5 4 1 0 1 843049 0 15 16 16 16.25 3 6 2 5
0 0 0 1 1 1 1 6 7 2 3 2 7 -1 -1 -1 -1 -1 -1 843815 0 15 16 15 11.5 3 6 2 5
0 0 0 1 4 6 1 1 7 2 3 2 5 -1 -1 -1 -1 -1 -1 844782 1 15 16 15 12.5 3 6 2 5
0 0 0 1 1 6 1 1 7 2 3 2 5 -1 -1 -1 -1 -1 -1 845581 0 15 16 15 12.5 3 6 2 5
0 0 0 1 1 7 1 1 7 2 3 2 5 5 5 4 0 1 1 846381 0 15 16 15 11.5 3 6 2 5
0 0 0 1 1 6 1 1 7 2 3 2 5 -1 -1 -1 -1 -1 -1 847348 0 15 16 15 10 3 6 2 5
0 0 0 1 1 6 1 4 7 2 3 2 5 -1 -1 -1 -1 -1 -1 848347 1 15 16 15 10 3 6 2 5
0 0 0 1 1 6 1 1 7 2 3 2 5 -1 -1 -1 -1 -1 -1 849347 0 15 16 15 12.5 3 6 2 5
0 0 0 1 1 6 3 1 7 2 3 2 5 6 5 4 1 0 0 850147 0 15 16 15 12.5 3 4 2 5
0 0 0 1 1 6 1 1 7 2 3 2 5 -1 -1 -1 -1 -1 -1 850947 0 15 16 15 12 3 4 2 5
0 0 0 4 1 6 1 1 7 2 3 2 5 -1 -1 -1 -1 -1 -1 851913 1 15 16 15 12.5 3 4 2 5
0 0 0 1 1 1 6 1 7 2 3 2 6 -1 -1 -1 -1 -1 -1 852713 0 15 16 15 12.5 3 4 2 5
0 0 0 1 1 1 6 3 7 2 3 2 6 7 5 4 0 0 0 853513 0 15 16 15 12.5 3 4 2 5
0 0 0 1 1 1 6 1 7 2 3 2 6 -1 -1 -1 -1 -1 -1 854313 0 15 16 15 12.5 3 4 2 5
0 0 0 1 1 4 6 1 7 2 3 2 6 -1 -1 -1 -1 -1 -1 855112 1 15 16 15 11.6667 3 4 2 5
0 0 0 1 1 6 1 1 7 2 3 2 5 -1 -1 -1 -1 -1 -1 856079 0 15 16 15 10 3 4 2 5
0 0 0 1 1 6 3 1 7 2 3 2 5 6 5 4 2 0 0 857079 0 15 16 15 10 3 8 0 5
0 0 0 1 1 6 1 1 7 2 3 2 5 -1 -1 -1 -1 -1 -1 858078 0 15 16 15 10 3 8 0 5
0 0 0 1 4 6 1 1 7 2 3 2 5 -1 -1 -1 -1 -1 -1 859078 1 15 16 15 10 3 8 0 5
0 0 0 1 1 6 1 1 7 2 3 2 5 -1 -1 -1 -1 -1 -1 859911 0 15 16 15 12.5 3 8 0 5
0 0 0 1 1 7 1 1 7 2 3 2 5 5 5 4 1 1 1 860711 0 15 16 15 12.5 3 5 2 5
0 0 0 1 1 1 6 1 7 2 3 2 6 -1 -1 -1 -1 -1 -1 861444 0 15 16 16 13 3 5 2 5
0 0 0 1 1 4 6 1 7 2 3 2 6 -1 -1 -1 -1 -1 -1 862211 1 15 16 16 13 3 5 2 5
0 0 0 1 1 1 1 6 7 2 3 2 7 -1 -1 -1 -1 -1 -1 862977 0 15 16 16 13 3 5 2 5
0 0 0 1 1 1 3 6 7 2 3 2 7 6 5 4 3 0 0 863744 0 15 16 16 13 3 6 2 5
0 0 0 1 1 1 1 6 7 2 3 2 7 -1 -1 -1 -1 -1 -1 864510 0 15 16 16 13 3 6 2 5
0 0 0 1 1 4 1 6 7 2 3 2 7 -1 -1 -1 -1 -1 -1 865277 1 15 16 16 13 3 6 2 5
0 0 0 1 1 1 6 1 7 2 3 2 6 -1 -1 -1 -1 -1 -1 866043 0 15 16 16 13 3 6 2 5
0 0 0 1 7 1 1 1 7 2 3 2 4 4 5 4 2 1 1 866809 0 15 16 16 13 3 5 2 5
0 0 0 1 6 1 1 1 7 2 3 2 4 -1 -1 -1 -1 -1 -1 867609 0 15 16 16 13 3 5 2 5
0 0 0 1 6 4 1 1 7 2 3 2 4 -1 -1 -1 -1 -1 -1 868376 1 15 16 16 13 3 5 2 5
0 0 0 1 1 6 1 1 7 2 3 2 5 -1 -1 -1 -1 -1 -1 869142 0 15 16 16 13 3 5 2 5
0 0 0 1 1 1 7 1 7 2 3 2 6 6 5 4 1 1 1 869909 0 15 16 16 13 3 6 2 5
0 0 0 1 1 1 6 1 7 2 3 2 6 -1 -1 -1 -1 -1 -1 870675 0 15 16 16 13 3 6 2 5
0 0 0 1 1 4 6 1 7 2 3 2 6 -1 -1 -1 -1 -1 -1 871442 1 15 16 16 13 3 6 2 5
0 0 0 1 1 1 6 1 7 2 3 2 6 -1 -1 -1 -1 -1 -1 872208 0 15 16 16 13 3 6 2 5
0 0 0 1 2 1 8 1 7 2 3 2 6 4 5 4 3 1 0 872975 0 15 16 16 13 3 6 2 5
0 0 0 1 1 1 6 1 7 2 3 2 6 -1 -1 -1 -1 -1 -1 873941 0 15 16 15 10 3 6 2 5
0 0 0 1 1 4 6 1 7 2 3 2 6 -1 -1 -1 -1 -1 -1 874941 1 15 16 15 10 3 6 2 5
0 0 0 1 1 1 6 1 7 2 3 2 6 -1 -1 -1 -1 -1 -1 875941 0 15 16 15 10 3 6 2 5
0 0 0 1 1 3 6 1 7 2 3 2 6 5 5 4 0 0 0 876940 0 15 16 15 10 3 4 2 5
0 0 0 1 1 1 6 1 7 2 3 2 6 -1 -1 -1 -1 -1 -1 877940 0 15 16 15 10 3 4 2 5
0 0 0 1 1 4 6 1 7 2 3 2 6 -1 -1 -1 -1 -1 -1 878940 1 15 16 15 10 3 4 2 5
0 0 0 1 1 1 1 6 7 2 3 2 7 -1 -1 -1 -1 -1 -1 879940 0 15 16 15 10 3 4 2 5
0 0 0 1 1 1 1 8 7 2 3 2 7 7 5 4 2 0 1 880939 0 15 16 15 10 3 4 2 5
0 0 0 1 1 1 6 1 7 2 3 2 6 -1 -1 -1 -1 -1 -1 881939 0 15 16 15 10 3 4 2 5
0 0 0 1 4 1 6 1 7 2 3 2 6 -1 -1 -1 -1 -1 -1 882939 1 15 16 15 10 3 4 2 5
0 0 0 1 1 1 6 1 7 2 3 2 6 -1 -1 -1 -1 -1 -1 883939 0 15 16 15 10 3 4 2 5
0 0 0 1 1 1 8 1 7 2 3 2 6 6 5 4 1 0 1 884938 0 15 16 15 10 3 8 0 5
0 0 0 1 1 1 6 1 7 2 3 2 6 -1 -1 -1 -1 -1 -1 885938 0 15 16 15 10 3 8 0 5
0 0 0 1 1 1 6 4 7 2 3 2 6 -1 -1 -1 -1 -1 -1 886871 1 15 16 15 12.5 3 8 0 5
0 0 0 1 1 1 6 1 7 2 3 2 6 -1 -1 -1 -1 -1 -1 887671 0 15 16 15 12.5 3 8 0 5
0 0 0 1 1 1 7 1 7 2 3 2 6 6 5 4 0 1 1 888504 0 15 16 15 10.3333 3 5 2 5
0 0 0 1 1 1 6 1 7 2 3 2 6 -1 -1 -1 -1 -1 -1 889504 0 15 16 15 10 3 5 2 5
0 0 0 1 1 6 1 4 7 2 3 2 5 -1 -1 -1 -1 -1 -1 890504 1 15 16 15 10 3 5 2 5
0 0 0 1 1 6 1 1 7 2 3 2 5 -1 -1 -1 -1 -1 -1 891503 0 15 16 15 10 3 5 2 5
0 0 0 1 1 6 3 1 7 2 3 2 5 6 5 4 1 0 0 892503 0 15 16 15 10 3 6 2 5
0 0 0 1 1 6 1 1 7 2 3 2 5 -1 -1 -1 -1 -1 -1 893503 0 15 16 15 10 3 6 2 5
0 0 0 1 1 6 1 4 7 2 3 2 5 -1 -1 -1 -1 -1 -1 894503 1 15 16 15 10 3 6 2 5
0 0 0 1 1 1 6 1 7 2 3 2 6 -1 -1 -1 -1 -1 -1 895502 0 15 16 15 10 3 6 2 5
0 0 0 1 1 8 3 1 7 2 3 2 5 6 5 4 3 0 1 896502 0 15 16 15 10 3 5 2 5
0 0 0 1 1 1 6 1 7 2 3 2 6 -1 -1 -1 -1 -1 -1 897502 0 15 16 15 10 3 5 2 5
0 0 0 4 1 1 6 1 7 2 3 2 6 -1 -1 -1 -1 -1 -1 898502 1 15 16 15 10 3 5 2 5
0 0 0 1 1 6 1 1 7 2 3 2 5 -1 -1 -1 -1 -1 -1 899501 0 15 16 15 10 3 5 2 5
0 0 0 1 1 6 1 3 7 2 3 2 5 7 5 4 2 0 0 900501 0 15 16 15 10 3 6 2 5
0 0 0 1 1 6 1 1 7 2 3 2 5 -1 -1 -1 -1 -1 -1 901501 0 15 16 15 10 3 6 2 5
0 0 0 1 1 6 4 1 7 2 3 2 5 -1 -1 -1 -1 -1 -1 902501 1 15 16 15 10 3 6 2 5
0 0 0 1 1 6 1 1 7 2 3 2 5 -1 -1 -1 -1 -1 -1 782730 0 15 16 16 60 3 8 0 5
0 0 0 1 1 6 1 1 7 2 3 2 5 -1 -1 -1 -1 -1 -1 782897 0 15 16 16 60 3 8 0 5
0 0 0 1 1 6 1 1 7 2 3 2 5 -1 -1 -1 -1 -1 -1 783063 0 15 16 16 60 3 5 2 5
0 0 0 1 1 6 1 1 7 2 3 2 5 -1 -1 -1 -1 -1 -1 783230 0 15 16 16 50.6 3 5 2 5
0 0 0 1 1 6 1 1 7 2 3 2 5 -1 -1 -1 -1 -1 -1 783496 0 15 16 16 25.5333 3 5 2 5
0 0 0 1 1 6 1 1 7 2 3 2 5 -1 -1 -1 -1 -1 -1 784230 0 15 16 16 13 3 5 2 5
0 0 0 1 1 6 1 1 7 2 3 2 5 -1 -1 -1 -1 -1 -1 784996 0 15 16 16 13 3 6 2 5
0 0 0 1 1 6 1 1 7 2 3 2 5 -1 -1 -1 -1 -1 -1 785763 0 15 16 16 13 3 6 2 5
0 0 0 1 1 6 1 1 7 2 3 2 5 -1 -1 -1 -1 -1 -1 786529 0 15 16 16 13 3 6 2 5
0 0 0 1 1 6 1 1 7 2 3 2 5 -1 -1 -1 -1 -1 -1 787296 0 15 16 16 13 3 6 2 5
0 0 0 3 6 1 1 1 7 2 3 2 4 3 5 4 0 0 0 788062 0 15 16 16 13 3 5 2 5
0 0 0 1 6 1 1 1 7 2 3 2 4 -1 -1 -1 -1 -1 -1 788829 0 15 16 16 13 3 5 2 5
0 0 0 1 6 4 1 1 7 2 3 2 4 -1 -1 -1 -1 -1 -1 789595 1 15 16 16 13 3 5 2 5
0 0 0 1 6 1 1 1 7 2 3 2 4 -1 -1 -1 -1 -1 -1 790361 0 15 16 16 13 3 5 2 5
0 0 0 1 6 3 1 1 7 2 3 2 4 5 5 4 2 0 0 791161 0 15 16 16 13 3 6 2 5
0 0 0 1 6 1 1 1 7 2 3 2 4 -1 -1 -1 -1 -1 -1 791928 0 15 16 16 13 3 6 2 5
0 0 0 1 6 1 1 4 7 2 3 2 4 -1 -1 -1 -1 -1 -1 792694 1 15 16 16 13 3 6 2 5
0 0 0 1 6 1 1 1 7 2 3 2 4 -1 -1 -1 -1 -1 -1 793461 0 15 16 16 13 3 6 2 5
0 0 0 1 6 1 1 3 7 2 3 2 4 7 5 4 3 0 0 794227 0 15 16 16 13 3 6 2 5
0 0 0 1 1 6 1 1 7 2 3 2 5 -1 -1 -1 -1 -1 -1 794994 0 15 16 16 13 3 6 2 5
0 0 0 1 4 6 1 1 7 2 3 2 5 -1 -1 -1 -1 -1 -1 795760 1 15 16 16 13 3 6 2 5
0 0 0 1 1 6 1 1 7 2 3 2 5 -1 -1 -1 -1 -1 -1 796527 0 15 16 16 13 3 6 2 5
0 0 0 1 1 6 1 3 7 2 3 2 5 7 5 4 1 0 0 797293 0 15 16 16 13 3 4 2 5
0 0 0 1 1 6 1 1 7 2 3 2 5 -1 -1 -1 -1 -1 -1 798060 0 15 16 16 13 3 4 2 5
0 0 0 4 1 6 1 1 7 2 3 2 5 -1 -1 -1 -1 -1 -1 798826 1 15 16 16 13 3 4 2 5
0 0 0 1 1 6 1 1 7 2 3 2 5 -1 -1 -1 -1 -1 -1 799593 0 15 16 16 13 3 4 2 5
0 0 0 1 1 1 6 3 7 2 3 2 6 7 5 4 0 0 0 800359 0 15 16 16 13 3 4 2 5
0 0 0 1 1 1 6 1 7 2 3 2 6 -1 -1 -1 -1 -1 -1 801126 0 15 16 16 13 3 4 2 5
0 0 0 1 1 4 6 1 7 2 3 2 6 -1 -1 -1 -1 -1 -1 801925 1 15 16 16 13 3 4 2 5
0 0 0 1 1 6 1 1 7 2 3 2 5 -1 -1 -1 -1 -1 -1 802692 0 15 16 16 13 3 4 2 5
0 0 0 1 1 6 3 1 7 2 3 2 5 6 5 4 2 0 0 803458 0 15 16 16 13 3 8 0 5
0 0 0 1 1 6 1 1 7 2 3 2 5 -1 -1 -1 -1 -1 -1 804225 0 15 16 16 13 3 8 0 5
0 0 0 1 4 6 1 1 7 2 3 2 5 -1 -1 -1 -1 -1 -1 804991 1 15 16 16 13 3 8 0 5
0 0 0 1 6 1 1 1 7 2 3 2 4 -1 -1 -1 -1 -1 -1 805758 0 15 16 16 13 3 8 0 5
0 0 0 1 8 1 1 1 7 2 3 2 4 4 5 4 3 0 1 806524 0 15 16 16 13 3 5 2 5
0 0 0 1 6 1 1 1 7 2 3 2 4 -1 -1 -1 -1 -1 -1 807491 0 15 16 15 10 3 5 2 5
0 0 0 4 6 1 1 1 7 2 3 2 4 -1 -1 -1 -1 -1 -1 808490 1 15 16 15 10 3 5 2 5
0 0 0 1 1 6 1 1 7 2 3 2 5 -1 -1 -1 -1 -1 -1 809490 0 15 16 15 10 3 5 2 5
0 0 0 1 2 8 1 1 7 2 3 2 5 4 5 4 0 1 0 810490 0 15 16 15 10 3 6 2 5
0 0 0 1 1 6 1 1 7 2 3 2 5 -1 -1 -1 -1 -1 -1 811490 0 15 16 15 10 3 6 2 5
0 0 0 1 1 6 1 4 7 2 3 2 5 -1 -1 -1 -1 -1 -1 812356 1 15 16 15 12.5 3 6 2 5
0 0 0 1 1 6 1 1 7 2 3 2 5 -1 -1 -1 -1 -1 -1 813156 0 15 16 15 12.5 3 6 2 5
0 0 0 1 1 8 1 1 7 2 3 2 5 5 5 4 3 0 1 814056 0 15 16 15 10 3 5 2 5
0 0 0 1 1 6 1 1 7 2 3 2 5 -1 -1 -1 -1 -1 -1 815055 0 15 16 15 10 3 5 2 5
0 0 0 6 1 1 1 4 7 2 3 2 3 -1 -1 -1 -1 -1 -1 816055 1 15 16 15 10 3 5 2 5
0 0 0 6 1 1 1 1 7 2 3 2 3 -1 -1 -1 -1 -1 -1 816922 0 15 16 15 12.5 3 5 2 5
0 0 0 7 1 1 1 1 7 2 3 2 3 3 5 4 3 1 1 817721 0 15 16 15 12.5 3 6 2 5
0 0 0 6 1 1 1 1 7 2 3 2 3 -1 -1 -1 -1 -1 -1 818588 0 15 16 15 10 3 6 2 5
0 0 0 1 1 6 1 4 7 2 3 2 5 -1 -1 -1 -1 -1 -1 819588 1 15 16 15 10 3 6 2 5
0 0 0 1 1 6 1 1 7 2 3 2 5 -1 -1 -1 -1 -1 -1 820587 0 15 16 15 10 3 6 2 5
0 0 0 1 1 8 1 1 7 2 3 2 5 5 5 4 1 0 1 821587 0 15 16 15 10 3 6 2 5
0 0 0 1 1 6 1 1 7 2 3 2 5 -1 -1 -1 -1 -1 -1 822587 0 15 16 15 10 3 6 2 5
0 0 0 1 4 1 6 1 7 2 3 2 6 -1 -1 -1 -1 -1 -1 823587 1 15 16 15 10 3 6 2 5
0 0 0 1 1 1 1 6 7 2 3 2 7 -1 -1 -1 -1 -1 -1 824586 0 15 16 15 12.5 3 6 2 5
0 0 0 1 1 1 1 7 7 2 3 2 7 7 5 4 3 1 1 825386 0 15 16 15 12.5 3 4 2 5
0 0 0 1 1 1 1 6 7 2 3 2 7 -1 -1 -1 -1 -1 -1 826186 0 15 16 15 11.8333 3 4 2 5
0 0 0 1 1 4 1 6 7 2 3 2 7 -1 -1 -1 -1 -1 -1 827152 1 15 16 15 10 3 4 2 5
0 0 0 1 1 1 1 6 7 2 3 2 7 -1 -1 -1 -1 -1 -1 827986 0 15 16 15 12.5 3 4 2 5
0 0 0 1 1 1 3 6 7 2 3 2 7 6 5 4 2 0 0 828785 0 15 16 15 12.5 3 4 2 5
0 0 0 1 1 1 1 6 7 2 3 2 7 -1 -1 -1 -1 -1 -1 829719 0 15 16 15 10 3 4 2 5
0 0 0 4 1 1 6 1 7 2 3 2 6 -1 -1 -1 -1 -1 -1 830718 1 15 16 15 10 3 4 2 5
0 0 0 1 1 1 6 1 7 2 3 2 6 -1 -1 -1 -1 -1 -1 831551 0 15 16 15 12.5 3 4 2 5
0 0 0 1 1 1 7 1 7 2 3 2 6 6 5 4 1 1 1 832351 0 15 16 15 12.5 3 8 0 5
0 0 0 1 1 1 6 1 7 2 3 2 6 -1 -1 -1 -1 -1 -1 833051 0 15 16 16 13 3 8 0 5
0 0 0 1 4 1 6 1 7 2 3 2 6 -1 -1 -1 -1 -1 -1 833851 1 15 16 16 13 3 8 0 5
0 0 0 1 1 1 6 1 7 2 3 2 6 -1 -1 -1 -1 -1 -1 834517 0 15 16 16 16.25 3 8 0 5
0 0 0 1 1 1 7 1 7 2 3 2 6 6 5 4 3 1 1 835117 0 15 16 16 16.25 3 5 2 5
0 0 0 1 1 1 6 1 7 2 3 2 6 -1 -1 -1 -1 -1 -1 835750 0 15 16 16 15.3833 3 5 2 5
0 0 0 1 1 1 6 4 7 2 3 2 6 -1 -1 -1 -1 -1 -1 836484 1 15 16 16 13 3 5 2 5
0 0 0 1 1 1 6 1 7 2 3 2 6 -1 -1 -1 -1 -1 -1 837150 0 15 16 16 16.25 3 5 2 5
0 0 0 1 1 3 6 1 7 2 3 2 6 5 5 4 0 0 0 837750 0 15 16 16 16.25 3 6 2 5
0 0 0 1 1 1 6 1 7 2 3 2 6 -1 -1 -1 -1 -1 -1 838383 0 15 16 16 15.6 3 6 2 5
0 0 0 4 1 1 6 1 7 2 3 2 6 -1 -1 -1 -1 -1 -1 839116 1 15 16 16 13 3 6 2 5
0 0 0 1 1 1 6 1 7 2 3 2 6 -1 -1 -1 -1 -1 -1 839716 0 15 16 16 16.25 3 6 2 5
0 0 0 1 1 3 6 1 7 2 3 2 6 5 5 4 2 0 0 840349 0 15 16 16 16.25 3 5 2 5
0 0 0 1 1 1 6 1 7 2 3 2 6 -1 -1 -1 -1 -1 -1 840982 0 15 16 16 14.0833 3 5 2 5
0 0 0 1 4 1 1 6 7 2 3 2 7 -1 -1 -1 -1 -1 -1 841749 1 15 16 16 13 3 5 2 5
0 0 0 1 1 1 1 6 7 2 3 2 7 -1 -1 -1 -1 -1 -1 842415 0 15 16 16 16.25 3 5 2 5
0 0 0 1 1 1 1 8 7 2 3 2 7 7 5 4 1 0 1 843049 0 15 16 16 16.25 3 6 2 5
0 0 0 1 1 1 1 6 7 2 3 2 7 -1 -1 -1 -1 -1 -1 843815 0 15 16 15 11.5 3 6 2 5
0 0 0 1 4 6 1 1 7 2 3 2 5 -1 -1 -1 -1 -1 -1 844782 1 15 16 15 12.5 3 6 2 5
0 0 0 1 1 6 1 1 7 2 3 2 5 -1 -1 -1 -1 -1 -1 845581 0 15 16 15 12.5 3 6 2 5
0 0 0 1 1 7 1 1 7 2 3 2 5 5 5 4 0 1 1 846381 0 15 16 15 11.5 3 6 2 5
0 0 0 1 1 6 1 1 7 2 3 2 5 -1 -1 -1 -1 -1 -1 847348 0 15 16 15 10 3 6 2 5
0 0 0 1 1 6 1 4 7 2 3 2 5 -1 -1 -1 -1 -1 -1 848347 1 15 16 15 10 3 6 2 5
0 0 0 1 1 6 1 1 7 2 3 2 5 -1 -1 -1 -1 -1 -1 849347 0 15 16 15 12.5 3 6 2 5
0 0 0 1 1 6 3 1 7 2 3 2 5 6 5 4 1 0 0 850147 0 15 16 15 12.5 3 4 2 5
0 0 0 1 1 6 1 1 7 2 3 2 5 -1 -1 -1 -1 -1 -1 850947 0 15 16 15 12 3 4 2 5
0 0 0 4 1 6 1 1 7 2 3 2 5 -1 -1 -1 -1 -1 -1 851913 1 15 16 15 12.5 3 4 2 5
0 0 0 1 1 1 6 1 7 2 3 2 6 -1 -1 -1 -1 -1 -1 852713 0 15 16 15 12.5 3 4 2 5
0 0 0 1 1 1 6 3 7 2 3 2 6 7 5 4 0 0 0 853513 0 15 16 15 12.5 3 4 2 5
0 0 0 1 1 1 6 1 7 2 3 2 6 -1 -1 -1 -1 -1 -1 854313 0 15 16 15 12.5 3 4 2 5
0 0 0 1 1 4 6 1 7 2 3 2 6 -1 -1 -1 -1 -1 -1 855112 1 15 16 15 11.6667 3 4 2 5
0 0 0 1 1 6 1 1 7 2 3 2 5 -1 -1 -1 -1 -1 -1 856079 0 15 16 15 10 3 4 2 5
0 0 0 1 1 6 3 1 7 2 3 2 5 6 5 4 2 0 0 857079 0 15 16 15 10 3 8 0 5
0 0 0 1 1 6 1 1 7 2 3 2 5 -1 -1 -1 -1 -1 -1 858078 0 15 16 15 10 3 8 0 5
0 0 0 1 4 6 1 1 7 2 3 2 5 -1 -1 -1 -1 -1 -1 859078 1 15 16 15 10 3 8 0 5
0 0 0 1 1 6 1 1 7 2 3 2 5 -1 -1 -1 -1 -1 -1 859911 0 15 16 15 12.5 3 8 0 5
0 0 0 1 1 7 1 1 7 2 3 2 5 5 5 4 1 1 1 860711 0 15 16 15 12.5 3 5 2 5
0 0 0 1 1 1 6 1 7 2 3 2 6 -1 -1 -1 -1 -1 -1 861444 0 15 16 16 13 3 5 2 5
0 0 0 1 1 4 6 1 7 2 3 2 6 -1 -1 -1 -1 -1 -1 862211 1 15 16 16 13 3 5 2 5
0 0 0 1 1 1 1 6 7 2 3 2 7 -1 -1 -1 -1 -1 -1 862977 0 15 16 16 13 3 5 2 5
0 0 0 1 1 1 3 6 7 2 3 2 7 6 5 4 3 0 0 863744 0 15 16 16 13 3 6 2 5
0 0 0 1 1 1 1 6 7 2 3 2 7 -1 -1 -1 -1 -1 -1 864510 0 15 16 16 13 3 6 2 5
0 0 0 1 1 4 1 6 7 2 3 2 7 -1 -1 -1 -1 -1 -1 865277 1 15 16 16 13 3 6 2 5
0 0 0 1 1 1 6 1 7 2 3 2 6 -1 -1 -1 -1 -1 -1 866043 0 15 16 16 13 3 6 2 5
0 0 0 1 7 1 1 1 7 2 3 2 4 4 5 4 2 1 1 866809 0 15 16 16 13 3 5 2 5
0 0 0 1 6 1 1 1 7 2 3 2 4 -1 -1 -1 -1 -1 -1 867609 0 15 16 16 13 3 5 2 5
0 0 0 1 6 4 1 1 7 2 3 2 4 -1 -1 -1 -1 -1 -1 868376 1 15 16 16 13 3 5 2 5
0 0 0 1 1 6 1 1 7 2 3 2 5 -1 -1 -1 -1 -1 -1 869142 0 15 16 16 13 3 5 2 5
0 0 0 1 1 1 7 1 7 2 3 2 6 6 5 4 1 1 1 869909 0 15 16 16 13 3 6 2 5
0 0 0 1 1 1 6 1 7 2 3 2 6 -1 -1 -1 -1 -1 -1 870675 0 15 16 16 13 3 6 2 5
0 0 0 1 1 4 6 1 7 2 3 2 6 -1 -1 -1 -1 -1 -1 871442 1 15 16 16 13 3 6 2 5
0 0 0 1 1 1 6 1 7 2 3 2 6 -1 -1 -1 -1 -1 -1 872208 0 15 16 16 13 3 6 2 5
0 0 0 1 2 1 8 1 7 2 3 2 6 4 5 4 3 1 0 872975 0 15 16 16 13 3 6 2 5
0 0 0 1 1 1 6 1 7 2 3 2 6 -1 -1 -1 -1 -1 -1 873941 0 15 16 15 10 3 6 2 5
0 0 0 1 1 4 6 1 7 2 3 2 6 -1 -1 -1 -1 -1 -1 874941 1 15 16 15 10 3 6 2 5
0 0 0 1 1 1 6 1 7 2 3 2 6 -1 -1 -1 -1 -1 -1 875941 0 15 16 15 10 3 6 2 5
0 0 0 1 1 3 6 1 7 2 3 2 6 5 5 4 0 0 0 876940 0 15 16 15 10 3 4 2 5
0 0 0 1 1 1 6 1 7 2 3 2 6 -1 -1 -1 -1 -1 -1 877940 0 15 16 15 10 3 4 2 5
0 0 0 1 1 4 6 1 7 2 3 2 6 -1 -1 -1 -1 -1 -1 878940 1 15 16 15 10 3 4 2 5
0 0 0 1 1 1 1 6 7 2 3 2 7 -1 -1 -1 -1 -1 -1 879940 0 15 16 15 10 3 4 2 5
0 0 0 1 1 1 1 8 7 2 3 2 7 7 5 4 2 0 1 880939 0 15 16 15 10 3 4 2 5
0 0 0 1 1 1 6 1 7 2 3 2 6 -1 -1 -1 -1 -1 -1 881939 0 15 16 15 10 3 4 2 5
0 0 0 1 4 1 6 1 7 2 3 2 6 -1 -1 -1 -1 -1 -1 882939 1 15 16 15 10 3 4 2 5
0 0 0 1 1 1 6 1 7 2 3 2 6 -1 -1 -1 -1 -1 -1 883939 0 15 16 15 10 3 4 2 5
0 0 0 1 1 1 8 1 7 2 3 2 6 6 5 4 1 0 1 884938 0 15 16 15 10 3 8 0 5
0 0 0 1 1 1 6 1 7 2 3 2 6 -1 -1 -1 -1 -1 -1 885938 0 15 16 15 10 3 8 0 5
0 0 0 1 1 1 6 4 7 2 3 2 6 -1 -1 -1 -1 -1 -1 886871 1 15 16 15 12.5 3 8 0 5
0 0 0 1 1 1 6 1 7 2 3 2 6 -1 -1 -1 -1 -1 -1 887671 0 15 16 15 12.5 3 8 0 5
0 0 0 1 1 1 7 1 7 2 3 2 6 6 5 4 0 1 1 888504 0 15 16 15 10.3333 3 5 2 5
0 0 0 1 1 1 6 1 7 2 3 2 6 -1 -1 -1 -1 -1 -1 889504 0 15 16 15 10 3 5 2 5
0 0 0 1 1 6 1 4 7 2 3 2 5 -1 -1 -1 -1 -1 -1 890504 1 15 16 15 10 3 5 2 5
0 0 0 1 1 6 1 1 7 2 3 2 5 -1 -1 -1 -1 -1 -1 891503 0 15 16 15 10 3 5 2 5
0 0 0 1 1 6 3 1 7 2 3 2 5 6 5 4 1 0 0 892503 0 15 16 15 10 3 6 2 5
0 0 0 1 1 6 1 1 7 2 3 2 5 -1 -1 -1 -1 -1 -1 893503 0 15 16 15 10 3 6 2 5
0 0 0 1 1 6 1 4 7 2 3 2 5 -1 -1 -1 -1 -1 -1 894503 1 15 16 15 10 3 6 2 5
0 0 0 1 1 1 6 1 7 2 3 2 6 -1 -1 -1 -1 -1 -1 895502 0 15 16 15 10 3 6 2 5
0 0 0 1 1 8 3 1 7 2 3 2 5 6 5 4 3 0 1 896502 0 15 16 15 10 3 5 2 5
0 0 0 1 1 1 6 1 7 2 3 2 6 -1 -1 -1 -1 -1 -1 897502 0 15 16 15 10 3 5 2 5
0 0 0 4 1 1 6 1 7 2 3 2 6 -1 -1 -1 -1 -1 -1 898502 1 15 16 15 10 3 5 2 5
0 0 0 1 1 6 1 1 7 2 3 2 5 -1 -1 -1 -1 -1 -1 899501 0 15 16 15 10 3 5 2 5
0 0 0 1 1 6 1 3 7 2 3 2 5 7 5 4 2 0 0 900501 0 15 16 15 10 3 6 2 5
0 0 0 1 1 6 1 1 7 2 3 2 5 -1 -1 -1 -1 -1 -1 901501 0 15 16 15 10 3 6 2 5
0 0 0 1 1 6 4 1 7 2 3 2 5 -1 -1 -1 -1 -1 -1 902501 1 15 16 15 10 3 6 2 5
