% Tunnel Log: 
% debug seed: 1462818053
%
% SegEncNW { '0'=no panel, '1'=panel, '4'=obstacle, '5'=collided obstacle, '6'=player, '7'=player right, '8'=player wrong, '2'=target, '3'=fake }
% SegEncN
% SegEncNE
% SegEncE
% SegEncSE
% SegEncS
% SegEncSW
% SegEncW
% Event Number { 0, inf }
% Task Type { 0=Color/Sound, 1=Shape/Sound, 2=Sound, 3=Navigation, 4=Speed, 5=Training 6=Recess, 7=Special 2-Back }
% N-Back { 0, inf }
% Navigation Level { 0, inf }
% Player Loc { 0=Northwest ... 7=West }
% Pod Loc { -1=N/A, 0=Northwest ... 7=West }
% Pod Color { -1, inf }
% Pod Shape { -1, inf }
% Pod Sound { -1, inf }
% Pod Match { -1=N/A, 0=No, 1=Yes }
% Pod Taken { -1=N/A, 0=No, 1=Yes }
% Timestamp (ms)
% Num Obstacles { 0, inf }
% Min Speed { 0, inf }
% Max Speed { 0, inf }
% Base Speed { 0, inf }
% Final Speed { 0, inf }
% Navigation Score { 0, inf }
% Segment Direction { 0=Northwest ... 7=West }
% Segment Angle { 0, inf }
% Segment Panels { 0, inf }
%
% SegEncNW SecEncN SegEncNE SegEncE SegEncSE SegEncS SegEncSW SegEncW EventNumber TaskType N-Back Navigation PlayerLoc PodLoc PodColor PodShape PodSound PodMatch PodTaken Timestamp NumObs MinSpeed MaxSpeed BaseSpeed FinalSpeed NavScore SegmentDir SegmentAngle SegmentPanels
0 0 0 0 1 6 1 0 0 3 1 0 5 -1 -1 -1 -1 -1 -1 25466 0 15 40 15 60 2 8 0 3
0 0 0 0 1 6 1 0 0 3 1 0 5 -1 -1 -1 -1 -1 -1 25566 0 15 40 15 60 2 8 0 3
0 0 0 0 1 6 1 0 0 3 1 0 5 -1 -1 -1 -1 -1 -1 25733 0 15 40 15 60 2 8 0 3
0 0 0 0 1 6 1 0 0 3 1 0 5 -1 -1 -1 -1 -1 -1 25899 0 15 40 15 60 2 5 2 3
0 0 0 0 1 6 1 0 0 3 1 0 5 -1 -1 -1 -1 -1 -1 26066 0 15 40 15 50 2 5 2 3
0 0 0 0 1 6 1 0 0 3 1 0 5 -1 -1 -1 -1 -1 -1 26366 0 15 40 15 20 2 5 2 3
0 0 0 0 1 6 1 0 0 3 1 0 5 -1 -1 -1 -1 -1 -1 27299 0 15 40 15 10 2 5 2 3
0 0 0 0 1 6 1 0 0 3 1 0 5 -1 -1 -1 -1 -1 -1 28299 0 15 40 15 10 2 4 2 3
0 0 0 0 1 6 1 0 0 3 1 0 5 -1 -1 -1 -1 -1 -1 29299 0 15 40 15 10 2 4 2 3
0 0 0 0 1 6 1 0 0 3 1 0 5 -1 -1 -1 -1 -1 -1 30133 0 15 40 15 12.5 2 4 2 3
0 0 0 0 1 6 1 0 0 3 1 0 5 -1 -1 -1 -1 -1 -1 30933 0 15 40 15 12.5 2 4 2 3
0 0 0 0 1 7 1 0 0 3 1 0 5 5 5 4 4 1 1 31833 0 15 40 15 12.5 2 4 2 3
0 0 0 0 1 6 1 0 0 3 1 0 5 -1 -1 -1 -1 -1 -1 32633 0 15 40 15 12.5 2 4 2 3
0 0 0 0 1 1 6 0 0 3 1 0 6 -1 -1 -1 -1 -1 -1 33466 0 15 40 15 11.3333 2 4 2 3
0 0 0 0 1 1 6 0 0 3 1 0 6 -1 -1 -1 -1 -1 -1 34366 0 15 40 15 12.5 2 4 2 3
0 0 0 0 1 1 7 0 0 3 1 0 6 6 5 4 4 1 1 35166 0 15 40 15 12.5 2 6 2 3
0 0 0 0 1 1 6 0 0 3 1 0 6 -1 -1 -1 -1 -1 -1 35833 0 15 40 16 15.3833 2 6 2 3
0 0 0 0 1 1 6 0 0 3 1 0 6 -1 -1 -1 -1 -1 -1 36466 0 15 40 16 16.25 2 6 2 3
0 0 0 0 1 1 6 0 0 3 1 0 6 -1 -1 -1 -1 -1 -1 37099 0 15 40 16 16.25 2 6 2 3
0 0 0 0 1 1 7 0 0 3 1 0 6 6 5 4 4 1 1 37699 0 15 40 16 16.0333 2 4 2 3
0 0 0 0 1 1 6 0 0 3 1 0 6 -1 -1 -1 -1 -1 -1 38399 0 15 40 16 16.25 2 4 2 3
0 0 0 0 1 1 6 0 0 3 1 0 6 -1 -1 -1 -1 -1 -1 38999 0 15 40 16 16.25 2 4 2 3
0 0 0 0 1 1 6 0 0 3 1 0 6 -1 -1 -1 -1 -1 -1 39633 0 15 40 16 16.25 2 4 2 3
0 0 0 1 1 1 7 1 0 3 1 0 6 6 5 4 4 1 1 40299 0 15 40 16 13 2 4 2 5
0 0 0 1 1 6 1 1 0 3 1 1 5 -1 -1 -1 -1 -1 -1 40933 0 15 40 17 16 2 4 2 5
0 0 0 1 6 1 1 1 0 3 1 1 4 -1 -1 -1 -1 -1 -1 41533 0 15 40 17 20 2 4 2 5
0 0 0 1 6 1 1 1 0 3 1 1 4 -1 -1 -1 -1 -1 -1 42033 0 15 40 17 20 2 4 2 5
0 0 0 1 7 1 1 1 0 3 1 1 4 4 5 4 4 1 1 42533 0 15 40 17 20 2 5 2 5
0 0 0 1 6 1 1 1 0 3 1 1 4 -1 -1 -1 -1 -1 -1 43033 0 15 40 17 18.6667 2 5 2 5
0 0 0 6 1 1 1 1 0 3 1 1 3 -1 -1 -1 -1 -1 -1 43599 0 15 40 17 20 2 5 2 5
0 0 0 6 1 1 1 1 0 3 1 1 3 -1 -1 -1 -1 -1 -1 44099 0 15 40 17 20 2 5 2 5
0 0 0 7 1 1 1 1 0 3 1 1 3 3 5 4 4 1 1 44599 0 15 40 17 20 2 8 0 5
0 0 0 6 1 1 1 1 0 3 1 1 3 -1 -1 -1 -1 -1 -1 45032 0 15 40 18 23.75 2 8 0 5
0 0 0 1 6 1 1 1 0 3 1 1 4 -1 -1 -1 -1 -1 -1 45499 0 15 40 18 19.3167 2 8 0 5
0 0 0 1 6 1 1 1 0 3 1 1 4 -1 -1 -1 -1 -1 -1 45932 0 15 40 18 23.75 2 8 0 5
0 0 0 1 7 1 1 1 0 3 1 1 4 4 5 4 4 1 1 46366 0 15 40 18 23.75 2 5 2 5
0 0 0 1 6 1 1 1 0 3 1 1 4 -1 -1 -1 -1 -1 -1 46799 0 15 40 18 23.75 2 5 2 5
0 0 0 1 6 1 1 1 0 3 1 1 4 -1 -1 -1 -1 -1 -1 47199 0 15 40 18 23.1167 2 5 2 5
0 0 0 1 6 1 1 1 0 3 1 1 4 -1 -1 -1 -1 -1 -1 47699 0 15 40 18 19 2 5 2 5
0 0 0 1 7 1 1 1 0 3 1 1 4 4 5 4 4 1 1 48099 0 15 40 18 23.75 2 4 2 5
0 0 0 1 6 1 1 1 0 3 1 1 4 -1 -1 -1 -1 -1 -1 48499 0 15 40 19 26.25 2 4 2 5
0 0 0 1 1 6 1 1 0 3 1 1 5 -1 -1 -1 -1 -1 -1 48866 0 15 40 19 26.25 2 4 2 5
0 0 0 1 1 6 1 1 0 3 1 1 5 -1 -1 -1 -1 -1 -1 49266 0 15 40 19 25.9 2 4 2 5
0 0 0 1 1 7 1 1 0 3 1 1 5 5 5 4 4 1 1 49666 0 15 40 19 26.25 2 4 2 5
0 0 0 1 1 6 1 1 0 3 1 1 5 -1 -1 -1 -1 -1 -1 50032 0 15 40 19 26.25 2 4 2 5
0 0 0 1 1 1 6 1 0 3 1 1 6 -1 -1 -1 -1 -1 -1 50432 0 15 40 19 26.25 2 4 2 5
0 0 0 1 1 1 6 1 0 3 1 1 6 -1 -1 -1 -1 -1 -1 50799 0 15 40 19 26.25 2 4 2 5
0 0 0 1 1 1 1 7 0 3 1 1 7 7 5 4 4 1 1 51199 0 15 40 19 24.5 2 6 2 5
0 0 0 1 1 1 1 6 0 3 1 2 7 -1 -1 -1 -1 -1 -1 51599 0 15 40 20 22 2 6 2 5
0 0 0 1 1 1 6 1 0 3 1 2 6 -1 -1 -1 -1 -1 -1 52066 0 15 40 20 22 2 6 2 5
0 0 0 1 1 6 1 1 0 3 1 2 5 -1 -1 -1 -1 -1 -1 52532 0 15 40 20 22 2 6 2 5
0 0 0 1 1 7 1 1 0 3 1 2 5 5 5 4 4 1 1 52966 0 15 40 20 22 2 4 2 5
0 0 0 1 1 1 6 1 0 3 1 2 6 -1 -1 -1 -1 -1 -1 53432 0 15 40 20 22 2 4 2 5
0 0 0 1 4 1 1 6 0 3 1 2 7 -1 -1 -1 -1 -1 -1 53899 1 15 40 20 22 2 4 2 5
0 0 0 1 1 1 1 6 0 3 1 2 7 -1 -1 -1 -1 -1 -1 54332 0 15 40 20 22 2 4 2 5
0 0 0 1 1 1 1 7 0 3 1 2 7 7 5 4 4 1 1 54799 0 15 40 20 22 2 4 2 5
0 0 0 1 1 1 1 6 0 3 1 2 7 -1 -1 -1 -1 -1 -1 55232 0 15 40 21 23 2 4 2 5
0 0 0 1 1 1 4 6 0 3 1 2 7 -1 -1 -1 -1 -1 -1 55666 1 15 40 21 23 2 4 2 5
0 0 0 1 1 1 6 1 0 3 1 2 6 -1 -1 -1 -1 -1 -1 56099 0 15 40 21 23 2 4 2 5
0 0 0 1 1 1 7 1 0 3 1 2 6 6 5 4 4 1 1 56532 0 15 40 21 23 2 5 2 5
0 0 0 1 1 1 6 1 0 3 1 2 6 -1 -1 -1 -1 -1 -1 56966 0 15 40 21 23 2 5 2 5
0 0 0 1 1 4 6 1 0 3 1 2 6 -1 -1 -1 -1 -1 -1 57399 1 15 40 21 23 2 5 2 5
0 0 0 1 1 6 1 1 0 3 1 2 5 -1 -1 -1 -1 -1 -1 57832 0 15 40 21 23 2 5 2 5
0 0 0 1 1 7 1 1 0 3 1 2 5 5 5 4 4 1 1 58266 0 15 40 21 23 2 8 0 5
0 0 0 1 1 6 1 1 0 3 1 2 5 -1 -1 -1 -1 -1 -1 58699 0 15 40 22 24 2 8 0 5
0 0 0 1 4 6 1 1 0 3 1 2 5 -1 -1 -1 -1 -1 -1 59099 1 15 40 22 24 2 8 0 5
0 0 0 1 6 1 1 1 0 3 1 2 4 -1 -1 -1 -1 -1 -1 59532 0 15 40 22 24 2 8 0 5
0 0 0 1 7 1 1 1 0 3 1 2 4 4 5 4 4 1 1 59932 0 15 40 22 24 2 5 2 5
0 0 0 1 6 1 1 1 0 3 1 2 4 -1 -1 -1 -1 -1 -1 60366 0 15 40 22 24 2 5 2 5
0 0 0 1 6 1 4 1 0 3 1 2 4 -1 -1 -1 -1 -1 -1 60766 1 15 40 22 24 2 5 2 5
0 0 0 1 6 1 1 1 0 3 1 2 4 -1 -1 -1 -1 -1 -1 61199 0 15 40 22 24 2 5 2 5
0 0 0 1 7 1 1 1 0 3 1 2 4 4 5 4 4 1 1 61599 0 15 40 22 24 2 4 2 5
0 0 0 1 6 1 1 1 0 3 1 2 4 -1 -1 -1 -1 -1 -1 61999 0 15 40 23 25 2 4 2 5
0 0 0 1 6 4 1 1 0 3 1 2 4 -1 -1 -1 -1 -1 -1 62399 1 15 40 23 25 2 4 2 5
0 0 0 1 1 6 1 1 0 3 1 2 5 -1 -1 -1 -1 -1 -1 62799 0 15 40 23 25 2 4 2 5
0 0 0 1 1 7 1 1 0 3 1 2 5 5 5 4 4 1 1 63199 0 15 40 23 25 2 4 2 5
0 0 0 1 1 6 1 1 0 3 1 2 5 -1 -1 -1 -1 -1 -1 63599 0 15 40 23 25 2 4 2 5
0 0 0 4 1 6 1 1 0 3 1 2 5 -1 -1 -1 -1 -1 -1 63999 1 15 40 23 25 2 4 2 5
0 0 0 1 1 6 1 1 0 3 1 2 5 -1 -1 -1 -1 -1 -1 64399 0 15 40 23 25 2 4 2 5
0 0 0 1 1 7 1 1 0 3 1 2 5 5 5 4 4 1 1 64799 0 15 40 23 25 2 6 2 5
0 0 0 1 1 6 1 1 0 3 1 2 5 -1 -1 -1 -1 -1 -1 65199 0 15 40 24 25.5 2 6 2 5
0 0 0 4 1 6 1 1 0 3 1 2 5 -1 -1 -1 -1 -1 -1 65599 1 15 40 24 25.5 2 6 2 5
0 0 0 1 1 6 1 1 0 3 1 2 5 -1 -1 -1 -1 -1 -1 65999 0 15 40 24 25.5 2 6 2 5
0 0 0 1 1 7 1 1 0 3 1 2 5 5 5 4 4 1 1 66366 0 15 40 24 25.5 2 4 2 5
0 0 0 1 1 1 6 1 0 3 1 2 6 -1 -1 -1 -1 -1 -1 66765 0 15 40 24 25.5 2 4 2 5
0 0 0 1 1 4 1 6 0 3 1 2 7 -1 -1 -1 -1 -1 -1 67165 1 15 40 24 25.5 2 4 2 5
0 0 0 1 1 1 1 6 0 3 1 2 7 -1 -1 -1 -1 -1 -1 67565 0 15 40 24 25.5 2 4 2 5
0 0 0 1 1 1 1 7 0 3 1 2 7 7 5 4 4 1 1 67932 0 15 40 24 25.5 2 4 2 5
0 0 0 1 1 1 1 6 0 3 1 2 7 -1 -1 -1 -1 -1 -1 68332 0 15 40 25 26 2 4 2 5
0 0 0 4 1 1 6 1 0 3 1 2 6 -1 -1 -1 -1 -1 -1 68732 1 15 40 25 26 2 4 2 5
0 0 0 1 1 1 6 1 0 3 1 2 6 -1 -1 -1 -1 -1 -1 69099 0 15 40 25 26 2 4 2 5
0 0 0 1 1 1 7 1 0 3 1 2 6 6 5 4 4 1 1 69499 0 15 40 25 26 2 5 2 5
0 0 0 1 1 1 6 1 0 3 1 2 6 -1 -1 -1 -1 -1 -1 69865 0 15 40 25 26 2 5 2 5
0 0 0 4 1 1 1 6 0 3 1 2 7 -1 -1 -1 -1 -1 -1 70265 1 15 40 25 26 2 5 2 5
0 0 0 1 1 1 1 6 0 3 1 2 7 -1 -1 -1 -1 -1 -1 70632 0 15 40 25 26 2 5 2 5
0 0 0 1 1 1 1 7 0 3 1 2 7 7 5 4 4 1 1 71032 0 15 40 25 26 2 8 0 5
0 0 0 1 1 1 1 6 0 3 1 2 7 -1 -1 -1 -1 -1 -1 71399 0 15 40 26 26.5 2 8 0 5
0 0 0 1 1 1 4 6 0 3 1 2 7 -1 -1 -1 -1 -1 -1 71765 1 15 40 26 26.5 2 8 0 5
0 0 0 1 1 1 1 6 0 3 1 2 7 -1 -1 -1 -1 -1 -1 72165 0 15 40 26 26.5 2 8 0 5
0 0 0 1 1 1 1 7 0 3 1 2 7 7 5 4 4 1 1 72532 0 15 40 26 26.5 2 5 2 5
0 0 0 1 1 1 6 1 0 3 1 2 6 -1 -1 -1 -1 -1 -1 72899 0 15 40 26 26.5 2 5 2 5
0 0 0 1 1 6 1 4 0 3 1 2 5 -1 -1 -1 -1 -1 -1 73299 1 15 40 26 26.5 2 5 2 5
0 0 0 1 1 6 1 1 0 3 1 2 5 -1 -1 -1 -1 -1 -1 73665 0 15 40 26 26.5 2 5 2 5
0 0 0 1 1 7 1 1 0 3 1 2 5 5 5 4 4 1 1 74032 0 15 40 26 26.5 2 4 2 5
0 0 0 1 1 6 1 1 0 3 1 2 5 -1 -1 -1 -1 -1 -1 74399 0 15 40 27 27 2 4 2 5
0 0 0 4 1 1 6 1 0 3 1 2 6 -1 -1 -1 -1 -1 -1 74799 1 15 40 27 27 2 4 2 5
0 0 0 1 1 1 6 1 0 3 1 2 6 -1 -1 -1 -1 -1 -1 75165 0 15 40 27 27 2 4 2 5
0 0 0 1 1 1 7 1 0 3 1 2 6 6 5 4 4 1 1 75532 0 15 40 27 27 2 4 2 5
0 0 0 1 1 1 6 1 0 3 1 2 6 -1 -1 -1 -1 -1 -1 75899 0 15 40 27 27 2 4 2 5
0 0 0 4 1 6 1 1 0 3 1 2 5 -1 -1 -1 -1 -1 -1 76265 1 15 40 27 27 2 4 2 5
0 0 0 1 1 6 1 1 0 3 1 2 5 -1 -1 -1 -1 -1 -1 76632 0 15 40 27 27 2 4 2 5
0 0 0 1 1 7 1 1 0 3 1 2 5 5 5 4 4 1 1 76999 0 15 40 27 27 2 6 2 5
0 0 0 1 1 6 1 1 0 3 1 2 5 -1 -1 -1 -1 -1 -1 77365 0 15 40 28 27.5 2 6 2 5
0 0 0 4 1 1 6 1 0 3 1 2 6 -1 -1 -1 -1 -1 -1 77732 1 15 40 28 27.5 2 6 2 5
0 0 0 1 1 1 1 6 0 3 1 2 7 -1 -1 -1 -1 -1 -1 78099 0 15 40 28 27.5 2 6 2 5
0 0 0 1 1 1 1 7 0 3 1 2 7 7 5 4 4 1 1 78465 0 15 40 28 27.5 2 4 2 5
0 0 0 1 1 1 1 6 0 3 1 2 7 -1 -1 -1 -1 -1 -1 78832 0 15 40 28 27.5 2 4 2 5
0 0 0 1 4 6 1 1 0 3 1 2 5 -1 -1 -1 -1 -1 -1 79199 1 15 40 28 27.5 2 4 2 5
0 0 0 1 1 6 1 1 0 3 1 2 5 -1 -1 -1 -1 -1 -1 79565 0 15 40 28 27.5 2 4 2 5
0 0 0 1 1 7 1 1 0 3 1 2 5 5 5 4 4 1 1 79899 0 15 40 28 27.5 2 4 2 5
0 0 0 1 1 6 1 1 0 3 1 2 5 -1 -1 -1 -1 -1 -1 80265 0 15 40 29 28 2 4 2 5
0 0 0 1 1 6 4 1 0 3 1 2 5 -1 -1 -1 -1 -1 -1 80632 1 15 40 29 28 2 4 2 5
0 0 0 1 1 1 6 1 0 3 1 2 6 -1 -1 -1 -1 -1 -1 80999 0 15 40 29 28 2 4 2 5
0 0 0 1 1 1 7 1 0 3 1 2 6 6 5 4 4 1 1 81332 0 15 40 29 28 2 5 2 5
0 0 0 1 1 1 6 1 0 3 1 2 6 -1 -1 -1 -1 -1 -1 81699 0 15 40 29 28 2 5 2 5
0 0 0 4 6 1 1 1 0 3 1 2 4 -1 -1 -1 -1 -1 -1 82065 1 15 40 29 28 2 5 2 5
0 0 0 1 6 1 1 1 0 3 1 2 4 -1 -1 -1 -1 -1 -1 82432 0 15 40 29 28 2 5 2 5
0 0 0 1 7 1 1 1 0 3 1 2 4 4 5 4 4 1 1 82765 0 15 40 29 28 2 8 0 5
0 0 0 1 6 1 1 1 0 3 1 2 4 -1 -1 -1 -1 -1 -1 83132 0 15 40 30 28.5 2 8 0 5
0 0 0 1 1 6 1 4 0 3 1 2 5 -1 -1 -1 -1 -1 -1 83465 1 15 40 30 28.5 2 8 0 5
0 0 0 1 1 6 1 1 0 3 1 2 5 -1 -1 -1 -1 -1 -1 83832 0 15 40 30 28.5 2 8 0 5
0 0 0 1 1 7 1 1 0 3 1 2 5 5 5 4 4 1 1 84165 0 15 40 30 28.5 2 5 2 5
0 0 0 1 1 1 6 1 0 3 1 2 6 -1 -1 -1 -1 -1 -1 84532 0 15 40 30 28.5 2 5 2 5
0 0 0 1 1 4 6 1 0 3 1 2 6 -1 -1 -1 -1 -1 -1 84865 1 15 40 30 28.5 2 5 2 5
0 0 0 1 1 6 1 1 0 3 1 2 5 -1 -1 -1 -1 -1 -1 85232 0 15 40 30 28.5 2 5 2 5
0 0 0 0 1 6 1 0 1 4 1 0 5 -1 -1 -1 -1 -1 -1 91498 0 15 40 15 60 2 8 0 3
0 0 0 0 1 6 1 0 1 4 1 0 5 -1 -1 -1 -1 -1 -1 91665 0 15 40 15 60 2 8 0 3
0 0 0 0 1 6 1 0 1 4 1 0 5 -1 -1 -1 -1 -1 -1 91832 0 15 40 15 60 2 6 2 3
0 0 0 0 1 6 1 0 1 4 1 0 5 -1 -1 -1 -1 -1 -1 91998 0 15 40 15 50 2 6 2 3
0 0 0 0 1 6 1 0 1 4 1 0 5 -1 -1 -1 -1 -1 -1 92298 0 15 40 15 20 2 6 2 3
0 0 0 0 1 6 1 0 1 4 1 0 5 -1 -1 -1 -1 -1 -1 93232 0 15 40 15 10 2 6 2 3
0 0 0 0 1 6 1 0 1 4 1 0 5 -1 -1 -1 -1 -1 -1 94232 0 15 40 15 10 2 5 2 3
0 0 0 0 1 6 1 0 1 4 1 0 5 -1 -1 -1 -1 -1 -1 95232 0 15 40 15 10 2 5 2 3
0 0 0 0 6 1 1 0 1 4 1 0 4 -1 -1 -1 -1 -1 -1 96232 0 15 40 15 10 2 5 2 3
0 0 0 0 6 1 1 0 1 4 1 0 4 -1 -1 -1 -1 -1 -1 97065 0 15 40 15 12.5 2 5 2 3
0 0 0 0 6 3 1 0 1 4 1 0 4 5 2 5 0 0 0 97865 0 15 40 15 12.5 2 4 2 3
0 0 0 0 1 6 1 0 1 4 1 0 5 -1 -1 -1 -1 -1 -1 98798 0 15 40 15 10 2 4 2 3
0 0 0 0 1 1 6 0 1 4 1 0 6 -1 -1 -1 -1 -1 -1 99698 0 15 40 15 12.5 2 4 2 3
0 0 0 0 1 1 6 0 1 4 1 0 6 -1 -1 -1 -1 -1 -1 100498 0 15 40 15 12.5 2 4 2 3
0 0 0 0 1 1 7 0 1 4 1 0 6 6 2 5 0 1 1 101365 0 15 40 15 10 2 5 2 3
0 0 0 0 1 1 6 0 1 4 1 0 6 -1 -1 -1 -1 -1 -1 102332 0 15 40 15 12.5 2 5 2 3
0 0 0 0 1 1 6 0 1 4 1 0 6 -1 -1 -1 -1 -1 -1 103132 0 15 40 15 12.5 2 5 2 3
0 0 0 0 1 1 6 0 1 4 1 0 6 -1 -1 -1 -1 -1 -1 103932 0 15 40 15 11.5 2 5 2 3
0 0 0 0 1 3 6 0 1 4 1 0 6 5 3 8 3 0 0 104832 0 15 40 15 12.5 2 5 2 3
0 0 0 0 1 1 6 0 1 4 1 0 6 -1 -1 -1 -1 -1 -1 105632 0 15 40 15 12.5 2 5 2 3
0 0 0 0 6 1 1 0 1 4 1 0 4 -1 -1 -1 -1 -1 -1 106465 0 15 40 15 10.3333 2 5 2 3
0 0 0 0 6 1 1 0 1 4 1 0 4 -1 -1 -1 -1 -1 -1 107298 0 15 40 15 12.5 2 5 2 3
0 0 0 0 7 1 1 0 1 4 1 0 4 4 3 8 3 1 1 108098 0 15 40 15 12.1667 2 4 2 3
0 0 0 0 1 6 1 0 1 4 1 0 5 -1 -1 -1 -1 -1 -1 108832 0 15 40 16 13 2 4 2 3
0 0 0 0 1 6 1 0 1 4 1 0 5 -1 -1 -1 -1 -1 -1 109598 0 15 40 16 13 2 4 2 3
0 0 0 0 1 6 1 0 1 4 1 0 5 -1 -1 -1 -1 -1 -1 110231 0 15 40 16 16.25 2 4 2 3
0 0 0 0 3 6 1 0 1 4 1 0 5 4 2 5 0 0 0 110831 0 15 40 16 16.25 2 6 2 3
0 0 0 0 1 6 1 0 1 4 1 0 5 -1 -1 -1 -1 -1 -1 111498 0 15 40 16 14.0833 2 6 2 3
0 0 0 0 1 6 1 0 1 4 1 0 5 -1 -1 -1 -1 -1 -1 112131 0 15 40 16 16.25 2 6 2 3
0 0 0 0 1 6 1 0 1 4 1 0 5 -1 -1 -1 -1 -1 -1 112765 0 15 40 16 16.25 2 6 2 3
0 0 0 0 3 6 1 0 1 4 1 0 5 4 0 6 1 0 0 113365 0 15 40 16 15.3833 2 8 0 3
0 0 0 0 1 6 1 0 1 4 1 0 5 -1 -1 -1 -1 -1 -1 114098 0 15 40 16 13 2 8 0 3
0 0 0 0 1 6 1 0 1 4 1 0 5 -1 -1 -1 -1 -1 -1 114798 0 15 40 16 16.25 2 8 0 3
0 0 0 0 1 6 1 0 1 4 1 0 5 -1 -1 -1 -1 -1 -1 115431 0 15 40 16 16.25 2 8 0 3
0 0 0 0 1 6 3 0 1 4 1 0 5 6 2 5 0 0 0 116031 0 15 40 16 16.25 2 6 2 3
0 0 0 0 1 6 1 0 1 4 1 0 5 -1 -1 -1 -1 -1 -1 116731 0 15 40 16 13 2 6 2 3
0 0 0 0 1 6 1 0 1 4 1 0 5 -1 -1 -1 -1 -1 -1 117398 0 15 40 16 16.25 2 6 2 3
0 0 0 0 1 6 1 0 1 4 1 0 5 -1 -1 -1 -1 -1 -1 117998 0 15 40 16 16.25 2 6 2 3
0 0 0 0 1 6 3 0 1 4 1 0 5 6 0 6 1 0 0 118631 0 15 40 16 14.7333 2 5 2 3
0 0 0 0 1 6 1 0 1 4 1 0 5 -1 -1 -1 -1 -1 -1 119331 0 15 40 16 16.25 2 5 2 3
0 0 0 0 1 6 1 0 1 4 1 0 5 -1 -1 -1 -1 -1 -1 119965 0 15 40 16 16.25 2 5 2 3
0 0 0 0 1 6 1 0 1 4 1 0 5 -1 -1 -1 -1 -1 -1 120565 0 15 40 16 16.25 2 5 2 3
0 0 0 1 1 6 3 1 1 4 1 0 5 6 3 8 3 0 0 121231 0 15 40 16 13 2 4 2 5
0 0 0 1 1 6 1 1 1 4 1 0 5 -1 -1 -1 -1 -1 -1 121931 0 15 40 16 16.25 2 4 2 5
0 0 0 1 1 6 1 1 1 4 1 0 5 -1 -1 -1 -1 -1 -1 122565 0 15 40 16 16.25 2 4 2 5
0 0 0 1 1 6 1 1 1 4 1 0 5 -1 -1 -1 -1 -1 -1 123165 0 15 40 16 16.25 2 4 2 5
0 0 0 1 1 6 3 1 1 4 1 0 5 6 1 7 2 0 0 123865 0 15 40 16 13 2 5 2 5
0 0 0 1 1 6 1 1 1 4 1 1 5 -1 -1 -1 -1 -1 -1 124565 0 15 40 16 16.25 2 5 2 5
0 0 0 1 1 6 1 1 1 4 1 1 5 -1 -1 -1 -1 -1 -1 125198 0 15 40 16 16.25 2 5 2 5
0 0 0 1 1 6 1 1 1 4 1 1 5 -1 -1 -1 -1 -1 -1 125798 0 15 40 16 16.0333 2 5 2 5
0 0 0 1 1 7 1 1 1 4 1 1 5 5 1 7 2 1 1 126498 0 15 40 16 13 2 5 2 5
0 0 0 1 6 1 1 1 1 4 1 1 4 -1 -1 -1 -1 -1 -1 127298 0 15 40 16 13 2 5 2 5
0 0 0 6 1 1 1 1 1 4 1 1 3 -1 -1 -1 -1 -1 -1 128031 0 15 40 16 16.25 2 5 2 5
0 0 0 6 1 1 1 1 1 4 1 1 3 -1 -1 -1 -1 -1 -1 128665 0 15 40 16 16.25 2 5 2 5
0 0 0 7 1 1 1 1 1 4 1 1 3 3 1 7 2 1 1 129265 0 15 40 16 16.25 2 4 2 5
0 0 0 6 1 1 1 1 1 4 1 1 3 -1 -1 -1 -1 -1 -1 129798 0 15 40 17 17.6 2 4 2 5
0 0 0 6 1 1 1 1 1 4 1 1 3 -1 -1 -1 -1 -1 -1 130332 0 15 40 17 20 2 4 2 5
0 0 0 6 1 1 1 1 1 4 1 1 3 -1 -1 -1 -1 -1 -1 130832 0 15 40 17 20 2 4 2 5
0 0 0 6 1 3 1 1 1 4 1 1 3 5 0 6 1 0 0 131332 0 15 40 17 20 2 6 2 5
0 0 0 6 1 1 1 1 1 4 1 1 3 -1 -1 -1 -1 -1 -1 131865 0 15 40 17 17.6 2 6 2 5
0 0 0 1 1 6 1 1 1 4 1 1 5 -1 -1 -1 -1 -1 -1 132466 0 15 40 17 16 2 6 2 5
0 0 0 1 1 6 1 1 1 4 1 1 5 -1 -1 -1 -1 -1 -1 133032 0 15 40 17 20 2 6 2 5
0 0 0 1 1 7 1 1 1 4 1 1 5 5 0 6 1 1 1 133532 0 15 40 17 20 2 8 0 5
0 0 0 1 1 6 1 1 1 4 1 1 5 -1 -1 -1 -1 -1 -1 134033 0 15 40 17 20 2 8 0 5
0 0 0 1 1 6 1 1 1 4 1 1 5 -1 -1 -1 -1 -1 -1 134566 0 15 40 17 18.1333 2 8 0 5
0 0 0 1 1 6 1 1 1 4 1 1 5 -1 -1 -1 -1 -1 -1 135166 0 15 40 17 16 2 8 0 5
0 0 0 1 1 6 1 3 1 4 1 1 5 7 1 7 2 0 0 135800 0 15 40 17 16 2 6 2 5
0 0 0 1 1 6 1 1 1 4 1 1 5 -1 -1 -1 -1 -1 -1 136400 0 15 40 17 16 2 6 2 5
0 0 0 1 1 6 1 1 1 4 1 1 5 -1 -1 -1 -1 -1 -1 136966 0 15 40 17 20 2 6 2 5
0 0 0 1 1 6 1 1 1 4 1 1 5 -1 -1 -1 -1 -1 -1 137467 0 15 40 17 20 2 6 2 5
0 0 0 1 1 6 3 1 1 4 1 1 5 6 3 8 3 0 0 137967 0 15 40 17 20 2 5 2 5
0 0 0 1 1 6 1 1 1 4 1 1 5 -1 -1 -1 -1 -1 -1 138467 0 15 40 17 18.1333 2 5 2 5
0 0 0 1 1 6 1 1 1 4 1 1 5 -1 -1 -1 -1 -1 -1 139000 0 15 40 17 20 2 5 2 5
0 0 0 1 1 6 1 1 1 4 1 1 5 -1 -1 -1 -1 -1 -1 139500 0 15 40 17 20 2 5 2 5
0 0 0 1 1 6 3 1 1 4 1 1 5 6 1 7 2 0 0 140000 0 15 40 17 20 2 4 2 5
0 0 0 1 1 6 1 1 1 4 1 1 5 -1 -1 -1 -1 -1 -1 140534 0 15 40 17 17.0667 2 4 2 5
0 0 0 1 1 1 6 1 1 4 1 1 6 -1 -1 -1 -1 -1 -1 141167 0 15 40 17 16 2 4 2 5
0 0 0 1 1 1 6 1 1 4 1 1 6 -1 -1 -1 -1 -1 -1 141667 0 15 40 17 20 2 4 2 5
0 0 0 1 1 1 7 1 1 4 1 1 6 6 1 7 2 1 1 142168 0 15 40 17 20 2 5 2 5
0 0 0 1 1 1 6 1 1 4 1 1 6 -1 -1 -1 -1 -1 -1 142601 0 15 40 18 23.75 2 5 2 5
0 0 0 1 1 6 1 1 1 4 1 1 5 -1 -1 -1 -1 -1 -1 143034 0 15 40 18 20.5833 2 5 2 5
0 0 0 1 1 6 1 1 1 4 1 1 5 -1 -1 -1 -1 -1 -1 143501 0 15 40 18 23.75 2 5 2 5
0 0 0 1 1 6 3 1 1 4 1 1 5 6 2 5 0 0 0 143935 0 15 40 18 23.75 2 5 2 5
0 0 0 1 1 6 1 1 1 4 1 1 5 -1 -1 -1 -1 -1 -1 144368 0 15 40 18 23.75 2 5 2 5
0 0 0 1 1 6 1 1 1 4 1 1 5 -1 -1 -1 -1 -1 -1 144768 0 15 40 18 23.75 2 5 2 5
0 0 0 1 1 6 1 1 1 4 1 1 5 -1 -1 -1 -1 -1 -1 145235 0 15 40 18 20.2667 2 5 2 5
0 0 0 1 1 6 1 3 1 4 1 1 5 7 1 7 2 0 0 145668 0 15 40 18 23.75 2 4 2 5
0 0 0 1 1 6 1 1 1 4 1 2 5 -1 -1 -1 -1 -1 -1 146102 0 15 40 18 23.75 2 4 2 5
0 0 0 1 1 1 6 1 1 4 1 2 6 -1 -1 -1 -1 -1 -1 146502 0 15 40 18 23.75 2 4 2 5
0 0 0 1 1 1 6 1 1 4 1 2 6 -1 -1 -1 -1 -1 -1 146935 0 15 40 18 23.1167 2 4 2 5
0 0 0 1 1 3 6 1 1 4 1 2 6 5 3 8 3 0 0 147369 0 15 40 18 23.75 2 6 2 5
0 0 0 1 1 1 6 1 1 4 1 2 6 -1 -1 -1 -1 -1 -1 147769 0 15 40 18 23.75 2 6 2 5
0 0 0 1 1 4 6 1 1 4 1 2 6 -1 -1 -1 -1 -1 -1 148202 1 15 40 18 23.75 2 6 2 5
0 0 0 1 1 1 6 1 1 4 1 2 6 -1 -1 -1 -1 -1 -1 148636 0 15 40 18 22.1667 2 6 2 5
0 0 0 1 3 1 6 1 1 4 1 2 6 4 0 6 1 0 0 149102 0 15 40 18 19 2 8 0 5
0 0 0 1 1 1 6 1 1 4 1 2 6 -1 -1 -1 -1 -1 -1 149636 0 15 40 18 19 2 8 0 5
0 0 0 1 4 1 6 1 1 4 1 2 6 -1 -1 -1 -1 -1 -1 150103 1 15 40 18 23.75 2 8 0 5
0 0 0 1 1 1 6 1 1 4 1 2 6 -1 -1 -1 -1 -1 -1 150536 0 15 40 18 23.75 2 8 0 5
0 0 0 1 3 6 1 1 1 4 1 2 5 4 1 7 2 0 0 150936 0 15 40 18 23.75 2 6 2 5
0 0 0 1 1 6 1 1 1 4 1 2 5 -1 -1 -1 -1 -1 -1 151370 0 15 40 18 23.4333 2 6 2 5
0 0 0 1 1 6 4 1 1 4 1 2 5 -1 -1 -1 -1 -1 -1 151836 1 15 40 18 19 2 6 2 5
0 0 0 1 1 1 6 1 1 4 1 2 6 -1 -1 -1 -1 -1 -1 152370 0 15 40 18 19 2 6 2 5
0 0 0 1 1 1 7 1 1 4 1 2 6 6 1 7 2 1 1 152870 0 15 40 18 19 2 5 2 5
0 0 0 1 1 6 1 1 1 4 1 2 5 -1 -1 -1 -1 -1 -1 153403 0 15 40 18 19 2 5 2 5
0 0 0 1 1 6 4 1 1 4 1 2 5 -1 -1 -1 -1 -1 -1 153937 1 15 40 18 19 2 5 2 5
0 0 0 1 1 1 6 1 1 4 1 2 6 -1 -1 -1 -1 -1 -1 154470 0 15 40 18 19 2 5 2 5
0 0 0 1 1 3 6 1 1 4 1 2 6 5 2 5 0 0 0 154937 0 15 40 18 23.75 2 4 2 5
0 0 0 1 1 1 6 1 1 4 1 2 6 -1 -1 -1 -1 -1 -1 155370 0 15 40 18 23.75 2 4 2 5
0 0 0 1 1 4 6 1 1 4 1 2 6 -1 -1 -1 -1 -1 -1 155770 1 15 40 18 23.75 2 4 2 5
0 0 0 1 1 6 1 1 1 4 1 2 5 -1 -1 -1 -1 -1 -1 156204 0 15 40 18 23.75 2 4 2 5
0 0 0 1 7 1 1 1 1 4 1 2 4 4 2 5 0 1 1 156671 0 15 40 18 19.6333 2 5 2 5
0 0 0 1 6 1 1 1 1 4 1 2 4 -1 -1 -1 -1 -1 -1 157137 0 15 40 19 21 2 5 2 5
0 0 0 6 1 1 1 4 1 4 1 2 3 -1 -1 -1 -1 -1 -1 157604 1 15 40 19 21 2 5 2 5
0 0 0 6 1 1 1 1 1 4 1 2 3 -1 -1 -1 -1 -1 -1 158038 0 15 40 19 26.25 2 5 2 5
0 0 0 7 1 1 1 1 1 4 1 2 3 3 2 5 0 1 1 158404 0 15 40 19 26.25 2 5 2 5
0 0 0 1 6 1 1 1 1 4 1 2 4 -1 -1 -1 -1 -1 -1 158771 0 15 40 19 26.25 2 5 2 5
0 0 0 4 1 6 1 1 1 4 1 2 5 -1 -1 -1 -1 -1 -1 159171 1 15 40 19 26.25 2 5 2 5
0 0 0 1 1 6 1 1 1 4 1 2 5 -1 -1 -1 -1 -1 -1 159571 0 15 40 19 23.1 2 5 2 5
0 0 0 3 1 1 6 1 1 4 1 2 6 3 0 6 1 0 0 160038 0 15 40 19 21 2 4 2 5
0 0 0 1 1 1 6 1 1 4 1 2 6 -1 -1 -1 -1 -1 -1 160471 0 15 40 19 26.25 2 4 2 5
0 0 0 1 1 4 6 1 1 4 1 2 6 -1 -1 -1 -1 -1 -1 160838 1 15 40 19 26.25 2 4 2 5
0 0 0 1 1 1 6 1 1 4 1 2 6 -1 -1 -1 -1 -1 -1 161238 0 15 40 19 26.25 2 4 2 5
0 0 0 1 3 1 6 1 1 4 1 2 6 4 2 5 0 0 0 161605 0 15 40 19 26.25 2 6 2 5
0 0 0 1 1 1 6 1 1 4 1 2 6 -1 -1 -1 -1 -1 -1 162005 0 15 40 19 24.15 2 6 2 5
0 0 0 1 1 6 1 4 1 4 1 2 5 -1 -1 -1 -1 -1 -1 162439 1 15 40 19 21 2 6 2 5
0 0 0 1 1 6 1 1 1 4 1 2 5 -1 -1 -1 -1 -1 -1 162872 0 15 40 19 26.25 2 6 2 5
0 0 0 1 6 1 3 1 1 4 1 2 4 6 1 7 2 0 0 163272 0 15 40 19 26.25 2 8 0 5
0 0 0 1 6 1 1 1 1 4 1 2 4 -1 -1 -1 -1 -1 -1 163639 0 15 40 19 26.25 2 8 0 5
0 0 0 1 6 4 1 1 1 4 1 2 4 -1 -1 -1 -1 -1 -1 164039 1 15 40 19 26.25 2 8 0 5
0 0 0 1 6 1 1 1 1 4 1 2 4 -1 -1 -1 -1 -1 -1 164406 0 15 40 19 24.5 2 8 0 5
0 0 0 1 1 7 1 1 1 4 1 2 5 5 1 7 2 1 1 164872 0 15 40 19 21 2 6 2 5
0 0 0 1 1 6 1 1 1 4 1 2 5 -1 -1 -1 -1 -1 -1 165306 0 15 40 20 22 2 6 2 5
0 0 0 1 6 1 4 1 1 4 1 2 4 -1 -1 -1 -1 -1 -1 165773 1 15 40 20 22 2 6 2 5
0 0 0 1 6 1 1 1 1 4 1 2 4 -1 -1 -1 -1 -1 -1 166206 0 15 40 20 27.5 2 6 2 5
0 0 0 6 1 3 1 1 1 4 1 2 3 5 3 8 3 0 0 166539 0 15 40 20 27.5 2 5 2 5
0 0 0 6 1 1 1 1 1 4 1 2 3 -1 -1 -1 -1 -1 -1 166906 0 15 40 20 27.5 2 5 2 5
0 0 0 6 4 1 1 1 1 4 1 2 3 -1 -1 -1 -1 -1 -1 167273 1 15 40 20 27.5 2 5 2 5
0 0 0 1 6 1 1 1 1 4 1 2 4 -1 -1 -1 -1 -1 -1 167640 0 15 40 20 26.4 2 5 2 5
0 0 0 1 1 1 8 2 1 4 1 2 6 7 3 8 3 1 0 168073 0 15 40 20 22 2 4 2 5
0 0 0 1 1 1 1 6 1 4 1 2 7 -1 -1 -1 -1 -1 -1 168540 0 15 40 19 21 2 4 2 5
0 0 0 4 1 1 6 1 1 4 1 2 6 -1 -1 -1 -1 -1 -1 169007 1 15 40 19 21 2 4 2 5
0 0 0 1 1 1 6 1 1 4 1 2 6 -1 -1 -1 -1 -1 -1 169473 0 15 40 19 21 2 4 2 5
0 0 0 1 1 1 7 1 1 4 1 2 6 6 3 8 3 1 1 169974 0 15 40 19 21 2 5 2 5
0 0 0 1 1 1 6 1 1 4 1 2 6 -1 -1 -1 -1 -1 -1 170440 0 15 40 19 21 2 5 2 5
0 0 0 1 4 1 6 1 1 4 1 2 6 -1 -1 -1 -1 -1 -1 170907 1 15 40 19 21 2 5 2 5
0 0 0 1 1 1 6 1 1 4 1 2 6 -1 -1 -1 -1 -1 -1 171340 0 15 40 19 26.25 2 5 2 5
0 0 0 1 1 3 6 1 1 4 1 2 6 5 1 7 2 0 0 171741 0 15 40 19 26.25 2 5 2 5
0 0 0 1 1 1 6 1 1 4 1 2 6 -1 -1 -1 -1 -1 -1 172107 0 15 40 19 26.25 2 5 2 5
0 0 0 4 1 1 6 1 1 4 1 2 6 -1 -1 -1 -1 -1 -1 172507 1 15 40 19 26.25 2 5 2 5
0 0 0 1 1 1 6 1 1 4 1 2 6 -1 -1 -1 -1 -1 -1 172874 0 15 40 19 24.5 2 5 2 5
0 0 0 1 1 6 1 3 1 4 1 2 5 7 2 5 0 0 0 173341 0 15 40 19 21 2 4 2 5
0 0 0 1 1 1 6 1 1 4 1 2 6 -1 -1 -1 -1 -1 -1 173808 0 15 40 19 21 2 4 2 5
0 0 0 1 1 4 6 1 1 4 1 2 6 -1 -1 -1 -1 -1 -1 174274 1 15 40 19 21 2 4 2 5
0 0 0 1 1 6 1 1 1 4 1 2 5 -1 -1 -1 -1 -1 -1 174775 0 15 40 19 21 2 4 2 5
0 0 0 1 1 6 1 3 1 4 1 2 5 7 1 7 2 0 0 175241 0 15 40 19 21 2 6 2 5
0 0 0 1 1 6 1 1 1 4 1 2 5 -1 -1 -1 -1 -1 -1 175641 0 15 40 19 26.25 2 6 2 5
0 0 0 1 1 6 4 1 1 4 1 2 5 -1 -1 -1 -1 -1 -1 176008 1 15 40 19 26.25 2 6 2 5
0 0 0 1 1 6 1 1 1 4 1 2 5 -1 -1 -1 -1 -1 -1 176408 0 15 40 19 26.25 2 6 2 5
0 0 0 1 1 7 1 1 1 4 1 2 5 5 1 7 2 1 1 176775 0 15 40 19 26.25 2 8 0 5
0 0 0 1 1 6 1 1 1 4 1 2 5 -1 -1 -1 -1 -1 -1 177175 0 15 40 20 23.8333 2 8 0 5
0 0 0 1 1 6 4 1 1 4 1 2 5 -1 -1 -1 -1 -1 -1 177608 1 15 40 20 22 2 8 0 5
0 0 0 1 1 6 1 1 1 4 1 2 5 -1 -1 -1 -1 -1 -1 178009 0 15 40 20 27.5 2 8 0 5
0 0 0 1 1 6 1 3 1 4 1 2 5 7 3 8 3 0 0 178375 0 15 40 20 27.5 2 6 2 5
0 0 0 1 1 6 1 1 1 4 1 2 5 -1 -1 -1 -1 -1 -1 178742 0 15 40 20 27.5 2 6 2 5
0 0 0 1 1 6 4 1 1 4 1 2 5 -1 -1 -1 -1 -1 -1 179109 1 15 40 20 27.5 2 6 2 5
0 0 0 1 1 1 1 6 1 4 1 2 7 -1 -1 -1 -1 -1 -1 179476 0 15 40 20 25.3 2 6 2 5
0 0 0 1 1 1 1 7 1 4 1 2 7 7 3 8 3 1 1 179909 0 15 40 20 22 2 5 2 5
0 0 0 1 1 1 1 6 1 4 1 2 7 -1 -1 -1 -1 -1 -1 180342 0 15 40 20 22 2 5 2 5
0 0 0 1 1 4 1 6 1 4 1 2 7 -1 -1 -1 -1 -1 -1 180809 1 15 40 20 22 2 5 2 5
0 0 0 1 1 1 1 6 1 4 1 2 7 -1 -1 -1 -1 -1 -1 181243 0 15 40 20 22 2 5 2 5
0 0 0 1 1 3 1 6 1 4 1 2 7 5 0 6 1 0 0 181709 0 15 40 20 22 2 4 2 5
0 0 0 1 1 1 1 6 1 4 1 2 7 -1 -1 -1 -1 -1 -1 182176 0 15 40 20 22 2 4 2 5
0 0 0 1 1 6 1 1 2 0 3 2 5 -1 -1 -1 -1 -1 -1 192378 0 15 16 16 60 2 8 0 5
0 0 0 1 1 6 1 1 2 0 3 2 5 -1 -1 -1 -1 -1 -1 192545 0 15 16 16 60 2 8 0 5
0 0 0 1 1 6 1 1 2 0 3 2 5 -1 -1 -1 -1 -1 -1 192712 0 15 16 16 60 2 6 2 5
0 0 0 1 1 6 1 1 2 0 3 2 5 -1 -1 -1 -1 -1 -1 192878 0 15 16 16 50.6 2 6 2 5
0 0 0 1 1 6 1 1 2 0 3 2 5 -1 -1 -1 -1 -1 -1 193145 0 15 16 16 25.5333 2 6 2 5
0 0 0 1 1 6 1 1 2 0 3 2 5 -1 -1 -1 -1 -1 -1 193879 0 15 16 16 13 2 6 2 5
0 0 0 1 1 6 1 1 2 0 3 2 5 -1 -1 -1 -1 -1 -1 194645 0 15 16 16 13 2 4 2 5
0 0 0 1 1 6 1 1 2 0 3 2 5 -1 -1 -1 -1 -1 -1 195412 0 15 16 16 13 2 4 2 5
0 0 0 1 1 6 1 1 2 0 3 2 5 -1 -1 -1 -1 -1 -1 196179 0 15 16 16 13 2 4 2 5
0 0 0 1 1 6 1 1 2 0 3 2 5 -1 -1 -1 -1 -1 -1 196946 0 15 16 16 13 2 4 2 5
0 0 0 1 1 6 1 3 2 0 3 2 5 7 2 4 0 0 0 197713 0 15 16 16 13 2 5 2 5
0 0 0 1 1 6 1 1 2 0 3 2 5 -1 -1 -1 -1 -1 -1 198480 0 15 16 16 13 2 5 2 5
0 0 0 1 1 6 1 4 2 0 3 2 5 -1 -1 -1 -1 -1 -1 199246 1 15 16 16 13 2 5 2 5
0 0 0 1 1 1 6 1 2 0 3 2 6 -1 -1 -1 -1 -1 -1 200013 0 15 16 16 13 2 5 2 5
0 0 0 1 1 1 6 3 2 0 3 2 6 7 3 4 3 0 0 200713 0 15 16 16 16.25 2 6 2 5
0 0 0 1 1 1 6 1 2 0 3 2 6 -1 -1 -1 -1 -1 -1 201347 0 15 16 16 16.25 2 6 2 5
0 0 0 1 1 4 6 1 2 0 3 2 6 -1 -1 -1 -1 -1 -1 201947 1 15 16 16 16.25 2 6 2 5
0 0 0 1 1 6 1 1 2 0 3 2 5 -1 -1 -1 -1 -1 -1 202647 0 15 16 16 13 2 6 2 5
0 0 0 1 1 6 1 3 2 0 3 2 5 7 2 4 0 0 0 203447 0 15 16 16 13 2 6 2 5
0 0 0 1 1 6 1 1 2 0 3 2 5 -1 -1 -1 -1 -1 -1 204214 0 15 16 16 13 2 6 2 5
0 0 0 1 1 6 1 4 2 0 3 2 5 -1 -1 -1 -1 -1 -1 204981 1 15 16 16 13 2 6 2 5
0 0 0 1 1 6 1 1 2 0 3 2 5 -1 -1 -1 -1 -1 -1 205748 0 15 16 16 13 2 6 2 5
0 0 0 1 1 6 3 1 2 0 3 2 5 6 3 4 3 0 0 206515 0 15 16 16 13 2 4 2 5
0 0 0 1 1 6 1 1 2 0 3 2 5 -1 -1 -1 -1 -1 -1 207281 0 15 16 16 13 2 4 2 5
0 0 0 4 1 6 1 1 2 0 3 2 5 -1 -1 -1 -1 -1 -1 208048 1 15 16 16 13 2 4 2 5
0 0 0 1 1 6 1 1 2 0 3 2 5 -1 -1 -1 -1 -1 -1 208815 0 15 16 16 13 2 4 2 5
0 0 0 1 1 6 3 1 2 0 3 2 5 6 0 4 1 0 0 209515 0 15 16 16 16.25 2 5 2 5
0 0 0 1 1 6 1 1 2 0 3 2 5 -1 -1 -1 -1 -1 -1 210115 0 15 16 16 16.25 2 5 2 5
0 0 0 4 1 6 1 1 2 0 3 2 5 -1 -1 -1 -1 -1 -1 210749 1 15 16 16 16.25 2 5 2 5
0 0 0 1 1 6 1 1 2 0 3 2 5 -1 -1 -1 -1 -1 -1 211449 0 15 16 16 13 2 5 2 5
0 0 0 1 1 6 1 3 2 0 3 2 5 7 1 4 2 0 0 212216 0 15 16 16 13 2 8 0 5
0 0 0 1 1 6 1 1 2 0 3 2 5 -1 -1 -1 -1 -1 -1 212983 0 15 16 16 13 2 8 0 5
0 0 0 1 1 6 4 1 2 0 3 2 5 -1 -1 -1 -1 -1 -1 213750 1 15 16 16 13 2 8 0 5
0 0 0 1 1 6 1 1 2 0 3 2 5 -1 -1 -1 -1 -1 -1 214516 0 15 16 16 13 2 8 0 5
0 0 0 1 1 6 1 3 2 0 3 2 5 7 0 4 1 0 0 215283 0 15 16 16 13 2 6 2 5
0 0 0 1 1 6 1 1 2 0 3 2 5 -1 -1 -1 -1 -1 -1 216083 0 15 16 16 13 2 6 2 5
0 0 0 1 1 6 4 1 2 0 3 2 5 -1 -1 -1 -1 -1 -1 216750 1 15 16 16 16.25 2 6 2 5
0 0 0 1 1 6 1 1 2 0 3 2 5 -1 -1 -1 -1 -1 -1 217350 0 15 16 16 16.25 2 6 2 5
0 0 0 1 1 7 1 1 2 0 3 2 5 5 0 4 1 1 1 217984 0 15 16 16 15.3833 2 4 2 5
0 0 0 1 1 6 1 1 2 0 3 2 5 -1 -1 -1 -1 -1 -1 218717 0 15 16 16 13 2 4 2 5
0 0 0 1 1 6 1 4 2 0 3 2 5 -1 -1 -1 -1 -1 -1 219484 1 15 16 16 13 2 4 2 5
0 0 0 1 1 1 6 1 2 0 3 2 6 -1 -1 -1 -1 -1 -1 220251 0 15 16 16 13 2 4 2 5
0 0 0 1 1 1 6 3 2 0 3 2 6 7 2 4 0 0 0 221018 0 15 16 16 13 2 5 2 5
0 0 0 1 1 1 6 1 2 0 3 2 6 -1 -1 -1 -1 -1 -1 221785 0 15 16 16 13 2 5 2 5
0 0 0 1 1 4 6 1 2 0 3 2 6 -1 -1 -1 -1 -1 -1 222551 1 15 16 16 13 2 5 2 5
0 0 0 1 1 1 6 1 2 0 3 2 6 -1 -1 -1 -1 -1 -1 223318 0 15 16 16 13 2 5 2 5
0 0 0 1 1 1 7 1 2 0 3 2 6 6 0 4 1 1 1 224085 0 15 16 16 13 2 6 2 5
0 0 0 1 1 6 1 1 2 0 3 2 5 -1 -1 -1 -1 -1 -1 224852 0 15 16 16 13 2 6 2 5
0 0 0 4 1 6 1 1 2 0 3 2 5 -1 -1 -1 -1 -1 -1 225619 1 15 16 16 13 2 6 2 5
0 0 0 1 1 6 1 1 2 0 3 2 5 -1 -1 -1 -1 -1 -1 226386 0 15 16 16 13 2 6 2 5
0 0 0 1 1 6 3 1 2 0 3 2 5 6 1 4 2 0 0 227119 0 15 16 16 16.25 2 6 2 5
0 0 0 1 1 6 1 1 2 0 3 2 5 -1 -1 -1 -1 -1 -1 227753 0 15 16 16 16.25 2 6 2 5
0 0 0 1 6 1 1 4 2 0 3 2 4 -1 -1 -1 -1 -1 -1 228353 1 15 16 16 16.25 2 6 2 5
0 0 0 1 6 1 1 1 2 0 3 2 4 -1 -1 -1 -1 -1 -1 229019 0 15 16 16 13 2 6 2 5
0 0 0 1 7 1 1 1 2 0 3 2 4 4 2 4 0 1 1 229786 0 15 16 16 13 2 4 2 5
0 0 0 1 1 6 1 1 3 1 3 2 5 -1 -1 -1 -1 -1 -1 236521 0 15 16 16 60 2 8 0 5
0 0 0 1 1 6 1 1 3 1 3 2 5 -1 -1 -1 -1 -1 -1 236688 0 15 16 16 60 2 8 0 5
0 0 0 1 1 6 1 1 3 1 3 2 5 -1 -1 -1 -1 -1 -1 236854 0 15 16 16 60 2 6 2 5
0 0 0 1 1 6 1 1 3 1 3 2 5 -1 -1 -1 -1 -1 -1 237021 0 15 16 16 50.6 2 6 2 5
0 0 0 1 1 6 1 1 3 1 3 2 5 -1 -1 -1 -1 -1 -1 237288 0 15 16 16 25.5333 2 6 2 5
0 0 0 1 1 6 1 1 3 1 3 2 5 -1 -1 -1 -1 -1 -1 238021 0 15 16 16 13 2 6 2 5
0 0 0 1 1 6 1 1 3 1 3 2 5 -1 -1 -1 -1 -1 -1 238788 0 15 16 16 13 2 5 2 5
0 0 0 1 1 6 1 1 3 1 3 2 5 -1 -1 -1 -1 -1 -1 239555 0 15 16 16 13 2 5 2 5
0 0 0 1 1 6 1 1 3 1 3 2 5 -1 -1 -1 -1 -1 -1 240322 0 15 16 16 13 2 5 2 5
0 0 0 1 1 6 1 1 3 1 3 2 5 -1 -1 -1 -1 -1 -1 241089 0 15 16 16 13 2 5 2 5
0 0 0 1 1 6 1 3 3 1 3 2 5 7 4 5 0 0 0 241856 0 15 16 16 13 2 5 2 5
0 0 0 1 1 6 1 1 3 1 3 2 5 -1 -1 -1 -1 -1 -1 242622 0 15 16 16 13 2 5 2 5
0 0 0 4 1 6 1 1 3 1 3 2 5 -1 -1 -1 -1 -1 -1 243389 1 15 16 16 13 2 5 2 5
0 0 0 1 1 1 1 6 3 1 3 2 7 -1 -1 -1 -1 -1 -1 244156 0 15 16 16 13 2 5 2 5
0 0 0 1 1 3 1 6 3 1 3 2 7 5 4 6 1 0 0 244956 0 15 16 16 13 2 6 2 5
0 0 0 1 1 1 1 6 3 1 3 2 7 -1 -1 -1 -1 -1 -1 245723 0 15 16 16 13 2 6 2 5
0 0 0 1 1 1 4 6 3 1 3 2 7 -1 -1 -1 -1 -1 -1 246490 1 15 16 16 13 2 6 2 5
0 0 0 1 1 1 6 1 3 1 3 2 6 -1 -1 -1 -1 -1 -1 247257 0 15 16 16 13 2 6 2 5
0 0 0 3 1 6 1 1 3 1 3 2 5 3 4 7 2 0 0 248024 0 15 16 16 13 2 4 2 5
0 0 0 1 1 6 1 1 3 1 3 2 5 -1 -1 -1 -1 -1 -1 248790 0 15 16 16 13 2 4 2 5
0 0 0 1 4 6 1 1 3 1 3 2 5 -1 -1 -1 -1 -1 -1 249557 1 15 16 16 13 2 4 2 5
0 0 0 1 1 6 1 1 3 1 3 2 5 -1 -1 -1 -1 -1 -1 250324 0 15 16 16 13 2 4 2 5
0 0 0 3 1 6 1 1 3 1 3 2 5 3 4 8 3 0 0 251091 0 15 16 16 13 2 5 2 5
0 0 0 1 1 6 1 1 3 1 3 2 5 -1 -1 -1 -1 -1 -1 251858 0 15 16 16 13 2 5 2 5
0 0 0 1 1 6 4 1 3 1 3 2 5 -1 -1 -1 -1 -1 -1 252625 1 15 16 16 13 2 5 2 5
0 0 0 1 1 6 1 1 3 1 3 2 5 -1 -1 -1 -1 -1 -1 253391 0 15 16 16 13 2 5 2 5
0 0 0 1 3 6 1 1 3 1 3 2 5 4 4 7 2 0 0 254158 0 15 16 16 13 2 6 2 5
0 0 0 1 1 1 6 1 3 1 3 2 6 -1 -1 -1 -1 -1 -1 254925 0 15 16 16 13 2 6 2 5
0 0 0 1 1 1 6 4 3 1 3 2 6 -1 -1 -1 -1 -1 -1 255725 1 15 16 16 13 2 6 2 5
0 0 0 1 1 1 6 1 3 1 3 2 6 -1 -1 -1 -1 -1 -1 256492 0 15 16 16 13 2 6 2 5
0 0 0 1 1 7 2 1 3 1 3 2 5 6 4 7 2 1 1 257258 0 15 16 16 13 2 8 0 5
0 0 0 1 1 6 1 1 3 1 3 2 5 -1 -1 -1 -1 -1 -1 258025 0 15 16 16 13 2 8 0 5
0 0 0 1 1 6 4 1 3 1 3 2 5 -1 -1 -1 -1 -1 -1 258791 1 15 16 16 13 2 8 0 5
0 0 0 1 1 1 6 1 3 1 3 2 6 -1 -1 -1 -1 -1 -1 259558 0 15 16 16 13 2 8 0 5
0 0 0 1 1 3 6 1 3 1 3 2 6 5 4 5 0 0 0 260324 0 15 16 16 13 2 6 2 5
0 0 0 1 1 1 6 1 3 1 3 2 6 -1 -1 -1 -1 -1 -1 261091 0 15 16 16 13 2 6 2 5
0 0 0 4 1 1 6 1 3 1 3 2 6 -1 -1 -1 -1 -1 -1 261857 1 15 16 16 13 2 6 2 5
0 0 0 1 1 1 6 1 3 1 3 2 6 -1 -1 -1 -1 -1 -1 262624 0 15 16 16 13 2 6 2 5
0 0 0 1 1 2 8 1 3 1 3 2 6 5 4 7 2 1 0 263390 0 15 16 16 13 2 5 2 5
0 0 0 1 1 1 6 1 3 1 3 2 6 -1 -1 -1 -1 -1 -1 264357 0 15 16 15 10 2 5 2 5
0 0 0 4 1 1 6 1 3 1 3 2 6 -1 -1 -1 -1 -1 -1 265356 1 15 16 15 10 2 5 2 5
0 0 0 1 1 1 1 6 3 1 3 2 7 -1 -1 -1 -1 -1 -1 266356 0 15 16 15 10 2 5 2 5
0 0 0 1 1 3 1 6 3 1 3 2 7 5 4 6 1 0 0 267356 0 15 16 15 10 2 5 2 5
0 0 0 1 1 1 1 6 3 1 3 2 7 -1 -1 -1 -1 -1 -1 268356 0 15 16 15 10 2 5 2 5
0 0 0 1 1 1 4 6 3 1 3 2 7 -1 -1 -1 -1 -1 -1 269355 1 15 16 15 10 2 5 2 5
0 0 0 1 1 1 6 1 3 1 3 2 6 -1 -1 -1 -1 -1 -1 270355 0 15 16 15 10 2 5 2 5
0 0 0 8 1 1 1 1 3 1 3 2 3 3 4 7 2 0 1 271355 0 15 16 15 10 2 6 2 5
0 0 0 1 6 1 1 1 3 1 3 2 4 -1 -1 -1 -1 -1 -1 272355 0 15 16 15 10 2 6 2 5
0 0 0 1 6 1 1 4 3 1 3 2 4 -1 -1 -1 -1 -1 -1 273354 1 15 16 15 10 2 6 2 5
0 0 0 1 1 6 1 1 3 1 3 2 5 -1 -1 -1 -1 -1 -1 274354 0 15 16 15 10 2 6 2 5
0 0 0 3 1 6 1 1 3 1 3 2 5 3 4 5 0 0 0 275354 0 15 16 15 10 2 4 2 5
0 0 0 1 1 6 1 1 3 1 3 2 5 -1 -1 -1 -1 -1 -1 276354 0 15 16 15 10 2 4 2 5
0 0 0 4 6 1 1 1 3 1 3 2 4 -1 -1 -1 -1 -1 -1 277353 1 15 16 15 10 2 4 2 5
0 0 0 1 6 1 1 1 3 1 3 2 4 -1 -1 -1 -1 -1 -1 278353 0 15 16 15 10 2 4 2 5
0 0 0 1 8 1 1 1 3 1 3 2 4 4 4 8 3 0 1 279353 0 15 16 15 10 2 5 2 5
0 0 0 1 6 1 1 1 3 1 3 2 4 -1 -1 -1 -1 -1 -1 280353 0 15 16 15 10 2 5 2 5
0 0 0 1 1 6 4 1 3 1 3 2 5 -1 -1 -1 -1 -1 -1 281352 1 15 16 15 10 2 5 2 5
0 0 0 1 1 6 1 1 3 1 3 2 5 -1 -1 -1 -1 -1 -1 282352 0 15 16 15 10 2 5 2 5
0 0 0 1 1 7 1 1 3 1 3 2 5 5 4 7 2 1 1 283352 0 15 16 15 10 2 6 2 5
0 0 0 1 1 6 1 1 3 1 3 2 5 -1 -1 -1 -1 -1 -1 284352 0 15 16 15 10 2 6 2 5
0 0 0 1 1 6 4 1 3 1 3 2 5 -1 -1 -1 -1 -1 -1 285351 1 15 16 15 10 2 6 2 5
0 0 0 1 1 6 1 1 3 1 3 2 5 -1 -1 -1 -1 -1 -1 286351 0 15 16 15 10 2 6 2 5
0 0 0 1 1 6 1 3 3 1 3 2 5 7 4 6 1 0 0 287351 0 15 16 15 10 2 8 0 5
0 0 0 1 1 6 1 1 3 1 3 2 5 -1 -1 -1 -1 -1 -1 288351 0 15 16 15 10 2 8 0 5
0 0 0 1 1 6 1 4 3 1 3 2 5 -1 -1 -1 -1 -1 -1 289350 1 15 16 15 10 2 8 0 5
0 0 0 1 1 6 1 1 3 1 3 2 5 -1 -1 -1 -1 -1 -1 290350 0 15 16 15 10 2 8 0 5
0 0 0 1 1 6 3 1 3 1 3 2 5 6 4 7 2 0 0 291350 0 15 16 15 10 2 6 2 5
0 0 0 1 6 1 1 1 3 1 3 2 4 -1 -1 -1 -1 -1 -1 292350 0 15 16 15 10 2 6 2 5
0 0 0 4 6 1 1 1 3 1 3 2 4 -1 -1 -1 -1 -1 -1 293349 1 15 16 15 10 2 6 2 5
0 0 0 1 6 1 1 1 3 1 3 2 4 -1 -1 -1 -1 -1 -1 294349 0 15 16 15 10 2 6 2 5
0 0 0 1 7 1 1 1 3 1 3 2 4 4 4 7 2 1 1 295282 0 15 16 15 12.5 2 5 2 5
0 0 0 1 1 6 1 1 3 1 3 2 5 -1 -1 -1 -1 -1 -1 295916 0 15 16 16 16.25 2 5 2 5
0 0 0 1 4 1 6 1 3 1 3 2 6 -1 -1 -1 -1 -1 -1 296515 1 15 16 16 15.8167 2 5 2 5
0 0 0 1 1 1 6 1 3 1 3 2 6 -1 -1 -1 -1 -1 -1 297149 0 15 16 16 16.25 2 5 2 5
0 0 0 1 1 1 7 1 3 1 3 2 6 6 4 6 1 1 1 297748 0 15 16 16 16.25 2 5 2 5
0 0 0 1 1 1 6 1 3 1 3 2 6 -1 -1 -1 -1 -1 -1 298382 0 15 16 16 14.3 2 5 2 5
0 0 0 4 1 1 6 1 3 1 3 2 6 -1 -1 -1 -1 -1 -1 299148 1 15 16 16 13 2 5 2 5
0 0 0 1 1 1 6 1 3 1 3 2 6 -1 -1 -1 -1 -1 -1 299915 0 15 16 16 13 2 5 2 5
0 0 0 1 3 1 6 1 3 1 3 2 6 4 4 5 0 0 0 300681 0 15 16 16 13 2 6 2 5
0 0 0 1 1 1 6 1 3 1 3 2 6 -1 -1 -1 -1 -1 -1 301447 0 15 16 16 13 2 6 2 5
0 0 0 1 4 6 1 1 3 1 3 2 5 -1 -1 -1 -1 -1 -1 302247 1 15 16 16 13 2 6 2 5
0 0 0 1 6 1 1 1 3 1 3 2 4 -1 -1 -1 -1 -1 -1 303014 0 15 16 16 13 2 6 2 5
0 0 0 1 6 1 3 1 3 1 3 2 4 6 4 6 1 0 0 303780 0 15 16 16 13 2 4 2 5
0 0 0 1 6 1 1 1 3 1 3 2 4 -1 -1 -1 -1 -1 -1 304547 0 15 16 16 13 2 4 2 5
0 0 0 1 6 4 1 1 3 1 3 2 4 -1 -1 -1 -1 -1 -1 305313 1 15 16 16 13 2 4 2 5
0 0 0 1 6 1 1 1 3 1 3 2 4 -1 -1 -1 -1 -1 -1 305946 0 15 16 16 16.25 2 4 2 5
0 0 0 1 6 1 1 3 3 1 3 2 4 7 4 5 0 0 0 306546 0 15 16 16 16.25 2 5 2 5
0 0 0 1 6 1 1 1 3 1 3 2 4 -1 -1 -1 -1 -1 -1 307179 0 15 16 16 14.7333 2 5 2 5
0 0 0 1 1 6 1 4 3 1 3 2 5 -1 -1 -1 -1 -1 -1 307946 1 15 16 16 13 2 5 2 5
0 0 0 1 1 6 1 1 3 1 3 2 5 -1 -1 -1 -1 -1 -1 308612 0 15 16 16 16.25 2 5 2 5
0 0 0 1 1 7 1 1 3 1 3 2 5 5 4 5 0 1 1 309246 0 15 16 16 16.25 2 6 2 5
0 0 0 1 1 6 1 1 3 1 3 2 5 -1 -1 -1 -1 -1 -1 309845 0 15 16 16 16.0333 2 6 2 5
0 0 0 1 4 6 1 1 3 1 3 2 5 -1 -1 -1 -1 -1 -1 310579 1 15 16 16 13 2 6 2 5
0 0 0 1 1 6 1 1 3 1 3 2 5 -1 -1 -1 -1 -1 -1 311245 0 15 16 16 16.25 2 6 2 5
0 0 0 1 1 6 1 3 3 1 3 2 5 7 4 8 3 0 0 311845 0 15 16 16 16.25 2 8 0 5
0 0 0 1 1 6 1 1 3 1 3 2 5 -1 -1 -1 -1 -1 -1 312478 0 15 16 16 15.3833 2 8 0 5
0 0 0 1 1 6 1 4 3 1 3 2 5 -1 -1 -1 -1 -1 -1 313211 1 15 16 16 13 2 8 0 5
0 0 0 1 1 1 1 6 3 1 3 2 7 -1 -1 -1 -1 -1 -1 313978 0 15 16 16 13 2 8 0 5
0 0 0 1 1 1 1 7 3 1 3 2 7 7 4 5 0 1 1 314744 0 15 16 16 13 2 6 2 5
0 0 0 1 1 6 1 1 4 2 2 2 5 -1 -1 -1 -1 -1 -1 321376 0 15 16 16 60 2 8 0 5
0 0 0 1 1 6 1 1 4 2 2 2 5 -1 -1 -1 -1 -1 -1 321543 0 15 16 16 60 2 8 0 5
0 0 0 1 1 6 1 1 4 2 2 2 5 -1 -1 -1 -1 -1 -1 321709 0 15 16 16 60 2 5 2 5
0 0 0 1 1 6 1 1 4 2 2 2 5 -1 -1 -1 -1 -1 -1 321876 0 15 16 16 50.6 2 5 2 5
0 0 0 1 1 6 1 1 4 2 2 2 5 -1 -1 -1 -1 -1 -1 322142 0 15 16 16 25.5333 2 5 2 5
0 0 0 1 1 6 1 1 4 2 2 2 5 -1 -1 -1 -1 -1 -1 322876 0 15 16 16 13 2 5 2 5
0 0 0 1 1 6 1 1 4 2 2 2 5 -1 -1 -1 -1 -1 -1 323642 0 15 16 16 13 2 6 2 5
0 0 0 1 1 6 1 1 4 2 2 2 5 -1 -1 -1 -1 -1 -1 324409 0 15 16 16 13 2 6 2 5
0 0 0 1 6 1 1 1 4 2 2 2 4 -1 -1 -1 -1 -1 -1 325175 0 15 16 16 13 2 6 2 5
0 0 0 1 6 1 1 1 4 2 2 2 4 -1 -1 -1 -1 -1 -1 325942 0 15 16 16 13 2 6 2 5
0 0 0 1 6 3 1 1 4 2 2 2 4 5 5 4 3 0 0 326708 0 15 16 16 13 2 4 2 5
0 0 0 1 6 1 1 1 4 2 2 2 4 -1 -1 -1 -1 -1 -1 327474 0 15 16 16 13 2 4 2 5
0 0 0 4 1 6 1 1 4 2 2 2 5 -1 -1 -1 -1 -1 -1 328241 1 15 16 16 13 2 4 2 5
0 0 0 1 1 1 6 1 4 2 2 2 6 -1 -1 -1 -1 -1 -1 329007 0 15 16 16 13 2 4 2 5
0 0 0 1 3 1 6 1 4 2 2 2 6 4 5 4 2 0 0 329774 0 15 16 16 13 2 6 2 5
0 0 0 1 1 1 6 1 4 2 2 2 6 -1 -1 -1 -1 -1 -1 330574 0 15 16 16 13 2 6 2 5
0 0 0 1 1 4 6 1 4 2 2 2 6 -1 -1 -1 -1 -1 -1 331340 1 15 16 16 13 2 6 2 5
0 0 0 1 1 1 6 1 4 2 2 2 6 -1 -1 -1 -1 -1 -1 332107 0 15 16 16 13 2 6 2 5
0 0 0 1 3 1 6 1 4 2 2 2 6 4 5 4 1 0 0 332873 0 15 16 16 13 2 5 2 5
0 0 0 1 1 1 6 1 4 2 2 2 6 -1 -1 -1 -1 -1 -1 333640 0 15 16 16 13 2 5 2 5
0 0 0 4 1 1 6 1 4 2 2 2 6 -1 -1 -1 -1 -1 -1 334406 1 15 16 16 13 2 5 2 5
0 0 0 1 1 1 6 1 4 2 2 2 6 -1 -1 -1 -1 -1 -1 335173 0 15 16 16 13 2 5 2 5
0 0 0 3 1 1 6 1 4 2 2 2 6 3 5 4 3 0 0 335939 0 15 16 16 13 2 5 2 5
0 0 0 1 1 1 6 1 4 2 2 2 6 -1 -1 -1 -1 -1 -1 336706 0 15 16 16 13 2 5 2 5
0 0 0 1 1 6 1 4 4 2 2 2 5 -1 -1 -1 -1 -1 -1 337472 1 15 16 16 13 2 5 2 5
0 0 0 1 1 6 1 1 4 2 2 2 5 -1 -1 -1 -1 -1 -1 338238 0 15 16 16 13 2 5 2 5
0 0 0 1 1 7 1 1 4 2 2 2 5 5 5 4 1 1 1 339005 0 15 16 16 13 2 5 2 5
0 0 0 1 1 6 1 1 4 2 2 2 5 -1 -1 -1 -1 -1 -1 339771 0 15 16 16 13 2 5 2 5
0 0 0 1 4 6 1 1 4 2 2 2 5 -1 -1 -1 -1 -1 -1 340571 1 15 16 16 13 2 5 2 5
0 0 0 1 6 1 1 1 4 2 2 2 4 -1 -1 -1 -1 -1 -1 341338 0 15 16 16 13 2 5 2 5
0 0 0 1 6 1 3 1 4 2 2 2 4 6 5 4 2 0 0 342104 0 15 16 16 13 2 8 0 5
0 0 0 1 6 1 1 1 4 2 2 2 4 -1 -1 -1 -1 -1 -1 342871 0 15 16 16 13 2 8 0 5
0 0 0 1 6 4 1 1 4 2 2 2 4 -1 -1 -1 -1 -1 -1 343637 1 15 16 16 13 2 8 0 5
0 0 0 6 1 1 1 1 4 2 2 2 3 -1 -1 -1 -1 -1 -1 344404 0 15 16 16 13 2 8 0 5
0 0 0 6 1 3 1 1 4 2 2 2 3 5 5 4 0 0 0 345170 0 15 16 16 13 2 5 2 5
0 0 0 6 1 1 1 1 4 2 2 2 3 -1 -1 -1 -1 -1 -1 345937 0 15 16 16 13 2 5 2 5
0 0 0 6 4 1 1 1 4 2 2 2 3 -1 -1 -1 -1 -1 -1 346703 1 15 16 16 13 2 5 2 5
0 0 0 1 1 6 1 1 4 2 2 2 5 -1 -1 -1 -1 -1 -1 347470 0 15 16 16 13 2 5 2 5
0 0 0 1 1 1 7 1 4 2 2 2 6 6 5 4 2 1 1 348236 0 15 16 16 13 2 6 2 5
0 0 0 1 1 1 6 1 4 2 2 2 6 -1 -1 -1 -1 -1 -1 349003 0 15 16 16 13 2 6 2 5
0 0 0 1 1 4 1 6 4 2 2 2 7 -1 -1 -1 -1 -1 -1 349769 1 15 16 16 13 2 6 2 5
0 0 0 1 1 1 1 6 4 2 2 2 7 -1 -1 -1 -1 -1 -1 350535 0 15 16 16 13 2 6 2 5
0 0 0 1 1 1 1 7 4 2 2 2 7 7 5 4 0 1 1 351335 0 15 16 16 13 2 4 2 5
0 0 0 1 1 1 1 6 4 2 2 2 7 -1 -1 -1 -1 -1 -1 352102 0 15 16 16 13 2 4 2 5
0 0 0 1 1 4 1 6 4 2 2 2 7 -1 -1 -1 -1 -1 -1 352868 1 15 16 16 13 2 4 2 5
0 0 0 1 1 1 1 6 4 2 2 2 7 -1 -1 -1 -1 -1 -1 353635 0 15 16 16 13 2 4 2 5
0 0 0 1 1 1 3 6 4 2 2 2 7 6 5 4 1 0 0 354401 0 15 16 16 13 2 6 2 5
0 0 0 1 1 1 6 1 4 2 2 2 6 -1 -1 -1 -1 -1 -1 355168 0 15 16 16 13 2 6 2 5
0 0 0 1 1 6 1 4 4 2 2 2 5 -1 -1 -1 -1 -1 -1 355934 1 15 16 16 13 2 6 2 5
0 0 0 1 6 1 1 1 4 2 2 2 4 -1 -1 -1 -1 -1 -1 356701 0 15 16 16 13 2 6 2 5
0 0 0 1 6 1 3 1 4 2 2 2 4 6 5 4 3 0 0 357467 0 15 16 16 13 2 5 2 5
0 0 0 1 6 1 1 1 4 2 2 2 4 -1 -1 -1 -1 -1 -1 358234 0 15 16 16 13 2 5 2 5
0 0 0 1 6 4 1 1 4 2 2 2 4 -1 -1 -1 -1 -1 -1 359000 1 15 16 16 13 2 5 2 5
0 0 0 1 1 6 1 1 4 2 2 2 5 -1 -1 -1 -1 -1 -1 359767 0 15 16 16 13 2 5 2 5
0 0 0 1 1 6 1 3 4 2 2 2 5 7 5 4 2 0 0 360533 0 15 16 16 13 2 5 2 5
0 0 0 1 1 6 1 1 4 2 2 2 5 -1 -1 -1 -1 -1 -1 361300 0 15 16 16 13 2 5 2 5
0 0 0 1 4 1 1 6 4 2 2 2 7 -1 -1 -1 -1 -1 -1 362099 1 15 16 16 13 2 5 2 5
0 0 0 1 1 1 1 6 4 2 2 2 7 -1 -1 -1 -1 -1 -1 362866 0 15 16 16 13 2 5 2 5
0 0 0 1 1 1 1 7 4 2 2 2 7 7 5 4 3 1 1 363632 0 15 16 16 13 2 5 2 5
0 0 0 1 1 1 1 6 4 2 2 2 7 -1 -1 -1 -1 -1 -1 364399 0 15 16 16 13 2 5 2 5
0 0 0 1 1 1 4 6 4 2 2 2 7 -1 -1 -1 -1 -1 -1 365165 1 15 16 16 13 2 5 2 5
0 0 0 1 1 1 6 1 4 2 2 2 6 -1 -1 -1 -1 -1 -1 365932 0 15 16 16 13 2 5 2 5
0 0 0 1 1 6 1 3 4 2 2 2 5 7 5 4 0 0 0 366698 0 15 16 16 13 2 8 0 5
0 0 0 1 1 6 1 1 4 2 2 2 5 -1 -1 -1 -1 -1 -1 367465 0 15 16 16 13 2 8 0 5
0 0 0 4 1 1 1 6 4 2 2 2 7 -1 -1 -1 -1 -1 -1 368231 1 15 16 16 13 2 8 0 5
0 0 0 1 1 1 1 6 4 2 2 2 7 -1 -1 -1 -1 -1 -1 368998 0 15 16 16 13 2 8 0 5
0 0 0 1 1 1 1 7 4 2 2 2 7 7 5 4 3 1 1 369764 0 15 16 16 13 2 5 2 5
0 0 0 1 1 1 1 6 4 2 2 2 7 -1 -1 -1 -1 -1 -1 370531 0 15 16 16 13 2 5 2 5
0 0 0 4 1 1 6 1 4 2 2 2 6 -1 -1 -1 -1 -1 -1 371297 1 15 16 16 13 2 5 2 5
0 0 0 1 1 1 6 1 4 2 2 2 6 -1 -1 -1 -1 -1 -1 372097 0 15 16 16 13 2 5 2 5
0 0 0 1 1 1 6 3 4 2 2 2 6 7 5 4 2 0 0 372863 0 15 16 16 13 2 6 2 5
0 0 0 1 1 1 6 1 4 2 2 2 6 -1 -1 -1 -1 -1 -1 373630 0 15 16 16 13 2 6 2 5
0 0 0 1 4 1 6 1 4 2 2 2 6 -1 -1 -1 -1 -1 -1 374396 1 15 16 16 13 2 6 2 5
0 0 0 1 1 1 6 1 4 2 2 2 6 -1 -1 -1 -1 -1 -1 375163 0 15 16 16 13 2 6 2 5
0 0 0 1 1 7 2 1 4 2 2 2 5 6 5 4 3 1 1 375929 0 15 16 16 13 2 4 2 5
0 0 0 1 1 6 1 1 4 2 2 2 5 -1 -1 -1 -1 -1 -1 376696 0 15 16 16 13 2 4 2 5
0 0 0 1 1 6 4 1 4 2 2 2 5 -1 -1 -1 -1 -1 -1 377462 1 15 16 16 13 2 4 2 5
0 0 0 1 1 6 1 1 4 2 2 2 5 -1 -1 -1 -1 -1 -1 378229 0 15 16 16 13 2 4 2 5
0 0 0 1 1 6 3 1 4 2 2 2 5 6 5 4 0 0 0 378995 0 15 16 16 13 2 6 2 5
0 0 0 1 1 6 1 1 4 2 2 2 5 -1 -1 -1 -1 -1 -1 379762 0 15 16 16 13 2 6 2 5
0 0 0 4 1 6 1 1 4 2 2 2 5 -1 -1 -1 -1 -1 -1 380528 1 15 16 16 13 2 6 2 5
0 0 0 1 1 1 6 1 4 2 2 2 6 -1 -1 -1 -1 -1 -1 381295 0 15 16 16 13 2 6 2 5
0 0 0 1 1 3 6 1 4 2 2 2 6 5 5 4 1 0 0 382061 0 15 16 16 13 2 5 2 5
0 0 0 1 1 1 6 1 4 2 2 2 6 -1 -1 -1 -1 -1 -1 382861 0 15 16 16 13 2 5 2 5
0 0 0 1 1 1 6 4 4 2 2 2 6 -1 -1 -1 -1 -1 -1 383627 1 15 16 16 13 2 5 2 5
0 0 0 1 1 1 6 1 4 2 2 2 6 -1 -1 -1 -1 -1 -1 384394 0 15 16 16 13 2 5 2 5
0 0 0 1 1 1 6 3 4 2 2 2 6 7 5 4 3 0 0 385160 0 15 16 16 13 2 5 2 5
0 0 0 1 1 1 6 1 4 2 2 2 6 -1 -1 -1 -1 -1 -1 385927 0 15 16 16 13 2 5 2 5
0 0 0 1 1 1 6 4 4 2 2 2 6 -1 -1 -1 -1 -1 -1 386693 1 15 16 16 13 2 5 2 5
0 0 0 1 1 6 1 1 4 2 2 2 5 -1 -1 -1 -1 -1 -1 387460 0 15 16 16 13 2 5 2 5
0 0 0 1 1 6 3 1 4 2 2 2 5 6 5 4 0 0 0 388226 0 15 16 16 13 2 5 2 5
0 0 0 1 1 6 1 1 4 2 2 2 5 -1 -1 -1 -1 -1 -1 388993 0 15 16 16 13 2 5 2 5
0 0 0 1 1 6 4 1 4 2 2 2 5 -1 -1 -1 -1 -1 -1 389759 1 15 16 16 13 2 5 2 5
0 0 0 1 1 6 1 1 4 2 2 2 5 -1 -1 -1 -1 -1 -1 390526 0 15 16 16 13 2 5 2 5
0 0 0 1 1 6 1 3 4 2 2 2 5 7 5 4 2 0 0 391292 0 15 16 16 13 2 8 0 5
0 0 0 1 1 6 1 1 4 2 2 2 5 -1 -1 -1 -1 -1 -1 392059 0 15 16 16 13 2 8 0 5
0 0 0 4 1 1 6 1 4 2 2 2 6 -1 -1 -1 -1 -1 -1 392825 1 15 16 16 13 2 8 0 5
0 0 0 1 1 1 6 1 4 2 2 2 6 -1 -1 -1 -1 -1 -1 393625 0 15 16 16 13 2 8 0 5
0 0 0 1 1 3 6 1 4 2 2 2 6 5 5 4 1 0 0 394391 0 15 16 16 13 2 5 2 5
0 0 0 1 1 1 6 1 4 2 2 2 6 -1 -1 -1 -1 -1 -1 395158 0 15 16 16 13 2 5 2 5
0 0 0 1 6 1 1 4 4 2 2 2 4 -1 -1 -1 -1 -1 -1 395924 1 15 16 16 13 2 5 2 5
0 0 0 1 1 6 1 1 4 2 2 2 5 -1 -1 -1 -1 -1 -1 396691 0 15 16 16 13 2 5 2 5
0 0 0 3 1 6 1 1 4 2 2 2 5 3 5 4 0 0 0 397457 0 15 16 16 13 2 6 2 5
0 0 0 1 1 6 1 1 4 2 2 2 5 -1 -1 -1 -1 -1 -1 398224 0 15 16 16 13 2 6 2 5
0 0 0 4 1 6 1 1 4 2 2 2 5 -1 -1 -1 -1 -1 -1 398990 1 15 16 16 13 2 6 2 5
0 0 0 1 1 6 1 1 4 2 2 2 5 -1 -1 -1 -1 -1 -1 399757 0 15 16 16 13 2 6 2 5
0 0 0 1 3 6 1 1 4 2 2 2 5 4 5 4 2 0 0 400523 0 15 16 16 13 2 4 2 5
0 0 0 1 1 6 1 1 4 2 2 2 5 -1 -1 -1 -1 -1 -1 401290 0 15 16 16 13 2 4 2 5
0 0 0 1 1 6 1 4 4 2 2 2 5 -1 -1 -1 -1 -1 -1 402056 1 15 16 16 13 2 4 2 5
0 0 0 1 6 1 1 1 4 2 2 2 4 -1 -1 -1 -1 -1 -1 402823 0 15 16 16 13 2 4 2 5
0 0 0 1 7 1 1 1 4 2 2 2 4 4 5 4 0 1 1 403589 0 15 16 16 13 2 6 2 5
0 0 0 1 6 1 1 1 4 2 2 2 4 -1 -1 -1 -1 -1 -1 404389 0 15 16 16 13 2 6 2 5
0 0 0 1 1 6 1 4 4 2 2 2 5 -1 -1 -1 -1 -1 -1 405155 1 15 16 16 13 2 6 2 5
0 0 0 1 1 6 1 1 4 2 2 2 5 -1 -1 -1 -1 -1 -1 405922 0 15 16 16 13 2 6 2 5
0 0 0 1 3 6 1 1 4 2 2 2 5 4 5 4 3 0 0 406688 0 15 16 16 13 2 5 2 5
0 0 0 1 1 6 1 1 4 2 2 2 5 -1 -1 -1 -1 -1 -1 407455 0 15 16 16 13 2 5 2 5
0 0 0 1 1 6 4 1 4 2 2 2 5 -1 -1 -1 -1 -1 -1 408221 1 15 16 16 13 2 5 2 5
0 0 0 1 6 1 1 1 4 2 2 2 4 -1 -1 -1 -1 -1 -1 408988 0 15 16 16 13 2 5 2 5
0 0 0 6 1 3 1 1 4 2 2 2 3 5 5 4 2 0 0 409754 0 15 16 16 13 2 5 2 5
0 0 0 6 1 1 1 1 4 2 2 2 3 -1 -1 -1 -1 -1 -1 410521 0 15 16 16 13 2 5 2 5
0 0 0 6 4 1 1 1 4 2 2 2 3 -1 -1 -1 -1 -1 -1 411287 1 15 16 16 13 2 5 2 5
0 0 0 1 1 6 1 1 4 2 2 2 5 -1 -1 -1 -1 -1 -1 412054 0 15 16 16 13 2 5 2 5
0 0 0 1 1 1 1 7 4 2 2 2 7 7 5 4 3 1 1 412820 0 15 16 16 13 2 5 2 5
0 0 0 0 1 6 1 0 5 6 2 0 5 -1 -1 -1 -1 -1 -1 418819 0 15 40 16 60 2 8 0 3
0 0 0 0 1 6 1 0 5 6 2 0 5 -1 -1 -1 -1 -1 -1 418985 0 15 40 16 60 2 8 0 3
0 0 0 0 1 6 1 0 5 6 2 0 5 -1 -1 -1 -1 -1 -1 419152 0 15 40 16 60 2 6 2 3
0 0 0 0 1 6 1 0 5 6 2 0 5 -1 -1 -1 -1 -1 -1 419319 0 15 40 16 50.6 2 6 2 3
0 0 0 0 1 6 1 0 5 6 2 0 5 -1 -1 -1 -1 -1 -1 419585 0 15 40 16 25.5333 2 6 2 3
0 0 0 0 1 6 1 0 5 6 2 0 5 -1 -1 -1 -1 -1 -1 420252 0 15 40 16 16.25 2 6 2 3
0 0 0 0 1 6 1 0 5 6 2 0 5 -1 -1 -1 -1 -1 -1 420885 0 15 40 16 16.25 2 5 2 3
0 0 0 0 1 6 1 0 5 6 2 0 5 -1 -1 -1 -1 -1 -1 421485 0 15 40 16 16.25 2 5 2 3
0 0 0 0 6 1 1 0 5 6 2 0 4 -1 -1 -1 -1 -1 -1 422118 0 15 40 16 16.25 2 5 2 3
0 0 0 0 6 1 1 0 5 6 2 0 4 -1 -1 -1 -1 -1 -1 422751 0 15 40 16 16.25 2 5 2 3
0 0 0 0 7 1 1 0 5 6 2 0 4 4 5 4 4 1 1 423351 0 15 40 16 16.25 2 4 2 3
0 0 0 0 1 6 1 0 5 6 2 0 5 -1 -1 -1 -1 -1 -1 424051 0 15 40 16 13 2 4 2 3
0 0 0 0 1 6 1 0 5 6 2 0 5 -1 -1 -1 -1 -1 -1 424717 0 15 40 16 16.25 2 4 2 3
0 0 0 0 1 6 1 0 5 6 2 0 5 -1 -1 -1 -1 -1 -1 425351 0 15 40 16 16.25 2 4 2 3
0 0 0 0 1 7 1 0 5 6 2 0 5 5 5 4 4 1 1 425950 0 15 40 16 16.0333 2 5 2 3
0 0 0 0 1 6 1 0 5 6 2 0 5 -1 -1 -1 -1 -1 -1 426550 0 15 40 17 16 2 5 2 3
0 0 0 0 1 6 1 0 5 6 2 0 5 -1 -1 -1 -1 -1 -1 427083 0 15 40 17 20 2 5 2 3
0 0 0 0 1 6 1 0 5 6 2 0 5 -1 -1 -1 -1 -1 -1 427583 0 15 40 17 20 2 5 2 3
0 0 0 0 1 7 1 0 5 6 2 0 5 5 5 4 4 1 1 428083 0 15 40 17 20 2 6 2 3
0 0 0 0 1 6 1 0 5 6 2 0 5 -1 -1 -1 -1 -1 -1 428616 0 15 40 17 16.2667 2 6 2 3
0 0 0 0 1 6 1 0 5 6 2 0 5 -1 -1 -1 -1 -1 -1 429150 0 15 40 17 20 2 6 2 3
0 0 0 0 1 6 1 0 5 6 2 0 5 -1 -1 -1 -1 -1 -1 429650 0 15 40 17 20 2 6 2 3
0 0 0 0 1 7 1 0 5 6 2 0 5 5 5 4 4 1 1 430149 0 15 40 17 20 2 5 2 3
0 0 0 0 1 6 1 0 5 6 2 0 5 -1 -1 -1 -1 -1 -1 430583 0 15 40 18 21.2167 2 5 2 3
0 0 0 0 1 6 1 0 5 6 2 0 5 -1 -1 -1 -1 -1 -1 431082 0 15 40 18 23.75 2 5 2 3
0 0 0 0 1 6 1 0 5 6 2 0 5 -1 -1 -1 -1 -1 -1 431516 0 15 40 18 23.75 2 5 2 3
0 0 0 0 1 7 1 0 5 6 2 0 5 5 5 4 4 1 1 431916 0 15 40 18 23.75 2 5 2 3
0 0 0 0 1 6 1 0 5 6 2 0 5 -1 -1 -1 -1 -1 -1 432349 0 15 40 18 23.75 2 5 2 3
0 0 0 0 6 1 1 0 5 6 2 0 4 -1 -1 -1 -1 -1 -1 432782 0 15 40 18 20.9 2 5 2 3
0 0 0 0 6 1 1 0 5 6 2 0 4 -1 -1 -1 -1 -1 -1 433215 0 15 40 18 23.75 2 5 2 3
0 0 0 0 7 1 1 0 5 6 2 0 4 4 5 4 4 1 1 433649 0 15 40 18 23.75 2 8 0 3
0 0 0 0 6 1 1 0 5 6 2 0 4 -1 -1 -1 -1 -1 -1 434048 0 15 40 19 26.25 2 8 0 3
0 0 0 0 6 1 1 0 5 6 2 0 4 -1 -1 -1 -1 -1 -1 434415 0 15 40 19 26.25 2 8 0 3
0 0 0 0 6 1 1 0 5 6 2 0 4 -1 -1 -1 -1 -1 -1 434815 0 15 40 19 22.4 2 8 0 3
0 0 0 0 7 1 1 0 5 6 2 0 4 4 5 4 4 1 1 435315 0 15 40 19 21 2 6 2 3
0 0 0 0 6 1 1 0 5 6 2 0 4 -1 -1 -1 -1 -1 -1 435781 0 15 40 19 21 2 6 2 3
0 0 0 0 1 6 1 0 5 6 2 0 5 -1 -1 -1 -1 -1 -1 436248 0 15 40 19 21 2 6 2 3
0 0 0 0 1 6 1 0 5 6 2 0 5 -1 -1 -1 -1 -1 -1 436648 0 15 40 19 26.25 2 6 2 3
0 0 0 0 1 7 1 0 5 6 2 0 5 5 5 4 4 1 1 437048 0 15 40 19 26.25 2 5 2 3
0 0 0 0 1 6 1 0 5 6 2 0 5 -1 -1 -1 -1 -1 -1 437414 0 15 40 20 27.5 2 5 2 3
0 0 0 0 1 6 1 0 5 6 2 0 5 -1 -1 -1 -1 -1 -1 437781 0 15 40 20 27.5 2 5 2 3
0 0 0 0 6 1 1 0 5 6 2 0 4 -1 -1 -1 -1 -1 -1 438147 0 15 40 20 24.5667 2 5 2 3
0 0 0 1 7 1 1 1 5 6 2 0 4 4 5 4 4 1 1 438581 0 15 40 20 22 2 4 2 5
0 0 0 1 1 6 1 1 5 6 2 0 5 -1 -1 -1 -1 -1 -1 439047 0 15 40 20 22 2 4 2 5
0 0 0 1 1 6 1 1 5 6 2 0 5 -1 -1 -1 -1 -1 -1 439480 0 15 40 20 22 2 4 2 5
0 0 0 1 1 6 1 1 5 6 2 0 5 -1 -1 -1 -1 -1 -1 439947 0 15 40 20 22 2 4 2 5
0 0 0 1 1 7 1 1 5 6 2 0 5 5 5 4 4 1 1 440414 0 15 40 20 22 2 5 2 5
0 0 0 1 1 6 1 1 5 6 2 1 5 -1 -1 -1 -1 -1 -1 440847 0 15 40 21 23 2 5 2 5
0 0 0 1 1 6 1 1 5 6 2 1 5 -1 -1 -1 -1 -1 -1 441280 0 15 40 21 23 2 5 2 5
0 0 0 1 1 6 1 1 5 6 2 1 5 -1 -1 -1 -1 -1 -1 441713 0 15 40 21 23 2 5 2 5
0 0 0 1 1 7 1 1 5 6 2 1 5 5 5 4 4 1 1 442146 0 15 40 21 23 2 6 2 5
0 0 0 1 1 6 1 1 5 6 2 1 5 -1 -1 -1 -1 -1 -1 442580 0 15 40 21 23 2 6 2 5
0 0 0 1 1 1 1 6 5 6 2 1 7 -1 -1 -1 -1 -1 -1 443013 0 15 40 21 23 2 6 2 5
0 0 0 1 1 1 1 6 5 6 2 1 7 -1 -1 -1 -1 -1 -1 443446 0 15 40 21 23 2 6 2 5
0 0 0 1 1 1 1 7 5 6 2 1 7 7 5 4 4 1 1 443879 0 15 40 21 23 2 5 2 5
0 0 0 1 1 1 1 6 5 6 2 1 7 -1 -1 -1 -1 -1 -1 444313 0 15 40 22 24 2 5 2 5
0 0 0 1 1 1 1 6 5 6 2 1 7 -1 -1 -1 -1 -1 -1 444712 0 15 40 22 24 2 5 2 5
0 0 0 1 1 1 1 6 5 6 2 1 7 -1 -1 -1 -1 -1 -1 445146 0 15 40 22 24 2 5 2 5
0 0 0 1 1 1 1 7 5 6 2 1 7 7 5 4 4 1 1 445546 0 15 40 22 24 2 5 2 5
0 0 0 1 1 1 1 6 5 6 2 1 7 -1 -1 -1 -1 -1 -1 445979 0 15 40 22 24 2 5 2 5
0 0 0 1 1 1 6 1 5 6 2 1 6 -1 -1 -1 -1 -1 -1 446379 0 15 40 22 24 2 5 2 5
0 0 0 1 1 1 6 1 5 6 2 1 6 -1 -1 -1 -1 -1 -1 446812 0 15 40 22 24 2 5 2 5
0 0 0 1 1 1 7 1 5 6 2 1 6 6 5 4 4 1 1 447212 0 15 40 22 24 2 8 0 5
0 0 0 1 1 1 6 1 5 6 2 1 6 -1 -1 -1 -1 -1 -1 447612 0 15 40 23 25 2 8 0 5
0 0 0 1 1 6 1 1 5 6 2 1 5 -1 -1 -1 -1 -1 -1 448012 0 15 40 23 25 2 8 0 5
0 0 0 1 1 6 1 1 5 6 2 1 5 -1 -1 -1 -1 -1 -1 448412 0 15 40 23 25 2 8 0 5
0 0 0 1 1 7 1 1 5 6 2 1 5 5 5 4 4 1 1 448811 0 15 40 23 25 2 6 2 5
0 0 0 1 1 6 1 1 5 6 2 1 5 -1 -1 -1 -1 -1 -1 449211 0 15 40 23 25 2 6 2 5
0 0 0 1 1 6 1 1 5 6 2 1 5 -1 -1 -1 -1 -1 -1 449611 0 15 40 23 25 2 6 2 5
0 0 0 1 1 6 1 1 5 6 2 1 5 -1 -1 -1 -1 -1 -1 450011 0 15 40 23 25 2 6 2 5
0 0 0 1 1 7 1 1 5 6 2 1 5 5 5 4 4 1 1 450411 0 15 40 23 25 2 5 2 5
0 0 0 1 1 6 1 1 5 6 2 1 5 -1 -1 -1 -1 -1 -1 450811 0 15 40 24 25.5 2 5 2 5
0 0 0 1 1 1 6 1 5 6 2 1 6 -1 -1 -1 -1 -1 -1 451211 0 15 40 24 25.5 2 5 2 5
0 0 0 1 1 1 6 1 5 6 2 1 6 -1 -1 -1 -1 -1 -1 451611 0 15 40 24 25.5 2 5 2 5
0 0 0 1 1 1 7 1 5 6 2 1 6 6 5 4 4 1 1 451977 0 15 40 24 25.5 2 4 2 5
0 0 0 1 1 1 6 1 5 6 2 1 6 -1 -1 -1 -1 -1 -1 452377 0 15 40 24 25.5 2 4 2 5
0 0 0 1 1 6 1 1 5 6 2 1 5 -1 -1 -1 -1 -1 -1 452777 0 15 40 24 25.5 2 4 2 5
0 0 0 1 1 6 1 1 5 6 2 1 5 -1 -1 -1 -1 -1 -1 453177 0 15 40 24 25.5 2 4 2 5
0 0 0 1 1 7 1 1 5 6 2 1 5 5 5 4 4 1 1 453544 0 15 40 24 25.5 2 5 2 5
0 0 0 1 1 6 1 1 5 6 2 1 5 -1 -1 -1 -1 -1 -1 453944 0 15 40 25 26 2 5 2 5
0 0 0 1 1 1 6 1 5 6 2 1 6 -1 -1 -1 -1 -1 -1 454310 0 15 40 25 26 2 5 2 5
0 0 0 1 1 1 6 1 5 6 2 1 6 -1 -1 -1 -1 -1 -1 454710 0 15 40 25 26 2 5 2 5
0 0 0 1 1 1 7 1 5 6 2 1 6 6 5 4 4 1 1 455077 0 15 40 25 26 2 6 2 5
0 0 0 1 1 1 6 1 5 6 2 1 6 -1 -1 -1 -1 -1 -1 455477 0 15 40 25 26 2 6 2 5
0 0 0 1 6 1 1 1 5 6 2 1 4 -1 -1 -1 -1 -1 -1 455876 0 15 40 25 26 2 6 2 5
0 0 0 1 6 1 1 1 5 6 2 1 4 -1 -1 -1 -1 -1 -1 456243 0 15 40 25 26 2 6 2 5
0 0 0 1 7 1 1 1 5 6 2 1 4 4 5 4 4 1 1 456643 0 15 40 25 26 2 5 2 5
0 0 0 1 6 1 1 1 5 6 2 2 4 -1 -1 -1 -1 -1 -1 457009 0 15 40 26 26.5 2 5 2 5
0 0 0 6 1 1 1 1 5 6 2 2 3 -1 -1 -1 -1 -1 -1 457376 0 15 40 26 26.5 2 5 2 5
0 0 0 6 1 1 1 1 5 6 2 2 3 -1 -1 -1 -1 -1 -1 457776 0 15 40 26 26.5 2 5 2 5
0 0 0 7 1 1 1 1 5 6 2 2 3 3 5 4 4 1 1 458143 0 15 40 26 26.5 2 5 2 5
0 0 0 6 1 1 1 1 5 6 2 2 3 -1 -1 -1 -1 -1 -1 458509 0 15 40 26 26.5 2 5 2 5
0 0 0 6 4 1 1 1 5 6 2 2 3 -1 -1 -1 -1 -1 -1 458909 1 15 40 26 26.5 2 5 2 5
0 0 0 6 1 1 1 1 5 6 2 2 3 -1 -1 -1 -1 -1 -1 459276 0 15 40 26 26.5 2 5 2 5
0 0 0 7 1 1 1 1 5 6 2 2 3 3 5 4 4 1 1 459642 0 15 40 26 26.5 2 8 0 5
0 0 0 6 1 1 1 1 5 6 2 2 3 -1 -1 -1 -1 -1 -1 460009 0 15 40 27 27 2 8 0 5
0 0 0 1 6 1 4 1 5 6 2 2 4 -1 -1 -1 -1 -1 -1 460375 1 15 40 27 27 2 8 0 5
0 0 0 1 1 6 1 1 5 6 2 2 5 -1 -1 -1 -1 -1 -1 460775 0 15 40 27 27 2 8 0 5
0 0 0 1 1 7 1 1 5 6 2 2 5 5 5 4 4 1 1 461142 0 15 40 27 27 2 6 2 5
0 0 0 1 1 6 1 1 5 6 2 2 5 -1 -1 -1 -1 -1 -1 461508 0 15 40 27 27 2 6 2 5
0 0 0 4 1 6 1 1 5 6 2 2 5 -1 -1 -1 -1 -1 -1 461875 1 15 40 27 33.75 2 6 2 5
0 0 0 1 1 6 1 1 5 6 2 2 5 -1 -1 -1 -1 -1 -1 462142 0 15 40 27 33.75 2 6 2 5
0 0 0 1 1 7 1 1 5 6 2 2 5 5 5 4 4 1 1 462442 0 15 40 27 33.75 2 5 2 5
0 0 0 0 1 6 1 0 6 2 3 0 5 -1 -1 -1 -1 -1 -1 470639 0 15 16 16 60 2 8 0 3
0 0 0 0 1 6 1 0 6 2 3 0 5 -1 -1 -1 -1 -1 -1 470806 0 15 16 16 60 2 8 0 3
0 0 0 0 1 6 1 0 6 2 3 0 5 -1 -1 -1 -1 -1 -1 470973 0 15 16 16 60 2 5 2 3
0 0 0 0 1 6 1 0 6 2 3 0 5 -1 -1 -1 -1 -1 -1 471139 0 15 16 16 50.6 2 5 2 3
0 0 0 0 1 6 1 0 6 2 3 0 5 -1 -1 -1 -1 -1 -1 471406 0 15 16 16 25.5333 2 5 2 3
0 0 0 0 1 6 1 0 6 2 3 0 5 -1 -1 -1 -1 -1 -1 472139 0 15 16 16 13 2 5 2 3
0 0 0 0 1 6 1 0 6 2 3 0 5 -1 -1 -1 -1 -1 -1 472906 0 15 16 16 13 2 5 2 3
0 0 0 0 1 6 1 0 6 2 3 0 5 -1 -1 -1 -1 -1 -1 473672 0 15 16 16 13 2 5 2 3
0 0 0 0 1 6 1 0 6 2 3 0 5 -1 -1 -1 -1 -1 -1 474439 0 15 16 16 13 2 5 2 3
0 0 0 0 1 6 1 0 6 2 3 0 5 -1 -1 -1 -1 -1 -1 475205 0 15 16 16 13 2 5 2 3
0 0 0 0 3 6 1 0 6 2 3 0 5 4 5 4 1 0 0 475972 0 15 16 16 13 2 5 2 3
0 0 0 0 1 6 1 0 6 2 3 0 5 -1 -1 -1 -1 -1 -1 476738 0 15 16 16 13 2 5 2 3
0 0 0 0 1 6 1 0 6 2 3 0 5 -1 -1 -1 -1 -1 -1 477504 0 15 16 16 13 2 5 2 3
0 0 0 0 1 6 1 0 6 2 3 0 5 -1 -1 -1 -1 -1 -1 478271 0 15 16 16 13 2 5 2 3
0 0 0 0 1 6 3 0 6 2 3 0 5 6 5 4 3 0 0 479071 0 15 16 16 13 2 4 2 3
0 0 0 0 1 6 1 0 6 2 3 0 5 -1 -1 -1 -1 -1 -1 479837 0 15 16 16 13 2 4 2 3
0 0 0 0 1 6 1 0 6 2 3 0 5 -1 -1 -1 -1 -1 -1 480604 0 15 16 16 13 2 4 2 3
0 0 0 0 1 6 1 0 6 2 3 0 5 -1 -1 -1 -1 -1 -1 481370 0 15 16 16 13 2 4 2 3
0 0 0 0 3 6 1 0 6 2 3 0 5 4 5 4 3 0 0 482137 0 15 16 16 13 2 4 2 3
0 0 0 0 1 6 1 0 6 2 3 0 5 -1 -1 -1 -1 -1 -1 482903 0 15 16 16 13 2 4 2 3
0 0 0 0 6 1 1 0 6 2 3 0 4 -1 -1 -1 -1 -1 -1 483670 0 15 16 16 13 2 4 2 3
0 0 0 0 6 1 1 0 6 2 3 0 4 -1 -1 -1 -1 -1 -1 484436 0 15 16 16 13 2 4 2 3
0 0 0 0 6 3 1 0 6 2 3 0 4 5 5 4 0 0 0 485203 0 15 16 16 13 2 6 2 3
0 0 0 0 6 1 1 0 6 2 3 0 4 -1 -1 -1 -1 -1 -1 485969 0 15 16 16 13 2 6 2 3
0 0 0 0 6 1 1 0 6 2 3 0 4 -1 -1 -1 -1 -1 -1 486736 0 15 16 16 13 2 6 2 3
0 0 0 0 1 6 1 0 6 2 3 0 5 -1 -1 -1 -1 -1 -1 487502 0 15 16 16 13 2 6 2 3
0 0 0 0 3 6 1 0 6 2 3 0 5 4 5 4 1 0 0 488269 0 15 16 16 13 2 4 2 3
0 0 0 0 1 6 1 0 6 2 3 0 5 -1 -1 -1 -1 -1 -1 489035 0 15 16 16 13 2 4 2 3
0 0 0 0 1 6 1 0 6 2 3 0 5 -1 -1 -1 -1 -1 -1 489835 0 15 16 16 13 2 4 2 3
0 0 0 0 1 6 1 0 6 2 3 0 5 -1 -1 -1 -1 -1 -1 490601 0 15 16 16 13 2 4 2 3
0 0 0 0 3 6 1 0 6 2 3 0 5 4 5 4 0 0 0 491368 0 15 16 16 13 2 8 0 3
0 0 0 0 1 6 1 0 6 2 3 0 5 -1 -1 -1 -1 -1 -1 492134 0 15 16 16 13 2 8 0 3
0 0 0 0 6 1 1 0 6 2 3 0 4 -1 -1 -1 -1 -1 -1 492901 0 15 16 16 13 2 8 0 3
0 0 0 0 6 1 1 0 6 2 3 0 4 -1 -1 -1 -1 -1 -1 493601 0 15 16 16 16.25 2 8 0 3
0 0 0 0 7 1 1 0 6 2 3 0 4 4 5 4 0 1 1 494200 0 15 16 16 16.25 2 5 2 3
0 0 0 0 6 1 1 0 6 2 3 0 4 -1 -1 -1 -1 -1 -1 494834 0 15 16 16 16.25 2 5 2 3
0 0 0 0 6 1 1 0 6 2 3 0 4 -1 -1 -1 -1 -1 -1 495533 0 15 16 16 13 2 5 2 3
0 0 0 0 6 1 1 0 6 2 3 0 4 -1 -1 -1 -1 -1 -1 496300 0 15 16 16 13 2 5 2 3
0 0 0 0 6 3 1 0 6 2 3 0 4 5 5 4 2 0 0 497066 0 15 16 16 13 2 5 2 3
0 0 0 0 6 1 1 0 6 2 3 0 4 -1 -1 -1 -1 -1 -1 497833 0 15 16 16 13 2 5 2 3
0 0 0 0 1 1 6 0 6 2 3 0 6 -1 -1 -1 -1 -1 -1 498599 0 15 16 16 13 2 5 2 3
0 0 0 0 1 1 6 0 6 2 3 0 6 -1 -1 -1 -1 -1 -1 499366 0 15 16 16 13 2 5 2 3
0 0 0 0 1 1 7 0 6 2 3 0 6 6 5 4 0 1 1 500132 0 15 16 16 13 2 5 2 3
0 0 0 0 1 1 6 0 6 2 3 0 6 -1 -1 -1 -1 -1 -1 500899 0 15 16 16 13 2 5 2 3
0 0 0 0 1 1 6 0 6 2 3 0 6 -1 -1 -1 -1 -1 -1 501599 0 15 16 16 16.25 2 5 2 3
0 0 0 0 1 1 6 0 6 2 3 0 6 -1 -1 -1 -1 -1 -1 502232 0 15 16 16 16.25 2 5 2 3
0 0 0 0 1 1 7 0 6 2 3 0 6 6 5 4 0 1 1 502832 0 15 16 16 16.25 2 4 2 3
0 0 0 0 1 6 1 0 7 1 3 0 5 -1 -1 -1 -1 -1 -1 509063 0 15 16 16 60 2 8 0 3
0 0 0 0 1 6 1 0 7 1 3 0 5 -1 -1 -1 -1 -1 -1 509230 0 15 16 16 60 2 8 0 3
0 0 0 0 1 6 1 0 7 1 3 0 5 -1 -1 -1 -1 -1 -1 509397 0 15 16 16 60 2 4 2 3
0 0 0 0 1 6 1 0 7 1 3 0 5 -1 -1 -1 -1 -1 -1 509563 0 15 16 16 50.6 2 4 2 3
0 0 0 0 1 6 1 0 7 1 3 0 5 -1 -1 -1 -1 -1 -1 509830 0 15 16 16 25.5333 2 4 2 3
0 0 0 0 1 6 1 0 7 1 3 0 5 -1 -1 -1 -1 -1 -1 510563 0 15 16 16 13 2 4 2 3
0 0 0 0 1 6 1 0 7 1 3 0 5 -1 -1 -1 -1 -1 -1 511330 0 15 16 16 13 2 5 2 3
0 0 0 0 1 6 1 0 7 1 3 0 5 -1 -1 -1 -1 -1 -1 512096 0 15 16 16 13 2 5 2 3
0 0 0 0 1 6 1 0 7 1 3 0 5 -1 -1 -1 -1 -1 -1 512863 0 15 16 16 13 2 5 2 3
0 0 0 0 1 6 1 0 7 1 3 0 5 -1 -1 -1 -1 -1 -1 513629 0 15 16 16 13 2 5 2 3
0 0 0 0 1 6 3 0 7 1 3 0 5 6 4 5 0 0 0 514396 0 15 16 16 13 2 6 2 3
0 0 0 0 1 6 1 0 7 1 3 0 5 -1 -1 -1 -1 -1 -1 515162 0 15 16 16 13 2 6 2 3
0 0 0 0 1 6 1 0 7 1 3 0 5 -1 -1 -1 -1 -1 -1 515928 0 15 16 16 13 2 6 2 3
0 0 0 0 1 6 1 0 7 1 3 0 5 -1 -1 -1 -1 -1 -1 516695 0 15 16 16 13 2 6 2 3
0 0 0 0 3 6 1 0 7 1 3 0 5 4 4 8 3 0 0 517461 0 15 16 16 13 2 4 2 3
0 0 0 0 1 6 1 0 7 1 3 0 5 -1 -1 -1 -1 -1 -1 518261 0 15 16 16 13 2 4 2 3
0 0 0 0 1 6 1 0 7 1 3 0 5 -1 -1 -1 -1 -1 -1 519028 0 15 16 16 13 2 4 2 3
0 0 0 0 1 6 1 0 7 1 3 0 5 -1 -1 -1 -1 -1 -1 519794 0 15 16 16 13 2 4 2 3
0 0 0 0 1 6 3 0 7 1 3 0 5 6 4 6 1 0 0 520561 0 15 16 16 13 2 4 2 3
0 0 0 0 1 6 1 0 7 1 3 0 5 -1 -1 -1 -1 -1 -1 521327 0 15 16 16 13 2 4 2 3
0 0 0 0 1 6 1 0 7 1 3 0 5 -1 -1 -1 -1 -1 -1 522094 0 15 16 16 13 2 4 2 3
0 0 0 0 1 6 1 0 7 1 3 0 5 -1 -1 -1 -1 -1 -1 522860 0 15 16 16 13 2 4 2 3
0 0 0 0 1 6 3 0 7 1 3 0 5 6 4 8 3 0 0 523627 0 15 16 16 13 2 6 2 3
0 0 0 0 1 6 1 0 7 1 3 0 5 -1 -1 -1 -1 -1 -1 524393 0 15 16 16 13 2 6 2 3
0 0 0 0 1 6 1 0 7 1 3 0 5 -1 -1 -1 -1 -1 -1 525160 0 15 16 16 13 2 6 2 3
0 0 0 0 1 6 1 0 7 1 3 0 5 -1 -1 -1 -1 -1 -1 525926 0 15 16 16 13 2 6 2 3
0 0 0 0 3 6 1 0 7 1 3 0 5 4 4 7 2 0 0 526693 0 15 16 16 13 2 4 2 3
0 0 0 0 1 6 1 0 7 1 3 0 5 -1 -1 -1 -1 -1 -1 527459 0 15 16 16 13 2 4 2 3
0 0 0 0 1 1 6 0 7 1 3 0 6 -1 -1 -1 -1 -1 -1 528259 0 15 16 16 13 2 4 2 3
0 0 0 0 1 1 6 0 7 1 3 0 6 -1 -1 -1 -1 -1 -1 529025 0 15 16 16 13 2 4 2 3
0 0 0 0 1 3 6 0 7 1 3 0 6 5 4 5 0 0 0 529792 0 15 16 16 13 2 8 0 3
0 0 0 0 1 1 6 0 7 1 3 0 6 -1 -1 -1 -1 -1 -1 530558 0 15 16 16 13 2 8 0 3
0 0 0 0 1 1 6 0 7 1 3 0 6 -1 -1 -1 -1 -1 -1 531325 0 15 16 16 13 2 8 0 3
0 0 0 0 1 6 1 0 7 1 3 0 5 -1 -1 -1 -1 -1 -1 532091 0 15 16 16 13 2 8 0 3
0 0 0 0 1 7 1 0 7 1 3 0 5 5 4 8 3 1 1 532858 0 15 16 16 13 2 4 2 3
0 0 0 0 1 6 1 0 7 1 3 0 5 -1 -1 -1 -1 -1 -1 533624 0 15 16 16 13 2 4 2 3
0 0 0 0 1 6 1 0 7 1 3 0 5 -1 -1 -1 -1 -1 -1 534391 0 15 16 16 13 2 4 2 3
0 0 0 0 6 1 1 0 7 1 3 0 4 -1 -1 -1 -1 -1 -1 535157 0 15 16 16 13 2 4 2 3
0 0 0 0 1 7 1 0 7 1 3 0 5 5 4 7 2 1 1 535924 0 15 16 16 13 2 5 2 3
0 0 0 0 1 6 1 0 7 1 3 0 5 -1 -1 -1 -1 -1 -1 536690 0 15 16 16 13 2 5 2 3
0 0 0 0 1 1 6 0 7 1 3 0 6 -1 -1 -1 -1 -1 -1 537457 0 15 16 16 13 2 5 2 3
0 0 0 0 1 1 6 0 7 1 3 0 6 -1 -1 -1 -1 -1 -1 538223 0 15 16 16 13 2 5 2 3
0 0 0 0 1 1 7 0 7 1 3 0 6 6 4 5 0 1 1 539023 0 15 16 16 13 2 6 2 3
0 0 0 0 1 1 6 0 7 1 3 0 6 -1 -1 -1 -1 -1 -1 539789 0 15 16 16 13 2 6 2 3
0 0 0 0 1 1 6 0 7 1 3 0 6 -1 -1 -1 -1 -1 -1 540556 0 15 16 16 13 2 6 2 3
0 0 0 0 1 1 6 0 7 1 3 0 6 -1 -1 -1 -1 -1 -1 541322 0 15 16 16 13 2 6 2 3
0 0 0 0 1 3 6 0 7 1 3 0 6 5 4 7 2 0 0 542089 0 15 16 16 13 2 4 2 3
0 0 0 0 1 1 6 0 7 1 3 0 6 -1 -1 -1 -1 -1 -1 542855 0 15 16 16 13 2 4 2 3
0 0 0 0 1 1 6 0 7 1 3 0 6 -1 -1 -1 -1 -1 -1 543622 0 15 16 16 13 2 4 2 3
0 0 0 0 1 1 6 0 7 1 3 0 6 -1 -1 -1 -1 -1 -1 544388 0 15 16 16 13 2 4 2 3
0 0 0 0 1 3 6 0 7 1 3 0 6 5 4 8 3 0 0 545155 0 15 16 16 13 2 4 2 3
0 0 0 0 1 1 6 0 7 1 3 0 6 -1 -1 -1 -1 -1 -1 545921 0 15 16 16 13 2 4 2 3
0 0 0 0 1 1 6 0 7 1 3 0 6 -1 -1 -1 -1 -1 -1 546688 0 15 16 16 13 2 4 2 3
0 0 0 0 1 1 6 0 7 1 3 0 6 -1 -1 -1 -1 -1 -1 547454 0 15 16 16 13 2 4 2 3
0 0 0 0 3 1 6 0 7 1 3 0 6 4 4 7 2 0 0 548221 0 15 16 16 13 2 6 2 3
0 0 0 0 1 1 6 0 7 1 3 0 6 -1 -1 -1 -1 -1 -1 548987 0 15 16 16 13 2 6 2 3
0 0 0 0 1 1 6 0 7 1 3 0 6 -1 -1 -1 -1 -1 -1 549787 0 15 16 16 13 2 6 2 3
0 0 0 0 1 1 6 0 7 1 3 0 6 -1 -1 -1 -1 -1 -1 550553 0 15 16 16 13 2 6 2 3
0 0 0 0 1 3 6 0 7 1 3 0 6 5 4 5 0 0 0 551320 0 15 16 16 13 2 4 2 3
0 0 0 0 1 1 6 0 7 1 3 0 6 -1 -1 -1 -1 -1 -1 552086 0 15 16 16 13 2 4 2 3
0 0 0 0 6 1 1 0 7 1 3 0 4 -1 -1 -1 -1 -1 -1 552853 0 15 16 16 13 2 4 2 3
0 0 0 0 6 1 1 0 7 1 3 0 4 -1 -1 -1 -1 -1 -1 553619 0 15 16 16 13 2 4 2 3
0 0 0 0 7 1 1 0 7 1 3 0 4 4 4 8 3 1 1 554386 0 15 16 16 13 2 8 0 3
0 0 0 0 6 1 1 0 7 1 3 0 4 -1 -1 -1 -1 -1 -1 555152 0 15 16 16 13 2 8 0 3
0 0 0 0 6 1 1 0 7 1 3 0 4 -1 -1 -1 -1 -1 -1 555919 0 15 16 16 13 2 8 0 3
0 0 0 0 1 6 1 0 7 1 3 0 5 -1 -1 -1 -1 -1 -1 556685 0 15 16 16 13 2 8 0 3
0 0 0 0 3 6 1 0 7 1 3 0 5 4 4 5 0 0 0 557452 0 15 16 16 13 2 4 2 3
0 0 0 0 1 6 1 0 7 1 3 0 5 -1 -1 -1 -1 -1 -1 558218 0 15 16 16 13 2 4 2 3
0 0 0 0 1 6 1 0 7 1 3 0 5 -1 -1 -1 -1 -1 -1 558985 0 15 16 16 13 2 4 2 3
0 0 0 0 1 6 1 0 7 1 3 0 5 -1 -1 -1 -1 -1 -1 559751 0 15 16 16 13 2 4 2 3
0 0 0 0 3 6 1 0 7 1 3 0 5 4 4 6 1 0 0 560418 0 15 16 16 16.25 2 5 2 3
0 0 0 0 1 6 1 0 7 1 3 0 5 -1 -1 -1 -1 -1 -1 561017 0 15 16 16 16.25 2 5 2 3
0 0 0 0 1 1 6 0 7 1 3 0 6 -1 -1 -1 -1 -1 -1 561651 0 15 16 16 14.7333 2 5 2 3
0 0 0 0 1 1 6 0 7 1 3 0 6 -1 -1 -1 -1 -1 -1 562417 0 15 16 16 13 2 5 2 3
0 0 0 0 1 1 7 0 7 1 3 0 6 6 4 8 3 1 1 563184 0 15 16 16 13 2 6 2 3
0 0 0 1 1 6 1 1 8 0 3 2 5 -1 -1 -1 -1 -1 -1 570715 0 15 16 16 60 2 8 0 5
0 0 0 1 1 6 1 1 8 0 3 2 5 -1 -1 -1 -1 -1 -1 570882 0 15 16 16 60 2 8 0 5
0 0 0 1 1 6 1 1 8 0 3 2 5 -1 -1 -1 -1 -1 -1 571048 0 15 16 16 60 2 4 2 5
0 0 0 1 1 6 1 1 8 0 3 2 5 -1 -1 -1 -1 -1 -1 571215 0 15 16 16 50.6 2 4 2 5
0 0 0 1 1 6 1 1 8 0 3 2 5 -1 -1 -1 -1 -1 -1 571482 0 15 16 16 25.5333 2 4 2 5
0 0 0 1 1 6 1 1 8 0 3 2 5 -1 -1 -1 -1 -1 -1 572215 0 15 16 16 13 2 4 2 5
0 0 0 1 1 6 1 1 8 0 3 2 5 -1 -1 -1 -1 -1 -1 572981 0 15 16 16 13 2 5 2 5
0 0 0 1 1 6 1 1 8 0 3 2 5 -1 -1 -1 -1 -1 -1 573748 0 15 16 16 13 2 5 2 5
0 0 0 1 1 6 1 1 8 0 3 2 5 -1 -1 -1 -1 -1 -1 574514 0 15 16 16 13 2 5 2 5
0 0 0 1 1 6 1 1 8 0 3 2 5 -1 -1 -1 -1 -1 -1 575281 0 15 16 16 13 2 5 2 5
0 0 0 3 1 6 1 1 8 0 3 2 5 3 3 4 3 0 0 576047 0 15 16 16 13 2 4 2 5
0 0 0 1 1 6 1 1 8 0 3 2 5 -1 -1 -1 -1 -1 -1 576814 0 15 16 16 13 2 4 2 5
0 0 0 1 1 6 1 4 8 0 3 2 5 -1 -1 -1 -1 -1 -1 577580 1 15 16 16 13 2 4 2 5
0 0 0 1 1 6 1 1 8 0 3 2 5 -1 -1 -1 -1 -1 -1 578347 0 15 16 16 13 2 4 2 5
0 0 0 1 3 6 1 1 8 0 3 2 5 4 3 4 3 0 0 578980 0 15 16 16 16.25 2 6 2 5
0 0 0 1 1 6 1 1 8 0 3 2 5 -1 -1 -1 -1 -1 -1 579613 0 15 16 16 16.25 2 6 2 5
0 0 0 1 4 1 6 1 8 0 3 2 6 -1 -1 -1 -1 -1 -1 580246 1 15 16 16 14.5167 2 6 2 5
0 0 0 1 1 1 6 1 8 0 3 2 6 -1 -1 -1 -1 -1 -1 580879 0 15 16 16 16.25 2 6 2 5
0 0 0 1 1 1 8 1 8 0 3 2 6 6 3 4 3 0 1 581512 0 15 16 16 16.25 2 5 2 5
0 0 0 1 1 1 6 1 8 0 3 2 6 -1 -1 -1 -1 -1 -1 582312 0 15 16 15 11 2 5 2 5
0 0 0 1 1 1 6 4 8 0 3 2 6 -1 -1 -1 -1 -1 -1 583279 1 15 16 15 10 2 5 2 5
0 0 0 1 1 1 6 1 8 0 3 2 6 -1 -1 -1 -1 -1 -1 584278 0 15 16 15 10 2 5 2 5
0 0 0 1 3 1 6 1 8 0 3 2 6 4 0 4 1 0 0 585278 0 15 16 15 10 2 6 2 5
0 0 0 1 1 6 1 1 8 0 3 2 5 -1 -1 -1 -1 -1 -1 586145 0 15 16 15 12.5 2 6 2 5
0 0 0 4 1 6 1 1 8 0 3 2 5 -1 -1 -1 -1 -1 -1 586944 1 15 16 15 12.5 2 6 2 5
0 0 0 1 1 6 1 1 8 0 3 2 5 -1 -1 -1 -1 -1 -1 587844 0 15 16 15 10 2 6 2 5
0 0 0 1 3 6 1 1 8 0 3 2 5 4 2 4 0 0 0 588844 0 15 16 15 10 2 4 2 5
0 0 0 1 1 1 6 1 8 0 3 2 6 -1 -1 -1 -1 -1 -1 589844 0 15 16 15 10 2 4 2 5
0 0 0 1 1 1 6 4 8 0 3 2 6 -1 -1 -1 -1 -1 -1 590710 1 15 16 15 12.5 2 4 2 5
0 0 0 1 1 1 6 1 8 0 3 2 6 -1 -1 -1 -1 -1 -1 591510 0 15 16 15 12.5 2 4 2 5
0 0 0 1 1 3 6 1 8 0 3 2 6 5 0 4 1 0 0 592410 0 15 16 15 10 2 8 0 5
0 0 0 1 1 1 6 1 8 0 3 2 6 -1 -1 -1 -1 -1 -1 593376 0 15 16 15 12.5 2 8 0 5
0 0 0 4 1 1 6 1 8 0 3 2 6 -1 -1 -1 -1 -1 -1 594176 1 15 16 15 12.5 2 8 0 5
0 0 0 1 1 6 1 1 8 0 3 2 5 -1 -1 -1 -1 -1 -1 594976 0 15 16 15 11.3333 2 8 0 5
0 0 0 1 1 6 1 3 8 0 3 2 5 7 3 4 3 0 0 595942 0 15 16 15 10 2 4 2 5
0 0 0 1 1 6 1 1 8 0 3 2 5 -1 -1 -1 -1 -1 -1 596775 0 15 16 15 12.5 2 4 2 5
0 0 0 1 1 6 4 1 8 0 3 2 5 -1 -1 -1 -1 -1 -1 597575 1 15 16 15 12.5 2 4 2 5
0 0 0 1 1 1 1 6 8 0 3 2 7 -1 -1 -1 -1 -1 -1 598508 0 15 16 15 10 2 4 2 5
0 0 0 1 1 1 1 7 8 0 3 2 7 7 2 4 0 1 1 599375 0 15 16 15 12.5 2 5 2 5
0 0 0 1 1 1 1 6 8 0 3 2 7 -1 -1 -1 -1 -1 -1 600175 0 15 16 15 12.5 2 5 2 5
0 0 0 1 4 1 1 6 8 0 3 2 7 -1 -1 -1 -1 -1 -1 601074 1 15 16 15 10 2 5 2 5
0 0 0 1 1 1 1 6 8 0 3 2 7 -1 -1 -1 -1 -1 -1 602074 0 15 16 15 10 2 5 2 5
0 0 0 1 1 3 1 6 8 0 3 2 7 5 1 4 2 0 0 602907 0 15 16 15 12.5 2 4 2 5
0 0 0 1 1 1 1 6 8 0 3 2 7 -1 -1 -1 -1 -1 -1 603707 0 15 16 15 12.5 2 4 2 5
0 0 0 1 1 4 6 1 8 0 3 2 6 -1 -1 -1 -1 -1 -1 604640 1 15 16 15 10 2 4 2 5
0 0 0 1 1 6 1 1 8 0 3 2 5 -1 -1 -1 -1 -1 -1 605640 0 15 16 15 10 2 4 2 5
0 0 0 1 1 8 1 1 8 0 3 2 5 5 0 4 1 0 1 606640 0 15 16 15 10 2 6 2 5
0 0 0 1 6 1 1 1 8 0 3 2 4 -1 -1 -1 -1 -1 -1 607639 0 15 16 15 10 2 6 2 5
0 0 0 6 1 4 1 1 8 0 3 2 3 -1 -1 -1 -1 -1 -1 608639 1 15 16 15 10 2 6 2 5
0 0 0 6 1 1 1 1 8 0 3 2 3 -1 -1 -1 -1 -1 -1 609539 0 15 16 15 12.5 2 6 2 5
0 0 0 7 1 1 1 1 8 0 3 2 3 3 2 4 0 1 1 610339 0 15 16 15 12.5 2 5 2 5
0 0 0 6 1 1 1 1 8 0 3 2 3 -1 -1 -1 -1 -1 -1 611172 0 15 16 15 10.5 2 5 2 5
0 0 0 6 4 1 1 1 8 0 3 2 3 -1 -1 -1 -1 -1 -1 612105 1 15 16 15 12.5 2 5 2 5
0 0 0 1 6 1 1 1 8 0 3 2 4 -1 -1 -1 -1 -1 -1 612905 0 15 16 15 12.5 2 5 2 5
0 0 0 3 6 1 1 1 8 0 3 2 4 3 3 4 3 0 0 613738 0 15 16 15 12.5 2 6 2 5
0 0 0 1 6 1 1 1 8 0 3 2 4 -1 -1 -1 -1 -1 -1 614538 0 15 16 15 12.5 2 6 2 5
0 0 0 6 1 1 1 4 8 0 3 2 3 -1 -1 -1 -1 -1 -1 615338 1 15 16 15 11.5 2 6 2 5
0 0 0 6 1 1 1 1 8 0 3 2 3 -1 -1 -1 -1 -1 -1 616171 0 15 16 15 12.5 2 6 2 5
0 0 0 7 1 1 1 1 8 0 3 2 3 3 0 4 1 1 1 616970 0 15 16 15 12.5 2 4 2 5
0 0 0 6 1 1 1 1 8 0 3 2 3 -1 -1 -1 -1 -1 -1 617670 0 15 16 16 13 2 4 2 5
0 0 0 6 1 4 1 1 8 0 3 2 3 -1 -1 -1 -1 -1 -1 618437 1 15 16 16 13 2 4 2 5
0 0 0 6 1 1 1 1 8 0 3 2 3 -1 -1 -1 -1 -1 -1 619070 0 15 16 16 16.25 2 4 2 5
0 0 0 7 1 1 1 1 8 0 3 2 3 3 2 4 0 1 1 619703 0 15 16 16 16.25 2 8 0 5
0 0 0 6 1 1 1 1 8 0 3 2 3 -1 -1 -1 -1 -1 -1 620336 0 15 16 16 14.7333 2 8 0 5
0 0 0 6 4 1 1 1 8 0 3 2 3 -1 -1 -1 -1 -1 -1 621036 1 15 16 16 16.25 2 8 0 5
0 0 0 6 1 1 1 1 8 0 3 2 3 -1 -1 -1 -1 -1 -1 621669 0 15 16 16 16.25 2 8 0 5
0 0 0 6 3 1 1 1 8 0 3 2 3 4 1 4 2 0 0 622269 0 15 16 16 16.25 2 4 2 5
0 0 0 1 6 1 1 1 8 0 3 2 4 -1 -1 -1 -1 -1 -1 622936 0 15 16 16 13 2 4 2 5
0 0 0 1 1 6 1 4 8 0 3 2 5 -1 -1 -1 -1 -1 -1 623702 1 15 16 16 13 2 4 2 5
0 0 0 1 1 6 1 1 8 0 3 2 5 -1 -1 -1 -1 -1 -1 624402 0 15 16 16 16.25 2 4 2 5
0 0 0 3 1 6 1 1 8 0 3 2 5 3 3 4 3 0 0 625035 0 15 16 16 16.25 2 5 2 5
0 0 0 1 1 6 1 1 8 0 3 2 5 -1 -1 -1 -1 -1 -1 625635 0 15 16 16 16.25 2 5 2 5
0 0 0 1 6 1 4 1 8 0 3 2 4 -1 -1 -1 -1 -1 -1 626335 1 15 16 16 13 2 5 2 5
0 0 0 1 6 1 1 1 8 0 3 2 4 -1 -1 -1 -1 -1 -1 626968 0 15 16 16 16.25 2 5 2 5
0 0 0 1 6 3 1 1 8 0 3 2 4 5 1 4 2 0 0 627568 0 15 16 16 16.25 2 4 2 5
0 0 0 1 6 1 1 1 8 0 3 2 4 -1 -1 -1 -1 -1 -1 628201 0 15 16 16 14.3 2 4 2 5
0 0 0 1 1 4 6 1 8 0 3 2 6 -1 -1 -1 -1 -1 -1 628968 1 15 16 16 13 2 4 2 5
0 0 0 1 1 1 1 6 8 0 3 2 7 -1 -1 -1 -1 -1 -1 629734 0 15 16 16 13 2 4 2 5
0 0 0 1 1 1 1 7 8 0 3 2 7 7 1 4 2 1 1 630501 0 15 16 16 13 2 6 2 5
0 0 0 1 1 1 1 6 8 0 3 2 7 -1 -1 -1 -1 -1 -1 631300 0 15 16 16 13 2 6 2 5
0 0 0 1 1 4 1 6 8 0 3 2 7 -1 -1 -1 -1 -1 -1 631967 1 15 16 16 16.25 2 6 2 5
0 0 0 1 1 1 1 6 8 0 3 2 7 -1 -1 -1 -1 -1 -1 632567 0 15 16 16 16.25 2 6 2 5
0 0 0 1 1 1 3 6 8 0 3 2 7 6 0 4 1 0 0 633200 0 15 16 16 15.6 2 5 2 5
0 0 0 1 1 1 1 6 8 0 3 2 7 -1 -1 -1 -1 -1 -1 633933 0 15 16 16 13 2 5 2 5
0 0 0 1 1 4 1 6 8 0 3 2 7 -1 -1 -1 -1 -1 -1 634666 1 15 16 16 16.25 2 5 2 5
0 0 0 1 1 1 1 6 8 0 3 2 7 -1 -1 -1 -1 -1 -1 635266 0 15 16 16 16.25 2 5 2 5
0 0 0 1 1 1 3 6 8 0 3 2 7 6 3 4 3 0 0 635899 0 15 16 16 16.25 2 6 2 5
0 0 0 1 1 1 1 6 8 0 3 2 7 -1 -1 -1 -1 -1 -1 636532 0 15 16 16 16.25 2 6 2 5
0 0 0 1 1 1 4 6 8 0 3 2 7 -1 -1 -1 -1 -1 -1 637166 1 15 16 16 16.25 2 6 2 5
0 0 0 1 1 1 6 1 8 0 3 2 6 -1 -1 -1 -1 -1 -1 637765 0 15 16 16 16.25 2 6 2 5
0 0 0 1 7 1 1 1 8 0 3 2 4 4 1 4 2 1 1 638432 0 15 16 16 13.65 2 4 2 5
0 0 0 1 1 6 1 1 8 0 3 2 5 -1 -1 -1 -1 -1 -1 639198 0 15 16 16 13 2 4 2 5
0 0 0 4 6 1 1 1 8 0 3 2 4 -1 -1 -1 -1 -1 -1 639965 1 15 16 16 13 2 4 2 5
0 0 0 1 6 1 1 1 8 0 3 2 4 -1 -1 -1 -1 -1 -1 640731 0 15 16 16 13 2 4 2 5
0 0 0 1 7 1 1 1 8 0 3 2 4 4 0 4 1 1 1 641498 0 15 16 16 13 2 8 0 5
0 0 0 0 1 6 1 0 9 6 2 0 5 -1 -1 -1 -1 -1 -1 647963 0 15 40 16 60 2 8 0 3
0 0 0 0 1 6 1 0 9 6 2 0 5 -1 -1 -1 -1 -1 -1 648130 0 15 40 16 60 2 8 0 3
0 0 0 0 1 6 1 0 9 6 2 0 5 -1 -1 -1 -1 -1 -1 648296 0 15 40 16 60 2 5 2 3
0 0 0 0 1 6 1 0 9 6 2 0 5 -1 -1 -1 -1 -1 -1 648463 0 15 40 16 50.6 2 5 2 3
0 0 0 0 1 6 1 0 9 6 2 0 5 -1 -1 -1 -1 -1 -1 648729 0 15 40 16 25.5333 2 5 2 3
0 0 0 0 1 6 1 0 9 6 2 0 5 -1 -1 -1 -1 -1 -1 649463 0 15 40 16 13 2 5 2 3
0 0 0 0 1 6 1 0 9 6 2 0 5 -1 -1 -1 -1 -1 -1 650096 0 15 40 16 16.25 2 5 2 3
0 0 0 0 1 6 1 0 9 6 2 0 5 -1 -1 -1 -1 -1 -1 650696 0 15 40 16 16.25 2 5 2 3
0 0 0 0 1 6 1 0 9 6 2 0 5 -1 -1 -1 -1 -1 -1 651329 0 15 40 16 16.25 2 5 2 3
0 0 0 0 1 6 1 0 9 6 2 0 5 -1 -1 -1 -1 -1 -1 651929 0 15 40 16 16.25 2 5 2 3
0 0 0 0 1 7 1 0 9 6 2 0 5 5 5 4 4 1 1 652528 0 15 40 16 16.25 2 4 2 3
0 0 0 0 6 1 1 0 9 6 2 0 4 -1 -1 -1 -1 -1 -1 653228 0 15 40 16 13 2 4 2 3
0 0 0 0 6 1 1 0 9 6 2 0 4 -1 -1 -1 -1 -1 -1 653895 0 15 40 16 16.25 2 4 2 3
0 0 0 0 6 1 1 0 9 6 2 0 4 -1 -1 -1 -1 -1 -1 654528 0 15 40 16 16.25 2 4 2 3
0 0 0 0 7 1 1 0 9 6 2 0 4 4 5 4 4 1 1 655128 0 15 40 16 15.3833 2 6 2 3
0 0 0 0 1 6 1 0 9 6 2 0 5 -1 -1 -1 -1 -1 -1 655761 0 15 40 17 16 2 6 2 3
0 0 0 0 1 1 6 0 9 6 2 0 6 -1 -1 -1 -1 -1 -1 656361 0 15 40 17 16 2 6 2 3
0 0 0 0 1 1 6 0 9 6 2 0 6 -1 -1 -1 -1 -1 -1 656894 0 15 40 17 20 2 6 2 3
0 0 0 0 1 1 7 0 9 6 2 0 6 6 5 4 4 1 1 657394 0 15 40 17 20 2 5 2 3
0 0 0 0 1 6 1 0 9 6 2 0 5 -1 -1 -1 -1 -1 -1 657894 0 15 40 17 20 2 5 2 3
0 0 0 0 6 1 1 0 9 6 2 0 4 -1 -1 -1 -1 -1 -1 658427 0 15 40 17 16 2 5 2 3
0 0 0 0 6 1 1 0 9 6 2 0 4 -1 -1 -1 -1 -1 -1 658960 0 15 40 17 20 2 5 2 3
0 0 0 0 7 1 1 0 9 6 2 0 4 4 5 4 4 1 1 659460 0 15 40 17 20 2 4 2 3
0 0 0 0 6 1 1 0 9 6 2 0 4 -1 -1 -1 -1 -1 -1 659893 0 15 40 18 23.75 2 4 2 3
0 0 0 0 1 6 1 0 9 6 2 0 5 -1 -1 -1 -1 -1 -1 660327 0 15 40 18 21.5333 2 4 2 3
0 0 0 0 1 1 6 0 9 6 2 0 6 -1 -1 -1 -1 -1 -1 660826 0 15 40 18 23.75 2 4 2 3
0 0 0 0 1 1 7 0 9 6 2 0 6 6 5 4 4 1 1 661260 0 15 40 18 23.75 2 5 2 3
0 0 0 0 1 1 6 0 9 6 2 0 6 -1 -1 -1 -1 -1 -1 661660 0 15 40 18 23.75 2 5 2 3
0 0 0 0 1 6 1 0 9 6 2 0 5 -1 -1 -1 -1 -1 -1 662093 0 15 40 18 23.75 2 5 2 3
0 0 0 0 1 6 1 0 9 6 2 0 5 -1 -1 -1 -1 -1 -1 662526 0 15 40 18 21.85 2 5 2 3
0 0 0 0 1 7 1 0 9 6 2 0 5 5 5 4 4 1 1 663026 0 15 40 18 19 2 8 0 3
0 0 0 0 1 1 6 0 9 6 2 0 6 -1 -1 -1 -1 -1 -1 663526 0 15 40 19 21 2 8 0 3
0 0 0 0 1 1 6 0 9 6 2 0 6 -1 -1 -1 -1 -1 -1 663959 0 15 40 19 26.25 2 8 0 3
0 0 0 0 1 1 6 0 9 6 2 0 6 -1 -1 -1 -1 -1 -1 664359 0 15 40 19 26.25 2 8 0 3
0 0 0 0 1 1 7 0 9 6 2 0 6 6 5 4 4 1 1 664725 0 15 40 19 26.25 2 5 2 3
0 0 0 0 1 1 6 0 9 6 2 0 6 -1 -1 -1 -1 -1 -1 665125 0 15 40 19 26.25 2 5 2 3
0 0 0 0 1 6 1 0 9 6 2 0 5 -1 -1 -1 -1 -1 -1 665492 0 15 40 19 25.55 2 5 2 3
0 0 0 0 1 6 1 0 9 6 2 0 5 -1 -1 -1 -1 -1 -1 665892 0 15 40 19 26.25 2 5 2 3
0 0 0 0 1 7 1 0 9 6 2 0 5 5 5 4 4 1 1 666258 0 15 40 19 26.25 2 5 2 3
0 0 0 0 1 6 1 0 9 6 2 0 5 -1 -1 -1 -1 -1 -1 666625 0 15 40 20 27.5 2 5 2 3
0 0 0 0 1 1 6 0 9 6 2 0 6 -1 -1 -1 -1 -1 -1 666992 0 15 40 20 27.5 2 5 2 3
0 0 0 0 1 1 6 0 9 6 2 0 6 -1 -1 -1 -1 -1 -1 667358 0 15 40 20 27.5 2 5 2 3
0 0 0 1 1 1 7 1 9 6 2 0 6 6 5 4 4 1 1 667725 0 15 40 20 27.5 2 4 2 5
0 0 0 1 1 1 6 1 9 6 2 0 6 -1 -1 -1 -1 -1 -1 668091 0 15 40 20 27.5 2 4 2 5
0 0 0 1 1 6 1 1 9 6 2 0 5 -1 -1 -1 -1 -1 -1 668458 0 15 40 20 27.5 2 4 2 5
0 0 0 1 1 6 1 1 9 6 2 0 5 -1 -1 -1 -1 -1 -1 668824 0 15 40 20 27.5 2 4 2 5
0 0 0 1 1 7 1 1 9 6 2 0 5 5 5 4 4 1 1 669224 0 15 40 20 23.1 2 6 2 5
0 0 0 1 1 6 1 1 9 6 2 1 5 -1 -1 -1 -1 -1 -1 669658 0 15 40 21 23 2 6 2 5
0 0 0 6 1 1 1 1 9 6 2 1 3 -1 -1 -1 -1 -1 -1 670091 0 15 40 21 23 2 6 2 5
0 0 0 6 1 1 1 1 9 6 2 1 3 -1 -1 -1 -1 -1 -1 670524 0 15 40 21 23 2 6 2 5
0 0 0 7 1 1 1 1 9 6 2 1 3 3 5 4 4 1 1 670957 0 15 40 21 23 2 5 2 5
0 0 0 1 6 1 1 1 9 6 2 1 4 -1 -1 -1 -1 -1 -1 671391 0 15 40 21 23 2 5 2 5
0 0 0 1 1 6 1 1 9 6 2 1 5 -1 -1 -1 -1 -1 -1 671824 0 15 40 21 23 2 5 2 5
0 0 0 1 1 6 1 1 9 6 2 1 5 -1 -1 -1 -1 -1 -1 672257 0 15 40 21 23 2 5 2 5
0 0 0 1 1 7 1 1 9 6 2 1 5 5 5 4 4 1 1 672690 0 15 40 21 23 2 4 2 5
0 0 0 1 1 6 1 1 9 6 2 1 5 -1 -1 -1 -1 -1 -1 673123 0 15 40 22 24 2 4 2 5
0 0 0 1 6 1 1 1 9 6 2 1 4 -1 -1 -1 -1 -1 -1 673523 0 15 40 22 24 2 4 2 5
0 0 0 1 6 1 1 1 9 6 2 1 4 -1 -1 -1 -1 -1 -1 673957 0 15 40 22 24 2 4 2 5
0 0 0 1 7 1 1 1 9 6 2 1 4 4 5 4 4 1 1 674356 0 15 40 22 24 2 5 2 5
0 0 0 1 6 1 1 1 9 6 2 1 4 -1 -1 -1 -1 -1 -1 674790 0 15 40 22 24 2 5 2 5
0 0 0 1 1 6 1 1 9 6 2 1 5 -1 -1 -1 -1 -1 -1 675190 0 15 40 22 24 2 5 2 5
0 0 0 1 1 6 1 1 9 6 2 1 5 -1 -1 -1 -1 -1 -1 675623 0 15 40 22 24 2 5 2 5
0 0 0 1 1 7 1 1 9 6 2 1 5 5 5 4 4 1 1 676023 0 15 40 22 24 2 8 0 5
0 0 0 1 1 6 1 1 9 6 2 1 5 -1 -1 -1 -1 -1 -1 676423 0 15 40 23 25 2 8 0 5
0 0 0 1 1 1 1 6 9 6 2 1 7 -1 -1 -1 -1 -1 -1 676823 0 15 40 23 25 2 8 0 5
0 0 0 1 1 1 1 6 9 6 2 1 7 -1 -1 -1 -1 -1 -1 677222 0 15 40 23 25 2 8 0 5
0 0 0 1 1 1 1 7 9 6 2 1 7 7 5 4 4 1 1 677622 0 15 40 23 25 2 5 2 5
0 0 0 1 1 1 1 6 9 6 2 1 7 -1 -1 -1 -1 -1 -1 678022 0 15 40 23 25 2 5 2 5
0 0 0 1 1 1 1 6 9 6 2 1 7 -1 -1 -1 -1 -1 -1 678422 0 15 40 23 25 2 5 2 5
0 0 0 1 1 1 1 6 9 6 2 1 7 -1 -1 -1 -1 -1 -1 678822 0 15 40 23 25 2 5 2 5
0 0 0 1 1 1 1 7 9 6 2 1 7 7 5 4 4 1 1 679222 0 15 40 23 25 2 5 2 5
0 0 0 1 1 1 1 6 9 6 2 1 7 -1 -1 -1 -1 -1 -1 679622 0 15 40 24 25.5 2 5 2 5
0 0 0 1 1 1 1 6 9 6 2 1 7 -1 -1 -1 -1 -1 -1 680022 0 15 40 24 25.5 2 5 2 5
0 0 0 1 1 1 1 6 9 6 2 1 7 -1 -1 -1 -1 -1 -1 680388 0 15 40 24 25.5 2 5 2 5
0 0 0 1 1 1 1 7 9 6 2 1 7 7 5 4 4 1 1 680788 0 15 40 24 25.5 2 4 2 5
0 0 0 1 1 1 1 6 9 6 2 1 7 -1 -1 -1 -1 -1 -1 681188 0 15 40 24 25.5 2 4 2 5
0 0 0 1 1 1 6 1 9 6 2 1 6 -1 -1 -1 -1 -1 -1 681588 0 15 40 24 25.5 2 4 2 5
0 0 0 1 1 1 6 1 9 6 2 1 6 -1 -1 -1 -1 -1 -1 681955 0 15 40 24 25.5 2 4 2 5
0 0 0 1 1 1 7 1 9 6 2 1 6 6 5 4 4 1 1 682355 0 15 40 24 25.5 2 6 2 5
0 0 0 1 1 1 6 1 9 6 2 1 6 -1 -1 -1 -1 -1 -1 682754 0 15 40 25 26 2 6 2 5
0 0 0 1 1 6 1 1 9 6 2 1 5 -1 -1 -1 -1 -1 -1 683121 0 15 40 25 26 2 6 2 5
0 0 0 1 1 6 1 1 9 6 2 1 5 -1 -1 -1 -1 -1 -1 683521 0 15 40 25 26 2 6 2 5
0 0 0 1 1 7 1 1 9 6 2 1 5 5 5 4 4 1 1 683887 0 15 40 25 26 2 5 2 5
0 0 0 1 1 6 1 1 9 6 2 1 5 -1 -1 -1 -1 -1 -1 684287 0 15 40 25 26 2 5 2 5
0 0 0 1 6 1 1 1 9 6 2 1 4 -1 -1 -1 -1 -1 -1 684654 0 15 40 25 26 2 5 2 5
0 0 0 1 6 1 1 1 9 6 2 1 4 -1 -1 -1 -1 -1 -1 685054 0 15 40 25 26 2 5 2 5
0 0 0 1 7 1 1 1 9 6 2 1 4 4 5 4 4 1 1 685454 0 15 40 25 26 2 4 2 5
0 0 0 1 6 1 1 1 9 6 2 2 4 -1 -1 -1 -1 -1 -1 685820 0 15 40 26 26.5 2 4 2 5
0 0 0 1 6 1 1 1 9 6 2 2 4 -1 -1 -1 -1 -1 -1 686187 0 15 40 26 26.5 2 4 2 5
0 0 0 1 6 1 1 1 9 6 2 2 4 -1 -1 -1 -1 -1 -1 686587 0 15 40 26 26.5 2 4 2 5
0 0 0 1 7 1 1 1 9 6 2 2 4 4 5 4 4 1 1 686953 0 15 40 26 26.5 2 5 2 5
0 0 0 1 6 1 1 1 9 6 2 2 4 -1 -1 -1 -1 -1 -1 687320 0 15 40 26 26.5 2 5 2 5
0 0 0 1 1 6 1 4 9 6 2 2 5 -1 -1 -1 -1 -1 -1 687687 1 15 40 26 26.5 2 5 2 5
0 0 0 1 1 6 1 1 9 6 2 2 5 -1 -1 -1 -1 -1 -1 688086 0 15 40 26 26.5 2 5 2 5
0 0 0 1 1 7 1 1 9 6 2 2 5 5 5 4 4 1 1 688453 0 15 40 26 26.5 2 8 0 5
0 0 0 1 1 6 1 1 9 6 2 2 5 -1 -1 -1 -1 -1 -1 688820 0 15 40 27 27 2 8 0 5
0 0 0 4 1 1 6 1 9 6 2 2 6 -1 -1 -1 -1 -1 -1 689186 1 15 40 27 27 2 8 0 5
0 0 0 1 1 1 1 6 9 6 2 2 7 -1 -1 -1 -1 -1 -1 689553 0 15 40 27 27 2 8 0 5
0 0 0 1 1 1 1 7 9 6 2 2 7 7 5 4 4 1 1 689953 0 15 40 27 27 2 5 2 5
0 0 0 1 1 1 1 6 9 6 2 2 7 -1 -1 -1 -1 -1 -1 690319 0 15 40 27 27 2 5 2 5
0 0 0 4 1 1 1 6 9 6 2 2 7 -1 -1 -1 -1 -1 -1 690686 1 15 40 27 27 2 5 2 5
0 0 0 1 1 1 1 6 9 6 2 2 7 -1 -1 -1 -1 -1 -1 691052 0 15 40 27 27 2 5 2 5
0 0 0 1 1 1 1 7 9 6 2 2 7 7 5 4 4 1 1 691419 0 15 40 27 27 2 5 2 5
0 0 0 1 1 6 1 1 10 0 3 1 5 -1 -1 -1 -1 -1 -1 698217 0 15 16 16 60 2 8 0 5
0 0 0 1 1 6 1 1 10 0 3 1 5 -1 -1 -1 -1 -1 -1 698384 0 15 16 16 60 2 8 0 5
0 0 0 1 1 6 1 1 10 0 3 1 5 -1 -1 -1 -1 -1 -1 698551 0 15 16 16 60 2 5 2 5
0 0 0 1 1 6 1 1 10 0 3 1 5 -1 -1 -1 -1 -1 -1 698717 0 15 16 16 50.6 2 5 2 5
0 0 0 1 1 6 1 1 10 0 3 1 5 -1 -1 -1 -1 -1 -1 698984 0 15 16 16 25.5333 2 5 2 5
0 0 0 1 1 6 1 1 10 0 3 1 5 -1 -1 -1 -1 -1 -1 699717 0 15 16 16 13 2 5 2 5
0 0 0 1 1 6 1 1 10 0 3 1 5 -1 -1 -1 -1 -1 -1 700483 0 15 16 16 13 2 6 2 5
0 0 0 1 1 6 1 1 10 0 3 1 5 -1 -1 -1 -1 -1 -1 701250 0 15 16 16 13 2 6 2 5
0 0 0 1 1 1 6 1 10 0 3 1 6 -1 -1 -1 -1 -1 -1 702016 0 15 16 16 13 2 6 2 5
0 0 0 1 1 1 6 1 10 0 3 1 6 -1 -1 -1 -1 -1 -1 702783 0 15 16 16 13 2 6 2 5
0 0 0 1 1 3 6 1 10 0 3 1 6 5 3 4 3 0 0 703549 0 15 16 16 13 2 5 2 5
0 0 0 1 1 1 6 1 10 0 3 1 6 -1 -1 -1 -1 -1 -1 704316 0 15 16 16 13 2 5 2 5
0 0 0 1 1 1 6 1 10 0 3 1 6 -1 -1 -1 -1 -1 -1 705082 0 15 16 16 13 2 5 2 5
0 0 0 1 1 1 6 1 10 0 3 1 6 -1 -1 -1 -1 -1 -1 705849 0 15 16 16 13 2 5 2 5
0 0 0 1 1 1 6 3 10 0 3 1 6 7 1 4 2 0 0 706649 0 15 16 16 13 2 6 2 5
0 0 0 1 1 1 6 1 10 0 3 1 6 -1 -1 -1 -1 -1 -1 707415 0 15 16 16 13 2 6 2 5
0 0 0 1 1 1 6 1 10 0 3 1 6 -1 -1 -1 -1 -1 -1 708182 0 15 16 16 13 2 6 2 5
0 0 0 1 1 1 6 1 10 0 3 1 6 -1 -1 -1 -1 -1 -1 708848 0 15 16 16 16.25 2 6 2 5
0 0 0 1 1 3 6 1 10 0 3 1 6 5 2 4 0 0 0 709448 0 15 16 16 16.25 2 5 2 5
0 0 0 1 1 6 1 1 10 0 3 1 5 -1 -1 -1 -1 -1 -1 710081 0 15 16 16 15.6 2 5 2 5
0 0 0 1 1 6 1 1 10 0 3 1 5 -1 -1 -1 -1 -1 -1 710814 0 15 16 16 13 2 5 2 5
0 0 0 1 1 6 1 1 10 0 3 1 5 -1 -1 -1 -1 -1 -1 711447 0 15 16 16 16.25 2 5 2 5
0 0 0 1 1 7 1 1 10 0 3 1 5 5 3 4 3 1 1 712047 0 15 16 16 16.25 2 4 2 5
0 0 0 1 1 6 1 1 10 0 3 1 5 -1 -1 -1 -1 -1 -1 712680 0 15 16 16 14.5167 2 4 2 5
0 0 0 1 1 1 6 1 10 0 3 1 6 -1 -1 -1 -1 -1 -1 713447 0 15 16 16 13 2 4 2 5
0 0 0 1 1 1 6 1 10 0 3 1 6 -1 -1 -1 -1 -1 -1 714147 0 15 16 16 16.25 2 4 2 5
0 0 0 1 1 3 6 1 10 0 3 1 6 5 2 4 0 0 0 714780 0 15 16 16 16.25 2 4 2 5
0 0 0 1 1 1 6 1 10 0 3 1 6 -1 -1 -1 -1 -1 -1 715380 0 15 16 16 16.25 2 4 2 5
0 0 0 1 1 6 1 1 10 0 3 1 5 -1 -1 -1 -1 -1 -1 716080 0 15 16 16 13 2 4 2 5
0 0 0 1 6 1 1 1 10 0 3 1 4 -1 -1 -1 -1 -1 -1 716813 0 15 16 16 16.25 2 4 2 5
0 0 0 1 7 1 1 1 10 0 3 1 4 4 2 4 0 1 1 717413 0 15 16 16 16.25 2 8 0 5
0 0 0 1 6 1 1 1 10 0 3 1 4 -1 -1 -1 -1 -1 -1 718046 0 15 16 16 16.25 2 8 0 5
0 0 0 1 6 1 1 1 10 0 3 1 4 -1 -1 -1 -1 -1 -1 718646 0 15 16 16 16.25 2 8 0 5
0 0 0 1 6 1 1 1 10 0 3 1 4 -1 -1 -1 -1 -1 -1 719279 0 15 16 16 16.25 2 8 0 5
0 0 0 1 6 3 1 1 10 0 3 1 4 5 1 4 2 0 0 719879 0 15 16 16 16.25 2 5 2 5
0 0 0 1 6 1 1 1 10 0 3 1 4 -1 -1 -1 -1 -1 -1 720579 0 15 16 16 13 2 5 2 5
0 0 0 1 1 6 1 1 10 0 3 1 5 -1 -1 -1 -1 -1 -1 721312 0 15 16 16 16.25 2 5 2 5
0 0 0 1 1 6 1 1 10 0 3 1 5 -1 -1 -1 -1 -1 -1 721945 0 15 16 16 16.25 2 5 2 5
0 0 0 1 3 6 1 1 10 0 3 1 5 4 3 4 3 0 0 722545 0 15 16 16 16.25 2 6 2 5
0 0 0 1 1 6 1 1 10 0 3 1 5 -1 -1 -1 -1 -1 -1 723211 0 15 16 16 13.2167 2 6 2 5
0 0 0 1 1 6 1 1 10 0 3 1 5 -1 -1 -1 -1 -1 -1 723878 0 15 16 16 16.25 2 6 2 5
0 0 0 1 1 6 1 1 10 0 3 1 5 -1 -1 -1 -1 -1 -1 724511 0 15 16 16 16.25 2 6 2 5
0 0 0 1 3 6 1 1 10 0 3 1 5 4 1 4 2 0 0 725111 0 15 16 16 15.6 2 5 2 5
0 0 0 1 6 1 1 1 10 0 3 1 4 -1 -1 -1 -1 -1 -1 725844 0 15 16 16 13 2 5 2 5
0 0 0 1 6 1 1 1 10 0 3 1 4 -1 -1 -1 -1 -1 -1 726510 0 15 16 16 16.25 2 5 2 5
0 0 0 1 6 1 1 1 10 0 3 1 4 -1 -1 -1 -1 -1 -1 727110 0 15 16 16 16.25 2 5 2 5
0 0 0 1 7 1 1 1 10 0 3 1 4 4 1 4 2 1 1 727743 0 15 16 16 15.1667 2 6 2 5
0 0 0 1 6 1 1 1 10 0 3 1 4 -1 -1 -1 -1 -1 -1 728477 0 15 16 16 13 2 6 2 5
0 0 0 1 6 1 1 1 10 0 3 1 4 -1 -1 -1 -1 -1 -1 729143 0 15 16 16 16.25 2 6 2 5
0 0 0 1 6 1 1 1 10 0 3 1 4 -1 -1 -1 -1 -1 -1 729776 0 15 16 16 16.25 2 6 2 5
0 0 0 3 6 1 1 1 10 0 3 1 4 3 2 4 0 0 0 730376 0 15 16 16 15.3833 2 5 2 5
0 0 0 1 6 1 1 1 10 0 3 1 4 -1 -1 -1 -1 -1 -1 731109 0 15 16 16 13 2 5 2 5
0 0 0 1 6 1 1 1 10 0 3 1 4 -1 -1 -1 -1 -1 -1 731776 0 15 16 16 16.25 2 5 2 5
0 0 0 1 6 1 1 1 10 0 3 1 4 -1 -1 -1 -1 -1 -1 732376 0 15 16 16 16.25 2 5 2 5
0 0 0 3 6 1 1 1 10 0 3 1 4 3 0 4 1 0 0 733009 0 15 16 16 14.95 2 4 2 5
0 0 0 1 6 1 1 1 10 0 3 1 4 -1 -1 -1 -1 -1 -1 733742 0 15 16 16 16.25 2 4 2 5
0 0 0 1 6 1 1 1 10 0 3 1 4 -1 -1 -1 -1 -1 -1 734342 0 15 16 16 16.25 2 4 2 5
0 0 0 1 6 1 1 1 10 0 3 1 4 -1 -1 -1 -1 -1 -1 734975 0 15 16 16 16.25 2 4 2 5
0 0 0 1 7 1 1 1 10 0 3 1 4 4 1 4 2 1 1 735608 0 15 16 16 13.4333 2 4 2 5
0 0 0 1 1 6 1 1 10 0 3 1 5 -1 -1 -1 -1 -1 -1 736375 0 15 16 16 13 2 4 2 5
0 0 0 1 1 6 1 1 10 0 3 1 5 -1 -1 -1 -1 -1 -1 737074 0 15 16 16 16.25 2 4 2 5
0 0 0 1 1 6 1 1 10 0 3 1 5 -1 -1 -1 -1 -1 -1 737708 0 15 16 16 16.25 2 4 2 5
0 0 0 1 1 7 1 1 10 0 3 1 5 5 2 4 0 1 1 738308 0 15 16 16 16.0333 2 8 0 5
0 0 0 1 1 6 1 1 10 0 3 1 5 -1 -1 -1 -1 -1 -1 739007 0 15 16 16 13 2 8 0 5
0 0 0 1 1 6 1 1 10 0 3 1 5 -1 -1 -1 -1 -1 -1 739674 0 15 16 16 16.25 2 8 0 5
0 0 0 1 1 6 1 1 10 0 3 1 5 -1 -1 -1 -1 -1 -1 740307 0 15 16 16 16.25 2 8 0 5
0 0 0 1 3 6 1 1 10 0 3 1 5 4 3 4 3 0 0 740907 0 15 16 16 15.1667 2 5 2 5
0 0 0 1 1 6 1 1 10 0 3 1 5 -1 -1 -1 -1 -1 -1 741640 0 15 16 16 13 2 5 2 5
0 0 0 1 1 6 1 1 10 0 3 1 5 -1 -1 -1 -1 -1 -1 742340 0 15 16 16 16.25 2 5 2 5
0 0 0 1 1 6 1 1 10 0 3 1 5 -1 -1 -1 -1 -1 -1 742973 0 15 16 16 16.25 2 5 2 5
0 0 0 1 1 6 3 1 10 0 3 1 5 6 2 4 0 0 0 743573 0 15 16 16 16.25 2 6 2 5
0 0 0 1 1 6 1 1 10 0 3 1 5 -1 -1 -1 -1 -1 -1 744273 0 15 16 16 13 2 6 2 5
0 0 0 1 1 1 6 1 10 0 3 1 6 -1 -1 -1 -1 -1 -1 745039 0 15 16 16 16.25 2 6 2 5
0 0 0 1 1 1 6 1 10 0 3 1 6 -1 -1 -1 -1 -1 -1 745639 0 15 16 16 16.25 2 6 2 5
0 0 0 1 1 1 7 1 10 0 3 1 6 6 2 4 0 1 1 746239 0 15 16 16 16.25 2 5 2 5
0 0 0 1 1 1 6 1 10 0 3 1 6 -1 -1 -1 -1 -1 -1 746939 0 15 16 16 13 2 5 2 5
0 0 0 1 1 1 6 1 10 0 3 1 6 -1 -1 -1 -1 -1 -1 747572 0 15 16 16 16.25 2 5 2 5
0 0 0 1 1 1 6 1 10 0 3 1 6 -1 -1 -1 -1 -1 -1 748172 0 15 16 16 16.25 2 5 2 5
0 0 0 1 1 1 6 3 10 0 3 1 6 7 1 4 2 0 0 748805 0 15 16 16 14.7333 2 6 2 5
0 0 0 1 1 6 1 1 10 0 3 1 5 -1 -1 -1 -1 -1 -1 749571 0 15 16 16 13 2 6 2 5
0 0 0 1 1 6 1 1 10 0 3 1 5 -1 -1 -1 -1 -1 -1 750238 0 15 16 16 16.25 2 6 2 5
0 0 0 1 1 6 1 1 10 0 3 1 5 -1 -1 -1 -1 -1 -1 750838 0 15 16 16 16.25 2 6 2 5
0 0 0 1 1 6 3 1 10 0 3 1 5 6 0 4 1 0 0 751471 0 15 16 16 15.6 2 5 2 5
0 0 0 1 1 6 1 1 10 0 3 1 5 -1 -1 -1 -1 -1 -1 752204 0 15 16 16 13 2 5 2 5
0 0 0 1 1 6 1 1 10 0 3 1 5 -1 -1 -1 -1 -1 -1 752871 0 15 16 16 16.25 2 5 2 5
0 0 0 1 1 6 1 1 10 0 3 1 5 -1 -1 -1 -1 -1 -1 753504 0 15 16 16 16.25 2 5 2 5
0 0 0 1 3 6 1 1 10 0 3 1 5 4 0 4 1 0 0 754104 0 15 16 16 15.8167 2 4 2 5
0 0 0 1 1 1 6 1 10 0 3 1 6 -1 -1 -1 -1 -1 -1 754837 0 15 16 16 13 2 4 2 5
0 0 0 1 1 1 6 1 10 0 3 1 6 -1 -1 -1 -1 -1 -1 755503 0 15 16 16 16.25 2 4 2 5
0 0 0 1 1 1 6 1 10 0 3 1 6 -1 -1 -1 -1 -1 -1 756103 0 15 16 16 16.25 2 4 2 5
0 0 0 1 1 1 7 1 10 0 3 1 6 6 1 4 2 1 1 756736 0 15 16 16 15.3833 2 4 2 5
0 0 0 1 1 1 6 1 10 0 3 1 6 -1 -1 -1 -1 -1 -1 757470 0 15 16 16 13 2 4 2 5
0 0 0 1 1 6 1 1 10 0 3 1 5 -1 -1 -1 -1 -1 -1 758203 0 15 16 16 16.25 2 4 2 5
0 0 0 1 1 6 1 1 10 0 3 1 5 -1 -1 -1 -1 -1 -1 758836 0 15 16 16 16.25 2 4 2 5
0 0 0 1 3 6 1 1 10 0 3 1 5 4 3 4 3 0 0 759436 0 15 16 16 16.25 2 8 0 5
0 0 0 1 1 6 1 1 10 0 3 1 5 -1 -1 -1 -1 -1 -1 760102 0 15 16 16 16.25 2 8 0 5
0 0 0 1 1 6 1 1 10 0 3 1 5 -1 -1 -1 -1 -1 -1 760702 0 15 16 16 16.25 2 8 0 5
0 0 0 1 1 6 1 1 10 0 3 1 5 -1 -1 -1 -1 -1 -1 761335 0 15 16 16 16.25 2 8 0 5
0 0 0 1 1 7 1 1 10 0 3 1 5 5 0 4 1 1 1 761968 0 15 16 16 13.8667 2 5 2 5
0 0 0 1 1 6 1 1 10 0 3 1 5 -1 -1 -1 -1 -1 -1 698217 0 15 16 16 60 2 8 0 5
0 0 0 1 1 6 1 1 10 0 3 1 5 -1 -1 -1 -1 -1 -1 698384 0 15 16 16 60 2 8 0 5
0 0 0 1 1 6 1 1 10 0 3 1 5 -1 -1 -1 -1 -1 -1 698551 0 15 16 16 60 2 5 2 5
0 0 0 1 1 6 1 1 10 0 3 1 5 -1 -1 -1 -1 -1 -1 698717 0 15 16 16 50.6 2 5 2 5
0 0 0 1 1 6 1 1 10 0 3 1 5 -1 -1 -1 -1 -1 -1 698984 0 15 16 16 25.5333 2 5 2 5
0 0 0 1 1 6 1 1 10 0 3 1 5 -1 -1 -1 -1 -1 -1 699717 0 15 16 16 13 2 5 2 5
0 0 0 1 1 6 1 1 10 0 3 1 5 -1 -1 -1 -1 -1 -1 700483 0 15 16 16 13 2 6 2 5
0 0 0 1 1 6 1 1 10 0 3 1 5 -1 -1 -1 -1 -1 -1 701250 0 15 16 16 13 2 6 2 5
0 0 0 1 1 1 6 1 10 0 3 1 6 -1 -1 -1 -1 -1 -1 702016 0 15 16 16 13 2 6 2 5
0 0 0 1 1 1 6 1 10 0 3 1 6 -1 -1 -1 -1 -1 -1 702783 0 15 16 16 13 2 6 2 5
0 0 0 1 1 3 6 1 10 0 3 1 6 5 3 4 3 0 0 703549 0 15 16 16 13 2 5 2 5
0 0 0 1 1 1 6 1 10 0 3 1 6 -1 -1 -1 -1 -1 -1 704316 0 15 16 16 13 2 5 2 5
0 0 0 1 1 1 6 1 10 0 3 1 6 -1 -1 -1 -1 -1 -1 705082 0 15 16 16 13 2 5 2 5
0 0 0 1 1 1 6 1 10 0 3 1 6 -1 -1 -1 -1 -1 -1 705849 0 15 16 16 13 2 5 2 5
0 0 0 1 1 1 6 3 10 0 3 1 6 7 1 4 2 0 0 706649 0 15 16 16 13 2 6 2 5
0 0 0 1 1 1 6 1 10 0 3 1 6 -1 -1 -1 -1 -1 -1 707415 0 15 16 16 13 2 6 2 5
0 0 0 1 1 1 6 1 10 0 3 1 6 -1 -1 -1 -1 -1 -1 708182 0 15 16 16 13 2 6 2 5
0 0 0 1 1 1 6 1 10 0 3 1 6 -1 -1 -1 -1 -1 -1 708848 0 15 16 16 16.25 2 6 2 5
0 0 0 1 1 3 6 1 10 0 3 1 6 5 2 4 0 0 0 709448 0 15 16 16 16.25 2 5 2 5
0 0 0 1 1 6 1 1 10 0 3 1 5 -1 -1 -1 -1 -1 -1 710081 0 15 16 16 15.6 2 5 2 5
0 0 0 1 1 6 1 1 10 0 3 1 5 -1 -1 -1 -1 -1 -1 710814 0 15 16 16 13 2 5 2 5
0 0 0 1 1 6 1 1 10 0 3 1 5 -1 -1 -1 -1 -1 -1 711447 0 15 16 16 16.25 2 5 2 5
0 0 0 1 1 7 1 1 10 0 3 1 5 5 3 4 3 1 1 712047 0 15 16 16 16.25 2 4 2 5
0 0 0 1 1 6 1 1 10 0 3 1 5 -1 -1 -1 -1 -1 -1 712680 0 15 16 16 14.5167 2 4 2 5
0 0 0 1 1 1 6 1 10 0 3 1 6 -1 -1 -1 -1 -1 -1 713447 0 15 16 16 13 2 4 2 5
0 0 0 1 1 1 6 1 10 0 3 1 6 -1 -1 -1 -1 -1 -1 714147 0 15 16 16 16.25 2 4 2 5
0 0 0 1 1 3 6 1 10 0 3 1 6 5 2 4 0 0 0 714780 0 15 16 16 16.25 2 4 2 5
0 0 0 1 1 1 6 1 10 0 3 1 6 -1 -1 -1 -1 -1 -1 715380 0 15 16 16 16.25 2 4 2 5
0 0 0 1 1 6 1 1 10 0 3 1 5 -1 -1 -1 -1 -1 -1 716080 0 15 16 16 13 2 4 2 5
0 0 0 1 6 1 1 1 10 0 3 1 4 -1 -1 -1 -1 -1 -1 716813 0 15 16 16 16.25 2 4 2 5
0 0 0 1 7 1 1 1 10 0 3 1 4 4 2 4 0 1 1 717413 0 15 16 16 16.25 2 8 0 5
0 0 0 1 6 1 1 1 10 0 3 1 4 -1 -1 -1 -1 -1 -1 718046 0 15 16 16 16.25 2 8 0 5
0 0 0 1 6 1 1 1 10 0 3 1 4 -1 -1 -1 -1 -1 -1 718646 0 15 16 16 16.25 2 8 0 5
0 0 0 1 6 1 1 1 10 0 3 1 4 -1 -1 -1 -1 -1 -1 719279 0 15 16 16 16.25 2 8 0 5
0 0 0 1 6 3 1 1 10 0 3 1 4 5 1 4 2 0 0 719879 0 15 16 16 16.25 2 5 2 5
0 0 0 1 6 1 1 1 10 0 3 1 4 -1 -1 -1 -1 -1 -1 720579 0 15 16 16 13 2 5 2 5
0 0 0 1 1 6 1 1 10 0 3 1 5 -1 -1 -1 -1 -1 -1 721312 0 15 16 16 16.25 2 5 2 5
0 0 0 1 1 6 1 1 10 0 3 1 5 -1 -1 -1 -1 -1 -1 721945 0 15 16 16 16.25 2 5 2 5
0 0 0 1 3 6 1 1 10 0 3 1 5 4 3 4 3 0 0 722545 0 15 16 16 16.25 2 6 2 5
0 0 0 1 1 6 1 1 10 0 3 1 5 -1 -1 -1 -1 -1 -1 723211 0 15 16 16 13.2167 2 6 2 5
0 0 0 1 1 6 1 1 10 0 3 1 5 -1 -1 -1 -1 -1 -1 723878 0 15 16 16 16.25 2 6 2 5
0 0 0 1 1 6 1 1 10 0 3 1 5 -1 -1 -1 -1 -1 -1 724511 0 15 16 16 16.25 2 6 2 5
0 0 0 1 3 6 1 1 10 0 3 1 5 4 1 4 2 0 0 725111 0 15 16 16 15.6 2 5 2 5
0 0 0 1 6 1 1 1 10 0 3 1 4 -1 -1 -1 -1 -1 -1 725844 0 15 16 16 13 2 5 2 5
0 0 0 1 6 1 1 1 10 0 3 1 4 -1 -1 -1 -1 -1 -1 726510 0 15 16 16 16.25 2 5 2 5
0 0 0 1 6 1 1 1 10 0 3 1 4 -1 -1 -1 -1 -1 -1 727110 0 15 16 16 16.25 2 5 2 5
0 0 0 1 7 1 1 1 10 0 3 1 4 4 1 4 2 1 1 727743 0 15 16 16 15.1667 2 6 2 5
0 0 0 1 6 1 1 1 10 0 3 1 4 -1 -1 -1 -1 -1 -1 728477 0 15 16 16 13 2 6 2 5
0 0 0 1 6 1 1 1 10 0 3 1 4 -1 -1 -1 -1 -1 -1 729143 0 15 16 16 16.25 2 6 2 5
0 0 0 1 6 1 1 1 10 0 3 1 4 -1 -1 -1 -1 -1 -1 729776 0 15 16 16 16.25 2 6 2 5
0 0 0 3 6 1 1 1 10 0 3 1 4 3 2 4 0 0 0 730376 0 15 16 16 15.3833 2 5 2 5
0 0 0 1 6 1 1 1 10 0 3 1 4 -1 -1 -1 -1 -1 -1 731109 0 15 16 16 13 2 5 2 5
0 0 0 1 6 1 1 1 10 0 3 1 4 -1 -1 -1 -1 -1 -1 731776 0 15 16 16 16.25 2 5 2 5
0 0 0 1 6 1 1 1 10 0 3 1 4 -1 -1 -1 -1 -1 -1 732376 0 15 16 16 16.25 2 5 2 5
0 0 0 3 6 1 1 1 10 0 3 1 4 3 0 4 1 0 0 733009 0 15 16 16 14.95 2 4 2 5
0 0 0 1 6 1 1 1 10 0 3 1 4 -1 -1 -1 -1 -1 -1 733742 0 15 16 16 16.25 2 4 2 5
0 0 0 1 6 1 1 1 10 0 3 1 4 -1 -1 -1 -1 -1 -1 734342 0 15 16 16 16.25 2 4 2 5
0 0 0 1 6 1 1 1 10 0 3 1 4 -1 -1 -1 -1 -1 -1 734975 0 15 16 16 16.25 2 4 2 5
0 0 0 1 7 1 1 1 10 0 3 1 4 4 1 4 2 1 1 735608 0 15 16 16 13.4333 2 4 2 5
0 0 0 1 1 6 1 1 10 0 3 1 5 -1 -1 -1 -1 -1 -1 736375 0 15 16 16 13 2 4 2 5
0 0 0 1 1 6 1 1 10 0 3 1 5 -1 -1 -1 -1 -1 -1 737074 0 15 16 16 16.25 2 4 2 5
0 0 0 1 1 6 1 1 10 0 3 1 5 -1 -1 -1 -1 -1 -1 737708 0 15 16 16 16.25 2 4 2 5
0 0 0 1 1 7 1 1 10 0 3 1 5 5 2 4 0 1 1 738308 0 15 16 16 16.0333 2 8 0 5
0 0 0 1 1 6 1 1 10 0 3 1 5 -1 -1 -1 -1 -1 -1 739007 0 15 16 16 13 2 8 0 5
0 0 0 1 1 6 1 1 10 0 3 1 5 -1 -1 -1 -1 -1 -1 739674 0 15 16 16 16.25 2 8 0 5
0 0 0 1 1 6 1 1 10 0 3 1 5 -1 -1 -1 -1 -1 -1 740307 0 15 16 16 16.25 2 8 0 5
0 0 0 1 3 6 1 1 10 0 3 1 5 4 3 4 3 0 0 740907 0 15 16 16 15.1667 2 5 2 5
0 0 0 1 1 6 1 1 10 0 3 1 5 -1 -1 -1 -1 -1 -1 741640 0 15 16 16 13 2 5 2 5
0 0 0 1 1 6 1 1 10 0 3 1 5 -1 -1 -1 -1 -1 -1 742340 0 15 16 16 16.25 2 5 2 5
0 0 0 1 1 6 1 1 10 0 3 1 5 -1 -1 -1 -1 -1 -1 742973 0 15 16 16 16.25 2 5 2 5
0 0 0 1 1 6 3 1 10 0 3 1 5 6 2 4 0 0 0 743573 0 15 16 16 16.25 2 6 2 5
0 0 0 1 1 6 1 1 10 0 3 1 5 -1 -1 -1 -1 -1 -1 744273 0 15 16 16 13 2 6 2 5
0 0 0 1 1 1 6 1 10 0 3 1 6 -1 -1 -1 -1 -1 -1 745039 0 15 16 16 16.25 2 6 2 5
0 0 0 1 1 1 6 1 10 0 3 1 6 -1 -1 -1 -1 -1 -1 745639 0 15 16 16 16.25 2 6 2 5
0 0 0 1 1 1 7 1 10 0 3 1 6 6 2 4 0 1 1 746239 0 15 16 16 16.25 2 5 2 5
0 0 0 1 1 1 6 1 10 0 3 1 6 -1 -1 -1 -1 -1 -1 746939 0 15 16 16 13 2 5 2 5
0 0 0 1 1 1 6 1 10 0 3 1 6 -1 -1 -1 -1 -1 -1 747572 0 15 16 16 16.25 2 5 2 5
0 0 0 1 1 1 6 1 10 0 3 1 6 -1 -1 -1 -1 -1 -1 748172 0 15 16 16 16.25 2 5 2 5
0 0 0 1 1 1 6 3 10 0 3 1 6 7 1 4 2 0 0 748805 0 15 16 16 14.7333 2 6 2 5
0 0 0 1 1 6 1 1 10 0 3 1 5 -1 -1 -1 -1 -1 -1 749571 0 15 16 16 13 2 6 2 5
0 0 0 1 1 6 1 1 10 0 3 1 5 -1 -1 -1 -1 -1 -1 750238 0 15 16 16 16.25 2 6 2 5
0 0 0 1 1 6 1 1 10 0 3 1 5 -1 -1 -1 -1 -1 -1 750838 0 15 16 16 16.25 2 6 2 5
0 0 0 1 1 6 3 1 10 0 3 1 5 6 0 4 1 0 0 751471 0 15 16 16 15.6 2 5 2 5
0 0 0 1 1 6 1 1 10 0 3 1 5 -1 -1 -1 -1 -1 -1 752204 0 15 16 16 13 2 5 2 5
0 0 0 1 1 6 1 1 10 0 3 1 5 -1 -1 -1 -1 -1 -1 752871 0 15 16 16 16.25 2 5 2 5
0 0 0 1 1 6 1 1 10 0 3 1 5 -1 -1 -1 -1 -1 -1 753504 0 15 16 16 16.25 2 5 2 5
0 0 0 1 3 6 1 1 10 0 3 1 5 4 0 4 1 0 0 754104 0 15 16 16 15.8167 2 4 2 5
0 0 0 1 1 1 6 1 10 0 3 1 6 -1 -1 -1 -1 -1 -1 754837 0 15 16 16 13 2 4 2 5
0 0 0 1 1 1 6 1 10 0 3 1 6 -1 -1 -1 -1 -1 -1 755503 0 15 16 16 16.25 2 4 2 5
0 0 0 1 1 1 6 1 10 0 3 1 6 -1 -1 -1 -1 -1 -1 756103 0 15 16 16 16.25 2 4 2 5
0 0 0 1 1 1 7 1 10 0 3 1 6 6 1 4 2 1 1 756736 0 15 16 16 15.3833 2 4 2 5
0 0 0 1 1 1 6 1 10 0 3 1 6 -1 -1 -1 -1 -1 -1 757470 0 15 16 16 13 2 4 2 5
0 0 0 1 1 6 1 1 10 0 3 1 5 -1 -1 -1 -1 -1 -1 758203 0 15 16 16 16.25 2 4 2 5
0 0 0 1 1 6 1 1 10 0 3 1 5 -1 -1 -1 -1 -1 -1 758836 0 15 16 16 16.25 2 4 2 5
0 0 0 1 3 6 1 1 10 0 3 1 5 4 3 4 3 0 0 759436 0 15 16 16 16.25 2 8 0 5
0 0 0 1 1 6 1 1 10 0 3 1 5 -1 -1 -1 -1 -1 -1 760102 0 15 16 16 16.25 2 8 0 5
0 0 0 1 1 6 1 1 10 0 3 1 5 -1 -1 -1 -1 -1 -1 760702 0 15 16 16 16.25 2 8 0 5
0 0 0 1 1 6 1 1 10 0 3 1 5 -1 -1 -1 -1 -1 -1 761335 0 15 16 16 16.25 2 8 0 5
0 0 0 1 1 7 1 1 10 0 3 1 5 5 0 4 1 1 1 761968 0 15 16 16 13.8667 2 5 2 5
