% Tunnel Log: 
% debug seed: 1462382317
%
% SegEncNW { '0'=no panel, '1'=panel, '4'=obstacle, '5'=collided obstacle, '6'=player, '7'=player right, '8'=player wrong, '2'=target, '3'=fake }
% SegEncN
% SegEncNE
% SegEncE
% SegEncSE
% SegEncS
% SegEncSW
% SegEncW
% Event Number { 0, inf }
% Task Type { 0=Color/Sound, 1=Shape/Sound, 2=Sound, 3=Navigation, 4=Speed, 5=Training 6=Recess, 7=Special 2-Back }
% N-Back { 0, inf }
% Navigation Level { 0, inf }
% Player Loc { 0=Northwest ... 7=West }
% Pod Loc { -1=N/A, 0=Northwest ... 7=West }
% Pod Color { -1, inf }
% Pod Shape { -1, inf }
% Pod Sound { -1, inf }
% Pod Match { -1=N/A, 0=No, 1=Yes }
% Pod Taken { -1=N/A, 0=No, 1=Yes }
% Timestamp (ms)
% Num Obstacles { 0, inf }
% Min Speed { 0, inf }
% Max Speed { 0, inf }
% Base Speed { 0, inf }
% Final Speed { 0, inf }
% Navigation Score { 0, inf }
% Segment Direction { 0=Northwest ... 7=West }
% Segment Angle { 0, inf }
% Segment Panels { 0, inf }
%
% SegEncNW SecEncN SegEncNE SegEncE SegEncSE SegEncS SegEncSW SegEncW EventNumber TaskType N-Back Navigation PlayerLoc PodLoc PodColor PodShape PodSound PodMatch PodTaken Timestamp NumObs MinSpeed MaxSpeed BaseSpeed FinalSpeed NavScore SegmentDir SegmentAngle SegmentPanels
0 0 0 0 1 6 1 0 0 3 1 0 5 -1 -1 -1 -1 -1 -1 39099 0 15 40 15 60 2 8 0 3
0 0 0 0 1 6 1 0 0 3 1 0 5 -1 -1 -1 -1 -1 -1 39266 0 15 40 15 60 2 8 0 3
0 0 0 0 1 6 1 0 0 3 1 0 5 -1 -1 -1 -1 -1 -1 39433 0 15 40 15 60 2 5 2 3
0 0 0 0 1 6 1 0 0 3 1 0 5 -1 -1 -1 -1 -1 -1 39599 0 15 40 15 50 2 5 2 3
0 0 0 0 1 6 1 0 0 3 1 0 5 -1 -1 -1 -1 -1 -1 39899 0 15 40 15 20 2 5 2 3
0 0 0 0 1 6 1 0 0 3 1 0 5 -1 -1 -1 -1 -1 -1 40833 0 15 40 15 10 2 5 2 3
0 0 0 0 1 6 1 0 0 3 1 0 5 -1 -1 -1 -1 -1 -1 41833 0 15 40 15 10 2 5 2 3
0 0 0 0 1 1 6 0 0 3 1 0 6 -1 -1 -1 -1 -1 -1 42833 0 15 40 15 10 2 5 2 3
0 0 0 0 1 1 6 0 0 3 1 0 6 -1 -1 -1 -1 -1 -1 43766 0 15 40 15 12.5 2 5 2 3
0 0 0 0 1 1 6 0 0 3 1 0 6 -1 -1 -1 -1 -1 -1 44566 0 15 40 15 12.5 2 5 2 3
0 0 0 0 1 1 7 0 0 3 1 0 6 6 5 4 4 1 1 45399 0 15 40 15 10.3333 2 6 2 3
0 0 0 0 1 1 6 0 0 3 1 0 6 -1 -1 -1 -1 -1 -1 46366 0 15 40 15 12.5 2 6 2 3
0 0 0 0 1 1 6 0 0 3 1 0 6 -1 -1 -1 -1 -1 -1 47166 0 15 40 15 12.5 2 6 2 3
0 0 0 0 1 1 6 0 0 3 1 0 6 -1 -1 -1 -1 -1 -1 47999 0 15 40 15 11.3333 2 6 2 3
0 0 0 0 1 1 7 0 0 3 1 0 6 6 5 4 4 1 1 48966 0 15 40 15 10 2 4 2 3
0 0 0 0 1 1 6 0 0 3 1 0 6 -1 -1 -1 -1 -1 -1 49766 0 15 40 16 13 2 4 2 3
0 0 0 0 1 1 6 0 0 3 1 0 6 -1 -1 -1 -1 -1 -1 50499 0 15 40 16 16.25 2 4 2 3
0 0 0 0 1 1 6 0 0 3 1 0 6 -1 -1 -1 -1 -1 -1 51099 0 15 40 16 16.25 2 4 2 3
0 0 0 0 1 1 7 0 0 3 1 0 6 6 5 4 4 1 1 51732 0 15 40 16 16.25 2 6 2 3
0 0 0 0 1 6 1 0 0 3 1 0 5 -1 -1 -1 -1 -1 -1 52399 0 15 40 16 13 2 6 2 3
0 0 0 0 6 1 1 0 0 3 1 0 4 -1 -1 -1 -1 -1 -1 53166 0 15 40 16 13 2 6 2 3
0 0 0 0 6 1 1 0 0 3 1 0 4 -1 -1 -1 -1 -1 -1 53832 0 15 40 16 16.25 2 6 2 3
0 0 0 1 7 1 1 1 0 3 1 0 4 4 5 4 4 1 1 54466 0 15 40 16 16.25 2 4 2 5
0 0 0 1 6 1 1 1 0 3 1 1 4 -1 -1 -1 -1 -1 -1 54966 0 15 40 17 19.7333 2 4 2 5
0 0 0 1 6 1 1 1 0 3 1 1 4 -1 -1 -1 -1 -1 -1 55532 0 15 40 17 16 2 4 2 5
0 0 0 1 6 1 1 1 0 3 1 1 4 -1 -1 -1 -1 -1 -1 56132 0 15 40 17 20 2 4 2 5
0 0 0 1 7 1 1 1 0 3 1 1 4 4 5 4 4 1 1 56632 0 15 40 17 20 2 4 2 5
0 0 0 1 1 6 1 1 0 3 1 1 5 -1 -1 -1 -1 -1 -1 57132 0 15 40 17 20 2 4 2 5
0 0 0 1 1 6 1 1 0 3 1 1 5 -1 -1 -1 -1 -1 -1 57632 0 15 40 17 19.7333 2 4 2 5
0 0 0 1 1 6 1 1 0 3 1 1 5 -1 -1 -1 -1 -1 -1 58232 0 15 40 17 16 2 4 2 5
0 0 0 1 1 7 1 1 0 3 1 1 5 5 5 4 4 1 1 58732 0 15 40 17 20 2 8 0 5
0 0 0 1 1 6 1 1 0 3 1 1 5 -1 -1 -1 -1 -1 -1 59166 0 15 40 18 23.75 2 8 0 5
0 0 0 1 1 1 1 6 0 3 1 1 7 -1 -1 -1 -1 -1 -1 59599 0 15 40 18 23.75 2 8 0 5
0 0 0 1 1 1 1 6 0 3 1 1 7 -1 -1 -1 -1 -1 -1 60032 0 15 40 18 21.2167 2 8 0 5
0 0 0 1 1 1 1 7 0 3 1 1 7 7 5 4 4 1 1 60466 0 15 40 18 23.75 2 5 2 5
0 0 0 1 1 1 1 6 0 3 1 1 7 -1 -1 -1 -1 -1 -1 60866 0 15 40 18 23.75 2 5 2 5
0 0 0 1 1 1 1 6 0 3 1 1 7 -1 -1 -1 -1 -1 -1 61299 0 15 40 18 23.75 2 5 2 5
0 0 0 1 1 1 1 6 0 3 1 1 7 -1 -1 -1 -1 -1 -1 61732 0 15 40 18 23.4333 2 5 2 5
0 0 0 1 1 1 1 7 0 3 1 1 7 7 5 4 4 1 1 62166 0 15 40 18 23.75 2 5 2 5
0 0 0 1 1 1 6 1 0 3 1 1 6 -1 -1 -1 -1 -1 -1 62532 0 15 40 19 26.25 2 5 2 5
0 0 0 1 1 1 6 1 0 3 1 1 6 -1 -1 -1 -1 -1 -1 62932 0 15 40 19 26.25 2 5 2 5
0 0 0 1 1 1 6 1 0 3 1 1 6 -1 -1 -1 -1 -1 -1 63299 0 15 40 19 26.25 2 5 2 5
0 0 0 1 1 1 7 1 0 3 1 1 6 6 5 4 4 1 1 63699 0 15 40 19 23.8 2 6 2 5
0 0 0 1 1 6 1 1 0 3 1 1 5 -1 -1 -1 -1 -1 -1 64166 0 15 40 19 21 2 6 2 5
0 0 0 1 1 6 1 1 0 3 1 1 5 -1 -1 -1 -1 -1 -1 64632 0 15 40 19 26.25 2 6 2 5
0 0 0 1 1 6 1 1 0 3 1 1 5 -1 -1 -1 -1 -1 -1 64999 0 15 40 19 26.25 2 6 2 5
0 0 0 1 1 7 1 1 0 3 1 1 5 5 5 4 4 1 1 65399 0 15 40 19 26.25 2 4 2 5
0 0 0 1 1 6 1 1 0 3 1 2 5 -1 -1 -1 -1 -1 -1 65766 0 15 40 20 27.5 2 4 2 5
0 0 0 1 1 1 1 6 0 3 1 2 7 -1 -1 -1 -1 -1 -1 66132 0 15 40 20 27.5 2 4 2 5
0 0 0 1 1 1 1 6 0 3 1 2 7 -1 -1 -1 -1 -1 -1 66499 0 15 40 20 23.4667 2 4 2 5
0 0 0 1 1 1 1 7 0 3 1 2 7 7 5 4 4 1 1 66899 0 15 40 20 27.5 2 6 2 5
0 0 0 1 1 1 1 6 0 3 1 2 7 -1 -1 -1 -1 -1 -1 67265 0 15 40 20 27.5 2 6 2 5
0 0 0 1 1 4 6 1 0 3 1 2 6 -1 -1 -1 -1 -1 -1 67599 1 15 40 20 27.5 2 6 2 5
0 0 0 1 1 1 6 1 0 3 1 2 6 -1 -1 -1 -1 -1 -1 67965 0 15 40 20 27.5 2 6 2 5
0 0 0 1 1 1 7 1 0 3 1 2 6 6 5 4 4 1 1 68365 0 15 40 20 24.5667 2 4 2 5
0 0 0 1 1 1 6 1 0 3 1 2 6 -1 -1 -1 -1 -1 -1 68765 0 15 40 21 23 2 4 2 5
0 0 0 1 4 6 1 1 0 3 1 2 5 -1 -1 -1 -1 -1 -1 69199 1 15 40 21 23 2 4 2 5
0 0 0 1 6 1 1 1 0 3 1 2 4 -1 -1 -1 -1 -1 -1 69632 0 15 40 21 23 2 4 2 5
0 0 0 1 7 1 1 1 0 3 1 2 4 4 5 4 4 1 1 70032 0 15 40 21 28.75 2 4 2 5
0 0 0 1 6 1 1 1 0 3 1 2 4 -1 -1 -1 -1 -1 -1 70399 0 15 40 21 28.75 2 4 2 5
0 0 0 4 1 1 6 1 0 3 1 2 6 -1 -1 -1 -1 -1 -1 70732 1 15 40 21 28.75 2 4 2 5
0 0 0 1 1 1 6 1 0 3 1 2 6 -1 -1 -1 -1 -1 -1 71099 0 15 40 21 28.75 2 4 2 5
0 0 0 1 1 1 7 1 0 3 1 2 6 6 5 4 4 1 1 71432 0 15 40 21 28.3667 2 8 0 5
0 0 0 1 1 6 1 1 0 3 1 2 5 -1 -1 -1 -1 -1 -1 71799 0 15 40 22 25.2 2 8 0 5
0 0 0 4 1 1 6 1 0 3 1 2 6 -1 -1 -1 -1 -1 -1 72199 1 15 40 22 24 2 8 0 5
0 0 0 1 1 1 1 6 0 3 1 2 7 -1 -1 -1 -1 -1 -1 72632 0 15 40 22 24 2 8 0 5
0 0 0 1 1 1 1 7 0 3 1 2 7 7 5 4 4 1 1 73032 0 15 40 22 24 2 5 2 5
0 0 0 1 1 1 1 6 0 3 1 2 7 -1 -1 -1 -1 -1 -1 73399 0 15 40 22 30 2 5 2 5
0 0 0 1 1 1 4 6 0 3 1 2 7 -1 -1 -1 -1 -1 -1 73732 1 15 40 22 30 2 5 2 5
0 0 0 1 1 1 1 6 0 3 1 2 7 -1 -1 -1 -1 -1 -1 74065 0 15 40 22 30 2 5 2 5
0 0 0 1 1 1 7 1 0 3 1 2 6 6 5 4 4 1 1 74399 0 15 40 22 30 2 5 2 5
0 0 0 1 1 1 6 1 0 3 1 2 6 -1 -1 -1 -1 -1 -1 74732 0 15 40 23 30.8333 2 5 2 5
0 0 0 1 4 6 1 1 0 3 1 2 5 -1 -1 -1 -1 -1 -1 75065 1 15 40 23 26.6667 2 5 2 5
0 0 0 1 1 6 1 1 0 3 1 2 5 -1 -1 -1 -1 -1 -1 75432 0 15 40 23 31.25 2 5 2 5
0 0 0 1 1 7 1 1 0 3 1 2 5 5 5 4 4 1 1 75765 0 15 40 23 31.25 2 6 2 5
0 0 0 1 1 6 1 1 0 3 1 2 5 -1 -1 -1 -1 -1 -1 76065 0 15 40 23 31.25 2 6 2 5
0 0 0 1 1 6 4 1 0 3 1 2 5 -1 -1 -1 -1 -1 -1 76399 1 15 40 23 31.25 2 6 2 5
0 0 0 1 1 1 6 1 0 3 1 2 6 -1 -1 -1 -1 -1 -1 76699 0 15 40 23 31.25 2 6 2 5
0 0 0 1 1 1 7 1 0 3 1 2 6 6 5 4 4 1 1 77032 0 15 40 23 28.3333 2 4 2 5
0 0 0 1 1 1 6 1 0 3 1 2 6 -1 -1 -1 -1 -1 -1 77365 0 15 40 24 31.875 2 4 2 5
0 0 0 1 1 6 1 4 0 3 1 2 5 -1 -1 -1 -1 -1 -1 77665 1 15 40 24 31.875 2 4 2 5
0 0 0 1 1 6 1 1 0 3 1 2 5 -1 -1 -1 -1 -1 -1 77999 0 15 40 24 31.875 2 4 2 5
0 0 0 1 1 7 1 1 0 3 1 2 5 5 5 4 4 1 1 78299 0 15 40 24 31.875 2 6 2 5
0 0 0 1 1 6 1 1 0 3 1 2 5 -1 -1 -1 -1 -1 -1 78632 0 15 40 24 31.025 2 6 2 5
0 0 0 1 4 1 6 1 0 3 1 2 6 -1 -1 -1 -1 -1 -1 78965 1 15 40 24 26.775 2 6 2 5
0 0 0 1 1 1 6 1 0 3 1 2 6 -1 -1 -1 -1 -1 -1 79299 0 15 40 24 31.875 2 6 2 5
0 0 0 1 1 1 7 1 0 3 1 2 6 6 5 4 4 1 1 79632 0 15 40 24 31.875 2 4 2 5
0 0 0 1 1 1 6 1 0 3 1 2 6 -1 -1 -1 -1 -1 -1 79932 0 15 40 25 32.5 2 4 2 5
0 0 0 1 1 6 1 4 0 3 1 2 5 -1 -1 -1 -1 -1 -1 80232 1 15 40 25 32.5 2 4 2 5
0 0 0 1 1 6 1 1 0 3 1 2 5 -1 -1 -1 -1 -1 -1 80532 0 15 40 25 32.5 2 4 2 5
0 0 0 1 1 7 1 1 0 3 1 2 5 5 5 4 4 1 1 80865 0 15 40 25 29.9 2 4 2 5
0 0 0 1 6 1 1 1 0 3 1 2 4 -1 -1 -1 -1 -1 -1 81232 0 15 40 25 26 2 4 2 5
0 0 0 1 6 4 1 1 0 3 1 2 4 -1 -1 -1 -1 -1 -1 81599 1 15 40 25 26 2 4 2 5
0 0 0 1 1 1 6 1 0 3 1 2 6 -1 -1 -1 -1 -1 -1 81999 0 15 40 25 26 2 4 2 5
0 0 0 1 1 1 1 7 0 3 1 2 7 7 5 4 4 1 1 82365 0 15 40 25 26 2 8 0 5
0 0 0 1 1 1 1 6 0 3 1 2 7 -1 -1 -1 -1 -1 -1 82765 0 15 40 26 26.5 2 8 0 5
0 0 0 1 4 1 6 1 0 3 1 2 6 -1 -1 -1 -1 -1 -1 83132 1 15 40 26 26.5 2 8 0 5
0 0 0 1 1 1 6 1 0 3 1 2 6 -1 -1 -1 -1 -1 -1 83499 0 15 40 26 33.125 2 8 0 5
0 0 0 1 1 1 7 1 0 3 1 2 6 6 5 4 4 1 1 83799 0 15 40 26 33.125 2 5 2 5
0 0 0 1 1 1 6 1 0 3 1 2 6 -1 -1 -1 -1 -1 -1 84099 0 15 40 26 33.125 2 5 2 5
0 0 0 4 1 6 1 1 0 3 1 2 5 -1 -1 -1 -1 -1 -1 84399 1 15 40 26 33.125 2 5 2 5
0 0 0 1 1 1 6 1 0 3 1 2 6 -1 -1 -1 -1 -1 -1 84699 0 15 40 26 33.125 2 5 2 5
0 0 0 1 1 1 7 1 0 3 1 2 6 6 5 4 4 1 1 84999 0 15 40 26 32.2417 2 5 2 5
0 0 0 1 1 1 6 1 0 3 1 2 6 -1 -1 -1 -1 -1 -1 85332 0 15 40 27 28.35 2 5 2 5
0 0 0 1 4 6 1 1 0 3 1 2 5 -1 -1 -1 -1 -1 -1 85699 1 15 40 27 27 2 5 2 5
0 0 0 1 1 6 1 1 0 3 1 2 5 -1 -1 -1 -1 -1 -1 86032 0 15 40 27 33.75 2 5 2 5
0 0 0 1 1 7 1 1 0 3 1 2 5 5 5 4 4 1 1 86332 0 15 40 27 33.75 2 6 2 5
0 0 0 1 1 6 1 1 0 3 1 2 5 -1 -1 -1 -1 -1 -1 86632 0 15 40 27 33.75 2 6 2 5
0 0 0 4 1 1 6 1 0 3 1 2 6 -1 -1 -1 -1 -1 -1 86899 1 15 40 27 33.75 2 6 2 5
0 0 0 1 1 1 6 1 0 3 1 2 6 -1 -1 -1 -1 -1 -1 87199 0 15 40 27 33.75 2 6 2 5
0 0 0 1 1 1 7 1 0 3 1 2 6 6 5 4 4 1 1 87499 0 15 40 27 31.95 2 4 2 5
0 0 0 1 1 1 6 1 0 3 1 2 6 -1 -1 -1 -1 -1 -1 87832 0 15 40 28 27.9583 2 4 2 5
0 0 0 1 6 1 1 4 0 3 1 2 4 -1 -1 -1 -1 -1 -1 88199 1 15 40 28 27.5 2 4 2 5
0 0 0 1 6 1 1 1 0 3 1 2 4 -1 -1 -1 -1 -1 -1 88565 0 15 40 28 34.375 2 4 2 5
0 0 0 1 7 1 1 1 0 3 1 2 4 4 5 4 4 1 1 88865 0 15 40 28 34.375 2 6 2 5
0 0 0 1 6 1 1 1 0 3 1 2 4 -1 -1 -1 -1 -1 -1 89132 0 15 40 28 34.375 2 6 2 5
0 0 0 4 1 6 1 1 0 3 1 2 5 -1 -1 -1 -1 -1 -1 89432 1 15 40 28 34.375 2 6 2 5
0 0 0 1 1 6 1 1 0 3 1 2 5 -1 -1 -1 -1 -1 -1 89732 0 15 40 28 34.375 2 6 2 5
0 0 0 1 1 7 1 1 0 3 1 2 5 5 5 4 4 1 1 90032 0 15 40 28 34.375 2 4 2 5
0 0 0 1 1 6 1 1 0 3 1 2 5 -1 -1 -1 -1 -1 -1 90332 0 15 40 29 31.2667 2 4 2 5
0 0 0 1 1 6 4 1 0 3 1 2 5 -1 -1 -1 -1 -1 -1 90665 1 15 40 29 28 2 4 2 5
0 0 0 1 1 1 6 1 0 3 1 2 6 -1 -1 -1 -1 -1 -1 91032 0 15 40 29 28 2 4 2 5
0 0 0 1 1 1 7 1 0 3 1 2 6 6 5 4 4 1 1 91365 0 15 40 29 28 2 4 2 5
0 0 0 1 1 6 1 1 0 3 1 2 5 -1 -1 -1 -1 -1 -1 91732 0 15 40 29 28 2 4 2 5
0 0 0 1 1 6 4 1 0 3 1 2 5 -1 -1 -1 -1 -1 -1 92065 1 15 40 29 35 2 4 2 5
0 0 0 1 1 6 1 1 0 3 1 2 5 -1 -1 -1 -1 -1 -1 92365 0 15 40 29 35 2 4 2 5
0 0 0 1 1 7 1 1 0 3 1 2 5 5 5 4 4 1 1 92665 0 15 40 29 35 2 8 0 5
0 0 0 1 1 6 1 1 0 3 1 2 5 -1 -1 -1 -1 -1 -1 92932 0 15 40 30 35.625 2 8 0 5
0 0 0 4 1 6 1 1 0 3 1 2 5 -1 -1 -1 -1 -1 -1 93198 1 15 40 30 35.625 2 8 0 5
0 0 0 1 1 6 1 1 0 3 1 2 5 -1 -1 -1 -1 -1 -1 93498 0 15 40 30 35.625 2 8 0 5
0 0 0 1 1 7 1 1 0 3 1 2 5 5 5 4 4 1 1 93798 0 15 40 30 32.3 2 5 2 5
0 0 0 1 1 6 1 1 0 3 1 2 5 -1 -1 -1 -1 -1 -1 94132 0 15 40 30 28.5 2 5 2 5
0 0 0 1 4 6 1 1 0 3 1 2 5 -1 -1 -1 -1 -1 -1 94465 1 15 40 30 35.625 2 5 2 5
0 0 0 1 1 6 1 1 0 3 1 2 5 -1 -1 -1 -1 -1 -1 94732 0 15 40 30 35.625 2 5 2 5
0 0 0 1 1 7 1 1 0 3 1 2 5 5 5 4 4 1 1 95032 0 15 40 30 35.625 2 5 2 5
0 0 0 1 1 6 1 1 0 3 1 2 5 -1 -1 -1 -1 -1 -1 95298 0 15 40 31 36.25 2 5 2 5
0 0 0 1 4 6 1 1 0 3 1 2 5 -1 -1 -1 -1 -1 -1 95565 1 15 40 31 36.25 2 5 2 5
0 0 0 1 6 1 1 1 0 3 1 2 4 -1 -1 -1 -1 -1 -1 95865 0 15 40 31 36.25 2 5 2 5
0 0 0 7 1 1 1 1 0 3 1 2 3 3 5 4 4 1 1 96132 0 15 40 31 33.8333 2 6 2 5
0 0 0 1 6 1 1 1 0 3 1 2 4 -1 -1 -1 -1 -1 -1 96465 0 15 40 31 29 2 6 2 5
0 0 0 4 1 6 1 1 0 3 1 2 5 -1 -1 -1 -1 -1 -1 96798 1 15 40 31 29 2 6 2 5
0 0 0 1 1 6 1 1 0 3 1 2 5 -1 -1 -1 -1 -1 -1 97132 0 15 40 31 36.25 2 6 2 5
0 0 0 1 1 7 1 1 0 3 1 2 5 5 5 4 4 1 1 97398 0 15 40 31 36.25 2 4 2 5
0 0 0 1 1 6 1 1 0 3 1 2 5 -1 -1 -1 -1 -1 -1 97665 0 15 40 32 36.875 2 4 2 5
0 0 0 1 1 6 4 1 0 3 1 2 5 -1 -1 -1 -1 -1 -1 97965 1 15 40 32 36.875 2 4 2 5
0 0 0 1 6 1 1 1 0 3 1 2 4 -1 -1 -1 -1 -1 -1 98232 0 15 40 32 36.875 2 4 2 5
0 0 0 1 7 1 1 1 0 3 1 2 4 4 5 4 4 1 1 98498 0 15 40 32 36.875 2 6 2 5
0 0 0 1 6 1 1 1 0 3 1 2 4 -1 -1 -1 -1 -1 -1 98765 0 15 40 32 34.4167 2 6 2 5
0 0 0 0 1 6 1 0 1 4 1 0 5 -1 -1 -1 -1 -1 -1 106198 0 15 40 15 60 2 8 0 3
0 0 0 0 1 6 1 0 1 4 1 0 5 -1 -1 -1 -1 -1 -1 106365 0 15 40 15 60 2 8 0 3
0 0 0 0 1 6 1 0 1 4 1 0 5 -1 -1 -1 -1 -1 -1 106532 0 15 40 15 60 2 6 2 3
0 0 0 0 1 6 1 0 1 4 1 0 5 -1 -1 -1 -1 -1 -1 106698 0 15 40 15 50 2 6 2 3
0 0 0 0 1 6 1 0 1 4 1 0 5 -1 -1 -1 -1 -1 -1 106998 0 15 40 15 20 2 6 2 3
0 0 0 0 1 6 1 0 1 4 1 0 5 -1 -1 -1 -1 -1 -1 107932 0 15 40 15 10 2 6 2 3
0 0 0 0 1 6 1 0 1 4 1 0 5 -1 -1 -1 -1 -1 -1 108765 0 15 40 15 12.5 2 4 2 3
0 0 0 0 1 6 1 0 1 4 1 0 5 -1 -1 -1 -1 -1 -1 109565 0 15 40 15 12.3333 2 4 2 3
0 0 0 0 1 6 1 0 1 4 1 0 5 -1 -1 -1 -1 -1 -1 110498 0 15 40 15 10 2 4 2 3
0 0 0 0 1 6 1 0 1 4 1 0 5 -1 -1 -1 -1 -1 -1 111365 0 15 40 15 12.5 2 4 2 3
0 0 0 0 1 6 3 0 1 4 1 0 5 6 0 6 1 0 0 112165 0 15 40 15 12.5 2 4 2 3
0 0 0 0 1 6 1 0 1 4 1 0 5 -1 -1 -1 -1 -1 -1 113065 0 15 40 15 10 2 4 2 3
0 0 0 0 1 6 1 0 1 4 1 0 5 -1 -1 -1 -1 -1 -1 113865 0 15 40 15 12.5 2 4 2 3
0 0 0 0 1 6 1 0 1 4 1 0 5 -1 -1 -1 -1 -1 -1 114665 0 15 40 15 12.5 2 4 2 3
0 0 0 0 3 6 1 0 1 4 1 0 5 4 3 8 3 0 0 115631 0 15 40 15 10 2 5 2 3
0 0 0 0 1 6 1 0 1 4 1 0 5 -1 -1 -1 -1 -1 -1 116631 0 15 40 15 10 2 5 2 3
0 0 0 0 6 1 1 0 1 4 1 0 4 -1 -1 -1 -1 -1 -1 117631 0 15 40 15 10 2 5 2 3
0 0 0 0 6 1 1 0 1 4 1 0 4 -1 -1 -1 -1 -1 -1 118498 0 15 40 15 12.5 2 5 2 3
0 0 0 0 6 3 1 0 1 4 1 0 4 5 2 5 0 0 0 119298 0 15 40 15 12.5 2 4 2 3
0 0 0 0 1 6 1 0 1 4 1 0 5 -1 -1 -1 -1 -1 -1 120165 0 15 40 15 10 2 4 2 3
0 0 0 0 1 6 1 0 1 4 1 0 5 -1 -1 -1 -1 -1 -1 121031 0 15 40 15 12.5 2 4 2 3
0 0 0 0 1 6 1 0 1 4 1 0 5 -1 -1 -1 -1 -1 -1 121831 0 15 40 15 12.5 2 4 2 3
0 0 0 0 1 6 3 0 1 4 1 0 5 6 3 8 3 0 0 122731 0 15 40 15 10 2 5 2 3
0 0 0 0 1 6 1 0 1 4 1 0 5 -1 -1 -1 -1 -1 -1 123731 0 15 40 15 10 2 5 2 3
0 0 0 0 1 6 1 0 1 4 1 0 5 -1 -1 -1 -1 -1 -1 124731 0 15 40 15 10 2 5 2 3
0 0 0 0 1 6 1 0 1 4 1 0 5 -1 -1 -1 -1 -1 -1 125531 0 15 40 15 12.5 2 5 2 3
0 0 0 0 1 6 3 0 1 4 1 0 5 6 1 7 2 0 0 126331 0 15 40 15 12.1667 2 5 2 3
0 0 0 0 1 6 1 0 1 4 1 0 5 -1 -1 -1 -1 -1 -1 127231 0 15 40 15 12.5 2 5 2 3
0 0 0 0 1 6 1 0 1 4 1 0 5 -1 -1 -1 -1 -1 -1 128031 0 15 40 15 12.5 2 5 2 3
0 0 0 0 1 6 1 0 1 4 1 0 5 -1 -1 -1 -1 -1 -1 128865 0 15 40 15 10.6667 2 5 2 3
0 0 0 1 3 6 1 1 1 4 1 0 5 4 0 6 1 0 0 129865 0 15 40 15 10 2 8 0 5
0 0 0 1 1 6 1 1 1 4 1 1 5 -1 -1 -1 -1 -1 -1 130865 0 15 40 15 10 2 8 0 5
0 0 0 1 6 1 1 1 1 4 1 1 4 -1 -1 -1 -1 -1 -1 131832 0 15 40 15 12.5 2 8 0 5
0 0 0 1 6 1 1 1 1 4 1 1 4 -1 -1 -1 -1 -1 -1 132632 0 15 40 15 12.5 2 8 0 5
0 0 0 1 6 3 1 1 1 4 1 1 4 5 2 5 0 0 0 133432 0 15 40 15 11.6667 2 6 2 5
0 0 0 1 6 1 1 1 1 4 1 1 4 -1 -1 -1 -1 -1 -1 134366 0 15 40 15 12.5 2 6 2 5
0 0 0 1 1 6 1 1 1 4 1 1 5 -1 -1 -1 -1 -1 -1 135166 0 15 40 15 12.5 2 6 2 5
0 0 0 1 1 6 1 1 1 4 1 1 5 -1 -1 -1 -1 -1 -1 136000 0 15 40 15 11.1667 2 6 2 5
0 0 0 1 1 6 3 1 1 4 1 1 5 6 0 6 1 0 0 136966 0 15 40 15 10 2 4 2 5
0 0 0 1 6 1 1 1 1 4 1 1 4 -1 -1 -1 -1 -1 -1 137967 0 15 40 15 10 2 4 2 5
0 0 0 1 6 1 1 1 1 4 1 1 4 -1 -1 -1 -1 -1 -1 138900 0 15 40 15 12.5 2 4 2 5
0 0 0 1 6 1 1 1 1 4 1 1 4 -1 -1 -1 -1 -1 -1 139700 0 15 40 15 12.5 2 4 2 5
0 0 0 1 7 1 1 1 1 4 1 1 4 4 0 6 1 1 1 140534 0 15 40 15 10.1667 2 4 2 5
0 0 0 1 1 1 6 1 1 4 1 1 6 -1 -1 -1 -1 -1 -1 141534 0 15 40 15 10 2 4 2 5
0 0 0 1 1 1 6 1 1 4 1 1 6 -1 -1 -1 -1 -1 -1 142434 0 15 40 15 12.5 2 4 2 5
0 0 0 1 1 1 6 1 1 4 1 1 6 -1 -1 -1 -1 -1 -1 143234 0 15 40 15 12.5 2 4 2 5
0 0 0 1 1 1 7 1 1 4 1 1 6 6 0 6 1 1 1 144068 0 15 40 15 10.1667 2 5 2 5
0 0 0 1 1 6 1 1 1 4 1 1 5 -1 -1 -1 -1 -1 -1 144868 0 15 40 16 13 2 5 2 5
0 0 0 1 1 6 1 1 1 4 1 1 5 -1 -1 -1 -1 -1 -1 145502 0 15 40 16 16.25 2 5 2 5
0 0 0 1 1 6 1 1 1 4 1 1 5 -1 -1 -1 -1 -1 -1 146102 0 15 40 16 16.25 2 5 2 5
0 0 0 1 1 7 1 1 1 4 1 1 5 5 0 6 1 1 1 146769 0 15 40 16 13.8667 2 4 2 5
0 0 0 1 6 1 1 1 1 4 1 1 4 -1 -1 -1 -1 -1 -1 147535 0 15 40 16 13 2 4 2 5
0 0 0 6 1 1 1 1 1 4 1 1 3 -1 -1 -1 -1 -1 -1 148236 0 15 40 16 16.25 2 4 2 5
0 0 0 6 1 1 1 1 1 4 1 1 3 -1 -1 -1 -1 -1 -1 148836 0 15 40 16 16.25 2 4 2 5
0 0 0 7 1 1 1 1 1 4 1 1 3 3 0 6 1 1 1 149469 0 15 40 16 16.25 2 5 2 5
0 0 0 1 6 1 1 1 1 4 1 1 4 -1 -1 -1 -1 -1 -1 150036 0 15 40 17 16 2 5 2 5
0 0 0 1 6 1 1 1 1 4 1 1 4 -1 -1 -1 -1 -1 -1 150603 0 15 40 17 20 2 5 2 5
0 0 0 1 6 1 1 1 1 4 1 1 4 -1 -1 -1 -1 -1 -1 151103 0 15 40 17 20 2 5 2 5
0 0 0 1 6 3 1 1 1 4 1 1 4 5 3 8 3 0 0 151603 0 15 40 17 20 2 5 2 5
0 0 0 1 6 1 1 1 1 4 1 1 4 -1 -1 -1 -1 -1 -1 152103 0 15 40 17 18.6667 2 5 2 5
0 0 0 1 6 1 1 1 1 4 1 1 4 -1 -1 -1 -1 -1 -1 152670 0 15 40 17 20 2 5 2 5
0 0 0 1 6 1 1 1 1 4 1 1 4 -1 -1 -1 -1 -1 -1 153170 0 15 40 17 20 2 5 2 5
0 0 0 3 6 1 1 1 1 4 1 1 4 3 2 5 0 0 0 153670 0 15 40 17 20 2 8 0 5
0 0 0 1 6 1 1 1 1 4 1 2 4 -1 -1 -1 -1 -1 -1 154170 0 15 40 17 18.6667 2 8 0 5
0 0 0 1 6 1 1 1 1 4 1 2 4 -1 -1 -1 -1 -1 -1 154737 0 15 40 17 20 2 8 0 5
0 0 0 1 6 1 1 1 1 4 1 2 4 -1 -1 -1 -1 -1 -1 155237 0 15 40 17 20 2 8 0 5
0 0 0 3 6 1 1 1 1 4 1 2 4 3 1 7 2 0 0 155737 0 15 40 17 20 2 6 2 5
0 0 0 1 1 6 1 1 1 4 1 2 5 -1 -1 -1 -1 -1 -1 156237 0 15 40 17 19.2 2 6 2 5
0 0 0 4 6 1 1 1 1 4 1 2 4 -1 -1 -1 -1 -1 -1 156737 1 15 40 17 20 2 6 2 5
0 0 0 1 6 1 1 1 1 4 1 2 4 -1 -1 -1 -1 -1 -1 157237 0 15 40 17 20 2 6 2 5
0 0 0 1 6 3 1 1 1 4 1 2 4 5 2 5 0 0 0 157738 0 15 40 17 20 2 4 2 5
0 0 0 1 6 1 1 1 1 4 1 2 4 -1 -1 -1 -1 -1 -1 158304 0 15 40 17 16.2667 2 4 2 5
0 0 0 1 4 1 6 1 1 4 1 2 6 -1 -1 -1 -1 -1 -1 158904 1 15 40 17 16 2 4 2 5
0 0 0 1 1 1 1 6 1 4 1 2 7 -1 -1 -1 -1 -1 -1 159505 0 15 40 17 20 2 4 2 5
0 0 0 1 1 3 1 6 1 4 1 2 7 5 0 6 1 0 0 160005 0 15 40 17 20 2 4 2 5
0 0 0 1 1 1 1 6 1 4 1 2 7 -1 -1 -1 -1 -1 -1 160505 0 15 40 17 20 2 4 2 5
0 0 0 1 1 4 1 6 1 4 1 2 7 -1 -1 -1 -1 -1 -1 161005 1 15 40 17 20 2 4 2 5
0 0 0 1 1 1 1 6 1 4 1 2 7 -1 -1 -1 -1 -1 -1 161505 0 15 40 17 20 2 4 2 5
0 0 0 1 3 1 1 6 1 4 1 2 7 4 3 8 3 0 0 161972 0 15 40 17 20 2 5 2 5
0 0 0 1 1 1 6 1 1 4 1 2 6 -1 -1 -1 -1 -1 -1 162505 0 15 40 17 18.6667 2 5 2 5
0 0 0 1 1 6 1 4 1 4 1 2 5 -1 -1 -1 -1 -1 -1 163105 1 15 40 17 16 2 5 2 5
0 0 0 1 1 6 1 1 1 4 1 2 5 -1 -1 -1 -1 -1 -1 163639 0 15 40 17 20 2 5 2 5
0 0 0 1 1 7 1 1 1 4 1 2 5 5 3 8 3 1 1 164106 0 15 40 17 20 2 4 2 5
0 0 0 1 1 6 1 1 1 4 1 2 5 -1 -1 -1 -1 -1 -1 164606 0 15 40 17 20 2 4 2 5
0 0 0 1 4 1 6 1 1 4 1 2 6 -1 -1 -1 -1 -1 -1 165139 1 15 40 17 20 2 4 2 5
0 0 0 1 1 6 1 1 1 4 1 2 5 -1 -1 -1 -1 -1 -1 165639 0 15 40 17 20 2 4 2 5
0 0 0 1 1 6 1 3 1 4 1 2 5 7 1 7 2 0 0 166139 0 15 40 17 20 2 5 2 5
0 0 0 1 1 6 1 1 1 4 1 2 5 -1 -1 -1 -1 -1 -1 166639 0 15 40 17 20 2 5 2 5
0 0 0 1 1 6 4 1 1 4 1 2 5 -1 -1 -1 -1 -1 -1 167140 1 15 40 17 20 2 5 2 5
0 0 0 1 1 6 1 1 1 4 1 2 5 -1 -1 -1 -1 -1 -1 167640 0 15 40 17 20 2 5 2 5
0 0 0 1 1 6 3 1 1 4 1 2 5 6 0 6 1 0 0 168140 0 15 40 17 20 2 5 2 5
0 0 0 1 1 6 1 1 1 4 1 2 5 -1 -1 -1 -1 -1 -1 168673 0 15 40 17 17.0667 2 5 2 5
0 0 0 4 1 6 1 1 1 4 1 2 5 -1 -1 -1 -1 -1 -1 169207 1 15 40 17 20 2 5 2 5
0 0 0 1 1 6 1 1 1 4 1 2 5 -1 -1 -1 -1 -1 -1 169707 0 15 40 17 20 2 5 2 5
0 0 0 1 3 6 1 1 1 4 1 2 5 4 2 5 0 0 0 170207 0 15 40 17 20 2 8 0 5
0 0 0 1 1 6 1 1 1 4 1 2 5 -1 -1 -1 -1 -1 -1 170740 0 15 40 17 16.5333 2 8 0 5
0 0 0 1 4 6 1 1 1 4 1 2 5 -1 -1 -1 -1 -1 -1 171240 1 15 40 17 20 2 8 0 5
0 0 0 1 1 6 1 1 1 4 1 2 5 -1 -1 -1 -1 -1 -1 171741 0 15 40 17 20 2 8 0 5
0 0 0 3 1 1 6 1 1 4 1 2 6 3 3 8 3 0 0 172241 0 15 40 17 20 2 6 2 5
0 0 0 1 1 1 6 1 1 4 1 2 6 -1 -1 -1 -1 -1 -1 172774 0 15 40 17 20 2 6 2 5
0 0 0 1 1 4 6 1 1 4 1 2 6 -1 -1 -1 -1 -1 -1 173274 1 15 40 17 20 2 6 2 5
0 0 0 1 1 1 6 1 1 4 1 2 6 -1 -1 -1 -1 -1 -1 173774 0 15 40 17 20 2 6 2 5
0 0 0 3 1 6 1 1 1 4 1 2 5 3 1 7 2 0 0 174274 0 15 40 17 20 2 4 2 5
0 0 0 1 1 6 1 1 1 4 1 2 5 -1 -1 -1 -1 -1 -1 174775 0 15 40 17 20 2 4 2 5
0 0 0 1 4 6 1 1 1 4 1 2 5 -1 -1 -1 -1 -1 -1 175275 1 15 40 17 20 2 4 2 5
0 0 0 1 6 1 1 1 1 4 1 2 4 -1 -1 -1 -1 -1 -1 175775 0 15 40 17 19.7333 2 4 2 5
0 0 0 7 1 1 1 1 1 4 1 2 3 3 1 7 2 1 1 176342 0 15 40 17 16 2 4 2 5
0 0 0 6 1 1 1 1 1 4 1 2 3 -1 -1 -1 -1 -1 -1 176875 0 15 40 18 19 2 4 2 5
0 0 0 6 4 1 1 1 1 4 1 2 3 -1 -1 -1 -1 -1 -1 177342 1 15 40 18 23.75 2 4 2 5
0 0 0 6 1 1 1 1 1 4 1 2 3 -1 -1 -1 -1 -1 -1 177775 0 15 40 18 23.75 2 4 2 5
0 0 0 7 1 1 1 1 1 4 1 2 3 3 1 7 2 1 1 178209 0 15 40 18 23.75 2 5 2 5
0 0 0 6 1 1 1 1 1 4 1 2 3 -1 -1 -1 -1 -1 -1 178609 0 15 40 18 23.75 2 5 2 5
0 0 0 1 6 1 1 4 1 4 1 2 4 -1 -1 -1 -1 -1 -1 179075 1 15 40 18 19.95 2 5 2 5
0 0 0 1 6 1 1 1 1 4 1 2 4 -1 -1 -1 -1 -1 -1 179476 0 15 40 18 23.75 2 5 2 5
0 0 0 3 6 1 1 1 1 4 1 2 4 3 3 8 3 0 0 179909 0 15 40 18 23.75 2 4 2 5
0 0 0 1 6 1 1 1 1 4 1 2 4 -1 -1 -1 -1 -1 -1 180342 0 15 40 18 23.75 2 4 2 5
0 0 0 1 6 1 4 1 1 4 1 2 4 -1 -1 -1 -1 -1 -1 180776 1 15 40 18 22.1667 2 4 2 5
0 0 0 1 6 1 1 1 1 4 1 2 4 -1 -1 -1 -1 -1 -1 181176 0 15 40 18 23.75 2 4 2 5
0 0 0 3 6 1 1 1 1 4 1 2 4 3 1 7 2 0 0 181609 0 15 40 18 23.75 2 5 2 5
0 0 0 1 6 1 1 1 1 4 1 2 4 -1 -1 -1 -1 -1 -1 182043 0 15 40 18 23.75 2 5 2 5
0 0 0 1 1 6 1 4 1 4 1 2 5 -1 -1 -1 -1 -1 -1 182443 1 15 40 18 23.1167 2 5 2 5
0 0 0 1 1 6 1 1 1 4 1 2 5 -1 -1 -1 -1 -1 -1 182943 0 15 40 18 19 2 5 2 5
0 0 0 3 1 6 1 1 1 4 1 2 5 3 0 6 1 0 0 183410 0 15 40 18 23.75 2 5 2 5
0 0 0 1 1 6 1 1 1 4 1 2 5 -1 -1 -1 -1 -1 -1 183810 0 15 40 18 23.75 2 5 2 5
0 0 0 1 6 1 1 4 1 4 1 2 4 -1 -1 -1 -1 -1 -1 184243 1 15 40 18 23.75 2 5 2 5
0 0 0 1 6 1 1 1 1 4 1 2 4 -1 -1 -1 -1 -1 -1 184677 0 15 40 18 23.75 2 5 2 5
0 0 0 3 1 6 1 1 1 4 1 2 5 3 3 8 3 0 0 185110 0 15 40 18 19.6333 2 8 0 5
0 0 0 1 1 6 1 1 1 4 1 2 5 -1 -1 -1 -1 -1 -1 185610 0 15 40 18 23.75 2 8 0 5
0 0 0 1 4 6 1 1 1 4 1 2 5 -1 -1 -1 -1 -1 -1 186010 1 15 40 18 23.75 2 8 0 5
0 0 0 1 6 1 1 1 1 4 1 2 4 -1 -1 -1 -1 -1 -1 186444 0 15 40 18 23.75 2 8 0 5
0 0 0 7 1 1 1 1 1 4 1 2 3 3 3 8 3 1 1 186877 0 15 40 18 23.75 2 6 2 5
0 0 0 6 1 1 1 1 1 4 1 2 3 -1 -1 -1 -1 -1 -1 187277 0 15 40 19 22.4 2 6 2 5
0 0 0 6 1 4 1 1 1 4 1 2 3 -1 -1 -1 -1 -1 -1 187744 1 15 40 19 21 2 6 2 5
0 0 0 1 6 1 1 1 1 4 1 2 4 -1 -1 -1 -1 -1 -1 188211 0 15 40 19 21 2 6 2 5
0 0 0 1 6 3 1 1 1 4 1 2 4 5 2 5 0 0 0 188611 0 15 40 19 26.25 2 4 2 5
0 0 0 1 6 1 1 1 1 4 1 2 4 -1 -1 -1 -1 -1 -1 188978 0 15 40 19 26.25 2 4 2 5
0 0 0 0 1 6 1 0 2 0 2 0 5 -1 -1 -1 -1 -1 -1 198546 0 15 16 16 60 2 8 0 3
0 0 0 0 1 6 1 0 2 0 2 0 5 -1 -1 -1 -1 -1 -1 198713 0 15 16 16 60 2 8 0 3
0 0 0 0 1 6 1 0 2 0 2 0 5 -1 -1 -1 -1 -1 -1 198880 0 15 16 16 60 2 5 2 3
0 0 0 0 1 6 1 0 2 0 2 0 5 -1 -1 -1 -1 -1 -1 199046 0 15 16 16 50.6 2 5 2 3
0 0 0 0 1 6 1 0 2 0 2 0 5 -1 -1 -1 -1 -1 -1 199313 0 15 16 16 25.5333 2 5 2 3
0 0 0 0 1 6 1 0 2 0 2 0 5 -1 -1 -1 -1 -1 -1 200047 0 15 16 16 13 2 5 2 3
0 0 0 0 1 6 1 0 2 0 2 0 5 -1 -1 -1 -1 -1 -1 200813 0 15 16 16 13 2 5 2 3
0 0 0 0 1 6 1 0 2 0 2 0 5 -1 -1 -1 -1 -1 -1 201580 0 15 16 16 13 2 5 2 3
0 0 0 0 1 1 6 0 2 0 2 0 6 -1 -1 -1 -1 -1 -1 202347 0 15 16 16 13 2 5 2 3
0 0 0 0 1 1 6 0 2 0 2 0 6 -1 -1 -1 -1 -1 -1 202981 0 15 16 16 16.25 2 5 2 3
0 0 0 0 1 3 6 0 2 0 2 0 6 5 0 4 1 0 0 203614 0 15 16 16 16.25 2 4 2 3
0 0 0 0 1 1 6 0 2 0 2 0 6 -1 -1 -1 -1 -1 -1 204248 0 15 16 16 14.7333 2 4 2 3
0 0 0 0 1 6 1 0 2 0 2 0 5 -1 -1 -1 -1 -1 -1 204981 0 15 16 16 13 2 4 2 3
0 0 0 0 1 6 1 0 2 0 2 0 5 -1 -1 -1 -1 -1 -1 205614 0 15 16 16 16.25 2 4 2 3
0 0 0 0 1 6 3 0 2 0 2 0 5 6 1 4 2 0 0 206215 0 15 16 16 16.25 2 6 2 3
0 0 0 0 1 6 1 0 2 0 2 0 5 -1 -1 -1 -1 -1 -1 206848 0 15 16 16 14.3 2 6 2 3
0 0 0 0 1 6 1 0 2 0 2 0 5 -1 -1 -1 -1 -1 -1 207548 0 15 16 16 16.25 2 6 2 3
0 0 0 0 1 6 1 0 2 0 2 0 5 -1 -1 -1 -1 -1 -1 208182 0 15 16 16 16.25 2 6 2 3
0 0 0 0 3 6 1 0 2 0 2 0 5 4 3 4 3 0 0 208782 0 15 16 16 16.25 2 5 2 3
0 0 0 0 1 6 1 0 2 0 2 0 5 -1 -1 -1 -1 -1 -1 209482 0 15 16 16 13 2 5 2 3
0 0 0 0 1 6 1 0 2 0 2 0 5 -1 -1 -1 -1 -1 -1 210249 0 15 16 16 16.25 2 5 2 3
0 0 0 0 1 6 1 0 2 0 2 0 5 -1 -1 -1 -1 -1 -1 210849 0 15 16 16 16.25 2 5 2 3
0 0 0 0 3 6 1 0 2 0 2 0 5 4 0 4 1 0 0 211482 0 15 16 16 16.25 2 6 2 3
0 0 0 0 1 6 1 0 2 0 2 0 5 -1 -1 -1 -1 -1 -1 212116 0 15 16 16 13.65 2 6 2 3
0 0 0 0 1 6 1 0 2 0 2 0 5 -1 -1 -1 -1 -1 -1 212816 0 15 16 16 16.25 2 6 2 3
0 0 0 0 1 6 1 0 2 0 2 0 5 -1 -1 -1 -1 -1 -1 213416 0 15 16 16 16.25 2 6 2 3
0 0 0 0 1 7 1 0 2 0 2 0 5 5 3 4 3 1 1 214016 0 15 16 16 15.8167 2 5 2 3
0 0 0 0 1 1 6 0 2 0 2 0 6 -1 -1 -1 -1 -1 -1 214750 0 15 16 16 13 2 5 2 3
0 0 0 0 1 1 6 0 2 0 2 0 6 -1 -1 -1 -1 -1 -1 215417 0 15 16 16 16.25 2 5 2 3
0 0 0 0 1 1 6 0 2 0 2 0 6 -1 -1 -1 -1 -1 -1 216050 0 15 16 16 16.25 2 5 2 3
0 0 0 0 1 1 7 0 2 0 2 0 6 6 0 4 1 1 1 216650 0 15 16 16 15.3833 2 8 0 3
0 0 0 0 1 6 1 0 2 0 2 0 5 -1 -1 -1 -1 -1 -1 217384 0 15 16 16 13 2 8 0 3
0 0 0 0 1 6 1 0 2 0 2 0 5 -1 -1 -1 -1 -1 -1 218050 0 15 16 16 16.25 2 8 0 3
0 0 0 0 1 6 1 0 2 0 2 0 5 -1 -1 -1 -1 -1 -1 218684 0 15 16 16 16.25 2 8 0 3
0 0 0 0 1 6 3 0 2 0 2 0 5 6 1 4 2 0 0 219284 0 15 16 16 15.3833 2 5 2 3
0 0 0 0 1 6 1 0 2 0 2 0 5 -1 -1 -1 -1 -1 -1 220018 0 15 16 16 13 2 5 2 3
0 0 0 0 1 6 1 0 2 0 2 0 5 -1 -1 -1 -1 -1 -1 220684 0 15 16 16 16.25 2 5 2 3
0 0 0 0 1 6 1 0 2 0 2 0 5 -1 -1 -1 -1 -1 -1 221284 0 15 16 16 16.25 2 5 2 3
0 0 0 0 1 6 3 0 2 0 2 0 5 6 2 4 0 0 0 221918 0 15 16 16 14.95 2 5 2 3
0 0 0 0 6 1 1 0 2 0 2 0 4 -1 -1 -1 -1 -1 -1 222651 0 15 16 16 13 2 5 2 3
0 0 0 0 6 1 1 0 2 0 2 0 4 -1 -1 -1 -1 -1 -1 223285 0 15 16 16 16.25 2 5 2 3
0 0 0 0 6 1 1 0 2 0 2 0 4 -1 -1 -1 -1 -1 -1 223918 0 15 16 16 16.25 2 5 2 3
0 0 0 0 7 1 1 0 2 0 2 0 4 4 1 4 2 1 1 224552 0 15 16 16 14.3 2 4 2 3
0 0 0 0 1 6 1 0 2 0 2 0 5 -1 -1 -1 -1 -1 -1 225285 0 15 16 16 13 2 4 2 3
0 0 0 0 1 6 1 0 2 0 2 0 5 -1 -1 -1 -1 -1 -1 225952 0 15 16 16 16.25 2 4 2 3
0 0 0 0 1 6 1 0 2 0 2 0 5 -1 -1 -1 -1 -1 -1 226552 0 15 16 16 16.25 2 4 2 3
0 0 0 0 1 6 3 0 2 0 2 0 5 6 0 4 1 0 0 227186 0 15 16 16 14.7333 2 6 2 3
0 0 0 0 1 6 1 0 2 0 2 0 5 -1 -1 -1 -1 -1 -1 227919 0 15 16 16 13 2 6 2 3
0 0 0 0 1 6 1 0 2 0 2 0 5 -1 -1 -1 -1 -1 -1 228586 0 15 16 16 16.25 2 6 2 3
0 0 0 0 1 6 1 0 2 0 2 0 5 -1 -1 -1 -1 -1 -1 229220 0 15 16 16 16.25 2 6 2 3
0 0 0 0 3 6 1 0 2 0 2 0 5 4 3 4 3 0 0 229820 0 15 16 16 15.6 2 5 2 3
0 0 0 0 1 6 1 0 2 0 2 0 5 -1 -1 -1 -1 -1 -1 230553 0 15 16 16 13 2 5 2 3
0 0 0 0 1 6 1 0 2 0 2 0 5 -1 -1 -1 -1 -1 -1 231187 0 15 16 16 16.25 2 5 2 3
0 0 0 0 1 6 1 0 2 0 2 0 5 -1 -1 -1 -1 -1 -1 231820 0 15 16 16 16.25 2 5 2 3
0 0 0 0 3 6 1 0 2 0 2 0 5 4 2 4 0 0 0 232454 0 15 16 16 14.3 2 6 2 3
0 0 0 0 1 6 1 0 2 0 2 0 5 -1 -1 -1 -1 -1 -1 233187 0 15 16 16 13 2 6 2 3
0 0 0 0 6 1 1 0 2 0 2 0 4 -1 -1 -1 -1 -1 -1 233921 0 15 16 16 16.25 2 6 2 3
0 0 0 0 6 1 1 0 2 0 2 0 4 -1 -1 -1 -1 -1 -1 234521 0 15 16 16 16.25 2 6 2 3
0 0 0 0 7 1 1 0 2 0 2 0 4 4 3 4 3 1 1 235154 0 15 16 16 16.25 2 5 2 3
0 0 0 0 1 6 1 0 2 0 2 0 5 -1 -1 -1 -1 -1 -1 235854 0 15 16 16 13 2 5 2 3
0 0 0 0 6 1 1 0 2 0 2 0 4 -1 -1 -1 -1 -1 -1 236621 0 15 16 16 13 2 5 2 3
0 0 0 0 6 1 1 0 2 0 2 0 4 -1 -1 -1 -1 -1 -1 237255 0 15 16 16 16.25 2 5 2 3
0 0 0 0 6 3 1 0 2 0 2 0 4 5 0 4 1 0 0 237855 0 15 16 16 16.25 2 8 0 3
0 0 0 0 6 1 1 0 2 0 2 0 4 -1 -1 -1 -1 -1 -1 238488 0 15 16 16 14.5167 2 8 0 3
0 0 0 0 1 6 1 0 2 0 2 0 5 -1 -1 -1 -1 -1 -1 239188 0 15 16 16 16.25 2 8 0 3
0 0 0 0 1 6 1 0 2 0 2 0 5 -1 -1 -1 -1 -1 -1 239788 0 15 16 16 16.25 2 8 0 3
0 0 0 0 3 6 1 0 2 0 2 0 5 4 2 4 0 0 0 240422 0 15 16 16 16.25 2 5 2 3
0 0 0 0 1 6 1 0 2 0 2 0 5 -1 -1 -1 -1 -1 -1 241122 0 15 16 16 13 2 5 2 3
0 0 0 0 1 1 6 0 2 0 2 0 6 -1 -1 -1 -1 -1 -1 241889 0 15 16 16 16.25 2 5 2 3
0 0 0 0 1 1 6 0 2 0 2 0 6 -1 -1 -1 -1 -1 -1 242489 0 15 16 16 16.25 2 5 2 3
0 0 0 0 1 1 7 0 2 0 2 0 6 6 0 4 1 1 1 243122 0 15 16 16 16.25 2 5 2 3
0 0 0 0 1 1 6 0 2 0 2 0 6 -1 -1 -1 -1 -1 -1 243756 0 15 16 16 13.8667 2 5 2 3
0 0 0 0 1 6 1 0 2 0 2 0 5 -1 -1 -1 -1 -1 -1 244456 0 15 16 16 16.25 2 5 2 3
0 0 0 0 1 6 1 0 2 0 2 0 5 -1 -1 -1 -1 -1 -1 245090 0 15 16 16 16.25 2 5 2 3
0 0 0 0 3 6 1 0 2 0 2 0 5 4 1 4 2 0 0 245690 0 15 16 16 16.25 2 4 2 3
0 0 0 0 1 6 1 0 2 0 2 0 5 -1 -1 -1 -1 -1 -1 246390 0 15 16 16 13 2 4 2 3
0 0 0 0 1 6 1 0 2 0 2 0 5 -1 -1 -1 -1 -1 -1 247023 0 15 16 16 16.25 2 4 2 3
0 0 0 0 6 1 1 0 2 0 2 0 4 -1 -1 -1 -1 -1 -1 247623 0 15 16 16 16.25 2 4 2 3
0 0 0 0 6 3 1 0 2 0 2 0 4 5 2 4 0 0 0 248257 0 15 16 16 14.5167 2 6 2 3
0 0 0 0 6 1 1 0 2 0 2 0 4 -1 -1 -1 -1 -1 -1 249024 0 15 16 16 13 2 6 2 3
0 0 0 0 6 1 1 0 2 0 2 0 4 -1 -1 -1 -1 -1 -1 249791 0 15 16 16 13 2 6 2 3
0 0 0 0 1 6 1 0 2 0 2 0 5 -1 -1 -1 -1 -1 -1 250524 0 15 16 16 16.25 2 6 2 3
0 0 0 0 3 6 1 0 2 0 2 0 5 4 0 4 1 0 0 251124 0 15 16 16 16.25 2 5 2 3
0 0 0 0 1 6 1 0 2 0 2 0 5 -1 -1 -1 -1 -1 -1 251758 0 15 16 16 16.25 2 5 2 3
0 0 0 0 1 6 1 0 2 0 2 0 5 -1 -1 -1 -1 -1 -1 252358 0 15 16 16 16.25 2 5 2 3
0 0 0 0 1 6 1 0 2 0 2 0 5 -1 -1 -1 -1 -1 -1 252991 0 15 16 16 16.25 2 5 2 3
0 0 0 0 3 6 1 0 2 0 2 0 5 4 1 4 2 0 0 253591 0 15 16 16 16.25 2 6 2 3
0 0 0 0 1 6 1 0 2 0 2 0 5 -1 -1 -1 -1 -1 -1 254292 0 15 16 16 13 2 6 2 3
0 0 0 0 1 6 1 0 2 0 2 0 5 -1 -1 -1 -1 -1 -1 254992 0 15 16 16 16.25 2 6 2 3
0 0 0 0 1 6 1 0 2 0 2 0 5 -1 -1 -1 -1 -1 -1 255592 0 15 16 16 16.25 2 6 2 3
0 0 0 0 1 6 3 0 2 0 2 0 5 6 3 4 3 0 0 256225 0 15 16 16 15.8167 2 5 2 3
0 0 0 0 1 6 1 0 2 0 2 0 5 -1 -1 -1 -1 -1 -1 256925 0 15 16 16 13 2 5 2 3
0 0 0 0 1 1 6 0 2 0 2 0 6 -1 -1 -1 -1 -1 -1 257625 0 15 16 16 16.25 2 5 2 3
0 0 0 0 1 1 6 0 2 0 2 0 6 -1 -1 -1 -1 -1 -1 258258 0 15 16 16 16.25 2 5 2 3
0 0 0 0 1 1 7 0 2 0 2 0 6 6 1 4 2 1 1 258858 0 15 16 16 16.25 2 8 0 3
0 0 0 0 1 6 1 0 2 0 2 0 5 -1 -1 -1 -1 -1 -1 259558 0 15 16 16 13 2 8 0 3
0 0 0 0 1 6 1 0 2 0 2 0 5 -1 -1 -1 -1 -1 -1 260224 0 15 16 16 16.25 2 8 0 3
0 0 0 0 1 6 1 0 2 0 2 0 5 -1 -1 -1 -1 -1 -1 260824 0 15 16 16 16.25 2 8 0 3
0 0 0 0 1 7 1 0 2 0 2 0 5 5 3 4 3 1 1 261457 0 15 16 16 15.1667 2 5 2 3
0 0 0 0 1 6 1 0 2 0 2 0 5 -1 -1 -1 -1 -1 -1 262190 0 15 16 16 13 2 5 2 3
0 0 0 0 1 6 1 0 2 0 2 0 5 -1 -1 -1 -1 -1 -1 262857 0 15 16 16 16.25 2 5 2 3
0 0 0 0 1 6 1 0 2 0 2 0 5 -1 -1 -1 -1 -1 -1 263457 0 15 16 16 16.25 2 5 2 3
0 0 0 0 3 6 1 0 2 0 2 0 5 4 2 4 0 0 0 264090 0 15 16 16 14.7333 2 5 2 3
0 0 0 0 1 6 1 0 2 0 2 0 5 -1 -1 -1 -1 -1 -1 264823 0 15 16 16 13 2 5 2 3
0 0 0 0 1 6 1 0 2 0 2 0 5 -1 -1 -1 -1 -1 -1 265556 0 15 16 16 16.25 2 5 2 3
0 0 0 0 1 6 1 0 2 0 2 0 5 -1 -1 -1 -1 -1 -1 266156 0 15 16 16 16.25 2 5 2 3
0 0 0 0 1 6 3 0 2 0 2 0 5 6 1 4 2 0 0 266789 0 15 16 16 16.25 2 4 2 3
0 0 0 0 1 6 1 0 2 0 2 0 5 -1 -1 -1 -1 -1 -1 267456 0 15 16 16 13 2 4 2 3
0 0 0 0 6 1 1 0 2 0 2 0 4 -1 -1 -1 -1 -1 -1 268222 0 15 16 16 16.25 2 4 2 3
0 0 0 0 6 1 1 0 2 0 2 0 4 -1 -1 -1 -1 -1 -1 268822 0 15 16 16 16.25 2 4 2 3
0 0 0 0 7 1 1 0 2 0 2 0 4 4 2 4 0 1 1 269455 0 15 16 16 16.25 2 6 2 3
0 0 0 1 1 6 1 1 3 1 2 1 5 -1 -1 -1 -1 -1 -1 277887 0 15 16 16 60 2 8 0 5
0 0 0 1 1 6 1 1 3 1 2 1 5 -1 -1 -1 -1 -1 -1 278053 0 15 16 16 60 2 8 0 5
0 0 0 1 1 6 1 1 3 1 2 1 5 -1 -1 -1 -1 -1 -1 278220 0 15 16 16 60 2 4 2 5
0 0 0 1 1 6 1 1 3 1 2 1 5 -1 -1 -1 -1 -1 -1 278386 0 15 16 16 50.6 2 4 2 5
0 0 0 1 1 6 1 1 3 1 2 1 5 -1 -1 -1 -1 -1 -1 278653 0 15 16 16 25.5333 2 4 2 5
0 0 0 1 1 6 1 1 3 1 2 1 5 -1 -1 -1 -1 -1 -1 279386 0 15 16 16 13 2 4 2 5
0 0 0 1 1 6 1 1 3 1 2 1 5 -1 -1 -1 -1 -1 -1 280153 0 15 16 16 13 2 6 2 5
0 0 0 1 1 6 1 1 3 1 2 1 5 -1 -1 -1 -1 -1 -1 280919 0 15 16 16 13 2 6 2 5
0 0 0 1 1 6 1 1 3 1 2 1 5 -1 -1 -1 -1 -1 -1 281619 0 15 16 16 16.25 2 6 2 5
0 0 0 1 1 6 1 1 3 1 2 1 5 -1 -1 -1 -1 -1 -1 282219 0 15 16 16 16.25 2 6 2 5
0 0 0 3 1 6 1 1 3 1 2 1 5 3 4 8 3 0 0 282852 0 15 16 16 16.25 2 4 2 5
0 0 0 1 6 1 1 1 3 1 2 1 4 -1 -1 -1 -1 -1 -1 283552 0 15 16 16 13 2 4 2 5
0 0 0 1 1 6 1 1 3 1 2 1 5 -1 -1 -1 -1 -1 -1 284285 0 15 16 16 16.25 2 4 2 5
0 0 0 1 1 6 1 1 3 1 2 1 5 -1 -1 -1 -1 -1 -1 284885 0 15 16 16 16.25 2 4 2 5
0 0 0 1 3 6 1 1 3 1 2 1 5 4 4 5 0 0 0 285518 0 15 16 16 16.25 2 5 2 5
0 0 0 1 1 1 6 1 3 1 2 1 6 -1 -1 -1 -1 -1 -1 286185 0 15 16 16 13 2 5 2 5
0 0 0 1 1 1 6 1 3 1 2 1 6 -1 -1 -1 -1 -1 -1 286851 0 15 16 16 16.25 2 5 2 5
0 0 0 1 1 1 6 1 3 1 2 1 6 -1 -1 -1 -1 -1 -1 287484 0 15 16 16 16.25 2 5 2 5
0 0 0 1 1 1 7 1 3 1 2 1 6 6 4 8 3 1 1 288084 0 15 16 16 15.8167 2 5 2 5
0 0 0 1 1 6 1 1 3 1 2 1 5 -1 -1 -1 -1 -1 -1 288817 0 15 16 16 13 2 5 2 5
0 0 0 1 1 6 1 1 3 1 2 1 5 -1 -1 -1 -1 -1 -1 289517 0 15 16 16 16.25 2 5 2 5
0 0 0 1 1 6 1 1 3 1 2 1 5 -1 -1 -1 -1 -1 -1 290117 0 15 16 16 16.25 2 5 2 5
0 0 0 1 1 6 3 1 3 1 2 1 5 6 4 6 1 0 0 290750 0 15 16 16 16.0333 2 6 2 5
0 0 0 1 1 6 1 1 3 1 2 1 5 -1 -1 -1 -1 -1 -1 291450 0 15 16 16 13 2 6 2 5
0 0 0 1 6 1 1 1 3 1 2 1 4 -1 -1 -1 -1 -1 -1 292216 0 15 16 16 16.25 2 6 2 5
0 0 0 1 6 1 1 1 3 1 2 1 4 -1 -1 -1 -1 -1 -1 292816 0 15 16 16 16.25 2 6 2 5
0 0 0 1 6 3 1 1 3 1 2 1 4 5 4 7 2 0 0 293449 0 15 16 16 16.25 2 4 2 5
0 0 0 1 1 6 1 1 3 1 2 1 5 -1 -1 -1 -1 -1 -1 294083 0 15 16 16 13.4333 2 4 2 5
0 0 0 1 1 1 1 6 3 1 2 1 7 -1 -1 -1 -1 -1 -1 294849 0 15 16 16 13 2 4 2 5
0 0 0 1 1 1 1 6 3 1 2 1 7 -1 -1 -1 -1 -1 -1 295516 0 15 16 16 16.25 2 4 2 5
0 0 0 1 1 1 1 7 3 1 2 1 7 7 4 6 1 1 1 296149 0 15 16 16 16.25 2 8 0 5
0 0 0 1 1 1 6 1 3 1 2 1 6 -1 -1 -1 -1 -1 -1 296749 0 15 16 16 15.6 2 8 0 5
0 0 0 1 1 6 1 1 3 1 2 1 5 -1 -1 -1 -1 -1 -1 297448 0 15 16 16 16.25 2 8 0 5
0 0 0 1 1 6 1 1 3 1 2 1 5 -1 -1 -1 -1 -1 -1 298082 0 15 16 16 16.25 2 8 0 5
0 0 0 1 1 6 3 1 3 1 2 1 5 6 4 8 3 0 0 298681 0 15 16 16 16.25 2 4 2 5
0 0 0 1 1 6 1 1 3 1 2 1 5 -1 -1 -1 -1 -1 -1 299348 0 15 16 16 13 2 4 2 5
0 0 0 1 1 1 1 6 3 1 2 1 7 -1 -1 -1 -1 -1 -1 300114 0 15 16 16 13 2 4 2 5
0 0 0 1 1 1 1 6 3 1 2 1 7 -1 -1 -1 -1 -1 -1 300814 0 15 16 16 16.25 2 4 2 5
0 0 0 1 1 1 1 7 3 1 2 1 7 7 4 6 1 1 1 301414 0 15 16 16 16.25 2 6 2 5
0 0 0 1 1 1 6 1 3 1 2 1 6 -1 -1 -1 -1 -1 -1 302047 0 15 16 16 15.8167 2 6 2 5
0 0 0 1 1 1 6 1 3 1 2 1 6 -1 -1 -1 -1 -1 -1 302714 0 15 16 16 16.25 2 6 2 5
0 0 0 1 1 1 6 1 3 1 2 1 6 -1 -1 -1 -1 -1 -1 303347 0 15 16 16 16.25 2 6 2 5
0 0 0 1 1 1 7 1 3 1 2 1 6 6 4 8 3 1 1 303947 0 15 16 16 16.25 2 4 2 5
0 0 0 1 1 1 6 1 3 1 2 1 6 -1 -1 -1 -1 -1 -1 304613 0 15 16 16 13 2 4 2 5
0 0 0 1 1 6 1 1 3 1 2 1 5 -1 -1 -1 -1 -1 -1 305380 0 15 16 16 13 2 4 2 5
0 0 0 1 1 1 6 1 3 1 2 1 6 -1 -1 -1 -1 -1 -1 306113 0 15 16 16 16.25 2 4 2 5
0 0 0 1 1 3 6 1 3 1 2 1 6 5 4 5 0 0 0 306713 0 15 16 16 16.25 2 5 2 5
0 0 0 1 1 1 6 1 3 1 2 1 6 -1 -1 -1 -1 -1 -1 307313 0 15 16 16 16.25 2 5 2 5
0 0 0 1 1 6 1 1 3 1 2 1 5 -1 -1 -1 -1 -1 -1 307979 0 15 16 16 16.25 2 5 2 5
0 0 0 1 1 6 1 1 3 1 2 1 5 -1 -1 -1 -1 -1 -1 308579 0 15 16 16 16.25 2 5 2 5
0 0 0 1 3 6 1 1 3 1 2 1 5 4 4 6 1 0 0 309212 0 15 16 16 16.25 2 5 2 5
0 0 0 1 1 6 1 1 3 1 2 1 5 -1 -1 -1 -1 -1 -1 309879 0 15 16 16 13 2 5 2 5
0 0 0 1 1 6 1 1 3 1 2 1 5 -1 -1 -1 -1 -1 -1 310612 0 15 16 16 16.25 2 5 2 5
0 0 0 1 1 6 1 1 3 1 2 1 5 -1 -1 -1 -1 -1 -1 311245 0 15 16 16 16.25 2 5 2 5
0 0 0 1 1 6 3 1 3 1 2 1 5 6 4 8 3 0 0 311845 0 15 16 16 16.25 2 6 2 5
0 0 0 1 1 6 1 1 3 1 2 1 5 -1 -1 -1 -1 -1 -1 312545 0 15 16 16 13 2 6 2 5
0 0 0 1 1 1 1 6 3 1 2 1 7 -1 -1 -1 -1 -1 -1 313278 0 15 16 16 16.25 2 6 2 5
0 0 0 1 1 1 1 6 3 1 2 1 7 -1 -1 -1 -1 -1 -1 313911 0 15 16 16 16.25 2 6 2 5
0 0 0 1 1 1 1 7 3 1 2 1 7 7 4 6 1 1 1 314511 0 15 16 16 16.25 2 4 2 5
0 0 0 1 1 1 1 6 3 1 2 1 7 -1 -1 -1 -1 -1 -1 315177 0 15 16 16 13.65 2 4 2 5
0 0 0 1 1 1 1 6 3 1 2 1 7 -1 -1 -1 -1 -1 -1 315811 0 15 16 16 16.25 2 4 2 5
0 0 0 1 1 1 1 6 3 1 2 1 7 -1 -1 -1 -1 -1 -1 316410 0 15 16 16 16.25 2 4 2 5
0 0 0 1 1 1 1 7 3 1 2 1 7 7 4 8 3 1 1 317044 0 15 16 16 14.95 2 8 0 5
0 0 0 1 1 1 1 6 3 1 2 1 7 -1 -1 -1 -1 -1 -1 317744 0 15 16 16 16.25 2 8 0 5
0 0 0 1 1 1 6 1 3 1 2 1 6 -1 -1 -1 -1 -1 -1 318343 0 15 16 16 16.25 2 8 0 5
0 0 0 1 1 1 6 1 3 1 2 1 6 -1 -1 -1 -1 -1 -1 318977 0 15 16 16 16.25 2 8 0 5
0 0 0 1 1 1 6 3 3 1 2 1 6 7 4 7 2 0 0 319676 0 15 16 16 13 2 4 2 5
0 0 0 1 1 1 6 1 3 1 2 1 6 -1 -1 -1 -1 -1 -1 320443 0 15 16 16 13 2 4 2 5
0 0 0 1 1 1 6 1 3 1 2 1 6 -1 -1 -1 -1 -1 -1 321109 0 15 16 16 16.25 2 4 2 5
0 0 0 1 1 1 6 1 3 1 2 1 6 -1 -1 -1 -1 -1 -1 321743 0 15 16 16 16.25 2 4 2 5
0 0 0 1 1 1 6 3 3 1 2 1 6 7 4 5 0 0 0 322342 0 15 16 16 15.8167 2 6 2 5
0 0 0 1 1 6 1 1 3 1 2 1 5 -1 -1 -1 -1 -1 -1 323076 0 15 16 16 13 2 6 2 5
0 0 0 1 1 1 6 1 3 1 2 1 6 -1 -1 -1 -1 -1 -1 323809 0 15 16 16 16.25 2 6 2 5
0 0 0 1 1 1 6 1 3 1 2 1 6 -1 -1 -1 -1 -1 -1 324409 0 15 16 16 16.25 2 6 2 5
0 0 0 1 1 3 6 1 3 1 2 1 6 5 4 8 3 0 0 325008 0 15 16 16 16.25 2 4 2 5
0 0 0 1 1 1 6 1 3 1 2 1 6 -1 -1 -1 -1 -1 -1 325708 0 15 16 16 13 2 4 2 5
0 0 0 1 1 6 1 1 3 1 2 1 5 -1 -1 -1 -1 -1 -1 326441 0 15 16 16 16.25 2 4 2 5
0 0 0 1 1 6 1 1 3 1 2 1 5 -1 -1 -1 -1 -1 -1 327075 0 15 16 16 16.25 2 4 2 5
0 0 0 1 1 6 3 1 3 1 2 1 5 6 4 7 2 0 0 327674 0 15 16 16 16.25 2 5 2 5
0 0 0 1 1 6 1 1 3 1 2 1 5 -1 -1 -1 -1 -1 -1 328341 0 15 16 16 13.2167 2 5 2 5
0 0 0 1 1 6 1 1 3 1 2 1 5 -1 -1 -1 -1 -1 -1 328974 0 15 16 16 16.25 2 5 2 5
0 0 0 1 1 6 1 1 3 1 2 1 5 -1 -1 -1 -1 -1 -1 329574 0 15 16 16 16.25 2 5 2 5
0 0 0 1 1 6 1 3 3 1 2 1 5 7 4 5 0 0 0 330207 0 15 16 16 14.7333 2 5 2 5
0 0 0 1 1 6 1 1 3 1 2 1 5 -1 -1 -1 -1 -1 -1 330840 0 15 16 16 16.25 2 5 2 5
0 0 0 1 1 1 6 1 3 1 2 1 6 -1 -1 -1 -1 -1 -1 331440 0 15 16 16 16.25 2 5 2 5
0 0 0 1 1 1 6 1 3 1 2 1 6 -1 -1 -1 -1 -1 -1 332073 0 15 16 16 14.5167 2 5 2 5
0 0 0 1 1 3 6 1 3 1 2 1 6 5 4 8 3 0 0 332840 0 15 16 16 13 2 6 2 5
0 0 0 1 1 1 6 1 3 1 2 1 6 -1 -1 -1 -1 -1 -1 333606 0 15 16 16 13 2 6 2 5
0 0 0 1 1 1 1 6 3 1 2 1 7 -1 -1 -1 -1 -1 -1 334339 0 15 16 16 16.25 2 6 2 5
0 0 0 1 1 1 1 6 3 1 2 1 7 -1 -1 -1 -1 -1 -1 334973 0 15 16 16 16.25 2 6 2 5
0 0 0 1 1 1 1 7 3 1 2 1 7 7 4 5 0 1 1 335572 0 15 16 16 16.25 2 4 2 5
0 0 0 1 1 1 1 6 3 1 2 1 7 -1 -1 -1 -1 -1 -1 336239 0 15 16 16 13.2167 2 4 2 5
0 0 0 1 1 1 6 1 3 1 2 1 6 -1 -1 -1 -1 -1 -1 337005 0 15 16 16 16.25 2 4 2 5
0 0 0 1 1 1 6 1 3 1 2 1 6 -1 -1 -1 -1 -1 -1 337605 0 15 16 16 16.25 2 4 2 5
0 0 0 1 1 1 6 3 3 1 2 1 6 7 4 7 2 0 0 338238 0 15 16 16 16.25 2 8 0 5
0 0 0 1 1 1 6 1 3 1 2 1 6 -1 -1 -1 -1 -1 -1 338872 0 15 16 16 13.4333 2 8 0 5
0 0 0 1 1 1 6 1 3 1 2 1 6 -1 -1 -1 -1 -1 -1 339638 0 15 16 16 13 2 8 0 5
0 0 0 1 1 1 6 1 3 1 2 1 6 -1 -1 -1 -1 -1 -1 340305 0 15 16 16 16.25 2 8 0 5
0 0 0 1 1 1 7 1 3 1 2 1 6 6 4 5 0 1 1 340905 0 15 16 16 16.25 2 4 2 5
0 0 0 0 1 6 1 0 4 2 2 0 5 -1 -1 -1 -1 -1 -1 346903 0 15 16 16 60 2 8 0 3
0 0 0 0 1 6 1 0 4 2 2 0 5 -1 -1 -1 -1 -1 -1 347070 0 15 16 16 60 2 8 0 3
0 0 0 0 1 6 1 0 4 2 2 0 5 -1 -1 -1 -1 -1 -1 347236 0 15 16 16 60 2 4 2 3
0 0 0 0 1 6 1 0 4 2 2 0 5 -1 -1 -1 -1 -1 -1 347403 0 15 16 16 50.6 2 4 2 3
0 0 0 0 1 6 1 0 4 2 2 0 5 -1 -1 -1 -1 -1 -1 347670 0 15 16 16 25.5333 2 4 2 3
0 0 0 0 1 6 1 0 4 2 2 0 5 -1 -1 -1 -1 -1 -1 348403 0 15 16 16 13 2 4 2 3
0 0 0 0 1 6 1 0 4 2 2 0 5 -1 -1 -1 -1 -1 -1 349169 0 15 16 16 13 2 5 2 3
0 0 0 0 1 6 1 0 4 2 2 0 5 -1 -1 -1 -1 -1 -1 349936 0 15 16 16 13 2 5 2 3
0 0 0 0 1 1 6 0 4 2 2 0 6 -1 -1 -1 -1 -1 -1 350702 0 15 16 16 13 2 5 2 3
0 0 0 0 1 1 6 0 4 2 2 0 6 -1 -1 -1 -1 -1 -1 351335 0 15 16 16 16.25 2 5 2 3
0 0 0 0 1 3 6 0 4 2 2 0 6 5 5 4 2 0 0 351935 0 15 16 16 16.25 2 6 2 3
0 0 0 0 1 1 6 0 4 2 2 0 6 -1 -1 -1 -1 -1 -1 352568 0 15 16 16 16.25 2 6 2 3
0 0 0 0 1 1 6 0 4 2 2 0 6 -1 -1 -1 -1 -1 -1 353168 0 15 16 16 16.25 2 6 2 3
0 0 0 0 1 1 6 0 4 2 2 0 6 -1 -1 -1 -1 -1 -1 353801 0 15 16 16 16.25 2 6 2 3
0 0 0 0 1 3 6 0 4 2 2 0 6 5 5 4 1 0 0 354468 0 15 16 16 13 2 5 2 3
0 0 0 0 1 1 6 0 4 2 2 0 6 -1 -1 -1 -1 -1 -1 355101 0 15 16 16 16.25 2 5 2 3
0 0 0 0 1 6 1 0 4 2 2 0 5 -1 -1 -1 -1 -1 -1 355701 0 15 16 16 16.25 2 5 2 3
0 0 0 0 1 6 1 0 4 2 2 0 5 -1 -1 -1 -1 -1 -1 356334 0 15 16 16 16.25 2 5 2 3
0 0 0 0 1 6 3 0 4 2 2 0 5 6 5 4 3 0 0 356934 0 15 16 16 16.25 2 4 2 3
0 0 0 0 1 6 1 0 4 2 2 0 5 -1 -1 -1 -1 -1 -1 357567 0 15 16 16 16.25 2 4 2 3
0 0 0 0 1 1 6 0 4 2 2 0 6 -1 -1 -1 -1 -1 -1 358267 0 15 16 16 13 2 4 2 3
0 0 0 0 1 1 6 0 4 2 2 0 6 -1 -1 -1 -1 -1 -1 358933 0 15 16 16 16.25 2 4 2 3
0 0 0 0 1 3 6 0 4 2 2 0 6 5 5 4 0 0 0 359533 0 15 16 16 16.25 2 6 2 3
0 0 0 0 1 1 6 0 4 2 2 0 6 -1 -1 -1 -1 -1 -1 360166 0 15 16 16 15.1667 2 6 2 3
0 0 0 0 1 6 1 0 4 2 2 0 5 -1 -1 -1 -1 -1 -1 360900 0 15 16 16 13 2 6 2 3
0 0 0 0 6 1 1 0 4 2 2 0 4 -1 -1 -1 -1 -1 -1 361666 0 15 16 16 13 2 6 2 3
0 0 0 0 3 6 1 0 4 2 2 0 5 4 5 4 2 0 0 362433 0 15 16 16 13 2 5 2 3
0 0 0 0 1 6 1 0 4 2 2 0 5 -1 -1 -1 -1 -1 -1 363199 0 15 16 16 13 2 5 2 3
0 0 0 0 1 6 1 0 4 2 2 0 5 -1 -1 -1 -1 -1 -1 363966 0 15 16 16 16.25 2 5 2 3
0 0 0 0 1 6 1 0 4 2 2 0 5 -1 -1 -1 -1 -1 -1 364599 0 15 16 16 16.25 2 5 2 3
0 0 0 0 1 8 1 0 4 2 2 0 5 5 5 4 1 0 1 365199 0 15 16 16 16.25 2 8 0 3
0 0 0 0 1 6 1 0 4 2 2 0 5 -1 -1 -1 -1 -1 -1 366032 0 15 16 15 10 2 8 0 3
0 0 0 0 1 6 1 0 4 2 2 0 5 -1 -1 -1 -1 -1 -1 366965 0 15 16 15 12.5 2 8 0 3
0 0 0 0 1 6 1 0 4 2 2 0 5 -1 -1 -1 -1 -1 -1 367765 0 15 16 15 12.5 2 8 0 3
0 0 0 0 1 6 3 0 4 2 2 0 5 6 5 4 0 0 0 368564 0 15 16 15 12.5 2 4 2 3
0 0 0 0 1 6 1 0 4 2 2 0 5 -1 -1 -1 -1 -1 -1 369364 0 15 16 15 12.5 2 4 2 3
0 0 0 0 6 1 1 0 4 2 2 0 4 -1 -1 -1 -1 -1 -1 370164 0 15 16 15 12.5 2 4 2 3
0 0 0 0 6 1 1 0 4 2 2 0 4 -1 -1 -1 -1 -1 -1 370964 0 15 16 15 12.5 2 4 2 3
0 0 0 0 7 1 1 0 4 2 2 0 4 4 5 4 1 1 1 371797 0 15 16 15 10.5 2 5 2 3
0 0 0 0 1 6 1 0 4 2 2 0 5 -1 -1 -1 -1 -1 -1 372797 0 15 16 15 10 2 5 2 3
0 0 0 0 1 6 1 0 4 2 2 0 5 -1 -1 -1 -1 -1 -1 373796 0 15 16 15 10 2 5 2 3
0 0 0 0 1 6 1 0 4 2 2 0 5 -1 -1 -1 -1 -1 -1 374796 0 15 16 15 10 2 5 2 3
0 0 0 0 1 8 1 0 4 2 2 0 5 5 5 4 2 0 1 375663 0 15 16 15 12.5 2 6 2 3
0 0 0 0 6 1 1 0 4 2 2 0 4 -1 -1 -1 -1 -1 -1 376462 0 15 16 15 12.5 2 6 2 3
0 0 0 0 6 1 1 0 4 2 2 0 4 -1 -1 -1 -1 -1 -1 377262 0 15 16 15 12.5 2 6 2 3
0 0 0 0 6 1 1 0 4 2 2 0 4 -1 -1 -1 -1 -1 -1 378062 0 15 16 15 12.5 2 6 2 3
0 0 0 0 2 8 1 0 4 2 2 0 5 4 5 4 1 1 0 378895 0 15 16 15 12.5 2 5 2 3
0 0 0 0 1 6 1 0 4 2 2 0 5 -1 -1 -1 -1 -1 -1 379695 0 15 16 15 12.5 2 5 2 3
0 0 0 0 6 1 1 0 4 2 2 0 4 -1 -1 -1 -1 -1 -1 380495 0 15 16 15 11.8333 2 5 2 3
0 0 0 0 6 1 1 0 4 2 2 0 4 -1 -1 -1 -1 -1 -1 381461 0 15 16 15 12.5 2 5 2 3
0 0 0 0 8 1 1 0 4 2 2 0 4 4 5 4 0 0 1 382261 0 15 16 15 12.5 2 4 2 3
0 0 0 0 6 1 1 0 4 2 2 0 4 -1 -1 -1 -1 -1 -1 383061 0 15 16 15 11.6667 2 4 2 3
0 0 0 0 6 1 1 0 4 2 2 0 4 -1 -1 -1 -1 -1 -1 383861 0 15 16 15 12.5 2 4 2 3
0 0 0 0 6 1 1 0 4 2 2 0 4 -1 -1 -1 -1 -1 -1 384660 0 15 16 15 12.1667 2 4 2 3
0 0 0 0 7 1 1 0 4 2 2 0 4 4 5 4 1 1 1 385627 0 15 16 15 10 2 6 2 3
0 0 0 0 6 1 1 0 4 2 2 0 4 -1 -1 -1 -1 -1 -1 386627 0 15 16 15 10 2 6 2 3
0 0 0 0 6 1 1 0 4 2 2 0 4 -1 -1 -1 -1 -1 -1 387493 0 15 16 15 12.5 2 6 2 3
0 0 0 0 6 1 1 0 4 2 2 0 4 -1 -1 -1 -1 -1 -1 388293 0 15 16 15 12.5 2 6 2 3
0 0 0 0 6 3 1 0 4 2 2 0 4 5 5 4 3 0 0 389159 0 15 16 15 10 2 5 2 3
0 0 0 0 6 1 1 0 4 2 2 0 4 -1 -1 -1 -1 -1 -1 390159 0 15 16 15 10 2 5 2 3
0 0 0 0 6 1 1 0 4 2 2 0 4 -1 -1 -1 -1 -1 -1 391159 0 15 16 15 10 2 5 2 3
0 0 0 0 1 6 1 0 4 2 2 0 5 -1 -1 -1 -1 -1 -1 392159 0 15 16 15 10 2 5 2 3
0 0 0 0 3 6 1 0 4 2 2 0 5 4 5 4 0 0 0 393158 0 15 16 15 10 2 8 0 3
0 0 0 0 1 6 1 0 4 2 2 0 5 -1 -1 -1 -1 -1 -1 394158 0 15 16 15 10 2 8 0 3
0 0 0 0 1 1 6 0 4 2 2 0 6 -1 -1 -1 -1 -1 -1 395158 0 15 16 15 10 2 8 0 3
0 0 0 0 1 1 6 0 4 2 2 0 6 -1 -1 -1 -1 -1 -1 396158 0 15 16 15 10 2 8 0 3
0 0 0 0 1 1 8 0 4 2 2 0 6 6 5 4 1 0 1 396991 0 15 16 15 12.5 2 4 2 3
0 0 0 0 1 1 6 0 4 2 2 0 6 -1 -1 -1 -1 -1 -1 397791 0 15 16 15 12.5 2 4 2 3
0 0 0 0 1 6 1 0 4 2 2 0 5 -1 -1 -1 -1 -1 -1 398690 0 15 16 15 12.5 2 4 2 3
0 0 0 0 1 6 1 0 4 2 2 0 5 -1 -1 -1 -1 -1 -1 399490 0 15 16 15 12.5 2 4 2 3
0 0 0 0 1 7 1 0 4 2 2 0 5 5 5 4 0 1 1 400290 0 15 16 15 11.6667 2 5 2 3
0 0 0 0 1 6 1 0 4 2 2 0 5 -1 -1 -1 -1 -1 -1 401290 0 15 16 15 10 2 5 2 3
0 0 0 0 1 6 1 0 4 2 2 0 5 -1 -1 -1 -1 -1 -1 402090 0 15 16 15 12.5 2 5 2 3
0 0 0 0 1 6 1 0 4 2 2 0 5 -1 -1 -1 -1 -1 -1 402889 0 15 16 15 12.5 2 5 2 3
0 0 0 0 1 6 3 0 4 2 2 0 5 6 5 4 3 0 0 403822 0 15 16 15 10 2 6 2 3
0 0 0 0 1 6 1 0 4 2 2 0 5 -1 -1 -1 -1 -1 -1 404622 0 15 16 15 12.5 2 6 2 3
0 0 0 0 1 1 6 0 4 2 2 0 6 -1 -1 -1 -1 -1 -1 405422 0 15 16 15 12.1667 2 6 2 3
0 0 0 0 1 1 6 0 4 2 2 0 6 -1 -1 -1 -1 -1 -1 406322 0 15 16 15 12.5 2 6 2 3
0 0 0 0 1 1 8 0 4 2 2 0 6 6 5 4 1 0 1 407122 0 15 16 15 12.5 2 5 2 3
0 0 0 0 1 6 1 0 4 2 2 0 5 -1 -1 -1 -1 -1 -1 407955 0 15 16 15 10.5 2 5 2 3
0 0 0 0 1 6 1 0 4 2 2 0 5 -1 -1 -1 -1 -1 -1 408855 0 15 16 15 12.5 2 5 2 3
0 0 0 0 1 6 1 0 4 2 2 0 5 -1 -1 -1 -1 -1 -1 409654 0 15 16 15 12.5 2 5 2 3
0 0 0 0 1 7 1 0 4 2 2 0 5 5 5 4 3 1 1 410521 0 15 16 15 10.1667 2 4 2 3
0 0 0 0 1 6 1 0 4 2 2 0 5 -1 -1 -1 -1 -1 -1 411521 0 15 16 15 10 2 4 2 3
0 0 0 0 1 1 6 0 4 2 2 0 6 -1 -1 -1 -1 -1 -1 412420 0 15 16 15 12.5 2 4 2 3
0 0 0 0 1 1 6 0 4 2 2 0 6 -1 -1 -1 -1 -1 -1 413220 0 15 16 15 12.5 2 4 2 3
0 0 0 0 1 1 7 0 4 2 2 0 6 6 5 4 1 1 1 414053 0 15 16 15 10.3333 2 6 2 3
0 0 0 0 1 6 1 0 4 2 2 0 5 -1 -1 -1 -1 -1 -1 414853 0 15 16 16 13 2 6 2 3
0 0 0 0 1 6 1 0 4 2 2 0 5 -1 -1 -1 -1 -1 -1 415620 0 15 16 16 13 2 6 2 3
0 0 0 0 1 6 1 0 4 2 2 0 5 -1 -1 -1 -1 -1 -1 416419 0 15 16 16 13 2 6 2 3
0 0 0 0 1 6 3 0 4 2 2 0 5 6 5 4 0 0 0 417019 0 15 16 16 16.25 2 5 2 3
0 0 0 0 1 6 1 0 4 2 2 0 5 -1 -1 -1 -1 -1 -1 417652 0 15 16 16 16.25 2 5 2 3
0 0 0 0 1 6 1 0 4 2 2 0 5 -1 -1 -1 -1 -1 -1 418286 0 15 16 16 14.0833 2 5 2 3
0 0 0 0 1 1 6 0 4 2 2 0 6 -1 -1 -1 -1 -1 -1 418985 0 15 16 16 16.25 2 5 2 3
0 0 0 0 1 1 8 0 4 2 2 0 6 6 5 4 3 0 1 419585 0 15 16 16 16.25 2 8 0 3
0 0 0 0 1 6 1 0 4 2 2 0 5 -1 -1 -1 -1 -1 -1 420385 0 15 16 15 12 2 8 0 3
0 0 0 0 1 6 1 0 4 2 2 0 5 -1 -1 -1 -1 -1 -1 421352 0 15 16 15 10 2 8 0 3
0 0 0 0 1 6 1 0 4 2 2 0 5 -1 -1 -1 -1 -1 -1 422185 0 15 16 15 12.5 2 8 0 3
0 0 0 0 2 8 1 0 4 2 2 0 5 4 5 4 0 1 0 422984 0 15 16 15 12.5 2 4 2 3
0 0 0 0 1 6 1 0 4 2 2 0 5 -1 -1 -1 -1 -1 -1 423884 0 15 16 15 10 2 4 2 3
0 0 0 0 1 6 1 0 4 2 2 0 5 -1 -1 -1 -1 -1 -1 424817 0 15 16 15 12.5 2 4 2 3
0 0 0 0 1 6 1 0 4 2 2 0 5 -1 -1 -1 -1 -1 -1 425617 0 15 16 15 12.5 2 4 2 3
0 0 0 0 1 6 3 0 4 2 2 0 5 6 5 4 1 0 0 426417 0 15 16 15 12.5 2 5 2 3
0 0 0 0 1 6 1 0 4 2 2 0 5 -1 -1 -1 -1 -1 -1 427217 0 15 16 15 12.5 2 5 2 3
0 0 0 0 1 6 1 0 4 2 2 0 5 -1 -1 -1 -1 -1 -1 428050 0 15 16 15 10 2 5 2 3
0 0 0 0 1 6 1 0 4 2 2 0 5 -1 -1 -1 -1 -1 -1 428983 0 15 16 15 12.5 2 5 2 3
0 0 0 0 3 6 1 0 4 2 2 0 5 4 5 4 2 0 0 429783 0 15 16 15 12.5 2 6 2 3
0 0 0 0 1 6 1 0 4 2 2 0 5 -1 -1 -1 -1 -1 -1 430616 0 15 16 15 10.3333 2 6 2 3
0 0 0 0 1 6 1 0 4 2 2 0 5 -1 -1 -1 -1 -1 -1 431482 0 15 16 15 12.5 2 6 2 3
0 0 0 0 1 6 1 0 4 2 2 0 5 -1 -1 -1 -1 -1 -1 432282 0 15 16 15 12.5 2 6 2 3
0 0 0 0 1 6 3 0 4 2 2 0 5 6 5 4 0 0 0 433115 0 15 16 15 12.5 2 5 2 3
0 0 0 0 1 1 6 0 4 2 2 0 6 -1 -1 -1 -1 -1 -1 433915 0 15 16 15 12.5 2 5 2 3
0 0 0 0 1 1 6 0 4 2 2 0 6 -1 -1 -1 -1 -1 -1 434748 0 15 16 15 10.3333 2 5 2 3
0 0 0 0 1 1 6 0 4 2 2 0 6 -1 -1 -1 -1 -1 -1 435581 0 15 16 15 12.5 2 5 2 3
0 0 0 0 1 1 8 0 4 2 2 0 6 6 5 4 3 0 1 436381 0 15 16 15 12.5 2 4 2 3
0 0 0 0 1 6 1 0 4 2 2 0 5 -1 -1 -1 -1 -1 -1 437281 0 15 16 15 10 2 4 2 3
0 0 0 0 6 1 1 0 4 2 2 0 4 -1 -1 -1 -1 -1 -1 438214 0 15 16 15 12.5 2 4 2 3
0 0 0 0 6 1 1 0 4 2 2 0 4 -1 -1 -1 -1 -1 -1 439014 0 15 16 15 12.5 2 4 2 3
0 0 0 0 8 1 1 0 4 2 2 0 4 4 5 4 1 0 1 439847 0 15 16 15 10.6667 2 6 2 3
0 0 0 0 6 1 1 0 4 2 2 0 4 -1 -1 -1 -1 -1 -1 440847 0 15 16 15 10 2 6 2 3
0 0 0 0 6 1 1 0 4 2 2 0 4 -1 -1 -1 -1 -1 -1 441847 0 15 16 15 10 2 6 2 3
0 0 0 0 6 1 1 0 4 2 2 0 4 -1 -1 -1 -1 -1 -1 442846 0 15 16 15 10 2 6 2 3
0 0 0 0 1 7 1 0 4 2 2 0 5 5 5 4 3 1 1 443846 0 15 16 15 10 2 5 2 3
0 0 0 0 1 1 6 0 4 2 2 0 6 -1 -1 -1 -1 -1 -1 444679 0 15 16 15 12.5 2 5 2 3
0 0 0 0 1 1 6 0 4 2 2 0 6 -1 -1 -1 -1 -1 -1 445479 0 15 16 15 12.3333 2 5 2 3
0 0 0 0 1 1 6 0 4 2 2 0 6 -1 -1 -1 -1 -1 -1 446412 0 15 16 15 10 2 5 2 3
0 0 0 0 1 1 8 0 4 2 2 0 6 6 5 4 2 0 1 447245 0 15 16 15 12.5 2 8 0 3
0 0 0 0 1 6 1 0 4 2 2 0 5 -1 -1 -1 -1 -1 -1 448045 0 15 16 15 12.5 2 8 0 3
0 0 0 0 1 6 1 0 4 2 2 0 5 -1 -1 -1 -1 -1 -1 448878 0 15 16 15 12.5 2 8 0 3
0 0 0 0 1 6 1 0 4 2 2 0 5 -1 -1 -1 -1 -1 -1 449678 0 15 16 15 12.5 2 8 0 3
0 0 0 0 1 7 1 0 4 2 2 0 5 5 5 4 3 1 1 450578 0 15 16 15 10 2 4 2 3
0 0 0 0 1 6 1 0 4 2 2 0 5 -1 -1 -1 -1 -1 -1 451577 0 15 16 15 10 2 4 2 3
0 0 0 0 1 6 1 0 4 2 2 0 5 -1 -1 -1 -1 -1 -1 452577 0 15 16 15 10 2 4 2 3
0 0 0 0 1 6 1 0 4 2 2 0 5 -1 -1 -1 -1 -1 -1 453577 0 15 16 15 10 2 4 2 3
0 0 0 0 3 6 1 0 4 2 2 0 5 4 5 4 1 0 0 454543 0 15 16 15 10 2 5 2 3
0 0 0 0 1 6 1 0 4 2 2 0 5 -1 -1 -1 -1 -1 -1 455543 0 15 16 15 10 2 5 2 3
0 0 0 0 1 6 1 0 4 2 2 0 5 -1 -1 -1 -1 -1 -1 456543 0 15 16 15 10 2 5 2 3
0 0 0 0 1 6 1 0 4 2 2 0 5 -1 -1 -1 -1 -1 -1 457543 0 15 16 15 10 2 5 2 3
0 0 0 0 3 6 1 0 4 2 2 0 5 4 5 4 2 0 0 458542 0 15 16 15 10 2 6 2 3
0 0 0 0 1 6 1 0 4 2 2 0 5 -1 -1 -1 -1 -1 -1 459542 0 15 16 15 10 2 6 2 3
0 0 0 0 1 6 1 0 4 2 2 0 5 -1 -1 -1 -1 -1 -1 460442 0 15 16 15 12.5 2 6 2 3
0 0 0 0 1 6 1 0 4 2 2 0 5 -1 -1 -1 -1 -1 -1 461242 0 15 16 15 12.5 2 6 2 3
0 0 0 0 1 7 1 0 4 2 2 0 5 5 5 4 1 1 1 462108 0 15 16 15 10 2 5 2 3
0 0 0 0 1 6 1 0 4 2 2 0 5 -1 -1 -1 -1 -1 -1 462908 0 15 16 16 13 2 5 2 3
0 0 0 0 1 6 1 0 4 2 2 0 5 -1 -1 -1 -1 -1 -1 463675 0 15 16 16 13 2 5 2 3
0 0 0 0 1 6 1 0 4 2 2 0 5 -1 -1 -1 -1 -1 -1 464441 0 15 16 16 13 2 5 2 3
0 0 0 0 1 6 3 0 4 2 2 0 5 6 5 4 0 0 0 465207 0 15 16 16 13 2 4 2 3
0 0 0 0 1 6 1 0 4 2 2 0 5 -1 -1 -1 -1 -1 -1 466007 0 15 16 16 13 2 4 2 3
0 0 0 0 1 6 1 0 5 6 1 0 5 -1 -1 -1 -1 -1 -1 478438 0 15 40 15 60 2 8 0 3
0 0 0 0 1 6 1 0 5 6 1 0 5 -1 -1 -1 -1 -1 -1 478604 0 15 40 15 60 2 8 0 3
0 0 0 0 1 6 1 0 5 6 1 0 5 -1 -1 -1 -1 -1 -1 478771 0 15 40 15 60 2 4 2 3
0 0 0 0 1 6 1 0 5 6 1 0 5 -1 -1 -1 -1 -1 -1 478937 0 15 40 15 50 2 4 2 3
0 0 0 0 1 6 1 0 5 6 1 0 5 -1 -1 -1 -1 -1 -1 479237 0 15 40 15 20 2 4 2 3
0 0 0 0 1 6 1 0 5 6 1 0 5 -1 -1 -1 -1 -1 -1 480171 0 15 40 15 10 2 4 2 3
0 0 0 0 1 6 1 0 5 6 1 0 5 -1 -1 -1 -1 -1 -1 481170 0 15 40 15 10 2 5 2 3
0 0 0 0 1 6 1 0 5 6 1 0 5 -1 -1 -1 -1 -1 -1 482170 0 15 40 15 10 2 5 2 3
0 0 0 0 1 6 1 0 5 6 1 0 5 -1 -1 -1 -1 -1 -1 483170 0 15 40 15 10 2 5 2 3
0 0 0 0 1 6 1 0 5 6 1 0 5 -1 -1 -1 -1 -1 -1 484170 0 15 40 15 10 2 5 2 3
0 0 0 0 1 7 1 0 5 6 1 0 5 5 5 4 4 1 1 485169 0 15 40 15 10 2 6 2 3
0 0 0 0 1 1 6 0 5 6 1 0 6 -1 -1 -1 -1 -1 -1 486169 0 15 40 15 10 2 6 2 3
0 0 0 0 1 1 6 0 5 6 1 0 6 -1 -1 -1 -1 -1 -1 487035 0 15 40 15 12.5 2 6 2 3
0 0 0 0 1 1 6 0 5 6 1 0 6 -1 -1 -1 -1 -1 -1 487835 0 15 40 15 12.5 2 6 2 3
0 0 0 0 1 1 7 0 5 6 1 0 6 6 5 4 4 1 1 488735 0 15 40 15 10 2 5 2 3
0 0 0 0 1 1 6 0 5 6 1 0 6 -1 -1 -1 -1 -1 -1 489535 0 15 40 16 13 2 5 2 3
0 0 0 0 1 1 6 0 5 6 1 0 6 -1 -1 -1 -1 -1 -1 490301 0 15 40 16 13 2 5 2 3
0 0 0 0 1 1 6 0 5 6 1 0 6 -1 -1 -1 -1 -1 -1 491001 0 15 40 16 16.25 2 5 2 3
0 0 0 0 1 1 7 0 5 6 1 0 6 6 5 4 4 1 1 491601 0 15 40 16 16.25 2 6 2 3
0 0 0 0 1 1 6 0 5 6 1 0 6 -1 -1 -1 -1 -1 -1 492234 0 15 40 16 15.8167 2 6 2 3
0 0 0 0 1 1 6 0 5 6 1 0 6 -1 -1 -1 -1 -1 -1 492867 0 15 40 16 16.25 2 6 2 3
0 0 0 0 1 1 6 0 5 6 1 0 6 -1 -1 -1 -1 -1 -1 493501 0 15 40 16 16.25 2 6 2 3
0 0 0 0 1 1 7 0 5 6 1 0 6 6 5 4 4 1 1 494100 0 15 40 16 16.0333 2 6 2 3
0 0 0 0 1 1 6 0 5 6 1 0 6 -1 -1 -1 -1 -1 -1 494700 0 15 40 17 16 2 6 2 3
0 0 0 0 1 1 6 0 5 6 1 0 6 -1 -1 -1 -1 -1 -1 495200 0 15 40 17 20 2 6 2 3
0 0 0 0 1 1 6 0 5 6 1 0 6 -1 -1 -1 -1 -1 -1 495700 0 15 40 17 20 2 6 2 3
0 0 0 0 1 1 7 0 5 6 1 0 6 6 5 4 4 1 1 496200 0 15 40 17 20 2 5 2 3
0 0 0 0 1 1 6 0 5 6 1 0 6 -1 -1 -1 -1 -1 -1 496733 0 15 40 17 16.2667 2 5 2 3
0 0 0 0 1 6 1 0 5 6 1 0 5 -1 -1 -1 -1 -1 -1 497333 0 15 40 17 20 2 5 2 3
0 0 0 0 1 6 1 0 5 6 1 0 5 -1 -1 -1 -1 -1 -1 497833 0 15 40 17 20 2 5 2 3
0 0 0 1 1 7 1 1 5 6 1 0 5 5 5 4 4 1 1 498333 0 15 40 17 20 2 8 0 5
0 0 0 1 1 6 1 1 5 6 1 1 5 -1 -1 -1 -1 -1 -1 498766 0 15 40 18 23.75 2 8 0 5
0 0 0 1 6 1 1 1 5 6 1 1 4 -1 -1 -1 -1 -1 -1 499233 0 15 40 18 19.3167 2 8 0 5
0 0 0 1 6 1 1 1 5 6 1 1 4 -1 -1 -1 -1 -1 -1 499666 0 15 40 18 23.75 2 8 0 5
0 0 0 1 7 1 1 1 5 6 1 1 4 4 5 4 4 1 1 500099 0 15 40 18 23.75 2 4 2 5
0 0 0 1 6 1 1 1 5 6 1 1 4 -1 -1 -1 -1 -1 -1 500499 0 15 40 18 23.75 2 4 2 5
0 0 0 1 1 6 1 1 5 6 1 1 5 -1 -1 -1 -1 -1 -1 500932 0 15 40 18 22.4833 2 4 2 5
0 0 0 1 1 6 1 1 5 6 1 1 5 -1 -1 -1 -1 -1 -1 501399 0 15 40 18 23.75 2 4 2 5
0 0 0 1 1 7 1 1 5 6 1 1 5 5 5 4 4 1 1 501799 0 15 40 18 23.75 2 5 2 5
0 0 0 1 1 6 1 1 5 6 1 1 5 -1 -1 -1 -1 -1 -1 502198 0 15 40 19 26.25 2 5 2 5
0 0 0 1 1 6 1 1 5 6 1 1 5 -1 -1 -1 -1 -1 -1 502565 0 15 40 19 26.25 2 5 2 5
0 0 0 1 1 6 1 1 5 6 1 1 5 -1 -1 -1 -1 -1 -1 502965 0 15 40 19 23.45 2 5 2 5
0 0 0 1 1 7 1 1 5 6 1 1 5 5 5 4 4 1 1 503431 0 15 40 19 21 2 6 2 5
0 0 0 1 1 6 1 1 5 6 1 1 5 -1 -1 -1 -1 -1 -1 503898 0 15 40 19 21 2 6 2 5
0 0 0 1 1 6 1 1 5 6 1 1 5 -1 -1 -1 -1 -1 -1 504398 0 15 40 19 21 2 6 2 5
0 0 0 1 1 1 6 1 5 6 1 1 6 -1 -1 -1 -1 -1 -1 504864 0 15 40 19 21 2 6 2 5
0 0 0 1 1 1 7 1 5 6 1 1 6 6 5 4 4 1 1 505231 0 15 40 19 26.25 2 5 2 5
0 0 0 1 1 1 6 1 5 6 1 1 6 -1 -1 -1 -1 -1 -1 505598 0 15 40 20 27.5 2 5 2 5
0 0 0 1 1 1 6 1 5 6 1 1 6 -1 -1 -1 -1 -1 -1 505964 0 15 40 20 27.5 2 5 2 5
0 0 0 1 1 1 1 6 5 6 1 1 7 -1 -1 -1 -1 -1 -1 506331 0 15 40 20 27.5 2 5 2 5
0 0 0 1 1 1 7 1 5 6 1 1 6 6 5 4 4 1 1 506731 0 15 40 20 23.8333 2 6 2 5
0 0 0 1 1 1 6 1 5 6 1 1 6 -1 -1 -1 -1 -1 -1 507164 0 15 40 20 22 2 6 2 5
0 0 0 1 1 6 1 1 5 6 1 1 5 -1 -1 -1 -1 -1 -1 507630 0 15 40 20 22 2 6 2 5
0 0 0 1 1 6 1 1 5 6 1 1 5 -1 -1 -1 -1 -1 -1 507997 0 15 40 20 27.5 2 6 2 5
0 0 0 1 1 7 1 1 5 6 1 1 5 5 5 4 4 1 1 508364 0 15 40 20 27.5 2 6 2 5
0 0 0 1 1 6 1 1 5 6 1 1 5 -1 -1 -1 -1 -1 -1 508730 0 15 40 21 28.75 2 6 2 5
0 0 0 1 1 1 6 1 5 6 1 1 6 -1 -1 -1 -1 -1 -1 509063 0 15 40 21 28.75 2 6 2 5
0 0 0 1 1 1 1 6 5 6 1 1 7 -1 -1 -1 -1 -1 -1 509430 0 15 40 21 26.8333 2 6 2 5
0 0 0 1 1 1 1 7 5 6 1 1 7 7 5 4 4 1 1 509830 0 15 40 21 23 2 5 2 5
0 0 0 1 1 1 6 1 5 6 1 1 6 -1 -1 -1 -1 -1 -1 510263 0 15 40 21 23 2 5 2 5
0 0 0 1 1 6 1 1 5 6 1 1 5 -1 -1 -1 -1 -1 -1 510696 0 15 40 21 23 2 5 2 5
0 0 0 1 1 6 1 1 5 6 1 1 5 -1 -1 -1 -1 -1 -1 511096 0 15 40 21 28.75 2 5 2 5
0 0 0 1 1 7 1 1 5 6 1 1 5 5 5 4 4 1 1 511430 0 15 40 21 28.75 2 8 0 5
0 0 0 1 1 6 1 1 5 6 1 2 5 -1 -1 -1 -1 -1 -1 511763 0 15 40 22 30 2 8 0 5
0 0 0 1 6 1 1 1 5 6 1 2 4 -1 -1 -1 -1 -1 -1 512096 0 15 40 22 30 2 8 0 5
0 0 0 1 6 1 1 1 5 6 1 2 4 -1 -1 -1 -1 -1 -1 512429 0 15 40 22 30 2 8 0 5
0 0 0 1 7 1 1 1 5 6 1 2 4 4 5 4 4 1 1 512796 0 15 40 22 26 2 4 2 5
0 0 0 1 1 6 1 1 5 6 1 2 5 -1 -1 -1 -1 -1 -1 513196 0 15 40 22 24 2 4 2 5
0 0 0 1 1 1 6 4 5 6 1 2 6 -1 -1 -1 -1 -1 -1 513629 1 15 40 22 24 2 4 2 5
0 0 0 1 1 1 6 1 5 6 1 2 6 -1 -1 -1 -1 -1 -1 514029 0 15 40 22 30 2 4 2 5
0 0 0 1 1 1 7 1 5 6 1 2 6 6 5 4 4 1 1 514362 0 15 40 22 30 2 5 2 5
0 0 0 1 1 1 6 1 5 6 1 2 6 -1 -1 -1 -1 -1 -1 514662 0 15 40 23 31.25 2 5 2 5
0 0 0 1 1 6 1 4 5 6 1 2 5 -1 -1 -1 -1 -1 -1 514995 1 15 40 23 31.25 2 5 2 5
0 0 0 1 1 6 1 1 5 6 1 2 5 -1 -1 -1 -1 -1 -1 515329 0 15 40 23 31.25 2 5 2 5
0 0 0 1 1 7 1 1 5 6 1 2 5 5 5 4 4 1 1 515629 0 15 40 23 28.75 2 6 2 5
0 0 0 1 1 6 1 1 5 6 1 2 5 -1 -1 -1 -1 -1 -1 516028 0 15 40 23 25 2 6 2 5
0 0 0 1 1 6 4 1 5 6 1 2 5 -1 -1 -1 -1 -1 -1 516428 1 15 40 23 25 2 6 2 5
0 0 0 1 1 1 1 6 5 6 1 2 7 -1 -1 -1 -1 -1 -1 516828 0 15 40 23 25 2 6 2 5
0 0 0 1 1 1 1 7 5 6 1 2 7 7 5 4 4 1 1 517228 0 15 40 23 25 2 5 2 5
0 0 0 1 1 1 6 1 5 6 1 2 6 -1 -1 -1 -1 -1 -1 517628 0 15 40 24 25.5 2 5 2 5
0 0 0 1 1 6 1 4 5 6 1 2 5 -1 -1 -1 -1 -1 -1 517995 1 15 40 24 25.5 2 5 2 5
0 0 0 1 1 6 1 1 5 6 1 2 5 -1 -1 -1 -1 -1 -1 518361 0 15 40 24 31.875 2 5 2 5
0 0 0 1 1 7 1 1 5 6 1 2 5 5 5 4 4 1 1 518661 0 15 40 24 31.875 2 6 2 5
0 0 0 1 1 6 1 1 5 6 1 2 5 -1 -1 -1 -1 -1 -1 518994 0 15 40 24 31.875 2 6 2 5
0 0 0 1 1 6 4 1 5 6 1 2 5 -1 -1 -1 -1 -1 -1 519294 1 15 40 24 31.875 2 6 2 5
0 0 0 1 1 1 6 1 5 6 1 2 6 -1 -1 -1 -1 -1 -1 519628 0 15 40 24 31.875 2 6 2 5
0 0 0 1 1 1 1 7 5 6 1 2 7 7 5 4 4 1 1 519927 0 15 40 24 29.325 2 6 2 5
0 0 0 1 1 1 1 6 5 6 1 2 7 -1 -1 -1 -1 -1 -1 520294 0 15 40 25 26 2 6 2 5
0 0 0 4 1 1 1 6 5 6 1 2 7 -1 -1 -1 -1 -1 -1 520694 1 15 40 25 26 2 6 2 5
0 0 0 1 1 1 1 6 5 6 1 2 7 -1 -1 -1 -1 -1 -1 521061 0 15 40 25 26 2 6 2 5
0 0 0 1 1 1 1 7 5 6 1 2 7 7 5 4 4 1 1 521394 0 15 40 25 32.5 2 5 2 5
0 0 0 1 1 1 1 6 5 6 1 2 7 -1 -1 -1 -1 -1 -1 521727 0 15 40 25 32.5 2 5 2 5
0 0 0 1 1 4 6 1 5 6 1 2 6 -1 -1 -1 -1 -1 -1 522027 1 15 40 25 32.5 2 5 2 5
0 0 0 1 1 1 6 1 5 6 1 2 6 -1 -1 -1 -1 -1 -1 522327 0 15 40 25 32.5 2 5 2 5
0 0 0 1 1 7 1 1 5 6 1 2 5 5 5 4 4 1 1 522627 0 15 40 25 32.5 2 8 0 5
0 0 0 0 1 6 1 0 6 0 3 0 5 -1 -1 -1 -1 -1 -1 534491 0 15 16 16 60 2 8 0 3
0 0 0 0 1 6 1 0 6 0 3 0 5 -1 -1 -1 -1 -1 -1 534657 0 15 16 16 60 2 8 0 3
0 0 0 0 1 6 1 0 6 0 3 0 5 -1 -1 -1 -1 -1 -1 534824 0 15 16 16 60 2 6 2 3
0 0 0 0 1 6 1 0 6 0 3 0 5 -1 -1 -1 -1 -1 -1 534990 0 15 16 16 50.6 2 6 2 3
0 0 0 0 1 6 1 0 6 0 3 0 5 -1 -1 -1 -1 -1 -1 535257 0 15 16 16 25.5333 2 6 2 3
0 0 0 0 1 6 1 0 6 0 3 0 5 -1 -1 -1 -1 -1 -1 535990 0 15 16 16 13 2 6 2 3
0 0 0 0 1 6 1 0 6 0 3 0 5 -1 -1 -1 -1 -1 -1 536757 0 15 16 16 13 2 4 2 3
0 0 0 0 1 6 1 0 6 0 3 0 5 -1 -1 -1 -1 -1 -1 537523 0 15 16 16 13 2 4 2 3
0 0 0 0 1 6 1 0 6 0 3 0 5 -1 -1 -1 -1 -1 -1 538290 0 15 16 16 13 2 4 2 3
0 0 0 0 6 1 1 0 6 0 3 0 4 -1 -1 -1 -1 -1 -1 539056 0 15 16 16 13 2 4 2 3
0 0 0 0 6 3 1 0 6 0 3 0 4 5 1 4 2 0 0 539823 0 15 16 16 13 2 4 2 3
0 0 0 0 6 1 1 0 6 0 3 0 4 -1 -1 -1 -1 -1 -1 540589 0 15 16 16 13 2 4 2 3
0 0 0 0 6 1 1 0 6 0 3 0 4 -1 -1 -1 -1 -1 -1 541322 0 15 16 16 16.25 2 4 2 3
0 0 0 0 6 1 1 0 6 0 3 0 4 -1 -1 -1 -1 -1 -1 541955 0 15 16 16 16.25 2 4 2 3
0 0 0 0 6 3 1 0 6 0 3 0 4 5 3 4 3 0 0 542555 0 15 16 16 16.25 2 5 2 3
0 0 0 0 1 6 1 0 6 0 3 0 5 -1 -1 -1 -1 -1 -1 543222 0 15 16 16 13 2 5 2 3
0 0 0 0 1 6 1 0 6 0 3 0 5 -1 -1 -1 -1 -1 -1 543922 0 15 16 16 16.25 2 5 2 3
0 0 0 0 1 6 1 0 6 0 3 0 5 -1 -1 -1 -1 -1 -1 544522 0 15 16 16 16.25 2 5 2 3
0 0 0 0 3 6 1 0 6 0 3 0 5 4 2 4 0 0 0 545155 0 15 16 16 16.0333 2 5 2 3
0 0 0 0 6 1 1 0 6 0 3 0 4 -1 -1 -1 -1 -1 -1 545855 0 15 16 16 13 2 5 2 3
0 0 0 0 6 1 1 0 6 0 3 0 4 -1 -1 -1 -1 -1 -1 546554 0 15 16 16 16.25 2 5 2 3
0 0 0 0 6 1 1 0 6 0 3 0 4 -1 -1 -1 -1 -1 -1 547154 0 15 16 16 16.25 2 5 2 3
0 0 0 0 7 1 1 0 6 0 3 0 4 4 1 4 2 1 1 547787 0 15 16 16 15.8167 2 5 2 3
0 0 0 0 1 6 1 0 6 0 3 0 5 -1 -1 -1 -1 -1 -1 548487 0 15 16 16 13 2 5 2 3
0 0 0 0 6 1 1 0 6 0 3 0 4 -1 -1 -1 -1 -1 -1 549220 0 15 16 16 16.25 2 5 2 3
0 0 0 0 6 1 1 0 6 0 3 0 4 -1 -1 -1 -1 -1 -1 549854 0 15 16 16 16.25 2 5 2 3
0 0 0 0 6 3 1 0 6 0 3 0 4 5 0 4 1 0 0 550453 0 15 16 16 16.25 2 5 2 3
0 0 0 0 1 6 1 0 6 0 3 0 5 -1 -1 -1 -1 -1 -1 551120 0 15 16 16 13 2 5 2 3
0 0 0 0 1 6 1 0 6 0 3 0 5 -1 -1 -1 -1 -1 -1 551820 0 15 16 16 16.25 2 5 2 3
0 0 0 0 1 6 1 0 6 0 3 0 5 -1 -1 -1 -1 -1 -1 552420 0 15 16 16 16.25 2 5 2 3
0 0 0 0 1 6 3 0 6 0 3 0 5 6 3 4 3 0 0 553053 0 15 16 16 15.6 2 8 0 3
0 0 0 0 1 6 1 0 6 0 3 0 5 -1 -1 -1 -1 -1 -1 553786 0 15 16 16 13 2 8 0 3
0 0 0 0 6 1 1 0 6 0 3 0 4 -1 -1 -1 -1 -1 -1 554552 0 15 16 16 13 2 8 0 3
0 0 0 0 6 1 1 0 6 0 3 0 4 -1 -1 -1 -1 -1 -1 555219 0 15 16 16 16.25 2 8 0 3
0 0 0 0 8 1 1 0 6 0 3 0 4 4 0 4 1 0 1 555819 0 15 16 16 16.25 2 6 2 3
0 0 0 0 1 6 1 0 6 0 3 0 5 -1 -1 -1 -1 -1 -1 556619 0 15 16 15 11 2 6 2 3
0 0 0 0 6 1 1 0 6 0 3 0 4 -1 -1 -1 -1 -1 -1 557485 0 15 16 15 12.5 2 6 2 3
0 0 0 0 6 1 1 0 6 0 3 0 4 -1 -1 -1 -1 -1 -1 558285 0 15 16 15 12.5 2 6 2 3
0 0 0 0 8 1 1 0 6 0 3 0 4 4 1 4 2 0 1 559151 0 15 16 15 10 2 4 2 3
0 0 0 0 1 6 1 0 6 0 3 0 5 -1 -1 -1 -1 -1 -1 560118 0 15 16 15 12.5 2 4 2 3
0 0 0 0 1 6 1 0 6 0 3 0 5 -1 -1 -1 -1 -1 -1 560918 0 15 16 15 12.5 2 4 2 3
0 0 0 0 1 6 1 0 6 0 3 0 5 -1 -1 -1 -1 -1 -1 561751 0 15 16 15 11.1667 2 4 2 3
0 0 0 0 1 8 1 0 6 0 3 0 5 5 2 4 0 0 1 562717 0 15 16 15 10 2 4 2 3
0 0 0 0 1 6 1 0 6 0 3 0 5 -1 -1 -1 -1 -1 -1 563683 0 15 16 15 12.5 2 4 2 3
0 0 0 0 1 6 1 0 6 0 3 0 5 -1 -1 -1 -1 -1 -1 564483 0 15 16 15 12.5 2 4 2 3
0 0 0 0 1 1 6 0 6 0 3 0 6 -1 -1 -1 -1 -1 -1 565283 0 15 16 15 11.3333 2 4 2 3
0 0 0 0 1 1 8 0 6 0 3 0 6 6 1 4 2 0 1 566283 0 15 16 15 10 2 5 2 3
0 0 0 0 1 6 1 0 6 0 3 0 5 -1 -1 -1 -1 -1 -1 567283 0 15 16 15 10 2 5 2 3
0 0 0 0 1 6 1 0 6 0 3 0 5 -1 -1 -1 -1 -1 -1 568082 0 15 16 15 12.5 2 5 2 3
0 0 0 0 1 6 1 0 6 0 3 0 5 -1 -1 -1 -1 -1 -1 568882 0 15 16 15 12.3333 2 5 2 3
0 0 0 0 1 7 1 0 6 0 3 0 5 5 1 4 2 1 1 569815 0 15 16 15 10 2 5 2 3
0 0 0 0 1 6 1 0 6 0 3 0 5 -1 -1 -1 -1 -1 -1 570815 0 15 16 15 10 2 5 2 3
0 0 0 0 1 6 1 0 6 0 3 0 5 -1 -1 -1 -1 -1 -1 571815 0 15 16 15 10 2 5 2 3
0 0 0 0 1 6 1 0 6 0 3 0 5 -1 -1 -1 -1 -1 -1 572648 0 15 16 15 12.5 2 5 2 3
0 0 0 0 2 8 1 0 6 0 3 0 5 4 2 4 0 1 0 573448 0 15 16 15 12.5 2 5 2 3
0 0 0 0 1 6 1 0 6 0 3 0 5 -1 -1 -1 -1 -1 -1 574381 0 15 16 15 10 2 5 2 3
0 0 0 0 1 6 1 0 6 0 3 0 5 -1 -1 -1 -1 -1 -1 575214 0 15 16 15 12.5 2 5 2 3
0 0 0 0 1 6 1 0 6 0 3 0 5 -1 -1 -1 -1 -1 -1 576014 0 15 16 15 12.5 2 5 2 3
0 0 0 0 3 6 1 0 6 0 3 0 5 4 2 4 0 0 0 576947 0 15 16 15 10 2 5 2 3
0 0 0 0 1 1 6 0 6 0 3 0 6 -1 -1 -1 -1 -1 -1 577947 0 15 16 15 10 2 5 2 3
0 0 0 0 1 1 6 0 6 0 3 0 6 -1 -1 -1 -1 -1 -1 578780 0 15 16 15 12.5 2 5 2 3
0 0 0 0 1 1 6 0 6 0 3 0 6 -1 -1 -1 -1 -1 -1 579580 0 15 16 15 12.5 2 5 2 3
0 0 0 0 1 1 7 0 6 0 3 0 6 6 1 4 2 1 1 580513 0 15 16 15 10 2 8 0 3
0 0 0 0 1 6 1 0 6 0 3 0 5 -1 -1 -1 -1 -1 -1 581479 0 15 16 15 12.5 2 8 0 3
0 0 0 0 1 1 6 0 6 0 3 0 6 -1 -1 -1 -1 -1 -1 582279 0 15 16 15 12.5 2 8 0 3
0 0 0 0 1 1 6 0 6 0 3 0 6 -1 -1 -1 -1 -1 -1 583079 0 15 16 15 11.8333 2 8 0 3
0 0 0 0 1 1 7 0 6 0 3 0 6 6 2 4 0 1 1 583912 0 15 16 15 12.5 2 6 2 3
0 0 0 0 1 6 1 0 6 0 3 0 5 -1 -1 -1 -1 -1 -1 584545 0 15 16 16 16.25 2 6 2 3
0 0 0 0 1 6 1 0 6 0 3 0 5 -1 -1 -1 -1 -1 -1 585178 0 15 16 16 16.25 2 6 2 3
0 0 0 0 1 6 1 0 6 0 3 0 5 -1 -1 -1 -1 -1 -1 585778 0 15 16 16 16.25 2 6 2 3
0 0 0 0 3 6 1 0 6 0 3 0 5 4 0 4 1 0 0 586411 0 15 16 16 16.0333 2 4 2 3
0 0 0 0 1 6 1 0 6 0 3 0 5 -1 -1 -1 -1 -1 -1 587111 0 15 16 16 13 2 4 2 3
0 0 0 0 6 1 1 0 6 0 3 0 4 -1 -1 -1 -1 -1 -1 587778 0 15 16 16 16.25 2 4 2 3
0 0 0 0 6 1 1 0 6 0 3 0 4 -1 -1 -1 -1 -1 -1 588411 0 15 16 16 16.25 2 4 2 3
0 0 0 0 6 3 1 0 6 0 3 0 4 5 3 4 3 0 0 589011 0 15 16 16 15.6 2 4 2 3
0 0 0 0 6 1 1 0 6 0 3 0 4 -1 -1 -1 -1 -1 -1 589744 0 15 16 16 13 2 4 2 3
0 0 0 0 1 6 1 0 6 0 3 0 5 -1 -1 -1 -1 -1 -1 590510 0 15 16 16 13 2 4 2 3
0 0 0 0 6 1 1 0 6 0 3 0 4 -1 -1 -1 -1 -1 -1 591210 0 15 16 16 16.25 2 4 2 3
0 0 0 0 6 3 1 0 6 0 3 0 4 5 0 4 1 0 0 591843 0 15 16 16 16.25 2 5 2 3
0 0 0 0 6 1 1 0 6 0 3 0 4 -1 -1 -1 -1 -1 -1 592443 0 15 16 16 16.25 2 5 2 3
0 0 0 0 1 6 1 0 6 0 3 0 5 -1 -1 -1 -1 -1 -1 593143 0 15 16 16 13 2 5 2 3
0 0 0 0 1 6 1 0 6 0 3 0 5 -1 -1 -1 -1 -1 -1 593809 0 15 16 16 16.25 2 5 2 3
0 0 0 0 1 8 1 0 6 0 3 0 5 5 3 4 3 0 1 594443 0 15 16 16 16.25 2 5 2 3
0 0 0 0 1 6 1 0 6 0 3 0 5 -1 -1 -1 -1 -1 -1 595209 0 15 16 15 11.3333 2 5 2 3
0 0 0 0 1 6 1 0 6 0 3 0 5 -1 -1 -1 -1 -1 -1 596076 0 15 16 15 12.5 2 5 2 3
0 0 0 0 6 1 1 0 6 0 3 0 4 -1 -1 -1 -1 -1 -1 596875 0 15 16 15 12.5 2 5 2 3
0 0 0 0 6 3 1 0 6 0 3 0 4 5 1 4 2 0 0 597775 0 15 16 15 10 2 5 2 3
0 0 0 0 6 1 1 0 6 0 3 0 4 -1 -1 -1 -1 -1 -1 598608 0 15 16 15 12.5 2 5 2 3
0 0 0 0 6 1 1 0 6 0 3 0 4 -1 -1 -1 -1 -1 -1 599408 0 15 16 15 12.5 2 5 2 3
0 0 0 0 6 1 1 0 6 0 3 0 4 -1 -1 -1 -1 -1 -1 600308 0 15 16 15 10 2 5 2 3
0 0 0 0 6 3 1 0 6 0 3 0 4 5 1 4 2 0 0 601308 0 15 16 15 10 2 5 2 3
0 0 0 0 6 1 1 0 6 0 3 0 4 -1 -1 -1 -1 -1 -1 602307 0 15 16 15 10 2 5 2 3
0 0 0 0 6 1 1 0 6 0 3 0 4 -1 -1 -1 -1 -1 -1 603307 0 15 16 15 10 2 5 2 3
0 0 0 0 6 1 1 0 6 0 3 0 4 -1 -1 -1 -1 -1 -1 604307 0 15 16 15 10 2 5 2 3
0 0 0 0 7 1 1 0 6 0 3 0 4 4 3 4 3 1 1 605307 0 15 16 15 10 2 8 0 3
0 0 0 0 6 1 1 0 6 0 3 0 4 -1 -1 -1 -1 -1 -1 606306 0 15 16 15 10 2 8 0 3
0 0 0 0 6 1 1 0 6 0 3 0 4 -1 -1 -1 -1 -1 -1 607173 0 15 16 15 12.5 2 8 0 3
0 0 0 0 1 6 1 0 6 0 3 0 5 -1 -1 -1 -1 -1 -1 607973 0 15 16 15 12.5 2 8 0 3
0 0 0 0 1 6 3 0 6 0 3 0 5 6 2 4 0 0 0 608872 0 15 16 15 10 2 6 2 3
0 0 0 0 1 6 1 0 6 0 3 0 5 -1 -1 -1 -1 -1 -1 609672 0 15 16 15 12.5 2 6 2 3
0 0 0 0 1 1 6 0 6 0 3 0 6 -1 -1 -1 -1 -1 -1 610472 0 15 16 15 12.1667 2 6 2 3
0 0 0 0 1 1 6 0 6 0 3 0 6 -1 -1 -1 -1 -1 -1 611372 0 15 16 15 12.5 2 6 2 3
0 0 0 0 1 1 7 0 6 0 3 0 6 6 1 4 2 1 1 612172 0 15 16 15 12.5 2 4 2 3
0 0 0 0 1 6 1 0 6 0 3 0 5 -1 -1 -1 -1 -1 -1 612805 0 15 16 16 15.1667 2 4 2 3
0 0 0 0 1 6 1 0 6 0 3 0 5 -1 -1 -1 -1 -1 -1 613471 0 15 16 16 16.25 2 4 2 3
0 0 0 0 1 6 1 0 6 0 3 0 5 -1 -1 -1 -1 -1 -1 614105 0 15 16 16 16.25 2 4 2 3
0 0 0 0 1 7 1 0 6 0 3 0 5 5 3 4 3 1 1 614704 0 15 16 16 16.25 2 4 2 3
0 0 0 0 1 6 1 0 6 0 3 0 5 -1 -1 -1 -1 -1 -1 615438 0 15 16 16 13 2 4 2 3
0 0 0 0 6 1 1 0 6 0 3 0 4 -1 -1 -1 -1 -1 -1 616137 0 15 16 16 16.25 2 4 2 3
0 0 0 0 6 1 1 0 6 0 3 0 4 -1 -1 -1 -1 -1 -1 616771 0 15 16 16 16.25 2 4 2 3
0 0 0 0 6 3 1 0 6 0 3 0 4 5 0 4 1 0 0 617370 0 15 16 16 16.25 2 5 2 3
0 0 0 0 6 1 1 0 6 0 3 0 4 -1 -1 -1 -1 -1 -1 618004 0 15 16 16 16.25 2 5 2 3
0 0 0 0 1 6 1 0 6 0 3 0 5 -1 -1 -1 -1 -1 -1 618637 0 15 16 16 16.25 2 5 2 3
0 0 0 0 1 6 1 0 6 0 3 0 5 -1 -1 -1 -1 -1 -1 619237 0 15 16 16 16.25 2 5 2 3
0 0 0 0 3 6 1 0 6 0 3 0 5 4 3 4 3 0 0 619936 0 15 16 16 16.25 2 5 2 3
0 0 0 0 1 6 1 0 6 0 3 0 5 -1 -1 -1 -1 -1 -1 620536 0 15 16 16 16.25 2 5 2 3
0 0 0 0 1 1 6 0 6 0 3 0 6 -1 -1 -1 -1 -1 -1 621169 0 15 16 16 16.25 2 5 2 3
0 0 0 0 1 1 6 0 6 0 3 0 6 -1 -1 -1 -1 -1 -1 621803 0 15 16 16 13.8667 2 5 2 3
0 0 0 0 1 1 8 0 6 0 3 0 6 6 1 4 2 0 1 622436 0 15 16 16 16.25 2 5 2 3
0 0 0 0 1 6 1 0 6 0 3 0 5 -1 -1 -1 -1 -1 -1 623202 0 15 16 15 12.5 2 5 2 3
0 0 0 0 1 6 1 0 6 0 3 0 5 -1 -1 -1 -1 -1 -1 624102 0 15 16 15 10 2 5 2 3
0 0 0 0 1 6 1 0 6 0 3 0 5 -1 -1 -1 -1 -1 -1 625102 0 15 16 15 10 2 5 2 3
0 0 0 0 1 6 3 0 6 0 3 0 5 6 3 4 3 0 0 625935 0 15 16 15 12.5 2 5 2 3
0 0 0 0 1 6 1 0 6 0 3 0 5 -1 -1 -1 -1 -1 -1 626735 0 15 16 15 12.5 2 5 2 3
0 0 0 0 1 1 6 0 6 0 3 0 6 -1 -1 -1 -1 -1 -1 627635 0 15 16 15 10 2 5 2 3
0 0 0 0 1 1 6 0 6 0 3 0 6 -1 -1 -1 -1 -1 -1 628568 0 15 16 15 12.5 2 5 2 3
0 0 0 0 1 3 6 0 6 0 3 0 6 5 2 4 0 0 0 629367 0 15 16 15 12.5 2 8 0 3
0 0 0 0 1 6 1 0 6 0 3 0 5 -1 -1 -1 -1 -1 -1 630201 0 15 16 15 10.3333 2 8 0 3
0 0 0 0 1 6 1 0 6 0 3 0 5 -1 -1 -1 -1 -1 -1 631067 0 15 16 15 12.5 2 8 0 3
0 0 0 0 1 6 1 0 6 0 3 0 5 -1 -1 -1 -1 -1 -1 631867 0 15 16 15 12.5 2 8 0 3
0 0 0 0 1 8 2 0 6 0 3 0 5 6 1 4 2 1 0 632667 0 15 16 15 12.5 2 6 2 3
0 0 0 0 1 6 1 0 6 0 3 0 5 -1 -1 -1 -1 -1 -1 633466 0 15 16 15 12.5 2 6 2 3
0 0 0 0 1 1 6 0 6 0 3 0 6 -1 -1 -1 -1 -1 -1 634333 0 15 16 15 10 2 6 2 3
0 0 0 0 1 1 6 0 6 0 3 0 6 -1 -1 -1 -1 -1 -1 635266 0 15 16 15 12.5 2 6 2 3
0 0 0 0 1 3 6 0 6 0 3 0 6 5 2 4 0 0 0 636032 0 15 16 15 12.5 2 4 2 3
0 0 0 0 1 1 6 0 6 0 3 0 6 -1 -1 -1 -1 -1 -1 636899 0 15 16 15 10 2 4 2 3
0 0 0 0 1 6 1 0 6 0 3 0 5 -1 -1 -1 -1 -1 -1 637765 0 15 16 15 12.5 2 4 2 3
0 0 0 0 1 6 1 0 6 0 3 0 5 -1 -1 -1 -1 -1 -1 638565 0 15 16 15 12.5 2 4 2 3
0 0 0 0 1 6 3 0 6 0 3 0 5 6 0 4 1 0 0 639465 0 15 16 15 10 2 4 2 3
0 0 0 0 1 6 1 0 6 0 3 0 5 -1 -1 -1 -1 -1 -1 640465 0 15 16 15 10 2 4 2 3
0 0 0 0 1 6 1 0 6 0 3 0 5 -1 -1 -1 -1 -1 -1 641464 0 15 16 15 10 2 4 2 3
0 0 0 0 1 1 6 0 6 0 3 0 6 -1 -1 -1 -1 -1 -1 642364 0 15 16 15 12.5 2 4 2 3
0 0 0 0 1 1 7 0 6 0 3 0 6 6 1 4 2 1 1 643164 0 15 16 15 12.5 2 5 2 3
0 0 0 0 1 1 6 0 6 0 3 0 6 -1 -1 -1 -1 -1 -1 643997 0 15 16 15 10 2 5 2 3
0 0 0 0 1 6 1 0 6 0 3 0 5 -1 -1 -1 -1 -1 -1 644897 0 15 16 15 12.5 2 5 2 3
0 0 0 0 6 1 1 0 6 0 3 0 4 -1 -1 -1 -1 -1 -1 645697 0 15 16 15 12.5 2 5 2 3
0 0 0 0 8 1 1 0 6 0 3 0 4 4 0 4 1 0 1 646563 0 15 16 15 10 2 5 2 3
0 0 0 0 6 1 1 0 6 0 3 0 4 -1 -1 -1 -1 -1 -1 647563 0 15 16 15 10 2 5 2 3
0 0 0 0 1 1 6 0 6 0 3 0 6 -1 -1 -1 -1 -1 -1 648563 0 15 16 15 10 2 5 2 3
0 0 0 0 1 1 6 0 6 0 3 0 6 -1 -1 -1 -1 -1 -1 649396 0 15 16 15 12.5 2 5 2 3
0 0 0 0 1 1 8 0 6 0 3 0 6 6 2 4 0 0 1 650196 0 15 16 15 12.5 2 5 2 3
0 0 0 0 1 6 1 0 6 0 3 0 5 -1 -1 -1 -1 -1 -1 651129 0 15 16 15 10 2 5 2 3
0 0 0 0 6 1 1 0 6 0 3 0 4 -1 -1 -1 -1 -1 -1 651962 0 15 16 15 12.5 2 5 2 3
0 0 0 0 1 1 6 0 6 0 3 0 6 -1 -1 -1 -1 -1 -1 652762 0 15 16 15 12.5 2 5 2 3
0 0 0 0 1 1 8 0 6 0 3 0 6 6 0 4 1 0 1 653562 0 15 16 15 12.5 2 5 2 3
0 0 0 0 1 6 1 0 6 0 3 0 5 -1 -1 -1 -1 -1 -1 534491 0 15 16 16 60 2 8 0 3
0 0 0 0 1 6 1 0 6 0 3 0 5 -1 -1 -1 -1 -1 -1 534657 0 15 16 16 60 2 8 0 3
0 0 0 0 1 6 1 0 6 0 3 0 5 -1 -1 -1 -1 -1 -1 534824 0 15 16 16 60 2 6 2 3
0 0 0 0 1 6 1 0 6 0 3 0 5 -1 -1 -1 -1 -1 -1 534990 0 15 16 16 50.6 2 6 2 3
0 0 0 0 1 6 1 0 6 0 3 0 5 -1 -1 -1 -1 -1 -1 535257 0 15 16 16 25.5333 2 6 2 3
0 0 0 0 1 6 1 0 6 0 3 0 5 -1 -1 -1 -1 -1 -1 535990 0 15 16 16 13 2 6 2 3
0 0 0 0 1 6 1 0 6 0 3 0 5 -1 -1 -1 -1 -1 -1 536757 0 15 16 16 13 2 4 2 3
0 0 0 0 1 6 1 0 6 0 3 0 5 -1 -1 -1 -1 -1 -1 537523 0 15 16 16 13 2 4 2 3
0 0 0 0 1 6 1 0 6 0 3 0 5 -1 -1 -1 -1 -1 -1 538290 0 15 16 16 13 2 4 2 3
0 0 0 0 6 1 1 0 6 0 3 0 4 -1 -1 -1 -1 -1 -1 539056 0 15 16 16 13 2 4 2 3
0 0 0 0 6 3 1 0 6 0 3 0 4 5 1 4 2 0 0 539823 0 15 16 16 13 2 4 2 3
0 0 0 0 6 1 1 0 6 0 3 0 4 -1 -1 -1 -1 -1 -1 540589 0 15 16 16 13 2 4 2 3
0 0 0 0 6 1 1 0 6 0 3 0 4 -1 -1 -1 -1 -1 -1 541322 0 15 16 16 16.25 2 4 2 3
0 0 0 0 6 1 1 0 6 0 3 0 4 -1 -1 -1 -1 -1 -1 541955 0 15 16 16 16.25 2 4 2 3
0 0 0 0 6 3 1 0 6 0 3 0 4 5 3 4 3 0 0 542555 0 15 16 16 16.25 2 5 2 3
0 0 0 0 1 6 1 0 6 0 3 0 5 -1 -1 -1 -1 -1 -1 543222 0 15 16 16 13 2 5 2 3
0 0 0 0 1 6 1 0 6 0 3 0 5 -1 -1 -1 -1 -1 -1 543922 0 15 16 16 16.25 2 5 2 3
0 0 0 0 1 6 1 0 6 0 3 0 5 -1 -1 -1 -1 -1 -1 544522 0 15 16 16 16.25 2 5 2 3
0 0 0 0 3 6 1 0 6 0 3 0 5 4 2 4 0 0 0 545155 0 15 16 16 16.0333 2 5 2 3
0 0 0 0 6 1 1 0 6 0 3 0 4 -1 -1 -1 -1 -1 -1 545855 0 15 16 16 13 2 5 2 3
0 0 0 0 6 1 1 0 6 0 3 0 4 -1 -1 -1 -1 -1 -1 546554 0 15 16 16 16.25 2 5 2 3
0 0 0 0 6 1 1 0 6 0 3 0 4 -1 -1 -1 -1 -1 -1 547154 0 15 16 16 16.25 2 5 2 3
0 0 0 0 7 1 1 0 6 0 3 0 4 4 1 4 2 1 1 547787 0 15 16 16 15.8167 2 5 2 3
0 0 0 0 1 6 1 0 6 0 3 0 5 -1 -1 -1 -1 -1 -1 548487 0 15 16 16 13 2 5 2 3
0 0 0 0 6 1 1 0 6 0 3 0 4 -1 -1 -1 -1 -1 -1 549220 0 15 16 16 16.25 2 5 2 3
0 0 0 0 6 1 1 0 6 0 3 0 4 -1 -1 -1 -1 -1 -1 549854 0 15 16 16 16.25 2 5 2 3
0 0 0 0 6 3 1 0 6 0 3 0 4 5 0 4 1 0 0 550453 0 15 16 16 16.25 2 5 2 3
0 0 0 0 1 6 1 0 6 0 3 0 5 -1 -1 -1 -1 -1 -1 551120 0 15 16 16 13 2 5 2 3
0 0 0 0 1 6 1 0 6 0 3 0 5 -1 -1 -1 -1 -1 -1 551820 0 15 16 16 16.25 2 5 2 3
0 0 0 0 1 6 1 0 6 0 3 0 5 -1 -1 -1 -1 -1 -1 552420 0 15 16 16 16.25 2 5 2 3
0 0 0 0 1 6 3 0 6 0 3 0 5 6 3 4 3 0 0 553053 0 15 16 16 15.6 2 8 0 3
0 0 0 0 1 6 1 0 6 0 3 0 5 -1 -1 -1 -1 -1 -1 553786 0 15 16 16 13 2 8 0 3
0 0 0 0 6 1 1 0 6 0 3 0 4 -1 -1 -1 -1 -1 -1 554552 0 15 16 16 13 2 8 0 3
0 0 0 0 6 1 1 0 6 0 3 0 4 -1 -1 -1 -1 -1 -1 555219 0 15 16 16 16.25 2 8 0 3
0 0 0 0 8 1 1 0 6 0 3 0 4 4 0 4 1 0 1 555819 0 15 16 16 16.25 2 6 2 3
0 0 0 0 1 6 1 0 6 0 3 0 5 -1 -1 -1 -1 -1 -1 556619 0 15 16 15 11 2 6 2 3
0 0 0 0 6 1 1 0 6 0 3 0 4 -1 -1 -1 -1 -1 -1 557485 0 15 16 15 12.5 2 6 2 3
0 0 0 0 6 1 1 0 6 0 3 0 4 -1 -1 -1 -1 -1 -1 558285 0 15 16 15 12.5 2 6 2 3
0 0 0 0 8 1 1 0 6 0 3 0 4 4 1 4 2 0 1 559151 0 15 16 15 10 2 4 2 3
0 0 0 0 1 6 1 0 6 0 3 0 5 -1 -1 -1 -1 -1 -1 560118 0 15 16 15 12.5 2 4 2 3
0 0 0 0 1 6 1 0 6 0 3 0 5 -1 -1 -1 -1 -1 -1 560918 0 15 16 15 12.5 2 4 2 3
0 0 0 0 1 6 1 0 6 0 3 0 5 -1 -1 -1 -1 -1 -1 561751 0 15 16 15 11.1667 2 4 2 3
0 0 0 0 1 8 1 0 6 0 3 0 5 5 2 4 0 0 1 562717 0 15 16 15 10 2 4 2 3
0 0 0 0 1 6 1 0 6 0 3 0 5 -1 -1 -1 -1 -1 -1 563683 0 15 16 15 12.5 2 4 2 3
0 0 0 0 1 6 1 0 6 0 3 0 5 -1 -1 -1 -1 -1 -1 564483 0 15 16 15 12.5 2 4 2 3
0 0 0 0 1 1 6 0 6 0 3 0 6 -1 -1 -1 -1 -1 -1 565283 0 15 16 15 11.3333 2 4 2 3
0 0 0 0 1 1 8 0 6 0 3 0 6 6 1 4 2 0 1 566283 0 15 16 15 10 2 5 2 3
0 0 0 0 1 6 1 0 6 0 3 0 5 -1 -1 -1 -1 -1 -1 567283 0 15 16 15 10 2 5 2 3
0 0 0 0 1 6 1 0 6 0 3 0 5 -1 -1 -1 -1 -1 -1 568082 0 15 16 15 12.5 2 5 2 3
0 0 0 0 1 6 1 0 6 0 3 0 5 -1 -1 -1 -1 -1 -1 568882 0 15 16 15 12.3333 2 5 2 3
0 0 0 0 1 7 1 0 6 0 3 0 5 5 1 4 2 1 1 569815 0 15 16 15 10 2 5 2 3
0 0 0 0 1 6 1 0 6 0 3 0 5 -1 -1 -1 -1 -1 -1 570815 0 15 16 15 10 2 5 2 3
0 0 0 0 1 6 1 0 6 0 3 0 5 -1 -1 -1 -1 -1 -1 571815 0 15 16 15 10 2 5 2 3
0 0 0 0 1 6 1 0 6 0 3 0 5 -1 -1 -1 -1 -1 -1 572648 0 15 16 15 12.5 2 5 2 3
0 0 0 0 2 8 1 0 6 0 3 0 5 4 2 4 0 1 0 573448 0 15 16 15 12.5 2 5 2 3
0 0 0 0 1 6 1 0 6 0 3 0 5 -1 -1 -1 -1 -1 -1 574381 0 15 16 15 10 2 5 2 3
0 0 0 0 1 6 1 0 6 0 3 0 5 -1 -1 -1 -1 -1 -1 575214 0 15 16 15 12.5 2 5 2 3
0 0 0 0 1 6 1 0 6 0 3 0 5 -1 -1 -1 -1 -1 -1 576014 0 15 16 15 12.5 2 5 2 3
0 0 0 0 3 6 1 0 6 0 3 0 5 4 2 4 0 0 0 576947 0 15 16 15 10 2 5 2 3
0 0 0 0 1 1 6 0 6 0 3 0 6 -1 -1 -1 -1 -1 -1 577947 0 15 16 15 10 2 5 2 3
0 0 0 0 1 1 6 0 6 0 3 0 6 -1 -1 -1 -1 -1 -1 578780 0 15 16 15 12.5 2 5 2 3
0 0 0 0 1 1 6 0 6 0 3 0 6 -1 -1 -1 -1 -1 -1 579580 0 15 16 15 12.5 2 5 2 3
0 0 0 0 1 1 7 0 6 0 3 0 6 6 1 4 2 1 1 580513 0 15 16 15 10 2 8 0 3
0 0 0 0 1 6 1 0 6 0 3 0 5 -1 -1 -1 -1 -1 -1 581479 0 15 16 15 12.5 2 8 0 3
0 0 0 0 1 1 6 0 6 0 3 0 6 -1 -1 -1 -1 -1 -1 582279 0 15 16 15 12.5 2 8 0 3
0 0 0 0 1 1 6 0 6 0 3 0 6 -1 -1 -1 -1 -1 -1 583079 0 15 16 15 11.8333 2 8 0 3
0 0 0 0 1 1 7 0 6 0 3 0 6 6 2 4 0 1 1 583912 0 15 16 15 12.5 2 6 2 3
0 0 0 0 1 6 1 0 6 0 3 0 5 -1 -1 -1 -1 -1 -1 584545 0 15 16 16 16.25 2 6 2 3
0 0 0 0 1 6 1 0 6 0 3 0 5 -1 -1 -1 -1 -1 -1 585178 0 15 16 16 16.25 2 6 2 3
0 0 0 0 1 6 1 0 6 0 3 0 5 -1 -1 -1 -1 -1 -1 585778 0 15 16 16 16.25 2 6 2 3
0 0 0 0 3 6 1 0 6 0 3 0 5 4 0 4 1 0 0 586411 0 15 16 16 16.0333 2 4 2 3
0 0 0 0 1 6 1 0 6 0 3 0 5 -1 -1 -1 -1 -1 -1 587111 0 15 16 16 13 2 4 2 3
0 0 0 0 6 1 1 0 6 0 3 0 4 -1 -1 -1 -1 -1 -1 587778 0 15 16 16 16.25 2 4 2 3
0 0 0 0 6 1 1 0 6 0 3 0 4 -1 -1 -1 -1 -1 -1 588411 0 15 16 16 16.25 2 4 2 3
0 0 0 0 6 3 1 0 6 0 3 0 4 5 3 4 3 0 0 589011 0 15 16 16 15.6 2 4 2 3
0 0 0 0 6 1 1 0 6 0 3 0 4 -1 -1 -1 -1 -1 -1 589744 0 15 16 16 13 2 4 2 3
0 0 0 0 1 6 1 0 6 0 3 0 5 -1 -1 -1 -1 -1 -1 590510 0 15 16 16 13 2 4 2 3
0 0 0 0 6 1 1 0 6 0 3 0 4 -1 -1 -1 -1 -1 -1 591210 0 15 16 16 16.25 2 4 2 3
0 0 0 0 6 3 1 0 6 0 3 0 4 5 0 4 1 0 0 591843 0 15 16 16 16.25 2 5 2 3
0 0 0 0 6 1 1 0 6 0 3 0 4 -1 -1 -1 -1 -1 -1 592443 0 15 16 16 16.25 2 5 2 3
0 0 0 0 1 6 1 0 6 0 3 0 5 -1 -1 -1 -1 -1 -1 593143 0 15 16 16 13 2 5 2 3
0 0 0 0 1 6 1 0 6 0 3 0 5 -1 -1 -1 -1 -1 -1 593809 0 15 16 16 16.25 2 5 2 3
0 0 0 0 1 8 1 0 6 0 3 0 5 5 3 4 3 0 1 594443 0 15 16 16 16.25 2 5 2 3
0 0 0 0 1 6 1 0 6 0 3 0 5 -1 -1 -1 -1 -1 -1 595209 0 15 16 15 11.3333 2 5 2 3
0 0 0 0 1 6 1 0 6 0 3 0 5 -1 -1 -1 -1 -1 -1 596076 0 15 16 15 12.5 2 5 2 3
0 0 0 0 6 1 1 0 6 0 3 0 4 -1 -1 -1 -1 -1 -1 596875 0 15 16 15 12.5 2 5 2 3
0 0 0 0 6 3 1 0 6 0 3 0 4 5 1 4 2 0 0 597775 0 15 16 15 10 2 5 2 3
0 0 0 0 6 1 1 0 6 0 3 0 4 -1 -1 -1 -1 -1 -1 598608 0 15 16 15 12.5 2 5 2 3
0 0 0 0 6 1 1 0 6 0 3 0 4 -1 -1 -1 -1 -1 -1 599408 0 15 16 15 12.5 2 5 2 3
0 0 0 0 6 1 1 0 6 0 3 0 4 -1 -1 -1 -1 -1 -1 600308 0 15 16 15 10 2 5 2 3
0 0 0 0 6 3 1 0 6 0 3 0 4 5 1 4 2 0 0 601308 0 15 16 15 10 2 5 2 3
0 0 0 0 6 1 1 0 6 0 3 0 4 -1 -1 -1 -1 -1 -1 602307 0 15 16 15 10 2 5 2 3
0 0 0 0 6 1 1 0 6 0 3 0 4 -1 -1 -1 -1 -1 -1 603307 0 15 16 15 10 2 5 2 3
0 0 0 0 6 1 1 0 6 0 3 0 4 -1 -1 -1 -1 -1 -1 604307 0 15 16 15 10 2 5 2 3
0 0 0 0 7 1 1 0 6 0 3 0 4 4 3 4 3 1 1 605307 0 15 16 15 10 2 8 0 3
0 0 0 0 6 1 1 0 6 0 3 0 4 -1 -1 -1 -1 -1 -1 606306 0 15 16 15 10 2 8 0 3
0 0 0 0 6 1 1 0 6 0 3 0 4 -1 -1 -1 -1 -1 -1 607173 0 15 16 15 12.5 2 8 0 3
0 0 0 0 1 6 1 0 6 0 3 0 5 -1 -1 -1 -1 -1 -1 607973 0 15 16 15 12.5 2 8 0 3
0 0 0 0 1 6 3 0 6 0 3 0 5 6 2 4 0 0 0 608872 0 15 16 15 10 2 6 2 3
0 0 0 0 1 6 1 0 6 0 3 0 5 -1 -1 -1 -1 -1 -1 609672 0 15 16 15 12.5 2 6 2 3
0 0 0 0 1 1 6 0 6 0 3 0 6 -1 -1 -1 -1 -1 -1 610472 0 15 16 15 12.1667 2 6 2 3
0 0 0 0 1 1 6 0 6 0 3 0 6 -1 -1 -1 -1 -1 -1 611372 0 15 16 15 12.5 2 6 2 3
0 0 0 0 1 1 7 0 6 0 3 0 6 6 1 4 2 1 1 612172 0 15 16 15 12.5 2 4 2 3
0 0 0 0 1 6 1 0 6 0 3 0 5 -1 -1 -1 -1 -1 -1 612805 0 15 16 16 15.1667 2 4 2 3
0 0 0 0 1 6 1 0 6 0 3 0 5 -1 -1 -1 -1 -1 -1 613471 0 15 16 16 16.25 2 4 2 3
0 0 0 0 1 6 1 0 6 0 3 0 5 -1 -1 -1 -1 -1 -1 614105 0 15 16 16 16.25 2 4 2 3
0 0 0 0 1 7 1 0 6 0 3 0 5 5 3 4 3 1 1 614704 0 15 16 16 16.25 2 4 2 3
0 0 0 0 1 6 1 0 6 0 3 0 5 -1 -1 -1 -1 -1 -1 615438 0 15 16 16 13 2 4 2 3
0 0 0 0 6 1 1 0 6 0 3 0 4 -1 -1 -1 -1 -1 -1 616137 0 15 16 16 16.25 2 4 2 3
0 0 0 0 6 1 1 0 6 0 3 0 4 -1 -1 -1 -1 -1 -1 616771 0 15 16 16 16.25 2 4 2 3
0 0 0 0 6 3 1 0 6 0 3 0 4 5 0 4 1 0 0 617370 0 15 16 16 16.25 2 5 2 3
0 0 0 0 6 1 1 0 6 0 3 0 4 -1 -1 -1 -1 -1 -1 618004 0 15 16 16 16.25 2 5 2 3
0 0 0 0 1 6 1 0 6 0 3 0 5 -1 -1 -1 -1 -1 -1 618637 0 15 16 16 16.25 2 5 2 3
0 0 0 0 1 6 1 0 6 0 3 0 5 -1 -1 -1 -1 -1 -1 619237 0 15 16 16 16.25 2 5 2 3
0 0 0 0 3 6 1 0 6 0 3 0 5 4 3 4 3 0 0 619936 0 15 16 16 16.25 2 5 2 3
0 0 0 0 1 6 1 0 6 0 3 0 5 -1 -1 -1 -1 -1 -1 620536 0 15 16 16 16.25 2 5 2 3
0 0 0 0 1 1 6 0 6 0 3 0 6 -1 -1 -1 -1 -1 -1 621169 0 15 16 16 16.25 2 5 2 3
0 0 0 0 1 1 6 0 6 0 3 0 6 -1 -1 -1 -1 -1 -1 621803 0 15 16 16 13.8667 2 5 2 3
0 0 0 0 1 1 8 0 6 0 3 0 6 6 1 4 2 0 1 622436 0 15 16 16 16.25 2 5 2 3
0 0 0 0 1 6 1 0 6 0 3 0 5 -1 -1 -1 -1 -1 -1 623202 0 15 16 15 12.5 2 5 2 3
0 0 0 0 1 6 1 0 6 0 3 0 5 -1 -1 -1 -1 -1 -1 624102 0 15 16 15 10 2 5 2 3
0 0 0 0 1 6 1 0 6 0 3 0 5 -1 -1 -1 -1 -1 -1 625102 0 15 16 15 10 2 5 2 3
0 0 0 0 1 6 3 0 6 0 3 0 5 6 3 4 3 0 0 625935 0 15 16 15 12.5 2 5 2 3
0 0 0 0 1 6 1 0 6 0 3 0 5 -1 -1 -1 -1 -1 -1 626735 0 15 16 15 12.5 2 5 2 3
0 0 0 0 1 1 6 0 6 0 3 0 6 -1 -1 -1 -1 -1 -1 627635 0 15 16 15 10 2 5 2 3
0 0 0 0 1 1 6 0 6 0 3 0 6 -1 -1 -1 -1 -1 -1 628568 0 15 16 15 12.5 2 5 2 3
0 0 0 0 1 3 6 0 6 0 3 0 6 5 2 4 0 0 0 629367 0 15 16 15 12.5 2 8 0 3
0 0 0 0 1 6 1 0 6 0 3 0 5 -1 -1 -1 -1 -1 -1 630201 0 15 16 15 10.3333 2 8 0 3
0 0 0 0 1 6 1 0 6 0 3 0 5 -1 -1 -1 -1 -1 -1 631067 0 15 16 15 12.5 2 8 0 3
0 0 0 0 1 6 1 0 6 0 3 0 5 -1 -1 -1 -1 -1 -1 631867 0 15 16 15 12.5 2 8 0 3
0 0 0 0 1 8 2 0 6 0 3 0 5 6 1 4 2 1 0 632667 0 15 16 15 12.5 2 6 2 3
0 0 0 0 1 6 1 0 6 0 3 0 5 -1 -1 -1 -1 -1 -1 633466 0 15 16 15 12.5 2 6 2 3
0 0 0 0 1 1 6 0 6 0 3 0 6 -1 -1 -1 -1 -1 -1 634333 0 15 16 15 10 2 6 2 3
0 0 0 0 1 1 6 0 6 0 3 0 6 -1 -1 -1 -1 -1 -1 635266 0 15 16 15 12.5 2 6 2 3
0 0 0 0 1 3 6 0 6 0 3 0 6 5 2 4 0 0 0 636032 0 15 16 15 12.5 2 4 2 3
0 0 0 0 1 1 6 0 6 0 3 0 6 -1 -1 -1 -1 -1 -1 636899 0 15 16 15 10 2 4 2 3
0 0 0 0 1 6 1 0 6 0 3 0 5 -1 -1 -1 -1 -1 -1 637765 0 15 16 15 12.5 2 4 2 3
0 0 0 0 1 6 1 0 6 0 3 0 5 -1 -1 -1 -1 -1 -1 638565 0 15 16 15 12.5 2 4 2 3
0 0 0 0 1 6 3 0 6 0 3 0 5 6 0 4 1 0 0 639465 0 15 16 15 10 2 4 2 3
0 0 0 0 1 6 1 0 6 0 3 0 5 -1 -1 -1 -1 -1 -1 640465 0 15 16 15 10 2 4 2 3
0 0 0 0 1 6 1 0 6 0 3 0 5 -1 -1 -1 -1 -1 -1 641464 0 15 16 15 10 2 4 2 3
0 0 0 0 1 1 6 0 6 0 3 0 6 -1 -1 -1 -1 -1 -1 642364 0 15 16 15 12.5 2 4 2 3
0 0 0 0 1 1 7 0 6 0 3 0 6 6 1 4 2 1 1 643164 0 15 16 15 12.5 2 5 2 3
0 0 0 0 1 1 6 0 6 0 3 0 6 -1 -1 -1 -1 -1 -1 643997 0 15 16 15 10 2 5 2 3
0 0 0 0 1 6 1 0 6 0 3 0 5 -1 -1 -1 -1 -1 -1 644897 0 15 16 15 12.5 2 5 2 3
0 0 0 0 6 1 1 0 6 0 3 0 4 -1 -1 -1 -1 -1 -1 645697 0 15 16 15 12.5 2 5 2 3
0 0 0 0 8 1 1 0 6 0 3 0 4 4 0 4 1 0 1 646563 0 15 16 15 10 2 5 2 3
0 0 0 0 6 1 1 0 6 0 3 0 4 -1 -1 -1 -1 -1 -1 647563 0 15 16 15 10 2 5 2 3
0 0 0 0 1 1 6 0 6 0 3 0 6 -1 -1 -1 -1 -1 -1 648563 0 15 16 15 10 2 5 2 3
0 0 0 0 1 1 6 0 6 0 3 0 6 -1 -1 -1 -1 -1 -1 649396 0 15 16 15 12.5 2 5 2 3
0 0 0 0 1 1 8 0 6 0 3 0 6 6 2 4 0 0 1 650196 0 15 16 15 12.5 2 5 2 3
0 0 0 0 1 6 1 0 6 0 3 0 5 -1 -1 -1 -1 -1 -1 651129 0 15 16 15 10 2 5 2 3
0 0 0 0 6 1 1 0 6 0 3 0 4 -1 -1 -1 -1 -1 -1 651962 0 15 16 15 12.5 2 5 2 3
0 0 0 0 1 1 6 0 6 0 3 0 6 -1 -1 -1 -1 -1 -1 652762 0 15 16 15 12.5 2 5 2 3
0 0 0 0 1 1 8 0 6 0 3 0 6 6 0 4 1 0 1 653562 0 15 16 15 12.5 2 5 2 3
