% Tunnel Log: 
% debug seed: 1462292115
%
% SegEncNW { '0'=no panel, '1'=panel, '4'=obstacle, '5'=collided obstacle, '6'=player, '7'=player right, '8'=player wrong, '2'=target, '3'=fake }
% SegEncN
% SegEncNE
% SegEncE
% SegEncSE
% SegEncS
% SegEncSW
% SegEncW
% Event Number { 0, inf }
% Task Type { 0=Color/Sound, 1=Shape/Sound, 2=Sound, 3=Navigation, 4=Speed, 5=Training 6=Recess, 7=Special 2-Back }
% N-Back { 0, inf }
% Navigation Level { 0, inf }
% Player Loc { 0=Northwest ... 7=West }
% Pod Loc { -1=N/A, 0=Northwest ... 7=West }
% Pod Color { -1, inf }
% Pod Shape { -1, inf }
% Pod Sound { -1, inf }
% Pod Match { -1=N/A, 0=No, 1=Yes }
% Pod Taken { -1=N/A, 0=No, 1=Yes }
% Timestamp (ms)
% Num Obstacles { 0, inf }
% Min Speed { 0, inf }
% Max Speed { 0, inf }
% Base Speed { 0, inf }
% Final Speed { 0, inf }
% Navigation Score { 0, inf }
% Segment Direction { 0=Northwest ... 7=West }
% Segment Angle { 0, inf }
% Segment Panels { 0, inf }
%
% SegEncNW SecEncN SegEncNE SegEncE SegEncSE SegEncS SegEncSW SegEncW EventNumber TaskType N-Back Navigation PlayerLoc PodLoc PodColor PodShape PodSound PodMatch PodTaken Timestamp NumObs MinSpeed MaxSpeed BaseSpeed FinalSpeed NavScore SegmentDir SegmentAngle SegmentPanels
0 0 0 0 1 6 1 0 0 3 1 0 5 -1 -1 -1 -1 -1 -1 15600 0 15 40 15 60 2 8 0 3
0 0 0 0 1 6 1 0 0 3 1 0 5 -1 -1 -1 -1 -1 -1 15700 0 15 40 15 60 2 8 0 3
0 0 0 0 1 6 1 0 0 3 1 0 5 -1 -1 -1 -1 -1 -1 15866 0 15 40 15 60 2 8 0 3
0 0 0 0 1 6 1 0 0 3 1 0 5 -1 -1 -1 -1 -1 -1 16033 0 15 40 15 60 2 6 2 3
0 0 0 0 1 6 1 0 0 3 1 0 5 -1 -1 -1 -1 -1 -1 16200 0 15 40 15 50 2 6 2 3
0 0 0 0 1 6 1 0 0 3 1 0 5 -1 -1 -1 -1 -1 -1 16500 0 15 40 15 20 2 6 2 3
0 0 0 0 1 6 1 0 0 3 1 0 5 -1 -1 -1 -1 -1 -1 17433 0 15 40 15 10 2 6 2 3
0 0 0 0 1 6 1 0 0 3 1 0 5 -1 -1 -1 -1 -1 -1 18433 0 15 40 15 10 2 4 2 3
0 0 0 0 1 6 1 0 0 3 1 0 5 -1 -1 -1 -1 -1 -1 19433 0 15 40 15 10 2 4 2 3
0 0 0 0 1 6 1 0 0 3 1 0 5 -1 -1 -1 -1 -1 -1 20433 0 15 40 15 10 2 4 2 3
0 0 0 0 1 6 1 0 0 3 1 0 5 -1 -1 -1 -1 -1 -1 21433 0 15 40 15 10 2 4 2 3
0 0 0 0 1 7 1 0 0 3 1 0 5 5 5 4 4 1 1 22433 0 15 40 15 10 2 5 2 3
0 0 0 0 1 6 1 0 0 3 1 0 5 -1 -1 -1 -1 -1 -1 23433 0 15 40 15 10 2 5 2 3
0 0 0 0 1 6 1 0 0 3 1 0 5 -1 -1 -1 -1 -1 -1 24433 0 15 40 15 10 2 5 2 3
0 0 0 0 1 6 1 0 0 3 1 0 5 -1 -1 -1 -1 -1 -1 25433 0 15 40 15 10 2 5 2 3
0 0 0 0 1 7 1 0 0 3 1 0 5 5 5 4 4 1 1 26433 0 15 40 15 10 2 4 2 3
0 0 0 0 1 6 1 0 0 3 1 0 5 -1 -1 -1 -1 -1 -1 27233 0 15 40 16 13 2 4 2 3
0 0 0 0 1 1 6 0 0 3 1 0 6 -1 -1 -1 -1 -1 -1 28033 0 15 40 16 13 2 4 2 3
0 0 0 0 1 1 6 0 0 3 1 0 6 -1 -1 -1 -1 -1 -1 28799 0 15 40 16 13 2 4 2 3
0 0 0 0 1 1 7 0 0 3 1 0 6 6 5 4 4 1 1 29566 0 15 40 16 13 2 5 2 3
0 0 0 0 1 1 6 0 0 3 1 0 6 -1 -1 -1 -1 -1 -1 30333 0 15 40 16 13 2 5 2 3
0 0 0 0 1 1 6 0 0 3 1 0 6 -1 -1 -1 -1 -1 -1 31099 0 15 40 16 13 2 5 2 3
0 0 0 0 1 1 6 0 0 3 1 0 6 -1 -1 -1 -1 -1 -1 31866 0 15 40 16 13 2 5 2 3
0 0 0 1 1 1 7 1 0 3 1 0 6 6 5 4 4 1 1 32633 0 15 40 16 13 2 6 2 5
0 0 0 1 1 6 1 1 0 3 1 1 5 -1 -1 -1 -1 -1 -1 33266 0 15 40 17 16 2 6 2 5
0 0 0 1 1 6 1 1 0 3 1 1 5 -1 -1 -1 -1 -1 -1 33899 0 15 40 17 16 2 6 2 5
0 0 0 1 1 6 1 1 0 3 1 1 5 -1 -1 -1 -1 -1 -1 34533 0 15 40 17 16 2 6 2 5
0 0 0 1 1 7 1 1 0 3 1 1 5 5 5 4 4 1 1 35166 0 15 40 17 16 2 4 2 5
0 0 0 1 1 1 6 1 0 3 1 1 6 -1 -1 -1 -1 -1 -1 35766 0 15 40 17 16 2 4 2 5
0 0 0 1 1 1 1 6 0 3 1 1 7 -1 -1 -1 -1 -1 -1 36399 0 15 40 17 16 2 4 2 5
0 0 0 1 1 1 1 6 0 3 1 1 7 -1 -1 -1 -1 -1 -1 37033 0 15 40 17 16 2 4 2 5
0 0 0 1 1 1 1 7 0 3 1 1 7 7 5 4 4 1 1 37566 0 15 40 17 20 2 8 0 5
0 0 0 1 1 1 1 6 0 3 1 1 7 -1 -1 -1 -1 -1 -1 37999 0 15 40 18 23.75 2 8 0 5
0 0 0 1 1 1 6 1 0 3 1 1 6 -1 -1 -1 -1 -1 -1 38433 0 15 40 18 23.75 2 8 0 5
0 0 0 1 1 1 6 1 0 3 1 1 6 -1 -1 -1 -1 -1 -1 38833 0 15 40 18 23.75 2 8 0 5
0 0 0 1 1 1 7 1 0 3 1 1 6 6 5 4 4 1 1 39266 0 15 40 18 23.75 2 6 2 5
0 0 0 1 1 1 6 1 0 3 1 1 6 -1 -1 -1 -1 -1 -1 39699 0 15 40 18 23.75 2 6 2 5
0 0 0 1 1 1 6 1 0 3 1 1 6 -1 -1 -1 -1 -1 -1 40099 0 15 40 18 23.75 2 6 2 5
0 0 0 1 1 1 6 1 0 3 1 1 6 -1 -1 -1 -1 -1 -1 40533 0 15 40 18 21.2167 2 6 2 5
0 0 0 1 1 1 7 1 0 3 1 1 6 6 5 4 4 1 1 41066 0 15 40 18 19 2 4 2 5
0 0 0 1 1 1 6 1 0 3 1 1 6 -1 -1 -1 -1 -1 -1 41533 0 15 40 19 21 2 4 2 5
0 0 0 1 1 6 1 1 0 3 1 1 5 -1 -1 -1 -1 -1 -1 41999 0 15 40 19 21 2 4 2 5
0 0 0 1 1 6 1 1 0 3 1 1 5 -1 -1 -1 -1 -1 -1 42466 0 15 40 19 26.25 2 4 2 5
0 0 0 1 1 7 1 1 0 3 1 1 5 5 5 4 4 1 1 42833 0 15 40 19 26.25 2 5 2 5
0 0 0 1 1 6 1 1 0 3 1 1 5 -1 -1 -1 -1 -1 -1 43233 0 15 40 19 26.25 2 5 2 5
0 0 0 1 1 1 6 1 0 3 1 1 6 -1 -1 -1 -1 -1 -1 43599 0 15 40 19 26.25 2 5 2 5
0 0 0 1 1 1 6 1 0 3 1 1 6 -1 -1 -1 -1 -1 -1 43999 0 15 40 19 24.85 2 5 2 5
0 0 0 1 1 1 7 1 0 3 1 1 6 6 5 4 4 1 1 44433 0 15 40 19 21 2 4 2 5
0 0 0 1 1 1 6 1 0 3 1 2 6 -1 -1 -1 -1 -1 -1 44899 0 15 40 20 22 2 4 2 5
0 0 0 1 6 1 1 1 0 3 1 2 4 -1 -1 -1 -1 -1 -1 45332 0 15 40 20 22 2 4 2 5
0 0 0 1 6 1 1 1 0 3 1 2 4 -1 -1 -1 -1 -1 -1 45799 0 15 40 20 22 2 4 2 5
0 0 0 1 7 1 1 1 0 3 1 2 4 4 5 4 4 1 1 46232 0 15 40 20 27.5 2 5 2 5
0 0 0 1 6 1 1 1 0 3 1 2 4 -1 -1 -1 -1 -1 -1 46566 0 15 40 20 27.5 2 5 2 5
0 0 0 6 1 1 1 1 0 3 1 2 3 -1 -1 -1 -1 -1 -1 46932 0 15 40 19 27.5 2 5 2 5
0 0 0 1 6 1 1 1 0 3 1 2 4 -1 -1 -1 -1 -1 -1 48132 0 15 40 19 8.925 2 5 2 5
0 0 0 1 7 1 1 1 0 3 1 2 4 4 5 4 4 1 1 48999 0 15 40 19 14.5687 2 6 2 5
0 0 0 1 6 1 1 1 0 3 1 2 4 -1 -1 -1 -1 -1 -1 49599 0 15 40 20 17.7375 2 6 2 5
0 0 0 4 6 1 1 1 0 3 1 2 4 -1 -1 -1 -1 -1 -1 50132 1 15 40 20 19.6717 2 6 2 5
0 0 0 1 6 1 1 1 0 3 1 2 4 -1 -1 -1 -1 -1 -1 50599 0 15 40 20 21.8625 2 6 2 5
0 0 0 1 7 1 1 1 0 3 1 2 4 4 5 4 4 1 1 51066 0 15 40 20 23.7875 2 4 2 5
0 0 0 1 6 1 1 1 0 3 1 2 4 -1 -1 -1 -1 -1 -1 51466 0 15 40 20 25.4375 2 4 2 5
0 0 0 1 6 4 1 1 0 3 1 2 4 -1 -1 -1 -1 -1 -1 51832 1 15 40 20 25.1533 2 4 2 5
0 0 0 6 1 1 1 1 0 3 1 2 3 -1 -1 -1 -1 -1 -1 52266 0 15 40 20 22 2 4 2 5
0 0 0 7 1 1 1 1 0 3 1 2 3 3 5 4 4 1 1 52732 0 15 40 20 22 2 8 0 5
0 0 0 6 1 1 1 1 0 3 1 2 3 -1 -1 -1 -1 -1 -1 53166 0 15 40 21 23 2 8 0 5
0 0 0 6 1 4 1 1 0 3 1 2 3 -1 -1 -1 -1 -1 -1 53599 1 15 40 21 23 2 8 0 5
0 0 0 1 6 1 1 1 0 3 1 2 4 -1 -1 -1 -1 -1 -1 54032 0 15 40 21 23 2 8 0 5
0 0 0 1 1 7 1 1 0 3 1 2 5 5 5 4 4 1 1 54466 0 15 40 21 23 2 6 2 5
0 0 0 1 1 6 1 1 0 3 1 2 5 -1 -1 -1 -1 -1 -1 54899 0 15 40 21 28.75 2 6 2 5
0 0 0 1 1 1 6 4 0 3 1 2 6 -1 -1 -1 -1 -1 -1 55266 1 15 40 21 28.75 2 6 2 5
0 0 0 1 1 1 1 6 0 3 1 2 7 -1 -1 -1 -1 -1 -1 55599 0 15 40 21 28.75 2 6 2 5
0 0 0 1 1 1 1 7 0 3 1 2 7 7 5 4 4 1 1 55932 0 15 40 21 28.75 2 4 2 5
0 0 0 1 1 1 6 1 0 3 1 2 6 -1 -1 -1 -1 -1 -1 56299 0 15 40 22 30 2 4 2 5
0 0 0 1 1 1 6 4 0 3 1 2 6 -1 -1 -1 -1 -1 -1 56632 1 15 40 22 27.2 2 4 2 5
0 0 0 1 1 1 6 1 0 3 1 2 6 -1 -1 -1 -1 -1 -1 57032 0 15 40 22 24 2 4 2 5
0 0 0 1 1 1 7 1 0 3 1 2 6 6 5 4 4 1 1 57399 0 15 40 22 30 2 5 2 5
0 0 0 1 1 1 6 1 0 3 1 2 6 -1 -1 -1 -1 -1 -1 57732 0 15 40 22 30 2 5 2 5
0 0 0 4 1 6 1 1 0 3 1 2 5 -1 -1 -1 -1 -1 -1 58066 1 15 40 22 30 2 5 2 5
0 0 0 1 6 1 1 1 0 3 1 2 4 -1 -1 -1 -1 -1 -1 58399 0 15 40 22 30 2 5 2 5
0 0 0 1 7 1 1 1 0 3 1 2 4 4 5 4 4 1 1 58732 0 15 40 22 29.6 2 4 2 5
0 0 0 1 6 1 1 1 0 3 1 2 4 -1 -1 -1 -1 -1 -1 59066 0 15 40 23 26.6667 2 4 2 5
0 0 0 1 6 4 1 1 0 3 1 2 4 -1 -1 -1 -1 -1 -1 59466 1 15 40 23 25 2 4 2 5
0 0 0 1 1 6 1 1 0 3 1 2 5 -1 -1 -1 -1 -1 -1 59866 0 15 40 23 25 2 4 2 5
0 0 0 1 1 1 7 1 0 3 1 2 6 6 5 4 4 1 1 60266 0 15 40 23 25 2 5 2 5
0 0 0 1 1 1 1 6 0 3 1 2 7 -1 -1 -1 -1 -1 -1 60666 0 15 40 23 25 2 5 2 5
0 0 0 1 1 1 4 6 0 3 1 2 7 -1 -1 -1 -1 -1 -1 61066 1 15 40 23 25 2 5 2 5
0 0 0 1 1 1 6 1 0 3 1 2 6 -1 -1 -1 -1 -1 -1 61466 0 15 40 23 25 2 5 2 5
0 0 0 1 7 1 1 1 0 3 1 2 4 4 5 4 4 1 1 61866 0 15 40 23 25 2 6 2 5
0 0 0 1 1 6 1 1 0 3 1 2 5 -1 -1 -1 -1 -1 -1 62266 0 15 40 24 25.5 2 6 2 5
0 0 0 1 4 6 1 1 0 3 1 2 5 -1 -1 -1 -1 -1 -1 62666 1 15 40 24 25.5 2 6 2 5
0 0 0 1 6 1 1 1 0 3 1 2 4 -1 -1 -1 -1 -1 -1 63032 0 15 40 24 25.5 2 6 2 5
0 0 0 7 1 1 1 1 0 3 1 2 3 3 5 4 4 1 1 63432 0 15 40 24 25.5 2 4 2 5
0 0 0 6 1 1 1 1 0 3 1 2 3 -1 -1 -1 -1 -1 -1 63832 0 15 40 24 25.5 2 4 2 5
0 0 0 1 6 1 1 4 0 3 1 2 4 -1 -1 -1 -1 -1 -1 64232 1 15 40 24 31.875 2 4 2 5
0 0 0 1 6 1 1 1 0 3 1 2 4 -1 -1 -1 -1 -1 -1 64532 0 15 40 24 31.875 2 4 2 5
0 0 0 1 7 1 1 1 0 3 1 2 4 4 5 4 4 1 1 64832 0 15 40 24 31.875 2 8 0 5
0 0 0 1 6 1 1 1 0 3 1 2 4 -1 -1 -1 -1 -1 -1 65166 0 15 40 25 32.5 2 8 0 5
0 0 0 6 1 1 4 1 0 3 1 2 3 -1 -1 -1 -1 -1 -1 65466 1 15 40 25 32.5 2 8 0 5
0 0 0 6 1 1 1 1 0 3 1 2 3 -1 -1 -1 -1 -1 -1 65766 0 15 40 25 32.0667 2 8 0 5
0 0 0 7 1 1 1 1 0 3 1 2 3 3 5 4 4 1 1 66066 0 15 40 25 32.5 2 6 2 5
0 0 0 6 1 1 1 1 0 3 1 2 3 -1 -1 -1 -1 -1 -1 66399 0 15 40 25 32.5 2 6 2 5
0 0 0 1 6 1 1 4 0 3 1 2 4 -1 -1 -1 -1 -1 -1 66699 1 15 40 25 32.5 2 6 2 5
0 0 0 1 6 1 1 1 0 3 1 2 4 -1 -1 -1 -1 -1 -1 66999 0 15 40 25 32.5 2 6 2 5
0 0 0 1 7 1 1 1 0 3 1 2 4 4 5 4 4 1 1 67299 0 15 40 25 32.5 2 4 2 5
0 0 0 1 6 1 1 1 0 3 1 2 4 -1 -1 -1 -1 -1 -1 67632 0 15 40 26 28.7083 2 4 2 5
0 0 0 1 6 4 1 1 0 3 1 2 4 -1 -1 -1 -1 -1 -1 67999 1 15 40 26 26.5 2 4 2 5
0 0 0 1 1 6 1 1 0 3 1 2 5 -1 -1 -1 -1 -1 -1 68399 0 15 40 26 26.5 2 4 2 5
0 0 0 1 1 7 1 1 0 3 1 2 5 5 5 4 4 1 1 68732 0 15 40 26 33.125 2 5 2 5
0 0 0 1 1 6 1 1 0 3 1 2 5 -1 -1 -1 -1 -1 -1 69032 0 15 40 26 33.125 2 5 2 5
0 0 0 1 4 1 6 1 0 3 1 2 6 -1 -1 -1 -1 -1 -1 69332 1 15 40 26 33.125 2 5 2 5
0 0 0 1 1 1 1 6 0 3 1 2 7 -1 -1 -1 -1 -1 -1 69665 0 15 40 26 33.125 2 5 2 5
0 0 0 1 1 1 1 7 0 3 1 2 7 7 5 4 4 1 1 69965 0 15 40 26 33.125 2 4 2 5
0 0 0 1 1 1 1 6 0 3 1 2 7 -1 -1 -1 -1 -1 -1 70265 0 15 40 27 32.85 2 4 2 5
0 0 0 1 4 1 6 1 0 3 1 2 6 -1 -1 -1 -1 -1 -1 70565 1 15 40 27 28.8 2 4 2 5
0 0 0 1 1 1 6 1 0 3 1 2 6 -1 -1 -1 -1 -1 -1 70932 0 15 40 27 33.75 2 4 2 5
0 0 0 1 1 1 7 1 0 3 1 2 6 6 5 4 4 1 1 71232 0 15 40 27 33.75 2 5 2 5
0 0 0 1 1 1 6 1 0 3 1 2 6 -1 -1 -1 -1 -1 -1 71499 0 15 40 27 33.75 2 5 2 5
0 0 0 1 4 6 1 1 0 3 1 2 5 -1 -1 -1 -1 -1 -1 71799 1 15 40 27 33.75 2 5 2 5
0 0 0 1 6 1 1 1 0 3 1 2 4 -1 -1 -1 -1 -1 -1 72099 0 15 40 27 33.75 2 5 2 5
0 0 0 1 7 1 1 1 0 3 1 2 4 4 5 4 4 1 1 72399 0 15 40 27 33.3 2 6 2 5
0 0 0 1 6 1 1 1 0 3 1 2 4 -1 -1 -1 -1 -1 -1 72699 0 15 40 28 34.375 2 6 2 5
0 0 0 1 6 1 4 1 0 3 1 2 4 -1 -1 -1 -1 -1 -1 72999 1 15 40 28 34.375 2 6 2 5
0 0 0 6 1 1 1 1 0 3 1 2 3 -1 -1 -1 -1 -1 -1 73265 0 15 40 28 34.375 2 6 2 5
0 0 0 7 1 1 1 1 0 3 1 2 3 3 5 4 4 1 1 73565 0 15 40 28 34.375 2 4 2 5
0 0 0 6 1 1 1 1 0 3 1 2 3 -1 -1 -1 -1 -1 -1 73865 0 15 40 28 34.375 2 4 2 5
0 0 0 1 6 4 1 1 0 3 1 2 4 -1 -1 -1 -1 -1 -1 74165 1 15 40 28 31.625 2 4 2 5
0 0 0 1 6 1 1 1 0 3 1 2 4 -1 -1 -1 -1 -1 -1 74499 0 15 40 28 27.5 2 4 2 5
0 0 0 1 7 1 1 1 0 3 1 2 4 4 5 4 4 1 1 74799 0 15 40 28 34.375 2 8 0 5
0 0 0 1 6 1 1 1 0 3 1 2 4 -1 -1 -1 -1 -1 -1 75099 0 15 40 29 35 2 8 0 5
0 0 0 1 1 6 1 4 0 3 1 2 5 -1 -1 -1 -1 -1 -1 75365 1 15 40 29 35 2 8 0 5
0 0 0 0 1 6 1 0 1 4 1 0 5 -1 -1 -1 -1 -1 -1 83365 0 15 40 15 60 2 8 0 3
0 0 0 0 1 6 1 0 1 4 1 0 5 -1 -1 -1 -1 -1 -1 83532 0 15 40 15 60 2 8 0 3
0 0 0 0 1 6 1 0 1 4 1 0 5 -1 -1 -1 -1 -1 -1 83699 0 15 40 15 60 2 6 2 3
0 0 0 0 1 6 1 0 1 4 1 0 5 -1 -1 -1 -1 -1 -1 83865 0 15 40 15 50 2 6 2 3
0 0 0 0 1 6 1 0 1 4 1 0 5 -1 -1 -1 -1 -1 -1 84165 0 15 40 15 20 2 6 2 3
0 0 0 0 1 6 1 0 1 4 1 0 5 -1 -1 -1 -1 -1 -1 85099 0 15 40 15 10 2 6 2 3
0 0 0 0 1 6 1 0 1 4 1 0 5 -1 -1 -1 -1 -1 -1 86099 0 15 40 15 12.5 2 6 2 3
0 0 0 0 1 1 6 0 1 4 1 0 6 -1 -1 -1 -1 -1 -1 86899 0 15 40 15 12.5 2 6 2 3
0 0 0 0 1 1 6 0 1 4 1 0 6 -1 -1 -1 -1 -1 -1 87699 0 15 40 15 11.8333 2 6 2 3
0 0 0 0 1 1 6 0 1 4 1 0 6 -1 -1 -1 -1 -1 -1 88498 0 15 40 15 12.5 2 6 2 3
0 0 0 0 1 3 6 0 1 4 1 0 6 5 2 5 0 0 0 89298 0 15 40 15 12.1667 2 4 2 3
0 0 0 0 1 6 1 0 1 4 1 0 5 -1 -1 -1 -1 -1 -1 90265 0 15 40 15 10 2 4 2 3
0 0 0 0 1 6 1 0 1 4 1 0 5 -1 -1 -1 -1 -1 -1 91165 0 15 40 15 12.5 2 4 2 3
0 0 0 0 1 6 1 0 1 4 1 0 5 -1 -1 -1 -1 -1 -1 91965 0 15 40 15 12.5 2 4 2 3
0 0 0 0 3 6 1 0 1 4 1 0 5 4 1 7 2 0 0 92832 0 15 40 15 10.1667 2 6 2 3
0 0 0 0 1 6 1 0 1 4 1 0 5 -1 -1 -1 -1 -1 -1 93832 0 15 40 15 10 2 6 2 3
0 0 0 0 1 6 1 0 1 4 1 0 5 -1 -1 -1 -1 -1 -1 94665 0 15 40 15 12.5 2 6 2 3
0 0 0 0 1 6 1 0 1 4 1 0 5 -1 -1 -1 -1 -1 -1 95465 0 15 40 15 12.5 2 6 2 3
0 0 0 0 1 6 3 0 1 4 1 0 5 6 3 8 3 0 0 96265 0 15 40 15 12.5 2 6 2 3
0 0 0 0 1 6 1 0 1 4 1 0 5 -1 -1 -1 -1 -1 -1 97065 0 15 40 15 12.5 2 6 2 3
0 0 0 0 1 6 1 0 1 4 1 0 5 -1 -1 -1 -1 -1 -1 97898 0 15 40 15 12.5 2 6 2 3
0 0 0 0 1 6 1 0 1 4 1 0 5 -1 -1 -1 -1 -1 -1 98698 0 15 40 15 12.5 2 6 2 3
0 0 0 1 1 6 3 1 1 4 1 0 5 6 0 6 1 0 0 99532 0 15 40 15 11 2 4 2 5
0 0 0 1 6 1 1 1 1 4 1 1 4 -1 -1 -1 -1 -1 -1 100498 0 15 40 15 12.5 2 4 2 5
0 0 0 1 6 1 1 1 1 4 1 1 4 -1 -1 -1 -1 -1 -1 101298 0 15 40 15 12.5 2 4 2 5
0 0 0 1 6 1 1 1 1 4 1 1 4 -1 -1 -1 -1 -1 -1 102098 0 15 40 15 12 2 4 2 5
0 0 0 1 7 1 1 1 1 4 1 1 4 4 0 6 1 1 1 103065 0 15 40 15 10 2 4 2 5
0 0 0 1 6 1 1 1 1 4 1 1 4 -1 -1 -1 -1 -1 -1 103965 0 15 40 15 12.5 2 4 2 5
0 0 0 1 6 1 1 1 1 4 1 1 4 -1 -1 -1 -1 -1 -1 104765 0 15 40 15 12.5 2 4 2 5
0 0 0 1 6 1 1 1 1 4 1 1 4 -1 -1 -1 -1 -1 -1 105632 0 15 40 15 10 2 4 2 5
0 0 0 3 6 1 1 1 1 4 1 1 4 3 1 7 2 0 0 106432 0 15 40 15 12.5 2 8 0 5
0 0 0 1 6 1 1 1 1 4 1 1 4 -1 -1 -1 -1 -1 -1 107232 0 15 40 15 12.1667 2 8 0 5
0 0 0 1 6 1 1 1 1 4 1 1 4 -1 -1 -1 -1 -1 -1 108065 0 15 40 15 12.5 2 8 0 5
0 0 0 1 6 1 1 1 1 4 1 1 4 -1 -1 -1 -1 -1 -1 108865 0 15 40 15 12.5 2 8 0 5
0 0 0 3 6 1 1 1 1 4 1 1 4 3 3 8 3 0 0 109698 0 15 40 15 12.5 2 6 2 5
0 0 0 1 6 1 1 1 1 4 1 1 4 -1 -1 -1 -1 -1 -1 110498 0 15 40 15 12.5 2 6 2 5
0 0 0 1 6 1 1 1 1 4 1 1 4 -1 -1 -1 -1 -1 -1 111298 0 15 40 15 11 2 6 2 5
0 0 0 1 6 1 1 1 1 4 1 1 4 -1 -1 -1 -1 -1 -1 112165 0 15 40 15 12.5 2 6 2 5
0 0 0 1 7 1 1 1 1 4 1 1 4 4 3 8 3 1 1 112965 0 15 40 15 12.5 2 6 2 5
0 0 0 1 1 6 1 1 1 4 1 1 5 -1 -1 -1 -1 -1 -1 113665 0 15 40 16 13 2 6 2 5
0 0 0 1 1 6 1 1 1 4 1 1 5 -1 -1 -1 -1 -1 -1 114398 0 15 40 16 16.25 2 6 2 5
0 0 0 1 1 6 1 1 1 4 1 1 5 -1 -1 -1 -1 -1 -1 115031 0 15 40 16 16.25 2 6 2 5
0 0 0 1 3 6 1 1 1 4 1 1 5 4 1 7 2 0 0 115631 0 15 40 16 16.25 2 4 2 5
0 0 0 1 1 6 1 1 1 4 1 1 5 -1 -1 -1 -1 -1 -1 116298 0 15 40 16 13 2 4 2 5
0 0 0 1 1 6 1 1 1 4 1 1 5 -1 -1 -1 -1 -1 -1 117065 0 15 40 16 13 2 4 2 5
0 0 0 1 1 6 1 1 1 4 1 1 5 -1 -1 -1 -1 -1 -1 117831 0 15 40 16 13 2 4 2 5
0 0 0 3 1 6 1 1 1 4 1 1 5 3 0 6 1 0 0 118598 0 15 40 16 13 2 6 2 5
0 0 0 1 1 6 1 1 1 4 1 2 5 -1 -1 -1 -1 -1 -1 119365 0 15 40 16 13 2 6 2 5
0 0 0 1 6 1 1 1 1 4 1 2 4 -1 -1 -1 -1 -1 -1 120131 0 15 40 16 13 2 6 2 5
0 0 0 1 6 1 1 1 1 4 1 2 4 -1 -1 -1 -1 -1 -1 120765 0 15 40 16 16.25 2 6 2 5
0 0 0 1 6 3 1 1 1 4 1 2 4 5 1 7 2 0 0 121398 0 15 40 16 16.25 2 6 2 5
0 0 0 1 6 1 1 1 1 4 1 2 4 -1 -1 -1 -1 -1 -1 122031 0 15 40 16 14.5167 2 6 2 5
0 0 0 1 4 1 6 1 1 4 1 2 6 -1 -1 -1 -1 -1 -1 122765 1 15 40 16 13 2 6 2 5
0 0 0 1 1 6 1 1 1 4 1 2 5 -1 -1 -1 -1 -1 -1 123531 0 15 40 16 16.25 2 6 2 5
0 0 0 1 1 6 1 3 1 4 1 2 5 7 2 5 0 0 0 124165 0 15 40 16 16.25 2 4 2 5
0 0 0 1 1 6 1 1 1 4 1 2 5 -1 -1 -1 -1 -1 -1 124765 0 15 40 16 16.25 2 4 2 5
0 0 0 1 4 1 6 1 1 4 1 2 6 -1 -1 -1 -1 -1 -1 125431 1 15 40 16 13.65 2 4 2 5
0 0 0 1 1 1 6 1 1 4 1 2 6 -1 -1 -1 -1 -1 -1 126065 0 15 40 16 16.25 2 4 2 5
0 0 0 1 1 6 1 3 1 4 1 2 5 7 0 6 1 0 0 126665 0 15 40 16 16.25 2 4 2 5
0 0 0 1 1 6 1 1 1 4 1 2 5 -1 -1 -1 -1 -1 -1 127298 0 15 40 16 14.95 2 4 2 5
0 0 0 4 1 6 1 1 1 4 1 2 5 -1 -1 -1 -1 -1 -1 127931 1 15 40 16 16.25 2 4 2 5
0 0 0 1 1 6 1 1 1 4 1 2 5 -1 -1 -1 -1 -1 -1 128565 0 15 40 16 16.25 2 4 2 5
0 0 0 1 1 6 1 3 1 4 1 2 5 7 3 8 3 0 0 129165 0 15 40 16 15.3833 2 8 0 5
0 0 0 1 1 6 1 1 1 4 1 2 5 -1 -1 -1 -1 -1 -1 129898 0 15 40 16 16.25 2 8 0 5
0 0 0 1 1 6 4 1 1 4 1 2 5 -1 -1 -1 -1 -1 -1 130532 1 15 40 16 16.25 2 8 0 5
0 0 0 1 1 6 1 1 1 4 1 2 5 -1 -1 -1 -1 -1 -1 131132 0 15 40 16 16.25 2 8 0 5
0 0 0 1 1 1 6 3 1 4 1 2 6 7 1 7 2 0 0 131799 0 15 40 16 13.65 2 6 2 5
0 0 0 1 1 1 6 1 1 4 1 2 6 -1 -1 -1 -1 -1 -1 132499 0 15 40 16 16.25 2 6 2 5
0 0 0 1 1 4 6 1 1 4 1 2 6 -1 -1 -1 -1 -1 -1 133099 1 15 40 16 16.25 2 6 2 5
0 0 0 1 1 6 1 1 1 4 1 2 5 -1 -1 -1 -1 -1 -1 133732 0 15 40 16 16.25 2 6 2 5
0 0 0 1 1 7 1 1 1 4 1 2 5 5 1 7 2 1 1 134366 0 15 40 16 16.25 2 6 2 5
0 0 0 1 1 6 1 1 1 4 1 2 5 -1 -1 -1 -1 -1 -1 134966 0 15 40 16 16.25 2 6 2 5
0 0 0 4 1 6 1 1 1 4 1 2 5 -1 -1 -1 -1 -1 -1 135600 1 15 40 16 16.25 2 6 2 5
0 0 0 1 1 6 1 1 1 4 1 2 5 -1 -1 -1 -1 -1 -1 136300 0 15 40 16 13 2 6 2 5
0 0 0 1 3 6 1 1 1 4 1 2 5 4 2 5 0 0 0 136933 0 15 40 16 16.25 2 4 2 5
0 0 0 1 1 6 1 1 1 4 1 2 5 -1 -1 -1 -1 -1 -1 137567 0 15 40 16 16.25 2 4 2 5
0 0 0 1 6 1 1 4 1 4 1 2 4 -1 -1 -1 -1 -1 -1 138200 1 15 40 16 15.1667 2 4 2 5
0 0 0 1 6 1 1 1 1 4 1 2 4 -1 -1 -1 -1 -1 -1 138934 0 15 40 16 13 2 4 2 5
0 0 0 3 6 1 1 1 1 4 1 2 4 3 0 6 1 0 0 139700 0 15 40 16 13 2 6 2 5
0 0 0 1 6 1 1 1 1 4 1 2 4 -1 -1 -1 -1 -1 -1 140467 0 15 40 16 13 2 6 2 5
0 0 0 1 6 1 4 1 1 4 1 2 4 -1 -1 -1 -1 -1 -1 141234 1 15 40 16 13 2 6 2 5
0 0 0 1 1 6 1 1 1 4 1 2 5 -1 -1 -1 -1 -1 -1 141934 0 15 40 16 16.25 2 6 2 5
0 0 0 1 3 6 1 1 1 4 1 2 5 4 2 5 0 0 0 142568 0 15 40 16 16.25 2 6 2 5
0 0 0 1 1 6 1 1 1 4 1 2 5 -1 -1 -1 -1 -1 -1 143168 0 15 40 16 16.25 2 6 2 5
0 0 0 1 1 6 1 1 2 0 1 2 5 -1 -1 -1 -1 -1 -1 150303 0 15 16 16 60 2 8 0 5
0 0 0 1 1 6 1 1 2 0 1 2 5 -1 -1 -1 -1 -1 -1 150469 0 15 16 16 60 2 8 0 5
0 0 0 1 1 6 1 1 2 0 1 2 5 -1 -1 -1 -1 -1 -1 150636 0 15 16 16 60 2 6 2 5
0 0 0 1 1 6 1 1 2 0 1 2 5 -1 -1 -1 -1 -1 -1 150803 0 15 16 16 50.6 2 6 2 5
0 0 0 1 1 6 1 1 2 0 1 2 5 -1 -1 -1 -1 -1 -1 151069 0 15 16 16 25.5333 2 6 2 5
0 0 0 1 1 6 1 1 2 0 1 2 5 -1 -1 -1 -1 -1 -1 151803 0 15 16 16 13 2 6 2 5
0 0 0 1 1 6 1 1 2 0 1 2 5 -1 -1 -1 -1 -1 -1 152570 0 15 16 16 13 2 5 2 5
0 0 0 1 1 6 1 1 2 0 1 2 5 -1 -1 -1 -1 -1 -1 153337 0 15 16 16 13 2 5 2 5
0 0 0 1 1 1 6 1 2 0 1 2 6 -1 -1 -1 -1 -1 -1 154103 0 15 16 16 13 2 5 2 5
0 0 0 1 1 6 1 1 2 0 1 2 5 -1 -1 -1 -1 -1 -1 154870 0 15 16 16 13 2 5 2 5
0 0 0 1 1 1 8 1 2 0 1 2 6 6 0 4 1 0 1 155637 0 15 16 16 13 2 6 2 5
0 0 0 1 1 1 6 1 2 0 1 2 6 -1 -1 -1 -1 -1 -1 156604 0 15 16 15 10 2 6 2 5
0 0 0 4 1 1 6 1 2 0 1 2 6 -1 -1 -1 -1 -1 -1 157604 1 15 16 15 10 2 6 2 5
0 0 0 1 1 1 6 1 2 0 1 2 6 -1 -1 -1 -1 -1 -1 158604 0 15 16 15 10 2 6 2 5
0 0 0 1 1 1 6 3 2 0 1 2 6 7 2 4 0 0 0 159605 0 15 16 15 10 2 6 2 5
0 0 0 1 1 1 6 1 2 0 1 2 6 -1 -1 -1 -1 -1 -1 160471 0 15 16 15 12.5 2 6 2 5
0 0 0 4 1 1 6 1 2 0 1 2 6 -1 -1 -1 -1 -1 -1 161272 1 15 16 15 12.5 2 6 2 5
0 0 0 1 1 1 1 6 2 0 1 2 7 -1 -1 -1 -1 -1 -1 162172 0 15 16 15 10 2 6 2 5
0 0 0 1 1 1 3 6 2 0 1 2 7 6 3 4 3 0 0 163039 0 15 16 15 12.5 2 5 2 5
0 0 0 1 1 1 1 6 2 0 1 2 7 -1 -1 -1 -1 -1 -1 163839 0 15 16 15 12.5 2 5 2 5
0 0 0 1 1 1 4 6 2 0 1 2 7 -1 -1 -1 -1 -1 -1 164739 1 15 16 15 10 2 5 2 5
0 0 0 1 1 6 1 1 2 0 1 2 5 -1 -1 -1 -1 -1 -1 165739 0 15 16 15 10 2 5 2 5
0 0 0 1 7 1 1 1 2 0 1 2 4 4 3 4 3 1 1 166739 0 15 16 15 10 2 6 2 5
0 0 0 1 6 1 1 1 2 0 1 2 4 -1 -1 -1 -1 -1 -1 167740 0 15 16 15 10 2 6 2 5
0 0 0 4 6 1 1 1 2 0 1 2 4 -1 -1 -1 -1 -1 -1 168673 1 15 16 15 12.5 2 6 2 5
0 0 0 1 6 1 1 1 2 0 1 2 4 -1 -1 -1 -1 -1 -1 169473 0 15 16 15 12.5 2 6 2 5
0 0 0 1 7 1 1 1 2 0 1 2 4 4 3 4 3 1 1 170307 0 15 16 15 10.6667 2 6 2 5
0 0 0 1 6 1 1 1 2 0 1 2 4 -1 -1 -1 -1 -1 -1 171107 0 15 16 16 13 2 6 2 5
0 0 0 1 6 1 4 1 2 0 1 2 4 -1 -1 -1 -1 -1 -1 171707 1 15 16 16 16.25 2 6 2 5
0 0 0 1 6 1 1 1 2 0 1 2 4 -1 -1 -1 -1 -1 -1 172341 0 15 16 16 16.25 2 6 2 5
0 0 0 1 6 3 1 1 2 0 1 2 4 5 2 4 0 0 0 172941 0 15 16 16 16.25 2 8 0 5
0 0 0 1 1 6 1 1 2 0 1 2 5 -1 -1 -1 -1 -1 -1 173574 0 15 16 16 16.25 2 8 0 5
0 0 0 1 4 6 1 1 2 0 1 2 5 -1 -1 -1 -1 -1 -1 174174 1 15 16 16 16.25 2 8 0 5
0 0 0 1 1 6 1 1 2 0 1 2 5 -1 -1 -1 -1 -1 -1 174841 0 15 16 16 16.25 2 8 0 5
0 0 0 1 1 7 1 1 2 0 1 2 5 5 2 4 0 1 1 175475 0 15 16 16 16.25 2 6 2 5
0 0 0 1 1 6 1 1 2 0 1 2 5 -1 -1 -1 -1 -1 -1 176075 0 15 16 16 16.25 2 6 2 5
0 0 0 1 1 6 1 4 2 0 1 2 5 -1 -1 -1 -1 -1 -1 176708 1 15 16 16 16.25 2 6 2 5
0 0 0 1 1 6 1 1 2 0 1 2 5 -1 -1 -1 -1 -1 -1 177308 0 15 16 16 16.25 2 6 2 5
0 0 0 1 1 6 3 1 2 0 1 2 5 6 0 4 1 0 0 177942 0 15 16 16 15.6 2 5 2 5
0 0 0 1 1 1 6 1 2 0 1 2 6 -1 -1 -1 -1 -1 -1 178675 0 15 16 16 13 2 5 2 5
0 0 0 1 1 4 1 6 2 0 1 2 7 -1 -1 -1 -1 -1 -1 179442 1 15 16 16 13 2 5 2 5
0 0 0 1 1 1 1 6 2 0 1 2 7 -1 -1 -1 -1 -1 -1 180142 0 15 16 16 16.25 2 5 2 5
0 0 0 1 1 1 1 7 2 0 1 2 7 7 0 4 1 1 1 180742 0 15 16 16 16.25 2 6 2 5
0 0 0 1 1 1 1 6 2 0 1 2 7 -1 -1 -1 -1 -1 -1 181376 0 15 16 16 16.25 2 6 2 5
0 0 0 1 1 1 4 6 2 0 1 2 7 -1 -1 -1 -1 -1 -1 182076 1 15 16 16 13 2 6 2 5
0 0 0 1 1 1 1 6 2 0 1 2 7 -1 -1 -1 -1 -1 -1 182843 0 15 16 16 13 2 6 2 5
0 0 0 1 1 1 3 6 2 0 1 2 7 6 1 4 2 0 0 183610 0 15 16 16 13 2 6 2 5
0 0 0 1 1 1 1 6 2 0 1 2 7 -1 -1 -1 -1 -1 -1 184377 0 15 16 16 13 2 6 2 5
0 0 0 1 1 1 4 6 2 0 1 2 7 -1 -1 -1 -1 -1 -1 185143 1 15 16 16 13 2 6 2 5
0 0 0 1 1 1 6 1 2 0 1 2 6 -1 -1 -1 -1 -1 -1 185910 0 15 16 16 13 2 6 2 5
0 0 0 1 1 3 6 1 2 0 1 2 6 5 2 4 0 0 0 186677 0 15 16 16 13 2 5 2 5
0 0 0 1 1 1 6 1 2 0 1 2 6 -1 -1 -1 -1 -1 -1 187444 0 15 16 16 13 2 5 2 5
0 0 0 1 1 1 6 4 2 0 1 2 6 -1 -1 -1 -1 -1 -1 188211 1 15 16 16 13 2 5 2 5
0 0 0 1 1 1 1 6 2 0 1 2 7 -1 -1 -1 -1 -1 -1 188978 0 15 16 16 13 2 5 2 5
0 0 0 1 1 1 1 7 2 0 1 2 7 7 2 4 0 1 1 189644 0 15 16 16 16.25 2 6 2 5
0 0 0 1 1 1 1 6 2 0 1 2 7 -1 -1 -1 -1 -1 -1 190245 0 15 16 16 16.25 2 6 2 5
0 0 0 1 4 1 6 1 2 0 1 2 6 -1 -1 -1 -1 -1 -1 190878 1 15 16 16 15.1667 2 6 2 5
0 0 0 1 1 1 6 1 2 0 1 2 6 -1 -1 -1 -1 -1 -1 191611 0 15 16 16 16.25 2 6 2 5
0 0 0 1 1 3 6 1 2 0 1 2 6 5 3 4 3 0 0 192245 0 15 16 16 16.25 2 6 2 5
0 0 0 1 1 1 6 1 2 0 1 2 6 -1 -1 -1 -1 -1 -1 192845 0 15 16 16 16.25 2 6 2 5
0 0 0 4 1 1 6 1 2 0 1 2 6 -1 -1 -1 -1 -1 -1 193479 1 15 16 16 13.8667 2 6 2 5
0 0 0 1 1 1 6 1 2 0 1 2 6 -1 -1 -1 -1 -1 -1 194245 0 15 16 16 13 2 6 2 5
0 0 0 1 1 6 1 3 2 0 1 2 5 7 0 4 1 0 0 195012 0 15 16 16 13 2 8 0 5
0 0 0 1 1 6 1 1 2 0 1 2 5 -1 -1 -1 -1 -1 -1 195812 0 15 16 16 13 2 8 0 5
0 0 0 4 1 1 6 1 2 0 1 2 6 -1 -1 -1 -1 -1 -1 196579 1 15 16 16 13 2 8 0 5
0 0 0 1 1 1 6 1 2 0 1 2 6 -1 -1 -1 -1 -1 -1 197346 0 15 16 16 13 2 8 0 5
0 0 0 1 1 1 6 3 2 0 1 2 6 7 1 4 2 0 0 198113 0 15 16 16 13 2 6 2 5
0 0 0 1 1 1 6 1 2 0 1 2 6 -1 -1 -1 -1 -1 -1 198880 0 15 16 16 13 2 6 2 5
0 0 0 1 1 6 1 4 2 0 1 2 5 -1 -1 -1 -1 -1 -1 199647 1 15 16 16 13 2 6 2 5
0 0 0 1 1 1 6 1 2 0 1 2 6 -1 -1 -1 -1 -1 -1 200413 0 15 16 16 13 2 6 2 5
0 0 0 1 1 3 6 1 2 0 1 2 6 5 3 4 3 0 0 201147 0 15 16 16 16.25 2 5 2 5
0 0 0 1 1 1 6 1 2 0 1 2 6 -1 -1 -1 -1 -1 -1 201780 0 15 16 16 16.25 2 5 2 5
0 0 0 1 6 1 1 4 2 0 1 2 4 -1 -1 -1 -1 -1 -1 202380 1 15 16 16 16.25 2 5 2 5
0 0 0 1 6 1 1 1 2 0 1 2 4 -1 -1 -1 -1 -1 -1 203047 0 15 16 16 13.2167 2 5 2 5
0 0 0 3 6 1 1 1 2 0 1 2 4 3 2 4 0 0 0 203814 0 15 16 16 13 2 6 2 5
0 0 0 1 6 1 1 1 2 0 1 2 4 -1 -1 -1 -1 -1 -1 204448 0 15 16 16 16.25 2 6 2 5
0 0 0 4 1 6 1 1 2 0 1 2 5 -1 -1 -1 -1 -1 -1 205081 1 15 16 16 16.25 2 6 2 5
0 0 0 1 6 1 1 1 2 0 1 2 4 -1 -1 -1 -1 -1 -1 205714 0 15 16 16 14.5167 2 6 2 5
0 0 0 1 6 3 1 1 2 0 1 2 4 5 3 4 3 0 0 206415 0 15 16 16 16.25 2 6 2 5
0 0 0 1 6 1 1 1 2 0 1 2 4 -1 -1 -1 -1 -1 -1 207015 0 15 16 16 16.25 2 6 2 5
0 0 0 4 1 6 1 1 2 0 1 2 5 -1 -1 -1 -1 -1 -1 207648 1 15 16 16 16.25 2 6 2 5
0 0 0 1 1 6 1 1 2 0 1 2 5 -1 -1 -1 -1 -1 -1 208315 0 15 16 16 13 2 6 2 5
0 0 0 1 3 6 1 1 2 0 1 2 5 4 2 4 0 0 0 209049 0 15 16 16 16.25 2 5 2 5
0 0 0 1 1 6 1 1 2 0 1 2 5 -1 -1 -1 -1 -1 -1 209649 0 15 16 16 16.25 2 5 2 5
0 0 0 1 4 6 1 1 2 0 1 2 5 -1 -1 -1 -1 -1 -1 210282 1 15 16 16 16.25 2 5 2 5
0 0 0 1 6 1 1 1 2 0 1 2 4 -1 -1 -1 -1 -1 -1 210949 0 15 16 16 13 2 5 2 5
0 0 0 1 7 1 1 1 2 0 1 2 4 4 2 4 0 1 1 211649 0 15 16 16 16.25 2 6 2 5
0 0 0 1 1 6 1 1 3 1 1 2 5 -1 -1 -1 -1 -1 -1 218284 0 15 16 16 60 2 8 0 5
0 0 0 1 1 6 1 1 3 1 1 2 5 -1 -1 -1 -1 -1 -1 218451 0 15 16 16 60 2 8 0 5
0 0 0 1 1 6 1 1 3 1 1 2 5 -1 -1 -1 -1 -1 -1 218617 0 15 16 16 60 2 4 2 5
0 0 0 1 1 6 1 1 3 1 1 2 5 -1 -1 -1 -1 -1 -1 218784 0 15 16 16 50.6 2 4 2 5
0 0 0 1 1 6 1 1 3 1 1 2 5 -1 -1 -1 -1 -1 -1 219051 0 15 16 16 25.5333 2 4 2 5
0 0 0 1 1 6 1 1 3 1 1 2 5 -1 -1 -1 -1 -1 -1 219784 0 15 16 16 13 2 4 2 5
0 0 0 1 1 6 1 1 3 1 1 2 5 -1 -1 -1 -1 -1 -1 220551 0 15 16 16 13 2 4 2 5
0 0 0 1 1 6 1 1 3 1 1 2 5 -1 -1 -1 -1 -1 -1 221318 0 15 16 16 13 2 4 2 5
0 0 0 1 1 6 1 1 3 1 1 2 5 -1 -1 -1 -1 -1 -1 221951 0 15 16 16 16.25 2 4 2 5
0 0 0 1 1 6 1 1 3 1 1 2 5 -1 -1 -1 -1 -1 -1 222551 0 15 16 16 16.25 2 4 2 5
0 0 0 3 1 6 1 1 3 1 1 2 5 3 4 7 2 0 0 223185 0 15 16 16 14.0833 2 6 2 5
0 0 0 1 1 6 1 1 3 1 1 2 5 -1 -1 -1 -1 -1 -1 223952 0 15 16 16 13 2 6 2 5
0 0 0 1 4 6 1 1 3 1 1 2 5 -1 -1 -1 -1 -1 -1 224719 1 15 16 16 13 2 6 2 5
0 0 0 1 1 6 1 1 3 1 1 2 5 -1 -1 -1 -1 -1 -1 225485 0 15 16 16 13 2 6 2 5
0 0 0 3 1 6 1 1 3 1 1 2 5 3 4 6 1 0 0 226252 0 15 16 16 13 2 4 2 5
0 0 0 1 1 6 1 1 3 1 1 2 5 -1 -1 -1 -1 -1 -1 227019 0 15 16 16 13 2 4 2 5
0 0 0 1 1 6 1 4 3 1 1 2 5 -1 -1 -1 -1 -1 -1 227653 1 15 16 16 16.25 2 4 2 5
0 0 0 1 1 6 1 1 3 1 1 2 5 -1 -1 -1 -1 -1 -1 228253 0 15 16 16 16.25 2 4 2 5
0 0 0 1 3 6 1 1 3 1 1 2 5 4 4 8 3 0 0 228919 0 15 16 16 16.25 2 4 2 5
0 0 0 1 1 6 1 1 3 1 1 2 5 -1 -1 -1 -1 -1 -1 229520 0 15 16 16 16.25 2 4 2 5
0 0 0 1 4 6 1 1 3 1 1 2 5 -1 -1 -1 -1 -1 -1 230120 1 15 16 16 16.25 2 4 2 5
0 0 0 1 1 6 1 1 3 1 1 2 5 -1 -1 -1 -1 -1 -1 230753 0 15 16 16 16.25 2 4 2 5
0 0 0 1 3 6 1 1 3 1 1 2 5 4 4 6 1 0 0 231353 0 15 16 16 16.25 2 6 2 5
0 0 0 1 1 6 1 1 3 1 1 2 5 -1 -1 -1 -1 -1 -1 231987 0 15 16 16 16.0333 2 6 2 5
0 0 0 1 1 6 4 1 3 1 1 2 5 -1 -1 -1 -1 -1 -1 232587 1 15 16 16 16.25 2 6 2 5
0 0 0 1 1 6 1 1 3 1 1 2 5 -1 -1 -1 -1 -1 -1 233220 0 15 16 16 16.25 2 6 2 5
0 0 0 3 1 6 1 1 3 1 1 2 5 3 4 7 2 0 0 233854 0 15 16 16 14.95 2 5 2 5
0 0 0 1 1 6 1 1 3 1 1 2 5 -1 -1 -1 -1 -1 -1 234587 0 15 16 16 13 2 5 2 5
0 0 0 1 4 6 1 1 3 1 1 2 5 -1 -1 -1 -1 -1 -1 235354 1 15 16 16 13 2 5 2 5
0 0 0 6 1 1 1 1 3 1 1 2 3 -1 -1 -1 -1 -1 -1 236121 0 15 16 16 13 2 5 2 5
0 0 0 7 1 1 1 1 3 1 1 2 3 3 4 7 2 1 1 236821 0 15 16 16 16.25 2 8 0 5
0 0 0 6 1 1 1 1 3 1 1 2 3 -1 -1 -1 -1 -1 -1 237455 0 15 16 16 16.25 2 8 0 5
0 0 0 6 1 1 1 4 3 1 1 2 3 -1 -1 -1 -1 -1 -1 238055 1 15 16 16 16.25 2 8 0 5
0 0 0 6 1 1 1 1 3 1 1 2 3 -1 -1 -1 -1 -1 -1 238755 0 15 16 16 13 2 8 0 5
0 0 0 7 1 1 1 1 3 1 1 2 3 3 4 7 2 1 1 239488 0 15 16 16 16.25 2 4 2 5
0 0 0 6 1 1 1 1 3 1 1 2 3 -1 -1 -1 -1 -1 -1 240122 0 15 16 16 16.25 2 4 2 5
0 0 0 1 6 1 4 1 3 1 1 2 4 -1 -1 -1 -1 -1 -1 240722 1 15 16 16 16.25 2 4 2 5
0 0 0 1 6 1 1 1 3 1 1 2 4 -1 -1 -1 -1 -1 -1 241389 0 15 16 16 13 2 4 2 5
0 0 0 1 6 3 1 1 3 1 1 2 4 5 4 8 3 0 0 242122 0 15 16 16 16.25 2 4 2 5
0 0 0 1 6 1 1 1 3 1 1 2 4 -1 -1 -1 -1 -1 -1 242756 0 15 16 16 16.25 2 4 2 5
0 0 0 4 1 1 6 1 3 1 1 2 6 -1 -1 -1 -1 -1 -1 243356 1 15 16 16 16.25 2 4 2 5
0 0 0 1 1 1 6 1 3 1 1 2 6 -1 -1 -1 -1 -1 -1 244023 0 15 16 16 13 2 4 2 5
0 0 0 1 1 1 7 1 3 1 1 2 6 6 4 8 3 1 1 244723 0 15 16 16 16.25 2 6 2 5
0 0 0 1 1 1 6 1 3 1 1 2 6 -1 -1 -1 -1 -1 -1 245323 0 15 16 16 16.25 2 6 2 5
0 0 0 1 1 4 6 1 3 1 1 2 6 -1 -1 -1 -1 -1 -1 245923 1 15 16 16 15.8167 2 6 2 5
0 0 0 1 1 6 1 1 3 1 1 2 5 -1 -1 -1 -1 -1 -1 246657 0 15 16 16 13 2 6 2 5
0 0 0 1 1 6 1 3 3 1 1 2 5 7 4 7 2 0 0 247323 0 15 16 16 16.25 2 4 2 5
0 0 0 1 1 6 1 1 3 1 1 2 5 -1 -1 -1 -1 -1 -1 247957 0 15 16 16 16.25 2 4 2 5
0 0 0 1 4 6 1 1 3 1 1 2 5 -1 -1 -1 -1 -1 -1 248557 1 15 16 16 15.3833 2 4 2 5
0 0 0 1 6 1 1 1 3 1 1 2 4 -1 -1 -1 -1 -1 -1 249290 0 15 16 16 13 2 4 2 5
0 0 0 1 6 3 1 1 3 1 1 2 4 5 4 6 1 0 0 250057 0 15 16 16 13 2 4 2 5
0 0 0 1 1 6 1 1 3 1 1 2 5 -1 -1 -1 -1 -1 -1 250824 0 15 16 16 13 2 4 2 5
0 0 0 1 4 1 6 1 3 1 1 2 6 -1 -1 -1 -1 -1 -1 251624 1 15 16 16 13 2 4 2 5
0 0 0 1 1 1 6 1 3 1 1 2 6 -1 -1 -1 -1 -1 -1 252258 0 15 16 16 16.25 2 4 2 5
0 0 0 1 1 6 1 3 3 1 1 2 5 7 4 8 3 0 0 252891 0 15 16 16 16.25 2 6 2 5
0 0 0 1 1 6 1 1 3 1 1 2 5 -1 -1 -1 -1 -1 -1 253491 0 15 16 16 15.1667 2 6 2 5
0 0 0 1 1 6 4 1 3 1 1 2 5 -1 -1 -1 -1 -1 -1 254258 1 15 16 16 13 2 6 2 5
0 0 0 1 1 1 6 1 3 1 1 2 6 -1 -1 -1 -1 -1 -1 255025 0 15 16 16 13 2 6 2 5
0 0 0 1 1 1 7 1 3 1 1 2 6 6 4 8 3 1 1 255692 0 15 16 16 16.25 2 5 2 5
0 0 0 1 1 1 6 1 3 1 1 2 6 -1 -1 -1 -1 -1 -1 256325 0 15 16 16 16.25 2 5 2 5
0 0 0 1 1 4 6 1 3 1 1 2 6 -1 -1 -1 -1 -1 -1 256925 1 15 16 16 16.0333 2 5 2 5
0 0 0 1 1 6 1 1 3 1 1 2 5 -1 -1 -1 -1 -1 -1 257658 0 15 16 16 13 2 5 2 5
0 0 0 1 3 6 1 1 3 1 1 2 5 4 4 5 0 0 0 258325 0 15 16 16 16.25 2 8 0 5
0 0 0 1 1 6 1 1 3 1 1 2 5 -1 -1 -1 -1 -1 -1 258958 0 15 16 16 16.25 2 8 0 5
0 0 0 1 1 6 1 4 3 1 1 2 5 -1 -1 -1 -1 -1 -1 259558 1 15 16 16 16.25 2 8 0 5
0 0 0 1 1 6 1 1 3 1 1 2 5 -1 -1 -1 -1 -1 -1 260224 0 15 16 16 16.25 2 8 0 5
0 0 0 1 1 6 3 1 3 1 1 2 5 6 4 7 2 0 0 260824 0 15 16 16 16.25 2 4 2 5
0 0 0 1 1 1 6 1 3 1 1 2 6 -1 -1 -1 -1 -1 -1 261457 0 15 16 16 16.0333 2 4 2 5
0 0 0 1 1 4 6 1 3 1 1 2 6 -1 -1 -1 -1 -1 -1 262124 1 15 16 16 16.25 2 4 2 5
0 0 0 1 1 6 1 1 3 1 1 2 5 -1 -1 -1 -1 -1 -1 262724 0 15 16 16 16.25 2 4 2 5
0 0 0 1 1 7 1 1 3 1 1 2 5 5 4 7 2 1 1 263357 0 15 16 16 16.25 2 4 2 5
0 0 0 0 1 6 1 0 4 2 1 0 5 -1 -1 -1 -1 -1 -1 269789 0 15 16 16 60 2 8 0 3
0 0 0 0 1 6 1 0 4 2 1 0 5 -1 -1 -1 -1 -1 -1 269955 0 15 16 16 60 2 8 0 3
0 0 0 0 1 6 1 0 4 2 1 0 5 -1 -1 -1 -1 -1 -1 270122 0 15 16 16 60 2 4 2 3
0 0 0 0 1 6 1 0 4 2 1 0 5 -1 -1 -1 -1 -1 -1 270288 0 15 16 16 50.6 2 4 2 3
0 0 0 0 1 6 1 0 4 2 1 0 5 -1 -1 -1 -1 -1 -1 270555 0 15 16 16 25.5333 2 4 2 3
0 0 0 0 1 6 1 0 4 2 1 0 5 -1 -1 -1 -1 -1 -1 271288 0 15 16 16 13 2 4 2 3
0 0 0 0 1 6 1 0 4 2 1 0 5 -1 -1 -1 -1 -1 -1 272055 0 15 16 16 13 2 5 2 3
0 0 0 0 1 6 1 0 4 2 1 0 5 -1 -1 -1 -1 -1 -1 272821 0 15 16 16 13 2 5 2 3
0 0 0 0 1 6 1 0 4 2 1 0 5 -1 -1 -1 -1 -1 -1 273554 0 15 16 16 16.25 2 5 2 3
0 0 0 0 1 6 1 0 4 2 1 0 5 -1 -1 -1 -1 -1 -1 274154 0 15 16 16 16.25 2 5 2 3
0 0 0 0 3 6 1 0 4 2 1 0 5 4 5 4 1 0 0 274787 0 15 16 16 16.25 2 5 2 3
0 0 0 0 1 6 1 0 4 2 1 0 5 -1 -1 -1 -1 -1 -1 275454 0 15 16 16 13 2 5 2 3
0 0 0 0 1 1 6 0 4 2 1 0 6 -1 -1 -1 -1 -1 -1 276220 0 15 16 16 13 2 5 2 3
0 0 0 0 1 1 6 0 4 2 1 0 6 -1 -1 -1 -1 -1 -1 276853 0 15 16 16 16.25 2 5 2 3
0 0 0 0 1 1 7 0 4 2 1 0 6 6 5 4 1 1 1 277487 0 15 16 16 16.25 2 4 2 3
0 0 0 0 1 1 6 0 4 2 1 0 6 -1 -1 -1 -1 -1 -1 278087 0 15 16 16 14.5167 2 4 2 3
0 0 0 0 1 6 1 0 4 2 1 0 5 -1 -1 -1 -1 -1 -1 278853 0 15 16 16 13 2 4 2 3
0 0 0 0 1 6 1 0 4 2 1 0 5 -1 -1 -1 -1 -1 -1 279619 0 15 16 16 13 2 4 2 3
0 0 0 0 1 6 3 0 4 2 1 0 5 6 5 4 0 0 0 280386 0 15 16 16 13 2 5 2 3
0 0 0 0 1 6 1 0 4 2 1 0 5 -1 -1 -1 -1 -1 -1 281152 0 15 16 16 13 2 5 2 3
0 0 0 0 1 6 1 0 4 2 1 0 5 -1 -1 -1 -1 -1 -1 281886 0 15 16 16 16.25 2 5 2 3
0 0 0 0 1 6 1 0 4 2 1 0 5 -1 -1 -1 -1 -1 -1 282519 0 15 16 16 16.25 2 5 2 3
0 0 0 0 3 6 1 0 4 2 1 0 5 4 5 4 1 0 0 283119 0 15 16 16 16.25 2 5 2 3
0 0 0 0 1 6 1 0 4 2 1 0 5 -1 -1 -1 -1 -1 -1 283785 0 15 16 16 13 2 5 2 3
0 0 0 0 1 6 1 0 4 2 1 0 5 -1 -1 -1 -1 -1 -1 284585 0 15 16 16 13 2 5 2 3
0 0 0 0 1 6 1 0 4 2 1 0 5 -1 -1 -1 -1 -1 -1 285351 0 15 16 16 13 2 5 2 3
0 0 0 0 3 6 1 0 4 2 1 0 5 4 5 4 0 0 0 285985 0 15 16 16 16.25 2 4 2 3
0 0 0 0 1 6 1 0 4 2 1 0 5 -1 -1 -1 -1 -1 -1 286584 0 15 16 16 16.25 2 4 2 3
0 0 0 0 1 6 1 0 4 2 1 0 5 -1 -1 -1 -1 -1 -1 287218 0 15 16 16 14.7333 2 4 2 3
0 0 0 0 6 1 1 0 4 2 1 0 4 -1 -1 -1 -1 -1 -1 287984 0 15 16 16 13 2 4 2 3
0 0 0 0 6 3 1 0 4 2 1 0 4 5 5 4 2 0 0 288751 0 15 16 16 13 2 8 0 3
0 0 0 0 6 1 1 0 4 2 1 0 4 -1 -1 -1 -1 -1 -1 289517 0 15 16 16 13 2 8 0 3
0 0 0 0 1 6 1 0 4 2 1 0 5 -1 -1 -1 -1 -1 -1 290284 0 15 16 16 13 2 8 0 3
0 0 0 0 1 6 1 0 4 2 1 0 5 -1 -1 -1 -1 -1 -1 291050 0 15 16 16 13 2 8 0 3
0 0 0 0 1 6 3 0 4 2 1 0 5 6 5 4 0 0 0 291817 0 15 16 16 13 2 4 2 3
0 0 0 0 1 6 1 0 4 2 1 0 5 -1 -1 -1 -1 -1 -1 292583 0 15 16 16 13 2 4 2 3
0 0 0 0 6 1 1 0 4 2 1 0 4 -1 -1 -1 -1 -1 -1 293349 0 15 16 16 13 2 4 2 3
0 0 0 0 6 1 1 0 4 2 1 0 4 -1 -1 -1 -1 -1 -1 294083 0 15 16 16 16.25 2 4 2 3
0 0 0 0 6 3 1 0 4 2 1 0 4 5 5 4 3 0 0 294682 0 15 16 16 16.25 2 5 2 3
0 0 0 0 6 1 1 0 4 2 1 0 4 -1 -1 -1 -1 -1 -1 295316 0 15 16 16 16.25 2 5 2 3
0 0 0 0 1 6 1 0 4 2 1 0 5 -1 -1 -1 -1 -1 -1 295982 0 15 16 16 13 2 5 2 3
0 0 0 0 1 6 1 0 4 2 1 0 5 -1 -1 -1 -1 -1 -1 296615 0 15 16 16 16.25 2 5 2 3
0 0 0 0 1 7 1 0 4 2 1 0 5 5 5 4 3 1 1 297215 0 15 16 16 16.25 2 5 2 3
0 0 0 0 1 6 1 0 4 2 1 0 5 -1 -1 -1 -1 -1 -1 297848 0 15 16 16 14.0833 2 5 2 3
0 0 0 0 1 1 6 0 4 2 1 0 6 -1 -1 -1 -1 -1 -1 298615 0 15 16 16 13 2 5 2 3
0 0 0 0 1 1 6 0 4 2 1 0 6 -1 -1 -1 -1 -1 -1 299248 0 15 16 16 16.25 2 5 2 3
0 0 0 0 1 1 7 0 4 2 1 0 6 6 5 4 3 1 1 299881 0 15 16 16 16.25 2 4 2 3
0 0 0 0 1 1 6 0 4 2 1 0 6 -1 -1 -1 -1 -1 -1 300514 0 15 16 16 14.3 2 4 2 3
0 0 0 0 1 1 6 0 4 2 1 0 6 -1 -1 -1 -1 -1 -1 301248 0 15 16 16 13 2 4 2 3
0 0 0 0 1 1 6 0 4 2 1 0 6 -1 -1 -1 -1 -1 -1 301914 0 15 16 16 16.25 2 4 2 3
0 0 0 0 1 3 6 0 4 2 1 0 6 5 5 4 2 0 0 302547 0 15 16 16 16.25 2 5 2 3
0 0 0 0 1 1 6 0 4 2 1 0 6 -1 -1 -1 -1 -1 -1 303147 0 15 16 16 15.3833 2 5 2 3
0 0 0 0 1 6 1 0 4 2 1 0 5 -1 -1 -1 -1 -1 -1 303880 0 15 16 16 13 2 5 2 3
0 0 0 0 1 6 1 0 4 2 1 0 5 -1 -1 -1 -1 -1 -1 304647 0 15 16 16 13 2 5 2 3
0 0 0 0 1 6 3 0 4 2 1 0 5 6 5 4 3 0 0 305413 0 15 16 16 13 2 5 2 3
0 0 0 0 1 6 1 0 4 2 1 0 5 -1 -1 -1 -1 -1 -1 306213 0 15 16 16 13 2 5 2 3
0 0 0 0 1 6 1 0 4 2 1 0 5 -1 -1 -1 -1 -1 -1 306979 0 15 16 16 13 2 5 2 3
0 0 0 0 1 6 1 0 4 2 1 0 5 -1 -1 -1 -1 -1 -1 307746 0 15 16 16 13 2 5 2 3
0 0 0 0 1 6 3 0 4 2 1 0 5 6 5 4 2 0 0 308512 0 15 16 16 13 2 4 2 3
0 0 0 0 1 6 1 0 4 2 1 0 5 -1 -1 -1 -1 -1 -1 309279 0 15 16 16 13 2 4 2 3
0 0 0 0 1 6 1 0 4 2 1 0 5 -1 -1 -1 -1 -1 -1 310045 0 15 16 16 13 2 4 2 3
0 0 0 0 1 6 1 0 4 2 1 0 5 -1 -1 -1 -1 -1 -1 310812 0 15 16 16 13 2 4 2 3
0 0 0 0 1 6 3 0 4 2 1 0 5 6 5 4 1 0 0 311578 0 15 16 16 13 2 8 0 3
0 0 0 0 1 6 1 0 4 2 1 0 5 -1 -1 -1 -1 -1 -1 312345 0 15 16 16 13 2 8 0 3
0 0 0 0 1 6 1 0 4 2 1 0 5 -1 -1 -1 -1 -1 -1 313111 0 15 16 16 13 2 8 0 3
0 0 0 0 1 6 1 0 4 2 1 0 5 -1 -1 -1 -1 -1 -1 313744 0 15 16 16 16.25 2 8 0 3
0 0 0 0 1 7 1 0 4 2 1 0 5 5 5 4 1 1 1 314344 0 15 16 16 16.25 2 4 2 3
0 0 0 0 1 6 1 0 4 2 1 0 5 -1 -1 -1 -1 -1 -1 314978 0 15 16 16 14.3 2 4 2 3
0 0 0 0 1 6 1 0 4 2 1 0 5 -1 -1 -1 -1 -1 -1 315744 0 15 16 16 13 2 4 2 3
0 0 0 0 1 6 1 0 4 2 1 0 5 -1 -1 -1 -1 -1 -1 316510 0 15 16 16 13 2 4 2 3
0 0 0 0 1 6 3 0 4 2 1 0 5 6 5 4 2 0 0 317277 0 15 16 16 13 2 5 2 3
0 0 0 0 1 6 1 0 4 2 1 0 5 -1 -1 -1 -1 -1 -1 318043 0 15 16 16 13 2 5 2 3
0 0 0 0 1 6 1 0 4 2 1 0 5 -1 -1 -1 -1 -1 -1 318743 0 15 16 16 16.25 2 5 2 3
0 0 0 0 1 6 1 0 4 2 1 0 5 -1 -1 -1 -1 -1 -1 319376 0 15 16 16 16.25 2 5 2 3
0 0 0 0 1 7 1 0 4 2 1 0 5 5 5 4 2 1 1 319976 0 15 16 16 16.25 2 5 2 3
0 0 0 0 1 6 1 0 5 6 1 0 5 -1 -1 -1 -1 -1 -1 329741 0 15 40 15 60 2 8 0 3
0 0 0 0 1 6 1 0 5 6 1 0 5 -1 -1 -1 -1 -1 -1 329907 0 15 40 15 60 2 8 0 3
0 0 0 0 1 6 1 0 5 6 1 0 5 -1 -1 -1 -1 -1 -1 330074 0 15 40 15 60 2 6 2 3
0 0 0 0 1 6 1 0 5 6 1 0 5 -1 -1 -1 -1 -1 -1 330240 0 15 40 15 50 2 6 2 3
0 0 0 0 1 6 1 0 5 6 1 0 5 -1 -1 -1 -1 -1 -1 330540 0 15 40 15 20 2 6 2 3
0 0 0 0 1 6 1 0 5 6 1 0 5 -1 -1 -1 -1 -1 -1 331473 0 15 40 15 10 2 6 2 3
0 0 0 0 1 6 1 0 5 6 1 0 5 -1 -1 -1 -1 -1 -1 332473 0 15 40 15 10 2 6 2 3
0 0 0 0 1 6 1 0 5 6 1 0 5 -1 -1 -1 -1 -1 -1 333473 0 15 40 15 10 2 6 2 3
0 0 0 0 1 6 1 0 5 6 1 0 5 -1 -1 -1 -1 -1 -1 334406 0 15 40 15 12.5 2 6 2 3
0 0 0 0 6 1 1 0 5 6 1 0 4 -1 -1 -1 -1 -1 -1 335206 0 15 40 15 12.5 2 6 2 3
0 0 0 0 7 1 1 0 5 6 1 0 4 4 5 4 4 1 1 336039 0 15 40 15 10 2 4 2 3
0 0 0 0 6 1 1 0 5 6 1 0 4 -1 -1 -1 -1 -1 -1 337039 0 15 40 15 10 2 4 2 3
0 0 0 0 6 1 1 0 5 6 1 0 4 -1 -1 -1 -1 -1 -1 338039 0 15 40 15 10 2 4 2 3
0 0 0 0 6 1 1 0 5 6 1 0 4 -1 -1 -1 -1 -1 -1 339038 0 15 40 15 10 2 4 2 3
0 0 0 0 7 1 1 0 5 6 1 0 4 4 5 4 4 1 1 340038 0 15 40 15 10 2 4 2 3
0 0 0 0 6 1 1 0 5 6 1 0 4 -1 -1 -1 -1 -1 -1 340838 0 15 40 16 13 2 4 2 3
0 0 0 0 6 1 1 0 5 6 1 0 4 -1 -1 -1 -1 -1 -1 341604 0 15 40 16 13 2 4 2 3
0 0 0 0 6 1 1 0 5 6 1 0 4 -1 -1 -1 -1 -1 -1 342371 0 15 40 16 13 2 4 2 3
0 0 0 0 7 1 1 0 5 6 1 0 4 4 5 4 4 1 1 343137 0 15 40 16 13 2 4 2 3
0 0 0 0 1 6 1 0 5 6 1 0 5 -1 -1 -1 -1 -1 -1 343937 0 15 40 16 13 2 4 2 3
0 0 0 0 1 1 6 0 5 6 1 0 6 -1 -1 -1 -1 -1 -1 344704 0 15 40 16 13 2 4 2 3
0 0 0 0 1 1 6 0 5 6 1 0 6 -1 -1 -1 -1 -1 -1 345470 0 15 40 16 13 2 4 2 3
0 0 0 1 1 1 7 1 5 6 1 0 6 6 5 4 4 1 1 346237 0 15 40 16 13 2 5 2 5
0 0 0 1 1 1 6 1 5 6 1 1 6 -1 -1 -1 -1 -1 -1 346870 0 15 40 17 16 2 5 2 5
0 0 0 1 1 6 1 1 5 6 1 1 5 -1 -1 -1 -1 -1 -1 347503 0 15 40 17 16 2 5 2 5
0 0 0 1 6 1 1 1 5 6 1 1 4 -1 -1 -1 -1 -1 -1 348136 0 15 40 17 16 2 5 2 5
0 0 0 1 7 1 1 1 5 6 1 1 4 4 5 4 4 1 1 348736 0 15 40 17 16 2 4 2 5
0 0 0 1 1 6 1 1 5 6 1 1 5 -1 -1 -1 -1 -1 -1 349369 0 15 40 17 16 2 4 2 5
0 0 0 1 1 6 1 1 5 6 1 1 5 -1 -1 -1 -1 -1 -1 350002 0 15 40 17 16 2 4 2 5
0 0 0 1 1 6 1 1 5 6 1 1 5 -1 -1 -1 -1 -1 -1 350535 0 15 40 17 20 2 4 2 5
0 0 0 1 1 7 1 1 5 6 1 1 5 5 5 4 4 1 1 351035 0 15 40 17 20 2 8 0 5
0 0 0 1 1 6 1 1 5 6 1 1 5 -1 -1 -1 -1 -1 -1 351469 0 15 40 18 23.75 2 8 0 5
0 0 0 1 6 1 1 1 5 6 1 1 4 -1 -1 -1 -1 -1 -1 351902 0 15 40 18 21.85 2 8 0 5
0 0 0 1 6 1 1 1 5 6 1 1 4 -1 -1 -1 -1 -1 -1 352402 0 15 40 18 19 2 8 0 5
0 0 0 1 7 1 1 1 5 6 1 1 4 4 5 4 4 1 1 352935 0 15 40 18 19 2 6 2 5
0 0 0 1 6 1 1 1 5 6 1 1 4 -1 -1 -1 -1 -1 -1 353468 0 15 40 18 19 2 6 2 5
0 0 0 1 6 1 1 1 5 6 1 1 4 -1 -1 -1 -1 -1 -1 353968 0 15 40 18 19 2 6 2 5
0 0 0 1 6 1 1 1 5 6 1 1 4 -1 -1 -1 -1 -1 -1 354435 0 15 40 18 23.75 2 6 2 5
0 0 0 1 7 1 1 1 5 6 1 1 4 4 5 4 4 1 1 354868 0 15 40 18 23.75 2 6 2 5
0 0 0 1 6 1 1 1 5 6 1 1 4 -1 -1 -1 -1 -1 -1 355268 0 15 40 19 26.25 2 6 2 5
0 0 0 1 1 6 1 1 5 6 1 1 5 -1 -1 -1 -1 -1 -1 355634 0 15 40 19 26.25 2 6 2 5
0 0 0 1 6 1 1 1 5 6 1 1 4 -1 -1 -1 -1 -1 -1 356034 0 15 40 19 23.1 2 6 2 5
0 0 0 7 1 1 1 1 5 6 1 1 3 3 5 4 4 1 1 356501 0 15 40 19 21 2 4 2 5
0 0 0 1 6 1 1 1 5 6 1 1 4 -1 -1 -1 -1 -1 -1 356967 0 15 40 19 21 2 4 2 5
0 0 0 1 6 1 1 1 5 6 1 1 4 -1 -1 -1 -1 -1 -1 357467 0 15 40 19 21 2 4 2 5
0 0 0 1 6 1 1 1 5 6 1 1 4 -1 -1 -1 -1 -1 -1 357900 0 15 40 19 26.25 2 4 2 5
0 0 0 1 7 1 1 1 5 6 1 1 4 4 5 4 4 1 1 358267 0 15 40 19 26.25 2 4 2 5
0 0 0 1 6 1 1 1 5 6 1 2 4 -1 -1 -1 -1 -1 -1 358634 0 15 40 20 27.5 2 4 2 5
0 0 0 6 1 1 1 1 5 6 1 2 3 -1 -1 -1 -1 -1 -1 359000 0 15 40 20 27.5 2 4 2 5
0 0 0 6 1 1 1 1 5 6 1 2 3 -1 -1 -1 -1 -1 -1 359367 0 15 40 20 26.4 2 4 2 5
0 0 0 7 1 1 1 1 5 6 1 2 3 3 5 4 4 1 1 359733 0 15 40 20 27.5 2 4 2 5
0 0 0 1 6 1 1 1 5 6 1 2 4 -1 -1 -1 -1 -1 -1 360100 0 15 40 20 27.5 2 4 2 5
0 0 0 4 1 6 1 1 5 6 1 2 5 -1 -1 -1 -1 -1 -1 360466 1 15 40 20 27.5 2 4 2 5
0 0 0 1 1 6 1 1 5 6 1 2 5 -1 -1 -1 -1 -1 -1 360833 0 15 40 20 27.5 2 4 2 5
0 0 0 1 1 7 1 1 5 6 1 2 5 5 5 4 4 1 1 361200 0 15 40 20 27.5 2 5 2 5
0 0 0 1 1 6 1 1 5 6 1 2 5 -1 -1 -1 -1 -1 -1 361533 0 15 40 21 28.75 2 5 2 5
0 0 0 4 1 6 1 1 5 6 1 2 5 -1 -1 -1 -1 -1 -1 361899 1 15 40 21 28.75 2 5 2 5
0 0 0 1 1 6 1 1 5 6 1 2 5 -1 -1 -1 -1 -1 -1 362233 0 15 40 21 28.75 2 5 2 5
0 0 0 1 1 7 1 1 5 6 1 2 5 5 5 4 4 1 1 362599 0 15 40 21 28.3667 2 4 2 5
0 0 0 1 1 6 1 1 5 6 1 2 5 -1 -1 -1 -1 -1 -1 362966 0 15 40 21 24.15 2 4 2 5
0 0 0 1 6 1 1 4 5 6 1 2 4 -1 -1 -1 -1 -1 -1 363399 1 15 40 21 23 2 4 2 5
0 0 0 1 6 1 1 1 5 6 1 2 4 -1 -1 -1 -1 -1 -1 363799 0 15 40 21 28.75 2 4 2 5
0 0 0 1 7 1 1 1 5 6 1 2 4 4 5 4 4 1 1 364132 0 15 40 21 28.75 2 8 0 5
0 0 0 1 1 6 1 1 5 6 1 2 5 -1 -1 -1 -1 -1 -1 364465 0 15 40 22 30 2 8 0 5
0 0 0 1 4 6 1 1 5 6 1 2 5 -1 -1 -1 -1 -1 -1 364799 1 15 40 22 30 2 8 0 5
0 0 0 1 1 6 1 1 5 6 1 2 5 -1 -1 -1 -1 -1 -1 365132 0 15 40 22 30 2 8 0 5
0 0 0 1 7 1 1 1 5 6 1 2 4 4 5 4 4 1 1 365499 0 15 40 22 25.6 2 6 2 5
0 0 0 1 6 1 1 1 5 6 1 2 4 -1 -1 -1 -1 -1 -1 365832 0 15 40 22 30 2 6 2 5
0 0 0 1 1 6 1 4 5 6 1 2 5 -1 -1 -1 -1 -1 -1 366165 1 15 40 22 30 2 6 2 5
0 0 0 1 1 6 1 1 5 6 1 2 5 -1 -1 -1 -1 -1 -1 366498 0 15 40 22 30 2 6 2 5
0 0 0 1 1 7 1 1 5 6 1 2 5 5 5 4 4 1 1 366832 0 15 40 22 30 2 6 2 5
0 0 0 1 1 6 1 1 5 6 1 2 5 -1 -1 -1 -1 -1 -1 367165 0 15 40 23 30.4167 2 6 2 5
0 0 0 1 4 1 6 1 5 6 1 2 6 -1 -1 -1 -1 -1 -1 367531 1 15 40 23 25.8333 2 6 2 5
0 0 0 1 1 1 1 6 5 6 1 2 7 -1 -1 -1 -1 -1 -1 367931 0 15 40 23 25 2 6 2 5
0 0 0 1 1 1 1 7 5 6 1 2 7 7 5 4 4 1 1 368331 0 15 40 23 25 2 4 2 5
0 0 0 1 1 1 1 6 5 6 1 2 7 -1 -1 -1 -1 -1 -1 368664 0 15 40 23 31.25 2 4 2 5
0 0 0 1 1 1 6 4 5 6 1 2 6 -1 -1 -1 -1 -1 -1 368998 1 15 40 23 31.25 2 4 2 5
0 0 0 1 1 1 6 1 5 6 1 2 6 -1 -1 -1 -1 -1 -1 369331 0 15 40 23 31.25 2 4 2 5
0 0 0 1 1 1 7 1 5 6 1 2 6 6 5 4 4 1 1 369631 0 15 40 23 31.25 2 4 2 5
0 0 0 1 1 1 6 1 5 6 1 2 6 -1 -1 -1 -1 -1 -1 369964 0 15 40 24 31.875 2 4 2 5
0 0 0 1 1 4 1 6 5 6 1 2 7 -1 -1 -1 -1 -1 -1 370297 1 15 40 24 28.475 2 4 2 5
0 0 0 1 1 1 1 6 5 6 1 2 7 -1 -1 -1 -1 -1 -1 370664 0 15 40 24 25.5 2 4 2 5
0 0 0 1 1 1 1 7 5 6 1 2 7 7 5 4 4 1 1 370997 0 15 40 24 31.875 2 4 2 5
0 0 0 1 1 1 1 6 5 6 1 2 7 -1 -1 -1 -1 -1 -1 371297 0 15 40 24 31.875 2 4 2 5
0 0 0 4 1 1 6 1 5 6 1 2 6 -1 -1 -1 -1 -1 -1 371630 1 15 40 24 31.875 2 4 2 5
0 0 0 1 1 1 1 6 5 6 1 2 7 -1 -1 -1 -1 -1 -1 371930 0 15 40 24 31.875 2 4 2 5
0 0 0 1 1 1 1 7 5 6 1 2 7 7 5 4 4 1 1 372264 0 15 40 24 31.875 2 5 2 5
0 0 0 1 1 1 1 6 5 6 1 2 7 -1 -1 -1 -1 -1 -1 372563 0 15 40 25 29.0333 2 5 2 5
0 0 0 1 4 1 6 1 5 6 1 2 6 -1 -1 -1 -1 -1 -1 372930 1 15 40 25 26 2 5 2 5
0 0 0 1 1 1 1 6 5 6 1 2 7 -1 -1 -1 -1 -1 -1 373330 0 15 40 25 26 2 5 2 5
0 0 0 1 1 1 1 7 5 6 1 2 7 7 5 4 4 1 1 373730 0 15 40 25 26 2 4 2 5
0 0 0 1 1 1 1 6 5 6 1 2 7 -1 -1 -1 -1 -1 -1 374096 0 15 40 25 26 2 4 2 5
0 0 0 1 1 1 4 6 5 6 1 2 7 -1 -1 -1 -1 -1 -1 374496 1 15 40 25 26 2 4 2 5
0 0 0 1 1 1 1 6 5 6 1 2 7 -1 -1 -1 -1 -1 -1 374863 0 15 40 25 26 2 4 2 5
0 0 0 1 1 1 7 1 5 6 1 2 6 6 5 4 4 1 1 375263 0 15 40 25 26 2 8 0 5
0 0 0 1 1 6 1 1 6 0 1 1 5 -1 -1 -1 -1 -1 -1 382494 0 15 16 16 60 2 8 0 5
0 0 0 1 1 6 1 1 6 0 1 1 5 -1 -1 -1 -1 -1 -1 382661 0 15 16 16 60 2 8 0 5
0 0 0 1 1 6 1 1 6 0 1 1 5 -1 -1 -1 -1 -1 -1 382828 0 15 16 16 60 2 6 2 5
0 0 0 1 1 6 1 1 6 0 1 1 5 -1 -1 -1 -1 -1 -1 382994 0 15 16 16 50.6 2 6 2 5
0 0 0 1 1 6 1 1 6 0 1 1 5 -1 -1 -1 -1 -1 -1 383261 0 15 16 16 25.5333 2 6 2 5
0 0 0 1 1 6 1 1 6 0 1 1 5 -1 -1 -1 -1 -1 -1 383994 0 15 16 16 13 2 6 2 5
0 0 0 1 1 6 1 1 6 0 1 1 5 -1 -1 -1 -1 -1 -1 384760 0 15 16 16 13 2 5 2 5
0 0 0 1 1 6 1 1 6 0 1 1 5 -1 -1 -1 -1 -1 -1 385494 0 15 16 16 16.25 2 5 2 5
0 0 0 1 1 6 1 1 6 0 1 1 5 -1 -1 -1 -1 -1 -1 386093 0 15 16 16 16.25 2 5 2 5
0 0 0 1 1 6 1 1 6 0 1 1 5 -1 -1 -1 -1 -1 -1 386727 0 15 16 16 16.25 2 5 2 5
0 0 0 1 3 6 1 1 6 0 1 1 5 4 3 4 3 0 0 387393 0 15 16 16 13 2 6 2 5
0 0 0 1 1 6 1 1 6 0 1 1 5 -1 -1 -1 -1 -1 -1 388160 0 15 16 16 13 2 6 2 5
0 0 0 6 1 1 1 1 6 0 1 1 3 -1 -1 -1 -1 -1 -1 388926 0 15 16 16 13 2 6 2 5
0 0 0 6 1 1 1 1 6 0 1 1 3 -1 -1 -1 -1 -1 -1 389693 0 15 16 16 16.25 2 6 2 5
0 0 0 7 1 1 1 1 6 0 1 1 3 3 3 4 3 1 1 390292 0 15 16 16 16.25 2 6 2 5
0 0 0 1 6 1 1 1 6 0 1 1 4 -1 -1 -1 -1 -1 -1 390926 0 15 16 16 16.25 2 6 2 5
0 0 0 1 1 6 1 1 6 0 1 1 5 -1 -1 -1 -1 -1 -1 391559 0 15 16 16 16.25 2 6 2 5
0 0 0 1 1 6 1 1 6 0 1 1 5 -1 -1 -1 -1 -1 -1 392192 0 15 16 16 16.25 2 6 2 5
0 0 0 1 3 6 1 1 6 0 1 1 5 4 2 4 0 0 0 392792 0 15 16 16 16.25 2 4 2 5
0 0 0 1 1 1 6 1 6 0 1 1 6 -1 -1 -1 -1 -1 -1 393425 0 15 16 16 13.8667 2 4 2 5
0 0 0 1 1 6 1 1 6 0 1 1 5 -1 -1 -1 -1 -1 -1 394158 0 15 16 16 16.25 2 4 2 5
0 0 0 1 1 6 1 1 6 0 1 1 5 -1 -1 -1 -1 -1 -1 394791 0 15 16 16 16.25 2 4 2 5
0 0 0 1 3 6 1 1 6 0 1 1 5 4 0 4 1 0 0 395391 0 15 16 16 16.25 2 5 2 5
0 0 0 1 1 6 1 1 6 0 1 1 5 -1 -1 -1 -1 -1 -1 396058 0 15 16 16 13 2 5 2 5
0 0 0 1 1 1 6 1 6 0 1 1 6 -1 -1 -1 -1 -1 -1 396824 0 15 16 16 13 2 5 2 5
0 0 0 1 1 1 6 1 6 0 1 1 6 -1 -1 -1 -1 -1 -1 397457 0 15 16 16 16.25 2 5 2 5
0 0 0 1 1 1 7 1 6 0 1 1 6 6 0 4 1 1 1 398057 0 15 16 16 16.25 2 6 2 5
0 0 0 1 1 1 6 1 6 0 1 1 6 -1 -1 -1 -1 -1 -1 398724 0 15 16 16 14.0833 2 6 2 5
0 0 0 1 1 6 1 1 6 0 1 1 5 -1 -1 -1 -1 -1 -1 399457 0 15 16 16 13 2 6 2 5
0 0 0 1 1 6 1 1 6 0 1 1 5 -1 -1 -1 -1 -1 -1 400090 0 15 16 16 16.25 2 6 2 5
0 0 0 1 3 6 1 1 6 0 1 1 5 4 3 4 3 0 0 400723 0 15 16 16 16.25 2 8 0 5
0 0 0 1 1 6 1 1 6 0 1 1 5 -1 -1 -1 -1 -1 -1 401356 0 15 16 16 14.5167 2 8 0 5
0 0 0 1 6 1 1 1 6 0 1 1 4 -1 -1 -1 -1 -1 -1 402090 0 15 16 16 13 2 8 0 5
0 0 0 1 6 1 1 1 6 0 1 1 4 -1 -1 -1 -1 -1 -1 402756 0 15 16 16 16.25 2 8 0 5
0 0 0 1 6 3 1 1 6 0 1 1 4 5 0 4 1 0 0 403389 0 15 16 16 16.25 2 6 2 5
0 0 0 1 6 1 1 1 6 0 1 1 4 -1 -1 -1 -1 -1 -1 403989 0 15 16 16 15.6 2 6 2 5
0 0 0 1 6 1 1 1 6 0 1 1 4 -1 -1 -1 -1 -1 -1 404656 0 15 16 16 16.25 2 6 2 5
0 0 0 1 6 1 1 1 6 0 1 1 4 -1 -1 -1 -1 -1 -1 405289 0 15 16 16 16.25 2 6 2 5
0 0 0 3 6 1 1 1 6 0 1 1 4 3 3 4 3 0 0 405889 0 15 16 16 16.25 2 5 2 5
0 0 0 1 6 1 1 1 6 0 1 1 4 -1 -1 -1 -1 -1 -1 406588 0 15 16 16 13 2 5 2 5
0 0 0 1 1 6 1 1 6 0 1 1 5 -1 -1 -1 -1 -1 -1 407355 0 15 16 16 13 2 5 2 5
0 0 0 1 1 6 1 1 6 0 1 1 5 -1 -1 -1 -1 -1 -1 408021 0 15 16 16 16.25 2 5 2 5
0 0 0 1 1 7 1 1 6 0 1 1 5 5 3 4 3 1 1 408655 0 15 16 16 16.25 2 6 2 5
0 0 0 1 1 6 1 1 6 0 1 1 5 -1 -1 -1 -1 -1 -1 409254 0 15 16 16 15.1667 2 6 2 5
0 0 0 1 1 6 1 1 6 0 1 1 5 -1 -1 -1 -1 -1 -1 409954 0 15 16 16 16.25 2 6 2 5
0 0 0 1 1 6 1 1 6 0 1 1 5 -1 -1 -1 -1 -1 -1 410587 0 15 16 16 16.25 2 6 2 5
0 0 0 1 3 6 1 1 6 0 1 1 5 4 1 4 2 0 0 411187 0 15 16 16 16.25 2 6 2 5
0 0 0 1 1 6 1 1 6 0 1 1 5 -1 -1 -1 -1 -1 -1 411854 0 15 16 16 13 2 6 2 5
0 0 0 1 6 1 1 1 6 0 1 1 4 -1 -1 -1 -1 -1 -1 412620 0 15 16 16 16.25 2 6 2 5
0 0 0 1 6 1 1 1 6 0 1 1 4 -1 -1 -1 -1 -1 -1 413254 0 15 16 16 16.25 2 6 2 5
0 0 0 3 6 1 1 1 6 0 1 1 4 3 0 4 1 0 0 413853 0 15 16 16 16.25 2 4 2 5
0 0 0 1 1 6 1 1 6 0 1 1 5 -1 -1 -1 -1 -1 -1 414520 0 15 16 16 13.65 2 4 2 5
0 0 0 1 1 6 1 1 6 0 1 1 5 -1 -1 -1 -1 -1 -1 415186 0 15 16 16 16.25 2 4 2 5
0 0 0 1 1 6 1 1 6 0 1 1 5 -1 -1 -1 -1 -1 -1 415820 0 15 16 16 16.25 2 4 2 5
0 0 0 1 1 7 1 1 6 0 1 1 5 5 0 4 1 1 1 416419 0 15 16 16 16.0333 2 5 2 5
0 0 0 1 1 1 6 1 6 0 1 1 6 -1 -1 -1 -1 -1 -1 417153 0 15 16 16 13 2 5 2 5
0 0 0 1 1 1 6 1 6 0 1 1 6 -1 -1 -1 -1 -1 -1 417819 0 15 16 16 16.25 2 5 2 5
0 0 0 1 1 1 6 1 6 0 1 1 6 -1 -1 -1 -1 -1 -1 418419 0 15 16 16 16.25 2 5 2 5
0 0 0 1 1 1 6 3 6 0 1 1 6 7 2 4 0 0 0 419052 0 15 16 16 15.6 2 6 2 5
0 0 0 1 1 1 6 1 6 0 1 1 6 -1 -1 -1 -1 -1 -1 419685 0 15 16 16 16.25 2 6 2 5
0 0 0 1 1 1 6 1 6 0 1 1 6 -1 -1 -1 -1 -1 -1 420285 0 15 16 16 16.25 2 6 2 5
0 0 0 1 1 1 1 6 6 0 1 1 7 -1 -1 -1 -1 -1 -1 420918 0 15 16 16 15.3833 2 6 2 5
0 0 0 1 1 1 3 6 6 0 1 1 7 6 3 4 3 0 0 421518 0 15 16 16 16.25 2 8 0 5
0 0 0 1 1 1 1 6 6 0 1 1 7 -1 -1 -1 -1 -1 -1 422151 0 15 16 16 16.25 2 8 0 5
0 0 0 1 1 1 6 1 6 0 1 1 6 -1 -1 -1 -1 -1 -1 422785 0 15 16 16 14.0833 2 8 0 5
0 0 0 1 1 1 6 1 6 0 1 1 6 -1 -1 -1 -1 -1 -1 423418 0 15 16 16 16.25 2 8 0 5
0 0 0 1 1 1 6 3 6 0 1 1 6 7 1 4 2 0 0 424018 0 15 16 16 16.25 2 6 2 5
0 0 0 1 1 1 6 1 6 0 1 1 6 -1 -1 -1 -1 -1 -1 424651 0 15 16 16 14.3 2 6 2 5
0 0 0 1 1 6 1 1 6 0 1 1 5 -1 -1 -1 -1 -1 -1 425417 0 15 16 16 13 2 6 2 5
0 0 0 1 1 6 1 1 6 0 1 1 5 -1 -1 -1 -1 -1 -1 426017 0 15 16 16 16.25 2 6 2 5
0 0 0 1 1 7 1 1 6 0 1 1 5 5 1 4 2 1 1 426650 0 15 16 16 16.25 2 5 2 5
0 0 0 1 1 6 1 1 6 0 1 1 5 -1 -1 -1 -1 -1 -1 427283 0 15 16 16 14.0833 2 5 2 5
0 0 0 1 6 1 1 1 6 0 1 1 4 -1 -1 -1 -1 -1 -1 428017 0 15 16 16 16.25 2 5 2 5
0 0 0 1 6 1 1 1 6 0 1 1 4 -1 -1 -1 -1 -1 -1 428616 0 15 16 16 16.25 2 5 2 5
0 0 0 3 6 1 1 1 6 0 1 1 4 3 0 4 1 0 0 429250 0 15 16 16 16.25 2 6 2 5
0 0 0 1 6 1 1 1 6 0 1 1 4 -1 -1 -1 -1 -1 -1 429916 0 15 16 16 13 2 6 2 5
0 0 0 1 6 1 1 1 6 0 1 1 4 -1 -1 -1 -1 -1 -1 430683 0 15 16 16 13 2 6 2 5
0 0 0 1 6 1 1 1 6 0 1 1 4 -1 -1 -1 -1 -1 -1 431449 0 15 16 16 13 2 6 2 5
0 0 0 1 6 3 1 1 6 0 1 1 4 5 2 4 0 0 0 432082 0 15 16 16 16.25 2 6 2 5
0 0 0 1 6 1 1 1 6 0 1 1 4 -1 -1 -1 -1 -1 -1 432715 0 15 16 16 16.25 2 6 2 5
0 0 0 1 1 1 6 1 6 0 1 1 6 -1 -1 -1 -1 -1 -1 433315 0 15 16 16 14.7333 2 6 2 5
0 0 0 1 1 1 1 6 6 0 1 1 7 -1 -1 -1 -1 -1 -1 434082 0 15 16 16 16.25 2 6 2 5
0 0 0 1 1 1 1 7 6 0 1 1 7 7 2 4 0 1 1 434682 0 15 16 16 16.25 2 4 2 5
0 0 0 1 1 1 6 1 6 0 1 1 6 -1 -1 -1 -1 -1 -1 435315 0 15 16 16 16.25 2 4 2 5
0 0 0 1 1 1 6 1 6 0 1 1 6 -1 -1 -1 -1 -1 -1 435948 0 15 16 16 13.65 2 4 2 5
0 0 0 1 1 1 6 1 6 0 1 1 6 -1 -1 -1 -1 -1 -1 436614 0 15 16 16 16.25 2 4 2 5
0 0 0 1 1 3 6 1 6 0 1 1 6 5 3 4 3 0 0 437248 0 15 16 16 16.25 2 5 2 5
0 0 0 1 1 1 6 1 6 0 1 1 6 -1 -1 -1 -1 -1 -1 437848 0 15 16 16 15.8167 2 5 2 5
0 0 0 1 1 6 1 1 6 0 1 1 5 -1 -1 -1 -1 -1 -1 438514 0 15 16 16 16.25 2 5 2 5
0 0 0 1 1 6 1 1 6 0 1 1 5 -1 -1 -1 -1 -1 -1 439147 0 15 16 16 16.25 2 5 2 5
0 0 0 3 1 6 1 1 6 0 1 1 5 3 2 4 0 0 0 439747 0 15 16 16 16.25 2 6 2 5
0 0 0 1 1 6 1 1 6 0 1 1 5 -1 -1 -1 -1 -1 -1 440447 0 15 16 16 13 2 6 2 5
0 0 0 1 6 1 1 1 6 0 1 1 4 -1 -1 -1 -1 -1 -1 441180 0 15 16 16 16.25 2 6 2 5
0 0 0 1 6 1 1 1 6 0 1 1 4 -1 -1 -1 -1 -1 -1 441813 0 15 16 16 16.25 2 6 2 5
0 0 0 1 6 3 1 1 6 0 1 1 4 5 1 4 2 0 0 442413 0 15 16 16 16.25 2 8 0 5
0 0 0 1 6 1 1 1 6 0 1 1 4 -1 -1 -1 -1 -1 -1 443080 0 15 16 16 13.2167 2 8 0 5
0 0 0 1 1 6 1 1 6 0 1 1 5 -1 -1 -1 -1 -1 -1 443813 0 15 16 16 16.25 2 8 0 5
0 0 0 1 1 6 1 1 6 0 1 1 5 -1 -1 -1 -1 -1 -1 444413 0 15 16 16 16.25 2 8 0 5
0 0 0 1 1 1 6 3 6 0 1 1 6 7 0 4 1 0 0 445046 0 15 16 16 16.25 2 6 2 5
0 0 0 1 1 1 6 1 6 0 1 1 6 -1 -1 -1 -1 -1 -1 445712 0 15 16 16 13 2 6 2 5
0 0 0 1 1 1 6 1 6 0 1 1 6 -1 -1 -1 -1 -1 -1 446479 0 15 16 16 13 2 6 2 5
0 0 0 1 1 1 6 1 6 0 1 1 6 -1 -1 -1 -1 -1 -1 447245 0 15 16 16 13 2 6 2 5
0 0 0 1 1 6 1 3 6 0 1 1 5 7 3 4 3 0 0 448012 0 15 16 16 13 2 5 2 5
0 0 0 1 1 6 1 1 6 0 1 1 5 -1 -1 -1 -1 -1 -1 448778 0 15 16 16 13 2 5 2 5
0 0 0 1 1 1 1 6 6 0 1 1 7 -1 -1 -1 -1 -1 -1 449545 0 15 16 16 13 2 5 2 5
0 0 0 1 1 1 1 6 6 0 1 1 7 -1 -1 -1 -1 -1 -1 450311 0 15 16 16 13 2 5 2 5
0 0 0 1 1 1 1 7 6 0 1 1 7 7 3 4 3 1 1 451011 0 15 16 16 16.25 2 6 2 5
0 0 0 1 1 1 1 6 6 0 1 1 7 -1 -1 -1 -1 -1 -1 451611 0 15 16 16 16.25 2 6 2 5
0 0 0 1 1 1 6 1 6 0 1 1 6 -1 -1 -1 -1 -1 -1 452244 0 15 16 16 15.8167 2 6 2 5
0 0 0 1 1 1 6 1 6 0 1 1 6 -1 -1 -1 -1 -1 -1 452977 0 15 16 16 13 2 6 2 5
0 0 0 1 1 1 7 1 6 0 1 1 6 6 3 4 3 1 1 453577 0 15 16 16 16.25 2 6 2 5
0 0 0 1 1 6 1 1 7 1 1 1 5 -1 -1 -1 -1 -1 -1 460075 0 15 16 16 60 2 8 0 5
0 0 0 1 1 6 1 1 7 1 1 1 5 -1 -1 -1 -1 -1 -1 460242 0 15 16 16 60 2 8 0 5
0 0 0 1 1 6 1 1 7 1 1 1 5 -1 -1 -1 -1 -1 -1 460409 0 15 16 16 60 2 5 2 5
0 0 0 1 1 6 1 1 7 1 1 1 5 -1 -1 -1 -1 -1 -1 460575 0 15 16 16 50.6 2 5 2 5
0 0 0 1 1 6 1 1 7 1 1 1 5 -1 -1 -1 -1 -1 -1 460842 0 15 16 16 25.5333 2 5 2 5
0 0 0 1 1 6 1 1 7 1 1 1 5 -1 -1 -1 -1 -1 -1 461575 0 15 16 16 13 2 5 2 5
0 0 0 1 1 6 1 1 7 1 1 1 5 -1 -1 -1 -1 -1 -1 462342 0 15 16 16 13 2 4 2 5
0 0 0 1 1 6 1 1 7 1 1 1 5 -1 -1 -1 -1 -1 -1 463108 0 15 16 16 13 2 4 2 5
0 0 0 1 1 6 1 1 7 1 1 1 5 -1 -1 -1 -1 -1 -1 463874 0 15 16 16 13 2 4 2 5
0 0 0 1 1 6 1 1 7 1 1 1 5 -1 -1 -1 -1 -1 -1 464641 0 15 16 16 13 2 4 2 5
0 0 0 1 3 6 1 1 7 1 1 1 5 4 4 8 3 0 0 465407 0 15 16 16 13 2 6 2 5
0 0 0 1 1 6 1 1 7 1 1 1 5 -1 -1 -1 -1 -1 -1 466174 0 15 16 16 13 2 6 2 5
0 0 0 1 1 6 1 1 7 1 1 1 5 -1 -1 -1 -1 -1 -1 466940 0 15 16 16 13 2 6 2 5
0 0 0 1 1 6 1 1 7 1 1 1 5 -1 -1 -1 -1 -1 -1 467707 0 15 16 16 13 2 6 2 5
0 0 0 1 3 6 1 1 7 1 1 1 5 4 4 6 1 0 0 468473 0 15 16 16 13 2 4 2 5
0 0 0 1 1 6 1 1 7 1 1 1 5 -1 -1 -1 -1 -1 -1 469273 0 15 16 16 13 2 4 2 5
0 0 0 1 1 6 1 1 7 1 1 1 5 -1 -1 -1 -1 -1 -1 470040 0 15 16 16 13 2 4 2 5
0 0 0 1 1 6 1 1 7 1 1 1 5 -1 -1 -1 -1 -1 -1 470806 0 15 16 16 13 2 4 2 5
0 0 0 1 3 6 1 1 7 1 1 1 5 4 4 8 3 0 0 471573 0 15 16 16 13 2 6 2 5
0 0 0 1 1 6 1 1 7 1 1 1 5 -1 -1 -1 -1 -1 -1 472339 0 15 16 16 13 2 6 2 5
0 0 0 1 1 6 1 1 7 1 1 1 5 -1 -1 -1 -1 -1 -1 473106 0 15 16 16 13 2 6 2 5
0 0 0 1 1 6 1 1 7 1 1 1 5 -1 -1 -1 -1 -1 -1 473872 0 15 16 16 13 2 6 2 5
0 0 0 3 1 6 1 1 7 1 1 1 5 3 4 5 0 0 0 474639 0 15 16 16 13 2 5 2 5
0 0 0 1 1 6 1 1 7 1 1 1 5 -1 -1 -1 -1 -1 -1 475405 0 15 16 16 13 2 5 2 5
0 0 0 1 1 6 1 1 7 1 1 1 5 -1 -1 -1 -1 -1 -1 476171 0 15 16 16 13 2 5 2 5
0 0 0 1 6 1 1 1 7 1 1 1 4 -1 -1 -1 -1 -1 -1 476938 0 15 16 16 13 2 5 2 5
0 0 0 1 6 3 1 1 7 1 1 1 4 5 4 7 2 0 0 477704 0 15 16 16 13 2 4 2 5
0 0 0 1 6 1 1 1 7 1 1 1 4 -1 -1 -1 -1 -1 -1 478471 0 15 16 16 13 2 4 2 5
0 0 0 1 6 1 1 1 7 1 1 1 4 -1 -1 -1 -1 -1 -1 479271 0 15 16 16 13 2 4 2 5
0 0 0 1 6 1 1 1 7 1 1 1 4 -1 -1 -1 -1 -1 -1 480037 0 15 16 16 13 2 4 2 5
0 0 0 1 6 1 1 3 7 1 1 1 4 7 4 6 1 0 0 480804 0 15 16 16 13 2 8 0 5
0 0 0 1 6 1 1 1 7 1 1 1 4 -1 -1 -1 -1 -1 -1 481570 0 15 16 16 13 2 8 0 5
0 0 0 1 1 1 6 1 7 1 1 1 6 -1 -1 -1 -1 -1 -1 482337 0 15 16 16 13 2 8 0 5
0 0 0 1 1 1 1 6 7 1 1 1 7 -1 -1 -1 -1 -1 -1 483103 0 15 16 16 13 2 8 0 5
0 0 0 1 1 1 1 8 7 1 1 1 7 7 4 7 2 0 1 483870 0 15 16 16 13 2 5 2 5
0 0 0 1 1 1 1 6 7 1 1 1 7 -1 -1 -1 -1 -1 -1 484836 0 15 16 15 10 2 5 2 5
0 0 0 1 1 1 6 1 7 1 1 1 6 -1 -1 -1 -1 -1 -1 485769 0 15 16 15 12.5 2 5 2 5
0 0 0 1 1 1 6 1 7 1 1 1 6 -1 -1 -1 -1 -1 -1 486569 0 15 16 15 12.5 2 5 2 5
0 0 0 1 1 1 7 1 7 1 1 1 6 6 4 7 2 1 1 487402 0 15 16 15 10.8333 2 4 2 5
0 0 0 1 1 6 1 1 7 1 1 1 5 -1 -1 -1 -1 -1 -1 488402 0 15 16 15 10 2 4 2 5
0 0 0 1 1 6 1 1 7 1 1 1 5 -1 -1 -1 -1 -1 -1 489268 0 15 16 15 12.5 2 4 2 5
0 0 0 1 1 6 1 1 7 1 1 1 5 -1 -1 -1 -1 -1 -1 490068 0 15 16 15 12.5 2 4 2 5
0 0 0 1 1 7 1 1 7 1 1 1 5 5 4 7 2 1 1 490901 0 15 16 15 12.5 2 6 2 5
0 0 0 1 1 6 1 1 7 1 1 1 5 -1 -1 -1 -1 -1 -1 491534 0 15 16 16 16.25 2 6 2 5
0 0 0 1 1 6 1 1 7 1 1 1 5 -1 -1 -1 -1 -1 -1 492134 0 15 16 16 15.8167 2 6 2 5
0 0 0 1 1 1 6 1 7 1 1 1 6 -1 -1 -1 -1 -1 -1 492834 0 15 16 16 16.25 2 6 2 5
0 0 0 1 1 3 6 1 7 1 1 1 6 5 4 5 0 0 0 493467 0 15 16 16 16.25 2 4 2 5
0 0 0 1 1 1 6 1 7 1 1 1 6 -1 -1 -1 -1 -1 -1 494067 0 15 16 16 16.25 2 4 2 5
0 0 0 1 6 1 1 1 7 1 1 1 4 -1 -1 -1 -1 -1 -1 494734 0 15 16 16 13 2 4 2 5
0 0 0 6 1 1 1 1 7 1 1 1 3 -1 -1 -1 -1 -1 -1 495467 0 15 16 16 16.25 2 4 2 5
0 0 0 7 1 1 1 1 7 1 1 1 3 3 4 5 0 1 1 496100 0 15 16 16 16.25 2 6 2 5
0 0 0 1 6 1 1 1 7 1 1 1 4 -1 -1 -1 -1 -1 -1 496700 0 15 16 16 16.25 2 6 2 5
0 0 0 1 6 1 1 1 7 1 1 1 4 -1 -1 -1 -1 -1 -1 497333 0 15 16 16 16.25 2 6 2 5
0 0 0 1 6 1 1 1 7 1 1 1 4 -1 -1 -1 -1 -1 -1 497966 0 15 16 16 16.25 2 6 2 5
0 0 0 3 6 1 1 1 7 1 1 1 4 3 4 8 3 0 0 498566 0 15 16 16 16.25 2 5 2 5
0 0 0 1 1 6 1 1 7 1 1 1 5 -1 -1 -1 -1 -1 -1 499233 0 15 16 16 13 2 5 2 5
0 0 0 1 1 6 1 1 7 1 1 1 5 -1 -1 -1 -1 -1 -1 499932 0 15 16 16 16.25 2 5 2 5
0 0 0 1 1 6 1 1 7 1 1 1 5 -1 -1 -1 -1 -1 -1 500532 0 15 16 16 16.25 2 5 2 5
0 0 0 1 1 7 1 1 7 1 1 1 5 5 4 8 3 1 1 501165 0 15 16 16 15.8167 2 4 2 5
0 0 0 1 1 6 1 1 7 1 1 1 5 -1 -1 -1 -1 -1 -1 501865 0 15 16 16 13 2 4 2 5
0 0 0 1 1 1 6 1 7 1 1 1 6 -1 -1 -1 -1 -1 -1 502598 0 15 16 16 16.25 2 4 2 5
0 0 0 1 1 1 6 1 7 1 1 1 6 -1 -1 -1 -1 -1 -1 503232 0 15 16 16 16.25 2 4 2 5
0 0 0 1 1 3 6 1 7 1 1 1 6 5 4 7 2 0 0 503831 0 15 16 16 16.25 2 8 0 5
0 0 0 1 1 1 6 1 7 1 1 1 6 -1 -1 -1 -1 -1 -1 504498 0 15 16 16 13 2 8 0 5
0 0 0 1 1 1 6 1 7 1 1 1 6 -1 -1 -1 -1 -1 -1 505231 0 15 16 16 16.25 2 8 0 5
0 0 0 1 1 1 6 1 7 1 1 1 6 -1 -1 -1 -1 -1 -1 505864 0 15 16 16 16.25 2 8 0 5
0 0 0 1 1 3 6 1 7 1 1 1 6 5 4 5 0 0 0 506464 0 15 16 16 16.25 2 5 2 5
0 0 0 1 1 1 6 1 7 1 1 1 6 -1 -1 -1 -1 -1 -1 507164 0 15 16 16 13 2 5 2 5
0 0 0 1 1 6 1 1 7 1 1 1 5 -1 -1 -1 -1 -1 -1 507864 0 15 16 16 16.25 2 5 2 5
0 0 0 1 1 6 1 1 7 1 1 1 5 -1 -1 -1 -1 -1 -1 508497 0 15 16 16 16.25 2 5 2 5
0 0 0 1 3 6 1 1 7 1 1 1 5 4 4 6 1 0 0 509097 0 15 16 16 16.25 2 4 2 5
0 0 0 1 1 6 1 1 7 1 1 1 5 -1 -1 -1 -1 -1 -1 509797 0 15 16 16 13 2 4 2 5
0 0 0 1 6 1 1 1 7 1 1 1 4 -1 -1 -1 -1 -1 -1 510530 0 15 16 16 16.25 2 4 2 5
0 0 0 1 6 1 1 1 7 1 1 1 4 -1 -1 -1 -1 -1 -1 511163 0 15 16 16 16.25 2 4 2 5
0 0 0 3 6 1 1 1 7 1 1 1 4 3 4 8 3 0 0 511763 0 15 16 16 16.25 2 6 2 5
0 0 0 1 6 1 1 1 7 1 1 1 4 -1 -1 -1 -1 -1 -1 512429 0 15 16 16 13.65 2 6 2 5
0 0 0 1 1 6 1 1 7 1 1 1 5 -1 -1 -1 -1 -1 -1 513162 0 15 16 16 16.25 2 6 2 5
0 0 0 1 1 6 1 1 7 1 1 1 5 -1 -1 -1 -1 -1 -1 513762 0 15 16 16 16.25 2 6 2 5
0 0 0 1 1 7 1 1 7 1 1 1 5 5 4 8 3 1 1 514396 0 15 16 16 16.25 2 4 2 5
0 0 0 1 1 6 1 1 7 1 1 1 5 -1 -1 -1 -1 -1 -1 515062 0 15 16 16 13 2 4 2 5
0 0 0 1 6 1 1 1 7 1 1 1 4 -1 -1 -1 -1 -1 -1 515795 0 15 16 16 16.25 2 4 2 5
0 0 0 1 6 1 1 1 7 1 1 1 4 -1 -1 -1 -1 -1 -1 516428 0 15 16 16 16.25 2 4 2 5
0 0 0 1 7 1 1 1 7 1 1 1 4 4 4 8 3 1 1 517028 0 15 16 16 16.25 2 6 2 5
0 0 0 1 6 1 1 1 7 1 1 1 4 -1 -1 -1 -1 -1 -1 517695 0 15 16 16 13.4333 2 6 2 5
0 0 0 1 6 1 1 1 7 1 1 1 4 -1 -1 -1 -1 -1 -1 518395 0 15 16 16 16.25 2 6 2 5
0 0 0 1 6 1 1 1 7 1 1 1 4 -1 -1 -1 -1 -1 -1 519028 0 15 16 16 16.25 2 6 2 5
0 0 0 1 7 1 1 1 7 1 1 1 4 4 4 8 3 1 1 519628 0 15 16 16 16.25 2 5 2 5
0 0 0 1 1 6 1 1 7 1 1 1 5 -1 -1 -1 -1 -1 -1 520327 0 15 16 16 13 2 5 2 5
0 0 0 1 1 1 6 1 7 1 1 1 6 -1 -1 -1 -1 -1 -1 521094 0 15 16 16 16.25 2 5 2 5
0 0 0 1 1 1 6 1 7 1 1 1 6 -1 -1 -1 -1 -1 -1 521694 0 15 16 16 16.25 2 5 2 5
0 0 0 1 1 3 6 1 7 1 1 1 6 5 4 7 2 0 0 522294 0 15 16 16 16.25 2 4 2 5
0 0 0 1 1 1 6 1 7 1 1 1 6 -1 -1 -1 -1 -1 -1 522960 0 15 16 16 13.65 2 4 2 5
0 0 0 1 1 1 6 1 7 1 1 1 6 -1 -1 -1 -1 -1 -1 523727 0 15 16 16 13 2 4 2 5
0 0 0 1 1 6 1 1 7 1 1 1 5 -1 -1 -1 -1 -1 -1 524460 0 15 16 16 16.25 2 4 2 5
0 0 0 1 1 6 3 1 7 1 1 1 5 6 4 8 3 0 0 525060 0 15 16 16 16.25 2 8 0 5
0 0 0 1 1 6 1 1 7 1 1 1 5 -1 -1 -1 -1 -1 -1 525693 0 15 16 16 16.25 2 8 0 5
0 0 0 1 1 1 6 1 7 1 1 1 6 -1 -1 -1 -1 -1 -1 526326 0 15 16 16 16.25 2 8 0 5
0 0 0 1 1 1 6 1 7 1 1 1 6 -1 -1 -1 -1 -1 -1 526926 0 15 16 16 16.25 2 8 0 5
0 0 0 1 1 1 6 3 7 1 1 1 6 7 4 6 1 0 0 527559 0 15 16 16 16.25 2 5 2 5
0 0 0 1 1 1 6 1 7 1 1 1 6 -1 -1 -1 -1 -1 -1 528225 0 15 16 16 13 2 5 2 5
0 0 0 1 1 1 6 1 7 1 1 1 6 -1 -1 -1 -1 -1 -1 528959 0 15 16 16 16.25 2 5 2 5
0 0 0 1 1 1 6 1 7 1 1 1 6 -1 -1 -1 -1 -1 -1 529558 0 15 16 16 16.25 2 5 2 5
0 0 0 1 1 1 7 1 7 1 1 1 6 6 4 6 1 1 1 530192 0 15 16 16 16.25 2 4 2 5
0 0 0 1 1 1 6 1 7 1 1 1 6 -1 -1 -1 -1 -1 -1 530858 0 15 16 16 13 2 4 2 5
0 0 0 1 1 6 1 1 7 1 1 1 5 -1 -1 -1 -1 -1 -1 531558 0 15 16 16 16.25 2 4 2 5
0 0 0 1 1 6 1 1 7 1 1 1 5 -1 -1 -1 -1 -1 -1 532191 0 15 16 16 16.25 2 4 2 5
0 0 0 1 1 6 3 1 7 1 1 1 5 6 4 5 0 0 0 532791 0 15 16 16 16.25 2 6 2 5
0 0 0 1 6 1 1 1 7 1 1 1 4 -1 -1 -1 -1 -1 -1 533491 0 15 16 16 13 2 6 2 5
0 0 0 1 6 1 1 1 7 1 1 1 4 -1 -1 -1 -1 -1 -1 534157 0 15 16 16 16.25 2 6 2 5
0 0 0 1 6 1 1 1 7 1 1 1 4 -1 -1 -1 -1 -1 -1 534791 0 15 16 16 16.25 2 6 2 5
0 0 0 1 7 1 1 1 7 1 1 1 4 4 4 5 0 1 1 535390 0 15 16 16 15.3833 2 4 2 5
0 0 0 1 1 6 1 1 7 1 1 1 5 -1 -1 -1 -1 -1 -1 460075 0 15 16 16 60 2 8 0 5
0 0 0 1 1 6 1 1 7 1 1 1 5 -1 -1 -1 -1 -1 -1 460242 0 15 16 16 60 2 8 0 5
0 0 0 1 1 6 1 1 7 1 1 1 5 -1 -1 -1 -1 -1 -1 460409 0 15 16 16 60 2 5 2 5
0 0 0 1 1 6 1 1 7 1 1 1 5 -1 -1 -1 -1 -1 -1 460575 0 15 16 16 50.6 2 5 2 5
0 0 0 1 1 6 1 1 7 1 1 1 5 -1 -1 -1 -1 -1 -1 460842 0 15 16 16 25.5333 2 5 2 5
0 0 0 1 1 6 1 1 7 1 1 1 5 -1 -1 -1 -1 -1 -1 461575 0 15 16 16 13 2 5 2 5
0 0 0 1 1 6 1 1 7 1 1 1 5 -1 -1 -1 -1 -1 -1 462342 0 15 16 16 13 2 4 2 5
0 0 0 1 1 6 1 1 7 1 1 1 5 -1 -1 -1 -1 -1 -1 463108 0 15 16 16 13 2 4 2 5
0 0 0 1 1 6 1 1 7 1 1 1 5 -1 -1 -1 -1 -1 -1 463874 0 15 16 16 13 2 4 2 5
0 0 0 1 1 6 1 1 7 1 1 1 5 -1 -1 -1 -1 -1 -1 464641 0 15 16 16 13 2 4 2 5
0 0 0 1 3 6 1 1 7 1 1 1 5 4 4 8 3 0 0 465407 0 15 16 16 13 2 6 2 5
0 0 0 1 1 6 1 1 7 1 1 1 5 -1 -1 -1 -1 -1 -1 466174 0 15 16 16 13 2 6 2 5
0 0 0 1 1 6 1 1 7 1 1 1 5 -1 -1 -1 -1 -1 -1 466940 0 15 16 16 13 2 6 2 5
0 0 0 1 1 6 1 1 7 1 1 1 5 -1 -1 -1 -1 -1 -1 467707 0 15 16 16 13 2 6 2 5
0 0 0 1 3 6 1 1 7 1 1 1 5 4 4 6 1 0 0 468473 0 15 16 16 13 2 4 2 5
0 0 0 1 1 6 1 1 7 1 1 1 5 -1 -1 -1 -1 -1 -1 469273 0 15 16 16 13 2 4 2 5
0 0 0 1 1 6 1 1 7 1 1 1 5 -1 -1 -1 -1 -1 -1 470040 0 15 16 16 13 2 4 2 5
0 0 0 1 1 6 1 1 7 1 1 1 5 -1 -1 -1 -1 -1 -1 470806 0 15 16 16 13 2 4 2 5
0 0 0 1 3 6 1 1 7 1 1 1 5 4 4 8 3 0 0 471573 0 15 16 16 13 2 6 2 5
0 0 0 1 1 6 1 1 7 1 1 1 5 -1 -1 -1 -1 -1 -1 472339 0 15 16 16 13 2 6 2 5
0 0 0 1 1 6 1 1 7 1 1 1 5 -1 -1 -1 -1 -1 -1 473106 0 15 16 16 13 2 6 2 5
0 0 0 1 1 6 1 1 7 1 1 1 5 -1 -1 -1 -1 -1 -1 473872 0 15 16 16 13 2 6 2 5
0 0 0 3 1 6 1 1 7 1 1 1 5 3 4 5 0 0 0 474639 0 15 16 16 13 2 5 2 5
0 0 0 1 1 6 1 1 7 1 1 1 5 -1 -1 -1 -1 -1 -1 475405 0 15 16 16 13 2 5 2 5
0 0 0 1 1 6 1 1 7 1 1 1 5 -1 -1 -1 -1 -1 -1 476171 0 15 16 16 13 2 5 2 5
0 0 0 1 6 1 1 1 7 1 1 1 4 -1 -1 -1 -1 -1 -1 476938 0 15 16 16 13 2 5 2 5
0 0 0 1 6 3 1 1 7 1 1 1 4 5 4 7 2 0 0 477704 0 15 16 16 13 2 4 2 5
0 0 0 1 6 1 1 1 7 1 1 1 4 -1 -1 -1 -1 -1 -1 478471 0 15 16 16 13 2 4 2 5
0 0 0 1 6 1 1 1 7 1 1 1 4 -1 -1 -1 -1 -1 -1 479271 0 15 16 16 13 2 4 2 5
0 0 0 1 6 1 1 1 7 1 1 1 4 -1 -1 -1 -1 -1 -1 480037 0 15 16 16 13 2 4 2 5
0 0 0 1 6 1 1 3 7 1 1 1 4 7 4 6 1 0 0 480804 0 15 16 16 13 2 8 0 5
0 0 0 1 6 1 1 1 7 1 1 1 4 -1 -1 -1 -1 -1 -1 481570 0 15 16 16 13 2 8 0 5
0 0 0 1 1 1 6 1 7 1 1 1 6 -1 -1 -1 -1 -1 -1 482337 0 15 16 16 13 2 8 0 5
0 0 0 1 1 1 1 6 7 1 1 1 7 -1 -1 -1 -1 -1 -1 483103 0 15 16 16 13 2 8 0 5
0 0 0 1 1 1 1 8 7 1 1 1 7 7 4 7 2 0 1 483870 0 15 16 16 13 2 5 2 5
0 0 0 1 1 1 1 6 7 1 1 1 7 -1 -1 -1 -1 -1 -1 484836 0 15 16 15 10 2 5 2 5
0 0 0 1 1 1 6 1 7 1 1 1 6 -1 -1 -1 -1 -1 -1 485769 0 15 16 15 12.5 2 5 2 5
0 0 0 1 1 1 6 1 7 1 1 1 6 -1 -1 -1 -1 -1 -1 486569 0 15 16 15 12.5 2 5 2 5
0 0 0 1 1 1 7 1 7 1 1 1 6 6 4 7 2 1 1 487402 0 15 16 15 10.8333 2 4 2 5
0 0 0 1 1 6 1 1 7 1 1 1 5 -1 -1 -1 -1 -1 -1 488402 0 15 16 15 10 2 4 2 5
0 0 0 1 1 6 1 1 7 1 1 1 5 -1 -1 -1 -1 -1 -1 489268 0 15 16 15 12.5 2 4 2 5
0 0 0 1 1 6 1 1 7 1 1 1 5 -1 -1 -1 -1 -1 -1 490068 0 15 16 15 12.5 2 4 2 5
0 0 0 1 1 7 1 1 7 1 1 1 5 5 4 7 2 1 1 490901 0 15 16 15 12.5 2 6 2 5
0 0 0 1 1 6 1 1 7 1 1 1 5 -1 -1 -1 -1 -1 -1 491534 0 15 16 16 16.25 2 6 2 5
0 0 0 1 1 6 1 1 7 1 1 1 5 -1 -1 -1 -1 -1 -1 492134 0 15 16 16 15.8167 2 6 2 5
0 0 0 1 1 1 6 1 7 1 1 1 6 -1 -1 -1 -1 -1 -1 492834 0 15 16 16 16.25 2 6 2 5
0 0 0 1 1 3 6 1 7 1 1 1 6 5 4 5 0 0 0 493467 0 15 16 16 16.25 2 4 2 5
0 0 0 1 1 1 6 1 7 1 1 1 6 -1 -1 -1 -1 -1 -1 494067 0 15 16 16 16.25 2 4 2 5
0 0 0 1 6 1 1 1 7 1 1 1 4 -1 -1 -1 -1 -1 -1 494734 0 15 16 16 13 2 4 2 5
0 0 0 6 1 1 1 1 7 1 1 1 3 -1 -1 -1 -1 -1 -1 495467 0 15 16 16 16.25 2 4 2 5
0 0 0 7 1 1 1 1 7 1 1 1 3 3 4 5 0 1 1 496100 0 15 16 16 16.25 2 6 2 5
0 0 0 1 6 1 1 1 7 1 1 1 4 -1 -1 -1 -1 -1 -1 496700 0 15 16 16 16.25 2 6 2 5
0 0 0 1 6 1 1 1 7 1 1 1 4 -1 -1 -1 -1 -1 -1 497333 0 15 16 16 16.25 2 6 2 5
0 0 0 1 6 1 1 1 7 1 1 1 4 -1 -1 -1 -1 -1 -1 497966 0 15 16 16 16.25 2 6 2 5
0 0 0 3 6 1 1 1 7 1 1 1 4 3 4 8 3 0 0 498566 0 15 16 16 16.25 2 5 2 5
0 0 0 1 1 6 1 1 7 1 1 1 5 -1 -1 -1 -1 -1 -1 499233 0 15 16 16 13 2 5 2 5
0 0 0 1 1 6 1 1 7 1 1 1 5 -1 -1 -1 -1 -1 -1 499932 0 15 16 16 16.25 2 5 2 5
0 0 0 1 1 6 1 1 7 1 1 1 5 -1 -1 -1 -1 -1 -1 500532 0 15 16 16 16.25 2 5 2 5
0 0 0 1 1 7 1 1 7 1 1 1 5 5 4 8 3 1 1 501165 0 15 16 16 15.8167 2 4 2 5
0 0 0 1 1 6 1 1 7 1 1 1 5 -1 -1 -1 -1 -1 -1 501865 0 15 16 16 13 2 4 2 5
0 0 0 1 1 1 6 1 7 1 1 1 6 -1 -1 -1 -1 -1 -1 502598 0 15 16 16 16.25 2 4 2 5
0 0 0 1 1 1 6 1 7 1 1 1 6 -1 -1 -1 -1 -1 -1 503232 0 15 16 16 16.25 2 4 2 5
0 0 0 1 1 3 6 1 7 1 1 1 6 5 4 7 2 0 0 503831 0 15 16 16 16.25 2 8 0 5
0 0 0 1 1 1 6 1 7 1 1 1 6 -1 -1 -1 -1 -1 -1 504498 0 15 16 16 13 2 8 0 5
0 0 0 1 1 1 6 1 7 1 1 1 6 -1 -1 -1 -1 -1 -1 505231 0 15 16 16 16.25 2 8 0 5
0 0 0 1 1 1 6 1 7 1 1 1 6 -1 -1 -1 -1 -1 -1 505864 0 15 16 16 16.25 2 8 0 5
0 0 0 1 1 3 6 1 7 1 1 1 6 5 4 5 0 0 0 506464 0 15 16 16 16.25 2 5 2 5
0 0 0 1 1 1 6 1 7 1 1 1 6 -1 -1 -1 -1 -1 -1 507164 0 15 16 16 13 2 5 2 5
0 0 0 1 1 6 1 1 7 1 1 1 5 -1 -1 -1 -1 -1 -1 507864 0 15 16 16 16.25 2 5 2 5
0 0 0 1 1 6 1 1 7 1 1 1 5 -1 -1 -1 -1 -1 -1 508497 0 15 16 16 16.25 2 5 2 5
0 0 0 1 3 6 1 1 7 1 1 1 5 4 4 6 1 0 0 509097 0 15 16 16 16.25 2 4 2 5
0 0 0 1 1 6 1 1 7 1 1 1 5 -1 -1 -1 -1 -1 -1 509797 0 15 16 16 13 2 4 2 5
0 0 0 1 6 1 1 1 7 1 1 1 4 -1 -1 -1 -1 -1 -1 510530 0 15 16 16 16.25 2 4 2 5
0 0 0 1 6 1 1 1 7 1 1 1 4 -1 -1 -1 -1 -1 -1 511163 0 15 16 16 16.25 2 4 2 5
0 0 0 3 6 1 1 1 7 1 1 1 4 3 4 8 3 0 0 511763 0 15 16 16 16.25 2 6 2 5
0 0 0 1 6 1 1 1 7 1 1 1 4 -1 -1 -1 -1 -1 -1 512429 0 15 16 16 13.65 2 6 2 5
0 0 0 1 1 6 1 1 7 1 1 1 5 -1 -1 -1 -1 -1 -1 513162 0 15 16 16 16.25 2 6 2 5
0 0 0 1 1 6 1 1 7 1 1 1 5 -1 -1 -1 -1 -1 -1 513762 0 15 16 16 16.25 2 6 2 5
0 0 0 1 1 7 1 1 7 1 1 1 5 5 4 8 3 1 1 514396 0 15 16 16 16.25 2 4 2 5
0 0 0 1 1 6 1 1 7 1 1 1 5 -1 -1 -1 -1 -1 -1 515062 0 15 16 16 13 2 4 2 5
0 0 0 1 6 1 1 1 7 1 1 1 4 -1 -1 -1 -1 -1 -1 515795 0 15 16 16 16.25 2 4 2 5
0 0 0 1 6 1 1 1 7 1 1 1 4 -1 -1 -1 -1 -1 -1 516428 0 15 16 16 16.25 2 4 2 5
0 0 0 1 7 1 1 1 7 1 1 1 4 4 4 8 3 1 1 517028 0 15 16 16 16.25 2 6 2 5
0 0 0 1 6 1 1 1 7 1 1 1 4 -1 -1 -1 -1 -1 -1 517695 0 15 16 16 13.4333 2 6 2 5
0 0 0 1 6 1 1 1 7 1 1 1 4 -1 -1 -1 -1 -1 -1 518395 0 15 16 16 16.25 2 6 2 5
0 0 0 1 6 1 1 1 7 1 1 1 4 -1 -1 -1 -1 -1 -1 519028 0 15 16 16 16.25 2 6 2 5
0 0 0 1 7 1 1 1 7 1 1 1 4 4 4 8 3 1 1 519628 0 15 16 16 16.25 2 5 2 5
0 0 0 1 1 6 1 1 7 1 1 1 5 -1 -1 -1 -1 -1 -1 520327 0 15 16 16 13 2 5 2 5
0 0 0 1 1 1 6 1 7 1 1 1 6 -1 -1 -1 -1 -1 -1 521094 0 15 16 16 16.25 2 5 2 5
0 0 0 1 1 1 6 1 7 1 1 1 6 -1 -1 -1 -1 -1 -1 521694 0 15 16 16 16.25 2 5 2 5
0 0 0 1 1 3 6 1 7 1 1 1 6 5 4 7 2 0 0 522294 0 15 16 16 16.25 2 4 2 5
0 0 0 1 1 1 6 1 7 1 1 1 6 -1 -1 -1 -1 -1 -1 522960 0 15 16 16 13.65 2 4 2 5
0 0 0 1 1 1 6 1 7 1 1 1 6 -1 -1 -1 -1 -1 -1 523727 0 15 16 16 13 2 4 2 5
0 0 0 1 1 6 1 1 7 1 1 1 5 -1 -1 -1 -1 -1 -1 524460 0 15 16 16 16.25 2 4 2 5
0 0 0 1 1 6 3 1 7 1 1 1 5 6 4 8 3 0 0 525060 0 15 16 16 16.25 2 8 0 5
0 0 0 1 1 6 1 1 7 1 1 1 5 -1 -1 -1 -1 -1 -1 525693 0 15 16 16 16.25 2 8 0 5
0 0 0 1 1 1 6 1 7 1 1 1 6 -1 -1 -1 -1 -1 -1 526326 0 15 16 16 16.25 2 8 0 5
0 0 0 1 1 1 6 1 7 1 1 1 6 -1 -1 -1 -1 -1 -1 526926 0 15 16 16 16.25 2 8 0 5
0 0 0 1 1 1 6 3 7 1 1 1 6 7 4 6 1 0 0 527559 0 15 16 16 16.25 2 5 2 5
0 0 0 1 1 1 6 1 7 1 1 1 6 -1 -1 -1 -1 -1 -1 528225 0 15 16 16 13 2 5 2 5
0 0 0 1 1 1 6 1 7 1 1 1 6 -1 -1 -1 -1 -1 -1 528959 0 15 16 16 16.25 2 5 2 5
0 0 0 1 1 1 6 1 7 1 1 1 6 -1 -1 -1 -1 -1 -1 529558 0 15 16 16 16.25 2 5 2 5
0 0 0 1 1 1 7 1 7 1 1 1 6 6 4 6 1 1 1 530192 0 15 16 16 16.25 2 4 2 5
0 0 0 1 1 1 6 1 7 1 1 1 6 -1 -1 -1 -1 -1 -1 530858 0 15 16 16 13 2 4 2 5
0 0 0 1 1 6 1 1 7 1 1 1 5 -1 -1 -1 -1 -1 -1 531558 0 15 16 16 16.25 2 4 2 5
0 0 0 1 1 6 1 1 7 1 1 1 5 -1 -1 -1 -1 -1 -1 532191 0 15 16 16 16.25 2 4 2 5
0 0 0 1 1 6 3 1 7 1 1 1 5 6 4 5 0 0 0 532791 0 15 16 16 16.25 2 6 2 5
0 0 0 1 6 1 1 1 7 1 1 1 4 -1 -1 -1 -1 -1 -1 533491 0 15 16 16 13 2 6 2 5
0 0 0 1 6 1 1 1 7 1 1 1 4 -1 -1 -1 -1 -1 -1 534157 0 15 16 16 16.25 2 6 2 5
0 0 0 1 6 1 1 1 7 1 1 1 4 -1 -1 -1 -1 -1 -1 534791 0 15 16 16 16.25 2 6 2 5
0 0 0 1 7 1 1 1 7 1 1 1 4 4 4 5 0 1 1 535390 0 15 16 16 15.3833 2 4 2 5
