% Tunnel Log: 
% debug seed: 1462565247
%
% SegEncNW { '0'=no panel, '1'=panel, '4'=obstacle, '5'=collided obstacle, '6'=player, '7'=player right, '8'=player wrong, '2'=target, '3'=fake }
% SegEncN
% SegEncNE
% SegEncE
% SegEncSE
% SegEncS
% SegEncSW
% SegEncW
% Event Number { 0, inf }
% Task Type { 0=Color/Sound, 1=Shape/Sound, 2=Sound, 3=Navigation, 4=Speed, 5=Training 6=Recess, 7=Special 2-Back }
% N-Back { 0, inf }
% Navigation Level { 0, inf }
% Player Loc { 0=Northwest ... 7=West }
% Pod Loc { -1=N/A, 0=Northwest ... 7=West }
% Pod Color { -1, inf }
% Pod Shape { -1, inf }
% Pod Sound { -1, inf }
% Pod Match { -1=N/A, 0=No, 1=Yes }
% Pod Taken { -1=N/A, 0=No, 1=Yes }
% Timestamp (ms)
% Num Obstacles { 0, inf }
% Min Speed { 0, inf }
% Max Speed { 0, inf }
% Base Speed { 0, inf }
% Final Speed { 0, inf }
% Navigation Score { 0, inf }
% Segment Direction { 0=Northwest ... 7=West }
% Segment Angle { 0, inf }
% Segment Panels { 0, inf }
%
% SegEncNW SecEncN SegEncNE SegEncE SegEncSE SegEncS SegEncSW SegEncW EventNumber TaskType N-Back Navigation PlayerLoc PodLoc PodColor PodShape PodSound PodMatch PodTaken Timestamp NumObs MinSpeed MaxSpeed BaseSpeed FinalSpeed NavScore SegmentDir SegmentAngle SegmentPanels
0 0 0 0 1 6 1 0 0 3 2 0 5 -1 -1 -1 -1 -1 -1 36366 0 15 40 15 60 2 8 0 3
0 0 0 0 1 6 1 0 0 3 2 0 5 -1 -1 -1 -1 -1 -1 36466 0 15 40 15 60 2 8 0 3
0 0 0 0 1 6 1 0 0 3 2 0 5 -1 -1 -1 -1 -1 -1 36633 0 15 40 15 60 2 8 0 3
0 0 0 0 1 6 1 0 0 3 2 0 5 -1 -1 -1 -1 -1 -1 36799 0 15 40 15 60 2 4 2 3
0 0 0 0 1 6 1 0 0 3 2 0 5 -1 -1 -1 -1 -1 -1 36966 0 15 40 15 50 2 4 2 3
0 0 0 0 1 6 1 0 0 3 2 0 5 -1 -1 -1 -1 -1 -1 37266 0 15 40 15 20 2 4 2 3
0 0 0 0 1 6 1 0 0 3 2 0 5 -1 -1 -1 -1 -1 -1 38199 0 15 40 15 10 2 4 2 3
0 0 0 0 1 6 1 0 0 3 2 0 5 -1 -1 -1 -1 -1 -1 39199 0 15 40 15 10 2 4 2 3
0 0 0 0 6 1 1 0 0 3 2 0 4 -1 -1 -1 -1 -1 -1 40066 0 15 40 15 12.5 2 4 2 3
0 0 0 0 1 6 1 0 0 3 2 0 5 -1 -1 -1 -1 -1 -1 40866 0 15 40 15 12.5 2 4 2 3
0 0 0 0 1 6 1 0 0 3 2 0 5 -1 -1 -1 -1 -1 -1 41666 0 15 40 15 12.5 2 4 2 3
0 0 0 0 1 7 1 0 0 3 2 0 5 5 5 4 4 1 1 42466 0 15 40 15 12.5 2 6 2 3
0 0 0 0 1 6 1 0 0 3 2 0 5 -1 -1 -1 -1 -1 -1 43266 0 15 40 15 12.5 2 6 2 3
0 0 0 0 1 1 6 0 0 3 2 0 6 -1 -1 -1 -1 -1 -1 44066 0 15 40 15 12.5 2 6 2 3
0 0 0 0 1 1 6 0 0 3 2 0 6 -1 -1 -1 -1 -1 -1 44932 0 15 40 15 10 2 6 2 3
0 0 0 0 1 1 7 0 0 3 2 0 6 6 5 4 4 1 1 45732 0 15 40 15 12.5 2 6 2 3
0 0 0 0 1 6 1 0 0 3 2 0 5 -1 -1 -1 -1 -1 -1 46366 0 15 40 16 16.25 2 6 2 3
0 0 0 0 1 6 1 0 0 3 2 0 5 -1 -1 -1 -1 -1 -1 47032 0 15 40 16 16.25 2 6 2 3
0 0 0 0 1 6 1 0 0 3 2 0 5 -1 -1 -1 -1 -1 -1 47666 0 15 40 16 16.25 2 6 2 3
0 0 0 0 1 7 1 0 0 3 2 0 5 5 5 4 4 1 1 48266 0 15 40 16 16.25 2 4 2 3
0 0 0 0 1 6 1 0 0 3 2 0 5 -1 -1 -1 -1 -1 -1 48932 0 15 40 16 13 2 4 2 3
0 0 0 0 1 6 1 0 0 3 2 0 5 -1 -1 -1 -1 -1 -1 49566 0 15 40 16 16.25 2 4 2 3
0 0 0 0 1 6 1 0 0 3 2 0 5 -1 -1 -1 -1 -1 -1 50166 0 15 40 16 16.25 2 4 2 3
0 0 0 1 1 7 1 1 0 3 2 0 5 5 5 4 4 1 1 50799 0 15 40 16 14.3 2 4 2 5
0 0 0 1 1 6 1 1 0 3 2 1 5 -1 -1 -1 -1 -1 -1 51366 0 15 40 17 20 2 4 2 5
0 0 0 1 1 1 6 1 0 3 2 1 6 -1 -1 -1 -1 -1 -1 51866 0 15 40 17 20 2 4 2 5
0 0 0 1 1 1 6 1 0 3 2 1 6 -1 -1 -1 -1 -1 -1 52366 0 15 40 17 20 2 4 2 5
0 0 0 1 1 1 7 1 0 3 2 1 6 6 5 4 4 1 1 52866 0 15 40 17 17.0667 2 6 2 5
0 0 0 1 1 1 6 1 0 3 2 1 6 -1 -1 -1 -1 -1 -1 53366 0 15 40 17 20 2 6 2 5
0 0 0 1 1 1 6 1 0 3 2 1 6 -1 -1 -1 -1 -1 -1 53866 0 15 40 17 20 2 6 2 5
0 0 0 1 1 1 1 6 0 3 2 1 7 -1 -1 -1 -1 -1 -1 54366 0 15 40 17 20 2 6 2 5
0 0 0 1 1 1 1 7 0 3 2 1 7 7 5 4 4 1 1 54932 0 15 40 17 20 2 8 0 5
0 0 0 1 1 1 1 6 0 3 2 1 7 -1 -1 -1 -1 -1 -1 55366 0 15 40 18 23.75 2 8 0 5
0 0 0 1 1 1 6 1 0 3 2 1 6 -1 -1 -1 -1 -1 -1 55799 0 15 40 18 23.75 2 8 0 5
0 0 0 1 1 1 6 1 0 3 2 1 6 -1 -1 -1 -1 -1 -1 56199 0 15 40 18 23.75 2 8 0 5
0 0 0 1 1 1 7 1 0 3 2 1 6 6 5 4 4 1 1 56632 0 15 40 18 21.5333 2 4 2 5
0 0 0 1 1 1 6 1 0 3 2 1 6 -1 -1 -1 -1 -1 -1 57132 0 15 40 18 19 2 4 2 5
0 0 0 1 1 1 6 1 0 3 2 1 6 -1 -1 -1 -1 -1 -1 57632 0 15 40 18 23.75 2 4 2 5
0 0 0 1 1 1 6 1 0 3 2 1 6 -1 -1 -1 -1 -1 -1 58066 0 15 40 18 23.75 2 4 2 5
0 0 0 1 1 1 7 1 0 3 2 1 6 6 5 4 4 1 1 58499 0 15 40 18 23.75 2 4 2 5
0 0 0 1 1 1 6 1 0 3 2 1 6 -1 -1 -1 -1 -1 -1 58866 0 15 40 19 26.25 2 4 2 5
0 0 0 1 1 1 6 1 0 3 2 1 6 -1 -1 -1 -1 -1 -1 59266 0 15 40 19 24.15 2 4 2 5
0 0 0 1 1 6 1 1 0 3 2 1 5 -1 -1 -1 -1 -1 -1 59732 0 15 40 19 21 2 4 2 5
0 0 0 1 1 7 1 1 0 3 2 1 5 5 5 4 4 1 1 60199 0 15 40 19 21 2 6 2 5
0 0 0 1 1 6 1 1 0 3 2 1 5 -1 -1 -1 -1 -1 -1 60666 0 15 40 19 21 2 6 2 5
0 0 0 1 1 6 1 1 0 3 2 1 5 -1 -1 -1 -1 -1 -1 61132 0 15 40 19 26.25 2 6 2 5
0 0 0 1 1 6 1 1 0 3 2 1 5 -1 -1 -1 -1 -1 -1 61499 0 15 40 19 26.25 2 6 2 5
0 0 0 1 7 1 1 1 0 3 2 1 4 4 5 4 4 1 1 61899 0 15 40 19 26.25 2 6 2 5
0 0 0 1 6 1 1 1 0 3 2 2 4 -1 -1 -1 -1 -1 -1 62266 0 15 40 20 27.5 2 6 2 5
0 0 0 1 1 6 1 1 0 3 2 2 5 -1 -1 -1 -1 -1 -1 62632 0 15 40 20 27.1333 2 6 2 5
0 0 0 1 1 1 6 1 0 3 2 2 6 -1 -1 -1 -1 -1 -1 63032 0 15 40 20 22.7333 2 6 2 5
0 0 0 1 1 1 7 1 0 3 2 2 6 6 5 4 4 1 1 63432 0 15 40 20 27.5 2 4 2 5
0 0 0 1 1 1 6 1 0 3 2 2 6 -1 -1 -1 -1 -1 -1 63766 0 15 40 20 27.5 2 4 2 5
0 0 0 1 4 1 6 1 0 3 2 2 6 -1 -1 -1 -1 -1 -1 64132 1 15 40 20 27.5 2 4 2 5
0 0 0 1 1 1 6 1 0 3 2 2 6 -1 -1 -1 -1 -1 -1 64499 0 15 40 20 27.5 2 4 2 5
0 0 0 1 1 1 7 1 0 3 2 2 6 6 5 4 4 1 1 64866 0 15 40 20 25.6667 2 4 2 5
0 0 0 1 1 1 6 1 0 3 2 2 6 -1 -1 -1 -1 -1 -1 65299 0 15 40 21 23 2 4 2 5
0 0 0 4 1 6 1 1 0 3 2 2 5 -1 -1 -1 -1 -1 -1 65732 1 15 40 21 23 2 4 2 5
0 0 0 1 1 1 6 1 0 3 2 2 6 -1 -1 -1 -1 -1 -1 66166 0 15 40 21 23 2 4 2 5
0 0 0 1 1 1 1 7 0 3 2 2 7 7 5 4 4 1 1 66599 0 15 40 21 23 2 6 2 5
0 0 0 1 1 1 1 6 0 3 2 2 7 -1 -1 -1 -1 -1 -1 66999 0 15 40 21 28.75 2 6 2 5
0 0 0 1 1 1 4 6 0 3 2 2 7 -1 -1 -1 -1 -1 -1 67365 1 15 40 21 28.75 2 6 2 5
0 0 0 1 1 1 6 1 0 3 2 2 6 -1 -1 -1 -1 -1 -1 67699 0 15 40 21 28.75 2 6 2 5
0 0 0 1 1 1 7 1 0 3 2 2 6 6 5 4 4 1 1 68065 0 15 40 21 28.75 2 8 0 5
0 0 0 1 1 1 6 1 0 3 2 2 6 -1 -1 -1 -1 -1 -1 68399 0 15 40 22 30 2 8 0 5
0 0 0 4 1 6 1 1 0 3 2 2 5 -1 -1 -1 -1 -1 -1 68732 1 15 40 22 26.8 2 8 0 5
0 0 0 1 1 1 6 1 0 3 2 2 6 -1 -1 -1 -1 -1 -1 69132 0 15 40 22 24 2 8 0 5
0 0 0 1 1 1 1 7 0 3 2 2 7 7 5 4 4 1 1 69565 0 15 40 22 24 2 4 2 5
0 0 0 1 1 1 1 6 0 3 2 2 7 -1 -1 -1 -1 -1 -1 69932 0 15 40 22 30 2 4 2 5
0 0 0 1 4 1 1 6 0 3 2 2 7 -1 -1 -1 -1 -1 -1 70265 1 15 40 22 30 2 4 2 5
0 0 0 1 1 1 6 1 0 3 2 2 6 -1 -1 -1 -1 -1 -1 70599 0 15 40 22 30 2 4 2 5
0 0 0 1 1 1 7 1 0 3 2 2 6 6 5 4 4 1 1 70932 0 15 40 22 30 2 4 2 5
0 0 0 1 1 1 6 1 0 3 2 2 6 -1 -1 -1 -1 -1 -1 71265 0 15 40 23 31.25 2 4 2 5
0 0 0 4 1 1 6 1 0 3 2 2 6 -1 -1 -1 -1 -1 -1 71599 1 15 40 23 27.0833 2 4 2 5
0 0 0 1 1 6 1 1 0 3 2 2 5 -1 -1 -1 -1 -1 -1 71999 0 15 40 23 25 2 4 2 5
0 0 0 1 1 7 1 1 0 3 2 2 5 5 5 4 4 1 1 72399 0 15 40 23 25 2 6 2 5
0 0 0 1 1 6 1 1 0 3 2 2 5 -1 -1 -1 -1 -1 -1 72765 0 15 40 23 31.25 2 6 2 5
0 0 0 4 1 6 1 1 0 3 2 2 5 -1 -1 -1 -1 -1 -1 73065 1 15 40 23 31.25 2 6 2 5
0 0 0 1 6 1 1 1 0 3 2 2 4 -1 -1 -1 -1 -1 -1 73399 0 15 40 23 31.25 2 6 2 5
0 0 0 2 8 1 1 1 0 3 2 2 4 3 5 4 4 1 0 73732 0 15 40 23 31.25 2 6 2 5
0 0 0 1 6 1 1 1 0 3 2 2 4 -1 -1 -1 -1 -1 -1 74065 0 15 40 22 30 2 6 2 5
0 0 0 1 6 4 1 1 0 3 2 2 4 -1 -1 -1 -1 -1 -1 74399 1 15 40 22 27.2 2 6 2 5
0 0 0 1 1 6 1 1 0 3 2 2 5 -1 -1 -1 -1 -1 -1 74799 0 15 40 22 24 2 6 2 5
0 0 0 1 1 7 1 1 0 3 2 2 5 5 5 4 4 1 1 75199 0 15 40 22 30 2 4 2 5
0 0 0 1 1 6 1 1 0 3 2 2 5 -1 -1 -1 -1 -1 -1 75532 0 15 40 22 30 2 4 2 5
0 0 0 1 4 6 1 1 0 3 2 2 5 -1 -1 -1 -1 -1 -1 75865 1 15 40 22 30 2 4 2 5
0 0 0 1 1 6 1 1 0 3 2 2 5 -1 -1 -1 -1 -1 -1 76199 0 15 40 22 30 2 4 2 5
0 0 0 1 1 1 8 2 0 3 2 2 6 7 5 4 4 1 0 76532 0 15 40 22 30 2 4 2 5
0 0 0 1 1 1 1 6 0 3 2 2 7 -1 -1 -1 -1 -1 -1 76899 0 15 40 21 26.0667 2 4 2 5
0 0 0 1 1 4 1 6 0 3 2 2 7 -1 -1 -1 -1 -1 -1 77299 1 15 40 21 23 2 4 2 5
0 0 0 1 1 1 1 6 0 3 2 2 7 -1 -1 -1 -1 -1 -1 77699 0 15 40 21 28.75 2 4 2 5
0 0 0 1 1 1 1 7 0 3 2 2 7 7 5 4 4 1 1 78065 0 15 40 21 28.75 2 6 2 5
0 0 0 1 1 1 6 1 0 3 2 2 6 -1 -1 -1 -1 -1 -1 78399 0 15 40 21 28.75 2 6 2 5
0 0 0 4 1 1 6 1 0 3 2 2 6 -1 -1 -1 -1 -1 -1 78732 1 15 40 21 28.75 2 6 2 5
0 0 0 1 1 1 6 1 0 3 2 2 6 -1 -1 -1 -1 -1 -1 79099 0 15 40 21 28.75 2 6 2 5
0 0 0 1 1 1 7 1 0 3 2 2 6 6 5 4 4 1 1 79465 0 15 40 21 24.5333 2 8 0 5
0 0 0 1 1 1 6 1 0 3 2 2 6 -1 -1 -1 -1 -1 -1 79832 0 15 40 22 30 2 8 0 5
0 0 0 4 1 6 1 1 0 3 2 2 5 -1 -1 -1 -1 -1 -1 80165 1 15 40 22 30 2 8 0 5
0 0 0 1 1 6 1 1 0 3 2 2 5 -1 -1 -1 -1 -1 -1 80499 0 15 40 22 30 2 8 0 5
0 0 0 1 1 7 1 1 0 3 2 2 5 5 5 4 4 1 1 80832 0 15 40 22 30 2 4 2 5
0 0 0 1 1 6 1 1 0 3 2 2 5 -1 -1 -1 -1 -1 -1 81165 0 15 40 22 30 2 4 2 5
0 0 0 1 4 1 6 1 0 3 2 2 6 -1 -1 -1 -1 -1 -1 81532 1 15 40 22 26 2 4 2 5
0 0 0 1 1 1 1 6 0 3 2 2 7 -1 -1 -1 -1 -1 -1 81932 0 15 40 22 24 2 4 2 5
0 0 0 1 1 1 1 7 0 3 2 2 7 7 5 4 4 1 1 82332 0 15 40 22 30 2 4 2 5
0 0 0 1 1 1 1 6 0 3 2 2 7 -1 -1 -1 -1 -1 -1 82665 0 15 40 23 31.25 2 4 2 5
0 0 0 1 1 1 4 6 0 3 2 2 7 -1 -1 -1 -1 -1 -1 82965 1 15 40 23 31.25 2 4 2 5
0 0 0 1 1 1 6 1 0 3 2 2 6 -1 -1 -1 -1 -1 -1 83299 0 15 40 23 31.25 2 4 2 5
0 0 0 1 1 1 7 1 0 3 2 2 6 6 5 4 4 1 1 83599 0 15 40 23 31.25 2 6 2 5
0 0 0 1 1 1 6 1 0 3 2 2 6 -1 -1 -1 -1 -1 -1 83932 0 15 40 23 28.75 2 6 2 5
0 0 0 1 4 1 6 1 0 3 2 2 6 -1 -1 -1 -1 -1 -1 84299 1 15 40 23 31.25 2 6 2 5
0 0 0 1 1 6 1 1 0 3 2 2 5 -1 -1 -1 -1 -1 -1 84599 0 15 40 23 31.25 2 6 2 5
0 0 0 1 7 1 1 1 0 3 2 2 4 4 5 4 4 1 1 84932 0 15 40 23 31.25 2 6 2 5
0 0 0 1 6 1 1 1 0 3 2 2 4 -1 -1 -1 -1 -1 -1 85232 0 15 40 24 31.875 2 6 2 5
0 0 0 6 1 1 4 1 0 3 2 2 3 -1 -1 -1 -1 -1 -1 85565 1 15 40 24 31.875 2 6 2 5
0 0 0 6 1 1 1 1 0 3 2 2 3 -1 -1 -1 -1 -1 -1 85865 0 15 40 24 29.325 2 6 2 5
0 0 0 7 1 1 1 1 0 3 2 2 3 3 5 4 4 1 1 86265 0 15 40 24 31.875 2 4 2 5
0 0 0 6 1 1 1 1 0 3 2 2 3 -1 -1 -1 -1 -1 -1 86565 0 15 40 24 31.875 2 4 2 5
0 0 0 1 6 1 1 4 0 3 2 2 4 -1 -1 -1 -1 -1 -1 86865 1 15 40 24 31.875 2 4 2 5
0 0 0 6 1 1 1 1 0 3 2 2 3 -1 -1 -1 -1 -1 -1 87199 0 15 40 24 31.875 2 4 2 5
0 0 0 7 1 1 1 1 0 3 2 2 3 3 5 4 4 1 1 87499 0 15 40 24 31.875 2 4 2 5
0 0 0 6 1 1 1 1 0 3 2 2 3 -1 -1 -1 -1 -1 -1 87799 0 15 40 25 32.0667 2 4 2 5
0 0 0 6 4 1 1 1 0 3 2 2 3 -1 -1 -1 -1 -1 -1 88165 1 15 40 25 27.3 2 4 2 5
0 0 0 6 1 1 1 1 0 3 2 2 3 -1 -1 -1 -1 -1 -1 88532 0 15 40 25 26 2 4 2 5
0 0 0 7 1 1 1 1 0 3 2 2 3 3 5 4 4 1 1 88898 0 15 40 25 26 2 6 2 5
0 0 0 6 1 1 1 1 0 3 2 2 3 -1 -1 -1 -1 -1 -1 89298 0 15 40 25 26 2 6 2 5
0 0 0 6 1 1 4 1 0 3 2 2 3 -1 -1 -1 -1 -1 -1 89632 1 15 40 25 32.5 2 6 2 5
0 0 0 6 1 1 1 1 0 3 2 2 3 -1 -1 -1 -1 -1 -1 89932 0 15 40 25 32.5 2 6 2 5
0 0 0 7 1 1 1 1 0 3 2 2 3 3 5 4 4 1 1 90232 0 15 40 25 32.5 2 8 0 5
0 0 0 6 1 1 1 1 0 3 2 2 3 -1 -1 -1 -1 -1 -1 90532 0 15 40 26 33.125 2 8 0 5
0 0 0 6 1 1 1 4 0 3 2 2 3 -1 -1 -1 -1 -1 -1 90832 1 15 40 26 33.125 2 8 0 5
0 0 0 6 1 1 1 1 0 3 2 2 3 -1 -1 -1 -1 -1 -1 91165 0 15 40 26 29.5917 2 8 0 5
0 0 0 7 1 1 1 1 0 3 2 2 3 3 5 4 4 1 1 91532 0 15 40 26 26.5 2 4 2 5
0 0 0 6 1 1 1 1 0 3 2 2 3 -1 -1 -1 -1 -1 -1 91898 0 15 40 26 26.5 2 4 2 5
0 0 0 6 1 1 1 4 0 3 2 2 3 -1 -1 -1 -1 -1 -1 92265 1 15 40 26 26.5 2 4 2 5
0 0 0 1 1 6 1 1 0 3 2 2 5 -1 -1 -1 -1 -1 -1 92665 0 15 40 26 26.5 2 4 2 5
0 0 0 1 1 7 1 1 0 3 2 2 5 5 5 4 4 1 1 93032 0 15 40 26 26.5 2 4 2 5
0 0 0 1 1 6 1 1 0 3 2 2 5 -1 -1 -1 -1 -1 -1 93332 0 15 40 27 33.75 2 4 2 5
0 0 0 1 4 6 1 1 0 3 2 2 5 -1 -1 -1 -1 -1 -1 93632 1 15 40 27 33.75 2 4 2 5
0 0 0 1 1 6 1 1 0 3 2 2 5 -1 -1 -1 -1 -1 -1 93932 0 15 40 27 33.75 2 4 2 5
0 0 0 1 1 1 7 1 0 3 2 2 6 6 5 4 4 1 1 94232 0 15 40 27 33.75 2 6 2 5
0 0 0 1 1 6 1 1 0 3 2 2 5 -1 -1 -1 -1 -1 -1 94532 0 15 40 27 33.75 2 6 2 5
0 0 0 1 1 6 4 1 0 3 2 2 5 -1 -1 -1 -1 -1 -1 94832 1 15 40 27 30.15 2 6 2 5
0 0 0 1 1 1 6 1 0 3 2 2 6 -1 -1 -1 -1 -1 -1 95132 0 15 40 27 33.75 2 6 2 5
0 0 0 1 1 1 7 1 0 3 2 2 6 6 5 4 4 1 1 95432 0 15 40 27 33.75 2 6 2 5
0 0 0 1 1 1 6 1 0 3 2 2 6 -1 -1 -1 -1 -1 -1 95732 0 15 40 28 34.375 2 6 2 5
0 0 0 4 1 6 1 1 0 3 2 2 5 -1 -1 -1 -1 -1 -1 95998 1 15 40 28 34.375 2 6 2 5
0 0 0 1 1 6 1 1 0 3 2 2 5 -1 -1 -1 -1 -1 -1 96298 0 15 40 28 34.375 2 6 2 5
0 0 0 0 1 6 1 0 1 4 2 0 5 -1 -1 -1 -1 -1 -1 102098 0 15 40 15 60 2 8 0 3
0 0 0 0 1 6 1 0 1 4 2 0 5 -1 -1 -1 -1 -1 -1 102265 0 15 40 15 60 2 8 0 3
0 0 0 0 1 6 1 0 1 4 2 0 5 -1 -1 -1 -1 -1 -1 102432 0 15 40 15 60 2 6 2 3
0 0 0 0 1 6 1 0 1 4 2 0 5 -1 -1 -1 -1 -1 -1 102598 0 15 40 15 50 2 6 2 3
0 0 0 0 1 6 1 0 1 4 2 0 5 -1 -1 -1 -1 -1 -1 102898 0 15 40 15 20 2 6 2 3
0 0 0 0 1 6 1 0 1 4 2 0 5 -1 -1 -1 -1 -1 -1 103798 0 15 40 15 12.5 2 6 2 3
0 0 0 0 1 6 1 0 1 4 2 0 5 -1 -1 -1 -1 -1 -1 104598 0 15 40 15 12.5 2 5 2 3
0 0 0 0 1 6 1 0 1 4 2 0 5 -1 -1 -1 -1 -1 -1 105398 0 15 40 15 10.8333 2 5 2 3
0 0 0 0 1 6 1 0 1 4 2 0 5 -1 -1 -1 -1 -1 -1 106332 0 15 40 15 12.5 2 5 2 3
0 0 0 0 1 6 1 0 1 4 2 0 5 -1 -1 -1 -1 -1 -1 107132 0 15 40 15 12.5 2 5 2 3
0 0 0 0 1 6 3 0 1 4 2 0 5 6 2 5 0 0 0 107965 0 15 40 15 10.3333 2 4 2 3
0 0 0 0 1 6 1 0 1 4 2 0 5 -1 -1 -1 -1 -1 -1 108798 0 15 40 15 12.5 2 4 2 3
0 0 0 0 1 6 1 0 1 4 2 0 5 -1 -1 -1 -1 -1 -1 109598 0 15 40 15 12.5 2 4 2 3
0 0 0 0 1 6 1 0 1 4 2 0 5 -1 -1 -1 -1 -1 -1 110465 0 15 40 15 12.5 2 4 2 3
0 0 0 0 3 6 1 0 1 4 2 0 5 4 0 6 1 0 0 111265 0 15 40 15 12.5 2 4 2 3
0 0 0 0 1 6 1 0 1 4 2 0 5 -1 -1 -1 -1 -1 -1 112098 0 15 40 15 11 2 4 2 3
0 0 0 0 1 6 1 0 1 4 2 0 5 -1 -1 -1 -1 -1 -1 112898 0 15 40 15 12.5 2 4 2 3
0 0 0 0 1 6 1 0 1 4 2 0 5 -1 -1 -1 -1 -1 -1 113698 0 15 40 15 12.5 2 4 2 3
0 0 0 0 1 3 6 0 1 4 2 0 6 5 3 8 3 0 0 114565 0 15 40 15 12.5 2 5 2 3
0 0 0 0 1 1 6 0 1 4 2 0 6 -1 -1 -1 -1 -1 -1 115365 0 15 40 15 12.5 2 5 2 3
0 0 0 0 1 1 6 0 1 4 2 0 6 -1 -1 -1 -1 -1 -1 116198 0 15 40 15 10.8333 2 5 2 3
0 0 0 0 1 6 1 0 1 4 2 0 5 -1 -1 -1 -1 -1 -1 117165 0 15 40 15 12.5 2 5 2 3
0 0 0 0 1 7 1 0 1 4 2 0 5 5 0 6 1 1 1 117965 0 15 40 15 12.5 2 5 2 3
0 0 0 0 1 6 1 0 1 4 2 0 5 -1 -1 -1 -1 -1 -1 118765 0 15 40 15 12.5 2 5 2 3
0 0 0 0 1 1 6 0 1 4 2 0 6 -1 -1 -1 -1 -1 -1 119565 0 15 40 15 12.5 2 5 2 3
0 0 0 0 1 1 6 0 1 4 2 0 6 -1 -1 -1 -1 -1 -1 120365 0 15 40 15 12 2 5 2 3
0 0 0 0 1 3 6 0 1 4 2 0 6 5 2 5 0 0 0 121265 0 15 40 15 12.5 2 6 2 3
0 0 0 0 1 6 1 0 1 4 2 0 5 -1 -1 -1 -1 -1 -1 122065 0 15 40 15 12.5 2 6 2 3
0 0 0 0 6 1 1 0 1 4 2 0 4 -1 -1 -1 -1 -1 -1 122865 0 15 40 15 12.5 2 6 2 3
0 0 0 0 6 1 1 0 1 4 2 0 4 -1 -1 -1 -1 -1 -1 123665 0 15 40 15 12.5 2 6 2 3
0 0 0 0 7 1 1 0 1 4 2 0 4 4 0 6 1 1 1 124465 0 15 40 15 11.3333 2 8 0 3
0 0 0 0 6 1 1 0 1 4 2 0 4 -1 -1 -1 -1 -1 -1 125265 0 15 40 16 13 2 8 0 3
0 0 0 0 6 1 1 0 1 4 2 0 4 -1 -1 -1 -1 -1 -1 126031 0 15 40 16 13 2 8 0 3
0 0 0 0 1 6 1 0 1 4 2 0 5 -1 -1 -1 -1 -1 -1 126798 0 15 40 16 13 2 8 0 3
0 0 0 0 1 7 1 0 1 4 2 0 5 5 2 5 0 1 1 127565 0 15 40 16 13 2 6 2 3
0 0 0 0 1 6 1 0 1 4 2 0 5 -1 -1 -1 -1 -1 -1 128331 0 15 40 16 13 2 6 2 3
0 0 0 0 1 6 1 0 1 4 2 0 5 -1 -1 -1 -1 -1 -1 129098 0 15 40 16 13 2 6 2 3
0 0 0 0 1 6 1 0 1 4 2 0 5 -1 -1 -1 -1 -1 -1 129865 0 15 40 16 13 2 6 2 3
0 0 0 0 3 6 1 0 1 4 2 0 5 4 3 8 3 0 0 130532 0 15 40 16 16.25 2 5 2 3
0 0 0 0 1 6 1 0 1 4 2 0 5 -1 -1 -1 -1 -1 -1 131132 0 15 40 16 16.25 2 5 2 3
0 0 0 0 6 1 1 0 1 4 2 0 4 -1 -1 -1 -1 -1 -1 131765 0 15 40 16 14.95 2 5 2 3
0 0 0 0 6 1 1 0 1 4 2 0 4 -1 -1 -1 -1 -1 -1 132432 0 15 40 16 16.25 2 5 2 3
0 0 0 0 6 3 1 0 1 4 2 0 4 5 0 6 1 0 0 133032 0 15 40 16 16.25 2 4 2 3
0 0 0 0 6 1 1 0 1 4 2 0 4 -1 -1 -1 -1 -1 -1 133666 0 15 40 16 15.8167 2 4 2 3
0 0 0 0 1 6 1 0 1 4 2 0 5 -1 -1 -1 -1 -1 -1 134266 0 15 40 16 16.25 2 4 2 3
0 0 0 0 1 6 1 0 1 4 2 0 5 -1 -1 -1 -1 -1 -1 134899 0 15 40 16 16.25 2 4 2 3
0 0 0 1 3 6 1 1 1 4 2 0 5 4 2 5 0 0 0 135499 0 15 40 16 14.95 2 4 2 5
0 0 0 1 1 6 1 1 1 4 2 0 5 -1 -1 -1 -1 -1 -1 136266 0 15 40 16 13 2 4 2 5
0 0 0 1 1 6 1 1 1 4 2 0 5 -1 -1 -1 -1 -1 -1 136866 0 15 40 16 16.25 2 4 2 5
0 0 0 1 1 6 1 1 1 4 2 0 5 -1 -1 -1 -1 -1 -1 137500 0 15 40 16 16.25 2 4 2 5
0 0 0 1 3 6 1 1 1 4 2 0 5 4 1 7 2 0 0 138133 0 15 40 16 14.0833 2 5 2 5
0 0 0 1 1 1 6 1 1 4 2 1 6 -1 -1 -1 -1 -1 -1 138900 0 15 40 16 13 2 5 2 5
0 0 0 1 1 1 6 1 1 4 2 1 6 -1 -1 -1 -1 -1 -1 139567 0 15 40 16 16.25 2 5 2 5
0 0 0 1 1 1 6 1 1 4 2 1 6 -1 -1 -1 -1 -1 -1 140200 0 15 40 16 16.25 2 5 2 5
0 0 0 1 1 1 7 1 1 4 2 1 6 6 2 5 0 1 1 140801 0 15 40 16 15.8167 2 5 2 5
0 0 0 1 1 1 6 1 1 4 2 1 6 -1 -1 -1 -1 -1 -1 141401 0 15 40 17 16 2 5 2 5
0 0 0 1 1 6 1 1 1 4 2 1 5 -1 -1 -1 -1 -1 -1 142034 0 15 40 17 16 2 5 2 5
0 0 0 1 1 6 1 1 1 4 2 1 5 -1 -1 -1 -1 -1 -1 142568 0 15 40 17 20 2 5 2 5
0 0 0 1 1 6 3 1 1 4 2 1 5 6 0 6 1 0 0 143068 0 15 40 17 20 2 6 2 5
0 0 0 1 1 6 1 1 1 4 2 1 5 -1 -1 -1 -1 -1 -1 143568 0 15 40 17 20 2 6 2 5
0 0 0 1 1 6 1 1 1 4 2 1 5 -1 -1 -1 -1 -1 -1 144101 0 15 40 17 16.5333 2 6 2 5
0 0 0 1 1 6 1 1 1 4 2 1 5 -1 -1 -1 -1 -1 -1 144668 0 15 40 17 20 2 6 2 5
0 0 0 1 1 6 1 3 1 4 2 1 5 7 1 7 2 0 0 145168 0 15 40 17 20 2 8 0 5
0 0 0 1 1 6 1 1 1 4 2 1 5 -1 -1 -1 -1 -1 -1 145668 0 15 40 17 20 2 8 0 5
0 0 0 1 1 6 1 1 1 4 2 1 5 -1 -1 -1 -1 -1 -1 146168 0 15 40 17 18.1333 2 8 0 5
0 0 0 1 1 6 1 1 1 4 2 1 5 -1 -1 -1 -1 -1 -1 146669 0 15 40 17 20 2 8 0 5
0 0 0 1 1 7 1 1 1 4 2 1 5 5 0 6 1 1 1 147169 0 15 40 17 20 2 6 2 5
0 0 0 1 1 6 1 1 1 4 2 1 5 -1 -1 -1 -1 -1 -1 147669 0 15 40 17 20 2 6 2 5
0 0 0 1 1 6 1 1 1 4 2 1 5 -1 -1 -1 -1 -1 -1 148169 0 15 40 17 20 2 6 2 5
0 0 0 1 1 6 1 1 1 4 2 1 5 -1 -1 -1 -1 -1 -1 148669 0 15 40 17 20 2 6 2 5
0 0 0 1 1 8 2 1 1 4 2 1 5 6 1 7 2 1 0 149169 0 15 40 17 20 2 5 2 5
0 0 0 1 1 6 1 1 1 4 2 1 5 -1 -1 -1 -1 -1 -1 149803 0 15 40 16 14.3 2 5 2 5
0 0 0 1 1 6 1 1 1 4 2 1 5 -1 -1 -1 -1 -1 -1 150436 0 15 40 16 16.25 2 5 2 5
0 0 0 1 1 6 1 1 1 4 2 1 5 -1 -1 -1 -1 -1 -1 151069 0 15 40 16 16.25 2 5 2 5
0 0 0 1 1 7 1 1 1 4 2 1 5 5 0 6 1 1 1 151670 0 15 40 16 15.1667 2 4 2 5
0 0 0 1 1 6 1 1 1 4 2 1 5 -1 -1 -1 -1 -1 -1 152370 0 15 40 16 16.25 2 4 2 5
0 0 0 1 1 6 1 1 1 4 2 1 5 -1 -1 -1 -1 -1 -1 152970 0 15 40 16 16.25 2 4 2 5
0 0 0 1 1 6 1 1 1 4 2 1 5 -1 -1 -1 -1 -1 -1 153603 0 15 40 16 16.25 2 4 2 5
0 0 0 1 1 6 3 1 1 4 2 1 5 6 2 5 0 0 0 154270 0 15 40 16 16.25 2 4 2 5
0 0 0 1 1 6 1 1 1 4 2 1 5 -1 -1 -1 -1 -1 -1 154870 0 15 40 16 16.25 2 4 2 5
0 0 0 1 6 1 1 1 1 4 2 1 4 -1 -1 -1 -1 -1 -1 155504 0 15 40 16 16.25 2 4 2 5
0 0 0 1 6 1 1 1 1 4 2 1 4 -1 -1 -1 -1 -1 -1 156137 0 15 40 16 16.25 2 4 2 5
0 0 0 1 8 1 1 1 1 4 2 1 4 4 1 7 2 0 1 156771 0 15 40 16 16.25 2 5 2 5
0 0 0 1 1 6 1 1 1 4 2 1 5 -1 -1 -1 -1 -1 -1 157538 0 15 40 15 12.5 2 5 2 5
0 0 0 1 1 6 1 1 1 4 2 1 5 -1 -1 -1 -1 -1 -1 158338 0 15 40 15 12.5 2 5 2 5
0 0 0 1 1 6 1 1 1 4 2 1 5 -1 -1 -1 -1 -1 -1 159138 0 15 40 15 12.5 2 5 2 5
0 0 0 1 1 6 3 1 1 4 2 1 5 6 3 8 3 0 0 159938 0 15 40 15 12.5 2 5 2 5
0 0 0 1 1 6 1 1 1 4 2 1 5 -1 -1 -1 -1 -1 -1 160738 0 15 40 15 12.5 2 5 2 5
0 0 0 1 1 6 1 1 1 4 2 1 5 -1 -1 -1 -1 -1 -1 161605 0 15 40 15 10 2 5 2 5
0 0 0 1 1 6 1 1 1 4 2 1 5 -1 -1 -1 -1 -1 -1 162605 0 15 40 15 10 2 5 2 5
0 0 0 1 3 6 1 1 1 4 2 1 5 4 2 5 0 0 0 163405 0 15 40 15 12.5 2 6 2 5
0 0 0 1 1 6 1 1 1 4 2 1 5 -1 -1 -1 -1 -1 -1 164206 0 15 40 15 12.5 2 6 2 5
0 0 0 1 1 6 1 1 1 4 2 1 5 -1 -1 -1 -1 -1 -1 165072 0 15 40 15 12.5 2 6 2 5
0 0 0 1 1 6 1 1 1 4 2 1 5 -1 -1 -1 -1 -1 -1 165873 0 15 40 15 12.5 2 6 2 5
0 0 0 3 1 6 1 1 1 4 2 1 5 3 1 7 2 0 0 166673 0 15 40 15 12.5 2 8 0 5
0 0 0 1 1 6 1 1 1 4 2 2 5 -1 -1 -1 -1 -1 -1 167473 0 15 40 15 12.5 2 8 0 5
0 0 0 1 1 6 1 1 1 4 2 2 5 -1 -1 -1 -1 -1 -1 168306 0 15 40 15 10.6667 2 8 0 5
0 0 0 1 1 6 1 1 1 4 2 2 5 -1 -1 -1 -1 -1 -1 169273 0 15 40 15 12.5 2 8 0 5
0 0 0 1 3 6 1 1 1 4 2 2 5 4 0 6 1 0 0 170074 0 15 40 15 12.5 2 6 2 5
0 0 0 1 1 6 1 1 1 4 2 2 5 -1 -1 -1 -1 -1 -1 170874 0 15 40 15 11.3333 2 6 2 5
0 0 0 1 4 6 1 1 1 4 2 2 5 -1 -1 -1 -1 -1 -1 171741 1 15 40 15 12.5 2 6 2 5
0 0 0 1 1 6 1 1 1 4 2 2 5 -1 -1 -1 -1 -1 -1 172541 0 15 40 15 12.5 2 6 2 5
0 0 0 1 3 6 1 1 1 4 2 2 5 4 3 8 3 0 0 173374 0 15 40 15 12.5 2 5 2 5
0 0 0 1 6 1 1 1 1 4 2 2 4 -1 -1 -1 -1 -1 -1 174174 0 15 40 15 12.5 2 5 2 5
0 0 0 1 6 4 1 1 1 4 2 2 4 -1 -1 -1 -1 -1 -1 174975 1 15 40 15 12.5 2 5 2 5
0 0 0 1 1 6 1 1 1 4 2 2 5 -1 -1 -1 -1 -1 -1 175775 0 15 40 15 12.5 2 5 2 5
0 0 0 1 1 6 3 1 1 4 2 2 5 6 1 7 2 0 0 176575 0 15 40 15 12.5 2 4 2 5
0 0 0 1 1 6 1 1 1 4 2 2 5 -1 -1 -1 -1 -1 -1 177375 0 15 40 15 12.5 2 4 2 5
0 0 0 4 6 1 1 1 1 4 2 2 4 -1 -1 -1 -1 -1 -1 178175 1 15 40 15 11 2 4 2 5
0 0 0 1 6 1 1 1 1 4 2 2 4 -1 -1 -1 -1 -1 -1 179009 0 15 40 15 12.5 2 4 2 5
0 0 0 1 7 1 1 1 1 4 2 2 4 4 3 8 3 1 1 179809 0 15 40 15 12.1667 2 4 2 5
0 0 0 1 6 1 1 1 1 4 2 2 4 -1 -1 -1 -1 -1 -1 180642 0 15 40 15 12.5 2 4 2 5
0 0 0 1 6 1 1 4 1 4 2 2 4 -1 -1 -1 -1 -1 -1 181443 1 15 40 15 12.5 2 4 2 5
0 0 0 1 6 1 1 1 1 4 2 2 4 -1 -1 -1 -1 -1 -1 182243 0 15 40 15 12.5 2 4 2 5
0 0 0 1 6 3 1 1 1 4 2 2 4 5 0 6 1 0 0 183043 0 15 40 15 12.5 2 5 2 5
0 0 0 1 6 1 1 1 1 4 2 2 4 -1 -1 -1 -1 -1 -1 183876 0 15 40 15 10.3333 2 5 2 5
0 0 0 1 6 1 1 4 1 4 2 2 4 -1 -1 -1 -1 -1 -1 184710 1 15 40 15 12.5 2 5 2 5
0 0 0 6 1 1 1 1 1 4 2 2 3 -1 -1 -1 -1 -1 -1 185510 0 15 40 15 12.5 2 5 2 5
0 0 0 6 1 3 1 1 1 4 2 2 3 5 1 7 2 0 0 186344 0 15 40 15 12.5 2 5 2 5
0 0 0 6 1 1 1 1 1 4 2 2 3 -1 -1 -1 -1 -1 -1 187144 0 15 40 15 12.5 2 5 2 5
0 0 0 6 4 1 1 1 1 4 2 2 3 -1 -1 -1 -1 -1 -1 188011 1 15 40 15 10 2 5 2 5
0 0 0 6 1 1 1 1 1 4 2 2 3 -1 -1 -1 -1 -1 -1 188811 0 15 40 15 12.5 2 5 2 5
0 0 0 7 1 1 1 1 1 4 2 2 3 3 0 6 1 1 1 189611 0 15 40 15 12.5 2 6 2 5
0 0 0 6 1 1 1 1 1 4 2 2 3 -1 -1 -1 -1 -1 -1 190345 0 15 40 16 13 2 6 2 5
0 0 0 6 1 4 1 1 1 4 2 2 3 -1 -1 -1 -1 -1 -1 190978 1 15 40 16 16.25 2 6 2 5
0 0 0 1 6 1 1 1 1 4 2 2 4 -1 -1 -1 -1 -1 -1 191578 0 15 40 16 16.25 2 6 2 5
0 0 0 1 7 1 1 1 1 4 2 2 4 4 1 7 2 1 1 192212 0 15 40 16 16.25 2 8 0 5
0 0 0 1 1 6 1 1 1 4 2 2 5 -1 -1 -1 -1 -1 -1 192812 0 15 40 16 16.25 2 8 0 5
0 0 0 1 4 6 1 1 1 4 2 2 5 -1 -1 -1 -1 -1 -1 193445 1 15 40 16 16.25 2 8 0 5
0 0 0 1 1 6 1 1 1 4 2 2 5 -1 -1 -1 -1 -1 -1 194145 0 15 40 16 13 2 8 0 5
0 0 0 1 1 6 3 1 1 4 2 2 5 6 2 5 0 0 0 194912 0 15 40 16 16.25 2 6 2 5
0 0 0 1 1 6 1 1 1 4 2 2 5 -1 -1 -1 -1 -1 -1 195512 0 15 40 16 16.25 2 6 2 5
0 0 0 1 4 6 1 1 1 4 2 2 5 -1 -1 -1 -1 -1 -1 196146 1 15 40 16 16.25 2 6 2 5
0 0 0 1 6 1 1 1 1 4 2 2 4 -1 -1 -1 -1 -1 -1 196779 0 15 40 16 13.65 2 6 2 5
0 0 0 1 6 3 1 1 1 4 2 2 4 5 3 8 3 0 0 197446 0 15 40 16 16.25 2 5 2 5
0 0 0 1 6 1 1 1 1 4 2 2 4 -1 -1 -1 -1 -1 -1 198080 0 15 40 16 16.25 2 5 2 5
0 0 0 1 1 6 1 4 1 4 2 2 5 -1 -1 -1 -1 -1 -1 198680 1 15 40 16 15.6 2 5 2 5
0 0 0 1 1 1 6 1 1 4 2 2 6 -1 -1 -1 -1 -1 -1 199380 0 15 40 16 16.25 2 5 2 5
0 0 0 3 1 1 6 1 1 4 2 2 6 3 0 6 1 0 0 199980 0 15 40 16 16.25 2 4 2 5
0 0 0 1 1 1 6 1 1 4 2 2 6 -1 -1 -1 -1 -1 -1 200613 0 15 40 16 16.25 2 4 2 5
0 0 0 1 1 4 6 1 1 4 2 2 6 -1 -1 -1 -1 -1 -1 201280 1 15 40 16 13 2 4 2 5
0 0 0 1 1 1 6 1 1 4 2 2 6 -1 -1 -1 -1 -1 -1 201880 0 15 40 16 16.25 2 4 2 5
0 0 0 1 1 3 6 1 1 4 2 2 6 5 1 7 2 0 0 202514 0 15 40 16 16.25 2 4 2 5
0 0 0 1 1 1 6 1 1 4 2 2 6 -1 -1 -1 -1 -1 -1 203147 0 15 40 16 14.0833 2 4 2 5
0 0 0 1 1 1 6 4 1 4 2 2 6 -1 -1 -1 -1 -1 -1 203914 1 15 40 16 13 2 4 2 5
0 0 0 1 1 1 6 1 1 4 2 2 6 -1 -1 -1 -1 -1 -1 204614 0 15 40 16 16.25 2 4 2 5
0 0 0 1 1 1 7 1 1 4 2 2 6 6 0 6 1 1 1 205214 0 15 40 16 16.25 2 5 2 5
0 0 0 1 1 6 1 1 1 4 2 2 5 -1 -1 -1 -1 -1 -1 205714 0 15 40 17 20 2 5 2 5
0 0 0 1 1 6 4 1 1 4 2 2 5 -1 -1 -1 -1 -1 -1 206248 1 15 40 17 20 2 5 2 5
0 0 0 1 1 6 1 1 1 4 2 2 5 -1 -1 -1 -1 -1 -1 206748 0 15 40 17 20 2 5 2 5
0 0 0 1 1 1 6 3 1 4 2 2 6 7 2 5 0 0 0 207248 0 15 40 17 20 2 5 2 5
0 0 0 1 1 1 6 1 1 4 2 2 6 -1 -1 -1 -1 -1 -1 207748 0 15 40 17 18.6667 2 5 2 5
0 0 0 1 4 1 6 1 1 4 2 2 6 -1 -1 -1 -1 -1 -1 208348 1 15 40 17 16 2 5 2 5
0 0 0 1 1 1 6 1 1 4 2 2 6 -1 -1 -1 -1 -1 -1 208982 0 15 40 17 20 2 5 2 5
0 0 0 1 1 1 7 1 1 4 2 2 6 6 0 6 1 1 1 209449 0 15 40 17 20 2 6 2 5
0 0 0 1 1 1 6 1 1 4 2 2 6 -1 -1 -1 -1 -1 -1 209949 0 15 40 17 20 2 6 2 5
0 0 0 1 4 6 1 1 1 4 2 2 5 -1 -1 -1 -1 -1 -1 210482 1 15 40 17 19.7333 2 6 2 5
0 0 0 1 1 6 1 1 1 4 2 2 5 -1 -1 -1 -1 -1 -1 210982 0 15 40 17 20 2 6 2 5
0 0 0 1 1 6 3 1 1 4 2 2 5 6 1 7 2 0 0 211482 0 15 40 17 20 2 8 0 5
0 0 0 1 1 6 1 1 1 4 2 2 5 -1 -1 -1 -1 -1 -1 211982 0 15 40 17 20 2 8 0 5
0 0 0 1 1 6 4 1 1 4 2 2 5 -1 -1 -1 -1 -1 -1 212483 1 15 40 17 17.3333 2 8 0 5
0 0 0 1 1 1 6 1 1 4 2 2 6 -1 -1 -1 -1 -1 -1 213116 0 15 40 17 16 2 8 0 5
0 0 0 1 1 3 6 1 1 4 2 2 6 5 3 8 3 0 0 213650 0 15 40 17 20 2 6 2 5
0 0 0 1 1 1 6 1 1 4 2 2 6 -1 -1 -1 -1 -1 -1 214150 0 15 40 17 20 2 6 2 5
0 0 0 1 4 6 1 1 1 4 2 2 5 -1 -1 -1 -1 -1 -1 214650 1 15 40 17 20 2 6 2 5
0 0 0 1 1 6 1 1 1 4 2 2 5 -1 -1 -1 -1 -1 -1 215183 0 15 40 17 20 2 6 2 5
0 0 0 1 1 6 3 1 1 4 2 2 5 6 2 5 0 0 0 215683 0 15 40 17 20 2 5 2 5
0 0 0 1 1 6 1 1 1 4 2 2 5 -1 -1 -1 -1 -1 -1 216183 0 15 40 17 20 2 5 2 5
0 0 0 4 1 1 6 1 1 4 2 2 6 -1 -1 -1 -1 -1 -1 216683 1 15 40 17 19.2 2 5 2 5
0 0 0 1 1 1 6 1 1 4 2 2 6 -1 -1 -1 -1 -1 -1 217184 0 15 40 17 20 2 5 2 5
0 0 0 1 1 1 7 1 1 4 2 2 6 6 3 8 3 1 1 217684 0 15 40 17 20 2 4 2 5
0 0 0 1 1 1 6 1 1 4 2 2 6 -1 -1 -1 -1 -1 -1 218117 0 15 40 18 23.75 2 4 2 5
0 0 0 1 4 6 1 1 1 4 2 2 5 -1 -1 -1 -1 -1 -1 218551 1 15 40 18 22.8 2 4 2 5
0 0 0 1 1 6 1 1 1 4 2 2 5 -1 -1 -1 -1 -1 -1 218984 0 15 40 18 23.75 2 4 2 5
0 0 0 1 1 6 3 1 1 4 2 2 5 6 1 7 2 0 0 219417 0 15 40 18 23.75 2 4 2 5
0 0 0 1 1 6 1 1 1 4 2 2 5 -1 -1 -1 -1 -1 -1 219851 0 15 40 18 23.75 2 4 2 5
0 0 0 1 1 6 4 1 1 4 2 2 5 -1 -1 -1 -1 -1 -1 220251 1 15 40 18 23.75 2 4 2 5
0 0 0 1 1 6 1 1 1 4 2 2 5 -1 -1 -1 -1 -1 -1 220718 0 15 40 18 23.75 2 4 2 5
0 0 0 1 3 6 1 1 1 4 2 2 5 4 0 6 1 0 0 221118 0 15 40 18 23.75 2 5 2 5
0 0 0 1 1 6 1 1 1 4 2 2 5 -1 -1 -1 -1 -1 -1 221551 0 15 40 18 23.75 2 5 2 5
0 0 0 1 1 6 1 4 1 4 2 2 5 -1 -1 -1 -1 -1 -1 221951 1 15 40 18 23.75 2 5 2 5
0 0 0 0 1 6 1 0 2 0 3 0 5 -1 -1 -1 -1 -1 -1 227953 0 15 15 15 60 2 8 0 3
0 0 0 0 1 6 1 0 2 0 3 0 5 -1 -1 -1 -1 -1 -1 228119 0 15 15 15 60 2 8 0 3
0 0 0 0 1 6 1 0 2 0 3 0 5 -1 -1 -1 -1 -1 -1 228286 0 15 15 15 60 2 5 2 3
0 0 0 0 1 6 1 0 2 0 3 0 5 -1 -1 -1 -1 -1 -1 228453 0 15 15 15 50 2 5 2 3
0 0 0 0 1 6 1 0 2 0 3 0 5 -1 -1 -1 -1 -1 -1 228753 0 15 15 15 22 2 5 2 3
0 0 0 0 1 6 1 0 2 0 3 0 5 -1 -1 -1 -1 -1 -1 229486 0 15 15 15 12.5 2 5 2 3
0 0 0 0 1 6 1 0 2 0 3 0 5 -1 -1 -1 -1 -1 -1 230286 0 15 15 15 11.6667 2 5 2 3
0 0 0 0 1 6 1 0 2 0 3 0 5 -1 -1 -1 -1 -1 -1 231187 0 15 15 15 12.5 2 5 2 3
0 0 0 0 1 6 1 0 2 0 3 0 5 -1 -1 -1 -1 -1 -1 231987 0 15 15 15 12.5 2 5 2 3
0 0 0 0 1 6 1 0 2 0 3 0 5 -1 -1 -1 -1 -1 -1 232820 0 15 15 15 10 2 5 2 3
0 0 0 0 3 6 1 0 2 0 3 0 5 4 1 4 2 0 0 233654 0 15 15 15 12.5 2 5 2 3
0 0 0 0 1 6 1 0 2 0 3 0 5 -1 -1 -1 -1 -1 -1 234454 0 15 15 15 12.1667 2 5 2 3
0 0 0 0 1 6 1 0 2 0 3 0 5 -1 -1 -1 -1 -1 -1 235287 0 15 15 15 12.5 2 5 2 3
0 0 0 0 1 6 1 0 2 0 3 0 5 -1 -1 -1 -1 -1 -1 236088 0 15 15 15 12.5 2 5 2 3
0 0 0 0 3 6 1 0 2 0 3 0 5 4 0 4 1 0 0 236921 0 15 15 15 12.5 2 6 2 3
0 0 0 0 6 1 1 0 2 0 3 0 4 -1 -1 -1 -1 -1 -1 237721 0 15 15 15 12.5 2 6 2 3
0 0 0 0 6 1 1 0 2 0 3 0 4 -1 -1 -1 -1 -1 -1 238521 0 15 15 15 12.5 2 6 2 3
0 0 0 0 6 1 1 0 2 0 3 0 4 -1 -1 -1 -1 -1 -1 239322 0 15 15 15 12.5 2 6 2 3
0 0 0 0 6 3 1 0 2 0 3 0 4 5 1 4 2 0 0 240122 0 15 15 15 11.5 2 4 2 3
0 0 0 0 6 1 1 0 2 0 3 0 4 -1 -1 -1 -1 -1 -1 240955 0 15 15 15 12.5 2 4 2 3
0 0 0 0 1 6 1 0 2 0 3 0 5 -1 -1 -1 -1 -1 -1 241756 0 15 15 15 12.5 2 4 2 3
0 0 0 0 1 6 1 0 2 0 3 0 5 -1 -1 -1 -1 -1 -1 242656 0 15 15 15 10 2 4 2 3
0 0 0 0 1 6 3 0 2 0 3 0 5 6 0 4 1 0 0 243589 0 15 15 15 12.5 2 5 2 3
0 0 0 0 1 6 1 0 2 0 3 0 5 -1 -1 -1 -1 -1 -1 244389 0 15 15 15 12.5 2 5 2 3
0 0 0 0 1 6 1 0 2 0 3 0 5 -1 -1 -1 -1 -1 -1 245190 0 15 15 15 12.5 2 5 2 3
0 0 0 0 1 1 6 0 2 0 3 0 6 -1 -1 -1 -1 -1 -1 245990 0 15 15 15 12.5 2 5 2 3
0 0 0 0 1 3 6 0 2 0 3 0 6 5 3 4 3 0 0 246823 0 15 15 15 10 2 6 2 3
0 0 0 0 1 6 1 0 2 0 3 0 5 -1 -1 -1 -1 -1 -1 247657 0 15 15 15 12.5 2 6 2 3
0 0 0 0 1 6 1 0 2 0 3 0 5 -1 -1 -1 -1 -1 -1 248457 0 15 15 15 12.5 2 6 2 3
0 0 0 0 1 6 1 0 2 0 3 0 5 -1 -1 -1 -1 -1 -1 249257 0 15 15 15 12.5 2 6 2 3
0 0 0 0 1 7 1 0 2 0 3 0 5 5 1 4 2 1 1 250057 0 15 15 15 12 2 8 0 3
0 0 0 0 6 1 1 0 2 0 3 0 4 -1 -1 -1 -1 -1 -1 250991 0 15 15 15 10 2 8 0 3
0 0 0 0 6 1 1 0 2 0 3 0 4 -1 -1 -1 -1 -1 -1 251858 0 15 15 15 12.5 2 8 0 3
0 0 0 0 6 1 1 0 2 0 3 0 4 -1 -1 -1 -1 -1 -1 252658 0 15 15 15 12.5 2 8 0 3
0 0 0 0 7 1 1 0 2 0 3 0 4 4 0 4 1 1 1 253558 0 15 15 15 10 2 5 2 3
0 0 0 0 1 6 1 0 2 0 3 0 5 -1 -1 -1 -1 -1 -1 254392 0 15 15 15 12.5 2 5 2 3
0 0 0 0 1 6 1 0 2 0 3 0 5 -1 -1 -1 -1 -1 -1 255192 0 15 15 15 12.5 2 5 2 3
0 0 0 0 1 6 1 0 2 0 3 0 5 -1 -1 -1 -1 -1 -1 256125 0 15 15 15 10 2 5 2 3
0 0 0 0 1 6 3 0 2 0 3 0 5 6 2 4 0 0 0 256925 0 15 15 15 12.5 2 5 2 3
0 0 0 0 1 6 1 0 2 0 3 0 5 -1 -1 -1 -1 -1 -1 257725 0 15 15 15 12.5 2 5 2 3
0 0 0 0 1 6 1 0 2 0 3 0 5 -1 -1 -1 -1 -1 -1 258525 0 15 15 15 12.5 2 5 2 3
0 0 0 0 1 6 1 0 2 0 3 0 5 -1 -1 -1 -1 -1 -1 259324 0 15 15 15 12.5 2 5 2 3
0 0 0 0 3 6 1 0 2 0 3 0 5 4 3 4 3 0 0 260224 0 15 15 15 12.5 2 5 2 3
0 0 0 0 1 6 1 0 2 0 3 0 5 -1 -1 -1 -1 -1 -1 261024 0 15 15 15 12.5 2 5 2 3
0 0 0 0 1 6 1 0 2 0 3 0 5 -1 -1 -1 -1 -1 -1 261857 0 15 15 15 10.5 2 5 2 3
0 0 0 0 1 6 1 0 2 0 3 0 5 -1 -1 -1 -1 -1 -1 262824 0 15 15 15 10 2 5 2 3
0 0 0 0 7 1 1 0 2 0 3 0 4 4 0 4 1 1 1 263823 0 15 15 15 10 2 6 2 3
0 0 0 0 1 6 1 0 2 0 3 0 5 -1 -1 -1 -1 -1 -1 264823 0 15 15 15 10 2 6 2 3
0 0 0 0 1 6 1 0 2 0 3 0 5 -1 -1 -1 -1 -1 -1 265656 0 15 15 15 12.5 2 6 2 3
0 0 0 0 1 6 1 0 2 0 3 0 5 -1 -1 -1 -1 -1 -1 266456 0 15 15 15 12.5 2 6 2 3
0 0 0 0 3 6 1 0 2 0 3 0 5 4 3 4 3 0 0 267256 0 15 15 15 12.5 2 4 2 3
0 0 0 0 1 6 1 0 2 0 3 0 5 -1 -1 -1 -1 -1 -1 268056 0 15 15 15 12.5 2 4 2 3
0 0 0 0 1 6 1 0 2 0 3 0 5 -1 -1 -1 -1 -1 -1 268955 0 15 15 15 12.5 2 4 2 3
0 0 0 0 1 6 1 0 2 0 3 0 5 -1 -1 -1 -1 -1 -1 269755 0 15 15 15 12.5 2 4 2 3
0 0 0 0 1 8 1 0 2 0 3 0 5 5 2 4 0 0 1 270555 0 15 15 15 10.6667 2 5 2 3
0 0 0 0 1 6 1 0 2 0 3 0 5 -1 -1 -1 -1 -1 -1 271555 0 15 15 15 12.5 2 5 2 3
0 0 0 0 6 1 1 0 2 0 3 0 4 -1 -1 -1 -1 -1 -1 272355 0 15 15 15 12.5 2 5 2 3
0 0 0 0 6 1 1 0 2 0 3 0 4 -1 -1 -1 -1 -1 -1 273154 0 15 15 15 11.6667 2 5 2 3
0 0 0 0 6 3 1 0 2 0 3 0 4 5 3 4 3 0 0 273988 0 15 15 15 12.5 2 6 2 3
0 0 0 0 6 1 1 0 2 0 3 0 4 -1 -1 -1 -1 -1 -1 274787 0 15 15 15 12.5 2 6 2 3
0 0 0 0 1 6 1 0 2 0 3 0 5 -1 -1 -1 -1 -1 -1 275687 0 15 15 15 10 2 6 2 3
0 0 0 0 1 6 1 0 2 0 3 0 5 -1 -1 -1 -1 -1 -1 276520 0 15 15 15 12.5 2 6 2 3
0 0 0 0 1 6 3 0 2 0 3 0 5 6 0 4 1 0 0 277320 0 15 15 15 12.5 2 8 0 3
0 0 0 0 1 6 1 0 2 0 3 0 5 -1 -1 -1 -1 -1 -1 278120 0 15 15 15 12.5 2 8 0 3
0 0 0 0 1 6 1 0 2 0 3 0 5 -1 -1 -1 -1 -1 -1 278920 0 15 15 15 12.5 2 8 0 3
0 0 0 0 1 6 1 0 2 0 3 0 5 -1 -1 -1 -1 -1 -1 279786 0 15 15 15 12.5 2 8 0 3
0 0 0 0 1 6 3 0 2 0 3 0 5 6 1 4 2 0 0 280586 0 15 15 15 12.5 2 5 2 3
0 0 0 0 6 1 1 0 2 0 3 0 4 -1 -1 -1 -1 -1 -1 281386 0 15 15 15 12 2 5 2 3
0 0 0 0 6 1 1 0 2 0 3 0 4 -1 -1 -1 -1 -1 -1 282285 0 15 15 15 12.5 2 5 2 3
0 0 0 0 6 1 1 0 2 0 3 0 4 -1 -1 -1 -1 -1 -1 283085 0 15 15 15 12.5 2 5 2 3
0 0 0 0 7 1 1 0 2 0 3 0 4 4 3 4 3 1 1 283918 0 15 15 15 10.1667 2 5 2 3
0 0 0 0 1 6 1 0 2 0 3 0 5 -1 -1 -1 -1 -1 -1 284752 0 15 15 15 12.5 2 5 2 3
0 0 0 0 1 6 1 0 2 0 3 0 5 -1 -1 -1 -1 -1 -1 285551 0 15 15 15 12.5 2 5 2 3
0 0 0 0 1 1 6 0 2 0 3 0 6 -1 -1 -1 -1 -1 -1 286484 0 15 15 15 10 2 5 2 3
0 0 0 0 1 3 6 0 2 0 3 0 6 5 2 4 0 0 0 287284 0 15 15 15 12.5 2 5 2 3
0 0 0 0 1 1 6 0 2 0 3 0 6 -1 -1 -1 -1 -1 -1 288084 0 15 15 15 12.1667 2 5 2 3
0 0 0 0 1 6 1 0 2 0 3 0 5 -1 -1 -1 -1 -1 -1 289017 0 15 15 15 12.5 2 5 2 3
0 0 0 0 1 6 1 0 2 0 3 0 5 -1 -1 -1 -1 -1 -1 289817 0 15 15 15 12.5 2 5 2 3
0 0 0 0 1 8 2 0 2 0 3 0 5 6 1 4 2 1 0 290617 0 15 15 15 12 2 6 2 3
0 0 0 0 1 6 1 0 2 0 3 0 5 -1 -1 -1 -1 -1 -1 291450 0 15 15 15 12.5 2 6 2 3
0 0 0 0 1 6 1 0 2 0 3 0 5 -1 -1 -1 -1 -1 -1 292250 0 15 15 15 12.5 2 6 2 3
0 0 0 0 1 1 6 0 2 0 3 0 6 -1 -1 -1 -1 -1 -1 293150 0 15 15 15 10 2 6 2 3
0 0 0 0 1 1 7 0 2 0 3 0 6 6 3 4 3 1 1 293983 0 15 15 15 12.5 2 4 2 3
0 0 0 0 1 1 6 0 2 0 3 0 6 -1 -1 -1 -1 -1 -1 294782 0 15 15 15 12.5 2 4 2 3
0 0 0 0 1 6 1 0 2 0 3 0 5 -1 -1 -1 -1 -1 -1 295716 0 15 15 15 10 2 4 2 3
0 0 0 0 1 6 1 0 2 0 3 0 5 -1 -1 -1 -1 -1 -1 296515 0 15 15 15 12.5 2 4 2 3
0 0 0 0 1 6 3 0 2 0 3 0 5 6 3 4 3 0 0 297315 0 15 15 15 12.1667 2 5 2 3
0 0 0 0 1 6 1 0 2 0 3 0 5 -1 -1 -1 -1 -1 -1 298115 0 15 15 15 12.5 2 5 2 3
0 0 0 0 1 6 1 0 2 0 3 0 5 -1 -1 -1 -1 -1 -1 298915 0 15 15 15 12.5 2 5 2 3
0 0 0 0 1 1 6 0 2 0 3 0 6 -1 -1 -1 -1 -1 -1 299815 0 15 15 15 10 2 5 2 3
0 0 0 0 1 3 6 0 2 0 3 0 6 5 0 4 1 0 0 300814 0 15 15 15 12.5 2 6 2 3
0 0 0 0 1 6 1 0 2 0 3 0 5 -1 -1 -1 -1 -1 -1 301614 0 15 15 15 12.5 2 6 2 3
0 0 0 0 1 6 1 0 2 0 3 0 5 -1 -1 -1 -1 -1 -1 302414 0 15 15 15 11.6667 2 6 2 3
0 0 0 0 1 6 1 0 2 0 3 0 5 -1 -1 -1 -1 -1 -1 303314 0 15 15 15 12.5 2 6 2 3
0 0 0 0 3 6 1 0 2 0 3 0 5 4 1 4 2 0 0 304113 0 15 15 15 12.5 2 8 0 3
0 0 0 0 1 6 1 0 2 0 3 0 5 -1 -1 -1 -1 -1 -1 304913 0 15 15 15 12.5 2 8 0 3
0 0 0 0 1 1 6 0 2 0 3 0 6 -1 -1 -1 -1 -1 -1 305713 0 15 15 15 12.5 2 8 0 3
0 0 0 0 1 1 6 0 2 0 3 0 6 -1 -1 -1 -1 -1 -1 306546 0 15 15 15 10.1667 2 8 0 3
0 0 0 0 1 3 6 0 2 0 3 0 6 5 0 4 1 0 0 307446 0 15 15 15 12.5 2 5 2 3
0 0 0 0 1 1 6 0 2 0 3 0 6 -1 -1 -1 -1 -1 -1 308246 0 15 15 15 12.5 2 5 2 3
0 0 0 0 1 6 1 0 2 0 3 0 5 -1 -1 -1 -1 -1 -1 309046 0 15 15 15 12.5 2 5 2 3
0 0 0 0 1 6 1 0 2 0 3 0 5 -1 -1 -1 -1 -1 -1 309845 0 15 15 15 12.5 2 5 2 3
0 0 0 0 3 6 1 0 2 0 3 0 5 4 2 4 0 0 0 310645 0 15 15 15 12.5 2 5 2 3
0 0 0 0 1 6 1 0 2 0 3 0 5 -1 -1 -1 -1 -1 -1 311445 0 15 15 15 12.5 2 5 2 3
0 0 0 0 1 6 1 0 2 0 3 0 5 -1 -1 -1 -1 -1 -1 312278 0 15 15 15 11.3333 2 5 2 3
0 0 0 0 1 6 1 0 2 0 3 0 5 -1 -1 -1 -1 -1 -1 313111 0 15 15 15 12.5 2 5 2 3
0 0 0 0 3 6 1 0 2 0 3 0 5 4 0 4 1 0 0 313911 0 15 15 15 12.5 2 5 2 3
0 0 0 0 1 6 1 0 2 0 3 0 5 -1 -1 -1 -1 -1 -1 314778 0 15 15 15 12.5 2 5 2 3
0 0 0 0 6 1 1 0 2 0 3 0 4 -1 -1 -1 -1 -1 -1 315577 0 15 15 15 12.5 2 5 2 3
0 0 0 0 6 1 1 0 2 0 3 0 4 -1 -1 -1 -1 -1 -1 316377 0 15 15 15 11.1667 2 5 2 3
0 0 0 0 7 1 1 0 2 0 3 0 4 4 0 4 1 1 1 317177 0 15 15 15 12.5 2 6 2 3
0 0 0 0 1 6 1 0 2 0 3 0 5 -1 -1 -1 -1 -1 -1 317977 0 15 15 15 12.5 2 6 2 3
0 0 0 0 1 6 1 0 2 0 3 0 5 -1 -1 -1 -1 -1 -1 318877 0 15 15 15 12.5 2 6 2 3
0 0 0 0 1 6 1 0 2 0 3 0 5 -1 -1 -1 -1 -1 -1 319676 0 15 15 15 12.5 2 6 2 3
0 0 0 0 1 7 1 0 2 0 3 0 5 5 2 4 0 1 1 320509 0 15 15 15 11.3333 2 4 2 3
0 0 0 1 1 6 1 1 3 1 3 2 5 -1 -1 -1 -1 -1 -1 326208 0 15 15 15 60 2 8 0 5
0 0 0 1 1 6 1 1 3 1 3 2 5 -1 -1 -1 -1 -1 -1 326375 0 15 15 15 60 2 8 0 5
0 0 0 1 1 6 1 1 3 1 3 2 5 -1 -1 -1 -1 -1 -1 326541 0 15 15 15 60 2 4 2 5
0 0 0 1 1 6 1 1 3 1 3 2 5 -1 -1 -1 -1 -1 -1 326708 0 15 15 15 50 2 4 2 5
0 0 0 1 1 1 6 1 3 1 3 2 6 -1 -1 -1 -1 -1 -1 327008 0 15 15 15 20 2 4 2 5
0 0 0 1 1 1 6 1 3 1 3 2 6 -1 -1 -1 -1 -1 -1 327941 0 15 15 15 10 2 4 2 5
0 0 0 1 1 6 1 1 3 1 3 2 5 -1 -1 -1 -1 -1 -1 328941 0 15 15 15 10 2 4 2 5
0 0 0 1 1 1 6 1 3 1 3 2 6 -1 -1 -1 -1 -1 -1 329941 0 15 15 15 10 2 4 2 5
0 0 0 1 1 6 1 1 3 1 3 2 5 -1 -1 -1 -1 -1 -1 330940 0 15 15 15 10 2 4 2 5
0 0 0 1 1 1 6 1 3 1 3 2 6 -1 -1 -1 -1 -1 -1 331940 0 15 15 15 10 2 4 2 5
0 0 0 1 1 1 6 3 3 1 3 2 6 7 4 7 2 0 0 332940 0 15 15 15 10 2 6 2 5
0 0 0 1 1 1 6 1 3 1 3 2 6 -1 -1 -1 -1 -1 -1 333906 0 15 15 15 12.5 2 6 2 5
0 0 0 1 1 4 6 1 3 1 3 2 6 -1 -1 -1 -1 -1 -1 334706 1 15 15 15 12.5 2 6 2 5
0 0 0 1 1 6 1 1 3 1 3 2 5 -1 -1 -1 -1 -1 -1 335539 0 15 15 15 11 2 6 2 5
0 0 0 1 1 6 3 1 3 1 3 2 5 6 4 5 0 0 0 336372 0 15 15 15 12.5 2 4 2 5
0 0 0 1 1 6 1 1 3 1 3 2 5 -1 -1 -1 -1 -1 -1 337172 0 15 15 15 12.5 2 4 2 5
0 0 0 1 4 6 1 1 3 1 3 2 5 -1 -1 -1 -1 -1 -1 338005 1 15 15 15 12.5 2 4 2 5
0 0 0 1 1 6 1 1 3 1 3 2 5 -1 -1 -1 -1 -1 -1 338805 0 15 15 15 12.5 2 4 2 5
0 0 0 1 1 6 3 1 3 1 3 2 5 6 4 5 0 0 0 339605 0 15 15 15 12.5 2 4 2 5
0 0 0 1 1 6 1 1 3 1 3 2 5 -1 -1 -1 -1 -1 -1 340405 0 15 15 15 12.5 2 4 2 5
0 0 0 1 1 6 1 4 3 1 3 2 5 -1 -1 -1 -1 -1 -1 341238 1 15 15 15 10.3333 2 4 2 5
0 0 0 1 1 6 1 1 3 1 3 2 5 -1 -1 -1 -1 -1 -1 342171 0 15 15 15 12.5 2 4 2 5
0 0 0 1 1 6 1 3 3 1 3 2 5 7 4 8 3 0 0 342971 0 15 15 15 12.5 2 6 2 5
0 0 0 1 1 6 1 1 3 1 3 2 5 -1 -1 -1 -1 -1 -1 343770 0 15 15 15 12.5 2 6 2 5
0 0 0 4 1 6 1 1 3 1 3 2 5 -1 -1 -1 -1 -1 -1 344570 1 15 15 15 12.5 2 6 2 5
0 0 0 1 1 6 1 1 3 1 3 2 5 -1 -1 -1 -1 -1 -1 345403 0 15 15 15 11 2 6 2 5
0 0 0 1 1 6 3 1 3 1 3 2 5 6 4 6 1 0 0 346237 0 15 15 15 12.5 2 6 2 5
0 0 0 1 1 6 1 1 3 1 3 2 5 -1 -1 -1 -1 -1 -1 347036 0 15 15 15 12.5 2 6 2 5
0 0 0 4 1 6 1 1 3 1 3 2 5 -1 -1 -1 -1 -1 -1 347936 1 15 15 15 10 2 6 2 5
0 0 0 1 1 1 6 1 3 1 3 2 6 -1 -1 -1 -1 -1 -1 348869 0 15 15 15 12.5 2 6 2 5
0 0 0 1 1 3 6 1 3 1 3 2 6 5 4 7 2 0 0 349669 0 15 15 15 12.5 2 8 0 5
0 0 0 1 1 1 6 1 3 1 3 2 6 -1 -1 -1 -1 -1 -1 350469 0 15 15 15 12.5 2 8 0 5
0 0 0 4 1 1 6 1 3 1 3 2 6 -1 -1 -1 -1 -1 -1 351269 1 15 15 15 12.5 2 8 0 5
0 0 0 1 1 6 1 1 3 1 3 2 5 -1 -1 -1 -1 -1 -1 352102 0 15 15 15 10.3333 2 8 0 5
0 0 0 1 3 6 1 1 3 1 3 2 5 4 4 6 1 0 0 353002 0 15 15 15 12.5 2 4 2 5
0 0 0 1 1 6 1 1 3 1 3 2 5 -1 -1 -1 -1 -1 -1 353801 0 15 15 15 12.5 2 4 2 5
0 0 0 1 4 1 6 1 3 1 3 2 6 -1 -1 -1 -1 -1 -1 354668 1 15 15 15 10 2 4 2 5
0 0 0 1 1 6 1 1 3 1 3 2 5 -1 -1 -1 -1 -1 -1 355668 0 15 15 15 10 2 4 2 5
0 0 0 1 1 1 7 1 3 1 3 2 6 6 4 6 1 1 1 356667 0 15 15 15 10 2 4 2 5
0 0 0 1 1 1 6 1 3 1 3 2 6 -1 -1 -1 -1 -1 -1 357600 0 15 15 15 12.5 2 4 2 5
0 0 0 1 4 1 6 1 3 1 3 2 6 -1 -1 -1 -1 -1 -1 358400 1 15 15 15 12.5 2 4 2 5
0 0 0 1 1 1 6 1 3 1 3 2 6 -1 -1 -1 -1 -1 -1 359233 0 15 15 15 10.5 2 4 2 5
0 0 0 1 1 1 7 1 3 1 3 2 6 6 4 7 2 1 1 360100 0 15 15 15 12.5 2 6 2 5
0 0 0 1 1 1 6 1 3 1 3 2 6 -1 -1 -1 -1 -1 -1 360900 0 15 15 15 12.5 2 6 2 5
0 0 0 1 1 4 6 1 3 1 3 2 6 -1 -1 -1 -1 -1 -1 361766 1 15 15 15 10 2 6 2 5
0 0 0 1 1 1 6 1 3 1 3 2 6 -1 -1 -1 -1 -1 -1 362599 0 15 15 15 12.5 2 6 2 5
0 0 0 1 1 3 6 1 3 1 3 2 6 5 4 5 0 0 0 363399 0 15 15 15 12.5 2 4 2 5
0 0 0 1 1 1 6 1 3 1 3 2 6 -1 -1 -1 -1 -1 -1 364199 0 15 15 15 12.5 2 4 2 5
0 0 0 1 1 4 6 1 3 1 3 2 6 -1 -1 -1 -1 -1 -1 364999 1 15 15 15 12.5 2 4 2 5
0 0 0 1 1 6 1 1 3 1 3 2 5 -1 -1 -1 -1 -1 -1 365932 0 15 15 15 10 2 4 2 5
0 0 0 1 1 7 1 1 3 1 3 2 5 5 4 6 1 1 1 366798 0 15 15 15 12.5 2 4 2 5
0 0 0 1 1 6 1 1 3 1 3 2 5 -1 -1 -1 -1 -1 -1 367598 0 15 15 15 12.5 2 4 2 5
0 0 0 1 4 1 6 1 3 1 3 2 6 -1 -1 -1 -1 -1 -1 368398 1 15 15 15 12.5 2 4 2 5
0 0 0 1 1 1 6 1 3 1 3 2 6 -1 -1 -1 -1 -1 -1 369198 0 15 15 15 12.5 2 4 2 5
0 0 0 1 1 3 6 1 3 1 3 2 6 5 4 5 0 0 0 370097 0 15 15 15 10 2 6 2 5
0 0 0 1 1 1 6 1 3 1 3 2 6 -1 -1 -1 -1 -1 -1 370931 0 15 15 15 12.5 2 6 2 5
0 0 0 1 1 4 6 1 3 1 3 2 6 -1 -1 -1 -1 -1 -1 371730 1 15 15 15 12.5 2 6 2 5
0 0 0 1 1 1 6 1 3 1 3 2 6 -1 -1 -1 -1 -1 -1 372563 0 15 15 15 12.5 2 6 2 5
0 0 0 1 1 1 7 1 3 1 3 2 6 6 4 5 0 1 1 373363 0 15 15 15 12.5 2 6 2 5
0 0 0 1 1 1 6 1 3 1 3 2 6 -1 -1 -1 -1 -1 -1 374196 0 15 15 15 10.6667 2 6 2 5
0 0 0 4 1 6 1 1 3 1 3 2 5 -1 -1 -1 -1 -1 -1 375129 1 15 15 15 12.5 2 6 2 5
0 0 0 1 1 6 1 1 3 1 3 2 5 -1 -1 -1 -1 -1 -1 375929 0 15 15 15 12.5 2 6 2 5
0 0 0 1 1 6 1 3 3 1 3 2 5 7 4 7 2 0 0 376762 0 15 15 15 12.5 2 8 0 5
0 0 0 1 1 6 1 1 3 1 3 2 5 -1 -1 -1 -1 -1 -1 377562 0 15 15 15 12.5 2 8 0 5
0 0 0 1 1 6 1 4 3 1 3 2 5 -1 -1 -1 -1 -1 -1 378362 1 15 15 15 12.5 2 8 0 5
0 0 0 1 1 6 1 1 3 1 3 2 5 -1 -1 -1 -1 -1 -1 379162 0 15 15 15 12.5 2 8 0 5
0 0 0 1 1 6 3 1 3 1 3 2 5 6 4 8 3 0 0 379962 0 15 15 15 12.5 2 4 2 5
0 0 0 1 1 6 1 1 3 1 3 2 5 -1 -1 -1 -1 -1 -1 380761 0 15 15 15 12.5 2 4 2 5
0 0 0 4 6 1 1 1 3 1 3 2 4 -1 -1 -1 -1 -1 -1 381561 1 15 15 15 12 2 4 2 5
0 0 0 1 6 1 1 1 3 1 3 2 4 -1 -1 -1 -1 -1 -1 382361 0 15 15 15 12.5 2 4 2 5
0 0 0 1 7 1 1 1 3 1 3 2 4 4 4 5 0 1 1 383161 0 15 15 15 12.5 2 4 2 5
0 0 0 1 1 6 1 1 3 1 3 2 5 -1 -1 -1 -1 -1 -1 384094 0 15 15 15 10 2 4 2 5
0 0 0 1 1 6 4 1 3 1 3 2 5 -1 -1 -1 -1 -1 -1 384960 1 15 15 15 12.5 2 4 2 5
0 0 0 1 6 1 1 1 3 1 3 2 4 -1 -1 -1 -1 -1 -1 385760 0 15 15 15 12.5 2 4 2 5
0 0 0 1 7 1 1 1 3 1 3 2 4 4 4 7 2 1 1 386593 0 15 15 15 12.5 2 6 2 5
0 0 0 1 1 6 1 1 3 1 3 2 5 -1 -1 -1 -1 -1 -1 387393 0 15 15 15 12.5 2 6 2 5
0 0 0 1 1 6 4 1 3 1 3 2 5 -1 -1 -1 -1 -1 -1 388193 1 15 15 15 12.5 2 6 2 5
0 0 0 1 1 6 1 1 3 1 3 2 5 -1 -1 -1 -1 -1 -1 388993 0 15 15 15 12.5 2 6 2 5
0 0 0 1 1 6 3 1 3 1 3 2 5 6 4 5 0 0 0 389793 0 15 15 15 12.5 2 4 2 5
0 0 0 1 1 6 1 1 3 1 3 2 5 -1 -1 -1 -1 -1 -1 390592 0 15 15 15 12.5 2 4 2 5
0 0 0 1 6 1 4 1 3 1 3 2 4 -1 -1 -1 -1 -1 -1 391392 1 15 15 15 11.6667 2 4 2 5
0 0 0 1 6 1 1 1 3 1 3 2 4 -1 -1 -1 -1 -1 -1 392225 0 15 15 15 12.5 2 4 2 5
0 0 0 1 6 3 1 1 3 1 3 2 4 5 4 7 2 0 0 393025 0 15 15 15 12.5 2 4 2 5
0 0 0 1 1 6 1 1 3 1 3 2 5 -1 -1 -1 -1 -1 -1 393858 0 15 15 15 12.5 2 4 2 5
0 0 0 4 1 6 1 1 3 1 3 2 5 -1 -1 -1 -1 -1 -1 394658 1 15 15 15 12.5 2 4 2 5
0 0 0 1 1 6 1 1 3 1 3 2 5 -1 -1 -1 -1 -1 -1 395491 0 15 15 15 10.1667 2 4 2 5
0 0 0 1 1 6 1 3 3 1 3 2 5 7 4 5 0 0 0 396391 0 15 15 15 12.5 2 6 2 5
0 0 0 1 1 1 6 1 3 1 3 2 6 -1 -1 -1 -1 -1 -1 397191 0 15 15 15 12.5 2 6 2 5
0 0 0 4 1 1 1 6 3 1 3 2 7 -1 -1 -1 -1 -1 -1 398057 1 15 15 15 10 2 6 2 5
0 0 0 1 1 1 1 6 3 1 3 2 7 -1 -1 -1 -1 -1 -1 398890 0 15 15 15 12.5 2 6 2 5
0 0 0 1 1 1 1 7 3 1 3 2 7 7 4 5 0 1 1 399690 0 15 15 15 12.3333 2 6 2 5
0 0 0 1 1 1 1 6 3 1 3 2 7 -1 -1 -1 -1 -1 -1 400590 0 15 15 15 12.5 2 6 2 5
0 0 0 1 1 1 4 6 3 1 3 2 7 -1 -1 -1 -1 -1 -1 401390 1 15 15 15 12.5 2 6 2 5
0 0 0 1 1 6 1 1 3 1 3 2 5 -1 -1 -1 -1 -1 -1 402190 0 15 15 15 11.3333 2 6 2 5
0 0 0 1 1 6 1 3 3 1 3 2 5 7 4 6 1 0 0 403056 0 15 15 15 12.5 2 8 0 5
0 0 0 1 1 6 1 1 3 1 3 2 5 -1 -1 -1 -1 -1 -1 403856 0 15 15 15 12.5 2 8 0 5
0 0 0 4 1 1 6 1 3 1 3 2 6 -1 -1 -1 -1 -1 -1 404722 1 15 15 15 10 2 8 0 5
0 0 0 1 1 1 6 1 3 1 3 2 6 -1 -1 -1 -1 -1 -1 405555 0 15 15 15 12.5 2 8 0 5
0 0 0 1 1 1 8 1 3 1 3 2 6 6 4 7 2 0 1 406355 0 15 15 15 12.5 2 4 2 5
0 0 0 1 1 1 6 1 3 1 3 2 6 -1 -1 -1 -1 -1 -1 407288 0 15 15 15 10 2 4 2 5
0 0 0 1 1 4 1 6 3 1 3 2 7 -1 -1 -1 -1 -1 -1 408221 1 15 15 15 12.5 2 4 2 5
0 0 0 1 1 1 1 6 3 1 3 2 7 -1 -1 -1 -1 -1 -1 409021 0 15 15 15 12.5 2 4 2 5
0 0 0 1 1 1 1 7 3 1 3 2 7 7 4 5 0 1 1 409854 0 15 15 15 10.5 2 4 2 5
0 0 0 1 1 1 1 6 3 1 3 2 7 -1 -1 -1 -1 -1 -1 410787 0 15 15 15 12.5 2 4 2 5
0 0 0 1 1 4 1 6 3 1 3 2 7 -1 -1 -1 -1 -1 -1 411587 1 15 15 15 12.5 2 4 2 5
0 0 0 1 1 1 1 6 3 1 3 2 7 -1 -1 -1 -1 -1 -1 412420 0 15 15 15 12.5 2 4 2 5
0 0 0 1 1 1 2 8 3 1 3 2 7 6 4 6 1 1 0 413220 0 15 15 15 12.5 2 6 2 5
0 0 0 1 1 1 1 6 3 1 3 2 7 -1 -1 -1 -1 -1 -1 414020 0 15 15 15 12 2 6 2 5
0 0 0 1 4 1 6 1 3 1 3 2 6 -1 -1 -1 -1 -1 -1 414986 1 15 15 15 10 2 6 2 5
0 0 0 1 1 1 6 1 3 1 3 2 6 -1 -1 -1 -1 -1 -1 415853 0 15 15 15 12.5 2 6 2 5
0 0 0 1 1 1 7 1 3 1 3 2 6 6 4 7 2 1 1 416653 0 15 15 15 12.5 2 4 2 5
0 0 0 1 1 1 6 1 3 1 3 2 6 -1 -1 -1 -1 -1 -1 417519 0 15 15 15 12.5 2 4 2 5
0 0 0 1 1 4 6 1 3 1 3 2 6 -1 -1 -1 -1 -1 -1 418319 1 15 15 15 12.5 2 4 2 5
0 0 0 1 1 6 1 1 3 1 3 2 5 -1 -1 -1 -1 -1 -1 419119 0 15 15 15 12 2 4 2 5
0 0 0 1 3 6 1 1 3 1 3 2 5 4 4 6 1 0 0 419985 0 15 15 15 12.5 2 4 2 5
0 0 0 1 1 6 1 1 3 1 3 2 5 -1 -1 -1 -1 -1 -1 420785 0 15 15 15 12.5 2 4 2 5
0 0 0 4 1 6 1 1 3 1 3 2 5 -1 -1 -1 -1 -1 -1 421618 1 15 15 15 12.5 2 4 2 5
0 0 0 1 1 6 1 1 3 1 3 2 5 -1 -1 -1 -1 -1 -1 422418 0 15 15 15 12.5 2 4 2 5
0 0 0 1 1 6 3 1 3 1 3 2 5 6 4 5 0 0 0 423218 0 15 15 15 11.1667 2 6 2 5
0 0 0 1 1 6 1 1 3 1 3 2 5 -1 -1 -1 -1 -1 -1 424018 0 15 15 15 12.5 2 6 2 5
0 0 0 4 1 6 1 1 3 1 3 2 5 -1 -1 -1 -1 -1 -1 424817 1 15 15 15 12.1667 2 6 2 5
0 0 0 1 1 6 1 1 3 1 3 2 5 -1 -1 -1 -1 -1 -1 425650 0 15 15 15 12.5 2 6 2 5
0 0 0 1 1 6 3 1 3 1 3 2 5 6 4 8 3 0 0 426450 0 15 15 15 12.5 2 6 2 5
0 0 0 1 1 6 1 1 3 1 3 2 5 -1 -1 -1 -1 -1 -1 427250 0 15 15 15 12.5 2 6 2 5
0 0 0 1 6 1 4 1 3 1 3 2 4 -1 -1 -1 -1 -1 -1 428050 1 15 15 15 12.5 2 6 2 5
0 0 0 1 6 1 1 1 3 1 3 2 4 -1 -1 -1 -1 -1 -1 428916 0 15 15 15 10 2 6 2 5
0 0 0 1 7 1 1 1 3 1 3 2 4 4 4 6 1 1 1 429749 0 15 15 15 12.5 2 8 0 5
0 0 0 1 1 6 1 1 4 2 3 1 5 -1 -1 -1 -1 -1 -1 436015 0 15 15 15 60 2 8 0 5
0 0 0 1 1 6 1 1 4 2 3 1 5 -1 -1 -1 -1 -1 -1 436181 0 15 15 15 60 2 8 0 5
0 0 0 1 1 6 1 1 4 2 3 1 5 -1 -1 -1 -1 -1 -1 436348 0 15 15 15 60 2 5 2 5
0 0 0 1 1 6 1 1 4 2 3 1 5 -1 -1 -1 -1 -1 -1 436514 0 15 15 15 50 2 5 2 5
0 0 0 1 1 1 6 1 4 2 3 1 6 -1 -1 -1 -1 -1 -1 436814 0 15 15 15 20 2 5 2 5
0 0 0 1 1 6 1 1 4 2 3 1 5 -1 -1 -1 -1 -1 -1 437748 0 15 15 15 10 2 5 2 5
0 0 0 1 6 1 1 1 4 2 3 1 4 -1 -1 -1 -1 -1 -1 438747 0 15 15 15 10 2 4 2 5
0 0 0 1 6 1 1 1 4 2 3 1 4 -1 -1 -1 -1 -1 -1 439747 0 15 15 15 10 2 4 2 5
0 0 0 1 1 6 1 1 4 2 3 1 5 -1 -1 -1 -1 -1 -1 440647 0 15 15 15 12.5 2 4 2 5
0 0 0 1 6 1 1 1 4 2 3 1 4 -1 -1 -1 -1 -1 -1 441447 0 15 15 15 12.5 2 4 2 5
0 0 0 1 3 6 1 1 4 2 3 1 5 4 5 4 0 0 0 442313 0 15 15 15 10 2 4 2 5
0 0 0 1 1 6 1 1 4 2 3 1 5 -1 -1 -1 -1 -1 -1 443146 0 15 15 15 12.5 2 4 2 5
0 0 0 1 1 6 1 1 4 2 3 1 5 -1 -1 -1 -1 -1 -1 443946 0 15 15 15 12.3333 2 4 2 5
0 0 0 1 1 6 1 1 4 2 3 1 5 -1 -1 -1 -1 -1 -1 444846 0 15 15 15 12.5 2 4 2 5
0 0 0 1 3 6 1 1 4 2 3 1 5 4 5 4 1 0 0 445646 0 15 15 15 12.5 2 5 2 5
0 0 0 1 1 6 1 1 4 2 3 1 5 -1 -1 -1 -1 -1 -1 446445 0 15 15 15 11.3333 2 5 2 5
0 0 0 1 1 6 1 1 4 2 3 1 5 -1 -1 -1 -1 -1 -1 447279 0 15 15 15 12.5 2 5 2 5
0 0 0 1 1 6 1 1 4 2 3 1 5 -1 -1 -1 -1 -1 -1 448078 0 15 15 15 12.5 2 5 2 5
0 0 0 1 3 6 1 1 4 2 3 1 5 4 5 4 3 0 0 448945 0 15 15 15 12.5 2 5 2 5
0 0 0 1 1 6 1 1 4 2 3 1 5 -1 -1 -1 -1 -1 -1 449745 0 15 15 15 12.5 2 5 2 5
0 0 0 1 1 1 6 1 4 2 3 1 6 -1 -1 -1 -1 -1 -1 450544 0 15 15 15 11 2 5 2 5
0 0 0 1 1 1 6 1 4 2 3 1 6 -1 -1 -1 -1 -1 -1 451378 0 15 15 15 12.5 2 5 2 5
0 0 0 1 1 3 6 1 4 2 3 1 6 5 5 4 3 0 0 452177 0 15 15 15 12.1667 2 5 2 5
0 0 0 1 1 1 6 1 4 2 3 1 6 -1 -1 -1 -1 -1 -1 453110 0 15 15 15 10 2 5 2 5
0 0 0 1 1 6 1 1 4 2 3 1 5 -1 -1 -1 -1 -1 -1 453944 0 15 15 15 12.5 2 5 2 5
0 0 0 1 1 6 1 1 4 2 3 1 5 -1 -1 -1 -1 -1 -1 454743 0 15 15 15 12.3333 2 5 2 5
0 0 0 1 1 6 1 3 4 2 3 1 5 7 5 4 2 0 0 455577 0 15 15 15 12.5 2 6 2 5
0 0 0 1 1 6 1 1 4 2 3 1 5 -1 -1 -1 -1 -1 -1 456376 0 15 15 15 12.5 2 6 2 5
0 0 0 1 1 1 6 1 4 2 3 1 6 -1 -1 -1 -1 -1 -1 457243 0 15 15 15 12.5 2 6 2 5
0 0 0 1 1 1 6 1 4 2 3 1 6 -1 -1 -1 -1 -1 -1 458043 0 15 15 15 12.5 2 6 2 5
0 0 0 1 1 3 6 1 4 2 3 1 6 5 5 4 2 0 0 458842 0 15 15 15 12 2 8 0 5
0 0 0 1 1 1 6 1 4 2 3 1 6 -1 -1 -1 -1 -1 -1 459709 0 15 15 15 12.5 2 8 0 5
0 0 0 1 1 1 6 1 4 2 3 1 6 -1 -1 -1 -1 -1 -1 460509 0 15 15 15 12.5 2 8 0 5
0 0 0 1 1 6 1 1 4 2 3 1 5 -1 -1 -1 -1 -1 -1 461342 0 15 15 15 10.6667 2 8 0 5
0 0 0 1 1 6 1 3 4 2 3 1 5 7 5 4 0 0 0 462175 0 15 15 15 12.5 2 5 2 5
0 0 0 1 1 6 1 1 4 2 3 1 5 -1 -1 -1 -1 -1 -1 462975 0 15 15 15 12.5 2 5 2 5
0 0 0 1 1 6 1 1 4 2 3 1 5 -1 -1 -1 -1 -1 -1 463908 0 15 15 15 12.5 2 5 2 5
0 0 0 1 1 6 1 1 4 2 3 1 5 -1 -1 -1 -1 -1 -1 464708 0 15 15 15 12.5 2 5 2 5
0 0 0 1 1 6 3 1 4 2 3 1 5 6 5 4 1 0 0 465507 0 15 15 15 11.8333 2 4 2 5
0 0 0 1 1 6 1 1 4 2 3 1 5 -1 -1 -1 -1 -1 -1 466407 0 15 15 15 12.5 2 4 2 5
0 0 0 1 1 6 1 1 4 2 3 1 5 -1 -1 -1 -1 -1 -1 467207 0 15 15 15 12.5 2 4 2 5
0 0 0 1 1 6 1 1 4 2 3 1 5 -1 -1 -1 -1 -1 -1 468007 0 15 15 15 11 2 4 2 5
0 0 0 1 3 6 1 1 4 2 3 1 5 4 5 4 0 0 0 468873 0 15 15 15 12.5 2 4 2 5
0 0 0 1 1 6 1 1 4 2 3 1 5 -1 -1 -1 -1 -1 -1 469673 0 15 15 15 12.5 2 4 2 5
0 0 0 1 1 6 1 1 4 2 3 1 5 -1 -1 -1 -1 -1 -1 470506 0 15 15 15 12.5 2 4 2 5
0 0 0 1 1 6 1 1 4 2 3 1 5 -1 -1 -1 -1 -1 -1 471306 0 15 15 15 12.5 2 4 2 5
0 0 0 1 1 7 1 1 4 2 3 1 5 5 5 4 0 1 1 472172 0 15 15 15 10 2 5 2 5
0 0 0 1 1 6 1 1 4 2 3 1 5 -1 -1 -1 -1 -1 -1 473139 0 15 15 15 12.5 2 5 2 5
0 0 0 1 1 6 1 1 4 2 3 1 5 -1 -1 -1 -1 -1 -1 473939 0 15 15 15 12.5 2 5 2 5
0 0 0 1 1 6 1 1 4 2 3 1 5 -1 -1 -1 -1 -1 -1 474738 0 15 15 15 11.3333 2 5 2 5
0 0 0 1 1 8 2 1 4 2 3 1 5 6 5 4 1 1 0 475572 0 15 15 15 12.5 2 5 2 5
0 0 0 1 1 6 1 1 4 2 3 1 5 -1 -1 -1 -1 -1 -1 476371 0 15 15 15 12.5 2 5 2 5
0 0 0 1 6 1 1 1 4 2 3 1 4 -1 -1 -1 -1 -1 -1 477271 0 15 15 15 10 2 5 2 5
0 0 0 1 6 1 1 1 4 2 3 1 4 -1 -1 -1 -1 -1 -1 478171 0 15 15 15 12.5 2 5 2 5
0 0 0 1 7 1 1 1 4 2 3 1 4 4 5 4 0 1 1 478971 0 15 15 15 12.5 2 5 2 5
0 0 0 1 1 6 1 1 4 2 3 1 5 -1 -1 -1 -1 -1 -1 479837 0 15 15 15 10 2 5 2 5
0 0 0 1 1 6 1 1 4 2 3 1 5 -1 -1 -1 -1 -1 -1 480704 0 15 15 15 12.5 2 5 2 5
0 0 0 1 1 6 1 1 4 2 3 1 5 -1 -1 -1 -1 -1 -1 481504 0 15 15 15 12.5 2 5 2 5
0 0 0 1 3 6 1 1 4 2 3 1 5 4 5 4 1 0 0 482370 0 15 15 15 12.5 2 6 2 5
0 0 0 1 1 6 1 1 4 2 3 1 5 -1 -1 -1 -1 -1 -1 483170 0 15 15 15 12.5 2 6 2 5
0 0 0 1 1 6 1 1 4 2 3 1 5 -1 -1 -1 -1 -1 -1 483970 0 15 15 15 11.5 2 6 2 5
0 0 0 1 1 6 1 1 4 2 3 1 5 -1 -1 -1 -1 -1 -1 484869 0 15 15 15 12.5 2 6 2 5
0 0 0 3 1 6 1 1 4 2 3 1 5 3 5 4 3 0 0 485669 0 15 15 15 12.5 2 8 0 5
0 0 0 1 1 6 1 1 4 2 3 1 5 -1 -1 -1 -1 -1 -1 486502 0 15 15 15 10.3333 2 8 0 5
0 0 0 1 1 6 1 1 4 2 3 1 5 -1 -1 -1 -1 -1 -1 487369 0 15 15 15 12.5 2 8 0 5
0 0 0 1 6 1 1 1 4 2 3 1 4 -1 -1 -1 -1 -1 -1 488169 0 15 15 15 12.5 2 8 0 5
0 0 0 1 6 3 1 1 4 2 3 1 4 5 5 4 1 0 0 489068 0 15 15 15 10 2 5 2 5
0 0 0 1 6 1 1 1 4 2 3 1 4 -1 -1 -1 -1 -1 -1 489935 0 15 15 15 12.5 2 5 2 5
0 0 0 1 1 6 1 1 4 2 3 1 5 -1 -1 -1 -1 -1 -1 490735 0 15 15 15 12.5 2 5 2 5
0 0 0 1 1 6 1 1 4 2 3 1 5 -1 -1 -1 -1 -1 -1 491634 0 15 15 15 10 2 5 2 5
0 0 0 3 1 6 1 1 4 2 3 1 5 3 5 4 0 0 0 492468 0 15 15 15 12.5 2 4 2 5
0 0 0 1 1 6 1 1 4 2 3 1 5 -1 -1 -1 -1 -1 -1 493267 0 15 15 15 12.5 2 4 2 5
0 0 0 1 1 6 1 1 4 2 3 1 5 -1 -1 -1 -1 -1 -1 494100 0 15 15 15 12.5 2 4 2 5
0 0 0 1 1 1 6 1 4 2 3 1 6 -1 -1 -1 -1 -1 -1 494900 0 15 15 15 12.5 2 4 2 5
0 0 0 1 1 8 1 1 4 2 3 1 5 5 5 4 0 0 1 495733 0 15 15 15 10.3333 2 4 2 5
0 0 0 1 1 6 1 1 4 2 3 1 5 -1 -1 -1 -1 -1 -1 496733 0 15 15 15 10 2 4 2 5
0 0 0 1 1 6 1 1 4 2 3 1 5 -1 -1 -1 -1 -1 -1 497600 0 15 15 15 12.5 2 4 2 5
0 0 0 1 1 6 1 1 4 2 3 1 5 -1 -1 -1 -1 -1 -1 498399 0 15 15 15 12.5 2 4 2 5
0 0 0 1 1 6 3 1 4 2 3 1 5 6 5 4 3 0 0 499266 0 15 15 15 12.5 2 5 2 5
0 0 0 1 1 6 1 1 4 2 3 1 5 -1 -1 -1 -1 -1 -1 500066 0 15 15 15 12.5 2 5 2 5
0 0 0 1 1 1 6 1 4 2 3 1 6 -1 -1 -1 -1 -1 -1 500865 0 15 15 15 11.1667 2 5 2 5
0 0 0 1 1 1 6 1 4 2 3 1 6 -1 -1 -1 -1 -1 -1 501765 0 15 15 15 12.5 2 5 2 5
0 0 0 1 1 1 7 1 4 2 3 1 6 6 5 4 0 1 1 502565 0 15 15 15 12.5 2 5 2 5
0 0 0 1 1 1 6 1 4 2 3 1 6 -1 -1 -1 -1 -1 -1 503398 0 15 15 15 10.3333 2 5 2 5
0 0 0 1 1 1 6 1 4 2 3 1 6 -1 -1 -1 -1 -1 -1 504265 0 15 15 15 12.5 2 5 2 5
0 0 0 1 1 6 1 1 4 2 3 1 5 -1 -1 -1 -1 -1 -1 505064 0 15 15 15 12.5 2 5 2 5
0 0 0 1 1 6 1 3 4 2 3 1 5 7 5 4 2 0 0 505864 0 15 15 15 12.5 2 5 2 5
0 0 0 1 1 6 1 1 4 2 3 1 5 -1 -1 -1 -1 -1 -1 506664 0 15 15 15 12.5 2 5 2 5
0 0 0 1 1 6 1 1 4 2 3 1 5 -1 -1 -1 -1 -1 -1 507597 0 15 15 15 10 2 5 2 5
0 0 0 1 1 1 6 1 4 2 3 1 6 -1 -1 -1 -1 -1 -1 508564 0 15 15 15 12.5 2 5 2 5
0 0 0 1 1 1 7 1 4 2 3 1 6 6 5 4 3 1 1 509363 0 15 15 15 12.5 2 6 2 5
0 0 0 1 1 6 1 1 4 2 3 1 5 -1 -1 -1 -1 -1 -1 510163 0 15 15 15 11.6667 2 6 2 5
0 0 0 1 1 6 1 1 4 2 3 1 5 -1 -1 -1 -1 -1 -1 511030 0 15 15 15 12.5 2 6 2 5
0 0 0 1 1 6 1 1 4 2 3 1 5 -1 -1 -1 -1 -1 -1 511829 0 15 15 15 12.5 2 6 2 5
0 0 0 1 2 8 1 1 4 2 3 1 5 4 5 4 0 1 0 512629 0 15 15 15 12.5 2 8 0 5
0 0 0 1 1 6 1 1 4 2 3 1 5 -1 -1 -1 -1 -1 -1 513429 0 15 15 15 12.5 2 8 0 5
0 0 0 1 1 6 1 1 4 2 3 1 5 -1 -1 -1 -1 -1 -1 514262 0 15 15 15 10.6667 2 8 0 5
0 0 0 1 1 6 1 1 4 2 3 1 5 -1 -1 -1 -1 -1 -1 515162 0 15 15 15 12.5 2 8 0 5
0 0 0 1 1 7 1 1 4 2 3 1 5 5 5 4 2 1 1 515962 0 15 15 15 12.5 2 5 2 5
0 0 0 1 1 6 1 1 4 2 3 1 5 -1 -1 -1 -1 -1 -1 516795 0 15 15 15 12.5 2 5 2 5
0 0 0 1 1 1 6 1 4 2 3 1 6 -1 -1 -1 -1 -1 -1 517595 0 15 15 15 12.5 2 5 2 5
0 0 0 1 1 1 1 6 4 2 3 1 7 -1 -1 -1 -1 -1 -1 518395 0 15 15 15 11.5 2 5 2 5
0 0 0 1 1 1 1 7 4 2 3 1 7 7 5 4 3 1 1 519228 0 15 15 15 12.5 2 4 2 5
0 0 0 1 1 1 6 1 4 2 3 1 6 -1 -1 -1 -1 -1 -1 520027 0 15 15 15 12.5 2 4 2 5
0 0 0 1 1 6 1 1 4 2 3 1 5 -1 -1 -1 -1 -1 -1 520927 0 15 15 15 12.5 2 4 2 5
0 0 0 1 1 6 1 1 4 2 3 1 5 -1 -1 -1 -1 -1 -1 521727 0 15 15 15 12.5 2 4 2 5
0 0 0 1 1 3 6 1 4 2 3 1 6 5 5 4 2 0 0 522527 0 15 15 15 11.8333 2 4 2 5
0 0 0 1 1 6 1 1 4 2 3 1 5 -1 -1 -1 -1 -1 -1 523393 0 15 15 15 12.5 2 4 2 5
0 0 0 1 1 6 1 1 4 2 3 1 5 -1 -1 -1 -1 -1 -1 524193 0 15 15 15 12.5 2 4 2 5
0 0 0 1 1 6 1 1 4 2 3 1 5 -1 -1 -1 -1 -1 -1 525060 0 15 15 15 12.5 2 4 2 5
0 0 0 1 3 6 1 1 4 2 3 1 5 4 5 4 1 0 0 525859 0 15 15 15 12.5 2 5 2 5
0 0 0 1 1 6 1 1 4 2 3 1 5 -1 -1 -1 -1 -1 -1 526659 0 15 15 15 12 2 5 2 5
0 0 0 1 6 1 1 1 4 2 3 1 4 -1 -1 -1 -1 -1 -1 527459 0 15 15 15 12.5 2 5 2 5
0 0 0 1 6 1 1 1 4 2 3 1 4 -1 -1 -1 -1 -1 -1 528259 0 15 15 15 12.5 2 5 2 5
0 0 0 1 8 1 1 1 4 2 3 1 4 4 5 4 2 0 1 529092 0 15 15 15 12.5 2 5 2 5
0 0 0 1 1 6 1 1 4 2 3 1 5 -1 -1 -1 -1 -1 -1 529892 0 15 15 15 12.5 2 5 2 5
0 0 0 1 6 1 1 1 4 2 3 1 4 -1 -1 -1 -1 -1 -1 530758 0 15 15 15 10 2 5 2 5
0 0 0 1 6 1 1 1 4 2 3 1 4 -1 -1 -1 -1 -1 -1 531691 0 15 15 15 12.5 2 5 2 5
0 0 0 1 6 3 1 1 4 2 3 1 4 5 5 4 1 0 0 532491 0 15 15 15 12.5 2 5 2 5
0 0 0 1 6 1 1 1 4 2 3 1 4 -1 -1 -1 -1 -1 -1 533291 0 15 15 15 12.5 2 5 2 5
0 0 0 1 6 1 1 1 4 2 3 1 4 -1 -1 -1 -1 -1 -1 534091 0 15 15 15 12.5 2 5 2 5
0 0 0 1 1 6 1 1 4 2 3 1 5 -1 -1 -1 -1 -1 -1 534891 0 15 15 15 12.5 2 5 2 5
0 0 0 1 1 6 3 1 4 2 3 1 5 6 5 4 3 0 0 535690 0 15 15 15 12.5 2 6 2 5
0 0 0 1 1 6 1 1 4 2 3 1 5 -1 -1 -1 -1 -1 -1 536523 0 15 15 15 11.6667 2 6 2 5
0 0 0 1 1 6 1 1 4 2 3 1 5 -1 -1 -1 -1 -1 -1 537357 0 15 15 15 12.5 2 6 2 5
0 0 0 1 1 1 6 1 4 2 3 1 6 -1 -1 -1 -1 -1 -1 538156 0 15 15 15 12.5 2 6 2 5
0 0 0 1 1 1 7 1 4 2 3 1 6 6 5 4 2 1 1 538956 0 15 15 15 12.5 2 8 0 5
0 0 0 1 1 6 1 1 4 2 3 1 5 -1 -1 -1 -1 -1 -1 539756 0 15 15 15 12.5 2 8 0 5
0 0 0 1 1 6 1 1 4 2 3 1 5 -1 -1 -1 -1 -1 -1 540556 0 15 15 15 12.5 2 8 0 5
0 0 0 1 1 6 1 1 4 2 3 1 5 -1 -1 -1 -1 -1 -1 541356 0 15 15 15 12.5 2 8 0 5
0 0 0 1 1 8 2 1 4 2 3 1 5 6 5 4 1 1 0 542189 0 15 15 15 10.5 2 5 2 5
0 0 0 1 1 6 1 1 4 2 3 1 5 -1 -1 -1 -1 -1 -1 543155 0 15 15 15 12.5 2 5 2 5
0 0 0 1 1 6 1 1 4 2 3 1 5 -1 -1 -1 -1 -1 -1 543955 0 15 15 15 12.5 2 5 2 5
0 0 0 1 1 1 6 1 4 2 3 1 6 -1 -1 -1 -1 -1 -1 544788 0 15 15 15 11.3333 2 5 2 5
0 0 0 1 1 1 8 1 4 2 3 1 6 6 5 4 1 0 1 545588 0 15 15 15 12.5 2 4 2 5
0 0 0 1 1 1 6 1 4 2 3 1 6 -1 -1 -1 -1 -1 -1 546388 0 15 15 15 12.5 2 4 2 5
0 0 0 1 1 6 1 1 4 2 3 1 5 -1 -1 -1 -1 -1 -1 547254 0 15 15 15 12.5 2 4 2 5
0 0 0 1 1 6 1 1 4 2 3 1 5 -1 -1 -1 -1 -1 -1 548054 0 15 15 15 12.5 2 4 2 5
0 0 0 1 3 6 1 1 4 2 3 1 5 4 5 4 3 0 0 548887 0 15 15 15 11 2 4 2 5
0 0 0 1 1 6 1 1 4 2 3 1 5 -1 -1 -1 -1 -1 -1 549720 0 15 15 15 12.5 2 4 2 5
0 0 0 1 1 6 1 1 4 2 3 1 5 -1 -1 -1 -1 -1 -1 550520 0 15 15 15 12.5 2 4 2 5
0 0 0 1 1 6 1 1 4 2 3 1 5 -1 -1 -1 -1 -1 -1 551420 0 15 15 15 10 2 4 2 5
0 0 0 3 1 6 1 1 4 2 3 1 5 3 5 4 0 0 0 552286 0 15 15 15 12.5 2 5 2 5
0 0 0 1 1 6 1 1 4 2 3 1 5 -1 -1 -1 -1 -1 -1 553086 0 15 15 15 12.5 2 5 2 5
0 0 0 1 1 6 1 1 4 2 3 1 5 -1 -1 -1 -1 -1 -1 553953 0 15 15 15 12.5 2 5 2 5
0 0 0 1 1 6 1 1 4 2 3 1 5 -1 -1 -1 -1 -1 -1 554752 0 15 15 15 12.5 2 5 2 5
0 0 0 1 1 7 1 1 4 2 3 1 5 5 5 4 1 1 1 555552 0 15 15 15 11.1667 2 5 2 5
0 0 0 0 1 6 1 0 5 6 2 0 5 -1 -1 -1 -1 -1 -1 565716 0 15 40 15 60 2 8 0 3
0 0 0 0 1 6 1 0 5 6 2 0 5 -1 -1 -1 -1 -1 -1 565883 0 15 40 15 60 2 8 0 3
0 0 0 0 1 6 1 0 5 6 2 0 5 -1 -1 -1 -1 -1 -1 566050 0 15 40 15 60 2 6 2 3
0 0 0 0 1 6 1 0 5 6 2 0 5 -1 -1 -1 -1 -1 -1 566216 0 15 40 15 50 2 6 2 3
0 0 0 0 1 6 1 0 5 6 2 0 5 -1 -1 -1 -1 -1 -1 566516 0 15 40 15 20 2 6 2 3
0 0 0 0 1 6 1 0 5 6 2 0 5 -1 -1 -1 -1 -1 -1 567416 0 15 40 15 12.5 2 6 2 3
0 0 0 0 1 6 1 0 5 6 2 0 5 -1 -1 -1 -1 -1 -1 568216 0 15 40 15 12.5 2 6 2 3
0 0 0 0 1 1 6 0 5 6 2 0 6 -1 -1 -1 -1 -1 -1 569049 0 15 40 15 11.1667 2 6 2 3
0 0 0 0 1 1 6 0 5 6 2 0 6 -1 -1 -1 -1 -1 -1 570015 0 15 40 15 10 2 6 2 3
0 0 0 0 1 1 6 0 5 6 2 0 6 -1 -1 -1 -1 -1 -1 570815 0 15 40 15 12.5 2 6 2 3
0 0 0 0 1 1 7 0 5 6 2 0 6 6 5 4 4 1 1 571615 0 15 40 15 12.3333 2 5 2 3
0 0 0 0 6 1 1 0 5 6 2 0 4 -1 -1 -1 -1 -1 -1 572581 0 15 40 15 10 2 5 2 3
0 0 0 0 6 1 1 0 5 6 2 0 4 -1 -1 -1 -1 -1 -1 573481 0 15 40 15 12.5 2 5 2 3
0 0 0 0 6 1 1 0 5 6 2 0 4 -1 -1 -1 -1 -1 -1 574281 0 15 40 15 12.5 2 5 2 3
0 0 0 0 7 1 1 0 5 6 2 0 4 4 5 4 4 1 1 575147 0 15 40 15 10 2 5 2 3
0 0 0 0 1 6 1 0 5 6 2 0 5 -1 -1 -1 -1 -1 -1 575947 0 15 40 16 13 2 5 2 3
0 0 0 0 1 6 1 0 5 6 2 0 5 -1 -1 -1 -1 -1 -1 576580 0 15 40 16 16.25 2 5 2 3
0 0 0 0 1 6 1 0 5 6 2 0 5 -1 -1 -1 -1 -1 -1 577214 0 15 40 16 16.25 2 5 2 3
0 0 0 0 1 7 1 0 5 6 2 0 5 5 5 4 4 1 1 577813 0 15 40 16 14.95 2 6 2 3
0 0 0 0 1 6 1 0 5 6 2 0 5 -1 -1 -1 -1 -1 -1 578547 0 15 40 16 16.25 2 6 2 3
0 0 0 0 1 6 1 0 5 6 2 0 5 -1 -1 -1 -1 -1 -1 579146 0 15 40 16 16.25 2 6 2 3
0 0 0 0 1 6 1 0 5 6 2 0 5 -1 -1 -1 -1 -1 -1 579780 0 15 40 16 16.25 2 6 2 3
0 0 0 0 1 1 7 0 5 6 2 0 6 6 5 4 4 1 1 580446 0 15 40 16 13 2 6 2 3
0 0 0 0 1 6 1 0 5 6 2 0 5 -1 -1 -1 -1 -1 -1 581079 0 15 40 17 16 2 6 2 3
0 0 0 0 1 1 6 0 5 6 2 0 6 -1 -1 -1 -1 -1 -1 581712 0 15 40 17 20 2 6 2 3
0 0 0 0 1 1 6 0 5 6 2 0 6 -1 -1 -1 -1 -1 -1 582212 0 15 40 17 20 2 6 2 3
0 0 0 0 1 1 7 0 5 6 2 0 6 6 5 4 4 1 1 582712 0 15 40 17 20 2 6 2 3
0 0 0 0 1 6 1 0 5 6 2 0 5 -1 -1 -1 -1 -1 -1 583212 0 15 40 17 19.4667 2 6 2 3
0 0 0 0 1 6 1 0 5 6 2 0 5 -1 -1 -1 -1 -1 -1 583779 0 15 40 17 16 2 6 2 3
0 0 0 0 1 6 1 0 5 6 2 0 5 -1 -1 -1 -1 -1 -1 584278 0 15 40 17 20 2 6 2 3
0 0 0 0 1 7 1 0 5 6 2 0 5 5 5 4 4 1 1 584778 0 15 40 17 20 2 8 0 3
0 0 0 0 1 6 1 0 5 6 2 0 5 -1 -1 -1 -1 -1 -1 585212 0 15 40 18 23.75 2 8 0 3
0 0 0 0 1 1 6 0 5 6 2 0 6 -1 -1 -1 -1 -1 -1 585645 0 15 40 18 20.9 2 8 0 3
0 0 0 0 1 1 6 0 5 6 2 0 6 -1 -1 -1 -1 -1 -1 586111 0 15 40 18 23.75 2 8 0 3
0 0 0 0 1 1 7 0 5 6 2 0 6 6 5 4 4 1 1 586545 0 15 40 18 23.75 2 6 2 3
0 0 0 0 1 1 6 0 5 6 2 0 6 -1 -1 -1 -1 -1 -1 586978 0 15 40 18 23.75 2 6 2 3
0 0 0 0 1 1 6 0 5 6 2 0 6 -1 -1 -1 -1 -1 -1 587378 0 15 40 18 23.75 2 6 2 3
0 0 0 0 1 1 6 0 5 6 2 0 6 -1 -1 -1 -1 -1 -1 587844 0 15 40 18 19.95 2 6 2 3
0 0 0 0 1 1 7 0 5 6 2 0 6 6 5 4 4 1 1 588277 0 15 40 18 23.75 2 6 2 3
0 0 0 0 1 1 6 0 5 6 2 0 6 -1 -1 -1 -1 -1 -1 588677 0 15 40 19 26.25 2 6 2 3
0 0 0 0 1 1 6 0 5 6 2 0 6 -1 -1 -1 -1 -1 -1 589044 0 15 40 19 26.25 2 6 2 3
0 0 0 0 1 1 6 0 5 6 2 0 6 -1 -1 -1 -1 -1 -1 589444 0 15 40 19 26.25 2 6 2 3
0 0 0 0 1 1 7 0 5 6 2 0 6 6 5 4 4 1 1 589844 0 15 40 19 22.4 2 5 2 3
0 0 0 0 1 1 6 0 5 6 2 0 6 -1 -1 -1 -1 -1 -1 590310 0 15 40 19 21 2 5 2 3
0 0 0 0 1 1 6 0 5 6 2 0 6 -1 -1 -1 -1 -1 -1 590777 0 15 40 19 26.25 2 5 2 3
0 0 0 0 1 1 6 0 5 6 2 0 6 -1 -1 -1 -1 -1 -1 591143 0 15 40 19 26.25 2 5 2 3
0 0 0 1 1 1 7 1 5 6 2 0 6 6 5 4 4 1 1 591510 0 15 40 19 26.25 2 5 2 5
0 0 0 1 1 1 6 1 5 6 2 0 6 -1 -1 -1 -1 -1 -1 591877 0 15 40 20 27.5 2 5 2 5
0 0 0 1 6 1 1 1 5 6 2 0 4 -1 -1 -1 -1 -1 -1 592243 0 15 40 20 27.1333 2 5 2 5
0 0 0 1 6 1 1 1 5 6 2 0 4 -1 -1 -1 -1 -1 -1 592643 0 15 40 20 27.5 2 5 2 5
0 0 0 1 7 1 1 1 5 6 2 0 4 4 5 4 4 1 1 593010 0 15 40 20 27.5 2 6 2 5
0 0 0 1 6 1 1 1 5 6 2 1 4 -1 -1 -1 -1 -1 -1 593376 0 15 40 20 27.5 2 6 2 5
0 0 0 1 1 6 1 1 5 6 2 1 5 -1 -1 -1 -1 -1 -1 593743 0 15 40 20 27.5 2 6 2 5
0 0 0 1 1 6 1 1 5 6 2 1 5 -1 -1 -1 -1 -1 -1 594109 0 15 40 20 27.5 2 6 2 5
0 0 0 1 1 7 1 1 5 6 2 1 5 5 5 4 4 1 1 594476 0 15 40 20 27.5 2 6 2 5
0 0 0 1 1 6 1 1 5 6 2 1 5 -1 -1 -1 -1 -1 -1 594809 0 15 40 21 28.75 2 6 2 5
0 0 0 1 1 1 6 1 5 6 2 1 6 -1 -1 -1 -1 -1 -1 595176 0 15 40 21 28.75 2 6 2 5
0 0 0 1 1 1 6 1 5 6 2 1 6 -1 -1 -1 -1 -1 -1 595509 0 15 40 21 28.75 2 6 2 5
0 0 0 1 1 1 7 1 5 6 2 1 6 6 5 4 4 1 1 595876 0 15 40 21 28.3667 2 6 2 5
0 0 0 1 1 6 1 1 5 6 2 1 5 -1 -1 -1 -1 -1 -1 596242 0 15 40 21 24.15 2 6 2 5
0 0 0 1 1 1 6 1 5 6 2 1 6 -1 -1 -1 -1 -1 -1 596675 0 15 40 21 23 2 6 2 5
0 0 0 1 1 1 6 1 5 6 2 1 6 -1 -1 -1 -1 -1 -1 597042 0 15 40 21 28.75 2 6 2 5
0 0 0 1 1 1 7 1 5 6 2 1 6 6 5 4 4 1 1 597409 0 15 40 21 28.75 2 8 0 5
0 0 0 1 1 6 1 1 5 6 2 1 5 -1 -1 -1 -1 -1 -1 597742 0 15 40 22 30 2 8 0 5
0 0 0 1 6 1 1 1 5 6 2 1 4 -1 -1 -1 -1 -1 -1 598075 0 15 40 22 30 2 8 0 5
0 0 0 1 6 1 1 1 5 6 2 1 4 -1 -1 -1 -1 -1 -1 598408 0 15 40 22 28.8 2 8 0 5
0 0 0 1 7 1 1 1 5 6 2 1 4 4 5 4 4 1 1 598775 0 15 40 22 24.4 2 6 2 5
0 0 0 1 6 1 1 1 5 6 2 1 4 -1 -1 -1 -1 -1 -1 599108 0 15 40 22 30 2 6 2 5
0 0 0 6 1 1 1 1 5 6 2 1 3 -1 -1 -1 -1 -1 -1 599441 0 15 40 22 30 2 6 2 5
0 0 0 6 1 1 1 1 5 6 2 1 3 -1 -1 -1 -1 -1 -1 599775 0 15 40 22 30 2 6 2 5
0 0 0 7 1 1 1 1 5 6 2 1 3 3 5 4 4 1 1 600108 0 15 40 22 30 2 6 2 5
0 0 0 6 1 1 1 1 5 6 2 1 3 -1 -1 -1 -1 -1 -1 600441 0 15 40 23 30 2 6 2 5
0 0 0 1 1 6 1 1 5 6 2 1 5 -1 -1 -1 -1 -1 -1 600808 0 15 40 23 25.4167 2 6 2 5
0 0 0 1 1 6 1 1 5 6 2 1 5 -1 -1 -1 -1 -1 -1 601208 0 15 40 23 25 2 6 2 5
0 0 0 1 1 7 1 1 5 6 2 1 5 5 5 4 4 1 1 601541 0 15 40 23 31.25 2 5 2 5
0 0 0 1 1 6 1 1 5 6 2 1 5 -1 -1 -1 -1 -1 -1 601841 0 15 40 23 31.25 2 5 2 5
0 0 0 1 1 1 6 1 5 6 2 1 6 -1 -1 -1 -1 -1 -1 602174 0 15 40 23 31.25 2 5 2 5
0 0 0 1 1 1 6 1 5 6 2 1 6 -1 -1 -1 -1 -1 -1 602474 0 15 40 23 31.25 2 5 2 5
0 0 0 1 1 1 7 1 5 6 2 1 6 6 5 4 4 1 1 602807 0 15 40 23 30.4167 2 5 2 5
0 0 0 1 1 6 1 1 5 6 2 1 5 -1 -1 -1 -1 -1 -1 603141 0 15 40 24 26.775 2 5 2 5
0 0 0 1 1 1 6 1 5 6 2 1 6 -1 -1 -1 -1 -1 -1 603540 0 15 40 24 25.5 2 5 2 5
0 0 0 1 1 1 6 1 5 6 2 1 6 -1 -1 -1 -1 -1 -1 603940 0 15 40 24 25.5 2 5 2 5
0 0 0 1 1 1 7 1 5 6 2 1 6 6 5 4 4 1 1 604340 0 15 40 24 25.5 2 6 2 5
0 0 0 1 1 1 6 1 5 6 2 1 6 -1 -1 -1 -1 -1 -1 604640 0 15 40 24 31.875 2 6 2 5
0 0 0 1 1 1 6 1 5 6 2 1 6 -1 -1 -1 -1 -1 -1 604973 0 15 40 24 31.875 2 6 2 5
0 0 0 1 6 1 1 1 5 6 2 1 4 -1 -1 -1 -1 -1 -1 605273 0 15 40 24 31.875 2 6 2 5
0 0 0 1 7 1 1 1 5 6 2 1 4 4 5 4 4 1 1 605607 0 15 40 24 31.875 2 6 2 5
0 0 0 1 6 1 1 1 5 6 2 1 4 -1 -1 -1 -1 -1 -1 605907 0 15 40 25 32.5 2 6 2 5
0 0 0 1 1 6 1 1 5 6 2 1 5 -1 -1 -1 -1 -1 -1 606240 0 15 40 25 28.1667 2 6 2 5
0 0 0 1 1 6 1 1 5 6 2 1 5 -1 -1 -1 -1 -1 -1 606573 0 15 40 25 32.5 2 6 2 5
0 0 0 1 1 7 1 1 5 6 2 1 5 5 5 4 4 1 1 606873 0 15 40 25 32.5 2 6 2 5
0 0 0 1 1 6 1 1 5 6 2 1 5 -1 -1 -1 -1 -1 -1 607173 0 15 40 25 32.5 2 6 2 5
0 0 0 1 6 1 1 1 5 6 2 1 4 -1 -1 -1 -1 -1 -1 607506 0 15 40 25 32.5 2 6 2 5
0 0 0 1 6 1 1 1 5 6 2 1 4 -1 -1 -1 -1 -1 -1 607806 0 15 40 25 32.5 2 6 2 5
0 0 0 1 7 1 1 1 5 6 2 1 4 4 5 4 4 1 1 608106 0 15 40 25 32.5 2 8 0 5
0 0 0 1 1 6 1 1 6 0 3 1 5 -1 -1 -1 -1 -1 -1 613771 0 15 15 15 60 2 8 0 5
0 0 0 1 1 6 1 1 6 0 3 1 5 -1 -1 -1 -1 -1 -1 613938 0 15 15 15 60 2 8 0 5
0 0 0 1 1 6 1 1 6 0 3 1 5 -1 -1 -1 -1 -1 -1 614105 0 15 15 15 60 2 4 2 5
0 0 0 1 1 6 1 1 6 0 3 1 5 -1 -1 -1 -1 -1 -1 614271 0 15 15 15 50 2 4 2 5
0 0 0 1 1 6 1 1 6 0 3 1 5 -1 -1 -1 -1 -1 -1 614571 0 15 15 15 20 2 4 2 5
0 0 0 1 1 6 1 1 6 0 3 1 5 -1 -1 -1 -1 -1 -1 615504 0 15 15 15 10 2 4 2 5
0 0 0 1 1 6 1 1 6 0 3 1 5 -1 -1 -1 -1 -1 -1 616337 0 15 15 15 12.5 2 6 2 5
0 0 0 1 1 6 1 1 6 0 3 1 5 -1 -1 -1 -1 -1 -1 617137 0 15 15 15 12.1667 2 6 2 5
0 0 0 1 1 6 1 1 6 0 3 1 5 -1 -1 -1 -1 -1 -1 617937 0 15 15 15 12.5 2 6 2 5
0 0 0 1 1 6 1 1 6 0 3 1 5 -1 -1 -1 -1 -1 -1 618737 0 15 15 15 12.5 2 6 2 5
0 0 0 3 1 6 1 1 6 0 3 1 5 3 3 4 3 0 0 619537 0 15 15 15 12.5 2 5 2 5
0 0 0 1 1 6 1 1 6 0 3 1 5 -1 -1 -1 -1 -1 -1 620336 0 15 15 15 12.5 2 5 2 5
0 0 0 1 1 6 1 1 6 0 3 1 5 -1 -1 -1 -1 -1 -1 621169 0 15 15 15 12.5 2 5 2 5
0 0 0 1 1 6 1 1 6 0 3 1 5 -1 -1 -1 -1 -1 -1 621969 0 15 15 15 12.5 2 5 2 5
0 0 0 3 1 6 1 1 6 0 3 1 5 3 1 4 2 0 0 622769 0 15 15 15 12.5 2 4 2 5
0 0 0 1 1 6 1 1 6 0 3 1 5 -1 -1 -1 -1 -1 -1 623569 0 15 15 15 12.5 2 4 2 5
0 0 0 1 1 6 1 1 6 0 3 1 5 -1 -1 -1 -1 -1 -1 624402 0 15 15 15 11.1667 2 4 2 5
0 0 0 1 1 6 1 1 6 0 3 1 5 -1 -1 -1 -1 -1 -1 625268 0 15 15 15 12.5 2 4 2 5
0 0 0 1 3 6 1 1 6 0 3 1 5 4 0 4 1 0 0 626068 0 15 15 15 12.5 2 6 2 5
0 0 0 1 1 6 1 1 6 0 3 1 5 -1 -1 -1 -1 -1 -1 626935 0 15 15 15 10 2 6 2 5
0 0 0 1 1 1 6 1 6 0 3 1 6 -1 -1 -1 -1 -1 -1 627834 0 15 15 15 12.5 2 6 2 5
0 0 0 1 1 1 6 1 6 0 3 1 6 -1 -1 -1 -1 -1 -1 628634 0 15 15 15 12.5 2 6 2 5
0 0 0 1 1 3 6 1 6 0 3 1 6 5 1 4 2 0 0 629501 0 15 15 15 10 2 5 2 5
0 0 0 1 1 1 6 1 6 0 3 1 6 -1 -1 -1 -1 -1 -1 630301 0 15 15 15 12.5 2 5 2 5
0 0 0 1 1 1 6 1 6 0 3 1 6 -1 -1 -1 -1 -1 -1 631100 0 15 15 15 12.5 2 5 2 5
0 0 0 1 1 1 6 1 6 0 3 1 6 -1 -1 -1 -1 -1 -1 632000 0 15 15 15 12.5 2 5 2 5
0 0 0 1 1 3 6 1 6 0 3 1 6 5 2 4 0 0 0 632800 0 15 15 15 12.5 2 5 2 5
0 0 0 1 1 6 1 1 6 0 3 1 5 -1 -1 -1 -1 -1 -1 633600 0 15 15 15 11 2 5 2 5
0 0 0 1 1 6 1 1 6 0 3 1 5 -1 -1 -1 -1 -1 -1 634600 0 15 15 15 10 2 5 2 5
0 0 0 1 1 6 1 1 6 0 3 1 5 -1 -1 -1 -1 -1 -1 635599 0 15 15 15 10 2 5 2 5
0 0 0 3 1 6 1 1 6 0 3 1 5 3 3 4 3 0 0 636432 0 15 15 15 12.5 2 8 0 5
0 0 0 1 1 6 1 1 6 0 3 1 5 -1 -1 -1 -1 -1 -1 637232 0 15 15 15 12.5 2 8 0 5
0 0 0 1 1 6 1 1 6 0 3 1 5 -1 -1 -1 -1 -1 -1 638099 0 15 15 15 12.5 2 8 0 5
0 0 0 1 1 6 1 1 6 0 3 1 5 -1 -1 -1 -1 -1 -1 638898 0 15 15 15 12.5 2 8 0 5
0 0 0 3 1 6 1 1 6 0 3 1 5 3 2 4 0 0 0 639698 0 15 15 15 12.5 2 4 2 5
0 0 0 1 1 6 1 1 6 0 3 1 5 -1 -1 -1 -1 -1 -1 640498 0 15 15 15 12.5 2 4 2 5
0 0 0 1 1 6 1 1 6 0 3 1 5 -1 -1 -1 -1 -1 -1 641331 0 15 15 15 11 2 4 2 5
0 0 0 1 1 6 1 1 6 0 3 1 5 -1 -1 -1 -1 -1 -1 642164 0 15 15 15 12.5 2 4 2 5
0 0 0 1 1 7 1 1 6 0 3 1 5 5 2 4 0 1 1 642964 0 15 15 15 12.5 2 6 2 5
0 0 0 1 6 1 1 1 6 0 3 1 4 -1 -1 -1 -1 -1 -1 643864 0 15 15 15 10 2 6 2 5
0 0 0 6 1 1 1 1 6 0 3 1 3 -1 -1 -1 -1 -1 -1 644830 0 15 15 15 12.5 2 6 2 5
0 0 0 6 1 1 1 1 6 0 3 1 3 -1 -1 -1 -1 -1 -1 645630 0 15 15 15 12.5 2 6 2 5
0 0 0 7 1 1 1 1 6 0 3 1 3 3 3 4 3 1 1 646430 0 15 15 15 11.1667 2 5 2 5
0 0 0 1 6 1 1 1 6 0 3 1 4 -1 -1 -1 -1 -1 -1 647430 0 15 15 15 10 2 5 2 5
0 0 0 1 6 1 1 1 6 0 3 1 4 -1 -1 -1 -1 -1 -1 648263 0 15 15 15 12.5 2 5 2 5
0 0 0 1 6 1 1 1 6 0 3 1 4 -1 -1 -1 -1 -1 -1 649063 0 15 15 15 12.5 2 5 2 5
0 0 0 3 6 1 1 1 6 0 3 1 4 3 1 4 2 0 0 649929 0 15 15 15 12.5 2 4 2 5
0 0 0 1 6 1 1 1 6 0 3 1 4 -1 -1 -1 -1 -1 -1 650729 0 15 15 15 12.5 2 4 2 5
0 0 0 6 1 1 1 1 6 0 3 1 3 -1 -1 -1 -1 -1 -1 651562 0 15 15 15 10.8333 2 4 2 5
0 0 0 6 1 1 1 1 6 0 3 1 3 -1 -1 -1 -1 -1 -1 652362 0 15 15 15 12.5 2 4 2 5
0 0 0 7 1 1 1 1 6 0 3 1 3 3 2 4 0 1 1 653162 0 15 15 15 12.3333 2 6 2 5
0 0 0 6 1 1 1 1 6 0 3 1 3 -1 -1 -1 -1 -1 -1 654095 0 15 15 15 10 2 6 2 5
0 0 0 1 6 1 1 1 6 0 3 1 4 -1 -1 -1 -1 -1 -1 655061 0 15 15 15 12.5 2 6 2 5
0 0 0 1 6 1 1 1 6 0 3 1 4 -1 -1 -1 -1 -1 -1 655861 0 15 15 15 12.5 2 6 2 5
0 0 0 3 6 1 1 1 6 0 3 1 4 3 1 4 2 0 0 656661 0 15 15 15 11.3333 2 5 2 5
0 0 0 1 1 6 1 1 6 0 3 1 5 -1 -1 -1 -1 -1 -1 657661 0 15 15 15 10 2 5 2 5
0 0 0 1 1 6 1 1 6 0 3 1 5 -1 -1 -1 -1 -1 -1 658527 0 15 15 15 12.5 2 5 2 5
0 0 0 1 1 6 1 1 6 0 3 1 5 -1 -1 -1 -1 -1 -1 659327 0 15 15 15 12.5 2 5 2 5
0 0 0 1 3 6 1 1 6 0 3 1 5 4 0 4 1 0 0 660227 0 15 15 15 10 2 5 2 5
0 0 0 1 1 1 6 1 6 0 3 1 6 -1 -1 -1 -1 -1 -1 661226 0 15 15 15 10 2 5 2 5
0 0 0 1 1 1 6 1 6 0 3 1 6 -1 -1 -1 -1 -1 -1 662193 0 15 15 15 12.5 2 5 2 5
0 0 0 1 1 1 6 1 6 0 3 1 6 -1 -1 -1 -1 -1 -1 662993 0 15 15 15 12.5 2 5 2 5
0 0 0 1 1 1 7 1 6 0 3 1 6 6 2 4 0 1 1 663792 0 15 15 15 11.5 2 8 0 5
0 0 0 1 1 6 1 1 6 0 3 1 5 -1 -1 -1 -1 -1 -1 664759 0 15 15 15 12.5 2 8 0 5
0 0 0 1 1 6 1 1 6 0 3 1 5 -1 -1 -1 -1 -1 -1 665559 0 15 15 15 12.5 2 8 0 5
0 0 0 1 1 6 1 1 6 0 3 1 5 -1 -1 -1 -1 -1 -1 666358 0 15 15 15 11.8333 2 8 0 5
0 0 0 1 3 6 1 1 6 0 3 1 5 4 0 4 1 0 0 667158 0 15 15 15 12.5 2 4 2 5
0 0 0 1 1 6 1 1 6 0 3 1 5 -1 -1 -1 -1 -1 -1 667958 0 15 15 15 12.1667 2 4 2 5
0 0 0 1 6 1 1 1 6 0 3 1 4 -1 -1 -1 -1 -1 -1 668924 0 15 15 15 10 2 4 2 5
0 0 0 1 6 1 1 1 6 0 3 1 4 -1 -1 -1 -1 -1 -1 669791 0 15 15 15 12.5 2 4 2 5
0 0 0 1 8 2 1 1 6 0 3 1 4 5 0 4 1 1 0 670591 0 15 15 15 12.5 2 6 2 5
0 0 0 1 1 6 1 1 6 0 3 1 5 -1 -1 -1 -1 -1 -1 671457 0 15 15 15 10 2 6 2 5
0 0 0 1 1 6 1 1 6 0 3 1 5 -1 -1 -1 -1 -1 -1 672324 0 15 15 15 12.5 2 6 2 5
0 0 0 1 1 6 1 1 6 0 3 1 5 -1 -1 -1 -1 -1 -1 673123 0 15 15 15 12.5 2 6 2 5
0 0 0 1 1 6 3 1 6 0 3 1 5 6 3 4 3 0 0 673990 0 15 15 15 12.5 2 5 2 5
0 0 0 1 1 6 1 1 6 0 3 1 5 -1 -1 -1 -1 -1 -1 674790 0 15 15 15 12.5 2 5 2 5
0 0 0 1 6 1 1 1 6 0 3 1 4 -1 -1 -1 -1 -1 -1 675623 0 15 15 15 11.3333 2 5 2 5
0 0 0 1 6 1 1 1 6 0 3 1 4 -1 -1 -1 -1 -1 -1 676523 0 15 15 15 12.5 2 5 2 5
0 0 0 1 6 3 1 1 6 0 3 1 4 5 1 4 2 0 0 677322 0 15 15 15 12.5 2 4 2 5
0 0 0 1 1 6 1 1 6 0 3 1 5 -1 -1 -1 -1 -1 -1 678122 0 15 15 15 12.5 2 4 2 5
0 0 0 1 1 1 1 6 6 0 3 1 7 -1 -1 -1 -1 -1 -1 678922 0 15 15 15 12.5 2 4 2 5
0 0 0 1 1 1 1 6 6 0 3 1 7 -1 -1 -1 -1 -1 -1 679755 0 15 15 15 10.1667 2 4 2 5
0 0 0 1 1 1 1 7 6 0 3 1 7 7 0 4 1 1 1 680555 0 15 15 15 12.5 2 6 2 5
0 0 0 1 1 1 6 1 6 0 3 1 6 -1 -1 -1 -1 -1 -1 681355 0 15 15 15 12.1667 2 6 2 5
0 0 0 1 1 1 6 1 6 0 3 1 6 -1 -1 -1 -1 -1 -1 682188 0 15 15 15 12.5 2 6 2 5
0 0 0 1 1 1 6 1 6 0 3 1 6 -1 -1 -1 -1 -1 -1 682988 0 15 15 15 12.5 2 6 2 5
0 0 0 1 1 1 6 3 6 0 3 1 6 7 1 4 2 0 0 683854 0 15 15 15 12.5 2 5 2 5
0 0 0 1 1 1 6 1 6 0 3 1 6 -1 -1 -1 -1 -1 -1 684654 0 15 15 15 12.5 2 5 2 5
0 0 0 1 1 1 6 1 6 0 3 1 6 -1 -1 -1 -1 -1 -1 685454 0 15 15 15 11.5 2 5 2 5
0 0 0 1 1 1 6 1 6 0 3 1 6 -1 -1 -1 -1 -1 -1 686354 0 15 15 15 12.5 2 5 2 5
0 0 0 1 1 3 6 1 6 0 3 1 6 5 2 4 0 0 0 687153 0 15 15 15 12.5 2 5 2 5
0 0 0 1 1 6 1 1 6 0 3 1 5 -1 -1 -1 -1 -1 -1 687986 0 15 15 15 10.3333 2 5 2 5
0 0 0 1 1 6 1 1 6 0 3 1 5 -1 -1 -1 -1 -1 -1 688886 0 15 15 15 12.5 2 5 2 5
0 0 0 1 1 6 1 1 6 0 3 1 5 -1 -1 -1 -1 -1 -1 689686 0 15 15 15 12.5 2 5 2 5
0 0 0 1 3 6 1 1 6 0 3 1 5 4 1 4 2 0 0 690553 0 15 15 15 10 2 8 0 5
0 0 0 1 1 6 1 1 6 0 3 1 5 -1 -1 -1 -1 -1 -1 691352 0 15 15 15 12.5 2 8 0 5
0 0 0 1 1 6 1 1 6 0 3 1 5 -1 -1 -1 -1 -1 -1 692152 0 15 15 15 12.5 2 8 0 5
0 0 0 1 1 6 1 1 6 0 3 1 5 -1 -1 -1 -1 -1 -1 692952 0 15 15 15 12.5 2 8 0 5
0 0 0 1 3 6 1 1 6 0 3 1 5 4 0 4 1 0 0 693752 0 15 15 15 12 2 4 2 5
0 0 0 1 1 6 1 1 6 0 3 1 5 -1 -1 -1 -1 -1 -1 694652 0 15 15 15 12.5 2 4 2 5
0 0 0 1 1 6 1 1 6 0 3 1 5 -1 -1 -1 -1 -1 -1 695451 0 15 15 15 12.5 2 4 2 5
0 0 0 1 1 6 1 1 6 0 3 1 5 -1 -1 -1 -1 -1 -1 696284 0 15 15 15 10.5 2 4 2 5
0 0 0 1 1 6 3 1 6 0 3 1 5 6 0 4 1 0 0 697251 0 15 15 15 12.5 2 6 2 5
0 0 0 1 1 1 6 1 6 0 3 1 6 -1 -1 -1 -1 -1 -1 698051 0 15 15 15 12.5 2 6 2 5
0 0 0 1 1 1 6 1 6 0 3 1 6 -1 -1 -1 -1 -1 -1 698850 0 15 15 15 12.5 2 6 2 5
0 0 0 1 1 1 6 1 6 0 3 1 6 -1 -1 -1 -1 -1 -1 699650 0 15 15 15 12.5 2 6 2 5
0 0 0 1 1 1 7 1 6 0 3 1 6 6 1 4 2 1 1 700450 0 15 15 15 12 2 5 2 5
0 0 0 1 1 1 6 1 6 0 3 1 6 -1 -1 -1 -1 -1 -1 701383 0 15 15 15 12.5 2 5 2 5
0 0 0 1 1 6 1 1 6 0 3 1 5 -1 -1 -1 -1 -1 -1 702183 0 15 15 15 12.5 2 5 2 5
0 0 0 1 1 6 1 1 6 0 3 1 5 -1 -1 -1 -1 -1 -1 702983 0 15 15 15 12.5 2 5 2 5
0 0 0 1 1 6 1 3 6 0 3 1 5 7 3 4 3 0 0 703783 0 15 15 15 12.5 2 4 2 5
0 0 0 1 1 6 1 1 6 0 3 1 5 -1 -1 -1 -1 -1 -1 704582 0 15 15 15 11.8333 2 4 2 5
0 0 0 1 1 6 1 1 6 0 3 1 5 -1 -1 -1 -1 -1 -1 705549 0 15 15 15 10 2 4 2 5
0 0 0 1 1 6 1 1 6 0 3 1 5 -1 -1 -1 -1 -1 -1 706415 0 15 15 15 12.5 2 4 2 5
0 0 0 1 1 6 3 1 6 0 3 1 5 6 3 4 3 0 0 707215 0 15 15 15 12.5 2 6 2 5
0 0 0 1 1 6 1 1 6 0 3 1 5 -1 -1 -1 -1 -1 -1 708015 0 15 15 15 12.5 2 6 2 5
0 0 0 1 1 6 1 1 6 0 3 1 5 -1 -1 -1 -1 -1 -1 708815 0 15 15 15 12.5 2 6 2 5
0 0 0 1 1 6 1 1 6 0 3 1 5 -1 -1 -1 -1 -1 -1 709681 0 15 15 15 12.5 2 6 2 5
0 0 0 1 3 6 1 1 6 0 3 1 5 4 2 4 0 0 0 710481 0 15 15 15 12.5 2 5 2 5
0 0 0 1 1 6 1 1 6 0 3 1 5 -1 -1 -1 -1 -1 -1 711281 0 15 15 15 12.5 2 5 2 5
0 0 0 1 1 1 6 1 6 0 3 1 6 -1 -1 -1 -1 -1 -1 712081 0 15 15 15 12.5 2 5 2 5
0 0 0 1 1 1 6 1 6 0 3 1 6 -1 -1 -1 -1 -1 -1 712880 0 15 15 15 12.5 2 5 2 5
0 0 0 1 1 3 6 1 6 0 3 1 6 5 1 4 2 0 0 713680 0 15 15 15 12.5 2 5 2 5
0 0 0 1 1 1 6 1 6 0 3 1 6 -1 -1 -1 -1 -1 -1 714480 0 15 15 15 12.5 2 5 2 5
0 0 0 1 1 1 6 1 6 0 3 1 6 -1 -1 -1 -1 -1 -1 715280 0 15 15 15 12.5 2 5 2 5
0 0 0 1 1 1 6 1 6 0 3 1 6 -1 -1 -1 -1 -1 -1 716080 0 15 15 15 12 2 5 2 5
0 0 0 1 1 1 7 1 6 0 3 1 6 6 3 4 3 1 1 717046 0 15 15 15 12.5 2 8 0 5
0 0 0 1 1 1 6 1 6 0 3 1 6 -1 -1 -1 -1 -1 -1 717846 0 15 15 15 12.5 2 8 0 5
0 0 0 1 1 1 6 1 6 0 3 1 6 -1 -1 -1 -1 -1 -1 718646 0 15 15 15 11.6667 2 8 0 5
0 0 0 1 1 6 1 1 6 0 3 1 5 -1 -1 -1 -1 -1 -1 719445 0 15 15 15 12.5 2 8 0 5
0 0 0 1 1 6 3 1 6 0 3 1 5 6 1 4 2 0 0 720245 0 15 15 15 12.1667 2 4 2 5
0 0 0 1 6 1 1 1 6 0 3 1 4 -1 -1 -1 -1 -1 -1 721212 0 15 15 15 10 2 4 2 5
0 0 0 1 6 1 1 1 6 0 3 1 4 -1 -1 -1 -1 -1 -1 722111 0 15 15 15 12.5 2 4 2 5
0 0 0 1 1 6 1 1 6 0 3 1 5 -1 -1 -1 -1 -1 -1 722911 0 15 15 15 12.5 2 4 2 5
0 0 0 1 7 1 1 1 6 0 3 1 4 4 1 4 2 1 1 723744 0 15 15 15 10 2 6 2 5
0 0 0 1 6 1 1 1 6 0 3 1 4 -1 -1 -1 -1 -1 -1 724744 0 15 15 15 10 2 6 2 5
0 0 0 1 6 1 1 1 6 0 3 1 4 -1 -1 -1 -1 -1 -1 725611 0 15 15 15 12.5 2 6 2 5
0 0 0 1 6 1 1 1 6 0 3 1 4 -1 -1 -1 -1 -1 -1 726410 0 15 15 15 12.5 2 6 2 5
0 0 0 1 7 1 1 1 6 0 3 1 4 4 3 4 3 1 1 727310 0 15 15 15 10 2 5 2 5
0 0 0 1 1 6 1 1 7 2 3 2 5 -1 -1 -1 -1 -1 -1 733009 0 15 15 15 60 2 8 0 5
0 0 0 1 1 6 1 1 7 2 3 2 5 -1 -1 -1 -1 -1 -1 733175 0 15 15 15 60 2 8 0 5
0 0 0 1 1 6 1 1 7 2 3 2 5 -1 -1 -1 -1 -1 -1 733342 0 15 15 15 60 2 6 2 5
0 0 0 1 1 6 1 1 7 2 3 2 5 -1 -1 -1 -1 -1 -1 733509 0 15 15 15 50 2 6 2 5
0 0 0 1 1 6 1 1 7 2 3 2 5 -1 -1 -1 -1 -1 -1 733809 0 15 15 15 20 2 6 2 5
0 0 0 1 6 1 1 1 7 2 3 2 4 -1 -1 -1 -1 -1 -1 734742 0 15 15 15 10 2 6 2 5
0 0 0 1 1 6 1 1 7 2 3 2 5 -1 -1 -1 -1 -1 -1 735741 0 15 15 15 10 2 5 2 5
0 0 0 1 1 6 1 1 7 2 3 2 5 -1 -1 -1 -1 -1 -1 736741 0 15 15 15 10 2 5 2 5
0 0 0 1 1 6 1 1 7 2 3 2 5 -1 -1 -1 -1 -1 -1 737741 0 15 15 15 10 2 5 2 5
0 0 0 1 1 1 1 6 7 2 3 2 7 -1 -1 -1 -1 -1 -1 738741 0 15 15 15 10 2 5 2 5
0 0 0 3 1 1 6 1 7 2 3 2 6 3 5 4 1 0 0 739740 0 15 15 15 10 2 4 2 5
0 0 0 1 1 1 6 1 7 2 3 2 6 -1 -1 -1 -1 -1 -1 740740 0 15 15 15 10 2 4 2 5
0 0 0 1 1 4 6 1 7 2 3 2 6 -1 -1 -1 -1 -1 -1 741740 1 15 15 15 10 2 4 2 5
0 0 0 1 1 1 6 1 7 2 3 2 6 -1 -1 -1 -1 -1 -1 742740 0 15 15 15 10 2 4 2 5
0 0 0 1 1 3 6 1 7 2 3 2 6 5 5 4 0 0 0 743740 0 15 15 15 10 2 5 2 5
0 0 0 1 1 1 6 1 7 2 3 2 6 -1 -1 -1 -1 -1 -1 744739 0 15 15 15 10 2 5 2 5
0 0 0 4 1 1 6 1 7 2 3 2 6 -1 -1 -1 -1 -1 -1 745572 1 15 15 15 12.5 2 5 2 5
0 0 0 1 1 6 1 1 7 2 3 2 5 -1 -1 -1 -1 -1 -1 746372 0 15 15 15 12.1667 2 5 2 5
0 0 0 3 1 6 1 1 7 2 3 2 5 3 5 4 3 0 0 747239 0 15 15 15 12.5 2 5 2 5
0 0 0 1 1 6 1 1 7 2 3 2 5 -1 -1 -1 -1 -1 -1 748038 0 15 15 15 12.5 2 5 2 5
0 0 0 1 6 1 4 1 7 2 3 2 4 -1 -1 -1 -1 -1 -1 748872 1 15 15 15 10.1667 2 5 2 5
0 0 0 6 1 1 1 1 7 2 3 2 3 -1 -1 -1 -1 -1 -1 749871 0 15 15 15 10 2 5 2 5
0 0 0 7 1 1 1 1 7 2 3 2 3 3 5 4 1 1 1 750704 0 15 15 15 12.5 2 4 2 5
0 0 0 1 6 1 1 1 7 2 3 2 4 -1 -1 -1 -1 -1 -1 751504 0 15 15 15 12.5 2 4 2 5
0 0 0 4 6 1 1 1 7 2 3 2 4 -1 -1 -1 -1 -1 -1 752304 1 15 15 15 12.5 2 4 2 5
0 0 0 1 6 1 1 1 7 2 3 2 4 -1 -1 -1 -1 -1 -1 753104 0 15 15 15 12.5 2 4 2 5
0 0 0 3 6 1 1 1 7 2 3 2 4 3 5 4 2 0 0 754037 0 15 15 15 10 2 4 2 5
0 0 0 1 6 1 1 1 7 2 3 2 4 -1 -1 -1 -1 -1 -1 754870 0 15 15 15 12.5 2 4 2 5
0 0 0 4 1 6 1 1 7 2 3 2 5 -1 -1 -1 -1 -1 -1 755670 1 15 15 15 12.5 2 4 2 5
0 0 0 1 1 6 1 1 7 2 3 2 5 -1 -1 -1 -1 -1 -1 756570 0 15 15 15 12.5 2 4 2 5
0 0 0 3 1 6 1 1 7 2 3 2 5 3 5 4 2 0 0 757370 0 15 15 15 12.5 2 8 0 5
0 0 0 1 1 6 1 1 7 2 3 2 5 -1 -1 -1 -1 -1 -1 758169 0 15 15 15 12 2 8 0 5
0 0 0 1 6 1 1 4 7 2 3 2 4 -1 -1 -1 -1 -1 -1 759002 1 15 15 15 12.5 2 8 0 5
0 0 0 1 6 1 1 1 7 2 3 2 4 -1 -1 -1 -1 -1 -1 759802 0 15 15 15 12.5 2 8 0 5
0 0 0 1 8 2 1 1 7 2 3 2 4 5 5 4 1 1 0 760702 0 15 15 15 12.5 2 6 2 5
0 0 0 1 6 1 1 1 7 2 3 2 4 -1 -1 -1 -1 -1 -1 761502 0 15 15 15 12.5 2 6 2 5
0 0 0 1 6 4 1 1 7 2 3 2 4 -1 -1 -1 -1 -1 -1 762302 1 15 15 15 11.6667 2 6 2 5
0 0 0 1 1 6 1 1 7 2 3 2 5 -1 -1 -1 -1 -1 -1 763268 0 15 15 15 10 2 6 2 5
0 0 0 1 3 6 1 1 7 2 3 2 5 4 5 4 3 0 0 764101 0 15 15 15 12.5 2 5 2 5
0 0 0 1 1 6 1 1 7 2 3 2 5 -1 -1 -1 -1 -1 -1 764901 0 15 15 15 12.5 2 5 2 5
0 0 0 1 1 6 1 4 7 2 3 2 5 -1 -1 -1 -1 -1 -1 765734 1 15 15 15 12.5 2 5 2 5
0 0 0 1 1 6 1 1 7 2 3 2 5 -1 -1 -1 -1 -1 -1 766534 0 15 15 15 12.5 2 5 2 5
0 0 0 1 1 7 1 1 7 2 3 2 5 5 5 4 2 1 1 767400 0 15 15 15 10 2 4 2 5
0 0 0 1 1 6 1 1 7 2 3 2 5 -1 -1 -1 -1 -1 -1 768267 0 15 15 15 12.5 2 4 2 5
0 0 0 4 1 1 6 1 7 2 3 2 6 -1 -1 -1 -1 -1 -1 769067 1 15 15 15 12.5 2 4 2 5
0 0 0 1 1 1 6 1 7 2 3 2 6 -1 -1 -1 -1 -1 -1 769900 0 15 15 15 12.5 2 4 2 5
0 0 0 1 1 3 6 1 7 2 3 2 6 5 5 4 0 0 0 770666 0 15 15 15 12.5 2 5 2 5
0 0 0 1 1 1 6 1 7 2 3 2 6 -1 -1 -1 -1 -1 -1 771533 0 15 15 15 10.3333 2 5 2 5
0 0 0 1 1 4 6 1 7 2 3 2 6 -1 -1 -1 -1 -1 -1 772333 1 15 15 15 12.5 2 5 2 5
0 0 0 1 1 6 1 1 7 2 3 2 5 -1 -1 -1 -1 -1 -1 773132 0 15 15 15 12.5 2 5 2 5
0 0 0 1 1 1 6 3 7 2 3 2 6 7 5 4 1 0 0 774065 0 15 15 15 10 2 5 2 5
0 0 0 1 1 1 6 1 7 2 3 2 6 -1 -1 -1 -1 -1 -1 774932 0 15 15 15 12.5 2 5 2 5
0 0 0 1 1 4 1 6 7 2 3 2 7 -1 -1 -1 -1 -1 -1 775732 1 15 15 15 12.5 2 5 2 5
0 0 0 1 1 1 1 6 7 2 3 2 7 -1 -1 -1 -1 -1 -1 776631 0 15 15 15 10 2 5 2 5
0 0 0 1 1 1 1 7 7 2 3 2 7 7 5 4 2 1 1 777531 0 15 15 15 12.5 2 4 2 5
0 0 0 1 1 1 6 1 7 2 3 2 6 -1 -1 -1 -1 -1 -1 778331 0 15 15 15 12.5 2 4 2 5
0 0 0 1 4 1 1 6 7 2 3 2 7 -1 -1 -1 -1 -1 -1 779198 1 15 15 15 10 2 4 2 5
0 0 0 1 1 1 1 6 7 2 3 2 7 -1 -1 -1 -1 -1 -1 780031 0 15 15 15 12.5 2 4 2 5
0 0 0 1 1 1 1 8 7 2 3 2 7 7 5 4 3 0 1 780830 0 15 15 15 12.5 2 4 2 5
0 0 0 1 1 1 1 6 7 2 3 2 7 -1 -1 -1 -1 -1 -1 781730 0 15 15 15 10 2 4 2 5
0 0 0 1 1 1 4 6 7 2 3 2 7 -1 -1 -1 -1 -1 -1 782563 1 15 15 15 12.5 2 4 2 5
0 0 0 1 1 1 6 1 7 2 3 2 6 -1 -1 -1 -1 -1 -1 783363 0 15 15 15 12.5 2 4 2 5
0 0 0 1 1 1 6 3 7 2 3 2 6 7 5 4 0 0 0 784163 0 15 15 15 12.5 2 8 0 5
0 0 0 1 1 1 6 1 7 2 3 2 6 -1 -1 -1 -1 -1 -1 784963 0 15 15 15 12.5 2 8 0 5
0 0 0 4 1 1 6 1 7 2 3 2 6 -1 -1 -1 -1 -1 -1 785796 1 15 15 15 12.5 2 8 0 5
0 0 0 1 1 1 6 1 7 2 3 2 6 -1 -1 -1 -1 -1 -1 786596 0 15 15 15 12.5 2 8 0 5
0 0 0 1 1 1 6 3 7 2 3 2 6 7 5 4 3 0 0 787462 0 15 15 15 12.5 2 6 2 5
0 0 0 1 1 6 1 1 7 2 3 2 5 -1 -1 -1 -1 -1 -1 788262 0 15 15 15 12.5 2 6 2 5
0 0 0 1 1 6 1 4 7 2 3 2 5 -1 -1 -1 -1 -1 -1 789062 1 15 15 15 12 2 6 2 5
0 0 0 1 1 1 6 1 7 2 3 2 6 -1 -1 -1 -1 -1 -1 789995 0 15 15 15 12.5 2 6 2 5
0 0 0 1 1 3 6 1 7 2 3 2 6 5 5 4 2 0 0 790795 0 15 15 15 12.5 2 5 2 5
0 0 0 1 1 1 6 1 7 2 3 2 6 -1 -1 -1 -1 -1 -1 791595 0 15 15 15 10.8333 2 5 2 5
0 0 0 1 1 4 6 1 7 2 3 2 6 -1 -1 -1 -1 -1 -1 792428 1 15 15 15 12.5 2 5 2 5
0 0 0 1 1 1 1 6 7 2 3 2 7 -1 -1 -1 -1 -1 -1 793227 0 15 15 15 12.3333 2 5 2 5
0 0 0 1 1 1 1 7 7 2 3 2 7 7 5 4 0 1 1 794027 0 15 15 15 12.5 2 4 2 5
0 0 0 1 1 1 1 6 7 2 3 2 7 -1 -1 -1 -1 -1 -1 794827 0 15 15 15 12.5 2 4 2 5
0 0 0 1 1 1 4 6 7 2 3 2 7 -1 -1 -1 -1 -1 -1 795660 1 15 15 15 12.5 2 4 2 5
0 0 0 1 1 1 1 6 7 2 3 2 7 -1 -1 -1 -1 -1 -1 796460 0 15 15 15 12.5 2 4 2 5
0 0 0 1 1 1 3 6 7 2 3 2 7 6 5 4 2 0 0 797293 0 15 15 15 10.3333 2 5 2 5
0 0 0 1 1 1 6 1 7 2 3 2 6 -1 -1 -1 -1 -1 -1 798293 0 15 15 15 12.5 2 5 2 5
0 0 0 1 4 6 1 1 7 2 3 2 5 -1 -1 -1 -1 -1 -1 799093 1 15 15 15 12.5 2 5 2 5
0 0 0 1 1 6 1 1 7 2 3 2 5 -1 -1 -1 -1 -1 -1 799892 0 15 15 15 11.6667 2 5 2 5
0 0 0 1 3 6 1 1 7 2 3 2 5 4 5 4 3 0 0 800726 0 15 15 15 12.5 2 5 2 5
0 0 0 1 1 6 1 1 7 2 3 2 5 -1 -1 -1 -1 -1 -1 801525 0 15 15 15 12.5 2 5 2 5
0 0 0 1 6 1 4 1 7 2 3 2 4 -1 -1 -1 -1 -1 -1 802425 1 15 15 15 10 2 5 2 5
0 0 0 1 6 1 1 1 7 2 3 2 4 -1 -1 -1 -1 -1 -1 803258 0 15 15 15 12.5 2 5 2 5
0 0 0 1 7 1 1 1 7 2 3 2 4 4 5 4 0 1 1 804058 0 15 15 15 12.5 2 4 2 5
0 0 0 1 1 6 1 1 7 2 3 2 5 -1 -1 -1 -1 -1 -1 804958 0 15 15 15 10 2 4 2 5
0 0 0 4 1 1 6 1 7 2 3 2 6 -1 -1 -1 -1 -1 -1 805824 1 15 15 15 12.5 2 4 2 5
0 0 0 1 1 1 6 1 7 2 3 2 6 -1 -1 -1 -1 -1 -1 806624 0 15 15 15 12.5 2 4 2 5
0 0 0 1 1 1 7 1 7 2 3 2 6 6 5 4 2 1 1 807424 0 15 15 15 12.5 2 4 2 5
0 0 0 1 1 6 1 1 7 2 3 2 5 -1 -1 -1 -1 -1 -1 808224 0 15 15 15 12.5 2 4 2 5
0 0 0 4 6 1 1 1 7 2 3 2 4 -1 -1 -1 -1 -1 -1 809090 1 15 15 15 10 2 4 2 5
0 0 0 1 1 6 1 1 7 2 3 2 5 -1 -1 -1 -1 -1 -1 810023 0 15 15 15 12.5 2 4 2 5
0 0 0 1 3 6 1 1 7 2 3 2 5 4 5 4 2 0 0 810823 0 15 15 15 12.5 2 8 0 5
0 0 0 1 1 6 1 1 7 2 3 2 5 -1 -1 -1 -1 -1 -1 811656 0 15 15 15 10.1667 2 8 0 5
0 0 0 1 1 6 1 4 7 2 3 2 5 -1 -1 -1 -1 -1 -1 812489 1 15 15 15 12.5 2 8 0 5
0 0 0 1 1 6 1 1 7 2 3 2 5 -1 -1 -1 -1 -1 -1 813289 0 15 15 15 12.5 2 8 0 5
0 0 0 1 1 6 3 1 7 2 3 2 5 6 5 4 3 0 0 814156 0 15 15 15 12.5 2 6 2 5
0 0 0 1 1 6 1 1 7 2 3 2 5 -1 -1 -1 -1 -1 -1 814955 0 15 15 15 12.5 2 6 2 5
0 0 0 1 1 6 1 4 7 2 3 2 5 -1 -1 -1 -1 -1 -1 815755 1 15 15 15 10.8333 2 6 2 5
0 0 0 1 1 6 1 1 7 2 3 2 5 -1 -1 -1 -1 -1 -1 816622 0 15 15 15 12.5 2 6 2 5
0 0 0 1 1 6 1 3 7 2 3 2 5 7 5 4 3 0 0 817422 0 15 15 15 12.5 2 5 2 5
0 0 0 1 1 6 1 1 7 2 3 2 5 -1 -1 -1 -1 -1 -1 818221 0 15 15 15 12.5 2 5 2 5
0 0 0 1 1 6 4 1 7 2 3 2 5 -1 -1 -1 -1 -1 -1 819021 1 15 15 15 12.5 2 5 2 5
0 0 0 1 1 6 1 1 7 2 3 2 5 -1 -1 -1 -1 -1 -1 819821 0 15 15 15 12.5 2 5 2 5
0 0 0 1 1 7 1 1 7 2 3 2 5 5 5 4 2 1 1 820621 0 15 15 15 12.5 2 4 2 5
0 0 0 1 1 6 1 1 7 2 3 2 5 -1 -1 -1 -1 -1 -1 733009 0 15 15 15 60 2 8 0 5
0 0 0 1 1 6 1 1 7 2 3 2 5 -1 -1 -1 -1 -1 -1 733175 0 15 15 15 60 2 8 0 5
0 0 0 1 1 6 1 1 7 2 3 2 5 -1 -1 -1 -1 -1 -1 733342 0 15 15 15 60 2 6 2 5
0 0 0 1 1 6 1 1 7 2 3 2 5 -1 -1 -1 -1 -1 -1 733509 0 15 15 15 50 2 6 2 5
0 0 0 1 1 6 1 1 7 2 3 2 5 -1 -1 -1 -1 -1 -1 733809 0 15 15 15 20 2 6 2 5
0 0 0 1 6 1 1 1 7 2 3 2 4 -1 -1 -1 -1 -1 -1 734742 0 15 15 15 10 2 6 2 5
0 0 0 1 1 6 1 1 7 2 3 2 5 -1 -1 -1 -1 -1 -1 735741 0 15 15 15 10 2 5 2 5
0 0 0 1 1 6 1 1 7 2 3 2 5 -1 -1 -1 -1 -1 -1 736741 0 15 15 15 10 2 5 2 5
0 0 0 1 1 6 1 1 7 2 3 2 5 -1 -1 -1 -1 -1 -1 737741 0 15 15 15 10 2 5 2 5
0 0 0 1 1 1 1 6 7 2 3 2 7 -1 -1 -1 -1 -1 -1 738741 0 15 15 15 10 2 5 2 5
0 0 0 3 1 1 6 1 7 2 3 2 6 3 5 4 1 0 0 739740 0 15 15 15 10 2 4 2 5
0 0 0 1 1 1 6 1 7 2 3 2 6 -1 -1 -1 -1 -1 -1 740740 0 15 15 15 10 2 4 2 5
0 0 0 1 1 4 6 1 7 2 3 2 6 -1 -1 -1 -1 -1 -1 741740 1 15 15 15 10 2 4 2 5
0 0 0 1 1 1 6 1 7 2 3 2 6 -1 -1 -1 -1 -1 -1 742740 0 15 15 15 10 2 4 2 5
0 0 0 1 1 3 6 1 7 2 3 2 6 5 5 4 0 0 0 743740 0 15 15 15 10 2 5 2 5
0 0 0 1 1 1 6 1 7 2 3 2 6 -1 -1 -1 -1 -1 -1 744739 0 15 15 15 10 2 5 2 5
0 0 0 4 1 1 6 1 7 2 3 2 6 -1 -1 -1 -1 -1 -1 745572 1 15 15 15 12.5 2 5 2 5
0 0 0 1 1 6 1 1 7 2 3 2 5 -1 -1 -1 -1 -1 -1 746372 0 15 15 15 12.1667 2 5 2 5
0 0 0 3 1 6 1 1 7 2 3 2 5 3 5 4 3 0 0 747239 0 15 15 15 12.5 2 5 2 5
0 0 0 1 1 6 1 1 7 2 3 2 5 -1 -1 -1 -1 -1 -1 748038 0 15 15 15 12.5 2 5 2 5
0 0 0 1 6 1 4 1 7 2 3 2 4 -1 -1 -1 -1 -1 -1 748872 1 15 15 15 10.1667 2 5 2 5
0 0 0 6 1 1 1 1 7 2 3 2 3 -1 -1 -1 -1 -1 -1 749871 0 15 15 15 10 2 5 2 5
0 0 0 7 1 1 1 1 7 2 3 2 3 3 5 4 1 1 1 750704 0 15 15 15 12.5 2 4 2 5
0 0 0 1 6 1 1 1 7 2 3 2 4 -1 -1 -1 -1 -1 -1 751504 0 15 15 15 12.5 2 4 2 5
0 0 0 4 6 1 1 1 7 2 3 2 4 -1 -1 -1 -1 -1 -1 752304 1 15 15 15 12.5 2 4 2 5
0 0 0 1 6 1 1 1 7 2 3 2 4 -1 -1 -1 -1 -1 -1 753104 0 15 15 15 12.5 2 4 2 5
0 0 0 3 6 1 1 1 7 2 3 2 4 3 5 4 2 0 0 754037 0 15 15 15 10 2 4 2 5
0 0 0 1 6 1 1 1 7 2 3 2 4 -1 -1 -1 -1 -1 -1 754870 0 15 15 15 12.5 2 4 2 5
0 0 0 4 1 6 1 1 7 2 3 2 5 -1 -1 -1 -1 -1 -1 755670 1 15 15 15 12.5 2 4 2 5
0 0 0 1 1 6 1 1 7 2 3 2 5 -1 -1 -1 -1 -1 -1 756570 0 15 15 15 12.5 2 4 2 5
0 0 0 3 1 6 1 1 7 2 3 2 5 3 5 4 2 0 0 757370 0 15 15 15 12.5 2 8 0 5
0 0 0 1 1 6 1 1 7 2 3 2 5 -1 -1 -1 -1 -1 -1 758169 0 15 15 15 12 2 8 0 5
0 0 0 1 6 1 1 4 7 2 3 2 4 -1 -1 -1 -1 -1 -1 759002 1 15 15 15 12.5 2 8 0 5
0 0 0 1 6 1 1 1 7 2 3 2 4 -1 -1 -1 -1 -1 -1 759802 0 15 15 15 12.5 2 8 0 5
0 0 0 1 8 2 1 1 7 2 3 2 4 5 5 4 1 1 0 760702 0 15 15 15 12.5 2 6 2 5
0 0 0 1 6 1 1 1 7 2 3 2 4 -1 -1 -1 -1 -1 -1 761502 0 15 15 15 12.5 2 6 2 5
0 0 0 1 6 4 1 1 7 2 3 2 4 -1 -1 -1 -1 -1 -1 762302 1 15 15 15 11.6667 2 6 2 5
0 0 0 1 1 6 1 1 7 2 3 2 5 -1 -1 -1 -1 -1 -1 763268 0 15 15 15 10 2 6 2 5
0 0 0 1 3 6 1 1 7 2 3 2 5 4 5 4 3 0 0 764101 0 15 15 15 12.5 2 5 2 5
0 0 0 1 1 6 1 1 7 2 3 2 5 -1 -1 -1 -1 -1 -1 764901 0 15 15 15 12.5 2 5 2 5
0 0 0 1 1 6 1 4 7 2 3 2 5 -1 -1 -1 -1 -1 -1 765734 1 15 15 15 12.5 2 5 2 5
0 0 0 1 1 6 1 1 7 2 3 2 5 -1 -1 -1 -1 -1 -1 766534 0 15 15 15 12.5 2 5 2 5
0 0 0 1 1 7 1 1 7 2 3 2 5 5 5 4 2 1 1 767400 0 15 15 15 10 2 4 2 5
0 0 0 1 1 6 1 1 7 2 3 2 5 -1 -1 -1 -1 -1 -1 768267 0 15 15 15 12.5 2 4 2 5
0 0 0 4 1 1 6 1 7 2 3 2 6 -1 -1 -1 -1 -1 -1 769067 1 15 15 15 12.5 2 4 2 5
0 0 0 1 1 1 6 1 7 2 3 2 6 -1 -1 -1 -1 -1 -1 769900 0 15 15 15 12.5 2 4 2 5
0 0 0 1 1 3 6 1 7 2 3 2 6 5 5 4 0 0 0 770666 0 15 15 15 12.5 2 5 2 5
0 0 0 1 1 1 6 1 7 2 3 2 6 -1 -1 -1 -1 -1 -1 771533 0 15 15 15 10.3333 2 5 2 5
0 0 0 1 1 4 6 1 7 2 3 2 6 -1 -1 -1 -1 -1 -1 772333 1 15 15 15 12.5 2 5 2 5
0 0 0 1 1 6 1 1 7 2 3 2 5 -1 -1 -1 -1 -1 -1 773132 0 15 15 15 12.5 2 5 2 5
0 0 0 1 1 1 6 3 7 2 3 2 6 7 5 4 1 0 0 774065 0 15 15 15 10 2 5 2 5
0 0 0 1 1 1 6 1 7 2 3 2 6 -1 -1 -1 -1 -1 -1 774932 0 15 15 15 12.5 2 5 2 5
0 0 0 1 1 4 1 6 7 2 3 2 7 -1 -1 -1 -1 -1 -1 775732 1 15 15 15 12.5 2 5 2 5
0 0 0 1 1 1 1 6 7 2 3 2 7 -1 -1 -1 -1 -1 -1 776631 0 15 15 15 10 2 5 2 5
0 0 0 1 1 1 1 7 7 2 3 2 7 7 5 4 2 1 1 777531 0 15 15 15 12.5 2 4 2 5
0 0 0 1 1 1 6 1 7 2 3 2 6 -1 -1 -1 -1 -1 -1 778331 0 15 15 15 12.5 2 4 2 5
0 0 0 1 4 1 1 6 7 2 3 2 7 -1 -1 -1 -1 -1 -1 779198 1 15 15 15 10 2 4 2 5
0 0 0 1 1 1 1 6 7 2 3 2 7 -1 -1 -1 -1 -1 -1 780031 0 15 15 15 12.5 2 4 2 5
0 0 0 1 1 1 1 8 7 2 3 2 7 7 5 4 3 0 1 780830 0 15 15 15 12.5 2 4 2 5
0 0 0 1 1 1 1 6 7 2 3 2 7 -1 -1 -1 -1 -1 -1 781730 0 15 15 15 10 2 4 2 5
0 0 0 1 1 1 4 6 7 2 3 2 7 -1 -1 -1 -1 -1 -1 782563 1 15 15 15 12.5 2 4 2 5
0 0 0 1 1 1 6 1 7 2 3 2 6 -1 -1 -1 -1 -1 -1 783363 0 15 15 15 12.5 2 4 2 5
0 0 0 1 1 1 6 3 7 2 3 2 6 7 5 4 0 0 0 784163 0 15 15 15 12.5 2 8 0 5
0 0 0 1 1 1 6 1 7 2 3 2 6 -1 -1 -1 -1 -1 -1 784963 0 15 15 15 12.5 2 8 0 5
0 0 0 4 1 1 6 1 7 2 3 2 6 -1 -1 -1 -1 -1 -1 785796 1 15 15 15 12.5 2 8 0 5
0 0 0 1 1 1 6 1 7 2 3 2 6 -1 -1 -1 -1 -1 -1 786596 0 15 15 15 12.5 2 8 0 5
0 0 0 1 1 1 6 3 7 2 3 2 6 7 5 4 3 0 0 787462 0 15 15 15 12.5 2 6 2 5
0 0 0 1 1 6 1 1 7 2 3 2 5 -1 -1 -1 -1 -1 -1 788262 0 15 15 15 12.5 2 6 2 5
0 0 0 1 1 6 1 4 7 2 3 2 5 -1 -1 -1 -1 -1 -1 789062 1 15 15 15 12 2 6 2 5
0 0 0 1 1 1 6 1 7 2 3 2 6 -1 -1 -1 -1 -1 -1 789995 0 15 15 15 12.5 2 6 2 5
0 0 0 1 1 3 6 1 7 2 3 2 6 5 5 4 2 0 0 790795 0 15 15 15 12.5 2 5 2 5
0 0 0 1 1 1 6 1 7 2 3 2 6 -1 -1 -1 -1 -1 -1 791595 0 15 15 15 10.8333 2 5 2 5
0 0 0 1 1 4 6 1 7 2 3 2 6 -1 -1 -1 -1 -1 -1 792428 1 15 15 15 12.5 2 5 2 5
0 0 0 1 1 1 1 6 7 2 3 2 7 -1 -1 -1 -1 -1 -1 793227 0 15 15 15 12.3333 2 5 2 5
0 0 0 1 1 1 1 7 7 2 3 2 7 7 5 4 0 1 1 794027 0 15 15 15 12.5 2 4 2 5
0 0 0 1 1 1 1 6 7 2 3 2 7 -1 -1 -1 -1 -1 -1 794827 0 15 15 15 12.5 2 4 2 5
0 0 0 1 1 1 4 6 7 2 3 2 7 -1 -1 -1 -1 -1 -1 795660 1 15 15 15 12.5 2 4 2 5
0 0 0 1 1 1 1 6 7 2 3 2 7 -1 -1 -1 -1 -1 -1 796460 0 15 15 15 12.5 2 4 2 5
0 0 0 1 1 1 3 6 7 2 3 2 7 6 5 4 2 0 0 797293 0 15 15 15 10.3333 2 5 2 5
0 0 0 1 1 1 6 1 7 2 3 2 6 -1 -1 -1 -1 -1 -1 798293 0 15 15 15 12.5 2 5 2 5
0 0 0 1 4 6 1 1 7 2 3 2 5 -1 -1 -1 -1 -1 -1 799093 1 15 15 15 12.5 2 5 2 5
0 0 0 1 1 6 1 1 7 2 3 2 5 -1 -1 -1 -1 -1 -1 799892 0 15 15 15 11.6667 2 5 2 5
0 0 0 1 3 6 1 1 7 2 3 2 5 4 5 4 3 0 0 800726 0 15 15 15 12.5 2 5 2 5
0 0 0 1 1 6 1 1 7 2 3 2 5 -1 -1 -1 -1 -1 -1 801525 0 15 15 15 12.5 2 5 2 5
0 0 0 1 6 1 4 1 7 2 3 2 4 -1 -1 -1 -1 -1 -1 802425 1 15 15 15 10 2 5 2 5
0 0 0 1 6 1 1 1 7 2 3 2 4 -1 -1 -1 -1 -1 -1 803258 0 15 15 15 12.5 2 5 2 5
0 0 0 1 7 1 1 1 7 2 3 2 4 4 5 4 0 1 1 804058 0 15 15 15 12.5 2 4 2 5
0 0 0 1 1 6 1 1 7 2 3 2 5 -1 -1 -1 -1 -1 -1 804958 0 15 15 15 10 2 4 2 5
0 0 0 4 1 1 6 1 7 2 3 2 6 -1 -1 -1 -1 -1 -1 805824 1 15 15 15 12.5 2 4 2 5
0 0 0 1 1 1 6 1 7 2 3 2 6 -1 -1 -1 -1 -1 -1 806624 0 15 15 15 12.5 2 4 2 5
0 0 0 1 1 1 7 1 7 2 3 2 6 6 5 4 2 1 1 807424 0 15 15 15 12.5 2 4 2 5
0 0 0 1 1 6 1 1 7 2 3 2 5 -1 -1 -1 -1 -1 -1 808224 0 15 15 15 12.5 2 4 2 5
0 0 0 4 6 1 1 1 7 2 3 2 4 -1 -1 -1 -1 -1 -1 809090 1 15 15 15 10 2 4 2 5
0 0 0 1 1 6 1 1 7 2 3 2 5 -1 -1 -1 -1 -1 -1 810023 0 15 15 15 12.5 2 4 2 5
0 0 0 1 3 6 1 1 7 2 3 2 5 4 5 4 2 0 0 810823 0 15 15 15 12.5 2 8 0 5
0 0 0 1 1 6 1 1 7 2 3 2 5 -1 -1 -1 -1 -1 -1 811656 0 15 15 15 10.1667 2 8 0 5
0 0 0 1 1 6 1 4 7 2 3 2 5 -1 -1 -1 -1 -1 -1 812489 1 15 15 15 12.5 2 8 0 5
0 0 0 1 1 6 1 1 7 2 3 2 5 -1 -1 -1 -1 -1 -1 813289 0 15 15 15 12.5 2 8 0 5
0 0 0 1 1 6 3 1 7 2 3 2 5 6 5 4 3 0 0 814156 0 15 15 15 12.5 2 6 2 5
0 0 0 1 1 6 1 1 7 2 3 2 5 -1 -1 -1 -1 -1 -1 814955 0 15 15 15 12.5 2 6 2 5
0 0 0 1 1 6 1 4 7 2 3 2 5 -1 -1 -1 -1 -1 -1 815755 1 15 15 15 10.8333 2 6 2 5
0 0 0 1 1 6 1 1 7 2 3 2 5 -1 -1 -1 -1 -1 -1 816622 0 15 15 15 12.5 2 6 2 5
0 0 0 1 1 6 1 3 7 2 3 2 5 7 5 4 3 0 0 817422 0 15 15 15 12.5 2 5 2 5
0 0 0 1 1 6 1 1 7 2 3 2 5 -1 -1 -1 -1 -1 -1 818221 0 15 15 15 12.5 2 5 2 5
0 0 0 1 1 6 4 1 7 2 3 2 5 -1 -1 -1 -1 -1 -1 819021 1 15 15 15 12.5 2 5 2 5
0 0 0 1 1 6 1 1 7 2 3 2 5 -1 -1 -1 -1 -1 -1 819821 0 15 15 15 12.5 2 5 2 5
0 0 0 1 1 7 1 1 7 2 3 2 5 5 5 4 2 1 1 820621 0 15 15 15 12.5 2 4 2 5
