% Tunnel Log: 
% debug seed: 1462310474
%
% SegEncNW { '0'=no panel, '1'=panel, '4'=obstacle, '5'=collided obstacle, '6'=player, '7'=player right, '8'=player wrong, '2'=target, '3'=fake }
% SegEncN
% SegEncNE
% SegEncE
% SegEncSE
% SegEncS
% SegEncSW
% SegEncW
% Event Number { 0, inf }
% Task Type { 0=Color/Sound, 1=Shape/Sound, 2=Sound, 3=Navigation, 4=Speed, 5=Training 6=Recess, 7=Special 2-Back }
% N-Back { 0, inf }
% Navigation Level { 0, inf }
% Player Loc { 0=Northwest ... 7=West }
% Pod Loc { -1=N/A, 0=Northwest ... 7=West }
% Pod Color { -1, inf }
% Pod Shape { -1, inf }
% Pod Sound { -1, inf }
% Pod Match { -1=N/A, 0=No, 1=Yes }
% Pod Taken { -1=N/A, 0=No, 1=Yes }
% Timestamp (ms)
% Num Obstacles { 0, inf }
% Min Speed { 0, inf }
% Max Speed { 0, inf }
% Base Speed { 0, inf }
% Final Speed { 0, inf }
% Navigation Score { 0, inf }
% Segment Direction { 0=Northwest ... 7=West }
% Segment Angle { 0, inf }
% Segment Panels { 0, inf }
%
% SegEncNW SecEncN SegEncNE SegEncE SegEncSE SegEncS SegEncSW SegEncW EventNumber TaskType N-Back Navigation PlayerLoc PodLoc PodColor PodShape PodSound PodMatch PodTaken Timestamp NumObs MinSpeed MaxSpeed BaseSpeed FinalSpeed NavScore SegmentDir SegmentAngle SegmentPanels
0 0 0 0 1 6 1 0 0 3 1 0 5 -1 -1 -1 -1 -1 -1 19666 0 15 40 15 60 2 8 0 3
0 0 0 0 1 6 1 0 0 3 1 0 5 -1 -1 -1 -1 -1 -1 19766 0 15 40 15 60 2 8 0 3
0 0 0 0 1 6 1 0 0 3 1 0 5 -1 -1 -1 -1 -1 -1 19933 0 15 40 15 60 2 8 0 3
0 0 0 0 1 6 1 0 0 3 1 0 5 -1 -1 -1 -1 -1 -1 20100 0 15 40 15 60 2 4 2 3
0 0 0 0 1 6 1 0 0 3 1 0 5 -1 -1 -1 -1 -1 -1 20266 0 15 40 15 50 2 4 2 3
0 0 0 0 1 6 1 0 0 3 1 0 5 -1 -1 -1 -1 -1 -1 20566 0 15 40 15 20 2 4 2 3
0 0 0 0 1 6 1 0 0 3 1 0 5 -1 -1 -1 -1 -1 -1 21500 0 15 40 15 10 2 4 2 3
0 0 0 0 1 6 1 0 0 3 1 0 5 -1 -1 -1 -1 -1 -1 22500 0 15 40 15 10 2 4 2 3
0 0 0 0 6 1 1 0 0 3 1 0 4 -1 -1 -1 -1 -1 -1 23433 0 15 40 15 12.5 2 4 2 3
0 0 0 0 6 1 1 0 0 3 1 0 4 -1 -1 -1 -1 -1 -1 24233 0 15 40 15 12.5 2 4 2 3
0 0 0 0 6 1 1 0 0 3 1 0 4 -1 -1 -1 -1 -1 -1 25066 0 15 40 15 10.5 2 4 2 3
0 0 0 0 7 1 1 0 0 3 1 0 4 4 5 4 4 1 1 25933 0 15 40 15 12.5 2 4 2 3
0 0 0 0 6 1 1 0 0 3 1 0 4 -1 -1 -1 -1 -1 -1 26733 0 15 40 15 12.5 2 4 2 3
0 0 0 0 6 1 1 0 0 3 1 0 4 -1 -1 -1 -1 -1 -1 27599 0 15 40 15 12.5 2 4 2 3
0 0 0 0 6 1 1 0 0 3 1 0 4 -1 -1 -1 -1 -1 -1 28399 0 15 40 15 12.5 2 4 2 3
0 0 0 0 7 1 1 0 0 3 1 0 4 4 5 4 4 1 1 29199 0 15 40 15 11.3333 2 5 2 3
0 0 0 0 6 1 1 0 0 3 1 0 4 -1 -1 -1 -1 -1 -1 29899 0 15 40 16 16.25 2 5 2 3
0 0 0 0 6 1 1 0 0 3 1 0 4 -1 -1 -1 -1 -1 -1 30499 0 15 40 16 16.25 2 5 2 3
0 0 0 0 1 1 6 0 0 3 1 0 6 -1 -1 -1 -1 -1 -1 31133 0 15 40 16 15.8167 2 5 2 3
0 0 0 0 1 1 7 0 0 3 1 0 6 6 5 4 4 1 1 31866 0 15 40 16 13 2 6 2 3
0 0 0 0 1 1 6 0 0 3 1 0 6 -1 -1 -1 -1 -1 -1 32599 0 15 40 16 16.25 2 6 2 3
0 0 0 0 1 1 6 0 0 3 1 0 6 -1 -1 -1 -1 -1 -1 33233 0 15 40 16 16.25 2 6 2 3
0 0 0 0 1 6 1 0 0 3 1 0 5 -1 -1 -1 -1 -1 -1 33833 0 15 40 16 16.25 2 6 2 3
0 0 0 1 1 7 1 1 0 3 1 0 5 5 5 4 4 1 1 34499 0 15 40 16 13.65 2 5 2 5
0 0 0 1 1 6 1 1 0 3 1 1 5 -1 -1 -1 -1 -1 -1 35033 0 15 40 17 20 2 5 2 5
0 0 0 1 1 6 1 1 0 3 1 1 5 -1 -1 -1 -1 -1 -1 35533 0 15 40 17 20 2 5 2 5
0 0 0 1 1 1 6 1 0 3 1 1 6 -1 -1 -1 -1 -1 -1 36033 0 15 40 17 20 2 5 2 5
0 0 0 1 1 1 7 1 0 3 1 1 6 6 5 4 4 1 1 36566 0 15 40 17 20 2 5 2 5
0 0 0 1 1 1 6 1 0 3 1 1 6 -1 -1 -1 -1 -1 -1 37066 0 15 40 17 20 2 5 2 5
0 0 0 1 1 6 1 1 0 3 1 1 5 -1 -1 -1 -1 -1 -1 37566 0 15 40 17 20 2 5 2 5
0 0 0 1 6 1 1 1 0 3 1 1 4 -1 -1 -1 -1 -1 -1 38066 0 15 40 17 18.9333 2 5 2 5
0 0 0 1 7 1 1 1 0 3 1 1 4 4 5 4 4 1 1 38566 0 15 40 17 20 2 8 0 5
0 0 0 1 6 1 1 1 0 3 1 1 4 -1 -1 -1 -1 -1 -1 38999 0 15 40 18 23.75 2 8 0 5
0 0 0 6 1 1 1 1 0 3 1 1 3 -1 -1 -1 -1 -1 -1 39433 0 15 40 18 23.75 2 8 0 5
0 0 0 6 1 1 1 1 0 3 1 1 3 -1 -1 -1 -1 -1 -1 39833 0 15 40 18 23.75 2 8 0 5
0 0 0 7 1 1 1 1 0 3 1 1 3 3 5 4 4 1 1 40266 0 15 40 18 23.75 2 4 2 5
0 0 0 6 1 1 1 1 0 3 1 1 3 -1 -1 -1 -1 -1 -1 40666 0 15 40 18 23.75 2 4 2 5
0 0 0 1 6 1 1 1 0 3 1 1 4 -1 -1 -1 -1 -1 -1 41099 0 15 40 18 23.75 2 4 2 5
0 0 0 1 1 6 1 1 0 3 1 1 5 -1 -1 -1 -1 -1 -1 41533 0 15 40 18 20.9 2 4 2 5
0 0 0 1 1 7 1 1 0 3 1 1 5 5 5 4 4 1 1 41999 0 15 40 18 23.75 2 4 2 5
0 0 0 1 1 6 1 1 0 3 1 1 5 -1 -1 -1 -1 -1 -1 42366 0 15 40 19 26.25 2 4 2 5
0 0 0 1 1 1 6 1 0 3 1 1 6 -1 -1 -1 -1 -1 -1 42766 0 15 40 19 26.25 2 4 2 5
0 0 0 1 1 1 6 1 0 3 1 1 6 -1 -1 -1 -1 -1 -1 43133 0 15 40 19 26.25 2 4 2 5
0 0 0 1 1 1 7 1 0 3 1 1 6 6 5 4 4 1 1 43533 0 15 40 19 23.1 2 4 2 5
0 0 0 1 1 1 6 1 0 3 1 1 6 -1 -1 -1 -1 -1 -1 43999 0 15 40 19 21 2 4 2 5
0 0 0 1 1 1 1 6 0 3 1 1 7 -1 -1 -1 -1 -1 -1 44466 0 15 40 19 21 2 4 2 5
0 0 0 1 1 1 1 6 0 3 1 1 7 -1 -1 -1 -1 -1 -1 44866 0 15 40 19 26.25 2 4 2 5
0 0 0 1 1 1 1 7 0 3 1 1 7 7 5 4 4 1 1 45266 0 15 40 19 26.25 2 5 2 5
0 0 0 1 1 1 1 6 0 3 1 2 7 -1 -1 -1 -1 -1 -1 45632 0 15 40 20 27.5 2 5 2 5
0 0 0 1 1 1 1 6 0 3 1 2 7 -1 -1 -1 -1 -1 -1 45966 0 15 40 20 27.5 2 5 2 5
0 0 0 1 1 1 1 6 0 3 1 2 7 -1 -1 -1 -1 -1 -1 46366 0 15 40 20 23.8333 2 5 2 5
0 0 0 1 1 1 1 7 0 3 1 2 7 7 5 4 4 1 1 46732 0 15 40 20 27.5 2 6 2 5
0 0 0 1 1 1 6 1 0 3 1 2 6 -1 -1 -1 -1 -1 -1 47099 0 15 40 20 27.5 2 6 2 5
0 0 0 1 1 6 1 4 0 3 1 2 5 -1 -1 -1 -1 -1 -1 47466 1 15 40 20 27.5 2 6 2 5
0 0 0 1 1 6 1 1 0 3 1 2 5 -1 -1 -1 -1 -1 -1 47832 0 15 40 20 27.5 2 6 2 5
0 0 0 1 1 7 1 1 0 3 1 2 5 5 5 4 4 1 1 48199 0 15 40 20 24.2 2 5 2 5
0 0 0 1 1 6 1 1 0 3 1 2 5 -1 -1 -1 -1 -1 -1 48632 0 15 40 21 23 2 5 2 5
0 0 0 4 6 1 1 1 0 3 1 2 4 -1 -1 -1 -1 -1 -1 49066 1 15 40 21 23 2 5 2 5
0 0 0 1 6 1 1 1 0 3 1 2 4 -1 -1 -1 -1 -1 -1 49499 0 15 40 21 23 2 5 2 5
0 0 0 1 7 1 1 1 0 3 1 2 4 4 5 4 4 1 1 49866 0 15 40 21 28.75 2 5 2 5
0 0 0 1 6 1 1 1 0 3 1 2 4 -1 -1 -1 -1 -1 -1 50199 0 15 40 21 28.75 2 5 2 5
0 0 0 1 6 1 1 4 0 3 1 2 4 -1 -1 -1 -1 -1 -1 50566 1 15 40 21 28.75 2 5 2 5
0 0 0 1 1 6 1 1 0 3 1 2 5 -1 -1 -1 -1 -1 -1 50899 0 15 40 21 28.75 2 5 2 5
0 0 0 1 1 7 1 1 0 3 1 2 5 5 5 4 4 1 1 51266 0 15 40 21 28.75 2 8 0 5
0 0 0 1 1 6 1 1 0 3 1 2 5 -1 -1 -1 -1 -1 -1 51599 0 15 40 22 30 2 8 0 5
0 0 0 4 1 6 1 1 0 3 1 2 5 -1 -1 -1 -1 -1 -1 51932 1 15 40 22 30 2 8 0 5
0 0 0 1 1 6 1 1 0 3 1 2 5 -1 -1 -1 -1 -1 -1 52266 0 15 40 22 30 2 8 0 5
0 0 0 1 1 7 1 1 0 3 1 2 5 5 5 4 4 1 1 52599 0 15 40 22 30 2 4 2 5
0 0 0 1 1 1 6 1 0 3 1 2 6 -1 -1 -1 -1 -1 -1 52932 0 15 40 22 27.2 2 4 2 5
0 0 0 1 4 6 1 1 0 3 1 2 5 -1 -1 -1 -1 -1 -1 53299 1 15 40 22 30 2 4 2 5
0 0 0 1 1 6 1 1 0 3 1 2 5 -1 -1 -1 -1 -1 -1 53632 0 15 40 22 30 2 4 2 5
0 0 0 2 1 8 1 1 0 3 1 2 5 3 5 4 4 1 0 53966 0 15 40 22 30 2 4 2 5
0 0 0 1 6 1 1 1 0 3 1 2 4 -1 -1 -1 -1 -1 -1 54299 0 15 40 21 28.75 2 4 2 5
0 0 0 1 6 1 4 1 0 3 1 2 4 -1 -1 -1 -1 -1 -1 54632 1 15 40 21 28.75 2 4 2 5
0 0 0 1 1 6 1 1 0 3 1 2 5 -1 -1 -1 -1 -1 -1 55032 0 15 40 21 24.15 2 4 2 5
0 0 0 1 1 7 1 1 0 3 1 2 5 5 5 4 4 1 1 55399 0 15 40 21 28.75 2 4 2 5
0 0 0 1 1 6 1 1 0 3 1 2 5 -1 -1 -1 -1 -1 -1 55732 0 15 40 21 28.75 2 4 2 5
0 0 0 1 4 6 1 1 0 3 1 2 5 -1 -1 -1 -1 -1 -1 56066 1 15 40 21 28.75 2 4 2 5
0 0 0 1 6 1 1 1 0 3 1 2 4 -1 -1 -1 -1 -1 -1 56432 0 15 40 21 28.75 2 4 2 5
0 0 0 7 1 1 1 1 0 3 1 2 3 3 5 4 4 1 1 56766 0 15 40 21 26.8333 2 5 2 5
0 0 0 6 1 1 1 1 0 3 1 2 3 -1 -1 -1 -1 -1 -1 57166 0 15 40 22 24 2 5 2 5
0 0 0 6 4 1 1 1 0 3 1 2 3 -1 -1 -1 -1 -1 -1 57532 1 15 40 22 30 2 5 2 5
0 0 0 6 1 1 1 1 0 3 1 2 3 -1 -1 -1 -1 -1 -1 57866 0 15 40 22 30 2 5 2 5
0 0 0 7 1 1 1 1 0 3 1 2 3 3 5 4 4 1 1 58199 0 15 40 22 30 2 6 2 5
0 0 0 1 6 1 1 1 0 3 1 2 4 -1 -1 -1 -1 -1 -1 58532 0 15 40 22 30 2 6 2 5
0 0 0 4 1 6 1 1 0 3 1 2 5 -1 -1 -1 -1 -1 -1 58866 1 15 40 22 29.6 2 6 2 5
0 0 0 1 6 1 1 1 0 3 1 2 4 -1 -1 -1 -1 -1 -1 59232 0 15 40 22 25.2 2 6 2 5
0 0 0 7 1 1 1 1 0 3 1 2 3 3 5 4 4 1 1 59666 0 15 40 22 24 2 5 2 5
0 0 0 1 1 6 1 1 0 3 1 2 5 -1 -1 -1 -1 -1 -1 60066 0 15 40 23 25 2 5 2 5
0 0 0 4 1 6 1 1 0 3 1 2 5 -1 -1 -1 -1 -1 -1 60466 1 15 40 23 31.25 2 5 2 5
0 0 0 1 1 6 1 1 0 3 1 2 5 -1 -1 -1 -1 -1 -1 60766 0 15 40 23 31.25 2 5 2 5
0 0 0 1 1 7 1 1 0 3 1 2 5 5 5 4 4 1 1 61099 0 15 40 23 31.25 2 5 2 5
0 0 0 1 1 6 1 1 0 3 1 2 5 -1 -1 -1 -1 -1 -1 61399 0 15 40 23 31.25 2 5 2 5
0 0 0 4 1 6 1 1 0 3 1 2 5 -1 -1 -1 -1 -1 -1 61732 1 15 40 23 31.25 2 5 2 5
0 0 0 1 1 6 1 1 0 3 1 2 5 -1 -1 -1 -1 -1 -1 62066 0 15 40 23 30 2 5 2 5
0 0 0 1 1 7 1 1 0 3 1 2 5 5 5 4 4 1 1 62399 0 15 40 23 25.8333 2 8 0 5
0 0 0 1 1 6 1 1 0 3 1 2 5 -1 -1 -1 -1 -1 -1 62766 0 15 40 24 31.875 2 8 0 5
0 0 0 1 1 6 4 1 0 3 1 2 5 -1 -1 -1 -1 -1 -1 63066 1 15 40 24 31.875 2 8 0 5
0 0 0 1 1 1 1 6 0 3 1 2 7 -1 -1 -1 -1 -1 -1 63399 0 15 40 24 31.875 2 8 0 5
0 0 0 1 1 1 1 7 0 3 1 2 7 7 5 4 4 1 1 63699 0 15 40 24 31.875 2 4 2 5
0 0 0 1 1 1 1 6 0 3 1 2 7 -1 -1 -1 -1 -1 -1 63999 0 15 40 24 31.875 2 4 2 5
0 0 0 4 1 1 6 1 0 3 1 2 6 -1 -1 -1 -1 -1 -1 64332 1 15 40 24 28.9 2 4 2 5
0 0 0 1 1 6 1 1 0 3 1 2 5 -1 -1 -1 -1 -1 -1 64699 0 15 40 24 25.5 2 4 2 5
0 0 0 1 1 7 1 1 0 3 1 2 5 5 5 4 4 1 1 65099 0 15 40 24 25.5 2 4 2 5
0 0 0 1 1 6 1 1 0 3 1 2 5 -1 -1 -1 -1 -1 -1 65499 0 15 40 25 32.5 2 4 2 5
0 0 0 1 1 6 1 4 0 3 1 2 5 -1 -1 -1 -1 -1 -1 65799 1 15 40 25 32.5 2 4 2 5
0 0 0 1 1 1 6 1 0 3 1 2 6 -1 -1 -1 -1 -1 -1 66099 0 15 40 25 32.5 2 4 2 5
0 0 0 1 1 1 1 7 0 3 1 2 7 7 5 4 4 1 1 66399 0 15 40 25 32.5 2 4 2 5
0 0 0 1 1 1 1 6 0 3 1 2 7 -1 -1 -1 -1 -1 -1 66732 0 15 40 25 32.5 2 4 2 5
0 0 0 1 1 1 4 6 0 3 1 2 7 -1 -1 -1 -1 -1 -1 67032 1 15 40 25 32.0667 2 4 2 5
0 0 0 1 1 1 6 1 0 3 1 2 6 -1 -1 -1 -1 -1 -1 67365 0 15 40 25 27.7333 2 4 2 5
0 0 0 1 1 1 7 1 0 3 1 2 6 6 5 4 4 1 1 67732 0 15 40 25 26 2 5 2 5
0 0 0 1 1 6 1 1 0 3 1 2 5 -1 -1 -1 -1 -1 -1 68132 0 15 40 26 26.5 2 5 2 5
0 0 0 1 1 6 4 1 0 3 1 2 5 -1 -1 -1 -1 -1 -1 68465 1 15 40 26 33.125 2 5 2 5
0 0 0 1 1 1 6 1 0 3 1 2 6 -1 -1 -1 -1 -1 -1 68765 0 15 40 26 33.125 2 5 2 5
0 0 0 1 1 1 7 1 0 3 1 2 6 6 5 4 4 1 1 69065 0 15 40 26 33.125 2 6 2 5
0 0 0 1 1 6 1 1 0 3 1 2 5 -1 -1 -1 -1 -1 -1 69365 0 15 40 26 33.125 2 6 2 5
0 0 0 1 1 6 4 1 0 3 1 2 5 -1 -1 -1 -1 -1 -1 69665 1 15 40 26 33.125 2 6 2 5
0 0 0 1 1 6 1 1 0 3 1 2 5 -1 -1 -1 -1 -1 -1 69965 0 15 40 26 31.8 2 6 2 5
0 0 0 1 1 7 1 1 0 3 1 2 5 5 5 4 4 1 1 70332 0 15 40 26 26.9417 2 5 2 5
0 0 0 1 1 6 1 1 0 3 1 2 5 -1 -1 -1 -1 -1 -1 70699 0 15 40 27 27 2 5 2 5
0 0 0 1 1 6 4 1 0 3 1 2 5 -1 -1 -1 -1 -1 -1 70999 1 15 40 27 33.75 2 5 2 5
0 0 0 1 1 6 1 1 0 3 1 2 5 -1 -1 -1 -1 -1 -1 71299 0 15 40 27 33.75 2 5 2 5
0 0 0 1 1 7 1 1 0 3 1 2 5 5 5 4 4 1 1 71599 0 15 40 27 33.75 2 5 2 5
0 0 0 1 1 6 1 1 0 3 1 2 5 -1 -1 -1 -1 -1 -1 71865 0 15 40 27 33.75 2 5 2 5
0 0 0 1 1 6 4 1 0 3 1 2 5 -1 -1 -1 -1 -1 -1 72165 1 15 40 27 33.75 2 5 2 5
0 0 0 1 1 6 1 1 0 3 1 2 5 -1 -1 -1 -1 -1 -1 72499 0 15 40 27 30.15 2 5 2 5
0 0 0 1 1 7 1 1 0 3 1 2 5 5 5 4 4 1 1 72832 0 15 40 27 27 2 8 0 5
0 0 0 1 1 1 6 1 0 3 1 2 6 -1 -1 -1 -1 -1 -1 73132 0 15 40 28 34.375 2 8 0 5
0 0 0 1 1 4 6 1 0 3 1 2 6 -1 -1 -1 -1 -1 -1 73432 1 15 40 28 34.375 2 8 0 5
0 0 0 1 1 1 6 1 0 3 1 2 6 -1 -1 -1 -1 -1 -1 73732 0 15 40 28 34.375 2 8 0 5
0 0 0 2 1 1 8 1 0 3 1 2 6 3 5 4 4 1 0 74032 0 15 40 28 34.375 2 4 2 5
0 0 0 1 1 1 6 1 0 3 1 2 6 -1 -1 -1 -1 -1 -1 74299 0 15 40 27 33.75 2 4 2 5
0 0 0 1 1 4 6 1 0 3 1 2 6 -1 -1 -1 -1 -1 -1 74632 1 15 40 27 31.05 2 4 2 5
0 0 0 1 1 6 1 1 0 3 1 2 5 -1 -1 -1 -1 -1 -1 74965 0 15 40 27 27 2 4 2 5
0 0 0 1 7 1 1 1 0 3 1 2 4 4 5 4 4 1 1 75332 0 15 40 27 27 2 4 2 5
0 0 0 1 6 1 1 1 0 3 1 2 4 -1 -1 -1 -1 -1 -1 75699 0 15 40 27 27 2 4 2 5
0 0 0 1 6 4 1 1 0 3 1 2 4 -1 -1 -1 -1 -1 -1 76065 1 15 40 27 27 2 4 2 5
0 0 0 1 6 1 1 1 0 3 1 2 4 -1 -1 -1 -1 -1 -1 76399 0 15 40 27 33.75 2 4 2 5
0 0 0 1 1 7 1 1 0 3 1 2 5 5 5 4 4 1 1 76699 0 15 40 27 33.75 2 4 2 5
0 0 0 1 1 1 6 1 0 3 1 2 6 -1 -1 -1 -1 -1 -1 76999 0 15 40 28 34.375 2 4 2 5
0 0 0 1 1 4 6 1 0 3 1 2 6 -1 -1 -1 -1 -1 -1 77265 1 15 40 28 34.375 2 4 2 5
0 0 0 1 1 1 6 1 0 3 1 2 6 -1 -1 -1 -1 -1 -1 77565 0 15 40 28 34.375 2 4 2 5
0 0 0 1 1 1 7 1 0 3 1 2 6 6 5 4 4 1 1 77865 0 15 40 28 32.5417 2 5 2 5
0 0 0 1 1 6 1 1 0 3 1 2 5 -1 -1 -1 -1 -1 -1 78199 0 15 40 28 27.9583 2 5 2 5
0 0 0 1 1 1 6 4 0 3 1 2 6 -1 -1 -1 -1 -1 -1 78565 1 15 40 28 27.5 2 5 2 5
0 0 0 1 1 1 1 6 0 3 1 2 7 -1 -1 -1 -1 -1 -1 78932 0 15 40 28 27.5 2 5 2 5
0 0 0 1 1 1 1 7 0 3 1 2 7 7 5 4 4 1 1 79299 0 15 40 28 27.5 2 6 2 5
0 0 0 1 1 1 6 1 0 3 1 2 6 -1 -1 -1 -1 -1 -1 79632 0 15 40 29 28 2 6 2 5
0 0 0 0 1 6 1 0 1 4 1 0 5 -1 -1 -1 -1 -1 -1 86665 0 15 40 15 60 2 8 0 3
0 0 0 0 1 6 1 0 1 4 1 0 5 -1 -1 -1 -1 -1 -1 86832 0 15 40 15 60 2 8 0 3
0 0 0 0 1 6 1 0 1 4 1 0 5 -1 -1 -1 -1 -1 -1 86999 0 15 40 15 60 2 5 2 3
0 0 0 0 1 6 1 0 1 4 1 0 5 -1 -1 -1 -1 -1 -1 87165 0 15 40 15 50 2 5 2 3
0 0 0 0 1 6 1 0 1 4 1 0 5 -1 -1 -1 -1 -1 -1 87465 0 15 40 15 20 2 5 2 3
0 0 0 0 1 6 1 0 1 4 1 0 5 -1 -1 -1 -1 -1 -1 88398 0 15 40 15 12.5 2 5 2 3
0 0 0 0 1 6 1 0 1 4 1 0 5 -1 -1 -1 -1 -1 -1 89198 0 15 40 15 12.5 2 5 2 3
0 0 0 0 1 6 1 0 1 4 1 0 5 -1 -1 -1 -1 -1 -1 89998 0 15 40 15 11.6667 2 5 2 3
0 0 0 0 1 6 1 0 1 4 1 0 5 -1 -1 -1 -1 -1 -1 90965 0 15 40 15 12.5 2 5 2 3
0 0 0 0 1 1 6 0 1 4 1 0 6 -1 -1 -1 -1 -1 -1 91765 0 15 40 15 12.5 2 5 2 3
0 0 0 0 1 3 6 0 1 4 1 0 6 5 1 7 2 0 0 92565 0 15 40 15 11.8333 2 4 2 3
0 0 0 0 1 6 1 0 1 4 1 0 5 -1 -1 -1 -1 -1 -1 93532 0 15 40 15 10 2 4 2 3
0 0 0 0 1 6 1 0 1 4 1 0 5 -1 -1 -1 -1 -1 -1 94365 0 15 40 15 12.5 2 4 2 3
0 0 0 0 1 6 1 0 1 4 1 0 5 -1 -1 -1 -1 -1 -1 95165 0 15 40 15 12.5 2 4 2 3
0 0 0 0 3 6 1 0 1 4 1 0 5 4 2 5 0 0 0 96032 0 15 40 15 12.5 2 5 2 3
0 0 0 0 1 6 1 0 1 4 1 0 5 -1 -1 -1 -1 -1 -1 96832 0 15 40 15 12.5 2 5 2 3
0 0 0 0 1 1 6 0 1 4 1 0 6 -1 -1 -1 -1 -1 -1 97665 0 15 40 15 11 2 5 2 3
0 0 0 0 1 1 6 0 1 4 1 0 6 -1 -1 -1 -1 -1 -1 98498 0 15 40 15 12.5 2 5 2 3
0 0 0 0 1 1 7 0 1 4 1 0 6 6 2 5 0 1 1 99298 0 15 40 15 12.5 2 5 2 3
0 0 0 0 1 6 1 0 1 4 1 0 5 -1 -1 -1 -1 -1 -1 100198 0 15 40 15 10 2 5 2 3
0 0 0 0 1 1 6 0 1 4 1 0 6 -1 -1 -1 -1 -1 -1 101065 0 15 40 15 12.5 2 5 2 3
0 0 0 0 1 1 6 0 1 4 1 0 6 -1 -1 -1 -1 -1 -1 101865 0 15 40 15 12.5 2 5 2 3
0 0 0 1 1 3 6 1 1 4 1 0 6 5 3 8 3 0 0 102765 0 15 40 15 12.5 2 5 2 5
0 0 0 1 1 1 6 1 1 4 1 1 6 -1 -1 -1 -1 -1 -1 103565 0 15 40 15 12.5 2 5 2 5
0 0 0 1 1 1 6 1 1 4 1 1 6 -1 -1 -1 -1 -1 -1 104365 0 15 40 15 12 2 5 2 5
0 0 0 1 1 6 1 1 1 4 1 1 5 -1 -1 -1 -1 -1 -1 105332 0 15 40 15 10 2 5 2 5
0 0 0 1 1 6 3 1 1 4 1 1 5 6 1 7 2 0 0 106132 0 15 40 15 12.5 2 5 2 5
0 0 0 1 1 6 1 1 1 4 1 1 5 -1 -1 -1 -1 -1 -1 106932 0 15 40 15 12.1667 2 5 2 5
0 0 0 1 1 6 1 1 1 4 1 1 5 -1 -1 -1 -1 -1 -1 107865 0 15 40 15 10 2 5 2 5
0 0 0 1 1 6 1 1 1 4 1 1 5 -1 -1 -1 -1 -1 -1 108665 0 15 40 15 12.5 2 5 2 5
0 0 0 1 1 6 3 1 1 4 1 1 5 6 2 5 0 0 0 109465 0 15 40 15 12.1667 2 8 0 5
0 0 0 1 1 6 1 1 1 4 1 1 5 -1 -1 -1 -1 -1 -1 110431 0 15 40 15 12.5 2 8 0 5
0 0 0 1 1 6 1 1 1 4 1 1 5 -1 -1 -1 -1 -1 -1 111231 0 15 40 15 12.5 2 8 0 5
0 0 0 1 1 6 1 1 1 4 1 1 5 -1 -1 -1 -1 -1 -1 112031 0 15 40 15 12 2 8 0 5
0 0 0 1 3 6 1 1 1 4 1 1 5 4 0 6 1 0 0 112998 0 15 40 15 10 2 5 2 5
0 0 0 1 1 6 1 1 1 4 1 1 5 -1 -1 -1 -1 -1 -1 113798 0 15 40 15 12.5 2 5 2 5
0 0 0 1 1 6 1 1 1 4 1 1 5 -1 -1 -1 -1 -1 -1 114598 0 15 40 15 12.1667 2 5 2 5
0 0 0 1 1 6 1 1 1 4 1 1 5 -1 -1 -1 -1 -1 -1 115565 0 15 40 15 10 2 5 2 5
0 0 0 1 3 6 1 1 1 4 1 1 5 4 2 5 0 0 0 116398 0 15 40 15 12.5 2 5 2 5
0 0 0 1 1 6 1 1 1 4 1 1 5 -1 -1 -1 -1 -1 -1 117198 0 15 40 15 12.5 2 5 2 5
0 0 0 1 1 6 1 1 1 4 1 1 5 -1 -1 -1 -1 -1 -1 118098 0 15 40 15 10 2 5 2 5
0 0 0 1 1 6 1 1 1 4 1 1 5 -1 -1 -1 -1 -1 -1 118931 0 15 40 15 12.5 2 5 2 5
0 0 0 3 1 6 1 1 1 4 1 1 5 3 0 6 1 0 0 119731 0 15 40 15 12.5 2 4 2 5
0 0 0 1 1 6 1 1 1 4 1 1 5 -1 -1 -1 -1 -1 -1 120665 0 15 40 15 10 2 4 2 5
0 0 0 1 1 6 1 1 1 4 1 1 5 -1 -1 -1 -1 -1 -1 121565 0 15 40 15 12.5 2 4 2 5
0 0 0 1 1 6 1 1 1 4 1 1 5 -1 -1 -1 -1 -1 -1 122365 0 15 40 15 12.5 2 4 2 5
0 0 0 1 3 6 1 1 1 4 1 1 5 4 1 7 2 0 0 123231 0 15 40 15 10 2 5 2 5
0 0 0 1 1 6 1 1 1 4 1 2 5 -1 -1 -1 -1 -1 -1 124165 0 15 40 15 12.5 2 5 2 5
0 0 0 1 1 6 1 1 1 4 1 2 5 -1 -1 -1 -1 -1 -1 124965 0 15 40 15 12.5 2 5 2 5
0 0 0 1 1 6 1 1 1 4 1 2 5 -1 -1 -1 -1 -1 -1 125798 0 15 40 15 10.3333 2 5 2 5
0 0 0 1 3 6 1 1 1 4 1 2 5 4 2 5 0 0 0 126765 0 15 40 15 10 2 5 2 5
0 0 0 1 6 1 1 1 1 4 1 2 4 -1 -1 -1 -1 -1 -1 127631 0 15 40 15 12.5 2 5 2 5
0 0 0 6 1 1 4 1 1 4 1 2 3 -1 -1 -1 -1 -1 -1 128431 1 15 40 15 12.5 2 5 2 5
0 0 0 6 1 1 1 1 1 4 1 2 3 -1 -1 -1 -1 -1 -1 129332 0 15 40 15 12.5 2 5 2 5
0 0 0 7 1 1 1 1 1 4 1 2 3 3 2 5 0 1 1 130132 0 15 40 15 12.5 2 5 2 5
0 0 0 6 1 1 1 1 1 4 1 2 3 -1 -1 -1 -1 -1 -1 130765 0 15 40 16 16.25 2 5 2 5
0 0 0 1 1 6 1 4 1 4 1 2 5 -1 -1 -1 -1 -1 -1 131465 1 15 40 16 13 2 5 2 5
0 0 0 1 1 1 6 1 1 4 1 2 6 -1 -1 -1 -1 -1 -1 132199 0 15 40 16 16.25 2 5 2 5
0 0 0 1 3 6 1 1 1 4 1 2 5 4 0 6 1 0 0 132832 0 15 40 16 16.25 2 5 2 5
0 0 0 1 1 6 1 1 1 4 1 2 5 -1 -1 -1 -1 -1 -1 133432 0 15 40 16 16.25 2 5 2 5
0 0 0 6 1 1 4 1 1 4 1 2 3 -1 -1 -1 -1 -1 -1 134099 1 15 40 16 13.2167 2 5 2 5
0 0 0 6 1 1 1 1 1 4 1 2 3 -1 -1 -1 -1 -1 -1 134799 0 15 40 16 16.25 2 5 2 5
0 0 0 7 1 1 1 1 1 4 1 2 3 3 0 6 1 1 1 135399 0 15 40 16 16.25 2 8 0 5
0 0 0 1 6 1 1 1 1 4 1 2 4 -1 -1 -1 -1 -1 -1 136033 0 15 40 16 16.0333 2 8 0 5
0 0 0 4 1 6 1 1 1 4 1 2 5 -1 -1 -1 -1 -1 -1 136733 1 15 40 16 13 2 8 0 5
0 0 0 1 1 6 1 1 1 4 1 2 5 -1 -1 -1 -1 -1 -1 137433 0 15 40 16 16.25 2 8 0 5
0 0 0 1 3 6 1 1 1 4 1 2 5 4 3 8 3 0 0 138033 0 15 40 16 16.25 2 5 2 5
0 0 0 1 6 1 1 1 1 4 1 2 4 -1 -1 -1 -1 -1 -1 138633 0 15 40 16 15.8167 2 5 2 5
0 0 0 1 6 4 1 1 1 4 1 2 4 -1 -1 -1 -1 -1 -1 139367 1 15 40 16 13 2 5 2 5
0 0 0 1 6 1 1 1 1 4 1 2 4 -1 -1 -1 -1 -1 -1 140000 0 15 40 16 16.25 2 5 2 5
0 0 0 1 6 3 1 1 1 4 1 2 4 5 2 5 0 0 0 140601 0 15 40 16 16.25 2 5 2 5
0 0 0 1 1 6 1 1 1 4 1 2 5 -1 -1 -1 -1 -1 -1 141234 0 15 40 16 14.3 2 5 2 5
0 0 0 4 1 6 1 1 1 4 1 2 5 -1 -1 -1 -1 -1 -1 142001 1 15 40 16 13 2 5 2 5
0 0 0 1 1 6 1 1 1 4 1 2 5 -1 -1 -1 -1 -1 -1 142668 0 15 40 16 16.25 2 5 2 5
0 0 0 1 3 1 6 1 1 4 1 2 6 4 1 7 2 0 0 143268 0 15 40 16 16.25 2 4 2 5
0 0 0 1 1 1 6 1 1 4 1 2 6 -1 -1 -1 -1 -1 -1 143901 0 15 40 16 14.95 2 4 2 5
0 0 0 1 1 4 6 1 1 4 1 2 6 -1 -1 -1 -1 -1 -1 144535 1 15 40 16 16.25 2 4 2 5
0 0 0 1 1 1 6 1 1 4 1 2 6 -1 -1 -1 -1 -1 -1 145135 0 15 40 16 16.25 2 4 2 5
0 0 0 1 1 3 6 1 1 4 1 2 6 5 0 6 1 0 0 145768 0 15 40 16 14.5167 2 5 2 5
0 0 0 1 1 6 1 1 1 4 1 2 5 -1 -1 -1 -1 -1 -1 146535 0 15 40 16 13 2 5 2 5
0 0 0 1 1 6 1 1 2 0 1 2 5 -1 -1 -1 -1 -1 -1 154737 0 15 15 15 60 2 8 0 5
0 0 0 1 1 6 1 1 2 0 1 2 5 -1 -1 -1 -1 -1 -1 154904 0 15 15 15 60 2 8 0 5
0 0 0 1 1 6 1 1 2 0 1 2 5 -1 -1 -1 -1 -1 -1 155070 0 15 15 15 60 2 6 2 5
0 0 0 1 1 6 1 1 2 0 1 2 5 -1 -1 -1 -1 -1 -1 155237 0 15 15 15 50 2 6 2 5
0 0 0 1 1 6 1 1 2 0 1 2 5 -1 -1 -1 -1 -1 -1 155537 0 15 15 15 20 2 6 2 5
0 0 0 1 1 6 1 1 2 0 1 2 5 -1 -1 -1 -1 -1 -1 156471 0 15 15 15 12.5 2 6 2 5
0 0 0 1 1 6 1 1 2 0 1 2 5 -1 -1 -1 -1 -1 -1 157271 0 15 15 15 12.5 2 4 2 5
0 0 0 1 1 6 1 1 2 0 1 2 5 -1 -1 -1 -1 -1 -1 158071 0 15 15 15 12 2 4 2 5
0 0 0 6 1 1 1 1 2 0 1 2 3 -1 -1 -1 -1 -1 -1 159038 0 15 15 15 10 2 4 2 5
0 0 0 1 6 1 1 1 2 0 1 2 4 -1 -1 -1 -1 -1 -1 160038 0 15 15 15 10 2 4 2 5
0 0 0 6 1 1 1 1 2 0 1 2 3 3 2 4 0 0 0 160872 0 15 15 15 12.5 2 5 2 5
0 0 0 6 1 1 1 1 2 0 1 2 3 -1 -1 -1 -1 -1 -1 161672 0 15 15 15 12.5 2 5 2 5
0 0 0 6 4 1 1 1 2 0 1 2 3 -1 -1 -1 -1 -1 -1 162605 1 15 15 15 10 2 5 2 5
0 0 0 6 1 1 1 1 2 0 1 2 3 -1 -1 -1 -1 -1 -1 163605 0 15 15 15 10 2 5 2 5
0 0 0 8 1 1 1 1 2 0 1 2 3 3 3 4 3 0 1 164606 0 15 15 15 10 2 5 2 5
0 0 0 6 1 1 1 1 2 0 1 2 3 -1 -1 -1 -1 -1 -1 165606 0 15 15 15 10 2 5 2 5
0 0 0 6 4 1 1 1 2 0 1 2 3 -1 -1 -1 -1 -1 -1 166606 1 15 15 15 10 2 5 2 5
0 0 0 6 1 1 1 1 2 0 1 2 3 -1 -1 -1 -1 -1 -1 167440 0 15 15 15 12.5 2 5 2 5
0 0 0 6 3 1 1 1 2 0 1 2 3 4 2 4 0 0 0 168240 0 15 15 15 12.5 2 6 2 5
0 0 0 1 6 1 1 1 2 0 1 2 4 -1 -1 -1 -1 -1 -1 169173 0 15 15 15 10 2 6 2 5
0 0 0 4 1 6 1 1 2 0 1 2 5 -1 -1 -1 -1 -1 -1 170140 1 15 15 15 12.5 2 6 2 5
0 0 0 1 1 6 1 1 2 0 1 2 5 -1 -1 -1 -1 -1 -1 170940 0 15 15 15 12.5 2 6 2 5
0 0 0 1 1 6 3 1 2 0 1 2 5 6 0 4 1 0 0 171741 0 15 15 15 11.8333 2 5 2 5
0 0 0 1 1 6 1 1 2 0 1 2 5 -1 -1 -1 -1 -1 -1 172707 0 15 15 15 10 2 5 2 5
0 0 0 4 1 6 1 1 2 0 1 2 5 -1 -1 -1 -1 -1 -1 173541 1 15 15 15 12.5 2 5 2 5
0 0 0 1 1 6 1 1 2 0 1 2 5 -1 -1 -1 -1 -1 -1 174341 0 15 15 15 12.5 2 5 2 5
0 0 0 1 1 6 3 1 2 0 1 2 5 6 3 4 3 0 0 175275 0 15 15 15 10 2 6 2 5
0 0 0 1 1 6 1 1 2 0 1 2 5 -1 -1 -1 -1 -1 -1 176175 0 15 15 15 12.5 2 6 2 5
0 0 0 1 4 6 1 1 2 0 1 2 5 -1 -1 -1 -1 -1 -1 176975 1 15 15 15 12.5 2 6 2 5
0 0 0 1 1 6 1 1 2 0 1 2 5 -1 -1 -1 -1 -1 -1 177842 0 15 15 15 10 2 6 2 5
0 0 0 1 3 6 1 1 2 0 1 2 5 4 1 4 2 0 0 178775 0 15 15 15 12.5 2 8 0 5
0 0 0 1 1 1 6 1 2 0 1 2 6 -1 -1 -1 -1 -1 -1 179576 0 15 15 15 12.5 2 8 0 5
0 0 0 1 1 4 6 1 2 0 1 2 6 -1 -1 -1 -1 -1 -1 180409 1 15 15 15 10.3333 2 8 0 5
0 0 0 1 1 1 6 1 2 0 1 2 6 -1 -1 -1 -1 -1 -1 181409 0 15 15 15 10 2 8 0 5
0 0 0 1 3 6 1 1 2 0 1 2 5 4 2 4 0 0 0 182209 0 15 15 15 12.5 2 6 2 5
0 0 0 1 1 6 1 1 2 0 1 2 5 -1 -1 -1 -1 -1 -1 183010 0 15 15 15 12.1667 2 6 2 5
0 0 0 1 1 6 1 4 2 0 1 2 5 -1 -1 -1 -1 -1 -1 183943 1 15 15 15 10 2 6 2 5
0 0 0 1 1 6 1 1 2 0 1 2 5 -1 -1 -1 -1 -1 -1 184877 0 15 15 15 12.5 2 6 2 5
0 0 0 3 1 6 1 1 2 0 1 2 5 3 0 4 1 0 0 185677 0 15 15 15 12.5 2 4 2 5
0 0 0 1 1 6 1 1 2 0 1 2 5 -1 -1 -1 -1 -1 -1 186510 0 15 15 15 10.1667 2 4 2 5
0 0 0 4 1 6 1 1 2 0 1 2 5 -1 -1 -1 -1 -1 -1 187477 1 15 15 15 12.5 2 4 2 5
0 0 0 1 1 6 1 1 2 0 1 2 5 -1 -1 -1 -1 -1 -1 188277 0 15 15 15 12.5 2 4 2 5
0 0 0 1 1 7 1 1 2 0 1 2 5 5 0 4 1 1 1 189078 0 15 15 15 11.3333 2 5 2 5
0 0 0 1 1 6 1 1 2 0 1 2 5 -1 -1 -1 -1 -1 -1 190078 0 15 15 15 10 2 5 2 5
0 0 0 1 1 6 4 1 2 0 1 2 5 -1 -1 -1 -1 -1 -1 190945 1 15 15 15 12.5 2 5 2 5
0 0 0 1 1 1 6 1 2 0 1 2 6 -1 -1 -1 -1 -1 -1 191745 0 15 15 15 12.5 2 5 2 5
0 0 0 1 1 1 1 7 2 0 1 2 7 7 0 4 1 1 1 192612 0 15 15 15 10 2 5 2 5
0 0 0 1 1 1 1 6 2 0 1 2 7 -1 -1 -1 -1 -1 -1 193545 0 15 15 15 12.5 2 5 2 5
0 0 0 1 1 1 4 6 2 0 1 2 7 -1 -1 -1 -1 -1 -1 194345 1 15 15 15 12.5 2 5 2 5
0 0 0 1 1 1 1 6 2 0 1 2 7 -1 -1 -1 -1 -1 -1 195179 0 15 15 15 10 2 5 2 5
0 0 0 1 1 1 1 7 2 0 1 2 7 7 0 4 1 1 1 196012 0 15 15 15 12.5 2 6 2 5
0 0 0 1 1 1 1 6 2 0 1 2 7 -1 -1 -1 -1 -1 -1 196813 0 15 15 15 12.5 2 6 2 5
0 0 0 4 1 1 1 6 2 0 1 2 7 -1 -1 -1 -1 -1 -1 197679 1 15 15 15 12.5 2 6 2 5
0 0 0 1 1 1 6 1 2 0 1 2 6 -1 -1 -1 -1 -1 -1 198480 0 15 15 15 12.5 2 6 2 5
0 0 0 1 1 3 6 1 2 0 1 2 6 5 2 4 0 0 0 199313 0 15 15 15 10.8333 2 5 2 5
0 0 0 1 1 1 6 1 2 0 1 2 6 -1 -1 -1 -1 -1 -1 200147 0 15 15 15 12.5 2 5 2 5
0 0 0 1 1 6 1 4 2 0 1 2 5 -1 -1 -1 -1 -1 -1 200947 1 15 15 15 12.5 2 5 2 5
0 0 0 1 6 1 1 1 2 0 1 2 4 -1 -1 -1 -1 -1 -1 201847 0 15 15 15 10 2 5 2 5
0 0 0 7 1 1 1 1 2 0 1 2 3 3 2 4 0 1 1 202847 0 15 15 15 10 2 6 2 5
0 0 0 6 1 1 1 1 2 0 1 2 3 -1 -1 -1 -1 -1 -1 203814 0 15 15 15 12.5 2 6 2 5
0 0 0 4 6 1 1 1 2 0 1 2 4 -1 -1 -1 -1 -1 -1 204614 1 15 15 15 12.5 2 6 2 5
0 0 0 1 1 6 1 1 2 0 1 2 5 -1 -1 -1 -1 -1 -1 205448 0 15 15 15 11.3333 2 6 2 5
0 0 0 1 3 6 1 1 2 0 1 2 5 4 3 4 3 0 0 206315 0 15 15 15 12.5 2 8 0 5
0 0 0 1 1 6 1 1 2 0 1 2 5 -1 -1 -1 -1 -1 -1 207115 0 15 15 15 12.5 2 8 0 5
0 0 0 1 4 6 1 1 2 0 1 2 5 -1 -1 -1 -1 -1 -1 207948 1 15 15 15 12.5 2 8 0 5
0 0 0 1 1 6 1 1 2 0 1 2 5 -1 -1 -1 -1 -1 -1 208748 0 15 15 15 12.5 2 8 0 5
0 0 0 1 3 6 1 1 2 0 1 2 5 4 2 4 0 0 0 209549 0 15 15 15 11.6667 2 6 2 5
0 0 0 1 6 1 1 1 2 0 1 2 4 -1 -1 -1 -1 -1 -1 210382 0 15 15 15 12.5 2 6 2 5
0 0 0 1 6 4 1 1 2 0 1 2 4 -1 -1 -1 -1 -1 -1 211182 1 15 15 15 12.5 2 6 2 5
0 0 0 1 1 6 1 1 2 0 1 2 5 -1 -1 -1 -1 -1 -1 212116 0 15 15 15 10 2 6 2 5
0 0 0 1 3 1 6 1 2 0 1 2 6 4 3 4 3 0 0 212949 0 15 15 15 12.5 2 4 2 5
0 0 0 1 1 1 6 1 2 0 1 2 6 -1 -1 -1 -1 -1 -1 213750 0 15 15 15 12.5 2 4 2 5
0 0 0 1 1 4 6 1 2 0 1 2 6 -1 -1 -1 -1 -1 -1 214616 1 15 15 15 12.5 2 4 2 5
0 0 0 1 1 1 6 1 2 0 1 2 6 -1 -1 -1 -1 -1 -1 215417 0 15 15 15 12.5 2 4 2 5
0 0 0 1 1 1 7 1 2 0 1 2 6 6 3 4 3 1 1 216250 0 15 15 15 11.1667 2 5 2 5
0 0 0 1 1 1 6 1 2 0 1 2 6 -1 -1 -1 -1 -1 -1 217084 0 15 15 15 12.5 2 5 2 5
0 0 0 1 1 1 6 4 2 0 1 2 6 -1 -1 -1 -1 -1 -1 217884 1 15 15 15 12.5 2 5 2 5
0 0 0 1 1 1 6 1 2 0 1 2 6 -1 -1 -1 -1 -1 -1 218751 0 15 15 15 12.5 2 5 2 5
0 0 0 1 1 3 6 1 2 0 1 2 6 5 1 4 2 0 0 219551 0 15 15 15 12.5 2 5 2 5
0 0 0 1 1 1 6 1 2 0 1 2 6 -1 -1 -1 -1 -1 -1 220351 0 15 15 15 11.5 2 5 2 5
0 0 0 4 1 6 1 1 2 0 1 2 5 -1 -1 -1 -1 -1 -1 221218 1 15 15 15 12.5 2 5 2 5
0 0 0 1 6 1 1 1 2 0 1 2 4 -1 -1 -1 -1 -1 -1 222018 0 15 15 15 12.5 2 5 2 5
0 0 0 1 7 1 1 1 2 0 1 2 4 4 1 4 2 1 1 222885 0 15 15 15 12.5 2 6 2 5
0 0 0 1 1 6 1 1 3 1 1 2 5 -1 -1 -1 -1 -1 -1 230286 0 15 15 15 60 2 8 0 5
0 0 0 1 1 6 1 1 3 1 1 2 5 -1 -1 -1 -1 -1 -1 230453 0 15 15 15 60 2 8 0 5
0 0 0 1 1 6 1 1 3 1 1 2 5 -1 -1 -1 -1 -1 -1 230620 0 15 15 15 60 2 4 2 5
0 0 0 1 1 6 1 1 3 1 1 2 5 -1 -1 -1 -1 -1 -1 230787 0 15 15 15 50 2 4 2 5
0 0 0 1 1 6 1 1 3 1 1 2 5 -1 -1 -1 -1 -1 -1 231087 0 15 15 15 20 2 4 2 5
0 0 0 1 1 6 1 1 3 1 1 2 5 -1 -1 -1 -1 -1 -1 232020 0 15 15 15 10 2 4 2 5
0 0 0 1 1 6 1 1 3 1 1 2 5 -1 -1 -1 -1 -1 -1 232820 0 15 15 15 12.5 2 5 2 5
0 0 0 1 1 6 1 1 3 1 1 2 5 -1 -1 -1 -1 -1 -1 233654 0 15 15 15 12 2 5 2 5
0 0 0 1 1 6 1 1 3 1 1 2 5 -1 -1 -1 -1 -1 -1 234554 0 15 15 15 12.5 2 5 2 5
0 0 0 1 1 6 1 1 3 1 1 2 5 -1 -1 -1 -1 -1 -1 235354 0 15 15 15 12.5 2 5 2 5
0 0 0 1 1 1 1 8 3 1 1 2 7 7 4 7 2 0 1 236188 0 15 15 15 11.5 2 6 2 5
0 0 0 1 1 1 1 6 3 1 1 2 7 -1 -1 -1 -1 -1 -1 237021 0 15 15 15 12.5 2 6 2 5
0 0 0 1 4 6 1 1 3 1 1 2 5 -1 -1 -1 -1 -1 -1 237821 1 15 15 15 12.5 2 6 2 5
0 0 0 1 1 6 1 1 3 1 1 2 5 -1 -1 -1 -1 -1 -1 238655 0 15 15 15 12.5 2 6 2 5
0 0 0 1 6 1 3 1 3 1 1 2 4 6 4 5 0 0 0 239455 0 15 15 15 12.5 2 5 2 5
0 0 0 1 6 1 1 1 3 1 1 2 4 -1 -1 -1 -1 -1 -1 240289 0 15 15 15 10.1667 2 5 2 5
0 0 0 1 6 4 1 1 3 1 1 2 4 -1 -1 -1 -1 -1 -1 241255 1 15 15 15 12.5 2 5 2 5
0 0 0 1 1 1 6 1 3 1 1 2 6 -1 -1 -1 -1 -1 -1 242056 0 15 15 15 12.5 2 5 2 5
0 0 0 1 1 1 1 7 3 1 1 2 7 7 4 5 0 1 1 242856 0 15 15 15 11.6667 2 6 2 5
0 0 0 1 1 1 1 6 3 1 1 2 7 -1 -1 -1 -1 -1 -1 243823 0 15 15 15 12.5 2 6 2 5
0 0 0 1 4 1 6 1 3 1 1 2 6 -1 -1 -1 -1 -1 -1 244623 1 15 15 15 12.5 2 6 2 5
0 0 0 1 1 1 6 1 3 1 1 2 6 -1 -1 -1 -1 -1 -1 245423 0 15 15 15 11.6667 2 6 2 5
0 0 0 1 1 1 7 1 3 1 1 2 6 6 4 5 0 1 1 246390 0 15 15 15 12.5 2 4 2 5
0 0 0 1 1 6 1 1 3 1 1 2 5 -1 -1 -1 -1 -1 -1 247190 0 15 15 15 12.5 2 4 2 5
0 0 0 1 1 6 4 1 3 1 1 2 5 -1 -1 -1 -1 -1 -1 247990 1 15 15 15 12.5 2 4 2 5
0 0 0 1 1 6 1 1 3 1 1 2 5 -1 -1 -1 -1 -1 -1 248790 0 15 15 15 12.5 2 4 2 5
0 0 0 1 1 6 3 1 3 1 1 2 5 6 4 8 3 0 0 249591 0 15 15 15 11.8333 2 6 2 5
0 0 0 1 1 6 1 1 3 1 1 2 5 -1 -1 -1 -1 -1 -1 250424 0 15 15 15 12.5 2 6 2 5
0 0 0 1 4 1 6 1 3 1 1 2 6 -1 -1 -1 -1 -1 -1 251224 1 15 15 15 12.5 2 6 2 5
0 0 0 1 1 1 6 1 3 1 1 2 6 -1 -1 -1 -1 -1 -1 252024 0 15 15 15 12.5 2 6 2 5
0 0 0 1 1 1 7 1 3 1 1 2 6 6 4 8 3 1 1 252825 0 15 15 15 12.5 2 8 0 5
0 0 0 1 1 1 6 1 3 1 1 2 6 -1 -1 -1 -1 -1 -1 253625 0 15 15 15 12.5 2 8 0 5
0 0 0 1 4 1 6 1 3 1 1 2 6 -1 -1 -1 -1 -1 -1 254425 1 15 15 15 12.5 2 8 0 5
0 0 0 1 1 1 6 1 3 1 1 2 6 -1 -1 -1 -1 -1 -1 255325 0 15 15 15 10 2 8 0 5
0 0 0 1 1 1 6 3 3 1 1 2 6 7 4 5 0 0 0 256159 0 15 15 15 12.5 2 4 2 5
0 0 0 1 1 1 6 1 3 1 1 2 6 -1 -1 -1 -1 -1 -1 256958 0 15 15 15 12.5 2 4 2 5
0 0 0 4 1 1 6 1 3 1 1 2 6 -1 -1 -1 -1 -1 -1 257758 1 15 15 15 12.5 2 4 2 5
0 0 0 1 1 1 6 1 3 1 1 2 6 -1 -1 -1 -1 -1 -1 258558 0 15 15 15 12.5 2 4 2 5
0 0 0 1 1 1 7 1 3 1 1 2 6 6 4 5 0 1 1 259391 0 15 15 15 12.5 2 5 2 5
0 0 0 1 1 1 6 1 3 1 1 2 6 -1 -1 -1 -1 -1 -1 260191 0 15 15 15 12.5 2 5 2 5
0 0 0 1 4 1 6 1 3 1 1 2 6 -1 -1 -1 -1 -1 -1 260991 1 15 15 15 12.5 2 5 2 5
0 0 0 1 1 1 6 1 3 1 1 2 6 -1 -1 -1 -1 -1 -1 261790 0 15 15 15 12.5 2 5 2 5
0 0 0 1 3 1 6 1 3 1 1 2 6 4 4 7 2 0 0 262657 0 15 15 15 10 2 6 2 5
0 0 0 1 1 1 6 1 3 1 1 2 6 -1 -1 -1 -1 -1 -1 263523 0 15 15 15 12.5 2 6 2 5
0 0 0 1 1 1 6 4 3 1 1 2 6 -1 -1 -1 -1 -1 -1 264323 1 15 15 15 12.5 2 6 2 5
0 0 0 1 1 1 6 1 3 1 1 2 6 -1 -1 -1 -1 -1 -1 265223 0 15 15 15 10 2 6 2 5
0 0 0 1 3 1 6 1 3 1 1 2 6 4 4 6 1 0 0 266156 0 15 15 15 12.5 2 5 2 5
0 0 0 1 1 6 1 1 3 1 1 2 5 -1 -1 -1 -1 -1 -1 266956 0 15 15 15 12.5 2 5 2 5
0 0 0 1 1 6 4 1 3 1 1 2 5 -1 -1 -1 -1 -1 -1 267789 1 15 15 15 11 2 5 2 5
0 0 0 1 1 6 1 1 3 1 1 2 5 -1 -1 -1 -1 -1 -1 268755 0 15 15 15 10 2 5 2 5
0 0 0 1 6 1 3 1 3 1 1 2 4 6 4 8 3 0 0 269755 0 15 15 15 10 2 6 2 5
0 0 0 1 6 1 1 1 3 1 1 2 4 -1 -1 -1 -1 -1 -1 270755 0 15 15 15 12.5 2 6 2 5
0 0 0 1 6 4 1 1 3 1 1 2 4 -1 -1 -1 -1 -1 -1 271555 1 15 15 15 12.5 2 6 2 5
0 0 0 1 6 1 1 1 3 1 1 2 4 -1 -1 -1 -1 -1 -1 272355 0 15 15 15 12 2 6 2 5
0 0 0 1 7 1 1 1 3 1 1 2 4 4 4 8 3 1 1 273321 0 15 15 15 10 2 4 2 5
0 0 0 1 1 6 1 1 3 1 1 2 5 -1 -1 -1 -1 -1 -1 274121 0 15 15 15 12.5 2 4 2 5
0 0 0 1 4 6 1 1 3 1 1 2 5 -1 -1 -1 -1 -1 -1 274921 1 15 15 15 12.3333 2 4 2 5
0 0 0 1 1 6 1 1 3 1 1 2 5 -1 -1 -1 -1 -1 -1 275887 0 15 15 15 10 2 4 2 5
0 0 0 3 1 6 1 1 3 1 1 2 5 3 4 7 2 0 0 276887 0 15 15 15 10 2 6 2 5
0 0 0 1 1 6 1 1 3 1 1 2 5 -1 -1 -1 -1 -1 -1 277887 0 15 15 15 10 2 6 2 5
0 0 0 1 1 6 1 4 3 1 1 2 5 -1 -1 -1 -1 -1 -1 278886 1 15 15 15 10 2 6 2 5
0 0 0 1 1 1 6 1 3 1 1 2 6 -1 -1 -1 -1 -1 -1 279686 0 15 15 15 12.5 2 6 2 5
0 0 0 1 1 3 6 1 3 1 1 2 6 5 4 6 1 0 0 280486 0 15 15 15 12.5 2 8 0 5
0 0 0 1 1 1 6 1 3 1 1 2 6 -1 -1 -1 -1 -1 -1 281352 0 15 15 15 12.5 2 8 0 5
0 0 0 4 1 1 6 1 3 1 1 2 6 -1 -1 -1 -1 -1 -1 282152 1 15 15 15 12.5 2 8 0 5
0 0 0 1 1 1 6 1 3 1 1 2 6 -1 -1 -1 -1 -1 -1 282985 0 15 15 15 10.1667 2 8 0 5
0 0 0 1 1 1 7 1 3 1 1 2 6 6 4 6 1 1 1 283952 0 15 15 15 12.5 2 4 2 5
0 0 0 0 1 6 1 0 4 2 1 0 5 -1 -1 -1 -1 -1 -1 288884 0 15 15 15 60 2 8 0 3
0 0 0 0 1 6 1 0 4 2 1 0 5 -1 -1 -1 -1 -1 -1 289051 0 15 15 15 60 2 8 0 3
0 0 0 0 1 6 1 0 4 2 1 0 5 -1 -1 -1 -1 -1 -1 289217 0 15 15 15 60 2 5 2 3
0 0 0 0 1 6 1 0 4 2 1 0 5 -1 -1 -1 -1 -1 -1 289384 0 15 15 15 50 2 5 2 3
0 0 0 0 1 6 1 0 4 2 1 0 5 -1 -1 -1 -1 -1 -1 289684 0 15 15 15 20 2 5 2 3
0 0 0 0 1 6 1 0 4 2 1 0 5 -1 -1 -1 -1 -1 -1 290617 0 15 15 15 10 2 5 2 3
0 0 0 0 1 6 1 0 4 2 1 0 5 -1 -1 -1 -1 -1 -1 291617 0 15 15 15 10 2 4 2 3
0 0 0 0 6 1 1 0 4 2 1 0 4 -1 -1 -1 -1 -1 -1 292616 0 15 15 15 10 2 4 2 3
0 0 0 0 1 6 1 0 4 2 1 0 5 -1 -1 -1 -1 -1 -1 293616 0 15 15 15 10 2 4 2 3
0 0 0 0 1 6 1 0 4 2 1 0 5 -1 -1 -1 -1 -1 -1 294582 0 15 15 15 12.5 2 4 2 3
0 0 0 0 1 6 3 0 4 2 1 0 5 6 5 4 1 0 0 295382 0 15 15 15 12.5 2 5 2 3
0 0 0 0 1 6 1 0 4 2 1 0 5 -1 -1 -1 -1 -1 -1 296182 0 15 15 15 11 2 5 2 3
0 0 0 0 1 1 6 0 4 2 1 0 6 -1 -1 -1 -1 -1 -1 297182 0 15 15 15 12.5 2 5 2 3
0 0 0 0 1 1 6 0 4 2 1 0 6 -1 -1 -1 -1 -1 -1 297982 0 15 15 15 12.5 2 5 2 3
0 0 0 0 1 3 6 0 4 2 1 0 6 5 5 4 3 0 0 298781 0 15 15 15 11.8333 2 5 2 3
0 0 0 0 1 1 6 0 4 2 1 0 6 -1 -1 -1 -1 -1 -1 299648 0 15 15 15 12.5 2 5 2 3
0 0 0 0 1 1 6 0 4 2 1 0 6 -1 -1 -1 -1 -1 -1 300448 0 15 15 15 12.5 2 5 2 3
0 0 0 0 1 1 6 0 4 2 1 0 6 -1 -1 -1 -1 -1 -1 301314 0 15 15 15 10 2 5 2 3
0 0 0 0 1 3 6 0 4 2 1 0 6 5 5 4 2 0 0 302114 0 15 15 15 12.5 2 6 2 3
0 0 0 0 1 1 6 0 4 2 1 0 6 -1 -1 -1 -1 -1 -1 302914 0 15 15 15 12.3333 2 6 2 3
0 0 0 0 1 6 1 0 4 2 1 0 5 -1 -1 -1 -1 -1 -1 303847 0 15 15 15 10 2 6 2 3
0 0 0 0 1 6 1 0 4 2 1 0 5 -1 -1 -1 -1 -1 -1 304713 0 15 15 15 12.5 2 6 2 3
0 0 0 0 1 6 3 0 4 2 1 0 5 6 5 4 3 0 0 305513 0 15 15 15 12.5 2 4 2 3
0 0 0 0 1 6 1 0 4 2 1 0 5 -1 -1 -1 -1 -1 -1 306413 0 15 15 15 10 2 4 2 3
0 0 0 0 1 6 1 0 4 2 1 0 5 -1 -1 -1 -1 -1 -1 307246 0 15 15 15 12.5 2 4 2 3
0 0 0 0 1 6 1 0 4 2 1 0 5 -1 -1 -1 -1 -1 -1 308046 0 15 15 15 12.5 2 4 2 3
0 0 0 0 3 6 1 0 4 2 1 0 5 4 5 4 0 0 0 308946 0 15 15 15 12.5 2 5 2 3
0 0 0 0 1 6 1 0 4 2 1 0 5 -1 -1 -1 -1 -1 -1 309745 0 15 15 15 12.5 2 5 2 3
0 0 0 0 1 6 1 0 4 2 1 0 5 -1 -1 -1 -1 -1 -1 310545 0 15 15 15 11.1667 2 5 2 3
0 0 0 0 1 6 1 0 4 2 1 0 5 -1 -1 -1 -1 -1 -1 311545 0 15 15 15 10 2 5 2 3
0 0 0 0 1 6 3 0 4 2 1 0 5 6 5 4 3 0 0 312345 0 15 15 15 12.5 2 8 0 3
0 0 0 0 1 6 1 0 4 2 1 0 5 -1 -1 -1 -1 -1 -1 313145 0 15 15 15 12.5 2 8 0 3
0 0 0 0 1 6 1 0 4 2 1 0 5 -1 -1 -1 -1 -1 -1 314011 0 15 15 15 12.5 2 8 0 3
0 0 0 0 1 1 6 0 4 2 1 0 6 -1 -1 -1 -1 -1 -1 314811 0 15 15 15 12.5 2 8 0 3
0 0 0 0 1 3 6 0 4 2 1 0 6 5 5 4 0 0 0 315644 0 15 15 15 10.6667 2 5 2 3
0 0 0 0 1 1 6 0 4 2 1 0 6 -1 -1 -1 -1 -1 -1 316510 0 15 15 15 12.5 2 5 2 3
0 0 0 0 1 1 6 0 4 2 1 0 6 -1 -1 -1 -1 -1 -1 317310 0 15 15 15 12.5 2 5 2 3
0 0 0 0 1 1 6 0 4 2 1 0 6 -1 -1 -1 -1 -1 -1 318210 0 15 15 15 12.5 2 5 2 3
0 0 0 0 1 1 7 0 4 2 1 0 6 6 5 4 0 1 1 319010 0 15 15 15 12.5 2 4 2 3
0 0 0 0 1 1 6 0 4 2 1 0 6 -1 -1 -1 -1 -1 -1 319810 0 15 15 15 11.8333 2 4 2 3
0 0 0 0 1 6 1 0 4 2 1 0 5 -1 -1 -1 -1 -1 -1 320776 0 15 15 15 10 2 4 2 3
0 0 0 0 6 1 1 0 4 2 1 0 4 -1 -1 -1 -1 -1 -1 321743 0 15 15 15 12.5 2 4 2 3
0 0 0 0 7 1 1 0 4 2 1 0 4 4 5 4 0 1 1 322542 0 15 15 15 12.5 2 5 2 3
0 0 0 0 6 1 1 0 4 2 1 0 4 -1 -1 -1 -1 -1 -1 323342 0 15 15 15 11.6667 2 5 2 3
0 0 0 0 6 1 1 0 4 2 1 0 4 -1 -1 -1 -1 -1 -1 324309 0 15 15 15 12.5 2 5 2 3
0 0 0 0 6 1 1 0 4 2 1 0 4 -1 -1 -1 -1 -1 -1 325108 0 15 15 15 12.5 2 5 2 3
0 0 0 0 7 1 1 0 4 2 1 0 4 4 5 4 0 1 1 325908 0 15 15 15 12 2 5 2 3
0 0 0 0 6 1 1 0 4 2 1 0 4 -1 -1 -1 -1 -1 -1 326808 0 15 15 15 12.5 2 5 2 3
0 0 0 0 6 1 1 0 4 2 1 0 4 -1 -1 -1 -1 -1 -1 327608 0 15 15 15 12.5 2 5 2 3
0 0 0 0 6 1 1 0 4 2 1 0 4 -1 -1 -1 -1 -1 -1 328441 0 15 15 15 10.5 2 5 2 3
0 0 0 0 6 3 1 0 4 2 1 0 4 5 5 4 3 0 0 329307 0 15 15 15 12.5 2 6 2 3
0 0 0 0 1 6 1 0 4 2 1 0 5 -1 -1 -1 -1 -1 -1 330107 0 15 15 15 12.5 2 6 2 3
0 0 0 0 1 1 6 0 4 2 1 0 6 -1 -1 -1 -1 -1 -1 330974 0 15 15 15 10 2 6 2 3
0 0 0 0 1 1 6 0 4 2 1 0 6 -1 -1 -1 -1 -1 -1 331940 0 15 15 15 12.5 2 6 2 3
0 0 0 0 1 3 6 0 4 2 1 0 6 5 5 4 2 0 0 332740 0 15 15 15 12.5 2 4 2 3
0 0 0 0 1 1 6 0 4 2 1 0 6 -1 -1 -1 -1 -1 -1 333573 0 15 15 15 11.3333 2 4 2 3
0 0 0 0 1 1 6 0 4 2 1 0 6 -1 -1 -1 -1 -1 -1 334406 0 15 15 15 12.5 2 4 2 3
0 0 0 0 1 1 6 0 4 2 1 0 6 -1 -1 -1 -1 -1 -1 335206 0 15 15 15 12.5 2 4 2 3
0 0 0 0 1 3 6 0 4 2 1 0 6 5 5 4 3 0 0 336106 0 15 15 15 10 2 5 2 3
0 0 0 0 1 1 6 0 4 2 1 0 6 -1 -1 -1 -1 -1 -1 336972 0 15 15 15 12.5 2 5 2 3
0 0 0 0 1 6 1 0 4 2 1 0 5 -1 -1 -1 -1 -1 -1 337772 0 15 15 15 12.5 2 5 2 3
0 0 0 0 6 1 1 0 4 2 1 0 4 -1 -1 -1 -1 -1 -1 338672 0 15 15 15 10 2 5 2 3
0 0 0 0 7 1 1 0 4 2 1 0 4 4 5 4 3 1 1 339505 0 15 15 15 12.5 2 8 0 3
0 0 0 0 6 1 1 0 4 2 1 0 4 -1 -1 -1 -1 -1 -1 340305 0 15 15 15 12.5 2 8 0 3
0 0 0 0 6 1 1 0 4 2 1 0 4 -1 -1 -1 -1 -1 -1 341204 0 15 15 15 12.5 2 8 0 3
0 0 0 0 6 1 1 0 4 2 1 0 4 -1 -1 -1 -1 -1 -1 342004 0 15 15 15 12.5 2 8 0 3
0 0 0 0 6 3 1 0 4 2 1 0 4 5 5 4 2 0 0 342804 0 15 15 15 11.5 2 5 2 3
0 0 0 0 6 1 1 0 4 2 1 0 4 -1 -1 -1 -1 -1 -1 343671 0 15 15 15 12.5 2 5 2 3
0 0 0 0 6 1 1 0 4 2 1 0 4 -1 -1 -1 -1 -1 -1 344470 0 15 15 15 12.5 2 5 2 3
0 0 0 0 6 1 1 0 4 2 1 0 4 -1 -1 -1 -1 -1 -1 345337 0 15 15 15 10 2 5 2 3
0 0 0 0 3 6 1 0 4 2 1 0 5 4 5 4 0 0 0 346270 0 15 15 15 12.5 2 4 2 3
0 0 0 0 1 6 1 0 4 2 1 0 5 -1 -1 -1 -1 -1 -1 347070 0 15 15 15 12.5 2 4 2 3
0 0 0 0 1 6 1 0 4 2 1 0 5 -1 -1 -1 -1 -1 -1 347903 0 15 15 15 10.3333 2 4 2 3
0 0 0 0 1 6 1 0 4 2 1 0 5 -1 -1 -1 -1 -1 -1 348769 0 15 15 15 12.5 2 4 2 3
0 0 0 0 1 6 3 0 4 2 1 0 5 6 5 4 3 0 0 349569 0 15 15 15 12.5 2 5 2 3
0 0 0 0 1 6 1 0 4 2 1 0 5 -1 -1 -1 -1 -1 -1 350436 0 15 15 15 10 2 5 2 3
0 0 0 0 1 1 6 0 4 2 1 0 6 -1 -1 -1 -1 -1 -1 351269 0 15 15 15 12.5 2 5 2 3
0 0 0 0 1 1 6 0 4 2 1 0 6 -1 -1 -1 -1 -1 -1 352068 0 15 15 15 12.5 2 5 2 3
0 0 0 0 1 1 7 0 4 2 1 0 6 6 5 4 3 1 1 353002 0 15 15 15 10 2 5 2 3
0 0 0 0 1 6 1 0 5 6 1 0 5 -1 -1 -1 -1 -1 -1 359767 0 15 40 15 60 2 8 0 3
0 0 0 0 1 6 1 0 5 6 1 0 5 -1 -1 -1 -1 -1 -1 359933 0 15 40 15 60 2 8 0 3
0 0 0 0 1 6 1 0 5 6 1 0 5 -1 -1 -1 -1 -1 -1 360100 0 15 40 15 60 2 4 2 3
0 0 0 0 1 6 1 0 5 6 1 0 5 -1 -1 -1 -1 -1 -1 360266 0 15 40 15 50 2 4 2 3
0 0 0 0 1 6 1 0 5 6 1 0 5 -1 -1 -1 -1 -1 -1 360566 0 15 40 15 20 2 4 2 3
0 0 0 0 1 6 1 0 5 6 1 0 5 -1 -1 -1 -1 -1 -1 361466 0 15 40 15 12.5 2 4 2 3
0 0 0 0 1 6 1 0 5 6 1 0 5 -1 -1 -1 -1 -1 -1 362266 0 15 40 15 12.5 2 4 2 3
0 0 0 0 1 6 1 0 5 6 1 0 5 -1 -1 -1 -1 -1 -1 363099 0 15 40 15 11.1667 2 4 2 3
0 0 0 0 6 1 1 0 5 6 1 0 4 -1 -1 -1 -1 -1 -1 363932 0 15 40 15 12.5 2 4 2 3
0 0 0 0 6 1 1 0 5 6 1 0 4 -1 -1 -1 -1 -1 -1 364732 0 15 40 15 12.5 2 4 2 3
0 0 0 0 7 1 1 0 5 6 1 0 4 4 5 4 4 1 1 365598 0 15 40 15 12.5 2 4 2 3
0 0 0 0 6 1 1 0 5 6 1 0 4 -1 -1 -1 -1 -1 -1 366398 0 15 40 15 12.5 2 4 2 3
0 0 0 0 6 1 1 0 5 6 1 0 4 -1 -1 -1 -1 -1 -1 367198 0 15 40 15 11.5 2 4 2 3
0 0 0 0 6 1 1 0 5 6 1 0 4 -1 -1 -1 -1 -1 -1 368065 0 15 40 15 12.5 2 4 2 3
0 0 0 0 7 1 1 0 5 6 1 0 4 4 5 4 4 1 1 368864 0 15 40 15 12.5 2 5 2 3
0 0 0 0 1 6 1 0 5 6 1 0 5 -1 -1 -1 -1 -1 -1 369531 0 15 40 16 13.4333 2 5 2 3
0 0 0 0 1 1 6 0 5 6 1 0 6 -1 -1 -1 -1 -1 -1 370264 0 15 40 16 16.25 2 5 2 3
0 0 0 0 1 1 6 0 5 6 1 0 6 -1 -1 -1 -1 -1 -1 370897 0 15 40 16 16.25 2 5 2 3
0 0 0 0 1 1 7 0 5 6 1 0 6 6 5 4 4 1 1 371497 0 15 40 16 16.25 2 4 2 3
0 0 0 0 1 1 6 0 5 6 1 0 6 -1 -1 -1 -1 -1 -1 372197 0 15 40 16 13 2 4 2 3
0 0 0 0 1 1 6 0 5 6 1 0 6 -1 -1 -1 -1 -1 -1 372797 0 15 40 16 16.25 2 4 2 3
0 0 0 0 1 1 6 0 5 6 1 0 6 -1 -1 -1 -1 -1 -1 373430 0 15 40 16 16.25 2 4 2 3
0 0 0 1 1 1 7 1 5 6 1 0 6 6 5 4 4 1 1 374063 0 15 40 16 14.3 2 5 2 5
0 0 0 1 1 1 6 1 5 6 1 1 6 -1 -1 -1 -1 -1 -1 374696 0 15 40 17 16 2 5 2 5
0 0 0 1 1 6 1 1 5 6 1 1 5 -1 -1 -1 -1 -1 -1 375329 0 15 40 17 16 2 5 2 5
0 0 0 1 6 1 1 1 5 6 1 1 4 -1 -1 -1 -1 -1 -1 375929 0 15 40 17 16 2 5 2 5
0 0 0 1 7 1 1 1 5 6 1 1 4 4 5 4 4 1 1 376529 0 15 40 17 20 2 6 2 5
0 0 0 1 6 1 1 1 5 6 1 1 4 -1 -1 -1 -1 -1 -1 377029 0 15 40 17 20 2 6 2 5
0 0 0 1 1 6 1 1 5 6 1 1 5 -1 -1 -1 -1 -1 -1 377529 0 15 40 17 20 2 6 2 5
0 0 0 1 1 1 6 1 5 6 1 1 6 -1 -1 -1 -1 -1 -1 378029 0 15 40 17 19.2 2 6 2 5
0 0 0 1 1 1 7 1 5 6 1 1 6 6 5 4 4 1 1 378562 0 15 40 17 20 2 8 0 5
0 0 0 1 1 1 6 1 5 6 1 1 6 -1 -1 -1 -1 -1 -1 378995 0 15 40 18 23.75 2 8 0 5
0 0 0 1 1 6 1 1 5 6 1 1 5 -1 -1 -1 -1 -1 -1 379428 0 15 40 18 23.75 2 8 0 5
0 0 0 1 1 6 1 1 5 6 1 1 5 -1 -1 -1 -1 -1 -1 379862 0 15 40 18 23.75 2 8 0 5
0 0 0 1 1 7 1 1 5 6 1 1 5 5 5 4 4 1 1 380295 0 15 40 18 19.6333 2 4 2 5
0 0 0 1 1 6 1 1 5 6 1 1 5 -1 -1 -1 -1 -1 -1 380761 0 15 40 18 23.75 2 4 2 5
0 0 0 1 6 1 1 1 5 6 1 1 4 -1 -1 -1 -1 -1 -1 381195 0 15 40 18 23.75 2 4 2 5
0 0 0 6 1 1 1 1 5 6 1 1 3 -1 -1 -1 -1 -1 -1 381628 0 15 40 18 23.75 2 4 2 5
0 0 0 7 1 1 1 1 5 6 1 1 3 3 5 4 4 1 1 382028 0 15 40 18 23.75 2 4 2 5
0 0 0 1 6 1 1 1 5 6 1 1 4 -1 -1 -1 -1 -1 -1 382461 0 15 40 19 22.05 2 4 2 5
0 0 0 6 1 1 1 1 5 6 1 1 3 -1 -1 -1 -1 -1 -1 382928 0 15 40 19 21 2 4 2 5
0 0 0 6 1 1 1 1 5 6 1 1 3 -1 -1 -1 -1 -1 -1 383394 0 15 40 19 26.25 2 4 2 5
0 0 0 7 1 1 1 1 5 6 1 1 3 3 5 4 4 1 1 383761 0 15 40 19 26.25 2 4 2 5
0 0 0 6 1 1 1 1 5 6 1 1 3 -1 -1 -1 -1 -1 -1 384161 0 15 40 19 26.25 2 4 2 5
0 0 0 6 1 1 1 1 5 6 1 1 3 -1 -1 -1 -1 -1 -1 384527 0 15 40 19 26.25 2 4 2 5
0 0 0 6 1 1 1 1 5 6 1 1 3 -1 -1 -1 -1 -1 -1 384894 0 15 40 19 25.55 2 4 2 5
0 0 0 7 1 1 1 1 5 6 1 1 3 3 5 4 4 1 1 385327 0 15 40 19 21 2 5 2 5
0 0 0 6 1 1 1 1 5 6 1 2 3 -1 -1 -1 -1 -1 -1 385727 0 15 40 20 27.5 2 5 2 5
0 0 0 1 6 1 1 1 5 6 1 2 4 -1 -1 -1 -1 -1 -1 386093 0 15 40 20 27.5 2 5 2 5
0 0 0 1 6 1 1 1 5 6 1 2 4 -1 -1 -1 -1 -1 -1 386460 0 15 40 20 27.5 2 5 2 5
0 0 0 1 7 1 1 1 5 6 1 2 4 4 5 4 4 1 1 386793 0 15 40 20 27.5 2 4 2 5
0 0 0 1 6 1 1 1 5 6 1 2 4 -1 -1 -1 -1 -1 -1 387193 0 15 40 20 24.5667 2 4 2 5
0 0 0 1 6 1 1 4 5 6 1 2 4 -1 -1 -1 -1 -1 -1 387626 1 15 40 20 22 2 4 2 5
0 0 0 1 1 6 1 1 5 6 1 2 5 -1 -1 -1 -1 -1 -1 388093 0 15 40 20 22 2 4 2 5
0 0 0 1 1 1 7 1 5 6 1 2 6 6 5 4 4 1 1 388526 0 15 40 20 22 2 5 2 5
0 0 0 1 1 1 6 1 5 6 1 2 6 -1 -1 -1 -1 -1 -1 388893 0 15 40 21 28.75 2 5 2 5
0 0 0 1 1 4 6 1 5 6 1 2 6 -1 -1 -1 -1 -1 -1 389259 1 15 40 21 28.75 2 5 2 5
0 0 0 1 1 1 1 6 5 6 1 2 7 -1 -1 -1 -1 -1 -1 389593 0 15 40 21 28.75 2 5 2 5
0 0 0 1 1 1 1 7 5 6 1 2 7 7 5 4 4 1 1 389959 0 15 40 21 28.75 2 6 2 5
0 0 0 1 1 1 1 6 5 6 1 2 7 -1 -1 -1 -1 -1 -1 390292 0 15 40 21 27.2167 2 6 2 5
0 0 0 1 1 1 4 6 5 6 1 2 7 -1 -1 -1 -1 -1 -1 390692 1 15 40 21 23 2 6 2 5
0 0 0 1 1 1 6 1 5 6 1 2 6 -1 -1 -1 -1 -1 -1 391126 0 15 40 21 23 2 6 2 5
0 0 0 1 1 7 1 1 5 6 1 2 5 5 5 4 4 1 1 391559 0 15 40 21 23 2 8 0 5
0 0 0 1 1 6 1 1 5 6 1 2 5 -1 -1 -1 -1 -1 -1 391992 0 15 40 22 30 2 8 0 5
0 0 0 1 6 1 4 1 5 6 1 2 4 -1 -1 -1 -1 -1 -1 392325 1 15 40 22 30 2 8 0 5
0 0 0 1 6 1 1 1 5 6 1 2 4 -1 -1 -1 -1 -1 -1 392659 0 15 40 22 30 2 8 0 5
0 0 0 1 7 1 1 1 5 6 1 2 4 4 5 4 4 1 1 392958 0 15 40 22 30 2 4 2 5
0 0 0 1 6 1 1 1 5 6 1 2 4 -1 -1 -1 -1 -1 -1 393292 0 15 40 22 30 2 4 2 5
0 0 0 6 1 1 4 1 5 6 1 2 3 -1 -1 -1 -1 -1 -1 393658 1 15 40 22 27.2 2 4 2 5
0 0 0 6 1 1 1 1 5 6 1 2 3 -1 -1 -1 -1 -1 -1 394058 0 15 40 22 30 2 4 2 5
0 0 0 7 1 1 1 1 5 6 1 2 3 3 5 4 4 1 1 394391 0 15 40 22 30 2 4 2 5
0 0 0 6 1 1 1 1 5 6 1 2 3 -1 -1 -1 -1 -1 -1 394691 0 15 40 23 31.25 2 4 2 5
0 0 0 6 1 1 1 4 5 6 1 2 3 -1 -1 -1 -1 -1 -1 395025 1 15 40 23 31.25 2 4 2 5
0 0 0 1 6 1 1 1 5 6 1 2 4 -1 -1 -1 -1 -1 -1 395358 0 15 40 23 31.25 2 4 2 5
0 0 0 1 7 1 1 1 5 6 1 2 4 4 5 4 4 1 1 395658 0 15 40 23 30 2 4 2 5
0 0 0 1 1 6 1 1 5 6 1 2 5 -1 -1 -1 -1 -1 -1 396024 0 15 40 23 25.4167 2 4 2 5
0 0 0 1 4 6 1 1 5 6 1 2 5 -1 -1 -1 -1 -1 -1 396424 1 15 40 23 31.25 2 4 2 5
0 0 0 1 1 6 1 1 5 6 1 2 5 -1 -1 -1 -1 -1 -1 396724 0 15 40 23 31.25 2 4 2 5
0 0 0 1 1 7 1 1 5 6 1 2 5 5 5 4 4 1 1 397057 0 15 40 23 31.25 2 5 2 5
0 0 0 1 1 6 1 1 5 6 1 2 5 -1 -1 -1 -1 -1 -1 397357 0 15 40 24 31.875 2 5 2 5
0 0 0 4 6 1 1 1 5 6 1 2 4 -1 -1 -1 -1 -1 -1 397691 1 15 40 24 31.875 2 5 2 5
0 0 0 1 6 1 1 1 5 6 1 2 4 -1 -1 -1 -1 -1 -1 397991 0 15 40 24 30.6 2 5 2 5
0 0 0 1 2 8 1 1 5 6 1 2 5 4 5 4 4 1 0 398357 0 15 40 24 25.925 2 4 2 5
0 0 0 1 1 6 1 1 5 6 1 2 5 -1 -1 -1 -1 -1 -1 398757 0 15 40 23 25 2 4 2 5
0 0 0 1 4 1 6 1 5 6 1 2 6 -1 -1 -1 -1 -1 -1 399157 1 15 40 23 25 2 4 2 5
0 0 0 1 1 1 6 1 5 6 1 2 6 -1 -1 -1 -1 -1 -1 399524 0 15 40 23 31.25 2 4 2 5
0 0 0 1 1 1 7 1 5 6 1 2 6 6 5 4 4 1 1 399823 0 15 40 23 31.25 2 5 2 5
0 0 0 1 1 1 1 6 5 6 1 2 7 -1 -1 -1 -1 -1 -1 400157 0 15 40 23 31.25 2 5 2 5
0 0 0 1 1 1 4 6 5 6 1 2 7 -1 -1 -1 -1 -1 -1 400490 1 15 40 23 31.25 2 5 2 5
0 0 0 1 1 1 1 6 5 6 1 2 7 -1 -1 -1 -1 -1 -1 400790 0 15 40 23 31.25 2 5 2 5
0 0 0 1 1 1 7 1 5 6 1 2 6 6 5 4 4 1 1 401123 0 15 40 23 28.3333 2 6 2 5
0 0 0 1 1 1 6 1 5 6 1 2 6 -1 -1 -1 -1 -1 -1 401490 0 15 40 24 25.5 2 6 2 5
0 0 0 1 4 6 1 1 5 6 1 2 5 -1 -1 -1 -1 -1 -1 401890 1 15 40 24 25.5 2 6 2 5
0 0 0 1 1 6 1 1 5 6 1 2 5 -1 -1 -1 -1 -1 -1 402290 0 15 40 24 25.5 2 6 2 5
0 0 0 1 1 7 1 1 5 6 1 2 5 5 5 4 4 1 1 402623 0 15 40 24 31.875 2 8 0 5
0 0 0 1 1 6 1 1 5 6 1 2 5 -1 -1 -1 -1 -1 -1 402923 0 15 40 24 31.875 2 8 0 5
0 0 0 1 6 1 4 1 5 6 1 2 4 -1 -1 -1 -1 -1 -1 403256 1 15 40 24 31.875 2 8 0 5
0 0 0 1 6 1 1 1 5 6 1 2 4 -1 -1 -1 -1 -1 -1 403556 0 15 40 24 31.875 2 8 0 5
0 0 0 1 7 1 1 1 5 6 1 2 4 4 5 4 4 1 1 403889 0 15 40 24 31.875 2 4 2 5
0 0 0 1 1 6 1 1 6 1 1 2 5 -1 -1 -1 -1 -1 -1 413853 0 15 15 15 60 2 8 0 5
0 0 0 1 1 6 1 1 6 1 1 2 5 -1 -1 -1 -1 -1 -1 414020 0 15 15 15 60 2 8 0 5
0 0 0 1 1 6 1 1 6 1 1 2 5 -1 -1 -1 -1 -1 -1 414187 0 15 15 15 60 2 4 2 5
0 0 0 1 1 6 1 1 6 1 1 2 5 -1 -1 -1 -1 -1 -1 414353 0 15 15 15 50 2 4 2 5
0 0 0 1 1 6 1 1 6 1 1 2 5 -1 -1 -1 -1 -1 -1 414653 0 15 15 15 20 2 4 2 5
0 0 0 1 1 6 1 1 6 1 1 2 5 -1 -1 -1 -1 -1 -1 415553 0 15 15 15 12.5 2 4 2 5
0 0 0 1 1 6 1 1 6 1 1 2 5 -1 -1 -1 -1 -1 -1 416353 0 15 15 15 12.5 2 6 2 5
0 0 0 1 1 6 1 1 6 1 1 2 5 -1 -1 -1 -1 -1 -1 417186 0 15 15 15 11.3333 2 6 2 5
0 0 0 1 1 6 1 1 6 1 1 2 5 -1 -1 -1 -1 -1 -1 418086 0 15 15 15 12.5 2 6 2 5
0 0 0 1 1 6 1 1 6 1 1 2 5 -1 -1 -1 -1 -1 -1 418885 0 15 15 15 12.5 2 6 2 5
0 0 0 1 1 6 3 1 6 1 1 2 5 6 4 5 0 0 0 419685 0 15 15 15 12.5 2 6 2 5
0 0 0 1 6 1 1 1 6 1 1 2 4 -1 -1 -1 -1 -1 -1 420485 0 15 15 15 12.5 2 6 2 5
0 0 0 1 6 4 1 1 6 1 1 2 4 -1 -1 -1 -1 -1 -1 421318 1 15 15 15 10.5 2 6 2 5
0 0 0 1 6 1 1 1 6 1 1 2 4 -1 -1 -1 -1 -1 -1 422151 0 15 15 15 12.5 2 6 2 5
0 0 0 1 6 3 1 1 6 1 1 2 4 5 4 6 1 0 0 422951 0 15 15 15 12.5 2 4 2 5
0 0 0 1 6 1 1 1 6 1 1 2 4 -1 -1 -1 -1 -1 -1 423851 0 15 15 15 12.5 2 4 2 5
0 0 0 1 1 6 1 4 6 1 1 2 5 -1 -1 -1 -1 -1 -1 424651 1 15 15 15 12.5 2 4 2 5
0 0 0 1 1 6 1 1 6 1 1 2 5 -1 -1 -1 -1 -1 -1 425451 0 15 15 15 12 2 4 2 5
0 0 0 3 1 6 1 1 6 1 1 2 5 3 4 8 3 0 0 426317 0 15 15 15 12.5 2 6 2 5
0 0 0 1 1 6 1 1 6 1 1 2 5 -1 -1 -1 -1 -1 -1 427117 0 15 15 15 12.5 2 6 2 5
0 0 0 6 1 1 1 4 6 1 1 2 3 -1 -1 -1 -1 -1 -1 427983 1 15 15 15 10 2 6 2 5
0 0 0 6 1 1 1 1 6 1 1 2 3 -1 -1 -1 -1 -1 -1 428783 0 15 15 15 12.5 2 6 2 5
0 0 0 7 1 1 1 1 6 1 1 2 3 3 4 8 3 1 1 429583 0 15 15 15 12.5 2 5 2 5
0 0 0 6 1 1 1 1 6 1 1 2 3 -1 -1 -1 -1 -1 -1 430483 0 15 15 15 12.5 2 5 2 5
0 0 0 1 6 1 4 1 6 1 1 2 4 -1 -1 -1 -1 -1 -1 431282 1 15 15 15 12.5 2 5 2 5
0 0 0 1 6 1 1 1 6 1 1 2 4 -1 -1 -1 -1 -1 -1 432116 0 15 15 15 10.8333 2 5 2 5
0 0 0 3 6 1 1 1 6 1 1 2 4 3 4 5 0 0 0 433082 0 15 15 15 10 2 6 2 5
0 0 0 1 6 1 1 1 6 1 1 2 4 -1 -1 -1 -1 -1 -1 433982 0 15 15 15 12.5 2 6 2 5
0 0 0 1 6 1 4 1 6 1 1 2 4 -1 -1 -1 -1 -1 -1 434782 1 15 15 15 12.5 2 6 2 5
0 0 0 1 6 1 1 1 6 1 1 2 4 -1 -1 -1 -1 -1 -1 435648 0 15 15 15 10 2 6 2 5
0 0 0 1 7 1 1 1 6 1 1 2 4 4 4 5 0 1 1 436448 0 15 15 15 12.5 2 8 0 5
0 0 0 1 6 1 1 1 6 1 1 2 4 -1 -1 -1 -1 -1 -1 437248 0 15 15 15 12.3333 2 8 0 5
0 0 0 4 1 6 1 1 6 1 1 2 5 -1 -1 -1 -1 -1 -1 438181 1 15 15 15 12.5 2 8 0 5
0 0 0 1 1 6 1 1 6 1 1 2 5 -1 -1 -1 -1 -1 -1 438981 0 15 15 15 12.5 2 8 0 5
0 0 0 1 1 7 1 1 6 1 1 2 5 5 4 5 0 1 1 439780 0 15 15 15 11.5 2 4 2 5
0 0 0 1 1 6 1 1 6 1 1 2 5 -1 -1 -1 -1 -1 -1 440680 0 15 15 15 12.5 2 4 2 5
0 0 0 1 4 1 6 1 6 1 1 2 6 -1 -1 -1 -1 -1 -1 441480 1 15 15 15 12.5 2 4 2 5
0 0 0 1 1 1 6 1 6 1 1 2 6 -1 -1 -1 -1 -1 -1 442313 0 15 15 15 10 2 4 2 5
0 0 0 1 1 3 6 1 6 1 1 2 6 5 4 6 1 0 0 443146 0 15 15 15 12.5 2 6 2 5
0 0 0 1 1 1 1 6 6 1 1 2 7 -1 -1 -1 -1 -1 -1 443946 0 15 15 15 12.3333 2 6 2 5
0 0 0 1 1 1 4 6 6 1 1 2 7 -1 -1 -1 -1 -1 -1 444812 1 15 15 15 12.5 2 6 2 5
0 0 0 1 1 1 6 1 6 1 1 2 6 -1 -1 -1 -1 -1 -1 445612 0 15 15 15 12.5 2 6 2 5
0 0 0 3 1 1 6 1 6 1 1 2 6 3 4 8 3 0 0 446445 0 15 15 15 10.6667 2 6 2 5
0 0 0 1 1 1 6 1 6 1 1 2 6 -1 -1 -1 -1 -1 -1 447345 0 15 15 15 12.5 2 6 2 5
0 0 0 1 1 4 6 1 6 1 1 2 6 -1 -1 -1 -1 -1 -1 448145 1 15 15 15 12.5 2 6 2 5
0 0 0 1 1 1 6 1 6 1 1 2 6 -1 -1 -1 -1 -1 -1 449011 0 15 15 15 10 2 6 2 5
0 0 0 3 1 1 6 1 6 1 1 2 6 3 4 5 0 0 0 449811 0 15 15 15 12.5 2 4 2 5
0 0 0 1 1 1 6 1 6 1 1 2 6 -1 -1 -1 -1 -1 -1 450611 0 15 15 15 12.1667 2 4 2 5
0 0 0 1 1 1 6 4 6 1 1 2 6 -1 -1 -1 -1 -1 -1 451478 1 15 15 15 12.5 2 4 2 5
0 0 0 1 1 1 6 1 6 1 1 2 6 -1 -1 -1 -1 -1 -1 452277 0 15 15 15 12.5 2 4 2 5
0 0 0 1 1 3 6 1 6 1 1 2 6 5 4 7 2 0 0 453110 0 15 15 15 10.5 2 6 2 5
0 0 0 1 1 1 6 1 6 1 1 2 6 -1 -1 -1 -1 -1 -1 453944 0 15 15 15 12.5 2 6 2 5
0 0 0 1 1 6 1 4 6 1 1 2 5 -1 -1 -1 -1 -1 -1 454743 1 15 15 15 12.5 2 6 2 5
0 0 0 1 1 6 1 1 6 1 1 2 5 -1 -1 -1 -1 -1 -1 455643 0 15 15 15 12.5 2 6 2 5
0 0 0 1 1 6 3 1 6 1 1 2 5 6 4 6 1 0 0 456443 0 15 15 15 12.5 2 5 2 5
0 0 0 1 1 6 1 1 6 1 1 2 5 -1 -1 -1 -1 -1 -1 457243 0 15 15 15 11.3333 2 5 2 5
0 0 0 4 1 1 6 1 6 1 1 2 6 -1 -1 -1 -1 -1 -1 458076 1 15 15 15 12.5 2 5 2 5
0 0 0 1 1 1 6 1 6 1 1 2 6 -1 -1 -1 -1 -1 -1 458876 0 15 15 15 12.5 2 5 2 5
0 0 0 1 1 3 6 1 6 1 1 2 6 5 4 7 2 0 0 459742 0 15 15 15 12.5 2 6 2 5
0 0 0 1 1 1 6 1 6 1 1 2 6 -1 -1 -1 -1 -1 -1 460542 0 15 15 15 12.5 2 6 2 5
0 0 0 1 1 6 1 4 6 1 1 2 5 -1 -1 -1 -1 -1 -1 461342 1 15 15 15 10.8333 2 6 2 5
0 0 0 1 6 1 1 1 6 1 1 2 4 -1 -1 -1 -1 -1 -1 462342 0 15 15 15 10 2 6 2 5
0 0 0 1 7 1 1 1 6 1 1 2 4 4 4 7 2 1 1 463141 0 15 15 15 12.5 2 8 0 5
0 0 0 1 6 1 1 1 6 1 1 2 4 -1 -1 -1 -1 -1 -1 463941 0 15 15 15 12.1667 2 8 0 5
0 0 0 4 1 1 6 1 6 1 1 2 6 -1 -1 -1 -1 -1 -1 464908 1 15 15 15 10 2 8 0 5
0 0 0 1 1 1 6 1 6 1 1 2 6 -1 -1 -1 -1 -1 -1 465741 0 15 15 15 12.5 2 8 0 5
0 0 0 1 1 1 7 1 6 1 1 2 6 6 4 7 2 1 1 466541 0 15 15 15 12.5 2 4 2 5
0 0 0 1 1 6 1 1 6 1 1 2 5 -1 -1 -1 -1 -1 -1 467474 0 15 15 15 10 2 4 2 5
0 0 0 4 1 1 6 1 6 1 1 2 6 -1 -1 -1 -1 -1 -1 468373 1 15 15 15 12.5 2 4 2 5
0 0 0 1 1 1 6 1 6 1 1 2 6 -1 -1 -1 -1 -1 -1 469173 0 15 15 15 12.5 2 4 2 5
0 0 0 1 1 3 6 1 6 1 1 2 6 5 4 5 0 0 0 470006 0 15 15 15 10.1667 2 6 2 5
0 0 0 1 1 1 6 1 6 1 1 2 6 -1 -1 -1 -1 -1 -1 470839 0 15 15 15 12.5 2 6 2 5
0 0 0 1 1 4 6 1 6 1 1 2 6 -1 -1 -1 -1 -1 -1 471639 1 15 15 15 12.1667 2 6 2 5
0 0 0 1 1 1 6 1 6 1 1 2 6 -1 -1 -1 -1 -1 -1 472472 0 15 15 15 12.5 2 6 2 5
0 0 0 1 3 1 6 1 6 1 1 2 6 4 4 6 1 0 0 473272 0 15 15 15 12.5 2 6 2 5
0 0 0 1 1 1 6 1 6 1 1 2 6 -1 -1 -1 -1 -1 -1 474072 0 15 15 15 12.5 2 6 2 5
0 0 0 1 4 1 6 1 6 1 1 2 6 -1 -1 -1 -1 -1 -1 474872 1 15 15 15 12.5 2 6 2 5
0 0 0 1 1 1 6 1 6 1 1 2 6 -1 -1 -1 -1 -1 -1 475705 0 15 15 15 10.8333 2 6 2 5
0 0 0 3 1 1 6 1 6 1 1 2 6 3 4 7 2 0 0 476538 0 15 15 15 12.5 2 4 2 5
0 0 0 1 1 1 6 1 6 1 1 2 6 -1 -1 -1 -1 -1 -1 477338 0 15 15 15 12.5 2 4 2 5
0 0 0 1 4 1 6 1 6 1 1 2 6 -1 -1 -1 -1 -1 -1 478138 1 15 15 15 12.5 2 4 2 5
0 0 0 1 1 6 1 1 6 1 1 2 5 -1 -1 -1 -1 -1 -1 478937 0 15 15 15 12.5 2 4 2 5
0 0 0 3 1 6 1 1 6 1 1 2 5 3 4 8 3 0 0 479771 0 15 15 15 12.5 2 6 2 5
0 0 0 1 1 6 1 1 6 1 1 2 5 -1 -1 -1 -1 -1 -1 480570 0 15 15 15 12.5 2 6 2 5
0 0 0 1 6 1 4 1 6 1 1 2 4 -1 -1 -1 -1 -1 -1 481404 1 15 15 15 11 2 6 2 5
0 0 0 1 6 1 1 1 6 1 1 2 4 -1 -1 -1 -1 -1 -1 482237 0 15 15 15 12.5 2 6 2 5
0 0 0 1 7 1 1 1 6 1 1 2 4 4 4 8 3 1 1 483036 0 15 15 15 12.5 2 5 2 5
0 0 0 1 6 1 1 1 6 1 1 2 4 -1 -1 -1 -1 -1 -1 483936 0 15 15 15 10 2 5 2 5
0 0 0 1 1 6 1 4 6 1 1 2 5 -1 -1 -1 -1 -1 -1 484869 1 15 15 15 12.5 2 5 2 5
0 0 0 1 1 6 1 1 6 1 1 2 5 -1 -1 -1 -1 -1 -1 485669 0 15 15 15 12.5 2 5 2 5
0 0 0 1 3 6 1 1 6 1 1 2 5 4 4 6 1 0 0 486502 0 15 15 15 10.5 2 6 2 5
0 0 0 1 1 6 1 1 6 1 1 2 5 -1 -1 -1 -1 -1 -1 487369 0 15 15 15 12.5 2 6 2 5
0 0 0 1 1 1 6 4 6 1 1 2 6 -1 -1 -1 -1 -1 -1 488169 1 15 15 15 12.5 2 6 2 5
0 0 0 1 1 1 6 1 6 1 1 2 6 -1 -1 -1 -1 -1 -1 489068 0 15 15 15 10 2 6 2 5
0 0 0 1 1 1 7 1 6 1 1 2 6 6 4 6 1 1 1 489868 0 15 15 15 12.5 2 8 0 5
0 0 0 1 1 1 6 1 6 1 1 2 6 -1 -1 -1 -1 -1 -1 490668 0 15 15 15 12.3333 2 8 0 5
0 0 0 1 4 1 6 1 6 1 1 2 6 -1 -1 -1 -1 -1 -1 491568 1 15 15 15 12.5 2 8 0 5
0 0 0 1 1 6 1 1 6 1 1 2 5 -1 -1 -1 -1 -1 -1 492368 0 15 15 15 12.5 2 8 0 5
0 0 0 1 1 6 3 1 6 1 1 2 5 6 4 8 3 0 0 493167 0 15 15 15 10.6667 2 4 2 5
0 0 0 1 1 6 1 1 6 1 1 2 5 -1 -1 -1 -1 -1 -1 494000 0 15 15 15 12.5 2 4 2 5
0 0 0 1 6 1 1 4 6 1 1 2 4 -1 -1 -1 -1 -1 -1 494800 1 15 15 15 12.5 2 4 2 5
0 0 0 1 6 1 1 1 6 1 1 2 4 -1 -1 -1 -1 -1 -1 495700 0 15 15 15 12.5 2 4 2 5
0 0 0 1 7 1 1 1 6 1 1 2 4 4 4 8 3 1 1 496500 0 15 15 15 12.5 2 6 2 5
0 0 0 1 1 6 1 1 6 1 1 2 5 -1 -1 -1 -1 -1 -1 413853 0 15 15 15 60 2 8 0 5
0 0 0 1 1 6 1 1 6 1 1 2 5 -1 -1 -1 -1 -1 -1 414020 0 15 15 15 60 2 8 0 5
0 0 0 1 1 6 1 1 6 1 1 2 5 -1 -1 -1 -1 -1 -1 414187 0 15 15 15 60 2 4 2 5
0 0 0 1 1 6 1 1 6 1 1 2 5 -1 -1 -1 -1 -1 -1 414353 0 15 15 15 50 2 4 2 5
0 0 0 1 1 6 1 1 6 1 1 2 5 -1 -1 -1 -1 -1 -1 414653 0 15 15 15 20 2 4 2 5
0 0 0 1 1 6 1 1 6 1 1 2 5 -1 -1 -1 -1 -1 -1 415553 0 15 15 15 12.5 2 4 2 5
0 0 0 1 1 6 1 1 6 1 1 2 5 -1 -1 -1 -1 -1 -1 416353 0 15 15 15 12.5 2 6 2 5
0 0 0 1 1 6 1 1 6 1 1 2 5 -1 -1 -1 -1 -1 -1 417186 0 15 15 15 11.3333 2 6 2 5
0 0 0 1 1 6 1 1 6 1 1 2 5 -1 -1 -1 -1 -1 -1 418086 0 15 15 15 12.5 2 6 2 5
0 0 0 1 1 6 1 1 6 1 1 2 5 -1 -1 -1 -1 -1 -1 418885 0 15 15 15 12.5 2 6 2 5
0 0 0 1 1 6 3 1 6 1 1 2 5 6 4 5 0 0 0 419685 0 15 15 15 12.5 2 6 2 5
0 0 0 1 6 1 1 1 6 1 1 2 4 -1 -1 -1 -1 -1 -1 420485 0 15 15 15 12.5 2 6 2 5
0 0 0 1 6 4 1 1 6 1 1 2 4 -1 -1 -1 -1 -1 -1 421318 1 15 15 15 10.5 2 6 2 5
0 0 0 1 6 1 1 1 6 1 1 2 4 -1 -1 -1 -1 -1 -1 422151 0 15 15 15 12.5 2 6 2 5
0 0 0 1 6 3 1 1 6 1 1 2 4 5 4 6 1 0 0 422951 0 15 15 15 12.5 2 4 2 5
0 0 0 1 6 1 1 1 6 1 1 2 4 -1 -1 -1 -1 -1 -1 423851 0 15 15 15 12.5 2 4 2 5
0 0 0 1 1 6 1 4 6 1 1 2 5 -1 -1 -1 -1 -1 -1 424651 1 15 15 15 12.5 2 4 2 5
0 0 0 1 1 6 1 1 6 1 1 2 5 -1 -1 -1 -1 -1 -1 425451 0 15 15 15 12 2 4 2 5
0 0 0 3 1 6 1 1 6 1 1 2 5 3 4 8 3 0 0 426317 0 15 15 15 12.5 2 6 2 5
0 0 0 1 1 6 1 1 6 1 1 2 5 -1 -1 -1 -1 -1 -1 427117 0 15 15 15 12.5 2 6 2 5
0 0 0 6 1 1 1 4 6 1 1 2 3 -1 -1 -1 -1 -1 -1 427983 1 15 15 15 10 2 6 2 5
0 0 0 6 1 1 1 1 6 1 1 2 3 -1 -1 -1 -1 -1 -1 428783 0 15 15 15 12.5 2 6 2 5
0 0 0 7 1 1 1 1 6 1 1 2 3 3 4 8 3 1 1 429583 0 15 15 15 12.5 2 5 2 5
0 0 0 6 1 1 1 1 6 1 1 2 3 -1 -1 -1 -1 -1 -1 430483 0 15 15 15 12.5 2 5 2 5
0 0 0 1 6 1 4 1 6 1 1 2 4 -1 -1 -1 -1 -1 -1 431282 1 15 15 15 12.5 2 5 2 5
0 0 0 1 6 1 1 1 6 1 1 2 4 -1 -1 -1 -1 -1 -1 432116 0 15 15 15 10.8333 2 5 2 5
0 0 0 3 6 1 1 1 6 1 1 2 4 3 4 5 0 0 0 433082 0 15 15 15 10 2 6 2 5
0 0 0 1 6 1 1 1 6 1 1 2 4 -1 -1 -1 -1 -1 -1 433982 0 15 15 15 12.5 2 6 2 5
0 0 0 1 6 1 4 1 6 1 1 2 4 -1 -1 -1 -1 -1 -1 434782 1 15 15 15 12.5 2 6 2 5
0 0 0 1 6 1 1 1 6 1 1 2 4 -1 -1 -1 -1 -1 -1 435648 0 15 15 15 10 2 6 2 5
0 0 0 1 7 1 1 1 6 1 1 2 4 4 4 5 0 1 1 436448 0 15 15 15 12.5 2 8 0 5
0 0 0 1 6 1 1 1 6 1 1 2 4 -1 -1 -1 -1 -1 -1 437248 0 15 15 15 12.3333 2 8 0 5
0 0 0 4 1 6 1 1 6 1 1 2 5 -1 -1 -1 -1 -1 -1 438181 1 15 15 15 12.5 2 8 0 5
0 0 0 1 1 6 1 1 6 1 1 2 5 -1 -1 -1 -1 -1 -1 438981 0 15 15 15 12.5 2 8 0 5
0 0 0 1 1 7 1 1 6 1 1 2 5 5 4 5 0 1 1 439780 0 15 15 15 11.5 2 4 2 5
0 0 0 1 1 6 1 1 6 1 1 2 5 -1 -1 -1 -1 -1 -1 440680 0 15 15 15 12.5 2 4 2 5
0 0 0 1 4 1 6 1 6 1 1 2 6 -1 -1 -1 -1 -1 -1 441480 1 15 15 15 12.5 2 4 2 5
0 0 0 1 1 1 6 1 6 1 1 2 6 -1 -1 -1 -1 -1 -1 442313 0 15 15 15 10 2 4 2 5
0 0 0 1 1 3 6 1 6 1 1 2 6 5 4 6 1 0 0 443146 0 15 15 15 12.5 2 6 2 5
0 0 0 1 1 1 1 6 6 1 1 2 7 -1 -1 -1 -1 -1 -1 443946 0 15 15 15 12.3333 2 6 2 5
0 0 0 1 1 1 4 6 6 1 1 2 7 -1 -1 -1 -1 -1 -1 444812 1 15 15 15 12.5 2 6 2 5
0 0 0 1 1 1 6 1 6 1 1 2 6 -1 -1 -1 -1 -1 -1 445612 0 15 15 15 12.5 2 6 2 5
0 0 0 3 1 1 6 1 6 1 1 2 6 3 4 8 3 0 0 446445 0 15 15 15 10.6667 2 6 2 5
0 0 0 1 1 1 6 1 6 1 1 2 6 -1 -1 -1 -1 -1 -1 447345 0 15 15 15 12.5 2 6 2 5
0 0 0 1 1 4 6 1 6 1 1 2 6 -1 -1 -1 -1 -1 -1 448145 1 15 15 15 12.5 2 6 2 5
0 0 0 1 1 1 6 1 6 1 1 2 6 -1 -1 -1 -1 -1 -1 449011 0 15 15 15 10 2 6 2 5
0 0 0 3 1 1 6 1 6 1 1 2 6 3 4 5 0 0 0 449811 0 15 15 15 12.5 2 4 2 5
0 0 0 1 1 1 6 1 6 1 1 2 6 -1 -1 -1 -1 -1 -1 450611 0 15 15 15 12.1667 2 4 2 5
0 0 0 1 1 1 6 4 6 1 1 2 6 -1 -1 -1 -1 -1 -1 451478 1 15 15 15 12.5 2 4 2 5
0 0 0 1 1 1 6 1 6 1 1 2 6 -1 -1 -1 -1 -1 -1 452277 0 15 15 15 12.5 2 4 2 5
0 0 0 1 1 3 6 1 6 1 1 2 6 5 4 7 2 0 0 453110 0 15 15 15 10.5 2 6 2 5
0 0 0 1 1 1 6 1 6 1 1 2 6 -1 -1 -1 -1 -1 -1 453944 0 15 15 15 12.5 2 6 2 5
0 0 0 1 1 6 1 4 6 1 1 2 5 -1 -1 -1 -1 -1 -1 454743 1 15 15 15 12.5 2 6 2 5
0 0 0 1 1 6 1 1 6 1 1 2 5 -1 -1 -1 -1 -1 -1 455643 0 15 15 15 12.5 2 6 2 5
0 0 0 1 1 6 3 1 6 1 1 2 5 6 4 6 1 0 0 456443 0 15 15 15 12.5 2 5 2 5
0 0 0 1 1 6 1 1 6 1 1 2 5 -1 -1 -1 -1 -1 -1 457243 0 15 15 15 11.3333 2 5 2 5
0 0 0 4 1 1 6 1 6 1 1 2 6 -1 -1 -1 -1 -1 -1 458076 1 15 15 15 12.5 2 5 2 5
0 0 0 1 1 1 6 1 6 1 1 2 6 -1 -1 -1 -1 -1 -1 458876 0 15 15 15 12.5 2 5 2 5
0 0 0 1 1 3 6 1 6 1 1 2 6 5 4 7 2 0 0 459742 0 15 15 15 12.5 2 6 2 5
0 0 0 1 1 1 6 1 6 1 1 2 6 -1 -1 -1 -1 -1 -1 460542 0 15 15 15 12.5 2 6 2 5
0 0 0 1 1 6 1 4 6 1 1 2 5 -1 -1 -1 -1 -1 -1 461342 1 15 15 15 10.8333 2 6 2 5
0 0 0 1 6 1 1 1 6 1 1 2 4 -1 -1 -1 -1 -1 -1 462342 0 15 15 15 10 2 6 2 5
0 0 0 1 7 1 1 1 6 1 1 2 4 4 4 7 2 1 1 463141 0 15 15 15 12.5 2 8 0 5
0 0 0 1 6 1 1 1 6 1 1 2 4 -1 -1 -1 -1 -1 -1 463941 0 15 15 15 12.1667 2 8 0 5
0 0 0 4 1 1 6 1 6 1 1 2 6 -1 -1 -1 -1 -1 -1 464908 1 15 15 15 10 2 8 0 5
0 0 0 1 1 1 6 1 6 1 1 2 6 -1 -1 -1 -1 -1 -1 465741 0 15 15 15 12.5 2 8 0 5
0 0 0 1 1 1 7 1 6 1 1 2 6 6 4 7 2 1 1 466541 0 15 15 15 12.5 2 4 2 5
0 0 0 1 1 6 1 1 6 1 1 2 5 -1 -1 -1 -1 -1 -1 467474 0 15 15 15 10 2 4 2 5
0 0 0 4 1 1 6 1 6 1 1 2 6 -1 -1 -1 -1 -1 -1 468373 1 15 15 15 12.5 2 4 2 5
0 0 0 1 1 1 6 1 6 1 1 2 6 -1 -1 -1 -1 -1 -1 469173 0 15 15 15 12.5 2 4 2 5
0 0 0 1 1 3 6 1 6 1 1 2 6 5 4 5 0 0 0 470006 0 15 15 15 10.1667 2 6 2 5
0 0 0 1 1 1 6 1 6 1 1 2 6 -1 -1 -1 -1 -1 -1 470839 0 15 15 15 12.5 2 6 2 5
0 0 0 1 1 4 6 1 6 1 1 2 6 -1 -1 -1 -1 -1 -1 471639 1 15 15 15 12.1667 2 6 2 5
0 0 0 1 1 1 6 1 6 1 1 2 6 -1 -1 -1 -1 -1 -1 472472 0 15 15 15 12.5 2 6 2 5
0 0 0 1 3 1 6 1 6 1 1 2 6 4 4 6 1 0 0 473272 0 15 15 15 12.5 2 6 2 5
0 0 0 1 1 1 6 1 6 1 1 2 6 -1 -1 -1 -1 -1 -1 474072 0 15 15 15 12.5 2 6 2 5
0 0 0 1 4 1 6 1 6 1 1 2 6 -1 -1 -1 -1 -1 -1 474872 1 15 15 15 12.5 2 6 2 5
0 0 0 1 1 1 6 1 6 1 1 2 6 -1 -1 -1 -1 -1 -1 475705 0 15 15 15 10.8333 2 6 2 5
0 0 0 3 1 1 6 1 6 1 1 2 6 3 4 7 2 0 0 476538 0 15 15 15 12.5 2 4 2 5
0 0 0 1 1 1 6 1 6 1 1 2 6 -1 -1 -1 -1 -1 -1 477338 0 15 15 15 12.5 2 4 2 5
0 0 0 1 4 1 6 1 6 1 1 2 6 -1 -1 -1 -1 -1 -1 478138 1 15 15 15 12.5 2 4 2 5
0 0 0 1 1 6 1 1 6 1 1 2 5 -1 -1 -1 -1 -1 -1 478937 0 15 15 15 12.5 2 4 2 5
0 0 0 3 1 6 1 1 6 1 1 2 5 3 4 8 3 0 0 479771 0 15 15 15 12.5 2 6 2 5
0 0 0 1 1 6 1 1 6 1 1 2 5 -1 -1 -1 -1 -1 -1 480570 0 15 15 15 12.5 2 6 2 5
0 0 0 1 6 1 4 1 6 1 1 2 4 -1 -1 -1 -1 -1 -1 481404 1 15 15 15 11 2 6 2 5
0 0 0 1 6 1 1 1 6 1 1 2 4 -1 -1 -1 -1 -1 -1 482237 0 15 15 15 12.5 2 6 2 5
0 0 0 1 7 1 1 1 6 1 1 2 4 4 4 8 3 1 1 483036 0 15 15 15 12.5 2 5 2 5
0 0 0 1 6 1 1 1 6 1 1 2 4 -1 -1 -1 -1 -1 -1 483936 0 15 15 15 10 2 5 2 5
0 0 0 1 1 6 1 4 6 1 1 2 5 -1 -1 -1 -1 -1 -1 484869 1 15 15 15 12.5 2 5 2 5
0 0 0 1 1 6 1 1 6 1 1 2 5 -1 -1 -1 -1 -1 -1 485669 0 15 15 15 12.5 2 5 2 5
0 0 0 1 3 6 1 1 6 1 1 2 5 4 4 6 1 0 0 486502 0 15 15 15 10.5 2 6 2 5
0 0 0 1 1 6 1 1 6 1 1 2 5 -1 -1 -1 -1 -1 -1 487369 0 15 15 15 12.5 2 6 2 5
0 0 0 1 1 1 6 4 6 1 1 2 6 -1 -1 -1 -1 -1 -1 488169 1 15 15 15 12.5 2 6 2 5
0 0 0 1 1 1 6 1 6 1 1 2 6 -1 -1 -1 -1 -1 -1 489068 0 15 15 15 10 2 6 2 5
0 0 0 1 1 1 7 1 6 1 1 2 6 6 4 6 1 1 1 489868 0 15 15 15 12.5 2 8 0 5
0 0 0 1 1 1 6 1 6 1 1 2 6 -1 -1 -1 -1 -1 -1 490668 0 15 15 15 12.3333 2 8 0 5
0 0 0 1 4 1 6 1 6 1 1 2 6 -1 -1 -1 -1 -1 -1 491568 1 15 15 15 12.5 2 8 0 5
0 0 0 1 1 6 1 1 6 1 1 2 5 -1 -1 -1 -1 -1 -1 492368 0 15 15 15 12.5 2 8 0 5
0 0 0 1 1 6 3 1 6 1 1 2 5 6 4 8 3 0 0 493167 0 15 15 15 10.6667 2 4 2 5
0 0 0 1 1 6 1 1 6 1 1 2 5 -1 -1 -1 -1 -1 -1 494000 0 15 15 15 12.5 2 4 2 5
0 0 0 1 6 1 1 4 6 1 1 2 4 -1 -1 -1 -1 -1 -1 494800 1 15 15 15 12.5 2 4 2 5
0 0 0 1 6 1 1 1 6 1 1 2 4 -1 -1 -1 -1 -1 -1 495700 0 15 15 15 12.5 2 4 2 5
0 0 0 1 7 1 1 1 6 1 1 2 4 4 4 8 3 1 1 496500 0 15 15 15 12.5 2 6 2 5
