% Tunnel Log: 
% debug seed: 1462903715
%
% SegEncNW { '0'=no panel, '1'=panel, '4'=obstacle, '5'=collided obstacle, '6'=player, '7'=player right, '8'=player wrong, '2'=target, '3'=fake }
% SegEncN
% SegEncNE
% SegEncE
% SegEncSE
% SegEncS
% SegEncSW
% SegEncW
% Event Number { 0, inf }
% Task Type { 0=Color/Sound, 1=Shape/Sound, 2=Sound, 3=Navigation, 4=Speed, 5=Training 6=Recess, 7=Special 2-Back }
% N-Back { 0, inf }
% Navigation Level { 0, inf }
% Player Loc { 0=Northwest ... 7=West }
% Pod Loc { -1=N/A, 0=Northwest ... 7=West }
% Pod Color { -1, inf }
% Pod Shape { -1, inf }
% Pod Sound { -1, inf }
% Pod Match { -1=N/A, 0=No, 1=Yes }
% Pod Taken { -1=N/A, 0=No, 1=Yes }
% Timestamp (ms)
% Num Obstacles { 0, inf }
% Min Speed { 0, inf }
% Max Speed { 0, inf }
% Base Speed { 0, inf }
% Final Speed { 0, inf }
% Navigation Score { 0, inf }
% Segment Direction { 0=Northwest ... 7=West }
% Segment Angle { 0, inf }
% Segment Panels { 0, inf }
%
% SegEncNW SecEncN SegEncNE SegEncE SegEncSE SegEncS SegEncSW SegEncW EventNumber TaskType N-Back Navigation PlayerLoc PodLoc PodColor PodShape PodSound PodMatch PodTaken Timestamp NumObs MinSpeed MaxSpeed BaseSpeed FinalSpeed NavScore SegmentDir SegmentAngle SegmentPanels
0 0 0 1 1 6 1 1 0 3 3 1 5 -1 -1 -1 -1 -1 -1 13133 0 15 40 15 60 3 8 0 5
0 0 0 1 1 6 1 1 0 3 3 1 5 -1 -1 -1 -1 -1 -1 13233 0 15 40 15 60 3 8 0 5
0 0 0 1 1 6 1 1 0 3 3 1 5 -1 -1 -1 -1 -1 -1 13400 0 15 40 15 60 3 8 0 5
0 0 0 1 1 6 1 1 0 3 3 1 5 -1 -1 -1 -1 -1 -1 13566 0 15 40 15 60 3 4 2 5
0 0 0 1 1 6 1 1 0 3 3 1 5 -1 -1 -1 -1 -1 -1 13733 0 15 40 15 50 3 4 2 5
0 0 0 1 1 6 1 1 0 3 3 1 5 -1 -1 -1 -1 -1 -1 14033 0 15 40 15 20 3 4 2 5
0 0 0 1 1 6 1 1 0 3 3 1 5 -1 -1 -1 -1 -1 -1 14966 0 15 40 15 10 3 4 2 5
0 0 0 1 1 6 1 1 0 3 3 1 5 -1 -1 -1 -1 -1 -1 15966 0 15 40 15 10 3 5 2 5
0 0 0 1 1 6 1 1 0 3 3 1 5 -1 -1 -1 -1 -1 -1 16833 0 15 40 15 12.5 3 5 2 5
0 0 0 1 6 1 1 1 0 3 3 1 4 -1 -1 -1 -1 -1 -1 17633 0 15 40 15 12.5 3 5 2 5
0 0 0 1 6 1 1 1 0 3 3 1 4 -1 -1 -1 -1 -1 -1 18433 0 15 40 15 12.5 3 5 2 5
0 0 0 1 7 1 1 1 0 3 3 1 4 4 5 4 4 1 1 19233 0 15 40 15 12.5 3 5 2 5
0 0 0 1 6 1 1 1 0 3 3 1 4 -1 -1 -1 -1 -1 -1 20066 0 15 40 15 12.5 3 5 2 5
0 0 0 1 6 1 1 1 0 3 3 1 4 -1 -1 -1 -1 -1 -1 20866 0 15 40 15 12.5 3 5 2 5
0 0 0 1 6 1 1 1 0 3 3 1 4 -1 -1 -1 -1 -1 -1 21700 0 15 40 15 11.1667 3 5 2 5
0 0 0 1 7 1 1 1 0 3 3 1 4 4 5 4 4 1 1 22533 0 15 40 15 12.5 3 6 2 5
0 0 0 1 6 1 1 1 0 3 3 1 4 -1 -1 -1 -1 -1 -1 23199 0 15 40 16 16.25 3 6 2 5
0 0 0 1 6 1 1 1 0 3 3 1 4 -1 -1 -1 -1 -1 -1 23799 0 15 40 16 14.7333 3 6 2 5
0 0 0 1 6 1 1 1 0 3 3 1 4 -1 -1 -1 -1 -1 -1 24433 0 15 40 16 16.25 3 6 2 5
0 0 0 1 7 1 1 1 0 3 3 1 4 4 5 4 4 1 1 25066 0 15 40 16 16.25 3 4 2 5
0 0 0 1 1 6 1 1 0 3 3 1 5 -1 -1 -1 -1 -1 -1 25666 0 15 40 16 14.5167 3 4 2 5
0 0 0 1 1 1 6 1 0 3 3 1 6 -1 -1 -1 -1 -1 -1 26433 0 15 40 16 16.25 3 4 2 5
0 0 0 1 1 1 6 1 0 3 3 1 6 -1 -1 -1 -1 -1 -1 27033 0 15 40 16 16.25 3 4 2 5
0 0 0 1 1 1 7 1 0 3 3 1 6 6 5 4 4 1 1 27666 0 15 40 16 16.25 3 5 2 5
0 0 0 1 1 1 6 1 0 3 3 2 6 -1 -1 -1 -1 -1 -1 28199 0 15 40 17 17.3333 3 5 2 5
0 0 0 1 6 1 1 1 0 3 3 2 4 -1 -1 -1 -1 -1 -1 28799 0 15 40 17 16 3 5 2 5
0 0 0 1 6 1 1 1 0 3 3 2 4 -1 -1 -1 -1 -1 -1 29366 0 15 40 17 20 3 5 2 5
0 0 0 1 7 1 1 1 0 3 3 2 4 4 5 4 4 1 1 29866 0 15 40 17 20 3 4 2 5
0 0 0 1 6 1 1 1 0 3 3 2 4 -1 -1 -1 -1 -1 -1 30366 0 15 40 17 20 3 4 2 5
0 0 0 1 6 1 4 1 0 3 3 2 4 -1 -1 -1 -1 -1 -1 30866 1 15 40 17 18.1333 3 4 2 5
0 0 0 1 6 1 1 1 0 3 3 2 4 -1 -1 -1 -1 -1 -1 31466 0 15 40 17 20 3 4 2 5
0 0 0 1 7 1 1 1 0 3 3 2 4 4 5 4 4 1 1 31966 0 15 40 17 20 3 8 0 5
0 0 0 1 6 1 1 1 0 3 3 2 4 -1 -1 -1 -1 -1 -1 32399 0 15 40 18 23.75 3 8 0 5
0 0 0 1 6 4 1 1 0 3 3 2 4 -1 -1 -1 -1 -1 -1 32833 1 15 40 18 23.75 3 8 0 5
0 0 0 1 6 1 1 1 0 3 3 2 4 -1 -1 -1 -1 -1 -1 33266 0 15 40 18 19.95 3 8 0 5
0 0 0 1 7 1 1 1 0 3 3 2 4 4 5 4 4 1 1 33799 0 15 40 18 19 3 4 2 5
0 0 0 1 6 1 1 1 0 3 3 2 4 -1 -1 -1 -1 -1 -1 34233 0 15 40 18 23.75 3 4 2 5
0 0 0 1 6 4 1 1 0 3 3 2 4 -1 -1 -1 -1 -1 -1 34633 1 15 40 18 23.75 3 4 2 5
0 0 0 1 6 1 1 1 0 3 3 2 4 -1 -1 -1 -1 -1 -1 35066 0 15 40 18 23.75 3 4 2 5
0 0 0 1 7 1 1 1 0 3 3 2 4 4 5 4 4 1 1 35499 0 15 40 18 22.1667 3 5 2 5
0 0 0 1 1 6 1 1 0 3 3 2 5 -1 -1 -1 -1 -1 -1 35933 0 15 40 19 21 3 5 2 5
0 0 0 1 4 6 1 1 0 3 3 2 5 -1 -1 -1 -1 -1 -1 36366 1 15 40 19 26.25 3 5 2 5
0 0 0 1 1 6 1 1 0 3 3 2 5 -1 -1 -1 -1 -1 -1 36733 0 15 40 19 26.25 3 5 2 5
0 0 0 0 1 7 1 0 0 3 3 2 5 5 5 4 4 1 1 37133 0 15 40 19 26.25 3 5 2 3
0 0 0 0 1 6 1 0 0 3 3 2 5 -1 -1 -1 -1 -1 -1 37499 0 15 40 19 26.25 3 5 2 3
0 0 0 0 4 6 1 0 0 3 3 2 5 -1 -1 -1 -1 -1 -1 37899 1 15 40 19 23.8 3 5 2 3
0 0 0 0 1 6 1 0 0 3 3 2 5 -1 -1 -1 -1 -1 -1 38299 0 15 40 19 26.25 3 5 2 3
0 0 0 0 1 7 1 0 0 3 3 2 5 5 5 4 4 1 1 38666 0 15 40 19 26.25 3 6 2 3
0 0 0 0 1 6 1 0 0 3 3 3 5 -1 -1 -1 -1 -1 -1 39033 0 15 40 20 27.5 3 6 2 3
0 0 0 0 1 6 4 0 0 3 3 3 5 -1 -1 -1 -1 -1 -1 39399 1 15 40 20 27.5 3 6 2 3
0 0 0 0 6 1 1 0 0 3 3 3 4 -1 -1 -1 -1 -1 -1 39766 0 15 40 20 24.9333 3 6 2 3
0 0 0 0 7 1 1 0 0 3 3 3 4 4 5 4 4 1 1 40166 0 15 40 20 27.5 3 4 2 3
0 0 0 0 6 1 1 0 0 3 3 3 4 -1 -1 -1 -1 -1 -1 40533 0 15 40 20 27.5 3 4 2 3
0 0 0 0 6 4 1 0 0 3 3 3 4 -1 -1 -1 -1 -1 -1 40899 1 15 40 20 27.5 3 4 2 3
0 0 0 0 1 6 1 0 0 3 3 3 5 -1 -1 -1 -1 -1 -1 41266 0 15 40 20 27.5 3 4 2 3
0 0 0 0 1 7 1 0 0 3 3 3 5 5 5 4 4 1 1 41633 0 15 40 20 27.5 3 5 2 3
0 0 0 0 1 1 6 0 0 3 3 3 6 -1 -1 -1 -1 -1 -1 41966 0 15 40 21 28.75 3 5 2 3
0 0 0 0 1 4 6 0 0 3 3 3 6 -1 -1 -1 -1 -1 -1 42333 1 15 40 21 28.75 3 5 2 3
0 0 0 0 1 6 1 0 0 3 3 3 5 -1 -1 -1 -1 -1 -1 42666 0 15 40 21 28.75 3 5 2 3
0 0 0 0 7 1 1 0 0 3 3 3 4 4 5 4 4 1 1 43033 0 15 40 21 28.75 3 4 2 3
0 0 0 0 6 1 1 0 0 3 3 3 4 -1 -1 -1 -1 -1 -1 43366 0 15 40 21 28.75 3 4 2 3
0 0 0 0 1 6 4 0 0 3 3 3 5 -1 -1 -1 -1 -1 -1 43733 1 15 40 21 28.75 3 4 2 3
0 0 0 0 1 6 1 0 0 3 3 3 5 -1 -1 -1 -1 -1 -1 44066 0 15 40 21 28.75 3 4 2 3
0 0 0 1 1 7 1 1 0 3 3 3 5 5 5 4 4 1 1 44433 0 15 40 21 28.75 3 8 0 5
0 0 0 1 1 6 1 1 0 3 3 3 5 -1 -1 -1 -1 -1 -1 44766 0 15 40 22 30 3 8 0 5
0 0 0 1 1 6 1 4 0 3 3 3 5 -1 -1 -1 -1 -1 -1 45099 1 15 40 22 30 3 8 0 5
0 0 0 1 1 6 1 1 0 3 3 3 5 -1 -1 -1 -1 -1 -1 45432 0 15 40 22 30 3 8 0 5
0 0 0 1 1 7 1 1 0 3 3 3 5 5 5 4 4 1 1 45766 0 15 40 22 30 3 4 2 5
0 0 0 1 1 6 1 1 0 3 3 4 5 -1 -1 -1 -1 -1 -1 46099 0 15 40 22 30 3 4 2 5
0 0 0 1 1 1 6 4 0 3 3 4 6 -1 -1 -1 -1 -1 -1 46432 1 15 40 22 30 3 4 2 5
0 0 0 1 1 1 1 6 0 3 3 4 7 -1 -1 -1 -1 -1 -1 46766 0 15 40 22 27.6 3 4 2 5
0 0 0 1 1 1 1 7 0 3 3 4 7 7 5 4 4 1 1 47166 0 15 40 22 30 3 5 2 5
0 0 0 1 1 1 1 6 0 3 3 4 7 -1 -1 -1 -1 -1 -1 47499 0 15 40 23 31.25 3 5 2 5
0 0 0 4 4 1 6 1 0 3 3 4 6 -1 -1 -1 -1 -1 -1 47799 2 15 40 23 31.25 3 5 2 5
0 0 0 1 1 1 6 1 0 3 3 4 6 -1 -1 -1 -1 -1 -1 48132 0 15 40 23 31.25 3 5 2 5
0 0 0 1 1 1 7 1 0 3 3 4 6 6 5 4 4 1 1 48466 0 15 40 23 31.25 3 5 2 5
0 0 0 1 1 6 1 1 0 3 3 4 5 -1 -1 -1 -1 -1 -1 48766 0 15 40 23 30 3 5 2 5
0 0 0 1 1 6 4 4 0 3 3 4 5 -1 -1 -1 -1 -1 -1 49099 2 15 40 23 31.25 3 5 2 5
0 0 0 1 1 1 6 1 0 3 3 4 6 -1 -1 -1 -1 -1 -1 49432 0 15 40 23 31.25 3 5 2 5
0 0 0 1 1 1 7 1 0 3 3 4 6 6 5 4 4 1 1 49766 0 15 40 23 31.25 3 6 2 5
0 0 0 1 1 1 6 1 0 3 3 4 6 -1 -1 -1 -1 -1 -1 50066 0 15 40 24 31.875 3 6 2 5
0 0 0 4 1 6 1 4 0 3 3 4 5 -1 -1 -1 -1 -1 -1 50399 2 15 40 24 31.875 3 6 2 5
0 0 0 1 1 6 1 1 0 3 3 4 5 -1 -1 -1 -1 -1 -1 50699 0 15 40 24 29.75 3 6 2 5
0 0 0 1 7 1 1 1 0 3 3 4 4 4 5 4 4 1 1 51066 0 15 40 24 25.5 3 4 2 5
0 0 0 1 6 1 1 1 0 3 3 4 4 -1 -1 -1 -1 -1 -1 51399 0 15 40 24 31.875 3 4 2 5
0 0 0 6 1 4 1 4 0 3 3 4 3 -1 -1 -1 -1 -1 -1 51732 2 15 40 24 31.875 3 4 2 5
0 0 0 6 1 1 1 1 0 3 3 4 3 -1 -1 -1 -1 -1 -1 52032 0 15 40 24 31.875 3 4 2 5
0 0 0 7 1 1 1 1 0 3 3 4 3 3 5 4 4 1 1 52366 0 15 40 24 31.875 3 5 2 5
0 0 0 1 6 1 1 1 0 3 3 4 4 -1 -1 -1 -1 -1 -1 52666 0 15 40 25 32.5 3 5 2 5
0 0 0 4 1 6 1 4 0 3 3 4 5 -1 -1 -1 -1 -1 -1 52966 2 15 40 25 29.4667 3 5 2 5
0 0 0 1 1 6 1 1 0 3 3 4 5 -1 -1 -1 -1 -1 -1 53366 0 15 40 25 32.5 3 5 2 5
0 0 0 1 1 7 1 1 0 3 3 4 5 5 5 4 4 1 1 53666 0 15 40 25 32.5 3 4 2 5
0 0 0 1 1 1 6 1 0 3 3 4 6 -1 -1 -1 -1 -1 -1 53966 0 15 40 25 32.5 3 4 2 5
0 0 0 1 4 4 1 6 0 3 3 4 7 -1 -1 -1 -1 -1 -1 54266 2 15 40 25 32.5 3 4 2 5
0 0 0 1 1 1 1 6 0 3 3 4 7 -1 -1 -1 -1 -1 -1 54566 0 15 40 25 32.5 3 4 2 5
0 0 0 1 1 1 1 7 0 3 3 4 7 7 5 4 4 1 1 54899 0 15 40 25 32.0667 3 8 0 5
0 0 0 1 1 1 1 6 0 3 3 4 7 -1 -1 -1 -1 -1 -1 55199 0 15 40 26 28.7083 3 8 0 5
0 0 0 4 1 4 1 6 0 3 3 4 7 -1 -1 -1 -1 -1 -1 55599 2 15 40 26 26.5 3 8 0 5
0 0 0 1 1 1 1 6 0 3 3 4 7 -1 -1 -1 -1 -1 -1 55966 0 15 40 26 26.5 3 8 0 5
0 0 0 1 1 1 7 1 0 3 3 4 6 6 5 4 4 1 1 56332 0 15 40 26 26.5 3 4 2 5
0 0 0 1 1 6 1 1 0 3 3 4 5 -1 -1 -1 -1 -1 -1 56732 0 15 40 26 26.5 3 4 2 5
0 0 0 4 1 6 4 1 0 3 3 4 5 -1 -1 -1 -1 -1 -1 57066 2 15 40 26 33.125 3 4 2 5
0 0 0 1 1 1 6 1 0 3 3 4 6 -1 -1 -1 -1 -1 -1 57366 0 15 40 26 33.125 3 4 2 5
0 0 0 1 1 1 1 7 0 3 3 4 7 7 5 4 4 1 1 57666 0 15 40 26 33.125 3 5 2 5
0 0 0 1 1 1 1 6 0 3 3 4 7 -1 -1 -1 -1 -1 -1 57966 0 15 40 27 33.75 3 5 2 5
0 0 0 1 4 1 4 6 0 3 3 4 7 -1 -1 -1 -1 -1 -1 58266 2 15 40 27 33.75 3 5 2 5
0 0 0 1 1 1 6 1 0 3 3 4 6 -1 -1 -1 -1 -1 -1 58566 0 15 40 27 32.4 3 5 2 5
0 0 0 1 1 7 1 1 0 3 3 4 5 5 5 4 4 1 1 58899 0 15 40 27 27.9 3 5 2 5
0 0 0 1 1 6 1 1 0 3 3 4 5 -1 -1 -1 -1 -1 -1 59232 0 15 40 27 33.75 3 5 2 5
0 0 0 4 4 6 1 1 0 3 3 4 5 -1 -1 -1 -1 -1 -1 59532 2 15 40 27 33.75 3 5 2 5
0 0 0 1 6 1 1 1 0 3 3 4 4 -1 -1 -1 -1 -1 -1 59832 0 15 40 27 33.75 3 5 2 5
0 0 0 1 7 1 1 1 0 3 3 4 4 4 5 4 4 1 1 60132 0 15 40 27 33.75 3 6 2 5
0 0 0 1 1 6 1 1 0 3 3 4 5 -1 -1 -1 -1 -1 -1 60432 0 15 40 28 34.375 3 6 2 5
0 0 0 4 1 6 1 4 0 3 3 4 5 -1 -1 -1 -1 -1 -1 60732 2 15 40 28 33.9167 3 6 2 5
0 0 0 1 1 6 1 1 0 3 3 4 5 -1 -1 -1 -1 -1 -1 61032 0 15 40 28 29.7917 3 6 2 5
0 0 0 1 1 7 1 1 0 3 3 4 5 5 5 4 4 1 1 61399 0 15 40 28 27.5 3 4 2 5
0 0 0 1 1 6 1 1 0 3 3 4 5 -1 -1 -1 -1 -1 -1 61732 0 15 40 28 27.5 3 4 2 5
0 0 0 4 1 6 1 4 0 3 3 4 5 -1 -1 -1 -1 -1 -1 62066 2 15 40 28 34.375 3 4 2 5
0 0 0 1 1 6 1 1 0 3 3 4 5 -1 -1 -1 -1 -1 -1 62366 0 15 40 28 34.375 3 4 2 5
0 0 0 1 1 7 1 1 0 3 3 4 5 5 5 4 4 1 1 62666 0 15 40 28 34.375 3 5 2 5
0 0 0 1 1 6 1 1 0 3 3 4 5 -1 -1 -1 -1 -1 -1 62932 0 15 40 29 35 3 5 2 5
0 0 0 4 4 6 1 1 0 3 3 4 5 -1 -1 -1 -1 -1 -1 63232 2 15 40 29 35 3 5 2 5
0 0 0 1 1 6 1 1 0 3 3 4 5 -1 -1 -1 -1 -1 -1 63499 0 15 40 29 34.0667 3 5 2 5
0 0 0 1 1 7 1 1 0 3 3 4 5 5 5 4 4 1 1 63832 0 15 40 29 29.4 3 4 2 5
0 0 0 1 1 6 1 1 0 3 3 4 5 -1 -1 -1 -1 -1 -1 64199 0 15 40 29 28 3 4 2 5
0 0 0 4 1 6 1 4 0 3 3 4 5 -1 -1 -1 -1 -1 -1 64532 2 15 40 29 35 3 4 2 5
0 0 0 1 1 6 1 1 0 3 3 4 5 -1 -1 -1 -1 -1 -1 64799 0 15 40 29 35 3 4 2 5
0 0 0 1 1 7 1 1 0 3 3 4 5 5 5 4 4 1 1 65099 0 15 40 29 35 3 8 0 5
0 0 0 1 1 6 1 1 0 3 3 4 5 -1 -1 -1 -1 -1 -1 65366 0 15 40 30 35.625 3 8 0 5
0 0 0 1 4 6 4 1 0 3 3 4 5 -1 -1 -1 -1 -1 -1 65666 2 15 40 30 35.625 3 8 0 5
0 0 0 1 1 1 6 1 0 3 3 4 6 -1 -1 -1 -1 -1 -1 65932 0 15 40 30 35.625 3 8 0 5
0 0 0 1 1 1 7 1 0 3 3 4 6 6 5 4 4 1 1 66232 0 15 40 30 31.35 3 4 2 5
0 0 0 1 1 1 1 6 0 3 3 4 7 -1 -1 -1 -1 -1 -1 66565 0 15 40 30 28.5 3 4 2 5
0 0 0 1 4 1 4 6 0 3 3 4 7 -1 -1 -1 -1 -1 -1 66899 2 15 40 30 35.625 3 4 2 5
0 0 0 1 1 1 1 6 0 3 3 4 7 -1 -1 -1 -1 -1 -1 67165 0 15 40 30 35.625 3 4 2 5
0 0 0 1 1 1 7 1 0 3 3 4 6 6 5 4 4 1 1 67465 0 15 40 30 35.625 3 5 2 5
0 0 0 1 1 1 1 6 0 3 3 4 7 -1 -1 -1 -1 -1 -1 67732 0 15 40 31 36.25 3 5 2 5
0 0 0 4 1 1 4 6 0 3 3 4 7 -1 -1 -1 -1 -1 -1 67999 2 15 40 31 36.25 3 5 2 5
0 0 0 1 1 1 6 1 0 3 3 4 6 -1 -1 -1 -1 -1 -1 68299 0 15 40 31 36.25 3 5 2 5
0 0 0 1 1 1 7 1 0 3 3 4 6 6 5 4 4 1 1 68565 0 15 40 31 32.3833 3 5 2 5
0 0 0 1 1 1 6 1 0 3 3 4 6 -1 -1 -1 -1 -1 -1 68899 0 15 40 31 36.25 3 5 2 5
0 0 0 4 1 4 6 1 0 3 3 4 6 -1 -1 -1 -1 -1 -1 69165 2 15 40 31 36.25 3 5 2 5
0 0 0 1 1 1 1 6 0 3 3 4 7 -1 -1 -1 -1 -1 -1 69432 0 15 40 31 36.25 3 5 2 5
0 0 0 1 1 1 1 7 0 3 3 4 7 7 5 4 4 1 1 69732 0 15 40 31 36.25 3 6 2 5
0 0 0 1 1 1 1 6 0 3 3 4 7 -1 -1 -1 -1 -1 -1 69999 0 15 40 32 36.875 3 6 2 5
0 0 0 4 1 4 1 6 0 3 3 4 7 -1 -1 -1 -1 -1 -1 70265 2 15 40 32 36.875 3 6 2 5
0 0 0 1 1 1 1 6 0 3 3 4 7 -1 -1 -1 -1 -1 -1 70532 0 15 40 32 36.875 3 6 2 5
0 0 0 1 1 1 1 7 0 3 3 4 7 7 5 4 4 1 1 70799 0 15 40 32 36.875 3 4 2 5
0 0 0 1 1 1 1 6 0 3 3 4 7 -1 -1 -1 -1 -1 -1 71099 0 15 40 32 36.875 3 4 2 5
0 0 0 4 1 1 4 6 0 3 3 4 7 -1 -1 -1 -1 -1 -1 71365 2 15 40 32 36.875 3 4 2 5
0 0 0 1 1 1 1 6 0 3 3 4 7 -1 -1 -1 -1 -1 -1 71632 0 15 40 32 36.875 3 4 2 5
0 0 0 1 1 1 1 7 0 3 3 4 7 7 5 4 4 1 1 71899 0 15 40 32 36.875 3 5 2 5
0 0 0 1 1 1 6 1 0 3 3 4 6 -1 -1 -1 -1 -1 -1 72165 0 15 40 33 35.5 3 5 2 5
0 0 0 1 4 1 6 4 0 3 3 4 6 -1 -1 -1 -1 -1 -1 72465 2 15 40 33 31 3 5 2 5
0 0 0 1 1 1 6 1 0 3 3 4 6 -1 -1 -1 -1 -1 -1 72799 0 15 40 33 30 3 5 2 5
0 0 0 1 1 6 1 1 1 4 3 2 5 -1 -1 -1 -1 -1 -1 78999 0 15 40 15 60 4 8 0 5
0 0 0 1 1 6 1 1 1 4 3 2 5 -1 -1 -1 -1 -1 -1 79165 0 15 40 15 60 4 8 0 5
0 0 0 1 1 6 1 1 1 4 3 2 5 -1 -1 -1 -1 -1 -1 79332 0 15 40 15 60 4 4 2 5
0 0 0 1 1 6 1 1 1 4 3 2 5 -1 -1 -1 -1 -1 -1 79499 0 15 40 15 50 4 4 2 5
0 0 0 1 1 6 1 1 1 4 3 2 5 -1 -1 -1 -1 -1 -1 79799 0 15 40 15 20 4 4 2 5
0 0 0 1 1 6 1 1 1 4 3 2 5 -1 -1 -1 -1 -1 -1 80665 0 15 40 15 12.5 4 4 2 5
0 0 0 1 1 6 1 1 1 4 3 2 5 -1 -1 -1 -1 -1 -1 81465 0 15 40 15 12.5 4 5 2 5
0 0 0 1 1 6 1 1 1 4 3 2 5 -1 -1 -1 -1 -1 -1 82299 0 15 40 15 10.3333 4 5 2 5
0 0 0 1 1 1 6 1 1 4 3 2 6 -1 -1 -1 -1 -1 -1 83265 0 15 40 15 12.5 4 5 2 5
0 0 0 1 1 1 6 1 1 4 3 2 6 -1 -1 -1 -1 -1 -1 84065 0 15 40 15 12.5 4 5 2 5
0 0 0 1 1 6 1 3 1 4 3 2 5 7 1 7 2 0 0 84865 0 15 40 15 11.1667 4 6 2 5
0 0 0 1 1 6 1 1 1 4 3 2 5 -1 -1 -1 -1 -1 -1 85665 0 15 40 15 12.5 4 6 2 5
0 0 0 1 1 6 4 1 1 4 3 2 5 -1 -1 -1 -1 -1 -1 86465 1 15 40 15 12.1667 4 6 2 5
0 0 0 1 1 1 6 1 1 4 3 2 6 -1 -1 -1 -1 -1 -1 87265 0 15 40 15 12.5 4 6 2 5
0 0 0 1 1 3 6 1 1 4 3 2 6 5 3 8 3 0 0 88065 0 15 40 15 12.5 4 4 2 5
0 0 0 1 1 1 6 1 1 4 3 2 6 -1 -1 -1 -1 -1 -1 88865 0 15 40 15 12.5 4 4 2 5
0 0 0 1 4 1 6 1 1 4 3 2 6 -1 -1 -1 -1 -1 -1 89665 1 15 40 15 11.8333 4 4 2 5
0 0 0 1 1 1 6 1 1 4 3 2 6 -1 -1 -1 -1 -1 -1 90632 0 15 40 15 12.5 4 4 2 5
0 0 0 3 1 1 6 1 1 4 3 2 6 3 0 6 1 0 0 91432 0 15 40 15 12.5 4 4 2 5
0 0 0 1 1 6 1 1 1 4 3 2 5 -1 -1 -1 -1 -1 -1 92232 0 15 40 15 11.6667 4 4 2 5
0 0 0 1 4 6 1 1 1 4 3 2 5 -1 -1 -1 -1 -1 -1 93065 1 15 40 15 12.5 4 4 2 5
0 0 0 1 1 6 1 1 1 4 3 2 5 -1 -1 -1 -1 -1 -1 93865 0 15 40 15 12.5 4 4 2 5
0 0 0 1 1 7 1 1 1 4 3 2 5 5 1 7 2 1 1 94765 0 15 40 15 10 4 6 2 5
0 0 0 1 1 1 6 1 1 4 3 2 6 -1 -1 -1 -1 -1 -1 95765 0 15 40 15 10 4 6 2 5
0 0 0 1 1 4 6 1 1 4 3 2 6 -1 -1 -1 -1 -1 -1 96632 1 15 40 15 12.5 4 6 2 5
0 0 0 1 1 1 6 1 1 4 3 2 6 -1 -1 -1 -1 -1 -1 97432 0 15 40 15 12.5 4 6 2 5
0 0 0 1 1 6 1 3 1 4 3 2 5 7 1 7 2 0 0 98265 0 15 40 15 12.5 4 5 2 5
0 0 0 1 1 6 1 1 1 4 3 2 5 -1 -1 -1 -1 -1 -1 99065 0 15 40 15 12.5 4 5 2 5
0 0 0 1 6 1 4 1 1 4 3 2 4 -1 -1 -1 -1 -1 -1 99898 1 15 40 15 12.5 4 5 2 5
0 0 0 1 6 1 1 1 1 4 3 2 4 -1 -1 -1 -1 -1 -1 100698 0 15 40 15 12.5 4 5 2 5
0 0 0 1 6 3 1 1 1 4 3 2 4 5 2 5 0 0 0 101498 0 15 40 15 11.6667 4 8 0 5
0 0 0 1 1 6 1 1 1 4 3 2 5 -1 -1 -1 -1 -1 -1 102465 0 15 40 15 10 4 8 0 5
0 0 0 1 4 6 1 1 1 4 3 2 5 -1 -1 -1 -1 -1 -1 103332 1 15 40 15 12.5 4 8 0 5
0 0 0 1 1 6 1 1 1 4 3 2 5 -1 -1 -1 -1 -1 -1 104132 0 15 40 15 12.5 4 8 0 5
0 0 0 3 1 6 1 1 1 4 3 2 5 3 0 6 1 0 0 105032 0 15 40 15 10 4 4 2 5
0 0 0 1 1 6 1 1 1 4 3 2 5 -1 -1 -1 -1 -1 -1 105832 0 15 40 15 12.5 4 4 2 5
0 0 0 1 4 6 1 1 1 4 3 2 5 -1 -1 -1 -1 -1 -1 106632 1 15 40 15 12.5 4 4 2 5
0 0 0 1 1 6 1 1 1 4 3 2 5 -1 -1 -1 -1 -1 -1 107498 0 15 40 15 12.5 4 4 2 5
0 0 0 1 3 6 1 1 1 4 3 2 5 4 3 8 3 0 0 108298 0 15 40 15 12.5 4 5 2 5
0 0 0 1 1 1 6 1 1 4 3 2 6 -1 -1 -1 -1 -1 -1 109132 0 15 40 15 12.5 4 5 2 5
0 0 0 1 1 4 6 1 1 4 3 2 6 -1 -1 -1 -1 -1 -1 109932 1 15 40 15 12.5 4 5 2 5
0 0 0 1 1 6 1 1 1 4 3 2 5 -1 -1 -1 -1 -1 -1 110731 0 15 40 15 11.6667 4 5 2 5
0 0 0 1 1 1 8 1 1 4 3 2 6 6 0 6 1 0 1 111698 0 15 40 15 10 4 6 2 5
0 0 0 1 1 1 1 6 1 4 3 2 7 -1 -1 -1 -1 -1 -1 112698 0 15 40 15 10 4 6 2 5
0 0 0 1 1 4 1 6 1 4 3 2 7 -1 -1 -1 -1 -1 -1 113598 1 15 40 15 12.5 4 6 2 5
0 0 0 1 1 1 1 6 1 4 3 2 7 -1 -1 -1 -1 -1 -1 114398 0 15 40 15 12.5 4 6 2 5
0 0 0 1 1 1 1 7 1 4 3 2 7 7 0 6 1 1 1 115265 0 15 40 15 10 4 4 2 5
0 0 0 1 1 1 6 1 1 4 3 2 6 -1 -1 -1 -1 -1 -1 116231 0 15 40 15 12.5 4 4 2 5
0 0 0 1 4 1 6 1 1 4 3 2 6 -1 -1 -1 -1 -1 -1 117031 1 15 40 15 12.5 4 4 2 5
0 0 0 1 1 1 6 1 1 4 3 2 6 -1 -1 -1 -1 -1 -1 117831 0 15 40 15 11.5 4 4 2 5
0 0 0 1 1 3 6 1 1 4 3 2 6 5 1 7 2 0 0 118798 0 15 40 15 10 4 4 2 5
0 0 0 1 1 1 6 1 1 4 3 2 6 -1 -1 -1 -1 -1 -1 119598 0 15 40 15 12.5 4 4 2 5
0 0 0 4 1 6 1 1 1 4 3 2 5 -1 -1 -1 -1 -1 -1 120431 1 15 40 15 12 4 4 2 5
0 0 0 1 1 6 1 1 1 4 3 2 5 -1 -1 -1 -1 -1 -1 121365 0 15 40 15 10 4 4 2 5
0 0 0 0 1 1 7 0 1 4 3 2 6 6 0 6 1 1 1 122331 0 15 40 15 12.5 4 6 2 3
0 0 0 0 1 1 6 0 1 4 3 2 6 -1 -1 -1 -1 -1 -1 122965 0 15 40 16 16.25 4 6 2 3
0 0 0 0 4 1 6 0 1 4 3 2 6 -1 -1 -1 -1 -1 -1 123598 1 15 40 16 16.25 4 6 2 3
0 0 0 0 1 1 6 0 1 4 3 2 6 -1 -1 -1 -1 -1 -1 124265 0 15 40 16 13 4 6 2 3
0 0 0 0 1 3 6 0 1 4 3 2 6 5 2 5 0 0 0 124898 0 15 40 16 16.25 4 5 2 3
0 0 0 0 1 6 1 0 1 4 3 3 5 -1 -1 -1 -1 -1 -1 125531 0 15 40 16 16.25 4 5 2 3
0 0 0 0 1 6 4 0 1 4 3 3 5 -1 -1 -1 -1 -1 -1 126165 1 15 40 16 14.5167 4 5 2 3
0 0 0 0 1 1 6 0 1 4 3 3 6 -1 -1 -1 -1 -1 -1 126898 0 15 40 16 13 4 5 2 3
0 0 0 0 1 3 6 0 1 4 3 3 6 5 3 8 3 0 0 127631 0 15 40 16 16.25 4 8 0 3
0 0 0 0 1 1 6 0 1 4 3 3 6 -1 -1 -1 -1 -1 -1 128231 0 15 40 16 16.25 4 8 0 3
0 0 0 0 4 1 6 0 1 4 3 3 6 -1 -1 -1 -1 -1 -1 128865 1 15 40 16 16.25 4 8 0 3
0 0 0 0 1 6 1 0 1 4 3 3 5 -1 -1 -1 -1 -1 -1 129532 0 15 40 16 13 4 8 0 3
0 0 0 0 1 6 3 0 1 4 3 3 5 6 1 7 2 0 0 130298 0 15 40 16 13 4 4 2 3
0 0 0 0 1 6 1 0 1 4 3 3 5 -1 -1 -1 -1 -1 -1 130999 0 15 40 16 16.25 4 4 2 3
0 0 0 0 1 6 4 0 1 4 3 3 5 -1 -1 -1 -1 -1 -1 131599 1 15 40 16 16.25 4 4 2 3
0 0 0 0 1 6 1 0 1 4 3 3 5 -1 -1 -1 -1 -1 -1 132232 0 15 40 16 16.0333 4 4 2 3
0 0 0 0 1 6 3 0 1 4 3 3 5 6 0 6 1 0 0 132899 0 15 40 16 16.25 4 5 2 3
0 0 0 0 1 6 1 0 1 4 3 3 5 -1 -1 -1 -1 -1 -1 133499 0 15 40 16 16.25 4 5 2 3
0 0 0 0 4 6 1 0 1 4 3 3 5 -1 -1 -1 -1 -1 -1 134133 1 15 40 16 16.25 4 5 2 3
0 0 0 0 1 6 1 0 1 4 3 3 5 -1 -1 -1 -1 -1 -1 134799 0 15 40 16 13 4 5 2 3
0 0 0 0 1 6 3 0 1 4 3 3 5 6 1 7 2 0 0 135499 0 15 40 16 16.25 4 6 2 3
0 0 0 0 1 6 1 0 1 4 3 3 5 -1 -1 -1 -1 -1 -1 136100 0 15 40 16 16.25 4 6 2 3
0 0 0 0 4 6 1 0 1 4 3 3 5 -1 -1 -1 -1 -1 -1 136733 1 15 40 16 15.8167 4 6 2 3
0 0 0 0 6 1 1 0 1 4 3 3 4 -1 -1 -1 -1 -1 -1 137433 0 15 40 16 13 4 6 2 3
0 0 0 0 7 1 1 0 1 4 3 3 4 4 1 7 2 1 1 138067 0 15 40 16 16.25 4 4 2 3
0 0 0 0 1 6 1 0 1 4 3 3 5 -1 -1 -1 -1 -1 -1 138700 0 15 40 16 16.25 4 4 2 3
0 0 0 0 1 6 4 0 1 4 3 3 5 -1 -1 -1 -1 -1 -1 139300 1 15 40 16 16.25 4 4 2 3
0 0 0 0 1 6 1 0 1 4 3 3 5 -1 -1 -1 -1 -1 -1 139934 0 15 40 16 16.25 4 4 2 3
0 0 0 0 1 6 3 0 1 4 3 3 5 6 3 8 3 0 0 140534 0 15 40 16 16.25 4 4 2 3
0 0 0 0 1 1 6 0 1 4 3 3 6 -1 -1 -1 -1 -1 -1 141201 0 15 40 16 13 4 4 2 3
0 0 0 0 1 4 6 0 1 4 3 3 6 -1 -1 -1 -1 -1 -1 141901 1 15 40 16 16.25 4 4 2 3
0 0 0 0 1 1 6 0 1 4 3 3 6 -1 -1 -1 -1 -1 -1 142501 0 15 40 16 16.25 4 4 2 3
0 0 0 0 3 6 1 0 1 4 3 3 5 4 0 6 1 0 0 143134 0 15 40 16 15.8167 4 6 2 3
0 0 0 0 1 6 1 0 1 4 3 3 5 -1 -1 -1 -1 -1 -1 143801 0 15 40 16 16.25 4 6 2 3
0 0 0 0 4 6 1 0 1 4 3 3 5 -1 -1 -1 -1 -1 -1 144435 1 15 40 16 16.25 4 6 2 3
0 0 0 0 1 6 1 0 1 4 3 3 5 -1 -1 -1 -1 -1 -1 145035 0 15 40 16 16.25 4 6 2 3
0 0 0 0 7 1 1 0 1 4 3 3 4 4 1 7 2 1 1 145702 0 15 40 16 13 4 5 2 3
0 0 0 0 1 6 1 0 1 4 3 3 5 -1 -1 -1 -1 -1 -1 146335 0 15 40 17 16 4 5 2 3
0 0 0 0 1 6 4 0 1 4 3 3 5 -1 -1 -1 -1 -1 -1 146869 1 15 40 17 20 4 5 2 3
0 0 0 0 1 1 6 0 1 4 3 3 6 -1 -1 -1 -1 -1 -1 147369 0 15 40 17 20 4 5 2 3
0 0 0 0 1 3 6 0 1 4 3 3 6 5 2 5 0 0 0 147869 0 15 40 17 20 4 8 0 3
0 0 0 0 1 6 1 0 1 4 3 3 5 -1 -1 -1 -1 -1 -1 148402 0 15 40 17 16.5333 4 8 0 3
0 0 0 0 1 6 4 0 1 4 3 3 5 -1 -1 -1 -1 -1 -1 149002 1 15 40 17 20 4 8 0 3
0 0 0 0 1 6 1 0 1 4 3 3 5 -1 -1 -1 -1 -1 -1 149502 0 15 40 17 20 4 8 0 3
0 0 0 0 1 1 7 0 1 4 3 3 6 6 0 6 1 1 1 150003 0 15 40 17 20 4 4 2 3
0 0 0 0 1 6 1 0 1 4 3 3 5 -1 -1 -1 -1 -1 -1 150503 0 15 40 17 18.6667 4 4 2 3
0 0 0 0 1 6 4 0 1 4 3 3 5 -1 -1 -1 -1 -1 -1 151036 1 15 40 17 20 4 4 2 3
0 0 0 0 1 6 1 0 1 4 3 3 5 -1 -1 -1 -1 -1 -1 151536 0 15 40 17 20 4 4 2 3
0 0 0 0 3 6 1 0 1 4 3 3 5 4 2 5 0 0 0 152036 0 15 40 17 20 4 5 2 3
0 0 0 0 1 6 1 0 1 4 3 3 5 -1 -1 -1 -1 -1 -1 152536 0 15 40 17 17.8667 4 5 2 3
0 0 0 0 1 6 4 0 1 4 3 3 5 -1 -1 -1 -1 -1 -1 153137 1 15 40 17 16 4 5 2 3
0 0 0 0 1 1 6 0 1 4 3 3 6 -1 -1 -1 -1 -1 -1 153770 0 15 40 17 16 4 5 2 3
0 0 0 1 3 1 6 1 1 4 3 3 6 4 0 6 1 0 0 154337 0 15 40 17 20 4 6 2 5
0 0 0 1 1 6 1 1 1 4 3 3 5 -1 -1 -1 -1 -1 -1 154837 0 15 40 17 20 4 6 2 5
0 0 0 1 6 1 4 1 1 4 3 3 4 -1 -1 -1 -1 -1 -1 155337 1 15 40 17 20 4 6 2 5
0 0 0 1 6 1 1 1 1 4 3 3 4 -1 -1 -1 -1 -1 -1 155837 0 15 40 17 20 4 6 2 5
0 0 0 1 7 1 1 1 1 4 3 3 4 4 0 6 1 1 1 156337 0 15 40 17 20 4 4 2 5
0 0 0 1 1 6 1 1 1 4 3 4 5 -1 -1 -1 -1 -1 -1 156771 0 15 40 18 23.75 4 4 2 5
0 0 0 1 4 6 1 1 1 4 3 4 5 -1 -1 -1 -1 -1 -1 157204 1 15 40 18 23.75 4 4 2 5
0 0 0 1 1 6 1 1 1 4 3 4 5 -1 -1 -1 -1 -1 -1 157638 0 15 40 18 20.2667 4 4 2 5
0 0 0 1 1 6 3 1 1 4 3 4 5 6 3 8 3 0 0 158171 0 15 40 18 19 4 4 2 5
0 0 0 1 1 1 6 1 1 4 3 4 6 -1 -1 -1 -1 -1 -1 158704 0 15 40 18 19 4 4 2 5
0 0 0 1 4 4 6 1 1 4 3 4 6 -1 -1 -1 -1 -1 -1 159171 2 15 40 18 23.75 4 4 2 5
0 0 0 1 1 1 6 1 1 4 3 4 6 -1 -1 -1 -1 -1 -1 159605 0 15 40 18 23.75 4 4 2 5
0 0 0 1 3 1 6 1 1 4 3 4 6 4 1 7 2 0 0 160005 0 15 40 18 23.75 4 6 2 5
0 0 0 1 1 1 6 1 1 4 3 4 6 -1 -1 -1 -1 -1 -1 160438 0 15 40 18 23.75 4 6 2 5
0 0 0 4 1 4 6 1 1 4 3 4 6 -1 -1 -1 -1 -1 -1 160905 2 15 40 18 19.95 4 6 2 5
0 0 0 1 1 6 1 1 1 4 3 4 5 -1 -1 -1 -1 -1 -1 161405 0 15 40 18 19 4 6 2 5
0 0 0 1 3 6 1 1 1 4 3 4 5 4 3 8 3 0 0 161905 0 15 40 18 23.75 4 5 2 5
0 0 0 1 1 6 1 1 1 4 3 4 5 -1 -1 -1 -1 -1 -1 162339 0 15 40 18 23.75 4 5 2 5
0 0 0 4 1 6 1 4 1 4 3 4 5 -1 -1 -1 -1 -1 -1 162739 2 15 40 18 23.75 4 5 2 5
0 0 0 1 1 6 1 1 1 4 3 4 5 -1 -1 -1 -1 -1 -1 163172 0 15 40 18 23.75 4 5 2 5
0 0 0 1 3 6 1 1 1 4 3 4 5 4 2 5 0 0 0 163605 0 15 40 18 20.5833 4 8 0 5
0 0 0 1 1 6 1 1 1 4 3 4 5 -1 -1 -1 -1 -1 -1 164106 0 15 40 18 23.75 4 8 0 5
0 0 0 1 4 6 4 1 1 4 3 4 5 -1 -1 -1 -1 -1 -1 164506 2 15 40 18 23.75 4 8 0 5
0 0 0 1 1 6 1 1 1 4 3 4 5 -1 -1 -1 -1 -1 -1 164939 0 15 40 18 23.75 4 8 0 5
0 0 0 2 1 8 1 1 1 4 3 4 5 3 1 7 2 1 0 165373 0 15 40 18 23.75 4 4 2 5
0 0 0 1 1 6 1 1 1 4 3 4 5 -1 -1 -1 -1 -1 -1 165873 0 15 40 17 16.8 4 4 2 5
0 0 0 1 4 6 1 4 1 4 3 4 5 -1 -1 -1 -1 -1 -1 166506 2 15 40 17 16 4 4 2 5
0 0 0 1 1 6 1 1 1 4 3 4 5 -1 -1 -1 -1 -1 -1 167140 0 15 40 17 16 4 4 2 5
0 0 0 1 1 7 1 1 1 4 3 4 5 5 3 8 3 1 1 167673 0 15 40 17 20 4 5 2 5
0 0 0 1 1 6 1 1 1 4 3 4 5 -1 -1 -1 -1 -1 -1 168173 0 15 40 17 20 4 5 2 5
0 0 0 4 1 6 4 1 1 4 3 4 5 -1 -1 -1 -1 -1 -1 168673 2 15 40 17 20 4 5 2 5
0 0 0 1 1 6 1 1 1 4 3 4 5 -1 -1 -1 -1 -1 -1 169207 0 15 40 17 17.0667 4 5 2 5
0 0 0 1 1 6 3 1 1 4 3 4 5 6 0 6 1 0 0 169773 0 15 40 17 20 4 6 2 5
0 0 0 1 1 6 1 1 1 4 3 4 5 -1 -1 -1 -1 -1 -1 170274 0 15 40 17 20 4 6 2 5
0 0 0 4 1 6 1 4 1 4 3 4 5 -1 -1 -1 -1 -1 -1 170774 2 15 40 17 20 4 6 2 5
0 0 0 1 1 6 1 1 1 4 3 4 5 -1 -1 -1 -1 -1 -1 171274 0 15 40 17 18.6667 4 6 2 5
0 0 0 1 1 6 1 3 1 4 3 4 5 7 2 5 0 0 0 171874 0 15 40 17 16 4 4 2 5
0 0 0 1 1 6 1 1 1 4 3 4 5 -1 -1 -1 -1 -1 -1 172474 0 15 40 17 20 4 4 2 5
0 0 0 4 1 1 6 4 1 4 3 4 6 -1 -1 -1 -1 -1 -1 172974 2 15 40 17 20 4 4 2 5
0 0 0 1 1 1 1 6 1 4 3 4 7 -1 -1 -1 -1 -1 -1 173474 0 15 40 17 20 4 4 2 5
0 0 0 1 1 1 1 7 1 4 3 4 7 7 3 8 3 1 1 173974 0 15 40 17 19.4667 4 4 2 5
0 0 0 1 1 6 1 1 1 4 3 4 5 -1 -1 -1 -1 -1 -1 174474 0 15 40 18 19 4 4 2 5
0 0 0 1 6 1 4 4 1 4 3 4 4 -1 -1 -1 -1 -1 -1 175008 2 15 40 18 19 4 4 2 5
0 0 0 1 6 1 1 1 1 4 3 4 4 -1 -1 -1 -1 -1 -1 175508 0 15 40 18 23.75 4 4 2 5
0 0 0 1 1 7 1 1 1 4 3 4 5 5 0 6 1 1 1 175941 0 15 40 18 23.75 4 6 2 5
0 0 0 1 1 6 1 1 1 4 3 4 5 -1 -1 -1 -1 -1 -1 176342 0 15 40 18 23.75 4 6 2 5
0 0 0 4 6 1 1 4 1 4 3 4 4 -1 -1 -1 -1 -1 -1 176775 2 15 40 18 23.75 4 6 2 5
0 0 0 1 1 6 1 1 1 4 3 4 5 -1 -1 -1 -1 -1 -1 177208 0 15 40 18 21.2167 4 6 2 5
0 0 0 3 1 6 1 1 1 4 3 4 5 3 3 8 3 0 0 177675 0 15 40 18 23.75 4 5 2 5
0 0 0 1 1 6 1 1 1 4 3 4 5 -1 -1 -1 -1 -1 -1 178109 0 15 40 18 23.75 4 5 2 5
0 0 0 1 4 6 4 1 1 4 3 4 5 -1 -1 -1 -1 -1 -1 178542 2 15 40 18 23.75 4 5 2 5
0 0 0 1 1 6 1 1 1 4 3 4 5 -1 -1 -1 -1 -1 -1 178942 0 15 40 18 23.75 4 5 2 5
0 0 0 1 8 1 1 1 1 4 3 4 4 4 2 5 0 0 1 179376 0 15 40 18 21.2167 4 8 0 5
0 0 0 1 1 6 1 1 1 4 3 4 5 -1 -1 -1 -1 -1 -1 179976 0 15 40 17 16 4 8 0 5
0 0 0 4 1 6 1 4 1 4 3 4 5 -1 -1 -1 -1 -1 -1 180509 2 15 40 17 20 4 8 0 5
0 0 0 1 1 6 1 1 1 4 3 4 5 -1 -1 -1 -1 -1 -1 181009 0 15 40 17 20 4 8 0 5
0 0 0 3 1 6 1 1 1 4 3 4 5 3 1 7 2 0 0 181509 0 15 40 17 20 4 4 2 5
0 0 0 1 1 6 1 1 1 4 3 4 5 -1 -1 -1 -1 -1 -1 182043 0 15 40 17 16.2667 4 4 2 5
0 0 0 1 1 6 4 4 1 4 3 4 5 -1 -1 -1 -1 -1 -1 182676 2 15 40 17 16 4 4 2 5
0 0 0 1 1 6 1 1 1 4 3 4 5 -1 -1 -1 -1 -1 -1 183210 0 15 40 17 20 4 4 2 5
0 0 0 1 1 8 1 1 1 4 3 4 5 5 0 6 1 0 1 183710 0 15 40 17 20 4 5 2 5
0 0 0 1 1 6 1 1 1 4 3 4 5 -1 -1 -1 -1 -1 -1 184277 0 15 40 16 16.25 4 5 2 5
0 0 0 4 1 6 4 1 1 4 3 4 5 -1 -1 -1 -1 -1 -1 184910 2 15 40 16 16.25 4 5 2 5
0 0 0 1 1 6 1 1 1 4 3 4 5 -1 -1 -1 -1 -1 -1 185544 0 15 40 16 16.25 4 5 2 5
0 0 0 1 6 1 3 1 1 4 3 4 4 6 3 8 3 0 0 186144 0 15 40 16 15.6 4 6 2 5
0 0 0 1 6 1 1 1 1 4 3 4 4 -1 -1 -1 -1 -1 -1 186810 0 15 40 16 16.25 4 6 2 5
0 0 0 1 6 4 1 4 1 4 3 4 4 -1 -1 -1 -1 -1 -1 187444 2 15 40 16 16.25 4 6 2 5
0 0 0 1 6 1 1 1 1 4 3 4 4 -1 -1 -1 -1 -1 -1 188044 0 15 40 16 16.25 4 6 2 5
0 0 0 6 1 3 1 1 1 4 3 4 3 5 2 5 0 0 0 188678 0 15 40 16 16.25 4 4 2 5
0 0 0 6 1 1 1 1 1 4 3 4 3 -1 -1 -1 -1 -1 -1 189311 0 15 40 16 16.25 4 4 2 5
0 0 0 1 4 4 6 1 1 4 3 4 6 -1 -1 -1 -1 -1 -1 189911 2 15 40 16 16.25 4 4 2 5
0 0 0 1 1 1 1 6 1 4 3 4 7 -1 -1 -1 -1 -1 -1 190611 0 15 40 16 13 4 4 2 5
0 0 0 1 1 1 1 7 1 4 3 4 7 7 0 6 1 1 1 191278 0 15 40 16 16.25 4 4 2 5
0 0 0 1 1 6 1 1 1 4 3 4 5 -1 -1 -1 -1 -1 -1 191878 0 15 40 16 16.25 4 4 2 5
0 0 0 1 6 4 1 4 1 4 3 4 4 -1 -1 -1 -1 -1 -1 192512 2 15 40 16 15.1667 4 4 2 5
0 0 0 1 6 1 1 1 1 4 3 4 4 -1 -1 -1 -1 -1 -1 193112 0 15 40 16 16.25 4 4 2 5
0 0 0 1 6 3 1 1 1 4 3 4 4 5 1 7 2 0 0 193745 0 15 40 16 16.25 4 6 2 5
0 0 0 1 6 1 1 1 1 4 3 4 4 -1 -1 -1 -1 -1 -1 194379 0 15 40 16 14.3 4 6 2 5
0 0 0 1 6 4 1 4 1 4 3 4 4 -1 -1 -1 -1 -1 -1 194979 2 15 40 16 16.25 4 6 2 5
0 0 0 1 6 1 1 1 1 4 3 4 4 -1 -1 -1 -1 -1 -1 195612 0 15 40 16 16.25 4 6 2 5
0 0 0 1 6 1 3 1 1 4 3 4 4 6 0 6 1 0 0 196246 0 15 40 16 14.3 4 5 2 5
0 0 0 1 6 1 1 1 1 4 3 4 4 -1 -1 -1 -1 -1 -1 196879 0 15 40 16 16.25 4 5 2 5
0 0 0 1 6 4 4 1 1 4 3 4 4 -1 -1 -1 -1 -1 -1 197513 2 15 40 16 16.25 4 5 2 5
0 0 0 1 1 6 1 1 1 4 3 4 5 -1 -1 -1 -1 -1 -1 198113 0 15 40 16 15.1667 4 5 2 5
0 0 0 1 1 1 1 7 1 4 3 4 7 7 0 6 1 1 1 198846 0 15 40 16 16.25 4 8 0 5
0 0 0 1 1 1 1 6 1 4 3 4 7 -1 -1 -1 -1 -1 -1 199380 0 15 40 17 20 4 8 0 5
0 0 0 4 1 1 4 6 1 4 3 4 7 -1 -1 -1 -1 -1 -1 199880 2 15 40 17 20 4 8 0 5
0 0 0 1 1 1 1 6 1 4 3 4 7 -1 -1 -1 -1 -1 -1 200380 0 15 40 17 19.7333 4 8 0 5
0 0 0 1 1 1 2 8 1 4 3 4 7 6 1 7 2 1 0 200947 0 15 40 17 16 4 4 2 5
0 0 0 1 1 1 6 1 1 4 3 4 6 -1 -1 -1 -1 -1 -1 201680 0 15 40 16 13 4 4 2 5
0 0 0 1 1 4 6 4 1 4 3 4 6 -1 -1 -1 -1 -1 -1 202347 2 15 40 16 16.25 4 4 2 5
0 0 0 1 1 1 6 1 1 4 3 4 6 -1 -1 -1 -1 -1 -1 202981 0 15 40 16 16.25 4 4 2 5
0 0 0 1 1 8 1 1 1 4 3 4 5 5 1 7 2 0 1 203581 0 15 40 16 15.1667 4 5 2 5
0 0 0 1 6 1 1 1 1 4 3 4 4 -1 -1 -1 -1 -1 -1 204514 0 15 40 15 10 4 5 2 5
0 0 0 4 6 4 1 1 1 4 3 4 4 -1 -1 -1 -1 -1 -1 205381 2 15 40 15 12.5 4 5 2 5
0 0 0 1 6 1 1 1 1 4 3 4 4 -1 -1 -1 -1 -1 -1 206181 0 15 40 15 12.5 4 5 2 5
0 0 0 1 1 6 3 1 1 4 3 4 5 6 2 5 0 0 0 207015 0 15 40 15 12.5 4 6 2 5
0 0 0 1 1 6 1 1 1 4 3 4 5 -1 -1 -1 -1 -1 -1 207815 0 15 40 15 12.5 4 6 2 5
0 0 0 4 4 6 1 1 1 4 3 4 5 -1 -1 -1 -1 -1 -1 208648 2 15 40 15 10.6667 4 6 2 5
0 0 0 1 6 1 1 1 1 4 3 4 4 -1 -1 -1 -1 -1 -1 209649 0 15 40 15 12.5 4 6 2 5
0 0 0 1 6 3 1 1 1 4 3 4 4 5 3 8 3 0 0 210449 0 15 40 15 12.5 4 4 2 5
0 0 0 1 1 6 1 1 1 4 3 4 5 -1 -1 -1 -1 -1 -1 211249 0 15 40 15 11.8333 4 4 2 5
0 0 0 1 4 6 4 1 1 4 3 4 5 -1 -1 -1 -1 -1 -1 212116 2 15 40 15 12.5 4 4 2 5
0 0 0 1 1 6 1 1 1 4 3 4 5 -1 -1 -1 -1 -1 -1 212916 0 15 40 15 12.5 4 4 2 5
0 0 0 1 1 6 1 3 1 4 3 4 5 7 3 8 3 0 0 213750 0 15 40 15 10 4 4 2 5
0 0 0 1 1 6 1 1 1 4 3 4 5 -1 -1 -1 -1 -1 -1 214716 0 15 40 15 12.5 4 4 2 5
0 0 0 4 4 6 1 1 1 4 3 4 5 -1 -1 -1 -1 -1 -1 215517 2 15 40 15 12.5 4 4 2 5
0 0 0 1 1 6 1 1 1 4 3 4 5 -1 -1 -1 -1 -1 -1 216350 0 15 40 15 11 4 4 2 5
0 0 0 1 1 6 3 1 1 4 3 4 5 6 1 7 2 0 0 217250 0 15 40 15 12.5 4 6 2 5
0 0 0 1 1 6 1 1 1 4 3 4 5 -1 -1 -1 -1 -1 -1 218050 0 15 40 15 12.5 4 6 2 5
0 0 0 4 4 6 1 1 1 4 3 4 5 -1 -1 -1 -1 -1 -1 218884 2 15 40 15 10.6667 4 6 2 5
0 0 0 1 1 1 6 1 1 4 3 4 6 -1 -1 -1 -1 -1 -1 219751 0 15 40 15 12.5 4 6 2 5
0 0 0 1 1 1 1 7 1 4 3 4 7 7 3 8 3 1 1 220551 0 15 40 15 12.5 4 5 2 5
0 0 0 1 1 1 6 1 1 4 3 4 6 -1 -1 -1 -1 -1 -1 221451 0 15 40 15 10 4 5 2 5
0 0 0 1 4 6 1 4 1 4 3 4 5 -1 -1 -1 -1 -1 -1 222318 2 15 40 15 12.5 4 5 2 5
0 0 0 0 1 6 1 0 2 0 4 3 5 -1 -1 -1 -1 -1 -1 228986 0 15 15 15 60 4 8 0 3
0 0 0 0 1 6 1 0 2 0 4 3 5 -1 -1 -1 -1 -1 -1 229153 0 15 15 15 60 4 8 0 3
0 0 0 0 1 6 1 0 2 0 4 3 5 -1 -1 -1 -1 -1 -1 229320 0 15 15 15 60 4 6 2 3
0 0 0 0 1 6 1 0 2 0 4 3 5 -1 -1 -1 -1 -1 -1 229486 0 15 15 15 50 4 6 2 3
0 0 0 0 1 6 1 0 2 0 4 3 5 -1 -1 -1 -1 -1 -1 229786 0 15 15 15 20 4 6 2 3
0 0 0 0 1 6 1 0 2 0 4 3 5 -1 -1 -1 -1 -1 -1 230720 0 15 15 15 10 4 6 2 3
0 0 0 0 1 1 6 0 2 0 4 3 6 -1 -1 -1 -1 -1 -1 231720 0 15 15 15 10 4 6 2 3
0 0 0 0 1 6 1 0 2 0 4 3 5 -1 -1 -1 -1 -1 -1 232720 0 15 15 15 10 4 6 2 3
0 0 0 0 1 6 1 0 2 0 4 3 5 -1 -1 -1 -1 -1 -1 233654 0 15 15 15 12.5 4 6 2 3
0 0 0 0 1 6 1 0 2 0 4 3 5 -1 -1 -1 -1 -1 -1 234454 0 15 15 15 12.5 4 6 2 3
0 0 0 0 3 6 1 0 2 0 4 3 5 4 0 4 1 0 0 235287 0 15 15 15 10 4 4 2 3
0 0 0 0 1 1 6 0 2 0 4 3 6 -1 -1 -1 -1 -1 -1 236254 0 15 15 15 12.5 4 4 2 3
0 0 0 0 1 4 6 0 2 0 4 3 6 -1 -1 -1 -1 -1 -1 237055 1 15 15 15 12.5 4 4 2 3
0 0 0 0 1 6 1 0 2 0 4 3 5 -1 -1 -1 -1 -1 -1 237888 0 15 15 15 11.5 4 4 2 3
0 0 0 0 1 6 3 0 2 0 4 3 5 6 1 4 2 0 0 238722 0 15 15 15 12.5 4 4 2 3
0 0 0 0 1 6 1 0 2 0 4 3 5 -1 -1 -1 -1 -1 -1 239522 0 15 15 15 12.5 4 4 2 3
0 0 0 0 1 6 4 0 2 0 4 3 5 -1 -1 -1 -1 -1 -1 240389 1 15 15 15 12.5 4 4 2 3
0 0 0 0 1 6 1 0 2 0 4 3 5 -1 -1 -1 -1 -1 -1 241189 0 15 15 15 12.5 4 4 2 3
0 0 0 0 1 6 3 0 2 0 4 3 5 6 3 4 3 0 0 241989 0 15 15 15 11.5 4 6 2 3
0 0 0 0 1 6 1 0 2 0 4 3 5 -1 -1 -1 -1 -1 -1 242822 0 15 15 15 12.5 4 6 2 3
0 0 0 0 1 6 4 0 2 0 4 3 5 -1 -1 -1 -1 -1 -1 243623 1 15 15 15 12.5 4 6 2 3
0 0 0 0 1 6 1 0 2 0 4 3 5 -1 -1 -1 -1 -1 -1 244456 0 15 15 15 12.5 4 6 2 3
0 0 0 0 3 1 6 0 2 0 4 3 6 4 1 4 2 0 0 245256 0 15 15 15 12.5 4 4 2 3
0 0 0 0 1 1 6 0 2 0 4 3 6 -1 -1 -1 -1 -1 -1 246090 0 15 15 15 10.8333 4 4 2 3
0 0 0 0 1 4 6 0 2 0 4 3 6 -1 -1 -1 -1 -1 -1 247057 1 15 15 15 12.5 4 4 2 3
0 0 0 0 1 1 6 0 2 0 4 3 6 -1 -1 -1 -1 -1 -1 247857 0 15 15 15 12.5 4 4 2 3
0 0 0 0 1 3 6 0 2 0 4 3 6 5 3 4 3 0 0 248657 0 15 15 15 11.5 4 5 2 3
0 0 0 0 1 6 1 0 2 0 4 3 5 -1 -1 -1 -1 -1 -1 249657 0 15 15 15 10 4 5 2 3
0 0 0 0 4 6 1 0 2 0 4 3 5 -1 -1 -1 -1 -1 -1 250457 1 15 15 15 12.5 4 5 2 3
0 0 0 0 1 6 1 0 2 0 4 3 5 -1 -1 -1 -1 -1 -1 251258 0 15 15 15 12.5 4 5 2 3
0 0 0 0 1 8 1 0 2 0 4 3 5 5 3 4 3 0 1 252191 0 15 15 15 10 4 8 0 3
0 0 0 0 1 6 1 0 2 0 4 3 5 -1 -1 -1 -1 -1 -1 253058 0 15 15 15 12.5 4 8 0 3
0 0 0 0 4 1 6 0 2 0 4 3 6 -1 -1 -1 -1 -1 -1 253858 1 15 15 15 12.5 4 8 0 3
0 0 0 0 1 1 6 0 2 0 4 3 6 -1 -1 -1 -1 -1 -1 254758 0 15 15 15 12.5 4 8 0 3
0 0 0 0 1 1 7 0 2 0 4 3 6 6 3 4 3 1 1 255558 0 15 15 15 12.5 4 6 2 3
0 0 0 0 1 1 6 0 2 0 4 3 6 -1 -1 -1 -1 -1 -1 256358 0 15 15 15 11.8333 4 6 2 3
0 0 0 0 1 4 6 0 2 0 4 3 6 -1 -1 -1 -1 -1 -1 257158 1 15 15 15 12.5 4 6 2 3
0 0 0 0 1 6 1 0 2 0 4 3 5 -1 -1 -1 -1 -1 -1 257958 0 15 15 15 12.5 4 6 2 3
0 0 0 0 7 1 1 0 2 0 4 3 4 4 1 4 2 1 1 258891 0 15 15 15 10 4 6 2 3
0 0 0 0 1 6 1 0 2 0 4 3 5 -1 -1 -1 -1 -1 -1 259891 0 15 15 15 10 4 6 2 3
0 0 0 0 1 6 4 0 2 0 4 3 5 -1 -1 -1 -1 -1 -1 260757 1 15 15 15 12.5 4 6 2 3
0 0 0 0 1 6 1 0 2 0 4 3 5 -1 -1 -1 -1 -1 -1 261557 0 15 15 15 12.5 4 6 2 3
0 0 0 0 1 8 1 0 2 0 4 3 5 5 0 4 1 0 1 262457 0 15 15 15 10 4 4 2 3
0 0 0 0 1 6 1 0 2 0 4 3 5 -1 -1 -1 -1 -1 -1 263423 0 15 15 15 12.5 4 4 2 3
0 0 0 0 1 6 4 0 2 0 4 3 5 -1 -1 -1 -1 -1 -1 264223 1 15 15 15 12.5 4 4 2 3
0 0 0 0 1 6 1 0 2 0 4 3 5 -1 -1 -1 -1 -1 -1 265023 0 15 15 15 11.3333 4 4 2 3
0 0 0 0 1 7 1 0 2 0 4 3 5 5 3 4 3 1 1 265989 0 15 15 15 10 4 4 2 3
0 0 0 0 1 1 6 0 2 0 4 3 6 -1 -1 -1 -1 -1 -1 266989 0 15 15 15 10 4 4 2 3
0 0 0 0 1 4 6 0 2 0 4 3 6 -1 -1 -1 -1 -1 -1 267822 1 15 15 15 12.5 4 4 2 3
0 0 0 0 1 6 1 0 2 0 4 3 5 -1 -1 -1 -1 -1 -1 268622 0 15 15 15 12.5 4 4 2 3
0 0 0 0 1 8 2 0 2 0 4 3 5 6 3 4 3 1 0 269522 0 15 15 15 12.5 4 6 2 3
0 0 0 0 1 1 6 0 2 0 4 3 6 -1 -1 -1 -1 -1 -1 270322 0 15 15 15 12.5 4 6 2 3
0 0 0 0 1 4 6 0 2 0 4 3 6 -1 -1 -1 -1 -1 -1 271122 1 15 15 15 11.3333 4 6 2 3
0 0 0 0 1 1 6 0 2 0 4 3 6 -1 -1 -1 -1 -1 -1 272121 0 15 15 15 10 4 6 2 3
0 0 0 0 1 3 6 0 2 0 4 3 6 5 0 4 1 0 0 272954 0 15 15 15 12.5 4 4 2 3
0 0 0 0 1 1 6 0 2 0 4 3 6 -1 -1 -1 -1 -1 -1 273754 0 15 15 15 12.5 4 4 2 3
0 0 0 0 4 6 1 0 2 0 4 3 5 -1 -1 -1 -1 -1 -1 274687 1 15 15 15 10 4 4 2 3
0 0 0 0 1 6 1 0 2 0 4 3 5 -1 -1 -1 -1 -1 -1 275487 0 15 15 15 12.5 4 4 2 3
0 0 0 0 3 6 1 0 2 0 4 3 5 4 1 4 2 0 0 276287 0 15 15 15 12.1667 4 5 2 3
0 0 0 0 1 6 1 0 2 0 4 3 5 -1 -1 -1 -1 -1 -1 277087 0 15 15 15 12.5 4 5 2 3
0 0 0 0 1 6 4 0 2 0 4 3 5 -1 -1 -1 -1 -1 -1 277887 1 15 15 15 12.5 4 5 2 3
0 0 0 0 1 6 1 0 2 0 4 3 5 -1 -1 -1 -1 -1 -1 278753 0 15 15 15 12.5 4 5 2 3
0 0 0 0 1 8 1 0 2 0 4 3 5 5 0 4 1 0 1 279553 0 15 15 15 12.5 4 8 0 3
0 0 0 0 1 6 1 0 2 0 4 3 5 -1 -1 -1 -1 -1 -1 280386 0 15 15 15 12.5 4 8 0 3
0 0 0 0 4 6 1 0 2 0 4 3 5 -1 -1 -1 -1 -1 -1 281186 1 15 15 15 12.5 4 8 0 3
0 0 0 0 1 6 1 0 2 0 4 3 5 -1 -1 -1 -1 -1 -1 281986 0 15 15 15 11.8333 4 8 0 3
0 0 0 0 3 6 1 0 2 0 4 3 5 4 2 4 0 0 0 282919 0 15 15 15 12.5 4 6 2 3
0 0 0 0 1 6 1 0 2 0 4 3 5 -1 -1 -1 -1 -1 -1 283718 0 15 15 15 12.5 4 6 2 3
0 0 0 0 1 6 4 0 2 0 4 3 5 -1 -1 -1 -1 -1 -1 284552 1 15 15 15 11.8333 4 6 2 3
0 0 0 0 1 1 6 0 2 0 4 3 6 -1 -1 -1 -1 -1 -1 285385 0 15 15 15 12.5 4 6 2 3
0 0 0 0 1 3 6 0 2 0 4 3 6 5 3 4 3 0 0 286185 0 15 15 15 12.5 4 6 2 3
0 0 0 0 1 6 1 0 2 0 4 3 5 -1 -1 -1 -1 -1 -1 287051 0 15 15 15 10 4 6 2 3
0 0 0 0 1 6 4 0 2 0 4 3 5 -1 -1 -1 -1 -1 -1 287884 1 15 15 15 12.5 4 6 2 3
0 0 0 0 1 6 1 0 2 0 4 3 5 -1 -1 -1 -1 -1 -1 288684 0 15 15 15 12.5 4 6 2 3
0 0 0 0 1 1 7 0 2 0 4 3 6 6 1 4 2 1 1 289617 0 15 15 15 10 4 4 2 3
0 0 0 0 1 6 1 0 2 0 4 3 5 -1 -1 -1 -1 -1 -1 290583 0 15 15 15 12.5 4 4 2 3
0 0 0 0 1 6 4 0 2 0 4 3 5 -1 -1 -1 -1 -1 -1 291383 1 15 15 15 12.5 4 4 2 3
0 0 0 0 1 6 1 0 2 0 4 3 5 -1 -1 -1 -1 -1 -1 292216 0 15 15 15 11.6667 4 4 2 3
0 0 0 0 1 6 3 0 2 0 4 3 5 6 2 4 0 0 0 293183 0 15 15 15 12.5 4 4 2 3
0 0 0 0 1 6 1 0 2 0 4 3 5 -1 -1 -1 -1 -1 -1 293983 0 15 15 15 12.5 4 4 2 3
0 0 0 0 4 6 1 0 2 0 4 3 5 -1 -1 -1 -1 -1 -1 294782 1 15 15 15 12 4 4 2 3
0 0 0 0 6 1 1 0 2 0 4 3 4 -1 -1 -1 -1 -1 -1 295716 0 15 15 15 12.5 4 4 2 3
0 0 0 0 6 3 1 0 2 0 4 3 4 5 1 4 2 0 0 296515 0 15 15 15 12.5 4 6 2 3
0 0 0 0 6 1 1 0 2 0 4 3 4 -1 -1 -1 -1 -1 -1 297315 0 15 15 15 11.6667 4 6 2 3
0 0 0 0 6 4 1 0 2 0 4 3 4 -1 -1 -1 -1 -1 -1 298182 1 15 15 15 12.5 4 6 2 3
0 0 0 0 1 6 1 0 2 0 4 3 5 -1 -1 -1 -1 -1 -1 298981 0 15 15 15 12.5 4 6 2 3
0 0 0 0 1 1 8 0 2 0 4 3 6 6 0 4 1 0 1 299848 0 15 15 15 10 4 4 2 3
0 0 0 0 1 6 1 0 2 0 4 3 5 -1 -1 -1 -1 -1 -1 300814 0 15 15 15 12.5 4 4 2 3
0 0 0 0 4 6 1 0 2 0 4 3 5 -1 -1 -1 -1 -1 -1 301614 1 15 15 15 12.5 4 4 2 3
0 0 0 0 6 1 1 0 2 0 4 3 4 -1 -1 -1 -1 -1 -1 302414 0 15 15 15 11.3333 4 4 2 3
0 0 0 0 7 1 1 0 2 0 4 3 4 4 1 4 2 1 1 303247 0 15 15 15 12.5 4 5 2 3
0 0 0 0 1 6 1 0 2 0 4 3 5 -1 -1 -1 -1 -1 -1 304047 0 15 15 15 12.5 4 5 2 3
0 0 0 0 4 6 1 0 2 0 4 3 5 -1 -1 -1 -1 -1 -1 304847 1 15 15 15 12.5 4 5 2 3
0 0 0 0 1 1 6 0 2 0 4 3 6 -1 -1 -1 -1 -1 -1 305646 0 15 15 15 12.5 4 5 2 3
0 0 0 0 1 3 6 0 2 0 4 3 6 5 0 4 1 0 0 306480 0 15 15 15 12.5 4 8 0 3
0 0 0 0 1 1 6 0 2 0 4 3 6 -1 -1 -1 -1 -1 -1 307279 0 15 15 15 12.5 4 8 0 3
0 0 0 0 4 1 6 0 2 0 4 3 6 -1 -1 -1 -1 -1 -1 308079 1 15 15 15 12.5 4 8 0 3
0 0 0 0 1 1 6 0 2 0 4 3 6 -1 -1 -1 -1 -1 -1 308879 0 15 15 15 12.5 4 8 0 3
0 0 0 0 1 2 8 0 2 0 4 3 6 5 1 4 2 1 0 309712 0 15 15 15 12.5 4 6 2 3
0 0 0 0 1 1 6 0 2 0 4 3 6 -1 -1 -1 -1 -1 -1 310512 0 15 15 15 12.5 4 6 2 3
0 0 0 0 1 4 6 0 2 0 4 3 6 -1 -1 -1 -1 -1 -1 311312 1 15 15 15 12 4 6 2 3
0 0 0 0 1 6 1 0 2 0 4 3 5 -1 -1 -1 -1 -1 -1 312112 0 15 15 15 12.5 4 6 2 3
0 0 0 0 1 6 3 0 2 0 4 3 5 6 3 4 3 0 0 312911 0 15 15 15 12.5 4 6 2 3
0 0 0 0 1 1 6 0 2 0 4 3 6 -1 -1 -1 -1 -1 -1 313811 0 15 15 15 12.5 4 6 2 3
0 0 0 0 1 4 6 0 2 0 4 3 6 -1 -1 -1 -1 -1 -1 314611 1 15 15 15 12.5 4 6 2 3
0 0 0 0 1 1 6 0 2 0 4 3 6 -1 -1 -1 -1 -1 -1 315411 0 15 15 15 12 4 6 2 3
0 0 0 0 1 2 8 0 2 0 4 3 6 5 1 4 2 1 0 316277 0 15 15 15 12.5 4 4 2 3
0 0 0 0 1 6 1 0 2 0 4 3 5 -1 -1 -1 -1 -1 -1 317077 0 15 15 15 12.5 4 4 2 3
0 0 0 0 1 6 4 0 2 0 4 3 5 -1 -1 -1 -1 -1 -1 317877 1 15 15 15 12.5 4 4 2 3
0 0 0 0 1 6 1 0 2 0 4 3 5 -1 -1 -1 -1 -1 -1 318677 0 15 15 15 12.5 4 4 2 3
0 0 0 0 3 6 1 0 2 0 4 3 5 4 3 4 3 0 0 319510 0 15 15 15 12.5 4 4 2 3
0 0 0 0 1 1 6 0 2 0 4 3 6 -1 -1 -1 -1 -1 -1 320310 0 15 15 15 12.5 4 4 2 3
0 0 0 0 1 4 6 0 2 0 4 3 6 -1 -1 -1 -1 -1 -1 321109 1 15 15 15 11.1667 4 4 2 3
0 0 0 0 1 1 6 0 2 0 4 3 6 -1 -1 -1 -1 -1 -1 322042 0 15 15 15 12.5 4 4 2 3
0 0 0 0 1 1 7 0 2 0 4 3 6 6 1 4 2 1 1 322842 0 15 15 15 12.5 4 6 2 3
0 0 0 0 1 6 1 0 2 0 4 3 5 -1 -1 -1 -1 -1 -1 323675 0 15 15 15 10.8333 4 6 2 3
0 0 0 0 1 6 4 0 2 0 4 3 5 -1 -1 -1 -1 -1 -1 324475 1 15 15 15 12.5 4 6 2 3
0 0 0 0 1 6 1 0 2 0 4 3 5 -1 -1 -1 -1 -1 -1 325275 0 15 15 15 12.3333 4 6 2 3
0 0 0 0 3 1 6 0 2 0 4 3 6 4 2 4 0 0 0 326175 0 15 15 15 12.5 4 4 2 3
0 0 0 0 1 1 6 0 2 0 4 3 6 -1 -1 -1 -1 -1 -1 326975 0 15 15 15 12.5 4 4 2 3
0 0 0 0 1 4 6 0 2 0 4 3 6 -1 -1 -1 -1 -1 -1 327808 1 15 15 15 11 4 4 2 3
0 0 0 0 1 6 1 0 2 0 4 3 5 -1 -1 -1 -1 -1 -1 328774 0 15 15 15 10 4 4 2 3
0 0 0 0 1 6 3 0 2 0 4 3 5 6 3 4 3 0 0 329607 0 15 15 15 12.5 4 5 2 3
0 0 0 0 1 1 6 0 2 0 4 3 6 -1 -1 -1 -1 -1 -1 330407 0 15 15 15 12.3333 4 5 2 3
0 0 0 0 4 1 6 0 2 0 4 3 6 -1 -1 -1 -1 -1 -1 331207 1 15 15 15 12.5 4 5 2 3
0 0 0 0 1 1 6 0 2 0 4 3 6 -1 -1 -1 -1 -1 -1 332007 0 15 15 15 12.5 4 5 2 3
0 0 0 0 1 1 7 0 2 0 4 3 6 6 3 4 3 1 1 332940 0 15 15 15 10 4 8 0 3
0 0 0 0 1 6 1 0 2 0 4 3 5 -1 -1 -1 -1 -1 -1 333906 0 15 15 15 12.5 4 8 0 3
0 0 0 0 1 6 4 0 2 0 4 3 5 -1 -1 -1 -1 -1 -1 334706 1 15 15 15 12.5 4 8 0 3
0 0 0 0 6 1 1 0 2 0 4 3 4 -1 -1 -1 -1 -1 -1 335506 0 15 15 15 11.8333 4 8 0 3
0 0 0 0 8 1 1 0 2 0 4 3 4 4 2 4 0 0 1 336372 0 15 15 15 12.5 4 6 2 3
0 0 0 0 1 6 1 0 2 0 4 3 5 -1 -1 -1 -1 -1 -1 337172 0 15 15 15 12.5 4 6 2 3
0 0 0 0 1 6 4 0 2 0 4 3 5 -1 -1 -1 -1 -1 -1 338039 1 15 15 15 10 4 6 2 3
0 0 0 0 1 1 6 0 2 0 4 3 6 -1 -1 -1 -1 -1 -1 339038 0 15 15 15 12.5 4 6 2 3
0 0 0 0 1 1 8 0 2 0 4 3 6 6 3 4 3 0 1 339838 0 15 15 15 12.5 4 6 2 3
0 0 0 0 1 6 1 0 2 0 4 3 5 -1 -1 -1 -1 -1 -1 340638 0 15 15 15 12 4 6 2 3
0 0 0 0 4 6 1 0 2 0 4 3 5 -1 -1 -1 -1 -1 -1 341471 1 15 15 15 12.5 4 6 2 3
0 0 0 0 1 6 1 0 2 0 4 3 5 -1 -1 -1 -1 -1 -1 342271 0 15 15 15 12.5 4 6 2 3
0 0 0 0 3 6 1 0 2 0 4 3 5 4 2 4 0 0 0 343071 0 15 15 15 12.5 4 4 2 3
0 0 0 0 1 6 1 0 2 0 4 3 5 -1 -1 -1 -1 -1 -1 343870 0 15 15 15 12.5 4 4 2 3
0 0 0 0 4 6 1 0 2 0 4 3 5 -1 -1 -1 -1 -1 -1 344704 1 15 15 15 12.5 4 4 2 3
0 0 0 0 6 1 1 0 2 0 4 3 4 -1 -1 -1 -1 -1 -1 345503 0 15 15 15 12.5 4 4 2 3
0 0 0 0 7 1 1 0 2 0 4 3 4 4 3 4 3 1 1 346303 0 15 15 15 12.5 4 4 2 3
0 0 0 0 1 6 1 0 2 0 4 3 5 -1 -1 -1 -1 -1 -1 347103 0 15 15 15 12.5 4 4 2 3
0 0 0 0 1 4 6 0 2 0 4 3 6 -1 -1 -1 -1 -1 -1 347903 1 15 15 15 12.5 4 4 2 3
0 0 0 0 1 6 1 0 2 0 4 3 5 -1 -1 -1 -1 -1 -1 348703 0 15 15 15 12.5 4 4 2 3
0 0 0 0 1 6 1 0 3 0 4 3 5 -1 -1 -1 -1 -1 -1 356301 0 15 15 15 60 4 8 0 3
0 0 0 0 1 6 1 0 3 0 4 3 5 -1 -1 -1 -1 -1 -1 356467 0 15 15 15 60 4 8 0 3
0 0 0 0 1 6 1 0 3 0 4 3 5 -1 -1 -1 -1 -1 -1 356634 0 15 15 15 60 4 6 2 3
0 0 0 0 1 6 1 0 3 0 4 3 5 -1 -1 -1 -1 -1 -1 356801 0 15 15 15 50.1 4 6 2 3
0 0 0 0 1 6 1 0 3 0 4 3 5 -1 -1 -1 -1 -1 -1 357101 0 15 15 15 20 4 6 2 3
0 0 0 0 1 6 1 0 3 0 4 3 5 -1 -1 -1 -1 -1 -1 358034 0 15 15 15 10 4 6 2 3
0 0 0 0 1 6 1 0 3 0 4 3 5 -1 -1 -1 -1 -1 -1 358933 0 15 15 15 12.5 4 4 2 3
0 0 0 0 1 6 1 0 3 0 4 3 5 -1 -1 -1 -1 -1 -1 359733 0 15 15 15 12.5 4 4 2 3
0 0 0 0 1 1 6 0 3 0 4 3 6 -1 -1 -1 -1 -1 -1 360600 0 15 15 15 10 4 4 2 3
0 0 0 0 1 1 6 0 3 0 4 3 6 -1 -1 -1 -1 -1 -1 361599 0 15 15 15 10 4 4 2 3
0 0 0 0 1 3 6 0 3 0 4 3 6 5 2 4 0 0 0 362599 0 15 15 15 10 4 6 2 3
0 0 0 0 1 6 1 0 3 0 4 3 5 -1 -1 -1 -1 -1 -1 363599 0 15 15 15 10 4 6 2 3
0 0 0 0 1 6 4 0 3 0 4 3 5 -1 -1 -1 -1 -1 -1 364599 1 15 15 15 10 4 6 2 3
0 0 0 0 1 6 1 0 3 0 4 3 5 -1 -1 -1 -1 -1 -1 365598 0 15 15 15 10 4 6 2 3
0 0 0 0 1 6 3 0 3 0 4 3 5 6 2 4 0 0 0 366598 0 15 15 15 10 4 5 2 3
0 0 0 0 1 1 6 0 3 0 4 3 6 -1 -1 -1 -1 -1 -1 367598 0 15 15 15 10 4 5 2 3
0 0 0 0 1 4 6 0 3 0 4 3 6 -1 -1 -1 -1 -1 -1 368431 1 15 15 15 12.5 4 5 2 3
0 0 0 0 1 1 6 0 3 0 4 3 6 -1 -1 -1 -1 -1 -1 369231 0 15 15 15 12.5 4 5 2 3
0 0 0 0 1 3 6 0 3 0 4 3 6 5 0 4 1 0 0 370164 0 15 15 15 10 4 5 2 3
0 0 0 0 1 1 6 0 3 0 4 3 6 -1 -1 -1 -1 -1 -1 371164 0 15 15 15 10 4 5 2 3
0 0 0 0 1 4 6 0 3 0 4 3 6 -1 -1 -1 -1 -1 -1 371964 1 15 15 15 12.5 4 5 2 3
0 0 0 0 1 1 6 0 3 0 4 3 6 -1 -1 -1 -1 -1 -1 372763 0 15 15 15 12.3333 4 5 2 3
0 0 0 0 3 1 6 0 3 0 4 3 6 4 2 4 0 0 0 373697 0 15 15 15 12.5 4 4 2 3
0 0 0 0 1 1 6 0 3 0 4 3 6 -1 -1 -1 -1 -1 -1 374496 0 15 15 15 12.5 4 4 2 3
0 0 0 0 1 4 6 0 3 0 4 3 6 -1 -1 -1 -1 -1 -1 375296 1 15 15 15 12 4 4 2 3
0 0 0 0 1 1 6 0 3 0 4 3 6 -1 -1 -1 -1 -1 -1 376163 0 15 15 15 12.5 4 4 2 3
0 0 0 0 1 3 6 0 3 0 4 3 6 5 3 4 3 0 0 376962 0 15 15 15 12.5 4 5 2 3
0 0 0 0 1 1 6 0 3 0 4 3 6 -1 -1 -1 -1 -1 -1 377829 0 15 15 15 10 4 5 2 3
0 0 0 0 4 1 6 0 3 0 4 3 6 -1 -1 -1 -1 -1 -1 378829 1 15 15 15 10 4 5 2 3
0 0 0 0 1 1 6 0 3 0 4 3 6 -1 -1 -1 -1 -1 -1 379662 0 15 15 15 12.5 4 5 2 3
0 0 0 0 1 3 6 0 3 0 4 3 6 5 1 4 2 0 0 380462 0 15 15 15 12.5 4 8 0 3
0 0 0 0 1 1 6 0 3 0 4 3 6 -1 -1 -1 -1 -1 -1 381361 0 15 15 15 12.5 4 8 0 3
0 0 0 0 1 4 6 0 3 0 4 3 6 -1 -1 -1 -1 -1 -1 382161 1 15 15 15 12.5 4 8 0 3
0 0 0 0 1 1 6 0 3 0 4 3 6 -1 -1 -1 -1 -1 -1 382961 0 15 15 15 11.3333 4 8 0 3
0 0 0 0 3 6 1 0 3 0 4 3 5 4 2 4 0 0 0 383894 0 15 15 15 12.5 4 6 2 3
0 0 0 0 1 6 1 0 3 0 4 3 5 -1 -1 -1 -1 -1 -1 384694 0 15 15 15 12.5 4 6 2 3
0 0 0 0 1 6 4 0 3 0 4 3 5 -1 -1 -1 -1 -1 -1 385527 1 15 15 15 11 4 6 2 3
0 0 0 0 1 6 1 0 3 0 4 3 5 -1 -1 -1 -1 -1 -1 386393 0 15 15 15 12.5 4 6 2 3
0 0 0 0 1 6 3 0 3 0 4 3 5 6 3 4 3 0 0 387193 0 15 15 15 12.5 4 4 2 3
0 0 0 0 1 6 1 0 3 0 4 3 5 -1 -1 -1 -1 -1 -1 388060 0 15 15 15 10 4 4 2 3
0 0 0 0 4 6 1 0 3 0 4 3 5 -1 -1 -1 -1 -1 -1 388859 1 15 15 15 12.5 4 4 2 3
0 0 0 0 1 6 1 0 3 0 4 3 5 -1 -1 -1 -1 -1 -1 389659 0 15 15 15 12.1667 4 4 2 3
0 0 0 0 7 1 1 0 3 0 4 3 4 4 3 4 3 1 1 390592 0 15 15 15 12.5 4 6 2 3
0 0 0 0 1 6 1 0 3 0 4 3 5 -1 -1 -1 -1 -1 -1 391392 0 15 15 15 12.5 4 6 2 3
0 0 0 0 1 4 6 0 3 0 4 3 6 -1 -1 -1 -1 -1 -1 392192 1 15 15 15 12.5 4 6 2 3
0 0 0 0 1 6 1 0 3 0 4 3 5 -1 -1 -1 -1 -1 -1 392992 0 15 15 15 12.5 4 6 2 3
0 0 0 0 6 1 3 0 3 0 4 3 4 6 0 4 1 0 0 393792 0 15 15 15 12.5 4 5 2 3
0 0 0 0 6 1 1 0 3 0 4 3 4 -1 -1 -1 -1 -1 -1 394591 0 15 15 15 12.5 4 5 2 3
0 0 0 0 6 1 4 0 3 0 4 3 4 -1 -1 -1 -1 -1 -1 395391 1 15 15 15 11.8333 4 5 2 3
0 0 0 0 1 6 1 0 3 0 4 3 5 -1 -1 -1 -1 -1 -1 396291 0 15 15 15 12.5 4 5 2 3
0 0 0 0 1 7 1 0 3 0 4 3 5 5 2 4 0 1 1 397091 0 15 15 15 12.5 4 5 2 3
0 0 0 0 6 1 1 0 3 0 4 3 4 -1 -1 -1 -1 -1 -1 397924 0 15 15 15 10.8333 4 5 2 3
0 0 0 0 1 6 4 0 3 0 4 3 5 -1 -1 -1 -1 -1 -1 398890 1 15 15 15 12.5 4 5 2 3
0 0 0 0 1 6 1 0 3 0 4 3 5 -1 -1 -1 -1 -1 -1 399690 0 15 15 15 12.5 4 5 2 3
0 0 0 0 2 8 1 0 3 0 4 3 5 4 3 4 3 1 0 400490 0 15 15 15 12.5 4 4 2 3
0 0 0 0 1 1 6 0 3 0 4 3 6 -1 -1 -1 -1 -1 -1 401290 0 15 15 15 12.5 4 4 2 3
0 0 0 0 1 4 6 0 3 0 4 3 6 -1 -1 -1 -1 -1 -1 402090 1 15 15 15 11.1667 4 4 2 3
0 0 0 0 1 6 1 0 3 0 4 3 5 -1 -1 -1 -1 -1 -1 403089 0 15 15 15 10 4 4 2 3
0 0 0 0 1 6 3 0 3 0 4 3 5 6 0 4 1 0 0 404022 0 15 15 15 12.5 4 5 2 3
0 0 0 0 1 6 1 0 3 0 4 3 5 -1 -1 -1 -1 -1 -1 404822 0 15 15 15 12.5 4 5 2 3
0 0 0 0 1 6 4 0 3 0 4 3 5 -1 -1 -1 -1 -1 -1 405655 1 15 15 15 10.3333 4 5 2 3
0 0 0 0 1 6 1 0 3 0 4 3 5 -1 -1 -1 -1 -1 -1 406455 0 15 15 15 12.5 4 5 2 3
0 0 0 0 1 6 3 0 3 0 4 3 5 6 1 4 2 0 0 407255 0 15 15 15 12.5 4 8 0 3
0 0 0 0 1 6 1 0 3 0 4 3 5 -1 -1 -1 -1 -1 -1 408088 0 15 15 15 12.5 4 8 0 3
0 0 0 0 4 6 1 0 3 0 4 3 5 -1 -1 -1 -1 -1 -1 408888 1 15 15 15 12.5 4 8 0 3
0 0 0 0 1 6 1 0 3 0 4 3 5 -1 -1 -1 -1 -1 -1 409754 0 15 15 15 12.5 4 8 0 3
0 0 0 0 1 8 1 0 3 0 4 3 5 5 3 4 3 0 1 410554 0 15 15 15 12.5 4 6 2 3
0 0 0 0 1 1 6 0 3 0 4 3 6 -1 -1 -1 -1 -1 -1 411354 0 15 15 15 12 4 6 2 3
0 0 0 0 1 4 6 0 3 0 4 3 6 -1 -1 -1 -1 -1 -1 412220 1 15 15 15 12.5 4 6 2 3
0 0 0 0 1 6 1 0 3 0 4 3 5 -1 -1 -1 -1 -1 -1 413020 0 15 15 15 12.5 4 6 2 3
0 0 0 0 1 8 1 0 3 0 4 3 5 5 0 4 1 0 1 413887 0 15 15 15 10 4 4 2 3
0 0 0 0 1 6 1 0 3 0 4 3 5 -1 -1 -1 -1 -1 -1 414820 0 15 15 15 12.5 4 4 2 3
0 0 0 0 4 6 1 0 3 0 4 3 5 -1 -1 -1 -1 -1 -1 415620 1 15 15 15 12.5 4 4 2 3
0 0 0 0 6 1 1 0 3 0 4 3 4 -1 -1 -1 -1 -1 -1 416419 0 15 15 15 10.8333 4 4 2 3
0 0 0 0 8 1 1 0 3 0 4 3 4 4 1 4 2 0 1 417319 0 15 15 15 12.5 4 6 2 3
0 0 0 0 6 1 1 0 3 0 4 3 4 -1 -1 -1 -1 -1 -1 418119 0 15 15 15 12.5 4 6 2 3
0 0 0 0 6 4 1 0 3 0 4 3 4 -1 -1 -1 -1 -1 -1 418919 1 15 15 15 12.5 4 6 2 3
0 0 0 0 1 6 1 0 3 0 4 3 5 -1 -1 -1 -1 -1 -1 419719 0 15 15 15 12.5 4 6 2 3
0 0 0 0 1 8 1 0 3 0 4 3 5 5 3 4 3 0 1 420518 0 15 15 15 12.5 4 5 2 3
0 0 0 0 1 6 1 0 3 0 4 3 5 -1 -1 -1 -1 -1 -1 421318 0 15 15 15 12.5 4 5 2 3
0 0 0 0 4 6 1 0 3 0 4 3 5 -1 -1 -1 -1 -1 -1 422185 1 15 15 15 10 4 5 2 3
0 0 0 0 1 6 1 0 3 0 4 3 5 -1 -1 -1 -1 -1 -1 422984 0 15 15 15 12.5 4 5 2 3
0 0 0 0 3 6 1 0 3 0 4 3 5 4 2 4 0 0 0 423784 0 15 15 15 12.1667 4 5 2 3
0 0 0 0 6 1 1 0 3 0 4 3 4 -1 -1 -1 -1 -1 -1 424751 0 15 15 15 10 4 5 2 3
0 0 0 0 6 4 1 0 3 0 4 3 4 -1 -1 -1 -1 -1 -1 425551 1 15 15 15 12.5 4 5 2 3
0 0 0 0 6 1 1 0 3 0 4 3 4 -1 -1 -1 -1 -1 -1 426350 0 15 15 15 12.5 4 5 2 3
0 0 0 0 8 2 1 0 3 0 4 3 4 5 0 4 1 1 0 427317 0 15 15 15 10 4 4 2 3
0 0 0 0 1 6 1 0 3 0 4 3 5 -1 -1 -1 -1 -1 -1 428317 0 15 15 15 12.5 4 4 2 3
0 0 0 0 4 6 1 0 3 0 4 3 5 -1 -1 -1 -1 -1 -1 429116 1 15 15 15 12.5 4 4 2 3
0 0 0 0 1 6 1 0 3 0 4 3 5 -1 -1 -1 -1 -1 -1 429916 0 15 15 15 12 4 4 2 3
0 0 0 0 1 8 2 0 3 0 4 3 5 6 1 4 2 1 0 430849 0 15 15 15 12.5 4 5 2 3
0 0 0 0 1 6 1 0 3 0 4 3 5 -1 -1 -1 -1 -1 -1 431649 0 15 15 15 12.5 4 5 2 3
0 0 0 0 1 6 4 0 3 0 4 3 5 -1 -1 -1 -1 -1 -1 432449 1 15 15 15 11.5 4 5 2 3
0 0 0 0 1 6 1 0 3 0 4 3 5 -1 -1 -1 -1 -1 -1 433415 0 15 15 15 12.5 4 5 2 3
0 0 0 0 1 7 1 0 3 0 4 3 5 5 3 4 3 1 1 434215 0 15 15 15 12.5 4 8 0 3
0 0 0 0 1 1 6 0 3 0 4 3 6 -1 -1 -1 -1 -1 -1 435015 0 15 15 15 11.8333 4 8 0 3
0 0 0 0 1 4 6 0 3 0 4 3 6 -1 -1 -1 -1 -1 -1 435815 1 15 15 15 12.5 4 8 0 3
0 0 0 0 1 6 1 0 3 0 4 3 5 -1 -1 -1 -1 -1 -1 436614 0 15 15 15 12.1667 4 8 0 3
0 0 0 0 3 6 1 0 3 0 4 3 5 4 0 4 1 0 0 437448 0 15 15 15 12.5 4 6 2 3
0 0 0 0 1 6 1 0 3 0 4 3 5 -1 -1 -1 -1 -1 -1 438247 0 15 15 15 12.5 4 6 2 3
0 0 0 0 1 6 4 0 3 0 4 3 5 -1 -1 -1 -1 -1 -1 439081 1 15 15 15 12.5 4 6 2 3
0 0 0 0 1 1 6 0 3 0 4 3 6 -1 -1 -1 -1 -1 -1 439880 0 15 15 15 12.5 4 6 2 3
0 0 0 0 1 3 6 0 3 0 4 3 6 5 2 4 0 0 0 440713 0 15 15 15 10.6667 4 4 2 3
0 0 0 0 1 6 1 0 3 0 4 3 5 -1 -1 -1 -1 -1 -1 441513 0 15 15 15 12.5 4 4 2 3
0 0 0 0 1 6 4 0 3 0 4 3 5 -1 -1 -1 -1 -1 -1 442313 1 15 15 15 12.5 4 4 2 3
0 0 0 0 1 1 6 0 3 0 4 3 6 -1 -1 -1 -1 -1 -1 443246 0 15 15 15 10 4 4 2 3
0 0 0 0 1 3 6 0 3 0 4 3 6 5 3 4 3 0 0 444046 0 15 15 15 12.5 4 6 2 3
0 0 0 0 1 1 6 0 3 0 4 3 6 -1 -1 -1 -1 -1 -1 444846 0 15 15 15 12.3333 4 6 2 3
0 0 0 0 1 4 6 0 3 0 4 3 6 -1 -1 -1 -1 -1 -1 445646 1 15 15 15 12.5 4 6 2 3
0 0 0 0 1 6 1 0 3 0 4 3 5 -1 -1 -1 -1 -1 -1 446445 0 15 15 15 12.3333 4 6 2 3
0 0 0 0 3 6 1 0 3 0 4 3 5 4 2 4 0 0 0 447312 0 15 15 15 12.5 4 5 2 3
0 0 0 0 1 1 6 0 3 0 4 3 6 -1 -1 -1 -1 -1 -1 448112 0 15 15 15 12.5 4 5 2 3
0 0 0 0 4 1 6 0 3 0 4 3 6 -1 -1 -1 -1 -1 -1 448911 1 15 15 15 12.5 4 5 2 3
0 0 0 0 1 1 6 0 3 0 4 3 6 -1 -1 -1 -1 -1 -1 449711 0 15 15 15 12.5 4 5 2 3
0 0 0 0 1 1 7 0 3 0 4 3 6 6 0 4 1 1 1 450544 0 15 15 15 10 4 5 2 3
0 0 0 0 1 6 1 0 3 0 4 3 5 -1 -1 -1 -1 -1 -1 451511 0 15 15 15 12.5 4 5 2 3
0 0 0 0 1 6 4 0 3 0 4 3 5 -1 -1 -1 -1 -1 -1 452311 1 15 15 15 12.5 4 5 2 3
0 0 0 0 1 6 1 0 3 0 4 3 5 -1 -1 -1 -1 -1 -1 453110 0 15 15 15 11 4 5 2 3
0 0 0 0 1 6 3 0 3 0 4 3 5 6 3 4 3 0 0 453977 0 15 15 15 12.5 4 4 2 3
0 0 0 0 1 6 1 0 3 0 4 3 5 -1 -1 -1 -1 -1 -1 454777 0 15 15 15 12.5 4 4 2 3
0 0 0 0 1 6 4 0 3 0 4 3 5 -1 -1 -1 -1 -1 -1 455676 1 15 15 15 10 4 4 2 3
0 0 0 0 6 1 1 0 3 0 4 3 4 -1 -1 -1 -1 -1 -1 456676 0 15 15 15 10 4 4 2 3
0 0 0 0 2 7 1 0 3 0 4 3 5 4 3 4 3 1 1 457676 0 15 15 15 10 4 5 2 3
0 0 0 0 1 6 1 0 3 0 4 3 5 -1 -1 -1 -1 -1 -1 458642 0 15 15 15 12.5 4 5 2 3
0 0 0 0 4 6 1 0 3 0 4 3 5 -1 -1 -1 -1 -1 -1 459442 1 15 15 15 12.5 4 5 2 3
0 0 0 0 1 1 6 0 3 0 4 3 6 -1 -1 -1 -1 -1 -1 460242 0 15 15 15 11.5 4 5 2 3
0 0 0 0 1 7 1 0 3 0 4 3 5 5 2 4 0 1 1 461242 0 15 15 15 10 4 8 0 3
0 0 0 0 1 6 1 0 3 0 4 3 5 -1 -1 -1 -1 -1 -1 462242 0 15 15 15 10 4 8 0 3
0 0 0 0 4 6 1 0 3 0 4 3 5 -1 -1 -1 -1 -1 -1 463108 1 15 15 15 12.5 4 8 0 3
0 0 0 0 6 1 1 0 3 0 4 3 4 -1 -1 -1 -1 -1 -1 463908 0 15 15 15 12.5 4 8 0 3
0 0 0 0 6 1 3 0 3 0 4 3 4 6 1 4 2 0 0 464774 0 15 15 15 12.5 4 6 2 3
0 0 0 0 6 1 1 0 3 0 4 3 4 -1 -1 -1 -1 -1 -1 465574 0 15 15 15 12.5 4 6 2 3
0 0 0 0 6 4 1 0 3 0 4 3 4 -1 -1 -1 -1 -1 -1 466374 1 15 15 15 11.6667 4 6 2 3
0 0 0 0 6 1 1 0 3 0 4 3 4 -1 -1 -1 -1 -1 -1 467207 0 15 15 15 12.5 4 6 2 3
0 0 0 0 1 6 3 0 3 0 4 3 5 6 2 4 0 0 0 468007 0 15 15 15 12.5 4 4 2 3
0 0 0 0 1 6 1 0 3 0 4 3 5 -1 -1 -1 -1 -1 -1 468907 0 15 15 15 10 4 4 2 3
0 0 0 0 4 6 1 0 3 0 4 3 5 -1 -1 -1 -1 -1 -1 469773 1 15 15 15 12.5 4 4 2 3
0 0 0 0 1 6 1 0 3 0 4 3 5 -1 -1 -1 -1 -1 -1 470573 0 15 15 15 12.5 4 4 2 3
0 0 0 0 3 6 1 0 3 0 4 3 5 4 0 4 1 0 0 471406 0 15 15 15 12.5 4 6 2 3
0 0 0 0 1 1 6 0 3 0 4 3 6 -1 -1 -1 -1 -1 -1 472206 0 15 15 15 12.5 4 6 2 3
0 0 0 0 1 4 6 0 3 0 4 3 6 -1 -1 -1 -1 -1 -1 473039 1 15 15 15 10.8333 4 6 2 3
0 0 0 0 1 1 6 0 3 0 4 3 6 -1 -1 -1 -1 -1 -1 473939 0 15 15 15 12.5 4 6 2 3
0 0 0 0 1 3 6 0 3 0 4 3 6 5 1 4 2 0 0 474738 0 15 15 15 12.5 4 5 2 3
0 0 0 0 1 6 1 0 3 0 4 3 5 -1 -1 -1 -1 -1 -1 475572 0 15 15 15 10 4 5 2 3
0 0 0 1 1 6 1 1 4 1 4 2 5 -1 -1 -1 -1 -1 -1 481370 0 15 15 15 60 4 8 0 5
0 0 0 1 6 1 1 1 4 1 4 2 4 -1 -1 -1 -1 -1 -1 481537 0 15 15 15 60 4 8 0 5
0 0 0 1 6 1 1 1 4 1 4 2 4 -1 -1 -1 -1 -1 -1 481703 0 15 15 15 60 4 6 2 5
0 0 0 1 6 1 1 1 4 1 4 2 4 -1 -1 -1 -1 -1 -1 481870 0 15 15 15 50 4 6 2 5
0 0 0 1 1 6 1 1 4 1 4 2 5 -1 -1 -1 -1 -1 -1 482170 0 15 15 15 20 4 6 2 5
0 0 0 1 1 6 1 1 4 1 4 2 5 -1 -1 -1 -1 -1 -1 483103 0 15 15 15 12.5 4 6 2 5
0 0 0 1 1 6 1 1 4 1 4 2 5 -1 -1 -1 -1 -1 -1 483903 0 15 15 15 12.5 4 6 2 5
0 0 0 1 1 6 1 1 4 1 4 2 5 -1 -1 -1 -1 -1 -1 484703 0 15 15 15 11.5 4 6 2 5
0 0 0 1 1 1 6 1 4 1 4 2 6 -1 -1 -1 -1 -1 -1 485669 0 15 15 15 10 4 6 2 5
0 0 0 1 1 1 6 1 4 1 4 2 6 -1 -1 -1 -1 -1 -1 486569 0 15 15 15 12.5 4 6 2 5
0 0 0 1 1 3 6 1 4 1 4 2 6 5 4 8 3 0 0 487369 0 15 15 15 12.5 4 5 2 5
0 0 0 1 1 1 6 1 4 1 4 2 6 -1 -1 -1 -1 -1 -1 488235 0 15 15 15 10 4 5 2 5
0 0 0 1 4 1 6 1 4 1 4 2 6 -1 -1 -1 -1 -1 -1 489102 1 15 15 15 12.5 4 5 2 5
0 0 0 1 1 1 6 1 4 1 4 2 6 -1 -1 -1 -1 -1 -1 489901 0 15 15 15 12.5 4 5 2 5
0 0 0 1 1 1 6 3 4 1 4 2 6 7 4 7 2 0 0 490801 0 15 15 15 10 4 4 2 5
0 0 0 1 1 1 6 1 4 1 4 2 6 -1 -1 -1 -1 -1 -1 491634 0 15 15 15 12.5 4 4 2 5
0 0 0 1 4 6 1 1 4 1 4 2 5 -1 -1 -1 -1 -1 -1 492434 1 15 15 15 12.5 4 4 2 5
0 0 0 1 1 6 1 1 4 1 4 2 5 -1 -1 -1 -1 -1 -1 493234 0 15 15 15 12.5 4 4 2 5
0 0 0 1 1 6 3 1 4 1 4 2 5 6 4 6 1 0 0 494034 0 15 15 15 12.5 4 4 2 5
0 0 0 1 1 6 1 1 4 1 4 2 5 -1 -1 -1 -1 -1 -1 494900 0 15 15 15 10 4 4 2 5
0 0 0 1 1 1 6 4 4 1 4 2 6 -1 -1 -1 -1 -1 -1 495900 1 15 15 15 10 4 4 2 5
0 0 0 1 1 1 6 1 4 1 4 2 6 -1 -1 -1 -1 -1 -1 496766 0 15 15 15 12.5 4 4 2 5
0 0 0 1 1 3 6 1 4 1 4 2 6 5 4 8 3 0 0 497566 0 15 15 15 12.5 4 4 2 5
0 0 0 1 1 1 6 1 4 1 4 2 6 -1 -1 -1 -1 -1 -1 498366 0 15 15 15 12.5 4 4 2 5
0 0 0 4 1 1 6 1 4 1 4 2 6 -1 -1 -1 -1 -1 -1 499166 1 15 15 15 12.5 4 4 2 5
0 0 0 1 1 1 6 1 4 1 4 2 6 -1 -1 -1 -1 -1 -1 500032 0 15 15 15 10 4 4 2 5
0 0 0 1 3 1 6 1 4 1 4 2 6 4 4 6 1 0 0 500932 0 15 15 15 12.5 4 5 2 5
0 0 0 1 1 6 1 1 4 1 4 2 5 -1 -1 -1 -1 -1 -1 501732 0 15 15 15 12.5 4 5 2 5
0 0 0 1 1 6 1 4 4 1 4 2 5 -1 -1 -1 -1 -1 -1 502598 1 15 15 15 10 4 5 2 5
0 0 0 1 1 1 6 1 4 1 4 2 6 -1 -1 -1 -1 -1 -1 503598 0 15 15 15 10 4 5 2 5
0 0 0 1 1 2 8 1 4 1 4 2 6 5 4 7 2 1 0 504498 0 15 15 15 12.5 4 8 0 5
0 0 0 1 1 6 1 1 4 1 4 2 5 -1 -1 -1 -1 -1 -1 505298 0 15 15 15 12.5 4 8 0 5
0 0 0 1 4 6 1 1 4 1 4 2 5 -1 -1 -1 -1 -1 -1 506131 1 15 15 15 12.5 4 8 0 5
0 0 0 1 1 6 1 1 4 1 4 2 5 -1 -1 -1 -1 -1 -1 506931 0 15 15 15 12.5 4 8 0 5
0 0 0 1 1 8 1 1 4 1 4 2 5 5 4 8 3 0 1 507730 0 15 15 15 11.5 4 6 2 5
0 0 0 1 1 6 1 1 4 1 4 2 5 -1 -1 -1 -1 -1 -1 508697 0 15 15 15 12.5 4 6 2 5
0 0 0 4 1 6 1 1 4 1 4 2 5 -1 -1 -1 -1 -1 -1 509497 1 15 15 15 12.5 4 6 2 5
0 0 0 1 1 6 1 1 4 1 4 2 5 -1 -1 -1 -1 -1 -1 510296 0 15 15 15 11.3333 4 6 2 5
0 0 0 1 3 1 6 1 4 1 4 2 6 4 4 7 2 0 0 511163 0 15 15 15 12.5 4 6 2 5
0 0 0 1 1 1 6 1 4 1 4 2 6 -1 -1 -1 -1 -1 -1 511963 0 15 15 15 12.5 4 6 2 5
0 0 0 1 1 4 6 1 4 1 4 2 6 -1 -1 -1 -1 -1 -1 512829 1 15 15 15 10 4 6 2 5
0 0 0 1 1 1 1 6 4 1 4 2 7 -1 -1 -1 -1 -1 -1 513829 0 15 15 15 10 4 6 2 5
0 0 0 1 1 3 1 6 4 1 4 2 7 5 4 5 0 0 0 514662 0 15 15 15 12.5 4 5 2 5
0 0 0 1 1 6 1 1 4 1 4 2 5 -1 -1 -1 -1 -1 -1 515462 0 15 15 15 12.5 4 5 2 5
0 0 0 1 1 6 4 1 4 1 4 2 5 -1 -1 -1 -1 -1 -1 516395 1 15 15 15 10 4 5 2 5
0 0 0 1 1 1 6 1 4 1 4 2 6 -1 -1 -1 -1 -1 -1 517395 0 15 15 15 10 4 5 2 5
0 0 0 1 2 1 8 1 4 1 4 2 6 4 4 7 2 1 0 518395 0 15 15 15 10 4 4 2 5
0 0 0 1 1 1 6 1 4 1 4 2 6 -1 -1 -1 -1 -1 -1 519394 0 15 15 15 10 4 4 2 5
0 0 0 1 1 4 6 1 4 1 4 2 6 -1 -1 -1 -1 -1 -1 520394 1 15 15 15 10 4 4 2 5
0 0 0 1 1 1 6 1 4 1 4 2 6 -1 -1 -1 -1 -1 -1 521227 0 15 15 15 12.5 4 4 2 5
0 0 0 3 1 1 6 1 4 1 4 2 6 3 4 6 1 0 0 522027 0 15 15 15 12.5 4 4 2 5
0 0 0 1 1 1 6 1 4 1 4 2 6 -1 -1 -1 -1 -1 -1 522893 0 15 15 15 12.5 4 4 2 5
0 0 0 4 1 6 1 1 4 1 4 2 5 -1 -1 -1 -1 -1 -1 523693 1 15 15 15 12.5 4 4 2 5
0 0 0 1 1 6 1 1 4 1 4 2 5 -1 -1 -1 -1 -1 -1 524493 0 15 15 15 12.5 4 4 2 5
0 0 0 1 1 8 1 1 4 1 4 2 5 5 4 5 0 0 1 525293 0 15 15 15 12.5 4 4 2 5
0 0 0 1 1 1 6 1 4 1 4 2 6 -1 -1 -1 -1 -1 -1 526093 0 15 15 15 11.8333 4 4 2 5
0 0 0 1 1 4 6 1 4 1 4 2 6 -1 -1 -1 -1 -1 -1 526926 1 15 15 15 12.5 4 4 2 5
0 0 0 1 1 1 6 1 4 1 4 2 6 -1 -1 -1 -1 -1 -1 527726 0 15 15 15 12.5 4 4 2 5
0 0 0 1 1 1 8 1 4 1 4 2 6 6 4 6 1 0 1 528625 0 15 15 15 10 4 5 2 5
0 0 0 1 1 6 1 1 4 1 4 2 5 -1 -1 -1 -1 -1 -1 529625 0 15 15 15 10 4 5 2 5
0 0 0 1 4 6 1 1 4 1 4 2 5 -1 -1 -1 -1 -1 -1 530458 1 15 15 15 12.5 4 5 2 5
0 0 0 1 1 6 1 1 4 1 4 2 5 -1 -1 -1 -1 -1 -1 531258 0 15 15 15 12.5 4 5 2 5
0 0 0 1 1 7 1 1 4 1 4 2 5 5 4 7 2 1 1 532191 0 15 15 15 10 4 8 0 5
0 0 0 1 1 6 1 1 4 1 4 2 5 -1 -1 -1 -1 -1 -1 533158 0 15 15 15 12.5 4 8 0 5
0 0 0 1 4 6 1 1 4 1 4 2 5 -1 -1 -1 -1 -1 -1 533957 1 15 15 15 12.5 4 8 0 5
0 0 0 1 1 6 1 1 4 1 4 2 5 -1 -1 -1 -1 -1 -1 534757 0 15 15 15 11.1667 4 8 0 5
0 0 0 1 6 3 1 1 4 1 4 2 4 5 4 8 3 0 0 535724 0 15 15 15 12.5 4 6 2 5
0 0 0 1 6 1 1 1 4 1 4 2 4 -1 -1 -1 -1 -1 -1 536523 0 15 15 15 12.5 4 6 2 5
0 0 0 6 1 1 1 4 4 1 4 2 3 -1 -1 -1 -1 -1 -1 537323 1 15 15 15 11.5 4 6 2 5
0 0 0 6 1 1 1 1 4 1 4 2 3 -1 -1 -1 -1 -1 -1 538223 0 15 15 15 12.5 4 6 2 5
0 0 0 7 1 1 1 1 4 1 4 2 3 3 4 5 0 1 1 539023 0 15 15 15 12.5 4 6 2 5
0 0 0 1 6 1 1 1 4 1 4 2 4 -1 -1 -1 -1 -1 -1 539856 0 15 15 15 10.3333 4 6 2 5
0 0 0 4 6 1 1 1 4 1 4 2 4 -1 -1 -1 -1 -1 -1 540856 1 15 15 15 12.5 4 6 2 5
0 0 0 1 6 1 1 1 4 1 4 2 4 -1 -1 -1 -1 -1 -1 541656 0 15 15 15 12.5 4 6 2 5
0 0 0 1 6 3 1 1 4 1 4 2 4 5 4 5 0 0 0 542455 0 15 15 15 12 4 5 2 5
0 0 0 1 1 6 1 1 4 1 4 2 5 -1 -1 -1 -1 -1 -1 543422 0 15 15 15 10 4 5 2 5
0 0 0 4 1 1 1 6 4 1 4 2 7 -1 -1 -1 -1 -1 -1 544388 1 15 15 15 12.5 4 5 2 5
0 0 0 1 1 1 1 6 4 1 4 2 7 -1 -1 -1 -1 -1 -1 545188 0 15 15 15 12.5 4 5 2 5
0 0 0 1 1 1 1 8 4 1 4 2 7 7 4 8 3 0 1 545988 0 15 15 15 11.6667 4 4 2 5
0 0 0 1 1 1 6 1 4 1 4 2 6 -1 -1 -1 -1 -1 -1 546954 0 15 15 15 10 4 4 2 5
0 0 0 4 1 1 6 1 4 1 4 2 6 -1 -1 -1 -1 -1 -1 547854 1 15 15 15 12.5 4 4 2 5
0 0 0 1 1 6 1 1 4 1 4 2 5 -1 -1 -1 -1 -1 -1 548654 0 15 15 15 12.5 4 4 2 5
0 0 0 1 1 1 8 1 4 1 4 2 6 6 4 6 1 0 1 549520 0 15 15 15 12.5 4 4 2 5
0 0 0 1 1 1 1 6 4 1 4 2 7 -1 -1 -1 -1 -1 -1 550320 0 15 15 15 12.5 4 4 2 5
0 0 0 1 1 4 1 6 4 1 4 2 7 -1 -1 -1 -1 -1 -1 551120 1 15 15 15 11.6667 4 4 2 5
0 0 0 1 1 1 1 6 4 1 4 2 7 -1 -1 -1 -1 -1 -1 552020 0 15 15 15 12.5 4 4 2 5
0 0 0 1 1 1 1 7 4 1 4 2 7 7 4 5 0 1 1 552819 0 15 15 15 12.5 4 4 2 5
0 0 0 1 1 1 6 1 4 1 4 2 6 -1 -1 -1 -1 -1 -1 553653 0 15 15 15 11 4 4 2 5
0 0 0 1 1 6 4 1 4 1 4 2 5 -1 -1 -1 -1 -1 -1 554552 1 15 15 15 12.5 4 4 2 5
0 0 0 1 1 1 1 6 4 1 4 2 7 -1 -1 -1 -1 -1 -1 555352 0 15 15 15 12.5 4 4 2 5
0 0 0 1 1 1 1 8 4 1 4 2 7 7 4 8 3 0 1 556152 0 15 15 15 12.5 4 5 2 5
0 0 0 1 1 1 6 1 4 1 4 2 6 -1 -1 -1 -1 -1 -1 556952 0 15 15 15 12.5 4 5 2 5
0 0 0 1 1 1 4 6 4 1 4 2 7 -1 -1 -1 -1 -1 -1 557818 1 15 15 15 10 4 5 2 5
0 0 0 1 1 1 1 6 4 1 4 2 7 -1 -1 -1 -1 -1 -1 558618 0 15 15 15 12.5 4 5 2 5
0 0 0 1 1 1 1 7 4 1 4 2 7 7 4 8 3 1 1 559418 0 15 15 15 12.3333 4 8 0 5
0 0 0 1 1 1 6 1 4 1 4 2 6 -1 -1 -1 -1 -1 -1 560384 0 15 15 15 10 4 8 0 5
0 0 0 1 4 1 6 1 4 1 4 2 6 -1 -1 -1 -1 -1 -1 561384 1 15 15 15 10 4 8 0 5
0 0 0 1 1 1 6 1 4 1 4 2 6 -1 -1 -1 -1 -1 -1 562217 0 15 15 15 12.5 4 8 0 5
0 0 0 1 1 1 6 3 4 1 4 2 6 7 4 5 0 0 0 563017 0 15 15 15 12.5 4 6 2 5
0 0 0 1 1 1 1 6 4 1 4 2 7 -1 -1 -1 -1 -1 -1 563917 0 15 15 15 10 4 6 2 5
0 0 0 1 1 4 1 6 4 1 4 2 7 -1 -1 -1 -1 -1 -1 564917 1 15 15 15 12.5 4 6 2 5
0 0 0 1 1 1 1 6 4 1 4 2 7 -1 -1 -1 -1 -1 -1 565716 0 15 15 15 12.5 4 6 2 5
0 0 0 1 1 1 3 6 4 1 4 2 7 6 4 8 3 0 0 566516 0 15 15 15 11.8333 4 6 2 5
0 0 0 1 1 1 1 6 4 1 4 2 7 -1 -1 -1 -1 -1 -1 567483 0 15 15 15 10 4 6 2 5
0 0 0 1 1 4 1 6 4 1 4 2 7 -1 -1 -1 -1 -1 -1 568482 1 15 15 15 10 4 6 2 5
0 0 0 1 1 6 1 1 4 1 4 2 5 -1 -1 -1 -1 -1 -1 569482 0 15 15 15 10 4 6 2 5
0 0 0 1 8 1 1 1 4 1 4 2 4 4 4 5 0 0 1 570382 0 15 15 15 12.5 4 5 2 5
0 0 0 1 6 1 1 1 4 1 4 2 4 -1 -1 -1 -1 -1 -1 571182 0 15 15 15 12.5 4 5 2 5
0 0 0 6 1 1 1 4 4 1 4 2 3 -1 -1 -1 -1 -1 -1 572015 1 15 15 15 12.5 4 5 2 5
0 0 0 6 1 1 1 1 4 1 4 2 3 -1 -1 -1 -1 -1 -1 572815 0 15 15 15 12.5 4 5 2 5
0 0 0 8 1 1 1 1 4 1 4 2 3 3 4 7 2 0 1 573614 0 15 15 15 10.8333 4 4 2 5
0 0 0 6 1 1 1 1 4 1 4 2 3 -1 -1 -1 -1 -1 -1 574614 0 15 15 15 10 4 4 2 5
0 0 0 6 1 1 4 1 4 1 4 2 3 -1 -1 -1 -1 -1 -1 575481 1 15 15 15 12.5 4 4 2 5
0 0 0 1 6 1 1 1 4 1 4 2 4 -1 -1 -1 -1 -1 -1 576280 0 15 15 15 12.5 4 4 2 5
0 0 0 7 1 1 1 1 4 1 4 2 3 3 4 5 0 1 1 577180 0 15 15 15 10 4 4 2 5
0 0 0 6 1 1 1 1 4 1 4 2 3 -1 -1 -1 -1 -1 -1 578080 0 15 15 15 12.5 4 4 2 5
0 0 0 6 1 4 1 1 4 1 4 2 3 -1 -1 -1 -1 -1 -1 578880 1 15 15 15 12.5 4 4 2 5
0 0 0 6 1 1 1 1 4 1 4 2 3 -1 -1 -1 -1 -1 -1 579713 0 15 15 15 10 4 4 2 5
0 0 0 6 1 3 1 1 4 1 4 2 3 5 4 6 1 0 0 580546 0 15 15 15 12.5 4 4 2 5
0 0 0 6 1 1 1 1 4 1 4 2 3 -1 -1 -1 -1 -1 -1 581346 0 15 15 15 12.5 4 4 2 5
0 0 0 6 4 1 1 1 4 1 4 2 3 -1 -1 -1 -1 -1 -1 582246 1 15 15 15 12.5 4 4 2 5
0 0 0 6 1 1 1 1 4 1 4 2 3 -1 -1 -1 -1 -1 -1 583045 0 15 15 15 12.5 4 4 2 5
0 0 0 6 3 1 1 1 4 1 4 2 3 4 4 8 3 0 0 583845 0 15 15 15 11.1667 4 5 2 5
0 0 0 6 1 1 1 1 4 1 4 2 3 -1 -1 -1 -1 -1 -1 584678 0 15 15 15 12.5 4 5 2 5
0 0 0 6 4 1 1 1 4 1 4 2 3 -1 -1 -1 -1 -1 -1 585478 1 15 15 15 12.5 4 5 2 5
0 0 0 6 1 1 1 1 4 1 4 2 3 -1 -1 -1 -1 -1 -1 586411 0 15 15 15 10 4 5 2 5
0 0 0 6 1 3 1 1 4 1 4 2 3 5 4 6 1 0 0 587411 0 15 15 15 10 4 8 0 5
0 0 0 1 6 1 1 1 4 1 4 2 4 -1 -1 -1 -1 -1 -1 588211 0 15 15 15 12.5 4 8 0 5
0 0 0 1 1 1 6 4 4 1 4 2 6 -1 -1 -1 -1 -1 -1 589011 1 15 15 15 12.5 4 8 0 5
0 0 0 1 1 1 6 1 4 1 4 2 6 -1 -1 -1 -1 -1 -1 589810 0 15 15 15 12.5 4 8 0 5
0 0 0 1 1 3 6 1 4 1 4 2 6 5 4 8 3 0 0 590610 0 15 15 15 12.5 4 6 2 5
0 0 0 1 1 1 6 1 4 1 4 2 6 -1 -1 -1 -1 -1 -1 591543 0 15 15 15 10 4 6 2 5
0 0 0 1 1 6 1 4 4 1 4 2 5 -1 -1 -1 -1 -1 -1 592343 1 15 15 15 12.5 4 6 2 5
0 0 0 1 1 6 1 1 4 1 4 2 5 -1 -1 -1 -1 -1 -1 593176 0 15 15 15 12 4 6 2 5
0 0 0 1 1 8 2 1 4 1 4 2 5 6 4 6 1 1 0 594076 0 15 15 15 12.5 4 6 2 5
0 0 0 1 1 6 1 1 4 1 4 2 5 -1 -1 -1 -1 -1 -1 594876 0 15 15 15 12.5 4 6 2 5
0 0 0 4 1 6 1 1 4 1 4 2 5 -1 -1 -1 -1 -1 -1 595676 1 15 15 15 12.5 4 6 2 5
0 0 0 1 1 1 6 1 4 1 4 2 6 -1 -1 -1 -1 -1 -1 596475 0 15 15 15 12.5 4 6 2 5
0 0 0 1 2 1 8 1 4 1 4 2 6 4 4 8 3 1 0 597275 0 15 15 15 11 4 5 2 5
0 0 0 1 1 1 1 6 4 1 4 2 7 -1 -1 -1 -1 -1 -1 598275 0 15 15 15 10 4 5 2 5
0 0 0 1 1 4 1 6 4 1 4 2 7 -1 -1 -1 -1 -1 -1 599141 1 15 15 15 12.5 4 5 2 5
0 0 0 1 1 1 1 6 4 1 4 2 7 -1 -1 -1 -1 -1 -1 599941 0 15 15 15 12.5 4 5 2 5
0 0 0 3 1 1 1 6 4 1 4 2 7 3 4 5 0 0 0 600741 0 15 15 15 12.5 4 4 2 5
0 0 0 1 1 6 1 1 5 1 4 2 5 -1 -1 -1 -1 -1 -1 610539 0 15 15 15 60 4 8 0 5
0 0 0 1 1 6 1 1 5 1 4 2 5 -1 -1 -1 -1 -1 -1 610705 0 15 15 15 60 4 8 0 5
0 0 0 1 1 6 1 1 5 1 4 2 5 -1 -1 -1 -1 -1 -1 610872 0 15 15 15 60 4 6 2 5
0 0 0 1 1 6 1 1 5 1 4 2 5 -1 -1 -1 -1 -1 -1 611039 0 15 15 15 50 4 6 2 5
0 0 0 1 1 6 1 1 5 1 4 2 5 -1 -1 -1 -1 -1 -1 611339 0 15 15 15 20 4 6 2 5
0 0 0 1 1 6 1 1 5 1 4 2 5 -1 -1 -1 -1 -1 -1 612272 0 15 15 15 10 4 6 2 5
0 0 0 1 1 6 1 1 5 1 4 2 5 -1 -1 -1 -1 -1 -1 613271 0 15 15 15 10 4 5 2 5
0 0 0 1 1 6 1 1 5 1 4 2 5 -1 -1 -1 -1 -1 -1 614138 0 15 15 15 12.5 4 5 2 5
0 0 0 1 1 6 1 1 5 1 4 2 5 -1 -1 -1 -1 -1 -1 614938 0 15 15 15 12.5 4 5 2 5
0 0 0 1 1 6 1 1 5 1 4 2 5 -1 -1 -1 -1 -1 -1 615771 0 15 15 15 12.5 4 5 2 5
0 0 0 1 3 6 1 1 5 1 4 2 5 4 4 8 3 0 0 616571 0 15 15 15 12.5 4 5 2 5
0 0 0 1 1 1 6 1 5 1 4 2 6 -1 -1 -1 -1 -1 -1 617404 0 15 15 15 10 4 5 2 5
0 0 0 1 1 4 6 1 5 1 4 2 6 -1 -1 -1 -1 -1 -1 618270 1 15 15 15 12.5 4 5 2 5
0 0 0 1 1 1 6 1 5 1 4 2 6 -1 -1 -1 -1 -1 -1 619070 0 15 15 15 12.5 4 5 2 5
0 0 0 3 1 1 6 1 5 1 4 2 6 3 4 7 2 0 0 619903 0 15 15 15 12.5 4 4 2 5
0 0 0 1 1 1 6 1 5 1 4 2 6 -1 -1 -1 -1 -1 -1 620703 0 15 15 15 12.5 4 4 2 5
0 0 0 1 1 4 6 1 5 1 4 2 6 -1 -1 -1 -1 -1 -1 621503 1 15 15 15 12.5 4 4 2 5
0 0 0 1 1 1 6 1 5 1 4 2 6 -1 -1 -1 -1 -1 -1 622303 0 15 15 15 12.5 4 4 2 5
0 0 0 3 1 1 6 1 5 1 4 2 6 3 4 8 3 0 0 623136 0 15 15 15 10 4 5 2 5
0 0 0 1 1 1 6 1 5 1 4 2 6 -1 -1 -1 -1 -1 -1 624002 0 15 15 15 12.5 4 5 2 5
0 0 0 1 1 4 6 1 5 1 4 2 6 -1 -1 -1 -1 -1 -1 624802 1 15 15 15 12.5 4 5 2 5
0 0 0 1 1 1 6 1 5 1 4 2 6 -1 -1 -1 -1 -1 -1 625602 0 15 15 15 12.5 4 5 2 5
0 0 0 1 1 3 6 1 5 1 4 2 6 5 4 5 0 0 0 626402 0 15 15 15 12.5 4 5 2 5
0 0 0 1 1 1 6 1 5 1 4 2 6 -1 -1 -1 -1 -1 -1 627235 0 15 15 15 12.5 4 5 2 5
0 0 0 4 1 6 1 1 5 1 4 2 5 -1 -1 -1 -1 -1 -1 628034 1 15 15 15 12.5 4 5 2 5
0 0 0 1 1 6 1 1 5 1 4 2 5 -1 -1 -1 -1 -1 -1 628834 0 15 15 15 12.5 4 5 2 5
0 0 0 1 1 6 3 1 5 1 4 2 5 6 4 5 0 0 0 629634 0 15 15 15 12.5 4 5 2 5
0 0 0 1 1 6 1 1 5 1 4 2 5 -1 -1 -1 -1 -1 -1 630434 0 15 15 15 12.5 4 5 2 5
0 0 0 1 1 6 4 1 5 1 4 2 5 -1 -1 -1 -1 -1 -1 631234 1 15 15 15 12.5 4 5 2 5
0 0 0 1 1 1 6 1 5 1 4 2 6 -1 -1 -1 -1 -1 -1 632067 0 15 15 15 10.6667 4 5 2 5
0 0 0 1 1 1 7 1 5 1 4 2 6 6 4 7 2 1 1 632900 0 15 15 15 12.5 4 8 0 5
0 0 0 1 1 6 1 1 5 1 4 2 5 -1 -1 -1 -1 -1 -1 633700 0 15 15 15 12.5 4 8 0 5
0 0 0 1 4 6 1 1 5 1 4 2 5 -1 -1 -1 -1 -1 -1 634533 1 15 15 15 12.5 4 8 0 5
0 0 0 1 1 6 1 1 5 1 4 2 5 -1 -1 -1 -1 -1 -1 635333 0 15 15 15 12.5 4 8 0 5
0 0 0 1 1 6 3 1 5 1 4 2 5 6 4 5 0 0 0 636166 0 15 15 15 10 4 6 2 5
0 0 0 1 1 1 6 1 5 1 4 2 6 -1 -1 -1 -1 -1 -1 637166 0 15 15 15 10 4 6 2 5
0 0 0 1 1 4 6 1 5 1 4 2 6 -1 -1 -1 -1 -1 -1 638032 1 15 15 15 12.5 4 6 2 5
0 0 0 1 1 6 1 1 5 1 4 2 5 -1 -1 -1 -1 -1 -1 638832 0 15 15 15 12.5 4 6 2 5
0 0 0 1 1 6 3 1 5 1 4 2 5 6 4 6 1 0 0 639665 0 15 15 15 12.5 4 5 2 5
0 0 0 1 1 6 1 1 5 1 4 2 5 -1 -1 -1 -1 -1 -1 640465 0 15 15 15 12.5 4 5 2 5
0 0 0 1 1 6 1 4 5 1 4 2 5 -1 -1 -1 -1 -1 -1 641298 1 15 15 15 10.5 4 5 2 5
0 0 0 1 1 6 1 1 5 1 4 2 5 -1 -1 -1 -1 -1 -1 642298 0 15 15 15 10 4 5 2 5
0 0 0 1 1 6 3 1 5 1 4 2 5 6 4 7 2 0 0 643131 0 15 15 15 12.5 4 5 2 5
0 0 0 1 1 6 1 1 5 1 4 2 5 -1 -1 -1 -1 -1 -1 643931 0 15 15 15 12.5 4 5 2 5
0 0 0 1 4 6 1 1 5 1 4 2 5 -1 -1 -1 -1 -1 -1 644864 1 15 15 15 10 4 5 2 5
0 0 0 1 1 6 1 1 5 1 4 2 5 -1 -1 -1 -1 -1 -1 645730 0 15 15 15 12.5 4 5 2 5
0 0 0 1 1 1 6 3 5 1 4 2 6 7 4 6 1 0 0 646530 0 15 15 15 12.5 4 4 2 5
0 0 0 1 1 1 6 1 5 1 4 2 6 -1 -1 -1 -1 -1 -1 647330 0 15 15 15 12.5 4 4 2 5
0 0 0 1 1 4 6 1 5 1 4 2 6 -1 -1 -1 -1 -1 -1 648130 1 15 15 15 12.5 4 4 2 5
0 0 0 1 1 6 1 1 5 1 4 2 5 -1 -1 -1 -1 -1 -1 648996 0 15 15 15 10.1667 4 4 2 5
0 0 0 1 1 6 1 3 5 1 4 2 5 7 4 8 3 0 0 649896 0 15 15 15 12.5 4 5 2 5
0 0 0 1 1 1 6 1 5 1 4 2 6 -1 -1 -1 -1 -1 -1 650696 0 15 15 15 12.5 4 5 2 5
0 0 0 1 1 1 6 4 5 1 4 2 6 -1 -1 -1 -1 -1 -1 651495 1 15 15 15 12.5 4 5 2 5
0 0 0 1 1 1 6 1 5 1 4 2 6 -1 -1 -1 -1 -1 -1 652295 0 15 15 15 12.5 4 5 2 5
0 0 0 1 1 1 7 1 5 1 4 2 6 6 4 6 1 1 1 653128 0 15 15 15 10.1667 4 5 2 5
0 0 0 1 1 6 1 1 5 1 4 2 5 -1 -1 -1 -1 -1 -1 654128 0 15 15 15 10 4 5 2 5
0 0 0 4 1 6 1 1 5 1 4 2 5 -1 -1 -1 -1 -1 -1 654995 1 15 15 15 12.5 4 5 2 5
0 0 0 1 1 6 1 1 5 1 4 2 5 -1 -1 -1 -1 -1 -1 655794 0 15 15 15 12.5 4 5 2 5
0 0 0 1 1 6 3 1 5 1 4 2 5 6 4 6 1 0 0 656694 0 15 15 15 10 4 5 2 5
0 0 0 1 1 6 1 1 5 1 4 2 5 -1 -1 -1 -1 -1 -1 657527 0 15 15 15 12.5 4 5 2 5
0 0 0 4 1 6 1 1 5 1 4 2 5 -1 -1 -1 -1 -1 -1 658327 1 15 15 15 12.5 4 5 2 5
0 0 0 1 1 6 1 1 5 1 4 2 5 -1 -1 -1 -1 -1 -1 659127 0 15 15 15 12.5 4 5 2 5
0 0 0 1 1 7 1 1 5 1 4 2 5 5 4 6 1 1 1 659927 0 15 15 15 12.5 4 8 0 5
0 0 0 1 1 1 6 1 5 1 4 2 6 -1 -1 -1 -1 -1 -1 660860 0 15 15 15 10 4 8 0 5
0 0 0 1 1 4 6 1 5 1 4 2 6 -1 -1 -1 -1 -1 -1 661660 1 15 15 15 12.5 4 8 0 5
0 0 0 1 1 1 6 1 5 1 4 2 6 -1 -1 -1 -1 -1 -1 662459 0 15 15 15 12.3333 4 8 0 5
0 0 0 1 1 1 6 3 5 1 4 2 6 7 4 7 2 0 0 663426 0 15 15 15 10 4 6 2 5
0 0 0 1 1 6 1 1 5 1 4 2 5 -1 -1 -1 -1 -1 -1 664359 0 15 15 15 12.5 4 6 2 5
0 0 0 1 1 6 4 1 5 1 4 2 5 -1 -1 -1 -1 -1 -1 665159 1 15 15 15 12.5 4 6 2 5
0 0 0 1 1 1 6 1 5 1 4 2 6 -1 -1 -1 -1 -1 -1 665992 0 15 15 15 10.6667 4 6 2 5
0 0 0 1 1 3 6 1 5 1 4 2 6 5 4 5 0 0 0 666958 0 15 15 15 10 4 5 2 5
0 0 0 1 1 1 6 1 5 1 4 2 6 -1 -1 -1 -1 -1 -1 667958 0 15 15 15 10 4 5 2 5
0 0 0 1 1 1 6 4 5 1 4 2 6 -1 -1 -1 -1 -1 -1 668958 1 15 15 15 10 4 5 2 5
0 0 0 1 1 1 6 1 5 1 4 2 6 -1 -1 -1 -1 -1 -1 669824 0 15 15 15 12.5 4 5 2 5
0 0 0 1 1 2 8 1 5 1 4 2 6 5 4 6 1 1 0 670624 0 15 15 15 12.5 4 5 2 5
0 0 0 1 1 1 6 1 5 1 4 2 6 -1 -1 -1 -1 -1 -1 671524 0 15 15 15 10 4 5 2 5
0 0 0 1 1 6 1 4 5 1 4 2 5 -1 -1 -1 -1 -1 -1 672524 1 15 15 15 10 4 5 2 5
0 0 0 1 1 1 6 1 5 1 4 2 6 -1 -1 -1 -1 -1 -1 673523 0 15 15 15 10 4 5 2 5
0 0 0 1 1 3 6 1 5 1 4 2 6 5 4 5 0 0 0 674323 0 15 15 15 12.5 4 4 2 5
0 0 0 1 1 1 6 1 5 1 4 2 6 -1 -1 -1 -1 -1 -1 675123 0 15 15 15 12.3333 4 4 2 5
0 0 0 1 1 6 1 4 5 1 4 2 5 -1 -1 -1 -1 -1 -1 676089 1 15 15 15 10 4 4 2 5
0 0 0 1 1 1 6 1 5 1 4 2 6 -1 -1 -1 -1 -1 -1 676989 0 15 15 15 12.5 4 4 2 5
0 0 0 1 1 3 6 1 5 1 4 2 6 5 4 8 3 0 0 677789 0 15 15 15 12.5 4 5 2 5
0 0 0 1 1 1 6 1 5 1 4 2 6 -1 -1 -1 -1 -1 -1 678655 0 15 15 15 10 4 5 2 5
0 0 0 1 4 1 6 1 5 1 4 2 6 -1 -1 -1 -1 -1 -1 679489 1 15 15 15 12.5 4 5 2 5
0 0 0 1 6 1 1 1 5 1 4 2 4 -1 -1 -1 -1 -1 -1 680288 0 15 15 15 12.5 4 5 2 5
0 0 0 7 1 1 1 1 5 1 4 2 3 3 4 5 0 1 1 681155 0 15 15 15 12.5 4 5 2 5
0 0 0 1 6 1 1 1 5 1 4 2 4 -1 -1 -1 -1 -1 -1 681955 0 15 15 15 12.5 4 5 2 5
0 0 0 6 1 1 4 1 5 1 4 2 3 -1 -1 -1 -1 -1 -1 682754 1 15 15 15 12.5 4 5 2 5
0 0 0 6 1 1 1 1 5 1 4 2 3 -1 -1 -1 -1 -1 -1 683554 0 15 15 15 12.5 4 5 2 5
0 0 0 7 1 1 1 1 5 1 4 2 3 3 4 6 1 1 1 684354 0 15 15 15 11.6667 4 5 2 5
0 0 0 1 6 1 1 1 5 1 4 2 4 -1 -1 -1 -1 -1 -1 685320 0 15 15 15 10 4 5 2 5
0 0 0 6 1 4 1 1 5 1 4 2 3 -1 -1 -1 -1 -1 -1 686320 1 15 15 15 10 4 5 2 5
0 0 0 1 6 1 1 1 5 1 4 2 4 -1 -1 -1 -1 -1 -1 687320 0 15 15 15 10 4 5 2 5
0 0 0 3 6 1 1 1 5 1 4 2 4 3 4 7 2 0 0 688186 0 15 15 15 12.5 4 8 0 5
0 0 0 1 6 1 1 1 5 1 4 2 4 -1 -1 -1 -1 -1 -1 688986 0 15 15 15 12.5 4 8 0 5
0 0 0 6 1 4 1 1 5 1 4 2 3 -1 -1 -1 -1 -1 -1 689886 1 15 15 15 10 4 8 0 5
0 0 0 6 1 1 1 1 5 1 4 2 3 -1 -1 -1 -1 -1 -1 690786 0 15 15 15 12.5 4 8 0 5
0 0 0 6 3 1 1 1 5 1 4 2 3 4 4 6 1 0 0 691586 0 15 15 15 12.5 4 6 2 5
0 0 0 1 1 6 1 1 5 1 4 2 5 -1 -1 -1 -1 -1 -1 692452 0 15 15 15 10 4 6 2 5
0 0 0 1 4 6 1 1 5 1 4 2 5 -1 -1 -1 -1 -1 -1 693319 1 15 15 15 12.5 4 6 2 5
0 0 0 1 1 6 1 1 5 1 4 2 5 -1 -1 -1 -1 -1 -1 694118 0 15 15 15 12.5 4 6 2 5
0 0 0 1 3 6 1 1 5 1 4 2 5 4 4 7 2 0 0 695018 0 15 15 15 10 4 5 2 5
0 0 0 1 1 6 1 1 5 1 4 2 5 -1 -1 -1 -1 -1 -1 695851 0 15 15 15 12.5 4 5 2 5
0 0 0 1 1 6 4 1 5 1 4 2 5 -1 -1 -1 -1 -1 -1 696651 1 15 15 15 12.5 4 5 2 5
0 0 0 1 1 6 1 1 5 1 4 2 5 -1 -1 -1 -1 -1 -1 697551 0 15 15 15 10 4 5 2 5
0 0 0 1 3 6 1 1 5 1 4 2 5 4 4 5 0 0 0 698384 0 15 15 15 12.5 4 5 2 5
0 0 0 1 1 6 1 1 5 1 4 2 5 -1 -1 -1 -1 -1 -1 699184 0 15 15 15 12.5 4 5 2 5
0 0 0 1 1 6 4 1 5 1 4 2 5 -1 -1 -1 -1 -1 -1 700117 1 15 15 15 10 4 5 2 5
0 0 0 1 1 6 1 1 5 1 4 2 5 -1 -1 -1 -1 -1 -1 700983 0 15 15 15 12.5 4 5 2 5
0 0 0 2 1 8 1 1 5 1 4 2 5 3 4 7 2 1 0 701783 0 15 15 15 12.5 4 4 2 5
0 0 0 1 1 6 1 1 5 1 4 2 5 -1 -1 -1 -1 -1 -1 702650 0 15 15 15 12.5 4 4 2 5
0 0 0 4 1 6 1 1 5 1 4 2 5 -1 -1 -1 -1 -1 -1 703449 1 15 15 15 12.5 4 4 2 5
0 0 0 1 1 6 1 1 5 1 4 2 5 -1 -1 -1 -1 -1 -1 704249 0 15 15 15 11.6667 4 4 2 5
0 0 0 3 6 1 1 1 5 1 4 2 4 3 4 7 2 0 0 705182 0 15 15 15 12.5 4 5 2 5
0 0 0 1 6 1 1 1 5 1 4 2 4 -1 -1 -1 -1 -1 -1 705982 0 15 15 15 12.5 4 5 2 5
0 0 0 1 6 4 1 1 5 1 4 2 4 -1 -1 -1 -1 -1 -1 706782 1 15 15 15 10.6667 4 5 2 5
0 0 0 1 6 1 1 1 5 1 4 2 4 -1 -1 -1 -1 -1 -1 707715 0 15 15 15 12.5 4 5 2 5
0 0 0 1 7 1 1 1 5 1 4 2 4 4 4 7 2 1 1 708515 0 15 15 15 12.5 4 5 2 5
0 0 0 1 6 1 1 1 5 1 4 2 4 -1 -1 -1 -1 -1 -1 709348 0 15 15 15 12.5 4 5 2 5
0 0 0 1 6 1 4 1 5 1 4 2 4 -1 -1 -1 -1 -1 -1 710148 1 15 15 15 12.5 4 5 2 5
0 0 0 1 1 6 1 1 5 1 4 2 5 -1 -1 -1 -1 -1 -1 710948 0 15 15 15 11.8333 4 5 2 5
0 0 0 1 1 6 3 1 5 1 4 2 5 6 4 8 3 0 0 711881 0 15 15 15 12.5 4 5 2 5
0 0 0 1 1 6 1 1 5 1 4 2 5 -1 -1 -1 -1 -1 -1 712680 0 15 15 15 12.5 4 5 2 5
0 0 0 1 1 1 6 4 5 1 4 2 6 -1 -1 -1 -1 -1 -1 713480 1 15 15 15 12.5 4 5 2 5
0 0 0 1 1 1 6 1 5 1 4 2 6 -1 -1 -1 -1 -1 -1 714280 0 15 15 15 12.5 4 5 2 5
0 0 0 1 1 3 6 1 5 1 4 2 6 5 4 6 1 0 0 715080 0 15 15 15 12 4 8 0 5
0 0 0 1 1 6 1 1 5 1 4 2 5 -1 -1 -1 -1 -1 -1 716046 0 15 15 15 10 4 8 0 5
0 0 0 1 4 6 1 1 5 1 4 2 5 -1 -1 -1 -1 -1 -1 716946 1 15 15 15 12.5 4 8 0 5
0 0 0 1 1 6 1 1 5 1 4 2 5 -1 -1 -1 -1 -1 -1 717746 0 15 15 15 12.5 4 8 0 5
0 0 0 1 1 6 1 3 5 1 4 2 5 7 4 8 3 0 0 718612 0 15 15 15 10 4 6 2 5
0 0 0 1 1 6 1 1 5 1 4 2 5 -1 -1 -1 -1 -1 -1 719512 0 15 15 15 12.5 4 6 2 5
0 0 0 1 1 6 4 1 5 1 4 2 5 -1 -1 -1 -1 -1 -1 720312 1 15 15 15 12.5 4 6 2 5
0 0 0 1 1 6 1 1 5 1 4 2 5 -1 -1 -1 -1 -1 -1 721178 0 15 15 15 10 4 6 2 5
0 0 0 1 1 6 3 1 5 1 4 2 5 6 4 6 1 0 0 722011 0 15 15 15 12.5 4 5 2 5
0 0 0 1 1 6 1 1 5 1 4 2 5 -1 -1 -1 -1 -1 -1 722811 0 15 15 15 12.5 4 5 2 5
0 0 0 4 1 6 1 1 5 1 4 2 5 -1 -1 -1 -1 -1 -1 723611 1 15 15 15 12.5 4 5 2 5
0 0 0 1 1 1 6 1 5 1 4 2 6 -1 -1 -1 -1 -1 -1 724411 0 15 15 15 12.3333 4 5 2 5
0 0 0 1 1 8 1 1 5 1 4 2 5 5 4 7 2 0 1 725344 0 15 15 15 10 4 5 2 5
0 0 0 1 6 1 1 1 5 1 4 2 4 -1 -1 -1 -1 -1 -1 726177 0 15 15 15 12.5 4 5 2 5
0 0 0 6 1 1 1 4 5 1 4 2 3 -1 -1 -1 -1 -1 -1 726977 1 15 15 15 12.5 4 5 2 5
0 0 0 6 1 1 1 1 5 1 4 2 3 -1 -1 -1 -1 -1 -1 727777 0 15 15 15 12.5 4 5 2 5
0 0 0 7 1 1 1 1 5 1 4 2 3 3 4 6 1 1 1 728577 0 15 15 15 12.5 4 4 2 5
0 0 0 6 1 1 1 1 5 1 4 2 3 -1 -1 -1 -1 -1 -1 729476 0 15 15 15 10 4 4 2 5
0 0 0 6 4 1 1 1 5 1 4 2 3 -1 -1 -1 -1 -1 -1 730276 1 15 15 15 12.5 4 4 2 5
0 0 0 0 1 6 1 0 6 2 4 3 5 -1 -1 -1 -1 -1 -1 737241 0 15 15 15 60 4 8 0 3
0 0 0 0 1 6 1 0 6 2 4 3 5 -1 -1 -1 -1 -1 -1 737408 0 15 15 15 60 4 8 0 3
0 0 0 0 1 6 1 0 6 2 4 3 5 -1 -1 -1 -1 -1 -1 737574 0 15 15 15 60 4 5 2 3
0 0 0 0 1 6 1 0 6 2 4 3 5 -1 -1 -1 -1 -1 -1 737741 0 15 15 15 50 4 5 2 3
0 0 0 0 1 6 1 0 6 2 4 3 5 -1 -1 -1 -1 -1 -1 738041 0 15 15 15 20 4 5 2 3
0 0 0 0 1 1 6 0 6 2 4 3 6 -1 -1 -1 -1 -1 -1 738974 0 15 15 15 10 4 5 2 3
0 0 0 0 1 6 1 0 6 2 4 3 5 -1 -1 -1 -1 -1 -1 739907 0 15 15 15 12.5 4 5 2 3
0 0 0 0 1 6 1 0 6 2 4 3 5 -1 -1 -1 -1 -1 -1 740707 0 15 15 15 12.5 4 5 2 3
0 0 0 0 1 6 1 0 6 2 4 3 5 -1 -1 -1 -1 -1 -1 741540 0 15 15 15 10.1667 4 5 2 3
0 0 0 0 1 6 1 0 6 2 4 3 5 -1 -1 -1 -1 -1 -1 742373 0 15 15 15 12.5 4 5 2 3
0 0 0 0 1 6 3 0 6 2 4 3 5 6 5 4 1 0 0 743173 0 15 15 15 12.5 4 6 2 3
0 0 0 0 1 1 6 0 6 2 4 3 6 -1 -1 -1 -1 -1 -1 744106 0 15 15 15 10 4 6 2 3
0 0 0 0 1 4 6 0 6 2 4 3 6 -1 -1 -1 -1 -1 -1 744939 1 15 15 15 12.5 4 6 2 3
0 0 0 0 1 6 1 0 6 2 4 3 5 -1 -1 -1 -1 -1 -1 745739 0 15 15 15 12.5 4 6 2 3
0 0 0 0 3 6 1 0 6 2 4 3 5 4 5 4 3 0 0 746572 0 15 15 15 12.5 4 5 2 3
0 0 0 0 1 6 1 0 6 2 4 3 5 -1 -1 -1 -1 -1 -1 747372 0 15 15 15 12.5 4 5 2 3
0 0 0 0 1 6 4 0 6 2 4 3 5 -1 -1 -1 -1 -1 -1 748205 1 15 15 15 12.5 4 5 2 3
0 0 0 0 1 6 1 0 6 2 4 3 5 -1 -1 -1 -1 -1 -1 749005 0 15 15 15 12.5 4 5 2 3
0 0 0 0 3 6 1 0 6 2 4 3 5 4 5 4 1 0 0 749805 0 15 15 15 11.1667 4 5 2 3
0 0 0 0 1 6 1 0 6 2 4 3 5 -1 -1 -1 -1 -1 -1 750671 0 15 15 15 12.5 4 5 2 3
0 0 0 0 1 6 4 0 6 2 4 3 5 -1 -1 -1 -1 -1 -1 751471 1 15 15 15 12.5 4 5 2 3
0 0 0 0 1 6 1 0 6 2 4 3 5 -1 -1 -1 -1 -1 -1 752371 0 15 15 15 10 4 5 2 3
0 0 0 0 3 1 6 0 6 2 4 3 6 4 5 4 2 0 0 753304 0 15 15 15 12.5 4 5 2 3
0 0 0 0 1 1 6 0 6 2 4 3 6 -1 -1 -1 -1 -1 -1 754104 0 15 15 15 12.5 4 5 2 3
0 0 0 0 1 4 6 0 6 2 4 3 6 -1 -1 -1 -1 -1 -1 754903 1 15 15 15 12.5 4 5 2 3
0 0 0 0 1 1 6 0 6 2 4 3 6 -1 -1 -1 -1 -1 -1 755703 0 15 15 15 12.5 4 5 2 3
0 0 0 0 1 1 7 0 6 2 4 3 6 6 5 4 1 1 1 756536 0 15 15 15 12.5 4 6 2 3
0 0 0 0 1 1 6 0 6 2 4 3 6 -1 -1 -1 -1 -1 -1 757336 0 15 15 15 12.5 4 6 2 3
0 0 0 0 1 4 6 0 6 2 4 3 6 -1 -1 -1 -1 -1 -1 758136 1 15 15 15 11.6667 4 6 2 3
0 0 0 0 6 1 1 0 6 2 4 3 4 -1 -1 -1 -1 -1 -1 759102 0 15 15 15 10 4 6 2 3
0 0 0 0 7 1 1 0 6 2 4 3 4 4 5 4 3 1 1 760036 0 15 15 15 12.5 4 8 0 3
0 0 0 0 1 6 1 0 6 2 4 3 5 -1 -1 -1 -1 -1 -1 760835 0 15 15 15 12.5 4 8 0 3
0 0 0 0 4 6 1 0 6 2 4 3 5 -1 -1 -1 -1 -1 -1 761668 1 15 15 15 10.1667 4 8 0 3
0 0 0 0 1 6 1 0 6 2 4 3 5 -1 -1 -1 -1 -1 -1 762602 0 15 15 15 12.5 4 8 0 3
0 0 0 0 3 6 1 0 6 2 4 3 5 4 5 4 2 0 0 763401 0 15 15 15 12.5 4 5 2 3
0 0 0 0 1 6 1 0 6 2 4 3 5 -1 -1 -1 -1 -1 -1 764201 0 15 15 15 12.5 4 5 2 3
0 0 0 0 1 6 4 0 6 2 4 3 5 -1 -1 -1 -1 -1 -1 765001 1 15 15 15 12.5 4 5 2 3
0 0 0 0 1 6 1 0 6 2 4 3 5 -1 -1 -1 -1 -1 -1 765801 0 15 15 15 11.6667 4 5 2 3
0 0 0 0 1 7 1 0 6 2 4 3 5 5 5 4 2 1 1 766801 0 15 15 15 10 4 5 2 3
0 0 0 1 1 6 1 1 7 6 3 2 5 -1 -1 -1 -1 -1 -1 772599 0 15 40 15 60 4 8 0 5
0 0 0 1 1 6 1 1 7 6 3 2 5 -1 -1 -1 -1 -1 -1 772766 0 15 40 15 60 4 8 0 5
0 0 0 1 1 6 1 1 7 6 3 2 5 -1 -1 -1 -1 -1 -1 772932 0 15 40 15 60 4 6 2 5
0 0 0 1 1 1 6 1 7 6 3 2 6 -1 -1 -1 -1 -1 -1 773099 0 15 40 15 50 4 6 2 5
0 0 0 1 1 6 1 1 7 6 3 2 5 -1 -1 -1 -1 -1 -1 773399 0 15 40 15 20 4 6 2 5
0 0 0 1 1 1 6 1 7 6 3 2 6 -1 -1 -1 -1 -1 -1 774332 0 15 40 15 10 4 6 2 5
0 0 0 1 1 6 1 1 7 6 3 2 5 -1 -1 -1 -1 -1 -1 775332 0 15 40 15 10 4 4 2 5
0 0 0 1 6 1 1 1 7 6 3 2 4 -1 -1 -1 -1 -1 -1 776198 0 15 40 15 12.5 4 4 2 5
0 0 0 1 6 1 1 1 7 6 3 2 4 -1 -1 -1 -1 -1 -1 776998 0 15 40 15 12.5 4 4 2 5
0 0 0 1 6 1 1 1 7 6 3 2 4 -1 -1 -1 -1 -1 -1 777865 0 15 40 15 12.5 4 4 2 5
0 0 0 1 7 1 1 1 7 6 3 2 4 4 5 4 4 1 1 778664 0 15 40 15 12.5 4 5 2 5
0 0 0 1 1 6 1 1 7 6 3 2 5 -1 -1 -1 -1 -1 -1 779464 0 15 40 15 11.3333 4 5 2 5
0 0 0 1 1 6 4 1 7 6 3 2 5 -1 -1 -1 -1 -1 -1 780364 1 15 40 15 12.5 4 5 2 5
0 0 0 1 1 1 6 1 7 6 3 2 6 -1 -1 -1 -1 -1 -1 781164 0 15 40 15 12.5 4 5 2 5
0 0 0 1 1 1 7 1 7 6 3 2 6 6 5 4 4 1 1 782030 0 15 40 15 10.1667 4 6 2 5
0 0 0 1 1 1 6 1 7 6 3 2 6 -1 -1 -1 -1 -1 -1 782730 0 15 40 16 16.25 4 6 2 5
0 0 0 1 1 4 6 1 7 6 3 2 6 -1 -1 -1 -1 -1 -1 783330 1 15 40 16 16.25 4 6 2 5
0 0 0 1 1 6 1 1 7 6 3 2 5 -1 -1 -1 -1 -1 -1 783963 0 15 40 16 15.3833 4 6 2 5
0 0 0 1 1 7 1 1 7 6 3 2 5 5 5 4 4 1 1 784630 0 15 40 16 16.25 4 4 2 5
0 0 0 1 1 6 1 1 7 6 3 2 5 -1 -1 -1 -1 -1 -1 785263 0 15 40 16 16.25 4 4 2 5
0 0 0 1 1 6 1 4 7 6 3 2 5 -1 -1 -1 -1 -1 -1 785863 1 15 40 16 16.25 4 4 2 5
0 0 0 1 1 6 1 1 7 6 3 2 5 -1 -1 -1 -1 -1 -1 786562 0 15 40 16 13 4 4 2 5
0 0 0 1 1 7 1 1 7 6 3 2 5 5 5 4 4 1 1 787196 0 15 40 16 16.25 4 5 2 5
0 0 0 1 1 6 1 1 7 6 3 2 5 -1 -1 -1 -1 -1 -1 787729 0 15 40 17 20 4 5 2 5
0 0 0 1 4 1 6 1 7 6 3 2 6 -1 -1 -1 -1 -1 -1 788229 1 15 40 17 20 4 5 2 5
0 0 0 1 1 1 6 1 7 6 3 2 6 -1 -1 -1 -1 -1 -1 788762 0 15 40 17 20 4 5 2 5
0 0 0 1 1 1 7 1 7 6 3 2 6 6 5 4 4 1 1 789262 0 15 40 17 20 4 6 2 5
0 0 0 1 1 1 6 1 7 6 3 2 6 -1 -1 -1 -1 -1 -1 789762 0 15 40 17 20 4 6 2 5
0 0 0 1 1 4 6 1 7 6 3 2 6 -1 -1 -1 -1 -1 -1 790261 1 15 40 17 19.2 4 6 2 5
0 0 0 1 1 1 6 1 7 6 3 2 6 -1 -1 -1 -1 -1 -1 790761 0 15 40 17 20 4 6 2 5
0 0 0 1 1 7 1 1 7 6 3 2 5 5 5 4 4 1 1 791261 0 15 40 17 20 4 8 0 5
0 0 0 1 1 6 1 1 7 6 3 2 5 -1 -1 -1 -1 -1 -1 791694 0 15 40 18 23.75 4 8 0 5
0 0 0 1 1 6 4 1 7 6 3 2 5 -1 -1 -1 -1 -1 -1 792128 1 15 40 18 22.8 4 8 0 5
0 0 0 1 1 6 1 1 7 6 3 2 5 -1 -1 -1 -1 -1 -1 792594 0 15 40 18 23.75 4 8 0 5
0 0 0 1 1 7 1 1 7 6 3 2 5 5 5 4 4 1 1 793027 0 15 40 18 23.75 4 6 2 5
0 0 0 1 1 6 1 1 7 6 3 2 5 -1 -1 -1 -1 -1 -1 793461 0 15 40 18 23.75 4 6 2 5
0 0 0 1 4 1 6 1 7 6 3 2 6 -1 -1 -1 -1 -1 -1 793861 1 15 40 18 23.75 4 6 2 5
0 0 0 1 1 1 6 1 7 6 3 2 6 -1 -1 -1 -1 -1 -1 794294 0 15 40 18 21.85 4 6 2 5
0 0 0 1 1 1 1 7 7 6 3 2 7 7 5 4 4 1 1 794794 0 15 40 18 19 4 4 2 5
0 0 0 1 1 1 6 1 7 6 3 2 6 -1 -1 -1 -1 -1 -1 795294 0 15 40 19 21 4 4 2 5
0 0 0 1 1 1 6 4 7 6 3 2 6 -1 -1 -1 -1 -1 -1 795727 1 15 40 19 26.25 4 4 2 5
0 0 0 1 1 1 6 1 7 6 3 2 6 -1 -1 -1 -1 -1 -1 796127 0 15 40 19 26.25 4 4 2 5
0 0 0 1 1 1 7 1 7 6 3 2 6 6 5 4 4 1 1 796493 0 15 40 19 26.25 4 5 2 5
0 0 0 1 1 6 1 1 7 6 3 2 5 -1 -1 -1 -1 -1 -1 796860 0 15 40 19 26.25 4 5 2 5
0 0 0 1 1 6 4 1 7 6 3 2 5 -1 -1 -1 -1 -1 -1 797260 1 15 40 19 24.85 4 5 2 5
0 0 0 1 1 6 1 1 7 6 3 2 5 -1 -1 -1 -1 -1 -1 797693 0 15 40 19 21 4 5 2 5
0 0 0 1 1 7 1 1 7 6 3 2 5 5 5 4 4 1 1 798093 0 15 40 19 26.25 4 6 2 5
0 0 0 1 1 6 1 1 7 6 3 2 5 -1 -1 -1 -1 -1 -1 798459 0 15 40 20 27.5 4 6 2 5
0 0 0 1 6 4 1 1 7 6 3 2 4 -1 -1 -1 -1 -1 -1 798826 1 15 40 20 27.5 4 6 2 5
0 0 0 6 1 1 1 1 7 6 3 2 3 -1 -1 -1 -1 -1 -1 799193 0 15 40 20 27.5 4 6 2 5
0 0 0 7 1 1 1 1 7 6 3 2 3 3 5 4 4 1 1 799559 0 15 40 20 24.5667 4 4 2 5
0 0 0 6 1 1 1 1 7 6 3 2 3 -1 -1 -1 -1 -1 -1 799959 0 15 40 20 27.5 4 4 2 5
0 0 0 1 6 1 1 4 7 6 3 2 4 -1 -1 -1 -1 -1 -1 800326 1 15 40 20 27.5 4 4 2 5
0 0 0 1 1 6 1 1 7 6 3 2 5 -1 -1 -1 -1 -1 -1 800692 0 15 40 20 27.5 4 4 2 5
0 0 0 0 1 7 1 0 7 6 3 2 5 5 5 4 4 1 1 801059 0 15 40 20 27.5 4 5 2 3
0 0 0 0 1 6 1 0 7 6 3 2 5 -1 -1 -1 -1 -1 -1 801392 0 15 40 21 28.75 4 5 2 3
0 0 0 0 1 6 4 0 7 6 3 2 5 -1 -1 -1 -1 -1 -1 801759 1 15 40 21 28.75 4 5 2 3
0 0 0 0 6 1 1 0 7 6 3 2 4 -1 -1 -1 -1 -1 -1 802092 0 15 40 21 28.75 4 5 2 3
0 0 0 0 7 1 1 0 7 6 3 2 4 4 5 4 4 1 1 802425 0 15 40 21 28.75 4 6 2 3
0 0 0 0 6 1 1 0 7 6 3 3 4 -1 -1 -1 -1 -1 -1 802792 0 15 40 21 28.75 4 6 2 3
0 0 0 0 6 4 1 0 7 6 3 3 4 -1 -1 -1 -1 -1 -1 803125 1 15 40 21 28.75 4 6 2 3
0 0 0 0 1 6 1 0 7 6 3 3 5 -1 -1 -1 -1 -1 -1 803492 0 15 40 21 28.75 4 6 2 3
0 0 0 0 1 1 7 0 7 6 3 3 6 6 5 4 4 1 1 803825 0 15 40 21 28.75 4 8 0 3
0 0 0 0 1 1 6 0 7 6 3 3 6 -1 -1 -1 -1 -1 -1 804158 0 15 40 22 30 4 8 0 3
0 0 0 0 4 6 1 0 7 6 3 3 5 -1 -1 -1 -1 -1 -1 804491 1 15 40 22 29.6 4 8 0 3
0 0 0 0 1 6 1 0 7 6 3 3 5 -1 -1 -1 -1 -1 -1 804858 0 15 40 22 25.2 4 8 0 3
0 0 0 0 1 7 1 0 7 6 3 3 5 5 5 4 4 1 1 805258 0 15 40 22 30 4 6 2 3
0 0 0 0 1 6 1 0 7 6 3 3 5 -1 -1 -1 -1 -1 -1 805591 0 15 40 22 30 4 6 2 3
0 0 0 0 4 1 6 0 7 6 3 3 6 -1 -1 -1 -1 -1 -1 805924 1 15 40 22 30 4 6 2 3
0 0 0 0 1 1 6 0 7 6 3 3 6 -1 -1 -1 -1 -1 -1 806258 0 15 40 22 30 4 6 2 3
0 0 0 0 1 1 7 0 7 6 3 3 6 6 5 4 4 1 1 806591 0 15 40 22 30 4 4 2 3
0 0 0 0 1 6 1 0 7 6 3 3 5 -1 -1 -1 -1 -1 -1 806924 0 15 40 23 27.0833 4 4 2 3
0 0 0 0 1 6 4 0 7 6 3 3 5 -1 -1 -1 -1 -1 -1 807291 1 15 40 23 31.25 4 4 2 3
0 0 0 0 6 1 1 0 7 6 3 3 4 -1 -1 -1 -1 -1 -1 807591 0 15 40 23 31.25 4 4 2 3
0 0 0 0 7 1 1 0 7 6 3 3 4 4 5 4 4 1 1 807924 0 15 40 23 31.25 4 5 2 3
0 0 0 0 1 6 1 0 7 6 3 3 5 -1 -1 -1 -1 -1 -1 808257 0 15 40 23 31.25 4 5 2 3
0 0 0 0 4 6 1 0 7 6 3 3 5 -1 -1 -1 -1 -1 -1 808557 1 15 40 23 31.25 4 5 2 3
0 0 0 0 1 6 1 0 7 6 3 3 5 -1 -1 -1 -1 -1 -1 808890 0 15 40 23 28.75 4 5 2 3
0 0 0 0 1 7 1 0 7 6 3 3 5 5 5 4 4 1 1 809224 0 15 40 23 31.25 4 6 2 3
0 0 0 0 1 6 1 0 7 6 3 3 5 -1 -1 -1 -1 -1 -1 809557 0 15 40 24 31.875 4 6 2 3
0 0 0 0 6 1 1 0 7 6 3 3 4 -1 -1 -1 -1 -1 -1 809890 0 15 40 23 7.96875 4 6 2 3
0 0 0 0 6 1 1 0 7 6 3 3 4 -1 -1 -1 -1 -1 -1 810856 0 15 40 23 12.5 4 6 2 3
0 0 0 0 7 1 1 0 7 6 3 3 4 4 5 4 4 1 1 811590 0 15 40 23 15.9375 4 4 2 3
0 0 0 0 1 6 1 0 7 6 3 3 5 -1 -1 -1 -1 -1 -1 812156 0 15 40 23 18.0979 4 4 2 3
0 0 0 0 4 6 1 0 7 6 3 3 5 -1 -1 -1 -1 -1 -1 812723 1 15 40 23 21.25 4 4 2 3
0 0 0 0 6 1 1 0 7 6 3 3 4 -1 -1 -1 -1 -1 -1 813156 0 15 40 23 23.2812 4 4 2 3
0 0 0 0 7 1 1 0 7 6 3 3 4 4 5 4 4 1 1 813589 0 15 40 23 25.3125 4 5 2 3
0 0 0 0 6 1 1 0 7 6 3 3 4 -1 -1 -1 -1 -1 -1 813956 0 15 40 24 27.5719 4 5 2 3
0 0 0 0 6 4 1 0 7 6 3 3 4 -1 -1 -1 -1 -1 -1 814322 1 15 40 24 27.37 4 5 2 3
0 0 0 0 6 1 1 0 7 6 3 3 4 -1 -1 -1 -1 -1 -1 814656 0 15 40 24 30.9187 4 5 2 3
0 0 0 0 1 7 1 0 7 6 3 3 5 5 5 4 4 1 1 814955 0 15 40 24 31.875 4 6 2 3
0 0 0 0 1 6 1 0 7 6 3 3 5 -1 -1 -1 -1 -1 -1 815289 0 15 40 24 31.875 4 6 2 3
0 0 0 0 1 6 4 0 7 6 3 3 5 -1 -1 -1 -1 -1 -1 815589 1 15 40 24 31.875 4 6 2 3
0 0 0 0 1 6 1 0 7 6 3 3 5 -1 -1 -1 -1 -1 -1 815922 0 15 40 24 31.875 4 6 2 3
0 0 0 0 1 7 1 0 7 6 3 3 5 5 5 4 4 1 1 816222 0 15 40 24 31.875 4 8 0 3
0 0 0 1 1 6 1 1 8 1 4 2 5 -1 -1 -1 -1 -1 -1 822087 0 15 15 15 60 4 8 0 5
0 0 0 1 1 6 1 1 8 1 4 2 5 -1 -1 -1 -1 -1 -1 822254 0 15 15 15 60 4 8 0 5
0 0 0 1 1 6 1 1 8 1 4 2 5 -1 -1 -1 -1 -1 -1 822420 0 15 15 15 60 4 6 2 5
0 0 0 1 1 6 1 1 8 1 4 2 5 -1 -1 -1 -1 -1 -1 822587 0 15 15 15 50 4 6 2 5
0 0 0 1 1 6 1 1 8 1 4 2 5 -1 -1 -1 -1 -1 -1 822887 0 15 15 15 20 4 6 2 5
0 0 0 1 1 6 1 1 8 1 4 2 5 -1 -1 -1 -1 -1 -1 823820 0 15 15 15 10 4 6 2 5
0 0 0 1 1 6 1 1 8 1 4 2 5 -1 -1 -1 -1 -1 -1 824820 0 15 15 15 12.5 4 5 2 5
0 0 0 1 1 6 1 1 8 1 4 2 5 -1 -1 -1 -1 -1 -1 825620 0 15 15 15 12.5 4 5 2 5
0 0 0 1 1 1 6 1 8 1 4 2 6 -1 -1 -1 -1 -1 -1 826419 0 15 15 15 12.5 4 5 2 5
0 0 0 1 1 6 1 1 8 1 4 2 5 -1 -1 -1 -1 -1 -1 827219 0 15 15 15 12.5 4 5 2 5
0 0 0 1 1 6 3 1 8 1 4 2 5 6 4 7 2 0 0 828019 0 15 15 15 11.6667 4 4 2 5
0 0 0 1 1 6 1 1 8 1 4 2 5 -1 -1 -1 -1 -1 -1 828985 0 15 15 15 10 4 4 2 5
0 0 0 1 4 6 1 1 8 1 4 2 5 -1 -1 -1 -1 -1 -1 829852 1 15 15 15 12.5 4 4 2 5
0 0 0 1 6 1 1 1 8 1 4 2 4 -1 -1 -1 -1 -1 -1 830652 0 15 15 15 12.5 4 4 2 5
0 0 0 1 6 1 3 1 8 1 4 2 4 6 4 6 1 0 0 831518 0 15 15 15 12.5 4 6 2 5
0 0 0 1 1 6 1 1 8 1 4 2 5 -1 -1 -1 -1 -1 -1 832351 0 15 15 15 12.5 4 6 2 5
0 0 0 1 1 6 1 4 8 1 4 2 5 -1 -1 -1 -1 -1 -1 833151 1 15 15 15 11.8333 4 6 2 5
0 0 0 1 1 6 1 1 8 1 4 2 5 -1 -1 -1 -1 -1 -1 834117 0 15 15 15 10 4 6 2 5
0 0 0 1 1 6 3 1 8 1 4 2 5 6 4 7 2 0 0 834917 0 15 15 15 12.5 4 6 2 5
0 0 0 1 1 6 1 1 8 1 4 2 5 -1 -1 -1 -1 -1 -1 835717 0 15 15 15 12.1667 4 6 2 5
0 0 0 4 1 6 1 1 8 1 4 2 5 -1 -1 -1 -1 -1 -1 836517 1 15 15 15 12.5 4 6 2 5
0 0 0 1 1 6 1 1 8 1 4 2 5 -1 -1 -1 -1 -1 -1 837317 0 15 15 15 12.5 4 6 2 5
0 0 0 1 1 6 3 1 8 1 4 2 5 6 4 5 0 0 0 838216 0 15 15 15 10 4 5 2 5
0 0 0 1 1 1 6 1 8 1 4 2 6 -1 -1 -1 -1 -1 -1 839216 0 15 15 15 10 4 5 2 5
0 0 0 1 1 4 6 1 8 1 4 2 6 -1 -1 -1 -1 -1 -1 840049 1 15 15 15 12.5 4 5 2 5
0 0 0 1 1 1 6 1 8 1 4 2 6 -1 -1 -1 -1 -1 -1 840849 0 15 15 15 12.5 4 5 2 5
0 0 0 1 3 6 1 1 8 1 4 2 5 4 4 8 3 0 0 841782 0 15 15 15 10 4 5 2 5
0 0 0 1 1 6 1 1 8 1 4 2 5 -1 -1 -1 -1 -1 -1 842615 0 15 15 15 12.5 4 5 2 5
0 0 0 1 6 1 4 1 8 1 4 2 4 -1 -1 -1 -1 -1 -1 843415 1 15 15 15 12.3333 4 5 2 5
0 0 0 1 6 1 1 1 8 1 4 2 4 -1 -1 -1 -1 -1 -1 844315 0 15 15 15 12.5 4 5 2 5
0 0 0 1 7 1 1 1 8 1 4 2 4 4 4 6 1 1 1 845115 0 15 15 15 12.5 4 8 0 5
0 0 0 1 1 6 1 1 8 1 4 2 5 -1 -1 -1 -1 -1 -1 845915 0 15 15 15 11.8333 4 8 0 5
0 0 0 4 1 6 1 1 8 1 4 2 5 -1 -1 -1 -1 -1 -1 846781 1 15 15 15 12.5 4 8 0 5
0 0 0 1 1 6 1 1 8 1 4 2 5 -1 -1 -1 -1 -1 -1 847581 0 15 15 15 12.5 4 8 0 5
0 0 0 3 1 6 1 1 8 1 4 2 5 3 4 5 0 0 0 848447 0 15 15 15 10 4 6 2 5
0 0 0 1 1 6 1 1 8 1 4 2 5 -1 -1 -1 -1 -1 -1 849347 0 15 15 15 12.5 4 6 2 5
0 0 0 1 1 6 1 4 8 1 4 2 5 -1 -1 -1 -1 -1 -1 850147 1 15 15 15 12.5 4 6 2 5
0 0 0 1 1 6 1 1 8 1 4 2 5 -1 -1 -1 -1 -1 -1 850947 0 15 15 15 12.5 4 6 2 5
0 0 0 3 1 6 1 1 8 1 4 2 5 3 4 7 2 0 0 851746 0 15 15 15 12.5 4 5 2 5
0 0 0 1 1 6 1 1 8 1 4 2 5 -1 -1 -1 -1 -1 -1 852613 0 15 15 15 10 4 5 2 5
0 0 0 1 1 6 4 1 8 1 4 2 5 -1 -1 -1 -1 -1 -1 853546 1 15 15 15 12.5 4 5 2 5
0 0 0 1 1 6 1 1 8 1 4 2 5 -1 -1 -1 -1 -1 -1 854346 0 15 15 15 12.5 4 5 2 5
0 0 0 1 3 6 1 1 8 1 4 2 5 4 4 5 0 0 0 855179 0 15 15 15 10 4 4 2 5
0 0 0 1 6 1 1 1 8 1 4 2 4 -1 -1 -1 -1 -1 -1 856179 0 15 15 15 10 4 4 2 5
0 0 0 6 1 4 1 1 8 1 4 2 3 -1 -1 -1 -1 -1 -1 857112 1 15 15 15 12.5 4 4 2 5
0 0 0 6 1 1 1 1 8 1 4 2 3 -1 -1 -1 -1 -1 -1 857912 0 15 15 15 12.5 4 4 2 5
0 0 0 7 1 1 1 1 8 1 4 2 3 3 4 6 1 1 1 858745 0 15 15 15 10.3333 4 6 2 5
0 0 0 1 6 1 1 1 8 1 4 2 4 -1 -1 -1 -1 -1 -1 859745 0 15 15 15 10 4 6 2 5
0 0 0 1 6 4 1 1 8 1 4 2 4 -1 -1 -1 -1 -1 -1 860544 1 15 15 15 12.5 4 6 2 5
0 0 0 1 1 6 1 1 8 1 4 2 5 -1 -1 -1 -1 -1 -1 861344 0 15 15 15 12.3333 4 6 2 5
0 0 0 1 3 6 1 1 8 1 4 2 5 4 4 7 2 0 0 862177 0 15 15 15 12.5 4 6 2 5
0 0 0 1 1 6 1 1 8 1 4 2 5 -1 -1 -1 -1 -1 -1 862977 0 15 15 15 12.5 4 6 2 5
0 0 0 1 4 6 1 1 8 1 4 2 5 -1 -1 -1 -1 -1 -1 863844 1 15 15 15 10 4 6 2 5
0 0 0 1 1 6 1 1 8 1 4 2 5 -1 -1 -1 -1 -1 -1 864777 0 15 15 15 12.5 4 6 2 5
0 0 0 1 1 6 3 1 8 1 4 2 5 6 4 5 0 0 0 865576 0 15 15 15 12.5 4 5 2 5
0 0 0 1 1 6 1 1 8 1 4 2 5 -1 -1 -1 -1 -1 -1 866376 0 15 15 15 12.5 4 5 2 5
0 0 0 1 4 1 1 6 8 1 4 2 7 -1 -1 -1 -1 -1 -1 867176 1 15 15 15 12.5 4 5 2 5
0 0 0 1 1 1 1 6 8 1 4 2 7 -1 -1 -1 -1 -1 -1 868009 0 15 15 15 10.5 4 5 2 5
0 0 0 1 1 1 1 7 8 1 4 2 7 7 4 5 0 1 1 868976 0 15 15 15 12.5 4 5 2 5
0 0 0 1 1 1 1 6 8 1 4 2 7 -1 -1 -1 -1 -1 -1 869775 0 15 15 15 12.5 4 5 2 5
0 0 0 1 1 4 6 1 8 1 4 2 6 -1 -1 -1 -1 -1 -1 870575 1 15 15 15 11.5 4 5 2 5
0 0 0 1 1 1 6 1 8 1 4 2 6 -1 -1 -1 -1 -1 -1 871408 0 15 15 15 12.5 4 5 2 5
0 0 0 1 1 3 6 1 8 1 4 2 6 5 4 8 3 0 0 872208 0 15 15 15 12.5 4 8 0 5
0 0 0 1 1 6 1 1 8 1 4 2 5 -1 -1 -1 -1 -1 -1 873108 0 15 15 15 10 4 8 0 5
0 0 0 1 1 6 4 1 8 1 4 2 5 -1 -1 -1 -1 -1 -1 874041 1 15 15 15 12.5 4 8 0 5
0 0 0 1 1 6 1 1 8 1 4 2 5 -1 -1 -1 -1 -1 -1 874841 0 15 15 15 12.5 4 8 0 5
0 0 0 1 1 6 3 1 8 1 4 2 5 6 4 8 3 0 0 875674 0 15 15 15 10.3333 4 6 2 5
0 0 0 1 1 1 6 1 8 1 4 2 6 -1 -1 -1 -1 -1 -1 876640 0 15 15 15 12.5 4 6 2 5
0 0 0 1 1 4 6 1 8 1 4 2 6 -1 -1 -1 -1 -1 -1 877440 1 15 15 15 12.5 4 6 2 5
0 0 0 1 1 6 1 1 8 1 4 2 5 -1 -1 -1 -1 -1 -1 878240 0 15 15 15 11.1667 4 6 2 5
0 0 0 1 1 6 3 1 8 1 4 2 5 6 4 6 1 0 0 879106 0 15 15 15 12.5 4 5 2 5
0 0 0 1 1 6 1 1 8 1 4 2 5 -1 -1 -1 -1 -1 -1 879906 0 15 15 15 12.5 4 5 2 5
0 0 0 1 1 6 4 1 8 1 4 2 5 -1 -1 -1 -1 -1 -1 880806 1 15 15 15 10 4 5 2 5
0 0 0 1 1 1 6 1 8 1 4 2 6 -1 -1 -1 -1 -1 -1 881806 0 15 15 15 10 4 5 2 5
0 0 0 1 1 1 7 1 8 1 4 2 6 6 4 5 0 1 1 882606 0 15 15 15 12.5 4 4 2 5
0 0 0 1 1 6 1 1 8 1 4 2 5 -1 -1 -1 -1 -1 -1 883405 0 15 15 15 12.5 4 4 2 5
0 0 0 1 1 6 4 1 8 1 4 2 5 -1 -1 -1 -1 -1 -1 884205 1 15 15 15 12.5 4 4 2 5
0 0 0 1 1 6 1 1 8 1 4 2 5 -1 -1 -1 -1 -1 -1 885005 0 15 15 15 12.5 4 4 2 5
0 0 0 1 3 6 1 1 8 1 4 2 5 4 4 6 1 0 0 885938 0 15 15 15 10 4 6 2 5
0 0 0 1 1 6 1 1 8 1 4 2 5 -1 -1 -1 -1 -1 -1 886805 0 15 15 15 12.5 4 6 2 5
0 0 0 1 1 6 1 4 8 1 4 2 5 -1 -1 -1 -1 -1 -1 887604 1 15 15 15 12.5 4 6 2 5
0 0 0 1 1 6 1 1 8 1 4 2 5 -1 -1 -1 -1 -1 -1 888471 0 15 15 15 10 4 6 2 5
0 0 0 1 3 6 1 1 8 1 4 2 5 4 4 5 0 0 0 889304 0 15 15 15 12.5 4 6 2 5
0 0 0 1 1 1 6 1 8 1 4 2 6 -1 -1 -1 -1 -1 -1 890104 0 15 15 15 12.1667 4 6 2 5
0 0 0 1 1 4 6 1 8 1 4 2 6 -1 -1 -1 -1 -1 -1 890904 1 15 15 15 12.5 4 6 2 5
0 0 0 1 1 1 6 1 8 1 4 2 6 -1 -1 -1 -1 -1 -1 891703 0 15 15 15 12.1667 4 6 2 5
0 0 0 3 1 6 1 1 8 1 4 2 5 3 4 7 2 0 0 892570 0 15 15 15 12.5 4 5 2 5
0 0 0 1 1 6 1 1 8 1 4 2 5 -1 -1 -1 -1 -1 -1 893370 0 15 15 15 12.5 4 5 2 5
0 0 0 4 1 6 1 1 8 1 4 2 5 -1 -1 -1 -1 -1 -1 894203 1 15 15 15 10.3333 4 5 2 5
0 0 0 6 1 1 1 1 8 1 4 2 3 -1 -1 -1 -1 -1 -1 895203 0 15 15 15 10 4 5 2 5
0 0 0 7 1 1 1 1 8 1 4 2 3 3 4 5 0 1 1 896069 0 15 15 15 12.5 4 5 2 5
0 0 0 0 1 6 1 0 9 0 4 3 5 -1 -1 -1 -1 -1 -1 900934 0 15 15 15 60 4 8 0 3
0 0 0 0 1 6 1 0 9 0 4 3 5 -1 -1 -1 -1 -1 -1 901101 0 15 15 15 60 4 8 0 3
0 0 0 0 1 6 1 0 9 0 4 3 5 -1 -1 -1 -1 -1 -1 901268 0 15 15 15 60 4 4 2 3
0 0 0 0 1 6 1 0 9 0 4 3 5 -1 -1 -1 -1 -1 -1 901434 0 15 15 15 50 4 4 2 3
0 0 0 0 1 6 1 0 9 0 4 3 5 -1 -1 -1 -1 -1 -1 901734 0 15 15 15 20 4 4 2 3
0 0 0 0 1 6 1 0 9 0 4 3 5 -1 -1 -1 -1 -1 -1 902667 0 15 15 15 10 4 4 2 3
0 0 0 0 1 6 1 0 9 0 4 3 5 -1 -1 -1 -1 -1 -1 903567 0 15 15 15 12.5 4 4 2 3
0 0 0 0 1 6 1 0 9 0 4 3 5 -1 -1 -1 -1 -1 -1 904367 0 15 15 15 12.5 4 4 2 3
0 0 0 0 1 1 6 0 9 0 4 3 6 -1 -1 -1 -1 -1 -1 905233 0 15 15 15 12.5 4 4 2 3
0 0 0 0 1 1 6 0 9 0 4 3 6 -1 -1 -1 -1 -1 -1 906033 0 15 15 15 12.5 4 4 2 3
0 0 0 0 1 3 6 0 9 0 4 3 6 5 1 4 2 0 0 906833 0 15 15 15 11.8333 4 5 2 3
0 0 0 0 1 1 6 0 9 0 4 3 6 -1 -1 -1 -1 -1 -1 907633 0 15 15 15 12.5 4 5 2 3
0 0 0 0 1 4 6 0 9 0 4 3 6 -1 -1 -1 -1 -1 -1 908433 1 15 15 15 12.5 4 5 2 3
0 0 0 0 1 1 6 0 9 0 4 3 6 -1 -1 -1 -1 -1 -1 909332 0 15 15 15 12.5 4 5 2 3
0 0 0 0 1 3 6 0 9 0 4 3 6 5 2 4 0 0 0 910132 0 15 15 15 12.5 4 6 2 3
0 0 0 0 1 6 1 0 9 0 4 3 5 -1 -1 -1 -1 -1 -1 910965 0 15 15 15 11.6667 4 6 2 3
0 0 0 0 1 6 4 0 9 0 4 3 5 -1 -1 -1 -1 -1 -1 911798 1 15 15 15 12.5 4 6 2 3
0 0 0 0 6 1 1 0 9 0 4 3 4 -1 -1 -1 -1 -1 -1 912598 0 15 15 15 12.5 4 6 2 3
0 0 0 0 6 3 1 0 9 0 4 3 4 5 0 4 1 0 0 913398 0 15 15 15 12.5 4 5 2 3
0 0 0 0 6 1 1 0 9 0 4 3 4 -1 -1 -1 -1 -1 -1 914198 0 15 15 15 12.5 4 5 2 3
0 0 0 0 1 6 4 0 9 0 4 3 5 -1 -1 -1 -1 -1 -1 915031 1 15 15 15 12.5 4 5 2 3
0 0 0 0 1 1 6 0 9 0 4 3 6 -1 -1 -1 -1 -1 -1 915831 0 15 15 15 12.5 4 5 2 3
0 0 0 0 1 3 6 0 9 0 4 3 6 5 0 4 1 0 0 916631 0 15 15 15 12.5 4 5 2 3
0 0 0 0 1 1 6 0 9 0 4 3 6 -1 -1 -1 -1 -1 -1 917430 0 15 15 15 12.5 4 5 2 3
0 0 0 0 4 6 1 0 9 0 4 3 5 -1 -1 -1 -1 -1 -1 918230 1 15 15 15 12 4 5 2 3
0 0 0 0 1 6 1 0 9 0 4 3 5 -1 -1 -1 -1 -1 -1 919130 0 15 15 15 12.5 4 5 2 3
0 0 0 0 1 7 1 0 9 0 4 3 5 5 1 4 2 1 1 919930 0 15 15 15 12.5 4 4 2 3
0 0 0 0 1 6 1 0 9 0 4 3 5 -1 -1 -1 -1 -1 -1 920763 0 15 15 15 10.5 4 4 2 3
0 0 0 0 1 6 4 0 9 0 4 3 5 -1 -1 -1 -1 -1 -1 921663 1 15 15 15 12.5 4 4 2 3
0 0 0 0 1 6 1 0 9 0 4 3 5 -1 -1 -1 -1 -1 -1 922463 0 15 15 15 12.5 4 4 2 3
0 0 0 0 1 3 6 0 9 0 4 3 6 5 3 4 3 0 0 923296 0 15 15 15 10.1667 4 8 0 3
0 0 0 0 1 1 6 0 9 0 4 3 6 -1 -1 -1 -1 -1 -1 924129 0 15 15 15 12.5 4 8 0 3
0 0 0 0 1 4 6 0 9 0 4 3 6 -1 -1 -1 -1 -1 -1 924929 1 15 15 15 12.3333 4 8 0 3
0 0 0 0 1 6 1 0 9 0 4 3 5 -1 -1 -1 -1 -1 -1 925862 0 15 15 15 10 4 8 0 3
0 0 0 0 1 6 3 0 9 0 4 3 5 6 3 4 3 0 0 926695 0 15 15 15 12.5 4 4 2 3
0 0 0 0 1 6 1 0 9 0 4 3 5 -1 -1 -1 -1 -1 -1 927528 0 15 15 15 12.5 4 4 2 3
0 0 0 0 1 6 4 0 9 0 4 3 5 -1 -1 -1 -1 -1 -1 928428 1 15 15 15 10 4 4 2 3
0 0 0 0 1 1 6 0 9 0 4 3 6 -1 -1 -1 -1 -1 -1 929428 0 15 15 15 10 4 4 2 3
0 0 0 0 1 1 7 0 9 0 4 3 6 6 0 4 1 1 1 930227 0 15 15 15 12.5 4 4 2 3
0 0 0 0 1 6 1 0 9 0 4 3 5 -1 -1 -1 -1 -1 -1 931027 0 15 15 15 12.5 4 4 2 3
0 0 0 0 4 6 1 0 9 0 4 3 5 -1 -1 -1 -1 -1 -1 931860 1 15 15 15 12.5 4 4 2 3
0 0 0 0 1 1 6 0 9 0 4 3 6 -1 -1 -1 -1 -1 -1 932660 0 15 15 15 12.5 4 4 2 3
0 0 0 0 1 3 6 0 9 0 4 3 6 5 0 4 1 0 0 933460 0 15 15 15 12.5 4 5 2 3
0 0 0 0 1 1 6 0 9 0 4 3 6 -1 -1 -1 -1 -1 -1 934260 0 15 15 15 12.5 4 5 2 3
0 0 0 0 1 4 6 0 9 0 4 3 6 -1 -1 -1 -1 -1 -1 935126 1 15 15 15 12.5 4 5 2 3
0 0 0 0 1 1 6 0 9 0 4 3 6 -1 -1 -1 -1 -1 -1 935926 0 15 15 15 12.5 4 5 2 3
0 0 0 0 1 3 6 0 9 0 4 3 6 5 2 4 0 0 0 936726 0 15 15 15 11.5 4 6 2 3
0 0 0 0 1 1 6 0 9 0 4 3 6 -1 -1 -1 -1 -1 -1 937659 0 15 15 15 12.5 4 6 2 3
0 0 0 0 4 1 6 0 9 0 4 3 6 -1 -1 -1 -1 -1 -1 938459 1 15 15 15 12.5 4 6 2 3
0 0 0 0 1 1 6 0 9 0 4 3 6 -1 -1 -1 -1 -1 -1 939292 0 15 15 15 11.5 4 6 2 3
0 0 0 0 3 1 6 0 9 0 4 3 6 4 2 4 0 0 0 940258 0 15 15 15 10 4 5 2 3
0 0 0 0 1 1 6 0 9 0 4 3 6 -1 -1 -1 -1 -1 -1 941191 0 15 15 15 12.5 4 5 2 3
0 0 0 0 1 4 6 0 9 0 4 3 6 -1 -1 -1 -1 -1 -1 941991 1 15 15 15 12.5 4 5 2 3
0 0 0 0 1 1 6 0 9 0 4 3 6 -1 -1 -1 -1 -1 -1 942824 0 15 15 15 10.5 4 5 2 3
0 0 0 0 1 1 7 0 9 0 4 3 6 6 0 4 1 1 1 943824 0 15 15 15 10 4 5 2 3
0 0 0 0 1 6 1 0 9 0 4 3 5 -1 -1 -1 -1 -1 -1 900934 0 15 15 15 60 4 8 0 3
0 0 0 0 1 6 1 0 9 0 4 3 5 -1 -1 -1 -1 -1 -1 901101 0 15 15 15 60 4 8 0 3
0 0 0 0 1 6 1 0 9 0 4 3 5 -1 -1 -1 -1 -1 -1 901268 0 15 15 15 60 4 4 2 3
0 0 0 0 1 6 1 0 9 0 4 3 5 -1 -1 -1 -1 -1 -1 901434 0 15 15 15 50 4 4 2 3
0 0 0 0 1 6 1 0 9 0 4 3 5 -1 -1 -1 -1 -1 -1 901734 0 15 15 15 20 4 4 2 3
0 0 0 0 1 6 1 0 9 0 4 3 5 -1 -1 -1 -1 -1 -1 902667 0 15 15 15 10 4 4 2 3
0 0 0 0 1 6 1 0 9 0 4 3 5 -1 -1 -1 -1 -1 -1 903567 0 15 15 15 12.5 4 4 2 3
0 0 0 0 1 6 1 0 9 0 4 3 5 -1 -1 -1 -1 -1 -1 904367 0 15 15 15 12.5 4 4 2 3
0 0 0 0 1 1 6 0 9 0 4 3 6 -1 -1 -1 -1 -1 -1 905233 0 15 15 15 12.5 4 4 2 3
0 0 0 0 1 1 6 0 9 0 4 3 6 -1 -1 -1 -1 -1 -1 906033 0 15 15 15 12.5 4 4 2 3
0 0 0 0 1 3 6 0 9 0 4 3 6 5 1 4 2 0 0 906833 0 15 15 15 11.8333 4 5 2 3
0 0 0 0 1 1 6 0 9 0 4 3 6 -1 -1 -1 -1 -1 -1 907633 0 15 15 15 12.5 4 5 2 3
0 0 0 0 1 4 6 0 9 0 4 3 6 -1 -1 -1 -1 -1 -1 908433 1 15 15 15 12.5 4 5 2 3
0 0 0 0 1 1 6 0 9 0 4 3 6 -1 -1 -1 -1 -1 -1 909332 0 15 15 15 12.5 4 5 2 3
0 0 0 0 1 3 6 0 9 0 4 3 6 5 2 4 0 0 0 910132 0 15 15 15 12.5 4 6 2 3
0 0 0 0 1 6 1 0 9 0 4 3 5 -1 -1 -1 -1 -1 -1 910965 0 15 15 15 11.6667 4 6 2 3
0 0 0 0 1 6 4 0 9 0 4 3 5 -1 -1 -1 -1 -1 -1 911798 1 15 15 15 12.5 4 6 2 3
0 0 0 0 6 1 1 0 9 0 4 3 4 -1 -1 -1 -1 -1 -1 912598 0 15 15 15 12.5 4 6 2 3
0 0 0 0 6 3 1 0 9 0 4 3 4 5 0 4 1 0 0 913398 0 15 15 15 12.5 4 5 2 3
0 0 0 0 6 1 1 0 9 0 4 3 4 -1 -1 -1 -1 -1 -1 914198 0 15 15 15 12.5 4 5 2 3
0 0 0 0 1 6 4 0 9 0 4 3 5 -1 -1 -1 -1 -1 -1 915031 1 15 15 15 12.5 4 5 2 3
0 0 0 0 1 1 6 0 9 0 4 3 6 -1 -1 -1 -1 -1 -1 915831 0 15 15 15 12.5 4 5 2 3
0 0 0 0 1 3 6 0 9 0 4 3 6 5 0 4 1 0 0 916631 0 15 15 15 12.5 4 5 2 3
0 0 0 0 1 1 6 0 9 0 4 3 6 -1 -1 -1 -1 -1 -1 917430 0 15 15 15 12.5 4 5 2 3
0 0 0 0 4 6 1 0 9 0 4 3 5 -1 -1 -1 -1 -1 -1 918230 1 15 15 15 12 4 5 2 3
0 0 0 0 1 6 1 0 9 0 4 3 5 -1 -1 -1 -1 -1 -1 919130 0 15 15 15 12.5 4 5 2 3
0 0 0 0 1 7 1 0 9 0 4 3 5 5 1 4 2 1 1 919930 0 15 15 15 12.5 4 4 2 3
0 0 0 0 1 6 1 0 9 0 4 3 5 -1 -1 -1 -1 -1 -1 920763 0 15 15 15 10.5 4 4 2 3
0 0 0 0 1 6 4 0 9 0 4 3 5 -1 -1 -1 -1 -1 -1 921663 1 15 15 15 12.5 4 4 2 3
0 0 0 0 1 6 1 0 9 0 4 3 5 -1 -1 -1 -1 -1 -1 922463 0 15 15 15 12.5 4 4 2 3
0 0 0 0 1 3 6 0 9 0 4 3 6 5 3 4 3 0 0 923296 0 15 15 15 10.1667 4 8 0 3
0 0 0 0 1 1 6 0 9 0 4 3 6 -1 -1 -1 -1 -1 -1 924129 0 15 15 15 12.5 4 8 0 3
0 0 0 0 1 4 6 0 9 0 4 3 6 -1 -1 -1 -1 -1 -1 924929 1 15 15 15 12.3333 4 8 0 3
0 0 0 0 1 6 1 0 9 0 4 3 5 -1 -1 -1 -1 -1 -1 925862 0 15 15 15 10 4 8 0 3
0 0 0 0 1 6 3 0 9 0 4 3 5 6 3 4 3 0 0 926695 0 15 15 15 12.5 4 4 2 3
0 0 0 0 1 6 1 0 9 0 4 3 5 -1 -1 -1 -1 -1 -1 927528 0 15 15 15 12.5 4 4 2 3
0 0 0 0 1 6 4 0 9 0 4 3 5 -1 -1 -1 -1 -1 -1 928428 1 15 15 15 10 4 4 2 3
0 0 0 0 1 1 6 0 9 0 4 3 6 -1 -1 -1 -1 -1 -1 929428 0 15 15 15 10 4 4 2 3
0 0 0 0 1 1 7 0 9 0 4 3 6 6 0 4 1 1 1 930227 0 15 15 15 12.5 4 4 2 3
0 0 0 0 1 6 1 0 9 0 4 3 5 -1 -1 -1 -1 -1 -1 931027 0 15 15 15 12.5 4 4 2 3
0 0 0 0 4 6 1 0 9 0 4 3 5 -1 -1 -1 -1 -1 -1 931860 1 15 15 15 12.5 4 4 2 3
0 0 0 0 1 1 6 0 9 0 4 3 6 -1 -1 -1 -1 -1 -1 932660 0 15 15 15 12.5 4 4 2 3
0 0 0 0 1 3 6 0 9 0 4 3 6 5 0 4 1 0 0 933460 0 15 15 15 12.5 4 5 2 3
0 0 0 0 1 1 6 0 9 0 4 3 6 -1 -1 -1 -1 -1 -1 934260 0 15 15 15 12.5 4 5 2 3
0 0 0 0 1 4 6 0 9 0 4 3 6 -1 -1 -1 -1 -1 -1 935126 1 15 15 15 12.5 4 5 2 3
0 0 0 0 1 1 6 0 9 0 4 3 6 -1 -1 -1 -1 -1 -1 935926 0 15 15 15 12.5 4 5 2 3
0 0 0 0 1 3 6 0 9 0 4 3 6 5 2 4 0 0 0 936726 0 15 15 15 11.5 4 6 2 3
0 0 0 0 1 1 6 0 9 0 4 3 6 -1 -1 -1 -1 -1 -1 937659 0 15 15 15 12.5 4 6 2 3
0 0 0 0 4 1 6 0 9 0 4 3 6 -1 -1 -1 -1 -1 -1 938459 1 15 15 15 12.5 4 6 2 3
0 0 0 0 1 1 6 0 9 0 4 3 6 -1 -1 -1 -1 -1 -1 939292 0 15 15 15 11.5 4 6 2 3
0 0 0 0 3 1 6 0 9 0 4 3 6 4 2 4 0 0 0 940258 0 15 15 15 10 4 5 2 3
0 0 0 0 1 1 6 0 9 0 4 3 6 -1 -1 -1 -1 -1 -1 941191 0 15 15 15 12.5 4 5 2 3
0 0 0 0 1 4 6 0 9 0 4 3 6 -1 -1 -1 -1 -1 -1 941991 1 15 15 15 12.5 4 5 2 3
0 0 0 0 1 1 6 0 9 0 4 3 6 -1 -1 -1 -1 -1 -1 942824 0 15 15 15 10.5 4 5 2 3
0 0 0 0 1 1 7 0 9 0 4 3 6 6 0 4 1 1 1 943824 0 15 15 15 10 4 5 2 3
