% Tunnel Log: 
% debug seed: 1462484017
%
% SegEncNW { '0'=no panel, '1'=panel, '4'=obstacle, '5'=collided obstacle, '6'=player, '7'=player right, '8'=player wrong, '2'=target, '3'=fake }
% SegEncN
% SegEncNE
% SegEncE
% SegEncSE
% SegEncS
% SegEncSW
% SegEncW
% Event Number { 0, inf }
% Task Type { 0=Color/Sound, 1=Shape/Sound, 2=Sound, 3=Navigation, 4=Speed, 5=Training 6=Recess, 7=Special 2-Back }
% N-Back { 0, inf }
% Navigation Level { 0, inf }
% Player Loc { 0=Northwest ... 7=West }
% Pod Loc { -1=N/A, 0=Northwest ... 7=West }
% Pod Color { -1, inf }
% Pod Shape { -1, inf }
% Pod Sound { -1, inf }
% Pod Match { -1=N/A, 0=No, 1=Yes }
% Pod Taken { -1=N/A, 0=No, 1=Yes }
% Timestamp (ms)
% Num Obstacles { 0, inf }
% Min Speed { 0, inf }
% Max Speed { 0, inf }
% Base Speed { 0, inf }
% Final Speed { 0, inf }
% Navigation Score { 0, inf }
% Segment Direction { 0=Northwest ... 7=West }
% Segment Angle { 0, inf }
% Segment Panels { 0, inf }
%
% SegEncNW SecEncN SegEncNE SegEncE SegEncSE SegEncS SegEncSW SegEncW EventNumber TaskType N-Back Navigation PlayerLoc PodLoc PodColor PodShape PodSound PodMatch PodTaken Timestamp NumObs MinSpeed MaxSpeed BaseSpeed FinalSpeed NavScore SegmentDir SegmentAngle SegmentPanels
0 0 0 0 1 6 1 0 0 3 2 0 5 -1 -1 -1 -1 -1 -1 11066 0 15 40 15 60 2 8 0 3
0 0 0 0 1 6 1 0 0 3 2 0 5 -1 -1 -1 -1 -1 -1 11233 0 15 40 15 60 2 8 0 3
0 0 0 0 1 6 1 0 0 3 2 0 5 -1 -1 -1 -1 -1 -1 11400 0 15 40 15 60 2 5 2 3
0 0 0 0 1 6 1 0 0 3 2 0 5 -1 -1 -1 -1 -1 -1 11566 0 15 40 15 50 2 5 2 3
0 0 0 0 1 6 1 0 0 3 2 0 5 -1 -1 -1 -1 -1 -1 11866 0 15 40 15 20 2 5 2 3
0 0 0 0 1 6 1 0 0 3 2 0 5 -1 -1 -1 -1 -1 -1 12800 0 15 40 15 10 2 5 2 3
0 0 0 0 6 1 1 0 0 3 2 0 4 -1 -1 -1 -1 -1 -1 13800 0 15 40 15 10 2 4 2 3
0 0 0 0 6 1 1 0 0 3 2 0 4 -1 -1 -1 -1 -1 -1 14666 0 15 40 15 12.5 2 4 2 3
0 0 0 0 6 1 1 0 0 3 2 0 4 -1 -1 -1 -1 -1 -1 15466 0 15 40 15 12.5 2 4 2 3
0 0 0 0 6 1 1 0 0 3 2 0 4 -1 -1 -1 -1 -1 -1 16366 0 15 40 15 10 2 4 2 3
0 0 0 0 7 1 1 0 0 3 2 0 4 4 5 4 4 1 1 17366 0 15 40 15 10 2 4 2 3
0 0 0 0 6 1 1 0 0 3 2 0 4 -1 -1 -1 -1 -1 -1 18366 0 15 40 15 10 2 4 2 3
0 0 0 0 6 1 1 0 0 3 2 0 4 -1 -1 -1 -1 -1 -1 19366 0 15 40 15 10 2 4 2 3
0 0 0 0 6 1 1 0 0 3 2 0 4 -1 -1 -1 -1 -1 -1 20366 0 15 40 15 10 2 4 2 3
0 0 0 0 7 1 1 0 0 3 2 0 4 4 5 4 4 1 1 21366 0 15 40 15 10 2 5 2 3
0 0 0 0 6 1 1 0 0 3 2 0 4 -1 -1 -1 -1 -1 -1 22166 0 15 40 16 13 2 5 2 3
0 0 0 0 6 1 1 0 0 3 2 0 4 -1 -1 -1 -1 -1 -1 22933 0 15 40 16 13 2 5 2 3
0 0 0 0 6 1 1 0 0 3 2 0 4 -1 -1 -1 -1 -1 -1 23699 0 15 40 16 13 2 5 2 3
0 0 0 0 7 1 1 0 0 3 2 0 4 4 5 4 4 1 1 24466 0 15 40 16 13 2 5 2 3
0 0 0 0 6 1 1 0 0 3 2 0 4 -1 -1 -1 -1 -1 -1 25266 0 15 40 16 13 2 5 2 3
0 0 0 0 6 1 1 0 0 3 2 0 4 -1 -1 -1 -1 -1 -1 26033 0 15 40 16 13 2 5 2 3
0 0 0 0 6 1 1 0 0 3 2 0 4 -1 -1 -1 -1 -1 -1 26799 0 15 40 16 13 2 5 2 3
0 0 0 1 7 1 1 1 0 3 2 0 4 4 5 4 4 1 1 27566 0 15 40 16 13 2 6 2 5
0 0 0 1 6 1 1 1 0 3 2 1 4 -1 -1 -1 -1 -1 -1 28199 0 15 40 17 16 2 6 2 5
0 0 0 1 1 6 1 1 0 3 2 1 5 -1 -1 -1 -1 -1 -1 28833 0 15 40 17 16 2 6 2 5
0 0 0 1 1 6 1 1 0 3 2 1 5 -1 -1 -1 -1 -1 -1 29466 0 15 40 17 16 2 6 2 5
0 0 0 1 1 7 1 1 0 3 2 1 5 5 5 4 4 1 1 30066 0 15 40 17 16 2 6 2 5
0 0 0 1 6 1 1 1 0 3 2 1 4 -1 -1 -1 -1 -1 -1 30699 0 15 40 17 16 2 6 2 5
0 0 0 1 6 1 1 1 0 3 2 1 4 -1 -1 -1 -1 -1 -1 31333 0 15 40 17 16 2 6 2 5
0 0 0 1 6 1 1 1 0 3 2 1 4 -1 -1 -1 -1 -1 -1 31966 0 15 40 17 16 2 6 2 5
0 0 0 1 7 1 1 1 0 3 2 1 4 4 5 4 4 1 1 32566 0 15 40 17 16 2 8 0 5
0 0 0 1 1 6 1 1 0 3 2 1 5 -1 -1 -1 -1 -1 -1 33133 0 15 40 18 19 2 8 0 5
0 0 0 1 1 1 6 1 0 3 2 1 6 -1 -1 -1 -1 -1 -1 33633 0 15 40 18 19 2 8 0 5
0 0 0 1 1 1 6 1 0 3 2 1 6 -1 -1 -1 -1 -1 -1 34166 0 15 40 18 19 2 8 0 5
0 0 0 1 1 1 7 1 0 3 2 1 6 6 5 4 4 1 1 34699 0 15 40 18 19 2 5 2 5
0 0 0 1 1 6 1 1 0 3 2 1 5 -1 -1 -1 -1 -1 -1 35233 0 15 40 18 19 2 5 2 5
0 0 0 1 1 6 1 1 0 3 2 1 5 -1 -1 -1 -1 -1 -1 35733 0 15 40 18 19 2 5 2 5
0 0 0 1 1 6 1 1 0 3 2 1 5 -1 -1 -1 -1 -1 -1 36266 0 15 40 18 19 2 5 2 5
0 0 0 1 1 7 1 1 0 3 2 1 5 5 5 4 4 1 1 36799 0 15 40 18 19 2 4 2 5
0 0 0 1 1 6 1 1 0 3 2 1 5 -1 -1 -1 -1 -1 -1 37299 0 15 40 19 21 2 4 2 5
0 0 0 1 6 1 1 1 0 3 2 1 4 -1 -1 -1 -1 -1 -1 37766 0 15 40 19 21 2 4 2 5
0 0 0 1 6 1 1 1 0 3 2 1 4 -1 -1 -1 -1 -1 -1 38166 0 15 40 19 26.25 2 4 2 5
0 0 0 1 7 1 1 1 0 3 2 1 4 4 5 4 4 1 1 38566 0 15 40 19 26.25 2 4 2 5
0 0 0 1 6 1 1 1 0 3 2 1 4 -1 -1 -1 -1 -1 -1 38933 0 15 40 19 26.25 2 4 2 5
0 0 0 1 6 1 1 1 0 3 2 1 4 -1 -1 -1 -1 -1 -1 39333 0 15 40 19 26.25 2 4 2 5
0 0 0 1 6 1 1 1 0 3 2 1 4 -1 -1 -1 -1 -1 -1 39699 0 15 40 19 26.25 2 4 2 5
0 0 0 1 7 1 1 1 0 3 2 1 4 4 5 4 4 1 1 40099 0 15 40 19 26.25 2 5 2 5
0 0 0 1 6 1 1 1 0 3 2 2 4 -1 -1 -1 -1 -1 -1 40466 0 15 40 20 27.5 2 5 2 5
0 0 0 6 1 1 1 1 0 3 2 2 3 -1 -1 -1 -1 -1 -1 40799 0 15 40 20 27.5 2 5 2 5
0 0 0 6 1 1 1 1 0 3 2 2 3 -1 -1 -1 -1 -1 -1 41166 0 15 40 20 26.4 2 5 2 5
0 0 0 7 1 1 1 1 0 3 2 2 3 3 5 4 4 1 1 41533 0 15 40 20 27.5 2 5 2 5
0 0 0 6 1 1 1 1 0 3 2 2 3 -1 -1 -1 -1 -1 -1 41899 0 15 40 20 27.5 2 5 2 5
0 0 0 1 6 1 1 4 0 3 2 2 4 -1 -1 -1 -1 -1 -1 42266 1 15 40 20 27.5 2 5 2 5
0 0 0 1 6 1 1 1 0 3 2 2 4 -1 -1 -1 -1 -1 -1 42633 0 15 40 20 27.5 2 5 2 5
0 0 0 1 7 1 1 1 0 3 2 2 4 4 5 4 4 1 1 43033 0 15 40 20 24.2 2 6 2 5
0 0 0 1 6 1 1 1 0 3 2 2 4 -1 -1 -1 -1 -1 -1 43399 0 15 40 21 28.75 2 6 2 5
0 0 0 1 6 1 4 1 0 3 2 2 4 -1 -1 -1 -1 -1 -1 43766 1 15 40 21 28.75 2 6 2 5
0 0 0 1 1 6 1 1 0 3 2 2 5 -1 -1 -1 -1 -1 -1 44099 0 15 40 21 28.75 2 6 2 5
0 0 0 1 1 1 7 1 0 3 2 2 6 6 5 4 4 1 1 44466 0 15 40 21 28.75 2 6 2 5
0 0 0 1 1 1 1 6 0 3 2 2 7 -1 -1 -1 -1 -1 -1 44799 0 15 40 21 28.75 2 6 2 5
0 0 0 1 1 1 4 6 0 3 2 2 7 -1 -1 -1 -1 -1 -1 45166 1 15 40 21 28.75 2 6 2 5
0 0 0 1 1 1 6 1 0 3 2 2 6 -1 -1 -1 -1 -1 -1 45532 0 15 40 21 28.75 2 6 2 5
0 0 0 1 1 7 1 1 0 3 2 2 5 5 5 4 4 1 1 45866 0 15 40 21 28.75 2 8 0 5
0 0 0 1 1 1 6 1 0 3 2 2 6 -1 -1 -1 -1 -1 -1 46199 0 15 40 22 30 2 8 0 5
0 0 0 1 1 4 6 1 0 3 2 2 6 -1 -1 -1 -1 -1 -1 46532 1 15 40 22 30 2 8 0 5
0 0 0 1 1 6 1 1 0 3 2 2 5 -1 -1 -1 -1 -1 -1 46866 0 15 40 22 27.6 2 8 0 5
0 0 0 7 1 1 1 1 0 3 2 2 3 3 5 4 4 1 1 47266 0 15 40 22 24 2 5 2 5
0 0 0 6 1 1 1 1 0 3 2 2 3 -1 -1 -1 -1 -1 -1 47699 0 15 40 22 24 2 5 2 5
0 0 0 6 1 4 1 1 0 3 2 2 3 -1 -1 -1 -1 -1 -1 48066 1 15 40 22 30 2 5 2 5
0 0 0 1 6 1 1 1 0 3 2 2 4 -1 -1 -1 -1 -1 -1 48399 0 15 40 22 30 2 5 2 5
0 0 0 1 7 1 1 1 0 3 2 2 4 4 5 4 4 1 1 48732 0 15 40 22 30 2 4 2 5
0 0 0 1 6 1 1 1 0 3 2 2 4 -1 -1 -1 -1 -1 -1 49066 0 15 40 23 31.25 2 4 2 5
0 0 0 1 6 1 1 4 0 3 2 2 4 -1 -1 -1 -1 -1 -1 49366 1 15 40 23 31.25 2 4 2 5
0 0 0 1 1 6 1 1 0 3 2 2 5 -1 -1 -1 -1 -1 -1 49699 0 15 40 23 27.5 2 4 2 5
0 0 0 1 1 7 1 1 0 3 2 2 5 5 5 4 4 1 1 50099 0 15 40 23 25 2 4 2 5
0 0 0 1 1 6 1 1 0 3 2 2 5 -1 -1 -1 -1 -1 -1 50466 0 15 40 23 31.25 2 4 2 5
0 0 0 1 1 4 6 1 0 3 2 2 6 -1 -1 -1 -1 -1 -1 50766 1 15 40 23 31.25 2 4 2 5
0 0 0 1 1 6 1 1 0 3 2 2 5 -1 -1 -1 -1 -1 -1 51099 0 15 40 23 31.25 2 4 2 5
0 0 0 1 2 8 1 1 0 3 2 2 5 4 5 4 4 1 0 51432 0 15 40 23 31.25 2 5 2 5
0 0 0 1 6 1 1 1 0 3 2 2 4 -1 -1 -1 -1 -1 -1 51766 0 15 40 22 30 2 5 2 5
0 0 0 1 6 4 1 1 0 3 2 2 4 -1 -1 -1 -1 -1 -1 52099 1 15 40 22 26.4 2 5 2 5
0 0 0 1 6 1 1 1 0 3 2 2 4 -1 -1 -1 -1 -1 -1 52499 0 15 40 22 24 2 5 2 5
0 0 0 7 1 1 1 1 0 3 2 2 3 3 5 4 4 1 1 52932 0 15 40 22 24 2 5 2 5
0 0 0 6 1 1 1 1 0 3 2 2 3 -1 -1 -1 -1 -1 -1 53299 0 15 40 22 30 2 5 2 5
0 0 0 1 6 1 4 1 0 3 2 2 4 -1 -1 -1 -1 -1 -1 53632 1 15 40 22 30 2 5 2 5
0 0 0 1 6 1 1 1 0 3 2 2 4 -1 -1 -1 -1 -1 -1 53966 0 15 40 22 30 2 5 2 5
0 0 0 1 7 1 1 1 0 3 2 2 4 4 5 4 4 1 1 54299 0 15 40 22 30 2 6 2 5
0 0 0 1 6 1 1 1 0 3 2 2 4 -1 -1 -1 -1 -1 -1 54632 0 15 40 23 31.25 2 6 2 5
0 0 0 1 6 4 1 1 0 3 2 2 4 -1 -1 -1 -1 -1 -1 54966 1 15 40 23 27.0833 2 6 2 5
0 0 0 1 1 6 1 1 0 3 2 2 5 -1 -1 -1 -1 -1 -1 55366 0 15 40 23 25 2 6 2 5
0 0 0 1 1 1 7 1 0 3 2 2 6 6 5 4 4 1 1 55766 0 15 40 23 25 2 6 2 5
0 0 0 1 1 1 6 1 0 3 2 2 6 -1 -1 -1 -1 -1 -1 56132 0 15 40 23 31.25 2 6 2 5
0 0 0 4 1 1 1 6 0 3 2 2 7 -1 -1 -1 -1 -1 -1 56432 1 15 40 23 31.25 2 6 2 5
0 0 0 1 1 1 1 6 0 3 2 2 7 -1 -1 -1 -1 -1 -1 56766 0 15 40 23 31.25 2 6 2 5
0 0 0 1 1 1 1 7 0 3 2 2 7 7 5 4 4 1 1 57066 0 15 40 23 31.25 2 8 0 5
0 0 0 1 1 1 6 1 0 3 2 2 6 -1 -1 -1 -1 -1 -1 57399 0 15 40 24 31.875 2 8 0 5
0 0 0 1 1 6 1 4 0 3 2 2 5 -1 -1 -1 -1 -1 -1 57699 1 15 40 24 29.325 2 8 0 5
0 0 0 1 1 6 1 1 0 3 2 2 5 -1 -1 -1 -1 -1 -1 58099 0 15 40 24 31.875 2 8 0 5
0 0 0 1 1 7 1 1 0 3 2 2 5 5 5 4 4 1 1 58399 0 15 40 24 31.875 2 5 2 5
0 0 0 1 1 1 6 1 0 3 2 2 6 -1 -1 -1 -1 -1 -1 58699 0 15 40 24 31.875 2 5 2 5
0 0 0 1 1 4 6 1 0 3 2 2 6 -1 -1 -1 -1 -1 -1 59032 1 15 40 24 31.875 2 5 2 5
0 0 0 1 1 6 1 1 0 3 2 2 5 -1 -1 -1 -1 -1 -1 59332 0 15 40 24 31.875 2 5 2 5
0 0 0 1 1 7 1 1 0 3 2 2 5 5 5 4 4 1 1 59666 0 15 40 24 31.025 2 4 2 5
0 0 0 1 1 6 1 1 0 3 2 2 5 -1 -1 -1 -1 -1 -1 59999 0 15 40 25 27.3 2 4 2 5
0 0 0 1 4 6 1 1 0 3 2 2 5 -1 -1 -1 -1 -1 -1 60299 1 15 40 25 32.5 2 4 2 5
0 0 0 1 1 6 1 1 0 3 2 2 5 -1 -1 -1 -1 -1 -1 60599 0 15 40 25 32.5 2 4 2 5
0 0 0 1 1 7 1 1 0 3 2 2 5 5 5 4 4 1 1 60932 0 15 40 25 32.5 2 4 2 5
0 0 0 1 1 6 1 1 0 3 2 2 5 -1 -1 -1 -1 -1 -1 61232 0 15 40 25 32.5 2 4 2 5
0 0 0 1 1 6 1 4 0 3 2 2 5 -1 -1 -1 -1 -1 -1 61532 1 15 40 25 32.5 2 4 2 5
0 0 0 1 1 6 1 1 0 3 2 2 5 -1 -1 -1 -1 -1 -1 61866 0 15 40 25 32.5 2 4 2 5
0 0 0 1 1 7 1 1 0 3 2 2 5 5 5 4 4 1 1 62166 0 15 40 25 32.5 2 5 2 5
0 0 0 1 1 6 1 1 0 3 2 2 5 -1 -1 -1 -1 -1 -1 62466 0 15 40 26 33.125 2 5 2 5
0 0 0 1 1 6 1 4 0 3 2 2 5 -1 -1 -1 -1 -1 -1 62766 1 15 40 26 33.125 2 5 2 5
0 0 0 6 1 1 1 1 0 3 2 2 3 -1 -1 -1 -1 -1 -1 63066 0 15 40 26 33.125 2 5 2 5
0 0 0 7 1 1 1 1 0 3 2 2 3 3 5 4 4 1 1 63366 0 15 40 26 31.3583 2 5 2 5
0 0 0 1 6 1 1 1 0 3 2 2 4 -1 -1 -1 -1 -1 -1 63699 0 15 40 26 26.9417 2 5 2 5
0 0 0 4 6 1 1 1 0 3 2 2 4 -1 -1 -1 -1 -1 -1 64099 1 15 40 26 26.5 2 5 2 5
0 0 0 1 6 1 1 1 0 3 2 2 4 -1 -1 -1 -1 -1 -1 64432 0 15 40 26 33.125 2 5 2 5
0 0 0 1 7 1 1 1 0 3 2 2 4 4 5 4 4 1 1 64732 0 15 40 26 33.125 2 6 2 5
0 0 0 1 6 1 1 1 0 3 2 2 4 -1 -1 -1 -1 -1 -1 65032 0 15 40 27 33.75 2 6 2 5
0 0 0 1 6 1 1 4 0 3 2 2 4 -1 -1 -1 -1 -1 -1 65332 1 15 40 27 33.75 2 6 2 5
0 0 0 1 6 1 1 1 0 3 2 2 4 -1 -1 -1 -1 -1 -1 65632 0 15 40 27 33.75 2 6 2 5
0 0 0 1 7 1 1 1 0 3 2 2 4 4 5 4 4 1 1 65932 0 15 40 27 31.95 2 6 2 5
0 0 0 1 6 1 1 1 0 3 2 2 4 -1 -1 -1 -1 -1 -1 66232 0 15 40 27 33.75 2 6 2 5
0 0 0 4 6 1 1 1 0 3 2 2 4 -1 -1 -1 -1 -1 -1 66532 1 15 40 27 33.75 2 6 2 5
0 0 0 1 1 6 1 1 0 3 2 2 5 -1 -1 -1 -1 -1 -1 66832 0 15 40 27 33.75 2 6 2 5
0 0 0 1 1 7 1 1 0 3 2 2 5 5 5 4 4 1 1 67132 0 15 40 27 33.75 2 8 0 5
0 0 0 1 1 6 1 1 0 3 2 2 5 -1 -1 -1 -1 -1 -1 67432 0 15 40 28 34.375 2 8 0 5
0 0 0 1 4 6 1 1 0 3 2 2 5 -1 -1 -1 -1 -1 -1 67732 1 15 40 28 33.9167 2 8 0 5
0 0 0 1 1 1 1 6 0 3 2 2 7 -1 -1 -1 -1 -1 -1 68032 0 15 40 28 29.7917 2 8 0 5
0 0 0 1 1 1 1 7 0 3 2 2 7 7 5 4 4 1 1 68399 0 15 40 28 27.5 2 5 2 5
0 0 0 1 1 1 1 6 0 3 2 2 7 -1 -1 -1 -1 -1 -1 68765 0 15 40 28 27.5 2 5 2 5
0 0 0 4 1 1 6 1 0 3 2 2 6 -1 -1 -1 -1 -1 -1 69099 1 15 40 28 27.5 2 5 2 5
0 0 0 1 1 6 1 1 0 3 2 2 5 -1 -1 -1 -1 -1 -1 69465 0 15 40 28 27.5 2 5 2 5
0 0 0 1 1 7 1 1 0 3 2 2 5 5 5 4 4 1 1 69765 0 15 40 28 34.375 2 4 2 5
0 0 0 1 1 6 1 1 0 3 2 2 5 -1 -1 -1 -1 -1 -1 70065 0 15 40 29 35 2 4 2 5
0 0 0 1 1 6 4 1 0 3 2 2 5 -1 -1 -1 -1 -1 -1 70365 1 15 40 29 35 2 4 2 5
0 0 0 1 6 1 1 1 0 3 2 2 4 -1 -1 -1 -1 -1 -1 70632 0 15 40 29 35 2 4 2 5
0 0 0 1 7 1 1 1 0 3 2 2 4 4 5 4 4 1 1 70932 0 15 40 29 35 2 4 2 5
0 0 0 0 1 6 1 0 1 4 2 0 5 -1 -1 -1 -1 -1 -1 76632 0 15 40 15 60 2 8 0 3
0 0 0 0 1 6 1 0 1 4 2 0 5 -1 -1 -1 -1 -1 -1 76799 0 15 40 15 60 2 8 0 3
0 0 0 0 1 6 1 0 1 4 2 0 5 -1 -1 -1 -1 -1 -1 76965 0 15 40 15 60 2 6 2 3
0 0 0 0 1 6 1 0 1 4 2 0 5 -1 -1 -1 -1 -1 -1 77132 0 15 40 15 50 2 6 2 3
0 0 0 0 1 6 1 0 1 4 2 0 5 -1 -1 -1 -1 -1 -1 77432 0 15 40 15 20 2 6 2 3
0 0 0 0 1 6 1 0 1 4 2 0 5 -1 -1 -1 -1 -1 -1 78232 0 15 40 15 12.5 2 6 2 3
0 0 0 0 1 6 1 0 1 4 2 0 5 -1 -1 -1 -1 -1 -1 79032 0 15 40 15 12.5 2 4 2 3
0 0 0 0 1 6 1 0 1 4 2 0 5 -1 -1 -1 -1 -1 -1 79899 0 15 40 15 12.5 2 4 2 3
0 0 0 0 1 6 1 0 1 4 2 0 5 -1 -1 -1 -1 -1 -1 80699 0 15 40 15 12.5 2 4 2 3
0 0 0 0 1 6 1 0 1 4 2 0 5 -1 -1 -1 -1 -1 -1 81532 0 15 40 15 11.3333 2 4 2 3
0 0 0 0 1 6 3 0 1 4 2 0 5 6 3 8 3 0 0 82365 0 15 40 15 12.5 2 6 2 3
0 0 0 0 1 6 1 0 1 4 2 0 5 -1 -1 -1 -1 -1 -1 83165 0 15 40 15 12.5 2 6 2 3
0 0 0 0 1 1 6 0 1 4 2 0 6 -1 -1 -1 -1 -1 -1 84065 0 15 40 15 12.5 2 6 2 3
0 0 0 0 1 1 6 0 1 4 2 0 6 -1 -1 -1 -1 -1 -1 84865 0 15 40 15 12.5 2 6 2 3
0 0 0 0 1 3 6 0 1 4 2 0 6 5 2 5 0 0 0 85665 0 15 40 15 12 2 5 2 3
0 0 0 0 1 1 6 0 1 4 2 0 6 -1 -1 -1 -1 -1 -1 86499 0 15 40 15 12.5 2 5 2 3
0 0 0 0 1 6 1 0 1 4 2 0 5 -1 -1 -1 -1 -1 -1 87299 0 15 40 15 12.5 2 5 2 3
0 0 0 0 1 6 1 0 1 4 2 0 5 -1 -1 -1 -1 -1 -1 88132 0 15 40 15 12.5 2 5 2 3
0 0 0 0 3 6 1 0 1 4 2 0 5 4 1 7 2 0 0 88932 0 15 40 15 12.5 2 4 2 3
0 0 0 0 1 6 1 0 1 4 2 0 5 -1 -1 -1 -1 -1 -1 89732 0 15 40 15 11.3333 2 4 2 3
0 0 0 0 1 6 1 0 1 4 2 0 5 -1 -1 -1 -1 -1 -1 90732 0 15 40 15 10 2 4 2 3
0 0 0 0 1 6 1 0 1 4 2 0 5 -1 -1 -1 -1 -1 -1 91565 0 15 40 15 12.5 2 4 2 3
0 0 0 0 3 6 1 0 1 4 2 0 5 4 0 6 1 0 0 92365 0 15 40 15 12.5 2 4 2 3
0 0 0 0 1 6 1 0 1 4 2 0 5 -1 -1 -1 -1 -1 -1 93198 0 15 40 15 12.5 2 4 2 3
0 0 0 0 1 6 1 0 1 4 2 0 5 -1 -1 -1 -1 -1 -1 93998 0 15 40 15 12.5 2 4 2 3
0 0 0 0 1 6 1 0 1 4 2 0 5 -1 -1 -1 -1 -1 -1 94832 0 15 40 15 10.1667 2 4 2 3
0 0 0 0 1 6 3 0 1 4 2 0 5 6 3 8 3 0 0 95832 0 15 40 15 10 2 4 2 3
0 0 0 0 1 6 1 0 1 4 2 0 5 -1 -1 -1 -1 -1 -1 96765 0 15 40 15 12.5 2 4 2 3
0 0 0 0 1 1 6 0 1 4 2 0 6 -1 -1 -1 -1 -1 -1 97565 0 15 40 15 12.5 2 4 2 3
0 0 0 0 1 1 6 0 1 4 2 0 6 -1 -1 -1 -1 -1 -1 98398 0 15 40 15 12.5 2 4 2 3
0 0 0 0 1 1 7 0 1 4 2 0 6 6 0 6 1 1 1 99198 0 15 40 15 12.5 2 8 0 3
0 0 0 0 1 6 1 0 1 4 2 0 5 -1 -1 -1 -1 -1 -1 99998 0 15 40 15 10.8333 2 8 0 3
0 0 0 0 1 6 1 0 1 4 2 0 5 -1 -1 -1 -1 -1 -1 100832 0 15 40 15 12.5 2 8 0 3
0 0 0 0 1 6 1 0 1 4 2 0 5 -1 -1 -1 -1 -1 -1 101632 0 15 40 15 12.5 2 8 0 3
0 0 0 0 3 6 1 0 1 4 2 0 5 4 2 5 0 0 0 102498 0 15 40 15 12.5 2 6 2 3
0 0 0 0 1 6 1 0 1 4 2 0 5 -1 -1 -1 -1 -1 -1 103298 0 15 40 15 12.5 2 6 2 3
0 0 0 0 1 1 6 0 1 4 2 0 6 -1 -1 -1 -1 -1 -1 104098 0 15 40 15 12.5 2 6 2 3
0 0 0 0 1 1 6 0 1 4 2 0 6 -1 -1 -1 -1 -1 -1 104898 0 15 40 15 12.5 2 6 2 3
0 0 0 0 1 1 7 0 1 4 2 0 6 6 0 6 1 1 1 105732 0 15 40 15 10.3333 2 4 2 3
0 0 0 0 1 6 1 0 1 4 2 0 5 -1 -1 -1 -1 -1 -1 106532 0 15 40 16 13 2 4 2 3
0 0 0 0 1 6 1 0 1 4 2 0 5 -1 -1 -1 -1 -1 -1 107165 0 15 40 16 16.25 2 4 2 3
0 0 0 0 1 1 6 0 1 4 2 0 6 -1 -1 -1 -1 -1 -1 107765 0 15 40 16 16.25 2 4 2 3
0 0 0 1 1 3 6 1 1 4 2 0 6 5 3 8 3 0 0 108398 0 15 40 16 14.0833 2 6 2 5
0 0 0 1 1 1 6 1 1 4 2 0 6 -1 -1 -1 -1 -1 -1 109032 0 15 40 16 16.25 2 6 2 5
0 0 0 1 1 6 1 1 1 4 2 0 5 -1 -1 -1 -1 -1 -1 109665 0 15 40 16 16.25 2 6 2 5
0 0 0 1 1 6 1 1 1 4 2 0 5 -1 -1 -1 -1 -1 -1 110298 0 15 40 16 14.95 2 6 2 5
0 0 0 1 1 6 3 1 1 4 2 0 5 6 1 7 2 0 0 110965 0 15 40 16 16.25 2 5 2 5
0 0 0 1 1 6 1 1 1 4 2 1 5 -1 -1 -1 -1 -1 -1 111565 0 15 40 16 16.25 2 5 2 5
0 0 0 1 1 6 1 1 1 4 2 1 5 -1 -1 -1 -1 -1 -1 112198 0 15 40 16 16.25 2 5 2 5
0 0 0 1 1 6 1 1 1 4 2 1 5 -1 -1 -1 -1 -1 -1 112865 0 15 40 16 16.25 2 5 2 5
0 0 0 1 1 8 2 1 1 4 2 1 5 6 3 8 3 1 0 113498 0 15 40 16 16.25 2 4 2 5
0 0 0 1 1 6 1 1 1 4 2 1 5 -1 -1 -1 -1 -1 -1 114265 0 15 40 15 12.5 2 4 2 5
0 0 0 1 1 6 1 1 1 4 2 1 5 -1 -1 -1 -1 -1 -1 115065 0 15 40 15 12.5 2 4 2 5
0 0 0 1 1 6 1 1 1 4 2 1 5 -1 -1 -1 -1 -1 -1 115865 0 15 40 15 12.5 2 4 2 5
0 0 0 1 3 6 1 1 1 4 2 1 5 4 0 6 1 0 0 116765 0 15 40 15 12.5 2 4 2 5
0 0 0 1 1 6 1 1 1 4 2 1 5 -1 -1 -1 -1 -1 -1 117565 0 15 40 15 12.5 2 4 2 5
0 0 0 1 1 6 1 1 1 4 2 1 5 -1 -1 -1 -1 -1 -1 118365 0 15 40 15 11.6667 2 4 2 5
0 0 0 1 1 6 1 1 1 4 2 1 5 -1 -1 -1 -1 -1 -1 119231 0 15 40 15 12.5 2 4 2 5
0 0 0 3 1 6 1 1 1 4 2 1 5 3 2 5 0 0 0 120031 0 15 40 15 12.5 2 4 2 5
0 0 0 1 1 6 1 1 1 4 2 1 5 -1 -1 -1 -1 -1 -1 120865 0 15 40 15 12.5 2 4 2 5
0 0 0 1 1 6 1 1 1 4 2 1 5 -1 -1 -1 -1 -1 -1 121665 0 15 40 15 12.5 2 4 2 5
0 0 0 1 1 6 1 1 1 4 2 1 5 -1 -1 -1 -1 -1 -1 122465 0 15 40 15 11.1667 2 4 2 5
0 0 0 3 1 6 1 1 1 4 2 1 5 3 3 8 3 0 0 123265 0 15 40 15 12.5 2 8 0 5
0 0 0 1 1 6 1 1 1 4 2 1 5 -1 -1 -1 -1 -1 -1 124065 0 15 40 15 12.5 2 8 0 5
0 0 0 1 1 1 6 1 1 4 2 1 6 -1 -1 -1 -1 -1 -1 124898 0 15 40 15 12.5 2 8 0 5
0 0 0 1 1 1 6 1 1 4 2 1 6 -1 -1 -1 -1 -1 -1 125698 0 15 40 15 12.5 2 8 0 5
0 0 0 1 1 3 6 1 1 4 2 1 6 5 1 7 2 0 0 126498 0 15 40 15 12.5 2 6 2 5
0 0 0 1 1 6 1 1 1 4 2 1 5 -1 -1 -1 -1 -1 -1 127298 0 15 40 15 12.5 2 6 2 5
0 0 0 1 1 6 1 1 1 4 2 1 5 -1 -1 -1 -1 -1 -1 128131 0 15 40 15 12.5 2 6 2 5
0 0 0 1 6 1 1 1 1 4 2 1 4 -1 -1 -1 -1 -1 -1 128931 0 15 40 15 12.5 2 6 2 5
0 0 0 1 1 8 1 1 1 4 2 1 5 5 2 5 0 0 1 129765 0 15 40 15 12.5 2 4 2 5
0 0 0 1 1 6 1 1 1 4 2 1 5 -1 -1 -1 -1 -1 -1 130565 0 15 40 15 12.5 2 4 2 5
0 0 0 1 1 1 6 1 1 4 2 1 6 -1 -1 -1 -1 -1 -1 131365 0 15 40 15 11.8333 2 4 2 5
0 0 0 1 1 1 1 6 1 4 2 1 7 -1 -1 -1 -1 -1 -1 132299 0 15 40 15 12.5 2 4 2 5
0 0 0 1 1 1 1 7 1 4 2 1 7 7 1 7 2 1 1 133099 0 15 40 15 12.5 2 6 2 5
0 0 0 1 1 1 6 1 1 4 2 1 6 -1 -1 -1 -1 -1 -1 133899 0 15 40 15 11.5 2 6 2 5
0 0 0 1 1 6 1 1 1 4 2 1 5 -1 -1 -1 -1 -1 -1 134833 0 15 40 15 12.5 2 6 2 5
0 0 0 1 1 6 1 1 1 4 2 1 5 -1 -1 -1 -1 -1 -1 135633 0 15 40 15 12.5 2 6 2 5
0 0 0 1 1 6 3 1 1 4 2 1 5 6 3 8 3 0 0 136466 0 15 40 15 11.1667 2 5 2 5
0 0 0 1 1 6 1 1 1 4 2 1 5 -1 -1 -1 -1 -1 -1 137333 0 15 40 15 12.5 2 5 2 5
0 0 0 1 1 6 1 1 1 4 2 1 5 -1 -1 -1 -1 -1 -1 138133 0 15 40 15 12.5 2 5 2 5
0 0 0 1 1 6 1 1 1 4 2 1 5 -1 -1 -1 -1 -1 -1 138967 0 15 40 15 12.5 2 5 2 5
0 0 0 1 1 7 1 1 1 4 2 1 5 5 1 7 2 1 1 139767 0 15 40 15 12.5 2 4 2 5
0 0 0 1 1 6 1 1 1 4 2 1 5 -1 -1 -1 -1 -1 -1 140434 0 15 40 16 16.25 2 4 2 5
0 0 0 1 1 6 1 1 1 4 2 1 5 -1 -1 -1 -1 -1 -1 141034 0 15 40 16 16.25 2 4 2 5
0 0 0 1 1 6 1 1 1 4 2 1 5 -1 -1 -1 -1 -1 -1 141667 0 15 40 16 16.25 2 4 2 5
0 0 0 1 3 6 1 1 1 4 2 1 5 4 0 6 1 0 0 142268 0 15 40 16 14.7333 2 4 2 5
0 0 0 1 1 6 1 1 1 4 2 2 5 -1 -1 -1 -1 -1 -1 142968 0 15 40 16 16.25 2 4 2 5
0 0 0 1 1 6 1 1 1 4 2 2 5 -1 -1 -1 -1 -1 -1 143568 0 15 40 16 16.25 2 4 2 5
0 0 0 1 1 1 6 1 1 4 2 2 6 -1 -1 -1 -1 -1 -1 144201 0 15 40 16 16.0333 2 4 2 5
0 0 0 1 1 2 8 1 1 4 2 2 6 5 1 7 2 1 0 144801 0 15 40 16 16.25 2 4 2 5
0 0 0 1 1 1 6 1 1 4 2 2 6 -1 -1 -1 -1 -1 -1 145568 0 15 40 15 12.5 2 4 2 5
0 0 0 1 1 4 6 1 1 4 2 2 6 -1 -1 -1 -1 -1 -1 146435 1 15 40 15 12.5 2 4 2 5
0 0 0 1 1 1 6 1 1 4 2 2 6 -1 -1 -1 -1 -1 -1 147235 0 15 40 15 12.5 2 4 2 5
0 0 0 1 3 1 6 1 1 4 2 2 6 4 2 5 0 0 0 148036 0 15 40 15 11.5 2 8 0 5
0 0 0 1 1 1 6 1 1 4 2 2 6 -1 -1 -1 -1 -1 -1 148869 0 15 40 15 12.5 2 8 0 5
0 0 0 1 1 4 6 1 1 4 2 2 6 -1 -1 -1 -1 -1 -1 149669 1 15 40 15 12.5 2 8 0 5
0 0 0 1 1 1 6 1 1 4 2 2 6 -1 -1 -1 -1 -1 -1 150503 0 15 40 15 12.5 2 8 0 5
0 0 0 1 1 3 6 1 1 4 2 2 6 5 0 6 1 0 0 151303 0 15 40 15 12.5 2 6 2 5
0 0 0 1 1 1 6 1 1 4 2 2 6 -1 -1 -1 -1 -1 -1 152103 0 15 40 15 12.5 2 6 2 5
0 0 0 1 1 4 6 1 1 4 2 2 6 -1 -1 -1 -1 -1 -1 152903 1 15 40 15 12.5 2 6 2 5
0 0 0 1 1 1 6 1 1 4 2 2 6 -1 -1 -1 -1 -1 -1 153737 0 15 40 15 10.3333 2 6 2 5
0 0 0 1 1 1 6 3 1 4 2 2 6 7 3 8 3 0 0 154537 0 15 40 15 12.5 2 4 2 5
0 0 0 1 1 1 6 1 1 4 2 2 6 -1 -1 -1 -1 -1 -1 155337 0 15 40 15 12.1667 2 4 2 5
0 0 0 1 1 4 6 1 1 4 2 2 6 -1 -1 -1 -1 -1 -1 156137 1 15 40 15 12.5 2 4 2 5
0 0 0 1 1 1 6 1 1 4 2 2 6 -1 -1 -1 -1 -1 -1 156937 0 15 40 15 12.5 2 4 2 5
0 0 0 1 1 6 1 3 1 4 2 2 5 7 1 7 2 0 0 157804 0 15 40 15 12.5 2 6 2 5
0 0 0 1 1 6 1 1 1 4 2 2 5 -1 -1 -1 -1 -1 -1 158604 0 15 40 15 12.5 2 6 2 5
0 0 0 1 1 6 4 1 1 4 2 2 5 -1 -1 -1 -1 -1 -1 159405 1 15 40 15 12.5 2 6 2 5
0 0 0 1 1 1 6 1 1 4 2 2 6 -1 -1 -1 -1 -1 -1 160205 0 15 40 15 12.5 2 6 2 5
0 0 0 1 1 1 7 1 1 4 2 2 6 6 3 8 3 1 1 161005 0 15 40 15 11.3333 2 5 2 5
0 0 0 1 1 1 6 1 1 4 2 2 6 -1 -1 -1 -1 -1 -1 162005 0 15 40 15 12.5 2 5 2 5
0 0 0 1 1 4 6 1 1 4 2 2 6 -1 -1 -1 -1 -1 -1 162805 1 15 40 15 12.5 2 5 2 5
0 0 0 1 1 1 6 1 1 4 2 2 6 -1 -1 -1 -1 -1 -1 163605 0 15 40 15 11.8333 2 5 2 5
0 0 0 1 3 6 1 1 1 4 2 2 5 4 2 5 0 0 0 164406 0 15 40 15 12.5 2 4 2 5
0 0 0 1 1 6 1 1 1 4 2 2 5 -1 -1 -1 -1 -1 -1 165206 0 15 40 15 12.3333 2 4 2 5
0 0 0 1 1 6 4 1 1 4 2 2 5 -1 -1 -1 -1 -1 -1 166039 1 15 40 15 12.5 2 4 2 5
0 0 0 1 1 6 1 1 1 4 2 2 5 -1 -1 -1 -1 -1 -1 166840 0 15 40 15 12.5 2 4 2 5
0 0 0 1 1 6 3 1 1 4 2 2 5 6 0 6 1 0 0 167706 0 15 40 15 10 2 4 2 5
0 0 0 1 1 6 1 1 1 4 2 2 5 -1 -1 -1 -1 -1 -1 168540 0 15 40 15 12.5 2 4 2 5
0 0 0 4 1 6 1 1 1 4 2 2 5 -1 -1 -1 -1 -1 -1 169340 1 15 40 15 12.5 2 4 2 5
0 0 0 1 1 6 1 1 1 4 2 2 5 -1 -1 -1 -1 -1 -1 170174 0 15 40 15 12.5 2 4 2 5
0 0 0 1 1 7 1 1 1 4 2 2 5 5 2 5 0 1 1 170974 0 15 40 15 12.5 2 4 2 5
0 0 0 1 1 6 1 1 1 4 2 2 5 -1 -1 -1 -1 -1 -1 171641 0 15 40 16 16.25 2 4 2 5
0 0 0 1 1 6 4 1 1 4 2 2 5 -1 -1 -1 -1 -1 -1 172241 1 15 40 16 16.25 2 4 2 5
0 0 0 1 1 6 1 1 1 4 2 2 5 -1 -1 -1 -1 -1 -1 172874 0 15 40 16 16.25 2 4 2 5
0 0 0 1 1 7 1 1 1 4 2 2 5 5 0 6 1 1 1 173508 0 15 40 16 13.8667 2 8 0 5
0 0 0 1 1 1 6 1 1 4 2 2 6 -1 -1 -1 -1 -1 -1 174274 0 15 40 16 13 2 8 0 5
0 0 0 1 1 4 6 1 1 4 2 2 6 -1 -1 -1 -1 -1 -1 174908 1 15 40 16 16.25 2 8 0 5
0 0 0 1 1 1 6 1 1 4 2 2 6 -1 -1 -1 -1 -1 -1 175541 0 15 40 16 16.25 2 8 0 5
0 0 0 1 1 3 6 1 1 4 2 2 6 5 3 8 3 0 0 176142 0 15 40 16 14.7333 2 6 2 5
0 0 0 1 1 1 6 1 1 4 2 2 6 -1 -1 -1 -1 -1 -1 176808 0 15 40 16 16.25 2 6 2 5
0 0 0 1 4 6 1 1 1 4 2 2 5 -1 -1 -1 -1 -1 -1 177442 1 15 40 16 16.25 2 6 2 5
0 0 0 1 6 1 1 1 1 4 2 2 4 -1 -1 -1 -1 -1 -1 178042 0 15 40 16 16.0333 2 6 2 5
0 0 0 1 6 3 1 1 1 4 2 2 4 5 2 5 0 0 0 178709 0 15 40 16 16.25 2 4 2 5
0 0 0 1 6 1 1 1 1 4 2 2 4 -1 -1 -1 -1 -1 -1 179309 0 15 40 16 16.25 2 4 2 5
0 0 0 1 6 4 1 1 1 4 2 2 4 -1 -1 -1 -1 -1 -1 179942 1 15 40 16 16.25 2 4 2 5
0 0 0 1 1 6 1 1 1 4 2 2 5 -1 -1 -1 -1 -1 -1 180642 0 15 40 16 13 2 4 2 5
0 0 0 3 1 6 1 1 1 4 2 2 5 3 0 6 1 0 0 181343 0 15 40 16 16.25 2 6 2 5
0 0 0 1 1 6 1 1 1 4 2 2 5 -1 -1 -1 -1 -1 -1 181976 0 15 40 16 16.25 2 6 2 5
0 0 0 4 6 1 1 1 1 4 2 2 4 -1 -1 -1 -1 -1 -1 182576 1 15 40 16 16.25 2 6 2 5
0 0 0 1 6 1 1 1 1 4 2 2 4 -1 -1 -1 -1 -1 -1 183210 0 15 40 16 16.25 2 6 2 5
0 0 0 1 7 1 1 1 1 4 2 2 4 4 2 5 0 1 1 183810 0 15 40 16 16.25 2 5 2 5
0 0 0 1 6 1 1 1 1 4 2 2 4 -1 -1 -1 -1 -1 -1 184343 0 15 40 17 20 2 5 2 5
0 0 0 1 1 6 1 1 2 0 3 1 5 -1 -1 -1 -1 -1 -1 191578 0 15 15 15 60 2 8 0 5
0 0 0 1 1 6 1 1 2 0 3 1 5 -1 -1 -1 -1 -1 -1 191745 0 15 15 15 60 2 8 0 5
0 0 0 1 1 6 1 1 2 0 3 1 5 -1 -1 -1 -1 -1 -1 191912 0 15 15 15 60 2 6 2 5
0 0 0 1 1 6 1 1 2 0 3 1 5 -1 -1 -1 -1 -1 -1 192078 0 15 15 15 50 2 6 2 5
0 0 0 1 1 6 1 1 2 0 3 1 5 -1 -1 -1 -1 -1 -1 192378 0 15 15 15 20 2 6 2 5
0 0 0 1 1 6 1 1 2 0 3 1 5 -1 -1 -1 -1 -1 -1 193312 0 15 15 15 12.5 2 6 2 5
0 0 0 1 6 1 1 1 2 0 3 1 4 -1 -1 -1 -1 -1 -1 194112 0 15 15 15 12.5 2 6 2 5
0 0 0 1 1 6 1 1 2 0 3 1 5 -1 -1 -1 -1 -1 -1 194912 0 15 15 15 11.8333 2 6 2 5
0 0 0 1 1 6 1 1 2 0 3 1 5 -1 -1 -1 -1 -1 -1 195746 0 15 15 15 12.5 2 6 2 5
0 0 0 1 1 6 1 1 2 0 3 1 5 -1 -1 -1 -1 -1 -1 196546 0 15 15 15 12.5 2 6 2 5
0 0 0 1 1 3 6 1 2 0 3 1 6 5 0 4 1 0 0 197446 0 15 15 15 10 2 5 2 5
0 0 0 1 1 1 6 1 2 0 3 1 6 -1 -1 -1 -1 -1 -1 198446 0 15 15 15 10 2 5 2 5
0 0 0 1 1 1 6 1 2 0 3 1 6 -1 -1 -1 -1 -1 -1 199313 0 15 15 15 12.5 2 5 2 5
0 0 0 1 1 1 6 1 2 0 3 1 6 -1 -1 -1 -1 -1 -1 200113 0 15 15 15 12.5 2 5 2 5
0 0 0 3 1 1 6 1 2 0 3 1 6 3 0 4 1 0 0 201013 0 15 15 15 10 2 6 2 5
0 0 0 1 1 6 1 1 2 0 3 1 5 -1 -1 -1 -1 -1 -1 202014 0 15 15 15 12.5 2 6 2 5
0 0 0 1 1 6 1 1 2 0 3 1 5 -1 -1 -1 -1 -1 -1 202814 0 15 15 15 12.5 2 6 2 5
0 0 0 1 1 6 1 1 2 0 3 1 5 -1 -1 -1 -1 -1 -1 203614 0 15 15 15 12 2 6 2 5
0 0 0 3 1 6 1 1 2 0 3 1 5 3 3 4 3 0 0 204548 0 15 15 15 10 2 4 2 5
0 0 0 1 1 6 1 1 2 0 3 1 5 -1 -1 -1 -1 -1 -1 205414 0 15 15 15 12.5 2 4 2 5
0 0 0 1 1 1 6 1 2 0 3 1 6 -1 -1 -1 -1 -1 -1 206215 0 15 15 15 12.5 2 4 2 5
0 0 0 1 1 1 6 1 2 0 3 1 6 -1 -1 -1 -1 -1 -1 207115 0 15 15 15 10 2 4 2 5
0 0 0 1 1 3 6 1 2 0 3 1 6 5 2 4 0 0 0 208015 0 15 15 15 12.5 2 6 2 5
0 0 0 1 1 1 6 1 2 0 3 1 6 -1 -1 -1 -1 -1 -1 208815 0 15 15 15 12.5 2 6 2 5
0 0 0 1 1 6 1 1 2 0 3 1 5 -1 -1 -1 -1 -1 -1 209682 0 15 15 15 12.5 2 6 2 5
0 0 0 1 1 6 1 1 2 0 3 1 5 -1 -1 -1 -1 -1 -1 210482 0 15 15 15 12.5 2 6 2 5
0 0 0 1 1 6 1 3 2 0 3 1 5 7 3 4 3 0 0 211282 0 15 15 15 12 2 4 2 5
0 0 0 1 1 6 1 1 2 0 3 1 5 -1 -1 -1 -1 -1 -1 212149 0 15 15 15 12.5 2 4 2 5
0 0 0 1 1 1 1 6 2 0 3 1 7 -1 -1 -1 -1 -1 -1 212949 0 15 15 15 12.5 2 4 2 5
0 0 0 1 1 1 6 1 2 0 3 1 6 -1 -1 -1 -1 -1 -1 213783 0 15 15 15 10.5 2 4 2 5
0 0 0 1 1 1 7 1 2 0 3 1 6 6 3 4 3 1 1 214650 0 15 15 15 12.5 2 8 0 5
0 0 0 1 1 1 6 1 2 0 3 1 6 -1 -1 -1 -1 -1 -1 215450 0 15 15 15 12.5 2 8 0 5
0 0 0 1 1 1 6 1 2 0 3 1 6 -1 -1 -1 -1 -1 -1 216317 0 15 15 15 12.5 2 8 0 5
0 0 0 1 1 1 6 1 2 0 3 1 6 -1 -1 -1 -1 -1 -1 217117 0 15 15 15 12.5 2 8 0 5
0 0 0 1 1 1 7 1 2 0 3 1 6 6 2 4 0 1 1 217917 0 15 15 15 11.1667 2 6 2 5
0 0 0 1 1 1 6 1 2 0 3 1 6 -1 -1 -1 -1 -1 -1 218817 0 15 15 15 12.5 2 6 2 5
0 0 0 1 1 6 1 1 2 0 3 1 5 -1 -1 -1 -1 -1 -1 219617 0 15 15 15 12.5 2 6 2 5
0 0 0 1 1 6 1 1 2 0 3 1 5 -1 -1 -1 -1 -1 -1 220484 0 15 15 15 10 2 6 2 5
0 0 0 1 1 7 1 1 2 0 3 1 5 5 3 4 3 1 1 221284 0 15 15 15 12.5 2 6 2 5
0 0 0 0 1 6 1 0 3 1 3 0 5 -1 -1 -1 -1 -1 -1 226986 0 15 15 15 60 2 8 0 3
0 0 0 0 1 6 1 0 3 1 3 0 5 -1 -1 -1 -1 -1 -1 227152 0 15 15 15 60 2 8 0 3
0 0 0 0 1 6 1 0 3 1 3 0 5 -1 -1 -1 -1 -1 -1 227319 0 15 15 15 60 2 5 2 3
0 0 0 0 1 6 1 0 3 1 3 0 5 -1 -1 -1 -1 -1 -1 227486 0 15 15 15 50 2 5 2 3
0 0 0 0 1 6 1 0 3 1 3 0 5 -1 -1 -1 -1 -1 -1 227786 0 15 15 15 20 2 5 2 3
0 0 0 0 1 6 1 0 3 1 3 0 5 -1 -1 -1 -1 -1 -1 228686 0 15 15 15 12.5 2 5 2 3
0 0 0 0 1 6 1 0 3 1 3 0 5 -1 -1 -1 -1 -1 -1 229486 0 15 15 15 12.5 2 4 2 3
0 0 0 0 1 6 1 0 3 1 3 0 5 -1 -1 -1 -1 -1 -1 230320 0 15 15 15 11 2 4 2 3
0 0 0 0 1 6 1 0 3 1 3 0 5 -1 -1 -1 -1 -1 -1 231153 0 15 15 15 12.5 2 4 2 3
0 0 0 0 6 1 1 0 3 1 3 0 4 -1 -1 -1 -1 -1 -1 231953 0 15 15 15 12.5 2 4 2 3
0 0 0 0 6 3 1 0 3 1 3 0 4 5 4 8 3 0 0 232787 0 15 15 15 12.5 2 4 2 3
0 0 0 0 6 1 1 0 3 1 3 0 4 -1 -1 -1 -1 -1 -1 233587 0 15 15 15 12.5 2 4 2 3
0 0 0 0 6 1 1 0 3 1 3 0 4 -1 -1 -1 -1 -1 -1 234387 0 15 15 15 12.5 2 4 2 3
0 0 0 0 6 1 1 0 3 1 3 0 4 -1 -1 -1 -1 -1 -1 235187 0 15 15 15 12.5 2 4 2 3
0 0 0 0 6 3 1 0 3 1 3 0 4 5 4 5 0 0 0 236021 0 15 15 15 11 2 4 2 3
0 0 0 0 6 1 1 0 3 1 3 0 4 -1 -1 -1 -1 -1 -1 236888 0 15 15 15 12.5 2 4 2 3
0 0 0 0 6 1 1 0 3 1 3 0 4 -1 -1 -1 -1 -1 -1 237688 0 15 15 15 12.5 2 4 2 3
0 0 0 0 6 1 1 0 3 1 3 0 4 -1 -1 -1 -1 -1 -1 238555 0 15 15 15 12.5 2 4 2 3
0 0 0 0 6 1 3 0 3 1 3 0 4 6 4 8 3 0 0 239355 0 15 15 15 12.5 2 6 2 3
0 0 0 0 6 1 1 0 3 1 3 0 4 -1 -1 -1 -1 -1 -1 240155 0 15 15 15 12.5 2 6 2 3
0 0 0 0 1 1 6 0 3 1 3 0 6 -1 -1 -1 -1 -1 -1 240955 0 15 15 15 12.5 2 6 2 3
0 0 0 0 1 1 6 0 3 1 3 0 6 -1 -1 -1 -1 -1 -1 241756 0 15 15 15 11.6667 2 6 2 3
0 0 0 0 1 3 6 0 3 1 3 0 6 5 4 5 0 0 0 242656 0 15 15 15 12.5 2 5 2 3
0 0 0 0 1 6 1 0 3 1 3 0 5 -1 -1 -1 -1 -1 -1 243456 0 15 15 15 12.5 2 5 2 3
0 0 0 0 1 6 1 0 3 1 3 0 5 -1 -1 -1 -1 -1 -1 244289 0 15 15 15 10.3333 2 5 2 3
0 0 0 0 1 6 1 0 3 1 3 0 5 -1 -1 -1 -1 -1 -1 245290 0 15 15 15 10 2 5 2 3
0 0 0 0 3 6 1 0 3 1 3 0 5 4 4 8 3 0 0 246090 0 15 15 15 12.5 2 6 2 3
0 0 0 0 1 1 6 0 3 1 3 0 6 -1 -1 -1 -1 -1 -1 246890 0 15 15 15 12.5 2 6 2 3
0 0 0 0 1 1 6 0 3 1 3 0 6 -1 -1 -1 -1 -1 -1 247823 0 15 15 15 10 2 6 2 3
0 0 0 0 1 1 6 0 3 1 3 0 6 -1 -1 -1 -1 -1 -1 248690 0 15 15 15 12.5 2 6 2 3
0 0 0 0 1 1 7 0 3 1 3 0 6 6 4 8 3 1 1 249491 0 15 15 15 12.5 2 8 0 3
0 0 0 0 1 6 1 0 3 1 3 0 5 -1 -1 -1 -1 -1 -1 250391 0 15 15 15 10 2 8 0 3
0 0 0 0 1 6 1 0 3 1 3 0 5 -1 -1 -1 -1 -1 -1 251258 0 15 15 15 12.5 2 8 0 3
0 0 0 0 1 6 1 0 3 1 3 0 5 -1 -1 -1 -1 -1 -1 252058 0 15 15 15 12.5 2 8 0 3
0 0 0 0 3 6 1 0 3 1 3 0 5 4 4 7 2 0 0 252891 0 15 15 15 12.5 2 5 2 3
0 0 0 0 1 6 1 0 3 1 3 0 5 -1 -1 -1 -1 -1 -1 253691 0 15 15 15 12.5 2 5 2 3
0 0 0 0 1 6 1 0 3 1 3 0 5 -1 -1 -1 -1 -1 -1 254525 0 15 15 15 10.3333 2 5 2 3
0 0 0 0 1 6 1 0 3 1 3 0 5 -1 -1 -1 -1 -1 -1 255458 0 15 15 15 12.5 2 5 2 3
0 0 0 0 1 6 3 0 3 1 3 0 5 6 4 5 0 0 0 256259 0 15 15 15 12.5 2 4 2 3
0 0 0 0 1 6 1 0 3 1 3 0 5 -1 -1 -1 -1 -1 -1 257058 0 15 15 15 12.5 2 4 2 3
0 0 0 0 1 6 1 0 3 1 3 0 5 -1 -1 -1 -1 -1 -1 257858 0 15 15 15 12.5 2 4 2 3
0 0 0 0 1 1 6 0 3 1 3 0 6 -1 -1 -1 -1 -1 -1 258658 0 15 15 15 12 2 4 2 3
0 0 0 0 1 2 8 0 3 1 3 0 6 5 4 8 3 1 0 259524 0 15 15 15 12.5 2 4 2 3
0 0 0 0 1 1 6 0 3 1 3 0 6 -1 -1 -1 -1 -1 -1 260324 0 15 15 15 12.5 2 4 2 3
0 0 0 0 1 1 6 0 3 1 3 0 6 -1 -1 -1 -1 -1 -1 261124 0 15 15 15 12.5 2 4 2 3
0 0 0 0 1 6 1 0 3 1 3 0 5 -1 -1 -1 -1 -1 -1 261924 0 15 15 15 12.5 2 4 2 3
0 0 0 0 1 1 8 0 3 1 3 0 6 6 4 5 0 0 1 262790 0 15 15 15 10 2 4 2 3
0 0 0 0 1 6 1 0 3 1 3 0 5 -1 -1 -1 -1 -1 -1 263757 0 15 15 15 12.5 2 4 2 3
0 0 0 0 6 1 1 0 3 1 3 0 4 -1 -1 -1 -1 -1 -1 264556 0 15 15 15 12.5 2 4 2 3
0 0 0 0 6 1 1 0 3 1 3 0 4 -1 -1 -1 -1 -1 -1 265356 0 15 15 15 11.6667 2 4 2 3
0 0 0 0 7 1 1 0 3 1 3 0 4 4 4 5 0 1 1 266189 0 15 15 15 12.5 2 6 2 3
0 0 0 0 1 6 1 0 3 1 3 0 5 -1 -1 -1 -1 -1 -1 266989 0 15 15 15 12.5 2 6 2 3
0 0 0 0 1 1 6 0 3 1 3 0 6 -1 -1 -1 -1 -1 -1 267889 0 15 15 15 10 2 6 2 3
0 0 0 0 1 1 6 0 3 1 3 0 6 -1 -1 -1 -1 -1 -1 268755 0 15 15 15 12.5 2 6 2 3
0 0 0 0 1 3 6 0 3 1 3 0 6 5 4 6 1 0 0 269555 0 15 15 15 12.5 2 5 2 3
0 0 0 0 1 1 6 0 3 1 3 0 6 -1 -1 -1 -1 -1 -1 270455 0 15 15 15 10 2 5 2 3
0 0 0 0 1 1 6 0 3 1 3 0 6 -1 -1 -1 -1 -1 -1 271288 0 15 15 15 12.5 2 5 2 3
0 0 0 0 1 1 6 0 3 1 3 0 6 -1 -1 -1 -1 -1 -1 272088 0 15 15 15 12.5 2 5 2 3
0 0 0 0 1 3 6 0 3 1 3 0 6 5 4 7 2 0 0 272888 0 15 15 15 12.5 2 6 2 3
0 0 0 0 1 1 6 0 3 1 3 0 6 -1 -1 -1 -1 -1 -1 273688 0 15 15 15 12.5 2 6 2 3
0 0 0 0 1 1 6 0 3 1 3 0 6 -1 -1 -1 -1 -1 -1 274587 0 15 15 15 10 2 6 2 3
0 0 0 0 1 1 6 0 3 1 3 0 6 -1 -1 -1 -1 -1 -1 275520 0 15 15 15 12.5 2 6 2 3
0 0 0 0 1 1 7 0 3 1 3 0 6 6 4 5 0 1 1 276320 0 15 15 15 12.5 2 8 0 3
0 0 0 0 1 6 1 0 3 1 3 0 5 -1 -1 -1 -1 -1 -1 277153 0 15 15 15 10.6667 2 8 0 3
0 0 0 0 1 6 1 0 3 1 3 0 5 -1 -1 -1 -1 -1 -1 278020 0 15 15 15 12.5 2 8 0 3
0 0 0 0 1 6 1 0 3 1 3 0 5 -1 -1 -1 -1 -1 -1 278820 0 15 15 15 12.5 2 8 0 3
0 0 0 0 1 6 3 0 3 1 3 0 5 6 4 5 0 0 0 279686 0 15 15 15 12.5 2 5 2 3
0 0 0 0 1 6 1 0 3 1 3 0 5 -1 -1 -1 -1 -1 -1 280486 0 15 15 15 12.5 2 5 2 3
0 0 0 0 6 1 1 0 3 1 3 0 4 -1 -1 -1 -1 -1 -1 281286 0 15 15 15 12 2 5 2 3
0 0 0 0 1 6 1 0 3 1 3 0 5 -1 -1 -1 -1 -1 -1 282186 0 15 15 15 12.5 2 5 2 3
0 0 0 0 3 6 1 0 3 1 3 0 5 4 4 6 1 0 0 282985 0 15 15 15 12.5 2 4 2 3
0 0 0 0 1 6 1 0 3 1 3 0 5 -1 -1 -1 -1 -1 -1 283818 0 15 15 15 10.5 2 4 2 3
0 0 0 0 1 6 1 0 3 1 3 0 5 -1 -1 -1 -1 -1 -1 284718 0 15 15 15 12.5 2 4 2 3
0 0 0 0 1 1 6 0 3 1 3 0 6 -1 -1 -1 -1 -1 -1 285518 0 15 15 15 12.5 2 4 2 3
0 0 0 0 1 3 6 0 3 1 3 0 6 5 4 8 3 0 0 286351 0 15 15 15 10.3333 2 4 2 3
0 0 0 0 1 6 1 0 3 1 3 0 5 -1 -1 -1 -1 -1 -1 287351 0 15 15 15 10 2 4 2 3
0 0 0 0 1 6 1 0 3 1 3 0 5 -1 -1 -1 -1 -1 -1 288317 0 15 15 15 12.5 2 4 2 3
0 0 0 0 1 6 1 0 3 1 3 0 5 -1 -1 -1 -1 -1 -1 289117 0 15 15 15 12.5 2 4 2 3
0 0 0 0 8 1 1 0 3 1 3 0 4 4 4 6 1 0 1 289917 0 15 15 15 10.8333 2 4 2 3
0 0 0 0 1 1 6 0 3 1 3 0 6 -1 -1 -1 -1 -1 -1 290917 0 15 15 15 10 2 4 2 3
0 0 0 0 1 1 6 0 3 1 3 0 6 -1 -1 -1 -1 -1 -1 291750 0 15 15 15 12.5 2 4 2 3
0 0 0 0 1 1 6 0 3 1 3 0 6 -1 -1 -1 -1 -1 -1 292550 0 15 15 15 12.5 2 4 2 3
0 0 0 0 1 1 7 0 3 1 3 0 6 6 4 6 1 1 1 293483 0 15 15 15 10 2 6 2 3
0 0 0 0 1 6 1 0 3 1 3 0 5 -1 -1 -1 -1 -1 -1 294483 0 15 15 15 12.5 2 6 2 3
0 0 0 0 1 6 1 0 3 1 3 0 5 -1 -1 -1 -1 -1 -1 295282 0 15 15 15 12.5 2 6 2 3
0 0 0 0 1 6 1 0 3 1 3 0 5 -1 -1 -1 -1 -1 -1 296082 0 15 15 15 12 2 6 2 3
0 0 0 0 1 7 1 0 3 1 3 0 5 5 4 8 3 1 1 297049 0 15 15 15 10 2 5 2 3
0 0 0 0 1 1 6 0 3 1 3 0 6 -1 -1 -1 -1 -1 -1 298048 0 15 15 15 10 2 5 2 3
0 0 0 0 1 1 6 0 3 1 3 0 6 -1 -1 -1 -1 -1 -1 298981 0 15 15 15 12.5 2 5 2 3
0 0 0 0 1 6 1 0 3 1 3 0 5 -1 -1 -1 -1 -1 -1 299781 0 15 15 15 12.5 2 5 2 3
0 0 0 0 1 2 8 0 3 1 3 0 6 5 4 6 1 1 0 300614 0 15 15 15 10.8333 2 6 2 3
0 0 0 0 1 1 6 0 3 1 3 0 6 -1 -1 -1 -1 -1 -1 301447 0 15 15 15 12.5 2 6 2 3
0 0 0 0 1 1 6 0 3 1 3 0 6 -1 -1 -1 -1 -1 -1 302247 0 15 15 15 12.5 2 6 2 3
0 0 0 0 1 1 6 0 3 1 3 0 6 -1 -1 -1 -1 -1 -1 303147 0 15 15 15 10 2 6 2 3
0 0 0 0 1 3 6 0 3 1 3 0 6 5 4 7 2 0 0 303980 0 15 15 15 12.5 2 8 0 3
0 0 0 0 1 6 1 0 3 1 3 0 5 -1 -1 -1 -1 -1 -1 304780 0 15 15 15 12.3333 2 8 0 3
0 0 0 0 1 6 1 0 3 1 3 0 5 -1 -1 -1 -1 -1 -1 305680 0 15 15 15 12.5 2 8 0 3
0 0 0 0 1 6 1 0 3 1 3 0 5 -1 -1 -1 -1 -1 -1 306480 0 15 15 15 12.5 2 8 0 3
0 0 0 0 3 6 1 0 3 1 3 0 5 4 4 6 1 0 0 307279 0 15 15 15 11.6667 2 5 2 3
0 0 0 0 1 6 1 0 3 1 3 0 5 -1 -1 -1 -1 -1 -1 308212 0 15 15 15 12.5 2 5 2 3
0 0 0 0 1 6 1 0 3 1 3 0 5 -1 -1 -1 -1 -1 -1 309012 0 15 15 15 12.5 2 5 2 3
0 0 0 0 1 6 1 0 3 1 3 0 5 -1 -1 -1 -1 -1 -1 309845 0 15 15 15 11.1667 2 5 2 3
0 0 0 0 3 6 1 0 3 1 3 0 5 4 4 7 2 0 0 310745 0 15 15 15 12.5 2 4 2 3
0 0 0 0 1 6 1 0 3 1 3 0 5 -1 -1 -1 -1 -1 -1 311545 0 15 15 15 12.5 2 4 2 3
0 0 0 0 1 1 6 0 3 1 3 0 6 -1 -1 -1 -1 -1 -1 312378 0 15 15 15 10.5 2 4 2 3
0 0 0 0 1 1 6 0 3 1 3 0 6 -1 -1 -1 -1 -1 -1 313211 0 15 15 15 12.5 2 4 2 3
0 0 0 0 1 3 6 0 3 1 3 0 6 5 4 8 3 0 0 314011 0 15 15 15 12.5 2 4 2 3
0 0 0 0 1 1 6 0 3 1 3 0 6 -1 -1 -1 -1 -1 -1 314944 0 15 15 15 10 2 4 2 3
0 0 0 0 1 6 1 0 3 1 3 0 5 -1 -1 -1 -1 -1 -1 315811 0 15 15 15 12.5 2 4 2 3
0 0 0 0 1 6 1 0 3 1 3 0 5 -1 -1 -1 -1 -1 -1 316610 0 15 15 15 12.5 2 4 2 3
0 0 0 0 1 6 3 0 3 1 3 0 5 6 4 8 3 0 0 317477 0 15 15 15 10 2 4 2 3
0 0 0 0 1 6 1 0 3 1 3 0 5 -1 -1 -1 -1 -1 -1 318310 0 15 15 15 12.5 2 4 2 3
0 0 0 0 1 6 1 0 3 1 3 0 5 -1 -1 -1 -1 -1 -1 319110 0 15 15 15 12.3333 2 4 2 3
0 0 0 0 1 6 1 0 3 1 3 0 5 -1 -1 -1 -1 -1 -1 319910 0 15 15 15 12.5 2 4 2 3
0 0 0 0 1 7 1 0 3 1 3 0 5 5 4 7 2 1 1 320709 0 15 15 15 12.5 2 6 2 3
0 0 0 0 1 6 1 0 3 1 3 0 5 -1 -1 -1 -1 -1 -1 321576 0 15 15 15 12.5 2 6 2 3
0 0 0 0 1 1 6 0 3 1 3 0 6 -1 -1 -1 -1 -1 -1 322376 0 15 15 15 12.5 2 6 2 3
0 0 0 0 1 1 6 0 3 1 3 0 6 -1 -1 -1 -1 -1 -1 323176 0 15 15 15 11.1667 2 6 2 3
0 0 0 0 1 1 7 0 3 1 3 0 6 6 4 8 3 1 1 324009 0 15 15 15 12.5 2 5 2 3
0 0 0 0 1 6 1 0 3 1 3 0 5 -1 -1 -1 -1 -1 -1 324808 0 15 15 15 12.5 2 5 2 3
0 0 0 0 1 1 6 0 3 1 3 0 6 -1 -1 -1 -1 -1 -1 325608 0 15 15 15 12.5 2 5 2 3
0 0 0 0 1 1 6 0 3 1 3 0 6 -1 -1 -1 -1 -1 -1 326408 0 15 15 15 12.5 2 5 2 3
0 0 0 0 1 3 6 0 3 1 3 0 6 5 4 7 2 0 0 327208 0 15 15 15 12.5 2 6 2 3
0 0 0 0 1 1 6 0 3 1 3 0 6 -1 -1 -1 -1 -1 -1 328008 0 15 15 15 12.5 2 6 2 3
0 0 0 0 1 6 1 0 3 1 3 0 5 -1 -1 -1 -1 -1 -1 328874 0 15 15 15 12.5 2 6 2 3
0 0 0 0 6 1 1 0 3 1 3 0 4 -1 -1 -1 -1 -1 -1 329674 0 15 15 15 12.5 2 6 2 3
0 0 0 0 3 6 1 0 3 1 3 0 5 4 4 8 3 0 0 330474 0 15 15 15 12.5 2 8 0 3
0 0 0 0 1 6 1 0 3 1 3 0 5 -1 -1 -1 -1 -1 -1 331274 0 15 15 15 12.5 2 8 0 3
0 0 0 0 1 6 1 0 3 1 3 0 5 -1 -1 -1 -1 -1 -1 332107 0 15 15 15 11.5 2 8 0 3
0 0 0 0 1 6 1 0 3 1 3 0 5 -1 -1 -1 -1 -1 -1 333006 0 15 15 15 12.5 2 8 0 3
0 0 0 0 3 6 1 0 3 1 3 0 5 4 4 5 0 0 0 333806 0 15 15 15 12.5 2 5 2 3
0 0 0 0 1 6 1 0 3 1 3 0 5 -1 -1 -1 -1 -1 -1 334606 0 15 15 15 12.5 2 5 2 3
0 0 0 0 1 1 6 0 3 1 3 0 6 -1 -1 -1 -1 -1 -1 335406 0 15 15 15 12.5 2 5 2 3
0 0 0 0 1 1 6 0 3 1 3 0 6 -1 -1 -1 -1 -1 -1 336239 0 15 15 15 11.5 2 5 2 3
0 0 0 0 1 1 7 0 3 1 3 0 6 6 4 7 2 1 1 337039 0 15 15 15 12.5 2 4 2 3
0 0 0 0 1 6 1 0 3 1 3 0 5 -1 -1 -1 -1 -1 -1 337839 0 15 15 15 12.3333 2 4 2 3
0 0 0 0 6 1 1 0 3 1 3 0 4 -1 -1 -1 -1 -1 -1 338772 0 15 15 15 10 2 4 2 3
0 0 0 0 6 1 1 0 3 1 3 0 4 -1 -1 -1 -1 -1 -1 339572 0 15 15 15 12.5 2 4 2 3
0 0 0 0 7 1 1 0 3 1 3 0 4 4 4 8 3 1 1 340371 0 15 15 15 12.3333 2 4 2 3
0 0 0 0 1 6 1 0 3 1 3 0 5 -1 -1 -1 -1 -1 -1 341338 0 15 15 15 10 2 4 2 3
0 0 0 0 1 6 1 0 3 1 3 0 5 -1 -1 -1 -1 -1 -1 342171 0 15 15 15 12.5 2 4 2 3
0 0 0 0 1 6 1 0 3 1 3 0 5 -1 -1 -1 -1 -1 -1 342971 0 15 15 15 12.5 2 4 2 3
0 0 0 0 1 7 1 0 3 1 3 0 5 5 4 5 0 1 1 343870 0 15 15 15 12.5 2 4 2 3
0 0 0 0 1 6 1 0 3 1 3 0 5 -1 -1 -1 -1 -1 -1 344670 0 15 15 15 12.5 2 4 2 3
0 0 0 0 1 1 6 0 3 1 3 0 6 -1 -1 -1 -1 -1 -1 345470 0 15 15 15 11.6667 2 4 2 3
0 0 0 0 1 1 6 0 3 1 3 0 6 -1 -1 -1 -1 -1 -1 346337 0 15 15 15 12.5 2 4 2 3
0 0 0 0 1 6 1 0 4 1 3 0 5 -1 -1 -1 -1 -1 -1 354501 0 15 15 15 60 2 8 0 3
0 0 0 0 1 6 1 0 4 1 3 0 5 -1 -1 -1 -1 -1 -1 354668 0 15 15 15 60 2 8 0 3
0 0 0 0 1 6 1 0 4 1 3 0 5 -1 -1 -1 -1 -1 -1 354834 0 15 15 15 60 2 6 2 3
0 0 0 0 1 6 1 0 4 1 3 0 5 -1 -1 -1 -1 -1 -1 355001 0 15 15 15 50 2 6 2 3
0 0 0 0 1 6 1 0 4 1 3 0 5 -1 -1 -1 -1 -1 -1 355301 0 15 15 15 20 2 6 2 3
0 0 0 0 1 6 1 0 4 1 3 0 5 -1 -1 -1 -1 -1 -1 356234 0 15 15 15 12.5 2 6 2 3
0 0 0 0 6 1 1 0 4 1 3 0 4 -1 -1 -1 -1 -1 -1 357034 0 15 15 15 12.5 2 5 2 3
0 0 0 0 1 6 1 0 4 1 3 0 5 -1 -1 -1 -1 -1 -1 357834 0 15 15 15 11.6667 2 5 2 3
0 0 0 0 1 6 1 0 4 1 3 0 5 -1 -1 -1 -1 -1 -1 358634 0 15 15 15 12.5 2 5 2 3
0 0 0 0 1 6 1 0 4 1 3 0 5 -1 -1 -1 -1 -1 -1 359433 0 15 15 15 12.5 2 5 2 3
0 0 0 0 3 6 1 0 4 1 3 0 5 4 4 6 1 0 0 360300 0 15 15 15 12.5 2 4 2 3
0 0 0 0 1 6 1 0 4 1 3 0 5 -1 -1 -1 -1 -1 -1 361100 0 15 15 15 12.5 2 4 2 3
0 0 0 0 1 1 6 0 4 1 3 0 6 -1 -1 -1 -1 -1 -1 361933 0 15 15 15 10.5 2 4 2 3
0 0 0 0 1 1 6 0 4 1 3 0 6 -1 -1 -1 -1 -1 -1 362766 0 15 15 15 12.5 2 4 2 3
0 0 0 0 1 3 6 0 4 1 3 0 6 5 4 7 2 0 0 363566 0 15 15 15 12.5 2 6 2 3
0 0 0 0 1 1 6 0 4 1 3 0 6 -1 -1 -1 -1 -1 -1 364465 0 15 15 15 12.5 2 6 2 3
0 0 0 0 1 1 6 0 4 1 3 0 6 -1 -1 -1 -1 -1 -1 365265 0 15 15 15 12.5 2 6 2 3
0 0 0 0 1 1 6 0 4 1 3 0 6 -1 -1 -1 -1 -1 -1 366065 0 15 15 15 11.6667 2 6 2 3
0 0 0 0 1 3 6 0 4 1 3 0 6 5 4 5 0 0 0 366931 0 15 15 15 12.5 2 5 2 3
0 0 0 0 1 1 6 0 4 1 3 0 6 -1 -1 -1 -1 -1 -1 367731 0 15 15 15 12.5 2 5 2 3
0 0 0 0 1 1 6 0 4 1 3 0 6 -1 -1 -1 -1 -1 -1 368564 0 15 15 15 12.5 2 5 2 3
0 0 0 0 1 1 6 0 4 1 3 0 6 -1 -1 -1 -1 -1 -1 369364 0 15 15 15 12.5 2 5 2 3
0 0 0 0 1 1 7 0 4 1 3 0 6 6 4 6 1 1 1 370164 0 15 15 15 11.5 2 4 2 3
0 0 0 0 1 6 1 0 4 1 3 0 5 -1 -1 -1 -1 -1 -1 371030 0 15 15 15 12.5 2 4 2 3
0 0 0 0 1 6 1 0 4 1 3 0 5 -1 -1 -1 -1 -1 -1 371830 0 15 15 15 12.5 2 4 2 3
0 0 0 0 1 6 1 0 4 1 3 0 5 -1 -1 -1 -1 -1 -1 372730 0 15 15 15 10 2 4 2 3
0 0 0 0 3 6 1 0 4 1 3 0 5 4 4 8 3 0 0 373630 0 15 15 15 12.5 2 6 2 3
0 0 0 0 1 6 1 0 4 1 3 0 5 -1 -1 -1 -1 -1 -1 374430 0 15 15 15 12.5 2 6 2 3
0 0 0 0 1 6 1 0 4 1 3 0 5 -1 -1 -1 -1 -1 -1 375263 0 15 15 15 10.1667 2 6 2 3
0 0 0 0 6 1 1 0 4 1 3 0 4 -1 -1 -1 -1 -1 -1 376263 0 15 15 15 10 2 6 2 3
0 0 0 0 8 1 1 0 4 1 3 0 4 4 4 7 2 0 1 377096 0 15 15 15 12.5 2 8 0 3
0 0 0 0 1 6 1 0 4 1 3 0 5 -1 -1 -1 -1 -1 -1 377895 0 15 15 15 12.5 2 8 0 3
0 0 0 0 1 6 1 0 4 1 3 0 5 -1 -1 -1 -1 -1 -1 378829 0 15 15 15 10 2 8 0 3
0 0 0 0 1 6 1 0 4 1 3 0 5 -1 -1 -1 -1 -1 -1 379662 0 15 15 15 12.5 2 8 0 3
0 0 0 0 1 6 3 0 4 1 3 0 5 6 4 8 3 0 0 380462 0 15 15 15 12.5 2 6 2 3
0 0 0 0 1 6 1 0 4 1 3 0 5 -1 -1 -1 -1 -1 -1 381395 0 15 15 15 12.5 2 6 2 3
0 0 0 0 6 1 1 0 4 1 3 0 4 -1 -1 -1 -1 -1 -1 382194 0 15 15 15 12.5 2 6 2 3
0 0 0 0 6 1 1 0 4 1 3 0 4 -1 -1 -1 -1 -1 -1 382994 0 15 15 15 12.5 2 6 2 3
0 0 0 0 6 3 1 0 4 1 3 0 4 5 4 6 1 0 0 383794 0 15 15 15 12.5 2 5 2 3
0 0 0 0 6 1 1 0 4 1 3 0 4 -1 -1 -1 -1 -1 -1 384594 0 15 15 15 12 2 5 2 3
0 0 0 0 1 6 1 0 4 1 3 0 5 -1 -1 -1 -1 -1 -1 385460 0 15 15 15 12.5 2 5 2 3
0 0 0 0 1 6 1 0 4 1 3 0 5 -1 -1 -1 -1 -1 -1 386260 0 15 15 15 12.5 2 5 2 3
0 0 0 0 1 8 2 0 4 1 3 0 5 6 4 7 2 1 0 387093 0 15 15 15 10.1667 2 4 2 3
0 0 0 0 1 6 1 0 4 1 3 0 5 -1 -1 -1 -1 -1 -1 387926 0 15 15 15 12.5 2 4 2 3
0 0 0 0 1 1 6 0 4 1 3 0 6 -1 -1 -1 -1 -1 -1 388726 0 15 15 15 12.5 2 4 2 3
0 0 0 0 1 1 6 0 4 1 3 0 6 -1 -1 -1 -1 -1 -1 389559 0 15 15 15 12.5 2 4 2 3
0 0 0 0 1 3 6 0 4 1 3 0 6 5 4 6 1 0 0 390359 0 15 15 15 12.5 2 6 2 3
0 0 0 0 1 1 6 0 4 1 3 0 6 -1 -1 -1 -1 -1 -1 391226 0 15 15 15 12.5 2 6 2 3
0 0 0 0 1 1 6 0 4 1 3 0 6 -1 -1 -1 -1 -1 -1 392025 0 15 15 15 12.5 2 6 2 3
0 0 0 0 1 1 6 0 4 1 3 0 6 -1 -1 -1 -1 -1 -1 392825 0 15 15 15 11.8333 2 6 2 3
0 0 0 0 1 1 8 0 4 1 3 0 6 6 4 8 3 0 1 393625 0 15 15 15 12.5 2 5 2 3
0 0 0 0 1 1 6 0 4 1 3 0 6 -1 -1 -1 -1 -1 -1 394425 0 15 15 15 12.5 2 5 2 3
0 0 0 0 1 6 1 0 4 1 3 0 5 -1 -1 -1 -1 -1 -1 395358 0 15 15 15 10 2 5 2 3
0 0 0 0 1 6 1 0 4 1 3 0 5 -1 -1 -1 -1 -1 -1 396224 0 15 15 15 12.5 2 5 2 3
0 0 0 0 1 6 3 0 4 1 3 0 5 6 4 6 1 0 0 397024 0 15 15 15 12.5 2 4 2 3
0 0 0 0 1 6 1 0 4 1 3 0 5 -1 -1 -1 -1 -1 -1 397891 0 15 15 15 12.5 2 4 2 3
0 0 0 0 1 6 1 0 4 1 3 0 5 -1 -1 -1 -1 -1 -1 398690 0 15 15 15 12.5 2 4 2 3
0 0 0 0 1 1 6 0 4 1 3 0 6 -1 -1 -1 -1 -1 -1 399490 0 15 15 15 11.5 2 4 2 3
0 0 0 0 1 2 8 0 4 1 3 0 6 5 4 6 1 1 0 400323 0 15 15 15 12.5 2 6 2 3
0 0 0 0 1 6 1 0 4 1 3 0 5 -1 -1 -1 -1 -1 -1 401123 0 15 15 15 12.5 2 6 2 3
0 0 0 0 1 6 1 0 4 1 3 0 5 -1 -1 -1 -1 -1 -1 401923 0 15 15 15 12.5 2 6 2 3
0 0 0 0 1 6 1 0 4 1 3 0 5 -1 -1 -1 -1 -1 -1 402723 0 15 15 15 12.5 2 6 2 3
0 0 0 0 1 7 1 0 4 1 3 0 5 5 4 8 3 1 1 403556 0 15 15 15 12.5 2 8 0 3
0 0 0 0 1 6 1 0 4 1 3 0 5 -1 -1 -1 -1 -1 -1 404356 0 15 15 15 12.5 2 8 0 3
0 0 0 0 1 6 1 0 4 1 3 0 5 -1 -1 -1 -1 -1 -1 405155 0 15 15 15 10.8333 2 8 0 3
0 0 0 0 1 6 1 0 4 1 3 0 5 -1 -1 -1 -1 -1 -1 406122 0 15 15 15 12.5 2 8 0 3
0 0 0 0 3 6 1 0 4 1 3 0 5 4 4 7 2 0 0 406922 0 15 15 15 12.5 2 6 2 3
0 0 0 0 1 6 1 0 4 1 3 0 5 -1 -1 -1 -1 -1 -1 407722 0 15 15 15 11 2 6 2 3
0 0 0 0 1 6 1 0 4 1 3 0 5 -1 -1 -1 -1 -1 -1 408555 0 15 15 15 12.5 2 6 2 3
0 0 0 0 1 6 1 0 4 1 3 0 5 -1 -1 -1 -1 -1 -1 409354 0 15 15 15 12.3333 2 6 2 3
0 0 0 0 3 6 1 0 4 1 3 0 5 4 4 8 3 0 0 410154 0 15 15 15 12.5 2 5 2 3
0 0 0 0 1 6 1 0 4 1 3 0 5 -1 -1 -1 -1 -1 -1 410954 0 15 15 15 12.5 2 5 2 3
0 0 0 0 1 1 6 0 4 1 3 0 6 -1 -1 -1 -1 -1 -1 411821 0 15 15 15 12.5 2 5 2 3
0 0 0 0 1 1 6 0 4 1 3 0 6 -1 -1 -1 -1 -1 -1 412620 0 15 15 15 12.5 2 5 2 3
0 0 0 0 1 1 7 0 4 1 3 0 6 6 4 8 3 1 1 413420 0 15 15 15 11.6667 2 4 2 3
0 0 0 0 1 6 1 0 4 1 3 0 5 -1 -1 -1 -1 -1 -1 414420 0 15 15 15 10 2 4 2 3
0 0 0 0 1 1 6 0 4 1 3 0 6 -1 -1 -1 -1 -1 -1 415220 0 15 15 15 12.5 2 4 2 3
0 0 0 0 1 1 6 0 4 1 3 0 6 -1 -1 -1 -1 -1 -1 416020 0 15 15 15 12.1667 2 4 2 3
0 0 0 0 1 3 6 0 4 1 3 0 6 5 4 5 0 0 0 416953 0 15 15 15 10 2 6 2 3
0 0 0 0 1 1 6 0 4 1 3 0 6 -1 -1 -1 -1 -1 -1 417752 0 15 15 15 12.5 2 6 2 3
0 0 0 0 1 6 1 0 4 1 3 0 5 -1 -1 -1 -1 -1 -1 418552 0 15 15 15 12.1667 2 6 2 3
0 0 0 0 6 1 1 0 4 1 3 0 4 -1 -1 -1 -1 -1 -1 419519 0 15 15 15 10 2 6 2 3
0 0 0 0 3 6 1 0 4 1 3 0 5 4 4 7 2 0 0 420452 0 15 15 15 12.5 2 5 2 3
0 0 0 0 1 6 1 0 4 1 3 0 5 -1 -1 -1 -1 -1 -1 421252 0 15 15 15 12.5 2 5 2 3
0 0 0 0 1 6 1 0 4 1 3 0 5 -1 -1 -1 -1 -1 -1 422085 0 15 15 15 10.5 2 5 2 3
0 0 0 0 1 6 1 0 4 1 3 0 5 -1 -1 -1 -1 -1 -1 422918 0 15 15 15 12.5 2 5 2 3
0 0 0 0 3 6 1 0 4 1 3 0 5 4 4 6 1 0 0 423718 0 15 15 15 12.5 2 4 2 3
0 0 0 0 1 6 1 0 4 1 3 0 5 -1 -1 -1 -1 -1 -1 424551 0 15 15 15 12.5 2 4 2 3
0 0 0 0 1 6 1 0 4 1 3 0 5 -1 -1 -1 -1 -1 -1 425351 0 15 15 15 12.5 2 4 2 3
0 0 0 0 1 6 1 0 4 1 3 0 5 -1 -1 -1 -1 -1 -1 426217 0 15 15 15 12.5 2 4 2 3
0 0 0 0 3 6 1 0 4 1 3 0 5 4 4 8 3 0 0 427017 0 15 15 15 12.5 2 6 2 3
0 0 0 0 1 6 1 0 4 1 3 0 5 -1 -1 -1 -1 -1 -1 427817 0 15 15 15 11.8333 2 6 2 3
0 0 0 0 1 6 1 0 4 1 3 0 5 -1 -1 -1 -1 -1 -1 428616 0 15 15 15 12.5 2 6 2 3
0 0 0 0 1 6 1 0 4 1 3 0 5 -1 -1 -1 -1 -1 -1 429416 0 15 15 15 12.3333 2 6 2 3
0 0 0 0 1 7 1 0 4 1 3 0 5 5 4 7 2 1 1 430216 0 15 15 15 12.5 2 8 0 3
0 0 0 0 1 6 1 0 4 1 3 0 5 -1 -1 -1 -1 -1 -1 431016 0 15 15 15 12.5 2 8 0 3
0 0 0 0 1 6 1 0 4 1 3 0 5 -1 -1 -1 -1 -1 -1 431816 0 15 15 15 12.5 2 8 0 3
0 0 0 0 1 6 1 0 4 1 3 0 5 -1 -1 -1 -1 -1 -1 432615 0 15 15 15 12.5 2 8 0 3
0 0 0 0 1 6 3 0 4 1 3 0 5 6 4 7 2 0 0 433415 0 15 15 15 12.5 2 6 2 3
0 0 0 0 1 6 1 0 4 1 3 0 5 -1 -1 -1 -1 -1 -1 434215 0 15 15 15 12.5 2 6 2 3
0 0 0 0 1 6 1 0 4 1 3 0 5 -1 -1 -1 -1 -1 -1 435048 0 15 15 15 12.5 2 6 2 3
0 0 0 0 1 6 1 0 4 1 3 0 5 -1 -1 -1 -1 -1 -1 435848 0 15 15 15 12.5 2 6 2 3
0 0 0 0 3 6 1 0 4 1 3 0 5 4 4 5 0 0 0 436681 0 15 15 15 12.5 2 5 2 3
0 0 0 0 1 6 1 0 4 1 3 0 5 -1 -1 -1 -1 -1 -1 437481 0 15 15 15 12.5 2 5 2 3
0 0 0 0 1 6 1 0 4 1 3 0 5 -1 -1 -1 -1 -1 -1 438281 0 15 15 15 11.8333 2 5 2 3
0 0 0 0 1 1 6 0 4 1 3 0 6 -1 -1 -1 -1 -1 -1 439181 0 15 15 15 12.5 2 5 2 3
0 0 0 0 1 3 6 0 4 1 3 0 6 5 4 8 3 0 0 439980 0 15 15 15 12.5 2 4 2 3
0 0 0 0 1 1 6 0 4 1 3 0 6 -1 -1 -1 -1 -1 -1 440813 0 15 15 15 10.5 2 4 2 3
0 0 0 0 1 6 1 0 4 1 3 0 5 -1 -1 -1 -1 -1 -1 441713 0 15 15 15 12.5 2 4 2 3
0 0 0 0 1 6 1 0 4 1 3 0 5 -1 -1 -1 -1 -1 -1 442513 0 15 15 15 12.5 2 4 2 3
0 0 0 0 1 6 3 0 4 1 3 0 5 6 4 5 0 0 0 443379 0 15 15 15 10 2 6 2 3
0 0 0 0 1 6 1 0 4 1 3 0 5 -1 -1 -1 -1 -1 -1 444179 0 15 15 15 12.5 2 6 2 3
0 0 0 0 1 6 1 0 4 1 3 0 5 -1 -1 -1 -1 -1 -1 444979 0 15 15 15 12.3333 2 6 2 3
0 0 0 0 1 1 6 0 4 1 3 0 6 -1 -1 -1 -1 -1 -1 445879 0 15 15 15 12.5 2 6 2 3
0 0 0 0 1 3 6 0 4 1 3 0 6 5 4 8 3 0 0 446679 0 15 15 15 12.5 2 5 2 3
0 0 0 0 1 6 1 0 4 1 3 0 5 -1 -1 -1 -1 -1 -1 447478 0 15 15 15 10.8333 2 5 2 3
0 0 0 0 1 6 1 0 4 1 3 0 5 -1 -1 -1 -1 -1 -1 448378 0 15 15 15 12.5 2 5 2 3
0 0 0 0 1 6 1 0 4 1 3 0 5 -1 -1 -1 -1 -1 -1 449178 0 15 15 15 12.5 2 5 2 3
0 0 0 0 1 7 1 0 4 1 3 0 5 5 4 8 3 1 1 450011 0 15 15 15 12.5 2 4 2 3
0 0 0 0 1 6 1 0 4 1 3 0 5 -1 -1 -1 -1 -1 -1 450811 0 15 15 15 12.5 2 4 2 3
0 0 0 0 1 6 1 0 4 1 3 0 5 -1 -1 -1 -1 -1 -1 451611 0 15 15 15 11.1667 2 4 2 3
0 0 0 0 1 6 1 0 4 1 3 0 5 -1 -1 -1 -1 -1 -1 452411 0 15 15 15 12.5 2 4 2 3
0 0 0 0 3 6 1 0 4 1 3 0 5 4 4 6 1 0 0 453210 0 15 15 15 12.5 2 6 2 3
0 0 0 0 1 6 1 0 4 1 3 0 5 -1 -1 -1 -1 -1 -1 454044 0 15 15 15 12.5 2 6 2 3
0 0 0 0 1 1 6 0 4 1 3 0 6 -1 -1 -1 -1 -1 -1 454843 0 15 15 15 12.5 2 6 2 3
0 0 0 0 1 1 6 0 4 1 3 0 6 -1 -1 -1 -1 -1 -1 455643 0 15 15 15 12.5 2 6 2 3
0 0 0 0 1 2 8 0 4 1 3 0 6 5 4 8 3 1 0 456443 0 15 15 15 12.5 2 8 0 3
0 0 0 0 1 1 6 0 4 1 3 0 6 -1 -1 -1 -1 -1 -1 457276 0 15 15 15 12.5 2 8 0 3
0 0 0 0 1 1 6 0 4 1 3 0 6 -1 -1 -1 -1 -1 -1 458076 0 15 15 15 12.5 2 8 0 3
0 0 0 0 1 1 6 0 4 1 3 0 6 -1 -1 -1 -1 -1 -1 458876 0 15 15 15 11 2 8 0 3
0 0 0 0 1 1 7 0 4 1 3 0 6 6 4 8 3 1 1 459775 0 15 15 15 12.5 2 6 2 3
0 0 0 0 1 6 1 0 4 1 3 0 5 -1 -1 -1 -1 -1 -1 460575 0 15 15 15 12.5 2 6 2 3
0 0 0 0 1 6 1 0 4 1 3 0 5 -1 -1 -1 -1 -1 -1 461442 0 15 15 15 10 2 6 2 3
0 0 0 0 1 6 1 0 4 1 3 0 5 -1 -1 -1 -1 -1 -1 462275 0 15 15 15 12.5 2 6 2 3
0 0 0 0 3 6 1 0 4 1 3 0 5 4 4 7 2 0 0 463075 0 15 15 15 12.5 2 5 2 3
0 0 0 0 1 6 1 0 4 1 3 0 5 -1 -1 -1 -1 -1 -1 463874 0 15 15 15 12.5 2 5 2 3
0 0 0 0 1 6 1 0 4 1 3 0 5 -1 -1 -1 -1 -1 -1 464674 0 15 15 15 12.5 2 5 2 3
0 0 0 0 1 6 1 0 4 1 3 0 5 -1 -1 -1 -1 -1 -1 465474 0 15 15 15 12.5 2 5 2 3
0 0 0 0 1 6 3 0 4 1 3 0 5 6 4 7 2 0 0 466274 0 15 15 15 12.5 2 4 2 3
0 0 0 0 1 6 1 0 4 1 3 0 5 -1 -1 -1 -1 -1 -1 467107 0 15 15 15 12.5 2 4 2 3
0 0 0 0 1 6 1 0 4 1 3 0 5 -1 -1 -1 -1 -1 -1 467907 0 15 15 15 12.5 2 4 2 3
0 0 0 0 1 6 1 0 4 1 3 0 5 -1 -1 -1 -1 -1 -1 468740 0 15 15 15 10.6667 2 4 2 3
0 0 0 0 3 6 1 0 4 1 3 0 5 4 4 5 0 0 0 469606 0 15 15 15 12.5 2 6 2 3
0 0 0 0 1 6 1 0 4 1 3 0 5 -1 -1 -1 -1 -1 -1 470406 0 15 15 15 12.5 2 6 2 3
0 0 0 0 1 6 1 0 4 1 3 0 5 -1 -1 -1 -1 -1 -1 471306 0 15 15 15 10 2 6 2 3
0 0 0 0 1 6 1 0 4 1 3 0 5 -1 -1 -1 -1 -1 -1 472272 0 15 15 15 12.5 2 6 2 3
0 0 0 0 1 6 3 0 4 1 3 0 5 6 4 6 1 0 0 473072 0 15 15 15 12.5 2 5 2 3
0 0 0 0 1 6 1 0 4 1 3 0 5 -1 -1 -1 -1 -1 -1 473872 0 15 15 15 11.6667 2 5 2 3
0 0 0 0 1 6 1 0 5 2 3 0 5 -1 -1 -1 -1 -1 -1 479537 0 15 15 15 60 2 8 0 3
0 0 0 0 1 6 1 0 5 2 3 0 5 -1 -1 -1 -1 -1 -1 479704 0 15 15 15 60 2 8 0 3
0 0 0 0 1 6 1 0 5 2 3 0 5 -1 -1 -1 -1 -1 -1 479871 0 15 15 15 60 2 6 2 3
0 0 0 0 1 6 1 0 5 2 3 0 5 -1 -1 -1 -1 -1 -1 480037 0 15 15 15 50 2 6 2 3
0 0 0 0 1 6 1 0 5 2 3 0 5 -1 -1 -1 -1 -1 -1 480337 0 15 15 15 20 2 6 2 3
0 0 0 0 1 6 1 0 5 2 3 0 5 -1 -1 -1 -1 -1 -1 481104 0 15 15 15 12.5 2 6 2 3
0 0 0 0 1 6 1 0 5 2 3 0 5 -1 -1 -1 -1 -1 -1 481903 0 15 15 15 12.5 2 4 2 3
0 0 0 0 1 6 1 0 5 2 3 0 5 -1 -1 -1 -1 -1 -1 482837 0 15 15 15 10 2 4 2 3
0 0 0 0 1 6 1 0 5 2 3 0 5 -1 -1 -1 -1 -1 -1 483703 0 15 15 15 12.5 2 4 2 3
0 0 0 0 1 6 1 0 5 2 3 0 5 -1 -1 -1 -1 -1 -1 484503 0 15 15 15 12.5 2 4 2 3
0 0 0 0 1 8 1 0 5 2 3 0 5 5 5 4 0 0 1 485303 0 15 15 15 12.5 2 6 2 3
0 0 0 0 1 6 1 0 5 2 3 0 5 -1 -1 -1 -1 -1 -1 486102 0 15 15 15 12.5 2 6 2 3
0 0 0 0 1 6 1 0 5 2 3 0 5 -1 -1 -1 -1 -1 -1 486969 0 15 15 15 10 2 6 2 3
0 0 0 0 1 6 1 0 5 2 3 0 5 -1 -1 -1 -1 -1 -1 487802 0 15 15 15 12.5 2 6 2 3
0 0 0 0 3 6 1 0 5 2 3 0 5 4 5 4 3 0 0 488602 0 15 15 15 12.5 2 6 2 3
0 0 0 0 1 6 1 0 5 2 3 0 5 -1 -1 -1 -1 -1 -1 489535 0 15 15 15 10 2 6 2 3
0 0 0 0 1 1 6 0 5 2 3 0 6 -1 -1 -1 -1 -1 -1 490335 0 15 15 15 12.5 2 6 2 3
0 0 0 0 1 1 6 0 5 2 3 0 6 -1 -1 -1 -1 -1 -1 491134 0 15 15 15 12.5 2 6 2 3
0 0 0 0 1 3 6 0 5 2 3 0 6 5 5 4 0 0 0 492001 0 15 15 15 12.5 2 5 2 3
0 0 0 0 1 1 6 0 5 2 3 0 6 -1 -1 -1 -1 -1 -1 492801 0 15 15 15 12.5 2 5 2 3
0 0 0 0 1 6 1 0 5 2 3 0 5 -1 -1 -1 -1 -1 -1 493634 0 15 15 15 12.5 2 5 2 3
0 0 0 0 1 6 1 0 5 2 3 0 5 -1 -1 -1 -1 -1 -1 494434 0 15 15 15 12.5 2 5 2 3
0 0 0 0 1 7 1 0 5 2 3 0 5 5 5 4 0 1 1 495233 0 15 15 15 11.8333 2 6 2 3
0 0 0 0 1 6 1 0 5 2 3 0 5 -1 -1 -1 -1 -1 -1 496200 0 15 15 15 12.5 2 6 2 3
0 0 0 0 1 6 1 0 5 2 3 0 5 -1 -1 -1 -1 -1 -1 497000 0 15 15 15 12.5 2 6 2 3
0 0 0 0 1 6 1 0 5 2 3 0 5 -1 -1 -1 -1 -1 -1 497800 0 15 15 15 11.8333 2 6 2 3
0 0 0 0 1 7 1 0 5 2 3 0 5 5 5 4 3 1 1 498633 0 15 15 15 12.5 2 5 2 3
0 0 0 0 1 6 1 0 5 2 3 0 5 -1 -1 -1 -1 -1 -1 499432 0 15 15 15 12.5 2 5 2 3
0 0 0 0 1 6 1 0 5 2 3 0 5 -1 -1 -1 -1 -1 -1 500232 0 15 15 15 12.5 2 5 2 3
0 0 0 0 1 6 1 0 5 2 3 0 5 -1 -1 -1 -1 -1 -1 501032 0 15 15 15 12.5 2 5 2 3
0 0 0 0 1 6 3 0 5 2 3 0 5 6 5 4 1 0 0 501899 0 15 15 15 12.5 2 8 0 3
0 0 0 0 1 6 1 0 5 2 3 0 5 -1 -1 -1 -1 -1 -1 502698 0 15 15 15 12.5 2 8 0 3
0 0 0 0 1 6 1 0 5 2 3 0 5 -1 -1 -1 -1 -1 -1 503498 0 15 15 15 11.8333 2 8 0 3
0 0 0 0 1 6 1 0 5 2 3 0 5 -1 -1 -1 -1 -1 -1 504365 0 15 15 15 12.5 2 8 0 3
0 0 0 0 3 6 1 0 5 2 3 0 5 4 5 4 1 0 0 505164 0 15 15 15 12.5 2 6 2 3
0 0 0 0 1 6 1 0 5 2 3 0 5 -1 -1 -1 -1 -1 -1 505998 0 15 15 15 12.5 2 6 2 3
0 0 0 0 1 6 1 0 5 2 3 0 5 -1 -1 -1 -1 -1 -1 506797 0 15 15 15 12.5 2 6 2 3
0 0 0 0 1 1 6 0 5 2 3 0 6 -1 -1 -1 -1 -1 -1 507597 0 15 15 15 11 2 6 2 3
0 0 0 0 1 3 6 0 5 2 3 0 6 5 5 4 2 0 0 508430 0 15 15 15 12.5 2 4 2 3
0 0 0 0 1 1 6 0 5 2 3 0 6 -1 -1 -1 -1 -1 -1 509230 0 15 15 15 12.5 2 4 2 3
0 0 0 0 1 6 1 0 5 2 3 0 5 -1 -1 -1 -1 -1 -1 510130 0 15 15 15 12.5 2 4 2 3
0 0 0 0 1 1 6 0 5 2 3 0 6 -1 -1 -1 -1 -1 -1 510930 0 15 15 15 12.5 2 4 2 3
0 0 0 0 1 3 6 0 5 2 3 0 6 5 5 4 3 0 0 511729 0 15 15 15 11.6667 2 6 2 3
0 0 0 0 1 6 1 0 5 2 3 0 5 -1 -1 -1 -1 -1 -1 512696 0 15 15 15 10 2 6 2 3
0 0 0 0 1 1 6 0 5 2 3 0 6 -1 -1 -1 -1 -1 -1 513562 0 15 15 15 12.5 2 6 2 3
0 0 0 0 1 1 6 0 5 2 3 0 6 -1 -1 -1 -1 -1 -1 514362 0 15 15 15 12.5 2 6 2 3
0 0 0 0 1 1 7 0 5 2 3 0 6 6 5 4 1 1 1 515195 0 15 15 15 12.5 2 6 2 3
0 0 0 0 1 6 1 0 5 2 3 0 5 -1 -1 -1 -1 -1 -1 515995 0 15 15 15 12.5 2 6 2 3
0 0 0 0 1 1 6 0 5 2 3 0 6 -1 -1 -1 -1 -1 -1 516828 0 15 15 15 10.6667 2 6 2 3
0 0 0 0 1 1 6 0 5 2 3 0 6 -1 -1 -1 -1 -1 -1 517628 0 15 15 15 12.5 2 6 2 3
0 0 0 0 1 3 6 0 5 2 3 0 6 5 5 4 3 0 0 518428 0 15 15 15 12.5 2 5 2 3
0 0 0 0 1 6 1 0 5 2 3 0 5 -1 -1 -1 -1 -1 -1 519261 0 15 15 15 12.5 2 5 2 3
0 0 0 0 1 6 1 0 5 2 3 0 5 -1 -1 -1 -1 -1 -1 520061 0 15 15 15 12.5 2 5 2 3
0 0 0 0 1 6 1 0 5 2 3 0 5 -1 -1 -1 -1 -1 -1 520894 0 15 15 15 12.5 2 5 2 3
0 0 0 0 1 6 3 0 5 2 3 0 5 6 5 4 2 0 0 521694 0 15 15 15 12.5 2 6 2 3
0 0 0 0 1 6 1 0 5 2 3 0 5 -1 -1 -1 -1 -1 -1 522527 0 15 15 15 12.5 2 6 2 3
0 0 0 0 1 1 6 0 5 2 3 0 6 -1 -1 -1 -1 -1 -1 523327 0 15 15 15 12.5 2 6 2 3
0 0 0 0 1 1 6 0 5 2 3 0 6 -1 -1 -1 -1 -1 -1 524126 0 15 15 15 11.8333 2 6 2 3
0 0 0 0 1 1 8 0 5 2 3 0 6 6 5 4 3 0 1 524926 0 15 15 15 12.5 2 5 2 3
0 0 0 0 1 6 1 0 5 2 3 0 5 -1 -1 -1 -1 -1 -1 525726 0 15 15 15 12.5 2 5 2 3
0 0 0 0 1 6 1 0 5 2 3 0 5 -1 -1 -1 -1 -1 -1 526659 0 15 15 15 10 2 5 2 3
0 0 0 0 1 6 1 0 5 2 3 0 5 -1 -1 -1 -1 -1 -1 527459 0 15 15 15 12.5 2 5 2 3
0 0 0 0 1 6 3 0 5 2 3 0 5 6 5 4 1 0 0 528259 0 15 15 15 12.5 2 8 0 3
0 0 0 0 1 6 1 0 5 2 3 0 5 -1 -1 -1 -1 -1 -1 529092 0 15 15 15 12.5 2 8 0 3
0 0 0 0 1 6 1 0 5 2 3 0 5 -1 -1 -1 -1 -1 -1 529892 0 15 15 15 12.5 2 8 0 3
0 0 0 0 1 6 1 0 5 2 3 0 5 -1 -1 -1 -1 -1 -1 530692 0 15 15 15 12.5 2 8 0 3
0 0 0 0 1 6 3 0 5 2 3 0 5 6 5 4 3 0 0 531491 0 15 15 15 12.5 2 6 2 3
0 0 0 0 1 6 1 0 5 2 3 0 5 -1 -1 -1 -1 -1 -1 532358 0 15 15 15 10 2 6 2 3
0 0 0 0 1 6 1 0 5 2 3 0 5 -1 -1 -1 -1 -1 -1 533291 0 15 15 15 12.5 2 6 2 3
0 0 0 0 1 6 1 0 5 2 3 0 5 -1 -1 -1 -1 -1 -1 534091 0 15 15 15 12.5 2 6 2 3
0 0 0 0 3 6 1 0 5 2 3 0 5 4 5 4 2 0 0 534924 0 15 15 15 10.6667 2 4 2 3
0 0 0 0 1 6 1 0 5 2 3 0 5 -1 -1 -1 -1 -1 -1 535724 0 15 15 15 12.5 2 4 2 3
0 0 0 0 1 1 6 0 5 2 3 0 6 -1 -1 -1 -1 -1 -1 536523 0 15 15 15 12.5 2 4 2 3
0 0 0 0 1 1 6 0 5 2 3 0 6 -1 -1 -1 -1 -1 -1 537357 0 15 15 15 12.5 2 4 2 3
0 0 0 0 1 3 6 0 5 2 3 0 6 5 5 4 0 0 0 538156 0 15 15 15 12.5 2 6 2 3
0 0 0 0 1 6 1 0 5 2 3 0 5 -1 -1 -1 -1 -1 -1 538956 0 15 15 15 12.5 2 6 2 3
0 0 0 0 1 6 1 0 5 2 3 0 5 -1 -1 -1 -1 -1 -1 539756 0 15 15 15 12.5 2 6 2 3
0 0 0 0 1 6 1 0 5 2 3 0 5 -1 -1 -1 -1 -1 -1 540589 0 15 15 15 10.3333 2 6 2 3
0 0 0 0 1 7 1 0 5 2 3 0 5 5 5 4 3 1 1 541389 0 15 15 15 12.5 2 6 2 3
0 0 0 0 1 1 6 0 5 2 3 0 6 -1 -1 -1 -1 -1 -1 542189 0 15 15 15 12.1667 2 6 2 3
0 0 0 0 1 6 1 0 5 2 3 0 5 -1 -1 -1 -1 -1 -1 543122 0 15 15 15 12.5 2 6 2 3
0 0 0 0 1 6 1 0 5 2 3 0 5 -1 -1 -1 -1 -1 -1 543922 0 15 15 15 12.5 2 6 2 3
0 0 0 0 1 1 7 0 5 2 3 0 6 6 5 4 2 1 1 544721 0 15 15 15 11.1667 2 5 2 3
0 0 0 0 1 6 1 0 5 2 3 0 5 -1 -1 -1 -1 -1 -1 545721 0 15 15 15 10 2 5 2 3
0 0 0 0 1 6 1 0 5 2 3 0 5 -1 -1 -1 -1 -1 -1 546688 0 15 15 15 12.5 2 5 2 3
0 0 0 0 1 6 1 0 5 2 3 0 5 -1 -1 -1 -1 -1 -1 547487 0 15 15 15 12.5 2 5 2 3
0 0 0 0 1 7 1 0 5 2 3 0 5 5 5 4 0 1 1 548287 0 15 15 15 11.6667 2 6 2 3
0 0 0 0 1 6 1 0 5 2 3 0 5 -1 -1 -1 -1 -1 -1 549287 0 15 15 15 10 2 6 2 3
0 0 0 0 1 6 1 0 5 2 3 0 5 -1 -1 -1 -1 -1 -1 550120 0 15 15 15 12.5 2 6 2 3
0 0 0 0 1 6 1 0 5 2 3 0 5 -1 -1 -1 -1 -1 -1 550920 0 15 15 15 12.5 2 6 2 3
0 0 0 0 1 6 3 0 5 2 3 0 5 6 5 4 2 0 0 551820 0 15 15 15 10 2 5 2 3
0 0 0 0 1 6 1 0 5 2 3 0 5 -1 -1 -1 -1 -1 -1 552686 0 15 15 15 12.5 2 5 2 3
0 0 0 0 1 6 1 0 5 2 3 0 5 -1 -1 -1 -1 -1 -1 553486 0 15 15 15 12.5 2 5 2 3
0 0 0 0 1 6 1 0 5 2 3 0 5 -1 -1 -1 -1 -1 -1 554386 0 15 15 15 12.5 2 5 2 3
0 0 0 0 3 6 1 0 5 2 3 0 5 4 5 4 1 0 0 555152 0 15 15 15 12.5 2 8 0 3
0 0 0 0 1 6 1 0 5 2 3 0 5 -1 -1 -1 -1 -1 -1 555985 0 15 15 15 11.6667 2 8 0 3
0 0 0 0 1 6 1 0 5 2 3 0 5 -1 -1 -1 -1 -1 -1 556785 0 15 15 15 12.5 2 8 0 3
0 0 0 0 1 6 1 0 5 2 3 0 5 -1 -1 -1 -1 -1 -1 557585 0 15 15 15 12.3333 2 8 0 3
0 0 0 0 2 8 1 0 5 2 3 0 5 4 5 4 0 1 0 558385 0 15 15 15 12.5 2 6 2 3
0 0 0 0 1 6 1 0 5 2 3 0 5 -1 -1 -1 -1 -1 -1 559185 0 15 15 15 12.5 2 6 2 3
0 0 0 0 1 1 6 0 5 2 3 0 6 -1 -1 -1 -1 -1 -1 559984 0 15 15 15 12.5 2 6 2 3
0 0 0 0 1 1 6 0 5 2 3 0 6 -1 -1 -1 -1 -1 -1 560784 0 15 15 15 12.5 2 6 2 3
0 0 0 0 1 1 7 0 5 2 3 0 6 6 5 4 2 1 1 561617 0 15 15 15 12.5 2 4 2 3
0 0 0 0 1 6 1 0 5 2 3 0 5 -1 -1 -1 -1 -1 -1 562417 0 15 15 15 12.5 2 4 2 3
0 0 0 0 1 1 6 0 5 2 3 0 6 -1 -1 -1 -1 -1 -1 563250 0 15 15 15 10 2 4 2 3
0 0 0 0 1 1 6 0 5 2 3 0 6 -1 -1 -1 -1 -1 -1 564117 0 15 15 15 12.5 2 4 2 3
0 0 0 0 1 3 6 0 5 2 3 0 6 5 5 4 3 0 0 564917 0 15 15 15 12.5 2 6 2 3
0 0 0 0 1 1 6 0 5 2 3 0 6 -1 -1 -1 -1 -1 -1 565716 0 15 15 15 12.5 2 6 2 3
0 0 0 0 1 1 6 0 5 2 3 0 6 -1 -1 -1 -1 -1 -1 566516 0 15 15 15 12.5 2 6 2 3
0 0 0 0 1 1 6 0 5 2 3 0 6 -1 -1 -1 -1 -1 -1 567316 0 15 15 15 12.5 2 6 2 3
0 0 0 0 1 3 6 0 5 2 3 0 6 5 5 4 2 0 0 568116 0 15 15 15 12.5 2 6 2 3
0 0 0 0 1 1 6 0 5 2 3 0 6 -1 -1 -1 -1 -1 -1 568949 0 15 15 15 12.5 2 6 2 3
0 0 0 0 1 1 6 0 5 2 3 0 6 -1 -1 -1 -1 -1 -1 569749 0 15 15 15 12.5 2 6 2 3
0 0 0 0 1 1 6 0 5 2 3 0 6 -1 -1 -1 -1 -1 -1 570548 0 15 15 15 11 2 6 2 3
0 0 0 0 1 1 7 0 5 2 3 0 6 6 5 4 2 1 1 571382 0 15 15 15 12.5 2 5 2 3
0 0 0 0 1 6 1 0 6 6 2 0 5 -1 -1 -1 -1 -1 -1 577313 0 15 40 15 60 2 8 0 3
0 0 0 0 1 6 1 0 6 6 2 0 5 -1 -1 -1 -1 -1 -1 577480 0 15 40 15 60 2 8 0 3
0 0 0 0 1 6 1 0 6 6 2 0 5 -1 -1 -1 -1 -1 -1 577647 0 15 40 15 60 2 4 2 3
0 0 0 0 1 6 1 0 6 6 2 0 5 -1 -1 -1 -1 -1 -1 577813 0 15 40 15 50 2 4 2 3
0 0 0 0 1 6 1 0 6 6 2 0 5 -1 -1 -1 -1 -1 -1 578113 0 15 40 15 20 2 4 2 3
0 0 0 0 1 1 6 0 6 6 2 0 6 -1 -1 -1 -1 -1 -1 579046 0 15 40 15 10 2 4 2 3
0 0 0 0 1 6 1 0 6 6 2 0 5 -1 -1 -1 -1 -1 -1 580046 0 15 40 15 10 2 4 2 3
0 0 0 0 1 1 6 0 6 6 2 0 6 -1 -1 -1 -1 -1 -1 580879 0 15 40 15 12.5 2 4 2 3
0 0 0 0 1 1 6 0 6 6 2 0 6 -1 -1 -1 -1 -1 -1 581679 0 15 40 15 12.5 2 4 2 3
0 0 0 0 1 1 6 0 6 6 2 0 6 -1 -1 -1 -1 -1 -1 582612 0 15 40 15 12.5 2 4 2 3
0 0 0 0 1 1 7 0 6 6 2 0 6 6 5 4 4 1 1 583412 0 15 40 15 12.5 2 5 2 3
0 0 0 0 1 6 1 0 6 6 2 0 5 -1 -1 -1 -1 -1 -1 584212 0 15 40 15 12 2 5 2 3
0 0 0 0 1 6 1 0 6 6 2 0 5 -1 -1 -1 -1 -1 -1 585112 0 15 40 15 12.5 2 5 2 3
0 0 0 0 1 6 1 0 6 6 2 0 5 -1 -1 -1 -1 -1 -1 585911 0 15 40 15 12.5 2 5 2 3
0 0 0 0 1 7 1 0 6 6 2 0 5 5 5 4 4 1 1 586745 0 15 40 15 10.3333 2 4 2 3
0 0 0 0 1 6 1 0 6 6 2 0 5 -1 -1 -1 -1 -1 -1 587478 0 15 40 16 16.25 2 4 2 3
0 0 0 0 6 1 1 0 6 6 2 0 4 -1 -1 -1 -1 -1 -1 588111 0 15 40 16 16.25 2 4 2 3
0 0 0 0 6 1 1 0 6 6 2 0 4 -1 -1 -1 -1 -1 -1 588711 0 15 40 16 16.25 2 4 2 3
0 0 0 0 7 1 1 0 6 6 2 0 4 4 5 4 4 1 1 589344 0 15 40 16 16.25 2 4 2 3
0 0 0 0 6 1 1 0 6 6 2 0 4 -1 -1 -1 -1 -1 -1 589944 0 15 40 16 16.25 2 4 2 3
0 0 0 0 6 1 1 0 6 6 2 0 4 -1 -1 -1 -1 -1 -1 590577 0 15 40 16 14.95 2 4 2 3
0 0 0 0 6 1 1 0 6 6 2 0 4 -1 -1 -1 -1 -1 -1 591210 0 15 40 16 16.25 2 4 2 3
0 0 0 0 7 1 1 0 6 6 2 0 4 4 5 4 4 1 1 591843 0 15 40 16 16.25 2 5 2 3
0 0 0 0 6 1 1 0 6 6 2 0 4 -1 -1 -1 -1 -1 -1 592343 0 15 40 17 20 2 5 2 3
0 0 0 0 6 1 1 0 6 6 2 0 4 -1 -1 -1 -1 -1 -1 592910 0 15 40 17 16 2 5 2 3
0 0 0 0 6 1 1 0 6 6 2 0 4 -1 -1 -1 -1 -1 -1 593410 0 15 40 17 20 2 5 2 3
0 0 0 0 7 1 1 0 6 6 2 0 4 4 5 4 4 1 1 593909 0 15 40 17 20 2 6 2 3
0 0 0 0 6 1 1 0 6 6 2 0 4 -1 -1 -1 -1 -1 -1 594409 0 15 40 17 20 2 6 2 3
0 0 0 0 1 1 6 0 6 6 2 0 6 -1 -1 -1 -1 -1 -1 594976 0 15 40 17 16 2 6 2 3
0 0 0 0 1 1 6 0 6 6 2 0 6 -1 -1 -1 -1 -1 -1 595542 0 15 40 17 20 2 6 2 3
0 0 0 0 1 1 7 0 6 6 2 0 6 6 5 4 4 1 1 596042 0 15 40 17 20 2 8 0 3
0 0 0 0 1 1 6 0 6 6 2 0 6 -1 -1 -1 -1 -1 -1 596475 0 15 40 18 23.75 2 8 0 3
0 0 0 0 1 6 1 0 6 6 2 0 5 -1 -1 -1 -1 -1 -1 596875 0 15 40 18 23.1167 2 8 0 3
0 0 0 0 1 6 1 0 6 6 2 0 5 -1 -1 -1 -1 -1 -1 597342 0 15 40 18 23.75 2 8 0 3
0 0 0 0 1 7 1 0 6 6 2 0 5 5 5 4 4 1 1 597775 0 15 40 18 23.75 2 4 2 3
0 0 0 0 1 6 1 0 6 6 2 0 5 -1 -1 -1 -1 -1 -1 598208 0 15 40 18 23.75 2 4 2 3
0 0 0 0 1 6 1 0 6 6 2 0 5 -1 -1 -1 -1 -1 -1 598608 0 15 40 18 23.75 2 4 2 3
0 0 0 0 6 1 1 0 6 6 2 0 4 -1 -1 -1 -1 -1 -1 599042 0 15 40 18 21.2167 2 4 2 3
0 0 0 0 7 1 1 0 6 6 2 0 4 4 5 4 4 1 1 599541 0 15 40 18 23.75 2 4 2 3
0 0 0 0 6 1 1 0 6 6 2 0 4 -1 -1 -1 -1 -1 -1 599908 0 15 40 19 26.25 2 4 2 3
0 0 0 0 6 1 1 0 6 6 2 0 4 -1 -1 -1 -1 -1 -1 600308 0 15 40 19 26.25 2 4 2 3
0 0 0 0 1 6 1 0 6 6 2 0 5 -1 -1 -1 -1 -1 -1 600674 0 15 40 19 26.25 2 4 2 3
0 0 0 1 1 7 1 1 6 6 2 0 5 5 5 4 4 1 1 601074 0 15 40 19 24.5 2 5 2 5
0 0 0 1 1 6 1 1 6 6 2 0 5 -1 -1 -1 -1 -1 -1 601508 0 15 40 19 21 2 5 2 5
0 0 0 1 1 1 6 1 6 6 2 0 6 -1 -1 -1 -1 -1 -1 601907 0 15 40 19 26.25 2 5 2 5
0 0 0 1 1 1 6 1 6 6 2 0 6 -1 -1 -1 -1 -1 -1 602274 0 15 40 19 26.25 2 5 2 5
0 0 0 1 1 1 7 1 6 6 2 0 6 6 5 4 4 1 1 602674 0 15 40 19 26.25 2 4 2 5
0 0 0 1 1 1 6 1 6 6 2 1 6 -1 -1 -1 -1 -1 -1 603041 0 15 40 20 27.5 2 4 2 5
0 0 0 1 1 1 6 1 6 6 2 1 6 -1 -1 -1 -1 -1 -1 603407 0 15 40 20 23.8333 2 4 2 5
0 0 0 1 1 1 1 6 6 6 2 1 7 -1 -1 -1 -1 -1 -1 603874 0 15 40 20 22 2 4 2 5
0 0 0 1 1 1 7 1 6 6 2 1 6 6 5 4 4 1 1 604307 0 15 40 20 22 2 4 2 5
0 0 0 1 1 1 6 1 6 6 2 1 6 -1 -1 -1 -1 -1 -1 604673 0 15 40 20 27.5 2 4 2 5
0 0 0 1 1 6 1 1 6 6 2 1 5 -1 -1 -1 -1 -1 -1 605040 0 15 40 20 27.5 2 4 2 5
0 0 0 1 1 6 1 1 6 6 2 1 5 -1 -1 -1 -1 -1 -1 605407 0 15 40 20 27.5 2 4 2 5
0 0 0 1 1 7 1 1 6 6 2 1 5 5 5 4 4 1 1 605773 0 15 40 20 27.5 2 5 2 5
0 0 0 1 1 6 1 1 6 6 2 1 5 -1 -1 -1 -1 -1 -1 606140 0 15 40 21 25.6833 2 5 2 5
0 0 0 1 1 6 1 1 6 6 2 1 5 -1 -1 -1 -1 -1 -1 606573 0 15 40 21 23 2 5 2 5
0 0 0 1 1 6 1 1 6 6 2 1 5 -1 -1 -1 -1 -1 -1 606940 0 15 40 21 28.75 2 5 2 5
0 0 0 1 1 7 1 1 6 6 2 1 5 5 5 4 4 1 1 607306 0 15 40 21 28.75 2 6 2 5
0 0 0 1 1 6 1 1 6 6 2 1 5 -1 -1 -1 -1 -1 -1 607639 0 15 40 21 28.75 2 6 2 5
0 0 0 1 1 6 1 1 6 6 2 1 5 -1 -1 -1 -1 -1 -1 608006 0 15 40 21 28.75 2 6 2 5
0 0 0 1 1 1 6 1 6 6 2 1 6 -1 -1 -1 -1 -1 -1 608339 0 15 40 21 27.9833 2 6 2 5
0 0 0 1 1 1 7 1 6 6 2 1 6 6 5 4 4 1 1 608739 0 15 40 21 23.3833 2 8 0 5
0 0 0 1 1 1 6 1 6 6 2 1 6 -1 -1 -1 -1 -1 -1 609106 0 15 40 22 30 2 8 0 5
0 0 0 1 1 1 6 1 6 6 2 1 6 -1 -1 -1 -1 -1 -1 609439 0 15 40 22 30 2 8 0 5
0 0 0 1 1 1 6 1 6 6 2 1 6 -1 -1 -1 -1 -1 -1 609772 0 15 40 22 30 2 8 0 5
0 0 0 1 1 1 7 1 6 6 2 1 6 6 5 4 4 1 1 610105 0 15 40 22 30 2 4 2 5
0 0 0 1 1 1 6 1 6 6 2 1 6 -1 -1 -1 -1 -1 -1 610439 0 15 40 22 30 2 4 2 5
0 0 0 1 1 1 6 1 6 6 2 1 6 -1 -1 -1 -1 -1 -1 610805 0 15 40 22 26.4 2 4 2 5
0 0 0 1 1 1 6 1 6 6 2 1 6 -1 -1 -1 -1 -1 -1 611172 0 15 40 22 30 2 4 2 5
0 0 0 1 1 1 1 7 6 6 2 1 7 7 5 4 4 1 1 611505 0 15 40 22 30 2 4 2 5
0 0 0 1 1 1 1 6 6 6 2 1 7 -1 -1 -1 -1 -1 -1 611838 0 15 40 23 31.25 2 4 2 5
0 0 0 1 1 1 6 1 6 6 2 1 6 -1 -1 -1 -1 -1 -1 612172 0 15 40 23 31.25 2 4 2 5
0 0 0 1 1 6 1 1 6 6 2 1 5 -1 -1 -1 -1 -1 -1 612472 0 15 40 23 31.25 2 4 2 5
0 0 0 1 1 7 1 1 6 6 2 1 5 5 5 4 4 1 1 612805 0 15 40 23 29.1667 2 5 2 5
0 0 0 1 1 6 1 1 6 6 2 1 5 -1 -1 -1 -1 -1 -1 613171 0 15 40 23 25 2 5 2 5
0 0 0 1 1 6 1 1 6 6 2 1 5 -1 -1 -1 -1 -1 -1 613571 0 15 40 23 25 2 5 2 5
0 0 0 1 1 1 6 1 6 6 2 1 6 -1 -1 -1 -1 -1 -1 613971 0 15 40 23 25 2 5 2 5
0 0 0 1 1 7 1 1 6 6 2 1 5 5 5 4 4 1 1 614371 0 15 40 23 25 2 4 2 5
0 0 0 1 1 6 1 1 6 6 2 1 5 -1 -1 -1 -1 -1 -1 614771 0 15 40 24 25.5 2 4 2 5
0 0 0 1 1 6 1 1 6 6 2 1 5 -1 -1 -1 -1 -1 -1 615104 0 15 40 24 31.875 2 4 2 5
0 0 0 1 1 6 1 1 6 6 2 1 5 -1 -1 -1 -1 -1 -1 615404 0 15 40 24 31.875 2 4 2 5
0 0 0 1 7 1 1 1 6 6 2 1 4 4 5 4 4 1 1 615737 0 15 40 24 31.875 2 4 2 5
0 0 0 1 6 1 1 1 6 6 2 1 4 -1 -1 -1 -1 -1 -1 616037 0 15 40 24 31.875 2 4 2 5
0 0 0 1 1 6 1 1 6 6 2 1 5 -1 -1 -1 -1 -1 -1 616371 0 15 40 24 31.875 2 4 2 5
0 0 0 1 1 6 1 1 6 6 2 1 5 -1 -1 -1 -1 -1 -1 616704 0 15 40 24 27.625 2 4 2 5
0 0 0 1 1 7 1 1 6 6 2 1 5 5 5 4 4 1 1 617037 0 15 40 24 31.875 2 5 2 5
0 0 0 1 1 6 1 1 6 6 2 2 5 -1 -1 -1 -1 -1 -1 617337 0 15 40 25 32.5 2 5 2 5
0 0 0 1 1 1 6 1 6 6 2 2 6 -1 -1 -1 -1 -1 -1 617670 0 15 40 25 32.5 2 5 2 5
0 0 0 1 1 1 6 1 6 6 2 2 6 -1 -1 -1 -1 -1 -1 617970 0 15 40 25 32.5 2 5 2 5
0 0 0 1 1 1 7 1 6 6 2 2 6 6 5 4 4 1 1 618270 0 15 40 25 32.5 2 6 2 5
0 0 0 1 1 1 6 1 6 6 2 2 6 -1 -1 -1 -1 -1 -1 618570 0 15 40 25 30.3333 2 6 2 5
0 0 0 1 1 6 4 1 6 6 2 2 5 -1 -1 -1 -1 -1 -1 618937 1 15 40 25 26 2 6 2 5
0 0 0 1 1 1 6 1 6 6 2 2 6 -1 -1 -1 -1 -1 -1 619337 0 15 40 25 26 2 6 2 5
0 0 0 1 1 1 1 7 6 6 2 2 7 7 5 4 4 1 1 619703 0 15 40 25 26 2 8 0 5
0 0 0 1 1 6 1 1 7 2 3 2 5 -1 -1 -1 -1 -1 -1 625235 0 15 15 15 60 2 8 0 5
0 0 0 1 1 6 1 1 7 2 3 2 5 -1 -1 -1 -1 -1 -1 625402 0 15 15 15 60 2 8 0 5
0 0 0 1 1 6 1 1 7 2 3 2 5 -1 -1 -1 -1 -1 -1 625568 0 15 15 15 60 2 5 2 5
0 0 0 1 1 6 1 1 7 2 3 2 5 -1 -1 -1 -1 -1 -1 625735 0 15 15 15 50 2 5 2 5
0 0 0 1 1 6 1 1 7 2 3 2 5 -1 -1 -1 -1 -1 -1 626035 0 15 15 15 20 2 5 2 5
0 0 0 1 1 6 1 1 7 2 3 2 5 -1 -1 -1 -1 -1 -1 626968 0 15 15 15 12.5 2 5 2 5
0 0 0 1 1 6 1 1 7 2 3 2 5 -1 -1 -1 -1 -1 -1 627768 0 15 15 15 12.5 2 6 2 5
0 0 0 1 1 1 6 1 7 2 3 2 6 -1 -1 -1 -1 -1 -1 628568 0 15 15 15 11.8333 2 6 2 5
0 0 0 1 1 1 1 6 7 2 3 2 7 -1 -1 -1 -1 -1 -1 629467 0 15 15 15 12.5 2 6 2 5
0 0 0 1 1 1 6 1 7 2 3 2 6 -1 -1 -1 -1 -1 -1 630267 0 15 15 15 12.5 2 6 2 5
0 0 0 1 1 6 1 3 7 2 3 2 5 7 5 4 3 0 0 631100 0 15 15 15 10.5 2 6 2 5
0 0 0 1 1 6 1 1 7 2 3 2 5 -1 -1 -1 -1 -1 -1 631933 0 15 15 15 12.5 2 6 2 5
0 0 0 1 1 6 4 1 7 2 3 2 5 -1 -1 -1 -1 -1 -1 632733 1 15 15 15 12.5 2 6 2 5
0 0 0 1 1 6 1 1 7 2 3 2 5 -1 -1 -1 -1 -1 -1 633566 0 15 15 15 12.5 2 6 2 5
0 0 0 1 1 6 3 1 7 2 3 2 5 6 5 4 0 0 0 634366 0 15 15 15 12.5 2 6 2 5
0 0 0 1 1 1 6 1 7 2 3 2 6 -1 -1 -1 -1 -1 -1 635233 0 15 15 15 10 2 6 2 5
0 0 0 1 1 4 6 1 7 2 3 2 6 -1 -1 -1 -1 -1 -1 636066 1 15 15 15 12.5 2 6 2 5
0 0 0 1 1 6 1 1 7 2 3 2 5 -1 -1 -1 -1 -1 -1 636866 0 15 15 15 12.5 2 6 2 5
0 0 0 1 1 6 3 1 7 2 3 2 5 6 5 4 2 0 0 637699 0 15 15 15 12.5 2 4 2 5
0 0 0 1 1 6 1 1 7 2 3 2 5 -1 -1 -1 -1 -1 -1 638499 0 15 15 15 12.5 2 4 2 5
0 0 0 1 4 6 1 1 7 2 3 2 5 -1 -1 -1 -1 -1 -1 639365 1 15 15 15 10 2 4 2 5
0 0 0 1 1 6 1 1 7 2 3 2 5 -1 -1 -1 -1 -1 -1 640165 0 15 15 15 12.5 2 4 2 5
0 0 0 1 1 6 3 1 7 2 3 2 5 6 5 4 0 0 0 640965 0 15 15 15 12.3333 2 6 2 5
0 0 0 1 1 1 6 1 7 2 3 2 6 -1 -1 -1 -1 -1 -1 641898 0 15 15 15 10 2 6 2 5
0 0 0 1 1 4 6 1 7 2 3 2 6 -1 -1 -1 -1 -1 -1 642698 1 15 15 15 12.5 2 6 2 5
0 0 0 1 1 6 1 1 7 2 3 2 5 -1 -1 -1 -1 -1 -1 643497 0 15 15 15 12.1667 2 6 2 5
0 0 0 1 3 6 1 1 7 2 3 2 5 4 5 4 3 0 0 644364 0 15 15 15 12.5 2 6 2 5
0 0 0 1 1 6 1 1 7 2 3 2 5 -1 -1 -1 -1 -1 -1 645164 0 15 15 15 12.5 2 6 2 5
0 0 0 4 1 6 1 1 7 2 3 2 5 -1 -1 -1 -1 -1 -1 645997 1 15 15 15 12.5 2 6 2 5
0 0 0 1 1 6 1 1 7 2 3 2 5 -1 -1 -1 -1 -1 -1 646797 0 15 15 15 12.5 2 6 2 5
0 0 0 1 1 6 3 1 7 2 3 2 5 6 5 4 1 0 0 647596 0 15 15 15 11.8333 2 8 0 5
0 0 0 1 1 6 1 1 7 2 3 2 5 -1 -1 -1 -1 -1 -1 648463 0 15 15 15 12.5 2 8 0 5
0 0 0 1 6 1 1 4 7 2 3 2 4 -1 -1 -1 -1 -1 -1 649263 1 15 15 15 12.5 2 8 0 5
0 0 0 1 6 1 1 1 7 2 3 2 4 -1 -1 -1 -1 -1 -1 650129 0 15 15 15 12.5 2 8 0 5
0 0 0 1 7 1 1 1 7 2 3 2 4 4 5 4 0 1 1 650929 0 15 15 15 12.5 2 5 2 5
0 0 0 1 6 1 1 1 7 2 3 2 4 -1 -1 -1 -1 -1 -1 651729 0 15 15 15 11.6667 2 5 2 5
0 0 0 1 1 6 4 1 7 2 3 2 5 -1 -1 -1 -1 -1 -1 652695 1 15 15 15 10 2 5 2 5
0 0 0 1 1 6 1 1 7 2 3 2 5 -1 -1 -1 -1 -1 -1 653495 0 15 15 15 12.5 2 5 2 5
0 0 0 1 3 6 1 1 7 2 3 2 5 4 5 4 2 0 0 654295 0 15 15 15 12.5 2 6 2 5
0 0 0 1 1 6 1 1 7 2 3 2 5 -1 -1 -1 -1 -1 -1 655161 0 15 15 15 12.5 2 6 2 5
0 0 0 1 6 1 1 4 7 2 3 2 4 -1 -1 -1 -1 -1 -1 655961 1 15 15 15 12.5 2 6 2 5
0 0 0 1 6 1 1 1 7 2 3 2 4 -1 -1 -1 -1 -1 -1 656794 0 15 15 15 10.3333 2 6 2 5
0 0 0 1 7 1 1 1 7 2 3 2 4 4 5 4 1 1 1 657627 0 15 15 15 12.5 2 6 2 5
0 0 0 1 1 6 1 1 7 2 3 2 5 -1 -1 -1 -1 -1 -1 658427 0 15 15 15 12.1667 2 6 2 5
0 0 0 4 1 6 1 1 7 2 3 2 5 -1 -1 -1 -1 -1 -1 659260 1 15 15 15 12.5 2 6 2 5
0 0 0 1 1 6 1 1 7 2 3 2 5 -1 -1 -1 -1 -1 -1 660060 0 15 15 15 12.5 2 6 2 5
0 0 0 1 2 8 1 1 7 2 3 2 5 4 5 4 0 1 0 660893 0 15 15 15 12.5 2 6 2 5
0 0 0 1 1 6 1 1 7 2 3 2 5 -1 -1 -1 -1 -1 -1 661693 0 15 15 15 12.5 2 6 2 5
0 0 0 4 1 6 1 1 7 2 3 2 5 -1 -1 -1 -1 -1 -1 662493 1 15 15 15 11.5 2 6 2 5
0 0 0 1 1 6 1 1 7 2 3 2 5 -1 -1 -1 -1 -1 -1 663359 0 15 15 15 12.5 2 6 2 5
0 0 0 1 1 6 3 1 7 2 3 2 5 6 5 4 3 0 0 664159 0 15 15 15 12.5 2 4 2 5
0 0 0 1 1 6 1 1 7 2 3 2 5 -1 -1 -1 -1 -1 -1 664992 0 15 15 15 12.5 2 4 2 5
0 0 0 1 4 6 1 1 7 2 3 2 5 -1 -1 -1 -1 -1 -1 665792 1 15 15 15 12.5 2 4 2 5
0 0 0 1 1 6 1 1 7 2 3 2 5 -1 -1 -1 -1 -1 -1 666625 0 15 15 15 10.5 2 4 2 5
0 0 0 1 1 8 1 1 7 2 3 2 5 5 5 4 2 0 1 667425 0 15 15 15 12.5 2 6 2 5
0 0 0 1 1 6 1 1 7 2 3 2 5 -1 -1 -1 -1 -1 -1 668225 0 15 15 15 12.3333 2 6 2 5
0 0 0 4 1 6 1 1 7 2 3 2 5 -1 -1 -1 -1 -1 -1 669024 1 15 15 15 12.5 2 6 2 5
0 0 0 1 6 1 1 1 7 2 3 2 4 -1 -1 -1 -1 -1 -1 669824 0 15 15 15 12.1667 2 6 2 5
0 0 0 3 6 1 1 1 7 2 3 2 4 3 5 4 3 0 0 670657 0 15 15 15 12.5 2 6 2 5
0 0 0 1 6 1 1 1 7 2 3 2 4 -1 -1 -1 -1 -1 -1 671457 0 15 15 15 12.5 2 6 2 5
0 0 0 1 6 4 1 1 7 2 3 2 4 -1 -1 -1 -1 -1 -1 672257 1 15 15 15 12.5 2 6 2 5
0 0 0 1 1 6 1 1 7 2 3 2 5 -1 -1 -1 -1 -1 -1 673057 0 15 15 15 12.5 2 6 2 5
0 0 0 3 1 6 1 1 7 2 3 2 5 3 5 4 1 0 0 673890 0 15 15 15 12.5 2 8 0 5
0 0 0 1 1 6 1 1 7 2 3 2 5 -1 -1 -1 -1 -1 -1 674690 0 15 15 15 12.5 2 8 0 5
0 0 0 1 6 1 4 1 7 2 3 2 4 -1 -1 -1 -1 -1 -1 675490 1 15 15 15 11.1667 2 8 0 5
0 0 0 6 1 1 1 1 7 2 3 2 3 -1 -1 -1 -1 -1 -1 676489 0 15 15 15 10 2 8 0 5
0 0 0 8 1 1 1 1 7 2 3 2 3 3 5 4 0 0 1 677356 0 15 15 15 12.5 2 5 2 5
0 0 0 1 6 1 1 1 7 2 3 2 4 -1 -1 -1 -1 -1 -1 678156 0 15 15 15 12.5 2 5 2 5
0 0 0 1 1 6 4 1 7 2 3 2 5 -1 -1 -1 -1 -1 -1 678989 1 15 15 15 12.5 2 5 2 5
0 0 0 1 1 1 6 1 7 2 3 2 6 -1 -1 -1 -1 -1 -1 679788 0 15 15 15 12.5 2 5 2 5
0 0 0 1 1 2 8 1 7 2 3 2 6 5 5 4 3 1 0 680622 0 15 15 15 11.3333 2 6 2 5
0 0 0 1 1 1 6 1 7 2 3 2 6 -1 -1 -1 -1 -1 -1 681455 0 15 15 15 12.5 2 6 2 5
0 0 0 1 1 4 6 1 7 2 3 2 6 -1 -1 -1 -1 -1 -1 682255 1 15 15 15 12.5 2 6 2 5
0 0 0 1 1 1 6 1 7 2 3 2 6 -1 -1 -1 -1 -1 -1 683154 0 15 15 15 12.5 2 6 2 5
0 0 0 1 1 1 8 2 7 2 3 2 6 7 5 4 1 1 0 683954 0 15 15 15 12.5 2 6 2 5
0 0 0 1 1 1 6 1 7 2 3 2 6 -1 -1 -1 -1 -1 -1 684754 0 15 15 15 12 2 6 2 5
0 0 0 1 1 4 6 1 7 2 3 2 6 -1 -1 -1 -1 -1 -1 685654 1 15 15 15 12.5 2 6 2 5
0 0 0 1 1 6 1 1 7 2 3 2 5 -1 -1 -1 -1 -1 -1 686454 0 15 15 15 12.5 2 6 2 5
0 0 0 1 1 6 3 1 7 2 3 2 5 6 5 4 1 0 0 687253 0 15 15 15 10.6667 2 6 2 5
0 0 0 1 1 1 6 1 7 2 3 2 6 -1 -1 -1 -1 -1 -1 688253 0 15 15 15 12.5 2 6 2 5
0 0 0 1 1 4 6 1 7 2 3 2 6 -1 -1 -1 -1 -1 -1 689053 1 15 15 15 12.5 2 6 2 5
0 0 0 1 1 1 6 1 7 2 3 2 6 -1 -1 -1 -1 -1 -1 689853 0 15 15 15 11.6667 2 6 2 5
0 0 0 1 1 1 6 3 7 2 3 2 6 7 5 4 2 0 0 690719 0 15 15 15 12.5 2 4 2 5
0 0 0 1 1 1 6 1 7 2 3 2 6 -1 -1 -1 -1 -1 -1 691519 0 15 15 15 12.5 2 4 2 5
0 0 0 4 1 1 6 1 7 2 3 2 6 -1 -1 -1 -1 -1 -1 692385 1 15 15 15 10 2 4 2 5
0 0 0 1 1 1 6 1 7 2 3 2 6 -1 -1 -1 -1 -1 -1 693252 0 15 15 15 12.5 2 4 2 5
0 0 0 1 1 1 7 1 7 2 3 2 6 6 5 4 1 1 1 694052 0 15 15 15 12.5 2 6 2 5
0 0 0 1 1 1 6 1 7 2 3 2 6 -1 -1 -1 -1 -1 -1 694918 0 15 15 15 12.5 2 6 2 5
0 0 0 4 1 6 1 1 7 2 3 2 5 -1 -1 -1 -1 -1 -1 695718 1 15 15 15 12.5 2 6 2 5
0 0 0 1 1 6 1 1 7 2 3 2 5 -1 -1 -1 -1 -1 -1 696518 0 15 15 15 11.3333 2 6 2 5
0 0 0 1 1 6 3 1 7 2 3 2 5 6 5 4 3 0 0 697451 0 15 15 15 12.5 2 6 2 5
0 0 0 1 1 6 1 1 7 2 3 2 5 -1 -1 -1 -1 -1 -1 698251 0 15 15 15 12.5 2 6 2 5
0 0 0 1 1 6 1 4 7 2 3 2 5 -1 -1 -1 -1 -1 -1 699050 1 15 15 15 11.3333 2 6 2 5
0 0 0 1 1 6 1 1 7 2 3 2 5 -1 -1 -1 -1 -1 -1 700017 0 15 15 15 12.5 2 6 2 5
0 0 0 1 8 1 2 1 7 2 3 2 4 6 5 4 2 1 0 700817 0 15 15 15 12.5 2 8 0 5
0 0 0 1 1 6 1 1 7 2 3 2 5 -1 -1 -1 -1 -1 -1 701616 0 15 15 15 12.5 2 8 0 5
0 0 0 1 4 6 1 1 7 2 3 2 5 -1 -1 -1 -1 -1 -1 702416 1 15 15 15 12.5 2 8 0 5
0 0 0 1 6 1 1 1 7 2 3 2 4 -1 -1 -1 -1 -1 -1 703249 0 15 15 15 11 2 8 0 5
0 0 0 1 6 3 1 1 7 2 3 2 4 5 5 4 0 0 0 704049 0 15 15 15 12.5 2 5 2 5
0 0 0 1 1 6 1 1 7 2 3 2 5 -1 -1 -1 -1 -1 -1 704849 0 15 15 15 12.5 2 5 2 5
0 0 0 4 1 6 1 1 7 2 3 2 5 -1 -1 -1 -1 -1 -1 705715 1 15 15 15 12.5 2 5 2 5
0 0 0 1 6 1 1 1 7 2 3 2 4 -1 -1 -1 -1 -1 -1 706515 0 15 15 15 12.5 2 5 2 5
0 0 0 1 6 3 1 1 7 2 3 2 4 5 5 4 2 0 0 707348 0 15 15 15 10.5 2 6 2 5
0 0 0 1 1 6 1 1 7 2 3 2 5 -1 -1 -1 -1 -1 -1 708182 0 15 15 15 12.5 2 6 2 5
0 0 0 1 1 6 4 1 7 2 3 2 5 -1 -1 -1 -1 -1 -1 708981 1 15 15 15 12.5 2 6 2 5
0 0 0 1 1 1 6 1 7 2 3 2 6 -1 -1 -1 -1 -1 -1 709881 0 15 15 15 10 2 6 2 5
0 0 0 1 1 6 1 3 7 2 3 2 5 7 5 4 1 0 0 710681 0 15 15 15 12.5 2 6 2 5
0 0 0 1 1 1 6 1 7 2 3 2 6 -1 -1 -1 -1 -1 -1 711481 0 15 15 15 12.1667 2 6 2 5
0 0 0 4 1 6 1 1 7 2 3 2 5 -1 -1 -1 -1 -1 -1 712414 1 15 15 15 12.5 2 6 2 5
0 0 0 1 1 6 1 1 7 2 3 2 5 -1 -1 -1 -1 -1 -1 713214 0 15 15 15 12.5 2 6 2 5
0 0 0 1 1 6 3 1 7 2 3 2 5 6 5 4 3 0 0 714013 0 15 15 15 11 2 6 2 5
0 0 0 1 1 6 1 1 7 2 3 2 5 -1 -1 -1 -1 -1 -1 714947 0 15 15 15 12.5 2 6 2 5
0 0 0 4 1 6 1 1 7 2 3 2 5 -1 -1 -1 -1 -1 -1 715746 1 15 15 15 12.5 2 6 2 5
0 0 0 1 1 6 1 1 7 2 3 2 5 -1 -1 -1 -1 -1 -1 716579 0 15 15 15 11 2 6 2 5
0 0 0 1 8 1 1 1 7 2 3 2 4 4 5 4 0 0 1 717579 0 15 15 15 10 2 4 2 5
0 0 0 1 1 6 1 1 7 2 3 2 5 -1 -1 -1 -1 -1 -1 718579 0 15 15 15 10 2 4 2 5
0 0 0 4 1 6 1 1 7 2 3 2 5 -1 -1 -1 -1 -1 -1 719412 1 15 15 15 12.5 2 4 2 5
0 0 0 1 1 6 1 1 7 2 3 2 5 -1 -1 -1 -1 -1 -1 720212 0 15 15 15 12.5 2 4 2 5
0 0 0 1 1 7 1 1 7 2 3 2 5 5 5 4 1 1 1 721112 0 15 15 15 12.5 2 6 2 5
0 0 0 1 6 1 1 1 7 2 3 2 4 -1 -1 -1 -1 -1 -1 721912 0 15 15 15 12.5 2 6 2 5
0 0 0 1 6 1 1 4 7 2 3 2 4 -1 -1 -1 -1 -1 -1 722711 1 15 15 15 11.5 2 6 2 5
0 0 0 6 1 1 1 1 7 2 3 2 3 -1 -1 -1 -1 -1 -1 723578 0 15 15 15 12.5 2 6 2 5
0 0 0 8 1 1 1 1 7 2 3 2 3 3 5 4 0 0 1 724378 0 15 15 15 12.5 2 6 2 5
0 0 0 1 6 1 1 1 7 2 3 2 4 -1 -1 -1 -1 -1 -1 725244 0 15 15 15 10 2 6 2 5
0 0 0 1 6 4 1 1 7 2 3 2 4 -1 -1 -1 -1 -1 -1 726077 1 15 15 15 12.5 2 6 2 5
0 0 0 1 6 1 1 1 7 2 3 2 4 -1 -1 -1 -1 -1 -1 726877 0 15 15 15 12.5 2 6 2 5
0 0 0 1 8 1 1 1 7 2 3 2 4 4 5 4 1 0 1 727810 0 15 15 15 10 2 8 0 5
0 0 0 1 6 1 1 1 7 2 3 2 4 -1 -1 -1 -1 -1 -1 728610 0 15 15 15 12.5 2 8 0 5
0 0 0 4 6 1 1 1 7 2 3 2 4 -1 -1 -1 -1 -1 -1 729410 1 15 15 15 12.3333 2 8 0 5
0 0 0 6 1 1 1 1 7 2 3 2 3 -1 -1 -1 -1 -1 -1 730343 0 15 15 15 12.5 2 8 0 5
0 0 0 7 1 1 1 1 7 2 3 2 3 3 5 4 1 1 1 731143 0 15 15 15 12.5 2 5 2 5
0 0 0 1 6 1 1 1 7 2 3 2 4 -1 -1 -1 -1 -1 -1 731942 0 15 15 15 12 2 5 2 5
0 0 0 6 1 1 1 4 7 2 3 2 3 -1 -1 -1 -1 -1 -1 732876 1 15 15 15 12.5 2 5 2 5
0 0 0 6 1 1 1 1 7 2 3 2 3 -1 -1 -1 -1 -1 -1 733675 0 15 15 15 12.5 2 5 2 5
0 0 0 7 1 1 1 1 7 2 3 2 3 3 5 4 0 1 1 734475 0 15 15 15 11.5 2 6 2 5
0 0 0 1 1 6 1 1 7 2 3 2 5 -1 -1 -1 -1 -1 -1 735475 0 15 15 15 10 2 6 2 5
0 0 0 1 4 6 1 1 7 2 3 2 5 -1 -1 -1 -1 -1 -1 736341 1 15 15 15 12.5 2 6 2 5
0 0 0 1 1 6 1 1 7 2 3 2 5 -1 -1 -1 -1 -1 -1 737141 0 15 15 15 12.5 2 6 2 5
0 0 0 1 1 8 1 1 7 2 3 2 5 5 5 4 2 0 1 738041 0 15 15 15 10 2 6 2 5
0 0 0 1 1 6 1 1 7 2 3 2 5 -1 -1 -1 -1 -1 -1 738941 0 15 15 15 12.5 2 6 2 5
0 0 0 1 1 6 1 4 7 2 3 2 5 -1 -1 -1 -1 -1 -1 739740 1 15 15 15 12.5 2 6 2 5
0 0 0 1 1 6 1 1 7 2 3 2 5 -1 -1 -1 -1 -1 -1 740574 0 15 15 15 10.3333 2 6 2 5
0 0 0 1 1 7 1 1 7 2 3 2 5 5 5 4 1 1 1 741440 0 15 15 15 12.5 2 6 2 5
0 0 0 1 1 6 1 1 7 2 3 2 5 -1 -1 -1 -1 -1 -1 742240 0 15 15 15 12.5 2 6 2 5
0 0 0 1 1 6 4 1 7 2 3 2 5 -1 -1 -1 -1 -1 -1 743140 1 15 15 15 10 2 6 2 5
0 0 0 1 1 6 1 1 7 2 3 2 5 -1 -1 -1 -1 -1 -1 744006 0 15 15 15 12.5 2 6 2 5
0 0 0 1 1 8 1 1 7 2 3 2 5 5 5 4 2 0 1 744806 0 15 15 15 12.5 2 4 2 5
0 0 0 1 1 6 1 1 8 2 3 2 5 -1 -1 -1 -1 -1 -1 752337 0 15 15 15 60 2 8 0 5
0 0 0 1 1 6 1 1 8 2 3 2 5 -1 -1 -1 -1 -1 -1 752504 0 15 15 15 60 2 8 0 5
0 0 0 1 1 6 1 1 8 2 3 2 5 -1 -1 -1 -1 -1 -1 752671 0 15 15 15 60 2 5 2 5
0 0 0 1 1 6 1 1 8 2 3 2 5 -1 -1 -1 -1 -1 -1 752837 0 15 15 15 50 2 5 2 5
0 0 0 1 1 6 1 1 8 2 3 2 5 -1 -1 -1 -1 -1 -1 753137 0 15 15 15 20 2 5 2 5
0 0 0 1 1 6 1 1 8 2 3 2 5 -1 -1 -1 -1 -1 -1 754070 0 15 15 15 10 2 5 2 5
0 0 0 1 1 6 1 1 8 2 3 2 5 -1 -1 -1 -1 -1 -1 755070 0 15 15 15 10 2 5 2 5
0 0 0 1 1 6 1 1 8 2 3 2 5 -1 -1 -1 -1 -1 -1 756070 0 15 15 15 10 2 5 2 5
0 0 0 1 1 6 1 1 8 2 3 2 5 -1 -1 -1 -1 -1 -1 756970 0 15 15 15 12.5 2 5 2 5
0 0 0 1 1 6 1 1 8 2 3 2 5 -1 -1 -1 -1 -1 -1 757769 0 15 15 15 12.5 2 5 2 5
0 0 0 1 1 6 1 3 8 2 3 2 5 7 5 4 3 0 0 758636 0 15 15 15 10 2 6 2 5
0 0 0 1 1 6 1 1 8 2 3 2 5 -1 -1 -1 -1 -1 -1 759536 0 15 15 15 12.5 2 6 2 5
0 0 0 1 1 6 1 4 8 2 3 2 5 -1 -1 -1 -1 -1 -1 760335 1 15 15 15 12.5 2 6 2 5
0 0 0 1 1 6 1 1 8 2 3 2 5 -1 -1 -1 -1 -1 -1 761202 0 15 15 15 10 2 6 2 5
0 0 0 1 1 6 3 1 8 2 3 2 5 6 5 4 2 0 0 762135 0 15 15 15 12.5 2 4 2 5
0 0 0 1 1 6 1 1 8 2 3 2 5 -1 -1 -1 -1 -1 -1 762935 0 15 15 15 12.5 2 4 2 5
0 0 0 1 1 6 1 4 8 2 3 2 5 -1 -1 -1 -1 -1 -1 763768 1 15 15 15 11 2 4 2 5
0 0 0 1 1 6 1 1 8 2 3 2 5 -1 -1 -1 -1 -1 -1 764601 0 15 15 15 12.5 2 4 2 5
0 0 0 1 1 6 3 1 8 2 3 2 5 6 5 4 1 0 0 765401 0 15 15 15 12.5 2 6 2 5
0 0 0 1 1 6 1 1 8 2 3 2 5 -1 -1 -1 -1 -1 -1 766301 0 15 15 15 12.5 2 6 2 5
0 0 0 1 1 6 1 4 8 2 3 2 5 -1 -1 -1 -1 -1 -1 767100 1 15 15 15 12.5 2 6 2 5
0 0 0 1 1 6 1 1 8 2 3 2 5 -1 -1 -1 -1 -1 -1 767900 0 15 15 15 11.8333 2 6 2 5
0 0 0 1 1 7 1 1 8 2 3 2 5 5 5 4 3 1 1 768800 0 15 15 15 12.5 2 5 2 5
0 0 0 1 1 6 1 1 8 2 3 2 5 -1 -1 -1 -1 -1 -1 769600 0 15 15 15 12.5 2 5 2 5
0 0 0 1 4 6 1 1 8 2 3 2 5 -1 -1 -1 -1 -1 -1 770433 1 15 15 15 12.5 2 5 2 5
0 0 0 1 1 1 6 1 8 2 3 2 6 -1 -1 -1 -1 -1 -1 771233 0 15 15 15 12.5 2 5 2 5
0 0 0 1 1 3 6 1 8 2 3 2 6 5 5 4 0 0 0 772033 0 15 15 15 12.5 2 6 2 5
0 0 0 1 1 1 6 1 8 2 3 2 6 -1 -1 -1 -1 -1 -1 772832 0 15 15 15 12.5 2 6 2 5
0 0 0 1 1 6 1 4 8 2 3 2 5 -1 -1 -1 -1 -1 -1 773632 1 15 15 15 12.5 2 6 2 5
0 0 0 1 1 6 1 1 8 2 3 2 5 -1 -1 -1 -1 -1 -1 774432 0 15 15 15 12.5 2 6 2 5
0 0 0 1 3 6 1 1 8 2 3 2 5 4 5 4 3 0 0 775232 0 15 15 15 12 2 8 0 5
0 0 0 1 1 6 1 1 8 2 3 2 5 -1 -1 -1 -1 -1 -1 776065 0 15 15 15 12.5 2 8 0 5
0 0 0 4 6 1 1 1 8 2 3 2 4 -1 -1 -1 -1 -1 -1 776865 1 15 15 15 12.5 2 8 0 5
0 0 0 1 6 1 1 1 8 2 3 2 4 -1 -1 -1 -1 -1 -1 777698 0 15 15 15 12.5 2 8 0 5
0 0 0 1 7 1 1 1 8 2 3 2 4 4 5 4 3 1 1 778498 0 15 15 15 12.5 2 5 2 5
0 0 0 1 1 6 1 1 8 2 3 2 5 -1 -1 -1 -1 -1 -1 779298 0 15 15 15 10.8333 2 5 2 5
0 0 0 1 4 6 1 1 8 2 3 2 5 -1 -1 -1 -1 -1 -1 780131 1 15 15 15 12.5 2 5 2 5
0 0 0 1 1 6 1 1 8 2 3 2 5 -1 -1 -1 -1 -1 -1 780930 0 15 15 15 12.5 2 5 2 5
0 0 0 1 1 3 8 1 8 2 3 2 6 5 5 4 2 0 1 781764 0 15 15 15 12.5 2 5 2 5
0 0 0 1 1 6 1 1 8 2 3 2 5 -1 -1 -1 -1 -1 -1 782563 0 15 15 15 12.5 2 5 2 5
0 0 0 1 6 4 1 1 8 2 3 2 4 -1 -1 -1 -1 -1 -1 783363 1 15 15 15 12.5 2 5 2 5
0 0 0 6 1 1 1 1 8 2 3 2 3 -1 -1 -1 -1 -1 -1 784163 0 15 15 15 12.5 2 5 2 5
0 0 0 7 1 1 1 1 8 2 3 2 3 3 5 4 3 1 1 784963 0 15 15 15 12.5 2 6 2 5
0 0 0 6 1 1 1 1 8 2 3 2 3 -1 -1 -1 -1 -1 -1 785763 0 15 15 15 12.5 2 6 2 5
0 0 0 1 6 1 4 1 8 2 3 2 4 -1 -1 -1 -1 -1 -1 786562 1 15 15 15 12.5 2 6 2 5
0 0 0 1 6 1 1 1 8 2 3 2 4 -1 -1 -1 -1 -1 -1 787362 0 15 15 15 12.5 2 6 2 5
0 0 0 3 6 1 1 1 8 2 3 2 4 3 5 4 1 0 0 788195 0 15 15 15 10.6667 2 4 2 5
0 0 0 1 6 1 1 1 8 2 3 2 4 -1 -1 -1 -1 -1 -1 789062 0 15 15 15 12.5 2 4 2 5
0 0 0 1 1 6 4 1 8 2 3 2 5 -1 -1 -1 -1 -1 -1 789862 1 15 15 15 12.5 2 4 2 5
0 0 0 1 1 6 1 1 8 2 3 2 5 -1 -1 -1 -1 -1 -1 790661 0 15 15 15 12.5 2 4 2 5
0 0 0 3 1 6 1 1 8 2 3 2 5 3 5 4 0 0 0 791461 0 15 15 15 12.5 2 6 2 5
0 0 0 1 1 6 1 1 8 2 3 2 5 -1 -1 -1 -1 -1 -1 792261 0 15 15 15 12.5 2 6 2 5
0 0 0 4 6 1 1 1 8 2 3 2 4 -1 -1 -1 -1 -1 -1 793061 1 15 15 15 12.5 2 6 2 5
0 0 0 1 6 1 1 1 8 2 3 2 4 -1 -1 -1 -1 -1 -1 793861 0 15 15 15 12.5 2 6 2 5
0 0 0 1 6 3 1 1 8 2 3 2 4 5 5 4 2 0 0 794660 0 15 15 15 12.5 2 5 2 5
0 0 0 1 6 1 1 1 8 2 3 2 4 -1 -1 -1 -1 -1 -1 795494 0 15 15 15 10.6667 2 5 2 5
0 0 0 1 1 6 1 4 8 2 3 2 5 -1 -1 -1 -1 -1 -1 796327 1 15 15 15 12.5 2 5 2 5
0 0 0 1 1 6 1 1 8 2 3 2 5 -1 -1 -1 -1 -1 -1 797126 0 15 15 15 12.5 2 5 2 5
0 0 0 1 3 6 1 1 8 2 3 2 5 4 5 4 3 0 0 797993 0 15 15 15 12.5 2 6 2 5
0 0 0 1 1 6 1 1 8 2 3 2 5 -1 -1 -1 -1 -1 -1 798793 0 15 15 15 12.5 2 6 2 5
0 0 0 1 4 6 1 1 8 2 3 2 5 -1 -1 -1 -1 -1 -1 799593 1 15 15 15 12.5 2 6 2 5
0 0 0 1 1 6 1 1 8 2 3 2 5 -1 -1 -1 -1 -1 -1 800392 0 15 15 15 12.5 2 6 2 5
0 0 0 1 1 8 1 1 8 2 3 2 5 5 5 4 1 0 1 801192 0 15 15 15 12.5 2 8 0 5
0 0 0 1 6 1 1 1 8 2 3 2 4 -1 -1 -1 -1 -1 -1 801992 0 15 15 15 12.5 2 8 0 5
0 0 0 1 6 1 1 4 8 2 3 2 4 -1 -1 -1 -1 -1 -1 802825 1 15 15 15 11 2 8 0 5
0 0 0 6 1 1 1 1 8 2 3 2 3 -1 -1 -1 -1 -1 -1 803725 0 15 15 15 12.5 2 8 0 5
0 0 0 7 1 1 1 1 8 2 3 2 3 3 5 4 2 1 1 804525 0 15 15 15 12.5 2 5 2 5
0 0 0 6 1 1 1 1 8 2 3 2 3 -1 -1 -1 -1 -1 -1 805358 0 15 15 15 10.6667 2 5 2 5
0 0 0 6 4 1 1 1 8 2 3 2 3 -1 -1 -1 -1 -1 -1 806191 1 15 15 15 12.5 2 5 2 5
0 0 0 1 1 6 1 1 8 2 3 2 5 -1 -1 -1 -1 -1 -1 806991 0 15 15 15 12.5 2 5 2 5
0 0 0 2 1 8 1 1 8 2 3 2 5 3 5 4 3 1 0 807824 0 15 15 15 12.5 2 5 2 5
0 0 0 1 1 6 1 1 8 2 3 2 5 -1 -1 -1 -1 -1 -1 808624 0 15 15 15 12.5 2 5 2 5
0 0 0 1 6 1 4 1 8 2 3 2 4 -1 -1 -1 -1 -1 -1 809490 1 15 15 15 10 2 5 2 5
0 0 0 6 1 1 1 1 8 2 3 2 3 -1 -1 -1 -1 -1 -1 810490 0 15 15 15 10 2 5 2 5
0 0 0 7 1 1 1 1 8 2 3 2 3 3 5 4 1 1 1 811356 0 15 15 15 12.5 2 6 2 5
0 0 0 6 1 1 1 1 8 2 3 2 3 -1 -1 -1 -1 -1 -1 812156 0 15 15 15 12.5 2 6 2 5
0 0 0 1 6 4 1 1 8 2 3 2 4 -1 -1 -1 -1 -1 -1 813023 1 15 15 15 10 2 6 2 5
0 0 0 1 1 6 1 1 8 2 3 2 5 -1 -1 -1 -1 -1 -1 813889 0 15 15 15 12.5 2 6 2 5
0 0 0 3 1 6 1 1 8 2 3 2 5 3 5 4 0 0 0 814689 0 15 15 15 12.5 2 4 2 5
0 0 0 1 1 6 1 1 8 2 3 2 5 -1 -1 -1 -1 -1 -1 815489 0 15 15 15 12.5 2 4 2 5
0 0 0 1 4 6 1 1 8 2 3 2 5 -1 -1 -1 -1 -1 -1 816288 1 15 15 15 12.5 2 4 2 5
0 0 0 1 6 1 1 1 8 2 3 2 4 -1 -1 -1 -1 -1 -1 817188 0 15 15 15 12.5 2 4 2 5
0 0 0 1 6 3 1 1 8 2 3 2 4 5 5 4 2 0 0 817988 0 15 15 15 12.5 2 6 2 5
0 0 0 1 1 6 1 1 8 2 3 2 5 -1 -1 -1 -1 -1 -1 818788 0 15 15 15 12 2 6 2 5
0 0 0 4 1 6 1 1 8 2 3 2 5 -1 -1 -1 -1 -1 -1 819621 1 15 15 15 12.5 2 6 2 5
0 0 0 1 1 6 1 1 8 2 3 2 5 -1 -1 -1 -1 -1 -1 820421 0 15 15 15 12.5 2 6 2 5
0 0 0 1 1 6 1 3 8 2 3 2 5 7 5 4 0 0 0 821254 0 15 15 15 12.5 2 5 2 5
0 0 0 1 1 1 6 1 8 2 3 2 6 -1 -1 -1 -1 -1 -1 822054 0 15 15 15 12.5 2 5 2 5
0 0 0 1 4 6 1 1 8 2 3 2 5 -1 -1 -1 -1 -1 -1 822854 1 15 15 15 11.1667 2 5 2 5
0 0 0 1 1 6 1 1 8 2 3 2 5 -1 -1 -1 -1 -1 -1 823753 0 15 15 15 12.5 2 5 2 5
0 0 0 1 1 6 1 3 8 2 3 2 5 7 5 4 2 0 0 824520 0 15 15 15 12.5 2 6 2 5
0 0 0 1 1 6 1 1 8 2 3 2 5 -1 -1 -1 -1 -1 -1 825353 0 15 15 15 12.5 2 6 2 5
0 0 0 4 1 6 1 1 8 2 3 2 5 -1 -1 -1 -1 -1 -1 826153 1 15 15 15 12.5 2 6 2 5
0 0 0 1 1 6 1 1 8 2 3 2 5 -1 -1 -1 -1 -1 -1 826986 0 15 15 15 10 2 6 2 5
0 0 0 1 1 6 1 3 8 2 3 2 5 7 5 4 0 0 0 827886 0 15 15 15 12.5 2 8 0 5
0 0 0 1 1 6 1 1 8 2 3 2 5 -1 -1 -1 -1 -1 -1 828685 0 15 15 15 12.5 2 8 0 5
0 0 0 1 4 6 1 1 8 2 3 2 5 -1 -1 -1 -1 -1 -1 829552 1 15 15 15 10 2 8 0 5
0 0 0 1 1 6 1 1 8 2 3 2 5 -1 -1 -1 -1 -1 -1 830352 0 15 15 15 12.5 2 8 0 5
0 0 0 1 1 7 1 1 8 2 3 2 5 5 5 4 0 1 1 831152 0 15 15 15 12.3333 2 5 2 5
0 0 0 1 1 6 1 1 8 2 3 2 5 -1 -1 -1 -1 -1 -1 832118 0 15 15 15 10 2 5 2 5
0 0 0 1 1 6 4 1 8 2 3 2 5 -1 -1 -1 -1 -1 -1 832918 1 15 15 15 12.5 2 5 2 5
0 0 0 1 1 6 1 1 8 2 3 2 5 -1 -1 -1 -1 -1 -1 833718 0 15 15 15 12.1667 2 5 2 5
0 0 0 1 1 6 1 3 8 2 3 2 5 7 5 4 3 0 0 834617 0 15 15 15 12.5 2 5 2 5
0 0 0 1 1 6 1 1 8 2 3 2 5 -1 -1 -1 -1 -1 -1 835417 0 15 15 15 12.5 2 5 2 5
0 0 0 1 1 6 4 1 8 2 3 2 5 -1 -1 -1 -1 -1 -1 836217 1 15 15 15 12.5 2 5 2 5
0 0 0 1 1 6 1 1 8 2 3 2 5 -1 -1 -1 -1 -1 -1 837017 0 15 15 15 12.5 2 5 2 5
0 0 0 1 1 7 1 1 8 2 3 2 5 5 5 4 0 1 1 837817 0 15 15 15 12.5 2 6 2 5
0 0 0 1 1 6 1 1 8 2 3 2 5 -1 -1 -1 -1 -1 -1 838616 0 15 15 15 12.5 2 6 2 5
0 0 0 4 1 6 1 1 8 2 3 2 5 -1 -1 -1 -1 -1 -1 839416 1 15 15 15 12.5 2 6 2 5
0 0 0 1 1 6 1 1 8 2 3 2 5 -1 -1 -1 -1 -1 -1 840216 0 15 15 15 12.5 2 6 2 5
0 0 0 1 3 6 1 1 8 2 3 2 5 4 5 4 2 0 0 841016 0 15 15 15 11.6667 2 4 2 5
0 0 0 1 1 6 1 1 8 2 3 2 5 -1 -1 -1 -1 -1 -1 841849 0 15 15 15 12.5 2 4 2 5
0 0 0 1 1 6 4 1 8 2 3 2 5 -1 -1 -1 -1 -1 -1 842649 1 15 15 15 12.5 2 4 2 5
0 0 0 1 1 1 6 1 8 2 3 2 6 -1 -1 -1 -1 -1 -1 843548 0 15 15 15 10 2 4 2 5
0 0 0 1 1 2 8 1 8 2 3 2 6 5 5 4 3 1 0 844382 0 15 15 15 12.5 2 6 2 5
0 0 0 1 1 1 6 1 8 2 3 2 6 -1 -1 -1 -1 -1 -1 845181 0 15 15 15 12.5 2 6 2 5
0 0 0 4 1 1 6 1 8 2 3 2 6 -1 -1 -1 -1 -1 -1 846048 1 15 15 15 12.5 2 6 2 5
0 0 0 1 1 1 6 1 8 2 3 2 6 -1 -1 -1 -1 -1 -1 846848 0 15 15 15 12.5 2 6 2 5
0 0 0 1 1 1 7 1 8 2 3 2 6 6 5 4 0 1 1 847681 0 15 15 15 10.8333 2 5 2 5
0 0 0 1 1 6 1 1 8 2 3 2 5 -1 -1 -1 -1 -1 -1 848681 0 15 15 15 12.5 2 5 2 5
0 0 0 1 1 6 4 1 8 2 3 2 5 -1 -1 -1 -1 -1 -1 849480 1 15 15 15 12.5 2 5 2 5
0 0 0 1 1 1 6 1 8 2 3 2 6 -1 -1 -1 -1 -1 -1 850280 0 15 15 15 11.8333 2 5 2 5
0 0 0 1 1 3 6 1 8 2 3 2 6 5 5 4 3 0 0 851080 0 15 15 15 12.5 2 6 2 5
0 0 0 1 1 6 1 1 8 2 3 2 5 -1 -1 -1 -1 -1 -1 851880 0 15 15 15 12.5 2 6 2 5
0 0 0 1 1 6 1 4 8 2 3 2 5 -1 -1 -1 -1 -1 -1 852680 1 15 15 15 12.5 2 6 2 5
0 0 0 1 1 6 1 1 8 2 3 2 5 -1 -1 -1 -1 -1 -1 853479 0 15 15 15 12.5 2 6 2 5
0 0 0 1 1 6 3 1 8 2 3 2 5 6 5 4 2 0 0 854379 0 15 15 15 10 2 8 0 5
0 0 0 1 1 6 1 1 8 2 3 2 5 -1 -1 -1 -1 -1 -1 855212 0 15 15 15 12.5 2 8 0 5
0 0 0 4 1 6 1 1 8 2 3 2 5 -1 -1 -1 -1 -1 -1 856012 1 15 15 15 12.5 2 8 0 5
0 0 0 1 1 6 1 1 8 2 3 2 5 -1 -1 -1 -1 -1 -1 856912 0 15 15 15 12.5 2 8 0 5
0 0 0 1 1 6 3 1 8 2 3 2 5 6 5 4 3 0 0 857712 0 15 15 15 12.5 2 5 2 5
0 0 0 1 1 6 1 1 8 2 3 2 5 -1 -1 -1 -1 -1 -1 858511 0 15 15 15 11.1667 2 5 2 5
0 0 0 1 1 6 4 1 8 2 3 2 5 -1 -1 -1 -1 -1 -1 859345 1 15 15 15 12.5 2 5 2 5
0 0 0 1 1 6 1 1 8 2 3 2 5 -1 -1 -1 -1 -1 -1 860144 0 15 15 15 12.5 2 5 2 5
0 0 0 1 1 1 6 3 8 2 3 2 6 7 5 4 0 0 0 861011 0 15 15 15 12.5 2 5 2 5
0 0 0 1 1 1 6 1 8 2 3 2 6 -1 -1 -1 -1 -1 -1 861811 0 15 15 15 12.5 2 5 2 5
0 0 0 1 1 4 1 6 8 2 3 2 7 -1 -1 -1 -1 -1 -1 862610 1 15 15 15 10.8333 2 5 2 5
0 0 0 1 1 1 1 6 8 2 3 2 7 -1 -1 -1 -1 -1 -1 863477 0 15 15 15 12.5 2 5 2 5
0 0 0 1 1 1 1 7 8 2 3 2 7 7 5 4 2 1 1 864277 0 15 15 15 12.5 2 6 2 5
0 0 0 1 1 1 6 1 8 2 3 2 6 -1 -1 -1 -1 -1 -1 865177 0 15 15 15 10 2 6 2 5
0 0 0 1 1 6 1 4 8 2 3 2 5 -1 -1 -1 -1 -1 -1 865976 1 15 15 15 12.5 2 6 2 5
0 0 0 1 1 6 1 1 8 2 3 2 5 -1 -1 -1 -1 -1 -1 866776 0 15 15 15 12.1667 2 6 2 5
0 0 0 1 1 7 1 1 8 2 3 2 5 5 5 4 3 1 1 867709 0 15 15 15 10 2 4 2 5
0 0 0 1 1 6 1 1 8 2 3 2 5 -1 -1 -1 -1 -1 -1 868709 0 15 15 15 12.5 2 4 2 5
0 0 0 1 4 6 1 1 8 2 3 2 5 -1 -1 -1 -1 -1 -1 869509 1 15 15 15 12.5 2 4 2 5
0 0 0 1 1 6 1 1 8 2 3 2 5 -1 -1 -1 -1 -1 -1 870309 0 15 15 15 11.5 2 4 2 5
0 0 0 3 1 6 1 1 8 2 3 2 5 3 5 4 1 0 0 871208 0 15 15 15 12.5 2 6 2 5
0 0 0 1 1 6 1 1 8 2 3 2 5 -1 -1 -1 -1 -1 -1 872008 0 15 15 15 12.5 2 6 2 5
0 0 0 1 1 6 1 1 8 2 3 2 5 -1 -1 -1 -1 -1 -1 752337 0 15 15 15 60 2 8 0 5
0 0 0 1 1 6 1 1 8 2 3 2 5 -1 -1 -1 -1 -1 -1 752504 0 15 15 15 60 2 8 0 5
0 0 0 1 1 6 1 1 8 2 3 2 5 -1 -1 -1 -1 -1 -1 752671 0 15 15 15 60 2 5 2 5
0 0 0 1 1 6 1 1 8 2 3 2 5 -1 -1 -1 -1 -1 -1 752837 0 15 15 15 50 2 5 2 5
0 0 0 1 1 6 1 1 8 2 3 2 5 -1 -1 -1 -1 -1 -1 753137 0 15 15 15 20 2 5 2 5
0 0 0 1 1 6 1 1 8 2 3 2 5 -1 -1 -1 -1 -1 -1 754070 0 15 15 15 10 2 5 2 5
0 0 0 1 1 6 1 1 8 2 3 2 5 -1 -1 -1 -1 -1 -1 755070 0 15 15 15 10 2 5 2 5
0 0 0 1 1 6 1 1 8 2 3 2 5 -1 -1 -1 -1 -1 -1 756070 0 15 15 15 10 2 5 2 5
0 0 0 1 1 6 1 1 8 2 3 2 5 -1 -1 -1 -1 -1 -1 756970 0 15 15 15 12.5 2 5 2 5
0 0 0 1 1 6 1 1 8 2 3 2 5 -1 -1 -1 -1 -1 -1 757769 0 15 15 15 12.5 2 5 2 5
0 0 0 1 1 6 1 3 8 2 3 2 5 7 5 4 3 0 0 758636 0 15 15 15 10 2 6 2 5
0 0 0 1 1 6 1 1 8 2 3 2 5 -1 -1 -1 -1 -1 -1 759536 0 15 15 15 12.5 2 6 2 5
0 0 0 1 1 6 1 4 8 2 3 2 5 -1 -1 -1 -1 -1 -1 760335 1 15 15 15 12.5 2 6 2 5
0 0 0 1 1 6 1 1 8 2 3 2 5 -1 -1 -1 -1 -1 -1 761202 0 15 15 15 10 2 6 2 5
0 0 0 1 1 6 3 1 8 2 3 2 5 6 5 4 2 0 0 762135 0 15 15 15 12.5 2 4 2 5
0 0 0 1 1 6 1 1 8 2 3 2 5 -1 -1 -1 -1 -1 -1 762935 0 15 15 15 12.5 2 4 2 5
0 0 0 1 1 6 1 4 8 2 3 2 5 -1 -1 -1 -1 -1 -1 763768 1 15 15 15 11 2 4 2 5
0 0 0 1 1 6 1 1 8 2 3 2 5 -1 -1 -1 -1 -1 -1 764601 0 15 15 15 12.5 2 4 2 5
0 0 0 1 1 6 3 1 8 2 3 2 5 6 5 4 1 0 0 765401 0 15 15 15 12.5 2 6 2 5
0 0 0 1 1 6 1 1 8 2 3 2 5 -1 -1 -1 -1 -1 -1 766301 0 15 15 15 12.5 2 6 2 5
0 0 0 1 1 6 1 4 8 2 3 2 5 -1 -1 -1 -1 -1 -1 767100 1 15 15 15 12.5 2 6 2 5
0 0 0 1 1 6 1 1 8 2 3 2 5 -1 -1 -1 -1 -1 -1 767900 0 15 15 15 11.8333 2 6 2 5
0 0 0 1 1 7 1 1 8 2 3 2 5 5 5 4 3 1 1 768800 0 15 15 15 12.5 2 5 2 5
0 0 0 1 1 6 1 1 8 2 3 2 5 -1 -1 -1 -1 -1 -1 769600 0 15 15 15 12.5 2 5 2 5
0 0 0 1 4 6 1 1 8 2 3 2 5 -1 -1 -1 -1 -1 -1 770433 1 15 15 15 12.5 2 5 2 5
0 0 0 1 1 1 6 1 8 2 3 2 6 -1 -1 -1 -1 -1 -1 771233 0 15 15 15 12.5 2 5 2 5
0 0 0 1 1 3 6 1 8 2 3 2 6 5 5 4 0 0 0 772033 0 15 15 15 12.5 2 6 2 5
0 0 0 1 1 1 6 1 8 2 3 2 6 -1 -1 -1 -1 -1 -1 772832 0 15 15 15 12.5 2 6 2 5
0 0 0 1 1 6 1 4 8 2 3 2 5 -1 -1 -1 -1 -1 -1 773632 1 15 15 15 12.5 2 6 2 5
0 0 0 1 1 6 1 1 8 2 3 2 5 -1 -1 -1 -1 -1 -1 774432 0 15 15 15 12.5 2 6 2 5
0 0 0 1 3 6 1 1 8 2 3 2 5 4 5 4 3 0 0 775232 0 15 15 15 12 2 8 0 5
0 0 0 1 1 6 1 1 8 2 3 2 5 -1 -1 -1 -1 -1 -1 776065 0 15 15 15 12.5 2 8 0 5
0 0 0 4 6 1 1 1 8 2 3 2 4 -1 -1 -1 -1 -1 -1 776865 1 15 15 15 12.5 2 8 0 5
0 0 0 1 6 1 1 1 8 2 3 2 4 -1 -1 -1 -1 -1 -1 777698 0 15 15 15 12.5 2 8 0 5
0 0 0 1 7 1 1 1 8 2 3 2 4 4 5 4 3 1 1 778498 0 15 15 15 12.5 2 5 2 5
0 0 0 1 1 6 1 1 8 2 3 2 5 -1 -1 -1 -1 -1 -1 779298 0 15 15 15 10.8333 2 5 2 5
0 0 0 1 4 6 1 1 8 2 3 2 5 -1 -1 -1 -1 -1 -1 780131 1 15 15 15 12.5 2 5 2 5
0 0 0 1 1 6 1 1 8 2 3 2 5 -1 -1 -1 -1 -1 -1 780930 0 15 15 15 12.5 2 5 2 5
0 0 0 1 1 3 8 1 8 2 3 2 6 5 5 4 2 0 1 781764 0 15 15 15 12.5 2 5 2 5
0 0 0 1 1 6 1 1 8 2 3 2 5 -1 -1 -1 -1 -1 -1 782563 0 15 15 15 12.5 2 5 2 5
0 0 0 1 6 4 1 1 8 2 3 2 4 -1 -1 -1 -1 -1 -1 783363 1 15 15 15 12.5 2 5 2 5
0 0 0 6 1 1 1 1 8 2 3 2 3 -1 -1 -1 -1 -1 -1 784163 0 15 15 15 12.5 2 5 2 5
0 0 0 7 1 1 1 1 8 2 3 2 3 3 5 4 3 1 1 784963 0 15 15 15 12.5 2 6 2 5
0 0 0 6 1 1 1 1 8 2 3 2 3 -1 -1 -1 -1 -1 -1 785763 0 15 15 15 12.5 2 6 2 5
0 0 0 1 6 1 4 1 8 2 3 2 4 -1 -1 -1 -1 -1 -1 786562 1 15 15 15 12.5 2 6 2 5
0 0 0 1 6 1 1 1 8 2 3 2 4 -1 -1 -1 -1 -1 -1 787362 0 15 15 15 12.5 2 6 2 5
0 0 0 3 6 1 1 1 8 2 3 2 4 3 5 4 1 0 0 788195 0 15 15 15 10.6667 2 4 2 5
0 0 0 1 6 1 1 1 8 2 3 2 4 -1 -1 -1 -1 -1 -1 789062 0 15 15 15 12.5 2 4 2 5
0 0 0 1 1 6 4 1 8 2 3 2 5 -1 -1 -1 -1 -1 -1 789862 1 15 15 15 12.5 2 4 2 5
0 0 0 1 1 6 1 1 8 2 3 2 5 -1 -1 -1 -1 -1 -1 790661 0 15 15 15 12.5 2 4 2 5
0 0 0 3 1 6 1 1 8 2 3 2 5 3 5 4 0 0 0 791461 0 15 15 15 12.5 2 6 2 5
0 0 0 1 1 6 1 1 8 2 3 2 5 -1 -1 -1 -1 -1 -1 792261 0 15 15 15 12.5 2 6 2 5
0 0 0 4 6 1 1 1 8 2 3 2 4 -1 -1 -1 -1 -1 -1 793061 1 15 15 15 12.5 2 6 2 5
0 0 0 1 6 1 1 1 8 2 3 2 4 -1 -1 -1 -1 -1 -1 793861 0 15 15 15 12.5 2 6 2 5
0 0 0 1 6 3 1 1 8 2 3 2 4 5 5 4 2 0 0 794660 0 15 15 15 12.5 2 5 2 5
0 0 0 1 6 1 1 1 8 2 3 2 4 -1 -1 -1 -1 -1 -1 795494 0 15 15 15 10.6667 2 5 2 5
0 0 0 1 1 6 1 4 8 2 3 2 5 -1 -1 -1 -1 -1 -1 796327 1 15 15 15 12.5 2 5 2 5
0 0 0 1 1 6 1 1 8 2 3 2 5 -1 -1 -1 -1 -1 -1 797126 0 15 15 15 12.5 2 5 2 5
0 0 0 1 3 6 1 1 8 2 3 2 5 4 5 4 3 0 0 797993 0 15 15 15 12.5 2 6 2 5
0 0 0 1 1 6 1 1 8 2 3 2 5 -1 -1 -1 -1 -1 -1 798793 0 15 15 15 12.5 2 6 2 5
0 0 0 1 4 6 1 1 8 2 3 2 5 -1 -1 -1 -1 -1 -1 799593 1 15 15 15 12.5 2 6 2 5
0 0 0 1 1 6 1 1 8 2 3 2 5 -1 -1 -1 -1 -1 -1 800392 0 15 15 15 12.5 2 6 2 5
0 0 0 1 1 8 1 1 8 2 3 2 5 5 5 4 1 0 1 801192 0 15 15 15 12.5 2 8 0 5
0 0 0 1 6 1 1 1 8 2 3 2 4 -1 -1 -1 -1 -1 -1 801992 0 15 15 15 12.5 2 8 0 5
0 0 0 1 6 1 1 4 8 2 3 2 4 -1 -1 -1 -1 -1 -1 802825 1 15 15 15 11 2 8 0 5
0 0 0 6 1 1 1 1 8 2 3 2 3 -1 -1 -1 -1 -1 -1 803725 0 15 15 15 12.5 2 8 0 5
0 0 0 7 1 1 1 1 8 2 3 2 3 3 5 4 2 1 1 804525 0 15 15 15 12.5 2 5 2 5
0 0 0 6 1 1 1 1 8 2 3 2 3 -1 -1 -1 -1 -1 -1 805358 0 15 15 15 10.6667 2 5 2 5
0 0 0 6 4 1 1 1 8 2 3 2 3 -1 -1 -1 -1 -1 -1 806191 1 15 15 15 12.5 2 5 2 5
0 0 0 1 1 6 1 1 8 2 3 2 5 -1 -1 -1 -1 -1 -1 806991 0 15 15 15 12.5 2 5 2 5
0 0 0 2 1 8 1 1 8 2 3 2 5 3 5 4 3 1 0 807824 0 15 15 15 12.5 2 5 2 5
0 0 0 1 1 6 1 1 8 2 3 2 5 -1 -1 -1 -1 -1 -1 808624 0 15 15 15 12.5 2 5 2 5
0 0 0 1 6 1 4 1 8 2 3 2 4 -1 -1 -1 -1 -1 -1 809490 1 15 15 15 10 2 5 2 5
0 0 0 6 1 1 1 1 8 2 3 2 3 -1 -1 -1 -1 -1 -1 810490 0 15 15 15 10 2 5 2 5
0 0 0 7 1 1 1 1 8 2 3 2 3 3 5 4 1 1 1 811356 0 15 15 15 12.5 2 6 2 5
0 0 0 6 1 1 1 1 8 2 3 2 3 -1 -1 -1 -1 -1 -1 812156 0 15 15 15 12.5 2 6 2 5
0 0 0 1 6 4 1 1 8 2 3 2 4 -1 -1 -1 -1 -1 -1 813023 1 15 15 15 10 2 6 2 5
0 0 0 1 1 6 1 1 8 2 3 2 5 -1 -1 -1 -1 -1 -1 813889 0 15 15 15 12.5 2 6 2 5
0 0 0 3 1 6 1 1 8 2 3 2 5 3 5 4 0 0 0 814689 0 15 15 15 12.5 2 4 2 5
0 0 0 1 1 6 1 1 8 2 3 2 5 -1 -1 -1 -1 -1 -1 815489 0 15 15 15 12.5 2 4 2 5
0 0 0 1 4 6 1 1 8 2 3 2 5 -1 -1 -1 -1 -1 -1 816288 1 15 15 15 12.5 2 4 2 5
0 0 0 1 6 1 1 1 8 2 3 2 4 -1 -1 -1 -1 -1 -1 817188 0 15 15 15 12.5 2 4 2 5
0 0 0 1 6 3 1 1 8 2 3 2 4 5 5 4 2 0 0 817988 0 15 15 15 12.5 2 6 2 5
0 0 0 1 1 6 1 1 8 2 3 2 5 -1 -1 -1 -1 -1 -1 818788 0 15 15 15 12 2 6 2 5
0 0 0 4 1 6 1 1 8 2 3 2 5 -1 -1 -1 -1 -1 -1 819621 1 15 15 15 12.5 2 6 2 5
0 0 0 1 1 6 1 1 8 2 3 2 5 -1 -1 -1 -1 -1 -1 820421 0 15 15 15 12.5 2 6 2 5
0 0 0 1 1 6 1 3 8 2 3 2 5 7 5 4 0 0 0 821254 0 15 15 15 12.5 2 5 2 5
0 0 0 1 1 1 6 1 8 2 3 2 6 -1 -1 -1 -1 -1 -1 822054 0 15 15 15 12.5 2 5 2 5
0 0 0 1 4 6 1 1 8 2 3 2 5 -1 -1 -1 -1 -1 -1 822854 1 15 15 15 11.1667 2 5 2 5
0 0 0 1 1 6 1 1 8 2 3 2 5 -1 -1 -1 -1 -1 -1 823753 0 15 15 15 12.5 2 5 2 5
0 0 0 1 1 6 1 3 8 2 3 2 5 7 5 4 2 0 0 824520 0 15 15 15 12.5 2 6 2 5
0 0 0 1 1 6 1 1 8 2 3 2 5 -1 -1 -1 -1 -1 -1 825353 0 15 15 15 12.5 2 6 2 5
0 0 0 4 1 6 1 1 8 2 3 2 5 -1 -1 -1 -1 -1 -1 826153 1 15 15 15 12.5 2 6 2 5
0 0 0 1 1 6 1 1 8 2 3 2 5 -1 -1 -1 -1 -1 -1 826986 0 15 15 15 10 2 6 2 5
0 0 0 1 1 6 1 3 8 2 3 2 5 7 5 4 0 0 0 827886 0 15 15 15 12.5 2 8 0 5
0 0 0 1 1 6 1 1 8 2 3 2 5 -1 -1 -1 -1 -1 -1 828685 0 15 15 15 12.5 2 8 0 5
0 0 0 1 4 6 1 1 8 2 3 2 5 -1 -1 -1 -1 -1 -1 829552 1 15 15 15 10 2 8 0 5
0 0 0 1 1 6 1 1 8 2 3 2 5 -1 -1 -1 -1 -1 -1 830352 0 15 15 15 12.5 2 8 0 5
0 0 0 1 1 7 1 1 8 2 3 2 5 5 5 4 0 1 1 831152 0 15 15 15 12.3333 2 5 2 5
0 0 0 1 1 6 1 1 8 2 3 2 5 -1 -1 -1 -1 -1 -1 832118 0 15 15 15 10 2 5 2 5
0 0 0 1 1 6 4 1 8 2 3 2 5 -1 -1 -1 -1 -1 -1 832918 1 15 15 15 12.5 2 5 2 5
0 0 0 1 1 6 1 1 8 2 3 2 5 -1 -1 -1 -1 -1 -1 833718 0 15 15 15 12.1667 2 5 2 5
0 0 0 1 1 6 1 3 8 2 3 2 5 7 5 4 3 0 0 834617 0 15 15 15 12.5 2 5 2 5
0 0 0 1 1 6 1 1 8 2 3 2 5 -1 -1 -1 -1 -1 -1 835417 0 15 15 15 12.5 2 5 2 5
0 0 0 1 1 6 4 1 8 2 3 2 5 -1 -1 -1 -1 -1 -1 836217 1 15 15 15 12.5 2 5 2 5
0 0 0 1 1 6 1 1 8 2 3 2 5 -1 -1 -1 -1 -1 -1 837017 0 15 15 15 12.5 2 5 2 5
0 0 0 1 1 7 1 1 8 2 3 2 5 5 5 4 0 1 1 837817 0 15 15 15 12.5 2 6 2 5
0 0 0 1 1 6 1 1 8 2 3 2 5 -1 -1 -1 -1 -1 -1 838616 0 15 15 15 12.5 2 6 2 5
0 0 0 4 1 6 1 1 8 2 3 2 5 -1 -1 -1 -1 -1 -1 839416 1 15 15 15 12.5 2 6 2 5
0 0 0 1 1 6 1 1 8 2 3 2 5 -1 -1 -1 -1 -1 -1 840216 0 15 15 15 12.5 2 6 2 5
0 0 0 1 3 6 1 1 8 2 3 2 5 4 5 4 2 0 0 841016 0 15 15 15 11.6667 2 4 2 5
0 0 0 1 1 6 1 1 8 2 3 2 5 -1 -1 -1 -1 -1 -1 841849 0 15 15 15 12.5 2 4 2 5
0 0 0 1 1 6 4 1 8 2 3 2 5 -1 -1 -1 -1 -1 -1 842649 1 15 15 15 12.5 2 4 2 5
0 0 0 1 1 1 6 1 8 2 3 2 6 -1 -1 -1 -1 -1 -1 843548 0 15 15 15 10 2 4 2 5
0 0 0 1 1 2 8 1 8 2 3 2 6 5 5 4 3 1 0 844382 0 15 15 15 12.5 2 6 2 5
0 0 0 1 1 1 6 1 8 2 3 2 6 -1 -1 -1 -1 -1 -1 845181 0 15 15 15 12.5 2 6 2 5
0 0 0 4 1 1 6 1 8 2 3 2 6 -1 -1 -1 -1 -1 -1 846048 1 15 15 15 12.5 2 6 2 5
0 0 0 1 1 1 6 1 8 2 3 2 6 -1 -1 -1 -1 -1 -1 846848 0 15 15 15 12.5 2 6 2 5
0 0 0 1 1 1 7 1 8 2 3 2 6 6 5 4 0 1 1 847681 0 15 15 15 10.8333 2 5 2 5
0 0 0 1 1 6 1 1 8 2 3 2 5 -1 -1 -1 -1 -1 -1 848681 0 15 15 15 12.5 2 5 2 5
0 0 0 1 1 6 4 1 8 2 3 2 5 -1 -1 -1 -1 -1 -1 849480 1 15 15 15 12.5 2 5 2 5
0 0 0 1 1 1 6 1 8 2 3 2 6 -1 -1 -1 -1 -1 -1 850280 0 15 15 15 11.8333 2 5 2 5
0 0 0 1 1 3 6 1 8 2 3 2 6 5 5 4 3 0 0 851080 0 15 15 15 12.5 2 6 2 5
0 0 0 1 1 6 1 1 8 2 3 2 5 -1 -1 -1 -1 -1 -1 851880 0 15 15 15 12.5 2 6 2 5
0 0 0 1 1 6 1 4 8 2 3 2 5 -1 -1 -1 -1 -1 -1 852680 1 15 15 15 12.5 2 6 2 5
0 0 0 1 1 6 1 1 8 2 3 2 5 -1 -1 -1 -1 -1 -1 853479 0 15 15 15 12.5 2 6 2 5
0 0 0 1 1 6 3 1 8 2 3 2 5 6 5 4 2 0 0 854379 0 15 15 15 10 2 8 0 5
0 0 0 1 1 6 1 1 8 2 3 2 5 -1 -1 -1 -1 -1 -1 855212 0 15 15 15 12.5 2 8 0 5
0 0 0 4 1 6 1 1 8 2 3 2 5 -1 -1 -1 -1 -1 -1 856012 1 15 15 15 12.5 2 8 0 5
0 0 0 1 1 6 1 1 8 2 3 2 5 -1 -1 -1 -1 -1 -1 856912 0 15 15 15 12.5 2 8 0 5
0 0 0 1 1 6 3 1 8 2 3 2 5 6 5 4 3 0 0 857712 0 15 15 15 12.5 2 5 2 5
0 0 0 1 1 6 1 1 8 2 3 2 5 -1 -1 -1 -1 -1 -1 858511 0 15 15 15 11.1667 2 5 2 5
0 0 0 1 1 6 4 1 8 2 3 2 5 -1 -1 -1 -1 -1 -1 859345 1 15 15 15 12.5 2 5 2 5
0 0 0 1 1 6 1 1 8 2 3 2 5 -1 -1 -1 -1 -1 -1 860144 0 15 15 15 12.5 2 5 2 5
0 0 0 1 1 1 6 3 8 2 3 2 6 7 5 4 0 0 0 861011 0 15 15 15 12.5 2 5 2 5
0 0 0 1 1 1 6 1 8 2 3 2 6 -1 -1 -1 -1 -1 -1 861811 0 15 15 15 12.5 2 5 2 5
0 0 0 1 1 4 1 6 8 2 3 2 7 -1 -1 -1 -1 -1 -1 862610 1 15 15 15 10.8333 2 5 2 5
0 0 0 1 1 1 1 6 8 2 3 2 7 -1 -1 -1 -1 -1 -1 863477 0 15 15 15 12.5 2 5 2 5
0 0 0 1 1 1 1 7 8 2 3 2 7 7 5 4 2 1 1 864277 0 15 15 15 12.5 2 6 2 5
0 0 0 1 1 1 6 1 8 2 3 2 6 -1 -1 -1 -1 -1 -1 865177 0 15 15 15 10 2 6 2 5
0 0 0 1 1 6 1 4 8 2 3 2 5 -1 -1 -1 -1 -1 -1 865976 1 15 15 15 12.5 2 6 2 5
0 0 0 1 1 6 1 1 8 2 3 2 5 -1 -1 -1 -1 -1 -1 866776 0 15 15 15 12.1667 2 6 2 5
0 0 0 1 1 7 1 1 8 2 3 2 5 5 5 4 3 1 1 867709 0 15 15 15 10 2 4 2 5
0 0 0 1 1 6 1 1 8 2 3 2 5 -1 -1 -1 -1 -1 -1 868709 0 15 15 15 12.5 2 4 2 5
0 0 0 1 4 6 1 1 8 2 3 2 5 -1 -1 -1 -1 -1 -1 869509 1 15 15 15 12.5 2 4 2 5
0 0 0 1 1 6 1 1 8 2 3 2 5 -1 -1 -1 -1 -1 -1 870309 0 15 15 15 11.5 2 4 2 5
0 0 0 3 1 6 1 1 8 2 3 2 5 3 5 4 1 0 0 871208 0 15 15 15 12.5 2 6 2 5
0 0 0 1 1 6 1 1 8 2 3 2 5 -1 -1 -1 -1 -1 -1 872008 0 15 15 15 12.5 2 6 2 5
