% Tunnel Log: 
% debug seed: 1462381237
%
% SegEncNW { '0'=no panel, '1'=panel, '4'=obstacle, '5'=collided obstacle, '6'=player, '7'=player right, '8'=player wrong, '2'=target, '3'=fake }
% SegEncN
% SegEncNE
% SegEncE
% SegEncSE
% SegEncS
% SegEncSW
% SegEncW
% Event Number { 0, inf }
% Task Type { 0=Color/Sound, 1=Shape/Sound, 2=Sound, 3=Navigation, 4=Speed, 5=Training 6=Recess, 7=Special 2-Back }
% N-Back { 0, inf }
% Navigation Level { 0, inf }
% Player Loc { 0=Northwest ... 7=West }
% Pod Loc { -1=N/A, 0=Northwest ... 7=West }
% Pod Color { -1, inf }
% Pod Shape { -1, inf }
% Pod Sound { -1, inf }
% Pod Match { -1=N/A, 0=No, 1=Yes }
% Pod Taken { -1=N/A, 0=No, 1=Yes }
% Timestamp (ms)
% Num Obstacles { 0, inf }
% Min Speed { 0, inf }
% Max Speed { 0, inf }
% Base Speed { 0, inf }
% Final Speed { 0, inf }
% Navigation Score { 0, inf }
% Segment Direction { 0=Northwest ... 7=West }
% Segment Angle { 0, inf }
% Segment Panels { 0, inf }
%
% SegEncNW SecEncN SegEncNE SegEncE SegEncSE SegEncS SegEncSW SegEncW EventNumber TaskType N-Back Navigation PlayerLoc PodLoc PodColor PodShape PodSound PodMatch PodTaken Timestamp NumObs MinSpeed MaxSpeed BaseSpeed FinalSpeed NavScore SegmentDir SegmentAngle SegmentPanels
0 0 0 0 1 6 1 0 0 3 1 0 5 -1 -1 -1 -1 -1 -1 18300 0 15 40 19 60 2 8 0 3
0 0 0 0 1 6 1 0 0 3 1 0 5 -1 -1 -1 -1 -1 -1 18400 0 15 40 19 60 2 8 0 3
0 0 0 0 1 6 1 0 0 3 1 0 5 -1 -1 -1 -1 -1 -1 18566 0 15 40 19 60 2 8 0 3
0 0 0 0 1 6 1 0 0 3 1 0 5 -1 -1 -1 -1 -1 -1 18733 0 15 40 19 60 2 4 2 3
0 0 0 0 1 6 1 0 0 3 1 0 5 -1 -1 -1 -1 -1 -1 18900 0 15 40 19 52.2 2 4 2 3
0 0 0 0 1 6 1 0 0 3 1 0 5 -1 -1 -1 -1 -1 -1 19133 0 15 40 19 34 2 4 2 3
0 0 0 0 1 6 1 0 0 3 1 0 5 -1 -1 -1 -1 -1 -1 19566 0 15 40 19 21 2 4 2 3
0 0 0 0 1 6 1 0 0 3 1 0 5 -1 -1 -1 -1 -1 -1 20033 0 15 40 19 21 2 6 2 3
0 0 0 0 1 6 1 0 0 3 1 0 5 -1 -1 -1 -1 -1 -1 20533 0 15 40 19 21 2 6 2 3
0 0 0 0 6 1 1 0 0 3 1 0 4 -1 -1 -1 -1 -1 -1 21000 0 15 40 19 21 2 6 2 3
0 0 0 0 6 1 1 0 0 3 1 0 4 -1 -1 -1 -1 -1 -1 21466 0 15 40 19 21 2 6 2 3
0 0 0 0 7 1 1 0 0 3 1 0 4 4 5 4 4 1 1 21966 0 15 40 19 21 2 6 2 3
0 0 0 0 6 1 1 0 0 3 1 0 4 -1 -1 -1 -1 -1 -1 22433 0 15 40 19 21 2 6 2 3
0 0 0 0 1 1 6 0 0 3 1 0 6 -1 -1 -1 -1 -1 -1 22899 0 15 40 19 21 2 6 2 3
0 0 0 0 1 1 6 0 0 3 1 0 6 -1 -1 -1 -1 -1 -1 23366 0 15 40 19 21 2 6 2 3
0 0 0 0 1 1 7 0 0 3 1 0 6 6 5 4 4 1 1 23866 0 15 40 19 21 2 5 2 3
0 0 0 0 1 1 6 0 0 3 1 0 6 -1 -1 -1 -1 -1 -1 24333 0 15 40 20 22 2 5 2 3
0 0 0 0 6 1 1 0 0 3 1 0 4 -1 -1 -1 -1 -1 -1 24766 0 15 40 20 22 2 5 2 3
0 0 0 0 6 1 1 0 0 3 1 0 4 -1 -1 -1 -1 -1 -1 25233 0 15 40 20 22 2 5 2 3
0 0 0 0 7 1 1 0 0 3 1 0 4 4 5 4 4 1 1 25666 0 15 40 20 22 2 6 2 3
0 0 0 0 6 1 1 0 0 3 1 0 4 -1 -1 -1 -1 -1 -1 26133 0 15 40 20 22 2 6 2 3
0 0 0 0 6 1 1 0 0 3 1 0 4 -1 -1 -1 -1 -1 -1 26599 0 15 40 20 22 2 6 2 3
0 0 0 0 6 1 1 0 0 3 1 0 4 -1 -1 -1 -1 -1 -1 27033 0 15 40 20 22 2 6 2 3
0 0 0 0 7 1 1 0 0 3 1 0 4 4 5 4 4 1 1 27499 0 15 40 20 22 2 5 2 3
0 0 0 0 6 1 1 0 0 3 1 0 4 -1 -1 -1 -1 -1 -1 27933 0 15 40 21 23 2 5 2 3
0 0 0 0 1 6 1 0 0 3 1 0 5 -1 -1 -1 -1 -1 -1 28366 0 15 40 21 23 2 5 2 3
0 0 0 0 1 6 1 0 0 3 1 0 5 -1 -1 -1 -1 -1 -1 28799 0 15 40 21 23 2 5 2 3
0 0 0 0 1 7 1 0 0 3 1 0 5 5 5 4 4 1 1 29233 0 15 40 21 23 2 4 2 3
0 0 0 0 1 6 1 0 0 3 1 0 5 -1 -1 -1 -1 -1 -1 29666 0 15 40 21 23 2 4 2 3
0 0 0 0 1 6 1 0 0 3 1 0 5 -1 -1 -1 -1 -1 -1 30099 0 15 40 21 23 2 4 2 3
0 0 0 0 1 6 1 0 0 3 1 0 5 -1 -1 -1 -1 -1 -1 30533 0 15 40 21 23 2 4 2 3
0 0 0 1 1 7 1 1 0 3 1 0 5 5 5 4 4 1 1 30966 0 15 40 21 23 2 8 0 5
0 0 0 1 1 6 1 1 0 3 1 1 5 -1 -1 -1 -1 -1 -1 31399 0 15 40 22 24 2 8 0 5
0 0 0 1 1 1 6 1 0 3 1 1 6 -1 -1 -1 -1 -1 -1 31799 0 15 40 22 24 2 8 0 5
0 0 0 1 1 1 6 1 0 3 1 1 6 -1 -1 -1 -1 -1 -1 32233 0 15 40 22 24 2 8 0 5
0 0 0 1 1 1 7 1 0 3 1 1 6 6 5 4 4 1 1 32633 0 15 40 22 24 2 4 2 5
0 0 0 1 1 1 6 1 0 3 1 1 6 -1 -1 -1 -1 -1 -1 33066 0 15 40 22 24 2 4 2 5
0 0 0 1 1 6 1 1 0 3 1 1 5 -1 -1 -1 -1 -1 -1 33466 0 15 40 22 24 2 4 2 5
0 0 0 1 1 6 1 1 0 3 1 1 5 -1 -1 -1 -1 -1 -1 33899 0 15 40 22 24 2 4 2 5
0 0 0 1 1 7 1 1 0 3 1 1 5 5 5 4 4 1 1 34299 0 15 40 22 24 2 6 2 5
0 0 0 1 1 6 1 1 0 3 1 1 5 -1 -1 -1 -1 -1 -1 34733 0 15 40 23 25 2 6 2 5
0 0 0 1 1 1 6 1 0 3 1 1 6 -1 -1 -1 -1 -1 -1 35133 0 15 40 23 25 2 6 2 5
0 0 0 1 1 1 6 1 0 3 1 1 6 -1 -1 -1 -1 -1 -1 35533 0 15 40 23 25 2 6 2 5
0 0 0 1 1 1 7 1 0 3 1 1 6 6 5 4 4 1 1 35933 0 15 40 23 25 2 6 2 5
0 0 0 1 1 1 6 1 0 3 1 1 6 -1 -1 -1 -1 -1 -1 36333 0 15 40 23 25 2 6 2 5
0 0 0 1 1 1 6 1 0 3 1 1 6 -1 -1 -1 -1 -1 -1 36733 0 15 40 23 25 2 6 2 5
0 0 0 1 1 1 6 1 0 3 1 1 6 -1 -1 -1 -1 -1 -1 37133 0 15 40 23 25 2 6 2 5
0 0 0 1 1 1 7 1 0 3 1 1 6 6 5 4 4 1 1 37533 0 15 40 23 25 2 5 2 5
0 0 0 1 1 1 6 1 0 3 1 1 6 -1 -1 -1 -1 -1 -1 37899 0 15 40 24 25.5 2 5 2 5
0 0 0 1 1 1 6 1 0 3 1 1 6 -1 -1 -1 -1 -1 -1 38299 0 15 40 24 25.5 2 5 2 5
0 0 0 1 1 1 6 1 0 3 1 1 6 -1 -1 -1 -1 -1 -1 38699 0 15 40 24 25.5 2 5 2 5
0 0 0 1 1 1 7 1 0 3 1 1 6 6 5 4 4 1 1 39099 0 15 40 24 25.5 2 6 2 5
0 0 0 1 1 1 6 1 0 3 1 1 6 -1 -1 -1 -1 -1 -1 39466 0 15 40 24 25.5 2 6 2 5
0 0 0 1 6 1 1 1 0 3 1 1 4 -1 -1 -1 -1 -1 -1 39866 0 15 40 24 25.5 2 6 2 5
0 0 0 1 6 1 1 1 0 3 1 1 4 -1 -1 -1 -1 -1 -1 40266 0 15 40 24 25.5 2 6 2 5
0 0 0 1 7 1 1 1 0 3 1 1 4 4 5 4 4 1 1 40666 0 15 40 24 25.5 2 5 2 5
0 0 0 1 6 1 1 1 0 3 1 1 4 -1 -1 -1 -1 -1 -1 41033 0 15 40 25 26 2 5 2 5
0 0 0 1 1 6 1 1 0 3 1 1 5 -1 -1 -1 -1 -1 -1 41433 0 15 40 25 26 2 5 2 5
0 0 0 1 1 6 1 1 0 3 1 1 5 -1 -1 -1 -1 -1 -1 41799 0 15 40 25 26 2 5 2 5
0 0 0 1 1 7 1 1 0 3 1 1 5 5 5 4 4 1 1 42199 0 15 40 25 26 2 4 2 5
0 0 0 1 1 6 1 1 0 3 1 1 5 -1 -1 -1 -1 -1 -1 42566 0 15 40 25 26 2 4 2 5
0 0 0 1 6 1 1 1 0 3 1 1 4 -1 -1 -1 -1 -1 -1 42966 0 15 40 25 26 2 4 2 5
0 0 0 6 1 1 1 1 0 3 1 1 3 -1 -1 -1 -1 -1 -1 43333 0 15 40 25 26 2 4 2 5
0 0 0 7 1 1 1 1 0 3 1 1 3 3 5 4 4 1 1 43733 0 15 40 25 26 2 8 0 5
0 0 0 6 1 1 1 1 0 3 1 2 3 -1 -1 -1 -1 -1 -1 44099 0 15 40 26 26.5 2 8 0 5
0 0 0 1 1 6 1 1 0 3 1 2 5 -1 -1 -1 -1 -1 -1 44499 0 15 40 26 26.5 2 8 0 5
0 0 0 1 1 6 1 1 0 3 1 2 5 -1 -1 -1 -1 -1 -1 44866 0 15 40 26 26.5 2 8 0 5
0 0 0 1 1 7 1 1 0 3 1 2 5 5 5 4 4 1 1 45232 0 15 40 26 26.5 2 4 2 5
0 0 0 1 1 6 1 1 0 3 1 2 5 -1 -1 -1 -1 -1 -1 45632 0 15 40 26 26.5 2 4 2 5
0 0 0 1 1 6 4 1 0 3 1 2 5 -1 -1 -1 -1 -1 -1 45999 1 15 40 26 26.5 2 4 2 5
0 0 0 1 1 6 1 1 0 3 1 2 5 -1 -1 -1 -1 -1 -1 46366 0 15 40 26 26.5 2 4 2 5
0 0 0 1 1 7 1 1 0 3 1 2 5 5 5 4 4 1 1 46766 0 15 40 26 26.5 2 6 2 5
0 0 0 1 1 6 1 1 0 3 1 2 5 -1 -1 -1 -1 -1 -1 47132 0 15 40 27 27 2 6 2 5
0 0 0 1 4 1 6 1 0 3 1 2 6 -1 -1 -1 -1 -1 -1 47499 1 15 40 27 27 2 6 2 5
0 0 0 1 1 1 6 1 0 3 1 2 6 -1 -1 -1 -1 -1 -1 47866 0 15 40 27 27 2 6 2 5
0 0 0 1 1 1 7 1 0 3 1 2 6 6 5 4 4 1 1 48232 0 15 40 27 27 2 6 2 5
0 0 0 1 1 1 6 1 0 3 1 2 6 -1 -1 -1 -1 -1 -1 48599 0 15 40 27 27 2 6 2 5
0 0 0 1 1 4 1 6 0 3 1 2 7 -1 -1 -1 -1 -1 -1 48966 1 15 40 27 27 2 6 2 5
0 0 0 1 1 1 1 6 0 3 1 2 7 -1 -1 -1 -1 -1 -1 49332 0 15 40 27 27 2 6 2 5
0 0 0 1 1 1 1 7 0 3 1 2 7 7 5 4 4 1 1 49732 0 15 40 27 27 2 5 2 5
0 0 0 1 1 1 6 1 0 3 1 2 6 -1 -1 -1 -1 -1 -1 50099 0 15 40 28 27.5 2 5 2 5
0 0 0 1 1 1 6 4 0 3 1 2 6 -1 -1 -1 -1 -1 -1 50432 1 15 40 28 27.5 2 5 2 5
0 0 0 1 1 6 1 1 0 3 1 2 5 -1 -1 -1 -1 -1 -1 50799 0 15 40 28 27.5 2 5 2 5
0 0 0 1 1 7 1 1 0 3 1 2 5 5 5 4 4 1 1 51166 0 15 40 28 27.5 2 6 2 5
0 0 0 1 1 6 1 1 0 3 1 2 5 -1 -1 -1 -1 -1 -1 51532 0 15 40 28 27.5 2 6 2 5
0 0 0 1 4 1 6 1 0 3 1 2 6 -1 -1 -1 -1 -1 -1 51899 1 15 40 28 27.5 2 6 2 5
0 0 0 1 1 1 6 1 0 3 1 2 6 -1 -1 -1 -1 -1 -1 52266 0 15 40 28 27.5 2 6 2 5
0 0 0 1 1 1 7 1 0 3 1 2 6 6 5 4 4 1 1 52632 0 15 40 28 27.5 2 5 2 5
0 0 0 1 1 1 6 1 0 3 1 2 6 -1 -1 -1 -1 -1 -1 52999 0 15 40 29 28 2 5 2 5
0 0 0 1 1 4 6 1 0 3 1 2 6 -1 -1 -1 -1 -1 -1 53332 1 15 40 29 28 2 5 2 5
0 0 0 1 1 1 1 6 0 3 1 2 7 -1 -1 -1 -1 -1 -1 53699 0 15 40 29 28 2 5 2 5
0 0 0 1 1 1 1 7 0 3 1 2 7 7 5 4 4 1 1 54066 0 15 40 29 28 2 4 2 5
0 0 0 1 1 1 6 1 0 3 1 2 6 -1 -1 -1 -1 -1 -1 54399 0 15 40 29 28 2 4 2 5
0 0 0 1 1 1 6 4 0 3 1 2 6 -1 -1 -1 -1 -1 -1 54766 1 15 40 29 28 2 4 2 5
0 0 0 1 1 1 6 1 0 3 1 2 6 -1 -1 -1 -1 -1 -1 55132 0 15 40 29 28 2 4 2 5
0 0 0 1 1 1 7 1 0 3 1 2 6 6 5 4 4 1 1 55499 0 15 40 29 28 2 8 0 5
0 0 0 1 1 1 6 1 0 3 1 2 6 -1 -1 -1 -1 -1 -1 55832 0 15 40 30 28.5 2 8 0 5
0 0 0 1 4 1 1 6 0 3 1 2 7 -1 -1 -1 -1 -1 -1 56199 1 15 40 30 28.5 2 8 0 5
0 0 0 1 1 1 1 6 0 3 1 2 7 -1 -1 -1 -1 -1 -1 56532 0 15 40 30 28.5 2 8 0 5
0 0 0 1 1 1 1 7 0 3 1 2 7 7 5 4 4 1 1 56899 0 15 40 30 28.5 2 4 2 5
0 0 0 1 1 1 1 6 0 3 1 2 7 -1 -1 -1 -1 -1 -1 57232 0 15 40 30 28.5 2 4 2 5
0 0 0 1 4 1 6 1 0 3 1 2 6 -1 -1 -1 -1 -1 -1 57599 1 15 40 30 28.5 2 4 2 5
0 0 0 1 1 1 6 1 0 3 1 2 6 -1 -1 -1 -1 -1 -1 57932 0 15 40 30 28.5 2 4 2 5
0 0 0 1 1 1 7 1 0 3 1 2 6 6 5 4 4 1 1 58299 0 15 40 30 28.5 2 6 2 5
0 0 0 1 1 6 1 1 0 3 1 2 5 -1 -1 -1 -1 -1 -1 58632 0 15 40 31 29 2 6 2 5
0 0 0 1 1 6 4 1 0 3 1 2 5 -1 -1 -1 -1 -1 -1 58999 1 15 40 31 29 2 6 2 5
0 0 0 1 1 6 1 1 0 3 1 2 5 -1 -1 -1 -1 -1 -1 59332 0 15 40 31 29 2 6 2 5
0 0 0 1 1 7 1 1 0 3 1 2 5 5 5 4 4 1 1 59666 0 15 40 31 29 2 6 2 5
0 0 0 1 1 6 1 1 0 3 1 2 5 -1 -1 -1 -1 -1 -1 60032 0 15 40 31 29 2 6 2 5
0 0 0 1 4 1 6 1 0 3 1 2 6 -1 -1 -1 -1 -1 -1 60366 1 15 40 31 29 2 6 2 5
0 0 0 1 1 1 6 1 0 3 1 2 6 -1 -1 -1 -1 -1 -1 60699 0 15 40 31 29 2 6 2 5
0 0 0 1 1 1 7 1 0 3 1 2 6 6 5 4 4 1 1 61066 0 15 40 31 29 2 5 2 5
0 0 0 1 1 1 6 1 0 3 1 2 6 -1 -1 -1 -1 -1 -1 61399 0 15 40 32 29.5 2 5 2 5
0 0 0 4 1 1 6 1 0 3 1 2 6 -1 -1 -1 -1 -1 -1 61732 1 15 40 32 29.5 2 5 2 5
0 0 0 1 6 1 1 1 0 3 1 2 4 -1 -1 -1 -1 -1 -1 62066 0 15 40 32 29.5 2 5 2 5
0 0 0 1 7 1 1 1 0 3 1 2 4 4 5 4 4 1 1 62399 0 15 40 32 29.5 2 6 2 5
0 0 0 1 6 1 1 1 0 3 1 2 4 -1 -1 -1 -1 -1 -1 62732 0 15 40 32 29.5 2 6 2 5
0 0 0 1 6 4 1 1 0 3 1 2 4 -1 -1 -1 -1 -1 -1 63099 1 15 40 32 29.5 2 6 2 5
0 0 0 1 1 6 1 1 0 3 1 2 5 -1 -1 -1 -1 -1 -1 63432 0 15 40 32 29.5 2 6 2 5
0 0 0 1 1 7 1 1 0 3 1 2 5 5 5 4 4 1 1 63766 0 15 40 32 29.5 2 5 2 5
0 0 0 1 1 6 1 1 0 3 1 2 5 -1 -1 -1 -1 -1 -1 64099 0 15 40 33 30 2 5 2 5
0 0 0 1 4 6 1 1 0 3 1 2 5 -1 -1 -1 -1 -1 -1 64432 1 15 40 33 30 2 5 2 5
0 0 0 1 6 1 1 1 0 3 1 2 4 -1 -1 -1 -1 -1 -1 64766 0 15 40 33 30 2 5 2 5
0 0 0 1 7 1 1 1 0 3 1 2 4 4 5 4 4 1 1 65099 0 15 40 33 30 2 4 2 5
0 0 0 1 6 1 1 1 0 3 1 2 4 -1 -1 -1 -1 -1 -1 65432 0 15 40 33 30 2 4 2 5
0 0 0 1 6 1 4 1 0 3 1 2 4 -1 -1 -1 -1 -1 -1 65766 1 15 40 33 30 2 4 2 5
0 0 0 1 6 1 1 1 0 3 1 2 4 -1 -1 -1 -1 -1 -1 66099 0 15 40 33 30 2 4 2 5
0 0 0 1 7 1 1 1 0 3 1 2 4 4 5 4 4 1 1 66432 0 15 40 33 30 2 8 0 5
0 0 0 1 6 1 1 1 0 3 1 2 4 -1 -1 -1 -1 -1 -1 66765 0 15 40 34 30.5 2 8 0 5
0 0 0 1 1 6 4 1 0 3 1 2 5 -1 -1 -1 -1 -1 -1 67099 1 15 40 34 30.5 2 8 0 5
0 0 0 1 1 1 6 1 0 3 1 2 6 -1 -1 -1 -1 -1 -1 67432 0 15 40 34 30.5 2 8 0 5
0 0 0 1 1 1 7 1 0 3 1 2 6 6 5 4 4 1 1 67732 0 15 40 34 30.5 2 4 2 5
0 0 0 1 1 1 6 1 0 3 1 2 6 -1 -1 -1 -1 -1 -1 68065 0 15 40 34 30.5 2 4 2 5
0 0 0 1 1 6 1 4 0 3 1 2 5 -1 -1 -1 -1 -1 -1 68399 1 15 40 34 30.5 2 4 2 5
0 0 0 1 6 1 1 1 0 3 1 2 4 -1 -1 -1 -1 -1 -1 68732 0 15 40 34 30.5 2 4 2 5
0 0 0 1 7 1 1 1 0 3 1 2 4 4 5 4 4 1 1 69065 0 15 40 34 30.5 2 6 2 5
0 0 0 1 6 1 1 1 0 3 1 2 4 -1 -1 -1 -1 -1 -1 69365 0 15 40 35 31 2 6 2 5
0 0 0 1 6 1 4 1 0 3 1 2 4 -1 -1 -1 -1 -1 -1 69699 1 15 40 35 31 2 6 2 5
0 0 0 6 1 1 1 1 0 3 1 2 3 -1 -1 -1 -1 -1 -1 70032 0 15 40 35 31 2 6 2 5
0 0 0 7 1 1 1 1 0 3 1 2 3 3 5 4 4 1 1 70332 0 15 40 35 31 2 6 2 5
0 0 0 6 1 1 1 1 0 3 1 2 3 -1 -1 -1 -1 -1 -1 70665 0 15 40 35 31 2 6 2 5
0 0 0 6 1 4 1 1 0 3 1 2 3 -1 -1 -1 -1 -1 -1 70999 1 15 40 35 31 2 6 2 5
0 0 0 1 6 1 1 1 0 3 1 2 4 -1 -1 -1 -1 -1 -1 71299 0 15 40 35 31 2 6 2 5
0 0 0 1 7 1 1 1 0 3 1 2 4 4 5 4 4 1 1 71632 0 15 40 35 31 2 5 2 5
0 0 0 1 6 1 1 1 0 3 1 2 4 -1 -1 -1 -1 -1 -1 71965 0 15 40 36 31.5 2 5 2 5
0 0 0 1 1 6 1 4 0 3 1 2 5 -1 -1 -1 -1 -1 -1 72265 1 15 40 36 31.5 2 5 2 5
0 0 0 1 1 1 6 1 0 3 1 2 6 -1 -1 -1 -1 -1 -1 72599 0 15 40 36 31.5 2 5 2 5
0 0 0 1 1 1 7 1 0 3 1 2 6 6 5 4 4 1 1 72899 0 15 40 36 31.5 2 6 2 5
0 0 0 1 1 1 6 1 0 3 1 2 6 -1 -1 -1 -1 -1 -1 73232 0 15 40 36 31.5 2 6 2 5
0 0 0 1 1 6 1 4 0 3 1 2 5 -1 -1 -1 -1 -1 -1 73532 1 15 40 36 31.5 2 6 2 5
0 0 0 1 6 1 1 1 0 3 1 2 4 -1 -1 -1 -1 -1 -1 73865 0 15 40 36 31.5 2 6 2 5
0 0 0 1 7 1 1 1 0 3 1 2 4 4 5 4 4 1 1 74165 0 15 40 36 31.5 2 5 2 5
0 0 0 1 6 1 1 1 0 3 1 2 4 -1 -1 -1 -1 -1 -1 74499 0 15 40 37 32 2 5 2 5
0 0 0 4 6 1 1 1 0 3 1 2 4 -1 -1 -1 -1 -1 -1 74799 1 15 40 37 32 2 5 2 5
0 0 0 6 1 1 1 1 0 3 1 2 3 -1 -1 -1 -1 -1 -1 75099 0 15 40 37 32 2 5 2 5
0 0 0 7 1 1 1 1 0 3 1 2 3 3 5 4 4 1 1 75432 0 15 40 37 32 2 4 2 5
0 0 0 6 1 1 1 1 0 3 1 2 3 -1 -1 -1 -1 -1 -1 75732 0 15 40 37 32 2 4 2 5
0 0 0 6 4 1 1 1 0 3 1 2 3 -1 -1 -1 -1 -1 -1 76065 1 15 40 37 32 2 4 2 5
0 0 0 1 6 1 1 1 0 3 1 2 4 -1 -1 -1 -1 -1 -1 76365 0 15 40 37 32 2 4 2 5
0 0 0 1 1 7 1 1 0 3 1 2 5 5 5 4 4 1 1 76665 0 15 40 37 32 2 8 0 5
0 0 0 1 1 6 1 1 0 3 1 2 5 -1 -1 -1 -1 -1 -1 76999 0 15 40 38 32.5 2 8 0 5
0 0 0 4 1 1 6 1 0 3 1 2 6 -1 -1 -1 -1 -1 -1 77299 1 15 40 38 32.5 2 8 0 5
0 0 0 1 1 1 6 1 0 3 1 2 6 -1 -1 -1 -1 -1 -1 77599 0 15 40 38 32.5 2 8 0 5
0 0 0 1 1 1 7 1 0 3 1 2 6 6 5 4 4 1 1 77899 0 15 40 38 32.5 2 4 2 5
0 0 0 1 1 1 6 1 0 3 1 2 6 -1 -1 -1 -1 -1 -1 78199 0 15 40 38 32.5 2 4 2 5
0 0 0 0 1 6 1 0 1 4 1 0 5 -1 -1 -1 -1 -1 -1 86432 0 15 40 19 60 2 8 0 3
0 0 0 0 1 6 1 0 1 4 1 0 5 -1 -1 -1 -1 -1 -1 86599 0 15 40 19 60 2 8 0 3
0 0 0 0 1 6 1 0 1 4 1 0 5 -1 -1 -1 -1 -1 -1 86765 0 15 40 19 60 2 5 2 3
0 0 0 0 1 6 1 0 1 4 1 0 5 -1 -1 -1 -1 -1 -1 86932 0 15 40 19 52.2 2 5 2 3
0 0 0 0 1 6 1 0 1 4 1 0 5 -1 -1 -1 -1 -1 -1 87165 0 15 40 19 34 2 5 2 3
0 0 0 0 1 6 1 0 1 4 1 0 5 -1 -1 -1 -1 -1 -1 87599 0 15 40 19 21 2 5 2 3
0 0 0 0 1 6 1 0 1 4 1 0 5 -1 -1 -1 -1 -1 -1 88065 0 15 40 19 21 2 5 2 3
0 0 0 0 1 6 1 0 1 4 1 0 5 -1 -1 -1 -1 -1 -1 88565 0 15 40 19 21 2 5 2 3
0 0 0 0 6 1 1 0 1 4 1 0 4 -1 -1 -1 -1 -1 -1 89032 0 15 40 19 21 2 5 2 3
0 0 0 0 6 1 1 0 1 4 1 0 4 -1 -1 -1 -1 -1 -1 89498 0 15 40 19 21 2 5 2 3
0 0 0 0 6 3 1 0 1 4 1 0 4 5 1 7 2 0 0 89998 0 15 40 19 21 2 4 2 3
0 0 0 0 1 6 1 0 1 4 1 0 5 -1 -1 -1 -1 -1 -1 90465 0 15 40 19 21 2 4 2 3
0 0 0 0 6 1 1 0 1 4 1 0 4 -1 -1 -1 -1 -1 -1 90932 0 15 40 19 21 2 4 2 3
0 0 0 0 6 1 1 0 1 4 1 0 4 -1 -1 -1 -1 -1 -1 91398 0 15 40 19 21 2 4 2 3
0 0 0 0 6 3 1 0 1 4 1 0 4 5 3 8 3 0 0 91898 0 15 40 19 21 2 6 2 3
0 0 0 0 6 1 1 0 1 4 1 0 4 -1 -1 -1 -1 -1 -1 92365 0 15 40 19 21 2 6 2 3
0 0 0 0 1 6 1 0 1 4 1 0 5 -1 -1 -1 -1 -1 -1 92832 0 15 40 19 21 2 6 2 3
0 0 0 0 1 6 1 0 1 4 1 0 5 -1 -1 -1 -1 -1 -1 93332 0 15 40 19 21 2 6 2 3
0 0 0 0 1 7 1 0 1 4 1 0 5 5 3 8 3 1 1 93798 0 15 40 19 21 2 5 2 3
0 0 0 0 1 6 1 0 1 4 1 0 5 -1 -1 -1 -1 -1 -1 94265 0 15 40 19 21 2 5 2 3
0 0 0 0 1 6 1 0 1 4 1 0 5 -1 -1 -1 -1 -1 -1 94732 0 15 40 19 21 2 5 2 3
0 0 0 0 1 6 1 0 1 4 1 0 5 -1 -1 -1 -1 -1 -1 95232 0 15 40 19 21 2 5 2 3
0 0 0 0 3 6 1 0 1 4 1 0 5 4 1 7 2 0 0 95698 0 15 40 19 21 2 6 2 3
0 0 0 0 1 6 1 0 1 4 1 0 5 -1 -1 -1 -1 -1 -1 96165 0 15 40 19 21 2 6 2 3
0 0 0 0 1 6 1 0 1 4 1 0 5 -1 -1 -1 -1 -1 -1 96665 0 15 40 19 21 2 6 2 3
0 0 0 0 1 6 1 0 1 4 1 0 5 -1 -1 -1 -1 -1 -1 97132 0 15 40 19 21 2 6 2 3
0 0 0 0 3 6 1 0 1 4 1 0 5 4 0 6 1 0 0 97598 0 15 40 19 21 2 5 2 3
0 0 0 0 1 6 1 0 1 4 1 0 5 -1 -1 -1 -1 -1 -1 98065 0 15 40 19 21 2 5 2 3
0 0 0 0 1 6 1 0 1 4 1 0 5 -1 -1 -1 -1 -1 -1 98565 0 15 40 19 21 2 5 2 3
0 0 0 0 6 1 1 0 1 4 1 0 4 -1 -1 -1 -1 -1 -1 99032 0 15 40 19 21 2 5 2 3
0 0 0 1 6 3 1 1 1 4 1 0 4 5 3 8 3 0 0 99498 0 15 40 19 21 2 8 0 5
0 0 0 1 6 1 1 1 1 4 1 1 4 -1 -1 -1 -1 -1 -1 99998 0 15 40 19 21 2 8 0 5
0 0 0 1 1 1 6 1 1 4 1 1 6 -1 -1 -1 -1 -1 -1 100465 0 15 40 19 21 2 8 0 5
0 0 0 1 1 1 6 1 1 4 1 1 6 -1 -1 -1 -1 -1 -1 100932 0 15 40 19 21 2 8 0 5
0 0 0 1 1 1 7 1 1 4 1 1 6 6 3 8 3 1 1 101398 0 15 40 19 21 2 5 2 5
0 0 0 1 1 1 6 1 1 4 1 1 6 -1 -1 -1 -1 -1 -1 101865 0 15 40 20 22 2 5 2 5
0 0 0 1 1 1 6 1 1 4 1 1 6 -1 -1 -1 -1 -1 -1 102332 0 15 40 20 22 2 5 2 5
0 0 0 1 1 1 6 1 1 4 1 1 6 -1 -1 -1 -1 -1 -1 102765 0 15 40 20 22 2 5 2 5
0 0 0 1 1 3 6 1 1 4 1 1 6 5 1 7 2 0 0 103232 0 15 40 20 22 2 5 2 5
0 0 0 1 1 1 6 1 1 4 1 1 6 -1 -1 -1 -1 -1 -1 103698 0 15 40 20 22 2 5 2 5
0 0 0 1 1 1 6 1 1 4 1 1 6 -1 -1 -1 -1 -1 -1 104132 0 15 40 20 22 2 5 2 5
0 0 0 1 1 1 6 1 1 4 1 1 6 -1 -1 -1 -1 -1 -1 104598 0 15 40 20 22 2 5 2 5
0 0 0 1 1 1 7 1 1 4 1 1 6 6 1 7 2 1 1 105065 0 15 40 20 22 2 4 2 5
0 0 0 1 1 1 6 1 1 4 1 1 6 -1 -1 -1 -1 -1 -1 105498 0 15 40 20 22 2 4 2 5
0 0 0 1 1 6 1 1 1 4 1 1 5 -1 -1 -1 -1 -1 -1 105965 0 15 40 20 22 2 4 2 5
0 0 0 1 1 6 1 1 1 4 1 1 5 -1 -1 -1 -1 -1 -1 106398 0 15 40 20 22 2 4 2 5
0 0 0 1 1 6 3 1 1 4 1 1 5 6 3 8 3 0 0 106865 0 15 40 20 22 2 6 2 5
0 0 0 1 1 6 1 1 1 4 1 1 5 -1 -1 -1 -1 -1 -1 107332 0 15 40 20 22 2 6 2 5
0 0 0 1 1 6 1 1 1 4 1 1 5 -1 -1 -1 -1 -1 -1 107765 0 15 40 20 22 2 6 2 5
0 0 0 1 1 6 1 1 1 4 1 1 5 -1 -1 -1 -1 -1 -1 108232 0 15 40 20 22 2 6 2 5
0 0 0 1 1 6 1 3 1 4 1 1 5 7 2 5 0 0 0 108698 0 15 40 20 22 2 5 2 5
0 0 0 1 1 6 1 1 1 4 1 1 5 -1 -1 -1 -1 -1 -1 109132 0 15 40 20 22 2 5 2 5
0 0 0 1 1 1 1 6 1 4 1 1 7 -1 -1 -1 -1 -1 -1 109598 0 15 40 20 22 2 5 2 5
0 0 0 1 1 1 1 6 1 4 1 1 7 -1 -1 -1 -1 -1 -1 110065 0 15 40 20 22 2 5 2 5
0 0 0 1 1 1 1 7 1 4 1 1 7 7 2 5 0 1 1 110498 0 15 40 20 22 2 6 2 5
0 0 0 1 1 1 1 6 1 4 1 1 7 -1 -1 -1 -1 -1 -1 110931 0 15 40 21 23 2 6 2 5
0 0 0 1 1 6 1 1 1 4 1 1 5 -1 -1 -1 -1 -1 -1 111365 0 15 40 21 23 2 6 2 5
0 0 0 1 1 6 1 1 1 4 1 1 5 -1 -1 -1 -1 -1 -1 111798 0 15 40 21 23 2 6 2 5
0 0 0 1 1 6 3 1 1 4 1 1 5 6 1 7 2 0 0 112231 0 15 40 21 23 2 5 2 5
0 0 0 1 1 6 1 1 1 4 1 1 5 -1 -1 -1 -1 -1 -1 112665 0 15 40 21 23 2 5 2 5
0 0 0 1 1 6 1 1 1 4 1 1 5 -1 -1 -1 -1 -1 -1 113131 0 15 40 21 23 2 5 2 5
0 0 0 1 1 6 1 1 1 4 1 1 5 -1 -1 -1 -1 -1 -1 113565 0 15 40 21 23 2 5 2 5
0 0 0 1 3 6 1 1 1 4 1 1 5 4 2 5 0 0 0 113998 0 15 40 21 23 2 8 0 5
0 0 0 1 1 6 1 1 1 4 1 2 5 -1 -1 -1 -1 -1 -1 114431 0 15 40 21 23 2 8 0 5
0 0 0 1 1 6 1 1 1 4 1 2 5 -1 -1 -1 -1 -1 -1 114865 0 15 40 21 23 2 8 0 5
0 0 0 1 1 6 1 1 1 4 1 2 5 -1 -1 -1 -1 -1 -1 115298 0 15 40 21 23 2 8 0 5
0 0 0 1 1 6 3 1 1 4 1 2 5 6 1 7 2 0 0 115731 0 15 40 21 23 2 5 2 5
0 0 0 1 1 6 1 1 1 4 1 2 5 -1 -1 -1 -1 -1 -1 116165 0 15 40 21 23 2 5 2 5
0 0 0 4 1 6 1 1 1 4 1 2 5 -1 -1 -1 -1 -1 -1 116598 1 15 40 21 23 2 5 2 5
0 0 0 1 1 6 1 1 1 4 1 2 5 -1 -1 -1 -1 -1 -1 117031 0 15 40 21 23 2 5 2 5
0 0 0 1 3 6 1 1 1 4 1 2 5 4 0 6 1 0 0 117465 0 15 40 21 23 2 5 2 5
0 0 0 1 1 6 1 1 1 4 1 2 5 -1 -1 -1 -1 -1 -1 117898 0 15 40 21 23 2 5 2 5
0 0 0 1 1 6 1 4 1 4 1 2 5 -1 -1 -1 -1 -1 -1 118331 1 15 40 21 23 2 5 2 5
0 0 0 1 1 6 1 1 1 4 1 2 5 -1 -1 -1 -1 -1 -1 118765 0 15 40 21 23 2 5 2 5
0 0 0 1 3 6 1 1 1 4 1 2 5 4 2 5 0 0 0 119198 0 15 40 21 23 2 4 2 5
0 0 0 1 1 6 1 1 1 4 1 2 5 -1 -1 -1 -1 -1 -1 119631 0 15 40 21 23 2 4 2 5
0 0 0 1 4 1 6 1 1 4 1 2 6 -1 -1 -1 -1 -1 -1 120065 1 15 40 21 23 2 4 2 5
0 0 0 1 1 1 6 1 1 4 1 2 6 -1 -1 -1 -1 -1 -1 120498 0 15 40 21 23 2 4 2 5
0 0 0 1 1 1 7 1 1 4 1 2 6 6 2 5 0 1 1 120931 0 15 40 21 23 2 6 2 5
0 0 0 1 1 1 6 1 1 4 1 2 6 -1 -1 -1 -1 -1 -1 121365 0 15 40 21 23 2 6 2 5
0 0 0 1 1 4 6 1 1 4 1 2 6 -1 -1 -1 -1 -1 -1 121798 1 15 40 21 23 2 6 2 5
0 0 0 1 1 1 6 1 1 4 1 2 6 -1 -1 -1 -1 -1 -1 122231 0 15 40 21 23 2 6 2 5
0 0 0 1 1 3 6 1 1 4 1 2 6 5 1 7 2 0 0 122665 0 15 40 21 23 2 5 2 5
0 0 0 1 1 1 6 1 1 4 1 2 6 -1 -1 -1 -1 -1 -1 123098 0 15 40 21 23 2 5 2 5
0 0 0 1 4 6 1 1 1 4 1 2 5 -1 -1 -1 -1 -1 -1 123565 1 15 40 21 23 2 5 2 5
0 0 0 1 1 6 1 1 1 4 1 2 5 -1 -1 -1 -1 -1 -1 123998 0 15 40 21 23 2 5 2 5
0 0 0 1 1 6 3 1 1 4 1 2 5 6 3 8 3 0 0 124431 0 15 40 21 23 2 6 2 5
0 0 0 1 1 6 1 1 1 4 1 2 5 -1 -1 -1 -1 -1 -1 124865 0 15 40 21 23 2 6 2 5
0 0 0 1 4 6 1 1 1 4 1 2 5 -1 -1 -1 -1 -1 -1 125298 1 15 40 21 23 2 6 2 5
0 0 0 1 1 6 1 1 1 4 1 2 5 -1 -1 -1 -1 -1 -1 125731 0 15 40 21 23 2 6 2 5
0 0 0 1 1 7 1 1 1 4 1 2 5 5 3 8 3 1 1 126165 0 15 40 21 23 2 5 2 5
0 0 0 1 1 6 1 1 1 4 1 2 5 -1 -1 -1 -1 -1 -1 126565 0 15 40 22 24 2 5 2 5
0 0 0 1 4 1 6 1 1 4 1 2 6 -1 -1 -1 -1 -1 -1 126998 1 15 40 22 24 2 5 2 5
0 0 0 1 1 1 6 1 1 4 1 2 6 -1 -1 -1 -1 -1 -1 127398 0 15 40 22 24 2 5 2 5
0 0 0 1 1 3 6 1 1 4 1 2 6 5 2 5 0 0 0 127831 0 15 40 22 24 2 8 0 5
0 0 0 1 1 1 6 1 1 4 1 2 6 -1 -1 -1 -1 -1 -1 128231 0 15 40 22 24 2 8 0 5
0 0 0 4 6 1 1 1 1 4 1 2 4 -1 -1 -1 -1 -1 -1 128665 1 15 40 22 24 2 8 0 5
0 0 0 6 1 1 1 1 1 4 1 2 3 -1 -1 -1 -1 -1 -1 129065 0 15 40 22 24 2 8 0 5
0 0 0 7 1 1 1 1 1 4 1 2 3 3 2 5 0 1 1 129498 0 15 40 22 24 2 5 2 5
0 0 0 6 1 1 1 1 1 4 1 2 3 -1 -1 -1 -1 -1 -1 129898 0 15 40 22 24 2 5 2 5
0 0 0 6 1 1 4 1 1 4 1 2 3 -1 -1 -1 -1 -1 -1 130332 1 15 40 22 24 2 5 2 5
0 0 0 1 1 6 1 1 1 4 1 2 5 -1 -1 -1 -1 -1 -1 130732 0 15 40 22 24 2 5 2 5
0 0 0 1 3 6 1 1 1 4 1 2 5 4 1 7 2 0 0 131165 0 15 40 22 24 2 5 2 5
0 0 0 1 1 6 1 1 1 4 1 2 5 -1 -1 -1 -1 -1 -1 131565 0 15 40 22 24 2 5 2 5
0 0 0 1 1 6 1 4 1 4 1 2 5 -1 -1 -1 -1 -1 -1 131999 1 15 40 22 24 2 5 2 5
0 0 0 1 1 6 1 1 1 4 1 2 5 -1 -1 -1 -1 -1 -1 132399 0 15 40 22 24 2 5 2 5
0 0 0 1 1 7 1 1 1 4 1 2 5 5 1 7 2 1 1 132832 0 15 40 22 24 2 4 2 5
0 0 0 1 1 6 1 1 1 4 1 2 5 -1 -1 -1 -1 -1 -1 133232 0 15 40 23 25 2 4 2 5
0 0 0 1 1 6 4 1 1 4 1 2 5 -1 -1 -1 -1 -1 -1 133632 1 15 40 23 25 2 4 2 5
0 0 0 1 1 6 1 1 1 4 1 2 5 -1 -1 -1 -1 -1 -1 134033 0 15 40 23 25 2 4 2 5
0 0 0 1 6 1 3 1 1 4 1 2 4 6 2 5 0 0 0 134433 0 15 40 23 25 2 6 2 5
0 0 0 1 6 1 1 1 1 4 1 2 4 -1 -1 -1 -1 -1 -1 134833 0 15 40 23 25 2 6 2 5
0 0 0 1 6 4 1 1 1 4 1 2 4 -1 -1 -1 -1 -1 -1 135233 1 15 40 23 25 2 6 2 5
0 0 0 1 1 6 1 1 1 4 1 2 5 -1 -1 -1 -1 -1 -1 135633 0 15 40 23 25 2 6 2 5
0 0 0 1 1 7 1 1 1 4 1 2 5 5 2 5 0 1 1 136033 0 15 40 23 25 2 5 2 5
0 0 0 1 1 6 1 1 1 4 1 2 5 -1 -1 -1 -1 -1 -1 136433 0 15 40 23 25 2 5 2 5
0 0 0 1 1 6 4 1 1 4 1 2 5 -1 -1 -1 -1 -1 -1 136833 1 15 40 23 25 2 5 2 5
0 0 0 1 1 6 1 1 1 4 1 2 5 -1 -1 -1 -1 -1 -1 137233 0 15 40 23 25 2 5 2 5
0 0 0 3 1 6 1 1 1 4 1 2 5 3 1 7 2 0 0 137633 0 15 40 23 25 2 6 2 5
0 0 0 1 1 6 1 1 1 4 1 2 5 -1 -1 -1 -1 -1 -1 138033 0 15 40 23 25 2 6 2 5
0 0 0 1 1 6 4 1 1 4 1 2 5 -1 -1 -1 -1 -1 -1 138433 1 15 40 23 25 2 6 2 5
0 0 0 1 1 6 1 1 1 4 1 2 5 -1 -1 -1 -1 -1 -1 138834 0 15 40 23 25 2 6 2 5
0 0 0 1 3 6 1 1 1 4 1 2 5 4 3 8 3 0 0 139234 0 15 40 23 25 2 5 2 5
0 0 0 1 1 6 1 1 1 4 1 2 5 -1 -1 -1 -1 -1 -1 139634 0 15 40 23 25 2 5 2 5
0 0 0 1 1 6 1 1 2 0 1 2 5 -1 -1 -1 -1 -1 -1 148102 0 15 24 16 60 2 8 0 5
0 0 0 1 1 6 1 1 2 0 1 2 5 -1 -1 -1 -1 -1 -1 148269 0 15 24 16 60 2 8 0 5
0 0 0 1 1 6 1 1 2 0 1 2 5 -1 -1 -1 -1 -1 -1 148436 0 15 24 16 60 2 5 2 5
0 0 0 1 1 6 1 1 2 0 1 2 5 -1 -1 -1 -1 -1 -1 148602 0 15 24 16 50.6 2 5 2 5
0 0 0 1 1 6 1 1 2 0 1 2 5 -1 -1 -1 -1 -1 -1 148869 0 15 24 16 25.5333 2 5 2 5
0 0 0 1 1 6 1 1 2 0 1 2 5 -1 -1 -1 -1 -1 -1 149603 0 15 24 16 13 2 5 2 5
0 0 0 1 1 6 1 1 2 0 1 2 5 -1 -1 -1 -1 -1 -1 150369 0 15 24 16 13 2 5 2 5
0 0 0 1 1 6 1 1 2 0 1 2 5 -1 -1 -1 -1 -1 -1 151136 0 15 24 16 13 2 5 2 5
0 0 0 1 1 6 1 1 2 0 1 2 5 -1 -1 -1 -1 -1 -1 151903 0 15 24 16 13 2 5 2 5
0 0 0 1 1 6 1 1 2 0 1 2 5 -1 -1 -1 -1 -1 -1 152670 0 15 24 16 13 2 5 2 5
0 0 0 1 1 6 3 1 2 0 1 2 5 6 3 4 3 0 0 153437 0 15 24 16 13 2 5 2 5
0 0 0 1 1 6 1 1 2 0 1 2 5 -1 -1 -1 -1 -1 -1 154203 0 15 24 16 13 2 5 2 5
0 0 0 4 1 6 1 1 2 0 1 2 5 -1 -1 -1 -1 -1 -1 154970 1 15 24 16 13 2 5 2 5
0 0 0 1 6 1 1 1 2 0 1 2 4 -1 -1 -1 -1 -1 -1 155737 0 15 24 16 13 2 5 2 5
0 0 0 1 6 3 1 1 2 0 1 2 4 5 0 4 1 0 0 156537 0 15 24 16 13 2 5 2 5
0 0 0 1 6 1 1 1 2 0 1 2 4 -1 -1 -1 -1 -1 -1 157304 0 15 24 16 13 2 5 2 5
0 0 0 1 6 4 1 1 2 0 1 2 4 -1 -1 -1 -1 -1 -1 158071 1 15 24 16 13 2 5 2 5
0 0 0 1 1 6 1 1 2 0 1 2 5 -1 -1 -1 -1 -1 -1 158838 0 15 24 16 13 2 5 2 5
0 0 0 1 3 6 1 1 2 0 1 2 5 4 1 4 2 0 0 159605 0 15 24 16 13 2 4 2 5
0 0 0 1 1 6 1 1 2 0 1 2 5 -1 -1 -1 -1 -1 -1 160371 0 15 24 16 13 2 4 2 5
0 0 0 4 1 6 1 1 2 0 1 2 5 -1 -1 -1 -1 -1 -1 161138 1 15 24 16 13 2 4 2 5
0 0 0 1 6 1 1 1 2 0 1 2 4 -1 -1 -1 -1 -1 -1 161905 0 15 24 16 13 2 4 2 5
0 0 0 1 6 3 1 1 2 0 1 2 4 5 3 4 3 0 0 162672 0 15 24 16 13 2 5 2 5
0 0 0 1 1 6 1 1 2 0 1 2 5 -1 -1 -1 -1 -1 -1 163439 0 15 24 16 13 2 5 2 5
0 0 0 1 1 6 4 1 2 0 1 2 5 -1 -1 -1 -1 -1 -1 164206 1 15 24 16 13 2 5 2 5
0 0 0 1 1 1 1 6 2 0 1 2 7 -1 -1 -1 -1 -1 -1 164972 0 15 24 16 13 2 5 2 5
0 0 0 1 1 1 1 7 2 0 1 2 7 7 3 4 3 1 1 165739 0 15 24 16 13 2 6 2 5
0 0 0 1 1 1 1 6 2 0 1 2 7 -1 -1 -1 -1 -1 -1 166506 0 15 24 16 13 2 6 2 5
0 0 0 1 1 4 6 1 2 0 1 2 6 -1 -1 -1 -1 -1 -1 167306 1 15 24 16 13 2 6 2 5
0 0 0 1 1 6 1 1 2 0 1 2 5 -1 -1 -1 -1 -1 -1 168073 0 15 24 16 13 2 6 2 5
0 0 0 1 1 6 1 3 2 0 1 2 5 7 2 4 0 0 0 168840 0 15 24 16 13 2 8 0 5
0 0 0 1 1 6 1 1 2 0 1 2 5 -1 -1 -1 -1 -1 -1 169607 0 15 24 16 13 2 8 0 5
0 0 0 1 1 6 4 1 2 0 1 2 5 -1 -1 -1 -1 -1 -1 170374 1 15 24 16 13 2 8 0 5
0 0 0 1 1 1 1 6 2 0 1 2 7 -1 -1 -1 -1 -1 -1 171140 0 15 24 16 13 2 8 0 5
0 0 0 1 1 1 1 7 2 0 1 2 7 7 2 4 0 1 1 171907 0 15 24 16 13 2 5 2 5
0 0 0 1 1 1 6 1 2 0 1 2 6 -1 -1 -1 -1 -1 -1 172541 0 15 24 17 16 2 5 2 5
0 0 0 4 1 6 1 1 2 0 1 2 5 -1 -1 -1 -1 -1 -1 173174 1 15 24 17 16 2 5 2 5
0 0 0 1 1 6 1 1 2 0 1 2 5 -1 -1 -1 -1 -1 -1 173808 0 15 24 17 16 2 5 2 5
0 0 0 1 1 6 3 1 2 0 1 2 5 6 3 4 3 0 0 174441 0 15 24 17 16 2 5 2 5
0 0 0 1 1 6 1 1 2 0 1 2 5 -1 -1 -1 -1 -1 -1 175041 0 15 24 17 16 2 5 2 5
0 0 0 1 1 6 4 1 2 0 1 2 5 -1 -1 -1 -1 -1 -1 175675 1 15 24 17 16 2 5 2 5
0 0 0 1 1 6 1 1 2 0 1 2 5 -1 -1 -1 -1 -1 -1 176308 0 15 24 17 16 2 5 2 5
0 0 0 1 3 6 1 1 2 0 1 2 5 4 2 4 0 0 0 176942 0 15 24 17 16 2 5 2 5
0 0 0 1 1 6 1 1 2 0 1 2 5 -1 -1 -1 -1 -1 -1 177542 0 15 24 17 16 2 5 2 5
0 0 0 4 6 1 1 1 2 0 1 2 4 -1 -1 -1 -1 -1 -1 178175 1 15 24 17 16 2 5 2 5
0 0 0 1 6 1 1 1 2 0 1 2 4 -1 -1 -1 -1 -1 -1 178809 0 15 24 17 16 2 5 2 5
0 0 0 1 7 1 1 1 2 0 1 2 4 4 2 4 0 1 1 179442 0 15 24 17 16 2 5 2 5
0 0 0 1 1 6 1 1 2 0 1 2 5 -1 -1 -1 -1 -1 -1 180042 0 15 24 17 16 2 5 2 5
0 0 0 1 4 6 1 1 2 0 1 2 5 -1 -1 -1 -1 -1 -1 180676 1 15 24 17 16 2 5 2 5
0 0 0 1 6 1 1 1 2 0 1 2 4 -1 -1 -1 -1 -1 -1 181309 0 15 24 17 16 2 5 2 5
0 0 0 1 7 1 1 1 2 0 1 2 4 4 2 4 0 1 1 181943 0 15 24 17 16 2 4 2 5
0 0 0 1 1 6 1 1 2 0 1 2 5 -1 -1 -1 -1 -1 -1 182476 0 15 24 18 19 2 4 2 5
0 0 0 4 1 6 1 1 2 0 1 2 5 -1 -1 -1 -1 -1 -1 183010 1 15 24 18 19 2 4 2 5
0 0 0 1 6 1 1 1 2 0 1 2 4 -1 -1 -1 -1 -1 -1 183510 0 15 24 18 19 2 4 2 5
0 0 0 1 6 3 1 1 2 0 1 2 4 5 1 4 2 0 0 184043 0 15 24 18 19 2 5 2 5
0 0 0 1 6 1 1 1 2 0 1 2 4 -1 -1 -1 -1 -1 -1 184577 0 15 24 18 19 2 5 2 5
0 0 0 1 1 6 4 1 2 0 1 2 5 -1 -1 -1 -1 -1 -1 185110 1 15 24 18 19 2 5 2 5
0 0 0 1 1 1 6 1 2 0 1 2 6 -1 -1 -1 -1 -1 -1 185644 0 15 24 18 19 2 5 2 5
0 0 0 1 1 1 1 7 2 0 1 2 7 7 1 4 2 1 1 186144 0 15 24 18 19 2 6 2 5
0 0 0 0 1 6 1 0 3 1 1 0 5 -1 -1 -1 -1 -1 -1 192512 0 15 24 16 60 2 8 0 3
0 0 0 0 1 6 1 0 3 1 1 0 5 -1 -1 -1 -1 -1 -1 192678 0 15 24 16 60 2 8 0 3
0 0 0 0 1 6 1 0 3 1 1 0 5 -1 -1 -1 -1 -1 -1 192845 0 15 24 16 60 2 6 2 3
0 0 0 0 1 6 1 0 3 1 1 0 5 -1 -1 -1 -1 -1 -1 193012 0 15 24 16 50.6 2 6 2 3
0 0 0 0 1 6 1 0 3 1 1 0 5 -1 -1 -1 -1 -1 -1 193278 0 15 24 16 25.5333 2 6 2 3
0 0 0 0 1 6 1 0 3 1 1 0 5 -1 -1 -1 -1 -1 -1 194012 0 15 24 16 13 2 6 2 3
0 0 0 0 1 6 1 0 3 1 1 0 5 -1 -1 -1 -1 -1 -1 194779 0 15 24 16 13 2 6 2 3
0 0 0 0 1 6 1 0 3 1 1 0 5 -1 -1 -1 -1 -1 -1 195546 0 15 24 16 13 2 6 2 3
0 0 0 0 1 6 1 0 3 1 1 0 5 -1 -1 -1 -1 -1 -1 196312 0 15 24 16 13 2 6 2 3
0 0 0 0 1 6 1 0 3 1 1 0 5 -1 -1 -1 -1 -1 -1 197079 0 15 24 16 13 2 6 2 3
0 0 0 0 3 6 1 0 3 1 1 0 5 4 4 7 2 0 0 197846 0 15 24 16 13 2 4 2 3
0 0 0 0 1 6 1 0 3 1 1 0 5 -1 -1 -1 -1 -1 -1 198613 0 15 24 16 13 2 4 2 3
0 0 0 0 1 1 6 0 3 1 1 0 6 -1 -1 -1 -1 -1 -1 199380 0 15 24 16 13 2 4 2 3
0 0 0 0 1 1 6 0 3 1 1 0 6 -1 -1 -1 -1 -1 -1 200147 0 15 24 16 13 2 4 2 3
0 0 0 0 1 1 7 0 3 1 1 0 6 6 4 7 2 1 1 200913 0 15 24 16 13 2 6 2 3
0 0 0 0 1 6 1 0 3 1 1 0 5 -1 -1 -1 -1 -1 -1 201714 0 15 24 16 13 2 6 2 3
0 0 0 0 1 6 1 0 3 1 1 0 5 -1 -1 -1 -1 -1 -1 202480 0 15 24 16 13 2 6 2 3
0 0 0 0 1 6 1 0 3 1 1 0 5 -1 -1 -1 -1 -1 -1 203247 0 15 24 16 13 2 6 2 3
0 0 0 0 1 7 1 0 3 1 1 0 5 5 4 7 2 1 1 204014 0 15 24 16 13 2 5 2 3
0 0 0 0 1 6 1 0 3 1 1 0 5 -1 -1 -1 -1 -1 -1 204648 0 15 24 17 16 2 5 2 3
0 0 0 0 1 6 1 0 3 1 1 0 5 -1 -1 -1 -1 -1 -1 205281 0 15 24 17 16 2 5 2 3
0 0 0 0 1 6 1 0 3 1 1 0 5 -1 -1 -1 -1 -1 -1 205915 0 15 24 17 16 2 5 2 3
0 0 0 0 1 6 3 0 3 1 1 0 5 6 4 5 0 0 0 206515 0 15 24 17 16 2 5 2 3
0 0 0 0 1 6 1 0 3 1 1 0 5 -1 -1 -1 -1 -1 -1 207148 0 15 24 17 16 2 5 2 3
0 0 0 0 1 1 6 0 3 1 1 0 6 -1 -1 -1 -1 -1 -1 207782 0 15 24 17 16 2 5 2 3
0 0 0 0 1 1 6 0 3 1 1 0 6 -1 -1 -1 -1 -1 -1 208415 0 15 24 17 16 2 5 2 3
0 0 0 0 1 1 7 0 3 1 1 0 6 6 4 5 0 1 1 209015 0 15 24 17 16 2 6 2 3
0 0 0 0 1 1 6 0 3 1 1 0 6 -1 -1 -1 -1 -1 -1 209649 0 15 24 17 16 2 6 2 3
0 0 0 0 1 1 6 0 3 1 1 0 6 -1 -1 -1 -1 -1 -1 210282 0 15 24 17 16 2 6 2 3
0 0 0 0 1 1 6 0 3 1 1 0 6 -1 -1 -1 -1 -1 -1 210916 0 15 24 17 16 2 6 2 3
0 0 0 0 1 3 6 0 3 1 1 0 6 5 4 7 2 0 0 211516 0 15 24 17 16 2 8 0 3
0 0 0 0 1 1 6 0 3 1 1 0 6 -1 -1 -1 -1 -1 -1 212149 0 15 24 17 16 2 8 0 3
0 0 0 0 1 6 1 0 3 1 1 0 5 -1 -1 -1 -1 -1 -1 212783 0 15 24 17 16 2 8 0 3
0 0 0 0 6 1 1 0 3 1 1 0 4 -1 -1 -1 -1 -1 -1 213416 0 15 24 17 16 2 8 0 3
0 0 0 0 6 3 1 0 3 1 1 0 4 5 4 6 1 0 0 214016 0 15 24 17 16 2 6 2 3
0 0 0 0 6 1 1 0 3 1 1 0 4 -1 -1 -1 -1 -1 -1 214650 0 15 24 17 16 2 6 2 3
0 0 0 0 1 1 6 0 3 1 1 0 6 -1 -1 -1 -1 -1 -1 215283 0 15 24 17 16 2 6 2 3
0 0 0 0 1 1 6 0 3 1 1 0 6 -1 -1 -1 -1 -1 -1 215917 0 15 24 17 16 2 6 2 3
0 0 0 0 1 1 7 0 3 1 1 0 6 6 4 6 1 1 1 216517 0 15 24 17 16 2 6 2 3
0 0 0 0 1 1 6 0 3 1 1 0 6 -1 -1 -1 -1 -1 -1 217084 0 15 24 18 19 2 6 2 3
0 0 0 0 1 1 6 0 3 1 1 0 6 -1 -1 -1 -1 -1 -1 217584 0 15 24 18 19 2 6 2 3
0 0 0 0 1 6 1 0 3 1 1 0 5 -1 -1 -1 -1 -1 -1 218117 0 15 24 18 19 2 6 2 3
0 0 0 0 1 6 3 0 3 1 1 0 5 6 4 7 2 0 0 218651 0 15 24 18 19 2 4 2 3
0 0 0 0 1 6 1 0 3 1 1 0 5 -1 -1 -1 -1 -1 -1 219184 0 15 24 18 19 2 4 2 3
0 0 0 0 6 1 1 0 3 1 1 0 4 -1 -1 -1 -1 -1 -1 219684 0 15 24 18 19 2 4 2 3
0 0 0 0 6 1 1 0 3 1 1 0 4 -1 -1 -1 -1 -1 -1 220218 0 15 24 18 19 2 4 2 3
0 0 0 0 6 3 1 0 3 1 1 0 4 5 4 8 3 0 0 220751 0 15 24 18 19 2 6 2 3
0 0 0 0 6 1 1 0 3 1 1 0 4 -1 -1 -1 -1 -1 -1 221284 0 15 24 18 19 2 6 2 3
0 0 0 0 6 1 1 0 3 1 1 0 4 -1 -1 -1 -1 -1 -1 221818 0 15 24 18 19 2 6 2 3
0 0 0 0 6 1 1 0 3 1 1 0 4 -1 -1 -1 -1 -1 -1 222318 0 15 24 18 19 2 6 2 3
0 0 0 0 6 1 3 0 3 1 1 0 4 6 4 5 0 0 0 222851 0 15 24 18 19 2 5 2 3
0 0 0 0 6 1 1 0 3 1 1 0 4 -1 -1 -1 -1 -1 -1 223385 0 15 24 18 19 2 5 2 3
0 0 0 0 6 1 1 0 3 1 1 0 4 -1 -1 -1 -1 -1 -1 223918 0 15 24 18 19 2 5 2 3
0 0 0 0 6 1 1 0 3 1 1 0 4 -1 -1 -1 -1 -1 -1 224452 0 15 24 18 19 2 5 2 3
0 0 0 0 6 1 3 0 3 1 1 0 4 6 4 6 1 0 0 224952 0 15 24 18 19 2 5 2 3
0 0 0 0 6 1 1 0 3 1 1 0 4 -1 -1 -1 -1 -1 -1 225485 0 15 24 18 19 2 5 2 3
0 0 0 0 6 1 1 0 3 1 1 0 4 -1 -1 -1 -1 -1 -1 226019 0 15 24 18 19 2 5 2 3
0 0 0 0 6 1 1 0 3 1 1 0 4 -1 -1 -1 -1 -1 -1 226552 0 15 24 18 19 2 5 2 3
0 0 0 0 6 1 3 0 3 1 1 0 4 6 4 5 0 0 0 227052 0 15 24 18 19 2 6 2 3
0 0 0 0 6 1 1 0 3 1 1 0 4 -1 -1 -1 -1 -1 -1 227586 0 15 24 18 19 2 6 2 3
0 0 0 0 6 1 1 0 3 1 1 0 4 -1 -1 -1 -1 -1 -1 228119 0 15 24 18 19 2 6 2 3
0 0 0 0 6 1 1 0 3 1 1 0 4 -1 -1 -1 -1 -1 -1 228653 0 15 24 18 19 2 6 2 3
0 0 0 0 6 1 3 0 3 1 1 0 4 6 4 7 2 0 0 229186 0 15 24 18 19 2 8 0 3
0 0 0 0 6 1 1 0 3 1 1 0 4 -1 -1 -1 -1 -1 -1 229686 0 15 24 18 19 2 8 0 3
0 0 0 0 1 1 6 0 3 1 1 0 6 -1 -1 -1 -1 -1 -1 230220 0 15 24 18 19 2 8 0 3
0 0 0 0 1 1 6 0 3 1 1 0 6 -1 -1 -1 -1 -1 -1 230753 0 15 24 18 19 2 8 0 3
0 0 0 0 1 1 7 0 3 1 1 0 6 6 4 7 2 1 1 231287 0 15 24 18 19 2 6 2 3
0 0 0 1 1 6 1 1 4 2 1 1 5 -1 -1 -1 -1 -1 -1 241722 0 15 24 16 60 2 8 0 5
0 0 0 1 1 6 1 1 4 2 1 1 5 -1 -1 -1 -1 -1 -1 241889 0 15 24 16 60 2 8 0 5
0 0 0 1 1 6 1 1 4 2 1 1 5 -1 -1 -1 -1 -1 -1 242056 0 15 24 16 60 2 4 2 5
0 0 0 1 1 6 1 1 4 2 1 1 5 -1 -1 -1 -1 -1 -1 242222 0 15 24 16 50.6 2 4 2 5
0 0 0 1 1 6 1 1 4 2 1 1 5 -1 -1 -1 -1 -1 -1 242489 0 15 24 16 25.5333 2 4 2 5
0 0 0 1 1 6 1 1 4 2 1 1 5 -1 -1 -1 -1 -1 -1 243222 0 15 24 16 13 2 4 2 5
0 0 0 1 1 6 1 1 4 2 1 1 5 -1 -1 -1 -1 -1 -1 243989 0 15 24 16 13 2 6 2 5
0 0 0 1 1 6 1 1 4 2 1 1 5 -1 -1 -1 -1 -1 -1 244756 0 15 24 16 13 2 6 2 5
0 0 0 1 1 6 1 1 4 2 1 1 5 -1 -1 -1 -1 -1 -1 245523 0 15 24 16 13 2 6 2 5
0 0 0 1 1 6 1 1 4 2 1 1 5 -1 -1 -1 -1 -1 -1 246290 0 15 24 16 13 2 6 2 5
0 0 0 1 1 6 1 3 4 2 1 1 5 7 5 4 1 0 0 247057 0 15 24 16 13 2 6 2 5
0 0 0 1 1 6 1 1 4 2 1 1 5 -1 -1 -1 -1 -1 -1 247823 0 15 24 16 13 2 6 2 5
0 0 0 1 1 1 6 1 4 2 1 1 6 -1 -1 -1 -1 -1 -1 248590 0 15 24 16 13 2 6 2 5
0 0 0 1 1 1 6 1 4 2 1 1 6 -1 -1 -1 -1 -1 -1 249357 0 15 24 16 13 2 6 2 5
0 0 0 1 1 3 6 1 4 2 1 1 6 5 5 4 2 0 0 250124 0 15 24 16 13 2 5 2 5
0 0 0 1 1 1 6 1 4 2 1 1 6 -1 -1 -1 -1 -1 -1 250924 0 15 24 16 13 2 5 2 5
0 0 0 1 1 6 1 1 4 2 1 1 5 -1 -1 -1 -1 -1 -1 251691 0 15 24 16 13 2 5 2 5
0 0 0 1 1 6 1 1 4 2 1 1 5 -1 -1 -1 -1 -1 -1 252458 0 15 24 16 13 2 5 2 5
0 0 0 1 3 6 1 1 4 2 1 1 5 4 5 4 0 0 0 253225 0 15 24 16 13 2 5 2 5
0 0 0 1 1 6 1 1 4 2 1 1 5 -1 -1 -1 -1 -1 -1 253991 0 15 24 16 13 2 5 2 5
0 0 0 1 1 6 1 1 4 2 1 1 5 -1 -1 -1 -1 -1 -1 254758 0 15 24 16 13 2 5 2 5
0 0 0 1 1 6 1 1 4 2 1 1 5 -1 -1 -1 -1 -1 -1 255525 0 15 24 16 13 2 5 2 5
0 0 0 1 1 6 3 1 4 2 1 1 5 6 5 4 3 0 0 256292 0 15 24 16 13 2 4 2 5
0 0 0 1 1 6 1 1 4 2 1 1 5 -1 -1 -1 -1 -1 -1 257058 0 15 24 16 13 2 4 2 5
0 0 0 1 6 1 1 1 4 2 1 1 4 -1 -1 -1 -1 -1 -1 257825 0 15 24 16 13 2 4 2 5
0 0 0 1 6 1 1 1 4 2 1 1 4 -1 -1 -1 -1 -1 -1 258591 0 15 24 16 13 2 4 2 5
0 0 0 1 7 1 1 1 4 2 1 1 4 4 5 4 3 1 1 259358 0 15 24 16 13 2 5 2 5
0 0 0 1 6 1 1 1 4 2 1 1 4 -1 -1 -1 -1 -1 -1 260124 0 15 24 16 13 2 5 2 5
0 0 0 1 6 1 1 1 4 2 1 1 4 -1 -1 -1 -1 -1 -1 260924 0 15 24 16 13 2 5 2 5
0 0 0 1 6 1 1 1 4 2 1 1 4 -1 -1 -1 -1 -1 -1 261691 0 15 24 16 13 2 5 2 5
0 0 0 1 6 3 1 1 4 2 1 1 4 5 5 4 0 0 0 262457 0 15 24 16 13 2 8 0 5
0 0 0 1 6 1 1 1 4 2 1 1 4 -1 -1 -1 -1 -1 -1 263223 0 15 24 16 13 2 8 0 5
0 0 0 1 6 1 1 1 4 2 1 1 4 -1 -1 -1 -1 -1 -1 263990 0 15 24 16 13 2 8 0 5
0 0 0 1 6 1 1 1 4 2 1 1 4 -1 -1 -1 -1 -1 -1 264756 0 15 24 16 13 2 8 0 5
0 0 0 1 7 1 1 1 4 2 1 1 4 4 5 4 0 1 1 265523 0 15 24 16 13 2 4 2 5
0 0 0 1 6 1 1 1 4 2 1 1 4 -1 -1 -1 -1 -1 -1 266156 0 15 24 17 16 2 4 2 5
0 0 0 1 6 1 1 1 4 2 1 1 4 -1 -1 -1 -1 -1 -1 266789 0 15 24 17 16 2 4 2 5
0 0 0 1 1 6 1 1 4 2 1 1 5 -1 -1 -1 -1 -1 -1 267422 0 15 24 17 16 2 4 2 5
0 0 0 3 1 6 1 1 4 2 1 1 5 3 5 4 2 0 0 268056 0 15 24 17 16 2 6 2 5
0 0 0 1 1 6 1 1 4 2 1 1 5 -1 -1 -1 -1 -1 -1 268655 0 15 24 17 16 2 6 2 5
0 0 0 1 6 1 1 1 4 2 1 1 4 -1 -1 -1 -1 -1 -1 269289 0 15 24 17 16 2 6 2 5
0 0 0 6 1 1 1 1 4 2 1 1 3 -1 -1 -1 -1 -1 -1 269922 0 15 24 17 16 2 6 2 5
0 0 0 7 1 1 1 1 4 2 1 1 3 3 5 4 2 1 1 270555 0 15 24 17 16 2 6 2 5
0 0 0 6 1 1 1 1 4 2 1 1 3 -1 -1 -1 -1 -1 -1 271155 0 15 24 17 16 2 6 2 5
0 0 0 1 6 1 1 1 4 2 1 1 4 -1 -1 -1 -1 -1 -1 271788 0 15 24 17 16 2 6 2 5
0 0 0 1 6 1 1 1 4 2 1 1 4 -1 -1 -1 -1 -1 -1 272421 0 15 24 17 16 2 6 2 5
0 0 0 3 6 1 1 1 4 2 1 1 4 3 5 4 3 0 0 273054 0 15 24 17 16 2 5 2 5
0 0 0 1 6 1 1 1 4 2 1 1 4 -1 -1 -1 -1 -1 -1 273654 0 15 24 17 16 2 5 2 5
0 0 0 1 6 1 1 1 4 2 1 1 4 -1 -1 -1 -1 -1 -1 274287 0 15 24 17 16 2 5 2 5
0 0 0 1 6 1 1 1 4 2 1 1 4 -1 -1 -1 -1 -1 -1 274921 0 15 24 17 16 2 5 2 5
0 0 0 1 6 3 1 1 4 2 1 1 4 5 5 4 2 0 0 275554 0 15 24 17 16 2 5 2 5
0 0 0 1 6 1 1 1 4 2 1 1 4 -1 -1 -1 -1 -1 -1 276154 0 15 24 17 16 2 5 2 5
0 0 0 1 1 6 1 1 4 2 1 1 5 -1 -1 -1 -1 -1 -1 276787 0 15 24 17 16 2 5 2 5
0 0 0 1 1 6 1 1 4 2 1 1 5 -1 -1 -1 -1 -1 -1 277420 0 15 24 17 16 2 5 2 5
0 0 0 1 1 6 3 1 4 2 1 1 5 6 5 4 0 0 0 278053 0 15 24 17 16 2 4 2 5
0 0 0 1 1 6 1 1 4 2 1 1 5 -1 -1 -1 -1 -1 -1 278653 0 15 24 17 16 2 4 2 5
0 0 0 1 1 1 6 1 4 2 1 1 6 -1 -1 -1 -1 -1 -1 279286 0 15 24 17 16 2 4 2 5
0 0 0 1 1 1 1 6 4 2 1 1 7 -1 -1 -1 -1 -1 -1 279919 0 15 24 17 16 2 4 2 5
0 0 0 1 1 1 1 7 4 2 1 1 7 7 5 4 0 1 1 280553 0 15 24 17 16 2 5 2 5
0 0 0 1 1 1 1 6 4 2 1 1 7 -1 -1 -1 -1 -1 -1 281086 0 15 24 18 19 2 5 2 5
0 0 0 1 1 1 6 1 4 2 1 1 6 -1 -1 -1 -1 -1 -1 281619 0 15 24 18 19 2 5 2 5
0 0 0 1 1 1 6 1 4 2 1 1 6 -1 -1 -1 -1 -1 -1 282119 0 15 24 18 19 2 5 2 5
0 0 0 1 1 3 6 1 4 2 1 1 6 5 5 4 3 0 0 282652 0 15 24 18 19 2 8 0 5
0 0 0 1 1 1 6 1 4 2 1 1 6 -1 -1 -1 -1 -1 -1 283185 0 15 24 18 19 2 8 0 5
0 0 0 1 1 6 1 1 4 2 1 1 5 -1 -1 -1 -1 -1 -1 283718 0 15 24 18 19 2 8 0 5
0 0 0 1 1 6 1 1 4 2 1 1 5 -1 -1 -1 -1 -1 -1 284252 0 15 24 18 19 2 8 0 5
0 0 0 1 3 6 1 1 4 2 1 1 5 4 5 4 2 0 0 284752 0 15 24 18 19 2 4 2 5
0 0 0 1 1 6 1 1 4 2 1 1 5 -1 -1 -1 -1 -1 -1 285285 0 15 24 18 19 2 4 2 5
0 0 0 1 1 6 1 1 4 2 1 1 5 -1 -1 -1 -1 -1 -1 285818 0 15 24 18 19 2 4 2 5
0 0 0 1 1 6 1 1 4 2 1 1 5 -1 -1 -1 -1 -1 -1 286351 0 15 24 18 19 2 4 2 5
0 0 0 3 1 6 1 1 4 2 1 1 5 3 5 4 3 0 0 286851 0 15 24 18 19 2 6 2 5
0 0 0 1 1 6 1 1 4 2 1 1 5 -1 -1 -1 -1 -1 -1 287384 0 15 24 18 19 2 6 2 5
0 0 0 1 1 6 1 1 4 2 1 1 5 -1 -1 -1 -1 -1 -1 287917 0 15 24 18 19 2 6 2 5
0 0 0 1 1 6 1 1 4 2 1 1 5 -1 -1 -1 -1 -1 -1 288451 0 15 24 18 19 2 6 2 5
0 0 0 1 1 7 1 1 4 2 1 1 5 5 5 4 3 1 1 288984 0 15 24 18 19 2 6 2 5
0 0 0 0 1 6 1 0 5 6 1 0 5 -1 -1 -1 -1 -1 -1 326775 0 15 40 19 60 2 8 0 3
0 0 0 0 1 6 1 0 5 6 1 0 5 -1 -1 -1 -1 -1 -1 326941 0 15 40 19 60 2 8 0 3
0 0 0 0 1 6 1 0 5 6 1 0 5 -1 -1 -1 -1 -1 -1 327108 0 15 40 19 60 2 6 2 3
0 0 0 0 1 6 1 0 5 6 1 0 5 -1 -1 -1 -1 -1 -1 327275 0 15 40 19 52.2 2 6 2 3
0 0 0 0 1 6 1 0 5 6 1 0 5 -1 -1 -1 -1 -1 -1 327508 0 15 40 19 34 2 6 2 3
0 0 0 0 1 6 1 0 5 6 1 0 5 -1 -1 -1 -1 -1 -1 327941 0 15 40 19 21 2 6 2 3
0 0 0 0 1 6 1 0 5 6 1 0 5 -1 -1 -1 -1 -1 -1 328408 0 15 40 19 21 2 5 2 3
0 0 0 0 1 6 1 0 5 6 1 0 5 -1 -1 -1 -1 -1 -1 328907 0 15 40 19 21 2 5 2 3
0 0 0 0 1 6 1 0 5 6 1 0 5 -1 -1 -1 -1 -1 -1 329374 0 15 40 19 21 2 5 2 3
0 0 0 0 1 1 6 0 5 6 1 0 6 -1 -1 -1 -1 -1 -1 329841 0 15 40 19 21 2 5 2 3
0 0 0 0 1 1 7 0 5 6 1 0 6 6 5 4 4 1 1 330340 0 15 40 19 21 2 4 2 3
0 0 0 0 1 1 6 0 5 6 1 0 6 -1 -1 -1 -1 -1 -1 330807 0 15 40 19 21 2 4 2 3
0 0 0 0 1 6 1 0 5 6 1 0 5 -1 -1 -1 -1 -1 -1 331274 0 15 40 19 21 2 4 2 3
0 0 0 0 1 6 1 0 5 6 1 0 5 -1 -1 -1 -1 -1 -1 331740 0 15 40 19 21 2 4 2 3
0 0 0 0 1 7 1 0 5 6 1 0 5 5 5 4 4 1 1 332240 0 15 40 19 21 2 4 2 3
0 0 0 0 1 6 1 0 5 6 1 0 5 -1 -1 -1 -1 -1 -1 332707 0 15 40 20 22 2 4 2 3
0 0 0 0 1 6 1 0 5 6 1 0 5 -1 -1 -1 -1 -1 -1 333140 0 15 40 20 22 2 4 2 3
0 0 0 0 1 6 1 0 5 6 1 0 5 -1 -1 -1 -1 -1 -1 333606 0 15 40 20 22 2 4 2 3
0 0 0 0 1 7 1 0 5 6 1 0 5 5 5 4 4 1 1 334040 0 15 40 20 22 2 5 2 3
0 0 0 0 1 6 1 0 5 6 1 0 5 -1 -1 -1 -1 -1 -1 334506 0 15 40 20 22 2 5 2 3
0 0 0 0 1 6 1 0 5 6 1 0 5 -1 -1 -1 -1 -1 -1 334973 0 15 40 20 22 2 5 2 3
0 0 0 0 1 6 1 0 5 6 1 0 5 -1 -1 -1 -1 -1 -1 335406 0 15 40 20 22 2 5 2 3
0 0 0 0 1 7 1 0 5 6 1 0 5 5 5 4 4 1 1 335872 0 15 40 20 22 2 4 2 3
0 0 0 0 1 6 1 0 5 6 1 0 5 -1 -1 -1 -1 -1 -1 336306 0 15 40 21 23 2 4 2 3
0 0 0 0 6 1 1 0 5 6 1 0 4 -1 -1 -1 -1 -1 -1 336739 0 15 40 21 23 2 4 2 3
0 0 0 0 6 1 1 0 5 6 1 0 4 -1 -1 -1 -1 -1 -1 337172 0 15 40 21 23 2 4 2 3
0 0 0 0 7 1 1 0 5 6 1 0 4 4 5 4 4 1 1 337605 0 15 40 21 23 2 6 2 3
0 0 0 0 6 1 1 0 5 6 1 0 4 -1 -1 -1 -1 -1 -1 338039 0 15 40 21 23 2 6 2 3
0 0 0 0 1 1 6 0 5 6 1 0 6 -1 -1 -1 -1 -1 -1 338472 0 15 40 21 23 2 6 2 3
0 0 0 0 1 1 6 0 5 6 1 0 6 -1 -1 -1 -1 -1 -1 338905 0 15 40 21 23 2 6 2 3
0 0 0 1 1 1 7 1 5 6 1 0 6 6 5 4 4 1 1 339338 0 15 40 21 23 2 8 0 5
0 0 0 1 1 1 6 1 5 6 1 1 6 -1 -1 -1 -1 -1 -1 339771 0 15 40 22 24 2 8 0 5
0 0 0 1 1 6 1 1 5 6 1 1 5 -1 -1 -1 -1 -1 -1 340171 0 15 40 22 24 2 8 0 5
0 0 0 1 6 1 1 1 5 6 1 1 4 -1 -1 -1 -1 -1 -1 340605 0 15 40 22 24 2 8 0 5
0 0 0 1 7 1 1 1 5 6 1 1 4 4 5 4 4 1 1 341004 0 15 40 22 24 2 6 2 5
0 0 0 1 6 1 1 1 5 6 1 1 4 -1 -1 -1 -1 -1 -1 341438 0 15 40 22 24 2 6 2 5
0 0 0 1 1 6 1 1 5 6 1 1 5 -1 -1 -1 -1 -1 -1 341838 0 15 40 22 24 2 6 2 5
0 0 0 1 1 6 1 1 5 6 1 1 5 -1 -1 -1 -1 -1 -1 342271 0 15 40 22 24 2 6 2 5
0 0 0 1 1 7 1 1 5 6 1 1 5 5 5 4 4 1 1 342671 0 15 40 22 24 2 5 2 5
0 0 0 1 1 6 1 1 5 6 1 1 5 -1 -1 -1 -1 -1 -1 343104 0 15 40 23 25 2 5 2 5
0 0 0 1 6 1 1 1 5 6 1 1 4 -1 -1 -1 -1 -1 -1 343504 0 15 40 23 25 2 5 2 5
0 0 0 6 1 1 1 1 5 6 1 1 3 -1 -1 -1 -1 -1 -1 343904 0 15 40 23 25 2 5 2 5
0 0 0 7 1 1 1 1 5 6 1 1 3 3 5 4 4 1 1 344304 0 15 40 23 25 2 4 2 5
0 0 0 1 6 1 1 1 5 6 1 1 4 -1 -1 -1 -1 -1 -1 344704 0 15 40 23 25 2 4 2 5
0 0 0 1 1 6 1 1 5 6 1 1 5 -1 -1 -1 -1 -1 -1 345103 0 15 40 23 25 2 4 2 5
0 0 0 1 1 6 1 1 5 6 1 1 5 -1 -1 -1 -1 -1 -1 345503 0 15 40 23 25 2 4 2 5
0 0 0 1 1 7 1 1 5 6 1 1 5 5 5 4 4 1 1 345870 0 15 40 23 25 2 4 2 5
0 0 0 1 1 6 1 1 5 6 1 1 5 -1 -1 -1 -1 -1 -1 346270 0 15 40 24 25.5 2 4 2 5
0 0 0 1 1 6 1 1 5 6 1 1 5 -1 -1 -1 -1 -1 -1 346670 0 15 40 24 25.5 2 4 2 5
0 0 0 1 1 6 1 1 5 6 1 1 5 -1 -1 -1 -1 -1 -1 347070 0 15 40 24 25.5 2 4 2 5
0 0 0 1 1 7 1 1 5 6 1 1 5 5 5 4 4 1 1 347470 0 15 40 24 25.5 2 5 2 5
0 0 0 1 1 6 1 1 5 6 1 1 5 -1 -1 -1 -1 -1 -1 347836 0 15 40 24 25.5 2 5 2 5
0 0 0 1 1 1 6 1 5 6 1 1 6 -1 -1 -1 -1 -1 -1 348236 0 15 40 24 25.5 2 5 2 5
0 0 0 1 1 1 6 1 5 6 1 1 6 -1 -1 -1 -1 -1 -1 348636 0 15 40 24 25.5 2 5 2 5
0 0 0 1 1 1 7 1 5 6 1 1 6 6 5 4 4 1 1 349036 0 15 40 24 25.5 2 4 2 5
0 0 0 1 1 1 6 1 5 6 1 1 6 -1 -1 -1 -1 -1 -1 349402 0 15 40 25 26 2 4 2 5
0 0 0 1 6 1 1 1 5 6 1 1 4 -1 -1 -1 -1 -1 -1 349802 0 15 40 25 26 2 4 2 5
0 0 0 1 6 1 1 1 5 6 1 1 4 -1 -1 -1 -1 -1 -1 350169 0 15 40 25 26 2 4 2 5
0 0 0 1 7 1 1 1 5 6 1 1 4 4 5 4 4 1 1 350569 0 15 40 25 26 2 6 2 5
0 0 0 1 6 1 1 1 5 6 1 1 4 -1 -1 -1 -1 -1 -1 350935 0 15 40 25 26 2 6 2 5
0 0 0 6 1 1 1 1 5 6 1 1 3 -1 -1 -1 -1 -1 -1 351335 0 15 40 25 26 2 6 2 5
0 0 0 6 1 1 1 1 5 6 1 1 3 -1 -1 -1 -1 -1 -1 351702 0 15 40 25 26 2 6 2 5
0 0 0 7 1 1 1 1 5 6 1 1 3 3 5 4 4 1 1 352102 0 15 40 25 26 2 8 0 5
0 0 0 6 1 1 1 1 5 6 1 2 3 -1 -1 -1 -1 -1 -1 352468 0 15 40 26 26.5 2 8 0 5
0 0 0 1 6 1 1 1 5 6 1 2 4 -1 -1 -1 -1 -1 -1 352868 0 15 40 26 26.5 2 8 0 5
0 0 0 1 6 1 1 1 5 6 1 2 4 -1 -1 -1 -1 -1 -1 353235 0 15 40 26 26.5 2 8 0 5
0 0 0 1 7 1 1 1 5 6 1 2 4 4 5 4 4 1 1 353601 0 15 40 26 26.5 2 6 2 5
0 0 0 1 6 1 1 1 5 6 1 2 4 -1 -1 -1 -1 -1 -1 354001 0 15 40 26 26.5 2 6 2 5
0 0 0 1 6 1 1 4 5 6 1 2 4 -1 -1 -1 -1 -1 -1 354368 1 15 40 26 26.5 2 6 2 5
0 0 0 1 6 1 1 1 5 6 1 2 4 -1 -1 -1 -1 -1 -1 354734 0 15 40 26 26.5 2 6 2 5
0 0 0 1 7 1 1 1 5 6 1 2 4 4 5 4 4 1 1 355134 0 15 40 26 26.5 2 5 2 5
0 0 0 1 6 1 1 1 5 6 1 2 4 -1 -1 -1 -1 -1 -1 355501 0 15 40 27 27 2 5 2 5
0 0 0 1 1 6 1 4 5 6 1 2 5 -1 -1 -1 -1 -1 -1 355868 1 15 40 27 27 2 5 2 5
0 0 0 1 1 6 1 1 5 6 1 2 5 -1 -1 -1 -1 -1 -1 356234 0 15 40 27 27 2 5 2 5
0 0 0 1 1 7 1 1 5 6 1 2 5 5 5 4 4 1 1 356601 0 15 40 27 27 2 4 2 5
0 0 0 1 1 6 1 1 5 6 1 2 5 -1 -1 -1 -1 -1 -1 356967 0 15 40 27 27 2 4 2 5
0 0 0 1 4 1 6 1 5 6 1 2 6 -1 -1 -1 -1 -1 -1 357334 1 15 40 27 27 2 4 2 5
0 0 0 1 1 1 6 1 5 6 1 2 6 -1 -1 -1 -1 -1 -1 357700 0 15 40 27 27 2 4 2 5
0 0 0 1 1 1 7 1 5 6 1 2 6 6 5 4 4 1 1 358100 0 15 40 27 27 2 4 2 5
0 0 0 1 1 6 1 1 5 6 1 2 5 -1 -1 -1 -1 -1 -1 358434 0 15 40 28 27.5 2 4 2 5
0 0 0 1 1 6 4 1 5 6 1 2 5 -1 -1 -1 -1 -1 -1 358800 1 15 40 28 27.5 2 4 2 5
0 0 0 1 1 1 6 1 5 6 1 2 6 -1 -1 -1 -1 -1 -1 359167 0 15 40 28 27.5 2 4 2 5
0 0 0 1 1 1 1 7 5 6 1 2 7 7 5 4 4 1 1 359533 0 15 40 28 27.5 2 5 2 5
0 0 0 1 1 1 6 1 5 6 1 2 6 -1 -1 -1 -1 -1 -1 359900 0 15 40 28 27.5 2 5 2 5
0 0 0 1 1 1 6 4 5 6 1 2 6 -1 -1 -1 -1 -1 -1 360266 1 15 40 28 27.5 2 5 2 5
0 0 0 1 1 1 6 1 5 6 1 2 6 -1 -1 -1 -1 -1 -1 360633 0 15 40 28 27.5 2 5 2 5
0 0 0 1 1 1 7 1 5 6 1 2 6 6 5 4 4 1 1 361000 0 15 40 28 27.5 2 4 2 5
0 0 0 1 1 1 6 1 5 6 1 2 6 -1 -1 -1 -1 -1 -1 361366 0 15 40 29 28 2 4 2 5
0 0 0 1 1 1 6 4 5 6 1 2 6 -1 -1 -1 -1 -1 -1 361699 1 15 40 29 28 2 4 2 5
0 0 0 1 1 1 6 1 5 6 1 2 6 -1 -1 -1 -1 -1 -1 362066 0 15 40 29 28 2 4 2 5
0 0 0 1 1 1 7 1 5 6 1 2 6 6 5 4 4 1 1 362433 0 15 40 29 28 2 6 2 5
0 0 0 1 1 6 1 1 5 6 1 2 5 -1 -1 -1 -1 -1 -1 362766 0 15 40 29 28 2 6 2 5
0 0 0 1 1 6 4 1 5 6 1 2 5 -1 -1 -1 -1 -1 -1 363132 1 15 40 29 28 2 6 2 5
0 0 0 1 1 6 1 1 5 6 1 2 5 -1 -1 -1 -1 -1 -1 363499 0 15 40 29 28 2 6 2 5
0 0 0 1 1 7 1 1 5 6 1 2 5 5 5 4 4 1 1 363866 0 15 40 29 28 2 8 0 5
0 0 0 1 1 6 1 1 5 6 1 2 5 -1 -1 -1 -1 -1 -1 364199 0 15 40 30 28.5 2 8 0 5
0 0 0 1 1 6 4 1 5 6 1 2 5 -1 -1 -1 -1 -1 -1 364565 1 15 40 30 28.5 2 8 0 5
0 0 0 1 1 6 1 1 5 6 1 2 5 -1 -1 -1 -1 -1 -1 364899 0 15 40 30 28.5 2 8 0 5
0 0 0 1 1 7 1 1 5 6 1 2 5 5 5 4 4 1 1 365265 0 15 40 30 28.5 2 6 2 5
0 0 0 1 1 6 1 1 5 6 1 2 5 -1 -1 -1 -1 -1 -1 365598 0 15 40 30 28.5 2 6 2 5
0 0 0 1 1 6 1 4 5 6 1 2 5 -1 -1 -1 -1 -1 -1 365965 1 15 40 30 28.5 2 6 2 5
0 0 0 1 1 6 1 1 5 6 1 2 5 -1 -1 -1 -1 -1 -1 366298 0 15 40 30 28.5 2 6 2 5
0 0 0 1 1 7 1 1 5 6 1 2 5 5 5 4 4 1 1 366665 0 15 40 30 28.5 2 5 2 5
0 0 0 1 1 6 1 1 5 6 1 2 5 -1 -1 -1 -1 -1 -1 366998 0 15 40 31 29 2 5 2 5
0 0 0 1 4 6 1 1 5 6 1 2 5 -1 -1 -1 -1 -1 -1 367365 1 15 40 31 29 2 5 2 5
0 0 0 1 1 6 1 1 5 6 1 2 5 -1 -1 -1 -1 -1 -1 367698 0 15 40 31 29 2 5 2 5
0 0 0 1 1 7 1 1 5 6 1 2 5 5 5 4 4 1 1 368031 0 15 40 31 29 2 4 2 5
0 0 0 1 1 6 1 1 5 6 1 2 5 -1 -1 -1 -1 -1 -1 368398 0 15 40 31 29 2 4 2 5
0 0 0 1 4 6 1 1 5 6 1 2 5 -1 -1 -1 -1 -1 -1 368731 1 15 40 31 29 2 4 2 5
0 0 0 1 6 1 1 1 5 6 1 2 4 -1 -1 -1 -1 -1 -1 369064 0 15 40 31 29 2 4 2 5
0 0 0 7 1 1 1 1 5 6 1 2 3 3 5 4 4 1 1 369431 0 15 40 31 29 2 4 2 5
0 0 0 6 1 1 1 1 5 6 1 2 3 -1 -1 -1 -1 -1 -1 369764 0 15 40 32 29.5 2 4 2 5
0 0 0 1 6 1 1 4 5 6 1 2 4 -1 -1 -1 -1 -1 -1 370097 1 15 40 32 29.5 2 4 2 5
0 0 0 6 1 1 1 1 5 6 1 2 3 -1 -1 -1 -1 -1 -1 370431 0 15 40 32 29.5 2 4 2 5
0 0 0 7 1 1 1 1 5 6 1 2 3 3 5 4 4 1 1 370764 0 15 40 32 29.5 2 5 2 5
0 0 0 1 6 1 1 1 5 6 1 2 4 -1 -1 -1 -1 -1 -1 371097 0 15 40 32 29.5 2 5 2 5
0 0 0 1 6 1 1 4 5 6 1 2 4 -1 -1 -1 -1 -1 -1 371464 1 15 40 32 29.5 2 5 2 5
0 0 0 1 6 1 1 1 5 6 1 2 4 -1 -1 -1 -1 -1 -1 371797 0 15 40 32 29.5 2 5 2 5
0 0 0 1 7 1 1 1 5 6 1 2 4 4 5 4 4 1 1 372130 0 15 40 32 29.5 2 4 2 5
0 0 0 1 1 6 1 1 6 2 1 2 5 -1 -1 -1 -1 -1 -1 410987 0 15 24 18 60 2 8 0 5
0 0 0 1 1 6 1 1 6 2 1 2 5 -1 -1 -1 -1 -1 -1 411154 0 15 24 18 60 2 8 0 5
0 0 0 1 1 6 1 1 6 2 1 2 5 -1 -1 -1 -1 -1 -1 411321 0 15 24 18 60 2 5 2 5
0 0 0 1 1 6 1 1 6 2 1 2 5 -1 -1 -1 -1 -1 -1 411487 0 15 24 18 51.8 2 5 2 5
0 0 0 1 1 6 1 1 6 2 1 2 5 -1 -1 -1 -1 -1 -1 411754 0 15 24 18 29.9333 2 5 2 5
0 0 0 1 1 6 1 1 6 2 1 2 5 -1 -1 -1 -1 -1 -1 412220 0 15 24 18 19 2 5 2 5
0 0 0 1 1 6 1 1 6 2 1 2 5 -1 -1 -1 -1 -1 -1 412754 0 15 24 18 19 2 5 2 5
0 0 0 1 1 6 1 1 6 2 1 2 5 -1 -1 -1 -1 -1 -1 413254 0 15 24 18 19 2 5 2 5
0 0 0 1 1 6 1 1 6 2 1 2 5 -1 -1 -1 -1 -1 -1 413787 0 15 24 18 19 2 5 2 5
0 0 0 1 1 6 1 1 6 2 1 2 5 -1 -1 -1 -1 -1 -1 414320 0 15 24 18 19 2 5 2 5
0 0 0 1 1 6 3 1 6 2 1 2 5 6 5 4 1 0 0 414853 0 15 24 18 19 2 4 2 5
0 0 0 1 1 6 1 1 6 2 1 2 5 -1 -1 -1 -1 -1 -1 415386 0 15 24 18 19 2 4 2 5
0 0 0 1 1 6 1 4 6 2 1 2 5 -1 -1 -1 -1 -1 -1 415886 1 15 24 18 19 2 4 2 5
0 0 0 1 1 6 1 1 6 2 1 2 5 -1 -1 -1 -1 -1 -1 416419 0 15 24 18 19 2 4 2 5
0 0 0 1 1 7 1 1 6 2 1 2 5 5 5 4 1 1 1 416953 0 15 24 18 19 2 4 2 5
0 0 0 1 1 6 1 1 6 2 1 2 5 -1 -1 -1 -1 -1 -1 417486 0 15 24 18 19 2 4 2 5
0 0 0 1 1 6 1 4 6 2 1 2 5 -1 -1 -1 -1 -1 -1 418019 1 15 24 18 19 2 4 2 5
0 0 0 1 1 1 6 1 6 2 1 2 6 -1 -1 -1 -1 -1 -1 418519 0 15 24 18 19 2 4 2 5
0 0 0 1 1 3 6 1 6 2 1 2 6 5 5 4 0 0 0 419052 0 15 24 18 19 2 6 2 5
0 0 0 1 1 1 6 1 6 2 1 2 6 -1 -1 -1 -1 -1 -1 419585 0 15 24 18 19 2 6 2 5
0 0 0 1 1 4 6 1 6 2 1 2 6 -1 -1 -1 -1 -1 -1 420119 1 15 24 18 19 2 6 2 5
0 0 0 1 1 6 1 1 6 2 1 2 5 -1 -1 -1 -1 -1 -1 420618 0 15 24 18 19 2 6 2 5
0 0 0 3 1 6 1 1 6 2 1 2 5 3 5 4 1 0 0 421152 0 15 24 18 19 2 6 2 5
0 0 0 1 1 6 1 1 6 2 1 2 5 -1 -1 -1 -1 -1 -1 421685 0 15 24 18 19 2 6 2 5
0 0 0 1 1 6 1 4 6 2 1 2 5 -1 -1 -1 -1 -1 -1 422218 1 15 24 18 19 2 6 2 5
0 0 0 1 1 6 1 1 6 2 1 2 5 -1 -1 -1 -1 -1 -1 422751 0 15 24 18 19 2 6 2 5
0 0 0 1 3 6 1 1 6 2 1 2 5 4 5 4 0 0 0 423251 0 15 24 18 19 2 6 2 5
0 0 0 1 1 6 1 1 6 2 1 2 5 -1 -1 -1 -1 -1 -1 423784 0 15 24 18 19 2 6 2 5
0 0 0 4 1 6 1 1 6 2 1 2 5 -1 -1 -1 -1 -1 -1 424317 1 15 24 18 19 2 6 2 5
0 0 0 1 1 1 6 1 6 2 1 2 6 -1 -1 -1 -1 -1 -1 424851 0 15 24 18 19 2 6 2 5
0 0 0 1 1 1 7 1 6 2 1 2 6 6 5 4 0 1 1 425384 0 15 24 18 19 2 8 0 5
0 0 0 1 1 1 6 1 6 2 1 2 6 -1 -1 -1 -1 -1 -1 425850 0 15 24 19 21 2 8 0 5
0 0 0 4 1 1 6 1 6 2 1 2 6 -1 -1 -1 -1 -1 -1 426317 1 15 24 19 21 2 8 0 5
0 0 0 1 1 6 1 1 6 2 1 2 5 -1 -1 -1 -1 -1 -1 426817 0 15 24 19 21 2 8 0 5
0 0 0 1 1 6 3 1 6 2 1 2 5 6 5 4 1 0 0 427283 0 15 24 19 21 2 5 2 5
0 0 0 1 1 6 1 1 6 2 1 2 5 -1 -1 -1 -1 -1 -1 427750 0 15 24 19 21 2 5 2 5
0 0 0 4 1 6 1 1 6 2 1 2 5 -1 -1 -1 -1 -1 -1 428217 1 15 24 19 21 2 5 2 5
0 0 0 1 6 1 1 1 6 2 1 2 4 -1 -1 -1 -1 -1 -1 428716 0 15 24 19 21 2 5 2 5
0 0 0 1 6 3 1 1 6 2 1 2 4 5 5 4 0 0 0 429183 0 15 24 19 21 2 5 2 5
0 0 0 1 6 1 1 1 6 2 1 2 4 -1 -1 -1 -1 -1 -1 429650 0 15 24 19 21 2 5 2 5
0 0 0 4 1 6 1 1 6 2 1 2 5 -1 -1 -1 -1 -1 -1 430149 1 15 24 19 21 2 5 2 5
0 0 0 1 1 6 1 1 6 2 1 2 5 -1 -1 -1 -1 -1 -1 430616 0 15 24 19 21 2 5 2 5
0 0 0 1 1 6 3 1 6 2 1 2 5 6 5 4 3 0 0 431082 0 15 24 19 21 2 4 2 5
0 0 0 1 1 1 6 1 6 2 1 2 6 -1 -1 -1 -1 -1 -1 431549 0 15 24 19 21 2 4 2 5
0 0 0 1 1 4 6 1 6 2 1 2 6 -1 -1 -1 -1 -1 -1 432049 1 15 24 19 21 2 4 2 5
0 0 0 1 6 1 1 1 6 2 1 2 4 -1 -1 -1 -1 -1 -1 432515 0 15 24 19 21 2 4 2 5
0 0 0 1 7 1 1 1 6 2 1 2 4 4 5 4 3 1 1 432982 0 15 24 19 21 2 4 2 5
0 0 0 1 6 1 1 1 6 2 1 2 4 -1 -1 -1 -1 -1 -1 433482 0 15 24 19 21 2 4 2 5
0 0 0 4 6 1 1 1 6 2 1 2 4 -1 -1 -1 -1 -1 -1 433948 1 15 24 19 21 2 4 2 5
0 0 0 6 1 1 1 1 6 2 1 2 3 -1 -1 -1 -1 -1 -1 434415 0 15 24 19 21 2 4 2 5
0 0 0 7 1 1 1 1 6 2 1 2 3 3 5 4 3 1 1 434882 0 15 24 19 21 2 6 2 5
0 0 0 6 1 1 1 1 6 2 1 2 3 -1 -1 -1 -1 -1 -1 435348 0 15 24 20 22 2 6 2 5
0 0 0 6 4 1 1 1 6 2 1 2 3 -1 -1 -1 -1 -1 -1 435815 1 15 24 20 22 2 6 2 5
0 0 0 1 1 6 1 1 6 2 1 2 5 -1 -1 -1 -1 -1 -1 436248 0 15 24 20 22 2 6 2 5
0 0 0 1 3 6 1 1 6 2 1 2 5 4 5 4 0 0 0 436714 0 15 24 20 22 2 6 2 5
0 0 0 1 1 6 1 1 6 2 1 2 5 -1 -1 -1 -1 -1 -1 437181 0 15 24 20 22 2 6 2 5
0 0 0 1 1 6 1 4 6 2 1 2 5 -1 -1 -1 -1 -1 -1 437614 1 15 24 20 22 2 6 2 5
0 0 0 1 1 6 1 1 6 2 1 2 5 -1 -1 -1 -1 -1 -1 438081 0 15 24 20 22 2 6 2 5
0 0 0 1 3 6 1 1 6 2 1 2 5 4 5 4 1 0 0 438547 0 15 24 20 22 2 6 2 5
0 0 0 1 1 6 1 1 6 2 1 2 5 -1 -1 -1 -1 -1 -1 438981 0 15 24 20 22 2 6 2 5
0 0 0 4 1 6 1 1 6 2 1 2 5 -1 -1 -1 -1 -1 -1 439447 1 15 24 20 22 2 6 2 5
0 0 0 1 1 6 1 1 6 2 1 2 5 -1 -1 -1 -1 -1 -1 439914 0 15 24 20 22 2 6 2 5
0 0 0 1 1 6 3 1 6 2 1 2 5 6 5 4 2 0 0 440347 0 15 24 20 22 2 8 0 5
0 0 0 1 1 6 1 1 6 2 1 2 5 -1 -1 -1 -1 -1 -1 440813 0 15 24 20 22 2 8 0 5
0 0 0 1 1 6 1 4 6 2 1 2 5 -1 -1 -1 -1 -1 -1 441247 1 15 24 20 22 2 8 0 5
0 0 0 1 1 6 1 1 6 2 1 2 5 -1 -1 -1 -1 -1 -1 441713 0 15 24 20 22 2 8 0 5
0 0 0 1 3 6 1 1 6 2 1 2 5 4 5 4 0 0 0 442180 0 15 24 20 22 2 5 2 5
0 0 0 1 1 6 1 1 6 2 1 2 5 -1 -1 -1 -1 -1 -1 442613 0 15 24 20 22 2 5 2 5
0 0 0 1 1 6 4 1 6 2 1 2 5 -1 -1 -1 -1 -1 -1 443080 1 15 24 20 22 2 5 2 5
0 0 0 1 1 6 1 1 6 2 1 2 5 -1 -1 -1 -1 -1 -1 443546 0 15 24 20 22 2 5 2 5
0 0 0 1 3 6 1 1 6 2 1 2 5 4 5 4 2 0 0 443979 0 15 24 20 22 2 5 2 5
0 0 0 1 1 6 1 1 6 2 1 2 5 -1 -1 -1 -1 -1 -1 444446 0 15 24 20 22 2 5 2 5
0 0 0 1 6 1 4 1 6 2 1 2 4 -1 -1 -1 -1 -1 -1 444912 1 15 24 20 22 2 5 2 5
0 0 0 6 1 1 1 1 6 2 1 2 3 -1 -1 -1 -1 -1 -1 445346 0 15 24 20 22 2 5 2 5
0 0 0 7 1 1 1 1 6 2 1 2 3 3 5 4 2 1 1 445812 0 15 24 20 22 2 4 2 5
0 0 0 6 1 1 1 1 6 2 1 2 3 -1 -1 -1 -1 -1 -1 446245 0 15 24 20 22 2 4 2 5
0 0 0 6 4 1 1 1 6 2 1 2 3 -1 -1 -1 -1 -1 -1 446712 1 15 24 20 22 2 4 2 5
0 0 0 1 6 1 1 1 6 2 1 2 4 -1 -1 -1 -1 -1 -1 447179 0 15 24 20 22 2 4 2 5
0 0 0 3 6 1 1 1 6 2 1 2 4 3 5 4 3 0 0 447612 0 15 24 20 22 2 4 2 5
0 0 0 1 6 1 1 1 6 2 1 2 4 -1 -1 -1 -1 -1 -1 448078 0 15 24 20 22 2 4 2 5
0 0 0 1 6 1 4 1 6 2 1 2 4 -1 -1 -1 -1 -1 -1 448545 1 15 24 20 22 2 4 2 5
0 0 0 1 6 1 1 1 6 2 1 2 4 -1 -1 -1 -1 -1 -1 448978 0 15 24 20 22 2 4 2 5
0 0 0 1 7 1 1 1 6 2 1 2 4 4 5 4 3 1 1 449445 0 15 24 20 22 2 6 2 5
0 0 0 1 6 1 1 1 6 2 1 2 4 -1 -1 -1 -1 -1 -1 449878 0 15 24 21 23 2 6 2 5
0 0 0 1 1 6 1 4 6 2 1 2 5 -1 -1 -1 -1 -1 -1 450311 1 15 24 21 23 2 6 2 5
0 0 0 1 1 6 1 1 6 2 1 2 5 -1 -1 -1 -1 -1 -1 450744 0 15 24 21 23 2 6 2 5
0 0 0 1 1 6 3 1 6 2 1 2 5 6 5 4 0 0 0 451178 0 15 24 21 23 2 6 2 5
0 0 0 1 1 6 1 1 6 2 1 2 5 -1 -1 -1 -1 -1 -1 451611 0 15 24 21 23 2 6 2 5
0 0 0 1 1 6 4 1 6 2 1 2 5 -1 -1 -1 -1 -1 -1 452044 1 15 24 21 23 2 6 2 5
0 0 0 1 1 1 6 1 6 2 1 2 6 -1 -1 -1 -1 -1 -1 452477 0 15 24 21 23 2 6 2 5
0 0 0 1 1 1 7 1 6 2 1 2 6 6 5 4 0 1 1 452910 0 15 24 21 23 2 6 2 5
0 0 0 1 1 1 6 1 6 2 1 2 6 -1 -1 -1 -1 -1 -1 453344 0 15 24 21 23 2 6 2 5
0 0 0 4 1 1 6 1 6 2 1 2 6 -1 -1 -1 -1 -1 -1 453777 1 15 24 21 23 2 6 2 5
0 0 0 1 1 6 1 1 6 2 1 2 5 -1 -1 -1 -1 -1 -1 454210 0 15 24 21 23 2 6 2 5
0 0 0 1 6 1 1 3 6 2 1 2 4 7 5 4 1 0 0 454643 0 15 24 21 23 2 8 0 5
0 0 0 1 6 1 1 1 6 2 1 2 4 -1 -1 -1 -1 -1 -1 455077 0 15 24 21 23 2 8 0 5
0 0 0 1 6 4 1 1 6 2 1 2 4 -1 -1 -1 -1 -1 -1 455543 1 15 24 21 23 2 8 0 5
0 0 0 1 1 6 1 1 6 2 1 2 5 -1 -1 -1 -1 -1 -1 455976 0 15 24 21 23 2 8 0 5
0 0 0 1 1 6 1 3 6 2 1 2 5 7 5 4 0 0 0 456410 0 15 24 21 23 2 5 2 5
0 0 0 1 1 6 1 1 6 2 1 2 5 -1 -1 -1 -1 -1 -1 456843 0 15 24 21 23 2 5 2 5
0 0 0 1 4 6 1 1 6 2 1 2 5 -1 -1 -1 -1 -1 -1 457276 1 15 24 21 23 2 5 2 5
0 0 0 1 1 6 1 1 6 2 1 2 5 -1 -1 -1 -1 -1 -1 457709 0 15 24 21 23 2 5 2 5
0 0 0 1 1 6 3 1 6 2 1 2 5 6 5 4 2 0 0 458143 0 15 24 21 23 2 5 2 5
0 0 0 1 1 6 1 1 6 2 1 2 5 -1 -1 -1 -1 -1 -1 458576 0 15 24 21 23 2 5 2 5
0 0 0 1 1 6 4 1 6 2 1 2 5 -1 -1 -1 -1 -1 -1 459009 1 15 24 21 23 2 5 2 5
0 0 0 1 1 6 1 1 6 2 1 2 5 -1 -1 -1 -1 -1 -1 459442 0 15 24 21 23 2 5 2 5
0 0 0 1 1 7 1 1 6 2 1 2 5 5 5 4 2 1 1 459875 0 15 24 21 23 2 4 2 5
0 0 0 1 1 6 1 1 7 1 1 1 5 -1 -1 -1 -1 -1 -1 468707 0 15 24 18 60 2 8 0 5
0 0 0 1 1 6 1 1 7 1 1 1 5 -1 -1 -1 -1 -1 -1 468873 0 15 24 18 60 2 8 0 5
0 0 0 1 1 6 1 1 7 1 1 1 5 -1 -1 -1 -1 -1 -1 469040 0 15 24 18 60 2 6 2 5
0 0 0 1 1 6 1 1 7 1 1 1 5 -1 -1 -1 -1 -1 -1 469207 0 15 24 18 51.8 2 6 2 5
0 0 0 1 1 6 1 1 7 1 1 1 5 -1 -1 -1 -1 -1 -1 469473 0 15 24 18 29.9333 2 6 2 5
0 0 0 1 1 6 1 1 7 1 1 1 5 -1 -1 -1 -1 -1 -1 469940 0 15 24 18 19 2 6 2 5
0 0 0 1 1 6 1 1 7 1 1 1 5 -1 -1 -1 -1 -1 -1 470473 0 15 24 18 19 2 4 2 5
0 0 0 1 1 6 1 1 7 1 1 1 5 -1 -1 -1 -1 -1 -1 470973 0 15 24 18 19 2 4 2 5
0 0 0 1 1 6 1 1 7 1 1 1 5 -1 -1 -1 -1 -1 -1 471506 0 15 24 18 19 2 4 2 5
0 0 0 1 1 6 1 1 7 1 1 1 5 -1 -1 -1 -1 -1 -1 472039 0 15 24 18 19 2 4 2 5
0 0 0 1 1 6 1 3 7 1 1 1 5 7 4 8 3 0 0 472572 0 15 24 18 19 2 5 2 5
0 0 0 1 1 6 1 1 7 1 1 1 5 -1 -1 -1 -1 -1 -1 473106 0 15 24 18 19 2 5 2 5
0 0 0 1 1 6 1 1 7 1 1 1 5 -1 -1 -1 -1 -1 -1 473605 0 15 24 18 19 2 5 2 5
0 0 0 1 1 6 1 1 7 1 1 1 5 -1 -1 -1 -1 -1 -1 474139 0 15 24 18 19 2 5 2 5
0 0 0 1 1 6 1 3 7 1 1 1 5 7 4 7 2 0 0 474672 0 15 24 18 19 2 4 2 5
0 0 0 1 1 6 1 1 7 1 1 1 5 -1 -1 -1 -1 -1 -1 475205 0 15 24 18 19 2 4 2 5
0 0 0 1 1 6 1 1 7 1 1 1 5 -1 -1 -1 -1 -1 -1 475738 0 15 24 18 19 2 4 2 5
0 0 0 1 1 1 6 1 7 1 1 1 6 -1 -1 -1 -1 -1 -1 476238 0 15 24 18 19 2 4 2 5
0 0 0 1 1 1 7 1 7 1 1 1 6 6 4 7 2 1 1 476771 0 15 24 18 19 2 5 2 5
0 0 0 1 1 1 6 1 7 1 1 1 6 -1 -1 -1 -1 -1 -1 477305 0 15 24 18 19 2 5 2 5
0 0 0 1 1 6 1 1 7 1 1 1 5 -1 -1 -1 -1 -1 -1 477838 0 15 24 18 19 2 5 2 5
0 0 0 1 1 6 1 1 7 1 1 1 5 -1 -1 -1 -1 -1 -1 478338 0 15 24 18 19 2 5 2 5
0 0 0 1 3 6 1 1 7 1 1 1 5 4 4 8 3 0 0 478871 0 15 24 18 19 2 5 2 5
0 0 0 1 1 6 1 1 7 1 1 1 5 -1 -1 -1 -1 -1 -1 479404 0 15 24 18 19 2 5 2 5
0 0 0 1 1 6 1 1 7 1 1 1 5 -1 -1 -1 -1 -1 -1 479937 0 15 24 18 19 2 5 2 5
0 0 0 1 1 6 1 1 7 1 1 1 5 -1 -1 -1 -1 -1 -1 480470 0 15 24 18 19 2 5 2 5
0 0 0 1 1 6 3 1 7 1 1 1 5 6 4 5 0 0 0 480970 0 15 24 18 19 2 4 2 5
0 0 0 1 1 6 1 1 7 1 1 1 5 -1 -1 -1 -1 -1 -1 481504 0 15 24 18 19 2 4 2 5
0 0 0 1 1 1 1 6 7 1 1 1 7 -1 -1 -1 -1 -1 -1 482037 0 15 24 18 19 2 4 2 5
0 0 0 1 1 1 1 6 7 1 1 1 7 -1 -1 -1 -1 -1 -1 482570 0 15 24 18 19 2 4 2 5
0 0 0 1 1 1 1 7 7 1 1 1 7 7 4 5 0 1 1 483103 0 15 24 18 19 2 8 0 5
0 0 0 1 1 1 1 6 7 1 1 1 7 -1 -1 -1 -1 -1 -1 483570 0 15 24 19 21 2 8 0 5
0 0 0 1 1 1 6 1 7 1 1 1 6 -1 -1 -1 -1 -1 -1 484036 0 15 24 19 21 2 8 0 5
0 0 0 1 1 1 6 1 7 1 1 1 6 -1 -1 -1 -1 -1 -1 484536 0 15 24 19 21 2 8 0 5
0 0 0 1 1 3 6 1 7 1 1 1 6 5 4 6 1 0 0 485003 0 15 24 19 21 2 6 2 5
0 0 0 1 1 1 6 1 7 1 1 1 6 -1 -1 -1 -1 -1 -1 485469 0 15 24 19 21 2 6 2 5
0 0 0 1 1 6 1 1 7 1 1 1 5 -1 -1 -1 -1 -1 -1 485969 0 15 24 19 21 2 6 2 5
0 0 0 1 6 1 1 1 7 1 1 1 4 -1 -1 -1 -1 -1 -1 486436 0 15 24 19 21 2 6 2 5
0 0 0 1 7 1 1 1 7 1 1 1 4 4 4 6 1 1 1 486902 0 15 24 19 21 2 4 2 5
0 0 0 1 6 1 1 1 7 1 1 1 4 -1 -1 -1 -1 -1 -1 487369 0 15 24 19 21 2 4 2 5
0 0 0 1 1 6 1 1 7 1 1 1 5 -1 -1 -1 -1 -1 -1 487869 0 15 24 19 21 2 4 2 5
0 0 0 1 1 6 1 1 7 1 1 1 5 -1 -1 -1 -1 -1 -1 488335 0 15 24 19 21 2 4 2 5
0 0 0 1 3 6 1 1 7 1 1 1 5 4 4 8 3 0 0 488802 0 15 24 19 21 2 5 2 5
0 0 0 1 1 6 1 1 7 1 1 1 5 -1 -1 -1 -1 -1 -1 489268 0 15 24 19 21 2 5 2 5
0 0 0 1 1 6 1 1 7 1 1 1 5 -1 -1 -1 -1 -1 -1 489768 0 15 24 19 21 2 5 2 5
0 0 0 1 1 6 1 1 7 1 1 1 5 -1 -1 -1 -1 -1 -1 490235 0 15 24 19 21 2 5 2 5
0 0 0 1 3 6 1 1 7 1 1 1 5 4 4 6 1 0 0 490701 0 15 24 19 21 2 4 2 5
0 0 0 1 1 6 1 1 7 1 1 1 5 -1 -1 -1 -1 -1 -1 491201 0 15 24 19 21 2 4 2 5
0 0 0 1 1 6 1 1 7 1 1 1 5 -1 -1 -1 -1 -1 -1 491668 0 15 24 19 21 2 4 2 5
0 0 0 1 1 6 1 1 7 1 1 1 5 -1 -1 -1 -1 -1 -1 492134 0 15 24 19 21 2 4 2 5
0 0 0 1 1 6 3 1 7 1 1 1 5 6 4 7 2 0 0 492601 0 15 24 19 21 2 5 2 5
0 0 0 1 1 6 1 1 7 1 1 1 5 -1 -1 -1 -1 -1 -1 493101 0 15 24 19 21 2 5 2 5
0 0 0 1 1 6 1 1 7 1 1 1 5 -1 -1 -1 -1 -1 -1 493567 0 15 24 19 21 2 5 2 5
0 0 0 1 1 6 1 1 7 1 1 1 5 -1 -1 -1 -1 -1 -1 494034 0 15 24 19 21 2 5 2 5
0 0 0 1 1 6 3 1 7 1 1 1 5 6 4 5 0 0 0 494534 0 15 24 19 21 2 5 2 5
0 0 0 1 1 6 1 1 7 1 1 1 5 -1 -1 -1 -1 -1 -1 495000 0 15 24 19 21 2 5 2 5
0 0 0 1 1 6 1 1 7 1 1 1 5 -1 -1 -1 -1 -1 -1 495467 0 15 24 19 21 2 5 2 5
0 0 0 1 6 1 1 1 7 1 1 1 4 -1 -1 -1 -1 -1 -1 495933 0 15 24 19 21 2 5 2 5
0 0 0 1 6 3 1 1 7 1 1 1 4 5 4 8 3 0 0 496433 0 15 24 19 21 2 4 2 5
0 0 0 1 1 6 1 1 7 1 1 1 5 -1 -1 -1 -1 -1 -1 496900 0 15 24 19 21 2 4 2 5
0 0 0 1 1 6 1 1 7 1 1 1 5 -1 -1 -1 -1 -1 -1 497366 0 15 24 19 21 2 4 2 5
0 0 0 1 1 6 1 1 7 1 1 1 5 -1 -1 -1 -1 -1 -1 497866 0 15 24 19 21 2 4 2 5
0 0 0 1 1 6 1 3 7 1 1 1 5 7 4 5 0 0 0 498333 0 15 24 19 21 2 8 0 5
0 0 0 1 1 6 1 1 7 1 1 1 5 -1 -1 -1 -1 -1 -1 498799 0 15 24 19 21 2 8 0 5
0 0 0 1 1 1 6 1 7 1 1 1 6 -1 -1 -1 -1 -1 -1 499266 0 15 24 19 21 2 8 0 5
0 0 0 1 1 1 1 6 7 1 1 1 7 -1 -1 -1 -1 -1 -1 499766 0 15 24 19 21 2 8 0 5
0 0 0 1 1 1 1 7 7 1 1 1 7 7 4 5 0 1 1 500232 0 15 24 19 21 2 6 2 5
0 0 0 1 1 1 1 6 7 1 1 1 7 -1 -1 -1 -1 -1 -1 500699 0 15 24 20 22 2 6 2 5
0 0 0 1 1 6 1 1 7 1 1 1 5 -1 -1 -1 -1 -1 -1 501132 0 15 24 20 22 2 6 2 5
0 0 0 1 1 6 1 1 7 1 1 1 5 -1 -1 -1 -1 -1 -1 501599 0 15 24 20 22 2 6 2 5
0 0 0 1 1 7 1 1 7 1 1 1 5 5 4 5 0 1 1 502065 0 15 24 20 22 2 4 2 5
0 0 0 1 1 6 1 1 7 1 1 1 5 -1 -1 -1 -1 -1 -1 502498 0 15 24 20 22 2 4 2 5
0 0 0 1 1 6 1 1 7 1 1 1 5 -1 -1 -1 -1 -1 -1 502965 0 15 24 20 22 2 4 2 5
0 0 0 1 1 6 1 1 7 1 1 1 5 -1 -1 -1 -1 -1 -1 503431 0 15 24 20 22 2 4 2 5
0 0 0 1 1 6 1 3 7 1 1 1 5 7 4 6 1 0 0 503865 0 15 24 20 22 2 5 2 5
0 0 0 1 1 6 1 1 7 1 1 1 5 -1 -1 -1 -1 -1 -1 504331 0 15 24 20 22 2 5 2 5
0 0 0 1 1 6 1 1 7 1 1 1 5 -1 -1 -1 -1 -1 -1 504764 0 15 24 20 22 2 5 2 5
0 0 0 1 6 1 1 1 7 1 1 1 4 -1 -1 -1 -1 -1 -1 505231 0 15 24 20 22 2 5 2 5
0 0 0 1 6 3 1 1 7 1 1 1 4 5 4 5 0 0 0 505698 0 15 24 20 22 2 4 2 5
0 0 0 1 6 1 1 1 7 1 1 1 4 -1 -1 -1 -1 -1 -1 506131 0 15 24 20 22 2 4 2 5
0 0 0 1 6 1 1 1 7 1 1 1 4 -1 -1 -1 -1 -1 -1 506597 0 15 24 20 22 2 4 2 5
0 0 0 1 6 1 1 1 7 1 1 1 4 -1 -1 -1 -1 -1 -1 507064 0 15 24 20 22 2 4 2 5
0 0 0 1 6 1 3 1 7 1 1 1 4 6 4 8 3 0 0 507497 0 15 24 20 22 2 5 2 5
0 0 0 1 6 1 1 1 7 1 1 1 4 -1 -1 -1 -1 -1 -1 507964 0 15 24 20 22 2 5 2 5
0 0 0 1 1 6 1 1 7 1 1 1 5 -1 -1 -1 -1 -1 -1 508430 0 15 24 20 22 2 5 2 5
0 0 0 1 1 1 6 1 7 1 1 1 6 -1 -1 -1 -1 -1 -1 508863 0 15 24 20 22 2 5 2 5
0 0 0 1 1 1 7 1 7 1 1 1 6 6 4 8 3 1 1 509330 0 15 24 20 22 2 5 2 5
0 0 0 1 1 1 6 1 7 1 1 1 6 -1 -1 -1 -1 -1 -1 509763 0 15 24 21 23 2 5 2 5
0 0 0 1 6 1 1 1 7 1 1 1 4 -1 -1 -1 -1 -1 -1 510197 0 15 24 21 23 2 5 2 5
0 0 0 1 6 1 1 1 7 1 1 1 4 -1 -1 -1 -1 -1 -1 510630 0 15 24 21 23 2 5 2 5
0 0 0 1 7 1 1 1 7 1 1 1 4 4 4 8 3 1 1 511063 0 15 24 21 23 2 4 2 5
0 0 0 1 6 1 1 1 7 1 1 1 4 -1 -1 -1 -1 -1 -1 511496 0 15 24 21 23 2 4 2 5
0 0 0 1 1 6 1 1 7 1 1 1 5 -1 -1 -1 -1 -1 -1 511929 0 15 24 21 23 2 4 2 5
0 0 0 1 1 6 1 1 7 1 1 1 5 -1 -1 -1 -1 -1 -1 512363 0 15 24 21 23 2 4 2 5
0 0 0 1 3 6 1 1 7 1 1 1 5 4 4 6 1 0 0 512796 0 15 24 21 23 2 8 0 5
0 0 0 1 1 6 1 1 7 1 1 1 5 -1 -1 -1 -1 -1 -1 513229 0 15 24 21 23 2 8 0 5
0 0 0 1 1 6 1 1 7 1 1 1 5 -1 -1 -1 -1 -1 -1 513662 0 15 24 21 23 2 8 0 5
0 0 0 1 1 6 1 1 7 1 1 1 5 -1 -1 -1 -1 -1 -1 514096 0 15 24 21 23 2 8 0 5
0 0 0 1 3 6 1 1 7 1 1 1 5 4 4 8 3 0 0 514529 0 15 24 21 23 2 6 2 5
0 0 0 1 1 6 1 1 7 1 1 1 5 -1 -1 -1 -1 -1 -1 514962 0 15 24 21 23 2 6 2 5
0 0 0 1 1 6 1 1 7 1 1 1 5 -1 -1 -1 -1 -1 -1 515395 0 15 24 21 23 2 6 2 5
0 0 0 1 1 6 1 1 7 1 1 1 5 -1 -1 -1 -1 -1 -1 515862 0 15 24 21 23 2 6 2 5
0 0 0 1 3 6 1 1 7 1 1 1 5 4 4 5 0 0 0 516295 0 15 24 21 23 2 4 2 5
0 0 0 1 1 6 1 1 7 1 1 1 5 -1 -1 -1 -1 -1 -1 516728 0 15 24 21 23 2 4 2 5
0 0 0 1 1 6 1 1 7 1 1 1 5 -1 -1 -1 -1 -1 -1 517162 0 15 24 21 23 2 4 2 5
0 0 0 1 6 1 1 1 7 1 1 1 4 -1 -1 -1 -1 -1 -1 517595 0 15 24 21 23 2 4 2 5
0 0 0 1 7 1 1 1 7 1 1 1 4 4 4 5 0 1 1 518028 0 15 24 21 23 2 5 2 5
0 0 0 1 1 6 1 1 7 1 1 1 5 -1 -1 -1 -1 -1 -1 468707 0 15 24 18 60 2 8 0 5
0 0 0 1 1 6 1 1 7 1 1 1 5 -1 -1 -1 -1 -1 -1 468873 0 15 24 18 60 2 8 0 5
0 0 0 1 1 6 1 1 7 1 1 1 5 -1 -1 -1 -1 -1 -1 469040 0 15 24 18 60 2 6 2 5
0 0 0 1 1 6 1 1 7 1 1 1 5 -1 -1 -1 -1 -1 -1 469207 0 15 24 18 51.8 2 6 2 5
0 0 0 1 1 6 1 1 7 1 1 1 5 -1 -1 -1 -1 -1 -1 469473 0 15 24 18 29.9333 2 6 2 5
0 0 0 1 1 6 1 1 7 1 1 1 5 -1 -1 -1 -1 -1 -1 469940 0 15 24 18 19 2 6 2 5
0 0 0 1 1 6 1 1 7 1 1 1 5 -1 -1 -1 -1 -1 -1 470473 0 15 24 18 19 2 4 2 5
0 0 0 1 1 6 1 1 7 1 1 1 5 -1 -1 -1 -1 -1 -1 470973 0 15 24 18 19 2 4 2 5
0 0 0 1 1 6 1 1 7 1 1 1 5 -1 -1 -1 -1 -1 -1 471506 0 15 24 18 19 2 4 2 5
0 0 0 1 1 6 1 1 7 1 1 1 5 -1 -1 -1 -1 -1 -1 472039 0 15 24 18 19 2 4 2 5
0 0 0 1 1 6 1 3 7 1 1 1 5 7 4 8 3 0 0 472572 0 15 24 18 19 2 5 2 5
0 0 0 1 1 6 1 1 7 1 1 1 5 -1 -1 -1 -1 -1 -1 473106 0 15 24 18 19 2 5 2 5
0 0 0 1 1 6 1 1 7 1 1 1 5 -1 -1 -1 -1 -1 -1 473605 0 15 24 18 19 2 5 2 5
0 0 0 1 1 6 1 1 7 1 1 1 5 -1 -1 -1 -1 -1 -1 474139 0 15 24 18 19 2 5 2 5
0 0 0 1 1 6 1 3 7 1 1 1 5 7 4 7 2 0 0 474672 0 15 24 18 19 2 4 2 5
0 0 0 1 1 6 1 1 7 1 1 1 5 -1 -1 -1 -1 -1 -1 475205 0 15 24 18 19 2 4 2 5
0 0 0 1 1 6 1 1 7 1 1 1 5 -1 -1 -1 -1 -1 -1 475738 0 15 24 18 19 2 4 2 5
0 0 0 1 1 1 6 1 7 1 1 1 6 -1 -1 -1 -1 -1 -1 476238 0 15 24 18 19 2 4 2 5
0 0 0 1 1 1 7 1 7 1 1 1 6 6 4 7 2 1 1 476771 0 15 24 18 19 2 5 2 5
0 0 0 1 1 1 6 1 7 1 1 1 6 -1 -1 -1 -1 -1 -1 477305 0 15 24 18 19 2 5 2 5
0 0 0 1 1 6 1 1 7 1 1 1 5 -1 -1 -1 -1 -1 -1 477838 0 15 24 18 19 2 5 2 5
0 0 0 1 1 6 1 1 7 1 1 1 5 -1 -1 -1 -1 -1 -1 478338 0 15 24 18 19 2 5 2 5
0 0 0 1 3 6 1 1 7 1 1 1 5 4 4 8 3 0 0 478871 0 15 24 18 19 2 5 2 5
0 0 0 1 1 6 1 1 7 1 1 1 5 -1 -1 -1 -1 -1 -1 479404 0 15 24 18 19 2 5 2 5
0 0 0 1 1 6 1 1 7 1 1 1 5 -1 -1 -1 -1 -1 -1 479937 0 15 24 18 19 2 5 2 5
0 0 0 1 1 6 1 1 7 1 1 1 5 -1 -1 -1 -1 -1 -1 480470 0 15 24 18 19 2 5 2 5
0 0 0 1 1 6 3 1 7 1 1 1 5 6 4 5 0 0 0 480970 0 15 24 18 19 2 4 2 5
0 0 0 1 1 6 1 1 7 1 1 1 5 -1 -1 -1 -1 -1 -1 481504 0 15 24 18 19 2 4 2 5
0 0 0 1 1 1 1 6 7 1 1 1 7 -1 -1 -1 -1 -1 -1 482037 0 15 24 18 19 2 4 2 5
0 0 0 1 1 1 1 6 7 1 1 1 7 -1 -1 -1 -1 -1 -1 482570 0 15 24 18 19 2 4 2 5
0 0 0 1 1 1 1 7 7 1 1 1 7 7 4 5 0 1 1 483103 0 15 24 18 19 2 8 0 5
0 0 0 1 1 1 1 6 7 1 1 1 7 -1 -1 -1 -1 -1 -1 483570 0 15 24 19 21 2 8 0 5
0 0 0 1 1 1 6 1 7 1 1 1 6 -1 -1 -1 -1 -1 -1 484036 0 15 24 19 21 2 8 0 5
0 0 0 1 1 1 6 1 7 1 1 1 6 -1 -1 -1 -1 -1 -1 484536 0 15 24 19 21 2 8 0 5
0 0 0 1 1 3 6 1 7 1 1 1 6 5 4 6 1 0 0 485003 0 15 24 19 21 2 6 2 5
0 0 0 1 1 1 6 1 7 1 1 1 6 -1 -1 -1 -1 -1 -1 485469 0 15 24 19 21 2 6 2 5
0 0 0 1 1 6 1 1 7 1 1 1 5 -1 -1 -1 -1 -1 -1 485969 0 15 24 19 21 2 6 2 5
0 0 0 1 6 1 1 1 7 1 1 1 4 -1 -1 -1 -1 -1 -1 486436 0 15 24 19 21 2 6 2 5
0 0 0 1 7 1 1 1 7 1 1 1 4 4 4 6 1 1 1 486902 0 15 24 19 21 2 4 2 5
0 0 0 1 6 1 1 1 7 1 1 1 4 -1 -1 -1 -1 -1 -1 487369 0 15 24 19 21 2 4 2 5
0 0 0 1 1 6 1 1 7 1 1 1 5 -1 -1 -1 -1 -1 -1 487869 0 15 24 19 21 2 4 2 5
0 0 0 1 1 6 1 1 7 1 1 1 5 -1 -1 -1 -1 -1 -1 488335 0 15 24 19 21 2 4 2 5
0 0 0 1 3 6 1 1 7 1 1 1 5 4 4 8 3 0 0 488802 0 15 24 19 21 2 5 2 5
0 0 0 1 1 6 1 1 7 1 1 1 5 -1 -1 -1 -1 -1 -1 489268 0 15 24 19 21 2 5 2 5
0 0 0 1 1 6 1 1 7 1 1 1 5 -1 -1 -1 -1 -1 -1 489768 0 15 24 19 21 2 5 2 5
0 0 0 1 1 6 1 1 7 1 1 1 5 -1 -1 -1 -1 -1 -1 490235 0 15 24 19 21 2 5 2 5
0 0 0 1 3 6 1 1 7 1 1 1 5 4 4 6 1 0 0 490701 0 15 24 19 21 2 4 2 5
0 0 0 1 1 6 1 1 7 1 1 1 5 -1 -1 -1 -1 -1 -1 491201 0 15 24 19 21 2 4 2 5
0 0 0 1 1 6 1 1 7 1 1 1 5 -1 -1 -1 -1 -1 -1 491668 0 15 24 19 21 2 4 2 5
0 0 0 1 1 6 1 1 7 1 1 1 5 -1 -1 -1 -1 -1 -1 492134 0 15 24 19 21 2 4 2 5
0 0 0 1 1 6 3 1 7 1 1 1 5 6 4 7 2 0 0 492601 0 15 24 19 21 2 5 2 5
0 0 0 1 1 6 1 1 7 1 1 1 5 -1 -1 -1 -1 -1 -1 493101 0 15 24 19 21 2 5 2 5
0 0 0 1 1 6 1 1 7 1 1 1 5 -1 -1 -1 -1 -1 -1 493567 0 15 24 19 21 2 5 2 5
0 0 0 1 1 6 1 1 7 1 1 1 5 -1 -1 -1 -1 -1 -1 494034 0 15 24 19 21 2 5 2 5
0 0 0 1 1 6 3 1 7 1 1 1 5 6 4 5 0 0 0 494534 0 15 24 19 21 2 5 2 5
0 0 0 1 1 6 1 1 7 1 1 1 5 -1 -1 -1 -1 -1 -1 495000 0 15 24 19 21 2 5 2 5
0 0 0 1 1 6 1 1 7 1 1 1 5 -1 -1 -1 -1 -1 -1 495467 0 15 24 19 21 2 5 2 5
0 0 0 1 6 1 1 1 7 1 1 1 4 -1 -1 -1 -1 -1 -1 495933 0 15 24 19 21 2 5 2 5
0 0 0 1 6 3 1 1 7 1 1 1 4 5 4 8 3 0 0 496433 0 15 24 19 21 2 4 2 5
0 0 0 1 1 6 1 1 7 1 1 1 5 -1 -1 -1 -1 -1 -1 496900 0 15 24 19 21 2 4 2 5
0 0 0 1 1 6 1 1 7 1 1 1 5 -1 -1 -1 -1 -1 -1 497366 0 15 24 19 21 2 4 2 5
0 0 0 1 1 6 1 1 7 1 1 1 5 -1 -1 -1 -1 -1 -1 497866 0 15 24 19 21 2 4 2 5
0 0 0 1 1 6 1 3 7 1 1 1 5 7 4 5 0 0 0 498333 0 15 24 19 21 2 8 0 5
0 0 0 1 1 6 1 1 7 1 1 1 5 -1 -1 -1 -1 -1 -1 498799 0 15 24 19 21 2 8 0 5
0 0 0 1 1 1 6 1 7 1 1 1 6 -1 -1 -1 -1 -1 -1 499266 0 15 24 19 21 2 8 0 5
0 0 0 1 1 1 1 6 7 1 1 1 7 -1 -1 -1 -1 -1 -1 499766 0 15 24 19 21 2 8 0 5
0 0 0 1 1 1 1 7 7 1 1 1 7 7 4 5 0 1 1 500232 0 15 24 19 21 2 6 2 5
0 0 0 1 1 1 1 6 7 1 1 1 7 -1 -1 -1 -1 -1 -1 500699 0 15 24 20 22 2 6 2 5
0 0 0 1 1 6 1 1 7 1 1 1 5 -1 -1 -1 -1 -1 -1 501132 0 15 24 20 22 2 6 2 5
0 0 0 1 1 6 1 1 7 1 1 1 5 -1 -1 -1 -1 -1 -1 501599 0 15 24 20 22 2 6 2 5
0 0 0 1 1 7 1 1 7 1 1 1 5 5 4 5 0 1 1 502065 0 15 24 20 22 2 4 2 5
0 0 0 1 1 6 1 1 7 1 1 1 5 -1 -1 -1 -1 -1 -1 502498 0 15 24 20 22 2 4 2 5
0 0 0 1 1 6 1 1 7 1 1 1 5 -1 -1 -1 -1 -1 -1 502965 0 15 24 20 22 2 4 2 5
0 0 0 1 1 6 1 1 7 1 1 1 5 -1 -1 -1 -1 -1 -1 503431 0 15 24 20 22 2 4 2 5
0 0 0 1 1 6 1 3 7 1 1 1 5 7 4 6 1 0 0 503865 0 15 24 20 22 2 5 2 5
0 0 0 1 1 6 1 1 7 1 1 1 5 -1 -1 -1 -1 -1 -1 504331 0 15 24 20 22 2 5 2 5
0 0 0 1 1 6 1 1 7 1 1 1 5 -1 -1 -1 -1 -1 -1 504764 0 15 24 20 22 2 5 2 5
0 0 0 1 6 1 1 1 7 1 1 1 4 -1 -1 -1 -1 -1 -1 505231 0 15 24 20 22 2 5 2 5
0 0 0 1 6 3 1 1 7 1 1 1 4 5 4 5 0 0 0 505698 0 15 24 20 22 2 4 2 5
0 0 0 1 6 1 1 1 7 1 1 1 4 -1 -1 -1 -1 -1 -1 506131 0 15 24 20 22 2 4 2 5
0 0 0 1 6 1 1 1 7 1 1 1 4 -1 -1 -1 -1 -1 -1 506597 0 15 24 20 22 2 4 2 5
0 0 0 1 6 1 1 1 7 1 1 1 4 -1 -1 -1 -1 -1 -1 507064 0 15 24 20 22 2 4 2 5
0 0 0 1 6 1 3 1 7 1 1 1 4 6 4 8 3 0 0 507497 0 15 24 20 22 2 5 2 5
0 0 0 1 6 1 1 1 7 1 1 1 4 -1 -1 -1 -1 -1 -1 507964 0 15 24 20 22 2 5 2 5
0 0 0 1 1 6 1 1 7 1 1 1 5 -1 -1 -1 -1 -1 -1 508430 0 15 24 20 22 2 5 2 5
0 0 0 1 1 1 6 1 7 1 1 1 6 -1 -1 -1 -1 -1 -1 508863 0 15 24 20 22 2 5 2 5
0 0 0 1 1 1 7 1 7 1 1 1 6 6 4 8 3 1 1 509330 0 15 24 20 22 2 5 2 5
0 0 0 1 1 1 6 1 7 1 1 1 6 -1 -1 -1 -1 -1 -1 509763 0 15 24 21 23 2 5 2 5
0 0 0 1 6 1 1 1 7 1 1 1 4 -1 -1 -1 -1 -1 -1 510197 0 15 24 21 23 2 5 2 5
0 0 0 1 6 1 1 1 7 1 1 1 4 -1 -1 -1 -1 -1 -1 510630 0 15 24 21 23 2 5 2 5
0 0 0 1 7 1 1 1 7 1 1 1 4 4 4 8 3 1 1 511063 0 15 24 21 23 2 4 2 5
0 0 0 1 6 1 1 1 7 1 1 1 4 -1 -1 -1 -1 -1 -1 511496 0 15 24 21 23 2 4 2 5
0 0 0 1 1 6 1 1 7 1 1 1 5 -1 -1 -1 -1 -1 -1 511929 0 15 24 21 23 2 4 2 5
0 0 0 1 1 6 1 1 7 1 1 1 5 -1 -1 -1 -1 -1 -1 512363 0 15 24 21 23 2 4 2 5
0 0 0 1 3 6 1 1 7 1 1 1 5 4 4 6 1 0 0 512796 0 15 24 21 23 2 8 0 5
0 0 0 1 1 6 1 1 7 1 1 1 5 -1 -1 -1 -1 -1 -1 513229 0 15 24 21 23 2 8 0 5
0 0 0 1 1 6 1 1 7 1 1 1 5 -1 -1 -1 -1 -1 -1 513662 0 15 24 21 23 2 8 0 5
0 0 0 1 1 6 1 1 7 1 1 1 5 -1 -1 -1 -1 -1 -1 514096 0 15 24 21 23 2 8 0 5
0 0 0 1 3 6 1 1 7 1 1 1 5 4 4 8 3 0 0 514529 0 15 24 21 23 2 6 2 5
0 0 0 1 1 6 1 1 7 1 1 1 5 -1 -1 -1 -1 -1 -1 514962 0 15 24 21 23 2 6 2 5
0 0 0 1 1 6 1 1 7 1 1 1 5 -1 -1 -1 -1 -1 -1 515395 0 15 24 21 23 2 6 2 5
0 0 0 1 1 6 1 1 7 1 1 1 5 -1 -1 -1 -1 -1 -1 515862 0 15 24 21 23 2 6 2 5
0 0 0 1 3 6 1 1 7 1 1 1 5 4 4 5 0 0 0 516295 0 15 24 21 23 2 4 2 5
0 0 0 1 1 6 1 1 7 1 1 1 5 -1 -1 -1 -1 -1 -1 516728 0 15 24 21 23 2 4 2 5
0 0 0 1 1 6 1 1 7 1 1 1 5 -1 -1 -1 -1 -1 -1 517162 0 15 24 21 23 2 4 2 5
0 0 0 1 6 1 1 1 7 1 1 1 4 -1 -1 -1 -1 -1 -1 517595 0 15 24 21 23 2 4 2 5
0 0 0 1 7 1 1 1 7 1 1 1 4 4 4 5 0 1 1 518028 0 15 24 21 23 2 5 2 5
