% Tunnel Log: 
% debug seed: 1462475768
%
% SegEncNW { '0'=no panel, '1'=panel, '4'=obstacle, '5'=collided obstacle, '6'=player, '7'=player right, '8'=player wrong, '2'=target, '3'=fake }
% SegEncN
% SegEncNE
% SegEncE
% SegEncSE
% SegEncS
% SegEncSW
% SegEncW
% Event Number { 0, inf }
% Task Type { 0=Color/Sound, 1=Shape/Sound, 2=Sound, 3=Navigation, 4=Speed, 5=Training 6=Recess, 7=Special 2-Back }
% N-Back { 0, inf }
% Navigation Level { 0, inf }
% Player Loc { 0=Northwest ... 7=West }
% Pod Loc { -1=N/A, 0=Northwest ... 7=West }
% Pod Color { -1, inf }
% Pod Shape { -1, inf }
% Pod Sound { -1, inf }
% Pod Match { -1=N/A, 0=No, 1=Yes }
% Pod Taken { -1=N/A, 0=No, 1=Yes }
% Timestamp (ms)
% Num Obstacles { 0, inf }
% Min Speed { 0, inf }
% Max Speed { 0, inf }
% Base Speed { 0, inf }
% Final Speed { 0, inf }
% Navigation Score { 0, inf }
% Segment Direction { 0=Northwest ... 7=West }
% Segment Angle { 0, inf }
% Segment Panels { 0, inf }
%
% SegEncNW SecEncN SegEncNE SegEncE SegEncSE SegEncS SegEncSW SegEncW EventNumber TaskType N-Back Navigation PlayerLoc PodLoc PodColor PodShape PodSound PodMatch PodTaken Timestamp NumObs MinSpeed MaxSpeed BaseSpeed FinalSpeed NavScore SegmentDir SegmentAngle SegmentPanels
0 0 0 0 1 6 1 0 0 3 1 0 5 -1 -1 -1 -1 -1 -1 15133 0 15 40 18 60 2 8 0 3
0 0 0 0 1 6 1 0 0 3 1 0 5 -1 -1 -1 -1 -1 -1 15233 0 15 40 18 60 2 8 0 3
0 0 0 0 1 6 1 0 0 3 1 0 5 -1 -1 -1 -1 -1 -1 15400 0 15 40 18 60 2 8 0 3
0 0 0 0 1 6 1 0 0 3 1 0 5 -1 -1 -1 -1 -1 -1 15566 0 15 40 18 60 2 5 2 3
0 0 0 0 1 6 1 0 0 3 1 0 5 -1 -1 -1 -1 -1 -1 15733 0 15 40 18 51.8 2 5 2 3
0 0 0 0 1 6 1 0 0 3 1 0 5 -1 -1 -1 -1 -1 -1 16000 0 15 40 18 29.9333 2 5 2 3
0 0 0 0 1 6 1 0 0 3 1 0 5 -1 -1 -1 -1 -1 -1 16466 0 15 40 18 19 2 5 2 3
0 0 0 0 1 6 1 0 0 3 1 0 5 -1 -1 -1 -1 -1 -1 17000 0 15 40 18 19 2 5 2 3
0 0 0 0 1 6 1 0 0 3 1 0 5 -1 -1 -1 -1 -1 -1 17500 0 15 40 18 19 2 5 2 3
0 0 0 0 6 1 1 0 0 3 1 0 4 -1 -1 -1 -1 -1 -1 18033 0 15 40 18 19 2 5 2 3
0 0 0 0 6 1 1 0 0 3 1 0 4 -1 -1 -1 -1 -1 -1 18566 0 15 40 18 19 2 5 2 3
0 0 0 0 7 1 1 0 0 3 1 0 4 4 5 4 4 1 1 19100 0 15 40 18 19 2 5 2 3
0 0 0 0 6 1 1 0 0 3 1 0 4 -1 -1 -1 -1 -1 -1 19633 0 15 40 18 19 2 5 2 3
0 0 0 0 1 6 1 0 0 3 1 0 5 -1 -1 -1 -1 -1 -1 20133 0 15 40 18 19 2 5 2 3
0 0 0 0 1 6 1 0 0 3 1 0 5 -1 -1 -1 -1 -1 -1 20666 0 15 40 18 19 2 5 2 3
0 0 0 0 1 7 1 0 0 3 1 0 5 5 5 4 4 1 1 21200 0 15 40 18 19 2 4 2 3
0 0 0 0 1 6 1 0 0 3 1 0 5 -1 -1 -1 -1 -1 -1 21666 0 15 40 19 21 2 4 2 3
0 0 0 0 1 1 6 0 0 3 1 0 6 -1 -1 -1 -1 -1 -1 22166 0 15 40 19 21 2 4 2 3
0 0 0 0 1 1 6 0 0 3 1 0 6 -1 -1 -1 -1 -1 -1 22633 0 15 40 19 21 2 4 2 3
0 0 0 0 1 1 7 0 0 3 1 0 6 6 5 4 4 1 1 23099 0 15 40 19 21 2 5 2 3
0 0 0 0 1 6 1 0 0 3 1 0 5 -1 -1 -1 -1 -1 -1 23599 0 15 40 19 21 2 5 2 3
0 0 0 0 6 1 1 0 0 3 1 0 4 -1 -1 -1 -1 -1 -1 24066 0 15 40 19 21 2 5 2 3
0 0 0 0 6 1 1 0 0 3 1 0 4 -1 -1 -1 -1 -1 -1 24533 0 15 40 19 21 2 5 2 3
0 0 0 0 7 1 1 0 0 3 1 0 4 4 5 4 4 1 1 24999 0 15 40 19 21 2 4 2 3
0 0 0 0 1 6 1 0 0 3 1 0 5 -1 -1 -1 -1 -1 -1 25466 0 15 40 20 22 2 4 2 3
0 0 0 0 1 1 6 0 0 3 1 0 6 -1 -1 -1 -1 -1 -1 25933 0 15 40 20 22 2 4 2 3
0 0 0 0 1 1 6 0 0 3 1 0 6 -1 -1 -1 -1 -1 -1 26366 0 15 40 20 22 2 4 2 3
0 0 0 1 1 1 7 1 0 3 1 0 6 6 5 4 4 1 1 26833 0 15 40 20 22 2 5 2 5
0 0 0 1 1 6 1 1 0 3 1 1 5 -1 -1 -1 -1 -1 -1 27299 0 15 40 20 22 2 5 2 5
0 0 0 1 1 6 1 1 0 3 1 1 5 -1 -1 -1 -1 -1 -1 27733 0 15 40 20 22 2 5 2 5
0 0 0 1 1 6 1 1 0 3 1 1 5 -1 -1 -1 -1 -1 -1 28199 0 15 40 20 22 2 5 2 5
0 0 0 1 1 7 1 1 0 3 1 1 5 5 5 4 4 1 1 28666 0 15 40 20 22 2 8 0 5
0 0 0 1 1 6 1 1 0 3 1 1 5 -1 -1 -1 -1 -1 -1 29099 0 15 40 21 23 2 8 0 5
0 0 0 1 1 1 6 1 0 3 1 1 6 -1 -1 -1 -1 -1 -1 29533 0 15 40 21 23 2 8 0 5
0 0 0 1 1 1 6 1 0 3 1 1 6 -1 -1 -1 -1 -1 -1 29966 0 15 40 21 23 2 8 0 5
0 0 0 1 1 1 7 1 0 3 1 1 6 6 5 4 4 1 1 30399 0 15 40 21 23 2 5 2 5
0 0 0 1 1 1 6 1 0 3 1 1 6 -1 -1 -1 -1 -1 -1 30833 0 15 40 21 23 2 5 2 5
0 0 0 1 1 1 1 6 0 3 1 1 7 -1 -1 -1 -1 -1 -1 31266 0 15 40 21 23 2 5 2 5
0 0 0 1 1 1 1 6 0 3 1 1 7 -1 -1 -1 -1 -1 -1 31699 0 15 40 21 23 2 5 2 5
0 0 0 1 1 1 1 7 0 3 1 1 7 7 5 4 4 1 1 32133 0 15 40 21 23 2 5 2 5
0 0 0 1 1 1 6 1 0 3 1 1 6 -1 -1 -1 -1 -1 -1 32566 0 15 40 22 24 2 5 2 5
0 0 0 1 1 1 1 6 0 3 1 1 7 -1 -1 -1 -1 -1 -1 32966 0 15 40 22 24 2 5 2 5
0 0 0 1 1 1 1 6 0 3 1 1 7 -1 -1 -1 -1 -1 -1 33399 0 15 40 22 24 2 5 2 5
0 0 0 1 1 1 1 7 0 3 1 1 7 7 5 4 4 1 1 33799 0 15 40 22 24 2 5 2 5
0 0 0 1 1 1 6 1 0 3 1 1 6 -1 -1 -1 -1 -1 -1 34233 0 15 40 22 24 2 5 2 5
0 0 0 1 1 1 6 1 0 3 1 1 6 -1 -1 -1 -1 -1 -1 34633 0 15 40 22 24 2 5 2 5
0 0 0 1 1 1 6 1 0 3 1 1 6 -1 -1 -1 -1 -1 -1 35066 0 15 40 22 24 2 5 2 5
0 0 0 1 1 1 7 1 0 3 1 1 6 6 5 4 4 1 1 35466 0 15 40 22 24 2 4 2 5
0 0 0 1 1 1 6 1 0 3 1 1 6 -1 -1 -1 -1 -1 -1 35866 0 15 40 23 25 2 4 2 5
0 0 0 1 6 1 1 1 0 3 1 1 4 -1 -1 -1 -1 -1 -1 36266 0 15 40 23 25 2 4 2 5
0 0 0 1 6 1 1 1 0 3 1 1 4 -1 -1 -1 -1 -1 -1 36666 0 15 40 23 25 2 4 2 5
0 0 0 1 7 1 1 1 0 3 1 1 4 4 5 4 4 1 1 37066 0 15 40 23 25 2 5 2 5
0 0 0 1 6 1 1 1 0 3 1 1 4 -1 -1 -1 -1 -1 -1 37466 0 15 40 23 25 2 5 2 5
0 0 0 6 1 1 1 1 0 3 1 1 3 -1 -1 -1 -1 -1 -1 37866 0 15 40 23 25 2 5 2 5
0 0 0 6 1 1 1 1 0 3 1 1 3 -1 -1 -1 -1 -1 -1 38266 0 15 40 23 25 2 5 2 5
0 0 0 7 1 1 1 1 0 3 1 1 3 3 5 4 4 1 1 38666 0 15 40 23 25 2 4 2 5
0 0 0 6 1 1 1 1 0 3 1 2 3 -1 -1 -1 -1 -1 -1 39066 0 15 40 24 25.5 2 4 2 5
0 0 0 6 1 1 1 1 0 3 1 2 3 -1 -1 -1 -1 -1 -1 39466 0 15 40 24 25.5 2 4 2 5
0 0 0 6 1 1 1 1 0 3 1 2 3 -1 -1 -1 -1 -1 -1 39866 0 15 40 24 25.5 2 4 2 5
0 0 0 7 1 1 1 1 0 3 1 2 3 3 5 4 4 1 1 40233 0 15 40 24 25.5 2 5 2 5
0 0 0 1 6 1 1 1 0 3 1 2 4 -1 -1 -1 -1 -1 -1 40633 0 15 40 24 25.5 2 5 2 5
0 0 0 4 6 1 1 1 0 3 1 2 4 -1 -1 -1 -1 -1 -1 41033 1 15 40 24 25.5 2 5 2 5
0 0 0 6 1 1 1 1 0 3 1 2 3 -1 -1 -1 -1 -1 -1 41433 0 15 40 24 25.5 2 5 2 5
0 0 0 7 1 1 1 1 0 3 1 2 3 3 5 4 4 1 1 41799 0 15 40 24 25.5 2 8 0 5
0 0 0 6 1 1 1 1 0 3 1 2 3 -1 -1 -1 -1 -1 -1 42199 0 15 40 25 26 2 8 0 5
0 0 0 6 1 1 1 4 0 3 1 2 3 -1 -1 -1 -1 -1 -1 42566 1 15 40 25 26 2 8 0 5
0 0 0 6 1 1 1 1 0 3 1 2 3 -1 -1 -1 -1 -1 -1 42966 0 15 40 25 26 2 8 0 5
0 0 0 7 1 1 1 1 0 3 1 2 3 3 5 4 4 1 1 43366 0 15 40 25 26 2 5 2 5
0 0 0 6 1 1 1 1 0 3 1 2 3 -1 -1 -1 -1 -1 -1 43733 0 15 40 25 26 2 5 2 5
0 0 0 6 1 4 1 1 0 3 1 2 3 -1 -1 -1 -1 -1 -1 44133 1 15 40 25 26 2 5 2 5
0 0 0 6 1 1 1 1 0 3 1 2 3 -1 -1 -1 -1 -1 -1 44499 0 15 40 25 26 2 5 2 5
0 0 0 7 1 1 1 1 0 3 1 2 3 3 5 4 4 1 1 44899 0 15 40 25 26 2 5 2 5
0 0 0 6 1 1 1 1 0 3 1 2 3 -1 -1 -1 -1 -1 -1 45266 0 15 40 26 26.5 2 5 2 5
0 0 0 6 4 1 1 1 0 3 1 2 3 -1 -1 -1 -1 -1 -1 45632 1 15 40 26 26.5 2 5 2 5
0 0 0 1 6 1 1 1 0 3 1 2 4 -1 -1 -1 -1 -1 -1 46032 0 15 40 26 26.5 2 5 2 5
0 0 0 1 1 7 1 1 0 3 1 2 5 5 5 4 4 1 1 46399 0 15 40 26 26.5 2 5 2 5
0 0 0 1 1 1 6 1 0 3 1 2 6 -1 -1 -1 -1 -1 -1 46766 0 15 40 26 26.5 2 5 2 5
0 0 0 1 1 4 6 1 0 3 1 2 6 -1 -1 -1 -1 -1 -1 47166 1 15 40 26 26.5 2 5 2 5
0 0 0 1 6 1 1 1 0 3 1 2 4 -1 -1 -1 -1 -1 -1 47532 0 15 40 26 26.5 2 5 2 5
0 0 0 7 1 1 1 1 0 3 1 2 3 3 5 4 4 1 1 47899 0 15 40 26 26.5 2 4 2 5
0 0 0 6 1 1 1 1 0 3 1 2 3 -1 -1 -1 -1 -1 -1 48266 0 15 40 27 27 2 4 2 5
0 0 0 1 6 1 4 1 0 3 1 2 4 -1 -1 -1 -1 -1 -1 48666 1 15 40 27 27 2 4 2 5
0 0 0 1 6 1 1 1 0 3 1 2 4 -1 -1 -1 -1 -1 -1 49032 0 15 40 27 27 2 4 2 5
0 0 0 1 7 1 1 1 0 3 1 2 4 4 5 4 4 1 1 49399 0 15 40 27 27 2 5 2 5
0 0 0 1 6 1 1 1 0 3 1 2 4 -1 -1 -1 -1 -1 -1 49766 0 15 40 27 27 2 5 2 5
0 0 0 1 1 6 4 1 0 3 1 2 5 -1 -1 -1 -1 -1 -1 50132 1 15 40 27 27 2 5 2 5
0 0 0 1 1 6 1 1 0 3 1 2 5 -1 -1 -1 -1 -1 -1 50499 0 15 40 27 27 2 5 2 5
0 0 0 1 1 7 1 1 0 3 1 2 5 5 5 4 4 1 1 50866 0 15 40 27 27 2 4 2 5
0 0 0 1 1 6 1 1 0 3 1 2 5 -1 -1 -1 -1 -1 -1 51232 0 15 40 28 27.5 2 4 2 5
0 0 0 1 1 6 4 1 0 3 1 2 5 -1 -1 -1 -1 -1 -1 51599 1 15 40 28 27.5 2 4 2 5
0 0 0 1 1 1 1 6 0 3 1 2 7 -1 -1 -1 -1 -1 -1 51966 0 15 40 28 27.5 2 4 2 5
0 0 0 1 1 1 1 7 0 3 1 2 7 7 5 4 4 1 1 52332 0 15 40 28 27.5 2 5 2 5
0 0 0 1 1 1 6 1 0 3 1 2 6 -1 -1 -1 -1 -1 -1 52699 0 15 40 28 27.5 2 5 2 5
0 0 0 1 1 1 6 4 0 3 1 2 6 -1 -1 -1 -1 -1 -1 53066 1 15 40 28 27.5 2 5 2 5
0 0 0 1 1 6 1 1 0 3 1 2 5 -1 -1 -1 -1 -1 -1 53432 0 15 40 28 27.5 2 5 2 5
0 0 0 1 1 7 1 1 0 3 1 2 5 5 5 4 4 1 1 53766 0 15 40 28 27.5 2 8 0 5
0 0 0 1 1 1 6 1 0 3 1 2 6 -1 -1 -1 -1 -1 -1 54132 0 15 40 29 28 2 8 0 5
0 0 0 1 1 4 6 1 0 3 1 2 6 -1 -1 -1 -1 -1 -1 54499 1 15 40 29 28 2 8 0 5
0 0 0 1 1 6 1 1 0 3 1 2 5 -1 -1 -1 -1 -1 -1 54866 0 15 40 29 28 2 8 0 5
0 0 0 1 7 1 1 1 0 3 1 2 4 4 5 4 4 1 1 55199 0 15 40 29 28 2 5 2 5
0 0 0 1 6 1 1 1 0 3 1 2 4 -1 -1 -1 -1 -1 -1 55566 0 15 40 29 28 2 5 2 5
0 0 0 1 1 6 1 4 0 3 1 2 5 -1 -1 -1 -1 -1 -1 55932 1 15 40 29 28 2 5 2 5
0 0 0 1 1 1 6 1 0 3 1 2 6 -1 -1 -1 -1 -1 -1 56266 0 15 40 29 28 2 5 2 5
0 0 0 1 1 1 7 1 0 3 1 2 6 6 5 4 4 1 1 56632 0 15 40 29 28 2 5 2 5
0 0 0 1 1 1 6 1 0 3 1 2 6 -1 -1 -1 -1 -1 -1 56999 0 15 40 30 28.5 2 5 2 5
0 0 0 4 1 1 1 6 0 3 1 2 7 -1 -1 -1 -1 -1 -1 57332 1 15 40 30 28.5 2 5 2 5
0 0 0 1 1 1 1 6 0 3 1 2 7 -1 -1 -1 -1 -1 -1 57699 0 15 40 30 28.5 2 5 2 5
0 0 0 1 1 1 1 7 0 3 1 2 7 7 5 4 4 1 1 58032 0 15 40 30 28.5 2 5 2 5
0 0 0 1 1 1 1 6 0 3 1 2 7 -1 -1 -1 -1 -1 -1 58399 0 15 40 30 28.5 2 5 2 5
0 0 0 1 4 6 1 1 0 3 1 2 5 -1 -1 -1 -1 -1 -1 58732 1 15 40 30 28.5 2 5 2 5
0 0 0 1 1 6 1 1 0 3 1 2 5 -1 -1 -1 -1 -1 -1 59099 0 15 40 30 28.5 2 5 2 5
0 0 0 1 1 7 1 1 0 3 1 2 5 5 5 4 4 1 1 59432 0 15 40 30 28.5 2 4 2 5
0 0 0 1 1 6 1 1 0 3 1 2 5 -1 -1 -1 -1 -1 -1 59799 0 15 40 31 29 2 4 2 5
0 0 0 1 6 1 1 1 0 3 1 2 4 -1 -1 -1 -1 -1 -1 60132 0 15 40 31 29 2 4 2 5
0 0 0 1 6 1 1 1 0 3 1 2 4 -1 -1 -1 -1 -1 -1 60466 0 15 40 31 29 2 4 2 5
0 0 0 7 1 1 1 1 0 3 1 2 3 3 5 4 4 1 1 60832 0 15 40 31 29 2 5 2 5
0 0 0 6 1 1 1 1 0 3 1 2 3 -1 -1 -1 -1 -1 -1 61166 0 15 40 31 29 2 5 2 5
0 0 0 1 6 1 1 4 0 3 1 2 4 -1 -1 -1 -1 -1 -1 61499 1 15 40 31 29 2 5 2 5
0 0 0 1 1 6 1 1 0 3 1 2 5 -1 -1 -1 -1 -1 -1 61866 0 15 40 31 29 2 5 2 5
0 0 0 1 1 7 1 1 0 3 1 2 5 5 5 4 4 1 1 62199 0 15 40 31 29 2 4 2 5
0 0 0 1 1 6 1 1 0 3 1 2 5 -1 -1 -1 -1 -1 -1 62532 0 15 40 32 29.5 2 4 2 5
0 0 0 1 6 1 1 4 0 3 1 2 4 -1 -1 -1 -1 -1 -1 62899 1 15 40 32 29.5 2 4 2 5
0 0 0 6 1 1 1 1 0 3 1 2 3 -1 -1 -1 -1 -1 -1 63232 0 15 40 32 29.5 2 4 2 5
0 0 0 7 1 1 1 1 0 3 1 2 3 3 5 4 4 1 1 63566 0 15 40 32 29.5 2 5 2 5
0 0 0 6 1 1 1 1 0 3 1 2 3 -1 -1 -1 -1 -1 -1 63899 0 15 40 32 29.5 2 5 2 5
0 0 0 1 1 6 4 1 0 3 1 2 5 -1 -1 -1 -1 -1 -1 64232 1 15 40 32 29.5 2 5 2 5
0 0 0 1 1 6 1 1 0 3 1 2 5 -1 -1 -1 -1 -1 -1 64566 0 15 40 32 29.5 2 5 2 5
0 0 0 1 1 7 1 1 0 3 1 2 5 5 5 4 4 1 1 64932 0 15 40 32 29.5 2 8 0 5
0 0 0 1 1 6 1 1 0 3 1 2 5 -1 -1 -1 -1 -1 -1 65266 0 15 40 33 30 2 8 0 5
0 0 0 1 6 1 4 1 0 3 1 2 4 -1 -1 -1 -1 -1 -1 65599 1 15 40 33 30 2 8 0 5
0 0 0 6 1 1 1 1 0 3 1 2 3 -1 -1 -1 -1 -1 -1 65932 0 15 40 33 30 2 8 0 5
0 0 0 7 1 1 1 1 0 3 1 2 3 3 5 4 4 1 1 66266 0 15 40 33 30 2 5 2 5
0 0 0 6 1 1 1 1 0 3 1 2 3 -1 -1 -1 -1 -1 -1 66599 0 15 40 33 30 2 5 2 5
0 0 0 6 4 1 1 1 0 3 1 2 3 -1 -1 -1 -1 -1 -1 66932 1 15 40 33 30 2 5 2 5
0 0 0 1 6 1 1 1 0 3 1 2 4 -1 -1 -1 -1 -1 -1 67265 0 15 40 33 30 2 5 2 5
0 0 0 1 7 1 1 1 0 3 1 2 4 4 5 4 4 1 1 67599 0 15 40 33 30 2 5 2 5
0 0 0 1 1 6 1 1 0 3 1 2 5 -1 -1 -1 -1 -1 -1 67899 0 15 40 34 30.5 2 5 2 5
0 0 0 1 4 6 1 1 0 3 1 2 5 -1 -1 -1 -1 -1 -1 68232 1 15 40 34 30.5 2 5 2 5
0 0 0 1 6 1 1 1 0 3 1 2 4 -1 -1 -1 -1 -1 -1 68565 0 15 40 34 30.5 2 5 2 5
0 0 0 7 1 1 1 1 0 3 1 2 3 3 5 4 4 1 1 68899 0 15 40 34 30.5 2 5 2 5
0 0 0 1 6 1 1 1 0 3 1 2 4 -1 -1 -1 -1 -1 -1 69232 0 15 40 34 30.5 2 5 2 5
0 0 0 1 6 1 1 4 0 3 1 2 4 -1 -1 -1 -1 -1 -1 69565 1 15 40 34 30.5 2 5 2 5
0 0 0 6 1 1 1 1 0 3 1 2 3 -1 -1 -1 -1 -1 -1 69865 0 15 40 34 30.5 2 5 2 5
0 0 0 7 1 1 1 1 0 3 1 2 3 3 5 4 4 1 1 70199 0 15 40 34 30.5 2 4 2 5
0 0 0 1 6 1 1 1 0 3 1 2 4 -1 -1 -1 -1 -1 -1 70532 0 15 40 35 31 2 4 2 5
0 0 0 4 6 1 1 1 0 3 1 2 4 -1 -1 -1 -1 -1 -1 70865 1 15 40 35 31 2 4 2 5
0 0 0 1 6 1 1 1 0 3 1 2 4 -1 -1 -1 -1 -1 -1 71165 0 15 40 35 31 2 4 2 5
0 0 0 1 7 1 1 1 0 3 1 2 4 4 5 4 4 1 1 71499 0 15 40 35 31 2 5 2 5
0 0 0 1 6 1 1 1 0 3 1 2 4 -1 -1 -1 -1 -1 -1 71832 0 15 40 35 31 2 5 2 5
0 0 0 6 1 1 4 1 0 3 1 2 3 -1 -1 -1 -1 -1 -1 72132 1 15 40 35 31 2 5 2 5
0 0 0 6 1 1 1 1 0 3 1 2 3 -1 -1 -1 -1 -1 -1 72465 0 15 40 35 31 2 5 2 5
0 0 0 7 1 1 1 1 0 3 1 2 3 3 5 4 4 1 1 72799 0 15 40 35 31 2 4 2 5
0 0 0 1 6 1 1 1 0 3 1 2 4 -1 -1 -1 -1 -1 -1 73099 0 15 40 36 31.5 2 4 2 5
0 0 0 1 6 1 1 4 0 3 1 2 4 -1 -1 -1 -1 -1 -1 73432 1 15 40 36 31.5 2 4 2 5
0 0 0 1 6 1 1 1 0 3 1 2 4 -1 -1 -1 -1 -1 -1 73732 0 15 40 36 31.5 2 4 2 5
0 0 0 1 7 1 1 1 0 3 1 2 4 4 5 4 4 1 1 74065 0 15 40 36 31.5 2 5 2 5
0 0 0 1 6 1 1 1 0 3 1 2 4 -1 -1 -1 -1 -1 -1 74365 0 15 40 36 31.5 2 5 2 5
0 0 0 4 6 1 1 1 0 3 1 2 4 -1 -1 -1 -1 -1 -1 74699 1 15 40 36 31.5 2 5 2 5
0 0 0 1 6 1 1 1 0 3 1 2 4 -1 -1 -1 -1 -1 -1 74999 0 15 40 36 31.5 2 5 2 5
0 0 0 0 1 6 1 0 1 4 1 0 5 -1 -1 -1 -1 -1 -1 83065 0 15 40 18 60 2 8 0 3
0 0 0 0 1 6 1 0 1 4 1 0 5 -1 -1 -1 -1 -1 -1 83232 0 15 40 18 60 2 8 0 3
0 0 0 0 1 6 1 0 1 4 1 0 5 -1 -1 -1 -1 -1 -1 83399 0 15 40 18 60 2 4 2 3
0 0 0 0 1 6 1 0 1 4 1 0 5 -1 -1 -1 -1 -1 -1 83565 0 15 40 18 51.8 2 4 2 3
0 0 0 0 1 6 1 0 1 4 1 0 5 -1 -1 -1 -1 -1 -1 83832 0 15 40 18 29.9333 2 4 2 3
0 0 0 0 1 6 1 0 1 4 1 0 5 -1 -1 -1 -1 -1 -1 84299 0 15 40 18 19 2 4 2 3
0 0 0 0 1 6 1 0 1 4 1 0 5 -1 -1 -1 -1 -1 -1 84832 0 15 40 18 19 2 6 2 3
0 0 0 0 1 6 1 0 1 4 1 0 5 -1 -1 -1 -1 -1 -1 85332 0 15 40 18 19 2 6 2 3
0 0 0 0 1 6 1 0 1 4 1 0 5 -1 -1 -1 -1 -1 -1 85865 0 15 40 18 19 2 6 2 3
0 0 0 0 1 6 1 0 1 4 1 0 5 -1 -1 -1 -1 -1 -1 86399 0 15 40 18 19 2 6 2 3
0 0 0 0 3 6 1 0 1 4 1 0 5 4 1 7 2 0 0 86932 0 15 40 18 19 2 6 2 3
0 0 0 0 1 6 1 0 1 4 1 0 5 -1 -1 -1 -1 -1 -1 87465 0 15 40 18 19 2 6 2 3
0 0 0 0 1 6 1 0 1 4 1 0 5 -1 -1 -1 -1 -1 -1 87965 0 15 40 18 19 2 6 2 3
0 0 0 0 1 6 1 0 1 4 1 0 5 -1 -1 -1 -1 -1 -1 88498 0 15 40 18 19 2 6 2 3
0 0 0 0 3 6 1 0 1 4 1 0 5 4 2 5 0 0 0 89032 0 15 40 18 19 2 4 2 3
0 0 0 0 1 6 1 0 1 4 1 0 5 -1 -1 -1 -1 -1 -1 89565 0 15 40 18 19 2 4 2 3
0 0 0 0 1 6 1 0 1 4 1 0 5 -1 -1 -1 -1 -1 -1 90065 0 15 40 18 19 2 4 2 3
0 0 0 0 1 6 1 0 1 4 1 0 5 -1 -1 -1 -1 -1 -1 90598 0 15 40 18 19 2 4 2 3
0 0 0 0 3 6 1 0 1 4 1 0 5 4 1 7 2 0 0 91132 0 15 40 18 19 2 4 2 3
0 0 0 0 1 6 1 0 1 4 1 0 5 -1 -1 -1 -1 -1 -1 91665 0 15 40 18 19 2 4 2 3
0 0 0 0 1 1 6 0 1 4 1 0 6 -1 -1 -1 -1 -1 -1 92198 0 15 40 18 19 2 4 2 3
0 0 0 0 1 1 6 0 1 4 1 0 6 -1 -1 -1 -1 -1 -1 92698 0 15 40 18 19 2 4 2 3
0 0 0 0 1 1 7 0 1 4 1 0 6 6 1 7 2 1 1 93232 0 15 40 18 19 2 5 2 3
0 0 0 0 1 1 6 0 1 4 1 0 6 -1 -1 -1 -1 -1 -1 93765 0 15 40 18 19 2 5 2 3
0 0 0 0 1 1 6 0 1 4 1 0 6 -1 -1 -1 -1 -1 -1 94298 0 15 40 18 19 2 5 2 3
0 0 0 0 1 1 6 0 1 4 1 0 6 -1 -1 -1 -1 -1 -1 94832 0 15 40 18 19 2 5 2 3
0 0 0 0 3 1 6 0 1 4 1 0 6 4 0 6 1 0 0 95332 0 15 40 18 19 2 5 2 3
0 0 0 0 1 1 6 0 1 4 1 0 6 -1 -1 -1 -1 -1 -1 95865 0 15 40 18 19 2 5 2 3
0 0 0 0 1 1 6 0 1 4 1 0 6 -1 -1 -1 -1 -1 -1 96398 0 15 40 18 19 2 5 2 3
0 0 0 0 1 1 6 0 1 4 1 0 6 -1 -1 -1 -1 -1 -1 96932 0 15 40 18 19 2 5 2 3
0 0 0 0 1 3 6 0 1 4 1 0 6 5 1 7 2 0 0 97465 0 15 40 18 19 2 8 0 3
0 0 0 0 1 1 6 0 1 4 1 0 6 -1 -1 -1 -1 -1 -1 97965 0 15 40 18 19 2 8 0 3
0 0 0 0 1 6 1 0 1 4 1 0 5 -1 -1 -1 -1 -1 -1 98498 0 15 40 18 19 2 8 0 3
0 0 0 0 1 6 1 0 1 4 1 0 5 -1 -1 -1 -1 -1 -1 99032 0 15 40 18 19 2 8 0 3
0 0 0 0 1 7 1 0 1 4 1 0 5 5 1 7 2 1 1 99565 0 15 40 18 19 2 4 2 3
0 0 0 0 1 6 1 0 1 4 1 0 5 -1 -1 -1 -1 -1 -1 100032 0 15 40 19 21 2 4 2 3
0 0 0 0 1 6 1 0 1 4 1 0 5 -1 -1 -1 -1 -1 -1 100498 0 15 40 19 21 2 4 2 3
0 0 0 0 1 6 1 0 1 4 1 0 5 -1 -1 -1 -1 -1 -1 100998 0 15 40 19 21 2 4 2 3
0 0 0 1 3 6 1 1 1 4 1 0 5 4 0 6 1 0 0 101465 0 15 40 19 21 2 6 2 5
0 0 0 1 1 6 1 1 1 4 1 0 5 -1 -1 -1 -1 -1 -1 101932 0 15 40 19 21 2 6 2 5
0 0 0 1 6 1 1 1 1 4 1 0 4 -1 -1 -1 -1 -1 -1 102432 0 15 40 19 21 2 6 2 5
0 0 0 1 6 1 1 1 1 4 1 0 4 -1 -1 -1 -1 -1 -1 102898 0 15 40 19 21 2 6 2 5
0 0 0 1 6 3 1 1 1 4 1 0 4 5 1 7 2 0 0 103365 0 15 40 19 21 2 6 2 5
0 0 0 1 1 6 1 1 1 4 1 1 5 -1 -1 -1 -1 -1 -1 103832 0 15 40 19 21 2 6 2 5
0 0 0 1 1 6 1 1 1 4 1 1 5 -1 -1 -1 -1 -1 -1 104332 0 15 40 19 21 2 6 2 5
0 0 0 1 1 6 1 1 1 4 1 1 5 -1 -1 -1 -1 -1 -1 104798 0 15 40 19 21 2 6 2 5
0 0 0 1 1 6 1 3 1 4 1 1 5 7 0 6 1 0 0 105265 0 15 40 19 21 2 4 2 5
0 0 0 1 1 6 1 1 1 4 1 1 5 -1 -1 -1 -1 -1 -1 105765 0 15 40 19 21 2 4 2 5
0 0 0 1 1 6 1 1 1 4 1 1 5 -1 -1 -1 -1 -1 -1 106232 0 15 40 19 21 2 4 2 5
0 0 0 1 6 1 1 1 1 4 1 1 4 -1 -1 -1 -1 -1 -1 106698 0 15 40 19 21 2 4 2 5
0 0 0 1 6 3 1 1 1 4 1 1 4 5 3 8 3 0 0 107165 0 15 40 19 21 2 4 2 5
0 0 0 1 6 1 1 1 1 4 1 1 4 -1 -1 -1 -1 -1 -1 107665 0 15 40 19 21 2 4 2 5
0 0 0 1 1 6 1 1 1 4 1 1 5 -1 -1 -1 -1 -1 -1 108132 0 15 40 19 21 2 4 2 5
0 0 0 1 1 6 1 1 1 4 1 1 5 -1 -1 -1 -1 -1 -1 108598 0 15 40 19 21 2 4 2 5
0 0 0 1 1 6 1 3 1 4 1 1 5 7 1 7 2 0 0 109098 0 15 40 19 21 2 5 2 5
0 0 0 1 1 6 1 1 1 4 1 1 5 -1 -1 -1 -1 -1 -1 109565 0 15 40 19 21 2 5 2 5
0 0 0 1 1 6 1 1 1 4 1 1 5 -1 -1 -1 -1 -1 -1 110032 0 15 40 19 21 2 5 2 5
0 0 0 1 1 6 1 1 1 4 1 1 5 -1 -1 -1 -1 -1 -1 110498 0 15 40 19 21 2 5 2 5
0 0 0 1 1 6 3 1 1 4 1 1 5 6 2 5 0 0 0 110998 0 15 40 19 21 2 5 2 5
0 0 0 1 1 6 1 1 1 4 1 1 5 -1 -1 -1 -1 -1 -1 111465 0 15 40 19 21 2 5 2 5
0 0 0 1 1 6 1 1 1 4 1 1 5 -1 -1 -1 -1 -1 -1 111931 0 15 40 19 21 2 5 2 5
0 0 0 1 1 6 1 1 1 4 1 1 5 -1 -1 -1 -1 -1 -1 112431 0 15 40 19 21 2 5 2 5
0 0 0 1 3 6 1 1 1 4 1 1 5 4 3 8 3 0 0 112898 0 15 40 19 21 2 8 0 5
0 0 0 1 1 6 1 1 1 4 1 1 5 -1 -1 -1 -1 -1 -1 113365 0 15 40 19 21 2 8 0 5
0 0 0 1 1 6 1 1 1 4 1 1 5 -1 -1 -1 -1 -1 -1 113831 0 15 40 19 21 2 8 0 5
0 0 0 1 1 6 1 1 1 4 1 1 5 -1 -1 -1 -1 -1 -1 114331 0 15 40 19 21 2 8 0 5
0 0 0 3 1 6 1 1 1 4 1 1 5 3 1 7 2 0 0 114798 0 15 40 19 21 2 4 2 5
0 0 0 1 1 6 1 1 1 4 1 1 5 -1 -1 -1 -1 -1 -1 115265 0 15 40 19 21 2 4 2 5
0 0 0 1 1 6 1 1 1 4 1 1 5 -1 -1 -1 -1 -1 -1 115765 0 15 40 19 21 2 4 2 5
0 0 0 1 1 6 1 1 1 4 1 1 5 -1 -1 -1 -1 -1 -1 116231 0 15 40 19 21 2 4 2 5
0 0 0 3 1 6 1 1 1 4 1 1 5 3 3 8 3 0 0 116698 0 15 40 19 21 2 6 2 5
0 0 0 1 1 6 1 1 1 4 1 1 5 -1 -1 -1 -1 -1 -1 117165 0 15 40 19 21 2 6 2 5
0 0 0 1 1 6 1 1 1 4 1 1 5 -1 -1 -1 -1 -1 -1 117665 0 15 40 19 21 2 6 2 5
0 0 0 1 1 6 1 1 1 4 1 1 5 -1 -1 -1 -1 -1 -1 118131 0 15 40 19 21 2 6 2 5
0 0 0 3 1 6 1 1 1 4 1 1 5 3 2 5 0 0 0 118598 0 15 40 19 21 2 6 2 5
0 0 0 1 1 6 1 1 1 4 1 1 5 -1 -1 -1 -1 -1 -1 119098 0 15 40 19 21 2 6 2 5
0 0 0 1 1 6 1 1 1 4 1 1 5 -1 -1 -1 -1 -1 -1 119565 0 15 40 19 21 2 6 2 5
0 0 0 1 1 6 1 1 1 4 1 1 5 -1 -1 -1 -1 -1 -1 120031 0 15 40 19 21 2 6 2 5
0 0 0 1 1 7 1 1 1 4 1 1 5 5 2 5 0 1 1 120498 0 15 40 19 21 2 4 2 5
0 0 0 1 1 6 1 1 1 4 1 2 5 -1 -1 -1 -1 -1 -1 120998 0 15 40 19 21 2 4 2 5
0 0 0 1 1 1 6 1 1 4 1 2 6 -1 -1 -1 -1 -1 -1 121465 0 15 40 19 21 2 4 2 5
0 0 0 1 1 1 1 6 1 4 1 2 7 -1 -1 -1 -1 -1 -1 121931 0 15 40 19 21 2 4 2 5
0 0 0 1 1 1 1 7 1 4 1 2 7 7 2 5 0 1 1 122398 0 15 40 19 21 2 4 2 5
0 0 0 1 1 1 6 1 1 4 1 2 6 -1 -1 -1 -1 -1 -1 122865 0 15 40 20 22 2 4 2 5
0 0 0 1 4 6 1 1 1 4 1 2 5 -1 -1 -1 -1 -1 -1 123331 1 15 40 20 22 2 4 2 5
0 0 0 1 1 6 1 1 1 4 1 2 5 -1 -1 -1 -1 -1 -1 123765 0 15 40 20 22 2 4 2 5
0 0 0 1 1 6 3 1 1 4 1 2 5 6 0 6 1 0 0 124231 0 15 40 20 22 2 5 2 5
0 0 0 1 1 1 6 1 1 4 1 2 6 -1 -1 -1 -1 -1 -1 124698 0 15 40 20 22 2 5 2 5
0 0 0 1 1 4 6 1 1 4 1 2 6 -1 -1 -1 -1 -1 -1 125131 1 15 40 20 22 2 5 2 5
0 0 0 1 1 6 1 1 1 4 1 2 5 -1 -1 -1 -1 -1 -1 125598 0 15 40 20 22 2 5 2 5
0 0 0 1 1 6 3 1 1 4 1 2 5 6 2 5 0 0 0 126065 0 15 40 20 22 2 5 2 5
0 0 0 1 1 6 1 1 1 4 1 2 5 -1 -1 -1 -1 -1 -1 126498 0 15 40 20 22 2 5 2 5
0 0 0 1 1 1 6 4 1 4 1 2 6 -1 -1 -1 -1 -1 -1 126965 1 15 40 20 22 2 5 2 5
0 0 0 1 1 1 1 6 1 4 1 2 7 -1 -1 -1 -1 -1 -1 127431 0 15 40 20 22 2 5 2 5
0 0 0 1 1 1 1 7 1 4 1 2 7 7 2 5 0 1 1 127865 0 15 40 20 22 2 8 0 5
0 0 0 1 1 1 6 1 1 4 1 2 6 -1 -1 -1 -1 -1 -1 128331 0 15 40 20 22 2 8 0 5
0 0 0 1 4 1 6 1 1 4 1 2 6 -1 -1 -1 -1 -1 -1 128765 1 15 40 20 22 2 8 0 5
0 0 0 1 1 6 1 1 1 4 1 2 5 -1 -1 -1 -1 -1 -1 129231 0 15 40 20 22 2 8 0 5
0 0 0 1 1 6 1 3 1 4 1 2 5 7 3 8 3 0 0 129698 0 15 40 20 22 2 4 2 5
0 0 0 1 1 6 1 1 1 4 1 2 5 -1 -1 -1 -1 -1 -1 130132 0 15 40 20 22 2 4 2 5
0 0 0 1 4 6 1 1 1 4 1 2 5 -1 -1 -1 -1 -1 -1 130598 1 15 40 20 22 2 4 2 5
0 0 0 1 1 6 1 1 1 4 1 2 5 -1 -1 -1 -1 -1 -1 131065 0 15 40 20 22 2 4 2 5
0 0 0 1 1 6 1 3 1 4 1 2 5 7 1 7 2 0 0 131499 0 15 40 20 22 2 6 2 5
0 0 0 1 1 6 1 1 1 4 1 2 5 -1 -1 -1 -1 -1 -1 131965 0 15 40 20 22 2 6 2 5
0 0 0 1 1 6 4 1 1 4 1 2 5 -1 -1 -1 -1 -1 -1 132432 1 15 40 20 22 2 6 2 5
0 0 0 1 1 1 6 1 1 4 1 2 6 -1 -1 -1 -1 -1 -1 132866 0 15 40 20 22 2 6 2 5
0 0 0 1 1 3 6 1 1 4 1 2 6 5 0 6 1 0 0 133332 0 15 40 20 22 2 6 2 5
0 0 0 1 1 1 6 1 1 4 1 2 6 -1 -1 -1 -1 -1 -1 133766 0 15 40 20 22 2 6 2 5
0 0 0 4 6 1 1 1 1 4 1 2 4 -1 -1 -1 -1 -1 -1 134233 1 15 40 20 22 2 6 2 5
0 0 0 1 6 1 1 1 1 4 1 2 4 -1 -1 -1 -1 -1 -1 134699 0 15 40 20 22 2 6 2 5
0 0 0 1 7 1 1 1 1 4 1 2 4 4 0 6 1 1 1 135133 0 15 40 20 22 2 4 2 5
0 0 0 1 6 1 1 1 1 4 1 2 4 -1 -1 -1 -1 -1 -1 135566 0 15 40 21 23 2 4 2 5
0 0 0 1 6 1 4 1 1 4 1 2 4 -1 -1 -1 -1 -1 -1 136033 1 15 40 21 23 2 4 2 5
0 0 0 1 1 6 1 1 1 4 1 2 5 -1 -1 -1 -1 -1 -1 136466 0 15 40 21 23 2 4 2 5
0 0 0 3 1 6 1 1 1 4 1 2 5 3 2 5 0 0 0 136900 0 15 40 21 23 2 4 2 5
0 0 0 1 1 6 1 1 1 4 1 2 5 -1 -1 -1 -1 -1 -1 137333 0 15 40 21 23 2 4 2 5
0 0 0 1 6 1 4 1 1 4 1 2 4 -1 -1 -1 -1 -1 -1 137767 1 15 40 21 23 2 4 2 5
0 0 0 1 6 1 1 1 1 4 1 2 4 -1 -1 -1 -1 -1 -1 138200 0 15 40 21 23 2 4 2 5
0 0 0 1 6 3 1 1 1 4 1 2 4 5 0 6 1 0 0 138633 0 15 40 21 23 2 5 2 5
0 0 0 1 6 1 1 1 1 4 1 2 4 -1 -1 -1 -1 -1 -1 139067 0 15 40 21 23 2 5 2 5
0 0 0 1 1 4 6 1 1 4 1 2 6 -1 -1 -1 -1 -1 -1 139500 1 15 40 21 23 2 5 2 5
0 0 0 1 1 1 6 1 1 4 1 2 6 -1 -1 -1 -1 -1 -1 139934 0 15 40 21 23 2 5 2 5
0 0 0 1 1 1 1 7 1 4 1 2 7 7 0 6 1 1 1 140367 0 15 40 21 23 2 5 2 5
0 0 0 1 1 1 6 1 1 4 1 2 6 -1 -1 -1 -1 -1 -1 140801 0 15 40 21 23 2 5 2 5
0 0 0 1 1 1 6 4 1 4 1 2 6 -1 -1 -1 -1 -1 -1 141234 1 15 40 21 23 2 5 2 5
0 0 0 1 1 6 1 1 1 4 1 2 5 -1 -1 -1 -1 -1 -1 141667 0 15 40 21 23 2 5 2 5
0 0 0 1 1 6 1 3 1 4 1 2 5 7 1 7 2 0 0 142101 0 15 40 21 23 2 8 0 5
0 0 0 1 1 6 1 1 1 4 1 2 5 -1 -1 -1 -1 -1 -1 142534 0 15 40 21 23 2 8 0 5
0 0 0 1 1 6 1 4 1 4 1 2 5 -1 -1 -1 -1 -1 -1 142968 1 15 40 21 23 2 8 0 5
0 0 0 1 1 1 6 1 1 4 1 2 6 -1 -1 -1 -1 -1 -1 143401 0 15 40 21 23 2 8 0 5
0 0 0 1 1 3 6 1 1 4 1 2 6 5 3 8 3 0 0 143835 0 15 40 21 23 2 4 2 5
0 0 0 1 1 1 6 1 1 4 1 2 6 -1 -1 -1 -1 -1 -1 144268 0 15 40 21 23 2 4 2 5
0 0 0 4 1 6 1 1 1 4 1 2 5 -1 -1 -1 -1 -1 -1 144701 1 15 40 21 23 2 4 2 5
0 0 0 1 1 6 1 1 1 4 1 2 5 -1 -1 -1 -1 -1 -1 145135 0 15 40 21 23 2 4 2 5
0 0 0 1 1 6 1 3 1 4 1 2 5 7 0 6 1 0 0 145568 0 15 40 21 23 2 6 2 5
0 0 0 1 1 6 1 1 1 4 1 2 5 -1 -1 -1 -1 -1 -1 146002 0 15 40 21 23 2 6 2 5
0 0 0 1 1 6 4 1 1 4 1 2 5 -1 -1 -1 -1 -1 -1 146469 1 15 40 21 23 2 6 2 5
0 0 0 1 1 6 1 1 1 4 1 2 5 -1 -1 -1 -1 -1 -1 146902 0 15 40 21 23 2 6 2 5
0 0 0 1 1 6 3 1 1 4 1 2 5 6 3 8 3 0 0 147335 0 15 40 21 23 2 6 2 5
0 0 0 1 1 6 1 1 1 4 1 2 5 -1 -1 -1 -1 -1 -1 147769 0 15 40 21 23 2 6 2 5
0 0 0 1 1 1 6 4 1 4 1 2 6 -1 -1 -1 -1 -1 -1 148202 1 15 40 21 23 2 6 2 5
0 0 0 1 1 1 1 6 1 4 1 2 7 -1 -1 -1 -1 -1 -1 148636 0 15 40 21 23 2 6 2 5
0 0 0 1 1 1 1 7 1 4 1 2 7 7 3 8 3 1 1 149069 0 15 40 21 23 2 4 2 5
0 0 0 1 1 1 1 6 1 4 1 2 7 -1 -1 -1 -1 -1 -1 149469 0 15 40 22 24 2 4 2 5
0 0 0 1 1 1 4 6 1 4 1 2 7 -1 -1 -1 -1 -1 -1 149903 1 15 40 22 24 2 4 2 5
0 0 0 1 1 1 6 1 1 4 1 2 6 -1 -1 -1 -1 -1 -1 150303 0 15 40 22 24 2 4 2 5
0 0 0 1 1 6 1 3 1 4 1 2 5 7 0 6 1 0 0 150736 0 15 40 22 24 2 4 2 5
0 0 0 1 1 6 1 1 1 4 1 2 5 -1 -1 -1 -1 -1 -1 151136 0 15 40 22 24 2 4 2 5
0 0 0 4 1 1 6 1 1 4 1 2 6 -1 -1 -1 -1 -1 -1 151570 1 15 40 22 24 2 4 2 5
0 0 0 1 1 1 1 6 1 4 1 2 7 -1 -1 -1 -1 -1 -1 151970 0 15 40 22 24 2 4 2 5
0 0 0 1 1 1 1 7 1 4 1 2 7 7 0 6 1 1 1 152403 0 15 40 22 24 2 5 2 5
0 0 0 1 1 1 1 6 1 4 1 2 7 -1 -1 -1 -1 -1 -1 152803 0 15 40 22 24 2 5 2 5
0 0 0 1 1 4 1 6 1 4 1 2 7 -1 -1 -1 -1 -1 -1 153237 1 15 40 22 24 2 5 2 5
0 0 0 1 1 6 1 1 1 4 1 2 5 -1 -1 -1 -1 -1 -1 153637 0 15 40 22 24 2 5 2 5
0 0 0 1 1 6 3 1 1 4 1 2 5 6 1 7 2 0 0 154070 0 15 40 22 24 2 5 2 5
0 0 0 1 1 6 1 1 1 4 1 2 5 -1 -1 -1 -1 -1 -1 154470 0 15 40 22 24 2 5 2 5
0 0 0 1 4 6 1 1 1 4 1 2 5 -1 -1 -1 -1 -1 -1 154904 1 15 40 22 24 2 5 2 5
0 0 0 1 1 6 1 1 1 4 1 2 5 -1 -1 -1 -1 -1 -1 155304 0 15 40 22 24 2 5 2 5
0 0 0 1 3 6 1 1 1 4 1 2 5 4 2 5 0 0 0 155737 0 15 40 22 24 2 8 0 5
0 0 0 1 1 6 1 1 1 4 1 2 5 -1 -1 -1 -1 -1 -1 156137 0 15 40 22 24 2 8 0 5
0 0 0 0 1 6 1 0 2 0 2 0 5 -1 -1 -1 -1 -1 -1 163339 0 15 23 23 60 2 8 0 3
0 0 0 0 1 6 1 0 2 0 2 0 5 -1 -1 -1 -1 -1 -1 163505 0 15 23 23 60 2 8 0 3
0 0 0 0 1 6 1 0 2 0 2 0 5 -1 -1 -1 -1 -1 -1 163672 0 15 23 23 60 2 4 2 3
0 0 0 0 1 6 1 0 2 0 2 0 5 -1 -1 -1 -1 -1 -1 163839 0 15 23 23 53 2 4 2 3
0 0 0 0 1 6 1 0 2 0 2 0 5 -1 -1 -1 -1 -1 -1 164072 0 15 23 23 36.6666 2 4 2 3
0 0 0 0 1 6 1 0 2 0 2 0 5 -1 -1 -1 -1 -1 -1 164439 0 15 23 23 25 2 4 2 3
0 0 0 0 1 6 1 0 2 0 2 0 5 -1 -1 -1 -1 -1 -1 164839 0 15 23 23 25 2 4 2 3
0 0 0 0 1 6 1 0 2 0 2 0 5 -1 -1 -1 -1 -1 -1 165239 0 15 23 23 25 2 4 2 3
0 0 0 0 1 6 1 0 2 0 2 0 5 -1 -1 -1 -1 -1 -1 165639 0 15 23 23 25 2 4 2 3
0 0 0 0 1 6 1 0 2 0 2 0 5 -1 -1 -1 -1 -1 -1 166039 0 15 23 23 25 2 4 2 3
0 0 0 0 3 6 1 0 2 0 2 0 5 4 0 4 1 0 0 166439 0 15 23 23 25 2 6 2 3
0 0 0 0 1 6 1 0 2 0 2 0 5 -1 -1 -1 -1 -1 -1 166840 0 15 23 23 25 2 6 2 3
0 0 0 0 1 6 1 0 2 0 2 0 5 -1 -1 -1 -1 -1 -1 167240 0 15 23 23 25 2 6 2 3
0 0 0 0 1 6 1 0 2 0 2 0 5 -1 -1 -1 -1 -1 -1 167640 0 15 23 23 25 2 6 2 3
0 0 0 0 1 6 3 0 2 0 2 0 5 6 1 4 2 0 0 168040 0 15 23 23 25 2 5 2 3
0 0 0 0 1 6 1 0 2 0 2 0 5 -1 -1 -1 -1 -1 -1 168440 0 15 23 23 25 2 5 2 3
0 0 0 0 1 6 1 0 2 0 2 0 5 -1 -1 -1 -1 -1 -1 168840 0 15 23 23 25 2 5 2 3
0 0 0 0 1 1 6 0 2 0 2 0 6 -1 -1 -1 -1 -1 -1 169240 0 15 23 23 25 2 5 2 3
0 0 0 0 1 3 6 0 2 0 2 0 6 5 3 4 3 0 0 169640 0 15 23 23 25 2 6 2 3
0 0 0 0 1 1 6 0 2 0 2 0 6 -1 -1 -1 -1 -1 -1 170040 0 15 23 23 25 2 6 2 3
0 0 0 0 1 6 1 0 2 0 2 0 5 -1 -1 -1 -1 -1 -1 170440 0 15 23 23 25 2 6 2 3
0 0 0 0 1 6 1 0 2 0 2 0 5 -1 -1 -1 -1 -1 -1 170840 0 15 23 23 25 2 6 2 3
0 0 0 0 1 6 3 0 2 0 2 0 5 6 0 4 1 0 0 171240 0 15 23 23 25 2 6 2 3
0 0 0 0 1 6 1 0 2 0 2 0 5 -1 -1 -1 -1 -1 -1 171641 0 15 23 23 25 2 6 2 3
0 0 0 0 1 6 1 0 2 0 2 0 5 -1 -1 -1 -1 -1 -1 172041 0 15 23 23 25 2 6 2 3
0 0 0 0 1 1 6 0 2 0 2 0 6 -1 -1 -1 -1 -1 -1 172441 0 15 23 23 25 2 6 2 3
0 0 0 0 1 3 6 0 2 0 2 0 6 5 2 4 0 0 0 172841 0 15 23 23 25 2 6 2 3
0 0 0 0 1 1 6 0 2 0 2 0 6 -1 -1 -1 -1 -1 -1 173241 0 15 23 23 25 2 6 2 3
0 0 0 0 1 6 1 0 2 0 2 0 5 -1 -1 -1 -1 -1 -1 173641 0 15 23 23 25 2 6 2 3
0 0 0 0 6 1 1 0 2 0 2 0 4 -1 -1 -1 -1 -1 -1 174041 0 15 23 23 25 2 6 2 3
0 0 0 0 7 1 1 0 2 0 2 0 4 4 0 4 1 1 1 174441 0 15 23 23 25 2 8 0 3
0 0 0 0 6 1 1 0 2 0 2 0 4 -1 -1 -1 -1 -1 -1 174841 0 15 23 23 25 2 8 0 3
0 0 0 0 1 6 1 0 2 0 2 0 5 -1 -1 -1 -1 -1 -1 175241 0 15 23 23 25 2 8 0 3
0 0 0 0 6 1 1 0 2 0 2 0 4 -1 -1 -1 -1 -1 -1 175641 0 15 23 23 25 2 8 0 3
0 0 0 0 6 3 1 0 2 0 2 0 4 5 3 4 3 0 0 176041 0 15 23 23 25 2 4 2 3
0 0 0 0 6 1 1 0 2 0 2 0 4 -1 -1 -1 -1 -1 -1 176442 0 15 23 23 25 2 4 2 3
0 0 0 0 1 6 1 0 2 0 2 0 5 -1 -1 -1 -1 -1 -1 176842 0 15 23 23 25 2 4 2 3
0 0 0 0 1 6 1 0 2 0 2 0 5 -1 -1 -1 -1 -1 -1 177242 0 15 23 23 25 2 4 2 3
0 0 0 0 3 6 1 0 2 0 2 0 5 4 2 4 0 0 0 177642 0 15 23 23 25 2 4 2 3
0 0 0 0 1 6 1 0 2 0 2 0 5 -1 -1 -1 -1 -1 -1 178042 0 15 23 23 25 2 4 2 3
0 0 0 0 6 1 1 0 2 0 2 0 4 -1 -1 -1 -1 -1 -1 178442 0 15 23 23 25 2 4 2 3
0 0 0 0 6 1 1 0 2 0 2 0 4 -1 -1 -1 -1 -1 -1 178842 0 15 23 23 25 2 4 2 3
0 0 0 0 7 1 1 0 2 0 2 0 4 4 3 4 3 1 1 179242 0 15 23 23 25 2 6 2 3
0 0 0 0 6 1 1 0 2 0 2 0 4 -1 -1 -1 -1 -1 -1 179642 0 15 23 23 25 2 6 2 3
0 0 0 0 6 1 1 0 2 0 2 0 4 -1 -1 -1 -1 -1 -1 180042 0 15 23 23 25 2 6 2 3
0 0 0 0 6 1 1 0 2 0 2 0 4 -1 -1 -1 -1 -1 -1 180442 0 15 23 23 25 2 6 2 3
0 0 0 0 7 1 1 0 2 0 2 0 4 4 2 4 0 1 1 180843 0 15 23 23 25 2 5 2 3
0 0 0 0 6 1 1 0 2 0 2 0 4 -1 -1 -1 -1 -1 -1 181243 0 15 23 23 25 2 5 2 3
0 0 0 0 6 1 1 0 2 0 2 0 4 -1 -1 -1 -1 -1 -1 181643 0 15 23 23 25 2 5 2 3
0 0 0 0 6 1 1 0 2 0 2 0 4 -1 -1 -1 -1 -1 -1 182043 0 15 23 23 25 2 5 2 3
0 0 0 0 6 1 3 0 2 0 2 0 4 6 1 4 2 0 0 182443 0 15 23 23 25 2 6 2 3
0 0 0 0 6 1 1 0 2 0 2 0 4 -1 -1 -1 -1 -1 -1 182843 0 15 23 23 25 2 6 2 3
0 0 0 0 1 6 1 0 2 0 2 0 5 -1 -1 -1 -1 -1 -1 183243 0 15 23 23 25 2 6 2 3
0 0 0 0 1 6 1 0 2 0 2 0 5 -1 -1 -1 -1 -1 -1 183643 0 15 23 23 25 2 6 2 3
0 0 0 0 1 6 3 0 2 0 2 0 5 6 0 4 1 0 0 184043 0 15 23 23 25 2 6 2 3
0 0 0 0 1 6 1 0 2 0 2 0 5 -1 -1 -1 -1 -1 -1 184443 0 15 23 23 25 2 6 2 3
0 0 0 0 1 6 1 0 2 0 2 0 5 -1 -1 -1 -1 -1 -1 184843 0 15 23 23 25 2 6 2 3
0 0 0 0 1 6 1 0 2 0 2 0 5 -1 -1 -1 -1 -1 -1 185243 0 15 23 23 25 2 6 2 3
0 0 0 0 3 6 1 0 2 0 2 0 5 4 3 4 3 0 0 185644 0 15 23 23 25 2 6 2 3
0 0 0 0 1 6 1 0 2 0 2 0 5 -1 -1 -1 -1 -1 -1 186044 0 15 23 23 25 2 6 2 3
0 0 0 0 1 6 1 0 2 0 2 0 5 -1 -1 -1 -1 -1 -1 186444 0 15 23 23 25 2 6 2 3
0 0 0 0 1 6 1 0 2 0 2 0 5 -1 -1 -1 -1 -1 -1 186844 0 15 23 23 25 2 6 2 3
0 0 0 0 3 6 1 0 2 0 2 0 5 4 1 4 2 0 0 187244 0 15 23 23 25 2 8 0 3
0 0 0 0 1 6 1 0 2 0 2 0 5 -1 -1 -1 -1 -1 -1 187644 0 15 23 23 25 2 8 0 3
0 0 0 0 1 6 1 0 2 0 2 0 5 -1 -1 -1 -1 -1 -1 188044 0 15 23 23 25 2 8 0 3
0 0 0 0 1 6 1 0 2 0 2 0 5 -1 -1 -1 -1 -1 -1 188444 0 15 23 23 25 2 8 0 3
0 0 0 0 3 6 1 0 2 0 2 0 5 4 0 4 1 0 0 188844 0 15 23 23 25 2 4 2 3
0 0 0 0 1 6 1 0 2 0 2 0 5 -1 -1 -1 -1 -1 -1 189244 0 15 23 23 25 2 4 2 3
0 0 0 0 1 6 1 0 2 0 2 0 5 -1 -1 -1 -1 -1 -1 189644 0 15 23 23 25 2 4 2 3
0 0 0 0 1 6 1 0 2 0 2 0 5 -1 -1 -1 -1 -1 -1 190044 0 15 23 23 25 2 4 2 3
0 0 0 0 1 6 3 0 2 0 2 0 5 6 2 4 0 0 0 190445 0 15 23 23 25 2 4 2 3
0 0 0 0 1 6 1 0 2 0 2 0 5 -1 -1 -1 -1 -1 -1 190845 0 15 23 23 25 2 4 2 3
0 0 0 0 1 6 1 0 2 0 2 0 5 -1 -1 -1 -1 -1 -1 191245 0 15 23 23 25 2 4 2 3
0 0 0 0 6 1 1 0 2 0 2 0 4 -1 -1 -1 -1 -1 -1 191645 0 15 23 23 25 2 4 2 3
0 0 0 0 6 3 1 0 2 0 2 0 4 5 3 4 3 0 0 192045 0 15 23 23 25 2 6 2 3
0 0 0 0 6 1 1 0 2 0 2 0 4 -1 -1 -1 -1 -1 -1 192445 0 15 23 23 25 2 6 2 3
0 0 0 0 6 1 1 0 2 0 2 0 4 -1 -1 -1 -1 -1 -1 192845 0 15 23 23 25 2 6 2 3
0 0 0 0 6 1 1 0 2 0 2 0 4 -1 -1 -1 -1 -1 -1 193245 0 15 23 23 25 2 6 2 3
0 0 0 0 7 1 1 0 2 0 2 0 4 4 2 4 0 1 1 193612 0 15 23 23 25 2 5 2 3
0 0 0 0 6 1 1 0 2 0 2 0 4 -1 -1 -1 -1 -1 -1 194045 0 15 23 23 25 2 5 2 3
0 0 0 0 6 1 1 0 2 0 2 0 4 -1 -1 -1 -1 -1 -1 194445 0 15 23 23 25 2 5 2 3
0 0 0 0 1 6 1 0 2 0 2 0 5 -1 -1 -1 -1 -1 -1 194846 0 15 23 23 25 2 5 2 3
0 0 0 0 1 7 1 0 2 0 2 0 5 5 3 4 3 1 1 195212 0 15 23 23 25 2 6 2 3
0 0 0 1 1 6 1 1 3 1 2 2 5 -1 -1 -1 -1 -1 -1 204281 0 15 23 23 60 2 8 0 5
0 0 0 1 1 6 1 1 3 1 2 2 5 -1 -1 -1 -1 -1 -1 204448 0 15 23 23 60 2 8 0 5
0 0 0 1 1 6 1 1 3 1 2 2 5 -1 -1 -1 -1 -1 -1 204614 0 15 23 23 60 2 4 2 5
0 0 0 1 1 6 1 1 3 1 2 2 5 -1 -1 -1 -1 -1 -1 204781 0 15 23 23 53 2 4 2 5
0 0 0 1 1 6 1 1 3 1 2 2 5 -1 -1 -1 -1 -1 -1 205014 0 15 23 23 36.6666 2 4 2 5
0 0 0 1 1 6 1 1 3 1 2 2 5 -1 -1 -1 -1 -1 -1 205381 0 15 23 23 25 2 4 2 5
0 0 0 1 1 6 1 1 3 1 2 2 5 -1 -1 -1 -1 -1 -1 205781 0 15 23 23 25 2 4 2 5
0 0 0 1 1 6 1 1 3 1 2 2 5 -1 -1 -1 -1 -1 -1 206181 0 15 23 23 25 2 4 2 5
0 0 0 1 1 6 1 1 3 1 2 2 5 -1 -1 -1 -1 -1 -1 206581 0 15 23 23 25 2 4 2 5
0 0 0 1 6 1 1 1 3 1 2 2 4 -1 -1 -1 -1 -1 -1 206981 0 15 23 23 25 2 4 2 5
0 0 0 1 6 3 1 1 3 1 2 2 4 5 4 6 1 0 0 207382 0 15 23 23 25 2 6 2 5
0 0 0 1 1 6 1 1 3 1 2 2 5 -1 -1 -1 -1 -1 -1 207782 0 15 23 23 25 2 6 2 5
0 0 0 1 4 6 1 1 3 1 2 2 5 -1 -1 -1 -1 -1 -1 208182 1 15 23 23 25 2 6 2 5
0 0 0 1 1 6 1 1 3 1 2 2 5 -1 -1 -1 -1 -1 -1 208582 0 15 23 23 25 2 6 2 5
0 0 0 3 1 6 1 1 3 1 2 2 5 3 4 8 3 0 0 208982 0 15 23 23 25 2 5 2 5
0 0 0 1 6 1 1 1 3 1 2 2 4 -1 -1 -1 -1 -1 -1 209382 0 15 23 23 25 2 5 2 5
0 0 0 1 6 4 1 1 3 1 2 2 4 -1 -1 -1 -1 -1 -1 209782 1 15 23 23 25 2 5 2 5
0 0 0 1 6 1 1 1 3 1 2 2 4 -1 -1 -1 -1 -1 -1 210182 0 15 23 23 25 2 5 2 5
0 0 0 3 6 1 1 1 3 1 2 2 4 3 4 7 2 0 0 210582 0 15 23 23 25 2 4 2 5
0 0 0 1 6 1 1 1 3 1 2 2 4 -1 -1 -1 -1 -1 -1 210982 0 15 23 23 25 2 4 2 5
0 0 0 1 6 1 4 1 3 1 2 2 4 -1 -1 -1 -1 -1 -1 211382 1 15 23 23 25 2 4 2 5
0 0 0 6 1 1 1 1 3 1 2 2 3 -1 -1 -1 -1 -1 -1 211782 0 15 23 23 25 2 4 2 5
0 0 0 7 1 1 1 1 3 1 2 2 3 3 4 8 3 1 1 212183 0 15 23 23 25 2 6 2 5
0 0 0 6 1 1 1 1 3 1 2 2 3 -1 -1 -1 -1 -1 -1 212583 0 15 23 23 25 2 6 2 5
0 0 0 1 6 1 1 4 3 1 2 2 4 -1 -1 -1 -1 -1 -1 212983 1 15 23 23 25 2 6 2 5
0 0 0 1 6 1 1 1 3 1 2 2 4 -1 -1 -1 -1 -1 -1 213383 0 15 23 23 25 2 6 2 5
0 0 0 3 6 1 1 1 3 1 2 2 4 3 4 5 0 0 0 213783 0 15 23 23 25 2 4 2 5
0 0 0 1 6 1 1 1 3 1 2 2 4 -1 -1 -1 -1 -1 -1 214183 0 15 23 23 25 2 4 2 5
0 0 0 1 6 1 4 1 3 1 2 2 4 -1 -1 -1 -1 -1 -1 214583 1 15 23 23 25 2 4 2 5
0 0 0 1 6 1 1 1 3 1 2 2 4 -1 -1 -1 -1 -1 -1 214983 0 15 23 23 25 2 4 2 5
0 0 0 3 6 1 1 1 3 1 2 2 4 3 4 7 2 0 0 215383 0 15 23 23 25 2 8 0 5
0 0 0 1 6 1 1 1 3 1 2 2 4 -1 -1 -1 -1 -1 -1 215783 0 15 23 23 25 2 8 0 5
0 0 0 1 6 1 4 1 3 1 2 2 4 -1 -1 -1 -1 -1 -1 216183 1 15 23 23 25 2 8 0 5
0 0 0 1 6 1 1 1 3 1 2 2 4 -1 -1 -1 -1 -1 -1 216583 0 15 23 23 25 2 8 0 5
0 0 0 1 6 3 1 1 3 1 2 2 4 5 4 6 1 0 0 216984 0 15 23 23 25 2 4 2 5
0 0 0 1 6 1 1 1 3 1 2 2 4 -1 -1 -1 -1 -1 -1 217384 0 15 23 23 25 2 4 2 5
0 0 0 1 1 6 1 4 3 1 2 2 5 -1 -1 -1 -1 -1 -1 217784 1 15 23 23 25 2 4 2 5
0 0 0 1 1 6 1 1 3 1 2 2 5 -1 -1 -1 -1 -1 -1 218184 0 15 23 23 25 2 4 2 5
0 0 0 1 3 6 1 1 3 1 2 2 5 4 4 5 0 0 0 218584 0 15 23 23 25 2 4 2 5
0 0 0 1 1 6 1 1 3 1 2 2 5 -1 -1 -1 -1 -1 -1 218984 0 15 23 23 25 2 4 2 5
0 0 0 4 1 6 1 1 3 1 2 2 5 -1 -1 -1 -1 -1 -1 219384 1 15 23 23 25 2 4 2 5
0 0 0 6 1 1 1 1 3 1 2 2 3 -1 -1 -1 -1 -1 -1 219784 0 15 23 23 25 2 4 2 5
0 0 0 7 1 1 1 1 3 1 2 2 3 3 4 6 1 1 1 220184 0 15 23 23 25 2 6 2 5
0 0 0 6 1 1 1 1 3 1 2 2 3 -1 -1 -1 -1 -1 -1 220584 0 15 23 23 25 2 6 2 5
0 0 0 6 1 4 1 1 3 1 2 2 3 -1 -1 -1 -1 -1 -1 220984 1 15 23 23 25 2 6 2 5
0 0 0 1 6 1 1 1 3 1 2 2 4 -1 -1 -1 -1 -1 -1 221385 0 15 23 23 25 2 6 2 5
0 0 0 1 6 3 1 1 3 1 2 2 4 5 4 8 3 0 0 221785 0 15 23 23 25 2 5 2 5
0 0 0 1 6 1 1 1 3 1 2 2 4 -1 -1 -1 -1 -1 -1 222185 0 15 23 23 25 2 5 2 5
0 0 0 1 1 6 4 1 3 1 2 2 5 -1 -1 -1 -1 -1 -1 222585 1 15 23 23 25 2 5 2 5
0 0 0 1 1 6 1 1 3 1 2 2 5 -1 -1 -1 -1 -1 -1 222985 0 15 23 23 25 2 5 2 5
0 0 0 1 1 6 1 3 3 1 2 2 5 7 4 5 0 0 0 223385 0 15 23 23 25 2 4 2 5
0 0 0 1 1 6 1 1 3 1 2 2 5 -1 -1 -1 -1 -1 -1 223785 0 15 23 23 25 2 4 2 5
0 0 0 1 1 1 6 4 3 1 2 2 6 -1 -1 -1 -1 -1 -1 224185 1 15 23 23 25 2 4 2 5
0 0 0 1 1 1 1 6 3 1 2 2 7 -1 -1 -1 -1 -1 -1 224585 0 15 23 23 25 2 4 2 5
0 0 0 1 1 1 1 7 3 1 2 2 7 7 4 8 3 1 1 224985 0 15 23 23 25 2 6 2 5
0 0 0 1 1 1 1 6 3 1 2 2 7 -1 -1 -1 -1 -1 -1 225385 0 15 23 23 25 2 6 2 5
0 0 0 4 1 1 6 1 3 1 2 2 6 -1 -1 -1 -1 -1 -1 225785 1 15 23 23 25 2 6 2 5
0 0 0 1 1 6 1 1 3 1 2 2 5 -1 -1 -1 -1 -1 -1 226186 0 15 23 23 25 2 6 2 5
0 0 0 1 1 7 1 1 3 1 2 2 5 5 4 5 0 1 1 226586 0 15 23 23 25 2 4 2 5
0 0 0 1 1 6 1 1 3 1 2 2 5 -1 -1 -1 -1 -1 -1 226986 0 15 23 23 25 2 4 2 5
0 0 0 1 6 1 1 4 3 1 2 2 4 -1 -1 -1 -1 -1 -1 227386 1 15 23 23 25 2 4 2 5
0 0 0 1 6 1 1 1 3 1 2 2 4 -1 -1 -1 -1 -1 -1 227786 0 15 23 23 25 2 4 2 5
0 0 0 3 1 6 1 1 3 1 2 2 5 3 4 7 2 0 0 228186 0 15 23 23 25 2 8 0 5
0 0 0 1 1 6 1 1 3 1 2 2 5 -1 -1 -1 -1 -1 -1 228586 0 15 23 23 25 2 8 0 5
0 0 0 1 6 1 1 4 3 1 2 2 4 -1 -1 -1 -1 -1 -1 228986 1 15 23 23 25 2 8 0 5
0 0 0 1 6 1 1 1 3 1 2 2 4 -1 -1 -1 -1 -1 -1 229386 0 15 23 23 25 2 8 0 5
0 0 0 1 7 1 1 1 3 1 2 2 4 4 4 5 0 1 1 229786 0 15 23 23 25 2 4 2 5
0 0 0 1 6 1 1 1 3 1 2 2 4 -1 -1 -1 -1 -1 -1 230186 0 15 23 23 25 2 4 2 5
0 0 0 1 6 4 1 1 3 1 2 2 4 -1 -1 -1 -1 -1 -1 230586 1 15 23 23 25 2 4 2 5
0 0 0 1 1 6 1 1 3 1 2 2 5 -1 -1 -1 -1 -1 -1 230987 0 15 23 23 25 2 4 2 5
0 0 0 1 1 7 1 1 3 1 2 2 5 5 4 7 2 1 1 231387 0 15 23 23 25 2 4 2 5
0 0 0 1 1 6 1 1 3 1 2 2 5 -1 -1 -1 -1 -1 -1 231787 0 15 23 23 25 2 4 2 5
0 0 0 1 1 6 1 4 3 1 2 2 5 -1 -1 -1 -1 -1 -1 232187 1 15 23 23 25 2 4 2 5
0 0 0 1 1 6 1 1 3 1 2 2 5 -1 -1 -1 -1 -1 -1 232587 0 15 23 23 25 2 4 2 5
0 0 0 1 3 6 1 1 3 1 2 2 5 4 4 8 3 0 0 232987 0 15 23 23 25 2 6 2 5
0 0 0 1 1 6 1 1 3 1 2 2 5 -1 -1 -1 -1 -1 -1 233387 0 15 23 23 25 2 6 2 5
0 0 0 1 1 6 4 1 3 1 2 2 5 -1 -1 -1 -1 -1 -1 233787 1 15 23 23 25 2 6 2 5
0 0 0 1 1 6 1 1 3 1 2 2 5 -1 -1 -1 -1 -1 -1 234187 0 15 23 23 25 2 6 2 5
0 0 0 1 1 7 1 1 3 1 2 2 5 5 4 7 2 1 1 234554 0 15 23 23 25 2 5 2 5
0 0 0 1 1 6 1 1 3 1 2 2 5 -1 -1 -1 -1 -1 -1 234987 0 15 23 23 25 2 5 2 5
0 0 0 1 1 6 1 4 3 1 2 2 5 -1 -1 -1 -1 -1 -1 235387 1 15 23 23 25 2 5 2 5
0 0 0 1 1 6 1 1 3 1 2 2 5 -1 -1 -1 -1 -1 -1 235788 0 15 23 23 25 2 5 2 5
0 0 0 3 1 6 1 1 3 1 2 2 5 3 4 5 0 0 0 236154 0 15 23 23 25 2 4 2 5
0 0 0 1 1 6 1 1 3 1 2 2 5 -1 -1 -1 -1 -1 -1 236554 0 15 23 23 25 2 4 2 5
0 0 0 4 1 6 1 1 3 1 2 2 5 -1 -1 -1 -1 -1 -1 236954 1 15 23 23 25 2 4 2 5
0 0 0 1 1 6 1 1 3 1 2 2 5 -1 -1 -1 -1 -1 -1 237355 0 15 23 23 25 2 4 2 5
0 0 0 3 1 6 1 1 3 1 2 2 5 3 4 6 1 0 0 237755 0 15 23 23 25 2 6 2 5
0 0 0 1 1 6 1 1 3 1 2 2 5 -1 -1 -1 -1 -1 -1 238155 0 15 23 23 25 2 6 2 5
0 0 0 1 4 6 1 1 3 1 2 2 5 -1 -1 -1 -1 -1 -1 238555 1 15 23 23 25 2 6 2 5
0 0 0 1 1 6 1 1 3 1 2 2 5 -1 -1 -1 -1 -1 -1 238955 0 15 23 23 25 2 6 2 5
0 0 0 1 3 6 1 1 3 1 2 2 5 4 4 8 3 0 0 239355 0 15 23 23 25 2 4 2 5
0 0 0 1 1 6 1 1 3 1 2 2 5 -1 -1 -1 -1 -1 -1 239755 0 15 23 23 25 2 4 2 5
0 0 0 1 1 6 1 4 3 1 2 2 5 -1 -1 -1 -1 -1 -1 240155 1 15 23 23 25 2 4 2 5
0 0 0 1 1 6 1 1 3 1 2 2 5 -1 -1 -1 -1 -1 -1 240555 0 15 23 23 25 2 4 2 5
0 0 0 3 1 6 1 1 3 1 2 2 5 3 4 5 0 0 0 240955 0 15 23 23 25 2 8 0 5
0 0 0 1 1 6 1 1 3 1 2 2 5 -1 -1 -1 -1 -1 -1 241355 0 15 23 23 25 2 8 0 5
0 0 0 1 4 6 1 1 3 1 2 2 5 -1 -1 -1 -1 -1 -1 241756 1 15 23 23 25 2 8 0 5
0 0 0 1 6 1 1 1 3 1 2 2 4 -1 -1 -1 -1 -1 -1 242156 0 15 23 23 25 2 8 0 5
0 0 0 1 7 1 1 1 3 1 2 2 4 4 4 8 3 1 1 242556 0 15 23 23 25 2 4 2 5
0 0 0 1 1 6 1 1 4 2 3 2 5 -1 -1 -1 -1 -1 -1 252091 0 15 23 23 60 2 8 0 5
0 0 0 1 1 6 1 1 4 2 3 2 5 -1 -1 -1 -1 -1 -1 252258 0 15 23 23 60 2 8 0 5
0 0 0 1 1 6 1 1 4 2 3 2 5 -1 -1 -1 -1 -1 -1 252424 0 15 23 23 60 2 4 2 5
0 0 0 1 1 6 1 1 4 2 3 2 5 -1 -1 -1 -1 -1 -1 252591 0 15 23 23 53 2 4 2 5
0 0 0 1 1 6 1 1 4 2 3 2 5 -1 -1 -1 -1 -1 -1 252825 0 15 23 23 36.6666 2 4 2 5
0 0 0 1 1 6 1 1 4 2 3 2 5 -1 -1 -1 -1 -1 -1 253191 0 15 23 23 25 2 4 2 5
0 0 0 1 1 6 1 1 4 2 3 2 5 -1 -1 -1 -1 -1 -1 253591 0 15 23 23 25 2 4 2 5
0 0 0 1 1 6 1 1 4 2 3 2 5 -1 -1 -1 -1 -1 -1 253991 0 15 23 23 25 2 4 2 5
0 0 0 1 1 6 1 1 4 2 3 2 5 -1 -1 -1 -1 -1 -1 254392 0 15 23 23 25 2 4 2 5
0 0 0 1 1 6 1 1 4 2 3 2 5 -1 -1 -1 -1 -1 -1 254792 0 15 23 23 25 2 4 2 5
0 0 0 1 1 6 1 3 4 2 3 2 5 7 5 4 0 0 0 255192 0 15 23 23 25 2 5 2 5
0 0 0 1 1 6 1 1 4 2 3 2 5 -1 -1 -1 -1 -1 -1 255592 0 15 23 23 25 2 5 2 5
0 0 0 1 1 6 1 4 4 2 3 2 5 -1 -1 -1 -1 -1 -1 255992 1 15 23 23 25 2 5 2 5
0 0 0 1 1 6 1 1 4 2 3 2 5 -1 -1 -1 -1 -1 -1 256392 0 15 23 23 25 2 5 2 5
0 0 0 1 1 6 3 1 4 2 3 2 5 6 5 4 2 0 0 256792 0 15 23 23 25 2 4 2 5
0 0 0 1 1 6 1 1 4 2 3 2 5 -1 -1 -1 -1 -1 -1 257192 0 15 23 23 25 2 4 2 5
0 0 0 1 4 6 1 1 4 2 3 2 5 -1 -1 -1 -1 -1 -1 257592 1 15 23 23 25 2 4 2 5
0 0 0 1 1 6 1 1 4 2 3 2 5 -1 -1 -1 -1 -1 -1 257991 0 15 23 23 25 2 4 2 5
0 0 0 1 1 6 3 1 4 2 3 2 5 6 5 4 1 0 0 258391 0 15 23 23 25 2 4 2 5
0 0 0 1 1 6 1 1 4 2 3 2 5 -1 -1 -1 -1 -1 -1 258791 0 15 23 23 25 2 4 2 5
0 0 0 4 1 6 1 1 4 2 3 2 5 -1 -1 -1 -1 -1 -1 259191 1 15 23 23 25 2 4 2 5
0 0 0 1 6 1 1 1 4 2 3 2 4 -1 -1 -1 -1 -1 -1 259591 0 15 23 23 25 2 4 2 5
0 0 0 1 6 3 1 1 4 2 3 2 4 5 5 4 3 0 0 259991 0 15 23 23 25 2 4 2 5
0 0 0 1 6 1 1 1 4 2 3 2 4 -1 -1 -1 -1 -1 -1 260391 0 15 23 23 25 2 4 2 5
0 0 0 1 6 4 1 1 4 2 3 2 4 -1 -1 -1 -1 -1 -1 260791 1 15 23 23 25 2 4 2 5
0 0 0 1 6 1 1 1 4 2 3 2 4 -1 -1 -1 -1 -1 -1 261191 0 15 23 23 25 2 4 2 5
0 0 0 1 8 1 2 1 4 2 3 2 4 6 5 4 2 1 0 261591 0 15 23 23 25 2 5 2 5
0 0 0 1 6 1 1 1 4 2 3 2 4 -1 -1 -1 -1 -1 -1 261990 0 15 23 22 24 2 5 2 5
0 0 0 1 6 1 4 1 4 2 3 2 4 -1 -1 -1 -1 -1 -1 262424 1 15 23 22 24 2 5 2 5
0 0 0 1 1 6 1 1 4 2 3 2 5 -1 -1 -1 -1 -1 -1 262824 0 15 23 22 24 2 5 2 5
0 0 0 1 1 6 3 1 4 2 3 2 5 6 5 4 0 0 0 263223 0 15 23 22 24 2 8 0 5
0 0 0 1 1 6 1 1 4 2 3 2 5 -1 -1 -1 -1 -1 -1 263657 0 15 23 22 24 2 8 0 5
0 0 0 4 1 6 1 1 4 2 3 2 5 -1 -1 -1 -1 -1 -1 264090 1 15 23 22 24 2 8 0 5
0 0 0 1 1 6 1 1 4 2 3 2 5 -1 -1 -1 -1 -1 -1 264490 0 15 23 22 24 2 8 0 5
0 0 0 1 2 8 1 1 4 2 3 2 5 4 5 4 3 1 0 264890 0 15 23 22 24 2 4 2 5
0 0 0 1 1 1 6 1 4 2 3 2 6 -1 -1 -1 -1 -1 -1 265323 0 15 23 21 23 2 4 2 5
0 0 0 1 1 4 6 1 4 2 3 2 6 -1 -1 -1 -1 -1 -1 265756 1 15 23 21 23 2 4 2 5
0 0 0 1 1 6 1 1 4 2 3 2 5 -1 -1 -1 -1 -1 -1 266223 0 15 23 21 23 2 4 2 5
0 0 0 1 8 1 1 1 4 2 3 2 4 4 5 4 0 0 1 266656 0 15 23 21 23 2 4 2 5
0 0 0 1 6 1 1 1 4 2 3 2 4 -1 -1 -1 -1 -1 -1 267089 0 15 23 20 22 2 4 2 5
0 0 0 4 1 6 1 1 4 2 3 2 5 -1 -1 -1 -1 -1 -1 267556 1 15 23 20 22 2 4 2 5
0 0 0 1 1 1 6 1 4 2 3 2 6 -1 -1 -1 -1 -1 -1 267989 0 15 23 20 22 2 4 2 5
0 0 0 1 1 1 7 1 4 2 3 2 6 6 5 4 0 1 1 268456 0 15 23 20 22 2 5 2 5
0 0 0 1 1 1 6 1 4 2 3 2 6 -1 -1 -1 -1 -1 -1 268922 0 15 23 20 22 2 5 2 5
0 0 0 4 1 6 1 1 4 2 3 2 5 -1 -1 -1 -1 -1 -1 269355 1 15 23 20 22 2 5 2 5
0 0 0 1 6 1 1 1 4 2 3 2 4 -1 -1 -1 -1 -1 -1 269822 0 15 23 20 22 2 5 2 5
0 0 0 1 6 3 1 1 4 2 3 2 4 5 5 4 2 0 0 270288 0 15 23 20 22 2 4 2 5
0 0 0 1 6 1 1 1 4 2 3 2 4 -1 -1 -1 -1 -1 -1 270722 0 15 23 20 22 2 4 2 5
0 0 0 1 6 4 1 1 4 2 3 2 4 -1 -1 -1 -1 -1 -1 271188 1 15 23 20 22 2 4 2 5
0 0 0 1 6 1 1 1 4 2 3 2 4 -1 -1 -1 -1 -1 -1 271621 0 15 23 20 22 2 4 2 5
0 0 0 1 6 3 1 1 4 2 3 2 4 5 5 4 1 0 0 272088 0 15 23 20 22 2 4 2 5
0 0 0 1 6 1 1 1 4 2 3 2 4 -1 -1 -1 -1 -1 -1 272555 0 15 23 20 22 2 4 2 5
0 0 0 4 1 6 1 1 4 2 3 2 5 -1 -1 -1 -1 -1 -1 272988 1 15 23 20 22 2 4 2 5
0 0 0 1 1 6 1 1 4 2 3 2 5 -1 -1 -1 -1 -1 -1 273454 0 15 23 20 22 2 4 2 5
0 0 0 1 1 6 3 1 4 2 3 2 5 6 5 4 3 0 0 273921 0 15 23 20 22 2 4 2 5
0 0 0 1 1 6 1 1 4 2 3 2 5 -1 -1 -1 -1 -1 -1 274354 0 15 23 20 22 2 4 2 5
0 0 0 1 4 6 1 1 4 2 3 2 5 -1 -1 -1 -1 -1 -1 274821 1 15 23 20 22 2 4 2 5
0 0 0 1 1 6 1 1 4 2 3 2 5 -1 -1 -1 -1 -1 -1 275254 0 15 23 20 22 2 4 2 5
0 0 0 1 3 6 1 1 4 2 3 2 5 4 5 4 1 0 0 275720 0 15 23 20 22 2 5 2 5
0 0 0 1 1 6 1 1 4 2 3 2 5 -1 -1 -1 -1 -1 -1 276187 0 15 23 20 22 2 5 2 5
0 0 0 1 4 6 1 1 4 2 3 2 5 -1 -1 -1 -1 -1 -1 276620 1 15 23 20 22 2 5 2 5
0 0 0 1 6 1 1 1 4 2 3 2 4 -1 -1 -1 -1 -1 -1 277087 0 15 23 20 22 2 5 2 5
0 0 0 1 6 3 1 1 4 2 3 2 4 5 5 4 0 0 0 277553 0 15 23 20 22 2 8 0 5
0 0 0 1 6 1 1 1 4 2 3 2 4 -1 -1 -1 -1 -1 -1 277987 0 15 23 20 22 2 8 0 5
0 0 0 1 6 4 1 1 4 2 3 2 4 -1 -1 -1 -1 -1 -1 278453 1 15 23 20 22 2 8 0 5
0 0 0 1 1 1 6 1 4 2 3 2 6 -1 -1 -1 -1 -1 -1 278920 0 15 23 20 22 2 8 0 5
0 0 0 1 1 1 8 1 4 2 3 2 6 6 5 4 1 0 1 279353 0 15 23 20 22 2 4 2 5
0 0 0 1 1 1 6 1 4 2 3 2 6 -1 -1 -1 -1 -1 -1 279819 0 15 23 19 21 2 4 2 5
0 0 0 1 1 6 1 4 4 2 3 2 5 -1 -1 -1 -1 -1 -1 280319 1 15 23 19 21 2 4 2 5
0 0 0 1 1 6 1 1 4 2 3 2 5 -1 -1 -1 -1 -1 -1 280786 0 15 23 19 21 2 4 2 5
0 0 0 1 1 6 3 1 4 2 3 2 5 6 5 4 3 0 0 281252 0 15 23 19 21 2 4 2 5
0 0 0 1 1 1 6 1 4 2 3 2 6 -1 -1 -1 -1 -1 -1 281719 0 15 23 19 21 2 4 2 5
0 0 0 1 1 4 6 1 4 2 3 2 6 -1 -1 -1 -1 -1 -1 282219 1 15 23 19 21 2 4 2 5
0 0 0 1 1 6 1 1 4 2 3 2 5 -1 -1 -1 -1 -1 -1 282685 0 15 23 19 21 2 4 2 5
0 0 0 1 3 6 1 1 4 2 3 2 5 4 5 4 2 0 0 283152 0 15 23 19 21 2 5 2 5
0 0 0 1 1 6 1 1 4 2 3 2 5 -1 -1 -1 -1 -1 -1 283652 0 15 23 19 21 2 5 2 5
0 0 0 1 1 6 4 1 4 2 3 2 5 -1 -1 -1 -1 -1 -1 284118 1 15 23 19 21 2 5 2 5
0 0 0 1 6 1 1 1 4 2 3 2 4 -1 -1 -1 -1 -1 -1 284585 0 15 23 19 21 2 5 2 5
0 0 0 3 6 1 1 1 4 2 3 2 4 3 5 4 3 0 0 285051 0 15 23 19 21 2 4 2 5
0 0 0 1 1 6 1 1 4 2 3 2 5 -1 -1 -1 -1 -1 -1 285551 0 15 23 19 21 2 4 2 5
0 0 0 1 4 6 1 1 4 2 3 2 5 -1 -1 -1 -1 -1 -1 286018 1 15 23 19 21 2 4 2 5
0 0 0 1 1 6 1 1 4 2 3 2 5 -1 -1 -1 -1 -1 -1 286484 0 15 23 19 21 2 4 2 5
0 0 0 1 1 7 1 1 4 2 3 2 5 5 5 4 3 1 1 286984 0 15 23 19 21 2 4 2 5
0 0 0 1 1 6 1 1 4 2 3 2 5 -1 -1 -1 -1 -1 -1 287451 0 15 23 19 21 2 4 2 5
0 0 0 1 1 6 1 4 4 2 3 2 5 -1 -1 -1 -1 -1 -1 287917 1 15 23 19 21 2 4 2 5
0 0 0 1 1 6 1 1 4 2 3 2 5 -1 -1 -1 -1 -1 -1 288384 0 15 23 19 21 2 4 2 5
0 0 0 1 3 6 1 1 4 2 3 2 5 4 5 4 1 0 0 288884 0 15 23 19 21 2 4 2 5
0 0 0 1 1 6 1 1 4 2 3 2 5 -1 -1 -1 -1 -1 -1 289350 0 15 23 19 21 2 4 2 5
0 0 0 1 4 6 1 1 4 2 3 2 5 -1 -1 -1 -1 -1 -1 289817 1 15 23 19 21 2 4 2 5
0 0 0 1 6 1 1 1 4 2 3 2 4 -1 -1 -1 -1 -1 -1 290317 0 15 23 19 21 2 4 2 5
0 0 0 1 6 3 1 1 4 2 3 2 4 5 5 4 2 0 0 290783 0 15 23 19 21 2 5 2 5
0 0 0 1 6 1 1 1 4 2 3 2 4 -1 -1 -1 -1 -1 -1 291250 0 15 23 19 21 2 5 2 5
0 0 0 1 1 6 4 1 4 2 3 2 5 -1 -1 -1 -1 -1 -1 291717 1 15 23 19 21 2 5 2 5
0 0 0 1 1 1 6 1 4 2 3 2 6 -1 -1 -1 -1 -1 -1 292216 0 15 23 19 21 2 5 2 5
0 0 0 1 1 1 1 7 4 2 3 2 7 7 5 4 3 1 1 292683 0 15 23 19 21 2 8 0 5
0 0 0 1 1 1 6 1 4 2 3 2 6 -1 -1 -1 -1 -1 -1 293150 0 15 23 20 22 2 8 0 5
0 0 0 1 1 1 6 4 4 2 3 2 6 -1 -1 -1 -1 -1 -1 293583 1 15 23 20 22 2 8 0 5
0 0 0 1 1 1 6 1 4 2 3 2 6 -1 -1 -1 -1 -1 -1 294049 0 15 23 20 22 2 8 0 5
0 0 0 1 1 1 8 2 4 2 3 2 6 7 5 4 1 1 0 294516 0 15 23 20 22 2 4 2 5
0 0 0 1 1 1 6 1 4 2 3 2 6 -1 -1 -1 -1 -1 -1 294982 0 15 23 19 21 2 4 2 5
0 0 0 1 4 1 6 1 4 2 3 2 6 -1 -1 -1 -1 -1 -1 295449 1 15 23 19 21 2 4 2 5
0 0 0 1 1 1 6 1 4 2 3 2 6 -1 -1 -1 -1 -1 -1 295916 0 15 23 19 21 2 4 2 5
0 0 0 1 1 1 8 1 4 2 3 2 6 6 5 4 3 0 1 296415 0 15 23 19 21 2 4 2 5
0 0 0 1 1 6 1 1 4 2 3 2 5 -1 -1 -1 -1 -1 -1 296915 0 15 23 18 19 2 4 2 5
0 0 0 1 1 6 4 1 4 2 3 2 5 -1 -1 -1 -1 -1 -1 297448 1 15 23 18 19 2 4 2 5
0 0 0 1 1 6 1 1 4 2 3 2 5 -1 -1 -1 -1 -1 -1 297982 0 15 23 18 19 2 4 2 5
0 0 0 1 1 7 1 1 4 2 3 2 5 5 5 4 3 1 1 298482 0 15 23 18 19 2 5 2 5
0 0 0 1 1 1 6 1 4 2 3 2 6 -1 -1 -1 -1 -1 -1 299015 0 15 23 18 19 2 5 2 5
0 0 0 1 1 4 6 1 4 2 3 2 6 -1 -1 -1 -1 -1 -1 299548 1 15 23 18 19 2 5 2 5
0 0 0 1 1 1 6 1 4 2 3 2 6 -1 -1 -1 -1 -1 -1 300081 0 15 23 18 19 2 5 2 5
0 0 0 1 1 1 6 3 4 2 3 2 6 7 5 4 2 0 0 300581 0 15 23 18 19 2 4 2 5
0 0 0 1 1 1 6 1 4 2 3 2 6 -1 -1 -1 -1 -1 -1 301114 0 15 23 18 19 2 4 2 5
0 0 0 1 1 4 6 1 4 2 3 2 6 -1 -1 -1 -1 -1 -1 301647 1 15 23 18 19 2 4 2 5
0 0 0 1 1 1 6 1 4 2 3 2 6 -1 -1 -1 -1 -1 -1 302181 0 15 23 18 19 2 4 2 5
0 0 0 1 1 1 6 3 4 2 3 2 6 7 5 4 0 0 0 302714 0 15 23 18 19 2 4 2 5
0 0 0 1 1 1 6 1 4 2 3 2 6 -1 -1 -1 -1 -1 -1 303214 0 15 23 18 19 2 4 2 5
0 0 0 1 1 4 6 1 4 2 3 2 6 -1 -1 -1 -1 -1 -1 303747 1 15 23 18 19 2 4 2 5
0 0 0 1 1 6 1 1 4 2 3 2 5 -1 -1 -1 -1 -1 -1 304280 0 15 23 18 19 2 4 2 5
0 0 0 1 1 6 3 1 4 2 3 2 5 6 5 4 1 0 0 304813 0 15 23 18 19 2 4 2 5
0 0 0 1 1 6 1 1 4 2 3 2 5 -1 -1 -1 -1 -1 -1 305347 0 15 23 18 19 2 4 2 5
0 0 0 1 4 6 1 1 4 2 3 2 5 -1 -1 -1 -1 -1 -1 305846 1 15 23 18 19 2 4 2 5
0 0 0 1 1 6 1 1 4 2 3 2 5 -1 -1 -1 -1 -1 -1 306380 0 15 23 18 19 2 4 2 5
0 0 0 1 8 1 1 1 4 2 3 2 4 4 5 4 0 0 1 306913 0 15 23 18 19 2 5 2 5
0 0 0 1 1 6 1 1 4 2 3 2 5 -1 -1 -1 -1 -1 -1 307513 0 15 23 17 16 2 5 2 5
0 0 0 1 1 6 4 1 4 2 3 2 5 -1 -1 -1 -1 -1 -1 308146 1 15 23 17 16 2 5 2 5
0 0 0 1 1 6 1 1 4 2 3 2 5 -1 -1 -1 -1 -1 -1 308746 0 15 23 17 16 2 5 2 5
0 0 0 1 6 3 1 1 4 2 3 2 4 5 5 4 3 0 0 309379 0 15 23 17 16 2 8 0 5
0 0 0 1 6 1 1 1 4 2 3 2 4 -1 -1 -1 -1 -1 -1 310012 0 15 23 17 16 2 8 0 5
0 0 0 1 6 4 1 1 4 2 3 2 4 -1 -1 -1 -1 -1 -1 310645 1 15 23 17 16 2 8 0 5
0 0 0 1 6 1 1 1 4 2 3 2 4 -1 -1 -1 -1 -1 -1 311245 0 15 23 17 16 2 8 0 5
0 0 0 1 2 8 1 1 4 2 3 2 5 4 5 4 1 1 0 311878 0 15 23 17 16 2 4 2 5
0 0 0 1 1 6 1 1 4 2 3 2 5 -1 -1 -1 -1 -1 -1 312611 0 15 23 16 13 2 4 2 5
0 0 0 1 1 6 4 1 4 2 3 2 5 -1 -1 -1 -1 -1 -1 313378 1 15 23 16 13 2 4 2 5
0 0 0 1 1 6 1 1 4 2 3 2 5 -1 -1 -1 -1 -1 -1 314144 0 15 23 16 13 2 4 2 5
0 0 0 1 3 6 1 1 4 2 3 2 5 4 5 4 2 0 0 314911 0 15 23 16 13 2 4 2 5
0 0 0 1 1 6 1 1 4 2 3 2 5 -1 -1 -1 -1 -1 -1 315711 0 15 23 16 13 2 4 2 5
0 0 0 4 1 6 1 1 4 2 3 2 5 -1 -1 -1 -1 -1 -1 316477 1 15 23 16 13 2 4 2 5
0 0 0 1 1 6 1 1 4 2 3 2 5 -1 -1 -1 -1 -1 -1 317244 0 15 23 16 13 2 4 2 5
0 0 0 1 8 2 1 1 4 2 3 2 4 5 5 4 3 1 0 318010 0 15 23 16 13 2 5 2 5
0 0 0 1 6 1 1 1 4 2 3 2 4 -1 -1 -1 -1 -1 -1 318943 0 15 23 15 10 2 5 2 5
0 0 0 1 1 6 1 4 4 2 3 2 5 -1 -1 -1 -1 -1 -1 319943 1 15 23 15 10 2 5 2 5
0 0 0 1 1 1 6 1 4 2 3 2 6 -1 -1 -1 -1 -1 -1 320943 0 15 23 15 10 2 5 2 5
0 0 0 1 1 1 6 3 4 2 3 2 6 7 5 4 2 0 0 321942 0 15 23 15 10 2 4 2 5
0 0 0 1 1 1 6 1 4 2 3 2 6 -1 -1 -1 -1 -1 -1 322942 0 15 23 15 10 2 4 2 5
0 0 0 1 1 4 6 1 4 2 3 2 6 -1 -1 -1 -1 -1 -1 323942 1 15 23 15 10 2 4 2 5
0 0 0 1 1 1 1 6 4 2 3 2 7 -1 -1 -1 -1 -1 -1 324942 0 15 23 15 10 2 4 2 5
0 0 0 1 1 1 1 7 4 2 3 2 7 7 5 4 2 1 1 325942 0 15 23 15 10 2 4 2 5
0 0 0 1 1 1 6 1 4 2 3 2 6 -1 -1 -1 -1 -1 -1 326941 0 15 23 15 10 2 4 2 5
0 0 0 1 4 1 6 1 4 2 3 2 6 -1 -1 -1 -1 -1 -1 327941 1 15 23 15 10 2 4 2 5
0 0 0 1 1 1 6 1 4 2 3 2 6 -1 -1 -1 -1 -1 -1 328941 0 15 23 15 10 2 4 2 5
0 0 0 1 1 1 7 1 4 2 3 2 6 6 5 4 3 1 1 329941 0 15 23 15 10 2 4 2 5
0 0 0 1 1 1 6 1 4 2 3 2 6 -1 -1 -1 -1 -1 -1 330774 0 15 23 16 13 2 4 2 5
0 0 0 4 1 6 1 1 4 2 3 2 5 -1 -1 -1 -1 -1 -1 331540 1 15 23 16 13 2 4 2 5
0 0 0 1 1 6 1 1 4 2 3 2 5 -1 -1 -1 -1 -1 -1 332307 0 15 23 16 13 2 4 2 5
0 0 0 1 1 1 7 1 4 2 3 2 6 6 5 4 2 1 1 333073 0 15 23 16 13 2 5 2 5
0 0 0 1 1 1 6 1 4 2 3 2 6 -1 -1 -1 -1 -1 -1 333840 0 15 23 16 13 2 5 2 5
0 0 0 1 1 4 6 1 4 2 3 2 6 -1 -1 -1 -1 -1 -1 334606 1 15 23 16 13 2 5 2 5
0 0 0 1 6 1 1 1 4 2 3 2 4 -1 -1 -1 -1 -1 -1 335373 0 15 23 16 13 2 5 2 5
0 0 0 1 8 1 1 1 4 2 3 2 4 4 5 4 3 0 1 336139 0 15 23 16 13 2 8 0 5
0 0 0 1 6 1 1 1 4 2 3 2 4 -1 -1 -1 -1 -1 -1 337072 0 15 23 15 10 2 8 0 5
0 0 0 1 1 6 4 1 4 2 3 2 5 -1 -1 -1 -1 -1 -1 338072 1 15 23 15 10 2 8 0 5
0 0 0 1 6 1 1 1 4 2 3 2 4 -1 -1 -1 -1 -1 -1 339072 0 15 23 15 10 2 8 0 5
0 0 0 1 6 3 1 1 4 2 3 2 4 5 5 4 1 0 0 340071 0 15 23 15 10 2 4 2 5
0 0 0 1 6 1 1 1 4 2 3 2 4 -1 -1 -1 -1 -1 -1 341071 0 15 23 15 10 2 4 2 5
0 0 0 1 6 1 4 1 4 2 3 2 4 -1 -1 -1 -1 -1 -1 342071 1 15 23 15 10 2 4 2 5
0 0 0 1 6 1 1 1 4 2 3 2 4 -1 -1 -1 -1 -1 -1 343071 0 15 23 15 10 2 4 2 5
0 0 0 1 6 1 3 1 4 2 3 2 4 6 5 4 0 0 0 344070 0 15 23 15 10 2 4 2 5
0 0 0 1 1 6 1 1 4 2 3 2 5 -1 -1 -1 -1 -1 -1 345070 0 15 23 15 10 2 4 2 5
0 0 0 4 1 6 1 1 4 2 3 2 5 -1 -1 -1 -1 -1 -1 346070 1 15 23 15 10 2 4 2 5
0 0 0 1 1 6 1 1 4 2 3 2 5 -1 -1 -1 -1 -1 -1 347070 0 15 23 15 10 2 4 2 5
0 0 0 1 1 6 3 1 4 2 3 2 5 6 5 4 1 0 0 348069 0 15 23 15 10 2 5 2 5
0 0 0 1 1 6 1 1 4 2 3 2 5 -1 -1 -1 -1 -1 -1 349069 0 15 23 15 10 2 5 2 5
0 0 0 4 1 6 1 1 4 2 3 2 5 -1 -1 -1 -1 -1 -1 350069 1 15 23 15 10 2 5 2 5
0 0 0 1 1 6 1 1 4 2 3 2 5 -1 -1 -1 -1 -1 -1 351069 0 15 23 15 10 2 5 2 5
0 0 0 1 1 6 1 3 4 2 3 2 5 7 5 4 3 0 0 352068 0 15 23 15 10 2 4 2 5
0 0 0 1 1 6 1 1 4 2 3 2 5 -1 -1 -1 -1 -1 -1 353068 0 15 23 15 10 2 4 2 5
0 0 0 4 1 6 1 1 4 2 3 2 5 -1 -1 -1 -1 -1 -1 354068 1 15 23 15 10 2 4 2 5
0 0 0 1 1 6 1 1 4 2 3 2 5 -1 -1 -1 -1 -1 -1 355068 0 15 23 15 10 2 4 2 5
0 0 0 1 1 6 1 3 4 2 3 2 5 7 5 4 2 0 0 356067 0 15 23 15 10 2 4 2 5
0 0 0 1 1 6 1 1 4 2 3 2 5 -1 -1 -1 -1 -1 -1 357067 0 15 23 15 10 2 4 2 5
0 0 0 4 1 6 1 1 4 2 3 2 5 -1 -1 -1 -1 -1 -1 358067 1 15 23 15 10 2 4 2 5
0 0 0 1 1 6 1 1 4 2 3 2 5 -1 -1 -1 -1 -1 -1 359067 0 15 23 15 10 2 4 2 5
0 0 0 1 6 1 1 3 4 2 3 2 4 7 5 4 3 0 0 360067 0 15 23 15 10 2 4 2 5
0 0 0 1 6 1 1 1 4 2 3 2 4 -1 -1 -1 -1 -1 -1 361066 0 15 23 15 10 2 4 2 5
0 0 0 1 6 4 1 1 4 2 3 2 4 -1 -1 -1 -1 -1 -1 362066 1 15 23 15 10 2 4 2 5
0 0 0 1 1 6 1 1 4 2 3 2 5 -1 -1 -1 -1 -1 -1 362999 0 15 23 15 12.5 2 4 2 5
0 0 0 1 1 8 1 1 4 2 3 2 5 5 5 4 1 0 1 363799 0 15 23 15 12.5 2 5 2 5
0 0 0 1 1 1 6 1 4 2 3 2 6 -1 -1 -1 -1 -1 -1 364632 0 15 23 15 10.3333 2 5 2 5
0 0 0 1 1 4 6 1 4 2 3 2 6 -1 -1 -1 -1 -1 -1 365632 1 15 23 15 10 2 5 2 5
0 0 0 1 1 6 1 1 4 2 3 2 5 -1 -1 -1 -1 -1 -1 366632 0 15 23 15 10 2 5 2 5
0 0 0 1 1 8 1 1 4 2 3 2 5 5 5 4 3 0 1 367631 0 15 23 15 10 2 8 0 5
0 0 0 1 6 1 1 1 4 2 3 2 4 -1 -1 -1 -1 -1 -1 368631 0 15 23 15 10 2 8 0 5
0 0 0 4 6 1 1 1 4 2 3 2 4 -1 -1 -1 -1 -1 -1 369631 1 15 23 15 10 2 8 0 5
0 0 0 1 6 1 1 1 4 2 3 2 4 -1 -1 -1 -1 -1 -1 370631 0 15 23 15 10 2 8 0 5
0 0 0 1 8 1 1 1 4 2 3 2 4 4 5 4 0 0 1 371630 0 15 23 15 10 2 4 2 5
0 0 0 1 1 6 1 1 5 2 3 2 5 -1 -1 -1 -1 -1 -1 383661 0 15 23 15 60 2 8 0 5
0 0 0 1 1 6 1 1 5 2 3 2 5 -1 -1 -1 -1 -1 -1 383827 0 15 23 15 60 2 8 0 5
0 0 0 1 1 6 1 1 5 2 3 2 5 -1 -1 -1 -1 -1 -1 383994 0 15 23 15 60 2 6 2 5
0 0 0 1 1 6 1 1 5 2 3 2 5 -1 -1 -1 -1 -1 -1 384161 0 15 23 15 50 2 6 2 5
0 0 0 1 1 6 1 1 5 2 3 2 5 -1 -1 -1 -1 -1 -1 384461 0 15 23 15 20 2 6 2 5
0 0 0 1 1 6 1 1 5 2 3 2 5 -1 -1 -1 -1 -1 -1 385394 0 15 23 15 10 2 6 2 5
0 0 0 1 1 6 1 1 5 2 3 2 5 -1 -1 -1 -1 -1 -1 386393 0 15 23 15 10 2 4 2 5
0 0 0 1 1 6 1 1 5 2 3 2 5 -1 -1 -1 -1 -1 -1 387393 0 15 23 15 10 2 4 2 5
0 0 0 1 1 6 1 1 5 2 3 2 5 -1 -1 -1 -1 -1 -1 388393 0 15 23 15 10 2 4 2 5
0 0 0 1 6 1 1 1 5 2 3 2 4 -1 -1 -1 -1 -1 -1 389393 0 15 23 15 10 2 4 2 5
0 0 0 1 6 3 1 1 5 2 3 2 4 5 5 4 0 0 0 390392 0 15 23 15 10 2 4 2 5
0 0 0 1 1 6 1 1 5 2 3 2 5 -1 -1 -1 -1 -1 -1 391392 0 15 23 15 10 2 4 2 5
0 0 0 4 1 6 1 1 5 2 3 2 5 -1 -1 -1 -1 -1 -1 392392 1 15 23 15 10 2 4 2 5
0 0 0 1 1 6 1 1 5 2 3 2 5 -1 -1 -1 -1 -1 -1 393392 0 15 23 15 10 2 4 2 5
0 0 0 1 1 6 1 3 5 2 3 2 5 7 5 4 1 0 0 394391 0 15 23 15 10 2 5 2 5
0 0 0 1 1 6 1 1 5 2 3 2 5 -1 -1 -1 -1 -1 -1 395391 0 15 23 15 10 2 5 2 5
0 0 0 1 4 6 1 1 5 2 3 2 5 -1 -1 -1 -1 -1 -1 396391 1 15 23 15 10 2 5 2 5
0 0 0 1 1 6 1 1 5 2 3 2 5 -1 -1 -1 -1 -1 -1 397391 0 15 23 15 10 2 5 2 5
0 0 0 1 1 6 3 1 5 2 3 2 5 6 5 4 3 0 0 398390 0 15 23 15 10 2 5 2 5
0 0 0 1 1 6 1 1 5 2 3 2 5 -1 -1 -1 -1 -1 -1 399390 0 15 23 15 10 2 5 2 5
0 0 0 1 4 6 1 1 5 2 3 2 5 -1 -1 -1 -1 -1 -1 400390 1 15 23 15 10 2 5 2 5
0 0 0 1 1 1 6 1 5 2 3 2 6 -1 -1 -1 -1 -1 -1 401390 0 15 23 15 10 2 5 2 5
0 0 0 1 1 3 6 1 5 2 3 2 6 5 5 4 2 0 0 402389 0 15 23 15 10 2 6 2 5
0 0 0 1 1 6 1 1 5 2 3 2 5 -1 -1 -1 -1 -1 -1 403389 0 15 23 15 10 2 6 2 5
0 0 0 1 6 1 1 4 5 2 3 2 4 -1 -1 -1 -1 -1 -1 404389 1 15 23 15 10 2 6 2 5
0 0 0 1 6 1 1 1 5 2 3 2 4 -1 -1 -1 -1 -1 -1 405389 0 15 23 15 10 2 6 2 5
0 0 0 8 1 1 1 1 5 2 3 2 3 3 5 4 0 0 1 406389 0 15 23 15 10 2 6 2 5
0 0 0 1 6 1 1 1 5 2 3 2 4 -1 -1 -1 -1 -1 -1 407388 0 15 23 15 10 2 6 2 5
0 0 0 1 6 4 1 1 5 2 3 2 4 -1 -1 -1 -1 -1 -1 408388 1 15 23 15 10 2 6 2 5
0 0 0 1 1 6 1 1 5 2 3 2 5 -1 -1 -1 -1 -1 -1 409388 0 15 23 15 10 2 6 2 5
0 0 0 1 6 3 1 1 5 2 3 2 4 5 5 4 0 0 0 410388 0 15 23 15 10 2 8 0 5
0 0 0 1 1 6 1 1 5 2 3 2 5 -1 -1 -1 -1 -1 -1 411387 0 15 23 15 10 2 8 0 5
0 0 0 4 1 6 1 1 5 2 3 2 5 -1 -1 -1 -1 -1 -1 412387 1 15 23 15 10 2 8 0 5
0 0 0 1 1 6 1 1 5 2 3 2 5 -1 -1 -1 -1 -1 -1 413387 0 15 23 15 10 2 8 0 5
0 0 0 1 6 3 1 1 5 2 3 2 4 5 5 4 3 0 0 414387 0 15 23 15 10 2 6 2 5
0 0 0 1 6 1 1 1 5 2 3 2 4 -1 -1 -1 -1 -1 -1 415386 0 15 23 15 10 2 6 2 5
0 0 0 6 1 1 4 1 5 2 3 2 3 -1 -1 -1 -1 -1 -1 416386 1 15 23 15 10 2 6 2 5
0 0 0 6 1 1 1 1 5 2 3 2 3 -1 -1 -1 -1 -1 -1 417386 0 15 23 15 10 2 6 2 5
0 0 0 8 1 1 1 1 5 2 3 2 3 3 5 4 2 0 1 418386 0 15 23 15 10 2 4 2 5
0 0 0 6 1 1 1 1 5 2 3 2 3 -1 -1 -1 -1 -1 -1 419385 0 15 23 15 10 2 4 2 5
0 0 0 6 4 1 1 1 5 2 3 2 3 -1 -1 -1 -1 -1 -1 420385 1 15 23 15 10 2 4 2 5
0 0 0 6 1 1 1 1 5 2 3 2 3 -1 -1 -1 -1 -1 -1 421385 0 15 23 15 10 2 4 2 5
0 0 0 8 1 1 1 1 5 2 3 2 3 3 5 4 1 0 1 422385 0 15 23 15 10 2 4 2 5
0 0 0 6 1 1 1 1 5 2 3 2 3 -1 -1 -1 -1 -1 -1 423384 0 15 23 15 10 2 4 2 5
0 0 0 6 1 1 1 4 5 2 3 2 3 -1 -1 -1 -1 -1 -1 424384 1 15 23 15 10 2 4 2 5
0 0 0 6 1 1 1 1 5 2 3 2 3 -1 -1 -1 -1 -1 -1 425384 0 15 23 15 10 2 4 2 5
0 0 0 7 1 1 1 1 5 2 3 2 3 3 5 4 3 1 1 426384 0 15 23 15 10 2 5 2 5
0 0 0 1 6 1 1 1 5 2 3 2 4 -1 -1 -1 -1 -1 -1 427383 0 15 23 15 10 2 5 2 5
0 0 0 4 6 1 1 1 5 2 3 2 4 -1 -1 -1 -1 -1 -1 428383 1 15 23 15 10 2 5 2 5
0 0 0 1 6 1 1 1 5 2 3 2 4 -1 -1 -1 -1 -1 -1 429383 0 15 23 15 10 2 5 2 5
0 0 0 2 8 1 1 1 5 2 3 2 4 3 5 4 2 1 0 430383 0 15 23 15 10 2 5 2 5
0 0 0 1 6 1 1 1 5 2 3 2 4 -1 -1 -1 -1 -1 -1 431382 0 15 23 15 10 2 5 2 5
0 0 0 1 6 4 1 1 5 2 3 2 4 -1 -1 -1 -1 -1 -1 432382 1 15 23 15 10 2 5 2 5
0 0 0 1 6 1 1 1 5 2 3 2 4 -1 -1 -1 -1 -1 -1 433382 0 15 23 15 10 2 5 2 5
0 0 0 2 8 1 1 1 5 2 3 2 4 3 5 4 1 1 0 434382 0 15 23 15 10 2 6 2 5
0 0 0 1 6 1 1 1 5 2 3 2 4 -1 -1 -1 -1 -1 -1 435381 0 15 23 15 10 2 6 2 5
0 0 0 1 6 1 4 1 5 2 3 2 4 -1 -1 -1 -1 -1 -1 436381 1 15 23 15 10 2 6 2 5
0 0 0 1 1 6 1 1 5 2 3 2 5 -1 -1 -1 -1 -1 -1 437381 0 15 23 15 10 2 6 2 5
0 0 0 1 3 6 1 1 5 2 3 2 5 4 5 4 0 0 0 438381 0 15 23 15 10 2 6 2 5
0 0 0 1 1 6 1 1 5 2 3 2 5 -1 -1 -1 -1 -1 -1 439380 0 15 23 15 10 2 6 2 5
0 0 0 1 6 1 1 4 5 2 3 2 4 -1 -1 -1 -1 -1 -1 440380 1 15 23 15 10 2 6 2 5
0 0 0 1 6 1 1 1 5 2 3 2 4 -1 -1 -1 -1 -1 -1 441380 0 15 23 15 10 2 6 2 5
0 0 0 1 7 1 1 1 5 2 3 2 4 4 5 4 2 1 1 442380 0 15 23 15 10 2 8 0 5
0 0 0 1 6 1 1 1 5 2 3 2 4 -1 -1 -1 -1 -1 -1 443379 0 15 23 15 10 2 8 0 5
0 0 0 1 6 4 1 1 5 2 3 2 4 -1 -1 -1 -1 -1 -1 444379 1 15 23 15 10 2 8 0 5
0 0 0 1 1 6 1 1 5 2 3 2 5 -1 -1 -1 -1 -1 -1 445379 0 15 23 15 10 2 8 0 5
0 0 0 1 1 6 3 1 5 2 3 2 5 6 5 4 0 0 0 446379 0 15 23 15 10 2 6 2 5
0 0 0 1 1 6 1 1 5 2 3 2 5 -1 -1 -1 -1 -1 -1 447379 0 15 23 15 10 2 6 2 5
0 0 0 1 4 6 1 1 5 2 3 2 5 -1 -1 -1 -1 -1 -1 448378 1 15 23 15 10 2 6 2 5
0 0 0 1 1 6 1 1 5 2 3 2 5 -1 -1 -1 -1 -1 -1 449378 0 15 23 15 10 2 6 2 5
0 0 0 1 1 6 3 1 5 2 3 2 5 6 5 4 1 0 0 450378 0 15 23 15 10 2 4 2 5
0 0 0 1 1 6 1 1 5 2 3 2 5 -1 -1 -1 -1 -1 -1 451378 0 15 23 15 10 2 4 2 5
0 0 0 1 1 6 4 1 5 2 3 2 5 -1 -1 -1 -1 -1 -1 452377 1 15 23 15 10 2 4 2 5
0 0 0 1 1 6 1 1 5 2 3 2 5 -1 -1 -1 -1 -1 -1 453377 0 15 23 15 10 2 4 2 5
0 0 0 1 3 6 1 1 5 2 3 2 5 4 5 4 3 0 0 454377 0 15 23 15 10 2 4 2 5
0 0 0 1 1 6 1 1 5 2 3 2 5 -1 -1 -1 -1 -1 -1 455377 0 15 23 15 10 2 4 2 5
0 0 0 1 1 6 4 1 5 2 3 2 5 -1 -1 -1 -1 -1 -1 456376 1 15 23 15 10 2 4 2 5
0 0 0 1 1 1 6 1 5 2 3 2 6 -1 -1 -1 -1 -1 -1 457376 0 15 23 15 10 2 4 2 5
0 0 0 1 1 3 6 1 5 2 3 2 6 5 5 4 2 0 0 458376 0 15 23 15 10 2 5 2 5
0 0 0 1 1 1 6 1 5 2 3 2 6 -1 -1 -1 -1 -1 -1 459376 0 15 23 15 10 2 5 2 5
0 0 0 1 4 6 1 1 5 2 3 2 5 -1 -1 -1 -1 -1 -1 460375 1 15 23 15 10 2 5 2 5
0 0 0 6 1 1 1 1 5 2 3 2 3 -1 -1 -1 -1 -1 -1 461375 0 15 23 15 10 2 5 2 5
0 0 0 8 1 1 1 1 5 2 3 2 3 3 5 4 0 0 1 462375 0 15 23 15 10 2 5 2 5
0 0 0 1 6 1 1 1 5 2 3 2 4 -1 -1 -1 -1 -1 -1 463375 0 15 23 15 10 2 5 2 5
0 0 0 4 6 1 1 1 5 2 3 2 4 -1 -1 -1 -1 -1 -1 464374 1 15 23 15 10 2 5 2 5
0 0 0 1 6 1 1 1 5 2 3 2 4 -1 -1 -1 -1 -1 -1 465374 0 15 23 15 10 2 5 2 5
0 0 0 1 7 1 1 1 5 2 3 2 4 4 5 4 3 1 1 466374 0 15 23 15 10 2 6 2 5
0 0 0 1 1 6 1 1 5 2 3 2 5 -1 -1 -1 -1 -1 -1 467374 0 15 23 15 10 2 6 2 5
0 0 0 1 1 6 1 4 5 2 3 2 5 -1 -1 -1 -1 -1 -1 468373 1 15 23 15 10 2 6 2 5
0 0 0 1 1 6 1 1 5 2 3 2 5 -1 -1 -1 -1 -1 -1 469373 0 15 23 15 10 2 6 2 5
0 0 0 1 6 3 1 1 5 2 3 2 4 5 5 4 0 0 0 470373 0 15 23 15 10 2 6 2 5
0 0 0 1 1 6 1 1 5 2 3 2 5 -1 -1 -1 -1 -1 -1 471373 0 15 23 15 10 2 6 2 5
0 0 0 1 1 6 1 4 5 2 3 2 5 -1 -1 -1 -1 -1 -1 472372 1 15 23 15 10 2 6 2 5
0 0 0 1 1 6 1 1 5 2 3 2 5 -1 -1 -1 -1 -1 -1 473372 0 15 23 15 10 2 6 2 5
0 0 0 1 1 1 1 8 5 2 3 2 7 7 5 4 2 0 1 474372 0 15 23 15 10 2 8 0 5
0 0 0 1 1 1 6 1 5 2 3 2 6 -1 -1 -1 -1 -1 -1 475372 0 15 23 15 10 2 8 0 5
0 0 0 1 1 6 1 4 5 2 3 2 5 -1 -1 -1 -1 -1 -1 476371 1 15 23 15 10 2 8 0 5
0 0 0 1 1 6 1 1 5 2 3 2 5 -1 -1 -1 -1 -1 -1 477371 0 15 23 15 10 2 8 0 5
0 0 0 1 1 7 1 1 5 2 3 2 5 5 5 4 3 1 1 478371 0 15 23 15 10 2 6 2 5
0 0 0 1 6 1 1 1 5 2 3 2 4 -1 -1 -1 -1 -1 -1 479371 0 15 23 15 10 2 6 2 5
0 0 0 1 6 1 4 1 5 2 3 2 4 -1 -1 -1 -1 -1 -1 480370 1 15 23 15 10 2 6 2 5
0 0 0 6 1 1 1 1 5 2 3 2 3 -1 -1 -1 -1 -1 -1 481370 0 15 23 15 10 2 6 2 5
0 0 0 8 1 1 1 1 5 2 3 2 3 3 5 4 2 0 1 482370 0 15 23 15 10 2 4 2 5
0 0 0 6 1 1 1 1 5 2 3 2 3 -1 -1 -1 -1 -1 -1 483370 0 15 23 15 10 2 4 2 5
0 0 0 6 4 1 1 1 5 2 3 2 3 -1 -1 -1 -1 -1 -1 484369 1 15 23 15 10 2 4 2 5
0 0 0 6 1 1 1 1 5 2 3 2 3 -1 -1 -1 -1 -1 -1 485369 0 15 23 15 10 2 4 2 5
0 0 0 7 1 1 1 1 5 2 3 2 3 3 5 4 2 1 1 486369 0 15 23 15 10 2 4 2 5
0 0 0 1 6 1 1 1 5 2 3 2 4 -1 -1 -1 -1 -1 -1 487369 0 15 23 15 10 2 4 2 5
0 0 0 1 1 6 4 1 5 2 3 2 5 -1 -1 -1 -1 -1 -1 488369 1 15 23 15 10 2 4 2 5
0 0 0 1 1 6 1 1 5 2 3 2 5 -1 -1 -1 -1 -1 -1 489368 0 15 23 15 10 2 4 2 5
0 0 0 1 6 3 1 1 5 2 3 2 4 5 5 4 1 0 0 490368 0 15 23 15 10 2 5 2 5
0 0 0 1 6 1 1 1 5 2 3 2 4 -1 -1 -1 -1 -1 -1 491368 0 15 23 15 10 2 5 2 5
0 0 0 1 6 4 1 1 5 2 3 2 4 -1 -1 -1 -1 -1 -1 492368 1 15 23 15 10 2 5 2 5
0 0 0 1 6 1 1 1 5 2 3 2 4 -1 -1 -1 -1 -1 -1 493367 0 15 23 15 10 2 5 2 5
0 0 0 1 6 3 1 1 5 2 3 2 4 5 5 4 0 0 0 494367 0 15 23 15 10 2 5 2 5
0 0 0 1 1 6 1 1 5 2 3 2 5 -1 -1 -1 -1 -1 -1 495367 0 15 23 15 10 2 5 2 5
0 0 0 4 1 1 1 6 5 2 3 2 7 -1 -1 -1 -1 -1 -1 496367 1 15 23 15 10 2 5 2 5
0 0 0 1 1 1 1 6 5 2 3 2 7 -1 -1 -1 -1 -1 -1 497366 0 15 23 15 10 2 5 2 5
0 0 0 1 1 1 1 7 5 2 3 2 7 7 5 4 2 1 1 498366 0 15 23 15 10 2 6 2 5
0 0 0 1 1 1 1 6 5 2 3 2 7 -1 -1 -1 -1 -1 -1 499166 0 15 23 16 13 2 6 2 5
0 0 0 1 1 1 4 6 5 2 3 2 7 -1 -1 -1 -1 -1 -1 499932 1 15 23 16 13 2 6 2 5
0 0 0 1 1 1 6 1 5 2 3 2 6 -1 -1 -1 -1 -1 -1 500699 0 15 23 16 13 2 6 2 5
0 0 0 1 1 1 6 3 5 2 3 2 6 7 5 4 3 0 0 501465 0 15 23 16 13 2 6 2 5
0 0 0 1 1 1 6 1 5 2 3 2 6 -1 -1 -1 -1 -1 -1 502232 0 15 23 16 13 2 6 2 5
0 0 0 1 1 1 6 4 5 2 3 2 6 -1 -1 -1 -1 -1 -1 502998 1 15 23 16 13 2 6 2 5
0 0 0 0 1 6 1 0 6 6 1 0 5 -1 -1 -1 -1 -1 -1 510763 0 15 40 18 60 2 8 0 3
0 0 0 0 1 6 1 0 6 6 1 0 5 -1 -1 -1 -1 -1 -1 510930 0 15 40 18 60 2 8 0 3
0 0 0 0 1 6 1 0 6 6 1 0 5 -1 -1 -1 -1 -1 -1 511096 0 15 40 18 60 2 4 2 3
0 0 0 0 1 6 1 0 6 6 1 0 5 -1 -1 -1 -1 -1 -1 511263 0 15 40 18 51.8 2 4 2 3
0 0 0 0 1 6 1 0 6 6 1 0 5 -1 -1 -1 -1 -1 -1 511530 0 15 40 18 29.9333 2 4 2 3
0 0 0 0 1 6 1 0 6 6 1 0 5 -1 -1 -1 -1 -1 -1 511996 0 15 40 18 19 2 4 2 3
0 0 0 0 1 6 1 0 6 6 1 0 5 -1 -1 -1 -1 -1 -1 512529 0 15 40 18 19 2 6 2 3
0 0 0 0 1 6 1 0 6 6 1 0 5 -1 -1 -1 -1 -1 -1 513029 0 15 40 18 19 2 6 2 3
0 0 0 0 1 1 6 0 6 6 1 0 6 -1 -1 -1 -1 -1 -1 513562 0 15 40 18 19 2 6 2 3
0 0 0 0 1 1 6 0 6 6 1 0 6 -1 -1 -1 -1 -1 -1 514096 0 15 40 18 19 2 6 2 3
0 0 0 0 1 1 7 0 6 6 1 0 6 6 5 4 4 1 1 514629 0 15 40 18 19 2 5 2 3
0 0 0 0 1 1 6 0 6 6 1 0 6 -1 -1 -1 -1 -1 -1 515162 0 15 40 18 19 2 5 2 3
0 0 0 0 6 1 1 0 6 6 1 0 4 -1 -1 -1 -1 -1 -1 515662 0 15 40 18 19 2 5 2 3
0 0 0 0 6 1 1 0 6 6 1 0 4 -1 -1 -1 -1 -1 -1 516195 0 15 40 18 19 2 5 2 3
0 0 0 0 7 1 1 0 6 6 1 0 4 4 5 4 4 1 1 516728 0 15 40 18 19 2 4 2 3
0 0 0 0 6 1 1 0 6 6 1 0 4 -1 -1 -1 -1 -1 -1 517195 0 15 40 19 21 2 4 2 3
0 0 0 0 1 1 6 0 6 6 1 0 6 -1 -1 -1 -1 -1 -1 517695 0 15 40 19 21 2 4 2 3
0 0 0 0 1 1 6 0 6 6 1 0 6 -1 -1 -1 -1 -1 -1 518161 0 15 40 19 21 2 4 2 3
0 0 0 0 1 1 7 0 6 6 1 0 6 6 5 4 4 1 1 518628 0 15 40 19 21 2 4 2 3
0 0 0 0 1 1 6 0 6 6 1 0 6 -1 -1 -1 -1 -1 -1 519128 0 15 40 19 21 2 4 2 3
0 0 0 0 6 1 1 0 6 6 1 0 4 -1 -1 -1 -1 -1 -1 519594 0 15 40 19 21 2 4 2 3
0 0 0 0 6 1 1 0 6 6 1 0 4 -1 -1 -1 -1 -1 -1 520061 0 15 40 19 21 2 4 2 3
0 0 0 0 7 1 1 0 6 6 1 0 4 4 5 4 4 1 1 520527 0 15 40 19 21 2 5 2 3
0 0 0 0 6 1 1 0 6 6 1 0 4 -1 -1 -1 -1 -1 -1 520994 0 15 40 20 22 2 5 2 3
0 0 0 0 6 1 1 0 6 6 1 0 4 -1 -1 -1 -1 -1 -1 521460 0 15 40 20 22 2 5 2 3
0 0 0 0 6 1 1 0 6 6 1 0 4 -1 -1 -1 -1 -1 -1 521894 0 15 40 20 22 2 5 2 3
0 0 0 0 7 1 1 0 6 6 1 0 4 4 5 4 4 1 1 522360 0 15 40 20 22 2 5 2 3
0 0 0 0 1 6 1 0 6 6 1 0 5 -1 -1 -1 -1 -1 -1 522827 0 15 40 20 22 2 5 2 3
0 0 0 0 1 1 6 0 6 6 1 0 6 -1 -1 -1 -1 -1 -1 523260 0 15 40 20 22 2 5 2 3
0 0 0 0 1 1 6 0 6 6 1 0 6 -1 -1 -1 -1 -1 -1 523727 0 15 40 20 22 2 5 2 3
0 0 0 0 1 1 7 0 6 6 1 0 6 6 5 4 4 1 1 524193 0 15 40 20 22 2 8 0 3
0 0 0 0 1 1 6 0 6 6 1 0 6 -1 -1 -1 -1 -1 -1 524626 0 15 40 21 23 2 8 0 3
0 0 0 0 1 6 1 0 6 6 1 0 5 -1 -1 -1 -1 -1 -1 525060 0 15 40 21 23 2 8 0 3
0 0 0 0 1 6 1 0 6 6 1 0 5 -1 -1 -1 -1 -1 -1 525493 0 15 40 21 23 2 8 0 3
0 0 0 0 1 7 1 0 6 6 1 0 5 5 5 4 4 1 1 525926 0 15 40 21 23 2 4 2 3
0 0 0 0 1 6 1 0 6 6 1 0 5 -1 -1 -1 -1 -1 -1 526359 0 15 40 21 23 2 4 2 3
0 0 0 0 6 1 1 0 6 6 1 0 4 -1 -1 -1 -1 -1 -1 526793 0 15 40 21 23 2 4 2 3
0 0 0 0 6 1 1 0 6 6 1 0 4 -1 -1 -1 -1 -1 -1 527226 0 15 40 21 23 2 4 2 3
0 0 0 1 7 1 1 1 6 6 1 0 4 4 5 4 4 1 1 527659 0 15 40 21 23 2 6 2 5
0 0 0 1 6 1 1 1 6 6 1 0 4 -1 -1 -1 -1 -1 -1 528092 0 15 40 22 24 2 6 2 5
0 0 0 1 6 1 1 1 6 6 1 0 4 -1 -1 -1 -1 -1 -1 528492 0 15 40 22 24 2 6 2 5
0 0 0 1 6 1 1 1 6 6 1 0 4 -1 -1 -1 -1 -1 -1 528925 0 15 40 22 24 2 6 2 5
0 0 0 1 7 1 1 1 6 6 1 0 4 4 5 4 4 1 1 529325 0 15 40 22 24 2 5 2 5
0 0 0 1 6 1 1 1 6 6 1 1 4 -1 -1 -1 -1 -1 -1 529758 0 15 40 22 24 2 5 2 5
0 0 0 1 1 6 1 1 6 6 1 1 5 -1 -1 -1 -1 -1 -1 530158 0 15 40 22 24 2 5 2 5
0 0 0 1 1 6 1 1 6 6 1 1 5 -1 -1 -1 -1 -1 -1 530592 0 15 40 22 24 2 5 2 5
0 0 0 1 1 7 1 1 6 6 1 1 5 5 5 4 4 1 1 530991 0 15 40 22 24 2 4 2 5
0 0 0 1 1 6 1 1 6 6 1 1 5 -1 -1 -1 -1 -1 -1 531391 0 15 40 23 25 2 4 2 5
0 0 0 1 1 6 1 1 6 6 1 1 5 -1 -1 -1 -1 -1 -1 531791 0 15 40 23 25 2 4 2 5
0 0 0 1 1 6 1 1 6 6 1 1 5 -1 -1 -1 -1 -1 -1 532191 0 15 40 23 25 2 4 2 5
0 0 0 1 1 7 1 1 6 6 1 1 5 5 5 4 4 1 1 532591 0 15 40 23 25 2 4 2 5
0 0 0 1 1 6 1 1 6 6 1 1 5 -1 -1 -1 -1 -1 -1 532991 0 15 40 23 25 2 4 2 5
0 0 0 1 1 6 1 1 6 6 1 1 5 -1 -1 -1 -1 -1 -1 533391 0 15 40 23 25 2 4 2 5
0 0 0 1 1 6 1 1 6 6 1 1 5 -1 -1 -1 -1 -1 -1 533791 0 15 40 23 25 2 4 2 5
0 0 0 1 1 7 1 1 6 6 1 1 5 5 5 4 4 1 1 534191 0 15 40 23 25 2 5 2 5
0 0 0 1 1 6 1 1 6 6 1 1 5 -1 -1 -1 -1 -1 -1 534591 0 15 40 24 25.5 2 5 2 5
0 0 0 1 1 6 1 1 6 6 1 1 5 -1 -1 -1 -1 -1 -1 534990 0 15 40 24 25.5 2 5 2 5
0 0 0 1 1 6 1 1 6 6 1 1 5 -1 -1 -1 -1 -1 -1 535390 0 15 40 24 25.5 2 5 2 5
0 0 0 1 1 7 1 1 6 6 1 1 5 5 5 4 4 1 1 535757 0 15 40 24 25.5 2 5 2 5
0 0 0 1 1 6 1 1 6 6 1 1 5 -1 -1 -1 -1 -1 -1 536157 0 15 40 24 25.5 2 5 2 5
0 0 0 1 6 1 1 1 6 6 1 1 4 -1 -1 -1 -1 -1 -1 536557 0 15 40 24 25.5 2 5 2 5
0 0 0 1 6 1 1 1 6 6 1 1 4 -1 -1 -1 -1 -1 -1 536957 0 15 40 24 25.5 2 5 2 5
0 0 0 1 7 1 1 1 6 6 1 1 4 4 5 4 4 1 1 537323 0 15 40 24 25.5 2 8 0 5
0 0 0 1 6 1 1 1 6 6 1 1 4 -1 -1 -1 -1 -1 -1 537723 0 15 40 25 26 2 8 0 5
0 0 0 1 6 1 1 1 6 6 1 1 4 -1 -1 -1 -1 -1 -1 538090 0 15 40 25 26 2 8 0 5
0 0 0 1 6 1 1 1 6 6 1 1 4 -1 -1 -1 -1 -1 -1 538490 0 15 40 25 26 2 8 0 5
0 0 0 1 7 1 1 1 6 6 1 1 4 4 5 4 4 1 1 538890 0 15 40 25 26 2 4 2 5
0 0 0 1 6 1 1 1 6 6 1 1 4 -1 -1 -1 -1 -1 -1 539256 0 15 40 25 26 2 4 2 5
0 0 0 1 1 6 1 1 6 6 1 1 5 -1 -1 -1 -1 -1 -1 539656 0 15 40 25 26 2 4 2 5
0 0 0 1 1 6 1 1 6 6 1 1 5 -1 -1 -1 -1 -1 -1 540023 0 15 40 25 26 2 4 2 5
0 0 0 1 1 7 1 1 6 6 1 1 5 5 5 4 4 1 1 540423 0 15 40 25 26 2 6 2 5
0 0 0 1 1 6 1 1 6 6 1 1 5 -1 -1 -1 -1 -1 -1 540789 0 15 40 26 26.5 2 6 2 5
0 0 0 1 1 1 6 1 6 6 1 1 6 -1 -1 -1 -1 -1 -1 541156 0 15 40 26 26.5 2 6 2 5
0 0 0 1 1 1 6 1 6 6 1 1 6 -1 -1 -1 -1 -1 -1 541556 0 15 40 26 26.5 2 6 2 5
0 0 0 1 1 1 7 1 6 6 1 1 6 6 5 4 4 1 1 541922 0 15 40 26 26.5 2 5 2 5
0 0 0 1 1 1 6 1 6 6 1 1 6 -1 -1 -1 -1 -1 -1 542289 0 15 40 26 26.5 2 5 2 5
0 0 0 1 1 1 1 6 6 6 1 1 7 -1 -1 -1 -1 -1 -1 542689 0 15 40 26 26.5 2 5 2 5
0 0 0 1 1 1 1 6 6 6 1 1 7 -1 -1 -1 -1 -1 -1 543055 0 15 40 26 26.5 2 5 2 5
0 0 0 1 1 1 1 7 6 6 1 1 7 7 5 4 4 1 1 543422 0 15 40 26 26.5 2 4 2 5
0 0 0 1 1 1 1 6 6 6 1 2 7 -1 -1 -1 -1 -1 -1 543788 0 15 40 27 27 2 4 2 5
0 0 0 1 1 1 1 6 6 6 1 2 7 -1 -1 -1 -1 -1 -1 544188 0 15 40 27 27 2 4 2 5
0 0 0 1 1 1 1 6 6 6 1 2 7 -1 -1 -1 -1 -1 -1 544555 0 15 40 27 27 2 4 2 5
0 0 0 1 1 1 1 7 6 6 1 2 7 7 5 4 4 1 1 544921 0 15 40 27 27 2 4 2 5
0 0 0 1 1 1 1 6 6 6 1 2 7 -1 -1 -1 -1 -1 -1 545288 0 15 40 27 27 2 4 2 5
0 0 0 1 1 4 1 6 6 6 1 2 7 -1 -1 -1 -1 -1 -1 545655 1 15 40 27 27 2 4 2 5
0 0 0 1 1 1 1 6 6 6 1 2 7 -1 -1 -1 -1 -1 -1 546021 0 15 40 27 27 2 4 2 5
0 0 0 1 1 1 1 7 6 6 1 2 7 7 5 4 4 1 1 546388 0 15 40 27 27 2 5 2 5
0 0 0 1 1 1 1 6 6 6 1 2 7 -1 -1 -1 -1 -1 -1 546754 0 15 40 28 27.5 2 5 2 5
0 0 0 1 1 4 1 6 6 6 1 2 7 -1 -1 -1 -1 -1 -1 547121 1 15 40 28 27.5 2 5 2 5
0 0 0 1 1 1 6 1 6 6 1 2 6 -1 -1 -1 -1 -1 -1 547487 0 15 40 28 27.5 2 5 2 5
0 0 0 1 1 7 1 1 6 6 1 2 5 5 5 4 4 1 1 547854 0 15 40 28 27.5 2 5 2 5
0 0 0 1 1 1 6 1 6 6 1 2 6 -1 -1 -1 -1 -1 -1 548221 0 15 40 28 27.5 2 5 2 5
0 0 0 1 1 4 6 1 6 6 1 2 6 -1 -1 -1 -1 -1 -1 548587 1 15 40 28 27.5 2 5 2 5
0 0 0 1 1 1 1 6 6 6 1 2 7 -1 -1 -1 -1 -1 -1 548954 0 15 40 28 27.5 2 5 2 5
0 0 0 1 1 1 1 7 6 6 1 2 7 7 5 4 4 1 1 549287 0 15 40 28 27.5 2 8 0 5
0 0 0 1 1 1 6 1 6 6 1 2 6 -1 -1 -1 -1 -1 -1 549654 0 15 40 29 28 2 8 0 5
0 0 0 1 1 1 6 4 6 6 1 2 6 -1 -1 -1 -1 -1 -1 550020 1 15 40 29 28 2 8 0 5
0 0 0 1 1 1 6 1 6 6 1 2 6 -1 -1 -1 -1 -1 -1 550387 0 15 40 29 28 2 8 0 5
0 0 0 1 1 1 7 1 6 6 1 2 6 6 5 4 4 1 1 550720 0 15 40 29 28 2 4 2 5
0 0 0 1 1 1 6 1 6 6 1 2 6 -1 -1 -1 -1 -1 -1 551087 0 15 40 29 28 2 4 2 5
0 0 0 4 1 6 1 1 6 6 1 2 5 -1 -1 -1 -1 -1 -1 551453 1 15 40 29 28 2 4 2 5
0 0 0 1 1 6 1 1 6 6 1 2 5 -1 -1 -1 -1 -1 -1 551786 0 15 40 29 28 2 4 2 5
0 0 0 1 1 7 1 1 6 6 1 2 5 5 5 4 4 1 1 552153 0 15 40 29 28 2 6 2 5
0 0 0 1 6 1 1 1 6 6 1 2 4 -1 -1 -1 -1 -1 -1 552520 0 15 40 30 28.5 2 6 2 5
0 0 0 1 6 4 1 1 6 6 1 2 4 -1 -1 -1 -1 -1 -1 552853 1 15 40 30 28.5 2 6 2 5
0 0 0 1 1 6 1 1 6 6 1 2 5 -1 -1 -1 -1 -1 -1 553219 0 15 40 30 28.5 2 6 2 5
0 0 0 1 1 7 1 1 6 6 1 2 5 5 5 4 4 1 1 553553 0 15 40 30 28.5 2 5 2 5
0 0 0 1 1 6 1 1 6 6 1 2 5 -1 -1 -1 -1 -1 -1 553919 0 15 40 30 28.5 2 5 2 5
0 0 0 1 1 6 4 1 6 6 1 2 5 -1 -1 -1 -1 -1 -1 554252 1 15 40 30 28.5 2 5 2 5
0 0 0 1 1 1 6 1 6 6 1 2 6 -1 -1 -1 -1 -1 -1 554619 0 15 40 30 28.5 2 5 2 5
0 0 0 1 1 1 7 1 6 6 1 2 6 6 5 4 4 1 1 554952 0 15 40 30 28.5 2 4 2 5
0 0 0 1 1 6 1 1 6 6 1 2 5 -1 -1 -1 -1 -1 -1 555319 0 15 40 31 29 2 4 2 5
0 0 0 1 1 6 4 1 6 6 1 2 5 -1 -1 -1 -1 -1 -1 555652 1 15 40 31 29 2 4 2 5
0 0 0 1 1 6 1 1 6 6 1 2 5 -1 -1 -1 -1 -1 -1 555985 0 15 40 31 29 2 4 2 5
0 0 0 1 1 7 1 1 6 6 1 2 5 5 5 4 4 1 1 556352 0 15 40 31 29 2 4 2 5
0 0 0 1 1 6 1 1 7 0 2 1 5 -1 -1 -1 -1 -1 -1 563350 0 15 23 23 60 2 8 0 5
0 0 0 1 1 6 1 1 7 0 2 1 5 -1 -1 -1 -1 -1 -1 563517 0 15 23 23 60 2 8 0 5
0 0 0 1 1 6 1 1 7 0 2 1 5 -1 -1 -1 -1 -1 -1 563683 0 15 23 23 60 2 4 2 5
0 0 0 1 1 6 1 1 7 0 2 1 5 -1 -1 -1 -1 -1 -1 563850 0 15 23 23 53 2 4 2 5
0 0 0 1 1 6 1 1 7 0 2 1 5 -1 -1 -1 -1 -1 -1 564083 0 15 23 23 36.6666 2 4 2 5
0 0 0 1 1 6 1 1 7 0 2 1 5 -1 -1 -1 -1 -1 -1 564450 0 15 23 23 25 2 4 2 5
0 0 0 1 1 6 1 1 7 0 2 1 5 -1 -1 -1 -1 -1 -1 564850 0 15 23 23 25 2 4 2 5
0 0 0 1 1 6 1 1 7 0 2 1 5 -1 -1 -1 -1 -1 -1 565250 0 15 23 23 25 2 4 2 5
0 0 0 1 1 6 1 1 7 0 2 1 5 -1 -1 -1 -1 -1 -1 565650 0 15 23 23 25 2 4 2 5
0 0 0 1 1 6 1 1 7 0 2 1 5 -1 -1 -1 -1 -1 -1 566050 0 15 23 23 25 2 4 2 5
0 0 0 3 1 6 1 1 7 0 2 1 5 3 1 4 2 0 0 566449 0 15 23 23 25 2 4 2 5
0 0 0 1 1 6 1 1 7 0 2 1 5 -1 -1 -1 -1 -1 -1 566849 0 15 23 23 25 2 4 2 5
0 0 0 1 1 6 1 1 7 0 2 1 5 -1 -1 -1 -1 -1 -1 567249 0 15 23 23 25 2 4 2 5
0 0 0 1 1 6 1 1 7 0 2 1 5 -1 -1 -1 -1 -1 -1 567649 0 15 23 23 25 2 4 2 5
0 0 0 1 3 6 1 1 7 0 2 1 5 4 3 4 3 0 0 568049 0 15 23 23 25 2 6 2 5
0 0 0 1 1 6 1 1 7 0 2 1 5 -1 -1 -1 -1 -1 -1 568449 0 15 23 23 25 2 6 2 5
0 0 0 1 1 6 1 1 7 0 2 1 5 -1 -1 -1 -1 -1 -1 568849 0 15 23 23 25 2 6 2 5
0 0 0 1 1 6 1 1 7 0 2 1 5 -1 -1 -1 -1 -1 -1 569249 0 15 23 23 25 2 6 2 5
0 0 0 1 1 6 3 1 7 0 2 1 5 6 0 4 1 0 0 569649 0 15 23 23 25 2 4 2 5
0 0 0 1 1 6 1 1 7 0 2 1 5 -1 -1 -1 -1 -1 -1 570049 0 15 23 23 25 2 4 2 5
0 0 0 1 1 6 1 1 7 0 2 1 5 -1 -1 -1 -1 -1 -1 570449 0 15 23 23 25 2 4 2 5
0 0 0 1 1 6 1 1 7 0 2 1 5 -1 -1 -1 -1 -1 -1 570848 0 15 23 23 25 2 4 2 5
0 0 0 1 1 6 3 1 7 0 2 1 5 6 1 4 2 0 0 571248 0 15 23 23 25 2 5 2 5
0 0 0 1 1 6 1 1 7 0 2 1 5 -1 -1 -1 -1 -1 -1 571648 0 15 23 23 25 2 5 2 5
0 0 0 1 1 6 1 1 7 0 2 1 5 -1 -1 -1 -1 -1 -1 572048 0 15 23 23 25 2 5 2 5
0 0 0 1 1 6 1 1 7 0 2 1 5 -1 -1 -1 -1 -1 -1 572448 0 15 23 23 25 2 5 2 5
0 0 0 1 3 6 1 1 7 0 2 1 5 4 3 4 3 0 0 572848 0 15 23 23 25 2 6 2 5
0 0 0 1 1 6 1 1 7 0 2 1 5 -1 -1 -1 -1 -1 -1 573248 0 15 23 23 25 2 6 2 5
0 0 0 1 1 6 1 1 7 0 2 1 5 -1 -1 -1 -1 -1 -1 573648 0 15 23 23 25 2 6 2 5
0 0 0 1 1 6 1 1 7 0 2 1 5 -1 -1 -1 -1 -1 -1 574048 0 15 23 23 25 2 6 2 5
0 0 0 1 3 6 1 1 7 0 2 1 5 4 0 4 1 0 0 574448 0 15 23 23 25 2 8 0 5
0 0 0 1 1 6 1 1 7 0 2 1 5 -1 -1 -1 -1 -1 -1 574847 0 15 23 23 25 2 8 0 5
0 0 0 1 1 6 1 1 7 0 2 1 5 -1 -1 -1 -1 -1 -1 575247 0 15 23 23 25 2 8 0 5
0 0 0 1 1 1 6 1 7 0 2 1 6 -1 -1 -1 -1 -1 -1 575647 0 15 23 23 25 2 8 0 5
0 0 0 1 1 3 6 1 7 0 2 1 6 5 1 4 2 0 0 576047 0 15 23 23 25 2 4 2 5
0 0 0 1 1 1 6 1 7 0 2 1 6 -1 -1 -1 -1 -1 -1 576447 0 15 23 23 25 2 4 2 5
0 0 0 1 1 6 1 1 7 0 2 1 5 -1 -1 -1 -1 -1 -1 576847 0 15 23 23 25 2 4 2 5
0 0 0 1 1 6 1 1 7 0 2 1 5 -1 -1 -1 -1 -1 -1 577247 0 15 23 23 25 2 4 2 5
0 0 0 1 1 7 1 1 7 0 2 1 5 5 0 4 1 1 1 577647 0 15 23 23 25 2 4 2 5
0 0 0 1 1 6 1 1 7 0 2 1 5 -1 -1 -1 -1 -1 -1 578047 0 15 23 23 25 2 4 2 5
0 0 0 1 1 6 1 1 7 0 2 1 5 -1 -1 -1 -1 -1 -1 578447 0 15 23 23 25 2 4 2 5
0 0 0 1 1 6 1 1 7 0 2 1 5 -1 -1 -1 -1 -1 -1 578846 0 15 23 23 25 2 4 2 5
0 0 0 1 3 6 1 1 7 0 2 1 5 4 2 4 0 0 0 579246 0 15 23 23 25 2 4 2 5
0 0 0 1 1 6 1 1 7 0 2 1 5 -1 -1 -1 -1 -1 -1 579646 0 15 23 23 25 2 4 2 5
0 0 0 1 1 6 1 1 7 0 2 1 5 -1 -1 -1 -1 -1 -1 580046 0 15 23 23 25 2 4 2 5
0 0 0 1 1 1 6 1 7 0 2 1 6 -1 -1 -1 -1 -1 -1 580446 0 15 23 23 25 2 4 2 5
0 0 0 1 1 1 7 1 7 0 2 1 6 6 0 4 1 1 1 580846 0 15 23 23 25 2 6 2 5
0 0 0 1 1 1 6 1 7 0 2 1 6 -1 -1 -1 -1 -1 -1 581246 0 15 23 23 25 2 6 2 5
0 0 0 1 1 1 6 1 7 0 2 1 6 -1 -1 -1 -1 -1 -1 581646 0 15 23 23 25 2 6 2 5
0 0 0 1 1 1 6 1 7 0 2 1 6 -1 -1 -1 -1 -1 -1 582046 0 15 23 23 25 2 6 2 5
0 0 0 1 3 1 6 1 7 0 2 1 6 4 3 4 3 0 0 582446 0 15 23 23 25 2 4 2 5
0 0 0 1 1 1 6 1 7 0 2 1 6 -1 -1 -1 -1 -1 -1 582845 0 15 23 23 25 2 4 2 5
0 0 0 1 1 6 1 1 7 0 2 1 5 -1 -1 -1 -1 -1 -1 583245 0 15 23 23 25 2 4 2 5
0 0 0 1 1 1 6 1 7 0 2 1 6 -1 -1 -1 -1 -1 -1 583645 0 15 23 23 25 2 4 2 5
0 0 0 1 1 1 7 1 7 0 2 1 6 6 0 4 1 1 1 584045 0 15 23 23 25 2 5 2 5
0 0 0 1 1 1 6 1 7 0 2 1 6 -1 -1 -1 -1 -1 -1 584445 0 15 23 23 25 2 5 2 5
0 0 0 1 1 6 1 1 7 0 2 1 5 -1 -1 -1 -1 -1 -1 584845 0 15 23 23 25 2 5 2 5
0 0 0 1 1 6 1 1 7 0 2 1 5 -1 -1 -1 -1 -1 -1 585245 0 15 23 23 25 2 5 2 5
0 0 0 1 3 6 1 1 7 0 2 1 5 4 2 4 0 0 0 585645 0 15 23 23 25 2 6 2 5
0 0 0 1 1 6 1 1 7 0 2 1 5 -1 -1 -1 -1 -1 -1 586045 0 15 23 23 25 2 6 2 5
0 0 0 1 1 6 1 1 7 0 2 1 5 -1 -1 -1 -1 -1 -1 586445 0 15 23 23 25 2 6 2 5
0 0 0 1 1 6 1 1 7 0 2 1 5 -1 -1 -1 -1 -1 -1 586845 0 15 23 23 25 2 6 2 5
0 0 0 1 1 7 1 1 7 0 2 1 5 5 0 4 1 1 1 587244 0 15 23 23 25 2 8 0 5
0 0 0 1 1 6 1 1 7 0 2 1 5 -1 -1 -1 -1 -1 -1 587644 0 15 23 23 25 2 8 0 5
0 0 0 1 1 1 6 1 7 0 2 1 6 -1 -1 -1 -1 -1 -1 588044 0 15 23 23 25 2 8 0 5
0 0 0 1 1 1 6 1 7 0 2 1 6 -1 -1 -1 -1 -1 -1 588444 0 15 23 23 25 2 8 0 5
0 0 0 1 1 1 6 3 7 0 2 1 6 7 3 4 3 0 0 588844 0 15 23 23 25 2 4 2 5
0 0 0 1 1 6 1 1 7 0 2 1 5 -1 -1 -1 -1 -1 -1 589244 0 15 23 23 25 2 4 2 5
0 0 0 1 1 6 1 1 7 0 2 1 5 -1 -1 -1 -1 -1 -1 589644 0 15 23 23 25 2 4 2 5
0 0 0 1 1 1 6 1 7 0 2 1 6 -1 -1 -1 -1 -1 -1 590044 0 15 23 23 25 2 4 2 5
0 0 0 1 1 3 6 1 7 0 2 1 6 5 1 4 2 0 0 590444 0 15 23 23 25 2 4 2 5
0 0 0 1 1 1 6 1 7 0 2 1 6 -1 -1 -1 -1 -1 -1 590844 0 15 23 23 25 2 4 2 5
0 0 0 1 1 6 1 1 7 0 2 1 5 -1 -1 -1 -1 -1 -1 591243 0 15 23 23 25 2 4 2 5
0 0 0 1 1 6 1 1 7 0 2 1 5 -1 -1 -1 -1 -1 -1 591643 0 15 23 23 25 2 4 2 5
0 0 0 1 1 7 1 1 7 0 2 1 5 5 3 4 3 1 1 592010 0 15 23 23 25 2 4 2 5
0 0 0 1 1 6 1 1 7 0 2 1 5 -1 -1 -1 -1 -1 -1 592443 0 15 23 23 25 2 4 2 5
0 0 0 1 1 6 1 1 7 0 2 1 5 -1 -1 -1 -1 -1 -1 592843 0 15 23 23 25 2 4 2 5
0 0 0 1 1 6 1 1 7 0 2 1 5 -1 -1 -1 -1 -1 -1 593243 0 15 23 23 25 2 4 2 5
0 0 0 1 1 6 1 3 7 0 2 1 5 7 0 4 1 0 0 593610 0 15 23 23 25 2 6 2 5
0 0 0 1 1 6 1 1 7 0 2 1 5 -1 -1 -1 -1 -1 -1 594009 0 15 23 23 25 2 6 2 5
0 0 0 1 1 6 1 1 7 0 2 1 5 -1 -1 -1 -1 -1 -1 594409 0 15 23 23 25 2 6 2 5
0 0 0 1 1 6 1 1 7 0 2 1 5 -1 -1 -1 -1 -1 -1 594809 0 15 23 23 25 2 6 2 5
0 0 0 1 1 6 1 3 7 0 2 1 5 7 1 4 2 0 0 595209 0 15 23 23 25 2 4 2 5
0 0 0 1 1 6 1 1 7 0 2 1 5 -1 -1 -1 -1 -1 -1 595609 0 15 23 23 25 2 4 2 5
0 0 0 1 1 1 6 1 7 0 2 1 6 -1 -1 -1 -1 -1 -1 596009 0 15 23 23 25 2 4 2 5
0 0 0 1 1 1 6 1 7 0 2 1 6 -1 -1 -1 -1 -1 -1 596409 0 15 23 23 25 2 4 2 5
0 0 0 1 1 1 7 1 7 0 2 1 6 6 0 4 1 1 1 596809 0 15 23 23 25 2 5 2 5
0 0 0 1 1 1 6 1 7 0 2 1 6 -1 -1 -1 -1 -1 -1 597209 0 15 23 23 25 2 5 2 5
0 0 0 1 1 6 1 1 7 0 2 1 5 -1 -1 -1 -1 -1 -1 597609 0 15 23 23 25 2 5 2 5
0 0 0 1 1 6 1 1 7 0 2 1 5 -1 -1 -1 -1 -1 -1 598008 0 15 23 23 25 2 5 2 5
0 0 0 1 3 6 1 1 7 0 2 1 5 4 2 4 0 0 0 598408 0 15 23 23 25 2 6 2 5
0 0 0 1 1 6 1 1 7 0 2 1 5 -1 -1 -1 -1 -1 -1 598808 0 15 23 23 25 2 6 2 5
0 0 0 1 1 6 1 1 7 0 2 1 5 -1 -1 -1 -1 -1 -1 599208 0 15 23 23 25 2 6 2 5
0 0 0 1 1 6 1 1 7 0 2 1 5 -1 -1 -1 -1 -1 -1 599608 0 15 23 23 25 2 6 2 5
0 0 0 3 1 6 1 1 7 0 2 1 5 3 3 4 3 0 0 600008 0 15 23 23 25 2 8 0 5
0 0 0 1 1 6 1 1 7 0 2 1 5 -1 -1 -1 -1 -1 -1 600408 0 15 23 23 25 2 8 0 5
0 0 0 1 1 6 1 1 7 0 2 1 5 -1 -1 -1 -1 -1 -1 600808 0 15 23 23 25 2 8 0 5
0 0 0 1 1 6 1 1 7 0 2 1 5 -1 -1 -1 -1 -1 -1 601208 0 15 23 23 25 2 8 0 5
0 0 0 3 1 6 1 1 7 0 2 1 5 3 0 4 1 0 0 601608 0 15 23 23 25 2 4 2 5
0 0 0 1 1 6 1 1 7 0 2 1 5 -1 -1 -1 -1 -1 -1 602007 0 15 23 23 25 2 4 2 5
0 0 0 1 1 6 1 1 7 0 2 1 5 -1 -1 -1 -1 -1 -1 602407 0 15 23 23 25 2 4 2 5
0 0 0 1 1 6 1 1 7 0 2 1 5 -1 -1 -1 -1 -1 -1 602807 0 15 23 23 25 2 4 2 5
0 0 0 1 1 7 1 1 7 0 2 1 5 5 3 4 3 1 1 603207 0 15 23 23 25 2 4 2 5
0 0 0 1 1 6 1 1 7 0 2 1 5 -1 -1 -1 -1 -1 -1 603607 0 15 23 23 25 2 4 2 5
0 0 0 1 1 6 1 1 7 0 2 1 5 -1 -1 -1 -1 -1 -1 604007 0 15 23 23 25 2 4 2 5
0 0 0 1 1 6 1 1 7 0 2 1 5 -1 -1 -1 -1 -1 -1 604407 0 15 23 23 25 2 4 2 5
0 0 0 3 1 6 1 1 7 0 2 1 5 3 2 4 0 0 0 604807 0 15 23 23 25 2 4 2 5
0 0 0 1 1 6 1 1 7 0 2 1 5 -1 -1 -1 -1 -1 -1 605207 0 15 23 23 25 2 4 2 5
0 0 0 1 6 1 1 1 7 0 2 1 4 -1 -1 -1 -1 -1 -1 605607 0 15 23 23 25 2 4 2 5
0 0 0 6 1 1 1 1 7 0 2 1 3 -1 -1 -1 -1 -1 -1 606006 0 15 23 23 25 2 4 2 5
0 0 0 7 1 1 1 1 7 0 2 1 3 3 3 4 3 1 1 606406 0 15 23 23 25 2 6 2 5
0 0 0 1 1 6 1 1 8 2 3 1 5 -1 -1 -1 -1 -1 -1 616037 0 15 23 16 60 2 8 0 5
0 0 0 1 1 6 1 1 8 2 3 1 5 -1 -1 -1 -1 -1 -1 616204 0 15 23 16 60 2 8 0 5
0 0 0 1 1 6 1 1 8 2 3 1 5 -1 -1 -1 -1 -1 -1 616371 0 15 23 16 60 2 6 2 5
0 0 0 1 1 6 1 1 8 2 3 1 5 -1 -1 -1 -1 -1 -1 616537 0 15 23 16 50.6 2 6 2 5
0 0 0 1 1 6 1 1 8 2 3 1 5 -1 -1 -1 -1 -1 -1 616804 0 15 23 16 25.5333 2 6 2 5
0 0 0 1 1 6 1 1 8 2 3 1 5 -1 -1 -1 -1 -1 -1 617537 0 15 23 16 13 2 6 2 5
0 0 0 1 1 6 1 1 8 2 3 1 5 -1 -1 -1 -1 -1 -1 618303 0 15 23 16 13 2 4 2 5
0 0 0 1 1 6 1 1 8 2 3 1 5 -1 -1 -1 -1 -1 -1 619070 0 15 23 16 13 2 4 2 5
0 0 0 1 6 1 1 1 8 2 3 1 4 -1 -1 -1 -1 -1 -1 619836 0 15 23 16 13 2 4 2 5
0 0 0 1 6 1 1 1 8 2 3 1 4 -1 -1 -1 -1 -1 -1 620603 0 15 23 16 13 2 4 2 5
0 0 0 1 6 3 1 1 8 2 3 1 4 5 5 4 0 0 0 621369 0 15 23 16 13 2 6 2 5
0 0 0 1 6 1 1 1 8 2 3 1 4 -1 -1 -1 -1 -1 -1 622136 0 15 23 16 13 2 6 2 5
0 0 0 1 6 1 1 1 8 2 3 1 4 -1 -1 -1 -1 -1 -1 622902 0 15 23 16 13 2 6 2 5
0 0 0 1 6 1 1 1 8 2 3 1 4 -1 -1 -1 -1 -1 -1 623669 0 15 23 16 13 2 6 2 5
0 0 0 1 6 1 1 3 8 2 3 1 4 7 5 4 3 0 0 624435 0 15 23 16 13 2 4 2 5
0 0 0 1 6 1 1 1 8 2 3 1 4 -1 -1 -1 -1 -1 -1 625235 0 15 23 16 13 2 4 2 5
0 0 0 1 6 1 1 1 8 2 3 1 4 -1 -1 -1 -1 -1 -1 626002 0 15 23 16 13 2 4 2 5
0 0 0 1 6 1 1 1 8 2 3 1 4 -1 -1 -1 -1 -1 -1 626768 0 15 23 16 13 2 4 2 5
0 0 0 1 6 1 3 1 8 2 3 1 4 6 5 4 1 0 0 627535 0 15 23 16 13 2 4 2 5
0 0 0 1 6 1 1 1 8 2 3 1 4 -1 -1 -1 -1 -1 -1 628301 0 15 23 16 13 2 4 2 5
0 0 0 1 6 1 1 1 8 2 3 1 4 -1 -1 -1 -1 -1 -1 629068 0 15 23 16 13 2 4 2 5
0 0 0 1 6 1 1 1 8 2 3 1 4 -1 -1 -1 -1 -1 -1 629834 0 15 23 16 13 2 4 2 5
0 0 0 1 7 1 1 1 8 2 3 1 4 4 5 4 0 1 1 630600 0 15 23 16 13 2 6 2 5
0 0 0 1 6 1 1 1 8 2 3 1 4 -1 -1 -1 -1 -1 -1 631367 0 15 23 16 13 2 6 2 5
0 0 0 1 6 1 1 1 8 2 3 1 4 -1 -1 -1 -1 -1 -1 632133 0 15 23 16 13 2 6 2 5
0 0 0 1 6 1 1 1 8 2 3 1 4 -1 -1 -1 -1 -1 -1 632900 0 15 23 16 13 2 6 2 5
0 0 0 3 1 6 1 1 8 2 3 1 5 3 5 4 1 0 0 633666 0 15 23 16 13 2 6 2 5
0 0 0 1 1 6 1 1 8 2 3 1 5 -1 -1 -1 -1 -1 -1 634433 0 15 23 16 13 2 6 2 5
0 0 0 1 1 6 1 1 8 2 3 1 5 -1 -1 -1 -1 -1 -1 635233 0 15 23 16 13 2 6 2 5
0 0 0 1 1 6 1 1 8 2 3 1 5 -1 -1 -1 -1 -1 -1 635999 0 15 23 16 13 2 6 2 5
0 0 0 1 3 6 1 1 8 2 3 1 5 4 5 4 2 0 0 636766 0 15 23 16 13 2 8 0 5
0 0 0 1 1 6 1 1 8 2 3 1 5 -1 -1 -1 -1 -1 -1 637532 0 15 23 16 13 2 8 0 5
0 0 0 1 1 6 1 1 8 2 3 1 5 -1 -1 -1 -1 -1 -1 638299 0 15 23 16 13 2 8 0 5
0 0 0 1 1 6 1 1 8 2 3 1 5 -1 -1 -1 -1 -1 -1 639065 0 15 23 16 13 2 8 0 5
0 0 0 1 3 6 1 1 8 2 3 1 5 4 5 4 1 0 0 639832 0 15 23 16 13 2 6 2 5
0 0 0 1 1 6 1 1 8 2 3 1 5 -1 -1 -1 -1 -1 -1 640598 0 15 23 16 13 2 6 2 5
0 0 0 6 1 1 1 1 8 2 3 1 3 -1 -1 -1 -1 -1 -1 641365 0 15 23 16 13 2 6 2 5
0 0 0 6 1 1 1 1 8 2 3 1 3 -1 -1 -1 -1 -1 -1 642131 0 15 23 16 13 2 6 2 5
0 0 0 7 1 1 1 1 8 2 3 1 3 3 5 4 1 1 1 642897 0 15 23 16 13 2 4 2 5
0 0 0 6 1 1 1 1 8 2 3 1 3 -1 -1 -1 -1 -1 -1 643564 0 15 23 17 16 2 4 2 5
0 0 0 1 6 1 1 1 8 2 3 1 4 -1 -1 -1 -1 -1 -1 644164 0 15 23 17 16 2 4 2 5
0 0 0 1 1 6 1 1 8 2 3 1 5 -1 -1 -1 -1 -1 -1 644797 0 15 23 17 16 2 4 2 5
0 0 0 1 1 7 1 1 8 2 3 1 5 5 5 4 2 1 1 645430 0 15 23 17 16 2 6 2 5
0 0 0 1 1 6 1 1 8 2 3 1 5 -1 -1 -1 -1 -1 -1 616037 0 15 23 16 60 2 8 0 5
0 0 0 1 1 6 1 1 8 2 3 1 5 -1 -1 -1 -1 -1 -1 616204 0 15 23 16 60 2 8 0 5
0 0 0 1 1 6 1 1 8 2 3 1 5 -1 -1 -1 -1 -1 -1 616371 0 15 23 16 60 2 6 2 5
0 0 0 1 1 6 1 1 8 2 3 1 5 -1 -1 -1 -1 -1 -1 616537 0 15 23 16 50.6 2 6 2 5
0 0 0 1 1 6 1 1 8 2 3 1 5 -1 -1 -1 -1 -1 -1 616804 0 15 23 16 25.5333 2 6 2 5
0 0 0 1 1 6 1 1 8 2 3 1 5 -1 -1 -1 -1 -1 -1 617537 0 15 23 16 13 2 6 2 5
0 0 0 1 1 6 1 1 8 2 3 1 5 -1 -1 -1 -1 -1 -1 618303 0 15 23 16 13 2 4 2 5
0 0 0 1 1 6 1 1 8 2 3 1 5 -1 -1 -1 -1 -1 -1 619070 0 15 23 16 13 2 4 2 5
0 0 0 1 6 1 1 1 8 2 3 1 4 -1 -1 -1 -1 -1 -1 619836 0 15 23 16 13 2 4 2 5
0 0 0 1 6 1 1 1 8 2 3 1 4 -1 -1 -1 -1 -1 -1 620603 0 15 23 16 13 2 4 2 5
0 0 0 1 6 3 1 1 8 2 3 1 4 5 5 4 0 0 0 621369 0 15 23 16 13 2 6 2 5
0 0 0 1 6 1 1 1 8 2 3 1 4 -1 -1 -1 -1 -1 -1 622136 0 15 23 16 13 2 6 2 5
0 0 0 1 6 1 1 1 8 2 3 1 4 -1 -1 -1 -1 -1 -1 622902 0 15 23 16 13 2 6 2 5
0 0 0 1 6 1 1 1 8 2 3 1 4 -1 -1 -1 -1 -1 -1 623669 0 15 23 16 13 2 6 2 5
0 0 0 1 6 1 1 3 8 2 3 1 4 7 5 4 3 0 0 624435 0 15 23 16 13 2 4 2 5
0 0 0 1 6 1 1 1 8 2 3 1 4 -1 -1 -1 -1 -1 -1 625235 0 15 23 16 13 2 4 2 5
0 0 0 1 6 1 1 1 8 2 3 1 4 -1 -1 -1 -1 -1 -1 626002 0 15 23 16 13 2 4 2 5
0 0 0 1 6 1 1 1 8 2 3 1 4 -1 -1 -1 -1 -1 -1 626768 0 15 23 16 13 2 4 2 5
0 0 0 1 6 1 3 1 8 2 3 1 4 6 5 4 1 0 0 627535 0 15 23 16 13 2 4 2 5
0 0 0 1 6 1 1 1 8 2 3 1 4 -1 -1 -1 -1 -1 -1 628301 0 15 23 16 13 2 4 2 5
0 0 0 1 6 1 1 1 8 2 3 1 4 -1 -1 -1 -1 -1 -1 629068 0 15 23 16 13 2 4 2 5
0 0 0 1 6 1 1 1 8 2 3 1 4 -1 -1 -1 -1 -1 -1 629834 0 15 23 16 13 2 4 2 5
0 0 0 1 7 1 1 1 8 2 3 1 4 4 5 4 0 1 1 630600 0 15 23 16 13 2 6 2 5
0 0 0 1 6 1 1 1 8 2 3 1 4 -1 -1 -1 -1 -1 -1 631367 0 15 23 16 13 2 6 2 5
0 0 0 1 6 1 1 1 8 2 3 1 4 -1 -1 -1 -1 -1 -1 632133 0 15 23 16 13 2 6 2 5
0 0 0 1 6 1 1 1 8 2 3 1 4 -1 -1 -1 -1 -1 -1 632900 0 15 23 16 13 2 6 2 5
0 0 0 3 1 6 1 1 8 2 3 1 5 3 5 4 1 0 0 633666 0 15 23 16 13 2 6 2 5
0 0 0 1 1 6 1 1 8 2 3 1 5 -1 -1 -1 -1 -1 -1 634433 0 15 23 16 13 2 6 2 5
0 0 0 1 1 6 1 1 8 2 3 1 5 -1 -1 -1 -1 -1 -1 635233 0 15 23 16 13 2 6 2 5
0 0 0 1 1 6 1 1 8 2 3 1 5 -1 -1 -1 -1 -1 -1 635999 0 15 23 16 13 2 6 2 5
0 0 0 1 3 6 1 1 8 2 3 1 5 4 5 4 2 0 0 636766 0 15 23 16 13 2 8 0 5
0 0 0 1 1 6 1 1 8 2 3 1 5 -1 -1 -1 -1 -1 -1 637532 0 15 23 16 13 2 8 0 5
0 0 0 1 1 6 1 1 8 2 3 1 5 -1 -1 -1 -1 -1 -1 638299 0 15 23 16 13 2 8 0 5
0 0 0 1 1 6 1 1 8 2 3 1 5 -1 -1 -1 -1 -1 -1 639065 0 15 23 16 13 2 8 0 5
0 0 0 1 3 6 1 1 8 2 3 1 5 4 5 4 1 0 0 639832 0 15 23 16 13 2 6 2 5
0 0 0 1 1 6 1 1 8 2 3 1 5 -1 -1 -1 -1 -1 -1 640598 0 15 23 16 13 2 6 2 5
0 0 0 6 1 1 1 1 8 2 3 1 3 -1 -1 -1 -1 -1 -1 641365 0 15 23 16 13 2 6 2 5
0 0 0 6 1 1 1 1 8 2 3 1 3 -1 -1 -1 -1 -1 -1 642131 0 15 23 16 13 2 6 2 5
0 0 0 7 1 1 1 1 8 2 3 1 3 3 5 4 1 1 1 642897 0 15 23 16 13 2 4 2 5
0 0 0 6 1 1 1 1 8 2 3 1 3 -1 -1 -1 -1 -1 -1 643564 0 15 23 17 16 2 4 2 5
0 0 0 1 6 1 1 1 8 2 3 1 4 -1 -1 -1 -1 -1 -1 644164 0 15 23 17 16 2 4 2 5
0 0 0 1 1 6 1 1 8 2 3 1 5 -1 -1 -1 -1 -1 -1 644797 0 15 23 17 16 2 4 2 5
0 0 0 1 1 7 1 1 8 2 3 1 5 5 5 4 2 1 1 645430 0 15 23 17 16 2 6 2 5
