% Tunnel Log: 
% debug seed: 1462551686
%
% SegEncNW { '0'=no panel, '1'=panel, '4'=obstacle, '5'=collided obstacle, '6'=player, '7'=player right, '8'=player wrong, '2'=target, '3'=fake }
% SegEncN
% SegEncNE
% SegEncE
% SegEncSE
% SegEncS
% SegEncSW
% SegEncW
% Event Number { 0, inf }
% Task Type { 0=Color/Sound, 1=Shape/Sound, 2=Sound, 3=Navigation, 4=Speed, 5=Training 6=Recess, 7=Special 2-Back }
% N-Back { 0, inf }
% Navigation Level { 0, inf }
% Player Loc { 0=Northwest ... 7=West }
% Pod Loc { -1=N/A, 0=Northwest ... 7=West }
% Pod Color { -1, inf }
% Pod Shape { -1, inf }
% Pod Sound { -1, inf }
% Pod Match { -1=N/A, 0=No, 1=Yes }
% Pod Taken { -1=N/A, 0=No, 1=Yes }
% Timestamp (ms)
% Num Obstacles { 0, inf }
% Min Speed { 0, inf }
% Max Speed { 0, inf }
% Base Speed { 0, inf }
% Final Speed { 0, inf }
% Navigation Score { 0, inf }
% Segment Direction { 0=Northwest ... 7=West }
% Segment Angle { 0, inf }
% Segment Panels { 0, inf }
%
% SegEncNW SecEncN SegEncNE SegEncE SegEncSE SegEncS SegEncSW SegEncW EventNumber TaskType N-Back Navigation PlayerLoc PodLoc PodColor PodShape PodSound PodMatch PodTaken Timestamp NumObs MinSpeed MaxSpeed BaseSpeed FinalSpeed NavScore SegmentDir SegmentAngle SegmentPanels
0 0 0 0 1 6 1 0 0 3 2 0 5 -1 -1 -1 -1 -1 -1 19000 0 15 40 17 60 2 8 0 3
0 0 0 0 1 6 1 0 0 3 2 0 5 -1 -1 -1 -1 -1 -1 19166 0 15 40 17 60 2 8 0 3
0 0 0 0 1 6 1 0 0 3 2 0 5 -1 -1 -1 -1 -1 -1 19333 0 15 40 17 60 2 6 2 3
0 0 0 0 1 6 1 0 0 3 2 0 5 -1 -1 -1 -1 -1 -1 19500 0 15 40 17 51.2 2 6 2 3
0 0 0 0 1 6 1 0 0 3 2 0 5 -1 -1 -1 -1 -1 -1 19766 0 15 40 17 27.7333 2 6 2 3
0 0 0 0 1 6 1 0 0 3 2 0 5 -1 -1 -1 -1 -1 -1 20333 0 15 40 17 16 2 6 2 3
0 0 0 0 1 6 1 0 0 3 2 0 5 -1 -1 -1 -1 -1 -1 20966 0 15 40 17 16 2 6 2 3
0 0 0 0 1 6 1 0 0 3 2 0 5 -1 -1 -1 -1 -1 -1 21600 0 15 40 17 16 2 6 2 3
0 0 0 0 1 1 6 0 0 3 2 0 6 -1 -1 -1 -1 -1 -1 22200 0 15 40 17 16 2 6 2 3
0 0 0 0 1 1 6 0 0 3 2 0 6 -1 -1 -1 -1 -1 -1 22833 0 15 40 17 16 2 6 2 3
0 0 0 0 1 1 7 0 0 3 2 0 6 6 5 4 4 1 1 23466 0 15 40 17 16 2 5 2 3
0 0 0 0 1 1 6 0 0 3 2 0 6 -1 -1 -1 -1 -1 -1 24099 0 15 40 17 16 2 5 2 3
0 0 0 0 6 1 1 0 0 3 2 0 4 -1 -1 -1 -1 -1 -1 24699 0 15 40 17 16 2 5 2 3
0 0 0 0 6 1 1 0 0 3 2 0 4 -1 -1 -1 -1 -1 -1 25333 0 15 40 17 16 2 5 2 3
0 0 0 0 7 1 1 0 0 3 2 0 4 4 5 4 4 1 1 25966 0 15 40 17 16 2 6 2 3
0 0 0 0 6 1 1 0 0 3 2 0 4 -1 -1 -1 -1 -1 -1 26499 0 15 40 18 19 2 6 2 3
0 0 0 0 6 1 1 0 0 3 2 0 4 -1 -1 -1 -1 -1 -1 27033 0 15 40 18 19 2 6 2 3
0 0 0 0 6 1 1 0 0 3 2 0 4 -1 -1 -1 -1 -1 -1 27566 0 15 40 18 19 2 6 2 3
0 0 0 0 7 1 1 0 0 3 2 0 4 4 5 4 4 1 1 28099 0 15 40 18 19 2 4 2 3
0 0 0 0 6 1 1 0 0 3 2 0 4 -1 -1 -1 -1 -1 -1 28599 0 15 40 18 19 2 4 2 3
0 0 0 0 6 1 1 0 0 3 2 0 4 -1 -1 -1 -1 -1 -1 29133 0 15 40 18 19 2 4 2 3
0 0 0 0 6 1 1 0 0 3 2 0 4 -1 -1 -1 -1 -1 -1 29666 0 15 40 18 19 2 4 2 3
0 0 0 0 7 1 1 0 0 3 2 0 4 4 5 4 4 1 1 30199 0 15 40 18 19 2 5 2 3
0 0 0 0 6 1 1 0 0 3 2 0 4 -1 -1 -1 -1 -1 -1 30666 0 15 40 19 21 2 5 2 3
0 0 0 0 6 1 1 0 0 3 2 0 4 -1 -1 -1 -1 -1 -1 31166 0 15 40 19 21 2 5 2 3
0 0 0 0 6 1 1 0 0 3 2 0 4 -1 -1 -1 -1 -1 -1 31633 0 15 40 19 21 2 5 2 3
0 0 0 1 7 1 1 1 0 3 2 0 4 4 5 4 4 1 1 32099 0 15 40 19 21 2 6 2 5
0 0 0 1 6 1 1 1 0 3 2 1 4 -1 -1 -1 -1 -1 -1 32566 0 15 40 19 21 2 6 2 5
0 0 0 1 1 6 1 1 0 3 2 1 5 -1 -1 -1 -1 -1 -1 33066 0 15 40 19 21 2 6 2 5
0 0 0 1 1 6 1 1 0 3 2 1 5 -1 -1 -1 -1 -1 -1 33533 0 15 40 19 21 2 6 2 5
0 0 0 1 1 7 1 1 0 3 2 1 5 5 5 4 4 1 1 33999 0 15 40 19 21 2 8 0 5
0 0 0 1 1 6 1 1 0 3 2 1 5 -1 -1 -1 -1 -1 -1 34466 0 15 40 20 22 2 8 0 5
0 0 0 1 1 1 6 1 0 3 2 1 6 -1 -1 -1 -1 -1 -1 34933 0 15 40 20 22 2 8 0 5
0 0 0 1 1 1 1 6 0 3 2 1 7 -1 -1 -1 -1 -1 -1 35366 0 15 40 20 22 2 8 0 5
0 0 0 1 1 1 1 7 0 3 2 1 7 7 5 4 4 1 1 35833 0 15 40 20 22 2 6 2 5
0 0 0 1 1 1 6 1 0 3 2 1 6 -1 -1 -1 -1 -1 -1 36266 0 15 40 20 22 2 6 2 5
0 0 0 1 1 6 1 1 0 3 2 1 5 -1 -1 -1 -1 -1 -1 36733 0 15 40 20 22 2 6 2 5
0 0 0 1 1 6 1 1 0 3 2 1 5 -1 -1 -1 -1 -1 -1 37199 0 15 40 20 22 2 6 2 5
0 0 0 1 1 7 1 1 0 3 2 1 5 5 5 4 4 1 1 37633 0 15 40 20 22 2 6 2 5
0 0 0 1 1 6 1 1 0 3 2 1 5 -1 -1 -1 -1 -1 -1 38099 0 15 40 21 23 2 6 2 5
0 0 0 1 1 1 1 6 0 3 2 1 7 -1 -1 -1 -1 -1 -1 38533 0 15 40 21 23 2 6 2 5
0 0 0 1 1 1 1 6 0 3 2 1 7 -1 -1 -1 -1 -1 -1 38966 0 15 40 21 23 2 6 2 5
0 0 0 1 1 1 1 7 0 3 2 1 7 7 5 4 4 1 1 39399 0 15 40 21 23 2 5 2 5
0 0 0 1 1 1 1 6 0 3 2 1 7 -1 -1 -1 -1 -1 -1 39833 0 15 40 21 23 2 5 2 5
0 0 0 1 1 1 1 6 0 3 2 1 7 -1 -1 -1 -1 -1 -1 40266 0 15 40 21 23 2 5 2 5
0 0 0 1 1 1 6 1 0 3 2 1 6 -1 -1 -1 -1 -1 -1 40699 0 15 40 21 23 2 5 2 5
0 0 0 1 1 1 7 1 0 3 2 1 6 6 5 4 4 1 1 41133 0 15 40 21 23 2 6 2 5
0 0 0 1 1 1 6 1 0 3 2 1 6 -1 -1 -1 -1 -1 -1 41533 0 15 40 22 24 2 6 2 5
0 0 0 1 1 1 6 1 0 3 2 1 6 -1 -1 -1 -1 -1 -1 41966 0 15 40 22 24 2 6 2 5
0 0 0 1 1 1 6 1 0 3 2 1 6 -1 -1 -1 -1 -1 -1 42366 0 15 40 22 24 2 6 2 5
0 0 0 1 1 1 7 1 0 3 2 1 6 6 5 4 4 1 1 42799 0 15 40 22 24 2 4 2 5
0 0 0 1 1 1 6 1 0 3 2 1 6 -1 -1 -1 -1 -1 -1 43199 0 15 40 22 24 2 4 2 5
0 0 0 1 6 1 1 1 0 3 2 1 4 -1 -1 -1 -1 -1 -1 43633 0 15 40 22 24 2 4 2 5
0 0 0 1 6 1 1 1 0 3 2 1 4 -1 -1 -1 -1 -1 -1 44033 0 15 40 22 24 2 4 2 5
0 0 0 1 7 1 1 1 0 3 2 1 4 4 5 4 4 1 1 44466 0 15 40 22 24 2 5 2 5
0 0 0 1 6 1 1 1 0 3 2 2 4 -1 -1 -1 -1 -1 -1 44866 0 15 40 23 25 2 5 2 5
0 0 0 6 1 1 1 1 0 3 2 2 3 -1 -1 -1 -1 -1 -1 45266 0 15 40 23 25 2 5 2 5
0 0 0 6 1 1 1 1 0 3 2 2 3 -1 -1 -1 -1 -1 -1 45666 0 15 40 23 25 2 5 2 5
0 0 0 7 1 1 1 1 0 3 2 2 3 3 5 4 4 1 1 46066 0 15 40 23 25 2 6 2 5
0 0 0 6 1 1 1 1 0 3 2 2 3 -1 -1 -1 -1 -1 -1 46466 0 15 40 23 25 2 6 2 5
0 0 0 6 4 1 1 1 0 3 2 2 3 -1 -1 -1 -1 -1 -1 46866 1 15 40 23 25 2 6 2 5
0 0 0 1 6 1 1 1 0 3 2 2 4 -1 -1 -1 -1 -1 -1 47266 0 15 40 23 25 2 6 2 5
0 0 0 1 1 7 1 1 0 3 2 2 5 5 5 4 4 1 1 47666 0 15 40 23 25 2 8 0 5
0 0 0 1 1 6 1 1 0 3 2 2 5 -1 -1 -1 -1 -1 -1 48066 0 15 40 24 25.5 2 8 0 5
0 0 0 1 1 6 1 4 0 3 2 2 5 -1 -1 -1 -1 -1 -1 48466 1 15 40 24 25.5 2 8 0 5
0 0 0 1 1 6 1 1 0 3 2 2 5 -1 -1 -1 -1 -1 -1 48832 0 15 40 24 25.5 2 8 0 5
0 0 0 1 1 7 1 1 0 3 2 2 5 5 5 4 4 1 1 49232 0 15 40 24 25.5 2 6 2 5
0 0 0 1 1 6 1 1 0 3 2 2 5 -1 -1 -1 -1 -1 -1 49632 0 15 40 24 25.5 2 6 2 5
0 0 0 1 6 1 1 4 0 3 2 2 4 -1 -1 -1 -1 -1 -1 50032 1 15 40 24 25.5 2 6 2 5
0 0 0 6 1 1 1 1 0 3 2 2 3 -1 -1 -1 -1 -1 -1 50399 0 15 40 24 25.5 2 6 2 5
0 0 0 7 1 1 1 1 0 3 2 2 3 3 5 4 4 1 1 50799 0 15 40 24 25.5 2 6 2 5
0 0 0 6 1 1 1 1 0 3 2 2 3 -1 -1 -1 -1 -1 -1 51199 0 15 40 25 26 2 6 2 5
0 0 0 1 6 1 4 1 0 3 2 2 4 -1 -1 -1 -1 -1 -1 51566 1 15 40 25 26 2 6 2 5
0 0 0 1 1 6 1 1 0 3 2 2 5 -1 -1 -1 -1 -1 -1 51966 0 15 40 25 26 2 6 2 5
0 0 0 1 1 7 1 1 0 3 2 2 5 5 5 4 4 1 1 52332 0 15 40 25 26 2 5 2 5
0 0 0 1 1 6 1 1 0 3 2 2 5 -1 -1 -1 -1 -1 -1 52732 0 15 40 25 26 2 5 2 5
0 0 0 6 1 1 1 4 0 3 2 2 3 -1 -1 -1 -1 -1 -1 53099 1 15 40 25 26 2 5 2 5
0 0 0 6 1 1 1 1 0 3 2 2 3 -1 -1 -1 -1 -1 -1 53499 0 15 40 25 26 2 5 2 5
0 0 0 7 1 1 1 1 0 3 2 2 3 3 5 4 4 1 1 53866 0 15 40 25 26 2 6 2 5
0 0 0 6 1 1 1 1 0 3 2 2 3 -1 -1 -1 -1 -1 -1 54266 0 15 40 26 26.5 2 6 2 5
0 0 0 1 6 1 4 1 0 3 2 2 4 -1 -1 -1 -1 -1 -1 54632 1 15 40 26 26.5 2 6 2 5
0 0 0 1 1 6 1 1 0 3 2 2 5 -1 -1 -1 -1 -1 -1 54999 0 15 40 26 26.5 2 6 2 5
0 0 0 1 1 7 1 1 0 3 2 2 5 5 5 4 4 1 1 55399 0 15 40 26 26.5 2 4 2 5
0 0 0 1 1 6 1 1 0 3 2 2 5 -1 -1 -1 -1 -1 -1 55766 0 15 40 26 26.5 2 4 2 5
0 0 0 1 4 1 6 1 0 3 2 2 6 -1 -1 -1 -1 -1 -1 56132 1 15 40 26 26.5 2 4 2 5
0 0 0 1 1 1 1 6 0 3 2 2 7 -1 -1 -1 -1 -1 -1 56532 0 15 40 26 26.5 2 4 2 5
0 0 0 1 1 1 1 7 0 3 2 2 7 7 5 4 4 1 1 56899 0 15 40 26 26.5 2 5 2 5
0 0 0 1 1 1 6 1 0 3 2 2 6 -1 -1 -1 -1 -1 -1 57266 0 15 40 27 27 2 5 2 5
0 0 0 1 1 1 6 4 0 3 2 2 6 -1 -1 -1 -1 -1 -1 57632 1 15 40 27 27 2 5 2 5
0 0 0 1 1 1 6 1 0 3 2 2 6 -1 -1 -1 -1 -1 -1 57999 0 15 40 27 27 2 5 2 5
0 0 0 1 1 1 7 1 0 3 2 2 6 6 5 4 4 1 1 58366 0 15 40 27 27 2 6 2 5
0 0 0 1 1 1 6 1 0 3 2 2 6 -1 -1 -1 -1 -1 -1 58766 0 15 40 27 27 2 6 2 5
0 0 0 4 1 1 1 6 0 3 2 2 7 -1 -1 -1 -1 -1 -1 59132 1 15 40 27 27 2 6 2 5
0 0 0 1 1 1 1 6 0 3 2 2 7 -1 -1 -1 -1 -1 -1 59499 0 15 40 27 27 2 6 2 5
0 0 0 1 1 1 1 7 0 3 2 2 7 7 5 4 4 1 1 59866 0 15 40 27 27 2 8 0 5
0 0 0 1 1 1 1 6 0 3 2 2 7 -1 -1 -1 -1 -1 -1 60232 0 15 40 28 27.5 2 8 0 5
0 0 0 4 1 1 6 1 0 3 2 2 6 -1 -1 -1 -1 -1 -1 60599 1 15 40 28 27.5 2 8 0 5
0 0 0 1 1 1 6 1 0 3 2 2 6 -1 -1 -1 -1 -1 -1 60966 0 15 40 28 27.5 2 8 0 5
0 0 0 1 1 1 7 1 0 3 2 2 6 6 5 4 4 1 1 61332 0 15 40 28 27.5 2 6 2 5
0 0 0 1 1 1 6 1 0 3 2 2 6 -1 -1 -1 -1 -1 -1 61666 0 15 40 28 27.5 2 6 2 5
0 0 0 4 1 6 1 1 0 3 2 2 5 -1 -1 -1 -1 -1 -1 62032 1 15 40 28 27.5 2 6 2 5
0 0 0 1 6 1 1 1 0 3 2 2 4 -1 -1 -1 -1 -1 -1 62399 0 15 40 28 27.5 2 6 2 5
0 0 0 1 7 1 1 1 0 3 2 2 4 4 5 4 4 1 1 62766 0 15 40 28 27.5 2 6 2 5
0 0 0 1 6 1 1 1 0 3 2 2 4 -1 -1 -1 -1 -1 -1 63132 0 15 40 29 28 2 6 2 5
0 0 0 1 6 4 1 1 0 3 2 2 4 -1 -1 -1 -1 -1 -1 63499 1 15 40 29 28 2 6 2 5
0 0 0 6 1 1 1 1 0 3 2 2 3 -1 -1 -1 -1 -1 -1 63832 0 15 40 29 28 2 6 2 5
0 0 0 7 1 1 1 1 0 3 2 2 3 3 5 4 4 1 1 64199 0 15 40 29 28 2 5 2 5
0 0 0 6 1 1 1 1 0 3 2 2 3 -1 -1 -1 -1 -1 -1 68665 0 15 40 29 28 2 5 2 5
0 0 0 6 1 1 4 1 0 3 2 2 3 -1 -1 -1 -1 -1 -1 69032 1 15 40 29 28 2 5 2 5
0 0 0 6 1 1 1 1 0 3 2 2 3 -1 -1 -1 -1 -1 -1 69365 0 15 40 29 28 2 5 2 5
0 0 0 7 1 1 1 1 0 3 2 2 3 3 5 4 4 1 1 69732 0 15 40 29 28 2 6 2 5
0 0 0 1 6 1 1 1 0 3 2 2 4 -1 -1 -1 -1 -1 -1 70065 0 15 40 30 28.5 2 6 2 5
0 0 0 4 6 1 1 1 0 3 2 2 4 -1 -1 -1 -1 -1 -1 70432 1 15 40 30 28.5 2 6 2 5
0 0 0 6 1 1 1 1 0 3 2 2 3 -1 -1 -1 -1 -1 -1 70799 0 15 40 30 28.5 2 6 2 5
0 0 0 7 1 1 1 1 0 3 2 2 3 3 5 4 4 1 1 71132 0 15 40 30 28.5 2 4 2 5
0 0 0 6 1 1 1 1 0 3 2 2 3 -1 -1 -1 -1 -1 -1 71499 0 15 40 30 28.5 2 4 2 5
0 0 0 6 4 1 1 1 0 3 2 2 3 -1 -1 -1 -1 -1 -1 71832 1 15 40 30 28.5 2 4 2 5
0 0 0 1 6 1 1 1 0 3 2 2 4 -1 -1 -1 -1 -1 -1 72199 0 15 40 30 28.5 2 4 2 5
0 0 0 1 7 1 1 1 0 3 2 2 4 4 5 4 4 1 1 72532 0 15 40 30 28.5 2 5 2 5
0 0 0 1 6 1 1 1 0 3 2 2 4 -1 -1 -1 -1 -1 -1 72899 0 15 40 31 29 2 5 2 5
0 0 0 6 1 1 1 4 0 3 2 2 3 -1 -1 -1 -1 -1 -1 73232 1 15 40 31 29 2 5 2 5
0 0 0 6 1 1 1 1 0 3 2 2 3 -1 -1 -1 -1 -1 -1 73565 0 15 40 31 29 2 5 2 5
0 0 0 7 1 1 1 1 0 3 2 2 3 3 5 4 4 1 1 73932 0 15 40 31 29 2 6 2 5
0 0 0 6 1 1 1 1 0 3 2 2 3 -1 -1 -1 -1 -1 -1 74265 0 15 40 31 29 2 6 2 5
0 0 0 6 1 1 1 4 0 3 2 2 3 -1 -1 -1 -1 -1 -1 74599 1 15 40 31 29 2 6 2 5
0 0 0 1 6 1 1 1 0 3 2 2 4 -1 -1 -1 -1 -1 -1 74965 0 15 40 31 29 2 6 2 5
0 0 0 1 7 1 1 1 0 3 2 2 4 4 5 4 4 1 1 75299 0 15 40 31 29 2 8 0 5
0 0 0 1 6 1 1 1 0 3 2 2 4 -1 -1 -1 -1 -1 -1 75632 0 15 40 32 29.5 2 8 0 5
0 0 0 1 6 1 1 4 0 3 2 2 4 -1 -1 -1 -1 -1 -1 75965 1 15 40 32 29.5 2 8 0 5
0 0 0 1 1 6 1 1 0 3 2 2 5 -1 -1 -1 -1 -1 -1 76299 0 15 40 32 29.5 2 8 0 5
0 0 0 1 1 1 7 1 0 3 2 2 6 6 5 4 4 1 1 76665 0 15 40 32 29.5 2 6 2 5
0 0 0 1 1 1 6 1 0 3 2 2 6 -1 -1 -1 -1 -1 -1 76999 0 15 40 32 29.5 2 6 2 5
0 0 0 1 1 4 6 1 0 3 2 2 6 -1 -1 -1 -1 -1 -1 77332 1 15 40 32 29.5 2 6 2 5
0 0 0 1 1 1 6 1 0 3 2 2 6 -1 -1 -1 -1 -1 -1 77665 0 15 40 32 29.5 2 6 2 5
0 0 0 1 1 1 1 7 0 3 2 2 7 7 5 4 4 1 1 77999 0 15 40 32 29.5 2 6 2 5
0 0 0 1 1 1 1 6 0 3 2 2 7 -1 -1 -1 -1 -1 -1 78332 0 15 40 33 30 2 6 2 5
0 0 0 1 4 1 1 6 0 3 2 2 7 -1 -1 -1 -1 -1 -1 78665 1 15 40 33 30 2 6 2 5
0 0 0 1 1 1 6 1 0 3 2 2 6 -1 -1 -1 -1 -1 -1 78999 0 15 40 33 30 2 6 2 5
0 0 0 1 1 1 7 1 0 3 2 2 6 6 5 4 4 1 1 79332 0 15 40 33 30 2 5 2 5
0 0 0 1 1 6 1 1 0 3 2 2 5 -1 -1 -1 -1 -1 -1 79665 0 15 40 33 30 2 5 2 5
0 0 0 1 1 6 4 1 0 3 2 2 5 -1 -1 -1 -1 -1 -1 79999 1 15 40 33 30 2 5 2 5
0 0 0 1 1 1 6 1 0 3 2 2 6 -1 -1 -1 -1 -1 -1 80332 0 15 40 33 30 2 5 2 5
0 0 0 1 1 1 7 1 0 3 2 2 6 6 5 4 4 1 1 80665 0 15 40 33 30 2 6 2 5
0 0 0 1 1 1 6 1 0 3 2 2 6 -1 -1 -1 -1 -1 -1 80999 0 15 40 34 30.5 2 6 2 5
0 0 0 4 1 6 1 1 0 3 2 2 5 -1 -1 -1 -1 -1 -1 81332 1 15 40 34 30.5 2 6 2 5
0 0 0 1 1 6 1 1 0 3 2 2 5 -1 -1 -1 -1 -1 -1 81665 0 15 40 34 30.5 2 6 2 5
0 0 0 1 1 7 1 1 0 3 2 2 5 5 5 4 4 1 1 81999 0 15 40 34 30.5 2 4 2 5
0 0 0 1 6 1 1 1 0 3 2 2 4 -1 -1 -1 -1 -1 -1 82299 0 15 40 34 30.5 2 4 2 5
0 0 0 1 6 4 1 1 0 3 2 2 4 -1 -1 -1 -1 -1 -1 82632 1 15 40 34 30.5 2 4 2 5
0 0 0 6 1 1 1 1 0 3 2 2 3 -1 -1 -1 -1 -1 -1 82965 0 15 40 34 30.5 2 4 2 5
0 0 0 0 1 6 1 0 1 4 2 0 5 -1 -1 -1 -1 -1 -1 89765 0 15 40 17 60 2 8 0 3
0 0 0 0 1 6 1 0 1 4 2 0 5 -1 -1 -1 -1 -1 -1 89932 0 15 40 17 60 2 8 0 3
0 0 0 0 1 6 1 0 1 4 2 0 5 -1 -1 -1 -1 -1 -1 90098 0 15 40 17 60 2 5 2 3
0 0 0 0 1 6 1 0 1 4 2 0 5 -1 -1 -1 -1 -1 -1 90265 0 15 40 17 51.2 2 5 2 3
0 0 0 0 1 6 1 0 1 4 2 0 5 -1 -1 -1 -1 -1 -1 90532 0 15 40 17 27.7333 2 5 2 3
0 0 0 0 1 6 1 0 1 4 2 0 5 -1 -1 -1 -1 -1 -1 91098 0 15 40 17 16 2 5 2 3
0 0 0 0 1 6 1 0 1 4 2 0 5 -1 -1 -1 -1 -1 -1 91732 0 15 40 17 16 2 6 2 3
0 0 0 0 1 6 1 0 1 4 2 0 5 -1 -1 -1 -1 -1 -1 92365 0 15 40 17 16 2 6 2 3
0 0 0 0 1 6 1 0 1 4 2 0 5 -1 -1 -1 -1 -1 -1 92965 0 15 40 17 16 2 6 2 3
0 0 0 0 1 6 1 0 1 4 2 0 5 -1 -1 -1 -1 -1 -1 93598 0 15 40 17 16 2 6 2 3
0 0 0 0 1 6 3 0 1 4 2 0 5 6 1 7 2 0 0 94232 0 15 40 17 16 2 6 2 3
0 0 0 0 1 6 1 0 1 4 2 0 5 -1 -1 -1 -1 -1 -1 94865 0 15 40 17 16 2 6 2 3
0 0 0 0 6 1 1 0 1 4 2 0 4 -1 -1 -1 -1 -1 -1 95465 0 15 40 17 16 2 6 2 3
0 0 0 0 6 1 1 0 1 4 2 0 4 -1 -1 -1 -1 -1 -1 96098 0 15 40 17 16 2 6 2 3
0 0 0 0 6 3 1 0 1 4 2 0 4 5 3 8 3 0 0 96732 0 15 40 17 16 2 5 2 3
0 0 0 0 6 1 1 0 1 4 2 0 4 -1 -1 -1 -1 -1 -1 97365 0 15 40 17 16 2 5 2 3
0 0 0 0 6 1 1 0 1 4 2 0 4 -1 -1 -1 -1 -1 -1 97965 0 15 40 17 16 2 5 2 3
0 0 0 0 6 1 1 0 1 4 2 0 4 -1 -1 -1 -1 -1 -1 98598 0 15 40 17 16 2 5 2 3
0 0 0 0 7 1 1 0 1 4 2 0 4 4 1 7 2 1 1 99232 0 15 40 17 16 2 6 2 3
0 0 0 0 6 1 1 0 1 4 2 0 4 -1 -1 -1 -1 -1 -1 99865 0 15 40 17 16 2 6 2 3
0 0 0 0 6 1 1 0 1 4 2 0 4 -1 -1 -1 -1 -1 -1 100465 0 15 40 17 16 2 6 2 3
0 0 0 0 6 1 1 0 1 4 2 0 4 -1 -1 -1 -1 -1 -1 101098 0 15 40 17 16 2 6 2 3
0 0 0 0 6 3 1 0 1 4 2 0 4 5 2 5 0 0 0 101732 0 15 40 17 16 2 5 2 3
0 0 0 0 6 1 1 0 1 4 2 0 4 -1 -1 -1 -1 -1 -1 102365 0 15 40 17 16 2 5 2 3
0 0 0 0 6 1 1 0 1 4 2 0 4 -1 -1 -1 -1 -1 -1 102965 0 15 40 17 16 2 5 2 3
0 0 0 0 1 6 1 0 1 4 2 0 5 -1 -1 -1 -1 -1 -1 103598 0 15 40 17 16 2 5 2 3
0 0 0 0 3 6 1 0 1 4 2 0 5 4 0 6 1 0 0 104232 0 15 40 17 16 2 5 2 3
0 0 0 0 1 6 1 0 1 4 2 0 5 -1 -1 -1 -1 -1 -1 104865 0 15 40 17 16 2 5 2 3
0 0 0 0 1 6 1 0 1 4 2 0 5 -1 -1 -1 -1 -1 -1 105465 0 15 40 17 16 2 5 2 3
0 0 0 0 1 6 1 0 1 4 2 0 5 -1 -1 -1 -1 -1 -1 106098 0 15 40 17 16 2 5 2 3
0 0 0 0 3 6 1 0 1 4 2 0 5 4 3 8 3 0 0 106732 0 15 40 17 16 2 8 0 3
0 0 0 0 1 6 1 0 1 4 2 0 5 -1 -1 -1 -1 -1 -1 107365 0 15 40 17 16 2 8 0 3
0 0 0 0 1 6 1 0 1 4 2 0 5 -1 -1 -1 -1 -1 -1 107965 0 15 40 17 16 2 8 0 3
0 0 0 0 1 6 1 0 1 4 2 0 5 -1 -1 -1 -1 -1 -1 108598 0 15 40 17 16 2 8 0 3
0 0 0 0 1 6 3 0 1 4 2 0 5 6 1 7 2 0 0 109232 0 15 40 17 16 2 5 2 3
0 0 0 0 1 6 1 0 1 4 2 0 5 -1 -1 -1 -1 -1 -1 109865 0 15 40 17 16 2 5 2 3
0 0 0 0 1 6 1 0 1 4 2 0 5 -1 -1 -1 -1 -1 -1 110465 0 15 40 17 16 2 5 2 3
0 0 0 0 1 6 1 0 1 4 2 0 5 -1 -1 -1 -1 -1 -1 111098 0 15 40 17 16 2 5 2 3
0 0 0 0 3 6 1 0 1 4 2 0 5 4 2 5 0 0 0 111731 0 15 40 17 16 2 6 2 3
0 0 0 0 1 6 1 0 1 4 2 0 5 -1 -1 -1 -1 -1 -1 112331 0 15 40 17 16 2 6 2 3
0 0 0 0 1 1 6 0 1 4 2 0 6 -1 -1 -1 -1 -1 -1 112965 0 15 40 17 16 2 6 2 3
0 0 0 0 1 1 6 0 1 4 2 0 6 -1 -1 -1 -1 -1 -1 113598 0 15 40 17 16 2 6 2 3
0 0 0 0 1 1 7 0 1 4 2 0 6 6 1 7 2 1 1 114231 0 15 40 17 16 2 6 2 3
0 0 0 0 1 1 6 0 1 4 2 0 6 -1 -1 -1 -1 -1 -1 114765 0 15 40 18 19 2 6 2 3
0 0 0 0 1 6 1 0 1 4 2 0 5 -1 -1 -1 -1 -1 -1 115298 0 15 40 18 19 2 6 2 3
0 0 0 0 1 1 6 0 1 4 2 0 6 -1 -1 -1 -1 -1 -1 115831 0 15 40 18 19 2 6 2 3
0 0 0 1 1 1 7 1 1 4 2 0 6 6 2 5 0 1 1 116331 0 15 40 18 19 2 5 2 5
0 0 0 1 1 1 6 1 1 4 2 0 6 -1 -1 -1 -1 -1 -1 116865 0 15 40 18 19 2 5 2 5
0 0 0 1 1 1 6 1 1 4 2 0 6 -1 -1 -1 -1 -1 -1 117398 0 15 40 18 19 2 5 2 5
0 0 0 1 1 1 6 1 1 4 2 0 6 -1 -1 -1 -1 -1 -1 117931 0 15 40 18 19 2 5 2 5
0 0 0 1 1 3 6 1 1 4 2 0 6 5 3 8 3 0 0 118465 0 15 40 18 19 2 6 2 5
0 0 0 1 1 1 6 1 1 4 2 1 6 -1 -1 -1 -1 -1 -1 118965 0 15 40 18 19 2 6 2 5
0 0 0 1 1 1 6 1 1 4 2 1 6 -1 -1 -1 -1 -1 -1 119498 0 15 40 18 19 2 6 2 5
0 0 0 1 1 1 6 1 1 4 2 1 6 -1 -1 -1 -1 -1 -1 120031 0 15 40 18 19 2 6 2 5
0 0 0 1 3 1 6 1 1 4 2 1 6 4 0 6 1 0 0 120565 0 15 40 18 19 2 5 2 5
0 0 0 1 1 1 6 1 1 4 2 1 6 -1 -1 -1 -1 -1 -1 121098 0 15 40 18 19 2 5 2 5
0 0 0 1 1 1 6 1 1 4 2 1 6 -1 -1 -1 -1 -1 -1 121598 0 15 40 18 19 2 5 2 5
0 0 0 1 1 1 6 1 1 4 2 1 6 -1 -1 -1 -1 -1 -1 122131 0 15 40 18 19 2 5 2 5
0 0 0 1 1 1 7 1 1 4 2 1 6 6 3 8 3 1 1 122665 0 15 40 18 19 2 5 2 5
0 0 0 1 1 1 6 1 1 4 2 1 6 -1 -1 -1 -1 -1 -1 123131 0 15 40 19 21 2 5 2 5
0 0 0 1 1 1 6 1 1 4 2 1 6 -1 -1 -1 -1 -1 -1 123631 0 15 40 19 21 2 5 2 5
0 0 0 1 1 1 6 1 1 4 2 1 6 -1 -1 -1 -1 -1 -1 124098 0 15 40 19 21 2 5 2 5
0 0 0 1 1 1 7 1 1 4 2 1 6 6 0 6 1 1 1 124565 0 15 40 19 21 2 8 0 5
0 0 0 1 1 1 6 1 1 4 2 1 6 -1 -1 -1 -1 -1 -1 125065 0 15 40 19 21 2 8 0 5
0 0 0 1 1 1 6 1 1 4 2 1 6 -1 -1 -1 -1 -1 -1 125531 0 15 40 19 21 2 8 0 5
0 0 0 1 1 6 1 1 1 4 2 1 5 -1 -1 -1 -1 -1 -1 125998 0 15 40 19 21 2 8 0 5
0 0 0 1 1 6 3 1 1 4 2 1 5 6 2 5 0 0 0 126465 0 15 40 19 21 2 5 2 5
0 0 0 1 1 6 1 1 1 4 2 1 5 -1 -1 -1 -1 -1 -1 126965 0 15 40 19 21 2 5 2 5
0 0 0 1 1 6 1 1 1 4 2 1 5 -1 -1 -1 -1 -1 -1 127431 0 15 40 19 21 2 5 2 5
0 0 0 1 1 6 1 1 1 4 2 1 5 -1 -1 -1 -1 -1 -1 127898 0 15 40 19 21 2 5 2 5
0 0 0 1 3 6 1 1 1 4 2 1 5 4 3 8 3 0 0 128398 0 15 40 19 21 2 6 2 5
0 0 0 1 1 6 1 1 1 4 2 1 5 -1 -1 -1 -1 -1 -1 128865 0 15 40 19 21 2 6 2 5
0 0 0 1 1 6 1 1 1 4 2 1 5 -1 -1 -1 -1 -1 -1 129332 0 15 40 19 21 2 6 2 5
0 0 0 1 1 6 1 1 1 4 2 1 5 -1 -1 -1 -1 -1 -1 129798 0 15 40 19 21 2 6 2 5
0 0 0 1 1 6 3 1 1 4 2 1 5 6 0 6 1 0 0 130298 0 15 40 19 21 2 6 2 5
0 0 0 1 1 6 1 1 1 4 2 1 5 -1 -1 -1 -1 -1 -1 130765 0 15 40 19 21 2 6 2 5
0 0 0 1 1 6 1 1 1 4 2 1 5 -1 -1 -1 -1 -1 -1 131232 0 15 40 19 21 2 6 2 5
0 0 0 1 6 1 1 1 1 4 2 1 4 -1 -1 -1 -1 -1 -1 131732 0 15 40 19 21 2 6 2 5
0 0 0 1 6 3 1 1 1 4 2 1 4 5 1 7 2 0 0 132199 0 15 40 19 21 2 5 2 5
0 0 0 1 6 1 1 1 1 4 2 1 4 -1 -1 -1 -1 -1 -1 132666 0 15 40 19 21 2 5 2 5
0 0 0 1 6 1 1 1 1 4 2 1 4 -1 -1 -1 -1 -1 -1 133132 0 15 40 19 21 2 5 2 5
0 0 0 1 6 1 1 1 1 4 2 1 4 -1 -1 -1 -1 -1 -1 133632 0 15 40 19 21 2 5 2 5
0 0 0 1 6 1 1 3 1 4 2 1 4 7 3 8 3 0 0 134099 0 15 40 19 21 2 6 2 5
0 0 0 1 6 1 1 1 1 4 2 1 4 -1 -1 -1 -1 -1 -1 134566 0 15 40 19 21 2 6 2 5
0 0 0 1 6 1 1 1 1 4 2 1 4 -1 -1 -1 -1 -1 -1 135066 0 15 40 19 21 2 6 2 5
0 0 0 1 6 1 1 1 1 4 2 1 4 -1 -1 -1 -1 -1 -1 135533 0 15 40 19 21 2 6 2 5
0 0 0 1 6 3 1 1 1 4 2 1 4 5 0 6 1 0 0 136000 0 15 40 19 21 2 5 2 5
0 0 0 1 6 1 1 1 1 4 2 1 4 -1 -1 -1 -1 -1 -1 136466 0 15 40 19 21 2 5 2 5
0 0 0 1 6 1 1 1 1 4 2 1 4 -1 -1 -1 -1 -1 -1 136966 0 15 40 19 21 2 5 2 5
0 0 0 1 6 1 1 1 1 4 2 1 4 -1 -1 -1 -1 -1 -1 137433 0 15 40 19 21 2 5 2 5
0 0 0 1 7 1 1 1 1 4 2 1 4 4 3 8 3 1 1 137900 0 15 40 19 21 2 5 2 5
0 0 0 1 6 1 1 1 1 4 2 1 4 -1 -1 -1 -1 -1 -1 138367 0 15 40 20 22 2 5 2 5
0 0 0 1 6 1 1 1 1 4 2 1 4 -1 -1 -1 -1 -1 -1 138834 0 15 40 20 22 2 5 2 5
0 0 0 1 6 1 1 1 1 4 2 1 4 -1 -1 -1 -1 -1 -1 139267 0 15 40 20 22 2 5 2 5
0 0 0 1 6 3 1 1 1 4 2 1 4 5 1 7 2 0 0 139734 0 15 40 20 22 2 8 0 5
0 0 0 1 6 1 1 1 1 4 2 2 4 -1 -1 -1 -1 -1 -1 140167 0 15 40 20 22 2 8 0 5
0 0 0 1 6 1 1 1 1 4 2 2 4 -1 -1 -1 -1 -1 -1 140634 0 15 40 20 22 2 8 0 5
0 0 0 1 1 6 1 1 1 4 2 2 5 -1 -1 -1 -1 -1 -1 141101 0 15 40 20 22 2 8 0 5
0 0 0 1 1 6 1 3 1 4 2 2 5 7 0 6 1 0 0 141534 0 15 40 20 22 2 5 2 5
0 0 0 1 1 6 1 1 1 4 2 2 5 -1 -1 -1 -1 -1 -1 142001 0 15 40 20 22 2 5 2 5
0 0 0 1 1 6 4 1 1 4 2 2 5 -1 -1 -1 -1 -1 -1 142468 1 15 40 20 22 2 5 2 5
0 0 0 1 1 1 1 6 1 4 2 2 7 -1 -1 -1 -1 -1 -1 142901 0 15 40 20 22 2 5 2 5
0 0 0 1 1 1 1 7 1 4 2 2 7 7 1 7 2 1 1 143368 0 15 40 20 22 2 6 2 5
0 0 0 1 1 1 6 1 1 4 2 2 6 -1 -1 -1 -1 -1 -1 143835 0 15 40 20 22 2 6 2 5
0 0 0 1 1 1 6 4 1 4 2 2 6 -1 -1 -1 -1 -1 -1 144268 1 15 40 20 22 2 6 2 5
0 0 0 1 1 1 6 1 1 4 2 2 6 -1 -1 -1 -1 -1 -1 144735 0 15 40 20 22 2 6 2 5
0 0 0 1 1 3 6 1 1 4 2 2 6 5 3 8 3 0 0 145168 0 15 40 20 22 2 6 2 5
0 0 0 1 1 1 6 1 1 4 2 2 6 -1 -1 -1 -1 -1 -1 145635 0 15 40 20 22 2 6 2 5
0 0 0 4 1 1 6 1 1 4 2 2 6 -1 -1 -1 -1 -1 -1 146102 1 15 40 20 22 2 6 2 5
0 0 0 1 1 1 6 1 1 4 2 2 6 -1 -1 -1 -1 -1 -1 146535 0 15 40 20 22 2 6 2 5
0 0 0 1 1 1 7 1 1 4 2 2 6 6 1 7 2 1 1 147002 0 15 40 20 22 2 5 2 5
0 0 0 1 1 1 6 1 1 4 2 2 6 -1 -1 -1 -1 -1 -1 147435 0 15 40 21 23 2 5 2 5
0 0 0 4 1 6 1 1 1 4 2 2 5 -1 -1 -1 -1 -1 -1 147869 1 15 40 21 23 2 5 2 5
0 0 0 1 1 6 1 1 1 4 2 2 5 -1 -1 -1 -1 -1 -1 148302 0 15 40 21 23 2 5 2 5
0 0 0 1 1 1 7 1 1 4 2 2 6 6 3 8 3 1 1 148736 0 15 40 21 23 2 6 2 5
0 0 0 1 1 6 1 1 1 4 2 2 5 -1 -1 -1 -1 -1 -1 149169 0 15 40 21 23 2 6 2 5
0 0 0 1 1 6 4 1 1 4 2 2 5 -1 -1 -1 -1 -1 -1 149603 1 15 40 21 23 2 6 2 5
0 0 0 1 1 6 1 1 1 4 2 2 5 -1 -1 -1 -1 -1 -1 150036 0 15 40 21 23 2 6 2 5
0 0 0 1 1 6 3 1 1 4 2 2 5 6 2 5 0 0 0 150469 0 15 40 21 23 2 5 2 5
0 0 0 1 1 6 1 1 1 4 2 2 5 -1 -1 -1 -1 -1 -1 150903 0 15 40 21 23 2 5 2 5
0 0 0 1 1 6 1 4 1 4 2 2 5 -1 -1 -1 -1 -1 -1 151336 1 15 40 21 23 2 5 2 5
0 0 0 1 1 6 1 1 1 4 2 2 5 -1 -1 -1 -1 -1 -1 151803 0 15 40 21 23 2 5 2 5
0 0 0 1 3 6 1 1 1 4 2 2 5 4 1 7 2 0 0 152236 0 15 40 21 23 2 5 2 5
0 0 0 1 1 6 1 1 1 4 2 2 5 -1 -1 -1 -1 -1 -1 152670 0 15 40 21 23 2 5 2 5
0 0 0 1 1 6 1 4 1 4 2 2 5 -1 -1 -1 -1 -1 -1 153103 1 15 40 21 23 2 5 2 5
0 0 0 1 6 1 1 1 1 4 2 2 4 -1 -1 -1 -1 -1 -1 153537 0 15 40 21 23 2 5 2 5
0 0 0 1 6 3 1 1 1 4 2 2 4 5 3 8 3 0 0 153970 0 15 40 21 23 2 8 0 5
0 0 0 1 6 1 1 1 1 4 2 2 4 -1 -1 -1 -1 -1 -1 154404 0 15 40 21 23 2 8 0 5
0 0 0 4 6 1 1 1 1 4 2 2 4 -1 -1 -1 -1 -1 -1 154837 1 15 40 21 23 2 8 0 5
0 0 0 1 6 1 1 1 1 4 2 2 4 -1 -1 -1 -1 -1 -1 155270 0 15 40 21 23 2 8 0 5
0 0 0 3 1 6 1 1 1 4 2 2 5 3 2 5 0 0 0 155704 0 15 40 21 23 2 5 2 5
0 0 0 1 1 6 1 1 1 4 2 2 5 -1 -1 -1 -1 -1 -1 156137 0 15 40 21 23 2 5 2 5
0 0 0 1 4 6 1 1 1 4 2 2 5 -1 -1 -1 -1 -1 -1 156571 1 15 40 21 23 2 5 2 5
0 0 0 1 1 6 1 1 1 4 2 2 5 -1 -1 -1 -1 -1 -1 157004 0 15 40 21 23 2 5 2 5
0 0 0 1 3 1 6 1 1 4 2 2 6 4 0 6 1 0 0 157438 0 15 40 21 23 2 6 2 5
0 0 0 1 1 1 6 1 1 4 2 2 6 -1 -1 -1 -1 -1 -1 157871 0 15 40 21 23 2 6 2 5
0 0 0 1 1 4 6 1 1 4 2 2 6 -1 -1 -1 -1 -1 -1 158304 1 15 40 21 23 2 6 2 5
0 0 0 1 1 6 1 1 1 4 2 2 5 -1 -1 -1 -1 -1 -1 158738 0 15 40 21 23 2 6 2 5
0 0 0 3 1 6 1 1 1 4 2 2 5 3 3 8 3 0 0 159171 0 15 40 21 23 2 6 2 5
0 0 0 1 1 6 1 1 1 4 2 2 5 -1 -1 -1 -1 -1 -1 159605 0 15 40 21 23 2 6 2 5
0 0 0 1 1 6 4 1 1 4 2 2 5 -1 -1 -1 -1 -1 -1 160038 1 15 40 21 23 2 6 2 5
0 0 0 1 1 6 1 1 1 4 2 2 5 -1 -1 -1 -1 -1 -1 160471 0 15 40 21 23 2 6 2 5
0 0 0 3 1 6 1 1 1 4 2 2 5 3 2 5 0 0 0 160905 0 15 40 21 23 2 5 2 5
0 0 0 1 1 6 1 1 1 4 2 2 5 -1 -1 -1 -1 -1 -1 161338 0 15 40 21 23 2 5 2 5
0 0 0 1 6 1 1 4 1 4 2 2 4 -1 -1 -1 -1 -1 -1 161772 1 15 40 21 23 2 5 2 5
0 0 0 6 1 1 1 1 1 4 2 2 3 -1 -1 -1 -1 -1 -1 162239 0 15 40 21 23 2 5 2 5
0 0 0 7 1 1 1 1 1 4 2 2 3 3 3 8 3 1 1 162672 0 15 40 21 23 2 6 2 5
0 0 0 6 1 1 1 1 1 4 2 2 3 -1 -1 -1 -1 -1 -1 163072 0 15 40 22 24 2 6 2 5
0 0 0 1 6 1 1 4 1 4 2 2 4 -1 -1 -1 -1 -1 -1 163505 1 15 40 22 24 2 6 2 5
0 0 0 1 6 1 1 1 1 4 2 2 4 -1 -1 -1 -1 -1 -1 163906 0 15 40 22 24 2 6 2 5
0 0 0 1 6 3 1 1 1 4 2 2 4 5 0 6 1 0 0 164339 0 15 40 22 24 2 5 2 5
0 0 0 1 6 1 1 1 1 4 2 2 4 -1 -1 -1 -1 -1 -1 164739 0 15 40 22 24 2 5 2 5
0 0 0 1 6 4 1 1 1 4 2 2 4 -1 -1 -1 -1 -1 -1 165172 1 15 40 22 24 2 5 2 5
0 0 0 1 1 6 1 1 1 4 2 2 5 -1 -1 -1 -1 -1 -1 165573 0 15 40 22 24 2 5 2 5
0 0 0 1 3 6 1 1 1 4 2 2 5 4 2 5 0 0 0 166006 0 15 40 22 24 2 5 2 5
0 0 0 1 6 1 1 1 1 4 2 2 4 -1 -1 -1 -1 -1 -1 166406 0 15 40 22 24 2 5 2 5
0 0 0 1 6 4 1 1 1 4 2 2 4 -1 -1 -1 -1 -1 -1 166840 1 15 40 22 24 2 5 2 5
0 0 0 1 6 1 1 1 1 4 2 2 4 -1 -1 -1 -1 -1 -1 167240 0 15 40 22 24 2 5 2 5
0 0 0 1 7 1 1 1 1 4 2 2 4 4 0 6 1 1 1 167673 0 15 40 22 24 2 8 0 5
0 0 0 1 1 6 1 1 1 4 2 2 5 -1 -1 -1 -1 -1 -1 168073 0 15 40 22 24 2 8 0 5
0 0 0 1 4 6 1 1 1 4 2 2 5 -1 -1 -1 -1 -1 -1 168507 1 15 40 22 24 2 8 0 5
0 0 0 1 1 6 1 1 1 4 2 2 5 -1 -1 -1 -1 -1 -1 168907 0 15 40 22 24 2 8 0 5
0 0 0 1 3 6 1 1 1 4 2 2 5 4 1 7 2 0 0 169340 0 15 40 22 24 2 5 2 5
0 0 0 1 1 6 1 1 1 4 2 2 5 -1 -1 -1 -1 -1 -1 169740 0 15 40 22 24 2 5 2 5
0 0 0 1 1 6 4 1 1 4 2 2 5 -1 -1 -1 -1 -1 -1 170174 1 15 40 22 24 2 5 2 5
0 0 0 1 1 6 1 1 1 4 2 2 5 -1 -1 -1 -1 -1 -1 170574 0 15 40 22 24 2 5 2 5
0 0 0 1 1 7 1 1 1 4 2 2 5 5 0 6 1 1 1 171007 0 15 40 22 24 2 6 2 5
0 0 0 1 1 6 1 1 1 4 2 2 5 -1 -1 -1 -1 -1 -1 171407 0 15 40 23 25 2 6 2 5
0 0 0 1 4 6 1 1 1 4 2 2 5 -1 -1 -1 -1 -1 -1 171807 1 15 40 23 25 2 6 2 5
0 0 0 1 1 6 1 1 1 4 2 2 5 -1 -1 -1 -1 -1 -1 172207 0 15 40 23 25 2 6 2 5
0 0 0 1 1 6 3 1 1 4 2 2 5 6 2 5 0 0 0 172607 0 15 40 23 25 2 6 2 5
0 0 0 1 1 6 1 1 1 4 2 2 5 -1 -1 -1 -1 -1 -1 173008 0 15 40 23 25 2 6 2 5
0 0 0 4 1 6 1 1 1 4 2 2 5 -1 -1 -1 -1 -1 -1 173408 1 15 40 23 25 2 6 2 5
0 0 0 1 1 6 1 1 1 4 2 2 5 -1 -1 -1 -1 -1 -1 173808 0 15 40 23 25 2 6 2 5
0 0 0 1 3 6 1 1 1 4 2 2 5 4 1 7 2 0 0 174208 0 15 40 23 25 2 5 2 5
0 0 0 1 1 6 1 1 1 4 2 2 5 -1 -1 -1 -1 -1 -1 174608 0 15 40 23 25 2 5 2 5
0 0 0 1 1 6 1 4 1 4 2 2 5 -1 -1 -1 -1 -1 -1 175008 1 15 40 23 25 2 5 2 5
0 0 0 1 1 6 1 1 1 4 2 2 5 -1 -1 -1 -1 -1 -1 175408 0 15 40 23 25 2 5 2 5
0 0 0 1 1 7 1 1 1 4 2 2 5 5 2 5 0 1 1 175808 0 15 40 23 25 2 6 2 5
0 0 0 1 1 6 1 1 1 4 2 2 5 -1 -1 -1 -1 -1 -1 176208 0 15 40 23 25 2 6 2 5
0 0 0 1 1 6 1 4 1 4 2 2 5 -1 -1 -1 -1 -1 -1 176608 1 15 40 23 25 2 6 2 5
0 0 0 1 1 6 1 1 1 4 2 2 5 -1 -1 -1 -1 -1 -1 177008 0 15 40 23 25 2 6 2 5
0 0 0 1 1 7 1 1 1 4 2 2 5 5 1 7 2 1 1 177408 0 15 40 23 25 2 5 2 5
0 0 0 1 1 6 1 1 1 4 2 2 5 -1 -1 -1 -1 -1 -1 177809 0 15 40 24 25.5 2 5 2 5
0 0 0 1 4 6 1 1 1 4 2 2 5 -1 -1 -1 -1 -1 -1 178175 1 15 40 24 25.5 2 5 2 5
0 0 0 1 1 6 1 1 1 4 2 2 5 -1 -1 -1 -1 -1 -1 178575 0 15 40 24 25.5 2 5 2 5
0 0 0 1 1 6 1 3 1 4 2 2 5 7 0 6 1 0 0 178975 0 15 40 24 25.5 2 5 2 5
0 0 0 1 1 6 1 1 1 4 2 2 5 -1 -1 -1 -1 -1 -1 179376 0 15 40 24 25.5 2 5 2 5
0 0 0 1 4 6 1 1 1 4 2 2 5 -1 -1 -1 -1 -1 -1 179742 1 15 40 24 25.5 2 5 2 5
0 0 0 1 6 1 1 1 1 4 2 2 4 -1 -1 -1 -1 -1 -1 180142 0 15 40 24 25.5 2 5 2 5
0 0 0 1 6 3 1 1 1 4 2 2 4 5 2 5 0 0 0 180542 0 15 40 24 25.5 2 8 0 5
0 0 0 1 1 6 1 1 1 4 2 2 5 -1 -1 -1 -1 -1 -1 180943 0 15 40 24 25.5 2 8 0 5
0 0 0 1 4 6 1 1 1 4 2 2 5 -1 -1 -1 -1 -1 -1 181309 1 15 40 24 25.5 2 8 0 5
0 0 0 1 1 6 1 1 1 4 2 2 5 -1 -1 -1 -1 -1 -1 181709 0 15 40 24 25.5 2 8 0 5
0 0 0 1 1 6 3 1 1 4 2 2 5 6 3 8 3 0 0 182109 0 15 40 24 25.5 2 5 2 5
0 0 0 1 1 6 1 1 1 4 2 2 5 -1 -1 -1 -1 -1 -1 182510 0 15 40 24 25.5 2 5 2 5
0 0 0 1 1 6 1 1 2 0 3 1 5 -1 -1 -1 -1 -1 -1 191511 0 15 22 19 60 2 8 0 5
0 0 0 1 1 6 1 1 2 0 3 1 5 -1 -1 -1 -1 -1 -1 191678 0 15 22 19 60 2 8 0 5
0 0 0 1 1 6 1 1 2 0 3 1 5 -1 -1 -1 -1 -1 -1 191845 0 15 22 19 60 2 5 2 5
0 0 0 1 1 6 1 1 2 0 3 1 5 -1 -1 -1 -1 -1 -1 192012 0 15 22 19 52.2 2 5 2 5
0 0 0 1 1 6 1 1 2 0 3 1 5 -1 -1 -1 -1 -1 -1 192245 0 15 22 19 34 2 5 2 5
0 0 0 1 1 6 1 1 2 0 3 1 5 -1 -1 -1 -1 -1 -1 192678 0 15 22 19 21 2 5 2 5
0 0 0 1 1 6 1 1 2 0 3 1 5 -1 -1 -1 -1 -1 -1 193145 0 15 22 19 21 2 4 2 5
0 0 0 1 1 6 1 1 2 0 3 1 5 -1 -1 -1 -1 -1 -1 193645 0 15 22 19 21 2 4 2 5
0 0 0 1 1 6 1 1 2 0 3 1 5 -1 -1 -1 -1 -1 -1 194112 0 15 22 19 21 2 4 2 5
0 0 0 1 1 6 1 1 2 0 3 1 5 -1 -1 -1 -1 -1 -1 194579 0 15 22 19 21 2 4 2 5
0 0 0 3 1 6 1 1 2 0 3 1 5 3 0 4 1 0 0 195079 0 15 22 19 21 2 5 2 5
0 0 0 1 1 6 1 1 2 0 3 1 5 -1 -1 -1 -1 -1 -1 195546 0 15 22 19 21 2 5 2 5
0 0 0 1 1 6 1 1 2 0 3 1 5 -1 -1 -1 -1 -1 -1 196012 0 15 22 19 21 2 5 2 5
0 0 0 1 1 6 1 1 2 0 3 1 5 -1 -1 -1 -1 -1 -1 196479 0 15 22 19 21 2 5 2 5
0 0 0 3 1 6 1 1 2 0 3 1 5 3 2 4 0 0 0 196979 0 15 22 19 21 2 5 2 5
0 0 0 1 1 6 1 1 2 0 3 1 5 -1 -1 -1 -1 -1 -1 197446 0 15 22 19 21 2 5 2 5
0 0 0 1 1 6 1 1 2 0 3 1 5 -1 -1 -1 -1 -1 -1 197913 0 15 22 19 21 2 5 2 5
0 0 0 1 1 6 1 1 2 0 3 1 5 -1 -1 -1 -1 -1 -1 198413 0 15 22 19 21 2 5 2 5
0 0 0 1 3 6 1 1 2 0 3 1 5 4 3 4 3 0 0 198880 0 15 22 19 21 2 5 2 5
0 0 0 1 1 6 1 1 2 0 3 1 5 -1 -1 -1 -1 -1 -1 199346 0 15 22 19 21 2 5 2 5
0 0 0 1 6 1 1 1 2 0 3 1 4 -1 -1 -1 -1 -1 -1 199813 0 15 22 19 21 2 5 2 5
0 0 0 6 1 1 1 1 2 0 3 1 3 -1 -1 -1 -1 -1 -1 200313 0 15 22 19 21 2 5 2 5
0 0 0 7 1 1 1 1 2 0 3 1 3 3 0 4 1 1 1 200780 0 15 22 19 21 2 6 2 5
0 0 0 6 1 1 1 1 2 0 3 1 3 -1 -1 -1 -1 -1 -1 201247 0 15 22 19 21 2 6 2 5
0 0 0 1 6 1 1 1 2 0 3 1 4 -1 -1 -1 -1 -1 -1 201747 0 15 22 19 21 2 6 2 5
0 0 0 1 6 1 1 1 2 0 3 1 4 -1 -1 -1 -1 -1 -1 202214 0 15 22 19 21 2 6 2 5
0 0 0 1 6 3 1 1 2 0 3 1 4 5 1 4 2 0 0 202681 0 15 22 19 21 2 4 2 5
0 0 0 1 6 1 1 1 2 0 3 1 4 -1 -1 -1 -1 -1 -1 203147 0 15 22 19 21 2 4 2 5
0 0 0 1 6 1 1 1 2 0 3 1 4 -1 -1 -1 -1 -1 -1 203647 0 15 22 19 21 2 4 2 5
0 0 0 1 1 6 1 1 2 0 3 1 5 -1 -1 -1 -1 -1 -1 204114 0 15 22 19 21 2 4 2 5
0 0 0 1 3 6 1 1 2 0 3 1 5 4 2 4 0 0 0 204581 0 15 22 19 21 2 8 0 5
0 0 0 1 1 6 1 1 2 0 3 1 5 -1 -1 -1 -1 -1 -1 205081 0 15 22 19 21 2 8 0 5
0 0 0 1 1 6 1 1 2 0 3 1 5 -1 -1 -1 -1 -1 -1 205548 0 15 22 19 21 2 8 0 5
0 0 0 1 1 6 1 1 2 0 3 1 5 -1 -1 -1 -1 -1 -1 206015 0 15 22 19 21 2 8 0 5
0 0 0 1 2 8 1 1 2 0 3 1 5 4 0 4 1 1 0 206481 0 15 22 19 21 2 5 2 5
0 0 0 1 6 1 1 1 2 0 3 1 4 -1 -1 -1 -1 -1 -1 207015 0 15 22 18 19 2 5 2 5
0 0 0 1 1 6 1 1 2 0 3 1 5 -1 -1 -1 -1 -1 -1 207548 0 15 22 18 19 2 5 2 5
0 0 0 1 1 6 1 1 2 0 3 1 5 -1 -1 -1 -1 -1 -1 208082 0 15 22 18 19 2 5 2 5
0 0 0 1 1 8 2 1 2 0 3 1 5 6 1 4 2 1 0 208582 0 15 22 18 19 2 4 2 5
0 0 0 1 1 6 1 1 2 0 3 1 5 -1 -1 -1 -1 -1 -1 209215 0 15 22 17 16 2 4 2 5
0 0 0 1 1 6 1 1 2 0 3 1 5 -1 -1 -1 -1 -1 -1 209815 0 15 22 17 16 2 4 2 5
0 0 0 1 1 6 1 1 2 0 3 1 5 -1 -1 -1 -1 -1 -1 210449 0 15 22 17 16 2 4 2 5
0 0 0 1 1 1 8 1 2 0 3 1 6 6 3 4 3 0 1 211082 0 15 22 17 16 2 5 2 5
0 0 0 1 1 1 6 1 2 0 3 1 6 -1 -1 -1 -1 -1 -1 211816 0 15 22 16 13 2 5 2 5
0 0 0 1 1 1 6 1 2 0 3 1 6 -1 -1 -1 -1 -1 -1 212583 0 15 22 16 13 2 5 2 5
0 0 0 1 1 1 6 1 2 0 3 1 6 -1 -1 -1 -1 -1 -1 213349 0 15 22 16 13 2 5 2 5
0 0 0 1 1 1 6 3 2 0 3 1 6 7 2 4 0 0 0 214116 0 15 22 16 13 2 5 2 5
0 0 0 1 1 1 6 1 2 0 3 1 6 -1 -1 -1 -1 -1 -1 214883 0 15 22 16 13 2 5 2 5
0 0 0 1 1 6 1 1 2 0 3 1 5 -1 -1 -1 -1 -1 -1 215683 0 15 22 16 13 2 5 2 5
0 0 0 1 6 1 1 1 2 0 3 1 4 -1 -1 -1 -1 -1 -1 216450 0 15 22 16 13 2 5 2 5
0 0 0 1 6 3 1 1 2 0 3 1 4 5 2 4 0 0 0 217217 0 15 22 16 13 2 5 2 5
0 0 0 1 6 1 1 1 2 0 3 1 4 -1 -1 -1 -1 -1 -1 217984 0 15 22 16 13 2 5 2 5
0 0 0 1 1 6 1 1 2 0 3 1 5 -1 -1 -1 -1 -1 -1 218751 0 15 22 16 13 2 5 2 5
0 0 0 1 1 6 1 1 2 0 3 1 5 -1 -1 -1 -1 -1 -1 219517 0 15 22 16 13 2 5 2 5
0 0 0 1 1 6 3 1 2 0 3 1 5 6 1 4 2 0 0 220284 0 15 22 16 13 2 6 2 5
0 0 0 1 1 6 1 1 2 0 3 1 5 -1 -1 -1 -1 -1 -1 221051 0 15 22 16 13 2 6 2 5
0 0 0 1 1 6 1 1 2 0 3 1 5 -1 -1 -1 -1 -1 -1 221818 0 15 22 16 13 2 6 2 5
0 0 0 1 6 1 1 1 2 0 3 1 4 -1 -1 -1 -1 -1 -1 222585 0 15 22 16 13 2 6 2 5
0 0 0 1 6 3 1 1 2 0 3 1 4 5 3 4 3 0 0 223352 0 15 22 16 13 2 4 2 5
0 0 0 1 6 1 1 1 2 0 3 1 4 -1 -1 -1 -1 -1 -1 224118 0 15 22 16 13 2 4 2 5
0 0 0 1 6 1 1 1 2 0 3 1 4 -1 -1 -1 -1 -1 -1 224885 0 15 22 16 13 2 4 2 5
0 0 0 1 6 1 1 1 2 0 3 1 4 -1 -1 -1 -1 -1 -1 225652 0 15 22 16 13 2 4 2 5
0 0 0 1 6 3 1 1 2 0 3 1 4 5 1 4 2 0 0 226452 0 15 22 16 13 2 8 0 5
0 0 0 1 6 1 1 1 2 0 3 1 4 -1 -1 -1 -1 -1 -1 227219 0 15 22 16 13 2 8 0 5
0 0 0 1 6 1 1 1 2 0 3 1 4 -1 -1 -1 -1 -1 -1 227986 0 15 22 16 13 2 8 0 5
0 0 0 1 6 1 1 1 2 0 3 1 4 -1 -1 -1 -1 -1 -1 228753 0 15 22 16 13 2 8 0 5
0 0 0 1 6 3 1 1 2 0 3 1 4 5 0 4 1 0 0 229520 0 15 22 16 13 2 5 2 5
0 0 0 1 6 1 1 1 2 0 3 1 4 -1 -1 -1 -1 -1 -1 230286 0 15 22 16 13 2 5 2 5
0 0 0 1 6 1 1 1 2 0 3 1 4 -1 -1 -1 -1 -1 -1 231053 0 15 22 16 13 2 5 2 5
0 0 0 1 1 6 1 1 2 0 3 1 5 -1 -1 -1 -1 -1 -1 231820 0 15 22 16 13 2 5 2 5
0 0 0 1 1 7 1 1 2 0 3 1 5 5 3 4 3 1 1 232587 0 15 22 16 13 2 4 2 5
0 0 0 1 1 6 1 1 2 0 3 1 5 -1 -1 -1 -1 -1 -1 233354 0 15 22 16 13 2 4 2 5
0 0 0 1 1 6 1 1 2 0 3 1 5 -1 -1 -1 -1 -1 -1 234121 0 15 22 16 13 2 4 2 5
0 0 0 1 1 6 1 1 2 0 3 1 5 -1 -1 -1 -1 -1 -1 234887 0 15 22 16 13 2 4 2 5
0 0 0 3 1 6 1 1 2 0 3 1 5 3 0 4 1 0 0 235654 0 15 22 16 13 2 5 2 5
0 0 0 1 1 6 1 1 2 0 3 1 5 -1 -1 -1 -1 -1 -1 236421 0 15 22 16 13 2 5 2 5
0 0 0 1 1 6 1 1 2 0 3 1 5 -1 -1 -1 -1 -1 -1 237221 0 15 22 16 13 2 5 2 5
0 0 0 1 1 6 1 1 2 0 3 1 5 -1 -1 -1 -1 -1 -1 237988 0 15 22 16 13 2 5 2 5
0 0 0 1 3 6 1 1 2 0 3 1 5 4 1 4 2 0 0 238755 0 15 22 16 13 2 5 2 5
0 0 0 1 1 6 1 1 2 0 3 1 5 -1 -1 -1 -1 -1 -1 239522 0 15 22 16 13 2 5 2 5
0 0 0 1 6 1 1 1 2 0 3 1 4 -1 -1 -1 -1 -1 -1 240289 0 15 22 16 13 2 5 2 5
0 0 0 1 6 1 1 1 2 0 3 1 4 -1 -1 -1 -1 -1 -1 241055 0 15 22 16 13 2 5 2 5
0 0 0 1 7 1 1 1 2 0 3 1 4 4 3 4 3 1 1 241822 0 15 22 16 13 2 5 2 5
0 0 0 1 6 1 1 1 2 0 3 1 4 -1 -1 -1 -1 -1 -1 242489 0 15 22 17 16 2 5 2 5
0 0 0 1 6 1 1 1 2 0 3 1 4 -1 -1 -1 -1 -1 -1 243089 0 15 22 17 16 2 5 2 5
0 0 0 1 1 6 1 1 2 0 3 1 5 -1 -1 -1 -1 -1 -1 243723 0 15 22 17 16 2 5 2 5
0 0 0 1 1 6 3 1 2 0 3 1 5 6 2 4 0 0 0 244356 0 15 22 17 16 2 6 2 5
0 0 0 1 1 6 1 1 2 0 3 1 5 -1 -1 -1 -1 -1 -1 244990 0 15 22 17 16 2 6 2 5
0 0 0 1 1 6 1 1 2 0 3 1 5 -1 -1 -1 -1 -1 -1 245590 0 15 22 17 16 2 6 2 5
0 0 0 1 1 6 1 1 2 0 3 1 5 -1 -1 -1 -1 -1 -1 246223 0 15 22 17 16 2 6 2 5
0 0 0 1 8 2 1 1 2 0 3 1 4 5 1 4 2 1 0 246857 0 15 22 17 16 2 4 2 5
0 0 0 1 1 6 1 1 2 0 3 1 5 -1 -1 -1 -1 -1 -1 247590 0 15 22 16 13 2 4 2 5
0 0 0 1 1 6 1 1 2 0 3 1 5 -1 -1 -1 -1 -1 -1 248357 0 15 22 16 13 2 4 2 5
0 0 0 1 1 6 1 1 2 0 3 1 5 -1 -1 -1 -1 -1 -1 249124 0 15 22 16 13 2 4 2 5
0 0 0 1 1 6 1 3 2 0 3 1 5 7 0 4 1 0 0 249891 0 15 22 16 13 2 8 0 5
0 0 0 1 1 6 1 1 2 0 3 1 5 -1 -1 -1 -1 -1 -1 250657 0 15 22 16 13 2 8 0 5
0 0 0 1 1 6 1 1 2 0 3 1 5 -1 -1 -1 -1 -1 -1 251424 0 15 22 16 13 2 8 0 5
0 0 0 1 1 6 1 1 2 0 3 1 5 -1 -1 -1 -1 -1 -1 252191 0 15 22 16 13 2 8 0 5
0 0 0 1 1 8 1 1 2 0 3 1 5 5 0 4 1 0 1 252991 0 15 22 16 13 2 5 2 5
0 0 0 1 1 6 1 1 2 0 3 1 5 -1 -1 -1 -1 -1 -1 253925 0 15 22 15 10 2 5 2 5
0 0 0 1 1 6 1 1 2 0 3 1 5 -1 -1 -1 -1 -1 -1 254925 0 15 22 15 10 2 5 2 5
0 0 0 1 1 6 1 1 2 0 3 1 5 -1 -1 -1 -1 -1 -1 255925 0 15 22 15 10 2 5 2 5
0 0 0 1 1 1 8 1 2 0 3 1 6 6 3 4 3 0 1 256925 0 15 22 15 10 2 4 2 5
0 0 0 1 1 1 6 1 2 0 3 1 6 -1 -1 -1 -1 -1 -1 257925 0 15 22 15 10 2 4 2 5
0 0 0 1 1 1 6 1 2 0 3 1 6 -1 -1 -1 -1 -1 -1 258925 0 15 22 15 10 2 4 2 5
0 0 0 1 1 1 6 1 2 0 3 1 6 -1 -1 -1 -1 -1 -1 259924 0 15 22 15 10 2 4 2 5
0 0 0 1 1 1 6 3 2 0 3 1 6 7 2 4 0 0 0 260924 0 15 22 15 10 2 5 2 5
0 0 0 1 1 1 6 1 2 0 3 1 6 -1 -1 -1 -1 -1 -1 261924 0 15 22 15 10 2 5 2 5
0 0 0 1 1 1 6 1 2 0 3 1 6 -1 -1 -1 -1 -1 -1 262924 0 15 22 15 10 2 5 2 5
0 0 0 1 1 1 6 1 2 0 3 1 6 -1 -1 -1 -1 -1 -1 263923 0 15 22 15 10 2 5 2 5
0 0 0 1 1 3 6 1 2 0 3 1 6 5 1 4 2 0 0 264923 0 15 22 15 10 2 5 2 5
0 0 0 1 1 1 6 1 2 0 3 1 6 -1 -1 -1 -1 -1 -1 265923 0 15 22 15 10 2 5 2 5
0 0 0 1 1 1 6 1 2 0 3 1 6 -1 -1 -1 -1 -1 -1 266923 0 15 22 15 10 2 5 2 5
0 0 0 1 6 1 1 1 2 0 3 1 4 -1 -1 -1 -1 -1 -1 267922 0 15 22 15 10 2 5 2 5
0 0 0 7 1 1 1 1 2 0 3 1 3 3 3 4 3 1 1 268922 0 15 22 15 10 2 5 2 5
0 0 0 1 6 1 1 1 2 0 3 1 4 -1 -1 -1 -1 -1 -1 269922 0 15 22 15 10 2 5 2 5
0 0 0 1 6 1 1 1 2 0 3 1 4 -1 -1 -1 -1 -1 -1 270922 0 15 22 15 10 2 5 2 5
0 0 0 1 6 1 1 1 2 0 3 1 4 -1 -1 -1 -1 -1 -1 271921 0 15 22 15 10 2 5 2 5
0 0 0 1 8 1 1 1 2 0 3 1 4 4 0 4 1 0 1 272921 0 15 22 15 10 2 6 2 5
0 0 0 1 6 1 1 1 2 0 3 1 4 -1 -1 -1 -1 -1 -1 273921 0 15 22 15 10 2 6 2 5
0 0 0 1 6 1 1 1 2 0 3 1 4 -1 -1 -1 -1 -1 -1 274921 0 15 22 15 10 2 6 2 5
0 0 0 1 6 1 1 1 2 0 3 1 4 -1 -1 -1 -1 -1 -1 275920 0 15 22 15 10 2 6 2 5
0 0 0 1 3 6 1 1 2 0 3 1 5 4 3 4 3 0 0 276920 0 15 22 15 10 2 4 2 5
0 0 0 1 1 6 1 1 2 0 3 1 5 -1 -1 -1 -1 -1 -1 277920 0 15 22 15 10 2 4 2 5
0 0 0 1 1 6 1 1 2 0 3 1 5 -1 -1 -1 -1 -1 -1 278920 0 15 22 15 10 2 4 2 5
0 0 0 1 1 1 6 1 2 0 3 1 6 -1 -1 -1 -1 -1 -1 279919 0 15 22 15 10 2 4 2 5
0 0 0 1 1 1 7 1 2 0 3 1 6 6 3 4 3 1 1 280919 0 15 22 15 10 2 8 0 5
0 0 0 1 1 1 6 1 2 0 3 1 6 -1 -1 -1 -1 -1 -1 281919 0 15 22 15 10 2 8 0 5
0 0 0 1 1 1 6 1 2 0 3 1 6 -1 -1 -1 -1 -1 -1 282919 0 15 22 15 10 2 8 0 5
0 0 0 1 1 1 6 1 2 0 3 1 6 -1 -1 -1 -1 -1 -1 283918 0 15 22 15 10 2 8 0 5
0 0 0 1 1 3 6 1 2 0 3 1 6 5 2 4 0 0 0 284918 0 15 22 15 10 2 5 2 5
0 0 0 1 1 1 6 1 2 0 3 1 6 -1 -1 -1 -1 -1 -1 285918 0 15 22 15 10 2 5 2 5
0 0 0 1 1 1 6 1 2 0 3 1 6 -1 -1 -1 -1 -1 -1 286918 0 15 22 15 10 2 5 2 5
0 0 0 1 1 1 6 1 2 0 3 1 6 -1 -1 -1 -1 -1 -1 287917 0 15 22 15 10 2 5 2 5
0 0 0 1 3 1 6 1 2 0 3 1 6 4 1 4 2 0 0 288917 0 15 22 15 10 2 4 2 5
0 0 0 1 6 1 1 1 2 0 3 1 4 -1 -1 -1 -1 -1 -1 289917 0 15 22 15 10 2 4 2 5
0 0 0 6 1 1 1 1 2 0 3 1 3 -1 -1 -1 -1 -1 -1 290917 0 15 22 15 10 2 4 2 5
0 0 0 6 1 1 1 1 2 0 3 1 3 -1 -1 -1 -1 -1 -1 291916 0 15 22 15 10 2 4 2 5
0 0 0 7 1 1 1 1 2 0 3 1 3 3 3 4 3 1 1 292916 0 15 22 15 10 2 5 2 5
0 0 0 6 1 1 1 1 2 0 3 1 3 -1 -1 -1 -1 -1 -1 293716 0 15 22 16 13 2 5 2 5
0 0 0 6 1 1 1 1 2 0 3 1 3 -1 -1 -1 -1 -1 -1 294483 0 15 22 16 13 2 5 2 5
0 0 0 6 1 1 1 1 2 0 3 1 3 -1 -1 -1 -1 -1 -1 295249 0 15 22 16 13 2 5 2 5
0 0 0 6 3 1 1 1 2 0 3 1 3 4 1 4 2 0 0 296015 0 15 22 16 13 2 5 2 5
0 0 0 6 1 1 1 1 2 0 3 1 3 -1 -1 -1 -1 -1 -1 296782 0 15 22 16 13 2 5 2 5
0 0 0 1 6 1 1 1 2 0 3 1 4 -1 -1 -1 -1 -1 -1 297582 0 15 22 16 13 2 5 2 5
0 0 0 1 6 1 1 1 2 0 3 1 4 -1 -1 -1 -1 -1 -1 298348 0 15 22 16 13 2 5 2 5
0 0 0 1 6 3 1 1 2 0 3 1 4 5 2 4 0 0 0 299115 0 15 22 16 13 2 5 2 5
0 0 0 1 6 1 1 1 2 0 3 1 4 -1 -1 -1 -1 -1 -1 299881 0 15 22 16 13 2 5 2 5
0 0 0 1 6 1 1 1 2 0 3 1 4 -1 -1 -1 -1 -1 -1 300548 0 15 22 16 16.25 2 5 2 5
0 0 0 1 6 1 1 1 2 0 3 1 4 -1 -1 -1 -1 -1 -1 301148 0 15 22 16 16.25 2 5 2 5
0 0 0 1 6 3 1 1 2 0 3 1 4 5 1 4 2 0 0 301781 0 15 22 16 15.1667 2 6 2 5
0 0 0 1 6 1 1 1 2 0 3 1 4 -1 -1 -1 -1 -1 -1 302514 0 15 22 16 13 2 6 2 5
0 0 0 1 6 1 1 1 2 0 3 1 4 -1 -1 -1 -1 -1 -1 303280 0 15 22 16 13 2 6 2 5
0 0 0 6 1 1 1 1 2 0 3 1 3 -1 -1 -1 -1 -1 -1 304047 0 15 22 16 13 2 6 2 5
0 0 0 7 1 1 1 1 2 0 3 1 3 3 1 4 2 1 1 304780 0 15 22 16 16.25 2 4 2 5
0 0 0 1 6 1 1 1 2 0 3 1 4 -1 -1 -1 -1 -1 -1 305380 0 15 22 16 16.25 2 4 2 5
0 0 0 1 6 1 1 1 2 0 3 1 4 -1 -1 -1 -1 -1 -1 306013 0 15 22 16 16.25 2 4 2 5
0 0 0 1 6 1 1 1 2 0 3 1 4 -1 -1 -1 -1 -1 -1 306680 0 15 22 16 13 2 4 2 5
0 0 0 1 1 8 1 1 2 0 3 1 5 5 0 4 1 0 1 307446 0 15 22 16 13 2 8 0 5
0 0 0 1 6 1 1 1 2 0 3 1 4 -1 -1 -1 -1 -1 -1 308412 0 15 22 15 10 2 8 0 5
0 0 0 1 6 1 1 1 2 0 3 1 4 -1 -1 -1 -1 -1 -1 309279 0 15 22 15 12.5 2 8 0 5
0 0 0 6 1 1 1 1 2 0 3 1 3 -1 -1 -1 -1 -1 -1 310079 0 15 22 15 12.5 2 8 0 5
0 0 0 8 1 1 1 1 2 0 3 1 3 3 3 4 3 0 1 310912 0 15 22 15 12.5 2 5 2 5
0 0 0 1 1 6 1 1 3 0 3 1 5 -1 -1 -1 -1 -1 -1 322176 0 15 22 15 60 2 8 0 5
0 0 0 1 1 6 1 1 3 0 3 1 5 -1 -1 -1 -1 -1 -1 322342 0 15 22 15 60 2 8 0 5
0 0 0 1 1 6 1 1 3 0 3 1 5 -1 -1 -1 -1 -1 -1 322509 0 15 22 15 60 2 4 2 5
0 0 0 1 1 6 1 1 3 0 3 1 5 -1 -1 -1 -1 -1 -1 322676 0 15 22 15 50 2 4 2 5
0 0 0 1 1 6 1 1 3 0 3 1 5 -1 -1 -1 -1 -1 -1 322976 0 15 22 15 20 2 4 2 5
0 0 0 1 1 6 1 1 3 0 3 1 5 -1 -1 -1 -1 -1 -1 323909 0 15 22 15 10 2 4 2 5
0 0 0 1 1 6 1 1 3 0 3 1 5 -1 -1 -1 -1 -1 -1 324908 0 15 22 15 10 2 6 2 5
0 0 0 1 1 6 1 1 3 0 3 1 5 -1 -1 -1 -1 -1 -1 325908 0 15 22 15 10 2 6 2 5
0 0 0 1 1 6 1 1 3 0 3 1 5 -1 -1 -1 -1 -1 -1 326908 0 15 22 15 10 2 6 2 5
0 0 0 1 1 6 1 1 3 0 3 1 5 -1 -1 -1 -1 -1 -1 327908 0 15 22 15 10 2 6 2 5
0 0 0 1 1 6 1 3 3 0 3 1 5 7 0 4 1 0 0 328907 0 15 22 15 10 2 4 2 5
0 0 0 1 1 6 1 1 3 0 3 1 5 -1 -1 -1 -1 -1 -1 329907 0 15 22 15 10 2 4 2 5
0 0 0 1 1 6 1 1 3 0 3 1 5 -1 -1 -1 -1 -1 -1 330907 0 15 22 15 10 2 4 2 5
0 0 0 1 1 6 1 1 3 0 3 1 5 -1 -1 -1 -1 -1 -1 331840 0 15 22 15 12.5 2 4 2 5
0 0 0 1 1 6 1 3 3 0 3 1 5 7 2 4 0 0 0 332640 0 15 22 15 12.5 2 6 2 5
0 0 0 1 1 6 1 1 3 0 3 1 5 -1 -1 -1 -1 -1 -1 333473 0 15 22 15 10.1667 2 6 2 5
0 0 0 1 1 6 1 1 3 0 3 1 5 -1 -1 -1 -1 -1 -1 334473 0 15 22 15 10 2 6 2 5
0 0 0 1 1 6 1 1 3 0 3 1 5 -1 -1 -1 -1 -1 -1 335473 0 15 22 15 10 2 6 2 5
0 0 0 1 1 6 3 1 3 0 3 1 5 6 1 4 2 0 0 336472 0 15 22 15 10 2 4 2 5
0 0 0 1 1 6 1 1 3 0 3 1 5 -1 -1 -1 -1 -1 -1 337472 0 15 22 15 10 2 4 2 5
0 0 0 1 1 6 1 1 3 0 3 1 5 -1 -1 -1 -1 -1 -1 338472 0 15 22 15 10 2 4 2 5
0 0 0 1 1 6 1 1 3 0 3 1 5 -1 -1 -1 -1 -1 -1 339472 0 15 22 15 10 2 4 2 5
0 0 0 1 1 6 3 1 3 0 3 1 5 6 3 4 3 0 0 340471 0 15 22 15 10 2 6 2 5
0 0 0 1 1 6 1 1 3 0 3 1 5 -1 -1 -1 -1 -1 -1 341471 0 15 22 15 10 2 6 2 5
0 0 0 1 1 6 1 1 3 0 3 1 5 -1 -1 -1 -1 -1 -1 342471 0 15 22 15 10 2 6 2 5
0 0 0 1 1 6 1 1 3 0 3 1 5 -1 -1 -1 -1 -1 -1 343471 0 15 22 15 10 2 6 2 5
0 0 0 1 1 6 1 3 3 0 3 1 5 7 1 4 2 0 0 344470 0 15 22 15 10 2 6 2 5
0 0 0 1 1 6 1 1 3 0 3 1 5 -1 -1 -1 -1 -1 -1 345470 0 15 22 15 10 2 6 2 5
0 0 0 1 1 6 1 1 3 0 3 1 5 -1 -1 -1 -1 -1 -1 346470 0 15 22 15 10 2 6 2 5
0 0 0 1 6 1 1 1 3 0 3 1 4 -1 -1 -1 -1 -1 -1 347470 0 15 22 15 10 2 6 2 5
0 0 0 1 6 3 1 1 3 0 3 1 4 5 2 4 0 0 0 348469 0 15 22 15 10 2 8 0 5
0 0 0 1 6 1 1 1 3 0 3 1 4 -1 -1 -1 -1 -1 -1 349469 0 15 22 15 10 2 8 0 5
0 0 0 1 6 1 1 1 3 0 3 1 4 -1 -1 -1 -1 -1 -1 350469 0 15 22 15 10 2 8 0 5
0 0 0 1 1 6 1 1 3 0 3 1 5 -1 -1 -1 -1 -1 -1 351469 0 15 22 15 10 2 8 0 5
0 0 0 1 3 6 1 1 3 0 3 1 5 4 1 4 2 0 0 352468 0 15 22 15 10 2 4 2 5
0 0 0 1 1 6 1 1 3 0 3 1 5 -1 -1 -1 -1 -1 -1 353468 0 15 22 15 10 2 4 2 5
0 0 0 1 1 6 1 1 3 0 3 1 5 -1 -1 -1 -1 -1 -1 354468 0 15 22 15 10 2 4 2 5
0 0 0 1 1 6 1 1 3 0 3 1 5 -1 -1 -1 -1 -1 -1 355468 0 15 22 15 10 2 4 2 5
0 0 0 1 1 7 1 1 3 0 3 1 5 5 1 4 2 1 1 356467 0 15 22 15 10 2 6 2 5
0 0 0 1 1 6 1 1 3 0 3 1 5 -1 -1 -1 -1 -1 -1 357467 0 15 22 15 10 2 6 2 5
0 0 0 1 1 6 1 1 3 0 3 1 5 -1 -1 -1 -1 -1 -1 358467 0 15 22 15 10 2 6 2 5
0 0 0 1 6 1 1 1 3 0 3 1 4 -1 -1 -1 -1 -1 -1 359467 0 15 22 15 10 2 6 2 5
0 0 0 1 6 3 1 1 3 0 3 1 4 5 0 4 1 0 0 360466 0 15 22 15 10 2 4 2 5
0 0 0 1 6 1 1 1 3 0 3 1 4 -1 -1 -1 -1 -1 -1 361466 0 15 22 15 10 2 4 2 5
0 0 0 1 6 1 1 1 3 0 3 1 4 -1 -1 -1 -1 -1 -1 362466 0 15 22 15 10 2 4 2 5
0 0 0 1 1 6 1 1 3 0 3 1 5 -1 -1 -1 -1 -1 -1 363466 0 15 22 15 10 2 4 2 5
0 0 0 1 3 6 1 1 3 0 3 1 5 4 3 4 3 0 0 364465 0 15 22 15 10 2 6 2 5
0 0 0 1 1 6 1 1 3 0 3 1 5 -1 -1 -1 -1 -1 -1 365465 0 15 22 15 10 2 6 2 5
0 0 0 1 1 6 1 1 3 0 3 1 5 -1 -1 -1 -1 -1 -1 366465 0 15 22 15 10 2 6 2 5
0 0 0 1 1 6 1 1 3 0 3 1 5 -1 -1 -1 -1 -1 -1 367465 0 15 22 15 10 2 6 2 5
0 0 0 1 3 6 1 1 3 0 3 1 5 4 2 4 0 0 0 368464 0 15 22 15 10 2 4 2 5
0 0 0 1 1 6 1 1 3 0 3 1 5 -1 -1 -1 -1 -1 -1 369464 0 15 22 15 10 2 4 2 5
0 0 0 1 1 6 1 1 3 0 3 1 5 -1 -1 -1 -1 -1 -1 370297 0 15 22 15 12.5 2 4 2 5
0 0 0 1 1 6 1 1 3 0 3 1 5 -1 -1 -1 -1 -1 -1 371097 0 15 22 15 12.5 2 4 2 5
0 0 0 1 1 7 1 1 3 0 3 1 5 5 0 4 1 1 1 372030 0 15 22 15 10 2 6 2 5
0 0 0 1 1 6 1 1 3 0 3 1 5 -1 -1 -1 -1 -1 -1 372830 0 15 22 16 13 2 6 2 5
0 0 0 1 1 1 6 1 3 0 3 1 6 -1 -1 -1 -1 -1 -1 373597 0 15 22 16 13 2 6 2 5
0 0 0 1 1 1 1 6 3 0 3 1 7 -1 -1 -1 -1 -1 -1 374363 0 15 22 16 13 2 6 2 5
0 0 0 1 1 1 1 7 3 0 3 1 7 7 3 4 3 1 1 375129 0 15 22 16 13 2 6 2 5
0 0 0 1 1 1 6 1 3 0 3 1 6 -1 -1 -1 -1 -1 -1 375896 0 15 22 16 13 2 6 2 5
0 0 0 1 1 6 1 1 3 0 3 1 5 -1 -1 -1 -1 -1 -1 376662 0 15 22 16 13 2 6 2 5
0 0 0 1 1 6 1 1 3 0 3 1 5 -1 -1 -1 -1 -1 -1 377429 0 15 22 16 13 2 6 2 5
0 0 0 1 1 7 1 1 3 0 3 1 5 5 2 4 0 1 1 378195 0 15 22 16 13 2 8 0 5
0 0 0 1 1 6 1 1 3 0 3 1 5 -1 -1 -1 -1 -1 -1 378862 0 15 22 17 16 2 8 0 5
0 0 0 1 1 6 1 1 3 0 3 1 5 -1 -1 -1 -1 -1 -1 379462 0 15 22 17 16 2 8 0 5
0 0 0 1 1 6 1 1 3 0 3 1 5 -1 -1 -1 -1 -1 -1 380095 0 15 22 17 16 2 8 0 5
0 0 0 3 1 6 1 1 3 0 3 1 5 3 1 4 2 0 0 380728 0 15 22 17 16 2 4 2 5
0 0 0 1 1 6 1 1 3 0 3 1 5 -1 -1 -1 -1 -1 -1 381361 0 15 22 17 16 2 4 2 5
0 0 0 1 1 6 1 1 3 0 3 1 5 -1 -1 -1 -1 -1 -1 381961 0 15 22 17 16 2 4 2 5
0 0 0 1 1 6 1 1 3 0 3 1 5 -1 -1 -1 -1 -1 -1 382594 0 15 22 17 16 2 4 2 5
0 0 0 3 1 6 1 1 3 0 3 1 5 3 0 4 1 0 0 383228 0 15 22 17 16 2 6 2 5
0 0 0 1 1 6 1 1 3 0 3 1 5 -1 -1 -1 -1 -1 -1 383861 0 15 22 17 16 2 6 2 5
0 0 0 1 1 6 1 1 3 0 3 1 5 -1 -1 -1 -1 -1 -1 384461 0 15 22 17 16 2 6 2 5
0 0 0 1 6 1 1 1 3 0 3 1 4 -1 -1 -1 -1 -1 -1 385094 0 15 22 17 16 2 6 2 5
0 0 0 1 6 3 1 1 3 0 3 1 4 5 1 4 2 0 0 385727 0 15 22 17 16 2 4 2 5
0 0 0 1 6 1 1 1 3 0 3 1 4 -1 -1 -1 -1 -1 -1 386360 0 15 22 17 16 2 4 2 5
0 0 0 1 1 6 1 1 3 0 3 1 5 -1 -1 -1 -1 -1 -1 386960 0 15 22 17 16 2 4 2 5
0 0 0 1 6 1 1 1 3 0 3 1 4 -1 -1 -1 -1 -1 -1 387593 0 15 22 17 16 2 4 2 5
0 0 0 1 6 3 1 1 3 0 3 1 4 5 3 4 3 0 0 388226 0 15 22 17 16 2 6 2 5
0 0 0 1 1 6 1 1 3 0 3 1 5 -1 -1 -1 -1 -1 -1 388859 0 15 22 17 16 2 6 2 5
0 0 0 1 1 6 1 1 3 0 3 1 5 -1 -1 -1 -1 -1 -1 389459 0 15 22 17 16 2 6 2 5
0 0 0 1 1 6 1 1 3 0 3 1 5 -1 -1 -1 -1 -1 -1 390093 0 15 22 17 16 2 6 2 5
0 0 0 1 1 6 1 3 3 0 3 1 5 7 2 4 0 0 0 390726 0 15 22 17 16 2 4 2 5
0 0 0 1 1 6 1 1 3 0 3 1 5 -1 -1 -1 -1 -1 -1 391359 0 15 22 17 16 2 4 2 5
0 0 0 1 1 6 1 1 3 0 3 1 5 -1 -1 -1 -1 -1 -1 391959 0 15 22 17 16 2 4 2 5
0 0 0 1 1 6 1 1 3 0 3 1 5 -1 -1 -1 -1 -1 -1 392592 0 15 22 17 16 2 4 2 5
0 0 0 1 1 7 1 1 3 0 3 1 5 5 1 4 2 1 1 393225 0 15 22 17 16 2 6 2 5
0 0 0 0 1 6 1 0 4 1 3 0 5 -1 -1 -1 -1 -1 -1 402623 0 15 22 15 60 2 8 0 3
0 0 0 0 1 6 1 0 4 1 3 0 5 -1 -1 -1 -1 -1 -1 402789 0 15 22 15 60 2 8 0 3
0 0 0 0 1 6 1 0 4 1 3 0 5 -1 -1 -1 -1 -1 -1 402956 0 15 22 15 60 2 6 2 3
0 0 0 0 1 6 1 0 4 1 3 0 5 -1 -1 -1 -1 -1 -1 403123 0 15 22 15 50 2 6 2 3
0 0 0 0 1 6 1 0 4 1 3 0 5 -1 -1 -1 -1 -1 -1 403423 0 15 22 15 20 2 6 2 3
0 0 0 0 1 6 1 0 4 1 3 0 5 -1 -1 -1 -1 -1 -1 404356 0 15 22 15 10 2 6 2 3
0 0 0 0 1 6 1 0 4 1 3 0 5 -1 -1 -1 -1 -1 -1 405355 0 15 22 15 10 2 5 2 3
0 0 0 0 1 6 1 0 4 1 3 0 5 -1 -1 -1 -1 -1 -1 406355 0 15 22 15 10 2 5 2 3
0 0 0 0 1 6 1 0 4 1 3 0 5 -1 -1 -1 -1 -1 -1 407355 0 15 22 15 10 2 5 2 3
0 0 0 0 1 6 1 0 4 1 3 0 5 -1 -1 -1 -1 -1 -1 408355 0 15 22 15 10 2 5 2 3
0 0 0 0 1 6 3 0 4 1 3 0 5 6 4 8 3 0 0 409354 0 15 22 15 10 2 6 2 3
0 0 0 0 1 6 1 0 4 1 3 0 5 -1 -1 -1 -1 -1 -1 410354 0 15 22 15 10 2 6 2 3
0 0 0 0 1 6 1 0 4 1 3 0 5 -1 -1 -1 -1 -1 -1 411354 0 15 22 15 10 2 6 2 3
0 0 0 0 1 6 1 0 4 1 3 0 5 -1 -1 -1 -1 -1 -1 412354 0 15 22 15 10 2 6 2 3
0 0 0 0 1 6 3 0 4 1 3 0 5 6 4 6 1 0 0 413353 0 15 22 15 10 2 5 2 3
0 0 0 0 1 6 1 0 4 1 3 0 5 -1 -1 -1 -1 -1 -1 414353 0 15 22 15 10 2 5 2 3
0 0 0 0 1 6 1 0 4 1 3 0 5 -1 -1 -1 -1 -1 -1 415353 0 15 22 15 10 2 5 2 3
0 0 0 0 1 6 1 0 4 1 3 0 5 -1 -1 -1 -1 -1 -1 416353 0 15 22 15 10 2 5 2 3
0 0 0 0 1 6 3 0 4 1 3 0 5 6 4 7 2 0 0 417353 0 15 22 15 10 2 5 2 3
0 0 0 0 1 6 1 0 4 1 3 0 5 -1 -1 -1 -1 -1 -1 418352 0 15 22 15 10 2 5 2 3
0 0 0 0 1 6 1 0 4 1 3 0 5 -1 -1 -1 -1 -1 -1 419352 0 15 22 15 10 2 5 2 3
0 0 0 0 1 6 1 0 4 1 3 0 5 -1 -1 -1 -1 -1 -1 420352 0 15 22 15 10 2 5 2 3
0 0 0 0 1 6 3 0 4 1 3 0 5 6 4 5 0 0 0 421352 0 15 22 15 10 2 6 2 3
0 0 0 0 1 6 1 0 4 1 3 0 5 -1 -1 -1 -1 -1 -1 422351 0 15 22 15 10 2 6 2 3
0 0 0 0 1 6 1 0 4 1 3 0 5 -1 -1 -1 -1 -1 -1 423351 0 15 22 15 10 2 6 2 3
0 0 0 0 6 1 1 0 4 1 3 0 4 -1 -1 -1 -1 -1 -1 424351 0 15 22 15 10 2 6 2 3
0 0 0 0 7 1 1 0 4 1 3 0 4 4 4 6 1 1 1 425351 0 15 22 15 10 2 6 2 3
0 0 0 0 1 6 1 0 4 1 3 0 5 -1 -1 -1 -1 -1 -1 426350 0 15 22 15 10 2 6 2 3
0 0 0 0 1 6 1 0 4 1 3 0 5 -1 -1 -1 -1 -1 -1 427350 0 15 22 15 10 2 6 2 3
0 0 0 0 1 6 1 0 4 1 3 0 5 -1 -1 -1 -1 -1 -1 428350 0 15 22 15 10 2 6 2 3
0 0 0 0 3 6 1 0 4 1 3 0 5 4 4 8 3 0 0 429350 0 15 22 15 10 2 8 0 3
0 0 0 0 1 6 1 0 4 1 3 0 5 -1 -1 -1 -1 -1 -1 430349 0 15 22 15 10 2 8 0 3
0 0 0 0 1 6 1 0 4 1 3 0 5 -1 -1 -1 -1 -1 -1 431349 0 15 22 15 10 2 8 0 3
0 0 0 0 1 6 1 0 4 1 3 0 5 -1 -1 -1 -1 -1 -1 432349 0 15 22 15 10 2 8 0 3
0 0 0 0 1 6 3 0 4 1 3 0 5 6 4 7 2 0 0 433349 0 15 22 15 10 2 6 2 3
0 0 0 0 1 6 1 0 4 1 3 0 5 -1 -1 -1 -1 -1 -1 434348 0 15 22 15 10 2 6 2 3
0 0 0 0 1 6 1 0 4 1 3 0 5 -1 -1 -1 -1 -1 -1 435348 0 15 22 15 10 2 6 2 3
0 0 0 0 1 6 1 0 4 1 3 0 5 -1 -1 -1 -1 -1 -1 436348 0 15 22 15 10 2 6 2 3
0 0 0 0 1 7 1 0 4 1 3 0 5 5 4 6 1 1 1 437348 0 15 22 15 10 2 5 2 3
0 0 0 0 1 6 1 0 4 1 3 0 5 -1 -1 -1 -1 -1 -1 438147 0 15 22 16 13 2 5 2 3
0 0 0 0 1 6 1 0 4 1 3 0 5 -1 -1 -1 -1 -1 -1 438914 0 15 22 16 13 2 5 2 3
0 0 0 0 1 6 1 0 4 1 3 0 5 -1 -1 -1 -1 -1 -1 439680 0 15 22 16 13 2 5 2 3
0 0 0 0 1 6 3 0 4 1 3 0 5 6 4 7 2 0 0 440480 0 15 22 16 13 2 6 2 3
0 0 0 0 1 6 1 0 4 1 3 0 5 -1 -1 -1 -1 -1 -1 441247 0 15 22 16 13 2 6 2 3
0 0 0 0 1 6 1 0 4 1 3 0 5 -1 -1 -1 -1 -1 -1 442013 0 15 22 16 13 2 6 2 3
0 0 0 0 6 1 1 0 4 1 3 0 4 -1 -1 -1 -1 -1 -1 442780 0 15 22 16 13 2 6 2 3
0 0 0 0 7 1 1 0 4 1 3 0 4 4 4 7 2 1 1 443546 0 15 22 16 13 2 5 2 3
0 0 0 0 6 1 1 0 4 1 3 0 4 -1 -1 -1 -1 -1 -1 444313 0 15 22 16 13 2 5 2 3
0 0 0 0 1 6 1 0 4 1 3 0 5 -1 -1 -1 -1 -1 -1 445079 0 15 22 16 13 2 5 2 3
0 0 0 0 6 1 1 0 4 1 3 0 4 -1 -1 -1 -1 -1 -1 445846 0 15 22 16 13 2 5 2 3
0 0 0 0 6 3 1 0 4 1 3 0 4 5 4 8 3 0 0 446612 0 15 22 16 13 2 5 2 3
0 0 0 0 6 1 1 0 4 1 3 0 4 -1 -1 -1 -1 -1 -1 447379 0 15 22 16 13 2 5 2 3
0 0 0 0 1 6 1 0 4 1 3 0 5 -1 -1 -1 -1 -1 -1 448145 0 15 22 16 13 2 5 2 3
0 0 0 0 1 6 1 0 4 1 3 0 5 -1 -1 -1 -1 -1 -1 448911 0 15 22 16 13 2 5 2 3
0 0 0 0 8 1 1 0 4 1 3 0 4 4 4 6 1 0 1 449678 0 15 22 16 13 2 6 2 3
0 0 0 0 1 6 1 0 4 1 3 0 5 -1 -1 -1 -1 -1 -1 450644 0 15 22 15 10 2 6 2 3
0 0 0 0 1 6 1 0 4 1 3 0 5 -1 -1 -1 -1 -1 -1 451644 0 15 22 15 10 2 6 2 3
0 0 0 0 6 1 1 0 4 1 3 0 4 -1 -1 -1 -1 -1 -1 452544 0 15 22 15 12.5 2 6 2 3
0 0 0 0 6 3 1 0 4 1 3 0 4 5 4 5 0 0 0 453344 0 15 22 15 12.5 2 6 2 3
0 0 0 0 6 1 1 0 4 1 3 0 4 -1 -1 -1 -1 -1 -1 454210 0 15 22 15 10 2 6 2 3
0 0 0 0 6 1 1 0 4 1 3 0 4 -1 -1 -1 -1 -1 -1 455210 0 15 22 15 10 2 6 2 3
0 0 0 0 6 1 1 0 4 1 3 0 4 -1 -1 -1 -1 -1 -1 456210 0 15 22 15 10 2 6 2 3
0 0 0 0 8 1 1 0 4 1 3 0 4 4 4 6 1 0 1 457209 0 15 22 15 10 2 8 0 3
0 0 0 0 6 1 1 0 4 1 3 0 4 -1 -1 -1 -1 -1 -1 458209 0 15 22 15 10 2 8 0 3
0 0 0 0 6 1 1 0 4 1 3 0 4 -1 -1 -1 -1 -1 -1 459209 0 15 22 15 10 2 8 0 3
0 0 0 0 6 1 1 0 4 1 3 0 4 -1 -1 -1 -1 -1 -1 460209 0 15 22 15 10 2 8 0 3
0 0 0 0 6 3 1 0 4 1 3 0 4 5 4 5 0 0 0 461208 0 15 22 15 10 2 6 2 3
0 0 0 0 6 1 1 0 4 1 3 0 4 -1 -1 -1 -1 -1 -1 462208 0 15 22 15 10 2 6 2 3
0 0 0 0 6 1 1 0 4 1 3 0 4 -1 -1 -1 -1 -1 -1 463208 0 15 22 15 10 2 6 2 3
0 0 0 0 6 1 1 0 4 1 3 0 4 -1 -1 -1 -1 -1 -1 464208 0 15 22 15 10 2 6 2 3
0 0 0 0 6 3 1 0 4 1 3 0 4 5 4 8 3 0 0 465207 0 15 22 15 10 2 5 2 3
0 0 0 0 6 1 1 0 4 1 3 0 4 -1 -1 -1 -1 -1 -1 466207 0 15 22 15 10 2 5 2 3
0 0 0 0 6 1 1 0 4 1 3 0 4 -1 -1 -1 -1 -1 -1 467207 0 15 22 15 10 2 5 2 3
0 0 0 0 6 1 1 0 4 1 3 0 4 -1 -1 -1 -1 -1 -1 468207 0 15 22 15 10 2 5 2 3
0 0 0 0 6 3 1 0 4 1 3 0 4 5 4 7 2 0 0 469207 0 15 22 15 10 2 6 2 3
0 0 0 0 6 1 1 0 4 1 3 0 4 -1 -1 -1 -1 -1 -1 470206 0 15 22 15 10 2 6 2 3
0 0 0 0 6 1 1 0 4 1 3 0 4 -1 -1 -1 -1 -1 -1 471206 0 15 22 15 10 2 6 2 3
0 0 0 0 6 1 1 0 4 1 3 0 4 -1 -1 -1 -1 -1 -1 472206 0 15 22 15 10 2 6 2 3
0 0 0 0 6 3 1 0 4 1 3 0 4 5 4 6 1 0 0 473206 0 15 22 15 10 2 5 2 3
0 0 0 0 6 1 1 0 4 1 3 0 4 -1 -1 -1 -1 -1 -1 474205 0 15 22 15 10 2 5 2 3
0 0 0 0 6 1 1 0 4 1 3 0 4 -1 -1 -1 -1 -1 -1 475205 0 15 22 15 10 2 5 2 3
0 0 0 0 6 1 1 0 4 1 3 0 4 -1 -1 -1 -1 -1 -1 476205 0 15 22 15 10 2 5 2 3
0 0 0 0 1 7 1 0 4 1 3 0 5 5 4 8 3 1 1 477205 0 15 22 15 10 2 5 2 3
0 0 0 0 1 6 1 0 4 1 3 0 5 -1 -1 -1 -1 -1 -1 478204 0 15 22 15 10 2 5 2 3
0 0 0 0 6 1 1 0 4 1 3 0 4 -1 -1 -1 -1 -1 -1 479204 0 15 22 15 10 2 5 2 3
0 0 0 0 6 1 1 0 4 1 3 0 4 -1 -1 -1 -1 -1 -1 480204 0 15 22 15 10 2 5 2 3
0 0 0 0 6 3 1 0 4 1 3 0 4 5 4 8 3 0 0 481204 0 15 22 15 10 2 6 2 3
0 0 0 0 6 1 1 0 4 1 3 0 4 -1 -1 -1 -1 -1 -1 482203 0 15 22 15 10 2 6 2 3
0 0 0 0 1 6 1 0 4 1 3 0 5 -1 -1 -1 -1 -1 -1 483203 0 15 22 15 10 2 6 2 3
0 0 0 0 1 6 1 0 4 1 3 0 5 -1 -1 -1 -1 -1 -1 484203 0 15 22 15 10 2 6 2 3
0 0 0 0 8 1 1 0 4 1 3 0 4 4 4 7 2 0 1 485203 0 15 22 15 10 2 6 2 3
0 0 0 0 1 6 1 0 4 1 3 0 5 -1 -1 -1 -1 -1 -1 486202 0 15 22 15 10 2 6 2 3
0 0 0 0 1 1 6 0 4 1 3 0 6 -1 -1 -1 -1 -1 -1 487202 0 15 22 15 10 2 6 2 3
0 0 0 0 1 1 6 0 4 1 3 0 6 -1 -1 -1 -1 -1 -1 488102 0 15 22 15 12.5 2 6 2 3
0 0 0 0 1 1 7 0 4 1 3 0 6 6 4 8 3 1 1 488902 0 15 22 15 12.5 2 8 0 3
0 0 0 0 1 1 6 0 4 1 3 0 6 -1 -1 -1 -1 -1 -1 489768 0 15 22 15 10 2 8 0 3
0 0 0 0 1 6 1 0 4 1 3 0 5 -1 -1 -1 -1 -1 -1 490768 0 15 22 15 10 2 8 0 3
0 0 0 0 1 6 1 0 4 1 3 0 5 -1 -1 -1 -1 -1 -1 491768 0 15 22 15 10 2 8 0 3
0 0 0 0 2 8 1 0 4 1 3 0 5 4 4 8 3 1 0 492767 0 15 22 15 10 2 6 2 3
0 0 0 0 1 6 1 0 4 1 3 0 5 -1 -1 -1 -1 -1 -1 493767 0 15 22 15 10 2 6 2 3
0 0 0 0 1 6 1 0 4 1 3 0 5 -1 -1 -1 -1 -1 -1 494767 0 15 22 15 10 2 6 2 3
0 0 0 0 1 6 1 0 4 1 3 0 5 -1 -1 -1 -1 -1 -1 495767 0 15 22 15 10 2 6 2 3
0 0 0 0 1 6 3 0 4 1 3 0 5 6 4 5 0 0 0 496766 0 15 22 15 10 2 5 2 3
0 0 0 0 6 1 1 0 4 1 3 0 4 -1 -1 -1 -1 -1 -1 497766 0 15 22 15 10 2 5 2 3
0 0 0 0 6 1 1 0 4 1 3 0 4 -1 -1 -1 -1 -1 -1 498566 0 15 22 15 12.5 2 5 2 3
0 0 0 0 6 1 1 0 4 1 3 0 4 -1 -1 -1 -1 -1 -1 499366 0 15 22 15 12.3333 2 5 2 3
0 0 0 0 7 1 1 0 4 1 3 0 4 4 4 8 3 1 1 500299 0 15 22 15 10 2 6 2 3
0 0 0 0 1 6 1 0 4 1 3 0 5 -1 -1 -1 -1 -1 -1 501299 0 15 22 15 10 2 6 2 3
0 0 0 0 1 1 6 0 4 1 3 0 6 -1 -1 -1 -1 -1 -1 502298 0 15 22 15 10 2 6 2 3
0 0 0 0 1 1 6 0 4 1 3 0 6 -1 -1 -1 -1 -1 -1 503298 0 15 22 15 10 2 6 2 3
0 0 0 0 1 1 7 0 4 1 3 0 6 6 4 8 3 1 1 504298 0 15 22 15 10 2 5 2 3
0 0 0 0 1 1 6 0 4 1 3 0 6 -1 -1 -1 -1 -1 -1 505098 0 15 22 16 13 2 5 2 3
0 0 0 0 1 6 1 0 4 1 3 0 5 -1 -1 -1 -1 -1 -1 505864 0 15 22 16 13 2 5 2 3
0 0 0 0 1 6 1 0 4 1 3 0 5 -1 -1 -1 -1 -1 -1 506531 0 15 22 16 16.25 2 5 2 3
0 0 0 0 1 6 3 0 4 1 3 0 5 6 4 6 1 0 0 507131 0 15 22 16 16.25 2 5 2 3
0 0 0 0 1 6 1 0 4 1 3 0 5 -1 -1 -1 -1 -1 -1 507764 0 15 22 16 14.5167 2 5 2 3
0 0 0 0 1 6 1 0 4 1 3 0 5 -1 -1 -1 -1 -1 -1 508530 0 15 22 16 13 2 5 2 3
0 0 0 0 1 6 1 0 4 1 3 0 5 -1 -1 -1 -1 -1 -1 509297 0 15 22 16 13 2 5 2 3
0 0 0 0 3 6 1 0 4 1 3 0 5 4 4 5 0 0 0 510063 0 15 22 16 13 2 6 2 3
0 0 0 0 1 6 1 0 4 1 3 0 5 -1 -1 -1 -1 -1 -1 510830 0 15 22 16 13 2 6 2 3
0 0 0 0 1 6 1 0 4 1 3 0 5 -1 -1 -1 -1 -1 -1 511596 0 15 22 16 13 2 6 2 3
0 0 0 0 1 6 1 0 4 1 3 0 5 -1 -1 -1 -1 -1 -1 512363 0 15 22 16 13 2 6 2 3
0 0 0 0 3 6 1 0 4 1 3 0 5 4 4 6 1 0 0 513129 0 15 22 16 13 2 6 2 3
0 0 0 0 1 6 1 0 4 1 3 0 5 -1 -1 -1 -1 -1 -1 513896 0 15 22 16 13 2 6 2 3
0 0 0 0 1 6 1 0 4 1 3 0 5 -1 -1 -1 -1 -1 -1 514662 0 15 22 16 13 2 6 2 3
0 0 0 0 1 1 6 0 4 1 3 0 6 -1 -1 -1 -1 -1 -1 515395 0 15 22 16 16.25 2 6 2 3
0 0 0 0 1 3 6 0 4 1 3 0 6 5 4 8 3 0 0 515995 0 15 22 16 16.25 2 8 0 3
0 0 0 0 1 1 6 0 4 1 3 0 6 -1 -1 -1 -1 -1 -1 516628 0 15 22 16 16.25 2 8 0 3
0 0 0 0 1 6 1 0 4 1 3 0 5 -1 -1 -1 -1 -1 -1 517295 0 15 22 16 13 2 8 0 3
0 0 0 0 1 6 1 0 4 1 3 0 5 -1 -1 -1 -1 -1 -1 518061 0 15 22 16 13 2 8 0 3
0 0 0 0 8 2 1 0 4 1 3 0 4 5 4 5 0 1 0 518828 0 15 22 16 13 2 6 2 3
0 0 0 0 1 1 6 0 4 1 3 0 6 -1 -1 -1 -1 -1 -1 519794 0 15 22 15 10 2 6 2 3
0 0 0 0 1 1 6 0 4 1 3 0 6 -1 -1 -1 -1 -1 -1 520661 0 15 22 15 12.5 2 6 2 3
0 0 0 0 1 1 6 0 4 1 3 0 6 -1 -1 -1 -1 -1 -1 521460 0 15 22 15 12.5 2 6 2 3
0 0 0 0 1 1 8 0 4 1 3 0 6 6 4 8 3 0 1 522360 0 15 22 15 10 2 5 2 3
0 0 0 0 1 6 1 0 5 1 3 0 5 -1 -1 -1 -1 -1 -1 533924 0 15 22 15 60 2 8 0 3
0 0 0 0 1 6 1 0 5 1 3 0 5 -1 -1 -1 -1 -1 -1 534091 0 15 22 15 60 2 8 0 3
0 0 0 0 1 6 1 0 5 1 3 0 5 -1 -1 -1 -1 -1 -1 534257 0 15 22 15 60 2 4 2 3
0 0 0 0 1 6 1 0 5 1 3 0 5 -1 -1 -1 -1 -1 -1 534424 0 15 22 15 50 2 4 2 3
0 0 0 0 1 6 1 0 5 1 3 0 5 -1 -1 -1 -1 -1 -1 534724 0 15 22 15 20 2 4 2 3
0 0 0 0 1 6 1 0 5 1 3 0 5 -1 -1 -1 -1 -1 -1 535657 0 15 22 15 10 2 4 2 3
0 0 0 0 1 6 1 0 5 1 3 0 5 -1 -1 -1 -1 -1 -1 536657 0 15 22 15 10 2 6 2 3
0 0 0 0 1 6 1 0 5 1 3 0 5 -1 -1 -1 -1 -1 -1 537657 0 15 22 15 10 2 6 2 3
0 0 0 0 1 6 1 0 5 1 3 0 5 -1 -1 -1 -1 -1 -1 538656 0 15 22 15 10 2 6 2 3
0 0 0 0 1 6 1 0 5 1 3 0 5 -1 -1 -1 -1 -1 -1 539489 0 15 22 15 12.5 2 6 2 3
0 0 0 0 3 6 1 0 5 1 3 0 5 4 4 8 3 0 0 540289 0 15 22 15 12.5 2 5 2 3
0 0 0 0 1 6 1 0 5 1 3 0 5 -1 -1 -1 -1 -1 -1 541222 0 15 22 15 10 2 5 2 3
0 0 0 0 1 6 1 0 5 1 3 0 5 -1 -1 -1 -1 -1 -1 542222 0 15 22 15 10 2 5 2 3
0 0 0 0 1 6 1 0 5 1 3 0 5 -1 -1 -1 -1 -1 -1 543222 0 15 22 15 10 2 5 2 3
0 0 0 0 1 6 3 0 5 1 3 0 5 6 4 5 0 0 0 544222 0 15 22 15 10 2 4 2 3
0 0 0 0 1 6 1 0 5 1 3 0 5 -1 -1 -1 -1 -1 -1 545221 0 15 22 15 10 2 4 2 3
0 0 0 0 1 6 1 0 5 1 3 0 5 -1 -1 -1 -1 -1 -1 546221 0 15 22 15 10 2 4 2 3
0 0 0 0 1 6 1 0 5 1 3 0 5 -1 -1 -1 -1 -1 -1 547221 0 15 22 15 10 2 4 2 3
0 0 0 0 3 6 1 0 5 1 3 0 5 4 4 6 1 0 0 548221 0 15 22 15 10 2 4 2 3
0 0 0 0 1 1 6 0 5 1 3 0 6 -1 -1 -1 -1 -1 -1 549220 0 15 22 15 10 2 4 2 3
0 0 0 0 1 1 6 0 5 1 3 0 6 -1 -1 -1 -1 -1 -1 550120 0 15 22 15 12.5 2 4 2 3
0 0 0 0 1 1 6 0 5 1 3 0 6 -1 -1 -1 -1 -1 -1 550920 0 15 22 15 12.5 2 4 2 3
0 0 0 0 1 1 7 0 5 1 3 0 6 6 4 8 3 1 1 551786 0 15 22 15 10 2 5 2 3
0 0 0 0 1 1 6 0 5 1 3 0 6 -1 -1 -1 -1 -1 -1 552786 0 15 22 15 10 2 5 2 3
0 0 0 0 1 6 1 0 5 1 3 0 5 -1 -1 -1 -1 -1 -1 553786 0 15 22 15 10 2 5 2 3
0 0 0 0 1 6 1 0 5 1 3 0 5 -1 -1 -1 -1 -1 -1 554786 0 15 22 15 10 2 5 2 3
0 0 0 0 1 7 1 0 5 1 3 0 5 5 4 5 0 1 1 555785 0 15 22 15 10 2 5 2 3
0 0 0 0 1 6 1 0 5 1 3 0 5 -1 -1 -1 -1 -1 -1 556585 0 15 22 16 13 2 5 2 3
0 0 0 0 1 6 1 0 5 1 3 0 5 -1 -1 -1 -1 -1 -1 557352 0 15 22 16 13 2 5 2 3
0 0 0 0 1 6 1 0 5 1 3 0 5 -1 -1 -1 -1 -1 -1 558118 0 15 22 16 13 2 5 2 3
0 0 0 0 1 7 1 0 5 1 3 0 5 5 4 6 1 1 1 558885 0 15 22 16 13 2 8 0 3
0 0 0 0 1 6 1 0 5 1 3 0 5 -1 -1 -1 -1 -1 -1 559651 0 15 22 16 13 2 8 0 3
0 0 0 0 1 6 1 0 5 1 3 0 5 -1 -1 -1 -1 -1 -1 560418 0 15 22 16 13 2 8 0 3
0 0 0 0 1 6 1 0 5 1 3 0 5 -1 -1 -1 -1 -1 -1 561184 0 15 22 16 13 2 8 0 3
0 0 0 0 1 6 3 0 5 1 3 0 5 6 4 7 2 0 0 561951 0 15 22 16 13 2 4 2 3
0 0 0 0 1 6 1 0 5 1 3 0 5 -1 -1 -1 -1 -1 -1 562750 0 15 22 16 13 2 4 2 3
0 0 0 0 1 6 1 0 5 1 3 0 5 -1 -1 -1 -1 -1 -1 563517 0 15 22 16 13 2 4 2 3
0 0 0 0 6 1 1 0 5 1 3 0 4 -1 -1 -1 -1 -1 -1 564283 0 15 22 16 13 2 4 2 3
0 0 0 0 6 3 1 0 5 1 3 0 4 5 4 8 3 0 0 565050 0 15 22 16 13 2 6 2 3
0 0 0 0 6 1 1 0 5 1 3 0 4 -1 -1 -1 -1 -1 -1 565816 0 15 22 16 13 2 6 2 3
0 0 0 0 6 1 1 0 5 1 3 0 4 -1 -1 -1 -1 -1 -1 566583 0 15 22 16 13 2 6 2 3
0 0 0 0 6 1 1 0 5 1 3 0 4 -1 -1 -1 -1 -1 -1 567349 0 15 22 16 13 2 6 2 3
0 0 0 0 6 1 3 0 5 1 3 0 4 6 4 7 2 0 0 568116 0 15 22 16 13 2 5 2 3
0 0 0 0 6 1 1 0 5 1 3 0 4 -1 -1 -1 -1 -1 -1 568882 0 15 22 16 13 2 5 2 3
0 0 0 0 1 6 1 0 5 1 3 0 5 -1 -1 -1 -1 -1 -1 569649 0 15 22 16 13 2 5 2 3
0 0 0 0 1 6 1 0 5 1 3 0 5 -1 -1 -1 -1 -1 -1 570415 0 15 22 16 13 2 5 2 3
0 0 0 0 3 6 1 0 5 1 3 0 5 4 4 8 3 0 0 571182 0 15 22 16 13 2 4 2 3
0 0 0 0 1 6 1 0 5 1 3 0 5 -1 -1 -1 -1 -1 -1 571948 0 15 22 16 13 2 4 2 3
0 0 0 0 1 6 1 0 5 1 3 0 5 -1 -1 -1 -1 -1 -1 572748 0 15 22 16 13 2 4 2 3
0 0 0 0 1 6 1 0 5 1 3 0 5 -1 -1 -1 -1 -1 -1 573514 0 15 22 16 13 2 4 2 3
0 0 0 0 3 6 1 0 5 1 3 0 5 4 4 7 2 0 0 574281 0 15 22 16 13 2 4 2 3
0 0 0 0 1 6 1 0 5 1 3 0 5 -1 -1 -1 -1 -1 -1 575047 0 15 22 16 13 2 4 2 3
0 0 0 0 1 6 1 0 5 1 3 0 5 -1 -1 -1 -1 -1 -1 575814 0 15 22 16 13 2 4 2 3
0 0 0 0 1 6 1 0 5 1 3 0 5 -1 -1 -1 -1 -1 -1 576580 0 15 22 16 13 2 4 2 3
0 0 0 0 1 6 3 0 5 1 3 0 5 6 4 6 1 0 0 577347 0 15 22 16 13 2 5 2 3
0 0 0 0 1 6 1 0 5 1 3 0 5 -1 -1 -1 -1 -1 -1 578113 0 15 22 16 13 2 5 2 3
0 0 0 0 1 6 1 0 5 1 3 0 5 -1 -1 -1 -1 -1 -1 578880 0 15 22 16 13 2 5 2 3
0 0 0 0 6 1 1 0 5 1 3 0 4 -1 -1 -1 -1 -1 -1 579646 0 15 22 16 13 2 5 2 3
0 0 0 0 7 1 1 0 5 1 3 0 4 4 4 8 3 1 1 580313 0 15 22 16 16.25 2 5 2 3
0 0 0 0 6 1 1 0 5 1 3 0 4 -1 -1 -1 -1 -1 -1 580846 0 15 22 17 20 2 5 2 3
0 0 0 0 1 6 1 0 5 1 3 0 5 -1 -1 -1 -1 -1 -1 581346 0 15 22 17 20 2 5 2 3
0 0 0 0 1 1 6 0 5 1 3 0 6 -1 -1 -1 -1 -1 -1 581879 0 15 22 17 16.5333 2 5 2 3
0 0 0 0 1 1 7 0 5 1 3 0 6 6 4 7 2 1 1 582479 0 15 22 17 16 2 8 0 3
0 0 0 1 1 6 1 1 6 2 3 2 5 -1 -1 -1 -1 -1 -1 591177 0 15 22 18 60 2 8 0 5
0 0 0 1 1 6 1 1 6 2 3 2 5 -1 -1 -1 -1 -1 -1 591343 0 15 22 18 60 2 8 0 5
0 0 0 1 1 6 1 1 6 2 3 2 5 -1 -1 -1 -1 -1 -1 591510 0 15 22 18 60 2 6 2 5
0 0 0 1 1 6 1 1 6 2 3 2 5 -1 -1 -1 -1 -1 -1 591677 0 15 22 18 51.8 2 6 2 5
0 0 0 1 1 6 1 1 6 2 3 2 5 -1 -1 -1 -1 -1 -1 591943 0 15 22 18 29.9333 2 6 2 5
0 0 0 1 1 6 1 1 6 2 3 2 5 -1 -1 -1 -1 -1 -1 592410 0 15 22 18 19 2 6 2 5
0 0 0 1 1 6 1 1 6 2 3 2 5 -1 -1 -1 -1 -1 -1 592943 0 15 22 18 19 2 5 2 5
0 0 0 1 1 6 1 1 6 2 3 2 5 -1 -1 -1 -1 -1 -1 593443 0 15 22 18 19 2 5 2 5
0 0 0 1 1 6 1 1 6 2 3 2 5 -1 -1 -1 -1 -1 -1 593976 0 15 22 18 19 2 5 2 5
0 0 0 1 1 6 1 1 6 2 3 2 5 -1 -1 -1 -1 -1 -1 594509 0 15 22 18 19 2 5 2 5
0 0 0 1 6 3 1 1 6 2 3 2 4 5 5 4 1 0 0 595043 0 15 22 18 19 2 6 2 5
0 0 0 1 6 1 1 1 6 2 3 2 4 -1 -1 -1 -1 -1 -1 595576 0 15 22 18 19 2 6 2 5
0 0 0 1 6 4 1 1 6 2 3 2 4 -1 -1 -1 -1 -1 -1 596076 1 15 22 18 19 2 6 2 5
0 0 0 1 6 1 1 1 6 2 3 2 4 -1 -1 -1 -1 -1 -1 596609 0 15 22 18 19 2 6 2 5
0 0 0 1 6 3 1 1 6 2 3 2 4 5 5 4 0 0 0 597142 0 15 22 18 19 2 4 2 5
0 0 0 1 6 1 1 1 6 2 3 2 4 -1 -1 -1 -1 -1 -1 597675 0 15 22 18 19 2 4 2 5
0 0 0 1 6 1 4 1 6 2 3 2 4 -1 -1 -1 -1 -1 -1 598208 1 15 22 18 19 2 4 2 5
0 0 0 1 1 6 1 1 6 2 3 2 5 -1 -1 -1 -1 -1 -1 598708 0 15 22 18 19 2 4 2 5
0 0 0 1 1 6 1 3 6 2 3 2 5 7 5 4 3 0 0 599241 0 15 22 18 19 2 6 2 5
0 0 0 1 1 6 1 1 6 2 3 2 5 -1 -1 -1 -1 -1 -1 599775 0 15 22 18 19 2 6 2 5
0 0 0 4 1 1 6 1 6 2 3 2 6 -1 -1 -1 -1 -1 -1 600308 1 15 22 18 19 2 6 2 5
0 0 0 1 1 1 1 6 6 2 3 2 7 -1 -1 -1 -1 -1 -1 600808 0 15 22 18 19 2 6 2 5
0 0 0 1 1 1 1 7 6 2 3 2 7 7 5 4 1 1 1 601341 0 15 22 18 19 2 6 2 5
0 0 0 1 1 1 1 6 6 2 3 2 7 -1 -1 -1 -1 -1 -1 601874 0 15 22 18 19 2 6 2 5
0 0 0 1 1 1 4 6 6 2 3 2 7 -1 -1 -1 -1 -1 -1 602407 1 15 22 18 19 2 6 2 5
0 0 0 1 1 1 1 6 6 2 3 2 7 -1 -1 -1 -1 -1 -1 602941 0 15 22 18 19 2 6 2 5
0 0 0 1 1 1 3 6 6 2 3 2 7 6 5 4 3 0 0 603440 0 15 22 18 19 2 5 2 5
0 0 0 1 1 1 1 6 6 2 3 2 7 -1 -1 -1 -1 -1 -1 603974 0 15 22 18 19 2 5 2 5
0 0 0 1 1 6 1 4 6 2 3 2 5 -1 -1 -1 -1 -1 -1 604507 1 15 22 18 19 2 5 2 5
0 0 0 1 6 1 1 1 6 2 3 2 4 -1 -1 -1 -1 -1 -1 605040 0 15 22 18 19 2 5 2 5
0 0 0 1 3 6 1 1 6 2 3 2 5 4 5 4 1 0 0 605573 0 15 22 18 19 2 8 0 5
0 0 0 1 1 6 1 1 6 2 3 2 5 -1 -1 -1 -1 -1 -1 606073 0 15 22 18 19 2 8 0 5
0 0 0 1 6 1 4 1 6 2 3 2 4 -1 -1 -1 -1 -1 -1 606606 1 15 22 18 19 2 8 0 5
0 0 0 1 6 1 1 1 6 2 3 2 4 -1 -1 -1 -1 -1 -1 607140 0 15 22 18 19 2 8 0 5
0 0 0 1 3 6 1 1 6 2 3 2 5 4 5 4 3 0 0 607673 0 15 22 18 19 2 6 2 5
0 0 0 1 1 6 1 1 6 2 3 2 5 -1 -1 -1 -1 -1 -1 608173 0 15 22 18 19 2 6 2 5
0 0 0 4 1 6 1 1 6 2 3 2 5 -1 -1 -1 -1 -1 -1 608706 1 15 22 18 19 2 6 2 5
0 0 0 1 6 1 1 1 6 2 3 2 4 -1 -1 -1 -1 -1 -1 609239 0 15 22 18 19 2 6 2 5
0 0 0 1 6 3 1 1 6 2 3 2 4 5 5 4 2 0 0 609772 0 15 22 18 19 2 5 2 5
0 0 0 1 1 6 1 1 6 2 3 2 5 -1 -1 -1 -1 -1 -1 610305 0 15 22 18 19 2 5 2 5
0 0 0 1 4 6 1 1 6 2 3 2 5 -1 -1 -1 -1 -1 -1 610805 1 15 22 18 19 2 5 2 5
0 0 0 1 1 6 1 1 6 2 3 2 5 -1 -1 -1 -1 -1 -1 611339 0 15 22 18 19 2 5 2 5
0 0 0 1 1 8 1 1 6 2 3 2 5 5 5 4 3 0 1 611872 0 15 22 18 19 2 6 2 5
0 0 0 1 1 6 1 1 6 2 3 2 5 -1 -1 -1 -1 -1 -1 612472 0 15 22 17 16 2 6 2 5
0 0 0 6 1 1 1 4 6 2 3 2 3 -1 -1 -1 -1 -1 -1 613105 1 15 22 17 16 2 6 2 5
0 0 0 6 1 1 1 1 6 2 3 2 3 -1 -1 -1 -1 -1 -1 613738 0 15 22 17 16 2 6 2 5
0 0 0 7 1 1 1 1 6 2 3 2 3 3 5 4 3 1 1 614338 0 15 22 17 16 2 4 2 5
0 0 0 6 1 1 1 1 6 2 3 2 3 -1 -1 -1 -1 -1 -1 614971 0 15 22 17 16 2 4 2 5
0 0 0 6 4 1 1 1 6 2 3 2 3 -1 -1 -1 -1 -1 -1 615604 1 15 22 17 16 2 4 2 5
0 0 0 1 6 1 1 1 6 2 3 2 4 -1 -1 -1 -1 -1 -1 616237 0 15 22 17 16 2 4 2 5
0 0 0 1 2 8 1 1 6 2 3 2 5 4 5 4 2 1 0 616837 0 15 22 17 16 2 6 2 5
0 0 0 1 1 6 1 1 6 2 3 2 5 -1 -1 -1 -1 -1 -1 617604 0 15 22 16 13 2 6 2 5
0 0 0 4 1 6 1 1 6 2 3 2 5 -1 -1 -1 -1 -1 -1 618370 1 15 22 16 13 2 6 2 5
0 0 0 1 1 6 1 1 6 2 3 2 5 -1 -1 -1 -1 -1 -1 619137 0 15 22 16 13 2 6 2 5
0 0 0 1 1 6 3 1 6 2 3 2 5 6 5 4 0 0 0 619903 0 15 22 16 13 2 6 2 5
0 0 0 1 6 1 1 1 6 2 3 2 4 -1 -1 -1 -1 -1 -1 620670 0 15 22 16 13 2 6 2 5
0 0 0 1 1 6 4 1 6 2 3 2 5 -1 -1 -1 -1 -1 -1 621436 1 15 22 16 13 2 6 2 5
0 0 0 1 1 1 1 6 6 2 3 2 7 -1 -1 -1 -1 -1 -1 622203 0 15 22 16 13 2 6 2 5
0 0 0 1 1 1 1 8 6 2 3 2 7 7 5 4 2 0 1 622969 0 15 22 16 13 2 5 2 5
0 0 0 1 1 1 6 1 6 2 3 2 6 -1 -1 -1 -1 -1 -1 623935 0 15 22 15 10 2 5 2 5
0 0 0 4 1 1 6 1 6 2 3 2 6 -1 -1 -1 -1 -1 -1 624869 1 15 22 15 12.5 2 5 2 5
0 0 0 1 1 1 6 1 6 2 3 2 6 -1 -1 -1 -1 -1 -1 625668 0 15 22 15 12.5 2 5 2 5
0 0 0 1 1 6 3 1 6 2 3 2 5 6 5 4 0 0 0 626501 0 15 22 15 10.3333 2 8 0 5
0 0 0 1 1 6 1 1 6 2 3 2 5 -1 -1 -1 -1 -1 -1 627501 0 15 22 15 10 2 8 0 5
0 0 0 4 1 6 1 1 6 2 3 2 5 -1 -1 -1 -1 -1 -1 628501 1 15 22 15 10 2 8 0 5
0 0 0 1 1 6 1 1 6 2 3 2 5 -1 -1 -1 -1 -1 -1 629467 0 15 22 15 12.5 2 8 0 5
0 0 0 1 1 8 1 1 6 2 3 2 5 5 5 4 3 0 1 630267 0 15 22 15 12.5 2 6 2 5
0 0 0 1 1 6 1 1 6 2 3 2 5 -1 -1 -1 -1 -1 -1 631067 0 15 22 15 11.5 2 6 2 5
0 0 0 1 4 6 1 1 6 2 3 2 5 -1 -1 -1 -1 -1 -1 632033 1 15 22 15 10 2 6 2 5
0 0 0 1 6 1 1 1 6 2 3 2 4 -1 -1 -1 -1 -1 -1 633033 0 15 22 15 12.5 2 6 2 5
0 0 0 1 7 1 1 1 6 2 3 2 4 4 5 4 2 1 1 633833 0 15 22 15 12.5 2 5 2 5
0 0 0 1 6 1 1 1 6 2 3 2 4 -1 -1 -1 -1 -1 -1 634633 0 15 22 15 11.5 2 5 2 5
0 0 0 4 6 1 1 1 6 2 3 2 4 -1 -1 -1 -1 -1 -1 635599 1 15 22 15 10 2 5 2 5
0 0 0 1 6 1 1 1 6 2 3 2 4 -1 -1 -1 -1 -1 -1 636599 0 15 22 15 10 2 5 2 5
0 0 0 8 1 1 1 1 6 2 3 2 3 3 5 4 1 0 1 637532 0 15 22 15 12.5 2 6 2 5
0 0 0 1 6 1 1 1 6 2 3 2 4 -1 -1 -1 -1 -1 -1 638332 0 15 22 15 12.5 2 6 2 5
0 0 0 1 6 1 4 1 6 2 3 2 4 -1 -1 -1 -1 -1 -1 639165 1 15 22 15 10.8333 2 6 2 5
0 0 0 1 6 1 1 1 6 2 3 2 4 -1 -1 -1 -1 -1 -1 640165 0 15 22 15 10 2 6 2 5
0 0 0 1 7 1 1 1 6 2 3 2 4 4 5 4 3 1 1 641165 0 15 22 15 10 2 4 2 5
0 0 0 1 1 6 1 1 6 2 3 2 5 -1 -1 -1 -1 -1 -1 642164 0 15 22 15 10 2 4 2 5
0 0 0 4 6 1 1 1 6 2 3 2 4 -1 -1 -1 -1 -1 -1 643164 1 15 22 15 10 2 4 2 5
0 0 0 1 6 1 1 1 6 2 3 2 4 -1 -1 -1 -1 -1 -1 644164 0 15 22 15 10 2 4 2 5
0 0 0 3 1 6 1 1 6 2 3 2 5 3 5 4 1 0 0 645164 0 15 22 15 10 2 6 2 5
0 0 0 1 1 6 1 1 6 2 3 2 5 -1 -1 -1 -1 -1 -1 646130 0 15 22 15 12.5 2 6 2 5
0 0 0 1 4 6 1 1 6 2 3 2 5 -1 -1 -1 -1 -1 -1 646930 1 15 22 15 12.5 2 6 2 5
0 0 0 1 1 6 1 1 6 2 3 2 5 -1 -1 -1 -1 -1 -1 647730 0 15 22 15 11.1667 2 6 2 5
0 0 0 1 1 7 1 1 6 2 3 2 5 5 5 4 1 1 1 648729 0 15 22 15 10 2 6 2 5
0 0 0 1 1 6 1 1 6 2 3 2 5 -1 -1 -1 -1 -1 -1 649529 0 15 22 16 13 2 6 2 5
0 0 0 1 1 6 1 4 6 2 3 2 5 -1 -1 -1 -1 -1 -1 650296 1 15 22 16 13 2 6 2 5
0 0 0 1 1 6 1 1 6 2 3 2 5 -1 -1 -1 -1 -1 -1 651062 0 15 22 16 13 2 6 2 5
0 0 0 1 3 6 1 1 6 2 3 2 5 4 5 4 2 0 0 651829 0 15 22 16 13 2 5 2 5
0 0 0 1 1 6 1 1 6 2 3 2 5 -1 -1 -1 -1 -1 -1 652595 0 15 22 16 13 2 5 2 5
0 0 0 1 1 6 1 4 6 2 3 2 5 -1 -1 -1 -1 -1 -1 653362 1 15 22 16 13 2 5 2 5
0 0 0 1 1 6 1 1 6 2 3 2 5 -1 -1 -1 -1 -1 -1 654161 0 15 22 16 13 2 5 2 5
0 0 0 1 3 6 1 1 6 2 3 2 5 4 5 4 2 0 0 654928 0 15 22 16 13 2 8 0 5
0 0 0 1 6 1 1 1 6 2 3 2 4 -1 -1 -1 -1 -1 -1 655694 0 15 22 16 13 2 8 0 5
0 0 0 1 6 4 1 1 6 2 3 2 4 -1 -1 -1 -1 -1 -1 656461 1 15 22 16 13 2 8 0 5
0 0 0 1 6 1 1 1 6 2 3 2 4 -1 -1 -1 -1 -1 -1 657227 0 15 22 16 13 2 8 0 5
0 0 0 1 6 3 1 1 6 2 3 2 4 5 5 4 0 0 0 657994 0 15 22 16 13 2 6 2 5
0 0 0 1 1 6 1 1 6 2 3 2 5 -1 -1 -1 -1 -1 -1 658760 0 15 22 16 13 2 6 2 5
0 0 0 4 1 6 1 1 6 2 3 2 5 -1 -1 -1 -1 -1 -1 659527 1 15 22 16 13 2 6 2 5
0 0 0 1 1 6 1 1 6 2 3 2 5 -1 -1 -1 -1 -1 -1 660293 0 15 22 16 13 2 6 2 5
0 0 0 1 3 6 1 1 6 2 3 2 5 4 5 4 1 0 0 661060 0 15 22 16 13 2 5 2 5
0 0 0 1 1 6 1 1 6 2 3 2 5 -1 -1 -1 -1 -1 -1 661826 0 15 22 16 13 2 5 2 5
0 0 0 1 1 6 4 1 6 2 3 2 5 -1 -1 -1 -1 -1 -1 662593 1 15 22 16 13 2 5 2 5
0 0 0 1 1 6 1 1 6 2 3 2 5 -1 -1 -1 -1 -1 -1 663359 0 15 22 16 13 2 5 2 5
0 0 0 1 3 6 1 1 6 2 3 2 5 4 5 4 3 0 0 664126 0 15 22 16 13 2 6 2 5
0 0 0 1 1 6 1 1 6 2 3 2 5 -1 -1 -1 -1 -1 -1 664925 0 15 22 16 13 2 6 2 5
0 0 0 1 4 1 6 1 6 2 3 2 6 -1 -1 -1 -1 -1 -1 665692 1 15 22 16 13 2 6 2 5
0 0 0 1 1 6 1 1 6 2 3 2 5 -1 -1 -1 -1 -1 -1 666458 0 15 22 16 13 2 6 2 5
0 0 0 1 1 6 3 1 6 2 3 2 5 6 5 4 1 0 0 667225 0 15 22 16 13 2 4 2 5
0 0 0 1 1 6 1 1 6 2 3 2 5 -1 -1 -1 -1 -1 -1 667991 0 15 22 16 13 2 4 2 5
0 0 0 1 4 1 6 1 6 2 3 2 6 -1 -1 -1 -1 -1 -1 668758 1 15 22 16 13 2 4 2 5
0 0 0 1 1 6 1 1 6 2 3 2 5 -1 -1 -1 -1 -1 -1 669524 0 15 22 16 16.25 2 4 2 5
0 0 0 1 1 6 3 1 6 2 3 2 5 6 5 4 0 0 0 670124 0 15 22 16 16.25 2 6 2 5
0 0 0 1 1 6 1 1 6 2 3 2 5 -1 -1 -1 -1 -1 -1 670757 0 15 22 16 16.25 2 6 2 5
0 0 0 1 1 6 1 4 6 2 3 2 5 -1 -1 -1 -1 -1 -1 671391 1 15 22 16 13.65 2 6 2 5
0 0 0 1 1 1 6 1 6 2 3 2 6 -1 -1 -1 -1 -1 -1 672157 0 15 22 16 13 2 6 2 5
0 0 0 1 1 2 8 1 6 2 3 2 6 5 5 4 3 1 0 672923 0 15 22 16 13 2 6 2 5
0 0 0 1 1 6 1 1 6 2 3 2 5 -1 -1 -1 -1 -1 -1 673890 0 15 22 15 10 2 6 2 5
0 0 0 4 1 6 1 1 6 2 3 2 5 -1 -1 -1 -1 -1 -1 674856 1 15 22 15 12.5 2 6 2 5
0 0 0 1 6 1 1 1 6 2 3 2 4 -1 -1 -1 -1 -1 -1 675656 0 15 22 15 12.5 2 6 2 5
0 0 0 1 6 3 1 1 6 2 3 2 4 5 5 4 3 0 0 676456 0 15 22 15 11.8333 2 5 2 5
0 0 0 1 6 1 1 1 6 2 3 2 4 -1 -1 -1 -1 -1 -1 677422 0 15 22 15 10 2 5 2 5
0 0 0 4 6 1 1 1 6 2 3 2 4 -1 -1 -1 -1 -1 -1 678422 1 15 22 15 10 2 5 2 5
0 0 0 6 1 1 1 1 6 2 3 2 3 -1 -1 -1 -1 -1 -1 679422 0 15 22 15 12.5 2 5 2 5
0 0 0 7 1 1 1 1 6 2 3 2 3 3 5 4 0 1 1 680222 0 15 22 15 12.5 2 8 0 5
0 0 0 6 1 1 1 1 6 2 3 2 3 -1 -1 -1 -1 -1 -1 681022 0 15 22 15 11.6667 2 8 0 5
0 0 0 1 6 1 4 1 6 2 3 2 4 -1 -1 -1 -1 -1 -1 681988 1 15 22 15 10 2 8 0 5
0 0 0 1 6 1 1 1 6 2 3 2 4 -1 -1 -1 -1 -1 -1 682988 0 15 22 15 10 2 8 0 5
0 0 0 1 8 1 1 1 6 2 3 2 4 4 5 4 1 0 1 683887 0 15 22 15 12.5 2 6 2 5
0 0 0 1 1 6 1 1 6 2 3 2 5 -1 -1 -1 -1 -1 -1 684687 0 15 22 15 12.5 2 6 2 5
0 0 0 1 4 6 1 1 6 2 3 2 5 -1 -1 -1 -1 -1 -1 685554 1 15 22 15 10 2 6 2 5
0 0 0 1 1 6 1 1 6 2 3 2 5 -1 -1 -1 -1 -1 -1 686387 0 15 22 15 12.5 2 6 2 5
0 0 0 1 1 7 1 1 6 2 3 2 5 5 5 4 3 1 1 687187 0 15 22 15 12.5 2 5 2 5
0 0 0 1 1 6 1 1 6 2 3 2 5 -1 -1 -1 -1 -1 -1 688120 0 15 22 15 10 2 5 2 5
0 0 0 1 1 6 4 1 6 2 3 2 5 -1 -1 -1 -1 -1 -1 689120 1 15 22 15 10 2 5 2 5
0 0 0 1 1 6 1 1 6 2 3 2 5 -1 -1 -1 -1 -1 -1 689986 0 15 22 15 12.5 2 5 2 5
0 0 0 1 1 6 3 1 6 2 3 2 5 6 5 4 2 0 0 690786 0 15 22 15 12.5 2 6 2 5
0 0 0 1 1 6 1 1 6 2 3 2 5 -1 -1 -1 -1 -1 -1 691652 0 15 22 15 10 2 6 2 5
0 0 0 1 1 6 4 1 6 2 3 2 5 -1 -1 -1 -1 -1 -1 692652 1 15 22 15 10 2 6 2 5
0 0 0 1 1 1 6 1 6 2 3 2 6 -1 -1 -1 -1 -1 -1 693652 0 15 22 15 10 2 6 2 5
0 0 0 1 1 7 1 1 6 2 3 2 5 5 5 4 1 1 1 694652 0 15 22 15 10 2 4 2 5
0 0 0 1 1 6 1 1 6 2 3 2 5 -1 -1 -1 -1 -1 -1 695485 0 15 22 16 13 2 4 2 5
0 0 0 1 4 6 1 1 6 2 3 2 5 -1 -1 -1 -1 -1 -1 696084 1 15 22 16 16.25 2 4 2 5
0 0 0 1 1 6 1 1 6 2 3 2 5 -1 -1 -1 -1 -1 -1 696718 0 15 22 16 16.25 2 4 2 5
0 0 0 3 6 1 1 1 6 2 3 2 4 3 5 4 2 0 0 697351 0 15 22 16 14.3 2 6 2 5
0 0 0 1 6 1 1 1 6 2 3 2 4 -1 -1 -1 -1 -1 -1 698117 0 15 22 16 13 2 6 2 5
0 0 0 1 6 1 4 1 6 2 3 2 4 -1 -1 -1 -1 -1 -1 698884 1 15 22 16 13 2 6 2 5
0 0 0 1 6 1 1 1 6 2 3 2 4 -1 -1 -1 -1 -1 -1 699650 0 15 22 16 13 2 6 2 5
0 0 0 1 8 1 1 1 6 2 3 2 4 4 5 4 1 0 1 700350 0 15 22 16 16.25 2 6 2 5
0 0 0 1 1 6 1 1 6 2 3 2 5 -1 -1 -1 -1 -1 -1 701117 0 15 22 15 12.5 2 6 2 5
0 0 0 1 1 6 1 4 6 2 3 2 5 -1 -1 -1 -1 -1 -1 701950 1 15 22 15 11.1667 2 6 2 5
0 0 0 1 1 6 1 1 6 2 3 2 5 -1 -1 -1 -1 -1 -1 702850 0 15 22 15 12.5 2 6 2 5
0 0 0 1 1 7 1 1 6 2 3 2 5 5 5 4 1 1 1 703649 0 15 22 15 12.5 2 5 2 5
0 0 0 1 1 1 6 1 6 2 3 2 6 -1 -1 -1 -1 -1 -1 704482 0 15 22 15 10 2 5 2 5
0 0 0 1 1 4 6 1 6 2 3 2 6 -1 -1 -1 -1 -1 -1 705482 1 15 22 15 10 2 5 2 5
0 0 0 1 1 6 1 1 6 2 3 2 5 -1 -1 -1 -1 -1 -1 706482 0 15 22 15 10 2 5 2 5
0 0 0 1 1 6 3 1 6 2 3 2 5 6 5 4 0 0 0 707315 0 15 22 15 12.5 2 8 0 5
0 0 0 1 1 6 1 1 6 2 3 2 5 -1 -1 -1 -1 -1 -1 708115 0 15 22 15 12.5 2 8 0 5
0 0 0 1 4 1 6 1 6 2 3 2 6 -1 -1 -1 -1 -1 -1 709048 1 15 22 15 10 2 8 0 5
0 0 0 1 1 6 1 1 6 2 3 2 5 -1 -1 -1 -1 -1 -1 710014 0 15 22 15 12.5 2 8 0 5
0 0 0 1 1 1 8 1 6 2 3 2 6 6 5 4 3 0 1 710814 0 15 22 15 12.5 2 6 2 5
0 0 0 1 1 6 1 1 7 2 3 2 5 -1 -1 -1 -1 -1 -1 719612 0 15 22 15 60 2 8 0 5
0 0 0 1 1 6 1 1 7 2 3 2 5 -1 -1 -1 -1 -1 -1 719779 0 15 22 15 60 2 8 0 5
0 0 0 1 1 6 1 1 7 2 3 2 5 -1 -1 -1 -1 -1 -1 719945 0 15 22 15 60 2 5 2 5
0 0 0 1 1 6 1 1 7 2 3 2 5 -1 -1 -1 -1 -1 -1 720112 0 15 22 15 50 2 5 2 5
0 0 0 1 1 6 1 1 7 2 3 2 5 -1 -1 -1 -1 -1 -1 720412 0 15 22 15 20 2 5 2 5
0 0 0 1 1 6 1 1 7 2 3 2 5 -1 -1 -1 -1 -1 -1 721345 0 15 22 15 10 2 5 2 5
0 0 0 1 1 6 1 1 7 2 3 2 5 -1 -1 -1 -1 -1 -1 722345 0 15 22 15 10 2 6 2 5
0 0 0 1 1 6 1 1 7 2 3 2 5 -1 -1 -1 -1 -1 -1 723345 0 15 22 15 10 2 6 2 5
0 0 0 1 1 6 1 1 7 2 3 2 5 -1 -1 -1 -1 -1 -1 724344 0 15 22 15 10 2 6 2 5
0 0 0 1 1 6 1 1 7 2 3 2 5 -1 -1 -1 -1 -1 -1 725344 0 15 22 15 10 2 6 2 5
0 0 0 1 1 6 1 3 7 2 3 2 5 7 5 4 1 0 0 726344 0 15 22 15 10 2 4 2 5
0 0 0 1 1 6 1 1 7 2 3 2 5 -1 -1 -1 -1 -1 -1 727344 0 15 22 15 12.5 2 4 2 5
0 0 0 1 4 6 1 1 7 2 3 2 5 -1 -1 -1 -1 -1 -1 728143 1 15 22 15 12.5 2 4 2 5
0 0 0 1 1 6 1 1 7 2 3 2 5 -1 -1 -1 -1 -1 -1 728943 0 15 22 15 11.8333 2 4 2 5
0 0 0 1 1 6 3 1 7 2 3 2 5 6 5 4 0 0 0 729910 0 15 22 15 10 2 6 2 5
0 0 0 1 1 6 1 1 7 2 3 2 5 -1 -1 -1 -1 -1 -1 730909 0 15 22 15 10 2 6 2 5
0 0 0 4 1 6 1 1 7 2 3 2 5 -1 -1 -1 -1 -1 -1 731909 1 15 22 15 10 2 6 2 5
0 0 0 1 1 6 1 1 7 2 3 2 5 -1 -1 -1 -1 -1 -1 732909 0 15 22 15 10 2 6 2 5
0 0 0 1 1 6 1 3 7 2 3 2 5 7 5 4 1 0 0 733909 0 15 22 15 10 2 5 2 5
0 0 0 1 1 6 1 1 7 2 3 2 5 -1 -1 -1 -1 -1 -1 734908 0 15 22 15 10 2 5 2 5
0 0 0 4 1 6 1 1 7 2 3 2 5 -1 -1 -1 -1 -1 -1 735908 1 15 22 15 10 2 5 2 5
0 0 0 1 1 6 1 1 7 2 3 2 5 -1 -1 -1 -1 -1 -1 736908 0 15 22 15 10 2 5 2 5
0 0 0 1 1 8 2 1 7 2 3 2 5 6 5 4 1 1 0 737908 0 15 22 15 10 2 6 2 5
0 0 0 1 1 6 1 1 7 2 3 2 5 -1 -1 -1 -1 -1 -1 738907 0 15 22 15 10 2 6 2 5
0 0 0 1 4 6 1 1 7 2 3 2 5 -1 -1 -1 -1 -1 -1 739907 1 15 22 15 10 2 6 2 5
0 0 0 1 6 1 1 1 7 2 3 2 4 -1 -1 -1 -1 -1 -1 740907 0 15 22 15 10 2 6 2 5
0 0 0 1 6 3 1 1 7 2 3 2 4 5 5 4 3 0 0 741907 0 15 22 15 10 2 4 2 5
0 0 0 1 6 1 1 1 7 2 3 2 4 -1 -1 -1 -1 -1 -1 742906 0 15 22 15 10 2 4 2 5
0 0 0 1 6 1 1 4 7 2 3 2 4 -1 -1 -1 -1 -1 -1 743906 1 15 22 15 10 2 4 2 5
0 0 0 1 6 1 1 1 7 2 3 2 4 -1 -1 -1 -1 -1 -1 744906 0 15 22 15 10 2 4 2 5
0 0 0 1 6 3 1 1 7 2 3 2 4 5 5 4 3 0 0 745872 0 15 22 15 12.5 2 8 0 5
0 0 0 1 6 1 1 1 7 2 3 2 4 -1 -1 -1 -1 -1 -1 746672 0 15 22 15 12.5 2 8 0 5
0 0 0 1 6 4 1 1 7 2 3 2 4 -1 -1 -1 -1 -1 -1 747472 1 15 22 15 11 2 8 0 5
0 0 0 1 1 6 1 1 7 2 3 2 5 -1 -1 -1 -1 -1 -1 748472 0 15 22 15 10 2 8 0 5
0 0 0 1 1 7 1 1 7 2 3 2 5 5 5 4 1 1 1 749305 0 15 22 15 12.5 2 5 2 5
0 0 0 1 6 1 1 1 7 2 3 2 4 -1 -1 -1 -1 -1 -1 750105 0 15 22 15 12.5 2 5 2 5
0 0 0 1 6 1 4 1 7 2 3 2 4 -1 -1 -1 -1 -1 -1 751038 1 15 22 15 10 2 5 2 5
0 0 0 1 6 1 1 1 7 2 3 2 4 -1 -1 -1 -1 -1 -1 752037 0 15 22 15 10 2 5 2 5
0 0 0 3 6 1 1 1 7 2 3 2 4 3 5 4 2 0 0 753004 0 15 22 15 10 2 6 2 5
0 0 0 1 6 1 1 1 7 2 3 2 4 -1 -1 -1 -1 -1 -1 754037 0 15 22 15 10 2 6 2 5
0 0 0 1 6 1 1 4 7 2 3 2 4 -1 -1 -1 -1 -1 -1 755037 1 15 22 15 10 2 6 2 5
0 0 0 1 6 1 1 1 7 2 3 2 4 -1 -1 -1 -1 -1 -1 755970 0 15 22 15 12.5 2 6 2 5
0 0 0 1 6 3 1 1 7 2 3 2 4 5 5 4 1 0 0 756770 0 15 22 15 12.5 2 4 2 5
0 0 0 1 6 1 1 1 7 2 3 2 4 -1 -1 -1 -1 -1 -1 757569 0 15 22 15 11 2 4 2 5
0 0 0 1 1 6 1 4 7 2 3 2 5 -1 -1 -1 -1 -1 -1 758569 1 15 22 15 10 2 4 2 5
0 0 0 1 1 6 1 1 7 2 3 2 5 -1 -1 -1 -1 -1 -1 759536 0 15 22 15 12.5 2 4 2 5
0 0 0 1 1 6 1 3 7 2 3 2 5 7 5 4 2 0 0 760335 0 15 22 15 12.5 2 6 2 5
0 0 0 1 1 6 1 1 7 2 3 2 5 -1 -1 -1 -1 -1 -1 761135 0 15 22 15 11.1667 2 6 2 5
0 0 0 1 1 6 1 4 7 2 3 2 5 -1 -1 -1 -1 -1 -1 762135 1 15 22 15 10 2 6 2 5
0 0 0 1 1 1 1 6 7 2 3 2 7 -1 -1 -1 -1 -1 -1 763135 0 15 22 15 10 2 6 2 5
0 0 0 1 1 1 1 8 7 2 3 2 7 7 5 4 1 0 1 764135 0 15 22 15 10 2 5 2 5
0 0 0 1 1 1 6 1 7 2 3 2 6 -1 -1 -1 -1 -1 -1 765134 0 15 22 15 10 2 5 2 5
0 0 0 4 1 6 1 1 7 2 3 2 5 -1 -1 -1 -1 -1 -1 766101 1 15 22 15 12.5 2 5 2 5
0 0 0 1 1 6 1 1 7 2 3 2 5 -1 -1 -1 -1 -1 -1 766901 0 15 22 15 12.5 2 5 2 5
0 0 0 1 1 3 6 1 7 2 3 2 6 5 5 4 0 0 0 767700 0 15 22 15 11.5 2 6 2 5
0 0 0 1 1 6 1 1 7 2 3 2 5 -1 -1 -1 -1 -1 -1 768700 0 15 22 15 10 2 6 2 5
0 0 0 1 4 6 1 1 7 2 3 2 5 -1 -1 -1 -1 -1 -1 769700 1 15 22 15 10 2 6 2 5
0 0 0 1 1 6 1 1 7 2 3 2 5 -1 -1 -1 -1 -1 -1 770700 0 15 22 15 10 2 6 2 5
0 0 0 1 1 7 1 1 7 2 3 2 5 5 5 4 2 1 1 771699 0 15 22 15 10 2 4 2 5
0 0 0 1 1 6 1 1 7 2 3 2 5 -1 -1 -1 -1 -1 -1 772699 0 15 22 15 10 2 4 2 5
0 0 0 1 1 6 1 4 7 2 3 2 5 -1 -1 -1 -1 -1 -1 773699 1 15 22 15 10 2 4 2 5
0 0 0 1 1 6 1 1 7 2 3 2 5 -1 -1 -1 -1 -1 -1 774699 0 15 22 15 10 2 4 2 5
0 0 0 1 1 6 1 3 7 2 3 2 5 7 5 4 0 0 0 775698 0 15 22 15 10 2 8 0 5
0 0 0 1 1 6 1 1 7 2 3 2 5 -1 -1 -1 -1 -1 -1 776698 0 15 22 15 10 2 8 0 5
0 0 0 1 1 1 6 4 7 2 3 2 6 -1 -1 -1 -1 -1 -1 777698 1 15 22 15 10 2 8 0 5
0 0 0 1 1 1 6 1 7 2 3 2 6 -1 -1 -1 -1 -1 -1 778698 0 15 22 15 10 2 8 0 5
0 0 0 1 1 1 8 1 7 2 3 2 6 6 5 4 2 0 1 779664 0 15 22 15 12.5 2 5 2 5
0 0 0 1 1 6 1 1 7 2 3 2 5 -1 -1 -1 -1 -1 -1 780464 0 15 22 15 12.5 2 5 2 5
0 0 0 4 1 1 6 1 7 2 3 2 6 -1 -1 -1 -1 -1 -1 781264 1 15 22 15 11.8333 2 5 2 5
0 0 0 1 1 1 6 1 7 2 3 2 6 -1 -1 -1 -1 -1 -1 782097 0 15 22 15 12.5 2 5 2 5
0 0 0 1 1 1 7 1 7 2 3 2 6 6 5 4 2 1 1 782897 0 15 22 15 12.5 2 6 2 5
0 0 0 1 1 1 6 1 7 2 3 2 6 -1 -1 -1 -1 -1 -1 783796 0 15 22 15 10 2 6 2 5
0 0 0 1 1 4 6 1 7 2 3 2 6 -1 -1 -1 -1 -1 -1 784796 1 15 22 15 10 2 6 2 5
0 0 0 1 1 1 6 1 7 2 3 2 6 -1 -1 -1 -1 -1 -1 785796 0 15 22 15 10 2 6 2 5
0 0 0 1 1 8 1 1 7 2 3 2 5 5 5 4 1 0 1 786729 0 15 22 15 12.5 2 4 2 5
0 0 0 1 1 6 1 1 7 2 3 2 5 -1 -1 -1 -1 -1 -1 787529 0 15 22 15 12.5 2 4 2 5
0 0 0 1 1 6 1 4 7 2 3 2 5 -1 -1 -1 -1 -1 -1 788362 1 15 22 15 10.6667 2 4 2 5
0 0 0 1 1 6 1 1 7 2 3 2 5 -1 -1 -1 -1 -1 -1 789362 0 15 22 15 10 2 4 2 5
0 0 0 1 1 8 2 1 7 2 3 2 5 6 5 4 2 1 0 790361 0 15 22 15 10 2 6 2 5
0 0 0 1 1 1 6 1 7 2 3 2 6 -1 -1 -1 -1 -1 -1 791361 0 15 22 15 10 2 6 2 5
0 0 0 1 1 4 6 1 7 2 3 2 6 -1 -1 -1 -1 -1 -1 792361 1 15 22 15 10 2 6 2 5
0 0 0 1 1 1 6 1 7 2 3 2 6 -1 -1 -1 -1 -1 -1 793361 0 15 22 15 10 2 6 2 5
0 0 0 1 1 3 6 1 7 2 3 2 6 5 5 4 1 0 0 794161 0 15 22 15 12.5 2 5 2 5
0 0 0 1 1 1 6 1 7 2 3 2 6 -1 -1 -1 -1 -1 -1 794960 0 15 22 15 12.5 2 5 2 5
0 0 0 1 1 1 6 4 7 2 3 2 6 -1 -1 -1 -1 -1 -1 795927 1 15 22 15 10 2 5 2 5
0 0 0 1 1 1 6 1 7 2 3 2 6 -1 -1 -1 -1 -1 -1 796927 0 15 22 15 10 2 5 2 5
0 0 0 1 1 1 6 3 7 2 3 2 6 7 5 4 2 0 0 797893 0 15 22 15 12.5 2 6 2 5
0 0 0 1 1 1 6 1 7 2 3 2 6 -1 -1 -1 -1 -1 -1 798693 0 15 22 15 12.5 2 6 2 5
0 0 0 1 1 4 6 1 7 2 3 2 6 -1 -1 -1 -1 -1 -1 799493 1 15 22 15 11.3333 2 6 2 5
0 0 0 1 1 6 1 1 7 2 3 2 5 -1 -1 -1 -1 -1 -1 800459 0 15 22 15 10 2 6 2 5
0 0 0 1 1 6 3 1 7 2 3 2 5 6 5 4 3 0 0 801459 0 15 22 15 10 2 4 2 5
0 0 0 1 1 1 6 1 7 2 3 2 6 -1 -1 -1 -1 -1 -1 802459 0 15 22 15 10 2 4 2 5
0 0 0 1 1 4 6 1 7 2 3 2 6 -1 -1 -1 -1 -1 -1 803458 1 15 22 15 10 2 4 2 5
0 0 0 1 1 1 1 6 7 2 3 2 7 -1 -1 -1 -1 -1 -1 804425 0 15 22 15 12.5 2 4 2 5
0 0 0 1 1 1 1 7 7 2 3 2 7 7 5 4 1 1 1 805225 0 15 22 15 12.5 2 8 0 5
0 0 0 1 1 1 6 1 7 2 3 2 6 -1 -1 -1 -1 -1 -1 806024 0 15 22 15 11.1667 2 8 0 5
0 0 0 1 1 4 6 1 7 2 3 2 6 -1 -1 -1 -1 -1 -1 807024 1 15 22 15 10 2 8 0 5
0 0 0 1 1 1 6 1 7 2 3 2 6 -1 -1 -1 -1 -1 -1 808024 0 15 22 15 10 2 8 0 5
0 0 0 1 1 3 6 1 7 2 3 2 6 5 5 4 3 0 0 809024 0 15 22 15 10 2 5 2 5
0 0 0 1 1 1 6 1 7 2 3 2 6 -1 -1 -1 -1 -1 -1 809823 0 15 22 15 12.5 2 5 2 5
0 0 0 1 1 4 6 1 7 2 3 2 6 -1 -1 -1 -1 -1 -1 810623 1 15 22 15 12.1667 2 5 2 5
0 0 0 1 1 1 6 1 7 2 3 2 6 -1 -1 -1 -1 -1 -1 811556 0 15 22 15 12.5 2 5 2 5
0 0 0 1 1 1 6 3 7 2 3 2 6 7 5 4 0 0 0 812356 0 15 22 15 12.5 2 6 2 5
0 0 0 1 1 1 6 1 7 2 3 2 6 -1 -1 -1 -1 -1 -1 813156 0 15 22 15 11.5 2 6 2 5
0 0 0 4 1 1 6 1 7 2 3 2 6 -1 -1 -1 -1 -1 -1 814122 1 15 22 15 10 2 6 2 5
0 0 0 1 1 1 6 1 7 2 3 2 6 -1 -1 -1 -1 -1 -1 815122 0 15 22 15 10 2 6 2 5
0 0 0 1 1 1 7 1 7 2 3 2 6 6 5 4 1 1 1 816122 0 15 22 15 10 2 4 2 5
0 0 0 1 1 1 6 1 7 2 3 2 6 -1 -1 -1 -1 -1 -1 816922 0 15 22 16 13 2 4 2 5
0 0 0 1 1 4 6 1 7 2 3 2 6 -1 -1 -1 -1 -1 -1 817688 1 15 22 16 13 2 4 2 5
0 0 0 1 1 1 6 1 7 2 3 2 6 -1 -1 -1 -1 -1 -1 818488 0 15 22 16 13 2 4 2 5
0 0 0 1 1 1 6 3 7 2 3 2 6 7 5 4 2 0 0 819254 0 15 22 16 13 2 6 2 5
0 0 0 1 1 1 6 1 7 2 3 2 6 -1 -1 -1 -1 -1 -1 820021 0 15 22 16 13 2 6 2 5
0 0 0 1 4 1 6 1 7 2 3 2 6 -1 -1 -1 -1 -1 -1 820787 1 15 22 16 13 2 6 2 5
0 0 0 1 1 1 6 1 7 2 3 2 6 -1 -1 -1 -1 -1 -1 821554 0 15 22 16 13 2 6 2 5
0 0 0 1 1 1 8 2 7 2 3 2 6 7 5 4 0 1 0 822320 0 15 22 16 13 2 5 2 5
0 0 0 1 1 1 6 1 7 2 3 2 6 -1 -1 -1 -1 -1 -1 823287 0 15 22 15 10 2 5 2 5
0 0 0 4 1 1 6 1 7 2 3 2 6 -1 -1 -1 -1 -1 -1 824287 1 15 22 15 10 2 5 2 5
0 0 0 1 1 6 1 1 7 2 3 2 5 -1 -1 -1 -1 -1 -1 825286 0 15 22 15 10 2 5 2 5
0 0 0 1 1 7 1 1 7 2 3 2 5 5 5 4 1 1 1 826286 0 15 22 15 10 2 6 2 5
0 0 0 1 1 6 1 1 7 2 3 2 5 -1 -1 -1 -1 -1 -1 827086 0 15 22 15 12.5 2 6 2 5
0 0 0 1 4 1 6 1 7 2 3 2 6 -1 -1 -1 -1 -1 -1 827886 1 15 22 15 12.3333 2 6 2 5
0 0 0 1 1 1 6 1 7 2 3 2 6 -1 -1 -1 -1 -1 -1 828852 0 15 22 15 10 2 6 2 5
0 0 0 1 1 6 1 3 7 2 3 2 5 7 5 4 3 0 0 829852 0 15 22 15 10 2 4 2 5
0 0 0 1 1 6 1 1 7 2 3 2 5 -1 -1 -1 -1 -1 -1 830685 0 15 22 15 12.5 2 4 2 5
0 0 0 4 1 6 1 1 7 2 3 2 5 -1 -1 -1 -1 -1 -1 831485 1 15 22 15 12.5 2 4 2 5
0 0 0 1 1 1 6 1 7 2 3 2 6 -1 -1 -1 -1 -1 -1 832385 0 15 22 15 10 2 4 2 5
0 0 0 1 1 1 8 1 7 2 3 2 6 6 5 4 1 0 1 833351 0 15 22 15 12.5 2 8 0 5
0 0 0 1 1 1 6 1 7 2 3 2 6 -1 -1 -1 -1 -1 -1 834151 0 15 22 15 12.5 2 8 0 5
0 0 0 4 1 1 6 1 7 2 3 2 6 -1 -1 -1 -1 -1 -1 834951 1 15 22 15 11.1667 2 8 0 5
0 0 0 1 1 1 6 1 7 2 3 2 6 -1 -1 -1 -1 -1 -1 835850 0 15 22 15 12.5 2 8 0 5
0 0 0 1 1 1 7 1 7 2 3 2 6 6 5 4 1 1 1 836650 0 15 22 15 12.5 2 5 2 5
0 0 0 1 1 1 6 1 7 2 3 2 6 -1 -1 -1 -1 -1 -1 837517 0 15 22 15 10 2 5 2 5
0 0 0 4 6 1 1 1 7 2 3 2 4 -1 -1 -1 -1 -1 -1 838516 1 15 22 15 10 2 5 2 5
0 0 0 1 6 1 1 1 7 2 3 2 4 -1 -1 -1 -1 -1 -1 839350 0 15 22 15 12.5 2 5 2 5
0 0 0 1 1 6 1 1 7 2 3 2 5 -1 -1 -1 -1 -1 -1 719612 0 15 22 15 60 2 8 0 5
0 0 0 1 1 6 1 1 7 2 3 2 5 -1 -1 -1 -1 -1 -1 719779 0 15 22 15 60 2 8 0 5
0 0 0 1 1 6 1 1 7 2 3 2 5 -1 -1 -1 -1 -1 -1 719945 0 15 22 15 60 2 5 2 5
0 0 0 1 1 6 1 1 7 2 3 2 5 -1 -1 -1 -1 -1 -1 720112 0 15 22 15 50 2 5 2 5
0 0 0 1 1 6 1 1 7 2 3 2 5 -1 -1 -1 -1 -1 -1 720412 0 15 22 15 20 2 5 2 5
0 0 0 1 1 6 1 1 7 2 3 2 5 -1 -1 -1 -1 -1 -1 721345 0 15 22 15 10 2 5 2 5
0 0 0 1 1 6 1 1 7 2 3 2 5 -1 -1 -1 -1 -1 -1 722345 0 15 22 15 10 2 6 2 5
0 0 0 1 1 6 1 1 7 2 3 2 5 -1 -1 -1 -1 -1 -1 723345 0 15 22 15 10 2 6 2 5
0 0 0 1 1 6 1 1 7 2 3 2 5 -1 -1 -1 -1 -1 -1 724344 0 15 22 15 10 2 6 2 5
0 0 0 1 1 6 1 1 7 2 3 2 5 -1 -1 -1 -1 -1 -1 725344 0 15 22 15 10 2 6 2 5
0 0 0 1 1 6 1 3 7 2 3 2 5 7 5 4 1 0 0 726344 0 15 22 15 10 2 4 2 5
0 0 0 1 1 6 1 1 7 2 3 2 5 -1 -1 -1 -1 -1 -1 727344 0 15 22 15 12.5 2 4 2 5
0 0 0 1 4 6 1 1 7 2 3 2 5 -1 -1 -1 -1 -1 -1 728143 1 15 22 15 12.5 2 4 2 5
0 0 0 1 1 6 1 1 7 2 3 2 5 -1 -1 -1 -1 -1 -1 728943 0 15 22 15 11.8333 2 4 2 5
0 0 0 1 1 6 3 1 7 2 3 2 5 6 5 4 0 0 0 729910 0 15 22 15 10 2 6 2 5
0 0 0 1 1 6 1 1 7 2 3 2 5 -1 -1 -1 -1 -1 -1 730909 0 15 22 15 10 2 6 2 5
0 0 0 4 1 6 1 1 7 2 3 2 5 -1 -1 -1 -1 -1 -1 731909 1 15 22 15 10 2 6 2 5
0 0 0 1 1 6 1 1 7 2 3 2 5 -1 -1 -1 -1 -1 -1 732909 0 15 22 15 10 2 6 2 5
0 0 0 1 1 6 1 3 7 2 3 2 5 7 5 4 1 0 0 733909 0 15 22 15 10 2 5 2 5
0 0 0 1 1 6 1 1 7 2 3 2 5 -1 -1 -1 -1 -1 -1 734908 0 15 22 15 10 2 5 2 5
0 0 0 4 1 6 1 1 7 2 3 2 5 -1 -1 -1 -1 -1 -1 735908 1 15 22 15 10 2 5 2 5
0 0 0 1 1 6 1 1 7 2 3 2 5 -1 -1 -1 -1 -1 -1 736908 0 15 22 15 10 2 5 2 5
0 0 0 1 1 8 2 1 7 2 3 2 5 6 5 4 1 1 0 737908 0 15 22 15 10 2 6 2 5
0 0 0 1 1 6 1 1 7 2 3 2 5 -1 -1 -1 -1 -1 -1 738907 0 15 22 15 10 2 6 2 5
0 0 0 1 4 6 1 1 7 2 3 2 5 -1 -1 -1 -1 -1 -1 739907 1 15 22 15 10 2 6 2 5
0 0 0 1 6 1 1 1 7 2 3 2 4 -1 -1 -1 -1 -1 -1 740907 0 15 22 15 10 2 6 2 5
0 0 0 1 6 3 1 1 7 2 3 2 4 5 5 4 3 0 0 741907 0 15 22 15 10 2 4 2 5
0 0 0 1 6 1 1 1 7 2 3 2 4 -1 -1 -1 -1 -1 -1 742906 0 15 22 15 10 2 4 2 5
0 0 0 1 6 1 1 4 7 2 3 2 4 -1 -1 -1 -1 -1 -1 743906 1 15 22 15 10 2 4 2 5
0 0 0 1 6 1 1 1 7 2 3 2 4 -1 -1 -1 -1 -1 -1 744906 0 15 22 15 10 2 4 2 5
0 0 0 1 6 3 1 1 7 2 3 2 4 5 5 4 3 0 0 745872 0 15 22 15 12.5 2 8 0 5
0 0 0 1 6 1 1 1 7 2 3 2 4 -1 -1 -1 -1 -1 -1 746672 0 15 22 15 12.5 2 8 0 5
0 0 0 1 6 4 1 1 7 2 3 2 4 -1 -1 -1 -1 -1 -1 747472 1 15 22 15 11 2 8 0 5
0 0 0 1 1 6 1 1 7 2 3 2 5 -1 -1 -1 -1 -1 -1 748472 0 15 22 15 10 2 8 0 5
0 0 0 1 1 7 1 1 7 2 3 2 5 5 5 4 1 1 1 749305 0 15 22 15 12.5 2 5 2 5
0 0 0 1 6 1 1 1 7 2 3 2 4 -1 -1 -1 -1 -1 -1 750105 0 15 22 15 12.5 2 5 2 5
0 0 0 1 6 1 4 1 7 2 3 2 4 -1 -1 -1 -1 -1 -1 751038 1 15 22 15 10 2 5 2 5
0 0 0 1 6 1 1 1 7 2 3 2 4 -1 -1 -1 -1 -1 -1 752037 0 15 22 15 10 2 5 2 5
0 0 0 3 6 1 1 1 7 2 3 2 4 3 5 4 2 0 0 753004 0 15 22 15 10 2 6 2 5
0 0 0 1 6 1 1 1 7 2 3 2 4 -1 -1 -1 -1 -1 -1 754037 0 15 22 15 10 2 6 2 5
0 0 0 1 6 1 1 4 7 2 3 2 4 -1 -1 -1 -1 -1 -1 755037 1 15 22 15 10 2 6 2 5
0 0 0 1 6 1 1 1 7 2 3 2 4 -1 -1 -1 -1 -1 -1 755970 0 15 22 15 12.5 2 6 2 5
0 0 0 1 6 3 1 1 7 2 3 2 4 5 5 4 1 0 0 756770 0 15 22 15 12.5 2 4 2 5
0 0 0 1 6 1 1 1 7 2 3 2 4 -1 -1 -1 -1 -1 -1 757569 0 15 22 15 11 2 4 2 5
0 0 0 1 1 6 1 4 7 2 3 2 5 -1 -1 -1 -1 -1 -1 758569 1 15 22 15 10 2 4 2 5
0 0 0 1 1 6 1 1 7 2 3 2 5 -1 -1 -1 -1 -1 -1 759536 0 15 22 15 12.5 2 4 2 5
0 0 0 1 1 6 1 3 7 2 3 2 5 7 5 4 2 0 0 760335 0 15 22 15 12.5 2 6 2 5
0 0 0 1 1 6 1 1 7 2 3 2 5 -1 -1 -1 -1 -1 -1 761135 0 15 22 15 11.1667 2 6 2 5
0 0 0 1 1 6 1 4 7 2 3 2 5 -1 -1 -1 -1 -1 -1 762135 1 15 22 15 10 2 6 2 5
0 0 0 1 1 1 1 6 7 2 3 2 7 -1 -1 -1 -1 -1 -1 763135 0 15 22 15 10 2 6 2 5
0 0 0 1 1 1 1 8 7 2 3 2 7 7 5 4 1 0 1 764135 0 15 22 15 10 2 5 2 5
0 0 0 1 1 1 6 1 7 2 3 2 6 -1 -1 -1 -1 -1 -1 765134 0 15 22 15 10 2 5 2 5
0 0 0 4 1 6 1 1 7 2 3 2 5 -1 -1 -1 -1 -1 -1 766101 1 15 22 15 12.5 2 5 2 5
0 0 0 1 1 6 1 1 7 2 3 2 5 -1 -1 -1 -1 -1 -1 766901 0 15 22 15 12.5 2 5 2 5
0 0 0 1 1 3 6 1 7 2 3 2 6 5 5 4 0 0 0 767700 0 15 22 15 11.5 2 6 2 5
0 0 0 1 1 6 1 1 7 2 3 2 5 -1 -1 -1 -1 -1 -1 768700 0 15 22 15 10 2 6 2 5
0 0 0 1 4 6 1 1 7 2 3 2 5 -1 -1 -1 -1 -1 -1 769700 1 15 22 15 10 2 6 2 5
0 0 0 1 1 6 1 1 7 2 3 2 5 -1 -1 -1 -1 -1 -1 770700 0 15 22 15 10 2 6 2 5
0 0 0 1 1 7 1 1 7 2 3 2 5 5 5 4 2 1 1 771699 0 15 22 15 10 2 4 2 5
0 0 0 1 1 6 1 1 7 2 3 2 5 -1 -1 -1 -1 -1 -1 772699 0 15 22 15 10 2 4 2 5
0 0 0 1 1 6 1 4 7 2 3 2 5 -1 -1 -1 -1 -1 -1 773699 1 15 22 15 10 2 4 2 5
0 0 0 1 1 6 1 1 7 2 3 2 5 -1 -1 -1 -1 -1 -1 774699 0 15 22 15 10 2 4 2 5
0 0 0 1 1 6 1 3 7 2 3 2 5 7 5 4 0 0 0 775698 0 15 22 15 10 2 8 0 5
0 0 0 1 1 6 1 1 7 2 3 2 5 -1 -1 -1 -1 -1 -1 776698 0 15 22 15 10 2 8 0 5
0 0 0 1 1 1 6 4 7 2 3 2 6 -1 -1 -1 -1 -1 -1 777698 1 15 22 15 10 2 8 0 5
0 0 0 1 1 1 6 1 7 2 3 2 6 -1 -1 -1 -1 -1 -1 778698 0 15 22 15 10 2 8 0 5
0 0 0 1 1 1 8 1 7 2 3 2 6 6 5 4 2 0 1 779664 0 15 22 15 12.5 2 5 2 5
0 0 0 1 1 6 1 1 7 2 3 2 5 -1 -1 -1 -1 -1 -1 780464 0 15 22 15 12.5 2 5 2 5
0 0 0 4 1 1 6 1 7 2 3 2 6 -1 -1 -1 -1 -1 -1 781264 1 15 22 15 11.8333 2 5 2 5
0 0 0 1 1 1 6 1 7 2 3 2 6 -1 -1 -1 -1 -1 -1 782097 0 15 22 15 12.5 2 5 2 5
0 0 0 1 1 1 7 1 7 2 3 2 6 6 5 4 2 1 1 782897 0 15 22 15 12.5 2 6 2 5
0 0 0 1 1 1 6 1 7 2 3 2 6 -1 -1 -1 -1 -1 -1 783796 0 15 22 15 10 2 6 2 5
0 0 0 1 1 4 6 1 7 2 3 2 6 -1 -1 -1 -1 -1 -1 784796 1 15 22 15 10 2 6 2 5
0 0 0 1 1 1 6 1 7 2 3 2 6 -1 -1 -1 -1 -1 -1 785796 0 15 22 15 10 2 6 2 5
0 0 0 1 1 8 1 1 7 2 3 2 5 5 5 4 1 0 1 786729 0 15 22 15 12.5 2 4 2 5
0 0 0 1 1 6 1 1 7 2 3 2 5 -1 -1 -1 -1 -1 -1 787529 0 15 22 15 12.5 2 4 2 5
0 0 0 1 1 6 1 4 7 2 3 2 5 -1 -1 -1 -1 -1 -1 788362 1 15 22 15 10.6667 2 4 2 5
0 0 0 1 1 6 1 1 7 2 3 2 5 -1 -1 -1 -1 -1 -1 789362 0 15 22 15 10 2 4 2 5
0 0 0 1 1 8 2 1 7 2 3 2 5 6 5 4 2 1 0 790361 0 15 22 15 10 2 6 2 5
0 0 0 1 1 1 6 1 7 2 3 2 6 -1 -1 -1 -1 -1 -1 791361 0 15 22 15 10 2 6 2 5
0 0 0 1 1 4 6 1 7 2 3 2 6 -1 -1 -1 -1 -1 -1 792361 1 15 22 15 10 2 6 2 5
0 0 0 1 1 1 6 1 7 2 3 2 6 -1 -1 -1 -1 -1 -1 793361 0 15 22 15 10 2 6 2 5
0 0 0 1 1 3 6 1 7 2 3 2 6 5 5 4 1 0 0 794161 0 15 22 15 12.5 2 5 2 5
0 0 0 1 1 1 6 1 7 2 3 2 6 -1 -1 -1 -1 -1 -1 794960 0 15 22 15 12.5 2 5 2 5
0 0 0 1 1 1 6 4 7 2 3 2 6 -1 -1 -1 -1 -1 -1 795927 1 15 22 15 10 2 5 2 5
0 0 0 1 1 1 6 1 7 2 3 2 6 -1 -1 -1 -1 -1 -1 796927 0 15 22 15 10 2 5 2 5
0 0 0 1 1 1 6 3 7 2 3 2 6 7 5 4 2 0 0 797893 0 15 22 15 12.5 2 6 2 5
0 0 0 1 1 1 6 1 7 2 3 2 6 -1 -1 -1 -1 -1 -1 798693 0 15 22 15 12.5 2 6 2 5
0 0 0 1 1 4 6 1 7 2 3 2 6 -1 -1 -1 -1 -1 -1 799493 1 15 22 15 11.3333 2 6 2 5
0 0 0 1 1 6 1 1 7 2 3 2 5 -1 -1 -1 -1 -1 -1 800459 0 15 22 15 10 2 6 2 5
0 0 0 1 1 6 3 1 7 2 3 2 5 6 5 4 3 0 0 801459 0 15 22 15 10 2 4 2 5
0 0 0 1 1 1 6 1 7 2 3 2 6 -1 -1 -1 -1 -1 -1 802459 0 15 22 15 10 2 4 2 5
0 0 0 1 1 4 6 1 7 2 3 2 6 -1 -1 -1 -1 -1 -1 803458 1 15 22 15 10 2 4 2 5
0 0 0 1 1 1 1 6 7 2 3 2 7 -1 -1 -1 -1 -1 -1 804425 0 15 22 15 12.5 2 4 2 5
0 0 0 1 1 1 1 7 7 2 3 2 7 7 5 4 1 1 1 805225 0 15 22 15 12.5 2 8 0 5
0 0 0 1 1 1 6 1 7 2 3 2 6 -1 -1 -1 -1 -1 -1 806024 0 15 22 15 11.1667 2 8 0 5
0 0 0 1 1 4 6 1 7 2 3 2 6 -1 -1 -1 -1 -1 -1 807024 1 15 22 15 10 2 8 0 5
0 0 0 1 1 1 6 1 7 2 3 2 6 -1 -1 -1 -1 -1 -1 808024 0 15 22 15 10 2 8 0 5
0 0 0 1 1 3 6 1 7 2 3 2 6 5 5 4 3 0 0 809024 0 15 22 15 10 2 5 2 5
0 0 0 1 1 1 6 1 7 2 3 2 6 -1 -1 -1 -1 -1 -1 809823 0 15 22 15 12.5 2 5 2 5
0 0 0 1 1 4 6 1 7 2 3 2 6 -1 -1 -1 -1 -1 -1 810623 1 15 22 15 12.1667 2 5 2 5
0 0 0 1 1 1 6 1 7 2 3 2 6 -1 -1 -1 -1 -1 -1 811556 0 15 22 15 12.5 2 5 2 5
0 0 0 1 1 1 6 3 7 2 3 2 6 7 5 4 0 0 0 812356 0 15 22 15 12.5 2 6 2 5
0 0 0 1 1 1 6 1 7 2 3 2 6 -1 -1 -1 -1 -1 -1 813156 0 15 22 15 11.5 2 6 2 5
0 0 0 4 1 1 6 1 7 2 3 2 6 -1 -1 -1 -1 -1 -1 814122 1 15 22 15 10 2 6 2 5
0 0 0 1 1 1 6 1 7 2 3 2 6 -1 -1 -1 -1 -1 -1 815122 0 15 22 15 10 2 6 2 5
0 0 0 1 1 1 7 1 7 2 3 2 6 6 5 4 1 1 1 816122 0 15 22 15 10 2 4 2 5
0 0 0 1 1 1 6 1 7 2 3 2 6 -1 -1 -1 -1 -1 -1 816922 0 15 22 16 13 2 4 2 5
0 0 0 1 1 4 6 1 7 2 3 2 6 -1 -1 -1 -1 -1 -1 817688 1 15 22 16 13 2 4 2 5
0 0 0 1 1 1 6 1 7 2 3 2 6 -1 -1 -1 -1 -1 -1 818488 0 15 22 16 13 2 4 2 5
0 0 0 1 1 1 6 3 7 2 3 2 6 7 5 4 2 0 0 819254 0 15 22 16 13 2 6 2 5
0 0 0 1 1 1 6 1 7 2 3 2 6 -1 -1 -1 -1 -1 -1 820021 0 15 22 16 13 2 6 2 5
0 0 0 1 4 1 6 1 7 2 3 2 6 -1 -1 -1 -1 -1 -1 820787 1 15 22 16 13 2 6 2 5
0 0 0 1 1 1 6 1 7 2 3 2 6 -1 -1 -1 -1 -1 -1 821554 0 15 22 16 13 2 6 2 5
0 0 0 1 1 1 8 2 7 2 3 2 6 7 5 4 0 1 0 822320 0 15 22 16 13 2 5 2 5
0 0 0 1 1 1 6 1 7 2 3 2 6 -1 -1 -1 -1 -1 -1 823287 0 15 22 15 10 2 5 2 5
0 0 0 4 1 1 6 1 7 2 3 2 6 -1 -1 -1 -1 -1 -1 824287 1 15 22 15 10 2 5 2 5
0 0 0 1 1 6 1 1 7 2 3 2 5 -1 -1 -1 -1 -1 -1 825286 0 15 22 15 10 2 5 2 5
0 0 0 1 1 7 1 1 7 2 3 2 5 5 5 4 1 1 1 826286 0 15 22 15 10 2 6 2 5
0 0 0 1 1 6 1 1 7 2 3 2 5 -1 -1 -1 -1 -1 -1 827086 0 15 22 15 12.5 2 6 2 5
0 0 0 1 4 1 6 1 7 2 3 2 6 -1 -1 -1 -1 -1 -1 827886 1 15 22 15 12.3333 2 6 2 5
0 0 0 1 1 1 6 1 7 2 3 2 6 -1 -1 -1 -1 -1 -1 828852 0 15 22 15 10 2 6 2 5
0 0 0 1 1 6 1 3 7 2 3 2 5 7 5 4 3 0 0 829852 0 15 22 15 10 2 4 2 5
0 0 0 1 1 6 1 1 7 2 3 2 5 -1 -1 -1 -1 -1 -1 830685 0 15 22 15 12.5 2 4 2 5
0 0 0 4 1 6 1 1 7 2 3 2 5 -1 -1 -1 -1 -1 -1 831485 1 15 22 15 12.5 2 4 2 5
0 0 0 1 1 1 6 1 7 2 3 2 6 -1 -1 -1 -1 -1 -1 832385 0 15 22 15 10 2 4 2 5
0 0 0 1 1 1 8 1 7 2 3 2 6 6 5 4 1 0 1 833351 0 15 22 15 12.5 2 8 0 5
0 0 0 1 1 1 6 1 7 2 3 2 6 -1 -1 -1 -1 -1 -1 834151 0 15 22 15 12.5 2 8 0 5
0 0 0 4 1 1 6 1 7 2 3 2 6 -1 -1 -1 -1 -1 -1 834951 1 15 22 15 11.1667 2 8 0 5
0 0 0 1 1 1 6 1 7 2 3 2 6 -1 -1 -1 -1 -1 -1 835850 0 15 22 15 12.5 2 8 0 5
0 0 0 1 1 1 7 1 7 2 3 2 6 6 5 4 1 1 1 836650 0 15 22 15 12.5 2 5 2 5
0 0 0 1 1 1 6 1 7 2 3 2 6 -1 -1 -1 -1 -1 -1 837517 0 15 22 15 10 2 5 2 5
0 0 0 4 6 1 1 1 7 2 3 2 4 -1 -1 -1 -1 -1 -1 838516 1 15 22 15 10 2 5 2 5
0 0 0 1 6 1 1 1 7 2 3 2 4 -1 -1 -1 -1 -1 -1 839350 0 15 22 15 12.5 2 5 2 5
