% Tunnel Log: 
% debug seed: 1462381990
%
% SegEncNW { '0'=no panel, '1'=panel, '4'=obstacle, '5'=collided obstacle, '6'=player, '7'=player right, '8'=player wrong, '2'=target, '3'=fake }
% SegEncN
% SegEncNE
% SegEncE
% SegEncSE
% SegEncS
% SegEncSW
% SegEncW
% Event Number { 0, inf }
% Task Type { 0=Color/Sound, 1=Shape/Sound, 2=Sound, 3=Navigation, 4=Speed, 5=Training 6=Recess, 7=Special 2-Back }
% N-Back { 0, inf }
% Navigation Level { 0, inf }
% Player Loc { 0=Northwest ... 7=West }
% Pod Loc { -1=N/A, 0=Northwest ... 7=West }
% Pod Color { -1, inf }
% Pod Shape { -1, inf }
% Pod Sound { -1, inf }
% Pod Match { -1=N/A, 0=No, 1=Yes }
% Pod Taken { -1=N/A, 0=No, 1=Yes }
% Timestamp (ms)
% Num Obstacles { 0, inf }
% Min Speed { 0, inf }
% Max Speed { 0, inf }
% Base Speed { 0, inf }
% Final Speed { 0, inf }
% Navigation Score { 0, inf }
% Segment Direction { 0=Northwest ... 7=West }
% Segment Angle { 0, inf }
% Segment Panels { 0, inf }
%
% SegEncNW SecEncN SegEncNE SegEncE SegEncSE SegEncS SegEncSW SegEncW EventNumber TaskType N-Back Navigation PlayerLoc PodLoc PodColor PodShape PodSound PodMatch PodTaken Timestamp NumObs MinSpeed MaxSpeed BaseSpeed FinalSpeed NavScore SegmentDir SegmentAngle SegmentPanels
0 0 0 0 1 6 1 0 0 3 1 0 5 -1 -1 -1 -1 -1 -1 27133 0 15 40 19 60 2 8 0 3
0 0 0 0 1 6 1 0 0 3 1 0 5 -1 -1 -1 -1 -1 -1 27233 0 15 40 19 60 2 8 0 3
0 0 0 0 1 6 1 0 0 3 1 0 5 -1 -1 -1 -1 -1 -1 27399 0 15 40 19 60 2 8 0 3
0 0 0 0 1 6 1 0 0 3 1 0 5 -1 -1 -1 -1 -1 -1 27566 0 15 40 19 60 2 6 2 3
0 0 0 0 1 6 1 0 0 3 1 0 5 -1 -1 -1 -1 -1 -1 27733 0 15 40 19 52.2 2 6 2 3
0 0 0 0 1 6 1 0 0 3 1 0 5 -1 -1 -1 -1 -1 -1 27966 0 15 40 19 34 2 6 2 3
0 0 0 0 1 6 1 0 0 3 1 0 5 -1 -1 -1 -1 -1 -1 28399 0 15 40 19 21 2 6 2 3
0 0 0 0 1 6 1 0 0 3 1 0 5 -1 -1 -1 -1 -1 -1 28866 0 15 40 19 21 2 5 2 3
0 0 0 0 1 6 1 0 0 3 1 0 5 -1 -1 -1 -1 -1 -1 29366 0 15 40 19 21 2 5 2 3
0 0 0 0 1 1 6 0 0 3 1 0 6 -1 -1 -1 -1 -1 -1 29833 0 15 40 19 21 2 5 2 3
0 0 0 0 1 1 6 0 0 3 1 0 6 -1 -1 -1 -1 -1 -1 30299 0 15 40 19 21 2 5 2 3
0 0 0 0 1 1 7 0 0 3 1 0 6 6 5 4 4 1 1 30799 0 15 40 19 21 2 6 2 3
0 0 0 0 1 1 6 0 0 3 1 0 6 -1 -1 -1 -1 -1 -1 31266 0 15 40 19 21 2 6 2 3
0 0 0 0 6 1 1 0 0 3 1 0 4 -1 -1 -1 -1 -1 -1 31733 0 15 40 19 21 2 6 2 3
0 0 0 0 6 1 1 0 0 3 1 0 4 -1 -1 -1 -1 -1 -1 32199 0 15 40 19 21 2 6 2 3
0 0 0 0 7 1 1 0 0 3 1 0 4 4 5 4 4 1 1 32699 0 15 40 19 21 2 5 2 3
0 0 0 0 1 6 1 0 0 3 1 0 5 -1 -1 -1 -1 -1 -1 33166 0 15 40 20 22 2 5 2 3
0 0 0 0 1 1 6 0 0 3 1 0 6 -1 -1 -1 -1 -1 -1 33599 0 15 40 20 22 2 5 2 3
0 0 0 0 1 1 6 0 0 3 1 0 6 -1 -1 -1 -1 -1 -1 34066 0 15 40 20 22 2 5 2 3
0 0 0 0 1 1 7 0 0 3 1 0 6 6 5 4 4 1 1 34499 0 15 40 20 22 2 4 2 3
0 0 0 0 1 1 6 0 0 3 1 0 6 -1 -1 -1 -1 -1 -1 34966 0 15 40 20 22 2 4 2 3
0 0 0 0 1 1 6 0 0 3 1 0 6 -1 -1 -1 -1 -1 -1 35433 0 15 40 20 22 2 4 2 3
0 0 0 0 1 1 6 0 0 3 1 0 6 -1 -1 -1 -1 -1 -1 35866 0 15 40 20 22 2 4 2 3
0 0 0 0 1 1 7 0 0 3 1 0 6 6 5 4 4 1 1 36333 0 15 40 20 22 2 5 2 3
0 0 0 0 1 1 6 0 0 3 1 0 6 -1 -1 -1 -1 -1 -1 36766 0 15 40 21 23 2 5 2 3
0 0 0 0 1 1 6 0 0 3 1 0 6 -1 -1 -1 -1 -1 -1 37199 0 15 40 21 23 2 5 2 3
0 0 0 0 1 1 6 0 0 3 1 0 6 -1 -1 -1 -1 -1 -1 37633 0 15 40 21 23 2 5 2 3
0 0 0 0 1 1 7 0 0 3 1 0 6 6 5 4 4 1 1 38066 0 15 40 21 23 2 4 2 3
0 0 0 0 1 1 6 0 0 3 1 0 6 -1 -1 -1 -1 -1 -1 38499 0 15 40 21 23 2 4 2 3
0 0 0 0 6 1 1 0 0 3 1 0 4 -1 -1 -1 -1 -1 -1 38933 0 15 40 21 23 2 4 2 3
0 0 0 0 6 1 1 0 0 3 1 0 4 -1 -1 -1 -1 -1 -1 39366 0 15 40 21 23 2 4 2 3
0 0 0 1 7 1 1 1 0 3 1 0 4 4 5 4 4 1 1 39799 0 15 40 21 23 2 8 0 5
0 0 0 1 6 1 1 1 0 3 1 1 4 -1 -1 -1 -1 -1 -1 40233 0 15 40 22 24 2 8 0 5
0 0 0 1 1 6 1 1 0 3 1 1 5 -1 -1 -1 -1 -1 -1 40633 0 15 40 22 24 2 8 0 5
0 0 0 1 1 6 1 1 0 3 1 1 5 -1 -1 -1 -1 -1 -1 41066 0 15 40 22 24 2 8 0 5
0 0 0 1 1 7 1 1 0 3 1 1 5 5 5 4 4 1 1 41466 0 15 40 22 24 2 6 2 5
0 0 0 1 1 6 1 1 0 3 1 1 5 -1 -1 -1 -1 -1 -1 41899 0 15 40 22 24 2 6 2 5
0 0 0 1 1 1 6 1 0 3 1 1 6 -1 -1 -1 -1 -1 -1 42299 0 15 40 22 24 2 6 2 5
0 0 0 1 1 1 6 1 0 3 1 1 6 -1 -1 -1 -1 -1 -1 42733 0 15 40 22 24 2 6 2 5
0 0 0 1 1 1 7 1 0 3 1 1 6 6 5 4 4 1 1 43133 0 15 40 22 24 2 5 2 5
0 0 0 1 1 1 6 1 0 3 1 1 6 -1 -1 -1 -1 -1 -1 43566 0 15 40 23 25 2 5 2 5
0 0 0 1 1 6 1 1 0 3 1 1 5 -1 -1 -1 -1 -1 -1 43966 0 15 40 23 25 2 5 2 5
0 0 0 1 1 6 1 1 0 3 1 1 5 -1 -1 -1 -1 -1 -1 44366 0 15 40 23 25 2 5 2 5
0 0 0 1 1 7 1 1 0 3 1 1 5 5 5 4 4 1 1 44766 0 15 40 23 25 2 6 2 5
0 0 0 1 1 6 1 1 0 3 1 1 5 -1 -1 -1 -1 -1 -1 45166 0 15 40 23 25 2 6 2 5
0 0 0 1 1 6 1 1 0 3 1 1 5 -1 -1 -1 -1 -1 -1 45566 0 15 40 23 25 2 6 2 5
0 0 0 1 1 6 1 1 0 3 1 1 5 -1 -1 -1 -1 -1 -1 45966 0 15 40 23 25 2 6 2 5
0 0 0 1 1 7 1 1 0 3 1 1 5 5 5 4 4 1 1 46366 0 15 40 23 25 2 5 2 5
0 0 0 1 1 6 1 1 0 3 1 1 5 -1 -1 -1 -1 -1 -1 46732 0 15 40 24 25.5 2 5 2 5
0 0 0 1 1 1 6 1 0 3 1 1 6 -1 -1 -1 -1 -1 -1 47132 0 15 40 24 25.5 2 5 2 5
0 0 0 1 1 1 6 1 0 3 1 1 6 -1 -1 -1 -1 -1 -1 47532 0 15 40 24 25.5 2 5 2 5
0 0 0 1 1 1 7 1 0 3 1 1 6 6 5 4 4 1 1 47932 0 15 40 24 25.5 2 4 2 5
0 0 0 1 1 1 6 1 0 3 1 1 6 -1 -1 -1 -1 -1 -1 48299 0 15 40 24 25.5 2 4 2 5
0 0 0 1 1 1 1 6 0 3 1 1 7 -1 -1 -1 -1 -1 -1 48699 0 15 40 24 25.5 2 4 2 5
0 0 0 1 1 1 1 6 0 3 1 1 7 -1 -1 -1 -1 -1 -1 49099 0 15 40 24 25.5 2 4 2 5
0 0 0 1 1 1 1 7 0 3 1 1 7 7 5 4 4 1 1 49499 0 15 40 24 25.5 2 5 2 5
0 0 0 1 1 1 6 1 0 3 1 1 6 -1 -1 -1 -1 -1 -1 49866 0 15 40 25 26 2 5 2 5
0 0 0 1 1 6 1 1 0 3 1 1 5 -1 -1 -1 -1 -1 -1 50266 0 15 40 25 26 2 5 2 5
0 0 0 1 1 6 1 1 0 3 1 1 5 -1 -1 -1 -1 -1 -1 50632 0 15 40 25 26 2 5 2 5
0 0 0 1 1 7 1 1 0 3 1 1 5 5 5 4 4 1 1 51032 0 15 40 25 26 2 4 2 5
0 0 0 1 1 6 1 1 0 3 1 1 5 -1 -1 -1 -1 -1 -1 51399 0 15 40 25 26 2 4 2 5
0 0 0 1 1 1 6 1 0 3 1 1 6 -1 -1 -1 -1 -1 -1 51799 0 15 40 25 26 2 4 2 5
0 0 0 1 1 1 1 6 0 3 1 1 7 -1 -1 -1 -1 -1 -1 52166 0 15 40 25 26 2 4 2 5
0 0 0 1 1 1 1 7 0 3 1 1 7 7 5 4 4 1 1 52566 0 15 40 25 26 2 8 0 5
0 0 0 1 1 1 1 6 0 3 1 2 7 -1 -1 -1 -1 -1 -1 52932 0 15 40 26 26.5 2 8 0 5
0 0 0 1 1 6 1 1 0 3 1 2 5 -1 -1 -1 -1 -1 -1 53332 0 15 40 26 26.5 2 8 0 5
0 0 0 1 1 6 1 1 0 3 1 2 5 -1 -1 -1 -1 -1 -1 53699 0 15 40 26 26.5 2 8 0 5
0 0 0 1 1 7 1 1 0 3 1 2 5 5 5 4 4 1 1 54066 0 15 40 26 26.5 2 6 2 5
0 0 0 1 1 6 1 1 0 3 1 2 5 -1 -1 -1 -1 -1 -1 54466 0 15 40 26 26.5 2 6 2 5
0 0 0 1 6 1 4 1 0 3 1 2 4 -1 -1 -1 -1 -1 -1 54832 1 15 40 26 26.5 2 6 2 5
0 0 0 6 1 1 1 1 0 3 1 2 3 -1 -1 -1 -1 -1 -1 55199 0 15 40 26 26.5 2 6 2 5
0 0 0 7 1 1 1 1 0 3 1 2 3 3 5 4 4 1 1 55599 0 15 40 26 26.5 2 5 2 5
0 0 0 1 6 1 1 1 0 3 1 2 4 -1 -1 -1 -1 -1 -1 55966 0 15 40 27 27 2 5 2 5
0 0 0 4 6 1 1 1 0 3 1 2 4 -1 -1 -1 -1 -1 -1 56332 1 15 40 27 27 2 5 2 5
0 0 0 6 1 1 1 1 0 3 1 2 3 -1 -1 -1 -1 -1 -1 56699 0 15 40 27 27 2 5 2 5
0 0 0 7 1 1 1 1 0 3 1 2 3 3 5 4 4 1 1 57066 0 15 40 27 27 2 6 2 5
0 0 0 6 1 1 1 1 0 3 1 2 3 -1 -1 -1 -1 -1 -1 57432 0 15 40 27 27 2 6 2 5
0 0 0 6 4 1 1 1 0 3 1 2 3 -1 -1 -1 -1 -1 -1 57799 1 15 40 27 27 2 6 2 5
0 0 0 6 1 1 1 1 0 3 1 2 3 -1 -1 -1 -1 -1 -1 58166 0 15 40 27 27 2 6 2 5
0 0 0 7 1 1 1 1 0 3 1 2 3 3 5 4 4 1 1 58566 0 15 40 27 27 2 5 2 5
0 0 0 6 1 1 1 1 0 3 1 2 3 -1 -1 -1 -1 -1 -1 58932 0 15 40 28 27.5 2 5 2 5
0 0 0 1 6 4 1 1 0 3 1 2 4 -1 -1 -1 -1 -1 -1 59266 1 15 40 28 27.5 2 5 2 5
0 0 0 1 6 1 1 1 0 3 1 2 4 -1 -1 -1 -1 -1 -1 59632 0 15 40 28 27.5 2 5 2 5
0 0 0 1 7 1 1 1 0 3 1 2 4 4 5 4 4 1 1 59999 0 15 40 28 27.5 2 4 2 5
0 0 0 1 1 6 1 1 0 3 1 2 5 -1 -1 -1 -1 -1 -1 60366 0 15 40 28 27.5 2 4 2 5
0 0 0 1 4 6 1 1 0 3 1 2 5 -1 -1 -1 -1 -1 -1 60732 1 15 40 28 27.5 2 4 2 5
0 0 0 6 1 1 1 1 0 3 1 2 3 -1 -1 -1 -1 -1 -1 61099 0 15 40 28 27.5 2 4 2 5
0 0 0 7 1 1 1 1 0 3 1 2 3 3 5 4 4 1 1 61466 0 15 40 28 27.5 2 5 2 5
0 0 0 6 1 1 1 1 0 3 1 2 3 -1 -1 -1 -1 -1 -1 61832 0 15 40 29 28 2 5 2 5
0 0 0 1 6 1 1 4 0 3 1 2 4 -1 -1 -1 -1 -1 -1 62166 1 15 40 29 28 2 5 2 5
0 0 0 1 6 1 1 1 0 3 1 2 4 -1 -1 -1 -1 -1 -1 62532 0 15 40 29 28 2 5 2 5
0 0 0 1 7 1 1 1 0 3 1 2 4 4 5 4 4 1 1 62899 0 15 40 29 28 2 4 2 5
0 0 0 1 6 1 1 1 0 3 1 2 4 -1 -1 -1 -1 -1 -1 63232 0 15 40 29 28 2 4 2 5
0 0 0 1 1 6 4 1 0 3 1 2 5 -1 -1 -1 -1 -1 -1 63599 1 15 40 29 28 2 4 2 5
0 0 0 1 1 1 6 1 0 3 1 2 6 -1 -1 -1 -1 -1 -1 63966 0 15 40 29 28 2 4 2 5
0 0 0 1 1 1 7 1 0 3 1 2 6 6 5 4 4 1 1 64332 0 15 40 29 28 2 8 0 5
0 0 0 1 1 1 6 1 0 3 1 2 6 -1 -1 -1 -1 -1 -1 64666 0 15 40 30 28.5 2 8 0 5
0 0 0 1 4 6 1 1 0 3 1 2 5 -1 -1 -1 -1 -1 -1 65032 1 15 40 30 28.5 2 8 0 5
0 0 0 1 1 6 1 1 0 3 1 2 5 -1 -1 -1 -1 -1 -1 65366 0 15 40 30 28.5 2 8 0 5
0 0 0 1 1 7 1 1 0 3 1 2 5 5 5 4 4 1 1 65732 0 15 40 30 28.5 2 6 2 5
0 0 0 1 1 6 1 1 0 3 1 2 5 -1 -1 -1 -1 -1 -1 66066 0 15 40 30 28.5 2 6 2 5
0 0 0 1 1 1 6 4 0 3 1 2 6 -1 -1 -1 -1 -1 -1 66432 1 15 40 30 28.5 2 6 2 5
0 0 0 1 1 1 6 1 0 3 1 2 6 -1 -1 -1 -1 -1 -1 66765 0 15 40 30 28.5 2 6 2 5
0 0 0 1 1 1 7 1 0 3 1 2 6 6 5 4 4 1 1 67132 0 15 40 30 28.5 2 5 2 5
0 0 0 1 1 6 1 1 0 3 1 2 5 -1 -1 -1 -1 -1 -1 67465 0 15 40 31 29 2 5 2 5
0 0 0 1 1 6 4 1 0 3 1 2 5 -1 -1 -1 -1 -1 -1 67832 1 15 40 31 29 2 5 2 5
0 0 0 1 1 1 6 1 0 3 1 2 6 -1 -1 -1 -1 -1 -1 68165 0 15 40 31 29 2 5 2 5
0 0 0 1 1 1 7 1 0 3 1 2 6 6 5 4 4 1 1 68499 0 15 40 31 29 2 6 2 5
0 0 0 1 1 1 6 1 0 3 1 2 6 -1 -1 -1 -1 -1 -1 68865 0 15 40 31 29 2 6 2 5
0 0 0 4 1 6 1 1 0 3 1 2 5 -1 -1 -1 -1 -1 -1 69199 1 15 40 31 29 2 6 2 5
0 0 0 1 1 6 1 1 0 3 1 2 5 -1 -1 -1 -1 -1 -1 69532 0 15 40 31 29 2 6 2 5
0 0 0 1 1 7 1 1 0 3 1 2 5 5 5 4 4 1 1 69899 0 15 40 31 29 2 5 2 5
0 0 0 1 1 6 1 1 0 3 1 2 5 -1 -1 -1 -1 -1 -1 70232 0 15 40 32 29.5 2 5 2 5
0 0 0 1 4 6 1 1 0 3 1 2 5 -1 -1 -1 -1 -1 -1 70565 1 15 40 32 29.5 2 5 2 5
0 0 0 1 6 1 1 1 0 3 1 2 4 -1 -1 -1 -1 -1 -1 70899 0 15 40 32 29.5 2 5 2 5
0 0 0 7 1 1 1 1 0 3 1 2 3 3 5 4 4 1 1 71232 0 15 40 32 29.5 2 4 2 5
0 0 0 6 1 1 1 1 0 3 1 2 3 -1 -1 -1 -1 -1 -1 71565 0 15 40 32 29.5 2 4 2 5
0 0 0 1 6 1 4 1 0 3 1 2 4 -1 -1 -1 -1 -1 -1 71932 1 15 40 32 29.5 2 4 2 5
0 0 0 1 1 6 1 1 0 3 1 2 5 -1 -1 -1 -1 -1 -1 72265 0 15 40 32 29.5 2 4 2 5
0 0 0 1 1 7 1 1 0 3 1 2 5 5 5 4 4 1 1 72599 0 15 40 32 29.5 2 5 2 5
0 0 0 1 1 6 1 1 0 3 1 2 5 -1 -1 -1 -1 -1 -1 72932 0 15 40 33 30 2 5 2 5
0 0 0 1 1 1 6 4 0 3 1 2 6 -1 -1 -1 -1 -1 -1 73265 1 15 40 33 30 2 5 2 5
0 0 0 1 1 1 6 1 0 3 1 2 6 -1 -1 -1 -1 -1 -1 73599 0 15 40 33 30 2 5 2 5
0 0 0 1 1 1 7 1 0 3 1 2 6 6 5 4 4 1 1 73932 0 15 40 33 30 2 4 2 5
0 0 0 1 1 6 1 1 0 3 1 2 5 -1 -1 -1 -1 -1 -1 74265 0 15 40 33 30 2 4 2 5
0 0 0 1 1 6 4 1 0 3 1 2 5 -1 -1 -1 -1 -1 -1 74599 1 15 40 33 30 2 4 2 5
0 0 0 1 1 1 1 6 0 3 1 2 7 -1 -1 -1 -1 -1 -1 74932 0 15 40 33 30 2 4 2 5
0 0 0 1 1 1 1 7 0 3 1 2 7 7 5 4 4 1 1 75265 0 15 40 33 30 2 8 0 5
0 0 0 1 1 1 1 6 0 3 1 2 7 -1 -1 -1 -1 -1 -1 75599 0 15 40 34 30.5 2 8 0 5
0 0 0 1 4 1 6 1 0 3 1 2 6 -1 -1 -1 -1 -1 -1 75932 1 15 40 34 30.5 2 8 0 5
0 0 0 1 1 1 6 1 0 3 1 2 6 -1 -1 -1 -1 -1 -1 76265 0 15 40 34 30.5 2 8 0 5
0 0 0 1 1 1 7 1 0 3 1 2 6 6 5 4 4 1 1 76565 0 15 40 34 30.5 2 6 2 5
0 0 0 1 1 1 6 1 0 3 1 2 6 -1 -1 -1 -1 -1 -1 76899 0 15 40 34 30.5 2 6 2 5
0 0 0 1 1 6 1 4 0 3 1 2 5 -1 -1 -1 -1 -1 -1 77232 1 15 40 34 30.5 2 6 2 5
0 0 0 1 6 1 1 1 0 3 1 2 4 -1 -1 -1 -1 -1 -1 77565 0 15 40 34 30.5 2 6 2 5
0 0 0 1 7 1 1 1 0 3 1 2 4 4 5 4 4 1 1 77899 0 15 40 34 30.5 2 5 2 5
0 0 0 1 6 1 1 1 0 3 1 2 4 -1 -1 -1 -1 -1 -1 78199 0 15 40 35 31 2 5 2 5
0 0 0 4 1 6 1 1 0 3 1 2 5 -1 -1 -1 -1 -1 -1 78532 1 15 40 35 31 2 5 2 5
0 0 0 1 1 1 6 1 0 3 1 2 6 -1 -1 -1 -1 -1 -1 78865 0 15 40 35 31 2 5 2 5
0 0 0 1 1 1 7 1 0 3 1 2 6 6 5 4 4 1 1 79165 0 15 40 35 31 2 6 2 5
0 0 0 1 1 6 1 1 0 3 1 2 5 -1 -1 -1 -1 -1 -1 79499 0 15 40 35 31 2 6 2 5
0 0 0 1 1 6 4 1 0 3 1 2 5 -1 -1 -1 -1 -1 -1 79832 1 15 40 35 31 2 6 2 5
0 0 0 1 6 1 1 1 0 3 1 2 4 -1 -1 -1 -1 -1 -1 80132 0 15 40 35 31 2 6 2 5
0 0 0 1 7 1 1 1 0 3 1 2 4 4 5 4 4 1 1 80465 0 15 40 35 31 2 5 2 5
0 0 0 1 6 1 1 1 0 3 1 2 4 -1 -1 -1 -1 -1 -1 80799 0 15 40 36 31.5 2 5 2 5
0 0 0 4 1 6 1 1 0 3 1 2 5 -1 -1 -1 -1 -1 -1 81099 1 15 40 36 31.5 2 5 2 5
0 0 0 1 6 1 1 1 0 3 1 2 4 -1 -1 -1 -1 -1 -1 81432 0 15 40 36 31.5 2 5 2 5
0 0 0 1 7 1 1 1 0 3 1 2 4 4 5 4 4 1 1 81732 0 15 40 36 31.5 2 4 2 5
0 0 0 1 1 6 1 1 0 3 1 2 5 -1 -1 -1 -1 -1 -1 82065 0 15 40 36 31.5 2 4 2 5
0 0 0 1 4 6 1 1 0 3 1 2 5 -1 -1 -1 -1 -1 -1 82365 1 15 40 36 31.5 2 4 2 5
0 0 0 1 1 6 1 1 0 3 1 2 5 -1 -1 -1 -1 -1 -1 82699 0 15 40 36 31.5 2 4 2 5
0 0 0 1 1 7 1 1 0 3 1 2 5 5 5 4 4 1 1 82999 0 15 40 36 31.5 2 5 2 5
0 0 0 1 1 1 6 1 0 3 1 2 6 -1 -1 -1 -1 -1 -1 83332 0 15 40 37 32 2 5 2 5
0 0 0 1 1 4 6 1 0 3 1 2 6 -1 -1 -1 -1 -1 -1 83632 1 15 40 37 32 2 5 2 5
0 0 0 1 1 1 6 1 0 3 1 2 6 -1 -1 -1 -1 -1 -1 83932 0 15 40 37 32 2 5 2 5
0 0 0 1 1 1 7 1 0 3 1 2 6 6 5 4 4 1 1 84265 0 15 40 37 32 2 4 2 5
0 0 0 1 1 1 1 6 0 3 1 2 7 -1 -1 -1 -1 -1 -1 84565 0 15 40 37 32 2 4 2 5
0 0 0 1 1 1 4 6 0 3 1 2 7 -1 -1 -1 -1 -1 -1 84899 1 15 40 37 32 2 4 2 5
0 0 0 1 1 1 6 1 0 3 1 2 6 -1 -1 -1 -1 -1 -1 85199 0 15 40 37 32 2 4 2 5
0 0 0 1 1 1 7 1 0 3 1 2 6 6 5 4 4 1 1 85499 0 15 40 37 32 2 8 0 5
0 0 0 1 1 1 6 1 0 3 1 2 6 -1 -1 -1 -1 -1 -1 85832 0 15 40 38 32.5 2 8 0 5
0 0 0 1 1 4 6 1 0 3 1 2 6 -1 -1 -1 -1 -1 -1 86132 1 15 40 38 32.5 2 8 0 5
0 0 0 1 1 6 1 1 0 3 1 2 5 -1 -1 -1 -1 -1 -1 86432 0 15 40 38 32.5 2 8 0 5
0 0 0 1 7 1 1 1 0 3 1 2 4 4 5 4 4 1 1 86732 0 15 40 38 32.5 2 6 2 5
0 0 0 1 6 1 1 1 0 3 1 2 4 -1 -1 -1 -1 -1 -1 87032 0 15 40 38 32.5 2 6 2 5
0 0 0 0 1 6 1 0 1 4 1 0 5 -1 -1 -1 -1 -1 -1 96232 0 15 40 19 60 2 8 0 3
0 0 0 0 1 6 1 0 1 4 1 0 5 -1 -1 -1 -1 -1 -1 96398 0 15 40 19 60 2 8 0 3
0 0 0 0 1 6 1 0 1 4 1 0 5 -1 -1 -1 -1 -1 -1 96565 0 15 40 19 60 2 4 2 3
0 0 0 0 1 6 1 0 1 4 1 0 5 -1 -1 -1 -1 -1 -1 96732 0 15 40 19 52.2 2 4 2 3
0 0 0 0 1 6 1 0 1 4 1 0 5 -1 -1 -1 -1 -1 -1 96965 0 15 40 19 34 2 4 2 3
0 0 0 0 1 6 1 0 1 4 1 0 5 -1 -1 -1 -1 -1 -1 97398 0 15 40 19 21 2 4 2 3
0 0 0 0 1 6 1 0 1 4 1 0 5 -1 -1 -1 -1 -1 -1 97865 0 15 40 19 21 2 6 2 3
0 0 0 0 1 6 1 0 1 4 1 0 5 -1 -1 -1 -1 -1 -1 98365 0 15 40 19 21 2 6 2 3
0 0 0 0 1 6 1 0 1 4 1 0 5 -1 -1 -1 -1 -1 -1 98832 0 15 40 19 21 2 6 2 3
0 0 0 0 6 1 1 0 1 4 1 0 4 -1 -1 -1 -1 -1 -1 99298 0 15 40 19 21 2 6 2 3
0 0 0 0 6 3 1 0 1 4 1 0 4 5 2 5 0 0 0 99798 0 15 40 19 21 2 4 2 3
0 0 0 0 6 1 1 0 1 4 1 0 4 -1 -1 -1 -1 -1 -1 100265 0 15 40 19 21 2 4 2 3
0 0 0 0 1 6 1 0 1 4 1 0 5 -1 -1 -1 -1 -1 -1 100732 0 15 40 19 21 2 4 2 3
0 0 0 0 1 6 1 0 1 4 1 0 5 -1 -1 -1 -1 -1 -1 101198 0 15 40 19 21 2 4 2 3
0 0 0 0 3 6 1 0 1 4 1 0 5 4 0 6 1 0 0 101698 0 15 40 19 21 2 4 2 3
0 0 0 0 1 6 1 0 1 4 1 0 5 -1 -1 -1 -1 -1 -1 102165 0 15 40 19 21 2 4 2 3
0 0 0 0 1 1 6 0 1 4 1 0 6 -1 -1 -1 -1 -1 -1 102632 0 15 40 19 21 2 4 2 3
0 0 0 0 1 1 6 0 1 4 1 0 6 -1 -1 -1 -1 -1 -1 103132 0 15 40 19 21 2 4 2 3
0 0 0 0 1 1 7 0 1 4 1 0 6 6 0 6 1 1 1 103598 0 15 40 19 21 2 4 2 3
0 0 0 0 1 1 6 0 1 4 1 0 6 -1 -1 -1 -1 -1 -1 104065 0 15 40 19 21 2 4 2 3
0 0 0 0 1 1 6 0 1 4 1 0 6 -1 -1 -1 -1 -1 -1 104532 0 15 40 19 21 2 4 2 3
0 0 0 0 1 1 6 0 1 4 1 0 6 -1 -1 -1 -1 -1 -1 105032 0 15 40 19 21 2 4 2 3
0 0 0 0 1 3 6 0 1 4 1 0 6 5 1 7 2 0 0 105498 0 15 40 19 21 2 4 2 3
0 0 0 0 1 1 6 0 1 4 1 0 6 -1 -1 -1 -1 -1 -1 105965 0 15 40 19 21 2 4 2 3
0 0 0 0 1 1 6 0 1 4 1 0 6 -1 -1 -1 -1 -1 -1 106465 0 15 40 19 21 2 4 2 3
0 0 0 0 1 1 6 0 1 4 1 0 6 -1 -1 -1 -1 -1 -1 106932 0 15 40 19 21 2 4 2 3
0 0 0 0 1 3 6 0 1 4 1 0 6 5 2 5 0 0 0 107398 0 15 40 19 21 2 4 2 3
0 0 0 0 1 1 6 0 1 4 1 0 6 -1 -1 -1 -1 -1 -1 107865 0 15 40 19 21 2 4 2 3
0 0 0 0 1 6 1 0 1 4 1 0 5 -1 -1 -1 -1 -1 -1 108365 0 15 40 19 21 2 4 2 3
0 0 0 0 1 6 1 0 1 4 1 0 5 -1 -1 -1 -1 -1 -1 108832 0 15 40 19 21 2 4 2 3
0 0 0 0 1 7 1 0 1 4 1 0 5 5 2 5 0 1 1 109298 0 15 40 19 21 2 8 0 3
0 0 0 0 1 6 1 0 1 4 1 0 5 -1 -1 -1 -1 -1 -1 109765 0 15 40 20 22 2 8 0 3
0 0 0 0 1 6 1 0 1 4 1 0 5 -1 -1 -1 -1 -1 -1 110231 0 15 40 20 22 2 8 0 3
0 0 0 0 1 6 1 0 1 4 1 0 5 -1 -1 -1 -1 -1 -1 110665 0 15 40 20 22 2 8 0 3
0 0 0 1 3 6 1 1 1 4 1 0 5 4 3 8 3 0 0 111131 0 15 40 20 22 2 4 2 5
0 0 0 1 1 6 1 1 1 4 1 0 5 -1 -1 -1 -1 -1 -1 111598 0 15 40 20 22 2 4 2 5
0 0 0 1 1 6 1 1 1 4 1 0 5 -1 -1 -1 -1 -1 -1 112031 0 15 40 20 22 2 4 2 5
0 0 0 1 1 6 1 1 1 4 1 0 5 -1 -1 -1 -1 -1 -1 112498 0 15 40 20 22 2 4 2 5
0 0 0 1 3 6 1 1 1 4 1 0 5 4 1 7 2 0 0 112931 0 15 40 20 22 2 6 2 5
0 0 0 1 1 6 1 1 1 4 1 1 5 -1 -1 -1 -1 -1 -1 113398 0 15 40 20 22 2 6 2 5
0 0 0 1 1 6 1 1 1 4 1 1 5 -1 -1 -1 -1 -1 -1 113865 0 15 40 20 22 2 6 2 5
0 0 0 1 1 6 1 1 1 4 1 1 5 -1 -1 -1 -1 -1 -1 114298 0 15 40 20 22 2 6 2 5
0 0 0 1 1 6 3 1 1 4 1 1 5 6 3 8 3 0 0 114765 0 15 40 20 22 2 4 2 5
0 0 0 1 1 6 1 1 1 4 1 1 5 -1 -1 -1 -1 -1 -1 115231 0 15 40 20 22 2 4 2 5
0 0 0 1 1 6 1 1 1 4 1 1 5 -1 -1 -1 -1 -1 -1 115665 0 15 40 20 22 2 4 2 5
0 0 0 1 1 6 1 1 1 4 1 1 5 -1 -1 -1 -1 -1 -1 116131 0 15 40 20 22 2 4 2 5
0 0 0 1 1 7 1 1 1 4 1 1 5 5 3 8 3 1 1 116565 0 15 40 20 22 2 4 2 5
0 0 0 1 1 6 1 1 1 4 1 1 5 -1 -1 -1 -1 -1 -1 117031 0 15 40 20 22 2 4 2 5
0 0 0 1 1 6 1 1 1 4 1 1 5 -1 -1 -1 -1 -1 -1 117498 0 15 40 20 22 2 4 2 5
0 0 0 1 1 6 1 1 1 4 1 1 5 -1 -1 -1 -1 -1 -1 117931 0 15 40 20 22 2 4 2 5
0 0 0 3 1 6 1 1 1 4 1 1 5 3 2 5 0 0 0 118398 0 15 40 20 22 2 4 2 5
0 0 0 1 1 6 1 1 1 4 1 1 5 -1 -1 -1 -1 -1 -1 118865 0 15 40 20 22 2 4 2 5
0 0 0 1 1 1 6 1 1 4 1 1 6 -1 -1 -1 -1 -1 -1 119298 0 15 40 20 22 2 4 2 5
0 0 0 1 1 1 6 1 1 4 1 1 6 -1 -1 -1 -1 -1 -1 119765 0 15 40 20 22 2 4 2 5
0 0 0 1 1 3 6 1 1 4 1 1 6 5 1 7 2 0 0 120231 0 15 40 20 22 2 4 2 5
0 0 0 1 1 1 6 1 1 4 1 1 6 -1 -1 -1 -1 -1 -1 120665 0 15 40 20 22 2 4 2 5
0 0 0 1 1 6 1 1 1 4 1 1 5 -1 -1 -1 -1 -1 -1 121131 0 15 40 20 22 2 4 2 5
0 0 0 1 1 6 1 1 1 4 1 1 5 -1 -1 -1 -1 -1 -1 121565 0 15 40 20 22 2 4 2 5
0 0 0 1 1 6 3 1 1 4 1 1 5 6 2 5 0 0 0 122031 0 15 40 20 22 2 4 2 5
0 0 0 1 1 6 1 1 1 4 1 1 5 -1 -1 -1 -1 -1 -1 122498 0 15 40 20 22 2 4 2 5
0 0 0 1 1 6 1 1 1 4 1 1 5 -1 -1 -1 -1 -1 -1 122931 0 15 40 20 22 2 4 2 5
0 0 0 1 1 6 1 1 1 4 1 1 5 -1 -1 -1 -1 -1 -1 123398 0 15 40 20 22 2 4 2 5
0 0 0 1 1 6 1 3 1 4 1 1 5 7 1 7 2 0 0 123865 0 15 40 20 22 2 8 0 5
0 0 0 1 1 6 1 1 1 4 1 1 5 -1 -1 -1 -1 -1 -1 124298 0 15 40 20 22 2 8 0 5
0 0 0 1 1 1 1 6 1 4 1 1 7 -1 -1 -1 -1 -1 -1 124765 0 15 40 20 22 2 8 0 5
0 0 0 1 1 1 1 6 1 4 1 1 7 -1 -1 -1 -1 -1 -1 125231 0 15 40 20 22 2 8 0 5
0 0 0 1 1 1 1 7 1 4 1 1 7 7 1 7 2 1 1 125665 0 15 40 20 22 2 4 2 5
0 0 0 1 1 1 1 6 1 4 1 1 7 -1 -1 -1 -1 -1 -1 126098 0 15 40 21 23 2 4 2 5
0 0 0 1 1 1 6 1 1 4 1 1 6 -1 -1 -1 -1 -1 -1 126531 0 15 40 21 23 2 4 2 5
0 0 0 1 1 1 6 1 1 4 1 1 6 -1 -1 -1 -1 -1 -1 126965 0 15 40 21 23 2 4 2 5
0 0 0 1 1 3 6 1 1 4 1 1 6 5 3 8 3 0 0 127398 0 15 40 21 23 2 6 2 5
0 0 0 1 1 1 6 1 1 4 1 2 6 -1 -1 -1 -1 -1 -1 127831 0 15 40 21 23 2 6 2 5
0 0 0 1 1 6 1 1 1 4 1 2 5 -1 -1 -1 -1 -1 -1 128298 0 15 40 21 23 2 6 2 5
0 0 0 1 1 6 1 1 1 4 1 2 5 -1 -1 -1 -1 -1 -1 128731 0 15 40 21 23 2 6 2 5
0 0 0 3 6 1 1 1 1 4 1 2 4 3 2 5 0 0 0 129165 0 15 40 21 23 2 4 2 5
0 0 0 1 6 1 1 1 1 4 1 2 4 -1 -1 -1 -1 -1 -1 129598 0 15 40 21 23 2 4 2 5
0 0 0 1 6 4 1 1 1 4 1 2 4 -1 -1 -1 -1 -1 -1 130032 1 15 40 21 23 2 4 2 5
0 0 0 1 1 6 1 1 1 4 1 2 5 -1 -1 -1 -1 -1 -1 130465 0 15 40 21 23 2 4 2 5
0 0 0 1 3 6 1 1 1 4 1 2 5 4 0 6 1 0 0 130899 0 15 40 21 23 2 4 2 5
0 0 0 1 1 6 1 1 1 4 1 2 5 -1 -1 -1 -1 -1 -1 131332 0 15 40 21 23 2 4 2 5
0 0 0 1 4 6 1 1 1 4 1 2 5 -1 -1 -1 -1 -1 -1 131765 1 15 40 21 23 2 4 2 5
0 0 0 1 6 1 1 1 1 4 1 2 4 -1 -1 -1 -1 -1 -1 132199 0 15 40 21 23 2 4 2 5
0 0 0 1 7 1 1 1 1 4 1 2 4 4 0 6 1 1 1 132632 0 15 40 21 23 2 4 2 5
0 0 0 1 6 1 1 1 1 4 1 2 4 -1 -1 -1 -1 -1 -1 133066 0 15 40 21 23 2 4 2 5
0 0 0 1 1 6 4 1 1 4 1 2 5 -1 -1 -1 -1 -1 -1 133499 1 15 40 21 23 2 4 2 5
0 0 0 1 1 6 1 1 1 4 1 2 5 -1 -1 -1 -1 -1 -1 133932 0 15 40 21 23 2 4 2 5
0 0 0 1 3 6 1 1 1 4 1 2 5 4 2 5 0 0 0 134366 0 15 40 21 23 2 4 2 5
0 0 0 1 6 1 1 1 1 4 1 2 4 -1 -1 -1 -1 -1 -1 134799 0 15 40 21 23 2 4 2 5
0 0 0 1 6 4 1 1 1 4 1 2 4 -1 -1 -1 -1 -1 -1 135233 1 15 40 21 23 2 4 2 5
0 0 0 1 6 1 1 1 1 4 1 2 4 -1 -1 -1 -1 -1 -1 135666 0 15 40 21 23 2 4 2 5
0 0 0 1 6 3 1 1 1 4 1 2 4 5 3 8 3 0 0 136100 0 15 40 21 23 2 4 2 5
0 0 0 1 1 6 1 1 1 4 1 2 5 -1 -1 -1 -1 -1 -1 136533 0 15 40 21 23 2 4 2 5
0 0 0 1 4 6 1 1 1 4 1 2 5 -1 -1 -1 -1 -1 -1 136966 1 15 40 21 23 2 4 2 5
0 0 0 1 6 1 1 1 1 4 1 2 4 -1 -1 -1 -1 -1 -1 137400 0 15 40 21 23 2 4 2 5
0 0 0 1 7 1 1 1 1 4 1 2 4 4 3 8 3 1 1 137833 0 15 40 21 23 2 8 0 5
0 0 0 1 6 1 1 1 1 4 1 2 4 -1 -1 -1 -1 -1 -1 138267 0 15 40 22 24 2 8 0 5
0 0 0 1 6 4 1 1 1 4 1 2 4 -1 -1 -1 -1 -1 -1 138700 1 15 40 22 24 2 8 0 5
0 0 0 1 1 6 1 1 1 4 1 2 5 -1 -1 -1 -1 -1 -1 139100 0 15 40 22 24 2 8 0 5
0 0 0 3 1 6 1 1 1 4 1 2 5 3 1 7 2 0 0 139500 0 15 40 22 24 2 4 2 5
0 0 0 1 1 6 1 1 1 4 1 2 5 -1 -1 -1 -1 -1 -1 139934 0 15 40 22 24 2 4 2 5
0 0 0 4 1 1 6 1 1 4 1 2 6 -1 -1 -1 -1 -1 -1 140334 1 15 40 22 24 2 4 2 5
0 0 0 1 1 1 6 1 1 4 1 2 6 -1 -1 -1 -1 -1 -1 140767 0 15 40 22 24 2 4 2 5
0 0 0 1 1 3 6 1 1 4 1 2 6 5 0 6 1 0 0 141167 0 15 40 22 24 2 6 2 5
0 0 0 1 1 1 6 1 1 4 1 2 6 -1 -1 -1 -1 -1 -1 141601 0 15 40 22 24 2 6 2 5
0 0 0 1 1 6 1 4 1 4 1 2 5 -1 -1 -1 -1 -1 -1 142001 1 15 40 22 24 2 6 2 5
0 0 0 1 1 1 6 1 1 4 1 2 6 -1 -1 -1 -1 -1 -1 142434 0 15 40 22 24 2 6 2 5
0 0 0 1 1 3 6 1 1 4 1 2 6 5 2 5 0 0 0 142834 0 15 40 22 24 2 4 2 5
0 0 0 1 1 1 6 1 1 4 1 2 6 -1 -1 -1 -1 -1 -1 143268 0 15 40 22 24 2 4 2 5
0 0 0 1 1 4 6 1 1 4 1 2 6 -1 -1 -1 -1 -1 -1 143668 1 15 40 22 24 2 4 2 5
0 0 0 1 1 6 1 1 1 4 1 2 5 -1 -1 -1 -1 -1 -1 144101 0 15 40 22 24 2 4 2 5
0 0 0 1 1 6 1 3 1 4 1 2 5 7 0 6 1 0 0 144501 0 15 40 22 24 2 4 2 5
0 0 0 1 1 6 1 1 1 4 1 2 5 -1 -1 -1 -1 -1 -1 144935 0 15 40 22 24 2 4 2 5
0 0 0 1 1 6 4 1 1 4 1 2 5 -1 -1 -1 -1 -1 -1 145335 1 15 40 22 24 2 4 2 5
0 0 0 1 1 1 6 1 1 4 1 2 6 -1 -1 -1 -1 -1 -1 145768 0 15 40 22 24 2 4 2 5
0 0 0 1 1 1 7 1 1 4 1 2 6 6 0 6 1 1 1 146168 0 15 40 22 24 2 4 2 5
0 0 0 1 1 1 6 1 1 4 1 2 6 -1 -1 -1 -1 -1 -1 146602 0 15 40 22 24 2 4 2 5
0 0 0 1 1 4 6 1 1 4 1 2 6 -1 -1 -1 -1 -1 -1 147002 1 15 40 22 24 2 4 2 5
0 0 0 1 1 1 6 1 1 4 1 2 6 -1 -1 -1 -1 -1 -1 147435 0 15 40 22 24 2 4 2 5
0 0 0 1 1 6 1 3 1 4 1 2 5 7 3 8 3 0 0 147835 0 15 40 22 24 2 4 2 5
0 0 0 1 1 6 1 1 1 4 1 2 5 -1 -1 -1 -1 -1 -1 148269 0 15 40 22 24 2 4 2 5
0 0 0 1 4 6 1 1 1 4 1 2 5 -1 -1 -1 -1 -1 -1 148669 1 15 40 22 24 2 4 2 5
0 0 0 1 1 6 1 1 1 4 1 2 5 -1 -1 -1 -1 -1 -1 149102 0 15 40 22 24 2 4 2 5
0 0 0 1 1 6 3 1 1 4 1 2 5 6 1 7 2 0 0 149502 0 15 40 22 24 2 4 2 5
0 0 0 1 1 6 1 1 1 4 1 2 5 -1 -1 -1 -1 -1 -1 149936 0 15 40 22 24 2 4 2 5
0 0 0 4 6 1 1 1 1 4 1 2 4 -1 -1 -1 -1 -1 -1 150336 1 15 40 22 24 2 4 2 5
0 0 0 1 6 1 1 1 1 4 1 2 4 -1 -1 -1 -1 -1 -1 150769 0 15 40 22 24 2 4 2 5
0 0 0 1 6 3 1 1 1 4 1 2 4 5 0 6 1 0 0 151170 0 15 40 22 24 2 8 0 5
0 0 0 1 1 6 1 1 1 4 1 2 5 -1 -1 -1 -1 -1 -1 151603 0 15 40 22 24 2 8 0 5
0 0 0 4 1 6 1 1 1 4 1 2 5 -1 -1 -1 -1 -1 -1 152003 1 15 40 22 24 2 8 0 5
0 0 0 1 1 6 1 1 1 4 1 2 5 -1 -1 -1 -1 -1 -1 152436 0 15 40 22 24 2 8 0 5
0 0 0 1 1 6 1 3 1 4 1 2 5 7 2 5 0 0 0 152837 0 15 40 22 24 2 4 2 5
0 0 0 1 1 6 1 1 1 4 1 2 5 -1 -1 -1 -1 -1 -1 153270 0 15 40 22 24 2 4 2 5
0 0 0 4 6 1 1 1 1 4 1 2 4 -1 -1 -1 -1 -1 -1 153670 1 15 40 22 24 2 4 2 5
0 0 0 1 6 1 1 1 1 4 1 2 4 -1 -1 -1 -1 -1 -1 154103 0 15 40 22 24 2 4 2 5
0 0 0 1 6 3 1 1 1 4 1 2 4 5 0 6 1 0 0 154504 0 15 40 22 24 2 6 2 5
0 0 0 1 6 1 1 1 1 4 1 2 4 -1 -1 -1 -1 -1 -1 154937 0 15 40 22 24 2 6 2 5
0 0 0 1 6 4 1 1 1 4 1 2 4 -1 -1 -1 -1 -1 -1 155337 1 15 40 22 24 2 6 2 5
0 0 0 1 6 1 1 1 1 4 1 2 4 -1 -1 -1 -1 -1 -1 155770 0 15 40 22 24 2 6 2 5
0 0 0 3 1 6 1 1 1 4 1 2 5 3 3 8 3 0 0 156171 0 15 40 22 24 2 4 2 5
0 0 0 1 1 6 1 1 1 4 1 2 5 -1 -1 -1 -1 -1 -1 156604 0 15 40 22 24 2 4 2 5
0 0 0 1 1 6 4 1 1 4 1 2 5 -1 -1 -1 -1 -1 -1 157004 1 15 40 22 24 2 4 2 5
0 0 0 1 1 6 1 1 1 4 1 2 5 -1 -1 -1 -1 -1 -1 157438 0 15 40 22 24 2 4 2 5
0 0 0 1 1 7 1 1 1 4 1 2 5 5 3 8 3 1 1 157838 0 15 40 22 24 2 4 2 5
0 0 0 1 1 6 1 1 1 4 1 2 5 -1 -1 -1 -1 -1 -1 158238 0 15 40 23 25 2 4 2 5
0 0 0 1 6 1 1 4 1 4 1 2 4 -1 -1 -1 -1 -1 -1 158638 1 15 40 23 25 2 4 2 5
0 0 0 1 6 1 1 1 1 4 1 2 4 -1 -1 -1 -1 -1 -1 159038 0 15 40 23 25 2 4 2 5
0 0 0 1 6 3 1 1 1 4 1 2 4 5 1 7 2 0 0 159438 0 15 40 23 25 2 4 2 5
0 0 0 1 1 6 1 1 1 4 1 2 5 -1 -1 -1 -1 -1 -1 159838 0 15 40 23 25 2 4 2 5
0 0 0 1 1 6 1 1 2 0 1 2 5 -1 -1 -1 -1 -1 -1 167806 0 15 23 18 60 2 8 0 5
0 0 0 1 1 6 1 1 2 0 1 2 5 -1 -1 -1 -1 -1 -1 167973 0 15 23 18 60 2 8 0 5
0 0 0 1 1 6 1 1 2 0 1 2 5 -1 -1 -1 -1 -1 -1 168140 0 15 23 18 60 2 5 2 5
0 0 0 1 1 6 1 1 2 0 1 2 5 -1 -1 -1 -1 -1 -1 168306 0 15 23 18 51.8 2 5 2 5
0 0 0 1 1 6 1 1 2 0 1 2 5 -1 -1 -1 -1 -1 -1 168573 0 15 23 18 29.9333 2 5 2 5
0 0 0 1 1 6 1 1 2 0 1 2 5 -1 -1 -1 -1 -1 -1 169040 0 15 23 18 19 2 5 2 5
0 0 0 1 1 6 1 1 2 0 1 2 5 -1 -1 -1 -1 -1 -1 169573 0 15 23 18 19 2 6 2 5
0 0 0 1 1 6 1 1 2 0 1 2 5 -1 -1 -1 -1 -1 -1 170074 0 15 23 18 19 2 6 2 5
0 0 0 1 1 6 1 1 2 0 1 2 5 -1 -1 -1 -1 -1 -1 170607 0 15 23 18 19 2 6 2 5
0 0 0 1 1 6 1 1 2 0 1 2 5 -1 -1 -1 -1 -1 -1 171140 0 15 23 18 19 2 6 2 5
0 0 0 1 1 6 1 3 2 0 1 2 5 7 1 4 2 0 0 171674 0 15 23 18 19 2 5 2 5
0 0 0 1 1 6 1 1 2 0 1 2 5 -1 -1 -1 -1 -1 -1 172207 0 15 23 18 19 2 5 2 5
0 0 0 4 1 6 1 1 2 0 1 2 5 -1 -1 -1 -1 -1 -1 172707 1 15 23 18 19 2 5 2 5
0 0 0 1 1 6 1 1 2 0 1 2 5 -1 -1 -1 -1 -1 -1 173241 0 15 23 18 19 2 5 2 5
0 0 0 1 1 6 3 1 2 0 1 2 5 6 0 4 1 0 0 173774 0 15 23 18 19 2 4 2 5
0 0 0 1 1 6 1 1 2 0 1 2 5 -1 -1 -1 -1 -1 -1 174308 0 15 23 18 19 2 4 2 5
0 0 0 1 1 6 4 1 2 0 1 2 5 -1 -1 -1 -1 -1 -1 174841 1 15 23 18 19 2 4 2 5
0 0 0 1 1 6 1 1 2 0 1 2 5 -1 -1 -1 -1 -1 -1 175341 0 15 23 18 19 2 4 2 5
0 0 0 1 1 7 1 1 2 0 1 2 5 5 0 4 1 1 1 175875 0 15 23 18 19 2 6 2 5
0 0 0 1 1 6 1 1 2 0 1 2 5 -1 -1 -1 -1 -1 -1 176408 0 15 23 18 19 2 6 2 5
0 0 0 1 1 6 1 4 2 0 1 2 5 -1 -1 -1 -1 -1 -1 176942 1 15 23 18 19 2 6 2 5
0 0 0 1 1 6 1 1 2 0 1 2 5 -1 -1 -1 -1 -1 -1 177442 0 15 23 18 19 2 6 2 5
0 0 0 1 3 6 1 1 2 0 1 2 5 4 2 4 0 0 0 177975 0 15 23 18 19 2 4 2 5
0 0 0 1 1 6 1 1 2 0 1 2 5 -1 -1 -1 -1 -1 -1 178509 0 15 23 18 19 2 4 2 5
0 0 0 1 6 1 4 1 2 0 1 2 4 -1 -1 -1 -1 -1 -1 179042 1 15 23 18 19 2 4 2 5
0 0 0 1 6 1 1 1 2 0 1 2 4 -1 -1 -1 -1 -1 -1 179576 0 15 23 18 19 2 4 2 5
0 0 0 1 7 1 1 1 2 0 1 2 4 4 2 4 0 1 1 180076 0 15 23 18 19 2 4 2 5
0 0 0 1 6 1 1 1 2 0 1 2 4 -1 -1 -1 -1 -1 -1 180576 0 15 23 19 21 2 4 2 5
0 0 0 4 6 1 1 1 2 0 1 2 4 -1 -1 -1 -1 -1 -1 181043 1 15 23 19 21 2 4 2 5
0 0 0 1 6 1 1 1 2 0 1 2 4 -1 -1 -1 -1 -1 -1 181509 0 15 23 19 21 2 4 2 5
0 0 0 3 6 1 1 1 2 0 1 2 4 3 3 4 3 0 0 182009 0 15 23 19 21 2 8 0 5
0 0 0 1 6 1 1 1 2 0 1 2 4 -1 -1 -1 -1 -1 -1 182476 0 15 23 19 21 2 8 0 5
0 0 0 1 6 1 1 4 2 0 1 2 4 -1 -1 -1 -1 -1 -1 182943 1 15 23 19 21 2 8 0 5
0 0 0 1 1 6 1 1 2 0 1 2 5 -1 -1 -1 -1 -1 -1 183443 0 15 23 19 21 2 8 0 5
0 0 0 1 3 6 1 1 2 0 1 2 5 4 2 4 0 0 0 183910 0 15 23 19 21 2 5 2 5
0 0 0 1 1 6 1 1 2 0 1 2 5 -1 -1 -1 -1 -1 -1 184377 0 15 23 19 21 2 5 2 5
0 0 0 4 1 6 1 1 2 0 1 2 5 -1 -1 -1 -1 -1 -1 184843 1 15 23 19 21 2 5 2 5
0 0 0 1 1 6 1 1 2 0 1 2 5 -1 -1 -1 -1 -1 -1 185343 0 15 23 19 21 2 5 2 5
0 0 0 1 1 6 3 1 2 0 1 2 5 6 0 4 1 0 0 185810 0 15 23 19 21 2 6 2 5
0 0 0 1 1 6 1 1 2 0 1 2 5 -1 -1 -1 -1 -1 -1 186277 0 15 23 19 21 2 6 2 5
0 0 0 4 1 6 1 1 2 0 1 2 5 -1 -1 -1 -1 -1 -1 186777 1 15 23 19 21 2 6 2 5
0 0 0 1 1 6 1 1 2 0 1 2 5 -1 -1 -1 -1 -1 -1 187244 0 15 23 19 21 2 6 2 5
0 0 0 1 3 6 1 1 2 0 1 2 5 4 3 4 3 0 0 187711 0 15 23 19 21 2 5 2 5
0 0 0 1 1 1 6 1 2 0 1 2 6 -1 -1 -1 -1 -1 -1 188177 0 15 23 19 21 2 5 2 5
0 0 0 1 1 4 6 1 2 0 1 2 6 -1 -1 -1 -1 -1 -1 188678 1 15 23 19 21 2 5 2 5
0 0 0 1 1 1 6 1 2 0 1 2 6 -1 -1 -1 -1 -1 -1 189144 0 15 23 19 21 2 5 2 5
0 0 0 1 1 1 7 1 2 0 1 2 6 6 3 4 3 1 1 189611 0 15 23 19 21 2 4 2 5
0 0 0 1 1 1 6 1 2 0 1 2 6 -1 -1 -1 -1 -1 -1 190111 0 15 23 19 21 2 4 2 5
0 0 0 1 4 1 6 1 2 0 1 2 6 -1 -1 -1 -1 -1 -1 190578 1 15 23 19 21 2 4 2 5
0 0 0 1 1 1 6 1 2 0 1 2 6 -1 -1 -1 -1 -1 -1 191045 0 15 23 19 21 2 4 2 5
0 0 0 1 1 3 6 1 2 0 1 2 6 5 1 4 2 0 0 191511 0 15 23 19 21 2 6 2 5
0 0 0 1 1 6 1 1 2 0 1 2 5 -1 -1 -1 -1 -1 -1 192012 0 15 23 19 21 2 6 2 5
0 0 0 1 1 6 4 1 2 0 1 2 5 -1 -1 -1 -1 -1 -1 192478 1 15 23 19 21 2 6 2 5
0 0 0 1 1 6 1 1 2 0 1 2 5 -1 -1 -1 -1 -1 -1 192945 0 15 23 19 21 2 6 2 5
0 0 0 1 3 6 1 1 2 0 1 2 5 4 3 4 3 0 0 193412 0 15 23 19 21 2 4 2 5
0 0 0 1 1 6 1 1 2 0 1 2 5 -1 -1 -1 -1 -1 -1 193912 0 15 23 19 21 2 4 2 5
0 0 0 1 4 6 1 1 2 0 1 2 5 -1 -1 -1 -1 -1 -1 194379 1 15 23 19 21 2 4 2 5
0 0 0 1 6 1 1 1 2 0 1 2 4 -1 -1 -1 -1 -1 -1 194846 0 15 23 19 21 2 4 2 5
0 0 0 1 7 1 1 1 2 0 1 2 4 4 3 4 3 1 1 195346 0 15 23 19 21 2 4 2 5
0 0 0 1 1 6 1 1 2 0 1 2 5 -1 -1 -1 -1 -1 -1 195779 0 15 23 20 22 2 4 2 5
0 0 0 1 4 1 6 1 2 0 1 2 6 -1 -1 -1 -1 -1 -1 196246 1 15 23 20 22 2 4 2 5
0 0 0 1 1 1 6 1 2 0 1 2 6 -1 -1 -1 -1 -1 -1 196713 0 15 23 20 22 2 4 2 5
0 0 0 1 1 1 7 1 2 0 1 2 6 6 3 4 3 1 1 197146 0 15 23 20 22 2 8 0 5
0 0 0 1 1 6 1 1 2 0 1 2 5 -1 -1 -1 -1 -1 -1 197613 0 15 23 20 22 2 8 0 5
0 0 0 1 1 6 4 1 2 0 1 2 5 -1 -1 -1 -1 -1 -1 198080 1 15 23 20 22 2 8 0 5
0 0 0 1 6 1 1 1 2 0 1 2 4 -1 -1 -1 -1 -1 -1 198513 0 15 23 20 22 2 8 0 5
0 0 0 1 6 3 1 1 2 0 1 2 4 5 2 4 0 0 0 198980 0 15 23 20 22 2 5 2 5
0 0 0 1 6 1 1 1 2 0 1 2 4 -1 -1 -1 -1 -1 -1 199413 0 15 23 20 22 2 5 2 5
0 0 0 4 1 1 6 1 2 0 1 2 6 -1 -1 -1 -1 -1 -1 199880 1 15 23 20 22 2 5 2 5
0 0 0 1 1 1 1 6 2 0 1 2 7 -1 -1 -1 -1 -1 -1 200347 0 15 23 20 22 2 5 2 5
0 0 0 1 1 1 1 7 2 0 1 2 7 7 2 4 0 1 1 200780 0 15 23 20 22 2 6 2 5
0 0 0 1 1 1 6 1 2 0 1 2 6 -1 -1 -1 -1 -1 -1 201214 0 15 23 21 23 2 6 2 5
0 0 0 1 1 1 6 4 2 0 1 2 6 -1 -1 -1 -1 -1 -1 201680 1 15 23 21 23 2 6 2 5
0 0 0 1 1 1 6 1 2 0 1 2 6 -1 -1 -1 -1 -1 -1 202114 0 15 23 21 23 2 6 2 5
0 0 0 1 1 3 6 1 2 0 1 2 6 5 3 4 3 0 0 202547 0 15 23 21 23 2 5 2 5
0 0 0 1 1 6 1 1 2 0 1 2 5 -1 -1 -1 -1 -1 -1 202981 0 15 23 21 23 2 5 2 5
0 0 0 1 1 6 4 1 2 0 1 2 5 -1 -1 -1 -1 -1 -1 203414 1 15 23 21 23 2 5 2 5
0 0 0 1 1 6 1 1 2 0 1 2 5 -1 -1 -1 -1 -1 -1 203847 0 15 23 21 23 2 5 2 5
0 0 0 1 1 6 1 3 2 0 1 2 5 7 1 4 2 0 0 204281 0 15 23 21 23 2 4 2 5
0 0 0 1 1 6 1 1 2 0 1 2 5 -1 -1 -1 -1 -1 -1 204714 0 15 23 21 23 2 4 2 5
0 0 0 1 1 6 4 1 2 0 1 2 5 -1 -1 -1 -1 -1 -1 205148 1 15 23 21 23 2 4 2 5
0 0 0 1 1 6 1 1 2 0 1 2 5 -1 -1 -1 -1 -1 -1 205581 0 15 23 21 23 2 4 2 5
0 0 0 1 1 6 3 1 2 0 1 2 5 6 2 4 0 0 0 206015 0 15 23 21 23 2 6 2 5
0 0 0 1 1 6 1 1 2 0 1 2 5 -1 -1 -1 -1 -1 -1 206448 0 15 23 21 23 2 6 2 5
0 0 0 1 4 6 1 1 2 0 1 2 5 -1 -1 -1 -1 -1 -1 206881 1 15 23 21 23 2 6 2 5
0 0 0 1 1 6 1 1 2 0 1 2 5 -1 -1 -1 -1 -1 -1 207315 0 15 23 21 23 2 6 2 5
0 0 0 1 3 6 1 1 2 0 1 2 5 4 1 4 2 0 0 207748 0 15 23 21 23 2 4 2 5
0 0 0 1 1 6 1 1 2 0 1 2 5 -1 -1 -1 -1 -1 -1 208182 0 15 23 21 23 2 4 2 5
0 0 0 4 6 1 1 1 2 0 1 2 4 -1 -1 -1 -1 -1 -1 208615 1 15 23 21 23 2 4 2 5
0 0 0 1 6 1 1 1 2 0 1 2 4 -1 -1 -1 -1 -1 -1 209049 0 15 23 21 23 2 4 2 5
0 0 0 1 7 1 1 1 2 0 1 2 4 4 1 4 2 1 1 209482 0 15 23 21 23 2 4 2 5
0 0 0 1 6 1 1 1 2 0 1 2 4 -1 -1 -1 -1 -1 -1 209915 0 15 23 21 23 2 4 2 5
0 0 0 1 6 4 1 1 2 0 1 2 4 -1 -1 -1 -1 -1 -1 210349 1 15 23 21 23 2 4 2 5
0 0 0 1 1 6 1 1 2 0 1 2 5 -1 -1 -1 -1 -1 -1 210782 0 15 23 21 23 2 4 2 5
0 0 0 3 1 6 1 1 2 0 1 2 5 3 3 4 3 0 0 211216 0 15 23 21 23 2 8 0 5
0 0 0 1 1 6 1 1 2 0 1 2 5 -1 -1 -1 -1 -1 -1 211649 0 15 23 21 23 2 8 0 5
0 0 0 1 4 6 1 1 2 0 1 2 5 -1 -1 -1 -1 -1 -1 212116 1 15 23 21 23 2 8 0 5
0 0 0 1 1 6 1 1 2 0 1 2 5 -1 -1 -1 -1 -1 -1 212549 0 15 23 21 23 2 8 0 5
0 0 0 1 1 7 1 1 2 0 1 2 5 5 3 4 3 1 1 212983 0 15 23 21 23 2 5 2 5
0 0 0 1 1 6 1 1 3 1 2 2 5 -1 -1 -1 -1 -1 -1 223618 0 15 23 22 60 2 8 0 5
0 0 0 1 1 6 1 1 3 1 2 2 5 -1 -1 -1 -1 -1 -1 223785 0 15 23 22 60 2 8 0 5
0 0 0 1 1 6 1 1 3 1 2 2 5 -1 -1 -1 -1 -1 -1 223952 0 15 23 22 60 2 6 2 5
0 0 0 1 1 6 1 1 3 1 2 2 5 -1 -1 -1 -1 -1 -1 224118 0 15 23 22 52.8 2 6 2 5
0 0 0 1 1 6 1 1 3 1 2 2 5 -1 -1 -1 -1 -1 -1 224352 0 15 23 22 36 2 6 2 5
0 0 0 1 1 6 1 1 3 1 2 2 5 -1 -1 -1 -1 -1 -1 224719 0 15 23 22 24 2 6 2 5
0 0 0 1 1 6 1 1 3 1 2 2 5 -1 -1 -1 -1 -1 -1 225152 0 15 23 22 24 2 4 2 5
0 0 0 1 1 6 1 1 3 1 2 2 5 -1 -1 -1 -1 -1 -1 225552 0 15 23 22 24 2 4 2 5
0 0 0 1 1 6 1 1 3 1 2 2 5 -1 -1 -1 -1 -1 -1 225985 0 15 23 22 24 2 4 2 5
0 0 0 1 1 6 1 1 3 1 2 2 5 -1 -1 -1 -1 -1 -1 226386 0 15 23 22 24 2 4 2 5
0 0 0 1 3 6 1 1 3 1 2 2 5 4 4 6 1 0 0 226819 0 15 23 22 24 2 6 2 5
0 0 0 1 1 6 1 1 3 1 2 2 5 -1 -1 -1 -1 -1 -1 227219 0 15 23 22 24 2 6 2 5
0 0 0 1 4 6 1 1 3 1 2 2 5 -1 -1 -1 -1 -1 -1 227653 1 15 23 22 24 2 6 2 5
0 0 0 1 1 6 1 1 3 1 2 2 5 -1 -1 -1 -1 -1 -1 228053 0 15 23 22 24 2 6 2 5
0 0 0 1 3 6 1 1 3 1 2 2 5 4 4 8 3 0 0 228486 0 15 23 22 24 2 4 2 5
0 0 0 1 1 1 6 1 3 1 2 2 6 -1 -1 -1 -1 -1 -1 228886 0 15 23 22 24 2 4 2 5
0 0 0 1 1 4 6 1 3 1 2 2 6 -1 -1 -1 -1 -1 -1 229320 1 15 23 22 24 2 4 2 5
0 0 0 1 1 6 1 1 3 1 2 2 5 -1 -1 -1 -1 -1 -1 229720 0 15 23 22 24 2 4 2 5
0 0 0 1 7 1 1 1 3 1 2 2 4 4 4 6 1 1 1 230153 0 15 23 22 24 2 6 2 5
0 0 0 1 6 1 1 1 3 1 2 2 4 -1 -1 -1 -1 -1 -1 230553 0 15 23 22 24 2 6 2 5
0 0 0 1 1 6 1 4 3 1 2 2 5 -1 -1 -1 -1 -1 -1 230987 1 15 23 22 24 2 6 2 5
0 0 0 1 6 1 1 1 3 1 2 2 4 -1 -1 -1 -1 -1 -1 231387 0 15 23 22 24 2 6 2 5
0 0 0 1 6 3 1 1 3 1 2 2 4 5 4 7 2 0 0 231820 0 15 23 22 24 2 5 2 5
0 0 0 1 1 6 1 1 3 1 2 2 5 -1 -1 -1 -1 -1 -1 232220 0 15 23 22 24 2 5 2 5
0 0 0 1 4 6 1 1 3 1 2 2 5 -1 -1 -1 -1 -1 -1 232654 1 15 23 22 24 2 5 2 5
0 0 0 1 1 6 1 1 3 1 2 2 5 -1 -1 -1 -1 -1 -1 233054 0 15 23 22 24 2 5 2 5
0 0 0 1 3 6 1 1 3 1 2 2 5 4 4 5 0 0 0 233487 0 15 23 22 24 2 5 2 5
0 0 0 1 1 6 1 1 3 1 2 2 5 -1 -1 -1 -1 -1 -1 233887 0 15 23 22 24 2 5 2 5
0 0 0 4 1 6 1 1 3 1 2 2 5 -1 -1 -1 -1 -1 -1 234321 1 15 23 22 24 2 5 2 5
0 0 0 1 6 1 1 1 3 1 2 2 4 -1 -1 -1 -1 -1 -1 234721 0 15 23 22 24 2 5 2 5
0 0 0 1 6 3 1 1 3 1 2 2 4 5 4 6 1 0 0 235154 0 15 23 22 24 2 8 0 5
0 0 0 1 1 6 1 1 3 1 2 2 5 -1 -1 -1 -1 -1 -1 235554 0 15 23 22 24 2 8 0 5
0 0 0 1 4 6 1 1 3 1 2 2 5 -1 -1 -1 -1 -1 -1 235988 1 15 23 22 24 2 8 0 5
0 0 0 1 1 1 6 1 3 1 2 2 6 -1 -1 -1 -1 -1 -1 236388 0 15 23 22 24 2 8 0 5
0 0 0 1 1 3 6 1 3 1 2 2 6 5 4 7 2 0 0 236821 0 15 23 22 24 2 6 2 5
0 0 0 1 1 1 6 1 3 1 2 2 6 -1 -1 -1 -1 -1 -1 237221 0 15 23 22 24 2 6 2 5
0 0 0 1 4 1 6 1 3 1 2 2 6 -1 -1 -1 -1 -1 -1 237655 1 15 23 22 24 2 6 2 5
0 0 0 1 1 1 6 1 3 1 2 2 6 -1 -1 -1 -1 -1 -1 238055 0 15 23 22 24 2 6 2 5
0 0 0 1 1 1 6 3 3 1 2 2 6 7 4 5 0 0 0 238488 0 15 23 22 24 2 4 2 5
0 0 0 1 1 1 6 1 3 1 2 2 6 -1 -1 -1 -1 -1 -1 238888 0 15 23 22 24 2 4 2 5
0 0 0 1 1 4 6 1 3 1 2 2 6 -1 -1 -1 -1 -1 -1 239322 1 15 23 22 24 2 4 2 5
0 0 0 1 1 1 1 6 3 1 2 2 7 -1 -1 -1 -1 -1 -1 239722 0 15 23 22 24 2 4 2 5
0 0 0 1 1 1 1 7 3 1 2 2 7 7 4 7 2 1 1 240155 0 15 23 22 24 2 6 2 5
0 0 0 1 1 1 1 6 3 1 2 2 7 -1 -1 -1 -1 -1 -1 240555 0 15 23 23 25 2 6 2 5
0 0 0 1 1 4 6 1 3 1 2 2 6 -1 -1 -1 -1 -1 -1 240955 1 15 23 23 25 2 6 2 5
0 0 0 1 1 1 6 1 3 1 2 2 6 -1 -1 -1 -1 -1 -1 241355 0 15 23 23 25 2 6 2 5
0 0 0 1 1 3 6 1 3 1 2 2 6 5 4 8 3 0 0 241756 0 15 23 23 25 2 4 2 5
0 0 0 1 1 1 6 1 3 1 2 2 6 -1 -1 -1 -1 -1 -1 242156 0 15 23 23 25 2 4 2 5
0 0 0 1 1 6 1 4 3 1 2 2 5 -1 -1 -1 -1 -1 -1 242556 1 15 23 23 25 2 4 2 5
0 0 0 1 1 1 6 1 3 1 2 2 6 -1 -1 -1 -1 -1 -1 242956 0 15 23 23 25 2 4 2 5
0 0 0 1 1 1 8 1 3 1 2 2 6 6 4 5 0 0 1 243356 0 15 23 23 25 2 6 2 5
0 0 0 1 1 1 6 1 3 1 2 2 6 -1 -1 -1 -1 -1 -1 243756 0 15 23 22 24 2 6 2 5
0 0 0 1 1 4 6 1 3 1 2 2 6 -1 -1 -1 -1 -1 -1 244189 1 15 23 22 24 2 6 2 5
0 0 0 1 1 1 6 1 3 1 2 2 6 -1 -1 -1 -1 -1 -1 244589 0 15 23 22 24 2 6 2 5
0 0 0 1 1 1 7 1 3 1 2 2 6 6 4 8 3 1 1 244956 0 15 23 22 30 2 5 2 5
0 0 0 1 1 1 6 1 3 1 2 2 6 -1 -1 -1 -1 -1 -1 245290 0 15 23 22 30 2 5 2 5
0 0 0 1 1 6 1 4 3 1 2 2 5 -1 -1 -1 -1 -1 -1 245623 1 15 23 22 30 2 5 2 5
0 0 0 1 1 6 1 1 3 1 2 2 5 -1 -1 -1 -1 -1 -1 245956 0 15 23 22 30 2 5 2 5
0 0 0 1 3 6 1 1 3 1 2 2 5 4 4 6 1 0 0 246290 0 15 23 22 29.2 2 5 2 5
0 0 0 1 6 1 1 1 3 1 2 2 4 -1 -1 -1 -1 -1 -1 246657 0 15 23 22 24.8 2 5 2 5
0 0 0 1 6 1 4 1 3 1 2 2 4 -1 -1 -1 -1 -1 -1 247057 1 15 23 22 24 2 5 2 5
0 0 0 1 6 1 1 1 3 1 2 2 4 -1 -1 -1 -1 -1 -1 247490 0 15 23 22 24 2 5 2 5
0 0 0 1 1 6 3 1 3 1 2 2 5 6 4 5 0 0 0 247890 0 15 23 22 24 2 8 0 5
0 0 0 1 1 6 1 1 3 1 2 2 5 -1 -1 -1 -1 -1 -1 248324 0 15 23 22 24 2 8 0 5
0 0 0 1 4 6 1 1 3 1 2 2 5 -1 -1 -1 -1 -1 -1 248724 1 15 23 22 24 2 8 0 5
0 0 0 1 1 6 1 1 3 1 2 2 5 -1 -1 -1 -1 -1 -1 249157 0 15 23 22 24 2 8 0 5
0 0 0 1 2 1 8 1 3 1 2 2 6 4 4 6 1 1 0 249557 0 15 23 22 24 2 6 2 5
0 0 0 1 1 1 6 1 3 1 2 2 6 -1 -1 -1 -1 -1 -1 249991 0 15 23 21 23 2 6 2 5
0 0 0 1 4 6 1 1 3 1 2 2 5 -1 -1 -1 -1 -1 -1 250424 1 15 23 21 23 2 6 2 5
0 0 0 1 1 6 1 1 3 1 2 2 5 -1 -1 -1 -1 -1 -1 250857 0 15 23 21 23 2 6 2 5
0 0 0 7 1 1 1 1 3 1 2 2 3 3 4 5 0 1 1 251291 0 15 23 21 23 2 4 2 5
0 0 0 6 1 1 1 1 3 1 2 2 3 -1 -1 -1 -1 -1 -1 251724 0 15 23 21 23 2 4 2 5
0 0 0 1 6 1 1 4 3 1 2 2 4 -1 -1 -1 -1 -1 -1 252158 1 15 23 21 23 2 4 2 5
0 0 0 6 1 1 1 1 3 1 2 2 3 -1 -1 -1 -1 -1 -1 252625 0 15 23 21 23 2 4 2 5
0 0 0 7 1 1 1 1 3 1 2 2 3 3 4 6 1 1 1 253058 0 15 23 21 23 2 6 2 5
0 0 0 0 1 6 1 0 4 2 2 0 5 -1 -1 -1 -1 -1 -1 260757 0 15 23 22 60 2 8 0 3
0 0 0 0 1 6 1 0 4 2 2 0 5 -1 -1 -1 -1 -1 -1 260924 0 15 23 22 60 2 8 0 3
0 0 0 0 1 6 1 0 4 2 2 0 5 -1 -1 -1 -1 -1 -1 261091 0 15 23 22 60 2 6 2 3
0 0 0 0 1 6 1 0 4 2 2 0 5 -1 -1 -1 -1 -1 -1 261257 0 15 23 22 52.8 2 6 2 3
0 0 0 0 1 6 1 0 4 2 2 0 5 -1 -1 -1 -1 -1 -1 261491 0 15 23 22 36 2 6 2 3
0 0 0 0 1 6 1 0 4 2 2 0 5 -1 -1 -1 -1 -1 -1 261857 0 15 23 22 24 2 6 2 3
0 0 0 0 1 6 1 0 4 2 2 0 5 -1 -1 -1 -1 -1 -1 262290 0 15 23 22 24 2 4 2 3
0 0 0 0 1 6 1 0 4 2 2 0 5 -1 -1 -1 -1 -1 -1 262690 0 15 23 22 24 2 4 2 3
0 0 0 0 1 6 1 0 4 2 2 0 5 -1 -1 -1 -1 -1 -1 263124 0 15 23 22 24 2 4 2 3
0 0 0 0 1 6 1 0 4 2 2 0 5 -1 -1 -1 -1 -1 -1 263523 0 15 23 22 24 2 4 2 3
0 0 0 0 1 6 3 0 4 2 2 0 5 6 5 4 0 0 0 263957 0 15 23 22 24 2 5 2 3
0 0 0 0 1 6 1 0 4 2 2 0 5 -1 -1 -1 -1 -1 -1 264357 0 15 23 22 24 2 5 2 3
0 0 0 0 1 6 1 0 4 2 2 0 5 -1 -1 -1 -1 -1 -1 264790 0 15 23 22 24 2 5 2 3
0 0 0 0 1 6 1 0 4 2 2 0 5 -1 -1 -1 -1 -1 -1 265190 0 15 23 22 24 2 5 2 3
0 0 0 0 3 6 1 0 4 2 2 0 5 4 5 4 1 0 0 265623 0 15 23 22 24 2 4 2 3
0 0 0 0 1 6 1 0 4 2 2 0 5 -1 -1 -1 -1 -1 -1 266023 0 15 23 22 24 2 4 2 3
0 0 0 0 1 1 6 0 4 2 2 0 6 -1 -1 -1 -1 -1 -1 266456 0 15 23 22 24 2 4 2 3
0 0 0 0 1 1 6 0 4 2 2 0 6 -1 -1 -1 -1 -1 -1 266856 0 15 23 22 24 2 4 2 3
0 0 0 0 1 1 7 0 4 2 2 0 6 6 5 4 0 1 1 267289 0 15 23 22 24 2 4 2 3
0 0 0 0 1 1 6 0 4 2 2 0 6 -1 -1 -1 -1 -1 -1 267689 0 15 23 22 24 2 4 2 3
0 0 0 0 1 1 6 0 4 2 2 0 6 -1 -1 -1 -1 -1 -1 268122 0 15 23 22 24 2 4 2 3
0 0 0 0 1 6 1 0 4 2 2 0 5 -1 -1 -1 -1 -1 -1 268522 0 15 23 22 24 2 4 2 3
0 0 0 0 1 6 3 0 4 2 2 0 5 6 5 4 3 0 0 268955 0 15 23 22 24 2 5 2 3
0 0 0 0 1 6 1 0 4 2 2 0 5 -1 -1 -1 -1 -1 -1 269355 0 15 23 22 24 2 5 2 3
0 0 0 0 1 6 1 0 4 2 2 0 5 -1 -1 -1 -1 -1 -1 269789 0 15 23 22 24 2 5 2 3
0 0 0 0 1 6 1 0 4 2 2 0 5 -1 -1 -1 -1 -1 -1 270188 0 15 23 22 24 2 5 2 3
0 0 0 0 1 6 3 0 4 2 2 0 5 6 5 4 2 0 0 270622 0 15 23 22 24 2 5 2 3
0 0 0 0 1 6 1 0 4 2 2 0 5 -1 -1 -1 -1 -1 -1 271022 0 15 23 22 24 2 5 2 3
0 0 0 0 1 6 1 0 4 2 2 0 5 -1 -1 -1 -1 -1 -1 271455 0 15 23 22 24 2 5 2 3
0 0 0 0 1 6 1 0 4 2 2 0 5 -1 -1 -1 -1 -1 -1 271855 0 15 23 22 24 2 5 2 3
0 0 0 0 3 6 1 0 4 2 2 0 5 4 5 4 0 0 0 272288 0 15 23 22 24 2 8 0 3
0 0 0 0 1 6 1 0 4 2 2 0 5 -1 -1 -1 -1 -1 -1 272688 0 15 23 22 24 2 8 0 3
0 0 0 0 1 6 1 0 4 2 2 0 5 -1 -1 -1 -1 -1 -1 273121 0 15 23 22 24 2 8 0 3
0 0 0 0 1 6 1 0 4 2 2 0 5 -1 -1 -1 -1 -1 -1 273521 0 15 23 22 24 2 8 0 3
0 0 0 0 1 7 1 0 4 2 2 0 5 5 5 4 2 1 1 273954 0 15 23 22 24 2 6 2 3
0 0 0 0 1 6 1 0 4 2 2 0 5 -1 -1 -1 -1 -1 -1 274354 0 15 23 23 25 2 6 2 3
0 0 0 0 1 6 1 0 4 2 2 0 5 -1 -1 -1 -1 -1 -1 274754 0 15 23 23 25 2 6 2 3
0 0 0 0 1 1 6 0 4 2 2 0 6 -1 -1 -1 -1 -1 -1 275154 0 15 23 23 25 2 6 2 3
0 0 0 0 1 3 6 0 4 2 2 0 6 5 5 4 3 0 0 275554 0 15 23 23 25 2 4 2 3
0 0 0 0 1 6 1 0 4 2 2 0 5 -1 -1 -1 -1 -1 -1 275954 0 15 23 23 25 2 4 2 3
0 0 0 0 1 6 1 0 4 2 2 0 5 -1 -1 -1 -1 -1 -1 276354 0 15 23 23 25 2 4 2 3
0 0 0 0 1 1 6 0 4 2 2 0 6 -1 -1 -1 -1 -1 -1 276754 0 15 23 23 25 2 4 2 3
0 0 0 0 1 3 6 0 4 2 2 0 6 5 5 4 1 0 0 277153 0 15 23 23 25 2 5 2 3
0 0 0 0 1 6 1 0 4 2 2 0 5 -1 -1 -1 -1 -1 -1 277553 0 15 23 23 25 2 5 2 3
0 0 0 0 1 6 1 0 4 2 2 0 5 -1 -1 -1 -1 -1 -1 277953 0 15 23 23 25 2 5 2 3
0 0 0 0 1 6 1 0 4 2 2 0 5 -1 -1 -1 -1 -1 -1 278353 0 15 23 23 25 2 5 2 3
0 0 0 0 3 6 1 0 4 2 2 0 5 4 5 4 0 0 0 278753 0 15 23 23 25 2 4 2 3
0 0 0 0 1 6 1 0 4 2 2 0 5 -1 -1 -1 -1 -1 -1 279153 0 15 23 23 25 2 4 2 3
0 0 0 0 1 6 1 0 4 2 2 0 5 -1 -1 -1 -1 -1 -1 279553 0 15 23 23 25 2 4 2 3
0 0 0 0 1 6 1 0 4 2 2 0 5 -1 -1 -1 -1 -1 -1 279953 0 15 23 23 25 2 4 2 3
0 0 0 0 8 2 1 0 4 2 2 0 4 5 5 4 1 1 0 280353 0 15 23 23 25 2 4 2 3
0 0 0 0 6 1 1 0 4 2 2 0 4 -1 -1 -1 -1 -1 -1 280753 0 15 23 22 24 2 4 2 3
0 0 0 0 6 1 1 0 4 2 2 0 4 -1 -1 -1 -1 -1 -1 281186 0 15 23 22 24 2 4 2 3
0 0 0 0 1 6 1 0 4 2 2 0 5 -1 -1 -1 -1 -1 -1 281586 0 15 23 22 24 2 4 2 3
0 0 0 0 1 6 3 0 4 2 2 0 5 6 5 4 3 0 0 282019 0 15 23 22 24 2 5 2 3
0 0 0 0 1 6 1 0 4 2 2 0 5 -1 -1 -1 -1 -1 -1 282419 0 15 23 22 24 2 5 2 3
0 0 0 0 1 6 1 0 4 2 2 0 5 -1 -1 -1 -1 -1 -1 282852 0 15 23 22 24 2 5 2 3
0 0 0 0 1 6 1 0 4 2 2 0 5 -1 -1 -1 -1 -1 -1 283252 0 15 23 22 24 2 5 2 3
0 0 0 0 1 7 1 0 4 2 2 0 5 5 5 4 1 1 1 283685 0 15 23 22 24 2 5 2 3
0 0 0 0 1 6 1 0 4 2 2 0 5 -1 -1 -1 -1 -1 -1 284085 0 15 23 22 24 2 5 2 3
0 0 0 0 1 6 1 0 4 2 2 0 5 -1 -1 -1 -1 -1 -1 284518 0 15 23 22 24 2 5 2 3
0 0 0 0 1 6 1 0 4 2 2 0 5 -1 -1 -1 -1 -1 -1 284918 0 15 23 22 24 2 5 2 3
0 0 0 0 1 7 1 0 4 2 2 0 5 5 5 4 3 1 1 285351 0 15 23 22 24 2 8 0 3
0 0 0 0 1 6 1 0 5 6 1 0 5 -1 -1 -1 -1 -1 -1 292583 0 15 40 18 60 2 8 0 3
0 0 0 0 1 6 1 0 5 6 1 0 5 -1 -1 -1 -1 -1 -1 292750 0 15 40 18 60 2 8 0 3
0 0 0 0 1 6 1 0 5 6 1 0 5 -1 -1 -1 -1 -1 -1 292916 0 15 40 18 60 2 5 2 3
0 0 0 0 1 6 1 0 5 6 1 0 5 -1 -1 -1 -1 -1 -1 293083 0 15 40 18 51.8 2 5 2 3
0 0 0 0 1 6 1 0 5 6 1 0 5 -1 -1 -1 -1 -1 -1 293349 0 15 40 18 29.9333 2 5 2 3
0 0 0 0 1 6 1 0 5 6 1 0 5 -1 -1 -1 -1 -1 -1 293816 0 15 40 18 19 2 5 2 3
0 0 0 0 1 6 1 0 5 6 1 0 5 -1 -1 -1 -1 -1 -1 294349 0 15 40 18 19 2 4 2 3
0 0 0 0 1 6 1 0 5 6 1 0 5 -1 -1 -1 -1 -1 -1 294849 0 15 40 18 19 2 4 2 3
0 0 0 0 1 6 1 0 5 6 1 0 5 -1 -1 -1 -1 -1 -1 295382 0 15 40 18 19 2 4 2 3
0 0 0 0 1 6 1 0 5 6 1 0 5 -1 -1 -1 -1 -1 -1 295916 0 15 40 18 19 2 4 2 3
0 0 0 0 1 7 1 0 5 6 1 0 5 5 5 4 4 1 1 296449 0 15 40 18 19 2 6 2 3
0 0 0 0 1 6 1 0 5 6 1 0 5 -1 -1 -1 -1 -1 -1 296982 0 15 40 18 19 2 6 2 3
0 0 0 0 6 1 1 0 5 6 1 0 4 -1 -1 -1 -1 -1 -1 297482 0 15 40 18 19 2 6 2 3
0 0 0 0 6 1 1 0 5 6 1 0 4 -1 -1 -1 -1 -1 -1 298015 0 15 40 18 19 2 6 2 3
0 0 0 0 7 1 1 0 5 6 1 0 4 4 5 4 4 1 1 298548 0 15 40 18 19 2 5 2 3
0 0 0 0 6 1 1 0 5 6 1 0 4 -1 -1 -1 -1 -1 -1 299015 0 15 40 19 21 2 5 2 3
0 0 0 0 1 6 1 0 5 6 1 0 5 -1 -1 -1 -1 -1 -1 299515 0 15 40 19 21 2 5 2 3
0 0 0 0 1 6 1 0 5 6 1 0 5 -1 -1 -1 -1 -1 -1 299981 0 15 40 19 21 2 5 2 3
0 0 0 0 1 7 1 0 5 6 1 0 5 5 5 4 4 1 1 300448 0 15 40 19 21 2 5 2 3
0 0 0 0 1 6 1 0 5 6 1 0 5 -1 -1 -1 -1 -1 -1 300948 0 15 40 19 21 2 5 2 3
0 0 0 0 1 1 6 0 5 6 1 0 6 -1 -1 -1 -1 -1 -1 301414 0 15 40 19 21 2 5 2 3
0 0 0 0 1 1 6 0 5 6 1 0 6 -1 -1 -1 -1 -1 -1 301881 0 15 40 19 21 2 5 2 3
0 0 0 0 1 1 7 0 5 6 1 0 6 6 5 4 4 1 1 302347 0 15 40 19 21 2 5 2 3
0 0 0 0 1 6 1 0 5 6 1 0 5 -1 -1 -1 -1 -1 -1 302814 0 15 40 20 22 2 5 2 3
0 0 0 0 6 1 1 0 5 6 1 0 4 -1 -1 -1 -1 -1 -1 303280 0 15 40 20 22 2 5 2 3
0 0 0 0 6 1 1 0 5 6 1 0 4 -1 -1 -1 -1 -1 -1 303714 0 15 40 20 22 2 5 2 3
0 0 0 0 7 1 1 0 5 6 1 0 4 4 5 4 4 1 1 304180 0 15 40 20 22 2 4 2 3
0 0 0 0 6 1 1 0 5 6 1 0 4 -1 -1 -1 -1 -1 -1 304647 0 15 40 20 22 2 4 2 3
0 0 0 0 1 6 1 0 5 6 1 0 5 -1 -1 -1 -1 -1 -1 305080 0 15 40 20 22 2 4 2 3
0 0 0 0 1 6 1 0 5 6 1 0 5 -1 -1 -1 -1 -1 -1 305546 0 15 40 20 22 2 4 2 3
0 0 0 0 1 7 1 0 5 6 1 0 5 5 5 4 4 1 1 306013 0 15 40 20 22 2 8 0 3
0 0 0 0 1 6 1 0 5 6 1 0 5 -1 -1 -1 -1 -1 -1 306446 0 15 40 21 23 2 8 0 3
0 0 0 0 1 6 1 0 5 6 1 0 5 -1 -1 -1 -1 -1 -1 306879 0 15 40 21 23 2 8 0 3
0 0 0 0 1 6 1 0 5 6 1 0 5 -1 -1 -1 -1 -1 -1 307313 0 15 40 21 23 2 8 0 3
0 0 0 1 1 7 1 1 5 6 1 0 5 5 5 4 4 1 1 307746 0 15 40 21 23 2 5 2 5
0 0 0 1 1 6 1 1 5 6 1 0 5 -1 -1 -1 -1 -1 -1 308179 0 15 40 21 23 2 5 2 5
0 0 0 1 1 1 6 1 5 6 1 0 6 -1 -1 -1 -1 -1 -1 308612 0 15 40 21 23 2 5 2 5
0 0 0 1 1 1 6 1 5 6 1 0 6 -1 -1 -1 -1 -1 -1 309046 0 15 40 21 23 2 5 2 5
0 0 0 1 1 1 7 1 5 6 1 0 6 6 5 4 4 1 1 309479 0 15 40 21 23 2 4 2 5
0 0 0 1 1 1 6 1 5 6 1 1 6 -1 -1 -1 -1 -1 -1 309912 0 15 40 22 24 2 4 2 5
0 0 0 1 1 1 6 1 5 6 1 1 6 -1 -1 -1 -1 -1 -1 310312 0 15 40 22 24 2 4 2 5
0 0 0 1 1 1 6 1 5 6 1 1 6 -1 -1 -1 -1 -1 -1 310745 0 15 40 22 24 2 4 2 5
0 0 0 1 1 1 7 1 5 6 1 1 6 6 5 4 4 1 1 311145 0 15 40 22 24 2 6 2 5
0 0 0 1 1 1 6 1 5 6 1 1 6 -1 -1 -1 -1 -1 -1 311578 0 15 40 22 24 2 6 2 5
0 0 0 1 1 1 6 1 5 6 1 1 6 -1 -1 -1 -1 -1 -1 311978 0 15 40 22 24 2 6 2 5
0 0 0 1 1 1 6 1 5 6 1 1 6 -1 -1 -1 -1 -1 -1 312411 0 15 40 22 24 2 6 2 5
0 0 0 1 1 1 7 1 5 6 1 1 6 6 5 4 4 1 1 312811 0 15 40 22 24 2 5 2 5
0 0 0 1 1 1 6 1 5 6 1 1 6 -1 -1 -1 -1 -1 -1 313211 0 15 40 23 25 2 5 2 5
0 0 0 1 1 6 1 1 5 6 1 1 5 -1 -1 -1 -1 -1 -1 313611 0 15 40 23 25 2 5 2 5
0 0 0 1 1 6 1 1 5 6 1 1 5 -1 -1 -1 -1 -1 -1 314011 0 15 40 23 25 2 5 2 5
0 0 0 1 1 7 1 1 5 6 1 1 5 5 5 4 4 1 1 314411 0 15 40 23 25 2 5 2 5
0 0 0 1 1 6 1 1 5 6 1 1 5 -1 -1 -1 -1 -1 -1 314811 0 15 40 23 25 2 5 2 5
0 0 0 1 1 6 1 1 5 6 1 1 5 -1 -1 -1 -1 -1 -1 315211 0 15 40 23 25 2 5 2 5
0 0 0 1 1 6 1 1 5 6 1 1 5 -1 -1 -1 -1 -1 -1 315611 0 15 40 23 25 2 5 2 5
0 0 0 1 1 7 1 1 5 6 1 1 5 5 5 4 4 1 1 316011 0 15 40 23 25 2 5 2 5
0 0 0 1 1 6 1 1 5 6 1 1 5 -1 -1 -1 -1 -1 -1 316410 0 15 40 24 25.5 2 5 2 5
0 0 0 1 6 1 1 1 5 6 1 1 4 -1 -1 -1 -1 -1 -1 316810 0 15 40 24 25.5 2 5 2 5
0 0 0 1 6 1 1 1 5 6 1 1 4 -1 -1 -1 -1 -1 -1 317210 0 15 40 24 25.5 2 5 2 5
0 0 0 1 7 1 1 1 5 6 1 1 4 4 5 4 4 1 1 317577 0 15 40 24 25.5 2 4 2 5
0 0 0 1 6 1 1 1 5 6 1 1 4 -1 -1 -1 -1 -1 -1 317977 0 15 40 24 25.5 2 4 2 5
0 0 0 1 1 1 6 1 5 6 1 1 6 -1 -1 -1 -1 -1 -1 318377 0 15 40 24 25.5 2 4 2 5
0 0 0 1 1 1 6 1 5 6 1 1 6 -1 -1 -1 -1 -1 -1 318777 0 15 40 24 25.5 2 4 2 5
0 0 0 1 1 1 7 1 5 6 1 1 6 6 5 4 4 1 1 319143 0 15 40 24 25.5 2 8 0 5
0 0 0 1 1 6 1 1 5 6 1 1 5 -1 -1 -1 -1 -1 -1 319543 0 15 40 25 26 2 8 0 5
0 0 0 1 1 6 1 1 5 6 1 1 5 -1 -1 -1 -1 -1 -1 319910 0 15 40 25 26 2 8 0 5
0 0 0 1 1 6 1 1 5 6 1 1 5 -1 -1 -1 -1 -1 -1 320310 0 15 40 25 26 2 8 0 5
0 0 0 1 1 7 1 1 5 6 1 1 5 5 5 4 4 1 1 320709 0 15 40 25 26 2 5 2 5
0 0 0 1 1 6 1 1 5 6 1 1 5 -1 -1 -1 -1 -1 -1 321076 0 15 40 25 26 2 5 2 5
0 0 0 6 1 1 1 1 5 6 1 1 3 -1 -1 -1 -1 -1 -1 321476 0 15 40 25 26 2 5 2 5
0 0 0 6 1 1 1 1 5 6 1 1 3 -1 -1 -1 -1 -1 -1 321843 0 15 40 25 26 2 5 2 5
0 0 0 7 1 1 1 1 5 6 1 1 3 3 5 4 4 1 1 322242 0 15 40 25 26 2 4 2 5
0 0 0 6 1 1 1 1 5 6 1 2 3 -1 -1 -1 -1 -1 -1 322609 0 15 40 26 26.5 2 4 2 5
0 0 0 1 1 6 1 1 5 6 1 2 5 -1 -1 -1 -1 -1 -1 322976 0 15 40 26 26.5 2 4 2 5
0 0 0 1 1 6 1 1 5 6 1 2 5 -1 -1 -1 -1 -1 -1 323375 0 15 40 26 26.5 2 4 2 5
0 0 0 1 1 7 1 1 5 6 1 2 5 5 5 4 4 1 1 323742 0 15 40 26 26.5 2 6 2 5
0 0 0 1 1 6 1 1 5 6 1 2 5 -1 -1 -1 -1 -1 -1 324109 0 15 40 26 26.5 2 6 2 5
0 0 0 1 1 6 4 1 5 6 1 2 5 -1 -1 -1 -1 -1 -1 324509 1 15 40 26 26.5 2 6 2 5
0 0 0 1 1 1 1 6 5 6 1 2 7 -1 -1 -1 -1 -1 -1 324875 0 15 40 26 26.5 2 6 2 5
0 0 0 1 1 1 1 7 5 6 1 2 7 7 5 4 4 1 1 325242 0 15 40 26 26.5 2 5 2 5
0 0 0 1 1 1 1 6 5 6 1 2 7 -1 -1 -1 -1 -1 -1 325608 0 15 40 27 27 2 5 2 5
0 0 0 4 1 6 1 1 5 6 1 2 5 -1 -1 -1 -1 -1 -1 326008 1 15 40 27 27 2 5 2 5
0 0 0 1 1 6 1 1 5 6 1 2 5 -1 -1 -1 -1 -1 -1 326375 0 15 40 27 27 2 5 2 5
0 0 0 1 1 7 1 1 5 6 1 2 5 5 5 4 4 1 1 326741 0 15 40 27 27 2 5 2 5
0 0 0 1 1 6 1 1 5 6 1 2 5 -1 -1 -1 -1 -1 -1 327108 0 15 40 27 27 2 5 2 5
0 0 0 1 4 6 1 1 5 6 1 2 5 -1 -1 -1 -1 -1 -1 327474 1 15 40 27 27 2 5 2 5
0 0 0 1 6 1 1 1 5 6 1 2 4 -1 -1 -1 -1 -1 -1 327841 0 15 40 27 27 2 5 2 5
0 0 0 1 7 1 1 1 5 6 1 2 4 4 5 4 4 1 1 328208 0 15 40 27 27 2 5 2 5
0 0 0 1 1 6 1 1 5 6 1 2 5 -1 -1 -1 -1 -1 -1 328574 0 15 40 28 27.5 2 5 2 5
0 0 0 1 4 6 1 1 5 6 1 2 5 -1 -1 -1 -1 -1 -1 328941 1 15 40 28 27.5 2 5 2 5
0 0 0 1 6 1 1 1 5 6 1 2 4 -1 -1 -1 -1 -1 -1 329307 0 15 40 28 27.5 2 5 2 5
0 0 0 1 7 1 1 1 5 6 1 2 4 4 5 4 4 1 1 329674 0 15 40 28 27.5 2 4 2 5
0 0 0 1 6 1 1 1 5 6 1 2 4 -1 -1 -1 -1 -1 -1 330041 0 15 40 28 27.5 2 4 2 5
0 0 0 1 6 4 1 1 5 6 1 2 4 -1 -1 -1 -1 -1 -1 330407 1 15 40 28 27.5 2 4 2 5
0 0 0 1 1 6 1 1 5 6 1 2 5 -1 -1 -1 -1 -1 -1 330774 0 15 40 28 27.5 2 4 2 5
0 0 0 1 1 1 7 1 5 6 1 2 6 6 5 4 4 1 1 331107 0 15 40 28 27.5 2 8 0 5
0 0 0 1 1 1 6 1 5 6 1 2 6 -1 -1 -1 -1 -1 -1 331473 0 15 40 29 28 2 8 0 5
0 0 0 1 1 4 6 1 5 6 1 2 6 -1 -1 -1 -1 -1 -1 331840 1 15 40 29 28 2 8 0 5
0 0 0 1 1 6 1 1 5 6 1 2 5 -1 -1 -1 -1 -1 -1 332207 0 15 40 29 28 2 8 0 5
0 0 0 1 7 1 1 1 5 6 1 2 4 4 5 4 4 1 1 332540 0 15 40 29 28 2 5 2 5
0 0 0 1 6 1 1 1 5 6 1 2 4 -1 -1 -1 -1 -1 -1 332906 0 15 40 29 28 2 5 2 5
0 0 0 4 1 1 6 1 5 6 1 2 6 -1 -1 -1 -1 -1 -1 333273 1 15 40 29 28 2 5 2 5
0 0 0 1 1 1 6 1 5 6 1 2 6 -1 -1 -1 -1 -1 -1 333640 0 15 40 29 28 2 5 2 5
0 0 0 1 1 1 7 1 5 6 1 2 6 6 5 4 4 1 1 333973 0 15 40 29 28 2 4 2 5
0 0 0 1 1 6 1 1 5 6 1 2 5 -1 -1 -1 -1 -1 -1 334339 0 15 40 30 28.5 2 4 2 5
0 0 0 1 1 1 6 4 5 6 1 2 6 -1 -1 -1 -1 -1 -1 334673 1 15 40 30 28.5 2 4 2 5
0 0 0 1 1 1 6 1 5 6 1 2 6 -1 -1 -1 -1 -1 -1 335039 0 15 40 30 28.5 2 4 2 5
0 0 0 1 1 1 7 1 5 6 1 2 6 6 5 4 4 1 1 335373 0 15 40 30 28.5 2 6 2 5
0 0 0 1 1 1 6 1 5 6 1 2 6 -1 -1 -1 -1 -1 -1 335739 0 15 40 30 28.5 2 6 2 5
0 0 0 1 1 4 6 1 5 6 1 2 6 -1 -1 -1 -1 -1 -1 336072 1 15 40 30 28.5 2 6 2 5
0 0 0 1 1 1 6 1 5 6 1 2 6 -1 -1 -1 -1 -1 -1 336439 0 15 40 30 28.5 2 6 2 5
0 0 0 1 1 1 7 1 5 6 1 2 6 6 5 4 4 1 1 336772 0 15 40 30 28.5 2 5 2 5
0 0 0 1 1 6 1 1 5 6 1 2 5 -1 -1 -1 -1 -1 -1 337139 0 15 40 31 29 2 5 2 5
0 0 0 1 1 6 4 1 5 6 1 2 5 -1 -1 -1 -1 -1 -1 337472 1 15 40 31 29 2 5 2 5
0 0 0 1 1 1 6 1 5 6 1 2 6 -1 -1 -1 -1 -1 -1 337805 0 15 40 31 29 2 5 2 5
0 0 0 1 1 1 7 1 5 6 1 2 6 6 5 4 4 1 1 338172 0 15 40 31 29 2 5 2 5
0 0 0 1 1 6 1 1 6 2 2 2 5 -1 -1 -1 -1 -1 -1 345037 0 15 23 23 60 2 8 0 5
0 0 0 1 1 6 1 1 6 2 2 2 5 -1 -1 -1 -1 -1 -1 345203 0 15 23 23 60 2 8 0 5
0 0 0 1 1 6 1 1 6 2 2 2 5 -1 -1 -1 -1 -1 -1 345370 0 15 23 23 60 2 6 2 5
0 0 0 1 1 6 1 1 6 2 2 2 5 -1 -1 -1 -1 -1 -1 345537 0 15 23 23 53 2 6 2 5
0 0 0 1 1 6 1 1 6 2 2 2 5 -1 -1 -1 -1 -1 -1 345770 0 15 23 23 36.6666 2 6 2 5
0 0 0 1 1 6 1 1 6 2 2 2 5 -1 -1 -1 -1 -1 -1 346137 0 15 23 23 25 2 6 2 5
0 0 0 1 1 6 1 1 6 2 2 2 5 -1 -1 -1 -1 -1 -1 346536 0 15 23 23 25 2 6 2 5
0 0 0 1 1 6 1 1 6 2 2 2 5 -1 -1 -1 -1 -1 -1 346936 0 15 23 23 25 2 6 2 5
0 0 0 1 1 6 1 1 6 2 2 2 5 -1 -1 -1 -1 -1 -1 347336 0 15 23 23 25 2 6 2 5
0 0 0 1 1 6 1 1 6 2 2 2 5 -1 -1 -1 -1 -1 -1 347736 0 15 23 23 25 2 6 2 5
0 0 0 1 1 6 1 3 6 2 2 2 5 7 5 4 1 0 0 348136 0 15 23 23 25 2 6 2 5
0 0 0 1 1 6 1 1 6 2 2 2 5 -1 -1 -1 -1 -1 -1 348536 0 15 23 23 25 2 6 2 5
0 0 0 1 4 6 1 1 6 2 2 2 5 -1 -1 -1 -1 -1 -1 348936 1 15 23 23 25 2 6 2 5
0 0 0 1 1 6 1 1 6 2 2 2 5 -1 -1 -1 -1 -1 -1 349336 0 15 23 23 25 2 6 2 5
0 0 0 1 1 6 3 1 6 2 2 2 5 6 5 4 2 0 0 349736 0 15 23 23 25 2 6 2 5
0 0 0 1 6 1 1 1 6 2 2 2 4 -1 -1 -1 -1 -1 -1 350136 0 15 23 23 25 2 6 2 5
0 0 0 1 6 4 1 1 6 2 2 2 4 -1 -1 -1 -1 -1 -1 350535 1 15 23 23 25 2 6 2 5
0 0 0 1 6 1 1 1 6 2 2 2 4 -1 -1 -1 -1 -1 -1 350935 0 15 23 23 25 2 6 2 5
0 0 0 1 6 3 1 1 6 2 2 2 4 5 5 4 0 0 0 351335 0 15 23 23 25 2 6 2 5
0 0 0 1 6 1 1 1 6 2 2 2 4 -1 -1 -1 -1 -1 -1 351735 0 15 23 23 25 2 6 2 5
0 0 0 1 6 4 1 1 6 2 2 2 4 -1 -1 -1 -1 -1 -1 352135 1 15 23 23 25 2 6 2 5
0 0 0 1 6 1 1 1 6 2 2 2 4 -1 -1 -1 -1 -1 -1 352535 0 15 23 23 25 2 6 2 5
0 0 0 1 6 3 1 1 6 2 2 2 4 5 5 4 3 0 0 352935 0 15 23 23 25 2 6 2 5
0 0 0 1 1 6 1 1 6 2 2 2 5 -1 -1 -1 -1 -1 -1 353335 0 15 23 23 25 2 6 2 5
0 0 0 1 4 6 1 1 6 2 2 2 5 -1 -1 -1 -1 -1 -1 353735 1 15 23 23 25 2 6 2 5
0 0 0 1 6 1 1 1 6 2 2 2 4 -1 -1 -1 -1 -1 -1 354135 0 15 23 23 25 2 6 2 5
0 0 0 1 7 1 1 1 6 2 2 2 4 4 5 4 0 1 1 354535 0 15 23 23 25 2 4 2 5
0 0 0 1 6 1 1 1 6 2 2 2 4 -1 -1 -1 -1 -1 -1 354934 0 15 23 23 25 2 4 2 5
0 0 0 1 1 6 4 1 6 2 2 2 5 -1 -1 -1 -1 -1 -1 355334 1 15 23 23 25 2 4 2 5
0 0 0 1 1 6 1 1 6 2 2 2 5 -1 -1 -1 -1 -1 -1 355734 0 15 23 23 25 2 4 2 5
0 0 0 1 1 6 3 1 6 2 2 2 5 6 5 4 2 0 0 356134 0 15 23 23 25 2 8 0 5
0 0 0 1 1 6 1 1 6 2 2 2 5 -1 -1 -1 -1 -1 -1 356534 0 15 23 23 25 2 8 0 5
0 0 0 1 1 6 1 4 6 2 2 2 5 -1 -1 -1 -1 -1 -1 356934 1 15 23 23 25 2 8 0 5
0 0 0 1 1 6 1 1 6 2 2 2 5 -1 -1 -1 -1 -1 -1 357334 0 15 23 23 25 2 8 0 5
0 0 0 1 1 1 7 1 6 2 2 2 6 6 5 4 0 1 1 357734 0 15 23 23 25 2 6 2 5
0 0 0 1 1 6 1 1 6 2 2 2 5 -1 -1 -1 -1 -1 -1 358134 0 15 23 23 25 2 6 2 5
0 0 0 1 1 6 4 1 6 2 2 2 5 -1 -1 -1 -1 -1 -1 358534 1 15 23 23 25 2 6 2 5
0 0 0 1 1 6 1 1 6 2 2 2 5 -1 -1 -1 -1 -1 -1 358933 0 15 23 23 25 2 6 2 5
0 0 0 1 1 6 1 3 6 2 2 2 5 7 5 4 1 0 0 359333 0 15 23 23 25 2 6 2 5
0 0 0 1 1 6 1 1 6 2 2 2 5 -1 -1 -1 -1 -1 -1 359733 0 15 23 23 25 2 6 2 5
0 0 0 4 1 6 1 1 6 2 2 2 5 -1 -1 -1 -1 -1 -1 360133 1 15 23 23 25 2 6 2 5
0 0 0 1 1 1 6 1 6 2 2 2 6 -1 -1 -1 -1 -1 -1 360533 0 15 23 23 25 2 6 2 5
0 0 0 1 1 1 7 1 6 2 2 2 6 6 5 4 0 1 1 360933 0 15 23 23 25 2 6 2 5
0 0 0 1 1 1 6 1 6 2 2 2 6 -1 -1 -1 -1 -1 -1 361333 0 15 23 23 25 2 6 2 5
0 0 0 1 1 6 1 4 6 2 2 2 5 -1 -1 -1 -1 -1 -1 361733 1 15 23 23 25 2 6 2 5
0 0 0 1 1 6 1 1 6 2 2 2 5 -1 -1 -1 -1 -1 -1 362133 0 15 23 23 25 2 6 2 5
0 0 0 1 3 6 1 1 6 2 2 2 5 4 5 4 2 0 0 362533 0 15 23 23 25 2 6 2 5
0 0 0 1 6 1 1 1 6 2 2 2 4 -1 -1 -1 -1 -1 -1 362932 0 15 23 23 25 2 6 2 5
0 0 0 1 6 4 1 1 6 2 2 2 4 -1 -1 -1 -1 -1 -1 363332 1 15 23 23 25 2 6 2 5
0 0 0 1 1 6 1 1 6 2 2 2 5 -1 -1 -1 -1 -1 -1 363732 0 15 23 23 25 2 6 2 5
0 0 0 1 1 7 1 1 6 2 2 2 5 5 5 4 0 1 1 364132 0 15 23 23 25 2 6 2 5
0 0 0 1 1 1 6 1 6 2 2 2 6 -1 -1 -1 -1 -1 -1 364532 0 15 23 23 25 2 6 2 5
0 0 0 1 1 4 6 1 6 2 2 2 6 -1 -1 -1 -1 -1 -1 364932 1 15 23 23 25 2 6 2 5
0 0 0 1 1 6 1 1 6 2 2 2 5 -1 -1 -1 -1 -1 -1 365332 0 15 23 23 25 2 6 2 5
0 0 0 3 1 6 1 1 6 2 2 2 5 3 5 4 1 0 0 365732 0 15 23 23 25 2 6 2 5
0 0 0 1 1 6 1 1 6 2 2 2 5 -1 -1 -1 -1 -1 -1 366132 0 15 23 23 25 2 6 2 5
0 0 0 1 1 6 4 1 6 2 2 2 5 -1 -1 -1 -1 -1 -1 366532 1 15 23 23 25 2 6 2 5
0 0 0 1 6 1 1 1 6 2 2 2 4 -1 -1 -1 -1 -1 -1 366931 0 15 23 23 25 2 6 2 5
0 0 0 1 6 3 1 1 6 2 2 2 4 5 5 4 3 0 0 367331 0 15 23 23 25 2 4 2 5
0 0 0 1 6 1 1 1 6 2 2 2 4 -1 -1 -1 -1 -1 -1 367731 0 15 23 23 25 2 4 2 5
0 0 0 1 6 4 1 1 6 2 2 2 4 -1 -1 -1 -1 -1 -1 368131 1 15 23 23 25 2 4 2 5
0 0 0 1 1 6 1 1 6 2 2 2 5 -1 -1 -1 -1 -1 -1 368531 0 15 23 23 25 2 4 2 5
0 0 0 1 1 6 3 1 6 2 2 2 5 6 5 4 0 0 0 368931 0 15 23 23 25 2 8 0 5
0 0 0 1 1 6 1 1 6 2 2 2 5 -1 -1 -1 -1 -1 -1 369331 0 15 23 23 25 2 8 0 5
0 0 0 4 1 6 1 1 6 2 2 2 5 -1 -1 -1 -1 -1 -1 369731 1 15 23 23 25 2 8 0 5
0 0 0 1 1 1 1 6 6 2 2 2 7 -1 -1 -1 -1 -1 -1 370131 0 15 23 23 25 2 8 0 5
0 0 0 1 1 1 1 7 6 2 2 2 7 7 5 4 3 1 1 370531 0 15 23 23 25 2 6 2 5
0 0 0 1 1 6 1 1 7 1 2 2 5 -1 -1 -1 -1 -1 -1 376929 0 15 23 22 60 2 8 0 5
0 0 0 1 1 6 1 1 7 1 2 2 5 -1 -1 -1 -1 -1 -1 377096 0 15 23 22 60 2 8 0 5
0 0 0 1 1 6 1 1 7 1 2 2 5 -1 -1 -1 -1 -1 -1 377262 0 15 23 22 60 2 5 2 5
0 0 0 1 1 6 1 1 7 1 2 2 5 -1 -1 -1 -1 -1 -1 377429 0 15 23 22 52.8 2 5 2 5
0 0 0 1 1 6 1 1 7 1 2 2 5 -1 -1 -1 -1 -1 -1 377662 0 15 23 22 36 2 5 2 5
0 0 0 1 1 6 1 1 7 1 2 2 5 -1 -1 -1 -1 -1 -1 378029 0 15 23 22 24 2 5 2 5
0 0 0 1 1 6 1 1 7 1 2 2 5 -1 -1 -1 -1 -1 -1 378462 0 15 23 22 24 2 6 2 5
0 0 0 1 1 6 1 1 7 1 2 2 5 -1 -1 -1 -1 -1 -1 378862 0 15 23 22 24 2 6 2 5
0 0 0 1 1 6 1 1 7 1 2 2 5 -1 -1 -1 -1 -1 -1 379295 0 15 23 22 24 2 6 2 5
0 0 0 1 1 6 1 1 7 1 2 2 5 -1 -1 -1 -1 -1 -1 379695 0 15 23 22 24 2 6 2 5
0 0 0 1 3 6 1 1 7 1 2 2 5 4 4 6 1 0 0 380128 0 15 23 22 24 2 6 2 5
0 0 0 1 1 6 1 1 7 1 2 2 5 -1 -1 -1 -1 -1 -1 380528 0 15 23 22 24 2 6 2 5
0 0 0 1 1 6 4 1 7 1 2 2 5 -1 -1 -1 -1 -1 -1 380961 1 15 23 22 24 2 6 2 5
0 0 0 1 1 6 1 1 7 1 2 2 5 -1 -1 -1 -1 -1 -1 381361 0 15 23 22 24 2 6 2 5
0 0 0 3 1 6 1 1 7 1 2 2 5 3 4 8 3 0 0 381795 0 15 23 22 24 2 6 2 5
0 0 0 1 1 6 1 1 7 1 2 2 5 -1 -1 -1 -1 -1 -1 382194 0 15 23 22 24 2 6 2 5
0 0 0 1 4 6 1 1 7 1 2 2 5 -1 -1 -1 -1 -1 -1 382628 1 15 23 22 24 2 6 2 5
0 0 0 1 6 1 1 1 7 1 2 2 4 -1 -1 -1 -1 -1 -1 383028 0 15 23 22 24 2 6 2 5
0 0 0 1 7 1 1 1 7 1 2 2 4 4 4 6 1 1 1 383461 0 15 23 22 24 2 5 2 5
0 0 0 1 6 1 1 1 7 1 2 2 4 -1 -1 -1 -1 -1 -1 383861 0 15 23 22 24 2 5 2 5
0 0 0 1 6 1 1 4 7 1 2 2 4 -1 -1 -1 -1 -1 -1 384294 1 15 23 22 24 2 5 2 5
0 0 0 1 6 1 1 1 7 1 2 2 4 -1 -1 -1 -1 -1 -1 384694 0 15 23 22 24 2 5 2 5
0 0 0 1 6 3 1 1 7 1 2 2 4 5 4 7 2 0 0 385127 0 15 23 22 24 2 4 2 5
0 0 0 1 6 1 1 1 7 1 2 2 4 -1 -1 -1 -1 -1 -1 385527 0 15 23 22 24 2 4 2 5
0 0 0 1 6 4 1 1 7 1 2 2 4 -1 -1 -1 -1 -1 -1 385960 1 15 23 22 24 2 4 2 5
0 0 0 1 1 6 1 1 7 1 2 2 5 -1 -1 -1 -1 -1 -1 386360 0 15 23 22 24 2 4 2 5
0 0 0 1 3 6 1 1 7 1 2 2 5 4 4 5 0 0 0 386793 0 15 23 22 24 2 6 2 5
0 0 0 1 1 6 1 1 7 1 2 2 5 -1 -1 -1 -1 -1 -1 387193 0 15 23 22 24 2 6 2 5
0 0 0 1 1 6 4 1 7 1 2 2 5 -1 -1 -1 -1 -1 -1 387626 1 15 23 22 24 2 6 2 5
0 0 0 1 1 1 6 1 7 1 2 2 6 -1 -1 -1 -1 -1 -1 388026 0 15 23 22 24 2 6 2 5
0 0 0 1 1 1 7 1 7 1 2 2 6 6 4 7 2 1 1 388460 0 15 23 22 24 2 8 0 5
0 0 0 1 1 1 6 1 7 1 2 2 6 -1 -1 -1 -1 -1 -1 388859 0 15 23 23 25 2 8 0 5
0 0 0 4 1 6 1 1 7 1 2 2 5 -1 -1 -1 -1 -1 -1 389259 1 15 23 23 25 2 8 0 5
0 0 0 1 1 6 1 1 7 1 2 2 5 -1 -1 -1 -1 -1 -1 389659 0 15 23 23 25 2 8 0 5
0 0 0 1 1 6 3 1 7 1 2 2 5 6 4 8 3 0 0 390059 0 15 23 23 25 2 5 2 5
0 0 0 1 1 6 1 1 7 1 2 2 5 -1 -1 -1 -1 -1 -1 390459 0 15 23 23 25 2 5 2 5
0 0 0 1 1 6 4 1 7 1 2 2 5 -1 -1 -1 -1 -1 -1 390859 1 15 23 23 25 2 5 2 5
0 0 0 1 1 1 6 1 7 1 2 2 6 -1 -1 -1 -1 -1 -1 391259 0 15 23 23 25 2 5 2 5
0 0 0 1 1 2 8 1 7 1 2 2 6 5 4 7 2 1 0 391659 0 15 23 23 25 2 6 2 5
0 0 0 1 1 6 1 1 7 1 2 2 5 -1 -1 -1 -1 -1 -1 392059 0 15 23 22 24 2 6 2 5
0 0 0 1 1 1 6 4 7 1 2 2 6 -1 -1 -1 -1 -1 -1 392492 1 15 23 22 24 2 6 2 5
0 0 0 1 1 1 6 1 7 1 2 2 6 -1 -1 -1 -1 -1 -1 392892 0 15 23 22 24 2 6 2 5
0 0 0 1 1 3 6 1 7 1 2 2 6 5 4 5 0 0 0 393325 0 15 23 22 24 2 6 2 5
0 0 0 1 1 1 6 1 7 1 2 2 6 -1 -1 -1 -1 -1 -1 393725 0 15 23 22 24 2 6 2 5
0 0 0 4 1 6 1 1 7 1 2 2 5 -1 -1 -1 -1 -1 -1 394158 1 15 23 22 24 2 6 2 5
0 0 0 1 1 6 1 1 7 1 2 2 5 -1 -1 -1 -1 -1 -1 394558 0 15 23 22 24 2 6 2 5
0 0 0 3 1 6 1 1 7 1 2 2 5 3 4 6 1 0 0 394991 0 15 23 22 24 2 6 2 5
0 0 0 1 1 6 1 1 7 1 2 2 5 -1 -1 -1 -1 -1 -1 395391 0 15 23 22 24 2 6 2 5
0 0 0 4 6 1 1 1 7 1 2 2 4 -1 -1 -1 -1 -1 -1 395824 1 15 23 22 24 2 6 2 5
0 0 0 1 6 1 1 1 7 1 2 2 4 -1 -1 -1 -1 -1 -1 396224 0 15 23 22 24 2 6 2 5
0 0 0 1 6 3 1 1 7 1 2 2 4 5 4 8 3 0 0 396658 0 15 23 22 24 2 5 2 5
0 0 0 1 6 1 1 1 7 1 2 2 4 -1 -1 -1 -1 -1 -1 397057 0 15 23 22 24 2 5 2 5
0 0 0 1 6 1 1 4 7 1 2 2 4 -1 -1 -1 -1 -1 -1 397491 1 15 23 22 24 2 5 2 5
0 0 0 1 6 1 1 1 7 1 2 2 4 -1 -1 -1 -1 -1 -1 397891 0 15 23 22 24 2 5 2 5
0 0 0 3 1 6 1 1 7 1 2 2 5 3 4 5 0 0 0 398324 0 15 23 22 24 2 4 2 5
0 0 0 1 1 6 1 1 7 1 2 2 5 -1 -1 -1 -1 -1 -1 398724 0 15 23 22 24 2 4 2 5
0 0 0 1 4 6 1 1 7 1 2 2 5 -1 -1 -1 -1 -1 -1 399157 1 15 23 22 24 2 4 2 5
0 0 0 1 1 6 1 1 7 1 2 2 5 -1 -1 -1 -1 -1 -1 399557 0 15 23 22 24 2 4 2 5
0 0 0 1 1 7 1 1 7 1 2 2 5 5 4 8 3 1 1 399990 0 15 23 22 24 2 6 2 5
0 0 0 1 1 6 1 1 7 1 2 2 5 -1 -1 -1 -1 -1 -1 400390 0 15 23 22 24 2 6 2 5
0 0 0 1 4 6 1 1 7 1 2 2 5 -1 -1 -1 -1 -1 -1 400823 1 15 23 22 24 2 6 2 5
0 0 0 1 1 6 1 1 7 1 2 2 5 -1 -1 -1 -1 -1 -1 401223 0 15 23 22 24 2 6 2 5
0 0 0 1 3 6 1 1 7 1 2 2 5 4 4 6 1 0 0 401656 0 15 23 22 24 2 8 0 5
0 0 0 1 1 6 1 1 7 1 2 2 5 -1 -1 -1 -1 -1 -1 402056 0 15 23 22 24 2 8 0 5
0 0 0 1 1 6 4 1 7 1 2 2 5 -1 -1 -1 -1 -1 -1 402489 1 15 23 22 24 2 8 0 5
0 0 0 1 6 1 1 1 7 1 2 2 4 -1 -1 -1 -1 -1 -1 402889 0 15 23 22 24 2 8 0 5
0 0 0 3 6 1 1 1 7 1 2 2 4 3 4 7 2 0 0 403323 0 15 23 22 24 2 5 2 5
0 0 0 1 1 6 1 1 7 1 2 2 5 -1 -1 -1 -1 -1 -1 403723 0 15 23 22 24 2 5 2 5
0 0 0 4 1 6 1 1 7 1 2 2 5 -1 -1 -1 -1 -1 -1 404156 1 15 23 22 24 2 5 2 5
0 0 0 1 6 1 1 1 7 1 2 2 4 -1 -1 -1 -1 -1 -1 404556 0 15 23 22 24 2 5 2 5
0 0 0 1 7 1 1 1 7 1 2 2 4 4 4 6 1 1 1 404989 0 15 23 22 24 2 6 2 5
0 0 0 1 6 1 1 1 7 1 2 2 4 -1 -1 -1 -1 -1 -1 405389 0 15 23 23 25 2 6 2 5
0 0 0 1 6 4 1 1 7 1 2 2 4 -1 -1 -1 -1 -1 -1 405789 1 15 23 23 25 2 6 2 5
0 0 0 1 1 6 1 1 7 1 2 2 5 -1 -1 -1 -1 -1 -1 406189 0 15 23 23 25 2 6 2 5
0 0 0 1 3 6 1 1 7 1 2 2 5 4 4 8 3 0 0 406588 0 15 23 23 25 2 6 2 5
0 0 0 1 1 6 1 1 7 1 2 2 5 -1 -1 -1 -1 -1 -1 406988 0 15 23 23 25 2 6 2 5
0 0 0 4 1 1 6 1 7 1 2 2 6 -1 -1 -1 -1 -1 -1 407388 1 15 23 23 25 2 6 2 5
0 0 0 1 1 1 6 1 7 1 2 2 6 -1 -1 -1 -1 -1 -1 407788 0 15 23 23 25 2 6 2 5
0 0 0 1 1 6 3 1 7 1 2 2 5 6 4 7 2 0 0 408188 0 15 23 23 25 2 6 2 5
0 0 0 1 1 6 1 1 7 1 2 2 5 -1 -1 -1 -1 -1 -1 408588 0 15 23 23 25 2 6 2 5
0 0 0 1 1 6 4 1 7 1 2 2 5 -1 -1 -1 -1 -1 -1 408988 1 15 23 23 25 2 6 2 5
0 0 0 1 6 1 1 1 7 1 2 2 4 -1 -1 -1 -1 -1 -1 409388 0 15 23 23 25 2 6 2 5
0 0 0 1 3 6 1 1 7 1 2 2 5 4 4 6 1 0 0 409788 0 15 23 23 25 2 5 2 5
0 0 0 1 1 6 1 1 7 1 2 2 5 -1 -1 -1 -1 -1 -1 410188 0 15 23 23 25 2 5 2 5
0 0 0 1 1 6 4 1 7 1 2 2 5 -1 -1 -1 -1 -1 -1 410587 1 15 23 23 25 2 5 2 5
0 0 0 1 1 6 1 1 7 1 2 2 5 -1 -1 -1 -1 -1 -1 410987 0 15 23 23 25 2 5 2 5
0 0 0 1 1 1 7 1 7 1 2 2 6 6 4 7 2 1 1 411387 0 15 23 23 25 2 4 2 5
0 0 0 1 1 1 6 1 7 1 2 2 6 -1 -1 -1 -1 -1 -1 411787 0 15 23 23 25 2 4 2 5
0 0 0 4 1 1 6 1 7 1 2 2 6 -1 -1 -1 -1 -1 -1 412187 1 15 23 23 25 2 4 2 5
0 0 0 1 1 6 1 1 7 1 2 2 5 -1 -1 -1 -1 -1 -1 412587 0 15 23 23 25 2 4 2 5
0 0 0 1 1 6 1 3 7 1 2 2 5 7 4 5 0 0 0 412987 0 15 23 23 25 2 6 2 5
0 0 0 1 1 6 1 1 7 1 2 2 5 -1 -1 -1 -1 -1 -1 413387 0 15 23 23 25 2 6 2 5
0 0 0 1 1 6 1 4 7 1 2 2 5 -1 -1 -1 -1 -1 -1 413787 1 15 23 23 25 2 6 2 5
0 0 0 1 1 1 6 1 7 1 2 2 6 -1 -1 -1 -1 -1 -1 414187 0 15 23 23 25 2 6 2 5
0 0 0 1 1 3 6 1 7 1 2 2 6 5 4 8 3 0 0 414587 0 15 23 23 25 2 8 0 5
0 0 0 1 1 1 6 1 7 1 2 2 6 -1 -1 -1 -1 -1 -1 414986 0 15 23 23 25 2 8 0 5
0 0 0 1 4 6 1 1 7 1 2 2 5 -1 -1 -1 -1 -1 -1 415386 1 15 23 23 25 2 8 0 5
0 0 0 1 1 6 1 1 7 1 2 2 5 -1 -1 -1 -1 -1 -1 415786 0 15 23 23 25 2 8 0 5
0 0 0 3 1 6 1 1 7 1 2 2 5 3 4 6 1 0 0 416186 0 15 23 23 25 2 5 2 5
0 0 0 1 1 6 1 1 7 1 2 2 5 -1 -1 -1 -1 -1 -1 416586 0 15 23 23 25 2 5 2 5
0 0 0 1 6 1 1 4 7 1 2 2 4 -1 -1 -1 -1 -1 -1 416986 1 15 23 23 25 2 5 2 5
0 0 0 1 6 1 1 1 7 1 2 2 4 -1 -1 -1 -1 -1 -1 417386 0 15 23 23 25 2 5 2 5
0 0 0 1 7 1 1 1 7 1 2 2 4 4 4 8 3 1 1 417786 0 15 23 23 25 2 6 2 5
0 0 0 0 1 6 1 0 8 0 2 0 5 -1 -1 -1 -1 -1 -1 424884 0 15 23 22 60 2 8 0 3
0 0 0 0 1 6 1 0 8 0 2 0 5 -1 -1 -1 -1 -1 -1 425051 0 15 23 22 60 2 8 0 3
0 0 0 0 1 6 1 0 8 0 2 0 5 -1 -1 -1 -1 -1 -1 425217 0 15 23 22 60 2 4 2 3
0 0 0 0 1 6 1 0 8 0 2 0 5 -1 -1 -1 -1 -1 -1 425384 0 15 23 22 52.8 2 4 2 3
0 0 0 0 1 6 1 0 8 0 2 0 5 -1 -1 -1 -1 -1 -1 425617 0 15 23 22 36 2 4 2 3
0 0 0 0 1 6 1 0 8 0 2 0 5 -1 -1 -1 -1 -1 -1 425984 0 15 23 22 24 2 4 2 3
0 0 0 0 1 6 1 0 8 0 2 0 5 -1 -1 -1 -1 -1 -1 426417 0 15 23 22 24 2 5 2 3
0 0 0 0 1 6 1 0 8 0 2 0 5 -1 -1 -1 -1 -1 -1 426817 0 15 23 22 24 2 5 2 3
0 0 0 0 1 6 1 0 8 0 2 0 5 -1 -1 -1 -1 -1 -1 427250 0 15 23 22 24 2 5 2 3
0 0 0 0 1 6 1 0 8 0 2 0 5 -1 -1 -1 -1 -1 -1 427650 0 15 23 22 24 2 5 2 3
0 0 0 0 3 6 1 0 8 0 2 0 5 4 3 4 3 0 0 428083 0 15 23 22 24 2 5 2 3
0 0 0 0 1 6 1 0 8 0 2 0 5 -1 -1 -1 -1 -1 -1 428483 0 15 23 22 24 2 5 2 3
0 0 0 0 1 6 1 0 8 0 2 0 5 -1 -1 -1 -1 -1 -1 428916 0 15 23 22 24 2 5 2 3
0 0 0 0 1 6 1 0 8 0 2 0 5 -1 -1 -1 -1 -1 -1 429316 0 15 23 22 24 2 5 2 3
0 0 0 0 3 6 1 0 8 0 2 0 5 4 0 4 1 0 0 429749 0 15 23 22 24 2 6 2 3
0 0 0 0 1 6 1 0 8 0 2 0 5 -1 -1 -1 -1 -1 -1 430149 0 15 23 22 24 2 6 2 3
0 0 0 0 1 6 1 0 8 0 2 0 5 -1 -1 -1 -1 -1 -1 430583 0 15 23 22 24 2 6 2 3
0 0 0 0 1 6 1 0 8 0 2 0 5 -1 -1 -1 -1 -1 -1 430983 0 15 23 22 24 2 6 2 3
0 0 0 0 1 7 1 0 8 0 2 0 5 5 3 4 3 1 1 431416 0 15 23 22 24 2 6 2 3
0 0 0 0 1 6 1 0 8 0 2 0 5 -1 -1 -1 -1 -1 -1 431816 0 15 23 22 24 2 6 2 3
0 0 0 0 1 1 6 0 8 0 2 0 6 -1 -1 -1 -1 -1 -1 432249 0 15 23 22 24 2 6 2 3
0 0 0 0 1 1 6 0 8 0 2 0 6 -1 -1 -1 -1 -1 -1 432649 0 15 23 22 24 2 6 2 3
0 0 0 0 1 1 7 0 8 0 2 0 6 6 0 4 1 1 1 433082 0 15 23 22 24 2 4 2 3
0 0 0 0 1 1 6 0 8 0 2 0 6 -1 -1 -1 -1 -1 -1 433482 0 15 23 23 25 2 4 2 3
0 0 0 0 1 1 6 0 8 0 2 0 6 -1 -1 -1 -1 -1 -1 433882 0 15 23 23 25 2 4 2 3
0 0 0 0 1 1 6 0 8 0 2 0 6 -1 -1 -1 -1 -1 -1 434282 0 15 23 23 25 2 4 2 3
0 0 0 0 1 3 6 0 8 0 2 0 6 5 1 4 2 0 0 434682 0 15 23 23 25 2 4 2 3
0 0 0 0 1 1 6 0 8 0 2 0 6 -1 -1 -1 -1 -1 -1 435082 0 15 23 23 25 2 4 2 3
0 0 0 0 1 6 1 0 8 0 2 0 5 -1 -1 -1 -1 -1 -1 435481 0 15 23 23 25 2 4 2 3
0 0 0 0 1 6 1 0 8 0 2 0 5 -1 -1 -1 -1 -1 -1 435881 0 15 23 23 25 2 4 2 3
0 0 0 0 1 7 1 0 8 0 2 0 5 5 0 4 1 1 1 436281 0 15 23 23 25 2 8 0 3
0 0 0 0 1 6 1 0 9 6 1 0 5 -1 -1 -1 -1 -1 -1 442346 0 15 40 18 60 2 8 0 3
0 0 0 0 1 6 1 0 9 6 1 0 5 -1 -1 -1 -1 -1 -1 442513 0 15 40 18 60 2 8 0 3
0 0 0 0 1 6 1 0 9 6 1 0 5 -1 -1 -1 -1 -1 -1 442680 0 15 40 18 60 2 6 2 3
0 0 0 0 1 6 1 0 9 6 1 0 5 -1 -1 -1 -1 -1 -1 442846 0 15 40 18 51.8 2 6 2 3
0 0 0 0 1 6 1 0 9 6 1 0 5 -1 -1 -1 -1 -1 -1 443113 0 15 40 18 29.9333 2 6 2 3
0 0 0 0 1 6 1 0 9 6 1 0 5 -1 -1 -1 -1 -1 -1 443579 0 15 40 18 19 2 6 2 3
0 0 0 0 1 6 1 0 9 6 1 0 5 -1 -1 -1 -1 -1 -1 444113 0 15 40 18 19 2 4 2 3
0 0 0 0 1 6 1 0 9 6 1 0 5 -1 -1 -1 -1 -1 -1 444613 0 15 40 18 19 2 4 2 3
0 0 0 0 1 1 6 0 9 6 1 0 6 -1 -1 -1 -1 -1 -1 445146 0 15 40 18 19 2 4 2 3
0 0 0 0 1 1 6 0 9 6 1 0 6 -1 -1 -1 -1 -1 -1 445679 0 15 40 18 19 2 4 2 3
0 0 0 0 1 1 7 0 9 6 1 0 6 6 5 4 4 1 1 446212 0 15 40 18 19 2 6 2 3
0 0 0 0 1 6 1 0 9 6 1 0 5 -1 -1 -1 -1 -1 -1 446745 0 15 40 18 19 2 6 2 3
0 0 0 0 6 1 1 0 9 6 1 0 4 -1 -1 -1 -1 -1 -1 447245 0 15 40 18 19 2 6 2 3
0 0 0 0 6 1 1 0 9 6 1 0 4 -1 -1 -1 -1 -1 -1 447778 0 15 40 18 19 2 6 2 3
0 0 0 0 7 1 1 0 9 6 1 0 4 4 5 4 4 1 1 448312 0 15 40 18 19 2 4 2 3
0 0 0 0 1 6 1 0 9 6 1 0 5 -1 -1 -1 -1 -1 -1 448778 0 15 40 19 21 2 4 2 3
0 0 0 0 1 6 1 0 9 6 1 0 5 -1 -1 -1 -1 -1 -1 449278 0 15 40 19 21 2 4 2 3
0 0 0 0 1 6 1 0 9 6 1 0 5 -1 -1 -1 -1 -1 -1 449745 0 15 40 19 21 2 4 2 3
0 0 0 0 1 7 1 0 9 6 1 0 5 5 5 4 4 1 1 450211 0 15 40 19 21 2 5 2 3
0 0 0 0 1 6 1 0 9 6 1 0 5 -1 -1 -1 -1 -1 -1 450711 0 15 40 19 21 2 5 2 3
0 0 0 0 1 6 1 0 9 6 1 0 5 -1 -1 -1 -1 -1 -1 451178 0 15 40 19 21 2 5 2 3
0 0 0 0 1 6 1 0 9 6 1 0 5 -1 -1 -1 -1 -1 -1 451644 0 15 40 19 21 2 5 2 3
0 0 0 0 1 7 1 0 9 6 1 0 5 5 5 4 4 1 1 452111 0 15 40 19 21 2 6 2 3
0 0 0 0 1 6 1 0 9 6 1 0 5 -1 -1 -1 -1 -1 -1 452577 0 15 40 20 22 2 6 2 3
0 0 0 0 1 6 1 0 9 6 1 0 5 -1 -1 -1 -1 -1 -1 453044 0 15 40 20 22 2 6 2 3
0 0 0 0 1 6 1 0 9 6 1 0 5 -1 -1 -1 -1 -1 -1 453477 0 15 40 20 22 2 6 2 3
0 0 0 0 1 7 1 0 9 6 1 0 5 5 5 4 4 1 1 453944 0 15 40 20 22 2 4 2 3
0 0 0 0 1 6 1 0 9 6 1 0 5 -1 -1 -1 -1 -1 -1 454410 0 15 40 20 22 2 4 2 3
0 0 0 0 1 1 6 0 9 6 1 0 6 -1 -1 -1 -1 -1 -1 454843 0 15 40 20 22 2 4 2 3
0 0 0 0 1 1 6 0 9 6 1 0 6 -1 -1 -1 -1 -1 -1 455310 0 15 40 20 22 2 4 2 3
0 0 0 0 1 1 7 0 9 6 1 0 6 6 5 4 4 1 1 455776 0 15 40 20 22 2 8 0 3
0 0 0 0 1 6 1 0 9 6 1 0 5 -1 -1 -1 -1 -1 -1 456210 0 15 40 21 23 2 8 0 3
0 0 0 0 1 1 6 0 9 6 1 0 6 -1 -1 -1 -1 -1 -1 456643 0 15 40 21 23 2 8 0 3
0 0 0 0 1 1 6 0 9 6 1 0 6 -1 -1 -1 -1 -1 -1 457076 0 15 40 21 23 2 8 0 3
0 0 0 1 1 1 7 1 9 6 1 0 6 6 5 4 4 1 1 457509 0 15 40 21 23 2 6 2 5
0 0 0 1 1 6 1 1 9 6 1 0 5 -1 -1 -1 -1 -1 -1 457943 0 15 40 21 23 2 6 2 5
0 0 0 1 6 1 1 1 9 6 1 0 4 -1 -1 -1 -1 -1 -1 458376 0 15 40 21 23 2 6 2 5
0 0 0 1 6 1 1 1 9 6 1 0 4 -1 -1 -1 -1 -1 -1 458809 0 15 40 21 23 2 6 2 5
0 0 0 1 7 1 1 1 9 6 1 0 4 4 5 4 4 1 1 459242 0 15 40 21 23 2 4 2 5
0 0 0 1 6 1 1 1 9 6 1 1 4 -1 -1 -1 -1 -1 -1 459676 0 15 40 22 24 2 4 2 5
0 0 0 1 6 1 1 1 9 6 1 1 4 -1 -1 -1 -1 -1 -1 460075 0 15 40 22 24 2 4 2 5
0 0 0 1 6 1 1 1 9 6 1 1 4 -1 -1 -1 -1 -1 -1 460509 0 15 40 22 24 2 4 2 5
0 0 0 1 7 1 1 1 9 6 1 1 4 4 5 4 4 1 1 460909 0 15 40 22 24 2 6 2 5
0 0 0 1 1 6 1 1 9 6 1 1 5 -1 -1 -1 -1 -1 -1 461342 0 15 40 22 24 2 6 2 5
0 0 0 1 1 6 1 1 9 6 1 1 5 -1 -1 -1 -1 -1 -1 461742 0 15 40 22 24 2 6 2 5
0 0 0 1 1 6 1 1 9 6 1 1 5 -1 -1 -1 -1 -1 -1 462175 0 15 40 22 24 2 6 2 5
0 0 0 1 1 7 1 1 9 6 1 1 5 5 5 4 4 1 1 462575 0 15 40 22 24 2 4 2 5
0 0 0 1 1 6 1 1 9 6 1 1 5 -1 -1 -1 -1 -1 -1 462975 0 15 40 23 25 2 4 2 5
0 0 0 1 1 1 1 6 9 6 1 1 7 -1 -1 -1 -1 -1 -1 463375 0 15 40 23 25 2 4 2 5
0 0 0 1 1 1 1 6 9 6 1 1 7 -1 -1 -1 -1 -1 -1 463775 0 15 40 23 25 2 4 2 5
0 0 0 1 1 1 1 7 9 6 1 1 7 7 5 4 4 1 1 464174 0 15 40 23 25 2 5 2 5
0 0 0 1 1 1 6 1 9 6 1 1 6 -1 -1 -1 -1 -1 -1 464574 0 15 40 23 25 2 5 2 5
0 0 0 1 1 6 1 1 9 6 1 1 5 -1 -1 -1 -1 -1 -1 464974 0 15 40 23 25 2 5 2 5
0 0 0 1 1 6 1 1 9 6 1 1 5 -1 -1 -1 -1 -1 -1 465374 0 15 40 23 25 2 5 2 5
0 0 0 1 1 7 1 1 9 6 1 1 5 5 5 4 4 1 1 465774 0 15 40 23 25 2 6 2 5
0 0 0 1 1 6 1 1 9 6 1 1 5 -1 -1 -1 -1 -1 -1 466174 0 15 40 24 25.5 2 6 2 5
0 0 0 1 1 6 1 1 9 6 1 1 5 -1 -1 -1 -1 -1 -1 466574 0 15 40 24 25.5 2 6 2 5
0 0 0 1 1 6 1 1 9 6 1 1 5 -1 -1 -1 -1 -1 -1 466974 0 15 40 24 25.5 2 6 2 5
0 0 0 1 1 7 1 1 9 6 1 1 5 5 5 4 4 1 1 467340 0 15 40 24 25.5 2 4 2 5
0 0 0 1 1 6 1 1 9 6 1 1 5 -1 -1 -1 -1 -1 -1 467740 0 15 40 24 25.5 2 4 2 5
0 0 0 1 1 1 6 1 9 6 1 1 6 -1 -1 -1 -1 -1 -1 468140 0 15 40 24 25.5 2 4 2 5
0 0 0 1 1 1 6 1 9 6 1 1 6 -1 -1 -1 -1 -1 -1 468540 0 15 40 24 25.5 2 4 2 5
0 0 0 1 1 1 7 1 9 6 1 1 6 6 5 4 4 1 1 468907 0 15 40 24 25.5 2 8 0 5
0 0 0 1 1 1 6 1 9 6 1 1 6 -1 -1 -1 -1 -1 -1 469306 0 15 40 25 26 2 8 0 5
0 0 0 1 1 6 1 1 9 6 1 1 5 -1 -1 -1 -1 -1 -1 469673 0 15 40 25 26 2 8 0 5
0 0 0 1 1 1 6 1 9 6 1 1 6 -1 -1 -1 -1 -1 -1 470073 0 15 40 25 26 2 8 0 5
0 0 0 1 1 1 7 1 9 6 1 1 6 6 5 4 4 1 1 470473 0 15 40 25 26 2 6 2 5
0 0 0 1 1 1 6 1 9 6 1 1 6 -1 -1 -1 -1 -1 -1 470839 0 15 40 25 26 2 6 2 5
0 0 0 1 1 1 6 1 9 6 1 1 6 -1 -1 -1 -1 -1 -1 471239 0 15 40 25 26 2 6 2 5
0 0 0 1 1 1 6 1 9 6 1 1 6 -1 -1 -1 -1 -1 -1 471606 0 15 40 25 26 2 6 2 5
0 0 0 1 1 1 7 1 9 6 1 1 6 6 5 4 4 1 1 472006 0 15 40 25 26 2 4 2 5
0 0 0 1 1 1 6 1 9 6 1 2 6 -1 -1 -1 -1 -1 -1 472372 0 15 40 26 26.5 2 4 2 5
0 0 0 1 1 1 6 1 9 6 1 2 6 -1 -1 -1 -1 -1 -1 472739 0 15 40 26 26.5 2 4 2 5
0 0 0 1 1 1 6 1 9 6 1 2 6 -1 -1 -1 -1 -1 -1 473139 0 15 40 26 26.5 2 4 2 5
0 0 0 1 1 1 7 1 9 6 1 2 6 6 5 4 4 1 1 473505 0 15 40 26 26.5 2 6 2 5
0 0 0 1 1 1 6 1 9 6 1 2 6 -1 -1 -1 -1 -1 -1 473872 0 15 40 26 26.5 2 6 2 5
0 0 0 4 1 1 6 1 9 6 1 2 6 -1 -1 -1 -1 -1 -1 474272 1 15 40 26 26.5 2 6 2 5
0 0 0 1 1 1 6 1 9 6 1 2 6 -1 -1 -1 -1 -1 -1 474639 0 15 40 26 26.5 2 6 2 5
0 0 0 1 1 1 7 1 9 6 1 2 6 6 5 4 4 1 1 475005 0 15 40 26 26.5 2 4 2 5
0 0 0 1 1 1 6 1 9 6 1 2 6 -1 -1 -1 -1 -1 -1 475372 0 15 40 27 27 2 4 2 5
0 0 0 4 1 6 1 1 9 6 1 2 5 -1 -1 -1 -1 -1 -1 475772 1 15 40 27 27 2 4 2 5
0 0 0 1 6 1 1 1 9 6 1 2 4 -1 -1 -1 -1 -1 -1 476138 0 15 40 27 27 2 4 2 5
0 0 0 1 7 1 1 1 9 6 1 2 4 4 5 4 4 1 1 476505 0 15 40 27 27 2 5 2 5
0 0 0 1 1 6 1 1 9 6 1 2 5 -1 -1 -1 -1 -1 -1 476871 0 15 40 27 27 2 5 2 5
0 0 0 4 6 1 1 1 9 6 1 2 4 -1 -1 -1 -1 -1 -1 477238 1 15 40 27 27 2 5 2 5
0 0 0 6 1 1 1 1 9 6 1 2 3 -1 -1 -1 -1 -1 -1 477604 0 15 40 27 27 2 5 2 5
0 0 0 7 1 1 1 1 9 6 1 2 3 3 5 4 4 1 1 477971 0 15 40 27 27 2 6 2 5
0 0 0 1 6 1 1 1 9 6 1 2 4 -1 -1 -1 -1 -1 -1 478338 0 15 40 28 27.5 2 6 2 5
0 0 0 4 6 1 1 1 9 6 1 2 4 -1 -1 -1 -1 -1 -1 478704 1 15 40 28 27.5 2 6 2 5
0 0 0 1 6 1 1 1 9 6 1 2 4 -1 -1 -1 -1 -1 -1 479071 0 15 40 28 27.5 2 6 2 5
0 0 0 1 7 1 1 1 9 6 1 2 4 4 5 4 4 1 1 479437 0 15 40 28 27.5 2 4 2 5
0 0 0 1 1 6 1 1 9 6 1 2 5 -1 -1 -1 -1 -1 -1 479804 0 15 40 28 27.5 2 4 2 5
0 0 0 4 6 1 1 1 9 6 1 2 4 -1 -1 -1 -1 -1 -1 480171 1 15 40 28 27.5 2 4 2 5
0 0 0 1 6 1 1 1 9 6 1 2 4 -1 -1 -1 -1 -1 -1 480537 0 15 40 28 27.5 2 4 2 5
0 0 0 1 7 1 1 1 9 6 1 2 4 4 5 4 4 1 1 480870 0 15 40 28 27.5 2 8 0 5
0 0 0 1 1 6 1 1 9 6 1 2 5 -1 -1 -1 -1 -1 -1 481237 0 15 40 29 28 2 8 0 5
0 0 0 1 6 1 1 4 9 6 1 2 4 -1 -1 -1 -1 -1 -1 481603 1 15 40 29 28 2 8 0 5
0 0 0 6 1 1 1 1 9 6 1 2 3 -1 -1 -1 -1 -1 -1 481970 0 15 40 29 28 2 8 0 5
0 0 0 7 1 1 1 1 9 6 1 2 3 3 5 4 4 1 1 482303 0 15 40 29 28 2 6 2 5
0 0 0 1 6 1 1 1 9 6 1 2 4 -1 -1 -1 -1 -1 -1 482670 0 15 40 29 28 2 6 2 5
0 0 0 4 1 6 1 1 9 6 1 2 5 -1 -1 -1 -1 -1 -1 483036 1 15 40 29 28 2 6 2 5
0 0 0 1 1 6 1 1 9 6 1 2 5 -1 -1 -1 -1 -1 -1 483370 0 15 40 29 28 2 6 2 5
0 0 0 1 1 7 1 1 9 6 1 2 5 5 5 4 4 1 1 483736 0 15 40 29 28 2 4 2 5
0 0 0 1 1 6 1 1 9 6 1 2 5 -1 -1 -1 -1 -1 -1 484103 0 15 40 30 28.5 2 4 2 5
0 0 0 1 6 1 1 4 9 6 1 2 4 -1 -1 -1 -1 -1 -1 484436 1 15 40 30 28.5 2 4 2 5
0 0 0 6 1 1 1 1 9 6 1 2 3 -1 -1 -1 -1 -1 -1 484803 0 15 40 30 28.5 2 4 2 5
0 0 0 7 1 1 1 1 9 6 1 2 3 3 5 4 4 1 1 485136 0 15 40 30 28.5 2 6 2 5
0 0 0 6 1 1 1 1 9 6 1 2 3 -1 -1 -1 -1 -1 -1 485503 0 15 40 30 28.5 2 6 2 5
0 0 0 6 1 1 4 1 9 6 1 2 3 -1 -1 -1 -1 -1 -1 485836 1 15 40 30 28.5 2 6 2 5
0 0 0 6 1 1 1 1 9 6 1 2 3 -1 -1 -1 -1 -1 -1 486202 0 15 40 30 28.5 2 6 2 5
0 0 0 7 1 1 1 1 9 6 1 2 3 3 5 4 4 1 1 486536 0 15 40 30 28.5 2 4 2 5
0 0 0 6 1 1 1 1 9 6 1 2 3 -1 -1 -1 -1 -1 -1 486902 0 15 40 31 29 2 4 2 5
0 0 0 6 4 1 1 1 9 6 1 2 3 -1 -1 -1 -1 -1 -1 487235 1 15 40 31 29 2 4 2 5
0 0 0 6 1 1 1 1 9 6 1 2 3 -1 -1 -1 -1 -1 -1 487569 0 15 40 31 29 2 4 2 5
0 0 0 7 1 1 1 1 9 6 1 2 3 3 5 4 4 1 1 487935 0 15 40 31 29 2 5 2 5
0 0 0 0 1 6 1 0 10 2 2 0 5 -1 -1 -1 -1 -1 -1 495134 0 15 23 23 60 2 8 0 3
0 0 0 0 1 6 1 0 10 2 2 0 5 -1 -1 -1 -1 -1 -1 495300 0 15 23 23 60 2 8 0 3
0 0 0 0 1 6 1 0 10 2 2 0 5 -1 -1 -1 -1 -1 -1 495467 0 15 23 23 60 2 4 2 3
0 0 0 0 1 6 1 0 10 2 2 0 5 -1 -1 -1 -1 -1 -1 495633 0 15 23 23 53 2 4 2 3
0 0 0 0 1 6 1 0 10 2 2 0 5 -1 -1 -1 -1 -1 -1 495867 0 15 23 23 36.6666 2 4 2 3
0 0 0 0 1 6 1 0 10 2 2 0 5 -1 -1 -1 -1 -1 -1 496233 0 15 23 23 25 2 4 2 3
0 0 0 0 1 6 1 0 10 2 2 0 5 -1 -1 -1 -1 -1 -1 496633 0 15 23 23 25 2 6 2 3
0 0 0 0 1 6 1 0 10 2 2 0 5 -1 -1 -1 -1 -1 -1 497033 0 15 23 23 25 2 6 2 3
0 0 0 0 1 6 1 0 10 2 2 0 5 -1 -1 -1 -1 -1 -1 497433 0 15 23 23 25 2 6 2 3
0 0 0 0 1 1 6 0 10 2 2 0 6 -1 -1 -1 -1 -1 -1 497833 0 15 23 23 25 2 6 2 3
0 0 0 0 1 3 6 0 10 2 2 0 6 5 5 4 1 0 0 498233 0 15 23 23 25 2 5 2 3
0 0 0 0 1 6 1 0 10 2 2 0 5 -1 -1 -1 -1 -1 -1 498633 0 15 23 23 25 2 5 2 3
0 0 0 0 1 6 1 0 10 2 2 0 5 -1 -1 -1 -1 -1 -1 499033 0 15 23 23 25 2 5 2 3
0 0 0 0 1 1 6 0 10 2 2 0 6 -1 -1 -1 -1 -1 -1 499432 0 15 23 23 25 2 5 2 3
0 0 0 0 1 3 6 0 10 2 2 0 6 5 5 4 0 0 0 499832 0 15 23 23 25 2 6 2 3
0 0 0 0 1 1 6 0 10 2 2 0 6 -1 -1 -1 -1 -1 -1 500232 0 15 23 23 25 2 6 2 3
0 0 0 0 1 6 1 0 10 2 2 0 5 -1 -1 -1 -1 -1 -1 500632 0 15 23 23 25 2 6 2 3
0 0 0 0 1 6 1 0 10 2 2 0 5 -1 -1 -1 -1 -1 -1 501032 0 15 23 23 25 2 6 2 3
0 0 0 0 3 6 1 0 10 2 2 0 5 4 5 4 2 0 0 501432 0 15 23 23 25 2 6 2 3
0 0 0 0 1 6 1 0 10 2 2 0 5 -1 -1 -1 -1 -1 -1 501832 0 15 23 23 25 2 6 2 3
0 0 0 0 1 6 1 0 10 2 2 0 5 -1 -1 -1 -1 -1 -1 502232 0 15 23 23 25 2 6 2 3
0 0 0 0 1 6 1 0 10 2 2 0 5 -1 -1 -1 -1 -1 -1 502632 0 15 23 23 25 2 6 2 3
0 0 0 0 1 6 3 0 10 2 2 0 5 6 5 4 1 0 0 503032 0 15 23 23 25 2 4 2 3
0 0 0 0 1 6 1 0 10 2 2 0 5 -1 -1 -1 -1 -1 -1 503431 0 15 23 23 25 2 4 2 3
0 0 0 0 1 6 1 0 10 2 2 0 5 -1 -1 -1 -1 -1 -1 503831 0 15 23 23 25 2 4 2 3
0 0 0 0 1 1 6 0 10 2 2 0 6 -1 -1 -1 -1 -1 -1 504231 0 15 23 23 25 2 4 2 3
0 0 0 0 1 1 7 0 10 2 2 0 6 6 5 4 2 1 1 504631 0 15 23 23 25 2 4 2 3
0 0 0 0 1 6 1 0 10 2 2 0 5 -1 -1 -1 -1 -1 -1 505031 0 15 23 23 25 2 4 2 3
0 0 0 0 1 6 1 0 10 2 2 0 5 -1 -1 -1 -1 -1 -1 505431 0 15 23 23 25 2 4 2 3
0 0 0 0 1 6 1 0 10 2 2 0 5 -1 -1 -1 -1 -1 -1 505831 0 15 23 23 25 2 4 2 3
0 0 0 0 6 3 1 0 10 2 2 0 4 5 5 4 0 0 0 506231 0 15 23 23 25 2 8 0 3
0 0 0 0 6 1 1 0 10 2 2 0 4 -1 -1 -1 -1 -1 -1 506631 0 15 23 23 25 2 8 0 3
0 0 0 0 1 6 1 0 10 2 2 0 5 -1 -1 -1 -1 -1 -1 507031 0 15 23 23 25 2 8 0 3
0 0 0 0 6 1 1 0 10 2 2 0 4 -1 -1 -1 -1 -1 -1 507431 0 15 23 23 25 2 8 0 3
0 0 0 0 7 1 1 0 10 2 2 0 4 4 5 4 2 1 1 507830 0 15 23 23 25 2 4 2 3
0 0 0 0 6 1 1 0 10 2 2 0 4 -1 -1 -1 -1 -1 -1 508230 0 15 23 23 25 2 4 2 3
0 0 0 0 1 6 1 0 10 2 2 0 5 -1 -1 -1 -1 -1 -1 508630 0 15 23 23 25 2 4 2 3
0 0 0 0 1 6 1 0 10 2 2 0 5 -1 -1 -1 -1 -1 -1 509030 0 15 23 23 25 2 4 2 3
0 0 0 0 3 6 1 0 10 2 2 0 5 4 5 4 3 0 0 509430 0 15 23 23 25 2 6 2 3
0 0 0 0 1 6 1 0 10 2 2 0 5 -1 -1 -1 -1 -1 -1 509830 0 15 23 23 25 2 6 2 3
0 0 0 0 1 6 1 0 10 2 2 0 5 -1 -1 -1 -1 -1 -1 510230 0 15 23 23 25 2 6 2 3
0 0 0 0 1 1 6 0 10 2 2 0 6 -1 -1 -1 -1 -1 -1 510630 0 15 23 23 25 2 6 2 3
0 0 0 0 1 1 7 0 10 2 2 0 6 6 5 4 2 1 1 511030 0 15 23 23 25 2 5 2 3
0 0 0 0 1 1 6 0 10 2 2 0 6 -1 -1 -1 -1 -1 -1 511430 0 15 23 23 25 2 5 2 3
0 0 0 0 1 6 1 0 10 2 2 0 5 -1 -1 -1 -1 -1 -1 511829 0 15 23 23 25 2 5 2 3
0 0 0 0 1 6 1 0 10 2 2 0 5 -1 -1 -1 -1 -1 -1 512229 0 15 23 23 25 2 5 2 3
0 0 0 0 1 6 3 0 10 2 2 0 5 6 5 4 0 0 0 512629 0 15 23 23 25 2 6 2 3
0 0 0 0 1 6 1 0 10 2 2 0 5 -1 -1 -1 -1 -1 -1 513029 0 15 23 23 25 2 6 2 3
0 0 0 0 1 6 1 0 10 2 2 0 5 -1 -1 -1 -1 -1 -1 513429 0 15 23 23 25 2 6 2 3
0 0 0 0 1 6 1 0 10 2 2 0 5 -1 -1 -1 -1 -1 -1 513829 0 15 23 23 25 2 6 2 3
0 0 0 0 1 6 3 0 10 2 2 0 5 6 5 4 3 0 0 514229 0 15 23 23 25 2 6 2 3
0 0 0 0 1 6 1 0 10 2 2 0 5 -1 -1 -1 -1 -1 -1 514629 0 15 23 23 25 2 6 2 3
0 0 0 0 1 6 1 0 10 2 2 0 5 -1 -1 -1 -1 -1 -1 515029 0 15 23 23 25 2 6 2 3
0 0 0 0 6 1 1 0 10 2 2 0 4 -1 -1 -1 -1 -1 -1 515429 0 15 23 23 25 2 6 2 3
0 0 0 0 6 3 1 0 10 2 2 0 4 5 5 4 1 0 0 515828 0 15 23 23 25 2 4 2 3
0 0 0 0 6 1 1 0 10 2 2 0 4 -1 -1 -1 -1 -1 -1 516228 0 15 23 23 25 2 4 2 3
0 0 0 0 1 6 1 0 10 2 2 0 5 -1 -1 -1 -1 -1 -1 516628 0 15 23 23 25 2 4 2 3
0 0 0 0 6 1 1 0 10 2 2 0 4 -1 -1 -1 -1 -1 -1 517028 0 15 23 23 25 2 4 2 3
0 0 0 0 7 1 1 0 10 2 2 0 4 4 5 4 3 1 1 517428 0 15 23 23 25 2 4 2 3
0 0 0 0 6 1 1 0 10 2 2 0 4 -1 -1 -1 -1 -1 -1 517828 0 15 23 23 25 2 4 2 3
0 0 0 0 6 1 1 0 10 2 2 0 4 -1 -1 -1 -1 -1 -1 518228 0 15 23 23 25 2 4 2 3
0 0 0 0 6 1 1 0 10 2 2 0 4 -1 -1 -1 -1 -1 -1 518628 0 15 23 23 25 2 4 2 3
0 0 0 0 7 1 1 0 10 2 2 0 4 4 5 4 1 1 1 519028 0 15 23 23 25 2 8 0 3
0 0 0 0 6 1 1 0 10 2 2 0 4 -1 -1 -1 -1 -1 -1 519428 0 15 23 23 25 2 8 0 3
0 0 0 0 1 6 1 0 10 2 2 0 5 -1 -1 -1 -1 -1 -1 519828 0 15 23 23 25 2 8 0 3
0 0 0 0 6 1 1 0 10 2 2 0 4 -1 -1 -1 -1 -1 -1 520227 0 15 23 23 25 2 8 0 3
0 0 0 0 6 3 1 0 10 2 2 0 4 5 5 4 0 0 0 520627 0 15 23 23 25 2 4 2 3
0 0 0 0 1 6 1 0 10 2 2 0 5 -1 -1 -1 -1 -1 -1 521027 0 15 23 23 25 2 4 2 3
0 0 0 0 1 6 1 0 10 2 2 0 5 -1 -1 -1 -1 -1 -1 521427 0 15 23 23 25 2 4 2 3
0 0 0 0 1 6 1 0 10 2 2 0 5 -1 -1 -1 -1 -1 -1 521827 0 15 23 23 25 2 4 2 3
0 0 0 0 1 6 3 0 10 2 2 0 5 6 5 4 3 0 0 522227 0 15 23 23 25 2 6 2 3
0 0 0 0 1 6 1 0 10 2 2 0 5 -1 -1 -1 -1 -1 -1 522627 0 15 23 23 25 2 6 2 3
0 0 0 0 1 6 1 0 10 2 2 0 5 -1 -1 -1 -1 -1 -1 523027 0 15 23 23 25 2 6 2 3
0 0 0 0 1 6 1 0 10 2 2 0 5 -1 -1 -1 -1 -1 -1 523427 0 15 23 23 25 2 6 2 3
0 0 0 0 3 6 1 0 10 2 2 0 5 4 5 4 1 0 0 523827 0 15 23 23 25 2 5 2 3
0 0 0 0 1 6 1 0 10 2 2 0 5 -1 -1 -1 -1 -1 -1 524226 0 15 23 23 25 2 5 2 3
0 0 0 0 1 6 1 0 10 2 2 0 5 -1 -1 -1 -1 -1 -1 524626 0 15 23 23 25 2 5 2 3
0 0 0 0 1 6 1 0 10 2 2 0 5 -1 -1 -1 -1 -1 -1 525026 0 15 23 23 25 2 5 2 3
0 0 0 0 1 6 3 0 10 2 2 0 5 6 5 4 2 0 0 525426 0 15 23 23 25 2 6 2 3
0 0 0 0 1 6 1 0 10 2 2 0 5 -1 -1 -1 -1 -1 -1 525826 0 15 23 23 25 2 6 2 3
0 0 0 0 1 6 1 0 10 2 2 0 5 -1 -1 -1 -1 -1 -1 526226 0 15 23 23 25 2 6 2 3
0 0 0 0 1 6 1 0 10 2 2 0 5 -1 -1 -1 -1 -1 -1 526626 0 15 23 23 25 2 6 2 3
0 0 0 0 1 6 3 0 10 2 2 0 5 6 5 4 0 0 0 527026 0 15 23 23 25 2 6 2 3
0 0 0 0 1 6 1 0 10 2 2 0 5 -1 -1 -1 -1 -1 -1 527426 0 15 23 23 25 2 6 2 3
0 0 0 0 1 6 1 0 10 2 2 0 5 -1 -1 -1 -1 -1 -1 527826 0 15 23 23 25 2 6 2 3
0 0 0 0 1 6 1 0 10 2 2 0 5 -1 -1 -1 -1 -1 -1 528225 0 15 23 23 25 2 6 2 3
0 0 0 0 1 7 1 0 10 2 2 0 5 5 5 4 2 1 1 528625 0 15 23 23 25 2 4 2 3
0 0 0 0 1 6 1 0 10 2 2 0 5 -1 -1 -1 -1 -1 -1 529025 0 15 23 23 25 2 4 2 3
0 0 0 0 1 6 1 0 10 2 2 0 5 -1 -1 -1 -1 -1 -1 529425 0 15 23 23 25 2 4 2 3
0 0 0 0 1 6 1 0 10 2 2 0 5 -1 -1 -1 -1 -1 -1 529825 0 15 23 23 25 2 4 2 3
0 0 0 0 3 6 1 0 10 2 2 0 5 4 5 4 1 0 0 530192 0 15 23 23 25 2 4 2 3
0 0 0 0 1 6 1 0 10 2 2 0 5 -1 -1 -1 -1 -1 -1 530592 0 15 23 23 25 2 4 2 3
0 0 0 0 1 6 1 0 10 2 2 0 5 -1 -1 -1 -1 -1 -1 530991 0 15 23 23 25 2 4 2 3
0 0 0 0 6 1 1 0 10 2 2 0 4 -1 -1 -1 -1 -1 -1 531391 0 15 23 23 25 2 4 2 3
0 0 0 0 6 3 1 0 10 2 2 0 4 5 5 4 0 0 0 531791 0 15 23 23 25 2 8 0 3
0 0 0 0 6 1 1 0 10 2 2 0 4 -1 -1 -1 -1 -1 -1 532191 0 15 23 23 25 2 8 0 3
0 0 0 0 1 6 1 0 10 2 2 0 5 -1 -1 -1 -1 -1 -1 532591 0 15 23 23 25 2 8 0 3
0 0 0 0 1 6 1 0 10 2 2 0 5 -1 -1 -1 -1 -1 -1 532991 0 15 23 23 25 2 8 0 3
0 0 0 0 7 1 1 0 10 2 2 0 4 4 5 4 1 1 1 533391 0 15 23 23 25 2 4 2 3
0 0 0 0 6 1 1 0 10 2 2 0 4 -1 -1 -1 -1 -1 -1 533791 0 15 23 23 25 2 4 2 3
0 0 0 0 1 6 1 0 10 2 2 0 5 -1 -1 -1 -1 -1 -1 534191 0 15 23 23 25 2 4 2 3
0 0 0 0 1 6 1 0 10 2 2 0 5 -1 -1 -1 -1 -1 -1 534591 0 15 23 23 25 2 4 2 3
0 0 0 0 1 6 3 0 10 2 2 0 5 6 5 4 3 0 0 534990 0 15 23 23 25 2 6 2 3
0 0 0 0 1 6 1 0 10 2 2 0 5 -1 -1 -1 -1 -1 -1 535390 0 15 23 23 25 2 6 2 3
0 0 0 0 1 6 1 0 10 2 2 0 5 -1 -1 -1 -1 -1 -1 535790 0 15 23 23 25 2 6 2 3
0 0 0 0 1 6 1 0 10 2 2 0 5 -1 -1 -1 -1 -1 -1 536190 0 15 23 23 25 2 6 2 3
0 0 0 0 1 6 3 0 10 2 2 0 5 6 5 4 2 0 0 536590 0 15 23 23 25 2 5 2 3
0 0 0 0 1 6 1 0 10 2 2 0 5 -1 -1 -1 -1 -1 -1 536990 0 15 23 23 25 2 5 2 3
0 0 0 0 1 6 1 0 10 2 2 0 5 -1 -1 -1 -1 -1 -1 537390 0 15 23 23 25 2 5 2 3
0 0 0 0 1 6 1 0 10 2 2 0 5 -1 -1 -1 -1 -1 -1 537790 0 15 23 23 25 2 5 2 3
0 0 0 0 3 6 1 0 10 2 2 0 5 4 5 4 0 0 0 538190 0 15 23 23 25 2 6 2 3
0 0 0 0 1 6 1 0 10 2 2 0 5 -1 -1 -1 -1 -1 -1 538590 0 15 23 23 25 2 6 2 3
0 0 0 0 1 6 1 0 10 2 2 0 5 -1 -1 -1 -1 -1 -1 538990 0 15 23 23 25 2 6 2 3
0 0 0 0 1 1 6 0 10 2 2 0 6 -1 -1 -1 -1 -1 -1 539389 0 15 23 23 25 2 6 2 3
0 0 0 0 1 6 3 0 10 2 2 0 5 6 5 4 3 0 0 539789 0 15 23 23 25 2 6 2 3
0 0 0 0 1 6 1 0 10 2 2 0 5 -1 -1 -1 -1 -1 -1 540189 0 15 23 23 25 2 6 2 3
0 0 0 0 1 6 1 0 10 2 2 0 5 -1 -1 -1 -1 -1 -1 540589 0 15 23 23 25 2 6 2 3
0 0 0 0 1 6 1 0 10 2 2 0 5 -1 -1 -1 -1 -1 -1 540989 0 15 23 23 25 2 6 2 3
0 0 0 0 1 6 3 0 10 2 2 0 5 6 5 4 1 0 0 541389 0 15 23 23 25 2 4 2 3
0 0 0 0 1 6 1 0 10 2 2 0 5 -1 -1 -1 -1 -1 -1 541789 0 15 23 23 25 2 4 2 3
0 0 0 0 1 6 1 0 10 2 2 0 5 -1 -1 -1 -1 -1 -1 542189 0 15 23 23 25 2 4 2 3
0 0 0 0 6 1 1 0 10 2 2 0 4 -1 -1 -1 -1 -1 -1 542589 0 15 23 23 25 2 4 2 3
0 0 0 0 6 3 1 0 10 2 2 0 4 5 5 4 2 0 0 542989 0 15 23 23 25 2 4 2 3
0 0 0 0 1 6 1 0 10 2 2 0 5 -1 -1 -1 -1 -1 -1 543388 0 15 23 23 25 2 4 2 3
0 0 0 0 1 6 1 0 10 2 2 0 5 -1 -1 -1 -1 -1 -1 543788 0 15 23 23 25 2 4 2 3
0 0 0 0 1 6 1 0 10 2 2 0 5 -1 -1 -1 -1 -1 -1 544188 0 15 23 23 25 2 4 2 3
0 0 0 0 1 7 1 0 10 2 2 0 5 5 5 4 1 1 1 544588 0 15 23 23 25 2 8 0 3
0 0 0 0 1 6 1 0 10 2 2 0 5 -1 -1 -1 -1 -1 -1 495134 0 15 23 23 60 2 8 0 3
0 0 0 0 1 6 1 0 10 2 2 0 5 -1 -1 -1 -1 -1 -1 495300 0 15 23 23 60 2 8 0 3
0 0 0 0 1 6 1 0 10 2 2 0 5 -1 -1 -1 -1 -1 -1 495467 0 15 23 23 60 2 4 2 3
0 0 0 0 1 6 1 0 10 2 2 0 5 -1 -1 -1 -1 -1 -1 495633 0 15 23 23 53 2 4 2 3
0 0 0 0 1 6 1 0 10 2 2 0 5 -1 -1 -1 -1 -1 -1 495867 0 15 23 23 36.6666 2 4 2 3
0 0 0 0 1 6 1 0 10 2 2 0 5 -1 -1 -1 -1 -1 -1 496233 0 15 23 23 25 2 4 2 3
0 0 0 0 1 6 1 0 10 2 2 0 5 -1 -1 -1 -1 -1 -1 496633 0 15 23 23 25 2 6 2 3
0 0 0 0 1 6 1 0 10 2 2 0 5 -1 -1 -1 -1 -1 -1 497033 0 15 23 23 25 2 6 2 3
0 0 0 0 1 6 1 0 10 2 2 0 5 -1 -1 -1 -1 -1 -1 497433 0 15 23 23 25 2 6 2 3
0 0 0 0 1 1 6 0 10 2 2 0 6 -1 -1 -1 -1 -1 -1 497833 0 15 23 23 25 2 6 2 3
0 0 0 0 1 3 6 0 10 2 2 0 6 5 5 4 1 0 0 498233 0 15 23 23 25 2 5 2 3
0 0 0 0 1 6 1 0 10 2 2 0 5 -1 -1 -1 -1 -1 -1 498633 0 15 23 23 25 2 5 2 3
0 0 0 0 1 6 1 0 10 2 2 0 5 -1 -1 -1 -1 -1 -1 499033 0 15 23 23 25 2 5 2 3
0 0 0 0 1 1 6 0 10 2 2 0 6 -1 -1 -1 -1 -1 -1 499432 0 15 23 23 25 2 5 2 3
0 0 0 0 1 3 6 0 10 2 2 0 6 5 5 4 0 0 0 499832 0 15 23 23 25 2 6 2 3
0 0 0 0 1 1 6 0 10 2 2 0 6 -1 -1 -1 -1 -1 -1 500232 0 15 23 23 25 2 6 2 3
0 0 0 0 1 6 1 0 10 2 2 0 5 -1 -1 -1 -1 -1 -1 500632 0 15 23 23 25 2 6 2 3
0 0 0 0 1 6 1 0 10 2 2 0 5 -1 -1 -1 -1 -1 -1 501032 0 15 23 23 25 2 6 2 3
0 0 0 0 3 6 1 0 10 2 2 0 5 4 5 4 2 0 0 501432 0 15 23 23 25 2 6 2 3
0 0 0 0 1 6 1 0 10 2 2 0 5 -1 -1 -1 -1 -1 -1 501832 0 15 23 23 25 2 6 2 3
0 0 0 0 1 6 1 0 10 2 2 0 5 -1 -1 -1 -1 -1 -1 502232 0 15 23 23 25 2 6 2 3
0 0 0 0 1 6 1 0 10 2 2 0 5 -1 -1 -1 -1 -1 -1 502632 0 15 23 23 25 2 6 2 3
0 0 0 0 1 6 3 0 10 2 2 0 5 6 5 4 1 0 0 503032 0 15 23 23 25 2 4 2 3
0 0 0 0 1 6 1 0 10 2 2 0 5 -1 -1 -1 -1 -1 -1 503431 0 15 23 23 25 2 4 2 3
0 0 0 0 1 6 1 0 10 2 2 0 5 -1 -1 -1 -1 -1 -1 503831 0 15 23 23 25 2 4 2 3
0 0 0 0 1 1 6 0 10 2 2 0 6 -1 -1 -1 -1 -1 -1 504231 0 15 23 23 25 2 4 2 3
0 0 0 0 1 1 7 0 10 2 2 0 6 6 5 4 2 1 1 504631 0 15 23 23 25 2 4 2 3
0 0 0 0 1 6 1 0 10 2 2 0 5 -1 -1 -1 -1 -1 -1 505031 0 15 23 23 25 2 4 2 3
0 0 0 0 1 6 1 0 10 2 2 0 5 -1 -1 -1 -1 -1 -1 505431 0 15 23 23 25 2 4 2 3
0 0 0 0 1 6 1 0 10 2 2 0 5 -1 -1 -1 -1 -1 -1 505831 0 15 23 23 25 2 4 2 3
0 0 0 0 6 3 1 0 10 2 2 0 4 5 5 4 0 0 0 506231 0 15 23 23 25 2 8 0 3
0 0 0 0 6 1 1 0 10 2 2 0 4 -1 -1 -1 -1 -1 -1 506631 0 15 23 23 25 2 8 0 3
0 0 0 0 1 6 1 0 10 2 2 0 5 -1 -1 -1 -1 -1 -1 507031 0 15 23 23 25 2 8 0 3
0 0 0 0 6 1 1 0 10 2 2 0 4 -1 -1 -1 -1 -1 -1 507431 0 15 23 23 25 2 8 0 3
0 0 0 0 7 1 1 0 10 2 2 0 4 4 5 4 2 1 1 507830 0 15 23 23 25 2 4 2 3
0 0 0 0 6 1 1 0 10 2 2 0 4 -1 -1 -1 -1 -1 -1 508230 0 15 23 23 25 2 4 2 3
0 0 0 0 1 6 1 0 10 2 2 0 5 -1 -1 -1 -1 -1 -1 508630 0 15 23 23 25 2 4 2 3
0 0 0 0 1 6 1 0 10 2 2 0 5 -1 -1 -1 -1 -1 -1 509030 0 15 23 23 25 2 4 2 3
0 0 0 0 3 6 1 0 10 2 2 0 5 4 5 4 3 0 0 509430 0 15 23 23 25 2 6 2 3
0 0 0 0 1 6 1 0 10 2 2 0 5 -1 -1 -1 -1 -1 -1 509830 0 15 23 23 25 2 6 2 3
0 0 0 0 1 6 1 0 10 2 2 0 5 -1 -1 -1 -1 -1 -1 510230 0 15 23 23 25 2 6 2 3
0 0 0 0 1 1 6 0 10 2 2 0 6 -1 -1 -1 -1 -1 -1 510630 0 15 23 23 25 2 6 2 3
0 0 0 0 1 1 7 0 10 2 2 0 6 6 5 4 2 1 1 511030 0 15 23 23 25 2 5 2 3
0 0 0 0 1 1 6 0 10 2 2 0 6 -1 -1 -1 -1 -1 -1 511430 0 15 23 23 25 2 5 2 3
0 0 0 0 1 6 1 0 10 2 2 0 5 -1 -1 -1 -1 -1 -1 511829 0 15 23 23 25 2 5 2 3
0 0 0 0 1 6 1 0 10 2 2 0 5 -1 -1 -1 -1 -1 -1 512229 0 15 23 23 25 2 5 2 3
0 0 0 0 1 6 3 0 10 2 2 0 5 6 5 4 0 0 0 512629 0 15 23 23 25 2 6 2 3
0 0 0 0 1 6 1 0 10 2 2 0 5 -1 -1 -1 -1 -1 -1 513029 0 15 23 23 25 2 6 2 3
0 0 0 0 1 6 1 0 10 2 2 0 5 -1 -1 -1 -1 -1 -1 513429 0 15 23 23 25 2 6 2 3
0 0 0 0 1 6 1 0 10 2 2 0 5 -1 -1 -1 -1 -1 -1 513829 0 15 23 23 25 2 6 2 3
0 0 0 0 1 6 3 0 10 2 2 0 5 6 5 4 3 0 0 514229 0 15 23 23 25 2 6 2 3
0 0 0 0 1 6 1 0 10 2 2 0 5 -1 -1 -1 -1 -1 -1 514629 0 15 23 23 25 2 6 2 3
0 0 0 0 1 6 1 0 10 2 2 0 5 -1 -1 -1 -1 -1 -1 515029 0 15 23 23 25 2 6 2 3
0 0 0 0 6 1 1 0 10 2 2 0 4 -1 -1 -1 -1 -1 -1 515429 0 15 23 23 25 2 6 2 3
0 0 0 0 6 3 1 0 10 2 2 0 4 5 5 4 1 0 0 515828 0 15 23 23 25 2 4 2 3
0 0 0 0 6 1 1 0 10 2 2 0 4 -1 -1 -1 -1 -1 -1 516228 0 15 23 23 25 2 4 2 3
0 0 0 0 1 6 1 0 10 2 2 0 5 -1 -1 -1 -1 -1 -1 516628 0 15 23 23 25 2 4 2 3
0 0 0 0 6 1 1 0 10 2 2 0 4 -1 -1 -1 -1 -1 -1 517028 0 15 23 23 25 2 4 2 3
0 0 0 0 7 1 1 0 10 2 2 0 4 4 5 4 3 1 1 517428 0 15 23 23 25 2 4 2 3
0 0 0 0 6 1 1 0 10 2 2 0 4 -1 -1 -1 -1 -1 -1 517828 0 15 23 23 25 2 4 2 3
0 0 0 0 6 1 1 0 10 2 2 0 4 -1 -1 -1 -1 -1 -1 518228 0 15 23 23 25 2 4 2 3
0 0 0 0 6 1 1 0 10 2 2 0 4 -1 -1 -1 -1 -1 -1 518628 0 15 23 23 25 2 4 2 3
0 0 0 0 7 1 1 0 10 2 2 0 4 4 5 4 1 1 1 519028 0 15 23 23 25 2 8 0 3
0 0 0 0 6 1 1 0 10 2 2 0 4 -1 -1 -1 -1 -1 -1 519428 0 15 23 23 25 2 8 0 3
0 0 0 0 1 6 1 0 10 2 2 0 5 -1 -1 -1 -1 -1 -1 519828 0 15 23 23 25 2 8 0 3
0 0 0 0 6 1 1 0 10 2 2 0 4 -1 -1 -1 -1 -1 -1 520227 0 15 23 23 25 2 8 0 3
0 0 0 0 6 3 1 0 10 2 2 0 4 5 5 4 0 0 0 520627 0 15 23 23 25 2 4 2 3
0 0 0 0 1 6 1 0 10 2 2 0 5 -1 -1 -1 -1 -1 -1 521027 0 15 23 23 25 2 4 2 3
0 0 0 0 1 6 1 0 10 2 2 0 5 -1 -1 -1 -1 -1 -1 521427 0 15 23 23 25 2 4 2 3
0 0 0 0 1 6 1 0 10 2 2 0 5 -1 -1 -1 -1 -1 -1 521827 0 15 23 23 25 2 4 2 3
0 0 0 0 1 6 3 0 10 2 2 0 5 6 5 4 3 0 0 522227 0 15 23 23 25 2 6 2 3
0 0 0 0 1 6 1 0 10 2 2 0 5 -1 -1 -1 -1 -1 -1 522627 0 15 23 23 25 2 6 2 3
0 0 0 0 1 6 1 0 10 2 2 0 5 -1 -1 -1 -1 -1 -1 523027 0 15 23 23 25 2 6 2 3
0 0 0 0 1 6 1 0 10 2 2 0 5 -1 -1 -1 -1 -1 -1 523427 0 15 23 23 25 2 6 2 3
0 0 0 0 3 6 1 0 10 2 2 0 5 4 5 4 1 0 0 523827 0 15 23 23 25 2 5 2 3
0 0 0 0 1 6 1 0 10 2 2 0 5 -1 -1 -1 -1 -1 -1 524226 0 15 23 23 25 2 5 2 3
0 0 0 0 1 6 1 0 10 2 2 0 5 -1 -1 -1 -1 -1 -1 524626 0 15 23 23 25 2 5 2 3
0 0 0 0 1 6 1 0 10 2 2 0 5 -1 -1 -1 -1 -1 -1 525026 0 15 23 23 25 2 5 2 3
0 0 0 0 1 6 3 0 10 2 2 0 5 6 5 4 2 0 0 525426 0 15 23 23 25 2 6 2 3
0 0 0 0 1 6 1 0 10 2 2 0 5 -1 -1 -1 -1 -1 -1 525826 0 15 23 23 25 2 6 2 3
0 0 0 0 1 6 1 0 10 2 2 0 5 -1 -1 -1 -1 -1 -1 526226 0 15 23 23 25 2 6 2 3
0 0 0 0 1 6 1 0 10 2 2 0 5 -1 -1 -1 -1 -1 -1 526626 0 15 23 23 25 2 6 2 3
0 0 0 0 1 6 3 0 10 2 2 0 5 6 5 4 0 0 0 527026 0 15 23 23 25 2 6 2 3
0 0 0 0 1 6 1 0 10 2 2 0 5 -1 -1 -1 -1 -1 -1 527426 0 15 23 23 25 2 6 2 3
0 0 0 0 1 6 1 0 10 2 2 0 5 -1 -1 -1 -1 -1 -1 527826 0 15 23 23 25 2 6 2 3
0 0 0 0 1 6 1 0 10 2 2 0 5 -1 -1 -1 -1 -1 -1 528225 0 15 23 23 25 2 6 2 3
0 0 0 0 1 7 1 0 10 2 2 0 5 5 5 4 2 1 1 528625 0 15 23 23 25 2 4 2 3
0 0 0 0 1 6 1 0 10 2 2 0 5 -1 -1 -1 -1 -1 -1 529025 0 15 23 23 25 2 4 2 3
0 0 0 0 1 6 1 0 10 2 2 0 5 -1 -1 -1 -1 -1 -1 529425 0 15 23 23 25 2 4 2 3
0 0 0 0 1 6 1 0 10 2 2 0 5 -1 -1 -1 -1 -1 -1 529825 0 15 23 23 25 2 4 2 3
0 0 0 0 3 6 1 0 10 2 2 0 5 4 5 4 1 0 0 530192 0 15 23 23 25 2 4 2 3
0 0 0 0 1 6 1 0 10 2 2 0 5 -1 -1 -1 -1 -1 -1 530592 0 15 23 23 25 2 4 2 3
0 0 0 0 1 6 1 0 10 2 2 0 5 -1 -1 -1 -1 -1 -1 530991 0 15 23 23 25 2 4 2 3
0 0 0 0 6 1 1 0 10 2 2 0 4 -1 -1 -1 -1 -1 -1 531391 0 15 23 23 25 2 4 2 3
0 0 0 0 6 3 1 0 10 2 2 0 4 5 5 4 0 0 0 531791 0 15 23 23 25 2 8 0 3
0 0 0 0 6 1 1 0 10 2 2 0 4 -1 -1 -1 -1 -1 -1 532191 0 15 23 23 25 2 8 0 3
0 0 0 0 1 6 1 0 10 2 2 0 5 -1 -1 -1 -1 -1 -1 532591 0 15 23 23 25 2 8 0 3
0 0 0 0 1 6 1 0 10 2 2 0 5 -1 -1 -1 -1 -1 -1 532991 0 15 23 23 25 2 8 0 3
0 0 0 0 7 1 1 0 10 2 2 0 4 4 5 4 1 1 1 533391 0 15 23 23 25 2 4 2 3
0 0 0 0 6 1 1 0 10 2 2 0 4 -1 -1 -1 -1 -1 -1 533791 0 15 23 23 25 2 4 2 3
0 0 0 0 1 6 1 0 10 2 2 0 5 -1 -1 -1 -1 -1 -1 534191 0 15 23 23 25 2 4 2 3
0 0 0 0 1 6 1 0 10 2 2 0 5 -1 -1 -1 -1 -1 -1 534591 0 15 23 23 25 2 4 2 3
0 0 0 0 1 6 3 0 10 2 2 0 5 6 5 4 3 0 0 534990 0 15 23 23 25 2 6 2 3
0 0 0 0 1 6 1 0 10 2 2 0 5 -1 -1 -1 -1 -1 -1 535390 0 15 23 23 25 2 6 2 3
0 0 0 0 1 6 1 0 10 2 2 0 5 -1 -1 -1 -1 -1 -1 535790 0 15 23 23 25 2 6 2 3
0 0 0 0 1 6 1 0 10 2 2 0 5 -1 -1 -1 -1 -1 -1 536190 0 15 23 23 25 2 6 2 3
0 0 0 0 1 6 3 0 10 2 2 0 5 6 5 4 2 0 0 536590 0 15 23 23 25 2 5 2 3
0 0 0 0 1 6 1 0 10 2 2 0 5 -1 -1 -1 -1 -1 -1 536990 0 15 23 23 25 2 5 2 3
0 0 0 0 1 6 1 0 10 2 2 0 5 -1 -1 -1 -1 -1 -1 537390 0 15 23 23 25 2 5 2 3
0 0 0 0 1 6 1 0 10 2 2 0 5 -1 -1 -1 -1 -1 -1 537790 0 15 23 23 25 2 5 2 3
0 0 0 0 3 6 1 0 10 2 2 0 5 4 5 4 0 0 0 538190 0 15 23 23 25 2 6 2 3
0 0 0 0 1 6 1 0 10 2 2 0 5 -1 -1 -1 -1 -1 -1 538590 0 15 23 23 25 2 6 2 3
0 0 0 0 1 6 1 0 10 2 2 0 5 -1 -1 -1 -1 -1 -1 538990 0 15 23 23 25 2 6 2 3
0 0 0 0 1 1 6 0 10 2 2 0 6 -1 -1 -1 -1 -1 -1 539389 0 15 23 23 25 2 6 2 3
0 0 0 0 1 6 3 0 10 2 2 0 5 6 5 4 3 0 0 539789 0 15 23 23 25 2 6 2 3
0 0 0 0 1 6 1 0 10 2 2 0 5 -1 -1 -1 -1 -1 -1 540189 0 15 23 23 25 2 6 2 3
0 0 0 0 1 6 1 0 10 2 2 0 5 -1 -1 -1 -1 -1 -1 540589 0 15 23 23 25 2 6 2 3
0 0 0 0 1 6 1 0 10 2 2 0 5 -1 -1 -1 -1 -1 -1 540989 0 15 23 23 25 2 6 2 3
0 0 0 0 1 6 3 0 10 2 2 0 5 6 5 4 1 0 0 541389 0 15 23 23 25 2 4 2 3
0 0 0 0 1 6 1 0 10 2 2 0 5 -1 -1 -1 -1 -1 -1 541789 0 15 23 23 25 2 4 2 3
0 0 0 0 1 6 1 0 10 2 2 0 5 -1 -1 -1 -1 -1 -1 542189 0 15 23 23 25 2 4 2 3
0 0 0 0 6 1 1 0 10 2 2 0 4 -1 -1 -1 -1 -1 -1 542589 0 15 23 23 25 2 4 2 3
0 0 0 0 6 3 1 0 10 2 2 0 4 5 5 4 2 0 0 542989 0 15 23 23 25 2 4 2 3
0 0 0 0 1 6 1 0 10 2 2 0 5 -1 -1 -1 -1 -1 -1 543388 0 15 23 23 25 2 4 2 3
0 0 0 0 1 6 1 0 10 2 2 0 5 -1 -1 -1 -1 -1 -1 543788 0 15 23 23 25 2 4 2 3
0 0 0 0 1 6 1 0 10 2 2 0 5 -1 -1 -1 -1 -1 -1 544188 0 15 23 23 25 2 4 2 3
0 0 0 0 1 7 1 0 10 2 2 0 5 5 5 4 1 1 1 544588 0 15 23 23 25 2 8 0 3
